<?xml version="1.0" encoding="UTF-8"?>
<testsuites name="Canine_TestSuite" time="250.193" tests="5" failures="0" errors="0">
   <testsuite name="Canine_TestSuite" tests="5" failures="0" errors="0" time="250.193" timestamp="2020-06-05 14:06:24" hostname="radhakrishnang2 - NCI-02150368-L.nci.nih.gov" id="Test Suites/Canine_TestSuite">
      <properties>
         <property name="deviceName" value=""/>
         <property name="devicePlatform" value=""/>
         <property name="logFolder" value="C:\\Users\\radhakrishnang2\\Desktop\\Commons_Automation\\Reports\\20200605_140621\\Canine_TestSuite\\20200605_140621"/>
         <property name="logFiles" value="C:\\Users\\radhakrishnang2\\Desktop\\Commons_Automation\\Reports\\20200605_140621\\Canine_TestSuite\\20200605_140621\\execution0.log"/>
         <property name="attachments" value=""/>
         <property name="hostName" value="radhakrishnang2 - NCI-02150368-L.nci.nih.gov"/>
         <property name="os" value="Windows 10 64bit"/>
         <property name="katalonVersion" value="7.4.0.1"/>
         <property name="browser" value="Firefox 68.0"/>
         <property name="hostAddress" value="10.243.15.155"/>
         <property name="sessionId" value="8d02c400-0d80-45f5-84a3-030b12b158c1"/>
         <property name="seleniumVersion" value="3.141.59"/>
         <property name="proxyInformation" value="ProxyInformation{proxyOption=NO_PROXY, proxyServerType=HTTP, password=, proxyServerAddress=, proxyServerPort=0, executionList=}"/>
         <property name="platform" value="Windows 10"/>
      </properties>
      <testcase name="Test Cases/Canine_TestCases/Breed/TC01_Canine_Filter_Breed-Akita" time="51.711" classname="Test Cases/Canine_TestCases/Breed/TC01_Canine_Filter_Breed-Akita" status="PASSED">
         <system-out><![CDATA[2020-06-05 14:06:24 - [TEST_CASE][PASSED] - Test Cases/Canine_TestCases/Breed/TC01_Canine_Filter_Breed-Akita: Test Cases/Canine_TestCases/Breed/TC01_Canine_Filter_Breed-Akita

2020-06-05 14:06:25 - [TEST_STEP][PASSED] - closeBrowser(): Browser is closed

2020-06-05 14:06:25 - [MESSAGE][PASSED] - Browser is closed

2020-06-05 14:06:25 - [TEST_STEP][PASSED] - openBrowser(""): Browser is opened with url: ''

2020-06-05 14:06:25 - [MESSAGE][INFO] - Starting 'Firefox (headless)' driver

2020-06-05 14:06:25 - [MESSAGE][INFO] - User set preference: ['args', '[--no-sandbox]']

2020-06-05 14:06:25 - [MESSAGE][INFO] - Action delay is set to 5,000 milliseconds

2020-06-05 14:06:30 - [MESSAGE][PASSED] - Browser is opened with url: ''

2020-06-05 14:06:30 - [TEST_STEP][PASSED] - maximizeWindow(): Current window maximized

2020-06-05 14:06:30 - [MESSAGE][PASSED] - Current window maximized

2020-06-05 14:06:30 - [TEST_STEP][PASSED] - ctdc.utilities.runtestcaseforKatalon.browserDriver(""): ctdc.utilities.runtestcaseforKatalon.browserDriver is PASSED

2020-06-05 14:06:30 - [MESSAGE][PASSED] - ctdc.utilities.runtestcaseforKatalon.browserDriver is PASSED

2020-06-05 14:06:30 - [TEST_STEP][PASSED] - ctdc.utilities.runtestcaseforKatalon.RunKatalon("TC01_Canine_Filter_Breed-Akita.xlsx"): Data loaded from input file for the test case. 

2020-06-05 14:06:30 - [MESSAGE][PASSED] - Test case file loaded This is the full filepath after converting to string :C:\Users\radhakrishnang2\Desktop\Commons_Automation\InputFiles\TC01_Canine_Filter_Breed-Akita.xlsx

2020-06-05 14:06:31 - [MESSAGE][WARNING] - Test object id is null

2020-06-05 14:06:31 - [MESSAGE][INFO] - Global variable set for password file is :  C:\Users\radhakrishnang2\Desktop\Commons_Automation\InputFiles\TC01_Canine_Filter_Breed-Akita.xlsx

2020-06-05 14:06:33 - [MESSAGE][PASSED] - Data loaded from input file for the test case. 

2020-06-05 14:06:41 - [TEST_STEP][PASSED] - waitForElementPresent(findTestObject("Object Repository/Canine/Canine_Cases_Btn"), 5): Object 'Object Repository/Canine/Canine_Cases_Btn' is present

2020-06-05 14:06:41 - [MESSAGE][PASSED] - Object 'Object Repository/Canine/Canine_Cases_Btn' is present

2020-06-05 14:06:41 - [TEST_STEP][PASSED] - click(findTestObject("Object Repository/Canine/Canine_Cases_Btn")): Object: 'Object Repository/Canine/Canine_Cases_Btn' is clicked on

2020-06-05 14:06:47 - [MESSAGE][PASSED] - Object: 'Object Repository/Canine/Canine_Cases_Btn' is clicked on

2020-06-05 14:06:47 - [TEST_STEP][PASSED] - waitForElementPresent(findTestObject("Object Repository/Canine/Filter/Breed/BREED_Ddn"), 5): Object 'Object Repository/Canine/Filter/Breed/BREED_Ddn' is present

2020-06-05 14:06:49 - [MESSAGE][PASSED] - Object 'Object Repository/Canine/Filter/Breed/BREED_Ddn' is present

2020-06-05 14:06:49 - [TEST_STEP][PASSED] - click(findTestObject("Object Repository/Canine/Filter/Breed/BREED_Ddn")): Object: 'Object Repository/Canine/Filter/Breed/BREED_Ddn' is clicked on

2020-06-05 14:06:55 - [MESSAGE][PASSED] - Object: 'Object Repository/Canine/Filter/Breed/BREED_Ddn' is clicked on

2020-06-05 14:06:55 - [TEST_STEP][PASSED] - click(findTestObject("Object Repository/Canine/Filter/Breed/Akita_Chkbx")): Object: 'Object Repository/Canine/Filter/Breed/Akita_Chkbx' is clicked on

2020-06-05 14:07:00 - [MESSAGE][PASSED] - Object: 'Object Repository/Canine/Filter/Breed/Akita_Chkbx' is clicked on

2020-06-05 14:07:00 - [TEST_STEP][PASSED] - ctdc.utilities.runtestcaseforKatalon.ReadCasesTableKatalon("Object Repository/Canine/Canine_CasesTable", "Object Repository/Canine/Canine_TableHeader", "Object Repository/Canine/Canine_NextBtn"): ctdc.utilities.runtestcaseforKatalon.ReadCasesTableKatalon is PASSED

2020-06-05 14:07:02 - [MESSAGE][PASSED] - ctdc.utilities.runtestcaseforKatalon.ReadCasesTableKatalon is PASSED

2020-06-05 14:07:02 - [TEST_STEP][PASSED] - ctdc.utilities.runtestcaseforKatalon.readStatBar("Object Repository/Canine/Canine_StatBar-Files", "Object Repository/Canine/Canine_StatBar-Samples", "Object Repository/Canine/Canine_StatBar-Cases", "Object Repository/Canine/Canine_StatBar-Studies"): ctdc.utilities.runtestcaseforKatalon.readStatBar is PASSED

2020-06-05 14:07:03 - [MESSAGE][PASSED] - ctdc.utilities.runtestcaseforKatalon.readStatBar is PASSED

2020-06-05 14:07:03 - [TEST_STEP][PASSED] - ctdc.utilities.ReadExcel.Neo4j(): ctdc.utilities.ReadExcel.Neo4j is PASSED

2020-06-05 14:07:15 - [MESSAGE][PASSED] - ctdc.utilities.ReadExcel.Neo4j is PASSED

2020-06-05 14:07:15 - [TEST_STEP][PASSED] - ctdc.utilities.runtestcaseforKatalon.compareLists(): ctdc.utilities.runtestcaseforKatalon.compareLists is PASSED

2020-06-05 14:07:16 - [MESSAGE][PASSED] - ctdc.utilities.runtestcaseforKatalon.compareLists is PASSED

2020-06-05 14:07:16 - [TEST_STEP][PASSED] - ctdc.utilities.runtestcaseforKatalon.validateStatBar(): Statbar Studies count matches

2020-06-05 14:07:16 - [MESSAGE][PASSED] - Statbar Files count matches

2020-06-05 14:07:16 - [MESSAGE][PASSED] - Statbar Samples count matches

2020-06-05 14:07:16 - [MESSAGE][PASSED] - Statbar Cases count matches

2020-06-05 14:07:16 - [MESSAGE][PASSED] - Statbar Studies count matches]]></system-out>
         <system-err><![CDATA[]]></system-err>
      </testcase>
      <testcase name="Test Cases/Canine_TestCases/Breed/TC02_Canine_Filter_Breed-AmerStaffd" time="49.008" classname="Test Cases/Canine_TestCases/Breed/TC02_Canine_Filter_Breed-AmerStaffd" status="PASSED">
         <system-out><![CDATA[2020-06-05 14:07:16 - [TEST_CASE][PASSED] - Test Cases/Canine_TestCases/Breed/TC02_Canine_Filter_Breed-AmerStaffd: Test Cases/Canine_TestCases/Breed/TC02_Canine_Filter_Breed-AmerStaffd

2020-06-05 14:07:16 - [TEST_STEP][PASSED] - closeBrowser(): Browser is closed

2020-06-05 14:07:18 - [MESSAGE][PASSED] - Browser is closed

2020-06-05 14:07:18 - [TEST_STEP][PASSED] - openBrowser(""): Browser is opened with url: ''

2020-06-05 14:07:18 - [MESSAGE][INFO] - Starting 'Firefox (headless)' driver

2020-06-05 14:07:18 - [MESSAGE][INFO] - User set preference: ['args', '[--no-sandbox]']

2020-06-05 14:07:18 - [MESSAGE][INFO] - Action delay is set to 5,000 milliseconds

2020-06-05 14:07:24 - [MESSAGE][PASSED] - Browser is opened with url: ''

2020-06-05 14:07:24 - [TEST_STEP][PASSED] - maximizeWindow(): Current window maximized

2020-06-05 14:07:24 - [MESSAGE][PASSED] - Current window maximized

2020-06-05 14:07:24 - [TEST_STEP][PASSED] - ctdc.utilities.runtestcaseforKatalon.browserDriver(""): ctdc.utilities.runtestcaseforKatalon.browserDriver is PASSED

2020-06-05 14:07:24 - [MESSAGE][PASSED] - ctdc.utilities.runtestcaseforKatalon.browserDriver is PASSED

2020-06-05 14:07:24 - [TEST_STEP][PASSED] - ctdc.utilities.runtestcaseforKatalon.RunKatalon("TC02_Canine_Filter_Breed-AmerStaffd.xlsx"): Data loaded from input file for the test case. 

2020-06-05 14:07:24 - [MESSAGE][PASSED] - Test case file loaded This is the full filepath after converting to string :C:\Users\radhakrishnang2\Desktop\Commons_Automation\InputFiles\TC02_Canine_Filter_Breed-AmerStaffd.xlsx

2020-06-05 14:07:24 - [MESSAGE][INFO] - Global variable set for password file is :  C:\Users\radhakrishnang2\Desktop\Commons_Automation\InputFiles\TC02_Canine_Filter_Breed-AmerStaffd.xlsx

2020-06-05 14:07:24 - [MESSAGE][PASSED] - Data loaded from input file for the test case. 

2020-06-05 14:07:32 - [TEST_STEP][PASSED] - click(findTestObject("Object Repository/Canine/Canine_Cases_Btn")): Object: 'Object Repository/Canine/Canine_Cases_Btn' is clicked on

2020-06-05 14:07:38 - [MESSAGE][PASSED] - Object: 'Object Repository/Canine/Canine_Cases_Btn' is clicked on

2020-06-05 14:07:38 - [TEST_STEP][PASSED] - click(findTestObject("Object Repository/Canine/Filter/Breed/BREED_Ddn")): Object: 'Object Repository/Canine/Filter/Breed/BREED_Ddn' is clicked on

2020-06-05 14:07:45 - [MESSAGE][PASSED] - Object: 'Object Repository/Canine/Filter/Breed/BREED_Ddn' is clicked on

2020-06-05 14:07:45 - [TEST_STEP][PASSED] - click(findTestObject("Object Repository/Canine/Filter/Breed/AmerStaffd_Chkbx")): Object: 'Object Repository/Canine/Filter/Breed/AmerStaffd_Chkbx' is clicked on

2020-06-05 14:07:51 - [MESSAGE][PASSED] - Object: 'Object Repository/Canine/Filter/Breed/AmerStaffd_Chkbx' is clicked on

2020-06-05 14:07:51 - [TEST_STEP][PASSED] - ctdc.utilities.runtestcaseforKatalon.ReadCasesTableKatalon("Object Repository/Canine/Canine_CasesTable", "Object Repository/Canine/Canine_TableHeader", "Object Repository/Canine/Canine_NextBtn"): ctdc.utilities.runtestcaseforKatalon.ReadCasesTableKatalon is PASSED

2020-06-05 14:07:54 - [MESSAGE][PASSED] - ctdc.utilities.runtestcaseforKatalon.ReadCasesTableKatalon is PASSED

2020-06-05 14:07:54 - [TEST_STEP][PASSED] - ctdc.utilities.runtestcaseforKatalon.readStatBar("Object Repository/Canine/Canine_StatBar-Files", "Object Repository/Canine/Canine_StatBar-Samples", "Object Repository/Canine/Canine_StatBar-Cases", "Object Repository/Canine/Canine_StatBar-Studies"): ctdc.utilities.runtestcaseforKatalon.readStatBar is PASSED

2020-06-05 14:07:55 - [MESSAGE][PASSED] - ctdc.utilities.runtestcaseforKatalon.readStatBar is PASSED

2020-06-05 14:07:55 - [TEST_STEP][PASSED] - ctdc.utilities.ReadExcel.Neo4j(): ctdc.utilities.ReadExcel.Neo4j is PASSED

2020-06-05 14:08:05 - [MESSAGE][PASSED] - ctdc.utilities.ReadExcel.Neo4j is PASSED

2020-06-05 14:08:05 - [TEST_STEP][PASSED] - ctdc.utilities.runtestcaseforKatalon.compareLists(): ctdc.utilities.runtestcaseforKatalon.compareLists is PASSED

2020-06-05 14:08:05 - [MESSAGE][PASSED] - ctdc.utilities.runtestcaseforKatalon.compareLists is PASSED

2020-06-05 14:08:05 - [TEST_STEP][PASSED] - ctdc.utilities.runtestcaseforKatalon.validateStatBar(): Statbar Studies count matches

2020-06-05 14:08:05 - [MESSAGE][PASSED] - Statbar Files count matches

2020-06-05 14:08:05 - [MESSAGE][PASSED] - Statbar Samples count matches

2020-06-05 14:08:05 - [MESSAGE][PASSED] - Statbar Cases count matches

2020-06-05 14:08:05 - [MESSAGE][PASSED] - Statbar Studies count matches]]></system-out>
         <system-err><![CDATA[]]></system-err>
      </testcase>
      <testcase name="Test Cases/Canine_TestCases/Breed/TC03_Canine_Filter_Breed-AusShephd" time="47.813" classname="Test Cases/Canine_TestCases/Breed/TC03_Canine_Filter_Breed-AusShephd" status="PASSED">
         <system-out><![CDATA[2020-06-05 14:08:05 - [TEST_CASE][PASSED] - Test Cases/Canine_TestCases/Breed/TC03_Canine_Filter_Breed-AusShephd: Test Cases/Canine_TestCases/Breed/TC03_Canine_Filter_Breed-AusShephd

2020-06-05 14:08:06 - [TEST_STEP][PASSED] - closeBrowser(): Browser is closed

2020-06-05 14:08:07 - [MESSAGE][PASSED] - Browser is closed

2020-06-05 14:08:07 - [TEST_STEP][PASSED] - openBrowser(""): Browser is opened with url: ''

2020-06-05 14:08:07 - [MESSAGE][INFO] - Starting 'Firefox (headless)' driver

2020-06-05 14:08:07 - [MESSAGE][INFO] - User set preference: ['args', '[--no-sandbox]']

2020-06-05 14:08:07 - [MESSAGE][INFO] - Action delay is set to 5,000 milliseconds

2020-06-05 14:08:12 - [MESSAGE][PASSED] - Browser is opened with url: ''

2020-06-05 14:08:12 - [TEST_STEP][PASSED] - maximizeWindow(): Current window maximized

2020-06-05 14:08:12 - [MESSAGE][PASSED] - Current window maximized

2020-06-05 14:08:12 - [TEST_STEP][PASSED] - ctdc.utilities.runtestcaseforKatalon.browserDriver(""): ctdc.utilities.runtestcaseforKatalon.browserDriver is PASSED

2020-06-05 14:08:12 - [MESSAGE][PASSED] - ctdc.utilities.runtestcaseforKatalon.browserDriver is PASSED

2020-06-05 14:08:12 - [TEST_STEP][PASSED] - ctdc.utilities.runtestcaseforKatalon.RunKatalon("TC03_Canine_Filter_Breed-AusShephd.xlsx"): Data loaded from input file for the test case. 

2020-06-05 14:08:12 - [MESSAGE][PASSED] - Test case file loaded This is the full filepath after converting to string :C:\Users\radhakrishnang2\Desktop\Commons_Automation\InputFiles\TC03_Canine_Filter_Breed-AusShephd.xlsx

2020-06-05 14:08:12 - [MESSAGE][INFO] - Global variable set for password file is :  C:\Users\radhakrishnang2\Desktop\Commons_Automation\InputFiles\TC03_Canine_Filter_Breed-AusShephd.xlsx

2020-06-05 14:08:12 - [MESSAGE][PASSED] - Data loaded from input file for the test case. 

2020-06-05 14:08:21 - [TEST_STEP][PASSED] - click(findTestObject("Object Repository/Canine/Canine_Cases_Btn")): Object: 'Object Repository/Canine/Canine_Cases_Btn' is clicked on

2020-06-05 14:08:26 - [MESSAGE][PASSED] - Object: 'Object Repository/Canine/Canine_Cases_Btn' is clicked on

2020-06-05 14:08:26 - [TEST_STEP][PASSED] - click(findTestObject("Object Repository/Canine/Filter/Breed/BREED_Ddn")): Object: 'Object Repository/Canine/Filter/Breed/BREED_Ddn' is clicked on

2020-06-05 14:08:34 - [MESSAGE][PASSED] - Object: 'Object Repository/Canine/Filter/Breed/BREED_Ddn' is clicked on

2020-06-05 14:08:34 - [TEST_STEP][PASSED] - click(findTestObject("Object Repository/Canine/Filter/Breed/AusShephd_Chkbx")): Object: 'Object Repository/Canine/Filter/Breed/AusShephd_Chkbx' is clicked on

2020-06-05 14:08:40 - [MESSAGE][PASSED] - Object: 'Object Repository/Canine/Filter/Breed/AusShephd_Chkbx' is clicked on

2020-06-05 14:08:40 - [TEST_STEP][PASSED] - ctdc.utilities.runtestcaseforKatalon.ReadCasesTableKatalon("Object Repository/Canine/Canine_CasesTable", "Object Repository/Canine/Canine_TableHeader", "Object Repository/Canine/Canine_NextBtn"): ctdc.utilities.runtestcaseforKatalon.ReadCasesTableKatalon is PASSED

2020-06-05 14:08:42 - [MESSAGE][PASSED] - ctdc.utilities.runtestcaseforKatalon.ReadCasesTableKatalon is PASSED

2020-06-05 14:08:42 - [TEST_STEP][PASSED] - ctdc.utilities.runtestcaseforKatalon.readStatBar("Object Repository/Canine/Canine_StatBar-Files", "Object Repository/Canine/Canine_StatBar-Samples", "Object Repository/Canine/Canine_StatBar-Cases", "Object Repository/Canine/Canine_StatBar-Studies"): ctdc.utilities.runtestcaseforKatalon.readStatBar is PASSED

2020-06-05 14:08:42 - [MESSAGE][PASSED] - ctdc.utilities.runtestcaseforKatalon.readStatBar is PASSED

2020-06-05 14:08:42 - [TEST_STEP][PASSED] - ctdc.utilities.ReadExcel.Neo4j(): ctdc.utilities.ReadExcel.Neo4j is PASSED

2020-06-05 14:08:52 - [MESSAGE][PASSED] - ctdc.utilities.ReadExcel.Neo4j is PASSED

2020-06-05 14:08:52 - [TEST_STEP][PASSED] - ctdc.utilities.runtestcaseforKatalon.compareLists(): ctdc.utilities.runtestcaseforKatalon.compareLists is PASSED

2020-06-05 14:08:52 - [MESSAGE][PASSED] - ctdc.utilities.runtestcaseforKatalon.compareLists is PASSED

2020-06-05 14:08:52 - [TEST_STEP][PASSED] - ctdc.utilities.runtestcaseforKatalon.validateStatBar(): Statbar Studies count matches

2020-06-05 14:08:52 - [MESSAGE][PASSED] - Statbar Files count matches

2020-06-05 14:08:52 - [MESSAGE][PASSED] - Statbar Samples count matches

2020-06-05 14:08:52 - [MESSAGE][PASSED] - Statbar Cases count matches

2020-06-05 14:08:52 - [MESSAGE][PASSED] - Statbar Studies count matches]]></system-out>
         <system-err><![CDATA[]]></system-err>
      </testcase>
      <testcase name="Test Cases/Canine_TestCases/Breed/TC04_Canine_Filter_Breed-BassHnd" time="50.136" classname="Test Cases/Canine_TestCases/Breed/TC04_Canine_Filter_Breed-BassHnd" status="PASSED">
         <system-out><![CDATA[2020-06-05 14:08:53 - [TEST_CASE][PASSED] - Test Cases/Canine_TestCases/Breed/TC04_Canine_Filter_Breed-BassHnd: Test Cases/Canine_TestCases/Breed/TC04_Canine_Filter_Breed-BassHnd

2020-06-05 14:08:53 - [TEST_STEP][PASSED] - closeBrowser(): Browser is closed

2020-06-05 14:08:55 - [MESSAGE][PASSED] - Browser is closed

2020-06-05 14:08:55 - [TEST_STEP][PASSED] - openBrowser(""): Browser is opened with url: ''

2020-06-05 14:08:55 - [MESSAGE][INFO] - Starting 'Firefox (headless)' driver

2020-06-05 14:08:55 - [MESSAGE][INFO] - User set preference: ['args', '[--no-sandbox]']

2020-06-05 14:08:55 - [MESSAGE][INFO] - Action delay is set to 5,000 milliseconds

2020-06-05 14:09:01 - [MESSAGE][PASSED] - Browser is opened with url: ''

2020-06-05 14:09:01 - [TEST_STEP][PASSED] - maximizeWindow(): Current window maximized

2020-06-05 14:09:01 - [MESSAGE][PASSED] - Current window maximized

2020-06-05 14:09:01 - [TEST_STEP][PASSED] - ctdc.utilities.runtestcaseforKatalon.browserDriver(""): ctdc.utilities.runtestcaseforKatalon.browserDriver is PASSED

2020-06-05 14:09:01 - [MESSAGE][PASSED] - ctdc.utilities.runtestcaseforKatalon.browserDriver is PASSED

2020-06-05 14:09:01 - [TEST_STEP][PASSED] - ctdc.utilities.runtestcaseforKatalon.RunKatalon("TC04_Canine_Filter_Breed-BassHnd.xlsx"): Data loaded from input file for the test case. 

2020-06-05 14:09:01 - [MESSAGE][PASSED] - Test case file loaded This is the full filepath after converting to string :C:\Users\radhakrishnang2\Desktop\Commons_Automation\InputFiles\TC04_Canine_Filter_Breed-BassHnd.xlsx

2020-06-05 14:09:01 - [MESSAGE][INFO] - Global variable set for password file is :  C:\Users\radhakrishnang2\Desktop\Commons_Automation\InputFiles\TC04_Canine_Filter_Breed-BassHnd.xlsx

2020-06-05 14:09:01 - [MESSAGE][PASSED] - Data loaded from input file for the test case. 

2020-06-05 14:09:11 - [TEST_STEP][PASSED] - click(findTestObject("Object Repository/Canine/Canine_Cases_Btn")): Object: 'Object Repository/Canine/Canine_Cases_Btn' is clicked on

2020-06-05 14:09:16 - [MESSAGE][PASSED] - Object: 'Object Repository/Canine/Canine_Cases_Btn' is clicked on

2020-06-05 14:09:16 - [TEST_STEP][PASSED] - click(findTestObject("Object Repository/Canine/Filter/Breed/BREED_Ddn")): Object: 'Object Repository/Canine/Filter/Breed/BREED_Ddn' is clicked on

2020-06-05 14:09:24 - [MESSAGE][PASSED] - Object: 'Object Repository/Canine/Filter/Breed/BREED_Ddn' is clicked on

2020-06-05 14:09:24 - [TEST_STEP][PASSED] - click(findTestObject("Object Repository/Canine/Filter/Breed/BassHnd_Chkbx")): Object: 'Object Repository/Canine/Filter/Breed/BassHnd_Chkbx' is clicked on

2020-06-05 14:09:30 - [MESSAGE][PASSED] - Object: 'Object Repository/Canine/Filter/Breed/BassHnd_Chkbx' is clicked on

2020-06-05 14:09:30 - [TEST_STEP][PASSED] - ctdc.utilities.runtestcaseforKatalon.ReadCasesTableKatalon("Object Repository/Canine/Canine_CasesTable", "Object Repository/Canine/Canine_TableHeader", "Object Repository/Canine/Canine_NextBtn"): ctdc.utilities.runtestcaseforKatalon.ReadCasesTableKatalon is PASSED

2020-06-05 14:09:32 - [MESSAGE][PASSED] - ctdc.utilities.runtestcaseforKatalon.ReadCasesTableKatalon is PASSED

2020-06-05 14:09:32 - [TEST_STEP][PASSED] - ctdc.utilities.runtestcaseforKatalon.readStatBar("Object Repository/Canine/Canine_StatBar-Files", "Object Repository/Canine/Canine_StatBar-Samples", "Object Repository/Canine/Canine_StatBar-Cases", "Object Repository/Canine/Canine_StatBar-Studies"): ctdc.utilities.runtestcaseforKatalon.readStatBar is PASSED

2020-06-05 14:09:33 - [MESSAGE][PASSED] - ctdc.utilities.runtestcaseforKatalon.readStatBar is PASSED

2020-06-05 14:09:33 - [TEST_STEP][PASSED] - ctdc.utilities.ReadExcel.Neo4j(): ctdc.utilities.ReadExcel.Neo4j is PASSED

2020-06-05 14:09:43 - [MESSAGE][PASSED] - ctdc.utilities.ReadExcel.Neo4j is PASSED

2020-06-05 14:09:43 - [TEST_STEP][PASSED] - ctdc.utilities.runtestcaseforKatalon.compareLists(): ctdc.utilities.runtestcaseforKatalon.compareLists is PASSED

2020-06-05 14:09:43 - [MESSAGE][PASSED] - ctdc.utilities.runtestcaseforKatalon.compareLists is PASSED

2020-06-05 14:09:43 - [TEST_STEP][PASSED] - ctdc.utilities.runtestcaseforKatalon.validateStatBar(): Statbar Studies count matches

2020-06-05 14:09:43 - [MESSAGE][PASSED] - Statbar Files count matches

2020-06-05 14:09:43 - [MESSAGE][PASSED] - Statbar Samples count matches

2020-06-05 14:09:43 - [MESSAGE][PASSED] - Statbar Cases count matches

2020-06-05 14:09:43 - [MESSAGE][PASSED] - Statbar Studies count matches]]></system-out>
         <system-err><![CDATA[]]></system-err>
      </testcase>
      <testcase name="Test Cases/Canine_TestCases/Breed/TC05_Canine_Filter_Breed-Beagle" time="49.442" classname="Test Cases/Canine_TestCases/Breed/TC05_Canine_Filter_Breed-Beagle" status="PASSED">
         <system-out><![CDATA[2020-06-05 14:09:43 - [TEST_CASE][PASSED] - Test Cases/Canine_TestCases/Breed/TC05_Canine_Filter_Breed-Beagle: Test Cases/Canine_TestCases/Breed/TC05_Canine_Filter_Breed-Beagle

2020-06-05 14:09:43 - [TEST_STEP][PASSED] - closeBrowser(): Browser is closed

2020-06-05 14:09:45 - [MESSAGE][PASSED] - Browser is closed

2020-06-05 14:09:45 - [TEST_STEP][PASSED] - openBrowser(""): Browser is opened with url: ''

2020-06-05 14:09:45 - [MESSAGE][INFO] - Starting 'Firefox (headless)' driver

2020-06-05 14:09:45 - [MESSAGE][INFO] - User set preference: ['args', '[--no-sandbox]']

2020-06-05 14:09:45 - [MESSAGE][INFO] - Action delay is set to 5,000 milliseconds

2020-06-05 14:09:51 - [MESSAGE][PASSED] - Browser is opened with url: ''

2020-06-05 14:09:51 - [TEST_STEP][PASSED] - maximizeWindow(): Current window maximized

2020-06-05 14:09:51 - [MESSAGE][PASSED] - Current window maximized

2020-06-05 14:09:51 - [TEST_STEP][PASSED] - ctdc.utilities.runtestcaseforKatalon.browserDriver(""): ctdc.utilities.runtestcaseforKatalon.browserDriver is PASSED

2020-06-05 14:09:51 - [MESSAGE][PASSED] - ctdc.utilities.runtestcaseforKatalon.browserDriver is PASSED

2020-06-05 14:09:51 - [TEST_STEP][PASSED] - ctdc.utilities.runtestcaseforKatalon.RunKatalon("TC05_Canine_Filter_Breed-Beagle.xlsx"): Data loaded from input file for the test case. 

2020-06-05 14:09:51 - [MESSAGE][PASSED] - Test case file loaded This is the full filepath after converting to string :C:\Users\radhakrishnang2\Desktop\Commons_Automation\InputFiles\TC05_Canine_Filter_Breed-Beagle.xlsx

2020-06-05 14:09:51 - [MESSAGE][INFO] - Global variable set for password file is :  C:\Users\radhakrishnang2\Desktop\Commons_Automation\InputFiles\TC05_Canine_Filter_Breed-Beagle.xlsx

2020-06-05 14:09:51 - [MESSAGE][PASSED] - Data loaded from input file for the test case. 

2020-06-05 14:09:59 - [TEST_STEP][PASSED] - click(findTestObject("Object Repository/Canine/Canine_Cases_Btn")): Object: 'Object Repository/Canine/Canine_Cases_Btn' is clicked on

2020-06-05 14:10:05 - [MESSAGE][PASSED] - Object: 'Object Repository/Canine/Canine_Cases_Btn' is clicked on

2020-06-05 14:10:05 - [TEST_STEP][PASSED] - click(findTestObject("Object Repository/Canine/Filter/Breed/BREED_Ddn")): Object: 'Object Repository/Canine/Filter/Breed/BREED_Ddn' is clicked on

2020-06-05 14:10:13 - [MESSAGE][PASSED] - Object: 'Object Repository/Canine/Filter/Breed/BREED_Ddn' is clicked on

2020-06-05 14:10:13 - [TEST_STEP][PASSED] - click(findTestObject("Object Repository/Canine/Filter/Breed/Beagle_Chkbx")): Object: 'Object Repository/Canine/Filter/Breed/Beagle_Chkbx' is clicked on

2020-06-05 14:10:18 - [MESSAGE][PASSED] - Object: 'Object Repository/Canine/Filter/Breed/Beagle_Chkbx' is clicked on

2020-06-05 14:10:18 - [TEST_STEP][PASSED] - ctdc.utilities.runtestcaseforKatalon.ReadCasesTableKatalon("Object Repository/Canine/Canine_CasesTable", "Object Repository/Canine/Canine_TableHeader", "Object Repository/Canine/Canine_NextBtn"): ctdc.utilities.runtestcaseforKatalon.ReadCasesTableKatalon is PASSED

2020-06-05 14:10:22 - [MESSAGE][PASSED] - ctdc.utilities.runtestcaseforKatalon.ReadCasesTableKatalon is PASSED

2020-06-05 14:10:22 - [TEST_STEP][PASSED] - ctdc.utilities.runtestcaseforKatalon.readStatBar("Object Repository/Canine/Canine_StatBar-Files", "Object Repository/Canine/Canine_StatBar-Samples", "Object Repository/Canine/Canine_StatBar-Cases", "Object Repository/Canine/Canine_StatBar-Studies"): ctdc.utilities.runtestcaseforKatalon.readStatBar is PASSED

2020-06-05 14:10:22 - [MESSAGE][PASSED] - ctdc.utilities.runtestcaseforKatalon.readStatBar is PASSED

2020-06-05 14:10:22 - [TEST_STEP][PASSED] - ctdc.utilities.ReadExcel.Neo4j(): ctdc.utilities.ReadExcel.Neo4j is PASSED

2020-06-05 14:10:32 - [MESSAGE][PASSED] - ctdc.utilities.ReadExcel.Neo4j is PASSED

2020-06-05 14:10:32 - [TEST_STEP][PASSED] - ctdc.utilities.runtestcaseforKatalon.compareLists(): ctdc.utilities.runtestcaseforKatalon.compareLists is PASSED

2020-06-05 14:10:32 - [MESSAGE][PASSED] - ctdc.utilities.runtestcaseforKatalon.compareLists is PASSED

2020-06-05 14:10:32 - [TEST_STEP][PASSED] - ctdc.utilities.runtestcaseforKatalon.validateStatBar(): Statbar Studies count matches

2020-06-05 14:10:32 - [MESSAGE][PASSED] - Statbar Files count matches

2020-06-05 14:10:32 - [MESSAGE][PASSED] - Statbar Samples count matches

2020-06-05 14:10:32 - [MESSAGE][PASSED] - Statbar Cases count matches

2020-06-05 14:10:32 - [MESSAGE][PASSED] - Statbar Studies count matches]]></system-out>
         <system-err><![CDATA[]]></system-err>
      </testcase>
      <system-out><![CDATA[2020-06-05 14:06:24 - [TEST_SUITE][PASSED] - Canine_TestSuite: Test Cases/Canine_TestCases/Breed/TC05_Canine_Filter_Breed-Beagle]]></system-out>
      <system-err><![CDATA[]]></system-err>
   </testsuite>
</testsuites>
