<?xml version="1.0" encoding="UTF-8"?>
<testsuites name="ICDC_Regression1" time="2836.223" tests="37" failures="2" errors="29">
   <testsuite name="ICDC_Regression1" tests="37" failures="2" errors="29" time="2836.223" skipped="0" timestamp="2021-07-14 17:09:05" hostname="lollal - NCI-02158064-L.nci.nih.gov" id="Test Suites/ICDC_Regression1">
      <properties>
         <property name="deviceName" value=""/>
         <property name="devicePlatform" value=""/>
         <property name="logFolder" value="C:\\Automation_master\\Reports\\20210714_170855\\ICDC_Regression1\\20210714_170855"/>
         <property name="logFiles" value="C:\\Automation_master\\Reports\\20210714_170855\\ICDC_Regression1\\20210714_170855\\execution0.log"/>
         <property name="attachments" value=""/>
         <property name="hostName" value="lollal - NCI-02158064-L.nci.nih.gov"/>
         <property name="os" value="Windows 10 64bit"/>
         <property name="katalonVersion" value="8.0.5.208"/>
         <property name="browser" value="Chrome 91.0.4472.124"/>
         <property name="hostAddress" value="10.242.15.121"/>
         <property name="sessionId" value="81b1147af63a1387f5519a984967f9c7"/>
         <property name="seleniumVersion" value="3.141.59"/>
         <property name="proxyInformation" value="ProxyInformation { proxyOption=NO_PROXY, proxyServerType=HTTP, username=, password=********, proxyServerAddress=, proxyServerPort=0, executionList=&quot;&quot;, isApplyToDesiredCapabilities=true }"/>
         <property name="platform" value="Windows 10"/>
      </properties>
      <testcase name="Test Cases/Canine_TestCases/Study/TC04_Canine_Filter_Study-UBC01" time="55.113" classname="Test Cases/Canine_TestCases/Study/TC04_Canine_Filter_Study-UBC01" status="ERROR">
         <error type="ERROR" message="Test Cases/Canine_TestCases/Study/TC04_Canine_Filter_Study-UBC01 FAILED.
Reason:
groovy.lang.MissingPropertyException: No such property: G_WebTabnameCasesCases for class: internal.GlobalVariable
	at TC04_Canine_Filter_Study-UBC01.run(TC04_Canine_Filter_Study-UBC01:66)
	at com.kms.katalon.core.main.ScriptEngine.run(ScriptEngine.java:194)
	at com.kms.katalon.core.main.ScriptEngine.runScriptAsRawText(ScriptEngine.java:119)
	at com.kms.katalon.core.main.TestCaseExecutor.runScript(TestCaseExecutor.java:369)
	at com.kms.katalon.core.main.TestCaseExecutor.doExecute(TestCaseExecutor.java:360)
	at com.kms.katalon.core.main.TestCaseExecutor.processExecutionPhase(TestCaseExecutor.java:339)
	at com.kms.katalon.core.main.TestCaseExecutor.accessMainPhase(TestCaseExecutor.java:331)
	at com.kms.katalon.core.main.TestCaseExecutor.execute(TestCaseExecutor.java:248)
	at com.kms.katalon.core.main.TestSuiteExecutor.accessTestCaseMainPhase(TestSuiteExecutor.java:191)
	at com.kms.katalon.core.main.TestSuiteExecutor.accessTestSuiteMainPhase(TestSuiteExecutor.java:140)
	at com.kms.katalon.core.main.TestSuiteExecutor.execute(TestSuiteExecutor.java:89)
	at com.kms.katalon.core.main.TestCaseMain.startTestSuite(TestCaseMain.java:185)
	at com.kms.katalon.core.main.TestCaseMain$startTestSuite$0.call(Unknown Source)
	at TempTestSuite1626296935818.run(TempTestSuite1626296935818.groovy:39)
"/>
         <system-out><![CDATA[2021-07-14 17:09:08 - [TEST_CASE][ERROR] - Test Cases/Canine_TestCases/Study/TC04_Canine_Filter_Study-UBC01: Test Cases/Canine_TestCases/Study/TC04_Canine_Filter_Study-UBC01 FAILED.
Reason:
groovy.lang.MissingPropertyException: No such property: G_WebTabnameCasesCases for class: internal.GlobalVariable
	at TC04_Canine_Filter_Study-UBC01.run(TC04_Canine_Filter_Study-UBC01:66)
	at com.kms.katalon.core.main.ScriptEngine.run(ScriptEngine.java:194)
	at com.kms.katalon.core.main.ScriptEngine.runScriptAsRawText(ScriptEngine.java:119)
	at com.kms.katalon.core.main.TestCaseExecutor.runScript(TestCaseExecutor.java:369)
	at com.kms.katalon.core.main.TestCaseExecutor.doExecute(TestCaseExecutor.java:360)
	at com.kms.katalon.core.main.TestCaseExecutor.processExecutionPhase(TestCaseExecutor.java:339)
	at com.kms.katalon.core.main.TestCaseExecutor.accessMainPhase(TestCaseExecutor.java:331)
	at com.kms.katalon.core.main.TestCaseExecutor.execute(TestCaseExecutor.java:248)
	at com.kms.katalon.core.main.TestSuiteExecutor.accessTestCaseMainPhase(TestSuiteExecutor.java:191)
	at com.kms.katalon.core.main.TestSuiteExecutor.accessTestSuiteMainPhase(TestSuiteExecutor.java:140)
	at com.kms.katalon.core.main.TestSuiteExecutor.execute(TestSuiteExecutor.java:89)
	at com.kms.katalon.core.main.TestCaseMain.startTestSuite(TestCaseMain.java:185)
	at com.kms.katalon.core.main.TestCaseMain$startTestSuite$0.call(Unknown Source)
	at TempTestSuite1626296935818.run(TempTestSuite1626296935818.groovy:39)


2021-07-14 17:09:08 - [TEST_STEP][PASSED] - Start listener action : getTestScriptName: null

2021-07-14 17:09:09 - [TEST_STEP][PASSED] - TestCaseId = testCaseContext.getTestCaseId(): null

2021-07-14 17:09:09 - [TEST_STEP][PASSED] - out.println("**********this is the value of test case id string******** " + testCaseContext.getTestCaseId()): null

2021-07-14 17:09:09 - [TEST_STEP][PASSED] - G_currentTCName = TestCaseId.substring(TestCaseId.lastIndexOf("TC")): null

2021-07-14 17:09:09 - [TEST_STEP][PASSED] - out.println("This is the test case name : " + G_currentTCName): null

2021-07-14 17:09:10 - [TEST_STEP][PASSED] - openBrowser(""): Browser is opened with url: ''

2021-07-14 17:09:10 - [MESSAGE][INFO] - Starting 'Chrome (headless)' driver

2021-07-14 17:09:10 - [MESSAGE][INFO] - User set preference: ['args', '[--no-sandbox]']

2021-07-14 17:09:10 - [MESSAGE][INFO] - Action delay is set to 0 milliseconds

2021-07-14 17:09:15 - [MESSAGE][PASSED] - Browser is opened with url: ''

2021-07-14 17:09:15 - [TEST_STEP][PASSED] - maximizeWindow(): Current window maximized

2021-07-14 17:09:15 - [MESSAGE][PASSED] - Current window maximized

2021-07-14 17:09:15 - [TEST_STEP][PASSED] - "Driver opened by Katalon is used in Selenium from this step.": null

2021-07-14 17:09:15 - [TEST_STEP][PASSED] - ctdc.utilities.runtestcaseforKatalon.RunKatalon("TC04_Canine_Filter_Study-UBC01.xlsx"): Data loaded from input file for the test case. 

2021-07-14 17:09:15 - [MESSAGE][PASSED] - Test case file loaded This is the full filepath after converting to string :C:\Automation_master\InputFiles\TC04_Canine_Filter_Study-UBC01.xlsx

2021-07-14 17:09:15 - [MESSAGE][INFO] - Global variable set for password file is :  C:\Automation_master\InputFiles\TC04_Canine_Filter_Study-UBC01.xlsx

2021-07-14 17:09:21 - [MESSAGE][PASSED] - Data loaded from input file for the test case. 

2021-07-14 17:09:40 - [TEST_STEP][PASSED] - waitForElementPresent(findTestObject("Canine/NavBar/Canine_Cases_Btn"), 5): Object 'Object Repository/Canine/NavBar/Canine_Cases_Btn' is present

2021-07-14 17:09:40 - [MESSAGE][PASSED] - Object 'Object Repository/Canine/NavBar/Canine_Cases_Btn' is present

2021-07-14 17:09:40 - [TEST_STEP][PASSED] - ctdc.utilities.runtestcaseforKatalon.clickTab("Canine/NavBar/Canine_Cases_Btn"): ctdc.utilities.runtestcaseforKatalon.clickTab is PASSED

2021-07-14 17:09:41 - [MESSAGE][PASSED] - ctdc.utilities.runtestcaseforKatalon.clickTab is PASSED

2021-07-14 17:09:41 - [TEST_STEP][PASSED] - waitForElementPresent(findTestObject("Object Repository/Canine/Filter/FilterByCases_Facet"), 5): Object 'Object Repository/Canine/Filter/FilterByCases_Facet' is present

2021-07-14 17:09:42 - [MESSAGE][PASSED] - Object 'Object Repository/Canine/Filter/FilterByCases_Facet' is present

2021-07-14 17:09:43 - [TEST_STEP][PASSED] - ctdc.utilities.runtestcaseforKatalon.clickTab("Object Repository/Canine/Filter/FilterByCases_Facet"): ctdc.utilities.runtestcaseforKatalon.clickTab is PASSED

2021-07-14 17:09:43 - [MESSAGE][PASSED] - ctdc.utilities.runtestcaseforKatalon.clickTab is PASSED

2021-07-14 17:09:43 - [TEST_STEP][PASSED] - waitForElementPresent(findTestObject("Object Repository/Canine/Filter/Study/Canine_Filter_Study"), 5): Object 'Object Repository/Canine/Filter/Study/Canine_Filter_Study' is present

2021-07-14 17:09:44 - [MESSAGE][PASSED] - Object 'Object Repository/Canine/Filter/Study/Canine_Filter_Study' is present

2021-07-14 17:09:44 - [TEST_STEP][PASSED] - ctdc.utilities.runtestcaseforKatalon.clickTab("Object Repository/Canine/Filter/Study/Canine_Filter_Study"): ctdc.utilities.runtestcaseforKatalon.clickTab is PASSED

2021-07-14 17:09:44 - [MESSAGE][PASSED] - ctdc.utilities.runtestcaseforKatalon.clickTab is PASSED

2021-07-14 17:09:44 - [TEST_STEP][PASSED] - ctdc.utilities.runtestcaseforKatalon.clickTab("Object Repository/Canine/Filter/Study/Canine_Filter_Study-UBC_Chkbx"): ctdc.utilities.runtestcaseforKatalon.clickTab is PASSED

2021-07-14 17:09:45 - [MESSAGE][PASSED] - ctdc.utilities.runtestcaseforKatalon.clickTab is PASSED

2021-07-14 17:09:45 - [TEST_STEP][PASSED] - ctdc.utilities.runtestcaseforKatalon.readStatBarCanine("Object Repository/Canine/StatBar/Canine_StatBar-Studies", "Object Repository/Canine/StatBar/Canine_StatBar-Cases", "Object Repository/Canine/StatBar/Canine_StatBar-Samples", "Object Repository/Canine/StatBar/Canine_StatBar-Files", "Object Repository/Canine/StatBar/Canine_StatBar-Aliquots"): ctdc.utilities.runtestcaseforKatalon.readStatBarCanine is PASSED

2021-07-14 17:10:01 - [MESSAGE][PASSED] - ctdc.utilities.runtestcaseforKatalon.readStatBarCanine is PASSED

2021-07-14 17:10:01 - [TEST_STEP][PASSED] - waitForElementPresent(findTestObject("Object Repository/Canine/CanineResults_Cases_Tab"), 5): Object 'Object Repository/Canine/CanineResults_Cases_Tab' is present

2021-07-14 17:10:01 - [MESSAGE][PASSED] - Object 'Object Repository/Canine/CanineResults_Cases_Tab' is present

2021-07-14 17:10:01 - [TEST_STEP][PASSED] - ctdc.utilities.runtestcaseforKatalon.clickTab("Object Repository/Canine/CanineResults_Cases_Tab"): ctdc.utilities.runtestcaseforKatalon.clickTab is PASSED

2021-07-14 17:10:02 - [MESSAGE][PASSED] - ctdc.utilities.runtestcaseforKatalon.clickTab is PASSED

2021-07-14 17:10:02 - [TEST_STEP][PASSED] - ctdc.utilities.runtestcaseforKatalon.multiFunction("ICDC", G_StatBar_Cases, "Object Repository/Canine/Canine_CasesTable", "Object Repository/Canine/Canine_TableHeader", "Object Repository/Canine/Canine_CasesTabNextBtn", G_WebTabnameCasesCases, G_CypherTabnameCasesCases, G_QueryCasesTab): null]]></system-out>
         <system-err><![CDATA[2021-07-14 17:09:08 - [TEST_CASE][ERROR] - Test Cases/Canine_TestCases/Study/TC04_Canine_Filter_Study-UBC01: Test Cases/Canine_TestCases/Study/TC04_Canine_Filter_Study-UBC01 FAILED.
Reason:
groovy.lang.MissingPropertyException: No such property: G_WebTabnameCasesCases for class: internal.GlobalVariable
	at TC04_Canine_Filter_Study-UBC01.run(TC04_Canine_Filter_Study-UBC01:66)
	at com.kms.katalon.core.main.ScriptEngine.run(ScriptEngine.java:194)
	at com.kms.katalon.core.main.ScriptEngine.runScriptAsRawText(ScriptEngine.java:119)
	at com.kms.katalon.core.main.TestCaseExecutor.runScript(TestCaseExecutor.java:369)
	at com.kms.katalon.core.main.TestCaseExecutor.doExecute(TestCaseExecutor.java:360)
	at com.kms.katalon.core.main.TestCaseExecutor.processExecutionPhase(TestCaseExecutor.java:339)
	at com.kms.katalon.core.main.TestCaseExecutor.accessMainPhase(TestCaseExecutor.java:331)
	at com.kms.katalon.core.main.TestCaseExecutor.execute(TestCaseExecutor.java:248)
	at com.kms.katalon.core.main.TestSuiteExecutor.accessTestCaseMainPhase(TestSuiteExecutor.java:191)
	at com.kms.katalon.core.main.TestSuiteExecutor.accessTestSuiteMainPhase(TestSuiteExecutor.java:140)
	at com.kms.katalon.core.main.TestSuiteExecutor.execute(TestSuiteExecutor.java:89)
	at com.kms.katalon.core.main.TestCaseMain.startTestSuite(TestCaseMain.java:185)
	at com.kms.katalon.core.main.TestCaseMain$startTestSuite$0.call(Unknown Source)
	at TempTestSuite1626296935818.run(TempTestSuite1626296935818.groovy:39)]]></system-err>
      </testcase>
      <testcase name="Test Cases/Canine_TestCases/StudyCombinations/Study-Combinations-UBC01/TC01_Canine_StudyUBC-Breed_Diagnosis_PrimDiseaseSite" time="81.401" classname="Test Cases/Canine_TestCases/StudyCombinations/Study-Combinations-UBC01/TC01_Canine_StudyUBC-Breed_Diagnosis_PrimDiseaseSite" status="PASSED">
         <system-out><![CDATA[2021-07-14 17:10:04 - [TEST_CASE][PASSED] - Test Cases/Canine_TestCases/StudyCombinations/Study-Combinations-UBC01/TC01_Canine_StudyUBC-Breed_Diagnosis_PrimDiseaseSite: Test Cases/Canine_TestCases/StudyCombinations/Study-Combinations-UBC01/TC01_Canine_StudyUBC-Breed_Diagnosis_PrimDiseaseSite

2021-07-14 17:10:04 - [TEST_STEP][PASSED] - Start listener action : getTestScriptName: null

2021-07-14 17:10:04 - [TEST_STEP][PASSED] - TestCaseId = testCaseContext.getTestCaseId(): null

2021-07-14 17:10:04 - [TEST_STEP][PASSED] - out.println("**********this is the value of test case id string******** " + testCaseContext.getTestCaseId()): null

2021-07-14 17:10:04 - [TEST_STEP][PASSED] - G_currentTCName = TestCaseId.substring(TestCaseId.lastIndexOf("TC")): null

2021-07-14 17:10:04 - [TEST_STEP][PASSED] - out.println("This is the test case name : " + G_currentTCName): null

2021-07-14 17:10:05 - [TEST_STEP][PASSED] - closeBrowser(): Browser is closed

2021-07-14 17:10:06 - [MESSAGE][PASSED] - Browser is closed

2021-07-14 17:10:06 - [TEST_STEP][PASSED] - "Driver opened by Katalon is used in Selenium from this step.": null

2021-07-14 17:10:06 - [TEST_STEP][PASSED] - ctdc.utilities.runtestcaseforKatalon.RunKatalon("TC01_Canine_StudyUBC-Breed_Diagnosis_PrimDiseaseSite.xlsx"): Data loaded from input file for the test case. 

2021-07-14 17:10:06 - [MESSAGE][PASSED] - Test case file loaded This is the full filepath after converting to string :C:\Automation_master\InputFiles\TC01_Canine_StudyUBC-Breed_Diagnosis_PrimDiseaseSite.xlsx

2021-07-14 17:10:06 - [MESSAGE][INFO] - Global variable set for password file is :  C:\Automation_master\InputFiles\TC01_Canine_StudyUBC-Breed_Diagnosis_PrimDiseaseSite.xlsx

2021-07-14 17:10:10 - [MESSAGE][PASSED] - Data loaded from input file for the test case. 

2021-07-14 17:10:18 - [TEST_STEP][PASSED] - waitForElementPresent(findTestObject("Canine/NavBar/Canine_Cases_Btn"), 20): Object 'Object Repository/Canine/NavBar/Canine_Cases_Btn' is present

2021-07-14 17:10:18 - [MESSAGE][PASSED] - Object 'Object Repository/Canine/NavBar/Canine_Cases_Btn' is present

2021-07-14 17:10:18 - [TEST_STEP][PASSED] - verifyElementPresent(findTestObject("Canine/NavBar/Canine_Cases_Btn"), 5): Object 'Object Repository/Canine/NavBar/Canine_Cases_Btn' is present

2021-07-14 17:10:18 - [MESSAGE][PASSED] - Object 'Object Repository/Canine/NavBar/Canine_Cases_Btn' is present

2021-07-14 17:10:18 - [TEST_STEP][PASSED] - ctdc.utilities.runtestcaseforKatalon.clickTab("Canine/NavBar/Canine_Cases_Btn"): ctdc.utilities.runtestcaseforKatalon.clickTab is PASSED

2021-07-14 17:10:18 - [MESSAGE][PASSED] - ctdc.utilities.runtestcaseforKatalon.clickTab is PASSED

2021-07-14 17:10:18 - [TEST_STEP][PASSED] - waitForElementPresent(findTestObject("Object Repository/Canine/Filter/FilterByCases_Facet"), 20): Object 'Object Repository/Canine/Filter/FilterByCases_Facet' is present

2021-07-14 17:10:20 - [MESSAGE][PASSED] - Object 'Object Repository/Canine/Filter/FilterByCases_Facet' is present

2021-07-14 17:10:20 - [TEST_STEP][PASSED] - verifyElementPresent(findTestObject("Object Repository/Canine/Filter/FilterByCases_Facet"), 5): Object 'Object Repository/Canine/Filter/FilterByCases_Facet' is present

2021-07-14 17:10:21 - [MESSAGE][PASSED] - Object 'Object Repository/Canine/Filter/FilterByCases_Facet' is present

2021-07-14 17:10:21 - [TEST_STEP][PASSED] - ctdc.utilities.runtestcaseforKatalon.clickTab("Object Repository/Canine/Filter/FilterByCases_Facet"): ctdc.utilities.runtestcaseforKatalon.clickTab is PASSED

2021-07-14 17:10:21 - [MESSAGE][PASSED] - ctdc.utilities.runtestcaseforKatalon.clickTab is PASSED

2021-07-14 17:10:21 - [TEST_STEP][PASSED] - waitForElementPresent(findTestObject("Object Repository/Canine/Filter/Study/Canine_Filter_Study"), 30): Object 'Object Repository/Canine/Filter/Study/Canine_Filter_Study' is present

2021-07-14 17:10:21 - [MESSAGE][PASSED] - Object 'Object Repository/Canine/Filter/Study/Canine_Filter_Study' is present

2021-07-14 17:10:21 - [TEST_STEP][PASSED] - verifyElementPresent(findTestObject("Object Repository/Canine/Filter/Study/Canine_Filter_Study"), 5): Object 'Object Repository/Canine/Filter/Study/Canine_Filter_Study' is present

2021-07-14 17:10:22 - [MESSAGE][PASSED] - Object 'Object Repository/Canine/Filter/Study/Canine_Filter_Study' is present

2021-07-14 17:10:22 - [TEST_STEP][PASSED] - ctdc.utilities.runtestcaseforKatalon.clickTab("Object Repository/Canine/Filter/Study/Canine_Filter_Study"): ctdc.utilities.runtestcaseforKatalon.clickTab is PASSED

2021-07-14 17:10:22 - [MESSAGE][PASSED] - ctdc.utilities.runtestcaseforKatalon.clickTab is PASSED

2021-07-14 17:10:22 - [TEST_STEP][PASSED] - waitForElementPresent(findTestObject("Object Repository/Canine/Filter/Study/Canine_Filter_Study-UBC_Chkbx"), 30): Object 'Object Repository/Canine/Filter/Study/Canine_Filter_Study-UBC_Chkbx' is present

2021-07-14 17:10:22 - [MESSAGE][PASSED] - Object 'Object Repository/Canine/Filter/Study/Canine_Filter_Study-UBC_Chkbx' is present

2021-07-14 17:10:22 - [TEST_STEP][PASSED] - verifyElementPresent(findTestObject("Object Repository/Canine/Filter/Study/Canine_Filter_Study-UBC_Chkbx"), 5): Object 'Object Repository/Canine/Filter/Study/Canine_Filter_Study-UBC_Chkbx' is present

2021-07-14 17:10:22 - [MESSAGE][PASSED] - Object 'Object Repository/Canine/Filter/Study/Canine_Filter_Study-UBC_Chkbx' is present

2021-07-14 17:10:22 - [TEST_STEP][PASSED] - ctdc.utilities.runtestcaseforKatalon.clickTab("Object Repository/Canine/Filter/Study/Canine_Filter_Study-UBC_Chkbx"): ctdc.utilities.runtestcaseforKatalon.clickTab is PASSED

2021-07-14 17:10:23 - [MESSAGE][PASSED] - ctdc.utilities.runtestcaseforKatalon.clickTab is PASSED

2021-07-14 17:10:23 - [TEST_STEP][PASSED] - Thread.sleep(2000): null

2021-07-14 17:10:25 - [TEST_STEP][PASSED] - waitForElementPresent(findTestObject("Object Repository/Canine/Filter/Breed/BREED_Ddn"), 30): Object 'Object Repository/Canine/Filter/Breed/BREED_Ddn' is present

2021-07-14 17:10:25 - [MESSAGE][PASSED] - Object 'Object Repository/Canine/Filter/Breed/BREED_Ddn' is present

2021-07-14 17:10:25 - [TEST_STEP][PASSED] - verifyElementPresent(findTestObject("Object Repository/Canine/Filter/Breed/BREED_Ddn"), 5): Object 'Object Repository/Canine/Filter/Breed/BREED_Ddn' is present

2021-07-14 17:10:25 - [MESSAGE][PASSED] - Object 'Object Repository/Canine/Filter/Breed/BREED_Ddn' is present

2021-07-14 17:10:25 - [TEST_STEP][PASSED] - ctdc.utilities.runtestcaseforKatalon.clickTab("Object Repository/Canine/Filter/Breed/BREED_Ddn"): ctdc.utilities.runtestcaseforKatalon.clickTab is PASSED

2021-07-14 17:10:25 - [MESSAGE][PASSED] - ctdc.utilities.runtestcaseforKatalon.clickTab is PASSED

2021-07-14 17:10:25 - [TEST_STEP][PASSED] - waitForElementPresent(findTestObject("Object Repository/Canine/Filter/Breed/Beagle_Chkbx"), 30): Object 'Object Repository/Canine/Filter/Breed/Beagle_Chkbx' is present

2021-07-14 17:10:25 - [MESSAGE][PASSED] - Object 'Object Repository/Canine/Filter/Breed/Beagle_Chkbx' is present

2021-07-14 17:10:25 - [TEST_STEP][PASSED] - verifyElementPresent(findTestObject("Object Repository/Canine/Filter/Breed/Beagle_Chkbx"), 5): Object 'Object Repository/Canine/Filter/Breed/Beagle_Chkbx' is present

2021-07-14 17:10:26 - [MESSAGE][PASSED] - Object 'Object Repository/Canine/Filter/Breed/Beagle_Chkbx' is present

2021-07-14 17:10:26 - [TEST_STEP][PASSED] - ctdc.utilities.runtestcaseforKatalon.clickTab("Object Repository/Canine/Filter/Breed/Beagle_Chkbx"): ctdc.utilities.runtestcaseforKatalon.clickTab is PASSED

2021-07-14 17:10:26 - [MESSAGE][PASSED] - ctdc.utilities.runtestcaseforKatalon.clickTab is PASSED

2021-07-14 17:10:26 - [TEST_STEP][PASSED] - waitForElementPresent(findTestObject("Object Repository/Canine/Filter/Breed/Mixed_Chkbx"), 30): Object 'Object Repository/Canine/Filter/Breed/Mixed_Chkbx' is present

2021-07-14 17:10:27 - [MESSAGE][PASSED] - Object 'Object Repository/Canine/Filter/Breed/Mixed_Chkbx' is present

2021-07-14 17:10:27 - [TEST_STEP][PASSED] - verifyElementPresent(findTestObject("Object Repository/Canine/Filter/Breed/Mixed_Chkbx"), 5): Object 'Object Repository/Canine/Filter/Breed/Mixed_Chkbx' is present

2021-07-14 17:10:27 - [MESSAGE][PASSED] - Object 'Object Repository/Canine/Filter/Breed/Mixed_Chkbx' is present

2021-07-14 17:10:27 - [TEST_STEP][PASSED] - ctdc.utilities.runtestcaseforKatalon.clickTab("Object Repository/Canine/Filter/Breed/Mixed_Chkbx"): ctdc.utilities.runtestcaseforKatalon.clickTab is PASSED

2021-07-14 17:10:27 - [MESSAGE][PASSED] - ctdc.utilities.runtestcaseforKatalon.clickTab is PASSED

2021-07-14 17:10:27 - [TEST_STEP][PASSED] - ctdc.utilities.runtestcaseforKatalon.clickTab("Object Repository/Canine/Filter/Breed/BREED_Ddn"): ctdc.utilities.runtestcaseforKatalon.clickTab is PASSED

2021-07-14 17:10:28 - [MESSAGE][PASSED] - ctdc.utilities.runtestcaseforKatalon.clickTab is PASSED

2021-07-14 17:10:28 - [TEST_STEP][PASSED] - Thread.sleep(2000): null

2021-07-14 17:10:30 - [TEST_STEP][PASSED] - waitForElementPresent(findTestObject("Object Repository/Canine/Filter/Diagnosis/DIAGNOSIS_Ddn"), 30): Object 'Object Repository/Canine/Filter/Diagnosis/DIAGNOSIS_Ddn' is present

2021-07-14 17:10:30 - [MESSAGE][PASSED] - Object 'Object Repository/Canine/Filter/Diagnosis/DIAGNOSIS_Ddn' is present

2021-07-14 17:10:30 - [TEST_STEP][PASSED] - verifyElementPresent(findTestObject("Object Repository/Canine/Filter/Diagnosis/DIAGNOSIS_Ddn"), 5): Object 'Object Repository/Canine/Filter/Diagnosis/DIAGNOSIS_Ddn' is present

2021-07-14 17:10:30 - [MESSAGE][PASSED] - Object 'Object Repository/Canine/Filter/Diagnosis/DIAGNOSIS_Ddn' is present

2021-07-14 17:10:30 - [TEST_STEP][PASSED] - ctdc.utilities.runtestcaseforKatalon.clickTab("Object Repository/Canine/Filter/Diagnosis/DIAGNOSIS_Ddn"): ctdc.utilities.runtestcaseforKatalon.clickTab is PASSED

2021-07-14 17:10:30 - [MESSAGE][PASSED] - ctdc.utilities.runtestcaseforKatalon.clickTab is PASSED

2021-07-14 17:10:30 - [TEST_STEP][PASSED] - waitForElementPresent(findTestObject("Object Repository/Canine/Filter/Diagnosis/BladderCancer_Chkbx"), 30): Object 'Object Repository/Canine/Filter/Diagnosis/BladderCancer_Chkbx' is present

2021-07-14 17:10:31 - [MESSAGE][PASSED] - Object 'Object Repository/Canine/Filter/Diagnosis/BladderCancer_Chkbx' is present

2021-07-14 17:10:31 - [TEST_STEP][PASSED] - verifyElementPresent(findTestObject("Object Repository/Canine/Filter/Diagnosis/BladderCancer_Chkbx"), 5): Object 'Object Repository/Canine/Filter/Diagnosis/BladderCancer_Chkbx' is present

2021-07-14 17:10:31 - [MESSAGE][PASSED] - Object 'Object Repository/Canine/Filter/Diagnosis/BladderCancer_Chkbx' is present

2021-07-14 17:10:31 - [TEST_STEP][PASSED] - ctdc.utilities.runtestcaseforKatalon.clickTab("Object Repository/Canine/Filter/Diagnosis/BladderCancer_Chkbx"): ctdc.utilities.runtestcaseforKatalon.clickTab is PASSED

2021-07-14 17:10:31 - [MESSAGE][PASSED] - ctdc.utilities.runtestcaseforKatalon.clickTab is PASSED

2021-07-14 17:10:31 - [TEST_STEP][PASSED] - delay(3): Delayed 3 second(s)

2021-07-14 17:10:34 - [MESSAGE][PASSED] - Delayed 3 second(s)

2021-07-14 17:10:34 - [TEST_STEP][PASSED] - waitForElementPresent(findTestObject("Object Repository/Canine/Filter/Diagnosis/HealthyControl_Chkbx"), 30): Object 'Object Repository/Canine/Filter/Diagnosis/HealthyControl_Chkbx' is present

2021-07-14 17:10:35 - [MESSAGE][PASSED] - Object 'Object Repository/Canine/Filter/Diagnosis/HealthyControl_Chkbx' is present

2021-07-14 17:10:35 - [TEST_STEP][PASSED] - verifyElementPresent(findTestObject("Object Repository/Canine/Filter/Diagnosis/HealthyControl_Chkbx"), 5): Object 'Object Repository/Canine/Filter/Diagnosis/HealthyControl_Chkbx' is present

2021-07-14 17:10:35 - [MESSAGE][PASSED] - Object 'Object Repository/Canine/Filter/Diagnosis/HealthyControl_Chkbx' is present

2021-07-14 17:10:35 - [TEST_STEP][PASSED] - ctdc.utilities.runtestcaseforKatalon.clickTab("Object Repository/Canine/Filter/Diagnosis/HealthyControl_Chkbx"): ctdc.utilities.runtestcaseforKatalon.clickTab is PASSED

2021-07-14 17:10:35 - [MESSAGE][PASSED] - ctdc.utilities.runtestcaseforKatalon.clickTab is PASSED

2021-07-14 17:10:35 - [TEST_STEP][PASSED] - ctdc.utilities.runtestcaseforKatalon.clickTab("Object Repository/Canine/Filter/Diagnosis/DIAGNOSIS_Ddn"): ctdc.utilities.runtestcaseforKatalon.clickTab is PASSED

2021-07-14 17:10:37 - [MESSAGE][PASSED] - ctdc.utilities.runtestcaseforKatalon.clickTab is PASSED

2021-07-14 17:10:37 - [TEST_STEP][PASSED] - Thread.sleep(2000): null

2021-07-14 17:10:39 - [TEST_STEP][PASSED] - waitForElementPresent(findTestObject("Object Repository/Canine/Filter/PrimDiseaseSite/PRIMARYDISEASESITE_Ddn"), 30): Object 'Object Repository/Canine/Filter/PrimDiseaseSite/PRIMARYDISEASESITE_Ddn' is present

2021-07-14 17:10:40 - [MESSAGE][PASSED] - Object 'Object Repository/Canine/Filter/PrimDiseaseSite/PRIMARYDISEASESITE_Ddn' is present

2021-07-14 17:10:40 - [TEST_STEP][PASSED] - verifyElementPresent(findTestObject("Object Repository/Canine/Filter/PrimDiseaseSite/PRIMARYDISEASESITE_Ddn"), 5): Object 'Object Repository/Canine/Filter/PrimDiseaseSite/PRIMARYDISEASESITE_Ddn' is present

2021-07-14 17:10:40 - [MESSAGE][PASSED] - Object 'Object Repository/Canine/Filter/PrimDiseaseSite/PRIMARYDISEASESITE_Ddn' is present

2021-07-14 17:10:40 - [TEST_STEP][PASSED] - ctdc.utilities.runtestcaseforKatalon.clickTab("Object Repository/Canine/Filter/PrimDiseaseSite/PRIMARYDISEASESITE_Ddn"): ctdc.utilities.runtestcaseforKatalon.clickTab is PASSED

2021-07-14 17:10:40 - [MESSAGE][PASSED] - ctdc.utilities.runtestcaseforKatalon.clickTab is PASSED

2021-07-14 17:10:40 - [TEST_STEP][PASSED] - waitForElementPresent(findTestObject("Object Repository/Canine/Filter/PrimDiseaseSite/BladderUrethra_Chkbx"), 30): Object 'Object Repository/Canine/Filter/PrimDiseaseSite/BladderUrethra_Chkbx' is present

2021-07-14 17:10:40 - [MESSAGE][PASSED] - Object 'Object Repository/Canine/Filter/PrimDiseaseSite/BladderUrethra_Chkbx' is present

2021-07-14 17:10:40 - [TEST_STEP][PASSED] - verifyElementPresent(findTestObject("Object Repository/Canine/Filter/PrimDiseaseSite/BladderUrethra_Chkbx"), 5): Object 'Object Repository/Canine/Filter/PrimDiseaseSite/BladderUrethra_Chkbx' is present

2021-07-14 17:10:40 - [MESSAGE][PASSED] - Object 'Object Repository/Canine/Filter/PrimDiseaseSite/BladderUrethra_Chkbx' is present

2021-07-14 17:10:40 - [TEST_STEP][PASSED] - waitForElementClickable(findTestObject("Object Repository/Canine/Filter/PrimDiseaseSite/BladderUrethra_Chkbx"), 30): Object 'Object Repository/Canine/Filter/PrimDiseaseSite/BladderUrethra_Chkbx' is clickable

2021-07-14 17:10:41 - [MESSAGE][PASSED] - Object 'Object Repository/Canine/Filter/PrimDiseaseSite/BladderUrethra_Chkbx' is clickable

2021-07-14 17:10:41 - [TEST_STEP][PASSED] - ctdc.utilities.runtestcaseforKatalon.clickTab("Object Repository/Canine/Filter/PrimDiseaseSite/BladderUrethra_Chkbx"): ctdc.utilities.runtestcaseforKatalon.clickTab is PASSED

2021-07-14 17:10:41 - [MESSAGE][PASSED] - ctdc.utilities.runtestcaseforKatalon.clickTab is PASSED

2021-07-14 17:10:41 - [TEST_STEP][PASSED] - waitForElementPresent(findTestObject("Object Repository/Canine/Filter/PrimDiseaseSite/BladderProstate_Chkbx"), 30): Object 'Object Repository/Canine/Filter/PrimDiseaseSite/BladderProstate_Chkbx' is present

2021-07-14 17:10:42 - [MESSAGE][PASSED] - Object 'Object Repository/Canine/Filter/PrimDiseaseSite/BladderProstate_Chkbx' is present

2021-07-14 17:10:42 - [TEST_STEP][PASSED] - verifyElementPresent(findTestObject("Object Repository/Canine/Filter/PrimDiseaseSite/BladderProstate_Chkbx"), 5): Object 'Object Repository/Canine/Filter/PrimDiseaseSite/BladderProstate_Chkbx' is present

2021-07-14 17:10:42 - [MESSAGE][PASSED] - Object 'Object Repository/Canine/Filter/PrimDiseaseSite/BladderProstate_Chkbx' is present

2021-07-14 17:10:42 - [TEST_STEP][PASSED] - Thread.sleep(2000): null

2021-07-14 17:10:44 - [TEST_STEP][PASSED] - ctdc.utilities.runtestcaseforKatalon.clickTab("Object Repository/Canine/Filter/PrimDiseaseSite/BladderProstate_Chkbx"): ctdc.utilities.runtestcaseforKatalon.clickTab is PASSED

2021-07-14 17:10:44 - [MESSAGE][PASSED] - ctdc.utilities.runtestcaseforKatalon.clickTab is PASSED

2021-07-14 17:10:44 - [TEST_STEP][PASSED] - ctdc.utilities.runtestcaseforKatalon.clickTab("Object Repository/Canine/Filter/PrimDiseaseSite/PRIMARYDISEASESITE_Ddn"): ctdc.utilities.runtestcaseforKatalon.clickTab is PASSED

2021-07-14 17:10:45 - [MESSAGE][PASSED] - ctdc.utilities.runtestcaseforKatalon.clickTab is PASSED

2021-07-14 17:10:45 - [TEST_STEP][PASSED] - Thread.sleep(2000): null

2021-07-14 17:10:47 - [TEST_STEP][PASSED] - ctdc.utilities.runtestcaseforKatalon.readStatBarCanine("Object Repository/Canine/StatBar/Canine_StatBar-Studies", "Object Repository/Canine/StatBar/Canine_StatBar-Cases", "Object Repository/Canine/StatBar/Canine_StatBar-Samples", "Object Repository/Canine/StatBar/Canine_StatBar-Files", "Object Repository/Canine/StatBar/Canine_StatBar-Aliquots"): ctdc.utilities.runtestcaseforKatalon.readStatBarCanine is PASSED

2021-07-14 17:11:03 - [MESSAGE][PASSED] - ctdc.utilities.runtestcaseforKatalon.readStatBarCanine is PASSED

2021-07-14 17:11:03 - [TEST_STEP][PASSED] - waitForElementPresent(findTestObject("Object Repository/Canine/CanineResults_Cases_Tab"), 30): Object 'Object Repository/Canine/CanineResults_Cases_Tab' is present

2021-07-14 17:11:03 - [MESSAGE][PASSED] - Object 'Object Repository/Canine/CanineResults_Cases_Tab' is present

2021-07-14 17:11:03 - [TEST_STEP][PASSED] - verifyElementPresent(findTestObject("Object Repository/Canine/CanineResults_Cases_Tab"), 5): Object 'Object Repository/Canine/CanineResults_Cases_Tab' is present

2021-07-14 17:11:03 - [MESSAGE][PASSED] - Object 'Object Repository/Canine/CanineResults_Cases_Tab' is present

2021-07-14 17:11:03 - [TEST_STEP][PASSED] - ctdc.utilities.runtestcaseforKatalon.clickTab("Object Repository/Canine/CanineResults_Cases_Tab"): ctdc.utilities.runtestcaseforKatalon.clickTab is PASSED

2021-07-14 17:11:03 - [MESSAGE][PASSED] - ctdc.utilities.runtestcaseforKatalon.clickTab is PASSED

2021-07-14 17:11:03 - [TEST_STEP][PASSED] - ctdc.utilities.runtestcaseforKatalon.multiFunction("ICDC", G_StatBar_Cases, "Object Repository/Canine/Canine_CasesTable", "Object Repository/Canine/Canine_TableHeader", "Object Repository/Canine/Canine_CasesTabNextBtn", G_WebTabnameCases, G_CypherTabnameCases, G_QueryCasesTab): Statbar Arms count matches

2021-07-14 17:11:25 - [MESSAGE][PASSED] - Statbar Files count matches

2021-07-14 17:11:25 - [MESSAGE][PASSED] - Statbar Samples count matches

2021-07-14 17:11:25 - [MESSAGE][PASSED] - Statbar Cases count matches

2021-07-14 17:11:25 - [MESSAGE][PASSED] - Statbar Arms count matches]]></system-out>
         <system-err><![CDATA[]]></system-err>
      </testcase>
      <testcase name="Test Cases/Canine_TestCases/StudyCombinations/Study-Combinations-UBC01/TC02_Canine_StudyUBC-Breed_Diagnosis_PrimDiseaseSite" time="113.296" classname="Test Cases/Canine_TestCases/StudyCombinations/Study-Combinations-UBC01/TC02_Canine_StudyUBC-Breed_Diagnosis_PrimDiseaseSite" status="PASSED">
         <system-out><![CDATA[2021-07-14 17:11:25 - [TEST_CASE][PASSED] - Test Cases/Canine_TestCases/StudyCombinations/Study-Combinations-UBC01/TC02_Canine_StudyUBC-Breed_Diagnosis_PrimDiseaseSite: Test Cases/Canine_TestCases/StudyCombinations/Study-Combinations-UBC01/TC02_Canine_StudyUBC-Breed_Diagnosis_PrimDiseaseSite

2021-07-14 17:11:25 - [TEST_STEP][PASSED] - Start listener action : getTestScriptName: null

2021-07-14 17:11:25 - [TEST_STEP][PASSED] - TestCaseId = testCaseContext.getTestCaseId(): null

2021-07-14 17:11:25 - [TEST_STEP][PASSED] - out.println("**********this is the value of test case id string******** " + testCaseContext.getTestCaseId()): null

2021-07-14 17:11:25 - [TEST_STEP][PASSED] - G_currentTCName = TestCaseId.substring(TestCaseId.lastIndexOf("TC")): null

2021-07-14 17:11:25 - [TEST_STEP][PASSED] - out.println("This is the test case name : " + G_currentTCName): null

2021-07-14 17:11:26 - [TEST_STEP][PASSED] - closeBrowser(): Browser is closed

2021-07-14 17:11:27 - [MESSAGE][PASSED] - Browser is closed

2021-07-14 17:11:27 - [TEST_STEP][PASSED] - "Driver opened by Katalon is used in Selenium from this step.": null

2021-07-14 17:11:27 - [TEST_STEP][PASSED] - ctdc.utilities.runtestcaseforKatalon.RunKatalon("TC02_Canine_StudyUBC-Breed_Diagnosis_PrimDiseaseSite.xlsx"): Data loaded from input file for the test case. 

2021-07-14 17:11:27 - [MESSAGE][PASSED] - Test case file loaded This is the full filepath after converting to string :C:\Automation_master\InputFiles\TC02_Canine_StudyUBC-Breed_Diagnosis_PrimDiseaseSite.xlsx

2021-07-14 17:11:27 - [MESSAGE][INFO] - Global variable set for password file is :  C:\Automation_master\InputFiles\TC02_Canine_StudyUBC-Breed_Diagnosis_PrimDiseaseSite.xlsx

2021-07-14 17:11:31 - [MESSAGE][PASSED] - Data loaded from input file for the test case. 

2021-07-14 17:11:38 - [TEST_STEP][PASSED] - waitForElementPresent(findTestObject("Canine/NavBar/Canine_Cases_Btn"), 3): Object 'Object Repository/Canine/NavBar/Canine_Cases_Btn' is present

2021-07-14 17:11:38 - [MESSAGE][PASSED] - Object 'Object Repository/Canine/NavBar/Canine_Cases_Btn' is present

2021-07-14 17:11:38 - [TEST_STEP][PASSED] - verifyElementPresent(findTestObject("Canine/NavBar/Canine_Cases_Btn"), 5): Object 'Object Repository/Canine/NavBar/Canine_Cases_Btn' is present

2021-07-14 17:11:38 - [MESSAGE][PASSED] - Object 'Object Repository/Canine/NavBar/Canine_Cases_Btn' is present

2021-07-14 17:11:38 - [TEST_STEP][PASSED] - ctdc.utilities.runtestcaseforKatalon.clickTab("Canine/NavBar/Canine_Cases_Btn"): ctdc.utilities.runtestcaseforKatalon.clickTab is PASSED

2021-07-14 17:11:38 - [MESSAGE][PASSED] - ctdc.utilities.runtestcaseforKatalon.clickTab is PASSED

2021-07-14 17:11:38 - [TEST_STEP][PASSED] - waitForElementPresent(findTestObject("Object Repository/Canine/Filter/FilterByCases_Facet"), 3): Object 'Object Repository/Canine/Filter/FilterByCases_Facet' is present

2021-07-14 17:11:39 - [MESSAGE][PASSED] - Object 'Object Repository/Canine/Filter/FilterByCases_Facet' is present

2021-07-14 17:11:39 - [TEST_STEP][PASSED] - verifyElementPresent(findTestObject("Object Repository/Canine/Filter/FilterByCases_Facet"), 5): Object 'Object Repository/Canine/Filter/FilterByCases_Facet' is present

2021-07-14 17:11:39 - [MESSAGE][PASSED] - Object 'Object Repository/Canine/Filter/FilterByCases_Facet' is present

2021-07-14 17:11:39 - [TEST_STEP][PASSED] - ctdc.utilities.runtestcaseforKatalon.clickTab("Object Repository/Canine/Filter/FilterByCases_Facet"): ctdc.utilities.runtestcaseforKatalon.clickTab is PASSED

2021-07-14 17:11:40 - [MESSAGE][PASSED] - ctdc.utilities.runtestcaseforKatalon.clickTab is PASSED

2021-07-14 17:11:40 - [TEST_STEP][PASSED] - waitForElementPresent(findTestObject("Object Repository/Canine/Filter/Study/Canine_Filter_Study"), 5): Object 'Object Repository/Canine/Filter/Study/Canine_Filter_Study' is present

2021-07-14 17:11:40 - [MESSAGE][PASSED] - Object 'Object Repository/Canine/Filter/Study/Canine_Filter_Study' is present

2021-07-14 17:11:40 - [TEST_STEP][PASSED] - verifyElementPresent(findTestObject("Object Repository/Canine/Filter/Study/Canine_Filter_Study"), 5): Object 'Object Repository/Canine/Filter/Study/Canine_Filter_Study' is present

2021-07-14 17:11:41 - [MESSAGE][PASSED] - Object 'Object Repository/Canine/Filter/Study/Canine_Filter_Study' is present

2021-07-14 17:11:41 - [TEST_STEP][PASSED] - ctdc.utilities.runtestcaseforKatalon.clickTab("Object Repository/Canine/Filter/Study/Canine_Filter_Study"): ctdc.utilities.runtestcaseforKatalon.clickTab is PASSED

2021-07-14 17:11:41 - [MESSAGE][PASSED] - ctdc.utilities.runtestcaseforKatalon.clickTab is PASSED

2021-07-14 17:11:41 - [TEST_STEP][PASSED] - waitForElementPresent(findTestObject("Object Repository/Canine/Filter/Study/Canine_Filter_Study-UBC_Chkbx"), 5): Object 'Object Repository/Canine/Filter/Study/Canine_Filter_Study-UBC_Chkbx' is present

2021-07-14 17:11:41 - [MESSAGE][PASSED] - Object 'Object Repository/Canine/Filter/Study/Canine_Filter_Study-UBC_Chkbx' is present

2021-07-14 17:11:41 - [TEST_STEP][PASSED] - verifyElementPresent(findTestObject("Object Repository/Canine/Filter/Study/Canine_Filter_Study-UBC_Chkbx"), 5): Object 'Object Repository/Canine/Filter/Study/Canine_Filter_Study-UBC_Chkbx' is present

2021-07-14 17:11:41 - [MESSAGE][PASSED] - Object 'Object Repository/Canine/Filter/Study/Canine_Filter_Study-UBC_Chkbx' is present

2021-07-14 17:11:41 - [TEST_STEP][PASSED] - ctdc.utilities.runtestcaseforKatalon.clickTab("Object Repository/Canine/Filter/Study/Canine_Filter_Study-UBC_Chkbx"): ctdc.utilities.runtestcaseforKatalon.clickTab is PASSED

2021-07-14 17:11:41 - [MESSAGE][PASSED] - ctdc.utilities.runtestcaseforKatalon.clickTab is PASSED

2021-07-14 17:11:41 - [TEST_STEP][PASSED] - Thread.sleep(2000): null

2021-07-14 17:11:43 - [TEST_STEP][PASSED] - waitForElementPresent(findTestObject("Object Repository/Canine/Filter/Breed/BREED_Ddn"), 5): Object 'Object Repository/Canine/Filter/Breed/BREED_Ddn' is present

2021-07-14 17:11:44 - [MESSAGE][PASSED] - Object 'Object Repository/Canine/Filter/Breed/BREED_Ddn' is present

2021-07-14 17:11:44 - [TEST_STEP][PASSED] - verifyElementPresent(findTestObject("Object Repository/Canine/Filter/Breed/BREED_Ddn"), 5): Object 'Object Repository/Canine/Filter/Breed/BREED_Ddn' is present

2021-07-14 17:11:44 - [MESSAGE][PASSED] - Object 'Object Repository/Canine/Filter/Breed/BREED_Ddn' is present

2021-07-14 17:11:44 - [TEST_STEP][PASSED] - ctdc.utilities.runtestcaseforKatalon.clickTab("Object Repository/Canine/Filter/Breed/BREED_Ddn"): ctdc.utilities.runtestcaseforKatalon.clickTab is PASSED

2021-07-14 17:11:44 - [MESSAGE][PASSED] - ctdc.utilities.runtestcaseforKatalon.clickTab is PASSED

2021-07-14 17:11:44 - [TEST_STEP][PASSED] - Thread.sleep(2000): null

2021-07-14 17:11:46 - [TEST_STEP][PASSED] - waitForElementPresent(findTestObject("Object Repository/Canine/Filter/Breed/BorderCol_Chkbx"), 5): Object 'Object Repository/Canine/Filter/Breed/BorderCol_Chkbx' is present

2021-07-14 17:11:46 - [MESSAGE][PASSED] - Object 'Object Repository/Canine/Filter/Breed/BorderCol_Chkbx' is present

2021-07-14 17:11:46 - [TEST_STEP][PASSED] - verifyElementPresent(findTestObject("Object Repository/Canine/Filter/Breed/BorderCol_Chkbx"), 5): Object 'Object Repository/Canine/Filter/Breed/BorderCol_Chkbx' is present

2021-07-14 17:11:46 - [MESSAGE][PASSED] - Object 'Object Repository/Canine/Filter/Breed/BorderCol_Chkbx' is present

2021-07-14 17:11:46 - [TEST_STEP][PASSED] - ctdc.utilities.runtestcaseforKatalon.clickTab("Object Repository/Canine/Filter/Breed/BorderCol_Chkbx"): ctdc.utilities.runtestcaseforKatalon.clickTab is PASSED

2021-07-14 17:11:47 - [MESSAGE][PASSED] - ctdc.utilities.runtestcaseforKatalon.clickTab is PASSED

2021-07-14 17:11:47 - [TEST_STEP][PASSED] - waitForElementPresent(findTestObject("Object Repository/Canine/Filter/Breed/Chihuahua_Chkbx"), 5): Object 'Object Repository/Canine/Filter/Breed/Chihuahua_Chkbx' is present

2021-07-14 17:11:47 - [MESSAGE][PASSED] - Object 'Object Repository/Canine/Filter/Breed/Chihuahua_Chkbx' is present

2021-07-14 17:11:47 - [TEST_STEP][PASSED] - verifyElementPresent(findTestObject("Object Repository/Canine/Filter/Breed/Chihuahua_Chkbx"), 5): Object 'Object Repository/Canine/Filter/Breed/Chihuahua_Chkbx' is present

2021-07-14 17:11:47 - [MESSAGE][PASSED] - Object 'Object Repository/Canine/Filter/Breed/Chihuahua_Chkbx' is present

2021-07-14 17:11:47 - [TEST_STEP][PASSED] - ctdc.utilities.runtestcaseforKatalon.clickTab("Object Repository/Canine/Filter/Breed/Chihuahua_Chkbx"): ctdc.utilities.runtestcaseforKatalon.clickTab is PASSED

2021-07-14 17:11:48 - [MESSAGE][PASSED] - ctdc.utilities.runtestcaseforKatalon.clickTab is PASSED

2021-07-14 17:11:48 - [TEST_STEP][PASSED] - waitForElementPresent(findTestObject("Object Repository/Canine/Filter/Breed/Maltese_Chkbx"), 5): Object 'Object Repository/Canine/Filter/Breed/Maltese_Chkbx' is present

2021-07-14 17:11:48 - [MESSAGE][PASSED] - Object 'Object Repository/Canine/Filter/Breed/Maltese_Chkbx' is present

2021-07-14 17:11:48 - [TEST_STEP][PASSED] - verifyElementPresent(findTestObject("Object Repository/Canine/Filter/Breed/Maltese_Chkbx"), 5): Object 'Object Repository/Canine/Filter/Breed/Maltese_Chkbx' is present

2021-07-14 17:11:48 - [MESSAGE][PASSED] - Object 'Object Repository/Canine/Filter/Breed/Maltese_Chkbx' is present

2021-07-14 17:11:48 - [TEST_STEP][PASSED] - ctdc.utilities.runtestcaseforKatalon.clickTab("Object Repository/Canine/Filter/Breed/Maltese_Chkbx"): ctdc.utilities.runtestcaseforKatalon.clickTab is PASSED

2021-07-14 17:11:49 - [MESSAGE][PASSED] - ctdc.utilities.runtestcaseforKatalon.clickTab is PASSED

2021-07-14 17:11:49 - [TEST_STEP][PASSED] - waitForElementPresent(findTestObject("Object Repository/Canine/Filter/Breed/ScottTerr_Chkbx"), 5): Object 'Object Repository/Canine/Filter/Breed/ScottTerr_Chkbx' is present

2021-07-14 17:11:51 - [MESSAGE][PASSED] - Object 'Object Repository/Canine/Filter/Breed/ScottTerr_Chkbx' is present

2021-07-14 17:11:51 - [TEST_STEP][PASSED] - verifyElementPresent(findTestObject("Object Repository/Canine/Filter/Breed/ScottTerr_Chkbx"), 5): Object 'Object Repository/Canine/Filter/Breed/ScottTerr_Chkbx' is present

2021-07-14 17:11:53 - [MESSAGE][PASSED] - Object 'Object Repository/Canine/Filter/Breed/ScottTerr_Chkbx' is present

2021-07-14 17:11:53 - [TEST_STEP][PASSED] - ctdc.utilities.runtestcaseforKatalon.clickTab("Object Repository/Canine/Filter/Breed/ScottTerr_Chkbx"): ctdc.utilities.runtestcaseforKatalon.clickTab is PASSED

2021-07-14 17:11:55 - [MESSAGE][PASSED] - ctdc.utilities.runtestcaseforKatalon.clickTab is PASSED

2021-07-14 17:11:55 - [TEST_STEP][PASSED] - ctdc.utilities.runtestcaseforKatalon.clickTab("Object Repository/Canine/Filter/Breed/BREED_Ddn"): ctdc.utilities.runtestcaseforKatalon.clickTab is PASSED

2021-07-14 17:11:56 - [MESSAGE][PASSED] - ctdc.utilities.runtestcaseforKatalon.clickTab is PASSED

2021-07-14 17:11:56 - [TEST_STEP][PASSED] - Thread.sleep(2000): null

2021-07-14 17:11:58 - [TEST_STEP][PASSED] - waitForElementPresent(findTestObject("Object Repository/Canine/Filter/Diagnosis/DIAGNOSIS_Ddn"), 5): Object 'Object Repository/Canine/Filter/Diagnosis/DIAGNOSIS_Ddn' is present

2021-07-14 17:11:59 - [MESSAGE][PASSED] - Object 'Object Repository/Canine/Filter/Diagnosis/DIAGNOSIS_Ddn' is present

2021-07-14 17:11:59 - [TEST_STEP][PASSED] - verifyElementPresent(findTestObject("Object Repository/Canine/Filter/Diagnosis/DIAGNOSIS_Ddn"), 5): Object 'Object Repository/Canine/Filter/Diagnosis/DIAGNOSIS_Ddn' is present

2021-07-14 17:12:01 - [MESSAGE][PASSED] - Object 'Object Repository/Canine/Filter/Diagnosis/DIAGNOSIS_Ddn' is present

2021-07-14 17:12:01 - [TEST_STEP][PASSED] - ctdc.utilities.runtestcaseforKatalon.clickTab("Object Repository/Canine/Filter/Diagnosis/DIAGNOSIS_Ddn"): ctdc.utilities.runtestcaseforKatalon.clickTab is PASSED

2021-07-14 17:12:02 - [MESSAGE][PASSED] - ctdc.utilities.runtestcaseforKatalon.clickTab is PASSED

2021-07-14 17:12:02 - [TEST_STEP][PASSED] - waitForElementPresent(findTestObject("Object Repository/Canine/Filter/Diagnosis/BladderCancer_Chkbx"), 5): Object 'Object Repository/Canine/Filter/Diagnosis/BladderCancer_Chkbx' is present

2021-07-14 17:12:02 - [MESSAGE][PASSED] - Object 'Object Repository/Canine/Filter/Diagnosis/BladderCancer_Chkbx' is present

2021-07-14 17:12:02 - [TEST_STEP][PASSED] - verifyElementPresent(findTestObject("Object Repository/Canine/Filter/Diagnosis/BladderCancer_Chkbx"), 5): Object 'Object Repository/Canine/Filter/Diagnosis/BladderCancer_Chkbx' is present

2021-07-14 17:12:02 - [MESSAGE][PASSED] - Object 'Object Repository/Canine/Filter/Diagnosis/BladderCancer_Chkbx' is present

2021-07-14 17:12:02 - [TEST_STEP][PASSED] - ctdc.utilities.runtestcaseforKatalon.clickTab("Object Repository/Canine/Filter/Diagnosis/BladderCancer_Chkbx"): ctdc.utilities.runtestcaseforKatalon.clickTab is PASSED

2021-07-14 17:12:03 - [MESSAGE][PASSED] - ctdc.utilities.runtestcaseforKatalon.clickTab is PASSED

2021-07-14 17:12:03 - [TEST_STEP][PASSED] - ctdc.utilities.runtestcaseforKatalon.clickTab("Object Repository/Canine/Filter/Diagnosis/DIAGNOSIS_Ddn"): ctdc.utilities.runtestcaseforKatalon.clickTab is PASSED

2021-07-14 17:12:03 - [MESSAGE][PASSED] - ctdc.utilities.runtestcaseforKatalon.clickTab is PASSED

2021-07-14 17:12:03 - [TEST_STEP][PASSED] - waitForElementPresent(findTestObject("Object Repository/Canine/Filter/PrimDiseaseSite/PRIMARYDISEASESITE_Ddn"), 5): Object 'Object Repository/Canine/Filter/PrimDiseaseSite/PRIMARYDISEASESITE_Ddn' is present

2021-07-14 17:12:04 - [MESSAGE][PASSED] - Object 'Object Repository/Canine/Filter/PrimDiseaseSite/PRIMARYDISEASESITE_Ddn' is present

2021-07-14 17:12:04 - [TEST_STEP][PASSED] - verifyElementPresent(findTestObject("Object Repository/Canine/Filter/PrimDiseaseSite/PRIMARYDISEASESITE_Ddn"), 5): Object 'Object Repository/Canine/Filter/PrimDiseaseSite/PRIMARYDISEASESITE_Ddn' is present

2021-07-14 17:12:04 - [MESSAGE][PASSED] - Object 'Object Repository/Canine/Filter/PrimDiseaseSite/PRIMARYDISEASESITE_Ddn' is present

2021-07-14 17:12:04 - [TEST_STEP][PASSED] - ctdc.utilities.runtestcaseforKatalon.clickTab("Object Repository/Canine/Filter/PrimDiseaseSite/PRIMARYDISEASESITE_Ddn"): ctdc.utilities.runtestcaseforKatalon.clickTab is PASSED

2021-07-14 17:12:04 - [MESSAGE][PASSED] - ctdc.utilities.runtestcaseforKatalon.clickTab is PASSED

2021-07-14 17:12:04 - [TEST_STEP][PASSED] - waitForElementPresent(findTestObject("Object Repository/Canine/Filter/PrimDiseaseSite/BladderUrethra_Chkbx"), 5): Object 'Object Repository/Canine/Filter/PrimDiseaseSite/BladderUrethra_Chkbx' is present

2021-07-14 17:12:04 - [MESSAGE][PASSED] - Object 'Object Repository/Canine/Filter/PrimDiseaseSite/BladderUrethra_Chkbx' is present

2021-07-14 17:12:04 - [TEST_STEP][PASSED] - verifyElementPresent(findTestObject("Object Repository/Canine/Filter/PrimDiseaseSite/BladderUrethra_Chkbx"), 5): Object 'Object Repository/Canine/Filter/PrimDiseaseSite/BladderUrethra_Chkbx' is present

2021-07-14 17:12:04 - [MESSAGE][PASSED] - Object 'Object Repository/Canine/Filter/PrimDiseaseSite/BladderUrethra_Chkbx' is present

2021-07-14 17:12:04 - [TEST_STEP][PASSED] - waitForElementPresent(findTestObject("Object Repository/Canine/Filter/PrimDiseaseSite/BladderUrethra_Chkbx"), 5): Object 'Object Repository/Canine/Filter/PrimDiseaseSite/BladderUrethra_Chkbx' is present

2021-07-14 17:12:04 - [MESSAGE][PASSED] - Object 'Object Repository/Canine/Filter/PrimDiseaseSite/BladderUrethra_Chkbx' is present

2021-07-14 17:12:04 - [TEST_STEP][PASSED] - verifyElementPresent(findTestObject("Object Repository/Canine/Filter/PrimDiseaseSite/BladderUrethra_Chkbx"), 5): Object 'Object Repository/Canine/Filter/PrimDiseaseSite/BladderUrethra_Chkbx' is present

2021-07-14 17:12:04 - [MESSAGE][PASSED] - Object 'Object Repository/Canine/Filter/PrimDiseaseSite/BladderUrethra_Chkbx' is present

2021-07-14 17:12:04 - [TEST_STEP][PASSED] - Thread.sleep(2000): null

2021-07-14 17:12:06 - [TEST_STEP][PASSED] - ctdc.utilities.runtestcaseforKatalon.clickTab("Object Repository/Canine/Filter/PrimDiseaseSite/BladderUrethra_Chkbx"): ctdc.utilities.runtestcaseforKatalon.clickTab is PASSED

2021-07-14 17:12:07 - [MESSAGE][PASSED] - ctdc.utilities.runtestcaseforKatalon.clickTab is PASSED

2021-07-14 17:12:07 - [TEST_STEP][PASSED] - waitForElementPresent(findTestObject("Object Repository/Canine/Filter/PrimDiseaseSite/BladderUrethraProstate_Chkbx"), 5): Object 'Object Repository/Canine/Filter/PrimDiseaseSite/BladderUrethraProstate_Chkbx' is present

2021-07-14 17:12:08 - [MESSAGE][PASSED] - Object 'Object Repository/Canine/Filter/PrimDiseaseSite/BladderUrethraProstate_Chkbx' is present

2021-07-14 17:12:08 - [TEST_STEP][PASSED] - verifyElementPresent(findTestObject("Object Repository/Canine/Filter/PrimDiseaseSite/BladderUrethraProstate_Chkbx"), 5): Object 'Object Repository/Canine/Filter/PrimDiseaseSite/BladderUrethraProstate_Chkbx' is present

2021-07-14 17:12:09 - [MESSAGE][PASSED] - Object 'Object Repository/Canine/Filter/PrimDiseaseSite/BladderUrethraProstate_Chkbx' is present

2021-07-14 17:12:09 - [TEST_STEP][PASSED] - ctdc.utilities.runtestcaseforKatalon.clickTab("Object Repository/Canine/Filter/PrimDiseaseSite/BladderUrethraProstate_Chkbx"): ctdc.utilities.runtestcaseforKatalon.clickTab is PASSED

2021-07-14 17:12:09 - [MESSAGE][PASSED] - ctdc.utilities.runtestcaseforKatalon.clickTab is PASSED

2021-07-14 17:12:09 - [TEST_STEP][PASSED] - ctdc.utilities.runtestcaseforKatalon.clickTab("Object Repository/Canine/Filter/PrimDiseaseSite/PRIMARYDISEASESITE_Ddn"): ctdc.utilities.runtestcaseforKatalon.clickTab is PASSED

2021-07-14 17:12:10 - [MESSAGE][PASSED] - ctdc.utilities.runtestcaseforKatalon.clickTab is PASSED

2021-07-14 17:12:10 - [TEST_STEP][PASSED] - Thread.sleep(2000): null

2021-07-14 17:12:12 - [TEST_STEP][PASSED] - ctdc.utilities.runtestcaseforKatalon.readStatBarCanine("Object Repository/Canine/StatBar/Canine_StatBar-Studies", "Object Repository/Canine/StatBar/Canine_StatBar-Cases", "Object Repository/Canine/StatBar/Canine_StatBar-Samples", "Object Repository/Canine/StatBar/Canine_StatBar-Files", "Object Repository/Canine/StatBar/Canine_StatBar-Aliquots"): ctdc.utilities.runtestcaseforKatalon.readStatBarCanine is PASSED

2021-07-14 17:12:28 - [MESSAGE][PASSED] - ctdc.utilities.runtestcaseforKatalon.readStatBarCanine is PASSED

2021-07-14 17:12:28 - [TEST_STEP][PASSED] - waitForElementPresent(findTestObject("Object Repository/Canine/CanineResults_Files_Tab"), 5): Object 'Object Repository/Canine/CanineResults_Files_Tab' is present

2021-07-14 17:12:29 - [MESSAGE][PASSED] - Object 'Object Repository/Canine/CanineResults_Files_Tab' is present

2021-07-14 17:12:29 - [TEST_STEP][PASSED] - verifyElementPresent(findTestObject("Object Repository/Canine/CanineResults_Files_Tab"), 5): Object 'Object Repository/Canine/CanineResults_Files_Tab' is present

2021-07-14 17:12:29 - [MESSAGE][PASSED] - Object 'Object Repository/Canine/CanineResults_Files_Tab' is present

2021-07-14 17:12:29 - [TEST_STEP][PASSED] - ctdc.utilities.runtestcaseforKatalon.clickTab("Object Repository/Canine/CanineResults_Files_Tab"): ctdc.utilities.runtestcaseforKatalon.clickTab is PASSED

2021-07-14 17:12:29 - [MESSAGE][PASSED] - ctdc.utilities.runtestcaseforKatalon.clickTab is PASSED

2021-07-14 17:12:29 - [TEST_STEP][PASSED] - ctdc.utilities.runtestcaseforKatalon.multiFunction("ICDC", G_StatBar_Files, "Object Repository/Canine/Canine_Files_Table", "Object Repository/Canine/Canine_Files_TableHdr", "Object Repository/Canine/Canine_FilesTabNextBtn", G_WebTabnameFiles, G_CypherTabnameFiles, G_QueryFilesTab): Statbar Arms count matches

2021-07-14 17:13:18 - [MESSAGE][PASSED] - Statbar Files count matches

2021-07-14 17:13:18 - [MESSAGE][PASSED] - Statbar Samples count matches

2021-07-14 17:13:18 - [MESSAGE][PASSED] - Statbar Cases count matches

2021-07-14 17:13:18 - [MESSAGE][PASSED] - Statbar Arms count matches]]></system-out>
         <system-err><![CDATA[]]></system-err>
      </testcase>
      <testcase name="Test Cases/Canine_TestCases/StudyCombinations/Study-Combinations-UBC01/TC03_Canine_StudyUBC-Breed_Diagnosis_PrimDiseaseSite" time="68.346" classname="Test Cases/Canine_TestCases/StudyCombinations/Study-Combinations-UBC01/TC03_Canine_StudyUBC-Breed_Diagnosis_PrimDiseaseSite" status="PASSED">
         <system-out><![CDATA[2021-07-14 17:13:18 - [TEST_CASE][PASSED] - Test Cases/Canine_TestCases/StudyCombinations/Study-Combinations-UBC01/TC03_Canine_StudyUBC-Breed_Diagnosis_PrimDiseaseSite: Test Cases/Canine_TestCases/StudyCombinations/Study-Combinations-UBC01/TC03_Canine_StudyUBC-Breed_Diagnosis_PrimDiseaseSite

2021-07-14 17:13:18 - [TEST_STEP][PASSED] - Start listener action : getTestScriptName: null

2021-07-14 17:13:18 - [TEST_STEP][PASSED] - TestCaseId = testCaseContext.getTestCaseId(): null

2021-07-14 17:13:18 - [TEST_STEP][PASSED] - out.println("**********this is the value of test case id string******** " + testCaseContext.getTestCaseId()): null

2021-07-14 17:13:18 - [TEST_STEP][PASSED] - G_currentTCName = TestCaseId.substring(TestCaseId.lastIndexOf("TC")): null

2021-07-14 17:13:18 - [TEST_STEP][PASSED] - out.println("This is the test case name : " + G_currentTCName): null

2021-07-14 17:13:20 - [TEST_STEP][PASSED] - closeBrowser(): Browser is closed

2021-07-14 17:13:21 - [MESSAGE][PASSED] - Browser is closed

2021-07-14 17:13:21 - [TEST_STEP][PASSED] - "Driver opened by Katalon is used in Selenium from this step.": null

2021-07-14 17:13:21 - [TEST_STEP][PASSED] - ctdc.utilities.runtestcaseforKatalon.RunKatalon("TC03_Canine_StudyUBC-Breed_Diagnosis_PrimDiseaseSite.xlsx"): Data loaded from input file for the test case. 

2021-07-14 17:13:21 - [MESSAGE][PASSED] - Test case file loaded This is the full filepath after converting to string :C:\Automation_master\InputFiles\TC03_Canine_StudyUBC-Breed_Diagnosis_PrimDiseaseSite.xlsx

2021-07-14 17:13:21 - [MESSAGE][INFO] - Global variable set for password file is :  C:\Automation_master\InputFiles\TC03_Canine_StudyUBC-Breed_Diagnosis_PrimDiseaseSite.xlsx

2021-07-14 17:13:25 - [MESSAGE][PASSED] - Data loaded from input file for the test case. 

2021-07-14 17:13:33 - [TEST_STEP][PASSED] - waitForElementPresent(findTestObject("Canine/NavBar/Canine_Cases_Btn"), 10): Object 'Object Repository/Canine/NavBar/Canine_Cases_Btn' is present

2021-07-14 17:13:33 - [MESSAGE][PASSED] - Object 'Object Repository/Canine/NavBar/Canine_Cases_Btn' is present

2021-07-14 17:13:33 - [TEST_STEP][PASSED] - ctdc.utilities.runtestcaseforKatalon.clickTab("Canine/NavBar/Canine_Cases_Btn"): ctdc.utilities.runtestcaseforKatalon.clickTab is PASSED

2021-07-14 17:13:33 - [MESSAGE][PASSED] - ctdc.utilities.runtestcaseforKatalon.clickTab is PASSED

2021-07-14 17:13:33 - [TEST_STEP][PASSED] - waitForElementPresent(findTestObject("Object Repository/Canine/Filter/FilterByCases_Facet"), 10): Object 'Object Repository/Canine/Filter/FilterByCases_Facet' is present

2021-07-14 17:13:34 - [MESSAGE][PASSED] - Object 'Object Repository/Canine/Filter/FilterByCases_Facet' is present

2021-07-14 17:13:34 - [TEST_STEP][PASSED] - ctdc.utilities.runtestcaseforKatalon.clickTab("Object Repository/Canine/Filter/FilterByCases_Facet"): ctdc.utilities.runtestcaseforKatalon.clickTab is PASSED

2021-07-14 17:13:35 - [MESSAGE][PASSED] - ctdc.utilities.runtestcaseforKatalon.clickTab is PASSED

2021-07-14 17:13:35 - [TEST_STEP][PASSED] - waitForElementPresent(findTestObject("Object Repository/Canine/Filter/Study/Canine_Filter_Study"), 10): Object 'Object Repository/Canine/Filter/Study/Canine_Filter_Study' is present

2021-07-14 17:13:36 - [MESSAGE][PASSED] - Object 'Object Repository/Canine/Filter/Study/Canine_Filter_Study' is present

2021-07-14 17:13:36 - [TEST_STEP][PASSED] - ctdc.utilities.runtestcaseforKatalon.clickTab("Object Repository/Canine/Filter/Study/Canine_Filter_Study"): ctdc.utilities.runtestcaseforKatalon.clickTab is PASSED

2021-07-14 17:13:36 - [MESSAGE][PASSED] - ctdc.utilities.runtestcaseforKatalon.clickTab is PASSED

2021-07-14 17:13:36 - [TEST_STEP][PASSED] - waitForElementPresent(findTestObject("Object Repository/Canine/Filter/Study/Canine_Filter_Study-UBC_Chkbx"), 10): Object 'Object Repository/Canine/Filter/Study/Canine_Filter_Study-UBC_Chkbx' is present

2021-07-14 17:13:36 - [MESSAGE][PASSED] - Object 'Object Repository/Canine/Filter/Study/Canine_Filter_Study-UBC_Chkbx' is present

2021-07-14 17:13:36 - [TEST_STEP][PASSED] - ctdc.utilities.runtestcaseforKatalon.clickTab("Object Repository/Canine/Filter/Study/Canine_Filter_Study-UBC_Chkbx"): ctdc.utilities.runtestcaseforKatalon.clickTab is PASSED

2021-07-14 17:13:36 - [MESSAGE][PASSED] - ctdc.utilities.runtestcaseforKatalon.clickTab is PASSED

2021-07-14 17:13:37 - [TEST_STEP][PASSED] - Thread.sleep(2000): null

2021-07-14 17:13:39 - [TEST_STEP][PASSED] - waitForElementPresent(findTestObject("Object Repository/Canine/Filter/Breed/BREED_Ddn"), 10): Object 'Object Repository/Canine/Filter/Breed/BREED_Ddn' is present

2021-07-14 17:13:39 - [MESSAGE][PASSED] - Object 'Object Repository/Canine/Filter/Breed/BREED_Ddn' is present

2021-07-14 17:13:39 - [TEST_STEP][PASSED] - ctdc.utilities.runtestcaseforKatalon.clickTab("Object Repository/Canine/Filter/Breed/BREED_Ddn"): ctdc.utilities.runtestcaseforKatalon.clickTab is PASSED

2021-07-14 17:13:39 - [MESSAGE][PASSED] - ctdc.utilities.runtestcaseforKatalon.clickTab is PASSED

2021-07-14 17:13:39 - [TEST_STEP][PASSED] - waitForElementPresent(findTestObject("Object Repository/Canine/Filter/Breed/IrishTerr_Chkbx"), 10): Object 'Object Repository/Canine/Filter/Breed/IrishTerr_Chkbx' is present

2021-07-14 17:13:39 - [MESSAGE][PASSED] - Object 'Object Repository/Canine/Filter/Breed/IrishTerr_Chkbx' is present

2021-07-14 17:13:39 - [TEST_STEP][PASSED] - ctdc.utilities.runtestcaseforKatalon.clickTab("Object Repository/Canine/Filter/Breed/IrishTerr_Chkbx"): ctdc.utilities.runtestcaseforKatalon.clickTab is PASSED

2021-07-14 17:13:39 - [MESSAGE][PASSED] - ctdc.utilities.runtestcaseforKatalon.clickTab is PASSED

2021-07-14 17:13:39 - [TEST_STEP][PASSED] - waitForElementPresent(findTestObject("Object Repository/Canine/Filter/Breed/MiniaturePinscher_Chkbx"), 10): Object 'Object Repository/Canine/Filter/Breed/MiniaturePinscher_Chkbx' is present

2021-07-14 17:13:40 - [MESSAGE][PASSED] - Object 'Object Repository/Canine/Filter/Breed/MiniaturePinscher_Chkbx' is present

2021-07-14 17:13:40 - [TEST_STEP][PASSED] - ctdc.utilities.runtestcaseforKatalon.clickTab("Object Repository/Canine/Filter/Breed/MiniaturePinscher_Chkbx"): ctdc.utilities.runtestcaseforKatalon.clickTab is PASSED

2021-07-14 17:13:40 - [MESSAGE][PASSED] - ctdc.utilities.runtestcaseforKatalon.clickTab is PASSED

2021-07-14 17:13:40 - [TEST_STEP][PASSED] - waitForElementPresent(findTestObject("Object Repository/Canine/Filter/Breed/Poodle_Chkbx"), 10): Object 'Object Repository/Canine/Filter/Breed/Poodle_Chkbx' is present

2021-07-14 17:13:41 - [MESSAGE][PASSED] - Object 'Object Repository/Canine/Filter/Breed/Poodle_Chkbx' is present

2021-07-14 17:13:41 - [TEST_STEP][PASSED] - ctdc.utilities.runtestcaseforKatalon.clickTab("Object Repository/Canine/Filter/Breed/Poodle_Chkbx"): ctdc.utilities.runtestcaseforKatalon.clickTab is PASSED

2021-07-14 17:13:41 - [MESSAGE][PASSED] - ctdc.utilities.runtestcaseforKatalon.clickTab is PASSED

2021-07-14 17:13:41 - [TEST_STEP][PASSED] - ctdc.utilities.runtestcaseforKatalon.clickTab("Object Repository/Canine/Filter/Breed/BREED_Ddn"): ctdc.utilities.runtestcaseforKatalon.clickTab is PASSED

2021-07-14 17:13:42 - [MESSAGE][PASSED] - ctdc.utilities.runtestcaseforKatalon.clickTab is PASSED

2021-07-14 17:13:42 - [TEST_STEP][PASSED] - Thread.sleep(2000): null

2021-07-14 17:13:44 - [TEST_STEP][PASSED] - waitForElementPresent(findTestObject("Object Repository/Canine/Filter/Diagnosis/DIAGNOSIS_Ddn"), 10): Object 'Object Repository/Canine/Filter/Diagnosis/DIAGNOSIS_Ddn' is present

2021-07-14 17:13:44 - [MESSAGE][PASSED] - Object 'Object Repository/Canine/Filter/Diagnosis/DIAGNOSIS_Ddn' is present

2021-07-14 17:13:44 - [TEST_STEP][PASSED] - ctdc.utilities.runtestcaseforKatalon.clickTab("Object Repository/Canine/Filter/Diagnosis/DIAGNOSIS_Ddn"): ctdc.utilities.runtestcaseforKatalon.clickTab is PASSED

2021-07-14 17:13:44 - [MESSAGE][PASSED] - ctdc.utilities.runtestcaseforKatalon.clickTab is PASSED

2021-07-14 17:13:44 - [TEST_STEP][PASSED] - waitForElementPresent(findTestObject("Object Repository/Canine/Filter/Diagnosis/BladderCancer_Chkbx"), 10): Object 'Object Repository/Canine/Filter/Diagnosis/BladderCancer_Chkbx' is present

2021-07-14 17:13:45 - [MESSAGE][PASSED] - Object 'Object Repository/Canine/Filter/Diagnosis/BladderCancer_Chkbx' is present

2021-07-14 17:13:45 - [TEST_STEP][PASSED] - ctdc.utilities.runtestcaseforKatalon.clickTab("Object Repository/Canine/Filter/Diagnosis/BladderCancer_Chkbx"): ctdc.utilities.runtestcaseforKatalon.clickTab is PASSED

2021-07-14 17:13:45 - [MESSAGE][PASSED] - ctdc.utilities.runtestcaseforKatalon.clickTab is PASSED

2021-07-14 17:13:45 - [TEST_STEP][PASSED] - ctdc.utilities.runtestcaseforKatalon.clickTab("Object Repository/Canine/Filter/Diagnosis/DIAGNOSIS_Ddn"): ctdc.utilities.runtestcaseforKatalon.clickTab is PASSED

2021-07-14 17:13:45 - [MESSAGE][PASSED] - ctdc.utilities.runtestcaseforKatalon.clickTab is PASSED

2021-07-14 17:13:45 - [TEST_STEP][PASSED] - Thread.sleep(2000): null

2021-07-14 17:13:47 - [TEST_STEP][PASSED] - waitForElementPresent(findTestObject("Object Repository/Canine/Filter/PrimDiseaseSite/PRIMARYDISEASESITE_Ddn"), 10): Object 'Object Repository/Canine/Filter/PrimDiseaseSite/PRIMARYDISEASESITE_Ddn' is present

2021-07-14 17:13:48 - [MESSAGE][PASSED] - Object 'Object Repository/Canine/Filter/PrimDiseaseSite/PRIMARYDISEASESITE_Ddn' is present

2021-07-14 17:13:48 - [TEST_STEP][PASSED] - ctdc.utilities.runtestcaseforKatalon.clickTab("Object Repository/Canine/Filter/PrimDiseaseSite/PRIMARYDISEASESITE_Ddn"): ctdc.utilities.runtestcaseforKatalon.clickTab is PASSED

2021-07-14 17:13:48 - [MESSAGE][PASSED] - ctdc.utilities.runtestcaseforKatalon.clickTab is PASSED

2021-07-14 17:13:48 - [TEST_STEP][PASSED] - waitForElementPresent(findTestObject("Object Repository/Canine/Filter/PrimDiseaseSite/BladderUrethra_Chkbx"), 10): Object 'Object Repository/Canine/Filter/PrimDiseaseSite/BladderUrethra_Chkbx' is present

2021-07-14 17:13:48 - [MESSAGE][PASSED] - Object 'Object Repository/Canine/Filter/PrimDiseaseSite/BladderUrethra_Chkbx' is present

2021-07-14 17:13:48 - [TEST_STEP][PASSED] - Thread.sleep(2000): null

2021-07-14 17:13:50 - [TEST_STEP][PASSED] - ctdc.utilities.runtestcaseforKatalon.clickTab("Object Repository/Canine/Filter/PrimDiseaseSite/BladderUrethra_Chkbx"): ctdc.utilities.runtestcaseforKatalon.clickTab is PASSED

2021-07-14 17:13:50 - [MESSAGE][PASSED] - ctdc.utilities.runtestcaseforKatalon.clickTab is PASSED

2021-07-14 17:13:50 - [TEST_STEP][PASSED] - ctdc.utilities.runtestcaseforKatalon.clickTab("Object Repository/Canine/Filter/PrimDiseaseSite/PRIMARYDISEASESITE_Ddn"): ctdc.utilities.runtestcaseforKatalon.clickTab is PASSED

2021-07-14 17:13:51 - [MESSAGE][PASSED] - ctdc.utilities.runtestcaseforKatalon.clickTab is PASSED

2021-07-14 17:13:51 - [TEST_STEP][PASSED] - Thread.sleep(2000): null

2021-07-14 17:13:53 - [TEST_STEP][PASSED] - ctdc.utilities.runtestcaseforKatalon.readStatBarCanine("Object Repository/Canine/StatBar/Canine_StatBar-Studies", "Object Repository/Canine/StatBar/Canine_StatBar-Cases", "Object Repository/Canine/StatBar/Canine_StatBar-Samples", "Object Repository/Canine/StatBar/Canine_StatBar-Files", "Object Repository/Canine/StatBar/Canine_StatBar-Aliquots"): ctdc.utilities.runtestcaseforKatalon.readStatBarCanine is PASSED

2021-07-14 17:14:09 - [MESSAGE][PASSED] - ctdc.utilities.runtestcaseforKatalon.readStatBarCanine is PASSED

2021-07-14 17:14:09 - [TEST_STEP][PASSED] - waitForElementPresent(findTestObject("Object Repository/Canine/CanineResults_Cases_Tab"), 5): Object 'Object Repository/Canine/CanineResults_Cases_Tab' is present

2021-07-14 17:14:09 - [MESSAGE][PASSED] - Object 'Object Repository/Canine/CanineResults_Cases_Tab' is present

2021-07-14 17:14:09 - [TEST_STEP][PASSED] - ctdc.utilities.runtestcaseforKatalon.clickTab("Object Repository/Canine/CanineResults_Cases_Tab"): ctdc.utilities.runtestcaseforKatalon.clickTab is PASSED

2021-07-14 17:14:10 - [MESSAGE][PASSED] - ctdc.utilities.runtestcaseforKatalon.clickTab is PASSED

2021-07-14 17:14:10 - [TEST_STEP][PASSED] - ctdc.utilities.runtestcaseforKatalon.multiFunction("ICDC", G_StatBar_Cases, "Object Repository/Canine/Canine_CasesTable", "Object Repository/Canine/Canine_TableHeader", "Object Repository/Canine/Canine_CasesTabNextBtn", G_WebTabnameCases, G_CypherTabnameCases, G_QueryCasesTab): Statbar Arms count matches

2021-07-14 17:14:26 - [MESSAGE][PASSED] - Statbar Files count matches

2021-07-14 17:14:26 - [MESSAGE][PASSED] - Statbar Samples count matches

2021-07-14 17:14:26 - [MESSAGE][PASSED] - Statbar Cases count matches

2021-07-14 17:14:26 - [MESSAGE][PASSED] - Statbar Arms count matches

2021-07-14 17:14:26 - [TEST_STEP][PASSED] - closeBrowser(): Browser is closed

2021-07-14 17:14:27 - [MESSAGE][PASSED] - Browser is closed]]></system-out>
         <system-err><![CDATA[]]></system-err>
      </testcase>
      <testcase name="Test Cases/Canine_TestCases/StudyCombinations/Study-Combinations-UBC01/TC04_Canine_StudyUBC-Breed_Diagnosis_PrimDiseaseSite" time="66.112" classname="Test Cases/Canine_TestCases/StudyCombinations/Study-Combinations-UBC01/TC04_Canine_StudyUBC-Breed_Diagnosis_PrimDiseaseSite" status="PASSED">
         <system-out><![CDATA[2021-07-14 17:14:27 - [TEST_CASE][PASSED] - Test Cases/Canine_TestCases/StudyCombinations/Study-Combinations-UBC01/TC04_Canine_StudyUBC-Breed_Diagnosis_PrimDiseaseSite: Test Cases/Canine_TestCases/StudyCombinations/Study-Combinations-UBC01/TC04_Canine_StudyUBC-Breed_Diagnosis_PrimDiseaseSite

2021-07-14 17:14:27 - [TEST_STEP][PASSED] - Start listener action : getTestScriptName: null

2021-07-14 17:14:27 - [TEST_STEP][PASSED] - TestCaseId = testCaseContext.getTestCaseId(): null

2021-07-14 17:14:27 - [TEST_STEP][PASSED] - out.println("**********this is the value of test case id string******** " + testCaseContext.getTestCaseId()): null

2021-07-14 17:14:27 - [TEST_STEP][PASSED] - G_currentTCName = TestCaseId.substring(TestCaseId.lastIndexOf("TC")): null

2021-07-14 17:14:27 - [TEST_STEP][PASSED] - out.println("This is the test case name : " + G_currentTCName): null

2021-07-14 17:14:28 - [TEST_STEP][PASSED] - closeBrowser(): Browser is closed

2021-07-14 17:14:28 - [MESSAGE][PASSED] - Browser is closed

2021-07-14 17:14:28 - [TEST_STEP][PASSED] - "Driver opened by Katalon is used in Selenium from this step.": null

2021-07-14 17:14:28 - [TEST_STEP][PASSED] - ctdc.utilities.runtestcaseforKatalon.RunKatalon("TC04_Canine_StudyUBC-Breed_Diagnosis_PrimDiseaseSite.xlsx"): Data loaded from input file for the test case. 

2021-07-14 17:14:28 - [MESSAGE][PASSED] - Test case file loaded This is the full filepath after converting to string :C:\Automation_master\InputFiles\TC04_Canine_StudyUBC-Breed_Diagnosis_PrimDiseaseSite.xlsx

2021-07-14 17:14:28 - [MESSAGE][INFO] - Global variable set for password file is :  C:\Automation_master\InputFiles\TC04_Canine_StudyUBC-Breed_Diagnosis_PrimDiseaseSite.xlsx

2021-07-14 17:14:32 - [MESSAGE][PASSED] - Data loaded from input file for the test case. 

2021-07-14 17:14:40 - [TEST_STEP][PASSED] - waitForElementPresent(findTestObject("Canine/NavBar/Canine_Cases_Btn"), 10): Object 'Object Repository/Canine/NavBar/Canine_Cases_Btn' is present

2021-07-14 17:14:40 - [MESSAGE][PASSED] - Object 'Object Repository/Canine/NavBar/Canine_Cases_Btn' is present

2021-07-14 17:14:40 - [TEST_STEP][PASSED] - ctdc.utilities.runtestcaseforKatalon.clickTab("Canine/NavBar/Canine_Cases_Btn"): ctdc.utilities.runtestcaseforKatalon.clickTab is PASSED

2021-07-14 17:14:41 - [MESSAGE][PASSED] - ctdc.utilities.runtestcaseforKatalon.clickTab is PASSED

2021-07-14 17:14:41 - [TEST_STEP][PASSED] - waitForElementPresent(findTestObject("Object Repository/Canine/Filter/FilterByCases_Facet"), 10): Object 'Object Repository/Canine/Filter/FilterByCases_Facet' is present

2021-07-14 17:14:42 - [MESSAGE][PASSED] - Object 'Object Repository/Canine/Filter/FilterByCases_Facet' is present

2021-07-14 17:14:42 - [TEST_STEP][PASSED] - ctdc.utilities.runtestcaseforKatalon.clickTab("Object Repository/Canine/Filter/FilterByCases_Facet"): ctdc.utilities.runtestcaseforKatalon.clickTab is PASSED

2021-07-14 17:14:43 - [MESSAGE][PASSED] - ctdc.utilities.runtestcaseforKatalon.clickTab is PASSED

2021-07-14 17:14:43 - [TEST_STEP][PASSED] - waitForElementPresent(findTestObject("Object Repository/Canine/Filter/Study/Canine_Filter_Study"), 10): Object 'Object Repository/Canine/Filter/Study/Canine_Filter_Study' is present

2021-07-14 17:14:43 - [MESSAGE][PASSED] - Object 'Object Repository/Canine/Filter/Study/Canine_Filter_Study' is present

2021-07-14 17:14:43 - [TEST_STEP][PASSED] - ctdc.utilities.runtestcaseforKatalon.clickTab("Object Repository/Canine/Filter/Study/Canine_Filter_Study"): ctdc.utilities.runtestcaseforKatalon.clickTab is PASSED

2021-07-14 17:14:44 - [MESSAGE][PASSED] - ctdc.utilities.runtestcaseforKatalon.clickTab is PASSED

2021-07-14 17:14:44 - [TEST_STEP][PASSED] - waitForElementPresent(findTestObject("Object Repository/Canine/Filter/Study/Canine_Filter_Study-UBC_Chkbx"), 10): Object 'Object Repository/Canine/Filter/Study/Canine_Filter_Study-UBC_Chkbx' is present

2021-07-14 17:14:44 - [MESSAGE][PASSED] - Object 'Object Repository/Canine/Filter/Study/Canine_Filter_Study-UBC_Chkbx' is present

2021-07-14 17:14:44 - [TEST_STEP][PASSED] - ctdc.utilities.runtestcaseforKatalon.clickTab("Object Repository/Canine/Filter/Study/Canine_Filter_Study-UBC_Chkbx"): ctdc.utilities.runtestcaseforKatalon.clickTab is PASSED

2021-07-14 17:14:44 - [MESSAGE][PASSED] - ctdc.utilities.runtestcaseforKatalon.clickTab is PASSED

2021-07-14 17:14:44 - [TEST_STEP][PASSED] - Thread.sleep(2000): null

2021-07-14 17:14:46 - [TEST_STEP][PASSED] - waitForElementPresent(findTestObject("Object Repository/Canine/Filter/Breed/BREED_Ddn"), 10): Object 'Object Repository/Canine/Filter/Breed/BREED_Ddn' is present

2021-07-14 17:14:46 - [MESSAGE][PASSED] - Object 'Object Repository/Canine/Filter/Breed/BREED_Ddn' is present

2021-07-14 17:14:46 - [TEST_STEP][PASSED] - ctdc.utilities.runtestcaseforKatalon.clickTab("Object Repository/Canine/Filter/Breed/BREED_Ddn"): ctdc.utilities.runtestcaseforKatalon.clickTab is PASSED

2021-07-14 17:14:47 - [MESSAGE][PASSED] - ctdc.utilities.runtestcaseforKatalon.clickTab is PASSED

2021-07-14 17:14:47 - [TEST_STEP][PASSED] - waitForElementPresent(findTestObject("Object Repository/Canine/Filter/Breed/IrishTerr_Chkbx"), 10): Object 'Object Repository/Canine/Filter/Breed/IrishTerr_Chkbx' is present

2021-07-14 17:14:47 - [MESSAGE][PASSED] - Object 'Object Repository/Canine/Filter/Breed/IrishTerr_Chkbx' is present

2021-07-14 17:14:47 - [TEST_STEP][PASSED] - ctdc.utilities.runtestcaseforKatalon.clickTab("Object Repository/Canine/Filter/Breed/IrishTerr_Chkbx"): ctdc.utilities.runtestcaseforKatalon.clickTab is PASSED

2021-07-14 17:14:47 - [MESSAGE][PASSED] - ctdc.utilities.runtestcaseforKatalon.clickTab is PASSED

2021-07-14 17:14:47 - [TEST_STEP][PASSED] - waitForElementPresent(findTestObject("Object Repository/Canine/Filter/Breed/Poodle_Chkbx"), 10): Object 'Object Repository/Canine/Filter/Breed/Poodle_Chkbx' is present

2021-07-14 17:14:48 - [MESSAGE][PASSED] - Object 'Object Repository/Canine/Filter/Breed/Poodle_Chkbx' is present

2021-07-14 17:14:48 - [TEST_STEP][PASSED] - ctdc.utilities.runtestcaseforKatalon.clickTab("Object Repository/Canine/Filter/Breed/Poodle_Chkbx"): ctdc.utilities.runtestcaseforKatalon.clickTab is PASSED

2021-07-14 17:14:48 - [MESSAGE][PASSED] - ctdc.utilities.runtestcaseforKatalon.clickTab is PASSED

2021-07-14 17:14:48 - [TEST_STEP][PASSED] - waitForElementPresent(findTestObject("Object Repository/Canine/Filter/Breed/WireFoxTerr_Chkbx"), 10): Object 'Object Repository/Canine/Filter/Breed/WireFoxTerr_Chkbx' is present

2021-07-14 17:14:49 - [MESSAGE][PASSED] - Object 'Object Repository/Canine/Filter/Breed/WireFoxTerr_Chkbx' is present

2021-07-14 17:14:49 - [TEST_STEP][PASSED] - ctdc.utilities.runtestcaseforKatalon.clickTab("Object Repository/Canine/Filter/Breed/WireFoxTerr_Chkbx"): ctdc.utilities.runtestcaseforKatalon.clickTab is PASSED

2021-07-14 17:14:49 - [MESSAGE][PASSED] - ctdc.utilities.runtestcaseforKatalon.clickTab is PASSED

2021-07-14 17:14:49 - [TEST_STEP][PASSED] - ctdc.utilities.runtestcaseforKatalon.clickTab("Object Repository/Canine/Filter/Breed/BREED_Ddn"): ctdc.utilities.runtestcaseforKatalon.clickTab is PASSED

2021-07-14 17:14:50 - [MESSAGE][PASSED] - ctdc.utilities.runtestcaseforKatalon.clickTab is PASSED

2021-07-14 17:14:50 - [TEST_STEP][PASSED] - Thread.sleep(2000): null

2021-07-14 17:14:52 - [TEST_STEP][PASSED] - waitForElementPresent(findTestObject("Object Repository/Canine/Filter/Diagnosis/DIAGNOSIS_Ddn"), 10): Object 'Object Repository/Canine/Filter/Diagnosis/DIAGNOSIS_Ddn' is present

2021-07-14 17:14:52 - [MESSAGE][PASSED] - Object 'Object Repository/Canine/Filter/Diagnosis/DIAGNOSIS_Ddn' is present

2021-07-14 17:14:52 - [TEST_STEP][PASSED] - ctdc.utilities.runtestcaseforKatalon.clickTab("Object Repository/Canine/Filter/Diagnosis/DIAGNOSIS_Ddn"): ctdc.utilities.runtestcaseforKatalon.clickTab is PASSED

2021-07-14 17:14:52 - [MESSAGE][PASSED] - ctdc.utilities.runtestcaseforKatalon.clickTab is PASSED

2021-07-14 17:14:52 - [TEST_STEP][PASSED] - waitForElementPresent(findTestObject("Object Repository/Canine/Filter/Diagnosis/BladderCancer_Chkbx"), 10): Object 'Object Repository/Canine/Filter/Diagnosis/BladderCancer_Chkbx' is present

2021-07-14 17:14:53 - [MESSAGE][PASSED] - Object 'Object Repository/Canine/Filter/Diagnosis/BladderCancer_Chkbx' is present

2021-07-14 17:14:53 - [TEST_STEP][PASSED] - ctdc.utilities.runtestcaseforKatalon.clickTab("Object Repository/Canine/Filter/Diagnosis/BladderCancer_Chkbx"): ctdc.utilities.runtestcaseforKatalon.clickTab is PASSED

2021-07-14 17:14:53 - [MESSAGE][PASSED] - ctdc.utilities.runtestcaseforKatalon.clickTab is PASSED

2021-07-14 17:14:53 - [TEST_STEP][PASSED] - ctdc.utilities.runtestcaseforKatalon.clickTab("Object Repository/Canine/Filter/Diagnosis/DIAGNOSIS_Ddn"): ctdc.utilities.runtestcaseforKatalon.clickTab is PASSED

2021-07-14 17:14:53 - [MESSAGE][PASSED] - ctdc.utilities.runtestcaseforKatalon.clickTab is PASSED

2021-07-14 17:14:53 - [TEST_STEP][PASSED] - Thread.sleep(2000): null

2021-07-14 17:14:55 - [TEST_STEP][PASSED] - waitForElementPresent(findTestObject("Object Repository/Canine/Filter/PrimDiseaseSite/PRIMARYDISEASESITE_Ddn"), 10): Object 'Object Repository/Canine/Filter/PrimDiseaseSite/PRIMARYDISEASESITE_Ddn' is present

2021-07-14 17:14:56 - [MESSAGE][PASSED] - Object 'Object Repository/Canine/Filter/PrimDiseaseSite/PRIMARYDISEASESITE_Ddn' is present

2021-07-14 17:14:56 - [TEST_STEP][PASSED] - ctdc.utilities.runtestcaseforKatalon.clickTab("Object Repository/Canine/Filter/PrimDiseaseSite/PRIMARYDISEASESITE_Ddn"): ctdc.utilities.runtestcaseforKatalon.clickTab is PASSED

2021-07-14 17:14:56 - [MESSAGE][PASSED] - ctdc.utilities.runtestcaseforKatalon.clickTab is PASSED

2021-07-14 17:14:56 - [TEST_STEP][PASSED] - waitForElementPresent(findTestObject("Object Repository/Canine/Filter/PrimDiseaseSite/BladderUrethra_Chkbx"), 10): Object 'Object Repository/Canine/Filter/PrimDiseaseSite/BladderUrethra_Chkbx' is present

2021-07-14 17:14:56 - [MESSAGE][PASSED] - Object 'Object Repository/Canine/Filter/PrimDiseaseSite/BladderUrethra_Chkbx' is present

2021-07-14 17:14:56 - [TEST_STEP][PASSED] - ctdc.utilities.runtestcaseforKatalon.clickTab("Object Repository/Canine/Filter/PrimDiseaseSite/BladderUrethra_Chkbx"): ctdc.utilities.runtestcaseforKatalon.clickTab is PASSED

2021-07-14 17:14:56 - [MESSAGE][PASSED] - ctdc.utilities.runtestcaseforKatalon.clickTab is PASSED

2021-07-14 17:14:56 - [TEST_STEP][PASSED] - ctdc.utilities.runtestcaseforKatalon.clickTab("Object Repository/Canine/Filter/PrimDiseaseSite/PRIMARYDISEASESITE_Ddn"): ctdc.utilities.runtestcaseforKatalon.clickTab is PASSED

2021-07-14 17:14:57 - [MESSAGE][PASSED] - ctdc.utilities.runtestcaseforKatalon.clickTab is PASSED

2021-07-14 17:14:57 - [TEST_STEP][PASSED] - Thread.sleep(2000): null

2021-07-14 17:14:59 - [TEST_STEP][PASSED] - ctdc.utilities.runtestcaseforKatalon.readStatBarCanine("Object Repository/Canine/StatBar/Canine_StatBar-Studies", "Object Repository/Canine/StatBar/Canine_StatBar-Cases", "Object Repository/Canine/StatBar/Canine_StatBar-Samples", "Object Repository/Canine/StatBar/Canine_StatBar-Files", "Object Repository/Canine/StatBar/Canine_StatBar-Aliquots"): ctdc.utilities.runtestcaseforKatalon.readStatBarCanine is PASSED

2021-07-14 17:15:15 - [MESSAGE][PASSED] - ctdc.utilities.runtestcaseforKatalon.readStatBarCanine is PASSED

2021-07-14 17:15:15 - [TEST_STEP][PASSED] - waitForElementPresent(findTestObject("Object Repository/Canine/CanineResults_Cases_Tab"), 5): Object 'Object Repository/Canine/CanineResults_Cases_Tab' is present

2021-07-14 17:15:15 - [MESSAGE][PASSED] - Object 'Object Repository/Canine/CanineResults_Cases_Tab' is present

2021-07-14 17:15:15 - [TEST_STEP][PASSED] - ctdc.utilities.runtestcaseforKatalon.clickTab("Object Repository/Canine/CanineResults_Cases_Tab"): ctdc.utilities.runtestcaseforKatalon.clickTab is PASSED

2021-07-14 17:15:15 - [MESSAGE][PASSED] - ctdc.utilities.runtestcaseforKatalon.clickTab is PASSED

2021-07-14 17:15:15 - [TEST_STEP][PASSED] - ctdc.utilities.runtestcaseforKatalon.multiFunction("ICDC", G_StatBar_Cases, "Object Repository/Canine/Canine_CasesTable", "Object Repository/Canine/Canine_TableHeader", "Object Repository/Canine/Canine_CasesTabNextBtn", G_WebTabnameCases, G_CypherTabnameCases, G_QueryCasesTab): Statbar Arms count matches

2021-07-14 17:15:32 - [MESSAGE][PASSED] - Statbar Files count matches

2021-07-14 17:15:32 - [MESSAGE][PASSED] - Statbar Samples count matches

2021-07-14 17:15:32 - [MESSAGE][PASSED] - Statbar Cases count matches

2021-07-14 17:15:32 - [MESSAGE][PASSED] - Statbar Arms count matches

2021-07-14 17:15:32 - [TEST_STEP][PASSED] - closeBrowser(): Browser is closed

2021-07-14 17:15:33 - [MESSAGE][PASSED] - Browser is closed]]></system-out>
         <system-err><![CDATA[]]></system-err>
      </testcase>
      <testcase name="Test Cases/Canine_TestCases/StudyCombinations/Study-Combinations-UBC01/TC05_Canine_StudyUBC-Breed_Diagnosis_PrimDiseaseSite" time="98.548" classname="Test Cases/Canine_TestCases/StudyCombinations/Study-Combinations-UBC01/TC05_Canine_StudyUBC-Breed_Diagnosis_PrimDiseaseSite" status="PASSED">
         <system-out><![CDATA[2021-07-14 17:15:33 - [TEST_CASE][PASSED] - Test Cases/Canine_TestCases/StudyCombinations/Study-Combinations-UBC01/TC05_Canine_StudyUBC-Breed_Diagnosis_PrimDiseaseSite: Test Cases/Canine_TestCases/StudyCombinations/Study-Combinations-UBC01/TC05_Canine_StudyUBC-Breed_Diagnosis_PrimDiseaseSite

2021-07-14 17:15:33 - [TEST_STEP][PASSED] - Start listener action : getTestScriptName: null

2021-07-14 17:15:33 - [TEST_STEP][PASSED] - TestCaseId = testCaseContext.getTestCaseId(): null

2021-07-14 17:15:33 - [TEST_STEP][PASSED] - out.println("**********this is the value of test case id string******** " + testCaseContext.getTestCaseId()): null

2021-07-14 17:15:33 - [TEST_STEP][PASSED] - G_currentTCName = TestCaseId.substring(TestCaseId.lastIndexOf("TC")): null

2021-07-14 17:15:33 - [TEST_STEP][PASSED] - out.println("This is the test case name : " + G_currentTCName): null

2021-07-14 17:15:34 - [TEST_STEP][PASSED] - closeBrowser(): Browser is closed

2021-07-14 17:15:34 - [MESSAGE][PASSED] - Browser is closed

2021-07-14 17:15:34 - [TEST_STEP][PASSED] - "Driver opened by Katalon is used in Selenium from this step.": null

2021-07-14 17:15:34 - [TEST_STEP][PASSED] - ctdc.utilities.runtestcaseforKatalon.RunKatalon("TC05_Canine_StudyUBC-Breed_Diagnosis_PrimDiseaseSite.xlsx"): Data loaded from input file for the test case. 

2021-07-14 17:15:34 - [MESSAGE][PASSED] - Test case file loaded This is the full filepath after converting to string :C:\Automation_master\InputFiles\TC05_Canine_StudyUBC-Breed_Diagnosis_PrimDiseaseSite.xlsx

2021-07-14 17:15:34 - [MESSAGE][INFO] - Global variable set for password file is :  C:\Automation_master\InputFiles\TC05_Canine_StudyUBC-Breed_Diagnosis_PrimDiseaseSite.xlsx

2021-07-14 17:15:38 - [MESSAGE][PASSED] - Data loaded from input file for the test case. 

2021-07-14 17:15:46 - [TEST_STEP][PASSED] - waitForElementPresent(findTestObject("Canine/NavBar/Canine_Cases_Btn"), 10): Object 'Object Repository/Canine/NavBar/Canine_Cases_Btn' is present

2021-07-14 17:15:47 - [MESSAGE][PASSED] - Object 'Object Repository/Canine/NavBar/Canine_Cases_Btn' is present

2021-07-14 17:15:47 - [TEST_STEP][PASSED] - ctdc.utilities.runtestcaseforKatalon.clickTab("Canine/NavBar/Canine_Cases_Btn"): ctdc.utilities.runtestcaseforKatalon.clickTab is PASSED

2021-07-14 17:15:47 - [MESSAGE][PASSED] - ctdc.utilities.runtestcaseforKatalon.clickTab is PASSED

2021-07-14 17:15:47 - [TEST_STEP][PASSED] - waitForElementPresent(findTestObject("Object Repository/Canine/Filter/FilterByCases_Facet"), 10): Object 'Object Repository/Canine/Filter/FilterByCases_Facet' is present

2021-07-14 17:15:49 - [MESSAGE][PASSED] - Object 'Object Repository/Canine/Filter/FilterByCases_Facet' is present

2021-07-14 17:15:49 - [TEST_STEP][PASSED] - ctdc.utilities.runtestcaseforKatalon.clickTab("Object Repository/Canine/Filter/FilterByCases_Facet"): ctdc.utilities.runtestcaseforKatalon.clickTab is PASSED

2021-07-14 17:15:49 - [MESSAGE][PASSED] - ctdc.utilities.runtestcaseforKatalon.clickTab is PASSED

2021-07-14 17:15:49 - [TEST_STEP][PASSED] - waitForElementPresent(findTestObject("Object Repository/Canine/Filter/Study/Canine_Filter_Study"), 10): Object 'Object Repository/Canine/Filter/Study/Canine_Filter_Study' is present

2021-07-14 17:15:50 - [MESSAGE][PASSED] - Object 'Object Repository/Canine/Filter/Study/Canine_Filter_Study' is present

2021-07-14 17:15:50 - [TEST_STEP][PASSED] - ctdc.utilities.runtestcaseforKatalon.clickTab("Object Repository/Canine/Filter/Study/Canine_Filter_Study"): ctdc.utilities.runtestcaseforKatalon.clickTab is PASSED

2021-07-14 17:15:50 - [MESSAGE][PASSED] - ctdc.utilities.runtestcaseforKatalon.clickTab is PASSED

2021-07-14 17:15:50 - [TEST_STEP][PASSED] - waitForElementPresent(findTestObject("Object Repository/Canine/Filter/Study/Canine_Filter_Study-UBC_Chkbx"), 10): Object 'Object Repository/Canine/Filter/Study/Canine_Filter_Study-UBC_Chkbx' is present

2021-07-14 17:15:50 - [MESSAGE][PASSED] - Object 'Object Repository/Canine/Filter/Study/Canine_Filter_Study-UBC_Chkbx' is present

2021-07-14 17:15:50 - [TEST_STEP][PASSED] - ctdc.utilities.runtestcaseforKatalon.clickTab("Object Repository/Canine/Filter/Study/Canine_Filter_Study-UBC_Chkbx"): ctdc.utilities.runtestcaseforKatalon.clickTab is PASSED

2021-07-14 17:15:51 - [MESSAGE][PASSED] - ctdc.utilities.runtestcaseforKatalon.clickTab is PASSED

2021-07-14 17:15:51 - [TEST_STEP][PASSED] - Thread.sleep(2000): null

2021-07-14 17:15:53 - [TEST_STEP][PASSED] - waitForElementPresent(findTestObject("Object Repository/Canine/Filter/Breed/BREED_Ddn"), 10): Object 'Object Repository/Canine/Filter/Breed/BREED_Ddn' is present

2021-07-14 17:15:53 - [MESSAGE][PASSED] - Object 'Object Repository/Canine/Filter/Breed/BREED_Ddn' is present

2021-07-14 17:15:53 - [TEST_STEP][PASSED] - ctdc.utilities.runtestcaseforKatalon.clickTab("Object Repository/Canine/Filter/Breed/BREED_Ddn"): ctdc.utilities.runtestcaseforKatalon.clickTab is PASSED

2021-07-14 17:15:53 - [MESSAGE][PASSED] - ctdc.utilities.runtestcaseforKatalon.clickTab is PASSED

2021-07-14 17:15:53 - [TEST_STEP][PASSED] - waitForElementPresent(findTestObject("Object Repository/Canine/Filter/Breed/Mixed_Chkbx"), 10): Object 'Object Repository/Canine/Filter/Breed/Mixed_Chkbx' is present

2021-07-14 17:15:53 - [MESSAGE][PASSED] - Object 'Object Repository/Canine/Filter/Breed/Mixed_Chkbx' is present

2021-07-14 17:15:53 - [TEST_STEP][PASSED] - ctdc.utilities.runtestcaseforKatalon.clickTab("Object Repository/Canine/Filter/Breed/Mixed_Chkbx"): ctdc.utilities.runtestcaseforKatalon.clickTab is PASSED

2021-07-14 17:15:54 - [MESSAGE][PASSED] - ctdc.utilities.runtestcaseforKatalon.clickTab is PASSED

2021-07-14 17:15:54 - [TEST_STEP][PASSED] - waitForElementPresent(findTestObject("Object Repository/Canine/Filter/Breed/ScottTerr_Chkbx"), 10): Object 'Object Repository/Canine/Filter/Breed/ScottTerr_Chkbx' is present

2021-07-14 17:15:55 - [MESSAGE][PASSED] - Object 'Object Repository/Canine/Filter/Breed/ScottTerr_Chkbx' is present

2021-07-14 17:15:55 - [TEST_STEP][PASSED] - ctdc.utilities.runtestcaseforKatalon.clickTab("Object Repository/Canine/Filter/Breed/ScottTerr_Chkbx"): ctdc.utilities.runtestcaseforKatalon.clickTab is PASSED

2021-07-14 17:15:55 - [MESSAGE][PASSED] - ctdc.utilities.runtestcaseforKatalon.clickTab is PASSED

2021-07-14 17:15:55 - [TEST_STEP][PASSED] - waitForElementPresent(findTestObject("Object Repository/Canine/Filter/Breed/ShetlandShpdog_Chkbx"), 10): Object 'Object Repository/Canine/Filter/Breed/ShetlandShpdog_Chkbx' is present

2021-07-14 17:15:56 - [MESSAGE][PASSED] - Object 'Object Repository/Canine/Filter/Breed/ShetlandShpdog_Chkbx' is present

2021-07-14 17:15:56 - [TEST_STEP][PASSED] - ctdc.utilities.runtestcaseforKatalon.clickTab("Object Repository/Canine/Filter/Breed/ShetlandShpdog_Chkbx"): ctdc.utilities.runtestcaseforKatalon.clickTab is PASSED

2021-07-14 17:15:56 - [MESSAGE][PASSED] - ctdc.utilities.runtestcaseforKatalon.clickTab is PASSED

2021-07-14 17:15:56 - [TEST_STEP][PASSED] - ctdc.utilities.runtestcaseforKatalon.clickTab("Object Repository/Canine/Filter/Breed/BREED_Ddn"): ctdc.utilities.runtestcaseforKatalon.clickTab is PASSED

2021-07-14 17:15:57 - [MESSAGE][PASSED] - ctdc.utilities.runtestcaseforKatalon.clickTab is PASSED

2021-07-14 17:15:57 - [TEST_STEP][PASSED] - waitForElementPresent(findTestObject("Object Repository/Canine/Filter/Diagnosis/DIAGNOSIS_Ddn"), 10): Object 'Object Repository/Canine/Filter/Diagnosis/DIAGNOSIS_Ddn' is present

2021-07-14 17:15:57 - [MESSAGE][PASSED] - Object 'Object Repository/Canine/Filter/Diagnosis/DIAGNOSIS_Ddn' is present

2021-07-14 17:15:57 - [TEST_STEP][PASSED] - ctdc.utilities.runtestcaseforKatalon.clickTab("Object Repository/Canine/Filter/Diagnosis/DIAGNOSIS_Ddn"): ctdc.utilities.runtestcaseforKatalon.clickTab is PASSED

2021-07-14 17:15:58 - [MESSAGE][PASSED] - ctdc.utilities.runtestcaseforKatalon.clickTab is PASSED

2021-07-14 17:15:58 - [TEST_STEP][PASSED] - waitForElementPresent(findTestObject("Object Repository/Canine/Filter/Diagnosis/BladderCancer_Chkbx"), 10): Object 'Object Repository/Canine/Filter/Diagnosis/BladderCancer_Chkbx' is present

2021-07-14 17:15:58 - [MESSAGE][PASSED] - Object 'Object Repository/Canine/Filter/Diagnosis/BladderCancer_Chkbx' is present

2021-07-14 17:15:58 - [TEST_STEP][PASSED] - ctdc.utilities.runtestcaseforKatalon.clickTab("Object Repository/Canine/Filter/Diagnosis/BladderCancer_Chkbx"): ctdc.utilities.runtestcaseforKatalon.clickTab is PASSED

2021-07-14 17:15:58 - [MESSAGE][PASSED] - ctdc.utilities.runtestcaseforKatalon.clickTab is PASSED

2021-07-14 17:15:58 - [TEST_STEP][PASSED] - waitForElementPresent(findTestObject("Object Repository/Canine/Filter/Diagnosis/HealthyControl_Chkbx"), 10): Object 'Object Repository/Canine/Filter/Diagnosis/HealthyControl_Chkbx' is present

2021-07-14 17:15:59 - [MESSAGE][PASSED] - Object 'Object Repository/Canine/Filter/Diagnosis/HealthyControl_Chkbx' is present

2021-07-14 17:15:59 - [TEST_STEP][PASSED] - ctdc.utilities.runtestcaseforKatalon.clickTab("Object Repository/Canine/Filter/Diagnosis/HealthyControl_Chkbx"): ctdc.utilities.runtestcaseforKatalon.clickTab is PASSED

2021-07-14 17:15:59 - [MESSAGE][PASSED] - ctdc.utilities.runtestcaseforKatalon.clickTab is PASSED

2021-07-14 17:15:59 - [TEST_STEP][PASSED] - ctdc.utilities.runtestcaseforKatalon.clickTab("Object Repository/Canine/Filter/Diagnosis/DIAGNOSIS_Ddn"): ctdc.utilities.runtestcaseforKatalon.clickTab is PASSED

2021-07-14 17:16:00 - [MESSAGE][PASSED] - ctdc.utilities.runtestcaseforKatalon.clickTab is PASSED

2021-07-14 17:16:00 - [TEST_STEP][PASSED] - Thread.sleep(2000): null

2021-07-14 17:16:02 - [TEST_STEP][PASSED] - waitForElementPresent(findTestObject("Object Repository/Canine/Filter/PrimDiseaseSite/PRIMARYDISEASESITE_Ddn"), 10): Object 'Object Repository/Canine/Filter/PrimDiseaseSite/PRIMARYDISEASESITE_Ddn' is present

2021-07-14 17:16:02 - [MESSAGE][PASSED] - Object 'Object Repository/Canine/Filter/PrimDiseaseSite/PRIMARYDISEASESITE_Ddn' is present

2021-07-14 17:16:02 - [TEST_STEP][PASSED] - ctdc.utilities.runtestcaseforKatalon.clickTab("Object Repository/Canine/Filter/PrimDiseaseSite/PRIMARYDISEASESITE_Ddn"): ctdc.utilities.runtestcaseforKatalon.clickTab is PASSED

2021-07-14 17:16:02 - [MESSAGE][PASSED] - ctdc.utilities.runtestcaseforKatalon.clickTab is PASSED

2021-07-14 17:16:02 - [TEST_STEP][PASSED] - Thread.sleep(5000): null

2021-07-14 17:16:07 - [TEST_STEP][PASSED] - waitForElementPresent(findTestObject("Object Repository/Canine/Filter/PrimDiseaseSite/Bladder_Chkbx"), 10): Object 'Object Repository/Canine/Filter/PrimDiseaseSite/Bladder_Chkbx' is present

2021-07-14 17:16:08 - [MESSAGE][PASSED] - Object 'Object Repository/Canine/Filter/PrimDiseaseSite/Bladder_Chkbx' is present

2021-07-14 17:16:08 - [TEST_STEP][PASSED] - ctdc.utilities.runtestcaseforKatalon.clickTab("Object Repository/Canine/Filter/PrimDiseaseSite/Bladder_Chkbx"): ctdc.utilities.runtestcaseforKatalon.clickTab is PASSED

2021-07-14 17:16:08 - [MESSAGE][PASSED] - ctdc.utilities.runtestcaseforKatalon.clickTab is PASSED

2021-07-14 17:16:08 - [TEST_STEP][PASSED] - Thread.sleep(2000): null

2021-07-14 17:16:10 - [TEST_STEP][PASSED] - waitForElementPresent(findTestObject("Object Repository/Canine/Filter/PrimDiseaseSite/BladderProstate_Chkbx"), 10): Object 'Object Repository/Canine/Filter/PrimDiseaseSite/BladderProstate_Chkbx' is present

2021-07-14 17:16:10 - [MESSAGE][PASSED] - Object 'Object Repository/Canine/Filter/PrimDiseaseSite/BladderProstate_Chkbx' is present

2021-07-14 17:16:10 - [TEST_STEP][PASSED] - ctdc.utilities.runtestcaseforKatalon.clickTab("Object Repository/Canine/Filter/PrimDiseaseSite/BladderProstate_Chkbx"): ctdc.utilities.runtestcaseforKatalon.clickTab is PASSED

2021-07-14 17:16:10 - [MESSAGE][PASSED] - ctdc.utilities.runtestcaseforKatalon.clickTab is PASSED

2021-07-14 17:16:10 - [TEST_STEP][PASSED] - Thread.sleep(2000): null

2021-07-14 17:16:12 - [TEST_STEP][PASSED] - waitForElementPresent(findTestObject("Object Repository/Canine/Filter/PrimDiseaseSite/BladderUrethra_Chkbx"), 10): Object 'Object Repository/Canine/Filter/PrimDiseaseSite/BladderUrethra_Chkbx' is present

2021-07-14 17:16:13 - [MESSAGE][PASSED] - Object 'Object Repository/Canine/Filter/PrimDiseaseSite/BladderUrethra_Chkbx' is present

2021-07-14 17:16:13 - [TEST_STEP][PASSED] - ctdc.utilities.runtestcaseforKatalon.clickTab("Object Repository/Canine/Filter/PrimDiseaseSite/BladderUrethra_Chkbx"): ctdc.utilities.runtestcaseforKatalon.clickTab is PASSED

2021-07-14 17:16:13 - [MESSAGE][PASSED] - ctdc.utilities.runtestcaseforKatalon.clickTab is PASSED

2021-07-14 17:16:13 - [TEST_STEP][PASSED] - Thread.sleep(2000): null

2021-07-14 17:16:15 - [TEST_STEP][PASSED] - waitForElementPresent(findTestObject("Object Repository/Canine/Filter/PrimDiseaseSite/BladderUrethraProstate_Chkbx"), 10): Object 'Object Repository/Canine/Filter/PrimDiseaseSite/BladderUrethraProstate_Chkbx' is present

2021-07-14 17:16:15 - [MESSAGE][PASSED] - Object 'Object Repository/Canine/Filter/PrimDiseaseSite/BladderUrethraProstate_Chkbx' is present

2021-07-14 17:16:15 - [TEST_STEP][PASSED] - ctdc.utilities.runtestcaseforKatalon.clickTab("Object Repository/Canine/Filter/PrimDiseaseSite/BladderUrethraProstate_Chkbx"): ctdc.utilities.runtestcaseforKatalon.clickTab is PASSED

2021-07-14 17:16:15 - [MESSAGE][PASSED] - ctdc.utilities.runtestcaseforKatalon.clickTab is PASSED

2021-07-14 17:16:15 - [TEST_STEP][PASSED] - Thread.sleep(2000): null

2021-07-14 17:16:17 - [TEST_STEP][PASSED] - waitForElementPresent(findTestObject("Object Repository/Canine/Filter/PrimDiseaseSite/NotApplicable_Chkbx"), 10): Object 'Object Repository/Canine/Filter/PrimDiseaseSite/NotApplicable_Chkbx' is present

2021-07-14 17:16:17 - [MESSAGE][PASSED] - Object 'Object Repository/Canine/Filter/PrimDiseaseSite/NotApplicable_Chkbx' is present

2021-07-14 17:16:17 - [TEST_STEP][PASSED] - ctdc.utilities.runtestcaseforKatalon.clickTab("Object Repository/Canine/Filter/PrimDiseaseSite/NotApplicable_Chkbx"): ctdc.utilities.runtestcaseforKatalon.clickTab is PASSED

2021-07-14 17:16:18 - [MESSAGE][PASSED] - ctdc.utilities.runtestcaseforKatalon.clickTab is PASSED

2021-07-14 17:16:18 - [TEST_STEP][PASSED] - ctdc.utilities.runtestcaseforKatalon.clickTab("Object Repository/Canine/Filter/PrimDiseaseSite/PRIMARYDISEASESITE_Ddn"): ctdc.utilities.runtestcaseforKatalon.clickTab is PASSED

2021-07-14 17:16:18 - [MESSAGE][PASSED] - ctdc.utilities.runtestcaseforKatalon.clickTab is PASSED

2021-07-14 17:16:18 - [TEST_STEP][PASSED] - Thread.sleep(2000): null

2021-07-14 17:16:20 - [TEST_STEP][PASSED] - ctdc.utilities.runtestcaseforKatalon.readStatBarCanine("Object Repository/Canine/StatBar/Canine_StatBar-Studies", "Object Repository/Canine/StatBar/Canine_StatBar-Cases", "Object Repository/Canine/StatBar/Canine_StatBar-Samples", "Object Repository/Canine/StatBar/Canine_StatBar-Files", "Object Repository/Canine/StatBar/Canine_StatBar-Aliquots"): ctdc.utilities.runtestcaseforKatalon.readStatBarCanine is PASSED

2021-07-14 17:16:36 - [MESSAGE][PASSED] - ctdc.utilities.runtestcaseforKatalon.readStatBarCanine is PASSED

2021-07-14 17:16:36 - [TEST_STEP][PASSED] - waitForElementPresent(findTestObject("Object Repository/Canine/CanineResults_Cases_Tab"), 5): Object 'Object Repository/Canine/CanineResults_Cases_Tab' is present

2021-07-14 17:16:36 - [MESSAGE][PASSED] - Object 'Object Repository/Canine/CanineResults_Cases_Tab' is present

2021-07-14 17:16:36 - [TEST_STEP][PASSED] - ctdc.utilities.runtestcaseforKatalon.clickTab("Object Repository/Canine/CanineResults_Cases_Tab"): ctdc.utilities.runtestcaseforKatalon.clickTab is PASSED

2021-07-14 17:16:37 - [MESSAGE][PASSED] - ctdc.utilities.runtestcaseforKatalon.clickTab is PASSED

2021-07-14 17:16:37 - [TEST_STEP][PASSED] - ctdc.utilities.runtestcaseforKatalon.multiFunction("ICDC", G_StatBar_Cases, "Object Repository/Canine/Canine_CasesTable", "Object Repository/Canine/Canine_TableHeader", "Object Repository/Canine/Canine_CasesTabNextBtn", G_WebTabnameCases, G_CypherTabnameCases, G_QueryCasesTab): Statbar Arms count matches

2021-07-14 17:17:11 - [MESSAGE][PASSED] - Statbar Files count matches

2021-07-14 17:17:11 - [MESSAGE][PASSED] - Statbar Samples count matches

2021-07-14 17:17:11 - [MESSAGE][PASSED] - Statbar Cases count matches

2021-07-14 17:17:11 - [MESSAGE][PASSED] - Statbar Arms count matches]]></system-out>
         <system-err><![CDATA[]]></system-err>
      </testcase>
      <testcase name="Test Cases/Canine_TestCases/StudyCombinations/Study-Combinations-UBC01/TC06_Canine_StudyUBC-Breed_Diagnosis_PrimDiseaseSite" time="85.816" classname="Test Cases/Canine_TestCases/StudyCombinations/Study-Combinations-UBC01/TC06_Canine_StudyUBC-Breed_Diagnosis_PrimDiseaseSite" status="ERROR">
         <error type="ERROR" message="Test Cases/Canine_TestCases/StudyCombinations/Study-Combinations-UBC01/TC06_Canine_StudyUBC-Breed_Diagnosis_PrimDiseaseSite FAILED.
Reason:
java.lang.IndexOutOfBoundsException: Index: 11, Size: 11
	at java_util_List$get$1.call(Unknown Source)
	at ctdc.utilities.runtestcaseforKatalon.compareTwoLists(runtestcaseforKatalon.groovy:849)
	at ctdc.utilities.runtestcaseforKatalon.compareLists(runtestcaseforKatalon.groovy:901)
	at ctdc.utilities.runtestcaseforKatalon.multiFunction(runtestcaseforKatalon.groovy:253)
	at ctdc.utilities.runtestcaseforKatalon.invokeMethod(runtestcaseforKatalon.groovy)
	at com.kms.katalon.core.main.CustomKeywordDelegatingMetaClass.invokeStaticMethod(CustomKeywordDelegatingMetaClass.java:50)
	at TC06_Canine_StudyUBC-Breed_Diagnosis_PrimDiseaseSite.run(TC06_Canine_StudyUBC-Breed_Diagnosis_PrimDiseaseSite:99)
	at com.kms.katalon.core.main.ScriptEngine.run(ScriptEngine.java:194)
	at com.kms.katalon.core.main.ScriptEngine.runScriptAsRawText(ScriptEngine.java:119)
	at com.kms.katalon.core.main.TestCaseExecutor.runScript(TestCaseExecutor.java:369)
	at com.kms.katalon.core.main.TestCaseExecutor.doExecute(TestCaseExecutor.java:360)
	at com.kms.katalon.core.main.TestCaseExecutor.processExecutionPhase(TestCaseExecutor.java:339)
	at com.kms.katalon.core.main.TestCaseExecutor.accessMainPhase(TestCaseExecutor.java:331)
	at com.kms.katalon.core.main.TestCaseExecutor.execute(TestCaseExecutor.java:248)
	at com.kms.katalon.core.main.TestSuiteExecutor.accessTestCaseMainPhase(TestSuiteExecutor.java:191)
	at com.kms.katalon.core.main.TestSuiteExecutor.accessTestSuiteMainPhase(TestSuiteExecutor.java:140)
	at com.kms.katalon.core.main.TestSuiteExecutor.execute(TestSuiteExecutor.java:89)
	at com.kms.katalon.core.main.TestCaseMain.startTestSuite(TestCaseMain.java:185)
	at com.kms.katalon.core.main.TestCaseMain$startTestSuite$0.call(Unknown Source)
	at TempTestSuite1626296935818.run(TempTestSuite1626296935818.groovy:39)
"/>
         <system-out><![CDATA[2021-07-14 17:17:11 - [TEST_CASE][ERROR] - Test Cases/Canine_TestCases/StudyCombinations/Study-Combinations-UBC01/TC06_Canine_StudyUBC-Breed_Diagnosis_PrimDiseaseSite: Test Cases/Canine_TestCases/StudyCombinations/Study-Combinations-UBC01/TC06_Canine_StudyUBC-Breed_Diagnosis_PrimDiseaseSite FAILED.
Reason:
java.lang.IndexOutOfBoundsException: Index: 11, Size: 11
	at java_util_List$get$1.call(Unknown Source)
	at ctdc.utilities.runtestcaseforKatalon.compareTwoLists(runtestcaseforKatalon.groovy:849)
	at ctdc.utilities.runtestcaseforKatalon.compareLists(runtestcaseforKatalon.groovy:901)
	at ctdc.utilities.runtestcaseforKatalon.multiFunction(runtestcaseforKatalon.groovy:253)
	at ctdc.utilities.runtestcaseforKatalon.invokeMethod(runtestcaseforKatalon.groovy)
	at com.kms.katalon.core.main.CustomKeywordDelegatingMetaClass.invokeStaticMethod(CustomKeywordDelegatingMetaClass.java:50)
	at TC06_Canine_StudyUBC-Breed_Diagnosis_PrimDiseaseSite.run(TC06_Canine_StudyUBC-Breed_Diagnosis_PrimDiseaseSite:99)
	at com.kms.katalon.core.main.ScriptEngine.run(ScriptEngine.java:194)
	at com.kms.katalon.core.main.ScriptEngine.runScriptAsRawText(ScriptEngine.java:119)
	at com.kms.katalon.core.main.TestCaseExecutor.runScript(TestCaseExecutor.java:369)
	at com.kms.katalon.core.main.TestCaseExecutor.doExecute(TestCaseExecutor.java:360)
	at com.kms.katalon.core.main.TestCaseExecutor.processExecutionPhase(TestCaseExecutor.java:339)
	at com.kms.katalon.core.main.TestCaseExecutor.accessMainPhase(TestCaseExecutor.java:331)
	at com.kms.katalon.core.main.TestCaseExecutor.execute(TestCaseExecutor.java:248)
	at com.kms.katalon.core.main.TestSuiteExecutor.accessTestCaseMainPhase(TestSuiteExecutor.java:191)
	at com.kms.katalon.core.main.TestSuiteExecutor.accessTestSuiteMainPhase(TestSuiteExecutor.java:140)
	at com.kms.katalon.core.main.TestSuiteExecutor.execute(TestSuiteExecutor.java:89)
	at com.kms.katalon.core.main.TestCaseMain.startTestSuite(TestCaseMain.java:185)
	at com.kms.katalon.core.main.TestCaseMain$startTestSuite$0.call(Unknown Source)
	at TempTestSuite1626296935818.run(TempTestSuite1626296935818.groovy:39)


2021-07-14 17:17:11 - [TEST_STEP][PASSED] - Start listener action : getTestScriptName: null

2021-07-14 17:17:11 - [TEST_STEP][PASSED] - TestCaseId = testCaseContext.getTestCaseId(): null

2021-07-14 17:17:11 - [TEST_STEP][PASSED] - out.println("**********this is the value of test case id string******** " + testCaseContext.getTestCaseId()): null

2021-07-14 17:17:11 - [TEST_STEP][PASSED] - G_currentTCName = TestCaseId.substring(TestCaseId.lastIndexOf("TC")): null

2021-07-14 17:17:11 - [TEST_STEP][PASSED] - out.println("This is the test case name : " + G_currentTCName): null

2021-07-14 17:17:13 - [TEST_STEP][PASSED] - closeBrowser(): Browser is closed

2021-07-14 17:17:13 - [MESSAGE][PASSED] - Browser is closed

2021-07-14 17:17:13 - [TEST_STEP][PASSED] - openBrowser(""): Browser is opened with url: ''

2021-07-14 17:17:13 - [MESSAGE][INFO] - Starting 'Chrome (headless)' driver

2021-07-14 17:17:13 - [MESSAGE][INFO] - User set preference: ['args', '[--no-sandbox]']

2021-07-14 17:17:13 - [MESSAGE][INFO] - Action delay is set to 0 milliseconds

2021-07-14 17:17:15 - [MESSAGE][PASSED] - Browser is opened with url: ''

2021-07-14 17:17:15 - [TEST_STEP][PASSED] - maximizeWindow(): Current window maximized

2021-07-14 17:17:15 - [MESSAGE][PASSED] - Current window maximized

2021-07-14 17:17:15 - [TEST_STEP][PASSED] - "Driver opened by Katalon is used in Selenium from this step.": null

2021-07-14 17:17:15 - [TEST_STEP][PASSED] - ctdc.utilities.runtestcaseforKatalon.RunKatalon("TC06_Canine_StudyUBC-Breed_Diagnosis_PrimDiseaseSite.xlsx"): Data loaded from input file for the test case. 

2021-07-14 17:17:15 - [MESSAGE][PASSED] - Test case file loaded This is the full filepath after converting to string :C:\Automation_master\InputFiles\TC06_Canine_StudyUBC-Breed_Diagnosis_PrimDiseaseSite.xlsx

2021-07-14 17:17:15 - [MESSAGE][INFO] - Global variable set for password file is :  C:\Automation_master\InputFiles\TC06_Canine_StudyUBC-Breed_Diagnosis_PrimDiseaseSite.xlsx

2021-07-14 17:17:19 - [MESSAGE][PASSED] - Data loaded from input file for the test case. 

2021-07-14 17:17:26 - [TEST_STEP][PASSED] - waitForElementPresent(findTestObject("Canine/NavBar/Canine_Cases_Btn"), 10): Object 'Object Repository/Canine/NavBar/Canine_Cases_Btn' is present

2021-07-14 17:17:26 - [MESSAGE][PASSED] - Object 'Object Repository/Canine/NavBar/Canine_Cases_Btn' is present

2021-07-14 17:17:26 - [TEST_STEP][PASSED] - ctdc.utilities.runtestcaseforKatalon.clickTab("Canine/NavBar/Canine_Cases_Btn"): ctdc.utilities.runtestcaseforKatalon.clickTab is PASSED

2021-07-14 17:17:26 - [MESSAGE][PASSED] - ctdc.utilities.runtestcaseforKatalon.clickTab is PASSED

2021-07-14 17:17:26 - [TEST_STEP][PASSED] - waitForElementPresent(findTestObject("Object Repository/Canine/Filter/FilterByCases_Facet"), 10): Object 'Object Repository/Canine/Filter/FilterByCases_Facet' is present

2021-07-14 17:17:27 - [MESSAGE][PASSED] - Object 'Object Repository/Canine/Filter/FilterByCases_Facet' is present

2021-07-14 17:17:27 - [TEST_STEP][PASSED] - ctdc.utilities.runtestcaseforKatalon.clickTab("Object Repository/Canine/Filter/FilterByCases_Facet"): ctdc.utilities.runtestcaseforKatalon.clickTab is PASSED

2021-07-14 17:17:27 - [MESSAGE][PASSED] - ctdc.utilities.runtestcaseforKatalon.clickTab is PASSED

2021-07-14 17:17:27 - [TEST_STEP][PASSED] - waitForElementPresent(findTestObject("Object Repository/Canine/Filter/Study/Canine_Filter_Study"), 10): Object 'Object Repository/Canine/Filter/Study/Canine_Filter_Study' is present

2021-07-14 17:17:28 - [MESSAGE][PASSED] - Object 'Object Repository/Canine/Filter/Study/Canine_Filter_Study' is present

2021-07-14 17:17:28 - [TEST_STEP][PASSED] - ctdc.utilities.runtestcaseforKatalon.clickTab("Object Repository/Canine/Filter/Study/Canine_Filter_Study"): ctdc.utilities.runtestcaseforKatalon.clickTab is PASSED

2021-07-14 17:17:28 - [MESSAGE][PASSED] - ctdc.utilities.runtestcaseforKatalon.clickTab is PASSED

2021-07-14 17:17:28 - [TEST_STEP][PASSED] - waitForElementPresent(findTestObject("Object Repository/Canine/Filter/Study/Canine_Filter_Study-UBC_Chkbx"), 10): Object 'Object Repository/Canine/Filter/Study/Canine_Filter_Study-UBC_Chkbx' is present

2021-07-14 17:17:29 - [MESSAGE][PASSED] - Object 'Object Repository/Canine/Filter/Study/Canine_Filter_Study-UBC_Chkbx' is present

2021-07-14 17:17:29 - [TEST_STEP][PASSED] - ctdc.utilities.runtestcaseforKatalon.clickTab("Object Repository/Canine/Filter/Study/Canine_Filter_Study-UBC_Chkbx"): ctdc.utilities.runtestcaseforKatalon.clickTab is PASSED

2021-07-14 17:17:29 - [MESSAGE][PASSED] - ctdc.utilities.runtestcaseforKatalon.clickTab is PASSED

2021-07-14 17:17:29 - [TEST_STEP][PASSED] - Thread.sleep(2000): null

2021-07-14 17:17:31 - [TEST_STEP][PASSED] - waitForElementPresent(findTestObject("Object Repository/Canine/Filter/Breed/BREED_Ddn"), 10): Object 'Object Repository/Canine/Filter/Breed/BREED_Ddn' is present

2021-07-14 17:17:31 - [MESSAGE][PASSED] - Object 'Object Repository/Canine/Filter/Breed/BREED_Ddn' is present

2021-07-14 17:17:31 - [TEST_STEP][PASSED] - ctdc.utilities.runtestcaseforKatalon.clickTab("Object Repository/Canine/Filter/Breed/BREED_Ddn"): ctdc.utilities.runtestcaseforKatalon.clickTab is PASSED

2021-07-14 17:17:31 - [MESSAGE][PASSED] - ctdc.utilities.runtestcaseforKatalon.clickTab is PASSED

2021-07-14 17:17:31 - [TEST_STEP][PASSED] - waitForElementPresent(findTestObject("Object Repository/Canine/Filter/Breed/Mixed_Chkbx"), 10): Object 'Object Repository/Canine/Filter/Breed/Mixed_Chkbx' is present

2021-07-14 17:17:32 - [MESSAGE][PASSED] - Object 'Object Repository/Canine/Filter/Breed/Mixed_Chkbx' is present

2021-07-14 17:17:32 - [TEST_STEP][PASSED] - ctdc.utilities.runtestcaseforKatalon.clickTab("Object Repository/Canine/Filter/Breed/Mixed_Chkbx"): ctdc.utilities.runtestcaseforKatalon.clickTab is PASSED

2021-07-14 17:17:32 - [MESSAGE][PASSED] - ctdc.utilities.runtestcaseforKatalon.clickTab is PASSED

2021-07-14 17:17:32 - [TEST_STEP][PASSED] - waitForElementPresent(findTestObject("Object Repository/Canine/Filter/Breed/ScottTerr_Chkbx"), 10): Object 'Object Repository/Canine/Filter/Breed/ScottTerr_Chkbx' is present

2021-07-14 17:17:32 - [MESSAGE][PASSED] - Object 'Object Repository/Canine/Filter/Breed/ScottTerr_Chkbx' is present

2021-07-14 17:17:32 - [TEST_STEP][PASSED] - ctdc.utilities.runtestcaseforKatalon.clickTab("Object Repository/Canine/Filter/Breed/ScottTerr_Chkbx"): ctdc.utilities.runtestcaseforKatalon.clickTab is PASSED

2021-07-14 17:17:33 - [MESSAGE][PASSED] - ctdc.utilities.runtestcaseforKatalon.clickTab is PASSED

2021-07-14 17:17:33 - [TEST_STEP][PASSED] - waitForElementPresent(findTestObject("Object Repository/Canine/Filter/Breed/ShetlandShpdog_Chkbx"), 10): Object 'Object Repository/Canine/Filter/Breed/ShetlandShpdog_Chkbx' is present

2021-07-14 17:17:34 - [MESSAGE][PASSED] - Object 'Object Repository/Canine/Filter/Breed/ShetlandShpdog_Chkbx' is present

2021-07-14 17:17:34 - [TEST_STEP][PASSED] - ctdc.utilities.runtestcaseforKatalon.clickTab("Object Repository/Canine/Filter/Breed/ShetlandShpdog_Chkbx"): ctdc.utilities.runtestcaseforKatalon.clickTab is PASSED

2021-07-14 17:17:34 - [MESSAGE][PASSED] - ctdc.utilities.runtestcaseforKatalon.clickTab is PASSED

2021-07-14 17:17:34 - [TEST_STEP][PASSED] - ctdc.utilities.runtestcaseforKatalon.clickTab("Object Repository/Canine/Filter/Breed/BREED_Ddn"): ctdc.utilities.runtestcaseforKatalon.clickTab is PASSED

2021-07-14 17:17:35 - [MESSAGE][PASSED] - ctdc.utilities.runtestcaseforKatalon.clickTab is PASSED

2021-07-14 17:17:35 - [TEST_STEP][PASSED] - waitForElementPresent(findTestObject("Object Repository/Canine/Filter/Diagnosis/DIAGNOSIS_Ddn"), 10): Object 'Object Repository/Canine/Filter/Diagnosis/DIAGNOSIS_Ddn' is present

2021-07-14 17:17:35 - [MESSAGE][PASSED] - Object 'Object Repository/Canine/Filter/Diagnosis/DIAGNOSIS_Ddn' is present

2021-07-14 17:17:35 - [TEST_STEP][PASSED] - ctdc.utilities.runtestcaseforKatalon.clickTab("Object Repository/Canine/Filter/Diagnosis/DIAGNOSIS_Ddn"): ctdc.utilities.runtestcaseforKatalon.clickTab is PASSED

2021-07-14 17:17:35 - [MESSAGE][PASSED] - ctdc.utilities.runtestcaseforKatalon.clickTab is PASSED

2021-07-14 17:17:35 - [TEST_STEP][PASSED] - waitForElementPresent(findTestObject("Object Repository/Canine/Filter/Diagnosis/BladderCancer_Chkbx"), 10): Object 'Object Repository/Canine/Filter/Diagnosis/BladderCancer_Chkbx' is present

2021-07-14 17:17:35 - [MESSAGE][PASSED] - Object 'Object Repository/Canine/Filter/Diagnosis/BladderCancer_Chkbx' is present

2021-07-14 17:17:35 - [TEST_STEP][PASSED] - ctdc.utilities.runtestcaseforKatalon.clickTab("Object Repository/Canine/Filter/Diagnosis/BladderCancer_Chkbx"): ctdc.utilities.runtestcaseforKatalon.clickTab is PASSED

2021-07-14 17:17:36 - [MESSAGE][PASSED] - ctdc.utilities.runtestcaseforKatalon.clickTab is PASSED

2021-07-14 17:17:36 - [TEST_STEP][PASSED] - waitForElementPresent(findTestObject("Object Repository/Canine/Filter/Diagnosis/HealthyControl_Chkbx"), 10): Object 'Object Repository/Canine/Filter/Diagnosis/HealthyControl_Chkbx' is present

2021-07-14 17:17:37 - [MESSAGE][PASSED] - Object 'Object Repository/Canine/Filter/Diagnosis/HealthyControl_Chkbx' is present

2021-07-14 17:17:37 - [TEST_STEP][PASSED] - ctdc.utilities.runtestcaseforKatalon.clickTab("Object Repository/Canine/Filter/Diagnosis/HealthyControl_Chkbx"): ctdc.utilities.runtestcaseforKatalon.clickTab is PASSED

2021-07-14 17:17:37 - [MESSAGE][PASSED] - ctdc.utilities.runtestcaseforKatalon.clickTab is PASSED

2021-07-14 17:17:37 - [TEST_STEP][PASSED] - ctdc.utilities.runtestcaseforKatalon.clickTab("Object Repository/Canine/Filter/Diagnosis/DIAGNOSIS_Ddn"): ctdc.utilities.runtestcaseforKatalon.clickTab is PASSED

2021-07-14 17:17:38 - [MESSAGE][PASSED] - ctdc.utilities.runtestcaseforKatalon.clickTab is PASSED

2021-07-14 17:17:38 - [TEST_STEP][PASSED] - Thread.sleep(2000): null

2021-07-14 17:17:40 - [TEST_STEP][PASSED] - waitForElementPresent(findTestObject("Object Repository/Canine/Filter/PrimDiseaseSite/PRIMARYDISEASESITE_Ddn"), 10): Object 'Object Repository/Canine/Filter/PrimDiseaseSite/PRIMARYDISEASESITE_Ddn' is present

2021-07-14 17:17:40 - [MESSAGE][PASSED] - Object 'Object Repository/Canine/Filter/PrimDiseaseSite/PRIMARYDISEASESITE_Ddn' is present

2021-07-14 17:17:40 - [TEST_STEP][PASSED] - ctdc.utilities.runtestcaseforKatalon.clickTab("Object Repository/Canine/Filter/PrimDiseaseSite/PRIMARYDISEASESITE_Ddn"): ctdc.utilities.runtestcaseforKatalon.clickTab is PASSED

2021-07-14 17:17:40 - [MESSAGE][PASSED] - ctdc.utilities.runtestcaseforKatalon.clickTab is PASSED

2021-07-14 17:17:40 - [TEST_STEP][PASSED] - waitForElementPresent(findTestObject("Object Repository/Canine/Filter/PrimDiseaseSite/Bladder_Chkbx"), 10): Object 'Object Repository/Canine/Filter/PrimDiseaseSite/Bladder_Chkbx' is present

2021-07-14 17:17:40 - [MESSAGE][PASSED] - Object 'Object Repository/Canine/Filter/PrimDiseaseSite/Bladder_Chkbx' is present

2021-07-14 17:17:40 - [TEST_STEP][PASSED] - ctdc.utilities.runtestcaseforKatalon.clickTab("Object Repository/Canine/Filter/PrimDiseaseSite/Bladder_Chkbx"): ctdc.utilities.runtestcaseforKatalon.clickTab is PASSED

2021-07-14 17:17:40 - [MESSAGE][PASSED] - ctdc.utilities.runtestcaseforKatalon.clickTab is PASSED

2021-07-14 17:17:40 - [TEST_STEP][PASSED] - waitForElementPresent(findTestObject("Object Repository/Canine/Filter/PrimDiseaseSite/BladderProstate_Chkbx"), 10): Object 'Object Repository/Canine/Filter/PrimDiseaseSite/BladderProstate_Chkbx' is present

2021-07-14 17:17:41 - [MESSAGE][PASSED] - Object 'Object Repository/Canine/Filter/PrimDiseaseSite/BladderProstate_Chkbx' is present

2021-07-14 17:17:41 - [TEST_STEP][PASSED] - ctdc.utilities.runtestcaseforKatalon.clickTab("Object Repository/Canine/Filter/PrimDiseaseSite/BladderProstate_Chkbx"): ctdc.utilities.runtestcaseforKatalon.clickTab is PASSED

2021-07-14 17:17:41 - [MESSAGE][PASSED] - ctdc.utilities.runtestcaseforKatalon.clickTab is PASSED

2021-07-14 17:17:41 - [TEST_STEP][PASSED] - waitForElementPresent(findTestObject("Object Repository/Canine/Filter/PrimDiseaseSite/BladderUrethra_Chkbx"), 10): Object 'Object Repository/Canine/Filter/PrimDiseaseSite/BladderUrethra_Chkbx' is present

2021-07-14 17:17:42 - [MESSAGE][PASSED] - Object 'Object Repository/Canine/Filter/PrimDiseaseSite/BladderUrethra_Chkbx' is present

2021-07-14 17:17:42 - [TEST_STEP][PASSED] - ctdc.utilities.runtestcaseforKatalon.clickTab("Object Repository/Canine/Filter/PrimDiseaseSite/BladderUrethra_Chkbx"): ctdc.utilities.runtestcaseforKatalon.clickTab is PASSED

2021-07-14 17:17:42 - [MESSAGE][PASSED] - ctdc.utilities.runtestcaseforKatalon.clickTab is PASSED

2021-07-14 17:17:42 - [TEST_STEP][PASSED] - waitForElementPresent(findTestObject("Object Repository/Canine/Filter/PrimDiseaseSite/BladderUrethraProstate_Chkbx"), 10): Object 'Object Repository/Canine/Filter/PrimDiseaseSite/BladderUrethraProstate_Chkbx' is present

2021-07-14 17:17:43 - [MESSAGE][PASSED] - Object 'Object Repository/Canine/Filter/PrimDiseaseSite/BladderUrethraProstate_Chkbx' is present

2021-07-14 17:17:43 - [TEST_STEP][PASSED] - ctdc.utilities.runtestcaseforKatalon.clickTab("Object Repository/Canine/Filter/PrimDiseaseSite/BladderUrethraProstate_Chkbx"): ctdc.utilities.runtestcaseforKatalon.clickTab is PASSED

2021-07-14 17:17:43 - [MESSAGE][PASSED] - ctdc.utilities.runtestcaseforKatalon.clickTab is PASSED

2021-07-14 17:17:43 - [TEST_STEP][PASSED] - ctdc.utilities.runtestcaseforKatalon.clickTab("Object Repository/Canine/Filter/PrimDiseaseSite/PRIMARYDISEASESITE_Ddn"): ctdc.utilities.runtestcaseforKatalon.clickTab is PASSED

2021-07-14 17:17:44 - [MESSAGE][PASSED] - ctdc.utilities.runtestcaseforKatalon.clickTab is PASSED

2021-07-14 17:17:44 - [TEST_STEP][PASSED] - Thread.sleep(2000): null

2021-07-14 17:17:46 - [TEST_STEP][PASSED] - ctdc.utilities.runtestcaseforKatalon.readStatBarCanine("Object Repository/Canine/StatBar/Canine_StatBar-Studies", "Object Repository/Canine/StatBar/Canine_StatBar-Cases", "Object Repository/Canine/StatBar/Canine_StatBar-Samples", "Object Repository/Canine/StatBar/Canine_StatBar-Files", "Object Repository/Canine/StatBar/Canine_StatBar-Aliquots"): ctdc.utilities.runtestcaseforKatalon.readStatBarCanine is PASSED

2021-07-14 17:18:02 - [MESSAGE][PASSED] - ctdc.utilities.runtestcaseforKatalon.readStatBarCanine is PASSED

2021-07-14 17:18:02 - [TEST_STEP][PASSED] - waitForElementPresent(findTestObject("Object Repository/Canine/CanineResults_Cases_Tab"), 5): Object 'Object Repository/Canine/CanineResults_Cases_Tab' is present

2021-07-14 17:18:02 - [MESSAGE][PASSED] - Object 'Object Repository/Canine/CanineResults_Cases_Tab' is present

2021-07-14 17:18:02 - [TEST_STEP][PASSED] - ctdc.utilities.runtestcaseforKatalon.clickTab("Object Repository/Canine/CanineResults_Cases_Tab"): ctdc.utilities.runtestcaseforKatalon.clickTab is PASSED

2021-07-14 17:18:03 - [MESSAGE][PASSED] - ctdc.utilities.runtestcaseforKatalon.clickTab is PASSED

2021-07-14 17:18:03 - [TEST_STEP][ERROR] - ctdc.utilities.runtestcaseforKatalon.multiFunction("ICDC", G_StatBar_Cases, "Object Repository/Canine/Canine_CasesTable", "Object Repository/Canine/Canine_TableHeader", "Object Repository/Canine/Canine_CasesTabNextBtn", G_WebTabnameCases, G_CypherTabnameCases, G_QueryCasesTab): Index: 11, Size: 11

2021-07-14 17:18:37 - [MESSAGE][ERROR] - Index: 11, Size: 11]]></system-out>
         <system-err><![CDATA[2021-07-14 17:17:11 - [TEST_CASE][ERROR] - Test Cases/Canine_TestCases/StudyCombinations/Study-Combinations-UBC01/TC06_Canine_StudyUBC-Breed_Diagnosis_PrimDiseaseSite: Test Cases/Canine_TestCases/StudyCombinations/Study-Combinations-UBC01/TC06_Canine_StudyUBC-Breed_Diagnosis_PrimDiseaseSite FAILED.
Reason:
java.lang.IndexOutOfBoundsException: Index: 11, Size: 11
	at java_util_List$get$1.call(Unknown Source)
	at ctdc.utilities.runtestcaseforKatalon.compareTwoLists(runtestcaseforKatalon.groovy:849)
	at ctdc.utilities.runtestcaseforKatalon.compareLists(runtestcaseforKatalon.groovy:901)
	at ctdc.utilities.runtestcaseforKatalon.multiFunction(runtestcaseforKatalon.groovy:253)
	at ctdc.utilities.runtestcaseforKatalon.invokeMethod(runtestcaseforKatalon.groovy)
	at com.kms.katalon.core.main.CustomKeywordDelegatingMetaClass.invokeStaticMethod(CustomKeywordDelegatingMetaClass.java:50)
	at TC06_Canine_StudyUBC-Breed_Diagnosis_PrimDiseaseSite.run(TC06_Canine_StudyUBC-Breed_Diagnosis_PrimDiseaseSite:99)
	at com.kms.katalon.core.main.ScriptEngine.run(ScriptEngine.java:194)
	at com.kms.katalon.core.main.ScriptEngine.runScriptAsRawText(ScriptEngine.java:119)
	at com.kms.katalon.core.main.TestCaseExecutor.runScript(TestCaseExecutor.java:369)
	at com.kms.katalon.core.main.TestCaseExecutor.doExecute(TestCaseExecutor.java:360)
	at com.kms.katalon.core.main.TestCaseExecutor.processExecutionPhase(TestCaseExecutor.java:339)
	at com.kms.katalon.core.main.TestCaseExecutor.accessMainPhase(TestCaseExecutor.java:331)
	at com.kms.katalon.core.main.TestCaseExecutor.execute(TestCaseExecutor.java:248)
	at com.kms.katalon.core.main.TestSuiteExecutor.accessTestCaseMainPhase(TestSuiteExecutor.java:191)
	at com.kms.katalon.core.main.TestSuiteExecutor.accessTestSuiteMainPhase(TestSuiteExecutor.java:140)
	at com.kms.katalon.core.main.TestSuiteExecutor.execute(TestSuiteExecutor.java:89)
	at com.kms.katalon.core.main.TestCaseMain.startTestSuite(TestCaseMain.java:185)
	at com.kms.katalon.core.main.TestCaseMain$startTestSuite$0.call(Unknown Source)
	at TempTestSuite1626296935818.run(TempTestSuite1626296935818.groovy:39)]]></system-err>
      </testcase>
      <testcase name="Test Cases/Canine_TestCases/StudyCombinations/Study-Combinations-UBC01/TC07_Canine_StudyUBC-Breed_Diagnosis_PrimDiseaseSite" time="83.498" classname="Test Cases/Canine_TestCases/StudyCombinations/Study-Combinations-UBC01/TC07_Canine_StudyUBC-Breed_Diagnosis_PrimDiseaseSite" status="ERROR">
         <error type="ERROR" message="Test Cases/Canine_TestCases/StudyCombinations/Study-Combinations-UBC01/TC07_Canine_StudyUBC-Breed_Diagnosis_PrimDiseaseSite FAILED.
Reason:
java.lang.IndexOutOfBoundsException: Index: 11, Size: 11
	at java_util_List$get$1.call(Unknown Source)
	at ctdc.utilities.runtestcaseforKatalon.compareTwoLists(runtestcaseforKatalon.groovy:849)
	at ctdc.utilities.runtestcaseforKatalon.compareLists(runtestcaseforKatalon.groovy:901)
	at ctdc.utilities.runtestcaseforKatalon.multiFunction(runtestcaseforKatalon.groovy:253)
	at ctdc.utilities.runtestcaseforKatalon.invokeMethod(runtestcaseforKatalon.groovy)
	at com.kms.katalon.core.main.CustomKeywordDelegatingMetaClass.invokeStaticMethod(CustomKeywordDelegatingMetaClass.java:50)
	at TC07_Canine_StudyUBC-Breed_Diagnosis_PrimDiseaseSite.run(TC07_Canine_StudyUBC-Breed_Diagnosis_PrimDiseaseSite:99)
	at com.kms.katalon.core.main.ScriptEngine.run(ScriptEngine.java:194)
	at com.kms.katalon.core.main.ScriptEngine.runScriptAsRawText(ScriptEngine.java:119)
	at com.kms.katalon.core.main.TestCaseExecutor.runScript(TestCaseExecutor.java:369)
	at com.kms.katalon.core.main.TestCaseExecutor.doExecute(TestCaseExecutor.java:360)
	at com.kms.katalon.core.main.TestCaseExecutor.processExecutionPhase(TestCaseExecutor.java:339)
	at com.kms.katalon.core.main.TestCaseExecutor.accessMainPhase(TestCaseExecutor.java:331)
	at com.kms.katalon.core.main.TestCaseExecutor.execute(TestCaseExecutor.java:248)
	at com.kms.katalon.core.main.TestSuiteExecutor.accessTestCaseMainPhase(TestSuiteExecutor.java:191)
	at com.kms.katalon.core.main.TestSuiteExecutor.accessTestSuiteMainPhase(TestSuiteExecutor.java:140)
	at com.kms.katalon.core.main.TestSuiteExecutor.execute(TestSuiteExecutor.java:89)
	at com.kms.katalon.core.main.TestCaseMain.startTestSuite(TestCaseMain.java:185)
	at com.kms.katalon.core.main.TestCaseMain$startTestSuite$0.call(Unknown Source)
	at TempTestSuite1626296935818.run(TempTestSuite1626296935818.groovy:39)
"/>
         <system-out><![CDATA[2021-07-14 17:18:37 - [TEST_CASE][ERROR] - Test Cases/Canine_TestCases/StudyCombinations/Study-Combinations-UBC01/TC07_Canine_StudyUBC-Breed_Diagnosis_PrimDiseaseSite: Test Cases/Canine_TestCases/StudyCombinations/Study-Combinations-UBC01/TC07_Canine_StudyUBC-Breed_Diagnosis_PrimDiseaseSite FAILED.
Reason:
java.lang.IndexOutOfBoundsException: Index: 11, Size: 11
	at java_util_List$get$1.call(Unknown Source)
	at ctdc.utilities.runtestcaseforKatalon.compareTwoLists(runtestcaseforKatalon.groovy:849)
	at ctdc.utilities.runtestcaseforKatalon.compareLists(runtestcaseforKatalon.groovy:901)
	at ctdc.utilities.runtestcaseforKatalon.multiFunction(runtestcaseforKatalon.groovy:253)
	at ctdc.utilities.runtestcaseforKatalon.invokeMethod(runtestcaseforKatalon.groovy)
	at com.kms.katalon.core.main.CustomKeywordDelegatingMetaClass.invokeStaticMethod(CustomKeywordDelegatingMetaClass.java:50)
	at TC07_Canine_StudyUBC-Breed_Diagnosis_PrimDiseaseSite.run(TC07_Canine_StudyUBC-Breed_Diagnosis_PrimDiseaseSite:99)
	at com.kms.katalon.core.main.ScriptEngine.run(ScriptEngine.java:194)
	at com.kms.katalon.core.main.ScriptEngine.runScriptAsRawText(ScriptEngine.java:119)
	at com.kms.katalon.core.main.TestCaseExecutor.runScript(TestCaseExecutor.java:369)
	at com.kms.katalon.core.main.TestCaseExecutor.doExecute(TestCaseExecutor.java:360)
	at com.kms.katalon.core.main.TestCaseExecutor.processExecutionPhase(TestCaseExecutor.java:339)
	at com.kms.katalon.core.main.TestCaseExecutor.accessMainPhase(TestCaseExecutor.java:331)
	at com.kms.katalon.core.main.TestCaseExecutor.execute(TestCaseExecutor.java:248)
	at com.kms.katalon.core.main.TestSuiteExecutor.accessTestCaseMainPhase(TestSuiteExecutor.java:191)
	at com.kms.katalon.core.main.TestSuiteExecutor.accessTestSuiteMainPhase(TestSuiteExecutor.java:140)
	at com.kms.katalon.core.main.TestSuiteExecutor.execute(TestSuiteExecutor.java:89)
	at com.kms.katalon.core.main.TestCaseMain.startTestSuite(TestCaseMain.java:185)
	at com.kms.katalon.core.main.TestCaseMain$startTestSuite$0.call(Unknown Source)
	at TempTestSuite1626296935818.run(TempTestSuite1626296935818.groovy:39)


2021-07-14 17:18:37 - [TEST_STEP][PASSED] - Start listener action : getTestScriptName: null

2021-07-14 17:18:37 - [TEST_STEP][PASSED] - TestCaseId = testCaseContext.getTestCaseId(): null

2021-07-14 17:18:37 - [TEST_STEP][PASSED] - out.println("**********this is the value of test case id string******** " + testCaseContext.getTestCaseId()): null

2021-07-14 17:18:37 - [TEST_STEP][PASSED] - G_currentTCName = TestCaseId.substring(TestCaseId.lastIndexOf("TC")): null

2021-07-14 17:18:37 - [TEST_STEP][PASSED] - out.println("This is the test case name : " + G_currentTCName): null

2021-07-14 17:18:39 - [TEST_STEP][PASSED] - closeBrowser(): Browser is closed

2021-07-14 17:18:39 - [MESSAGE][PASSED] - Browser is closed

2021-07-14 17:18:39 - [TEST_STEP][PASSED] - openBrowser(""): Browser is opened with url: ''

2021-07-14 17:18:39 - [MESSAGE][INFO] - Starting 'Chrome (headless)' driver

2021-07-14 17:18:39 - [MESSAGE][INFO] - User set preference: ['args', '[--no-sandbox]']

2021-07-14 17:18:39 - [MESSAGE][INFO] - Action delay is set to 0 milliseconds

2021-07-14 17:18:41 - [MESSAGE][PASSED] - Browser is opened with url: ''

2021-07-14 17:18:41 - [TEST_STEP][PASSED] - maximizeWindow(): Current window maximized

2021-07-14 17:18:41 - [MESSAGE][PASSED] - Current window maximized

2021-07-14 17:18:41 - [TEST_STEP][PASSED] - "Driver opened by Katalon is used in Selenium from this step.": null

2021-07-14 17:18:41 - [TEST_STEP][PASSED] - ctdc.utilities.runtestcaseforKatalon.RunKatalon("TC07_Canine_StudyUBC-Breed_Diagnosis_PrimDiseaseSite.xlsx"): Data loaded from input file for the test case. 

2021-07-14 17:18:41 - [MESSAGE][PASSED] - Test case file loaded This is the full filepath after converting to string :C:\Automation_master\InputFiles\TC07_Canine_StudyUBC-Breed_Diagnosis_PrimDiseaseSite.xlsx

2021-07-14 17:18:41 - [MESSAGE][INFO] - Global variable set for password file is :  C:\Automation_master\InputFiles\TC07_Canine_StudyUBC-Breed_Diagnosis_PrimDiseaseSite.xlsx

2021-07-14 17:18:45 - [MESSAGE][PASSED] - Data loaded from input file for the test case. 

2021-07-14 17:18:53 - [TEST_STEP][PASSED] - waitForElementPresent(findTestObject("Canine/NavBar/Canine_Cases_Btn"), 10): Object 'Object Repository/Canine/NavBar/Canine_Cases_Btn' is present

2021-07-14 17:18:53 - [MESSAGE][PASSED] - Object 'Object Repository/Canine/NavBar/Canine_Cases_Btn' is present

2021-07-14 17:18:53 - [TEST_STEP][PASSED] - ctdc.utilities.runtestcaseforKatalon.clickTab("Canine/NavBar/Canine_Cases_Btn"): ctdc.utilities.runtestcaseforKatalon.clickTab is PASSED

2021-07-14 17:18:53 - [MESSAGE][PASSED] - ctdc.utilities.runtestcaseforKatalon.clickTab is PASSED

2021-07-14 17:18:53 - [TEST_STEP][PASSED] - waitForElementPresent(findTestObject("Object Repository/Canine/Filter/FilterByCases_Facet"), 10): Object 'Object Repository/Canine/Filter/FilterByCases_Facet' is present

2021-07-14 17:18:55 - [MESSAGE][PASSED] - Object 'Object Repository/Canine/Filter/FilterByCases_Facet' is present

2021-07-14 17:18:55 - [TEST_STEP][PASSED] - ctdc.utilities.runtestcaseforKatalon.clickTab("Object Repository/Canine/Filter/FilterByCases_Facet"): ctdc.utilities.runtestcaseforKatalon.clickTab is PASSED

2021-07-14 17:18:56 - [MESSAGE][PASSED] - ctdc.utilities.runtestcaseforKatalon.clickTab is PASSED

2021-07-14 17:18:56 - [TEST_STEP][PASSED] - waitForElementPresent(findTestObject("Object Repository/Canine/Filter/Study/Canine_Filter_Study"), 10): Object 'Object Repository/Canine/Filter/Study/Canine_Filter_Study' is present

2021-07-14 17:18:56 - [MESSAGE][PASSED] - Object 'Object Repository/Canine/Filter/Study/Canine_Filter_Study' is present

2021-07-14 17:18:56 - [TEST_STEP][PASSED] - ctdc.utilities.runtestcaseforKatalon.clickTab("Object Repository/Canine/Filter/Study/Canine_Filter_Study"): ctdc.utilities.runtestcaseforKatalon.clickTab is PASSED

2021-07-14 17:18:57 - [MESSAGE][PASSED] - ctdc.utilities.runtestcaseforKatalon.clickTab is PASSED

2021-07-14 17:18:57 - [TEST_STEP][PASSED] - waitForElementPresent(findTestObject("Object Repository/Canine/Filter/Study/Canine_Filter_Study-UBC_Chkbx"), 10): Object 'Object Repository/Canine/Filter/Study/Canine_Filter_Study-UBC_Chkbx' is present

2021-07-14 17:18:57 - [MESSAGE][PASSED] - Object 'Object Repository/Canine/Filter/Study/Canine_Filter_Study-UBC_Chkbx' is present

2021-07-14 17:18:57 - [TEST_STEP][PASSED] - ctdc.utilities.runtestcaseforKatalon.clickTab("Object Repository/Canine/Filter/Study/Canine_Filter_Study-UBC_Chkbx"): ctdc.utilities.runtestcaseforKatalon.clickTab is PASSED

2021-07-14 17:18:57 - [MESSAGE][PASSED] - ctdc.utilities.runtestcaseforKatalon.clickTab is PASSED

2021-07-14 17:18:57 - [TEST_STEP][PASSED] - waitForElementPresent(findTestObject("Object Repository/Canine/Filter/Breed/BREED_Ddn"), 10): Object 'Object Repository/Canine/Filter/Breed/BREED_Ddn' is present

2021-07-14 17:18:58 - [MESSAGE][PASSED] - Object 'Object Repository/Canine/Filter/Breed/BREED_Ddn' is present

2021-07-14 17:18:58 - [TEST_STEP][PASSED] - ctdc.utilities.runtestcaseforKatalon.clickTab("Object Repository/Canine/Filter/Breed/BREED_Ddn"): ctdc.utilities.runtestcaseforKatalon.clickTab is PASSED

2021-07-14 17:18:59 - [MESSAGE][PASSED] - ctdc.utilities.runtestcaseforKatalon.clickTab is PASSED

2021-07-14 17:18:59 - [TEST_STEP][PASSED] - waitForElementPresent(findTestObject("Object Repository/Canine/Filter/Breed/Mixed_Chkbx"), 10): Object 'Object Repository/Canine/Filter/Breed/Mixed_Chkbx' is present

2021-07-14 17:18:59 - [MESSAGE][PASSED] - Object 'Object Repository/Canine/Filter/Breed/Mixed_Chkbx' is present

2021-07-14 17:18:59 - [TEST_STEP][PASSED] - ctdc.utilities.runtestcaseforKatalon.clickTab("Object Repository/Canine/Filter/Breed/Mixed_Chkbx"): ctdc.utilities.runtestcaseforKatalon.clickTab is PASSED

2021-07-14 17:18:59 - [MESSAGE][PASSED] - ctdc.utilities.runtestcaseforKatalon.clickTab is PASSED

2021-07-14 17:18:59 - [TEST_STEP][PASSED] - waitForElementPresent(findTestObject("Object Repository/Canine/Filter/Breed/ScottTerr_Chkbx"), 10): Object 'Object Repository/Canine/Filter/Breed/ScottTerr_Chkbx' is present

2021-07-14 17:19:00 - [MESSAGE][PASSED] - Object 'Object Repository/Canine/Filter/Breed/ScottTerr_Chkbx' is present

2021-07-14 17:19:00 - [TEST_STEP][PASSED] - ctdc.utilities.runtestcaseforKatalon.clickTab("Object Repository/Canine/Filter/Breed/ScottTerr_Chkbx"): ctdc.utilities.runtestcaseforKatalon.clickTab is PASSED

2021-07-14 17:19:00 - [MESSAGE][PASSED] - ctdc.utilities.runtestcaseforKatalon.clickTab is PASSED

2021-07-14 17:19:00 - [TEST_STEP][PASSED] - waitForElementPresent(findTestObject("Object Repository/Canine/Filter/Breed/ShetlandShpdog_Chkbx"), 10): Object 'Object Repository/Canine/Filter/Breed/ShetlandShpdog_Chkbx' is present

2021-07-14 17:19:01 - [MESSAGE][PASSED] - Object 'Object Repository/Canine/Filter/Breed/ShetlandShpdog_Chkbx' is present

2021-07-14 17:19:01 - [TEST_STEP][PASSED] - ctdc.utilities.runtestcaseforKatalon.clickTab("Object Repository/Canine/Filter/Breed/ShetlandShpdog_Chkbx"): ctdc.utilities.runtestcaseforKatalon.clickTab is PASSED

2021-07-14 17:19:01 - [MESSAGE][PASSED] - ctdc.utilities.runtestcaseforKatalon.clickTab is PASSED

2021-07-14 17:19:01 - [TEST_STEP][PASSED] - ctdc.utilities.runtestcaseforKatalon.clickTab("Object Repository/Canine/Filter/Breed/BREED_Ddn"): ctdc.utilities.runtestcaseforKatalon.clickTab is PASSED

2021-07-14 17:19:02 - [MESSAGE][PASSED] - ctdc.utilities.runtestcaseforKatalon.clickTab is PASSED

2021-07-14 17:19:02 - [TEST_STEP][PASSED] - waitForElementPresent(findTestObject("Object Repository/Canine/Filter/Diagnosis/DIAGNOSIS_Ddn"), 10): Object 'Object Repository/Canine/Filter/Diagnosis/DIAGNOSIS_Ddn' is present

2021-07-14 17:19:03 - [MESSAGE][PASSED] - Object 'Object Repository/Canine/Filter/Diagnosis/DIAGNOSIS_Ddn' is present

2021-07-14 17:19:03 - [TEST_STEP][PASSED] - ctdc.utilities.runtestcaseforKatalon.clickTab("Object Repository/Canine/Filter/Diagnosis/DIAGNOSIS_Ddn"): ctdc.utilities.runtestcaseforKatalon.clickTab is PASSED

2021-07-14 17:19:03 - [MESSAGE][PASSED] - ctdc.utilities.runtestcaseforKatalon.clickTab is PASSED

2021-07-14 17:19:03 - [TEST_STEP][PASSED] - waitForElementPresent(findTestObject("Object Repository/Canine/Filter/Diagnosis/BladderCancer_Chkbx"), 10): Object 'Object Repository/Canine/Filter/Diagnosis/BladderCancer_Chkbx' is present

2021-07-14 17:19:03 - [MESSAGE][PASSED] - Object 'Object Repository/Canine/Filter/Diagnosis/BladderCancer_Chkbx' is present

2021-07-14 17:19:03 - [TEST_STEP][PASSED] - ctdc.utilities.runtestcaseforKatalon.clickTab("Object Repository/Canine/Filter/Diagnosis/BladderCancer_Chkbx"): ctdc.utilities.runtestcaseforKatalon.clickTab is PASSED

2021-07-14 17:19:03 - [MESSAGE][PASSED] - ctdc.utilities.runtestcaseforKatalon.clickTab is PASSED

2021-07-14 17:19:03 - [TEST_STEP][PASSED] - waitForElementPresent(findTestObject("Object Repository/Canine/Filter/Diagnosis/HealthyControl_Chkbx"), 10): Object 'Object Repository/Canine/Filter/Diagnosis/HealthyControl_Chkbx' is present

2021-07-14 17:19:04 - [MESSAGE][PASSED] - Object 'Object Repository/Canine/Filter/Diagnosis/HealthyControl_Chkbx' is present

2021-07-14 17:19:04 - [TEST_STEP][PASSED] - ctdc.utilities.runtestcaseforKatalon.clickTab("Object Repository/Canine/Filter/Diagnosis/HealthyControl_Chkbx"): ctdc.utilities.runtestcaseforKatalon.clickTab is PASSED

2021-07-14 17:19:04 - [MESSAGE][PASSED] - ctdc.utilities.runtestcaseforKatalon.clickTab is PASSED

2021-07-14 17:19:04 - [TEST_STEP][PASSED] - ctdc.utilities.runtestcaseforKatalon.clickTab("Object Repository/Canine/Filter/Diagnosis/DIAGNOSIS_Ddn"): ctdc.utilities.runtestcaseforKatalon.clickTab is PASSED

2021-07-14 17:19:05 - [MESSAGE][PASSED] - ctdc.utilities.runtestcaseforKatalon.clickTab is PASSED

2021-07-14 17:19:05 - [TEST_STEP][PASSED] - waitForElementPresent(findTestObject("Object Repository/Canine/Filter/PrimDiseaseSite/PRIMARYDISEASESITE_Ddn"), 10): Object 'Object Repository/Canine/Filter/PrimDiseaseSite/PRIMARYDISEASESITE_Ddn' is present

2021-07-14 17:19:05 - [MESSAGE][PASSED] - Object 'Object Repository/Canine/Filter/PrimDiseaseSite/PRIMARYDISEASESITE_Ddn' is present

2021-07-14 17:19:05 - [TEST_STEP][PASSED] - ctdc.utilities.runtestcaseforKatalon.clickTab("Object Repository/Canine/Filter/PrimDiseaseSite/PRIMARYDISEASESITE_Ddn"): ctdc.utilities.runtestcaseforKatalon.clickTab is PASSED

2021-07-14 17:19:05 - [MESSAGE][PASSED] - ctdc.utilities.runtestcaseforKatalon.clickTab is PASSED

2021-07-14 17:19:05 - [TEST_STEP][PASSED] - waitForElementPresent(findTestObject("Object Repository/Canine/Filter/PrimDiseaseSite/Bladder_Chkbx"), 10): Object 'Object Repository/Canine/Filter/PrimDiseaseSite/Bladder_Chkbx' is present

2021-07-14 17:19:05 - [MESSAGE][PASSED] - Object 'Object Repository/Canine/Filter/PrimDiseaseSite/Bladder_Chkbx' is present

2021-07-14 17:19:05 - [TEST_STEP][PASSED] - ctdc.utilities.runtestcaseforKatalon.clickTab("Object Repository/Canine/Filter/PrimDiseaseSite/Bladder_Chkbx"): ctdc.utilities.runtestcaseforKatalon.clickTab is PASSED

2021-07-14 17:19:06 - [MESSAGE][PASSED] - ctdc.utilities.runtestcaseforKatalon.clickTab is PASSED

2021-07-14 17:19:06 - [TEST_STEP][PASSED] - waitForElementPresent(findTestObject("Object Repository/Canine/Filter/PrimDiseaseSite/BladderProstate_Chkbx"), 10): Object 'Object Repository/Canine/Filter/PrimDiseaseSite/BladderProstate_Chkbx' is present

2021-07-14 17:19:06 - [MESSAGE][PASSED] - Object 'Object Repository/Canine/Filter/PrimDiseaseSite/BladderProstate_Chkbx' is present

2021-07-14 17:19:06 - [TEST_STEP][PASSED] - ctdc.utilities.runtestcaseforKatalon.clickTab("Object Repository/Canine/Filter/PrimDiseaseSite/BladderProstate_Chkbx"): ctdc.utilities.runtestcaseforKatalon.clickTab is PASSED

2021-07-14 17:19:07 - [MESSAGE][PASSED] - ctdc.utilities.runtestcaseforKatalon.clickTab is PASSED

2021-07-14 17:19:07 - [TEST_STEP][PASSED] - waitForElementPresent(findTestObject("Object Repository/Canine/Filter/PrimDiseaseSite/BladderUrethra_Chkbx"), 10): Object 'Object Repository/Canine/Filter/PrimDiseaseSite/BladderUrethra_Chkbx' is present

2021-07-14 17:19:07 - [MESSAGE][PASSED] - Object 'Object Repository/Canine/Filter/PrimDiseaseSite/BladderUrethra_Chkbx' is present

2021-07-14 17:19:07 - [TEST_STEP][PASSED] - ctdc.utilities.runtestcaseforKatalon.clickTab("Object Repository/Canine/Filter/PrimDiseaseSite/BladderUrethra_Chkbx"): ctdc.utilities.runtestcaseforKatalon.clickTab is PASSED

2021-07-14 17:19:08 - [MESSAGE][PASSED] - ctdc.utilities.runtestcaseforKatalon.clickTab is PASSED

2021-07-14 17:19:08 - [TEST_STEP][PASSED] - ctdc.utilities.runtestcaseforKatalon.clickTab("Object Repository/Canine/Filter/PrimDiseaseSite/PRIMARYDISEASESITE_Ddn"): ctdc.utilities.runtestcaseforKatalon.clickTab is PASSED

2021-07-14 17:19:09 - [MESSAGE][PASSED] - ctdc.utilities.runtestcaseforKatalon.clickTab is PASSED

2021-07-14 17:19:09 - [TEST_STEP][PASSED] - Thread.sleep(2000): null

2021-07-14 17:19:11 - [TEST_STEP][PASSED] - ctdc.utilities.runtestcaseforKatalon.readStatBarCanine("Object Repository/Canine/StatBar/Canine_StatBar-Studies", "Object Repository/Canine/StatBar/Canine_StatBar-Cases", "Object Repository/Canine/StatBar/Canine_StatBar-Samples", "Object Repository/Canine/StatBar/Canine_StatBar-Files", "Object Repository/Canine/StatBar/Canine_StatBar-Aliquots"): ctdc.utilities.runtestcaseforKatalon.readStatBarCanine is PASSED

2021-07-14 17:19:26 - [MESSAGE][PASSED] - ctdc.utilities.runtestcaseforKatalon.readStatBarCanine is PASSED

2021-07-14 17:19:26 - [TEST_STEP][PASSED] - waitForElementPresent(findTestObject("Object Repository/Canine/CanineResults_Cases_Tab"), 5): Object 'Object Repository/Canine/CanineResults_Cases_Tab' is present

2021-07-14 17:19:27 - [MESSAGE][PASSED] - Object 'Object Repository/Canine/CanineResults_Cases_Tab' is present

2021-07-14 17:19:27 - [TEST_STEP][PASSED] - ctdc.utilities.runtestcaseforKatalon.clickTab("Object Repository/Canine/CanineResults_Cases_Tab"): ctdc.utilities.runtestcaseforKatalon.clickTab is PASSED

2021-07-14 17:19:27 - [MESSAGE][PASSED] - ctdc.utilities.runtestcaseforKatalon.clickTab is PASSED

2021-07-14 17:19:27 - [TEST_STEP][ERROR] - ctdc.utilities.runtestcaseforKatalon.multiFunction("ICDC", G_StatBar_Cases, "Object Repository/Canine/Canine_CasesTable", "Object Repository/Canine/Canine_TableHeader", "Object Repository/Canine/Canine_CasesTabNextBtn", G_WebTabnameCases, G_CypherTabnameCases, G_QueryCasesTab): Index: 11, Size: 11

2021-07-14 17:20:01 - [MESSAGE][ERROR] - Index: 11, Size: 11]]></system-out>
         <system-err><![CDATA[2021-07-14 17:18:37 - [TEST_CASE][ERROR] - Test Cases/Canine_TestCases/StudyCombinations/Study-Combinations-UBC01/TC07_Canine_StudyUBC-Breed_Diagnosis_PrimDiseaseSite: Test Cases/Canine_TestCases/StudyCombinations/Study-Combinations-UBC01/TC07_Canine_StudyUBC-Breed_Diagnosis_PrimDiseaseSite FAILED.
Reason:
java.lang.IndexOutOfBoundsException: Index: 11, Size: 11
	at java_util_List$get$1.call(Unknown Source)
	at ctdc.utilities.runtestcaseforKatalon.compareTwoLists(runtestcaseforKatalon.groovy:849)
	at ctdc.utilities.runtestcaseforKatalon.compareLists(runtestcaseforKatalon.groovy:901)
	at ctdc.utilities.runtestcaseforKatalon.multiFunction(runtestcaseforKatalon.groovy:253)
	at ctdc.utilities.runtestcaseforKatalon.invokeMethod(runtestcaseforKatalon.groovy)
	at com.kms.katalon.core.main.CustomKeywordDelegatingMetaClass.invokeStaticMethod(CustomKeywordDelegatingMetaClass.java:50)
	at TC07_Canine_StudyUBC-Breed_Diagnosis_PrimDiseaseSite.run(TC07_Canine_StudyUBC-Breed_Diagnosis_PrimDiseaseSite:99)
	at com.kms.katalon.core.main.ScriptEngine.run(ScriptEngine.java:194)
	at com.kms.katalon.core.main.ScriptEngine.runScriptAsRawText(ScriptEngine.java:119)
	at com.kms.katalon.core.main.TestCaseExecutor.runScript(TestCaseExecutor.java:369)
	at com.kms.katalon.core.main.TestCaseExecutor.doExecute(TestCaseExecutor.java:360)
	at com.kms.katalon.core.main.TestCaseExecutor.processExecutionPhase(TestCaseExecutor.java:339)
	at com.kms.katalon.core.main.TestCaseExecutor.accessMainPhase(TestCaseExecutor.java:331)
	at com.kms.katalon.core.main.TestCaseExecutor.execute(TestCaseExecutor.java:248)
	at com.kms.katalon.core.main.TestSuiteExecutor.accessTestCaseMainPhase(TestSuiteExecutor.java:191)
	at com.kms.katalon.core.main.TestSuiteExecutor.accessTestSuiteMainPhase(TestSuiteExecutor.java:140)
	at com.kms.katalon.core.main.TestSuiteExecutor.execute(TestSuiteExecutor.java:89)
	at com.kms.katalon.core.main.TestCaseMain.startTestSuite(TestCaseMain.java:185)
	at com.kms.katalon.core.main.TestCaseMain$startTestSuite$0.call(Unknown Source)
	at TempTestSuite1626296935818.run(TempTestSuite1626296935818.groovy:39)]]></system-err>
      </testcase>
      <testcase name="Test Cases/Canine_TestCases/StudyCombinations/Study-Combinations-UBC01/TC08_Canine_StudyUBC-Breed_Diagnosis_PrimDiseaseSite" time="142.059" classname="Test Cases/Canine_TestCases/StudyCombinations/Study-Combinations-UBC01/TC08_Canine_StudyUBC-Breed_Diagnosis_PrimDiseaseSite" status="ERROR">
         <error type="ERROR" message="Test Cases/Canine_TestCases/StudyCombinations/Study-Combinations-UBC01/TC08_Canine_StudyUBC-Breed_Diagnosis_PrimDiseaseSite FAILED.
Reason:
java.lang.IndexOutOfBoundsException: Index: 11, Size: 11
	at java_util_List$get$1.call(Unknown Source)
	at ctdc.utilities.runtestcaseforKatalon.compareTwoLists(runtestcaseforKatalon.groovy:849)
	at ctdc.utilities.runtestcaseforKatalon.compareLists(runtestcaseforKatalon.groovy:901)
	at ctdc.utilities.runtestcaseforKatalon.multiFunction(runtestcaseforKatalon.groovy:253)
	at ctdc.utilities.runtestcaseforKatalon.invokeMethod(runtestcaseforKatalon.groovy)
	at com.kms.katalon.core.main.CustomKeywordDelegatingMetaClass.invokeStaticMethod(CustomKeywordDelegatingMetaClass.java:50)
	at TC08_Canine_StudyUBC-Breed_Diagnosis_PrimDiseaseSite.run(TC08_Canine_StudyUBC-Breed_Diagnosis_PrimDiseaseSite:96)
	at com.kms.katalon.core.main.ScriptEngine.run(ScriptEngine.java:194)
	at com.kms.katalon.core.main.ScriptEngine.runScriptAsRawText(ScriptEngine.java:119)
	at com.kms.katalon.core.main.TestCaseExecutor.runScript(TestCaseExecutor.java:369)
	at com.kms.katalon.core.main.TestCaseExecutor.doExecute(TestCaseExecutor.java:360)
	at com.kms.katalon.core.main.TestCaseExecutor.processExecutionPhase(TestCaseExecutor.java:339)
	at com.kms.katalon.core.main.TestCaseExecutor.accessMainPhase(TestCaseExecutor.java:331)
	at com.kms.katalon.core.main.TestCaseExecutor.execute(TestCaseExecutor.java:248)
	at com.kms.katalon.core.main.TestSuiteExecutor.accessTestCaseMainPhase(TestSuiteExecutor.java:191)
	at com.kms.katalon.core.main.TestSuiteExecutor.accessTestSuiteMainPhase(TestSuiteExecutor.java:140)
	at com.kms.katalon.core.main.TestSuiteExecutor.execute(TestSuiteExecutor.java:89)
	at com.kms.katalon.core.main.TestCaseMain.startTestSuite(TestCaseMain.java:185)
	at com.kms.katalon.core.main.TestCaseMain$startTestSuite$0.call(Unknown Source)
	at TempTestSuite1626296935818.run(TempTestSuite1626296935818.groovy:39)
"/>
         <system-out><![CDATA[2021-07-14 17:20:01 - [TEST_CASE][ERROR] - Test Cases/Canine_TestCases/StudyCombinations/Study-Combinations-UBC01/TC08_Canine_StudyUBC-Breed_Diagnosis_PrimDiseaseSite: Test Cases/Canine_TestCases/StudyCombinations/Study-Combinations-UBC01/TC08_Canine_StudyUBC-Breed_Diagnosis_PrimDiseaseSite FAILED.
Reason:
java.lang.IndexOutOfBoundsException: Index: 11, Size: 11
	at java_util_List$get$1.call(Unknown Source)
	at ctdc.utilities.runtestcaseforKatalon.compareTwoLists(runtestcaseforKatalon.groovy:849)
	at ctdc.utilities.runtestcaseforKatalon.compareLists(runtestcaseforKatalon.groovy:901)
	at ctdc.utilities.runtestcaseforKatalon.multiFunction(runtestcaseforKatalon.groovy:253)
	at ctdc.utilities.runtestcaseforKatalon.invokeMethod(runtestcaseforKatalon.groovy)
	at com.kms.katalon.core.main.CustomKeywordDelegatingMetaClass.invokeStaticMethod(CustomKeywordDelegatingMetaClass.java:50)
	at TC08_Canine_StudyUBC-Breed_Diagnosis_PrimDiseaseSite.run(TC08_Canine_StudyUBC-Breed_Diagnosis_PrimDiseaseSite:96)
	at com.kms.katalon.core.main.ScriptEngine.run(ScriptEngine.java:194)
	at com.kms.katalon.core.main.ScriptEngine.runScriptAsRawText(ScriptEngine.java:119)
	at com.kms.katalon.core.main.TestCaseExecutor.runScript(TestCaseExecutor.java:369)
	at com.kms.katalon.core.main.TestCaseExecutor.doExecute(TestCaseExecutor.java:360)
	at com.kms.katalon.core.main.TestCaseExecutor.processExecutionPhase(TestCaseExecutor.java:339)
	at com.kms.katalon.core.main.TestCaseExecutor.accessMainPhase(TestCaseExecutor.java:331)
	at com.kms.katalon.core.main.TestCaseExecutor.execute(TestCaseExecutor.java:248)
	at com.kms.katalon.core.main.TestSuiteExecutor.accessTestCaseMainPhase(TestSuiteExecutor.java:191)
	at com.kms.katalon.core.main.TestSuiteExecutor.accessTestSuiteMainPhase(TestSuiteExecutor.java:140)
	at com.kms.katalon.core.main.TestSuiteExecutor.execute(TestSuiteExecutor.java:89)
	at com.kms.katalon.core.main.TestCaseMain.startTestSuite(TestCaseMain.java:185)
	at com.kms.katalon.core.main.TestCaseMain$startTestSuite$0.call(Unknown Source)
	at TempTestSuite1626296935818.run(TempTestSuite1626296935818.groovy:39)


2021-07-14 17:20:01 - [TEST_STEP][PASSED] - Start listener action : getTestScriptName: null

2021-07-14 17:20:01 - [TEST_STEP][PASSED] - TestCaseId = testCaseContext.getTestCaseId(): null

2021-07-14 17:20:01 - [TEST_STEP][PASSED] - out.println("**********this is the value of test case id string******** " + testCaseContext.getTestCaseId()): null

2021-07-14 17:20:01 - [TEST_STEP][PASSED] - G_currentTCName = TestCaseId.substring(TestCaseId.lastIndexOf("TC")): null

2021-07-14 17:20:01 - [TEST_STEP][PASSED] - out.println("This is the test case name : " + G_currentTCName): null

2021-07-14 17:20:04 - [TEST_STEP][PASSED] - closeBrowser(): Browser is closed

2021-07-14 17:20:04 - [MESSAGE][PASSED] - Browser is closed

2021-07-14 17:20:04 - [TEST_STEP][PASSED] - openBrowser(""): Browser is opened with url: ''

2021-07-14 17:20:04 - [MESSAGE][INFO] - Starting 'Chrome (headless)' driver

2021-07-14 17:20:04 - [MESSAGE][INFO] - User set preference: ['args', '[--no-sandbox]']

2021-07-14 17:20:04 - [MESSAGE][INFO] - Action delay is set to 0 milliseconds

2021-07-14 17:20:07 - [MESSAGE][PASSED] - Browser is opened with url: ''

2021-07-14 17:20:07 - [TEST_STEP][PASSED] - maximizeWindow(): Current window maximized

2021-07-14 17:20:07 - [MESSAGE][PASSED] - Current window maximized

2021-07-14 17:20:07 - [TEST_STEP][PASSED] - "Driver opened by Katalon is used in Selenium from this step.": null

2021-07-14 17:20:07 - [TEST_STEP][PASSED] - ctdc.utilities.runtestcaseforKatalon.RunKatalon("TC08_Canine_StudyUBC-Breed_Diagnosis_PrimDiseaseSite.xlsx"): Data loaded from input file for the test case. 

2021-07-14 17:20:07 - [MESSAGE][PASSED] - Test case file loaded This is the full filepath after converting to string :C:\Automation_master\InputFiles\TC08_Canine_StudyUBC-Breed_Diagnosis_PrimDiseaseSite.xlsx

2021-07-14 17:20:07 - [MESSAGE][INFO] - Global variable set for password file is :  C:\Automation_master\InputFiles\TC08_Canine_StudyUBC-Breed_Diagnosis_PrimDiseaseSite.xlsx

2021-07-14 17:20:11 - [MESSAGE][PASSED] - Data loaded from input file for the test case. 

2021-07-14 17:20:19 - [TEST_STEP][PASSED] - waitForElementPresent(findTestObject("Canine/NavBar/Canine_Cases_Btn"), 10): Object 'Object Repository/Canine/NavBar/Canine_Cases_Btn' is present

2021-07-14 17:20:19 - [MESSAGE][PASSED] - Object 'Object Repository/Canine/NavBar/Canine_Cases_Btn' is present

2021-07-14 17:20:19 - [TEST_STEP][PASSED] - ctdc.utilities.runtestcaseforKatalon.clickTab("Canine/NavBar/Canine_Cases_Btn"): ctdc.utilities.runtestcaseforKatalon.clickTab is PASSED

2021-07-14 17:20:19 - [MESSAGE][PASSED] - ctdc.utilities.runtestcaseforKatalon.clickTab is PASSED

2021-07-14 17:20:19 - [TEST_STEP][PASSED] - waitForElementPresent(findTestObject("Object Repository/Canine/Filter/FilterByCases_Facet"), 10): Object 'Object Repository/Canine/Filter/FilterByCases_Facet' is present

2021-07-14 17:20:21 - [MESSAGE][PASSED] - Object 'Object Repository/Canine/Filter/FilterByCases_Facet' is present

2021-07-14 17:20:21 - [TEST_STEP][PASSED] - ctdc.utilities.runtestcaseforKatalon.clickTab("Object Repository/Canine/Filter/FilterByCases_Facet"): ctdc.utilities.runtestcaseforKatalon.clickTab is PASSED

2021-07-14 17:20:22 - [MESSAGE][PASSED] - ctdc.utilities.runtestcaseforKatalon.clickTab is PASSED

2021-07-14 17:20:22 - [TEST_STEP][PASSED] - waitForElementPresent(findTestObject("Object Repository/Canine/Filter/Study/Canine_Filter_Study"), 10): Object 'Object Repository/Canine/Filter/Study/Canine_Filter_Study' is present

2021-07-14 17:20:22 - [MESSAGE][PASSED] - Object 'Object Repository/Canine/Filter/Study/Canine_Filter_Study' is present

2021-07-14 17:20:22 - [TEST_STEP][PASSED] - ctdc.utilities.runtestcaseforKatalon.clickTab("Object Repository/Canine/Filter/Study/Canine_Filter_Study"): ctdc.utilities.runtestcaseforKatalon.clickTab is PASSED

2021-07-14 17:20:23 - [MESSAGE][PASSED] - ctdc.utilities.runtestcaseforKatalon.clickTab is PASSED

2021-07-14 17:20:23 - [TEST_STEP][PASSED] - waitForElementPresent(findTestObject("Object Repository/Canine/Filter/Study/Canine_Filter_Study-UBC_Chkbx"), 10): Object 'Object Repository/Canine/Filter/Study/Canine_Filter_Study-UBC_Chkbx' is present

2021-07-14 17:20:23 - [MESSAGE][PASSED] - Object 'Object Repository/Canine/Filter/Study/Canine_Filter_Study-UBC_Chkbx' is present

2021-07-14 17:20:23 - [TEST_STEP][PASSED] - ctdc.utilities.runtestcaseforKatalon.clickTab("Object Repository/Canine/Filter/Study/Canine_Filter_Study-UBC_Chkbx"): ctdc.utilities.runtestcaseforKatalon.clickTab is PASSED

2021-07-14 17:20:23 - [MESSAGE][PASSED] - ctdc.utilities.runtestcaseforKatalon.clickTab is PASSED

2021-07-14 17:20:23 - [TEST_STEP][PASSED] - waitForElementPresent(findTestObject("Object Repository/Canine/Filter/Breed/BREED_Ddn"), 10): Object 'Object Repository/Canine/Filter/Breed/BREED_Ddn' is present

2021-07-14 17:20:24 - [MESSAGE][PASSED] - Object 'Object Repository/Canine/Filter/Breed/BREED_Ddn' is present

2021-07-14 17:20:24 - [TEST_STEP][PASSED] - ctdc.utilities.runtestcaseforKatalon.clickTab("Object Repository/Canine/Filter/Breed/BREED_Ddn"): ctdc.utilities.runtestcaseforKatalon.clickTab is PASSED

2021-07-14 17:20:25 - [MESSAGE][PASSED] - ctdc.utilities.runtestcaseforKatalon.clickTab is PASSED

2021-07-14 17:20:25 - [TEST_STEP][PASSED] - waitForElementPresent(findTestObject("Object Repository/Canine/Filter/Breed/Mixed_Chkbx"), 10): Object 'Object Repository/Canine/Filter/Breed/Mixed_Chkbx' is present

2021-07-14 17:20:25 - [MESSAGE][PASSED] - Object 'Object Repository/Canine/Filter/Breed/Mixed_Chkbx' is present

2021-07-14 17:20:25 - [TEST_STEP][PASSED] - ctdc.utilities.runtestcaseforKatalon.clickTab("Object Repository/Canine/Filter/Breed/Mixed_Chkbx"): ctdc.utilities.runtestcaseforKatalon.clickTab is PASSED

2021-07-14 17:20:25 - [MESSAGE][PASSED] - ctdc.utilities.runtestcaseforKatalon.clickTab is PASSED

2021-07-14 17:20:25 - [TEST_STEP][PASSED] - waitForElementPresent(findTestObject("Object Repository/Canine/Filter/Breed/ScottTerr_Chkbx"), 10): Object 'Object Repository/Canine/Filter/Breed/ScottTerr_Chkbx' is present

2021-07-14 17:20:26 - [MESSAGE][PASSED] - Object 'Object Repository/Canine/Filter/Breed/ScottTerr_Chkbx' is present

2021-07-14 17:20:26 - [TEST_STEP][PASSED] - ctdc.utilities.runtestcaseforKatalon.clickTab("Object Repository/Canine/Filter/Breed/ScottTerr_Chkbx"): ctdc.utilities.runtestcaseforKatalon.clickTab is PASSED

2021-07-14 17:20:27 - [MESSAGE][PASSED] - ctdc.utilities.runtestcaseforKatalon.clickTab is PASSED

2021-07-14 17:20:27 - [TEST_STEP][PASSED] - waitForElementPresent(findTestObject("Object Repository/Canine/Filter/Breed/ShetlandShpdog_Chkbx"), 10): Object 'Object Repository/Canine/Filter/Breed/ShetlandShpdog_Chkbx' is present

2021-07-14 17:20:27 - [MESSAGE][PASSED] - Object 'Object Repository/Canine/Filter/Breed/ShetlandShpdog_Chkbx' is present

2021-07-14 17:20:27 - [TEST_STEP][PASSED] - ctdc.utilities.runtestcaseforKatalon.clickTab("Object Repository/Canine/Filter/Breed/ShetlandShpdog_Chkbx"): ctdc.utilities.runtestcaseforKatalon.clickTab is PASSED

2021-07-14 17:20:28 - [MESSAGE][PASSED] - ctdc.utilities.runtestcaseforKatalon.clickTab is PASSED

2021-07-14 17:20:28 - [TEST_STEP][PASSED] - ctdc.utilities.runtestcaseforKatalon.clickTab("Object Repository/Canine/Filter/Breed/BREED_Ddn"): ctdc.utilities.runtestcaseforKatalon.clickTab is PASSED

2021-07-14 17:20:29 - [MESSAGE][PASSED] - ctdc.utilities.runtestcaseforKatalon.clickTab is PASSED

2021-07-14 17:20:29 - [TEST_STEP][PASSED] - waitForElementPresent(findTestObject("Object Repository/Canine/Filter/Diagnosis/DIAGNOSIS_Ddn"), 10): Object 'Object Repository/Canine/Filter/Diagnosis/DIAGNOSIS_Ddn' is present

2021-07-14 17:20:29 - [MESSAGE][PASSED] - Object 'Object Repository/Canine/Filter/Diagnosis/DIAGNOSIS_Ddn' is present

2021-07-14 17:20:29 - [TEST_STEP][PASSED] - ctdc.utilities.runtestcaseforKatalon.clickTab("Object Repository/Canine/Filter/Diagnosis/DIAGNOSIS_Ddn"): ctdc.utilities.runtestcaseforKatalon.clickTab is PASSED

2021-07-14 17:20:29 - [MESSAGE][PASSED] - ctdc.utilities.runtestcaseforKatalon.clickTab is PASSED

2021-07-14 17:20:29 - [TEST_STEP][PASSED] - waitForElementPresent(findTestObject("Object Repository/Canine/Filter/Diagnosis/BladderCancer_Chkbx"), 10): Object 'Object Repository/Canine/Filter/Diagnosis/BladderCancer_Chkbx' is present

2021-07-14 17:20:29 - [MESSAGE][PASSED] - Object 'Object Repository/Canine/Filter/Diagnosis/BladderCancer_Chkbx' is present

2021-07-14 17:20:29 - [TEST_STEP][PASSED] - ctdc.utilities.runtestcaseforKatalon.clickTab("Object Repository/Canine/Filter/Diagnosis/BladderCancer_Chkbx"): ctdc.utilities.runtestcaseforKatalon.clickTab is PASSED

2021-07-14 17:20:30 - [MESSAGE][PASSED] - ctdc.utilities.runtestcaseforKatalon.clickTab is PASSED

2021-07-14 17:20:30 - [TEST_STEP][PASSED] - waitForElementPresent(findTestObject("Object Repository/Canine/Filter/Diagnosis/HealthyControl_Chkbx"), 10): Object 'Object Repository/Canine/Filter/Diagnosis/HealthyControl_Chkbx' is present

2021-07-14 17:20:30 - [MESSAGE][PASSED] - Object 'Object Repository/Canine/Filter/Diagnosis/HealthyControl_Chkbx' is present

2021-07-14 17:20:30 - [TEST_STEP][PASSED] - ctdc.utilities.runtestcaseforKatalon.clickTab("Object Repository/Canine/Filter/Diagnosis/HealthyControl_Chkbx"): ctdc.utilities.runtestcaseforKatalon.clickTab is PASSED

2021-07-14 17:20:31 - [MESSAGE][PASSED] - ctdc.utilities.runtestcaseforKatalon.clickTab is PASSED

2021-07-14 17:20:31 - [TEST_STEP][PASSED] - ctdc.utilities.runtestcaseforKatalon.clickTab("Object Repository/Canine/Filter/Diagnosis/DIAGNOSIS_Ddn"): ctdc.utilities.runtestcaseforKatalon.clickTab is PASSED

2021-07-14 17:20:31 - [MESSAGE][PASSED] - ctdc.utilities.runtestcaseforKatalon.clickTab is PASSED

2021-07-14 17:20:31 - [TEST_STEP][PASSED] - Thread.sleep(2000): null

2021-07-14 17:20:33 - [TEST_STEP][PASSED] - waitForElementPresent(findTestObject("Object Repository/Canine/Filter/PrimDiseaseSite/PRIMARYDISEASESITE_Ddn"), 10): Object 'Object Repository/Canine/Filter/PrimDiseaseSite/PRIMARYDISEASESITE_Ddn' is present

2021-07-14 17:20:34 - [MESSAGE][PASSED] - Object 'Object Repository/Canine/Filter/PrimDiseaseSite/PRIMARYDISEASESITE_Ddn' is present

2021-07-14 17:20:34 - [TEST_STEP][PASSED] - ctdc.utilities.runtestcaseforKatalon.clickTab("Object Repository/Canine/Filter/PrimDiseaseSite/PRIMARYDISEASESITE_Ddn"): ctdc.utilities.runtestcaseforKatalon.clickTab is PASSED

2021-07-14 17:20:34 - [MESSAGE][PASSED] - ctdc.utilities.runtestcaseforKatalon.clickTab is PASSED

2021-07-14 17:20:34 - [TEST_STEP][PASSED] - waitForElementPresent(findTestObject("Object Repository/Canine/Filter/PrimDiseaseSite/Bladder_Chkbx"), 10): Object 'Object Repository/Canine/Filter/PrimDiseaseSite/Bladder_Chkbx' is present

2021-07-14 17:20:34 - [MESSAGE][PASSED] - Object 'Object Repository/Canine/Filter/PrimDiseaseSite/Bladder_Chkbx' is present

2021-07-14 17:20:34 - [TEST_STEP][PASSED] - ctdc.utilities.runtestcaseforKatalon.clickTab("Object Repository/Canine/Filter/PrimDiseaseSite/Bladder_Chkbx"): ctdc.utilities.runtestcaseforKatalon.clickTab is PASSED

2021-07-14 17:20:34 - [MESSAGE][PASSED] - ctdc.utilities.runtestcaseforKatalon.clickTab is PASSED

2021-07-14 17:20:34 - [TEST_STEP][PASSED] - waitForElementPresent(findTestObject("Object Repository/Canine/Filter/PrimDiseaseSite/BladderProstate_Chkbx"), 10): Object 'Object Repository/Canine/Filter/PrimDiseaseSite/BladderProstate_Chkbx' is present

2021-07-14 17:20:35 - [MESSAGE][PASSED] - Object 'Object Repository/Canine/Filter/PrimDiseaseSite/BladderProstate_Chkbx' is present

2021-07-14 17:20:35 - [TEST_STEP][PASSED] - ctdc.utilities.runtestcaseforKatalon.clickTab("Object Repository/Canine/Filter/PrimDiseaseSite/BladderProstate_Chkbx"): ctdc.utilities.runtestcaseforKatalon.clickTab is PASSED

2021-07-14 17:20:35 - [MESSAGE][PASSED] - ctdc.utilities.runtestcaseforKatalon.clickTab is PASSED

2021-07-14 17:20:35 - [TEST_STEP][PASSED] - ctdc.utilities.runtestcaseforKatalon.clickTab("Object Repository/Canine/Filter/PrimDiseaseSite/PRIMARYDISEASESITE_Ddn"): ctdc.utilities.runtestcaseforKatalon.clickTab is PASSED

2021-07-14 17:20:36 - [MESSAGE][PASSED] - ctdc.utilities.runtestcaseforKatalon.clickTab is PASSED

2021-07-14 17:20:36 - [TEST_STEP][PASSED] - Thread.sleep(2000): null

2021-07-14 17:20:38 - [TEST_STEP][PASSED] - ctdc.utilities.runtestcaseforKatalon.readStatBarCanine("Object Repository/Canine/StatBar/Canine_StatBar-Studies", "Object Repository/Canine/StatBar/Canine_StatBar-Cases", "Object Repository/Canine/StatBar/Canine_StatBar-Samples", "Object Repository/Canine/StatBar/Canine_StatBar-Files", "Object Repository/Canine/StatBar/Canine_StatBar-Aliquots"): ctdc.utilities.runtestcaseforKatalon.readStatBarCanine is PASSED

2021-07-14 17:21:56 - [MESSAGE][PASSED] - ctdc.utilities.runtestcaseforKatalon.readStatBarCanine is PASSED

2021-07-14 17:21:56 - [TEST_STEP][PASSED] - waitForElementPresent(findTestObject("Object Repository/Canine/CanineResults_Cases_Tab"), 5): Object 'Object Repository/Canine/CanineResults_Cases_Tab' is present

2021-07-14 17:21:56 - [MESSAGE][PASSED] - Object 'Object Repository/Canine/CanineResults_Cases_Tab' is present

2021-07-14 17:21:56 - [TEST_STEP][PASSED] - ctdc.utilities.runtestcaseforKatalon.clickTab("Object Repository/Canine/CanineResults_Cases_Tab"): ctdc.utilities.runtestcaseforKatalon.clickTab is PASSED

2021-07-14 17:21:57 - [MESSAGE][PASSED] - ctdc.utilities.runtestcaseforKatalon.clickTab is PASSED

2021-07-14 17:21:57 - [TEST_STEP][ERROR] - ctdc.utilities.runtestcaseforKatalon.multiFunction("ICDC", G_StatBar_Cases, "Object Repository/Canine/Canine_CasesTable", "Object Repository/Canine/Canine_TableHeader", "Object Repository/Canine/Canine_CasesTabNextBtn", G_WebTabnameCases, G_CypherTabnameCases, G_QueryCasesTab): Index: 11, Size: 11

2021-07-14 17:22:23 - [MESSAGE][ERROR] - Index: 11, Size: 11]]></system-out>
         <system-err><![CDATA[2021-07-14 17:20:01 - [TEST_CASE][ERROR] - Test Cases/Canine_TestCases/StudyCombinations/Study-Combinations-UBC01/TC08_Canine_StudyUBC-Breed_Diagnosis_PrimDiseaseSite: Test Cases/Canine_TestCases/StudyCombinations/Study-Combinations-UBC01/TC08_Canine_StudyUBC-Breed_Diagnosis_PrimDiseaseSite FAILED.
Reason:
java.lang.IndexOutOfBoundsException: Index: 11, Size: 11
	at java_util_List$get$1.call(Unknown Source)
	at ctdc.utilities.runtestcaseforKatalon.compareTwoLists(runtestcaseforKatalon.groovy:849)
	at ctdc.utilities.runtestcaseforKatalon.compareLists(runtestcaseforKatalon.groovy:901)
	at ctdc.utilities.runtestcaseforKatalon.multiFunction(runtestcaseforKatalon.groovy:253)
	at ctdc.utilities.runtestcaseforKatalon.invokeMethod(runtestcaseforKatalon.groovy)
	at com.kms.katalon.core.main.CustomKeywordDelegatingMetaClass.invokeStaticMethod(CustomKeywordDelegatingMetaClass.java:50)
	at TC08_Canine_StudyUBC-Breed_Diagnosis_PrimDiseaseSite.run(TC08_Canine_StudyUBC-Breed_Diagnosis_PrimDiseaseSite:96)
	at com.kms.katalon.core.main.ScriptEngine.run(ScriptEngine.java:194)
	at com.kms.katalon.core.main.ScriptEngine.runScriptAsRawText(ScriptEngine.java:119)
	at com.kms.katalon.core.main.TestCaseExecutor.runScript(TestCaseExecutor.java:369)
	at com.kms.katalon.core.main.TestCaseExecutor.doExecute(TestCaseExecutor.java:360)
	at com.kms.katalon.core.main.TestCaseExecutor.processExecutionPhase(TestCaseExecutor.java:339)
	at com.kms.katalon.core.main.TestCaseExecutor.accessMainPhase(TestCaseExecutor.java:331)
	at com.kms.katalon.core.main.TestCaseExecutor.execute(TestCaseExecutor.java:248)
	at com.kms.katalon.core.main.TestSuiteExecutor.accessTestCaseMainPhase(TestSuiteExecutor.java:191)
	at com.kms.katalon.core.main.TestSuiteExecutor.accessTestSuiteMainPhase(TestSuiteExecutor.java:140)
	at com.kms.katalon.core.main.TestSuiteExecutor.execute(TestSuiteExecutor.java:89)
	at com.kms.katalon.core.main.TestCaseMain.startTestSuite(TestCaseMain.java:185)
	at com.kms.katalon.core.main.TestCaseMain$startTestSuite$0.call(Unknown Source)
	at TempTestSuite1626296935818.run(TempTestSuite1626296935818.groovy:39)]]></system-err>
      </testcase>
      <testcase name="Test Cases/Canine_TestCases/StudyCombinations/Study-Combinations-UBC01/TC09_Canine_StudyUBC-Breed_Diagnosis_PrimDiseaseSite" time="60.149" classname="Test Cases/Canine_TestCases/StudyCombinations/Study-Combinations-UBC01/TC09_Canine_StudyUBC-Breed_Diagnosis_PrimDiseaseSite" status="ERROR">
         <error type="ERROR" message="Test Cases/Canine_TestCases/StudyCombinations/Study-Combinations-UBC01/TC09_Canine_StudyUBC-Breed_Diagnosis_PrimDiseaseSite FAILED.
Reason:
java.lang.IndexOutOfBoundsException: Index: 11, Size: 11
	at java_util_List$get$1.call(Unknown Source)
	at ctdc.utilities.runtestcaseforKatalon.compareTwoLists(runtestcaseforKatalon.groovy:849)
	at ctdc.utilities.runtestcaseforKatalon.compareLists(runtestcaseforKatalon.groovy:901)
	at ctdc.utilities.runtestcaseforKatalon.multiFunction(runtestcaseforKatalon.groovy:253)
	at ctdc.utilities.runtestcaseforKatalon.invokeMethod(runtestcaseforKatalon.groovy)
	at com.kms.katalon.core.main.CustomKeywordDelegatingMetaClass.invokeStaticMethod(CustomKeywordDelegatingMetaClass.java:50)
	at TC09_Canine_StudyUBC-Breed_Diagnosis_PrimDiseaseSite.run(TC09_Canine_StudyUBC-Breed_Diagnosis_PrimDiseaseSite:94)
	at com.kms.katalon.core.main.ScriptEngine.run(ScriptEngine.java:194)
	at com.kms.katalon.core.main.ScriptEngine.runScriptAsRawText(ScriptEngine.java:119)
	at com.kms.katalon.core.main.TestCaseExecutor.runScript(TestCaseExecutor.java:369)
	at com.kms.katalon.core.main.TestCaseExecutor.doExecute(TestCaseExecutor.java:360)
	at com.kms.katalon.core.main.TestCaseExecutor.processExecutionPhase(TestCaseExecutor.java:339)
	at com.kms.katalon.core.main.TestCaseExecutor.accessMainPhase(TestCaseExecutor.java:331)
	at com.kms.katalon.core.main.TestCaseExecutor.execute(TestCaseExecutor.java:248)
	at com.kms.katalon.core.main.TestSuiteExecutor.accessTestCaseMainPhase(TestSuiteExecutor.java:191)
	at com.kms.katalon.core.main.TestSuiteExecutor.accessTestSuiteMainPhase(TestSuiteExecutor.java:140)
	at com.kms.katalon.core.main.TestSuiteExecutor.execute(TestSuiteExecutor.java:89)
	at com.kms.katalon.core.main.TestCaseMain.startTestSuite(TestCaseMain.java:185)
	at com.kms.katalon.core.main.TestCaseMain$startTestSuite$0.call(Unknown Source)
	at TempTestSuite1626296935818.run(TempTestSuite1626296935818.groovy:39)
"/>
         <system-out><![CDATA[2021-07-14 17:22:23 - [TEST_CASE][ERROR] - Test Cases/Canine_TestCases/StudyCombinations/Study-Combinations-UBC01/TC09_Canine_StudyUBC-Breed_Diagnosis_PrimDiseaseSite: Test Cases/Canine_TestCases/StudyCombinations/Study-Combinations-UBC01/TC09_Canine_StudyUBC-Breed_Diagnosis_PrimDiseaseSite FAILED.
Reason:
java.lang.IndexOutOfBoundsException: Index: 11, Size: 11
	at java_util_List$get$1.call(Unknown Source)
	at ctdc.utilities.runtestcaseforKatalon.compareTwoLists(runtestcaseforKatalon.groovy:849)
	at ctdc.utilities.runtestcaseforKatalon.compareLists(runtestcaseforKatalon.groovy:901)
	at ctdc.utilities.runtestcaseforKatalon.multiFunction(runtestcaseforKatalon.groovy:253)
	at ctdc.utilities.runtestcaseforKatalon.invokeMethod(runtestcaseforKatalon.groovy)
	at com.kms.katalon.core.main.CustomKeywordDelegatingMetaClass.invokeStaticMethod(CustomKeywordDelegatingMetaClass.java:50)
	at TC09_Canine_StudyUBC-Breed_Diagnosis_PrimDiseaseSite.run(TC09_Canine_StudyUBC-Breed_Diagnosis_PrimDiseaseSite:94)
	at com.kms.katalon.core.main.ScriptEngine.run(ScriptEngine.java:194)
	at com.kms.katalon.core.main.ScriptEngine.runScriptAsRawText(ScriptEngine.java:119)
	at com.kms.katalon.core.main.TestCaseExecutor.runScript(TestCaseExecutor.java:369)
	at com.kms.katalon.core.main.TestCaseExecutor.doExecute(TestCaseExecutor.java:360)
	at com.kms.katalon.core.main.TestCaseExecutor.processExecutionPhase(TestCaseExecutor.java:339)
	at com.kms.katalon.core.main.TestCaseExecutor.accessMainPhase(TestCaseExecutor.java:331)
	at com.kms.katalon.core.main.TestCaseExecutor.execute(TestCaseExecutor.java:248)
	at com.kms.katalon.core.main.TestSuiteExecutor.accessTestCaseMainPhase(TestSuiteExecutor.java:191)
	at com.kms.katalon.core.main.TestSuiteExecutor.accessTestSuiteMainPhase(TestSuiteExecutor.java:140)
	at com.kms.katalon.core.main.TestSuiteExecutor.execute(TestSuiteExecutor.java:89)
	at com.kms.katalon.core.main.TestCaseMain.startTestSuite(TestCaseMain.java:185)
	at com.kms.katalon.core.main.TestCaseMain$startTestSuite$0.call(Unknown Source)
	at TempTestSuite1626296935818.run(TempTestSuite1626296935818.groovy:39)


2021-07-14 17:22:23 - [TEST_STEP][PASSED] - Start listener action : getTestScriptName: null

2021-07-14 17:22:23 - [TEST_STEP][PASSED] - TestCaseId = testCaseContext.getTestCaseId(): null

2021-07-14 17:22:23 - [TEST_STEP][PASSED] - out.println("**********this is the value of test case id string******** " + testCaseContext.getTestCaseId()): null

2021-07-14 17:22:23 - [TEST_STEP][PASSED] - G_currentTCName = TestCaseId.substring(TestCaseId.lastIndexOf("TC")): null

2021-07-14 17:22:23 - [TEST_STEP][PASSED] - out.println("This is the test case name : " + G_currentTCName): null

2021-07-14 17:22:24 - [TEST_STEP][PASSED] - closeBrowser(): Browser is closed

2021-07-14 17:22:24 - [MESSAGE][PASSED] - Browser is closed

2021-07-14 17:22:24 - [TEST_STEP][PASSED] - openBrowser(""): Browser is opened with url: ''

2021-07-14 17:22:24 - [MESSAGE][INFO] - Starting 'Chrome (headless)' driver

2021-07-14 17:22:24 - [MESSAGE][INFO] - User set preference: ['args', '[--no-sandbox]']

2021-07-14 17:22:24 - [MESSAGE][INFO] - Action delay is set to 0 milliseconds

2021-07-14 17:22:26 - [MESSAGE][PASSED] - Browser is opened with url: ''

2021-07-14 17:22:26 - [TEST_STEP][PASSED] - maximizeWindow(): Current window maximized

2021-07-14 17:22:26 - [MESSAGE][PASSED] - Current window maximized

2021-07-14 17:22:26 - [TEST_STEP][PASSED] - "Driver opened by Katalon is used in Selenium from this step.": null

2021-07-14 17:22:26 - [TEST_STEP][PASSED] - ctdc.utilities.runtestcaseforKatalon.RunKatalon("TC09_Canine_StudyUBC-Breed_Diagnosis_PrimDiseaseSite.xlsx"): Data loaded from input file for the test case. 

2021-07-14 17:22:26 - [MESSAGE][PASSED] - Test case file loaded This is the full filepath after converting to string :C:\Automation_master\InputFiles\TC09_Canine_StudyUBC-Breed_Diagnosis_PrimDiseaseSite.xlsx

2021-07-14 17:22:26 - [MESSAGE][INFO] - Global variable set for password file is :  C:\Automation_master\InputFiles\TC09_Canine_StudyUBC-Breed_Diagnosis_PrimDiseaseSite.xlsx

2021-07-14 17:22:30 - [MESSAGE][PASSED] - Data loaded from input file for the test case. 

2021-07-14 17:22:40 - [TEST_STEP][PASSED] - waitForElementPresent(findTestObject("Canine/NavBar/Canine_Cases_Btn"), 10): Object 'Object Repository/Canine/NavBar/Canine_Cases_Btn' is present

2021-07-14 17:22:40 - [MESSAGE][PASSED] - Object 'Object Repository/Canine/NavBar/Canine_Cases_Btn' is present

2021-07-14 17:22:40 - [TEST_STEP][PASSED] - ctdc.utilities.runtestcaseforKatalon.clickTab("Canine/NavBar/Canine_Cases_Btn"): ctdc.utilities.runtestcaseforKatalon.clickTab is PASSED

2021-07-14 17:22:40 - [MESSAGE][PASSED] - ctdc.utilities.runtestcaseforKatalon.clickTab is PASSED

2021-07-14 17:22:40 - [TEST_STEP][PASSED] - waitForElementPresent(findTestObject("Object Repository/Canine/Filter/FilterByCases_Facet"), 10): Object 'Object Repository/Canine/Filter/FilterByCases_Facet' is present

2021-07-14 17:22:41 - [MESSAGE][PASSED] - Object 'Object Repository/Canine/Filter/FilterByCases_Facet' is present

2021-07-14 17:22:41 - [TEST_STEP][PASSED] - ctdc.utilities.runtestcaseforKatalon.clickTab("Object Repository/Canine/Filter/FilterByCases_Facet"): ctdc.utilities.runtestcaseforKatalon.clickTab is PASSED

2021-07-14 17:22:42 - [MESSAGE][PASSED] - ctdc.utilities.runtestcaseforKatalon.clickTab is PASSED

2021-07-14 17:22:42 - [TEST_STEP][PASSED] - waitForElementPresent(findTestObject("Object Repository/Canine/Filter/Study/Canine_Filter_Study"), 10): Object 'Object Repository/Canine/Filter/Study/Canine_Filter_Study' is present

2021-07-14 17:22:42 - [MESSAGE][PASSED] - Object 'Object Repository/Canine/Filter/Study/Canine_Filter_Study' is present

2021-07-14 17:22:42 - [TEST_STEP][PASSED] - ctdc.utilities.runtestcaseforKatalon.clickTab("Object Repository/Canine/Filter/Study/Canine_Filter_Study"): ctdc.utilities.runtestcaseforKatalon.clickTab is PASSED

2021-07-14 17:22:42 - [MESSAGE][PASSED] - ctdc.utilities.runtestcaseforKatalon.clickTab is PASSED

2021-07-14 17:22:42 - [TEST_STEP][PASSED] - waitForElementPresent(findTestObject("Object Repository/Canine/Filter/Study/Canine_Filter_Study-UBC_Chkbx"), 10): Object 'Object Repository/Canine/Filter/Study/Canine_Filter_Study-UBC_Chkbx' is present

2021-07-14 17:22:43 - [MESSAGE][PASSED] - Object 'Object Repository/Canine/Filter/Study/Canine_Filter_Study-UBC_Chkbx' is present

2021-07-14 17:22:43 - [TEST_STEP][PASSED] - ctdc.utilities.runtestcaseforKatalon.clickTab("Object Repository/Canine/Filter/Study/Canine_Filter_Study-UBC_Chkbx"): ctdc.utilities.runtestcaseforKatalon.clickTab is PASSED

2021-07-14 17:22:43 - [MESSAGE][PASSED] - ctdc.utilities.runtestcaseforKatalon.clickTab is PASSED

2021-07-14 17:22:43 - [TEST_STEP][PASSED] - waitForElementPresent(findTestObject("Object Repository/Canine/Filter/Breed/BREED_Ddn"), 10): Object 'Object Repository/Canine/Filter/Breed/BREED_Ddn' is present

2021-07-14 17:22:44 - [MESSAGE][PASSED] - Object 'Object Repository/Canine/Filter/Breed/BREED_Ddn' is present

2021-07-14 17:22:44 - [TEST_STEP][PASSED] - ctdc.utilities.runtestcaseforKatalon.clickTab("Object Repository/Canine/Filter/Breed/BREED_Ddn"): ctdc.utilities.runtestcaseforKatalon.clickTab is PASSED

2021-07-14 17:22:44 - [MESSAGE][PASSED] - ctdc.utilities.runtestcaseforKatalon.clickTab is PASSED

2021-07-14 17:22:44 - [TEST_STEP][PASSED] - waitForElementPresent(findTestObject("Object Repository/Canine/Filter/Breed/Mixed_Chkbx"), 10): Object 'Object Repository/Canine/Filter/Breed/Mixed_Chkbx' is present

2021-07-14 17:22:44 - [MESSAGE][PASSED] - Object 'Object Repository/Canine/Filter/Breed/Mixed_Chkbx' is present

2021-07-14 17:22:44 - [TEST_STEP][PASSED] - ctdc.utilities.runtestcaseforKatalon.clickTab("Object Repository/Canine/Filter/Breed/Mixed_Chkbx"): ctdc.utilities.runtestcaseforKatalon.clickTab is PASSED

2021-07-14 17:22:45 - [MESSAGE][PASSED] - ctdc.utilities.runtestcaseforKatalon.clickTab is PASSED

2021-07-14 17:22:45 - [TEST_STEP][PASSED] - waitForElementPresent(findTestObject("Object Repository/Canine/Filter/Breed/ScottTerr_Chkbx"), 10): Object 'Object Repository/Canine/Filter/Breed/ScottTerr_Chkbx' is present

2021-07-14 17:22:45 - [MESSAGE][PASSED] - Object 'Object Repository/Canine/Filter/Breed/ScottTerr_Chkbx' is present

2021-07-14 17:22:45 - [TEST_STEP][PASSED] - ctdc.utilities.runtestcaseforKatalon.clickTab("Object Repository/Canine/Filter/Breed/ScottTerr_Chkbx"): ctdc.utilities.runtestcaseforKatalon.clickTab is PASSED

2021-07-14 17:22:46 - [MESSAGE][PASSED] - ctdc.utilities.runtestcaseforKatalon.clickTab is PASSED

2021-07-14 17:22:46 - [TEST_STEP][PASSED] - waitForElementPresent(findTestObject("Object Repository/Canine/Filter/Breed/ShetlandShpdog_Chkbx"), 10): Object 'Object Repository/Canine/Filter/Breed/ShetlandShpdog_Chkbx' is present

2021-07-14 17:22:46 - [MESSAGE][PASSED] - Object 'Object Repository/Canine/Filter/Breed/ShetlandShpdog_Chkbx' is present

2021-07-14 17:22:46 - [TEST_STEP][PASSED] - ctdc.utilities.runtestcaseforKatalon.clickTab("Object Repository/Canine/Filter/Breed/ShetlandShpdog_Chkbx"): ctdc.utilities.runtestcaseforKatalon.clickTab is PASSED

2021-07-14 17:22:47 - [MESSAGE][PASSED] - ctdc.utilities.runtestcaseforKatalon.clickTab is PASSED

2021-07-14 17:22:47 - [TEST_STEP][PASSED] - ctdc.utilities.runtestcaseforKatalon.clickTab("Object Repository/Canine/Filter/Breed/BREED_Ddn"): ctdc.utilities.runtestcaseforKatalon.clickTab is PASSED

2021-07-14 17:22:47 - [MESSAGE][PASSED] - ctdc.utilities.runtestcaseforKatalon.clickTab is PASSED

2021-07-14 17:22:47 - [TEST_STEP][PASSED] - waitForElementPresent(findTestObject("Object Repository/Canine/Filter/Diagnosis/DIAGNOSIS_Ddn"), 10): Object 'Object Repository/Canine/Filter/Diagnosis/DIAGNOSIS_Ddn' is present

2021-07-14 17:22:48 - [MESSAGE][PASSED] - Object 'Object Repository/Canine/Filter/Diagnosis/DIAGNOSIS_Ddn' is present

2021-07-14 17:22:48 - [TEST_STEP][PASSED] - ctdc.utilities.runtestcaseforKatalon.clickTab("Object Repository/Canine/Filter/Diagnosis/DIAGNOSIS_Ddn"): ctdc.utilities.runtestcaseforKatalon.clickTab is PASSED

2021-07-14 17:22:48 - [MESSAGE][PASSED] - ctdc.utilities.runtestcaseforKatalon.clickTab is PASSED

2021-07-14 17:22:48 - [TEST_STEP][PASSED] - waitForElementPresent(findTestObject("Object Repository/Canine/Filter/Diagnosis/BladderCancer_Chkbx"), 10): Object 'Object Repository/Canine/Filter/Diagnosis/BladderCancer_Chkbx' is present

2021-07-14 17:22:48 - [MESSAGE][PASSED] - Object 'Object Repository/Canine/Filter/Diagnosis/BladderCancer_Chkbx' is present

2021-07-14 17:22:48 - [TEST_STEP][PASSED] - ctdc.utilities.runtestcaseforKatalon.clickTab("Object Repository/Canine/Filter/Diagnosis/BladderCancer_Chkbx"): ctdc.utilities.runtestcaseforKatalon.clickTab is PASSED

2021-07-14 17:22:48 - [MESSAGE][PASSED] - ctdc.utilities.runtestcaseforKatalon.clickTab is PASSED

2021-07-14 17:22:48 - [TEST_STEP][PASSED] - waitForElementPresent(findTestObject("Object Repository/Canine/Filter/Diagnosis/HealthyControl_Chkbx"), 10): Object 'Object Repository/Canine/Filter/Diagnosis/HealthyControl_Chkbx' is present

2021-07-14 17:22:49 - [MESSAGE][PASSED] - Object 'Object Repository/Canine/Filter/Diagnosis/HealthyControl_Chkbx' is present

2021-07-14 17:22:49 - [TEST_STEP][PASSED] - ctdc.utilities.runtestcaseforKatalon.clickTab("Object Repository/Canine/Filter/Diagnosis/HealthyControl_Chkbx"): ctdc.utilities.runtestcaseforKatalon.clickTab is PASSED

2021-07-14 17:22:49 - [MESSAGE][PASSED] - ctdc.utilities.runtestcaseforKatalon.clickTab is PASSED

2021-07-14 17:22:49 - [TEST_STEP][PASSED] - ctdc.utilities.runtestcaseforKatalon.clickTab("Object Repository/Canine/Filter/Diagnosis/DIAGNOSIS_Ddn"): ctdc.utilities.runtestcaseforKatalon.clickTab is PASSED

2021-07-14 17:22:50 - [MESSAGE][PASSED] - ctdc.utilities.runtestcaseforKatalon.clickTab is PASSED

2021-07-14 17:22:50 - [TEST_STEP][PASSED] - waitForElementPresent(findTestObject("Object Repository/Canine/Filter/PrimDiseaseSite/PRIMARYDISEASESITE_Ddn"), 10): Object 'Object Repository/Canine/Filter/PrimDiseaseSite/PRIMARYDISEASESITE_Ddn' is present

2021-07-14 17:22:50 - [MESSAGE][PASSED] - Object 'Object Repository/Canine/Filter/PrimDiseaseSite/PRIMARYDISEASESITE_Ddn' is present

2021-07-14 17:22:50 - [TEST_STEP][PASSED] - ctdc.utilities.runtestcaseforKatalon.clickTab("Object Repository/Canine/Filter/PrimDiseaseSite/PRIMARYDISEASESITE_Ddn"): ctdc.utilities.runtestcaseforKatalon.clickTab is PASSED

2021-07-14 17:22:50 - [MESSAGE][PASSED] - ctdc.utilities.runtestcaseforKatalon.clickTab is PASSED

2021-07-14 17:22:50 - [TEST_STEP][PASSED] - waitForElementPresent(findTestObject("Object Repository/Canine/Filter/PrimDiseaseSite/Bladder_Chkbx"), 10): Object 'Object Repository/Canine/Filter/PrimDiseaseSite/Bladder_Chkbx' is present

2021-07-14 17:22:50 - [MESSAGE][PASSED] - Object 'Object Repository/Canine/Filter/PrimDiseaseSite/Bladder_Chkbx' is present

2021-07-14 17:22:50 - [TEST_STEP][PASSED] - ctdc.utilities.runtestcaseforKatalon.clickTab("Object Repository/Canine/Filter/PrimDiseaseSite/Bladder_Chkbx"): ctdc.utilities.runtestcaseforKatalon.clickTab is PASSED

2021-07-14 17:22:51 - [MESSAGE][PASSED] - ctdc.utilities.runtestcaseforKatalon.clickTab is PASSED

2021-07-14 17:22:51 - [TEST_STEP][PASSED] - ctdc.utilities.runtestcaseforKatalon.clickTab("Object Repository/Canine/Filter/PrimDiseaseSite/PRIMARYDISEASESITE_Ddn"): ctdc.utilities.runtestcaseforKatalon.clickTab is PASSED

2021-07-14 17:22:51 - [MESSAGE][PASSED] - ctdc.utilities.runtestcaseforKatalon.clickTab is PASSED

2021-07-14 17:22:51 - [TEST_STEP][PASSED] - ctdc.utilities.runtestcaseforKatalon.readStatBarCanine("Object Repository/Canine/StatBar/Canine_StatBar-Studies", "Object Repository/Canine/StatBar/Canine_StatBar-Cases", "Object Repository/Canine/StatBar/Canine_StatBar-Samples", "Object Repository/Canine/StatBar/Canine_StatBar-Files", "Object Repository/Canine/StatBar/Canine_StatBar-Aliquots"): ctdc.utilities.runtestcaseforKatalon.readStatBarCanine is PASSED

2021-07-14 17:23:07 - [MESSAGE][PASSED] - ctdc.utilities.runtestcaseforKatalon.readStatBarCanine is PASSED

2021-07-14 17:23:07 - [TEST_STEP][PASSED] - waitForElementPresent(findTestObject("Object Repository/Canine/CanineResults_Cases_Tab"), 5): Object 'Object Repository/Canine/CanineResults_Cases_Tab' is present

2021-07-14 17:23:07 - [MESSAGE][PASSED] - Object 'Object Repository/Canine/CanineResults_Cases_Tab' is present

2021-07-14 17:23:07 - [TEST_STEP][PASSED] - ctdc.utilities.runtestcaseforKatalon.clickTab("Object Repository/Canine/CanineResults_Cases_Tab"): ctdc.utilities.runtestcaseforKatalon.clickTab is PASSED

2021-07-14 17:23:07 - [MESSAGE][PASSED] - ctdc.utilities.runtestcaseforKatalon.clickTab is PASSED

2021-07-14 17:23:07 - [TEST_STEP][ERROR] - ctdc.utilities.runtestcaseforKatalon.multiFunction("ICDC", G_StatBar_Cases, "Object Repository/Canine/Canine_CasesTable", "Object Repository/Canine/Canine_TableHeader", "Object Repository/Canine/Canine_CasesTabNextBtn", G_WebTabnameCases, G_CypherTabnameCases, G_QueryCasesTab): Index: 11, Size: 11

2021-07-14 17:23:23 - [MESSAGE][ERROR] - Index: 11, Size: 11]]></system-out>
         <system-err><![CDATA[2021-07-14 17:22:23 - [TEST_CASE][ERROR] - Test Cases/Canine_TestCases/StudyCombinations/Study-Combinations-UBC01/TC09_Canine_StudyUBC-Breed_Diagnosis_PrimDiseaseSite: Test Cases/Canine_TestCases/StudyCombinations/Study-Combinations-UBC01/TC09_Canine_StudyUBC-Breed_Diagnosis_PrimDiseaseSite FAILED.
Reason:
java.lang.IndexOutOfBoundsException: Index: 11, Size: 11
	at java_util_List$get$1.call(Unknown Source)
	at ctdc.utilities.runtestcaseforKatalon.compareTwoLists(runtestcaseforKatalon.groovy:849)
	at ctdc.utilities.runtestcaseforKatalon.compareLists(runtestcaseforKatalon.groovy:901)
	at ctdc.utilities.runtestcaseforKatalon.multiFunction(runtestcaseforKatalon.groovy:253)
	at ctdc.utilities.runtestcaseforKatalon.invokeMethod(runtestcaseforKatalon.groovy)
	at com.kms.katalon.core.main.CustomKeywordDelegatingMetaClass.invokeStaticMethod(CustomKeywordDelegatingMetaClass.java:50)
	at TC09_Canine_StudyUBC-Breed_Diagnosis_PrimDiseaseSite.run(TC09_Canine_StudyUBC-Breed_Diagnosis_PrimDiseaseSite:94)
	at com.kms.katalon.core.main.ScriptEngine.run(ScriptEngine.java:194)
	at com.kms.katalon.core.main.ScriptEngine.runScriptAsRawText(ScriptEngine.java:119)
	at com.kms.katalon.core.main.TestCaseExecutor.runScript(TestCaseExecutor.java:369)
	at com.kms.katalon.core.main.TestCaseExecutor.doExecute(TestCaseExecutor.java:360)
	at com.kms.katalon.core.main.TestCaseExecutor.processExecutionPhase(TestCaseExecutor.java:339)
	at com.kms.katalon.core.main.TestCaseExecutor.accessMainPhase(TestCaseExecutor.java:331)
	at com.kms.katalon.core.main.TestCaseExecutor.execute(TestCaseExecutor.java:248)
	at com.kms.katalon.core.main.TestSuiteExecutor.accessTestCaseMainPhase(TestSuiteExecutor.java:191)
	at com.kms.katalon.core.main.TestSuiteExecutor.accessTestSuiteMainPhase(TestSuiteExecutor.java:140)
	at com.kms.katalon.core.main.TestSuiteExecutor.execute(TestSuiteExecutor.java:89)
	at com.kms.katalon.core.main.TestCaseMain.startTestSuite(TestCaseMain.java:185)
	at com.kms.katalon.core.main.TestCaseMain$startTestSuite$0.call(Unknown Source)
	at TempTestSuite1626296935818.run(TempTestSuite1626296935818.groovy:39)]]></system-err>
      </testcase>
      <testcase name="Test Cases/Canine_TestCases/StudyCombinations/Study-Combinations-UBC01/TC10_Canine_StudyUBC-Breed_Diagnosis_PrimDiseaseSite" time="63.289" classname="Test Cases/Canine_TestCases/StudyCombinations/Study-Combinations-UBC01/TC10_Canine_StudyUBC-Breed_Diagnosis_PrimDiseaseSite" status="ERROR">
         <error type="ERROR" message="Test Cases/Canine_TestCases/StudyCombinations/Study-Combinations-UBC01/TC10_Canine_StudyUBC-Breed_Diagnosis_PrimDiseaseSite FAILED.
Reason:
java.lang.IndexOutOfBoundsException: Index: 11, Size: 11
	at java_util_List$get$1.call(Unknown Source)
	at ctdc.utilities.runtestcaseforKatalon.compareTwoLists(runtestcaseforKatalon.groovy:849)
	at ctdc.utilities.runtestcaseforKatalon.compareLists(runtestcaseforKatalon.groovy:901)
	at ctdc.utilities.runtestcaseforKatalon.multiFunction(runtestcaseforKatalon.groovy:253)
	at ctdc.utilities.runtestcaseforKatalon.invokeMethod(runtestcaseforKatalon.groovy)
	at com.kms.katalon.core.main.CustomKeywordDelegatingMetaClass.invokeStaticMethod(CustomKeywordDelegatingMetaClass.java:50)
	at TC10_Canine_StudyUBC-Breed_Diagnosis_PrimDiseaseSite.run(TC10_Canine_StudyUBC-Breed_Diagnosis_PrimDiseaseSite:95)
	at com.kms.katalon.core.main.ScriptEngine.run(ScriptEngine.java:194)
	at com.kms.katalon.core.main.ScriptEngine.runScriptAsRawText(ScriptEngine.java:119)
	at com.kms.katalon.core.main.TestCaseExecutor.runScript(TestCaseExecutor.java:369)
	at com.kms.katalon.core.main.TestCaseExecutor.doExecute(TestCaseExecutor.java:360)
	at com.kms.katalon.core.main.TestCaseExecutor.processExecutionPhase(TestCaseExecutor.java:339)
	at com.kms.katalon.core.main.TestCaseExecutor.accessMainPhase(TestCaseExecutor.java:331)
	at com.kms.katalon.core.main.TestCaseExecutor.execute(TestCaseExecutor.java:248)
	at com.kms.katalon.core.main.TestSuiteExecutor.accessTestCaseMainPhase(TestSuiteExecutor.java:191)
	at com.kms.katalon.core.main.TestSuiteExecutor.accessTestSuiteMainPhase(TestSuiteExecutor.java:140)
	at com.kms.katalon.core.main.TestSuiteExecutor.execute(TestSuiteExecutor.java:89)
	at com.kms.katalon.core.main.TestCaseMain.startTestSuite(TestCaseMain.java:185)
	at com.kms.katalon.core.main.TestCaseMain$startTestSuite$0.call(Unknown Source)
	at TempTestSuite1626296935818.run(TempTestSuite1626296935818.groovy:39)
"/>
         <system-out><![CDATA[2021-07-14 17:23:23 - [TEST_CASE][ERROR] - Test Cases/Canine_TestCases/StudyCombinations/Study-Combinations-UBC01/TC10_Canine_StudyUBC-Breed_Diagnosis_PrimDiseaseSite: Test Cases/Canine_TestCases/StudyCombinations/Study-Combinations-UBC01/TC10_Canine_StudyUBC-Breed_Diagnosis_PrimDiseaseSite FAILED.
Reason:
java.lang.IndexOutOfBoundsException: Index: 11, Size: 11
	at java_util_List$get$1.call(Unknown Source)
	at ctdc.utilities.runtestcaseforKatalon.compareTwoLists(runtestcaseforKatalon.groovy:849)
	at ctdc.utilities.runtestcaseforKatalon.compareLists(runtestcaseforKatalon.groovy:901)
	at ctdc.utilities.runtestcaseforKatalon.multiFunction(runtestcaseforKatalon.groovy:253)
	at ctdc.utilities.runtestcaseforKatalon.invokeMethod(runtestcaseforKatalon.groovy)
	at com.kms.katalon.core.main.CustomKeywordDelegatingMetaClass.invokeStaticMethod(CustomKeywordDelegatingMetaClass.java:50)
	at TC10_Canine_StudyUBC-Breed_Diagnosis_PrimDiseaseSite.run(TC10_Canine_StudyUBC-Breed_Diagnosis_PrimDiseaseSite:95)
	at com.kms.katalon.core.main.ScriptEngine.run(ScriptEngine.java:194)
	at com.kms.katalon.core.main.ScriptEngine.runScriptAsRawText(ScriptEngine.java:119)
	at com.kms.katalon.core.main.TestCaseExecutor.runScript(TestCaseExecutor.java:369)
	at com.kms.katalon.core.main.TestCaseExecutor.doExecute(TestCaseExecutor.java:360)
	at com.kms.katalon.core.main.TestCaseExecutor.processExecutionPhase(TestCaseExecutor.java:339)
	at com.kms.katalon.core.main.TestCaseExecutor.accessMainPhase(TestCaseExecutor.java:331)
	at com.kms.katalon.core.main.TestCaseExecutor.execute(TestCaseExecutor.java:248)
	at com.kms.katalon.core.main.TestSuiteExecutor.accessTestCaseMainPhase(TestSuiteExecutor.java:191)
	at com.kms.katalon.core.main.TestSuiteExecutor.accessTestSuiteMainPhase(TestSuiteExecutor.java:140)
	at com.kms.katalon.core.main.TestSuiteExecutor.execute(TestSuiteExecutor.java:89)
	at com.kms.katalon.core.main.TestCaseMain.startTestSuite(TestCaseMain.java:185)
	at com.kms.katalon.core.main.TestCaseMain$startTestSuite$0.call(Unknown Source)
	at TempTestSuite1626296935818.run(TempTestSuite1626296935818.groovy:39)


2021-07-14 17:23:23 - [TEST_STEP][PASSED] - Start listener action : getTestScriptName: null

2021-07-14 17:23:23 - [TEST_STEP][PASSED] - TestCaseId = testCaseContext.getTestCaseId(): null

2021-07-14 17:23:23 - [TEST_STEP][PASSED] - out.println("**********this is the value of test case id string******** " + testCaseContext.getTestCaseId()): null

2021-07-14 17:23:23 - [TEST_STEP][PASSED] - G_currentTCName = TestCaseId.substring(TestCaseId.lastIndexOf("TC")): null

2021-07-14 17:23:23 - [TEST_STEP][PASSED] - out.println("This is the test case name : " + G_currentTCName): null

2021-07-14 17:23:24 - [TEST_STEP][PASSED] - closeBrowser(): Browser is closed

2021-07-14 17:23:25 - [MESSAGE][PASSED] - Browser is closed

2021-07-14 17:23:25 - [TEST_STEP][PASSED] - openBrowser(""): Browser is opened with url: ''

2021-07-14 17:23:25 - [MESSAGE][INFO] - Starting 'Chrome (headless)' driver

2021-07-14 17:23:25 - [MESSAGE][INFO] - User set preference: ['args', '[--no-sandbox]']

2021-07-14 17:23:25 - [MESSAGE][INFO] - Action delay is set to 0 milliseconds

2021-07-14 17:23:26 - [MESSAGE][PASSED] - Browser is opened with url: ''

2021-07-14 17:23:26 - [TEST_STEP][PASSED] - maximizeWindow(): Current window maximized

2021-07-14 17:23:26 - [MESSAGE][PASSED] - Current window maximized

2021-07-14 17:23:26 - [TEST_STEP][PASSED] - "Driver opened by Katalon is used in Selenium from this step.": null

2021-07-14 17:23:26 - [TEST_STEP][PASSED] - ctdc.utilities.runtestcaseforKatalon.RunKatalon("TC10_Canine_StudyUBC-Breed_Diagnosis_PrimDiseaseSite.xlsx"): Data loaded from input file for the test case. 

2021-07-14 17:23:26 - [MESSAGE][PASSED] - Test case file loaded This is the full filepath after converting to string :C:\Automation_master\InputFiles\TC10_Canine_StudyUBC-Breed_Diagnosis_PrimDiseaseSite.xlsx

2021-07-14 17:23:26 - [MESSAGE][INFO] - Global variable set for password file is :  C:\Automation_master\InputFiles\TC10_Canine_StudyUBC-Breed_Diagnosis_PrimDiseaseSite.xlsx

2021-07-14 17:23:30 - [MESSAGE][PASSED] - Data loaded from input file for the test case. 

2021-07-14 17:23:37 - [TEST_STEP][PASSED] - waitForElementPresent(findTestObject("Canine/NavBar/Canine_Cases_Btn"), 10): Object 'Object Repository/Canine/NavBar/Canine_Cases_Btn' is present

2021-07-14 17:23:37 - [MESSAGE][PASSED] - Object 'Object Repository/Canine/NavBar/Canine_Cases_Btn' is present

2021-07-14 17:23:37 - [TEST_STEP][PASSED] - ctdc.utilities.runtestcaseforKatalon.clickTab("Canine/NavBar/Canine_Cases_Btn"): ctdc.utilities.runtestcaseforKatalon.clickTab is PASSED

2021-07-14 17:23:37 - [MESSAGE][PASSED] - ctdc.utilities.runtestcaseforKatalon.clickTab is PASSED

2021-07-14 17:23:37 - [TEST_STEP][PASSED] - waitForElementPresent(findTestObject("Object Repository/Canine/Filter/FilterByCases_Facet"), 10): Object 'Object Repository/Canine/Filter/FilterByCases_Facet' is present

2021-07-14 17:23:39 - [MESSAGE][PASSED] - Object 'Object Repository/Canine/Filter/FilterByCases_Facet' is present

2021-07-14 17:23:39 - [TEST_STEP][PASSED] - ctdc.utilities.runtestcaseforKatalon.clickTab("Object Repository/Canine/Filter/FilterByCases_Facet"): ctdc.utilities.runtestcaseforKatalon.clickTab is PASSED

2021-07-14 17:23:39 - [MESSAGE][PASSED] - ctdc.utilities.runtestcaseforKatalon.clickTab is PASSED

2021-07-14 17:23:39 - [TEST_STEP][PASSED] - waitForElementPresent(findTestObject("Object Repository/Canine/Filter/Study/Canine_Filter_Study"), 10): Object 'Object Repository/Canine/Filter/Study/Canine_Filter_Study' is present

2021-07-14 17:23:40 - [MESSAGE][PASSED] - Object 'Object Repository/Canine/Filter/Study/Canine_Filter_Study' is present

2021-07-14 17:23:40 - [TEST_STEP][PASSED] - ctdc.utilities.runtestcaseforKatalon.clickTab("Object Repository/Canine/Filter/Study/Canine_Filter_Study"): ctdc.utilities.runtestcaseforKatalon.clickTab is PASSED

2021-07-14 17:23:40 - [MESSAGE][PASSED] - ctdc.utilities.runtestcaseforKatalon.clickTab is PASSED

2021-07-14 17:23:40 - [TEST_STEP][PASSED] - waitForElementPresent(findTestObject("Object Repository/Canine/Filter/Study/Canine_Filter_Study-UBC_Chkbx"), 10): Object 'Object Repository/Canine/Filter/Study/Canine_Filter_Study-UBC_Chkbx' is present

2021-07-14 17:23:40 - [MESSAGE][PASSED] - Object 'Object Repository/Canine/Filter/Study/Canine_Filter_Study-UBC_Chkbx' is present

2021-07-14 17:23:40 - [TEST_STEP][PASSED] - ctdc.utilities.runtestcaseforKatalon.clickTab("Object Repository/Canine/Filter/Study/Canine_Filter_Study-UBC_Chkbx"): ctdc.utilities.runtestcaseforKatalon.clickTab is PASSED

2021-07-14 17:23:41 - [MESSAGE][PASSED] - ctdc.utilities.runtestcaseforKatalon.clickTab is PASSED

2021-07-14 17:23:41 - [TEST_STEP][PASSED] - Thread.sleep(2000): null

2021-07-14 17:23:43 - [TEST_STEP][PASSED] - waitForElementPresent(findTestObject("Object Repository/Canine/Filter/Breed/BREED_Ddn"), 10): Object 'Object Repository/Canine/Filter/Breed/BREED_Ddn' is present

2021-07-14 17:23:43 - [MESSAGE][PASSED] - Object 'Object Repository/Canine/Filter/Breed/BREED_Ddn' is present

2021-07-14 17:23:43 - [TEST_STEP][PASSED] - ctdc.utilities.runtestcaseforKatalon.clickTab("Object Repository/Canine/Filter/Breed/BREED_Ddn"): ctdc.utilities.runtestcaseforKatalon.clickTab is PASSED

2021-07-14 17:23:43 - [MESSAGE][PASSED] - ctdc.utilities.runtestcaseforKatalon.clickTab is PASSED

2021-07-14 17:23:43 - [TEST_STEP][PASSED] - waitForElementPresent(findTestObject("Object Repository/Canine/Filter/Breed/Mixed_Chkbx"), 10): Object 'Object Repository/Canine/Filter/Breed/Mixed_Chkbx' is present

2021-07-14 17:23:43 - [MESSAGE][PASSED] - Object 'Object Repository/Canine/Filter/Breed/Mixed_Chkbx' is present

2021-07-14 17:23:43 - [TEST_STEP][PASSED] - ctdc.utilities.runtestcaseforKatalon.clickTab("Object Repository/Canine/Filter/Breed/Mixed_Chkbx"): ctdc.utilities.runtestcaseforKatalon.clickTab is PASSED

2021-07-14 17:23:43 - [MESSAGE][PASSED] - ctdc.utilities.runtestcaseforKatalon.clickTab is PASSED

2021-07-14 17:23:43 - [TEST_STEP][PASSED] - waitForElementPresent(findTestObject("Object Repository/Canine/Filter/Breed/ScottTerr_Chkbx"), 10): Object 'Object Repository/Canine/Filter/Breed/ScottTerr_Chkbx' is present

2021-07-14 17:23:44 - [MESSAGE][PASSED] - Object 'Object Repository/Canine/Filter/Breed/ScottTerr_Chkbx' is present

2021-07-14 17:23:44 - [TEST_STEP][PASSED] - ctdc.utilities.runtestcaseforKatalon.clickTab("Object Repository/Canine/Filter/Breed/ScottTerr_Chkbx"): ctdc.utilities.runtestcaseforKatalon.clickTab is PASSED

2021-07-14 17:23:44 - [MESSAGE][PASSED] - ctdc.utilities.runtestcaseforKatalon.clickTab is PASSED

2021-07-14 17:23:44 - [TEST_STEP][PASSED] - waitForElementPresent(findTestObject("Object Repository/Canine/Filter/Breed/ShetlandShpdog_Chkbx"), 10): Object 'Object Repository/Canine/Filter/Breed/ShetlandShpdog_Chkbx' is present

2021-07-14 17:23:45 - [MESSAGE][PASSED] - Object 'Object Repository/Canine/Filter/Breed/ShetlandShpdog_Chkbx' is present

2021-07-14 17:23:45 - [TEST_STEP][PASSED] - ctdc.utilities.runtestcaseforKatalon.clickTab("Object Repository/Canine/Filter/Breed/ShetlandShpdog_Chkbx"): ctdc.utilities.runtestcaseforKatalon.clickTab is PASSED

2021-07-14 17:23:45 - [MESSAGE][PASSED] - ctdc.utilities.runtestcaseforKatalon.clickTab is PASSED

2021-07-14 17:23:45 - [TEST_STEP][PASSED] - ctdc.utilities.runtestcaseforKatalon.clickTab("Object Repository/Canine/Filter/Breed/BREED_Ddn"): ctdc.utilities.runtestcaseforKatalon.clickTab is PASSED

2021-07-14 17:23:46 - [MESSAGE][PASSED] - ctdc.utilities.runtestcaseforKatalon.clickTab is PASSED

2021-07-14 17:23:46 - [TEST_STEP][PASSED] - waitForElementPresent(findTestObject("Object Repository/Canine/Filter/Diagnosis/DIAGNOSIS_Ddn"), 10): Object 'Object Repository/Canine/Filter/Diagnosis/DIAGNOSIS_Ddn' is present

2021-07-14 17:23:46 - [MESSAGE][PASSED] - Object 'Object Repository/Canine/Filter/Diagnosis/DIAGNOSIS_Ddn' is present

2021-07-14 17:23:46 - [TEST_STEP][PASSED] - ctdc.utilities.runtestcaseforKatalon.clickTab("Object Repository/Canine/Filter/Diagnosis/DIAGNOSIS_Ddn"): ctdc.utilities.runtestcaseforKatalon.clickTab is PASSED

2021-07-14 17:23:47 - [MESSAGE][PASSED] - ctdc.utilities.runtestcaseforKatalon.clickTab is PASSED

2021-07-14 17:23:47 - [TEST_STEP][PASSED] - waitForElementPresent(findTestObject("Object Repository/Canine/Filter/Diagnosis/BladderCancer_Chkbx"), 10): Object 'Object Repository/Canine/Filter/Diagnosis/BladderCancer_Chkbx' is present

2021-07-14 17:23:47 - [MESSAGE][PASSED] - Object 'Object Repository/Canine/Filter/Diagnosis/BladderCancer_Chkbx' is present

2021-07-14 17:23:47 - [TEST_STEP][PASSED] - ctdc.utilities.runtestcaseforKatalon.clickTab("Object Repository/Canine/Filter/Diagnosis/BladderCancer_Chkbx"): ctdc.utilities.runtestcaseforKatalon.clickTab is PASSED

2021-07-14 17:23:47 - [MESSAGE][PASSED] - ctdc.utilities.runtestcaseforKatalon.clickTab is PASSED

2021-07-14 17:23:47 - [TEST_STEP][PASSED] - waitForElementPresent(findTestObject("Object Repository/Canine/Filter/Diagnosis/HealthyControl_Chkbx"), 10): Object 'Object Repository/Canine/Filter/Diagnosis/HealthyControl_Chkbx' is present

2021-07-14 17:23:48 - [MESSAGE][PASSED] - Object 'Object Repository/Canine/Filter/Diagnosis/HealthyControl_Chkbx' is present

2021-07-14 17:23:48 - [TEST_STEP][PASSED] - ctdc.utilities.runtestcaseforKatalon.clickTab("Object Repository/Canine/Filter/Diagnosis/HealthyControl_Chkbx"): ctdc.utilities.runtestcaseforKatalon.clickTab is PASSED

2021-07-14 17:23:48 - [MESSAGE][PASSED] - ctdc.utilities.runtestcaseforKatalon.clickTab is PASSED

2021-07-14 17:23:48 - [TEST_STEP][PASSED] - ctdc.utilities.runtestcaseforKatalon.clickTab("Object Repository/Canine/Filter/Diagnosis/DIAGNOSIS_Ddn"): ctdc.utilities.runtestcaseforKatalon.clickTab is PASSED

2021-07-14 17:23:49 - [MESSAGE][PASSED] - ctdc.utilities.runtestcaseforKatalon.clickTab is PASSED

2021-07-14 17:23:49 - [TEST_STEP][PASSED] - waitForElementPresent(findTestObject("Object Repository/Canine/Filter/PrimDiseaseSite/PRIMARYDISEASESITE_Ddn"), 10): Object 'Object Repository/Canine/Filter/PrimDiseaseSite/PRIMARYDISEASESITE_Ddn' is present

2021-07-14 17:23:49 - [MESSAGE][PASSED] - Object 'Object Repository/Canine/Filter/PrimDiseaseSite/PRIMARYDISEASESITE_Ddn' is present

2021-07-14 17:23:49 - [TEST_STEP][PASSED] - ctdc.utilities.runtestcaseforKatalon.clickTab("Object Repository/Canine/Filter/PrimDiseaseSite/PRIMARYDISEASESITE_Ddn"): ctdc.utilities.runtestcaseforKatalon.clickTab is PASSED

2021-07-14 17:23:49 - [MESSAGE][PASSED] - ctdc.utilities.runtestcaseforKatalon.clickTab is PASSED

2021-07-14 17:23:49 - [TEST_STEP][PASSED] - waitForElementPresent(findTestObject("Object Repository/Canine/Filter/PrimDiseaseSite/Bladder_Chkbx"), 10): Object 'Object Repository/Canine/Filter/PrimDiseaseSite/Bladder_Chkbx' is present

2021-07-14 17:23:49 - [MESSAGE][PASSED] - Object 'Object Repository/Canine/Filter/PrimDiseaseSite/Bladder_Chkbx' is present

2021-07-14 17:23:49 - [TEST_STEP][PASSED] - ctdc.utilities.runtestcaseforKatalon.clickTab("Object Repository/Canine/Filter/PrimDiseaseSite/Bladder_Chkbx"): ctdc.utilities.runtestcaseforKatalon.clickTab is PASSED

2021-07-14 17:23:49 - [MESSAGE][PASSED] - ctdc.utilities.runtestcaseforKatalon.clickTab is PASSED

2021-07-14 17:23:49 - [TEST_STEP][PASSED] - waitForElementPresent(findTestObject("Object Repository/Canine/Filter/PrimDiseaseSite/NotApplicable_Chkbx"), 10): Object 'Object Repository/Canine/Filter/PrimDiseaseSite/NotApplicable_Chkbx' is present

2021-07-14 17:23:50 - [MESSAGE][PASSED] - Object 'Object Repository/Canine/Filter/PrimDiseaseSite/NotApplicable_Chkbx' is present

2021-07-14 17:23:50 - [TEST_STEP][PASSED] - ctdc.utilities.runtestcaseforKatalon.clickTab("Object Repository/Canine/Filter/PrimDiseaseSite/NotApplicable_Chkbx"): ctdc.utilities.runtestcaseforKatalon.clickTab is PASSED

2021-07-14 17:23:50 - [MESSAGE][PASSED] - ctdc.utilities.runtestcaseforKatalon.clickTab is PASSED

2021-07-14 17:23:50 - [TEST_STEP][PASSED] - ctdc.utilities.runtestcaseforKatalon.clickTab("Object Repository/Canine/Filter/PrimDiseaseSite/PRIMARYDISEASESITE_Ddn"): ctdc.utilities.runtestcaseforKatalon.clickTab is PASSED

2021-07-14 17:23:51 - [MESSAGE][PASSED] - ctdc.utilities.runtestcaseforKatalon.clickTab is PASSED

2021-07-14 17:23:51 - [TEST_STEP][PASSED] - ctdc.utilities.runtestcaseforKatalon.readStatBarCanine("Object Repository/Canine/StatBar/Canine_StatBar-Studies", "Object Repository/Canine/StatBar/Canine_StatBar-Cases", "Object Repository/Canine/StatBar/Canine_StatBar-Samples", "Object Repository/Canine/StatBar/Canine_StatBar-Files", "Object Repository/Canine/StatBar/Canine_StatBar-Aliquots"): ctdc.utilities.runtestcaseforKatalon.readStatBarCanine is PASSED

2021-07-14 17:24:07 - [MESSAGE][PASSED] - ctdc.utilities.runtestcaseforKatalon.readStatBarCanine is PASSED

2021-07-14 17:24:07 - [TEST_STEP][PASSED] - waitForElementPresent(findTestObject("Object Repository/Canine/CanineResults_Cases_Tab"), 5): Object 'Object Repository/Canine/CanineResults_Cases_Tab' is present

2021-07-14 17:24:07 - [MESSAGE][PASSED] - Object 'Object Repository/Canine/CanineResults_Cases_Tab' is present

2021-07-14 17:24:07 - [TEST_STEP][PASSED] - ctdc.utilities.runtestcaseforKatalon.clickTab("Object Repository/Canine/CanineResults_Cases_Tab"): ctdc.utilities.runtestcaseforKatalon.clickTab is PASSED

2021-07-14 17:24:07 - [MESSAGE][PASSED] - ctdc.utilities.runtestcaseforKatalon.clickTab is PASSED

2021-07-14 17:24:07 - [TEST_STEP][ERROR] - ctdc.utilities.runtestcaseforKatalon.multiFunction("ICDC", G_StatBar_Cases, "Object Repository/Canine/Canine_CasesTable", "Object Repository/Canine/Canine_TableHeader", "Object Repository/Canine/Canine_CasesTabNextBtn", G_WebTabnameCases, G_CypherTabnameCases, G_QueryCasesTab): Index: 11, Size: 11

2021-07-14 17:24:26 - [MESSAGE][ERROR] - Index: 11, Size: 11]]></system-out>
         <system-err><![CDATA[2021-07-14 17:23:23 - [TEST_CASE][ERROR] - Test Cases/Canine_TestCases/StudyCombinations/Study-Combinations-UBC01/TC10_Canine_StudyUBC-Breed_Diagnosis_PrimDiseaseSite: Test Cases/Canine_TestCases/StudyCombinations/Study-Combinations-UBC01/TC10_Canine_StudyUBC-Breed_Diagnosis_PrimDiseaseSite FAILED.
Reason:
java.lang.IndexOutOfBoundsException: Index: 11, Size: 11
	at java_util_List$get$1.call(Unknown Source)
	at ctdc.utilities.runtestcaseforKatalon.compareTwoLists(runtestcaseforKatalon.groovy:849)
	at ctdc.utilities.runtestcaseforKatalon.compareLists(runtestcaseforKatalon.groovy:901)
	at ctdc.utilities.runtestcaseforKatalon.multiFunction(runtestcaseforKatalon.groovy:253)
	at ctdc.utilities.runtestcaseforKatalon.invokeMethod(runtestcaseforKatalon.groovy)
	at com.kms.katalon.core.main.CustomKeywordDelegatingMetaClass.invokeStaticMethod(CustomKeywordDelegatingMetaClass.java:50)
	at TC10_Canine_StudyUBC-Breed_Diagnosis_PrimDiseaseSite.run(TC10_Canine_StudyUBC-Breed_Diagnosis_PrimDiseaseSite:95)
	at com.kms.katalon.core.main.ScriptEngine.run(ScriptEngine.java:194)
	at com.kms.katalon.core.main.ScriptEngine.runScriptAsRawText(ScriptEngine.java:119)
	at com.kms.katalon.core.main.TestCaseExecutor.runScript(TestCaseExecutor.java:369)
	at com.kms.katalon.core.main.TestCaseExecutor.doExecute(TestCaseExecutor.java:360)
	at com.kms.katalon.core.main.TestCaseExecutor.processExecutionPhase(TestCaseExecutor.java:339)
	at com.kms.katalon.core.main.TestCaseExecutor.accessMainPhase(TestCaseExecutor.java:331)
	at com.kms.katalon.core.main.TestCaseExecutor.execute(TestCaseExecutor.java:248)
	at com.kms.katalon.core.main.TestSuiteExecutor.accessTestCaseMainPhase(TestSuiteExecutor.java:191)
	at com.kms.katalon.core.main.TestSuiteExecutor.accessTestSuiteMainPhase(TestSuiteExecutor.java:140)
	at com.kms.katalon.core.main.TestSuiteExecutor.execute(TestSuiteExecutor.java:89)
	at com.kms.katalon.core.main.TestCaseMain.startTestSuite(TestCaseMain.java:185)
	at com.kms.katalon.core.main.TestCaseMain$startTestSuite$0.call(Unknown Source)
	at TempTestSuite1626296935818.run(TempTestSuite1626296935818.groovy:39)]]></system-err>
      </testcase>
      <testcase name="Test Cases/Canine_TestCases/StudyCombinations/Study-Combinations-UBC01/TC11_Canine_StudyUBC-Breed_Diagnosis_PrimDiseaseSite_RespToTreatmt" time="83.841" classname="Test Cases/Canine_TestCases/StudyCombinations/Study-Combinations-UBC01/TC11_Canine_StudyUBC-Breed_Diagnosis_PrimDiseaseSite_RespToTreatmt" status="PASSED">
         <system-out><![CDATA[2021-07-14 17:24:26 - [TEST_CASE][PASSED] - Test Cases/Canine_TestCases/StudyCombinations/Study-Combinations-UBC01/TC11_Canine_StudyUBC-Breed_Diagnosis_PrimDiseaseSite_RespToTreatmt: Test Cases/Canine_TestCases/StudyCombinations/Study-Combinations-UBC01/TC11_Canine_StudyUBC-Breed_Diagnosis_PrimDiseaseSite_RespToTreatmt

2021-07-14 17:24:26 - [TEST_STEP][PASSED] - Start listener action : getTestScriptName: null

2021-07-14 17:24:26 - [TEST_STEP][PASSED] - TestCaseId = testCaseContext.getTestCaseId(): null

2021-07-14 17:24:26 - [TEST_STEP][PASSED] - out.println("**********this is the value of test case id string******** " + testCaseContext.getTestCaseId()): null

2021-07-14 17:24:26 - [TEST_STEP][PASSED] - G_currentTCName = TestCaseId.substring(TestCaseId.lastIndexOf("TC")): null

2021-07-14 17:24:26 - [TEST_STEP][PASSED] - out.println("This is the test case name : " + G_currentTCName): null

2021-07-14 17:24:27 - [TEST_STEP][PASSED] - closeBrowser(): Browser is closed

2021-07-14 17:24:28 - [MESSAGE][PASSED] - Browser is closed

2021-07-14 17:24:28 - [TEST_STEP][PASSED] - openBrowser(""): Browser is opened with url: ''

2021-07-14 17:24:28 - [MESSAGE][INFO] - Starting 'Chrome (headless)' driver

2021-07-14 17:24:28 - [MESSAGE][INFO] - User set preference: ['args', '[--no-sandbox]']

2021-07-14 17:24:28 - [MESSAGE][INFO] - Action delay is set to 0 milliseconds

2021-07-14 17:24:29 - [MESSAGE][PASSED] - Browser is opened with url: ''

2021-07-14 17:24:29 - [TEST_STEP][PASSED] - maximizeWindow(): Current window maximized

2021-07-14 17:24:30 - [MESSAGE][PASSED] - Current window maximized

2021-07-14 17:24:30 - [TEST_STEP][PASSED] - "Driver opened by Katalon is used in Selenium from this step.": null

2021-07-14 17:24:30 - [TEST_STEP][PASSED] - ctdc.utilities.runtestcaseforKatalon.RunKatalon("TC11_Canine_StudyUBC-Breed_Diagnosis_PrimDiseaseSite_RespToTreatmt.xlsx"): Data loaded from input file for the test case. 

2021-07-14 17:24:30 - [MESSAGE][PASSED] - Test case file loaded This is the full filepath after converting to string :C:\Automation_master\InputFiles\TC11_Canine_StudyUBC-Breed_Diagnosis_PrimDiseaseSite_RespToTreatmt.xlsx

2021-07-14 17:24:30 - [MESSAGE][INFO] - Global variable set for password file is :  C:\Automation_master\InputFiles\TC11_Canine_StudyUBC-Breed_Diagnosis_PrimDiseaseSite_RespToTreatmt.xlsx

2021-07-14 17:24:34 - [MESSAGE][PASSED] - Data loaded from input file for the test case. 

2021-07-14 17:24:41 - [TEST_STEP][PASSED] - waitForElementPresent(findTestObject("Canine/NavBar/Canine_Cases_Btn"), 10): Object 'Object Repository/Canine/NavBar/Canine_Cases_Btn' is present

2021-07-14 17:24:41 - [MESSAGE][PASSED] - Object 'Object Repository/Canine/NavBar/Canine_Cases_Btn' is present

2021-07-14 17:24:41 - [TEST_STEP][PASSED] - ctdc.utilities.runtestcaseforKatalon.clickTab("Canine/NavBar/Canine_Cases_Btn"): ctdc.utilities.runtestcaseforKatalon.clickTab is PASSED

2021-07-14 17:24:41 - [MESSAGE][PASSED] - ctdc.utilities.runtestcaseforKatalon.clickTab is PASSED

2021-07-14 17:24:41 - [TEST_STEP][PASSED] - waitForElementPresent(findTestObject("Object Repository/Canine/Filter/FilterByCases_Facet"), 10): Object 'Object Repository/Canine/Filter/FilterByCases_Facet' is present

2021-07-14 17:24:43 - [MESSAGE][PASSED] - Object 'Object Repository/Canine/Filter/FilterByCases_Facet' is present

2021-07-14 17:24:43 - [TEST_STEP][PASSED] - ctdc.utilities.runtestcaseforKatalon.clickTab("Object Repository/Canine/Filter/FilterByCases_Facet"): ctdc.utilities.runtestcaseforKatalon.clickTab is PASSED

2021-07-14 17:24:43 - [MESSAGE][PASSED] - ctdc.utilities.runtestcaseforKatalon.clickTab is PASSED

2021-07-14 17:24:43 - [TEST_STEP][PASSED] - waitForElementPresent(findTestObject("Object Repository/Canine/Filter/Study/Canine_Filter_Study"), 10): Object 'Object Repository/Canine/Filter/Study/Canine_Filter_Study' is present

2021-07-14 17:24:44 - [MESSAGE][PASSED] - Object 'Object Repository/Canine/Filter/Study/Canine_Filter_Study' is present

2021-07-14 17:24:44 - [TEST_STEP][PASSED] - ctdc.utilities.runtestcaseforKatalon.clickTab("Object Repository/Canine/Filter/Study/Canine_Filter_Study"): ctdc.utilities.runtestcaseforKatalon.clickTab is PASSED

2021-07-14 17:24:44 - [MESSAGE][PASSED] - ctdc.utilities.runtestcaseforKatalon.clickTab is PASSED

2021-07-14 17:24:44 - [TEST_STEP][PASSED] - waitForElementPresent(findTestObject("Object Repository/Canine/Filter/Study/Canine_Filter_Study-UBC_Chkbx"), 10): Object 'Object Repository/Canine/Filter/Study/Canine_Filter_Study-UBC_Chkbx' is present

2021-07-14 17:24:45 - [MESSAGE][PASSED] - Object 'Object Repository/Canine/Filter/Study/Canine_Filter_Study-UBC_Chkbx' is present

2021-07-14 17:24:45 - [TEST_STEP][PASSED] - ctdc.utilities.runtestcaseforKatalon.clickTab("Object Repository/Canine/Filter/Study/Canine_Filter_Study-UBC_Chkbx"): ctdc.utilities.runtestcaseforKatalon.clickTab is PASSED

2021-07-14 17:24:45 - [MESSAGE][PASSED] - ctdc.utilities.runtestcaseforKatalon.clickTab is PASSED

2021-07-14 17:24:45 - [TEST_STEP][PASSED] - Thread.sleep(2000): null

2021-07-14 17:24:47 - [TEST_STEP][PASSED] - waitForElementPresent(findTestObject("Object Repository/Canine/Filter/Breed/BREED_Ddn"), 10): Object 'Object Repository/Canine/Filter/Breed/BREED_Ddn' is present

2021-07-14 17:24:47 - [MESSAGE][PASSED] - Object 'Object Repository/Canine/Filter/Breed/BREED_Ddn' is present

2021-07-14 17:24:47 - [TEST_STEP][PASSED] - ctdc.utilities.runtestcaseforKatalon.clickTab("Object Repository/Canine/Filter/Breed/BREED_Ddn"): ctdc.utilities.runtestcaseforKatalon.clickTab is PASSED

2021-07-14 17:24:47 - [MESSAGE][PASSED] - ctdc.utilities.runtestcaseforKatalon.clickTab is PASSED

2021-07-14 17:24:47 - [TEST_STEP][PASSED] - waitForElementPresent(findTestObject("Object Repository/Canine/Filter/Breed/BelgMalin_Chkbx"), 10): Object 'Object Repository/Canine/Filter/Breed/BelgMalin_Chkbx' is present

2021-07-14 17:24:47 - [MESSAGE][PASSED] - Object 'Object Repository/Canine/Filter/Breed/BelgMalin_Chkbx' is present

2021-07-14 17:24:47 - [TEST_STEP][PASSED] - ctdc.utilities.runtestcaseforKatalon.clickTab("Object Repository/Canine/Filter/Breed/BelgMalin_Chkbx"): ctdc.utilities.runtestcaseforKatalon.clickTab is PASSED

2021-07-14 17:24:48 - [MESSAGE][PASSED] - ctdc.utilities.runtestcaseforKatalon.clickTab is PASSED

2021-07-14 17:24:48 - [TEST_STEP][PASSED] - waitForElementPresent(findTestObject("Object Repository/Canine/Filter/Breed/Labrador_Chkbx"), 10): Object 'Object Repository/Canine/Filter/Breed/Labrador_Chkbx' is present

2021-07-14 17:24:48 - [MESSAGE][PASSED] - Object 'Object Repository/Canine/Filter/Breed/Labrador_Chkbx' is present

2021-07-14 17:24:48 - [TEST_STEP][PASSED] - ctdc.utilities.runtestcaseforKatalon.clickTab("Object Repository/Canine/Filter/Breed/Labrador_Chkbx"): ctdc.utilities.runtestcaseforKatalon.clickTab is PASSED

2021-07-14 17:24:49 - [MESSAGE][PASSED] - ctdc.utilities.runtestcaseforKatalon.clickTab is PASSED

2021-07-14 17:24:49 - [TEST_STEP][PASSED] - waitForElementPresent(findTestObject("Object Repository/Canine/Filter/Breed/WestHland_Chkbx"), 10): Object 'Object Repository/Canine/Filter/Breed/WestHland_Chkbx' is present

2021-07-14 17:24:49 - [MESSAGE][PASSED] - Object 'Object Repository/Canine/Filter/Breed/WestHland_Chkbx' is present

2021-07-14 17:24:49 - [TEST_STEP][PASSED] - ctdc.utilities.runtestcaseforKatalon.clickTab("Object Repository/Canine/Filter/Breed/WestHland_Chkbx"): ctdc.utilities.runtestcaseforKatalon.clickTab is PASSED

2021-07-14 17:24:49 - [MESSAGE][PASSED] - ctdc.utilities.runtestcaseforKatalon.clickTab is PASSED

2021-07-14 17:24:49 - [TEST_STEP][PASSED] - ctdc.utilities.runtestcaseforKatalon.clickTab("Object Repository/Canine/Filter/Breed/BREED_Ddn"): ctdc.utilities.runtestcaseforKatalon.clickTab is PASSED

2021-07-14 17:24:50 - [MESSAGE][PASSED] - ctdc.utilities.runtestcaseforKatalon.clickTab is PASSED

2021-07-14 17:24:50 - [TEST_STEP][PASSED] - waitForElementPresent(findTestObject("Object Repository/Canine/Filter/Diagnosis/DIAGNOSIS_Ddn"), 10): Object 'Object Repository/Canine/Filter/Diagnosis/DIAGNOSIS_Ddn' is present

2021-07-14 17:24:50 - [MESSAGE][PASSED] - Object 'Object Repository/Canine/Filter/Diagnosis/DIAGNOSIS_Ddn' is present

2021-07-14 17:24:50 - [TEST_STEP][PASSED] - ctdc.utilities.runtestcaseforKatalon.clickTab("Object Repository/Canine/Filter/Diagnosis/DIAGNOSIS_Ddn"): ctdc.utilities.runtestcaseforKatalon.clickTab is PASSED

2021-07-14 17:24:51 - [MESSAGE][PASSED] - ctdc.utilities.runtestcaseforKatalon.clickTab is PASSED

2021-07-14 17:24:51 - [TEST_STEP][PASSED] - waitForElementPresent(findTestObject("Object Repository/Canine/Filter/Diagnosis/BladderCancer_Chkbx"), 10): Object 'Object Repository/Canine/Filter/Diagnosis/BladderCancer_Chkbx' is present

2021-07-14 17:24:51 - [MESSAGE][PASSED] - Object 'Object Repository/Canine/Filter/Diagnosis/BladderCancer_Chkbx' is present

2021-07-14 17:24:51 - [TEST_STEP][PASSED] - ctdc.utilities.runtestcaseforKatalon.clickTab("Object Repository/Canine/Filter/Diagnosis/BladderCancer_Chkbx"): ctdc.utilities.runtestcaseforKatalon.clickTab is PASSED

2021-07-14 17:24:51 - [MESSAGE][PASSED] - ctdc.utilities.runtestcaseforKatalon.clickTab is PASSED

2021-07-14 17:24:51 - [TEST_STEP][PASSED] - ctdc.utilities.runtestcaseforKatalon.clickTab("Object Repository/Canine/Filter/Diagnosis/DIAGNOSIS_Ddn"): ctdc.utilities.runtestcaseforKatalon.clickTab is PASSED

2021-07-14 17:24:52 - [MESSAGE][PASSED] - ctdc.utilities.runtestcaseforKatalon.clickTab is PASSED

2021-07-14 17:24:52 - [TEST_STEP][PASSED] - waitForElementPresent(findTestObject("Object Repository/Canine/Filter/PrimDiseaseSite/PRIMARYDISEASESITE_Ddn"), 10): Object 'Object Repository/Canine/Filter/PrimDiseaseSite/PRIMARYDISEASESITE_Ddn' is present

2021-07-14 17:24:52 - [MESSAGE][PASSED] - Object 'Object Repository/Canine/Filter/PrimDiseaseSite/PRIMARYDISEASESITE_Ddn' is present

2021-07-14 17:24:52 - [TEST_STEP][PASSED] - ctdc.utilities.runtestcaseforKatalon.clickTab("Object Repository/Canine/Filter/PrimDiseaseSite/PRIMARYDISEASESITE_Ddn"): ctdc.utilities.runtestcaseforKatalon.clickTab is PASSED

2021-07-14 17:24:52 - [MESSAGE][PASSED] - ctdc.utilities.runtestcaseforKatalon.clickTab is PASSED

2021-07-14 17:24:52 - [TEST_STEP][PASSED] - waitForElementPresent(findTestObject("Object Repository/Canine/Filter/PrimDiseaseSite/BladderProstate_Chkbx"), 10): Object 'Object Repository/Canine/Filter/PrimDiseaseSite/BladderProstate_Chkbx' is present

2021-07-14 17:24:52 - [MESSAGE][PASSED] - Object 'Object Repository/Canine/Filter/PrimDiseaseSite/BladderProstate_Chkbx' is present

2021-07-14 17:24:52 - [TEST_STEP][PASSED] - ctdc.utilities.runtestcaseforKatalon.clickTab("Object Repository/Canine/Filter/PrimDiseaseSite/BladderProstate_Chkbx"): ctdc.utilities.runtestcaseforKatalon.clickTab is PASSED

2021-07-14 17:24:52 - [MESSAGE][PASSED] - ctdc.utilities.runtestcaseforKatalon.clickTab is PASSED

2021-07-14 17:24:52 - [TEST_STEP][PASSED] - waitForElementPresent(findTestObject("Object Repository/Canine/Filter/PrimDiseaseSite/BladderUrethra_Chkbx"), 10): Object 'Object Repository/Canine/Filter/PrimDiseaseSite/BladderUrethra_Chkbx' is present

2021-07-14 17:24:53 - [MESSAGE][PASSED] - Object 'Object Repository/Canine/Filter/PrimDiseaseSite/BladderUrethra_Chkbx' is present

2021-07-14 17:24:53 - [TEST_STEP][PASSED] - ctdc.utilities.runtestcaseforKatalon.clickTab("Object Repository/Canine/Filter/PrimDiseaseSite/BladderUrethra_Chkbx"): ctdc.utilities.runtestcaseforKatalon.clickTab is PASSED

2021-07-14 17:24:53 - [MESSAGE][PASSED] - ctdc.utilities.runtestcaseforKatalon.clickTab is PASSED

2021-07-14 17:24:53 - [TEST_STEP][PASSED] - waitForElementPresent(findTestObject("Object Repository/Canine/Filter/PrimDiseaseSite/BladderUrethraProstate_Chkbx"), 10): Object 'Object Repository/Canine/Filter/PrimDiseaseSite/BladderUrethraProstate_Chkbx' is present

2021-07-14 17:24:54 - [MESSAGE][PASSED] - Object 'Object Repository/Canine/Filter/PrimDiseaseSite/BladderUrethraProstate_Chkbx' is present

2021-07-14 17:24:54 - [TEST_STEP][PASSED] - ctdc.utilities.runtestcaseforKatalon.clickTab("Object Repository/Canine/Filter/PrimDiseaseSite/BladderUrethraProstate_Chkbx"): ctdc.utilities.runtestcaseforKatalon.clickTab is PASSED

2021-07-14 17:24:54 - [MESSAGE][PASSED] - ctdc.utilities.runtestcaseforKatalon.clickTab is PASSED

2021-07-14 17:24:54 - [TEST_STEP][PASSED] - waitForElementPresent(findTestObject("Object Repository/Canine/Filter/PrimDiseaseSite/UrethraProstate_Chkbx"), 15): Object 'Object Repository/Canine/Filter/PrimDiseaseSite/UrethraProstate_Chkbx' is present

2021-07-14 17:24:55 - [MESSAGE][PASSED] - Object 'Object Repository/Canine/Filter/PrimDiseaseSite/UrethraProstate_Chkbx' is present

2021-07-14 17:24:55 - [TEST_STEP][PASSED] - ctdc.utilities.runtestcaseforKatalon.clickTab("Object Repository/Canine/Filter/PrimDiseaseSite/UrethraProstate_Chkbx"): ctdc.utilities.runtestcaseforKatalon.clickTab is PASSED

2021-07-14 17:24:55 - [MESSAGE][PASSED] - ctdc.utilities.runtestcaseforKatalon.clickTab is PASSED

2021-07-14 17:24:55 - [TEST_STEP][PASSED] - ctdc.utilities.runtestcaseforKatalon.clickTab("Object Repository/Canine/Filter/PrimDiseaseSite/PRIMARYDISEASESITE_Ddn"): ctdc.utilities.runtestcaseforKatalon.clickTab is PASSED

2021-07-14 17:24:56 - [MESSAGE][PASSED] - ctdc.utilities.runtestcaseforKatalon.clickTab is PASSED

2021-07-14 17:24:56 - [TEST_STEP][PASSED] - waitForElementPresent(findTestObject("Object Repository/Canine/Filter/ResponseToTreatment/RESPONSETOTREATMENT_Ddn"), 10): Object 'Object Repository/Canine/Filter/ResponseToTreatment/RESPONSETOTREATMENT_Ddn' is present

2021-07-14 17:24:56 - [MESSAGE][PASSED] - Object 'Object Repository/Canine/Filter/ResponseToTreatment/RESPONSETOTREATMENT_Ddn' is present

2021-07-14 17:24:56 - [TEST_STEP][PASSED] - ctdc.utilities.runtestcaseforKatalon.clickTab("Object Repository/Canine/Filter/ResponseToTreatment/RESPONSETOTREATMENT_Ddn"): ctdc.utilities.runtestcaseforKatalon.clickTab is PASSED

2021-07-14 17:24:56 - [MESSAGE][PASSED] - ctdc.utilities.runtestcaseforKatalon.clickTab is PASSED

2021-07-14 17:24:56 - [TEST_STEP][PASSED] - waitForElementPresent(findTestObject("Object Repository/Canine/Filter/ResponseToTreatment/NotDetermined_Chkbx"), 10): Object 'Object Repository/Canine/Filter/ResponseToTreatment/NotDetermined_Chkbx' is present

2021-07-14 17:24:57 - [MESSAGE][PASSED] - Object 'Object Repository/Canine/Filter/ResponseToTreatment/NotDetermined_Chkbx' is present

2021-07-14 17:24:57 - [TEST_STEP][PASSED] - ctdc.utilities.runtestcaseforKatalon.clickTab("Object Repository/Canine/Filter/ResponseToTreatment/NotDetermined_Chkbx"): ctdc.utilities.runtestcaseforKatalon.clickTab is PASSED

2021-07-14 17:24:57 - [MESSAGE][PASSED] - ctdc.utilities.runtestcaseforKatalon.clickTab is PASSED

2021-07-14 17:24:57 - [TEST_STEP][PASSED] - waitForElementPresent(findTestObject("Object Repository/Canine/Filter/ResponseToTreatment/PartialResponse_Chkbx"), 10): Object 'Object Repository/Canine/Filter/ResponseToTreatment/PartialResponse_Chkbx' is present

2021-07-14 17:24:58 - [MESSAGE][PASSED] - Object 'Object Repository/Canine/Filter/ResponseToTreatment/PartialResponse_Chkbx' is present

2021-07-14 17:24:58 - [TEST_STEP][PASSED] - ctdc.utilities.runtestcaseforKatalon.clickTab("Object Repository/Canine/Filter/ResponseToTreatment/PartialResponse_Chkbx"): ctdc.utilities.runtestcaseforKatalon.clickTab is PASSED

2021-07-14 17:24:58 - [MESSAGE][PASSED] - ctdc.utilities.runtestcaseforKatalon.clickTab is PASSED

2021-07-14 17:24:58 - [TEST_STEP][PASSED] - waitForElementPresent(findTestObject("Object Repository/Canine/Filter/ResponseToTreatment/ProgrDisease_Chkbx"), 10): Object 'Object Repository/Canine/Filter/ResponseToTreatment/ProgrDisease_Chkbx' is present

2021-07-14 17:24:58 - [MESSAGE][PASSED] - Object 'Object Repository/Canine/Filter/ResponseToTreatment/ProgrDisease_Chkbx' is present

2021-07-14 17:24:58 - [TEST_STEP][PASSED] - ctdc.utilities.runtestcaseforKatalon.clickTab("Object Repository/Canine/Filter/ResponseToTreatment/ProgrDisease_Chkbx"): ctdc.utilities.runtestcaseforKatalon.clickTab is PASSED

2021-07-14 17:24:59 - [MESSAGE][PASSED] - ctdc.utilities.runtestcaseforKatalon.clickTab is PASSED

2021-07-14 17:24:59 - [TEST_STEP][PASSED] - waitForElementPresent(findTestObject("Object Repository/Canine/Filter/ResponseToTreatment/StableDisease_Chkbx"), 10): Object 'Object Repository/Canine/Filter/ResponseToTreatment/StableDisease_Chkbx' is present

2021-07-14 17:24:59 - [MESSAGE][PASSED] - Object 'Object Repository/Canine/Filter/ResponseToTreatment/StableDisease_Chkbx' is present

2021-07-14 17:24:59 - [TEST_STEP][PASSED] - ctdc.utilities.runtestcaseforKatalon.clickTab("Object Repository/Canine/Filter/ResponseToTreatment/StableDisease_Chkbx"): ctdc.utilities.runtestcaseforKatalon.clickTab is PASSED

2021-07-14 17:25:00 - [MESSAGE][PASSED] - ctdc.utilities.runtestcaseforKatalon.clickTab is PASSED

2021-07-14 17:25:00 - [TEST_STEP][PASSED] - ctdc.utilities.runtestcaseforKatalon.clickTab("Object Repository/Canine/Filter/ResponseToTreatment/RESPONSETOTREATMENT_Ddn"): ctdc.utilities.runtestcaseforKatalon.clickTab is PASSED

2021-07-14 17:25:01 - [MESSAGE][PASSED] - ctdc.utilities.runtestcaseforKatalon.clickTab is PASSED

2021-07-14 17:25:01 - [TEST_STEP][PASSED] - ctdc.utilities.runtestcaseforKatalon.readStatBarCanine("Object Repository/Canine/StatBar/Canine_StatBar-Studies", "Object Repository/Canine/StatBar/Canine_StatBar-Cases", "Object Repository/Canine/StatBar/Canine_StatBar-Samples", "Object Repository/Canine/StatBar/Canine_StatBar-Files", "Object Repository/Canine/StatBar/Canine_StatBar-Aliquots"): ctdc.utilities.runtestcaseforKatalon.readStatBarCanine is PASSED

2021-07-14 17:25:16 - [MESSAGE][PASSED] - ctdc.utilities.runtestcaseforKatalon.readStatBarCanine is PASSED

2021-07-14 17:25:16 - [TEST_STEP][PASSED] - waitForElementPresent(findTestObject("Object Repository/Canine/CanineResults_Samples_Tab"), 5): Object 'Object Repository/Canine/CanineResults_Samples_Tab' is present

2021-07-14 17:25:17 - [MESSAGE][PASSED] - Object 'Object Repository/Canine/CanineResults_Samples_Tab' is present

2021-07-14 17:25:17 - [TEST_STEP][PASSED] - ctdc.utilities.runtestcaseforKatalon.clickTab("Object Repository/Canine/CanineResults_Samples_Tab"): ctdc.utilities.runtestcaseforKatalon.clickTab is PASSED

2021-07-14 17:25:17 - [MESSAGE][PASSED] - ctdc.utilities.runtestcaseforKatalon.clickTab is PASSED

2021-07-14 17:25:17 - [TEST_STEP][PASSED] - ctdc.utilities.runtestcaseforKatalon.multiFunction("ICDC", G_StatBar_Samples, "Object Repository/Canine/Canine_Samples_Table", "Object Repository/Canine/Canine_Samples_TableHdr", "Object Repository/Canine/Canine_SamplesTabNextBtn", G_WebTabnameSamples, G_CypherTabnameSamples, G_QuerySamplesTab): Statbar Arms count matches

2021-07-14 17:25:50 - [MESSAGE][PASSED] - Statbar Files count matches

2021-07-14 17:25:50 - [MESSAGE][PASSED] - Statbar Samples count matches

2021-07-14 17:25:50 - [MESSAGE][PASSED] - Statbar Cases count matches

2021-07-14 17:25:50 - [MESSAGE][PASSED] - Statbar Arms count matches

2021-07-14 17:25:50 - [TEST_STEP][PASSED] - closeBrowser(): Browser is closed

2021-07-14 17:25:50 - [MESSAGE][PASSED] - Browser is closed]]></system-out>
         <system-err><![CDATA[]]></system-err>
      </testcase>
      <testcase name="Test Cases/Canine_TestCases/StudyCombinations/Study-Combinations-UBC01/TC12_Canine_StudyUBC-Breed_Diagnosis_PrimDiseaseSite_RespToTreatmt" time="66.156" classname="Test Cases/Canine_TestCases/StudyCombinations/Study-Combinations-UBC01/TC12_Canine_StudyUBC-Breed_Diagnosis_PrimDiseaseSite_RespToTreatmt" status="ERROR">
         <error type="ERROR" message="Test Cases/Canine_TestCases/StudyCombinations/Study-Combinations-UBC01/TC12_Canine_StudyUBC-Breed_Diagnosis_PrimDiseaseSite_RespToTreatmt FAILED.
Reason:
java.lang.IndexOutOfBoundsException: Index: 11, Size: 11
	at java_util_List$get$1.call(Unknown Source)
	at ctdc.utilities.runtestcaseforKatalon.compareTwoLists(runtestcaseforKatalon.groovy:849)
	at ctdc.utilities.runtestcaseforKatalon.compareLists(runtestcaseforKatalon.groovy:901)
	at ctdc.utilities.runtestcaseforKatalon.multiFunction(runtestcaseforKatalon.groovy:253)
	at ctdc.utilities.runtestcaseforKatalon.invokeMethod(runtestcaseforKatalon.groovy)
	at com.kms.katalon.core.main.CustomKeywordDelegatingMetaClass.invokeStaticMethod(CustomKeywordDelegatingMetaClass.java:50)
	at TC12_Canine_StudyUBC-Breed_Diagnosis_PrimDiseaseSite_RespToTreatmt.run(TC12_Canine_StudyUBC-Breed_Diagnosis_PrimDiseaseSite_RespToTreatmt:109)
	at com.kms.katalon.core.main.ScriptEngine.run(ScriptEngine.java:194)
	at com.kms.katalon.core.main.ScriptEngine.runScriptAsRawText(ScriptEngine.java:119)
	at com.kms.katalon.core.main.TestCaseExecutor.runScript(TestCaseExecutor.java:369)
	at com.kms.katalon.core.main.TestCaseExecutor.doExecute(TestCaseExecutor.java:360)
	at com.kms.katalon.core.main.TestCaseExecutor.processExecutionPhase(TestCaseExecutor.java:339)
	at com.kms.katalon.core.main.TestCaseExecutor.accessMainPhase(TestCaseExecutor.java:331)
	at com.kms.katalon.core.main.TestCaseExecutor.execute(TestCaseExecutor.java:248)
	at com.kms.katalon.core.main.TestSuiteExecutor.accessTestCaseMainPhase(TestSuiteExecutor.java:191)
	at com.kms.katalon.core.main.TestSuiteExecutor.accessTestSuiteMainPhase(TestSuiteExecutor.java:140)
	at com.kms.katalon.core.main.TestSuiteExecutor.execute(TestSuiteExecutor.java:89)
	at com.kms.katalon.core.main.TestCaseMain.startTestSuite(TestCaseMain.java:185)
	at com.kms.katalon.core.main.TestCaseMain$startTestSuite$0.call(Unknown Source)
	at TempTestSuite1626296935818.run(TempTestSuite1626296935818.groovy:39)
"/>
         <system-out><![CDATA[2021-07-14 17:25:50 - [TEST_CASE][ERROR] - Test Cases/Canine_TestCases/StudyCombinations/Study-Combinations-UBC01/TC12_Canine_StudyUBC-Breed_Diagnosis_PrimDiseaseSite_RespToTreatmt: Test Cases/Canine_TestCases/StudyCombinations/Study-Combinations-UBC01/TC12_Canine_StudyUBC-Breed_Diagnosis_PrimDiseaseSite_RespToTreatmt FAILED.
Reason:
java.lang.IndexOutOfBoundsException: Index: 11, Size: 11
	at java_util_List$get$1.call(Unknown Source)
	at ctdc.utilities.runtestcaseforKatalon.compareTwoLists(runtestcaseforKatalon.groovy:849)
	at ctdc.utilities.runtestcaseforKatalon.compareLists(runtestcaseforKatalon.groovy:901)
	at ctdc.utilities.runtestcaseforKatalon.multiFunction(runtestcaseforKatalon.groovy:253)
	at ctdc.utilities.runtestcaseforKatalon.invokeMethod(runtestcaseforKatalon.groovy)
	at com.kms.katalon.core.main.CustomKeywordDelegatingMetaClass.invokeStaticMethod(CustomKeywordDelegatingMetaClass.java:50)
	at TC12_Canine_StudyUBC-Breed_Diagnosis_PrimDiseaseSite_RespToTreatmt.run(TC12_Canine_StudyUBC-Breed_Diagnosis_PrimDiseaseSite_RespToTreatmt:109)
	at com.kms.katalon.core.main.ScriptEngine.run(ScriptEngine.java:194)
	at com.kms.katalon.core.main.ScriptEngine.runScriptAsRawText(ScriptEngine.java:119)
	at com.kms.katalon.core.main.TestCaseExecutor.runScript(TestCaseExecutor.java:369)
	at com.kms.katalon.core.main.TestCaseExecutor.doExecute(TestCaseExecutor.java:360)
	at com.kms.katalon.core.main.TestCaseExecutor.processExecutionPhase(TestCaseExecutor.java:339)
	at com.kms.katalon.core.main.TestCaseExecutor.accessMainPhase(TestCaseExecutor.java:331)
	at com.kms.katalon.core.main.TestCaseExecutor.execute(TestCaseExecutor.java:248)
	at com.kms.katalon.core.main.TestSuiteExecutor.accessTestCaseMainPhase(TestSuiteExecutor.java:191)
	at com.kms.katalon.core.main.TestSuiteExecutor.accessTestSuiteMainPhase(TestSuiteExecutor.java:140)
	at com.kms.katalon.core.main.TestSuiteExecutor.execute(TestSuiteExecutor.java:89)
	at com.kms.katalon.core.main.TestCaseMain.startTestSuite(TestCaseMain.java:185)
	at com.kms.katalon.core.main.TestCaseMain$startTestSuite$0.call(Unknown Source)
	at TempTestSuite1626296935818.run(TempTestSuite1626296935818.groovy:39)


2021-07-14 17:25:50 - [TEST_STEP][PASSED] - Start listener action : getTestScriptName: null

2021-07-14 17:25:50 - [TEST_STEP][PASSED] - TestCaseId = testCaseContext.getTestCaseId(): null

2021-07-14 17:25:50 - [TEST_STEP][PASSED] - out.println("**********this is the value of test case id string******** " + testCaseContext.getTestCaseId()): null

2021-07-14 17:25:50 - [TEST_STEP][PASSED] - G_currentTCName = TestCaseId.substring(TestCaseId.lastIndexOf("TC")): null

2021-07-14 17:25:50 - [TEST_STEP][PASSED] - out.println("This is the test case name : " + G_currentTCName): null

2021-07-14 17:25:51 - [TEST_STEP][PASSED] - closeBrowser(): Browser is closed

2021-07-14 17:25:51 - [MESSAGE][PASSED] - Browser is closed

2021-07-14 17:25:51 - [TEST_STEP][PASSED] - openBrowser(""): Browser is opened with url: ''

2021-07-14 17:25:51 - [MESSAGE][INFO] - Starting 'Chrome (headless)' driver

2021-07-14 17:25:51 - [MESSAGE][INFO] - User set preference: ['args', '[--no-sandbox]']

2021-07-14 17:25:51 - [MESSAGE][INFO] - Action delay is set to 0 milliseconds

2021-07-14 17:25:53 - [MESSAGE][PASSED] - Browser is opened with url: ''

2021-07-14 17:25:53 - [TEST_STEP][PASSED] - maximizeWindow(): Current window maximized

2021-07-14 17:25:53 - [MESSAGE][PASSED] - Current window maximized

2021-07-14 17:25:53 - [TEST_STEP][PASSED] - "Driver opened by Katalon is used in Selenium from this step.": null

2021-07-14 17:25:53 - [TEST_STEP][PASSED] - ctdc.utilities.runtestcaseforKatalon.RunKatalon("TC12_Canine_StudyUBC-Breed_Diagnosis_PrimDiseaseSite_RespToTreatmt.xlsx"): Data loaded from input file for the test case. 

2021-07-14 17:25:53 - [MESSAGE][PASSED] - Test case file loaded This is the full filepath after converting to string :C:\Automation_master\InputFiles\TC12_Canine_StudyUBC-Breed_Diagnosis_PrimDiseaseSite_RespToTreatmt.xlsx

2021-07-14 17:25:53 - [MESSAGE][INFO] - Global variable set for password file is :  C:\Automation_master\InputFiles\TC12_Canine_StudyUBC-Breed_Diagnosis_PrimDiseaseSite_RespToTreatmt.xlsx

2021-07-14 17:25:57 - [MESSAGE][PASSED] - Data loaded from input file for the test case. 

2021-07-14 17:26:04 - [TEST_STEP][PASSED] - waitForElementPresent(findTestObject("Canine/NavBar/Canine_Cases_Btn"), 10): Object 'Object Repository/Canine/NavBar/Canine_Cases_Btn' is present

2021-07-14 17:26:04 - [MESSAGE][PASSED] - Object 'Object Repository/Canine/NavBar/Canine_Cases_Btn' is present

2021-07-14 17:26:04 - [TEST_STEP][PASSED] - ctdc.utilities.runtestcaseforKatalon.clickTab("Canine/NavBar/Canine_Cases_Btn"): ctdc.utilities.runtestcaseforKatalon.clickTab is PASSED

2021-07-14 17:26:04 - [MESSAGE][PASSED] - ctdc.utilities.runtestcaseforKatalon.clickTab is PASSED

2021-07-14 17:26:04 - [TEST_STEP][PASSED] - waitForElementPresent(findTestObject("Object Repository/Canine/Filter/FilterByCases_Facet"), 10): Object 'Object Repository/Canine/Filter/FilterByCases_Facet' is present

2021-07-14 17:26:06 - [MESSAGE][PASSED] - Object 'Object Repository/Canine/Filter/FilterByCases_Facet' is present

2021-07-14 17:26:06 - [TEST_STEP][PASSED] - ctdc.utilities.runtestcaseforKatalon.clickTab("Object Repository/Canine/Filter/FilterByCases_Facet"): ctdc.utilities.runtestcaseforKatalon.clickTab is PASSED

2021-07-14 17:26:06 - [MESSAGE][PASSED] - ctdc.utilities.runtestcaseforKatalon.clickTab is PASSED

2021-07-14 17:26:06 - [TEST_STEP][PASSED] - waitForElementPresent(findTestObject("Object Repository/Canine/Filter/Study/Canine_Filter_Study"), 10): Object 'Object Repository/Canine/Filter/Study/Canine_Filter_Study' is present

2021-07-14 17:26:07 - [MESSAGE][PASSED] - Object 'Object Repository/Canine/Filter/Study/Canine_Filter_Study' is present

2021-07-14 17:26:07 - [TEST_STEP][PASSED] - ctdc.utilities.runtestcaseforKatalon.clickTab("Object Repository/Canine/Filter/Study/Canine_Filter_Study"): ctdc.utilities.runtestcaseforKatalon.clickTab is PASSED

2021-07-14 17:26:08 - [MESSAGE][PASSED] - ctdc.utilities.runtestcaseforKatalon.clickTab is PASSED

2021-07-14 17:26:08 - [TEST_STEP][PASSED] - waitForElementPresent(findTestObject("Object Repository/Canine/Filter/Study/Canine_Filter_Study-UBC_Chkbx"), 10): Object 'Object Repository/Canine/Filter/Study/Canine_Filter_Study-UBC_Chkbx' is present

2021-07-14 17:26:08 - [MESSAGE][PASSED] - Object 'Object Repository/Canine/Filter/Study/Canine_Filter_Study-UBC_Chkbx' is present

2021-07-14 17:26:08 - [TEST_STEP][PASSED] - ctdc.utilities.runtestcaseforKatalon.clickTab("Object Repository/Canine/Filter/Study/Canine_Filter_Study-UBC_Chkbx"): ctdc.utilities.runtestcaseforKatalon.clickTab is PASSED

2021-07-14 17:26:08 - [MESSAGE][PASSED] - ctdc.utilities.runtestcaseforKatalon.clickTab is PASSED

2021-07-14 17:26:08 - [TEST_STEP][PASSED] - Thread.sleep(2000): null

2021-07-14 17:26:10 - [TEST_STEP][PASSED] - waitForElementPresent(findTestObject("Object Repository/Canine/Filter/Breed/BREED_Ddn"), 10): Object 'Object Repository/Canine/Filter/Breed/BREED_Ddn' is present

2021-07-14 17:26:11 - [MESSAGE][PASSED] - Object 'Object Repository/Canine/Filter/Breed/BREED_Ddn' is present

2021-07-14 17:26:11 - [TEST_STEP][PASSED] - ctdc.utilities.runtestcaseforKatalon.clickTab("Object Repository/Canine/Filter/Breed/BREED_Ddn"): ctdc.utilities.runtestcaseforKatalon.clickTab is PASSED

2021-07-14 17:26:11 - [MESSAGE][PASSED] - ctdc.utilities.runtestcaseforKatalon.clickTab is PASSED

2021-07-14 17:26:11 - [TEST_STEP][PASSED] - waitForElementPresent(findTestObject("Object Repository/Canine/Filter/Breed/BelgMalin_Chkbx"), 10): Object 'Object Repository/Canine/Filter/Breed/BelgMalin_Chkbx' is present

2021-07-14 17:26:11 - [MESSAGE][PASSED] - Object 'Object Repository/Canine/Filter/Breed/BelgMalin_Chkbx' is present

2021-07-14 17:26:11 - [TEST_STEP][PASSED] - ctdc.utilities.runtestcaseforKatalon.clickTab("Object Repository/Canine/Filter/Breed/BelgMalin_Chkbx"): ctdc.utilities.runtestcaseforKatalon.clickTab is PASSED

2021-07-14 17:26:11 - [MESSAGE][PASSED] - ctdc.utilities.runtestcaseforKatalon.clickTab is PASSED

2021-07-14 17:26:11 - [TEST_STEP][PASSED] - waitForElementPresent(findTestObject("Object Repository/Canine/Filter/Breed/Labrador_Chkbx"), 10): Object 'Object Repository/Canine/Filter/Breed/Labrador_Chkbx' is present

2021-07-14 17:26:12 - [MESSAGE][PASSED] - Object 'Object Repository/Canine/Filter/Breed/Labrador_Chkbx' is present

2021-07-14 17:26:12 - [TEST_STEP][PASSED] - ctdc.utilities.runtestcaseforKatalon.clickTab("Object Repository/Canine/Filter/Breed/Labrador_Chkbx"): ctdc.utilities.runtestcaseforKatalon.clickTab is PASSED

2021-07-14 17:26:13 - [MESSAGE][PASSED] - ctdc.utilities.runtestcaseforKatalon.clickTab is PASSED

2021-07-14 17:26:13 - [TEST_STEP][PASSED] - waitForElementPresent(findTestObject("Object Repository/Canine/Filter/Breed/WestHland_Chkbx"), 10): Object 'Object Repository/Canine/Filter/Breed/WestHland_Chkbx' is present

2021-07-14 17:26:13 - [MESSAGE][PASSED] - Object 'Object Repository/Canine/Filter/Breed/WestHland_Chkbx' is present

2021-07-14 17:26:13 - [TEST_STEP][PASSED] - ctdc.utilities.runtestcaseforKatalon.clickTab("Object Repository/Canine/Filter/Breed/WestHland_Chkbx"): ctdc.utilities.runtestcaseforKatalon.clickTab is PASSED

2021-07-14 17:26:14 - [MESSAGE][PASSED] - ctdc.utilities.runtestcaseforKatalon.clickTab is PASSED

2021-07-14 17:26:14 - [TEST_STEP][PASSED] - ctdc.utilities.runtestcaseforKatalon.clickTab("Object Repository/Canine/Filter/Breed/BREED_Ddn"): ctdc.utilities.runtestcaseforKatalon.clickTab is PASSED

2021-07-14 17:26:14 - [MESSAGE][PASSED] - ctdc.utilities.runtestcaseforKatalon.clickTab is PASSED

2021-07-14 17:26:14 - [TEST_STEP][PASSED] - waitForElementPresent(findTestObject("Object Repository/Canine/Filter/Diagnosis/DIAGNOSIS_Ddn"), 10): Object 'Object Repository/Canine/Filter/Diagnosis/DIAGNOSIS_Ddn' is present

2021-07-14 17:26:15 - [MESSAGE][PASSED] - Object 'Object Repository/Canine/Filter/Diagnosis/DIAGNOSIS_Ddn' is present

2021-07-14 17:26:15 - [TEST_STEP][PASSED] - ctdc.utilities.runtestcaseforKatalon.clickTab("Object Repository/Canine/Filter/Diagnosis/DIAGNOSIS_Ddn"): ctdc.utilities.runtestcaseforKatalon.clickTab is PASSED

2021-07-14 17:26:15 - [MESSAGE][PASSED] - ctdc.utilities.runtestcaseforKatalon.clickTab is PASSED

2021-07-14 17:26:15 - [TEST_STEP][PASSED] - waitForElementPresent(findTestObject("Object Repository/Canine/Filter/Diagnosis/BladderCancer_Chkbx"), 10): Object 'Object Repository/Canine/Filter/Diagnosis/BladderCancer_Chkbx' is present

2021-07-14 17:26:15 - [MESSAGE][PASSED] - Object 'Object Repository/Canine/Filter/Diagnosis/BladderCancer_Chkbx' is present

2021-07-14 17:26:15 - [TEST_STEP][PASSED] - ctdc.utilities.runtestcaseforKatalon.clickTab("Object Repository/Canine/Filter/Diagnosis/BladderCancer_Chkbx"): ctdc.utilities.runtestcaseforKatalon.clickTab is PASSED

2021-07-14 17:26:15 - [MESSAGE][PASSED] - ctdc.utilities.runtestcaseforKatalon.clickTab is PASSED

2021-07-14 17:26:15 - [TEST_STEP][PASSED] - ctdc.utilities.runtestcaseforKatalon.clickTab("Object Repository/Canine/Filter/Diagnosis/DIAGNOSIS_Ddn"): ctdc.utilities.runtestcaseforKatalon.clickTab is PASSED

2021-07-14 17:26:16 - [MESSAGE][PASSED] - ctdc.utilities.runtestcaseforKatalon.clickTab is PASSED

2021-07-14 17:26:16 - [TEST_STEP][PASSED] - waitForElementPresent(findTestObject("Object Repository/Canine/Filter/PrimDiseaseSite/PRIMARYDISEASESITE_Ddn"), 10): Object 'Object Repository/Canine/Filter/PrimDiseaseSite/PRIMARYDISEASESITE_Ddn' is present

2021-07-14 17:26:16 - [MESSAGE][PASSED] - Object 'Object Repository/Canine/Filter/PrimDiseaseSite/PRIMARYDISEASESITE_Ddn' is present

2021-07-14 17:26:16 - [TEST_STEP][PASSED] - ctdc.utilities.runtestcaseforKatalon.clickTab("Object Repository/Canine/Filter/PrimDiseaseSite/PRIMARYDISEASESITE_Ddn"): ctdc.utilities.runtestcaseforKatalon.clickTab is PASSED

2021-07-14 17:26:17 - [MESSAGE][PASSED] - ctdc.utilities.runtestcaseforKatalon.clickTab is PASSED

2021-07-14 17:26:17 - [TEST_STEP][PASSED] - waitForElementPresent(findTestObject("Object Repository/Canine/Filter/PrimDiseaseSite/BladderProstate_Chkbx"), 10): Object 'Object Repository/Canine/Filter/PrimDiseaseSite/BladderProstate_Chkbx' is present

2021-07-14 17:26:17 - [MESSAGE][PASSED] - Object 'Object Repository/Canine/Filter/PrimDiseaseSite/BladderProstate_Chkbx' is present

2021-07-14 17:26:17 - [TEST_STEP][PASSED] - ctdc.utilities.runtestcaseforKatalon.clickTab("Object Repository/Canine/Filter/PrimDiseaseSite/BladderProstate_Chkbx"): ctdc.utilities.runtestcaseforKatalon.clickTab is PASSED

2021-07-14 17:26:17 - [MESSAGE][PASSED] - ctdc.utilities.runtestcaseforKatalon.clickTab is PASSED

2021-07-14 17:26:17 - [TEST_STEP][PASSED] - waitForElementPresent(findTestObject("Object Repository/Canine/Filter/PrimDiseaseSite/BladderUrethra_Chkbx"), 10): Object 'Object Repository/Canine/Filter/PrimDiseaseSite/BladderUrethra_Chkbx' is present

2021-07-14 17:26:18 - [MESSAGE][PASSED] - Object 'Object Repository/Canine/Filter/PrimDiseaseSite/BladderUrethra_Chkbx' is present

2021-07-14 17:26:18 - [TEST_STEP][PASSED] - ctdc.utilities.runtestcaseforKatalon.clickTab("Object Repository/Canine/Filter/PrimDiseaseSite/BladderUrethra_Chkbx"): ctdc.utilities.runtestcaseforKatalon.clickTab is PASSED

2021-07-14 17:26:18 - [MESSAGE][PASSED] - ctdc.utilities.runtestcaseforKatalon.clickTab is PASSED

2021-07-14 17:26:18 - [TEST_STEP][PASSED] - waitForElementPresent(findTestObject("Object Repository/Canine/Filter/PrimDiseaseSite/BladderUrethraProstate_Chkbx"), 10): Object 'Object Repository/Canine/Filter/PrimDiseaseSite/BladderUrethraProstate_Chkbx' is present

2021-07-14 17:26:19 - [MESSAGE][PASSED] - Object 'Object Repository/Canine/Filter/PrimDiseaseSite/BladderUrethraProstate_Chkbx' is present

2021-07-14 17:26:19 - [TEST_STEP][PASSED] - ctdc.utilities.runtestcaseforKatalon.clickTab("Object Repository/Canine/Filter/PrimDiseaseSite/BladderUrethraProstate_Chkbx"): ctdc.utilities.runtestcaseforKatalon.clickTab is PASSED

2021-07-14 17:26:19 - [MESSAGE][PASSED] - ctdc.utilities.runtestcaseforKatalon.clickTab is PASSED

2021-07-14 17:26:19 - [TEST_STEP][PASSED] - waitForElementPresent(findTestObject("Object Repository/Canine/Filter/PrimDiseaseSite/UrethraProstate_Chkbx"), 10): Object 'Object Repository/Canine/Filter/PrimDiseaseSite/UrethraProstate_Chkbx' is present

2021-07-14 17:26:20 - [MESSAGE][PASSED] - Object 'Object Repository/Canine/Filter/PrimDiseaseSite/UrethraProstate_Chkbx' is present

2021-07-14 17:26:20 - [TEST_STEP][PASSED] - ctdc.utilities.runtestcaseforKatalon.clickTab("Object Repository/Canine/Filter/PrimDiseaseSite/UrethraProstate_Chkbx"): ctdc.utilities.runtestcaseforKatalon.clickTab is PASSED

2021-07-14 17:26:20 - [MESSAGE][PASSED] - ctdc.utilities.runtestcaseforKatalon.clickTab is PASSED

2021-07-14 17:26:20 - [TEST_STEP][PASSED] - ctdc.utilities.runtestcaseforKatalon.clickTab("Object Repository/Canine/Filter/PrimDiseaseSite/PRIMARYDISEASESITE_Ddn"): ctdc.utilities.runtestcaseforKatalon.clickTab is PASSED

2021-07-14 17:26:21 - [MESSAGE][PASSED] - ctdc.utilities.runtestcaseforKatalon.clickTab is PASSED

2021-07-14 17:26:21 - [TEST_STEP][PASSED] - waitForElementPresent(findTestObject("Object Repository/Canine/Filter/ResponseToTreatment/RESPONSETOTREATMENT_Ddn"), 10): Object 'Object Repository/Canine/Filter/ResponseToTreatment/RESPONSETOTREATMENT_Ddn' is present

2021-07-14 17:26:21 - [MESSAGE][PASSED] - Object 'Object Repository/Canine/Filter/ResponseToTreatment/RESPONSETOTREATMENT_Ddn' is present

2021-07-14 17:26:21 - [TEST_STEP][PASSED] - ctdc.utilities.runtestcaseforKatalon.clickTab("Object Repository/Canine/Filter/ResponseToTreatment/RESPONSETOTREATMENT_Ddn"): ctdc.utilities.runtestcaseforKatalon.clickTab is PASSED

2021-07-14 17:26:21 - [MESSAGE][PASSED] - ctdc.utilities.runtestcaseforKatalon.clickTab is PASSED

2021-07-14 17:26:21 - [TEST_STEP][PASSED] - waitForElementPresent(findTestObject("Object Repository/Canine/Filter/ResponseToTreatment/NotDetermined_Chkbx"), 10): Object 'Object Repository/Canine/Filter/ResponseToTreatment/NotDetermined_Chkbx' is present

2021-07-14 17:26:21 - [MESSAGE][PASSED] - Object 'Object Repository/Canine/Filter/ResponseToTreatment/NotDetermined_Chkbx' is present

2021-07-14 17:26:21 - [TEST_STEP][PASSED] - ctdc.utilities.runtestcaseforKatalon.clickTab("Object Repository/Canine/Filter/ResponseToTreatment/NotDetermined_Chkbx"): ctdc.utilities.runtestcaseforKatalon.clickTab is PASSED

2021-07-14 17:26:22 - [MESSAGE][PASSED] - ctdc.utilities.runtestcaseforKatalon.clickTab is PASSED

2021-07-14 17:26:22 - [TEST_STEP][PASSED] - waitForElementPresent(findTestObject("Object Repository/Canine/Filter/ResponseToTreatment/PartialResponse_Chkbx"), 10): Object 'Object Repository/Canine/Filter/ResponseToTreatment/PartialResponse_Chkbx' is present

2021-07-14 17:26:22 - [MESSAGE][PASSED] - Object 'Object Repository/Canine/Filter/ResponseToTreatment/PartialResponse_Chkbx' is present

2021-07-14 17:26:22 - [TEST_STEP][PASSED] - ctdc.utilities.runtestcaseforKatalon.clickTab("Object Repository/Canine/Filter/ResponseToTreatment/PartialResponse_Chkbx"): ctdc.utilities.runtestcaseforKatalon.clickTab is PASSED

2021-07-14 17:26:23 - [MESSAGE][PASSED] - ctdc.utilities.runtestcaseforKatalon.clickTab is PASSED

2021-07-14 17:26:23 - [TEST_STEP][PASSED] - waitForElementPresent(findTestObject("Object Repository/Canine/Filter/ResponseToTreatment/ProgrDisease_Chkbx"), 10): Object 'Object Repository/Canine/Filter/ResponseToTreatment/ProgrDisease_Chkbx' is present

2021-07-14 17:26:23 - [MESSAGE][PASSED] - Object 'Object Repository/Canine/Filter/ResponseToTreatment/ProgrDisease_Chkbx' is present

2021-07-14 17:26:23 - [TEST_STEP][PASSED] - ctdc.utilities.runtestcaseforKatalon.clickTab("Object Repository/Canine/Filter/ResponseToTreatment/ProgrDisease_Chkbx"): ctdc.utilities.runtestcaseforKatalon.clickTab is PASSED

2021-07-14 17:26:24 - [MESSAGE][PASSED] - ctdc.utilities.runtestcaseforKatalon.clickTab is PASSED

2021-07-14 17:26:24 - [TEST_STEP][PASSED] - ctdc.utilities.runtestcaseforKatalon.clickTab("Object Repository/Canine/Filter/ResponseToTreatment/RESPONSETOTREATMENT_Ddn"): ctdc.utilities.runtestcaseforKatalon.clickTab is PASSED

2021-07-14 17:26:24 - [MESSAGE][PASSED] - ctdc.utilities.runtestcaseforKatalon.clickTab is PASSED

2021-07-14 17:26:24 - [TEST_STEP][PASSED] - ctdc.utilities.runtestcaseforKatalon.readStatBarCanine("Object Repository/Canine/StatBar/Canine_StatBar-Studies", "Object Repository/Canine/StatBar/Canine_StatBar-Cases", "Object Repository/Canine/StatBar/Canine_StatBar-Samples", "Object Repository/Canine/StatBar/Canine_StatBar-Files", "Object Repository/Canine/StatBar/Canine_StatBar-Aliquots"): ctdc.utilities.runtestcaseforKatalon.readStatBarCanine is PASSED

2021-07-14 17:26:40 - [MESSAGE][PASSED] - ctdc.utilities.runtestcaseforKatalon.readStatBarCanine is PASSED

2021-07-14 17:26:40 - [TEST_STEP][PASSED] - waitForElementPresent(findTestObject("Object Repository/Canine/CanineResults_Cases_Tab"), 5): Object 'Object Repository/Canine/CanineResults_Cases_Tab' is present

2021-07-14 17:26:40 - [MESSAGE][PASSED] - Object 'Object Repository/Canine/CanineResults_Cases_Tab' is present

2021-07-14 17:26:40 - [TEST_STEP][PASSED] - ctdc.utilities.runtestcaseforKatalon.clickTab("Object Repository/Canine/CanineResults_Cases_Tab"): ctdc.utilities.runtestcaseforKatalon.clickTab is PASSED

2021-07-14 17:26:40 - [MESSAGE][PASSED] - ctdc.utilities.runtestcaseforKatalon.clickTab is PASSED

2021-07-14 17:26:40 - [TEST_STEP][ERROR] - ctdc.utilities.runtestcaseforKatalon.multiFunction("ICDC", G_StatBar_Cases, "Object Repository/Canine/Canine_CasesTable", "Object Repository/Canine/Canine_TableHeader", "Object Repository/Canine/Canine_CasesTabNextBtn", G_WebTabnameCases, G_CypherTabnameCases, G_QueryCasesTab): Index: 11, Size: 11

2021-07-14 17:26:56 - [MESSAGE][ERROR] - Index: 11, Size: 11]]></system-out>
         <system-err><![CDATA[2021-07-14 17:25:50 - [TEST_CASE][ERROR] - Test Cases/Canine_TestCases/StudyCombinations/Study-Combinations-UBC01/TC12_Canine_StudyUBC-Breed_Diagnosis_PrimDiseaseSite_RespToTreatmt: Test Cases/Canine_TestCases/StudyCombinations/Study-Combinations-UBC01/TC12_Canine_StudyUBC-Breed_Diagnosis_PrimDiseaseSite_RespToTreatmt FAILED.
Reason:
java.lang.IndexOutOfBoundsException: Index: 11, Size: 11
	at java_util_List$get$1.call(Unknown Source)
	at ctdc.utilities.runtestcaseforKatalon.compareTwoLists(runtestcaseforKatalon.groovy:849)
	at ctdc.utilities.runtestcaseforKatalon.compareLists(runtestcaseforKatalon.groovy:901)
	at ctdc.utilities.runtestcaseforKatalon.multiFunction(runtestcaseforKatalon.groovy:253)
	at ctdc.utilities.runtestcaseforKatalon.invokeMethod(runtestcaseforKatalon.groovy)
	at com.kms.katalon.core.main.CustomKeywordDelegatingMetaClass.invokeStaticMethod(CustomKeywordDelegatingMetaClass.java:50)
	at TC12_Canine_StudyUBC-Breed_Diagnosis_PrimDiseaseSite_RespToTreatmt.run(TC12_Canine_StudyUBC-Breed_Diagnosis_PrimDiseaseSite_RespToTreatmt:109)
	at com.kms.katalon.core.main.ScriptEngine.run(ScriptEngine.java:194)
	at com.kms.katalon.core.main.ScriptEngine.runScriptAsRawText(ScriptEngine.java:119)
	at com.kms.katalon.core.main.TestCaseExecutor.runScript(TestCaseExecutor.java:369)
	at com.kms.katalon.core.main.TestCaseExecutor.doExecute(TestCaseExecutor.java:360)
	at com.kms.katalon.core.main.TestCaseExecutor.processExecutionPhase(TestCaseExecutor.java:339)
	at com.kms.katalon.core.main.TestCaseExecutor.accessMainPhase(TestCaseExecutor.java:331)
	at com.kms.katalon.core.main.TestCaseExecutor.execute(TestCaseExecutor.java:248)
	at com.kms.katalon.core.main.TestSuiteExecutor.accessTestCaseMainPhase(TestSuiteExecutor.java:191)
	at com.kms.katalon.core.main.TestSuiteExecutor.accessTestSuiteMainPhase(TestSuiteExecutor.java:140)
	at com.kms.katalon.core.main.TestSuiteExecutor.execute(TestSuiteExecutor.java:89)
	at com.kms.katalon.core.main.TestCaseMain.startTestSuite(TestCaseMain.java:185)
	at com.kms.katalon.core.main.TestCaseMain$startTestSuite$0.call(Unknown Source)
	at TempTestSuite1626296935818.run(TempTestSuite1626296935818.groovy:39)]]></system-err>
      </testcase>
      <testcase name="Test Cases/Canine_TestCases/StudyCombinations/Study-Combinations-UBC01/TC13_Canine_StudyUBC-Breed_Diagnosis_PrimDiseaseSite_RespToTreatmt" time="63.591" classname="Test Cases/Canine_TestCases/StudyCombinations/Study-Combinations-UBC01/TC13_Canine_StudyUBC-Breed_Diagnosis_PrimDiseaseSite_RespToTreatmt" status="ERROR">
         <error type="ERROR" message="Test Cases/Canine_TestCases/StudyCombinations/Study-Combinations-UBC01/TC13_Canine_StudyUBC-Breed_Diagnosis_PrimDiseaseSite_RespToTreatmt FAILED.
Reason:
java.lang.IndexOutOfBoundsException: Index: 11, Size: 11
	at java_util_List$get$1.call(Unknown Source)
	at ctdc.utilities.runtestcaseforKatalon.compareTwoLists(runtestcaseforKatalon.groovy:849)
	at ctdc.utilities.runtestcaseforKatalon.compareLists(runtestcaseforKatalon.groovy:901)
	at ctdc.utilities.runtestcaseforKatalon.multiFunction(runtestcaseforKatalon.groovy:253)
	at ctdc.utilities.runtestcaseforKatalon.invokeMethod(runtestcaseforKatalon.groovy)
	at com.kms.katalon.core.main.CustomKeywordDelegatingMetaClass.invokeStaticMethod(CustomKeywordDelegatingMetaClass.java:50)
	at TC13_Canine_StudyUBC-Breed_Diagnosis_PrimDiseaseSite_RespToTreatmt.run(TC13_Canine_StudyUBC-Breed_Diagnosis_PrimDiseaseSite_RespToTreatmt:107)
	at com.kms.katalon.core.main.ScriptEngine.run(ScriptEngine.java:194)
	at com.kms.katalon.core.main.ScriptEngine.runScriptAsRawText(ScriptEngine.java:119)
	at com.kms.katalon.core.main.TestCaseExecutor.runScript(TestCaseExecutor.java:369)
	at com.kms.katalon.core.main.TestCaseExecutor.doExecute(TestCaseExecutor.java:360)
	at com.kms.katalon.core.main.TestCaseExecutor.processExecutionPhase(TestCaseExecutor.java:339)
	at com.kms.katalon.core.main.TestCaseExecutor.accessMainPhase(TestCaseExecutor.java:331)
	at com.kms.katalon.core.main.TestCaseExecutor.execute(TestCaseExecutor.java:248)
	at com.kms.katalon.core.main.TestSuiteExecutor.accessTestCaseMainPhase(TestSuiteExecutor.java:191)
	at com.kms.katalon.core.main.TestSuiteExecutor.accessTestSuiteMainPhase(TestSuiteExecutor.java:140)
	at com.kms.katalon.core.main.TestSuiteExecutor.execute(TestSuiteExecutor.java:89)
	at com.kms.katalon.core.main.TestCaseMain.startTestSuite(TestCaseMain.java:185)
	at com.kms.katalon.core.main.TestCaseMain$startTestSuite$0.call(Unknown Source)
	at TempTestSuite1626296935818.run(TempTestSuite1626296935818.groovy:39)
"/>
         <system-out><![CDATA[2021-07-14 17:26:56 - [TEST_CASE][ERROR] - Test Cases/Canine_TestCases/StudyCombinations/Study-Combinations-UBC01/TC13_Canine_StudyUBC-Breed_Diagnosis_PrimDiseaseSite_RespToTreatmt: Test Cases/Canine_TestCases/StudyCombinations/Study-Combinations-UBC01/TC13_Canine_StudyUBC-Breed_Diagnosis_PrimDiseaseSite_RespToTreatmt FAILED.
Reason:
java.lang.IndexOutOfBoundsException: Index: 11, Size: 11
	at java_util_List$get$1.call(Unknown Source)
	at ctdc.utilities.runtestcaseforKatalon.compareTwoLists(runtestcaseforKatalon.groovy:849)
	at ctdc.utilities.runtestcaseforKatalon.compareLists(runtestcaseforKatalon.groovy:901)
	at ctdc.utilities.runtestcaseforKatalon.multiFunction(runtestcaseforKatalon.groovy:253)
	at ctdc.utilities.runtestcaseforKatalon.invokeMethod(runtestcaseforKatalon.groovy)
	at com.kms.katalon.core.main.CustomKeywordDelegatingMetaClass.invokeStaticMethod(CustomKeywordDelegatingMetaClass.java:50)
	at TC13_Canine_StudyUBC-Breed_Diagnosis_PrimDiseaseSite_RespToTreatmt.run(TC13_Canine_StudyUBC-Breed_Diagnosis_PrimDiseaseSite_RespToTreatmt:107)
	at com.kms.katalon.core.main.ScriptEngine.run(ScriptEngine.java:194)
	at com.kms.katalon.core.main.ScriptEngine.runScriptAsRawText(ScriptEngine.java:119)
	at com.kms.katalon.core.main.TestCaseExecutor.runScript(TestCaseExecutor.java:369)
	at com.kms.katalon.core.main.TestCaseExecutor.doExecute(TestCaseExecutor.java:360)
	at com.kms.katalon.core.main.TestCaseExecutor.processExecutionPhase(TestCaseExecutor.java:339)
	at com.kms.katalon.core.main.TestCaseExecutor.accessMainPhase(TestCaseExecutor.java:331)
	at com.kms.katalon.core.main.TestCaseExecutor.execute(TestCaseExecutor.java:248)
	at com.kms.katalon.core.main.TestSuiteExecutor.accessTestCaseMainPhase(TestSuiteExecutor.java:191)
	at com.kms.katalon.core.main.TestSuiteExecutor.accessTestSuiteMainPhase(TestSuiteExecutor.java:140)
	at com.kms.katalon.core.main.TestSuiteExecutor.execute(TestSuiteExecutor.java:89)
	at com.kms.katalon.core.main.TestCaseMain.startTestSuite(TestCaseMain.java:185)
	at com.kms.katalon.core.main.TestCaseMain$startTestSuite$0.call(Unknown Source)
	at TempTestSuite1626296935818.run(TempTestSuite1626296935818.groovy:39)


2021-07-14 17:26:56 - [TEST_STEP][PASSED] - Start listener action : getTestScriptName: null

2021-07-14 17:26:56 - [TEST_STEP][PASSED] - TestCaseId = testCaseContext.getTestCaseId(): null

2021-07-14 17:26:56 - [TEST_STEP][PASSED] - out.println("**********this is the value of test case id string******** " + testCaseContext.getTestCaseId()): null

2021-07-14 17:26:56 - [TEST_STEP][PASSED] - G_currentTCName = TestCaseId.substring(TestCaseId.lastIndexOf("TC")): null

2021-07-14 17:26:56 - [TEST_STEP][PASSED] - out.println("This is the test case name : " + G_currentTCName): null

2021-07-14 17:26:58 - [TEST_STEP][PASSED] - closeBrowser(): Browser is closed

2021-07-14 17:26:58 - [MESSAGE][PASSED] - Browser is closed

2021-07-14 17:26:58 - [TEST_STEP][PASSED] - openBrowser(""): Browser is opened with url: ''

2021-07-14 17:26:58 - [MESSAGE][INFO] - Starting 'Chrome (headless)' driver

2021-07-14 17:26:58 - [MESSAGE][INFO] - User set preference: ['args', '[--no-sandbox]']

2021-07-14 17:26:58 - [MESSAGE][INFO] - Action delay is set to 0 milliseconds

2021-07-14 17:27:00 - [MESSAGE][PASSED] - Browser is opened with url: ''

2021-07-14 17:27:00 - [TEST_STEP][PASSED] - maximizeWindow(): Current window maximized

2021-07-14 17:27:00 - [MESSAGE][PASSED] - Current window maximized

2021-07-14 17:27:00 - [TEST_STEP][PASSED] - "Driver opened by Katalon is used in Selenium from this step.": null

2021-07-14 17:27:00 - [TEST_STEP][PASSED] - ctdc.utilities.runtestcaseforKatalon.RunKatalon("TC13_Canine_StudyUBC-Breed_Diagnosis_PrimDiseaseSite_RespToTreatmt.xlsx"): Data loaded from input file for the test case. 

2021-07-14 17:27:00 - [MESSAGE][PASSED] - Test case file loaded This is the full filepath after converting to string :C:\Automation_master\InputFiles\TC13_Canine_StudyUBC-Breed_Diagnosis_PrimDiseaseSite_RespToTreatmt.xlsx

2021-07-14 17:27:00 - [MESSAGE][INFO] - Global variable set for password file is :  C:\Automation_master\InputFiles\TC13_Canine_StudyUBC-Breed_Diagnosis_PrimDiseaseSite_RespToTreatmt.xlsx

2021-07-14 17:27:04 - [MESSAGE][PASSED] - Data loaded from input file for the test case. 

2021-07-14 17:27:12 - [TEST_STEP][PASSED] - waitForElementPresent(findTestObject("Canine/NavBar/Canine_Cases_Btn"), 10): Object 'Object Repository/Canine/NavBar/Canine_Cases_Btn' is present

2021-07-14 17:27:12 - [MESSAGE][PASSED] - Object 'Object Repository/Canine/NavBar/Canine_Cases_Btn' is present

2021-07-14 17:27:12 - [TEST_STEP][PASSED] - ctdc.utilities.runtestcaseforKatalon.clickTab("Canine/NavBar/Canine_Cases_Btn"): ctdc.utilities.runtestcaseforKatalon.clickTab is PASSED

2021-07-14 17:27:12 - [MESSAGE][PASSED] - ctdc.utilities.runtestcaseforKatalon.clickTab is PASSED

2021-07-14 17:27:12 - [TEST_STEP][PASSED] - waitForElementPresent(findTestObject("Object Repository/Canine/Filter/FilterByCases_Facet"), 10): Object 'Object Repository/Canine/Filter/FilterByCases_Facet' is present

2021-07-14 17:27:13 - [MESSAGE][PASSED] - Object 'Object Repository/Canine/Filter/FilterByCases_Facet' is present

2021-07-14 17:27:13 - [TEST_STEP][PASSED] - ctdc.utilities.runtestcaseforKatalon.clickTab("Object Repository/Canine/Filter/FilterByCases_Facet"): ctdc.utilities.runtestcaseforKatalon.clickTab is PASSED

2021-07-14 17:27:14 - [MESSAGE][PASSED] - ctdc.utilities.runtestcaseforKatalon.clickTab is PASSED

2021-07-14 17:27:14 - [TEST_STEP][PASSED] - waitForElementPresent(findTestObject("Object Repository/Canine/Filter/Study/Canine_Filter_Study"), 10): Object 'Object Repository/Canine/Filter/Study/Canine_Filter_Study' is present

2021-07-14 17:27:14 - [MESSAGE][PASSED] - Object 'Object Repository/Canine/Filter/Study/Canine_Filter_Study' is present

2021-07-14 17:27:14 - [TEST_STEP][PASSED] - ctdc.utilities.runtestcaseforKatalon.clickTab("Object Repository/Canine/Filter/Study/Canine_Filter_Study"): ctdc.utilities.runtestcaseforKatalon.clickTab is PASSED

2021-07-14 17:27:15 - [MESSAGE][PASSED] - ctdc.utilities.runtestcaseforKatalon.clickTab is PASSED

2021-07-14 17:27:15 - [TEST_STEP][PASSED] - waitForElementPresent(findTestObject("Object Repository/Canine/Filter/Study/Canine_Filter_Study-UBC_Chkbx"), 10): Object 'Object Repository/Canine/Filter/Study/Canine_Filter_Study-UBC_Chkbx' is present

2021-07-14 17:27:15 - [MESSAGE][PASSED] - Object 'Object Repository/Canine/Filter/Study/Canine_Filter_Study-UBC_Chkbx' is present

2021-07-14 17:27:15 - [TEST_STEP][PASSED] - ctdc.utilities.runtestcaseforKatalon.clickTab("Object Repository/Canine/Filter/Study/Canine_Filter_Study-UBC_Chkbx"): ctdc.utilities.runtestcaseforKatalon.clickTab is PASSED

2021-07-14 17:27:15 - [MESSAGE][PASSED] - ctdc.utilities.runtestcaseforKatalon.clickTab is PASSED

2021-07-14 17:27:15 - [TEST_STEP][PASSED] - Thread.sleep(2000): null

2021-07-14 17:27:17 - [TEST_STEP][PASSED] - waitForElementPresent(findTestObject("Object Repository/Canine/Filter/Breed/BREED_Ddn"), 10): Object 'Object Repository/Canine/Filter/Breed/BREED_Ddn' is present

2021-07-14 17:27:17 - [MESSAGE][PASSED] - Object 'Object Repository/Canine/Filter/Breed/BREED_Ddn' is present

2021-07-14 17:27:17 - [TEST_STEP][PASSED] - ctdc.utilities.runtestcaseforKatalon.clickTab("Object Repository/Canine/Filter/Breed/BREED_Ddn"): ctdc.utilities.runtestcaseforKatalon.clickTab is PASSED

2021-07-14 17:27:18 - [MESSAGE][PASSED] - ctdc.utilities.runtestcaseforKatalon.clickTab is PASSED

2021-07-14 17:27:18 - [TEST_STEP][PASSED] - waitForElementPresent(findTestObject("Object Repository/Canine/Filter/Breed/BelgMalin_Chkbx"), 10): Object 'Object Repository/Canine/Filter/Breed/BelgMalin_Chkbx' is present

2021-07-14 17:27:18 - [MESSAGE][PASSED] - Object 'Object Repository/Canine/Filter/Breed/BelgMalin_Chkbx' is present

2021-07-14 17:27:18 - [TEST_STEP][PASSED] - ctdc.utilities.runtestcaseforKatalon.clickTab("Object Repository/Canine/Filter/Breed/BelgMalin_Chkbx"): ctdc.utilities.runtestcaseforKatalon.clickTab is PASSED

2021-07-14 17:27:18 - [MESSAGE][PASSED] - ctdc.utilities.runtestcaseforKatalon.clickTab is PASSED

2021-07-14 17:27:18 - [TEST_STEP][PASSED] - waitForElementPresent(findTestObject("Object Repository/Canine/Filter/Breed/Labrador_Chkbx"), 10): Object 'Object Repository/Canine/Filter/Breed/Labrador_Chkbx' is present

2021-07-14 17:27:19 - [MESSAGE][PASSED] - Object 'Object Repository/Canine/Filter/Breed/Labrador_Chkbx' is present

2021-07-14 17:27:19 - [TEST_STEP][PASSED] - ctdc.utilities.runtestcaseforKatalon.clickTab("Object Repository/Canine/Filter/Breed/Labrador_Chkbx"): ctdc.utilities.runtestcaseforKatalon.clickTab is PASSED

2021-07-14 17:27:19 - [MESSAGE][PASSED] - ctdc.utilities.runtestcaseforKatalon.clickTab is PASSED

2021-07-14 17:27:19 - [TEST_STEP][PASSED] - waitForElementPresent(findTestObject("Object Repository/Canine/Filter/Breed/WestHland_Chkbx"), 10): Object 'Object Repository/Canine/Filter/Breed/WestHland_Chkbx' is present

2021-07-14 17:27:20 - [MESSAGE][PASSED] - Object 'Object Repository/Canine/Filter/Breed/WestHland_Chkbx' is present

2021-07-14 17:27:20 - [TEST_STEP][PASSED] - ctdc.utilities.runtestcaseforKatalon.clickTab("Object Repository/Canine/Filter/Breed/WestHland_Chkbx"): ctdc.utilities.runtestcaseforKatalon.clickTab is PASSED

2021-07-14 17:27:20 - [MESSAGE][PASSED] - ctdc.utilities.runtestcaseforKatalon.clickTab is PASSED

2021-07-14 17:27:20 - [TEST_STEP][PASSED] - ctdc.utilities.runtestcaseforKatalon.clickTab("Object Repository/Canine/Filter/Breed/BREED_Ddn"): ctdc.utilities.runtestcaseforKatalon.clickTab is PASSED

2021-07-14 17:27:21 - [MESSAGE][PASSED] - ctdc.utilities.runtestcaseforKatalon.clickTab is PASSED

2021-07-14 17:27:21 - [TEST_STEP][PASSED] - waitForElementPresent(findTestObject("Object Repository/Canine/Filter/Diagnosis/DIAGNOSIS_Ddn"), 10): Object 'Object Repository/Canine/Filter/Diagnosis/DIAGNOSIS_Ddn' is present

2021-07-14 17:27:21 - [MESSAGE][PASSED] - Object 'Object Repository/Canine/Filter/Diagnosis/DIAGNOSIS_Ddn' is present

2021-07-14 17:27:21 - [TEST_STEP][PASSED] - ctdc.utilities.runtestcaseforKatalon.clickTab("Object Repository/Canine/Filter/Diagnosis/DIAGNOSIS_Ddn"): ctdc.utilities.runtestcaseforKatalon.clickTab is PASSED

2021-07-14 17:27:21 - [MESSAGE][PASSED] - ctdc.utilities.runtestcaseforKatalon.clickTab is PASSED

2021-07-14 17:27:21 - [TEST_STEP][PASSED] - waitForElementPresent(findTestObject("Object Repository/Canine/Filter/Diagnosis/BladderCancer_Chkbx"), 10): Object 'Object Repository/Canine/Filter/Diagnosis/BladderCancer_Chkbx' is present

2021-07-14 17:27:21 - [MESSAGE][PASSED] - Object 'Object Repository/Canine/Filter/Diagnosis/BladderCancer_Chkbx' is present

2021-07-14 17:27:21 - [TEST_STEP][PASSED] - ctdc.utilities.runtestcaseforKatalon.clickTab("Object Repository/Canine/Filter/Diagnosis/BladderCancer_Chkbx"): ctdc.utilities.runtestcaseforKatalon.clickTab is PASSED

2021-07-14 17:27:21 - [MESSAGE][PASSED] - ctdc.utilities.runtestcaseforKatalon.clickTab is PASSED

2021-07-14 17:27:21 - [TEST_STEP][PASSED] - ctdc.utilities.runtestcaseforKatalon.clickTab("Object Repository/Canine/Filter/Diagnosis/DIAGNOSIS_Ddn"): ctdc.utilities.runtestcaseforKatalon.clickTab is PASSED

2021-07-14 17:27:22 - [MESSAGE][PASSED] - ctdc.utilities.runtestcaseforKatalon.clickTab is PASSED

2021-07-14 17:27:22 - [TEST_STEP][PASSED] - waitForElementPresent(findTestObject("Object Repository/Canine/Filter/PrimDiseaseSite/PRIMARYDISEASESITE_Ddn"), 10): Object 'Object Repository/Canine/Filter/PrimDiseaseSite/PRIMARYDISEASESITE_Ddn' is present

2021-07-14 17:27:22 - [MESSAGE][PASSED] - Object 'Object Repository/Canine/Filter/PrimDiseaseSite/PRIMARYDISEASESITE_Ddn' is present

2021-07-14 17:27:22 - [TEST_STEP][PASSED] - ctdc.utilities.runtestcaseforKatalon.clickTab("Object Repository/Canine/Filter/PrimDiseaseSite/PRIMARYDISEASESITE_Ddn"): ctdc.utilities.runtestcaseforKatalon.clickTab is PASSED

2021-07-14 17:27:22 - [MESSAGE][PASSED] - ctdc.utilities.runtestcaseforKatalon.clickTab is PASSED

2021-07-14 17:27:22 - [TEST_STEP][PASSED] - waitForElementPresent(findTestObject("Object Repository/Canine/Filter/PrimDiseaseSite/BladderProstate_Chkbx"), 10): Object 'Object Repository/Canine/Filter/PrimDiseaseSite/BladderProstate_Chkbx' is present

2021-07-14 17:27:23 - [MESSAGE][PASSED] - Object 'Object Repository/Canine/Filter/PrimDiseaseSite/BladderProstate_Chkbx' is present

2021-07-14 17:27:23 - [TEST_STEP][PASSED] - ctdc.utilities.runtestcaseforKatalon.clickTab("Object Repository/Canine/Filter/PrimDiseaseSite/BladderProstate_Chkbx"): ctdc.utilities.runtestcaseforKatalon.clickTab is PASSED

2021-07-14 17:27:23 - [MESSAGE][PASSED] - ctdc.utilities.runtestcaseforKatalon.clickTab is PASSED

2021-07-14 17:27:23 - [TEST_STEP][PASSED] - waitForElementPresent(findTestObject("Object Repository/Canine/Filter/PrimDiseaseSite/BladderUrethra_Chkbx"), 10): Object 'Object Repository/Canine/Filter/PrimDiseaseSite/BladderUrethra_Chkbx' is present

2021-07-14 17:27:23 - [MESSAGE][PASSED] - Object 'Object Repository/Canine/Filter/PrimDiseaseSite/BladderUrethra_Chkbx' is present

2021-07-14 17:27:23 - [TEST_STEP][PASSED] - ctdc.utilities.runtestcaseforKatalon.clickTab("Object Repository/Canine/Filter/PrimDiseaseSite/BladderUrethra_Chkbx"): ctdc.utilities.runtestcaseforKatalon.clickTab is PASSED

2021-07-14 17:27:24 - [MESSAGE][PASSED] - ctdc.utilities.runtestcaseforKatalon.clickTab is PASSED

2021-07-14 17:27:24 - [TEST_STEP][PASSED] - waitForElementPresent(findTestObject("Object Repository/Canine/Filter/PrimDiseaseSite/BladderUrethraProstate_Chkbx"), 10): Object 'Object Repository/Canine/Filter/PrimDiseaseSite/BladderUrethraProstate_Chkbx' is present

2021-07-14 17:27:24 - [MESSAGE][PASSED] - Object 'Object Repository/Canine/Filter/PrimDiseaseSite/BladderUrethraProstate_Chkbx' is present

2021-07-14 17:27:24 - [TEST_STEP][PASSED] - ctdc.utilities.runtestcaseforKatalon.clickTab("Object Repository/Canine/Filter/PrimDiseaseSite/BladderUrethraProstate_Chkbx"): ctdc.utilities.runtestcaseforKatalon.clickTab is PASSED

2021-07-14 17:27:25 - [MESSAGE][PASSED] - ctdc.utilities.runtestcaseforKatalon.clickTab is PASSED

2021-07-14 17:27:25 - [TEST_STEP][PASSED] - waitForElementPresent(findTestObject("Object Repository/Canine/Filter/PrimDiseaseSite/UrethraProstate_Chkbx"), 10): Object 'Object Repository/Canine/Filter/PrimDiseaseSite/UrethraProstate_Chkbx' is present

2021-07-14 17:27:25 - [MESSAGE][PASSED] - Object 'Object Repository/Canine/Filter/PrimDiseaseSite/UrethraProstate_Chkbx' is present

2021-07-14 17:27:25 - [TEST_STEP][PASSED] - ctdc.utilities.runtestcaseforKatalon.clickTab("Object Repository/Canine/Filter/PrimDiseaseSite/UrethraProstate_Chkbx"): ctdc.utilities.runtestcaseforKatalon.clickTab is PASSED

2021-07-14 17:27:25 - [MESSAGE][PASSED] - ctdc.utilities.runtestcaseforKatalon.clickTab is PASSED

2021-07-14 17:27:25 - [TEST_STEP][PASSED] - ctdc.utilities.runtestcaseforKatalon.clickTab("Object Repository/Canine/Filter/PrimDiseaseSite/PRIMARYDISEASESITE_Ddn"): ctdc.utilities.runtestcaseforKatalon.clickTab is PASSED

2021-07-14 17:27:26 - [MESSAGE][PASSED] - ctdc.utilities.runtestcaseforKatalon.clickTab is PASSED

2021-07-14 17:27:26 - [TEST_STEP][PASSED] - waitForElementPresent(findTestObject("Object Repository/Canine/Filter/ResponseToTreatment/RESPONSETOTREATMENT_Ddn"), 10): Object 'Object Repository/Canine/Filter/ResponseToTreatment/RESPONSETOTREATMENT_Ddn' is present

2021-07-14 17:27:26 - [MESSAGE][PASSED] - Object 'Object Repository/Canine/Filter/ResponseToTreatment/RESPONSETOTREATMENT_Ddn' is present

2021-07-14 17:27:26 - [TEST_STEP][PASSED] - ctdc.utilities.runtestcaseforKatalon.clickTab("Object Repository/Canine/Filter/ResponseToTreatment/RESPONSETOTREATMENT_Ddn"): ctdc.utilities.runtestcaseforKatalon.clickTab is PASSED

2021-07-14 17:27:26 - [MESSAGE][PASSED] - ctdc.utilities.runtestcaseforKatalon.clickTab is PASSED

2021-07-14 17:27:26 - [TEST_STEP][PASSED] - waitForElementPresent(findTestObject("Object Repository/Canine/Filter/ResponseToTreatment/NotDetermined_Chkbx"), 10): Object 'Object Repository/Canine/Filter/ResponseToTreatment/NotDetermined_Chkbx' is present

2021-07-14 17:27:27 - [MESSAGE][PASSED] - Object 'Object Repository/Canine/Filter/ResponseToTreatment/NotDetermined_Chkbx' is present

2021-07-14 17:27:27 - [TEST_STEP][PASSED] - ctdc.utilities.runtestcaseforKatalon.clickTab("Object Repository/Canine/Filter/ResponseToTreatment/NotDetermined_Chkbx"): ctdc.utilities.runtestcaseforKatalon.clickTab is PASSED

2021-07-14 17:27:27 - [MESSAGE][PASSED] - ctdc.utilities.runtestcaseforKatalon.clickTab is PASSED

2021-07-14 17:27:27 - [TEST_STEP][PASSED] - waitForElementPresent(findTestObject("Object Repository/Canine/Filter/ResponseToTreatment/PartialResponse_Chkbx"), 10): Object 'Object Repository/Canine/Filter/ResponseToTreatment/PartialResponse_Chkbx' is present

2021-07-14 17:27:27 - [MESSAGE][PASSED] - Object 'Object Repository/Canine/Filter/ResponseToTreatment/PartialResponse_Chkbx' is present

2021-07-14 17:27:27 - [TEST_STEP][PASSED] - ctdc.utilities.runtestcaseforKatalon.clickTab("Object Repository/Canine/Filter/ResponseToTreatment/PartialResponse_Chkbx"): ctdc.utilities.runtestcaseforKatalon.clickTab is PASSED

2021-07-14 17:27:28 - [MESSAGE][PASSED] - ctdc.utilities.runtestcaseforKatalon.clickTab is PASSED

2021-07-14 17:27:28 - [TEST_STEP][PASSED] - ctdc.utilities.runtestcaseforKatalon.clickTab("Object Repository/Canine/Filter/ResponseToTreatment/RESPONSETOTREATMENT_Ddn"): ctdc.utilities.runtestcaseforKatalon.clickTab is PASSED

2021-07-14 17:27:28 - [MESSAGE][PASSED] - ctdc.utilities.runtestcaseforKatalon.clickTab is PASSED

2021-07-14 17:27:28 - [TEST_STEP][PASSED] - ctdc.utilities.runtestcaseforKatalon.readStatBarCanine("Object Repository/Canine/StatBar/Canine_StatBar-Studies", "Object Repository/Canine/StatBar/Canine_StatBar-Cases", "Object Repository/Canine/StatBar/Canine_StatBar-Samples", "Object Repository/Canine/StatBar/Canine_StatBar-Files", "Object Repository/Canine/StatBar/Canine_StatBar-Aliquots"): ctdc.utilities.runtestcaseforKatalon.readStatBarCanine is PASSED

2021-07-14 17:27:44 - [MESSAGE][PASSED] - ctdc.utilities.runtestcaseforKatalon.readStatBarCanine is PASSED

2021-07-14 17:27:44 - [TEST_STEP][PASSED] - waitForElementPresent(findTestObject("Object Repository/Canine/CanineResults_Cases_Tab"), 5): Object 'Object Repository/Canine/CanineResults_Cases_Tab' is present

2021-07-14 17:27:44 - [MESSAGE][PASSED] - Object 'Object Repository/Canine/CanineResults_Cases_Tab' is present

2021-07-14 17:27:44 - [TEST_STEP][PASSED] - ctdc.utilities.runtestcaseforKatalon.clickTab("Object Repository/Canine/CanineResults_Cases_Tab"): ctdc.utilities.runtestcaseforKatalon.clickTab is PASSED

2021-07-14 17:27:44 - [MESSAGE][PASSED] - ctdc.utilities.runtestcaseforKatalon.clickTab is PASSED

2021-07-14 17:27:44 - [TEST_STEP][ERROR] - ctdc.utilities.runtestcaseforKatalon.multiFunction("ICDC", G_StatBar_Cases, "Object Repository/Canine/Canine_CasesTable", "Object Repository/Canine/Canine_TableHeader", "Object Repository/Canine/Canine_CasesTabNextBtn", G_WebTabnameCases, G_CypherTabnameCases, G_QueryCasesTab): Index: 11, Size: 11

2021-07-14 17:28:00 - [MESSAGE][ERROR] - Index: 11, Size: 11]]></system-out>
         <system-err><![CDATA[2021-07-14 17:26:56 - [TEST_CASE][ERROR] - Test Cases/Canine_TestCases/StudyCombinations/Study-Combinations-UBC01/TC13_Canine_StudyUBC-Breed_Diagnosis_PrimDiseaseSite_RespToTreatmt: Test Cases/Canine_TestCases/StudyCombinations/Study-Combinations-UBC01/TC13_Canine_StudyUBC-Breed_Diagnosis_PrimDiseaseSite_RespToTreatmt FAILED.
Reason:
java.lang.IndexOutOfBoundsException: Index: 11, Size: 11
	at java_util_List$get$1.call(Unknown Source)
	at ctdc.utilities.runtestcaseforKatalon.compareTwoLists(runtestcaseforKatalon.groovy:849)
	at ctdc.utilities.runtestcaseforKatalon.compareLists(runtestcaseforKatalon.groovy:901)
	at ctdc.utilities.runtestcaseforKatalon.multiFunction(runtestcaseforKatalon.groovy:253)
	at ctdc.utilities.runtestcaseforKatalon.invokeMethod(runtestcaseforKatalon.groovy)
	at com.kms.katalon.core.main.CustomKeywordDelegatingMetaClass.invokeStaticMethod(CustomKeywordDelegatingMetaClass.java:50)
	at TC13_Canine_StudyUBC-Breed_Diagnosis_PrimDiseaseSite_RespToTreatmt.run(TC13_Canine_StudyUBC-Breed_Diagnosis_PrimDiseaseSite_RespToTreatmt:107)
	at com.kms.katalon.core.main.ScriptEngine.run(ScriptEngine.java:194)
	at com.kms.katalon.core.main.ScriptEngine.runScriptAsRawText(ScriptEngine.java:119)
	at com.kms.katalon.core.main.TestCaseExecutor.runScript(TestCaseExecutor.java:369)
	at com.kms.katalon.core.main.TestCaseExecutor.doExecute(TestCaseExecutor.java:360)
	at com.kms.katalon.core.main.TestCaseExecutor.processExecutionPhase(TestCaseExecutor.java:339)
	at com.kms.katalon.core.main.TestCaseExecutor.accessMainPhase(TestCaseExecutor.java:331)
	at com.kms.katalon.core.main.TestCaseExecutor.execute(TestCaseExecutor.java:248)
	at com.kms.katalon.core.main.TestSuiteExecutor.accessTestCaseMainPhase(TestSuiteExecutor.java:191)
	at com.kms.katalon.core.main.TestSuiteExecutor.accessTestSuiteMainPhase(TestSuiteExecutor.java:140)
	at com.kms.katalon.core.main.TestSuiteExecutor.execute(TestSuiteExecutor.java:89)
	at com.kms.katalon.core.main.TestCaseMain.startTestSuite(TestCaseMain.java:185)
	at com.kms.katalon.core.main.TestCaseMain$startTestSuite$0.call(Unknown Source)
	at TempTestSuite1626296935818.run(TempTestSuite1626296935818.groovy:39)]]></system-err>
      </testcase>
      <testcase name="Test Cases/Canine_TestCases/StudyCombinations/Study-Combinations-UBC01/TC14_Canine_StudyUBC-Breed_Diagnosis_PrimDiseaseSite_RespToTreatmt" time="59.773" classname="Test Cases/Canine_TestCases/StudyCombinations/Study-Combinations-UBC01/TC14_Canine_StudyUBC-Breed_Diagnosis_PrimDiseaseSite_RespToTreatmt" status="ERROR">
         <error type="ERROR" message="Test Cases/Canine_TestCases/StudyCombinations/Study-Combinations-UBC01/TC14_Canine_StudyUBC-Breed_Diagnosis_PrimDiseaseSite_RespToTreatmt FAILED.
Reason:
java.lang.IndexOutOfBoundsException: Index: 11, Size: 11
	at java_util_List$get$1.call(Unknown Source)
	at ctdc.utilities.runtestcaseforKatalon.compareTwoLists(runtestcaseforKatalon.groovy:849)
	at ctdc.utilities.runtestcaseforKatalon.compareLists(runtestcaseforKatalon.groovy:901)
	at ctdc.utilities.runtestcaseforKatalon.multiFunction(runtestcaseforKatalon.groovy:253)
	at ctdc.utilities.runtestcaseforKatalon.invokeMethod(runtestcaseforKatalon.groovy)
	at com.kms.katalon.core.main.CustomKeywordDelegatingMetaClass.invokeStaticMethod(CustomKeywordDelegatingMetaClass.java:50)
	at TC14_Canine_StudyUBC-Breed_Diagnosis_PrimDiseaseSite_RespToTreatmt.run(TC14_Canine_StudyUBC-Breed_Diagnosis_PrimDiseaseSite_RespToTreatmt:104)
	at com.kms.katalon.core.main.ScriptEngine.run(ScriptEngine.java:194)
	at com.kms.katalon.core.main.ScriptEngine.runScriptAsRawText(ScriptEngine.java:119)
	at com.kms.katalon.core.main.TestCaseExecutor.runScript(TestCaseExecutor.java:369)
	at com.kms.katalon.core.main.TestCaseExecutor.doExecute(TestCaseExecutor.java:360)
	at com.kms.katalon.core.main.TestCaseExecutor.processExecutionPhase(TestCaseExecutor.java:339)
	at com.kms.katalon.core.main.TestCaseExecutor.accessMainPhase(TestCaseExecutor.java:331)
	at com.kms.katalon.core.main.TestCaseExecutor.execute(TestCaseExecutor.java:248)
	at com.kms.katalon.core.main.TestSuiteExecutor.accessTestCaseMainPhase(TestSuiteExecutor.java:191)
	at com.kms.katalon.core.main.TestSuiteExecutor.accessTestSuiteMainPhase(TestSuiteExecutor.java:140)
	at com.kms.katalon.core.main.TestSuiteExecutor.execute(TestSuiteExecutor.java:89)
	at com.kms.katalon.core.main.TestCaseMain.startTestSuite(TestCaseMain.java:185)
	at com.kms.katalon.core.main.TestCaseMain$startTestSuite$0.call(Unknown Source)
	at TempTestSuite1626296935818.run(TempTestSuite1626296935818.groovy:39)
"/>
         <system-out><![CDATA[2021-07-14 17:28:00 - [TEST_CASE][ERROR] - Test Cases/Canine_TestCases/StudyCombinations/Study-Combinations-UBC01/TC14_Canine_StudyUBC-Breed_Diagnosis_PrimDiseaseSite_RespToTreatmt: Test Cases/Canine_TestCases/StudyCombinations/Study-Combinations-UBC01/TC14_Canine_StudyUBC-Breed_Diagnosis_PrimDiseaseSite_RespToTreatmt FAILED.
Reason:
java.lang.IndexOutOfBoundsException: Index: 11, Size: 11
	at java_util_List$get$1.call(Unknown Source)
	at ctdc.utilities.runtestcaseforKatalon.compareTwoLists(runtestcaseforKatalon.groovy:849)
	at ctdc.utilities.runtestcaseforKatalon.compareLists(runtestcaseforKatalon.groovy:901)
	at ctdc.utilities.runtestcaseforKatalon.multiFunction(runtestcaseforKatalon.groovy:253)
	at ctdc.utilities.runtestcaseforKatalon.invokeMethod(runtestcaseforKatalon.groovy)
	at com.kms.katalon.core.main.CustomKeywordDelegatingMetaClass.invokeStaticMethod(CustomKeywordDelegatingMetaClass.java:50)
	at TC14_Canine_StudyUBC-Breed_Diagnosis_PrimDiseaseSite_RespToTreatmt.run(TC14_Canine_StudyUBC-Breed_Diagnosis_PrimDiseaseSite_RespToTreatmt:104)
	at com.kms.katalon.core.main.ScriptEngine.run(ScriptEngine.java:194)
	at com.kms.katalon.core.main.ScriptEngine.runScriptAsRawText(ScriptEngine.java:119)
	at com.kms.katalon.core.main.TestCaseExecutor.runScript(TestCaseExecutor.java:369)
	at com.kms.katalon.core.main.TestCaseExecutor.doExecute(TestCaseExecutor.java:360)
	at com.kms.katalon.core.main.TestCaseExecutor.processExecutionPhase(TestCaseExecutor.java:339)
	at com.kms.katalon.core.main.TestCaseExecutor.accessMainPhase(TestCaseExecutor.java:331)
	at com.kms.katalon.core.main.TestCaseExecutor.execute(TestCaseExecutor.java:248)
	at com.kms.katalon.core.main.TestSuiteExecutor.accessTestCaseMainPhase(TestSuiteExecutor.java:191)
	at com.kms.katalon.core.main.TestSuiteExecutor.accessTestSuiteMainPhase(TestSuiteExecutor.java:140)
	at com.kms.katalon.core.main.TestSuiteExecutor.execute(TestSuiteExecutor.java:89)
	at com.kms.katalon.core.main.TestCaseMain.startTestSuite(TestCaseMain.java:185)
	at com.kms.katalon.core.main.TestCaseMain$startTestSuite$0.call(Unknown Source)
	at TempTestSuite1626296935818.run(TempTestSuite1626296935818.groovy:39)


2021-07-14 17:28:00 - [TEST_STEP][PASSED] - Start listener action : getTestScriptName: null

2021-07-14 17:28:00 - [TEST_STEP][PASSED] - TestCaseId = testCaseContext.getTestCaseId(): null

2021-07-14 17:28:00 - [TEST_STEP][PASSED] - out.println("**********this is the value of test case id string******** " + testCaseContext.getTestCaseId()): null

2021-07-14 17:28:00 - [TEST_STEP][PASSED] - G_currentTCName = TestCaseId.substring(TestCaseId.lastIndexOf("TC")): null

2021-07-14 17:28:00 - [TEST_STEP][PASSED] - out.println("This is the test case name : " + G_currentTCName): null

2021-07-14 17:28:01 - [TEST_STEP][PASSED] - closeBrowser(): Browser is closed

2021-07-14 17:28:02 - [MESSAGE][PASSED] - Browser is closed

2021-07-14 17:28:02 - [TEST_STEP][PASSED] - openBrowser(""): Browser is opened with url: ''

2021-07-14 17:28:02 - [MESSAGE][INFO] - Starting 'Chrome (headless)' driver

2021-07-14 17:28:02 - [MESSAGE][INFO] - User set preference: ['args', '[--no-sandbox]']

2021-07-14 17:28:02 - [MESSAGE][INFO] - Action delay is set to 0 milliseconds

2021-07-14 17:28:03 - [MESSAGE][PASSED] - Browser is opened with url: ''

2021-07-14 17:28:03 - [TEST_STEP][PASSED] - maximizeWindow(): Current window maximized

2021-07-14 17:28:04 - [MESSAGE][PASSED] - Current window maximized

2021-07-14 17:28:04 - [TEST_STEP][PASSED] - "Driver opened by Katalon is used in Selenium from this step.": null

2021-07-14 17:28:04 - [TEST_STEP][PASSED] - ctdc.utilities.runtestcaseforKatalon.RunKatalon("TC14_Canine_StudyUBC-Breed_Diagnosis_PrimDiseaseSite_RespToTreatmt.xlsx"): Data loaded from input file for the test case. 

2021-07-14 17:28:04 - [MESSAGE][PASSED] - Test case file loaded This is the full filepath after converting to string :C:\Automation_master\InputFiles\TC14_Canine_StudyUBC-Breed_Diagnosis_PrimDiseaseSite_RespToTreatmt.xlsx

2021-07-14 17:28:04 - [MESSAGE][INFO] - Global variable set for password file is :  C:\Automation_master\InputFiles\TC14_Canine_StudyUBC-Breed_Diagnosis_PrimDiseaseSite_RespToTreatmt.xlsx

2021-07-14 17:28:08 - [MESSAGE][PASSED] - Data loaded from input file for the test case. 

2021-07-14 17:28:15 - [TEST_STEP][PASSED] - waitForElementPresent(findTestObject("Canine/NavBar/Canine_Cases_Btn"), 10): Object 'Object Repository/Canine/NavBar/Canine_Cases_Btn' is present

2021-07-14 17:28:15 - [MESSAGE][PASSED] - Object 'Object Repository/Canine/NavBar/Canine_Cases_Btn' is present

2021-07-14 17:28:15 - [TEST_STEP][PASSED] - ctdc.utilities.runtestcaseforKatalon.clickTab("Canine/NavBar/Canine_Cases_Btn"): ctdc.utilities.runtestcaseforKatalon.clickTab is PASSED

2021-07-14 17:28:15 - [MESSAGE][PASSED] - ctdc.utilities.runtestcaseforKatalon.clickTab is PASSED

2021-07-14 17:28:15 - [TEST_STEP][PASSED] - waitForElementPresent(findTestObject("Object Repository/Canine/Filter/FilterByCases_Facet"), 10): Object 'Object Repository/Canine/Filter/FilterByCases_Facet' is present

2021-07-14 17:28:16 - [MESSAGE][PASSED] - Object 'Object Repository/Canine/Filter/FilterByCases_Facet' is present

2021-07-14 17:28:16 - [TEST_STEP][PASSED] - ctdc.utilities.runtestcaseforKatalon.clickTab("Object Repository/Canine/Filter/FilterByCases_Facet"): ctdc.utilities.runtestcaseforKatalon.clickTab is PASSED

2021-07-14 17:28:16 - [MESSAGE][PASSED] - ctdc.utilities.runtestcaseforKatalon.clickTab is PASSED

2021-07-14 17:28:16 - [TEST_STEP][PASSED] - waitForElementPresent(findTestObject("Object Repository/Canine/Filter/Study/Canine_Filter_Study"), 10): Object 'Object Repository/Canine/Filter/Study/Canine_Filter_Study' is present

2021-07-14 17:28:17 - [MESSAGE][PASSED] - Object 'Object Repository/Canine/Filter/Study/Canine_Filter_Study' is present

2021-07-14 17:28:17 - [TEST_STEP][PASSED] - ctdc.utilities.runtestcaseforKatalon.clickTab("Object Repository/Canine/Filter/Study/Canine_Filter_Study"): ctdc.utilities.runtestcaseforKatalon.clickTab is PASSED

2021-07-14 17:28:17 - [MESSAGE][PASSED] - ctdc.utilities.runtestcaseforKatalon.clickTab is PASSED

2021-07-14 17:28:17 - [TEST_STEP][PASSED] - waitForElementPresent(findTestObject("Object Repository/Canine/Filter/Study/Canine_Filter_Study-UBC_Chkbx"), 10): Object 'Object Repository/Canine/Filter/Study/Canine_Filter_Study-UBC_Chkbx' is present

2021-07-14 17:28:17 - [MESSAGE][PASSED] - Object 'Object Repository/Canine/Filter/Study/Canine_Filter_Study-UBC_Chkbx' is present

2021-07-14 17:28:17 - [TEST_STEP][PASSED] - ctdc.utilities.runtestcaseforKatalon.clickTab("Object Repository/Canine/Filter/Study/Canine_Filter_Study-UBC_Chkbx"): ctdc.utilities.runtestcaseforKatalon.clickTab is PASSED

2021-07-14 17:28:18 - [MESSAGE][PASSED] - ctdc.utilities.runtestcaseforKatalon.clickTab is PASSED

2021-07-14 17:28:18 - [TEST_STEP][PASSED] - Thread.sleep(2000): null

2021-07-14 17:28:20 - [TEST_STEP][PASSED] - waitForElementPresent(findTestObject("Object Repository/Canine/Filter/Breed/BREED_Ddn"), 10): Object 'Object Repository/Canine/Filter/Breed/BREED_Ddn' is present

2021-07-14 17:28:20 - [MESSAGE][PASSED] - Object 'Object Repository/Canine/Filter/Breed/BREED_Ddn' is present

2021-07-14 17:28:20 - [TEST_STEP][PASSED] - ctdc.utilities.runtestcaseforKatalon.clickTab("Object Repository/Canine/Filter/Breed/BREED_Ddn"): ctdc.utilities.runtestcaseforKatalon.clickTab is PASSED

2021-07-14 17:28:20 - [MESSAGE][PASSED] - ctdc.utilities.runtestcaseforKatalon.clickTab is PASSED

2021-07-14 17:28:20 - [TEST_STEP][PASSED] - waitForElementPresent(findTestObject("Object Repository/Canine/Filter/Breed/BelgMalin_Chkbx"), 10): Object 'Object Repository/Canine/Filter/Breed/BelgMalin_Chkbx' is present

2021-07-14 17:28:20 - [MESSAGE][PASSED] - Object 'Object Repository/Canine/Filter/Breed/BelgMalin_Chkbx' is present

2021-07-14 17:28:20 - [TEST_STEP][PASSED] - ctdc.utilities.runtestcaseforKatalon.clickTab("Object Repository/Canine/Filter/Breed/BelgMalin_Chkbx"): ctdc.utilities.runtestcaseforKatalon.clickTab is PASSED

2021-07-14 17:28:20 - [MESSAGE][PASSED] - ctdc.utilities.runtestcaseforKatalon.clickTab is PASSED

2021-07-14 17:28:20 - [TEST_STEP][PASSED] - waitForElementPresent(findTestObject("Object Repository/Canine/Filter/Breed/Labrador_Chkbx"), 10): Object 'Object Repository/Canine/Filter/Breed/Labrador_Chkbx' is present

2021-07-14 17:28:21 - [MESSAGE][PASSED] - Object 'Object Repository/Canine/Filter/Breed/Labrador_Chkbx' is present

2021-07-14 17:28:21 - [TEST_STEP][PASSED] - ctdc.utilities.runtestcaseforKatalon.clickTab("Object Repository/Canine/Filter/Breed/Labrador_Chkbx"): ctdc.utilities.runtestcaseforKatalon.clickTab is PASSED

2021-07-14 17:28:21 - [MESSAGE][PASSED] - ctdc.utilities.runtestcaseforKatalon.clickTab is PASSED

2021-07-14 17:28:21 - [TEST_STEP][PASSED] - waitForElementPresent(findTestObject("Object Repository/Canine/Filter/Breed/WestHland_Chkbx"), 10): Object 'Object Repository/Canine/Filter/Breed/WestHland_Chkbx' is present

2021-07-14 17:28:22 - [MESSAGE][PASSED] - Object 'Object Repository/Canine/Filter/Breed/WestHland_Chkbx' is present

2021-07-14 17:28:22 - [TEST_STEP][PASSED] - ctdc.utilities.runtestcaseforKatalon.clickTab("Object Repository/Canine/Filter/Breed/WestHland_Chkbx"): ctdc.utilities.runtestcaseforKatalon.clickTab is PASSED

2021-07-14 17:28:22 - [MESSAGE][PASSED] - ctdc.utilities.runtestcaseforKatalon.clickTab is PASSED

2021-07-14 17:28:22 - [TEST_STEP][PASSED] - ctdc.utilities.runtestcaseforKatalon.clickTab("Object Repository/Canine/Filter/Breed/BREED_Ddn"): ctdc.utilities.runtestcaseforKatalon.clickTab is PASSED

2021-07-14 17:28:23 - [MESSAGE][PASSED] - ctdc.utilities.runtestcaseforKatalon.clickTab is PASSED

2021-07-14 17:28:23 - [TEST_STEP][PASSED] - waitForElementPresent(findTestObject("Object Repository/Canine/Filter/Diagnosis/DIAGNOSIS_Ddn"), 10): Object 'Object Repository/Canine/Filter/Diagnosis/DIAGNOSIS_Ddn' is present

2021-07-14 17:28:23 - [MESSAGE][PASSED] - Object 'Object Repository/Canine/Filter/Diagnosis/DIAGNOSIS_Ddn' is present

2021-07-14 17:28:23 - [TEST_STEP][PASSED] - ctdc.utilities.runtestcaseforKatalon.clickTab("Object Repository/Canine/Filter/Diagnosis/DIAGNOSIS_Ddn"): ctdc.utilities.runtestcaseforKatalon.clickTab is PASSED

2021-07-14 17:28:23 - [MESSAGE][PASSED] - ctdc.utilities.runtestcaseforKatalon.clickTab is PASSED

2021-07-14 17:28:23 - [TEST_STEP][PASSED] - waitForElementPresent(findTestObject("Object Repository/Canine/Filter/Diagnosis/BladderCancer_Chkbx"), 10): Object 'Object Repository/Canine/Filter/Diagnosis/BladderCancer_Chkbx' is present

2021-07-14 17:28:24 - [MESSAGE][PASSED] - Object 'Object Repository/Canine/Filter/Diagnosis/BladderCancer_Chkbx' is present

2021-07-14 17:28:24 - [TEST_STEP][PASSED] - ctdc.utilities.runtestcaseforKatalon.clickTab("Object Repository/Canine/Filter/Diagnosis/BladderCancer_Chkbx"): ctdc.utilities.runtestcaseforKatalon.clickTab is PASSED

2021-07-14 17:28:24 - [MESSAGE][PASSED] - ctdc.utilities.runtestcaseforKatalon.clickTab is PASSED

2021-07-14 17:28:24 - [TEST_STEP][PASSED] - ctdc.utilities.runtestcaseforKatalon.clickTab("Object Repository/Canine/Filter/Diagnosis/DIAGNOSIS_Ddn"): ctdc.utilities.runtestcaseforKatalon.clickTab is PASSED

2021-07-14 17:28:24 - [MESSAGE][PASSED] - ctdc.utilities.runtestcaseforKatalon.clickTab is PASSED

2021-07-14 17:28:24 - [TEST_STEP][PASSED] - waitForElementPresent(findTestObject("Object Repository/Canine/Filter/PrimDiseaseSite/PRIMARYDISEASESITE_Ddn"), 10): Object 'Object Repository/Canine/Filter/PrimDiseaseSite/PRIMARYDISEASESITE_Ddn' is present

2021-07-14 17:28:24 - [MESSAGE][PASSED] - Object 'Object Repository/Canine/Filter/PrimDiseaseSite/PRIMARYDISEASESITE_Ddn' is present

2021-07-14 17:28:24 - [TEST_STEP][PASSED] - ctdc.utilities.runtestcaseforKatalon.clickTab("Object Repository/Canine/Filter/PrimDiseaseSite/PRIMARYDISEASESITE_Ddn"): ctdc.utilities.runtestcaseforKatalon.clickTab is PASSED

2021-07-14 17:28:25 - [MESSAGE][PASSED] - ctdc.utilities.runtestcaseforKatalon.clickTab is PASSED

2021-07-14 17:28:25 - [TEST_STEP][PASSED] - waitForElementPresent(findTestObject("Object Repository/Canine/Filter/PrimDiseaseSite/BladderProstate_Chkbx"), 10): Object 'Object Repository/Canine/Filter/PrimDiseaseSite/BladderProstate_Chkbx' is present

2021-07-14 17:28:25 - [MESSAGE][PASSED] - Object 'Object Repository/Canine/Filter/PrimDiseaseSite/BladderProstate_Chkbx' is present

2021-07-14 17:28:25 - [TEST_STEP][PASSED] - ctdc.utilities.runtestcaseforKatalon.clickTab("Object Repository/Canine/Filter/PrimDiseaseSite/BladderProstate_Chkbx"): ctdc.utilities.runtestcaseforKatalon.clickTab is PASSED

2021-07-14 17:28:25 - [MESSAGE][PASSED] - ctdc.utilities.runtestcaseforKatalon.clickTab is PASSED

2021-07-14 17:28:25 - [TEST_STEP][PASSED] - waitForElementPresent(findTestObject("Object Repository/Canine/Filter/PrimDiseaseSite/BladderUrethra_Chkbx"), 10): Object 'Object Repository/Canine/Filter/PrimDiseaseSite/BladderUrethra_Chkbx' is present

2021-07-14 17:28:26 - [MESSAGE][PASSED] - Object 'Object Repository/Canine/Filter/PrimDiseaseSite/BladderUrethra_Chkbx' is present

2021-07-14 17:28:26 - [TEST_STEP][PASSED] - ctdc.utilities.runtestcaseforKatalon.clickTab("Object Repository/Canine/Filter/PrimDiseaseSite/BladderUrethra_Chkbx"): ctdc.utilities.runtestcaseforKatalon.clickTab is PASSED

2021-07-14 17:28:26 - [MESSAGE][PASSED] - ctdc.utilities.runtestcaseforKatalon.clickTab is PASSED

2021-07-14 17:28:26 - [TEST_STEP][PASSED] - waitForElementPresent(findTestObject("Object Repository/Canine/Filter/PrimDiseaseSite/BladderUrethraProstate_Chkbx"), 10): Object 'Object Repository/Canine/Filter/PrimDiseaseSite/BladderUrethraProstate_Chkbx' is present

2021-07-14 17:28:27 - [MESSAGE][PASSED] - Object 'Object Repository/Canine/Filter/PrimDiseaseSite/BladderUrethraProstate_Chkbx' is present

2021-07-14 17:28:27 - [TEST_STEP][PASSED] - ctdc.utilities.runtestcaseforKatalon.clickTab("Object Repository/Canine/Filter/PrimDiseaseSite/BladderUrethraProstate_Chkbx"): ctdc.utilities.runtestcaseforKatalon.clickTab is PASSED

2021-07-14 17:28:27 - [MESSAGE][PASSED] - ctdc.utilities.runtestcaseforKatalon.clickTab is PASSED

2021-07-14 17:28:27 - [TEST_STEP][PASSED] - waitForElementPresent(findTestObject("Object Repository/Canine/Filter/PrimDiseaseSite/UrethraProstate_Chkbx"), 10): Object 'Object Repository/Canine/Filter/PrimDiseaseSite/UrethraProstate_Chkbx' is present

2021-07-14 17:28:27 - [MESSAGE][PASSED] - Object 'Object Repository/Canine/Filter/PrimDiseaseSite/UrethraProstate_Chkbx' is present

2021-07-14 17:28:27 - [TEST_STEP][PASSED] - ctdc.utilities.runtestcaseforKatalon.clickTab("Object Repository/Canine/Filter/PrimDiseaseSite/UrethraProstate_Chkbx"): ctdc.utilities.runtestcaseforKatalon.clickTab is PASSED

2021-07-14 17:28:27 - [MESSAGE][PASSED] - ctdc.utilities.runtestcaseforKatalon.clickTab is PASSED

2021-07-14 17:28:27 - [TEST_STEP][PASSED] - ctdc.utilities.runtestcaseforKatalon.clickTab("Object Repository/Canine/Filter/PrimDiseaseSite/PRIMARYDISEASESITE_Ddn"): ctdc.utilities.runtestcaseforKatalon.clickTab is PASSED

2021-07-14 17:28:28 - [MESSAGE][PASSED] - ctdc.utilities.runtestcaseforKatalon.clickTab is PASSED

2021-07-14 17:28:28 - [TEST_STEP][PASSED] - waitForElementPresent(findTestObject("Object Repository/Canine/Filter/ResponseToTreatment/RESPONSETOTREATMENT_Ddn"), 10): Object 'Object Repository/Canine/Filter/ResponseToTreatment/RESPONSETOTREATMENT_Ddn' is present

2021-07-14 17:28:28 - [MESSAGE][PASSED] - Object 'Object Repository/Canine/Filter/ResponseToTreatment/RESPONSETOTREATMENT_Ddn' is present

2021-07-14 17:28:28 - [TEST_STEP][PASSED] - ctdc.utilities.runtestcaseforKatalon.clickTab("Object Repository/Canine/Filter/ResponseToTreatment/RESPONSETOTREATMENT_Ddn"): ctdc.utilities.runtestcaseforKatalon.clickTab is PASSED

2021-07-14 17:28:29 - [MESSAGE][PASSED] - ctdc.utilities.runtestcaseforKatalon.clickTab is PASSED

2021-07-14 17:28:29 - [TEST_STEP][PASSED] - waitForElementPresent(findTestObject("Object Repository/Canine/Filter/ResponseToTreatment/NotDetermined_Chkbx"), 10): Object 'Object Repository/Canine/Filter/ResponseToTreatment/NotDetermined_Chkbx' is present

2021-07-14 17:28:29 - [MESSAGE][PASSED] - Object 'Object Repository/Canine/Filter/ResponseToTreatment/NotDetermined_Chkbx' is present

2021-07-14 17:28:29 - [TEST_STEP][PASSED] - ctdc.utilities.runtestcaseforKatalon.clickTab("Object Repository/Canine/Filter/ResponseToTreatment/NotDetermined_Chkbx"): ctdc.utilities.runtestcaseforKatalon.clickTab is PASSED

2021-07-14 17:28:29 - [MESSAGE][PASSED] - ctdc.utilities.runtestcaseforKatalon.clickTab is PASSED

2021-07-14 17:28:29 - [TEST_STEP][PASSED] - ctdc.utilities.runtestcaseforKatalon.clickTab("Object Repository/Canine/Filter/ResponseToTreatment/RESPONSETOTREATMENT_Ddn"): ctdc.utilities.runtestcaseforKatalon.clickTab is PASSED

2021-07-14 17:28:30 - [MESSAGE][PASSED] - ctdc.utilities.runtestcaseforKatalon.clickTab is PASSED

2021-07-14 17:28:30 - [TEST_STEP][PASSED] - ctdc.utilities.runtestcaseforKatalon.readStatBarCanine("Object Repository/Canine/StatBar/Canine_StatBar-Studies", "Object Repository/Canine/StatBar/Canine_StatBar-Cases", "Object Repository/Canine/StatBar/Canine_StatBar-Samples", "Object Repository/Canine/StatBar/Canine_StatBar-Files", "Object Repository/Canine/StatBar/Canine_StatBar-Aliquots"): ctdc.utilities.runtestcaseforKatalon.readStatBarCanine is PASSED

2021-07-14 17:28:45 - [MESSAGE][PASSED] - ctdc.utilities.runtestcaseforKatalon.readStatBarCanine is PASSED

2021-07-14 17:28:45 - [TEST_STEP][PASSED] - waitForElementPresent(findTestObject("Object Repository/Canine/CanineResults_Cases_Tab"), 5): Object 'Object Repository/Canine/CanineResults_Cases_Tab' is present

2021-07-14 17:28:45 - [MESSAGE][PASSED] - Object 'Object Repository/Canine/CanineResults_Cases_Tab' is present

2021-07-14 17:28:45 - [TEST_STEP][PASSED] - ctdc.utilities.runtestcaseforKatalon.clickTab("Object Repository/Canine/CanineResults_Cases_Tab"): ctdc.utilities.runtestcaseforKatalon.clickTab is PASSED

2021-07-14 17:28:45 - [MESSAGE][PASSED] - ctdc.utilities.runtestcaseforKatalon.clickTab is PASSED

2021-07-14 17:28:45 - [TEST_STEP][ERROR] - ctdc.utilities.runtestcaseforKatalon.multiFunction("ICDC", G_StatBar_Cases, "Object Repository/Canine/Canine_CasesTable", "Object Repository/Canine/Canine_TableHeader", "Object Repository/Canine/Canine_CasesTabNextBtn", G_WebTabnameCases, G_CypherTabnameCases, G_QueryCasesTab): Index: 11, Size: 11

2021-07-14 17:29:00 - [MESSAGE][ERROR] - Index: 11, Size: 11]]></system-out>
         <system-err><![CDATA[2021-07-14 17:28:00 - [TEST_CASE][ERROR] - Test Cases/Canine_TestCases/StudyCombinations/Study-Combinations-UBC01/TC14_Canine_StudyUBC-Breed_Diagnosis_PrimDiseaseSite_RespToTreatmt: Test Cases/Canine_TestCases/StudyCombinations/Study-Combinations-UBC01/TC14_Canine_StudyUBC-Breed_Diagnosis_PrimDiseaseSite_RespToTreatmt FAILED.
Reason:
java.lang.IndexOutOfBoundsException: Index: 11, Size: 11
	at java_util_List$get$1.call(Unknown Source)
	at ctdc.utilities.runtestcaseforKatalon.compareTwoLists(runtestcaseforKatalon.groovy:849)
	at ctdc.utilities.runtestcaseforKatalon.compareLists(runtestcaseforKatalon.groovy:901)
	at ctdc.utilities.runtestcaseforKatalon.multiFunction(runtestcaseforKatalon.groovy:253)
	at ctdc.utilities.runtestcaseforKatalon.invokeMethod(runtestcaseforKatalon.groovy)
	at com.kms.katalon.core.main.CustomKeywordDelegatingMetaClass.invokeStaticMethod(CustomKeywordDelegatingMetaClass.java:50)
	at TC14_Canine_StudyUBC-Breed_Diagnosis_PrimDiseaseSite_RespToTreatmt.run(TC14_Canine_StudyUBC-Breed_Diagnosis_PrimDiseaseSite_RespToTreatmt:104)
	at com.kms.katalon.core.main.ScriptEngine.run(ScriptEngine.java:194)
	at com.kms.katalon.core.main.ScriptEngine.runScriptAsRawText(ScriptEngine.java:119)
	at com.kms.katalon.core.main.TestCaseExecutor.runScript(TestCaseExecutor.java:369)
	at com.kms.katalon.core.main.TestCaseExecutor.doExecute(TestCaseExecutor.java:360)
	at com.kms.katalon.core.main.TestCaseExecutor.processExecutionPhase(TestCaseExecutor.java:339)
	at com.kms.katalon.core.main.TestCaseExecutor.accessMainPhase(TestCaseExecutor.java:331)
	at com.kms.katalon.core.main.TestCaseExecutor.execute(TestCaseExecutor.java:248)
	at com.kms.katalon.core.main.TestSuiteExecutor.accessTestCaseMainPhase(TestSuiteExecutor.java:191)
	at com.kms.katalon.core.main.TestSuiteExecutor.accessTestSuiteMainPhase(TestSuiteExecutor.java:140)
	at com.kms.katalon.core.main.TestSuiteExecutor.execute(TestSuiteExecutor.java:89)
	at com.kms.katalon.core.main.TestCaseMain.startTestSuite(TestCaseMain.java:185)
	at com.kms.katalon.core.main.TestCaseMain$startTestSuite$0.call(Unknown Source)
	at TempTestSuite1626296935818.run(TempTestSuite1626296935818.groovy:39)]]></system-err>
      </testcase>
      <testcase name="Test Cases/Canine_TestCases/StudyCombinations/Study-Combinations-UBC01/TC15_Canine_StudyUBC-Breed_Diagnosis_PrimDiseaseSite_RespToTreatmt" time="61.915" classname="Test Cases/Canine_TestCases/StudyCombinations/Study-Combinations-UBC01/TC15_Canine_StudyUBC-Breed_Diagnosis_PrimDiseaseSite_RespToTreatmt" status="ERROR">
         <error type="ERROR" message="Test Cases/Canine_TestCases/StudyCombinations/Study-Combinations-UBC01/TC15_Canine_StudyUBC-Breed_Diagnosis_PrimDiseaseSite_RespToTreatmt FAILED.
Reason:
java.lang.IndexOutOfBoundsException: Index: 11, Size: 11
	at java_util_List$get$1.call(Unknown Source)
	at ctdc.utilities.runtestcaseforKatalon.compareTwoLists(runtestcaseforKatalon.groovy:849)
	at ctdc.utilities.runtestcaseforKatalon.compareLists(runtestcaseforKatalon.groovy:901)
	at ctdc.utilities.runtestcaseforKatalon.multiFunction(runtestcaseforKatalon.groovy:253)
	at ctdc.utilities.runtestcaseforKatalon.invokeMethod(runtestcaseforKatalon.groovy)
	at com.kms.katalon.core.main.CustomKeywordDelegatingMetaClass.invokeStaticMethod(CustomKeywordDelegatingMetaClass.java:50)
	at TC15_Canine_StudyUBC-Breed_Diagnosis_PrimDiseaseSite_RespToTreatmt.run(TC15_Canine_StudyUBC-Breed_Diagnosis_PrimDiseaseSite_RespToTreatmt:106)
	at com.kms.katalon.core.main.ScriptEngine.run(ScriptEngine.java:194)
	at com.kms.katalon.core.main.ScriptEngine.runScriptAsRawText(ScriptEngine.java:119)
	at com.kms.katalon.core.main.TestCaseExecutor.runScript(TestCaseExecutor.java:369)
	at com.kms.katalon.core.main.TestCaseExecutor.doExecute(TestCaseExecutor.java:360)
	at com.kms.katalon.core.main.TestCaseExecutor.processExecutionPhase(TestCaseExecutor.java:339)
	at com.kms.katalon.core.main.TestCaseExecutor.accessMainPhase(TestCaseExecutor.java:331)
	at com.kms.katalon.core.main.TestCaseExecutor.execute(TestCaseExecutor.java:248)
	at com.kms.katalon.core.main.TestSuiteExecutor.accessTestCaseMainPhase(TestSuiteExecutor.java:191)
	at com.kms.katalon.core.main.TestSuiteExecutor.accessTestSuiteMainPhase(TestSuiteExecutor.java:140)
	at com.kms.katalon.core.main.TestSuiteExecutor.execute(TestSuiteExecutor.java:89)
	at com.kms.katalon.core.main.TestCaseMain.startTestSuite(TestCaseMain.java:185)
	at com.kms.katalon.core.main.TestCaseMain$startTestSuite$0.call(Unknown Source)
	at TempTestSuite1626296935818.run(TempTestSuite1626296935818.groovy:39)
"/>
         <system-out><![CDATA[2021-07-14 17:29:00 - [TEST_CASE][ERROR] - Test Cases/Canine_TestCases/StudyCombinations/Study-Combinations-UBC01/TC15_Canine_StudyUBC-Breed_Diagnosis_PrimDiseaseSite_RespToTreatmt: Test Cases/Canine_TestCases/StudyCombinations/Study-Combinations-UBC01/TC15_Canine_StudyUBC-Breed_Diagnosis_PrimDiseaseSite_RespToTreatmt FAILED.
Reason:
java.lang.IndexOutOfBoundsException: Index: 11, Size: 11
	at java_util_List$get$1.call(Unknown Source)
	at ctdc.utilities.runtestcaseforKatalon.compareTwoLists(runtestcaseforKatalon.groovy:849)
	at ctdc.utilities.runtestcaseforKatalon.compareLists(runtestcaseforKatalon.groovy:901)
	at ctdc.utilities.runtestcaseforKatalon.multiFunction(runtestcaseforKatalon.groovy:253)
	at ctdc.utilities.runtestcaseforKatalon.invokeMethod(runtestcaseforKatalon.groovy)
	at com.kms.katalon.core.main.CustomKeywordDelegatingMetaClass.invokeStaticMethod(CustomKeywordDelegatingMetaClass.java:50)
	at TC15_Canine_StudyUBC-Breed_Diagnosis_PrimDiseaseSite_RespToTreatmt.run(TC15_Canine_StudyUBC-Breed_Diagnosis_PrimDiseaseSite_RespToTreatmt:106)
	at com.kms.katalon.core.main.ScriptEngine.run(ScriptEngine.java:194)
	at com.kms.katalon.core.main.ScriptEngine.runScriptAsRawText(ScriptEngine.java:119)
	at com.kms.katalon.core.main.TestCaseExecutor.runScript(TestCaseExecutor.java:369)
	at com.kms.katalon.core.main.TestCaseExecutor.doExecute(TestCaseExecutor.java:360)
	at com.kms.katalon.core.main.TestCaseExecutor.processExecutionPhase(TestCaseExecutor.java:339)
	at com.kms.katalon.core.main.TestCaseExecutor.accessMainPhase(TestCaseExecutor.java:331)
	at com.kms.katalon.core.main.TestCaseExecutor.execute(TestCaseExecutor.java:248)
	at com.kms.katalon.core.main.TestSuiteExecutor.accessTestCaseMainPhase(TestSuiteExecutor.java:191)
	at com.kms.katalon.core.main.TestSuiteExecutor.accessTestSuiteMainPhase(TestSuiteExecutor.java:140)
	at com.kms.katalon.core.main.TestSuiteExecutor.execute(TestSuiteExecutor.java:89)
	at com.kms.katalon.core.main.TestCaseMain.startTestSuite(TestCaseMain.java:185)
	at com.kms.katalon.core.main.TestCaseMain$startTestSuite$0.call(Unknown Source)
	at TempTestSuite1626296935818.run(TempTestSuite1626296935818.groovy:39)


2021-07-14 17:29:00 - [TEST_STEP][PASSED] - Start listener action : getTestScriptName: null

2021-07-14 17:29:00 - [TEST_STEP][PASSED] - TestCaseId = testCaseContext.getTestCaseId(): null

2021-07-14 17:29:00 - [TEST_STEP][PASSED] - out.println("**********this is the value of test case id string******** " + testCaseContext.getTestCaseId()): null

2021-07-14 17:29:00 - [TEST_STEP][PASSED] - G_currentTCName = TestCaseId.substring(TestCaseId.lastIndexOf("TC")): null

2021-07-14 17:29:00 - [TEST_STEP][PASSED] - out.println("This is the test case name : " + G_currentTCName): null

2021-07-14 17:29:01 - [TEST_STEP][PASSED] - closeBrowser(): Browser is closed

2021-07-14 17:29:01 - [MESSAGE][PASSED] - Browser is closed

2021-07-14 17:29:01 - [TEST_STEP][PASSED] - openBrowser(""): Browser is opened with url: ''

2021-07-14 17:29:02 - [MESSAGE][INFO] - Starting 'Chrome (headless)' driver

2021-07-14 17:29:02 - [MESSAGE][INFO] - User set preference: ['args', '[--no-sandbox]']

2021-07-14 17:29:02 - [MESSAGE][INFO] - Action delay is set to 0 milliseconds

2021-07-14 17:29:03 - [MESSAGE][PASSED] - Browser is opened with url: ''

2021-07-14 17:29:03 - [TEST_STEP][PASSED] - maximizeWindow(): Current window maximized

2021-07-14 17:29:03 - [MESSAGE][PASSED] - Current window maximized

2021-07-14 17:29:03 - [TEST_STEP][PASSED] - "Driver opened by Katalon is used in Selenium from this step.": null

2021-07-14 17:29:03 - [TEST_STEP][PASSED] - ctdc.utilities.runtestcaseforKatalon.RunKatalon("TC15_Canine_StudyUBC-Breed_Diagnosis_PrimDiseaseSite_RespToTreatmt.xlsx"): Data loaded from input file for the test case. 

2021-07-14 17:29:03 - [MESSAGE][PASSED] - Test case file loaded This is the full filepath after converting to string :C:\Automation_master\InputFiles\TC15_Canine_StudyUBC-Breed_Diagnosis_PrimDiseaseSite_RespToTreatmt.xlsx

2021-07-14 17:29:03 - [MESSAGE][INFO] - Global variable set for password file is :  C:\Automation_master\InputFiles\TC15_Canine_StudyUBC-Breed_Diagnosis_PrimDiseaseSite_RespToTreatmt.xlsx

2021-07-14 17:29:07 - [MESSAGE][PASSED] - Data loaded from input file for the test case. 

2021-07-14 17:29:14 - [TEST_STEP][PASSED] - waitForElementPresent(findTestObject("Canine/NavBar/Canine_Cases_Btn"), 10): Object 'Object Repository/Canine/NavBar/Canine_Cases_Btn' is present

2021-07-14 17:29:14 - [MESSAGE][PASSED] - Object 'Object Repository/Canine/NavBar/Canine_Cases_Btn' is present

2021-07-14 17:29:14 - [TEST_STEP][PASSED] - ctdc.utilities.runtestcaseforKatalon.clickTab("Canine/NavBar/Canine_Cases_Btn"): ctdc.utilities.runtestcaseforKatalon.clickTab is PASSED

2021-07-14 17:29:14 - [MESSAGE][PASSED] - ctdc.utilities.runtestcaseforKatalon.clickTab is PASSED

2021-07-14 17:29:14 - [TEST_STEP][PASSED] - waitForElementPresent(findTestObject("Object Repository/Canine/Filter/FilterByCases_Facet"), 10): Object 'Object Repository/Canine/Filter/FilterByCases_Facet' is present

2021-07-14 17:29:15 - [MESSAGE][PASSED] - Object 'Object Repository/Canine/Filter/FilterByCases_Facet' is present

2021-07-14 17:29:15 - [TEST_STEP][PASSED] - ctdc.utilities.runtestcaseforKatalon.clickTab("Object Repository/Canine/Filter/FilterByCases_Facet"): ctdc.utilities.runtestcaseforKatalon.clickTab is PASSED

2021-07-14 17:29:16 - [MESSAGE][PASSED] - ctdc.utilities.runtestcaseforKatalon.clickTab is PASSED

2021-07-14 17:29:16 - [TEST_STEP][PASSED] - waitForElementPresent(findTestObject("Object Repository/Canine/Filter/Study/Canine_Filter_Study"), 10): Object 'Object Repository/Canine/Filter/Study/Canine_Filter_Study' is present

2021-07-14 17:29:16 - [MESSAGE][PASSED] - Object 'Object Repository/Canine/Filter/Study/Canine_Filter_Study' is present

2021-07-14 17:29:16 - [TEST_STEP][PASSED] - ctdc.utilities.runtestcaseforKatalon.clickTab("Object Repository/Canine/Filter/Study/Canine_Filter_Study"): ctdc.utilities.runtestcaseforKatalon.clickTab is PASSED

2021-07-14 17:29:16 - [MESSAGE][PASSED] - ctdc.utilities.runtestcaseforKatalon.clickTab is PASSED

2021-07-14 17:29:16 - [TEST_STEP][PASSED] - waitForElementPresent(findTestObject("Object Repository/Canine/Filter/Study/Canine_Filter_Study-UBC_Chkbx"), 10): Object 'Object Repository/Canine/Filter/Study/Canine_Filter_Study-UBC_Chkbx' is present

2021-07-14 17:29:17 - [MESSAGE][PASSED] - Object 'Object Repository/Canine/Filter/Study/Canine_Filter_Study-UBC_Chkbx' is present

2021-07-14 17:29:17 - [TEST_STEP][PASSED] - ctdc.utilities.runtestcaseforKatalon.clickTab("Object Repository/Canine/Filter/Study/Canine_Filter_Study-UBC_Chkbx"): ctdc.utilities.runtestcaseforKatalon.clickTab is PASSED

2021-07-14 17:29:17 - [MESSAGE][PASSED] - ctdc.utilities.runtestcaseforKatalon.clickTab is PASSED

2021-07-14 17:29:17 - [TEST_STEP][PASSED] - Thread.sleep(2000): null

2021-07-14 17:29:19 - [TEST_STEP][PASSED] - waitForElementPresent(findTestObject("Object Repository/Canine/Filter/Breed/BREED_Ddn"), 10): Object 'Object Repository/Canine/Filter/Breed/BREED_Ddn' is present

2021-07-14 17:29:19 - [MESSAGE][PASSED] - Object 'Object Repository/Canine/Filter/Breed/BREED_Ddn' is present

2021-07-14 17:29:19 - [TEST_STEP][PASSED] - ctdc.utilities.runtestcaseforKatalon.clickTab("Object Repository/Canine/Filter/Breed/BREED_Ddn"): ctdc.utilities.runtestcaseforKatalon.clickTab is PASSED

2021-07-14 17:29:19 - [MESSAGE][PASSED] - ctdc.utilities.runtestcaseforKatalon.clickTab is PASSED

2021-07-14 17:29:19 - [TEST_STEP][PASSED] - waitForElementPresent(findTestObject("Object Repository/Canine/Filter/Breed/BelgMalin_Chkbx"), 10): Object 'Object Repository/Canine/Filter/Breed/BelgMalin_Chkbx' is present

2021-07-14 17:29:19 - [MESSAGE][PASSED] - Object 'Object Repository/Canine/Filter/Breed/BelgMalin_Chkbx' is present

2021-07-14 17:29:19 - [TEST_STEP][PASSED] - ctdc.utilities.runtestcaseforKatalon.clickTab("Object Repository/Canine/Filter/Breed/BelgMalin_Chkbx"): ctdc.utilities.runtestcaseforKatalon.clickTab is PASSED

2021-07-14 17:29:20 - [MESSAGE][PASSED] - ctdc.utilities.runtestcaseforKatalon.clickTab is PASSED

2021-07-14 17:29:20 - [TEST_STEP][PASSED] - waitForElementPresent(findTestObject("Object Repository/Canine/Filter/Breed/Labrador_Chkbx"), 10): Object 'Object Repository/Canine/Filter/Breed/Labrador_Chkbx' is present

2021-07-14 17:29:20 - [MESSAGE][PASSED] - Object 'Object Repository/Canine/Filter/Breed/Labrador_Chkbx' is present

2021-07-14 17:29:20 - [TEST_STEP][PASSED] - ctdc.utilities.runtestcaseforKatalon.clickTab("Object Repository/Canine/Filter/Breed/Labrador_Chkbx"): ctdc.utilities.runtestcaseforKatalon.clickTab is PASSED

2021-07-14 17:29:21 - [MESSAGE][PASSED] - ctdc.utilities.runtestcaseforKatalon.clickTab is PASSED

2021-07-14 17:29:21 - [TEST_STEP][PASSED] - waitForElementPresent(findTestObject("Object Repository/Canine/Filter/Breed/WestHland_Chkbx"), 10): Object 'Object Repository/Canine/Filter/Breed/WestHland_Chkbx' is present

2021-07-14 17:29:21 - [MESSAGE][PASSED] - Object 'Object Repository/Canine/Filter/Breed/WestHland_Chkbx' is present

2021-07-14 17:29:21 - [TEST_STEP][PASSED] - ctdc.utilities.runtestcaseforKatalon.clickTab("Object Repository/Canine/Filter/Breed/WestHland_Chkbx"): ctdc.utilities.runtestcaseforKatalon.clickTab is PASSED

2021-07-14 17:29:22 - [MESSAGE][PASSED] - ctdc.utilities.runtestcaseforKatalon.clickTab is PASSED

2021-07-14 17:29:22 - [TEST_STEP][PASSED] - ctdc.utilities.runtestcaseforKatalon.clickTab("Object Repository/Canine/Filter/Breed/BREED_Ddn"): ctdc.utilities.runtestcaseforKatalon.clickTab is PASSED

2021-07-14 17:29:22 - [MESSAGE][PASSED] - ctdc.utilities.runtestcaseforKatalon.clickTab is PASSED

2021-07-14 17:29:22 - [TEST_STEP][PASSED] - waitForElementPresent(findTestObject("Object Repository/Canine/Filter/Diagnosis/DIAGNOSIS_Ddn"), 10): Object 'Object Repository/Canine/Filter/Diagnosis/DIAGNOSIS_Ddn' is present

2021-07-14 17:29:22 - [MESSAGE][PASSED] - Object 'Object Repository/Canine/Filter/Diagnosis/DIAGNOSIS_Ddn' is present

2021-07-14 17:29:22 - [TEST_STEP][PASSED] - ctdc.utilities.runtestcaseforKatalon.clickTab("Object Repository/Canine/Filter/Diagnosis/DIAGNOSIS_Ddn"): ctdc.utilities.runtestcaseforKatalon.clickTab is PASSED

2021-07-14 17:29:23 - [MESSAGE][PASSED] - ctdc.utilities.runtestcaseforKatalon.clickTab is PASSED

2021-07-14 17:29:23 - [TEST_STEP][PASSED] - waitForElementPresent(findTestObject("Object Repository/Canine/Filter/Diagnosis/BladderCancer_Chkbx"), 10): Object 'Object Repository/Canine/Filter/Diagnosis/BladderCancer_Chkbx' is present

2021-07-14 17:29:23 - [MESSAGE][PASSED] - Object 'Object Repository/Canine/Filter/Diagnosis/BladderCancer_Chkbx' is present

2021-07-14 17:29:23 - [TEST_STEP][PASSED] - ctdc.utilities.runtestcaseforKatalon.clickTab("Object Repository/Canine/Filter/Diagnosis/BladderCancer_Chkbx"): ctdc.utilities.runtestcaseforKatalon.clickTab is PASSED

2021-07-14 17:29:23 - [MESSAGE][PASSED] - ctdc.utilities.runtestcaseforKatalon.clickTab is PASSED

2021-07-14 17:29:23 - [TEST_STEP][PASSED] - ctdc.utilities.runtestcaseforKatalon.clickTab("Object Repository/Canine/Filter/Diagnosis/DIAGNOSIS_Ddn"): ctdc.utilities.runtestcaseforKatalon.clickTab is PASSED

2021-07-14 17:29:24 - [MESSAGE][PASSED] - ctdc.utilities.runtestcaseforKatalon.clickTab is PASSED

2021-07-14 17:29:24 - [TEST_STEP][PASSED] - waitForElementPresent(findTestObject("Object Repository/Canine/Filter/PrimDiseaseSite/PRIMARYDISEASESITE_Ddn"), 10): Object 'Object Repository/Canine/Filter/PrimDiseaseSite/PRIMARYDISEASESITE_Ddn' is present

2021-07-14 17:29:24 - [MESSAGE][PASSED] - Object 'Object Repository/Canine/Filter/PrimDiseaseSite/PRIMARYDISEASESITE_Ddn' is present

2021-07-14 17:29:24 - [TEST_STEP][PASSED] - ctdc.utilities.runtestcaseforKatalon.clickTab("Object Repository/Canine/Filter/PrimDiseaseSite/PRIMARYDISEASESITE_Ddn"): ctdc.utilities.runtestcaseforKatalon.clickTab is PASSED

2021-07-14 17:29:24 - [MESSAGE][PASSED] - ctdc.utilities.runtestcaseforKatalon.clickTab is PASSED

2021-07-14 17:29:24 - [TEST_STEP][PASSED] - waitForElementPresent(findTestObject("Object Repository/Canine/Filter/PrimDiseaseSite/BladderProstate_Chkbx"), 10): Object 'Object Repository/Canine/Filter/PrimDiseaseSite/BladderProstate_Chkbx' is present

2021-07-14 17:29:24 - [MESSAGE][PASSED] - Object 'Object Repository/Canine/Filter/PrimDiseaseSite/BladderProstate_Chkbx' is present

2021-07-14 17:29:24 - [TEST_STEP][PASSED] - ctdc.utilities.runtestcaseforKatalon.clickTab("Object Repository/Canine/Filter/PrimDiseaseSite/BladderProstate_Chkbx"): ctdc.utilities.runtestcaseforKatalon.clickTab is PASSED

2021-07-14 17:29:24 - [MESSAGE][PASSED] - ctdc.utilities.runtestcaseforKatalon.clickTab is PASSED

2021-07-14 17:29:25 - [TEST_STEP][PASSED] - waitForElementPresent(findTestObject("Object Repository/Canine/Filter/PrimDiseaseSite/BladderUrethra_Chkbx"), 10): Object 'Object Repository/Canine/Filter/PrimDiseaseSite/BladderUrethra_Chkbx' is present

2021-07-14 17:29:25 - [MESSAGE][PASSED] - Object 'Object Repository/Canine/Filter/PrimDiseaseSite/BladderUrethra_Chkbx' is present

2021-07-14 17:29:25 - [TEST_STEP][PASSED] - ctdc.utilities.runtestcaseforKatalon.clickTab("Object Repository/Canine/Filter/PrimDiseaseSite/BladderUrethra_Chkbx"): ctdc.utilities.runtestcaseforKatalon.clickTab is PASSED

2021-07-14 17:29:25 - [MESSAGE][PASSED] - ctdc.utilities.runtestcaseforKatalon.clickTab is PASSED

2021-07-14 17:29:25 - [TEST_STEP][PASSED] - waitForElementPresent(findTestObject("Object Repository/Canine/Filter/PrimDiseaseSite/BladderUrethraProstate_Chkbx"), 10): Object 'Object Repository/Canine/Filter/PrimDiseaseSite/BladderUrethraProstate_Chkbx' is present

2021-07-14 17:29:26 - [MESSAGE][PASSED] - Object 'Object Repository/Canine/Filter/PrimDiseaseSite/BladderUrethraProstate_Chkbx' is present

2021-07-14 17:29:26 - [TEST_STEP][PASSED] - ctdc.utilities.runtestcaseforKatalon.clickTab("Object Repository/Canine/Filter/PrimDiseaseSite/BladderUrethraProstate_Chkbx"): ctdc.utilities.runtestcaseforKatalon.clickTab is PASSED

2021-07-14 17:29:26 - [MESSAGE][PASSED] - ctdc.utilities.runtestcaseforKatalon.clickTab is PASSED

2021-07-14 17:29:26 - [TEST_STEP][PASSED] - waitForElementPresent(findTestObject("Object Repository/Canine/Filter/PrimDiseaseSite/UrethraProstate_Chkbx"), 10): Object 'Object Repository/Canine/Filter/PrimDiseaseSite/UrethraProstate_Chkbx' is present

2021-07-14 17:29:27 - [MESSAGE][PASSED] - Object 'Object Repository/Canine/Filter/PrimDiseaseSite/UrethraProstate_Chkbx' is present

2021-07-14 17:29:27 - [TEST_STEP][PASSED] - ctdc.utilities.runtestcaseforKatalon.clickTab("Object Repository/Canine/Filter/PrimDiseaseSite/UrethraProstate_Chkbx"): ctdc.utilities.runtestcaseforKatalon.clickTab is PASSED

2021-07-14 17:29:27 - [MESSAGE][PASSED] - ctdc.utilities.runtestcaseforKatalon.clickTab is PASSED

2021-07-14 17:29:27 - [TEST_STEP][PASSED] - ctdc.utilities.runtestcaseforKatalon.clickTab("Object Repository/Canine/Filter/PrimDiseaseSite/PRIMARYDISEASESITE_Ddn"): ctdc.utilities.runtestcaseforKatalon.clickTab is PASSED

2021-07-14 17:29:28 - [MESSAGE][PASSED] - ctdc.utilities.runtestcaseforKatalon.clickTab is PASSED

2021-07-14 17:29:28 - [TEST_STEP][PASSED] - waitForElementPresent(findTestObject("Object Repository/Canine/Filter/ResponseToTreatment/RESPONSETOTREATMENT_Ddn"), 10): Object 'Object Repository/Canine/Filter/ResponseToTreatment/RESPONSETOTREATMENT_Ddn' is present

2021-07-14 17:29:28 - [MESSAGE][PASSED] - Object 'Object Repository/Canine/Filter/ResponseToTreatment/RESPONSETOTREATMENT_Ddn' is present

2021-07-14 17:29:28 - [TEST_STEP][PASSED] - ctdc.utilities.runtestcaseforKatalon.clickTab("Object Repository/Canine/Filter/ResponseToTreatment/RESPONSETOTREATMENT_Ddn"): ctdc.utilities.runtestcaseforKatalon.clickTab is PASSED

2021-07-14 17:29:28 - [MESSAGE][PASSED] - ctdc.utilities.runtestcaseforKatalon.clickTab is PASSED

2021-07-14 17:29:28 - [TEST_STEP][PASSED] - waitForElementPresent(findTestObject("Object Repository/Canine/Filter/ResponseToTreatment/NotDetermined_Chkbx"), 10): Object 'Object Repository/Canine/Filter/ResponseToTreatment/NotDetermined_Chkbx' is present

2021-07-14 17:29:28 - [MESSAGE][PASSED] - Object 'Object Repository/Canine/Filter/ResponseToTreatment/NotDetermined_Chkbx' is present

2021-07-14 17:29:28 - [TEST_STEP][PASSED] - ctdc.utilities.runtestcaseforKatalon.clickTab("Object Repository/Canine/Filter/ResponseToTreatment/NotDetermined_Chkbx"): ctdc.utilities.runtestcaseforKatalon.clickTab is PASSED

2021-07-14 17:29:28 - [MESSAGE][PASSED] - ctdc.utilities.runtestcaseforKatalon.clickTab is PASSED

2021-07-14 17:29:28 - [TEST_STEP][PASSED] - waitForElementPresent(findTestObject("Object Repository/Canine/Filter/ResponseToTreatment/StableDisease_Chkbx"), 10): Object 'Object Repository/Canine/Filter/ResponseToTreatment/StableDisease_Chkbx' is present

2021-07-14 17:29:29 - [MESSAGE][PASSED] - Object 'Object Repository/Canine/Filter/ResponseToTreatment/StableDisease_Chkbx' is present

2021-07-14 17:29:29 - [TEST_STEP][PASSED] - ctdc.utilities.runtestcaseforKatalon.clickTab("Object Repository/Canine/Filter/ResponseToTreatment/StableDisease_Chkbx"): ctdc.utilities.runtestcaseforKatalon.clickTab is PASSED

2021-07-14 17:29:29 - [MESSAGE][PASSED] - ctdc.utilities.runtestcaseforKatalon.clickTab is PASSED

2021-07-14 17:29:29 - [TEST_STEP][PASSED] - ctdc.utilities.runtestcaseforKatalon.clickTab("Object Repository/Canine/Filter/ResponseToTreatment/RESPONSETOTREATMENT_Ddn"): ctdc.utilities.runtestcaseforKatalon.clickTab is PASSED

2021-07-14 17:29:30 - [MESSAGE][PASSED] - ctdc.utilities.runtestcaseforKatalon.clickTab is PASSED

2021-07-14 17:29:30 - [TEST_STEP][PASSED] - ctdc.utilities.runtestcaseforKatalon.readStatBarCanine("Object Repository/Canine/StatBar/Canine_StatBar-Studies", "Object Repository/Canine/StatBar/Canine_StatBar-Cases", "Object Repository/Canine/StatBar/Canine_StatBar-Samples", "Object Repository/Canine/StatBar/Canine_StatBar-Files", "Object Repository/Canine/StatBar/Canine_StatBar-Aliquots"): ctdc.utilities.runtestcaseforKatalon.readStatBarCanine is PASSED

2021-07-14 17:29:45 - [MESSAGE][PASSED] - ctdc.utilities.runtestcaseforKatalon.readStatBarCanine is PASSED

2021-07-14 17:29:45 - [TEST_STEP][PASSED] - waitForElementPresent(findTestObject("Object Repository/Canine/CanineResults_Cases_Tab"), 5): Object 'Object Repository/Canine/CanineResults_Cases_Tab' is present

2021-07-14 17:29:45 - [MESSAGE][PASSED] - Object 'Object Repository/Canine/CanineResults_Cases_Tab' is present

2021-07-14 17:29:45 - [TEST_STEP][PASSED] - ctdc.utilities.runtestcaseforKatalon.clickTab("Object Repository/Canine/CanineResults_Cases_Tab"): ctdc.utilities.runtestcaseforKatalon.clickTab is PASSED

2021-07-14 17:29:46 - [MESSAGE][PASSED] - ctdc.utilities.runtestcaseforKatalon.clickTab is PASSED

2021-07-14 17:29:46 - [TEST_STEP][ERROR] - ctdc.utilities.runtestcaseforKatalon.multiFunction("ICDC", G_StatBar_Cases, "Object Repository/Canine/Canine_CasesTable", "Object Repository/Canine/Canine_TableHeader", "Object Repository/Canine/Canine_CasesTabNextBtn", G_WebTabnameCases, G_CypherTabnameCases, G_QueryCasesTab): Index: 11, Size: 11

2021-07-14 17:30:02 - [MESSAGE][ERROR] - Index: 11, Size: 11]]></system-out>
         <system-err><![CDATA[2021-07-14 17:29:00 - [TEST_CASE][ERROR] - Test Cases/Canine_TestCases/StudyCombinations/Study-Combinations-UBC01/TC15_Canine_StudyUBC-Breed_Diagnosis_PrimDiseaseSite_RespToTreatmt: Test Cases/Canine_TestCases/StudyCombinations/Study-Combinations-UBC01/TC15_Canine_StudyUBC-Breed_Diagnosis_PrimDiseaseSite_RespToTreatmt FAILED.
Reason:
java.lang.IndexOutOfBoundsException: Index: 11, Size: 11
	at java_util_List$get$1.call(Unknown Source)
	at ctdc.utilities.runtestcaseforKatalon.compareTwoLists(runtestcaseforKatalon.groovy:849)
	at ctdc.utilities.runtestcaseforKatalon.compareLists(runtestcaseforKatalon.groovy:901)
	at ctdc.utilities.runtestcaseforKatalon.multiFunction(runtestcaseforKatalon.groovy:253)
	at ctdc.utilities.runtestcaseforKatalon.invokeMethod(runtestcaseforKatalon.groovy)
	at com.kms.katalon.core.main.CustomKeywordDelegatingMetaClass.invokeStaticMethod(CustomKeywordDelegatingMetaClass.java:50)
	at TC15_Canine_StudyUBC-Breed_Diagnosis_PrimDiseaseSite_RespToTreatmt.run(TC15_Canine_StudyUBC-Breed_Diagnosis_PrimDiseaseSite_RespToTreatmt:106)
	at com.kms.katalon.core.main.ScriptEngine.run(ScriptEngine.java:194)
	at com.kms.katalon.core.main.ScriptEngine.runScriptAsRawText(ScriptEngine.java:119)
	at com.kms.katalon.core.main.TestCaseExecutor.runScript(TestCaseExecutor.java:369)
	at com.kms.katalon.core.main.TestCaseExecutor.doExecute(TestCaseExecutor.java:360)
	at com.kms.katalon.core.main.TestCaseExecutor.processExecutionPhase(TestCaseExecutor.java:339)
	at com.kms.katalon.core.main.TestCaseExecutor.accessMainPhase(TestCaseExecutor.java:331)
	at com.kms.katalon.core.main.TestCaseExecutor.execute(TestCaseExecutor.java:248)
	at com.kms.katalon.core.main.TestSuiteExecutor.accessTestCaseMainPhase(TestSuiteExecutor.java:191)
	at com.kms.katalon.core.main.TestSuiteExecutor.accessTestSuiteMainPhase(TestSuiteExecutor.java:140)
	at com.kms.katalon.core.main.TestSuiteExecutor.execute(TestSuiteExecutor.java:89)
	at com.kms.katalon.core.main.TestCaseMain.startTestSuite(TestCaseMain.java:185)
	at com.kms.katalon.core.main.TestCaseMain$startTestSuite$0.call(Unknown Source)
	at TempTestSuite1626296935818.run(TempTestSuite1626296935818.groovy:39)]]></system-err>
      </testcase>
      <testcase name="Test Cases/Canine_TestCases/StudyCombinations/Study-Combinations-UBC01/TC16_Canine_StudyUBC-Breed_Diagnosis_PrimDiseaseSite_RespToTreatmt" time="62.353" classname="Test Cases/Canine_TestCases/StudyCombinations/Study-Combinations-UBC01/TC16_Canine_StudyUBC-Breed_Diagnosis_PrimDiseaseSite_RespToTreatmt" status="ERROR">
         <error type="ERROR" message="Test Cases/Canine_TestCases/StudyCombinations/Study-Combinations-UBC01/TC16_Canine_StudyUBC-Breed_Diagnosis_PrimDiseaseSite_RespToTreatmt FAILED.
Reason:
java.lang.IndexOutOfBoundsException: Index: 11, Size: 11
	at java_util_List$get$1.call(Unknown Source)
	at ctdc.utilities.runtestcaseforKatalon.compareTwoLists(runtestcaseforKatalon.groovy:849)
	at ctdc.utilities.runtestcaseforKatalon.compareLists(runtestcaseforKatalon.groovy:901)
	at ctdc.utilities.runtestcaseforKatalon.multiFunction(runtestcaseforKatalon.groovy:253)
	at ctdc.utilities.runtestcaseforKatalon.invokeMethod(runtestcaseforKatalon.groovy)
	at com.kms.katalon.core.main.CustomKeywordDelegatingMetaClass.invokeStaticMethod(CustomKeywordDelegatingMetaClass.java:50)
	at TC16_Canine_StudyUBC-Breed_Diagnosis_PrimDiseaseSite_RespToTreatmt.run(TC16_Canine_StudyUBC-Breed_Diagnosis_PrimDiseaseSite_RespToTreatmt:105)
	at com.kms.katalon.core.main.ScriptEngine.run(ScriptEngine.java:194)
	at com.kms.katalon.core.main.ScriptEngine.runScriptAsRawText(ScriptEngine.java:119)
	at com.kms.katalon.core.main.TestCaseExecutor.runScript(TestCaseExecutor.java:369)
	at com.kms.katalon.core.main.TestCaseExecutor.doExecute(TestCaseExecutor.java:360)
	at com.kms.katalon.core.main.TestCaseExecutor.processExecutionPhase(TestCaseExecutor.java:339)
	at com.kms.katalon.core.main.TestCaseExecutor.accessMainPhase(TestCaseExecutor.java:331)
	at com.kms.katalon.core.main.TestCaseExecutor.execute(TestCaseExecutor.java:248)
	at com.kms.katalon.core.main.TestSuiteExecutor.accessTestCaseMainPhase(TestSuiteExecutor.java:191)
	at com.kms.katalon.core.main.TestSuiteExecutor.accessTestSuiteMainPhase(TestSuiteExecutor.java:140)
	at com.kms.katalon.core.main.TestSuiteExecutor.execute(TestSuiteExecutor.java:89)
	at com.kms.katalon.core.main.TestCaseMain.startTestSuite(TestCaseMain.java:185)
	at com.kms.katalon.core.main.TestCaseMain$startTestSuite$0.call(Unknown Source)
	at TempTestSuite1626296935818.run(TempTestSuite1626296935818.groovy:39)
"/>
         <system-out><![CDATA[2021-07-14 17:30:02 - [TEST_CASE][ERROR] - Test Cases/Canine_TestCases/StudyCombinations/Study-Combinations-UBC01/TC16_Canine_StudyUBC-Breed_Diagnosis_PrimDiseaseSite_RespToTreatmt: Test Cases/Canine_TestCases/StudyCombinations/Study-Combinations-UBC01/TC16_Canine_StudyUBC-Breed_Diagnosis_PrimDiseaseSite_RespToTreatmt FAILED.
Reason:
java.lang.IndexOutOfBoundsException: Index: 11, Size: 11
	at java_util_List$get$1.call(Unknown Source)
	at ctdc.utilities.runtestcaseforKatalon.compareTwoLists(runtestcaseforKatalon.groovy:849)
	at ctdc.utilities.runtestcaseforKatalon.compareLists(runtestcaseforKatalon.groovy:901)
	at ctdc.utilities.runtestcaseforKatalon.multiFunction(runtestcaseforKatalon.groovy:253)
	at ctdc.utilities.runtestcaseforKatalon.invokeMethod(runtestcaseforKatalon.groovy)
	at com.kms.katalon.core.main.CustomKeywordDelegatingMetaClass.invokeStaticMethod(CustomKeywordDelegatingMetaClass.java:50)
	at TC16_Canine_StudyUBC-Breed_Diagnosis_PrimDiseaseSite_RespToTreatmt.run(TC16_Canine_StudyUBC-Breed_Diagnosis_PrimDiseaseSite_RespToTreatmt:105)
	at com.kms.katalon.core.main.ScriptEngine.run(ScriptEngine.java:194)
	at com.kms.katalon.core.main.ScriptEngine.runScriptAsRawText(ScriptEngine.java:119)
	at com.kms.katalon.core.main.TestCaseExecutor.runScript(TestCaseExecutor.java:369)
	at com.kms.katalon.core.main.TestCaseExecutor.doExecute(TestCaseExecutor.java:360)
	at com.kms.katalon.core.main.TestCaseExecutor.processExecutionPhase(TestCaseExecutor.java:339)
	at com.kms.katalon.core.main.TestCaseExecutor.accessMainPhase(TestCaseExecutor.java:331)
	at com.kms.katalon.core.main.TestCaseExecutor.execute(TestCaseExecutor.java:248)
	at com.kms.katalon.core.main.TestSuiteExecutor.accessTestCaseMainPhase(TestSuiteExecutor.java:191)
	at com.kms.katalon.core.main.TestSuiteExecutor.accessTestSuiteMainPhase(TestSuiteExecutor.java:140)
	at com.kms.katalon.core.main.TestSuiteExecutor.execute(TestSuiteExecutor.java:89)
	at com.kms.katalon.core.main.TestCaseMain.startTestSuite(TestCaseMain.java:185)
	at com.kms.katalon.core.main.TestCaseMain$startTestSuite$0.call(Unknown Source)
	at TempTestSuite1626296935818.run(TempTestSuite1626296935818.groovy:39)


2021-07-14 17:30:02 - [TEST_STEP][PASSED] - Start listener action : getTestScriptName: null

2021-07-14 17:30:02 - [TEST_STEP][PASSED] - TestCaseId = testCaseContext.getTestCaseId(): null

2021-07-14 17:30:02 - [TEST_STEP][PASSED] - out.println("**********this is the value of test case id string******** " + testCaseContext.getTestCaseId()): null

2021-07-14 17:30:02 - [TEST_STEP][PASSED] - G_currentTCName = TestCaseId.substring(TestCaseId.lastIndexOf("TC")): null

2021-07-14 17:30:02 - [TEST_STEP][PASSED] - out.println("This is the test case name : " + G_currentTCName): null

2021-07-14 17:30:03 - [TEST_STEP][PASSED] - closeBrowser(): Browser is closed

2021-07-14 17:30:03 - [MESSAGE][PASSED] - Browser is closed

2021-07-14 17:30:03 - [TEST_STEP][PASSED] - openBrowser(""): Browser is opened with url: ''

2021-07-14 17:30:04 - [MESSAGE][INFO] - Starting 'Chrome (headless)' driver

2021-07-14 17:30:04 - [MESSAGE][INFO] - User set preference: ['args', '[--no-sandbox]']

2021-07-14 17:30:04 - [MESSAGE][INFO] - Action delay is set to 0 milliseconds

2021-07-14 17:30:05 - [MESSAGE][PASSED] - Browser is opened with url: ''

2021-07-14 17:30:05 - [TEST_STEP][PASSED] - maximizeWindow(): Current window maximized

2021-07-14 17:30:05 - [MESSAGE][PASSED] - Current window maximized

2021-07-14 17:30:05 - [TEST_STEP][PASSED] - "Driver opened by Katalon is used in Selenium from this step.": null

2021-07-14 17:30:05 - [TEST_STEP][PASSED] - ctdc.utilities.runtestcaseforKatalon.RunKatalon("TC16_Canine_StudyUBC-Breed_Diagnosis_PrimDiseaseSite_RespToTreatmt.xlsx"): Data loaded from input file for the test case. 

2021-07-14 17:30:05 - [MESSAGE][PASSED] - Test case file loaded This is the full filepath after converting to string :C:\Automation_master\InputFiles\TC16_Canine_StudyUBC-Breed_Diagnosis_PrimDiseaseSite_RespToTreatmt.xlsx

2021-07-14 17:30:05 - [MESSAGE][INFO] - Global variable set for password file is :  C:\Automation_master\InputFiles\TC16_Canine_StudyUBC-Breed_Diagnosis_PrimDiseaseSite_RespToTreatmt.xlsx

2021-07-14 17:30:09 - [MESSAGE][PASSED] - Data loaded from input file for the test case. 

2021-07-14 17:30:16 - [TEST_STEP][PASSED] - waitForElementPresent(findTestObject("Canine/NavBar/Canine_Cases_Btn"), 10): Object 'Object Repository/Canine/NavBar/Canine_Cases_Btn' is present

2021-07-14 17:30:16 - [MESSAGE][PASSED] - Object 'Object Repository/Canine/NavBar/Canine_Cases_Btn' is present

2021-07-14 17:30:16 - [TEST_STEP][PASSED] - ctdc.utilities.runtestcaseforKatalon.clickTab("Canine/NavBar/Canine_Cases_Btn"): ctdc.utilities.runtestcaseforKatalon.clickTab is PASSED

2021-07-14 17:30:16 - [MESSAGE][PASSED] - ctdc.utilities.runtestcaseforKatalon.clickTab is PASSED

2021-07-14 17:30:16 - [TEST_STEP][PASSED] - waitForElementPresent(findTestObject("Object Repository/Canine/Filter/FilterByCases_Facet"), 10): Object 'Object Repository/Canine/Filter/FilterByCases_Facet' is present

2021-07-14 17:30:17 - [MESSAGE][PASSED] - Object 'Object Repository/Canine/Filter/FilterByCases_Facet' is present

2021-07-14 17:30:17 - [TEST_STEP][PASSED] - ctdc.utilities.runtestcaseforKatalon.clickTab("Object Repository/Canine/Filter/FilterByCases_Facet"): ctdc.utilities.runtestcaseforKatalon.clickTab is PASSED

2021-07-14 17:30:17 - [MESSAGE][PASSED] - ctdc.utilities.runtestcaseforKatalon.clickTab is PASSED

2021-07-14 17:30:17 - [TEST_STEP][PASSED] - waitForElementPresent(findTestObject("Object Repository/Canine/Filter/Study/Canine_Filter_Study"), 10): Object 'Object Repository/Canine/Filter/Study/Canine_Filter_Study' is present

2021-07-14 17:30:18 - [MESSAGE][PASSED] - Object 'Object Repository/Canine/Filter/Study/Canine_Filter_Study' is present

2021-07-14 17:30:18 - [TEST_STEP][PASSED] - ctdc.utilities.runtestcaseforKatalon.clickTab("Object Repository/Canine/Filter/Study/Canine_Filter_Study"): ctdc.utilities.runtestcaseforKatalon.clickTab is PASSED

2021-07-14 17:30:18 - [MESSAGE][PASSED] - ctdc.utilities.runtestcaseforKatalon.clickTab is PASSED

2021-07-14 17:30:18 - [TEST_STEP][PASSED] - waitForElementPresent(findTestObject("Object Repository/Canine/Filter/Study/Canine_Filter_Study-UBC_Chkbx"), 10): Object 'Object Repository/Canine/Filter/Study/Canine_Filter_Study-UBC_Chkbx' is present

2021-07-14 17:30:19 - [MESSAGE][PASSED] - Object 'Object Repository/Canine/Filter/Study/Canine_Filter_Study-UBC_Chkbx' is present

2021-07-14 17:30:19 - [TEST_STEP][PASSED] - ctdc.utilities.runtestcaseforKatalon.clickTab("Object Repository/Canine/Filter/Study/Canine_Filter_Study-UBC_Chkbx"): ctdc.utilities.runtestcaseforKatalon.clickTab is PASSED

2021-07-14 17:30:19 - [MESSAGE][PASSED] - ctdc.utilities.runtestcaseforKatalon.clickTab is PASSED

2021-07-14 17:30:19 - [TEST_STEP][PASSED] - Thread.sleep(2000): null

2021-07-14 17:30:21 - [TEST_STEP][PASSED] - waitForElementPresent(findTestObject("Object Repository/Canine/Filter/Breed/BREED_Ddn"), 10): Object 'Object Repository/Canine/Filter/Breed/BREED_Ddn' is present

2021-07-14 17:30:21 - [MESSAGE][PASSED] - Object 'Object Repository/Canine/Filter/Breed/BREED_Ddn' is present

2021-07-14 17:30:21 - [TEST_STEP][PASSED] - ctdc.utilities.runtestcaseforKatalon.clickTab("Object Repository/Canine/Filter/Breed/BREED_Ddn"): ctdc.utilities.runtestcaseforKatalon.clickTab is PASSED

2021-07-14 17:30:21 - [MESSAGE][PASSED] - ctdc.utilities.runtestcaseforKatalon.clickTab is PASSED

2021-07-14 17:30:21 - [TEST_STEP][PASSED] - waitForElementPresent(findTestObject("Object Repository/Canine/Filter/Breed/BelgMalin_Chkbx"), 10): Object 'Object Repository/Canine/Filter/Breed/BelgMalin_Chkbx' is present

2021-07-14 17:30:21 - [MESSAGE][PASSED] - Object 'Object Repository/Canine/Filter/Breed/BelgMalin_Chkbx' is present

2021-07-14 17:30:21 - [TEST_STEP][PASSED] - ctdc.utilities.runtestcaseforKatalon.clickTab("Object Repository/Canine/Filter/Breed/BelgMalin_Chkbx"): ctdc.utilities.runtestcaseforKatalon.clickTab is PASSED

2021-07-14 17:30:22 - [MESSAGE][PASSED] - ctdc.utilities.runtestcaseforKatalon.clickTab is PASSED

2021-07-14 17:30:22 - [TEST_STEP][PASSED] - waitForElementPresent(findTestObject("Object Repository/Canine/Filter/Breed/Labrador_Chkbx"), 10): Object 'Object Repository/Canine/Filter/Breed/Labrador_Chkbx' is present

2021-07-14 17:30:22 - [MESSAGE][PASSED] - Object 'Object Repository/Canine/Filter/Breed/Labrador_Chkbx' is present

2021-07-14 17:30:22 - [TEST_STEP][PASSED] - ctdc.utilities.runtestcaseforKatalon.clickTab("Object Repository/Canine/Filter/Breed/Labrador_Chkbx"): ctdc.utilities.runtestcaseforKatalon.clickTab is PASSED

2021-07-14 17:30:22 - [MESSAGE][PASSED] - ctdc.utilities.runtestcaseforKatalon.clickTab is PASSED

2021-07-14 17:30:22 - [TEST_STEP][PASSED] - waitForElementPresent(findTestObject("Object Repository/Canine/Filter/Breed/WestHland_Chkbx"), 10): Object 'Object Repository/Canine/Filter/Breed/WestHland_Chkbx' is present

2021-07-14 17:30:23 - [MESSAGE][PASSED] - Object 'Object Repository/Canine/Filter/Breed/WestHland_Chkbx' is present

2021-07-14 17:30:23 - [TEST_STEP][PASSED] - ctdc.utilities.runtestcaseforKatalon.clickTab("Object Repository/Canine/Filter/Breed/WestHland_Chkbx"): ctdc.utilities.runtestcaseforKatalon.clickTab is PASSED

2021-07-14 17:30:23 - [MESSAGE][PASSED] - ctdc.utilities.runtestcaseforKatalon.clickTab is PASSED

2021-07-14 17:30:23 - [TEST_STEP][PASSED] - ctdc.utilities.runtestcaseforKatalon.clickTab("Object Repository/Canine/Filter/Breed/BREED_Ddn"): ctdc.utilities.runtestcaseforKatalon.clickTab is PASSED

2021-07-14 17:30:24 - [MESSAGE][PASSED] - ctdc.utilities.runtestcaseforKatalon.clickTab is PASSED

2021-07-14 17:30:24 - [TEST_STEP][PASSED] - waitForElementPresent(findTestObject("Object Repository/Canine/Filter/Diagnosis/DIAGNOSIS_Ddn"), 10): Object 'Object Repository/Canine/Filter/Diagnosis/DIAGNOSIS_Ddn' is present

2021-07-14 17:30:24 - [MESSAGE][PASSED] - Object 'Object Repository/Canine/Filter/Diagnosis/DIAGNOSIS_Ddn' is present

2021-07-14 17:30:24 - [TEST_STEP][PASSED] - ctdc.utilities.runtestcaseforKatalon.clickTab("Object Repository/Canine/Filter/Diagnosis/DIAGNOSIS_Ddn"): ctdc.utilities.runtestcaseforKatalon.clickTab is PASSED

2021-07-14 17:30:24 - [MESSAGE][PASSED] - ctdc.utilities.runtestcaseforKatalon.clickTab is PASSED

2021-07-14 17:30:24 - [TEST_STEP][PASSED] - waitForElementPresent(findTestObject("Object Repository/Canine/Filter/Diagnosis/BladderCancer_Chkbx"), 10): Object 'Object Repository/Canine/Filter/Diagnosis/BladderCancer_Chkbx' is present

2021-07-14 17:30:25 - [MESSAGE][PASSED] - Object 'Object Repository/Canine/Filter/Diagnosis/BladderCancer_Chkbx' is present

2021-07-14 17:30:25 - [TEST_STEP][PASSED] - ctdc.utilities.runtestcaseforKatalon.clickTab("Object Repository/Canine/Filter/Diagnosis/BladderCancer_Chkbx"): ctdc.utilities.runtestcaseforKatalon.clickTab is PASSED

2021-07-14 17:30:25 - [MESSAGE][PASSED] - ctdc.utilities.runtestcaseforKatalon.clickTab is PASSED

2021-07-14 17:30:25 - [TEST_STEP][PASSED] - ctdc.utilities.runtestcaseforKatalon.clickTab("Object Repository/Canine/Filter/Diagnosis/DIAGNOSIS_Ddn"): ctdc.utilities.runtestcaseforKatalon.clickTab is PASSED

2021-07-14 17:30:25 - [MESSAGE][PASSED] - ctdc.utilities.runtestcaseforKatalon.clickTab is PASSED

2021-07-14 17:30:25 - [TEST_STEP][PASSED] - waitForElementPresent(findTestObject("Object Repository/Canine/Filter/PrimDiseaseSite/PRIMARYDISEASESITE_Ddn"), 10): Object 'Object Repository/Canine/Filter/PrimDiseaseSite/PRIMARYDISEASESITE_Ddn' is present

2021-07-14 17:30:26 - [MESSAGE][PASSED] - Object 'Object Repository/Canine/Filter/PrimDiseaseSite/PRIMARYDISEASESITE_Ddn' is present

2021-07-14 17:30:26 - [TEST_STEP][PASSED] - ctdc.utilities.runtestcaseforKatalon.clickTab("Object Repository/Canine/Filter/PrimDiseaseSite/PRIMARYDISEASESITE_Ddn"): ctdc.utilities.runtestcaseforKatalon.clickTab is PASSED

2021-07-14 17:30:26 - [MESSAGE][PASSED] - ctdc.utilities.runtestcaseforKatalon.clickTab is PASSED

2021-07-14 17:30:26 - [TEST_STEP][PASSED] - waitForElementPresent(findTestObject("Object Repository/Canine/Filter/PrimDiseaseSite/BladderProstate_Chkbx"), 10): Object 'Object Repository/Canine/Filter/PrimDiseaseSite/BladderProstate_Chkbx' is present

2021-07-14 17:30:26 - [MESSAGE][PASSED] - Object 'Object Repository/Canine/Filter/PrimDiseaseSite/BladderProstate_Chkbx' is present

2021-07-14 17:30:26 - [TEST_STEP][PASSED] - ctdc.utilities.runtestcaseforKatalon.clickTab("Object Repository/Canine/Filter/PrimDiseaseSite/BladderProstate_Chkbx"): ctdc.utilities.runtestcaseforKatalon.clickTab is PASSED

2021-07-14 17:30:26 - [MESSAGE][PASSED] - ctdc.utilities.runtestcaseforKatalon.clickTab is PASSED

2021-07-14 17:30:26 - [TEST_STEP][PASSED] - waitForElementPresent(findTestObject("Object Repository/Canine/Filter/PrimDiseaseSite/BladderUrethra_Chkbx"), 10): Object 'Object Repository/Canine/Filter/PrimDiseaseSite/BladderUrethra_Chkbx' is present

2021-07-14 17:30:27 - [MESSAGE][PASSED] - Object 'Object Repository/Canine/Filter/PrimDiseaseSite/BladderUrethra_Chkbx' is present

2021-07-14 17:30:27 - [TEST_STEP][PASSED] - ctdc.utilities.runtestcaseforKatalon.clickTab("Object Repository/Canine/Filter/PrimDiseaseSite/BladderUrethra_Chkbx"): ctdc.utilities.runtestcaseforKatalon.clickTab is PASSED

2021-07-14 17:30:27 - [MESSAGE][PASSED] - ctdc.utilities.runtestcaseforKatalon.clickTab is PASSED

2021-07-14 17:30:27 - [TEST_STEP][PASSED] - waitForElementPresent(findTestObject("Object Repository/Canine/Filter/PrimDiseaseSite/BladderUrethraProstate_Chkbx"), 10): Object 'Object Repository/Canine/Filter/PrimDiseaseSite/BladderUrethraProstate_Chkbx' is present

2021-07-14 17:30:28 - [MESSAGE][PASSED] - Object 'Object Repository/Canine/Filter/PrimDiseaseSite/BladderUrethraProstate_Chkbx' is present

2021-07-14 17:30:28 - [TEST_STEP][PASSED] - ctdc.utilities.runtestcaseforKatalon.clickTab("Object Repository/Canine/Filter/PrimDiseaseSite/BladderUrethraProstate_Chkbx"): ctdc.utilities.runtestcaseforKatalon.clickTab is PASSED

2021-07-14 17:30:28 - [MESSAGE][PASSED] - ctdc.utilities.runtestcaseforKatalon.clickTab is PASSED

2021-07-14 17:30:28 - [TEST_STEP][PASSED] - waitForElementPresent(findTestObject("Object Repository/Canine/Filter/PrimDiseaseSite/UrethraProstate_Chkbx"), 10): Object 'Object Repository/Canine/Filter/PrimDiseaseSite/UrethraProstate_Chkbx' is present

2021-07-14 17:30:29 - [MESSAGE][PASSED] - Object 'Object Repository/Canine/Filter/PrimDiseaseSite/UrethraProstate_Chkbx' is present

2021-07-14 17:30:29 - [TEST_STEP][PASSED] - ctdc.utilities.runtestcaseforKatalon.clickTab("Object Repository/Canine/Filter/PrimDiseaseSite/UrethraProstate_Chkbx"): ctdc.utilities.runtestcaseforKatalon.clickTab is PASSED

2021-07-14 17:30:29 - [MESSAGE][PASSED] - ctdc.utilities.runtestcaseforKatalon.clickTab is PASSED

2021-07-14 17:30:29 - [TEST_STEP][PASSED] - ctdc.utilities.runtestcaseforKatalon.clickTab("Object Repository/Canine/Filter/PrimDiseaseSite/PRIMARYDISEASESITE_Ddn"): ctdc.utilities.runtestcaseforKatalon.clickTab is PASSED

2021-07-14 17:30:29 - [MESSAGE][PASSED] - ctdc.utilities.runtestcaseforKatalon.clickTab is PASSED

2021-07-14 17:30:29 - [TEST_STEP][PASSED] - waitForElementPresent(findTestObject("Object Repository/Canine/Filter/ResponseToTreatment/RESPONSETOTREATMENT_Ddn"), 10): Object 'Object Repository/Canine/Filter/ResponseToTreatment/RESPONSETOTREATMENT_Ddn' is present

2021-07-14 17:30:30 - [MESSAGE][PASSED] - Object 'Object Repository/Canine/Filter/ResponseToTreatment/RESPONSETOTREATMENT_Ddn' is present

2021-07-14 17:30:30 - [TEST_STEP][PASSED] - ctdc.utilities.runtestcaseforKatalon.clickTab("Object Repository/Canine/Filter/ResponseToTreatment/RESPONSETOTREATMENT_Ddn"): ctdc.utilities.runtestcaseforKatalon.clickTab is PASSED

2021-07-14 17:30:30 - [MESSAGE][PASSED] - ctdc.utilities.runtestcaseforKatalon.clickTab is PASSED

2021-07-14 17:30:30 - [TEST_STEP][PASSED] - waitForElementPresent(findTestObject("Object Repository/Canine/Filter/ResponseToTreatment/PartialResponse_Chkbx"), 10): Object 'Object Repository/Canine/Filter/ResponseToTreatment/PartialResponse_Chkbx' is present

2021-07-14 17:30:30 - [MESSAGE][PASSED] - Object 'Object Repository/Canine/Filter/ResponseToTreatment/PartialResponse_Chkbx' is present

2021-07-14 17:30:30 - [TEST_STEP][PASSED] - ctdc.utilities.runtestcaseforKatalon.clickTab("Object Repository/Canine/Filter/ResponseToTreatment/PartialResponse_Chkbx"): ctdc.utilities.runtestcaseforKatalon.clickTab is PASSED

2021-07-14 17:30:30 - [MESSAGE][PASSED] - ctdc.utilities.runtestcaseforKatalon.clickTab is PASSED

2021-07-14 17:30:30 - [TEST_STEP][PASSED] - waitForElementPresent(findTestObject("Object Repository/Canine/Filter/ResponseToTreatment/ProgrDisease_Chkbx"), 10): Object 'Object Repository/Canine/Filter/ResponseToTreatment/ProgrDisease_Chkbx' is present

2021-07-14 17:30:31 - [MESSAGE][PASSED] - Object 'Object Repository/Canine/Filter/ResponseToTreatment/ProgrDisease_Chkbx' is present

2021-07-14 17:30:31 - [TEST_STEP][PASSED] - ctdc.utilities.runtestcaseforKatalon.clickTab("Object Repository/Canine/Filter/ResponseToTreatment/ProgrDisease_Chkbx"): ctdc.utilities.runtestcaseforKatalon.clickTab is PASSED

2021-07-14 17:30:31 - [MESSAGE][PASSED] - ctdc.utilities.runtestcaseforKatalon.clickTab is PASSED

2021-07-14 17:30:31 - [TEST_STEP][PASSED] - ctdc.utilities.runtestcaseforKatalon.clickTab("Object Repository/Canine/Filter/ResponseToTreatment/RESPONSETOTREATMENT_Ddn"): ctdc.utilities.runtestcaseforKatalon.clickTab is PASSED

2021-07-14 17:30:31 - [MESSAGE][PASSED] - ctdc.utilities.runtestcaseforKatalon.clickTab is PASSED

2021-07-14 17:30:31 - [TEST_STEP][PASSED] - ctdc.utilities.runtestcaseforKatalon.readStatBarCanine("Object Repository/Canine/StatBar/Canine_StatBar-Studies", "Object Repository/Canine/StatBar/Canine_StatBar-Cases", "Object Repository/Canine/StatBar/Canine_StatBar-Samples", "Object Repository/Canine/StatBar/Canine_StatBar-Files", "Object Repository/Canine/StatBar/Canine_StatBar-Aliquots"): ctdc.utilities.runtestcaseforKatalon.readStatBarCanine is PASSED

2021-07-14 17:30:47 - [MESSAGE][PASSED] - ctdc.utilities.runtestcaseforKatalon.readStatBarCanine is PASSED

2021-07-14 17:30:47 - [TEST_STEP][PASSED] - waitForElementPresent(findTestObject("Object Repository/Canine/CanineResults_Cases_Tab"), 5): Object 'Object Repository/Canine/CanineResults_Cases_Tab' is present

2021-07-14 17:30:47 - [MESSAGE][PASSED] - Object 'Object Repository/Canine/CanineResults_Cases_Tab' is present

2021-07-14 17:30:47 - [TEST_STEP][PASSED] - ctdc.utilities.runtestcaseforKatalon.clickTab("Object Repository/Canine/CanineResults_Cases_Tab"): ctdc.utilities.runtestcaseforKatalon.clickTab is PASSED

2021-07-14 17:30:47 - [MESSAGE][PASSED] - ctdc.utilities.runtestcaseforKatalon.clickTab is PASSED

2021-07-14 17:30:47 - [TEST_STEP][ERROR] - ctdc.utilities.runtestcaseforKatalon.multiFunction("ICDC", G_StatBar_Cases, "Object Repository/Canine/Canine_CasesTable", "Object Repository/Canine/Canine_TableHeader", "Object Repository/Canine/Canine_CasesTabNextBtn", G_WebTabnameCases, G_CypherTabnameCases, G_QueryCasesTab): Index: 11, Size: 11

2021-07-14 17:31:04 - [MESSAGE][ERROR] - Index: 11, Size: 11]]></system-out>
         <system-err><![CDATA[2021-07-14 17:30:02 - [TEST_CASE][ERROR] - Test Cases/Canine_TestCases/StudyCombinations/Study-Combinations-UBC01/TC16_Canine_StudyUBC-Breed_Diagnosis_PrimDiseaseSite_RespToTreatmt: Test Cases/Canine_TestCases/StudyCombinations/Study-Combinations-UBC01/TC16_Canine_StudyUBC-Breed_Diagnosis_PrimDiseaseSite_RespToTreatmt FAILED.
Reason:
java.lang.IndexOutOfBoundsException: Index: 11, Size: 11
	at java_util_List$get$1.call(Unknown Source)
	at ctdc.utilities.runtestcaseforKatalon.compareTwoLists(runtestcaseforKatalon.groovy:849)
	at ctdc.utilities.runtestcaseforKatalon.compareLists(runtestcaseforKatalon.groovy:901)
	at ctdc.utilities.runtestcaseforKatalon.multiFunction(runtestcaseforKatalon.groovy:253)
	at ctdc.utilities.runtestcaseforKatalon.invokeMethod(runtestcaseforKatalon.groovy)
	at com.kms.katalon.core.main.CustomKeywordDelegatingMetaClass.invokeStaticMethod(CustomKeywordDelegatingMetaClass.java:50)
	at TC16_Canine_StudyUBC-Breed_Diagnosis_PrimDiseaseSite_RespToTreatmt.run(TC16_Canine_StudyUBC-Breed_Diagnosis_PrimDiseaseSite_RespToTreatmt:105)
	at com.kms.katalon.core.main.ScriptEngine.run(ScriptEngine.java:194)
	at com.kms.katalon.core.main.ScriptEngine.runScriptAsRawText(ScriptEngine.java:119)
	at com.kms.katalon.core.main.TestCaseExecutor.runScript(TestCaseExecutor.java:369)
	at com.kms.katalon.core.main.TestCaseExecutor.doExecute(TestCaseExecutor.java:360)
	at com.kms.katalon.core.main.TestCaseExecutor.processExecutionPhase(TestCaseExecutor.java:339)
	at com.kms.katalon.core.main.TestCaseExecutor.accessMainPhase(TestCaseExecutor.java:331)
	at com.kms.katalon.core.main.TestCaseExecutor.execute(TestCaseExecutor.java:248)
	at com.kms.katalon.core.main.TestSuiteExecutor.accessTestCaseMainPhase(TestSuiteExecutor.java:191)
	at com.kms.katalon.core.main.TestSuiteExecutor.accessTestSuiteMainPhase(TestSuiteExecutor.java:140)
	at com.kms.katalon.core.main.TestSuiteExecutor.execute(TestSuiteExecutor.java:89)
	at com.kms.katalon.core.main.TestCaseMain.startTestSuite(TestCaseMain.java:185)
	at com.kms.katalon.core.main.TestCaseMain$startTestSuite$0.call(Unknown Source)
	at TempTestSuite1626296935818.run(TempTestSuite1626296935818.groovy:39)]]></system-err>
      </testcase>
      <testcase name="Test Cases/Canine_TestCases/StudyCombinations/Study-Combinations-UBC01/TC17_Canine_StudyUBC-Breed_Diagnosis_PrimDiseaseSite_RespToTreatmt" time="61.199" classname="Test Cases/Canine_TestCases/StudyCombinations/Study-Combinations-UBC01/TC17_Canine_StudyUBC-Breed_Diagnosis_PrimDiseaseSite_RespToTreatmt" status="ERROR">
         <error type="ERROR" message="Test Cases/Canine_TestCases/StudyCombinations/Study-Combinations-UBC01/TC17_Canine_StudyUBC-Breed_Diagnosis_PrimDiseaseSite_RespToTreatmt FAILED.
Reason:
java.lang.IndexOutOfBoundsException: Index: 11, Size: 11
	at java_util_List$get$1.call(Unknown Source)
	at ctdc.utilities.runtestcaseforKatalon.compareTwoLists(runtestcaseforKatalon.groovy:849)
	at ctdc.utilities.runtestcaseforKatalon.compareLists(runtestcaseforKatalon.groovy:901)
	at ctdc.utilities.runtestcaseforKatalon.multiFunction(runtestcaseforKatalon.groovy:253)
	at ctdc.utilities.runtestcaseforKatalon.invokeMethod(runtestcaseforKatalon.groovy)
	at com.kms.katalon.core.main.CustomKeywordDelegatingMetaClass.invokeStaticMethod(CustomKeywordDelegatingMetaClass.java:50)
	at TC17_Canine_StudyUBC-Breed_Diagnosis_PrimDiseaseSite_RespToTreatmt.run(TC17_Canine_StudyUBC-Breed_Diagnosis_PrimDiseaseSite_RespToTreatmt:105)
	at com.kms.katalon.core.main.ScriptEngine.run(ScriptEngine.java:194)
	at com.kms.katalon.core.main.ScriptEngine.runScriptAsRawText(ScriptEngine.java:119)
	at com.kms.katalon.core.main.TestCaseExecutor.runScript(TestCaseExecutor.java:369)
	at com.kms.katalon.core.main.TestCaseExecutor.doExecute(TestCaseExecutor.java:360)
	at com.kms.katalon.core.main.TestCaseExecutor.processExecutionPhase(TestCaseExecutor.java:339)
	at com.kms.katalon.core.main.TestCaseExecutor.accessMainPhase(TestCaseExecutor.java:331)
	at com.kms.katalon.core.main.TestCaseExecutor.execute(TestCaseExecutor.java:248)
	at com.kms.katalon.core.main.TestSuiteExecutor.accessTestCaseMainPhase(TestSuiteExecutor.java:191)
	at com.kms.katalon.core.main.TestSuiteExecutor.accessTestSuiteMainPhase(TestSuiteExecutor.java:140)
	at com.kms.katalon.core.main.TestSuiteExecutor.execute(TestSuiteExecutor.java:89)
	at com.kms.katalon.core.main.TestCaseMain.startTestSuite(TestCaseMain.java:185)
	at com.kms.katalon.core.main.TestCaseMain$startTestSuite$0.call(Unknown Source)
	at TempTestSuite1626296935818.run(TempTestSuite1626296935818.groovy:39)
"/>
         <system-out><![CDATA[2021-07-14 17:31:04 - [TEST_CASE][ERROR] - Test Cases/Canine_TestCases/StudyCombinations/Study-Combinations-UBC01/TC17_Canine_StudyUBC-Breed_Diagnosis_PrimDiseaseSite_RespToTreatmt: Test Cases/Canine_TestCases/StudyCombinations/Study-Combinations-UBC01/TC17_Canine_StudyUBC-Breed_Diagnosis_PrimDiseaseSite_RespToTreatmt FAILED.
Reason:
java.lang.IndexOutOfBoundsException: Index: 11, Size: 11
	at java_util_List$get$1.call(Unknown Source)
	at ctdc.utilities.runtestcaseforKatalon.compareTwoLists(runtestcaseforKatalon.groovy:849)
	at ctdc.utilities.runtestcaseforKatalon.compareLists(runtestcaseforKatalon.groovy:901)
	at ctdc.utilities.runtestcaseforKatalon.multiFunction(runtestcaseforKatalon.groovy:253)
	at ctdc.utilities.runtestcaseforKatalon.invokeMethod(runtestcaseforKatalon.groovy)
	at com.kms.katalon.core.main.CustomKeywordDelegatingMetaClass.invokeStaticMethod(CustomKeywordDelegatingMetaClass.java:50)
	at TC17_Canine_StudyUBC-Breed_Diagnosis_PrimDiseaseSite_RespToTreatmt.run(TC17_Canine_StudyUBC-Breed_Diagnosis_PrimDiseaseSite_RespToTreatmt:105)
	at com.kms.katalon.core.main.ScriptEngine.run(ScriptEngine.java:194)
	at com.kms.katalon.core.main.ScriptEngine.runScriptAsRawText(ScriptEngine.java:119)
	at com.kms.katalon.core.main.TestCaseExecutor.runScript(TestCaseExecutor.java:369)
	at com.kms.katalon.core.main.TestCaseExecutor.doExecute(TestCaseExecutor.java:360)
	at com.kms.katalon.core.main.TestCaseExecutor.processExecutionPhase(TestCaseExecutor.java:339)
	at com.kms.katalon.core.main.TestCaseExecutor.accessMainPhase(TestCaseExecutor.java:331)
	at com.kms.katalon.core.main.TestCaseExecutor.execute(TestCaseExecutor.java:248)
	at com.kms.katalon.core.main.TestSuiteExecutor.accessTestCaseMainPhase(TestSuiteExecutor.java:191)
	at com.kms.katalon.core.main.TestSuiteExecutor.accessTestSuiteMainPhase(TestSuiteExecutor.java:140)
	at com.kms.katalon.core.main.TestSuiteExecutor.execute(TestSuiteExecutor.java:89)
	at com.kms.katalon.core.main.TestCaseMain.startTestSuite(TestCaseMain.java:185)
	at com.kms.katalon.core.main.TestCaseMain$startTestSuite$0.call(Unknown Source)
	at TempTestSuite1626296935818.run(TempTestSuite1626296935818.groovy:39)


2021-07-14 17:31:04 - [TEST_STEP][PASSED] - Start listener action : getTestScriptName: null

2021-07-14 17:31:04 - [TEST_STEP][PASSED] - TestCaseId = testCaseContext.getTestCaseId(): null

2021-07-14 17:31:04 - [TEST_STEP][PASSED] - out.println("**********this is the value of test case id string******** " + testCaseContext.getTestCaseId()): null

2021-07-14 17:31:04 - [TEST_STEP][PASSED] - G_currentTCName = TestCaseId.substring(TestCaseId.lastIndexOf("TC")): null

2021-07-14 17:31:04 - [TEST_STEP][PASSED] - out.println("This is the test case name : " + G_currentTCName): null

2021-07-14 17:31:05 - [TEST_STEP][PASSED] - closeBrowser(): Browser is closed

2021-07-14 17:31:06 - [MESSAGE][PASSED] - Browser is closed

2021-07-14 17:31:06 - [TEST_STEP][PASSED] - openBrowser(""): Browser is opened with url: ''

2021-07-14 17:31:06 - [MESSAGE][INFO] - Starting 'Chrome (headless)' driver

2021-07-14 17:31:06 - [MESSAGE][INFO] - User set preference: ['args', '[--no-sandbox]']

2021-07-14 17:31:06 - [MESSAGE][INFO] - Action delay is set to 0 milliseconds

2021-07-14 17:31:07 - [MESSAGE][PASSED] - Browser is opened with url: ''

2021-07-14 17:31:07 - [TEST_STEP][PASSED] - maximizeWindow(): Current window maximized

2021-07-14 17:31:07 - [MESSAGE][PASSED] - Current window maximized

2021-07-14 17:31:07 - [TEST_STEP][PASSED] - "Driver opened by Katalon is used in Selenium from this step.": null

2021-07-14 17:31:07 - [TEST_STEP][PASSED] - ctdc.utilities.runtestcaseforKatalon.RunKatalon("TC17_Canine_StudyUBC-Breed_Diagnosis_PrimDiseaseSite_RespToTreatmt.xlsx"): Data loaded from input file for the test case. 

2021-07-14 17:31:07 - [MESSAGE][PASSED] - Test case file loaded This is the full filepath after converting to string :C:\Automation_master\InputFiles\TC17_Canine_StudyUBC-Breed_Diagnosis_PrimDiseaseSite_RespToTreatmt.xlsx

2021-07-14 17:31:07 - [MESSAGE][INFO] - Global variable set for password file is :  C:\Automation_master\InputFiles\TC17_Canine_StudyUBC-Breed_Diagnosis_PrimDiseaseSite_RespToTreatmt.xlsx

2021-07-14 17:31:11 - [MESSAGE][PASSED] - Data loaded from input file for the test case. 

2021-07-14 17:31:20 - [TEST_STEP][PASSED] - waitForElementPresent(findTestObject("Canine/NavBar/Canine_Cases_Btn"), 10): Object 'Object Repository/Canine/NavBar/Canine_Cases_Btn' is present

2021-07-14 17:31:20 - [MESSAGE][PASSED] - Object 'Object Repository/Canine/NavBar/Canine_Cases_Btn' is present

2021-07-14 17:31:20 - [TEST_STEP][PASSED] - ctdc.utilities.runtestcaseforKatalon.clickTab("Canine/NavBar/Canine_Cases_Btn"): ctdc.utilities.runtestcaseforKatalon.clickTab is PASSED

2021-07-14 17:31:20 - [MESSAGE][PASSED] - ctdc.utilities.runtestcaseforKatalon.clickTab is PASSED

2021-07-14 17:31:20 - [TEST_STEP][PASSED] - waitForElementPresent(findTestObject("Object Repository/Canine/Filter/FilterByCases_Facet"), 10): Object 'Object Repository/Canine/Filter/FilterByCases_Facet' is present

2021-07-14 17:31:21 - [MESSAGE][PASSED] - Object 'Object Repository/Canine/Filter/FilterByCases_Facet' is present

2021-07-14 17:31:21 - [TEST_STEP][PASSED] - ctdc.utilities.runtestcaseforKatalon.clickTab("Object Repository/Canine/Filter/FilterByCases_Facet"): ctdc.utilities.runtestcaseforKatalon.clickTab is PASSED

2021-07-14 17:31:21 - [MESSAGE][PASSED] - ctdc.utilities.runtestcaseforKatalon.clickTab is PASSED

2021-07-14 17:31:21 - [TEST_STEP][PASSED] - waitForElementPresent(findTestObject("Object Repository/Canine/Filter/Study/Canine_Filter_Study"), 10): Object 'Object Repository/Canine/Filter/Study/Canine_Filter_Study' is present

2021-07-14 17:31:22 - [MESSAGE][PASSED] - Object 'Object Repository/Canine/Filter/Study/Canine_Filter_Study' is present

2021-07-14 17:31:22 - [TEST_STEP][PASSED] - ctdc.utilities.runtestcaseforKatalon.clickTab("Object Repository/Canine/Filter/Study/Canine_Filter_Study"): ctdc.utilities.runtestcaseforKatalon.clickTab is PASSED

2021-07-14 17:31:22 - [MESSAGE][PASSED] - ctdc.utilities.runtestcaseforKatalon.clickTab is PASSED

2021-07-14 17:31:22 - [TEST_STEP][PASSED] - waitForElementPresent(findTestObject("Object Repository/Canine/Filter/Study/Canine_Filter_Study-UBC_Chkbx"), 10): Object 'Object Repository/Canine/Filter/Study/Canine_Filter_Study-UBC_Chkbx' is present

2021-07-14 17:31:23 - [MESSAGE][PASSED] - Object 'Object Repository/Canine/Filter/Study/Canine_Filter_Study-UBC_Chkbx' is present

2021-07-14 17:31:23 - [TEST_STEP][PASSED] - ctdc.utilities.runtestcaseforKatalon.clickTab("Object Repository/Canine/Filter/Study/Canine_Filter_Study-UBC_Chkbx"): ctdc.utilities.runtestcaseforKatalon.clickTab is PASSED

2021-07-14 17:31:23 - [MESSAGE][PASSED] - ctdc.utilities.runtestcaseforKatalon.clickTab is PASSED

2021-07-14 17:31:23 - [TEST_STEP][PASSED] - Thread.sleep(2000): null

2021-07-14 17:31:25 - [TEST_STEP][PASSED] - waitForElementPresent(findTestObject("Object Repository/Canine/Filter/Breed/BREED_Ddn"), 10): Object 'Object Repository/Canine/Filter/Breed/BREED_Ddn' is present

2021-07-14 17:31:25 - [MESSAGE][PASSED] - Object 'Object Repository/Canine/Filter/Breed/BREED_Ddn' is present

2021-07-14 17:31:25 - [TEST_STEP][PASSED] - ctdc.utilities.runtestcaseforKatalon.clickTab("Object Repository/Canine/Filter/Breed/BREED_Ddn"): ctdc.utilities.runtestcaseforKatalon.clickTab is PASSED

2021-07-14 17:31:25 - [MESSAGE][PASSED] - ctdc.utilities.runtestcaseforKatalon.clickTab is PASSED

2021-07-14 17:31:25 - [TEST_STEP][PASSED] - waitForElementPresent(findTestObject("Object Repository/Canine/Filter/Breed/BelgMalin_Chkbx"), 10): Object 'Object Repository/Canine/Filter/Breed/BelgMalin_Chkbx' is present

2021-07-14 17:31:25 - [MESSAGE][PASSED] - Object 'Object Repository/Canine/Filter/Breed/BelgMalin_Chkbx' is present

2021-07-14 17:31:25 - [TEST_STEP][PASSED] - ctdc.utilities.runtestcaseforKatalon.clickTab("Object Repository/Canine/Filter/Breed/BelgMalin_Chkbx"): ctdc.utilities.runtestcaseforKatalon.clickTab is PASSED

2021-07-14 17:31:26 - [MESSAGE][PASSED] - ctdc.utilities.runtestcaseforKatalon.clickTab is PASSED

2021-07-14 17:31:26 - [TEST_STEP][PASSED] - waitForElementPresent(findTestObject("Object Repository/Canine/Filter/Breed/Labrador_Chkbx"), 10): Object 'Object Repository/Canine/Filter/Breed/Labrador_Chkbx' is present

2021-07-14 17:31:26 - [MESSAGE][PASSED] - Object 'Object Repository/Canine/Filter/Breed/Labrador_Chkbx' is present

2021-07-14 17:31:26 - [TEST_STEP][PASSED] - ctdc.utilities.runtestcaseforKatalon.clickTab("Object Repository/Canine/Filter/Breed/Labrador_Chkbx"): ctdc.utilities.runtestcaseforKatalon.clickTab is PASSED

2021-07-14 17:31:26 - [MESSAGE][PASSED] - ctdc.utilities.runtestcaseforKatalon.clickTab is PASSED

2021-07-14 17:31:26 - [TEST_STEP][PASSED] - waitForElementPresent(findTestObject("Object Repository/Canine/Filter/Breed/WestHland_Chkbx"), 10): Object 'Object Repository/Canine/Filter/Breed/WestHland_Chkbx' is present

2021-07-14 17:31:27 - [MESSAGE][PASSED] - Object 'Object Repository/Canine/Filter/Breed/WestHland_Chkbx' is present

2021-07-14 17:31:27 - [TEST_STEP][PASSED] - ctdc.utilities.runtestcaseforKatalon.clickTab("Object Repository/Canine/Filter/Breed/WestHland_Chkbx"): ctdc.utilities.runtestcaseforKatalon.clickTab is PASSED

2021-07-14 17:31:27 - [MESSAGE][PASSED] - ctdc.utilities.runtestcaseforKatalon.clickTab is PASSED

2021-07-14 17:31:27 - [TEST_STEP][PASSED] - ctdc.utilities.runtestcaseforKatalon.clickTab("Object Repository/Canine/Filter/Breed/BREED_Ddn"): ctdc.utilities.runtestcaseforKatalon.clickTab is PASSED

2021-07-14 17:31:28 - [MESSAGE][PASSED] - ctdc.utilities.runtestcaseforKatalon.clickTab is PASSED

2021-07-14 17:31:28 - [TEST_STEP][PASSED] - waitForElementPresent(findTestObject("Object Repository/Canine/Filter/Diagnosis/DIAGNOSIS_Ddn"), 10): Object 'Object Repository/Canine/Filter/Diagnosis/DIAGNOSIS_Ddn' is present

2021-07-14 17:31:28 - [MESSAGE][PASSED] - Object 'Object Repository/Canine/Filter/Diagnosis/DIAGNOSIS_Ddn' is present

2021-07-14 17:31:28 - [TEST_STEP][PASSED] - ctdc.utilities.runtestcaseforKatalon.clickTab("Object Repository/Canine/Filter/Diagnosis/DIAGNOSIS_Ddn"): ctdc.utilities.runtestcaseforKatalon.clickTab is PASSED

2021-07-14 17:31:28 - [MESSAGE][PASSED] - ctdc.utilities.runtestcaseforKatalon.clickTab is PASSED

2021-07-14 17:31:28 - [TEST_STEP][PASSED] - waitForElementPresent(findTestObject("Object Repository/Canine/Filter/Diagnosis/BladderCancer_Chkbx"), 10): Object 'Object Repository/Canine/Filter/Diagnosis/BladderCancer_Chkbx' is present

2021-07-14 17:31:29 - [MESSAGE][PASSED] - Object 'Object Repository/Canine/Filter/Diagnosis/BladderCancer_Chkbx' is present

2021-07-14 17:31:29 - [TEST_STEP][PASSED] - ctdc.utilities.runtestcaseforKatalon.clickTab("Object Repository/Canine/Filter/Diagnosis/BladderCancer_Chkbx"): ctdc.utilities.runtestcaseforKatalon.clickTab is PASSED

2021-07-14 17:31:29 - [MESSAGE][PASSED] - ctdc.utilities.runtestcaseforKatalon.clickTab is PASSED

2021-07-14 17:31:29 - [TEST_STEP][PASSED] - ctdc.utilities.runtestcaseforKatalon.clickTab("Object Repository/Canine/Filter/Diagnosis/DIAGNOSIS_Ddn"): ctdc.utilities.runtestcaseforKatalon.clickTab is PASSED

2021-07-14 17:31:29 - [MESSAGE][PASSED] - ctdc.utilities.runtestcaseforKatalon.clickTab is PASSED

2021-07-14 17:31:29 - [TEST_STEP][PASSED] - waitForElementPresent(findTestObject("Object Repository/Canine/Filter/PrimDiseaseSite/PRIMARYDISEASESITE_Ddn"), 10): Object 'Object Repository/Canine/Filter/PrimDiseaseSite/PRIMARYDISEASESITE_Ddn' is present

2021-07-14 17:31:30 - [MESSAGE][PASSED] - Object 'Object Repository/Canine/Filter/PrimDiseaseSite/PRIMARYDISEASESITE_Ddn' is present

2021-07-14 17:31:30 - [TEST_STEP][PASSED] - ctdc.utilities.runtestcaseforKatalon.clickTab("Object Repository/Canine/Filter/PrimDiseaseSite/PRIMARYDISEASESITE_Ddn"): ctdc.utilities.runtestcaseforKatalon.clickTab is PASSED

2021-07-14 17:31:30 - [MESSAGE][PASSED] - ctdc.utilities.runtestcaseforKatalon.clickTab is PASSED

2021-07-14 17:31:30 - [TEST_STEP][PASSED] - waitForElementPresent(findTestObject("Object Repository/Canine/Filter/PrimDiseaseSite/BladderProstate_Chkbx"), 10): Object 'Object Repository/Canine/Filter/PrimDiseaseSite/BladderProstate_Chkbx' is present

2021-07-14 17:31:30 - [MESSAGE][PASSED] - Object 'Object Repository/Canine/Filter/PrimDiseaseSite/BladderProstate_Chkbx' is present

2021-07-14 17:31:30 - [TEST_STEP][PASSED] - ctdc.utilities.runtestcaseforKatalon.clickTab("Object Repository/Canine/Filter/PrimDiseaseSite/BladderProstate_Chkbx"): ctdc.utilities.runtestcaseforKatalon.clickTab is PASSED

2021-07-14 17:31:30 - [MESSAGE][PASSED] - ctdc.utilities.runtestcaseforKatalon.clickTab is PASSED

2021-07-14 17:31:30 - [TEST_STEP][PASSED] - waitForElementPresent(findTestObject("Object Repository/Canine/Filter/PrimDiseaseSite/BladderUrethra_Chkbx"), 10): Object 'Object Repository/Canine/Filter/PrimDiseaseSite/BladderUrethra_Chkbx' is present

2021-07-14 17:31:31 - [MESSAGE][PASSED] - Object 'Object Repository/Canine/Filter/PrimDiseaseSite/BladderUrethra_Chkbx' is present

2021-07-14 17:31:31 - [TEST_STEP][PASSED] - ctdc.utilities.runtestcaseforKatalon.clickTab("Object Repository/Canine/Filter/PrimDiseaseSite/BladderUrethra_Chkbx"): ctdc.utilities.runtestcaseforKatalon.clickTab is PASSED

2021-07-14 17:31:31 - [MESSAGE][PASSED] - ctdc.utilities.runtestcaseforKatalon.clickTab is PASSED

2021-07-14 17:31:31 - [TEST_STEP][PASSED] - waitForElementPresent(findTestObject("Object Repository/Canine/Filter/PrimDiseaseSite/BladderUrethraProstate_Chkbx"), 10): Object 'Object Repository/Canine/Filter/PrimDiseaseSite/BladderUrethraProstate_Chkbx' is present

2021-07-14 17:31:32 - [MESSAGE][PASSED] - Object 'Object Repository/Canine/Filter/PrimDiseaseSite/BladderUrethraProstate_Chkbx' is present

2021-07-14 17:31:32 - [TEST_STEP][PASSED] - ctdc.utilities.runtestcaseforKatalon.clickTab("Object Repository/Canine/Filter/PrimDiseaseSite/BladderUrethraProstate_Chkbx"): ctdc.utilities.runtestcaseforKatalon.clickTab is PASSED

2021-07-14 17:31:32 - [MESSAGE][PASSED] - ctdc.utilities.runtestcaseforKatalon.clickTab is PASSED

2021-07-14 17:31:32 - [TEST_STEP][PASSED] - ctdc.utilities.runtestcaseforKatalon.clickTab("Object Repository/Canine/Filter/PrimDiseaseSite/PRIMARYDISEASESITE_Ddn"): ctdc.utilities.runtestcaseforKatalon.clickTab is PASSED

2021-07-14 17:31:32 - [MESSAGE][PASSED] - ctdc.utilities.runtestcaseforKatalon.clickTab is PASSED

2021-07-14 17:31:32 - [TEST_STEP][PASSED] - waitForElementPresent(findTestObject("Object Repository/Canine/Filter/ResponseToTreatment/RESPONSETOTREATMENT_Ddn"), 10): Object 'Object Repository/Canine/Filter/ResponseToTreatment/RESPONSETOTREATMENT_Ddn' is present

2021-07-14 17:31:33 - [MESSAGE][PASSED] - Object 'Object Repository/Canine/Filter/ResponseToTreatment/RESPONSETOTREATMENT_Ddn' is present

2021-07-14 17:31:33 - [TEST_STEP][PASSED] - ctdc.utilities.runtestcaseforKatalon.clickTab("Object Repository/Canine/Filter/ResponseToTreatment/RESPONSETOTREATMENT_Ddn"): ctdc.utilities.runtestcaseforKatalon.clickTab is PASSED

2021-07-14 17:31:33 - [MESSAGE][PASSED] - ctdc.utilities.runtestcaseforKatalon.clickTab is PASSED

2021-07-14 17:31:33 - [TEST_STEP][PASSED] - waitForElementPresent(findTestObject("Object Repository/Canine/Filter/ResponseToTreatment/PartialResponse_Chkbx"), 10): Object 'Object Repository/Canine/Filter/ResponseToTreatment/PartialResponse_Chkbx' is present

2021-07-14 17:31:33 - [MESSAGE][PASSED] - Object 'Object Repository/Canine/Filter/ResponseToTreatment/PartialResponse_Chkbx' is present

2021-07-14 17:31:33 - [TEST_STEP][PASSED] - ctdc.utilities.runtestcaseforKatalon.clickTab("Object Repository/Canine/Filter/ResponseToTreatment/PartialResponse_Chkbx"): ctdc.utilities.runtestcaseforKatalon.clickTab is PASSED

2021-07-14 17:31:33 - [MESSAGE][PASSED] - ctdc.utilities.runtestcaseforKatalon.clickTab is PASSED

2021-07-14 17:31:33 - [TEST_STEP][PASSED] - waitForElementPresent(findTestObject("Object Repository/Canine/Filter/ResponseToTreatment/ProgrDisease_Chkbx"), 10): Object 'Object Repository/Canine/Filter/ResponseToTreatment/ProgrDisease_Chkbx' is present

2021-07-14 17:31:34 - [MESSAGE][PASSED] - Object 'Object Repository/Canine/Filter/ResponseToTreatment/ProgrDisease_Chkbx' is present

2021-07-14 17:31:34 - [TEST_STEP][PASSED] - ctdc.utilities.runtestcaseforKatalon.clickTab("Object Repository/Canine/Filter/ResponseToTreatment/ProgrDisease_Chkbx"): ctdc.utilities.runtestcaseforKatalon.clickTab is PASSED

2021-07-14 17:31:34 - [MESSAGE][PASSED] - ctdc.utilities.runtestcaseforKatalon.clickTab is PASSED

2021-07-14 17:31:34 - [TEST_STEP][PASSED] - ctdc.utilities.runtestcaseforKatalon.clickTab("Object Repository/Canine/Filter/ResponseToTreatment/RESPONSETOTREATMENT_Ddn"): ctdc.utilities.runtestcaseforKatalon.clickTab is PASSED

2021-07-14 17:31:34 - [MESSAGE][PASSED] - ctdc.utilities.runtestcaseforKatalon.clickTab is PASSED

2021-07-14 17:31:34 - [TEST_STEP][PASSED] - ctdc.utilities.runtestcaseforKatalon.readStatBarCanine("Object Repository/Canine/StatBar/Canine_StatBar-Studies", "Object Repository/Canine/StatBar/Canine_StatBar-Cases", "Object Repository/Canine/StatBar/Canine_StatBar-Samples", "Object Repository/Canine/StatBar/Canine_StatBar-Files", "Object Repository/Canine/StatBar/Canine_StatBar-Aliquots"): ctdc.utilities.runtestcaseforKatalon.readStatBarCanine is PASSED

2021-07-14 17:31:50 - [MESSAGE][PASSED] - ctdc.utilities.runtestcaseforKatalon.readStatBarCanine is PASSED

2021-07-14 17:31:50 - [TEST_STEP][PASSED] - waitForElementPresent(findTestObject("Object Repository/Canine/CanineResults_Cases_Tab"), 5): Object 'Object Repository/Canine/CanineResults_Cases_Tab' is present

2021-07-14 17:31:50 - [MESSAGE][PASSED] - Object 'Object Repository/Canine/CanineResults_Cases_Tab' is present

2021-07-14 17:31:50 - [TEST_STEP][PASSED] - ctdc.utilities.runtestcaseforKatalon.clickTab("Object Repository/Canine/CanineResults_Cases_Tab"): ctdc.utilities.runtestcaseforKatalon.clickTab is PASSED

2021-07-14 17:31:50 - [MESSAGE][PASSED] - ctdc.utilities.runtestcaseforKatalon.clickTab is PASSED

2021-07-14 17:31:50 - [TEST_STEP][ERROR] - ctdc.utilities.runtestcaseforKatalon.multiFunction("ICDC", G_StatBar_Cases, "Object Repository/Canine/Canine_CasesTable", "Object Repository/Canine/Canine_TableHeader", "Object Repository/Canine/Canine_CasesTabNextBtn", G_WebTabnameCases, G_CypherTabnameCases, G_QueryCasesTab): Index: 11, Size: 11

2021-07-14 17:32:05 - [MESSAGE][ERROR] - Index: 11, Size: 11]]></system-out>
         <system-err><![CDATA[2021-07-14 17:31:04 - [TEST_CASE][ERROR] - Test Cases/Canine_TestCases/StudyCombinations/Study-Combinations-UBC01/TC17_Canine_StudyUBC-Breed_Diagnosis_PrimDiseaseSite_RespToTreatmt: Test Cases/Canine_TestCases/StudyCombinations/Study-Combinations-UBC01/TC17_Canine_StudyUBC-Breed_Diagnosis_PrimDiseaseSite_RespToTreatmt FAILED.
Reason:
java.lang.IndexOutOfBoundsException: Index: 11, Size: 11
	at java_util_List$get$1.call(Unknown Source)
	at ctdc.utilities.runtestcaseforKatalon.compareTwoLists(runtestcaseforKatalon.groovy:849)
	at ctdc.utilities.runtestcaseforKatalon.compareLists(runtestcaseforKatalon.groovy:901)
	at ctdc.utilities.runtestcaseforKatalon.multiFunction(runtestcaseforKatalon.groovy:253)
	at ctdc.utilities.runtestcaseforKatalon.invokeMethod(runtestcaseforKatalon.groovy)
	at com.kms.katalon.core.main.CustomKeywordDelegatingMetaClass.invokeStaticMethod(CustomKeywordDelegatingMetaClass.java:50)
	at TC17_Canine_StudyUBC-Breed_Diagnosis_PrimDiseaseSite_RespToTreatmt.run(TC17_Canine_StudyUBC-Breed_Diagnosis_PrimDiseaseSite_RespToTreatmt:105)
	at com.kms.katalon.core.main.ScriptEngine.run(ScriptEngine.java:194)
	at com.kms.katalon.core.main.ScriptEngine.runScriptAsRawText(ScriptEngine.java:119)
	at com.kms.katalon.core.main.TestCaseExecutor.runScript(TestCaseExecutor.java:369)
	at com.kms.katalon.core.main.TestCaseExecutor.doExecute(TestCaseExecutor.java:360)
	at com.kms.katalon.core.main.TestCaseExecutor.processExecutionPhase(TestCaseExecutor.java:339)
	at com.kms.katalon.core.main.TestCaseExecutor.accessMainPhase(TestCaseExecutor.java:331)
	at com.kms.katalon.core.main.TestCaseExecutor.execute(TestCaseExecutor.java:248)
	at com.kms.katalon.core.main.TestSuiteExecutor.accessTestCaseMainPhase(TestSuiteExecutor.java:191)
	at com.kms.katalon.core.main.TestSuiteExecutor.accessTestSuiteMainPhase(TestSuiteExecutor.java:140)
	at com.kms.katalon.core.main.TestSuiteExecutor.execute(TestSuiteExecutor.java:89)
	at com.kms.katalon.core.main.TestCaseMain.startTestSuite(TestCaseMain.java:185)
	at com.kms.katalon.core.main.TestCaseMain$startTestSuite$0.call(Unknown Source)
	at TempTestSuite1626296935818.run(TempTestSuite1626296935818.groovy:39)]]></system-err>
      </testcase>
      <testcase name="Test Cases/Canine_TestCases/StudyCombinations/Study-Combinations-UBC01/TC18_Canine_StudyUBC-Breed_Diagnosis_PrimDiseaseSite_RespToTreatmt" time="58.929" classname="Test Cases/Canine_TestCases/StudyCombinations/Study-Combinations-UBC01/TC18_Canine_StudyUBC-Breed_Diagnosis_PrimDiseaseSite_RespToTreatmt" status="ERROR">
         <error type="ERROR" message="Test Cases/Canine_TestCases/StudyCombinations/Study-Combinations-UBC01/TC18_Canine_StudyUBC-Breed_Diagnosis_PrimDiseaseSite_RespToTreatmt FAILED.
Reason:
java.lang.IndexOutOfBoundsException: Index: 11, Size: 11
	at java_util_List$get$1.call(Unknown Source)
	at ctdc.utilities.runtestcaseforKatalon.compareTwoLists(runtestcaseforKatalon.groovy:849)
	at ctdc.utilities.runtestcaseforKatalon.compareLists(runtestcaseforKatalon.groovy:901)
	at ctdc.utilities.runtestcaseforKatalon.multiFunction(runtestcaseforKatalon.groovy:253)
	at ctdc.utilities.runtestcaseforKatalon.invokeMethod(runtestcaseforKatalon.groovy)
	at com.kms.katalon.core.main.CustomKeywordDelegatingMetaClass.invokeStaticMethod(CustomKeywordDelegatingMetaClass.java:50)
	at TC18_Canine_StudyUBC-Breed_Diagnosis_PrimDiseaseSite_RespToTreatmt.run(TC18_Canine_StudyUBC-Breed_Diagnosis_PrimDiseaseSite_RespToTreatmt:101)
	at com.kms.katalon.core.main.ScriptEngine.run(ScriptEngine.java:194)
	at com.kms.katalon.core.main.ScriptEngine.runScriptAsRawText(ScriptEngine.java:119)
	at com.kms.katalon.core.main.TestCaseExecutor.runScript(TestCaseExecutor.java:369)
	at com.kms.katalon.core.main.TestCaseExecutor.doExecute(TestCaseExecutor.java:360)
	at com.kms.katalon.core.main.TestCaseExecutor.processExecutionPhase(TestCaseExecutor.java:339)
	at com.kms.katalon.core.main.TestCaseExecutor.accessMainPhase(TestCaseExecutor.java:331)
	at com.kms.katalon.core.main.TestCaseExecutor.execute(TestCaseExecutor.java:248)
	at com.kms.katalon.core.main.TestSuiteExecutor.accessTestCaseMainPhase(TestSuiteExecutor.java:191)
	at com.kms.katalon.core.main.TestSuiteExecutor.accessTestSuiteMainPhase(TestSuiteExecutor.java:140)
	at com.kms.katalon.core.main.TestSuiteExecutor.execute(TestSuiteExecutor.java:89)
	at com.kms.katalon.core.main.TestCaseMain.startTestSuite(TestCaseMain.java:185)
	at com.kms.katalon.core.main.TestCaseMain$startTestSuite$0.call(Unknown Source)
	at TempTestSuite1626296935818.run(TempTestSuite1626296935818.groovy:39)
"/>
         <system-out><![CDATA[2021-07-14 17:32:05 - [TEST_CASE][ERROR] - Test Cases/Canine_TestCases/StudyCombinations/Study-Combinations-UBC01/TC18_Canine_StudyUBC-Breed_Diagnosis_PrimDiseaseSite_RespToTreatmt: Test Cases/Canine_TestCases/StudyCombinations/Study-Combinations-UBC01/TC18_Canine_StudyUBC-Breed_Diagnosis_PrimDiseaseSite_RespToTreatmt FAILED.
Reason:
java.lang.IndexOutOfBoundsException: Index: 11, Size: 11
	at java_util_List$get$1.call(Unknown Source)
	at ctdc.utilities.runtestcaseforKatalon.compareTwoLists(runtestcaseforKatalon.groovy:849)
	at ctdc.utilities.runtestcaseforKatalon.compareLists(runtestcaseforKatalon.groovy:901)
	at ctdc.utilities.runtestcaseforKatalon.multiFunction(runtestcaseforKatalon.groovy:253)
	at ctdc.utilities.runtestcaseforKatalon.invokeMethod(runtestcaseforKatalon.groovy)
	at com.kms.katalon.core.main.CustomKeywordDelegatingMetaClass.invokeStaticMethod(CustomKeywordDelegatingMetaClass.java:50)
	at TC18_Canine_StudyUBC-Breed_Diagnosis_PrimDiseaseSite_RespToTreatmt.run(TC18_Canine_StudyUBC-Breed_Diagnosis_PrimDiseaseSite_RespToTreatmt:101)
	at com.kms.katalon.core.main.ScriptEngine.run(ScriptEngine.java:194)
	at com.kms.katalon.core.main.ScriptEngine.runScriptAsRawText(ScriptEngine.java:119)
	at com.kms.katalon.core.main.TestCaseExecutor.runScript(TestCaseExecutor.java:369)
	at com.kms.katalon.core.main.TestCaseExecutor.doExecute(TestCaseExecutor.java:360)
	at com.kms.katalon.core.main.TestCaseExecutor.processExecutionPhase(TestCaseExecutor.java:339)
	at com.kms.katalon.core.main.TestCaseExecutor.accessMainPhase(TestCaseExecutor.java:331)
	at com.kms.katalon.core.main.TestCaseExecutor.execute(TestCaseExecutor.java:248)
	at com.kms.katalon.core.main.TestSuiteExecutor.accessTestCaseMainPhase(TestSuiteExecutor.java:191)
	at com.kms.katalon.core.main.TestSuiteExecutor.accessTestSuiteMainPhase(TestSuiteExecutor.java:140)
	at com.kms.katalon.core.main.TestSuiteExecutor.execute(TestSuiteExecutor.java:89)
	at com.kms.katalon.core.main.TestCaseMain.startTestSuite(TestCaseMain.java:185)
	at com.kms.katalon.core.main.TestCaseMain$startTestSuite$0.call(Unknown Source)
	at TempTestSuite1626296935818.run(TempTestSuite1626296935818.groovy:39)


2021-07-14 17:32:05 - [TEST_STEP][PASSED] - Start listener action : getTestScriptName: null

2021-07-14 17:32:05 - [TEST_STEP][PASSED] - TestCaseId = testCaseContext.getTestCaseId(): null

2021-07-14 17:32:05 - [TEST_STEP][PASSED] - out.println("**********this is the value of test case id string******** " + testCaseContext.getTestCaseId()): null

2021-07-14 17:32:05 - [TEST_STEP][PASSED] - G_currentTCName = TestCaseId.substring(TestCaseId.lastIndexOf("TC")): null

2021-07-14 17:32:05 - [TEST_STEP][PASSED] - out.println("This is the test case name : " + G_currentTCName): null

2021-07-14 17:32:06 - [TEST_STEP][PASSED] - closeBrowser(): Browser is closed

2021-07-14 17:32:07 - [MESSAGE][PASSED] - Browser is closed

2021-07-14 17:32:07 - [TEST_STEP][PASSED] - openBrowser(""): Browser is opened with url: ''

2021-07-14 17:32:07 - [MESSAGE][INFO] - Starting 'Chrome (headless)' driver

2021-07-14 17:32:07 - [MESSAGE][INFO] - User set preference: ['args', '[--no-sandbox]']

2021-07-14 17:32:07 - [MESSAGE][INFO] - Action delay is set to 0 milliseconds

2021-07-14 17:32:08 - [MESSAGE][PASSED] - Browser is opened with url: ''

2021-07-14 17:32:08 - [TEST_STEP][PASSED] - maximizeWindow(): Current window maximized

2021-07-14 17:32:08 - [MESSAGE][PASSED] - Current window maximized

2021-07-14 17:32:08 - [TEST_STEP][PASSED] - "Driver opened by Katalon is used in Selenium from this step.": null

2021-07-14 17:32:08 - [TEST_STEP][PASSED] - ctdc.utilities.runtestcaseforKatalon.RunKatalon("TC18_Canine_StudyUBC-Breed_Diagnosis_PrimDiseaseSite_RespToTreatmt.xlsx"): Data loaded from input file for the test case. 

2021-07-14 17:32:08 - [MESSAGE][PASSED] - Test case file loaded This is the full filepath after converting to string :C:\Automation_master\InputFiles\TC18_Canine_StudyUBC-Breed_Diagnosis_PrimDiseaseSite_RespToTreatmt.xlsx

2021-07-14 17:32:08 - [MESSAGE][INFO] - Global variable set for password file is :  C:\Automation_master\InputFiles\TC18_Canine_StudyUBC-Breed_Diagnosis_PrimDiseaseSite_RespToTreatmt.xlsx

2021-07-14 17:32:12 - [MESSAGE][PASSED] - Data loaded from input file for the test case. 

2021-07-14 17:32:19 - [TEST_STEP][PASSED] - waitForElementPresent(findTestObject("Canine/NavBar/Canine_Cases_Btn"), 10): Object 'Object Repository/Canine/NavBar/Canine_Cases_Btn' is present

2021-07-14 17:32:19 - [MESSAGE][PASSED] - Object 'Object Repository/Canine/NavBar/Canine_Cases_Btn' is present

2021-07-14 17:32:19 - [TEST_STEP][PASSED] - ctdc.utilities.runtestcaseforKatalon.clickTab("Canine/NavBar/Canine_Cases_Btn"): ctdc.utilities.runtestcaseforKatalon.clickTab is PASSED

2021-07-14 17:32:20 - [MESSAGE][PASSED] - ctdc.utilities.runtestcaseforKatalon.clickTab is PASSED

2021-07-14 17:32:20 - [TEST_STEP][PASSED] - waitForElementPresent(findTestObject("Object Repository/Canine/Filter/FilterByCases_Facet"), 10): Object 'Object Repository/Canine/Filter/FilterByCases_Facet' is present

2021-07-14 17:32:20 - [MESSAGE][PASSED] - Object 'Object Repository/Canine/Filter/FilterByCases_Facet' is present

2021-07-14 17:32:20 - [TEST_STEP][PASSED] - ctdc.utilities.runtestcaseforKatalon.clickTab("Object Repository/Canine/Filter/FilterByCases_Facet"): ctdc.utilities.runtestcaseforKatalon.clickTab is PASSED

2021-07-14 17:32:21 - [MESSAGE][PASSED] - ctdc.utilities.runtestcaseforKatalon.clickTab is PASSED

2021-07-14 17:32:21 - [TEST_STEP][PASSED] - waitForElementPresent(findTestObject("Object Repository/Canine/Filter/Study/Canine_Filter_Study"), 10): Object 'Object Repository/Canine/Filter/Study/Canine_Filter_Study' is present

2021-07-14 17:32:21 - [MESSAGE][PASSED] - Object 'Object Repository/Canine/Filter/Study/Canine_Filter_Study' is present

2021-07-14 17:32:21 - [TEST_STEP][PASSED] - ctdc.utilities.runtestcaseforKatalon.clickTab("Object Repository/Canine/Filter/Study/Canine_Filter_Study"): ctdc.utilities.runtestcaseforKatalon.clickTab is PASSED

2021-07-14 17:32:22 - [MESSAGE][PASSED] - ctdc.utilities.runtestcaseforKatalon.clickTab is PASSED

2021-07-14 17:32:22 - [TEST_STEP][PASSED] - waitForElementPresent(findTestObject("Object Repository/Canine/Filter/Study/Canine_Filter_Study-UBC_Chkbx"), 10): Object 'Object Repository/Canine/Filter/Study/Canine_Filter_Study-UBC_Chkbx' is present

2021-07-14 17:32:22 - [MESSAGE][PASSED] - Object 'Object Repository/Canine/Filter/Study/Canine_Filter_Study-UBC_Chkbx' is present

2021-07-14 17:32:22 - [TEST_STEP][PASSED] - ctdc.utilities.runtestcaseforKatalon.clickTab("Object Repository/Canine/Filter/Study/Canine_Filter_Study-UBC_Chkbx"): ctdc.utilities.runtestcaseforKatalon.clickTab is PASSED

2021-07-14 17:32:22 - [MESSAGE][PASSED] - ctdc.utilities.runtestcaseforKatalon.clickTab is PASSED

2021-07-14 17:32:22 - [TEST_STEP][PASSED] - Thread.sleep(2000): null

2021-07-14 17:32:24 - [TEST_STEP][PASSED] - waitForElementPresent(findTestObject("Object Repository/Canine/Filter/Breed/BREED_Ddn"), 10): Object 'Object Repository/Canine/Filter/Breed/BREED_Ddn' is present

2021-07-14 17:32:24 - [MESSAGE][PASSED] - Object 'Object Repository/Canine/Filter/Breed/BREED_Ddn' is present

2021-07-14 17:32:24 - [TEST_STEP][PASSED] - ctdc.utilities.runtestcaseforKatalon.clickTab("Object Repository/Canine/Filter/Breed/BREED_Ddn"): ctdc.utilities.runtestcaseforKatalon.clickTab is PASSED

2021-07-14 17:32:25 - [MESSAGE][PASSED] - ctdc.utilities.runtestcaseforKatalon.clickTab is PASSED

2021-07-14 17:32:25 - [TEST_STEP][PASSED] - waitForElementPresent(findTestObject("Object Repository/Canine/Filter/Breed/BelgMalin_Chkbx"), 10): Object 'Object Repository/Canine/Filter/Breed/BelgMalin_Chkbx' is present

2021-07-14 17:32:25 - [MESSAGE][PASSED] - Object 'Object Repository/Canine/Filter/Breed/BelgMalin_Chkbx' is present

2021-07-14 17:32:25 - [TEST_STEP][PASSED] - ctdc.utilities.runtestcaseforKatalon.clickTab("Object Repository/Canine/Filter/Breed/BelgMalin_Chkbx"): ctdc.utilities.runtestcaseforKatalon.clickTab is PASSED

2021-07-14 17:32:25 - [MESSAGE][PASSED] - ctdc.utilities.runtestcaseforKatalon.clickTab is PASSED

2021-07-14 17:32:25 - [TEST_STEP][PASSED] - waitForElementPresent(findTestObject("Object Repository/Canine/Filter/Breed/Labrador_Chkbx"), 10): Object 'Object Repository/Canine/Filter/Breed/Labrador_Chkbx' is present

2021-07-14 17:32:26 - [MESSAGE][PASSED] - Object 'Object Repository/Canine/Filter/Breed/Labrador_Chkbx' is present

2021-07-14 17:32:26 - [TEST_STEP][PASSED] - ctdc.utilities.runtestcaseforKatalon.clickTab("Object Repository/Canine/Filter/Breed/Labrador_Chkbx"): ctdc.utilities.runtestcaseforKatalon.clickTab is PASSED

2021-07-14 17:32:26 - [MESSAGE][PASSED] - ctdc.utilities.runtestcaseforKatalon.clickTab is PASSED

2021-07-14 17:32:26 - [TEST_STEP][PASSED] - waitForElementPresent(findTestObject("Object Repository/Canine/Filter/Breed/WestHland_Chkbx"), 10): Object 'Object Repository/Canine/Filter/Breed/WestHland_Chkbx' is present

2021-07-14 17:32:27 - [MESSAGE][PASSED] - Object 'Object Repository/Canine/Filter/Breed/WestHland_Chkbx' is present

2021-07-14 17:32:27 - [TEST_STEP][PASSED] - ctdc.utilities.runtestcaseforKatalon.clickTab("Object Repository/Canine/Filter/Breed/WestHland_Chkbx"): ctdc.utilities.runtestcaseforKatalon.clickTab is PASSED

2021-07-14 17:32:27 - [MESSAGE][PASSED] - ctdc.utilities.runtestcaseforKatalon.clickTab is PASSED

2021-07-14 17:32:27 - [TEST_STEP][PASSED] - ctdc.utilities.runtestcaseforKatalon.clickTab("Object Repository/Canine/Filter/Breed/BREED_Ddn"): ctdc.utilities.runtestcaseforKatalon.clickTab is PASSED

2021-07-14 17:32:28 - [MESSAGE][PASSED] - ctdc.utilities.runtestcaseforKatalon.clickTab is PASSED

2021-07-14 17:32:28 - [TEST_STEP][PASSED] - waitForElementPresent(findTestObject("Object Repository/Canine/Filter/Diagnosis/DIAGNOSIS_Ddn"), 10): Object 'Object Repository/Canine/Filter/Diagnosis/DIAGNOSIS_Ddn' is present

2021-07-14 17:32:28 - [MESSAGE][PASSED] - Object 'Object Repository/Canine/Filter/Diagnosis/DIAGNOSIS_Ddn' is present

2021-07-14 17:32:28 - [TEST_STEP][PASSED] - ctdc.utilities.runtestcaseforKatalon.clickTab("Object Repository/Canine/Filter/Diagnosis/DIAGNOSIS_Ddn"): ctdc.utilities.runtestcaseforKatalon.clickTab is PASSED

2021-07-14 17:32:28 - [MESSAGE][PASSED] - ctdc.utilities.runtestcaseforKatalon.clickTab is PASSED

2021-07-14 17:32:28 - [TEST_STEP][PASSED] - waitForElementPresent(findTestObject("Object Repository/Canine/Filter/Diagnosis/BladderCancer_Chkbx"), 10): Object 'Object Repository/Canine/Filter/Diagnosis/BladderCancer_Chkbx' is present

2021-07-14 17:32:29 - [MESSAGE][PASSED] - Object 'Object Repository/Canine/Filter/Diagnosis/BladderCancer_Chkbx' is present

2021-07-14 17:32:29 - [TEST_STEP][PASSED] - ctdc.utilities.runtestcaseforKatalon.clickTab("Object Repository/Canine/Filter/Diagnosis/BladderCancer_Chkbx"): ctdc.utilities.runtestcaseforKatalon.clickTab is PASSED

2021-07-14 17:32:29 - [MESSAGE][PASSED] - ctdc.utilities.runtestcaseforKatalon.clickTab is PASSED

2021-07-14 17:32:29 - [TEST_STEP][PASSED] - ctdc.utilities.runtestcaseforKatalon.clickTab("Object Repository/Canine/Filter/Diagnosis/DIAGNOSIS_Ddn"): ctdc.utilities.runtestcaseforKatalon.clickTab is PASSED

2021-07-14 17:32:29 - [MESSAGE][PASSED] - ctdc.utilities.runtestcaseforKatalon.clickTab is PASSED

2021-07-14 17:32:29 - [TEST_STEP][PASSED] - waitForElementPresent(findTestObject("Object Repository/Canine/Filter/PrimDiseaseSite/PRIMARYDISEASESITE_Ddn"), 10): Object 'Object Repository/Canine/Filter/PrimDiseaseSite/PRIMARYDISEASESITE_Ddn' is present

2021-07-14 17:32:30 - [MESSAGE][PASSED] - Object 'Object Repository/Canine/Filter/PrimDiseaseSite/PRIMARYDISEASESITE_Ddn' is present

2021-07-14 17:32:30 - [TEST_STEP][PASSED] - ctdc.utilities.runtestcaseforKatalon.clickTab("Object Repository/Canine/Filter/PrimDiseaseSite/PRIMARYDISEASESITE_Ddn"): ctdc.utilities.runtestcaseforKatalon.clickTab is PASSED

2021-07-14 17:32:30 - [MESSAGE][PASSED] - ctdc.utilities.runtestcaseforKatalon.clickTab is PASSED

2021-07-14 17:32:30 - [TEST_STEP][PASSED] - waitForElementPresent(findTestObject("Object Repository/Canine/Filter/PrimDiseaseSite/BladderProstate_Chkbx"), 10): Object 'Object Repository/Canine/Filter/PrimDiseaseSite/BladderProstate_Chkbx' is present

2021-07-14 17:32:30 - [MESSAGE][PASSED] - Object 'Object Repository/Canine/Filter/PrimDiseaseSite/BladderProstate_Chkbx' is present

2021-07-14 17:32:30 - [TEST_STEP][PASSED] - ctdc.utilities.runtestcaseforKatalon.clickTab("Object Repository/Canine/Filter/PrimDiseaseSite/BladderProstate_Chkbx"): ctdc.utilities.runtestcaseforKatalon.clickTab is PASSED

2021-07-14 17:32:30 - [MESSAGE][PASSED] - ctdc.utilities.runtestcaseforKatalon.clickTab is PASSED

2021-07-14 17:32:30 - [TEST_STEP][PASSED] - waitForElementPresent(findTestObject("Object Repository/Canine/Filter/PrimDiseaseSite/BladderUrethra_Chkbx"), 10): Object 'Object Repository/Canine/Filter/PrimDiseaseSite/BladderUrethra_Chkbx' is present

2021-07-14 17:32:31 - [MESSAGE][PASSED] - Object 'Object Repository/Canine/Filter/PrimDiseaseSite/BladderUrethra_Chkbx' is present

2021-07-14 17:32:31 - [TEST_STEP][PASSED] - ctdc.utilities.runtestcaseforKatalon.clickTab("Object Repository/Canine/Filter/PrimDiseaseSite/BladderUrethra_Chkbx"): ctdc.utilities.runtestcaseforKatalon.clickTab is PASSED

2021-07-14 17:32:31 - [MESSAGE][PASSED] - ctdc.utilities.runtestcaseforKatalon.clickTab is PASSED

2021-07-14 17:32:31 - [TEST_STEP][PASSED] - ctdc.utilities.runtestcaseforKatalon.clickTab("Object Repository/Canine/Filter/PrimDiseaseSite/PRIMARYDISEASESITE_Ddn"): ctdc.utilities.runtestcaseforKatalon.clickTab is PASSED

2021-07-14 17:32:32 - [MESSAGE][PASSED] - ctdc.utilities.runtestcaseforKatalon.clickTab is PASSED

2021-07-14 17:32:32 - [TEST_STEP][PASSED] - waitForElementPresent(findTestObject("Object Repository/Canine/Filter/ResponseToTreatment/RESPONSETOTREATMENT_Ddn"), 10): Object 'Object Repository/Canine/Filter/ResponseToTreatment/RESPONSETOTREATMENT_Ddn' is present

2021-07-14 17:32:32 - [MESSAGE][PASSED] - Object 'Object Repository/Canine/Filter/ResponseToTreatment/RESPONSETOTREATMENT_Ddn' is present

2021-07-14 17:32:32 - [TEST_STEP][PASSED] - ctdc.utilities.runtestcaseforKatalon.clickTab("Object Repository/Canine/Filter/ResponseToTreatment/RESPONSETOTREATMENT_Ddn"): ctdc.utilities.runtestcaseforKatalon.clickTab is PASSED

2021-07-14 17:32:32 - [MESSAGE][PASSED] - ctdc.utilities.runtestcaseforKatalon.clickTab is PASSED

2021-07-14 17:32:32 - [TEST_STEP][PASSED] - waitForElementPresent(findTestObject("Object Repository/Canine/Filter/ResponseToTreatment/StableDisease_Chkbx"), 10): Object 'Object Repository/Canine/Filter/ResponseToTreatment/StableDisease_Chkbx' is present

2021-07-14 17:32:32 - [MESSAGE][PASSED] - Object 'Object Repository/Canine/Filter/ResponseToTreatment/StableDisease_Chkbx' is present

2021-07-14 17:32:32 - [TEST_STEP][PASSED] - ctdc.utilities.runtestcaseforKatalon.clickTab("Object Repository/Canine/Filter/ResponseToTreatment/StableDisease_Chkbx"): ctdc.utilities.runtestcaseforKatalon.clickTab is PASSED

2021-07-14 17:32:33 - [MESSAGE][PASSED] - ctdc.utilities.runtestcaseforKatalon.clickTab is PASSED

2021-07-14 17:32:33 - [TEST_STEP][PASSED] - ctdc.utilities.runtestcaseforKatalon.clickTab("Object Repository/Canine/Filter/ResponseToTreatment/RESPONSETOTREATMENT_Ddn"): ctdc.utilities.runtestcaseforKatalon.clickTab is PASSED

2021-07-14 17:32:33 - [MESSAGE][PASSED] - ctdc.utilities.runtestcaseforKatalon.clickTab is PASSED

2021-07-14 17:32:33 - [TEST_STEP][PASSED] - ctdc.utilities.runtestcaseforKatalon.readStatBarCanine("Object Repository/Canine/StatBar/Canine_StatBar-Studies", "Object Repository/Canine/StatBar/Canine_StatBar-Cases", "Object Repository/Canine/StatBar/Canine_StatBar-Samples", "Object Repository/Canine/StatBar/Canine_StatBar-Files", "Object Repository/Canine/StatBar/Canine_StatBar-Aliquots"): ctdc.utilities.runtestcaseforKatalon.readStatBarCanine is PASSED

2021-07-14 17:32:48 - [MESSAGE][PASSED] - ctdc.utilities.runtestcaseforKatalon.readStatBarCanine is PASSED

2021-07-14 17:32:48 - [TEST_STEP][PASSED] - waitForElementPresent(findTestObject("Object Repository/Canine/CanineResults_Cases_Tab"), 5): Object 'Object Repository/Canine/CanineResults_Cases_Tab' is present

2021-07-14 17:32:48 - [MESSAGE][PASSED] - Object 'Object Repository/Canine/CanineResults_Cases_Tab' is present

2021-07-14 17:32:48 - [TEST_STEP][PASSED] - ctdc.utilities.runtestcaseforKatalon.clickTab("Object Repository/Canine/CanineResults_Cases_Tab"): ctdc.utilities.runtestcaseforKatalon.clickTab is PASSED

2021-07-14 17:32:49 - [MESSAGE][PASSED] - ctdc.utilities.runtestcaseforKatalon.clickTab is PASSED

2021-07-14 17:32:49 - [TEST_STEP][ERROR] - ctdc.utilities.runtestcaseforKatalon.multiFunction("ICDC", G_StatBar_Cases, "Object Repository/Canine/Canine_CasesTable", "Object Repository/Canine/Canine_TableHeader", "Object Repository/Canine/Canine_CasesTabNextBtn", G_WebTabnameCases, G_CypherTabnameCases, G_QueryCasesTab): Index: 11, Size: 11

2021-07-14 17:33:04 - [MESSAGE][ERROR] - Index: 11, Size: 11]]></system-out>
         <system-err><![CDATA[2021-07-14 17:32:05 - [TEST_CASE][ERROR] - Test Cases/Canine_TestCases/StudyCombinations/Study-Combinations-UBC01/TC18_Canine_StudyUBC-Breed_Diagnosis_PrimDiseaseSite_RespToTreatmt: Test Cases/Canine_TestCases/StudyCombinations/Study-Combinations-UBC01/TC18_Canine_StudyUBC-Breed_Diagnosis_PrimDiseaseSite_RespToTreatmt FAILED.
Reason:
java.lang.IndexOutOfBoundsException: Index: 11, Size: 11
	at java_util_List$get$1.call(Unknown Source)
	at ctdc.utilities.runtestcaseforKatalon.compareTwoLists(runtestcaseforKatalon.groovy:849)
	at ctdc.utilities.runtestcaseforKatalon.compareLists(runtestcaseforKatalon.groovy:901)
	at ctdc.utilities.runtestcaseforKatalon.multiFunction(runtestcaseforKatalon.groovy:253)
	at ctdc.utilities.runtestcaseforKatalon.invokeMethod(runtestcaseforKatalon.groovy)
	at com.kms.katalon.core.main.CustomKeywordDelegatingMetaClass.invokeStaticMethod(CustomKeywordDelegatingMetaClass.java:50)
	at TC18_Canine_StudyUBC-Breed_Diagnosis_PrimDiseaseSite_RespToTreatmt.run(TC18_Canine_StudyUBC-Breed_Diagnosis_PrimDiseaseSite_RespToTreatmt:101)
	at com.kms.katalon.core.main.ScriptEngine.run(ScriptEngine.java:194)
	at com.kms.katalon.core.main.ScriptEngine.runScriptAsRawText(ScriptEngine.java:119)
	at com.kms.katalon.core.main.TestCaseExecutor.runScript(TestCaseExecutor.java:369)
	at com.kms.katalon.core.main.TestCaseExecutor.doExecute(TestCaseExecutor.java:360)
	at com.kms.katalon.core.main.TestCaseExecutor.processExecutionPhase(TestCaseExecutor.java:339)
	at com.kms.katalon.core.main.TestCaseExecutor.accessMainPhase(TestCaseExecutor.java:331)
	at com.kms.katalon.core.main.TestCaseExecutor.execute(TestCaseExecutor.java:248)
	at com.kms.katalon.core.main.TestSuiteExecutor.accessTestCaseMainPhase(TestSuiteExecutor.java:191)
	at com.kms.katalon.core.main.TestSuiteExecutor.accessTestSuiteMainPhase(TestSuiteExecutor.java:140)
	at com.kms.katalon.core.main.TestSuiteExecutor.execute(TestSuiteExecutor.java:89)
	at com.kms.katalon.core.main.TestCaseMain.startTestSuite(TestCaseMain.java:185)
	at com.kms.katalon.core.main.TestCaseMain$startTestSuite$0.call(Unknown Source)
	at TempTestSuite1626296935818.run(TempTestSuite1626296935818.groovy:39)]]></system-err>
      </testcase>
      <testcase name="Test Cases/Canine_TestCases/StudyCombinations/Study-Combinations-UBC01/TC19_Canine_StudyUBC-Breed_Diagnosis_PrimDiseaseSite_RespToTreatmt" time="56.966" classname="Test Cases/Canine_TestCases/StudyCombinations/Study-Combinations-UBC01/TC19_Canine_StudyUBC-Breed_Diagnosis_PrimDiseaseSite_RespToTreatmt" status="ERROR">
         <error type="ERROR" message="Test Cases/Canine_TestCases/StudyCombinations/Study-Combinations-UBC01/TC19_Canine_StudyUBC-Breed_Diagnosis_PrimDiseaseSite_RespToTreatmt FAILED.
Reason:
java.lang.IndexOutOfBoundsException: Index: 11, Size: 11
	at java_util_List$get$1.call(Unknown Source)
	at ctdc.utilities.runtestcaseforKatalon.compareTwoLists(runtestcaseforKatalon.groovy:849)
	at ctdc.utilities.runtestcaseforKatalon.compareLists(runtestcaseforKatalon.groovy:901)
	at ctdc.utilities.runtestcaseforKatalon.multiFunction(runtestcaseforKatalon.groovy:253)
	at ctdc.utilities.runtestcaseforKatalon.invokeMethod(runtestcaseforKatalon.groovy)
	at com.kms.katalon.core.main.CustomKeywordDelegatingMetaClass.invokeStaticMethod(CustomKeywordDelegatingMetaClass.java:50)
	at TC19_Canine_StudyUBC-Breed_Diagnosis_PrimDiseaseSite_RespToTreatmt.run(TC19_Canine_StudyUBC-Breed_Diagnosis_PrimDiseaseSite_RespToTreatmt:98)
	at com.kms.katalon.core.main.ScriptEngine.run(ScriptEngine.java:194)
	at com.kms.katalon.core.main.ScriptEngine.runScriptAsRawText(ScriptEngine.java:119)
	at com.kms.katalon.core.main.TestCaseExecutor.runScript(TestCaseExecutor.java:369)
	at com.kms.katalon.core.main.TestCaseExecutor.doExecute(TestCaseExecutor.java:360)
	at com.kms.katalon.core.main.TestCaseExecutor.processExecutionPhase(TestCaseExecutor.java:339)
	at com.kms.katalon.core.main.TestCaseExecutor.accessMainPhase(TestCaseExecutor.java:331)
	at com.kms.katalon.core.main.TestCaseExecutor.execute(TestCaseExecutor.java:248)
	at com.kms.katalon.core.main.TestSuiteExecutor.accessTestCaseMainPhase(TestSuiteExecutor.java:191)
	at com.kms.katalon.core.main.TestSuiteExecutor.accessTestSuiteMainPhase(TestSuiteExecutor.java:140)
	at com.kms.katalon.core.main.TestSuiteExecutor.execute(TestSuiteExecutor.java:89)
	at com.kms.katalon.core.main.TestCaseMain.startTestSuite(TestCaseMain.java:185)
	at com.kms.katalon.core.main.TestCaseMain$startTestSuite$0.call(Unknown Source)
	at TempTestSuite1626296935818.run(TempTestSuite1626296935818.groovy:39)
"/>
         <system-out><![CDATA[2021-07-14 17:33:04 - [TEST_CASE][ERROR] - Test Cases/Canine_TestCases/StudyCombinations/Study-Combinations-UBC01/TC19_Canine_StudyUBC-Breed_Diagnosis_PrimDiseaseSite_RespToTreatmt: Test Cases/Canine_TestCases/StudyCombinations/Study-Combinations-UBC01/TC19_Canine_StudyUBC-Breed_Diagnosis_PrimDiseaseSite_RespToTreatmt FAILED.
Reason:
java.lang.IndexOutOfBoundsException: Index: 11, Size: 11
	at java_util_List$get$1.call(Unknown Source)
	at ctdc.utilities.runtestcaseforKatalon.compareTwoLists(runtestcaseforKatalon.groovy:849)
	at ctdc.utilities.runtestcaseforKatalon.compareLists(runtestcaseforKatalon.groovy:901)
	at ctdc.utilities.runtestcaseforKatalon.multiFunction(runtestcaseforKatalon.groovy:253)
	at ctdc.utilities.runtestcaseforKatalon.invokeMethod(runtestcaseforKatalon.groovy)
	at com.kms.katalon.core.main.CustomKeywordDelegatingMetaClass.invokeStaticMethod(CustomKeywordDelegatingMetaClass.java:50)
	at TC19_Canine_StudyUBC-Breed_Diagnosis_PrimDiseaseSite_RespToTreatmt.run(TC19_Canine_StudyUBC-Breed_Diagnosis_PrimDiseaseSite_RespToTreatmt:98)
	at com.kms.katalon.core.main.ScriptEngine.run(ScriptEngine.java:194)
	at com.kms.katalon.core.main.ScriptEngine.runScriptAsRawText(ScriptEngine.java:119)
	at com.kms.katalon.core.main.TestCaseExecutor.runScript(TestCaseExecutor.java:369)
	at com.kms.katalon.core.main.TestCaseExecutor.doExecute(TestCaseExecutor.java:360)
	at com.kms.katalon.core.main.TestCaseExecutor.processExecutionPhase(TestCaseExecutor.java:339)
	at com.kms.katalon.core.main.TestCaseExecutor.accessMainPhase(TestCaseExecutor.java:331)
	at com.kms.katalon.core.main.TestCaseExecutor.execute(TestCaseExecutor.java:248)
	at com.kms.katalon.core.main.TestSuiteExecutor.accessTestCaseMainPhase(TestSuiteExecutor.java:191)
	at com.kms.katalon.core.main.TestSuiteExecutor.accessTestSuiteMainPhase(TestSuiteExecutor.java:140)
	at com.kms.katalon.core.main.TestSuiteExecutor.execute(TestSuiteExecutor.java:89)
	at com.kms.katalon.core.main.TestCaseMain.startTestSuite(TestCaseMain.java:185)
	at com.kms.katalon.core.main.TestCaseMain$startTestSuite$0.call(Unknown Source)
	at TempTestSuite1626296935818.run(TempTestSuite1626296935818.groovy:39)


2021-07-14 17:33:04 - [TEST_STEP][PASSED] - Start listener action : getTestScriptName: null

2021-07-14 17:33:04 - [TEST_STEP][PASSED] - TestCaseId = testCaseContext.getTestCaseId(): null

2021-07-14 17:33:04 - [TEST_STEP][PASSED] - out.println("**********this is the value of test case id string******** " + testCaseContext.getTestCaseId()): null

2021-07-14 17:33:04 - [TEST_STEP][PASSED] - G_currentTCName = TestCaseId.substring(TestCaseId.lastIndexOf("TC")): null

2021-07-14 17:33:04 - [TEST_STEP][PASSED] - out.println("This is the test case name : " + G_currentTCName): null

2021-07-14 17:33:06 - [TEST_STEP][PASSED] - closeBrowser(): Browser is closed

2021-07-14 17:33:07 - [MESSAGE][PASSED] - Browser is closed

2021-07-14 17:33:07 - [TEST_STEP][PASSED] - openBrowser(""): Browser is opened with url: ''

2021-07-14 17:33:07 - [MESSAGE][INFO] - Starting 'Chrome (headless)' driver

2021-07-14 17:33:07 - [MESSAGE][INFO] - User set preference: ['args', '[--no-sandbox]']

2021-07-14 17:33:07 - [MESSAGE][INFO] - Action delay is set to 0 milliseconds

2021-07-14 17:33:08 - [MESSAGE][PASSED] - Browser is opened with url: ''

2021-07-14 17:33:08 - [TEST_STEP][PASSED] - maximizeWindow(): Current window maximized

2021-07-14 17:33:08 - [MESSAGE][PASSED] - Current window maximized

2021-07-14 17:33:08 - [TEST_STEP][PASSED] - "Driver opened by Katalon is used in Selenium from this step.": null

2021-07-14 17:33:08 - [TEST_STEP][PASSED] - ctdc.utilities.runtestcaseforKatalon.RunKatalon("TC19_Canine_StudyUBC-Breed_Diagnosis_PrimDiseaseSite_RespToTreatmt.xlsx"): Data loaded from input file for the test case. 

2021-07-14 17:33:08 - [MESSAGE][PASSED] - Test case file loaded This is the full filepath after converting to string :C:\Automation_master\InputFiles\TC19_Canine_StudyUBC-Breed_Diagnosis_PrimDiseaseSite_RespToTreatmt.xlsx

2021-07-14 17:33:08 - [MESSAGE][INFO] - Global variable set for password file is :  C:\Automation_master\InputFiles\TC19_Canine_StudyUBC-Breed_Diagnosis_PrimDiseaseSite_RespToTreatmt.xlsx

2021-07-14 17:33:12 - [MESSAGE][PASSED] - Data loaded from input file for the test case. 

2021-07-14 17:33:20 - [TEST_STEP][PASSED] - waitForElementPresent(findTestObject("Canine/NavBar/Canine_Cases_Btn"), 10): Object 'Object Repository/Canine/NavBar/Canine_Cases_Btn' is present

2021-07-14 17:33:20 - [MESSAGE][PASSED] - Object 'Object Repository/Canine/NavBar/Canine_Cases_Btn' is present

2021-07-14 17:33:20 - [TEST_STEP][PASSED] - ctdc.utilities.runtestcaseforKatalon.clickTab("Canine/NavBar/Canine_Cases_Btn"): ctdc.utilities.runtestcaseforKatalon.clickTab is PASSED

2021-07-14 17:33:20 - [MESSAGE][PASSED] - ctdc.utilities.runtestcaseforKatalon.clickTab is PASSED

2021-07-14 17:33:20 - [TEST_STEP][PASSED] - waitForElementPresent(findTestObject("Object Repository/Canine/Filter/FilterByCases_Facet"), 10): Object 'Object Repository/Canine/Filter/FilterByCases_Facet' is present

2021-07-14 17:33:21 - [MESSAGE][PASSED] - Object 'Object Repository/Canine/Filter/FilterByCases_Facet' is present

2021-07-14 17:33:21 - [TEST_STEP][PASSED] - ctdc.utilities.runtestcaseforKatalon.clickTab("Object Repository/Canine/Filter/FilterByCases_Facet"): ctdc.utilities.runtestcaseforKatalon.clickTab is PASSED

2021-07-14 17:33:21 - [MESSAGE][PASSED] - ctdc.utilities.runtestcaseforKatalon.clickTab is PASSED

2021-07-14 17:33:21 - [TEST_STEP][PASSED] - waitForElementPresent(findTestObject("Object Repository/Canine/Filter/Study/Canine_Filter_Study"), 10): Object 'Object Repository/Canine/Filter/Study/Canine_Filter_Study' is present

2021-07-14 17:33:22 - [MESSAGE][PASSED] - Object 'Object Repository/Canine/Filter/Study/Canine_Filter_Study' is present

2021-07-14 17:33:22 - [TEST_STEP][PASSED] - ctdc.utilities.runtestcaseforKatalon.clickTab("Object Repository/Canine/Filter/Study/Canine_Filter_Study"): ctdc.utilities.runtestcaseforKatalon.clickTab is PASSED

2021-07-14 17:33:22 - [MESSAGE][PASSED] - ctdc.utilities.runtestcaseforKatalon.clickTab is PASSED

2021-07-14 17:33:22 - [TEST_STEP][PASSED] - waitForElementPresent(findTestObject("Object Repository/Canine/Filter/Study/Canine_Filter_Study-UBC_Chkbx"), 10): Object 'Object Repository/Canine/Filter/Study/Canine_Filter_Study-UBC_Chkbx' is present

2021-07-14 17:33:22 - [MESSAGE][PASSED] - Object 'Object Repository/Canine/Filter/Study/Canine_Filter_Study-UBC_Chkbx' is present

2021-07-14 17:33:22 - [TEST_STEP][PASSED] - ctdc.utilities.runtestcaseforKatalon.clickTab("Object Repository/Canine/Filter/Study/Canine_Filter_Study-UBC_Chkbx"): ctdc.utilities.runtestcaseforKatalon.clickTab is PASSED

2021-07-14 17:33:23 - [MESSAGE][PASSED] - ctdc.utilities.runtestcaseforKatalon.clickTab is PASSED

2021-07-14 17:33:23 - [TEST_STEP][PASSED] - Thread.sleep(2000): null

2021-07-14 17:33:25 - [TEST_STEP][PASSED] - waitForElementPresent(findTestObject("Object Repository/Canine/Filter/Breed/BREED_Ddn"), 10): Object 'Object Repository/Canine/Filter/Breed/BREED_Ddn' is present

2021-07-14 17:33:25 - [MESSAGE][PASSED] - Object 'Object Repository/Canine/Filter/Breed/BREED_Ddn' is present

2021-07-14 17:33:25 - [TEST_STEP][PASSED] - ctdc.utilities.runtestcaseforKatalon.clickTab("Object Repository/Canine/Filter/Breed/BREED_Ddn"): ctdc.utilities.runtestcaseforKatalon.clickTab is PASSED

2021-07-14 17:33:25 - [MESSAGE][PASSED] - ctdc.utilities.runtestcaseforKatalon.clickTab is PASSED

2021-07-14 17:33:25 - [TEST_STEP][PASSED] - waitForElementPresent(findTestObject("Object Repository/Canine/Filter/Breed/BelgMalin_Chkbx"), 10): Object 'Object Repository/Canine/Filter/Breed/BelgMalin_Chkbx' is present

2021-07-14 17:33:25 - [MESSAGE][PASSED] - Object 'Object Repository/Canine/Filter/Breed/BelgMalin_Chkbx' is present

2021-07-14 17:33:25 - [TEST_STEP][PASSED] - ctdc.utilities.runtestcaseforKatalon.clickTab("Object Repository/Canine/Filter/Breed/BelgMalin_Chkbx"): ctdc.utilities.runtestcaseforKatalon.clickTab is PASSED

2021-07-14 17:33:25 - [MESSAGE][PASSED] - ctdc.utilities.runtestcaseforKatalon.clickTab is PASSED

2021-07-14 17:33:25 - [TEST_STEP][PASSED] - waitForElementPresent(findTestObject("Object Repository/Canine/Filter/Breed/Labrador_Chkbx"), 10): Object 'Object Repository/Canine/Filter/Breed/Labrador_Chkbx' is present

2021-07-14 17:33:26 - [MESSAGE][PASSED] - Object 'Object Repository/Canine/Filter/Breed/Labrador_Chkbx' is present

2021-07-14 17:33:26 - [TEST_STEP][PASSED] - ctdc.utilities.runtestcaseforKatalon.clickTab("Object Repository/Canine/Filter/Breed/Labrador_Chkbx"): ctdc.utilities.runtestcaseforKatalon.clickTab is PASSED

2021-07-14 17:33:26 - [MESSAGE][PASSED] - ctdc.utilities.runtestcaseforKatalon.clickTab is PASSED

2021-07-14 17:33:26 - [TEST_STEP][PASSED] - waitForElementPresent(findTestObject("Object Repository/Canine/Filter/Breed/WestHland_Chkbx"), 10): Object 'Object Repository/Canine/Filter/Breed/WestHland_Chkbx' is present

2021-07-14 17:33:26 - [MESSAGE][PASSED] - Object 'Object Repository/Canine/Filter/Breed/WestHland_Chkbx' is present

2021-07-14 17:33:26 - [TEST_STEP][PASSED] - ctdc.utilities.runtestcaseforKatalon.clickTab("Object Repository/Canine/Filter/Breed/WestHland_Chkbx"): ctdc.utilities.runtestcaseforKatalon.clickTab is PASSED

2021-07-14 17:33:27 - [MESSAGE][PASSED] - ctdc.utilities.runtestcaseforKatalon.clickTab is PASSED

2021-07-14 17:33:27 - [TEST_STEP][PASSED] - ctdc.utilities.runtestcaseforKatalon.clickTab("Object Repository/Canine/Filter/Breed/BREED_Ddn"): ctdc.utilities.runtestcaseforKatalon.clickTab is PASSED

2021-07-14 17:33:27 - [MESSAGE][PASSED] - ctdc.utilities.runtestcaseforKatalon.clickTab is PASSED

2021-07-14 17:33:27 - [TEST_STEP][PASSED] - waitForElementPresent(findTestObject("Object Repository/Canine/Filter/Diagnosis/DIAGNOSIS_Ddn"), 10): Object 'Object Repository/Canine/Filter/Diagnosis/DIAGNOSIS_Ddn' is present

2021-07-14 17:33:27 - [MESSAGE][PASSED] - Object 'Object Repository/Canine/Filter/Diagnosis/DIAGNOSIS_Ddn' is present

2021-07-14 17:33:27 - [TEST_STEP][PASSED] - ctdc.utilities.runtestcaseforKatalon.clickTab("Object Repository/Canine/Filter/Diagnosis/DIAGNOSIS_Ddn"): ctdc.utilities.runtestcaseforKatalon.clickTab is PASSED

2021-07-14 17:33:28 - [MESSAGE][PASSED] - ctdc.utilities.runtestcaseforKatalon.clickTab is PASSED

2021-07-14 17:33:28 - [TEST_STEP][PASSED] - waitForElementPresent(findTestObject("Object Repository/Canine/Filter/Diagnosis/BladderCancer_Chkbx"), 10): Object 'Object Repository/Canine/Filter/Diagnosis/BladderCancer_Chkbx' is present

2021-07-14 17:33:28 - [MESSAGE][PASSED] - Object 'Object Repository/Canine/Filter/Diagnosis/BladderCancer_Chkbx' is present

2021-07-14 17:33:28 - [TEST_STEP][PASSED] - ctdc.utilities.runtestcaseforKatalon.clickTab("Object Repository/Canine/Filter/Diagnosis/BladderCancer_Chkbx"): ctdc.utilities.runtestcaseforKatalon.clickTab is PASSED

2021-07-14 17:33:28 - [MESSAGE][PASSED] - ctdc.utilities.runtestcaseforKatalon.clickTab is PASSED

2021-07-14 17:33:28 - [TEST_STEP][PASSED] - ctdc.utilities.runtestcaseforKatalon.clickTab("Object Repository/Canine/Filter/Diagnosis/DIAGNOSIS_Ddn"): ctdc.utilities.runtestcaseforKatalon.clickTab is PASSED

2021-07-14 17:33:29 - [MESSAGE][PASSED] - ctdc.utilities.runtestcaseforKatalon.clickTab is PASSED

2021-07-14 17:33:29 - [TEST_STEP][PASSED] - waitForElementPresent(findTestObject("Object Repository/Canine/Filter/PrimDiseaseSite/PRIMARYDISEASESITE_Ddn"), 10): Object 'Object Repository/Canine/Filter/PrimDiseaseSite/PRIMARYDISEASESITE_Ddn' is present

2021-07-14 17:33:29 - [MESSAGE][PASSED] - Object 'Object Repository/Canine/Filter/PrimDiseaseSite/PRIMARYDISEASESITE_Ddn' is present

2021-07-14 17:33:29 - [TEST_STEP][PASSED] - ctdc.utilities.runtestcaseforKatalon.clickTab("Object Repository/Canine/Filter/PrimDiseaseSite/PRIMARYDISEASESITE_Ddn"): ctdc.utilities.runtestcaseforKatalon.clickTab is PASSED

2021-07-14 17:33:29 - [MESSAGE][PASSED] - ctdc.utilities.runtestcaseforKatalon.clickTab is PASSED

2021-07-14 17:33:29 - [TEST_STEP][PASSED] - waitForElementPresent(findTestObject("Object Repository/Canine/Filter/PrimDiseaseSite/BladderProstate_Chkbx"), 10): Object 'Object Repository/Canine/Filter/PrimDiseaseSite/BladderProstate_Chkbx' is present

2021-07-14 17:33:29 - [MESSAGE][PASSED] - Object 'Object Repository/Canine/Filter/PrimDiseaseSite/BladderProstate_Chkbx' is present

2021-07-14 17:33:29 - [TEST_STEP][PASSED] - ctdc.utilities.runtestcaseforKatalon.clickTab("Object Repository/Canine/Filter/PrimDiseaseSite/BladderProstate_Chkbx"): ctdc.utilities.runtestcaseforKatalon.clickTab is PASSED

2021-07-14 17:33:29 - [MESSAGE][PASSED] - ctdc.utilities.runtestcaseforKatalon.clickTab is PASSED

2021-07-14 17:33:29 - [TEST_STEP][PASSED] - ctdc.utilities.runtestcaseforKatalon.clickTab("Object Repository/Canine/Filter/PrimDiseaseSite/PRIMARYDISEASESITE_Ddn"): ctdc.utilities.runtestcaseforKatalon.clickTab is PASSED

2021-07-14 17:33:30 - [MESSAGE][PASSED] - ctdc.utilities.runtestcaseforKatalon.clickTab is PASSED

2021-07-14 17:33:30 - [TEST_STEP][PASSED] - waitForElementPresent(findTestObject("Object Repository/Canine/Filter/ResponseToTreatment/RESPONSETOTREATMENT_Ddn"), 10): Object 'Object Repository/Canine/Filter/ResponseToTreatment/RESPONSETOTREATMENT_Ddn' is present

2021-07-14 17:33:30 - [MESSAGE][PASSED] - Object 'Object Repository/Canine/Filter/ResponseToTreatment/RESPONSETOTREATMENT_Ddn' is present

2021-07-14 17:33:30 - [TEST_STEP][PASSED] - ctdc.utilities.runtestcaseforKatalon.clickTab("Object Repository/Canine/Filter/ResponseToTreatment/RESPONSETOTREATMENT_Ddn"): ctdc.utilities.runtestcaseforKatalon.clickTab is PASSED

2021-07-14 17:33:30 - [MESSAGE][PASSED] - ctdc.utilities.runtestcaseforKatalon.clickTab is PASSED

2021-07-14 17:33:30 - [TEST_STEP][PASSED] - waitForElementPresent(findTestObject("Object Repository/Canine/Filter/ResponseToTreatment/PartialResponse_Chkbx"), 10): Object 'Object Repository/Canine/Filter/ResponseToTreatment/PartialResponse_Chkbx' is present

2021-07-14 17:33:30 - [MESSAGE][PASSED] - Object 'Object Repository/Canine/Filter/ResponseToTreatment/PartialResponse_Chkbx' is present

2021-07-14 17:33:30 - [TEST_STEP][PASSED] - ctdc.utilities.runtestcaseforKatalon.clickTab("Object Repository/Canine/Filter/ResponseToTreatment/PartialResponse_Chkbx"): ctdc.utilities.runtestcaseforKatalon.clickTab is PASSED

2021-07-14 17:33:31 - [MESSAGE][PASSED] - ctdc.utilities.runtestcaseforKatalon.clickTab is PASSED

2021-07-14 17:33:31 - [TEST_STEP][PASSED] - ctdc.utilities.runtestcaseforKatalon.clickTab("Object Repository/Canine/Filter/ResponseToTreatment/RESPONSETOTREATMENT_Ddn"): ctdc.utilities.runtestcaseforKatalon.clickTab is PASSED

2021-07-14 17:33:31 - [MESSAGE][PASSED] - ctdc.utilities.runtestcaseforKatalon.clickTab is PASSED

2021-07-14 17:33:31 - [TEST_STEP][PASSED] - ctdc.utilities.runtestcaseforKatalon.readStatBarCanine("Object Repository/Canine/StatBar/Canine_StatBar-Studies", "Object Repository/Canine/StatBar/Canine_StatBar-Cases", "Object Repository/Canine/StatBar/Canine_StatBar-Samples", "Object Repository/Canine/StatBar/Canine_StatBar-Files", "Object Repository/Canine/StatBar/Canine_StatBar-Aliquots"): ctdc.utilities.runtestcaseforKatalon.readStatBarCanine is PASSED

2021-07-14 17:33:46 - [MESSAGE][PASSED] - ctdc.utilities.runtestcaseforKatalon.readStatBarCanine is PASSED

2021-07-14 17:33:46 - [TEST_STEP][PASSED] - waitForElementPresent(findTestObject("Object Repository/Canine/CanineResults_Cases_Tab"), 5): Object 'Object Repository/Canine/CanineResults_Cases_Tab' is present

2021-07-14 17:33:46 - [MESSAGE][PASSED] - Object 'Object Repository/Canine/CanineResults_Cases_Tab' is present

2021-07-14 17:33:46 - [TEST_STEP][PASSED] - ctdc.utilities.runtestcaseforKatalon.clickTab("Object Repository/Canine/CanineResults_Cases_Tab"): ctdc.utilities.runtestcaseforKatalon.clickTab is PASSED

2021-07-14 17:33:46 - [MESSAGE][PASSED] - ctdc.utilities.runtestcaseforKatalon.clickTab is PASSED

2021-07-14 17:33:46 - [TEST_STEP][ERROR] - ctdc.utilities.runtestcaseforKatalon.multiFunction("ICDC", G_StatBar_Cases, "Object Repository/Canine/Canine_CasesTable", "Object Repository/Canine/Canine_TableHeader", "Object Repository/Canine/Canine_CasesTabNextBtn", G_WebTabnameCases, G_CypherTabnameCases, G_QueryCasesTab): Index: 11, Size: 11

2021-07-14 17:34:01 - [MESSAGE][ERROR] - Index: 11, Size: 11]]></system-out>
         <system-err><![CDATA[2021-07-14 17:33:04 - [TEST_CASE][ERROR] - Test Cases/Canine_TestCases/StudyCombinations/Study-Combinations-UBC01/TC19_Canine_StudyUBC-Breed_Diagnosis_PrimDiseaseSite_RespToTreatmt: Test Cases/Canine_TestCases/StudyCombinations/Study-Combinations-UBC01/TC19_Canine_StudyUBC-Breed_Diagnosis_PrimDiseaseSite_RespToTreatmt FAILED.
Reason:
java.lang.IndexOutOfBoundsException: Index: 11, Size: 11
	at java_util_List$get$1.call(Unknown Source)
	at ctdc.utilities.runtestcaseforKatalon.compareTwoLists(runtestcaseforKatalon.groovy:849)
	at ctdc.utilities.runtestcaseforKatalon.compareLists(runtestcaseforKatalon.groovy:901)
	at ctdc.utilities.runtestcaseforKatalon.multiFunction(runtestcaseforKatalon.groovy:253)
	at ctdc.utilities.runtestcaseforKatalon.invokeMethod(runtestcaseforKatalon.groovy)
	at com.kms.katalon.core.main.CustomKeywordDelegatingMetaClass.invokeStaticMethod(CustomKeywordDelegatingMetaClass.java:50)
	at TC19_Canine_StudyUBC-Breed_Diagnosis_PrimDiseaseSite_RespToTreatmt.run(TC19_Canine_StudyUBC-Breed_Diagnosis_PrimDiseaseSite_RespToTreatmt:98)
	at com.kms.katalon.core.main.ScriptEngine.run(ScriptEngine.java:194)
	at com.kms.katalon.core.main.ScriptEngine.runScriptAsRawText(ScriptEngine.java:119)
	at com.kms.katalon.core.main.TestCaseExecutor.runScript(TestCaseExecutor.java:369)
	at com.kms.katalon.core.main.TestCaseExecutor.doExecute(TestCaseExecutor.java:360)
	at com.kms.katalon.core.main.TestCaseExecutor.processExecutionPhase(TestCaseExecutor.java:339)
	at com.kms.katalon.core.main.TestCaseExecutor.accessMainPhase(TestCaseExecutor.java:331)
	at com.kms.katalon.core.main.TestCaseExecutor.execute(TestCaseExecutor.java:248)
	at com.kms.katalon.core.main.TestSuiteExecutor.accessTestCaseMainPhase(TestSuiteExecutor.java:191)
	at com.kms.katalon.core.main.TestSuiteExecutor.accessTestSuiteMainPhase(TestSuiteExecutor.java:140)
	at com.kms.katalon.core.main.TestSuiteExecutor.execute(TestSuiteExecutor.java:89)
	at com.kms.katalon.core.main.TestCaseMain.startTestSuite(TestCaseMain.java:185)
	at com.kms.katalon.core.main.TestCaseMain$startTestSuite$0.call(Unknown Source)
	at TempTestSuite1626296935818.run(TempTestSuite1626296935818.groovy:39)]]></system-err>
      </testcase>
      <testcase name="Test Cases/Canine_TestCases/StudyCombinations/Study-Combinations-UBC01/TC20_Canine_StudyUBC-Breed_Diagnosis_PrimDiseaseSite_RespToTreatmt" time="93.952" classname="Test Cases/Canine_TestCases/StudyCombinations/Study-Combinations-UBC01/TC20_Canine_StudyUBC-Breed_Diagnosis_PrimDiseaseSite_RespToTreatmt" status="ERROR">
         <error type="ERROR" message="Test Cases/Canine_TestCases/StudyCombinations/Study-Combinations-UBC01/TC20_Canine_StudyUBC-Breed_Diagnosis_PrimDiseaseSite_RespToTreatmt FAILED.
Reason:
org.openqa.selenium.NoSuchElementException: no such element: Unable to locate element: {&quot;method&quot;:&quot;xpath&quot;,&quot;selector&quot;:&quot;//*[contains(text(),'Progressive Disease')]&quot;}
  (Session info: headless chrome=91.0.4472.124)
For documentation on this error, please visit: https://www.seleniumhq.org/exceptions/no_such_element.html
Build info: version: '3.141.59', revision: 'e82be7d358', time: '2018-11-14T08:25:53'
System info: host: 'NCI-02158064-L', ip: '10.242.15.121', os.name: 'Windows 10', os.arch: 'amd64', os.version: '10.0', java.version: '1.8.0_181'
Driver info: org.openqa.selenium.chrome.ChromeDriver
Capabilities {acceptInsecureCerts: false, browserName: chrome, browserVersion: 91.0.4472.124, chrome: {chromedriverVersion: 90.0.4430.24 (4c6d850f087da..., userDataDir: C:\Users\lollal\AppData\Loc...}, goog:chromeOptions: {debuggerAddress: localhost:52708}, javascriptEnabled: true, networkConnectionEnabled: false, pageLoadStrategy: normal, platform: WINDOWS, platformName: WINDOWS, proxy: Proxy(), setWindowRect: true, strictFileInteractability: false, timeouts: {implicit: 0, pageLoad: 300000, script: 30000}, unhandledPromptBehavior: dismiss and notify, webauthn:extension:largeBlob: true, webauthn:virtualAuthenticators: true}
Session ID: 72136b307105fb965609dc7292965d58
*** Element info: {Using=xpath, value=//*[contains(text(),'Progressive Disease')]}
	at org.openqa.selenium.remote.http.W3CHttpResponseCodec.createException(W3CHttpResponseCodec.java:187)
	at org.openqa.selenium.remote.http.W3CHttpResponseCodec.decode(W3CHttpResponseCodec.java:122)
	at org.openqa.selenium.remote.http.W3CHttpResponseCodec.decode(W3CHttpResponseCodec.java:49)
	at org.openqa.selenium.remote.HttpCommandExecutor.execute(HttpCommandExecutor.java:158)
	at org.openqa.selenium.remote.service.DriverCommandExecutor.execute(DriverCommandExecutor.java:83)
	at org.openqa.selenium.remote.RemoteWebDriver.execute(RemoteWebDriver.java:552)
	at org.openqa.selenium.remote.RemoteWebDriver.findElement(RemoteWebDriver.java:323)
	at org.openqa.selenium.remote.RemoteWebDriver.findElementByXPath(RemoteWebDriver.java:428)
	at org.openqa.selenium.By$ByXPath.findElement(By.java:353)
	at org.openqa.selenium.remote.RemoteWebDriver.findElement(RemoteWebDriver.java:315)
	at org.openqa.selenium.WebDriver$findElement$1.call(Unknown Source)
	at ctdc.utilities.runtestcaseforKatalon.clickTab(runtestcaseforKatalon.groovy:1048)
	at ctdc.utilities.runtestcaseforKatalon.invokeMethod(runtestcaseforKatalon.groovy)
	at com.kms.katalon.core.main.CustomKeywordDelegatingMetaClass.invokeStaticMethod(CustomKeywordDelegatingMetaClass.java:50)
	at TC20_Canine_StudyUBC-Breed_Diagnosis_PrimDiseaseSite_RespToTreatmt.run(TC20_Canine_StudyUBC-Breed_Diagnosis_PrimDiseaseSite_RespToTreatmt:99)
	at com.kms.katalon.core.main.ScriptEngine.run(ScriptEngine.java:194)
	at com.kms.katalon.core.main.ScriptEngine.runScriptAsRawText(ScriptEngine.java:119)
	at com.kms.katalon.core.main.TestCaseExecutor.runScript(TestCaseExecutor.java:369)
	at com.kms.katalon.core.main.TestCaseExecutor.doExecute(TestCaseExecutor.java:360)
	at com.kms.katalon.core.main.TestCaseExecutor.processExecutionPhase(TestCaseExecutor.java:339)
	at com.kms.katalon.core.main.TestCaseExecutor.accessMainPhase(TestCaseExecutor.java:331)
	at com.kms.katalon.core.main.TestCaseExecutor.execute(TestCaseExecutor.java:248)
	at com.kms.katalon.core.main.TestSuiteExecutor.accessTestCaseMainPhase(TestSuiteExecutor.java:191)
	at com.kms.katalon.core.main.TestSuiteExecutor.accessTestSuiteMainPhase(TestSuiteExecutor.java:140)
	at com.kms.katalon.core.main.TestSuiteExecutor.execute(TestSuiteExecutor.java:89)
	at com.kms.katalon.core.main.TestCaseMain.startTestSuite(TestCaseMain.java:185)
	at com.kms.katalon.core.main.TestCaseMain$startTestSuite$0.call(Unknown Source)
	at TempTestSuite1626296935818.run(TempTestSuite1626296935818.groovy:39)
"/>
         <system-out><![CDATA[2021-07-14 17:34:01 - [TEST_CASE][ERROR] - Test Cases/Canine_TestCases/StudyCombinations/Study-Combinations-UBC01/TC20_Canine_StudyUBC-Breed_Diagnosis_PrimDiseaseSite_RespToTreatmt: Test Cases/Canine_TestCases/StudyCombinations/Study-Combinations-UBC01/TC20_Canine_StudyUBC-Breed_Diagnosis_PrimDiseaseSite_RespToTreatmt FAILED.
Reason:
org.openqa.selenium.NoSuchElementException: no such element: Unable to locate element: {"method":"xpath","selector":"//*[contains(text(),'Progressive Disease')]"}
  (Session info: headless chrome=91.0.4472.124)
For documentation on this error, please visit: https://www.seleniumhq.org/exceptions/no_such_element.html
Build info: version: '3.141.59', revision: 'e82be7d358', time: '2018-11-14T08:25:53'
System info: host: 'NCI-02158064-L', ip: '10.242.15.121', os.name: 'Windows 10', os.arch: 'amd64', os.version: '10.0', java.version: '1.8.0_181'
Driver info: org.openqa.selenium.chrome.ChromeDriver
Capabilities {acceptInsecureCerts: false, browserName: chrome, browserVersion: 91.0.4472.124, chrome: {chromedriverVersion: 90.0.4430.24 (4c6d850f087da..., userDataDir: C:\Users\lollal\AppData\Loc...}, goog:chromeOptions: {debuggerAddress: localhost:52708}, javascriptEnabled: true, networkConnectionEnabled: false, pageLoadStrategy: normal, platform: WINDOWS, platformName: WINDOWS, proxy: Proxy(), setWindowRect: true, strictFileInteractability: false, timeouts: {implicit: 0, pageLoad: 300000, script: 30000}, unhandledPromptBehavior: dismiss and notify, webauthn:extension:largeBlob: true, webauthn:virtualAuthenticators: true}
Session ID: 72136b307105fb965609dc7292965d58
*** Element info: {Using=xpath, value=//*[contains(text(),'Progressive Disease')]}
	at org.openqa.selenium.remote.http.W3CHttpResponseCodec.createException(W3CHttpResponseCodec.java:187)
	at org.openqa.selenium.remote.http.W3CHttpResponseCodec.decode(W3CHttpResponseCodec.java:122)
	at org.openqa.selenium.remote.http.W3CHttpResponseCodec.decode(W3CHttpResponseCodec.java:49)
	at org.openqa.selenium.remote.HttpCommandExecutor.execute(HttpCommandExecutor.java:158)
	at org.openqa.selenium.remote.service.DriverCommandExecutor.execute(DriverCommandExecutor.java:83)
	at org.openqa.selenium.remote.RemoteWebDriver.execute(RemoteWebDriver.java:552)
	at org.openqa.selenium.remote.RemoteWebDriver.findElement(RemoteWebDriver.java:323)
	at org.openqa.selenium.remote.RemoteWebDriver.findElementByXPath(RemoteWebDriver.java:428)
	at org.openqa.selenium.By$ByXPath.findElement(By.java:353)
	at org.openqa.selenium.remote.RemoteWebDriver.findElement(RemoteWebDriver.java:315)
	at org.openqa.selenium.WebDriver$findElement$1.call(Unknown Source)
	at ctdc.utilities.runtestcaseforKatalon.clickTab(runtestcaseforKatalon.groovy:1048)
	at ctdc.utilities.runtestcaseforKatalon.invokeMethod(runtestcaseforKatalon.groovy)
	at com.kms.katalon.core.main.CustomKeywordDelegatingMetaClass.invokeStaticMethod(CustomKeywordDelegatingMetaClass.java:50)
	at TC20_Canine_StudyUBC-Breed_Diagnosis_PrimDiseaseSite_RespToTreatmt.run(TC20_Canine_StudyUBC-Breed_Diagnosis_PrimDiseaseSite_RespToTreatmt:99)
	at com.kms.katalon.core.main.ScriptEngine.run(ScriptEngine.java:194)
	at com.kms.katalon.core.main.ScriptEngine.runScriptAsRawText(ScriptEngine.java:119)
	at com.kms.katalon.core.main.TestCaseExecutor.runScript(TestCaseExecutor.java:369)
	at com.kms.katalon.core.main.TestCaseExecutor.doExecute(TestCaseExecutor.java:360)
	at com.kms.katalon.core.main.TestCaseExecutor.processExecutionPhase(TestCaseExecutor.java:339)
	at com.kms.katalon.core.main.TestCaseExecutor.accessMainPhase(TestCaseExecutor.java:331)
	at com.kms.katalon.core.main.TestCaseExecutor.execute(TestCaseExecutor.java:248)
	at com.kms.katalon.core.main.TestSuiteExecutor.accessTestCaseMainPhase(TestSuiteExecutor.java:191)
	at com.kms.katalon.core.main.TestSuiteExecutor.accessTestSuiteMainPhase(TestSuiteExecutor.java:140)
	at com.kms.katalon.core.main.TestSuiteExecutor.execute(TestSuiteExecutor.java:89)
	at com.kms.katalon.core.main.TestCaseMain.startTestSuite(TestCaseMain.java:185)
	at com.kms.katalon.core.main.TestCaseMain$startTestSuite$0.call(Unknown Source)
	at TempTestSuite1626296935818.run(TempTestSuite1626296935818.groovy:39)


2021-07-14 17:34:01 - [TEST_STEP][PASSED] - Start listener action : getTestScriptName: null

2021-07-14 17:34:01 - [TEST_STEP][PASSED] - TestCaseId = testCaseContext.getTestCaseId(): null

2021-07-14 17:34:01 - [TEST_STEP][PASSED] - out.println("**********this is the value of test case id string******** " + testCaseContext.getTestCaseId()): null

2021-07-14 17:34:01 - [TEST_STEP][PASSED] - G_currentTCName = TestCaseId.substring(TestCaseId.lastIndexOf("TC")): null

2021-07-14 17:34:01 - [TEST_STEP][PASSED] - out.println("This is the test case name : " + G_currentTCName): null

2021-07-14 17:34:03 - [TEST_STEP][PASSED] - closeBrowser(): Browser is closed

2021-07-14 17:34:03 - [MESSAGE][PASSED] - Browser is closed

2021-07-14 17:34:03 - [TEST_STEP][PASSED] - openBrowser(""): Browser is opened with url: ''

2021-07-14 17:34:03 - [MESSAGE][INFO] - Starting 'Chrome (headless)' driver

2021-07-14 17:34:03 - [MESSAGE][INFO] - User set preference: ['args', '[--no-sandbox]']

2021-07-14 17:34:03 - [MESSAGE][INFO] - Action delay is set to 0 milliseconds

2021-07-14 17:34:05 - [MESSAGE][PASSED] - Browser is opened with url: ''

2021-07-14 17:34:05 - [TEST_STEP][PASSED] - maximizeWindow(): Current window maximized

2021-07-14 17:34:05 - [MESSAGE][PASSED] - Current window maximized

2021-07-14 17:34:05 - [TEST_STEP][PASSED] - "Driver opened by Katalon is used in Selenium from this step.": null

2021-07-14 17:34:05 - [TEST_STEP][PASSED] - ctdc.utilities.runtestcaseforKatalon.RunKatalon("TC20_Canine_StudyUBC-Breed_Diagnosis_PrimDiseaseSite_RespToTreatmt.xlsx"): Data loaded from input file for the test case. 

2021-07-14 17:34:05 - [MESSAGE][PASSED] - Test case file loaded This is the full filepath after converting to string :C:\Automation_master\InputFiles\TC20_Canine_StudyUBC-Breed_Diagnosis_PrimDiseaseSite_RespToTreatmt.xlsx

2021-07-14 17:34:05 - [MESSAGE][INFO] - Global variable set for password file is :  C:\Automation_master\InputFiles\TC20_Canine_StudyUBC-Breed_Diagnosis_PrimDiseaseSite_RespToTreatmt.xlsx

2021-07-14 17:34:09 - [MESSAGE][PASSED] - Data loaded from input file for the test case. 

2021-07-14 17:34:16 - [TEST_STEP][PASSED] - waitForElementPresent(findTestObject("Canine/NavBar/Canine_Cases_Btn"), 10): Object 'Object Repository/Canine/NavBar/Canine_Cases_Btn' is present

2021-07-14 17:34:16 - [MESSAGE][PASSED] - Object 'Object Repository/Canine/NavBar/Canine_Cases_Btn' is present

2021-07-14 17:34:16 - [TEST_STEP][PASSED] - ctdc.utilities.runtestcaseforKatalon.clickTab("Canine/NavBar/Canine_Cases_Btn"): ctdc.utilities.runtestcaseforKatalon.clickTab is PASSED

2021-07-14 17:34:16 - [MESSAGE][PASSED] - ctdc.utilities.runtestcaseforKatalon.clickTab is PASSED

2021-07-14 17:34:16 - [TEST_STEP][PASSED] - waitForElementPresent(findTestObject("Object Repository/Canine/Filter/FilterByCases_Facet"), 10): Object 'Object Repository/Canine/Filter/FilterByCases_Facet' is present

2021-07-14 17:34:18 - [MESSAGE][PASSED] - Object 'Object Repository/Canine/Filter/FilterByCases_Facet' is present

2021-07-14 17:34:18 - [TEST_STEP][PASSED] - ctdc.utilities.runtestcaseforKatalon.clickTab("Object Repository/Canine/Filter/FilterByCases_Facet"): ctdc.utilities.runtestcaseforKatalon.clickTab is PASSED

2021-07-14 17:34:18 - [MESSAGE][PASSED] - ctdc.utilities.runtestcaseforKatalon.clickTab is PASSED

2021-07-14 17:34:18 - [TEST_STEP][PASSED] - waitForElementPresent(findTestObject("Object Repository/Canine/Filter/Study/Canine_Filter_Study"), 10): Object 'Object Repository/Canine/Filter/Study/Canine_Filter_Study' is present

2021-07-14 17:34:19 - [MESSAGE][PASSED] - Object 'Object Repository/Canine/Filter/Study/Canine_Filter_Study' is present

2021-07-14 17:34:19 - [TEST_STEP][PASSED] - ctdc.utilities.runtestcaseforKatalon.clickTab("Object Repository/Canine/Filter/Study/Canine_Filter_Study"): ctdc.utilities.runtestcaseforKatalon.clickTab is PASSED

2021-07-14 17:34:19 - [MESSAGE][PASSED] - ctdc.utilities.runtestcaseforKatalon.clickTab is PASSED

2021-07-14 17:34:19 - [TEST_STEP][PASSED] - waitForElementPresent(findTestObject("Object Repository/Canine/Filter/Study/Canine_Filter_Study-UBC_Chkbx"), 10): Object 'Object Repository/Canine/Filter/Study/Canine_Filter_Study-UBC_Chkbx' is present

2021-07-14 17:34:20 - [MESSAGE][PASSED] - Object 'Object Repository/Canine/Filter/Study/Canine_Filter_Study-UBC_Chkbx' is present

2021-07-14 17:34:20 - [TEST_STEP][PASSED] - ctdc.utilities.runtestcaseforKatalon.clickTab("Object Repository/Canine/Filter/Study/Canine_Filter_Study-UBC_Chkbx"): ctdc.utilities.runtestcaseforKatalon.clickTab is PASSED

2021-07-14 17:34:20 - [MESSAGE][PASSED] - ctdc.utilities.runtestcaseforKatalon.clickTab is PASSED

2021-07-14 17:34:20 - [TEST_STEP][PASSED] - Thread.sleep(2000): null

2021-07-14 17:34:22 - [TEST_STEP][PASSED] - waitForElementPresent(findTestObject("Object Repository/Canine/Filter/Breed/BREED_Ddn"), 10): Object 'Object Repository/Canine/Filter/Breed/BREED_Ddn' is present

2021-07-14 17:34:22 - [MESSAGE][PASSED] - Object 'Object Repository/Canine/Filter/Breed/BREED_Ddn' is present

2021-07-14 17:34:22 - [TEST_STEP][PASSED] - ctdc.utilities.runtestcaseforKatalon.clickTab("Object Repository/Canine/Filter/Breed/BREED_Ddn"): ctdc.utilities.runtestcaseforKatalon.clickTab is PASSED

2021-07-14 17:34:22 - [MESSAGE][PASSED] - ctdc.utilities.runtestcaseforKatalon.clickTab is PASSED

2021-07-14 17:34:22 - [TEST_STEP][PASSED] - waitForElementPresent(findTestObject("Object Repository/Canine/Filter/Breed/BassHnd_Chkbx"), 10): Object 'Object Repository/Canine/Filter/Breed/BassHnd_Chkbx' is present

2021-07-14 17:34:22 - [MESSAGE][PASSED] - Object 'Object Repository/Canine/Filter/Breed/BassHnd_Chkbx' is present

2021-07-14 17:34:22 - [TEST_STEP][PASSED] - ctdc.utilities.runtestcaseforKatalon.clickTab("Object Repository/Canine/Filter/Breed/BassHnd_Chkbx"): ctdc.utilities.runtestcaseforKatalon.clickTab is PASSED

2021-07-14 17:34:23 - [MESSAGE][PASSED] - ctdc.utilities.runtestcaseforKatalon.clickTab is PASSED

2021-07-14 17:34:23 - [TEST_STEP][PASSED] - waitForElementPresent(findTestObject("Object Repository/Canine/Filter/Breed/BelgMalin_Chkbx"), 10): Object 'Object Repository/Canine/Filter/Breed/BelgMalin_Chkbx' is present

2021-07-14 17:34:23 - [MESSAGE][PASSED] - Object 'Object Repository/Canine/Filter/Breed/BelgMalin_Chkbx' is present

2021-07-14 17:34:23 - [TEST_STEP][PASSED] - ctdc.utilities.runtestcaseforKatalon.clickTab("Object Repository/Canine/Filter/Breed/BelgMalin_Chkbx"): ctdc.utilities.runtestcaseforKatalon.clickTab is PASSED

2021-07-14 17:34:24 - [MESSAGE][PASSED] - ctdc.utilities.runtestcaseforKatalon.clickTab is PASSED

2021-07-14 17:34:24 - [TEST_STEP][PASSED] - waitForElementPresent(findTestObject("Object Repository/Canine/Filter/Breed/Labrador_Chkbx"), 10): Object 'Object Repository/Canine/Filter/Breed/Labrador_Chkbx' is present

2021-07-14 17:34:24 - [MESSAGE][PASSED] - Object 'Object Repository/Canine/Filter/Breed/Labrador_Chkbx' is present

2021-07-14 17:34:24 - [TEST_STEP][PASSED] - ctdc.utilities.runtestcaseforKatalon.clickTab("Object Repository/Canine/Filter/Breed/Labrador_Chkbx"): ctdc.utilities.runtestcaseforKatalon.clickTab is PASSED

2021-07-14 17:34:24 - [MESSAGE][PASSED] - ctdc.utilities.runtestcaseforKatalon.clickTab is PASSED

2021-07-14 17:34:24 - [TEST_STEP][PASSED] - waitForElementPresent(findTestObject("Object Repository/Canine/Filter/Breed/WestHland_Chkbx"), 10): Object 'Object Repository/Canine/Filter/Breed/WestHland_Chkbx' is present

2021-07-14 17:34:25 - [MESSAGE][PASSED] - Object 'Object Repository/Canine/Filter/Breed/WestHland_Chkbx' is present

2021-07-14 17:34:25 - [TEST_STEP][PASSED] - ctdc.utilities.runtestcaseforKatalon.clickTab("Object Repository/Canine/Filter/Breed/WestHland_Chkbx"): ctdc.utilities.runtestcaseforKatalon.clickTab is PASSED

2021-07-14 17:34:25 - [MESSAGE][PASSED] - ctdc.utilities.runtestcaseforKatalon.clickTab is PASSED

2021-07-14 17:34:25 - [TEST_STEP][PASSED] - ctdc.utilities.runtestcaseforKatalon.clickTab("Object Repository/Canine/Filter/Breed/BREED_Ddn"): ctdc.utilities.runtestcaseforKatalon.clickTab is PASSED

2021-07-14 17:34:26 - [MESSAGE][PASSED] - ctdc.utilities.runtestcaseforKatalon.clickTab is PASSED

2021-07-14 17:34:26 - [TEST_STEP][PASSED] - waitForElementPresent(findTestObject("Object Repository/Canine/Filter/Diagnosis/DIAGNOSIS_Ddn"), 10): Object 'Object Repository/Canine/Filter/Diagnosis/DIAGNOSIS_Ddn' is present

2021-07-14 17:34:26 - [MESSAGE][PASSED] - Object 'Object Repository/Canine/Filter/Diagnosis/DIAGNOSIS_Ddn' is present

2021-07-14 17:34:26 - [TEST_STEP][PASSED] - ctdc.utilities.runtestcaseforKatalon.clickTab("Object Repository/Canine/Filter/Diagnosis/DIAGNOSIS_Ddn"): ctdc.utilities.runtestcaseforKatalon.clickTab is PASSED

2021-07-14 17:34:27 - [MESSAGE][PASSED] - ctdc.utilities.runtestcaseforKatalon.clickTab is PASSED

2021-07-14 17:34:27 - [TEST_STEP][PASSED] - waitForElementPresent(findTestObject("Object Repository/Canine/Filter/Diagnosis/BladderCancer_Chkbx"), 10): Object 'Object Repository/Canine/Filter/Diagnosis/BladderCancer_Chkbx' is present

2021-07-14 17:34:27 - [MESSAGE][PASSED] - Object 'Object Repository/Canine/Filter/Diagnosis/BladderCancer_Chkbx' is present

2021-07-14 17:34:27 - [TEST_STEP][PASSED] - ctdc.utilities.runtestcaseforKatalon.clickTab("Object Repository/Canine/Filter/Diagnosis/BladderCancer_Chkbx"): ctdc.utilities.runtestcaseforKatalon.clickTab is PASSED

2021-07-14 17:34:27 - [MESSAGE][PASSED] - ctdc.utilities.runtestcaseforKatalon.clickTab is PASSED

2021-07-14 17:34:27 - [TEST_STEP][PASSED] - ctdc.utilities.runtestcaseforKatalon.clickTab("Object Repository/Canine/Filter/Diagnosis/DIAGNOSIS_Ddn"): ctdc.utilities.runtestcaseforKatalon.clickTab is PASSED

2021-07-14 17:34:28 - [MESSAGE][PASSED] - ctdc.utilities.runtestcaseforKatalon.clickTab is PASSED

2021-07-14 17:34:28 - [TEST_STEP][PASSED] - waitForElementPresent(findTestObject("Object Repository/Canine/Filter/PrimDiseaseSite/PRIMARYDISEASESITE_Ddn"), 10): Object 'Object Repository/Canine/Filter/PrimDiseaseSite/PRIMARYDISEASESITE_Ddn' is present

2021-07-14 17:34:28 - [MESSAGE][PASSED] - Object 'Object Repository/Canine/Filter/PrimDiseaseSite/PRIMARYDISEASESITE_Ddn' is present

2021-07-14 17:34:28 - [TEST_STEP][PASSED] - ctdc.utilities.runtestcaseforKatalon.clickTab("Object Repository/Canine/Filter/PrimDiseaseSite/PRIMARYDISEASESITE_Ddn"): ctdc.utilities.runtestcaseforKatalon.clickTab is PASSED

2021-07-14 17:34:29 - [MESSAGE][PASSED] - ctdc.utilities.runtestcaseforKatalon.clickTab is PASSED

2021-07-14 17:34:29 - [TEST_STEP][PASSED] - waitForElementPresent(findTestObject("Object Repository/Canine/Filter/PrimDiseaseSite/BladderProstate_Chkbx"), 10): Object 'Object Repository/Canine/Filter/PrimDiseaseSite/BladderProstate_Chkbx' is present

2021-07-14 17:34:29 - [MESSAGE][PASSED] - Object 'Object Repository/Canine/Filter/PrimDiseaseSite/BladderProstate_Chkbx' is present

2021-07-14 17:34:29 - [TEST_STEP][PASSED] - ctdc.utilities.runtestcaseforKatalon.clickTab("Object Repository/Canine/Filter/PrimDiseaseSite/BladderProstate_Chkbx"): ctdc.utilities.runtestcaseforKatalon.clickTab is PASSED

2021-07-14 17:34:29 - [MESSAGE][PASSED] - ctdc.utilities.runtestcaseforKatalon.clickTab is PASSED

2021-07-14 17:34:29 - [TEST_STEP][PASSED] - waitForElementPresent(findTestObject("Object Repository/Canine/Filter/PrimDiseaseSite/BladderUrethra_Chkbx"), 10): Object 'Object Repository/Canine/Filter/PrimDiseaseSite/BladderUrethra_Chkbx' is present

2021-07-14 17:34:30 - [MESSAGE][PASSED] - Object 'Object Repository/Canine/Filter/PrimDiseaseSite/BladderUrethra_Chkbx' is present

2021-07-14 17:34:30 - [TEST_STEP][PASSED] - ctdc.utilities.runtestcaseforKatalon.clickTab("Object Repository/Canine/Filter/PrimDiseaseSite/BladderUrethra_Chkbx"): ctdc.utilities.runtestcaseforKatalon.clickTab is PASSED

2021-07-14 17:34:30 - [MESSAGE][PASSED] - ctdc.utilities.runtestcaseforKatalon.clickTab is PASSED

2021-07-14 17:34:30 - [TEST_STEP][PASSED] - waitForElementPresent(findTestObject("Object Repository/Canine/Filter/PrimDiseaseSite/BladderUrethraProstate_Chkbx"), 10): Object 'Object Repository/Canine/Filter/PrimDiseaseSite/BladderUrethraProstate_Chkbx' is present

2021-07-14 17:34:31 - [MESSAGE][PASSED] - Object 'Object Repository/Canine/Filter/PrimDiseaseSite/BladderUrethraProstate_Chkbx' is present

2021-07-14 17:34:31 - [TEST_STEP][PASSED] - ctdc.utilities.runtestcaseforKatalon.clickTab("Object Repository/Canine/Filter/PrimDiseaseSite/BladderUrethraProstate_Chkbx"): ctdc.utilities.runtestcaseforKatalon.clickTab is PASSED

2021-07-14 17:34:31 - [MESSAGE][PASSED] - ctdc.utilities.runtestcaseforKatalon.clickTab is PASSED

2021-07-14 17:34:31 - [TEST_STEP][PASSED] - waitForElementPresent(findTestObject("Object Repository/Canine/Filter/PrimDiseaseSite/UrethraProstate_Chkbx"), 15): Object 'Object Repository/Canine/Filter/PrimDiseaseSite/UrethraProstate_Chkbx' is present

2021-07-14 17:34:31 - [MESSAGE][PASSED] - Object 'Object Repository/Canine/Filter/PrimDiseaseSite/UrethraProstate_Chkbx' is present

2021-07-14 17:34:31 - [TEST_STEP][PASSED] - ctdc.utilities.runtestcaseforKatalon.clickTab("Object Repository/Canine/Filter/PrimDiseaseSite/UrethraProstate_Chkbx"): ctdc.utilities.runtestcaseforKatalon.clickTab is PASSED

2021-07-14 17:34:32 - [MESSAGE][PASSED] - ctdc.utilities.runtestcaseforKatalon.clickTab is PASSED

2021-07-14 17:34:32 - [TEST_STEP][PASSED] - ctdc.utilities.runtestcaseforKatalon.clickTab("Object Repository/Canine/Filter/PrimDiseaseSite/PRIMARYDISEASESITE_Ddn"): ctdc.utilities.runtestcaseforKatalon.clickTab is PASSED

2021-07-14 17:34:32 - [MESSAGE][PASSED] - ctdc.utilities.runtestcaseforKatalon.clickTab is PASSED

2021-07-14 17:34:32 - [TEST_STEP][PASSED] - waitForElementPresent(findTestObject("Object Repository/Canine/Filter/ResponseToTreatment/RESPONSETOTREATMENT_Ddn"), 10): Object 'Object Repository/Canine/Filter/ResponseToTreatment/RESPONSETOTREATMENT_Ddn' is present

2021-07-14 17:34:33 - [MESSAGE][PASSED] - Object 'Object Repository/Canine/Filter/ResponseToTreatment/RESPONSETOTREATMENT_Ddn' is present

2021-07-14 17:34:33 - [TEST_STEP][PASSED] - ctdc.utilities.runtestcaseforKatalon.clickTab("Object Repository/Canine/Filter/ResponseToTreatment/RESPONSETOTREATMENT_Ddn"): ctdc.utilities.runtestcaseforKatalon.clickTab is PASSED

2021-07-14 17:34:33 - [MESSAGE][PASSED] - ctdc.utilities.runtestcaseforKatalon.clickTab is PASSED

2021-07-14 17:34:33 - [TEST_STEP][PASSED] - waitForElementPresent(findTestObject("Object Repository/Canine/Filter/ResponseToTreatment/NotDetermined_Chkbx"), 10): Object 'Object Repository/Canine/Filter/ResponseToTreatment/NotDetermined_Chkbx' is present

2021-07-14 17:34:33 - [MESSAGE][PASSED] - Object 'Object Repository/Canine/Filter/ResponseToTreatment/NotDetermined_Chkbx' is present

2021-07-14 17:34:33 - [TEST_STEP][PASSED] - ctdc.utilities.runtestcaseforKatalon.clickTab("Object Repository/Canine/Filter/ResponseToTreatment/NotDetermined_Chkbx"): ctdc.utilities.runtestcaseforKatalon.clickTab is PASSED

2021-07-14 17:34:34 - [MESSAGE][PASSED] - ctdc.utilities.runtestcaseforKatalon.clickTab is PASSED

2021-07-14 17:34:34 - [TEST_STEP][PASSED] - waitForElementPresent(findTestObject("Object Repository/Canine/Filter/ResponseToTreatment/PartialResponse_Chkbx"), 10): Object 'Object Repository/Canine/Filter/ResponseToTreatment/PartialResponse_Chkbx' is present

2021-07-14 17:34:34 - [MESSAGE][PASSED] - Object 'Object Repository/Canine/Filter/ResponseToTreatment/PartialResponse_Chkbx' is present

2021-07-14 17:34:34 - [TEST_STEP][PASSED] - ctdc.utilities.runtestcaseforKatalon.clickTab("Object Repository/Canine/Filter/ResponseToTreatment/PartialResponse_Chkbx"): ctdc.utilities.runtestcaseforKatalon.clickTab is PASSED

2021-07-14 17:34:35 - [MESSAGE][PASSED] - ctdc.utilities.runtestcaseforKatalon.clickTab is PASSED

2021-07-14 17:34:35 - [TEST_STEP][PASSED] - waitForElementPresent(findTestObject("Object Repository/Canine/Filter/ResponseToTreatment/ProgrDisease_Chkbx"), 10): Object 'Object Repository/Canine/Filter/ResponseToTreatment/ProgrDisease_Chkbx' is not present after 10 second(s)

2021-07-14 17:35:05 - [MESSAGE][INFO] - Unable to find the element located by 'By.xpath: //*[contains(text(),'Progressive Disease')]'. Please recheck the objects properties to make sure the desired element is located. 

2021-07-14 17:35:05 - [MESSAGE][WARNING] - Object 'Object Repository/Canine/Filter/ResponseToTreatment/ProgrDisease_Chkbx' is not present after 10 second(s)

2021-07-14 17:35:05 - [TEST_STEP][ERROR] - ctdc.utilities.runtestcaseforKatalon.clickTab("Object Repository/Canine/Filter/ResponseToTreatment/ProgrDisease_Chkbx"): no such element: Unable to locate element: {"method":"xpath","selector":"//*[contains(text(),'Progressive Disease')]"}
  (Session info: headless chrome=91.0.4472.124)
For documentation on this error, please visit: https://www.seleniumhq.org/exceptions/no_such_element.html
Build info: version: '3.141.59', revision: 'e82be7d358', time: '2018-11-14T08:25:53'
System info: host: 'NCI-02158064-L', ip: '10.242.15.121', os.name: 'Windows 10', os.arch: 'amd64', os.version: '10.0', java.version: '1.8.0_181'
Driver info: org.openqa.selenium.chrome.ChromeDriver
Capabilities {acceptInsecureCerts: false, browserName: chrome, browserVersion: 91.0.4472.124, chrome: {chromedriverVersion: 90.0.4430.24 (4c6d850f087da..., userDataDir: C:\Users\lollal\AppData\Loc...}, goog:chromeOptions: {debuggerAddress: localhost:52708}, javascriptEnabled: true, networkConnectionEnabled: false, pageLoadStrategy: normal, platform: WINDOWS, platformName: WINDOWS, proxy: Proxy(), setWindowRect: true, strictFileInteractability: false, timeouts: {implicit: 0, pageLoad: 300000, script: 30000}, unhandledPromptBehavior: dismiss and notify, webauthn:extension:largeBlob: true, webauthn:virtualAuthenticators: true}
Session ID: 72136b307105fb965609dc7292965d58
*** Element info: {Using=xpath, value=//*[contains(text(),'Progressive Disease')]}

2021-07-14 17:35:35 - [MESSAGE][ERROR] - no such element: Unable to locate element: {"method":"xpath","selector":"//*[contains(text(),'Progressive Disease')]"}
  (Session info: headless chrome=91.0.4472.124)
For documentation on this error, please visit: https://www.seleniumhq.org/exceptions/no_such_element.html
Build info: version: '3.141.59', revision: 'e82be7d358', time: '2018-11-14T08:25:53'
System info: host: 'NCI-02158064-L', ip: '10.242.15.121', os.name: 'Windows 10', os.arch: 'amd64', os.version: '10.0', java.version: '1.8.0_181'
Driver info: org.openqa.selenium.chrome.ChromeDriver
Capabilities {acceptInsecureCerts: false, browserName: chrome, browserVersion: 91.0.4472.124, chrome: {chromedriverVersion: 90.0.4430.24 (4c6d850f087da..., userDataDir: C:\Users\lollal\AppData\Loc...}, goog:chromeOptions: {debuggerAddress: localhost:52708}, javascriptEnabled: true, networkConnectionEnabled: false, pageLoadStrategy: normal, platform: WINDOWS, platformName: WINDOWS, proxy: Proxy(), setWindowRect: true, strictFileInteractability: false, timeouts: {implicit: 0, pageLoad: 300000, script: 30000}, unhandledPromptBehavior: dismiss and notify, webauthn:extension:largeBlob: true, webauthn:virtualAuthenticators: true}
Session ID: 72136b307105fb965609dc7292965d58
*** Element info: {Using=xpath, value=//*[contains(text(),'Progressive Disease')]}]]></system-out>
         <system-err><![CDATA[2021-07-14 17:34:01 - [TEST_CASE][ERROR] - Test Cases/Canine_TestCases/StudyCombinations/Study-Combinations-UBC01/TC20_Canine_StudyUBC-Breed_Diagnosis_PrimDiseaseSite_RespToTreatmt: Test Cases/Canine_TestCases/StudyCombinations/Study-Combinations-UBC01/TC20_Canine_StudyUBC-Breed_Diagnosis_PrimDiseaseSite_RespToTreatmt FAILED.
Reason:
org.openqa.selenium.NoSuchElementException: no such element: Unable to locate element: {"method":"xpath","selector":"//*[contains(text(),'Progressive Disease')]"}
  (Session info: headless chrome=91.0.4472.124)
For documentation on this error, please visit: https://www.seleniumhq.org/exceptions/no_such_element.html
Build info: version: '3.141.59', revision: 'e82be7d358', time: '2018-11-14T08:25:53'
System info: host: 'NCI-02158064-L', ip: '10.242.15.121', os.name: 'Windows 10', os.arch: 'amd64', os.version: '10.0', java.version: '1.8.0_181'
Driver info: org.openqa.selenium.chrome.ChromeDriver
Capabilities {acceptInsecureCerts: false, browserName: chrome, browserVersion: 91.0.4472.124, chrome: {chromedriverVersion: 90.0.4430.24 (4c6d850f087da..., userDataDir: C:\Users\lollal\AppData\Loc...}, goog:chromeOptions: {debuggerAddress: localhost:52708}, javascriptEnabled: true, networkConnectionEnabled: false, pageLoadStrategy: normal, platform: WINDOWS, platformName: WINDOWS, proxy: Proxy(), setWindowRect: true, strictFileInteractability: false, timeouts: {implicit: 0, pageLoad: 300000, script: 30000}, unhandledPromptBehavior: dismiss and notify, webauthn:extension:largeBlob: true, webauthn:virtualAuthenticators: true}
Session ID: 72136b307105fb965609dc7292965d58
*** Element info: {Using=xpath, value=//*[contains(text(),'Progressive Disease')]}
	at org.openqa.selenium.remote.http.W3CHttpResponseCodec.createException(W3CHttpResponseCodec.java:187)
	at org.openqa.selenium.remote.http.W3CHttpResponseCodec.decode(W3CHttpResponseCodec.java:122)
	at org.openqa.selenium.remote.http.W3CHttpResponseCodec.decode(W3CHttpResponseCodec.java:49)
	at org.openqa.selenium.remote.HttpCommandExecutor.execute(HttpCommandExecutor.java:158)
	at org.openqa.selenium.remote.service.DriverCommandExecutor.execute(DriverCommandExecutor.java:83)
	at org.openqa.selenium.remote.RemoteWebDriver.execute(RemoteWebDriver.java:552)
	at org.openqa.selenium.remote.RemoteWebDriver.findElement(RemoteWebDriver.java:323)
	at org.openqa.selenium.remote.RemoteWebDriver.findElementByXPath(RemoteWebDriver.java:428)
	at org.openqa.selenium.By$ByXPath.findElement(By.java:353)
	at org.openqa.selenium.remote.RemoteWebDriver.findElement(RemoteWebDriver.java:315)
	at org.openqa.selenium.WebDriver$findElement$1.call(Unknown Source)
	at ctdc.utilities.runtestcaseforKatalon.clickTab(runtestcaseforKatalon.groovy:1048)
	at ctdc.utilities.runtestcaseforKatalon.invokeMethod(runtestcaseforKatalon.groovy)
	at com.kms.katalon.core.main.CustomKeywordDelegatingMetaClass.invokeStaticMethod(CustomKeywordDelegatingMetaClass.java:50)
	at TC20_Canine_StudyUBC-Breed_Diagnosis_PrimDiseaseSite_RespToTreatmt.run(TC20_Canine_StudyUBC-Breed_Diagnosis_PrimDiseaseSite_RespToTreatmt:99)
	at com.kms.katalon.core.main.ScriptEngine.run(ScriptEngine.java:194)
	at com.kms.katalon.core.main.ScriptEngine.runScriptAsRawText(ScriptEngine.java:119)
	at com.kms.katalon.core.main.TestCaseExecutor.runScript(TestCaseExecutor.java:369)
	at com.kms.katalon.core.main.TestCaseExecutor.doExecute(TestCaseExecutor.java:360)
	at com.kms.katalon.core.main.TestCaseExecutor.processExecutionPhase(TestCaseExecutor.java:339)
	at com.kms.katalon.core.main.TestCaseExecutor.accessMainPhase(TestCaseExecutor.java:331)
	at com.kms.katalon.core.main.TestCaseExecutor.execute(TestCaseExecutor.java:248)
	at com.kms.katalon.core.main.TestSuiteExecutor.accessTestCaseMainPhase(TestSuiteExecutor.java:191)
	at com.kms.katalon.core.main.TestSuiteExecutor.accessTestSuiteMainPhase(TestSuiteExecutor.java:140)
	at com.kms.katalon.core.main.TestSuiteExecutor.execute(TestSuiteExecutor.java:89)
	at com.kms.katalon.core.main.TestCaseMain.startTestSuite(TestCaseMain.java:185)
	at com.kms.katalon.core.main.TestCaseMain$startTestSuite$0.call(Unknown Source)
	at TempTestSuite1626296935818.run(TempTestSuite1626296935818.groovy:39)]]></system-err>
      </testcase>
      <testcase name="Test Cases/Canine_TestCases/StudyCombinations/Study-Combinations-UBC01/TC21_Canine_StudyUBC-AllBreeds_StageOfDisease" time="106.535" classname="Test Cases/Canine_TestCases/StudyCombinations/Study-Combinations-UBC01/TC21_Canine_StudyUBC-AllBreeds_StageOfDisease" status="ERROR">
         <error type="ERROR" message="Test Cases/Canine_TestCases/StudyCombinations/Study-Combinations-UBC01/TC21_Canine_StudyUBC-AllBreeds_StageOfDisease FAILED.
Reason:
java.lang.IndexOutOfBoundsException: Index: 11, Size: 11
	at java_util_List$get$1.call(Unknown Source)
	at ctdc.utilities.runtestcaseforKatalon.compareTwoLists(runtestcaseforKatalon.groovy:849)
	at ctdc.utilities.runtestcaseforKatalon.compareLists(runtestcaseforKatalon.groovy:901)
	at ctdc.utilities.runtestcaseforKatalon.multiFunction(runtestcaseforKatalon.groovy:253)
	at ctdc.utilities.runtestcaseforKatalon.invokeMethod(runtestcaseforKatalon.groovy)
	at com.kms.katalon.core.main.CustomKeywordDelegatingMetaClass.invokeStaticMethod(CustomKeywordDelegatingMetaClass.java:50)
	at TC21_Canine_StudyUBC-AllBreeds_StageOfDisease.run(TC21_Canine_StudyUBC-AllBreeds_StageOfDisease:85)
	at com.kms.katalon.core.main.ScriptEngine.run(ScriptEngine.java:194)
	at com.kms.katalon.core.main.ScriptEngine.runScriptAsRawText(ScriptEngine.java:119)
	at com.kms.katalon.core.main.TestCaseExecutor.runScript(TestCaseExecutor.java:369)
	at com.kms.katalon.core.main.TestCaseExecutor.doExecute(TestCaseExecutor.java:360)
	at com.kms.katalon.core.main.TestCaseExecutor.processExecutionPhase(TestCaseExecutor.java:339)
	at com.kms.katalon.core.main.TestCaseExecutor.accessMainPhase(TestCaseExecutor.java:331)
	at com.kms.katalon.core.main.TestCaseExecutor.execute(TestCaseExecutor.java:248)
	at com.kms.katalon.core.main.TestSuiteExecutor.accessTestCaseMainPhase(TestSuiteExecutor.java:191)
	at com.kms.katalon.core.main.TestSuiteExecutor.accessTestSuiteMainPhase(TestSuiteExecutor.java:140)
	at com.kms.katalon.core.main.TestSuiteExecutor.execute(TestSuiteExecutor.java:89)
	at com.kms.katalon.core.main.TestCaseMain.startTestSuite(TestCaseMain.java:185)
	at com.kms.katalon.core.main.TestCaseMain$startTestSuite$0.call(Unknown Source)
	at TempTestSuite1626296935818.run(TempTestSuite1626296935818.groovy:39)
"/>
         <system-out><![CDATA[2021-07-14 17:35:35 - [TEST_CASE][ERROR] - Test Cases/Canine_TestCases/StudyCombinations/Study-Combinations-UBC01/TC21_Canine_StudyUBC-AllBreeds_StageOfDisease: Test Cases/Canine_TestCases/StudyCombinations/Study-Combinations-UBC01/TC21_Canine_StudyUBC-AllBreeds_StageOfDisease FAILED.
Reason:
java.lang.IndexOutOfBoundsException: Index: 11, Size: 11
	at java_util_List$get$1.call(Unknown Source)
	at ctdc.utilities.runtestcaseforKatalon.compareTwoLists(runtestcaseforKatalon.groovy:849)
	at ctdc.utilities.runtestcaseforKatalon.compareLists(runtestcaseforKatalon.groovy:901)
	at ctdc.utilities.runtestcaseforKatalon.multiFunction(runtestcaseforKatalon.groovy:253)
	at ctdc.utilities.runtestcaseforKatalon.invokeMethod(runtestcaseforKatalon.groovy)
	at com.kms.katalon.core.main.CustomKeywordDelegatingMetaClass.invokeStaticMethod(CustomKeywordDelegatingMetaClass.java:50)
	at TC21_Canine_StudyUBC-AllBreeds_StageOfDisease.run(TC21_Canine_StudyUBC-AllBreeds_StageOfDisease:85)
	at com.kms.katalon.core.main.ScriptEngine.run(ScriptEngine.java:194)
	at com.kms.katalon.core.main.ScriptEngine.runScriptAsRawText(ScriptEngine.java:119)
	at com.kms.katalon.core.main.TestCaseExecutor.runScript(TestCaseExecutor.java:369)
	at com.kms.katalon.core.main.TestCaseExecutor.doExecute(TestCaseExecutor.java:360)
	at com.kms.katalon.core.main.TestCaseExecutor.processExecutionPhase(TestCaseExecutor.java:339)
	at com.kms.katalon.core.main.TestCaseExecutor.accessMainPhase(TestCaseExecutor.java:331)
	at com.kms.katalon.core.main.TestCaseExecutor.execute(TestCaseExecutor.java:248)
	at com.kms.katalon.core.main.TestSuiteExecutor.accessTestCaseMainPhase(TestSuiteExecutor.java:191)
	at com.kms.katalon.core.main.TestSuiteExecutor.accessTestSuiteMainPhase(TestSuiteExecutor.java:140)
	at com.kms.katalon.core.main.TestSuiteExecutor.execute(TestSuiteExecutor.java:89)
	at com.kms.katalon.core.main.TestCaseMain.startTestSuite(TestCaseMain.java:185)
	at com.kms.katalon.core.main.TestCaseMain$startTestSuite$0.call(Unknown Source)
	at TempTestSuite1626296935818.run(TempTestSuite1626296935818.groovy:39)


2021-07-14 17:35:35 - [TEST_STEP][PASSED] - Start listener action : getTestScriptName: null

2021-07-14 17:35:35 - [TEST_STEP][PASSED] - TestCaseId = testCaseContext.getTestCaseId(): null

2021-07-14 17:35:35 - [TEST_STEP][PASSED] - out.println("**********this is the value of test case id string******** " + testCaseContext.getTestCaseId()): null

2021-07-14 17:35:35 - [TEST_STEP][PASSED] - G_currentTCName = TestCaseId.substring(TestCaseId.lastIndexOf("TC")): null

2021-07-14 17:35:35 - [TEST_STEP][PASSED] - out.println("This is the test case name : " + G_currentTCName): null

2021-07-14 17:35:36 - [TEST_STEP][PASSED] - closeBrowser(): Browser is closed

2021-07-14 17:35:37 - [MESSAGE][PASSED] - Browser is closed

2021-07-14 17:35:37 - [TEST_STEP][PASSED] - openBrowser(""): Browser is opened with url: ''

2021-07-14 17:35:37 - [MESSAGE][INFO] - Starting 'Chrome (headless)' driver

2021-07-14 17:35:37 - [MESSAGE][INFO] - User set preference: ['args', '[--no-sandbox]']

2021-07-14 17:35:37 - [MESSAGE][INFO] - Action delay is set to 0 milliseconds

2021-07-14 17:35:38 - [MESSAGE][PASSED] - Browser is opened with url: ''

2021-07-14 17:35:38 - [TEST_STEP][PASSED] - maximizeWindow(): Current window maximized

2021-07-14 17:35:38 - [MESSAGE][PASSED] - Current window maximized

2021-07-14 17:35:38 - [TEST_STEP][PASSED] - "Driver opened by Katalon is used in Selenium from this step.": null

2021-07-14 17:35:38 - [TEST_STEP][PASSED] - ctdc.utilities.runtestcaseforKatalon.RunKatalon("TC21_Canine_StudyUBC-AllBreeds_StageOfDisease.xlsx"): Data loaded from input file for the test case. 

2021-07-14 17:35:38 - [MESSAGE][PASSED] - Test case file loaded This is the full filepath after converting to string :C:\Automation_master\InputFiles\TC21_Canine_StudyUBC-AllBreeds_StageOfDisease.xlsx

2021-07-14 17:35:38 - [MESSAGE][INFO] - Global variable set for password file is :  C:\Automation_master\InputFiles\TC21_Canine_StudyUBC-AllBreeds_StageOfDisease.xlsx

2021-07-14 17:35:42 - [MESSAGE][PASSED] - Data loaded from input file for the test case. 

2021-07-14 17:35:50 - [TEST_STEP][PASSED] - findTestObject("Object Repository/Canine/Filter/StageOfDisease/STAGEOFDISEASE_Ddn"): null

2021-07-14 17:35:50 - [TEST_STEP][PASSED] - waitForElementPresent(findTestObject("Canine/NavBar/Canine_Cases_Btn"), 10): Object 'Object Repository/Canine/NavBar/Canine_Cases_Btn' is present

2021-07-14 17:35:50 - [MESSAGE][PASSED] - Object 'Object Repository/Canine/NavBar/Canine_Cases_Btn' is present

2021-07-14 17:35:50 - [TEST_STEP][PASSED] - ctdc.utilities.runtestcaseforKatalon.clickTab("Canine/NavBar/Canine_Cases_Btn"): ctdc.utilities.runtestcaseforKatalon.clickTab is PASSED

2021-07-14 17:35:50 - [MESSAGE][PASSED] - ctdc.utilities.runtestcaseforKatalon.clickTab is PASSED

2021-07-14 17:35:50 - [TEST_STEP][PASSED] - waitForElementPresent(findTestObject("Object Repository/Canine/Filter/FilterByCases_Facet"), 10): Object 'Object Repository/Canine/Filter/FilterByCases_Facet' is present

2021-07-14 17:35:52 - [MESSAGE][PASSED] - Object 'Object Repository/Canine/Filter/FilterByCases_Facet' is present

2021-07-14 17:35:52 - [TEST_STEP][PASSED] - ctdc.utilities.runtestcaseforKatalon.clickTab("Object Repository/Canine/Filter/FilterByCases_Facet"): ctdc.utilities.runtestcaseforKatalon.clickTab is PASSED

2021-07-14 17:35:53 - [MESSAGE][PASSED] - ctdc.utilities.runtestcaseforKatalon.clickTab is PASSED

2021-07-14 17:35:53 - [TEST_STEP][PASSED] - waitForElementPresent(findTestObject("Object Repository/Canine/Filter/Study/Canine_Filter_Study"), 10): Object 'Object Repository/Canine/Filter/Study/Canine_Filter_Study' is present

2021-07-14 17:35:53 - [MESSAGE][PASSED] - Object 'Object Repository/Canine/Filter/Study/Canine_Filter_Study' is present

2021-07-14 17:35:53 - [TEST_STEP][PASSED] - ctdc.utilities.runtestcaseforKatalon.clickTab("Object Repository/Canine/Filter/Study/Canine_Filter_Study"): ctdc.utilities.runtestcaseforKatalon.clickTab is PASSED

2021-07-14 17:35:53 - [MESSAGE][PASSED] - ctdc.utilities.runtestcaseforKatalon.clickTab is PASSED

2021-07-14 17:35:53 - [TEST_STEP][PASSED] - waitForElementPresent(findTestObject("Object Repository/Canine/Filter/Study/Canine_Filter_Study-UBC_Chkbx"), 10): Object 'Object Repository/Canine/Filter/Study/Canine_Filter_Study-UBC_Chkbx' is present

2021-07-14 17:35:54 - [MESSAGE][PASSED] - Object 'Object Repository/Canine/Filter/Study/Canine_Filter_Study-UBC_Chkbx' is present

2021-07-14 17:35:54 - [TEST_STEP][PASSED] - ctdc.utilities.runtestcaseforKatalon.clickTab("Object Repository/Canine/Filter/Study/Canine_Filter_Study-UBC_Chkbx"): ctdc.utilities.runtestcaseforKatalon.clickTab is PASSED

2021-07-14 17:35:54 - [MESSAGE][PASSED] - ctdc.utilities.runtestcaseforKatalon.clickTab is PASSED

2021-07-14 17:35:54 - [TEST_STEP][PASSED] - Thread.sleep(2000): null

2021-07-14 17:35:56 - [TEST_STEP][PASSED] - waitForElementPresent(findTestObject("Object Repository/Canine/Filter/StageOfDisease/STAGEOFDISEASE_Ddn"), 10): Object 'Object Repository/Canine/Filter/StageOfDisease/STAGEOFDISEASE_Ddn' is present

2021-07-14 17:35:56 - [MESSAGE][PASSED] - Object 'Object Repository/Canine/Filter/StageOfDisease/STAGEOFDISEASE_Ddn' is present

2021-07-14 17:35:56 - [TEST_STEP][PASSED] - ctdc.utilities.runtestcaseforKatalon.clickTab("Object Repository/Canine/Filter/StageOfDisease/STAGEOFDISEASE_Ddn"): ctdc.utilities.runtestcaseforKatalon.clickTab is PASSED

2021-07-14 17:35:56 - [MESSAGE][PASSED] - ctdc.utilities.runtestcaseforKatalon.clickTab is PASSED

2021-07-14 17:35:56 - [TEST_STEP][PASSED] - waitForElementPresent(findTestObject("Object Repository/Canine/Filter/StageOfDisease/T2N0M0_Chkbx"), 10): Object 'Object Repository/Canine/Filter/StageOfDisease/T2N0M0_Chkbx' is present

2021-07-14 17:35:56 - [MESSAGE][PASSED] - Object 'Object Repository/Canine/Filter/StageOfDisease/T2N0M0_Chkbx' is present

2021-07-14 17:35:56 - [TEST_STEP][PASSED] - ctdc.utilities.runtestcaseforKatalon.clickTab("Object Repository/Canine/Filter/StageOfDisease/T2N0M0_Chkbx"): ctdc.utilities.runtestcaseforKatalon.clickTab is PASSED

2021-07-14 17:35:57 - [MESSAGE][PASSED] - ctdc.utilities.runtestcaseforKatalon.clickTab is PASSED

2021-07-14 17:35:57 - [TEST_STEP][PASSED] - waitForElementPresent(findTestObject("Object Repository/Canine/Filter/StageOfDisease/T2N1M0_Chkbx"), 10): Object 'Object Repository/Canine/Filter/StageOfDisease/T2N1M0_Chkbx' is present

2021-07-14 17:35:57 - [MESSAGE][PASSED] - Object 'Object Repository/Canine/Filter/StageOfDisease/T2N1M0_Chkbx' is present

2021-07-14 17:35:57 - [TEST_STEP][PASSED] - ctdc.utilities.runtestcaseforKatalon.clickTab("Object Repository/Canine/Filter/StageOfDisease/T2N1M0_Chkbx"): ctdc.utilities.runtestcaseforKatalon.clickTab is PASSED

2021-07-14 17:35:58 - [MESSAGE][PASSED] - ctdc.utilities.runtestcaseforKatalon.clickTab is PASSED

2021-07-14 17:35:58 - [TEST_STEP][PASSED] - waitForElementPresent(findTestObject("Object Repository/Canine/Filter/StageOfDisease/T3N0M0_Chkbx"), 10): Object 'Object Repository/Canine/Filter/StageOfDisease/T3N0M0_Chkbx' is present

2021-07-14 17:35:58 - [MESSAGE][PASSED] - Object 'Object Repository/Canine/Filter/StageOfDisease/T3N0M0_Chkbx' is present

2021-07-14 17:35:58 - [TEST_STEP][PASSED] - ctdc.utilities.runtestcaseforKatalon.clickTab("Object Repository/Canine/Filter/StageOfDisease/T3N0M0_Chkbx"): ctdc.utilities.runtestcaseforKatalon.clickTab is PASSED

2021-07-14 17:35:59 - [MESSAGE][PASSED] - ctdc.utilities.runtestcaseforKatalon.clickTab is PASSED

2021-07-14 17:35:59 - [TEST_STEP][PASSED] - waitForElementPresent(findTestObject("Object Repository/Canine/Filter/StageOfDisease/T3N0M1_Chkbx"), 10): Object 'Object Repository/Canine/Filter/StageOfDisease/T3N0M1_Chkbx' is present

2021-07-14 17:35:59 - [MESSAGE][PASSED] - Object 'Object Repository/Canine/Filter/StageOfDisease/T3N0M1_Chkbx' is present

2021-07-14 17:35:59 - [TEST_STEP][PASSED] - ctdc.utilities.runtestcaseforKatalon.clickTab("Object Repository/Canine/Filter/StageOfDisease/T3N0M1_Chkbx"): ctdc.utilities.runtestcaseforKatalon.clickTab is PASSED

2021-07-14 17:36:00 - [MESSAGE][PASSED] - ctdc.utilities.runtestcaseforKatalon.clickTab is PASSED

2021-07-14 17:36:00 - [TEST_STEP][PASSED] - waitForElementPresent(findTestObject("Object Repository/Canine/Filter/StageOfDisease/T3N1M0_Chkbx"), 10): Object 'Object Repository/Canine/Filter/StageOfDisease/T3N1M0_Chkbx' is present

2021-07-14 17:36:01 - [MESSAGE][PASSED] - Object 'Object Repository/Canine/Filter/StageOfDisease/T3N1M0_Chkbx' is present

2021-07-14 17:36:01 - [TEST_STEP][PASSED] - ctdc.utilities.runtestcaseforKatalon.clickTab("Object Repository/Canine/Filter/StageOfDisease/T3N1M0_Chkbx"): ctdc.utilities.runtestcaseforKatalon.clickTab is PASSED

2021-07-14 17:36:02 - [MESSAGE][PASSED] - ctdc.utilities.runtestcaseforKatalon.clickTab is PASSED

2021-07-14 17:36:02 - [TEST_STEP][PASSED] - waitForElementPresent(findTestObject("Object Repository/Canine/Filter/StageOfDisease/NotApplicable_Chkbx"), 10): Object 'Object Repository/Canine/Filter/StageOfDisease/NotApplicable_Chkbx' is present

2021-07-14 17:36:02 - [MESSAGE][PASSED] - Object 'Object Repository/Canine/Filter/StageOfDisease/NotApplicable_Chkbx' is present

2021-07-14 17:36:02 - [TEST_STEP][PASSED] - ctdc.utilities.runtestcaseforKatalon.clickTab("Object Repository/Canine/Filter/StageOfDisease/NotApplicable_Chkbx"): ctdc.utilities.runtestcaseforKatalon.clickTab is PASSED

2021-07-14 17:36:03 - [MESSAGE][PASSED] - ctdc.utilities.runtestcaseforKatalon.clickTab is PASSED

2021-07-14 17:36:03 - [TEST_STEP][PASSED] - ctdc.utilities.runtestcaseforKatalon.clickTab("Object Repository/Canine/Filter/PrimDiseaseSite/PRIMARYDISEASESITE_Ddn"): ctdc.utilities.runtestcaseforKatalon.clickTab is PASSED

2021-07-14 17:36:03 - [MESSAGE][PASSED] - ctdc.utilities.runtestcaseforKatalon.clickTab is PASSED

2021-07-14 17:36:03 - [TEST_STEP][PASSED] - Thread.sleep(2000): null

2021-07-14 17:36:05 - [TEST_STEP][PASSED] - ctdc.utilities.runtestcaseforKatalon.readStatBarCanine("Object Repository/Canine/StatBar/Canine_StatBar-Studies", "Object Repository/Canine/StatBar/Canine_StatBar-Cases", "Object Repository/Canine/StatBar/Canine_StatBar-Samples", "Object Repository/Canine/StatBar/Canine_StatBar-Files", "Object Repository/Canine/StatBar/Canine_StatBar-Aliquots"): ctdc.utilities.runtestcaseforKatalon.readStatBarCanine is PASSED

2021-07-14 17:36:21 - [MESSAGE][PASSED] - ctdc.utilities.runtestcaseforKatalon.readStatBarCanine is PASSED

2021-07-14 17:36:21 - [TEST_STEP][PASSED] - waitForElementPresent(findTestObject("Object Repository/Canine/CanineResults_Cases_Tab"), 5): Object 'Object Repository/Canine/CanineResults_Cases_Tab' is present

2021-07-14 17:36:21 - [MESSAGE][PASSED] - Object 'Object Repository/Canine/CanineResults_Cases_Tab' is present

2021-07-14 17:36:21 - [TEST_STEP][PASSED] - ctdc.utilities.runtestcaseforKatalon.clickTab("Object Repository/Canine/CanineResults_Cases_Tab"): ctdc.utilities.runtestcaseforKatalon.clickTab is PASSED

2021-07-14 17:36:21 - [MESSAGE][PASSED] - ctdc.utilities.runtestcaseforKatalon.clickTab is PASSED

2021-07-14 17:36:21 - [TEST_STEP][ERROR] - ctdc.utilities.runtestcaseforKatalon.multiFunction("ICDC", G_StatBar_Cases, "Object Repository/Canine/Canine_CasesTable", "Object Repository/Canine/Canine_TableHeader", "Object Repository/Canine/Canine_CasesTabNextBtn", G_WebTabnameCases, G_CypherTabnameCases, G_QueryCasesTab): Index: 11, Size: 11

2021-07-14 17:37:22 - [MESSAGE][ERROR] - Index: 11, Size: 11]]></system-out>
         <system-err><![CDATA[2021-07-14 17:35:35 - [TEST_CASE][ERROR] - Test Cases/Canine_TestCases/StudyCombinations/Study-Combinations-UBC01/TC21_Canine_StudyUBC-AllBreeds_StageOfDisease: Test Cases/Canine_TestCases/StudyCombinations/Study-Combinations-UBC01/TC21_Canine_StudyUBC-AllBreeds_StageOfDisease FAILED.
Reason:
java.lang.IndexOutOfBoundsException: Index: 11, Size: 11
	at java_util_List$get$1.call(Unknown Source)
	at ctdc.utilities.runtestcaseforKatalon.compareTwoLists(runtestcaseforKatalon.groovy:849)
	at ctdc.utilities.runtestcaseforKatalon.compareLists(runtestcaseforKatalon.groovy:901)
	at ctdc.utilities.runtestcaseforKatalon.multiFunction(runtestcaseforKatalon.groovy:253)
	at ctdc.utilities.runtestcaseforKatalon.invokeMethod(runtestcaseforKatalon.groovy)
	at com.kms.katalon.core.main.CustomKeywordDelegatingMetaClass.invokeStaticMethod(CustomKeywordDelegatingMetaClass.java:50)
	at TC21_Canine_StudyUBC-AllBreeds_StageOfDisease.run(TC21_Canine_StudyUBC-AllBreeds_StageOfDisease:85)
	at com.kms.katalon.core.main.ScriptEngine.run(ScriptEngine.java:194)
	at com.kms.katalon.core.main.ScriptEngine.runScriptAsRawText(ScriptEngine.java:119)
	at com.kms.katalon.core.main.TestCaseExecutor.runScript(TestCaseExecutor.java:369)
	at com.kms.katalon.core.main.TestCaseExecutor.doExecute(TestCaseExecutor.java:360)
	at com.kms.katalon.core.main.TestCaseExecutor.processExecutionPhase(TestCaseExecutor.java:339)
	at com.kms.katalon.core.main.TestCaseExecutor.accessMainPhase(TestCaseExecutor.java:331)
	at com.kms.katalon.core.main.TestCaseExecutor.execute(TestCaseExecutor.java:248)
	at com.kms.katalon.core.main.TestSuiteExecutor.accessTestCaseMainPhase(TestSuiteExecutor.java:191)
	at com.kms.katalon.core.main.TestSuiteExecutor.accessTestSuiteMainPhase(TestSuiteExecutor.java:140)
	at com.kms.katalon.core.main.TestSuiteExecutor.execute(TestSuiteExecutor.java:89)
	at com.kms.katalon.core.main.TestCaseMain.startTestSuite(TestCaseMain.java:185)
	at com.kms.katalon.core.main.TestCaseMain$startTestSuite$0.call(Unknown Source)
	at TempTestSuite1626296935818.run(TempTestSuite1626296935818.groovy:39)]]></system-err>
      </testcase>
      <testcase name="Test Cases/Canine_TestCases/StudyCombinations/Study-Combinations-UBC01/TC22_Canine_StudyUBC-AllBreeds_StageOfDisease" time="104.946" classname="Test Cases/Canine_TestCases/StudyCombinations/Study-Combinations-UBC01/TC22_Canine_StudyUBC-AllBreeds_StageOfDisease" status="ERROR">
         <error type="ERROR" message="Test Cases/Canine_TestCases/StudyCombinations/Study-Combinations-UBC01/TC22_Canine_StudyUBC-AllBreeds_StageOfDisease FAILED.
Reason:
java.lang.IndexOutOfBoundsException: Index: 11, Size: 11
	at java_util_List$get$1.call(Unknown Source)
	at ctdc.utilities.runtestcaseforKatalon.compareTwoLists(runtestcaseforKatalon.groovy:849)
	at ctdc.utilities.runtestcaseforKatalon.compareLists(runtestcaseforKatalon.groovy:901)
	at ctdc.utilities.runtestcaseforKatalon.multiFunction(runtestcaseforKatalon.groovy:253)
	at ctdc.utilities.runtestcaseforKatalon.invokeMethod(runtestcaseforKatalon.groovy)
	at com.kms.katalon.core.main.CustomKeywordDelegatingMetaClass.invokeStaticMethod(CustomKeywordDelegatingMetaClass.java:50)
	at TC22_Canine_StudyUBC-AllBreeds_StageOfDisease.run(TC22_Canine_StudyUBC-AllBreeds_StageOfDisease:83)
	at com.kms.katalon.core.main.ScriptEngine.run(ScriptEngine.java:194)
	at com.kms.katalon.core.main.ScriptEngine.runScriptAsRawText(ScriptEngine.java:119)
	at com.kms.katalon.core.main.TestCaseExecutor.runScript(TestCaseExecutor.java:369)
	at com.kms.katalon.core.main.TestCaseExecutor.doExecute(TestCaseExecutor.java:360)
	at com.kms.katalon.core.main.TestCaseExecutor.processExecutionPhase(TestCaseExecutor.java:339)
	at com.kms.katalon.core.main.TestCaseExecutor.accessMainPhase(TestCaseExecutor.java:331)
	at com.kms.katalon.core.main.TestCaseExecutor.execute(TestCaseExecutor.java:248)
	at com.kms.katalon.core.main.TestSuiteExecutor.accessTestCaseMainPhase(TestSuiteExecutor.java:191)
	at com.kms.katalon.core.main.TestSuiteExecutor.accessTestSuiteMainPhase(TestSuiteExecutor.java:140)
	at com.kms.katalon.core.main.TestSuiteExecutor.execute(TestSuiteExecutor.java:89)
	at com.kms.katalon.core.main.TestCaseMain.startTestSuite(TestCaseMain.java:185)
	at com.kms.katalon.core.main.TestCaseMain$startTestSuite$0.call(Unknown Source)
	at TempTestSuite1626296935818.run(TempTestSuite1626296935818.groovy:39)
"/>
         <system-out><![CDATA[2021-07-14 17:37:22 - [TEST_CASE][ERROR] - Test Cases/Canine_TestCases/StudyCombinations/Study-Combinations-UBC01/TC22_Canine_StudyUBC-AllBreeds_StageOfDisease: Test Cases/Canine_TestCases/StudyCombinations/Study-Combinations-UBC01/TC22_Canine_StudyUBC-AllBreeds_StageOfDisease FAILED.
Reason:
java.lang.IndexOutOfBoundsException: Index: 11, Size: 11
	at java_util_List$get$1.call(Unknown Source)
	at ctdc.utilities.runtestcaseforKatalon.compareTwoLists(runtestcaseforKatalon.groovy:849)
	at ctdc.utilities.runtestcaseforKatalon.compareLists(runtestcaseforKatalon.groovy:901)
	at ctdc.utilities.runtestcaseforKatalon.multiFunction(runtestcaseforKatalon.groovy:253)
	at ctdc.utilities.runtestcaseforKatalon.invokeMethod(runtestcaseforKatalon.groovy)
	at com.kms.katalon.core.main.CustomKeywordDelegatingMetaClass.invokeStaticMethod(CustomKeywordDelegatingMetaClass.java:50)
	at TC22_Canine_StudyUBC-AllBreeds_StageOfDisease.run(TC22_Canine_StudyUBC-AllBreeds_StageOfDisease:83)
	at com.kms.katalon.core.main.ScriptEngine.run(ScriptEngine.java:194)
	at com.kms.katalon.core.main.ScriptEngine.runScriptAsRawText(ScriptEngine.java:119)
	at com.kms.katalon.core.main.TestCaseExecutor.runScript(TestCaseExecutor.java:369)
	at com.kms.katalon.core.main.TestCaseExecutor.doExecute(TestCaseExecutor.java:360)
	at com.kms.katalon.core.main.TestCaseExecutor.processExecutionPhase(TestCaseExecutor.java:339)
	at com.kms.katalon.core.main.TestCaseExecutor.accessMainPhase(TestCaseExecutor.java:331)
	at com.kms.katalon.core.main.TestCaseExecutor.execute(TestCaseExecutor.java:248)
	at com.kms.katalon.core.main.TestSuiteExecutor.accessTestCaseMainPhase(TestSuiteExecutor.java:191)
	at com.kms.katalon.core.main.TestSuiteExecutor.accessTestSuiteMainPhase(TestSuiteExecutor.java:140)
	at com.kms.katalon.core.main.TestSuiteExecutor.execute(TestSuiteExecutor.java:89)
	at com.kms.katalon.core.main.TestCaseMain.startTestSuite(TestCaseMain.java:185)
	at com.kms.katalon.core.main.TestCaseMain$startTestSuite$0.call(Unknown Source)
	at TempTestSuite1626296935818.run(TempTestSuite1626296935818.groovy:39)


2021-07-14 17:37:22 - [TEST_STEP][PASSED] - Start listener action : getTestScriptName: null

2021-07-14 17:37:22 - [TEST_STEP][PASSED] - TestCaseId = testCaseContext.getTestCaseId(): null

2021-07-14 17:37:22 - [TEST_STEP][PASSED] - out.println("**********this is the value of test case id string******** " + testCaseContext.getTestCaseId()): null

2021-07-14 17:37:22 - [TEST_STEP][PASSED] - G_currentTCName = TestCaseId.substring(TestCaseId.lastIndexOf("TC")): null

2021-07-14 17:37:22 - [TEST_STEP][PASSED] - out.println("This is the test case name : " + G_currentTCName): null

2021-07-14 17:37:23 - [TEST_STEP][PASSED] - closeBrowser(): Browser is closed

2021-07-14 17:37:24 - [MESSAGE][PASSED] - Browser is closed

2021-07-14 17:37:24 - [TEST_STEP][PASSED] - openBrowser(""): Browser is opened with url: ''

2021-07-14 17:37:24 - [MESSAGE][INFO] - Starting 'Chrome (headless)' driver

2021-07-14 17:37:24 - [MESSAGE][INFO] - User set preference: ['args', '[--no-sandbox]']

2021-07-14 17:37:24 - [MESSAGE][INFO] - Action delay is set to 0 milliseconds

2021-07-14 17:37:26 - [MESSAGE][PASSED] - Browser is opened with url: ''

2021-07-14 17:37:26 - [TEST_STEP][PASSED] - maximizeWindow(): Current window maximized

2021-07-14 17:37:26 - [MESSAGE][PASSED] - Current window maximized

2021-07-14 17:37:26 - [TEST_STEP][PASSED] - "Driver opened by Katalon is used in Selenium from this step.": null

2021-07-14 17:37:26 - [TEST_STEP][PASSED] - ctdc.utilities.runtestcaseforKatalon.RunKatalon("TC22_Canine_StudyUBC-AllBreeds_StageOfDisease.xlsx"): Data loaded from input file for the test case. 

2021-07-14 17:37:26 - [MESSAGE][PASSED] - Test case file loaded This is the full filepath after converting to string :C:\Automation_master\InputFiles\TC22_Canine_StudyUBC-AllBreeds_StageOfDisease.xlsx

2021-07-14 17:37:26 - [MESSAGE][INFO] - Global variable set for password file is :  C:\Automation_master\InputFiles\TC22_Canine_StudyUBC-AllBreeds_StageOfDisease.xlsx

2021-07-14 17:37:30 - [MESSAGE][PASSED] - Data loaded from input file for the test case. 

2021-07-14 17:37:37 - [TEST_STEP][PASSED] - findTestObject("Object Repository/Canine/Filter/StageOfDisease/STAGEOFDISEASE_Ddn"): null

2021-07-14 17:37:37 - [TEST_STEP][PASSED] - waitForElementPresent(findTestObject("Canine/NavBar/Canine_Cases_Btn"), 10): Object 'Object Repository/Canine/NavBar/Canine_Cases_Btn' is present

2021-07-14 17:37:37 - [MESSAGE][PASSED] - Object 'Object Repository/Canine/NavBar/Canine_Cases_Btn' is present

2021-07-14 17:37:37 - [TEST_STEP][PASSED] - ctdc.utilities.runtestcaseforKatalon.clickTab("Canine/NavBar/Canine_Cases_Btn"): ctdc.utilities.runtestcaseforKatalon.clickTab is PASSED

2021-07-14 17:37:37 - [MESSAGE][PASSED] - ctdc.utilities.runtestcaseforKatalon.clickTab is PASSED

2021-07-14 17:37:37 - [TEST_STEP][PASSED] - waitForElementPresent(findTestObject("Object Repository/Canine/Filter/FilterByCases_Facet"), 10): Object 'Object Repository/Canine/Filter/FilterByCases_Facet' is present

2021-07-14 17:37:39 - [MESSAGE][PASSED] - Object 'Object Repository/Canine/Filter/FilterByCases_Facet' is present

2021-07-14 17:37:39 - [TEST_STEP][PASSED] - ctdc.utilities.runtestcaseforKatalon.clickTab("Object Repository/Canine/Filter/FilterByCases_Facet"): ctdc.utilities.runtestcaseforKatalon.clickTab is PASSED

2021-07-14 17:37:39 - [MESSAGE][PASSED] - ctdc.utilities.runtestcaseforKatalon.clickTab is PASSED

2021-07-14 17:37:39 - [TEST_STEP][PASSED] - waitForElementPresent(findTestObject("Object Repository/Canine/Filter/Study/Canine_Filter_Study"), 10): Object 'Object Repository/Canine/Filter/Study/Canine_Filter_Study' is present

2021-07-14 17:37:39 - [MESSAGE][PASSED] - Object 'Object Repository/Canine/Filter/Study/Canine_Filter_Study' is present

2021-07-14 17:37:39 - [TEST_STEP][PASSED] - ctdc.utilities.runtestcaseforKatalon.clickTab("Object Repository/Canine/Filter/Study/Canine_Filter_Study"): ctdc.utilities.runtestcaseforKatalon.clickTab is PASSED

2021-07-14 17:37:40 - [MESSAGE][PASSED] - ctdc.utilities.runtestcaseforKatalon.clickTab is PASSED

2021-07-14 17:37:40 - [TEST_STEP][PASSED] - waitForElementPresent(findTestObject("Object Repository/Canine/Filter/Study/Canine_Filter_Study-UBC_Chkbx"), 10): Object 'Object Repository/Canine/Filter/Study/Canine_Filter_Study-UBC_Chkbx' is present

2021-07-14 17:37:40 - [MESSAGE][PASSED] - Object 'Object Repository/Canine/Filter/Study/Canine_Filter_Study-UBC_Chkbx' is present

2021-07-14 17:37:40 - [TEST_STEP][PASSED] - ctdc.utilities.runtestcaseforKatalon.clickTab("Object Repository/Canine/Filter/Study/Canine_Filter_Study-UBC_Chkbx"): ctdc.utilities.runtestcaseforKatalon.clickTab is PASSED

2021-07-14 17:37:40 - [MESSAGE][PASSED] - ctdc.utilities.runtestcaseforKatalon.clickTab is PASSED

2021-07-14 17:37:40 - [TEST_STEP][PASSED] - Thread.sleep(2000): null

2021-07-14 17:37:42 - [TEST_STEP][PASSED] - waitForElementPresent(findTestObject("Object Repository/Canine/Filter/StageOfDisease/STAGEOFDISEASE_Ddn"), 10): Object 'Object Repository/Canine/Filter/StageOfDisease/STAGEOFDISEASE_Ddn' is present

2021-07-14 17:37:43 - [MESSAGE][PASSED] - Object 'Object Repository/Canine/Filter/StageOfDisease/STAGEOFDISEASE_Ddn' is present

2021-07-14 17:37:43 - [TEST_STEP][PASSED] - ctdc.utilities.runtestcaseforKatalon.clickTab("Object Repository/Canine/Filter/StageOfDisease/STAGEOFDISEASE_Ddn"): ctdc.utilities.runtestcaseforKatalon.clickTab is PASSED

2021-07-14 17:37:43 - [MESSAGE][PASSED] - ctdc.utilities.runtestcaseforKatalon.clickTab is PASSED

2021-07-14 17:37:43 - [TEST_STEP][PASSED] - waitForElementPresent(findTestObject("Object Repository/Canine/Filter/StageOfDisease/T2N0M0_Chkbx"), 10): Object 'Object Repository/Canine/Filter/StageOfDisease/T2N0M0_Chkbx' is present

2021-07-14 17:37:43 - [MESSAGE][PASSED] - Object 'Object Repository/Canine/Filter/StageOfDisease/T2N0M0_Chkbx' is present

2021-07-14 17:37:43 - [TEST_STEP][PASSED] - ctdc.utilities.runtestcaseforKatalon.clickTab("Object Repository/Canine/Filter/StageOfDisease/T2N0M0_Chkbx"): ctdc.utilities.runtestcaseforKatalon.clickTab is PASSED

2021-07-14 17:37:43 - [MESSAGE][PASSED] - ctdc.utilities.runtestcaseforKatalon.clickTab is PASSED

2021-07-14 17:37:43 - [TEST_STEP][PASSED] - waitForElementPresent(findTestObject("Object Repository/Canine/Filter/StageOfDisease/T2N1M0_Chkbx"), 10): Object 'Object Repository/Canine/Filter/StageOfDisease/T2N1M0_Chkbx' is present

2021-07-14 17:37:44 - [MESSAGE][PASSED] - Object 'Object Repository/Canine/Filter/StageOfDisease/T2N1M0_Chkbx' is present

2021-07-14 17:37:44 - [TEST_STEP][PASSED] - ctdc.utilities.runtestcaseforKatalon.clickTab("Object Repository/Canine/Filter/StageOfDisease/T2N1M0_Chkbx"): ctdc.utilities.runtestcaseforKatalon.clickTab is PASSED

2021-07-14 17:37:44 - [MESSAGE][PASSED] - ctdc.utilities.runtestcaseforKatalon.clickTab is PASSED

2021-07-14 17:37:44 - [TEST_STEP][PASSED] - waitForElementPresent(findTestObject("Object Repository/Canine/Filter/StageOfDisease/T3N0M0_Chkbx"), 10): Object 'Object Repository/Canine/Filter/StageOfDisease/T3N0M0_Chkbx' is present

2021-07-14 17:37:45 - [MESSAGE][PASSED] - Object 'Object Repository/Canine/Filter/StageOfDisease/T3N0M0_Chkbx' is present

2021-07-14 17:37:45 - [TEST_STEP][PASSED] - ctdc.utilities.runtestcaseforKatalon.clickTab("Object Repository/Canine/Filter/StageOfDisease/T3N0M0_Chkbx"): ctdc.utilities.runtestcaseforKatalon.clickTab is PASSED

2021-07-14 17:37:45 - [MESSAGE][PASSED] - ctdc.utilities.runtestcaseforKatalon.clickTab is PASSED

2021-07-14 17:37:45 - [TEST_STEP][PASSED] - waitForElementPresent(findTestObject("Object Repository/Canine/Filter/StageOfDisease/T3N0M1_Chkbx"), 10): Object 'Object Repository/Canine/Filter/StageOfDisease/T3N0M1_Chkbx' is present

2021-07-14 17:37:46 - [MESSAGE][PASSED] - Object 'Object Repository/Canine/Filter/StageOfDisease/T3N0M1_Chkbx' is present

2021-07-14 17:37:46 - [TEST_STEP][PASSED] - ctdc.utilities.runtestcaseforKatalon.clickTab("Object Repository/Canine/Filter/StageOfDisease/T3N0M1_Chkbx"): ctdc.utilities.runtestcaseforKatalon.clickTab is PASSED

2021-07-14 17:37:46 - [MESSAGE][PASSED] - ctdc.utilities.runtestcaseforKatalon.clickTab is PASSED

2021-07-14 17:37:46 - [TEST_STEP][PASSED] - waitForElementPresent(findTestObject("Object Repository/Canine/Filter/StageOfDisease/T3N1M0_Chkbx"), 10): Object 'Object Repository/Canine/Filter/StageOfDisease/T3N1M0_Chkbx' is present

2021-07-14 17:37:47 - [MESSAGE][PASSED] - Object 'Object Repository/Canine/Filter/StageOfDisease/T3N1M0_Chkbx' is present

2021-07-14 17:37:47 - [TEST_STEP][PASSED] - ctdc.utilities.runtestcaseforKatalon.clickTab("Object Repository/Canine/Filter/StageOfDisease/T3N1M0_Chkbx"): ctdc.utilities.runtestcaseforKatalon.clickTab is PASSED

2021-07-14 17:37:47 - [MESSAGE][PASSED] - ctdc.utilities.runtestcaseforKatalon.clickTab is PASSED

2021-07-14 17:37:47 - [TEST_STEP][PASSED] - ctdc.utilities.runtestcaseforKatalon.clickTab("Object Repository/Canine/Filter/PrimDiseaseSite/PRIMARYDISEASESITE_Ddn"): ctdc.utilities.runtestcaseforKatalon.clickTab is PASSED

2021-07-14 17:37:47 - [MESSAGE][PASSED] - ctdc.utilities.runtestcaseforKatalon.clickTab is PASSED

2021-07-14 17:37:47 - [TEST_STEP][PASSED] - Thread.sleep(2000): null

2021-07-14 17:37:49 - [TEST_STEP][PASSED] - ctdc.utilities.runtestcaseforKatalon.readStatBarCanine("Object Repository/Canine/StatBar/Canine_StatBar-Studies", "Object Repository/Canine/StatBar/Canine_StatBar-Cases", "Object Repository/Canine/StatBar/Canine_StatBar-Samples", "Object Repository/Canine/StatBar/Canine_StatBar-Files", "Object Repository/Canine/StatBar/Canine_StatBar-Aliquots"): ctdc.utilities.runtestcaseforKatalon.readStatBarCanine is PASSED

2021-07-14 17:38:05 - [MESSAGE][PASSED] - ctdc.utilities.runtestcaseforKatalon.readStatBarCanine is PASSED

2021-07-14 17:38:05 - [TEST_STEP][PASSED] - waitForElementPresent(findTestObject("Object Repository/Canine/CanineResults_Cases_Tab"), 5): Object 'Object Repository/Canine/CanineResults_Cases_Tab' is present

2021-07-14 17:38:05 - [MESSAGE][PASSED] - Object 'Object Repository/Canine/CanineResults_Cases_Tab' is present

2021-07-14 17:38:05 - [TEST_STEP][PASSED] - ctdc.utilities.runtestcaseforKatalon.clickTab("Object Repository/Canine/CanineResults_Cases_Tab"): ctdc.utilities.runtestcaseforKatalon.clickTab is PASSED

2021-07-14 17:38:05 - [MESSAGE][PASSED] - ctdc.utilities.runtestcaseforKatalon.clickTab is PASSED

2021-07-14 17:38:05 - [TEST_STEP][ERROR] - ctdc.utilities.runtestcaseforKatalon.multiFunction("ICDC", G_StatBar_Cases, "Object Repository/Canine/Canine_CasesTable", "Object Repository/Canine/Canine_TableHeader", "Object Repository/Canine/Canine_CasesTabNextBtn", G_WebTabnameCases, G_CypherTabnameCases, G_QueryCasesTab): Index: 11, Size: 11

2021-07-14 17:39:07 - [MESSAGE][ERROR] - Index: 11, Size: 11]]></system-out>
         <system-err><![CDATA[2021-07-14 17:37:22 - [TEST_CASE][ERROR] - Test Cases/Canine_TestCases/StudyCombinations/Study-Combinations-UBC01/TC22_Canine_StudyUBC-AllBreeds_StageOfDisease: Test Cases/Canine_TestCases/StudyCombinations/Study-Combinations-UBC01/TC22_Canine_StudyUBC-AllBreeds_StageOfDisease FAILED.
Reason:
java.lang.IndexOutOfBoundsException: Index: 11, Size: 11
	at java_util_List$get$1.call(Unknown Source)
	at ctdc.utilities.runtestcaseforKatalon.compareTwoLists(runtestcaseforKatalon.groovy:849)
	at ctdc.utilities.runtestcaseforKatalon.compareLists(runtestcaseforKatalon.groovy:901)
	at ctdc.utilities.runtestcaseforKatalon.multiFunction(runtestcaseforKatalon.groovy:253)
	at ctdc.utilities.runtestcaseforKatalon.invokeMethod(runtestcaseforKatalon.groovy)
	at com.kms.katalon.core.main.CustomKeywordDelegatingMetaClass.invokeStaticMethod(CustomKeywordDelegatingMetaClass.java:50)
	at TC22_Canine_StudyUBC-AllBreeds_StageOfDisease.run(TC22_Canine_StudyUBC-AllBreeds_StageOfDisease:83)
	at com.kms.katalon.core.main.ScriptEngine.run(ScriptEngine.java:194)
	at com.kms.katalon.core.main.ScriptEngine.runScriptAsRawText(ScriptEngine.java:119)
	at com.kms.katalon.core.main.TestCaseExecutor.runScript(TestCaseExecutor.java:369)
	at com.kms.katalon.core.main.TestCaseExecutor.doExecute(TestCaseExecutor.java:360)
	at com.kms.katalon.core.main.TestCaseExecutor.processExecutionPhase(TestCaseExecutor.java:339)
	at com.kms.katalon.core.main.TestCaseExecutor.accessMainPhase(TestCaseExecutor.java:331)
	at com.kms.katalon.core.main.TestCaseExecutor.execute(TestCaseExecutor.java:248)
	at com.kms.katalon.core.main.TestSuiteExecutor.accessTestCaseMainPhase(TestSuiteExecutor.java:191)
	at com.kms.katalon.core.main.TestSuiteExecutor.accessTestSuiteMainPhase(TestSuiteExecutor.java:140)
	at com.kms.katalon.core.main.TestSuiteExecutor.execute(TestSuiteExecutor.java:89)
	at com.kms.katalon.core.main.TestCaseMain.startTestSuite(TestCaseMain.java:185)
	at com.kms.katalon.core.main.TestCaseMain$startTestSuite$0.call(Unknown Source)
	at TempTestSuite1626296935818.run(TempTestSuite1626296935818.groovy:39)]]></system-err>
      </testcase>
      <testcase name="Test Cases/Canine_TestCases/StudyCombinations/Study-Combinations-UBC01/TC23_Canine_StudyUBC-AllBreeds_StageOfDisease" time="69.356" classname="Test Cases/Canine_TestCases/StudyCombinations/Study-Combinations-UBC01/TC23_Canine_StudyUBC-AllBreeds_StageOfDisease" status="ERROR">
         <error type="ERROR" message="Test Cases/Canine_TestCases/StudyCombinations/Study-Combinations-UBC01/TC23_Canine_StudyUBC-AllBreeds_StageOfDisease FAILED.
Reason:
java.lang.IndexOutOfBoundsException: Index: 11, Size: 11
	at java_util_List$get$1.call(Unknown Source)
	at ctdc.utilities.runtestcaseforKatalon.compareTwoLists(runtestcaseforKatalon.groovy:849)
	at ctdc.utilities.runtestcaseforKatalon.compareLists(runtestcaseforKatalon.groovy:901)
	at ctdc.utilities.runtestcaseforKatalon.multiFunction(runtestcaseforKatalon.groovy:253)
	at ctdc.utilities.runtestcaseforKatalon.invokeMethod(runtestcaseforKatalon.groovy)
	at com.kms.katalon.core.main.CustomKeywordDelegatingMetaClass.invokeStaticMethod(CustomKeywordDelegatingMetaClass.java:50)
	at TC23_Canine_StudyUBC-AllBreeds_StageOfDisease.run(TC23_Canine_StudyUBC-AllBreeds_StageOfDisease:81)
	at com.kms.katalon.core.main.ScriptEngine.run(ScriptEngine.java:194)
	at com.kms.katalon.core.main.ScriptEngine.runScriptAsRawText(ScriptEngine.java:119)
	at com.kms.katalon.core.main.TestCaseExecutor.runScript(TestCaseExecutor.java:369)
	at com.kms.katalon.core.main.TestCaseExecutor.doExecute(TestCaseExecutor.java:360)
	at com.kms.katalon.core.main.TestCaseExecutor.processExecutionPhase(TestCaseExecutor.java:339)
	at com.kms.katalon.core.main.TestCaseExecutor.accessMainPhase(TestCaseExecutor.java:331)
	at com.kms.katalon.core.main.TestCaseExecutor.execute(TestCaseExecutor.java:248)
	at com.kms.katalon.core.main.TestSuiteExecutor.accessTestCaseMainPhase(TestSuiteExecutor.java:191)
	at com.kms.katalon.core.main.TestSuiteExecutor.accessTestSuiteMainPhase(TestSuiteExecutor.java:140)
	at com.kms.katalon.core.main.TestSuiteExecutor.execute(TestSuiteExecutor.java:89)
	at com.kms.katalon.core.main.TestCaseMain.startTestSuite(TestCaseMain.java:185)
	at com.kms.katalon.core.main.TestCaseMain$startTestSuite$0.call(Unknown Source)
	at TempTestSuite1626296935818.run(TempTestSuite1626296935818.groovy:39)
"/>
         <system-out><![CDATA[2021-07-14 17:39:07 - [TEST_CASE][ERROR] - Test Cases/Canine_TestCases/StudyCombinations/Study-Combinations-UBC01/TC23_Canine_StudyUBC-AllBreeds_StageOfDisease: Test Cases/Canine_TestCases/StudyCombinations/Study-Combinations-UBC01/TC23_Canine_StudyUBC-AllBreeds_StageOfDisease FAILED.
Reason:
java.lang.IndexOutOfBoundsException: Index: 11, Size: 11
	at java_util_List$get$1.call(Unknown Source)
	at ctdc.utilities.runtestcaseforKatalon.compareTwoLists(runtestcaseforKatalon.groovy:849)
	at ctdc.utilities.runtestcaseforKatalon.compareLists(runtestcaseforKatalon.groovy:901)
	at ctdc.utilities.runtestcaseforKatalon.multiFunction(runtestcaseforKatalon.groovy:253)
	at ctdc.utilities.runtestcaseforKatalon.invokeMethod(runtestcaseforKatalon.groovy)
	at com.kms.katalon.core.main.CustomKeywordDelegatingMetaClass.invokeStaticMethod(CustomKeywordDelegatingMetaClass.java:50)
	at TC23_Canine_StudyUBC-AllBreeds_StageOfDisease.run(TC23_Canine_StudyUBC-AllBreeds_StageOfDisease:81)
	at com.kms.katalon.core.main.ScriptEngine.run(ScriptEngine.java:194)
	at com.kms.katalon.core.main.ScriptEngine.runScriptAsRawText(ScriptEngine.java:119)
	at com.kms.katalon.core.main.TestCaseExecutor.runScript(TestCaseExecutor.java:369)
	at com.kms.katalon.core.main.TestCaseExecutor.doExecute(TestCaseExecutor.java:360)
	at com.kms.katalon.core.main.TestCaseExecutor.processExecutionPhase(TestCaseExecutor.java:339)
	at com.kms.katalon.core.main.TestCaseExecutor.accessMainPhase(TestCaseExecutor.java:331)
	at com.kms.katalon.core.main.TestCaseExecutor.execute(TestCaseExecutor.java:248)
	at com.kms.katalon.core.main.TestSuiteExecutor.accessTestCaseMainPhase(TestSuiteExecutor.java:191)
	at com.kms.katalon.core.main.TestSuiteExecutor.accessTestSuiteMainPhase(TestSuiteExecutor.java:140)
	at com.kms.katalon.core.main.TestSuiteExecutor.execute(TestSuiteExecutor.java:89)
	at com.kms.katalon.core.main.TestCaseMain.startTestSuite(TestCaseMain.java:185)
	at com.kms.katalon.core.main.TestCaseMain$startTestSuite$0.call(Unknown Source)
	at TempTestSuite1626296935818.run(TempTestSuite1626296935818.groovy:39)


2021-07-14 17:39:07 - [TEST_STEP][PASSED] - Start listener action : getTestScriptName: null

2021-07-14 17:39:07 - [TEST_STEP][PASSED] - TestCaseId = testCaseContext.getTestCaseId(): null

2021-07-14 17:39:07 - [TEST_STEP][PASSED] - out.println("**********this is the value of test case id string******** " + testCaseContext.getTestCaseId()): null

2021-07-14 17:39:07 - [TEST_STEP][PASSED] - G_currentTCName = TestCaseId.substring(TestCaseId.lastIndexOf("TC")): null

2021-07-14 17:39:07 - [TEST_STEP][PASSED] - out.println("This is the test case name : " + G_currentTCName): null

2021-07-14 17:39:08 - [TEST_STEP][PASSED] - closeBrowser(): Browser is closed

2021-07-14 17:39:08 - [MESSAGE][PASSED] - Browser is closed

2021-07-14 17:39:08 - [TEST_STEP][PASSED] - openBrowser(""): Browser is opened with url: ''

2021-07-14 17:39:08 - [MESSAGE][INFO] - Starting 'Chrome (headless)' driver

2021-07-14 17:39:08 - [MESSAGE][INFO] - User set preference: ['args', '[--no-sandbox]']

2021-07-14 17:39:08 - [MESSAGE][INFO] - Action delay is set to 0 milliseconds

2021-07-14 17:39:10 - [MESSAGE][PASSED] - Browser is opened with url: ''

2021-07-14 17:39:10 - [TEST_STEP][PASSED] - maximizeWindow(): Current window maximized

2021-07-14 17:39:10 - [MESSAGE][PASSED] - Current window maximized

2021-07-14 17:39:10 - [TEST_STEP][PASSED] - "Driver opened by Katalon is used in Selenium from this step.": null

2021-07-14 17:39:10 - [TEST_STEP][PASSED] - ctdc.utilities.runtestcaseforKatalon.RunKatalon("TC23_Canine_StudyUBC-AllBreeds_StageOfDisease.xlsx"): Data loaded from input file for the test case. 

2021-07-14 17:39:10 - [MESSAGE][PASSED] - Test case file loaded This is the full filepath after converting to string :C:\Automation_master\InputFiles\TC23_Canine_StudyUBC-AllBreeds_StageOfDisease.xlsx

2021-07-14 17:39:10 - [MESSAGE][INFO] - Global variable set for password file is :  C:\Automation_master\InputFiles\TC23_Canine_StudyUBC-AllBreeds_StageOfDisease.xlsx

2021-07-14 17:39:14 - [MESSAGE][PASSED] - Data loaded from input file for the test case. 

2021-07-14 17:39:21 - [TEST_STEP][PASSED] - findTestObject("Object Repository/Canine/Filter/StageOfDisease/STAGEOFDISEASE_Ddn"): null

2021-07-14 17:39:21 - [TEST_STEP][PASSED] - waitForElementPresent(findTestObject("Canine/NavBar/Canine_Cases_Btn"), 10): Object 'Object Repository/Canine/NavBar/Canine_Cases_Btn' is present

2021-07-14 17:39:21 - [MESSAGE][PASSED] - Object 'Object Repository/Canine/NavBar/Canine_Cases_Btn' is present

2021-07-14 17:39:21 - [TEST_STEP][PASSED] - ctdc.utilities.runtestcaseforKatalon.clickTab("Canine/NavBar/Canine_Cases_Btn"): ctdc.utilities.runtestcaseforKatalon.clickTab is PASSED

2021-07-14 17:39:21 - [MESSAGE][PASSED] - ctdc.utilities.runtestcaseforKatalon.clickTab is PASSED

2021-07-14 17:39:21 - [TEST_STEP][PASSED] - waitForElementPresent(findTestObject("Object Repository/Canine/Filter/FilterByCases_Facet"), 10): Object 'Object Repository/Canine/Filter/FilterByCases_Facet' is present

2021-07-14 17:39:22 - [MESSAGE][PASSED] - Object 'Object Repository/Canine/Filter/FilterByCases_Facet' is present

2021-07-14 17:39:22 - [TEST_STEP][PASSED] - ctdc.utilities.runtestcaseforKatalon.clickTab("Object Repository/Canine/Filter/FilterByCases_Facet"): ctdc.utilities.runtestcaseforKatalon.clickTab is PASSED

2021-07-14 17:39:23 - [MESSAGE][PASSED] - ctdc.utilities.runtestcaseforKatalon.clickTab is PASSED

2021-07-14 17:39:23 - [TEST_STEP][PASSED] - waitForElementPresent(findTestObject("Object Repository/Canine/Filter/Study/Canine_Filter_Study"), 10): Object 'Object Repository/Canine/Filter/Study/Canine_Filter_Study' is present

2021-07-14 17:39:23 - [MESSAGE][PASSED] - Object 'Object Repository/Canine/Filter/Study/Canine_Filter_Study' is present

2021-07-14 17:39:23 - [TEST_STEP][PASSED] - ctdc.utilities.runtestcaseforKatalon.clickTab("Object Repository/Canine/Filter/Study/Canine_Filter_Study"): ctdc.utilities.runtestcaseforKatalon.clickTab is PASSED

2021-07-14 17:39:23 - [MESSAGE][PASSED] - ctdc.utilities.runtestcaseforKatalon.clickTab is PASSED

2021-07-14 17:39:23 - [TEST_STEP][PASSED] - waitForElementPresent(findTestObject("Object Repository/Canine/Filter/Study/Canine_Filter_Study-UBC_Chkbx"), 10): Object 'Object Repository/Canine/Filter/Study/Canine_Filter_Study-UBC_Chkbx' is present

2021-07-14 17:39:24 - [MESSAGE][PASSED] - Object 'Object Repository/Canine/Filter/Study/Canine_Filter_Study-UBC_Chkbx' is present

2021-07-14 17:39:24 - [TEST_STEP][PASSED] - ctdc.utilities.runtestcaseforKatalon.clickTab("Object Repository/Canine/Filter/Study/Canine_Filter_Study-UBC_Chkbx"): ctdc.utilities.runtestcaseforKatalon.clickTab is PASSED

2021-07-14 17:39:24 - [MESSAGE][PASSED] - ctdc.utilities.runtestcaseforKatalon.clickTab is PASSED

2021-07-14 17:39:24 - [TEST_STEP][PASSED] - Thread.sleep(2000): null

2021-07-14 17:39:26 - [TEST_STEP][PASSED] - waitForElementPresent(findTestObject("Object Repository/Canine/Filter/StageOfDisease/STAGEOFDISEASE_Ddn"), 10): Object 'Object Repository/Canine/Filter/StageOfDisease/STAGEOFDISEASE_Ddn' is present

2021-07-14 17:39:26 - [MESSAGE][PASSED] - Object 'Object Repository/Canine/Filter/StageOfDisease/STAGEOFDISEASE_Ddn' is present

2021-07-14 17:39:26 - [TEST_STEP][PASSED] - ctdc.utilities.runtestcaseforKatalon.clickTab("Object Repository/Canine/Filter/StageOfDisease/STAGEOFDISEASE_Ddn"): ctdc.utilities.runtestcaseforKatalon.clickTab is PASSED

2021-07-14 17:39:26 - [MESSAGE][PASSED] - ctdc.utilities.runtestcaseforKatalon.clickTab is PASSED

2021-07-14 17:39:26 - [TEST_STEP][PASSED] - waitForElementPresent(findTestObject("Object Repository/Canine/Filter/StageOfDisease/T2N1M0_Chkbx"), 10): Object 'Object Repository/Canine/Filter/StageOfDisease/T2N1M0_Chkbx' is present

2021-07-14 17:39:26 - [MESSAGE][PASSED] - Object 'Object Repository/Canine/Filter/StageOfDisease/T2N1M0_Chkbx' is present

2021-07-14 17:39:26 - [TEST_STEP][PASSED] - ctdc.utilities.runtestcaseforKatalon.clickTab("Object Repository/Canine/Filter/StageOfDisease/T2N1M0_Chkbx"): ctdc.utilities.runtestcaseforKatalon.clickTab is PASSED

2021-07-14 17:39:27 - [MESSAGE][PASSED] - ctdc.utilities.runtestcaseforKatalon.clickTab is PASSED

2021-07-14 17:39:27 - [TEST_STEP][PASSED] - waitForElementPresent(findTestObject("Object Repository/Canine/Filter/StageOfDisease/T3N0M0_Chkbx"), 10): Object 'Object Repository/Canine/Filter/StageOfDisease/T3N0M0_Chkbx' is present

2021-07-14 17:39:27 - [MESSAGE][PASSED] - Object 'Object Repository/Canine/Filter/StageOfDisease/T3N0M0_Chkbx' is present

2021-07-14 17:39:27 - [TEST_STEP][PASSED] - ctdc.utilities.runtestcaseforKatalon.clickTab("Object Repository/Canine/Filter/StageOfDisease/T3N0M0_Chkbx"): ctdc.utilities.runtestcaseforKatalon.clickTab is PASSED

2021-07-14 17:39:27 - [MESSAGE][PASSED] - ctdc.utilities.runtestcaseforKatalon.clickTab is PASSED

2021-07-14 17:39:27 - [TEST_STEP][PASSED] - waitForElementPresent(findTestObject("Object Repository/Canine/Filter/StageOfDisease/T3N0M1_Chkbx"), 10): Object 'Object Repository/Canine/Filter/StageOfDisease/T3N0M1_Chkbx' is present

2021-07-14 17:39:27 - [MESSAGE][PASSED] - Object 'Object Repository/Canine/Filter/StageOfDisease/T3N0M1_Chkbx' is present

2021-07-14 17:39:27 - [TEST_STEP][PASSED] - ctdc.utilities.runtestcaseforKatalon.clickTab("Object Repository/Canine/Filter/StageOfDisease/T3N0M1_Chkbx"): ctdc.utilities.runtestcaseforKatalon.clickTab is PASSED

2021-07-14 17:39:28 - [MESSAGE][PASSED] - ctdc.utilities.runtestcaseforKatalon.clickTab is PASSED

2021-07-14 17:39:28 - [TEST_STEP][PASSED] - waitForElementPresent(findTestObject("Object Repository/Canine/Filter/StageOfDisease/T3N1M0_Chkbx"), 10): Object 'Object Repository/Canine/Filter/StageOfDisease/T3N1M0_Chkbx' is present

2021-07-14 17:39:28 - [MESSAGE][PASSED] - Object 'Object Repository/Canine/Filter/StageOfDisease/T3N1M0_Chkbx' is present

2021-07-14 17:39:28 - [TEST_STEP][PASSED] - ctdc.utilities.runtestcaseforKatalon.clickTab("Object Repository/Canine/Filter/StageOfDisease/T3N1M0_Chkbx"): ctdc.utilities.runtestcaseforKatalon.clickTab is PASSED

2021-07-14 17:39:29 - [MESSAGE][PASSED] - ctdc.utilities.runtestcaseforKatalon.clickTab is PASSED

2021-07-14 17:39:29 - [TEST_STEP][PASSED] - ctdc.utilities.runtestcaseforKatalon.clickTab("Object Repository/Canine/Filter/PrimDiseaseSite/PRIMARYDISEASESITE_Ddn"): ctdc.utilities.runtestcaseforKatalon.clickTab is PASSED

2021-07-14 17:39:29 - [MESSAGE][PASSED] - ctdc.utilities.runtestcaseforKatalon.clickTab is PASSED

2021-07-14 17:39:29 - [TEST_STEP][PASSED] - Thread.sleep(2000): null

2021-07-14 17:39:31 - [TEST_STEP][PASSED] - ctdc.utilities.runtestcaseforKatalon.readStatBarCanine("Object Repository/Canine/StatBar/Canine_StatBar-Studies", "Object Repository/Canine/StatBar/Canine_StatBar-Cases", "Object Repository/Canine/StatBar/Canine_StatBar-Samples", "Object Repository/Canine/StatBar/Canine_StatBar-Files", "Object Repository/Canine/StatBar/Canine_StatBar-Aliquots"): ctdc.utilities.runtestcaseforKatalon.readStatBarCanine is PASSED

2021-07-14 17:39:47 - [MESSAGE][PASSED] - ctdc.utilities.runtestcaseforKatalon.readStatBarCanine is PASSED

2021-07-14 17:39:47 - [TEST_STEP][PASSED] - waitForElementPresent(findTestObject("Object Repository/Canine/CanineResults_Cases_Tab"), 5): Object 'Object Repository/Canine/CanineResults_Cases_Tab' is present

2021-07-14 17:39:47 - [MESSAGE][PASSED] - Object 'Object Repository/Canine/CanineResults_Cases_Tab' is present

2021-07-14 17:39:47 - [TEST_STEP][PASSED] - ctdc.utilities.runtestcaseforKatalon.clickTab("Object Repository/Canine/CanineResults_Cases_Tab"): ctdc.utilities.runtestcaseforKatalon.clickTab is PASSED

2021-07-14 17:39:47 - [MESSAGE][PASSED] - ctdc.utilities.runtestcaseforKatalon.clickTab is PASSED

2021-07-14 17:39:47 - [TEST_STEP][ERROR] - ctdc.utilities.runtestcaseforKatalon.multiFunction("ICDC", G_StatBar_Cases, "Object Repository/Canine/Canine_CasesTable", "Object Repository/Canine/Canine_TableHeader", "Object Repository/Canine/Canine_CasesTabNextBtn", G_WebTabnameCases, G_CypherTabnameCases, G_QueryCasesTab): Index: 11, Size: 11

2021-07-14 17:40:16 - [MESSAGE][ERROR] - Index: 11, Size: 11]]></system-out>
         <system-err><![CDATA[2021-07-14 17:39:07 - [TEST_CASE][ERROR] - Test Cases/Canine_TestCases/StudyCombinations/Study-Combinations-UBC01/TC23_Canine_StudyUBC-AllBreeds_StageOfDisease: Test Cases/Canine_TestCases/StudyCombinations/Study-Combinations-UBC01/TC23_Canine_StudyUBC-AllBreeds_StageOfDisease FAILED.
Reason:
java.lang.IndexOutOfBoundsException: Index: 11, Size: 11
	at java_util_List$get$1.call(Unknown Source)
	at ctdc.utilities.runtestcaseforKatalon.compareTwoLists(runtestcaseforKatalon.groovy:849)
	at ctdc.utilities.runtestcaseforKatalon.compareLists(runtestcaseforKatalon.groovy:901)
	at ctdc.utilities.runtestcaseforKatalon.multiFunction(runtestcaseforKatalon.groovy:253)
	at ctdc.utilities.runtestcaseforKatalon.invokeMethod(runtestcaseforKatalon.groovy)
	at com.kms.katalon.core.main.CustomKeywordDelegatingMetaClass.invokeStaticMethod(CustomKeywordDelegatingMetaClass.java:50)
	at TC23_Canine_StudyUBC-AllBreeds_StageOfDisease.run(TC23_Canine_StudyUBC-AllBreeds_StageOfDisease:81)
	at com.kms.katalon.core.main.ScriptEngine.run(ScriptEngine.java:194)
	at com.kms.katalon.core.main.ScriptEngine.runScriptAsRawText(ScriptEngine.java:119)
	at com.kms.katalon.core.main.TestCaseExecutor.runScript(TestCaseExecutor.java:369)
	at com.kms.katalon.core.main.TestCaseExecutor.doExecute(TestCaseExecutor.java:360)
	at com.kms.katalon.core.main.TestCaseExecutor.processExecutionPhase(TestCaseExecutor.java:339)
	at com.kms.katalon.core.main.TestCaseExecutor.accessMainPhase(TestCaseExecutor.java:331)
	at com.kms.katalon.core.main.TestCaseExecutor.execute(TestCaseExecutor.java:248)
	at com.kms.katalon.core.main.TestSuiteExecutor.accessTestCaseMainPhase(TestSuiteExecutor.java:191)
	at com.kms.katalon.core.main.TestSuiteExecutor.accessTestSuiteMainPhase(TestSuiteExecutor.java:140)
	at com.kms.katalon.core.main.TestSuiteExecutor.execute(TestSuiteExecutor.java:89)
	at com.kms.katalon.core.main.TestCaseMain.startTestSuite(TestCaseMain.java:185)
	at com.kms.katalon.core.main.TestCaseMain$startTestSuite$0.call(Unknown Source)
	at TempTestSuite1626296935818.run(TempTestSuite1626296935818.groovy:39)]]></system-err>
      </testcase>
      <testcase name="Test Cases/Canine_TestCases/StudyCombinations/Study-Combinations-UBC01/TC24_Canine_StudyUBC-AllBreeds_StageOfDisease" time="54.506" classname="Test Cases/Canine_TestCases/StudyCombinations/Study-Combinations-UBC01/TC24_Canine_StudyUBC-AllBreeds_StageOfDisease" status="ERROR">
         <error type="ERROR" message="Test Cases/Canine_TestCases/StudyCombinations/Study-Combinations-UBC01/TC24_Canine_StudyUBC-AllBreeds_StageOfDisease FAILED.
Reason:
java.lang.IndexOutOfBoundsException: Index: 11, Size: 11
	at java_util_List$get$1.call(Unknown Source)
	at ctdc.utilities.runtestcaseforKatalon.compareTwoLists(runtestcaseforKatalon.groovy:849)
	at ctdc.utilities.runtestcaseforKatalon.compareLists(runtestcaseforKatalon.groovy:901)
	at ctdc.utilities.runtestcaseforKatalon.multiFunction(runtestcaseforKatalon.groovy:253)
	at ctdc.utilities.runtestcaseforKatalon.invokeMethod(runtestcaseforKatalon.groovy)
	at com.kms.katalon.core.main.CustomKeywordDelegatingMetaClass.invokeStaticMethod(CustomKeywordDelegatingMetaClass.java:50)
	at TC24_Canine_StudyUBC-AllBreeds_StageOfDisease.run(TC24_Canine_StudyUBC-AllBreeds_StageOfDisease:79)
	at com.kms.katalon.core.main.ScriptEngine.run(ScriptEngine.java:194)
	at com.kms.katalon.core.main.ScriptEngine.runScriptAsRawText(ScriptEngine.java:119)
	at com.kms.katalon.core.main.TestCaseExecutor.runScript(TestCaseExecutor.java:369)
	at com.kms.katalon.core.main.TestCaseExecutor.doExecute(TestCaseExecutor.java:360)
	at com.kms.katalon.core.main.TestCaseExecutor.processExecutionPhase(TestCaseExecutor.java:339)
	at com.kms.katalon.core.main.TestCaseExecutor.accessMainPhase(TestCaseExecutor.java:331)
	at com.kms.katalon.core.main.TestCaseExecutor.execute(TestCaseExecutor.java:248)
	at com.kms.katalon.core.main.TestSuiteExecutor.accessTestCaseMainPhase(TestSuiteExecutor.java:191)
	at com.kms.katalon.core.main.TestSuiteExecutor.accessTestSuiteMainPhase(TestSuiteExecutor.java:140)
	at com.kms.katalon.core.main.TestSuiteExecutor.execute(TestSuiteExecutor.java:89)
	at com.kms.katalon.core.main.TestCaseMain.startTestSuite(TestCaseMain.java:185)
	at com.kms.katalon.core.main.TestCaseMain$startTestSuite$0.call(Unknown Source)
	at TempTestSuite1626296935818.run(TempTestSuite1626296935818.groovy:39)
"/>
         <system-out><![CDATA[2021-07-14 17:40:16 - [TEST_CASE][ERROR] - Test Cases/Canine_TestCases/StudyCombinations/Study-Combinations-UBC01/TC24_Canine_StudyUBC-AllBreeds_StageOfDisease: Test Cases/Canine_TestCases/StudyCombinations/Study-Combinations-UBC01/TC24_Canine_StudyUBC-AllBreeds_StageOfDisease FAILED.
Reason:
java.lang.IndexOutOfBoundsException: Index: 11, Size: 11
	at java_util_List$get$1.call(Unknown Source)
	at ctdc.utilities.runtestcaseforKatalon.compareTwoLists(runtestcaseforKatalon.groovy:849)
	at ctdc.utilities.runtestcaseforKatalon.compareLists(runtestcaseforKatalon.groovy:901)
	at ctdc.utilities.runtestcaseforKatalon.multiFunction(runtestcaseforKatalon.groovy:253)
	at ctdc.utilities.runtestcaseforKatalon.invokeMethod(runtestcaseforKatalon.groovy)
	at com.kms.katalon.core.main.CustomKeywordDelegatingMetaClass.invokeStaticMethod(CustomKeywordDelegatingMetaClass.java:50)
	at TC24_Canine_StudyUBC-AllBreeds_StageOfDisease.run(TC24_Canine_StudyUBC-AllBreeds_StageOfDisease:79)
	at com.kms.katalon.core.main.ScriptEngine.run(ScriptEngine.java:194)
	at com.kms.katalon.core.main.ScriptEngine.runScriptAsRawText(ScriptEngine.java:119)
	at com.kms.katalon.core.main.TestCaseExecutor.runScript(TestCaseExecutor.java:369)
	at com.kms.katalon.core.main.TestCaseExecutor.doExecute(TestCaseExecutor.java:360)
	at com.kms.katalon.core.main.TestCaseExecutor.processExecutionPhase(TestCaseExecutor.java:339)
	at com.kms.katalon.core.main.TestCaseExecutor.accessMainPhase(TestCaseExecutor.java:331)
	at com.kms.katalon.core.main.TestCaseExecutor.execute(TestCaseExecutor.java:248)
	at com.kms.katalon.core.main.TestSuiteExecutor.accessTestCaseMainPhase(TestSuiteExecutor.java:191)
	at com.kms.katalon.core.main.TestSuiteExecutor.accessTestSuiteMainPhase(TestSuiteExecutor.java:140)
	at com.kms.katalon.core.main.TestSuiteExecutor.execute(TestSuiteExecutor.java:89)
	at com.kms.katalon.core.main.TestCaseMain.startTestSuite(TestCaseMain.java:185)
	at com.kms.katalon.core.main.TestCaseMain$startTestSuite$0.call(Unknown Source)
	at TempTestSuite1626296935818.run(TempTestSuite1626296935818.groovy:39)


2021-07-14 17:40:16 - [TEST_STEP][PASSED] - Start listener action : getTestScriptName: null

2021-07-14 17:40:16 - [TEST_STEP][PASSED] - TestCaseId = testCaseContext.getTestCaseId(): null

2021-07-14 17:40:16 - [TEST_STEP][PASSED] - out.println("**********this is the value of test case id string******** " + testCaseContext.getTestCaseId()): null

2021-07-14 17:40:16 - [TEST_STEP][PASSED] - G_currentTCName = TestCaseId.substring(TestCaseId.lastIndexOf("TC")): null

2021-07-14 17:40:16 - [TEST_STEP][PASSED] - out.println("This is the test case name : " + G_currentTCName): null

2021-07-14 17:40:17 - [TEST_STEP][PASSED] - closeBrowser(): Browser is closed

2021-07-14 17:40:17 - [MESSAGE][PASSED] - Browser is closed

2021-07-14 17:40:17 - [TEST_STEP][PASSED] - openBrowser(""): Browser is opened with url: ''

2021-07-14 17:40:17 - [MESSAGE][INFO] - Starting 'Chrome (headless)' driver

2021-07-14 17:40:17 - [MESSAGE][INFO] - User set preference: ['args', '[--no-sandbox]']

2021-07-14 17:40:17 - [MESSAGE][INFO] - Action delay is set to 0 milliseconds

2021-07-14 17:40:19 - [MESSAGE][PASSED] - Browser is opened with url: ''

2021-07-14 17:40:19 - [TEST_STEP][PASSED] - maximizeWindow(): Current window maximized

2021-07-14 17:40:19 - [MESSAGE][PASSED] - Current window maximized

2021-07-14 17:40:19 - [TEST_STEP][PASSED] - "Driver opened by Katalon is used in Selenium from this step.": null

2021-07-14 17:40:19 - [TEST_STEP][PASSED] - ctdc.utilities.runtestcaseforKatalon.RunKatalon("TC24_Canine_StudyUBC-AllBreeds_StageOfDisease.xlsx"): Data loaded from input file for the test case. 

2021-07-14 17:40:19 - [MESSAGE][PASSED] - Test case file loaded This is the full filepath after converting to string :C:\Automation_master\InputFiles\TC24_Canine_StudyUBC-AllBreeds_StageOfDisease.xlsx

2021-07-14 17:40:19 - [MESSAGE][INFO] - Global variable set for password file is :  C:\Automation_master\InputFiles\TC24_Canine_StudyUBC-AllBreeds_StageOfDisease.xlsx

2021-07-14 17:40:23 - [MESSAGE][PASSED] - Data loaded from input file for the test case. 

2021-07-14 17:40:30 - [TEST_STEP][PASSED] - findTestObject("Object Repository/Canine/Filter/StageOfDisease/STAGEOFDISEASE_Ddn"): null

2021-07-14 17:40:30 - [TEST_STEP][PASSED] - waitForElementPresent(findTestObject("Canine/NavBar/Canine_Cases_Btn"), 10): Object 'Object Repository/Canine/NavBar/Canine_Cases_Btn' is present

2021-07-14 17:40:30 - [MESSAGE][PASSED] - Object 'Object Repository/Canine/NavBar/Canine_Cases_Btn' is present

2021-07-14 17:40:30 - [TEST_STEP][PASSED] - ctdc.utilities.runtestcaseforKatalon.clickTab("Canine/NavBar/Canine_Cases_Btn"): ctdc.utilities.runtestcaseforKatalon.clickTab is PASSED

2021-07-14 17:40:30 - [MESSAGE][PASSED] - ctdc.utilities.runtestcaseforKatalon.clickTab is PASSED

2021-07-14 17:40:30 - [TEST_STEP][PASSED] - waitForElementPresent(findTestObject("Object Repository/Canine/Filter/FilterByCases_Facet"), 10): Object 'Object Repository/Canine/Filter/FilterByCases_Facet' is present

2021-07-14 17:40:32 - [MESSAGE][PASSED] - Object 'Object Repository/Canine/Filter/FilterByCases_Facet' is present

2021-07-14 17:40:32 - [TEST_STEP][PASSED] - ctdc.utilities.runtestcaseforKatalon.clickTab("Object Repository/Canine/Filter/FilterByCases_Facet"): ctdc.utilities.runtestcaseforKatalon.clickTab is PASSED

2021-07-14 17:40:32 - [MESSAGE][PASSED] - ctdc.utilities.runtestcaseforKatalon.clickTab is PASSED

2021-07-14 17:40:32 - [TEST_STEP][PASSED] - waitForElementPresent(findTestObject("Object Repository/Canine/Filter/Study/Canine_Filter_Study"), 10): Object 'Object Repository/Canine/Filter/Study/Canine_Filter_Study' is present

2021-07-14 17:40:33 - [MESSAGE][PASSED] - Object 'Object Repository/Canine/Filter/Study/Canine_Filter_Study' is present

2021-07-14 17:40:33 - [TEST_STEP][PASSED] - ctdc.utilities.runtestcaseforKatalon.clickTab("Object Repository/Canine/Filter/Study/Canine_Filter_Study"): ctdc.utilities.runtestcaseforKatalon.clickTab is PASSED

2021-07-14 17:40:33 - [MESSAGE][PASSED] - ctdc.utilities.runtestcaseforKatalon.clickTab is PASSED

2021-07-14 17:40:33 - [TEST_STEP][PASSED] - waitForElementPresent(findTestObject("Object Repository/Canine/Filter/Study/Canine_Filter_Study-UBC_Chkbx"), 10): Object 'Object Repository/Canine/Filter/Study/Canine_Filter_Study-UBC_Chkbx' is present

2021-07-14 17:40:34 - [MESSAGE][PASSED] - Object 'Object Repository/Canine/Filter/Study/Canine_Filter_Study-UBC_Chkbx' is present

2021-07-14 17:40:34 - [TEST_STEP][PASSED] - ctdc.utilities.runtestcaseforKatalon.clickTab("Object Repository/Canine/Filter/Study/Canine_Filter_Study-UBC_Chkbx"): ctdc.utilities.runtestcaseforKatalon.clickTab is PASSED

2021-07-14 17:40:34 - [MESSAGE][PASSED] - ctdc.utilities.runtestcaseforKatalon.clickTab is PASSED

2021-07-14 17:40:34 - [TEST_STEP][PASSED] - Thread.sleep(2000): null

2021-07-14 17:40:36 - [TEST_STEP][PASSED] - waitForElementPresent(findTestObject("Object Repository/Canine/Filter/StageOfDisease/STAGEOFDISEASE_Ddn"), 10): Object 'Object Repository/Canine/Filter/StageOfDisease/STAGEOFDISEASE_Ddn' is present

2021-07-14 17:40:36 - [MESSAGE][PASSED] - Object 'Object Repository/Canine/Filter/StageOfDisease/STAGEOFDISEASE_Ddn' is present

2021-07-14 17:40:36 - [TEST_STEP][PASSED] - ctdc.utilities.runtestcaseforKatalon.clickTab("Object Repository/Canine/Filter/StageOfDisease/STAGEOFDISEASE_Ddn"): ctdc.utilities.runtestcaseforKatalon.clickTab is PASSED

2021-07-14 17:40:36 - [MESSAGE][PASSED] - ctdc.utilities.runtestcaseforKatalon.clickTab is PASSED

2021-07-14 17:40:36 - [TEST_STEP][PASSED] - waitForElementPresent(findTestObject("Object Repository/Canine/Filter/StageOfDisease/T3N0M0_Chkbx"), 10): Object 'Object Repository/Canine/Filter/StageOfDisease/T3N0M0_Chkbx' is present

2021-07-14 17:40:37 - [MESSAGE][PASSED] - Object 'Object Repository/Canine/Filter/StageOfDisease/T3N0M0_Chkbx' is present

2021-07-14 17:40:37 - [TEST_STEP][PASSED] - ctdc.utilities.runtestcaseforKatalon.clickTab("Object Repository/Canine/Filter/StageOfDisease/T3N0M0_Chkbx"): ctdc.utilities.runtestcaseforKatalon.clickTab is PASSED

2021-07-14 17:40:37 - [MESSAGE][PASSED] - ctdc.utilities.runtestcaseforKatalon.clickTab is PASSED

2021-07-14 17:40:37 - [TEST_STEP][PASSED] - waitForElementPresent(findTestObject("Object Repository/Canine/Filter/StageOfDisease/T3N0M1_Chkbx"), 10): Object 'Object Repository/Canine/Filter/StageOfDisease/T3N0M1_Chkbx' is present

2021-07-14 17:40:37 - [MESSAGE][PASSED] - Object 'Object Repository/Canine/Filter/StageOfDisease/T3N0M1_Chkbx' is present

2021-07-14 17:40:37 - [TEST_STEP][PASSED] - ctdc.utilities.runtestcaseforKatalon.clickTab("Object Repository/Canine/Filter/StageOfDisease/T3N0M1_Chkbx"): ctdc.utilities.runtestcaseforKatalon.clickTab is PASSED

2021-07-14 17:40:38 - [MESSAGE][PASSED] - ctdc.utilities.runtestcaseforKatalon.clickTab is PASSED

2021-07-14 17:40:38 - [TEST_STEP][PASSED] - waitForElementPresent(findTestObject("Object Repository/Canine/Filter/StageOfDisease/T3N1M0_Chkbx"), 10): Object 'Object Repository/Canine/Filter/StageOfDisease/T3N1M0_Chkbx' is present

2021-07-14 17:40:38 - [MESSAGE][PASSED] - Object 'Object Repository/Canine/Filter/StageOfDisease/T3N1M0_Chkbx' is present

2021-07-14 17:40:38 - [TEST_STEP][PASSED] - ctdc.utilities.runtestcaseforKatalon.clickTab("Object Repository/Canine/Filter/StageOfDisease/T3N1M0_Chkbx"): ctdc.utilities.runtestcaseforKatalon.clickTab is PASSED

2021-07-14 17:40:38 - [MESSAGE][PASSED] - ctdc.utilities.runtestcaseforKatalon.clickTab is PASSED

2021-07-14 17:40:38 - [TEST_STEP][PASSED] - ctdc.utilities.runtestcaseforKatalon.clickTab("Object Repository/Canine/Filter/PrimDiseaseSite/PRIMARYDISEASESITE_Ddn"): ctdc.utilities.runtestcaseforKatalon.clickTab is PASSED

2021-07-14 17:40:38 - [MESSAGE][PASSED] - ctdc.utilities.runtestcaseforKatalon.clickTab is PASSED

2021-07-14 17:40:38 - [TEST_STEP][PASSED] - Thread.sleep(2000): null

2021-07-14 17:40:40 - [TEST_STEP][PASSED] - ctdc.utilities.runtestcaseforKatalon.readStatBarCanine("Object Repository/Canine/StatBar/Canine_StatBar-Studies", "Object Repository/Canine/StatBar/Canine_StatBar-Cases", "Object Repository/Canine/StatBar/Canine_StatBar-Samples", "Object Repository/Canine/StatBar/Canine_StatBar-Files", "Object Repository/Canine/StatBar/Canine_StatBar-Aliquots"): ctdc.utilities.runtestcaseforKatalon.readStatBarCanine is PASSED

2021-07-14 17:40:56 - [MESSAGE][PASSED] - ctdc.utilities.runtestcaseforKatalon.readStatBarCanine is PASSED

2021-07-14 17:40:56 - [TEST_STEP][PASSED] - waitForElementPresent(findTestObject("Object Repository/Canine/CanineResults_Cases_Tab"), 5): Object 'Object Repository/Canine/CanineResults_Cases_Tab' is present

2021-07-14 17:40:56 - [MESSAGE][PASSED] - Object 'Object Repository/Canine/CanineResults_Cases_Tab' is present

2021-07-14 17:40:56 - [TEST_STEP][PASSED] - ctdc.utilities.runtestcaseforKatalon.clickTab("Object Repository/Canine/CanineResults_Cases_Tab"): ctdc.utilities.runtestcaseforKatalon.clickTab is PASSED

2021-07-14 17:40:56 - [MESSAGE][PASSED] - ctdc.utilities.runtestcaseforKatalon.clickTab is PASSED

2021-07-14 17:40:56 - [TEST_STEP][ERROR] - ctdc.utilities.runtestcaseforKatalon.multiFunction("ICDC", G_StatBar_Cases, "Object Repository/Canine/Canine_CasesTable", "Object Repository/Canine/Canine_TableHeader", "Object Repository/Canine/Canine_CasesTabNextBtn", G_WebTabnameCases, G_CypherTabnameCases, G_QueryCasesTab): Index: 11, Size: 11

2021-07-14 17:41:10 - [MESSAGE][ERROR] - Index: 11, Size: 11]]></system-out>
         <system-err><![CDATA[2021-07-14 17:40:16 - [TEST_CASE][ERROR] - Test Cases/Canine_TestCases/StudyCombinations/Study-Combinations-UBC01/TC24_Canine_StudyUBC-AllBreeds_StageOfDisease: Test Cases/Canine_TestCases/StudyCombinations/Study-Combinations-UBC01/TC24_Canine_StudyUBC-AllBreeds_StageOfDisease FAILED.
Reason:
java.lang.IndexOutOfBoundsException: Index: 11, Size: 11
	at java_util_List$get$1.call(Unknown Source)
	at ctdc.utilities.runtestcaseforKatalon.compareTwoLists(runtestcaseforKatalon.groovy:849)
	at ctdc.utilities.runtestcaseforKatalon.compareLists(runtestcaseforKatalon.groovy:901)
	at ctdc.utilities.runtestcaseforKatalon.multiFunction(runtestcaseforKatalon.groovy:253)
	at ctdc.utilities.runtestcaseforKatalon.invokeMethod(runtestcaseforKatalon.groovy)
	at com.kms.katalon.core.main.CustomKeywordDelegatingMetaClass.invokeStaticMethod(CustomKeywordDelegatingMetaClass.java:50)
	at TC24_Canine_StudyUBC-AllBreeds_StageOfDisease.run(TC24_Canine_StudyUBC-AllBreeds_StageOfDisease:79)
	at com.kms.katalon.core.main.ScriptEngine.run(ScriptEngine.java:194)
	at com.kms.katalon.core.main.ScriptEngine.runScriptAsRawText(ScriptEngine.java:119)
	at com.kms.katalon.core.main.TestCaseExecutor.runScript(TestCaseExecutor.java:369)
	at com.kms.katalon.core.main.TestCaseExecutor.doExecute(TestCaseExecutor.java:360)
	at com.kms.katalon.core.main.TestCaseExecutor.processExecutionPhase(TestCaseExecutor.java:339)
	at com.kms.katalon.core.main.TestCaseExecutor.accessMainPhase(TestCaseExecutor.java:331)
	at com.kms.katalon.core.main.TestCaseExecutor.execute(TestCaseExecutor.java:248)
	at com.kms.katalon.core.main.TestSuiteExecutor.accessTestCaseMainPhase(TestSuiteExecutor.java:191)
	at com.kms.katalon.core.main.TestSuiteExecutor.accessTestSuiteMainPhase(TestSuiteExecutor.java:140)
	at com.kms.katalon.core.main.TestSuiteExecutor.execute(TestSuiteExecutor.java:89)
	at com.kms.katalon.core.main.TestCaseMain.startTestSuite(TestCaseMain.java:185)
	at com.kms.katalon.core.main.TestCaseMain$startTestSuite$0.call(Unknown Source)
	at TempTestSuite1626296935818.run(TempTestSuite1626296935818.groovy:39)]]></system-err>
      </testcase>
      <testcase name="Test Cases/Canine_TestCases/StudyCombinations/Study-Combinations-UBC01/TC25_Canine_StudyUBC-AllBreeds_StageOfDisease" time="57.59" classname="Test Cases/Canine_TestCases/StudyCombinations/Study-Combinations-UBC01/TC25_Canine_StudyUBC-AllBreeds_StageOfDisease" status="ERROR">
         <error type="ERROR" message="Test Cases/Canine_TestCases/StudyCombinations/Study-Combinations-UBC01/TC25_Canine_StudyUBC-AllBreeds_StageOfDisease FAILED.
Reason:
java.lang.IndexOutOfBoundsException: Index: 11, Size: 11
	at java_util_List$get$1.call(Unknown Source)
	at ctdc.utilities.runtestcaseforKatalon.compareTwoLists(runtestcaseforKatalon.groovy:849)
	at ctdc.utilities.runtestcaseforKatalon.compareLists(runtestcaseforKatalon.groovy:901)
	at ctdc.utilities.runtestcaseforKatalon.multiFunction(runtestcaseforKatalon.groovy:253)
	at ctdc.utilities.runtestcaseforKatalon.invokeMethod(runtestcaseforKatalon.groovy)
	at com.kms.katalon.core.main.CustomKeywordDelegatingMetaClass.invokeStaticMethod(CustomKeywordDelegatingMetaClass.java:50)
	at TC25_Canine_StudyUBC-AllBreeds_StageOfDisease.run(TC25_Canine_StudyUBC-AllBreeds_StageOfDisease:77)
	at com.kms.katalon.core.main.ScriptEngine.run(ScriptEngine.java:194)
	at com.kms.katalon.core.main.ScriptEngine.runScriptAsRawText(ScriptEngine.java:119)
	at com.kms.katalon.core.main.TestCaseExecutor.runScript(TestCaseExecutor.java:369)
	at com.kms.katalon.core.main.TestCaseExecutor.doExecute(TestCaseExecutor.java:360)
	at com.kms.katalon.core.main.TestCaseExecutor.processExecutionPhase(TestCaseExecutor.java:339)
	at com.kms.katalon.core.main.TestCaseExecutor.accessMainPhase(TestCaseExecutor.java:331)
	at com.kms.katalon.core.main.TestCaseExecutor.execute(TestCaseExecutor.java:248)
	at com.kms.katalon.core.main.TestSuiteExecutor.accessTestCaseMainPhase(TestSuiteExecutor.java:191)
	at com.kms.katalon.core.main.TestSuiteExecutor.accessTestSuiteMainPhase(TestSuiteExecutor.java:140)
	at com.kms.katalon.core.main.TestSuiteExecutor.execute(TestSuiteExecutor.java:89)
	at com.kms.katalon.core.main.TestCaseMain.startTestSuite(TestCaseMain.java:185)
	at com.kms.katalon.core.main.TestCaseMain$startTestSuite$0.call(Unknown Source)
	at TempTestSuite1626296935818.run(TempTestSuite1626296935818.groovy:39)
"/>
         <system-out><![CDATA[2021-07-14 17:41:11 - [TEST_CASE][ERROR] - Test Cases/Canine_TestCases/StudyCombinations/Study-Combinations-UBC01/TC25_Canine_StudyUBC-AllBreeds_StageOfDisease: Test Cases/Canine_TestCases/StudyCombinations/Study-Combinations-UBC01/TC25_Canine_StudyUBC-AllBreeds_StageOfDisease FAILED.
Reason:
java.lang.IndexOutOfBoundsException: Index: 11, Size: 11
	at java_util_List$get$1.call(Unknown Source)
	at ctdc.utilities.runtestcaseforKatalon.compareTwoLists(runtestcaseforKatalon.groovy:849)
	at ctdc.utilities.runtestcaseforKatalon.compareLists(runtestcaseforKatalon.groovy:901)
	at ctdc.utilities.runtestcaseforKatalon.multiFunction(runtestcaseforKatalon.groovy:253)
	at ctdc.utilities.runtestcaseforKatalon.invokeMethod(runtestcaseforKatalon.groovy)
	at com.kms.katalon.core.main.CustomKeywordDelegatingMetaClass.invokeStaticMethod(CustomKeywordDelegatingMetaClass.java:50)
	at TC25_Canine_StudyUBC-AllBreeds_StageOfDisease.run(TC25_Canine_StudyUBC-AllBreeds_StageOfDisease:77)
	at com.kms.katalon.core.main.ScriptEngine.run(ScriptEngine.java:194)
	at com.kms.katalon.core.main.ScriptEngine.runScriptAsRawText(ScriptEngine.java:119)
	at com.kms.katalon.core.main.TestCaseExecutor.runScript(TestCaseExecutor.java:369)
	at com.kms.katalon.core.main.TestCaseExecutor.doExecute(TestCaseExecutor.java:360)
	at com.kms.katalon.core.main.TestCaseExecutor.processExecutionPhase(TestCaseExecutor.java:339)
	at com.kms.katalon.core.main.TestCaseExecutor.accessMainPhase(TestCaseExecutor.java:331)
	at com.kms.katalon.core.main.TestCaseExecutor.execute(TestCaseExecutor.java:248)
	at com.kms.katalon.core.main.TestSuiteExecutor.accessTestCaseMainPhase(TestSuiteExecutor.java:191)
	at com.kms.katalon.core.main.TestSuiteExecutor.accessTestSuiteMainPhase(TestSuiteExecutor.java:140)
	at com.kms.katalon.core.main.TestSuiteExecutor.execute(TestSuiteExecutor.java:89)
	at com.kms.katalon.core.main.TestCaseMain.startTestSuite(TestCaseMain.java:185)
	at com.kms.katalon.core.main.TestCaseMain$startTestSuite$0.call(Unknown Source)
	at TempTestSuite1626296935818.run(TempTestSuite1626296935818.groovy:39)


2021-07-14 17:41:11 - [TEST_STEP][PASSED] - Start listener action : getTestScriptName: null

2021-07-14 17:41:11 - [TEST_STEP][PASSED] - TestCaseId = testCaseContext.getTestCaseId(): null

2021-07-14 17:41:11 - [TEST_STEP][PASSED] - out.println("**********this is the value of test case id string******** " + testCaseContext.getTestCaseId()): null

2021-07-14 17:41:11 - [TEST_STEP][PASSED] - G_currentTCName = TestCaseId.substring(TestCaseId.lastIndexOf("TC")): null

2021-07-14 17:41:11 - [TEST_STEP][PASSED] - out.println("This is the test case name : " + G_currentTCName): null

2021-07-14 17:41:12 - [TEST_STEP][PASSED] - closeBrowser(): Browser is closed

2021-07-14 17:41:13 - [MESSAGE][PASSED] - Browser is closed

2021-07-14 17:41:13 - [TEST_STEP][PASSED] - openBrowser(""): Browser is opened with url: ''

2021-07-14 17:41:13 - [MESSAGE][INFO] - Starting 'Chrome (headless)' driver

2021-07-14 17:41:13 - [MESSAGE][INFO] - User set preference: ['args', '[--no-sandbox]']

2021-07-14 17:41:13 - [MESSAGE][INFO] - Action delay is set to 0 milliseconds

2021-07-14 17:41:14 - [MESSAGE][PASSED] - Browser is opened with url: ''

2021-07-14 17:41:14 - [TEST_STEP][PASSED] - maximizeWindow(): Current window maximized

2021-07-14 17:41:14 - [MESSAGE][PASSED] - Current window maximized

2021-07-14 17:41:14 - [TEST_STEP][PASSED] - "Driver opened by Katalon is used in Selenium from this step.": null

2021-07-14 17:41:14 - [TEST_STEP][PASSED] - ctdc.utilities.runtestcaseforKatalon.RunKatalon("TC25_Canine_StudyUBC-AllBreeds_StageOfDisease.xlsx"): Data loaded from input file for the test case. 

2021-07-14 17:41:14 - [MESSAGE][PASSED] - Test case file loaded This is the full filepath after converting to string :C:\Automation_master\InputFiles\TC25_Canine_StudyUBC-AllBreeds_StageOfDisease.xlsx

2021-07-14 17:41:14 - [MESSAGE][INFO] - Global variable set for password file is :  C:\Automation_master\InputFiles\TC25_Canine_StudyUBC-AllBreeds_StageOfDisease.xlsx

2021-07-14 17:41:18 - [MESSAGE][PASSED] - Data loaded from input file for the test case. 

2021-07-14 17:41:26 - [TEST_STEP][PASSED] - findTestObject("Object Repository/Canine/Filter/StageOfDisease/STAGEOFDISEASE_Ddn"): null

2021-07-14 17:41:26 - [TEST_STEP][PASSED] - waitForElementPresent(findTestObject("Canine/NavBar/Canine_Cases_Btn"), 10): Object 'Object Repository/Canine/NavBar/Canine_Cases_Btn' is present

2021-07-14 17:41:26 - [MESSAGE][PASSED] - Object 'Object Repository/Canine/NavBar/Canine_Cases_Btn' is present

2021-07-14 17:41:26 - [TEST_STEP][PASSED] - ctdc.utilities.runtestcaseforKatalon.clickTab("Canine/NavBar/Canine_Cases_Btn"): ctdc.utilities.runtestcaseforKatalon.clickTab is PASSED

2021-07-14 17:41:26 - [MESSAGE][PASSED] - ctdc.utilities.runtestcaseforKatalon.clickTab is PASSED

2021-07-14 17:41:26 - [TEST_STEP][PASSED] - waitForElementPresent(findTestObject("Object Repository/Canine/Filter/FilterByCases_Facet"), 10): Object 'Object Repository/Canine/Filter/FilterByCases_Facet' is present

2021-07-14 17:41:28 - [MESSAGE][PASSED] - Object 'Object Repository/Canine/Filter/FilterByCases_Facet' is present

2021-07-14 17:41:28 - [TEST_STEP][PASSED] - ctdc.utilities.runtestcaseforKatalon.clickTab("Object Repository/Canine/Filter/FilterByCases_Facet"): ctdc.utilities.runtestcaseforKatalon.clickTab is PASSED

2021-07-14 17:41:29 - [MESSAGE][PASSED] - ctdc.utilities.runtestcaseforKatalon.clickTab is PASSED

2021-07-14 17:41:29 - [TEST_STEP][PASSED] - waitForElementPresent(findTestObject("Object Repository/Canine/Filter/Study/Canine_Filter_Study"), 10): Object 'Object Repository/Canine/Filter/Study/Canine_Filter_Study' is present

2021-07-14 17:41:29 - [MESSAGE][PASSED] - Object 'Object Repository/Canine/Filter/Study/Canine_Filter_Study' is present

2021-07-14 17:41:29 - [TEST_STEP][PASSED] - ctdc.utilities.runtestcaseforKatalon.clickTab("Object Repository/Canine/Filter/Study/Canine_Filter_Study"): ctdc.utilities.runtestcaseforKatalon.clickTab is PASSED

2021-07-14 17:41:29 - [MESSAGE][PASSED] - ctdc.utilities.runtestcaseforKatalon.clickTab is PASSED

2021-07-14 17:41:29 - [TEST_STEP][PASSED] - waitForElementPresent(findTestObject("Object Repository/Canine/Filter/Study/Canine_Filter_Study-UBC_Chkbx"), 10): Object 'Object Repository/Canine/Filter/Study/Canine_Filter_Study-UBC_Chkbx' is present

2021-07-14 17:41:30 - [MESSAGE][PASSED] - Object 'Object Repository/Canine/Filter/Study/Canine_Filter_Study-UBC_Chkbx' is present

2021-07-14 17:41:30 - [TEST_STEP][PASSED] - ctdc.utilities.runtestcaseforKatalon.clickTab("Object Repository/Canine/Filter/Study/Canine_Filter_Study-UBC_Chkbx"): ctdc.utilities.runtestcaseforKatalon.clickTab is PASSED

2021-07-14 17:41:30 - [MESSAGE][PASSED] - ctdc.utilities.runtestcaseforKatalon.clickTab is PASSED

2021-07-14 17:41:30 - [TEST_STEP][PASSED] - Thread.sleep(2000): null

2021-07-14 17:41:32 - [TEST_STEP][PASSED] - waitForElementPresent(findTestObject("Object Repository/Canine/Filter/StageOfDisease/STAGEOFDISEASE_Ddn"), 10): Object 'Object Repository/Canine/Filter/StageOfDisease/STAGEOFDISEASE_Ddn' is present

2021-07-14 17:41:32 - [MESSAGE][PASSED] - Object 'Object Repository/Canine/Filter/StageOfDisease/STAGEOFDISEASE_Ddn' is present

2021-07-14 17:41:32 - [TEST_STEP][PASSED] - ctdc.utilities.runtestcaseforKatalon.clickTab("Object Repository/Canine/Filter/StageOfDisease/STAGEOFDISEASE_Ddn"): ctdc.utilities.runtestcaseforKatalon.clickTab is PASSED

2021-07-14 17:41:32 - [MESSAGE][PASSED] - ctdc.utilities.runtestcaseforKatalon.clickTab is PASSED

2021-07-14 17:41:32 - [TEST_STEP][PASSED] - waitForElementPresent(findTestObject("Object Repository/Canine/Filter/StageOfDisease/T3N0M1_Chkbx"), 10): Object 'Object Repository/Canine/Filter/StageOfDisease/T3N0M1_Chkbx' is present

2021-07-14 17:41:33 - [MESSAGE][PASSED] - Object 'Object Repository/Canine/Filter/StageOfDisease/T3N0M1_Chkbx' is present

2021-07-14 17:41:33 - [TEST_STEP][PASSED] - ctdc.utilities.runtestcaseforKatalon.clickTab("Object Repository/Canine/Filter/StageOfDisease/T3N0M1_Chkbx"): ctdc.utilities.runtestcaseforKatalon.clickTab is PASSED

2021-07-14 17:41:33 - [MESSAGE][PASSED] - ctdc.utilities.runtestcaseforKatalon.clickTab is PASSED

2021-07-14 17:41:33 - [TEST_STEP][PASSED] - waitForElementPresent(findTestObject("Object Repository/Canine/Filter/StageOfDisease/T3N1M0_Chkbx"), 10): Object 'Object Repository/Canine/Filter/StageOfDisease/T3N1M0_Chkbx' is present

2021-07-14 17:41:33 - [MESSAGE][PASSED] - Object 'Object Repository/Canine/Filter/StageOfDisease/T3N1M0_Chkbx' is present

2021-07-14 17:41:33 - [TEST_STEP][PASSED] - ctdc.utilities.runtestcaseforKatalon.clickTab("Object Repository/Canine/Filter/StageOfDisease/T3N1M0_Chkbx"): ctdc.utilities.runtestcaseforKatalon.clickTab is PASSED

2021-07-14 17:41:34 - [MESSAGE][PASSED] - ctdc.utilities.runtestcaseforKatalon.clickTab is PASSED

2021-07-14 17:41:34 - [TEST_STEP][PASSED] - ctdc.utilities.runtestcaseforKatalon.clickTab("Object Repository/Canine/Filter/PrimDiseaseSite/PRIMARYDISEASESITE_Ddn"): ctdc.utilities.runtestcaseforKatalon.clickTab is PASSED

2021-07-14 17:41:34 - [MESSAGE][PASSED] - ctdc.utilities.runtestcaseforKatalon.clickTab is PASSED

2021-07-14 17:41:34 - [TEST_STEP][PASSED] - Thread.sleep(2000): null

2021-07-14 17:41:36 - [TEST_STEP][PASSED] - ctdc.utilities.runtestcaseforKatalon.readStatBarCanine("Object Repository/Canine/StatBar/Canine_StatBar-Studies", "Object Repository/Canine/StatBar/Canine_StatBar-Cases", "Object Repository/Canine/StatBar/Canine_StatBar-Samples", "Object Repository/Canine/StatBar/Canine_StatBar-Files", "Object Repository/Canine/StatBar/Canine_StatBar-Aliquots"): ctdc.utilities.runtestcaseforKatalon.readStatBarCanine is PASSED

2021-07-14 17:41:52 - [MESSAGE][PASSED] - ctdc.utilities.runtestcaseforKatalon.readStatBarCanine is PASSED

2021-07-14 17:41:52 - [TEST_STEP][PASSED] - waitForElementPresent(findTestObject("Object Repository/Canine/CanineResults_Cases_Tab"), 5): Object 'Object Repository/Canine/CanineResults_Cases_Tab' is present

2021-07-14 17:41:52 - [MESSAGE][PASSED] - Object 'Object Repository/Canine/CanineResults_Cases_Tab' is present

2021-07-14 17:41:52 - [TEST_STEP][PASSED] - ctdc.utilities.runtestcaseforKatalon.clickTab("Object Repository/Canine/CanineResults_Cases_Tab"): ctdc.utilities.runtestcaseforKatalon.clickTab is PASSED

2021-07-14 17:41:53 - [MESSAGE][PASSED] - ctdc.utilities.runtestcaseforKatalon.clickTab is PASSED

2021-07-14 17:41:53 - [TEST_STEP][ERROR] - ctdc.utilities.runtestcaseforKatalon.multiFunction("ICDC", G_StatBar_Cases, "Object Repository/Canine/Canine_CasesTable", "Object Repository/Canine/Canine_TableHeader", "Object Repository/Canine/Canine_CasesTabNextBtn", G_WebTabnameCases, G_CypherTabnameCases, G_QueryCasesTab): Index: 11, Size: 11

2021-07-14 17:42:08 - [MESSAGE][ERROR] - Index: 11, Size: 11]]></system-out>
         <system-err><![CDATA[2021-07-14 17:41:11 - [TEST_CASE][ERROR] - Test Cases/Canine_TestCases/StudyCombinations/Study-Combinations-UBC01/TC25_Canine_StudyUBC-AllBreeds_StageOfDisease: Test Cases/Canine_TestCases/StudyCombinations/Study-Combinations-UBC01/TC25_Canine_StudyUBC-AllBreeds_StageOfDisease FAILED.
Reason:
java.lang.IndexOutOfBoundsException: Index: 11, Size: 11
	at java_util_List$get$1.call(Unknown Source)
	at ctdc.utilities.runtestcaseforKatalon.compareTwoLists(runtestcaseforKatalon.groovy:849)
	at ctdc.utilities.runtestcaseforKatalon.compareLists(runtestcaseforKatalon.groovy:901)
	at ctdc.utilities.runtestcaseforKatalon.multiFunction(runtestcaseforKatalon.groovy:253)
	at ctdc.utilities.runtestcaseforKatalon.invokeMethod(runtestcaseforKatalon.groovy)
	at com.kms.katalon.core.main.CustomKeywordDelegatingMetaClass.invokeStaticMethod(CustomKeywordDelegatingMetaClass.java:50)
	at TC25_Canine_StudyUBC-AllBreeds_StageOfDisease.run(TC25_Canine_StudyUBC-AllBreeds_StageOfDisease:77)
	at com.kms.katalon.core.main.ScriptEngine.run(ScriptEngine.java:194)
	at com.kms.katalon.core.main.ScriptEngine.runScriptAsRawText(ScriptEngine.java:119)
	at com.kms.katalon.core.main.TestCaseExecutor.runScript(TestCaseExecutor.java:369)
	at com.kms.katalon.core.main.TestCaseExecutor.doExecute(TestCaseExecutor.java:360)
	at com.kms.katalon.core.main.TestCaseExecutor.processExecutionPhase(TestCaseExecutor.java:339)
	at com.kms.katalon.core.main.TestCaseExecutor.accessMainPhase(TestCaseExecutor.java:331)
	at com.kms.katalon.core.main.TestCaseExecutor.execute(TestCaseExecutor.java:248)
	at com.kms.katalon.core.main.TestSuiteExecutor.accessTestCaseMainPhase(TestSuiteExecutor.java:191)
	at com.kms.katalon.core.main.TestSuiteExecutor.accessTestSuiteMainPhase(TestSuiteExecutor.java:140)
	at com.kms.katalon.core.main.TestSuiteExecutor.execute(TestSuiteExecutor.java:89)
	at com.kms.katalon.core.main.TestCaseMain.startTestSuite(TestCaseMain.java:185)
	at com.kms.katalon.core.main.TestCaseMain$startTestSuite$0.call(Unknown Source)
	at TempTestSuite1626296935818.run(TempTestSuite1626296935818.groovy:39)]]></system-err>
      </testcase>
      <testcase name="Test Cases/Canine_TestCases/StudyCombinations/Study-Combinations-UBC01/TC26_Canine_StudyUBC-AllBreeds_StageOfDisease" time="69.344" classname="Test Cases/Canine_TestCases/StudyCombinations/Study-Combinations-UBC01/TC26_Canine_StudyUBC-AllBreeds_StageOfDisease" status="ERROR">
         <error type="ERROR" message="Test Cases/Canine_TestCases/StudyCombinations/Study-Combinations-UBC01/TC26_Canine_StudyUBC-AllBreeds_StageOfDisease FAILED.
Reason:
java.lang.IndexOutOfBoundsException: Index: 11, Size: 11
	at java_util_List$get$1.call(Unknown Source)
	at ctdc.utilities.runtestcaseforKatalon.compareTwoLists(runtestcaseforKatalon.groovy:849)
	at ctdc.utilities.runtestcaseforKatalon.compareLists(runtestcaseforKatalon.groovy:901)
	at ctdc.utilities.runtestcaseforKatalon.multiFunction(runtestcaseforKatalon.groovy:253)
	at ctdc.utilities.runtestcaseforKatalon.invokeMethod(runtestcaseforKatalon.groovy)
	at com.kms.katalon.core.main.CustomKeywordDelegatingMetaClass.invokeStaticMethod(CustomKeywordDelegatingMetaClass.java:50)
	at TC26_Canine_StudyUBC-AllBreeds_StageOfDisease.run(TC26_Canine_StudyUBC-AllBreeds_StageOfDisease:75)
	at com.kms.katalon.core.main.ScriptEngine.run(ScriptEngine.java:194)
	at com.kms.katalon.core.main.ScriptEngine.runScriptAsRawText(ScriptEngine.java:119)
	at com.kms.katalon.core.main.TestCaseExecutor.runScript(TestCaseExecutor.java:369)
	at com.kms.katalon.core.main.TestCaseExecutor.doExecute(TestCaseExecutor.java:360)
	at com.kms.katalon.core.main.TestCaseExecutor.processExecutionPhase(TestCaseExecutor.java:339)
	at com.kms.katalon.core.main.TestCaseExecutor.accessMainPhase(TestCaseExecutor.java:331)
	at com.kms.katalon.core.main.TestCaseExecutor.execute(TestCaseExecutor.java:248)
	at com.kms.katalon.core.main.TestSuiteExecutor.accessTestCaseMainPhase(TestSuiteExecutor.java:191)
	at com.kms.katalon.core.main.TestSuiteExecutor.accessTestSuiteMainPhase(TestSuiteExecutor.java:140)
	at com.kms.katalon.core.main.TestSuiteExecutor.execute(TestSuiteExecutor.java:89)
	at com.kms.katalon.core.main.TestCaseMain.startTestSuite(TestCaseMain.java:185)
	at com.kms.katalon.core.main.TestCaseMain$startTestSuite$0.call(Unknown Source)
	at TempTestSuite1626296935818.run(TempTestSuite1626296935818.groovy:39)
"/>
         <system-out><![CDATA[2021-07-14 17:42:08 - [TEST_CASE][ERROR] - Test Cases/Canine_TestCases/StudyCombinations/Study-Combinations-UBC01/TC26_Canine_StudyUBC-AllBreeds_StageOfDisease: Test Cases/Canine_TestCases/StudyCombinations/Study-Combinations-UBC01/TC26_Canine_StudyUBC-AllBreeds_StageOfDisease FAILED.
Reason:
java.lang.IndexOutOfBoundsException: Index: 11, Size: 11
	at java_util_List$get$1.call(Unknown Source)
	at ctdc.utilities.runtestcaseforKatalon.compareTwoLists(runtestcaseforKatalon.groovy:849)
	at ctdc.utilities.runtestcaseforKatalon.compareLists(runtestcaseforKatalon.groovy:901)
	at ctdc.utilities.runtestcaseforKatalon.multiFunction(runtestcaseforKatalon.groovy:253)
	at ctdc.utilities.runtestcaseforKatalon.invokeMethod(runtestcaseforKatalon.groovy)
	at com.kms.katalon.core.main.CustomKeywordDelegatingMetaClass.invokeStaticMethod(CustomKeywordDelegatingMetaClass.java:50)
	at TC26_Canine_StudyUBC-AllBreeds_StageOfDisease.run(TC26_Canine_StudyUBC-AllBreeds_StageOfDisease:75)
	at com.kms.katalon.core.main.ScriptEngine.run(ScriptEngine.java:194)
	at com.kms.katalon.core.main.ScriptEngine.runScriptAsRawText(ScriptEngine.java:119)
	at com.kms.katalon.core.main.TestCaseExecutor.runScript(TestCaseExecutor.java:369)
	at com.kms.katalon.core.main.TestCaseExecutor.doExecute(TestCaseExecutor.java:360)
	at com.kms.katalon.core.main.TestCaseExecutor.processExecutionPhase(TestCaseExecutor.java:339)
	at com.kms.katalon.core.main.TestCaseExecutor.accessMainPhase(TestCaseExecutor.java:331)
	at com.kms.katalon.core.main.TestCaseExecutor.execute(TestCaseExecutor.java:248)
	at com.kms.katalon.core.main.TestSuiteExecutor.accessTestCaseMainPhase(TestSuiteExecutor.java:191)
	at com.kms.katalon.core.main.TestSuiteExecutor.accessTestSuiteMainPhase(TestSuiteExecutor.java:140)
	at com.kms.katalon.core.main.TestSuiteExecutor.execute(TestSuiteExecutor.java:89)
	at com.kms.katalon.core.main.TestCaseMain.startTestSuite(TestCaseMain.java:185)
	at com.kms.katalon.core.main.TestCaseMain$startTestSuite$0.call(Unknown Source)
	at TempTestSuite1626296935818.run(TempTestSuite1626296935818.groovy:39)


2021-07-14 17:42:08 - [TEST_STEP][PASSED] - Start listener action : getTestScriptName: null

2021-07-14 17:42:08 - [TEST_STEP][PASSED] - TestCaseId = testCaseContext.getTestCaseId(): null

2021-07-14 17:42:08 - [TEST_STEP][PASSED] - out.println("**********this is the value of test case id string******** " + testCaseContext.getTestCaseId()): null

2021-07-14 17:42:08 - [TEST_STEP][PASSED] - G_currentTCName = TestCaseId.substring(TestCaseId.lastIndexOf("TC")): null

2021-07-14 17:42:08 - [TEST_STEP][PASSED] - out.println("This is the test case name : " + G_currentTCName): null

2021-07-14 17:42:09 - [TEST_STEP][PASSED] - closeBrowser(): Browser is closed

2021-07-14 17:42:10 - [MESSAGE][PASSED] - Browser is closed

2021-07-14 17:42:10 - [TEST_STEP][PASSED] - openBrowser(""): Browser is opened with url: ''

2021-07-14 17:42:10 - [MESSAGE][INFO] - Starting 'Chrome (headless)' driver

2021-07-14 17:42:10 - [MESSAGE][INFO] - User set preference: ['args', '[--no-sandbox]']

2021-07-14 17:42:10 - [MESSAGE][INFO] - Action delay is set to 0 milliseconds

2021-07-14 17:42:12 - [MESSAGE][PASSED] - Browser is opened with url: ''

2021-07-14 17:42:12 - [TEST_STEP][PASSED] - maximizeWindow(): Current window maximized

2021-07-14 17:42:12 - [MESSAGE][PASSED] - Current window maximized

2021-07-14 17:42:12 - [TEST_STEP][PASSED] - "Driver opened by Katalon is used in Selenium from this step.": null

2021-07-14 17:42:12 - [TEST_STEP][PASSED] - ctdc.utilities.runtestcaseforKatalon.RunKatalon("TC26_Canine_StudyUBC-AllBreeds_StageOfDisease.xlsx"): Data loaded from input file for the test case. 

2021-07-14 17:42:12 - [MESSAGE][PASSED] - Test case file loaded This is the full filepath after converting to string :C:\Automation_master\InputFiles\TC26_Canine_StudyUBC-AllBreeds_StageOfDisease.xlsx

2021-07-14 17:42:12 - [MESSAGE][INFO] - Global variable set for password file is :  C:\Automation_master\InputFiles\TC26_Canine_StudyUBC-AllBreeds_StageOfDisease.xlsx

2021-07-14 17:42:16 - [MESSAGE][PASSED] - Data loaded from input file for the test case. 

2021-07-14 17:42:23 - [TEST_STEP][PASSED] - findTestObject("Object Repository/Canine/Filter/StageOfDisease/STAGEOFDISEASE_Ddn"): null

2021-07-14 17:42:23 - [TEST_STEP][PASSED] - waitForElementPresent(findTestObject("Canine/NavBar/Canine_Cases_Btn"), 10): Object 'Object Repository/Canine/NavBar/Canine_Cases_Btn' is present

2021-07-14 17:42:23 - [MESSAGE][PASSED] - Object 'Object Repository/Canine/NavBar/Canine_Cases_Btn' is present

2021-07-14 17:42:23 - [TEST_STEP][PASSED] - ctdc.utilities.runtestcaseforKatalon.clickTab("Canine/NavBar/Canine_Cases_Btn"): ctdc.utilities.runtestcaseforKatalon.clickTab is PASSED

2021-07-14 17:42:24 - [MESSAGE][PASSED] - ctdc.utilities.runtestcaseforKatalon.clickTab is PASSED

2021-07-14 17:42:24 - [TEST_STEP][PASSED] - waitForElementPresent(findTestObject("Object Repository/Canine/Filter/FilterByCases_Facet"), 10): Object 'Object Repository/Canine/Filter/FilterByCases_Facet' is present

2021-07-14 17:42:39 - [MESSAGE][PASSED] - Object 'Object Repository/Canine/Filter/FilterByCases_Facet' is present

2021-07-14 17:42:39 - [TEST_STEP][PASSED] - ctdc.utilities.runtestcaseforKatalon.clickTab("Object Repository/Canine/Filter/FilterByCases_Facet"): ctdc.utilities.runtestcaseforKatalon.clickTab is PASSED

2021-07-14 17:42:40 - [MESSAGE][PASSED] - ctdc.utilities.runtestcaseforKatalon.clickTab is PASSED

2021-07-14 17:42:40 - [TEST_STEP][PASSED] - waitForElementPresent(findTestObject("Object Repository/Canine/Filter/Study/Canine_Filter_Study"), 10): Object 'Object Repository/Canine/Filter/Study/Canine_Filter_Study' is present

2021-07-14 17:42:40 - [MESSAGE][PASSED] - Object 'Object Repository/Canine/Filter/Study/Canine_Filter_Study' is present

2021-07-14 17:42:40 - [TEST_STEP][PASSED] - ctdc.utilities.runtestcaseforKatalon.clickTab("Object Repository/Canine/Filter/Study/Canine_Filter_Study"): ctdc.utilities.runtestcaseforKatalon.clickTab is PASSED

2021-07-14 17:42:41 - [MESSAGE][PASSED] - ctdc.utilities.runtestcaseforKatalon.clickTab is PASSED

2021-07-14 17:42:41 - [TEST_STEP][PASSED] - waitForElementPresent(findTestObject("Object Repository/Canine/Filter/Study/Canine_Filter_Study-UBC_Chkbx"), 10): Object 'Object Repository/Canine/Filter/Study/Canine_Filter_Study-UBC_Chkbx' is present

2021-07-14 17:42:41 - [MESSAGE][PASSED] - Object 'Object Repository/Canine/Filter/Study/Canine_Filter_Study-UBC_Chkbx' is present

2021-07-14 17:42:41 - [TEST_STEP][PASSED] - ctdc.utilities.runtestcaseforKatalon.clickTab("Object Repository/Canine/Filter/Study/Canine_Filter_Study-UBC_Chkbx"): ctdc.utilities.runtestcaseforKatalon.clickTab is PASSED

2021-07-14 17:42:42 - [MESSAGE][PASSED] - ctdc.utilities.runtestcaseforKatalon.clickTab is PASSED

2021-07-14 17:42:42 - [TEST_STEP][PASSED] - Thread.sleep(2000): null

2021-07-14 17:42:44 - [TEST_STEP][PASSED] - waitForElementPresent(findTestObject("Object Repository/Canine/Filter/StageOfDisease/STAGEOFDISEASE_Ddn"), 10): Object 'Object Repository/Canine/Filter/StageOfDisease/STAGEOFDISEASE_Ddn' is present

2021-07-14 17:42:44 - [MESSAGE][PASSED] - Object 'Object Repository/Canine/Filter/StageOfDisease/STAGEOFDISEASE_Ddn' is present

2021-07-14 17:42:44 - [TEST_STEP][PASSED] - ctdc.utilities.runtestcaseforKatalon.clickTab("Object Repository/Canine/Filter/StageOfDisease/STAGEOFDISEASE_Ddn"): ctdc.utilities.runtestcaseforKatalon.clickTab is PASSED

2021-07-14 17:42:44 - [MESSAGE][PASSED] - ctdc.utilities.runtestcaseforKatalon.clickTab is PASSED

2021-07-14 17:42:44 - [TEST_STEP][PASSED] - waitForElementPresent(findTestObject("Object Repository/Canine/Filter/StageOfDisease/T3N1M0_Chkbx"), 10): Object 'Object Repository/Canine/Filter/StageOfDisease/T3N1M0_Chkbx' is present

2021-07-14 17:42:44 - [MESSAGE][PASSED] - Object 'Object Repository/Canine/Filter/StageOfDisease/T3N1M0_Chkbx' is present

2021-07-14 17:42:44 - [TEST_STEP][PASSED] - ctdc.utilities.runtestcaseforKatalon.clickTab("Object Repository/Canine/Filter/StageOfDisease/T3N1M0_Chkbx"): ctdc.utilities.runtestcaseforKatalon.clickTab is PASSED

2021-07-14 17:42:44 - [MESSAGE][PASSED] - ctdc.utilities.runtestcaseforKatalon.clickTab is PASSED

2021-07-14 17:42:44 - [TEST_STEP][PASSED] - ctdc.utilities.runtestcaseforKatalon.clickTab("Object Repository/Canine/Filter/PrimDiseaseSite/PRIMARYDISEASESITE_Ddn"): ctdc.utilities.runtestcaseforKatalon.clickTab is PASSED

2021-07-14 17:42:45 - [MESSAGE][PASSED] - ctdc.utilities.runtestcaseforKatalon.clickTab is PASSED

2021-07-14 17:42:45 - [TEST_STEP][PASSED] - Thread.sleep(2000): null

2021-07-14 17:42:47 - [TEST_STEP][PASSED] - ctdc.utilities.runtestcaseforKatalon.readStatBarCanine("Object Repository/Canine/StatBar/Canine_StatBar-Studies", "Object Repository/Canine/StatBar/Canine_StatBar-Cases", "Object Repository/Canine/StatBar/Canine_StatBar-Samples", "Object Repository/Canine/StatBar/Canine_StatBar-Files", "Object Repository/Canine/StatBar/Canine_StatBar-Aliquots"): ctdc.utilities.runtestcaseforKatalon.readStatBarCanine is PASSED

2021-07-14 17:43:02 - [MESSAGE][PASSED] - ctdc.utilities.runtestcaseforKatalon.readStatBarCanine is PASSED

2021-07-14 17:43:02 - [TEST_STEP][PASSED] - waitForElementPresent(findTestObject("Object Repository/Canine/CanineResults_Cases_Tab"), 5): Object 'Object Repository/Canine/CanineResults_Cases_Tab' is present

2021-07-14 17:43:03 - [MESSAGE][PASSED] - Object 'Object Repository/Canine/CanineResults_Cases_Tab' is present

2021-07-14 17:43:03 - [TEST_STEP][PASSED] - ctdc.utilities.runtestcaseforKatalon.clickTab("Object Repository/Canine/CanineResults_Cases_Tab"): ctdc.utilities.runtestcaseforKatalon.clickTab is PASSED

2021-07-14 17:43:03 - [MESSAGE][PASSED] - ctdc.utilities.runtestcaseforKatalon.clickTab is PASSED

2021-07-14 17:43:03 - [TEST_STEP][ERROR] - ctdc.utilities.runtestcaseforKatalon.multiFunction("ICDC", G_StatBar_Cases, "Object Repository/Canine/Canine_CasesTable", "Object Repository/Canine/Canine_TableHeader", "Object Repository/Canine/Canine_CasesTabNextBtn", G_WebTabnameCases, G_CypherTabnameCases, G_QueryCasesTab): Index: 11, Size: 11

2021-07-14 17:43:17 - [MESSAGE][ERROR] - Index: 11, Size: 11]]></system-out>
         <system-err><![CDATA[2021-07-14 17:42:08 - [TEST_CASE][ERROR] - Test Cases/Canine_TestCases/StudyCombinations/Study-Combinations-UBC01/TC26_Canine_StudyUBC-AllBreeds_StageOfDisease: Test Cases/Canine_TestCases/StudyCombinations/Study-Combinations-UBC01/TC26_Canine_StudyUBC-AllBreeds_StageOfDisease FAILED.
Reason:
java.lang.IndexOutOfBoundsException: Index: 11, Size: 11
	at java_util_List$get$1.call(Unknown Source)
	at ctdc.utilities.runtestcaseforKatalon.compareTwoLists(runtestcaseforKatalon.groovy:849)
	at ctdc.utilities.runtestcaseforKatalon.compareLists(runtestcaseforKatalon.groovy:901)
	at ctdc.utilities.runtestcaseforKatalon.multiFunction(runtestcaseforKatalon.groovy:253)
	at ctdc.utilities.runtestcaseforKatalon.invokeMethod(runtestcaseforKatalon.groovy)
	at com.kms.katalon.core.main.CustomKeywordDelegatingMetaClass.invokeStaticMethod(CustomKeywordDelegatingMetaClass.java:50)
	at TC26_Canine_StudyUBC-AllBreeds_StageOfDisease.run(TC26_Canine_StudyUBC-AllBreeds_StageOfDisease:75)
	at com.kms.katalon.core.main.ScriptEngine.run(ScriptEngine.java:194)
	at com.kms.katalon.core.main.ScriptEngine.runScriptAsRawText(ScriptEngine.java:119)
	at com.kms.katalon.core.main.TestCaseExecutor.runScript(TestCaseExecutor.java:369)
	at com.kms.katalon.core.main.TestCaseExecutor.doExecute(TestCaseExecutor.java:360)
	at com.kms.katalon.core.main.TestCaseExecutor.processExecutionPhase(TestCaseExecutor.java:339)
	at com.kms.katalon.core.main.TestCaseExecutor.accessMainPhase(TestCaseExecutor.java:331)
	at com.kms.katalon.core.main.TestCaseExecutor.execute(TestCaseExecutor.java:248)
	at com.kms.katalon.core.main.TestSuiteExecutor.accessTestCaseMainPhase(TestSuiteExecutor.java:191)
	at com.kms.katalon.core.main.TestSuiteExecutor.accessTestSuiteMainPhase(TestSuiteExecutor.java:140)
	at com.kms.katalon.core.main.TestSuiteExecutor.execute(TestSuiteExecutor.java:89)
	at com.kms.katalon.core.main.TestCaseMain.startTestSuite(TestCaseMain.java:185)
	at com.kms.katalon.core.main.TestCaseMain$startTestSuite$0.call(Unknown Source)
	at TempTestSuite1626296935818.run(TempTestSuite1626296935818.groovy:39)]]></system-err>
      </testcase>
      <testcase name="Test Cases/Canine_TestCases/StudyCombinations/Study-Combinations-UBC01/TC27_Canine_StudyUBC-AllBreeds_StageOfDisease" time="56.893" classname="Test Cases/Canine_TestCases/StudyCombinations/Study-Combinations-UBC01/TC27_Canine_StudyUBC-AllBreeds_StageOfDisease" status="ERROR">
         <error type="ERROR" message="Test Cases/Canine_TestCases/StudyCombinations/Study-Combinations-UBC01/TC27_Canine_StudyUBC-AllBreeds_StageOfDisease FAILED.
Reason:
java.lang.IndexOutOfBoundsException: Index: 11, Size: 11
	at java_util_List$get$1.call(Unknown Source)
	at ctdc.utilities.runtestcaseforKatalon.compareTwoLists(runtestcaseforKatalon.groovy:849)
	at ctdc.utilities.runtestcaseforKatalon.compareLists(runtestcaseforKatalon.groovy:901)
	at ctdc.utilities.runtestcaseforKatalon.multiFunction(runtestcaseforKatalon.groovy:253)
	at ctdc.utilities.runtestcaseforKatalon.invokeMethod(runtestcaseforKatalon.groovy)
	at com.kms.katalon.core.main.CustomKeywordDelegatingMetaClass.invokeStaticMethod(CustomKeywordDelegatingMetaClass.java:50)
	at TC27_Canine_StudyUBC-AllBreeds_StageOfDisease.run(TC27_Canine_StudyUBC-AllBreeds_StageOfDisease:77)
	at com.kms.katalon.core.main.ScriptEngine.run(ScriptEngine.java:194)
	at com.kms.katalon.core.main.ScriptEngine.runScriptAsRawText(ScriptEngine.java:119)
	at com.kms.katalon.core.main.TestCaseExecutor.runScript(TestCaseExecutor.java:369)
	at com.kms.katalon.core.main.TestCaseExecutor.doExecute(TestCaseExecutor.java:360)
	at com.kms.katalon.core.main.TestCaseExecutor.processExecutionPhase(TestCaseExecutor.java:339)
	at com.kms.katalon.core.main.TestCaseExecutor.accessMainPhase(TestCaseExecutor.java:331)
	at com.kms.katalon.core.main.TestCaseExecutor.execute(TestCaseExecutor.java:248)
	at com.kms.katalon.core.main.TestSuiteExecutor.accessTestCaseMainPhase(TestSuiteExecutor.java:191)
	at com.kms.katalon.core.main.TestSuiteExecutor.accessTestSuiteMainPhase(TestSuiteExecutor.java:140)
	at com.kms.katalon.core.main.TestSuiteExecutor.execute(TestSuiteExecutor.java:89)
	at com.kms.katalon.core.main.TestCaseMain.startTestSuite(TestCaseMain.java:185)
	at com.kms.katalon.core.main.TestCaseMain$startTestSuite$0.call(Unknown Source)
	at TempTestSuite1626296935818.run(TempTestSuite1626296935818.groovy:39)
"/>
         <system-out><![CDATA[2021-07-14 17:43:17 - [TEST_CASE][ERROR] - Test Cases/Canine_TestCases/StudyCombinations/Study-Combinations-UBC01/TC27_Canine_StudyUBC-AllBreeds_StageOfDisease: Test Cases/Canine_TestCases/StudyCombinations/Study-Combinations-UBC01/TC27_Canine_StudyUBC-AllBreeds_StageOfDisease FAILED.
Reason:
java.lang.IndexOutOfBoundsException: Index: 11, Size: 11
	at java_util_List$get$1.call(Unknown Source)
	at ctdc.utilities.runtestcaseforKatalon.compareTwoLists(runtestcaseforKatalon.groovy:849)
	at ctdc.utilities.runtestcaseforKatalon.compareLists(runtestcaseforKatalon.groovy:901)
	at ctdc.utilities.runtestcaseforKatalon.multiFunction(runtestcaseforKatalon.groovy:253)
	at ctdc.utilities.runtestcaseforKatalon.invokeMethod(runtestcaseforKatalon.groovy)
	at com.kms.katalon.core.main.CustomKeywordDelegatingMetaClass.invokeStaticMethod(CustomKeywordDelegatingMetaClass.java:50)
	at TC27_Canine_StudyUBC-AllBreeds_StageOfDisease.run(TC27_Canine_StudyUBC-AllBreeds_StageOfDisease:77)
	at com.kms.katalon.core.main.ScriptEngine.run(ScriptEngine.java:194)
	at com.kms.katalon.core.main.ScriptEngine.runScriptAsRawText(ScriptEngine.java:119)
	at com.kms.katalon.core.main.TestCaseExecutor.runScript(TestCaseExecutor.java:369)
	at com.kms.katalon.core.main.TestCaseExecutor.doExecute(TestCaseExecutor.java:360)
	at com.kms.katalon.core.main.TestCaseExecutor.processExecutionPhase(TestCaseExecutor.java:339)
	at com.kms.katalon.core.main.TestCaseExecutor.accessMainPhase(TestCaseExecutor.java:331)
	at com.kms.katalon.core.main.TestCaseExecutor.execute(TestCaseExecutor.java:248)
	at com.kms.katalon.core.main.TestSuiteExecutor.accessTestCaseMainPhase(TestSuiteExecutor.java:191)
	at com.kms.katalon.core.main.TestSuiteExecutor.accessTestSuiteMainPhase(TestSuiteExecutor.java:140)
	at com.kms.katalon.core.main.TestSuiteExecutor.execute(TestSuiteExecutor.java:89)
	at com.kms.katalon.core.main.TestCaseMain.startTestSuite(TestCaseMain.java:185)
	at com.kms.katalon.core.main.TestCaseMain$startTestSuite$0.call(Unknown Source)
	at TempTestSuite1626296935818.run(TempTestSuite1626296935818.groovy:39)


2021-07-14 17:43:17 - [TEST_STEP][PASSED] - Start listener action : getTestScriptName: null

2021-07-14 17:43:17 - [TEST_STEP][PASSED] - TestCaseId = testCaseContext.getTestCaseId(): null

2021-07-14 17:43:17 - [TEST_STEP][PASSED] - out.println("**********this is the value of test case id string******** " + testCaseContext.getTestCaseId()): null

2021-07-14 17:43:17 - [TEST_STEP][PASSED] - G_currentTCName = TestCaseId.substring(TestCaseId.lastIndexOf("TC")): null

2021-07-14 17:43:17 - [TEST_STEP][PASSED] - out.println("This is the test case name : " + G_currentTCName): null

2021-07-14 17:43:19 - [TEST_STEP][PASSED] - closeBrowser(): Browser is closed

2021-07-14 17:43:19 - [MESSAGE][PASSED] - Browser is closed

2021-07-14 17:43:19 - [TEST_STEP][PASSED] - openBrowser(""): Browser is opened with url: ''

2021-07-14 17:43:19 - [MESSAGE][INFO] - Starting 'Chrome (headless)' driver

2021-07-14 17:43:19 - [MESSAGE][INFO] - User set preference: ['args', '[--no-sandbox]']

2021-07-14 17:43:19 - [MESSAGE][INFO] - Action delay is set to 0 milliseconds

2021-07-14 17:43:21 - [MESSAGE][PASSED] - Browser is opened with url: ''

2021-07-14 17:43:21 - [TEST_STEP][PASSED] - maximizeWindow(): Current window maximized

2021-07-14 17:43:21 - [MESSAGE][PASSED] - Current window maximized

2021-07-14 17:43:21 - [TEST_STEP][PASSED] - "Driver opened by Katalon is used in Selenium from this step.": null

2021-07-14 17:43:21 - [TEST_STEP][PASSED] - ctdc.utilities.runtestcaseforKatalon.RunKatalon("TC27_Canine_StudyUBC-AllBreeds_StageOfDisease.xlsx"): Data loaded from input file for the test case. 

2021-07-14 17:43:21 - [MESSAGE][PASSED] - Test case file loaded This is the full filepath after converting to string :C:\Automation_master\InputFiles\TC27_Canine_StudyUBC-AllBreeds_StageOfDisease.xlsx

2021-07-14 17:43:21 - [MESSAGE][INFO] - Global variable set for password file is :  C:\Automation_master\InputFiles\TC27_Canine_StudyUBC-AllBreeds_StageOfDisease.xlsx

2021-07-14 17:43:25 - [MESSAGE][PASSED] - Data loaded from input file for the test case. 

2021-07-14 17:43:31 - [TEST_STEP][PASSED] - findTestObject("Object Repository/Canine/Filter/StageOfDisease/STAGEOFDISEASE_Ddn"): null

2021-07-14 17:43:32 - [TEST_STEP][PASSED] - waitForElementPresent(findTestObject("Canine/NavBar/Canine_Cases_Btn"), 10): Object 'Object Repository/Canine/NavBar/Canine_Cases_Btn' is present

2021-07-14 17:43:32 - [MESSAGE][PASSED] - Object 'Object Repository/Canine/NavBar/Canine_Cases_Btn' is present

2021-07-14 17:43:32 - [TEST_STEP][PASSED] - ctdc.utilities.runtestcaseforKatalon.clickTab("Canine/NavBar/Canine_Cases_Btn"): ctdc.utilities.runtestcaseforKatalon.clickTab is PASSED

2021-07-14 17:43:32 - [MESSAGE][PASSED] - ctdc.utilities.runtestcaseforKatalon.clickTab is PASSED

2021-07-14 17:43:32 - [TEST_STEP][PASSED] - waitForElementPresent(findTestObject("Object Repository/Canine/Filter/FilterByCases_Facet"), 10): Object 'Object Repository/Canine/Filter/FilterByCases_Facet' is present

2021-07-14 17:43:33 - [MESSAGE][PASSED] - Object 'Object Repository/Canine/Filter/FilterByCases_Facet' is present

2021-07-14 17:43:33 - [TEST_STEP][PASSED] - ctdc.utilities.runtestcaseforKatalon.clickTab("Object Repository/Canine/Filter/FilterByCases_Facet"): ctdc.utilities.runtestcaseforKatalon.clickTab is PASSED

2021-07-14 17:43:34 - [MESSAGE][PASSED] - ctdc.utilities.runtestcaseforKatalon.clickTab is PASSED

2021-07-14 17:43:34 - [TEST_STEP][PASSED] - waitForElementPresent(findTestObject("Object Repository/Canine/Filter/Study/Canine_Filter_Study"), 10): Object 'Object Repository/Canine/Filter/Study/Canine_Filter_Study' is present

2021-07-14 17:43:34 - [MESSAGE][PASSED] - Object 'Object Repository/Canine/Filter/Study/Canine_Filter_Study' is present

2021-07-14 17:43:34 - [TEST_STEP][PASSED] - ctdc.utilities.runtestcaseforKatalon.clickTab("Object Repository/Canine/Filter/Study/Canine_Filter_Study"): ctdc.utilities.runtestcaseforKatalon.clickTab is PASSED

2021-07-14 17:43:34 - [MESSAGE][PASSED] - ctdc.utilities.runtestcaseforKatalon.clickTab is PASSED

2021-07-14 17:43:34 - [TEST_STEP][PASSED] - waitForElementPresent(findTestObject("Object Repository/Canine/Filter/Study/Canine_Filter_Study-UBC_Chkbx"), 10): Object 'Object Repository/Canine/Filter/Study/Canine_Filter_Study-UBC_Chkbx' is present

2021-07-14 17:43:35 - [MESSAGE][PASSED] - Object 'Object Repository/Canine/Filter/Study/Canine_Filter_Study-UBC_Chkbx' is present

2021-07-14 17:43:35 - [TEST_STEP][PASSED] - ctdc.utilities.runtestcaseforKatalon.clickTab("Object Repository/Canine/Filter/Study/Canine_Filter_Study-UBC_Chkbx"): ctdc.utilities.runtestcaseforKatalon.clickTab is PASSED

2021-07-14 17:43:35 - [MESSAGE][PASSED] - ctdc.utilities.runtestcaseforKatalon.clickTab is PASSED

2021-07-14 17:43:35 - [TEST_STEP][PASSED] - Thread.sleep(2000): null

2021-07-14 17:43:37 - [TEST_STEP][PASSED] - waitForElementPresent(findTestObject("Object Repository/Canine/Filter/StageOfDisease/STAGEOFDISEASE_Ddn"), 10): Object 'Object Repository/Canine/Filter/StageOfDisease/STAGEOFDISEASE_Ddn' is present

2021-07-14 17:43:37 - [MESSAGE][PASSED] - Object 'Object Repository/Canine/Filter/StageOfDisease/STAGEOFDISEASE_Ddn' is present

2021-07-14 17:43:37 - [TEST_STEP][PASSED] - ctdc.utilities.runtestcaseforKatalon.clickTab("Object Repository/Canine/Filter/StageOfDisease/STAGEOFDISEASE_Ddn"): ctdc.utilities.runtestcaseforKatalon.clickTab is PASSED

2021-07-14 17:43:37 - [MESSAGE][PASSED] - ctdc.utilities.runtestcaseforKatalon.clickTab is PASSED

2021-07-14 17:43:37 - [TEST_STEP][PASSED] - waitForElementPresent(findTestObject("Object Repository/Canine/Filter/StageOfDisease/NotApplicable_Chkbx"), 10): Object 'Object Repository/Canine/Filter/StageOfDisease/NotApplicable_Chkbx' is present

2021-07-14 17:43:37 - [MESSAGE][PASSED] - Object 'Object Repository/Canine/Filter/StageOfDisease/NotApplicable_Chkbx' is present

2021-07-14 17:43:37 - [TEST_STEP][PASSED] - ctdc.utilities.runtestcaseforKatalon.clickTab("Object Repository/Canine/Filter/StageOfDisease/NotApplicable_Chkbx"): ctdc.utilities.runtestcaseforKatalon.clickTab is PASSED

2021-07-14 17:43:38 - [MESSAGE][PASSED] - ctdc.utilities.runtestcaseforKatalon.clickTab is PASSED

2021-07-14 17:43:38 - [TEST_STEP][PASSED] - waitForElementPresent(findTestObject("Object Repository/Canine/Filter/StageOfDisease/T3N0M1_Chkbx"), 10): Object 'Object Repository/Canine/Filter/StageOfDisease/T3N0M1_Chkbx' is present

2021-07-14 17:43:38 - [MESSAGE][PASSED] - Object 'Object Repository/Canine/Filter/StageOfDisease/T3N0M1_Chkbx' is present

2021-07-14 17:43:38 - [TEST_STEP][PASSED] - ctdc.utilities.runtestcaseforKatalon.clickTab("Object Repository/Canine/Filter/StageOfDisease/T3N0M1_Chkbx"): ctdc.utilities.runtestcaseforKatalon.clickTab is PASSED

2021-07-14 17:43:39 - [MESSAGE][PASSED] - ctdc.utilities.runtestcaseforKatalon.clickTab is PASSED

2021-07-14 17:43:39 - [TEST_STEP][PASSED] - ctdc.utilities.runtestcaseforKatalon.clickTab("Object Repository/Canine/Filter/PrimDiseaseSite/PRIMARYDISEASESITE_Ddn"): ctdc.utilities.runtestcaseforKatalon.clickTab is PASSED

2021-07-14 17:43:39 - [MESSAGE][PASSED] - ctdc.utilities.runtestcaseforKatalon.clickTab is PASSED

2021-07-14 17:43:39 - [TEST_STEP][PASSED] - Thread.sleep(2000): null

2021-07-14 17:43:41 - [TEST_STEP][PASSED] - ctdc.utilities.runtestcaseforKatalon.readStatBarCanine("Object Repository/Canine/StatBar/Canine_StatBar-Studies", "Object Repository/Canine/StatBar/Canine_StatBar-Cases", "Object Repository/Canine/StatBar/Canine_StatBar-Samples", "Object Repository/Canine/StatBar/Canine_StatBar-Files", "Object Repository/Canine/StatBar/Canine_StatBar-Aliquots"): ctdc.utilities.runtestcaseforKatalon.readStatBarCanine is PASSED

2021-07-14 17:43:57 - [MESSAGE][PASSED] - ctdc.utilities.runtestcaseforKatalon.readStatBarCanine is PASSED

2021-07-14 17:43:57 - [TEST_STEP][PASSED] - waitForElementPresent(findTestObject("Object Repository/Canine/CanineResults_Cases_Tab"), 5): Object 'Object Repository/Canine/CanineResults_Cases_Tab' is present

2021-07-14 17:43:57 - [MESSAGE][PASSED] - Object 'Object Repository/Canine/CanineResults_Cases_Tab' is present

2021-07-14 17:43:57 - [TEST_STEP][PASSED] - ctdc.utilities.runtestcaseforKatalon.clickTab("Object Repository/Canine/CanineResults_Cases_Tab"): ctdc.utilities.runtestcaseforKatalon.clickTab is PASSED

2021-07-14 17:43:57 - [MESSAGE][PASSED] - ctdc.utilities.runtestcaseforKatalon.clickTab is PASSED

2021-07-14 17:43:57 - [TEST_STEP][ERROR] - ctdc.utilities.runtestcaseforKatalon.multiFunction("ICDC", G_StatBar_Cases, "Object Repository/Canine/Canine_CasesTable", "Object Repository/Canine/Canine_TableHeader", "Object Repository/Canine/Canine_CasesTabNextBtn", G_WebTabnameCases, G_CypherTabnameCases, G_QueryCasesTab): Index: 11, Size: 11

2021-07-14 17:44:14 - [MESSAGE][ERROR] - Index: 11, Size: 11]]></system-out>
         <system-err><![CDATA[2021-07-14 17:43:17 - [TEST_CASE][ERROR] - Test Cases/Canine_TestCases/StudyCombinations/Study-Combinations-UBC01/TC27_Canine_StudyUBC-AllBreeds_StageOfDisease: Test Cases/Canine_TestCases/StudyCombinations/Study-Combinations-UBC01/TC27_Canine_StudyUBC-AllBreeds_StageOfDisease FAILED.
Reason:
java.lang.IndexOutOfBoundsException: Index: 11, Size: 11
	at java_util_List$get$1.call(Unknown Source)
	at ctdc.utilities.runtestcaseforKatalon.compareTwoLists(runtestcaseforKatalon.groovy:849)
	at ctdc.utilities.runtestcaseforKatalon.compareLists(runtestcaseforKatalon.groovy:901)
	at ctdc.utilities.runtestcaseforKatalon.multiFunction(runtestcaseforKatalon.groovy:253)
	at ctdc.utilities.runtestcaseforKatalon.invokeMethod(runtestcaseforKatalon.groovy)
	at com.kms.katalon.core.main.CustomKeywordDelegatingMetaClass.invokeStaticMethod(CustomKeywordDelegatingMetaClass.java:50)
	at TC27_Canine_StudyUBC-AllBreeds_StageOfDisease.run(TC27_Canine_StudyUBC-AllBreeds_StageOfDisease:77)
	at com.kms.katalon.core.main.ScriptEngine.run(ScriptEngine.java:194)
	at com.kms.katalon.core.main.ScriptEngine.runScriptAsRawText(ScriptEngine.java:119)
	at com.kms.katalon.core.main.TestCaseExecutor.runScript(TestCaseExecutor.java:369)
	at com.kms.katalon.core.main.TestCaseExecutor.doExecute(TestCaseExecutor.java:360)
	at com.kms.katalon.core.main.TestCaseExecutor.processExecutionPhase(TestCaseExecutor.java:339)
	at com.kms.katalon.core.main.TestCaseExecutor.accessMainPhase(TestCaseExecutor.java:331)
	at com.kms.katalon.core.main.TestCaseExecutor.execute(TestCaseExecutor.java:248)
	at com.kms.katalon.core.main.TestSuiteExecutor.accessTestCaseMainPhase(TestSuiteExecutor.java:191)
	at com.kms.katalon.core.main.TestSuiteExecutor.accessTestSuiteMainPhase(TestSuiteExecutor.java:140)
	at com.kms.katalon.core.main.TestSuiteExecutor.execute(TestSuiteExecutor.java:89)
	at com.kms.katalon.core.main.TestCaseMain.startTestSuite(TestCaseMain.java:185)
	at com.kms.katalon.core.main.TestCaseMain$startTestSuite$0.call(Unknown Source)
	at TempTestSuite1626296935818.run(TempTestSuite1626296935818.groovy:39)]]></system-err>
      </testcase>
      <testcase name="Test Cases/Canine_TestCases/StudyCombinations/Study-Combinations-UBC01/TC28_Canine_StudyUBC-AllBreeds_StageOfDisease" time="60.668" classname="Test Cases/Canine_TestCases/StudyCombinations/Study-Combinations-UBC01/TC28_Canine_StudyUBC-AllBreeds_StageOfDisease" status="ERROR">
         <error type="ERROR" message="Test Cases/Canine_TestCases/StudyCombinations/Study-Combinations-UBC01/TC28_Canine_StudyUBC-AllBreeds_StageOfDisease FAILED.
Reason:
java.lang.IndexOutOfBoundsException: Index: 11, Size: 11
	at java_util_List$get$1.call(Unknown Source)
	at ctdc.utilities.runtestcaseforKatalon.compareTwoLists(runtestcaseforKatalon.groovy:849)
	at ctdc.utilities.runtestcaseforKatalon.compareLists(runtestcaseforKatalon.groovy:901)
	at ctdc.utilities.runtestcaseforKatalon.multiFunction(runtestcaseforKatalon.groovy:253)
	at ctdc.utilities.runtestcaseforKatalon.invokeMethod(runtestcaseforKatalon.groovy)
	at com.kms.katalon.core.main.CustomKeywordDelegatingMetaClass.invokeStaticMethod(CustomKeywordDelegatingMetaClass.java:50)
	at TC28_Canine_StudyUBC-AllBreeds_StageOfDisease.run(TC28_Canine_StudyUBC-AllBreeds_StageOfDisease:78)
	at com.kms.katalon.core.main.ScriptEngine.run(ScriptEngine.java:194)
	at com.kms.katalon.core.main.ScriptEngine.runScriptAsRawText(ScriptEngine.java:119)
	at com.kms.katalon.core.main.TestCaseExecutor.runScript(TestCaseExecutor.java:369)
	at com.kms.katalon.core.main.TestCaseExecutor.doExecute(TestCaseExecutor.java:360)
	at com.kms.katalon.core.main.TestCaseExecutor.processExecutionPhase(TestCaseExecutor.java:339)
	at com.kms.katalon.core.main.TestCaseExecutor.accessMainPhase(TestCaseExecutor.java:331)
	at com.kms.katalon.core.main.TestCaseExecutor.execute(TestCaseExecutor.java:248)
	at com.kms.katalon.core.main.TestSuiteExecutor.accessTestCaseMainPhase(TestSuiteExecutor.java:191)
	at com.kms.katalon.core.main.TestSuiteExecutor.accessTestSuiteMainPhase(TestSuiteExecutor.java:140)
	at com.kms.katalon.core.main.TestSuiteExecutor.execute(TestSuiteExecutor.java:89)
	at com.kms.katalon.core.main.TestCaseMain.startTestSuite(TestCaseMain.java:185)
	at com.kms.katalon.core.main.TestCaseMain$startTestSuite$0.call(Unknown Source)
	at TempTestSuite1626296935818.run(TempTestSuite1626296935818.groovy:39)
"/>
         <system-out><![CDATA[2021-07-14 17:44:14 - [TEST_CASE][ERROR] - Test Cases/Canine_TestCases/StudyCombinations/Study-Combinations-UBC01/TC28_Canine_StudyUBC-AllBreeds_StageOfDisease: Test Cases/Canine_TestCases/StudyCombinations/Study-Combinations-UBC01/TC28_Canine_StudyUBC-AllBreeds_StageOfDisease FAILED.
Reason:
java.lang.IndexOutOfBoundsException: Index: 11, Size: 11
	at java_util_List$get$1.call(Unknown Source)
	at ctdc.utilities.runtestcaseforKatalon.compareTwoLists(runtestcaseforKatalon.groovy:849)
	at ctdc.utilities.runtestcaseforKatalon.compareLists(runtestcaseforKatalon.groovy:901)
	at ctdc.utilities.runtestcaseforKatalon.multiFunction(runtestcaseforKatalon.groovy:253)
	at ctdc.utilities.runtestcaseforKatalon.invokeMethod(runtestcaseforKatalon.groovy)
	at com.kms.katalon.core.main.CustomKeywordDelegatingMetaClass.invokeStaticMethod(CustomKeywordDelegatingMetaClass.java:50)
	at TC28_Canine_StudyUBC-AllBreeds_StageOfDisease.run(TC28_Canine_StudyUBC-AllBreeds_StageOfDisease:78)
	at com.kms.katalon.core.main.ScriptEngine.run(ScriptEngine.java:194)
	at com.kms.katalon.core.main.ScriptEngine.runScriptAsRawText(ScriptEngine.java:119)
	at com.kms.katalon.core.main.TestCaseExecutor.runScript(TestCaseExecutor.java:369)
	at com.kms.katalon.core.main.TestCaseExecutor.doExecute(TestCaseExecutor.java:360)
	at com.kms.katalon.core.main.TestCaseExecutor.processExecutionPhase(TestCaseExecutor.java:339)
	at com.kms.katalon.core.main.TestCaseExecutor.accessMainPhase(TestCaseExecutor.java:331)
	at com.kms.katalon.core.main.TestCaseExecutor.execute(TestCaseExecutor.java:248)
	at com.kms.katalon.core.main.TestSuiteExecutor.accessTestCaseMainPhase(TestSuiteExecutor.java:191)
	at com.kms.katalon.core.main.TestSuiteExecutor.accessTestSuiteMainPhase(TestSuiteExecutor.java:140)
	at com.kms.katalon.core.main.TestSuiteExecutor.execute(TestSuiteExecutor.java:89)
	at com.kms.katalon.core.main.TestCaseMain.startTestSuite(TestCaseMain.java:185)
	at com.kms.katalon.core.main.TestCaseMain$startTestSuite$0.call(Unknown Source)
	at TempTestSuite1626296935818.run(TempTestSuite1626296935818.groovy:39)


2021-07-14 17:44:14 - [TEST_STEP][PASSED] - Start listener action : getTestScriptName: null

2021-07-14 17:44:14 - [TEST_STEP][PASSED] - TestCaseId = testCaseContext.getTestCaseId(): null

2021-07-14 17:44:14 - [TEST_STEP][PASSED] - out.println("**********this is the value of test case id string******** " + testCaseContext.getTestCaseId()): null

2021-07-14 17:44:14 - [TEST_STEP][PASSED] - G_currentTCName = TestCaseId.substring(TestCaseId.lastIndexOf("TC")): null

2021-07-14 17:44:14 - [TEST_STEP][PASSED] - out.println("This is the test case name : " + G_currentTCName): null

2021-07-14 17:44:16 - [TEST_STEP][PASSED] - closeBrowser(): Browser is closed

2021-07-14 17:44:17 - [MESSAGE][PASSED] - Browser is closed

2021-07-14 17:44:17 - [TEST_STEP][PASSED] - openBrowser(""): Browser is opened with url: ''

2021-07-14 17:44:17 - [MESSAGE][INFO] - Starting 'Chrome (headless)' driver

2021-07-14 17:44:17 - [MESSAGE][INFO] - User set preference: ['args', '[--no-sandbox]']

2021-07-14 17:44:17 - [MESSAGE][INFO] - Action delay is set to 0 milliseconds

2021-07-14 17:44:19 - [MESSAGE][PASSED] - Browser is opened with url: ''

2021-07-14 17:44:19 - [TEST_STEP][PASSED] - maximizeWindow(): Current window maximized

2021-07-14 17:44:19 - [MESSAGE][PASSED] - Current window maximized

2021-07-14 17:44:19 - [TEST_STEP][PASSED] - "Driver opened by Katalon is used in Selenium from this step.": null

2021-07-14 17:44:19 - [TEST_STEP][PASSED] - ctdc.utilities.runtestcaseforKatalon.RunKatalon("TC28_Canine_StudyUBC-AllBreeds_StageOfDisease.xlsx"): Data loaded from input file for the test case. 

2021-07-14 17:44:19 - [MESSAGE][PASSED] - Test case file loaded This is the full filepath after converting to string :C:\Automation_master\InputFiles\TC28_Canine_StudyUBC-AllBreeds_StageOfDisease.xlsx

2021-07-14 17:44:19 - [MESSAGE][INFO] - Global variable set for password file is :  C:\Automation_master\InputFiles\TC28_Canine_StudyUBC-AllBreeds_StageOfDisease.xlsx

2021-07-14 17:44:23 - [MESSAGE][PASSED] - Data loaded from input file for the test case. 

2021-07-14 17:44:30 - [TEST_STEP][PASSED] - findTestObject("Object Repository/Canine/Filter/StageOfDisease/STAGEOFDISEASE_Ddn"): null

2021-07-14 17:44:31 - [TEST_STEP][PASSED] - waitForElementPresent(findTestObject("Canine/NavBar/Canine_Cases_Btn"), 10): Object 'Object Repository/Canine/NavBar/Canine_Cases_Btn' is present

2021-07-14 17:44:31 - [MESSAGE][PASSED] - Object 'Object Repository/Canine/NavBar/Canine_Cases_Btn' is present

2021-07-14 17:44:31 - [TEST_STEP][PASSED] - ctdc.utilities.runtestcaseforKatalon.clickTab("Canine/NavBar/Canine_Cases_Btn"): ctdc.utilities.runtestcaseforKatalon.clickTab is PASSED

2021-07-14 17:44:31 - [MESSAGE][PASSED] - ctdc.utilities.runtestcaseforKatalon.clickTab is PASSED

2021-07-14 17:44:31 - [TEST_STEP][PASSED] - waitForElementPresent(findTestObject("Object Repository/Canine/Filter/FilterByCases_Facet"), 10): Object 'Object Repository/Canine/Filter/FilterByCases_Facet' is present

2021-07-14 17:44:33 - [MESSAGE][PASSED] - Object 'Object Repository/Canine/Filter/FilterByCases_Facet' is present

2021-07-14 17:44:33 - [TEST_STEP][PASSED] - ctdc.utilities.runtestcaseforKatalon.clickTab("Object Repository/Canine/Filter/FilterByCases_Facet"): ctdc.utilities.runtestcaseforKatalon.clickTab is PASSED

2021-07-14 17:44:34 - [MESSAGE][PASSED] - ctdc.utilities.runtestcaseforKatalon.clickTab is PASSED

2021-07-14 17:44:34 - [TEST_STEP][PASSED] - waitForElementPresent(findTestObject("Object Repository/Canine/Filter/Study/Canine_Filter_Study"), 10): Object 'Object Repository/Canine/Filter/Study/Canine_Filter_Study' is present

2021-07-14 17:44:34 - [MESSAGE][PASSED] - Object 'Object Repository/Canine/Filter/Study/Canine_Filter_Study' is present

2021-07-14 17:44:34 - [TEST_STEP][PASSED] - ctdc.utilities.runtestcaseforKatalon.clickTab("Object Repository/Canine/Filter/Study/Canine_Filter_Study"): ctdc.utilities.runtestcaseforKatalon.clickTab is PASSED

2021-07-14 17:44:35 - [MESSAGE][PASSED] - ctdc.utilities.runtestcaseforKatalon.clickTab is PASSED

2021-07-14 17:44:35 - [TEST_STEP][PASSED] - waitForElementPresent(findTestObject("Object Repository/Canine/Filter/Study/Canine_Filter_Study-UBC_Chkbx"), 10): Object 'Object Repository/Canine/Filter/Study/Canine_Filter_Study-UBC_Chkbx' is present

2021-07-14 17:44:35 - [MESSAGE][PASSED] - Object 'Object Repository/Canine/Filter/Study/Canine_Filter_Study-UBC_Chkbx' is present

2021-07-14 17:44:35 - [TEST_STEP][PASSED] - ctdc.utilities.runtestcaseforKatalon.clickTab("Object Repository/Canine/Filter/Study/Canine_Filter_Study-UBC_Chkbx"): ctdc.utilities.runtestcaseforKatalon.clickTab is PASSED

2021-07-14 17:44:35 - [MESSAGE][PASSED] - ctdc.utilities.runtestcaseforKatalon.clickTab is PASSED

2021-07-14 17:44:35 - [TEST_STEP][PASSED] - Thread.sleep(2000): null

2021-07-14 17:44:37 - [TEST_STEP][PASSED] - waitForElementPresent(findTestObject("Object Repository/Canine/Filter/StageOfDisease/STAGEOFDISEASE_Ddn"), 10): Object 'Object Repository/Canine/Filter/StageOfDisease/STAGEOFDISEASE_Ddn' is present

2021-07-14 17:44:38 - [MESSAGE][PASSED] - Object 'Object Repository/Canine/Filter/StageOfDisease/STAGEOFDISEASE_Ddn' is present

2021-07-14 17:44:38 - [TEST_STEP][PASSED] - ctdc.utilities.runtestcaseforKatalon.clickTab("Object Repository/Canine/Filter/StageOfDisease/STAGEOFDISEASE_Ddn"): ctdc.utilities.runtestcaseforKatalon.clickTab is PASSED

2021-07-14 17:44:38 - [MESSAGE][PASSED] - ctdc.utilities.runtestcaseforKatalon.clickTab is PASSED

2021-07-14 17:44:38 - [TEST_STEP][PASSED] - waitForElementPresent(findTestObject("Object Repository/Canine/Filter/StageOfDisease/T3N1M0_Chkbx"), 10): Object 'Object Repository/Canine/Filter/StageOfDisease/T3N1M0_Chkbx' is present

2021-07-14 17:44:38 - [MESSAGE][PASSED] - Object 'Object Repository/Canine/Filter/StageOfDisease/T3N1M0_Chkbx' is present

2021-07-14 17:44:38 - [TEST_STEP][PASSED] - ctdc.utilities.runtestcaseforKatalon.clickTab("Object Repository/Canine/Filter/StageOfDisease/T3N1M0_Chkbx"): ctdc.utilities.runtestcaseforKatalon.clickTab is PASSED

2021-07-14 17:44:38 - [MESSAGE][PASSED] - ctdc.utilities.runtestcaseforKatalon.clickTab is PASSED

2021-07-14 17:44:38 - [TEST_STEP][PASSED] - waitForElementPresent(findTestObject("Object Repository/Canine/Filter/StageOfDisease/NotApplicable_Chkbx"), 10): Object 'Object Repository/Canine/Filter/StageOfDisease/NotApplicable_Chkbx' is present

2021-07-14 17:44:39 - [MESSAGE][PASSED] - Object 'Object Repository/Canine/Filter/StageOfDisease/NotApplicable_Chkbx' is present

2021-07-14 17:44:39 - [TEST_STEP][PASSED] - ctdc.utilities.runtestcaseforKatalon.clickTab("Object Repository/Canine/Filter/StageOfDisease/NotApplicable_Chkbx"): ctdc.utilities.runtestcaseforKatalon.clickTab is PASSED

2021-07-14 17:44:39 - [MESSAGE][PASSED] - ctdc.utilities.runtestcaseforKatalon.clickTab is PASSED

2021-07-14 17:44:39 - [TEST_STEP][PASSED] - ctdc.utilities.runtestcaseforKatalon.clickTab("Object Repository/Canine/Filter/PrimDiseaseSite/PRIMARYDISEASESITE_Ddn"): ctdc.utilities.runtestcaseforKatalon.clickTab is PASSED

2021-07-14 17:44:40 - [MESSAGE][PASSED] - ctdc.utilities.runtestcaseforKatalon.clickTab is PASSED

2021-07-14 17:44:40 - [TEST_STEP][PASSED] - Thread.sleep(2000): null

2021-07-14 17:44:42 - [TEST_STEP][PASSED] - ctdc.utilities.runtestcaseforKatalon.readStatBarCanine("Object Repository/Canine/StatBar/Canine_StatBar-Studies", "Object Repository/Canine/StatBar/Canine_StatBar-Cases", "Object Repository/Canine/StatBar/Canine_StatBar-Samples", "Object Repository/Canine/StatBar/Canine_StatBar-Files", "Object Repository/Canine/StatBar/Canine_StatBar-Aliquots"): ctdc.utilities.runtestcaseforKatalon.readStatBarCanine is PASSED

2021-07-14 17:44:57 - [MESSAGE][PASSED] - ctdc.utilities.runtestcaseforKatalon.readStatBarCanine is PASSED

2021-07-14 17:44:57 - [TEST_STEP][PASSED] - waitForElementPresent(findTestObject("Object Repository/Canine/CanineResults_Cases_Tab"), 5): Object 'Object Repository/Canine/CanineResults_Cases_Tab' is present

2021-07-14 17:44:58 - [MESSAGE][PASSED] - Object 'Object Repository/Canine/CanineResults_Cases_Tab' is present

2021-07-14 17:44:58 - [TEST_STEP][PASSED] - ctdc.utilities.runtestcaseforKatalon.clickTab("Object Repository/Canine/CanineResults_Cases_Tab"): ctdc.utilities.runtestcaseforKatalon.clickTab is PASSED

2021-07-14 17:44:58 - [MESSAGE][PASSED] - ctdc.utilities.runtestcaseforKatalon.clickTab is PASSED

2021-07-14 17:44:58 - [TEST_STEP][ERROR] - ctdc.utilities.runtestcaseforKatalon.multiFunction("ICDC", G_StatBar_Cases, "Object Repository/Canine/Canine_CasesTable", "Object Repository/Canine/Canine_TableHeader", "Object Repository/Canine/Canine_CasesTabNextBtn", G_WebTabnameCases, G_CypherTabnameCases, G_QueryCasesTab): Index: 11, Size: 11

2021-07-14 17:45:15 - [MESSAGE][ERROR] - Index: 11, Size: 11]]></system-out>
         <system-err><![CDATA[2021-07-14 17:44:14 - [TEST_CASE][ERROR] - Test Cases/Canine_TestCases/StudyCombinations/Study-Combinations-UBC01/TC28_Canine_StudyUBC-AllBreeds_StageOfDisease: Test Cases/Canine_TestCases/StudyCombinations/Study-Combinations-UBC01/TC28_Canine_StudyUBC-AllBreeds_StageOfDisease FAILED.
Reason:
java.lang.IndexOutOfBoundsException: Index: 11, Size: 11
	at java_util_List$get$1.call(Unknown Source)
	at ctdc.utilities.runtestcaseforKatalon.compareTwoLists(runtestcaseforKatalon.groovy:849)
	at ctdc.utilities.runtestcaseforKatalon.compareLists(runtestcaseforKatalon.groovy:901)
	at ctdc.utilities.runtestcaseforKatalon.multiFunction(runtestcaseforKatalon.groovy:253)
	at ctdc.utilities.runtestcaseforKatalon.invokeMethod(runtestcaseforKatalon.groovy)
	at com.kms.katalon.core.main.CustomKeywordDelegatingMetaClass.invokeStaticMethod(CustomKeywordDelegatingMetaClass.java:50)
	at TC28_Canine_StudyUBC-AllBreeds_StageOfDisease.run(TC28_Canine_StudyUBC-AllBreeds_StageOfDisease:78)
	at com.kms.katalon.core.main.ScriptEngine.run(ScriptEngine.java:194)
	at com.kms.katalon.core.main.ScriptEngine.runScriptAsRawText(ScriptEngine.java:119)
	at com.kms.katalon.core.main.TestCaseExecutor.runScript(TestCaseExecutor.java:369)
	at com.kms.katalon.core.main.TestCaseExecutor.doExecute(TestCaseExecutor.java:360)
	at com.kms.katalon.core.main.TestCaseExecutor.processExecutionPhase(TestCaseExecutor.java:339)
	at com.kms.katalon.core.main.TestCaseExecutor.accessMainPhase(TestCaseExecutor.java:331)
	at com.kms.katalon.core.main.TestCaseExecutor.execute(TestCaseExecutor.java:248)
	at com.kms.katalon.core.main.TestSuiteExecutor.accessTestCaseMainPhase(TestSuiteExecutor.java:191)
	at com.kms.katalon.core.main.TestSuiteExecutor.accessTestSuiteMainPhase(TestSuiteExecutor.java:140)
	at com.kms.katalon.core.main.TestSuiteExecutor.execute(TestSuiteExecutor.java:89)
	at com.kms.katalon.core.main.TestCaseMain.startTestSuite(TestCaseMain.java:185)
	at com.kms.katalon.core.main.TestCaseMain$startTestSuite$0.call(Unknown Source)
	at TempTestSuite1626296935818.run(TempTestSuite1626296935818.groovy:39)]]></system-err>
      </testcase>
      <testcase name="Test Cases/Canine_TestCases/StudyCombinations/Study-Combinations-UBC01/TC29_Canine_StudyUBC-AllBreeds_StageOfDisease" time="70.136" classname="Test Cases/Canine_TestCases/StudyCombinations/Study-Combinations-UBC01/TC29_Canine_StudyUBC-AllBreeds_StageOfDisease" status="ERROR">
         <error type="ERROR" message="Test Cases/Canine_TestCases/StudyCombinations/Study-Combinations-UBC01/TC29_Canine_StudyUBC-AllBreeds_StageOfDisease FAILED.
Reason:
java.lang.IndexOutOfBoundsException: Index: 11, Size: 11
	at java_util_List$get$1.call(Unknown Source)
	at ctdc.utilities.runtestcaseforKatalon.compareTwoLists(runtestcaseforKatalon.groovy:849)
	at ctdc.utilities.runtestcaseforKatalon.compareLists(runtestcaseforKatalon.groovy:901)
	at ctdc.utilities.runtestcaseforKatalon.multiFunction(runtestcaseforKatalon.groovy:253)
	at ctdc.utilities.runtestcaseforKatalon.invokeMethod(runtestcaseforKatalon.groovy)
	at com.kms.katalon.core.main.CustomKeywordDelegatingMetaClass.invokeStaticMethod(CustomKeywordDelegatingMetaClass.java:50)
	at TC29_Canine_StudyUBC-AllBreeds_StageOfDisease.run(TC29_Canine_StudyUBC-AllBreeds_StageOfDisease:77)
	at com.kms.katalon.core.main.ScriptEngine.run(ScriptEngine.java:194)
	at com.kms.katalon.core.main.ScriptEngine.runScriptAsRawText(ScriptEngine.java:119)
	at com.kms.katalon.core.main.TestCaseExecutor.runScript(TestCaseExecutor.java:369)
	at com.kms.katalon.core.main.TestCaseExecutor.doExecute(TestCaseExecutor.java:360)
	at com.kms.katalon.core.main.TestCaseExecutor.processExecutionPhase(TestCaseExecutor.java:339)
	at com.kms.katalon.core.main.TestCaseExecutor.accessMainPhase(TestCaseExecutor.java:331)
	at com.kms.katalon.core.main.TestCaseExecutor.execute(TestCaseExecutor.java:248)
	at com.kms.katalon.core.main.TestSuiteExecutor.accessTestCaseMainPhase(TestSuiteExecutor.java:191)
	at com.kms.katalon.core.main.TestSuiteExecutor.accessTestSuiteMainPhase(TestSuiteExecutor.java:140)
	at com.kms.katalon.core.main.TestSuiteExecutor.execute(TestSuiteExecutor.java:89)
	at com.kms.katalon.core.main.TestCaseMain.startTestSuite(TestCaseMain.java:185)
	at com.kms.katalon.core.main.TestCaseMain$startTestSuite$0.call(Unknown Source)
	at TempTestSuite1626296935818.run(TempTestSuite1626296935818.groovy:39)
"/>
         <system-out><![CDATA[2021-07-14 17:45:15 - [TEST_CASE][ERROR] - Test Cases/Canine_TestCases/StudyCombinations/Study-Combinations-UBC01/TC29_Canine_StudyUBC-AllBreeds_StageOfDisease: Test Cases/Canine_TestCases/StudyCombinations/Study-Combinations-UBC01/TC29_Canine_StudyUBC-AllBreeds_StageOfDisease FAILED.
Reason:
java.lang.IndexOutOfBoundsException: Index: 11, Size: 11
	at java_util_List$get$1.call(Unknown Source)
	at ctdc.utilities.runtestcaseforKatalon.compareTwoLists(runtestcaseforKatalon.groovy:849)
	at ctdc.utilities.runtestcaseforKatalon.compareLists(runtestcaseforKatalon.groovy:901)
	at ctdc.utilities.runtestcaseforKatalon.multiFunction(runtestcaseforKatalon.groovy:253)
	at ctdc.utilities.runtestcaseforKatalon.invokeMethod(runtestcaseforKatalon.groovy)
	at com.kms.katalon.core.main.CustomKeywordDelegatingMetaClass.invokeStaticMethod(CustomKeywordDelegatingMetaClass.java:50)
	at TC29_Canine_StudyUBC-AllBreeds_StageOfDisease.run(TC29_Canine_StudyUBC-AllBreeds_StageOfDisease:77)
	at com.kms.katalon.core.main.ScriptEngine.run(ScriptEngine.java:194)
	at com.kms.katalon.core.main.ScriptEngine.runScriptAsRawText(ScriptEngine.java:119)
	at com.kms.katalon.core.main.TestCaseExecutor.runScript(TestCaseExecutor.java:369)
	at com.kms.katalon.core.main.TestCaseExecutor.doExecute(TestCaseExecutor.java:360)
	at com.kms.katalon.core.main.TestCaseExecutor.processExecutionPhase(TestCaseExecutor.java:339)
	at com.kms.katalon.core.main.TestCaseExecutor.accessMainPhase(TestCaseExecutor.java:331)
	at com.kms.katalon.core.main.TestCaseExecutor.execute(TestCaseExecutor.java:248)
	at com.kms.katalon.core.main.TestSuiteExecutor.accessTestCaseMainPhase(TestSuiteExecutor.java:191)
	at com.kms.katalon.core.main.TestSuiteExecutor.accessTestSuiteMainPhase(TestSuiteExecutor.java:140)
	at com.kms.katalon.core.main.TestSuiteExecutor.execute(TestSuiteExecutor.java:89)
	at com.kms.katalon.core.main.TestCaseMain.startTestSuite(TestCaseMain.java:185)
	at com.kms.katalon.core.main.TestCaseMain$startTestSuite$0.call(Unknown Source)
	at TempTestSuite1626296935818.run(TempTestSuite1626296935818.groovy:39)


2021-07-14 17:45:15 - [TEST_STEP][PASSED] - Start listener action : getTestScriptName: null

2021-07-14 17:45:15 - [TEST_STEP][PASSED] - TestCaseId = testCaseContext.getTestCaseId(): null

2021-07-14 17:45:15 - [TEST_STEP][PASSED] - out.println("**********this is the value of test case id string******** " + testCaseContext.getTestCaseId()): null

2021-07-14 17:45:15 - [TEST_STEP][PASSED] - G_currentTCName = TestCaseId.substring(TestCaseId.lastIndexOf("TC")): null

2021-07-14 17:45:15 - [TEST_STEP][PASSED] - out.println("This is the test case name : " + G_currentTCName): null

2021-07-14 17:45:16 - [TEST_STEP][PASSED] - closeBrowser(): Browser is closed

2021-07-14 17:45:17 - [MESSAGE][PASSED] - Browser is closed

2021-07-14 17:45:17 - [TEST_STEP][PASSED] - openBrowser(""): Browser is opened with url: ''

2021-07-14 17:45:17 - [MESSAGE][INFO] - Starting 'Chrome (headless)' driver

2021-07-14 17:45:17 - [MESSAGE][INFO] - User set preference: ['args', '[--no-sandbox]']

2021-07-14 17:45:17 - [MESSAGE][INFO] - Action delay is set to 0 milliseconds

2021-07-14 17:45:18 - [MESSAGE][PASSED] - Browser is opened with url: ''

2021-07-14 17:45:18 - [TEST_STEP][PASSED] - maximizeWindow(): Current window maximized

2021-07-14 17:45:18 - [MESSAGE][PASSED] - Current window maximized

2021-07-14 17:45:18 - [TEST_STEP][PASSED] - "Driver opened by Katalon is used in Selenium from this step.": null

2021-07-14 17:45:18 - [TEST_STEP][PASSED] - ctdc.utilities.runtestcaseforKatalon.RunKatalon("TC29_Canine_StudyUBC-AllBreeds_StageOfDisease.xlsx"): Data loaded from input file for the test case. 

2021-07-14 17:45:18 - [MESSAGE][PASSED] - Test case file loaded This is the full filepath after converting to string :C:\Automation_master\InputFiles\TC29_Canine_StudyUBC-AllBreeds_StageOfDisease.xlsx

2021-07-14 17:45:18 - [MESSAGE][INFO] - Global variable set for password file is :  C:\Automation_master\InputFiles\TC29_Canine_StudyUBC-AllBreeds_StageOfDisease.xlsx

2021-07-14 17:45:23 - [MESSAGE][PASSED] - Data loaded from input file for the test case. 

2021-07-14 17:45:29 - [TEST_STEP][PASSED] - findTestObject("Object Repository/Canine/Filter/StageOfDisease/STAGEOFDISEASE_Ddn"): null

2021-07-14 17:45:30 - [TEST_STEP][PASSED] - waitForElementPresent(findTestObject("Canine/NavBar/Canine_Cases_Btn"), 10): Object 'Object Repository/Canine/NavBar/Canine_Cases_Btn' is present

2021-07-14 17:45:30 - [MESSAGE][PASSED] - Object 'Object Repository/Canine/NavBar/Canine_Cases_Btn' is present

2021-07-14 17:45:30 - [TEST_STEP][PASSED] - ctdc.utilities.runtestcaseforKatalon.clickTab("Canine/NavBar/Canine_Cases_Btn"): ctdc.utilities.runtestcaseforKatalon.clickTab is PASSED

2021-07-14 17:45:30 - [MESSAGE][PASSED] - ctdc.utilities.runtestcaseforKatalon.clickTab is PASSED

2021-07-14 17:45:30 - [TEST_STEP][PASSED] - waitForElementPresent(findTestObject("Object Repository/Canine/Filter/FilterByCases_Facet"), 10): Object 'Object Repository/Canine/Filter/FilterByCases_Facet' is present

2021-07-14 17:45:31 - [MESSAGE][PASSED] - Object 'Object Repository/Canine/Filter/FilterByCases_Facet' is present

2021-07-14 17:45:31 - [TEST_STEP][PASSED] - ctdc.utilities.runtestcaseforKatalon.clickTab("Object Repository/Canine/Filter/FilterByCases_Facet"): ctdc.utilities.runtestcaseforKatalon.clickTab is PASSED

2021-07-14 17:45:32 - [MESSAGE][PASSED] - ctdc.utilities.runtestcaseforKatalon.clickTab is PASSED

2021-07-14 17:45:32 - [TEST_STEP][PASSED] - waitForElementPresent(findTestObject("Object Repository/Canine/Filter/Study/Canine_Filter_Study"), 10): Object 'Object Repository/Canine/Filter/Study/Canine_Filter_Study' is present

2021-07-14 17:45:32 - [MESSAGE][PASSED] - Object 'Object Repository/Canine/Filter/Study/Canine_Filter_Study' is present

2021-07-14 17:45:32 - [TEST_STEP][PASSED] - ctdc.utilities.runtestcaseforKatalon.clickTab("Object Repository/Canine/Filter/Study/Canine_Filter_Study"): ctdc.utilities.runtestcaseforKatalon.clickTab is PASSED

2021-07-14 17:45:32 - [MESSAGE][PASSED] - ctdc.utilities.runtestcaseforKatalon.clickTab is PASSED

2021-07-14 17:45:32 - [TEST_STEP][PASSED] - waitForElementPresent(findTestObject("Object Repository/Canine/Filter/Study/Canine_Filter_Study-UBC_Chkbx"), 10): Object 'Object Repository/Canine/Filter/Study/Canine_Filter_Study-UBC_Chkbx' is present

2021-07-14 17:45:33 - [MESSAGE][PASSED] - Object 'Object Repository/Canine/Filter/Study/Canine_Filter_Study-UBC_Chkbx' is present

2021-07-14 17:45:33 - [TEST_STEP][PASSED] - ctdc.utilities.runtestcaseforKatalon.clickTab("Object Repository/Canine/Filter/Study/Canine_Filter_Study-UBC_Chkbx"): ctdc.utilities.runtestcaseforKatalon.clickTab is PASSED

2021-07-14 17:45:33 - [MESSAGE][PASSED] - ctdc.utilities.runtestcaseforKatalon.clickTab is PASSED

2021-07-14 17:45:33 - [TEST_STEP][PASSED] - Thread.sleep(2000): null

2021-07-14 17:45:35 - [TEST_STEP][PASSED] - waitForElementPresent(findTestObject("Object Repository/Canine/Filter/StageOfDisease/STAGEOFDISEASE_Ddn"), 10): Object 'Object Repository/Canine/Filter/StageOfDisease/STAGEOFDISEASE_Ddn' is present

2021-07-14 17:45:35 - [MESSAGE][PASSED] - Object 'Object Repository/Canine/Filter/StageOfDisease/STAGEOFDISEASE_Ddn' is present

2021-07-14 17:45:35 - [TEST_STEP][PASSED] - ctdc.utilities.runtestcaseforKatalon.clickTab("Object Repository/Canine/Filter/StageOfDisease/STAGEOFDISEASE_Ddn"): ctdc.utilities.runtestcaseforKatalon.clickTab is PASSED

2021-07-14 17:45:35 - [MESSAGE][PASSED] - ctdc.utilities.runtestcaseforKatalon.clickTab is PASSED

2021-07-14 17:45:35 - [TEST_STEP][PASSED] - waitForElementPresent(findTestObject("Object Repository/Canine/Filter/StageOfDisease/T3N0M0_Chkbx"), 10): Object 'Object Repository/Canine/Filter/StageOfDisease/T3N0M0_Chkbx' is present

2021-07-14 17:45:36 - [MESSAGE][PASSED] - Object 'Object Repository/Canine/Filter/StageOfDisease/T3N0M0_Chkbx' is present

2021-07-14 17:45:36 - [TEST_STEP][PASSED] - ctdc.utilities.runtestcaseforKatalon.clickTab("Object Repository/Canine/Filter/StageOfDisease/T3N0M0_Chkbx"): ctdc.utilities.runtestcaseforKatalon.clickTab is PASSED

2021-07-14 17:45:36 - [MESSAGE][PASSED] - ctdc.utilities.runtestcaseforKatalon.clickTab is PASSED

2021-07-14 17:45:36 - [TEST_STEP][PASSED] - waitForElementPresent(findTestObject("Object Repository/Canine/Filter/StageOfDisease/NotApplicable_Chkbx"), 10): Object 'Object Repository/Canine/Filter/StageOfDisease/NotApplicable_Chkbx' is present

2021-07-14 17:45:36 - [MESSAGE][PASSED] - Object 'Object Repository/Canine/Filter/StageOfDisease/NotApplicable_Chkbx' is present

2021-07-14 17:45:36 - [TEST_STEP][PASSED] - ctdc.utilities.runtestcaseforKatalon.clickTab("Object Repository/Canine/Filter/StageOfDisease/NotApplicable_Chkbx"): ctdc.utilities.runtestcaseforKatalon.clickTab is PASSED

2021-07-14 17:45:37 - [MESSAGE][PASSED] - ctdc.utilities.runtestcaseforKatalon.clickTab is PASSED

2021-07-14 17:45:37 - [TEST_STEP][PASSED] - ctdc.utilities.runtestcaseforKatalon.clickTab("Object Repository/Canine/Filter/PrimDiseaseSite/PRIMARYDISEASESITE_Ddn"): ctdc.utilities.runtestcaseforKatalon.clickTab is PASSED

2021-07-14 17:45:37 - [MESSAGE][PASSED] - ctdc.utilities.runtestcaseforKatalon.clickTab is PASSED

2021-07-14 17:45:37 - [TEST_STEP][PASSED] - Thread.sleep(2000): null

2021-07-14 17:45:39 - [TEST_STEP][PASSED] - ctdc.utilities.runtestcaseforKatalon.readStatBarCanine("Object Repository/Canine/StatBar/Canine_StatBar-Studies", "Object Repository/Canine/StatBar/Canine_StatBar-Cases", "Object Repository/Canine/StatBar/Canine_StatBar-Samples", "Object Repository/Canine/StatBar/Canine_StatBar-Files", "Object Repository/Canine/StatBar/Canine_StatBar-Aliquots"): ctdc.utilities.runtestcaseforKatalon.readStatBarCanine is PASSED

2021-07-14 17:45:55 - [MESSAGE][PASSED] - ctdc.utilities.runtestcaseforKatalon.readStatBarCanine is PASSED

2021-07-14 17:45:55 - [TEST_STEP][PASSED] - waitForElementPresent(findTestObject("Object Repository/Canine/CanineResults_Cases_Tab"), 5): Object 'Object Repository/Canine/CanineResults_Cases_Tab' is present

2021-07-14 17:45:55 - [MESSAGE][PASSED] - Object 'Object Repository/Canine/CanineResults_Cases_Tab' is present

2021-07-14 17:45:55 - [TEST_STEP][PASSED] - ctdc.utilities.runtestcaseforKatalon.clickTab("Object Repository/Canine/CanineResults_Cases_Tab"): ctdc.utilities.runtestcaseforKatalon.clickTab is PASSED

2021-07-14 17:45:55 - [MESSAGE][PASSED] - ctdc.utilities.runtestcaseforKatalon.clickTab is PASSED

2021-07-14 17:45:55 - [TEST_STEP][ERROR] - ctdc.utilities.runtestcaseforKatalon.multiFunction("ICDC", G_StatBar_Cases, "Object Repository/Canine/Canine_CasesTable", "Object Repository/Canine/Canine_TableHeader", "Object Repository/Canine/Canine_CasesTabNextBtn", G_WebTabnameCases, G_CypherTabnameCases, G_QueryCasesTab): Index: 11, Size: 11

2021-07-14 17:46:25 - [MESSAGE][ERROR] - Index: 11, Size: 11]]></system-out>
         <system-err><![CDATA[2021-07-14 17:45:15 - [TEST_CASE][ERROR] - Test Cases/Canine_TestCases/StudyCombinations/Study-Combinations-UBC01/TC29_Canine_StudyUBC-AllBreeds_StageOfDisease: Test Cases/Canine_TestCases/StudyCombinations/Study-Combinations-UBC01/TC29_Canine_StudyUBC-AllBreeds_StageOfDisease FAILED.
Reason:
java.lang.IndexOutOfBoundsException: Index: 11, Size: 11
	at java_util_List$get$1.call(Unknown Source)
	at ctdc.utilities.runtestcaseforKatalon.compareTwoLists(runtestcaseforKatalon.groovy:849)
	at ctdc.utilities.runtestcaseforKatalon.compareLists(runtestcaseforKatalon.groovy:901)
	at ctdc.utilities.runtestcaseforKatalon.multiFunction(runtestcaseforKatalon.groovy:253)
	at ctdc.utilities.runtestcaseforKatalon.invokeMethod(runtestcaseforKatalon.groovy)
	at com.kms.katalon.core.main.CustomKeywordDelegatingMetaClass.invokeStaticMethod(CustomKeywordDelegatingMetaClass.java:50)
	at TC29_Canine_StudyUBC-AllBreeds_StageOfDisease.run(TC29_Canine_StudyUBC-AllBreeds_StageOfDisease:77)
	at com.kms.katalon.core.main.ScriptEngine.run(ScriptEngine.java:194)
	at com.kms.katalon.core.main.ScriptEngine.runScriptAsRawText(ScriptEngine.java:119)
	at com.kms.katalon.core.main.TestCaseExecutor.runScript(TestCaseExecutor.java:369)
	at com.kms.katalon.core.main.TestCaseExecutor.doExecute(TestCaseExecutor.java:360)
	at com.kms.katalon.core.main.TestCaseExecutor.processExecutionPhase(TestCaseExecutor.java:339)
	at com.kms.katalon.core.main.TestCaseExecutor.accessMainPhase(TestCaseExecutor.java:331)
	at com.kms.katalon.core.main.TestCaseExecutor.execute(TestCaseExecutor.java:248)
	at com.kms.katalon.core.main.TestSuiteExecutor.accessTestCaseMainPhase(TestSuiteExecutor.java:191)
	at com.kms.katalon.core.main.TestSuiteExecutor.accessTestSuiteMainPhase(TestSuiteExecutor.java:140)
	at com.kms.katalon.core.main.TestSuiteExecutor.execute(TestSuiteExecutor.java:89)
	at com.kms.katalon.core.main.TestCaseMain.startTestSuite(TestCaseMain.java:185)
	at com.kms.katalon.core.main.TestCaseMain$startTestSuite$0.call(Unknown Source)
	at TempTestSuite1626296935818.run(TempTestSuite1626296935818.groovy:39)]]></system-err>
      </testcase>
      <testcase name="Test Cases/Canine_TestCases/StudyCombinations/Study-Combinations-UBC01/TC30_Canine_StudyUBC-AllBreeds_StageOfDisease" time="59.718" classname="Test Cases/Canine_TestCases/StudyCombinations/Study-Combinations-UBC01/TC30_Canine_StudyUBC-AllBreeds_StageOfDisease" status="ERROR">
         <error type="ERROR" message="Test Cases/Canine_TestCases/StudyCombinations/Study-Combinations-UBC01/TC30_Canine_StudyUBC-AllBreeds_StageOfDisease FAILED.
Reason:
java.lang.IndexOutOfBoundsException: Index: 11, Size: 11
	at java_util_List$get$1.call(Unknown Source)
	at ctdc.utilities.runtestcaseforKatalon.compareTwoLists(runtestcaseforKatalon.groovy:849)
	at ctdc.utilities.runtestcaseforKatalon.compareLists(runtestcaseforKatalon.groovy:901)
	at ctdc.utilities.runtestcaseforKatalon.multiFunction(runtestcaseforKatalon.groovy:253)
	at ctdc.utilities.runtestcaseforKatalon.invokeMethod(runtestcaseforKatalon.groovy)
	at com.kms.katalon.core.main.CustomKeywordDelegatingMetaClass.invokeStaticMethod(CustomKeywordDelegatingMetaClass.java:50)
	at TC30_Canine_StudyUBC-AllBreeds_StageOfDisease.run(TC30_Canine_StudyUBC-AllBreeds_StageOfDisease:77)
	at com.kms.katalon.core.main.ScriptEngine.run(ScriptEngine.java:194)
	at com.kms.katalon.core.main.ScriptEngine.runScriptAsRawText(ScriptEngine.java:119)
	at com.kms.katalon.core.main.TestCaseExecutor.runScript(TestCaseExecutor.java:369)
	at com.kms.katalon.core.main.TestCaseExecutor.doExecute(TestCaseExecutor.java:360)
	at com.kms.katalon.core.main.TestCaseExecutor.processExecutionPhase(TestCaseExecutor.java:339)
	at com.kms.katalon.core.main.TestCaseExecutor.accessMainPhase(TestCaseExecutor.java:331)
	at com.kms.katalon.core.main.TestCaseExecutor.execute(TestCaseExecutor.java:248)
	at com.kms.katalon.core.main.TestSuiteExecutor.accessTestCaseMainPhase(TestSuiteExecutor.java:191)
	at com.kms.katalon.core.main.TestSuiteExecutor.accessTestSuiteMainPhase(TestSuiteExecutor.java:140)
	at com.kms.katalon.core.main.TestSuiteExecutor.execute(TestSuiteExecutor.java:89)
	at com.kms.katalon.core.main.TestCaseMain.startTestSuite(TestCaseMain.java:185)
	at com.kms.katalon.core.main.TestCaseMain$startTestSuite$0.call(Unknown Source)
	at TempTestSuite1626296935818.run(TempTestSuite1626296935818.groovy:39)
"/>
         <system-out><![CDATA[2021-07-14 17:46:25 - [TEST_CASE][ERROR] - Test Cases/Canine_TestCases/StudyCombinations/Study-Combinations-UBC01/TC30_Canine_StudyUBC-AllBreeds_StageOfDisease: Test Cases/Canine_TestCases/StudyCombinations/Study-Combinations-UBC01/TC30_Canine_StudyUBC-AllBreeds_StageOfDisease FAILED.
Reason:
java.lang.IndexOutOfBoundsException: Index: 11, Size: 11
	at java_util_List$get$1.call(Unknown Source)
	at ctdc.utilities.runtestcaseforKatalon.compareTwoLists(runtestcaseforKatalon.groovy:849)
	at ctdc.utilities.runtestcaseforKatalon.compareLists(runtestcaseforKatalon.groovy:901)
	at ctdc.utilities.runtestcaseforKatalon.multiFunction(runtestcaseforKatalon.groovy:253)
	at ctdc.utilities.runtestcaseforKatalon.invokeMethod(runtestcaseforKatalon.groovy)
	at com.kms.katalon.core.main.CustomKeywordDelegatingMetaClass.invokeStaticMethod(CustomKeywordDelegatingMetaClass.java:50)
	at TC30_Canine_StudyUBC-AllBreeds_StageOfDisease.run(TC30_Canine_StudyUBC-AllBreeds_StageOfDisease:77)
	at com.kms.katalon.core.main.ScriptEngine.run(ScriptEngine.java:194)
	at com.kms.katalon.core.main.ScriptEngine.runScriptAsRawText(ScriptEngine.java:119)
	at com.kms.katalon.core.main.TestCaseExecutor.runScript(TestCaseExecutor.java:369)
	at com.kms.katalon.core.main.TestCaseExecutor.doExecute(TestCaseExecutor.java:360)
	at com.kms.katalon.core.main.TestCaseExecutor.processExecutionPhase(TestCaseExecutor.java:339)
	at com.kms.katalon.core.main.TestCaseExecutor.accessMainPhase(TestCaseExecutor.java:331)
	at com.kms.katalon.core.main.TestCaseExecutor.execute(TestCaseExecutor.java:248)
	at com.kms.katalon.core.main.TestSuiteExecutor.accessTestCaseMainPhase(TestSuiteExecutor.java:191)
	at com.kms.katalon.core.main.TestSuiteExecutor.accessTestSuiteMainPhase(TestSuiteExecutor.java:140)
	at com.kms.katalon.core.main.TestSuiteExecutor.execute(TestSuiteExecutor.java:89)
	at com.kms.katalon.core.main.TestCaseMain.startTestSuite(TestCaseMain.java:185)
	at com.kms.katalon.core.main.TestCaseMain$startTestSuite$0.call(Unknown Source)
	at TempTestSuite1626296935818.run(TempTestSuite1626296935818.groovy:39)


2021-07-14 17:46:25 - [TEST_STEP][PASSED] - Start listener action : getTestScriptName: null

2021-07-14 17:46:25 - [TEST_STEP][PASSED] - TestCaseId = testCaseContext.getTestCaseId(): null

2021-07-14 17:46:25 - [TEST_STEP][PASSED] - out.println("**********this is the value of test case id string******** " + testCaseContext.getTestCaseId()): null

2021-07-14 17:46:25 - [TEST_STEP][PASSED] - G_currentTCName = TestCaseId.substring(TestCaseId.lastIndexOf("TC")): null

2021-07-14 17:46:25 - [TEST_STEP][PASSED] - out.println("This is the test case name : " + G_currentTCName): null

2021-07-14 17:46:26 - [TEST_STEP][PASSED] - closeBrowser(): Browser is closed

2021-07-14 17:46:27 - [MESSAGE][PASSED] - Browser is closed

2021-07-14 17:46:27 - [TEST_STEP][PASSED] - openBrowser(""): Browser is opened with url: ''

2021-07-14 17:46:27 - [MESSAGE][INFO] - Starting 'Chrome (headless)' driver

2021-07-14 17:46:27 - [MESSAGE][INFO] - User set preference: ['args', '[--no-sandbox]']

2021-07-14 17:46:27 - [MESSAGE][INFO] - Action delay is set to 0 milliseconds

2021-07-14 17:46:29 - [MESSAGE][PASSED] - Browser is opened with url: ''

2021-07-14 17:46:29 - [TEST_STEP][PASSED] - maximizeWindow(): Current window maximized

2021-07-14 17:46:29 - [MESSAGE][PASSED] - Current window maximized

2021-07-14 17:46:29 - [TEST_STEP][PASSED] - "Driver opened by Katalon is used in Selenium from this step.": null

2021-07-14 17:46:29 - [TEST_STEP][PASSED] - ctdc.utilities.runtestcaseforKatalon.RunKatalon("TC30_Canine_StudyUBC-AllBreeds_StageOfDisease.xlsx"): Data loaded from input file for the test case. 

2021-07-14 17:46:29 - [MESSAGE][PASSED] - Test case file loaded This is the full filepath after converting to string :C:\Automation_master\InputFiles\TC30_Canine_StudyUBC-AllBreeds_StageOfDisease.xlsx

2021-07-14 17:46:29 - [MESSAGE][INFO] - Global variable set for password file is :  C:\Automation_master\InputFiles\TC30_Canine_StudyUBC-AllBreeds_StageOfDisease.xlsx

2021-07-14 17:46:33 - [MESSAGE][PASSED] - Data loaded from input file for the test case. 

2021-07-14 17:46:41 - [TEST_STEP][PASSED] - findTestObject("Object Repository/Canine/Filter/StageOfDisease/STAGEOFDISEASE_Ddn"): null

2021-07-14 17:46:41 - [TEST_STEP][PASSED] - waitForElementPresent(findTestObject("Canine/NavBar/Canine_Cases_Btn"), 10): Object 'Object Repository/Canine/NavBar/Canine_Cases_Btn' is present

2021-07-14 17:46:42 - [MESSAGE][PASSED] - Object 'Object Repository/Canine/NavBar/Canine_Cases_Btn' is present

2021-07-14 17:46:42 - [TEST_STEP][PASSED] - ctdc.utilities.runtestcaseforKatalon.clickTab("Canine/NavBar/Canine_Cases_Btn"): ctdc.utilities.runtestcaseforKatalon.clickTab is PASSED

2021-07-14 17:46:42 - [MESSAGE][PASSED] - ctdc.utilities.runtestcaseforKatalon.clickTab is PASSED

2021-07-14 17:46:42 - [TEST_STEP][PASSED] - waitForElementPresent(findTestObject("Object Repository/Canine/Filter/FilterByCases_Facet"), 10): Object 'Object Repository/Canine/Filter/FilterByCases_Facet' is present

2021-07-14 17:46:43 - [MESSAGE][PASSED] - Object 'Object Repository/Canine/Filter/FilterByCases_Facet' is present

2021-07-14 17:46:43 - [TEST_STEP][PASSED] - ctdc.utilities.runtestcaseforKatalon.clickTab("Object Repository/Canine/Filter/FilterByCases_Facet"): ctdc.utilities.runtestcaseforKatalon.clickTab is PASSED

2021-07-14 17:46:44 - [MESSAGE][PASSED] - ctdc.utilities.runtestcaseforKatalon.clickTab is PASSED

2021-07-14 17:46:44 - [TEST_STEP][PASSED] - waitForElementPresent(findTestObject("Object Repository/Canine/Filter/Study/Canine_Filter_Study"), 10): Object 'Object Repository/Canine/Filter/Study/Canine_Filter_Study' is present

2021-07-14 17:46:44 - [MESSAGE][PASSED] - Object 'Object Repository/Canine/Filter/Study/Canine_Filter_Study' is present

2021-07-14 17:46:44 - [TEST_STEP][PASSED] - ctdc.utilities.runtestcaseforKatalon.clickTab("Object Repository/Canine/Filter/Study/Canine_Filter_Study"): ctdc.utilities.runtestcaseforKatalon.clickTab is PASSED

2021-07-14 17:46:44 - [MESSAGE][PASSED] - ctdc.utilities.runtestcaseforKatalon.clickTab is PASSED

2021-07-14 17:46:44 - [TEST_STEP][PASSED] - waitForElementPresent(findTestObject("Object Repository/Canine/Filter/Study/Canine_Filter_Study-UBC_Chkbx"), 10): Object 'Object Repository/Canine/Filter/Study/Canine_Filter_Study-UBC_Chkbx' is present

2021-07-14 17:46:45 - [MESSAGE][PASSED] - Object 'Object Repository/Canine/Filter/Study/Canine_Filter_Study-UBC_Chkbx' is present

2021-07-14 17:46:45 - [TEST_STEP][PASSED] - ctdc.utilities.runtestcaseforKatalon.clickTab("Object Repository/Canine/Filter/Study/Canine_Filter_Study-UBC_Chkbx"): ctdc.utilities.runtestcaseforKatalon.clickTab is PASSED

2021-07-14 17:46:45 - [MESSAGE][PASSED] - ctdc.utilities.runtestcaseforKatalon.clickTab is PASSED

2021-07-14 17:46:45 - [TEST_STEP][PASSED] - Thread.sleep(2000): null

2021-07-14 17:46:47 - [TEST_STEP][PASSED] - waitForElementPresent(findTestObject("Object Repository/Canine/Filter/StageOfDisease/STAGEOFDISEASE_Ddn"), 10): Object 'Object Repository/Canine/Filter/StageOfDisease/STAGEOFDISEASE_Ddn' is present

2021-07-14 17:46:47 - [MESSAGE][PASSED] - Object 'Object Repository/Canine/Filter/StageOfDisease/STAGEOFDISEASE_Ddn' is present

2021-07-14 17:46:47 - [TEST_STEP][PASSED] - ctdc.utilities.runtestcaseforKatalon.clickTab("Object Repository/Canine/Filter/StageOfDisease/STAGEOFDISEASE_Ddn"): ctdc.utilities.runtestcaseforKatalon.clickTab is PASSED

2021-07-14 17:46:47 - [MESSAGE][PASSED] - ctdc.utilities.runtestcaseforKatalon.clickTab is PASSED

2021-07-14 17:46:47 - [TEST_STEP][PASSED] - waitForElementPresent(findTestObject("Object Repository/Canine/Filter/StageOfDisease/T2N1M0_Chkbx"), 10): Object 'Object Repository/Canine/Filter/StageOfDisease/T2N1M0_Chkbx' is present

2021-07-14 17:46:48 - [MESSAGE][PASSED] - Object 'Object Repository/Canine/Filter/StageOfDisease/T2N1M0_Chkbx' is present

2021-07-14 17:46:48 - [TEST_STEP][PASSED] - ctdc.utilities.runtestcaseforKatalon.clickTab("Object Repository/Canine/Filter/StageOfDisease/T2N1M0_Chkbx"): ctdc.utilities.runtestcaseforKatalon.clickTab is PASSED

2021-07-14 17:46:48 - [MESSAGE][PASSED] - ctdc.utilities.runtestcaseforKatalon.clickTab is PASSED

2021-07-14 17:46:48 - [TEST_STEP][PASSED] - waitForElementPresent(findTestObject("Object Repository/Canine/Filter/StageOfDisease/NotApplicable_Chkbx"), 10): Object 'Object Repository/Canine/Filter/StageOfDisease/NotApplicable_Chkbx' is present

2021-07-14 17:46:48 - [MESSAGE][PASSED] - Object 'Object Repository/Canine/Filter/StageOfDisease/NotApplicable_Chkbx' is present

2021-07-14 17:46:48 - [TEST_STEP][PASSED] - ctdc.utilities.runtestcaseforKatalon.clickTab("Object Repository/Canine/Filter/StageOfDisease/NotApplicable_Chkbx"): ctdc.utilities.runtestcaseforKatalon.clickTab is PASSED

2021-07-14 17:46:49 - [MESSAGE][PASSED] - ctdc.utilities.runtestcaseforKatalon.clickTab is PASSED

2021-07-14 17:46:49 - [TEST_STEP][PASSED] - ctdc.utilities.runtestcaseforKatalon.clickTab("Object Repository/Canine/Filter/PrimDiseaseSite/PRIMARYDISEASESITE_Ddn"): ctdc.utilities.runtestcaseforKatalon.clickTab is PASSED

2021-07-14 17:46:49 - [MESSAGE][PASSED] - ctdc.utilities.runtestcaseforKatalon.clickTab is PASSED

2021-07-14 17:46:49 - [TEST_STEP][PASSED] - Thread.sleep(2000): null

2021-07-14 17:46:51 - [TEST_STEP][PASSED] - ctdc.utilities.runtestcaseforKatalon.readStatBarCanine("Object Repository/Canine/StatBar/Canine_StatBar-Studies", "Object Repository/Canine/StatBar/Canine_StatBar-Cases", "Object Repository/Canine/StatBar/Canine_StatBar-Samples", "Object Repository/Canine/StatBar/Canine_StatBar-Files", "Object Repository/Canine/StatBar/Canine_StatBar-Aliquots"): ctdc.utilities.runtestcaseforKatalon.readStatBarCanine is PASSED

2021-07-14 17:47:07 - [MESSAGE][PASSED] - ctdc.utilities.runtestcaseforKatalon.readStatBarCanine is PASSED

2021-07-14 17:47:07 - [TEST_STEP][PASSED] - waitForElementPresent(findTestObject("Object Repository/Canine/CanineResults_Cases_Tab"), 5): Object 'Object Repository/Canine/CanineResults_Cases_Tab' is present

2021-07-14 17:47:07 - [MESSAGE][PASSED] - Object 'Object Repository/Canine/CanineResults_Cases_Tab' is present

2021-07-14 17:47:07 - [TEST_STEP][PASSED] - ctdc.utilities.runtestcaseforKatalon.clickTab("Object Repository/Canine/CanineResults_Cases_Tab"): ctdc.utilities.runtestcaseforKatalon.clickTab is PASSED

2021-07-14 17:47:07 - [MESSAGE][PASSED] - ctdc.utilities.runtestcaseforKatalon.clickTab is PASSED

2021-07-14 17:47:07 - [TEST_STEP][ERROR] - ctdc.utilities.runtestcaseforKatalon.multiFunction("ICDC", G_StatBar_Cases, "Object Repository/Canine/Canine_CasesTable", "Object Repository/Canine/Canine_TableHeader", "Object Repository/Canine/Canine_CasesTabNextBtn", G_WebTabnameCases, G_CypherTabnameCases, G_QueryCasesTab): Index: 11, Size: 11

2021-07-14 17:47:25 - [MESSAGE][ERROR] - Index: 11, Size: 11]]></system-out>
         <system-err><![CDATA[2021-07-14 17:46:25 - [TEST_CASE][ERROR] - Test Cases/Canine_TestCases/StudyCombinations/Study-Combinations-UBC01/TC30_Canine_StudyUBC-AllBreeds_StageOfDisease: Test Cases/Canine_TestCases/StudyCombinations/Study-Combinations-UBC01/TC30_Canine_StudyUBC-AllBreeds_StageOfDisease FAILED.
Reason:
java.lang.IndexOutOfBoundsException: Index: 11, Size: 11
	at java_util_List$get$1.call(Unknown Source)
	at ctdc.utilities.runtestcaseforKatalon.compareTwoLists(runtestcaseforKatalon.groovy:849)
	at ctdc.utilities.runtestcaseforKatalon.compareLists(runtestcaseforKatalon.groovy:901)
	at ctdc.utilities.runtestcaseforKatalon.multiFunction(runtestcaseforKatalon.groovy:253)
	at ctdc.utilities.runtestcaseforKatalon.invokeMethod(runtestcaseforKatalon.groovy)
	at com.kms.katalon.core.main.CustomKeywordDelegatingMetaClass.invokeStaticMethod(CustomKeywordDelegatingMetaClass.java:50)
	at TC30_Canine_StudyUBC-AllBreeds_StageOfDisease.run(TC30_Canine_StudyUBC-AllBreeds_StageOfDisease:77)
	at com.kms.katalon.core.main.ScriptEngine.run(ScriptEngine.java:194)
	at com.kms.katalon.core.main.ScriptEngine.runScriptAsRawText(ScriptEngine.java:119)
	at com.kms.katalon.core.main.TestCaseExecutor.runScript(TestCaseExecutor.java:369)
	at com.kms.katalon.core.main.TestCaseExecutor.doExecute(TestCaseExecutor.java:360)
	at com.kms.katalon.core.main.TestCaseExecutor.processExecutionPhase(TestCaseExecutor.java:339)
	at com.kms.katalon.core.main.TestCaseExecutor.accessMainPhase(TestCaseExecutor.java:331)
	at com.kms.katalon.core.main.TestCaseExecutor.execute(TestCaseExecutor.java:248)
	at com.kms.katalon.core.main.TestSuiteExecutor.accessTestCaseMainPhase(TestSuiteExecutor.java:191)
	at com.kms.katalon.core.main.TestSuiteExecutor.accessTestSuiteMainPhase(TestSuiteExecutor.java:140)
	at com.kms.katalon.core.main.TestSuiteExecutor.execute(TestSuiteExecutor.java:89)
	at com.kms.katalon.core.main.TestCaseMain.startTestSuite(TestCaseMain.java:185)
	at com.kms.katalon.core.main.TestCaseMain$startTestSuite$0.call(Unknown Source)
	at TempTestSuite1626296935818.run(TempTestSuite1626296935818.groovy:39)]]></system-err>
      </testcase>
      <testcase name="Test Cases/Canine_TestCases/StudyCombinations/Study-Combinations-UBC01/TC31_Canine_StudyUBC-AllBreeds_StageOfDisease" time="87.692" classname="Test Cases/Canine_TestCases/StudyCombinations/Study-Combinations-UBC01/TC31_Canine_StudyUBC-AllBreeds_StageOfDisease" status="ERROR">
         <error type="ERROR" message="Test Cases/Canine_TestCases/StudyCombinations/Study-Combinations-UBC01/TC31_Canine_StudyUBC-AllBreeds_StageOfDisease FAILED.
Reason:
java.lang.IndexOutOfBoundsException: Index: 11, Size: 11
	at java_util_List$get$1.call(Unknown Source)
	at ctdc.utilities.runtestcaseforKatalon.compareTwoLists(runtestcaseforKatalon.groovy:849)
	at ctdc.utilities.runtestcaseforKatalon.compareLists(runtestcaseforKatalon.groovy:901)
	at ctdc.utilities.runtestcaseforKatalon.multiFunction(runtestcaseforKatalon.groovy:253)
	at ctdc.utilities.runtestcaseforKatalon.invokeMethod(runtestcaseforKatalon.groovy)
	at com.kms.katalon.core.main.CustomKeywordDelegatingMetaClass.invokeStaticMethod(CustomKeywordDelegatingMetaClass.java:50)
	at TC31_Canine_StudyUBC-AllBreeds_StageOfDisease.run(TC31_Canine_StudyUBC-AllBreeds_StageOfDisease:77)
	at com.kms.katalon.core.main.ScriptEngine.run(ScriptEngine.java:194)
	at com.kms.katalon.core.main.ScriptEngine.runScriptAsRawText(ScriptEngine.java:119)
	at com.kms.katalon.core.main.TestCaseExecutor.runScript(TestCaseExecutor.java:369)
	at com.kms.katalon.core.main.TestCaseExecutor.doExecute(TestCaseExecutor.java:360)
	at com.kms.katalon.core.main.TestCaseExecutor.processExecutionPhase(TestCaseExecutor.java:339)
	at com.kms.katalon.core.main.TestCaseExecutor.accessMainPhase(TestCaseExecutor.java:331)
	at com.kms.katalon.core.main.TestCaseExecutor.execute(TestCaseExecutor.java:248)
	at com.kms.katalon.core.main.TestSuiteExecutor.accessTestCaseMainPhase(TestSuiteExecutor.java:191)
	at com.kms.katalon.core.main.TestSuiteExecutor.accessTestSuiteMainPhase(TestSuiteExecutor.java:140)
	at com.kms.katalon.core.main.TestSuiteExecutor.execute(TestSuiteExecutor.java:89)
	at com.kms.katalon.core.main.TestCaseMain.startTestSuite(TestCaseMain.java:185)
	at com.kms.katalon.core.main.TestCaseMain$startTestSuite$0.call(Unknown Source)
	at TempTestSuite1626296935818.run(TempTestSuite1626296935818.groovy:39)
"/>
         <system-out><![CDATA[2021-07-14 17:47:25 - [TEST_CASE][ERROR] - Test Cases/Canine_TestCases/StudyCombinations/Study-Combinations-UBC01/TC31_Canine_StudyUBC-AllBreeds_StageOfDisease: Test Cases/Canine_TestCases/StudyCombinations/Study-Combinations-UBC01/TC31_Canine_StudyUBC-AllBreeds_StageOfDisease FAILED.
Reason:
java.lang.IndexOutOfBoundsException: Index: 11, Size: 11
	at java_util_List$get$1.call(Unknown Source)
	at ctdc.utilities.runtestcaseforKatalon.compareTwoLists(runtestcaseforKatalon.groovy:849)
	at ctdc.utilities.runtestcaseforKatalon.compareLists(runtestcaseforKatalon.groovy:901)
	at ctdc.utilities.runtestcaseforKatalon.multiFunction(runtestcaseforKatalon.groovy:253)
	at ctdc.utilities.runtestcaseforKatalon.invokeMethod(runtestcaseforKatalon.groovy)
	at com.kms.katalon.core.main.CustomKeywordDelegatingMetaClass.invokeStaticMethod(CustomKeywordDelegatingMetaClass.java:50)
	at TC31_Canine_StudyUBC-AllBreeds_StageOfDisease.run(TC31_Canine_StudyUBC-AllBreeds_StageOfDisease:77)
	at com.kms.katalon.core.main.ScriptEngine.run(ScriptEngine.java:194)
	at com.kms.katalon.core.main.ScriptEngine.runScriptAsRawText(ScriptEngine.java:119)
	at com.kms.katalon.core.main.TestCaseExecutor.runScript(TestCaseExecutor.java:369)
	at com.kms.katalon.core.main.TestCaseExecutor.doExecute(TestCaseExecutor.java:360)
	at com.kms.katalon.core.main.TestCaseExecutor.processExecutionPhase(TestCaseExecutor.java:339)
	at com.kms.katalon.core.main.TestCaseExecutor.accessMainPhase(TestCaseExecutor.java:331)
	at com.kms.katalon.core.main.TestCaseExecutor.execute(TestCaseExecutor.java:248)
	at com.kms.katalon.core.main.TestSuiteExecutor.accessTestCaseMainPhase(TestSuiteExecutor.java:191)
	at com.kms.katalon.core.main.TestSuiteExecutor.accessTestSuiteMainPhase(TestSuiteExecutor.java:140)
	at com.kms.katalon.core.main.TestSuiteExecutor.execute(TestSuiteExecutor.java:89)
	at com.kms.katalon.core.main.TestCaseMain.startTestSuite(TestCaseMain.java:185)
	at com.kms.katalon.core.main.TestCaseMain$startTestSuite$0.call(Unknown Source)
	at TempTestSuite1626296935818.run(TempTestSuite1626296935818.groovy:39)


2021-07-14 17:47:25 - [TEST_STEP][PASSED] - Start listener action : getTestScriptName: null

2021-07-14 17:47:25 - [TEST_STEP][PASSED] - TestCaseId = testCaseContext.getTestCaseId(): null

2021-07-14 17:47:25 - [TEST_STEP][PASSED] - out.println("**********this is the value of test case id string******** " + testCaseContext.getTestCaseId()): null

2021-07-14 17:47:25 - [TEST_STEP][PASSED] - G_currentTCName = TestCaseId.substring(TestCaseId.lastIndexOf("TC")): null

2021-07-14 17:47:25 - [TEST_STEP][PASSED] - out.println("This is the test case name : " + G_currentTCName): null

2021-07-14 17:47:26 - [TEST_STEP][PASSED] - closeBrowser(): Browser is closed

2021-07-14 17:47:27 - [MESSAGE][PASSED] - Browser is closed

2021-07-14 17:47:27 - [TEST_STEP][PASSED] - openBrowser(""): Browser is opened with url: ''

2021-07-14 17:47:27 - [MESSAGE][INFO] - Starting 'Chrome (headless)' driver

2021-07-14 17:47:27 - [MESSAGE][INFO] - User set preference: ['args', '[--no-sandbox]']

2021-07-14 17:47:27 - [MESSAGE][INFO] - Action delay is set to 0 milliseconds

2021-07-14 17:47:28 - [MESSAGE][PASSED] - Browser is opened with url: ''

2021-07-14 17:47:28 - [TEST_STEP][PASSED] - maximizeWindow(): Current window maximized

2021-07-14 17:47:29 - [MESSAGE][PASSED] - Current window maximized

2021-07-14 17:47:29 - [TEST_STEP][PASSED] - "Driver opened by Katalon is used in Selenium from this step.": null

2021-07-14 17:47:29 - [TEST_STEP][PASSED] - ctdc.utilities.runtestcaseforKatalon.RunKatalon("TC31_Canine_StudyUBC-AllBreeds_StageOfDisease.xlsx"): Data loaded from input file for the test case. 

2021-07-14 17:47:29 - [MESSAGE][PASSED] - Test case file loaded This is the full filepath after converting to string :C:\Automation_master\InputFiles\TC31_Canine_StudyUBC-AllBreeds_StageOfDisease.xlsx

2021-07-14 17:47:29 - [MESSAGE][INFO] - Global variable set for password file is :  C:\Automation_master\InputFiles\TC31_Canine_StudyUBC-AllBreeds_StageOfDisease.xlsx

2021-07-14 17:47:33 - [MESSAGE][PASSED] - Data loaded from input file for the test case. 

2021-07-14 17:47:41 - [TEST_STEP][PASSED] - findTestObject("Object Repository/Canine/Filter/StageOfDisease/STAGEOFDISEASE_Ddn"): null

2021-07-14 17:47:41 - [TEST_STEP][PASSED] - waitForElementPresent(findTestObject("Canine/NavBar/Canine_Cases_Btn"), 10): Object 'Object Repository/Canine/NavBar/Canine_Cases_Btn' is present

2021-07-14 17:47:41 - [MESSAGE][PASSED] - Object 'Object Repository/Canine/NavBar/Canine_Cases_Btn' is present

2021-07-14 17:47:41 - [TEST_STEP][PASSED] - ctdc.utilities.runtestcaseforKatalon.clickTab("Canine/NavBar/Canine_Cases_Btn"): ctdc.utilities.runtestcaseforKatalon.clickTab is PASSED

2021-07-14 17:47:41 - [MESSAGE][PASSED] - ctdc.utilities.runtestcaseforKatalon.clickTab is PASSED

2021-07-14 17:47:41 - [TEST_STEP][PASSED] - waitForElementPresent(findTestObject("Object Repository/Canine/Filter/FilterByCases_Facet"), 10): Object 'Object Repository/Canine/Filter/FilterByCases_Facet' is present

2021-07-14 17:47:43 - [MESSAGE][PASSED] - Object 'Object Repository/Canine/Filter/FilterByCases_Facet' is present

2021-07-14 17:47:43 - [TEST_STEP][PASSED] - ctdc.utilities.runtestcaseforKatalon.clickTab("Object Repository/Canine/Filter/FilterByCases_Facet"): ctdc.utilities.runtestcaseforKatalon.clickTab is PASSED

2021-07-14 17:47:43 - [MESSAGE][PASSED] - ctdc.utilities.runtestcaseforKatalon.clickTab is PASSED

2021-07-14 17:47:43 - [TEST_STEP][PASSED] - waitForElementPresent(findTestObject("Object Repository/Canine/Filter/Study/Canine_Filter_Study"), 10): Object 'Object Repository/Canine/Filter/Study/Canine_Filter_Study' is present

2021-07-14 17:47:44 - [MESSAGE][PASSED] - Object 'Object Repository/Canine/Filter/Study/Canine_Filter_Study' is present

2021-07-14 17:47:44 - [TEST_STEP][PASSED] - ctdc.utilities.runtestcaseforKatalon.clickTab("Object Repository/Canine/Filter/Study/Canine_Filter_Study"): ctdc.utilities.runtestcaseforKatalon.clickTab is PASSED

2021-07-14 17:47:44 - [MESSAGE][PASSED] - ctdc.utilities.runtestcaseforKatalon.clickTab is PASSED

2021-07-14 17:47:44 - [TEST_STEP][PASSED] - waitForElementPresent(findTestObject("Object Repository/Canine/Filter/Study/Canine_Filter_Study-UBC_Chkbx"), 10): Object 'Object Repository/Canine/Filter/Study/Canine_Filter_Study-UBC_Chkbx' is present

2021-07-14 17:47:44 - [MESSAGE][PASSED] - Object 'Object Repository/Canine/Filter/Study/Canine_Filter_Study-UBC_Chkbx' is present

2021-07-14 17:47:44 - [TEST_STEP][PASSED] - ctdc.utilities.runtestcaseforKatalon.clickTab("Object Repository/Canine/Filter/Study/Canine_Filter_Study-UBC_Chkbx"): ctdc.utilities.runtestcaseforKatalon.clickTab is PASSED

2021-07-14 17:47:45 - [MESSAGE][PASSED] - ctdc.utilities.runtestcaseforKatalon.clickTab is PASSED

2021-07-14 17:47:45 - [TEST_STEP][PASSED] - Thread.sleep(2000): null

2021-07-14 17:47:47 - [TEST_STEP][PASSED] - waitForElementPresent(findTestObject("Object Repository/Canine/Filter/StageOfDisease/STAGEOFDISEASE_Ddn"), 10): Object 'Object Repository/Canine/Filter/StageOfDisease/STAGEOFDISEASE_Ddn' is present

2021-07-14 17:47:47 - [MESSAGE][PASSED] - Object 'Object Repository/Canine/Filter/StageOfDisease/STAGEOFDISEASE_Ddn' is present

2021-07-14 17:47:47 - [TEST_STEP][PASSED] - ctdc.utilities.runtestcaseforKatalon.clickTab("Object Repository/Canine/Filter/StageOfDisease/STAGEOFDISEASE_Ddn"): ctdc.utilities.runtestcaseforKatalon.clickTab is PASSED

2021-07-14 17:47:47 - [MESSAGE][PASSED] - ctdc.utilities.runtestcaseforKatalon.clickTab is PASSED

2021-07-14 17:47:47 - [TEST_STEP][PASSED] - waitForElementPresent(findTestObject("Object Repository/Canine/Filter/StageOfDisease/T2N0M0_Chkbx"), 10): Object 'Object Repository/Canine/Filter/StageOfDisease/T2N0M0_Chkbx' is present

2021-07-14 17:47:48 - [MESSAGE][PASSED] - Object 'Object Repository/Canine/Filter/StageOfDisease/T2N0M0_Chkbx' is present

2021-07-14 17:47:48 - [TEST_STEP][PASSED] - ctdc.utilities.runtestcaseforKatalon.clickTab("Object Repository/Canine/Filter/StageOfDisease/T2N0M0_Chkbx"): ctdc.utilities.runtestcaseforKatalon.clickTab is PASSED

2021-07-14 17:47:48 - [MESSAGE][PASSED] - ctdc.utilities.runtestcaseforKatalon.clickTab is PASSED

2021-07-14 17:47:48 - [TEST_STEP][PASSED] - waitForElementPresent(findTestObject("Object Repository/Canine/Filter/StageOfDisease/NotApplicable_Chkbx"), 20): Object 'Object Repository/Canine/Filter/StageOfDisease/NotApplicable_Chkbx' is present

2021-07-14 17:47:49 - [MESSAGE][PASSED] - Object 'Object Repository/Canine/Filter/StageOfDisease/NotApplicable_Chkbx' is present

2021-07-14 17:47:49 - [TEST_STEP][PASSED] - ctdc.utilities.runtestcaseforKatalon.clickTab("Object Repository/Canine/Filter/StageOfDisease/NotApplicable_Chkbx"): ctdc.utilities.runtestcaseforKatalon.clickTab is PASSED

2021-07-14 17:47:49 - [MESSAGE][PASSED] - ctdc.utilities.runtestcaseforKatalon.clickTab is PASSED

2021-07-14 17:47:49 - [TEST_STEP][PASSED] - ctdc.utilities.runtestcaseforKatalon.clickTab("Object Repository/Canine/Filter/PrimDiseaseSite/PRIMARYDISEASESITE_Ddn"): ctdc.utilities.runtestcaseforKatalon.clickTab is PASSED

2021-07-14 17:47:50 - [MESSAGE][PASSED] - ctdc.utilities.runtestcaseforKatalon.clickTab is PASSED

2021-07-14 17:47:50 - [TEST_STEP][PASSED] - Thread.sleep(2000): null

2021-07-14 17:47:52 - [TEST_STEP][PASSED] - ctdc.utilities.runtestcaseforKatalon.readStatBarCanine("Object Repository/Canine/StatBar/Canine_StatBar-Studies", "Object Repository/Canine/StatBar/Canine_StatBar-Cases", "Object Repository/Canine/StatBar/Canine_StatBar-Samples", "Object Repository/Canine/StatBar/Canine_StatBar-Files", "Object Repository/Canine/StatBar/Canine_StatBar-Aliquots"): ctdc.utilities.runtestcaseforKatalon.readStatBarCanine is PASSED

2021-07-14 17:48:08 - [MESSAGE][PASSED] - ctdc.utilities.runtestcaseforKatalon.readStatBarCanine is PASSED

2021-07-14 17:48:08 - [TEST_STEP][PASSED] - waitForElementPresent(findTestObject("Object Repository/Canine/CanineResults_Cases_Tab"), 5): Object 'Object Repository/Canine/CanineResults_Cases_Tab' is present

2021-07-14 17:48:08 - [MESSAGE][PASSED] - Object 'Object Repository/Canine/CanineResults_Cases_Tab' is present

2021-07-14 17:48:08 - [TEST_STEP][PASSED] - ctdc.utilities.runtestcaseforKatalon.clickTab("Object Repository/Canine/CanineResults_Cases_Tab"): ctdc.utilities.runtestcaseforKatalon.clickTab is PASSED

2021-07-14 17:48:08 - [MESSAGE][PASSED] - ctdc.utilities.runtestcaseforKatalon.clickTab is PASSED

2021-07-14 17:48:08 - [TEST_STEP][ERROR] - ctdc.utilities.runtestcaseforKatalon.multiFunction("ICDC", G_StatBar_Cases, "Object Repository/Canine/Canine_CasesTable", "Object Repository/Canine/Canine_TableHeader", "Object Repository/Canine/Canine_CasesTabNextBtn", G_WebTabnameCases, G_CypherTabnameCases, G_QueryCasesTab): Index: 11, Size: 11

2021-07-14 17:48:53 - [MESSAGE][ERROR] - Index: 11, Size: 11]]></system-out>
         <system-err><![CDATA[2021-07-14 17:47:25 - [TEST_CASE][ERROR] - Test Cases/Canine_TestCases/StudyCombinations/Study-Combinations-UBC01/TC31_Canine_StudyUBC-AllBreeds_StageOfDisease: Test Cases/Canine_TestCases/StudyCombinations/Study-Combinations-UBC01/TC31_Canine_StudyUBC-AllBreeds_StageOfDisease FAILED.
Reason:
java.lang.IndexOutOfBoundsException: Index: 11, Size: 11
	at java_util_List$get$1.call(Unknown Source)
	at ctdc.utilities.runtestcaseforKatalon.compareTwoLists(runtestcaseforKatalon.groovy:849)
	at ctdc.utilities.runtestcaseforKatalon.compareLists(runtestcaseforKatalon.groovy:901)
	at ctdc.utilities.runtestcaseforKatalon.multiFunction(runtestcaseforKatalon.groovy:253)
	at ctdc.utilities.runtestcaseforKatalon.invokeMethod(runtestcaseforKatalon.groovy)
	at com.kms.katalon.core.main.CustomKeywordDelegatingMetaClass.invokeStaticMethod(CustomKeywordDelegatingMetaClass.java:50)
	at TC31_Canine_StudyUBC-AllBreeds_StageOfDisease.run(TC31_Canine_StudyUBC-AllBreeds_StageOfDisease:77)
	at com.kms.katalon.core.main.ScriptEngine.run(ScriptEngine.java:194)
	at com.kms.katalon.core.main.ScriptEngine.runScriptAsRawText(ScriptEngine.java:119)
	at com.kms.katalon.core.main.TestCaseExecutor.runScript(TestCaseExecutor.java:369)
	at com.kms.katalon.core.main.TestCaseExecutor.doExecute(TestCaseExecutor.java:360)
	at com.kms.katalon.core.main.TestCaseExecutor.processExecutionPhase(TestCaseExecutor.java:339)
	at com.kms.katalon.core.main.TestCaseExecutor.accessMainPhase(TestCaseExecutor.java:331)
	at com.kms.katalon.core.main.TestCaseExecutor.execute(TestCaseExecutor.java:248)
	at com.kms.katalon.core.main.TestSuiteExecutor.accessTestCaseMainPhase(TestSuiteExecutor.java:191)
	at com.kms.katalon.core.main.TestSuiteExecutor.accessTestSuiteMainPhase(TestSuiteExecutor.java:140)
	at com.kms.katalon.core.main.TestSuiteExecutor.execute(TestSuiteExecutor.java:89)
	at com.kms.katalon.core.main.TestCaseMain.startTestSuite(TestCaseMain.java:185)
	at com.kms.katalon.core.main.TestCaseMain$startTestSuite$0.call(Unknown Source)
	at TempTestSuite1626296935818.run(TempTestSuite1626296935818.groovy:39)]]></system-err>
      </testcase>
      <testcase name="Test Cases/Canine_TestCases/StudyCombinations/Study-Combinations-UBC01/TC32_Canine_StudyUBC-Breed_RespToTreatmt_Sex_NeutStatus" time="95.448" classname="Test Cases/Canine_TestCases/StudyCombinations/Study-Combinations-UBC01/TC32_Canine_StudyUBC-Breed_RespToTreatmt_Sex_NeutStatus" status="FAILED">
         <failure type="FAILED" message="Test Cases/Canine_TestCases/StudyCombinations/Study-Combinations-UBC01/TC32_Canine_StudyUBC-Breed_RespToTreatmt_Sex_NeutStatus FAILED.
Reason:
com.kms.katalon.core.exception.StepFailedException: Mismatch in Stat Bar Files count
	at com.kms.katalon.core.util.KeywordUtil.markFailed(KeywordUtil.java:19)
	at com.kms.katalon.core.util.KeywordUtil$markFailed$1.call(Unknown Source)
	at ctdc.utilities.runtestcaseforKatalon.validateStatBar(runtestcaseforKatalon.groovy:964)
	at ctdc.utilities.runtestcaseforKatalon.multiFunction(runtestcaseforKatalon.groovy:254)
	at ctdc.utilities.runtestcaseforKatalon.invokeMethod(runtestcaseforKatalon.groovy)
	at com.kms.katalon.core.main.CustomKeywordDelegatingMetaClass.invokeStaticMethod(CustomKeywordDelegatingMetaClass.java:50)
	at TC32_Canine_StudyUBC-Breed_RespToTreatmt_Sex_NeutStatus.run(TC32_Canine_StudyUBC-Breed_RespToTreatmt_Sex_NeutStatus:74)
	at com.kms.katalon.core.main.ScriptEngine.run(ScriptEngine.java:194)
	at com.kms.katalon.core.main.ScriptEngine.runScriptAsRawText(ScriptEngine.java:119)
	at com.kms.katalon.core.main.TestCaseExecutor.runScript(TestCaseExecutor.java:369)
	at com.kms.katalon.core.main.TestCaseExecutor.doExecute(TestCaseExecutor.java:360)
	at com.kms.katalon.core.main.TestCaseExecutor.processExecutionPhase(TestCaseExecutor.java:339)
	at com.kms.katalon.core.main.TestCaseExecutor.accessMainPhase(TestCaseExecutor.java:331)
	at com.kms.katalon.core.main.TestCaseExecutor.execute(TestCaseExecutor.java:248)
	at com.kms.katalon.core.main.TestSuiteExecutor.accessTestCaseMainPhase(TestSuiteExecutor.java:191)
	at com.kms.katalon.core.main.TestSuiteExecutor.accessTestSuiteMainPhase(TestSuiteExecutor.java:140)
	at com.kms.katalon.core.main.TestSuiteExecutor.execute(TestSuiteExecutor.java:89)
	at com.kms.katalon.core.main.TestCaseMain.startTestSuite(TestCaseMain.java:185)
	at com.kms.katalon.core.main.TestCaseMain$startTestSuite$0.call(Unknown Source)
	at TempTestSuite1626296935818.run(TempTestSuite1626296935818.groovy:39)
"/>
         <system-out><![CDATA[2021-07-14 17:48:53 - [TEST_CASE][FAILED] - Test Cases/Canine_TestCases/StudyCombinations/Study-Combinations-UBC01/TC32_Canine_StudyUBC-Breed_RespToTreatmt_Sex_NeutStatus: Test Cases/Canine_TestCases/StudyCombinations/Study-Combinations-UBC01/TC32_Canine_StudyUBC-Breed_RespToTreatmt_Sex_NeutStatus FAILED.
Reason:
com.kms.katalon.core.exception.StepFailedException: Mismatch in Stat Bar Files count
	at com.kms.katalon.core.util.KeywordUtil.markFailed(KeywordUtil.java:19)
	at com.kms.katalon.core.util.KeywordUtil$markFailed$1.call(Unknown Source)
	at ctdc.utilities.runtestcaseforKatalon.validateStatBar(runtestcaseforKatalon.groovy:964)
	at ctdc.utilities.runtestcaseforKatalon.multiFunction(runtestcaseforKatalon.groovy:254)
	at ctdc.utilities.runtestcaseforKatalon.invokeMethod(runtestcaseforKatalon.groovy)
	at com.kms.katalon.core.main.CustomKeywordDelegatingMetaClass.invokeStaticMethod(CustomKeywordDelegatingMetaClass.java:50)
	at TC32_Canine_StudyUBC-Breed_RespToTreatmt_Sex_NeutStatus.run(TC32_Canine_StudyUBC-Breed_RespToTreatmt_Sex_NeutStatus:74)
	at com.kms.katalon.core.main.ScriptEngine.run(ScriptEngine.java:194)
	at com.kms.katalon.core.main.ScriptEngine.runScriptAsRawText(ScriptEngine.java:119)
	at com.kms.katalon.core.main.TestCaseExecutor.runScript(TestCaseExecutor.java:369)
	at com.kms.katalon.core.main.TestCaseExecutor.doExecute(TestCaseExecutor.java:360)
	at com.kms.katalon.core.main.TestCaseExecutor.processExecutionPhase(TestCaseExecutor.java:339)
	at com.kms.katalon.core.main.TestCaseExecutor.accessMainPhase(TestCaseExecutor.java:331)
	at com.kms.katalon.core.main.TestCaseExecutor.execute(TestCaseExecutor.java:248)
	at com.kms.katalon.core.main.TestSuiteExecutor.accessTestCaseMainPhase(TestSuiteExecutor.java:191)
	at com.kms.katalon.core.main.TestSuiteExecutor.accessTestSuiteMainPhase(TestSuiteExecutor.java:140)
	at com.kms.katalon.core.main.TestSuiteExecutor.execute(TestSuiteExecutor.java:89)
	at com.kms.katalon.core.main.TestCaseMain.startTestSuite(TestCaseMain.java:185)
	at com.kms.katalon.core.main.TestCaseMain$startTestSuite$0.call(Unknown Source)
	at TempTestSuite1626296935818.run(TempTestSuite1626296935818.groovy:39)


2021-07-14 17:48:53 - [TEST_STEP][PASSED] - Start listener action : getTestScriptName: null

2021-07-14 17:48:53 - [TEST_STEP][PASSED] - TestCaseId = testCaseContext.getTestCaseId(): null

2021-07-14 17:48:53 - [TEST_STEP][PASSED] - out.println("**********this is the value of test case id string******** " + testCaseContext.getTestCaseId()): null

2021-07-14 17:48:53 - [TEST_STEP][PASSED] - G_currentTCName = TestCaseId.substring(TestCaseId.lastIndexOf("TC")): null

2021-07-14 17:48:53 - [TEST_STEP][PASSED] - out.println("This is the test case name : " + G_currentTCName): null

2021-07-14 17:48:54 - [TEST_STEP][PASSED] - openBrowser(""): Browser is opened with url: ''

2021-07-14 17:48:54 - [MESSAGE][WARNING] - A browser is already opened. Closing browser and opening a new one

2021-07-14 17:48:55 - [MESSAGE][INFO] - Starting 'Chrome (headless)' driver

2021-07-14 17:48:55 - [MESSAGE][INFO] - User set preference: ['args', '[--no-sandbox]']

2021-07-14 17:48:55 - [MESSAGE][INFO] - Action delay is set to 0 milliseconds

2021-07-14 17:48:57 - [MESSAGE][PASSED] - Browser is opened with url: ''

2021-07-14 17:48:57 - [TEST_STEP][PASSED] - maximizeWindow(): Current window maximized

2021-07-14 17:48:57 - [MESSAGE][PASSED] - Current window maximized

2021-07-14 17:48:57 - [TEST_STEP][PASSED] - "Driver opened by Katalon is used in Selenium from this step.": null

2021-07-14 17:48:57 - [TEST_STEP][PASSED] - ctdc.utilities.runtestcaseforKatalon.RunKatalon("TC32_Canine_StudyUBC-Breed_RespToTreatmt_Sex_NeutStatus.xlsx"): Data loaded from input file for the test case. 

2021-07-14 17:48:57 - [MESSAGE][PASSED] - Test case file loaded This is the full filepath after converting to string :C:\Automation_master\InputFiles\TC32_Canine_StudyUBC-Breed_RespToTreatmt_Sex_NeutStatus.xlsx

2021-07-14 17:48:57 - [MESSAGE][INFO] - Global variable set for password file is :  C:\Automation_master\InputFiles\TC32_Canine_StudyUBC-Breed_RespToTreatmt_Sex_NeutStatus.xlsx

2021-07-14 17:49:01 - [MESSAGE][PASSED] - Data loaded from input file for the test case. 

2021-07-14 17:49:10 - [TEST_STEP][PASSED] - waitForElementPresent(findTestObject("Canine/NavBar/Canine_Cases_Btn"), 10): Object 'Object Repository/Canine/NavBar/Canine_Cases_Btn' is present

2021-07-14 17:49:10 - [MESSAGE][PASSED] - Object 'Object Repository/Canine/NavBar/Canine_Cases_Btn' is present

2021-07-14 17:49:10 - [TEST_STEP][PASSED] - ctdc.utilities.runtestcaseforKatalon.clickTab("Canine/NavBar/Canine_Cases_Btn"): ctdc.utilities.runtestcaseforKatalon.clickTab is PASSED

2021-07-14 17:49:10 - [MESSAGE][PASSED] - ctdc.utilities.runtestcaseforKatalon.clickTab is PASSED

2021-07-14 17:49:10 - [TEST_STEP][PASSED] - waitForElementPresent(findTestObject("Object Repository/Canine/Filter/FilterByCases_Facet"), 10): Object 'Object Repository/Canine/Filter/FilterByCases_Facet' is present

2021-07-14 17:49:12 - [MESSAGE][PASSED] - Object 'Object Repository/Canine/Filter/FilterByCases_Facet' is present

2021-07-14 17:49:12 - [TEST_STEP][PASSED] - ctdc.utilities.runtestcaseforKatalon.clickTab("Object Repository/Canine/Filter/FilterByCases_Facet"): ctdc.utilities.runtestcaseforKatalon.clickTab is PASSED

2021-07-14 17:49:13 - [MESSAGE][PASSED] - ctdc.utilities.runtestcaseforKatalon.clickTab is PASSED

2021-07-14 17:49:13 - [TEST_STEP][PASSED] - waitForElementPresent(findTestObject("Object Repository/Canine/Filter/Study/Canine_Filter_Study"), 10): Object 'Object Repository/Canine/Filter/Study/Canine_Filter_Study' is present

2021-07-14 17:49:13 - [MESSAGE][PASSED] - Object 'Object Repository/Canine/Filter/Study/Canine_Filter_Study' is present

2021-07-14 17:49:13 - [TEST_STEP][PASSED] - ctdc.utilities.runtestcaseforKatalon.clickTab("Object Repository/Canine/Filter/Study/Canine_Filter_Study"): ctdc.utilities.runtestcaseforKatalon.clickTab is PASSED

2021-07-14 17:49:13 - [MESSAGE][PASSED] - ctdc.utilities.runtestcaseforKatalon.clickTab is PASSED

2021-07-14 17:49:13 - [TEST_STEP][PASSED] - waitForElementPresent(findTestObject("Object Repository/Canine/Filter/Study/Canine_Filter_Study-UBC_Chkbx"), 10): Object 'Object Repository/Canine/Filter/Study/Canine_Filter_Study-UBC_Chkbx' is present

2021-07-14 17:49:14 - [MESSAGE][PASSED] - Object 'Object Repository/Canine/Filter/Study/Canine_Filter_Study-UBC_Chkbx' is present

2021-07-14 17:49:14 - [TEST_STEP][PASSED] - ctdc.utilities.runtestcaseforKatalon.clickTab("Object Repository/Canine/Filter/Study/Canine_Filter_Study-UBC_Chkbx"): ctdc.utilities.runtestcaseforKatalon.clickTab is PASSED

2021-07-14 17:49:14 - [MESSAGE][PASSED] - ctdc.utilities.runtestcaseforKatalon.clickTab is PASSED

2021-07-14 17:49:14 - [TEST_STEP][PASSED] - Thread.sleep(2000): null

2021-07-14 17:49:16 - [TEST_STEP][PASSED] - waitForElementPresent(findTestObject("Object Repository/Canine/Filter/NeuteredStatus/NEUTEREDSTATUS_Ddn"), 10): Object 'Object Repository/Canine/Filter/NeuteredStatus/NEUTEREDSTATUS_Ddn' is present

2021-07-14 17:49:16 - [MESSAGE][PASSED] - Object 'Object Repository/Canine/Filter/NeuteredStatus/NEUTEREDSTATUS_Ddn' is present

2021-07-14 17:49:16 - [TEST_STEP][PASSED] - ctdc.utilities.runtestcaseforKatalon.clickTab("Object Repository/Canine/Filter/NeuteredStatus/NEUTEREDSTATUS_Ddn"): ctdc.utilities.runtestcaseforKatalon.clickTab is PASSED

2021-07-14 17:49:17 - [MESSAGE][PASSED] - ctdc.utilities.runtestcaseforKatalon.clickTab is PASSED

2021-07-14 17:49:17 - [TEST_STEP][PASSED] - waitForElementPresent(findTestObject("Object Repository/Canine/Filter/NeuteredStatus/No_Chkbx"), 10): Object 'Object Repository/Canine/Filter/NeuteredStatus/No_Chkbx' is present

2021-07-14 17:49:17 - [MESSAGE][PASSED] - Object 'Object Repository/Canine/Filter/NeuteredStatus/No_Chkbx' is present

2021-07-14 17:49:17 - [TEST_STEP][PASSED] - ctdc.utilities.runtestcaseforKatalon.clickTab("Object Repository/Canine/Filter/NeuteredStatus/No_Chkbx"): ctdc.utilities.runtestcaseforKatalon.clickTab is PASSED

2021-07-14 17:49:17 - [MESSAGE][PASSED] - ctdc.utilities.runtestcaseforKatalon.clickTab is PASSED

2021-07-14 17:49:17 - [TEST_STEP][PASSED] - ctdc.utilities.runtestcaseforKatalon.clickTab("Object Repository/Canine/Filter/NeuteredStatus/NEUTEREDSTATUS_Ddn"): ctdc.utilities.runtestcaseforKatalon.clickTab is PASSED

2021-07-14 17:49:17 - [MESSAGE][PASSED] - ctdc.utilities.runtestcaseforKatalon.clickTab is PASSED

2021-07-14 17:49:17 - [TEST_STEP][PASSED] - ctdc.utilities.runtestcaseforKatalon.readStatBarCanine("Object Repository/Canine/StatBar/Canine_StatBar-Studies", "Object Repository/Canine/StatBar/Canine_StatBar-Cases", "Object Repository/Canine/StatBar/Canine_StatBar-Samples", "Object Repository/Canine/StatBar/Canine_StatBar-Files", "Object Repository/Canine/StatBar/Canine_StatBar-Aliquots"): ctdc.utilities.runtestcaseforKatalon.readStatBarCanine is PASSED

2021-07-14 17:49:33 - [MESSAGE][PASSED] - ctdc.utilities.runtestcaseforKatalon.readStatBarCanine is PASSED

2021-07-14 17:49:33 - [TEST_STEP][PASSED] - findTestObject("Object Repository/Canine/Filter/NeuteredStatus/NEUTEREDSTATUS_Ddn"): null

2021-07-14 17:49:33 - [TEST_STEP][PASSED] - waitForElementPresent(findTestObject("Object Repository/Canine/CanineResults_Cases_Tab"), 5): Object 'Object Repository/Canine/CanineResults_Cases_Tab' is present

2021-07-14 17:49:33 - [MESSAGE][PASSED] - Object 'Object Repository/Canine/CanineResults_Cases_Tab' is present

2021-07-14 17:49:33 - [TEST_STEP][PASSED] - ctdc.utilities.runtestcaseforKatalon.clickTab("Object Repository/Canine/CanineResults_Cases_Tab"): ctdc.utilities.runtestcaseforKatalon.clickTab is PASSED

2021-07-14 17:49:34 - [MESSAGE][PASSED] - ctdc.utilities.runtestcaseforKatalon.clickTab is PASSED

2021-07-14 17:49:34 - [TEST_STEP][FAILED] - ctdc.utilities.runtestcaseforKatalon.multiFunction("ICDC", G_StatBar_Cases, "Object Repository/Canine/Canine_CasesTable", "Object Repository/Canine/Canine_TableHeader", "Object Repository/Canine/Canine_CasesTabNextBtn", G_WebTabnameCases, G_CypherTabnameCases, G_QueryCasesTab): com.kms.katalon.core.exception.StepFailedException: Mismatch in Stat Bar Files count

2021-07-14 17:49:49 - [MESSAGE][FAILED] - Mismatch in Stat Bar Files count

2021-07-14 17:49:49 - [MESSAGE][FAILED] - Mismatch in Stat Bar Samples count

2021-07-14 17:49:49 - [MESSAGE][FAILED] - Mismatch in Stat Bar Cases count

2021-07-14 17:49:49 - [MESSAGE][PASSED] - Statbar Arms count matches

2021-07-14 17:49:49 - [MESSAGE][FAILED] - com.kms.katalon.core.exception.StepFailedException: Mismatch in Stat Bar Files count

2021-07-14 17:49:49 - [TEST_STEP][PASSED] - waitForElementPresent(findTestObject("Object Repository/Canine/CanineResults_Samples_Tab"), 5): Object 'Object Repository/Canine/CanineResults_Samples_Tab' is present

2021-07-14 17:49:49 - [MESSAGE][PASSED] - Object 'Object Repository/Canine/CanineResults_Samples_Tab' is present

2021-07-14 17:49:49 - [TEST_STEP][PASSED] - ctdc.utilities.runtestcaseforKatalon.clickTab("Object Repository/Canine/CanineResults_Samples_Tab"): ctdc.utilities.runtestcaseforKatalon.clickTab is PASSED

2021-07-14 17:49:50 - [MESSAGE][PASSED] - ctdc.utilities.runtestcaseforKatalon.clickTab is PASSED

2021-07-14 17:49:50 - [TEST_STEP][FAILED] - ctdc.utilities.runtestcaseforKatalon.multiFunction("ICDC", G_StatBar_Samples, "Object Repository/Canine/Canine_Samples_Table", "Object Repository/Canine/Canine_Samples_TableHdr", "Object Repository/Canine/Canine_SamplesTabNextBtn", G_WebTabnameSamples, G_CypherTabnameSamples, G_QuerySamplesTab): com.kms.katalon.core.exception.StepFailedException: Mismatch in Stat Bar Files count

2021-07-14 17:50:07 - [MESSAGE][FAILED] - Mismatch in Stat Bar Files count

2021-07-14 17:50:07 - [MESSAGE][FAILED] - Mismatch in Stat Bar Samples count

2021-07-14 17:50:07 - [MESSAGE][FAILED] - Mismatch in Stat Bar Cases count

2021-07-14 17:50:07 - [MESSAGE][PASSED] - Statbar Arms count matches

2021-07-14 17:50:07 - [MESSAGE][FAILED] - com.kms.katalon.core.exception.StepFailedException: Mismatch in Stat Bar Files count

2021-07-14 17:50:07 - [TEST_STEP][PASSED] - waitForElementPresent(findTestObject("Object Repository/Canine/CanineResults_Files_Tab"), 5): Object 'Object Repository/Canine/CanineResults_Files_Tab' is present

2021-07-14 17:50:08 - [MESSAGE][PASSED] - Object 'Object Repository/Canine/CanineResults_Files_Tab' is present

2021-07-14 17:50:08 - [TEST_STEP][PASSED] - ctdc.utilities.runtestcaseforKatalon.clickTab("Object Repository/Canine/CanineResults_Files_Tab"): ctdc.utilities.runtestcaseforKatalon.clickTab is PASSED

2021-07-14 17:50:08 - [MESSAGE][PASSED] - ctdc.utilities.runtestcaseforKatalon.clickTab is PASSED

2021-07-14 17:50:08 - [TEST_STEP][FAILED] - ctdc.utilities.runtestcaseforKatalon.multiFunction("ICDC", G_StatBar_Files, "Object Repository/Canine/Canine_Files_Table", "Object Repository/Canine/Canine_Files_TableHdr", "Object Repository/Canine/Canine_FilesTabNextBtn", G_WebTabnameFiles, G_CypherTabnameFiles, G_QueryFilesTab): com.kms.katalon.core.exception.StepFailedException: Mismatch in Stat Bar Files count

2021-07-14 17:50:27 - [MESSAGE][FAILED] - Mismatch in Stat Bar Files count

2021-07-14 17:50:27 - [MESSAGE][FAILED] - Mismatch in Stat Bar Samples count

2021-07-14 17:50:27 - [MESSAGE][FAILED] - Mismatch in Stat Bar Cases count

2021-07-14 17:50:27 - [MESSAGE][PASSED] - Statbar Arms count matches

2021-07-14 17:50:27 - [MESSAGE][FAILED] - com.kms.katalon.core.exception.StepFailedException: Mismatch in Stat Bar Files count

2021-07-14 17:50:27 - [TEST_STEP][PASSED] - closeBrowser(): Browser is closed

2021-07-14 17:50:28 - [MESSAGE][PASSED] - Browser is closed]]></system-out>
         <system-err><![CDATA[2021-07-14 17:48:53 - [TEST_CASE][FAILED] - Test Cases/Canine_TestCases/StudyCombinations/Study-Combinations-UBC01/TC32_Canine_StudyUBC-Breed_RespToTreatmt_Sex_NeutStatus: Test Cases/Canine_TestCases/StudyCombinations/Study-Combinations-UBC01/TC32_Canine_StudyUBC-Breed_RespToTreatmt_Sex_NeutStatus FAILED.
Reason:
com.kms.katalon.core.exception.StepFailedException: Mismatch in Stat Bar Files count
	at com.kms.katalon.core.util.KeywordUtil.markFailed(KeywordUtil.java:19)
	at com.kms.katalon.core.util.KeywordUtil$markFailed$1.call(Unknown Source)
	at ctdc.utilities.runtestcaseforKatalon.validateStatBar(runtestcaseforKatalon.groovy:964)
	at ctdc.utilities.runtestcaseforKatalon.multiFunction(runtestcaseforKatalon.groovy:254)
	at ctdc.utilities.runtestcaseforKatalon.invokeMethod(runtestcaseforKatalon.groovy)
	at com.kms.katalon.core.main.CustomKeywordDelegatingMetaClass.invokeStaticMethod(CustomKeywordDelegatingMetaClass.java:50)
	at TC32_Canine_StudyUBC-Breed_RespToTreatmt_Sex_NeutStatus.run(TC32_Canine_StudyUBC-Breed_RespToTreatmt_Sex_NeutStatus:74)
	at com.kms.katalon.core.main.ScriptEngine.run(ScriptEngine.java:194)
	at com.kms.katalon.core.main.ScriptEngine.runScriptAsRawText(ScriptEngine.java:119)
	at com.kms.katalon.core.main.TestCaseExecutor.runScript(TestCaseExecutor.java:369)
	at com.kms.katalon.core.main.TestCaseExecutor.doExecute(TestCaseExecutor.java:360)
	at com.kms.katalon.core.main.TestCaseExecutor.processExecutionPhase(TestCaseExecutor.java:339)
	at com.kms.katalon.core.main.TestCaseExecutor.accessMainPhase(TestCaseExecutor.java:331)
	at com.kms.katalon.core.main.TestCaseExecutor.execute(TestCaseExecutor.java:248)
	at com.kms.katalon.core.main.TestSuiteExecutor.accessTestCaseMainPhase(TestSuiteExecutor.java:191)
	at com.kms.katalon.core.main.TestSuiteExecutor.accessTestSuiteMainPhase(TestSuiteExecutor.java:140)
	at com.kms.katalon.core.main.TestSuiteExecutor.execute(TestSuiteExecutor.java:89)
	at com.kms.katalon.core.main.TestCaseMain.startTestSuite(TestCaseMain.java:185)
	at com.kms.katalon.core.main.TestCaseMain$startTestSuite$0.call(Unknown Source)
	at TempTestSuite1626296935818.run(TempTestSuite1626296935818.groovy:39)]]></system-err>
      </testcase>
      <testcase name="Test Cases/Canine_TestCases/StudyCombinations/Study-Combinations-UBC01/TC33_Canine_StudyUBC-Breed_RespToTreatmt_Sex_NeutStatus" time="132.339" classname="Test Cases/Canine_TestCases/StudyCombinations/Study-Combinations-UBC01/TC33_Canine_StudyUBC-Breed_RespToTreatmt_Sex_NeutStatus" status="ERROR">
         <error type="ERROR" message="Test Cases/Canine_TestCases/StudyCombinations/Study-Combinations-UBC01/TC33_Canine_StudyUBC-Breed_RespToTreatmt_Sex_NeutStatus FAILED.
Reason:
org.openqa.selenium.NoSuchElementException: no such element: Unable to locate element: {&quot;method&quot;:&quot;xpath&quot;,&quot;selector&quot;:&quot;//*[@id=&quot;case_tab_table&quot;]//tbody/tr[5]/*[2]/*[2]&quot;}
  (Session info: headless chrome=91.0.4472.124)
For documentation on this error, please visit: https://www.seleniumhq.org/exceptions/no_such_element.html
Build info: version: '3.141.59', revision: 'e82be7d358', time: '2018-11-14T08:25:53'
System info: host: 'NCI-02158064-L', ip: '10.242.15.121', os.name: 'Windows 10', os.arch: 'amd64', os.version: '10.0', java.version: '1.8.0_181'
Driver info: org.openqa.selenium.chrome.ChromeDriver
Capabilities {acceptInsecureCerts: false, browserName: chrome, browserVersion: 91.0.4472.124, chrome: {chromedriverVersion: 90.0.4430.24 (4c6d850f087da..., userDataDir: C:\Users\lollal\AppData\Loc...}, goog:chromeOptions: {debuggerAddress: localhost:62575}, javascriptEnabled: true, networkConnectionEnabled: false, pageLoadStrategy: normal, platform: WINDOWS, platformName: WINDOWS, proxy: Proxy(), setWindowRect: true, strictFileInteractability: false, timeouts: {implicit: 0, pageLoad: 300000, script: 30000}, unhandledPromptBehavior: dismiss and notify, webauthn:extension:largeBlob: true, webauthn:virtualAuthenticators: true}
Session ID: 5f4b93ea91f1cfe4d5a5532b1b30eecc
*** Element info: {Using=xpath, value=//*[@id=&quot;case_tab_table&quot;]//tbody/tr[5]/*[2]/*[2]}
	at org.openqa.selenium.remote.http.W3CHttpResponseCodec.createException(W3CHttpResponseCodec.java:187)
	at org.openqa.selenium.remote.http.W3CHttpResponseCodec.decode(W3CHttpResponseCodec.java:122)
	at org.openqa.selenium.remote.http.W3CHttpResponseCodec.decode(W3CHttpResponseCodec.java:49)
	at org.openqa.selenium.remote.HttpCommandExecutor.execute(HttpCommandExecutor.java:158)
	at org.openqa.selenium.remote.service.DriverCommandExecutor.execute(DriverCommandExecutor.java:83)
	at org.openqa.selenium.remote.RemoteWebDriver.execute(RemoteWebDriver.java:552)
	at org.openqa.selenium.remote.RemoteWebDriver.findElement(RemoteWebDriver.java:323)
	at org.openqa.selenium.remote.RemoteWebDriver.findElementByXPath(RemoteWebDriver.java:428)
	at org.openqa.selenium.By$ByXPath.findElement(By.java:353)
	at org.openqa.selenium.remote.RemoteWebDriver.findElement(RemoteWebDriver.java:315)
	at org.openqa.selenium.WebDriver$findElement$1.call(Unknown Source)
	at ctdc.utilities.runtestcaseforKatalon.ReadCasesTableKatalon(runtestcaseforKatalon.groovy:488)
	at ctdc.utilities.runtestcaseforKatalon.multiFunction(runtestcaseforKatalon.groovy:251)
	at ctdc.utilities.runtestcaseforKatalon.invokeMethod(runtestcaseforKatalon.groovy)
	at com.kms.katalon.core.main.CustomKeywordDelegatingMetaClass.invokeStaticMethod(CustomKeywordDelegatingMetaClass.java:50)
	at TC33_Canine_StudyUBC-Breed_RespToTreatmt_Sex_NeutStatus.run(TC33_Canine_StudyUBC-Breed_RespToTreatmt_Sex_NeutStatus:74)
	at com.kms.katalon.core.main.ScriptEngine.run(ScriptEngine.java:194)
	at com.kms.katalon.core.main.ScriptEngine.runScriptAsRawText(ScriptEngine.java:119)
	at com.kms.katalon.core.main.TestCaseExecutor.runScript(TestCaseExecutor.java:369)
	at com.kms.katalon.core.main.TestCaseExecutor.doExecute(TestCaseExecutor.java:360)
	at com.kms.katalon.core.main.TestCaseExecutor.processExecutionPhase(TestCaseExecutor.java:339)
	at com.kms.katalon.core.main.TestCaseExecutor.accessMainPhase(TestCaseExecutor.java:331)
	at com.kms.katalon.core.main.TestCaseExecutor.execute(TestCaseExecutor.java:248)
	at com.kms.katalon.core.main.TestSuiteExecutor.accessTestCaseMainPhase(TestSuiteExecutor.java:191)
	at com.kms.katalon.core.main.TestSuiteExecutor.accessTestSuiteMainPhase(TestSuiteExecutor.java:140)
	at com.kms.katalon.core.main.TestSuiteExecutor.execute(TestSuiteExecutor.java:89)
	at com.kms.katalon.core.main.TestCaseMain.startTestSuite(TestCaseMain.java:185)
	at com.kms.katalon.core.main.TestCaseMain$startTestSuite$0.call(Unknown Source)
	at TempTestSuite1626296935818.run(TempTestSuite1626296935818.groovy:39)
"/>
         <system-out><![CDATA[2021-07-14 17:50:28 - [TEST_CASE][ERROR] - Test Cases/Canine_TestCases/StudyCombinations/Study-Combinations-UBC01/TC33_Canine_StudyUBC-Breed_RespToTreatmt_Sex_NeutStatus: Test Cases/Canine_TestCases/StudyCombinations/Study-Combinations-UBC01/TC33_Canine_StudyUBC-Breed_RespToTreatmt_Sex_NeutStatus FAILED.
Reason:
org.openqa.selenium.NoSuchElementException: no such element: Unable to locate element: {"method":"xpath","selector":"//*[@id="case_tab_table"]//tbody/tr[5]/*[2]/*[2]"}
  (Session info: headless chrome=91.0.4472.124)
For documentation on this error, please visit: https://www.seleniumhq.org/exceptions/no_such_element.html
Build info: version: '3.141.59', revision: 'e82be7d358', time: '2018-11-14T08:25:53'
System info: host: 'NCI-02158064-L', ip: '10.242.15.121', os.name: 'Windows 10', os.arch: 'amd64', os.version: '10.0', java.version: '1.8.0_181'
Driver info: org.openqa.selenium.chrome.ChromeDriver
Capabilities {acceptInsecureCerts: false, browserName: chrome, browserVersion: 91.0.4472.124, chrome: {chromedriverVersion: 90.0.4430.24 (4c6d850f087da..., userDataDir: C:\Users\lollal\AppData\Loc...}, goog:chromeOptions: {debuggerAddress: localhost:62575}, javascriptEnabled: true, networkConnectionEnabled: false, pageLoadStrategy: normal, platform: WINDOWS, platformName: WINDOWS, proxy: Proxy(), setWindowRect: true, strictFileInteractability: false, timeouts: {implicit: 0, pageLoad: 300000, script: 30000}, unhandledPromptBehavior: dismiss and notify, webauthn:extension:largeBlob: true, webauthn:virtualAuthenticators: true}
Session ID: 5f4b93ea91f1cfe4d5a5532b1b30eecc
*** Element info: {Using=xpath, value=//*[@id="case_tab_table"]//tbody/tr[5]/*[2]/*[2]}
	at org.openqa.selenium.remote.http.W3CHttpResponseCodec.createException(W3CHttpResponseCodec.java:187)
	at org.openqa.selenium.remote.http.W3CHttpResponseCodec.decode(W3CHttpResponseCodec.java:122)
	at org.openqa.selenium.remote.http.W3CHttpResponseCodec.decode(W3CHttpResponseCodec.java:49)
	at org.openqa.selenium.remote.HttpCommandExecutor.execute(HttpCommandExecutor.java:158)
	at org.openqa.selenium.remote.service.DriverCommandExecutor.execute(DriverCommandExecutor.java:83)
	at org.openqa.selenium.remote.RemoteWebDriver.execute(RemoteWebDriver.java:552)
	at org.openqa.selenium.remote.RemoteWebDriver.findElement(RemoteWebDriver.java:323)
	at org.openqa.selenium.remote.RemoteWebDriver.findElementByXPath(RemoteWebDriver.java:428)
	at org.openqa.selenium.By$ByXPath.findElement(By.java:353)
	at org.openqa.selenium.remote.RemoteWebDriver.findElement(RemoteWebDriver.java:315)
	at org.openqa.selenium.WebDriver$findElement$1.call(Unknown Source)
	at ctdc.utilities.runtestcaseforKatalon.ReadCasesTableKatalon(runtestcaseforKatalon.groovy:488)
	at ctdc.utilities.runtestcaseforKatalon.multiFunction(runtestcaseforKatalon.groovy:251)
	at ctdc.utilities.runtestcaseforKatalon.invokeMethod(runtestcaseforKatalon.groovy)
	at com.kms.katalon.core.main.CustomKeywordDelegatingMetaClass.invokeStaticMethod(CustomKeywordDelegatingMetaClass.java:50)
	at TC33_Canine_StudyUBC-Breed_RespToTreatmt_Sex_NeutStatus.run(TC33_Canine_StudyUBC-Breed_RespToTreatmt_Sex_NeutStatus:74)
	at com.kms.katalon.core.main.ScriptEngine.run(ScriptEngine.java:194)
	at com.kms.katalon.core.main.ScriptEngine.runScriptAsRawText(ScriptEngine.java:119)
	at com.kms.katalon.core.main.TestCaseExecutor.runScript(TestCaseExecutor.java:369)
	at com.kms.katalon.core.main.TestCaseExecutor.doExecute(TestCaseExecutor.java:360)
	at com.kms.katalon.core.main.TestCaseExecutor.processExecutionPhase(TestCaseExecutor.java:339)
	at com.kms.katalon.core.main.TestCaseExecutor.accessMainPhase(TestCaseExecutor.java:331)
	at com.kms.katalon.core.main.TestCaseExecutor.execute(TestCaseExecutor.java:248)
	at com.kms.katalon.core.main.TestSuiteExecutor.accessTestCaseMainPhase(TestSuiteExecutor.java:191)
	at com.kms.katalon.core.main.TestSuiteExecutor.accessTestSuiteMainPhase(TestSuiteExecutor.java:140)
	at com.kms.katalon.core.main.TestSuiteExecutor.execute(TestSuiteExecutor.java:89)
	at com.kms.katalon.core.main.TestCaseMain.startTestSuite(TestCaseMain.java:185)
	at com.kms.katalon.core.main.TestCaseMain$startTestSuite$0.call(Unknown Source)
	at TempTestSuite1626296935818.run(TempTestSuite1626296935818.groovy:39)


2021-07-14 17:50:28 - [TEST_STEP][PASSED] - Start listener action : getTestScriptName: null

2021-07-14 17:50:28 - [TEST_STEP][PASSED] - TestCaseId = testCaseContext.getTestCaseId(): null

2021-07-14 17:50:28 - [TEST_STEP][PASSED] - out.println("**********this is the value of test case id string******** " + testCaseContext.getTestCaseId()): null

2021-07-14 17:50:28 - [TEST_STEP][PASSED] - G_currentTCName = TestCaseId.substring(TestCaseId.lastIndexOf("TC")): null

2021-07-14 17:50:28 - [TEST_STEP][PASSED] - out.println("This is the test case name : " + G_currentTCName): null

2021-07-14 17:50:29 - [TEST_STEP][PASSED] - openBrowser(""): Browser is opened with url: ''

2021-07-14 17:50:29 - [MESSAGE][INFO] - Starting 'Chrome (headless)' driver

2021-07-14 17:50:29 - [MESSAGE][INFO] - User set preference: ['args', '[--no-sandbox]']

2021-07-14 17:50:29 - [MESSAGE][INFO] - Action delay is set to 0 milliseconds

2021-07-14 17:50:31 - [MESSAGE][PASSED] - Browser is opened with url: ''

2021-07-14 17:50:31 - [TEST_STEP][PASSED] - maximizeWindow(): Current window maximized

2021-07-14 17:50:31 - [MESSAGE][PASSED] - Current window maximized

2021-07-14 17:50:31 - [TEST_STEP][PASSED] - "Driver opened by Katalon is used in Selenium from this step.": null

2021-07-14 17:50:31 - [TEST_STEP][PASSED] - ctdc.utilities.runtestcaseforKatalon.RunKatalon("TC33_Canine_StudyUBC-Breed_RespToTreatmt_Sex_NeutStatus.xlsx"): Data loaded from input file for the test case. 

2021-07-14 17:50:31 - [MESSAGE][PASSED] - Test case file loaded This is the full filepath after converting to string :C:\Automation_master\InputFiles\TC33_Canine_StudyUBC-Breed_RespToTreatmt_Sex_NeutStatus.xlsx

2021-07-14 17:50:31 - [MESSAGE][INFO] - Global variable set for password file is :  C:\Automation_master\InputFiles\TC33_Canine_StudyUBC-Breed_RespToTreatmt_Sex_NeutStatus.xlsx

2021-07-14 17:50:35 - [MESSAGE][PASSED] - Data loaded from input file for the test case. 

2021-07-14 17:50:44 - [TEST_STEP][PASSED] - waitForElementPresent(findTestObject("Canine/NavBar/Canine_Cases_Btn"), 10): Object 'Object Repository/Canine/NavBar/Canine_Cases_Btn' is present

2021-07-14 17:50:44 - [MESSAGE][PASSED] - Object 'Object Repository/Canine/NavBar/Canine_Cases_Btn' is present

2021-07-14 17:50:44 - [TEST_STEP][PASSED] - ctdc.utilities.runtestcaseforKatalon.clickTab("Canine/NavBar/Canine_Cases_Btn"): ctdc.utilities.runtestcaseforKatalon.clickTab is PASSED

2021-07-14 17:50:44 - [MESSAGE][PASSED] - ctdc.utilities.runtestcaseforKatalon.clickTab is PASSED

2021-07-14 17:50:44 - [TEST_STEP][PASSED] - waitForElementPresent(findTestObject("Object Repository/Canine/Filter/FilterByCases_Facet"), 10): Object 'Object Repository/Canine/Filter/FilterByCases_Facet' is present

2021-07-14 17:50:46 - [MESSAGE][PASSED] - Object 'Object Repository/Canine/Filter/FilterByCases_Facet' is present

2021-07-14 17:50:46 - [TEST_STEP][PASSED] - ctdc.utilities.runtestcaseforKatalon.clickTab("Object Repository/Canine/Filter/FilterByCases_Facet"): ctdc.utilities.runtestcaseforKatalon.clickTab is PASSED

2021-07-14 17:50:47 - [MESSAGE][PASSED] - ctdc.utilities.runtestcaseforKatalon.clickTab is PASSED

2021-07-14 17:50:47 - [TEST_STEP][PASSED] - waitForElementPresent(findTestObject("Object Repository/Canine/Filter/Study/Canine_Filter_Study"), 10): Object 'Object Repository/Canine/Filter/Study/Canine_Filter_Study' is present

2021-07-14 17:50:48 - [MESSAGE][PASSED] - Object 'Object Repository/Canine/Filter/Study/Canine_Filter_Study' is present

2021-07-14 17:50:48 - [TEST_STEP][PASSED] - ctdc.utilities.runtestcaseforKatalon.clickTab("Object Repository/Canine/Filter/Study/Canine_Filter_Study"): ctdc.utilities.runtestcaseforKatalon.clickTab is PASSED

2021-07-14 17:50:48 - [MESSAGE][PASSED] - ctdc.utilities.runtestcaseforKatalon.clickTab is PASSED

2021-07-14 17:50:48 - [TEST_STEP][PASSED] - waitForElementPresent(findTestObject("Object Repository/Canine/Filter/Study/Canine_Filter_Study-UBC_Chkbx"), 10): Object 'Object Repository/Canine/Filter/Study/Canine_Filter_Study-UBC_Chkbx' is present

2021-07-14 17:50:48 - [MESSAGE][PASSED] - Object 'Object Repository/Canine/Filter/Study/Canine_Filter_Study-UBC_Chkbx' is present

2021-07-14 17:50:48 - [TEST_STEP][PASSED] - ctdc.utilities.runtestcaseforKatalon.clickTab("Object Repository/Canine/Filter/Study/Canine_Filter_Study-UBC_Chkbx"): ctdc.utilities.runtestcaseforKatalon.clickTab is PASSED

2021-07-14 17:50:48 - [MESSAGE][PASSED] - ctdc.utilities.runtestcaseforKatalon.clickTab is PASSED

2021-07-14 17:50:48 - [TEST_STEP][PASSED] - Thread.sleep(2000): null

2021-07-14 17:50:50 - [TEST_STEP][PASSED] - waitForElementPresent(findTestObject("Object Repository/Canine/Filter/NeuteredStatus/NEUTEREDSTATUS_Ddn"), 10): Object 'Object Repository/Canine/Filter/NeuteredStatus/NEUTEREDSTATUS_Ddn' is present

2021-07-14 17:50:51 - [MESSAGE][PASSED] - Object 'Object Repository/Canine/Filter/NeuteredStatus/NEUTEREDSTATUS_Ddn' is present

2021-07-14 17:50:51 - [TEST_STEP][PASSED] - ctdc.utilities.runtestcaseforKatalon.clickTab("Object Repository/Canine/Filter/NeuteredStatus/NEUTEREDSTATUS_Ddn"): ctdc.utilities.runtestcaseforKatalon.clickTab is PASSED

2021-07-14 17:50:51 - [MESSAGE][PASSED] - ctdc.utilities.runtestcaseforKatalon.clickTab is PASSED

2021-07-14 17:50:51 - [TEST_STEP][PASSED] - waitForElementPresent(findTestObject("Object Repository/Canine/Filter/NeuteredStatus/Yes_Chkbx"), 10): Object 'Object Repository/Canine/Filter/NeuteredStatus/Yes_Chkbx' is present

2021-07-14 17:50:51 - [MESSAGE][PASSED] - Object 'Object Repository/Canine/Filter/NeuteredStatus/Yes_Chkbx' is present

2021-07-14 17:50:51 - [TEST_STEP][PASSED] - ctdc.utilities.runtestcaseforKatalon.clickTab("Object Repository/Canine/Filter/NeuteredStatus/Yes_Chkbx"): ctdc.utilities.runtestcaseforKatalon.clickTab is PASSED

2021-07-14 17:50:51 - [MESSAGE][PASSED] - ctdc.utilities.runtestcaseforKatalon.clickTab is PASSED

2021-07-14 17:50:51 - [TEST_STEP][PASSED] - ctdc.utilities.runtestcaseforKatalon.clickTab("Object Repository/Canine/Filter/NeuteredStatus/NEUTEREDSTATUS_Ddn"): ctdc.utilities.runtestcaseforKatalon.clickTab is PASSED

2021-07-14 17:50:52 - [MESSAGE][PASSED] - ctdc.utilities.runtestcaseforKatalon.clickTab is PASSED

2021-07-14 17:50:52 - [TEST_STEP][PASSED] - ctdc.utilities.runtestcaseforKatalon.readStatBarCanine("Object Repository/Canine/StatBar/Canine_StatBar-Studies", "Object Repository/Canine/StatBar/Canine_StatBar-Cases", "Object Repository/Canine/StatBar/Canine_StatBar-Samples", "Object Repository/Canine/StatBar/Canine_StatBar-Files", "Object Repository/Canine/StatBar/Canine_StatBar-Aliquots"): ctdc.utilities.runtestcaseforKatalon.readStatBarCanine is PASSED

2021-07-14 17:51:08 - [MESSAGE][PASSED] - ctdc.utilities.runtestcaseforKatalon.readStatBarCanine is PASSED

2021-07-14 17:51:08 - [TEST_STEP][PASSED] - findTestObject("Object Repository/Canine/Filter/NeuteredStatus/NEUTEREDSTATUS_Ddn"): null

2021-07-14 17:51:08 - [TEST_STEP][PASSED] - waitForElementPresent(findTestObject("Object Repository/Canine/CanineResults_Cases_Tab"), 5): Object 'Object Repository/Canine/CanineResults_Cases_Tab' is present

2021-07-14 17:51:08 - [MESSAGE][PASSED] - Object 'Object Repository/Canine/CanineResults_Cases_Tab' is present

2021-07-14 17:51:08 - [TEST_STEP][PASSED] - ctdc.utilities.runtestcaseforKatalon.clickTab("Object Repository/Canine/CanineResults_Cases_Tab"): ctdc.utilities.runtestcaseforKatalon.clickTab is PASSED

2021-07-14 17:51:08 - [MESSAGE][PASSED] - ctdc.utilities.runtestcaseforKatalon.clickTab is PASSED

2021-07-14 17:51:08 - [TEST_STEP][ERROR] - ctdc.utilities.runtestcaseforKatalon.multiFunction("ICDC", G_StatBar_Cases, "Object Repository/Canine/Canine_CasesTable", "Object Repository/Canine/Canine_TableHeader", "Object Repository/Canine/Canine_CasesTabNextBtn", G_WebTabnameCases, G_CypherTabnameCases, G_QueryCasesTab): no such element: Unable to locate element: {"method":"xpath","selector":"//*[@id="case_tab_table"]//tbody/tr[5]/*[2]/*[2]"}
  (Session info: headless chrome=91.0.4472.124)
For documentation on this error, please visit: https://www.seleniumhq.org/exceptions/no_such_element.html
Build info: version: '3.141.59', revision: 'e82be7d358', time: '2018-11-14T08:25:53'
System info: host: 'NCI-02158064-L', ip: '10.242.15.121', os.name: 'Windows 10', os.arch: 'amd64', os.version: '10.0', java.version: '1.8.0_181'
Driver info: org.openqa.selenium.chrome.ChromeDriver
Capabilities {acceptInsecureCerts: false, browserName: chrome, browserVersion: 91.0.4472.124, chrome: {chromedriverVersion: 90.0.4430.24 (4c6d850f087da..., userDataDir: C:\Users\lollal\AppData\Loc...}, goog:chromeOptions: {debuggerAddress: localhost:62575}, javascriptEnabled: true, networkConnectionEnabled: false, pageLoadStrategy: normal, platform: WINDOWS, platformName: WINDOWS, proxy: Proxy(), setWindowRect: true, strictFileInteractability: false, timeouts: {implicit: 0, pageLoad: 300000, script: 30000}, unhandledPromptBehavior: dismiss and notify, webauthn:extension:largeBlob: true, webauthn:virtualAuthenticators: true}
Session ID: 5f4b93ea91f1cfe4d5a5532b1b30eecc
*** Element info: {Using=xpath, value=//*[@id="case_tab_table"]//tbody/tr[5]/*[2]/*[2]}

2021-07-14 17:52:40 - [MESSAGE][ERROR] - no such element: Unable to locate element: {"method":"xpath","selector":"//*[@id="case_tab_table"]//tbody/tr[5]/*[2]/*[2]"}
  (Session info: headless chrome=91.0.4472.124)
For documentation on this error, please visit: https://www.seleniumhq.org/exceptions/no_such_element.html
Build info: version: '3.141.59', revision: 'e82be7d358', time: '2018-11-14T08:25:53'
System info: host: 'NCI-02158064-L', ip: '10.242.15.121', os.name: 'Windows 10', os.arch: 'amd64', os.version: '10.0', java.version: '1.8.0_181'
Driver info: org.openqa.selenium.chrome.ChromeDriver
Capabilities {acceptInsecureCerts: false, browserName: chrome, browserVersion: 91.0.4472.124, chrome: {chromedriverVersion: 90.0.4430.24 (4c6d850f087da..., userDataDir: C:\Users\lollal\AppData\Loc...}, goog:chromeOptions: {debuggerAddress: localhost:62575}, javascriptEnabled: true, networkConnectionEnabled: false, pageLoadStrategy: normal, platform: WINDOWS, platformName: WINDOWS, proxy: Proxy(), setWindowRect: true, strictFileInteractability: false, timeouts: {implicit: 0, pageLoad: 300000, script: 30000}, unhandledPromptBehavior: dismiss and notify, webauthn:extension:largeBlob: true, webauthn:virtualAuthenticators: true}
Session ID: 5f4b93ea91f1cfe4d5a5532b1b30eecc
*** Element info: {Using=xpath, value=//*[@id="case_tab_table"]//tbody/tr[5]/*[2]/*[2]}]]></system-out>
         <system-err><![CDATA[2021-07-14 17:50:28 - [TEST_CASE][ERROR] - Test Cases/Canine_TestCases/StudyCombinations/Study-Combinations-UBC01/TC33_Canine_StudyUBC-Breed_RespToTreatmt_Sex_NeutStatus: Test Cases/Canine_TestCases/StudyCombinations/Study-Combinations-UBC01/TC33_Canine_StudyUBC-Breed_RespToTreatmt_Sex_NeutStatus FAILED.
Reason:
org.openqa.selenium.NoSuchElementException: no such element: Unable to locate element: {"method":"xpath","selector":"//*[@id="case_tab_table"]//tbody/tr[5]/*[2]/*[2]"}
  (Session info: headless chrome=91.0.4472.124)
For documentation on this error, please visit: https://www.seleniumhq.org/exceptions/no_such_element.html
Build info: version: '3.141.59', revision: 'e82be7d358', time: '2018-11-14T08:25:53'
System info: host: 'NCI-02158064-L', ip: '10.242.15.121', os.name: 'Windows 10', os.arch: 'amd64', os.version: '10.0', java.version: '1.8.0_181'
Driver info: org.openqa.selenium.chrome.ChromeDriver
Capabilities {acceptInsecureCerts: false, browserName: chrome, browserVersion: 91.0.4472.124, chrome: {chromedriverVersion: 90.0.4430.24 (4c6d850f087da..., userDataDir: C:\Users\lollal\AppData\Loc...}, goog:chromeOptions: {debuggerAddress: localhost:62575}, javascriptEnabled: true, networkConnectionEnabled: false, pageLoadStrategy: normal, platform: WINDOWS, platformName: WINDOWS, proxy: Proxy(), setWindowRect: true, strictFileInteractability: false, timeouts: {implicit: 0, pageLoad: 300000, script: 30000}, unhandledPromptBehavior: dismiss and notify, webauthn:extension:largeBlob: true, webauthn:virtualAuthenticators: true}
Session ID: 5f4b93ea91f1cfe4d5a5532b1b30eecc
*** Element info: {Using=xpath, value=//*[@id="case_tab_table"]//tbody/tr[5]/*[2]/*[2]}
	at org.openqa.selenium.remote.http.W3CHttpResponseCodec.createException(W3CHttpResponseCodec.java:187)
	at org.openqa.selenium.remote.http.W3CHttpResponseCodec.decode(W3CHttpResponseCodec.java:122)
	at org.openqa.selenium.remote.http.W3CHttpResponseCodec.decode(W3CHttpResponseCodec.java:49)
	at org.openqa.selenium.remote.HttpCommandExecutor.execute(HttpCommandExecutor.java:158)
	at org.openqa.selenium.remote.service.DriverCommandExecutor.execute(DriverCommandExecutor.java:83)
	at org.openqa.selenium.remote.RemoteWebDriver.execute(RemoteWebDriver.java:552)
	at org.openqa.selenium.remote.RemoteWebDriver.findElement(RemoteWebDriver.java:323)
	at org.openqa.selenium.remote.RemoteWebDriver.findElementByXPath(RemoteWebDriver.java:428)
	at org.openqa.selenium.By$ByXPath.findElement(By.java:353)
	at org.openqa.selenium.remote.RemoteWebDriver.findElement(RemoteWebDriver.java:315)
	at org.openqa.selenium.WebDriver$findElement$1.call(Unknown Source)
	at ctdc.utilities.runtestcaseforKatalon.ReadCasesTableKatalon(runtestcaseforKatalon.groovy:488)
	at ctdc.utilities.runtestcaseforKatalon.multiFunction(runtestcaseforKatalon.groovy:251)
	at ctdc.utilities.runtestcaseforKatalon.invokeMethod(runtestcaseforKatalon.groovy)
	at com.kms.katalon.core.main.CustomKeywordDelegatingMetaClass.invokeStaticMethod(CustomKeywordDelegatingMetaClass.java:50)
	at TC33_Canine_StudyUBC-Breed_RespToTreatmt_Sex_NeutStatus.run(TC33_Canine_StudyUBC-Breed_RespToTreatmt_Sex_NeutStatus:74)
	at com.kms.katalon.core.main.ScriptEngine.run(ScriptEngine.java:194)
	at com.kms.katalon.core.main.ScriptEngine.runScriptAsRawText(ScriptEngine.java:119)
	at com.kms.katalon.core.main.TestCaseExecutor.runScript(TestCaseExecutor.java:369)
	at com.kms.katalon.core.main.TestCaseExecutor.doExecute(TestCaseExecutor.java:360)
	at com.kms.katalon.core.main.TestCaseExecutor.processExecutionPhase(TestCaseExecutor.java:339)
	at com.kms.katalon.core.main.TestCaseExecutor.accessMainPhase(TestCaseExecutor.java:331)
	at com.kms.katalon.core.main.TestCaseExecutor.execute(TestCaseExecutor.java:248)
	at com.kms.katalon.core.main.TestSuiteExecutor.accessTestCaseMainPhase(TestSuiteExecutor.java:191)
	at com.kms.katalon.core.main.TestSuiteExecutor.accessTestSuiteMainPhase(TestSuiteExecutor.java:140)
	at com.kms.katalon.core.main.TestSuiteExecutor.execute(TestSuiteExecutor.java:89)
	at com.kms.katalon.core.main.TestCaseMain.startTestSuite(TestCaseMain.java:185)
	at com.kms.katalon.core.main.TestCaseMain$startTestSuite$0.call(Unknown Source)
	at TempTestSuite1626296935818.run(TempTestSuite1626296935818.groovy:39)]]></system-err>
      </testcase>
      <testcase name="Test Cases/Canine_TestCases/StudyCombinations/Study-Combinations-UBC01/TC34_Canine_StudyUBC-Breed_RespToTreatmt_Sex_NeutStatus" time="78.384" classname="Test Cases/Canine_TestCases/StudyCombinations/Study-Combinations-UBC01/TC34_Canine_StudyUBC-Breed_RespToTreatmt_Sex_NeutStatus" status="ERROR">
         <error type="ERROR" message="Test Cases/Canine_TestCases/StudyCombinations/Study-Combinations-UBC01/TC34_Canine_StudyUBC-Breed_RespToTreatmt_Sex_NeutStatus FAILED.
Reason:
java.lang.IndexOutOfBoundsException: Index: 11, Size: 11
	at java_util_List$get$1.call(Unknown Source)
	at ctdc.utilities.runtestcaseforKatalon.compareTwoLists(runtestcaseforKatalon.groovy:849)
	at ctdc.utilities.runtestcaseforKatalon.compareLists(runtestcaseforKatalon.groovy:901)
	at ctdc.utilities.runtestcaseforKatalon.multiFunction(runtestcaseforKatalon.groovy:253)
	at ctdc.utilities.runtestcaseforKatalon.invokeMethod(runtestcaseforKatalon.groovy)
	at com.kms.katalon.core.main.CustomKeywordDelegatingMetaClass.invokeStaticMethod(CustomKeywordDelegatingMetaClass.java:50)
	at TC34_Canine_StudyUBC-Breed_RespToTreatmt_Sex_NeutStatus.run(TC34_Canine_StudyUBC-Breed_RespToTreatmt_Sex_NeutStatus:80)
	at com.kms.katalon.core.main.ScriptEngine.run(ScriptEngine.java:194)
	at com.kms.katalon.core.main.ScriptEngine.runScriptAsRawText(ScriptEngine.java:119)
	at com.kms.katalon.core.main.TestCaseExecutor.runScript(TestCaseExecutor.java:369)
	at com.kms.katalon.core.main.TestCaseExecutor.doExecute(TestCaseExecutor.java:360)
	at com.kms.katalon.core.main.TestCaseExecutor.processExecutionPhase(TestCaseExecutor.java:339)
	at com.kms.katalon.core.main.TestCaseExecutor.accessMainPhase(TestCaseExecutor.java:331)
	at com.kms.katalon.core.main.TestCaseExecutor.execute(TestCaseExecutor.java:248)
	at com.kms.katalon.core.main.TestSuiteExecutor.accessTestCaseMainPhase(TestSuiteExecutor.java:191)
	at com.kms.katalon.core.main.TestSuiteExecutor.accessTestSuiteMainPhase(TestSuiteExecutor.java:140)
	at com.kms.katalon.core.main.TestSuiteExecutor.execute(TestSuiteExecutor.java:89)
	at com.kms.katalon.core.main.TestCaseMain.startTestSuite(TestCaseMain.java:185)
	at com.kms.katalon.core.main.TestCaseMain$startTestSuite$0.call(Unknown Source)
	at TempTestSuite1626296935818.run(TempTestSuite1626296935818.groovy:39)
"/>
         <system-out><![CDATA[2021-07-14 17:52:40 - [TEST_CASE][ERROR] - Test Cases/Canine_TestCases/StudyCombinations/Study-Combinations-UBC01/TC34_Canine_StudyUBC-Breed_RespToTreatmt_Sex_NeutStatus: Test Cases/Canine_TestCases/StudyCombinations/Study-Combinations-UBC01/TC34_Canine_StudyUBC-Breed_RespToTreatmt_Sex_NeutStatus FAILED.
Reason:
java.lang.IndexOutOfBoundsException: Index: 11, Size: 11
	at java_util_List$get$1.call(Unknown Source)
	at ctdc.utilities.runtestcaseforKatalon.compareTwoLists(runtestcaseforKatalon.groovy:849)
	at ctdc.utilities.runtestcaseforKatalon.compareLists(runtestcaseforKatalon.groovy:901)
	at ctdc.utilities.runtestcaseforKatalon.multiFunction(runtestcaseforKatalon.groovy:253)
	at ctdc.utilities.runtestcaseforKatalon.invokeMethod(runtestcaseforKatalon.groovy)
	at com.kms.katalon.core.main.CustomKeywordDelegatingMetaClass.invokeStaticMethod(CustomKeywordDelegatingMetaClass.java:50)
	at TC34_Canine_StudyUBC-Breed_RespToTreatmt_Sex_NeutStatus.run(TC34_Canine_StudyUBC-Breed_RespToTreatmt_Sex_NeutStatus:80)
	at com.kms.katalon.core.main.ScriptEngine.run(ScriptEngine.java:194)
	at com.kms.katalon.core.main.ScriptEngine.runScriptAsRawText(ScriptEngine.java:119)
	at com.kms.katalon.core.main.TestCaseExecutor.runScript(TestCaseExecutor.java:369)
	at com.kms.katalon.core.main.TestCaseExecutor.doExecute(TestCaseExecutor.java:360)
	at com.kms.katalon.core.main.TestCaseExecutor.processExecutionPhase(TestCaseExecutor.java:339)
	at com.kms.katalon.core.main.TestCaseExecutor.accessMainPhase(TestCaseExecutor.java:331)
	at com.kms.katalon.core.main.TestCaseExecutor.execute(TestCaseExecutor.java:248)
	at com.kms.katalon.core.main.TestSuiteExecutor.accessTestCaseMainPhase(TestSuiteExecutor.java:191)
	at com.kms.katalon.core.main.TestSuiteExecutor.accessTestSuiteMainPhase(TestSuiteExecutor.java:140)
	at com.kms.katalon.core.main.TestSuiteExecutor.execute(TestSuiteExecutor.java:89)
	at com.kms.katalon.core.main.TestCaseMain.startTestSuite(TestCaseMain.java:185)
	at com.kms.katalon.core.main.TestCaseMain$startTestSuite$0.call(Unknown Source)
	at TempTestSuite1626296935818.run(TempTestSuite1626296935818.groovy:39)


2021-07-14 17:52:40 - [TEST_STEP][PASSED] - Start listener action : getTestScriptName: null

2021-07-14 17:52:40 - [TEST_STEP][PASSED] - TestCaseId = testCaseContext.getTestCaseId(): null

2021-07-14 17:52:40 - [TEST_STEP][PASSED] - out.println("**********this is the value of test case id string******** " + testCaseContext.getTestCaseId()): null

2021-07-14 17:52:40 - [TEST_STEP][PASSED] - G_currentTCName = TestCaseId.substring(TestCaseId.lastIndexOf("TC")): null

2021-07-14 17:52:40 - [TEST_STEP][PASSED] - out.println("This is the test case name : " + G_currentTCName): null

2021-07-14 17:52:42 - [TEST_STEP][PASSED] - openBrowser(""): Browser is opened with url: ''

2021-07-14 17:52:42 - [MESSAGE][WARNING] - A browser is already opened. Closing browser and opening a new one

2021-07-14 17:52:43 - [MESSAGE][INFO] - Starting 'Chrome (headless)' driver

2021-07-14 17:52:43 - [MESSAGE][INFO] - User set preference: ['args', '[--no-sandbox]']

2021-07-14 17:52:43 - [MESSAGE][INFO] - Action delay is set to 0 milliseconds

2021-07-14 17:52:45 - [MESSAGE][PASSED] - Browser is opened with url: ''

2021-07-14 17:52:45 - [TEST_STEP][PASSED] - maximizeWindow(): Current window maximized

2021-07-14 17:52:45 - [MESSAGE][PASSED] - Current window maximized

2021-07-14 17:52:45 - [TEST_STEP][PASSED] - "Driver opened by Katalon is used in Selenium from this step.": null

2021-07-14 17:52:45 - [TEST_STEP][PASSED] - ctdc.utilities.runtestcaseforKatalon.RunKatalon("TC35_Canine_StudyUBC-Breed_RespToTreatmt_Sex_NeutStatus.xlsx"): Data loaded from input file for the test case. 

2021-07-14 17:52:45 - [MESSAGE][PASSED] - Test case file loaded This is the full filepath after converting to string :C:\Automation_master\InputFiles\TC35_Canine_StudyUBC-Breed_RespToTreatmt_Sex_NeutStatus.xlsx

2021-07-14 17:52:45 - [MESSAGE][INFO] - Global variable set for password file is :  C:\Automation_master\InputFiles\TC35_Canine_StudyUBC-Breed_RespToTreatmt_Sex_NeutStatus.xlsx

2021-07-14 17:52:49 - [MESSAGE][PASSED] - Data loaded from input file for the test case. 

2021-07-14 17:52:57 - [TEST_STEP][PASSED] - waitForElementPresent(findTestObject("Canine/NavBar/Canine_Cases_Btn"), 10): Object 'Object Repository/Canine/NavBar/Canine_Cases_Btn' is present

2021-07-14 17:52:57 - [MESSAGE][PASSED] - Object 'Object Repository/Canine/NavBar/Canine_Cases_Btn' is present

2021-07-14 17:52:57 - [TEST_STEP][PASSED] - ctdc.utilities.runtestcaseforKatalon.clickTab("Canine/NavBar/Canine_Cases_Btn"): ctdc.utilities.runtestcaseforKatalon.clickTab is PASSED

2021-07-14 17:52:57 - [MESSAGE][PASSED] - ctdc.utilities.runtestcaseforKatalon.clickTab is PASSED

2021-07-14 17:52:57 - [TEST_STEP][PASSED] - waitForElementPresent(findTestObject("Object Repository/Canine/Filter/FilterByCases_Facet"), 10): Object 'Object Repository/Canine/Filter/FilterByCases_Facet' is present

2021-07-14 17:52:59 - [MESSAGE][PASSED] - Object 'Object Repository/Canine/Filter/FilterByCases_Facet' is present

2021-07-14 17:52:59 - [TEST_STEP][PASSED] - ctdc.utilities.runtestcaseforKatalon.clickTab("Object Repository/Canine/Filter/FilterByCases_Facet"): ctdc.utilities.runtestcaseforKatalon.clickTab is PASSED

2021-07-14 17:52:59 - [MESSAGE][PASSED] - ctdc.utilities.runtestcaseforKatalon.clickTab is PASSED

2021-07-14 17:52:59 - [TEST_STEP][PASSED] - waitForElementPresent(findTestObject("Object Repository/Canine/Filter/Study/Canine_Filter_Study"), 10): Object 'Object Repository/Canine/Filter/Study/Canine_Filter_Study' is present

2021-07-14 17:53:00 - [MESSAGE][PASSED] - Object 'Object Repository/Canine/Filter/Study/Canine_Filter_Study' is present

2021-07-14 17:53:00 - [TEST_STEP][PASSED] - ctdc.utilities.runtestcaseforKatalon.clickTab("Object Repository/Canine/Filter/Study/Canine_Filter_Study"): ctdc.utilities.runtestcaseforKatalon.clickTab is PASSED

2021-07-14 17:53:00 - [MESSAGE][PASSED] - ctdc.utilities.runtestcaseforKatalon.clickTab is PASSED

2021-07-14 17:53:00 - [TEST_STEP][PASSED] - waitForElementPresent(findTestObject("Object Repository/Canine/Filter/Study/Canine_Filter_Study-UBC_Chkbx"), 10): Object 'Object Repository/Canine/Filter/Study/Canine_Filter_Study-UBC_Chkbx' is present

2021-07-14 17:53:01 - [MESSAGE][PASSED] - Object 'Object Repository/Canine/Filter/Study/Canine_Filter_Study-UBC_Chkbx' is present

2021-07-14 17:53:01 - [TEST_STEP][PASSED] - ctdc.utilities.runtestcaseforKatalon.clickTab("Object Repository/Canine/Filter/Study/Canine_Filter_Study-UBC_Chkbx"): ctdc.utilities.runtestcaseforKatalon.clickTab is PASSED

2021-07-14 17:53:01 - [MESSAGE][PASSED] - ctdc.utilities.runtestcaseforKatalon.clickTab is PASSED

2021-07-14 17:53:01 - [TEST_STEP][PASSED] - Thread.sleep(2000): null

2021-07-14 17:53:03 - [TEST_STEP][PASSED] - waitForElementPresent(findTestObject("Object Repository/Canine/Filter/Sex/SEX_Ddn"), 10): Object 'Object Repository/Canine/Filter/Sex/SEX_Ddn' is present

2021-07-14 17:53:03 - [MESSAGE][PASSED] - Object 'Object Repository/Canine/Filter/Sex/SEX_Ddn' is present

2021-07-14 17:53:03 - [TEST_STEP][PASSED] - ctdc.utilities.runtestcaseforKatalon.clickTab("Object Repository/Canine/Filter/Sex/SEX_Ddn"): ctdc.utilities.runtestcaseforKatalon.clickTab is PASSED

2021-07-14 17:53:04 - [MESSAGE][PASSED] - ctdc.utilities.runtestcaseforKatalon.clickTab is PASSED

2021-07-14 17:53:04 - [TEST_STEP][PASSED] - waitForElementPresent(findTestObject("Object Repository/Canine/Filter/Sex/Female_Chkbx"), 10): Object 'Object Repository/Canine/Filter/Sex/Female_Chkbx' is present

2021-07-14 17:53:04 - [MESSAGE][PASSED] - Object 'Object Repository/Canine/Filter/Sex/Female_Chkbx' is present

2021-07-14 17:53:04 - [TEST_STEP][PASSED] - ctdc.utilities.runtestcaseforKatalon.clickTab("Object Repository/Canine/Filter/Sex/Female_Chkbx"): ctdc.utilities.runtestcaseforKatalon.clickTab is PASSED

2021-07-14 17:53:04 - [MESSAGE][PASSED] - ctdc.utilities.runtestcaseforKatalon.clickTab is PASSED

2021-07-14 17:53:04 - [TEST_STEP][PASSED] - ctdc.utilities.runtestcaseforKatalon.clickTab("Object Repository/Canine/Filter/Sex/SEX_Ddn"): ctdc.utilities.runtestcaseforKatalon.clickTab is PASSED

2021-07-14 17:53:05 - [MESSAGE][PASSED] - ctdc.utilities.runtestcaseforKatalon.clickTab is PASSED

2021-07-14 17:53:05 - [TEST_STEP][PASSED] - waitForElementPresent(findTestObject("Object Repository/Canine/Filter/NeuteredStatus/NEUTEREDSTATUS_Ddn"), 10): Object 'Object Repository/Canine/Filter/NeuteredStatus/NEUTEREDSTATUS_Ddn' is present

2021-07-14 17:53:05 - [MESSAGE][PASSED] - Object 'Object Repository/Canine/Filter/NeuteredStatus/NEUTEREDSTATUS_Ddn' is present

2021-07-14 17:53:05 - [TEST_STEP][PASSED] - ctdc.utilities.runtestcaseforKatalon.clickTab("Object Repository/Canine/Filter/NeuteredStatus/NEUTEREDSTATUS_Ddn"): ctdc.utilities.runtestcaseforKatalon.clickTab is PASSED

2021-07-14 17:53:06 - [MESSAGE][PASSED] - ctdc.utilities.runtestcaseforKatalon.clickTab is PASSED

2021-07-14 17:53:06 - [TEST_STEP][PASSED] - waitForElementPresent(findTestObject("Object Repository/Canine/Filter/NeuteredStatus/Yes_Chkbx"), 10): Object 'Object Repository/Canine/Filter/NeuteredStatus/Yes_Chkbx' is present

2021-07-14 17:53:06 - [MESSAGE][PASSED] - Object 'Object Repository/Canine/Filter/NeuteredStatus/Yes_Chkbx' is present

2021-07-14 17:53:06 - [TEST_STEP][PASSED] - ctdc.utilities.runtestcaseforKatalon.clickTab("Object Repository/Canine/Filter/NeuteredStatus/Yes_Chkbx"): ctdc.utilities.runtestcaseforKatalon.clickTab is PASSED

2021-07-14 17:53:06 - [MESSAGE][PASSED] - ctdc.utilities.runtestcaseforKatalon.clickTab is PASSED

2021-07-14 17:53:06 - [TEST_STEP][PASSED] - ctdc.utilities.runtestcaseforKatalon.clickTab("Object Repository/Canine/Filter/NeuteredStatus/NEUTEREDSTATUS_Ddn"): ctdc.utilities.runtestcaseforKatalon.clickTab is PASSED

2021-07-14 17:53:07 - [MESSAGE][PASSED] - ctdc.utilities.runtestcaseforKatalon.clickTab is PASSED

2021-07-14 17:53:07 - [TEST_STEP][PASSED] - ctdc.utilities.runtestcaseforKatalon.readStatBarCanine("Object Repository/Canine/StatBar/Canine_StatBar-Studies", "Object Repository/Canine/StatBar/Canine_StatBar-Cases", "Object Repository/Canine/StatBar/Canine_StatBar-Samples", "Object Repository/Canine/StatBar/Canine_StatBar-Files", "Object Repository/Canine/StatBar/Canine_StatBar-Aliquots"): ctdc.utilities.runtestcaseforKatalon.readStatBarCanine is PASSED

2021-07-14 17:53:23 - [MESSAGE][PASSED] - ctdc.utilities.runtestcaseforKatalon.readStatBarCanine is PASSED

2021-07-14 17:53:23 - [TEST_STEP][PASSED] - findTestObject("Object Repository/Canine/Filter/NeuteredStatus/NEUTEREDSTATUS_Ddn"): null

2021-07-14 17:53:23 - [TEST_STEP][PASSED] - waitForElementPresent(findTestObject("Object Repository/Canine/CanineResults_Cases_Tab"), 5): Object 'Object Repository/Canine/CanineResults_Cases_Tab' is present

2021-07-14 17:53:23 - [MESSAGE][PASSED] - Object 'Object Repository/Canine/CanineResults_Cases_Tab' is present

2021-07-14 17:53:23 - [TEST_STEP][PASSED] - ctdc.utilities.runtestcaseforKatalon.clickTab("Object Repository/Canine/CanineResults_Cases_Tab"): ctdc.utilities.runtestcaseforKatalon.clickTab is PASSED

2021-07-14 17:53:23 - [MESSAGE][PASSED] - ctdc.utilities.runtestcaseforKatalon.clickTab is PASSED

2021-07-14 17:53:23 - [TEST_STEP][ERROR] - ctdc.utilities.runtestcaseforKatalon.multiFunction("ICDC", G_StatBar_Cases, "Object Repository/Canine/Canine_CasesTable", "Object Repository/Canine/Canine_TableHeader", "Object Repository/Canine/Canine_CasesTabNextBtn", G_WebTabnameCases, G_CypherTabnameCases, G_QueryCasesTab): Index: 11, Size: 11

2021-07-14 17:53:59 - [MESSAGE][ERROR] - Index: 11, Size: 11]]></system-out>
         <system-err><![CDATA[2021-07-14 17:52:40 - [TEST_CASE][ERROR] - Test Cases/Canine_TestCases/StudyCombinations/Study-Combinations-UBC01/TC34_Canine_StudyUBC-Breed_RespToTreatmt_Sex_NeutStatus: Test Cases/Canine_TestCases/StudyCombinations/Study-Combinations-UBC01/TC34_Canine_StudyUBC-Breed_RespToTreatmt_Sex_NeutStatus FAILED.
Reason:
java.lang.IndexOutOfBoundsException: Index: 11, Size: 11
	at java_util_List$get$1.call(Unknown Source)
	at ctdc.utilities.runtestcaseforKatalon.compareTwoLists(runtestcaseforKatalon.groovy:849)
	at ctdc.utilities.runtestcaseforKatalon.compareLists(runtestcaseforKatalon.groovy:901)
	at ctdc.utilities.runtestcaseforKatalon.multiFunction(runtestcaseforKatalon.groovy:253)
	at ctdc.utilities.runtestcaseforKatalon.invokeMethod(runtestcaseforKatalon.groovy)
	at com.kms.katalon.core.main.CustomKeywordDelegatingMetaClass.invokeStaticMethod(CustomKeywordDelegatingMetaClass.java:50)
	at TC34_Canine_StudyUBC-Breed_RespToTreatmt_Sex_NeutStatus.run(TC34_Canine_StudyUBC-Breed_RespToTreatmt_Sex_NeutStatus:80)
	at com.kms.katalon.core.main.ScriptEngine.run(ScriptEngine.java:194)
	at com.kms.katalon.core.main.ScriptEngine.runScriptAsRawText(ScriptEngine.java:119)
	at com.kms.katalon.core.main.TestCaseExecutor.runScript(TestCaseExecutor.java:369)
	at com.kms.katalon.core.main.TestCaseExecutor.doExecute(TestCaseExecutor.java:360)
	at com.kms.katalon.core.main.TestCaseExecutor.processExecutionPhase(TestCaseExecutor.java:339)
	at com.kms.katalon.core.main.TestCaseExecutor.accessMainPhase(TestCaseExecutor.java:331)
	at com.kms.katalon.core.main.TestCaseExecutor.execute(TestCaseExecutor.java:248)
	at com.kms.katalon.core.main.TestSuiteExecutor.accessTestCaseMainPhase(TestSuiteExecutor.java:191)
	at com.kms.katalon.core.main.TestSuiteExecutor.accessTestSuiteMainPhase(TestSuiteExecutor.java:140)
	at com.kms.katalon.core.main.TestSuiteExecutor.execute(TestSuiteExecutor.java:89)
	at com.kms.katalon.core.main.TestCaseMain.startTestSuite(TestCaseMain.java:185)
	at com.kms.katalon.core.main.TestCaseMain$startTestSuite$0.call(Unknown Source)
	at TempTestSuite1626296935818.run(TempTestSuite1626296935818.groovy:39)]]></system-err>
      </testcase>
      <testcase name="Test Cases/Canine_TestCases/StudyCombinations/Study-Combinations-UBC01/TC35_Canine_StudyUBC-Breed_RespToTreatmt_Sex_NeutStatus" time="56.625" classname="Test Cases/Canine_TestCases/StudyCombinations/Study-Combinations-UBC01/TC35_Canine_StudyUBC-Breed_RespToTreatmt_Sex_NeutStatus" status="FAILED">
         <failure type="FAILED" message="Test Cases/Canine_TestCases/StudyCombinations/Study-Combinations-UBC01/TC35_Canine_StudyUBC-Breed_RespToTreatmt_Sex_NeutStatus FAILED.
Reason:
com.kms.katalon.core.exception.StepFailedException: Mismatch in Stat Bar Files count
	at com.kms.katalon.core.util.KeywordUtil.markFailed(KeywordUtil.java:19)
	at com.kms.katalon.core.util.KeywordUtil$markFailed$1.call(Unknown Source)
	at ctdc.utilities.runtestcaseforKatalon.validateStatBar(runtestcaseforKatalon.groovy:964)
	at ctdc.utilities.runtestcaseforKatalon.multiFunction(runtestcaseforKatalon.groovy:254)
	at ctdc.utilities.runtestcaseforKatalon.invokeMethod(runtestcaseforKatalon.groovy)
	at com.kms.katalon.core.main.CustomKeywordDelegatingMetaClass.invokeStaticMethod(CustomKeywordDelegatingMetaClass.java:50)
	at TC35_Canine_StudyUBC-Breed_RespToTreatmt_Sex_NeutStatus.run(TC35_Canine_StudyUBC-Breed_RespToTreatmt_Sex_NeutStatus:80)
	at com.kms.katalon.core.main.ScriptEngine.run(ScriptEngine.java:194)
	at com.kms.katalon.core.main.ScriptEngine.runScriptAsRawText(ScriptEngine.java:119)
	at com.kms.katalon.core.main.TestCaseExecutor.runScript(TestCaseExecutor.java:369)
	at com.kms.katalon.core.main.TestCaseExecutor.doExecute(TestCaseExecutor.java:360)
	at com.kms.katalon.core.main.TestCaseExecutor.processExecutionPhase(TestCaseExecutor.java:339)
	at com.kms.katalon.core.main.TestCaseExecutor.accessMainPhase(TestCaseExecutor.java:331)
	at com.kms.katalon.core.main.TestCaseExecutor.execute(TestCaseExecutor.java:248)
	at com.kms.katalon.core.main.TestSuiteExecutor.accessTestCaseMainPhase(TestSuiteExecutor.java:191)
	at com.kms.katalon.core.main.TestSuiteExecutor.accessTestSuiteMainPhase(TestSuiteExecutor.java:140)
	at com.kms.katalon.core.main.TestSuiteExecutor.execute(TestSuiteExecutor.java:89)
	at com.kms.katalon.core.main.TestCaseMain.startTestSuite(TestCaseMain.java:185)
	at com.kms.katalon.core.main.TestCaseMain$startTestSuite$0.call(Unknown Source)
	at TempTestSuite1626296935818.run(TempTestSuite1626296935818.groovy:39)
"/>
         <system-out><![CDATA[2021-07-14 17:53:59 - [TEST_CASE][FAILED] - Test Cases/Canine_TestCases/StudyCombinations/Study-Combinations-UBC01/TC35_Canine_StudyUBC-Breed_RespToTreatmt_Sex_NeutStatus: Test Cases/Canine_TestCases/StudyCombinations/Study-Combinations-UBC01/TC35_Canine_StudyUBC-Breed_RespToTreatmt_Sex_NeutStatus FAILED.
Reason:
com.kms.katalon.core.exception.StepFailedException: Mismatch in Stat Bar Files count
	at com.kms.katalon.core.util.KeywordUtil.markFailed(KeywordUtil.java:19)
	at com.kms.katalon.core.util.KeywordUtil$markFailed$1.call(Unknown Source)
	at ctdc.utilities.runtestcaseforKatalon.validateStatBar(runtestcaseforKatalon.groovy:964)
	at ctdc.utilities.runtestcaseforKatalon.multiFunction(runtestcaseforKatalon.groovy:254)
	at ctdc.utilities.runtestcaseforKatalon.invokeMethod(runtestcaseforKatalon.groovy)
	at com.kms.katalon.core.main.CustomKeywordDelegatingMetaClass.invokeStaticMethod(CustomKeywordDelegatingMetaClass.java:50)
	at TC35_Canine_StudyUBC-Breed_RespToTreatmt_Sex_NeutStatus.run(TC35_Canine_StudyUBC-Breed_RespToTreatmt_Sex_NeutStatus:80)
	at com.kms.katalon.core.main.ScriptEngine.run(ScriptEngine.java:194)
	at com.kms.katalon.core.main.ScriptEngine.runScriptAsRawText(ScriptEngine.java:119)
	at com.kms.katalon.core.main.TestCaseExecutor.runScript(TestCaseExecutor.java:369)
	at com.kms.katalon.core.main.TestCaseExecutor.doExecute(TestCaseExecutor.java:360)
	at com.kms.katalon.core.main.TestCaseExecutor.processExecutionPhase(TestCaseExecutor.java:339)
	at com.kms.katalon.core.main.TestCaseExecutor.accessMainPhase(TestCaseExecutor.java:331)
	at com.kms.katalon.core.main.TestCaseExecutor.execute(TestCaseExecutor.java:248)
	at com.kms.katalon.core.main.TestSuiteExecutor.accessTestCaseMainPhase(TestSuiteExecutor.java:191)
	at com.kms.katalon.core.main.TestSuiteExecutor.accessTestSuiteMainPhase(TestSuiteExecutor.java:140)
	at com.kms.katalon.core.main.TestSuiteExecutor.execute(TestSuiteExecutor.java:89)
	at com.kms.katalon.core.main.TestCaseMain.startTestSuite(TestCaseMain.java:185)
	at com.kms.katalon.core.main.TestCaseMain$startTestSuite$0.call(Unknown Source)
	at TempTestSuite1626296935818.run(TempTestSuite1626296935818.groovy:39)


2021-07-14 17:53:59 - [TEST_STEP][PASSED] - Start listener action : getTestScriptName: null

2021-07-14 17:53:59 - [TEST_STEP][PASSED] - TestCaseId = testCaseContext.getTestCaseId(): null

2021-07-14 17:53:59 - [TEST_STEP][PASSED] - out.println("**********this is the value of test case id string******** " + testCaseContext.getTestCaseId()): null

2021-07-14 17:53:59 - [TEST_STEP][PASSED] - G_currentTCName = TestCaseId.substring(TestCaseId.lastIndexOf("TC")): null

2021-07-14 17:53:59 - [TEST_STEP][PASSED] - out.println("This is the test case name : " + G_currentTCName): null

2021-07-14 17:54:01 - [TEST_STEP][PASSED] - openBrowser(""): Browser is opened with url: ''

2021-07-14 17:54:01 - [MESSAGE][WARNING] - A browser is already opened. Closing browser and opening a new one

2021-07-14 17:54:01 - [MESSAGE][INFO] - Starting 'Chrome (headless)' driver

2021-07-14 17:54:01 - [MESSAGE][INFO] - User set preference: ['args', '[--no-sandbox]']

2021-07-14 17:54:01 - [MESSAGE][INFO] - Action delay is set to 0 milliseconds

2021-07-14 17:54:03 - [MESSAGE][PASSED] - Browser is opened with url: ''

2021-07-14 17:54:03 - [TEST_STEP][PASSED] - maximizeWindow(): Current window maximized

2021-07-14 17:54:04 - [MESSAGE][PASSED] - Current window maximized

2021-07-14 17:54:04 - [TEST_STEP][PASSED] - "Driver opened by Katalon is used in Selenium from this step.": null

2021-07-14 17:54:04 - [TEST_STEP][PASSED] - ctdc.utilities.runtestcaseforKatalon.RunKatalon("TC36_Canine_StudyUBC-Breed_RespToTreatmt_Sex_NeutStatus.xlsx"): Data loaded from input file for the test case. 

2021-07-14 17:54:04 - [MESSAGE][PASSED] - Test case file loaded This is the full filepath after converting to string :C:\Automation_master\InputFiles\TC36_Canine_StudyUBC-Breed_RespToTreatmt_Sex_NeutStatus.xlsx

2021-07-14 17:54:04 - [MESSAGE][INFO] - Global variable set for password file is :  C:\Automation_master\InputFiles\TC36_Canine_StudyUBC-Breed_RespToTreatmt_Sex_NeutStatus.xlsx

2021-07-14 17:54:08 - [MESSAGE][PASSED] - Data loaded from input file for the test case. 

2021-07-14 17:54:15 - [TEST_STEP][PASSED] - waitForElementPresent(findTestObject("Canine/NavBar/Canine_Cases_Btn"), 10): Object 'Object Repository/Canine/NavBar/Canine_Cases_Btn' is present

2021-07-14 17:54:15 - [MESSAGE][PASSED] - Object 'Object Repository/Canine/NavBar/Canine_Cases_Btn' is present

2021-07-14 17:54:15 - [TEST_STEP][PASSED] - ctdc.utilities.runtestcaseforKatalon.clickTab("Canine/NavBar/Canine_Cases_Btn"): ctdc.utilities.runtestcaseforKatalon.clickTab is PASSED

2021-07-14 17:54:15 - [MESSAGE][PASSED] - ctdc.utilities.runtestcaseforKatalon.clickTab is PASSED

2021-07-14 17:54:15 - [TEST_STEP][PASSED] - waitForElementPresent(findTestObject("Object Repository/Canine/Filter/FilterByCases_Facet"), 10): Object 'Object Repository/Canine/Filter/FilterByCases_Facet' is present

2021-07-14 17:54:16 - [MESSAGE][PASSED] - Object 'Object Repository/Canine/Filter/FilterByCases_Facet' is present

2021-07-14 17:54:16 - [TEST_STEP][PASSED] - ctdc.utilities.runtestcaseforKatalon.clickTab("Object Repository/Canine/Filter/FilterByCases_Facet"): ctdc.utilities.runtestcaseforKatalon.clickTab is PASSED

2021-07-14 17:54:16 - [MESSAGE][PASSED] - ctdc.utilities.runtestcaseforKatalon.clickTab is PASSED

2021-07-14 17:54:16 - [TEST_STEP][PASSED] - waitForElementPresent(findTestObject("Object Repository/Canine/Filter/Study/Canine_Filter_Study"), 10): Object 'Object Repository/Canine/Filter/Study/Canine_Filter_Study' is present

2021-07-14 17:54:17 - [MESSAGE][PASSED] - Object 'Object Repository/Canine/Filter/Study/Canine_Filter_Study' is present

2021-07-14 17:54:17 - [TEST_STEP][PASSED] - ctdc.utilities.runtestcaseforKatalon.clickTab("Object Repository/Canine/Filter/Study/Canine_Filter_Study"): ctdc.utilities.runtestcaseforKatalon.clickTab is PASSED

2021-07-14 17:54:18 - [MESSAGE][PASSED] - ctdc.utilities.runtestcaseforKatalon.clickTab is PASSED

2021-07-14 17:54:18 - [TEST_STEP][PASSED] - waitForElementPresent(findTestObject("Object Repository/Canine/Filter/Study/Canine_Filter_Study-UBC_Chkbx"), 10): Object 'Object Repository/Canine/Filter/Study/Canine_Filter_Study-UBC_Chkbx' is present

2021-07-14 17:54:18 - [MESSAGE][PASSED] - Object 'Object Repository/Canine/Filter/Study/Canine_Filter_Study-UBC_Chkbx' is present

2021-07-14 17:54:18 - [TEST_STEP][PASSED] - ctdc.utilities.runtestcaseforKatalon.clickTab("Object Repository/Canine/Filter/Study/Canine_Filter_Study-UBC_Chkbx"): ctdc.utilities.runtestcaseforKatalon.clickTab is PASSED

2021-07-14 17:54:18 - [MESSAGE][PASSED] - ctdc.utilities.runtestcaseforKatalon.clickTab is PASSED

2021-07-14 17:54:18 - [TEST_STEP][PASSED] - Thread.sleep(2000): null

2021-07-14 17:54:20 - [TEST_STEP][PASSED] - waitForElementPresent(findTestObject("Object Repository/Canine/Filter/Sex/SEX_Ddn"), 10): Object 'Object Repository/Canine/Filter/Sex/SEX_Ddn' is present

2021-07-14 17:54:20 - [MESSAGE][PASSED] - Object 'Object Repository/Canine/Filter/Sex/SEX_Ddn' is present

2021-07-14 17:54:20 - [TEST_STEP][PASSED] - ctdc.utilities.runtestcaseforKatalon.clickTab("Object Repository/Canine/Filter/Sex/SEX_Ddn"): ctdc.utilities.runtestcaseforKatalon.clickTab is PASSED

2021-07-14 17:54:20 - [MESSAGE][PASSED] - ctdc.utilities.runtestcaseforKatalon.clickTab is PASSED

2021-07-14 17:54:20 - [TEST_STEP][PASSED] - waitForElementPresent(findTestObject("Object Repository/Canine/Filter/Sex/Female_Chkbx"), 10): Object 'Object Repository/Canine/Filter/Sex/Female_Chkbx' is present

2021-07-14 17:54:21 - [MESSAGE][PASSED] - Object 'Object Repository/Canine/Filter/Sex/Female_Chkbx' is present

2021-07-14 17:54:21 - [TEST_STEP][PASSED] - ctdc.utilities.runtestcaseforKatalon.clickTab("Object Repository/Canine/Filter/Sex/Female_Chkbx"): ctdc.utilities.runtestcaseforKatalon.clickTab is PASSED

2021-07-14 17:54:21 - [MESSAGE][PASSED] - ctdc.utilities.runtestcaseforKatalon.clickTab is PASSED

2021-07-14 17:54:21 - [TEST_STEP][PASSED] - ctdc.utilities.runtestcaseforKatalon.clickTab("Object Repository/Canine/Filter/Sex/SEX_Ddn"): ctdc.utilities.runtestcaseforKatalon.clickTab is PASSED

2021-07-14 17:54:22 - [MESSAGE][PASSED] - ctdc.utilities.runtestcaseforKatalon.clickTab is PASSED

2021-07-14 17:54:22 - [TEST_STEP][PASSED] - waitForElementPresent(findTestObject("Object Repository/Canine/Filter/NeuteredStatus/NEUTEREDSTATUS_Ddn"), 10): Object 'Object Repository/Canine/Filter/NeuteredStatus/NEUTEREDSTATUS_Ddn' is present

2021-07-14 17:54:22 - [MESSAGE][PASSED] - Object 'Object Repository/Canine/Filter/NeuteredStatus/NEUTEREDSTATUS_Ddn' is present

2021-07-14 17:54:22 - [TEST_STEP][PASSED] - ctdc.utilities.runtestcaseforKatalon.clickTab("Object Repository/Canine/Filter/NeuteredStatus/NEUTEREDSTATUS_Ddn"): ctdc.utilities.runtestcaseforKatalon.clickTab is PASSED

2021-07-14 17:54:22 - [MESSAGE][PASSED] - ctdc.utilities.runtestcaseforKatalon.clickTab is PASSED

2021-07-14 17:54:22 - [TEST_STEP][PASSED] - waitForElementPresent(findTestObject("Object Repository/Canine/Filter/NeuteredStatus/No_Chkbx"), 10): Object 'Object Repository/Canine/Filter/NeuteredStatus/No_Chkbx' is present

2021-07-14 17:54:22 - [MESSAGE][PASSED] - Object 'Object Repository/Canine/Filter/NeuteredStatus/No_Chkbx' is present

2021-07-14 17:54:22 - [TEST_STEP][PASSED] - ctdc.utilities.runtestcaseforKatalon.clickTab("Object Repository/Canine/Filter/NeuteredStatus/No_Chkbx"): ctdc.utilities.runtestcaseforKatalon.clickTab is PASSED

2021-07-14 17:54:22 - [MESSAGE][PASSED] - ctdc.utilities.runtestcaseforKatalon.clickTab is PASSED

2021-07-14 17:54:22 - [TEST_STEP][PASSED] - ctdc.utilities.runtestcaseforKatalon.clickTab("Object Repository/Canine/Filter/NeuteredStatus/NEUTEREDSTATUS_Ddn"): ctdc.utilities.runtestcaseforKatalon.clickTab is PASSED

2021-07-14 17:54:23 - [MESSAGE][PASSED] - ctdc.utilities.runtestcaseforKatalon.clickTab is PASSED

2021-07-14 17:54:23 - [TEST_STEP][PASSED] - ctdc.utilities.runtestcaseforKatalon.readStatBarCanine("Object Repository/Canine/StatBar/Canine_StatBar-Studies", "Object Repository/Canine/StatBar/Canine_StatBar-Cases", "Object Repository/Canine/StatBar/Canine_StatBar-Samples", "Object Repository/Canine/StatBar/Canine_StatBar-Files", "Object Repository/Canine/StatBar/Canine_StatBar-Aliquots"): ctdc.utilities.runtestcaseforKatalon.readStatBarCanine is PASSED

2021-07-14 17:54:39 - [MESSAGE][PASSED] - ctdc.utilities.runtestcaseforKatalon.readStatBarCanine is PASSED

2021-07-14 17:54:39 - [TEST_STEP][PASSED] - findTestObject("Object Repository/Canine/Filter/NeuteredStatus/NEUTEREDSTATUS_Ddn"): null

2021-07-14 17:54:39 - [TEST_STEP][PASSED] - waitForElementPresent(findTestObject("Object Repository/Canine/CanineResults_Cases_Tab"), 5): Object 'Object Repository/Canine/CanineResults_Cases_Tab' is present

2021-07-14 17:54:39 - [MESSAGE][PASSED] - Object 'Object Repository/Canine/CanineResults_Cases_Tab' is present

2021-07-14 17:54:39 - [TEST_STEP][PASSED] - ctdc.utilities.runtestcaseforKatalon.clickTab("Object Repository/Canine/CanineResults_Cases_Tab"): ctdc.utilities.runtestcaseforKatalon.clickTab is PASSED

2021-07-14 17:54:40 - [MESSAGE][PASSED] - ctdc.utilities.runtestcaseforKatalon.clickTab is PASSED

2021-07-14 17:54:40 - [TEST_STEP][FAILED] - ctdc.utilities.runtestcaseforKatalon.multiFunction("ICDC", G_StatBar_Cases, "Object Repository/Canine/Canine_CasesTable", "Object Repository/Canine/Canine_TableHeader", "Object Repository/Canine/Canine_CasesTabNextBtn", G_WebTabnameCases, G_CypherTabnameCases, G_QueryCasesTab): com.kms.katalon.core.exception.StepFailedException: Mismatch in Stat Bar Files count

2021-07-14 17:54:55 - [MESSAGE][FAILED] - Mismatch in Stat Bar Files count

2021-07-14 17:54:55 - [MESSAGE][FAILED] - Mismatch in Stat Bar Samples count

2021-07-14 17:54:55 - [MESSAGE][FAILED] - Mismatch in Stat Bar Cases count

2021-07-14 17:54:55 - [MESSAGE][PASSED] - Statbar Arms count matches

2021-07-14 17:54:55 - [MESSAGE][FAILED] - com.kms.katalon.core.exception.StepFailedException: Mismatch in Stat Bar Files count

2021-07-14 17:54:55 - [TEST_STEP][PASSED] - closeBrowser(): Browser is closed

2021-07-14 17:54:55 - [MESSAGE][PASSED] - Browser is closed]]></system-out>
         <system-err><![CDATA[2021-07-14 17:53:59 - [TEST_CASE][FAILED] - Test Cases/Canine_TestCases/StudyCombinations/Study-Combinations-UBC01/TC35_Canine_StudyUBC-Breed_RespToTreatmt_Sex_NeutStatus: Test Cases/Canine_TestCases/StudyCombinations/Study-Combinations-UBC01/TC35_Canine_StudyUBC-Breed_RespToTreatmt_Sex_NeutStatus FAILED.
Reason:
com.kms.katalon.core.exception.StepFailedException: Mismatch in Stat Bar Files count
	at com.kms.katalon.core.util.KeywordUtil.markFailed(KeywordUtil.java:19)
	at com.kms.katalon.core.util.KeywordUtil$markFailed$1.call(Unknown Source)
	at ctdc.utilities.runtestcaseforKatalon.validateStatBar(runtestcaseforKatalon.groovy:964)
	at ctdc.utilities.runtestcaseforKatalon.multiFunction(runtestcaseforKatalon.groovy:254)
	at ctdc.utilities.runtestcaseforKatalon.invokeMethod(runtestcaseforKatalon.groovy)
	at com.kms.katalon.core.main.CustomKeywordDelegatingMetaClass.invokeStaticMethod(CustomKeywordDelegatingMetaClass.java:50)
	at TC35_Canine_StudyUBC-Breed_RespToTreatmt_Sex_NeutStatus.run(TC35_Canine_StudyUBC-Breed_RespToTreatmt_Sex_NeutStatus:80)
	at com.kms.katalon.core.main.ScriptEngine.run(ScriptEngine.java:194)
	at com.kms.katalon.core.main.ScriptEngine.runScriptAsRawText(ScriptEngine.java:119)
	at com.kms.katalon.core.main.TestCaseExecutor.runScript(TestCaseExecutor.java:369)
	at com.kms.katalon.core.main.TestCaseExecutor.doExecute(TestCaseExecutor.java:360)
	at com.kms.katalon.core.main.TestCaseExecutor.processExecutionPhase(TestCaseExecutor.java:339)
	at com.kms.katalon.core.main.TestCaseExecutor.accessMainPhase(TestCaseExecutor.java:331)
	at com.kms.katalon.core.main.TestCaseExecutor.execute(TestCaseExecutor.java:248)
	at com.kms.katalon.core.main.TestSuiteExecutor.accessTestCaseMainPhase(TestSuiteExecutor.java:191)
	at com.kms.katalon.core.main.TestSuiteExecutor.accessTestSuiteMainPhase(TestSuiteExecutor.java:140)
	at com.kms.katalon.core.main.TestSuiteExecutor.execute(TestSuiteExecutor.java:89)
	at com.kms.katalon.core.main.TestCaseMain.startTestSuite(TestCaseMain.java:185)
	at com.kms.katalon.core.main.TestCaseMain$startTestSuite$0.call(Unknown Source)
	at TempTestSuite1626296935818.run(TempTestSuite1626296935818.groovy:39)]]></system-err>
      </testcase>
      <testcase name="Test Cases/Canine_TestCases/StudyCombinations/Study-Combinations-UBC01/TC36_Canine_StudyUBC-Breed_RespToTreatmt_Sex_NeutStatus" time="83.766" classname="Test Cases/Canine_TestCases/StudyCombinations/Study-Combinations-UBC01/TC36_Canine_StudyUBC-Breed_RespToTreatmt_Sex_NeutStatus" status="ERROR">
         <error type="ERROR" message="Test Cases/Canine_TestCases/StudyCombinations/Study-Combinations-UBC01/TC36_Canine_StudyUBC-Breed_RespToTreatmt_Sex_NeutStatus FAILED.
Reason:
org.openqa.selenium.NoSuchElementException: no such element: Unable to locate element: {&quot;method&quot;:&quot;xpath&quot;,&quot;selector&quot;:&quot;(//*[contains(text(),'No')])[5]&quot;}
  (Session info: headless chrome=91.0.4472.124)
For documentation on this error, please visit: https://www.seleniumhq.org/exceptions/no_such_element.html
Build info: version: '3.141.59', revision: 'e82be7d358', time: '2018-11-14T08:25:53'
System info: host: 'NCI-02158064-L', ip: '10.242.15.121', os.name: 'Windows 10', os.arch: 'amd64', os.version: '10.0', java.version: '1.8.0_181'
Driver info: org.openqa.selenium.chrome.ChromeDriver
Capabilities {acceptInsecureCerts: false, browserName: chrome, browserVersion: 91.0.4472.124, chrome: {chromedriverVersion: 90.0.4430.24 (4c6d850f087da..., userDataDir: C:\Users\lollal\AppData\Loc...}, goog:chromeOptions: {debuggerAddress: localhost:65104}, javascriptEnabled: true, networkConnectionEnabled: false, pageLoadStrategy: normal, platform: WINDOWS, platformName: WINDOWS, proxy: Proxy(), setWindowRect: true, strictFileInteractability: false, timeouts: {implicit: 0, pageLoad: 300000, script: 30000}, unhandledPromptBehavior: dismiss and notify, webauthn:extension:largeBlob: true, webauthn:virtualAuthenticators: true}
Session ID: 81b1147af63a1387f5519a984967f9c7
*** Element info: {Using=xpath, value=(//*[contains(text(),'No')])[5]}
	at org.openqa.selenium.remote.http.W3CHttpResponseCodec.createException(W3CHttpResponseCodec.java:187)
	at org.openqa.selenium.remote.http.W3CHttpResponseCodec.decode(W3CHttpResponseCodec.java:122)
	at org.openqa.selenium.remote.http.W3CHttpResponseCodec.decode(W3CHttpResponseCodec.java:49)
	at org.openqa.selenium.remote.HttpCommandExecutor.execute(HttpCommandExecutor.java:158)
	at org.openqa.selenium.remote.service.DriverCommandExecutor.execute(DriverCommandExecutor.java:83)
	at org.openqa.selenium.remote.RemoteWebDriver.execute(RemoteWebDriver.java:552)
	at org.openqa.selenium.remote.RemoteWebDriver.findElement(RemoteWebDriver.java:323)
	at org.openqa.selenium.remote.RemoteWebDriver.findElementByXPath(RemoteWebDriver.java:428)
	at org.openqa.selenium.By$ByXPath.findElement(By.java:353)
	at org.openqa.selenium.remote.RemoteWebDriver.findElement(RemoteWebDriver.java:315)
	at org.openqa.selenium.WebDriver$findElement$1.call(Unknown Source)
	at ctdc.utilities.runtestcaseforKatalon.clickTab(runtestcaseforKatalon.groovy:1048)
	at ctdc.utilities.runtestcaseforKatalon.invokeMethod(runtestcaseforKatalon.groovy)
	at com.kms.katalon.core.main.CustomKeywordDelegatingMetaClass.invokeStaticMethod(CustomKeywordDelegatingMetaClass.java:50)
	at TC36_Canine_StudyUBC-Breed_RespToTreatmt_Sex_NeutStatus.run(TC36_Canine_StudyUBC-Breed_RespToTreatmt_Sex_NeutStatus:69)
	at com.kms.katalon.core.main.ScriptEngine.run(ScriptEngine.java:194)
	at com.kms.katalon.core.main.ScriptEngine.runScriptAsRawText(ScriptEngine.java:119)
	at com.kms.katalon.core.main.TestCaseExecutor.runScript(TestCaseExecutor.java:369)
	at com.kms.katalon.core.main.TestCaseExecutor.doExecute(TestCaseExecutor.java:360)
	at com.kms.katalon.core.main.TestCaseExecutor.processExecutionPhase(TestCaseExecutor.java:339)
	at com.kms.katalon.core.main.TestCaseExecutor.accessMainPhase(TestCaseExecutor.java:331)
	at com.kms.katalon.core.main.TestCaseExecutor.execute(TestCaseExecutor.java:248)
	at com.kms.katalon.core.main.TestSuiteExecutor.accessTestCaseMainPhase(TestSuiteExecutor.java:191)
	at com.kms.katalon.core.main.TestSuiteExecutor.accessTestSuiteMainPhase(TestSuiteExecutor.java:140)
	at com.kms.katalon.core.main.TestSuiteExecutor.execute(TestSuiteExecutor.java:89)
	at com.kms.katalon.core.main.TestCaseMain.startTestSuite(TestCaseMain.java:185)
	at com.kms.katalon.core.main.TestCaseMain$startTestSuite$0.call(Unknown Source)
	at TempTestSuite1626296935818.run(TempTestSuite1626296935818.groovy:39)
"/>
         <system-out><![CDATA[2021-07-14 17:54:55 - [TEST_CASE][ERROR] - Test Cases/Canine_TestCases/StudyCombinations/Study-Combinations-UBC01/TC36_Canine_StudyUBC-Breed_RespToTreatmt_Sex_NeutStatus: Test Cases/Canine_TestCases/StudyCombinations/Study-Combinations-UBC01/TC36_Canine_StudyUBC-Breed_RespToTreatmt_Sex_NeutStatus FAILED.
Reason:
org.openqa.selenium.NoSuchElementException: no such element: Unable to locate element: {"method":"xpath","selector":"(//*[contains(text(),'No')])[5]"}
  (Session info: headless chrome=91.0.4472.124)
For documentation on this error, please visit: https://www.seleniumhq.org/exceptions/no_such_element.html
Build info: version: '3.141.59', revision: 'e82be7d358', time: '2018-11-14T08:25:53'
System info: host: 'NCI-02158064-L', ip: '10.242.15.121', os.name: 'Windows 10', os.arch: 'amd64', os.version: '10.0', java.version: '1.8.0_181'
Driver info: org.openqa.selenium.chrome.ChromeDriver
Capabilities {acceptInsecureCerts: false, browserName: chrome, browserVersion: 91.0.4472.124, chrome: {chromedriverVersion: 90.0.4430.24 (4c6d850f087da..., userDataDir: C:\Users\lollal\AppData\Loc...}, goog:chromeOptions: {debuggerAddress: localhost:65104}, javascriptEnabled: true, networkConnectionEnabled: false, pageLoadStrategy: normal, platform: WINDOWS, platformName: WINDOWS, proxy: Proxy(), setWindowRect: true, strictFileInteractability: false, timeouts: {implicit: 0, pageLoad: 300000, script: 30000}, unhandledPromptBehavior: dismiss and notify, webauthn:extension:largeBlob: true, webauthn:virtualAuthenticators: true}
Session ID: 81b1147af63a1387f5519a984967f9c7
*** Element info: {Using=xpath, value=(//*[contains(text(),'No')])[5]}
	at org.openqa.selenium.remote.http.W3CHttpResponseCodec.createException(W3CHttpResponseCodec.java:187)
	at org.openqa.selenium.remote.http.W3CHttpResponseCodec.decode(W3CHttpResponseCodec.java:122)
	at org.openqa.selenium.remote.http.W3CHttpResponseCodec.decode(W3CHttpResponseCodec.java:49)
	at org.openqa.selenium.remote.HttpCommandExecutor.execute(HttpCommandExecutor.java:158)
	at org.openqa.selenium.remote.service.DriverCommandExecutor.execute(DriverCommandExecutor.java:83)
	at org.openqa.selenium.remote.RemoteWebDriver.execute(RemoteWebDriver.java:552)
	at org.openqa.selenium.remote.RemoteWebDriver.findElement(RemoteWebDriver.java:323)
	at org.openqa.selenium.remote.RemoteWebDriver.findElementByXPath(RemoteWebDriver.java:428)
	at org.openqa.selenium.By$ByXPath.findElement(By.java:353)
	at org.openqa.selenium.remote.RemoteWebDriver.findElement(RemoteWebDriver.java:315)
	at org.openqa.selenium.WebDriver$findElement$1.call(Unknown Source)
	at ctdc.utilities.runtestcaseforKatalon.clickTab(runtestcaseforKatalon.groovy:1048)
	at ctdc.utilities.runtestcaseforKatalon.invokeMethod(runtestcaseforKatalon.groovy)
	at com.kms.katalon.core.main.CustomKeywordDelegatingMetaClass.invokeStaticMethod(CustomKeywordDelegatingMetaClass.java:50)
	at TC36_Canine_StudyUBC-Breed_RespToTreatmt_Sex_NeutStatus.run(TC36_Canine_StudyUBC-Breed_RespToTreatmt_Sex_NeutStatus:69)
	at com.kms.katalon.core.main.ScriptEngine.run(ScriptEngine.java:194)
	at com.kms.katalon.core.main.ScriptEngine.runScriptAsRawText(ScriptEngine.java:119)
	at com.kms.katalon.core.main.TestCaseExecutor.runScript(TestCaseExecutor.java:369)
	at com.kms.katalon.core.main.TestCaseExecutor.doExecute(TestCaseExecutor.java:360)
	at com.kms.katalon.core.main.TestCaseExecutor.processExecutionPhase(TestCaseExecutor.java:339)
	at com.kms.katalon.core.main.TestCaseExecutor.accessMainPhase(TestCaseExecutor.java:331)
	at com.kms.katalon.core.main.TestCaseExecutor.execute(TestCaseExecutor.java:248)
	at com.kms.katalon.core.main.TestSuiteExecutor.accessTestCaseMainPhase(TestSuiteExecutor.java:191)
	at com.kms.katalon.core.main.TestSuiteExecutor.accessTestSuiteMainPhase(TestSuiteExecutor.java:140)
	at com.kms.katalon.core.main.TestSuiteExecutor.execute(TestSuiteExecutor.java:89)
	at com.kms.katalon.core.main.TestCaseMain.startTestSuite(TestCaseMain.java:185)
	at com.kms.katalon.core.main.TestCaseMain$startTestSuite$0.call(Unknown Source)
	at TempTestSuite1626296935818.run(TempTestSuite1626296935818.groovy:39)


2021-07-14 17:54:55 - [TEST_STEP][PASSED] - Start listener action : getTestScriptName: null

2021-07-14 17:54:55 - [TEST_STEP][PASSED] - TestCaseId = testCaseContext.getTestCaseId(): null

2021-07-14 17:54:55 - [TEST_STEP][PASSED] - out.println("**********this is the value of test case id string******** " + testCaseContext.getTestCaseId()): null

2021-07-14 17:54:55 - [TEST_STEP][PASSED] - G_currentTCName = TestCaseId.substring(TestCaseId.lastIndexOf("TC")): null

2021-07-14 17:54:55 - [TEST_STEP][PASSED] - out.println("This is the test case name : " + G_currentTCName): null

2021-07-14 17:54:56 - [TEST_STEP][PASSED] - openBrowser(""): Browser is opened with url: ''

2021-07-14 17:54:56 - [MESSAGE][INFO] - Starting 'Chrome (headless)' driver

2021-07-14 17:54:56 - [MESSAGE][INFO] - User set preference: ['args', '[--no-sandbox]']

2021-07-14 17:54:56 - [MESSAGE][INFO] - Action delay is set to 0 milliseconds

2021-07-14 17:54:58 - [MESSAGE][PASSED] - Browser is opened with url: ''

2021-07-14 17:54:58 - [TEST_STEP][PASSED] - maximizeWindow(): Current window maximized

2021-07-14 17:54:58 - [MESSAGE][PASSED] - Current window maximized

2021-07-14 17:54:58 - [TEST_STEP][PASSED] - "Driver opened by Katalon is used in Selenium from this step.": null

2021-07-14 17:54:58 - [TEST_STEP][PASSED] - ctdc.utilities.runtestcaseforKatalon.RunKatalon("TC11_Canine_StudyUBC-Breed_Diagnosis_PrimDiseaseSite_RespToTreatmt.xlsx"): Data loaded from input file for the test case. 

2021-07-14 17:54:58 - [MESSAGE][PASSED] - Test case file loaded This is the full filepath after converting to string :C:\Automation_master\InputFiles\TC11_Canine_StudyUBC-Breed_Diagnosis_PrimDiseaseSite_RespToTreatmt.xlsx

2021-07-14 17:54:58 - [MESSAGE][INFO] - Global variable set for password file is :  C:\Automation_master\InputFiles\TC11_Canine_StudyUBC-Breed_Diagnosis_PrimDiseaseSite_RespToTreatmt.xlsx

2021-07-14 17:55:02 - [MESSAGE][PASSED] - Data loaded from input file for the test case. 

2021-07-14 17:55:10 - [TEST_STEP][PASSED] - waitForElementPresent(findTestObject("Canine/NavBar/Canine_Cases_Btn"), 10): Object 'Object Repository/Canine/NavBar/Canine_Cases_Btn' is present

2021-07-14 17:55:10 - [MESSAGE][PASSED] - Object 'Object Repository/Canine/NavBar/Canine_Cases_Btn' is present

2021-07-14 17:55:10 - [TEST_STEP][PASSED] - ctdc.utilities.runtestcaseforKatalon.clickTab("Canine/NavBar/Canine_Cases_Btn"): ctdc.utilities.runtestcaseforKatalon.clickTab is PASSED

2021-07-14 17:55:11 - [MESSAGE][PASSED] - ctdc.utilities.runtestcaseforKatalon.clickTab is PASSED

2021-07-14 17:55:11 - [TEST_STEP][PASSED] - waitForElementPresent(findTestObject("Object Repository/Canine/Filter/FilterByCases_Facet"), 10): Object 'Object Repository/Canine/Filter/FilterByCases_Facet' is present

2021-07-14 17:55:12 - [MESSAGE][PASSED] - Object 'Object Repository/Canine/Filter/FilterByCases_Facet' is present

2021-07-14 17:55:12 - [TEST_STEP][PASSED] - ctdc.utilities.runtestcaseforKatalon.clickTab("Object Repository/Canine/Filter/FilterByCases_Facet"): ctdc.utilities.runtestcaseforKatalon.clickTab is PASSED

2021-07-14 17:55:13 - [MESSAGE][PASSED] - ctdc.utilities.runtestcaseforKatalon.clickTab is PASSED

2021-07-14 17:55:13 - [TEST_STEP][PASSED] - waitForElementPresent(findTestObject("Object Repository/Canine/Filter/Study/Canine_Filter_Study"), 10): Object 'Object Repository/Canine/Filter/Study/Canine_Filter_Study' is present

2021-07-14 17:55:13 - [MESSAGE][PASSED] - Object 'Object Repository/Canine/Filter/Study/Canine_Filter_Study' is present

2021-07-14 17:55:13 - [TEST_STEP][PASSED] - ctdc.utilities.runtestcaseforKatalon.clickTab("Object Repository/Canine/Filter/Study/Canine_Filter_Study"): ctdc.utilities.runtestcaseforKatalon.clickTab is PASSED

2021-07-14 17:55:14 - [MESSAGE][PASSED] - ctdc.utilities.runtestcaseforKatalon.clickTab is PASSED

2021-07-14 17:55:14 - [TEST_STEP][PASSED] - waitForElementPresent(findTestObject("Object Repository/Canine/Filter/Study/Canine_Filter_Study-UBC_Chkbx"), 10): Object 'Object Repository/Canine/Filter/Study/Canine_Filter_Study-UBC_Chkbx' is present

2021-07-14 17:55:14 - [MESSAGE][PASSED] - Object 'Object Repository/Canine/Filter/Study/Canine_Filter_Study-UBC_Chkbx' is present

2021-07-14 17:55:14 - [TEST_STEP][PASSED] - ctdc.utilities.runtestcaseforKatalon.clickTab("Object Repository/Canine/Filter/Study/Canine_Filter_Study-UBC_Chkbx"): ctdc.utilities.runtestcaseforKatalon.clickTab is PASSED

2021-07-14 17:55:14 - [MESSAGE][PASSED] - ctdc.utilities.runtestcaseforKatalon.clickTab is PASSED

2021-07-14 17:55:14 - [TEST_STEP][PASSED] - Thread.sleep(2000): null

2021-07-14 17:55:16 - [TEST_STEP][PASSED] - waitForElementPresent(findTestObject("Object Repository/Canine/Filter/Sex/SEX_Ddn"), 10): Object 'Object Repository/Canine/Filter/Sex/SEX_Ddn' is present

2021-07-14 17:55:16 - [MESSAGE][PASSED] - Object 'Object Repository/Canine/Filter/Sex/SEX_Ddn' is present

2021-07-14 17:55:16 - [TEST_STEP][PASSED] - ctdc.utilities.runtestcaseforKatalon.clickTab("Object Repository/Canine/Filter/Sex/SEX_Ddn"): ctdc.utilities.runtestcaseforKatalon.clickTab is PASSED

2021-07-14 17:55:17 - [MESSAGE][PASSED] - ctdc.utilities.runtestcaseforKatalon.clickTab is PASSED

2021-07-14 17:55:17 - [TEST_STEP][PASSED] - waitForElementPresent(findTestObject("Object Repository/Canine/Filter/Sex/Female_Chkbx"), 10): Object 'Object Repository/Canine/Filter/Sex/Female_Chkbx' is present

2021-07-14 17:55:17 - [MESSAGE][PASSED] - Object 'Object Repository/Canine/Filter/Sex/Female_Chkbx' is present

2021-07-14 17:55:17 - [TEST_STEP][PASSED] - ctdc.utilities.runtestcaseforKatalon.clickTab("Object Repository/Canine/Filter/Sex/Female_Chkbx"): ctdc.utilities.runtestcaseforKatalon.clickTab is PASSED

2021-07-14 17:55:17 - [MESSAGE][PASSED] - ctdc.utilities.runtestcaseforKatalon.clickTab is PASSED

2021-07-14 17:55:17 - [TEST_STEP][PASSED] - ctdc.utilities.runtestcaseforKatalon.clickTab("Object Repository/Canine/Filter/Sex/SEX_Ddn"): ctdc.utilities.runtestcaseforKatalon.clickTab is PASSED

2021-07-14 17:55:18 - [MESSAGE][PASSED] - ctdc.utilities.runtestcaseforKatalon.clickTab is PASSED

2021-07-14 17:55:18 - [TEST_STEP][PASSED] - waitForElementPresent(findTestObject("Object Repository/Canine/Filter/NeuteredStatus/NEUTEREDSTATUS_Ddn"), 10): Object 'Object Repository/Canine/Filter/NeuteredStatus/NEUTEREDSTATUS_Ddn' is present

2021-07-14 17:55:18 - [MESSAGE][PASSED] - Object 'Object Repository/Canine/Filter/NeuteredStatus/NEUTEREDSTATUS_Ddn' is present

2021-07-14 17:55:18 - [TEST_STEP][PASSED] - ctdc.utilities.runtestcaseforKatalon.clickTab("Object Repository/Canine/Filter/NeuteredStatus/NEUTEREDSTATUS_Ddn"): ctdc.utilities.runtestcaseforKatalon.clickTab is PASSED

2021-07-14 17:55:18 - [MESSAGE][PASSED] - ctdc.utilities.runtestcaseforKatalon.clickTab is PASSED

2021-07-14 17:55:18 - [TEST_STEP][PASSED] - waitForElementPresent(findTestObject("Object Repository/Canine/Filter/NeuteredStatus/Yes_Chkbx"), 10): Object 'Object Repository/Canine/Filter/NeuteredStatus/Yes_Chkbx' is present

2021-07-14 17:55:19 - [MESSAGE][PASSED] - Object 'Object Repository/Canine/Filter/NeuteredStatus/Yes_Chkbx' is present

2021-07-14 17:55:19 - [TEST_STEP][PASSED] - ctdc.utilities.runtestcaseforKatalon.clickTab("Object Repository/Canine/Filter/NeuteredStatus/Yes_Chkbx"): ctdc.utilities.runtestcaseforKatalon.clickTab is PASSED

2021-07-14 17:55:19 - [MESSAGE][PASSED] - ctdc.utilities.runtestcaseforKatalon.clickTab is PASSED

2021-07-14 17:55:19 - [TEST_STEP][PASSED] - waitForElementPresent(findTestObject("Object Repository/Canine/Filter/NeuteredStatus/No_Chkbx"), 10): Object 'Object Repository/Canine/Filter/NeuteredStatus/No_Chkbx' is not present after 10 second(s)

2021-07-14 17:55:49 - [MESSAGE][INFO] - Unable to find the element located by 'By.xpath: (//*[contains(text(),'No')])[5]'. Please recheck the objects properties to make sure the desired element is located. 

2021-07-14 17:55:49 - [MESSAGE][WARNING] - Object 'Object Repository/Canine/Filter/NeuteredStatus/No_Chkbx' is not present after 10 second(s)

2021-07-14 17:55:49 - [TEST_STEP][ERROR] - ctdc.utilities.runtestcaseforKatalon.clickTab("Object Repository/Canine/Filter/NeuteredStatus/No_Chkbx"): no such element: Unable to locate element: {"method":"xpath","selector":"(//*[contains(text(),'No')])[5]"}
  (Session info: headless chrome=91.0.4472.124)
For documentation on this error, please visit: https://www.seleniumhq.org/exceptions/no_such_element.html
Build info: version: '3.141.59', revision: 'e82be7d358', time: '2018-11-14T08:25:53'
System info: host: 'NCI-02158064-L', ip: '10.242.15.121', os.name: 'Windows 10', os.arch: 'amd64', os.version: '10.0', java.version: '1.8.0_181'
Driver info: org.openqa.selenium.chrome.ChromeDriver
Capabilities {acceptInsecureCerts: false, browserName: chrome, browserVersion: 91.0.4472.124, chrome: {chromedriverVersion: 90.0.4430.24 (4c6d850f087da..., userDataDir: C:\Users\lollal\AppData\Loc...}, goog:chromeOptions: {debuggerAddress: localhost:65104}, javascriptEnabled: true, networkConnectionEnabled: false, pageLoadStrategy: normal, platform: WINDOWS, platformName: WINDOWS, proxy: Proxy(), setWindowRect: true, strictFileInteractability: false, timeouts: {implicit: 0, pageLoad: 300000, script: 30000}, unhandledPromptBehavior: dismiss and notify, webauthn:extension:largeBlob: true, webauthn:virtualAuthenticators: true}
Session ID: 81b1147af63a1387f5519a984967f9c7
*** Element info: {Using=xpath, value=(//*[contains(text(),'No')])[5]}

2021-07-14 17:56:19 - [MESSAGE][ERROR] - no such element: Unable to locate element: {"method":"xpath","selector":"(//*[contains(text(),'No')])[5]"}
  (Session info: headless chrome=91.0.4472.124)
For documentation on this error, please visit: https://www.seleniumhq.org/exceptions/no_such_element.html
Build info: version: '3.141.59', revision: 'e82be7d358', time: '2018-11-14T08:25:53'
System info: host: 'NCI-02158064-L', ip: '10.242.15.121', os.name: 'Windows 10', os.arch: 'amd64', os.version: '10.0', java.version: '1.8.0_181'
Driver info: org.openqa.selenium.chrome.ChromeDriver
Capabilities {acceptInsecureCerts: false, browserName: chrome, browserVersion: 91.0.4472.124, chrome: {chromedriverVersion: 90.0.4430.24 (4c6d850f087da..., userDataDir: C:\Users\lollal\AppData\Loc...}, goog:chromeOptions: {debuggerAddress: localhost:65104}, javascriptEnabled: true, networkConnectionEnabled: false, pageLoadStrategy: normal, platform: WINDOWS, platformName: WINDOWS, proxy: Proxy(), setWindowRect: true, strictFileInteractability: false, timeouts: {implicit: 0, pageLoad: 300000, script: 30000}, unhandledPromptBehavior: dismiss and notify, webauthn:extension:largeBlob: true, webauthn:virtualAuthenticators: true}
Session ID: 81b1147af63a1387f5519a984967f9c7
*** Element info: {Using=xpath, value=(//*[contains(text(),'No')])[5]}]]></system-out>
         <system-err><![CDATA[2021-07-14 17:54:55 - [TEST_CASE][ERROR] - Test Cases/Canine_TestCases/StudyCombinations/Study-Combinations-UBC01/TC36_Canine_StudyUBC-Breed_RespToTreatmt_Sex_NeutStatus: Test Cases/Canine_TestCases/StudyCombinations/Study-Combinations-UBC01/TC36_Canine_StudyUBC-Breed_RespToTreatmt_Sex_NeutStatus FAILED.
Reason:
org.openqa.selenium.NoSuchElementException: no such element: Unable to locate element: {"method":"xpath","selector":"(//*[contains(text(),'No')])[5]"}
  (Session info: headless chrome=91.0.4472.124)
For documentation on this error, please visit: https://www.seleniumhq.org/exceptions/no_such_element.html
Build info: version: '3.141.59', revision: 'e82be7d358', time: '2018-11-14T08:25:53'
System info: host: 'NCI-02158064-L', ip: '10.242.15.121', os.name: 'Windows 10', os.arch: 'amd64', os.version: '10.0', java.version: '1.8.0_181'
Driver info: org.openqa.selenium.chrome.ChromeDriver
Capabilities {acceptInsecureCerts: false, browserName: chrome, browserVersion: 91.0.4472.124, chrome: {chromedriverVersion: 90.0.4430.24 (4c6d850f087da..., userDataDir: C:\Users\lollal\AppData\Loc...}, goog:chromeOptions: {debuggerAddress: localhost:65104}, javascriptEnabled: true, networkConnectionEnabled: false, pageLoadStrategy: normal, platform: WINDOWS, platformName: WINDOWS, proxy: Proxy(), setWindowRect: true, strictFileInteractability: false, timeouts: {implicit: 0, pageLoad: 300000, script: 30000}, unhandledPromptBehavior: dismiss and notify, webauthn:extension:largeBlob: true, webauthn:virtualAuthenticators: true}
Session ID: 81b1147af63a1387f5519a984967f9c7
*** Element info: {Using=xpath, value=(//*[contains(text(),'No')])[5]}
	at org.openqa.selenium.remote.http.W3CHttpResponseCodec.createException(W3CHttpResponseCodec.java:187)
	at org.openqa.selenium.remote.http.W3CHttpResponseCodec.decode(W3CHttpResponseCodec.java:122)
	at org.openqa.selenium.remote.http.W3CHttpResponseCodec.decode(W3CHttpResponseCodec.java:49)
	at org.openqa.selenium.remote.HttpCommandExecutor.execute(HttpCommandExecutor.java:158)
	at org.openqa.selenium.remote.service.DriverCommandExecutor.execute(DriverCommandExecutor.java:83)
	at org.openqa.selenium.remote.RemoteWebDriver.execute(RemoteWebDriver.java:552)
	at org.openqa.selenium.remote.RemoteWebDriver.findElement(RemoteWebDriver.java:323)
	at org.openqa.selenium.remote.RemoteWebDriver.findElementByXPath(RemoteWebDriver.java:428)
	at org.openqa.selenium.By$ByXPath.findElement(By.java:353)
	at org.openqa.selenium.remote.RemoteWebDriver.findElement(RemoteWebDriver.java:315)
	at org.openqa.selenium.WebDriver$findElement$1.call(Unknown Source)
	at ctdc.utilities.runtestcaseforKatalon.clickTab(runtestcaseforKatalon.groovy:1048)
	at ctdc.utilities.runtestcaseforKatalon.invokeMethod(runtestcaseforKatalon.groovy)
	at com.kms.katalon.core.main.CustomKeywordDelegatingMetaClass.invokeStaticMethod(CustomKeywordDelegatingMetaClass.java:50)
	at TC36_Canine_StudyUBC-Breed_RespToTreatmt_Sex_NeutStatus.run(TC36_Canine_StudyUBC-Breed_RespToTreatmt_Sex_NeutStatus:69)
	at com.kms.katalon.core.main.ScriptEngine.run(ScriptEngine.java:194)
	at com.kms.katalon.core.main.ScriptEngine.runScriptAsRawText(ScriptEngine.java:119)
	at com.kms.katalon.core.main.TestCaseExecutor.runScript(TestCaseExecutor.java:369)
	at com.kms.katalon.core.main.TestCaseExecutor.doExecute(TestCaseExecutor.java:360)
	at com.kms.katalon.core.main.TestCaseExecutor.processExecutionPhase(TestCaseExecutor.java:339)
	at com.kms.katalon.core.main.TestCaseExecutor.accessMainPhase(TestCaseExecutor.java:331)
	at com.kms.katalon.core.main.TestCaseExecutor.execute(TestCaseExecutor.java:248)
	at com.kms.katalon.core.main.TestSuiteExecutor.accessTestCaseMainPhase(TestSuiteExecutor.java:191)
	at com.kms.katalon.core.main.TestSuiteExecutor.accessTestSuiteMainPhase(TestSuiteExecutor.java:140)
	at com.kms.katalon.core.main.TestSuiteExecutor.execute(TestSuiteExecutor.java:89)
	at com.kms.katalon.core.main.TestCaseMain.startTestSuite(TestCaseMain.java:185)
	at com.kms.katalon.core.main.TestCaseMain$startTestSuite$0.call(Unknown Source)
	at TempTestSuite1626296935818.run(TempTestSuite1626296935818.groovy:39)]]></system-err>
      </testcase>
      <system-out><![CDATA[2021-07-14 17:09:05 - [TEST_SUITE][ERROR] - ICDC_Regression1: Test Cases/Canine_TestCases/Study/TC04_Canine_Filter_Study-UBC01 FAILED.
Reason:
groovy.lang.MissingPropertyException: No such property: G_WebTabnameCasesCases for class: internal.GlobalVariable
	at TC04_Canine_Filter_Study-UBC01.run(TC04_Canine_Filter_Study-UBC01:66)
	at com.kms.katalon.core.main.ScriptEngine.run(ScriptEngine.java:194)
	at com.kms.katalon.core.main.ScriptEngine.runScriptAsRawText(ScriptEngine.java:119)
	at com.kms.katalon.core.main.TestCaseExecutor.runScript(TestCaseExecutor.java:369)
	at com.kms.katalon.core.main.TestCaseExecutor.doExecute(TestCaseExecutor.java:360)
	at com.kms.katalon.core.main.TestCaseExecutor.processExecutionPhase(TestCaseExecutor.java:339)
	at com.kms.katalon.core.main.TestCaseExecutor.accessMainPhase(TestCaseExecutor.java:331)
	at com.kms.katalon.core.main.TestCaseExecutor.execute(TestCaseExecutor.java:248)
	at com.kms.katalon.core.main.TestSuiteExecutor.accessTestCaseMainPhase(TestSuiteExecutor.java:191)
	at com.kms.katalon.core.main.TestSuiteExecutor.accessTestSuiteMainPhase(TestSuiteExecutor.java:140)
	at com.kms.katalon.core.main.TestSuiteExecutor.execute(TestSuiteExecutor.java:89)
	at com.kms.katalon.core.main.TestCaseMain.startTestSuite(TestCaseMain.java:185)
	at com.kms.katalon.core.main.TestCaseMain$startTestSuite$0.call(Unknown Source)
	at TempTestSuite1626296935818.run(TempTestSuite1626296935818.groovy:39)]]></system-out>
      <system-err><![CDATA[2021-07-14 17:09:05 - [TEST_SUITE][ERROR] - ICDC_Regression1: Test Cases/Canine_TestCases/Study/TC04_Canine_Filter_Study-UBC01 FAILED.
Reason:
groovy.lang.MissingPropertyException: No such property: G_WebTabnameCasesCases for class: internal.GlobalVariable
	at TC04_Canine_Filter_Study-UBC01.run(TC04_Canine_Filter_Study-UBC01:66)
	at com.kms.katalon.core.main.ScriptEngine.run(ScriptEngine.java:194)
	at com.kms.katalon.core.main.ScriptEngine.runScriptAsRawText(ScriptEngine.java:119)
	at com.kms.katalon.core.main.TestCaseExecutor.runScript(TestCaseExecutor.java:369)
	at com.kms.katalon.core.main.TestCaseExecutor.doExecute(TestCaseExecutor.java:360)
	at com.kms.katalon.core.main.TestCaseExecutor.processExecutionPhase(TestCaseExecutor.java:339)
	at com.kms.katalon.core.main.TestCaseExecutor.accessMainPhase(TestCaseExecutor.java:331)
	at com.kms.katalon.core.main.TestCaseExecutor.execute(TestCaseExecutor.java:248)
	at com.kms.katalon.core.main.TestSuiteExecutor.accessTestCaseMainPhase(TestSuiteExecutor.java:191)
	at com.kms.katalon.core.main.TestSuiteExecutor.accessTestSuiteMainPhase(TestSuiteExecutor.java:140)
	at com.kms.katalon.core.main.TestSuiteExecutor.execute(TestSuiteExecutor.java:89)
	at com.kms.katalon.core.main.TestCaseMain.startTestSuite(TestCaseMain.java:185)
	at com.kms.katalon.core.main.TestCaseMain$startTestSuite$0.call(Unknown Source)
	at TempTestSuite1626296935818.run(TempTestSuite1626296935818.groovy:39)]]></system-err>
   </testsuite>
</testsuites>
