<?xml version="1.0" encoding="UTF-8"?>
<testsuites name="ICDCQuickRun" time="251.153" tests="1" failures="0" errors="0">
   <testsuite name="ICDCQuickRun" tests="1" failures="0" errors="0" time="251.153" skipped="0" timestamp="2022-04-18 10:37:03" hostname="radhakrishnang2 - NCI-02150368-L.nci.nih.gov" id="Test Suites/ICDCQuickRun">
      <properties>
         <property name="deviceName" value=""/>
         <property name="devicePlatform" value=""/>
         <property name="logFolder" value="C:\\Users\\radhakrishnang2\\Desktop\\Commons_Automation\\Reports\\20220418_103655\\ICDCQuickRun\\20220418_103655"/>
         <property name="logFiles" value="C:\\Users\\radhakrishnang2\\Desktop\\Commons_Automation\\Reports\\20220418_103655\\ICDCQuickRun\\20220418_103655\\execution0.log"/>
         <property name="attachments" value=""/>
         <property name="hostName" value="radhakrishnang2 - NCI-02150368-L.nci.nih.gov"/>
         <property name="os" value="Windows 10 64bit"/>
         <property name="katalonVersion" value="8.2.5.208"/>
         <property name="browser" value="Chrome 100.0.4896.88"/>
         <property name="hostAddress" value="10.242.5.59"/>
         <property name="sessionId" value="fe7c885bf8f06b7c91f674c2ebb49d44"/>
         <property name="seleniumVersion" value="3.141.59"/>
         <property name="proxyInformation" value="ProxyInformation { proxyOption=NO_PROXY, proxyServerType=HTTP, username=, password=********, proxyServerAddress=, proxyServerPort=0, executionList=&quot;&quot;, isApplyToDesiredCapabilities=true }"/>
         <property name="platform" value="Windows 10"/>
      </properties>
      <testcase name="Test Cases/Canine_TestCases/Breed/TC01_Canine_Filter_Breed-Akita" time="248.869" classname="Test Cases/Canine_TestCases/Breed/TC01_Canine_Filter_Breed-Akita" status="PASSED">
         <system-out><![CDATA[2022-04-18 10:37:05 - [TEST_CASE][PASSED] - Test Cases/Canine_TestCases/Breed/TC01_Canine_Filter_Breed-Akita: Test Cases/Canine_TestCases/Breed/TC01_Canine_Filter_Breed-Akita

2022-04-18 10:37:05 - [TEST_STEP][PASSED] - Start listener action : getTestScriptName: null

2022-04-18 10:37:05 - [TEST_STEP][PASSED] - TestCaseId = testCaseContext.getTestCaseId(): null

2022-04-18 10:37:05 - [TEST_STEP][PASSED] - out.println("**********this is the value of test case id string******** " + testCaseContext.getTestCaseId()): null

2022-04-18 10:37:05 - [TEST_STEP][PASSED] - G_currentTCName = TestCaseId.substring(TestCaseId.lastIndexOf("TC")): null

2022-04-18 10:37:05 - [TEST_STEP][PASSED] - out.println("This is the test case name : " + G_currentTCName): null

2022-04-18 10:37:06 - [TEST_STEP][PASSED] - closeBrowser(): Browser is closed

2022-04-18 10:37:06 - [MESSAGE][PASSED] - Browser is closed

2022-04-18 10:37:06 - [TEST_STEP][PASSED] - ctdc.utilities.runtestcaseforKatalon.RunKatalon("TC01_Canine_Filter_Breed-Akita.xlsx"): Data loaded from input file for the test case. 

2022-04-18 10:37:07 - [MESSAGE][PASSED] - Test case file loaded This is the full filepath after converting to string :C:\Users\radhakrishnang2\Desktop\Commons_Automation\InputFiles\TC01_Canine_Filter_Breed-Akita.xlsx

2022-04-18 10:37:07 - [MESSAGE][INFO] - Global variable set for password file is :  C:\Users\radhakrishnang2\Desktop\Commons_Automation\InputFiles\TC01_Canine_Filter_Breed-Akita.xlsx

2022-04-18 10:37:11 - [MESSAGE][PASSED] - Data loaded from input file for the test case. 

2022-04-18 10:38:56 - [TEST_STEP][PASSED] - ctdc.utilities.runtestcaseforKatalon.clickTab("Object Repository/Canine/Canine_PopUp_Continue_Btn"): ctdc.utilities.runtestcaseforKatalon.clickTab is PASSED

2022-04-18 10:38:56 - [MESSAGE][PASSED] - ctdc.utilities.runtestcaseforKatalon.clickTab is PASSED

2022-04-18 10:38:56 - [TEST_STEP][PASSED] - out.println("Closed the popup window"): null

2022-04-18 10:38:56 - [TEST_STEP][PASSED] - waitForElementPresent(findTestObject("Canine/NavBar/Canine_Cases_Btn"), 5): Object 'Object Repository/Canine/NavBar/Canine_Cases_Btn' is present

2022-04-18 10:38:57 - [MESSAGE][PASSED] - Object 'Object Repository/Canine/NavBar/Canine_Cases_Btn' is present

2022-04-18 10:38:57 - [TEST_STEP][PASSED] - ctdc.utilities.runtestcaseforKatalon.clickTab("Canine/NavBar/Canine_Cases_Btn"): ctdc.utilities.runtestcaseforKatalon.clickTab is PASSED

2022-04-18 10:38:57 - [MESSAGE][PASSED] - ctdc.utilities.runtestcaseforKatalon.clickTab is PASSED

2022-04-18 10:38:57 - [TEST_STEP][PASSED] - waitForElementPresent(findTestObject("Object Repository/Canine/Filter/Breed/BREED_Ddn"), 5): Object 'Object Repository/Canine/Filter/Breed/BREED_Ddn' is present

2022-04-18 10:38:58 - [MESSAGE][PASSED] - Object 'Object Repository/Canine/Filter/Breed/BREED_Ddn' is present

2022-04-18 10:38:58 - [TEST_STEP][PASSED] - ctdc.utilities.runtestcaseforKatalon.clickTabCanineStat("Object Repository/Canine/Filter/Breed/BREED_Ddn"): ctdc.utilities.runtestcaseforKatalon.clickTabCanineStat is PASSED

2022-04-18 10:39:00 - [MESSAGE][PASSED] - ctdc.utilities.runtestcaseforKatalon.clickTabCanineStat is PASSED

2022-04-18 10:39:00 - [TEST_STEP][PASSED] - ctdc.utilities.runtestcaseforKatalon.clickTabCanineStat("Object Repository/Canine/Filter/Breed/Akita_Chkbx"): ctdc.utilities.runtestcaseforKatalon.clickTabCanineStat is PASSED

2022-04-18 10:39:01 - [MESSAGE][PASSED] - ctdc.utilities.runtestcaseforKatalon.clickTabCanineStat is PASSED

2022-04-18 10:39:01 - [TEST_STEP][PASSED] - ctdc.utilities.runtestcaseforKatalon.readStatBarCanine("Object Repository/Canine/StatBar/Canine_StatBar-Programs", "Object Repository/Canine/StatBar/Canine_StatBar-Studies", "Object Repository/Canine/StatBar/Canine_StatBar-Cases", "Object Repository/Canine/StatBar/Canine_StatBar-Samples", "Object Repository/Canine/StatBar/Canine_StatBar-CaseFiles", "Object Repository/Canine/StatBar/Canine_StatBar-StudyFiles"): ctdc.utilities.runtestcaseforKatalon.readStatBarCanine is PASSED

2022-04-18 10:39:19 - [MESSAGE][PASSED] - ctdc.utilities.runtestcaseforKatalon.readStatBarCanine is PASSED

2022-04-18 10:39:19 - [TEST_STEP][PASSED] - waitForElementPresent(findTestObject("Object Repository/Canine/CanineResults_Cases_Tab"), 5): Object 'Object Repository/Canine/CanineResults_Cases_Tab' is present

2022-04-18 10:39:20 - [MESSAGE][PASSED] - Object 'Object Repository/Canine/CanineResults_Cases_Tab' is present

2022-04-18 10:39:20 - [TEST_STEP][PASSED] - ctdc.utilities.runtestcaseforKatalon.clickTab("Object Repository/Canine/CanineResults_Cases_Tab"): ctdc.utilities.runtestcaseforKatalon.clickTab is PASSED

2022-04-18 10:39:20 - [MESSAGE][PASSED] - ctdc.utilities.runtestcaseforKatalon.clickTab is PASSED

2022-04-18 10:39:20 - [TEST_STEP][PASSED] - ctdc.utilities.runtestcaseforKatalon.multiFunction("ICDC", G_StatBar_Cases, "Object Repository/Canine/Canine_CasesTable", "Object Repository/Canine/Canine_TableHeader", "Object Repository/Canine/Canine_CasesTabNextBtn", G_WebTabnameCases, G_CypherTabnameCases, G_QueryCasesTab): Statbar Study Files count matches

2022-04-18 10:39:42 - [MESSAGE][PASSED] - Statbar Programs count matches

2022-04-18 10:39:42 - [MESSAGE][PASSED] - Statbar Studies count matches

2022-04-18 10:39:42 - [MESSAGE][PASSED] - Statbar Cases count matches

2022-04-18 10:39:42 - [MESSAGE][PASSED] - Statbar Samples count matches

2022-04-18 10:39:42 - [MESSAGE][PASSED] - Statbar Case Files count matches

2022-04-18 10:39:42 - [MESSAGE][PASSED] - Statbar Study Files count matches

2022-04-18 10:39:42 - [TEST_STEP][PASSED] - waitForElementPresent(findTestObject("Object Repository/Canine/CanineResults_Samples_Tab"), 5): Object 'Object Repository/Canine/CanineResults_Samples_Tab' is present

2022-04-18 10:39:42 - [MESSAGE][PASSED] - Object 'Object Repository/Canine/CanineResults_Samples_Tab' is present

2022-04-18 10:39:42 - [TEST_STEP][PASSED] - ctdc.utilities.runtestcaseforKatalon.clickTabCanineStat("Object Repository/Canine/CanineResults_Samples_Tab"): ctdc.utilities.runtestcaseforKatalon.clickTabCanineStat is PASSED

2022-04-18 10:39:44 - [MESSAGE][PASSED] - ctdc.utilities.runtestcaseforKatalon.clickTabCanineStat is PASSED

2022-04-18 10:39:44 - [TEST_STEP][PASSED] - ctdc.utilities.runtestcaseforKatalon.multiFunction("ICDC", G_StatBar_Samples, "Object Repository/Canine/Canine_Samples_Table", "Object Repository/Canine/Canine_Samples_TableHdr", "Object Repository/Canine/Canine_SamplesTabNextBtn", G_WebTabnameSamples, G_CypherTabnameSamples, G_QuerySamplesTab): Statbar Study Files count matches

2022-04-18 10:40:04 - [MESSAGE][PASSED] - Statbar Programs count matches

2022-04-18 10:40:04 - [MESSAGE][PASSED] - Statbar Studies count matches

2022-04-18 10:40:04 - [MESSAGE][PASSED] - Statbar Cases count matches

2022-04-18 10:40:04 - [MESSAGE][PASSED] - Statbar Samples count matches

2022-04-18 10:40:04 - [MESSAGE][PASSED] - Statbar Case Files count matches

2022-04-18 10:40:04 - [MESSAGE][PASSED] - Statbar Study Files count matches

2022-04-18 10:40:04 - [TEST_STEP][PASSED] - waitForElementPresent(findTestObject("Canine/CanineResults_CaseFiles_Tab"), 5): Object 'Object Repository/Canine/CanineResults_CaseFiles_Tab' is present

2022-04-18 10:40:04 - [MESSAGE][PASSED] - Object 'Object Repository/Canine/CanineResults_CaseFiles_Tab' is present

2022-04-18 10:40:04 - [TEST_STEP][PASSED] - ctdc.utilities.runtestcaseforKatalon.clickTab("Object Repository/Canine/CanineResults_CaseFiles_Tab"): ctdc.utilities.runtestcaseforKatalon.clickTab is PASSED

2022-04-18 10:40:04 - [MESSAGE][PASSED] - ctdc.utilities.runtestcaseforKatalon.clickTab is PASSED

2022-04-18 10:40:04 - [TEST_STEP][PASSED] - ctdc.utilities.runtestcaseforKatalon.multiFunction("ICDC", G_StatBar_Files, "Object Repository/Canine/Canine_Files_Table", "Object Repository/Canine/Canine_Files_TableHdr", "Object Repository/Canine/Canine_FilesTabNextBtn", G_WebTabnameFiles, G_CypherTabnameFiles, G_QueryFilesTab): Statbar Study Files count matches

2022-04-18 10:40:52 - [MESSAGE][PASSED] - Statbar Programs count matches

2022-04-18 10:40:52 - [MESSAGE][PASSED] - Statbar Studies count matches

2022-04-18 10:40:52 - [MESSAGE][PASSED] - Statbar Cases count matches

2022-04-18 10:40:52 - [MESSAGE][PASSED] - Statbar Samples count matches

2022-04-18 10:40:52 - [MESSAGE][PASSED] - Statbar Case Files count matches

2022-04-18 10:40:52 - [MESSAGE][PASSED] - Statbar Study Files count matches

2022-04-18 10:40:52 - [TEST_STEP][PASSED] - waitForElementPresent(findTestObject("Canine/CanineResults_StudyFiles_Tab"), 5): Object 'Object Repository/Canine/CanineResults_StudyFiles_Tab' is present

2022-04-18 10:40:52 - [MESSAGE][PASSED] - Object 'Object Repository/Canine/CanineResults_StudyFiles_Tab' is present

2022-04-18 10:40:52 - [TEST_STEP][PASSED] - ctdc.utilities.runtestcaseforKatalon.clickTab("Object Repository/Canine/CanineResults_StudyFiles_Tab"): ctdc.utilities.runtestcaseforKatalon.clickTab is PASSED

2022-04-18 10:40:53 - [MESSAGE][PASSED] - ctdc.utilities.runtestcaseforKatalon.clickTab is PASSED

2022-04-18 10:40:53 - [TEST_STEP][PASSED] - ctdc.utilities.runtestcaseforKatalon.multiFunction("ICDC", G_StatBar_StudyFiles, "Object Repository/Canine/Canine_StudyFiles_Table", "Object Repository/Canine/Canine_StudyFiles_TableHdr", "Object Repository/Canine/Canine_StudyFilesTabNextBtn", G_WebTabnameStudyFiles, G_CypherTabnameStudyFiles, G_QueryStudyFilesTab): Statbar Study Files count matches

2022-04-18 10:41:13 - [MESSAGE][PASSED] - Statbar Programs count matches

2022-04-18 10:41:13 - [MESSAGE][PASSED] - Statbar Studies count matches

2022-04-18 10:41:13 - [MESSAGE][PASSED] - Statbar Cases count matches

2022-04-18 10:41:13 - [MESSAGE][PASSED] - Statbar Samples count matches

2022-04-18 10:41:13 - [MESSAGE][PASSED] - Statbar Case Files count matches

2022-04-18 10:41:13 - [MESSAGE][PASSED] - Statbar Study Files count matches

2022-04-18 10:41:13 - [TEST_STEP][PASSED] - closeBrowser(): Browser is closed

2022-04-18 10:41:14 - [MESSAGE][PASSED] - Browser is closed]]></system-out>
         <system-err><![CDATA[]]></system-err>
      </testcase>
      <system-out><![CDATA[2022-04-18 10:37:03 - [TEST_SUITE][PASSED] - ICDCQuickRun: Test Cases/Canine_TestCases/Breed/TC01_Canine_Filter_Breed-Akita]]></system-out>
      <system-err><![CDATA[]]></system-err>
   </testsuite>
</testsuites>
