<?xml version="1.0" encoding="UTF-8"?>
<testsuites name="Canine_TestSuite" time="141.898" tests="2" failures="0" errors="0">
   <testsuite name="Canine_TestSuite" tests="2" failures="0" errors="0" time="141.898" timestamp="2020-09-18 19:27:24" hostname="radhakrishnang2 - NCI-02150368-L.nci.nih.gov" id="Test Suites/Canine_TestSuite">
      <properties>
         <property name="deviceName" value=""/>
         <property name="devicePlatform" value=""/>
         <property name="logFolder" value="C:\\Users\\radhakrishnang2\\Desktop\\Commons_Automation\\Reports\\20200918_192720\\Canine_TestSuite\\20200918_192720"/>
         <property name="logFiles" value="C:\\Users\\radhakrishnang2\\Desktop\\Commons_Automation\\Reports\\20200918_192720\\Canine_TestSuite\\20200918_192720\\execution0.log"/>
         <property name="attachments" value=""/>
         <property name="hostName" value="radhakrishnang2 - NCI-02150368-L.nci.nih.gov"/>
         <property name="os" value="Windows 10 64bit"/>
         <property name="katalonVersion" value="7.4.0.1"/>
         <property name="browser" value="Firefox 68.0"/>
         <property name="hostAddress" value="10.243.13.219"/>
         <property name="sessionId" value="5427a135-18d9-4144-974d-9f0f511a4e95"/>
         <property name="seleniumVersion" value="3.141.59"/>
         <property name="proxyInformation" value="ProxyInformation{proxyOption=NO_PROXY, proxyServerType=HTTP, password=, proxyServerAddress=, proxyServerPort=0, executionList=}"/>
         <property name="platform" value="Windows 10"/>
      </properties>
      <testcase name="Test Cases/Canine_TestCases/Breed/TC01_Canine_Filter_Breed-Akita" time="67.667" classname="Test Cases/Canine_TestCases/Breed/TC01_Canine_Filter_Breed-Akita" status="PASSED">
         <system-out><![CDATA[2020-09-18 19:27:24 - [TEST_CASE][PASSED] - Test Cases/Canine_TestCases/Breed/TC01_Canine_Filter_Breed-Akita: Test Cases/Canine_TestCases/Breed/TC01_Canine_Filter_Breed-Akita

2020-09-18 19:27:26 - [TEST_STEP][PASSED] - closeBrowser(): Browser is closed

2020-09-18 19:27:26 - [MESSAGE][PASSED] - Browser is closed

2020-09-18 19:27:26 - [TEST_STEP][PASSED] - openBrowser(""): Browser is opened with url: ''

2020-09-18 19:27:26 - [MESSAGE][INFO] - Starting 'Firefox (headless)' driver

2020-09-18 19:27:26 - [MESSAGE][INFO] - User set preference: ['args', '[--no-sandbox]']

2020-09-18 19:27:26 - [MESSAGE][INFO] - Action delay is set to 5,000 milliseconds

2020-09-18 19:27:32 - [MESSAGE][PASSED] - Browser is opened with url: ''

2020-09-18 19:27:32 - [TEST_STEP][PASSED] - maximizeWindow(): Current window maximized

2020-09-18 19:27:32 - [MESSAGE][PASSED] - Current window maximized

2020-09-18 19:27:32 - [TEST_STEP][PASSED] - ctdc.utilities.runtestcaseforKatalon.testSetup(""): ctdc.utilities.runtestcaseforKatalon.testSetup is PASSED

2020-09-18 19:27:32 - [MESSAGE][PASSED] - ctdc.utilities.runtestcaseforKatalon.testSetup is PASSED

2020-09-18 19:27:32 - [TEST_STEP][PASSED] - ctdc.utilities.runtestcaseforKatalon.RunKatalon("TC01_Canine_Filter_Breed-Akita.xlsx"): Data loaded from input file for the test case. 

2020-09-18 19:27:32 - [MESSAGE][PASSED] - Test case file loaded This is the full filepath after converting to string :C:\Users\radhakrishnang2\Desktop\Commons_Automation\InputFiles\TC01_Canine_Filter_Breed-Akita.xlsx

2020-09-18 19:27:33 - [MESSAGE][WARNING] - Test object id is null

2020-09-18 19:27:33 - [MESSAGE][INFO] - Global variable set for password file is :  C:\Users\radhakrishnang2\Desktop\Commons_Automation\InputFiles\TC01_Canine_Filter_Breed-Akita.xlsx

2020-09-18 19:27:34 - [MESSAGE][PASSED] - Data loaded from input file for the test case. 

2020-09-18 19:27:42 - [TEST_STEP][PASSED] - click(findTestObject("Canine/NavBar/Canine_Cases_Btn")): Object: 'Object Repository/Canine/NavBar/Canine_Cases_Btn' is clicked on

2020-09-18 19:27:48 - [MESSAGE][PASSED] - Object: 'Object Repository/Canine/NavBar/Canine_Cases_Btn' is clicked on

2020-09-18 19:27:48 - [TEST_STEP][PASSED] - waitForElementPresent(findTestObject("Object Repository/Canine/Filter/Breed/BREED_Ddn"), 5): Object 'Object Repository/Canine/Filter/Breed/BREED_Ddn' is present

2020-09-18 19:27:50 - [MESSAGE][PASSED] - Object 'Object Repository/Canine/Filter/Breed/BREED_Ddn' is present

2020-09-18 19:27:50 - [TEST_STEP][PASSED] - click(findTestObject("Object Repository/Canine/Filter/Breed/BREED_Ddn")): Object: 'Object Repository/Canine/Filter/Breed/BREED_Ddn' is clicked on

2020-09-18 19:27:55 - [MESSAGE][PASSED] - Object: 'Object Repository/Canine/Filter/Breed/BREED_Ddn' is clicked on

2020-09-18 19:27:55 - [TEST_STEP][PASSED] - click(findTestObject("Object Repository/Canine/Filter/Breed/Akita_Chkbx")): Object: 'Object Repository/Canine/Filter/Breed/Akita_Chkbx' is clicked on

2020-09-18 19:28:01 - [MESSAGE][PASSED] - Object: 'Object Repository/Canine/Filter/Breed/Akita_Chkbx' is clicked on

2020-09-18 19:28:01 - [TEST_STEP][PASSED] - ctdc.utilities.runtestcaseforKatalon.readStatBar("Object Repository/Canine/StatBar/Canine_StatBar-Files", "Object Repository/Canine/StatBar/Canine_StatBar-Samples", "Object Repository/Canine/StatBar/Canine_StatBar-Cases", "Object Repository/Canine/StatBar/Canine_StatBar-Studies"): ctdc.utilities.runtestcaseforKatalon.readStatBar is PASSED

2020-09-18 19:28:02 - [MESSAGE][PASSED] - ctdc.utilities.runtestcaseforKatalon.readStatBar is PASSED

2020-09-18 19:28:02 - [TEST_STEP][PASSED] - waitForElementPresent(findTestObject("Object Repository/Canine/CanineResults_Cases_Tab"), 5): Object 'Object Repository/Canine/CanineResults_Cases_Tab' is present

2020-09-18 19:28:02 - [MESSAGE][PASSED] - Object 'Object Repository/Canine/CanineResults_Cases_Tab' is present

2020-09-18 19:28:02 - [TEST_STEP][PASSED] - click(findTestObject("Object Repository/Canine/CanineResults_Cases_Tab")): Object: 'Object Repository/Canine/CanineResults_Cases_Tab' is clicked on

2020-09-18 19:28:07 - [MESSAGE][PASSED] - Object: 'Object Repository/Canine/CanineResults_Cases_Tab' is clicked on

2020-09-18 19:28:07 - [TEST_STEP][PASSED] - ctdc.utilities.runtestcaseforKatalon.multiFunction(G_StatBar_Cases, "Object Repository/Canine/Canine_CasesTable", "Object Repository/Canine/Canine_TableHeader", "Object Repository/Canine/Canine_CasesTabNextBtn", G_WebTabnameCases, G_CypherTabnameCases, G_QueryCasesTab): Statbar Studies count matches

2020-09-18 19:28:16 - [MESSAGE][PASSED] - Statbar Files count matches

2020-09-18 19:28:16 - [MESSAGE][PASSED] - Statbar Samples count matches

2020-09-18 19:28:16 - [MESSAGE][PASSED] - Statbar Cases count matches

2020-09-18 19:28:16 - [MESSAGE][PASSED] - Statbar Studies count matches

2020-09-18 19:28:16 - [TEST_STEP][PASSED] - ctdc.utilities.runtestcaseforKatalon.clickTab("Object Repository/Canine/CanineResults_Samples_Tab"): ctdc.utilities.runtestcaseforKatalon.clickTab is PASSED

2020-09-18 19:28:16 - [MESSAGE][PASSED] - ctdc.utilities.runtestcaseforKatalon.clickTab is PASSED

2020-09-18 19:28:16 - [TEST_STEP][PASSED] - ctdc.utilities.runtestcaseforKatalon.multiFunction(G_StatBar_Samples, "Object Repository/Canine/Canine_Samples_Table", "Object Repository/Canine/Canine_Samples_TableHdr", "Object Repository/Canine/Canine_SamplesTabNextBtn", G_WebTabnameSamples, G_CypherTabnameSamples, G_QuerySamplesTab): Statbar Studies count matches

2020-09-18 19:28:24 - [MESSAGE][PASSED] - Statbar Files count matches

2020-09-18 19:28:24 - [MESSAGE][PASSED] - Statbar Samples count matches

2020-09-18 19:28:24 - [MESSAGE][PASSED] - Statbar Cases count matches

2020-09-18 19:28:24 - [MESSAGE][PASSED] - Statbar Studies count matches

2020-09-18 19:28:24 - [TEST_STEP][PASSED] - ctdc.utilities.runtestcaseforKatalon.clickTab("Object Repository/Canine/CanineResults_Files_Tab"): ctdc.utilities.runtestcaseforKatalon.clickTab is PASSED

2020-09-18 19:28:25 - [MESSAGE][PASSED] - ctdc.utilities.runtestcaseforKatalon.clickTab is PASSED

2020-09-18 19:28:25 - [TEST_STEP][PASSED] - ctdc.utilities.runtestcaseforKatalon.multiFunction(G_StatBar_Files, "Object Repository/Canine/Canine_Files_Table", "Object Repository/Canine/Canine_Files_TableHdr", "Object Repository/Canine/Canine_FilesTabNextBtn", G_WebTabnameFiles, G_CypherTabnameFiles, G_QueryFilesTab): Statbar Studies count matches

2020-09-18 19:28:32 - [MESSAGE][PASSED] - Statbar Files count matches

2020-09-18 19:28:32 - [MESSAGE][PASSED] - Statbar Samples count matches

2020-09-18 19:28:32 - [MESSAGE][PASSED] - Statbar Cases count matches

2020-09-18 19:28:32 - [MESSAGE][PASSED] - Statbar Studies count matches]]></system-out>
         <system-err><![CDATA[]]></system-err>
      </testcase>
      <testcase name="Test Cases/Canine_TestCases/Breed/TC02_Canine_Filter_Breed-AmerStaffd" time="72.622" classname="Test Cases/Canine_TestCases/Breed/TC02_Canine_Filter_Breed-AmerStaffd" status="PASSED">
         <system-out><![CDATA[2020-09-18 19:28:32 - [TEST_CASE][PASSED] - Test Cases/Canine_TestCases/Breed/TC02_Canine_Filter_Breed-AmerStaffd: Test Cases/Canine_TestCases/Breed/TC02_Canine_Filter_Breed-AmerStaffd

2020-09-18 19:28:33 - [TEST_STEP][PASSED] - closeBrowser(): Browser is closed

2020-09-18 19:28:34 - [MESSAGE][PASSED] - Browser is closed

2020-09-18 19:28:34 - [TEST_STEP][PASSED] - openBrowser(""): Browser is opened with url: ''

2020-09-18 19:28:34 - [MESSAGE][INFO] - Starting 'Firefox (headless)' driver

2020-09-18 19:28:34 - [MESSAGE][INFO] - User set preference: ['args', '[--no-sandbox]']

2020-09-18 19:28:34 - [MESSAGE][INFO] - Action delay is set to 5,000 milliseconds

2020-09-18 19:28:37 - [MESSAGE][PASSED] - Browser is opened with url: ''

2020-09-18 19:28:37 - [TEST_STEP][PASSED] - maximizeWindow(): Current window maximized

2020-09-18 19:28:37 - [MESSAGE][PASSED] - Current window maximized

2020-09-18 19:28:37 - [TEST_STEP][PASSED] - ctdc.utilities.runtestcaseforKatalon.testSetup(""): ctdc.utilities.runtestcaseforKatalon.testSetup is PASSED

2020-09-18 19:28:37 - [MESSAGE][PASSED] - ctdc.utilities.runtestcaseforKatalon.testSetup is PASSED

2020-09-18 19:28:37 - [TEST_STEP][PASSED] - ctdc.utilities.runtestcaseforKatalon.RunKatalon("TC02_Canine_Filter_Breed-AmerStaffd.xlsx"): Data loaded from input file for the test case. 

2020-09-18 19:28:37 - [MESSAGE][PASSED] - Test case file loaded This is the full filepath after converting to string :C:\Users\radhakrishnang2\Desktop\Commons_Automation\InputFiles\TC02_Canine_Filter_Breed-AmerStaffd.xlsx

2020-09-18 19:28:37 - [MESSAGE][INFO] - Global variable set for password file is :  C:\Users\radhakrishnang2\Desktop\Commons_Automation\InputFiles\TC02_Canine_Filter_Breed-AmerStaffd.xlsx

2020-09-18 19:28:37 - [MESSAGE][PASSED] - Data loaded from input file for the test case. 

2020-09-18 19:28:46 - [TEST_STEP][PASSED] - click(findTestObject("Canine/NavBar/Canine_Cases_Btn")): Object: 'Object Repository/Canine/NavBar/Canine_Cases_Btn' is clicked on

2020-09-18 19:28:51 - [MESSAGE][PASSED] - Object: 'Object Repository/Canine/NavBar/Canine_Cases_Btn' is clicked on

2020-09-18 19:28:51 - [TEST_STEP][PASSED] - click(findTestObject("Object Repository/Canine/Filter/Breed/BREED_Ddn")): Object: 'Object Repository/Canine/Filter/Breed/BREED_Ddn' is clicked on

2020-09-18 19:28:58 - [MESSAGE][PASSED] - Object: 'Object Repository/Canine/Filter/Breed/BREED_Ddn' is clicked on

2020-09-18 19:28:58 - [TEST_STEP][PASSED] - click(findTestObject("Object Repository/Canine/Filter/Breed/AmerStaffd_Chkbx")): Object: 'Object Repository/Canine/Filter/Breed/AmerStaffd_Chkbx' is clicked on

2020-09-18 19:29:05 - [MESSAGE][PASSED] - Object: 'Object Repository/Canine/Filter/Breed/AmerStaffd_Chkbx' is clicked on

2020-09-18 19:29:05 - [TEST_STEP][PASSED] - ctdc.utilities.runtestcaseforKatalon.readStatBar("Object Repository/Canine/StatBar/Canine_StatBar-Files", "Object Repository/Canine/StatBar/Canine_StatBar-Samples", "Object Repository/Canine/StatBar/Canine_StatBar-Cases", "Object Repository/Canine/StatBar/Canine_StatBar-Studies"): ctdc.utilities.runtestcaseforKatalon.readStatBar is PASSED

2020-09-18 19:29:05 - [MESSAGE][PASSED] - ctdc.utilities.runtestcaseforKatalon.readStatBar is PASSED

2020-09-18 19:29:05 - [TEST_STEP][PASSED] - waitForElementPresent(findTestObject("Object Repository/Canine/CanineResults_Cases_Tab"), 5): Object 'Object Repository/Canine/CanineResults_Cases_Tab' is present

2020-09-18 19:29:05 - [MESSAGE][PASSED] - Object 'Object Repository/Canine/CanineResults_Cases_Tab' is present

2020-09-18 19:29:05 - [TEST_STEP][PASSED] - click(findTestObject("Object Repository/Canine/CanineResults_Cases_Tab")): Object: 'Object Repository/Canine/CanineResults_Cases_Tab' is clicked on

2020-09-18 19:29:10 - [MESSAGE][PASSED] - Object: 'Object Repository/Canine/CanineResults_Cases_Tab' is clicked on

2020-09-18 19:29:10 - [TEST_STEP][PASSED] - ctdc.utilities.runtestcaseforKatalon.multiFunction(G_StatBar_Cases, "Object Repository/Canine/Canine_CasesTable", "Object Repository/Canine/Canine_TableHeader", "Object Repository/Canine/Canine_CasesTabNextBtn", G_WebTabnameCases, G_CypherTabnameCases, G_QueryCasesTab): Statbar Studies count matches

2020-09-18 19:29:19 - [MESSAGE][PASSED] - Statbar Files count matches

2020-09-18 19:29:19 - [MESSAGE][PASSED] - Statbar Samples count matches

2020-09-18 19:29:19 - [MESSAGE][PASSED] - Statbar Cases count matches

2020-09-18 19:29:19 - [MESSAGE][PASSED] - Statbar Studies count matches

2020-09-18 19:29:19 - [TEST_STEP][PASSED] - ctdc.utilities.runtestcaseforKatalon.clickTab("Object Repository/Canine/CanineResults_Samples_Tab"): ctdc.utilities.runtestcaseforKatalon.clickTab is PASSED

2020-09-18 19:29:19 - [MESSAGE][PASSED] - ctdc.utilities.runtestcaseforKatalon.clickTab is PASSED

2020-09-18 19:29:19 - [TEST_STEP][PASSED] - ctdc.utilities.runtestcaseforKatalon.multiFunction(G_StatBar_Samples, "Object Repository/Canine/Canine_Samples_Table", "Object Repository/Canine/Canine_Samples_TableHdr", "Object Repository/Canine/Canine_SamplesTabNextBtn", G_WebTabnameSamples, G_CypherTabnameSamples, G_QuerySamplesTab): Statbar Studies count matches

2020-09-18 19:29:28 - [MESSAGE][PASSED] - Statbar Files count matches

2020-09-18 19:29:28 - [MESSAGE][PASSED] - Statbar Samples count matches

2020-09-18 19:29:28 - [MESSAGE][PASSED] - Statbar Cases count matches

2020-09-18 19:29:28 - [MESSAGE][PASSED] - Statbar Studies count matches

2020-09-18 19:29:28 - [TEST_STEP][PASSED] - ctdc.utilities.runtestcaseforKatalon.clickTab("Object Repository/Canine/CanineResults_Files_Tab"): ctdc.utilities.runtestcaseforKatalon.clickTab is PASSED

2020-09-18 19:29:29 - [MESSAGE][PASSED] - ctdc.utilities.runtestcaseforKatalon.clickTab is PASSED

2020-09-18 19:29:29 - [TEST_STEP][PASSED] - ctdc.utilities.runtestcaseforKatalon.multiFunction(G_StatBar_Files, "Object Repository/Canine/Canine_Files_Table", "Object Repository/Canine/Canine_Files_TableHdr", "Object Repository/Canine/Canine_FilesTabNextBtn", G_WebTabnameFiles, G_CypherTabnameFiles, G_QueryFilesTab): Statbar Studies count matches

2020-09-18 19:29:45 - [MESSAGE][PASSED] - Statbar Files count matches

2020-09-18 19:29:45 - [MESSAGE][PASSED] - Statbar Samples count matches

2020-09-18 19:29:45 - [MESSAGE][PASSED] - Statbar Cases count matches

2020-09-18 19:29:45 - [MESSAGE][PASSED] - Statbar Studies count matches]]></system-out>
         <system-err><![CDATA[]]></system-err>
      </testcase>
      <system-out><![CDATA[2020-09-18 19:27:24 - [TEST_SUITE][PASSED] - Canine_TestSuite: Test Cases/Canine_TestCases/Breed/TC02_Canine_Filter_Breed-AmerStaffd]]></system-out>
      <system-err><![CDATA[]]></system-err>
   </testsuite>
</testsuites>
