<?xml version="1.0" encoding="UTF-8"?>
<testsuites name="Canine_TestSuite" time="1070.861" tests="97" failures="9" errors="88">
   <testsuite name="Canine_TestSuite" tests="97" failures="9" errors="88" time="1070.861" timestamp="2021-04-26 21:21:15" hostname="radhakrishnang2 - NCI-02150368-L.nci.nih.gov" id="Test Suites/Canine_TestSuite">
      <properties>
         <property name="deviceName" value=""/>
         <property name="devicePlatform" value=""/>
         <property name="logFolder" value="C:\\Users\\radhakrishnang2\\Desktop\\Commons_Automation\\Reports\\20210426_212110\\Canine_TestSuite\\20210426_212110"/>
         <property name="logFiles" value="C:\\Users\\radhakrishnang2\\Desktop\\Commons_Automation\\Reports\\20210426_212110\\Canine_TestSuite\\20210426_212110\\execution0.log"/>
         <property name="attachments" value="C:\\Users\\radhakrishnang2\\Desktop\\Commons_Automation\\Reports\\20210426_212110\\Canine_TestSuite\\20210426_212110\\1619497396207.png, C:\\Users\\radhakrishnang2\\Desktop\\Commons_Automation\\Reports\\20210426_212110\\Canine_TestSuite\\20210426_212110\\1619497438767.png, C:\\Users\\radhakrishnang2\\Desktop\\Commons_Automation\\Reports\\20210426_212110\\Canine_TestSuite\\20210426_212110\\1619497485652.png, C:\\Users\\radhakrishnang2\\Desktop\\Commons_Automation\\Reports\\20210426_212110\\Canine_TestSuite\\20210426_212110\\1619497530831.png, C:\\Users\\radhakrishnang2\\Desktop\\Commons_Automation\\Reports\\20210426_212110\\Canine_TestSuite\\20210426_212110\\1619497577799.png, C:\\Users\\radhakrishnang2\\Desktop\\Commons_Automation\\Reports\\20210426_212110\\Canine_TestSuite\\20210426_212110\\1619497620632.png, C:\\Users\\radhakrishnang2\\Desktop\\Commons_Automation\\Reports\\20210426_212110\\Canine_TestSuite\\20210426_212110\\1619497666145.png, C:\\Users\\radhakrishnang2\\Desktop\\Commons_Automation\\Reports\\20210426_212110\\Canine_TestSuite\\20210426_212110\\1619497713512.png, C:\\Users\\radhakrishnang2\\Desktop\\Commons_Automation\\Reports\\20210426_212110\\Canine_TestSuite\\20210426_212110\\1619497776173.png"/>
         <property name="hostName" value="radhakrishnang2 - NCI-02150368-L.nci.nih.gov"/>
         <property name="os" value="Windows 10 64bit"/>
         <property name="katalonVersion" value="7.7.0.205"/>
         <property name="browser" value="Chrome 89.0.4389.128"/>
         <property name="hostAddress" value="10.242.248.241"/>
         <property name="sessionId" value="802c597de149ea5de6bf84d9334b234b"/>
         <property name="seleniumVersion" value="3.141.59"/>
         <property name="proxyInformation" value="ProxyInformation { proxyOption=NO_PROXY, proxyServerType=HTTP, username=, password=********, proxyServerAddress=, proxyServerPort=0, executionList=&quot;&quot;, isApplyToDesiredCapabilities=true }"/>
         <property name="platform" value="Windows 10"/>
      </properties>
      <testcase name="Test Cases/Canine_TestCases/Breed/TC01_Canine_Filter_Breed-Akita" time="78.04" classname="Test Cases/Canine_TestCases/Breed/TC01_Canine_Filter_Breed-Akita" status="ERROR">
         <error type="ERROR" message="Test Cases/Canine_TestCases/Breed/TC01_Canine_Filter_Breed-Akita FAILED.
Reason:
java.lang.IllegalArgumentException: sheetName must not be null
	at org.apache.poi.xssf.usermodel.XSSFWorkbook.createSheet(XSSFWorkbook.java:840)
	at org.apache.poi.xssf.usermodel.XSSFWorkbook.createSheet(XSSFWorkbook.java:122)
	at org.apache.poi.ss.usermodel.Workbook$createSheet$1.call(Unknown Source)
	at ctdc.utilities.runtestcaseforKatalon.writeToExcel(runtestcaseforKatalon.groovy:682)
	at ctdc.utilities.runtestcaseforKatalon.ReadCasesTableKatalon(runtestcaseforKatalon.groovy:560)
	at ctdc.utilities.runtestcaseforKatalon.multiFunction(runtestcaseforKatalon.groovy:248)
	at ctdc.utilities.runtestcaseforKatalon.invokeMethod(runtestcaseforKatalon.groovy)
	at com.kms.katalon.core.main.CustomKeywordDelegatingMetaClass.invokeStaticMethod(CustomKeywordDelegatingMetaClass.java:50)
	at TC01_Canine_Filter_Breed-Akita.run(TC01_Canine_Filter_Breed-Akita:81)
	at com.kms.katalon.core.main.ScriptEngine.run(ScriptEngine.java:194)
	at com.kms.katalon.core.main.ScriptEngine.runScriptAsRawText(ScriptEngine.java:119)
	at com.kms.katalon.core.main.TestCaseExecutor.runScript(TestCaseExecutor.java:339)
	at com.kms.katalon.core.main.TestCaseExecutor.doExecute(TestCaseExecutor.java:330)
	at com.kms.katalon.core.main.TestCaseExecutor.processExecutionPhase(TestCaseExecutor.java:309)
	at com.kms.katalon.core.main.TestCaseExecutor.accessMainPhase(TestCaseExecutor.java:301)
	at com.kms.katalon.core.main.TestCaseExecutor.execute(TestCaseExecutor.java:235)
	at com.kms.katalon.core.main.TestSuiteExecutor.accessTestCaseMainPhase(TestSuiteExecutor.java:191)
	at com.kms.katalon.core.main.TestSuiteExecutor.accessTestSuiteMainPhase(TestSuiteExecutor.java:141)
	at com.kms.katalon.core.main.TestSuiteExecutor.execute(TestSuiteExecutor.java:90)
	at com.kms.katalon.core.main.TestCaseMain.startTestSuite(TestCaseMain.java:157)
	at com.kms.katalon.core.main.TestCaseMain$startTestSuite$0.call(Unknown Source)
	at TempTestSuite1619497270111.run(TempTestSuite1619497270111.groovy:39)
"/>
         <system-out><![CDATA[2021-04-26 21:21:15 - [TEST_CASE][ERROR] - Test Cases/Canine_TestCases/Breed/TC01_Canine_Filter_Breed-Akita: Test Cases/Canine_TestCases/Breed/TC01_Canine_Filter_Breed-Akita FAILED.
Reason:
java.lang.IllegalArgumentException: sheetName must not be null
	at org.apache.poi.xssf.usermodel.XSSFWorkbook.createSheet(XSSFWorkbook.java:840)
	at org.apache.poi.xssf.usermodel.XSSFWorkbook.createSheet(XSSFWorkbook.java:122)
	at org.apache.poi.ss.usermodel.Workbook$createSheet$1.call(Unknown Source)
	at ctdc.utilities.runtestcaseforKatalon.writeToExcel(runtestcaseforKatalon.groovy:682)
	at ctdc.utilities.runtestcaseforKatalon.ReadCasesTableKatalon(runtestcaseforKatalon.groovy:560)
	at ctdc.utilities.runtestcaseforKatalon.multiFunction(runtestcaseforKatalon.groovy:248)
	at ctdc.utilities.runtestcaseforKatalon.invokeMethod(runtestcaseforKatalon.groovy)
	at com.kms.katalon.core.main.CustomKeywordDelegatingMetaClass.invokeStaticMethod(CustomKeywordDelegatingMetaClass.java:50)
	at TC01_Canine_Filter_Breed-Akita.run(TC01_Canine_Filter_Breed-Akita:81)
	at com.kms.katalon.core.main.ScriptEngine.run(ScriptEngine.java:194)
	at com.kms.katalon.core.main.ScriptEngine.runScriptAsRawText(ScriptEngine.java:119)
	at com.kms.katalon.core.main.TestCaseExecutor.runScript(TestCaseExecutor.java:339)
	at com.kms.katalon.core.main.TestCaseExecutor.doExecute(TestCaseExecutor.java:330)
	at com.kms.katalon.core.main.TestCaseExecutor.processExecutionPhase(TestCaseExecutor.java:309)
	at com.kms.katalon.core.main.TestCaseExecutor.accessMainPhase(TestCaseExecutor.java:301)
	at com.kms.katalon.core.main.TestCaseExecutor.execute(TestCaseExecutor.java:235)
	at com.kms.katalon.core.main.TestSuiteExecutor.accessTestCaseMainPhase(TestSuiteExecutor.java:191)
	at com.kms.katalon.core.main.TestSuiteExecutor.accessTestSuiteMainPhase(TestSuiteExecutor.java:141)
	at com.kms.katalon.core.main.TestSuiteExecutor.execute(TestSuiteExecutor.java:90)
	at com.kms.katalon.core.main.TestCaseMain.startTestSuite(TestCaseMain.java:157)
	at com.kms.katalon.core.main.TestCaseMain$startTestSuite$0.call(Unknown Source)
	at TempTestSuite1619497270111.run(TempTestSuite1619497270111.groovy:39)


2021-04-26 21:21:16 - [TEST_STEP][PASSED] - closeBrowser(): Browser is closed

2021-04-26 21:21:17 - [MESSAGE][PASSED] - Browser is closed

2021-04-26 21:21:17 - [TEST_STEP][PASSED] - openBrowser(""): Browser is opened with url: ''

2021-04-26 21:21:17 - [MESSAGE][INFO] - Starting 'Chrome (headless)' driver

2021-04-26 21:21:17 - [MESSAGE][INFO] - User set preference: ['args', '[--no-sandbox]']

2021-04-26 21:21:17 - [MESSAGE][INFO] - Action delay is set to 5,000 milliseconds

2021-04-26 21:21:20 - [MESSAGE][PASSED] - Browser is opened with url: ''

2021-04-26 21:21:20 - [TEST_STEP][PASSED] - maximizeWindow(): Current window maximized

2021-04-26 21:21:21 - [MESSAGE][PASSED] - Current window maximized

2021-04-26 21:21:21 - [TEST_STEP][PASSED] - ctdc.utilities.runtestcaseforKatalon.RunKatalon("TC01_Canine_Filter_Breed-Akita.xlsx"): Data loaded from input file for the test case. 

2021-04-26 21:21:21 - [MESSAGE][PASSED] - Test case file loaded This is the full filepath after converting to string :C:\Users\radhakrishnang2\Desktop\Commons_Automation\InputFiles\TC01_Canine_Filter_Breed-Akita.xlsx

2021-04-26 21:21:21 - [MESSAGE][WARNING] - Test object id is null

2021-04-26 21:21:22 - [MESSAGE][INFO] - Global variable set for password file is :  C:\Users\radhakrishnang2\Desktop\Commons_Automation\InputFiles\TC01_Canine_Filter_Breed-Akita.xlsx

2021-04-26 21:21:23 - [MESSAGE][PASSED] - Data loaded from input file for the test case. 

2021-04-26 21:21:43 - [TEST_STEP][PASSED] - waitForElementPresent(findTestObject("Canine/NavBar/Canine_Cases_Btn"), 5): Object 'Object Repository/Canine/NavBar/Canine_Cases_Btn' is not present after 5 second(s)

2021-04-26 21:21:49 - [MESSAGE][INFO] - Unable to find the element located by 'By.xpath: //a[contains(@href,'cases')]'. Please recheck the objects properties to make sure the desired element is located. 

2021-04-26 21:21:49 - [MESSAGE][WARNING] - Object 'Object Repository/Canine/NavBar/Canine_Cases_Btn' is not present after 5 second(s)

2021-04-26 21:21:49 - [TEST_STEP][PASSED] - ctdc.utilities.runtestcaseforKatalon.clickTab("Canine/NavBar/Canine_Cases_Btn"): ctdc.utilities.runtestcaseforKatalon.clickTab is PASSED

2021-04-26 21:21:49 - [MESSAGE][PASSED] - ctdc.utilities.runtestcaseforKatalon.clickTab is PASSED

2021-04-26 21:21:49 - [TEST_STEP][PASSED] - waitForElementPresent(findTestObject("Bento/Cases_page/Filter/FilterByCases_Facet"), 5): Object 'Object Repository/Bento/Cases_page/Filter/FilterByCases_Facet' is not present after 5 second(s)

2021-04-26 21:21:55 - [MESSAGE][INFO] - Unable to find the element located by 'By.xpath: //div[contains(text(),'Filter By Cases')]'. Please recheck the objects properties to make sure the desired element is located. 

2021-04-26 21:21:55 - [MESSAGE][WARNING] - Object 'Object Repository/Bento/Cases_page/Filter/FilterByCases_Facet' is not present after 5 second(s)

2021-04-26 21:21:55 - [TEST_STEP][PASSED] - ctdc.utilities.runtestcaseforKatalon.clickTab("Bento/Cases_page/Filter/FilterByCases_Facet"): ctdc.utilities.runtestcaseforKatalon.clickTab is PASSED

2021-04-26 21:21:55 - [MESSAGE][PASSED] - ctdc.utilities.runtestcaseforKatalon.clickTab is PASSED

2021-04-26 21:21:55 - [TEST_STEP][PASSED] - waitForElementPresent(findTestObject("Object Repository/Canine/Filter/Breed/BREED_Ddn"), 5): Object 'Object Repository/Canine/Filter/Breed/BREED_Ddn' is not present after 5 second(s)

2021-04-26 21:22:01 - [MESSAGE][INFO] - Unable to find the element located by 'By.xpath: //*[@id='Breed']'. Please recheck the objects properties to make sure the desired element is located. 

2021-04-26 21:22:01 - [MESSAGE][WARNING] - Object 'Object Repository/Canine/Filter/Breed/BREED_Ddn' is not present after 5 second(s)

2021-04-26 21:22:01 - [TEST_STEP][PASSED] - ctdc.utilities.runtestcaseforKatalon.clickTab("Object Repository/Canine/Filter/Breed/BREED_Ddn"): ctdc.utilities.runtestcaseforKatalon.clickTab is PASSED

2021-04-26 21:22:01 - [MESSAGE][PASSED] - ctdc.utilities.runtestcaseforKatalon.clickTab is PASSED

2021-04-26 21:22:01 - [TEST_STEP][PASSED] - ctdc.utilities.runtestcaseforKatalon.clickTab("Object Repository/Canine/Filter/Breed/Akita_Chkbx"): ctdc.utilities.runtestcaseforKatalon.clickTab is PASSED

2021-04-26 21:22:02 - [MESSAGE][PASSED] - ctdc.utilities.runtestcaseforKatalon.clickTab is PASSED

2021-04-26 21:22:02 - [TEST_STEP][PASSED] - ctdc.utilities.runtestcaseforKatalon.readStatBarCanine("Object Repository/Canine/StatBar/Canine_StatBar-Studies", "Object Repository/Canine/StatBar/Canine_StatBar-Cases", "Object Repository/Canine/StatBar/Canine_StatBar-Samples", "Object Repository/Canine/StatBar/Canine_StatBar-Files", "Object Repository/Canine/StatBar/Canine_StatBar-Aliquots"): ctdc.utilities.runtestcaseforKatalon.readStatBarCanine is PASSED

2021-04-26 21:22:17 - [MESSAGE][PASSED] - ctdc.utilities.runtestcaseforKatalon.readStatBarCanine is PASSED

2021-04-26 21:22:17 - [TEST_STEP][PASSED] - waitForElementPresent(findTestObject("Object Repository/Canine/CanineResults_Cases_Tab"), 5): Object 'Object Repository/Canine/CanineResults_Cases_Tab' is not present after 5 second(s)

2021-04-26 21:22:23 - [MESSAGE][INFO] - Unable to find the element located by 'By.xpath: //*[@id="case_tab"]'. Please recheck the objects properties to make sure the desired element is located. 

2021-04-26 21:22:23 - [MESSAGE][WARNING] - Object 'Object Repository/Canine/CanineResults_Cases_Tab' is not present after 5 second(s)

2021-04-26 21:22:23 - [TEST_STEP][PASSED] - ctdc.utilities.runtestcaseforKatalon.clickTab("Object Repository/Canine/CanineResults_Cases_Tab"): ctdc.utilities.runtestcaseforKatalon.clickTab is PASSED

2021-04-26 21:22:24 - [MESSAGE][PASSED] - ctdc.utilities.runtestcaseforKatalon.clickTab is PASSED

2021-04-26 21:22:24 - [TEST_STEP][ERROR] - ctdc.utilities.runtestcaseforKatalon.multiFunction("ICDC", G_StatBar_Cases, "Object Repository/Canine/Canine_CasesTable", "Object Repository/Canine/Canine_TableHeader", "Object Repository/Canine/Canine_CasesTabNextBtn", G_WebTabnameCases, G_CypherTabnameCases, G_QueryCasesTab): sheetName must not be null

2021-04-26 21:22:33 - [MESSAGE][ERROR] - sheetName must not be null]]></system-out>
         <system-err><![CDATA[2021-04-26 21:21:15 - [TEST_CASE][ERROR] - Test Cases/Canine_TestCases/Breed/TC01_Canine_Filter_Breed-Akita: Test Cases/Canine_TestCases/Breed/TC01_Canine_Filter_Breed-Akita FAILED.
Reason:
java.lang.IllegalArgumentException: sheetName must not be null
	at org.apache.poi.xssf.usermodel.XSSFWorkbook.createSheet(XSSFWorkbook.java:840)
	at org.apache.poi.xssf.usermodel.XSSFWorkbook.createSheet(XSSFWorkbook.java:122)
	at org.apache.poi.ss.usermodel.Workbook$createSheet$1.call(Unknown Source)
	at ctdc.utilities.runtestcaseforKatalon.writeToExcel(runtestcaseforKatalon.groovy:682)
	at ctdc.utilities.runtestcaseforKatalon.ReadCasesTableKatalon(runtestcaseforKatalon.groovy:560)
	at ctdc.utilities.runtestcaseforKatalon.multiFunction(runtestcaseforKatalon.groovy:248)
	at ctdc.utilities.runtestcaseforKatalon.invokeMethod(runtestcaseforKatalon.groovy)
	at com.kms.katalon.core.main.CustomKeywordDelegatingMetaClass.invokeStaticMethod(CustomKeywordDelegatingMetaClass.java:50)
	at TC01_Canine_Filter_Breed-Akita.run(TC01_Canine_Filter_Breed-Akita:81)
	at com.kms.katalon.core.main.ScriptEngine.run(ScriptEngine.java:194)
	at com.kms.katalon.core.main.ScriptEngine.runScriptAsRawText(ScriptEngine.java:119)
	at com.kms.katalon.core.main.TestCaseExecutor.runScript(TestCaseExecutor.java:339)
	at com.kms.katalon.core.main.TestCaseExecutor.doExecute(TestCaseExecutor.java:330)
	at com.kms.katalon.core.main.TestCaseExecutor.processExecutionPhase(TestCaseExecutor.java:309)
	at com.kms.katalon.core.main.TestCaseExecutor.accessMainPhase(TestCaseExecutor.java:301)
	at com.kms.katalon.core.main.TestCaseExecutor.execute(TestCaseExecutor.java:235)
	at com.kms.katalon.core.main.TestSuiteExecutor.accessTestCaseMainPhase(TestSuiteExecutor.java:191)
	at com.kms.katalon.core.main.TestSuiteExecutor.accessTestSuiteMainPhase(TestSuiteExecutor.java:141)
	at com.kms.katalon.core.main.TestSuiteExecutor.execute(TestSuiteExecutor.java:90)
	at com.kms.katalon.core.main.TestCaseMain.startTestSuite(TestCaseMain.java:157)
	at com.kms.katalon.core.main.TestCaseMain$startTestSuite$0.call(Unknown Source)
	at TempTestSuite1619497270111.run(TempTestSuite1619497270111.groovy:39)]]></system-err>
      </testcase>
      <testcase name="Test Cases/Canine_TestCases/Breed/TC02_Canine_Filter_Breed-AmerStaffd" time="42.646" classname="Test Cases/Canine_TestCases/Breed/TC02_Canine_Filter_Breed-AmerStaffd" status="FAILED">
         <failure type="FAILED" message="Test Cases/Canine_TestCases/Breed/TC02_Canine_Filter_Breed-AmerStaffd FAILED.
Reason:
com.kms.katalon.core.exception.StepFailedException: Unable to click on object 'Object Repository/Canine/NavBar/Canine_Cases_Btn'
	at com.kms.katalon.core.webui.keyword.internal.WebUIKeywordMain.stepFailed(WebUIKeywordMain.groovy:64)
	at com.kms.katalon.core.webui.keyword.internal.WebUIKeywordMain.runKeyword(WebUIKeywordMain.groovy:26)
	at com.kms.katalon.core.webui.keyword.builtin.ClickKeyword.click(ClickKeyword.groovy:76)
	at com.kms.katalon.core.webui.keyword.builtin.ClickKeyword.execute(ClickKeyword.groovy:43)
	at com.kms.katalon.core.keyword.internal.KeywordExecutor.executeKeywordForPlatform(KeywordExecutor.groovy:73)
	at com.kms.katalon.core.webui.keyword.WebUiBuiltInKeywords.click(WebUiBuiltInKeywords.groovy:617)
	at com.kms.katalon.core.webui.keyword.WebUiBuiltInKeywords$click$3.call(Unknown Source)
	at TC02_Canine_Filter_Breed-AmerStaffd.run(TC02_Canine_Filter_Breed-AmerStaffd:51)
	at com.kms.katalon.core.main.ScriptEngine.run(ScriptEngine.java:194)
	at com.kms.katalon.core.main.ScriptEngine.runScriptAsRawText(ScriptEngine.java:119)
	at com.kms.katalon.core.main.TestCaseExecutor.runScript(TestCaseExecutor.java:339)
	at com.kms.katalon.core.main.TestCaseExecutor.doExecute(TestCaseExecutor.java:330)
	at com.kms.katalon.core.main.TestCaseExecutor.processExecutionPhase(TestCaseExecutor.java:309)
	at com.kms.katalon.core.main.TestCaseExecutor.accessMainPhase(TestCaseExecutor.java:301)
	at com.kms.katalon.core.main.TestCaseExecutor.execute(TestCaseExecutor.java:235)
	at com.kms.katalon.core.main.TestSuiteExecutor.accessTestCaseMainPhase(TestSuiteExecutor.java:191)
	at com.kms.katalon.core.main.TestSuiteExecutor.accessTestSuiteMainPhase(TestSuiteExecutor.java:141)
	at com.kms.katalon.core.main.TestSuiteExecutor.execute(TestSuiteExecutor.java:90)
	at com.kms.katalon.core.main.TestCaseMain.startTestSuite(TestCaseMain.java:157)
	at com.kms.katalon.core.main.TestCaseMain$startTestSuite$0.call(Unknown Source)
	at TempTestSuite1619497270111.run(TempTestSuite1619497270111.groovy:39)
Caused by: com.kms.katalon.core.webui.exception.WebElementNotFoundException: Web element with id: 'Object Repository/Canine/NavBar/Canine_Cases_Btn' located by '//a[contains(@href,'cases')]' not found
	at com.kms.katalon.core.webui.common.WebUiCommonHelper.findWebElement(WebUiCommonHelper.java:1368)
	at com.kms.katalon.core.webui.keyword.internal.WebUIAbstractKeyword.findWebElement(WebUIAbstractKeyword.groovy:27)
	at com.kms.katalon.core.webui.keyword.internal.WebUIAbstractKeyword.findWebElement(WebUIAbstractKeyword.groovy:26)
	at com.kms.katalon.core.webui.keyword.builtin.ClickKeyword$_click_closure1.doCall(ClickKeyword.groovy:67)
	at com.kms.katalon.core.webui.keyword.builtin.ClickKeyword$_click_closure1.call(ClickKeyword.groovy)
	at com.kms.katalon.core.webui.keyword.internal.WebUIKeywordMain.runKeyword(WebUIKeywordMain.groovy:20)
	... 19 more
"/>
         <system-out><![CDATA[2021-04-26 21:22:33 - [TEST_CASE][FAILED] - Test Cases/Canine_TestCases/Breed/TC02_Canine_Filter_Breed-AmerStaffd: Test Cases/Canine_TestCases/Breed/TC02_Canine_Filter_Breed-AmerStaffd FAILED.
Reason:
com.kms.katalon.core.exception.StepFailedException: Unable to click on object 'Object Repository/Canine/NavBar/Canine_Cases_Btn'
	at com.kms.katalon.core.webui.keyword.internal.WebUIKeywordMain.stepFailed(WebUIKeywordMain.groovy:64)
	at com.kms.katalon.core.webui.keyword.internal.WebUIKeywordMain.runKeyword(WebUIKeywordMain.groovy:26)
	at com.kms.katalon.core.webui.keyword.builtin.ClickKeyword.click(ClickKeyword.groovy:76)
	at com.kms.katalon.core.webui.keyword.builtin.ClickKeyword.execute(ClickKeyword.groovy:43)
	at com.kms.katalon.core.keyword.internal.KeywordExecutor.executeKeywordForPlatform(KeywordExecutor.groovy:73)
	at com.kms.katalon.core.webui.keyword.WebUiBuiltInKeywords.click(WebUiBuiltInKeywords.groovy:617)
	at com.kms.katalon.core.webui.keyword.WebUiBuiltInKeywords$click$3.call(Unknown Source)
	at TC02_Canine_Filter_Breed-AmerStaffd.run(TC02_Canine_Filter_Breed-AmerStaffd:51)
	at com.kms.katalon.core.main.ScriptEngine.run(ScriptEngine.java:194)
	at com.kms.katalon.core.main.ScriptEngine.runScriptAsRawText(ScriptEngine.java:119)
	at com.kms.katalon.core.main.TestCaseExecutor.runScript(TestCaseExecutor.java:339)
	at com.kms.katalon.core.main.TestCaseExecutor.doExecute(TestCaseExecutor.java:330)
	at com.kms.katalon.core.main.TestCaseExecutor.processExecutionPhase(TestCaseExecutor.java:309)
	at com.kms.katalon.core.main.TestCaseExecutor.accessMainPhase(TestCaseExecutor.java:301)
	at com.kms.katalon.core.main.TestCaseExecutor.execute(TestCaseExecutor.java:235)
	at com.kms.katalon.core.main.TestSuiteExecutor.accessTestCaseMainPhase(TestSuiteExecutor.java:191)
	at com.kms.katalon.core.main.TestSuiteExecutor.accessTestSuiteMainPhase(TestSuiteExecutor.java:141)
	at com.kms.katalon.core.main.TestSuiteExecutor.execute(TestSuiteExecutor.java:90)
	at com.kms.katalon.core.main.TestCaseMain.startTestSuite(TestCaseMain.java:157)
	at com.kms.katalon.core.main.TestCaseMain$startTestSuite$0.call(Unknown Source)
	at TempTestSuite1619497270111.run(TempTestSuite1619497270111.groovy:39)
Caused by: com.kms.katalon.core.webui.exception.WebElementNotFoundException: Web element with id: 'Object Repository/Canine/NavBar/Canine_Cases_Btn' located by '//a[contains(@href,'cases')]' not found
	at com.kms.katalon.core.webui.common.WebUiCommonHelper.findWebElement(WebUiCommonHelper.java:1368)
	at com.kms.katalon.core.webui.keyword.internal.WebUIAbstractKeyword.findWebElement(WebUIAbstractKeyword.groovy:27)
	at com.kms.katalon.core.webui.keyword.internal.WebUIAbstractKeyword.findWebElement(WebUIAbstractKeyword.groovy:26)
	at com.kms.katalon.core.webui.keyword.builtin.ClickKeyword$_click_closure1.doCall(ClickKeyword.groovy:67)
	at com.kms.katalon.core.webui.keyword.builtin.ClickKeyword$_click_closure1.call(ClickKeyword.groovy)
	at com.kms.katalon.core.webui.keyword.internal.WebUIKeywordMain.runKeyword(WebUIKeywordMain.groovy:20)
	... 19 more


2021-04-26 21:22:34 - [TEST_STEP][PASSED] - closeBrowser(): Browser is closed

2021-04-26 21:22:35 - [MESSAGE][PASSED] - Browser is closed

2021-04-26 21:22:35 - [TEST_STEP][PASSED] - openBrowser(""): Browser is opened with url: ''

2021-04-26 21:22:35 - [MESSAGE][INFO] - Starting 'Chrome (headless)' driver

2021-04-26 21:22:35 - [MESSAGE][INFO] - User set preference: ['args', '[--no-sandbox]']

2021-04-26 21:22:35 - [MESSAGE][INFO] - Action delay is set to 5,000 milliseconds

2021-04-26 21:22:36 - [MESSAGE][PASSED] - Browser is opened with url: ''

2021-04-26 21:22:36 - [TEST_STEP][PASSED] - maximizeWindow(): Current window maximized

2021-04-26 21:22:36 - [MESSAGE][PASSED] - Current window maximized

2021-04-26 21:22:36 - [TEST_STEP][PASSED] - ctdc.utilities.runtestcaseforKatalon.RunKatalon("TC02_Canine_Filter_Breed-AmerStaffd.xlsx"): Data loaded from input file for the test case. 

2021-04-26 21:22:36 - [MESSAGE][PASSED] - Test case file loaded This is the full filepath after converting to string :C:\Users\radhakrishnang2\Desktop\Commons_Automation\InputFiles\TC02_Canine_Filter_Breed-AmerStaffd.xlsx

2021-04-26 21:22:36 - [MESSAGE][INFO] - Global variable set for password file is :  C:\Users\radhakrishnang2\Desktop\Commons_Automation\InputFiles\TC02_Canine_Filter_Breed-AmerStaffd.xlsx

2021-04-26 21:22:36 - [MESSAGE][PASSED] - Data loaded from input file for the test case. 

2021-04-26 21:22:45 - [TEST_STEP][FAILED] - click(findTestObject("Canine/NavBar/Canine_Cases_Btn")): Unable to click on object 'Object Repository/Canine/NavBar/Canine_Cases_Btn' (Root cause: com.kms.katalon.core.exception.StepFailedException: Unable to click on object 'Object Repository/Canine/NavBar/Canine_Cases_Btn'
	at com.kms.katalon.core.webui.keyword.internal.WebUIKeywordMain.stepFailed(WebUIKeywordMain.groovy:64)
	at com.kms.katalon.core.webui.keyword.internal.WebUIKeywordMain.runKeyword(WebUIKeywordMain.groovy:26)
	at com.kms.katalon.core.webui.keyword.builtin.ClickKeyword.click(ClickKeyword.groovy:76)
	at com.kms.katalon.core.webui.keyword.builtin.ClickKeyword.execute(ClickKeyword.groovy:43)
	at com.kms.katalon.core.keyword.internal.KeywordExecutor.executeKeywordForPlatform(KeywordExecutor.groovy:73)
	at com.kms.katalon.core.webui.keyword.WebUiBuiltInKeywords.click(WebUiBuiltInKeywords.groovy:617)
	at com.kms.katalon.core.webui.keyword.WebUiBuiltInKeywords$click$3.call(Unknown Source)
	at TC02_Canine_Filter_Breed-AmerStaffd.run(TC02_Canine_Filter_Breed-AmerStaffd:51)
	at com.kms.katalon.core.main.ScriptEngine.run(ScriptEngine.java:194)
	at com.kms.katalon.core.main.ScriptEngine.runScriptAsRawText(ScriptEngine.java:119)
	at com.kms.katalon.core.main.TestCaseExecutor.runScript(TestCaseExecutor.java:339)
	at com.kms.katalon.core.main.TestCaseExecutor.doExecute(TestCaseExecutor.java:330)
	at com.kms.katalon.core.main.TestCaseExecutor.processExecutionPhase(TestCaseExecutor.java:309)
	at com.kms.katalon.core.main.TestCaseExecutor.accessMainPhase(TestCaseExecutor.java:301)
	at com.kms.katalon.core.main.TestCaseExecutor.execute(TestCaseExecutor.java:235)
	at com.kms.katalon.core.main.TestSuiteExecutor.accessTestCaseMainPhase(TestSuiteExecutor.java:191)
	at com.kms.katalon.core.main.TestSuiteExecutor.accessTestSuiteMainPhase(TestSuiteExecutor.java:141)
	at com.kms.katalon.core.main.TestSuiteExecutor.execute(TestSuiteExecutor.java:90)
	at com.kms.katalon.core.main.TestCaseMain.startTestSuite(TestCaseMain.java:157)
	at com.kms.katalon.core.main.TestCaseMain$startTestSuite$0.call(Unknown Source)
	at TempTestSuite1619497270111.run(TempTestSuite1619497270111.groovy:39)
Caused by: com.kms.katalon.core.webui.exception.WebElementNotFoundException: Web element with id: 'Object Repository/Canine/NavBar/Canine_Cases_Btn' located by '//a[contains(@href,'cases')]' not found
	at com.kms.katalon.core.webui.common.WebUiCommonHelper.findWebElement(WebUiCommonHelper.java:1368)
	at com.kms.katalon.core.webui.keyword.internal.WebUIAbstractKeyword.findWebElement(WebUIAbstractKeyword.groovy:27)
	at com.kms.katalon.core.webui.keyword.internal.WebUIAbstractKeyword.findWebElement(WebUIAbstractKeyword.groovy:26)
	at com.kms.katalon.core.webui.keyword.builtin.ClickKeyword$_click_closure1.doCall(ClickKeyword.groovy:67)
	at com.kms.katalon.core.webui.keyword.builtin.ClickKeyword$_click_closure1.call(ClickKeyword.groovy)
	at com.kms.katalon.core.webui.keyword.internal.WebUIKeywordMain.runKeyword(WebUIKeywordMain.groovy:20)
	at com.kms.katalon.core.webui.keyword.builtin.ClickKeyword.click(ClickKeyword.groovy:76)
	at com.kms.katalon.core.webui.keyword.builtin.ClickKeyword.execute(ClickKeyword.groovy:43)
	at com.kms.katalon.core.keyword.internal.KeywordExecutor.executeKeywordForPlatform(KeywordExecutor.groovy:73)
	at com.kms.katalon.core.webui.keyword.WebUiBuiltInKeywords.click(WebUiBuiltInKeywords.groovy:617)
	at com.kms.katalon.core.webui.keyword.WebUiBuiltInKeywords$click$3.call(Unknown Source)
	at Script1589136168467.run(Script1589136168467.groovy:51)
	... 13 more
)

2021-04-26 21:23:16 - [MESSAGE][INFO] - Unable to find the element located by 'By.xpath: //a[contains(@href,'cases')]'. Please recheck the objects properties to make sure the desired element is located. 

2021-04-26 21:23:16 - [MESSAGE][FAILED] - Unable to click on object 'Object Repository/Canine/NavBar/Canine_Cases_Btn' (Root cause: com.kms.katalon.core.exception.StepFailedException: Unable to click on object 'Object Repository/Canine/NavBar/Canine_Cases_Btn'
	at com.kms.katalon.core.webui.keyword.internal.WebUIKeywordMain.stepFailed(WebUIKeywordMain.groovy:64)
	at com.kms.katalon.core.webui.keyword.internal.WebUIKeywordMain.runKeyword(WebUIKeywordMain.groovy:26)
	at com.kms.katalon.core.webui.keyword.builtin.ClickKeyword.click(ClickKeyword.groovy:76)
	at com.kms.katalon.core.webui.keyword.builtin.ClickKeyword.execute(ClickKeyword.groovy:43)
	at com.kms.katalon.core.keyword.internal.KeywordExecutor.executeKeywordForPlatform(KeywordExecutor.groovy:73)
	at com.kms.katalon.core.webui.keyword.WebUiBuiltInKeywords.click(WebUiBuiltInKeywords.groovy:617)
	at com.kms.katalon.core.webui.keyword.WebUiBuiltInKeywords$click$3.call(Unknown Source)
	at TC02_Canine_Filter_Breed-AmerStaffd.run(TC02_Canine_Filter_Breed-AmerStaffd:51)
	at com.kms.katalon.core.main.ScriptEngine.run(ScriptEngine.java:194)
	at com.kms.katalon.core.main.ScriptEngine.runScriptAsRawText(ScriptEngine.java:119)
	at com.kms.katalon.core.main.TestCaseExecutor.runScript(TestCaseExecutor.java:339)
	at com.kms.katalon.core.main.TestCaseExecutor.doExecute(TestCaseExecutor.java:330)
	at com.kms.katalon.core.main.TestCaseExecutor.processExecutionPhase(TestCaseExecutor.java:309)
	at com.kms.katalon.core.main.TestCaseExecutor.accessMainPhase(TestCaseExecutor.java:301)
	at com.kms.katalon.core.main.TestCaseExecutor.execute(TestCaseExecutor.java:235)
	at com.kms.katalon.core.main.TestSuiteExecutor.accessTestCaseMainPhase(TestSuiteExecutor.java:191)
	at com.kms.katalon.core.main.TestSuiteExecutor.accessTestSuiteMainPhase(TestSuiteExecutor.java:141)
	at com.kms.katalon.core.main.TestSuiteExecutor.execute(TestSuiteExecutor.java:90)
	at com.kms.katalon.core.main.TestCaseMain.startTestSuite(TestCaseMain.java:157)
	at com.kms.katalon.core.main.TestCaseMain$startTestSuite$0.call(Unknown Source)
	at TempTestSuite1619497270111.run(TempTestSuite1619497270111.groovy:39)
Caused by: com.kms.katalon.core.webui.exception.WebElementNotFoundException: Web element with id: 'Object Repository/Canine/NavBar/Canine_Cases_Btn' located by '//a[contains(@href,'cases')]' not found
	at com.kms.katalon.core.webui.common.WebUiCommonHelper.findWebElement(WebUiCommonHelper.java:1368)
	at com.kms.katalon.core.webui.keyword.internal.WebUIAbstractKeyword.findWebElement(WebUIAbstractKeyword.groovy:27)
	at com.kms.katalon.core.webui.keyword.internal.WebUIAbstractKeyword.findWebElement(WebUIAbstractKeyword.groovy:26)
	at com.kms.katalon.core.webui.keyword.builtin.ClickKeyword$_click_closure1.doCall(ClickKeyword.groovy:67)
	at com.kms.katalon.core.webui.keyword.builtin.ClickKeyword$_click_closure1.call(ClickKeyword.groovy)
	at com.kms.katalon.core.webui.keyword.internal.WebUIKeywordMain.runKeyword(WebUIKeywordMain.groovy:20)
	at com.kms.katalon.core.webui.keyword.builtin.ClickKeyword.click(ClickKeyword.groovy:76)
	at com.kms.katalon.core.webui.keyword.builtin.ClickKeyword.execute(ClickKeyword.groovy:43)
	at com.kms.katalon.core.keyword.internal.KeywordExecutor.executeKeywordForPlatform(KeywordExecutor.groovy:73)
	at com.kms.katalon.core.webui.keyword.WebUiBuiltInKeywords.click(WebUiBuiltInKeywords.groovy:617)
	at com.kms.katalon.core.webui.keyword.WebUiBuiltInKeywords$click$3.call(Unknown Source)
	at Script1589136168467.run(Script1589136168467.groovy:51)
	... 13 more
)
[[ATTACHMENT|C:\\Users\\radhakrishnang2\\Desktop\\Commons_Automation\\Reports\\20210426_212110\\Canine_TestSuite\\20210426_212110\\1619497396207.png]]]]></system-out>
         <system-err><![CDATA[2021-04-26 21:22:33 - [TEST_CASE][FAILED] - Test Cases/Canine_TestCases/Breed/TC02_Canine_Filter_Breed-AmerStaffd: Test Cases/Canine_TestCases/Breed/TC02_Canine_Filter_Breed-AmerStaffd FAILED.
Reason:
com.kms.katalon.core.exception.StepFailedException: Unable to click on object 'Object Repository/Canine/NavBar/Canine_Cases_Btn'
	at com.kms.katalon.core.webui.keyword.internal.WebUIKeywordMain.stepFailed(WebUIKeywordMain.groovy:64)
	at com.kms.katalon.core.webui.keyword.internal.WebUIKeywordMain.runKeyword(WebUIKeywordMain.groovy:26)
	at com.kms.katalon.core.webui.keyword.builtin.ClickKeyword.click(ClickKeyword.groovy:76)
	at com.kms.katalon.core.webui.keyword.builtin.ClickKeyword.execute(ClickKeyword.groovy:43)
	at com.kms.katalon.core.keyword.internal.KeywordExecutor.executeKeywordForPlatform(KeywordExecutor.groovy:73)
	at com.kms.katalon.core.webui.keyword.WebUiBuiltInKeywords.click(WebUiBuiltInKeywords.groovy:617)
	at com.kms.katalon.core.webui.keyword.WebUiBuiltInKeywords$click$3.call(Unknown Source)
	at TC02_Canine_Filter_Breed-AmerStaffd.run(TC02_Canine_Filter_Breed-AmerStaffd:51)
	at com.kms.katalon.core.main.ScriptEngine.run(ScriptEngine.java:194)
	at com.kms.katalon.core.main.ScriptEngine.runScriptAsRawText(ScriptEngine.java:119)
	at com.kms.katalon.core.main.TestCaseExecutor.runScript(TestCaseExecutor.java:339)
	at com.kms.katalon.core.main.TestCaseExecutor.doExecute(TestCaseExecutor.java:330)
	at com.kms.katalon.core.main.TestCaseExecutor.processExecutionPhase(TestCaseExecutor.java:309)
	at com.kms.katalon.core.main.TestCaseExecutor.accessMainPhase(TestCaseExecutor.java:301)
	at com.kms.katalon.core.main.TestCaseExecutor.execute(TestCaseExecutor.java:235)
	at com.kms.katalon.core.main.TestSuiteExecutor.accessTestCaseMainPhase(TestSuiteExecutor.java:191)
	at com.kms.katalon.core.main.TestSuiteExecutor.accessTestSuiteMainPhase(TestSuiteExecutor.java:141)
	at com.kms.katalon.core.main.TestSuiteExecutor.execute(TestSuiteExecutor.java:90)
	at com.kms.katalon.core.main.TestCaseMain.startTestSuite(TestCaseMain.java:157)
	at com.kms.katalon.core.main.TestCaseMain$startTestSuite$0.call(Unknown Source)
	at TempTestSuite1619497270111.run(TempTestSuite1619497270111.groovy:39)
Caused by: com.kms.katalon.core.webui.exception.WebElementNotFoundException: Web element with id: 'Object Repository/Canine/NavBar/Canine_Cases_Btn' located by '//a[contains(@href,'cases')]' not found
	at com.kms.katalon.core.webui.common.WebUiCommonHelper.findWebElement(WebUiCommonHelper.java:1368)
	at com.kms.katalon.core.webui.keyword.internal.WebUIAbstractKeyword.findWebElement(WebUIAbstractKeyword.groovy:27)
	at com.kms.katalon.core.webui.keyword.internal.WebUIAbstractKeyword.findWebElement(WebUIAbstractKeyword.groovy:26)
	at com.kms.katalon.core.webui.keyword.builtin.ClickKeyword$_click_closure1.doCall(ClickKeyword.groovy:67)
	at com.kms.katalon.core.webui.keyword.builtin.ClickKeyword$_click_closure1.call(ClickKeyword.groovy)
	at com.kms.katalon.core.webui.keyword.internal.WebUIKeywordMain.runKeyword(WebUIKeywordMain.groovy:20)
	... 19 more]]></system-err>
      </testcase>
      <testcase name="Test Cases/Canine_TestCases/Breed/TC03_Canine_Filter_Breed-AusShephd" time="42.518" classname="Test Cases/Canine_TestCases/Breed/TC03_Canine_Filter_Breed-AusShephd" status="FAILED">
         <failure type="FAILED" message="Test Cases/Canine_TestCases/Breed/TC03_Canine_Filter_Breed-AusShephd FAILED.
Reason:
com.kms.katalon.core.exception.StepFailedException: Unable to click on object 'Object Repository/Canine/NavBar/Canine_Cases_Btn'
	at com.kms.katalon.core.webui.keyword.internal.WebUIKeywordMain.stepFailed(WebUIKeywordMain.groovy:64)
	at com.kms.katalon.core.webui.keyword.internal.WebUIKeywordMain.runKeyword(WebUIKeywordMain.groovy:26)
	at com.kms.katalon.core.webui.keyword.builtin.ClickKeyword.click(ClickKeyword.groovy:76)
	at com.kms.katalon.core.webui.keyword.builtin.ClickKeyword.execute(ClickKeyword.groovy:43)
	at com.kms.katalon.core.keyword.internal.KeywordExecutor.executeKeywordForPlatform(KeywordExecutor.groovy:73)
	at com.kms.katalon.core.webui.keyword.WebUiBuiltInKeywords.click(WebUiBuiltInKeywords.groovy:617)
	at com.kms.katalon.core.webui.keyword.WebUiBuiltInKeywords$click$3.call(Unknown Source)
	at TC03_Canine_Filter_Breed-AusShephd.run(TC03_Canine_Filter_Breed-AusShephd:50)
	at com.kms.katalon.core.main.ScriptEngine.run(ScriptEngine.java:194)
	at com.kms.katalon.core.main.ScriptEngine.runScriptAsRawText(ScriptEngine.java:119)
	at com.kms.katalon.core.main.TestCaseExecutor.runScript(TestCaseExecutor.java:339)
	at com.kms.katalon.core.main.TestCaseExecutor.doExecute(TestCaseExecutor.java:330)
	at com.kms.katalon.core.main.TestCaseExecutor.processExecutionPhase(TestCaseExecutor.java:309)
	at com.kms.katalon.core.main.TestCaseExecutor.accessMainPhase(TestCaseExecutor.java:301)
	at com.kms.katalon.core.main.TestCaseExecutor.execute(TestCaseExecutor.java:235)
	at com.kms.katalon.core.main.TestSuiteExecutor.accessTestCaseMainPhase(TestSuiteExecutor.java:191)
	at com.kms.katalon.core.main.TestSuiteExecutor.accessTestSuiteMainPhase(TestSuiteExecutor.java:141)
	at com.kms.katalon.core.main.TestSuiteExecutor.execute(TestSuiteExecutor.java:90)
	at com.kms.katalon.core.main.TestCaseMain.startTestSuite(TestCaseMain.java:157)
	at com.kms.katalon.core.main.TestCaseMain$startTestSuite$0.call(Unknown Source)
	at TempTestSuite1619497270111.run(TempTestSuite1619497270111.groovy:39)
Caused by: com.kms.katalon.core.webui.exception.WebElementNotFoundException: Web element with id: 'Object Repository/Canine/NavBar/Canine_Cases_Btn' located by '//a[contains(@href,'cases')]' not found
	at com.kms.katalon.core.webui.common.WebUiCommonHelper.findWebElement(WebUiCommonHelper.java:1368)
	at com.kms.katalon.core.webui.keyword.internal.WebUIAbstractKeyword.findWebElement(WebUIAbstractKeyword.groovy:27)
	at com.kms.katalon.core.webui.keyword.internal.WebUIAbstractKeyword.findWebElement(WebUIAbstractKeyword.groovy:26)
	at com.kms.katalon.core.webui.keyword.builtin.ClickKeyword$_click_closure1.doCall(ClickKeyword.groovy:67)
	at com.kms.katalon.core.webui.keyword.builtin.ClickKeyword$_click_closure1.call(ClickKeyword.groovy)
	at com.kms.katalon.core.webui.keyword.internal.WebUIKeywordMain.runKeyword(WebUIKeywordMain.groovy:20)
	... 19 more
"/>
         <system-out><![CDATA[2021-04-26 21:23:16 - [TEST_CASE][FAILED] - Test Cases/Canine_TestCases/Breed/TC03_Canine_Filter_Breed-AusShephd: Test Cases/Canine_TestCases/Breed/TC03_Canine_Filter_Breed-AusShephd FAILED.
Reason:
com.kms.katalon.core.exception.StepFailedException: Unable to click on object 'Object Repository/Canine/NavBar/Canine_Cases_Btn'
	at com.kms.katalon.core.webui.keyword.internal.WebUIKeywordMain.stepFailed(WebUIKeywordMain.groovy:64)
	at com.kms.katalon.core.webui.keyword.internal.WebUIKeywordMain.runKeyword(WebUIKeywordMain.groovy:26)
	at com.kms.katalon.core.webui.keyword.builtin.ClickKeyword.click(ClickKeyword.groovy:76)
	at com.kms.katalon.core.webui.keyword.builtin.ClickKeyword.execute(ClickKeyword.groovy:43)
	at com.kms.katalon.core.keyword.internal.KeywordExecutor.executeKeywordForPlatform(KeywordExecutor.groovy:73)
	at com.kms.katalon.core.webui.keyword.WebUiBuiltInKeywords.click(WebUiBuiltInKeywords.groovy:617)
	at com.kms.katalon.core.webui.keyword.WebUiBuiltInKeywords$click$3.call(Unknown Source)
	at TC03_Canine_Filter_Breed-AusShephd.run(TC03_Canine_Filter_Breed-AusShephd:50)
	at com.kms.katalon.core.main.ScriptEngine.run(ScriptEngine.java:194)
	at com.kms.katalon.core.main.ScriptEngine.runScriptAsRawText(ScriptEngine.java:119)
	at com.kms.katalon.core.main.TestCaseExecutor.runScript(TestCaseExecutor.java:339)
	at com.kms.katalon.core.main.TestCaseExecutor.doExecute(TestCaseExecutor.java:330)
	at com.kms.katalon.core.main.TestCaseExecutor.processExecutionPhase(TestCaseExecutor.java:309)
	at com.kms.katalon.core.main.TestCaseExecutor.accessMainPhase(TestCaseExecutor.java:301)
	at com.kms.katalon.core.main.TestCaseExecutor.execute(TestCaseExecutor.java:235)
	at com.kms.katalon.core.main.TestSuiteExecutor.accessTestCaseMainPhase(TestSuiteExecutor.java:191)
	at com.kms.katalon.core.main.TestSuiteExecutor.accessTestSuiteMainPhase(TestSuiteExecutor.java:141)
	at com.kms.katalon.core.main.TestSuiteExecutor.execute(TestSuiteExecutor.java:90)
	at com.kms.katalon.core.main.TestCaseMain.startTestSuite(TestCaseMain.java:157)
	at com.kms.katalon.core.main.TestCaseMain$startTestSuite$0.call(Unknown Source)
	at TempTestSuite1619497270111.run(TempTestSuite1619497270111.groovy:39)
Caused by: com.kms.katalon.core.webui.exception.WebElementNotFoundException: Web element with id: 'Object Repository/Canine/NavBar/Canine_Cases_Btn' located by '//a[contains(@href,'cases')]' not found
	at com.kms.katalon.core.webui.common.WebUiCommonHelper.findWebElement(WebUiCommonHelper.java:1368)
	at com.kms.katalon.core.webui.keyword.internal.WebUIAbstractKeyword.findWebElement(WebUIAbstractKeyword.groovy:27)
	at com.kms.katalon.core.webui.keyword.internal.WebUIAbstractKeyword.findWebElement(WebUIAbstractKeyword.groovy:26)
	at com.kms.katalon.core.webui.keyword.builtin.ClickKeyword$_click_closure1.doCall(ClickKeyword.groovy:67)
	at com.kms.katalon.core.webui.keyword.builtin.ClickKeyword$_click_closure1.call(ClickKeyword.groovy)
	at com.kms.katalon.core.webui.keyword.internal.WebUIKeywordMain.runKeyword(WebUIKeywordMain.groovy:20)
	... 19 more


2021-04-26 21:23:17 - [TEST_STEP][PASSED] - closeBrowser(): Browser is closed

2021-04-26 21:23:17 - [MESSAGE][PASSED] - Browser is closed

2021-04-26 21:23:17 - [TEST_STEP][PASSED] - openBrowser(""): Browser is opened with url: ''

2021-04-26 21:23:17 - [MESSAGE][INFO] - Starting 'Chrome (headless)' driver

2021-04-26 21:23:17 - [MESSAGE][INFO] - User set preference: ['args', '[--no-sandbox]']

2021-04-26 21:23:17 - [MESSAGE][INFO] - Action delay is set to 5,000 milliseconds

2021-04-26 21:23:19 - [MESSAGE][PASSED] - Browser is opened with url: ''

2021-04-26 21:23:19 - [TEST_STEP][PASSED] - maximizeWindow(): Current window maximized

2021-04-26 21:23:19 - [MESSAGE][PASSED] - Current window maximized

2021-04-26 21:23:19 - [TEST_STEP][PASSED] - ctdc.utilities.runtestcaseforKatalon.RunKatalon("TC03_Canine_Filter_Breed-AusShephd.xlsx"): Data loaded from input file for the test case. 

2021-04-26 21:23:19 - [MESSAGE][PASSED] - Test case file loaded This is the full filepath after converting to string :C:\Users\radhakrishnang2\Desktop\Commons_Automation\InputFiles\TC03_Canine_Filter_Breed-AusShephd.xlsx

2021-04-26 21:23:19 - [MESSAGE][INFO] - Global variable set for password file is :  C:\Users\radhakrishnang2\Desktop\Commons_Automation\InputFiles\TC03_Canine_Filter_Breed-AusShephd.xlsx

2021-04-26 21:23:19 - [MESSAGE][PASSED] - Data loaded from input file for the test case. 

2021-04-26 21:23:27 - [TEST_STEP][FAILED] - click(findTestObject("Canine/NavBar/Canine_Cases_Btn")): Unable to click on object 'Object Repository/Canine/NavBar/Canine_Cases_Btn' (Root cause: com.kms.katalon.core.exception.StepFailedException: Unable to click on object 'Object Repository/Canine/NavBar/Canine_Cases_Btn'
	at com.kms.katalon.core.webui.keyword.internal.WebUIKeywordMain.stepFailed(WebUIKeywordMain.groovy:64)
	at com.kms.katalon.core.webui.keyword.internal.WebUIKeywordMain.runKeyword(WebUIKeywordMain.groovy:26)
	at com.kms.katalon.core.webui.keyword.builtin.ClickKeyword.click(ClickKeyword.groovy:76)
	at com.kms.katalon.core.webui.keyword.builtin.ClickKeyword.execute(ClickKeyword.groovy:43)
	at com.kms.katalon.core.keyword.internal.KeywordExecutor.executeKeywordForPlatform(KeywordExecutor.groovy:73)
	at com.kms.katalon.core.webui.keyword.WebUiBuiltInKeywords.click(WebUiBuiltInKeywords.groovy:617)
	at com.kms.katalon.core.webui.keyword.WebUiBuiltInKeywords$click$3.call(Unknown Source)
	at TC03_Canine_Filter_Breed-AusShephd.run(TC03_Canine_Filter_Breed-AusShephd:50)
	at com.kms.katalon.core.main.ScriptEngine.run(ScriptEngine.java:194)
	at com.kms.katalon.core.main.ScriptEngine.runScriptAsRawText(ScriptEngine.java:119)
	at com.kms.katalon.core.main.TestCaseExecutor.runScript(TestCaseExecutor.java:339)
	at com.kms.katalon.core.main.TestCaseExecutor.doExecute(TestCaseExecutor.java:330)
	at com.kms.katalon.core.main.TestCaseExecutor.processExecutionPhase(TestCaseExecutor.java:309)
	at com.kms.katalon.core.main.TestCaseExecutor.accessMainPhase(TestCaseExecutor.java:301)
	at com.kms.katalon.core.main.TestCaseExecutor.execute(TestCaseExecutor.java:235)
	at com.kms.katalon.core.main.TestSuiteExecutor.accessTestCaseMainPhase(TestSuiteExecutor.java:191)
	at com.kms.katalon.core.main.TestSuiteExecutor.accessTestSuiteMainPhase(TestSuiteExecutor.java:141)
	at com.kms.katalon.core.main.TestSuiteExecutor.execute(TestSuiteExecutor.java:90)
	at com.kms.katalon.core.main.TestCaseMain.startTestSuite(TestCaseMain.java:157)
	at com.kms.katalon.core.main.TestCaseMain$startTestSuite$0.call(Unknown Source)
	at TempTestSuite1619497270111.run(TempTestSuite1619497270111.groovy:39)
Caused by: com.kms.katalon.core.webui.exception.WebElementNotFoundException: Web element with id: 'Object Repository/Canine/NavBar/Canine_Cases_Btn' located by '//a[contains(@href,'cases')]' not found
	at com.kms.katalon.core.webui.common.WebUiCommonHelper.findWebElement(WebUiCommonHelper.java:1368)
	at com.kms.katalon.core.webui.keyword.internal.WebUIAbstractKeyword.findWebElement(WebUIAbstractKeyword.groovy:27)
	at com.kms.katalon.core.webui.keyword.internal.WebUIAbstractKeyword.findWebElement(WebUIAbstractKeyword.groovy:26)
	at com.kms.katalon.core.webui.keyword.builtin.ClickKeyword$_click_closure1.doCall(ClickKeyword.groovy:67)
	at com.kms.katalon.core.webui.keyword.builtin.ClickKeyword$_click_closure1.call(ClickKeyword.groovy)
	at com.kms.katalon.core.webui.keyword.internal.WebUIKeywordMain.runKeyword(WebUIKeywordMain.groovy:20)
	at com.kms.katalon.core.webui.keyword.builtin.ClickKeyword.click(ClickKeyword.groovy:76)
	at com.kms.katalon.core.webui.keyword.builtin.ClickKeyword.execute(ClickKeyword.groovy:43)
	at com.kms.katalon.core.keyword.internal.KeywordExecutor.executeKeywordForPlatform(KeywordExecutor.groovy:73)
	at com.kms.katalon.core.webui.keyword.WebUiBuiltInKeywords.click(WebUiBuiltInKeywords.groovy:617)
	at com.kms.katalon.core.webui.keyword.WebUiBuiltInKeywords$click$3.call(Unknown Source)
	at Script1589136269788.run(Script1589136269788.groovy:50)
	... 13 more
)

2021-04-26 21:23:58 - [MESSAGE][INFO] - Unable to find the element located by 'By.xpath: //a[contains(@href,'cases')]'. Please recheck the objects properties to make sure the desired element is located. 

2021-04-26 21:23:59 - [MESSAGE][FAILED] - Unable to click on object 'Object Repository/Canine/NavBar/Canine_Cases_Btn' (Root cause: com.kms.katalon.core.exception.StepFailedException: Unable to click on object 'Object Repository/Canine/NavBar/Canine_Cases_Btn'
	at com.kms.katalon.core.webui.keyword.internal.WebUIKeywordMain.stepFailed(WebUIKeywordMain.groovy:64)
	at com.kms.katalon.core.webui.keyword.internal.WebUIKeywordMain.runKeyword(WebUIKeywordMain.groovy:26)
	at com.kms.katalon.core.webui.keyword.builtin.ClickKeyword.click(ClickKeyword.groovy:76)
	at com.kms.katalon.core.webui.keyword.builtin.ClickKeyword.execute(ClickKeyword.groovy:43)
	at com.kms.katalon.core.keyword.internal.KeywordExecutor.executeKeywordForPlatform(KeywordExecutor.groovy:73)
	at com.kms.katalon.core.webui.keyword.WebUiBuiltInKeywords.click(WebUiBuiltInKeywords.groovy:617)
	at com.kms.katalon.core.webui.keyword.WebUiBuiltInKeywords$click$3.call(Unknown Source)
	at TC03_Canine_Filter_Breed-AusShephd.run(TC03_Canine_Filter_Breed-AusShephd:50)
	at com.kms.katalon.core.main.ScriptEngine.run(ScriptEngine.java:194)
	at com.kms.katalon.core.main.ScriptEngine.runScriptAsRawText(ScriptEngine.java:119)
	at com.kms.katalon.core.main.TestCaseExecutor.runScript(TestCaseExecutor.java:339)
	at com.kms.katalon.core.main.TestCaseExecutor.doExecute(TestCaseExecutor.java:330)
	at com.kms.katalon.core.main.TestCaseExecutor.processExecutionPhase(TestCaseExecutor.java:309)
	at com.kms.katalon.core.main.TestCaseExecutor.accessMainPhase(TestCaseExecutor.java:301)
	at com.kms.katalon.core.main.TestCaseExecutor.execute(TestCaseExecutor.java:235)
	at com.kms.katalon.core.main.TestSuiteExecutor.accessTestCaseMainPhase(TestSuiteExecutor.java:191)
	at com.kms.katalon.core.main.TestSuiteExecutor.accessTestSuiteMainPhase(TestSuiteExecutor.java:141)
	at com.kms.katalon.core.main.TestSuiteExecutor.execute(TestSuiteExecutor.java:90)
	at com.kms.katalon.core.main.TestCaseMain.startTestSuite(TestCaseMain.java:157)
	at com.kms.katalon.core.main.TestCaseMain$startTestSuite$0.call(Unknown Source)
	at TempTestSuite1619497270111.run(TempTestSuite1619497270111.groovy:39)
Caused by: com.kms.katalon.core.webui.exception.WebElementNotFoundException: Web element with id: 'Object Repository/Canine/NavBar/Canine_Cases_Btn' located by '//a[contains(@href,'cases')]' not found
	at com.kms.katalon.core.webui.common.WebUiCommonHelper.findWebElement(WebUiCommonHelper.java:1368)
	at com.kms.katalon.core.webui.keyword.internal.WebUIAbstractKeyword.findWebElement(WebUIAbstractKeyword.groovy:27)
	at com.kms.katalon.core.webui.keyword.internal.WebUIAbstractKeyword.findWebElement(WebUIAbstractKeyword.groovy:26)
	at com.kms.katalon.core.webui.keyword.builtin.ClickKeyword$_click_closure1.doCall(ClickKeyword.groovy:67)
	at com.kms.katalon.core.webui.keyword.builtin.ClickKeyword$_click_closure1.call(ClickKeyword.groovy)
	at com.kms.katalon.core.webui.keyword.internal.WebUIKeywordMain.runKeyword(WebUIKeywordMain.groovy:20)
	at com.kms.katalon.core.webui.keyword.builtin.ClickKeyword.click(ClickKeyword.groovy:76)
	at com.kms.katalon.core.webui.keyword.builtin.ClickKeyword.execute(ClickKeyword.groovy:43)
	at com.kms.katalon.core.keyword.internal.KeywordExecutor.executeKeywordForPlatform(KeywordExecutor.groovy:73)
	at com.kms.katalon.core.webui.keyword.WebUiBuiltInKeywords.click(WebUiBuiltInKeywords.groovy:617)
	at com.kms.katalon.core.webui.keyword.WebUiBuiltInKeywords$click$3.call(Unknown Source)
	at Script1589136269788.run(Script1589136269788.groovy:50)
	... 13 more
)
[[ATTACHMENT|C:\\Users\\radhakrishnang2\\Desktop\\Commons_Automation\\Reports\\20210426_212110\\Canine_TestSuite\\20210426_212110\\1619497438767.png]]]]></system-out>
         <system-err><![CDATA[2021-04-26 21:23:16 - [TEST_CASE][FAILED] - Test Cases/Canine_TestCases/Breed/TC03_Canine_Filter_Breed-AusShephd: Test Cases/Canine_TestCases/Breed/TC03_Canine_Filter_Breed-AusShephd FAILED.
Reason:
com.kms.katalon.core.exception.StepFailedException: Unable to click on object 'Object Repository/Canine/NavBar/Canine_Cases_Btn'
	at com.kms.katalon.core.webui.keyword.internal.WebUIKeywordMain.stepFailed(WebUIKeywordMain.groovy:64)
	at com.kms.katalon.core.webui.keyword.internal.WebUIKeywordMain.runKeyword(WebUIKeywordMain.groovy:26)
	at com.kms.katalon.core.webui.keyword.builtin.ClickKeyword.click(ClickKeyword.groovy:76)
	at com.kms.katalon.core.webui.keyword.builtin.ClickKeyword.execute(ClickKeyword.groovy:43)
	at com.kms.katalon.core.keyword.internal.KeywordExecutor.executeKeywordForPlatform(KeywordExecutor.groovy:73)
	at com.kms.katalon.core.webui.keyword.WebUiBuiltInKeywords.click(WebUiBuiltInKeywords.groovy:617)
	at com.kms.katalon.core.webui.keyword.WebUiBuiltInKeywords$click$3.call(Unknown Source)
	at TC03_Canine_Filter_Breed-AusShephd.run(TC03_Canine_Filter_Breed-AusShephd:50)
	at com.kms.katalon.core.main.ScriptEngine.run(ScriptEngine.java:194)
	at com.kms.katalon.core.main.ScriptEngine.runScriptAsRawText(ScriptEngine.java:119)
	at com.kms.katalon.core.main.TestCaseExecutor.runScript(TestCaseExecutor.java:339)
	at com.kms.katalon.core.main.TestCaseExecutor.doExecute(TestCaseExecutor.java:330)
	at com.kms.katalon.core.main.TestCaseExecutor.processExecutionPhase(TestCaseExecutor.java:309)
	at com.kms.katalon.core.main.TestCaseExecutor.accessMainPhase(TestCaseExecutor.java:301)
	at com.kms.katalon.core.main.TestCaseExecutor.execute(TestCaseExecutor.java:235)
	at com.kms.katalon.core.main.TestSuiteExecutor.accessTestCaseMainPhase(TestSuiteExecutor.java:191)
	at com.kms.katalon.core.main.TestSuiteExecutor.accessTestSuiteMainPhase(TestSuiteExecutor.java:141)
	at com.kms.katalon.core.main.TestSuiteExecutor.execute(TestSuiteExecutor.java:90)
	at com.kms.katalon.core.main.TestCaseMain.startTestSuite(TestCaseMain.java:157)
	at com.kms.katalon.core.main.TestCaseMain$startTestSuite$0.call(Unknown Source)
	at TempTestSuite1619497270111.run(TempTestSuite1619497270111.groovy:39)
Caused by: com.kms.katalon.core.webui.exception.WebElementNotFoundException: Web element with id: 'Object Repository/Canine/NavBar/Canine_Cases_Btn' located by '//a[contains(@href,'cases')]' not found
	at com.kms.katalon.core.webui.common.WebUiCommonHelper.findWebElement(WebUiCommonHelper.java:1368)
	at com.kms.katalon.core.webui.keyword.internal.WebUIAbstractKeyword.findWebElement(WebUIAbstractKeyword.groovy:27)
	at com.kms.katalon.core.webui.keyword.internal.WebUIAbstractKeyword.findWebElement(WebUIAbstractKeyword.groovy:26)
	at com.kms.katalon.core.webui.keyword.builtin.ClickKeyword$_click_closure1.doCall(ClickKeyword.groovy:67)
	at com.kms.katalon.core.webui.keyword.builtin.ClickKeyword$_click_closure1.call(ClickKeyword.groovy)
	at com.kms.katalon.core.webui.keyword.internal.WebUIKeywordMain.runKeyword(WebUIKeywordMain.groovy:20)
	... 19 more]]></system-err>
      </testcase>
      <testcase name="Test Cases/Canine_TestCases/Breed/TC04_Canine_Filter_Breed-BassHnd" time="46.884" classname="Test Cases/Canine_TestCases/Breed/TC04_Canine_Filter_Breed-BassHnd" status="FAILED">
         <failure type="FAILED" message="Test Cases/Canine_TestCases/Breed/TC04_Canine_Filter_Breed-BassHnd FAILED.
Reason:
com.kms.katalon.core.exception.StepFailedException: Unable to click on object 'Object Repository/Canine/NavBar/Canine_Cases_Btn'
	at com.kms.katalon.core.webui.keyword.internal.WebUIKeywordMain.stepFailed(WebUIKeywordMain.groovy:64)
	at com.kms.katalon.core.webui.keyword.internal.WebUIKeywordMain.runKeyword(WebUIKeywordMain.groovy:26)
	at com.kms.katalon.core.webui.keyword.builtin.ClickKeyword.click(ClickKeyword.groovy:76)
	at com.kms.katalon.core.webui.keyword.builtin.ClickKeyword.execute(ClickKeyword.groovy:43)
	at com.kms.katalon.core.keyword.internal.KeywordExecutor.executeKeywordForPlatform(KeywordExecutor.groovy:73)
	at com.kms.katalon.core.webui.keyword.WebUiBuiltInKeywords.click(WebUiBuiltInKeywords.groovy:617)
	at com.kms.katalon.core.webui.keyword.WebUiBuiltInKeywords$click$3.call(Unknown Source)
	at TC04_Canine_Filter_Breed-BassHnd.run(TC04_Canine_Filter_Breed-BassHnd:53)
	at com.kms.katalon.core.main.ScriptEngine.run(ScriptEngine.java:194)
	at com.kms.katalon.core.main.ScriptEngine.runScriptAsRawText(ScriptEngine.java:119)
	at com.kms.katalon.core.main.TestCaseExecutor.runScript(TestCaseExecutor.java:339)
	at com.kms.katalon.core.main.TestCaseExecutor.doExecute(TestCaseExecutor.java:330)
	at com.kms.katalon.core.main.TestCaseExecutor.processExecutionPhase(TestCaseExecutor.java:309)
	at com.kms.katalon.core.main.TestCaseExecutor.accessMainPhase(TestCaseExecutor.java:301)
	at com.kms.katalon.core.main.TestCaseExecutor.execute(TestCaseExecutor.java:235)
	at com.kms.katalon.core.main.TestSuiteExecutor.accessTestCaseMainPhase(TestSuiteExecutor.java:191)
	at com.kms.katalon.core.main.TestSuiteExecutor.accessTestSuiteMainPhase(TestSuiteExecutor.java:141)
	at com.kms.katalon.core.main.TestSuiteExecutor.execute(TestSuiteExecutor.java:90)
	at com.kms.katalon.core.main.TestCaseMain.startTestSuite(TestCaseMain.java:157)
	at com.kms.katalon.core.main.TestCaseMain$startTestSuite$0.call(Unknown Source)
	at TempTestSuite1619497270111.run(TempTestSuite1619497270111.groovy:39)
Caused by: com.kms.katalon.core.webui.exception.WebElementNotFoundException: Web element with id: 'Object Repository/Canine/NavBar/Canine_Cases_Btn' located by '//a[contains(@href,'cases')]' not found
	at com.kms.katalon.core.webui.common.WebUiCommonHelper.findWebElement(WebUiCommonHelper.java:1368)
	at com.kms.katalon.core.webui.keyword.internal.WebUIAbstractKeyword.findWebElement(WebUIAbstractKeyword.groovy:27)
	at com.kms.katalon.core.webui.keyword.internal.WebUIAbstractKeyword.findWebElement(WebUIAbstractKeyword.groovy:26)
	at com.kms.katalon.core.webui.keyword.builtin.ClickKeyword$_click_closure1.doCall(ClickKeyword.groovy:67)
	at com.kms.katalon.core.webui.keyword.builtin.ClickKeyword$_click_closure1.call(ClickKeyword.groovy)
	at com.kms.katalon.core.webui.keyword.internal.WebUIKeywordMain.runKeyword(WebUIKeywordMain.groovy:20)
	... 19 more
"/>
         <system-out><![CDATA[2021-04-26 21:23:59 - [TEST_CASE][FAILED] - Test Cases/Canine_TestCases/Breed/TC04_Canine_Filter_Breed-BassHnd: Test Cases/Canine_TestCases/Breed/TC04_Canine_Filter_Breed-BassHnd FAILED.
Reason:
com.kms.katalon.core.exception.StepFailedException: Unable to click on object 'Object Repository/Canine/NavBar/Canine_Cases_Btn'
	at com.kms.katalon.core.webui.keyword.internal.WebUIKeywordMain.stepFailed(WebUIKeywordMain.groovy:64)
	at com.kms.katalon.core.webui.keyword.internal.WebUIKeywordMain.runKeyword(WebUIKeywordMain.groovy:26)
	at com.kms.katalon.core.webui.keyword.builtin.ClickKeyword.click(ClickKeyword.groovy:76)
	at com.kms.katalon.core.webui.keyword.builtin.ClickKeyword.execute(ClickKeyword.groovy:43)
	at com.kms.katalon.core.keyword.internal.KeywordExecutor.executeKeywordForPlatform(KeywordExecutor.groovy:73)
	at com.kms.katalon.core.webui.keyword.WebUiBuiltInKeywords.click(WebUiBuiltInKeywords.groovy:617)
	at com.kms.katalon.core.webui.keyword.WebUiBuiltInKeywords$click$3.call(Unknown Source)
	at TC04_Canine_Filter_Breed-BassHnd.run(TC04_Canine_Filter_Breed-BassHnd:53)
	at com.kms.katalon.core.main.ScriptEngine.run(ScriptEngine.java:194)
	at com.kms.katalon.core.main.ScriptEngine.runScriptAsRawText(ScriptEngine.java:119)
	at com.kms.katalon.core.main.TestCaseExecutor.runScript(TestCaseExecutor.java:339)
	at com.kms.katalon.core.main.TestCaseExecutor.doExecute(TestCaseExecutor.java:330)
	at com.kms.katalon.core.main.TestCaseExecutor.processExecutionPhase(TestCaseExecutor.java:309)
	at com.kms.katalon.core.main.TestCaseExecutor.accessMainPhase(TestCaseExecutor.java:301)
	at com.kms.katalon.core.main.TestCaseExecutor.execute(TestCaseExecutor.java:235)
	at com.kms.katalon.core.main.TestSuiteExecutor.accessTestCaseMainPhase(TestSuiteExecutor.java:191)
	at com.kms.katalon.core.main.TestSuiteExecutor.accessTestSuiteMainPhase(TestSuiteExecutor.java:141)
	at com.kms.katalon.core.main.TestSuiteExecutor.execute(TestSuiteExecutor.java:90)
	at com.kms.katalon.core.main.TestCaseMain.startTestSuite(TestCaseMain.java:157)
	at com.kms.katalon.core.main.TestCaseMain$startTestSuite$0.call(Unknown Source)
	at TempTestSuite1619497270111.run(TempTestSuite1619497270111.groovy:39)
Caused by: com.kms.katalon.core.webui.exception.WebElementNotFoundException: Web element with id: 'Object Repository/Canine/NavBar/Canine_Cases_Btn' located by '//a[contains(@href,'cases')]' not found
	at com.kms.katalon.core.webui.common.WebUiCommonHelper.findWebElement(WebUiCommonHelper.java:1368)
	at com.kms.katalon.core.webui.keyword.internal.WebUIAbstractKeyword.findWebElement(WebUIAbstractKeyword.groovy:27)
	at com.kms.katalon.core.webui.keyword.internal.WebUIAbstractKeyword.findWebElement(WebUIAbstractKeyword.groovy:26)
	at com.kms.katalon.core.webui.keyword.builtin.ClickKeyword$_click_closure1.doCall(ClickKeyword.groovy:67)
	at com.kms.katalon.core.webui.keyword.builtin.ClickKeyword$_click_closure1.call(ClickKeyword.groovy)
	at com.kms.katalon.core.webui.keyword.internal.WebUIKeywordMain.runKeyword(WebUIKeywordMain.groovy:20)
	... 19 more


2021-04-26 21:24:00 - [TEST_STEP][PASSED] - closeBrowser(): Browser is closed

2021-04-26 21:24:00 - [MESSAGE][PASSED] - Browser is closed

2021-04-26 21:24:00 - [TEST_STEP][PASSED] - openBrowser(""): Browser is opened with url: ''

2021-04-26 21:24:00 - [MESSAGE][INFO] - Starting 'Chrome (headless)' driver

2021-04-26 21:24:00 - [MESSAGE][INFO] - User set preference: ['args', '[--no-sandbox]']

2021-04-26 21:24:00 - [MESSAGE][INFO] - Action delay is set to 5,000 milliseconds

2021-04-26 21:24:02 - [MESSAGE][PASSED] - Browser is opened with url: ''

2021-04-26 21:24:02 - [TEST_STEP][PASSED] - maximizeWindow(): Current window maximized

2021-04-26 21:24:02 - [MESSAGE][PASSED] - Current window maximized

2021-04-26 21:24:02 - [TEST_STEP][PASSED] - ctdc.utilities.runtestcaseforKatalon.RunKatalon("TC04_Canine_Filter_Breed-BassHnd.xlsx"): Data loaded from input file for the test case. 

2021-04-26 21:24:02 - [MESSAGE][PASSED] - Test case file loaded This is the full filepath after converting to string :C:\Users\radhakrishnang2\Desktop\Commons_Automation\InputFiles\TC04_Canine_Filter_Breed-BassHnd.xlsx

2021-04-26 21:24:02 - [MESSAGE][INFO] - Global variable set for password file is :  C:\Users\radhakrishnang2\Desktop\Commons_Automation\InputFiles\TC04_Canine_Filter_Breed-BassHnd.xlsx

2021-04-26 21:24:02 - [MESSAGE][PASSED] - Data loaded from input file for the test case. 

2021-04-26 21:24:14 - [TEST_STEP][FAILED] - click(findTestObject("Canine/NavBar/Canine_Cases_Btn")): Unable to click on object 'Object Repository/Canine/NavBar/Canine_Cases_Btn' (Root cause: com.kms.katalon.core.exception.StepFailedException: Unable to click on object 'Object Repository/Canine/NavBar/Canine_Cases_Btn'
	at com.kms.katalon.core.webui.keyword.internal.WebUIKeywordMain.stepFailed(WebUIKeywordMain.groovy:64)
	at com.kms.katalon.core.webui.keyword.internal.WebUIKeywordMain.runKeyword(WebUIKeywordMain.groovy:26)
	at com.kms.katalon.core.webui.keyword.builtin.ClickKeyword.click(ClickKeyword.groovy:76)
	at com.kms.katalon.core.webui.keyword.builtin.ClickKeyword.execute(ClickKeyword.groovy:43)
	at com.kms.katalon.core.keyword.internal.KeywordExecutor.executeKeywordForPlatform(KeywordExecutor.groovy:73)
	at com.kms.katalon.core.webui.keyword.WebUiBuiltInKeywords.click(WebUiBuiltInKeywords.groovy:617)
	at com.kms.katalon.core.webui.keyword.WebUiBuiltInKeywords$click$3.call(Unknown Source)
	at TC04_Canine_Filter_Breed-BassHnd.run(TC04_Canine_Filter_Breed-BassHnd:53)
	at com.kms.katalon.core.main.ScriptEngine.run(ScriptEngine.java:194)
	at com.kms.katalon.core.main.ScriptEngine.runScriptAsRawText(ScriptEngine.java:119)
	at com.kms.katalon.core.main.TestCaseExecutor.runScript(TestCaseExecutor.java:339)
	at com.kms.katalon.core.main.TestCaseExecutor.doExecute(TestCaseExecutor.java:330)
	at com.kms.katalon.core.main.TestCaseExecutor.processExecutionPhase(TestCaseExecutor.java:309)
	at com.kms.katalon.core.main.TestCaseExecutor.accessMainPhase(TestCaseExecutor.java:301)
	at com.kms.katalon.core.main.TestCaseExecutor.execute(TestCaseExecutor.java:235)
	at com.kms.katalon.core.main.TestSuiteExecutor.accessTestCaseMainPhase(TestSuiteExecutor.java:191)
	at com.kms.katalon.core.main.TestSuiteExecutor.accessTestSuiteMainPhase(TestSuiteExecutor.java:141)
	at com.kms.katalon.core.main.TestSuiteExecutor.execute(TestSuiteExecutor.java:90)
	at com.kms.katalon.core.main.TestCaseMain.startTestSuite(TestCaseMain.java:157)
	at com.kms.katalon.core.main.TestCaseMain$startTestSuite$0.call(Unknown Source)
	at TempTestSuite1619497270111.run(TempTestSuite1619497270111.groovy:39)
Caused by: com.kms.katalon.core.webui.exception.WebElementNotFoundException: Web element with id: 'Object Repository/Canine/NavBar/Canine_Cases_Btn' located by '//a[contains(@href,'cases')]' not found
	at com.kms.katalon.core.webui.common.WebUiCommonHelper.findWebElement(WebUiCommonHelper.java:1368)
	at com.kms.katalon.core.webui.keyword.internal.WebUIAbstractKeyword.findWebElement(WebUIAbstractKeyword.groovy:27)
	at com.kms.katalon.core.webui.keyword.internal.WebUIAbstractKeyword.findWebElement(WebUIAbstractKeyword.groovy:26)
	at com.kms.katalon.core.webui.keyword.builtin.ClickKeyword$_click_closure1.doCall(ClickKeyword.groovy:67)
	at com.kms.katalon.core.webui.keyword.builtin.ClickKeyword$_click_closure1.call(ClickKeyword.groovy)
	at com.kms.katalon.core.webui.keyword.internal.WebUIKeywordMain.runKeyword(WebUIKeywordMain.groovy:20)
	at com.kms.katalon.core.webui.keyword.builtin.ClickKeyword.click(ClickKeyword.groovy:76)
	at com.kms.katalon.core.webui.keyword.builtin.ClickKeyword.execute(ClickKeyword.groovy:43)
	at com.kms.katalon.core.keyword.internal.KeywordExecutor.executeKeywordForPlatform(KeywordExecutor.groovy:73)
	at com.kms.katalon.core.webui.keyword.WebUiBuiltInKeywords.click(WebUiBuiltInKeywords.groovy:617)
	at com.kms.katalon.core.webui.keyword.WebUiBuiltInKeywords$click$3.call(Unknown Source)
	at Script1589136318480.run(Script1589136318480.groovy:53)
	... 13 more
)

2021-04-26 21:24:45 - [MESSAGE][INFO] - Unable to find the element located by 'By.xpath: //a[contains(@href,'cases')]'. Please recheck the objects properties to make sure the desired element is located. 

2021-04-26 21:24:45 - [MESSAGE][FAILED] - Unable to click on object 'Object Repository/Canine/NavBar/Canine_Cases_Btn' (Root cause: com.kms.katalon.core.exception.StepFailedException: Unable to click on object 'Object Repository/Canine/NavBar/Canine_Cases_Btn'
	at com.kms.katalon.core.webui.keyword.internal.WebUIKeywordMain.stepFailed(WebUIKeywordMain.groovy:64)
	at com.kms.katalon.core.webui.keyword.internal.WebUIKeywordMain.runKeyword(WebUIKeywordMain.groovy:26)
	at com.kms.katalon.core.webui.keyword.builtin.ClickKeyword.click(ClickKeyword.groovy:76)
	at com.kms.katalon.core.webui.keyword.builtin.ClickKeyword.execute(ClickKeyword.groovy:43)
	at com.kms.katalon.core.keyword.internal.KeywordExecutor.executeKeywordForPlatform(KeywordExecutor.groovy:73)
	at com.kms.katalon.core.webui.keyword.WebUiBuiltInKeywords.click(WebUiBuiltInKeywords.groovy:617)
	at com.kms.katalon.core.webui.keyword.WebUiBuiltInKeywords$click$3.call(Unknown Source)
	at TC04_Canine_Filter_Breed-BassHnd.run(TC04_Canine_Filter_Breed-BassHnd:53)
	at com.kms.katalon.core.main.ScriptEngine.run(ScriptEngine.java:194)
	at com.kms.katalon.core.main.ScriptEngine.runScriptAsRawText(ScriptEngine.java:119)
	at com.kms.katalon.core.main.TestCaseExecutor.runScript(TestCaseExecutor.java:339)
	at com.kms.katalon.core.main.TestCaseExecutor.doExecute(TestCaseExecutor.java:330)
	at com.kms.katalon.core.main.TestCaseExecutor.processExecutionPhase(TestCaseExecutor.java:309)
	at com.kms.katalon.core.main.TestCaseExecutor.accessMainPhase(TestCaseExecutor.java:301)
	at com.kms.katalon.core.main.TestCaseExecutor.execute(TestCaseExecutor.java:235)
	at com.kms.katalon.core.main.TestSuiteExecutor.accessTestCaseMainPhase(TestSuiteExecutor.java:191)
	at com.kms.katalon.core.main.TestSuiteExecutor.accessTestSuiteMainPhase(TestSuiteExecutor.java:141)
	at com.kms.katalon.core.main.TestSuiteExecutor.execute(TestSuiteExecutor.java:90)
	at com.kms.katalon.core.main.TestCaseMain.startTestSuite(TestCaseMain.java:157)
	at com.kms.katalon.core.main.TestCaseMain$startTestSuite$0.call(Unknown Source)
	at TempTestSuite1619497270111.run(TempTestSuite1619497270111.groovy:39)
Caused by: com.kms.katalon.core.webui.exception.WebElementNotFoundException: Web element with id: 'Object Repository/Canine/NavBar/Canine_Cases_Btn' located by '//a[contains(@href,'cases')]' not found
	at com.kms.katalon.core.webui.common.WebUiCommonHelper.findWebElement(WebUiCommonHelper.java:1368)
	at com.kms.katalon.core.webui.keyword.internal.WebUIAbstractKeyword.findWebElement(WebUIAbstractKeyword.groovy:27)
	at com.kms.katalon.core.webui.keyword.internal.WebUIAbstractKeyword.findWebElement(WebUIAbstractKeyword.groovy:26)
	at com.kms.katalon.core.webui.keyword.builtin.ClickKeyword$_click_closure1.doCall(ClickKeyword.groovy:67)
	at com.kms.katalon.core.webui.keyword.builtin.ClickKeyword$_click_closure1.call(ClickKeyword.groovy)
	at com.kms.katalon.core.webui.keyword.internal.WebUIKeywordMain.runKeyword(WebUIKeywordMain.groovy:20)
	at com.kms.katalon.core.webui.keyword.builtin.ClickKeyword.click(ClickKeyword.groovy:76)
	at com.kms.katalon.core.webui.keyword.builtin.ClickKeyword.execute(ClickKeyword.groovy:43)
	at com.kms.katalon.core.keyword.internal.KeywordExecutor.executeKeywordForPlatform(KeywordExecutor.groovy:73)
	at com.kms.katalon.core.webui.keyword.WebUiBuiltInKeywords.click(WebUiBuiltInKeywords.groovy:617)
	at com.kms.katalon.core.webui.keyword.WebUiBuiltInKeywords$click$3.call(Unknown Source)
	at Script1589136318480.run(Script1589136318480.groovy:53)
	... 13 more
)
[[ATTACHMENT|C:\\Users\\radhakrishnang2\\Desktop\\Commons_Automation\\Reports\\20210426_212110\\Canine_TestSuite\\20210426_212110\\1619497485652.png]]]]></system-out>
         <system-err><![CDATA[2021-04-26 21:23:59 - [TEST_CASE][FAILED] - Test Cases/Canine_TestCases/Breed/TC04_Canine_Filter_Breed-BassHnd: Test Cases/Canine_TestCases/Breed/TC04_Canine_Filter_Breed-BassHnd FAILED.
Reason:
com.kms.katalon.core.exception.StepFailedException: Unable to click on object 'Object Repository/Canine/NavBar/Canine_Cases_Btn'
	at com.kms.katalon.core.webui.keyword.internal.WebUIKeywordMain.stepFailed(WebUIKeywordMain.groovy:64)
	at com.kms.katalon.core.webui.keyword.internal.WebUIKeywordMain.runKeyword(WebUIKeywordMain.groovy:26)
	at com.kms.katalon.core.webui.keyword.builtin.ClickKeyword.click(ClickKeyword.groovy:76)
	at com.kms.katalon.core.webui.keyword.builtin.ClickKeyword.execute(ClickKeyword.groovy:43)
	at com.kms.katalon.core.keyword.internal.KeywordExecutor.executeKeywordForPlatform(KeywordExecutor.groovy:73)
	at com.kms.katalon.core.webui.keyword.WebUiBuiltInKeywords.click(WebUiBuiltInKeywords.groovy:617)
	at com.kms.katalon.core.webui.keyword.WebUiBuiltInKeywords$click$3.call(Unknown Source)
	at TC04_Canine_Filter_Breed-BassHnd.run(TC04_Canine_Filter_Breed-BassHnd:53)
	at com.kms.katalon.core.main.ScriptEngine.run(ScriptEngine.java:194)
	at com.kms.katalon.core.main.ScriptEngine.runScriptAsRawText(ScriptEngine.java:119)
	at com.kms.katalon.core.main.TestCaseExecutor.runScript(TestCaseExecutor.java:339)
	at com.kms.katalon.core.main.TestCaseExecutor.doExecute(TestCaseExecutor.java:330)
	at com.kms.katalon.core.main.TestCaseExecutor.processExecutionPhase(TestCaseExecutor.java:309)
	at com.kms.katalon.core.main.TestCaseExecutor.accessMainPhase(TestCaseExecutor.java:301)
	at com.kms.katalon.core.main.TestCaseExecutor.execute(TestCaseExecutor.java:235)
	at com.kms.katalon.core.main.TestSuiteExecutor.accessTestCaseMainPhase(TestSuiteExecutor.java:191)
	at com.kms.katalon.core.main.TestSuiteExecutor.accessTestSuiteMainPhase(TestSuiteExecutor.java:141)
	at com.kms.katalon.core.main.TestSuiteExecutor.execute(TestSuiteExecutor.java:90)
	at com.kms.katalon.core.main.TestCaseMain.startTestSuite(TestCaseMain.java:157)
	at com.kms.katalon.core.main.TestCaseMain$startTestSuite$0.call(Unknown Source)
	at TempTestSuite1619497270111.run(TempTestSuite1619497270111.groovy:39)
Caused by: com.kms.katalon.core.webui.exception.WebElementNotFoundException: Web element with id: 'Object Repository/Canine/NavBar/Canine_Cases_Btn' located by '//a[contains(@href,'cases')]' not found
	at com.kms.katalon.core.webui.common.WebUiCommonHelper.findWebElement(WebUiCommonHelper.java:1368)
	at com.kms.katalon.core.webui.keyword.internal.WebUIAbstractKeyword.findWebElement(WebUIAbstractKeyword.groovy:27)
	at com.kms.katalon.core.webui.keyword.internal.WebUIAbstractKeyword.findWebElement(WebUIAbstractKeyword.groovy:26)
	at com.kms.katalon.core.webui.keyword.builtin.ClickKeyword$_click_closure1.doCall(ClickKeyword.groovy:67)
	at com.kms.katalon.core.webui.keyword.builtin.ClickKeyword$_click_closure1.call(ClickKeyword.groovy)
	at com.kms.katalon.core.webui.keyword.internal.WebUIKeywordMain.runKeyword(WebUIKeywordMain.groovy:20)
	... 19 more]]></system-err>
      </testcase>
      <testcase name="Test Cases/Canine_TestCases/Breed/TC05_Canine_Filter_Breed-Beagle" time="45.17" classname="Test Cases/Canine_TestCases/Breed/TC05_Canine_Filter_Breed-Beagle" status="FAILED">
         <failure type="FAILED" message="Test Cases/Canine_TestCases/Breed/TC05_Canine_Filter_Breed-Beagle FAILED.
Reason:
com.kms.katalon.core.exception.StepFailedException: Unable to click on object 'Object Repository/Canine/NavBar/Canine_Cases_Btn'
	at com.kms.katalon.core.webui.keyword.internal.WebUIKeywordMain.stepFailed(WebUIKeywordMain.groovy:64)
	at com.kms.katalon.core.webui.keyword.internal.WebUIKeywordMain.runKeyword(WebUIKeywordMain.groovy:26)
	at com.kms.katalon.core.webui.keyword.builtin.ClickKeyword.click(ClickKeyword.groovy:76)
	at com.kms.katalon.core.webui.keyword.builtin.ClickKeyword.execute(ClickKeyword.groovy:43)
	at com.kms.katalon.core.keyword.internal.KeywordExecutor.executeKeywordForPlatform(KeywordExecutor.groovy:73)
	at com.kms.katalon.core.webui.keyword.WebUiBuiltInKeywords.click(WebUiBuiltInKeywords.groovy:617)
	at com.kms.katalon.core.webui.keyword.WebUiBuiltInKeywords$click$3.call(Unknown Source)
	at TC05_Canine_Filter_Breed-Beagle.run(TC05_Canine_Filter_Breed-Beagle:50)
	at com.kms.katalon.core.main.ScriptEngine.run(ScriptEngine.java:194)
	at com.kms.katalon.core.main.ScriptEngine.runScriptAsRawText(ScriptEngine.java:119)
	at com.kms.katalon.core.main.TestCaseExecutor.runScript(TestCaseExecutor.java:339)
	at com.kms.katalon.core.main.TestCaseExecutor.doExecute(TestCaseExecutor.java:330)
	at com.kms.katalon.core.main.TestCaseExecutor.processExecutionPhase(TestCaseExecutor.java:309)
	at com.kms.katalon.core.main.TestCaseExecutor.accessMainPhase(TestCaseExecutor.java:301)
	at com.kms.katalon.core.main.TestCaseExecutor.execute(TestCaseExecutor.java:235)
	at com.kms.katalon.core.main.TestSuiteExecutor.accessTestCaseMainPhase(TestSuiteExecutor.java:191)
	at com.kms.katalon.core.main.TestSuiteExecutor.accessTestSuiteMainPhase(TestSuiteExecutor.java:141)
	at com.kms.katalon.core.main.TestSuiteExecutor.execute(TestSuiteExecutor.java:90)
	at com.kms.katalon.core.main.TestCaseMain.startTestSuite(TestCaseMain.java:157)
	at com.kms.katalon.core.main.TestCaseMain$startTestSuite$0.call(Unknown Source)
	at TempTestSuite1619497270111.run(TempTestSuite1619497270111.groovy:39)
Caused by: com.kms.katalon.core.webui.exception.WebElementNotFoundException: Web element with id: 'Object Repository/Canine/NavBar/Canine_Cases_Btn' located by '//a[contains(@href,'cases')]' not found
	at com.kms.katalon.core.webui.common.WebUiCommonHelper.findWebElement(WebUiCommonHelper.java:1368)
	at com.kms.katalon.core.webui.keyword.internal.WebUIAbstractKeyword.findWebElement(WebUIAbstractKeyword.groovy:27)
	at com.kms.katalon.core.webui.keyword.internal.WebUIAbstractKeyword.findWebElement(WebUIAbstractKeyword.groovy:26)
	at com.kms.katalon.core.webui.keyword.builtin.ClickKeyword$_click_closure1.doCall(ClickKeyword.groovy:67)
	at com.kms.katalon.core.webui.keyword.builtin.ClickKeyword$_click_closure1.call(ClickKeyword.groovy)
	at com.kms.katalon.core.webui.keyword.internal.WebUIKeywordMain.runKeyword(WebUIKeywordMain.groovy:20)
	... 19 more
"/>
         <system-out><![CDATA[2021-04-26 21:24:45 - [TEST_CASE][FAILED] - Test Cases/Canine_TestCases/Breed/TC05_Canine_Filter_Breed-Beagle: Test Cases/Canine_TestCases/Breed/TC05_Canine_Filter_Breed-Beagle FAILED.
Reason:
com.kms.katalon.core.exception.StepFailedException: Unable to click on object 'Object Repository/Canine/NavBar/Canine_Cases_Btn'
	at com.kms.katalon.core.webui.keyword.internal.WebUIKeywordMain.stepFailed(WebUIKeywordMain.groovy:64)
	at com.kms.katalon.core.webui.keyword.internal.WebUIKeywordMain.runKeyword(WebUIKeywordMain.groovy:26)
	at com.kms.katalon.core.webui.keyword.builtin.ClickKeyword.click(ClickKeyword.groovy:76)
	at com.kms.katalon.core.webui.keyword.builtin.ClickKeyword.execute(ClickKeyword.groovy:43)
	at com.kms.katalon.core.keyword.internal.KeywordExecutor.executeKeywordForPlatform(KeywordExecutor.groovy:73)
	at com.kms.katalon.core.webui.keyword.WebUiBuiltInKeywords.click(WebUiBuiltInKeywords.groovy:617)
	at com.kms.katalon.core.webui.keyword.WebUiBuiltInKeywords$click$3.call(Unknown Source)
	at TC05_Canine_Filter_Breed-Beagle.run(TC05_Canine_Filter_Breed-Beagle:50)
	at com.kms.katalon.core.main.ScriptEngine.run(ScriptEngine.java:194)
	at com.kms.katalon.core.main.ScriptEngine.runScriptAsRawText(ScriptEngine.java:119)
	at com.kms.katalon.core.main.TestCaseExecutor.runScript(TestCaseExecutor.java:339)
	at com.kms.katalon.core.main.TestCaseExecutor.doExecute(TestCaseExecutor.java:330)
	at com.kms.katalon.core.main.TestCaseExecutor.processExecutionPhase(TestCaseExecutor.java:309)
	at com.kms.katalon.core.main.TestCaseExecutor.accessMainPhase(TestCaseExecutor.java:301)
	at com.kms.katalon.core.main.TestCaseExecutor.execute(TestCaseExecutor.java:235)
	at com.kms.katalon.core.main.TestSuiteExecutor.accessTestCaseMainPhase(TestSuiteExecutor.java:191)
	at com.kms.katalon.core.main.TestSuiteExecutor.accessTestSuiteMainPhase(TestSuiteExecutor.java:141)
	at com.kms.katalon.core.main.TestSuiteExecutor.execute(TestSuiteExecutor.java:90)
	at com.kms.katalon.core.main.TestCaseMain.startTestSuite(TestCaseMain.java:157)
	at com.kms.katalon.core.main.TestCaseMain$startTestSuite$0.call(Unknown Source)
	at TempTestSuite1619497270111.run(TempTestSuite1619497270111.groovy:39)
Caused by: com.kms.katalon.core.webui.exception.WebElementNotFoundException: Web element with id: 'Object Repository/Canine/NavBar/Canine_Cases_Btn' located by '//a[contains(@href,'cases')]' not found
	at com.kms.katalon.core.webui.common.WebUiCommonHelper.findWebElement(WebUiCommonHelper.java:1368)
	at com.kms.katalon.core.webui.keyword.internal.WebUIAbstractKeyword.findWebElement(WebUIAbstractKeyword.groovy:27)
	at com.kms.katalon.core.webui.keyword.internal.WebUIAbstractKeyword.findWebElement(WebUIAbstractKeyword.groovy:26)
	at com.kms.katalon.core.webui.keyword.builtin.ClickKeyword$_click_closure1.doCall(ClickKeyword.groovy:67)
	at com.kms.katalon.core.webui.keyword.builtin.ClickKeyword$_click_closure1.call(ClickKeyword.groovy)
	at com.kms.katalon.core.webui.keyword.internal.WebUIKeywordMain.runKeyword(WebUIKeywordMain.groovy:20)
	... 19 more


2021-04-26 21:24:46 - [TEST_STEP][PASSED] - closeBrowser(): Browser is closed

2021-04-26 21:24:47 - [MESSAGE][PASSED] - Browser is closed

2021-04-26 21:24:47 - [TEST_STEP][PASSED] - openBrowser(""): Browser is opened with url: ''

2021-04-26 21:24:47 - [MESSAGE][INFO] - Starting 'Chrome (headless)' driver

2021-04-26 21:24:47 - [MESSAGE][INFO] - User set preference: ['args', '[--no-sandbox]']

2021-04-26 21:24:47 - [MESSAGE][INFO] - Action delay is set to 5,000 milliseconds

2021-04-26 21:24:48 - [MESSAGE][PASSED] - Browser is opened with url: ''

2021-04-26 21:24:48 - [TEST_STEP][PASSED] - maximizeWindow(): Current window maximized

2021-04-26 21:24:49 - [MESSAGE][PASSED] - Current window maximized

2021-04-26 21:24:49 - [TEST_STEP][PASSED] - ctdc.utilities.runtestcaseforKatalon.RunKatalon("TC05_Canine_Filter_Breed-Beagle.xlsx"): Data loaded from input file for the test case. 

2021-04-26 21:24:49 - [MESSAGE][PASSED] - Test case file loaded This is the full filepath after converting to string :C:\Users\radhakrishnang2\Desktop\Commons_Automation\InputFiles\TC05_Canine_Filter_Breed-Beagle.xlsx

2021-04-26 21:24:49 - [MESSAGE][INFO] - Global variable set for password file is :  C:\Users\radhakrishnang2\Desktop\Commons_Automation\InputFiles\TC05_Canine_Filter_Breed-Beagle.xlsx

2021-04-26 21:24:49 - [MESSAGE][PASSED] - Data loaded from input file for the test case. 

2021-04-26 21:24:59 - [TEST_STEP][FAILED] - click(findTestObject("Canine/NavBar/Canine_Cases_Btn")): Unable to click on object 'Object Repository/Canine/NavBar/Canine_Cases_Btn' (Root cause: com.kms.katalon.core.exception.StepFailedException: Unable to click on object 'Object Repository/Canine/NavBar/Canine_Cases_Btn'
	at com.kms.katalon.core.webui.keyword.internal.WebUIKeywordMain.stepFailed(WebUIKeywordMain.groovy:64)
	at com.kms.katalon.core.webui.keyword.internal.WebUIKeywordMain.runKeyword(WebUIKeywordMain.groovy:26)
	at com.kms.katalon.core.webui.keyword.builtin.ClickKeyword.click(ClickKeyword.groovy:76)
	at com.kms.katalon.core.webui.keyword.builtin.ClickKeyword.execute(ClickKeyword.groovy:43)
	at com.kms.katalon.core.keyword.internal.KeywordExecutor.executeKeywordForPlatform(KeywordExecutor.groovy:73)
	at com.kms.katalon.core.webui.keyword.WebUiBuiltInKeywords.click(WebUiBuiltInKeywords.groovy:617)
	at com.kms.katalon.core.webui.keyword.WebUiBuiltInKeywords$click$3.call(Unknown Source)
	at TC05_Canine_Filter_Breed-Beagle.run(TC05_Canine_Filter_Breed-Beagle:50)
	at com.kms.katalon.core.main.ScriptEngine.run(ScriptEngine.java:194)
	at com.kms.katalon.core.main.ScriptEngine.runScriptAsRawText(ScriptEngine.java:119)
	at com.kms.katalon.core.main.TestCaseExecutor.runScript(TestCaseExecutor.java:339)
	at com.kms.katalon.core.main.TestCaseExecutor.doExecute(TestCaseExecutor.java:330)
	at com.kms.katalon.core.main.TestCaseExecutor.processExecutionPhase(TestCaseExecutor.java:309)
	at com.kms.katalon.core.main.TestCaseExecutor.accessMainPhase(TestCaseExecutor.java:301)
	at com.kms.katalon.core.main.TestCaseExecutor.execute(TestCaseExecutor.java:235)
	at com.kms.katalon.core.main.TestSuiteExecutor.accessTestCaseMainPhase(TestSuiteExecutor.java:191)
	at com.kms.katalon.core.main.TestSuiteExecutor.accessTestSuiteMainPhase(TestSuiteExecutor.java:141)
	at com.kms.katalon.core.main.TestSuiteExecutor.execute(TestSuiteExecutor.java:90)
	at com.kms.katalon.core.main.TestCaseMain.startTestSuite(TestCaseMain.java:157)
	at com.kms.katalon.core.main.TestCaseMain$startTestSuite$0.call(Unknown Source)
	at TempTestSuite1619497270111.run(TempTestSuite1619497270111.groovy:39)
Caused by: com.kms.katalon.core.webui.exception.WebElementNotFoundException: Web element with id: 'Object Repository/Canine/NavBar/Canine_Cases_Btn' located by '//a[contains(@href,'cases')]' not found
	at com.kms.katalon.core.webui.common.WebUiCommonHelper.findWebElement(WebUiCommonHelper.java:1368)
	at com.kms.katalon.core.webui.keyword.internal.WebUIAbstractKeyword.findWebElement(WebUIAbstractKeyword.groovy:27)
	at com.kms.katalon.core.webui.keyword.internal.WebUIAbstractKeyword.findWebElement(WebUIAbstractKeyword.groovy:26)
	at com.kms.katalon.core.webui.keyword.builtin.ClickKeyword$_click_closure1.doCall(ClickKeyword.groovy:67)
	at com.kms.katalon.core.webui.keyword.builtin.ClickKeyword$_click_closure1.call(ClickKeyword.groovy)
	at com.kms.katalon.core.webui.keyword.internal.WebUIKeywordMain.runKeyword(WebUIKeywordMain.groovy:20)
	at com.kms.katalon.core.webui.keyword.builtin.ClickKeyword.click(ClickKeyword.groovy:76)
	at com.kms.katalon.core.webui.keyword.builtin.ClickKeyword.execute(ClickKeyword.groovy:43)
	at com.kms.katalon.core.keyword.internal.KeywordExecutor.executeKeywordForPlatform(KeywordExecutor.groovy:73)
	at com.kms.katalon.core.webui.keyword.WebUiBuiltInKeywords.click(WebUiBuiltInKeywords.groovy:617)
	at com.kms.katalon.core.webui.keyword.WebUiBuiltInKeywords$click$3.call(Unknown Source)
	at Script1589136347825.run(Script1589136347825.groovy:50)
	... 13 more
)

2021-04-26 21:25:30 - [MESSAGE][INFO] - Unable to find the element located by 'By.xpath: //a[contains(@href,'cases')]'. Please recheck the objects properties to make sure the desired element is located. 

2021-04-26 21:25:31 - [MESSAGE][FAILED] - Unable to click on object 'Object Repository/Canine/NavBar/Canine_Cases_Btn' (Root cause: com.kms.katalon.core.exception.StepFailedException: Unable to click on object 'Object Repository/Canine/NavBar/Canine_Cases_Btn'
	at com.kms.katalon.core.webui.keyword.internal.WebUIKeywordMain.stepFailed(WebUIKeywordMain.groovy:64)
	at com.kms.katalon.core.webui.keyword.internal.WebUIKeywordMain.runKeyword(WebUIKeywordMain.groovy:26)
	at com.kms.katalon.core.webui.keyword.builtin.ClickKeyword.click(ClickKeyword.groovy:76)
	at com.kms.katalon.core.webui.keyword.builtin.ClickKeyword.execute(ClickKeyword.groovy:43)
	at com.kms.katalon.core.keyword.internal.KeywordExecutor.executeKeywordForPlatform(KeywordExecutor.groovy:73)
	at com.kms.katalon.core.webui.keyword.WebUiBuiltInKeywords.click(WebUiBuiltInKeywords.groovy:617)
	at com.kms.katalon.core.webui.keyword.WebUiBuiltInKeywords$click$3.call(Unknown Source)
	at TC05_Canine_Filter_Breed-Beagle.run(TC05_Canine_Filter_Breed-Beagle:50)
	at com.kms.katalon.core.main.ScriptEngine.run(ScriptEngine.java:194)
	at com.kms.katalon.core.main.ScriptEngine.runScriptAsRawText(ScriptEngine.java:119)
	at com.kms.katalon.core.main.TestCaseExecutor.runScript(TestCaseExecutor.java:339)
	at com.kms.katalon.core.main.TestCaseExecutor.doExecute(TestCaseExecutor.java:330)
	at com.kms.katalon.core.main.TestCaseExecutor.processExecutionPhase(TestCaseExecutor.java:309)
	at com.kms.katalon.core.main.TestCaseExecutor.accessMainPhase(TestCaseExecutor.java:301)
	at com.kms.katalon.core.main.TestCaseExecutor.execute(TestCaseExecutor.java:235)
	at com.kms.katalon.core.main.TestSuiteExecutor.accessTestCaseMainPhase(TestSuiteExecutor.java:191)
	at com.kms.katalon.core.main.TestSuiteExecutor.accessTestSuiteMainPhase(TestSuiteExecutor.java:141)
	at com.kms.katalon.core.main.TestSuiteExecutor.execute(TestSuiteExecutor.java:90)
	at com.kms.katalon.core.main.TestCaseMain.startTestSuite(TestCaseMain.java:157)
	at com.kms.katalon.core.main.TestCaseMain$startTestSuite$0.call(Unknown Source)
	at TempTestSuite1619497270111.run(TempTestSuite1619497270111.groovy:39)
Caused by: com.kms.katalon.core.webui.exception.WebElementNotFoundException: Web element with id: 'Object Repository/Canine/NavBar/Canine_Cases_Btn' located by '//a[contains(@href,'cases')]' not found
	at com.kms.katalon.core.webui.common.WebUiCommonHelper.findWebElement(WebUiCommonHelper.java:1368)
	at com.kms.katalon.core.webui.keyword.internal.WebUIAbstractKeyword.findWebElement(WebUIAbstractKeyword.groovy:27)
	at com.kms.katalon.core.webui.keyword.internal.WebUIAbstractKeyword.findWebElement(WebUIAbstractKeyword.groovy:26)
	at com.kms.katalon.core.webui.keyword.builtin.ClickKeyword$_click_closure1.doCall(ClickKeyword.groovy:67)
	at com.kms.katalon.core.webui.keyword.builtin.ClickKeyword$_click_closure1.call(ClickKeyword.groovy)
	at com.kms.katalon.core.webui.keyword.internal.WebUIKeywordMain.runKeyword(WebUIKeywordMain.groovy:20)
	at com.kms.katalon.core.webui.keyword.builtin.ClickKeyword.click(ClickKeyword.groovy:76)
	at com.kms.katalon.core.webui.keyword.builtin.ClickKeyword.execute(ClickKeyword.groovy:43)
	at com.kms.katalon.core.keyword.internal.KeywordExecutor.executeKeywordForPlatform(KeywordExecutor.groovy:73)
	at com.kms.katalon.core.webui.keyword.WebUiBuiltInKeywords.click(WebUiBuiltInKeywords.groovy:617)
	at com.kms.katalon.core.webui.keyword.WebUiBuiltInKeywords$click$3.call(Unknown Source)
	at Script1589136347825.run(Script1589136347825.groovy:50)
	... 13 more
)
[[ATTACHMENT|C:\\Users\\radhakrishnang2\\Desktop\\Commons_Automation\\Reports\\20210426_212110\\Canine_TestSuite\\20210426_212110\\1619497530831.png]]]]></system-out>
         <system-err><![CDATA[2021-04-26 21:24:45 - [TEST_CASE][FAILED] - Test Cases/Canine_TestCases/Breed/TC05_Canine_Filter_Breed-Beagle: Test Cases/Canine_TestCases/Breed/TC05_Canine_Filter_Breed-Beagle FAILED.
Reason:
com.kms.katalon.core.exception.StepFailedException: Unable to click on object 'Object Repository/Canine/NavBar/Canine_Cases_Btn'
	at com.kms.katalon.core.webui.keyword.internal.WebUIKeywordMain.stepFailed(WebUIKeywordMain.groovy:64)
	at com.kms.katalon.core.webui.keyword.internal.WebUIKeywordMain.runKeyword(WebUIKeywordMain.groovy:26)
	at com.kms.katalon.core.webui.keyword.builtin.ClickKeyword.click(ClickKeyword.groovy:76)
	at com.kms.katalon.core.webui.keyword.builtin.ClickKeyword.execute(ClickKeyword.groovy:43)
	at com.kms.katalon.core.keyword.internal.KeywordExecutor.executeKeywordForPlatform(KeywordExecutor.groovy:73)
	at com.kms.katalon.core.webui.keyword.WebUiBuiltInKeywords.click(WebUiBuiltInKeywords.groovy:617)
	at com.kms.katalon.core.webui.keyword.WebUiBuiltInKeywords$click$3.call(Unknown Source)
	at TC05_Canine_Filter_Breed-Beagle.run(TC05_Canine_Filter_Breed-Beagle:50)
	at com.kms.katalon.core.main.ScriptEngine.run(ScriptEngine.java:194)
	at com.kms.katalon.core.main.ScriptEngine.runScriptAsRawText(ScriptEngine.java:119)
	at com.kms.katalon.core.main.TestCaseExecutor.runScript(TestCaseExecutor.java:339)
	at com.kms.katalon.core.main.TestCaseExecutor.doExecute(TestCaseExecutor.java:330)
	at com.kms.katalon.core.main.TestCaseExecutor.processExecutionPhase(TestCaseExecutor.java:309)
	at com.kms.katalon.core.main.TestCaseExecutor.accessMainPhase(TestCaseExecutor.java:301)
	at com.kms.katalon.core.main.TestCaseExecutor.execute(TestCaseExecutor.java:235)
	at com.kms.katalon.core.main.TestSuiteExecutor.accessTestCaseMainPhase(TestSuiteExecutor.java:191)
	at com.kms.katalon.core.main.TestSuiteExecutor.accessTestSuiteMainPhase(TestSuiteExecutor.java:141)
	at com.kms.katalon.core.main.TestSuiteExecutor.execute(TestSuiteExecutor.java:90)
	at com.kms.katalon.core.main.TestCaseMain.startTestSuite(TestCaseMain.java:157)
	at com.kms.katalon.core.main.TestCaseMain$startTestSuite$0.call(Unknown Source)
	at TempTestSuite1619497270111.run(TempTestSuite1619497270111.groovy:39)
Caused by: com.kms.katalon.core.webui.exception.WebElementNotFoundException: Web element with id: 'Object Repository/Canine/NavBar/Canine_Cases_Btn' located by '//a[contains(@href,'cases')]' not found
	at com.kms.katalon.core.webui.common.WebUiCommonHelper.findWebElement(WebUiCommonHelper.java:1368)
	at com.kms.katalon.core.webui.keyword.internal.WebUIAbstractKeyword.findWebElement(WebUIAbstractKeyword.groovy:27)
	at com.kms.katalon.core.webui.keyword.internal.WebUIAbstractKeyword.findWebElement(WebUIAbstractKeyword.groovy:26)
	at com.kms.katalon.core.webui.keyword.builtin.ClickKeyword$_click_closure1.doCall(ClickKeyword.groovy:67)
	at com.kms.katalon.core.webui.keyword.builtin.ClickKeyword$_click_closure1.call(ClickKeyword.groovy)
	at com.kms.katalon.core.webui.keyword.internal.WebUIKeywordMain.runKeyword(WebUIKeywordMain.groovy:20)
	... 19 more]]></system-err>
      </testcase>
      <testcase name="Test Cases/Canine_TestCases/Breed/TC06_Canine_Filter_Breed-BelgMalin" time="2.742" classname="Test Cases/Canine_TestCases/Breed/TC06_Canine_Filter_Breed-BelgMalin" status="ERROR">
         <error type="ERROR" message="Test Cases/Canine_TestCases/Breed/TC06_Canine_Filter_Breed-BelgMalin FAILED.
Reason:
org.codehaus.groovy.runtime.metaclass.MissingMethodExceptionNoStack: No signature of method: ctdc.utilities.runtestcaseforKatalon.testSetup() is applicable for argument types: (java.lang.String) values: []
"/>
         <system-out><![CDATA[2021-04-26 21:25:31 - [TEST_CASE][ERROR] - Test Cases/Canine_TestCases/Breed/TC06_Canine_Filter_Breed-BelgMalin: Test Cases/Canine_TestCases/Breed/TC06_Canine_Filter_Breed-BelgMalin FAILED.
Reason:
org.codehaus.groovy.runtime.metaclass.MissingMethodExceptionNoStack: No signature of method: ctdc.utilities.runtestcaseforKatalon.testSetup() is applicable for argument types: (java.lang.String) values: []


2021-04-26 21:25:31 - [TEST_STEP][PASSED] - closeBrowser(): Browser is closed

2021-04-26 21:25:32 - [MESSAGE][PASSED] - Browser is closed

2021-04-26 21:25:32 - [TEST_STEP][PASSED] - openBrowser(""): Browser is opened with url: ''

2021-04-26 21:25:32 - [MESSAGE][INFO] - Starting 'Chrome (headless)' driver

2021-04-26 21:25:32 - [MESSAGE][INFO] - User set preference: ['args', '[--no-sandbox]']

2021-04-26 21:25:32 - [MESSAGE][INFO] - Action delay is set to 5,000 milliseconds

2021-04-26 21:25:33 - [MESSAGE][PASSED] - Browser is opened with url: ''

2021-04-26 21:25:33 - [TEST_STEP][ERROR] - ctdc.utilities.runtestcaseforKatalon.testSetup(""): No signature of method: ctdc.utilities.runtestcaseforKatalon.testSetup() is applicable for argument types: (java.lang.String) values: []

2021-04-26 21:25:33 - [MESSAGE][ERROR] - No signature of method: ctdc.utilities.runtestcaseforKatalon.testSetup() is applicable for argument types: (java.lang.String) values: []]]></system-out>
         <system-err><![CDATA[2021-04-26 21:25:31 - [TEST_CASE][ERROR] - Test Cases/Canine_TestCases/Breed/TC06_Canine_Filter_Breed-BelgMalin: Test Cases/Canine_TestCases/Breed/TC06_Canine_Filter_Breed-BelgMalin FAILED.
Reason:
org.codehaus.groovy.runtime.metaclass.MissingMethodExceptionNoStack: No signature of method: ctdc.utilities.runtestcaseforKatalon.testSetup() is applicable for argument types: (java.lang.String) values: []]]></system-err>
      </testcase>
      <testcase name="Test Cases/Canine_TestCases/Breed/TC07_Canine_Filter_Breed-BrnMtnDog" time="44.199" classname="Test Cases/Canine_TestCases/Breed/TC07_Canine_Filter_Breed-BrnMtnDog" status="FAILED">
         <failure type="FAILED" message="Test Cases/Canine_TestCases/Breed/TC07_Canine_Filter_Breed-BrnMtnDog FAILED.
Reason:
com.kms.katalon.core.exception.StepFailedException: Unable to click on object 'Object Repository/Canine/NavBar/Canine_Cases_Btn'
	at com.kms.katalon.core.webui.keyword.internal.WebUIKeywordMain.stepFailed(WebUIKeywordMain.groovy:64)
	at com.kms.katalon.core.webui.keyword.internal.WebUIKeywordMain.runKeyword(WebUIKeywordMain.groovy:26)
	at com.kms.katalon.core.webui.keyword.builtin.ClickKeyword.click(ClickKeyword.groovy:76)
	at com.kms.katalon.core.webui.keyword.builtin.ClickKeyword.execute(ClickKeyword.groovy:43)
	at com.kms.katalon.core.keyword.internal.KeywordExecutor.executeKeywordForPlatform(KeywordExecutor.groovy:73)
	at com.kms.katalon.core.webui.keyword.WebUiBuiltInKeywords.click(WebUiBuiltInKeywords.groovy:617)
	at com.kms.katalon.core.webui.keyword.WebUiBuiltInKeywords$click$3.call(Unknown Source)
	at TC07_Canine_Filter_Breed-BrnMtnDog.run(TC07_Canine_Filter_Breed-BrnMtnDog:49)
	at com.kms.katalon.core.main.ScriptEngine.run(ScriptEngine.java:194)
	at com.kms.katalon.core.main.ScriptEngine.runScriptAsRawText(ScriptEngine.java:119)
	at com.kms.katalon.core.main.TestCaseExecutor.runScript(TestCaseExecutor.java:339)
	at com.kms.katalon.core.main.TestCaseExecutor.doExecute(TestCaseExecutor.java:330)
	at com.kms.katalon.core.main.TestCaseExecutor.processExecutionPhase(TestCaseExecutor.java:309)
	at com.kms.katalon.core.main.TestCaseExecutor.accessMainPhase(TestCaseExecutor.java:301)
	at com.kms.katalon.core.main.TestCaseExecutor.execute(TestCaseExecutor.java:235)
	at com.kms.katalon.core.main.TestSuiteExecutor.accessTestCaseMainPhase(TestSuiteExecutor.java:191)
	at com.kms.katalon.core.main.TestSuiteExecutor.accessTestSuiteMainPhase(TestSuiteExecutor.java:141)
	at com.kms.katalon.core.main.TestSuiteExecutor.execute(TestSuiteExecutor.java:90)
	at com.kms.katalon.core.main.TestCaseMain.startTestSuite(TestCaseMain.java:157)
	at com.kms.katalon.core.main.TestCaseMain$startTestSuite$0.call(Unknown Source)
	at TempTestSuite1619497270111.run(TempTestSuite1619497270111.groovy:39)
Caused by: com.kms.katalon.core.webui.exception.WebElementNotFoundException: Web element with id: 'Object Repository/Canine/NavBar/Canine_Cases_Btn' located by '//a[contains(@href,'cases')]' not found
	at com.kms.katalon.core.webui.common.WebUiCommonHelper.findWebElement(WebUiCommonHelper.java:1368)
	at com.kms.katalon.core.webui.keyword.internal.WebUIAbstractKeyword.findWebElement(WebUIAbstractKeyword.groovy:27)
	at com.kms.katalon.core.webui.keyword.internal.WebUIAbstractKeyword.findWebElement(WebUIAbstractKeyword.groovy:26)
	at com.kms.katalon.core.webui.keyword.builtin.ClickKeyword$_click_closure1.doCall(ClickKeyword.groovy:67)
	at com.kms.katalon.core.webui.keyword.builtin.ClickKeyword$_click_closure1.call(ClickKeyword.groovy)
	at com.kms.katalon.core.webui.keyword.internal.WebUIKeywordMain.runKeyword(WebUIKeywordMain.groovy:20)
	... 19 more
"/>
         <system-out><![CDATA[2021-04-26 21:25:33 - [TEST_CASE][FAILED] - Test Cases/Canine_TestCases/Breed/TC07_Canine_Filter_Breed-BrnMtnDog: Test Cases/Canine_TestCases/Breed/TC07_Canine_Filter_Breed-BrnMtnDog FAILED.
Reason:
com.kms.katalon.core.exception.StepFailedException: Unable to click on object 'Object Repository/Canine/NavBar/Canine_Cases_Btn'
	at com.kms.katalon.core.webui.keyword.internal.WebUIKeywordMain.stepFailed(WebUIKeywordMain.groovy:64)
	at com.kms.katalon.core.webui.keyword.internal.WebUIKeywordMain.runKeyword(WebUIKeywordMain.groovy:26)
	at com.kms.katalon.core.webui.keyword.builtin.ClickKeyword.click(ClickKeyword.groovy:76)
	at com.kms.katalon.core.webui.keyword.builtin.ClickKeyword.execute(ClickKeyword.groovy:43)
	at com.kms.katalon.core.keyword.internal.KeywordExecutor.executeKeywordForPlatform(KeywordExecutor.groovy:73)
	at com.kms.katalon.core.webui.keyword.WebUiBuiltInKeywords.click(WebUiBuiltInKeywords.groovy:617)
	at com.kms.katalon.core.webui.keyword.WebUiBuiltInKeywords$click$3.call(Unknown Source)
	at TC07_Canine_Filter_Breed-BrnMtnDog.run(TC07_Canine_Filter_Breed-BrnMtnDog:49)
	at com.kms.katalon.core.main.ScriptEngine.run(ScriptEngine.java:194)
	at com.kms.katalon.core.main.ScriptEngine.runScriptAsRawText(ScriptEngine.java:119)
	at com.kms.katalon.core.main.TestCaseExecutor.runScript(TestCaseExecutor.java:339)
	at com.kms.katalon.core.main.TestCaseExecutor.doExecute(TestCaseExecutor.java:330)
	at com.kms.katalon.core.main.TestCaseExecutor.processExecutionPhase(TestCaseExecutor.java:309)
	at com.kms.katalon.core.main.TestCaseExecutor.accessMainPhase(TestCaseExecutor.java:301)
	at com.kms.katalon.core.main.TestCaseExecutor.execute(TestCaseExecutor.java:235)
	at com.kms.katalon.core.main.TestSuiteExecutor.accessTestCaseMainPhase(TestSuiteExecutor.java:191)
	at com.kms.katalon.core.main.TestSuiteExecutor.accessTestSuiteMainPhase(TestSuiteExecutor.java:141)
	at com.kms.katalon.core.main.TestSuiteExecutor.execute(TestSuiteExecutor.java:90)
	at com.kms.katalon.core.main.TestCaseMain.startTestSuite(TestCaseMain.java:157)
	at com.kms.katalon.core.main.TestCaseMain$startTestSuite$0.call(Unknown Source)
	at TempTestSuite1619497270111.run(TempTestSuite1619497270111.groovy:39)
Caused by: com.kms.katalon.core.webui.exception.WebElementNotFoundException: Web element with id: 'Object Repository/Canine/NavBar/Canine_Cases_Btn' located by '//a[contains(@href,'cases')]' not found
	at com.kms.katalon.core.webui.common.WebUiCommonHelper.findWebElement(WebUiCommonHelper.java:1368)
	at com.kms.katalon.core.webui.keyword.internal.WebUIAbstractKeyword.findWebElement(WebUIAbstractKeyword.groovy:27)
	at com.kms.katalon.core.webui.keyword.internal.WebUIAbstractKeyword.findWebElement(WebUIAbstractKeyword.groovy:26)
	at com.kms.katalon.core.webui.keyword.builtin.ClickKeyword$_click_closure1.doCall(ClickKeyword.groovy:67)
	at com.kms.katalon.core.webui.keyword.builtin.ClickKeyword$_click_closure1.call(ClickKeyword.groovy)
	at com.kms.katalon.core.webui.keyword.internal.WebUIKeywordMain.runKeyword(WebUIKeywordMain.groovy:20)
	... 19 more


2021-04-26 21:25:34 - [TEST_STEP][PASSED] - closeBrowser(): Browser is closed

2021-04-26 21:25:35 - [MESSAGE][PASSED] - Browser is closed

2021-04-26 21:25:35 - [TEST_STEP][PASSED] - openBrowser(""): Browser is opened with url: ''

2021-04-26 21:25:35 - [MESSAGE][INFO] - Starting 'Chrome (headless)' driver

2021-04-26 21:25:35 - [MESSAGE][INFO] - User set preference: ['args', '[--no-sandbox]']

2021-04-26 21:25:35 - [MESSAGE][INFO] - Action delay is set to 5,000 milliseconds

2021-04-26 21:25:36 - [MESSAGE][PASSED] - Browser is opened with url: ''

2021-04-26 21:25:36 - [TEST_STEP][PASSED] - ctdc.utilities.runtestcaseforKatalon.RunKatalon("TC07_Canine_Filter_Breed-BrnMtnDog.xlsx"): Data loaded from input file for the test case. 

2021-04-26 21:25:36 - [MESSAGE][PASSED] - Test case file loaded This is the full filepath after converting to string :C:\Users\radhakrishnang2\Desktop\Commons_Automation\InputFiles\TC07_Canine_Filter_Breed-BrnMtnDog.xlsx

2021-04-26 21:25:36 - [MESSAGE][INFO] - Global variable set for password file is :  C:\Users\radhakrishnang2\Desktop\Commons_Automation\InputFiles\TC07_Canine_Filter_Breed-BrnMtnDog.xlsx

2021-04-26 21:25:36 - [MESSAGE][PASSED] - Data loaded from input file for the test case. 

2021-04-26 21:25:46 - [TEST_STEP][FAILED] - click(findTestObject("Canine/NavBar/Canine_Cases_Btn")): Unable to click on object 'Object Repository/Canine/NavBar/Canine_Cases_Btn' (Root cause: com.kms.katalon.core.exception.StepFailedException: Unable to click on object 'Object Repository/Canine/NavBar/Canine_Cases_Btn'
	at com.kms.katalon.core.webui.keyword.internal.WebUIKeywordMain.stepFailed(WebUIKeywordMain.groovy:64)
	at com.kms.katalon.core.webui.keyword.internal.WebUIKeywordMain.runKeyword(WebUIKeywordMain.groovy:26)
	at com.kms.katalon.core.webui.keyword.builtin.ClickKeyword.click(ClickKeyword.groovy:76)
	at com.kms.katalon.core.webui.keyword.builtin.ClickKeyword.execute(ClickKeyword.groovy:43)
	at com.kms.katalon.core.keyword.internal.KeywordExecutor.executeKeywordForPlatform(KeywordExecutor.groovy:73)
	at com.kms.katalon.core.webui.keyword.WebUiBuiltInKeywords.click(WebUiBuiltInKeywords.groovy:617)
	at com.kms.katalon.core.webui.keyword.WebUiBuiltInKeywords$click$3.call(Unknown Source)
	at TC07_Canine_Filter_Breed-BrnMtnDog.run(TC07_Canine_Filter_Breed-BrnMtnDog:49)
	at com.kms.katalon.core.main.ScriptEngine.run(ScriptEngine.java:194)
	at com.kms.katalon.core.main.ScriptEngine.runScriptAsRawText(ScriptEngine.java:119)
	at com.kms.katalon.core.main.TestCaseExecutor.runScript(TestCaseExecutor.java:339)
	at com.kms.katalon.core.main.TestCaseExecutor.doExecute(TestCaseExecutor.java:330)
	at com.kms.katalon.core.main.TestCaseExecutor.processExecutionPhase(TestCaseExecutor.java:309)
	at com.kms.katalon.core.main.TestCaseExecutor.accessMainPhase(TestCaseExecutor.java:301)
	at com.kms.katalon.core.main.TestCaseExecutor.execute(TestCaseExecutor.java:235)
	at com.kms.katalon.core.main.TestSuiteExecutor.accessTestCaseMainPhase(TestSuiteExecutor.java:191)
	at com.kms.katalon.core.main.TestSuiteExecutor.accessTestSuiteMainPhase(TestSuiteExecutor.java:141)
	at com.kms.katalon.core.main.TestSuiteExecutor.execute(TestSuiteExecutor.java:90)
	at com.kms.katalon.core.main.TestCaseMain.startTestSuite(TestCaseMain.java:157)
	at com.kms.katalon.core.main.TestCaseMain$startTestSuite$0.call(Unknown Source)
	at TempTestSuite1619497270111.run(TempTestSuite1619497270111.groovy:39)
Caused by: com.kms.katalon.core.webui.exception.WebElementNotFoundException: Web element with id: 'Object Repository/Canine/NavBar/Canine_Cases_Btn' located by '//a[contains(@href,'cases')]' not found
	at com.kms.katalon.core.webui.common.WebUiCommonHelper.findWebElement(WebUiCommonHelper.java:1368)
	at com.kms.katalon.core.webui.keyword.internal.WebUIAbstractKeyword.findWebElement(WebUIAbstractKeyword.groovy:27)
	at com.kms.katalon.core.webui.keyword.internal.WebUIAbstractKeyword.findWebElement(WebUIAbstractKeyword.groovy:26)
	at com.kms.katalon.core.webui.keyword.builtin.ClickKeyword$_click_closure1.doCall(ClickKeyword.groovy:67)
	at com.kms.katalon.core.webui.keyword.builtin.ClickKeyword$_click_closure1.call(ClickKeyword.groovy)
	at com.kms.katalon.core.webui.keyword.internal.WebUIKeywordMain.runKeyword(WebUIKeywordMain.groovy:20)
	at com.kms.katalon.core.webui.keyword.builtin.ClickKeyword.click(ClickKeyword.groovy:76)
	at com.kms.katalon.core.webui.keyword.builtin.ClickKeyword.execute(ClickKeyword.groovy:43)
	at com.kms.katalon.core.keyword.internal.KeywordExecutor.executeKeywordForPlatform(KeywordExecutor.groovy:73)
	at com.kms.katalon.core.webui.keyword.WebUiBuiltInKeywords.click(WebUiBuiltInKeywords.groovy:617)
	at com.kms.katalon.core.webui.keyword.WebUiBuiltInKeywords$click$3.call(Unknown Source)
	at Script1589136491430.run(Script1589136491430.groovy:49)
	... 13 more
)

2021-04-26 21:26:17 - [MESSAGE][INFO] - Unable to find the element located by 'By.xpath: //a[contains(@href,'cases')]'. Please recheck the objects properties to make sure the desired element is located. 

2021-04-26 21:26:18 - [MESSAGE][FAILED] - Unable to click on object 'Object Repository/Canine/NavBar/Canine_Cases_Btn' (Root cause: com.kms.katalon.core.exception.StepFailedException: Unable to click on object 'Object Repository/Canine/NavBar/Canine_Cases_Btn'
	at com.kms.katalon.core.webui.keyword.internal.WebUIKeywordMain.stepFailed(WebUIKeywordMain.groovy:64)
	at com.kms.katalon.core.webui.keyword.internal.WebUIKeywordMain.runKeyword(WebUIKeywordMain.groovy:26)
	at com.kms.katalon.core.webui.keyword.builtin.ClickKeyword.click(ClickKeyword.groovy:76)
	at com.kms.katalon.core.webui.keyword.builtin.ClickKeyword.execute(ClickKeyword.groovy:43)
	at com.kms.katalon.core.keyword.internal.KeywordExecutor.executeKeywordForPlatform(KeywordExecutor.groovy:73)
	at com.kms.katalon.core.webui.keyword.WebUiBuiltInKeywords.click(WebUiBuiltInKeywords.groovy:617)
	at com.kms.katalon.core.webui.keyword.WebUiBuiltInKeywords$click$3.call(Unknown Source)
	at TC07_Canine_Filter_Breed-BrnMtnDog.run(TC07_Canine_Filter_Breed-BrnMtnDog:49)
	at com.kms.katalon.core.main.ScriptEngine.run(ScriptEngine.java:194)
	at com.kms.katalon.core.main.ScriptEngine.runScriptAsRawText(ScriptEngine.java:119)
	at com.kms.katalon.core.main.TestCaseExecutor.runScript(TestCaseExecutor.java:339)
	at com.kms.katalon.core.main.TestCaseExecutor.doExecute(TestCaseExecutor.java:330)
	at com.kms.katalon.core.main.TestCaseExecutor.processExecutionPhase(TestCaseExecutor.java:309)
	at com.kms.katalon.core.main.TestCaseExecutor.accessMainPhase(TestCaseExecutor.java:301)
	at com.kms.katalon.core.main.TestCaseExecutor.execute(TestCaseExecutor.java:235)
	at com.kms.katalon.core.main.TestSuiteExecutor.accessTestCaseMainPhase(TestSuiteExecutor.java:191)
	at com.kms.katalon.core.main.TestSuiteExecutor.accessTestSuiteMainPhase(TestSuiteExecutor.java:141)
	at com.kms.katalon.core.main.TestSuiteExecutor.execute(TestSuiteExecutor.java:90)
	at com.kms.katalon.core.main.TestCaseMain.startTestSuite(TestCaseMain.java:157)
	at com.kms.katalon.core.main.TestCaseMain$startTestSuite$0.call(Unknown Source)
	at TempTestSuite1619497270111.run(TempTestSuite1619497270111.groovy:39)
Caused by: com.kms.katalon.core.webui.exception.WebElementNotFoundException: Web element with id: 'Object Repository/Canine/NavBar/Canine_Cases_Btn' located by '//a[contains(@href,'cases')]' not found
	at com.kms.katalon.core.webui.common.WebUiCommonHelper.findWebElement(WebUiCommonHelper.java:1368)
	at com.kms.katalon.core.webui.keyword.internal.WebUIAbstractKeyword.findWebElement(WebUIAbstractKeyword.groovy:27)
	at com.kms.katalon.core.webui.keyword.internal.WebUIAbstractKeyword.findWebElement(WebUIAbstractKeyword.groovy:26)
	at com.kms.katalon.core.webui.keyword.builtin.ClickKeyword$_click_closure1.doCall(ClickKeyword.groovy:67)
	at com.kms.katalon.core.webui.keyword.builtin.ClickKeyword$_click_closure1.call(ClickKeyword.groovy)
	at com.kms.katalon.core.webui.keyword.internal.WebUIKeywordMain.runKeyword(WebUIKeywordMain.groovy:20)
	at com.kms.katalon.core.webui.keyword.builtin.ClickKeyword.click(ClickKeyword.groovy:76)
	at com.kms.katalon.core.webui.keyword.builtin.ClickKeyword.execute(ClickKeyword.groovy:43)
	at com.kms.katalon.core.keyword.internal.KeywordExecutor.executeKeywordForPlatform(KeywordExecutor.groovy:73)
	at com.kms.katalon.core.webui.keyword.WebUiBuiltInKeywords.click(WebUiBuiltInKeywords.groovy:617)
	at com.kms.katalon.core.webui.keyword.WebUiBuiltInKeywords$click$3.call(Unknown Source)
	at Script1589136491430.run(Script1589136491430.groovy:49)
	... 13 more
)
[[ATTACHMENT|C:\\Users\\radhakrishnang2\\Desktop\\Commons_Automation\\Reports\\20210426_212110\\Canine_TestSuite\\20210426_212110\\1619497577799.png]]]]></system-out>
         <system-err><![CDATA[2021-04-26 21:25:33 - [TEST_CASE][FAILED] - Test Cases/Canine_TestCases/Breed/TC07_Canine_Filter_Breed-BrnMtnDog: Test Cases/Canine_TestCases/Breed/TC07_Canine_Filter_Breed-BrnMtnDog FAILED.
Reason:
com.kms.katalon.core.exception.StepFailedException: Unable to click on object 'Object Repository/Canine/NavBar/Canine_Cases_Btn'
	at com.kms.katalon.core.webui.keyword.internal.WebUIKeywordMain.stepFailed(WebUIKeywordMain.groovy:64)
	at com.kms.katalon.core.webui.keyword.internal.WebUIKeywordMain.runKeyword(WebUIKeywordMain.groovy:26)
	at com.kms.katalon.core.webui.keyword.builtin.ClickKeyword.click(ClickKeyword.groovy:76)
	at com.kms.katalon.core.webui.keyword.builtin.ClickKeyword.execute(ClickKeyword.groovy:43)
	at com.kms.katalon.core.keyword.internal.KeywordExecutor.executeKeywordForPlatform(KeywordExecutor.groovy:73)
	at com.kms.katalon.core.webui.keyword.WebUiBuiltInKeywords.click(WebUiBuiltInKeywords.groovy:617)
	at com.kms.katalon.core.webui.keyword.WebUiBuiltInKeywords$click$3.call(Unknown Source)
	at TC07_Canine_Filter_Breed-BrnMtnDog.run(TC07_Canine_Filter_Breed-BrnMtnDog:49)
	at com.kms.katalon.core.main.ScriptEngine.run(ScriptEngine.java:194)
	at com.kms.katalon.core.main.ScriptEngine.runScriptAsRawText(ScriptEngine.java:119)
	at com.kms.katalon.core.main.TestCaseExecutor.runScript(TestCaseExecutor.java:339)
	at com.kms.katalon.core.main.TestCaseExecutor.doExecute(TestCaseExecutor.java:330)
	at com.kms.katalon.core.main.TestCaseExecutor.processExecutionPhase(TestCaseExecutor.java:309)
	at com.kms.katalon.core.main.TestCaseExecutor.accessMainPhase(TestCaseExecutor.java:301)
	at com.kms.katalon.core.main.TestCaseExecutor.execute(TestCaseExecutor.java:235)
	at com.kms.katalon.core.main.TestSuiteExecutor.accessTestCaseMainPhase(TestSuiteExecutor.java:191)
	at com.kms.katalon.core.main.TestSuiteExecutor.accessTestSuiteMainPhase(TestSuiteExecutor.java:141)
	at com.kms.katalon.core.main.TestSuiteExecutor.execute(TestSuiteExecutor.java:90)
	at com.kms.katalon.core.main.TestCaseMain.startTestSuite(TestCaseMain.java:157)
	at com.kms.katalon.core.main.TestCaseMain$startTestSuite$0.call(Unknown Source)
	at TempTestSuite1619497270111.run(TempTestSuite1619497270111.groovy:39)
Caused by: com.kms.katalon.core.webui.exception.WebElementNotFoundException: Web element with id: 'Object Repository/Canine/NavBar/Canine_Cases_Btn' located by '//a[contains(@href,'cases')]' not found
	at com.kms.katalon.core.webui.common.WebUiCommonHelper.findWebElement(WebUiCommonHelper.java:1368)
	at com.kms.katalon.core.webui.keyword.internal.WebUIAbstractKeyword.findWebElement(WebUIAbstractKeyword.groovy:27)
	at com.kms.katalon.core.webui.keyword.internal.WebUIAbstractKeyword.findWebElement(WebUIAbstractKeyword.groovy:26)
	at com.kms.katalon.core.webui.keyword.builtin.ClickKeyword$_click_closure1.doCall(ClickKeyword.groovy:67)
	at com.kms.katalon.core.webui.keyword.builtin.ClickKeyword$_click_closure1.call(ClickKeyword.groovy)
	at com.kms.katalon.core.webui.keyword.internal.WebUIKeywordMain.runKeyword(WebUIKeywordMain.groovy:20)
	... 19 more]]></system-err>
      </testcase>
      <testcase name="Test Cases/Canine_TestCases/Breed/TC08_Canine_Filter_Breed-BlkTanCoon" time="42.831" classname="Test Cases/Canine_TestCases/Breed/TC08_Canine_Filter_Breed-BlkTanCoon" status="FAILED">
         <failure type="FAILED" message="Test Cases/Canine_TestCases/Breed/TC08_Canine_Filter_Breed-BlkTanCoon FAILED.
Reason:
com.kms.katalon.core.exception.StepFailedException: Unable to click on object 'Object Repository/Canine/NavBar/Canine_Cases_Btn'
	at com.kms.katalon.core.webui.keyword.internal.WebUIKeywordMain.stepFailed(WebUIKeywordMain.groovy:64)
	at com.kms.katalon.core.webui.keyword.internal.WebUIKeywordMain.runKeyword(WebUIKeywordMain.groovy:26)
	at com.kms.katalon.core.webui.keyword.builtin.ClickKeyword.click(ClickKeyword.groovy:76)
	at com.kms.katalon.core.webui.keyword.builtin.ClickKeyword.execute(ClickKeyword.groovy:43)
	at com.kms.katalon.core.keyword.internal.KeywordExecutor.executeKeywordForPlatform(KeywordExecutor.groovy:73)
	at com.kms.katalon.core.webui.keyword.WebUiBuiltInKeywords.click(WebUiBuiltInKeywords.groovy:617)
	at com.kms.katalon.core.webui.keyword.WebUiBuiltInKeywords$click$3.call(Unknown Source)
	at TC08_Canine_Filter_Breed-BlkTanCoon.run(TC08_Canine_Filter_Breed-BlkTanCoon:49)
	at com.kms.katalon.core.main.ScriptEngine.run(ScriptEngine.java:194)
	at com.kms.katalon.core.main.ScriptEngine.runScriptAsRawText(ScriptEngine.java:119)
	at com.kms.katalon.core.main.TestCaseExecutor.runScript(TestCaseExecutor.java:339)
	at com.kms.katalon.core.main.TestCaseExecutor.doExecute(TestCaseExecutor.java:330)
	at com.kms.katalon.core.main.TestCaseExecutor.processExecutionPhase(TestCaseExecutor.java:309)
	at com.kms.katalon.core.main.TestCaseExecutor.accessMainPhase(TestCaseExecutor.java:301)
	at com.kms.katalon.core.main.TestCaseExecutor.execute(TestCaseExecutor.java:235)
	at com.kms.katalon.core.main.TestSuiteExecutor.accessTestCaseMainPhase(TestSuiteExecutor.java:191)
	at com.kms.katalon.core.main.TestSuiteExecutor.accessTestSuiteMainPhase(TestSuiteExecutor.java:141)
	at com.kms.katalon.core.main.TestSuiteExecutor.execute(TestSuiteExecutor.java:90)
	at com.kms.katalon.core.main.TestCaseMain.startTestSuite(TestCaseMain.java:157)
	at com.kms.katalon.core.main.TestCaseMain$startTestSuite$0.call(Unknown Source)
	at TempTestSuite1619497270111.run(TempTestSuite1619497270111.groovy:39)
Caused by: com.kms.katalon.core.webui.exception.WebElementNotFoundException: Web element with id: 'Object Repository/Canine/NavBar/Canine_Cases_Btn' located by '//a[contains(@href,'cases')]' not found
	at com.kms.katalon.core.webui.common.WebUiCommonHelper.findWebElement(WebUiCommonHelper.java:1368)
	at com.kms.katalon.core.webui.keyword.internal.WebUIAbstractKeyword.findWebElement(WebUIAbstractKeyword.groovy:27)
	at com.kms.katalon.core.webui.keyword.internal.WebUIAbstractKeyword.findWebElement(WebUIAbstractKeyword.groovy:26)
	at com.kms.katalon.core.webui.keyword.builtin.ClickKeyword$_click_closure1.doCall(ClickKeyword.groovy:67)
	at com.kms.katalon.core.webui.keyword.builtin.ClickKeyword$_click_closure1.call(ClickKeyword.groovy)
	at com.kms.katalon.core.webui.keyword.internal.WebUIKeywordMain.runKeyword(WebUIKeywordMain.groovy:20)
	... 19 more
"/>
         <system-out><![CDATA[2021-04-26 21:26:18 - [TEST_CASE][FAILED] - Test Cases/Canine_TestCases/Breed/TC08_Canine_Filter_Breed-BlkTanCoon: Test Cases/Canine_TestCases/Breed/TC08_Canine_Filter_Breed-BlkTanCoon FAILED.
Reason:
com.kms.katalon.core.exception.StepFailedException: Unable to click on object 'Object Repository/Canine/NavBar/Canine_Cases_Btn'
	at com.kms.katalon.core.webui.keyword.internal.WebUIKeywordMain.stepFailed(WebUIKeywordMain.groovy:64)
	at com.kms.katalon.core.webui.keyword.internal.WebUIKeywordMain.runKeyword(WebUIKeywordMain.groovy:26)
	at com.kms.katalon.core.webui.keyword.builtin.ClickKeyword.click(ClickKeyword.groovy:76)
	at com.kms.katalon.core.webui.keyword.builtin.ClickKeyword.execute(ClickKeyword.groovy:43)
	at com.kms.katalon.core.keyword.internal.KeywordExecutor.executeKeywordForPlatform(KeywordExecutor.groovy:73)
	at com.kms.katalon.core.webui.keyword.WebUiBuiltInKeywords.click(WebUiBuiltInKeywords.groovy:617)
	at com.kms.katalon.core.webui.keyword.WebUiBuiltInKeywords$click$3.call(Unknown Source)
	at TC08_Canine_Filter_Breed-BlkTanCoon.run(TC08_Canine_Filter_Breed-BlkTanCoon:49)
	at com.kms.katalon.core.main.ScriptEngine.run(ScriptEngine.java:194)
	at com.kms.katalon.core.main.ScriptEngine.runScriptAsRawText(ScriptEngine.java:119)
	at com.kms.katalon.core.main.TestCaseExecutor.runScript(TestCaseExecutor.java:339)
	at com.kms.katalon.core.main.TestCaseExecutor.doExecute(TestCaseExecutor.java:330)
	at com.kms.katalon.core.main.TestCaseExecutor.processExecutionPhase(TestCaseExecutor.java:309)
	at com.kms.katalon.core.main.TestCaseExecutor.accessMainPhase(TestCaseExecutor.java:301)
	at com.kms.katalon.core.main.TestCaseExecutor.execute(TestCaseExecutor.java:235)
	at com.kms.katalon.core.main.TestSuiteExecutor.accessTestCaseMainPhase(TestSuiteExecutor.java:191)
	at com.kms.katalon.core.main.TestSuiteExecutor.accessTestSuiteMainPhase(TestSuiteExecutor.java:141)
	at com.kms.katalon.core.main.TestSuiteExecutor.execute(TestSuiteExecutor.java:90)
	at com.kms.katalon.core.main.TestCaseMain.startTestSuite(TestCaseMain.java:157)
	at com.kms.katalon.core.main.TestCaseMain$startTestSuite$0.call(Unknown Source)
	at TempTestSuite1619497270111.run(TempTestSuite1619497270111.groovy:39)
Caused by: com.kms.katalon.core.webui.exception.WebElementNotFoundException: Web element with id: 'Object Repository/Canine/NavBar/Canine_Cases_Btn' located by '//a[contains(@href,'cases')]' not found
	at com.kms.katalon.core.webui.common.WebUiCommonHelper.findWebElement(WebUiCommonHelper.java:1368)
	at com.kms.katalon.core.webui.keyword.internal.WebUIAbstractKeyword.findWebElement(WebUIAbstractKeyword.groovy:27)
	at com.kms.katalon.core.webui.keyword.internal.WebUIAbstractKeyword.findWebElement(WebUIAbstractKeyword.groovy:26)
	at com.kms.katalon.core.webui.keyword.builtin.ClickKeyword$_click_closure1.doCall(ClickKeyword.groovy:67)
	at com.kms.katalon.core.webui.keyword.builtin.ClickKeyword$_click_closure1.call(ClickKeyword.groovy)
	at com.kms.katalon.core.webui.keyword.internal.WebUIKeywordMain.runKeyword(WebUIKeywordMain.groovy:20)
	... 19 more


2021-04-26 21:26:18 - [TEST_STEP][PASSED] - closeBrowser(): Browser is closed

2021-04-26 21:26:19 - [MESSAGE][PASSED] - Browser is closed

2021-04-26 21:26:19 - [TEST_STEP][PASSED] - openBrowser(""): Browser is opened with url: ''

2021-04-26 21:26:19 - [MESSAGE][INFO] - Starting 'Chrome (headless)' driver

2021-04-26 21:26:19 - [MESSAGE][INFO] - User set preference: ['args', '[--no-sandbox]']

2021-04-26 21:26:19 - [MESSAGE][INFO] - Action delay is set to 5,000 milliseconds

2021-04-26 21:26:20 - [MESSAGE][PASSED] - Browser is opened with url: ''

2021-04-26 21:26:20 - [TEST_STEP][PASSED] - ctdc.utilities.runtestcaseforKatalon.RunKatalon("TC08_Canine_Filter_Breed-BlkTanCoon.xlsx"): Data loaded from input file for the test case. 

2021-04-26 21:26:20 - [MESSAGE][PASSED] - Test case file loaded This is the full filepath after converting to string :C:\Users\radhakrishnang2\Desktop\Commons_Automation\InputFiles\TC08_Canine_Filter_Breed-BlkTanCoon.xlsx

2021-04-26 21:26:20 - [MESSAGE][INFO] - Global variable set for password file is :  C:\Users\radhakrishnang2\Desktop\Commons_Automation\InputFiles\TC08_Canine_Filter_Breed-BlkTanCoon.xlsx

2021-04-26 21:26:20 - [MESSAGE][PASSED] - Data loaded from input file for the test case. 

2021-04-26 21:26:29 - [TEST_STEP][FAILED] - click(findTestObject("Canine/NavBar/Canine_Cases_Btn")): Unable to click on object 'Object Repository/Canine/NavBar/Canine_Cases_Btn' (Root cause: com.kms.katalon.core.exception.StepFailedException: Unable to click on object 'Object Repository/Canine/NavBar/Canine_Cases_Btn'
	at com.kms.katalon.core.webui.keyword.internal.WebUIKeywordMain.stepFailed(WebUIKeywordMain.groovy:64)
	at com.kms.katalon.core.webui.keyword.internal.WebUIKeywordMain.runKeyword(WebUIKeywordMain.groovy:26)
	at com.kms.katalon.core.webui.keyword.builtin.ClickKeyword.click(ClickKeyword.groovy:76)
	at com.kms.katalon.core.webui.keyword.builtin.ClickKeyword.execute(ClickKeyword.groovy:43)
	at com.kms.katalon.core.keyword.internal.KeywordExecutor.executeKeywordForPlatform(KeywordExecutor.groovy:73)
	at com.kms.katalon.core.webui.keyword.WebUiBuiltInKeywords.click(WebUiBuiltInKeywords.groovy:617)
	at com.kms.katalon.core.webui.keyword.WebUiBuiltInKeywords$click$3.call(Unknown Source)
	at TC08_Canine_Filter_Breed-BlkTanCoon.run(TC08_Canine_Filter_Breed-BlkTanCoon:49)
	at com.kms.katalon.core.main.ScriptEngine.run(ScriptEngine.java:194)
	at com.kms.katalon.core.main.ScriptEngine.runScriptAsRawText(ScriptEngine.java:119)
	at com.kms.katalon.core.main.TestCaseExecutor.runScript(TestCaseExecutor.java:339)
	at com.kms.katalon.core.main.TestCaseExecutor.doExecute(TestCaseExecutor.java:330)
	at com.kms.katalon.core.main.TestCaseExecutor.processExecutionPhase(TestCaseExecutor.java:309)
	at com.kms.katalon.core.main.TestCaseExecutor.accessMainPhase(TestCaseExecutor.java:301)
	at com.kms.katalon.core.main.TestCaseExecutor.execute(TestCaseExecutor.java:235)
	at com.kms.katalon.core.main.TestSuiteExecutor.accessTestCaseMainPhase(TestSuiteExecutor.java:191)
	at com.kms.katalon.core.main.TestSuiteExecutor.accessTestSuiteMainPhase(TestSuiteExecutor.java:141)
	at com.kms.katalon.core.main.TestSuiteExecutor.execute(TestSuiteExecutor.java:90)
	at com.kms.katalon.core.main.TestCaseMain.startTestSuite(TestCaseMain.java:157)
	at com.kms.katalon.core.main.TestCaseMain$startTestSuite$0.call(Unknown Source)
	at TempTestSuite1619497270111.run(TempTestSuite1619497270111.groovy:39)
Caused by: com.kms.katalon.core.webui.exception.WebElementNotFoundException: Web element with id: 'Object Repository/Canine/NavBar/Canine_Cases_Btn' located by '//a[contains(@href,'cases')]' not found
	at com.kms.katalon.core.webui.common.WebUiCommonHelper.findWebElement(WebUiCommonHelper.java:1368)
	at com.kms.katalon.core.webui.keyword.internal.WebUIAbstractKeyword.findWebElement(WebUIAbstractKeyword.groovy:27)
	at com.kms.katalon.core.webui.keyword.internal.WebUIAbstractKeyword.findWebElement(WebUIAbstractKeyword.groovy:26)
	at com.kms.katalon.core.webui.keyword.builtin.ClickKeyword$_click_closure1.doCall(ClickKeyword.groovy:67)
	at com.kms.katalon.core.webui.keyword.builtin.ClickKeyword$_click_closure1.call(ClickKeyword.groovy)
	at com.kms.katalon.core.webui.keyword.internal.WebUIKeywordMain.runKeyword(WebUIKeywordMain.groovy:20)
	at com.kms.katalon.core.webui.keyword.builtin.ClickKeyword.click(ClickKeyword.groovy:76)
	at com.kms.katalon.core.webui.keyword.builtin.ClickKeyword.execute(ClickKeyword.groovy:43)
	at com.kms.katalon.core.keyword.internal.KeywordExecutor.executeKeywordForPlatform(KeywordExecutor.groovy:73)
	at com.kms.katalon.core.webui.keyword.WebUiBuiltInKeywords.click(WebUiBuiltInKeywords.groovy:617)
	at com.kms.katalon.core.webui.keyword.WebUiBuiltInKeywords$click$3.call(Unknown Source)
	at Script1589136546052.run(Script1589136546052.groovy:49)
	... 13 more
)

2021-04-26 21:27:00 - [MESSAGE][INFO] - Unable to find the element located by 'By.xpath: //a[contains(@href,'cases')]'. Please recheck the objects properties to make sure the desired element is located. 

2021-04-26 21:27:00 - [MESSAGE][FAILED] - Unable to click on object 'Object Repository/Canine/NavBar/Canine_Cases_Btn' (Root cause: com.kms.katalon.core.exception.StepFailedException: Unable to click on object 'Object Repository/Canine/NavBar/Canine_Cases_Btn'
	at com.kms.katalon.core.webui.keyword.internal.WebUIKeywordMain.stepFailed(WebUIKeywordMain.groovy:64)
	at com.kms.katalon.core.webui.keyword.internal.WebUIKeywordMain.runKeyword(WebUIKeywordMain.groovy:26)
	at com.kms.katalon.core.webui.keyword.builtin.ClickKeyword.click(ClickKeyword.groovy:76)
	at com.kms.katalon.core.webui.keyword.builtin.ClickKeyword.execute(ClickKeyword.groovy:43)
	at com.kms.katalon.core.keyword.internal.KeywordExecutor.executeKeywordForPlatform(KeywordExecutor.groovy:73)
	at com.kms.katalon.core.webui.keyword.WebUiBuiltInKeywords.click(WebUiBuiltInKeywords.groovy:617)
	at com.kms.katalon.core.webui.keyword.WebUiBuiltInKeywords$click$3.call(Unknown Source)
	at TC08_Canine_Filter_Breed-BlkTanCoon.run(TC08_Canine_Filter_Breed-BlkTanCoon:49)
	at com.kms.katalon.core.main.ScriptEngine.run(ScriptEngine.java:194)
	at com.kms.katalon.core.main.ScriptEngine.runScriptAsRawText(ScriptEngine.java:119)
	at com.kms.katalon.core.main.TestCaseExecutor.runScript(TestCaseExecutor.java:339)
	at com.kms.katalon.core.main.TestCaseExecutor.doExecute(TestCaseExecutor.java:330)
	at com.kms.katalon.core.main.TestCaseExecutor.processExecutionPhase(TestCaseExecutor.java:309)
	at com.kms.katalon.core.main.TestCaseExecutor.accessMainPhase(TestCaseExecutor.java:301)
	at com.kms.katalon.core.main.TestCaseExecutor.execute(TestCaseExecutor.java:235)
	at com.kms.katalon.core.main.TestSuiteExecutor.accessTestCaseMainPhase(TestSuiteExecutor.java:191)
	at com.kms.katalon.core.main.TestSuiteExecutor.accessTestSuiteMainPhase(TestSuiteExecutor.java:141)
	at com.kms.katalon.core.main.TestSuiteExecutor.execute(TestSuiteExecutor.java:90)
	at com.kms.katalon.core.main.TestCaseMain.startTestSuite(TestCaseMain.java:157)
	at com.kms.katalon.core.main.TestCaseMain$startTestSuite$0.call(Unknown Source)
	at TempTestSuite1619497270111.run(TempTestSuite1619497270111.groovy:39)
Caused by: com.kms.katalon.core.webui.exception.WebElementNotFoundException: Web element with id: 'Object Repository/Canine/NavBar/Canine_Cases_Btn' located by '//a[contains(@href,'cases')]' not found
	at com.kms.katalon.core.webui.common.WebUiCommonHelper.findWebElement(WebUiCommonHelper.java:1368)
	at com.kms.katalon.core.webui.keyword.internal.WebUIAbstractKeyword.findWebElement(WebUIAbstractKeyword.groovy:27)
	at com.kms.katalon.core.webui.keyword.internal.WebUIAbstractKeyword.findWebElement(WebUIAbstractKeyword.groovy:26)
	at com.kms.katalon.core.webui.keyword.builtin.ClickKeyword$_click_closure1.doCall(ClickKeyword.groovy:67)
	at com.kms.katalon.core.webui.keyword.builtin.ClickKeyword$_click_closure1.call(ClickKeyword.groovy)
	at com.kms.katalon.core.webui.keyword.internal.WebUIKeywordMain.runKeyword(WebUIKeywordMain.groovy:20)
	at com.kms.katalon.core.webui.keyword.builtin.ClickKeyword.click(ClickKeyword.groovy:76)
	at com.kms.katalon.core.webui.keyword.builtin.ClickKeyword.execute(ClickKeyword.groovy:43)
	at com.kms.katalon.core.keyword.internal.KeywordExecutor.executeKeywordForPlatform(KeywordExecutor.groovy:73)
	at com.kms.katalon.core.webui.keyword.WebUiBuiltInKeywords.click(WebUiBuiltInKeywords.groovy:617)
	at com.kms.katalon.core.webui.keyword.WebUiBuiltInKeywords$click$3.call(Unknown Source)
	at Script1589136546052.run(Script1589136546052.groovy:49)
	... 13 more
)
[[ATTACHMENT|C:\\Users\\radhakrishnang2\\Desktop\\Commons_Automation\\Reports\\20210426_212110\\Canine_TestSuite\\20210426_212110\\1619497620632.png]]]]></system-out>
         <system-err><![CDATA[2021-04-26 21:26:18 - [TEST_CASE][FAILED] - Test Cases/Canine_TestCases/Breed/TC08_Canine_Filter_Breed-BlkTanCoon: Test Cases/Canine_TestCases/Breed/TC08_Canine_Filter_Breed-BlkTanCoon FAILED.
Reason:
com.kms.katalon.core.exception.StepFailedException: Unable to click on object 'Object Repository/Canine/NavBar/Canine_Cases_Btn'
	at com.kms.katalon.core.webui.keyword.internal.WebUIKeywordMain.stepFailed(WebUIKeywordMain.groovy:64)
	at com.kms.katalon.core.webui.keyword.internal.WebUIKeywordMain.runKeyword(WebUIKeywordMain.groovy:26)
	at com.kms.katalon.core.webui.keyword.builtin.ClickKeyword.click(ClickKeyword.groovy:76)
	at com.kms.katalon.core.webui.keyword.builtin.ClickKeyword.execute(ClickKeyword.groovy:43)
	at com.kms.katalon.core.keyword.internal.KeywordExecutor.executeKeywordForPlatform(KeywordExecutor.groovy:73)
	at com.kms.katalon.core.webui.keyword.WebUiBuiltInKeywords.click(WebUiBuiltInKeywords.groovy:617)
	at com.kms.katalon.core.webui.keyword.WebUiBuiltInKeywords$click$3.call(Unknown Source)
	at TC08_Canine_Filter_Breed-BlkTanCoon.run(TC08_Canine_Filter_Breed-BlkTanCoon:49)
	at com.kms.katalon.core.main.ScriptEngine.run(ScriptEngine.java:194)
	at com.kms.katalon.core.main.ScriptEngine.runScriptAsRawText(ScriptEngine.java:119)
	at com.kms.katalon.core.main.TestCaseExecutor.runScript(TestCaseExecutor.java:339)
	at com.kms.katalon.core.main.TestCaseExecutor.doExecute(TestCaseExecutor.java:330)
	at com.kms.katalon.core.main.TestCaseExecutor.processExecutionPhase(TestCaseExecutor.java:309)
	at com.kms.katalon.core.main.TestCaseExecutor.accessMainPhase(TestCaseExecutor.java:301)
	at com.kms.katalon.core.main.TestCaseExecutor.execute(TestCaseExecutor.java:235)
	at com.kms.katalon.core.main.TestSuiteExecutor.accessTestCaseMainPhase(TestSuiteExecutor.java:191)
	at com.kms.katalon.core.main.TestSuiteExecutor.accessTestSuiteMainPhase(TestSuiteExecutor.java:141)
	at com.kms.katalon.core.main.TestSuiteExecutor.execute(TestSuiteExecutor.java:90)
	at com.kms.katalon.core.main.TestCaseMain.startTestSuite(TestCaseMain.java:157)
	at com.kms.katalon.core.main.TestCaseMain$startTestSuite$0.call(Unknown Source)
	at TempTestSuite1619497270111.run(TempTestSuite1619497270111.groovy:39)
Caused by: com.kms.katalon.core.webui.exception.WebElementNotFoundException: Web element with id: 'Object Repository/Canine/NavBar/Canine_Cases_Btn' located by '//a[contains(@href,'cases')]' not found
	at com.kms.katalon.core.webui.common.WebUiCommonHelper.findWebElement(WebUiCommonHelper.java:1368)
	at com.kms.katalon.core.webui.keyword.internal.WebUIAbstractKeyword.findWebElement(WebUIAbstractKeyword.groovy:27)
	at com.kms.katalon.core.webui.keyword.internal.WebUIAbstractKeyword.findWebElement(WebUIAbstractKeyword.groovy:26)
	at com.kms.katalon.core.webui.keyword.builtin.ClickKeyword$_click_closure1.doCall(ClickKeyword.groovy:67)
	at com.kms.katalon.core.webui.keyword.builtin.ClickKeyword$_click_closure1.call(ClickKeyword.groovy)
	at com.kms.katalon.core.webui.keyword.internal.WebUIKeywordMain.runKeyword(WebUIKeywordMain.groovy:20)
	... 19 more]]></system-err>
      </testcase>
      <testcase name="Test Cases/Canine_TestCases/Breed/TC09_Canine_Filter_Breed-BorderCol" time="45.506" classname="Test Cases/Canine_TestCases/Breed/TC09_Canine_Filter_Breed-BorderCol" status="FAILED">
         <failure type="FAILED" message="Test Cases/Canine_TestCases/Breed/TC09_Canine_Filter_Breed-BorderCol FAILED.
Reason:
com.kms.katalon.core.exception.StepFailedException: Unable to click on object 'Object Repository/Canine/NavBar/Canine_Cases_Btn'
	at com.kms.katalon.core.webui.keyword.internal.WebUIKeywordMain.stepFailed(WebUIKeywordMain.groovy:64)
	at com.kms.katalon.core.webui.keyword.internal.WebUIKeywordMain.runKeyword(WebUIKeywordMain.groovy:26)
	at com.kms.katalon.core.webui.keyword.builtin.ClickKeyword.click(ClickKeyword.groovy:76)
	at com.kms.katalon.core.webui.keyword.builtin.ClickKeyword.execute(ClickKeyword.groovy:43)
	at com.kms.katalon.core.keyword.internal.KeywordExecutor.executeKeywordForPlatform(KeywordExecutor.groovy:73)
	at com.kms.katalon.core.webui.keyword.WebUiBuiltInKeywords.click(WebUiBuiltInKeywords.groovy:617)
	at com.kms.katalon.core.webui.keyword.WebUiBuiltInKeywords$click$3.call(Unknown Source)
	at TC09_Canine_Filter_Breed-BorderCol.run(TC09_Canine_Filter_Breed-BorderCol:50)
	at com.kms.katalon.core.main.ScriptEngine.run(ScriptEngine.java:194)
	at com.kms.katalon.core.main.ScriptEngine.runScriptAsRawText(ScriptEngine.java:119)
	at com.kms.katalon.core.main.TestCaseExecutor.runScript(TestCaseExecutor.java:339)
	at com.kms.katalon.core.main.TestCaseExecutor.doExecute(TestCaseExecutor.java:330)
	at com.kms.katalon.core.main.TestCaseExecutor.processExecutionPhase(TestCaseExecutor.java:309)
	at com.kms.katalon.core.main.TestCaseExecutor.accessMainPhase(TestCaseExecutor.java:301)
	at com.kms.katalon.core.main.TestCaseExecutor.execute(TestCaseExecutor.java:235)
	at com.kms.katalon.core.main.TestSuiteExecutor.accessTestCaseMainPhase(TestSuiteExecutor.java:191)
	at com.kms.katalon.core.main.TestSuiteExecutor.accessTestSuiteMainPhase(TestSuiteExecutor.java:141)
	at com.kms.katalon.core.main.TestSuiteExecutor.execute(TestSuiteExecutor.java:90)
	at com.kms.katalon.core.main.TestCaseMain.startTestSuite(TestCaseMain.java:157)
	at com.kms.katalon.core.main.TestCaseMain$startTestSuite$0.call(Unknown Source)
	at TempTestSuite1619497270111.run(TempTestSuite1619497270111.groovy:39)
Caused by: com.kms.katalon.core.webui.exception.WebElementNotFoundException: Web element with id: 'Object Repository/Canine/NavBar/Canine_Cases_Btn' located by '//a[contains(@href,'cases')]' not found
	at com.kms.katalon.core.webui.common.WebUiCommonHelper.findWebElement(WebUiCommonHelper.java:1368)
	at com.kms.katalon.core.webui.keyword.internal.WebUIAbstractKeyword.findWebElement(WebUIAbstractKeyword.groovy:27)
	at com.kms.katalon.core.webui.keyword.internal.WebUIAbstractKeyword.findWebElement(WebUIAbstractKeyword.groovy:26)
	at com.kms.katalon.core.webui.keyword.builtin.ClickKeyword$_click_closure1.doCall(ClickKeyword.groovy:67)
	at com.kms.katalon.core.webui.keyword.builtin.ClickKeyword$_click_closure1.call(ClickKeyword.groovy)
	at com.kms.katalon.core.webui.keyword.internal.WebUIKeywordMain.runKeyword(WebUIKeywordMain.groovy:20)
	... 19 more
"/>
         <system-out><![CDATA[2021-04-26 21:27:00 - [TEST_CASE][FAILED] - Test Cases/Canine_TestCases/Breed/TC09_Canine_Filter_Breed-BorderCol: Test Cases/Canine_TestCases/Breed/TC09_Canine_Filter_Breed-BorderCol FAILED.
Reason:
com.kms.katalon.core.exception.StepFailedException: Unable to click on object 'Object Repository/Canine/NavBar/Canine_Cases_Btn'
	at com.kms.katalon.core.webui.keyword.internal.WebUIKeywordMain.stepFailed(WebUIKeywordMain.groovy:64)
	at com.kms.katalon.core.webui.keyword.internal.WebUIKeywordMain.runKeyword(WebUIKeywordMain.groovy:26)
	at com.kms.katalon.core.webui.keyword.builtin.ClickKeyword.click(ClickKeyword.groovy:76)
	at com.kms.katalon.core.webui.keyword.builtin.ClickKeyword.execute(ClickKeyword.groovy:43)
	at com.kms.katalon.core.keyword.internal.KeywordExecutor.executeKeywordForPlatform(KeywordExecutor.groovy:73)
	at com.kms.katalon.core.webui.keyword.WebUiBuiltInKeywords.click(WebUiBuiltInKeywords.groovy:617)
	at com.kms.katalon.core.webui.keyword.WebUiBuiltInKeywords$click$3.call(Unknown Source)
	at TC09_Canine_Filter_Breed-BorderCol.run(TC09_Canine_Filter_Breed-BorderCol:50)
	at com.kms.katalon.core.main.ScriptEngine.run(ScriptEngine.java:194)
	at com.kms.katalon.core.main.ScriptEngine.runScriptAsRawText(ScriptEngine.java:119)
	at com.kms.katalon.core.main.TestCaseExecutor.runScript(TestCaseExecutor.java:339)
	at com.kms.katalon.core.main.TestCaseExecutor.doExecute(TestCaseExecutor.java:330)
	at com.kms.katalon.core.main.TestCaseExecutor.processExecutionPhase(TestCaseExecutor.java:309)
	at com.kms.katalon.core.main.TestCaseExecutor.accessMainPhase(TestCaseExecutor.java:301)
	at com.kms.katalon.core.main.TestCaseExecutor.execute(TestCaseExecutor.java:235)
	at com.kms.katalon.core.main.TestSuiteExecutor.accessTestCaseMainPhase(TestSuiteExecutor.java:191)
	at com.kms.katalon.core.main.TestSuiteExecutor.accessTestSuiteMainPhase(TestSuiteExecutor.java:141)
	at com.kms.katalon.core.main.TestSuiteExecutor.execute(TestSuiteExecutor.java:90)
	at com.kms.katalon.core.main.TestCaseMain.startTestSuite(TestCaseMain.java:157)
	at com.kms.katalon.core.main.TestCaseMain$startTestSuite$0.call(Unknown Source)
	at TempTestSuite1619497270111.run(TempTestSuite1619497270111.groovy:39)
Caused by: com.kms.katalon.core.webui.exception.WebElementNotFoundException: Web element with id: 'Object Repository/Canine/NavBar/Canine_Cases_Btn' located by '//a[contains(@href,'cases')]' not found
	at com.kms.katalon.core.webui.common.WebUiCommonHelper.findWebElement(WebUiCommonHelper.java:1368)
	at com.kms.katalon.core.webui.keyword.internal.WebUIAbstractKeyword.findWebElement(WebUIAbstractKeyword.groovy:27)
	at com.kms.katalon.core.webui.keyword.internal.WebUIAbstractKeyword.findWebElement(WebUIAbstractKeyword.groovy:26)
	at com.kms.katalon.core.webui.keyword.builtin.ClickKeyword$_click_closure1.doCall(ClickKeyword.groovy:67)
	at com.kms.katalon.core.webui.keyword.builtin.ClickKeyword$_click_closure1.call(ClickKeyword.groovy)
	at com.kms.katalon.core.webui.keyword.internal.WebUIKeywordMain.runKeyword(WebUIKeywordMain.groovy:20)
	... 19 more


2021-04-26 21:27:01 - [TEST_STEP][PASSED] - closeBrowser(): Browser is closed

2021-04-26 21:27:02 - [MESSAGE][PASSED] - Browser is closed

2021-04-26 21:27:02 - [TEST_STEP][PASSED] - openBrowser(""): Browser is opened with url: ''

2021-04-26 21:27:02 - [MESSAGE][INFO] - Starting 'Chrome (headless)' driver

2021-04-26 21:27:02 - [MESSAGE][INFO] - User set preference: ['args', '[--no-sandbox]']

2021-04-26 21:27:02 - [MESSAGE][INFO] - Action delay is set to 5,000 milliseconds

2021-04-26 21:27:03 - [MESSAGE][PASSED] - Browser is opened with url: ''

2021-04-26 21:27:03 - [TEST_STEP][PASSED] - ctdc.utilities.runtestcaseforKatalon.RunKatalon("TC09_Canine_Filter_Breed-BorderCol.xlsx"): Data loaded from input file for the test case. 

2021-04-26 21:27:03 - [MESSAGE][PASSED] - Test case file loaded This is the full filepath after converting to string :C:\Users\radhakrishnang2\Desktop\Commons_Automation\InputFiles\TC09_Canine_Filter_Breed-BorderCol.xlsx

2021-04-26 21:27:03 - [MESSAGE][INFO] - Global variable set for password file is :  C:\Users\radhakrishnang2\Desktop\Commons_Automation\InputFiles\TC09_Canine_Filter_Breed-BorderCol.xlsx

2021-04-26 21:27:03 - [MESSAGE][PASSED] - Data loaded from input file for the test case. 

2021-04-26 21:27:14 - [TEST_STEP][FAILED] - click(findTestObject("Canine/NavBar/Canine_Cases_Btn")): Unable to click on object 'Object Repository/Canine/NavBar/Canine_Cases_Btn' (Root cause: com.kms.katalon.core.exception.StepFailedException: Unable to click on object 'Object Repository/Canine/NavBar/Canine_Cases_Btn'
	at com.kms.katalon.core.webui.keyword.internal.WebUIKeywordMain.stepFailed(WebUIKeywordMain.groovy:64)
	at com.kms.katalon.core.webui.keyword.internal.WebUIKeywordMain.runKeyword(WebUIKeywordMain.groovy:26)
	at com.kms.katalon.core.webui.keyword.builtin.ClickKeyword.click(ClickKeyword.groovy:76)
	at com.kms.katalon.core.webui.keyword.builtin.ClickKeyword.execute(ClickKeyword.groovy:43)
	at com.kms.katalon.core.keyword.internal.KeywordExecutor.executeKeywordForPlatform(KeywordExecutor.groovy:73)
	at com.kms.katalon.core.webui.keyword.WebUiBuiltInKeywords.click(WebUiBuiltInKeywords.groovy:617)
	at com.kms.katalon.core.webui.keyword.WebUiBuiltInKeywords$click$3.call(Unknown Source)
	at TC09_Canine_Filter_Breed-BorderCol.run(TC09_Canine_Filter_Breed-BorderCol:50)
	at com.kms.katalon.core.main.ScriptEngine.run(ScriptEngine.java:194)
	at com.kms.katalon.core.main.ScriptEngine.runScriptAsRawText(ScriptEngine.java:119)
	at com.kms.katalon.core.main.TestCaseExecutor.runScript(TestCaseExecutor.java:339)
	at com.kms.katalon.core.main.TestCaseExecutor.doExecute(TestCaseExecutor.java:330)
	at com.kms.katalon.core.main.TestCaseExecutor.processExecutionPhase(TestCaseExecutor.java:309)
	at com.kms.katalon.core.main.TestCaseExecutor.accessMainPhase(TestCaseExecutor.java:301)
	at com.kms.katalon.core.main.TestCaseExecutor.execute(TestCaseExecutor.java:235)
	at com.kms.katalon.core.main.TestSuiteExecutor.accessTestCaseMainPhase(TestSuiteExecutor.java:191)
	at com.kms.katalon.core.main.TestSuiteExecutor.accessTestSuiteMainPhase(TestSuiteExecutor.java:141)
	at com.kms.katalon.core.main.TestSuiteExecutor.execute(TestSuiteExecutor.java:90)
	at com.kms.katalon.core.main.TestCaseMain.startTestSuite(TestCaseMain.java:157)
	at com.kms.katalon.core.main.TestCaseMain$startTestSuite$0.call(Unknown Source)
	at TempTestSuite1619497270111.run(TempTestSuite1619497270111.groovy:39)
Caused by: com.kms.katalon.core.webui.exception.WebElementNotFoundException: Web element with id: 'Object Repository/Canine/NavBar/Canine_Cases_Btn' located by '//a[contains(@href,'cases')]' not found
	at com.kms.katalon.core.webui.common.WebUiCommonHelper.findWebElement(WebUiCommonHelper.java:1368)
	at com.kms.katalon.core.webui.keyword.internal.WebUIAbstractKeyword.findWebElement(WebUIAbstractKeyword.groovy:27)
	at com.kms.katalon.core.webui.keyword.internal.WebUIAbstractKeyword.findWebElement(WebUIAbstractKeyword.groovy:26)
	at com.kms.katalon.core.webui.keyword.builtin.ClickKeyword$_click_closure1.doCall(ClickKeyword.groovy:67)
	at com.kms.katalon.core.webui.keyword.builtin.ClickKeyword$_click_closure1.call(ClickKeyword.groovy)
	at com.kms.katalon.core.webui.keyword.internal.WebUIKeywordMain.runKeyword(WebUIKeywordMain.groovy:20)
	at com.kms.katalon.core.webui.keyword.builtin.ClickKeyword.click(ClickKeyword.groovy:76)
	at com.kms.katalon.core.webui.keyword.builtin.ClickKeyword.execute(ClickKeyword.groovy:43)
	at com.kms.katalon.core.keyword.internal.KeywordExecutor.executeKeywordForPlatform(KeywordExecutor.groovy:73)
	at com.kms.katalon.core.webui.keyword.WebUiBuiltInKeywords.click(WebUiBuiltInKeywords.groovy:617)
	at com.kms.katalon.core.webui.keyword.WebUiBuiltInKeywords$click$3.call(Unknown Source)
	at Script1589136584218.run(Script1589136584218.groovy:50)
	... 13 more
)

2021-04-26 21:27:46 - [MESSAGE][INFO] - Unable to find the element located by 'By.xpath: //a[contains(@href,'cases')]'. Please recheck the objects properties to make sure the desired element is located. 

2021-04-26 21:27:46 - [MESSAGE][FAILED] - Unable to click on object 'Object Repository/Canine/NavBar/Canine_Cases_Btn' (Root cause: com.kms.katalon.core.exception.StepFailedException: Unable to click on object 'Object Repository/Canine/NavBar/Canine_Cases_Btn'
	at com.kms.katalon.core.webui.keyword.internal.WebUIKeywordMain.stepFailed(WebUIKeywordMain.groovy:64)
	at com.kms.katalon.core.webui.keyword.internal.WebUIKeywordMain.runKeyword(WebUIKeywordMain.groovy:26)
	at com.kms.katalon.core.webui.keyword.builtin.ClickKeyword.click(ClickKeyword.groovy:76)
	at com.kms.katalon.core.webui.keyword.builtin.ClickKeyword.execute(ClickKeyword.groovy:43)
	at com.kms.katalon.core.keyword.internal.KeywordExecutor.executeKeywordForPlatform(KeywordExecutor.groovy:73)
	at com.kms.katalon.core.webui.keyword.WebUiBuiltInKeywords.click(WebUiBuiltInKeywords.groovy:617)
	at com.kms.katalon.core.webui.keyword.WebUiBuiltInKeywords$click$3.call(Unknown Source)
	at TC09_Canine_Filter_Breed-BorderCol.run(TC09_Canine_Filter_Breed-BorderCol:50)
	at com.kms.katalon.core.main.ScriptEngine.run(ScriptEngine.java:194)
	at com.kms.katalon.core.main.ScriptEngine.runScriptAsRawText(ScriptEngine.java:119)
	at com.kms.katalon.core.main.TestCaseExecutor.runScript(TestCaseExecutor.java:339)
	at com.kms.katalon.core.main.TestCaseExecutor.doExecute(TestCaseExecutor.java:330)
	at com.kms.katalon.core.main.TestCaseExecutor.processExecutionPhase(TestCaseExecutor.java:309)
	at com.kms.katalon.core.main.TestCaseExecutor.accessMainPhase(TestCaseExecutor.java:301)
	at com.kms.katalon.core.main.TestCaseExecutor.execute(TestCaseExecutor.java:235)
	at com.kms.katalon.core.main.TestSuiteExecutor.accessTestCaseMainPhase(TestSuiteExecutor.java:191)
	at com.kms.katalon.core.main.TestSuiteExecutor.accessTestSuiteMainPhase(TestSuiteExecutor.java:141)
	at com.kms.katalon.core.main.TestSuiteExecutor.execute(TestSuiteExecutor.java:90)
	at com.kms.katalon.core.main.TestCaseMain.startTestSuite(TestCaseMain.java:157)
	at com.kms.katalon.core.main.TestCaseMain$startTestSuite$0.call(Unknown Source)
	at TempTestSuite1619497270111.run(TempTestSuite1619497270111.groovy:39)
Caused by: com.kms.katalon.core.webui.exception.WebElementNotFoundException: Web element with id: 'Object Repository/Canine/NavBar/Canine_Cases_Btn' located by '//a[contains(@href,'cases')]' not found
	at com.kms.katalon.core.webui.common.WebUiCommonHelper.findWebElement(WebUiCommonHelper.java:1368)
	at com.kms.katalon.core.webui.keyword.internal.WebUIAbstractKeyword.findWebElement(WebUIAbstractKeyword.groovy:27)
	at com.kms.katalon.core.webui.keyword.internal.WebUIAbstractKeyword.findWebElement(WebUIAbstractKeyword.groovy:26)
	at com.kms.katalon.core.webui.keyword.builtin.ClickKeyword$_click_closure1.doCall(ClickKeyword.groovy:67)
	at com.kms.katalon.core.webui.keyword.builtin.ClickKeyword$_click_closure1.call(ClickKeyword.groovy)
	at com.kms.katalon.core.webui.keyword.internal.WebUIKeywordMain.runKeyword(WebUIKeywordMain.groovy:20)
	at com.kms.katalon.core.webui.keyword.builtin.ClickKeyword.click(ClickKeyword.groovy:76)
	at com.kms.katalon.core.webui.keyword.builtin.ClickKeyword.execute(ClickKeyword.groovy:43)
	at com.kms.katalon.core.keyword.internal.KeywordExecutor.executeKeywordForPlatform(KeywordExecutor.groovy:73)
	at com.kms.katalon.core.webui.keyword.WebUiBuiltInKeywords.click(WebUiBuiltInKeywords.groovy:617)
	at com.kms.katalon.core.webui.keyword.WebUiBuiltInKeywords$click$3.call(Unknown Source)
	at Script1589136584218.run(Script1589136584218.groovy:50)
	... 13 more
)
[[ATTACHMENT|C:\\Users\\radhakrishnang2\\Desktop\\Commons_Automation\\Reports\\20210426_212110\\Canine_TestSuite\\20210426_212110\\1619497666145.png]]]]></system-out>
         <system-err><![CDATA[2021-04-26 21:27:00 - [TEST_CASE][FAILED] - Test Cases/Canine_TestCases/Breed/TC09_Canine_Filter_Breed-BorderCol: Test Cases/Canine_TestCases/Breed/TC09_Canine_Filter_Breed-BorderCol FAILED.
Reason:
com.kms.katalon.core.exception.StepFailedException: Unable to click on object 'Object Repository/Canine/NavBar/Canine_Cases_Btn'
	at com.kms.katalon.core.webui.keyword.internal.WebUIKeywordMain.stepFailed(WebUIKeywordMain.groovy:64)
	at com.kms.katalon.core.webui.keyword.internal.WebUIKeywordMain.runKeyword(WebUIKeywordMain.groovy:26)
	at com.kms.katalon.core.webui.keyword.builtin.ClickKeyword.click(ClickKeyword.groovy:76)
	at com.kms.katalon.core.webui.keyword.builtin.ClickKeyword.execute(ClickKeyword.groovy:43)
	at com.kms.katalon.core.keyword.internal.KeywordExecutor.executeKeywordForPlatform(KeywordExecutor.groovy:73)
	at com.kms.katalon.core.webui.keyword.WebUiBuiltInKeywords.click(WebUiBuiltInKeywords.groovy:617)
	at com.kms.katalon.core.webui.keyword.WebUiBuiltInKeywords$click$3.call(Unknown Source)
	at TC09_Canine_Filter_Breed-BorderCol.run(TC09_Canine_Filter_Breed-BorderCol:50)
	at com.kms.katalon.core.main.ScriptEngine.run(ScriptEngine.java:194)
	at com.kms.katalon.core.main.ScriptEngine.runScriptAsRawText(ScriptEngine.java:119)
	at com.kms.katalon.core.main.TestCaseExecutor.runScript(TestCaseExecutor.java:339)
	at com.kms.katalon.core.main.TestCaseExecutor.doExecute(TestCaseExecutor.java:330)
	at com.kms.katalon.core.main.TestCaseExecutor.processExecutionPhase(TestCaseExecutor.java:309)
	at com.kms.katalon.core.main.TestCaseExecutor.accessMainPhase(TestCaseExecutor.java:301)
	at com.kms.katalon.core.main.TestCaseExecutor.execute(TestCaseExecutor.java:235)
	at com.kms.katalon.core.main.TestSuiteExecutor.accessTestCaseMainPhase(TestSuiteExecutor.java:191)
	at com.kms.katalon.core.main.TestSuiteExecutor.accessTestSuiteMainPhase(TestSuiteExecutor.java:141)
	at com.kms.katalon.core.main.TestSuiteExecutor.execute(TestSuiteExecutor.java:90)
	at com.kms.katalon.core.main.TestCaseMain.startTestSuite(TestCaseMain.java:157)
	at com.kms.katalon.core.main.TestCaseMain$startTestSuite$0.call(Unknown Source)
	at TempTestSuite1619497270111.run(TempTestSuite1619497270111.groovy:39)
Caused by: com.kms.katalon.core.webui.exception.WebElementNotFoundException: Web element with id: 'Object Repository/Canine/NavBar/Canine_Cases_Btn' located by '//a[contains(@href,'cases')]' not found
	at com.kms.katalon.core.webui.common.WebUiCommonHelper.findWebElement(WebUiCommonHelper.java:1368)
	at com.kms.katalon.core.webui.keyword.internal.WebUIAbstractKeyword.findWebElement(WebUIAbstractKeyword.groovy:27)
	at com.kms.katalon.core.webui.keyword.internal.WebUIAbstractKeyword.findWebElement(WebUIAbstractKeyword.groovy:26)
	at com.kms.katalon.core.webui.keyword.builtin.ClickKeyword$_click_closure1.doCall(ClickKeyword.groovy:67)
	at com.kms.katalon.core.webui.keyword.builtin.ClickKeyword$_click_closure1.call(ClickKeyword.groovy)
	at com.kms.katalon.core.webui.keyword.internal.WebUIKeywordMain.runKeyword(WebUIKeywordMain.groovy:20)
	... 19 more]]></system-err>
      </testcase>
      <testcase name="Test Cases/Canine_TestCases/Breed/TC10_Canine_Filter_Breed-BostonTerr" time="47.362" classname="Test Cases/Canine_TestCases/Breed/TC10_Canine_Filter_Breed-BostonTerr" status="FAILED">
         <failure type="FAILED" message="Test Cases/Canine_TestCases/Breed/TC10_Canine_Filter_Breed-BostonTerr FAILED.
Reason:
com.kms.katalon.core.exception.StepFailedException: Unable to click on object 'Object Repository/Canine/NavBar/Canine_Cases_Btn'
	at com.kms.katalon.core.webui.keyword.internal.WebUIKeywordMain.stepFailed(WebUIKeywordMain.groovy:64)
	at com.kms.katalon.core.webui.keyword.internal.WebUIKeywordMain.runKeyword(WebUIKeywordMain.groovy:26)
	at com.kms.katalon.core.webui.keyword.builtin.ClickKeyword.click(ClickKeyword.groovy:76)
	at com.kms.katalon.core.webui.keyword.builtin.ClickKeyword.execute(ClickKeyword.groovy:43)
	at com.kms.katalon.core.keyword.internal.KeywordExecutor.executeKeywordForPlatform(KeywordExecutor.groovy:73)
	at com.kms.katalon.core.webui.keyword.WebUiBuiltInKeywords.click(WebUiBuiltInKeywords.groovy:617)
	at com.kms.katalon.core.webui.keyword.WebUiBuiltInKeywords$click$3.call(Unknown Source)
	at TC10_Canine_Filter_Breed-BostonTerr.run(TC10_Canine_Filter_Breed-BostonTerr:51)
	at com.kms.katalon.core.main.ScriptEngine.run(ScriptEngine.java:194)
	at com.kms.katalon.core.main.ScriptEngine.runScriptAsRawText(ScriptEngine.java:119)
	at com.kms.katalon.core.main.TestCaseExecutor.runScript(TestCaseExecutor.java:339)
	at com.kms.katalon.core.main.TestCaseExecutor.doExecute(TestCaseExecutor.java:330)
	at com.kms.katalon.core.main.TestCaseExecutor.processExecutionPhase(TestCaseExecutor.java:309)
	at com.kms.katalon.core.main.TestCaseExecutor.accessMainPhase(TestCaseExecutor.java:301)
	at com.kms.katalon.core.main.TestCaseExecutor.execute(TestCaseExecutor.java:235)
	at com.kms.katalon.core.main.TestSuiteExecutor.accessTestCaseMainPhase(TestSuiteExecutor.java:191)
	at com.kms.katalon.core.main.TestSuiteExecutor.accessTestSuiteMainPhase(TestSuiteExecutor.java:141)
	at com.kms.katalon.core.main.TestSuiteExecutor.execute(TestSuiteExecutor.java:90)
	at com.kms.katalon.core.main.TestCaseMain.startTestSuite(TestCaseMain.java:157)
	at com.kms.katalon.core.main.TestCaseMain$startTestSuite$0.call(Unknown Source)
	at TempTestSuite1619497270111.run(TempTestSuite1619497270111.groovy:39)
Caused by: com.kms.katalon.core.webui.exception.WebElementNotFoundException: Web element with id: 'Object Repository/Canine/NavBar/Canine_Cases_Btn' located by '//a[contains(@href,'cases')]' not found
	at com.kms.katalon.core.webui.common.WebUiCommonHelper.findWebElement(WebUiCommonHelper.java:1368)
	at com.kms.katalon.core.webui.keyword.internal.WebUIAbstractKeyword.findWebElement(WebUIAbstractKeyword.groovy:27)
	at com.kms.katalon.core.webui.keyword.internal.WebUIAbstractKeyword.findWebElement(WebUIAbstractKeyword.groovy:26)
	at com.kms.katalon.core.webui.keyword.builtin.ClickKeyword$_click_closure1.doCall(ClickKeyword.groovy:67)
	at com.kms.katalon.core.webui.keyword.builtin.ClickKeyword$_click_closure1.call(ClickKeyword.groovy)
	at com.kms.katalon.core.webui.keyword.internal.WebUIKeywordMain.runKeyword(WebUIKeywordMain.groovy:20)
	... 19 more
"/>
         <system-out><![CDATA[2021-04-26 21:27:46 - [TEST_CASE][FAILED] - Test Cases/Canine_TestCases/Breed/TC10_Canine_Filter_Breed-BostonTerr: Test Cases/Canine_TestCases/Breed/TC10_Canine_Filter_Breed-BostonTerr FAILED.
Reason:
com.kms.katalon.core.exception.StepFailedException: Unable to click on object 'Object Repository/Canine/NavBar/Canine_Cases_Btn'
	at com.kms.katalon.core.webui.keyword.internal.WebUIKeywordMain.stepFailed(WebUIKeywordMain.groovy:64)
	at com.kms.katalon.core.webui.keyword.internal.WebUIKeywordMain.runKeyword(WebUIKeywordMain.groovy:26)
	at com.kms.katalon.core.webui.keyword.builtin.ClickKeyword.click(ClickKeyword.groovy:76)
	at com.kms.katalon.core.webui.keyword.builtin.ClickKeyword.execute(ClickKeyword.groovy:43)
	at com.kms.katalon.core.keyword.internal.KeywordExecutor.executeKeywordForPlatform(KeywordExecutor.groovy:73)
	at com.kms.katalon.core.webui.keyword.WebUiBuiltInKeywords.click(WebUiBuiltInKeywords.groovy:617)
	at com.kms.katalon.core.webui.keyword.WebUiBuiltInKeywords$click$3.call(Unknown Source)
	at TC10_Canine_Filter_Breed-BostonTerr.run(TC10_Canine_Filter_Breed-BostonTerr:51)
	at com.kms.katalon.core.main.ScriptEngine.run(ScriptEngine.java:194)
	at com.kms.katalon.core.main.ScriptEngine.runScriptAsRawText(ScriptEngine.java:119)
	at com.kms.katalon.core.main.TestCaseExecutor.runScript(TestCaseExecutor.java:339)
	at com.kms.katalon.core.main.TestCaseExecutor.doExecute(TestCaseExecutor.java:330)
	at com.kms.katalon.core.main.TestCaseExecutor.processExecutionPhase(TestCaseExecutor.java:309)
	at com.kms.katalon.core.main.TestCaseExecutor.accessMainPhase(TestCaseExecutor.java:301)
	at com.kms.katalon.core.main.TestCaseExecutor.execute(TestCaseExecutor.java:235)
	at com.kms.katalon.core.main.TestSuiteExecutor.accessTestCaseMainPhase(TestSuiteExecutor.java:191)
	at com.kms.katalon.core.main.TestSuiteExecutor.accessTestSuiteMainPhase(TestSuiteExecutor.java:141)
	at com.kms.katalon.core.main.TestSuiteExecutor.execute(TestSuiteExecutor.java:90)
	at com.kms.katalon.core.main.TestCaseMain.startTestSuite(TestCaseMain.java:157)
	at com.kms.katalon.core.main.TestCaseMain$startTestSuite$0.call(Unknown Source)
	at TempTestSuite1619497270111.run(TempTestSuite1619497270111.groovy:39)
Caused by: com.kms.katalon.core.webui.exception.WebElementNotFoundException: Web element with id: 'Object Repository/Canine/NavBar/Canine_Cases_Btn' located by '//a[contains(@href,'cases')]' not found
	at com.kms.katalon.core.webui.common.WebUiCommonHelper.findWebElement(WebUiCommonHelper.java:1368)
	at com.kms.katalon.core.webui.keyword.internal.WebUIAbstractKeyword.findWebElement(WebUIAbstractKeyword.groovy:27)
	at com.kms.katalon.core.webui.keyword.internal.WebUIAbstractKeyword.findWebElement(WebUIAbstractKeyword.groovy:26)
	at com.kms.katalon.core.webui.keyword.builtin.ClickKeyword$_click_closure1.doCall(ClickKeyword.groovy:67)
	at com.kms.katalon.core.webui.keyword.builtin.ClickKeyword$_click_closure1.call(ClickKeyword.groovy)
	at com.kms.katalon.core.webui.keyword.internal.WebUIKeywordMain.runKeyword(WebUIKeywordMain.groovy:20)
	... 19 more


2021-04-26 21:27:47 - [TEST_STEP][PASSED] - closeBrowser(): Browser is closed

2021-04-26 21:27:48 - [MESSAGE][PASSED] - Browser is closed

2021-04-26 21:27:48 - [TEST_STEP][PASSED] - openBrowser(""): Browser is opened with url: ''

2021-04-26 21:27:48 - [MESSAGE][INFO] - Starting 'Chrome (headless)' driver

2021-04-26 21:27:48 - [MESSAGE][INFO] - User set preference: ['args', '[--no-sandbox]']

2021-04-26 21:27:48 - [MESSAGE][INFO] - Action delay is set to 5,000 milliseconds

2021-04-26 21:27:50 - [MESSAGE][PASSED] - Browser is opened with url: ''

2021-04-26 21:27:50 - [TEST_STEP][PASSED] - ctdc.utilities.runtestcaseforKatalon.RunKatalon("TC10_Canine_Filter_Breed-BostonTerr.xlsx"): Data loaded from input file for the test case. 

2021-04-26 21:27:50 - [MESSAGE][PASSED] - Test case file loaded This is the full filepath after converting to string :C:\Users\radhakrishnang2\Desktop\Commons_Automation\InputFiles\TC10_Canine_Filter_Breed-BostonTerr.xlsx

2021-04-26 21:27:50 - [MESSAGE][INFO] - Global variable set for password file is :  C:\Users\radhakrishnang2\Desktop\Commons_Automation\InputFiles\TC10_Canine_Filter_Breed-BostonTerr.xlsx

2021-04-26 21:27:50 - [MESSAGE][PASSED] - Data loaded from input file for the test case. 

2021-04-26 21:28:02 - [TEST_STEP][FAILED] - click(findTestObject("Canine/NavBar/Canine_Cases_Btn")): Unable to click on object 'Object Repository/Canine/NavBar/Canine_Cases_Btn' (Root cause: com.kms.katalon.core.exception.StepFailedException: Unable to click on object 'Object Repository/Canine/NavBar/Canine_Cases_Btn'
	at com.kms.katalon.core.webui.keyword.internal.WebUIKeywordMain.stepFailed(WebUIKeywordMain.groovy:64)
	at com.kms.katalon.core.webui.keyword.internal.WebUIKeywordMain.runKeyword(WebUIKeywordMain.groovy:26)
	at com.kms.katalon.core.webui.keyword.builtin.ClickKeyword.click(ClickKeyword.groovy:76)
	at com.kms.katalon.core.webui.keyword.builtin.ClickKeyword.execute(ClickKeyword.groovy:43)
	at com.kms.katalon.core.keyword.internal.KeywordExecutor.executeKeywordForPlatform(KeywordExecutor.groovy:73)
	at com.kms.katalon.core.webui.keyword.WebUiBuiltInKeywords.click(WebUiBuiltInKeywords.groovy:617)
	at com.kms.katalon.core.webui.keyword.WebUiBuiltInKeywords$click$3.call(Unknown Source)
	at TC10_Canine_Filter_Breed-BostonTerr.run(TC10_Canine_Filter_Breed-BostonTerr:51)
	at com.kms.katalon.core.main.ScriptEngine.run(ScriptEngine.java:194)
	at com.kms.katalon.core.main.ScriptEngine.runScriptAsRawText(ScriptEngine.java:119)
	at com.kms.katalon.core.main.TestCaseExecutor.runScript(TestCaseExecutor.java:339)
	at com.kms.katalon.core.main.TestCaseExecutor.doExecute(TestCaseExecutor.java:330)
	at com.kms.katalon.core.main.TestCaseExecutor.processExecutionPhase(TestCaseExecutor.java:309)
	at com.kms.katalon.core.main.TestCaseExecutor.accessMainPhase(TestCaseExecutor.java:301)
	at com.kms.katalon.core.main.TestCaseExecutor.execute(TestCaseExecutor.java:235)
	at com.kms.katalon.core.main.TestSuiteExecutor.accessTestCaseMainPhase(TestSuiteExecutor.java:191)
	at com.kms.katalon.core.main.TestSuiteExecutor.accessTestSuiteMainPhase(TestSuiteExecutor.java:141)
	at com.kms.katalon.core.main.TestSuiteExecutor.execute(TestSuiteExecutor.java:90)
	at com.kms.katalon.core.main.TestCaseMain.startTestSuite(TestCaseMain.java:157)
	at com.kms.katalon.core.main.TestCaseMain$startTestSuite$0.call(Unknown Source)
	at TempTestSuite1619497270111.run(TempTestSuite1619497270111.groovy:39)
Caused by: com.kms.katalon.core.webui.exception.WebElementNotFoundException: Web element with id: 'Object Repository/Canine/NavBar/Canine_Cases_Btn' located by '//a[contains(@href,'cases')]' not found
	at com.kms.katalon.core.webui.common.WebUiCommonHelper.findWebElement(WebUiCommonHelper.java:1368)
	at com.kms.katalon.core.webui.keyword.internal.WebUIAbstractKeyword.findWebElement(WebUIAbstractKeyword.groovy:27)
	at com.kms.katalon.core.webui.keyword.internal.WebUIAbstractKeyword.findWebElement(WebUIAbstractKeyword.groovy:26)
	at com.kms.katalon.core.webui.keyword.builtin.ClickKeyword$_click_closure1.doCall(ClickKeyword.groovy:67)
	at com.kms.katalon.core.webui.keyword.builtin.ClickKeyword$_click_closure1.call(ClickKeyword.groovy)
	at com.kms.katalon.core.webui.keyword.internal.WebUIKeywordMain.runKeyword(WebUIKeywordMain.groovy:20)
	at com.kms.katalon.core.webui.keyword.builtin.ClickKeyword.click(ClickKeyword.groovy:76)
	at com.kms.katalon.core.webui.keyword.builtin.ClickKeyword.execute(ClickKeyword.groovy:43)
	at com.kms.katalon.core.keyword.internal.KeywordExecutor.executeKeywordForPlatform(KeywordExecutor.groovy:73)
	at com.kms.katalon.core.webui.keyword.WebUiBuiltInKeywords.click(WebUiBuiltInKeywords.groovy:617)
	at com.kms.katalon.core.webui.keyword.WebUiBuiltInKeywords$click$3.call(Unknown Source)
	at Script1599844883845.run(Script1599844883845.groovy:51)
	... 13 more
)

2021-04-26 21:28:33 - [MESSAGE][INFO] - Unable to find the element located by 'By.xpath: //a[contains(@href,'cases')]'. Please recheck the objects properties to make sure the desired element is located. 

2021-04-26 21:28:33 - [MESSAGE][FAILED] - Unable to click on object 'Object Repository/Canine/NavBar/Canine_Cases_Btn' (Root cause: com.kms.katalon.core.exception.StepFailedException: Unable to click on object 'Object Repository/Canine/NavBar/Canine_Cases_Btn'
	at com.kms.katalon.core.webui.keyword.internal.WebUIKeywordMain.stepFailed(WebUIKeywordMain.groovy:64)
	at com.kms.katalon.core.webui.keyword.internal.WebUIKeywordMain.runKeyword(WebUIKeywordMain.groovy:26)
	at com.kms.katalon.core.webui.keyword.builtin.ClickKeyword.click(ClickKeyword.groovy:76)
	at com.kms.katalon.core.webui.keyword.builtin.ClickKeyword.execute(ClickKeyword.groovy:43)
	at com.kms.katalon.core.keyword.internal.KeywordExecutor.executeKeywordForPlatform(KeywordExecutor.groovy:73)
	at com.kms.katalon.core.webui.keyword.WebUiBuiltInKeywords.click(WebUiBuiltInKeywords.groovy:617)
	at com.kms.katalon.core.webui.keyword.WebUiBuiltInKeywords$click$3.call(Unknown Source)
	at TC10_Canine_Filter_Breed-BostonTerr.run(TC10_Canine_Filter_Breed-BostonTerr:51)
	at com.kms.katalon.core.main.ScriptEngine.run(ScriptEngine.java:194)
	at com.kms.katalon.core.main.ScriptEngine.runScriptAsRawText(ScriptEngine.java:119)
	at com.kms.katalon.core.main.TestCaseExecutor.runScript(TestCaseExecutor.java:339)
	at com.kms.katalon.core.main.TestCaseExecutor.doExecute(TestCaseExecutor.java:330)
	at com.kms.katalon.core.main.TestCaseExecutor.processExecutionPhase(TestCaseExecutor.java:309)
	at com.kms.katalon.core.main.TestCaseExecutor.accessMainPhase(TestCaseExecutor.java:301)
	at com.kms.katalon.core.main.TestCaseExecutor.execute(TestCaseExecutor.java:235)
	at com.kms.katalon.core.main.TestSuiteExecutor.accessTestCaseMainPhase(TestSuiteExecutor.java:191)
	at com.kms.katalon.core.main.TestSuiteExecutor.accessTestSuiteMainPhase(TestSuiteExecutor.java:141)
	at com.kms.katalon.core.main.TestSuiteExecutor.execute(TestSuiteExecutor.java:90)
	at com.kms.katalon.core.main.TestCaseMain.startTestSuite(TestCaseMain.java:157)
	at com.kms.katalon.core.main.TestCaseMain$startTestSuite$0.call(Unknown Source)
	at TempTestSuite1619497270111.run(TempTestSuite1619497270111.groovy:39)
Caused by: com.kms.katalon.core.webui.exception.WebElementNotFoundException: Web element with id: 'Object Repository/Canine/NavBar/Canine_Cases_Btn' located by '//a[contains(@href,'cases')]' not found
	at com.kms.katalon.core.webui.common.WebUiCommonHelper.findWebElement(WebUiCommonHelper.java:1368)
	at com.kms.katalon.core.webui.keyword.internal.WebUIAbstractKeyword.findWebElement(WebUIAbstractKeyword.groovy:27)
	at com.kms.katalon.core.webui.keyword.internal.WebUIAbstractKeyword.findWebElement(WebUIAbstractKeyword.groovy:26)
	at com.kms.katalon.core.webui.keyword.builtin.ClickKeyword$_click_closure1.doCall(ClickKeyword.groovy:67)
	at com.kms.katalon.core.webui.keyword.builtin.ClickKeyword$_click_closure1.call(ClickKeyword.groovy)
	at com.kms.katalon.core.webui.keyword.internal.WebUIKeywordMain.runKeyword(WebUIKeywordMain.groovy:20)
	at com.kms.katalon.core.webui.keyword.builtin.ClickKeyword.click(ClickKeyword.groovy:76)
	at com.kms.katalon.core.webui.keyword.builtin.ClickKeyword.execute(ClickKeyword.groovy:43)
	at com.kms.katalon.core.keyword.internal.KeywordExecutor.executeKeywordForPlatform(KeywordExecutor.groovy:73)
	at com.kms.katalon.core.webui.keyword.WebUiBuiltInKeywords.click(WebUiBuiltInKeywords.groovy:617)
	at com.kms.katalon.core.webui.keyword.WebUiBuiltInKeywords$click$3.call(Unknown Source)
	at Script1599844883845.run(Script1599844883845.groovy:51)
	... 13 more
)
[[ATTACHMENT|C:\\Users\\radhakrishnang2\\Desktop\\Commons_Automation\\Reports\\20210426_212110\\Canine_TestSuite\\20210426_212110\\1619497713512.png]]]]></system-out>
         <system-err><![CDATA[2021-04-26 21:27:46 - [TEST_CASE][FAILED] - Test Cases/Canine_TestCases/Breed/TC10_Canine_Filter_Breed-BostonTerr: Test Cases/Canine_TestCases/Breed/TC10_Canine_Filter_Breed-BostonTerr FAILED.
Reason:
com.kms.katalon.core.exception.StepFailedException: Unable to click on object 'Object Repository/Canine/NavBar/Canine_Cases_Btn'
	at com.kms.katalon.core.webui.keyword.internal.WebUIKeywordMain.stepFailed(WebUIKeywordMain.groovy:64)
	at com.kms.katalon.core.webui.keyword.internal.WebUIKeywordMain.runKeyword(WebUIKeywordMain.groovy:26)
	at com.kms.katalon.core.webui.keyword.builtin.ClickKeyword.click(ClickKeyword.groovy:76)
	at com.kms.katalon.core.webui.keyword.builtin.ClickKeyword.execute(ClickKeyword.groovy:43)
	at com.kms.katalon.core.keyword.internal.KeywordExecutor.executeKeywordForPlatform(KeywordExecutor.groovy:73)
	at com.kms.katalon.core.webui.keyword.WebUiBuiltInKeywords.click(WebUiBuiltInKeywords.groovy:617)
	at com.kms.katalon.core.webui.keyword.WebUiBuiltInKeywords$click$3.call(Unknown Source)
	at TC10_Canine_Filter_Breed-BostonTerr.run(TC10_Canine_Filter_Breed-BostonTerr:51)
	at com.kms.katalon.core.main.ScriptEngine.run(ScriptEngine.java:194)
	at com.kms.katalon.core.main.ScriptEngine.runScriptAsRawText(ScriptEngine.java:119)
	at com.kms.katalon.core.main.TestCaseExecutor.runScript(TestCaseExecutor.java:339)
	at com.kms.katalon.core.main.TestCaseExecutor.doExecute(TestCaseExecutor.java:330)
	at com.kms.katalon.core.main.TestCaseExecutor.processExecutionPhase(TestCaseExecutor.java:309)
	at com.kms.katalon.core.main.TestCaseExecutor.accessMainPhase(TestCaseExecutor.java:301)
	at com.kms.katalon.core.main.TestCaseExecutor.execute(TestCaseExecutor.java:235)
	at com.kms.katalon.core.main.TestSuiteExecutor.accessTestCaseMainPhase(TestSuiteExecutor.java:191)
	at com.kms.katalon.core.main.TestSuiteExecutor.accessTestSuiteMainPhase(TestSuiteExecutor.java:141)
	at com.kms.katalon.core.main.TestSuiteExecutor.execute(TestSuiteExecutor.java:90)
	at com.kms.katalon.core.main.TestCaseMain.startTestSuite(TestCaseMain.java:157)
	at com.kms.katalon.core.main.TestCaseMain$startTestSuite$0.call(Unknown Source)
	at TempTestSuite1619497270111.run(TempTestSuite1619497270111.groovy:39)
Caused by: com.kms.katalon.core.webui.exception.WebElementNotFoundException: Web element with id: 'Object Repository/Canine/NavBar/Canine_Cases_Btn' located by '//a[contains(@href,'cases')]' not found
	at com.kms.katalon.core.webui.common.WebUiCommonHelper.findWebElement(WebUiCommonHelper.java:1368)
	at com.kms.katalon.core.webui.keyword.internal.WebUIAbstractKeyword.findWebElement(WebUIAbstractKeyword.groovy:27)
	at com.kms.katalon.core.webui.keyword.internal.WebUIAbstractKeyword.findWebElement(WebUIAbstractKeyword.groovy:26)
	at com.kms.katalon.core.webui.keyword.builtin.ClickKeyword$_click_closure1.doCall(ClickKeyword.groovy:67)
	at com.kms.katalon.core.webui.keyword.builtin.ClickKeyword$_click_closure1.call(ClickKeyword.groovy)
	at com.kms.katalon.core.webui.keyword.internal.WebUIKeywordMain.runKeyword(WebUIKeywordMain.groovy:20)
	... 19 more]]></system-err>
      </testcase>
      <testcase name="Test Cases/Canine_TestCases/Breed/TC11_Canine_Filter_Breed-Bouvier" time="62.651" classname="Test Cases/Canine_TestCases/Breed/TC11_Canine_Filter_Breed-Bouvier" status="FAILED">
         <failure type="FAILED" message="Test Cases/Canine_TestCases/Breed/TC11_Canine_Filter_Breed-Bouvier FAILED.
Reason:
com.kms.katalon.core.exception.StepFailedException: Unable to click on object 'Object Repository/Canine/NavBar/Canine_Cases_Btn'
	at com.kms.katalon.core.webui.keyword.internal.WebUIKeywordMain.stepFailed(WebUIKeywordMain.groovy:64)
	at com.kms.katalon.core.webui.keyword.internal.WebUIKeywordMain.runKeyword(WebUIKeywordMain.groovy:26)
	at com.kms.katalon.core.webui.keyword.builtin.ClickKeyword.click(ClickKeyword.groovy:76)
	at com.kms.katalon.core.webui.keyword.builtin.ClickKeyword.execute(ClickKeyword.groovy:43)
	at com.kms.katalon.core.keyword.internal.KeywordExecutor.executeKeywordForPlatform(KeywordExecutor.groovy:73)
	at com.kms.katalon.core.webui.keyword.WebUiBuiltInKeywords.click(WebUiBuiltInKeywords.groovy:617)
	at com.kms.katalon.core.webui.keyword.WebUiBuiltInKeywords$click$3.call(Unknown Source)
	at TC11_Canine_Filter_Breed-Bouvier.run(TC11_Canine_Filter_Breed-Bouvier:53)
	at com.kms.katalon.core.main.ScriptEngine.run(ScriptEngine.java:194)
	at com.kms.katalon.core.main.ScriptEngine.runScriptAsRawText(ScriptEngine.java:119)
	at com.kms.katalon.core.main.TestCaseExecutor.runScript(TestCaseExecutor.java:339)
	at com.kms.katalon.core.main.TestCaseExecutor.doExecute(TestCaseExecutor.java:330)
	at com.kms.katalon.core.main.TestCaseExecutor.processExecutionPhase(TestCaseExecutor.java:309)
	at com.kms.katalon.core.main.TestCaseExecutor.accessMainPhase(TestCaseExecutor.java:301)
	at com.kms.katalon.core.main.TestCaseExecutor.execute(TestCaseExecutor.java:235)
	at com.kms.katalon.core.main.TestSuiteExecutor.accessTestCaseMainPhase(TestSuiteExecutor.java:191)
	at com.kms.katalon.core.main.TestSuiteExecutor.accessTestSuiteMainPhase(TestSuiteExecutor.java:141)
	at com.kms.katalon.core.main.TestSuiteExecutor.execute(TestSuiteExecutor.java:90)
	at com.kms.katalon.core.main.TestCaseMain.startTestSuite(TestCaseMain.java:157)
	at com.kms.katalon.core.main.TestCaseMain$startTestSuite$0.call(Unknown Source)
	at TempTestSuite1619497270111.run(TempTestSuite1619497270111.groovy:39)
Caused by: com.kms.katalon.core.webui.exception.WebElementNotFoundException: Web element with id: 'Object Repository/Canine/NavBar/Canine_Cases_Btn' located by '//a[contains(@href,'cases')]' not found
	at com.kms.katalon.core.webui.common.WebUiCommonHelper.findWebElement(WebUiCommonHelper.java:1368)
	at com.kms.katalon.core.webui.keyword.internal.WebUIAbstractKeyword.findWebElement(WebUIAbstractKeyword.groovy:27)
	at com.kms.katalon.core.webui.keyword.internal.WebUIAbstractKeyword.findWebElement(WebUIAbstractKeyword.groovy:26)
	at com.kms.katalon.core.webui.keyword.builtin.ClickKeyword$_click_closure1.doCall(ClickKeyword.groovy:67)
	at com.kms.katalon.core.webui.keyword.builtin.ClickKeyword$_click_closure1.call(ClickKeyword.groovy)
	at com.kms.katalon.core.webui.keyword.internal.WebUIKeywordMain.runKeyword(WebUIKeywordMain.groovy:20)
	... 19 more
"/>
         <system-out><![CDATA[2021-04-26 21:28:33 - [TEST_CASE][FAILED] - Test Cases/Canine_TestCases/Breed/TC11_Canine_Filter_Breed-Bouvier: Test Cases/Canine_TestCases/Breed/TC11_Canine_Filter_Breed-Bouvier FAILED.
Reason:
com.kms.katalon.core.exception.StepFailedException: Unable to click on object 'Object Repository/Canine/NavBar/Canine_Cases_Btn'
	at com.kms.katalon.core.webui.keyword.internal.WebUIKeywordMain.stepFailed(WebUIKeywordMain.groovy:64)
	at com.kms.katalon.core.webui.keyword.internal.WebUIKeywordMain.runKeyword(WebUIKeywordMain.groovy:26)
	at com.kms.katalon.core.webui.keyword.builtin.ClickKeyword.click(ClickKeyword.groovy:76)
	at com.kms.katalon.core.webui.keyword.builtin.ClickKeyword.execute(ClickKeyword.groovy:43)
	at com.kms.katalon.core.keyword.internal.KeywordExecutor.executeKeywordForPlatform(KeywordExecutor.groovy:73)
	at com.kms.katalon.core.webui.keyword.WebUiBuiltInKeywords.click(WebUiBuiltInKeywords.groovy:617)
	at com.kms.katalon.core.webui.keyword.WebUiBuiltInKeywords$click$3.call(Unknown Source)
	at TC11_Canine_Filter_Breed-Bouvier.run(TC11_Canine_Filter_Breed-Bouvier:53)
	at com.kms.katalon.core.main.ScriptEngine.run(ScriptEngine.java:194)
	at com.kms.katalon.core.main.ScriptEngine.runScriptAsRawText(ScriptEngine.java:119)
	at com.kms.katalon.core.main.TestCaseExecutor.runScript(TestCaseExecutor.java:339)
	at com.kms.katalon.core.main.TestCaseExecutor.doExecute(TestCaseExecutor.java:330)
	at com.kms.katalon.core.main.TestCaseExecutor.processExecutionPhase(TestCaseExecutor.java:309)
	at com.kms.katalon.core.main.TestCaseExecutor.accessMainPhase(TestCaseExecutor.java:301)
	at com.kms.katalon.core.main.TestCaseExecutor.execute(TestCaseExecutor.java:235)
	at com.kms.katalon.core.main.TestSuiteExecutor.accessTestCaseMainPhase(TestSuiteExecutor.java:191)
	at com.kms.katalon.core.main.TestSuiteExecutor.accessTestSuiteMainPhase(TestSuiteExecutor.java:141)
	at com.kms.katalon.core.main.TestSuiteExecutor.execute(TestSuiteExecutor.java:90)
	at com.kms.katalon.core.main.TestCaseMain.startTestSuite(TestCaseMain.java:157)
	at com.kms.katalon.core.main.TestCaseMain$startTestSuite$0.call(Unknown Source)
	at TempTestSuite1619497270111.run(TempTestSuite1619497270111.groovy:39)
Caused by: com.kms.katalon.core.webui.exception.WebElementNotFoundException: Web element with id: 'Object Repository/Canine/NavBar/Canine_Cases_Btn' located by '//a[contains(@href,'cases')]' not found
	at com.kms.katalon.core.webui.common.WebUiCommonHelper.findWebElement(WebUiCommonHelper.java:1368)
	at com.kms.katalon.core.webui.keyword.internal.WebUIAbstractKeyword.findWebElement(WebUIAbstractKeyword.groovy:27)
	at com.kms.katalon.core.webui.keyword.internal.WebUIAbstractKeyword.findWebElement(WebUIAbstractKeyword.groovy:26)
	at com.kms.katalon.core.webui.keyword.builtin.ClickKeyword$_click_closure1.doCall(ClickKeyword.groovy:67)
	at com.kms.katalon.core.webui.keyword.builtin.ClickKeyword$_click_closure1.call(ClickKeyword.groovy)
	at com.kms.katalon.core.webui.keyword.internal.WebUIKeywordMain.runKeyword(WebUIKeywordMain.groovy:20)
	... 19 more


2021-04-26 21:28:35 - [TEST_STEP][PASSED] - closeBrowser(): Browser is closed

2021-04-26 21:28:35 - [MESSAGE][PASSED] - Browser is closed

2021-04-26 21:28:35 - [TEST_STEP][PASSED] - openBrowser(""): Browser is opened with url: ''

2021-04-26 21:28:35 - [MESSAGE][INFO] - Starting 'Chrome (headless)' driver

2021-04-26 21:28:35 - [MESSAGE][INFO] - User set preference: ['args', '[--no-sandbox]']

2021-04-26 21:28:35 - [MESSAGE][INFO] - Action delay is set to 5,000 milliseconds

2021-04-26 21:28:37 - [MESSAGE][PASSED] - Browser is opened with url: ''

2021-04-26 21:28:37 - [TEST_STEP][PASSED] - ctdc.utilities.runtestcaseforKatalon.RunKatalon("TC11_Canine_Filter_Breed-Bouvier.xlsx"): Data loaded from input file for the test case. 

2021-04-26 21:28:37 - [MESSAGE][PASSED] - Test case file loaded This is the full filepath after converting to string :C:\Users\radhakrishnang2\Desktop\Commons_Automation\InputFiles\TC11_Canine_Filter_Breed-Bouvier.xlsx

2021-04-26 21:28:37 - [MESSAGE][INFO] - Global variable set for password file is :  C:\Users\radhakrishnang2\Desktop\Commons_Automation\InputFiles\TC11_Canine_Filter_Breed-Bouvier.xlsx

2021-04-26 21:28:37 - [MESSAGE][PASSED] - Data loaded from input file for the test case. 

2021-04-26 21:28:58 - [TEST_STEP][PASSED] - waitForElementPresent(findTestObject("Canine/NavBar/Canine_Cases_Btn"), 5): Object 'Object Repository/Canine/NavBar/Canine_Cases_Btn' is not present after 5 second(s)

2021-04-26 21:29:04 - [MESSAGE][INFO] - Unable to find the element located by 'By.xpath: //a[contains(@href,'cases')]'. Please recheck the objects properties to make sure the desired element is located. 

2021-04-26 21:29:04 - [MESSAGE][WARNING] - Object 'Object Repository/Canine/NavBar/Canine_Cases_Btn' is not present after 5 second(s)

2021-04-26 21:29:04 - [TEST_STEP][FAILED] - click(findTestObject("Canine/NavBar/Canine_Cases_Btn")): Unable to click on object 'Object Repository/Canine/NavBar/Canine_Cases_Btn' (Root cause: com.kms.katalon.core.exception.StepFailedException: Unable to click on object 'Object Repository/Canine/NavBar/Canine_Cases_Btn'
	at com.kms.katalon.core.webui.keyword.internal.WebUIKeywordMain.stepFailed(WebUIKeywordMain.groovy:64)
	at com.kms.katalon.core.webui.keyword.internal.WebUIKeywordMain.runKeyword(WebUIKeywordMain.groovy:26)
	at com.kms.katalon.core.webui.keyword.builtin.ClickKeyword.click(ClickKeyword.groovy:76)
	at com.kms.katalon.core.webui.keyword.builtin.ClickKeyword.execute(ClickKeyword.groovy:43)
	at com.kms.katalon.core.keyword.internal.KeywordExecutor.executeKeywordForPlatform(KeywordExecutor.groovy:73)
	at com.kms.katalon.core.webui.keyword.WebUiBuiltInKeywords.click(WebUiBuiltInKeywords.groovy:617)
	at com.kms.katalon.core.webui.keyword.WebUiBuiltInKeywords$click$3.call(Unknown Source)
	at TC11_Canine_Filter_Breed-Bouvier.run(TC11_Canine_Filter_Breed-Bouvier:53)
	at com.kms.katalon.core.main.ScriptEngine.run(ScriptEngine.java:194)
	at com.kms.katalon.core.main.ScriptEngine.runScriptAsRawText(ScriptEngine.java:119)
	at com.kms.katalon.core.main.TestCaseExecutor.runScript(TestCaseExecutor.java:339)
	at com.kms.katalon.core.main.TestCaseExecutor.doExecute(TestCaseExecutor.java:330)
	at com.kms.katalon.core.main.TestCaseExecutor.processExecutionPhase(TestCaseExecutor.java:309)
	at com.kms.katalon.core.main.TestCaseExecutor.accessMainPhase(TestCaseExecutor.java:301)
	at com.kms.katalon.core.main.TestCaseExecutor.execute(TestCaseExecutor.java:235)
	at com.kms.katalon.core.main.TestSuiteExecutor.accessTestCaseMainPhase(TestSuiteExecutor.java:191)
	at com.kms.katalon.core.main.TestSuiteExecutor.accessTestSuiteMainPhase(TestSuiteExecutor.java:141)
	at com.kms.katalon.core.main.TestSuiteExecutor.execute(TestSuiteExecutor.java:90)
	at com.kms.katalon.core.main.TestCaseMain.startTestSuite(TestCaseMain.java:157)
	at com.kms.katalon.core.main.TestCaseMain$startTestSuite$0.call(Unknown Source)
	at TempTestSuite1619497270111.run(TempTestSuite1619497270111.groovy:39)
Caused by: com.kms.katalon.core.webui.exception.WebElementNotFoundException: Web element with id: 'Object Repository/Canine/NavBar/Canine_Cases_Btn' located by '//a[contains(@href,'cases')]' not found
	at com.kms.katalon.core.webui.common.WebUiCommonHelper.findWebElement(WebUiCommonHelper.java:1368)
	at com.kms.katalon.core.webui.keyword.internal.WebUIAbstractKeyword.findWebElement(WebUIAbstractKeyword.groovy:27)
	at com.kms.katalon.core.webui.keyword.internal.WebUIAbstractKeyword.findWebElement(WebUIAbstractKeyword.groovy:26)
	at com.kms.katalon.core.webui.keyword.builtin.ClickKeyword$_click_closure1.doCall(ClickKeyword.groovy:67)
	at com.kms.katalon.core.webui.keyword.builtin.ClickKeyword$_click_closure1.call(ClickKeyword.groovy)
	at com.kms.katalon.core.webui.keyword.internal.WebUIKeywordMain.runKeyword(WebUIKeywordMain.groovy:20)
	at com.kms.katalon.core.webui.keyword.builtin.ClickKeyword.click(ClickKeyword.groovy:76)
	at com.kms.katalon.core.webui.keyword.builtin.ClickKeyword.execute(ClickKeyword.groovy:43)
	at com.kms.katalon.core.keyword.internal.KeywordExecutor.executeKeywordForPlatform(KeywordExecutor.groovy:73)
	at com.kms.katalon.core.webui.keyword.WebUiBuiltInKeywords.click(WebUiBuiltInKeywords.groovy:617)
	at com.kms.katalon.core.webui.keyword.WebUiBuiltInKeywords$click$3.call(Unknown Source)
	at Script1599844978032.run(Script1599844978032.groovy:53)
	... 13 more
)

2021-04-26 21:29:36 - [MESSAGE][INFO] - Unable to find the element located by 'By.xpath: //a[contains(@href,'cases')]'. Please recheck the objects properties to make sure the desired element is located. 

2021-04-26 21:29:36 - [MESSAGE][FAILED] - Unable to click on object 'Object Repository/Canine/NavBar/Canine_Cases_Btn' (Root cause: com.kms.katalon.core.exception.StepFailedException: Unable to click on object 'Object Repository/Canine/NavBar/Canine_Cases_Btn'
	at com.kms.katalon.core.webui.keyword.internal.WebUIKeywordMain.stepFailed(WebUIKeywordMain.groovy:64)
	at com.kms.katalon.core.webui.keyword.internal.WebUIKeywordMain.runKeyword(WebUIKeywordMain.groovy:26)
	at com.kms.katalon.core.webui.keyword.builtin.ClickKeyword.click(ClickKeyword.groovy:76)
	at com.kms.katalon.core.webui.keyword.builtin.ClickKeyword.execute(ClickKeyword.groovy:43)
	at com.kms.katalon.core.keyword.internal.KeywordExecutor.executeKeywordForPlatform(KeywordExecutor.groovy:73)
	at com.kms.katalon.core.webui.keyword.WebUiBuiltInKeywords.click(WebUiBuiltInKeywords.groovy:617)
	at com.kms.katalon.core.webui.keyword.WebUiBuiltInKeywords$click$3.call(Unknown Source)
	at TC11_Canine_Filter_Breed-Bouvier.run(TC11_Canine_Filter_Breed-Bouvier:53)
	at com.kms.katalon.core.main.ScriptEngine.run(ScriptEngine.java:194)
	at com.kms.katalon.core.main.ScriptEngine.runScriptAsRawText(ScriptEngine.java:119)
	at com.kms.katalon.core.main.TestCaseExecutor.runScript(TestCaseExecutor.java:339)
	at com.kms.katalon.core.main.TestCaseExecutor.doExecute(TestCaseExecutor.java:330)
	at com.kms.katalon.core.main.TestCaseExecutor.processExecutionPhase(TestCaseExecutor.java:309)
	at com.kms.katalon.core.main.TestCaseExecutor.accessMainPhase(TestCaseExecutor.java:301)
	at com.kms.katalon.core.main.TestCaseExecutor.execute(TestCaseExecutor.java:235)
	at com.kms.katalon.core.main.TestSuiteExecutor.accessTestCaseMainPhase(TestSuiteExecutor.java:191)
	at com.kms.katalon.core.main.TestSuiteExecutor.accessTestSuiteMainPhase(TestSuiteExecutor.java:141)
	at com.kms.katalon.core.main.TestSuiteExecutor.execute(TestSuiteExecutor.java:90)
	at com.kms.katalon.core.main.TestCaseMain.startTestSuite(TestCaseMain.java:157)
	at com.kms.katalon.core.main.TestCaseMain$startTestSuite$0.call(Unknown Source)
	at TempTestSuite1619497270111.run(TempTestSuite1619497270111.groovy:39)
Caused by: com.kms.katalon.core.webui.exception.WebElementNotFoundException: Web element with id: 'Object Repository/Canine/NavBar/Canine_Cases_Btn' located by '//a[contains(@href,'cases')]' not found
	at com.kms.katalon.core.webui.common.WebUiCommonHelper.findWebElement(WebUiCommonHelper.java:1368)
	at com.kms.katalon.core.webui.keyword.internal.WebUIAbstractKeyword.findWebElement(WebUIAbstractKeyword.groovy:27)
	at com.kms.katalon.core.webui.keyword.internal.WebUIAbstractKeyword.findWebElement(WebUIAbstractKeyword.groovy:26)
	at com.kms.katalon.core.webui.keyword.builtin.ClickKeyword$_click_closure1.doCall(ClickKeyword.groovy:67)
	at com.kms.katalon.core.webui.keyword.builtin.ClickKeyword$_click_closure1.call(ClickKeyword.groovy)
	at com.kms.katalon.core.webui.keyword.internal.WebUIKeywordMain.runKeyword(WebUIKeywordMain.groovy:20)
	at com.kms.katalon.core.webui.keyword.builtin.ClickKeyword.click(ClickKeyword.groovy:76)
	at com.kms.katalon.core.webui.keyword.builtin.ClickKeyword.execute(ClickKeyword.groovy:43)
	at com.kms.katalon.core.keyword.internal.KeywordExecutor.executeKeywordForPlatform(KeywordExecutor.groovy:73)
	at com.kms.katalon.core.webui.keyword.WebUiBuiltInKeywords.click(WebUiBuiltInKeywords.groovy:617)
	at com.kms.katalon.core.webui.keyword.WebUiBuiltInKeywords$click$3.call(Unknown Source)
	at Script1599844978032.run(Script1599844978032.groovy:53)
	... 13 more
)
[[ATTACHMENT|C:\\Users\\radhakrishnang2\\Desktop\\Commons_Automation\\Reports\\20210426_212110\\Canine_TestSuite\\20210426_212110\\1619497776173.png]]]]></system-out>
         <system-err><![CDATA[2021-04-26 21:28:33 - [TEST_CASE][FAILED] - Test Cases/Canine_TestCases/Breed/TC11_Canine_Filter_Breed-Bouvier: Test Cases/Canine_TestCases/Breed/TC11_Canine_Filter_Breed-Bouvier FAILED.
Reason:
com.kms.katalon.core.exception.StepFailedException: Unable to click on object 'Object Repository/Canine/NavBar/Canine_Cases_Btn'
	at com.kms.katalon.core.webui.keyword.internal.WebUIKeywordMain.stepFailed(WebUIKeywordMain.groovy:64)
	at com.kms.katalon.core.webui.keyword.internal.WebUIKeywordMain.runKeyword(WebUIKeywordMain.groovy:26)
	at com.kms.katalon.core.webui.keyword.builtin.ClickKeyword.click(ClickKeyword.groovy:76)
	at com.kms.katalon.core.webui.keyword.builtin.ClickKeyword.execute(ClickKeyword.groovy:43)
	at com.kms.katalon.core.keyword.internal.KeywordExecutor.executeKeywordForPlatform(KeywordExecutor.groovy:73)
	at com.kms.katalon.core.webui.keyword.WebUiBuiltInKeywords.click(WebUiBuiltInKeywords.groovy:617)
	at com.kms.katalon.core.webui.keyword.WebUiBuiltInKeywords$click$3.call(Unknown Source)
	at TC11_Canine_Filter_Breed-Bouvier.run(TC11_Canine_Filter_Breed-Bouvier:53)
	at com.kms.katalon.core.main.ScriptEngine.run(ScriptEngine.java:194)
	at com.kms.katalon.core.main.ScriptEngine.runScriptAsRawText(ScriptEngine.java:119)
	at com.kms.katalon.core.main.TestCaseExecutor.runScript(TestCaseExecutor.java:339)
	at com.kms.katalon.core.main.TestCaseExecutor.doExecute(TestCaseExecutor.java:330)
	at com.kms.katalon.core.main.TestCaseExecutor.processExecutionPhase(TestCaseExecutor.java:309)
	at com.kms.katalon.core.main.TestCaseExecutor.accessMainPhase(TestCaseExecutor.java:301)
	at com.kms.katalon.core.main.TestCaseExecutor.execute(TestCaseExecutor.java:235)
	at com.kms.katalon.core.main.TestSuiteExecutor.accessTestCaseMainPhase(TestSuiteExecutor.java:191)
	at com.kms.katalon.core.main.TestSuiteExecutor.accessTestSuiteMainPhase(TestSuiteExecutor.java:141)
	at com.kms.katalon.core.main.TestSuiteExecutor.execute(TestSuiteExecutor.java:90)
	at com.kms.katalon.core.main.TestCaseMain.startTestSuite(TestCaseMain.java:157)
	at com.kms.katalon.core.main.TestCaseMain$startTestSuite$0.call(Unknown Source)
	at TempTestSuite1619497270111.run(TempTestSuite1619497270111.groovy:39)
Caused by: com.kms.katalon.core.webui.exception.WebElementNotFoundException: Web element with id: 'Object Repository/Canine/NavBar/Canine_Cases_Btn' located by '//a[contains(@href,'cases')]' not found
	at com.kms.katalon.core.webui.common.WebUiCommonHelper.findWebElement(WebUiCommonHelper.java:1368)
	at com.kms.katalon.core.webui.keyword.internal.WebUIAbstractKeyword.findWebElement(WebUIAbstractKeyword.groovy:27)
	at com.kms.katalon.core.webui.keyword.internal.WebUIAbstractKeyword.findWebElement(WebUIAbstractKeyword.groovy:26)
	at com.kms.katalon.core.webui.keyword.builtin.ClickKeyword$_click_closure1.doCall(ClickKeyword.groovy:67)
	at com.kms.katalon.core.webui.keyword.builtin.ClickKeyword$_click_closure1.call(ClickKeyword.groovy)
	at com.kms.katalon.core.webui.keyword.internal.WebUIKeywordMain.runKeyword(WebUIKeywordMain.groovy:20)
	... 19 more]]></system-err>
      </testcase>
      <testcase name="Test Cases/Canine_TestCases/Breed/TC12_Canine_Filter_Breed-Boxer" time="5.971" classname="Test Cases/Canine_TestCases/Breed/TC12_Canine_Filter_Breed-Boxer" status="ERROR">
         <error type="ERROR" message="Test Cases/Canine_TestCases/Breed/TC12_Canine_Filter_Breed-Boxer FAILED.
Reason:
org.codehaus.groovy.runtime.metaclass.MissingMethodExceptionNoStack: No signature of method: ctdc.utilities.runtestcaseforKatalon.testSetup() is applicable for argument types: (java.lang.String) values: []
"/>
         <system-out><![CDATA[2021-04-26 21:29:36 - [TEST_CASE][ERROR] - Test Cases/Canine_TestCases/Breed/TC12_Canine_Filter_Breed-Boxer: Test Cases/Canine_TestCases/Breed/TC12_Canine_Filter_Breed-Boxer FAILED.
Reason:
org.codehaus.groovy.runtime.metaclass.MissingMethodExceptionNoStack: No signature of method: ctdc.utilities.runtestcaseforKatalon.testSetup() is applicable for argument types: (java.lang.String) values: []


2021-04-26 21:29:38 - [TEST_STEP][PASSED] - closeBrowser(): Browser is closed

2021-04-26 21:29:39 - [MESSAGE][PASSED] - Browser is closed

2021-04-26 21:29:39 - [TEST_STEP][PASSED] - openBrowser(""): Browser is opened with url: ''

2021-04-26 21:29:39 - [MESSAGE][INFO] - Starting 'Chrome (headless)' driver

2021-04-26 21:29:39 - [MESSAGE][INFO] - User set preference: ['args', '[--no-sandbox]']

2021-04-26 21:29:39 - [MESSAGE][INFO] - Action delay is set to 5,000 milliseconds

2021-04-26 21:29:42 - [MESSAGE][PASSED] - Browser is opened with url: ''

2021-04-26 21:29:42 - [TEST_STEP][ERROR] - ctdc.utilities.runtestcaseforKatalon.testSetup(""): No signature of method: ctdc.utilities.runtestcaseforKatalon.testSetup() is applicable for argument types: (java.lang.String) values: []

2021-04-26 21:29:42 - [MESSAGE][ERROR] - No signature of method: ctdc.utilities.runtestcaseforKatalon.testSetup() is applicable for argument types: (java.lang.String) values: []]]></system-out>
         <system-err><![CDATA[2021-04-26 21:29:36 - [TEST_CASE][ERROR] - Test Cases/Canine_TestCases/Breed/TC12_Canine_Filter_Breed-Boxer: Test Cases/Canine_TestCases/Breed/TC12_Canine_Filter_Breed-Boxer FAILED.
Reason:
org.codehaus.groovy.runtime.metaclass.MissingMethodExceptionNoStack: No signature of method: ctdc.utilities.runtestcaseforKatalon.testSetup() is applicable for argument types: (java.lang.String) values: []]]></system-err>
      </testcase>
      <testcase name="Test Cases/Canine_TestCases/Breed/TC13_Canine_Filter_Breed-BullDog" time="4.184" classname="Test Cases/Canine_TestCases/Breed/TC13_Canine_Filter_Breed-BullDog" status="ERROR">
         <error type="ERROR" message="Test Cases/Canine_TestCases/Breed/TC13_Canine_Filter_Breed-BullDog FAILED.
Reason:
org.codehaus.groovy.runtime.metaclass.MissingMethodExceptionNoStack: No signature of method: ctdc.utilities.runtestcaseforKatalon.testSetup() is applicable for argument types: (java.lang.String) values: []
"/>
         <system-out><![CDATA[2021-04-26 21:29:42 - [TEST_CASE][ERROR] - Test Cases/Canine_TestCases/Breed/TC13_Canine_Filter_Breed-BullDog: Test Cases/Canine_TestCases/Breed/TC13_Canine_Filter_Breed-BullDog FAILED.
Reason:
org.codehaus.groovy.runtime.metaclass.MissingMethodExceptionNoStack: No signature of method: ctdc.utilities.runtestcaseforKatalon.testSetup() is applicable for argument types: (java.lang.String) values: []


2021-04-26 21:29:43 - [TEST_STEP][PASSED] - closeBrowser(): Browser is closed

2021-04-26 21:29:44 - [MESSAGE][PASSED] - Browser is closed

2021-04-26 21:29:44 - [TEST_STEP][PASSED] - openBrowser(""): Browser is opened with url: ''

2021-04-26 21:29:44 - [MESSAGE][INFO] - Starting 'Chrome (headless)' driver

2021-04-26 21:29:44 - [MESSAGE][INFO] - User set preference: ['args', '[--no-sandbox]']

2021-04-26 21:29:44 - [MESSAGE][INFO] - Action delay is set to 5,000 milliseconds

2021-04-26 21:29:46 - [MESSAGE][PASSED] - Browser is opened with url: ''

2021-04-26 21:29:46 - [TEST_STEP][ERROR] - ctdc.utilities.runtestcaseforKatalon.testSetup(""): No signature of method: ctdc.utilities.runtestcaseforKatalon.testSetup() is applicable for argument types: (java.lang.String) values: []

2021-04-26 21:29:46 - [MESSAGE][ERROR] - No signature of method: ctdc.utilities.runtestcaseforKatalon.testSetup() is applicable for argument types: (java.lang.String) values: []]]></system-out>
         <system-err><![CDATA[2021-04-26 21:29:42 - [TEST_CASE][ERROR] - Test Cases/Canine_TestCases/Breed/TC13_Canine_Filter_Breed-BullDog: Test Cases/Canine_TestCases/Breed/TC13_Canine_Filter_Breed-BullDog FAILED.
Reason:
org.codehaus.groovy.runtime.metaclass.MissingMethodExceptionNoStack: No signature of method: ctdc.utilities.runtestcaseforKatalon.testSetup() is applicable for argument types: (java.lang.String) values: []]]></system-err>
      </testcase>
      <testcase name="Test Cases/Canine_TestCases/Breed/TC14_Canine_Filter_Breed-BullMastif" time="4.76" classname="Test Cases/Canine_TestCases/Breed/TC14_Canine_Filter_Breed-BullMastif" status="ERROR">
         <error type="ERROR" message="Test Cases/Canine_TestCases/Breed/TC14_Canine_Filter_Breed-BullMastif FAILED.
Reason:
org.codehaus.groovy.runtime.metaclass.MissingMethodExceptionNoStack: No signature of method: ctdc.utilities.runtestcaseforKatalon.testSetup() is applicable for argument types: (java.lang.String) values: []
"/>
         <system-out><![CDATA[2021-04-26 21:29:46 - [TEST_CASE][ERROR] - Test Cases/Canine_TestCases/Breed/TC14_Canine_Filter_Breed-BullMastif: Test Cases/Canine_TestCases/Breed/TC14_Canine_Filter_Breed-BullMastif FAILED.
Reason:
org.codehaus.groovy.runtime.metaclass.MissingMethodExceptionNoStack: No signature of method: ctdc.utilities.runtestcaseforKatalon.testSetup() is applicable for argument types: (java.lang.String) values: []


2021-04-26 21:29:48 - [TEST_STEP][PASSED] - closeBrowser(): Browser is closed

2021-04-26 21:29:48 - [MESSAGE][PASSED] - Browser is closed

2021-04-26 21:29:48 - [TEST_STEP][PASSED] - openBrowser(""): Browser is opened with url: ''

2021-04-26 21:29:48 - [MESSAGE][INFO] - Starting 'Chrome (headless)' driver

2021-04-26 21:29:48 - [MESSAGE][INFO] - User set preference: ['args', '[--no-sandbox]']

2021-04-26 21:29:48 - [MESSAGE][INFO] - Action delay is set to 5,000 milliseconds

2021-04-26 21:29:51 - [MESSAGE][PASSED] - Browser is opened with url: ''

2021-04-26 21:29:51 - [TEST_STEP][ERROR] - ctdc.utilities.runtestcaseforKatalon.testSetup(""): No signature of method: ctdc.utilities.runtestcaseforKatalon.testSetup() is applicable for argument types: (java.lang.String) values: []

2021-04-26 21:29:51 - [MESSAGE][ERROR] - No signature of method: ctdc.utilities.runtestcaseforKatalon.testSetup() is applicable for argument types: (java.lang.String) values: []]]></system-out>
         <system-err><![CDATA[2021-04-26 21:29:46 - [TEST_CASE][ERROR] - Test Cases/Canine_TestCases/Breed/TC14_Canine_Filter_Breed-BullMastif: Test Cases/Canine_TestCases/Breed/TC14_Canine_Filter_Breed-BullMastif FAILED.
Reason:
org.codehaus.groovy.runtime.metaclass.MissingMethodExceptionNoStack: No signature of method: ctdc.utilities.runtestcaseforKatalon.testSetup() is applicable for argument types: (java.lang.String) values: []]]></system-err>
      </testcase>
      <testcase name="Test Cases/Canine_TestCases/Breed/TC15_Canine_Filter_Breed-CavalierKing" time="4.032" classname="Test Cases/Canine_TestCases/Breed/TC15_Canine_Filter_Breed-CavalierKing" status="ERROR">
         <error type="ERROR" message="Test Cases/Canine_TestCases/Breed/TC15_Canine_Filter_Breed-CavalierKing FAILED.
Reason:
org.codehaus.groovy.runtime.metaclass.MissingMethodExceptionNoStack: No signature of method: ctdc.utilities.runtestcaseforKatalon.testSetup() is applicable for argument types: (java.lang.String) values: []
"/>
         <system-out><![CDATA[2021-04-26 21:29:51 - [TEST_CASE][ERROR] - Test Cases/Canine_TestCases/Breed/TC15_Canine_Filter_Breed-CavalierKing: Test Cases/Canine_TestCases/Breed/TC15_Canine_Filter_Breed-CavalierKing FAILED.
Reason:
org.codehaus.groovy.runtime.metaclass.MissingMethodExceptionNoStack: No signature of method: ctdc.utilities.runtestcaseforKatalon.testSetup() is applicable for argument types: (java.lang.String) values: []


2021-04-26 21:29:52 - [TEST_STEP][PASSED] - closeBrowser(): Browser is closed

2021-04-26 21:29:53 - [MESSAGE][PASSED] - Browser is closed

2021-04-26 21:29:53 - [TEST_STEP][PASSED] - openBrowser(""): Browser is opened with url: ''

2021-04-26 21:29:53 - [MESSAGE][INFO] - Starting 'Chrome (headless)' driver

2021-04-26 21:29:53 - [MESSAGE][INFO] - User set preference: ['args', '[--no-sandbox]']

2021-04-26 21:29:53 - [MESSAGE][INFO] - Action delay is set to 5,000 milliseconds

2021-04-26 21:29:55 - [MESSAGE][PASSED] - Browser is opened with url: ''

2021-04-26 21:29:55 - [TEST_STEP][ERROR] - ctdc.utilities.runtestcaseforKatalon.testSetup(""): No signature of method: ctdc.utilities.runtestcaseforKatalon.testSetup() is applicable for argument types: (java.lang.String) values: []

2021-04-26 21:29:55 - [MESSAGE][ERROR] - No signature of method: ctdc.utilities.runtestcaseforKatalon.testSetup() is applicable for argument types: (java.lang.String) values: []]]></system-out>
         <system-err><![CDATA[2021-04-26 21:29:51 - [TEST_CASE][ERROR] - Test Cases/Canine_TestCases/Breed/TC15_Canine_Filter_Breed-CavalierKing: Test Cases/Canine_TestCases/Breed/TC15_Canine_Filter_Breed-CavalierKing FAILED.
Reason:
org.codehaus.groovy.runtime.metaclass.MissingMethodExceptionNoStack: No signature of method: ctdc.utilities.runtestcaseforKatalon.testSetup() is applicable for argument types: (java.lang.String) values: []]]></system-err>
      </testcase>
      <testcase name="Test Cases/Canine_TestCases/Breed/TC16_Canine_Filter_Breed-Chesapeake" time="4.74" classname="Test Cases/Canine_TestCases/Breed/TC16_Canine_Filter_Breed-Chesapeake" status="ERROR">
         <error type="ERROR" message="Test Cases/Canine_TestCases/Breed/TC16_Canine_Filter_Breed-Chesapeake FAILED.
Reason:
org.codehaus.groovy.runtime.metaclass.MissingMethodExceptionNoStack: No signature of method: ctdc.utilities.runtestcaseforKatalon.testSetup() is applicable for argument types: (java.lang.String) values: []
"/>
         <system-out><![CDATA[2021-04-26 21:29:55 - [TEST_CASE][ERROR] - Test Cases/Canine_TestCases/Breed/TC16_Canine_Filter_Breed-Chesapeake: Test Cases/Canine_TestCases/Breed/TC16_Canine_Filter_Breed-Chesapeake FAILED.
Reason:
org.codehaus.groovy.runtime.metaclass.MissingMethodExceptionNoStack: No signature of method: ctdc.utilities.runtestcaseforKatalon.testSetup() is applicable for argument types: (java.lang.String) values: []


2021-04-26 21:29:57 - [TEST_STEP][PASSED] - closeBrowser(): Browser is closed

2021-04-26 21:29:58 - [MESSAGE][PASSED] - Browser is closed

2021-04-26 21:29:58 - [TEST_STEP][PASSED] - openBrowser(""): Browser is opened with url: ''

2021-04-26 21:29:58 - [MESSAGE][INFO] - Starting 'Chrome (headless)' driver

2021-04-26 21:29:58 - [MESSAGE][INFO] - User set preference: ['args', '[--no-sandbox]']

2021-04-26 21:29:58 - [MESSAGE][INFO] - Action delay is set to 5,000 milliseconds

2021-04-26 21:30:00 - [MESSAGE][PASSED] - Browser is opened with url: ''

2021-04-26 21:30:00 - [TEST_STEP][ERROR] - ctdc.utilities.runtestcaseforKatalon.testSetup(""): No signature of method: ctdc.utilities.runtestcaseforKatalon.testSetup() is applicable for argument types: (java.lang.String) values: []

2021-04-26 21:30:00 - [MESSAGE][ERROR] - No signature of method: ctdc.utilities.runtestcaseforKatalon.testSetup() is applicable for argument types: (java.lang.String) values: []]]></system-out>
         <system-err><![CDATA[2021-04-26 21:29:55 - [TEST_CASE][ERROR] - Test Cases/Canine_TestCases/Breed/TC16_Canine_Filter_Breed-Chesapeake: Test Cases/Canine_TestCases/Breed/TC16_Canine_Filter_Breed-Chesapeake FAILED.
Reason:
org.codehaus.groovy.runtime.metaclass.MissingMethodExceptionNoStack: No signature of method: ctdc.utilities.runtestcaseforKatalon.testSetup() is applicable for argument types: (java.lang.String) values: []]]></system-err>
      </testcase>
      <testcase name="Test Cases/Canine_TestCases/Breed/TC17_Canine_Filter_Breed-Chihuahua" time="3.959" classname="Test Cases/Canine_TestCases/Breed/TC17_Canine_Filter_Breed-Chihuahua" status="ERROR">
         <error type="ERROR" message="Test Cases/Canine_TestCases/Breed/TC17_Canine_Filter_Breed-Chihuahua FAILED.
Reason:
org.codehaus.groovy.runtime.metaclass.MissingMethodExceptionNoStack: No signature of method: ctdc.utilities.runtestcaseforKatalon.testSetup() is applicable for argument types: (java.lang.String) values: []
"/>
         <system-out><![CDATA[2021-04-26 21:30:00 - [TEST_CASE][ERROR] - Test Cases/Canine_TestCases/Breed/TC17_Canine_Filter_Breed-Chihuahua: Test Cases/Canine_TestCases/Breed/TC17_Canine_Filter_Breed-Chihuahua FAILED.
Reason:
org.codehaus.groovy.runtime.metaclass.MissingMethodExceptionNoStack: No signature of method: ctdc.utilities.runtestcaseforKatalon.testSetup() is applicable for argument types: (java.lang.String) values: []


2021-04-26 21:30:01 - [TEST_STEP][PASSED] - closeBrowser(): Browser is closed

2021-04-26 21:30:02 - [MESSAGE][PASSED] - Browser is closed

2021-04-26 21:30:02 - [TEST_STEP][PASSED] - openBrowser(""): Browser is opened with url: ''

2021-04-26 21:30:02 - [MESSAGE][INFO] - Starting 'Chrome (headless)' driver

2021-04-26 21:30:02 - [MESSAGE][INFO] - User set preference: ['args', '[--no-sandbox]']

2021-04-26 21:30:02 - [MESSAGE][INFO] - Action delay is set to 5,000 milliseconds

2021-04-26 21:30:04 - [MESSAGE][PASSED] - Browser is opened with url: ''

2021-04-26 21:30:04 - [TEST_STEP][ERROR] - ctdc.utilities.runtestcaseforKatalon.testSetup(""): No signature of method: ctdc.utilities.runtestcaseforKatalon.testSetup() is applicable for argument types: (java.lang.String) values: []

2021-04-26 21:30:04 - [MESSAGE][ERROR] - No signature of method: ctdc.utilities.runtestcaseforKatalon.testSetup() is applicable for argument types: (java.lang.String) values: []]]></system-out>
         <system-err><![CDATA[2021-04-26 21:30:00 - [TEST_CASE][ERROR] - Test Cases/Canine_TestCases/Breed/TC17_Canine_Filter_Breed-Chihuahua: Test Cases/Canine_TestCases/Breed/TC17_Canine_Filter_Breed-Chihuahua FAILED.
Reason:
org.codehaus.groovy.runtime.metaclass.MissingMethodExceptionNoStack: No signature of method: ctdc.utilities.runtestcaseforKatalon.testSetup() is applicable for argument types: (java.lang.String) values: []]]></system-err>
      </testcase>
      <testcase name="Test Cases/Canine_TestCases/Breed/TC18_Canine_Filter_Breed-Chinese" time="4.303" classname="Test Cases/Canine_TestCases/Breed/TC18_Canine_Filter_Breed-Chinese" status="ERROR">
         <error type="ERROR" message="Test Cases/Canine_TestCases/Breed/TC18_Canine_Filter_Breed-Chinese FAILED.
Reason:
org.codehaus.groovy.runtime.metaclass.MissingMethodExceptionNoStack: No signature of method: ctdc.utilities.runtestcaseforKatalon.testSetup() is applicable for argument types: (java.lang.String) values: []
"/>
         <system-out><![CDATA[2021-04-26 21:30:04 - [TEST_CASE][ERROR] - Test Cases/Canine_TestCases/Breed/TC18_Canine_Filter_Breed-Chinese: Test Cases/Canine_TestCases/Breed/TC18_Canine_Filter_Breed-Chinese FAILED.
Reason:
org.codehaus.groovy.runtime.metaclass.MissingMethodExceptionNoStack: No signature of method: ctdc.utilities.runtestcaseforKatalon.testSetup() is applicable for argument types: (java.lang.String) values: []


2021-04-26 21:30:05 - [TEST_STEP][PASSED] - closeBrowser(): Browser is closed

2021-04-26 21:30:06 - [MESSAGE][PASSED] - Browser is closed

2021-04-26 21:30:06 - [TEST_STEP][PASSED] - openBrowser(""): Browser is opened with url: ''

2021-04-26 21:30:06 - [MESSAGE][INFO] - Starting 'Chrome (headless)' driver

2021-04-26 21:30:06 - [MESSAGE][INFO] - User set preference: ['args', '[--no-sandbox]']

2021-04-26 21:30:06 - [MESSAGE][INFO] - Action delay is set to 5,000 milliseconds

2021-04-26 21:30:08 - [MESSAGE][PASSED] - Browser is opened with url: ''

2021-04-26 21:30:08 - [TEST_STEP][ERROR] - ctdc.utilities.runtestcaseforKatalon.testSetup(""): No signature of method: ctdc.utilities.runtestcaseforKatalon.testSetup() is applicable for argument types: (java.lang.String) values: []

2021-04-26 21:30:08 - [MESSAGE][ERROR] - No signature of method: ctdc.utilities.runtestcaseforKatalon.testSetup() is applicable for argument types: (java.lang.String) values: []]]></system-out>
         <system-err><![CDATA[2021-04-26 21:30:04 - [TEST_CASE][ERROR] - Test Cases/Canine_TestCases/Breed/TC18_Canine_Filter_Breed-Chinese: Test Cases/Canine_TestCases/Breed/TC18_Canine_Filter_Breed-Chinese FAILED.
Reason:
org.codehaus.groovy.runtime.metaclass.MissingMethodExceptionNoStack: No signature of method: ctdc.utilities.runtestcaseforKatalon.testSetup() is applicable for argument types: (java.lang.String) values: []]]></system-err>
      </testcase>
      <testcase name="Test Cases/Canine_TestCases/Breed/TC19_Canine_Filter_Breed-CockerSpan" time="4.056" classname="Test Cases/Canine_TestCases/Breed/TC19_Canine_Filter_Breed-CockerSpan" status="ERROR">
         <error type="ERROR" message="Test Cases/Canine_TestCases/Breed/TC19_Canine_Filter_Breed-CockerSpan FAILED.
Reason:
org.codehaus.groovy.runtime.metaclass.MissingMethodExceptionNoStack: No signature of method: ctdc.utilities.runtestcaseforKatalon.testSetup() is applicable for argument types: (java.lang.String) values: []
"/>
         <system-out><![CDATA[2021-04-26 21:30:08 - [TEST_CASE][ERROR] - Test Cases/Canine_TestCases/Breed/TC19_Canine_Filter_Breed-CockerSpan: Test Cases/Canine_TestCases/Breed/TC19_Canine_Filter_Breed-CockerSpan FAILED.
Reason:
org.codehaus.groovy.runtime.metaclass.MissingMethodExceptionNoStack: No signature of method: ctdc.utilities.runtestcaseforKatalon.testSetup() is applicable for argument types: (java.lang.String) values: []


2021-04-26 21:30:09 - [TEST_STEP][PASSED] - closeBrowser(): Browser is closed

2021-04-26 21:30:10 - [MESSAGE][PASSED] - Browser is closed

2021-04-26 21:30:10 - [TEST_STEP][PASSED] - openBrowser(""): Browser is opened with url: ''

2021-04-26 21:30:10 - [MESSAGE][INFO] - Starting 'Chrome (headless)' driver

2021-04-26 21:30:10 - [MESSAGE][INFO] - User set preference: ['args', '[--no-sandbox]']

2021-04-26 21:30:10 - [MESSAGE][INFO] - Action delay is set to 5,000 milliseconds

2021-04-26 21:30:12 - [MESSAGE][PASSED] - Browser is opened with url: ''

2021-04-26 21:30:12 - [TEST_STEP][ERROR] - ctdc.utilities.runtestcaseforKatalon.testSetup(""): No signature of method: ctdc.utilities.runtestcaseforKatalon.testSetup() is applicable for argument types: (java.lang.String) values: []

2021-04-26 21:30:12 - [MESSAGE][ERROR] - No signature of method: ctdc.utilities.runtestcaseforKatalon.testSetup() is applicable for argument types: (java.lang.String) values: []]]></system-out>
         <system-err><![CDATA[2021-04-26 21:30:08 - [TEST_CASE][ERROR] - Test Cases/Canine_TestCases/Breed/TC19_Canine_Filter_Breed-CockerSpan: Test Cases/Canine_TestCases/Breed/TC19_Canine_Filter_Breed-CockerSpan FAILED.
Reason:
org.codehaus.groovy.runtime.metaclass.MissingMethodExceptionNoStack: No signature of method: ctdc.utilities.runtestcaseforKatalon.testSetup() is applicable for argument types: (java.lang.String) values: []]]></system-err>
      </testcase>
      <testcase name="Test Cases/Canine_TestCases/Breed/TC20_Canine_Filter_Breed-Dalmatian" time="4.731" classname="Test Cases/Canine_TestCases/Breed/TC20_Canine_Filter_Breed-Dalmatian" status="ERROR">
         <error type="ERROR" message="Test Cases/Canine_TestCases/Breed/TC20_Canine_Filter_Breed-Dalmatian FAILED.
Reason:
org.codehaus.groovy.runtime.metaclass.MissingMethodExceptionNoStack: No signature of method: ctdc.utilities.runtestcaseforKatalon.testSetup() is applicable for argument types: (java.lang.String) values: []
"/>
         <system-out><![CDATA[2021-04-26 21:30:12 - [TEST_CASE][ERROR] - Test Cases/Canine_TestCases/Breed/TC20_Canine_Filter_Breed-Dalmatian: Test Cases/Canine_TestCases/Breed/TC20_Canine_Filter_Breed-Dalmatian FAILED.
Reason:
org.codehaus.groovy.runtime.metaclass.MissingMethodExceptionNoStack: No signature of method: ctdc.utilities.runtestcaseforKatalon.testSetup() is applicable for argument types: (java.lang.String) values: []


2021-04-26 21:30:14 - [TEST_STEP][PASSED] - closeBrowser(): Browser is closed

2021-04-26 21:30:15 - [MESSAGE][PASSED] - Browser is closed

2021-04-26 21:30:15 - [TEST_STEP][PASSED] - openBrowser(""): Browser is opened with url: ''

2021-04-26 21:30:15 - [MESSAGE][INFO] - Starting 'Chrome (headless)' driver

2021-04-26 21:30:15 - [MESSAGE][INFO] - User set preference: ['args', '[--no-sandbox]']

2021-04-26 21:30:15 - [MESSAGE][INFO] - Action delay is set to 5,000 milliseconds

2021-04-26 21:30:17 - [MESSAGE][PASSED] - Browser is opened with url: ''

2021-04-26 21:30:17 - [TEST_STEP][ERROR] - ctdc.utilities.runtestcaseforKatalon.testSetup(""): No signature of method: ctdc.utilities.runtestcaseforKatalon.testSetup() is applicable for argument types: (java.lang.String) values: []

2021-04-26 21:30:17 - [MESSAGE][ERROR] - No signature of method: ctdc.utilities.runtestcaseforKatalon.testSetup() is applicable for argument types: (java.lang.String) values: []]]></system-out>
         <system-err><![CDATA[2021-04-26 21:30:12 - [TEST_CASE][ERROR] - Test Cases/Canine_TestCases/Breed/TC20_Canine_Filter_Breed-Dalmatian: Test Cases/Canine_TestCases/Breed/TC20_Canine_Filter_Breed-Dalmatian FAILED.
Reason:
org.codehaus.groovy.runtime.metaclass.MissingMethodExceptionNoStack: No signature of method: ctdc.utilities.runtestcaseforKatalon.testSetup() is applicable for argument types: (java.lang.String) values: []]]></system-err>
      </testcase>
      <testcase name="Test Cases/Canine_TestCases/Breed/TC21_Canine_Filter_Breed-Doberman" time="4.285" classname="Test Cases/Canine_TestCases/Breed/TC21_Canine_Filter_Breed-Doberman" status="ERROR">
         <error type="ERROR" message="Test Cases/Canine_TestCases/Breed/TC21_Canine_Filter_Breed-Doberman FAILED.
Reason:
org.codehaus.groovy.runtime.metaclass.MissingMethodExceptionNoStack: No signature of method: ctdc.utilities.runtestcaseforKatalon.testSetup() is applicable for argument types: (java.lang.String) values: []
"/>
         <system-out><![CDATA[2021-04-26 21:30:17 - [TEST_CASE][ERROR] - Test Cases/Canine_TestCases/Breed/TC21_Canine_Filter_Breed-Doberman: Test Cases/Canine_TestCases/Breed/TC21_Canine_Filter_Breed-Doberman FAILED.
Reason:
org.codehaus.groovy.runtime.metaclass.MissingMethodExceptionNoStack: No signature of method: ctdc.utilities.runtestcaseforKatalon.testSetup() is applicable for argument types: (java.lang.String) values: []


2021-04-26 21:30:18 - [TEST_STEP][PASSED] - closeBrowser(): Browser is closed

2021-04-26 21:30:19 - [MESSAGE][PASSED] - Browser is closed

2021-04-26 21:30:19 - [TEST_STEP][PASSED] - openBrowser(""): Browser is opened with url: ''

2021-04-26 21:30:19 - [MESSAGE][INFO] - Starting 'Chrome (headless)' driver

2021-04-26 21:30:19 - [MESSAGE][INFO] - User set preference: ['args', '[--no-sandbox]']

2021-04-26 21:30:19 - [MESSAGE][INFO] - Action delay is set to 5,000 milliseconds

2021-04-26 21:30:21 - [MESSAGE][PASSED] - Browser is opened with url: ''

2021-04-26 21:30:21 - [TEST_STEP][ERROR] - ctdc.utilities.runtestcaseforKatalon.testSetup(""): No signature of method: ctdc.utilities.runtestcaseforKatalon.testSetup() is applicable for argument types: (java.lang.String) values: []

2021-04-26 21:30:21 - [MESSAGE][ERROR] - No signature of method: ctdc.utilities.runtestcaseforKatalon.testSetup() is applicable for argument types: (java.lang.String) values: []]]></system-out>
         <system-err><![CDATA[2021-04-26 21:30:17 - [TEST_CASE][ERROR] - Test Cases/Canine_TestCases/Breed/TC21_Canine_Filter_Breed-Doberman: Test Cases/Canine_TestCases/Breed/TC21_Canine_Filter_Breed-Doberman FAILED.
Reason:
org.codehaus.groovy.runtime.metaclass.MissingMethodExceptionNoStack: No signature of method: ctdc.utilities.runtestcaseforKatalon.testSetup() is applicable for argument types: (java.lang.String) values: []]]></system-err>
      </testcase>
      <testcase name="Test Cases/Canine_TestCases/Breed/TC22_Canine_Filter_Breed-English" time="4.179" classname="Test Cases/Canine_TestCases/Breed/TC22_Canine_Filter_Breed-English" status="ERROR">
         <error type="ERROR" message="Test Cases/Canine_TestCases/Breed/TC22_Canine_Filter_Breed-English FAILED.
Reason:
org.codehaus.groovy.runtime.metaclass.MissingMethodExceptionNoStack: No signature of method: ctdc.utilities.runtestcaseforKatalon.testSetup() is applicable for argument types: (java.lang.String) values: []
"/>
         <system-out><![CDATA[2021-04-26 21:30:21 - [TEST_CASE][ERROR] - Test Cases/Canine_TestCases/Breed/TC22_Canine_Filter_Breed-English: Test Cases/Canine_TestCases/Breed/TC22_Canine_Filter_Breed-English FAILED.
Reason:
org.codehaus.groovy.runtime.metaclass.MissingMethodExceptionNoStack: No signature of method: ctdc.utilities.runtestcaseforKatalon.testSetup() is applicable for argument types: (java.lang.String) values: []


2021-04-26 21:30:23 - [TEST_STEP][PASSED] - closeBrowser(): Browser is closed

2021-04-26 21:30:23 - [MESSAGE][PASSED] - Browser is closed

2021-04-26 21:30:23 - [TEST_STEP][PASSED] - openBrowser(""): Browser is opened with url: ''

2021-04-26 21:30:23 - [MESSAGE][INFO] - Starting 'Chrome (headless)' driver

2021-04-26 21:30:23 - [MESSAGE][INFO] - User set preference: ['args', '[--no-sandbox]']

2021-04-26 21:30:23 - [MESSAGE][INFO] - Action delay is set to 5,000 milliseconds

2021-04-26 21:30:25 - [MESSAGE][PASSED] - Browser is opened with url: ''

2021-04-26 21:30:25 - [TEST_STEP][ERROR] - ctdc.utilities.runtestcaseforKatalon.testSetup(""): No signature of method: ctdc.utilities.runtestcaseforKatalon.testSetup() is applicable for argument types: (java.lang.String) values: []

2021-04-26 21:30:25 - [MESSAGE][ERROR] - No signature of method: ctdc.utilities.runtestcaseforKatalon.testSetup() is applicable for argument types: (java.lang.String) values: []]]></system-out>
         <system-err><![CDATA[2021-04-26 21:30:21 - [TEST_CASE][ERROR] - Test Cases/Canine_TestCases/Breed/TC22_Canine_Filter_Breed-English: Test Cases/Canine_TestCases/Breed/TC22_Canine_Filter_Breed-English FAILED.
Reason:
org.codehaus.groovy.runtime.metaclass.MissingMethodExceptionNoStack: No signature of method: ctdc.utilities.runtestcaseforKatalon.testSetup() is applicable for argument types: (java.lang.String) values: []]]></system-err>
      </testcase>
      <testcase name="Test Cases/Canine_TestCases/Breed/TC23_Canine_Filter_Breed-Flat" time="4.013" classname="Test Cases/Canine_TestCases/Breed/TC23_Canine_Filter_Breed-Flat" status="ERROR">
         <error type="ERROR" message="Test Cases/Canine_TestCases/Breed/TC23_Canine_Filter_Breed-Flat FAILED.
Reason:
org.codehaus.groovy.runtime.metaclass.MissingMethodExceptionNoStack: No signature of method: ctdc.utilities.runtestcaseforKatalon.testSetup() is applicable for argument types: (java.lang.String) values: []
"/>
         <system-out><![CDATA[2021-04-26 21:30:25 - [TEST_CASE][ERROR] - Test Cases/Canine_TestCases/Breed/TC23_Canine_Filter_Breed-Flat: Test Cases/Canine_TestCases/Breed/TC23_Canine_Filter_Breed-Flat FAILED.
Reason:
org.codehaus.groovy.runtime.metaclass.MissingMethodExceptionNoStack: No signature of method: ctdc.utilities.runtestcaseforKatalon.testSetup() is applicable for argument types: (java.lang.String) values: []


2021-04-26 21:30:27 - [TEST_STEP][PASSED] - closeBrowser(): Browser is closed

2021-04-26 21:30:27 - [MESSAGE][PASSED] - Browser is closed

2021-04-26 21:30:27 - [TEST_STEP][PASSED] - openBrowser(""): Browser is opened with url: ''

2021-04-26 21:30:27 - [MESSAGE][INFO] - Starting 'Chrome (headless)' driver

2021-04-26 21:30:27 - [MESSAGE][INFO] - User set preference: ['args', '[--no-sandbox]']

2021-04-26 21:30:27 - [MESSAGE][INFO] - Action delay is set to 5,000 milliseconds

2021-04-26 21:30:29 - [MESSAGE][PASSED] - Browser is opened with url: ''

2021-04-26 21:30:29 - [TEST_STEP][ERROR] - ctdc.utilities.runtestcaseforKatalon.testSetup(""): No signature of method: ctdc.utilities.runtestcaseforKatalon.testSetup() is applicable for argument types: (java.lang.String) values: []

2021-04-26 21:30:29 - [MESSAGE][ERROR] - No signature of method: ctdc.utilities.runtestcaseforKatalon.testSetup() is applicable for argument types: (java.lang.String) values: []]]></system-out>
         <system-err><![CDATA[2021-04-26 21:30:25 - [TEST_CASE][ERROR] - Test Cases/Canine_TestCases/Breed/TC23_Canine_Filter_Breed-Flat: Test Cases/Canine_TestCases/Breed/TC23_Canine_Filter_Breed-Flat FAILED.
Reason:
org.codehaus.groovy.runtime.metaclass.MissingMethodExceptionNoStack: No signature of method: ctdc.utilities.runtestcaseforKatalon.testSetup() is applicable for argument types: (java.lang.String) values: []]]></system-err>
      </testcase>
      <testcase name="Test Cases/Canine_TestCases/Breed/TC24_Canine_Filter_Breed-FrenchBullDg" time="4.925" classname="Test Cases/Canine_TestCases/Breed/TC24_Canine_Filter_Breed-FrenchBullDg" status="ERROR">
         <error type="ERROR" message="Test Cases/Canine_TestCases/Breed/TC24_Canine_Filter_Breed-FrenchBullDg FAILED.
Reason:
org.codehaus.groovy.runtime.metaclass.MissingMethodExceptionNoStack: No signature of method: ctdc.utilities.runtestcaseforKatalon.testSetup() is applicable for argument types: (java.lang.String) values: []
"/>
         <system-out><![CDATA[2021-04-26 21:30:29 - [TEST_CASE][ERROR] - Test Cases/Canine_TestCases/Breed/TC24_Canine_Filter_Breed-FrenchBullDg: Test Cases/Canine_TestCases/Breed/TC24_Canine_Filter_Breed-FrenchBullDg FAILED.
Reason:
org.codehaus.groovy.runtime.metaclass.MissingMethodExceptionNoStack: No signature of method: ctdc.utilities.runtestcaseforKatalon.testSetup() is applicable for argument types: (java.lang.String) values: []


2021-04-26 21:30:31 - [TEST_STEP][PASSED] - closeBrowser(): Browser is closed

2021-04-26 21:30:32 - [MESSAGE][PASSED] - Browser is closed

2021-04-26 21:30:32 - [TEST_STEP][PASSED] - openBrowser(""): Browser is opened with url: ''

2021-04-26 21:30:32 - [MESSAGE][INFO] - Starting 'Chrome (headless)' driver

2021-04-26 21:30:32 - [MESSAGE][INFO] - User set preference: ['args', '[--no-sandbox]']

2021-04-26 21:30:32 - [MESSAGE][INFO] - Action delay is set to 5,000 milliseconds

2021-04-26 21:30:34 - [MESSAGE][PASSED] - Browser is opened with url: ''

2021-04-26 21:30:34 - [TEST_STEP][ERROR] - ctdc.utilities.runtestcaseforKatalon.testSetup(""): No signature of method: ctdc.utilities.runtestcaseforKatalon.testSetup() is applicable for argument types: (java.lang.String) values: []

2021-04-26 21:30:34 - [MESSAGE][ERROR] - No signature of method: ctdc.utilities.runtestcaseforKatalon.testSetup() is applicable for argument types: (java.lang.String) values: []]]></system-out>
         <system-err><![CDATA[2021-04-26 21:30:29 - [TEST_CASE][ERROR] - Test Cases/Canine_TestCases/Breed/TC24_Canine_Filter_Breed-FrenchBullDg: Test Cases/Canine_TestCases/Breed/TC24_Canine_Filter_Breed-FrenchBullDg FAILED.
Reason:
org.codehaus.groovy.runtime.metaclass.MissingMethodExceptionNoStack: No signature of method: ctdc.utilities.runtestcaseforKatalon.testSetup() is applicable for argument types: (java.lang.String) values: []]]></system-err>
      </testcase>
      <testcase name="Test Cases/Canine_TestCases/Breed/TC25_Canine_Filter_Breed-GermanShphd" time="5.012" classname="Test Cases/Canine_TestCases/Breed/TC25_Canine_Filter_Breed-GermanShphd" status="ERROR">
         <error type="ERROR" message="Test Cases/Canine_TestCases/Breed/TC25_Canine_Filter_Breed-GermanShphd FAILED.
Reason:
org.codehaus.groovy.runtime.metaclass.MissingMethodExceptionNoStack: No signature of method: ctdc.utilities.runtestcaseforKatalon.testSetup() is applicable for argument types: (java.lang.String) values: []
"/>
         <system-out><![CDATA[2021-04-26 21:30:34 - [TEST_CASE][ERROR] - Test Cases/Canine_TestCases/Breed/TC25_Canine_Filter_Breed-GermanShphd: Test Cases/Canine_TestCases/Breed/TC25_Canine_Filter_Breed-GermanShphd FAILED.
Reason:
org.codehaus.groovy.runtime.metaclass.MissingMethodExceptionNoStack: No signature of method: ctdc.utilities.runtestcaseforKatalon.testSetup() is applicable for argument types: (java.lang.String) values: []


2021-04-26 21:30:36 - [TEST_STEP][PASSED] - closeBrowser(): Browser is closed

2021-04-26 21:30:37 - [MESSAGE][PASSED] - Browser is closed

2021-04-26 21:30:37 - [TEST_STEP][PASSED] - openBrowser(""): Browser is opened with url: ''

2021-04-26 21:30:37 - [MESSAGE][INFO] - Starting 'Chrome (headless)' driver

2021-04-26 21:30:37 - [MESSAGE][INFO] - User set preference: ['args', '[--no-sandbox]']

2021-04-26 21:30:37 - [MESSAGE][INFO] - Action delay is set to 5,000 milliseconds

2021-04-26 21:30:39 - [MESSAGE][PASSED] - Browser is opened with url: ''

2021-04-26 21:30:39 - [TEST_STEP][ERROR] - ctdc.utilities.runtestcaseforKatalon.testSetup(""): No signature of method: ctdc.utilities.runtestcaseforKatalon.testSetup() is applicable for argument types: (java.lang.String) values: []

2021-04-26 21:30:39 - [MESSAGE][ERROR] - No signature of method: ctdc.utilities.runtestcaseforKatalon.testSetup() is applicable for argument types: (java.lang.String) values: []]]></system-out>
         <system-err><![CDATA[2021-04-26 21:30:34 - [TEST_CASE][ERROR] - Test Cases/Canine_TestCases/Breed/TC25_Canine_Filter_Breed-GermanShphd: Test Cases/Canine_TestCases/Breed/TC25_Canine_Filter_Breed-GermanShphd FAILED.
Reason:
org.codehaus.groovy.runtime.metaclass.MissingMethodExceptionNoStack: No signature of method: ctdc.utilities.runtestcaseforKatalon.testSetup() is applicable for argument types: (java.lang.String) values: []]]></system-err>
      </testcase>
      <testcase name="Test Cases/Canine_TestCases/Breed/TC26_Canine_Filter_Breed-GermanShthrPtr" time="4.353" classname="Test Cases/Canine_TestCases/Breed/TC26_Canine_Filter_Breed-GermanShthrPtr" status="ERROR">
         <error type="ERROR" message="Test Cases/Canine_TestCases/Breed/TC26_Canine_Filter_Breed-GermanShthrPtr FAILED.
Reason:
org.codehaus.groovy.runtime.metaclass.MissingMethodExceptionNoStack: No signature of method: ctdc.utilities.runtestcaseforKatalon.testSetup() is applicable for argument types: (java.lang.String) values: []
"/>
         <system-out><![CDATA[2021-04-26 21:30:39 - [TEST_CASE][ERROR] - Test Cases/Canine_TestCases/Breed/TC26_Canine_Filter_Breed-GermanShthrPtr: Test Cases/Canine_TestCases/Breed/TC26_Canine_Filter_Breed-GermanShthrPtr FAILED.
Reason:
org.codehaus.groovy.runtime.metaclass.MissingMethodExceptionNoStack: No signature of method: ctdc.utilities.runtestcaseforKatalon.testSetup() is applicable for argument types: (java.lang.String) values: []


2021-04-26 21:30:41 - [TEST_STEP][PASSED] - closeBrowser(): Browser is closed

2021-04-26 21:30:42 - [MESSAGE][PASSED] - Browser is closed

2021-04-26 21:30:42 - [TEST_STEP][PASSED] - openBrowser(""): Browser is opened with url: ''

2021-04-26 21:30:42 - [MESSAGE][INFO] - Starting 'Chrome (headless)' driver

2021-04-26 21:30:42 - [MESSAGE][INFO] - User set preference: ['args', '[--no-sandbox]']

2021-04-26 21:30:42 - [MESSAGE][INFO] - Action delay is set to 5,000 milliseconds

2021-04-26 21:30:44 - [MESSAGE][PASSED] - Browser is opened with url: ''

2021-04-26 21:30:44 - [TEST_STEP][ERROR] - ctdc.utilities.runtestcaseforKatalon.testSetup(""): No signature of method: ctdc.utilities.runtestcaseforKatalon.testSetup() is applicable for argument types: (java.lang.String) values: []

2021-04-26 21:30:44 - [MESSAGE][ERROR] - No signature of method: ctdc.utilities.runtestcaseforKatalon.testSetup() is applicable for argument types: (java.lang.String) values: []]]></system-out>
         <system-err><![CDATA[2021-04-26 21:30:39 - [TEST_CASE][ERROR] - Test Cases/Canine_TestCases/Breed/TC26_Canine_Filter_Breed-GermanShthrPtr: Test Cases/Canine_TestCases/Breed/TC26_Canine_Filter_Breed-GermanShthrPtr FAILED.
Reason:
org.codehaus.groovy.runtime.metaclass.MissingMethodExceptionNoStack: No signature of method: ctdc.utilities.runtestcaseforKatalon.testSetup() is applicable for argument types: (java.lang.String) values: []]]></system-err>
      </testcase>
      <testcase name="Test Cases/Canine_TestCases/Breed/TC27_Canine_Filter_Breed-Giant" time="4.812" classname="Test Cases/Canine_TestCases/Breed/TC27_Canine_Filter_Breed-Giant" status="ERROR">
         <error type="ERROR" message="Test Cases/Canine_TestCases/Breed/TC27_Canine_Filter_Breed-Giant FAILED.
Reason:
org.codehaus.groovy.runtime.metaclass.MissingMethodExceptionNoStack: No signature of method: ctdc.utilities.runtestcaseforKatalon.testSetup() is applicable for argument types: (java.lang.String) values: []
"/>
         <system-out><![CDATA[2021-04-26 21:30:44 - [TEST_CASE][ERROR] - Test Cases/Canine_TestCases/Breed/TC27_Canine_Filter_Breed-Giant: Test Cases/Canine_TestCases/Breed/TC27_Canine_Filter_Breed-Giant FAILED.
Reason:
org.codehaus.groovy.runtime.metaclass.MissingMethodExceptionNoStack: No signature of method: ctdc.utilities.runtestcaseforKatalon.testSetup() is applicable for argument types: (java.lang.String) values: []


2021-04-26 21:30:45 - [TEST_STEP][PASSED] - closeBrowser(): Browser is closed

2021-04-26 21:30:46 - [MESSAGE][PASSED] - Browser is closed

2021-04-26 21:30:46 - [TEST_STEP][PASSED] - openBrowser(""): Browser is opened with url: ''

2021-04-26 21:30:46 - [MESSAGE][INFO] - Starting 'Chrome (headless)' driver

2021-04-26 21:30:46 - [MESSAGE][INFO] - User set preference: ['args', '[--no-sandbox]']

2021-04-26 21:30:46 - [MESSAGE][INFO] - Action delay is set to 5,000 milliseconds

2021-04-26 21:30:48 - [MESSAGE][PASSED] - Browser is opened with url: ''

2021-04-26 21:30:48 - [TEST_STEP][ERROR] - ctdc.utilities.runtestcaseforKatalon.testSetup(""): No signature of method: ctdc.utilities.runtestcaseforKatalon.testSetup() is applicable for argument types: (java.lang.String) values: []

2021-04-26 21:30:48 - [MESSAGE][ERROR] - No signature of method: ctdc.utilities.runtestcaseforKatalon.testSetup() is applicable for argument types: (java.lang.String) values: []]]></system-out>
         <system-err><![CDATA[2021-04-26 21:30:44 - [TEST_CASE][ERROR] - Test Cases/Canine_TestCases/Breed/TC27_Canine_Filter_Breed-Giant: Test Cases/Canine_TestCases/Breed/TC27_Canine_Filter_Breed-Giant FAILED.
Reason:
org.codehaus.groovy.runtime.metaclass.MissingMethodExceptionNoStack: No signature of method: ctdc.utilities.runtestcaseforKatalon.testSetup() is applicable for argument types: (java.lang.String) values: []]]></system-err>
      </testcase>
      <testcase name="Test Cases/Canine_TestCases/Breed/TC28_Canine_Filter_Breed-GoldenRtrv" time="4.602" classname="Test Cases/Canine_TestCases/Breed/TC28_Canine_Filter_Breed-GoldenRtrv" status="ERROR">
         <error type="ERROR" message="Test Cases/Canine_TestCases/Breed/TC28_Canine_Filter_Breed-GoldenRtrv FAILED.
Reason:
org.codehaus.groovy.runtime.metaclass.MissingMethodExceptionNoStack: No signature of method: ctdc.utilities.runtestcaseforKatalon.testSetup() is applicable for argument types: (java.lang.String) values: []
"/>
         <system-out><![CDATA[2021-04-26 21:30:48 - [TEST_CASE][ERROR] - Test Cases/Canine_TestCases/Breed/TC28_Canine_Filter_Breed-GoldenRtrv: Test Cases/Canine_TestCases/Breed/TC28_Canine_Filter_Breed-GoldenRtrv FAILED.
Reason:
org.codehaus.groovy.runtime.metaclass.MissingMethodExceptionNoStack: No signature of method: ctdc.utilities.runtestcaseforKatalon.testSetup() is applicable for argument types: (java.lang.String) values: []


2021-04-26 21:30:50 - [TEST_STEP][PASSED] - closeBrowser(): Browser is closed

2021-04-26 21:30:51 - [MESSAGE][PASSED] - Browser is closed

2021-04-26 21:30:51 - [TEST_STEP][PASSED] - openBrowser(""): Browser is opened with url: ''

2021-04-26 21:30:51 - [MESSAGE][INFO] - Starting 'Chrome (headless)' driver

2021-04-26 21:30:51 - [MESSAGE][INFO] - User set preference: ['args', '[--no-sandbox]']

2021-04-26 21:30:51 - [MESSAGE][INFO] - Action delay is set to 5,000 milliseconds

2021-04-26 21:30:53 - [MESSAGE][PASSED] - Browser is opened with url: ''

2021-04-26 21:30:53 - [TEST_STEP][ERROR] - ctdc.utilities.runtestcaseforKatalon.testSetup(""): No signature of method: ctdc.utilities.runtestcaseforKatalon.testSetup() is applicable for argument types: (java.lang.String) values: []

2021-04-26 21:30:53 - [MESSAGE][ERROR] - No signature of method: ctdc.utilities.runtestcaseforKatalon.testSetup() is applicable for argument types: (java.lang.String) values: []]]></system-out>
         <system-err><![CDATA[2021-04-26 21:30:48 - [TEST_CASE][ERROR] - Test Cases/Canine_TestCases/Breed/TC28_Canine_Filter_Breed-GoldenRtrv: Test Cases/Canine_TestCases/Breed/TC28_Canine_Filter_Breed-GoldenRtrv FAILED.
Reason:
org.codehaus.groovy.runtime.metaclass.MissingMethodExceptionNoStack: No signature of method: ctdc.utilities.runtestcaseforKatalon.testSetup() is applicable for argument types: (java.lang.String) values: []]]></system-err>
      </testcase>
      <testcase name="Test Cases/Canine_TestCases/Breed/TC29_Canine_Filter_Breed-Gordon" time="4.248" classname="Test Cases/Canine_TestCases/Breed/TC29_Canine_Filter_Breed-Gordon" status="ERROR">
         <error type="ERROR" message="Test Cases/Canine_TestCases/Breed/TC29_Canine_Filter_Breed-Gordon FAILED.
Reason:
org.codehaus.groovy.runtime.metaclass.MissingMethodExceptionNoStack: No signature of method: ctdc.utilities.runtestcaseforKatalon.testSetup() is applicable for argument types: (java.lang.String) values: []
"/>
         <system-out><![CDATA[2021-04-26 21:30:53 - [TEST_CASE][ERROR] - Test Cases/Canine_TestCases/Breed/TC29_Canine_Filter_Breed-Gordon: Test Cases/Canine_TestCases/Breed/TC29_Canine_Filter_Breed-Gordon FAILED.
Reason:
org.codehaus.groovy.runtime.metaclass.MissingMethodExceptionNoStack: No signature of method: ctdc.utilities.runtestcaseforKatalon.testSetup() is applicable for argument types: (java.lang.String) values: []


2021-04-26 21:30:55 - [TEST_STEP][PASSED] - closeBrowser(): Browser is closed

2021-04-26 21:30:55 - [MESSAGE][PASSED] - Browser is closed

2021-04-26 21:30:55 - [TEST_STEP][PASSED] - openBrowser(""): Browser is opened with url: ''

2021-04-26 21:30:55 - [MESSAGE][INFO] - Starting 'Chrome (headless)' driver

2021-04-26 21:30:55 - [MESSAGE][INFO] - User set preference: ['args', '[--no-sandbox]']

2021-04-26 21:30:55 - [MESSAGE][INFO] - Action delay is set to 5,000 milliseconds

2021-04-26 21:30:57 - [MESSAGE][PASSED] - Browser is opened with url: ''

2021-04-26 21:30:57 - [TEST_STEP][ERROR] - ctdc.utilities.runtestcaseforKatalon.testSetup(""): No signature of method: ctdc.utilities.runtestcaseforKatalon.testSetup() is applicable for argument types: (java.lang.String) values: []

2021-04-26 21:30:57 - [MESSAGE][ERROR] - No signature of method: ctdc.utilities.runtestcaseforKatalon.testSetup() is applicable for argument types: (java.lang.String) values: []]]></system-out>
         <system-err><![CDATA[2021-04-26 21:30:53 - [TEST_CASE][ERROR] - Test Cases/Canine_TestCases/Breed/TC29_Canine_Filter_Breed-Gordon: Test Cases/Canine_TestCases/Breed/TC29_Canine_Filter_Breed-Gordon FAILED.
Reason:
org.codehaus.groovy.runtime.metaclass.MissingMethodExceptionNoStack: No signature of method: ctdc.utilities.runtestcaseforKatalon.testSetup() is applicable for argument types: (java.lang.String) values: []]]></system-err>
      </testcase>
      <testcase name="Test Cases/Canine_TestCases/Breed/TC30_Canine_Filter_Breed-Greyhnd" time="3.96" classname="Test Cases/Canine_TestCases/Breed/TC30_Canine_Filter_Breed-Greyhnd" status="ERROR">
         <error type="ERROR" message="Test Cases/Canine_TestCases/Breed/TC30_Canine_Filter_Breed-Greyhnd FAILED.
Reason:
org.codehaus.groovy.runtime.metaclass.MissingMethodExceptionNoStack: No signature of method: ctdc.utilities.runtestcaseforKatalon.testSetup() is applicable for argument types: (java.lang.String) values: []
"/>
         <system-out><![CDATA[2021-04-26 21:30:57 - [TEST_CASE][ERROR] - Test Cases/Canine_TestCases/Breed/TC30_Canine_Filter_Breed-Greyhnd: Test Cases/Canine_TestCases/Breed/TC30_Canine_Filter_Breed-Greyhnd FAILED.
Reason:
org.codehaus.groovy.runtime.metaclass.MissingMethodExceptionNoStack: No signature of method: ctdc.utilities.runtestcaseforKatalon.testSetup() is applicable for argument types: (java.lang.String) values: []


2021-04-26 21:30:59 - [TEST_STEP][PASSED] - closeBrowser(): Browser is closed

2021-04-26 21:30:59 - [MESSAGE][PASSED] - Browser is closed

2021-04-26 21:30:59 - [TEST_STEP][PASSED] - openBrowser(""): Browser is opened with url: ''

2021-04-26 21:30:59 - [MESSAGE][INFO] - Starting 'Chrome (headless)' driver

2021-04-26 21:30:59 - [MESSAGE][INFO] - User set preference: ['args', '[--no-sandbox]']

2021-04-26 21:30:59 - [MESSAGE][INFO] - Action delay is set to 5,000 milliseconds

2021-04-26 21:31:01 - [MESSAGE][PASSED] - Browser is opened with url: ''

2021-04-26 21:31:01 - [TEST_STEP][ERROR] - ctdc.utilities.runtestcaseforKatalon.testSetup(""): No signature of method: ctdc.utilities.runtestcaseforKatalon.testSetup() is applicable for argument types: (java.lang.String) values: []

2021-04-26 21:31:01 - [MESSAGE][ERROR] - No signature of method: ctdc.utilities.runtestcaseforKatalon.testSetup() is applicable for argument types: (java.lang.String) values: []]]></system-out>
         <system-err><![CDATA[2021-04-26 21:30:57 - [TEST_CASE][ERROR] - Test Cases/Canine_TestCases/Breed/TC30_Canine_Filter_Breed-Greyhnd: Test Cases/Canine_TestCases/Breed/TC30_Canine_Filter_Breed-Greyhnd FAILED.
Reason:
org.codehaus.groovy.runtime.metaclass.MissingMethodExceptionNoStack: No signature of method: ctdc.utilities.runtestcaseforKatalon.testSetup() is applicable for argument types: (java.lang.String) values: []]]></system-err>
      </testcase>
      <testcase name="Test Cases/Canine_TestCases/Breed/TC31_Canine_Filter_Breed-IrishSettr" time="4.321" classname="Test Cases/Canine_TestCases/Breed/TC31_Canine_Filter_Breed-IrishSettr" status="ERROR">
         <error type="ERROR" message="Test Cases/Canine_TestCases/Breed/TC31_Canine_Filter_Breed-IrishSettr FAILED.
Reason:
org.codehaus.groovy.runtime.metaclass.MissingMethodExceptionNoStack: No signature of method: ctdc.utilities.runtestcaseforKatalon.testSetup() is applicable for argument types: (java.lang.String) values: []
"/>
         <system-out><![CDATA[2021-04-26 21:31:01 - [TEST_CASE][ERROR] - Test Cases/Canine_TestCases/Breed/TC31_Canine_Filter_Breed-IrishSettr: Test Cases/Canine_TestCases/Breed/TC31_Canine_Filter_Breed-IrishSettr FAILED.
Reason:
org.codehaus.groovy.runtime.metaclass.MissingMethodExceptionNoStack: No signature of method: ctdc.utilities.runtestcaseforKatalon.testSetup() is applicable for argument types: (java.lang.String) values: []


2021-04-26 21:31:03 - [TEST_STEP][PASSED] - closeBrowser(): Browser is closed

2021-04-26 21:31:04 - [MESSAGE][PASSED] - Browser is closed

2021-04-26 21:31:04 - [TEST_STEP][PASSED] - openBrowser(""): Browser is opened with url: ''

2021-04-26 21:31:04 - [MESSAGE][INFO] - Starting 'Chrome (headless)' driver

2021-04-26 21:31:04 - [MESSAGE][INFO] - User set preference: ['args', '[--no-sandbox]']

2021-04-26 21:31:04 - [MESSAGE][INFO] - Action delay is set to 5,000 milliseconds

2021-04-26 21:31:06 - [MESSAGE][PASSED] - Browser is opened with url: ''

2021-04-26 21:31:06 - [TEST_STEP][ERROR] - ctdc.utilities.runtestcaseforKatalon.testSetup(""): No signature of method: ctdc.utilities.runtestcaseforKatalon.testSetup() is applicable for argument types: (java.lang.String) values: []

2021-04-26 21:31:06 - [MESSAGE][ERROR] - No signature of method: ctdc.utilities.runtestcaseforKatalon.testSetup() is applicable for argument types: (java.lang.String) values: []]]></system-out>
         <system-err><![CDATA[2021-04-26 21:31:01 - [TEST_CASE][ERROR] - Test Cases/Canine_TestCases/Breed/TC31_Canine_Filter_Breed-IrishSettr: Test Cases/Canine_TestCases/Breed/TC31_Canine_Filter_Breed-IrishSettr FAILED.
Reason:
org.codehaus.groovy.runtime.metaclass.MissingMethodExceptionNoStack: No signature of method: ctdc.utilities.runtestcaseforKatalon.testSetup() is applicable for argument types: (java.lang.String) values: []]]></system-err>
      </testcase>
      <testcase name="Test Cases/Canine_TestCases/Breed/TC32_Canine_Filter_Breed-IrishWlfhnd" time="6.54" classname="Test Cases/Canine_TestCases/Breed/TC32_Canine_Filter_Breed-IrishWlfhnd" status="ERROR">
         <error type="ERROR" message="Test Cases/Canine_TestCases/Breed/TC32_Canine_Filter_Breed-IrishWlfhnd FAILED.
Reason:
org.codehaus.groovy.runtime.metaclass.MissingMethodExceptionNoStack: No signature of method: ctdc.utilities.runtestcaseforKatalon.testSetup() is applicable for argument types: (java.lang.String) values: []
"/>
         <system-out><![CDATA[2021-04-26 21:31:06 - [TEST_CASE][ERROR] - Test Cases/Canine_TestCases/Breed/TC32_Canine_Filter_Breed-IrishWlfhnd: Test Cases/Canine_TestCases/Breed/TC32_Canine_Filter_Breed-IrishWlfhnd FAILED.
Reason:
org.codehaus.groovy.runtime.metaclass.MissingMethodExceptionNoStack: No signature of method: ctdc.utilities.runtestcaseforKatalon.testSetup() is applicable for argument types: (java.lang.String) values: []


2021-04-26 21:31:08 - [TEST_STEP][PASSED] - closeBrowser(): Browser is closed

2021-04-26 21:31:08 - [MESSAGE][PASSED] - Browser is closed

2021-04-26 21:31:08 - [TEST_STEP][PASSED] - openBrowser(""): Browser is opened with url: ''

2021-04-26 21:31:08 - [MESSAGE][INFO] - Starting 'Chrome (headless)' driver

2021-04-26 21:31:08 - [MESSAGE][INFO] - User set preference: ['args', '[--no-sandbox]']

2021-04-26 21:31:08 - [MESSAGE][INFO] - Action delay is set to 5,000 milliseconds

2021-04-26 21:31:12 - [MESSAGE][PASSED] - Browser is opened with url: ''

2021-04-26 21:31:12 - [TEST_STEP][ERROR] - ctdc.utilities.runtestcaseforKatalon.testSetup(""): No signature of method: ctdc.utilities.runtestcaseforKatalon.testSetup() is applicable for argument types: (java.lang.String) values: []

2021-04-26 21:31:12 - [MESSAGE][ERROR] - No signature of method: ctdc.utilities.runtestcaseforKatalon.testSetup() is applicable for argument types: (java.lang.String) values: []]]></system-out>
         <system-err><![CDATA[2021-04-26 21:31:06 - [TEST_CASE][ERROR] - Test Cases/Canine_TestCases/Breed/TC32_Canine_Filter_Breed-IrishWlfhnd: Test Cases/Canine_TestCases/Breed/TC32_Canine_Filter_Breed-IrishWlfhnd FAILED.
Reason:
org.codehaus.groovy.runtime.metaclass.MissingMethodExceptionNoStack: No signature of method: ctdc.utilities.runtestcaseforKatalon.testSetup() is applicable for argument types: (java.lang.String) values: []]]></system-err>
      </testcase>
      <testcase name="Test Cases/Canine_TestCases/Breed/TC33_Canine_Filter_Breed-Labrador" time="6.488" classname="Test Cases/Canine_TestCases/Breed/TC33_Canine_Filter_Breed-Labrador" status="ERROR">
         <error type="ERROR" message="Test Cases/Canine_TestCases/Breed/TC33_Canine_Filter_Breed-Labrador FAILED.
Reason:
org.codehaus.groovy.runtime.metaclass.MissingMethodExceptionNoStack: No signature of method: ctdc.utilities.runtestcaseforKatalon.testSetup() is applicable for argument types: (java.lang.String) values: []
"/>
         <system-out><![CDATA[2021-04-26 21:31:12 - [TEST_CASE][ERROR] - Test Cases/Canine_TestCases/Breed/TC33_Canine_Filter_Breed-Labrador: Test Cases/Canine_TestCases/Breed/TC33_Canine_Filter_Breed-Labrador FAILED.
Reason:
org.codehaus.groovy.runtime.metaclass.MissingMethodExceptionNoStack: No signature of method: ctdc.utilities.runtestcaseforKatalon.testSetup() is applicable for argument types: (java.lang.String) values: []


2021-04-26 21:31:14 - [TEST_STEP][PASSED] - closeBrowser(): Browser is closed

2021-04-26 21:31:15 - [MESSAGE][PASSED] - Browser is closed

2021-04-26 21:31:15 - [TEST_STEP][PASSED] - openBrowser(""): Browser is opened with url: ''

2021-04-26 21:31:15 - [MESSAGE][INFO] - Starting 'Chrome (headless)' driver

2021-04-26 21:31:15 - [MESSAGE][INFO] - User set preference: ['args', '[--no-sandbox]']

2021-04-26 21:31:15 - [MESSAGE][INFO] - Action delay is set to 5,000 milliseconds

2021-04-26 21:31:19 - [MESSAGE][PASSED] - Browser is opened with url: ''

2021-04-26 21:31:19 - [TEST_STEP][ERROR] - ctdc.utilities.runtestcaseforKatalon.testSetup(""): No signature of method: ctdc.utilities.runtestcaseforKatalon.testSetup() is applicable for argument types: (java.lang.String) values: []

2021-04-26 21:31:19 - [MESSAGE][ERROR] - No signature of method: ctdc.utilities.runtestcaseforKatalon.testSetup() is applicable for argument types: (java.lang.String) values: []]]></system-out>
         <system-err><![CDATA[2021-04-26 21:31:12 - [TEST_CASE][ERROR] - Test Cases/Canine_TestCases/Breed/TC33_Canine_Filter_Breed-Labrador: Test Cases/Canine_TestCases/Breed/TC33_Canine_Filter_Breed-Labrador FAILED.
Reason:
org.codehaus.groovy.runtime.metaclass.MissingMethodExceptionNoStack: No signature of method: ctdc.utilities.runtestcaseforKatalon.testSetup() is applicable for argument types: (java.lang.String) values: []]]></system-err>
      </testcase>
      <testcase name="Test Cases/Canine_TestCases/Breed/TC34_Canine_Filter_Breed-Mastiff" time="5.765" classname="Test Cases/Canine_TestCases/Breed/TC34_Canine_Filter_Breed-Mastiff" status="ERROR">
         <error type="ERROR" message="Test Cases/Canine_TestCases/Breed/TC34_Canine_Filter_Breed-Mastiff FAILED.
Reason:
org.codehaus.groovy.runtime.metaclass.MissingMethodExceptionNoStack: No signature of method: ctdc.utilities.runtestcaseforKatalon.testSetup() is applicable for argument types: (java.lang.String) values: []
"/>
         <system-out><![CDATA[2021-04-26 21:31:19 - [TEST_CASE][ERROR] - Test Cases/Canine_TestCases/Breed/TC34_Canine_Filter_Breed-Mastiff: Test Cases/Canine_TestCases/Breed/TC34_Canine_Filter_Breed-Mastiff FAILED.
Reason:
org.codehaus.groovy.runtime.metaclass.MissingMethodExceptionNoStack: No signature of method: ctdc.utilities.runtestcaseforKatalon.testSetup() is applicable for argument types: (java.lang.String) values: []


2021-04-26 21:31:21 - [TEST_STEP][PASSED] - closeBrowser(): Browser is closed

2021-04-26 21:31:21 - [MESSAGE][PASSED] - Browser is closed

2021-04-26 21:31:21 - [TEST_STEP][PASSED] - openBrowser(""): Browser is opened with url: ''

2021-04-26 21:31:21 - [MESSAGE][INFO] - Starting 'Chrome (headless)' driver

2021-04-26 21:31:21 - [MESSAGE][INFO] - User set preference: ['args', '[--no-sandbox]']

2021-04-26 21:31:21 - [MESSAGE][INFO] - Action delay is set to 5,000 milliseconds

2021-04-26 21:31:24 - [MESSAGE][PASSED] - Browser is opened with url: ''

2021-04-26 21:31:24 - [TEST_STEP][ERROR] - ctdc.utilities.runtestcaseforKatalon.testSetup(""): No signature of method: ctdc.utilities.runtestcaseforKatalon.testSetup() is applicable for argument types: (java.lang.String) values: []

2021-04-26 21:31:24 - [MESSAGE][ERROR] - No signature of method: ctdc.utilities.runtestcaseforKatalon.testSetup() is applicable for argument types: (java.lang.String) values: []]]></system-out>
         <system-err><![CDATA[2021-04-26 21:31:19 - [TEST_CASE][ERROR] - Test Cases/Canine_TestCases/Breed/TC34_Canine_Filter_Breed-Mastiff: Test Cases/Canine_TestCases/Breed/TC34_Canine_Filter_Breed-Mastiff FAILED.
Reason:
org.codehaus.groovy.runtime.metaclass.MissingMethodExceptionNoStack: No signature of method: ctdc.utilities.runtestcaseforKatalon.testSetup() is applicable for argument types: (java.lang.String) values: []]]></system-err>
      </testcase>
      <testcase name="Test Cases/Canine_TestCases/Breed/TC35_Canine_Filter_Breed-Miniature" time="5.295" classname="Test Cases/Canine_TestCases/Breed/TC35_Canine_Filter_Breed-Miniature" status="ERROR">
         <error type="ERROR" message="Test Cases/Canine_TestCases/Breed/TC35_Canine_Filter_Breed-Miniature FAILED.
Reason:
org.codehaus.groovy.runtime.metaclass.MissingMethodExceptionNoStack: No signature of method: ctdc.utilities.runtestcaseforKatalon.testSetup() is applicable for argument types: (java.lang.String) values: []
"/>
         <system-out><![CDATA[2021-04-26 21:31:24 - [TEST_CASE][ERROR] - Test Cases/Canine_TestCases/Breed/TC35_Canine_Filter_Breed-Miniature: Test Cases/Canine_TestCases/Breed/TC35_Canine_Filter_Breed-Miniature FAILED.
Reason:
org.codehaus.groovy.runtime.metaclass.MissingMethodExceptionNoStack: No signature of method: ctdc.utilities.runtestcaseforKatalon.testSetup() is applicable for argument types: (java.lang.String) values: []


2021-04-26 21:31:26 - [TEST_STEP][PASSED] - closeBrowser(): Browser is closed

2021-04-26 21:31:27 - [MESSAGE][PASSED] - Browser is closed

2021-04-26 21:31:27 - [TEST_STEP][PASSED] - openBrowser(""): Browser is opened with url: ''

2021-04-26 21:31:27 - [MESSAGE][INFO] - Starting 'Chrome (headless)' driver

2021-04-26 21:31:27 - [MESSAGE][INFO] - User set preference: ['args', '[--no-sandbox]']

2021-04-26 21:31:27 - [MESSAGE][INFO] - Action delay is set to 5,000 milliseconds

2021-04-26 21:31:30 - [MESSAGE][PASSED] - Browser is opened with url: ''

2021-04-26 21:31:30 - [TEST_STEP][ERROR] - ctdc.utilities.runtestcaseforKatalon.testSetup(""): No signature of method: ctdc.utilities.runtestcaseforKatalon.testSetup() is applicable for argument types: (java.lang.String) values: []

2021-04-26 21:31:30 - [MESSAGE][ERROR] - No signature of method: ctdc.utilities.runtestcaseforKatalon.testSetup() is applicable for argument types: (java.lang.String) values: []]]></system-out>
         <system-err><![CDATA[2021-04-26 21:31:24 - [TEST_CASE][ERROR] - Test Cases/Canine_TestCases/Breed/TC35_Canine_Filter_Breed-Miniature: Test Cases/Canine_TestCases/Breed/TC35_Canine_Filter_Breed-Miniature FAILED.
Reason:
org.codehaus.groovy.runtime.metaclass.MissingMethodExceptionNoStack: No signature of method: ctdc.utilities.runtestcaseforKatalon.testSetup() is applicable for argument types: (java.lang.String) values: []]]></system-err>
      </testcase>
      <testcase name="Test Cases/Canine_TestCases/Breed/TC36_Canine_Filter_Breed-Mixed" time="4.154" classname="Test Cases/Canine_TestCases/Breed/TC36_Canine_Filter_Breed-Mixed" status="ERROR">
         <error type="ERROR" message="Test Cases/Canine_TestCases/Breed/TC36_Canine_Filter_Breed-Mixed FAILED.
Reason:
org.codehaus.groovy.runtime.metaclass.MissingMethodExceptionNoStack: No signature of method: ctdc.utilities.runtestcaseforKatalon.testSetup() is applicable for argument types: (java.lang.String) values: []
"/>
         <system-out><![CDATA[2021-04-26 21:31:30 - [TEST_CASE][ERROR] - Test Cases/Canine_TestCases/Breed/TC36_Canine_Filter_Breed-Mixed: Test Cases/Canine_TestCases/Breed/TC36_Canine_Filter_Breed-Mixed FAILED.
Reason:
org.codehaus.groovy.runtime.metaclass.MissingMethodExceptionNoStack: No signature of method: ctdc.utilities.runtestcaseforKatalon.testSetup() is applicable for argument types: (java.lang.String) values: []


2021-04-26 21:31:31 - [TEST_STEP][PASSED] - closeBrowser(): Browser is closed

2021-04-26 21:31:32 - [MESSAGE][PASSED] - Browser is closed

2021-04-26 21:31:32 - [TEST_STEP][PASSED] - openBrowser(""): Browser is opened with url: ''

2021-04-26 21:31:32 - [MESSAGE][INFO] - Starting 'Chrome (headless)' driver

2021-04-26 21:31:32 - [MESSAGE][INFO] - User set preference: ['args', '[--no-sandbox]']

2021-04-26 21:31:32 - [MESSAGE][INFO] - Action delay is set to 5,000 milliseconds

2021-04-26 21:31:34 - [MESSAGE][PASSED] - Browser is opened with url: ''

2021-04-26 21:31:34 - [TEST_STEP][ERROR] - ctdc.utilities.runtestcaseforKatalon.testSetup(""): No signature of method: ctdc.utilities.runtestcaseforKatalon.testSetup() is applicable for argument types: (java.lang.String) values: []

2021-04-26 21:31:34 - [MESSAGE][ERROR] - No signature of method: ctdc.utilities.runtestcaseforKatalon.testSetup() is applicable for argument types: (java.lang.String) values: []]]></system-out>
         <system-err><![CDATA[2021-04-26 21:31:30 - [TEST_CASE][ERROR] - Test Cases/Canine_TestCases/Breed/TC36_Canine_Filter_Breed-Mixed: Test Cases/Canine_TestCases/Breed/TC36_Canine_Filter_Breed-Mixed FAILED.
Reason:
org.codehaus.groovy.runtime.metaclass.MissingMethodExceptionNoStack: No signature of method: ctdc.utilities.runtestcaseforKatalon.testSetup() is applicable for argument types: (java.lang.String) values: []]]></system-err>
      </testcase>
      <testcase name="Test Cases/Canine_TestCases/Breed/TC37_Canine_Filter_Breed-ParsonRussTerr" time="4.062" classname="Test Cases/Canine_TestCases/Breed/TC37_Canine_Filter_Breed-ParsonRussTerr" status="ERROR">
         <error type="ERROR" message="Test Cases/Canine_TestCases/Breed/TC37_Canine_Filter_Breed-ParsonRussTerr FAILED.
Reason:
org.codehaus.groovy.runtime.metaclass.MissingMethodExceptionNoStack: No signature of method: ctdc.utilities.runtestcaseforKatalon.testSetup() is applicable for argument types: (java.lang.String) values: []
"/>
         <system-out><![CDATA[2021-04-26 21:31:34 - [TEST_CASE][ERROR] - Test Cases/Canine_TestCases/Breed/TC37_Canine_Filter_Breed-ParsonRussTerr: Test Cases/Canine_TestCases/Breed/TC37_Canine_Filter_Breed-ParsonRussTerr FAILED.
Reason:
org.codehaus.groovy.runtime.metaclass.MissingMethodExceptionNoStack: No signature of method: ctdc.utilities.runtestcaseforKatalon.testSetup() is applicable for argument types: (java.lang.String) values: []


2021-04-26 21:31:35 - [TEST_STEP][PASSED] - closeBrowser(): Browser is closed

2021-04-26 21:31:36 - [MESSAGE][PASSED] - Browser is closed

2021-04-26 21:31:36 - [TEST_STEP][PASSED] - openBrowser(""): Browser is opened with url: ''

2021-04-26 21:31:36 - [MESSAGE][INFO] - Starting 'Chrome (headless)' driver

2021-04-26 21:31:36 - [MESSAGE][INFO] - User set preference: ['args', '[--no-sandbox]']

2021-04-26 21:31:36 - [MESSAGE][INFO] - Action delay is set to 5,000 milliseconds

2021-04-26 21:31:38 - [MESSAGE][PASSED] - Browser is opened with url: ''

2021-04-26 21:31:38 - [TEST_STEP][ERROR] - ctdc.utilities.runtestcaseforKatalon.testSetup(""): No signature of method: ctdc.utilities.runtestcaseforKatalon.testSetup() is applicable for argument types: (java.lang.String) values: []

2021-04-26 21:31:38 - [MESSAGE][ERROR] - No signature of method: ctdc.utilities.runtestcaseforKatalon.testSetup() is applicable for argument types: (java.lang.String) values: []]]></system-out>
         <system-err><![CDATA[2021-04-26 21:31:34 - [TEST_CASE][ERROR] - Test Cases/Canine_TestCases/Breed/TC37_Canine_Filter_Breed-ParsonRussTerr: Test Cases/Canine_TestCases/Breed/TC37_Canine_Filter_Breed-ParsonRussTerr FAILED.
Reason:
org.codehaus.groovy.runtime.metaclass.MissingMethodExceptionNoStack: No signature of method: ctdc.utilities.runtestcaseforKatalon.testSetup() is applicable for argument types: (java.lang.String) values: []]]></system-err>
      </testcase>
      <testcase name="Test Cases/Canine_TestCases/Breed/TC38_Canine_Filter_Breed-Poodle" time="4.542" classname="Test Cases/Canine_TestCases/Breed/TC38_Canine_Filter_Breed-Poodle" status="ERROR">
         <error type="ERROR" message="Test Cases/Canine_TestCases/Breed/TC38_Canine_Filter_Breed-Poodle FAILED.
Reason:
org.codehaus.groovy.runtime.metaclass.MissingMethodExceptionNoStack: No signature of method: ctdc.utilities.runtestcaseforKatalon.testSetup() is applicable for argument types: (java.lang.String) values: []
"/>
         <system-out><![CDATA[2021-04-26 21:31:38 - [TEST_CASE][ERROR] - Test Cases/Canine_TestCases/Breed/TC38_Canine_Filter_Breed-Poodle: Test Cases/Canine_TestCases/Breed/TC38_Canine_Filter_Breed-Poodle FAILED.
Reason:
org.codehaus.groovy.runtime.metaclass.MissingMethodExceptionNoStack: No signature of method: ctdc.utilities.runtestcaseforKatalon.testSetup() is applicable for argument types: (java.lang.String) values: []


2021-04-26 21:31:40 - [TEST_STEP][PASSED] - closeBrowser(): Browser is closed

2021-04-26 21:31:40 - [MESSAGE][PASSED] - Browser is closed

2021-04-26 21:31:40 - [TEST_STEP][PASSED] - openBrowser(""): Browser is opened with url: ''

2021-04-26 21:31:40 - [MESSAGE][INFO] - Starting 'Chrome (headless)' driver

2021-04-26 21:31:40 - [MESSAGE][INFO] - User set preference: ['args', '[--no-sandbox]']

2021-04-26 21:31:40 - [MESSAGE][INFO] - Action delay is set to 5,000 milliseconds

2021-04-26 21:31:42 - [MESSAGE][PASSED] - Browser is opened with url: ''

2021-04-26 21:31:42 - [TEST_STEP][ERROR] - ctdc.utilities.runtestcaseforKatalon.testSetup(""): No signature of method: ctdc.utilities.runtestcaseforKatalon.testSetup() is applicable for argument types: (java.lang.String) values: []

2021-04-26 21:31:42 - [MESSAGE][ERROR] - No signature of method: ctdc.utilities.runtestcaseforKatalon.testSetup() is applicable for argument types: (java.lang.String) values: []]]></system-out>
         <system-err><![CDATA[2021-04-26 21:31:38 - [TEST_CASE][ERROR] - Test Cases/Canine_TestCases/Breed/TC38_Canine_Filter_Breed-Poodle: Test Cases/Canine_TestCases/Breed/TC38_Canine_Filter_Breed-Poodle FAILED.
Reason:
org.codehaus.groovy.runtime.metaclass.MissingMethodExceptionNoStack: No signature of method: ctdc.utilities.runtestcaseforKatalon.testSetup() is applicable for argument types: (java.lang.String) values: []]]></system-err>
      </testcase>
      <testcase name="Test Cases/Canine_TestCases/Breed/TC39_Canine_Filter_Breed-Rottweiler" time="5.223" classname="Test Cases/Canine_TestCases/Breed/TC39_Canine_Filter_Breed-Rottweiler" status="ERROR">
         <error type="ERROR" message="Test Cases/Canine_TestCases/Breed/TC39_Canine_Filter_Breed-Rottweiler FAILED.
Reason:
org.codehaus.groovy.runtime.metaclass.MissingMethodExceptionNoStack: No signature of method: ctdc.utilities.runtestcaseforKatalon.testSetup() is applicable for argument types: (java.lang.String) values: []
"/>
         <system-out><![CDATA[2021-04-26 21:31:42 - [TEST_CASE][ERROR] - Test Cases/Canine_TestCases/Breed/TC39_Canine_Filter_Breed-Rottweiler: Test Cases/Canine_TestCases/Breed/TC39_Canine_Filter_Breed-Rottweiler FAILED.
Reason:
org.codehaus.groovy.runtime.metaclass.MissingMethodExceptionNoStack: No signature of method: ctdc.utilities.runtestcaseforKatalon.testSetup() is applicable for argument types: (java.lang.String) values: []


2021-04-26 21:31:44 - [TEST_STEP][PASSED] - closeBrowser(): Browser is closed

2021-04-26 21:31:45 - [MESSAGE][PASSED] - Browser is closed

2021-04-26 21:31:45 - [TEST_STEP][PASSED] - openBrowser(""): Browser is opened with url: ''

2021-04-26 21:31:45 - [MESSAGE][INFO] - Starting 'Chrome (headless)' driver

2021-04-26 21:31:45 - [MESSAGE][INFO] - User set preference: ['args', '[--no-sandbox]']

2021-04-26 21:31:45 - [MESSAGE][INFO] - Action delay is set to 5,000 milliseconds

2021-04-26 21:31:48 - [MESSAGE][PASSED] - Browser is opened with url: ''

2021-04-26 21:31:48 - [TEST_STEP][ERROR] - ctdc.utilities.runtestcaseforKatalon.testSetup(""): No signature of method: ctdc.utilities.runtestcaseforKatalon.testSetup() is applicable for argument types: (java.lang.String) values: []

2021-04-26 21:31:48 - [MESSAGE][ERROR] - No signature of method: ctdc.utilities.runtestcaseforKatalon.testSetup() is applicable for argument types: (java.lang.String) values: []]]></system-out>
         <system-err><![CDATA[2021-04-26 21:31:42 - [TEST_CASE][ERROR] - Test Cases/Canine_TestCases/Breed/TC39_Canine_Filter_Breed-Rottweiler: Test Cases/Canine_TestCases/Breed/TC39_Canine_Filter_Breed-Rottweiler FAILED.
Reason:
org.codehaus.groovy.runtime.metaclass.MissingMethodExceptionNoStack: No signature of method: ctdc.utilities.runtestcaseforKatalon.testSetup() is applicable for argument types: (java.lang.String) values: []]]></system-err>
      </testcase>
      <testcase name="Test Cases/Canine_TestCases/Breed/TC40_Canine_Filter_Breed-SaintBnd" time="5.395" classname="Test Cases/Canine_TestCases/Breed/TC40_Canine_Filter_Breed-SaintBnd" status="ERROR">
         <error type="ERROR" message="Test Cases/Canine_TestCases/Breed/TC40_Canine_Filter_Breed-SaintBnd FAILED.
Reason:
org.codehaus.groovy.runtime.metaclass.MissingMethodExceptionNoStack: No signature of method: ctdc.utilities.runtestcaseforKatalon.testSetup() is applicable for argument types: (java.lang.String) values: []
"/>
         <system-out><![CDATA[2021-04-26 21:31:48 - [TEST_CASE][ERROR] - Test Cases/Canine_TestCases/Breed/TC40_Canine_Filter_Breed-SaintBnd: Test Cases/Canine_TestCases/Breed/TC40_Canine_Filter_Breed-SaintBnd FAILED.
Reason:
org.codehaus.groovy.runtime.metaclass.MissingMethodExceptionNoStack: No signature of method: ctdc.utilities.runtestcaseforKatalon.testSetup() is applicable for argument types: (java.lang.String) values: []


2021-04-26 21:31:50 - [TEST_STEP][PASSED] - closeBrowser(): Browser is closed

2021-04-26 21:31:50 - [MESSAGE][PASSED] - Browser is closed

2021-04-26 21:31:50 - [TEST_STEP][PASSED] - openBrowser(""): Browser is opened with url: ''

2021-04-26 21:31:50 - [MESSAGE][INFO] - Starting 'Chrome (headless)' driver

2021-04-26 21:31:50 - [MESSAGE][INFO] - User set preference: ['args', '[--no-sandbox]']

2021-04-26 21:31:50 - [MESSAGE][INFO] - Action delay is set to 5,000 milliseconds

2021-04-26 21:31:53 - [MESSAGE][PASSED] - Browser is opened with url: ''

2021-04-26 21:31:53 - [TEST_STEP][ERROR] - ctdc.utilities.runtestcaseforKatalon.testSetup(""): No signature of method: ctdc.utilities.runtestcaseforKatalon.testSetup() is applicable for argument types: (java.lang.String) values: []

2021-04-26 21:31:53 - [MESSAGE][ERROR] - No signature of method: ctdc.utilities.runtestcaseforKatalon.testSetup() is applicable for argument types: (java.lang.String) values: []]]></system-out>
         <system-err><![CDATA[2021-04-26 21:31:48 - [TEST_CASE][ERROR] - Test Cases/Canine_TestCases/Breed/TC40_Canine_Filter_Breed-SaintBnd: Test Cases/Canine_TestCases/Breed/TC40_Canine_Filter_Breed-SaintBnd FAILED.
Reason:
org.codehaus.groovy.runtime.metaclass.MissingMethodExceptionNoStack: No signature of method: ctdc.utilities.runtestcaseforKatalon.testSetup() is applicable for argument types: (java.lang.String) values: []]]></system-err>
      </testcase>
      <testcase name="Test Cases/Canine_TestCases/Breed/TC41_Canine_Filter_Breed-Samoyed" time="5.762" classname="Test Cases/Canine_TestCases/Breed/TC41_Canine_Filter_Breed-Samoyed" status="ERROR">
         <error type="ERROR" message="Test Cases/Canine_TestCases/Breed/TC41_Canine_Filter_Breed-Samoyed FAILED.
Reason:
org.codehaus.groovy.runtime.metaclass.MissingMethodExceptionNoStack: No signature of method: ctdc.utilities.runtestcaseforKatalon.testSetup() is applicable for argument types: (java.lang.String) values: []
"/>
         <system-out><![CDATA[2021-04-26 21:31:53 - [TEST_CASE][ERROR] - Test Cases/Canine_TestCases/Breed/TC41_Canine_Filter_Breed-Samoyed: Test Cases/Canine_TestCases/Breed/TC41_Canine_Filter_Breed-Samoyed FAILED.
Reason:
org.codehaus.groovy.runtime.metaclass.MissingMethodExceptionNoStack: No signature of method: ctdc.utilities.runtestcaseforKatalon.testSetup() is applicable for argument types: (java.lang.String) values: []


2021-04-26 21:31:55 - [TEST_STEP][PASSED] - closeBrowser(): Browser is closed

2021-04-26 21:31:56 - [MESSAGE][PASSED] - Browser is closed

2021-04-26 21:31:56 - [TEST_STEP][PASSED] - openBrowser(""): Browser is opened with url: ''

2021-04-26 21:31:56 - [MESSAGE][INFO] - Starting 'Chrome (headless)' driver

2021-04-26 21:31:56 - [MESSAGE][INFO] - User set preference: ['args', '[--no-sandbox]']

2021-04-26 21:31:56 - [MESSAGE][INFO] - Action delay is set to 5,000 milliseconds

2021-04-26 21:31:59 - [MESSAGE][PASSED] - Browser is opened with url: ''

2021-04-26 21:31:59 - [TEST_STEP][ERROR] - ctdc.utilities.runtestcaseforKatalon.testSetup(""): No signature of method: ctdc.utilities.runtestcaseforKatalon.testSetup() is applicable for argument types: (java.lang.String) values: []

2021-04-26 21:31:59 - [MESSAGE][ERROR] - No signature of method: ctdc.utilities.runtestcaseforKatalon.testSetup() is applicable for argument types: (java.lang.String) values: []]]></system-out>
         <system-err><![CDATA[2021-04-26 21:31:53 - [TEST_CASE][ERROR] - Test Cases/Canine_TestCases/Breed/TC41_Canine_Filter_Breed-Samoyed: Test Cases/Canine_TestCases/Breed/TC41_Canine_Filter_Breed-Samoyed FAILED.
Reason:
org.codehaus.groovy.runtime.metaclass.MissingMethodExceptionNoStack: No signature of method: ctdc.utilities.runtestcaseforKatalon.testSetup() is applicable for argument types: (java.lang.String) values: []]]></system-err>
      </testcase>
      <testcase name="Test Cases/Canine_TestCases/Breed/TC42_Canine_Filter_Breed-ShihTzu" time="5.909" classname="Test Cases/Canine_TestCases/Breed/TC42_Canine_Filter_Breed-ShihTzu" status="ERROR">
         <error type="ERROR" message="Test Cases/Canine_TestCases/Breed/TC42_Canine_Filter_Breed-ShihTzu FAILED.
Reason:
org.codehaus.groovy.runtime.metaclass.MissingMethodExceptionNoStack: No signature of method: ctdc.utilities.runtestcaseforKatalon.testSetup() is applicable for argument types: (java.lang.String) values: []
"/>
         <system-out><![CDATA[2021-04-26 21:31:59 - [TEST_CASE][ERROR] - Test Cases/Canine_TestCases/Breed/TC42_Canine_Filter_Breed-ShihTzu: Test Cases/Canine_TestCases/Breed/TC42_Canine_Filter_Breed-ShihTzu FAILED.
Reason:
org.codehaus.groovy.runtime.metaclass.MissingMethodExceptionNoStack: No signature of method: ctdc.utilities.runtestcaseforKatalon.testSetup() is applicable for argument types: (java.lang.String) values: []


2021-04-26 21:32:01 - [TEST_STEP][PASSED] - closeBrowser(): Browser is closed

2021-04-26 21:32:02 - [MESSAGE][PASSED] - Browser is closed

2021-04-26 21:32:02 - [TEST_STEP][PASSED] - openBrowser(""): Browser is opened with url: ''

2021-04-26 21:32:02 - [MESSAGE][INFO] - Starting 'Chrome (headless)' driver

2021-04-26 21:32:02 - [MESSAGE][INFO] - User set preference: ['args', '[--no-sandbox]']

2021-04-26 21:32:02 - [MESSAGE][INFO] - Action delay is set to 5,000 milliseconds

2021-04-26 21:32:05 - [MESSAGE][PASSED] - Browser is opened with url: ''

2021-04-26 21:32:05 - [TEST_STEP][ERROR] - ctdc.utilities.runtestcaseforKatalon.testSetup(""): No signature of method: ctdc.utilities.runtestcaseforKatalon.testSetup() is applicable for argument types: (java.lang.String) values: []

2021-04-26 21:32:05 - [MESSAGE][ERROR] - No signature of method: ctdc.utilities.runtestcaseforKatalon.testSetup() is applicable for argument types: (java.lang.String) values: []]]></system-out>
         <system-err><![CDATA[2021-04-26 21:31:59 - [TEST_CASE][ERROR] - Test Cases/Canine_TestCases/Breed/TC42_Canine_Filter_Breed-ShihTzu: Test Cases/Canine_TestCases/Breed/TC42_Canine_Filter_Breed-ShihTzu FAILED.
Reason:
org.codehaus.groovy.runtime.metaclass.MissingMethodExceptionNoStack: No signature of method: ctdc.utilities.runtestcaseforKatalon.testSetup() is applicable for argument types: (java.lang.String) values: []]]></system-err>
      </testcase>
      <testcase name="Test Cases/Canine_TestCases/Breed/TC43_Canine_Filter_Breed-StaffdshrBull" time="5.461" classname="Test Cases/Canine_TestCases/Breed/TC43_Canine_Filter_Breed-StaffdshrBull" status="ERROR">
         <error type="ERROR" message="Test Cases/Canine_TestCases/Breed/TC43_Canine_Filter_Breed-StaffdshrBull FAILED.
Reason:
org.codehaus.groovy.runtime.metaclass.MissingMethodExceptionNoStack: No signature of method: ctdc.utilities.runtestcaseforKatalon.testSetup() is applicable for argument types: (java.lang.String) values: []
"/>
         <system-out><![CDATA[2021-04-26 21:32:05 - [TEST_CASE][ERROR] - Test Cases/Canine_TestCases/Breed/TC43_Canine_Filter_Breed-StaffdshrBull: Test Cases/Canine_TestCases/Breed/TC43_Canine_Filter_Breed-StaffdshrBull FAILED.
Reason:
org.codehaus.groovy.runtime.metaclass.MissingMethodExceptionNoStack: No signature of method: ctdc.utilities.runtestcaseforKatalon.testSetup() is applicable for argument types: (java.lang.String) values: []


2021-04-26 21:32:07 - [TEST_STEP][PASSED] - closeBrowser(): Browser is closed

2021-04-26 21:32:08 - [MESSAGE][PASSED] - Browser is closed

2021-04-26 21:32:08 - [TEST_STEP][PASSED] - openBrowser(""): Browser is opened with url: ''

2021-04-26 21:32:08 - [MESSAGE][INFO] - Starting 'Chrome (headless)' driver

2021-04-26 21:32:08 - [MESSAGE][INFO] - User set preference: ['args', '[--no-sandbox]']

2021-04-26 21:32:08 - [MESSAGE][INFO] - Action delay is set to 5,000 milliseconds

2021-04-26 21:32:10 - [MESSAGE][PASSED] - Browser is opened with url: ''

2021-04-26 21:32:10 - [TEST_STEP][ERROR] - ctdc.utilities.runtestcaseforKatalon.testSetup(""): No signature of method: ctdc.utilities.runtestcaseforKatalon.testSetup() is applicable for argument types: (java.lang.String) values: []

2021-04-26 21:32:10 - [MESSAGE][ERROR] - No signature of method: ctdc.utilities.runtestcaseforKatalon.testSetup() is applicable for argument types: (java.lang.String) values: []]]></system-out>
         <system-err><![CDATA[2021-04-26 21:32:05 - [TEST_CASE][ERROR] - Test Cases/Canine_TestCases/Breed/TC43_Canine_Filter_Breed-StaffdshrBull: Test Cases/Canine_TestCases/Breed/TC43_Canine_Filter_Breed-StaffdshrBull FAILED.
Reason:
org.codehaus.groovy.runtime.metaclass.MissingMethodExceptionNoStack: No signature of method: ctdc.utilities.runtestcaseforKatalon.testSetup() is applicable for argument types: (java.lang.String) values: []]]></system-err>
      </testcase>
      <testcase name="Test Cases/Canine_TestCases/Breed/TC44_Canine_Filter_Breed-Vizsla" time="5.592" classname="Test Cases/Canine_TestCases/Breed/TC44_Canine_Filter_Breed-Vizsla" status="ERROR">
         <error type="ERROR" message="Test Cases/Canine_TestCases/Breed/TC44_Canine_Filter_Breed-Vizsla FAILED.
Reason:
org.codehaus.groovy.runtime.metaclass.MissingMethodExceptionNoStack: No signature of method: ctdc.utilities.runtestcaseforKatalon.testSetup() is applicable for argument types: (java.lang.String) values: []
"/>
         <system-out><![CDATA[2021-04-26 21:32:10 - [TEST_CASE][ERROR] - Test Cases/Canine_TestCases/Breed/TC44_Canine_Filter_Breed-Vizsla: Test Cases/Canine_TestCases/Breed/TC44_Canine_Filter_Breed-Vizsla FAILED.
Reason:
org.codehaus.groovy.runtime.metaclass.MissingMethodExceptionNoStack: No signature of method: ctdc.utilities.runtestcaseforKatalon.testSetup() is applicable for argument types: (java.lang.String) values: []


2021-04-26 21:32:12 - [TEST_STEP][PASSED] - closeBrowser(): Browser is closed

2021-04-26 21:32:13 - [MESSAGE][PASSED] - Browser is closed

2021-04-26 21:32:13 - [TEST_STEP][PASSED] - openBrowser(""): Browser is opened with url: ''

2021-04-26 21:32:13 - [MESSAGE][INFO] - Starting 'Chrome (headless)' driver

2021-04-26 21:32:13 - [MESSAGE][INFO] - User set preference: ['args', '[--no-sandbox]']

2021-04-26 21:32:13 - [MESSAGE][INFO] - Action delay is set to 5,000 milliseconds

2021-04-26 21:32:16 - [MESSAGE][PASSED] - Browser is opened with url: ''

2021-04-26 21:32:16 - [TEST_STEP][ERROR] - ctdc.utilities.runtestcaseforKatalon.testSetup(""): No signature of method: ctdc.utilities.runtestcaseforKatalon.testSetup() is applicable for argument types: (java.lang.String) values: []

2021-04-26 21:32:16 - [MESSAGE][ERROR] - No signature of method: ctdc.utilities.runtestcaseforKatalon.testSetup() is applicable for argument types: (java.lang.String) values: []]]></system-out>
         <system-err><![CDATA[2021-04-26 21:32:10 - [TEST_CASE][ERROR] - Test Cases/Canine_TestCases/Breed/TC44_Canine_Filter_Breed-Vizsla: Test Cases/Canine_TestCases/Breed/TC44_Canine_Filter_Breed-Vizsla FAILED.
Reason:
org.codehaus.groovy.runtime.metaclass.MissingMethodExceptionNoStack: No signature of method: ctdc.utilities.runtestcaseforKatalon.testSetup() is applicable for argument types: (java.lang.String) values: []]]></system-err>
      </testcase>
      <testcase name="Test Cases/Canine_TestCases/Breed/TC45_Canine_Filter_Breed-Weimrnr" time="5.788" classname="Test Cases/Canine_TestCases/Breed/TC45_Canine_Filter_Breed-Weimrnr" status="ERROR">
         <error type="ERROR" message="Test Cases/Canine_TestCases/Breed/TC45_Canine_Filter_Breed-Weimrnr FAILED.
Reason:
org.codehaus.groovy.runtime.metaclass.MissingMethodExceptionNoStack: No signature of method: ctdc.utilities.runtestcaseforKatalon.testSetup() is applicable for argument types: (java.lang.String) values: []
"/>
         <system-out><![CDATA[2021-04-26 21:32:16 - [TEST_CASE][ERROR] - Test Cases/Canine_TestCases/Breed/TC45_Canine_Filter_Breed-Weimrnr: Test Cases/Canine_TestCases/Breed/TC45_Canine_Filter_Breed-Weimrnr FAILED.
Reason:
org.codehaus.groovy.runtime.metaclass.MissingMethodExceptionNoStack: No signature of method: ctdc.utilities.runtestcaseforKatalon.testSetup() is applicable for argument types: (java.lang.String) values: []


2021-04-26 21:32:18 - [TEST_STEP][PASSED] - closeBrowser(): Browser is closed

2021-04-26 21:32:19 - [MESSAGE][PASSED] - Browser is closed

2021-04-26 21:32:19 - [TEST_STEP][PASSED] - openBrowser(""): Browser is opened with url: ''

2021-04-26 21:32:19 - [MESSAGE][INFO] - Starting 'Chrome (headless)' driver

2021-04-26 21:32:19 - [MESSAGE][INFO] - User set preference: ['args', '[--no-sandbox]']

2021-04-26 21:32:19 - [MESSAGE][INFO] - Action delay is set to 5,000 milliseconds

2021-04-26 21:32:22 - [MESSAGE][PASSED] - Browser is opened with url: ''

2021-04-26 21:32:22 - [TEST_STEP][ERROR] - ctdc.utilities.runtestcaseforKatalon.testSetup(""): No signature of method: ctdc.utilities.runtestcaseforKatalon.testSetup() is applicable for argument types: (java.lang.String) values: []

2021-04-26 21:32:22 - [MESSAGE][ERROR] - No signature of method: ctdc.utilities.runtestcaseforKatalon.testSetup() is applicable for argument types: (java.lang.String) values: []]]></system-out>
         <system-err><![CDATA[2021-04-26 21:32:16 - [TEST_CASE][ERROR] - Test Cases/Canine_TestCases/Breed/TC45_Canine_Filter_Breed-Weimrnr: Test Cases/Canine_TestCases/Breed/TC45_Canine_Filter_Breed-Weimrnr FAILED.
Reason:
org.codehaus.groovy.runtime.metaclass.MissingMethodExceptionNoStack: No signature of method: ctdc.utilities.runtestcaseforKatalon.testSetup() is applicable for argument types: (java.lang.String) values: []]]></system-err>
      </testcase>
      <testcase name="Test Cases/Canine_TestCases/Breed/TC46_Canine_Filter_Breed-WestHlnd" time="5.713" classname="Test Cases/Canine_TestCases/Breed/TC46_Canine_Filter_Breed-WestHlnd" status="ERROR">
         <error type="ERROR" message="Test Cases/Canine_TestCases/Breed/TC46_Canine_Filter_Breed-WestHlnd FAILED.
Reason:
org.codehaus.groovy.runtime.metaclass.MissingMethodExceptionNoStack: No signature of method: ctdc.utilities.runtestcaseforKatalon.testSetup() is applicable for argument types: (java.lang.String) values: []
"/>
         <system-out><![CDATA[2021-04-26 21:32:22 - [TEST_CASE][ERROR] - Test Cases/Canine_TestCases/Breed/TC46_Canine_Filter_Breed-WestHlnd: Test Cases/Canine_TestCases/Breed/TC46_Canine_Filter_Breed-WestHlnd FAILED.
Reason:
org.codehaus.groovy.runtime.metaclass.MissingMethodExceptionNoStack: No signature of method: ctdc.utilities.runtestcaseforKatalon.testSetup() is applicable for argument types: (java.lang.String) values: []


2021-04-26 21:32:24 - [TEST_STEP][PASSED] - closeBrowser(): Browser is closed

2021-04-26 21:32:24 - [MESSAGE][PASSED] - Browser is closed

2021-04-26 21:32:24 - [TEST_STEP][PASSED] - openBrowser(""): Browser is opened with url: ''

2021-04-26 21:32:24 - [MESSAGE][INFO] - Starting 'Chrome (headless)' driver

2021-04-26 21:32:24 - [MESSAGE][INFO] - User set preference: ['args', '[--no-sandbox]']

2021-04-26 21:32:24 - [MESSAGE][INFO] - Action delay is set to 5,000 milliseconds

2021-04-26 21:32:27 - [MESSAGE][PASSED] - Browser is opened with url: ''

2021-04-26 21:32:27 - [TEST_STEP][ERROR] - ctdc.utilities.runtestcaseforKatalon.testSetup(""): No signature of method: ctdc.utilities.runtestcaseforKatalon.testSetup() is applicable for argument types: (java.lang.String) values: []

2021-04-26 21:32:27 - [MESSAGE][ERROR] - No signature of method: ctdc.utilities.runtestcaseforKatalon.testSetup() is applicable for argument types: (java.lang.String) values: []]]></system-out>
         <system-err><![CDATA[2021-04-26 21:32:22 - [TEST_CASE][ERROR] - Test Cases/Canine_TestCases/Breed/TC46_Canine_Filter_Breed-WestHlnd: Test Cases/Canine_TestCases/Breed/TC46_Canine_Filter_Breed-WestHlnd FAILED.
Reason:
org.codehaus.groovy.runtime.metaclass.MissingMethodExceptionNoStack: No signature of method: ctdc.utilities.runtestcaseforKatalon.testSetup() is applicable for argument types: (java.lang.String) values: []]]></system-err>
      </testcase>
      <testcase name="Test Cases/Canine_TestCases/Breed/TC47_Canine_Filter_Breed-YorkshireTerr" time="6.102" classname="Test Cases/Canine_TestCases/Breed/TC47_Canine_Filter_Breed-YorkshireTerr" status="ERROR">
         <error type="ERROR" message="Test Cases/Canine_TestCases/Breed/TC47_Canine_Filter_Breed-YorkshireTerr FAILED.
Reason:
org.codehaus.groovy.runtime.metaclass.MissingMethodExceptionNoStack: No signature of method: ctdc.utilities.runtestcaseforKatalon.testSetup() is applicable for argument types: (java.lang.String) values: []
"/>
         <system-out><![CDATA[2021-04-26 21:32:27 - [TEST_CASE][ERROR] - Test Cases/Canine_TestCases/Breed/TC47_Canine_Filter_Breed-YorkshireTerr: Test Cases/Canine_TestCases/Breed/TC47_Canine_Filter_Breed-YorkshireTerr FAILED.
Reason:
org.codehaus.groovy.runtime.metaclass.MissingMethodExceptionNoStack: No signature of method: ctdc.utilities.runtestcaseforKatalon.testSetup() is applicable for argument types: (java.lang.String) values: []


2021-04-26 21:32:30 - [TEST_STEP][PASSED] - closeBrowser(): Browser is closed

2021-04-26 21:32:30 - [MESSAGE][PASSED] - Browser is closed

2021-04-26 21:32:30 - [TEST_STEP][PASSED] - openBrowser(""): Browser is opened with url: ''

2021-04-26 21:32:30 - [MESSAGE][INFO] - Starting 'Chrome (headless)' driver

2021-04-26 21:32:30 - [MESSAGE][INFO] - User set preference: ['args', '[--no-sandbox]']

2021-04-26 21:32:30 - [MESSAGE][INFO] - Action delay is set to 5,000 milliseconds

2021-04-26 21:32:33 - [MESSAGE][PASSED] - Browser is opened with url: ''

2021-04-26 21:32:33 - [TEST_STEP][ERROR] - ctdc.utilities.runtestcaseforKatalon.testSetup(""): No signature of method: ctdc.utilities.runtestcaseforKatalon.testSetup() is applicable for argument types: (java.lang.String) values: []

2021-04-26 21:32:33 - [MESSAGE][ERROR] - No signature of method: ctdc.utilities.runtestcaseforKatalon.testSetup() is applicable for argument types: (java.lang.String) values: []]]></system-out>
         <system-err><![CDATA[2021-04-26 21:32:27 - [TEST_CASE][ERROR] - Test Cases/Canine_TestCases/Breed/TC47_Canine_Filter_Breed-YorkshireTerr: Test Cases/Canine_TestCases/Breed/TC47_Canine_Filter_Breed-YorkshireTerr FAILED.
Reason:
org.codehaus.groovy.runtime.metaclass.MissingMethodExceptionNoStack: No signature of method: ctdc.utilities.runtestcaseforKatalon.testSetup() is applicable for argument types: (java.lang.String) values: []]]></system-err>
      </testcase>
      <testcase name="Test Cases/Canine_TestCases/Study/TC01_Canine_Filter_Study-COTB" time="5.394" classname="Test Cases/Canine_TestCases/Study/TC01_Canine_Filter_Study-COTB" status="ERROR">
         <error type="ERROR" message="Test Cases/Canine_TestCases/Study/TC01_Canine_Filter_Study-COTB FAILED.
Reason:
org.codehaus.groovy.runtime.metaclass.MissingMethodExceptionNoStack: No signature of method: ctdc.utilities.runtestcaseforKatalon.testSetup() is applicable for argument types: (java.lang.String) values: []
"/>
         <system-out><![CDATA[2021-04-26 21:32:33 - [TEST_CASE][ERROR] - Test Cases/Canine_TestCases/Study/TC01_Canine_Filter_Study-COTB: Test Cases/Canine_TestCases/Study/TC01_Canine_Filter_Study-COTB FAILED.
Reason:
org.codehaus.groovy.runtime.metaclass.MissingMethodExceptionNoStack: No signature of method: ctdc.utilities.runtestcaseforKatalon.testSetup() is applicable for argument types: (java.lang.String) values: []


2021-04-26 21:32:36 - [TEST_STEP][PASSED] - closeBrowser(): Browser is closed

2021-04-26 21:32:36 - [MESSAGE][PASSED] - Browser is closed

2021-04-26 21:32:36 - [TEST_STEP][PASSED] - openBrowser(""): Browser is opened with url: ''

2021-04-26 21:32:36 - [MESSAGE][INFO] - Starting 'Chrome (headless)' driver

2021-04-26 21:32:36 - [MESSAGE][INFO] - User set preference: ['args', '[--no-sandbox]']

2021-04-26 21:32:36 - [MESSAGE][INFO] - Action delay is set to 5,000 milliseconds

2021-04-26 21:32:39 - [MESSAGE][PASSED] - Browser is opened with url: ''

2021-04-26 21:32:39 - [TEST_STEP][ERROR] - ctdc.utilities.runtestcaseforKatalon.testSetup(""): No signature of method: ctdc.utilities.runtestcaseforKatalon.testSetup() is applicable for argument types: (java.lang.String) values: []

2021-04-26 21:32:39 - [MESSAGE][ERROR] - No signature of method: ctdc.utilities.runtestcaseforKatalon.testSetup() is applicable for argument types: (java.lang.String) values: []]]></system-out>
         <system-err><![CDATA[2021-04-26 21:32:33 - [TEST_CASE][ERROR] - Test Cases/Canine_TestCases/Study/TC01_Canine_Filter_Study-COTB: Test Cases/Canine_TestCases/Study/TC01_Canine_Filter_Study-COTB FAILED.
Reason:
org.codehaus.groovy.runtime.metaclass.MissingMethodExceptionNoStack: No signature of method: ctdc.utilities.runtestcaseforKatalon.testSetup() is applicable for argument types: (java.lang.String) values: []]]></system-err>
      </testcase>
      <testcase name="Test Cases/Canine_TestCases/Study/TC02_Canine_Filter_Study-NCATS" time="5.561" classname="Test Cases/Canine_TestCases/Study/TC02_Canine_Filter_Study-NCATS" status="ERROR">
         <error type="ERROR" message="Test Cases/Canine_TestCases/Study/TC02_Canine_Filter_Study-NCATS FAILED.
Reason:
org.codehaus.groovy.runtime.metaclass.MissingMethodExceptionNoStack: No signature of method: ctdc.utilities.runtestcaseforKatalon.testSetup() is applicable for argument types: (java.lang.String) values: []
"/>
         <system-out><![CDATA[2021-04-26 21:32:39 - [TEST_CASE][ERROR] - Test Cases/Canine_TestCases/Study/TC02_Canine_Filter_Study-NCATS: Test Cases/Canine_TestCases/Study/TC02_Canine_Filter_Study-NCATS FAILED.
Reason:
org.codehaus.groovy.runtime.metaclass.MissingMethodExceptionNoStack: No signature of method: ctdc.utilities.runtestcaseforKatalon.testSetup() is applicable for argument types: (java.lang.String) values: []


2021-04-26 21:32:41 - [TEST_STEP][PASSED] - closeBrowser(): Browser is closed

2021-04-26 21:32:42 - [MESSAGE][PASSED] - Browser is closed

2021-04-26 21:32:42 - [TEST_STEP][PASSED] - openBrowser(""): Browser is opened with url: ''

2021-04-26 21:32:42 - [MESSAGE][INFO] - Starting 'Chrome (headless)' driver

2021-04-26 21:32:42 - [MESSAGE][INFO] - User set preference: ['args', '[--no-sandbox]']

2021-04-26 21:32:42 - [MESSAGE][INFO] - Action delay is set to 5,000 milliseconds

2021-04-26 21:32:44 - [MESSAGE][PASSED] - Browser is opened with url: ''

2021-04-26 21:32:44 - [TEST_STEP][ERROR] - ctdc.utilities.runtestcaseforKatalon.testSetup(""): No signature of method: ctdc.utilities.runtestcaseforKatalon.testSetup() is applicable for argument types: (java.lang.String) values: []

2021-04-26 21:32:44 - [MESSAGE][ERROR] - No signature of method: ctdc.utilities.runtestcaseforKatalon.testSetup() is applicable for argument types: (java.lang.String) values: []]]></system-out>
         <system-err><![CDATA[2021-04-26 21:32:39 - [TEST_CASE][ERROR] - Test Cases/Canine_TestCases/Study/TC02_Canine_Filter_Study-NCATS: Test Cases/Canine_TestCases/Study/TC02_Canine_Filter_Study-NCATS FAILED.
Reason:
org.codehaus.groovy.runtime.metaclass.MissingMethodExceptionNoStack: No signature of method: ctdc.utilities.runtestcaseforKatalon.testSetup() is applicable for argument types: (java.lang.String) values: []]]></system-err>
      </testcase>
      <testcase name="Test Cases/Canine_TestCases/Study/TC03_Canine_Filter_Study-GLIOMA" time="6.277" classname="Test Cases/Canine_TestCases/Study/TC03_Canine_Filter_Study-GLIOMA" status="ERROR">
         <error type="ERROR" message="Test Cases/Canine_TestCases/Study/TC03_Canine_Filter_Study-GLIOMA FAILED.
Reason:
org.codehaus.groovy.runtime.metaclass.MissingMethodExceptionNoStack: No signature of method: ctdc.utilities.runtestcaseforKatalon.testSetup() is applicable for argument types: (java.lang.String) values: []
"/>
         <system-out><![CDATA[2021-04-26 21:32:44 - [TEST_CASE][ERROR] - Test Cases/Canine_TestCases/Study/TC03_Canine_Filter_Study-GLIOMA: Test Cases/Canine_TestCases/Study/TC03_Canine_Filter_Study-GLIOMA FAILED.
Reason:
org.codehaus.groovy.runtime.metaclass.MissingMethodExceptionNoStack: No signature of method: ctdc.utilities.runtestcaseforKatalon.testSetup() is applicable for argument types: (java.lang.String) values: []


2021-04-26 21:32:47 - [TEST_STEP][PASSED] - closeBrowser(): Browser is closed

2021-04-26 21:32:48 - [MESSAGE][PASSED] - Browser is closed

2021-04-26 21:32:48 - [TEST_STEP][PASSED] - openBrowser(""): Browser is opened with url: ''

2021-04-26 21:32:48 - [MESSAGE][INFO] - Starting 'Chrome (headless)' driver

2021-04-26 21:32:48 - [MESSAGE][INFO] - User set preference: ['args', '[--no-sandbox]']

2021-04-26 21:32:48 - [MESSAGE][INFO] - Action delay is set to 5,000 milliseconds

2021-04-26 21:32:51 - [MESSAGE][PASSED] - Browser is opened with url: ''

2021-04-26 21:32:51 - [TEST_STEP][ERROR] - ctdc.utilities.runtestcaseforKatalon.testSetup(""): No signature of method: ctdc.utilities.runtestcaseforKatalon.testSetup() is applicable for argument types: (java.lang.String) values: []

2021-04-26 21:32:51 - [MESSAGE][ERROR] - No signature of method: ctdc.utilities.runtestcaseforKatalon.testSetup() is applicable for argument types: (java.lang.String) values: []]]></system-out>
         <system-err><![CDATA[2021-04-26 21:32:44 - [TEST_CASE][ERROR] - Test Cases/Canine_TestCases/Study/TC03_Canine_Filter_Study-GLIOMA: Test Cases/Canine_TestCases/Study/TC03_Canine_Filter_Study-GLIOMA FAILED.
Reason:
org.codehaus.groovy.runtime.metaclass.MissingMethodExceptionNoStack: No signature of method: ctdc.utilities.runtestcaseforKatalon.testSetup() is applicable for argument types: (java.lang.String) values: []]]></system-err>
      </testcase>
      <testcase name="Test Cases/Canine_TestCases/Study/TC04_Canine_Filter_Study-ALL" time="6.773" classname="Test Cases/Canine_TestCases/Study/TC04_Canine_Filter_Study-ALL" status="ERROR">
         <error type="ERROR" message="Test Cases/Canine_TestCases/Study/TC04_Canine_Filter_Study-ALL FAILED.
Reason:
org.codehaus.groovy.runtime.metaclass.MissingMethodExceptionNoStack: No signature of method: ctdc.utilities.runtestcaseforKatalon.testSetup() is applicable for argument types: (java.lang.String) values: []
"/>
         <system-out><![CDATA[2021-04-26 21:32:51 - [TEST_CASE][ERROR] - Test Cases/Canine_TestCases/Study/TC04_Canine_Filter_Study-ALL: Test Cases/Canine_TestCases/Study/TC04_Canine_Filter_Study-ALL FAILED.
Reason:
org.codehaus.groovy.runtime.metaclass.MissingMethodExceptionNoStack: No signature of method: ctdc.utilities.runtestcaseforKatalon.testSetup() is applicable for argument types: (java.lang.String) values: []


2021-04-26 21:32:53 - [TEST_STEP][PASSED] - closeBrowser(): Browser is closed

2021-04-26 21:32:55 - [MESSAGE][PASSED] - Browser is closed

2021-04-26 21:32:55 - [TEST_STEP][PASSED] - openBrowser(""): Browser is opened with url: ''

2021-04-26 21:32:55 - [MESSAGE][INFO] - Starting 'Chrome (headless)' driver

2021-04-26 21:32:55 - [MESSAGE][INFO] - User set preference: ['args', '[--no-sandbox]']

2021-04-26 21:32:55 - [MESSAGE][INFO] - Action delay is set to 5,000 milliseconds

2021-04-26 21:32:58 - [MESSAGE][PASSED] - Browser is opened with url: ''

2021-04-26 21:32:58 - [TEST_STEP][ERROR] - ctdc.utilities.runtestcaseforKatalon.testSetup(""): No signature of method: ctdc.utilities.runtestcaseforKatalon.testSetup() is applicable for argument types: (java.lang.String) values: []

2021-04-26 21:32:58 - [MESSAGE][ERROR] - No signature of method: ctdc.utilities.runtestcaseforKatalon.testSetup() is applicable for argument types: (java.lang.String) values: []]]></system-out>
         <system-err><![CDATA[2021-04-26 21:32:51 - [TEST_CASE][ERROR] - Test Cases/Canine_TestCases/Study/TC04_Canine_Filter_Study-ALL: Test Cases/Canine_TestCases/Study/TC04_Canine_Filter_Study-ALL FAILED.
Reason:
org.codehaus.groovy.runtime.metaclass.MissingMethodExceptionNoStack: No signature of method: ctdc.utilities.runtestcaseforKatalon.testSetup() is applicable for argument types: (java.lang.String) values: []]]></system-err>
      </testcase>
      <testcase name="Test Cases/Canine_TestCases/StudyType/TC01_Canine_Filter_StudyType-ClinicalTrial" time="5.443" classname="Test Cases/Canine_TestCases/StudyType/TC01_Canine_Filter_StudyType-ClinicalTrial" status="ERROR">
         <error type="ERROR" message="Test Cases/Canine_TestCases/StudyType/TC01_Canine_Filter_StudyType-ClinicalTrial FAILED.
Reason:
org.codehaus.groovy.runtime.metaclass.MissingMethodExceptionNoStack: No signature of method: ctdc.utilities.runtestcaseforKatalon.testSetup() is applicable for argument types: (java.lang.String) values: []
"/>
         <system-out><![CDATA[2021-04-26 21:32:58 - [TEST_CASE][ERROR] - Test Cases/Canine_TestCases/StudyType/TC01_Canine_Filter_StudyType-ClinicalTrial: Test Cases/Canine_TestCases/StudyType/TC01_Canine_Filter_StudyType-ClinicalTrial FAILED.
Reason:
org.codehaus.groovy.runtime.metaclass.MissingMethodExceptionNoStack: No signature of method: ctdc.utilities.runtestcaseforKatalon.testSetup() is applicable for argument types: (java.lang.String) values: []


2021-04-26 21:33:00 - [TEST_STEP][PASSED] - closeBrowser(): Browser is closed

2021-04-26 21:33:01 - [MESSAGE][PASSED] - Browser is closed

2021-04-26 21:33:01 - [TEST_STEP][PASSED] - openBrowser(""): Browser is opened with url: ''

2021-04-26 21:33:01 - [MESSAGE][INFO] - Starting 'Chrome (headless)' driver

2021-04-26 21:33:01 - [MESSAGE][INFO] - User set preference: ['args', '[--no-sandbox]']

2021-04-26 21:33:01 - [MESSAGE][INFO] - Action delay is set to 5,000 milliseconds

2021-04-26 21:33:03 - [MESSAGE][PASSED] - Browser is opened with url: ''

2021-04-26 21:33:03 - [TEST_STEP][ERROR] - ctdc.utilities.runtestcaseforKatalon.testSetup(""): No signature of method: ctdc.utilities.runtestcaseforKatalon.testSetup() is applicable for argument types: (java.lang.String) values: []

2021-04-26 21:33:03 - [MESSAGE][ERROR] - No signature of method: ctdc.utilities.runtestcaseforKatalon.testSetup() is applicable for argument types: (java.lang.String) values: []]]></system-out>
         <system-err><![CDATA[2021-04-26 21:32:58 - [TEST_CASE][ERROR] - Test Cases/Canine_TestCases/StudyType/TC01_Canine_Filter_StudyType-ClinicalTrial: Test Cases/Canine_TestCases/StudyType/TC01_Canine_Filter_StudyType-ClinicalTrial FAILED.
Reason:
org.codehaus.groovy.runtime.metaclass.MissingMethodExceptionNoStack: No signature of method: ctdc.utilities.runtestcaseforKatalon.testSetup() is applicable for argument types: (java.lang.String) values: []]]></system-err>
      </testcase>
      <testcase name="Test Cases/Canine_TestCases/StudyType/TC02_Canine_Filter_StudyType-Transcriptomics" time="5.811" classname="Test Cases/Canine_TestCases/StudyType/TC02_Canine_Filter_StudyType-Transcriptomics" status="ERROR">
         <error type="ERROR" message="Test Cases/Canine_TestCases/StudyType/TC02_Canine_Filter_StudyType-Transcriptomics FAILED.
Reason:
org.codehaus.groovy.runtime.metaclass.MissingMethodExceptionNoStack: No signature of method: ctdc.utilities.runtestcaseforKatalon.testSetup() is applicable for argument types: (java.lang.String) values: []
"/>
         <system-out><![CDATA[2021-04-26 21:33:03 - [TEST_CASE][ERROR] - Test Cases/Canine_TestCases/StudyType/TC02_Canine_Filter_StudyType-Transcriptomics: Test Cases/Canine_TestCases/StudyType/TC02_Canine_Filter_StudyType-Transcriptomics FAILED.
Reason:
org.codehaus.groovy.runtime.metaclass.MissingMethodExceptionNoStack: No signature of method: ctdc.utilities.runtestcaseforKatalon.testSetup() is applicable for argument types: (java.lang.String) values: []


2021-04-26 21:33:05 - [TEST_STEP][PASSED] - closeBrowser(): Browser is closed

2021-04-26 21:33:06 - [MESSAGE][PASSED] - Browser is closed

2021-04-26 21:33:06 - [TEST_STEP][PASSED] - openBrowser(""): Browser is opened with url: ''

2021-04-26 21:33:06 - [MESSAGE][INFO] - Starting 'Chrome (headless)' driver

2021-04-26 21:33:06 - [MESSAGE][INFO] - User set preference: ['args', '[--no-sandbox]']

2021-04-26 21:33:06 - [MESSAGE][INFO] - Action delay is set to 5,000 milliseconds

2021-04-26 21:33:09 - [MESSAGE][PASSED] - Browser is opened with url: ''

2021-04-26 21:33:09 - [TEST_STEP][ERROR] - ctdc.utilities.runtestcaseforKatalon.testSetup(""): No signature of method: ctdc.utilities.runtestcaseforKatalon.testSetup() is applicable for argument types: (java.lang.String) values: []

2021-04-26 21:33:09 - [MESSAGE][ERROR] - No signature of method: ctdc.utilities.runtestcaseforKatalon.testSetup() is applicable for argument types: (java.lang.String) values: []]]></system-out>
         <system-err><![CDATA[2021-04-26 21:33:03 - [TEST_CASE][ERROR] - Test Cases/Canine_TestCases/StudyType/TC02_Canine_Filter_StudyType-Transcriptomics: Test Cases/Canine_TestCases/StudyType/TC02_Canine_Filter_StudyType-Transcriptomics FAILED.
Reason:
org.codehaus.groovy.runtime.metaclass.MissingMethodExceptionNoStack: No signature of method: ctdc.utilities.runtestcaseforKatalon.testSetup() is applicable for argument types: (java.lang.String) values: []]]></system-err>
      </testcase>
      <testcase name="Test Cases/Canine_TestCases/StudyType/TC03_Canine_Filter_StudyType-Genomics" time="6.074" classname="Test Cases/Canine_TestCases/StudyType/TC03_Canine_Filter_StudyType-Genomics" status="ERROR">
         <error type="ERROR" message="Test Cases/Canine_TestCases/StudyType/TC03_Canine_Filter_StudyType-Genomics FAILED.
Reason:
org.codehaus.groovy.runtime.metaclass.MissingMethodExceptionNoStack: No signature of method: ctdc.utilities.runtestcaseforKatalon.testSetup() is applicable for argument types: (java.lang.String) values: []
"/>
         <system-out><![CDATA[2021-04-26 21:33:09 - [TEST_CASE][ERROR] - Test Cases/Canine_TestCases/StudyType/TC03_Canine_Filter_StudyType-Genomics: Test Cases/Canine_TestCases/StudyType/TC03_Canine_Filter_StudyType-Genomics FAILED.
Reason:
org.codehaus.groovy.runtime.metaclass.MissingMethodExceptionNoStack: No signature of method: ctdc.utilities.runtestcaseforKatalon.testSetup() is applicable for argument types: (java.lang.String) values: []


2021-04-26 21:33:11 - [TEST_STEP][PASSED] - closeBrowser(): Browser is closed

2021-04-26 21:33:12 - [MESSAGE][PASSED] - Browser is closed

2021-04-26 21:33:12 - [TEST_STEP][PASSED] - openBrowser(""): Browser is opened with url: ''

2021-04-26 21:33:12 - [MESSAGE][INFO] - Starting 'Chrome (headless)' driver

2021-04-26 21:33:12 - [MESSAGE][INFO] - User set preference: ['args', '[--no-sandbox]']

2021-04-26 21:33:12 - [MESSAGE][INFO] - Action delay is set to 5,000 milliseconds

2021-04-26 21:33:15 - [MESSAGE][PASSED] - Browser is opened with url: ''

2021-04-26 21:33:15 - [TEST_STEP][ERROR] - ctdc.utilities.runtestcaseforKatalon.testSetup(""): No signature of method: ctdc.utilities.runtestcaseforKatalon.testSetup() is applicable for argument types: (java.lang.String) values: []

2021-04-26 21:33:15 - [MESSAGE][ERROR] - No signature of method: ctdc.utilities.runtestcaseforKatalon.testSetup() is applicable for argument types: (java.lang.String) values: []]]></system-out>
         <system-err><![CDATA[2021-04-26 21:33:09 - [TEST_CASE][ERROR] - Test Cases/Canine_TestCases/StudyType/TC03_Canine_Filter_StudyType-Genomics: Test Cases/Canine_TestCases/StudyType/TC03_Canine_Filter_StudyType-Genomics FAILED.
Reason:
org.codehaus.groovy.runtime.metaclass.MissingMethodExceptionNoStack: No signature of method: ctdc.utilities.runtestcaseforKatalon.testSetup() is applicable for argument types: (java.lang.String) values: []]]></system-err>
      </testcase>
      <testcase name="Test Cases/Canine_TestCases/Diagnosis/TC01_Canine_Filter_Diagnosis-BCellLymphoma" time="6.175" classname="Test Cases/Canine_TestCases/Diagnosis/TC01_Canine_Filter_Diagnosis-BCellLymphoma" status="ERROR">
         <error type="ERROR" message="Test Cases/Canine_TestCases/Diagnosis/TC01_Canine_Filter_Diagnosis-BCellLymphoma FAILED.
Reason:
org.codehaus.groovy.runtime.metaclass.MissingMethodExceptionNoStack: No signature of method: ctdc.utilities.runtestcaseforKatalon.testSetup() is applicable for argument types: (java.lang.String) values: []
"/>
         <system-out><![CDATA[2021-04-26 21:33:15 - [TEST_CASE][ERROR] - Test Cases/Canine_TestCases/Diagnosis/TC01_Canine_Filter_Diagnosis-BCellLymphoma: Test Cases/Canine_TestCases/Diagnosis/TC01_Canine_Filter_Diagnosis-BCellLymphoma FAILED.
Reason:
org.codehaus.groovy.runtime.metaclass.MissingMethodExceptionNoStack: No signature of method: ctdc.utilities.runtestcaseforKatalon.testSetup() is applicable for argument types: (java.lang.String) values: []


2021-04-26 21:33:17 - [TEST_STEP][PASSED] - closeBrowser(): Browser is closed

2021-04-26 21:33:18 - [MESSAGE][PASSED] - Browser is closed

2021-04-26 21:33:18 - [TEST_STEP][PASSED] - openBrowser(""): Browser is opened with url: ''

2021-04-26 21:33:18 - [MESSAGE][INFO] - Starting 'Chrome (headless)' driver

2021-04-26 21:33:18 - [MESSAGE][INFO] - User set preference: ['args', '[--no-sandbox]']

2021-04-26 21:33:18 - [MESSAGE][INFO] - Action delay is set to 5,000 milliseconds

2021-04-26 21:33:21 - [MESSAGE][PASSED] - Browser is opened with url: ''

2021-04-26 21:33:21 - [TEST_STEP][ERROR] - ctdc.utilities.runtestcaseforKatalon.testSetup(""): No signature of method: ctdc.utilities.runtestcaseforKatalon.testSetup() is applicable for argument types: (java.lang.String) values: []

2021-04-26 21:33:21 - [MESSAGE][ERROR] - No signature of method: ctdc.utilities.runtestcaseforKatalon.testSetup() is applicable for argument types: (java.lang.String) values: []]]></system-out>
         <system-err><![CDATA[2021-04-26 21:33:15 - [TEST_CASE][ERROR] - Test Cases/Canine_TestCases/Diagnosis/TC01_Canine_Filter_Diagnosis-BCellLymphoma: Test Cases/Canine_TestCases/Diagnosis/TC01_Canine_Filter_Diagnosis-BCellLymphoma FAILED.
Reason:
org.codehaus.groovy.runtime.metaclass.MissingMethodExceptionNoStack: No signature of method: ctdc.utilities.runtestcaseforKatalon.testSetup() is applicable for argument types: (java.lang.String) values: []]]></system-err>
      </testcase>
      <testcase name="Test Cases/Canine_TestCases/Diagnosis/TC02_Canine_Filter_Diagnosis-Glioma" time="6.423" classname="Test Cases/Canine_TestCases/Diagnosis/TC02_Canine_Filter_Diagnosis-Glioma" status="ERROR">
         <error type="ERROR" message="Test Cases/Canine_TestCases/Diagnosis/TC02_Canine_Filter_Diagnosis-Glioma FAILED.
Reason:
org.codehaus.groovy.runtime.metaclass.MissingMethodExceptionNoStack: No signature of method: ctdc.utilities.runtestcaseforKatalon.testSetup() is applicable for argument types: (java.lang.String) values: []
"/>
         <system-out><![CDATA[2021-04-26 21:33:21 - [TEST_CASE][ERROR] - Test Cases/Canine_TestCases/Diagnosis/TC02_Canine_Filter_Diagnosis-Glioma: Test Cases/Canine_TestCases/Diagnosis/TC02_Canine_Filter_Diagnosis-Glioma FAILED.
Reason:
org.codehaus.groovy.runtime.metaclass.MissingMethodExceptionNoStack: No signature of method: ctdc.utilities.runtestcaseforKatalon.testSetup() is applicable for argument types: (java.lang.String) values: []


2021-04-26 21:33:24 - [TEST_STEP][PASSED] - closeBrowser(): Browser is closed

2021-04-26 21:33:24 - [MESSAGE][PASSED] - Browser is closed

2021-04-26 21:33:24 - [TEST_STEP][PASSED] - openBrowser(""): Browser is opened with url: ''

2021-04-26 21:33:24 - [MESSAGE][INFO] - Starting 'Chrome (headless)' driver

2021-04-26 21:33:24 - [MESSAGE][INFO] - User set preference: ['args', '[--no-sandbox]']

2021-04-26 21:33:24 - [MESSAGE][INFO] - Action delay is set to 5,000 milliseconds

2021-04-26 21:33:27 - [MESSAGE][PASSED] - Browser is opened with url: ''

2021-04-26 21:33:27 - [TEST_STEP][ERROR] - ctdc.utilities.runtestcaseforKatalon.testSetup(""): No signature of method: ctdc.utilities.runtestcaseforKatalon.testSetup() is applicable for argument types: (java.lang.String) values: []

2021-04-26 21:33:27 - [MESSAGE][ERROR] - No signature of method: ctdc.utilities.runtestcaseforKatalon.testSetup() is applicable for argument types: (java.lang.String) values: []]]></system-out>
         <system-err><![CDATA[2021-04-26 21:33:21 - [TEST_CASE][ERROR] - Test Cases/Canine_TestCases/Diagnosis/TC02_Canine_Filter_Diagnosis-Glioma: Test Cases/Canine_TestCases/Diagnosis/TC02_Canine_Filter_Diagnosis-Glioma FAILED.
Reason:
org.codehaus.groovy.runtime.metaclass.MissingMethodExceptionNoStack: No signature of method: ctdc.utilities.runtestcaseforKatalon.testSetup() is applicable for argument types: (java.lang.String) values: []]]></system-err>
      </testcase>
      <testcase name="Test Cases/Canine_TestCases/Diagnosis/TC03_Canine_Filter_Diagnosis-Lymphoma" time="5.694" classname="Test Cases/Canine_TestCases/Diagnosis/TC03_Canine_Filter_Diagnosis-Lymphoma" status="ERROR">
         <error type="ERROR" message="Test Cases/Canine_TestCases/Diagnosis/TC03_Canine_Filter_Diagnosis-Lymphoma FAILED.
Reason:
org.codehaus.groovy.runtime.metaclass.MissingMethodExceptionNoStack: No signature of method: ctdc.utilities.runtestcaseforKatalon.testSetup() is applicable for argument types: (java.lang.String) values: []
"/>
         <system-out><![CDATA[2021-04-26 21:33:27 - [TEST_CASE][ERROR] - Test Cases/Canine_TestCases/Diagnosis/TC03_Canine_Filter_Diagnosis-Lymphoma: Test Cases/Canine_TestCases/Diagnosis/TC03_Canine_Filter_Diagnosis-Lymphoma FAILED.
Reason:
org.codehaus.groovy.runtime.metaclass.MissingMethodExceptionNoStack: No signature of method: ctdc.utilities.runtestcaseforKatalon.testSetup() is applicable for argument types: (java.lang.String) values: []


2021-04-26 21:33:30 - [TEST_STEP][PASSED] - closeBrowser(): Browser is closed

2021-04-26 21:33:30 - [MESSAGE][PASSED] - Browser is closed

2021-04-26 21:33:30 - [TEST_STEP][PASSED] - openBrowser(""): Browser is opened with url: ''

2021-04-26 21:33:30 - [MESSAGE][INFO] - Starting 'Chrome (headless)' driver

2021-04-26 21:33:30 - [MESSAGE][INFO] - User set preference: ['args', '[--no-sandbox]']

2021-04-26 21:33:30 - [MESSAGE][INFO] - Action delay is set to 5,000 milliseconds

2021-04-26 21:33:33 - [MESSAGE][PASSED] - Browser is opened with url: ''

2021-04-26 21:33:33 - [TEST_STEP][ERROR] - ctdc.utilities.runtestcaseforKatalon.testSetup(""): No signature of method: ctdc.utilities.runtestcaseforKatalon.testSetup() is applicable for argument types: (java.lang.String) values: []

2021-04-26 21:33:33 - [MESSAGE][ERROR] - No signature of method: ctdc.utilities.runtestcaseforKatalon.testSetup() is applicable for argument types: (java.lang.String) values: []]]></system-out>
         <system-err><![CDATA[2021-04-26 21:33:27 - [TEST_CASE][ERROR] - Test Cases/Canine_TestCases/Diagnosis/TC03_Canine_Filter_Diagnosis-Lymphoma: Test Cases/Canine_TestCases/Diagnosis/TC03_Canine_Filter_Diagnosis-Lymphoma FAILED.
Reason:
org.codehaus.groovy.runtime.metaclass.MissingMethodExceptionNoStack: No signature of method: ctdc.utilities.runtestcaseforKatalon.testSetup() is applicable for argument types: (java.lang.String) values: []]]></system-err>
      </testcase>
      <testcase name="Test Cases/Canine_TestCases/Diagnosis/TC04_Canine_Filter_Diagnosis-Melanoma" time="5.975" classname="Test Cases/Canine_TestCases/Diagnosis/TC04_Canine_Filter_Diagnosis-Melanoma" status="ERROR">
         <error type="ERROR" message="Test Cases/Canine_TestCases/Diagnosis/TC04_Canine_Filter_Diagnosis-Melanoma FAILED.
Reason:
org.codehaus.groovy.runtime.metaclass.MissingMethodExceptionNoStack: No signature of method: ctdc.utilities.runtestcaseforKatalon.testSetup() is applicable for argument types: (java.lang.String) values: []
"/>
         <system-out><![CDATA[2021-04-26 21:33:33 - [TEST_CASE][ERROR] - Test Cases/Canine_TestCases/Diagnosis/TC04_Canine_Filter_Diagnosis-Melanoma: Test Cases/Canine_TestCases/Diagnosis/TC04_Canine_Filter_Diagnosis-Melanoma FAILED.
Reason:
org.codehaus.groovy.runtime.metaclass.MissingMethodExceptionNoStack: No signature of method: ctdc.utilities.runtestcaseforKatalon.testSetup() is applicable for argument types: (java.lang.String) values: []


2021-04-26 21:33:35 - [TEST_STEP][PASSED] - closeBrowser(): Browser is closed

2021-04-26 21:33:36 - [MESSAGE][PASSED] - Browser is closed

2021-04-26 21:33:36 - [TEST_STEP][PASSED] - openBrowser(""): Browser is opened with url: ''

2021-04-26 21:33:36 - [MESSAGE][INFO] - Starting 'Chrome (headless)' driver

2021-04-26 21:33:36 - [MESSAGE][INFO] - User set preference: ['args', '[--no-sandbox]']

2021-04-26 21:33:36 - [MESSAGE][INFO] - Action delay is set to 5,000 milliseconds

2021-04-26 21:33:39 - [MESSAGE][PASSED] - Browser is opened with url: ''

2021-04-26 21:33:39 - [TEST_STEP][ERROR] - ctdc.utilities.runtestcaseforKatalon.testSetup(""): No signature of method: ctdc.utilities.runtestcaseforKatalon.testSetup() is applicable for argument types: (java.lang.String) values: []

2021-04-26 21:33:39 - [MESSAGE][ERROR] - No signature of method: ctdc.utilities.runtestcaseforKatalon.testSetup() is applicable for argument types: (java.lang.String) values: []]]></system-out>
         <system-err><![CDATA[2021-04-26 21:33:33 - [TEST_CASE][ERROR] - Test Cases/Canine_TestCases/Diagnosis/TC04_Canine_Filter_Diagnosis-Melanoma: Test Cases/Canine_TestCases/Diagnosis/TC04_Canine_Filter_Diagnosis-Melanoma FAILED.
Reason:
org.codehaus.groovy.runtime.metaclass.MissingMethodExceptionNoStack: No signature of method: ctdc.utilities.runtestcaseforKatalon.testSetup() is applicable for argument types: (java.lang.String) values: []]]></system-err>
      </testcase>
      <testcase name="Test Cases/Canine_TestCases/Diagnosis/TC05_Canine_Filter_Diagnosis-OsteoSarcoma" time="7.044" classname="Test Cases/Canine_TestCases/Diagnosis/TC05_Canine_Filter_Diagnosis-OsteoSarcoma" status="ERROR">
         <error type="ERROR" message="Test Cases/Canine_TestCases/Diagnosis/TC05_Canine_Filter_Diagnosis-OsteoSarcoma FAILED.
Reason:
org.codehaus.groovy.runtime.metaclass.MissingMethodExceptionNoStack: No signature of method: ctdc.utilities.runtestcaseforKatalon.testSetup() is applicable for argument types: (java.lang.String) values: []
"/>
         <system-out><![CDATA[2021-04-26 21:33:39 - [TEST_CASE][ERROR] - Test Cases/Canine_TestCases/Diagnosis/TC05_Canine_Filter_Diagnosis-OsteoSarcoma: Test Cases/Canine_TestCases/Diagnosis/TC05_Canine_Filter_Diagnosis-OsteoSarcoma FAILED.
Reason:
org.codehaus.groovy.runtime.metaclass.MissingMethodExceptionNoStack: No signature of method: ctdc.utilities.runtestcaseforKatalon.testSetup() is applicable for argument types: (java.lang.String) values: []


2021-04-26 21:33:42 - [TEST_STEP][PASSED] - closeBrowser(): Browser is closed

2021-04-26 21:33:42 - [MESSAGE][PASSED] - Browser is closed

2021-04-26 21:33:42 - [TEST_STEP][PASSED] - openBrowser(""): Browser is opened with url: ''

2021-04-26 21:33:42 - [MESSAGE][INFO] - Starting 'Chrome (headless)' driver

2021-04-26 21:33:42 - [MESSAGE][INFO] - User set preference: ['args', '[--no-sandbox]']

2021-04-26 21:33:42 - [MESSAGE][INFO] - Action delay is set to 5,000 milliseconds

2021-04-26 21:33:46 - [MESSAGE][PASSED] - Browser is opened with url: ''

2021-04-26 21:33:46 - [TEST_STEP][ERROR] - ctdc.utilities.runtestcaseforKatalon.testSetup(""): No signature of method: ctdc.utilities.runtestcaseforKatalon.testSetup() is applicable for argument types: (java.lang.String) values: []

2021-04-26 21:33:46 - [MESSAGE][ERROR] - No signature of method: ctdc.utilities.runtestcaseforKatalon.testSetup() is applicable for argument types: (java.lang.String) values: []]]></system-out>
         <system-err><![CDATA[2021-04-26 21:33:39 - [TEST_CASE][ERROR] - Test Cases/Canine_TestCases/Diagnosis/TC05_Canine_Filter_Diagnosis-OsteoSarcoma: Test Cases/Canine_TestCases/Diagnosis/TC05_Canine_Filter_Diagnosis-OsteoSarcoma FAILED.
Reason:
org.codehaus.groovy.runtime.metaclass.MissingMethodExceptionNoStack: No signature of method: ctdc.utilities.runtestcaseforKatalon.testSetup() is applicable for argument types: (java.lang.String) values: []]]></system-err>
      </testcase>
      <testcase name="Test Cases/Canine_TestCases/Diagnosis/TC06_Canine_Filter_Diagnosis-PulmNeoplasm" time="6.572" classname="Test Cases/Canine_TestCases/Diagnosis/TC06_Canine_Filter_Diagnosis-PulmNeoplasm" status="ERROR">
         <error type="ERROR" message="Test Cases/Canine_TestCases/Diagnosis/TC06_Canine_Filter_Diagnosis-PulmNeoplasm FAILED.
Reason:
org.codehaus.groovy.runtime.metaclass.MissingMethodExceptionNoStack: No signature of method: ctdc.utilities.runtestcaseforKatalon.testSetup() is applicable for argument types: (java.lang.String) values: []
"/>
         <system-out><![CDATA[2021-04-26 21:33:46 - [TEST_CASE][ERROR] - Test Cases/Canine_TestCases/Diagnosis/TC06_Canine_Filter_Diagnosis-PulmNeoplasm: Test Cases/Canine_TestCases/Diagnosis/TC06_Canine_Filter_Diagnosis-PulmNeoplasm FAILED.
Reason:
org.codehaus.groovy.runtime.metaclass.MissingMethodExceptionNoStack: No signature of method: ctdc.utilities.runtestcaseforKatalon.testSetup() is applicable for argument types: (java.lang.String) values: []


2021-04-26 21:33:49 - [TEST_STEP][PASSED] - closeBrowser(): Browser is closed

2021-04-26 21:33:49 - [MESSAGE][PASSED] - Browser is closed

2021-04-26 21:33:49 - [TEST_STEP][PASSED] - openBrowser(""): Browser is opened with url: ''

2021-04-26 21:33:49 - [MESSAGE][INFO] - Starting 'Chrome (headless)' driver

2021-04-26 21:33:49 - [MESSAGE][INFO] - User set preference: ['args', '[--no-sandbox]']

2021-04-26 21:33:49 - [MESSAGE][INFO] - Action delay is set to 5,000 milliseconds

2021-04-26 21:33:53 - [MESSAGE][PASSED] - Browser is opened with url: ''

2021-04-26 21:33:53 - [TEST_STEP][ERROR] - ctdc.utilities.runtestcaseforKatalon.testSetup(""): No signature of method: ctdc.utilities.runtestcaseforKatalon.testSetup() is applicable for argument types: (java.lang.String) values: []

2021-04-26 21:33:53 - [MESSAGE][ERROR] - No signature of method: ctdc.utilities.runtestcaseforKatalon.testSetup() is applicable for argument types: (java.lang.String) values: []]]></system-out>
         <system-err><![CDATA[2021-04-26 21:33:46 - [TEST_CASE][ERROR] - Test Cases/Canine_TestCases/Diagnosis/TC06_Canine_Filter_Diagnosis-PulmNeoplasm: Test Cases/Canine_TestCases/Diagnosis/TC06_Canine_Filter_Diagnosis-PulmNeoplasm FAILED.
Reason:
org.codehaus.groovy.runtime.metaclass.MissingMethodExceptionNoStack: No signature of method: ctdc.utilities.runtestcaseforKatalon.testSetup() is applicable for argument types: (java.lang.String) values: []]]></system-err>
      </testcase>
      <testcase name="Test Cases/Canine_TestCases/Diagnosis/TC07_Canine_Filter_Diagnosis-TCellLymphoma" time="7.105" classname="Test Cases/Canine_TestCases/Diagnosis/TC07_Canine_Filter_Diagnosis-TCellLymphoma" status="ERROR">
         <error type="ERROR" message="Test Cases/Canine_TestCases/Diagnosis/TC07_Canine_Filter_Diagnosis-TCellLymphoma FAILED.
Reason:
org.codehaus.groovy.runtime.metaclass.MissingMethodExceptionNoStack: No signature of method: ctdc.utilities.runtestcaseforKatalon.testSetup() is applicable for argument types: (java.lang.String) values: []
"/>
         <system-out><![CDATA[2021-04-26 21:33:53 - [TEST_CASE][ERROR] - Test Cases/Canine_TestCases/Diagnosis/TC07_Canine_Filter_Diagnosis-TCellLymphoma: Test Cases/Canine_TestCases/Diagnosis/TC07_Canine_Filter_Diagnosis-TCellLymphoma FAILED.
Reason:
org.codehaus.groovy.runtime.metaclass.MissingMethodExceptionNoStack: No signature of method: ctdc.utilities.runtestcaseforKatalon.testSetup() is applicable for argument types: (java.lang.String) values: []


2021-04-26 21:33:56 - [TEST_STEP][PASSED] - closeBrowser(): Browser is closed

2021-04-26 21:33:56 - [MESSAGE][PASSED] - Browser is closed

2021-04-26 21:33:56 - [TEST_STEP][PASSED] - openBrowser(""): Browser is opened with url: ''

2021-04-26 21:33:56 - [MESSAGE][INFO] - Starting 'Chrome (headless)' driver

2021-04-26 21:33:56 - [MESSAGE][INFO] - User set preference: ['args', '[--no-sandbox]']

2021-04-26 21:33:56 - [MESSAGE][INFO] - Action delay is set to 5,000 milliseconds

2021-04-26 21:34:00 - [MESSAGE][PASSED] - Browser is opened with url: ''

2021-04-26 21:34:00 - [TEST_STEP][ERROR] - ctdc.utilities.runtestcaseforKatalon.testSetup(""): No signature of method: ctdc.utilities.runtestcaseforKatalon.testSetup() is applicable for argument types: (java.lang.String) values: []

2021-04-26 21:34:00 - [MESSAGE][ERROR] - No signature of method: ctdc.utilities.runtestcaseforKatalon.testSetup() is applicable for argument types: (java.lang.String) values: []]]></system-out>
         <system-err><![CDATA[2021-04-26 21:33:53 - [TEST_CASE][ERROR] - Test Cases/Canine_TestCases/Diagnosis/TC07_Canine_Filter_Diagnosis-TCellLymphoma: Test Cases/Canine_TestCases/Diagnosis/TC07_Canine_Filter_Diagnosis-TCellLymphoma FAILED.
Reason:
org.codehaus.groovy.runtime.metaclass.MissingMethodExceptionNoStack: No signature of method: ctdc.utilities.runtestcaseforKatalon.testSetup() is applicable for argument types: (java.lang.String) values: []]]></system-err>
      </testcase>
      <testcase name="Test Cases/Canine_TestCases/PrimDiseaseSite/TC01_Canine_Filter_PrimDisSite-Bone" time="6.761" classname="Test Cases/Canine_TestCases/PrimDiseaseSite/TC01_Canine_Filter_PrimDisSite-Bone" status="ERROR">
         <error type="ERROR" message="Test Cases/Canine_TestCases/PrimDiseaseSite/TC01_Canine_Filter_PrimDisSite-Bone FAILED.
Reason:
org.codehaus.groovy.runtime.metaclass.MissingMethodExceptionNoStack: No signature of method: ctdc.utilities.runtestcaseforKatalon.testSetup() is applicable for argument types: (java.lang.String) values: []
"/>
         <system-out><![CDATA[2021-04-26 21:34:00 - [TEST_CASE][ERROR] - Test Cases/Canine_TestCases/PrimDiseaseSite/TC01_Canine_Filter_PrimDisSite-Bone: Test Cases/Canine_TestCases/PrimDiseaseSite/TC01_Canine_Filter_PrimDisSite-Bone FAILED.
Reason:
org.codehaus.groovy.runtime.metaclass.MissingMethodExceptionNoStack: No signature of method: ctdc.utilities.runtestcaseforKatalon.testSetup() is applicable for argument types: (java.lang.String) values: []


2021-04-26 21:34:02 - [TEST_STEP][PASSED] - closeBrowser(): Browser is closed

2021-04-26 21:34:03 - [MESSAGE][PASSED] - Browser is closed

2021-04-26 21:34:03 - [TEST_STEP][PASSED] - openBrowser(""): Browser is opened with url: ''

2021-04-26 21:34:03 - [MESSAGE][INFO] - Starting 'Chrome (headless)' driver

2021-04-26 21:34:03 - [MESSAGE][INFO] - User set preference: ['args', '[--no-sandbox]']

2021-04-26 21:34:03 - [MESSAGE][INFO] - Action delay is set to 5,000 milliseconds

2021-04-26 21:34:06 - [MESSAGE][PASSED] - Browser is opened with url: ''

2021-04-26 21:34:07 - [TEST_STEP][PASSED] - maximizeWindow(): Current window maximized

2021-04-26 21:34:07 - [MESSAGE][PASSED] - Current window maximized

2021-04-26 21:34:07 - [TEST_STEP][ERROR] - ctdc.utilities.runtestcaseforKatalon.testSetup(""): No signature of method: ctdc.utilities.runtestcaseforKatalon.testSetup() is applicable for argument types: (java.lang.String) values: []

2021-04-26 21:34:07 - [MESSAGE][ERROR] - No signature of method: ctdc.utilities.runtestcaseforKatalon.testSetup() is applicable for argument types: (java.lang.String) values: []]]></system-out>
         <system-err><![CDATA[2021-04-26 21:34:00 - [TEST_CASE][ERROR] - Test Cases/Canine_TestCases/PrimDiseaseSite/TC01_Canine_Filter_PrimDisSite-Bone: Test Cases/Canine_TestCases/PrimDiseaseSite/TC01_Canine_Filter_PrimDisSite-Bone FAILED.
Reason:
org.codehaus.groovy.runtime.metaclass.MissingMethodExceptionNoStack: No signature of method: ctdc.utilities.runtestcaseforKatalon.testSetup() is applicable for argument types: (java.lang.String) values: []]]></system-err>
      </testcase>
      <testcase name="Test Cases/Canine_TestCases/PrimDiseaseSite/TC02_Canine_Filter_PrimDisSite-Brain" time="6.744" classname="Test Cases/Canine_TestCases/PrimDiseaseSite/TC02_Canine_Filter_PrimDisSite-Brain" status="ERROR">
         <error type="ERROR" message="Test Cases/Canine_TestCases/PrimDiseaseSite/TC02_Canine_Filter_PrimDisSite-Brain FAILED.
Reason:
org.codehaus.groovy.runtime.metaclass.MissingMethodExceptionNoStack: No signature of method: ctdc.utilities.runtestcaseforKatalon.testSetup() is applicable for argument types: (java.lang.String) values: []
"/>
         <system-out><![CDATA[2021-04-26 21:34:07 - [TEST_CASE][ERROR] - Test Cases/Canine_TestCases/PrimDiseaseSite/TC02_Canine_Filter_PrimDisSite-Brain: Test Cases/Canine_TestCases/PrimDiseaseSite/TC02_Canine_Filter_PrimDisSite-Brain FAILED.
Reason:
org.codehaus.groovy.runtime.metaclass.MissingMethodExceptionNoStack: No signature of method: ctdc.utilities.runtestcaseforKatalon.testSetup() is applicable for argument types: (java.lang.String) values: []


2021-04-26 21:34:09 - [TEST_STEP][PASSED] - closeBrowser(): Browser is closed

2021-04-26 21:34:10 - [MESSAGE][PASSED] - Browser is closed

2021-04-26 21:34:10 - [TEST_STEP][PASSED] - openBrowser(""): Browser is opened with url: ''

2021-04-26 21:34:10 - [MESSAGE][INFO] - Starting 'Chrome (headless)' driver

2021-04-26 21:34:10 - [MESSAGE][INFO] - User set preference: ['args', '[--no-sandbox]']

2021-04-26 21:34:10 - [MESSAGE][INFO] - Action delay is set to 5,000 milliseconds

2021-04-26 21:34:13 - [MESSAGE][PASSED] - Browser is opened with url: ''

2021-04-26 21:34:13 - [TEST_STEP][PASSED] - maximizeWindow(): Current window maximized

2021-04-26 21:34:13 - [MESSAGE][PASSED] - Current window maximized

2021-04-26 21:34:13 - [TEST_STEP][ERROR] - ctdc.utilities.runtestcaseforKatalon.testSetup(""): No signature of method: ctdc.utilities.runtestcaseforKatalon.testSetup() is applicable for argument types: (java.lang.String) values: []

2021-04-26 21:34:13 - [MESSAGE][ERROR] - No signature of method: ctdc.utilities.runtestcaseforKatalon.testSetup() is applicable for argument types: (java.lang.String) values: []]]></system-out>
         <system-err><![CDATA[2021-04-26 21:34:07 - [TEST_CASE][ERROR] - Test Cases/Canine_TestCases/PrimDiseaseSite/TC02_Canine_Filter_PrimDisSite-Brain: Test Cases/Canine_TestCases/PrimDiseaseSite/TC02_Canine_Filter_PrimDisSite-Brain FAILED.
Reason:
org.codehaus.groovy.runtime.metaclass.MissingMethodExceptionNoStack: No signature of method: ctdc.utilities.runtestcaseforKatalon.testSetup() is applicable for argument types: (java.lang.String) values: []]]></system-err>
      </testcase>
      <testcase name="Test Cases/Canine_TestCases/PrimDiseaseSite/TC03_Canine_Filter_PrimDisSite-Lung" time="7.162" classname="Test Cases/Canine_TestCases/PrimDiseaseSite/TC03_Canine_Filter_PrimDisSite-Lung" status="ERROR">
         <error type="ERROR" message="Test Cases/Canine_TestCases/PrimDiseaseSite/TC03_Canine_Filter_PrimDisSite-Lung FAILED.
Reason:
org.codehaus.groovy.runtime.metaclass.MissingMethodExceptionNoStack: No signature of method: ctdc.utilities.runtestcaseforKatalon.testSetup() is applicable for argument types: (java.lang.String) values: []
"/>
         <system-out><![CDATA[2021-04-26 21:34:13 - [TEST_CASE][ERROR] - Test Cases/Canine_TestCases/PrimDiseaseSite/TC03_Canine_Filter_PrimDisSite-Lung: Test Cases/Canine_TestCases/PrimDiseaseSite/TC03_Canine_Filter_PrimDisSite-Lung FAILED.
Reason:
org.codehaus.groovy.runtime.metaclass.MissingMethodExceptionNoStack: No signature of method: ctdc.utilities.runtestcaseforKatalon.testSetup() is applicable for argument types: (java.lang.String) values: []


2021-04-26 21:34:16 - [TEST_STEP][PASSED] - closeBrowser(): Browser is closed

2021-04-26 21:34:17 - [MESSAGE][PASSED] - Browser is closed

2021-04-26 21:34:17 - [TEST_STEP][PASSED] - openBrowser(""): Browser is opened with url: ''

2021-04-26 21:34:17 - [MESSAGE][INFO] - Starting 'Chrome (headless)' driver

2021-04-26 21:34:17 - [MESSAGE][INFO] - User set preference: ['args', '[--no-sandbox]']

2021-04-26 21:34:17 - [MESSAGE][INFO] - Action delay is set to 5,000 milliseconds

2021-04-26 21:34:20 - [MESSAGE][PASSED] - Browser is opened with url: ''

2021-04-26 21:34:20 - [TEST_STEP][PASSED] - maximizeWindow(): Current window maximized

2021-04-26 21:34:21 - [MESSAGE][PASSED] - Current window maximized

2021-04-26 21:34:21 - [TEST_STEP][ERROR] - ctdc.utilities.runtestcaseforKatalon.testSetup(""): No signature of method: ctdc.utilities.runtestcaseforKatalon.testSetup() is applicable for argument types: (java.lang.String) values: []

2021-04-26 21:34:21 - [MESSAGE][ERROR] - No signature of method: ctdc.utilities.runtestcaseforKatalon.testSetup() is applicable for argument types: (java.lang.String) values: []]]></system-out>
         <system-err><![CDATA[2021-04-26 21:34:13 - [TEST_CASE][ERROR] - Test Cases/Canine_TestCases/PrimDiseaseSite/TC03_Canine_Filter_PrimDisSite-Lung: Test Cases/Canine_TestCases/PrimDiseaseSite/TC03_Canine_Filter_PrimDisSite-Lung FAILED.
Reason:
org.codehaus.groovy.runtime.metaclass.MissingMethodExceptionNoStack: No signature of method: ctdc.utilities.runtestcaseforKatalon.testSetup() is applicable for argument types: (java.lang.String) values: []]]></system-err>
      </testcase>
      <testcase name="Test Cases/Canine_TestCases/PrimDiseaseSite/TC04_Canine_Filter_PrimDisSite-LymphNode" time="6.052" classname="Test Cases/Canine_TestCases/PrimDiseaseSite/TC04_Canine_Filter_PrimDisSite-LymphNode" status="ERROR">
         <error type="ERROR" message="Test Cases/Canine_TestCases/PrimDiseaseSite/TC04_Canine_Filter_PrimDisSite-LymphNode FAILED.
Reason:
org.codehaus.groovy.runtime.metaclass.MissingMethodExceptionNoStack: No signature of method: ctdc.utilities.runtestcaseforKatalon.testSetup() is applicable for argument types: (java.lang.String) values: []
"/>
         <system-out><![CDATA[2021-04-26 21:34:21 - [TEST_CASE][ERROR] - Test Cases/Canine_TestCases/PrimDiseaseSite/TC04_Canine_Filter_PrimDisSite-LymphNode: Test Cases/Canine_TestCases/PrimDiseaseSite/TC04_Canine_Filter_PrimDisSite-LymphNode FAILED.
Reason:
org.codehaus.groovy.runtime.metaclass.MissingMethodExceptionNoStack: No signature of method: ctdc.utilities.runtestcaseforKatalon.testSetup() is applicable for argument types: (java.lang.String) values: []


2021-04-26 21:34:23 - [TEST_STEP][PASSED] - closeBrowser(): Browser is closed

2021-04-26 21:34:24 - [MESSAGE][PASSED] - Browser is closed

2021-04-26 21:34:24 - [TEST_STEP][PASSED] - openBrowser(""): Browser is opened with url: ''

2021-04-26 21:34:24 - [MESSAGE][INFO] - Starting 'Chrome (headless)' driver

2021-04-26 21:34:24 - [MESSAGE][INFO] - User set preference: ['args', '[--no-sandbox]']

2021-04-26 21:34:24 - [MESSAGE][INFO] - Action delay is set to 5,000 milliseconds

2021-04-26 21:34:27 - [MESSAGE][PASSED] - Browser is opened with url: ''

2021-04-26 21:34:27 - [TEST_STEP][PASSED] - maximizeWindow(): Current window maximized

2021-04-26 21:34:27 - [MESSAGE][PASSED] - Current window maximized

2021-04-26 21:34:27 - [TEST_STEP][ERROR] - ctdc.utilities.runtestcaseforKatalon.testSetup(""): No signature of method: ctdc.utilities.runtestcaseforKatalon.testSetup() is applicable for argument types: (java.lang.String) values: []

2021-04-26 21:34:27 - [MESSAGE][ERROR] - No signature of method: ctdc.utilities.runtestcaseforKatalon.testSetup() is applicable for argument types: (java.lang.String) values: []]]></system-out>
         <system-err><![CDATA[2021-04-26 21:34:21 - [TEST_CASE][ERROR] - Test Cases/Canine_TestCases/PrimDiseaseSite/TC04_Canine_Filter_PrimDisSite-LymphNode: Test Cases/Canine_TestCases/PrimDiseaseSite/TC04_Canine_Filter_PrimDisSite-LymphNode FAILED.
Reason:
org.codehaus.groovy.runtime.metaclass.MissingMethodExceptionNoStack: No signature of method: ctdc.utilities.runtestcaseforKatalon.testSetup() is applicable for argument types: (java.lang.String) values: []]]></system-err>
      </testcase>
      <testcase name="Test Cases/Canine_TestCases/PrimDiseaseSite/TC05_Canine_Filter_PrimDisSite-Mouth" time="6.821" classname="Test Cases/Canine_TestCases/PrimDiseaseSite/TC05_Canine_Filter_PrimDisSite-Mouth" status="ERROR">
         <error type="ERROR" message="Test Cases/Canine_TestCases/PrimDiseaseSite/TC05_Canine_Filter_PrimDisSite-Mouth FAILED.
Reason:
org.codehaus.groovy.runtime.metaclass.MissingMethodExceptionNoStack: No signature of method: ctdc.utilities.runtestcaseforKatalon.testSetup() is applicable for argument types: (java.lang.String) values: []
"/>
         <system-out><![CDATA[2021-04-26 21:34:27 - [TEST_CASE][ERROR] - Test Cases/Canine_TestCases/PrimDiseaseSite/TC05_Canine_Filter_PrimDisSite-Mouth: Test Cases/Canine_TestCases/PrimDiseaseSite/TC05_Canine_Filter_PrimDisSite-Mouth FAILED.
Reason:
org.codehaus.groovy.runtime.metaclass.MissingMethodExceptionNoStack: No signature of method: ctdc.utilities.runtestcaseforKatalon.testSetup() is applicable for argument types: (java.lang.String) values: []


2021-04-26 21:34:29 - [TEST_STEP][PASSED] - closeBrowser(): Browser is closed

2021-04-26 21:34:30 - [MESSAGE][PASSED] - Browser is closed

2021-04-26 21:34:30 - [TEST_STEP][PASSED] - openBrowser(""): Browser is opened with url: ''

2021-04-26 21:34:30 - [MESSAGE][INFO] - Starting 'Chrome (headless)' driver

2021-04-26 21:34:30 - [MESSAGE][INFO] - User set preference: ['args', '[--no-sandbox]']

2021-04-26 21:34:30 - [MESSAGE][INFO] - Action delay is set to 5,000 milliseconds

2021-04-26 21:34:33 - [MESSAGE][PASSED] - Browser is opened with url: ''

2021-04-26 21:34:33 - [TEST_STEP][PASSED] - maximizeWindow(): Current window maximized

2021-04-26 21:34:34 - [MESSAGE][PASSED] - Current window maximized

2021-04-26 21:34:34 - [TEST_STEP][ERROR] - ctdc.utilities.runtestcaseforKatalon.testSetup(""): No signature of method: ctdc.utilities.runtestcaseforKatalon.testSetup() is applicable for argument types: (java.lang.String) values: []

2021-04-26 21:34:34 - [MESSAGE][ERROR] - No signature of method: ctdc.utilities.runtestcaseforKatalon.testSetup() is applicable for argument types: (java.lang.String) values: []]]></system-out>
         <system-err><![CDATA[2021-04-26 21:34:27 - [TEST_CASE][ERROR] - Test Cases/Canine_TestCases/PrimDiseaseSite/TC05_Canine_Filter_PrimDisSite-Mouth: Test Cases/Canine_TestCases/PrimDiseaseSite/TC05_Canine_Filter_PrimDisSite-Mouth FAILED.
Reason:
org.codehaus.groovy.runtime.metaclass.MissingMethodExceptionNoStack: No signature of method: ctdc.utilities.runtestcaseforKatalon.testSetup() is applicable for argument types: (java.lang.String) values: []]]></system-err>
      </testcase>
      <testcase name="Test Cases/Canine_TestCases/StageOfDisease/TC01_Canine_Filter_StageOfDisease-2" time="6.863" classname="Test Cases/Canine_TestCases/StageOfDisease/TC01_Canine_Filter_StageOfDisease-2" status="ERROR">
         <error type="ERROR" message="Test Cases/Canine_TestCases/StageOfDisease/TC01_Canine_Filter_StageOfDisease-2 FAILED.
Reason:
org.codehaus.groovy.runtime.metaclass.MissingMethodExceptionNoStack: No signature of method: ctdc.utilities.runtestcaseforKatalon.testSetup() is applicable for argument types: (java.lang.String) values: []
"/>
         <system-out><![CDATA[2021-04-26 21:34:34 - [TEST_CASE][ERROR] - Test Cases/Canine_TestCases/StageOfDisease/TC01_Canine_Filter_StageOfDisease-2: Test Cases/Canine_TestCases/StageOfDisease/TC01_Canine_Filter_StageOfDisease-2 FAILED.
Reason:
org.codehaus.groovy.runtime.metaclass.MissingMethodExceptionNoStack: No signature of method: ctdc.utilities.runtestcaseforKatalon.testSetup() is applicable for argument types: (java.lang.String) values: []


2021-04-26 21:34:37 - [TEST_STEP][PASSED] - closeBrowser(): Browser is closed

2021-04-26 21:34:37 - [MESSAGE][PASSED] - Browser is closed

2021-04-26 21:34:37 - [TEST_STEP][PASSED] - openBrowser(""): Browser is opened with url: ''

2021-04-26 21:34:37 - [MESSAGE][INFO] - Starting 'Chrome (headless)' driver

2021-04-26 21:34:37 - [MESSAGE][INFO] - User set preference: ['args', '[--no-sandbox]']

2021-04-26 21:34:37 - [MESSAGE][INFO] - Action delay is set to 5,000 milliseconds

2021-04-26 21:34:40 - [MESSAGE][PASSED] - Browser is opened with url: ''

2021-04-26 21:34:40 - [TEST_STEP][PASSED] - maximizeWindow(): Current window maximized

2021-04-26 21:34:40 - [MESSAGE][PASSED] - Current window maximized

2021-04-26 21:34:40 - [TEST_STEP][ERROR] - ctdc.utilities.runtestcaseforKatalon.testSetup(""): No signature of method: ctdc.utilities.runtestcaseforKatalon.testSetup() is applicable for argument types: (java.lang.String) values: []

2021-04-26 21:34:40 - [MESSAGE][ERROR] - No signature of method: ctdc.utilities.runtestcaseforKatalon.testSetup() is applicable for argument types: (java.lang.String) values: []]]></system-out>
         <system-err><![CDATA[2021-04-26 21:34:34 - [TEST_CASE][ERROR] - Test Cases/Canine_TestCases/StageOfDisease/TC01_Canine_Filter_StageOfDisease-2: Test Cases/Canine_TestCases/StageOfDisease/TC01_Canine_Filter_StageOfDisease-2 FAILED.
Reason:
org.codehaus.groovy.runtime.metaclass.MissingMethodExceptionNoStack: No signature of method: ctdc.utilities.runtestcaseforKatalon.testSetup() is applicable for argument types: (java.lang.String) values: []]]></system-err>
      </testcase>
      <testcase name="Test Cases/Canine_TestCases/StageOfDisease/TC02_Canine_Filter_StageOfDisease-3" time="6.42" classname="Test Cases/Canine_TestCases/StageOfDisease/TC02_Canine_Filter_StageOfDisease-3" status="ERROR">
         <error type="ERROR" message="Test Cases/Canine_TestCases/StageOfDisease/TC02_Canine_Filter_StageOfDisease-3 FAILED.
Reason:
org.codehaus.groovy.runtime.metaclass.MissingMethodExceptionNoStack: No signature of method: ctdc.utilities.runtestcaseforKatalon.testSetup() is applicable for argument types: (java.lang.String) values: []
"/>
         <system-out><![CDATA[2021-04-26 21:34:40 - [TEST_CASE][ERROR] - Test Cases/Canine_TestCases/StageOfDisease/TC02_Canine_Filter_StageOfDisease-3: Test Cases/Canine_TestCases/StageOfDisease/TC02_Canine_Filter_StageOfDisease-3 FAILED.
Reason:
org.codehaus.groovy.runtime.metaclass.MissingMethodExceptionNoStack: No signature of method: ctdc.utilities.runtestcaseforKatalon.testSetup() is applicable for argument types: (java.lang.String) values: []


2021-04-26 21:34:43 - [TEST_STEP][PASSED] - closeBrowser(): Browser is closed

2021-04-26 21:34:43 - [MESSAGE][PASSED] - Browser is closed

2021-04-26 21:34:43 - [TEST_STEP][PASSED] - openBrowser(""): Browser is opened with url: ''

2021-04-26 21:34:43 - [MESSAGE][INFO] - Starting 'Chrome (headless)' driver

2021-04-26 21:34:43 - [MESSAGE][INFO] - User set preference: ['args', '[--no-sandbox]']

2021-04-26 21:34:43 - [MESSAGE][INFO] - Action delay is set to 5,000 milliseconds

2021-04-26 21:34:47 - [MESSAGE][PASSED] - Browser is opened with url: ''

2021-04-26 21:34:47 - [TEST_STEP][PASSED] - maximizeWindow(): Current window maximized

2021-04-26 21:34:47 - [MESSAGE][PASSED] - Current window maximized

2021-04-26 21:34:47 - [TEST_STEP][ERROR] - ctdc.utilities.runtestcaseforKatalon.testSetup(""): No signature of method: ctdc.utilities.runtestcaseforKatalon.testSetup() is applicable for argument types: (java.lang.String) values: []

2021-04-26 21:34:47 - [MESSAGE][ERROR] - No signature of method: ctdc.utilities.runtestcaseforKatalon.testSetup() is applicable for argument types: (java.lang.String) values: []]]></system-out>
         <system-err><![CDATA[2021-04-26 21:34:40 - [TEST_CASE][ERROR] - Test Cases/Canine_TestCases/StageOfDisease/TC02_Canine_Filter_StageOfDisease-3: Test Cases/Canine_TestCases/StageOfDisease/TC02_Canine_Filter_StageOfDisease-3 FAILED.
Reason:
org.codehaus.groovy.runtime.metaclass.MissingMethodExceptionNoStack: No signature of method: ctdc.utilities.runtestcaseforKatalon.testSetup() is applicable for argument types: (java.lang.String) values: []]]></system-err>
      </testcase>
      <testcase name="Test Cases/Canine_TestCases/StageOfDisease/TC03_Canine_Filter_StageOfDisease-3a" time="7.044" classname="Test Cases/Canine_TestCases/StageOfDisease/TC03_Canine_Filter_StageOfDisease-3a" status="ERROR">
         <error type="ERROR" message="Test Cases/Canine_TestCases/StageOfDisease/TC03_Canine_Filter_StageOfDisease-3a FAILED.
Reason:
org.codehaus.groovy.runtime.metaclass.MissingMethodExceptionNoStack: No signature of method: ctdc.utilities.runtestcaseforKatalon.testSetup() is applicable for argument types: (java.lang.String) values: []
"/>
         <system-out><![CDATA[2021-04-26 21:34:47 - [TEST_CASE][ERROR] - Test Cases/Canine_TestCases/StageOfDisease/TC03_Canine_Filter_StageOfDisease-3a: Test Cases/Canine_TestCases/StageOfDisease/TC03_Canine_Filter_StageOfDisease-3a FAILED.
Reason:
org.codehaus.groovy.runtime.metaclass.MissingMethodExceptionNoStack: No signature of method: ctdc.utilities.runtestcaseforKatalon.testSetup() is applicable for argument types: (java.lang.String) values: []


2021-04-26 21:34:49 - [TEST_STEP][PASSED] - closeBrowser(): Browser is closed

2021-04-26 21:34:50 - [MESSAGE][PASSED] - Browser is closed

2021-04-26 21:34:50 - [TEST_STEP][PASSED] - openBrowser(""): Browser is opened with url: ''

2021-04-26 21:34:50 - [MESSAGE][INFO] - Starting 'Chrome (headless)' driver

2021-04-26 21:34:50 - [MESSAGE][INFO] - User set preference: ['args', '[--no-sandbox]']

2021-04-26 21:34:50 - [MESSAGE][INFO] - Action delay is set to 5,000 milliseconds

2021-04-26 21:34:54 - [MESSAGE][PASSED] - Browser is opened with url: ''

2021-04-26 21:34:54 - [TEST_STEP][PASSED] - maximizeWindow(): Current window maximized

2021-04-26 21:34:54 - [MESSAGE][PASSED] - Current window maximized

2021-04-26 21:34:54 - [TEST_STEP][ERROR] - ctdc.utilities.runtestcaseforKatalon.testSetup(""): No signature of method: ctdc.utilities.runtestcaseforKatalon.testSetup() is applicable for argument types: (java.lang.String) values: []

2021-04-26 21:34:54 - [MESSAGE][ERROR] - No signature of method: ctdc.utilities.runtestcaseforKatalon.testSetup() is applicable for argument types: (java.lang.String) values: []]]></system-out>
         <system-err><![CDATA[2021-04-26 21:34:47 - [TEST_CASE][ERROR] - Test Cases/Canine_TestCases/StageOfDisease/TC03_Canine_Filter_StageOfDisease-3a: Test Cases/Canine_TestCases/StageOfDisease/TC03_Canine_Filter_StageOfDisease-3a FAILED.
Reason:
org.codehaus.groovy.runtime.metaclass.MissingMethodExceptionNoStack: No signature of method: ctdc.utilities.runtestcaseforKatalon.testSetup() is applicable for argument types: (java.lang.String) values: []]]></system-err>
      </testcase>
      <testcase name="Test Cases/Canine_TestCases/StageOfDisease/TC04_Canine_Filter_StageOfDisease-3b" time="6.367" classname="Test Cases/Canine_TestCases/StageOfDisease/TC04_Canine_Filter_StageOfDisease-3b" status="ERROR">
         <error type="ERROR" message="Test Cases/Canine_TestCases/StageOfDisease/TC04_Canine_Filter_StageOfDisease-3b FAILED.
Reason:
org.codehaus.groovy.runtime.metaclass.MissingMethodExceptionNoStack: No signature of method: ctdc.utilities.runtestcaseforKatalon.testSetup() is applicable for argument types: (java.lang.String) values: []
"/>
         <system-out><![CDATA[2021-04-26 21:34:54 - [TEST_CASE][ERROR] - Test Cases/Canine_TestCases/StageOfDisease/TC04_Canine_Filter_StageOfDisease-3b: Test Cases/Canine_TestCases/StageOfDisease/TC04_Canine_Filter_StageOfDisease-3b FAILED.
Reason:
org.codehaus.groovy.runtime.metaclass.MissingMethodExceptionNoStack: No signature of method: ctdc.utilities.runtestcaseforKatalon.testSetup() is applicable for argument types: (java.lang.String) values: []


2021-04-26 21:34:57 - [TEST_STEP][PASSED] - closeBrowser(): Browser is closed

2021-04-26 21:34:57 - [MESSAGE][PASSED] - Browser is closed

2021-04-26 21:34:57 - [TEST_STEP][PASSED] - openBrowser(""): Browser is opened with url: ''

2021-04-26 21:34:57 - [MESSAGE][INFO] - Starting 'Chrome (headless)' driver

2021-04-26 21:34:57 - [MESSAGE][INFO] - User set preference: ['args', '[--no-sandbox]']

2021-04-26 21:34:57 - [MESSAGE][INFO] - Action delay is set to 5,000 milliseconds

2021-04-26 21:35:00 - [MESSAGE][PASSED] - Browser is opened with url: ''

2021-04-26 21:35:00 - [TEST_STEP][PASSED] - maximizeWindow(): Current window maximized

2021-04-26 21:35:00 - [MESSAGE][PASSED] - Current window maximized

2021-04-26 21:35:00 - [TEST_STEP][ERROR] - ctdc.utilities.runtestcaseforKatalon.testSetup(""): No signature of method: ctdc.utilities.runtestcaseforKatalon.testSetup() is applicable for argument types: (java.lang.String) values: []

2021-04-26 21:35:00 - [MESSAGE][ERROR] - No signature of method: ctdc.utilities.runtestcaseforKatalon.testSetup() is applicable for argument types: (java.lang.String) values: []]]></system-out>
         <system-err><![CDATA[2021-04-26 21:34:54 - [TEST_CASE][ERROR] - Test Cases/Canine_TestCases/StageOfDisease/TC04_Canine_Filter_StageOfDisease-3b: Test Cases/Canine_TestCases/StageOfDisease/TC04_Canine_Filter_StageOfDisease-3b FAILED.
Reason:
org.codehaus.groovy.runtime.metaclass.MissingMethodExceptionNoStack: No signature of method: ctdc.utilities.runtestcaseforKatalon.testSetup() is applicable for argument types: (java.lang.String) values: []]]></system-err>
      </testcase>
      <testcase name="Test Cases/Canine_TestCases/StageOfDisease/TC05_Canine_Filter_StageOfDisease-4" time="5.954" classname="Test Cases/Canine_TestCases/StageOfDisease/TC05_Canine_Filter_StageOfDisease-4" status="ERROR">
         <error type="ERROR" message="Test Cases/Canine_TestCases/StageOfDisease/TC05_Canine_Filter_StageOfDisease-4 FAILED.
Reason:
org.codehaus.groovy.runtime.metaclass.MissingMethodExceptionNoStack: No signature of method: ctdc.utilities.runtestcaseforKatalon.testSetup() is applicable for argument types: (java.lang.String) values: []
"/>
         <system-out><![CDATA[2021-04-26 21:35:00 - [TEST_CASE][ERROR] - Test Cases/Canine_TestCases/StageOfDisease/TC05_Canine_Filter_StageOfDisease-4: Test Cases/Canine_TestCases/StageOfDisease/TC05_Canine_Filter_StageOfDisease-4 FAILED.
Reason:
org.codehaus.groovy.runtime.metaclass.MissingMethodExceptionNoStack: No signature of method: ctdc.utilities.runtestcaseforKatalon.testSetup() is applicable for argument types: (java.lang.String) values: []


2021-04-26 21:35:03 - [TEST_STEP][PASSED] - closeBrowser(): Browser is closed

2021-04-26 21:35:03 - [MESSAGE][PASSED] - Browser is closed

2021-04-26 21:35:03 - [TEST_STEP][PASSED] - openBrowser(""): Browser is opened with url: ''

2021-04-26 21:35:03 - [MESSAGE][INFO] - Starting 'Chrome (headless)' driver

2021-04-26 21:35:03 - [MESSAGE][INFO] - User set preference: ['args', '[--no-sandbox]']

2021-04-26 21:35:03 - [MESSAGE][INFO] - Action delay is set to 5,000 milliseconds

2021-04-26 21:35:06 - [MESSAGE][PASSED] - Browser is opened with url: ''

2021-04-26 21:35:06 - [TEST_STEP][PASSED] - maximizeWindow(): Current window maximized

2021-04-26 21:35:06 - [MESSAGE][PASSED] - Current window maximized

2021-04-26 21:35:06 - [TEST_STEP][ERROR] - ctdc.utilities.runtestcaseforKatalon.testSetup(""): No signature of method: ctdc.utilities.runtestcaseforKatalon.testSetup() is applicable for argument types: (java.lang.String) values: []

2021-04-26 21:35:06 - [MESSAGE][ERROR] - No signature of method: ctdc.utilities.runtestcaseforKatalon.testSetup() is applicable for argument types: (java.lang.String) values: []]]></system-out>
         <system-err><![CDATA[2021-04-26 21:35:00 - [TEST_CASE][ERROR] - Test Cases/Canine_TestCases/StageOfDisease/TC05_Canine_Filter_StageOfDisease-4: Test Cases/Canine_TestCases/StageOfDisease/TC05_Canine_Filter_StageOfDisease-4 FAILED.
Reason:
org.codehaus.groovy.runtime.metaclass.MissingMethodExceptionNoStack: No signature of method: ctdc.utilities.runtestcaseforKatalon.testSetup() is applicable for argument types: (java.lang.String) values: []]]></system-err>
      </testcase>
      <testcase name="Test Cases/Canine_TestCases/StageOfDisease/TC06_Canine_Filter_StageOfDisease-4a" time="6.127" classname="Test Cases/Canine_TestCases/StageOfDisease/TC06_Canine_Filter_StageOfDisease-4a" status="ERROR">
         <error type="ERROR" message="Test Cases/Canine_TestCases/StageOfDisease/TC06_Canine_Filter_StageOfDisease-4a FAILED.
Reason:
org.codehaus.groovy.runtime.metaclass.MissingMethodExceptionNoStack: No signature of method: ctdc.utilities.runtestcaseforKatalon.testSetup() is applicable for argument types: (java.lang.String) values: []
"/>
         <system-out><![CDATA[2021-04-26 21:35:06 - [TEST_CASE][ERROR] - Test Cases/Canine_TestCases/StageOfDisease/TC06_Canine_Filter_StageOfDisease-4a: Test Cases/Canine_TestCases/StageOfDisease/TC06_Canine_Filter_StageOfDisease-4a FAILED.
Reason:
org.codehaus.groovy.runtime.metaclass.MissingMethodExceptionNoStack: No signature of method: ctdc.utilities.runtestcaseforKatalon.testSetup() is applicable for argument types: (java.lang.String) values: []


2021-04-26 21:35:09 - [TEST_STEP][PASSED] - closeBrowser(): Browser is closed

2021-04-26 21:35:09 - [MESSAGE][PASSED] - Browser is closed

2021-04-26 21:35:09 - [TEST_STEP][PASSED] - openBrowser(""): Browser is opened with url: ''

2021-04-26 21:35:09 - [MESSAGE][INFO] - Starting 'Chrome (headless)' driver

2021-04-26 21:35:09 - [MESSAGE][INFO] - User set preference: ['args', '[--no-sandbox]']

2021-04-26 21:35:09 - [MESSAGE][INFO] - Action delay is set to 5,000 milliseconds

2021-04-26 21:35:12 - [MESSAGE][PASSED] - Browser is opened with url: ''

2021-04-26 21:35:12 - [TEST_STEP][PASSED] - maximizeWindow(): Current window maximized

2021-04-26 21:35:12 - [MESSAGE][PASSED] - Current window maximized

2021-04-26 21:35:12 - [TEST_STEP][ERROR] - ctdc.utilities.runtestcaseforKatalon.testSetup(""): No signature of method: ctdc.utilities.runtestcaseforKatalon.testSetup() is applicable for argument types: (java.lang.String) values: []

2021-04-26 21:35:12 - [MESSAGE][ERROR] - No signature of method: ctdc.utilities.runtestcaseforKatalon.testSetup() is applicable for argument types: (java.lang.String) values: []]]></system-out>
         <system-err><![CDATA[2021-04-26 21:35:06 - [TEST_CASE][ERROR] - Test Cases/Canine_TestCases/StageOfDisease/TC06_Canine_Filter_StageOfDisease-4a: Test Cases/Canine_TestCases/StageOfDisease/TC06_Canine_Filter_StageOfDisease-4a FAILED.
Reason:
org.codehaus.groovy.runtime.metaclass.MissingMethodExceptionNoStack: No signature of method: ctdc.utilities.runtestcaseforKatalon.testSetup() is applicable for argument types: (java.lang.String) values: []]]></system-err>
      </testcase>
      <testcase name="Test Cases/Canine_TestCases/StageOfDisease/TC07_Canine_Filter_StageOfDisease-4b" time="6.811" classname="Test Cases/Canine_TestCases/StageOfDisease/TC07_Canine_Filter_StageOfDisease-4b" status="ERROR">
         <error type="ERROR" message="Test Cases/Canine_TestCases/StageOfDisease/TC07_Canine_Filter_StageOfDisease-4b FAILED.
Reason:
org.codehaus.groovy.runtime.metaclass.MissingMethodExceptionNoStack: No signature of method: ctdc.utilities.runtestcaseforKatalon.testSetup() is applicable for argument types: (java.lang.String) values: []
"/>
         <system-out><![CDATA[2021-04-26 21:35:12 - [TEST_CASE][ERROR] - Test Cases/Canine_TestCases/StageOfDisease/TC07_Canine_Filter_StageOfDisease-4b: Test Cases/Canine_TestCases/StageOfDisease/TC07_Canine_Filter_StageOfDisease-4b FAILED.
Reason:
org.codehaus.groovy.runtime.metaclass.MissingMethodExceptionNoStack: No signature of method: ctdc.utilities.runtestcaseforKatalon.testSetup() is applicable for argument types: (java.lang.String) values: []


2021-04-26 21:35:15 - [TEST_STEP][PASSED] - closeBrowser(): Browser is closed

2021-04-26 21:35:16 - [MESSAGE][PASSED] - Browser is closed

2021-04-26 21:35:16 - [TEST_STEP][PASSED] - openBrowser(""): Browser is opened with url: ''

2021-04-26 21:35:16 - [MESSAGE][INFO] - Starting 'Chrome (headless)' driver

2021-04-26 21:35:16 - [MESSAGE][INFO] - User set preference: ['args', '[--no-sandbox]']

2021-04-26 21:35:16 - [MESSAGE][INFO] - Action delay is set to 5,000 milliseconds

2021-04-26 21:35:19 - [MESSAGE][PASSED] - Browser is opened with url: ''

2021-04-26 21:35:19 - [TEST_STEP][PASSED] - maximizeWindow(): Current window maximized

2021-04-26 21:35:19 - [MESSAGE][PASSED] - Current window maximized

2021-04-26 21:35:19 - [TEST_STEP][ERROR] - ctdc.utilities.runtestcaseforKatalon.testSetup(""): No signature of method: ctdc.utilities.runtestcaseforKatalon.testSetup() is applicable for argument types: (java.lang.String) values: []

2021-04-26 21:35:19 - [MESSAGE][ERROR] - No signature of method: ctdc.utilities.runtestcaseforKatalon.testSetup() is applicable for argument types: (java.lang.String) values: []]]></system-out>
         <system-err><![CDATA[2021-04-26 21:35:12 - [TEST_CASE][ERROR] - Test Cases/Canine_TestCases/StageOfDisease/TC07_Canine_Filter_StageOfDisease-4b: Test Cases/Canine_TestCases/StageOfDisease/TC07_Canine_Filter_StageOfDisease-4b FAILED.
Reason:
org.codehaus.groovy.runtime.metaclass.MissingMethodExceptionNoStack: No signature of method: ctdc.utilities.runtestcaseforKatalon.testSetup() is applicable for argument types: (java.lang.String) values: []]]></system-err>
      </testcase>
      <testcase name="Test Cases/Canine_TestCases/StageOfDisease/TC08_Canine_Filter_StageOfDisease-5" time="5.93" classname="Test Cases/Canine_TestCases/StageOfDisease/TC08_Canine_Filter_StageOfDisease-5" status="ERROR">
         <error type="ERROR" message="Test Cases/Canine_TestCases/StageOfDisease/TC08_Canine_Filter_StageOfDisease-5 FAILED.
Reason:
org.codehaus.groovy.runtime.metaclass.MissingMethodExceptionNoStack: No signature of method: ctdc.utilities.runtestcaseforKatalon.testSetup() is applicable for argument types: (java.lang.String) values: []
"/>
         <system-out><![CDATA[2021-04-26 21:35:19 - [TEST_CASE][ERROR] - Test Cases/Canine_TestCases/StageOfDisease/TC08_Canine_Filter_StageOfDisease-5: Test Cases/Canine_TestCases/StageOfDisease/TC08_Canine_Filter_StageOfDisease-5 FAILED.
Reason:
org.codehaus.groovy.runtime.metaclass.MissingMethodExceptionNoStack: No signature of method: ctdc.utilities.runtestcaseforKatalon.testSetup() is applicable for argument types: (java.lang.String) values: []


2021-04-26 21:35:21 - [TEST_STEP][PASSED] - closeBrowser(): Browser is closed

2021-04-26 21:35:22 - [MESSAGE][PASSED] - Browser is closed

2021-04-26 21:35:22 - [TEST_STEP][PASSED] - openBrowser(""): Browser is opened with url: ''

2021-04-26 21:35:22 - [MESSAGE][INFO] - Starting 'Chrome (headless)' driver

2021-04-26 21:35:22 - [MESSAGE][INFO] - User set preference: ['args', '[--no-sandbox]']

2021-04-26 21:35:22 - [MESSAGE][INFO] - Action delay is set to 5,000 milliseconds

2021-04-26 21:35:25 - [MESSAGE][PASSED] - Browser is opened with url: ''

2021-04-26 21:35:25 - [TEST_STEP][PASSED] - maximizeWindow(): Current window maximized

2021-04-26 21:35:25 - [MESSAGE][PASSED] - Current window maximized

2021-04-26 21:35:25 - [TEST_STEP][ERROR] - ctdc.utilities.runtestcaseforKatalon.testSetup(""): No signature of method: ctdc.utilities.runtestcaseforKatalon.testSetup() is applicable for argument types: (java.lang.String) values: []

2021-04-26 21:35:25 - [MESSAGE][ERROR] - No signature of method: ctdc.utilities.runtestcaseforKatalon.testSetup() is applicable for argument types: (java.lang.String) values: []]]></system-out>
         <system-err><![CDATA[2021-04-26 21:35:19 - [TEST_CASE][ERROR] - Test Cases/Canine_TestCases/StageOfDisease/TC08_Canine_Filter_StageOfDisease-5: Test Cases/Canine_TestCases/StageOfDisease/TC08_Canine_Filter_StageOfDisease-5 FAILED.
Reason:
org.codehaus.groovy.runtime.metaclass.MissingMethodExceptionNoStack: No signature of method: ctdc.utilities.runtestcaseforKatalon.testSetup() is applicable for argument types: (java.lang.String) values: []]]></system-err>
      </testcase>
      <testcase name="Test Cases/Canine_TestCases/StageOfDisease/TC09_Canine_Filter_StageOfDisease-5a" time="6.745" classname="Test Cases/Canine_TestCases/StageOfDisease/TC09_Canine_Filter_StageOfDisease-5a" status="ERROR">
         <error type="ERROR" message="Test Cases/Canine_TestCases/StageOfDisease/TC09_Canine_Filter_StageOfDisease-5a FAILED.
Reason:
org.codehaus.groovy.runtime.metaclass.MissingMethodExceptionNoStack: No signature of method: ctdc.utilities.runtestcaseforKatalon.testSetup() is applicable for argument types: (java.lang.String) values: []
"/>
         <system-out><![CDATA[2021-04-26 21:35:25 - [TEST_CASE][ERROR] - Test Cases/Canine_TestCases/StageOfDisease/TC09_Canine_Filter_StageOfDisease-5a: Test Cases/Canine_TestCases/StageOfDisease/TC09_Canine_Filter_StageOfDisease-5a FAILED.
Reason:
org.codehaus.groovy.runtime.metaclass.MissingMethodExceptionNoStack: No signature of method: ctdc.utilities.runtestcaseforKatalon.testSetup() is applicable for argument types: (java.lang.String) values: []


2021-04-26 21:35:27 - [TEST_STEP][PASSED] - closeBrowser(): Browser is closed

2021-04-26 21:35:28 - [MESSAGE][PASSED] - Browser is closed

2021-04-26 21:35:28 - [TEST_STEP][PASSED] - openBrowser(""): Browser is opened with url: ''

2021-04-26 21:35:28 - [MESSAGE][INFO] - Starting 'Chrome (headless)' driver

2021-04-26 21:35:28 - [MESSAGE][INFO] - User set preference: ['args', '[--no-sandbox]']

2021-04-26 21:35:28 - [MESSAGE][INFO] - Action delay is set to 5,000 milliseconds

2021-04-26 21:35:31 - [MESSAGE][PASSED] - Browser is opened with url: ''

2021-04-26 21:35:31 - [TEST_STEP][PASSED] - maximizeWindow(): Current window maximized

2021-04-26 21:35:32 - [MESSAGE][PASSED] - Current window maximized

2021-04-26 21:35:32 - [TEST_STEP][ERROR] - ctdc.utilities.runtestcaseforKatalon.testSetup(""): No signature of method: ctdc.utilities.runtestcaseforKatalon.testSetup() is applicable for argument types: (java.lang.String) values: []

2021-04-26 21:35:32 - [MESSAGE][ERROR] - No signature of method: ctdc.utilities.runtestcaseforKatalon.testSetup() is applicable for argument types: (java.lang.String) values: []]]></system-out>
         <system-err><![CDATA[2021-04-26 21:35:25 - [TEST_CASE][ERROR] - Test Cases/Canine_TestCases/StageOfDisease/TC09_Canine_Filter_StageOfDisease-5a: Test Cases/Canine_TestCases/StageOfDisease/TC09_Canine_Filter_StageOfDisease-5a FAILED.
Reason:
org.codehaus.groovy.runtime.metaclass.MissingMethodExceptionNoStack: No signature of method: ctdc.utilities.runtestcaseforKatalon.testSetup() is applicable for argument types: (java.lang.String) values: []]]></system-err>
      </testcase>
      <testcase name="Test Cases/Canine_TestCases/StageOfDisease/TC10_Canine_Filter_StageOfDisease-5b" time="6.459" classname="Test Cases/Canine_TestCases/StageOfDisease/TC10_Canine_Filter_StageOfDisease-5b" status="ERROR">
         <error type="ERROR" message="Test Cases/Canine_TestCases/StageOfDisease/TC10_Canine_Filter_StageOfDisease-5b FAILED.
Reason:
org.codehaus.groovy.runtime.metaclass.MissingMethodExceptionNoStack: No signature of method: ctdc.utilities.runtestcaseforKatalon.testSetup() is applicable for argument types: (java.lang.String) values: []
"/>
         <system-out><![CDATA[2021-04-26 21:35:32 - [TEST_CASE][ERROR] - Test Cases/Canine_TestCases/StageOfDisease/TC10_Canine_Filter_StageOfDisease-5b: Test Cases/Canine_TestCases/StageOfDisease/TC10_Canine_Filter_StageOfDisease-5b FAILED.
Reason:
org.codehaus.groovy.runtime.metaclass.MissingMethodExceptionNoStack: No signature of method: ctdc.utilities.runtestcaseforKatalon.testSetup() is applicable for argument types: (java.lang.String) values: []


2021-04-26 21:35:34 - [TEST_STEP][PASSED] - closeBrowser(): Browser is closed

2021-04-26 21:35:35 - [MESSAGE][PASSED] - Browser is closed

2021-04-26 21:35:35 - [TEST_STEP][PASSED] - openBrowser(""): Browser is opened with url: ''

2021-04-26 21:35:35 - [MESSAGE][INFO] - Starting 'Chrome (headless)' driver

2021-04-26 21:35:35 - [MESSAGE][INFO] - User set preference: ['args', '[--no-sandbox]']

2021-04-26 21:35:35 - [MESSAGE][INFO] - Action delay is set to 5,000 milliseconds

2021-04-26 21:35:38 - [MESSAGE][PASSED] - Browser is opened with url: ''

2021-04-26 21:35:38 - [TEST_STEP][PASSED] - maximizeWindow(): Current window maximized

2021-04-26 21:35:38 - [MESSAGE][PASSED] - Current window maximized

2021-04-26 21:35:38 - [TEST_STEP][ERROR] - ctdc.utilities.runtestcaseforKatalon.testSetup(""): No signature of method: ctdc.utilities.runtestcaseforKatalon.testSetup() is applicable for argument types: (java.lang.String) values: []

2021-04-26 21:35:38 - [MESSAGE][ERROR] - No signature of method: ctdc.utilities.runtestcaseforKatalon.testSetup() is applicable for argument types: (java.lang.String) values: []]]></system-out>
         <system-err><![CDATA[2021-04-26 21:35:32 - [TEST_CASE][ERROR] - Test Cases/Canine_TestCases/StageOfDisease/TC10_Canine_Filter_StageOfDisease-5b: Test Cases/Canine_TestCases/StageOfDisease/TC10_Canine_Filter_StageOfDisease-5b FAILED.
Reason:
org.codehaus.groovy.runtime.metaclass.MissingMethodExceptionNoStack: No signature of method: ctdc.utilities.runtestcaseforKatalon.testSetup() is applicable for argument types: (java.lang.String) values: []]]></system-err>
      </testcase>
      <testcase name="Test Cases/Canine_TestCases/Sex/TC02_Canine_Filter_Sex-Female" time="5.935" classname="Test Cases/Canine_TestCases/Sex/TC02_Canine_Filter_Sex-Female" status="ERROR">
         <error type="ERROR" message="Test Cases/Canine_TestCases/Sex/TC02_Canine_Filter_Sex-Female FAILED.
Reason:
org.codehaus.groovy.runtime.metaclass.MissingMethodExceptionNoStack: No signature of method: ctdc.utilities.runtestcaseforKatalon.testSetup() is applicable for argument types: (java.lang.String) values: []
"/>
         <system-out><![CDATA[2021-04-26 21:35:38 - [TEST_CASE][ERROR] - Test Cases/Canine_TestCases/Sex/TC02_Canine_Filter_Sex-Female: Test Cases/Canine_TestCases/Sex/TC02_Canine_Filter_Sex-Female FAILED.
Reason:
org.codehaus.groovy.runtime.metaclass.MissingMethodExceptionNoStack: No signature of method: ctdc.utilities.runtestcaseforKatalon.testSetup() is applicable for argument types: (java.lang.String) values: []


2021-04-26 21:35:41 - [TEST_STEP][PASSED] - closeBrowser(): Browser is closed

2021-04-26 21:35:41 - [MESSAGE][PASSED] - Browser is closed

2021-04-26 21:35:41 - [TEST_STEP][PASSED] - openBrowser(""): Browser is opened with url: ''

2021-04-26 21:35:41 - [MESSAGE][INFO] - Starting 'Chrome (headless)' driver

2021-04-26 21:35:41 - [MESSAGE][INFO] - User set preference: ['args', '[--no-sandbox]']

2021-04-26 21:35:41 - [MESSAGE][INFO] - Action delay is set to 5,000 milliseconds

2021-04-26 21:35:44 - [MESSAGE][PASSED] - Browser is opened with url: ''

2021-04-26 21:35:44 - [TEST_STEP][ERROR] - ctdc.utilities.runtestcaseforKatalon.testSetup(""): No signature of method: ctdc.utilities.runtestcaseforKatalon.testSetup() is applicable for argument types: (java.lang.String) values: []

2021-04-26 21:35:44 - [MESSAGE][ERROR] - No signature of method: ctdc.utilities.runtestcaseforKatalon.testSetup() is applicable for argument types: (java.lang.String) values: []]]></system-out>
         <system-err><![CDATA[2021-04-26 21:35:38 - [TEST_CASE][ERROR] - Test Cases/Canine_TestCases/Sex/TC02_Canine_Filter_Sex-Female: Test Cases/Canine_TestCases/Sex/TC02_Canine_Filter_Sex-Female FAILED.
Reason:
org.codehaus.groovy.runtime.metaclass.MissingMethodExceptionNoStack: No signature of method: ctdc.utilities.runtestcaseforKatalon.testSetup() is applicable for argument types: (java.lang.String) values: []]]></system-err>
      </testcase>
      <testcase name="Test Cases/Canine_TestCases/Sex/TC03_Canine_Filter_Sex-Unknown" time="6.327" classname="Test Cases/Canine_TestCases/Sex/TC03_Canine_Filter_Sex-Unknown" status="ERROR">
         <error type="ERROR" message="Test Cases/Canine_TestCases/Sex/TC03_Canine_Filter_Sex-Unknown FAILED.
Reason:
org.codehaus.groovy.runtime.metaclass.MissingMethodExceptionNoStack: No signature of method: ctdc.utilities.runtestcaseforKatalon.testSetup() is applicable for argument types: (java.lang.String) values: []
"/>
         <system-out><![CDATA[2021-04-26 21:35:44 - [TEST_CASE][ERROR] - Test Cases/Canine_TestCases/Sex/TC03_Canine_Filter_Sex-Unknown: Test Cases/Canine_TestCases/Sex/TC03_Canine_Filter_Sex-Unknown FAILED.
Reason:
org.codehaus.groovy.runtime.metaclass.MissingMethodExceptionNoStack: No signature of method: ctdc.utilities.runtestcaseforKatalon.testSetup() is applicable for argument types: (java.lang.String) values: []


2021-04-26 21:35:47 - [TEST_STEP][PASSED] - closeBrowser(): Browser is closed

2021-04-26 21:35:47 - [MESSAGE][PASSED] - Browser is closed

2021-04-26 21:35:47 - [TEST_STEP][PASSED] - openBrowser(""): Browser is opened with url: ''

2021-04-26 21:35:47 - [MESSAGE][INFO] - Starting 'Chrome (headless)' driver

2021-04-26 21:35:47 - [MESSAGE][INFO] - User set preference: ['args', '[--no-sandbox]']

2021-04-26 21:35:47 - [MESSAGE][INFO] - Action delay is set to 5,000 milliseconds

2021-04-26 21:35:51 - [MESSAGE][PASSED] - Browser is opened with url: ''

2021-04-26 21:35:51 - [TEST_STEP][ERROR] - ctdc.utilities.runtestcaseforKatalon.testSetup(""): No signature of method: ctdc.utilities.runtestcaseforKatalon.testSetup() is applicable for argument types: (java.lang.String) values: []

2021-04-26 21:35:51 - [MESSAGE][ERROR] - No signature of method: ctdc.utilities.runtestcaseforKatalon.testSetup() is applicable for argument types: (java.lang.String) values: []]]></system-out>
         <system-err><![CDATA[2021-04-26 21:35:44 - [TEST_CASE][ERROR] - Test Cases/Canine_TestCases/Sex/TC03_Canine_Filter_Sex-Unknown: Test Cases/Canine_TestCases/Sex/TC03_Canine_Filter_Sex-Unknown FAILED.
Reason:
org.codehaus.groovy.runtime.metaclass.MissingMethodExceptionNoStack: No signature of method: ctdc.utilities.runtestcaseforKatalon.testSetup() is applicable for argument types: (java.lang.String) values: []]]></system-err>
      </testcase>
      <testcase name="Test Cases/Canine_TestCases/SampleType/TC02_Canine_Filter_SampleType-WholeBlood" time="6.124" classname="Test Cases/Canine_TestCases/SampleType/TC02_Canine_Filter_SampleType-WholeBlood" status="ERROR">
         <error type="ERROR" message="Test Cases/Canine_TestCases/SampleType/TC02_Canine_Filter_SampleType-WholeBlood FAILED.
Reason:
org.codehaus.groovy.runtime.metaclass.MissingMethodExceptionNoStack: No signature of method: ctdc.utilities.runtestcaseforKatalon.testSetup() is applicable for argument types: (java.lang.String) values: []
"/>
         <system-out><![CDATA[2021-04-26 21:35:51 - [TEST_CASE][ERROR] - Test Cases/Canine_TestCases/SampleType/TC02_Canine_Filter_SampleType-WholeBlood: Test Cases/Canine_TestCases/SampleType/TC02_Canine_Filter_SampleType-WholeBlood FAILED.
Reason:
org.codehaus.groovy.runtime.metaclass.MissingMethodExceptionNoStack: No signature of method: ctdc.utilities.runtestcaseforKatalon.testSetup() is applicable for argument types: (java.lang.String) values: []


2021-04-26 21:35:53 - [TEST_STEP][PASSED] - closeBrowser(): Browser is closed

2021-04-26 21:35:54 - [MESSAGE][PASSED] - Browser is closed

2021-04-26 21:35:54 - [TEST_STEP][PASSED] - openBrowser(""): Browser is opened with url: ''

2021-04-26 21:35:54 - [MESSAGE][INFO] - Starting 'Chrome (headless)' driver

2021-04-26 21:35:54 - [MESSAGE][INFO] - User set preference: ['args', '[--no-sandbox]']

2021-04-26 21:35:54 - [MESSAGE][INFO] - Action delay is set to 5,000 milliseconds

2021-04-26 21:35:57 - [MESSAGE][PASSED] - Browser is opened with url: ''

2021-04-26 21:35:57 - [TEST_STEP][PASSED] - maximizeWindow(): Current window maximized

2021-04-26 21:35:57 - [MESSAGE][PASSED] - Current window maximized

2021-04-26 21:35:57 - [TEST_STEP][ERROR] - ctdc.utilities.runtestcaseforKatalon.testSetup(""): No signature of method: ctdc.utilities.runtestcaseforKatalon.testSetup() is applicable for argument types: (java.lang.String) values: []

2021-04-26 21:35:57 - [MESSAGE][ERROR] - No signature of method: ctdc.utilities.runtestcaseforKatalon.testSetup() is applicable for argument types: (java.lang.String) values: []]]></system-out>
         <system-err><![CDATA[2021-04-26 21:35:51 - [TEST_CASE][ERROR] - Test Cases/Canine_TestCases/SampleType/TC02_Canine_Filter_SampleType-WholeBlood: Test Cases/Canine_TestCases/SampleType/TC02_Canine_Filter_SampleType-WholeBlood FAILED.
Reason:
org.codehaus.groovy.runtime.metaclass.MissingMethodExceptionNoStack: No signature of method: ctdc.utilities.runtestcaseforKatalon.testSetup() is applicable for argument types: (java.lang.String) values: []]]></system-err>
      </testcase>
      <testcase name="Test Cases/Canine_TestCases/SampleType/TC03_Canine_Filter_SampleType-NormalTissue" time="6.139" classname="Test Cases/Canine_TestCases/SampleType/TC03_Canine_Filter_SampleType-NormalTissue" status="ERROR">
         <error type="ERROR" message="Test Cases/Canine_TestCases/SampleType/TC03_Canine_Filter_SampleType-NormalTissue FAILED.
Reason:
org.codehaus.groovy.runtime.metaclass.MissingMethodExceptionNoStack: No signature of method: ctdc.utilities.runtestcaseforKatalon.testSetup() is applicable for argument types: (java.lang.String) values: []
"/>
         <system-out><![CDATA[2021-04-26 21:35:57 - [TEST_CASE][ERROR] - Test Cases/Canine_TestCases/SampleType/TC03_Canine_Filter_SampleType-NormalTissue: Test Cases/Canine_TestCases/SampleType/TC03_Canine_Filter_SampleType-NormalTissue FAILED.
Reason:
org.codehaus.groovy.runtime.metaclass.MissingMethodExceptionNoStack: No signature of method: ctdc.utilities.runtestcaseforKatalon.testSetup() is applicable for argument types: (java.lang.String) values: []


2021-04-26 21:35:59 - [TEST_STEP][PASSED] - closeBrowser(): Browser is closed

2021-04-26 21:36:00 - [MESSAGE][PASSED] - Browser is closed

2021-04-26 21:36:00 - [TEST_STEP][PASSED] - openBrowser(""): Browser is opened with url: ''

2021-04-26 21:36:00 - [MESSAGE][INFO] - Starting 'Chrome (headless)' driver

2021-04-26 21:36:00 - [MESSAGE][INFO] - User set preference: ['args', '[--no-sandbox]']

2021-04-26 21:36:00 - [MESSAGE][INFO] - Action delay is set to 5,000 milliseconds

2021-04-26 21:36:03 - [MESSAGE][PASSED] - Browser is opened with url: ''

2021-04-26 21:36:03 - [TEST_STEP][PASSED] - maximizeWindow(): Current window maximized

2021-04-26 21:36:03 - [MESSAGE][PASSED] - Current window maximized

2021-04-26 21:36:03 - [TEST_STEP][ERROR] - ctdc.utilities.runtestcaseforKatalon.testSetup(""): No signature of method: ctdc.utilities.runtestcaseforKatalon.testSetup() is applicable for argument types: (java.lang.String) values: []

2021-04-26 21:36:03 - [MESSAGE][ERROR] - No signature of method: ctdc.utilities.runtestcaseforKatalon.testSetup() is applicable for argument types: (java.lang.String) values: []]]></system-out>
         <system-err><![CDATA[2021-04-26 21:35:57 - [TEST_CASE][ERROR] - Test Cases/Canine_TestCases/SampleType/TC03_Canine_Filter_SampleType-NormalTissue: Test Cases/Canine_TestCases/SampleType/TC03_Canine_Filter_SampleType-NormalTissue FAILED.
Reason:
org.codehaus.groovy.runtime.metaclass.MissingMethodExceptionNoStack: No signature of method: ctdc.utilities.runtestcaseforKatalon.testSetup() is applicable for argument types: (java.lang.String) values: []]]></system-err>
      </testcase>
      <testcase name="Test Cases/Canine_TestCases/SamplePathology/TC01_Canine_Filter_SamplePatho-Astrocytoma" time="6.682" classname="Test Cases/Canine_TestCases/SamplePathology/TC01_Canine_Filter_SamplePatho-Astrocytoma" status="ERROR">
         <error type="ERROR" message="Test Cases/Canine_TestCases/SamplePathology/TC01_Canine_Filter_SamplePatho-Astrocytoma FAILED.
Reason:
org.codehaus.groovy.runtime.metaclass.MissingMethodExceptionNoStack: No signature of method: ctdc.utilities.runtestcaseforKatalon.testSetup() is applicable for argument types: (java.lang.String) values: []
"/>
         <system-out><![CDATA[2021-04-26 21:36:03 - [TEST_CASE][ERROR] - Test Cases/Canine_TestCases/SamplePathology/TC01_Canine_Filter_SamplePatho-Astrocytoma: Test Cases/Canine_TestCases/SamplePathology/TC01_Canine_Filter_SamplePatho-Astrocytoma FAILED.
Reason:
org.codehaus.groovy.runtime.metaclass.MissingMethodExceptionNoStack: No signature of method: ctdc.utilities.runtestcaseforKatalon.testSetup() is applicable for argument types: (java.lang.String) values: []


2021-04-26 21:36:05 - [TEST_STEP][PASSED] - closeBrowser(): Browser is closed

2021-04-26 21:36:06 - [MESSAGE][PASSED] - Browser is closed

2021-04-26 21:36:06 - [TEST_STEP][PASSED] - openBrowser(""): Browser is opened with url: ''

2021-04-26 21:36:06 - [MESSAGE][INFO] - Starting 'Chrome (headless)' driver

2021-04-26 21:36:06 - [MESSAGE][INFO] - User set preference: ['args', '[--no-sandbox]']

2021-04-26 21:36:06 - [MESSAGE][INFO] - Action delay is set to 5,000 milliseconds

2021-04-26 21:36:09 - [MESSAGE][PASSED] - Browser is opened with url: ''

2021-04-26 21:36:09 - [TEST_STEP][PASSED] - maximizeWindow(): Current window maximized

2021-04-26 21:36:10 - [MESSAGE][PASSED] - Current window maximized

2021-04-26 21:36:10 - [TEST_STEP][ERROR] - ctdc.utilities.runtestcaseforKatalon.testSetup(""): No signature of method: ctdc.utilities.runtestcaseforKatalon.testSetup() is applicable for argument types: (java.lang.String) values: []

2021-04-26 21:36:10 - [MESSAGE][ERROR] - No signature of method: ctdc.utilities.runtestcaseforKatalon.testSetup() is applicable for argument types: (java.lang.String) values: []]]></system-out>
         <system-err><![CDATA[2021-04-26 21:36:03 - [TEST_CASE][ERROR] - Test Cases/Canine_TestCases/SamplePathology/TC01_Canine_Filter_SamplePatho-Astrocytoma: Test Cases/Canine_TestCases/SamplePathology/TC01_Canine_Filter_SamplePatho-Astrocytoma FAILED.
Reason:
org.codehaus.groovy.runtime.metaclass.MissingMethodExceptionNoStack: No signature of method: ctdc.utilities.runtestcaseforKatalon.testSetup() is applicable for argument types: (java.lang.String) values: []]]></system-err>
      </testcase>
      <testcase name="Test Cases/Canine_TestCases/SamplePathology/TC02_Canine_Filter_SamplePatho-BCellLymphoma" time="5.806" classname="Test Cases/Canine_TestCases/SamplePathology/TC02_Canine_Filter_SamplePatho-BCellLymphoma" status="ERROR">
         <error type="ERROR" message="Test Cases/Canine_TestCases/SamplePathology/TC02_Canine_Filter_SamplePatho-BCellLymphoma FAILED.
Reason:
org.codehaus.groovy.runtime.metaclass.MissingMethodExceptionNoStack: No signature of method: ctdc.utilities.runtestcaseforKatalon.testSetup() is applicable for argument types: (java.lang.String) values: []
"/>
         <system-out><![CDATA[2021-04-26 21:36:10 - [TEST_CASE][ERROR] - Test Cases/Canine_TestCases/SamplePathology/TC02_Canine_Filter_SamplePatho-BCellLymphoma: Test Cases/Canine_TestCases/SamplePathology/TC02_Canine_Filter_SamplePatho-BCellLymphoma FAILED.
Reason:
org.codehaus.groovy.runtime.metaclass.MissingMethodExceptionNoStack: No signature of method: ctdc.utilities.runtestcaseforKatalon.testSetup() is applicable for argument types: (java.lang.String) values: []


2021-04-26 21:36:12 - [TEST_STEP][PASSED] - closeBrowser(): Browser is closed

2021-04-26 21:36:12 - [MESSAGE][PASSED] - Browser is closed

2021-04-26 21:36:12 - [TEST_STEP][PASSED] - openBrowser(""): Browser is opened with url: ''

2021-04-26 21:36:12 - [MESSAGE][INFO] - Starting 'Chrome (headless)' driver

2021-04-26 21:36:12 - [MESSAGE][INFO] - User set preference: ['args', '[--no-sandbox]']

2021-04-26 21:36:12 - [MESSAGE][INFO] - Action delay is set to 5,000 milliseconds

2021-04-26 21:36:15 - [MESSAGE][PASSED] - Browser is opened with url: ''

2021-04-26 21:36:15 - [TEST_STEP][PASSED] - maximizeWindow(): Current window maximized

2021-04-26 21:36:15 - [MESSAGE][PASSED] - Current window maximized

2021-04-26 21:36:15 - [TEST_STEP][ERROR] - ctdc.utilities.runtestcaseforKatalon.testSetup(""): No signature of method: ctdc.utilities.runtestcaseforKatalon.testSetup() is applicable for argument types: (java.lang.String) values: []

2021-04-26 21:36:15 - [MESSAGE][ERROR] - No signature of method: ctdc.utilities.runtestcaseforKatalon.testSetup() is applicable for argument types: (java.lang.String) values: []]]></system-out>
         <system-err><![CDATA[2021-04-26 21:36:10 - [TEST_CASE][ERROR] - Test Cases/Canine_TestCases/SamplePathology/TC02_Canine_Filter_SamplePatho-BCellLymphoma: Test Cases/Canine_TestCases/SamplePathology/TC02_Canine_Filter_SamplePatho-BCellLymphoma FAILED.
Reason:
org.codehaus.groovy.runtime.metaclass.MissingMethodExceptionNoStack: No signature of method: ctdc.utilities.runtestcaseforKatalon.testSetup() is applicable for argument types: (java.lang.String) values: []]]></system-err>
      </testcase>
      <testcase name="Test Cases/Canine_TestCases/SamplePathology/TC03_Canine_Filter_SamplePatho-Lymphoma" time="6.143" classname="Test Cases/Canine_TestCases/SamplePathology/TC03_Canine_Filter_SamplePatho-Lymphoma" status="ERROR">
         <error type="ERROR" message="Test Cases/Canine_TestCases/SamplePathology/TC03_Canine_Filter_SamplePatho-Lymphoma FAILED.
Reason:
org.codehaus.groovy.runtime.metaclass.MissingMethodExceptionNoStack: No signature of method: ctdc.utilities.runtestcaseforKatalon.testSetup() is applicable for argument types: (java.lang.String) values: []
"/>
         <system-out><![CDATA[2021-04-26 21:36:15 - [TEST_CASE][ERROR] - Test Cases/Canine_TestCases/SamplePathology/TC03_Canine_Filter_SamplePatho-Lymphoma: Test Cases/Canine_TestCases/SamplePathology/TC03_Canine_Filter_SamplePatho-Lymphoma FAILED.
Reason:
org.codehaus.groovy.runtime.metaclass.MissingMethodExceptionNoStack: No signature of method: ctdc.utilities.runtestcaseforKatalon.testSetup() is applicable for argument types: (java.lang.String) values: []


2021-04-26 21:36:18 - [TEST_STEP][PASSED] - closeBrowser(): Browser is closed

2021-04-26 21:36:18 - [MESSAGE][PASSED] - Browser is closed

2021-04-26 21:36:18 - [TEST_STEP][PASSED] - openBrowser(""): Browser is opened with url: ''

2021-04-26 21:36:18 - [MESSAGE][INFO] - Starting 'Chrome (headless)' driver

2021-04-26 21:36:18 - [MESSAGE][INFO] - User set preference: ['args', '[--no-sandbox]']

2021-04-26 21:36:18 - [MESSAGE][INFO] - Action delay is set to 5,000 milliseconds

2021-04-26 21:36:21 - [MESSAGE][PASSED] - Browser is opened with url: ''

2021-04-26 21:36:21 - [TEST_STEP][PASSED] - maximizeWindow(): Current window maximized

2021-04-26 21:36:22 - [MESSAGE][PASSED] - Current window maximized

2021-04-26 21:36:22 - [TEST_STEP][ERROR] - ctdc.utilities.runtestcaseforKatalon.testSetup(""): No signature of method: ctdc.utilities.runtestcaseforKatalon.testSetup() is applicable for argument types: (java.lang.String) values: []

2021-04-26 21:36:22 - [MESSAGE][ERROR] - No signature of method: ctdc.utilities.runtestcaseforKatalon.testSetup() is applicable for argument types: (java.lang.String) values: []]]></system-out>
         <system-err><![CDATA[2021-04-26 21:36:15 - [TEST_CASE][ERROR] - Test Cases/Canine_TestCases/SamplePathology/TC03_Canine_Filter_SamplePatho-Lymphoma: Test Cases/Canine_TestCases/SamplePathology/TC03_Canine_Filter_SamplePatho-Lymphoma FAILED.
Reason:
org.codehaus.groovy.runtime.metaclass.MissingMethodExceptionNoStack: No signature of method: ctdc.utilities.runtestcaseforKatalon.testSetup() is applicable for argument types: (java.lang.String) values: []]]></system-err>
      </testcase>
      <testcase name="Test Cases/Canine_TestCases/SamplePathology/TC04_Canine_Filter_SamplePatho-Melanoma" time="6.41" classname="Test Cases/Canine_TestCases/SamplePathology/TC04_Canine_Filter_SamplePatho-Melanoma" status="ERROR">
         <error type="ERROR" message="Test Cases/Canine_TestCases/SamplePathology/TC04_Canine_Filter_SamplePatho-Melanoma FAILED.
Reason:
org.codehaus.groovy.runtime.metaclass.MissingMethodExceptionNoStack: No signature of method: ctdc.utilities.runtestcaseforKatalon.testSetup() is applicable for argument types: (java.lang.String) values: []
"/>
         <system-out><![CDATA[2021-04-26 21:36:22 - [TEST_CASE][ERROR] - Test Cases/Canine_TestCases/SamplePathology/TC04_Canine_Filter_SamplePatho-Melanoma: Test Cases/Canine_TestCases/SamplePathology/TC04_Canine_Filter_SamplePatho-Melanoma FAILED.
Reason:
org.codehaus.groovy.runtime.metaclass.MissingMethodExceptionNoStack: No signature of method: ctdc.utilities.runtestcaseforKatalon.testSetup() is applicable for argument types: (java.lang.String) values: []


2021-04-26 21:36:24 - [TEST_STEP][PASSED] - closeBrowser(): Browser is closed

2021-04-26 21:36:24 - [MESSAGE][PASSED] - Browser is closed

2021-04-26 21:36:24 - [TEST_STEP][PASSED] - openBrowser(""): Browser is opened with url: ''

2021-04-26 21:36:25 - [MESSAGE][INFO] - Starting 'Chrome (headless)' driver

2021-04-26 21:36:25 - [MESSAGE][INFO] - User set preference: ['args', '[--no-sandbox]']

2021-04-26 21:36:25 - [MESSAGE][INFO] - Action delay is set to 5,000 milliseconds

2021-04-26 21:36:28 - [MESSAGE][PASSED] - Browser is opened with url: ''

2021-04-26 21:36:28 - [TEST_STEP][PASSED] - maximizeWindow(): Current window maximized

2021-04-26 21:36:28 - [MESSAGE][PASSED] - Current window maximized

2021-04-26 21:36:28 - [TEST_STEP][ERROR] - ctdc.utilities.runtestcaseforKatalon.testSetup(""): No signature of method: ctdc.utilities.runtestcaseforKatalon.testSetup() is applicable for argument types: (java.lang.String) values: []

2021-04-26 21:36:28 - [MESSAGE][ERROR] - No signature of method: ctdc.utilities.runtestcaseforKatalon.testSetup() is applicable for argument types: (java.lang.String) values: []]]></system-out>
         <system-err><![CDATA[2021-04-26 21:36:22 - [TEST_CASE][ERROR] - Test Cases/Canine_TestCases/SamplePathology/TC04_Canine_Filter_SamplePatho-Melanoma: Test Cases/Canine_TestCases/SamplePathology/TC04_Canine_Filter_SamplePatho-Melanoma FAILED.
Reason:
org.codehaus.groovy.runtime.metaclass.MissingMethodExceptionNoStack: No signature of method: ctdc.utilities.runtestcaseforKatalon.testSetup() is applicable for argument types: (java.lang.String) values: []]]></system-err>
      </testcase>
      <testcase name="Test Cases/Canine_TestCases/SamplePathology/TC07_Canine_Filter_SamplePatho-Osteosarcoma" time="6.992" classname="Test Cases/Canine_TestCases/SamplePathology/TC07_Canine_Filter_SamplePatho-Osteosarcoma" status="ERROR">
         <error type="ERROR" message="Test Cases/Canine_TestCases/SamplePathology/TC07_Canine_Filter_SamplePatho-Osteosarcoma FAILED.
Reason:
org.codehaus.groovy.runtime.metaclass.MissingMethodExceptionNoStack: No signature of method: ctdc.utilities.runtestcaseforKatalon.testSetup() is applicable for argument types: (java.lang.String) values: []
"/>
         <system-out><![CDATA[2021-04-26 21:36:28 - [TEST_CASE][ERROR] - Test Cases/Canine_TestCases/SamplePathology/TC07_Canine_Filter_SamplePatho-Osteosarcoma: Test Cases/Canine_TestCases/SamplePathology/TC07_Canine_Filter_SamplePatho-Osteosarcoma FAILED.
Reason:
org.codehaus.groovy.runtime.metaclass.MissingMethodExceptionNoStack: No signature of method: ctdc.utilities.runtestcaseforKatalon.testSetup() is applicable for argument types: (java.lang.String) values: []


2021-04-26 21:36:31 - [TEST_STEP][PASSED] - closeBrowser(): Browser is closed

2021-04-26 21:36:32 - [MESSAGE][PASSED] - Browser is closed

2021-04-26 21:36:32 - [TEST_STEP][PASSED] - openBrowser(""): Browser is opened with url: ''

2021-04-26 21:36:32 - [MESSAGE][INFO] - Starting 'Chrome (headless)' driver

2021-04-26 21:36:32 - [MESSAGE][INFO] - User set preference: ['args', '[--no-sandbox]']

2021-04-26 21:36:32 - [MESSAGE][INFO] - Action delay is set to 5,000 milliseconds

2021-04-26 21:36:35 - [MESSAGE][PASSED] - Browser is opened with url: ''

2021-04-26 21:36:35 - [TEST_STEP][PASSED] - maximizeWindow(): Current window maximized

2021-04-26 21:36:35 - [MESSAGE][PASSED] - Current window maximized

2021-04-26 21:36:35 - [TEST_STEP][ERROR] - ctdc.utilities.runtestcaseforKatalon.testSetup(""): No signature of method: ctdc.utilities.runtestcaseforKatalon.testSetup() is applicable for argument types: (java.lang.String) values: []

2021-04-26 21:36:35 - [MESSAGE][ERROR] - No signature of method: ctdc.utilities.runtestcaseforKatalon.testSetup() is applicable for argument types: (java.lang.String) values: []]]></system-out>
         <system-err><![CDATA[2021-04-26 21:36:28 - [TEST_CASE][ERROR] - Test Cases/Canine_TestCases/SamplePathology/TC07_Canine_Filter_SamplePatho-Osteosarcoma: Test Cases/Canine_TestCases/SamplePathology/TC07_Canine_Filter_SamplePatho-Osteosarcoma FAILED.
Reason:
org.codehaus.groovy.runtime.metaclass.MissingMethodExceptionNoStack: No signature of method: ctdc.utilities.runtestcaseforKatalon.testSetup() is applicable for argument types: (java.lang.String) values: []]]></system-err>
      </testcase>
      <testcase name="Test Cases/Canine_TestCases/SamplePathology/TC08_Canine_Filter_SamplePatho-PulmoAdeno" time="7.691" classname="Test Cases/Canine_TestCases/SamplePathology/TC08_Canine_Filter_SamplePatho-PulmoAdeno" status="ERROR">
         <error type="ERROR" message="Test Cases/Canine_TestCases/SamplePathology/TC08_Canine_Filter_SamplePatho-PulmoAdeno FAILED.
Reason:
org.codehaus.groovy.runtime.metaclass.MissingMethodExceptionNoStack: No signature of method: ctdc.utilities.runtestcaseforKatalon.testSetup() is applicable for argument types: (java.lang.String) values: []
"/>
         <system-out><![CDATA[2021-04-26 21:36:35 - [TEST_CASE][ERROR] - Test Cases/Canine_TestCases/SamplePathology/TC08_Canine_Filter_SamplePatho-PulmoAdeno: Test Cases/Canine_TestCases/SamplePathology/TC08_Canine_Filter_SamplePatho-PulmoAdeno FAILED.
Reason:
org.codehaus.groovy.runtime.metaclass.MissingMethodExceptionNoStack: No signature of method: ctdc.utilities.runtestcaseforKatalon.testSetup() is applicable for argument types: (java.lang.String) values: []


2021-04-26 21:36:38 - [TEST_STEP][PASSED] - closeBrowser(): Browser is closed

2021-04-26 21:36:39 - [MESSAGE][PASSED] - Browser is closed

2021-04-26 21:36:39 - [TEST_STEP][PASSED] - openBrowser(""): Browser is opened with url: ''

2021-04-26 21:36:39 - [MESSAGE][INFO] - Starting 'Chrome (headless)' driver

2021-04-26 21:36:39 - [MESSAGE][INFO] - User set preference: ['args', '[--no-sandbox]']

2021-04-26 21:36:39 - [MESSAGE][INFO] - Action delay is set to 5,000 milliseconds

2021-04-26 21:36:42 - [MESSAGE][PASSED] - Browser is opened with url: ''

2021-04-26 21:36:42 - [TEST_STEP][PASSED] - maximizeWindow(): Current window maximized

2021-04-26 21:36:43 - [MESSAGE][PASSED] - Current window maximized

2021-04-26 21:36:43 - [TEST_STEP][ERROR] - ctdc.utilities.runtestcaseforKatalon.testSetup(""): No signature of method: ctdc.utilities.runtestcaseforKatalon.testSetup() is applicable for argument types: (java.lang.String) values: []

2021-04-26 21:36:43 - [MESSAGE][ERROR] - No signature of method: ctdc.utilities.runtestcaseforKatalon.testSetup() is applicable for argument types: (java.lang.String) values: []]]></system-out>
         <system-err><![CDATA[2021-04-26 21:36:35 - [TEST_CASE][ERROR] - Test Cases/Canine_TestCases/SamplePathology/TC08_Canine_Filter_SamplePatho-PulmoAdeno: Test Cases/Canine_TestCases/SamplePathology/TC08_Canine_Filter_SamplePatho-PulmoAdeno FAILED.
Reason:
org.codehaus.groovy.runtime.metaclass.MissingMethodExceptionNoStack: No signature of method: ctdc.utilities.runtestcaseforKatalon.testSetup() is applicable for argument types: (java.lang.String) values: []]]></system-err>
      </testcase>
      <testcase name="Test Cases/Canine_TestCases/SamplePathology/TC09_Canine_Filter_SamplePatho-PulmoCarcinoma" time="8.028" classname="Test Cases/Canine_TestCases/SamplePathology/TC09_Canine_Filter_SamplePatho-PulmoCarcinoma" status="ERROR">
         <error type="ERROR" message="Test Cases/Canine_TestCases/SamplePathology/TC09_Canine_Filter_SamplePatho-PulmoCarcinoma FAILED.
Reason:
org.codehaus.groovy.runtime.metaclass.MissingMethodExceptionNoStack: No signature of method: ctdc.utilities.runtestcaseforKatalon.testSetup() is applicable for argument types: (java.lang.String) values: []
"/>
         <system-out><![CDATA[2021-04-26 21:36:43 - [TEST_CASE][ERROR] - Test Cases/Canine_TestCases/SamplePathology/TC09_Canine_Filter_SamplePatho-PulmoCarcinoma: Test Cases/Canine_TestCases/SamplePathology/TC09_Canine_Filter_SamplePatho-PulmoCarcinoma FAILED.
Reason:
org.codehaus.groovy.runtime.metaclass.MissingMethodExceptionNoStack: No signature of method: ctdc.utilities.runtestcaseforKatalon.testSetup() is applicable for argument types: (java.lang.String) values: []


2021-04-26 21:36:45 - [TEST_STEP][PASSED] - closeBrowser(): Browser is closed

2021-04-26 21:36:46 - [MESSAGE][PASSED] - Browser is closed

2021-04-26 21:36:46 - [TEST_STEP][PASSED] - openBrowser(""): Browser is opened with url: ''

2021-04-26 21:36:46 - [MESSAGE][INFO] - Starting 'Chrome (headless)' driver

2021-04-26 21:36:46 - [MESSAGE][INFO] - User set preference: ['args', '[--no-sandbox]']

2021-04-26 21:36:46 - [MESSAGE][INFO] - Action delay is set to 5,000 milliseconds

2021-04-26 21:36:51 - [MESSAGE][PASSED] - Browser is opened with url: ''

2021-04-26 21:36:51 - [TEST_STEP][PASSED] - maximizeWindow(): Current window maximized

2021-04-26 21:36:51 - [MESSAGE][PASSED] - Current window maximized

2021-04-26 21:36:51 - [TEST_STEP][ERROR] - ctdc.utilities.runtestcaseforKatalon.testSetup(""): No signature of method: ctdc.utilities.runtestcaseforKatalon.testSetup() is applicable for argument types: (java.lang.String) values: []

2021-04-26 21:36:51 - [MESSAGE][ERROR] - No signature of method: ctdc.utilities.runtestcaseforKatalon.testSetup() is applicable for argument types: (java.lang.String) values: []]]></system-out>
         <system-err><![CDATA[2021-04-26 21:36:43 - [TEST_CASE][ERROR] - Test Cases/Canine_TestCases/SamplePathology/TC09_Canine_Filter_SamplePatho-PulmoCarcinoma: Test Cases/Canine_TestCases/SamplePathology/TC09_Canine_Filter_SamplePatho-PulmoCarcinoma FAILED.
Reason:
org.codehaus.groovy.runtime.metaclass.MissingMethodExceptionNoStack: No signature of method: ctdc.utilities.runtestcaseforKatalon.testSetup() is applicable for argument types: (java.lang.String) values: []]]></system-err>
      </testcase>
      <testcase name="Test Cases/Canine_TestCases/SamplePathology/TC10_Canine_Filter_SamplePatho-TCellLymphoma" time="7.526" classname="Test Cases/Canine_TestCases/SamplePathology/TC10_Canine_Filter_SamplePatho-TCellLymphoma" status="ERROR">
         <error type="ERROR" message="Test Cases/Canine_TestCases/SamplePathology/TC10_Canine_Filter_SamplePatho-TCellLymphoma FAILED.
Reason:
org.codehaus.groovy.runtime.metaclass.MissingMethodExceptionNoStack: No signature of method: ctdc.utilities.runtestcaseforKatalon.testSetup() is applicable for argument types: (java.lang.String) values: []
"/>
         <system-out><![CDATA[2021-04-26 21:36:51 - [TEST_CASE][ERROR] - Test Cases/Canine_TestCases/SamplePathology/TC10_Canine_Filter_SamplePatho-TCellLymphoma: Test Cases/Canine_TestCases/SamplePathology/TC10_Canine_Filter_SamplePatho-TCellLymphoma FAILED.
Reason:
org.codehaus.groovy.runtime.metaclass.MissingMethodExceptionNoStack: No signature of method: ctdc.utilities.runtestcaseforKatalon.testSetup() is applicable for argument types: (java.lang.String) values: []


2021-04-26 21:36:54 - [TEST_STEP][PASSED] - closeBrowser(): Browser is closed

2021-04-26 21:36:55 - [MESSAGE][PASSED] - Browser is closed

2021-04-26 21:36:55 - [TEST_STEP][PASSED] - openBrowser(""): Browser is opened with url: ''

2021-04-26 21:36:55 - [MESSAGE][INFO] - Starting 'Chrome (headless)' driver

2021-04-26 21:36:55 - [MESSAGE][INFO] - User set preference: ['args', '[--no-sandbox]']

2021-04-26 21:36:55 - [MESSAGE][INFO] - Action delay is set to 5,000 milliseconds

2021-04-26 21:36:58 - [MESSAGE][PASSED] - Browser is opened with url: ''

2021-04-26 21:36:58 - [TEST_STEP][PASSED] - maximizeWindow(): Current window maximized

2021-04-26 21:36:58 - [MESSAGE][PASSED] - Current window maximized

2021-04-26 21:36:58 - [TEST_STEP][ERROR] - ctdc.utilities.runtestcaseforKatalon.testSetup(""): No signature of method: ctdc.utilities.runtestcaseforKatalon.testSetup() is applicable for argument types: (java.lang.String) values: []

2021-04-26 21:36:58 - [MESSAGE][ERROR] - No signature of method: ctdc.utilities.runtestcaseforKatalon.testSetup() is applicable for argument types: (java.lang.String) values: []]]></system-out>
         <system-err><![CDATA[2021-04-26 21:36:51 - [TEST_CASE][ERROR] - Test Cases/Canine_TestCases/SamplePathology/TC10_Canine_Filter_SamplePatho-TCellLymphoma: Test Cases/Canine_TestCases/SamplePathology/TC10_Canine_Filter_SamplePatho-TCellLymphoma FAILED.
Reason:
org.codehaus.groovy.runtime.metaclass.MissingMethodExceptionNoStack: No signature of method: ctdc.utilities.runtestcaseforKatalon.testSetup() is applicable for argument types: (java.lang.String) values: []]]></system-err>
      </testcase>
      <testcase name="Test Cases/Canine_TestCases/SamplePathology/TC11_Canine_Filter_SamplePatho-Undefined" time="8.377" classname="Test Cases/Canine_TestCases/SamplePathology/TC11_Canine_Filter_SamplePatho-Undefined" status="ERROR">
         <error type="ERROR" message="Test Cases/Canine_TestCases/SamplePathology/TC11_Canine_Filter_SamplePatho-Undefined FAILED.
Reason:
org.codehaus.groovy.runtime.metaclass.MissingMethodExceptionNoStack: No signature of method: ctdc.utilities.runtestcaseforKatalon.testSetup() is applicable for argument types: (java.lang.String) values: []
"/>
         <system-out><![CDATA[2021-04-26 21:36:58 - [TEST_CASE][ERROR] - Test Cases/Canine_TestCases/SamplePathology/TC11_Canine_Filter_SamplePatho-Undefined: Test Cases/Canine_TestCases/SamplePathology/TC11_Canine_Filter_SamplePatho-Undefined FAILED.
Reason:
org.codehaus.groovy.runtime.metaclass.MissingMethodExceptionNoStack: No signature of method: ctdc.utilities.runtestcaseforKatalon.testSetup() is applicable for argument types: (java.lang.String) values: []


2021-04-26 21:37:01 - [TEST_STEP][PASSED] - closeBrowser(): Browser is closed

2021-04-26 21:37:02 - [MESSAGE][PASSED] - Browser is closed

2021-04-26 21:37:02 - [TEST_STEP][PASSED] - openBrowser(""): Browser is opened with url: ''

2021-04-26 21:37:02 - [MESSAGE][INFO] - Starting 'Chrome (headless)' driver

2021-04-26 21:37:02 - [MESSAGE][INFO] - User set preference: ['args', '[--no-sandbox]']

2021-04-26 21:37:02 - [MESSAGE][INFO] - Action delay is set to 5,000 milliseconds

2021-04-26 21:37:06 - [MESSAGE][PASSED] - Browser is opened with url: ''

2021-04-26 21:37:06 - [TEST_STEP][PASSED] - maximizeWindow(): Current window maximized

2021-04-26 21:37:07 - [MESSAGE][PASSED] - Current window maximized

2021-04-26 21:37:07 - [TEST_STEP][ERROR] - ctdc.utilities.runtestcaseforKatalon.testSetup(""): No signature of method: ctdc.utilities.runtestcaseforKatalon.testSetup() is applicable for argument types: (java.lang.String) values: []

2021-04-26 21:37:07 - [MESSAGE][ERROR] - No signature of method: ctdc.utilities.runtestcaseforKatalon.testSetup() is applicable for argument types: (java.lang.String) values: []]]></system-out>
         <system-err><![CDATA[2021-04-26 21:36:58 - [TEST_CASE][ERROR] - Test Cases/Canine_TestCases/SamplePathology/TC11_Canine_Filter_SamplePatho-Undefined: Test Cases/Canine_TestCases/SamplePathology/TC11_Canine_Filter_SamplePatho-Undefined FAILED.
Reason:
org.codehaus.groovy.runtime.metaclass.MissingMethodExceptionNoStack: No signature of method: ctdc.utilities.runtestcaseforKatalon.testSetup() is applicable for argument types: (java.lang.String) values: []]]></system-err>
      </testcase>
      <testcase name="Test Cases/Canine_TestCases/FileAssociation/TC01_Canine_Filter_FileAssoc-diagnosis" time="9.07" classname="Test Cases/Canine_TestCases/FileAssociation/TC01_Canine_Filter_FileAssoc-diagnosis" status="ERROR">
         <error type="ERROR" message="Test Cases/Canine_TestCases/FileAssociation/TC01_Canine_Filter_FileAssoc-diagnosis FAILED.
Reason:
org.codehaus.groovy.runtime.metaclass.MissingMethodExceptionNoStack: No signature of method: ctdc.utilities.runtestcaseforKatalon.testSetup() is applicable for argument types: (java.lang.String) values: []
"/>
         <system-out><![CDATA[2021-04-26 21:37:07 - [TEST_CASE][ERROR] - Test Cases/Canine_TestCases/FileAssociation/TC01_Canine_Filter_FileAssoc-diagnosis: Test Cases/Canine_TestCases/FileAssociation/TC01_Canine_Filter_FileAssoc-diagnosis FAILED.
Reason:
org.codehaus.groovy.runtime.metaclass.MissingMethodExceptionNoStack: No signature of method: ctdc.utilities.runtestcaseforKatalon.testSetup() is applicable for argument types: (java.lang.String) values: []


2021-04-26 21:37:10 - [TEST_STEP][PASSED] - closeBrowser(): Browser is closed

2021-04-26 21:37:11 - [MESSAGE][PASSED] - Browser is closed

2021-04-26 21:37:11 - [TEST_STEP][PASSED] - openBrowser(""): Browser is opened with url: ''

2021-04-26 21:37:11 - [MESSAGE][INFO] - Starting 'Chrome (headless)' driver

2021-04-26 21:37:11 - [MESSAGE][INFO] - User set preference: ['args', '[--no-sandbox]']

2021-04-26 21:37:11 - [MESSAGE][INFO] - Action delay is set to 5,000 milliseconds

2021-04-26 21:37:15 - [MESSAGE][PASSED] - Browser is opened with url: ''

2021-04-26 21:37:15 - [TEST_STEP][PASSED] - maximizeWindow(): Current window maximized

2021-04-26 21:37:16 - [MESSAGE][PASSED] - Current window maximized

2021-04-26 21:37:16 - [TEST_STEP][ERROR] - ctdc.utilities.runtestcaseforKatalon.testSetup(""): No signature of method: ctdc.utilities.runtestcaseforKatalon.testSetup() is applicable for argument types: (java.lang.String) values: []

2021-04-26 21:37:16 - [MESSAGE][ERROR] - No signature of method: ctdc.utilities.runtestcaseforKatalon.testSetup() is applicable for argument types: (java.lang.String) values: []]]></system-out>
         <system-err><![CDATA[2021-04-26 21:37:07 - [TEST_CASE][ERROR] - Test Cases/Canine_TestCases/FileAssociation/TC01_Canine_Filter_FileAssoc-diagnosis: Test Cases/Canine_TestCases/FileAssociation/TC01_Canine_Filter_FileAssoc-diagnosis FAILED.
Reason:
org.codehaus.groovy.runtime.metaclass.MissingMethodExceptionNoStack: No signature of method: ctdc.utilities.runtestcaseforKatalon.testSetup() is applicable for argument types: (java.lang.String) values: []]]></system-err>
      </testcase>
      <testcase name="Test Cases/Canine_TestCases/FileType/TC01_Canine_Filter_FileType-DNAMethylAnalFile" time="7.53" classname="Test Cases/Canine_TestCases/FileType/TC01_Canine_Filter_FileType-DNAMethylAnalFile" status="ERROR">
         <error type="ERROR" message="Test Cases/Canine_TestCases/FileType/TC01_Canine_Filter_FileType-DNAMethylAnalFile FAILED.
Reason:
org.codehaus.groovy.runtime.metaclass.MissingMethodExceptionNoStack: No signature of method: ctdc.utilities.runtestcaseforKatalon.testSetup() is applicable for argument types: (java.lang.String) values: []
"/>
         <system-out><![CDATA[2021-04-26 21:37:16 - [TEST_CASE][ERROR] - Test Cases/Canine_TestCases/FileType/TC01_Canine_Filter_FileType-DNAMethylAnalFile: Test Cases/Canine_TestCases/FileType/TC01_Canine_Filter_FileType-DNAMethylAnalFile FAILED.
Reason:
org.codehaus.groovy.runtime.metaclass.MissingMethodExceptionNoStack: No signature of method: ctdc.utilities.runtestcaseforKatalon.testSetup() is applicable for argument types: (java.lang.String) values: []


2021-04-26 21:37:18 - [TEST_STEP][PASSED] - closeBrowser(): Browser is closed

2021-04-26 21:37:19 - [MESSAGE][PASSED] - Browser is closed

2021-04-26 21:37:19 - [TEST_STEP][PASSED] - openBrowser(""): Browser is opened with url: ''

2021-04-26 21:37:19 - [MESSAGE][INFO] - Starting 'Chrome (headless)' driver

2021-04-26 21:37:19 - [MESSAGE][INFO] - User set preference: ['args', '[--no-sandbox]']

2021-04-26 21:37:19 - [MESSAGE][INFO] - Action delay is set to 5,000 milliseconds

2021-04-26 21:37:23 - [MESSAGE][PASSED] - Browser is opened with url: ''

2021-04-26 21:37:23 - [TEST_STEP][PASSED] - maximizeWindow(): Current window maximized

2021-04-26 21:37:23 - [MESSAGE][PASSED] - Current window maximized

2021-04-26 21:37:23 - [TEST_STEP][ERROR] - ctdc.utilities.runtestcaseforKatalon.testSetup(""): No signature of method: ctdc.utilities.runtestcaseforKatalon.testSetup() is applicable for argument types: (java.lang.String) values: []

2021-04-26 21:37:23 - [MESSAGE][ERROR] - No signature of method: ctdc.utilities.runtestcaseforKatalon.testSetup() is applicable for argument types: (java.lang.String) values: []]]></system-out>
         <system-err><![CDATA[2021-04-26 21:37:16 - [TEST_CASE][ERROR] - Test Cases/Canine_TestCases/FileType/TC01_Canine_Filter_FileType-DNAMethylAnalFile: Test Cases/Canine_TestCases/FileType/TC01_Canine_Filter_FileType-DNAMethylAnalFile FAILED.
Reason:
org.codehaus.groovy.runtime.metaclass.MissingMethodExceptionNoStack: No signature of method: ctdc.utilities.runtestcaseforKatalon.testSetup() is applicable for argument types: (java.lang.String) values: []]]></system-err>
      </testcase>
      <testcase name="Test Cases/Canine_TestCases/FileType/TC04_Canine_Filter_FileType-RNASeqFile" time="7.373" classname="Test Cases/Canine_TestCases/FileType/TC04_Canine_Filter_FileType-RNASeqFile" status="ERROR">
         <error type="ERROR" message="Test Cases/Canine_TestCases/FileType/TC04_Canine_Filter_FileType-RNASeqFile FAILED.
Reason:
org.codehaus.groovy.runtime.metaclass.MissingMethodExceptionNoStack: No signature of method: ctdc.utilities.runtestcaseforKatalon.testSetup() is applicable for argument types: (java.lang.String) values: []
"/>
         <system-out><![CDATA[2021-04-26 21:37:23 - [TEST_CASE][ERROR] - Test Cases/Canine_TestCases/FileType/TC04_Canine_Filter_FileType-RNASeqFile: Test Cases/Canine_TestCases/FileType/TC04_Canine_Filter_FileType-RNASeqFile FAILED.
Reason:
org.codehaus.groovy.runtime.metaclass.MissingMethodExceptionNoStack: No signature of method: ctdc.utilities.runtestcaseforKatalon.testSetup() is applicable for argument types: (java.lang.String) values: []


2021-04-26 21:37:26 - [TEST_STEP][PASSED] - closeBrowser(): Browser is closed

2021-04-26 21:37:27 - [MESSAGE][PASSED] - Browser is closed

2021-04-26 21:37:27 - [TEST_STEP][PASSED] - openBrowser(""): Browser is opened with url: ''

2021-04-26 21:37:27 - [MESSAGE][INFO] - Starting 'Chrome (headless)' driver

2021-04-26 21:37:27 - [MESSAGE][INFO] - User set preference: ['args', '[--no-sandbox]']

2021-04-26 21:37:27 - [MESSAGE][INFO] - Action delay is set to 5,000 milliseconds

2021-04-26 21:37:30 - [MESSAGE][PASSED] - Browser is opened with url: ''

2021-04-26 21:37:30 - [TEST_STEP][PASSED] - maximizeWindow(): Current window maximized

2021-04-26 21:37:31 - [MESSAGE][PASSED] - Current window maximized

2021-04-26 21:37:31 - [TEST_STEP][ERROR] - ctdc.utilities.runtestcaseforKatalon.testSetup(""): No signature of method: ctdc.utilities.runtestcaseforKatalon.testSetup() is applicable for argument types: (java.lang.String) values: []

2021-04-26 21:37:31 - [MESSAGE][ERROR] - No signature of method: ctdc.utilities.runtestcaseforKatalon.testSetup() is applicable for argument types: (java.lang.String) values: []]]></system-out>
         <system-err><![CDATA[2021-04-26 21:37:23 - [TEST_CASE][ERROR] - Test Cases/Canine_TestCases/FileType/TC04_Canine_Filter_FileType-RNASeqFile: Test Cases/Canine_TestCases/FileType/TC04_Canine_Filter_FileType-RNASeqFile FAILED.
Reason:
org.codehaus.groovy.runtime.metaclass.MissingMethodExceptionNoStack: No signature of method: ctdc.utilities.runtestcaseforKatalon.testSetup() is applicable for argument types: (java.lang.String) values: []]]></system-err>
      </testcase>
      <testcase name="Test Cases/Canine_TestCases/FileFormat/TC03_Canine_Filter_FileFormat-doc" time="7.212" classname="Test Cases/Canine_TestCases/FileFormat/TC03_Canine_Filter_FileFormat-doc" status="ERROR">
         <error type="ERROR" message="Test Cases/Canine_TestCases/FileFormat/TC03_Canine_Filter_FileFormat-doc FAILED.
Reason:
org.codehaus.groovy.runtime.metaclass.MissingMethodExceptionNoStack: No signature of method: ctdc.utilities.runtestcaseforKatalon.testSetup() is applicable for argument types: (java.lang.String) values: []
"/>
         <system-out><![CDATA[2021-04-26 21:37:31 - [TEST_CASE][ERROR] - Test Cases/Canine_TestCases/FileFormat/TC03_Canine_Filter_FileFormat-doc: Test Cases/Canine_TestCases/FileFormat/TC03_Canine_Filter_FileFormat-doc FAILED.
Reason:
org.codehaus.groovy.runtime.metaclass.MissingMethodExceptionNoStack: No signature of method: ctdc.utilities.runtestcaseforKatalon.testSetup() is applicable for argument types: (java.lang.String) values: []


2021-04-26 21:37:33 - [TEST_STEP][PASSED] - closeBrowser(): Browser is closed

2021-04-26 21:37:34 - [MESSAGE][PASSED] - Browser is closed

2021-04-26 21:37:34 - [TEST_STEP][PASSED] - openBrowser(""): Browser is opened with url: ''

2021-04-26 21:37:34 - [MESSAGE][INFO] - Starting 'Chrome (headless)' driver

2021-04-26 21:37:34 - [MESSAGE][INFO] - User set preference: ['args', '[--no-sandbox]']

2021-04-26 21:37:34 - [MESSAGE][INFO] - Action delay is set to 5,000 milliseconds

2021-04-26 21:37:38 - [MESSAGE][PASSED] - Browser is opened with url: ''

2021-04-26 21:37:38 - [TEST_STEP][PASSED] - maximizeWindow(): Current window maximized

2021-04-26 21:37:38 - [MESSAGE][PASSED] - Current window maximized

2021-04-26 21:37:38 - [TEST_STEP][ERROR] - ctdc.utilities.runtestcaseforKatalon.testSetup(""): No signature of method: ctdc.utilities.runtestcaseforKatalon.testSetup() is applicable for argument types: (java.lang.String) values: []

2021-04-26 21:37:38 - [MESSAGE][ERROR] - No signature of method: ctdc.utilities.runtestcaseforKatalon.testSetup() is applicable for argument types: (java.lang.String) values: []]]></system-out>
         <system-err><![CDATA[2021-04-26 21:37:31 - [TEST_CASE][ERROR] - Test Cases/Canine_TestCases/FileFormat/TC03_Canine_Filter_FileFormat-doc: Test Cases/Canine_TestCases/FileFormat/TC03_Canine_Filter_FileFormat-doc FAILED.
Reason:
org.codehaus.groovy.runtime.metaclass.MissingMethodExceptionNoStack: No signature of method: ctdc.utilities.runtestcaseforKatalon.testSetup() is applicable for argument types: (java.lang.String) values: []]]></system-err>
      </testcase>
      <testcase name="Test Cases/Canine_TestCases/FileFormat/TC04_Canine_Filter_FileFormat-pdf" time="10.09" classname="Test Cases/Canine_TestCases/FileFormat/TC04_Canine_Filter_FileFormat-pdf" status="ERROR">
         <error type="ERROR" message="Test Cases/Canine_TestCases/FileFormat/TC04_Canine_Filter_FileFormat-pdf FAILED.
Reason:
org.codehaus.groovy.runtime.metaclass.MissingMethodExceptionNoStack: No signature of method: ctdc.utilities.runtestcaseforKatalon.testSetup() is applicable for argument types: (java.lang.String) values: []
"/>
         <system-out><![CDATA[2021-04-26 21:37:38 - [TEST_CASE][ERROR] - Test Cases/Canine_TestCases/FileFormat/TC04_Canine_Filter_FileFormat-pdf: Test Cases/Canine_TestCases/FileFormat/TC04_Canine_Filter_FileFormat-pdf FAILED.
Reason:
org.codehaus.groovy.runtime.metaclass.MissingMethodExceptionNoStack: No signature of method: ctdc.utilities.runtestcaseforKatalon.testSetup() is applicable for argument types: (java.lang.String) values: []


2021-04-26 21:37:41 - [TEST_STEP][PASSED] - closeBrowser(): Browser is closed

2021-04-26 21:37:43 - [MESSAGE][PASSED] - Browser is closed

2021-04-26 21:37:43 - [TEST_STEP][PASSED] - openBrowser(""): Browser is opened with url: ''

2021-04-26 21:37:43 - [MESSAGE][INFO] - Starting 'Chrome (headless)' driver

2021-04-26 21:37:43 - [MESSAGE][INFO] - User set preference: ['args', '[--no-sandbox]']

2021-04-26 21:37:43 - [MESSAGE][INFO] - Action delay is set to 5,000 milliseconds

2021-04-26 21:37:48 - [MESSAGE][PASSED] - Browser is opened with url: ''

2021-04-26 21:37:48 - [TEST_STEP][PASSED] - maximizeWindow(): Current window maximized

2021-04-26 21:37:48 - [MESSAGE][PASSED] - Current window maximized

2021-04-26 21:37:48 - [TEST_STEP][ERROR] - ctdc.utilities.runtestcaseforKatalon.testSetup(""): No signature of method: ctdc.utilities.runtestcaseforKatalon.testSetup() is applicable for argument types: (java.lang.String) values: []

2021-04-26 21:37:48 - [MESSAGE][ERROR] - No signature of method: ctdc.utilities.runtestcaseforKatalon.testSetup() is applicable for argument types: (java.lang.String) values: []]]></system-out>
         <system-err><![CDATA[2021-04-26 21:37:38 - [TEST_CASE][ERROR] - Test Cases/Canine_TestCases/FileFormat/TC04_Canine_Filter_FileFormat-pdf: Test Cases/Canine_TestCases/FileFormat/TC04_Canine_Filter_FileFormat-pdf FAILED.
Reason:
org.codehaus.groovy.runtime.metaclass.MissingMethodExceptionNoStack: No signature of method: ctdc.utilities.runtestcaseforKatalon.testSetup() is applicable for argument types: (java.lang.String) values: []]]></system-err>
      </testcase>
      <testcase name="Test Cases/Canine_TestCases/FileFormat/TC05_Canine_Filter_FileFormat-rtf" time="10.977" classname="Test Cases/Canine_TestCases/FileFormat/TC05_Canine_Filter_FileFormat-rtf" status="ERROR">
         <error type="ERROR" message="Test Cases/Canine_TestCases/FileFormat/TC05_Canine_Filter_FileFormat-rtf FAILED.
Reason:
org.codehaus.groovy.runtime.metaclass.MissingMethodExceptionNoStack: No signature of method: ctdc.utilities.runtestcaseforKatalon.testSetup() is applicable for argument types: (java.lang.String) values: []
"/>
         <system-out><![CDATA[2021-04-26 21:37:48 - [TEST_CASE][ERROR] - Test Cases/Canine_TestCases/FileFormat/TC05_Canine_Filter_FileFormat-rtf: Test Cases/Canine_TestCases/FileFormat/TC05_Canine_Filter_FileFormat-rtf FAILED.
Reason:
org.codehaus.groovy.runtime.metaclass.MissingMethodExceptionNoStack: No signature of method: ctdc.utilities.runtestcaseforKatalon.testSetup() is applicable for argument types: (java.lang.String) values: []


2021-04-26 21:37:51 - [TEST_STEP][PASSED] - closeBrowser(): Browser is closed

2021-04-26 21:37:54 - [MESSAGE][PASSED] - Browser is closed

2021-04-26 21:37:54 - [TEST_STEP][PASSED] - openBrowser(""): Browser is opened with url: ''

2021-04-26 21:37:54 - [MESSAGE][INFO] - Starting 'Chrome (headless)' driver

2021-04-26 21:37:54 - [MESSAGE][INFO] - User set preference: ['args', '[--no-sandbox]']

2021-04-26 21:37:54 - [MESSAGE][INFO] - Action delay is set to 5,000 milliseconds

2021-04-26 21:37:59 - [MESSAGE][PASSED] - Browser is opened with url: ''

2021-04-26 21:37:59 - [TEST_STEP][PASSED] - maximizeWindow(): Current window maximized

2021-04-26 21:37:59 - [MESSAGE][PASSED] - Current window maximized

2021-04-26 21:37:59 - [TEST_STEP][ERROR] - ctdc.utilities.runtestcaseforKatalon.testSetup(""): No signature of method: ctdc.utilities.runtestcaseforKatalon.testSetup() is applicable for argument types: (java.lang.String) values: []

2021-04-26 21:37:59 - [MESSAGE][ERROR] - No signature of method: ctdc.utilities.runtestcaseforKatalon.testSetup() is applicable for argument types: (java.lang.String) values: []]]></system-out>
         <system-err><![CDATA[2021-04-26 21:37:48 - [TEST_CASE][ERROR] - Test Cases/Canine_TestCases/FileFormat/TC05_Canine_Filter_FileFormat-rtf: Test Cases/Canine_TestCases/FileFormat/TC05_Canine_Filter_FileFormat-rtf FAILED.
Reason:
org.codehaus.groovy.runtime.metaclass.MissingMethodExceptionNoStack: No signature of method: ctdc.utilities.runtestcaseforKatalon.testSetup() is applicable for argument types: (java.lang.String) values: []]]></system-err>
      </testcase>
      <testcase name="Test Cases/Canine_TestCases/FileFormat/TC06_Canine_Filter_FileFormat-tif" time="7.962" classname="Test Cases/Canine_TestCases/FileFormat/TC06_Canine_Filter_FileFormat-tif" status="ERROR">
         <error type="ERROR" message="Test Cases/Canine_TestCases/FileFormat/TC06_Canine_Filter_FileFormat-tif FAILED.
Reason:
org.codehaus.groovy.runtime.metaclass.MissingMethodExceptionNoStack: No signature of method: ctdc.utilities.runtestcaseforKatalon.testSetup() is applicable for argument types: (java.lang.String) values: []
"/>
         <system-out><![CDATA[2021-04-26 21:37:59 - [TEST_CASE][ERROR] - Test Cases/Canine_TestCases/FileFormat/TC06_Canine_Filter_FileFormat-tif: Test Cases/Canine_TestCases/FileFormat/TC06_Canine_Filter_FileFormat-tif FAILED.
Reason:
org.codehaus.groovy.runtime.metaclass.MissingMethodExceptionNoStack: No signature of method: ctdc.utilities.runtestcaseforKatalon.testSetup() is applicable for argument types: (java.lang.String) values: []


2021-04-26 21:38:02 - [TEST_STEP][PASSED] - closeBrowser(): Browser is closed

2021-04-26 21:38:03 - [MESSAGE][PASSED] - Browser is closed

2021-04-26 21:38:03 - [TEST_STEP][PASSED] - openBrowser(""): Browser is opened with url: ''

2021-04-26 21:38:03 - [MESSAGE][INFO] - Starting 'Chrome (headless)' driver

2021-04-26 21:38:03 - [MESSAGE][INFO] - User set preference: ['args', '[--no-sandbox]']

2021-04-26 21:38:03 - [MESSAGE][INFO] - Action delay is set to 5,000 milliseconds

2021-04-26 21:38:07 - [MESSAGE][PASSED] - Browser is opened with url: ''

2021-04-26 21:38:07 - [TEST_STEP][PASSED] - maximizeWindow(): Current window maximized

2021-04-26 21:38:07 - [MESSAGE][PASSED] - Current window maximized

2021-04-26 21:38:07 - [TEST_STEP][ERROR] - ctdc.utilities.runtestcaseforKatalon.testSetup(""): No signature of method: ctdc.utilities.runtestcaseforKatalon.testSetup() is applicable for argument types: (java.lang.String) values: []

2021-04-26 21:38:07 - [MESSAGE][ERROR] - No signature of method: ctdc.utilities.runtestcaseforKatalon.testSetup() is applicable for argument types: (java.lang.String) values: []]]></system-out>
         <system-err><![CDATA[2021-04-26 21:37:59 - [TEST_CASE][ERROR] - Test Cases/Canine_TestCases/FileFormat/TC06_Canine_Filter_FileFormat-tif: Test Cases/Canine_TestCases/FileFormat/TC06_Canine_Filter_FileFormat-tif FAILED.
Reason:
org.codehaus.groovy.runtime.metaclass.MissingMethodExceptionNoStack: No signature of method: ctdc.utilities.runtestcaseforKatalon.testSetup() is applicable for argument types: (java.lang.String) values: []]]></system-err>
      </testcase>
      <testcase name="Test Cases/Canine_TestCases/Study/TC04_Canine_Filter_Study-UBC" time="54.074" classname="Test Cases/Canine_TestCases/Study/TC04_Canine_Filter_Study-UBC" status="ERROR">
         <error type="ERROR" message="Test Cases/Canine_TestCases/Study/TC04_Canine_Filter_Study-UBC FAILED.
Reason:
org.openqa.selenium.NoSuchElementException: no such element: Unable to locate element: {&quot;method&quot;:&quot;xpath&quot;,&quot;selector&quot;:&quot;(//*[contains(text(),'UBC')])[1]&quot;}
  (Session info: headless chrome=89.0.4389.128)
For documentation on this error, please visit: https://www.seleniumhq.org/exceptions/no_such_element.html
Build info: version: '3.141.59', revision: 'e82be7d358', time: '2018-11-14T08:25:53'
System info: host: 'NCI-02150368-L', ip: '10.242.248.241', os.name: 'Windows 10', os.arch: 'amd64', os.version: '10.0', java.version: '1.8.0_181'
Driver info: org.openqa.selenium.chrome.ChromeDriver
Capabilities {acceptInsecureCerts: false, browserName: chrome, browserVersion: 89.0.4389.128, chrome: {chromedriverVersion: 88.0.4324.96 (68dba2d8a0b14..., userDataDir: C:\Users\RADHAK~1\AppData\L...}, goog:chromeOptions: {debuggerAddress: localhost:52698}, javascriptEnabled: true, networkConnectionEnabled: false, pageLoadStrategy: normal, platform: WINDOWS, platformName: WINDOWS, proxy: Proxy(), setWindowRect: true, strictFileInteractability: false, timeouts: {implicit: 0, pageLoad: 300000, script: 30000}, unhandledPromptBehavior: dismiss and notify, webauthn:extension:largeBlob: true, webauthn:virtualAuthenticators: true}
Session ID: b07ff97bde475580103263de4a81fff3
*** Element info: {Using=xpath, value=(//*[contains(text(),'UBC')])[1]}
	at org.openqa.selenium.remote.http.W3CHttpResponseCodec.createException(W3CHttpResponseCodec.java:187)
	at org.openqa.selenium.remote.http.W3CHttpResponseCodec.decode(W3CHttpResponseCodec.java:122)
	at org.openqa.selenium.remote.http.W3CHttpResponseCodec.decode(W3CHttpResponseCodec.java:49)
	at org.openqa.selenium.remote.HttpCommandExecutor.execute(HttpCommandExecutor.java:158)
	at org.openqa.selenium.remote.service.DriverCommandExecutor.execute(DriverCommandExecutor.java:83)
	at org.openqa.selenium.remote.RemoteWebDriver.execute(RemoteWebDriver.java:552)
	at org.openqa.selenium.remote.RemoteWebDriver.findElement(RemoteWebDriver.java:323)
	at org.openqa.selenium.remote.RemoteWebDriver.findElementByXPath(RemoteWebDriver.java:428)
	at org.openqa.selenium.By$ByXPath.findElement(By.java:353)
	at org.openqa.selenium.remote.RemoteWebDriver.findElement(RemoteWebDriver.java:315)
	at org.openqa.selenium.WebDriver$findElement$1.call(Unknown Source)
	at ctdc.utilities.runtestcaseforKatalon.clickTab(runtestcaseforKatalon.groovy:1007)
	at ctdc.utilities.runtestcaseforKatalon.invokeMethod(runtestcaseforKatalon.groovy)
	at com.kms.katalon.core.main.CustomKeywordDelegatingMetaClass.invokeStaticMethod(CustomKeywordDelegatingMetaClass.java:50)
	at TC04_Canine_Filter_Study-UBC.run(TC04_Canine_Filter_Study-UBC:54)
	at com.kms.katalon.core.main.ScriptEngine.run(ScriptEngine.java:194)
	at com.kms.katalon.core.main.ScriptEngine.runScriptAsRawText(ScriptEngine.java:119)
	at com.kms.katalon.core.main.TestCaseExecutor.runScript(TestCaseExecutor.java:339)
	at com.kms.katalon.core.main.TestCaseExecutor.doExecute(TestCaseExecutor.java:330)
	at com.kms.katalon.core.main.TestCaseExecutor.processExecutionPhase(TestCaseExecutor.java:309)
	at com.kms.katalon.core.main.TestCaseExecutor.accessMainPhase(TestCaseExecutor.java:301)
	at com.kms.katalon.core.main.TestCaseExecutor.execute(TestCaseExecutor.java:235)
	at com.kms.katalon.core.main.TestSuiteExecutor.accessTestCaseMainPhase(TestSuiteExecutor.java:191)
	at com.kms.katalon.core.main.TestSuiteExecutor.accessTestSuiteMainPhase(TestSuiteExecutor.java:141)
	at com.kms.katalon.core.main.TestSuiteExecutor.execute(TestSuiteExecutor.java:90)
	at com.kms.katalon.core.main.TestCaseMain.startTestSuite(TestCaseMain.java:157)
	at com.kms.katalon.core.main.TestCaseMain$startTestSuite$0.call(Unknown Source)
	at TempTestSuite1619497270111.run(TempTestSuite1619497270111.groovy:39)
"/>
         <system-out><![CDATA[2021-04-26 21:38:07 - [TEST_CASE][ERROR] - Test Cases/Canine_TestCases/Study/TC04_Canine_Filter_Study-UBC: Test Cases/Canine_TestCases/Study/TC04_Canine_Filter_Study-UBC FAILED.
Reason:
org.openqa.selenium.NoSuchElementException: no such element: Unable to locate element: {"method":"xpath","selector":"(//*[contains(text(),'UBC')])[1]"}
  (Session info: headless chrome=89.0.4389.128)
For documentation on this error, please visit: https://www.seleniumhq.org/exceptions/no_such_element.html
Build info: version: '3.141.59', revision: 'e82be7d358', time: '2018-11-14T08:25:53'
System info: host: 'NCI-02150368-L', ip: '10.242.248.241', os.name: 'Windows 10', os.arch: 'amd64', os.version: '10.0', java.version: '1.8.0_181'
Driver info: org.openqa.selenium.chrome.ChromeDriver
Capabilities {acceptInsecureCerts: false, browserName: chrome, browserVersion: 89.0.4389.128, chrome: {chromedriverVersion: 88.0.4324.96 (68dba2d8a0b14..., userDataDir: C:\Users\RADHAK~1\AppData\L...}, goog:chromeOptions: {debuggerAddress: localhost:52698}, javascriptEnabled: true, networkConnectionEnabled: false, pageLoadStrategy: normal, platform: WINDOWS, platformName: WINDOWS, proxy: Proxy(), setWindowRect: true, strictFileInteractability: false, timeouts: {implicit: 0, pageLoad: 300000, script: 30000}, unhandledPromptBehavior: dismiss and notify, webauthn:extension:largeBlob: true, webauthn:virtualAuthenticators: true}
Session ID: b07ff97bde475580103263de4a81fff3
*** Element info: {Using=xpath, value=(//*[contains(text(),'UBC')])[1]}
	at org.openqa.selenium.remote.http.W3CHttpResponseCodec.createException(W3CHttpResponseCodec.java:187)
	at org.openqa.selenium.remote.http.W3CHttpResponseCodec.decode(W3CHttpResponseCodec.java:122)
	at org.openqa.selenium.remote.http.W3CHttpResponseCodec.decode(W3CHttpResponseCodec.java:49)
	at org.openqa.selenium.remote.HttpCommandExecutor.execute(HttpCommandExecutor.java:158)
	at org.openqa.selenium.remote.service.DriverCommandExecutor.execute(DriverCommandExecutor.java:83)
	at org.openqa.selenium.remote.RemoteWebDriver.execute(RemoteWebDriver.java:552)
	at org.openqa.selenium.remote.RemoteWebDriver.findElement(RemoteWebDriver.java:323)
	at org.openqa.selenium.remote.RemoteWebDriver.findElementByXPath(RemoteWebDriver.java:428)
	at org.openqa.selenium.By$ByXPath.findElement(By.java:353)
	at org.openqa.selenium.remote.RemoteWebDriver.findElement(RemoteWebDriver.java:315)
	at org.openqa.selenium.WebDriver$findElement$1.call(Unknown Source)
	at ctdc.utilities.runtestcaseforKatalon.clickTab(runtestcaseforKatalon.groovy:1007)
	at ctdc.utilities.runtestcaseforKatalon.invokeMethod(runtestcaseforKatalon.groovy)
	at com.kms.katalon.core.main.CustomKeywordDelegatingMetaClass.invokeStaticMethod(CustomKeywordDelegatingMetaClass.java:50)
	at TC04_Canine_Filter_Study-UBC.run(TC04_Canine_Filter_Study-UBC:54)
	at com.kms.katalon.core.main.ScriptEngine.run(ScriptEngine.java:194)
	at com.kms.katalon.core.main.ScriptEngine.runScriptAsRawText(ScriptEngine.java:119)
	at com.kms.katalon.core.main.TestCaseExecutor.runScript(TestCaseExecutor.java:339)
	at com.kms.katalon.core.main.TestCaseExecutor.doExecute(TestCaseExecutor.java:330)
	at com.kms.katalon.core.main.TestCaseExecutor.processExecutionPhase(TestCaseExecutor.java:309)
	at com.kms.katalon.core.main.TestCaseExecutor.accessMainPhase(TestCaseExecutor.java:301)
	at com.kms.katalon.core.main.TestCaseExecutor.execute(TestCaseExecutor.java:235)
	at com.kms.katalon.core.main.TestSuiteExecutor.accessTestCaseMainPhase(TestSuiteExecutor.java:191)
	at com.kms.katalon.core.main.TestSuiteExecutor.accessTestSuiteMainPhase(TestSuiteExecutor.java:141)
	at com.kms.katalon.core.main.TestSuiteExecutor.execute(TestSuiteExecutor.java:90)
	at com.kms.katalon.core.main.TestCaseMain.startTestSuite(TestCaseMain.java:157)
	at com.kms.katalon.core.main.TestCaseMain$startTestSuite$0.call(Unknown Source)
	at TempTestSuite1619497270111.run(TempTestSuite1619497270111.groovy:39)


2021-04-26 21:38:10 - [TEST_STEP][PASSED] - openBrowser(""): Browser is opened with url: ''

2021-04-26 21:38:10 - [MESSAGE][WARNING] - A browser is already opened. Closing browser and opening a new one

2021-04-26 21:38:11 - [MESSAGE][INFO] - Starting 'Chrome (headless)' driver

2021-04-26 21:38:11 - [MESSAGE][INFO] - User set preference: ['args', '[--no-sandbox]']

2021-04-26 21:38:11 - [MESSAGE][INFO] - Action delay is set to 5,000 milliseconds

2021-04-26 21:38:14 - [MESSAGE][PASSED] - Browser is opened with url: ''

2021-04-26 21:38:14 - [TEST_STEP][PASSED] - maximizeWindow(): Current window maximized

2021-04-26 21:38:14 - [MESSAGE][PASSED] - Current window maximized

2021-04-26 21:38:14 - [TEST_STEP][PASSED] - "Driver opened by Katalon is used in Selenium from this step.": null

2021-04-26 21:38:14 - [TEST_STEP][PASSED] - ctdc.utilities.runtestcaseforKatalon.RunKatalon("TC04_Canine_Filter_Study-UBC.xlsx"): Data loaded from input file for the test case. 

2021-04-26 21:38:14 - [MESSAGE][PASSED] - Test case file loaded This is the full filepath after converting to string :C:\Users\radhakrishnang2\Desktop\Commons_Automation\InputFiles\TC04_Canine_Filter_Study-UBC.xlsx

2021-04-26 21:38:14 - [MESSAGE][INFO] - Global variable set for password file is :  C:\Users\radhakrishnang2\Desktop\Commons_Automation\InputFiles\TC04_Canine_Filter_Study-UBC.xlsx

2021-04-26 21:38:15 - [MESSAGE][PASSED] - Data loaded from input file for the test case. 

2021-04-26 21:38:37 - [TEST_STEP][PASSED] - waitForElementPresent(findTestObject("Canine/NavBar/Canine_Cases_Btn"), 5): Object 'Object Repository/Canine/NavBar/Canine_Cases_Btn' is not present after 5 second(s)

2021-04-26 21:38:43 - [MESSAGE][INFO] - Unable to find the element located by 'By.xpath: //a[contains(@href,'cases')]'. Please recheck the objects properties to make sure the desired element is located. 

2021-04-26 21:38:43 - [MESSAGE][WARNING] - Object 'Object Repository/Canine/NavBar/Canine_Cases_Btn' is not present after 5 second(s)

2021-04-26 21:38:43 - [TEST_STEP][PASSED] - ctdc.utilities.runtestcaseforKatalon.clickTab("Canine/NavBar/Canine_Cases_Btn"): ctdc.utilities.runtestcaseforKatalon.clickTab is PASSED

2021-04-26 21:38:45 - [MESSAGE][PASSED] - ctdc.utilities.runtestcaseforKatalon.clickTab is PASSED

2021-04-26 21:38:45 - [TEST_STEP][PASSED] - waitForElementPresent(findTestObject("Object Repository/Canine/Filter/FilterByCases_Facet"), 5): Object 'Object Repository/Canine/Filter/FilterByCases_Facet' is not present after 5 second(s)

2021-04-26 21:38:52 - [MESSAGE][INFO] - Unable to find the element located by 'By.xpath: //*[contains(text(),'Filter By Cases')]'. Please recheck the objects properties to make sure the desired element is located. 

2021-04-26 21:38:52 - [MESSAGE][WARNING] - Object 'Object Repository/Canine/Filter/FilterByCases_Facet' is not present after 5 second(s)

2021-04-26 21:38:52 - [TEST_STEP][PASSED] - ctdc.utilities.runtestcaseforKatalon.clickTab("Object Repository/Canine/Filter/FilterByCases_Facet"): ctdc.utilities.runtestcaseforKatalon.clickTab is PASSED

2021-04-26 21:38:53 - [MESSAGE][PASSED] - ctdc.utilities.runtestcaseforKatalon.clickTab is PASSED

2021-04-26 21:38:53 - [TEST_STEP][PASSED] - waitForElementPresent(findTestObject("Object Repository/Canine/Filter/Study/Canine_Filter_Study"), 5): Object 'Object Repository/Canine/Filter/Study/Canine_Filter_Study' is not present after 5 second(s)

2021-04-26 21:39:00 - [MESSAGE][INFO] - Unable to find the element located by 'By.xpath: //*[@id='Study']'. Please recheck the objects properties to make sure the desired element is located. 

2021-04-26 21:39:00 - [MESSAGE][WARNING] - Object 'Object Repository/Canine/Filter/Study/Canine_Filter_Study' is not present after 5 second(s)

2021-04-26 21:39:00 - [TEST_STEP][PASSED] - ctdc.utilities.runtestcaseforKatalon.clickTab("Object Repository/Canine/Filter/Study/Canine_Filter_Study"): ctdc.utilities.runtestcaseforKatalon.clickTab is PASSED

2021-04-26 21:39:01 - [MESSAGE][PASSED] - ctdc.utilities.runtestcaseforKatalon.clickTab is PASSED

2021-04-26 21:39:01 - [TEST_STEP][ERROR] - ctdc.utilities.runtestcaseforKatalon.clickTab("Object Repository/Canine/Filter/Study/Canine_Filter_Study-UBC_Chkbx"): no such element: Unable to locate element: {"method":"xpath","selector":"(//*[contains(text(),'UBC')])[1]"}
  (Session info: headless chrome=89.0.4389.128)
For documentation on this error, please visit: https://www.seleniumhq.org/exceptions/no_such_element.html
Build info: version: '3.141.59', revision: 'e82be7d358', time: '2018-11-14T08:25:53'
System info: host: 'NCI-02150368-L', ip: '10.242.248.241', os.name: 'Windows 10', os.arch: 'amd64', os.version: '10.0', java.version: '1.8.0_181'
Driver info: org.openqa.selenium.chrome.ChromeDriver
Capabilities {acceptInsecureCerts: false, browserName: chrome, browserVersion: 89.0.4389.128, chrome: {chromedriverVersion: 88.0.4324.96 (68dba2d8a0b14..., userDataDir: C:\Users\RADHAK~1\AppData\L...}, goog:chromeOptions: {debuggerAddress: localhost:52698}, javascriptEnabled: true, networkConnectionEnabled: false, pageLoadStrategy: normal, platform: WINDOWS, platformName: WINDOWS, proxy: Proxy(), setWindowRect: true, strictFileInteractability: false, timeouts: {implicit: 0, pageLoad: 300000, script: 30000}, unhandledPromptBehavior: dismiss and notify, webauthn:extension:largeBlob: true, webauthn:virtualAuthenticators: true}
Session ID: b07ff97bde475580103263de4a81fff3
*** Element info: {Using=xpath, value=(//*[contains(text(),'UBC')])[1]}

2021-04-26 21:39:01 - [MESSAGE][ERROR] - no such element: Unable to locate element: {"method":"xpath","selector":"(//*[contains(text(),'UBC')])[1]"}
  (Session info: headless chrome=89.0.4389.128)
For documentation on this error, please visit: https://www.seleniumhq.org/exceptions/no_such_element.html
Build info: version: '3.141.59', revision: 'e82be7d358', time: '2018-11-14T08:25:53'
System info: host: 'NCI-02150368-L', ip: '10.242.248.241', os.name: 'Windows 10', os.arch: 'amd64', os.version: '10.0', java.version: '1.8.0_181'
Driver info: org.openqa.selenium.chrome.ChromeDriver
Capabilities {acceptInsecureCerts: false, browserName: chrome, browserVersion: 89.0.4389.128, chrome: {chromedriverVersion: 88.0.4324.96 (68dba2d8a0b14..., userDataDir: C:\Users\RADHAK~1\AppData\L...}, goog:chromeOptions: {debuggerAddress: localhost:52698}, javascriptEnabled: true, networkConnectionEnabled: false, pageLoadStrategy: normal, platform: WINDOWS, platformName: WINDOWS, proxy: Proxy(), setWindowRect: true, strictFileInteractability: false, timeouts: {implicit: 0, pageLoad: 300000, script: 30000}, unhandledPromptBehavior: dismiss and notify, webauthn:extension:largeBlob: true, webauthn:virtualAuthenticators: true}
Session ID: b07ff97bde475580103263de4a81fff3
*** Element info: {Using=xpath, value=(//*[contains(text(),'UBC')])[1]}]]></system-out>
         <system-err><![CDATA[2021-04-26 21:38:07 - [TEST_CASE][ERROR] - Test Cases/Canine_TestCases/Study/TC04_Canine_Filter_Study-UBC: Test Cases/Canine_TestCases/Study/TC04_Canine_Filter_Study-UBC FAILED.
Reason:
org.openqa.selenium.NoSuchElementException: no such element: Unable to locate element: {"method":"xpath","selector":"(//*[contains(text(),'UBC')])[1]"}
  (Session info: headless chrome=89.0.4389.128)
For documentation on this error, please visit: https://www.seleniumhq.org/exceptions/no_such_element.html
Build info: version: '3.141.59', revision: 'e82be7d358', time: '2018-11-14T08:25:53'
System info: host: 'NCI-02150368-L', ip: '10.242.248.241', os.name: 'Windows 10', os.arch: 'amd64', os.version: '10.0', java.version: '1.8.0_181'
Driver info: org.openqa.selenium.chrome.ChromeDriver
Capabilities {acceptInsecureCerts: false, browserName: chrome, browserVersion: 89.0.4389.128, chrome: {chromedriverVersion: 88.0.4324.96 (68dba2d8a0b14..., userDataDir: C:\Users\RADHAK~1\AppData\L...}, goog:chromeOptions: {debuggerAddress: localhost:52698}, javascriptEnabled: true, networkConnectionEnabled: false, pageLoadStrategy: normal, platform: WINDOWS, platformName: WINDOWS, proxy: Proxy(), setWindowRect: true, strictFileInteractability: false, timeouts: {implicit: 0, pageLoad: 300000, script: 30000}, unhandledPromptBehavior: dismiss and notify, webauthn:extension:largeBlob: true, webauthn:virtualAuthenticators: true}
Session ID: b07ff97bde475580103263de4a81fff3
*** Element info: {Using=xpath, value=(//*[contains(text(),'UBC')])[1]}
	at org.openqa.selenium.remote.http.W3CHttpResponseCodec.createException(W3CHttpResponseCodec.java:187)
	at org.openqa.selenium.remote.http.W3CHttpResponseCodec.decode(W3CHttpResponseCodec.java:122)
	at org.openqa.selenium.remote.http.W3CHttpResponseCodec.decode(W3CHttpResponseCodec.java:49)
	at org.openqa.selenium.remote.HttpCommandExecutor.execute(HttpCommandExecutor.java:158)
	at org.openqa.selenium.remote.service.DriverCommandExecutor.execute(DriverCommandExecutor.java:83)
	at org.openqa.selenium.remote.RemoteWebDriver.execute(RemoteWebDriver.java:552)
	at org.openqa.selenium.remote.RemoteWebDriver.findElement(RemoteWebDriver.java:323)
	at org.openqa.selenium.remote.RemoteWebDriver.findElementByXPath(RemoteWebDriver.java:428)
	at org.openqa.selenium.By$ByXPath.findElement(By.java:353)
	at org.openqa.selenium.remote.RemoteWebDriver.findElement(RemoteWebDriver.java:315)
	at org.openqa.selenium.WebDriver$findElement$1.call(Unknown Source)
	at ctdc.utilities.runtestcaseforKatalon.clickTab(runtestcaseforKatalon.groovy:1007)
	at ctdc.utilities.runtestcaseforKatalon.invokeMethod(runtestcaseforKatalon.groovy)
	at com.kms.katalon.core.main.CustomKeywordDelegatingMetaClass.invokeStaticMethod(CustomKeywordDelegatingMetaClass.java:50)
	at TC04_Canine_Filter_Study-UBC.run(TC04_Canine_Filter_Study-UBC:54)
	at com.kms.katalon.core.main.ScriptEngine.run(ScriptEngine.java:194)
	at com.kms.katalon.core.main.ScriptEngine.runScriptAsRawText(ScriptEngine.java:119)
	at com.kms.katalon.core.main.TestCaseExecutor.runScript(TestCaseExecutor.java:339)
	at com.kms.katalon.core.main.TestCaseExecutor.doExecute(TestCaseExecutor.java:330)
	at com.kms.katalon.core.main.TestCaseExecutor.processExecutionPhase(TestCaseExecutor.java:309)
	at com.kms.katalon.core.main.TestCaseExecutor.accessMainPhase(TestCaseExecutor.java:301)
	at com.kms.katalon.core.main.TestCaseExecutor.execute(TestCaseExecutor.java:235)
	at com.kms.katalon.core.main.TestSuiteExecutor.accessTestCaseMainPhase(TestSuiteExecutor.java:191)
	at com.kms.katalon.core.main.TestSuiteExecutor.accessTestSuiteMainPhase(TestSuiteExecutor.java:141)
	at com.kms.katalon.core.main.TestSuiteExecutor.execute(TestSuiteExecutor.java:90)
	at com.kms.katalon.core.main.TestCaseMain.startTestSuite(TestCaseMain.java:157)
	at com.kms.katalon.core.main.TestCaseMain$startTestSuite$0.call(Unknown Source)
	at TempTestSuite1619497270111.run(TempTestSuite1619497270111.groovy:39)]]></system-err>
      </testcase>
      <system-out><![CDATA[2021-04-26 21:21:15 - [TEST_SUITE][ERROR] - Canine_TestSuite: Test Cases/Canine_TestCases/Breed/TC01_Canine_Filter_Breed-Akita FAILED.
Reason:
java.lang.IllegalArgumentException: sheetName must not be null
	at org.apache.poi.xssf.usermodel.XSSFWorkbook.createSheet(XSSFWorkbook.java:840)
	at org.apache.poi.xssf.usermodel.XSSFWorkbook.createSheet(XSSFWorkbook.java:122)
	at org.apache.poi.ss.usermodel.Workbook$createSheet$1.call(Unknown Source)
	at ctdc.utilities.runtestcaseforKatalon.writeToExcel(runtestcaseforKatalon.groovy:682)
	at ctdc.utilities.runtestcaseforKatalon.ReadCasesTableKatalon(runtestcaseforKatalon.groovy:560)
	at ctdc.utilities.runtestcaseforKatalon.multiFunction(runtestcaseforKatalon.groovy:248)
	at ctdc.utilities.runtestcaseforKatalon.invokeMethod(runtestcaseforKatalon.groovy)
	at com.kms.katalon.core.main.CustomKeywordDelegatingMetaClass.invokeStaticMethod(CustomKeywordDelegatingMetaClass.java:50)
	at TC01_Canine_Filter_Breed-Akita.run(TC01_Canine_Filter_Breed-Akita:81)
	at com.kms.katalon.core.main.ScriptEngine.run(ScriptEngine.java:194)
	at com.kms.katalon.core.main.ScriptEngine.runScriptAsRawText(ScriptEngine.java:119)
	at com.kms.katalon.core.main.TestCaseExecutor.runScript(TestCaseExecutor.java:339)
	at com.kms.katalon.core.main.TestCaseExecutor.doExecute(TestCaseExecutor.java:330)
	at com.kms.katalon.core.main.TestCaseExecutor.processExecutionPhase(TestCaseExecutor.java:309)
	at com.kms.katalon.core.main.TestCaseExecutor.accessMainPhase(TestCaseExecutor.java:301)
	at com.kms.katalon.core.main.TestCaseExecutor.execute(TestCaseExecutor.java:235)
	at com.kms.katalon.core.main.TestSuiteExecutor.accessTestCaseMainPhase(TestSuiteExecutor.java:191)
	at com.kms.katalon.core.main.TestSuiteExecutor.accessTestSuiteMainPhase(TestSuiteExecutor.java:141)
	at com.kms.katalon.core.main.TestSuiteExecutor.execute(TestSuiteExecutor.java:90)
	at com.kms.katalon.core.main.TestCaseMain.startTestSuite(TestCaseMain.java:157)
	at com.kms.katalon.core.main.TestCaseMain$startTestSuite$0.call(Unknown Source)
	at TempTestSuite1619497270111.run(TempTestSuite1619497270111.groovy:39)]]></system-out>
      <system-err><![CDATA[2021-04-26 21:21:15 - [TEST_SUITE][ERROR] - Canine_TestSuite: Test Cases/Canine_TestCases/Breed/TC01_Canine_Filter_Breed-Akita FAILED.
Reason:
java.lang.IllegalArgumentException: sheetName must not be null
	at org.apache.poi.xssf.usermodel.XSSFWorkbook.createSheet(XSSFWorkbook.java:840)
	at org.apache.poi.xssf.usermodel.XSSFWorkbook.createSheet(XSSFWorkbook.java:122)
	at org.apache.poi.ss.usermodel.Workbook$createSheet$1.call(Unknown Source)
	at ctdc.utilities.runtestcaseforKatalon.writeToExcel(runtestcaseforKatalon.groovy:682)
	at ctdc.utilities.runtestcaseforKatalon.ReadCasesTableKatalon(runtestcaseforKatalon.groovy:560)
	at ctdc.utilities.runtestcaseforKatalon.multiFunction(runtestcaseforKatalon.groovy:248)
	at ctdc.utilities.runtestcaseforKatalon.invokeMethod(runtestcaseforKatalon.groovy)
	at com.kms.katalon.core.main.CustomKeywordDelegatingMetaClass.invokeStaticMethod(CustomKeywordDelegatingMetaClass.java:50)
	at TC01_Canine_Filter_Breed-Akita.run(TC01_Canine_Filter_Breed-Akita:81)
	at com.kms.katalon.core.main.ScriptEngine.run(ScriptEngine.java:194)
	at com.kms.katalon.core.main.ScriptEngine.runScriptAsRawText(ScriptEngine.java:119)
	at com.kms.katalon.core.main.TestCaseExecutor.runScript(TestCaseExecutor.java:339)
	at com.kms.katalon.core.main.TestCaseExecutor.doExecute(TestCaseExecutor.java:330)
	at com.kms.katalon.core.main.TestCaseExecutor.processExecutionPhase(TestCaseExecutor.java:309)
	at com.kms.katalon.core.main.TestCaseExecutor.accessMainPhase(TestCaseExecutor.java:301)
	at com.kms.katalon.core.main.TestCaseExecutor.execute(TestCaseExecutor.java:235)
	at com.kms.katalon.core.main.TestSuiteExecutor.accessTestCaseMainPhase(TestSuiteExecutor.java:191)
	at com.kms.katalon.core.main.TestSuiteExecutor.accessTestSuiteMainPhase(TestSuiteExecutor.java:141)
	at com.kms.katalon.core.main.TestSuiteExecutor.execute(TestSuiteExecutor.java:90)
	at com.kms.katalon.core.main.TestCaseMain.startTestSuite(TestCaseMain.java:157)
	at com.kms.katalon.core.main.TestCaseMain$startTestSuite$0.call(Unknown Source)
	at TempTestSuite1619497270111.run(TempTestSuite1619497270111.groovy:39)]]></system-err>
   </testsuite>
</testsuites>
