<?xml version="1.0" encoding="UTF-8"?>
<testsuites name="ICDC_Smoke" time="9173.416" tests="17" failures="0" errors="0">
   <testsuite name="ICDC_Smoke" tests="17" failures="0" errors="0" time="9173.416" skipped="0" timestamp="2021-09-02 18:29:14" hostname="sohilz2 - host.docker.internal" id="Test Suites/ICDC_Smoke">
      <properties>
         <property name="deviceName" value=""/>
         <property name="devicePlatform" value=""/>
         <property name="logFolder" value="C:\\Users\\sohilz2\\Commons_Automation\\Reports\\20210902_182908\\ICDC_Smoke\\20210902_182908"/>
         <property name="logFiles" value="C:\\Users\\sohilz2\\Commons_Automation\\Reports\\20210902_182908\\ICDC_Smoke\\20210902_182908\\execution0.log"/>
         <property name="attachments" value=""/>
         <property name="hostName" value="sohilz2 - host.docker.internal"/>
         <property name="os" value="Windows 10 64bit"/>
         <property name="katalonVersion" value="8.0.5.208"/>
         <property name="browser" value="Chrome 92.0.4515.159"/>
         <property name="hostAddress" value="192.168.0.86"/>
         <property name="sessionId" value="a38f41b305a618dbdc80b3c0c4a74238"/>
         <property name="seleniumVersion" value="3.141.59"/>
         <property name="proxyInformation" value="ProxyInformation { proxyOption=NO_PROXY, proxyServerType=HTTP, username=, password=********, proxyServerAddress=, proxyServerPort=0, executionList=&quot;&quot;, isApplyToDesiredCapabilities=true }"/>
         <property name="platform" value="Windows 10"/>
      </properties>
      <testcase name="Test Cases/Canine_TestCases/Breed/TC01_Canine_Filter_Breed-Akita" time="58.061" classname="Test Cases/Canine_TestCases/Breed/TC01_Canine_Filter_Breed-Akita" status="PASSED">
         <system-out><![CDATA[2021-09-02 18:29:16 - [TEST_CASE][PASSED] - Test Cases/Canine_TestCases/Breed/TC01_Canine_Filter_Breed-Akita: Test Cases/Canine_TestCases/Breed/TC01_Canine_Filter_Breed-Akita

2021-09-02 18:29:16 - [TEST_STEP][PASSED] - Start listener action : getTestScriptName: null

2021-09-02 18:29:16 - [TEST_STEP][PASSED] - TestCaseId = testCaseContext.getTestCaseId(): null

2021-09-02 18:29:16 - [TEST_STEP][PASSED] - out.println("**********this is the value of test case id string******** " + testCaseContext.getTestCaseId()): null

2021-09-02 18:29:16 - [TEST_STEP][PASSED] - G_currentTCName = TestCaseId.substring(TestCaseId.lastIndexOf("TC")): null

2021-09-02 18:29:16 - [TEST_STEP][PASSED] - out.println("This is the test case name : " + G_currentTCName): null

2021-09-02 18:29:17 - [TEST_STEP][PASSED] - closeBrowser(): Browser is closed

2021-09-02 18:29:17 - [MESSAGE][PASSED] - Browser is closed

2021-09-02 18:29:17 - [TEST_STEP][PASSED] - ctdc.utilities.runtestcaseforKatalon.RunKatalon("TC01_Canine_Filter_Breed-Akita.xlsx"): Data loaded from input file for the test case. 

2021-09-02 18:29:17 - [MESSAGE][PASSED] - Test case file loaded This is the full filepath after converting to string :C:\Users\sohilz2\Commons_Automation\InputFiles\TC01_Canine_Filter_Breed-Akita.xlsx

2021-09-02 18:29:17 - [MESSAGE][INFO] - Global variable set for password file is :  C:\Users\sohilz2\Commons_Automation\InputFiles\TC01_Canine_Filter_Breed-Akita.xlsx

2021-09-02 18:29:21 - [MESSAGE][PASSED] - Data loaded from input file for the test case. 

2021-09-02 18:29:30 - [TEST_STEP][PASSED] - waitForElementPresent(findTestObject("Canine/NavBar/Canine_Cases_Btn"), 5): Object 'Object Repository/Canine/NavBar/Canine_Cases_Btn' is present

2021-09-02 18:29:31 - [MESSAGE][PASSED] - Object 'Object Repository/Canine/NavBar/Canine_Cases_Btn' is present

2021-09-02 18:29:31 - [TEST_STEP][PASSED] - ctdc.utilities.runtestcaseforKatalon.clickTab("Canine/NavBar/Canine_Cases_Btn"): ctdc.utilities.runtestcaseforKatalon.clickTab is PASSED

2021-09-02 18:29:31 - [MESSAGE][PASSED] - ctdc.utilities.runtestcaseforKatalon.clickTab is PASSED

2021-09-02 18:29:31 - [TEST_STEP][PASSED] - waitForElementPresent(findTestObject("Bento/Cases_page/Filter/FilterByCases_Facet"), 5): Object 'Object Repository/Bento/Cases_page/Filter/FilterByCases_Facet' is present

2021-09-02 18:29:33 - [MESSAGE][PASSED] - Object 'Object Repository/Bento/Cases_page/Filter/FilterByCases_Facet' is present

2021-09-02 18:29:33 - [TEST_STEP][PASSED] - ctdc.utilities.runtestcaseforKatalon.clickTab("Bento/Cases_page/Filter/FilterByCases_Facet"): ctdc.utilities.runtestcaseforKatalon.clickTab is PASSED

2021-09-02 18:29:34 - [MESSAGE][PASSED] - ctdc.utilities.runtestcaseforKatalon.clickTab is PASSED

2021-09-02 18:29:34 - [TEST_STEP][PASSED] - waitForElementPresent(findTestObject("Object Repository/Canine/Filter/Breed/BREED_Ddn"), 5): Object 'Object Repository/Canine/Filter/Breed/BREED_Ddn' is present

2021-09-02 18:29:34 - [MESSAGE][PASSED] - Object 'Object Repository/Canine/Filter/Breed/BREED_Ddn' is present

2021-09-02 18:29:34 - [TEST_STEP][PASSED] - ctdc.utilities.runtestcaseforKatalon.clickTabCanineStat("Object Repository/Canine/Filter/Breed/BREED_Ddn"): ctdc.utilities.runtestcaseforKatalon.clickTabCanineStat is PASSED

2021-09-02 18:29:36 - [MESSAGE][PASSED] - ctdc.utilities.runtestcaseforKatalon.clickTabCanineStat is PASSED

2021-09-02 18:29:36 - [TEST_STEP][PASSED] - ctdc.utilities.runtestcaseforKatalon.clickTabCanineStat("Object Repository/Canine/Filter/Breed/Akita_Chkbx"): ctdc.utilities.runtestcaseforKatalon.clickTabCanineStat is PASSED

2021-09-02 18:29:38 - [MESSAGE][PASSED] - ctdc.utilities.runtestcaseforKatalon.clickTabCanineStat is PASSED

2021-09-02 18:29:38 - [TEST_STEP][PASSED] - ctdc.utilities.runtestcaseforKatalon.readStatBarCanine("Object Repository/Canine/StatBar/Canine_StatBar-Studies", "Object Repository/Canine/StatBar/Canine_StatBar-Cases", "Object Repository/Canine/StatBar/Canine_StatBar-Samples", "Object Repository/Canine/StatBar/Canine_StatBar-Files", "Object Repository/Canine/StatBar/Canine_StatBar-Aliquots"): ctdc.utilities.runtestcaseforKatalon.readStatBarCanine is PASSED

2021-09-02 18:29:54 - [MESSAGE][PASSED] - ctdc.utilities.runtestcaseforKatalon.readStatBarCanine is PASSED

2021-09-02 18:29:54 - [TEST_STEP][PASSED] - waitForElementPresent(findTestObject("Object Repository/Canine/CanineResults_Cases_Tab"), 5): Object 'Object Repository/Canine/CanineResults_Cases_Tab' is present

2021-09-02 18:29:55 - [MESSAGE][PASSED] - Object 'Object Repository/Canine/CanineResults_Cases_Tab' is present

2021-09-02 18:29:55 - [TEST_STEP][PASSED] - ctdc.utilities.runtestcaseforKatalon.clickTab("Object Repository/Canine/CanineResults_Cases_Tab"): ctdc.utilities.runtestcaseforKatalon.clickTab is PASSED

2021-09-02 18:29:55 - [MESSAGE][PASSED] - ctdc.utilities.runtestcaseforKatalon.clickTab is PASSED

2021-09-02 18:29:55 - [TEST_STEP][PASSED] - ctdc.utilities.runtestcaseforKatalon.multiFunction("ICDC", G_StatBar_Cases, "Object Repository/Canine/Canine_CasesTable", "Object Repository/Canine/Canine_TableHeader", "Object Repository/Canine/Canine_CasesTabNextBtn", G_WebTabnameCases, G_CypherTabnameCases, G_QueryCasesTab): Statbar Arms count matches

2021-09-02 18:30:13 - [MESSAGE][PASSED] - Statbar Files count matches

2021-09-02 18:30:13 - [MESSAGE][PASSED] - Statbar Samples count matches

2021-09-02 18:30:13 - [MESSAGE][PASSED] - Statbar Cases count matches

2021-09-02 18:30:13 - [MESSAGE][PASSED] - Statbar Arms count matches

2021-09-02 18:30:13 - [TEST_STEP][PASSED] - closeBrowser(): Browser is closed

2021-09-02 18:30:14 - [MESSAGE][PASSED] - Browser is closed]]></system-out>
         <system-err><![CDATA[]]></system-err>
      </testcase>
      <testcase name="Test Cases/Canine_TestCases/Breed/TC02_Canine_Filter_Breed-AmerStaffd" time="97.416" classname="Test Cases/Canine_TestCases/Breed/TC02_Canine_Filter_Breed-AmerStaffd" status="PASSED">
         <system-out><![CDATA[2021-09-02 18:30:14 - [TEST_CASE][PASSED] - Test Cases/Canine_TestCases/Breed/TC02_Canine_Filter_Breed-AmerStaffd: Test Cases/Canine_TestCases/Breed/TC02_Canine_Filter_Breed-AmerStaffd

2021-09-02 18:30:14 - [TEST_STEP][PASSED] - Start listener action : getTestScriptName: null

2021-09-02 18:30:14 - [TEST_STEP][PASSED] - TestCaseId = testCaseContext.getTestCaseId(): null

2021-09-02 18:30:14 - [TEST_STEP][PASSED] - out.println("**********this is the value of test case id string******** " + testCaseContext.getTestCaseId()): null

2021-09-02 18:30:14 - [TEST_STEP][PASSED] - G_currentTCName = TestCaseId.substring(TestCaseId.lastIndexOf("TC")): null

2021-09-02 18:30:14 - [TEST_STEP][PASSED] - out.println("This is the test case name : " + G_currentTCName): null

2021-09-02 18:30:14 - [TEST_STEP][PASSED] - closeBrowser(): Browser is closed

2021-09-02 18:30:14 - [MESSAGE][PASSED] - Browser is closed

2021-09-02 18:30:14 - [TEST_STEP][PASSED] - ctdc.utilities.runtestcaseforKatalon.RunKatalon("TC02_Canine_Filter_Breed-AmerStaffd.xlsx"): Data loaded from input file for the test case. 

2021-09-02 18:30:14 - [MESSAGE][PASSED] - Test case file loaded This is the full filepath after converting to string :C:\Users\sohilz2\Commons_Automation\InputFiles\TC02_Canine_Filter_Breed-AmerStaffd.xlsx

2021-09-02 18:30:14 - [MESSAGE][INFO] - Global variable set for password file is :  C:\Users\sohilz2\Commons_Automation\InputFiles\TC02_Canine_Filter_Breed-AmerStaffd.xlsx

2021-09-02 18:30:18 - [MESSAGE][PASSED] - Data loaded from input file for the test case. 

2021-09-02 18:30:25 - [TEST_STEP][PASSED] - waitForElementPresent(findTestObject("Canine/NavBar/Canine_Cases_Btn"), 5): Object 'Object Repository/Canine/NavBar/Canine_Cases_Btn' is present

2021-09-02 18:30:25 - [MESSAGE][PASSED] - Object 'Object Repository/Canine/NavBar/Canine_Cases_Btn' is present

2021-09-02 18:30:25 - [TEST_STEP][PASSED] - ctdc.utilities.runtestcaseforKatalon.clickTab("Canine/NavBar/Canine_Cases_Btn"): ctdc.utilities.runtestcaseforKatalon.clickTab is PASSED

2021-09-02 18:30:25 - [MESSAGE][PASSED] - ctdc.utilities.runtestcaseforKatalon.clickTab is PASSED

2021-09-02 18:30:25 - [TEST_STEP][PASSED] - waitForElementPresent(findTestObject("Bento/Cases_page/Filter/FilterByCases_Facet"), 5): Object 'Object Repository/Bento/Cases_page/Filter/FilterByCases_Facet' is present

2021-09-02 18:30:27 - [MESSAGE][PASSED] - Object 'Object Repository/Bento/Cases_page/Filter/FilterByCases_Facet' is present

2021-09-02 18:30:27 - [TEST_STEP][PASSED] - ctdc.utilities.runtestcaseforKatalon.clickTab("Bento/Cases_page/Filter/FilterByCases_Facet"): ctdc.utilities.runtestcaseforKatalon.clickTab is PASSED

2021-09-02 18:30:27 - [MESSAGE][PASSED] - ctdc.utilities.runtestcaseforKatalon.clickTab is PASSED

2021-09-02 18:30:27 - [TEST_STEP][PASSED] - waitForElementPresent(findTestObject("Object Repository/Canine/Filter/Breed/BREED_Ddn"), 5): Object 'Object Repository/Canine/Filter/Breed/BREED_Ddn' is present

2021-09-02 18:30:27 - [MESSAGE][PASSED] - Object 'Object Repository/Canine/Filter/Breed/BREED_Ddn' is present

2021-09-02 18:30:27 - [TEST_STEP][PASSED] - ctdc.utilities.runtestcaseforKatalon.clickTabCanineStat("Object Repository/Canine/Filter/Breed/BREED_Ddn"): ctdc.utilities.runtestcaseforKatalon.clickTabCanineStat is PASSED

2021-09-02 18:30:29 - [MESSAGE][PASSED] - ctdc.utilities.runtestcaseforKatalon.clickTabCanineStat is PASSED

2021-09-02 18:30:29 - [TEST_STEP][PASSED] - ctdc.utilities.runtestcaseforKatalon.clickTabCanineStat("Object Repository/Canine/Filter/Breed/AmerStaffd_Chkbx"): ctdc.utilities.runtestcaseforKatalon.clickTabCanineStat is PASSED

2021-09-02 18:30:31 - [MESSAGE][PASSED] - ctdc.utilities.runtestcaseforKatalon.clickTabCanineStat is PASSED

2021-09-02 18:30:31 - [TEST_STEP][PASSED] - ctdc.utilities.runtestcaseforKatalon.readStatBarCanine("Object Repository/Canine/StatBar/Canine_StatBar-Studies", "Object Repository/Canine/StatBar/Canine_StatBar-Cases", "Object Repository/Canine/StatBar/Canine_StatBar-Samples", "Object Repository/Canine/StatBar/Canine_StatBar-Files", "Object Repository/Canine/StatBar/Canine_StatBar-Aliquots"): ctdc.utilities.runtestcaseforKatalon.readStatBarCanine is PASSED

2021-09-02 18:30:47 - [MESSAGE][PASSED] - ctdc.utilities.runtestcaseforKatalon.readStatBarCanine is PASSED

2021-09-02 18:30:47 - [TEST_STEP][PASSED] - waitForElementPresent(findTestObject("Object Repository/Canine/CanineResults_Cases_Tab"), 5): Object 'Object Repository/Canine/CanineResults_Cases_Tab' is present

2021-09-02 18:30:47 - [MESSAGE][PASSED] - Object 'Object Repository/Canine/CanineResults_Cases_Tab' is present

2021-09-02 18:30:47 - [TEST_STEP][PASSED] - ctdc.utilities.runtestcaseforKatalon.clickTab("Object Repository/Canine/CanineResults_Cases_Tab"): ctdc.utilities.runtestcaseforKatalon.clickTab is PASSED

2021-09-02 18:30:47 - [MESSAGE][PASSED] - ctdc.utilities.runtestcaseforKatalon.clickTab is PASSED

2021-09-02 18:30:47 - [TEST_STEP][PASSED] - ctdc.utilities.runtestcaseforKatalon.multiFunction("ICDC", G_StatBar_Cases, "Object Repository/Canine/Canine_CasesTable", "Object Repository/Canine/Canine_TableHeader", "Object Repository/Canine/Canine_CasesTabNextBtn", G_WebTabnameCases, G_CypherTabnameCases, G_QueryCasesTab): Statbar Arms count matches

2021-09-02 18:31:02 - [MESSAGE][PASSED] - Statbar Files count matches

2021-09-02 18:31:02 - [MESSAGE][PASSED] - Statbar Samples count matches

2021-09-02 18:31:02 - [MESSAGE][PASSED] - Statbar Cases count matches

2021-09-02 18:31:02 - [MESSAGE][PASSED] - Statbar Arms count matches

2021-09-02 18:31:02 - [TEST_STEP][PASSED] - waitForElementPresent(findTestObject("Object Repository/Canine/CanineResults_Samples_Tab"), 5): Object 'Object Repository/Canine/CanineResults_Samples_Tab' is present

2021-09-02 18:31:02 - [MESSAGE][PASSED] - Object 'Object Repository/Canine/CanineResults_Samples_Tab' is present

2021-09-02 18:31:02 - [TEST_STEP][PASSED] - ctdc.utilities.runtestcaseforKatalon.clickTab("Object Repository/Canine/CanineResults_Samples_Tab"): ctdc.utilities.runtestcaseforKatalon.clickTab is PASSED

2021-09-02 18:31:03 - [MESSAGE][PASSED] - ctdc.utilities.runtestcaseforKatalon.clickTab is PASSED

2021-09-02 18:31:03 - [TEST_STEP][PASSED] - ctdc.utilities.runtestcaseforKatalon.multiFunction("ICDC", G_StatBar_Samples, "Object Repository/Canine/Canine_Samples_Table", "Object Repository/Canine/Canine_Samples_TableHdr", "Object Repository/Canine/Canine_SamplesTabNextBtn", G_WebTabnameSamples, G_CypherTabnameSamples, G_QuerySamplesTab): Statbar Arms count matches

2021-09-02 18:31:22 - [MESSAGE][PASSED] - Statbar Files count matches

2021-09-02 18:31:22 - [MESSAGE][PASSED] - Statbar Samples count matches

2021-09-02 18:31:22 - [MESSAGE][PASSED] - Statbar Cases count matches

2021-09-02 18:31:22 - [MESSAGE][PASSED] - Statbar Arms count matches

2021-09-02 18:31:22 - [TEST_STEP][PASSED] - waitForElementPresent(findTestObject("Object Repository/Canine/CanineResults_Files_Tab"), 5): Object 'Object Repository/Canine/CanineResults_Files_Tab' is present

2021-09-02 18:31:22 - [MESSAGE][PASSED] - Object 'Object Repository/Canine/CanineResults_Files_Tab' is present

2021-09-02 18:31:22 - [TEST_STEP][PASSED] - ctdc.utilities.runtestcaseforKatalon.clickTab("Object Repository/Canine/CanineResults_Files_Tab"): ctdc.utilities.runtestcaseforKatalon.clickTab is PASSED

2021-09-02 18:31:23 - [MESSAGE][PASSED] - ctdc.utilities.runtestcaseforKatalon.clickTab is PASSED

2021-09-02 18:31:23 - [TEST_STEP][PASSED] - ctdc.utilities.runtestcaseforKatalon.multiFunction("ICDC", G_StatBar_Files, "Object Repository/Canine/Canine_Files_Table", "Object Repository/Canine/Canine_Files_TableHdr", "Object Repository/Canine/Canine_FilesTabNextBtn", G_WebTabnameFiles, G_CypherTabnameFiles, G_QueryFilesTab): Statbar Arms count matches

2021-09-02 18:31:50 - [MESSAGE][PASSED] - Statbar Files count matches

2021-09-02 18:31:50 - [MESSAGE][PASSED] - Statbar Samples count matches

2021-09-02 18:31:50 - [MESSAGE][PASSED] - Statbar Cases count matches

2021-09-02 18:31:50 - [MESSAGE][PASSED] - Statbar Arms count matches

2021-09-02 18:31:50 - [TEST_STEP][PASSED] - closeBrowser(): Browser is closed

2021-09-02 18:31:51 - [MESSAGE][PASSED] - Browser is closed]]></system-out>
         <system-err><![CDATA[]]></system-err>
      </testcase>
      <testcase name="Test Cases/Canine_TestCases/Diagnosis/TC01_Canine_Filter_Diagnosis-BCellLymphoma" time="174.539" classname="Test Cases/Canine_TestCases/Diagnosis/TC01_Canine_Filter_Diagnosis-BCellLymphoma" status="PASSED">
         <system-out><![CDATA[2021-09-02 18:31:51 - [TEST_CASE][PASSED] - Test Cases/Canine_TestCases/Diagnosis/TC01_Canine_Filter_Diagnosis-BCellLymphoma: Test Cases/Canine_TestCases/Diagnosis/TC01_Canine_Filter_Diagnosis-BCellLymphoma

2021-09-02 18:31:51 - [TEST_STEP][PASSED] - Start listener action : getTestScriptName: null

2021-09-02 18:31:51 - [TEST_STEP][PASSED] - TestCaseId = testCaseContext.getTestCaseId(): null

2021-09-02 18:31:51 - [TEST_STEP][PASSED] - out.println("**********this is the value of test case id string******** " + testCaseContext.getTestCaseId()): null

2021-09-02 18:31:51 - [TEST_STEP][PASSED] - G_currentTCName = TestCaseId.substring(TestCaseId.lastIndexOf("TC")): null

2021-09-02 18:31:51 - [TEST_STEP][PASSED] - out.println("This is the test case name : " + G_currentTCName): null

2021-09-02 18:31:52 - [TEST_STEP][PASSED] - closeBrowser(): Browser is closed

2021-09-02 18:31:52 - [MESSAGE][PASSED] - Browser is closed

2021-09-02 18:31:52 - [TEST_STEP][PASSED] - ctdc.utilities.runtestcaseforKatalon.RunKatalon("TC01_Canine_Filter_Diagnosis-BCellLymphoma.xlsx"): Data loaded from input file for the test case. 

2021-09-02 18:31:52 - [MESSAGE][PASSED] - Test case file loaded This is the full filepath after converting to string :C:\Users\sohilz2\Commons_Automation\InputFiles\TC01_Canine_Filter_Diagnosis-BCellLymphoma.xlsx

2021-09-02 18:31:52 - [MESSAGE][INFO] - Global variable set for password file is :  C:\Users\sohilz2\Commons_Automation\InputFiles\TC01_Canine_Filter_Diagnosis-BCellLymphoma.xlsx

2021-09-02 18:31:56 - [MESSAGE][PASSED] - Data loaded from input file for the test case. 

2021-09-02 18:32:02 - [TEST_STEP][PASSED] - waitForElementPresent(findTestObject("Canine/NavBar/Canine_Cases_Btn"), 5): Object 'Object Repository/Canine/NavBar/Canine_Cases_Btn' is present

2021-09-02 18:32:02 - [MESSAGE][PASSED] - Object 'Object Repository/Canine/NavBar/Canine_Cases_Btn' is present

2021-09-02 18:32:02 - [TEST_STEP][PASSED] - ctdc.utilities.runtestcaseforKatalon.clickTab("Canine/NavBar/Canine_Cases_Btn"): ctdc.utilities.runtestcaseforKatalon.clickTab is PASSED

2021-09-02 18:32:02 - [MESSAGE][PASSED] - ctdc.utilities.runtestcaseforKatalon.clickTab is PASSED

2021-09-02 18:32:02 - [TEST_STEP][PASSED] - click(findTestObject("Bento/Cases_page/Filter/FilterByCases_Facet")): Object: 'Object Repository/Bento/Cases_page/Filter/FilterByCases_Facet' is clicked on

2021-09-02 18:32:04 - [MESSAGE][PASSED] - Object: 'Object Repository/Bento/Cases_page/Filter/FilterByCases_Facet' is clicked on

2021-09-02 18:32:04 - [TEST_STEP][PASSED] - waitForElementPresent(findTestObject("Object Repository/Canine/Filter/Diagnosis/DIAGNOSIS_Ddn"), 5): Object 'Object Repository/Canine/Filter/Diagnosis/DIAGNOSIS_Ddn' is present

2021-09-02 18:32:05 - [MESSAGE][PASSED] - Object 'Object Repository/Canine/Filter/Diagnosis/DIAGNOSIS_Ddn' is present

2021-09-02 18:32:05 - [TEST_STEP][PASSED] - ctdc.utilities.runtestcaseforKatalon.clickTabCanineStat("Object Repository/Canine/Filter/Diagnosis/DIAGNOSIS_Ddn"): ctdc.utilities.runtestcaseforKatalon.clickTabCanineStat is PASSED

2021-09-02 18:32:06 - [MESSAGE][PASSED] - ctdc.utilities.runtestcaseforKatalon.clickTabCanineStat is PASSED

2021-09-02 18:32:06 - [TEST_STEP][PASSED] - ctdc.utilities.runtestcaseforKatalon.clickTabCanineStat("Canine/Filter/Diagnosis/BCellLymphoma_Chkbx"): ctdc.utilities.runtestcaseforKatalon.clickTabCanineStat is PASSED

2021-09-02 18:32:08 - [MESSAGE][PASSED] - ctdc.utilities.runtestcaseforKatalon.clickTabCanineStat is PASSED

2021-09-02 18:32:08 - [TEST_STEP][PASSED] - ctdc.utilities.runtestcaseforKatalon.readStatBarCanine("Object Repository/Canine/StatBar/Canine_StatBar-Studies", "Object Repository/Canine/StatBar/Canine_StatBar-Cases", "Object Repository/Canine/StatBar/Canine_StatBar-Samples", "Object Repository/Canine/StatBar/Canine_StatBar-Files", "Object Repository/Canine/StatBar/Canine_StatBar-Aliquots"): ctdc.utilities.runtestcaseforKatalon.readStatBarCanine is PASSED

2021-09-02 18:32:24 - [MESSAGE][PASSED] - ctdc.utilities.runtestcaseforKatalon.readStatBarCanine is PASSED

2021-09-02 18:32:24 - [TEST_STEP][PASSED] - waitForElementPresent(findTestObject("Object Repository/Canine/CanineResults_Cases_Tab"), 5): Object 'Object Repository/Canine/CanineResults_Cases_Tab' is present

2021-09-02 18:32:24 - [MESSAGE][PASSED] - Object 'Object Repository/Canine/CanineResults_Cases_Tab' is present

2021-09-02 18:32:24 - [TEST_STEP][PASSED] - ctdc.utilities.runtestcaseforKatalon.clickTab("Object Repository/Canine/CanineResults_Cases_Tab"): ctdc.utilities.runtestcaseforKatalon.clickTab is PASSED

2021-09-02 18:32:24 - [MESSAGE][PASSED] - ctdc.utilities.runtestcaseforKatalon.clickTab is PASSED

2021-09-02 18:32:24 - [TEST_STEP][PASSED] - ctdc.utilities.runtestcaseforKatalon.multiFunction("ICDC", G_StatBar_Cases, "Object Repository/Canine/Canine_CasesTable", "Object Repository/Canine/Canine_TableHeader", "Object Repository/Canine/Canine_CasesTabNextBtn", G_WebTabnameCases, G_CypherTabnameCases, G_QueryCasesTab): Statbar Arms count matches

2021-09-02 18:32:52 - [MESSAGE][PASSED] - Statbar Files count matches

2021-09-02 18:32:52 - [MESSAGE][PASSED] - Statbar Samples count matches

2021-09-02 18:32:52 - [MESSAGE][PASSED] - Statbar Cases count matches

2021-09-02 18:32:52 - [MESSAGE][PASSED] - Statbar Arms count matches

2021-09-02 18:32:52 - [TEST_STEP][PASSED] - waitForElementPresent(findTestObject("Object Repository/Canine/CanineResults_Samples_Tab"), 5): Object 'Object Repository/Canine/CanineResults_Samples_Tab' is present

2021-09-02 18:32:52 - [MESSAGE][PASSED] - Object 'Object Repository/Canine/CanineResults_Samples_Tab' is present

2021-09-02 18:32:52 - [TEST_STEP][PASSED] - ctdc.utilities.runtestcaseforKatalon.clickTab("Object Repository/Canine/CanineResults_Samples_Tab"): ctdc.utilities.runtestcaseforKatalon.clickTab is PASSED

2021-09-02 18:32:53 - [MESSAGE][PASSED] - ctdc.utilities.runtestcaseforKatalon.clickTab is PASSED

2021-09-02 18:32:53 - [TEST_STEP][PASSED] - ctdc.utilities.runtestcaseforKatalon.multiFunction("ICDC", G_StatBar_Samples, "Object Repository/Canine/Canine_Samples_Table", "Object Repository/Canine/Canine_Samples_TableHdr", "Object Repository/Canine/Canine_SamplesTabNextBtn", G_WebTabnameSamples, G_CypherTabnameSamples, G_QuerySamplesTab): Statbar Arms count matches

2021-09-02 18:33:38 - [MESSAGE][PASSED] - Statbar Files count matches

2021-09-02 18:33:38 - [MESSAGE][PASSED] - Statbar Samples count matches

2021-09-02 18:33:38 - [MESSAGE][PASSED] - Statbar Cases count matches

2021-09-02 18:33:38 - [MESSAGE][PASSED] - Statbar Arms count matches

2021-09-02 18:33:38 - [TEST_STEP][PASSED] - waitForElementPresent(findTestObject("Object Repository/Canine/CanineResults_Files_Tab"), 5): Object 'Object Repository/Canine/CanineResults_Files_Tab' is present

2021-09-02 18:33:38 - [MESSAGE][PASSED] - Object 'Object Repository/Canine/CanineResults_Files_Tab' is present

2021-09-02 18:33:38 - [TEST_STEP][PASSED] - ctdc.utilities.runtestcaseforKatalon.clickTab("Object Repository/Canine/CanineResults_Files_Tab"): ctdc.utilities.runtestcaseforKatalon.clickTab is PASSED

2021-09-02 18:33:39 - [MESSAGE][PASSED] - ctdc.utilities.runtestcaseforKatalon.clickTab is PASSED

2021-09-02 18:33:39 - [TEST_STEP][PASSED] - ctdc.utilities.runtestcaseforKatalon.multiFunction("ICDC", G_StatBar_Files, "Object Repository/Canine/Canine_Files_Table", "Object Repository/Canine/Canine_Files_TableHdr", "Object Repository/Canine/Canine_FilesTabNextBtn", G_WebTabnameFiles, G_CypherTabnameFiles, G_QueryFilesTab): Statbar Arms count matches

2021-09-02 18:34:45 - [MESSAGE][PASSED] - Statbar Files count matches

2021-09-02 18:34:45 - [MESSAGE][PASSED] - Statbar Samples count matches

2021-09-02 18:34:45 - [MESSAGE][PASSED] - Statbar Cases count matches

2021-09-02 18:34:45 - [MESSAGE][PASSED] - Statbar Arms count matches

2021-09-02 18:34:45 - [TEST_STEP][PASSED] - closeBrowser(): Browser is closed

2021-09-02 18:34:46 - [MESSAGE][PASSED] - Browser is closed]]></system-out>
         <system-err><![CDATA[]]></system-err>
      </testcase>
      <testcase name="Test Cases/Canine_TestCases/FileAssociation/TC01_Canine_Filter_FileAssoc-diagnosis" time="404.521" classname="Test Cases/Canine_TestCases/FileAssociation/TC01_Canine_Filter_FileAssoc-diagnosis" status="PASSED">
         <system-out><![CDATA[2021-09-02 18:34:46 - [TEST_CASE][PASSED] - Test Cases/Canine_TestCases/FileAssociation/TC01_Canine_Filter_FileAssoc-diagnosis: Test Cases/Canine_TestCases/FileAssociation/TC01_Canine_Filter_FileAssoc-diagnosis

2021-09-02 18:34:46 - [TEST_STEP][PASSED] - Start listener action : getTestScriptName: null

2021-09-02 18:34:46 - [TEST_STEP][PASSED] - TestCaseId = testCaseContext.getTestCaseId(): null

2021-09-02 18:34:46 - [TEST_STEP][PASSED] - out.println("**********this is the value of test case id string******** " + testCaseContext.getTestCaseId()): null

2021-09-02 18:34:46 - [TEST_STEP][PASSED] - G_currentTCName = TestCaseId.substring(TestCaseId.lastIndexOf("TC")): null

2021-09-02 18:34:46 - [TEST_STEP][PASSED] - out.println("This is the test case name : " + G_currentTCName): null

2021-09-02 18:34:46 - [TEST_STEP][PASSED] - closeBrowser(): Browser is closed

2021-09-02 18:34:46 - [MESSAGE][PASSED] - Browser is closed

2021-09-02 18:34:46 - [TEST_STEP][PASSED] - ctdc.utilities.runtestcaseforKatalon.RunKatalon("TC01_Canine_Filter_FileAssoc-diagnosis.xlsx"): Data loaded from input file for the test case. 

2021-09-02 18:34:46 - [MESSAGE][PASSED] - Test case file loaded This is the full filepath after converting to string :C:\Users\sohilz2\Commons_Automation\InputFiles\TC01_Canine_Filter_FileAssoc-diagnosis.xlsx

2021-09-02 18:34:46 - [MESSAGE][INFO] - Global variable set for password file is :  C:\Users\sohilz2\Commons_Automation\InputFiles\TC01_Canine_Filter_FileAssoc-diagnosis.xlsx

2021-09-02 18:34:50 - [MESSAGE][PASSED] - Data loaded from input file for the test case. 

2021-09-02 18:34:56 - [TEST_STEP][PASSED] - click(findTestObject("Canine/NavBar/Canine_Cases_Btn")): Object: 'Object Repository/Canine/NavBar/Canine_Cases_Btn' is clicked on

2021-09-02 18:34:56 - [MESSAGE][PASSED] - Object: 'Object Repository/Canine/NavBar/Canine_Cases_Btn' is clicked on

2021-09-02 18:34:56 - [TEST_STEP][PASSED] - click(findTestObject("Bento/Cases_page/Filter/FilterByFiles_Facet")): Object: 'Object Repository/Bento/Cases_page/Filter/FilterByFiles_Facet' is clicked on

2021-09-02 18:34:58 - [MESSAGE][PASSED] - Object: 'Object Repository/Bento/Cases_page/Filter/FilterByFiles_Facet' is clicked on

2021-09-02 18:34:58 - [TEST_STEP][PASSED] - waitForElementPresent(findTestObject("Object Repository/Canine/Filter/FileAssociation/FILEASSOCIATION_Ddn"), 5): Object 'Object Repository/Canine/Filter/FileAssociation/FILEASSOCIATION_Ddn' is present

2021-09-02 18:34:59 - [MESSAGE][PASSED] - Object 'Object Repository/Canine/Filter/FileAssociation/FILEASSOCIATION_Ddn' is present

2021-09-02 18:34:59 - [TEST_STEP][PASSED] - ctdc.utilities.runtestcaseforKatalon.clickTabCanineStat("Object Repository/Canine/Filter/FileAssociation/FILEASSOCIATION_Ddn"): ctdc.utilities.runtestcaseforKatalon.clickTabCanineStat is PASSED

2021-09-02 18:35:00 - [MESSAGE][PASSED] - ctdc.utilities.runtestcaseforKatalon.clickTabCanineStat is PASSED

2021-09-02 18:35:00 - [TEST_STEP][PASSED] - ctdc.utilities.runtestcaseforKatalon.clickTabCanineStat("Object Repository/Canine/Filter/FileAssociation/diagnosis_Chkbx"): ctdc.utilities.runtestcaseforKatalon.clickTabCanineStat is PASSED

2021-09-02 18:35:02 - [MESSAGE][PASSED] - ctdc.utilities.runtestcaseforKatalon.clickTabCanineStat is PASSED

2021-09-02 18:35:02 - [TEST_STEP][PASSED] - ctdc.utilities.runtestcaseforKatalon.readStatBarCanine("Object Repository/Canine/StatBar/Canine_StatBar-Studies", "Object Repository/Canine/StatBar/Canine_StatBar-Cases", "Object Repository/Canine/StatBar/Canine_StatBar-Samples", "Object Repository/Canine/StatBar/Canine_StatBar-Files", "Object Repository/Canine/StatBar/Canine_StatBar-Aliquots"): ctdc.utilities.runtestcaseforKatalon.readStatBarCanine is PASSED

2021-09-02 18:35:17 - [MESSAGE][PASSED] - ctdc.utilities.runtestcaseforKatalon.readStatBarCanine is PASSED

2021-09-02 18:35:17 - [TEST_STEP][PASSED] - waitForElementPresent(findTestObject("Object Repository/Canine/CanineResults_Cases_Tab"), 5): Object 'Object Repository/Canine/CanineResults_Cases_Tab' is present

2021-09-02 18:35:17 - [MESSAGE][PASSED] - Object 'Object Repository/Canine/CanineResults_Cases_Tab' is present

2021-09-02 18:35:17 - [TEST_STEP][PASSED] - ctdc.utilities.runtestcaseforKatalon.clickTab("Object Repository/Canine/CanineResults_Cases_Tab"): ctdc.utilities.runtestcaseforKatalon.clickTab is PASSED

2021-09-02 18:35:17 - [MESSAGE][PASSED] - ctdc.utilities.runtestcaseforKatalon.clickTab is PASSED

2021-09-02 18:35:17 - [TEST_STEP][PASSED] - ctdc.utilities.runtestcaseforKatalon.multiFunction("ICDC", G_StatBar_Cases, "Object Repository/Canine/Canine_CasesTable", "Object Repository/Canine/Canine_TableHeader", "Object Repository/Canine/Canine_CasesTabNextBtn", G_WebTabnameCases, G_CypherTabnameCases, G_QueryCasesTab): Statbar Arms count matches

2021-09-02 18:36:45 - [MESSAGE][PASSED] - Statbar Files count matches

2021-09-02 18:36:45 - [MESSAGE][PASSED] - Statbar Samples count matches

2021-09-02 18:36:45 - [MESSAGE][PASSED] - Statbar Cases count matches

2021-09-02 18:36:45 - [MESSAGE][PASSED] - Statbar Arms count matches

2021-09-02 18:36:45 - [TEST_STEP][PASSED] - waitForElementPresent(findTestObject("Object Repository/Canine/CanineResults_Samples_Tab"), 5): Object 'Object Repository/Canine/CanineResults_Samples_Tab' is present

2021-09-02 18:36:45 - [MESSAGE][PASSED] - Object 'Object Repository/Canine/CanineResults_Samples_Tab' is present

2021-09-02 18:36:45 - [TEST_STEP][PASSED] - ctdc.utilities.runtestcaseforKatalon.clickTab("Object Repository/Canine/CanineResults_Samples_Tab"): ctdc.utilities.runtestcaseforKatalon.clickTab is PASSED

2021-09-02 18:36:45 - [MESSAGE][PASSED] - ctdc.utilities.runtestcaseforKatalon.clickTab is PASSED

2021-09-02 18:36:45 - [TEST_STEP][PASSED] - ctdc.utilities.runtestcaseforKatalon.multiFunction("ICDC", G_StatBar_Samples, "Object Repository/Canine/Canine_Samples_Table", "Object Repository/Canine/Canine_Samples_TableHdr", "Object Repository/Canine/Canine_SamplesTabNextBtn", G_WebTabnameSamples, G_CypherTabnameSamples, G_QuerySamplesTab): Statbar Arms count matches

2021-09-02 18:40:01 - [MESSAGE][PASSED] - Statbar Files count matches

2021-09-02 18:40:01 - [MESSAGE][PASSED] - Statbar Samples count matches

2021-09-02 18:40:01 - [MESSAGE][PASSED] - Statbar Cases count matches

2021-09-02 18:40:01 - [MESSAGE][PASSED] - Statbar Arms count matches

2021-09-02 18:40:01 - [TEST_STEP][PASSED] - waitForElementPresent(findTestObject("Object Repository/Canine/CanineResults_Files_Tab"), 5): Object 'Object Repository/Canine/CanineResults_Files_Tab' is present

2021-09-02 18:40:01 - [MESSAGE][PASSED] - Object 'Object Repository/Canine/CanineResults_Files_Tab' is present

2021-09-02 18:40:01 - [TEST_STEP][PASSED] - ctdc.utilities.runtestcaseforKatalon.clickTab("Object Repository/Canine/CanineResults_Files_Tab"): ctdc.utilities.runtestcaseforKatalon.clickTab is PASSED

2021-09-02 18:40:01 - [MESSAGE][PASSED] - ctdc.utilities.runtestcaseforKatalon.clickTab is PASSED

2021-09-02 18:40:01 - [TEST_STEP][PASSED] - ctdc.utilities.runtestcaseforKatalon.multiFunction("ICDC", G_StatBar_Files, "Object Repository/Canine/Canine_Files_Table", "Object Repository/Canine/Canine_Files_TableHdr", "Object Repository/Canine/Canine_FilesTabNextBtn", G_WebTabnameFiles, G_CypherTabnameFiles, G_QueryFilesTab): Statbar Arms count matches

2021-09-02 18:41:30 - [MESSAGE][PASSED] - Statbar Files count matches

2021-09-02 18:41:30 - [MESSAGE][PASSED] - Statbar Samples count matches

2021-09-02 18:41:30 - [MESSAGE][PASSED] - Statbar Cases count matches

2021-09-02 18:41:30 - [MESSAGE][PASSED] - Statbar Arms count matches

2021-09-02 18:41:30 - [TEST_STEP][PASSED] - closeBrowser(): Browser is closed

2021-09-02 18:41:30 - [MESSAGE][PASSED] - Browser is closed]]></system-out>
         <system-err><![CDATA[]]></system-err>
      </testcase>
      <testcase name="Test Cases/Canine_TestCases/FileType/TC01_Canine_Filter_FileType-DNAMethylAnalFile" time="170.491" classname="Test Cases/Canine_TestCases/FileType/TC01_Canine_Filter_FileType-DNAMethylAnalFile" status="PASSED">
         <system-out><![CDATA[2021-09-02 18:41:30 - [TEST_CASE][PASSED] - Test Cases/Canine_TestCases/FileType/TC01_Canine_Filter_FileType-DNAMethylAnalFile: Test Cases/Canine_TestCases/FileType/TC01_Canine_Filter_FileType-DNAMethylAnalFile

2021-09-02 18:41:30 - [TEST_STEP][PASSED] - Start listener action : getTestScriptName: null

2021-09-02 18:41:30 - [TEST_STEP][PASSED] - TestCaseId = testCaseContext.getTestCaseId(): null

2021-09-02 18:41:30 - [TEST_STEP][PASSED] - out.println("**********this is the value of test case id string******** " + testCaseContext.getTestCaseId()): null

2021-09-02 18:41:30 - [TEST_STEP][PASSED] - G_currentTCName = TestCaseId.substring(TestCaseId.lastIndexOf("TC")): null

2021-09-02 18:41:30 - [TEST_STEP][PASSED] - out.println("This is the test case name : " + G_currentTCName): null

2021-09-02 18:41:31 - [TEST_STEP][PASSED] - closeBrowser(): Browser is closed

2021-09-02 18:41:31 - [MESSAGE][PASSED] - Browser is closed

2021-09-02 18:41:31 - [TEST_STEP][PASSED] - ctdc.utilities.runtestcaseforKatalon.RunKatalon("TC01_Canine_Filter_FileType-DNAMethylAnalFile.xlsx"): Data loaded from input file for the test case. 

2021-09-02 18:41:31 - [MESSAGE][PASSED] - Test case file loaded This is the full filepath after converting to string :C:\Users\sohilz2\Commons_Automation\InputFiles\TC01_Canine_Filter_FileType-DNAMethylAnalFile.xlsx

2021-09-02 18:41:31 - [MESSAGE][INFO] - Global variable set for password file is :  C:\Users\sohilz2\Commons_Automation\InputFiles\TC01_Canine_Filter_FileType-DNAMethylAnalFile.xlsx

2021-09-02 18:41:35 - [MESSAGE][PASSED] - Data loaded from input file for the test case. 

2021-09-02 18:41:41 - [TEST_STEP][PASSED] - waitForElementPresent(findTestObject("Canine/NavBar/Canine_Cases_Btn"), 5): Object 'Object Repository/Canine/NavBar/Canine_Cases_Btn' is present

2021-09-02 18:41:41 - [MESSAGE][PASSED] - Object 'Object Repository/Canine/NavBar/Canine_Cases_Btn' is present

2021-09-02 18:41:41 - [TEST_STEP][PASSED] - click(findTestObject("Canine/NavBar/Canine_Cases_Btn")): Object: 'Object Repository/Canine/NavBar/Canine_Cases_Btn' is clicked on

2021-09-02 18:41:41 - [MESSAGE][PASSED] - Object: 'Object Repository/Canine/NavBar/Canine_Cases_Btn' is clicked on

2021-09-02 18:41:41 - [TEST_STEP][PASSED] - click(findTestObject("Bento/Cases_page/Filter/FilterByFiles_Facet")): Object: 'Object Repository/Bento/Cases_page/Filter/FilterByFiles_Facet' is clicked on

2021-09-02 18:41:43 - [MESSAGE][PASSED] - Object: 'Object Repository/Bento/Cases_page/Filter/FilterByFiles_Facet' is clicked on

2021-09-02 18:41:43 - [TEST_STEP][PASSED] - waitForElementPresent(findTestObject("Object Repository/Canine/Filter/FileType/FILETYPE_Ddn"), 5): Object 'Object Repository/Canine/Filter/FileType/FILETYPE_Ddn' is present

2021-09-02 18:41:43 - [MESSAGE][PASSED] - Object 'Object Repository/Canine/Filter/FileType/FILETYPE_Ddn' is present

2021-09-02 18:41:43 - [TEST_STEP][PASSED] - ctdc.utilities.runtestcaseforKatalon.clickTabCanineStat("Object Repository/Canine/Filter/FileType/FILETYPE_Ddn"): ctdc.utilities.runtestcaseforKatalon.clickTabCanineStat is PASSED

2021-09-02 18:41:45 - [MESSAGE][PASSED] - ctdc.utilities.runtestcaseforKatalon.clickTabCanineStat is PASSED

2021-09-02 18:41:45 - [TEST_STEP][PASSED] - ctdc.utilities.runtestcaseforKatalon.clickTabCanineStat("Object Repository/Canine/Filter/FileType/DNAMethylAnalFile_Chkbx"): ctdc.utilities.runtestcaseforKatalon.clickTabCanineStat is PASSED

2021-09-02 18:41:47 - [MESSAGE][PASSED] - ctdc.utilities.runtestcaseforKatalon.clickTabCanineStat is PASSED

2021-09-02 18:41:47 - [TEST_STEP][PASSED] - ctdc.utilities.runtestcaseforKatalon.readStatBarCanine("Object Repository/Canine/StatBar/Canine_StatBar-Studies", "Object Repository/Canine/StatBar/Canine_StatBar-Cases", "Object Repository/Canine/StatBar/Canine_StatBar-Samples", "Object Repository/Canine/StatBar/Canine_StatBar-Files", "Object Repository/Canine/StatBar/Canine_StatBar-Aliquots"): ctdc.utilities.runtestcaseforKatalon.readStatBarCanine is PASSED

2021-09-02 18:42:02 - [MESSAGE][PASSED] - ctdc.utilities.runtestcaseforKatalon.readStatBarCanine is PASSED

2021-09-02 18:42:02 - [TEST_STEP][PASSED] - waitForElementPresent(findTestObject("Object Repository/Canine/CanineResults_Cases_Tab"), 5): Object 'Object Repository/Canine/CanineResults_Cases_Tab' is present

2021-09-02 18:42:03 - [MESSAGE][PASSED] - Object 'Object Repository/Canine/CanineResults_Cases_Tab' is present

2021-09-02 18:42:03 - [TEST_STEP][PASSED] - ctdc.utilities.runtestcaseforKatalon.clickTab("Object Repository/Canine/CanineResults_Cases_Tab"): ctdc.utilities.runtestcaseforKatalon.clickTab is PASSED

2021-09-02 18:42:03 - [MESSAGE][PASSED] - ctdc.utilities.runtestcaseforKatalon.clickTab is PASSED

2021-09-02 18:42:03 - [TEST_STEP][PASSED] - ctdc.utilities.runtestcaseforKatalon.multiFunction("ICDC", G_StatBar_Cases, "Object Repository/Canine/Canine_CasesTable", "Object Repository/Canine/Canine_TableHeader", "Object Repository/Canine/Canine_CasesTabNextBtn", G_WebTabnameCases, G_CypherTabnameCases, G_QueryCasesTab): Statbar Arms count matches

2021-09-02 18:43:11 - [MESSAGE][PASSED] - Statbar Files count matches

2021-09-02 18:43:11 - [MESSAGE][PASSED] - Statbar Samples count matches

2021-09-02 18:43:11 - [MESSAGE][PASSED] - Statbar Cases count matches

2021-09-02 18:43:11 - [MESSAGE][PASSED] - Statbar Arms count matches

2021-09-02 18:43:11 - [TEST_STEP][PASSED] - waitForElementPresent(findTestObject("Object Repository/Canine/CanineResults_Files_Tab"), 5): Object 'Object Repository/Canine/CanineResults_Files_Tab' is present

2021-09-02 18:43:11 - [MESSAGE][PASSED] - Object 'Object Repository/Canine/CanineResults_Files_Tab' is present

2021-09-02 18:43:11 - [TEST_STEP][PASSED] - ctdc.utilities.runtestcaseforKatalon.clickTab("Object Repository/Canine/CanineResults_Files_Tab"): ctdc.utilities.runtestcaseforKatalon.clickTab is PASSED

2021-09-02 18:43:12 - [MESSAGE][PASSED] - ctdc.utilities.runtestcaseforKatalon.clickTab is PASSED

2021-09-02 18:43:12 - [TEST_STEP][PASSED] - ctdc.utilities.runtestcaseforKatalon.multiFunction("ICDC", G_StatBar_Files, "Object Repository/Canine/Canine_Files_Table", "Object Repository/Canine/Canine_Files_TableHdr", "Object Repository/Canine/Canine_FilesTabNextBtn", G_WebTabnameFiles, G_CypherTabnameFiles, G_QueryFilesTab): Statbar Arms count matches

2021-09-02 18:44:20 - [MESSAGE][PASSED] - Statbar Files count matches

2021-09-02 18:44:20 - [MESSAGE][PASSED] - Statbar Samples count matches

2021-09-02 18:44:20 - [MESSAGE][PASSED] - Statbar Cases count matches

2021-09-02 18:44:20 - [MESSAGE][PASSED] - Statbar Arms count matches

2021-09-02 18:44:20 - [TEST_STEP][PASSED] - closeBrowser(): Browser is closed

2021-09-02 18:44:21 - [MESSAGE][PASSED] - Browser is closed]]></system-out>
         <system-err><![CDATA[]]></system-err>
      </testcase>
      <testcase name="Test Cases/Canine_TestCases/FileType/TC02_Canine_Filter_FileType-IndexFile" time="2144.474" classname="Test Cases/Canine_TestCases/FileType/TC02_Canine_Filter_FileType-IndexFile" status="PASSED">
         <system-out><![CDATA[2021-09-02 18:44:21 - [TEST_CASE][PASSED] - Test Cases/Canine_TestCases/FileType/TC02_Canine_Filter_FileType-IndexFile: Test Cases/Canine_TestCases/FileType/TC02_Canine_Filter_FileType-IndexFile

2021-09-02 18:44:21 - [TEST_STEP][PASSED] - Start listener action : getTestScriptName: null

2021-09-02 18:44:21 - [TEST_STEP][PASSED] - TestCaseId = testCaseContext.getTestCaseId(): null

2021-09-02 18:44:21 - [TEST_STEP][PASSED] - out.println("**********this is the value of test case id string******** " + testCaseContext.getTestCaseId()): null

2021-09-02 18:44:21 - [TEST_STEP][PASSED] - G_currentTCName = TestCaseId.substring(TestCaseId.lastIndexOf("TC")): null

2021-09-02 18:44:21 - [TEST_STEP][PASSED] - out.println("This is the test case name : " + G_currentTCName): null

2021-09-02 18:44:21 - [TEST_STEP][PASSED] - closeBrowser(): Browser is closed

2021-09-02 18:44:21 - [MESSAGE][PASSED] - Browser is closed

2021-09-02 18:44:21 - [TEST_STEP][PASSED] - ctdc.utilities.runtestcaseforKatalon.RunKatalon("TC02_Canine_Filter_FileType-IndexFile.xlsx"): Data loaded from input file for the test case. 

2021-09-02 18:44:21 - [MESSAGE][PASSED] - Test case file loaded This is the full filepath after converting to string :C:\Users\sohilz2\Commons_Automation\InputFiles\TC02_Canine_Filter_FileType-IndexFile.xlsx

2021-09-02 18:44:21 - [MESSAGE][INFO] - Global variable set for password file is :  C:\Users\sohilz2\Commons_Automation\InputFiles\TC02_Canine_Filter_FileType-IndexFile.xlsx

2021-09-02 18:44:25 - [MESSAGE][PASSED] - Data loaded from input file for the test case. 

2021-09-02 18:44:32 - [TEST_STEP][PASSED] - waitForElementPresent(findTestObject("Canine/NavBar/Canine_Cases_Btn"), 5): Object 'Object Repository/Canine/NavBar/Canine_Cases_Btn' is present

2021-09-02 18:44:32 - [MESSAGE][PASSED] - Object 'Object Repository/Canine/NavBar/Canine_Cases_Btn' is present

2021-09-02 18:44:32 - [TEST_STEP][PASSED] - click(findTestObject("Canine/NavBar/Canine_Cases_Btn")): Object: 'Object Repository/Canine/NavBar/Canine_Cases_Btn' is clicked on

2021-09-02 18:44:32 - [MESSAGE][PASSED] - Object: 'Object Repository/Canine/NavBar/Canine_Cases_Btn' is clicked on

2021-09-02 18:44:32 - [TEST_STEP][PASSED] - click(findTestObject("Canine/Filter/FilterByFiles_Facet")): Object: 'Object Repository/Canine/Filter/FilterByFiles_Facet' is clicked on

2021-09-02 18:44:33 - [MESSAGE][PASSED] - Object: 'Object Repository/Canine/Filter/FilterByFiles_Facet' is clicked on

2021-09-02 18:44:33 - [TEST_STEP][PASSED] - ctdc.utilities.runtestcaseforKatalon.clickTabCanineStat("Object Repository/Canine/Filter/FileType/FILETYPE_Ddn"): ctdc.utilities.runtestcaseforKatalon.clickTabCanineStat is PASSED

2021-09-02 18:44:35 - [MESSAGE][PASSED] - ctdc.utilities.runtestcaseforKatalon.clickTabCanineStat is PASSED

2021-09-02 18:44:35 - [TEST_STEP][PASSED] - ctdc.utilities.runtestcaseforKatalon.clickTabCanineStat("Object Repository/Canine/Filter/FileType/IndexFile_Chkbx"): ctdc.utilities.runtestcaseforKatalon.clickTabCanineStat is PASSED

2021-09-02 18:44:37 - [MESSAGE][PASSED] - ctdc.utilities.runtestcaseforKatalon.clickTabCanineStat is PASSED

2021-09-02 18:44:37 - [TEST_STEP][PASSED] - ctdc.utilities.runtestcaseforKatalon.readStatBarCanine("Object Repository/Canine/StatBar/Canine_StatBar-Studies", "Object Repository/Canine/StatBar/Canine_StatBar-Cases", "Object Repository/Canine/StatBar/Canine_StatBar-Samples", "Object Repository/Canine/StatBar/Canine_StatBar-Files", "Object Repository/Canine/StatBar/Canine_StatBar-Aliquots"): ctdc.utilities.runtestcaseforKatalon.readStatBarCanine is PASSED

2021-09-02 18:44:52 - [MESSAGE][PASSED] - ctdc.utilities.runtestcaseforKatalon.readStatBarCanine is PASSED

2021-09-02 18:44:52 - [TEST_STEP][PASSED] - waitForElementPresent(findTestObject("Object Repository/Canine/CanineResults_Cases_Tab"), 5): Object 'Object Repository/Canine/CanineResults_Cases_Tab' is present

2021-09-02 18:44:52 - [MESSAGE][PASSED] - Object 'Object Repository/Canine/CanineResults_Cases_Tab' is present

2021-09-02 18:44:52 - [TEST_STEP][PASSED] - click(findTestObject("Object Repository/Canine/CanineResults_Cases_Tab")): Object: 'Object Repository/Canine/CanineResults_Cases_Tab' is clicked on

2021-09-02 18:44:53 - [MESSAGE][PASSED] - Object: 'Object Repository/Canine/CanineResults_Cases_Tab' is clicked on

2021-09-02 18:44:53 - [TEST_STEP][PASSED] - ctdc.utilities.runtestcaseforKatalon.multiFunction("ICDC", G_StatBar_Cases, "Object Repository/Canine/Canine_CasesTable", "Object Repository/Canine/Canine_TableHeader", "Object Repository/Canine/Canine_CasesTabNextBtn", G_WebTabnameCases, G_CypherTabnameCases, G_QueryCasesTab): Statbar Arms count matches

2021-09-02 18:50:47 - [MESSAGE][PASSED] - Statbar Files count matches

2021-09-02 18:50:47 - [MESSAGE][PASSED] - Statbar Samples count matches

2021-09-02 18:50:47 - [MESSAGE][PASSED] - Statbar Cases count matches

2021-09-02 18:50:47 - [MESSAGE][PASSED] - Statbar Arms count matches

2021-09-02 18:50:47 - [TEST_STEP][PASSED] - ctdc.utilities.runtestcaseforKatalon.clickTab("Object Repository/Canine/CanineResults_Samples_Tab"): ctdc.utilities.runtestcaseforKatalon.clickTab is PASSED

2021-09-02 18:50:47 - [MESSAGE][PASSED] - ctdc.utilities.runtestcaseforKatalon.clickTab is PASSED

2021-09-02 18:50:47 - [TEST_STEP][PASSED] - ctdc.utilities.runtestcaseforKatalon.multiFunction("ICDC", G_StatBar_Samples, "Object Repository/Canine/Canine_Samples_Table", "Object Repository/Canine/Canine_Samples_TableHdr", "Object Repository/Canine/Canine_SamplesTabNextBtn", G_WebTabnameSamples, G_CypherTabnameSamples, G_QuerySamplesTab): Statbar Arms count matches

2021-09-02 19:06:58 - [MESSAGE][PASSED] - Statbar Files count matches

2021-09-02 19:06:58 - [MESSAGE][PASSED] - Statbar Samples count matches

2021-09-02 19:06:58 - [MESSAGE][PASSED] - Statbar Cases count matches

2021-09-02 19:06:58 - [MESSAGE][PASSED] - Statbar Arms count matches

2021-09-02 19:06:58 - [TEST_STEP][PASSED] - ctdc.utilities.runtestcaseforKatalon.clickTab("Object Repository/Canine/CanineResults_Files_Tab"): ctdc.utilities.runtestcaseforKatalon.clickTab is PASSED

2021-09-02 19:06:59 - [MESSAGE][PASSED] - ctdc.utilities.runtestcaseforKatalon.clickTab is PASSED

2021-09-02 19:06:59 - [TEST_STEP][PASSED] - ctdc.utilities.runtestcaseforKatalon.multiFunction("ICDC", G_StatBar_Files, "Object Repository/Canine/Canine_Files_Table", "Object Repository/Canine/Canine_Files_TableHdr", "Object Repository/Canine/Canine_FilesTabNextBtn", G_WebTabnameFiles, G_CypherTabnameFiles, G_QueryFilesTab): Statbar Arms count matches

2021-09-02 19:20:05 - [MESSAGE][PASSED] - Statbar Files count matches

2021-09-02 19:20:05 - [MESSAGE][PASSED] - Statbar Samples count matches

2021-09-02 19:20:05 - [MESSAGE][PASSED] - Statbar Cases count matches

2021-09-02 19:20:05 - [MESSAGE][PASSED] - Statbar Arms count matches]]></system-out>
         <system-err><![CDATA[]]></system-err>
      </testcase>
      <testcase name="Test Cases/Canine_TestCases/NeuteredStatus/TC01_Canine_Filter_NeutStatus-Yes" time="3138.076" classname="Test Cases/Canine_TestCases/NeuteredStatus/TC01_Canine_Filter_NeutStatus-Yes" status="PASSED">
         <system-out><![CDATA[2021-09-02 19:20:05 - [TEST_CASE][PASSED] - Test Cases/Canine_TestCases/NeuteredStatus/TC01_Canine_Filter_NeutStatus-Yes: Test Cases/Canine_TestCases/NeuteredStatus/TC01_Canine_Filter_NeutStatus-Yes

2021-09-02 19:20:05 - [TEST_STEP][PASSED] - Start listener action : getTestScriptName: null

2021-09-02 19:20:05 - [TEST_STEP][PASSED] - TestCaseId = testCaseContext.getTestCaseId(): null

2021-09-02 19:20:05 - [TEST_STEP][PASSED] - out.println("**********this is the value of test case id string******** " + testCaseContext.getTestCaseId()): null

2021-09-02 19:20:05 - [TEST_STEP][PASSED] - G_currentTCName = TestCaseId.substring(TestCaseId.lastIndexOf("TC")): null

2021-09-02 19:20:05 - [TEST_STEP][PASSED] - out.println("This is the test case name : " + G_currentTCName): null

2021-09-02 19:20:06 - [TEST_STEP][PASSED] - closeBrowser(): Browser is closed

2021-09-02 19:20:07 - [MESSAGE][PASSED] - Browser is closed

2021-09-02 19:20:07 - [TEST_STEP][PASSED] - ctdc.utilities.runtestcaseforKatalon.RunKatalon("TC01_Canine_Filter_NeutStatus-Yes.xlsx"): Data loaded from input file for the test case. 

2021-09-02 19:20:07 - [MESSAGE][PASSED] - Test case file loaded This is the full filepath after converting to string :C:\Users\sohilz2\Commons_Automation\InputFiles\TC01_Canine_Filter_NeutStatus-Yes.xlsx

2021-09-02 19:20:07 - [MESSAGE][INFO] - Global variable set for password file is :  C:\Users\sohilz2\Commons_Automation\InputFiles\TC01_Canine_Filter_NeutStatus-Yes.xlsx

2021-09-02 19:20:11 - [MESSAGE][PASSED] - Data loaded from input file for the test case. 

2021-09-02 19:20:17 - [TEST_STEP][PASSED] - waitForElementPresent(findTestObject("Canine/NavBar/Canine_Cases_Btn"), 5): Object 'Object Repository/Canine/NavBar/Canine_Cases_Btn' is present

2021-09-02 19:20:18 - [MESSAGE][PASSED] - Object 'Object Repository/Canine/NavBar/Canine_Cases_Btn' is present

2021-09-02 19:20:18 - [TEST_STEP][PASSED] - ctdc.utilities.runtestcaseforKatalon.clickTabCanineStat("Canine/NavBar/Canine_Cases_Btn"): ctdc.utilities.runtestcaseforKatalon.clickTabCanineStat is PASSED

2021-09-02 19:20:20 - [MESSAGE][PASSED] - ctdc.utilities.runtestcaseforKatalon.clickTabCanineStat is PASSED

2021-09-02 19:20:20 - [TEST_STEP][PASSED] - waitForElementPresent(findTestObject("Canine/Filter/NeuteredStatus/NEUTEREDSTATUS_Ddn"), 5): Object 'Object Repository/Canine/Filter/NeuteredStatus/NEUTEREDSTATUS_Ddn' is present

2021-09-02 19:20:20 - [MESSAGE][PASSED] - Object 'Object Repository/Canine/Filter/NeuteredStatus/NEUTEREDSTATUS_Ddn' is present

2021-09-02 19:20:20 - [TEST_STEP][PASSED] - ctdc.utilities.runtestcaseforKatalon.clickTabCanineStat("Canine/Filter/NeuteredStatus/NEUTEREDSTATUS_Ddn"): ctdc.utilities.runtestcaseforKatalon.clickTabCanineStat is PASSED

2021-09-02 19:20:22 - [MESSAGE][PASSED] - ctdc.utilities.runtestcaseforKatalon.clickTabCanineStat is PASSED

2021-09-02 19:20:22 - [TEST_STEP][PASSED] - ctdc.utilities.runtestcaseforKatalon.clickTabCanineStat("Object Repository/Canine/Filter/NeuteredStatus/Yes_Chkbx"): ctdc.utilities.runtestcaseforKatalon.clickTabCanineStat is PASSED

2021-09-02 19:20:24 - [MESSAGE][PASSED] - ctdc.utilities.runtestcaseforKatalon.clickTabCanineStat is PASSED

2021-09-02 19:20:24 - [TEST_STEP][PASSED] - ctdc.utilities.runtestcaseforKatalon.readStatBarCanine("Object Repository/Canine/StatBar/Canine_StatBar-Studies", "Object Repository/Canine/StatBar/Canine_StatBar-Cases", "Object Repository/Canine/StatBar/Canine_StatBar-Samples", "Object Repository/Canine/StatBar/Canine_StatBar-Files", "Object Repository/Canine/StatBar/Canine_StatBar-Aliquots"): ctdc.utilities.runtestcaseforKatalon.readStatBarCanine is PASSED

2021-09-02 19:20:39 - [MESSAGE][PASSED] - ctdc.utilities.runtestcaseforKatalon.readStatBarCanine is PASSED

2021-09-02 19:20:39 - [TEST_STEP][PASSED] - waitForElementPresent(findTestObject("Object Repository/Canine/CanineResults_Cases_Tab"), 5): Object 'Object Repository/Canine/CanineResults_Cases_Tab' is present

2021-09-02 19:20:39 - [MESSAGE][PASSED] - Object 'Object Repository/Canine/CanineResults_Cases_Tab' is present

2021-09-02 19:20:39 - [TEST_STEP][PASSED] - click(findTestObject("Object Repository/Canine/CanineResults_Cases_Tab")): Object: 'Object Repository/Canine/CanineResults_Cases_Tab' is clicked on

2021-09-02 19:20:40 - [MESSAGE][PASSED] - Object: 'Object Repository/Canine/CanineResults_Cases_Tab' is clicked on

2021-09-02 19:20:40 - [TEST_STEP][PASSED] - ctdc.utilities.runtestcaseforKatalon.multiFunction("ICDC", G_StatBar_Cases, "Object Repository/Canine/Canine_CasesTable", "Object Repository/Canine/Canine_TableHeader", "Object Repository/Canine/Canine_CasesTabNextBtn", G_WebTabnameCases, G_CypherTabnameCases, G_QueryCasesTab): Statbar Arms count matches

2021-09-02 19:28:53 - [MESSAGE][PASSED] - Statbar Files count matches

2021-09-02 19:28:53 - [MESSAGE][PASSED] - Statbar Samples count matches

2021-09-02 19:28:53 - [MESSAGE][PASSED] - Statbar Cases count matches

2021-09-02 19:28:53 - [MESSAGE][PASSED] - Statbar Arms count matches

2021-09-02 19:28:53 - [TEST_STEP][PASSED] - ctdc.utilities.runtestcaseforKatalon.clickTab("Object Repository/Canine/CanineResults_Samples_Tab"): ctdc.utilities.runtestcaseforKatalon.clickTab is PASSED

2021-09-02 19:28:53 - [MESSAGE][PASSED] - ctdc.utilities.runtestcaseforKatalon.clickTab is PASSED

2021-09-02 19:28:53 - [TEST_STEP][PASSED] - ctdc.utilities.runtestcaseforKatalon.multiFunction("ICDC", G_StatBar_Samples, "Object Repository/Canine/Canine_Samples_Table", "Object Repository/Canine/Canine_Samples_TableHdr", "Object Repository/Canine/Canine_SamplesTabNextBtn", G_WebTabnameSamples, G_CypherTabnameSamples, G_QuerySamplesTab): Statbar Arms count matches

2021-09-02 19:46:44 - [MESSAGE][PASSED] - Statbar Files count matches

2021-09-02 19:46:44 - [MESSAGE][PASSED] - Statbar Samples count matches

2021-09-02 19:46:44 - [MESSAGE][PASSED] - Statbar Cases count matches

2021-09-02 19:46:44 - [MESSAGE][PASSED] - Statbar Arms count matches

2021-09-02 19:46:44 - [TEST_STEP][PASSED] - ctdc.utilities.runtestcaseforKatalon.clickTab("Object Repository/Canine/CanineResults_Files_Tab"): ctdc.utilities.runtestcaseforKatalon.clickTab is PASSED

2021-09-02 19:46:44 - [MESSAGE][PASSED] - ctdc.utilities.runtestcaseforKatalon.clickTab is PASSED

2021-09-02 19:46:44 - [TEST_STEP][PASSED] - ctdc.utilities.runtestcaseforKatalon.multiFunction("ICDC", G_StatBar_Files, "Object Repository/Canine/Canine_Files_Table", "Object Repository/Canine/Canine_Files_TableHdr", "Object Repository/Canine/Canine_FilesTabNextBtn", G_WebTabnameFiles, G_CypherTabnameFiles, G_QueryFilesTab): Statbar Arms count matches

2021-09-02 20:12:23 - [MESSAGE][PASSED] - Statbar Files count matches

2021-09-02 20:12:23 - [MESSAGE][PASSED] - Statbar Samples count matches

2021-09-02 20:12:23 - [MESSAGE][PASSED] - Statbar Cases count matches

2021-09-02 20:12:23 - [MESSAGE][PASSED] - Statbar Arms count matches]]></system-out>
         <system-err><![CDATA[]]></system-err>
      </testcase>
      <testcase name="Test Cases/Canine_TestCases/PrimDiseaseSite/TC01_Canine_Filter_PrimDisSite-Bone" time="178.149" classname="Test Cases/Canine_TestCases/PrimDiseaseSite/TC01_Canine_Filter_PrimDisSite-Bone" status="PASSED">
         <system-out><![CDATA[2021-09-02 20:12:23 - [TEST_CASE][PASSED] - Test Cases/Canine_TestCases/PrimDiseaseSite/TC01_Canine_Filter_PrimDisSite-Bone: Test Cases/Canine_TestCases/PrimDiseaseSite/TC01_Canine_Filter_PrimDisSite-Bone

2021-09-02 20:12:23 - [TEST_STEP][PASSED] - Start listener action : getTestScriptName: null

2021-09-02 20:12:23 - [TEST_STEP][PASSED] - TestCaseId = testCaseContext.getTestCaseId(): null

2021-09-02 20:12:23 - [TEST_STEP][PASSED] - out.println("**********this is the value of test case id string******** " + testCaseContext.getTestCaseId()): null

2021-09-02 20:12:23 - [TEST_STEP][PASSED] - G_currentTCName = TestCaseId.substring(TestCaseId.lastIndexOf("TC")): null

2021-09-02 20:12:23 - [TEST_STEP][PASSED] - out.println("This is the test case name : " + G_currentTCName): null

2021-09-02 20:12:24 - [TEST_STEP][PASSED] - closeBrowser(): Browser is closed

2021-09-02 20:12:25 - [MESSAGE][PASSED] - Browser is closed

2021-09-02 20:12:25 - [TEST_STEP][PASSED] - ctdc.utilities.runtestcaseforKatalon.RunKatalon("TC01_Canine_Filter_PrimDisSite-Bone.xlsx"): Data loaded from input file for the test case. 

2021-09-02 20:12:25 - [MESSAGE][PASSED] - Test case file loaded This is the full filepath after converting to string :C:\Users\sohilz2\Commons_Automation\InputFiles\TC01_Canine_Filter_PrimDisSite-Bone.xlsx

2021-09-02 20:12:25 - [MESSAGE][INFO] - Global variable set for password file is :  C:\Users\sohilz2\Commons_Automation\InputFiles\TC01_Canine_Filter_PrimDisSite-Bone.xlsx

2021-09-02 20:12:29 - [MESSAGE][PASSED] - Data loaded from input file for the test case. 

2021-09-02 20:12:38 - [TEST_STEP][PASSED] - waitForElementPresent(findTestObject("Canine/NavBar/Canine_Cases_Btn"), 5): Object 'Object Repository/Canine/NavBar/Canine_Cases_Btn' is present

2021-09-02 20:12:38 - [MESSAGE][PASSED] - Object 'Object Repository/Canine/NavBar/Canine_Cases_Btn' is present

2021-09-02 20:12:38 - [TEST_STEP][PASSED] - ctdc.utilities.runtestcaseforKatalon.clickTab("Canine/NavBar/Canine_Cases_Btn"): ctdc.utilities.runtestcaseforKatalon.clickTab is PASSED

2021-09-02 20:12:38 - [MESSAGE][PASSED] - ctdc.utilities.runtestcaseforKatalon.clickTab is PASSED

2021-09-02 20:12:38 - [TEST_STEP][PASSED] - click(findTestObject("Bento/Cases_page/Filter/FilterByCases_Facet")): Object: 'Object Repository/Bento/Cases_page/Filter/FilterByCases_Facet' is clicked on

2021-09-02 20:12:40 - [MESSAGE][PASSED] - Object: 'Object Repository/Bento/Cases_page/Filter/FilterByCases_Facet' is clicked on

2021-09-02 20:12:40 - [TEST_STEP][PASSED] - waitForElementPresent(findTestObject("Canine/Filter/PrimDiseaseSite/PRIMARYDISEASESITE_Ddn"), 5): Object 'Object Repository/Canine/Filter/PrimDiseaseSite/PRIMARYDISEASESITE_Ddn' is present

2021-09-02 20:12:40 - [MESSAGE][PASSED] - Object 'Object Repository/Canine/Filter/PrimDiseaseSite/PRIMARYDISEASESITE_Ddn' is present

2021-09-02 20:12:40 - [TEST_STEP][PASSED] - ctdc.utilities.runtestcaseforKatalon.clickTabCanineStat("Canine/Filter/PrimDiseaseSite/PRIMARYDISEASESITE_Ddn"): ctdc.utilities.runtestcaseforKatalon.clickTabCanineStat is PASSED

2021-09-02 20:12:42 - [MESSAGE][PASSED] - ctdc.utilities.runtestcaseforKatalon.clickTabCanineStat is PASSED

2021-09-02 20:12:42 - [TEST_STEP][PASSED] - ctdc.utilities.runtestcaseforKatalon.clickTabCanineStat("Canine/Filter/PrimDiseaseSite/Bone_Chkbx"): ctdc.utilities.runtestcaseforKatalon.clickTabCanineStat is PASSED

2021-09-02 20:12:44 - [MESSAGE][PASSED] - ctdc.utilities.runtestcaseforKatalon.clickTabCanineStat is PASSED

2021-09-02 20:12:44 - [TEST_STEP][PASSED] - ctdc.utilities.runtestcaseforKatalon.readStatBarCanine("Object Repository/Canine/StatBar/Canine_StatBar-Studies", "Object Repository/Canine/StatBar/Canine_StatBar-Cases", "Object Repository/Canine/StatBar/Canine_StatBar-Samples", "Object Repository/Canine/StatBar/Canine_StatBar-Files", "Object Repository/Canine/StatBar/Canine_StatBar-Aliquots"): ctdc.utilities.runtestcaseforKatalon.readStatBarCanine is PASSED

2021-09-02 20:12:59 - [MESSAGE][PASSED] - ctdc.utilities.runtestcaseforKatalon.readStatBarCanine is PASSED

2021-09-02 20:12:59 - [TEST_STEP][PASSED] - waitForElementPresent(findTestObject("Object Repository/Canine/CanineResults_Cases_Tab"), 5): Object 'Object Repository/Canine/CanineResults_Cases_Tab' is present

2021-09-02 20:12:59 - [MESSAGE][PASSED] - Object 'Object Repository/Canine/CanineResults_Cases_Tab' is present

2021-09-02 20:12:59 - [TEST_STEP][PASSED] - ctdc.utilities.runtestcaseforKatalon.clickTab("Object Repository/Canine/CanineResults_Cases_Tab"): ctdc.utilities.runtestcaseforKatalon.clickTab is PASSED

2021-09-02 20:12:59 - [MESSAGE][PASSED] - ctdc.utilities.runtestcaseforKatalon.clickTab is PASSED

2021-09-02 20:12:59 - [TEST_STEP][PASSED] - ctdc.utilities.runtestcaseforKatalon.multiFunction("ICDC", G_StatBar_Cases, "Object Repository/Canine/Canine_CasesTable", "Object Repository/Canine/Canine_TableHeader", "Object Repository/Canine/Canine_CasesTabNextBtn", G_WebTabnameCases, G_CypherTabnameCases, G_QueryCasesTab): Statbar Arms count matches

2021-09-02 20:13:28 - [MESSAGE][PASSED] - Statbar Files count matches

2021-09-02 20:13:28 - [MESSAGE][PASSED] - Statbar Samples count matches

2021-09-02 20:13:28 - [MESSAGE][PASSED] - Statbar Cases count matches

2021-09-02 20:13:28 - [MESSAGE][PASSED] - Statbar Arms count matches

2021-09-02 20:13:28 - [TEST_STEP][PASSED] - waitForElementPresent(findTestObject("Object Repository/Canine/CanineResults_Samples_Tab"), 5): Object 'Object Repository/Canine/CanineResults_Samples_Tab' is present

2021-09-02 20:13:28 - [MESSAGE][PASSED] - Object 'Object Repository/Canine/CanineResults_Samples_Tab' is present

2021-09-02 20:13:28 - [TEST_STEP][PASSED] - ctdc.utilities.runtestcaseforKatalon.clickTab("Object Repository/Canine/CanineResults_Samples_Tab"): ctdc.utilities.runtestcaseforKatalon.clickTab is PASSED

2021-09-02 20:13:29 - [MESSAGE][PASSED] - ctdc.utilities.runtestcaseforKatalon.clickTab is PASSED

2021-09-02 20:13:29 - [TEST_STEP][PASSED] - ctdc.utilities.runtestcaseforKatalon.multiFunction("ICDC", G_StatBar_Samples, "Object Repository/Canine/Canine_Samples_Table", "Object Repository/Canine/Canine_Samples_TableHdr", "Object Repository/Canine/Canine_SamplesTabNextBtn", G_WebTabnameSamples, G_CypherTabnameSamples, G_QuerySamplesTab): Statbar Arms count matches

2021-09-02 20:14:15 - [MESSAGE][PASSED] - Statbar Files count matches

2021-09-02 20:14:15 - [MESSAGE][PASSED] - Statbar Samples count matches

2021-09-02 20:14:15 - [MESSAGE][PASSED] - Statbar Cases count matches

2021-09-02 20:14:15 - [MESSAGE][PASSED] - Statbar Arms count matches

2021-09-02 20:14:15 - [TEST_STEP][PASSED] - waitForElementPresent(findTestObject("Object Repository/Canine/CanineResults_Files_Tab"), 5): Object 'Object Repository/Canine/CanineResults_Files_Tab' is present

2021-09-02 20:14:15 - [MESSAGE][PASSED] - Object 'Object Repository/Canine/CanineResults_Files_Tab' is present

2021-09-02 20:14:15 - [TEST_STEP][PASSED] - ctdc.utilities.runtestcaseforKatalon.clickTab("Object Repository/Canine/CanineResults_Files_Tab"): ctdc.utilities.runtestcaseforKatalon.clickTab is PASSED

2021-09-02 20:14:15 - [MESSAGE][PASSED] - ctdc.utilities.runtestcaseforKatalon.clickTab is PASSED

2021-09-02 20:14:15 - [TEST_STEP][PASSED] - ctdc.utilities.runtestcaseforKatalon.multiFunction("ICDC", G_StatBar_Files, "Object Repository/Canine/Canine_Files_Table", "Object Repository/Canine/Canine_Files_TableHdr", "Object Repository/Canine/Canine_FilesTabNextBtn", G_WebTabnameFiles, G_CypherTabnameFiles, G_QueryFilesTab): Statbar Arms count matches

2021-09-02 20:15:21 - [MESSAGE][PASSED] - Statbar Files count matches

2021-09-02 20:15:21 - [MESSAGE][PASSED] - Statbar Samples count matches

2021-09-02 20:15:21 - [MESSAGE][PASSED] - Statbar Cases count matches

2021-09-02 20:15:21 - [MESSAGE][PASSED] - Statbar Arms count matches

2021-09-02 20:15:21 - [TEST_STEP][PASSED] - closeBrowser(): Browser is closed

2021-09-02 20:15:21 - [MESSAGE][PASSED] - Browser is closed]]></system-out>
         <system-err><![CDATA[]]></system-err>
      </testcase>
      <testcase name="Test Cases/Canine_TestCases/PrimDiseaseSite/TC02_Canine_Filter_PrimDisSite-Brain" time="155.393" classname="Test Cases/Canine_TestCases/PrimDiseaseSite/TC02_Canine_Filter_PrimDisSite-Brain" status="PASSED">
         <system-out><![CDATA[2021-09-02 20:15:21 - [TEST_CASE][PASSED] - Test Cases/Canine_TestCases/PrimDiseaseSite/TC02_Canine_Filter_PrimDisSite-Brain: Test Cases/Canine_TestCases/PrimDiseaseSite/TC02_Canine_Filter_PrimDisSite-Brain

2021-09-02 20:15:21 - [TEST_STEP][PASSED] - Start listener action : getTestScriptName: null

2021-09-02 20:15:21 - [TEST_STEP][PASSED] - TestCaseId = testCaseContext.getTestCaseId(): null

2021-09-02 20:15:21 - [TEST_STEP][PASSED] - out.println("**********this is the value of test case id string******** " + testCaseContext.getTestCaseId()): null

2021-09-02 20:15:21 - [TEST_STEP][PASSED] - G_currentTCName = TestCaseId.substring(TestCaseId.lastIndexOf("TC")): null

2021-09-02 20:15:21 - [TEST_STEP][PASSED] - out.println("This is the test case name : " + G_currentTCName): null

2021-09-02 20:15:22 - [TEST_STEP][PASSED] - closeBrowser(): Browser is closed

2021-09-02 20:15:22 - [MESSAGE][PASSED] - Browser is closed

2021-09-02 20:15:22 - [TEST_STEP][PASSED] - ctdc.utilities.runtestcaseforKatalon.RunKatalon("TC02_Canine_Filter_PrimDisSite-Brain.xlsx"): Data loaded from input file for the test case. 

2021-09-02 20:15:22 - [MESSAGE][PASSED] - Test case file loaded This is the full filepath after converting to string :C:\Users\sohilz2\Commons_Automation\InputFiles\TC02_Canine_Filter_PrimDisSite-Brain.xlsx

2021-09-02 20:15:22 - [MESSAGE][INFO] - Global variable set for password file is :  C:\Users\sohilz2\Commons_Automation\InputFiles\TC02_Canine_Filter_PrimDisSite-Brain.xlsx

2021-09-02 20:15:26 - [MESSAGE][PASSED] - Data loaded from input file for the test case. 

2021-09-02 20:15:33 - [TEST_STEP][PASSED] - waitForElementPresent(findTestObject("Canine/NavBar/Canine_Cases_Btn"), 5): Object 'Object Repository/Canine/NavBar/Canine_Cases_Btn' is present

2021-09-02 20:15:33 - [MESSAGE][PASSED] - Object 'Object Repository/Canine/NavBar/Canine_Cases_Btn' is present

2021-09-02 20:15:33 - [TEST_STEP][PASSED] - ctdc.utilities.runtestcaseforKatalon.clickTab("Canine/NavBar/Canine_Cases_Btn"): ctdc.utilities.runtestcaseforKatalon.clickTab is PASSED

2021-09-02 20:15:33 - [MESSAGE][PASSED] - ctdc.utilities.runtestcaseforKatalon.clickTab is PASSED

2021-09-02 20:15:33 - [TEST_STEP][PASSED] - click(findTestObject("Bento/Cases_page/Filter/FilterByCases_Facet")): Object: 'Object Repository/Bento/Cases_page/Filter/FilterByCases_Facet' is clicked on

2021-09-02 20:15:35 - [MESSAGE][PASSED] - Object: 'Object Repository/Bento/Cases_page/Filter/FilterByCases_Facet' is clicked on

2021-09-02 20:15:35 - [TEST_STEP][PASSED] - waitForElementPresent(findTestObject("Canine/Filter/PrimDiseaseSite/PRIMARYDISEASESITE_Ddn"), 5): Object 'Object Repository/Canine/Filter/PrimDiseaseSite/PRIMARYDISEASESITE_Ddn' is present

2021-09-02 20:15:35 - [MESSAGE][PASSED] - Object 'Object Repository/Canine/Filter/PrimDiseaseSite/PRIMARYDISEASESITE_Ddn' is present

2021-09-02 20:15:35 - [TEST_STEP][PASSED] - ctdc.utilities.runtestcaseforKatalon.clickTabCanineStat("Canine/Filter/PrimDiseaseSite/PRIMARYDISEASESITE_Ddn"): ctdc.utilities.runtestcaseforKatalon.clickTabCanineStat is PASSED

2021-09-02 20:15:37 - [MESSAGE][PASSED] - ctdc.utilities.runtestcaseforKatalon.clickTabCanineStat is PASSED

2021-09-02 20:15:37 - [TEST_STEP][PASSED] - ctdc.utilities.runtestcaseforKatalon.clickTabCanineStat("Canine/Filter/PrimDiseaseSite/Brain_Chkbx"): ctdc.utilities.runtestcaseforKatalon.clickTabCanineStat is PASSED

2021-09-02 20:15:39 - [MESSAGE][PASSED] - ctdc.utilities.runtestcaseforKatalon.clickTabCanineStat is PASSED

2021-09-02 20:15:39 - [TEST_STEP][PASSED] - ctdc.utilities.runtestcaseforKatalon.readStatBarCanine("Object Repository/Canine/StatBar/Canine_StatBar-Studies", "Object Repository/Canine/StatBar/Canine_StatBar-Cases", "Object Repository/Canine/StatBar/Canine_StatBar-Samples", "Object Repository/Canine/StatBar/Canine_StatBar-Files", "Object Repository/Canine/StatBar/Canine_StatBar-Aliquots"): ctdc.utilities.runtestcaseforKatalon.readStatBarCanine is PASSED

2021-09-02 20:15:55 - [MESSAGE][PASSED] - ctdc.utilities.runtestcaseforKatalon.readStatBarCanine is PASSED

2021-09-02 20:15:55 - [TEST_STEP][PASSED] - waitForElementPresent(findTestObject("Object Repository/Canine/CanineResults_Cases_Tab"), 5): Object 'Object Repository/Canine/CanineResults_Cases_Tab' is present

2021-09-02 20:15:55 - [MESSAGE][PASSED] - Object 'Object Repository/Canine/CanineResults_Cases_Tab' is present

2021-09-02 20:15:55 - [TEST_STEP][PASSED] - ctdc.utilities.runtestcaseforKatalon.clickTab("Object Repository/Canine/CanineResults_Cases_Tab"): ctdc.utilities.runtestcaseforKatalon.clickTab is PASSED

2021-09-02 20:15:55 - [MESSAGE][PASSED] - ctdc.utilities.runtestcaseforKatalon.clickTab is PASSED

2021-09-02 20:15:55 - [TEST_STEP][PASSED] - ctdc.utilities.runtestcaseforKatalon.multiFunction("ICDC", G_StatBar_Cases, "Object Repository/Canine/Canine_CasesTable", "Object Repository/Canine/Canine_TableHeader", "Object Repository/Canine/Canine_CasesTabNextBtn", G_WebTabnameCases, G_CypherTabnameCases, G_QueryCasesTab): Statbar Arms count matches

2021-09-02 20:17:56 - [MESSAGE][PASSED] - Statbar Files count matches

2021-09-02 20:17:56 - [MESSAGE][PASSED] - Statbar Samples count matches

2021-09-02 20:17:56 - [MESSAGE][PASSED] - Statbar Cases count matches

2021-09-02 20:17:56 - [MESSAGE][PASSED] - Statbar Arms count matches

2021-09-02 20:17:56 - [TEST_STEP][PASSED] - closeBrowser(): Browser is closed

2021-09-02 20:17:57 - [MESSAGE][PASSED] - Browser is closed]]></system-out>
         <system-err><![CDATA[]]></system-err>
      </testcase>
      <testcase name="Test Cases/Canine_TestCases/SamplePathology/TC01_Canine_Filter_SamplePatho-Astrocytoma" time="207.542" classname="Test Cases/Canine_TestCases/SamplePathology/TC01_Canine_Filter_SamplePatho-Astrocytoma" status="PASSED">
         <system-out><![CDATA[2021-09-02 20:17:57 - [TEST_CASE][PASSED] - Test Cases/Canine_TestCases/SamplePathology/TC01_Canine_Filter_SamplePatho-Astrocytoma: Test Cases/Canine_TestCases/SamplePathology/TC01_Canine_Filter_SamplePatho-Astrocytoma

2021-09-02 20:17:57 - [TEST_STEP][PASSED] - Start listener action : getTestScriptName: null

2021-09-02 20:17:57 - [TEST_STEP][PASSED] - TestCaseId = testCaseContext.getTestCaseId(): null

2021-09-02 20:17:57 - [TEST_STEP][PASSED] - out.println("**********this is the value of test case id string******** " + testCaseContext.getTestCaseId()): null

2021-09-02 20:17:57 - [TEST_STEP][PASSED] - G_currentTCName = TestCaseId.substring(TestCaseId.lastIndexOf("TC")): null

2021-09-02 20:17:57 - [TEST_STEP][PASSED] - out.println("This is the test case name : " + G_currentTCName): null

2021-09-02 20:17:57 - [TEST_STEP][PASSED] - closeBrowser(): Browser is closed

2021-09-02 20:17:57 - [MESSAGE][PASSED] - Browser is closed

2021-09-02 20:17:57 - [TEST_STEP][PASSED] - ctdc.utilities.runtestcaseforKatalon.RunKatalon("TC01_Canine_Filter_SamplePatho-Astrocytoma.xlsx"): Data loaded from input file for the test case. 

2021-09-02 20:17:57 - [MESSAGE][PASSED] - Test case file loaded This is the full filepath after converting to string :C:\Users\sohilz2\Commons_Automation\InputFiles\TC01_Canine_Filter_SamplePatho-Astrocytoma.xlsx

2021-09-02 20:17:57 - [MESSAGE][INFO] - Global variable set for password file is :  C:\Users\sohilz2\Commons_Automation\InputFiles\TC01_Canine_Filter_SamplePatho-Astrocytoma.xlsx

2021-09-02 20:18:01 - [MESSAGE][PASSED] - Data loaded from input file for the test case. 

2021-09-02 20:18:09 - [TEST_STEP][PASSED] - waitForElementPresent(findTestObject("Canine/NavBar/Canine_Cases_Btn"), 5): Object 'Object Repository/Canine/NavBar/Canine_Cases_Btn' is present

2021-09-02 20:18:09 - [MESSAGE][PASSED] - Object 'Object Repository/Canine/NavBar/Canine_Cases_Btn' is present

2021-09-02 20:18:09 - [TEST_STEP][PASSED] - click(findTestObject("Canine/NavBar/Canine_Cases_Btn")): Object: 'Object Repository/Canine/NavBar/Canine_Cases_Btn' is clicked on

2021-09-02 20:18:09 - [MESSAGE][PASSED] - Object: 'Object Repository/Canine/NavBar/Canine_Cases_Btn' is clicked on

2021-09-02 20:18:09 - [TEST_STEP][PASSED] - click(findTestObject("Bento/Cases_page/Filter/FilterBySamples_Facet")): Object: 'Object Repository/Bento/Cases_page/Filter/FilterBySamples_Facet' is clicked on

2021-09-02 20:18:11 - [MESSAGE][PASSED] - Object: 'Object Repository/Bento/Cases_page/Filter/FilterBySamples_Facet' is clicked on

2021-09-02 20:18:11 - [TEST_STEP][PASSED] - waitForElementPresent(findTestObject("Object Repository/Canine/Filter/SamplePathology/SAMPLEPATHOLOGY_Ddn"), 5): Object 'Object Repository/Canine/Filter/SamplePathology/SAMPLEPATHOLOGY_Ddn' is present

2021-09-02 20:18:11 - [MESSAGE][PASSED] - Object 'Object Repository/Canine/Filter/SamplePathology/SAMPLEPATHOLOGY_Ddn' is present

2021-09-02 20:18:11 - [TEST_STEP][PASSED] - ctdc.utilities.runtestcaseforKatalon.clickTab("Object Repository/Canine/Filter/SamplePathology/SAMPLEPATHOLOGY_Ddn"): ctdc.utilities.runtestcaseforKatalon.clickTab is PASSED

2021-09-02 20:18:12 - [MESSAGE][PASSED] - ctdc.utilities.runtestcaseforKatalon.clickTab is PASSED

2021-09-02 20:18:12 - [TEST_STEP][PASSED] - ctdc.utilities.runtestcaseforKatalon.clickTabCanineStat("Object Repository/Canine/Filter/SamplePathology/Astrocytoma_Chkbx"): ctdc.utilities.runtestcaseforKatalon.clickTabCanineStat is PASSED

2021-09-02 20:18:14 - [MESSAGE][PASSED] - ctdc.utilities.runtestcaseforKatalon.clickTabCanineStat is PASSED

2021-09-02 20:18:14 - [TEST_STEP][PASSED] - ctdc.utilities.runtestcaseforKatalon.readStatBarCanine("Object Repository/Canine/StatBar/Canine_StatBar-Studies", "Object Repository/Canine/StatBar/Canine_StatBar-Cases", "Object Repository/Canine/StatBar/Canine_StatBar-Samples", "Object Repository/Canine/StatBar/Canine_StatBar-Files", "Object Repository/Canine/StatBar/Canine_StatBar-Aliquots"): ctdc.utilities.runtestcaseforKatalon.readStatBarCanine is PASSED

2021-09-02 20:18:29 - [MESSAGE][PASSED] - ctdc.utilities.runtestcaseforKatalon.readStatBarCanine is PASSED

2021-09-02 20:18:29 - [TEST_STEP][PASSED] - waitForElementPresent(findTestObject("Object Repository/Canine/CanineResults_Cases_Tab"), 5): Object 'Object Repository/Canine/CanineResults_Cases_Tab' is present

2021-09-02 20:18:29 - [MESSAGE][PASSED] - Object 'Object Repository/Canine/CanineResults_Cases_Tab' is present

2021-09-02 20:18:30 - [TEST_STEP][PASSED] - ctdc.utilities.runtestcaseforKatalon.clickTab("Object Repository/Canine/CanineResults_Cases_Tab"): ctdc.utilities.runtestcaseforKatalon.clickTab is PASSED

2021-09-02 20:18:30 - [MESSAGE][PASSED] - ctdc.utilities.runtestcaseforKatalon.clickTab is PASSED

2021-09-02 20:18:30 - [TEST_STEP][PASSED] - ctdc.utilities.runtestcaseforKatalon.multiFunction("ICDC", G_StatBar_Cases, "Object Repository/Canine/Canine_CasesTable", "Object Repository/Canine/Canine_TableHeader", "Object Repository/Canine/Canine_CasesTabNextBtn", G_WebTabnameCases, G_CypherTabnameCases, G_QueryCasesTab): Statbar Arms count matches

2021-09-02 20:19:17 - [MESSAGE][PASSED] - Statbar Files count matches

2021-09-02 20:19:17 - [MESSAGE][PASSED] - Statbar Samples count matches

2021-09-02 20:19:17 - [MESSAGE][PASSED] - Statbar Cases count matches

2021-09-02 20:19:17 - [MESSAGE][PASSED] - Statbar Arms count matches

2021-09-02 20:19:17 - [TEST_STEP][PASSED] - waitForElementPresent(findTestObject("Object Repository/Canine/CanineResults_Samples_Tab"), 5): Object 'Object Repository/Canine/CanineResults_Samples_Tab' is present

2021-09-02 20:19:17 - [MESSAGE][PASSED] - Object 'Object Repository/Canine/CanineResults_Samples_Tab' is present

2021-09-02 20:19:17 - [TEST_STEP][PASSED] - ctdc.utilities.runtestcaseforKatalon.clickTab("Object Repository/Canine/CanineResults_Samples_Tab"): ctdc.utilities.runtestcaseforKatalon.clickTab is PASSED

2021-09-02 20:19:17 - [MESSAGE][PASSED] - ctdc.utilities.runtestcaseforKatalon.clickTab is PASSED

2021-09-02 20:19:17 - [TEST_STEP][PASSED] - ctdc.utilities.runtestcaseforKatalon.multiFunction("ICDC", G_StatBar_Samples, "Object Repository/Canine/Canine_Samples_Table", "Object Repository/Canine/Canine_Samples_TableHdr", "Object Repository/Canine/Canine_SamplesTabNextBtn", G_WebTabnameSamples, G_CypherTabnameSamples, G_QuerySamplesTab): Statbar Arms count matches

2021-09-02 20:21:24 - [MESSAGE][PASSED] - Statbar Files count matches

2021-09-02 20:21:24 - [MESSAGE][PASSED] - Statbar Samples count matches

2021-09-02 20:21:24 - [MESSAGE][PASSED] - Statbar Cases count matches

2021-09-02 20:21:24 - [MESSAGE][PASSED] - Statbar Arms count matches

2021-09-02 20:21:24 - [TEST_STEP][PASSED] - closeBrowser(): Browser is closed

2021-09-02 20:21:24 - [MESSAGE][PASSED] - Browser is closed]]></system-out>
         <system-err><![CDATA[]]></system-err>
      </testcase>
      <testcase name="Test Cases/Canine_TestCases/Sex/TC01_Canine_Filter_Sex-Male" time="1726.564" classname="Test Cases/Canine_TestCases/Sex/TC01_Canine_Filter_Sex-Male" status="PASSED">
         <system-out><![CDATA[2021-09-02 20:21:24 - [TEST_CASE][PASSED] - Test Cases/Canine_TestCases/Sex/TC01_Canine_Filter_Sex-Male: Test Cases/Canine_TestCases/Sex/TC01_Canine_Filter_Sex-Male

2021-09-02 20:21:24 - [TEST_STEP][PASSED] - Start listener action : getTestScriptName: null

2021-09-02 20:21:24 - [TEST_STEP][PASSED] - TestCaseId = testCaseContext.getTestCaseId(): null

2021-09-02 20:21:24 - [TEST_STEP][PASSED] - out.println("**********this is the value of test case id string******** " + testCaseContext.getTestCaseId()): null

2021-09-02 20:21:24 - [TEST_STEP][PASSED] - G_currentTCName = TestCaseId.substring(TestCaseId.lastIndexOf("TC")): null

2021-09-02 20:21:24 - [TEST_STEP][PASSED] - out.println("This is the test case name : " + G_currentTCName): null

2021-09-02 20:21:25 - [TEST_STEP][PASSED] - closeBrowser(): Browser is closed

2021-09-02 20:21:25 - [MESSAGE][PASSED] - Browser is closed

2021-09-02 20:21:25 - [TEST_STEP][PASSED] - ctdc.utilities.runtestcaseforKatalon.RunKatalon("TC01_Canine_Filter_Sex-Male.xlsx"): Data loaded from input file for the test case. 

2021-09-02 20:21:25 - [MESSAGE][PASSED] - Test case file loaded This is the full filepath after converting to string :C:\Users\sohilz2\Commons_Automation\InputFiles\TC01_Canine_Filter_Sex-Male.xlsx

2021-09-02 20:21:25 - [MESSAGE][INFO] - Global variable set for password file is :  C:\Users\sohilz2\Commons_Automation\InputFiles\TC01_Canine_Filter_Sex-Male.xlsx

2021-09-02 20:21:29 - [MESSAGE][PASSED] - Data loaded from input file for the test case. 

2021-09-02 20:21:36 - [TEST_STEP][PASSED] - click(findTestObject("Canine/NavBar/Canine_Cases_Btn")): Object: 'Object Repository/Canine/NavBar/Canine_Cases_Btn' is clicked on

2021-09-02 20:21:36 - [MESSAGE][PASSED] - Object: 'Object Repository/Canine/NavBar/Canine_Cases_Btn' is clicked on

2021-09-02 20:21:36 - [TEST_STEP][PASSED] - waitForElementPresent(findTestObject("Canine/Filter/Sex/SEX_Ddn"), 5): Object 'Object Repository/Canine/Filter/Sex/SEX_Ddn' is present

2021-09-02 20:21:37 - [MESSAGE][PASSED] - Object 'Object Repository/Canine/Filter/Sex/SEX_Ddn' is present

2021-09-02 20:21:37 - [TEST_STEP][PASSED] - ctdc.utilities.runtestcaseforKatalon.clickTabCanineStat("Canine/Filter/Sex/SEX_Ddn"): ctdc.utilities.runtestcaseforKatalon.clickTabCanineStat is PASSED

2021-09-02 20:21:39 - [MESSAGE][PASSED] - ctdc.utilities.runtestcaseforKatalon.clickTabCanineStat is PASSED

2021-09-02 20:21:39 - [TEST_STEP][PASSED] - ctdc.utilities.runtestcaseforKatalon.clickTabCanineStat("Canine/Filter/Sex/Male_Chkbx"): ctdc.utilities.runtestcaseforKatalon.clickTabCanineStat is PASSED

2021-09-02 20:21:41 - [MESSAGE][PASSED] - ctdc.utilities.runtestcaseforKatalon.clickTabCanineStat is PASSED

2021-09-02 20:21:41 - [TEST_STEP][PASSED] - ctdc.utilities.runtestcaseforKatalon.readStatBarCanine("Object Repository/Canine/StatBar/Canine_StatBar-Studies", "Object Repository/Canine/StatBar/Canine_StatBar-Cases", "Object Repository/Canine/StatBar/Canine_StatBar-Samples", "Object Repository/Canine/StatBar/Canine_StatBar-Files", "Object Repository/Canine/StatBar/Canine_StatBar-Aliquots"): ctdc.utilities.runtestcaseforKatalon.readStatBarCanine is PASSED

2021-09-02 20:21:56 - [MESSAGE][PASSED] - ctdc.utilities.runtestcaseforKatalon.readStatBarCanine is PASSED

2021-09-02 20:21:56 - [TEST_STEP][PASSED] - waitForElementPresent(findTestObject("Object Repository/Canine/CanineResults_Cases_Tab"), 5): Object 'Object Repository/Canine/CanineResults_Cases_Tab' is present

2021-09-02 20:21:56 - [MESSAGE][PASSED] - Object 'Object Repository/Canine/CanineResults_Cases_Tab' is present

2021-09-02 20:21:56 - [TEST_STEP][PASSED] - click(findTestObject("Object Repository/Canine/CanineResults_Cases_Tab")): Object: 'Object Repository/Canine/CanineResults_Cases_Tab' is clicked on

2021-09-02 20:21:56 - [MESSAGE][PASSED] - Object: 'Object Repository/Canine/CanineResults_Cases_Tab' is clicked on

2021-09-02 20:21:56 - [TEST_STEP][PASSED] - ctdc.utilities.runtestcaseforKatalon.multiFunction("ICDC", G_StatBar_Cases, "Object Repository/Canine/Canine_CasesTable", "Object Repository/Canine/Canine_TableHeader", "Object Repository/Canine/Canine_CasesTabNextBtn", G_WebTabnameCases, G_CypherTabnameCases, G_QueryCasesTab): Statbar Arms count matches

2021-09-02 20:26:21 - [MESSAGE][PASSED] - Statbar Files count matches

2021-09-02 20:26:21 - [MESSAGE][PASSED] - Statbar Samples count matches

2021-09-02 20:26:21 - [MESSAGE][PASSED] - Statbar Cases count matches

2021-09-02 20:26:21 - [MESSAGE][PASSED] - Statbar Arms count matches

2021-09-02 20:26:21 - [TEST_STEP][PASSED] - ctdc.utilities.runtestcaseforKatalon.clickTab("Object Repository/Canine/CanineResults_Samples_Tab"): ctdc.utilities.runtestcaseforKatalon.clickTab is PASSED

2021-09-02 20:26:21 - [MESSAGE][PASSED] - ctdc.utilities.runtestcaseforKatalon.clickTab is PASSED

2021-09-02 20:26:21 - [TEST_STEP][PASSED] - ctdc.utilities.runtestcaseforKatalon.multiFunction("ICDC", G_StatBar_Samples, "Object Repository/Canine/Canine_Samples_Table", "Object Repository/Canine/Canine_Samples_TableHdr", "Object Repository/Canine/Canine_SamplesTabNextBtn", G_WebTabnameSamples, G_CypherTabnameSamples, G_QuerySamplesTab): Statbar Arms count matches

2021-09-02 20:36:19 - [MESSAGE][PASSED] - Statbar Files count matches

2021-09-02 20:36:19 - [MESSAGE][PASSED] - Statbar Samples count matches

2021-09-02 20:36:19 - [MESSAGE][PASSED] - Statbar Cases count matches

2021-09-02 20:36:19 - [MESSAGE][PASSED] - Statbar Arms count matches

2021-09-02 20:36:19 - [TEST_STEP][PASSED] - ctdc.utilities.runtestcaseforKatalon.clickTab("Object Repository/Canine/CanineResults_Files_Tab"): ctdc.utilities.runtestcaseforKatalon.clickTab is PASSED

2021-09-02 20:36:19 - [MESSAGE][PASSED] - ctdc.utilities.runtestcaseforKatalon.clickTab is PASSED

2021-09-02 20:36:19 - [TEST_STEP][PASSED] - ctdc.utilities.runtestcaseforKatalon.multiFunction("ICDC", G_StatBar_Files, "Object Repository/Canine/Canine_Files_Table", "Object Repository/Canine/Canine_Files_TableHdr", "Object Repository/Canine/Canine_FilesTabNextBtn", G_WebTabnameFiles, G_CypherTabnameFiles, G_QueryFilesTab): Statbar Arms count matches

2021-09-02 20:50:10 - [MESSAGE][PASSED] - Statbar Files count matches

2021-09-02 20:50:10 - [MESSAGE][PASSED] - Statbar Samples count matches

2021-09-02 20:50:10 - [MESSAGE][PASSED] - Statbar Cases count matches

2021-09-02 20:50:10 - [MESSAGE][PASSED] - Statbar Arms count matches

2021-09-02 20:50:10 - [TEST_STEP][PASSED] - closeBrowser(): Browser is closed

2021-09-02 20:50:11 - [MESSAGE][PASSED] - Browser is closed]]></system-out>
         <system-err><![CDATA[]]></system-err>
      </testcase>
      <testcase name="Test Cases/Canine_TestCases/Study/TC01_Canine_Filter_Study-COTB" time="155.011" classname="Test Cases/Canine_TestCases/Study/TC01_Canine_Filter_Study-COTB" status="PASSED">
         <system-out><![CDATA[2021-09-02 20:50:11 - [TEST_CASE][PASSED] - Test Cases/Canine_TestCases/Study/TC01_Canine_Filter_Study-COTB: Test Cases/Canine_TestCases/Study/TC01_Canine_Filter_Study-COTB

2021-09-02 20:50:11 - [TEST_STEP][PASSED] - Start listener action : getTestScriptName: null

2021-09-02 20:50:11 - [TEST_STEP][PASSED] - TestCaseId = testCaseContext.getTestCaseId(): null

2021-09-02 20:50:11 - [TEST_STEP][PASSED] - out.println("**********this is the value of test case id string******** " + testCaseContext.getTestCaseId()): null

2021-09-02 20:50:11 - [TEST_STEP][PASSED] - G_currentTCName = TestCaseId.substring(TestCaseId.lastIndexOf("TC")): null

2021-09-02 20:50:11 - [TEST_STEP][PASSED] - out.println("This is the test case name : " + G_currentTCName): null

2021-09-02 20:50:12 - [TEST_STEP][PASSED] - closeBrowser(): Browser is closed

2021-09-02 20:50:12 - [MESSAGE][PASSED] - Browser is closed

2021-09-02 20:50:12 - [TEST_STEP][PASSED] - ctdc.utilities.runtestcaseforKatalon.RunKatalon("TC01_Canine_Filter_Study-COTB.xlsx"): Data loaded from input file for the test case. 

2021-09-02 20:50:12 - [MESSAGE][PASSED] - Test case file loaded This is the full filepath after converting to string :C:\Users\sohilz2\Commons_Automation\InputFiles\TC01_Canine_Filter_Study-COTB.xlsx

2021-09-02 20:50:12 - [MESSAGE][INFO] - Global variable set for password file is :  C:\Users\sohilz2\Commons_Automation\InputFiles\TC01_Canine_Filter_Study-COTB.xlsx

2021-09-02 20:50:16 - [MESSAGE][PASSED] - Data loaded from input file for the test case. 

2021-09-02 20:50:23 - [TEST_STEP][PASSED] - waitForElementPresent(findTestObject("Canine/NavBar/Canine_Cases_Btn"), 5): Object 'Object Repository/Canine/NavBar/Canine_Cases_Btn' is present

2021-09-02 20:50:23 - [MESSAGE][PASSED] - Object 'Object Repository/Canine/NavBar/Canine_Cases_Btn' is present

2021-09-02 20:50:23 - [TEST_STEP][PASSED] - ctdc.utilities.runtestcaseforKatalon.clickTab("Canine/NavBar/Canine_Cases_Btn"): ctdc.utilities.runtestcaseforKatalon.clickTab is PASSED

2021-09-02 20:50:23 - [MESSAGE][PASSED] - ctdc.utilities.runtestcaseforKatalon.clickTab is PASSED

2021-09-02 20:50:23 - [TEST_STEP][PASSED] - waitForElementPresent(findTestObject("Bento/Cases_page/Filter/FilterByCases_Facet"), 5): Object 'Object Repository/Bento/Cases_page/Filter/FilterByCases_Facet' is present

2021-09-02 20:50:24 - [MESSAGE][PASSED] - Object 'Object Repository/Bento/Cases_page/Filter/FilterByCases_Facet' is present

2021-09-02 20:50:24 - [TEST_STEP][PASSED] - ctdc.utilities.runtestcaseforKatalon.clickTab("Object Repository/Canine/Filter/FilterByCases_Facet"): ctdc.utilities.runtestcaseforKatalon.clickTab is PASSED

2021-09-02 20:50:25 - [MESSAGE][PASSED] - ctdc.utilities.runtestcaseforKatalon.clickTab is PASSED

2021-09-02 20:50:25 - [TEST_STEP][PASSED] - waitForElementPresent(findTestObject("Object Repository/Canine/Filter/Study/Canine_Filter_Study"), 5): Object 'Object Repository/Canine/Filter/Study/Canine_Filter_Study' is present

2021-09-02 20:50:25 - [MESSAGE][PASSED] - Object 'Object Repository/Canine/Filter/Study/Canine_Filter_Study' is present

2021-09-02 20:50:25 - [TEST_STEP][PASSED] - ctdc.utilities.runtestcaseforKatalon.clickTabCanineStat("Object Repository/Canine/Filter/Study/Canine_Filter_Study"): ctdc.utilities.runtestcaseforKatalon.clickTabCanineStat is PASSED

2021-09-02 20:50:27 - [MESSAGE][PASSED] - ctdc.utilities.runtestcaseforKatalon.clickTabCanineStat is PASSED

2021-09-02 20:50:27 - [TEST_STEP][PASSED] - ctdc.utilities.runtestcaseforKatalon.clickTabCanineStat("Object Repository/Canine/Filter/Study/Canine_Filter_Study-COTB_Chkbx"): ctdc.utilities.runtestcaseforKatalon.clickTabCanineStat is PASSED

2021-09-02 20:50:28 - [MESSAGE][PASSED] - ctdc.utilities.runtestcaseforKatalon.clickTabCanineStat is PASSED

2021-09-02 20:50:28 - [TEST_STEP][PASSED] - ctdc.utilities.runtestcaseforKatalon.readStatBarCanine("Object Repository/Canine/StatBar/Canine_StatBar-Studies", "Object Repository/Canine/StatBar/Canine_StatBar-Cases", "Object Repository/Canine/StatBar/Canine_StatBar-Samples", "Object Repository/Canine/StatBar/Canine_StatBar-Files", "Object Repository/Canine/StatBar/Canine_StatBar-Aliquots"): ctdc.utilities.runtestcaseforKatalon.readStatBarCanine is PASSED

2021-09-02 20:50:44 - [MESSAGE][PASSED] - ctdc.utilities.runtestcaseforKatalon.readStatBarCanine is PASSED

2021-09-02 20:50:44 - [TEST_STEP][PASSED] - waitForElementPresent(findTestObject("Object Repository/Canine/CanineResults_Cases_Tab"), 5): Object 'Object Repository/Canine/CanineResults_Cases_Tab' is present

2021-09-02 20:50:44 - [MESSAGE][PASSED] - Object 'Object Repository/Canine/CanineResults_Cases_Tab' is present

2021-09-02 20:50:44 - [TEST_STEP][PASSED] - ctdc.utilities.runtestcaseforKatalon.clickTab("Object Repository/Canine/CanineResults_Cases_Tab"): ctdc.utilities.runtestcaseforKatalon.clickTab is PASSED

2021-09-02 20:50:44 - [MESSAGE][PASSED] - ctdc.utilities.runtestcaseforKatalon.clickTab is PASSED

2021-09-02 20:50:44 - [TEST_STEP][PASSED] - ctdc.utilities.runtestcaseforKatalon.multiFunction("ICDC", G_StatBar_Cases, "Object Repository/Canine/Canine_CasesTable", "Object Repository/Canine/Canine_TableHeader", "Object Repository/Canine/Canine_CasesTabNextBtn", G_WebTabnameCases, G_CypherTabnameCases, G_QueryCasesTab): Statbar Arms count matches

2021-09-02 20:52:45 - [MESSAGE][PASSED] - Statbar Files count matches

2021-09-02 20:52:45 - [MESSAGE][PASSED] - Statbar Samples count matches

2021-09-02 20:52:45 - [MESSAGE][PASSED] - Statbar Cases count matches

2021-09-02 20:52:45 - [MESSAGE][PASSED] - Statbar Arms count matches

2021-09-02 20:52:45 - [TEST_STEP][PASSED] - closeBrowser(): Browser is closed

2021-09-02 20:52:46 - [MESSAGE][PASSED] - Browser is closed]]></system-out>
         <system-err><![CDATA[]]></system-err>
      </testcase>
      <testcase name="Test Cases/Canine_TestCases/StudyCombinations/Study-Combinations-UBC01/TC01_Canine_StudyUBC-Breed_Diagnosis_PrimDiseaseSite" time="69.703" classname="Test Cases/Canine_TestCases/StudyCombinations/Study-Combinations-UBC01/TC01_Canine_StudyUBC-Breed_Diagnosis_PrimDiseaseSite" status="PASSED">
         <system-out><![CDATA[2021-09-02 20:52:46 - [TEST_CASE][PASSED] - Test Cases/Canine_TestCases/StudyCombinations/Study-Combinations-UBC01/TC01_Canine_StudyUBC-Breed_Diagnosis_PrimDiseaseSite: Test Cases/Canine_TestCases/StudyCombinations/Study-Combinations-UBC01/TC01_Canine_StudyUBC-Breed_Diagnosis_PrimDiseaseSite

2021-09-02 20:52:46 - [TEST_STEP][PASSED] - Start listener action : getTestScriptName: null

2021-09-02 20:52:46 - [TEST_STEP][PASSED] - TestCaseId = testCaseContext.getTestCaseId(): null

2021-09-02 20:52:46 - [TEST_STEP][PASSED] - out.println("**********this is the value of test case id string******** " + testCaseContext.getTestCaseId()): null

2021-09-02 20:52:46 - [TEST_STEP][PASSED] - G_currentTCName = TestCaseId.substring(TestCaseId.lastIndexOf("TC")): null

2021-09-02 20:52:46 - [TEST_STEP][PASSED] - out.println("This is the test case name : " + G_currentTCName): null

2021-09-02 20:52:47 - [TEST_STEP][PASSED] - closeBrowser(): Browser is closed

2021-09-02 20:52:47 - [MESSAGE][PASSED] - Browser is closed

2021-09-02 20:52:47 - [TEST_STEP][PASSED] - "Driver opened by Katalon is used in Selenium from this step.": null

2021-09-02 20:52:47 - [TEST_STEP][PASSED] - ctdc.utilities.runtestcaseforKatalon.RunKatalon("TC01_Canine_StudyUBC-Breed_Diagnosis_PrimDiseaseSite.xlsx"): Data loaded from input file for the test case. 

2021-09-02 20:52:47 - [MESSAGE][PASSED] - Test case file loaded This is the full filepath after converting to string :C:\Users\sohilz2\Commons_Automation\InputFiles\TC01_Canine_StudyUBC-Breed_Diagnosis_PrimDiseaseSite.xlsx

2021-09-02 20:52:47 - [MESSAGE][INFO] - Global variable set for password file is :  C:\Users\sohilz2\Commons_Automation\InputFiles\TC01_Canine_StudyUBC-Breed_Diagnosis_PrimDiseaseSite.xlsx

2021-09-02 20:52:51 - [MESSAGE][PASSED] - Data loaded from input file for the test case. 

2021-09-02 20:52:59 - [TEST_STEP][PASSED] - waitForElementPresent(findTestObject("Canine/NavBar/Canine_Cases_Btn"), 20): Object 'Object Repository/Canine/NavBar/Canine_Cases_Btn' is present

2021-09-02 20:52:59 - [MESSAGE][PASSED] - Object 'Object Repository/Canine/NavBar/Canine_Cases_Btn' is present

2021-09-02 20:52:59 - [TEST_STEP][PASSED] - ctdc.utilities.runtestcaseforKatalon.clickTab("Canine/NavBar/Canine_Cases_Btn"): ctdc.utilities.runtestcaseforKatalon.clickTab is PASSED

2021-09-02 20:52:59 - [MESSAGE][PASSED] - ctdc.utilities.runtestcaseforKatalon.clickTab is PASSED

2021-09-02 20:52:59 - [TEST_STEP][PASSED] - waitForElementPresent(findTestObject("Object Repository/Canine/Filter/FilterByCases_Facet"), 20): Object 'Object Repository/Canine/Filter/FilterByCases_Facet' is present

2021-09-02 20:53:01 - [MESSAGE][PASSED] - Object 'Object Repository/Canine/Filter/FilterByCases_Facet' is present

2021-09-02 20:53:01 - [TEST_STEP][PASSED] - verifyElementPresent(findTestObject("Object Repository/Canine/Filter/FilterByCases_Facet"), 5): Object 'Object Repository/Canine/Filter/FilterByCases_Facet' is present

2021-09-02 20:53:01 - [MESSAGE][PASSED] - Object 'Object Repository/Canine/Filter/FilterByCases_Facet' is present

2021-09-02 20:53:01 - [TEST_STEP][PASSED] - ctdc.utilities.runtestcaseforKatalon.clickTab("Object Repository/Canine/Filter/FilterByCases_Facet"): ctdc.utilities.runtestcaseforKatalon.clickTab is PASSED

2021-09-02 20:53:02 - [MESSAGE][PASSED] - ctdc.utilities.runtestcaseforKatalon.clickTab is PASSED

2021-09-02 20:53:02 - [TEST_STEP][PASSED] - waitForElementPresent(findTestObject("Object Repository/Canine/Filter/Study/Canine_Filter_Study"), 30): Object 'Object Repository/Canine/Filter/Study/Canine_Filter_Study' is present

2021-09-02 20:53:02 - [MESSAGE][PASSED] - Object 'Object Repository/Canine/Filter/Study/Canine_Filter_Study' is present

2021-09-02 20:53:02 - [TEST_STEP][PASSED] - verifyElementPresent(findTestObject("Object Repository/Canine/Filter/Study/Canine_Filter_Study"), 5): Object 'Object Repository/Canine/Filter/Study/Canine_Filter_Study' is present

2021-09-02 20:53:02 - [MESSAGE][PASSED] - Object 'Object Repository/Canine/Filter/Study/Canine_Filter_Study' is present

2021-09-02 20:53:02 - [TEST_STEP][PASSED] - ctdc.utilities.runtestcaseforKatalon.clickTab("Object Repository/Canine/Filter/Study/Canine_Filter_Study"): ctdc.utilities.runtestcaseforKatalon.clickTab is PASSED

2021-09-02 20:53:02 - [MESSAGE][PASSED] - ctdc.utilities.runtestcaseforKatalon.clickTab is PASSED

2021-09-02 20:53:02 - [TEST_STEP][PASSED] - waitForElementPresent(findTestObject("Object Repository/Canine/Filter/Study/Canine_Filter_Study-UBC_Chkbx"), 30): Object 'Object Repository/Canine/Filter/Study/Canine_Filter_Study-UBC_Chkbx' is present

2021-09-02 20:53:03 - [MESSAGE][PASSED] - Object 'Object Repository/Canine/Filter/Study/Canine_Filter_Study-UBC_Chkbx' is present

2021-09-02 20:53:03 - [TEST_STEP][PASSED] - verifyElementPresent(findTestObject("Object Repository/Canine/Filter/Study/Canine_Filter_Study-UBC_Chkbx"), 5): Object 'Object Repository/Canine/Filter/Study/Canine_Filter_Study-UBC_Chkbx' is present

2021-09-02 20:53:03 - [MESSAGE][PASSED] - Object 'Object Repository/Canine/Filter/Study/Canine_Filter_Study-UBC_Chkbx' is present

2021-09-02 20:53:03 - [TEST_STEP][PASSED] - ctdc.utilities.runtestcaseforKatalon.clickTab("Object Repository/Canine/Filter/Study/Canine_Filter_Study-UBC_Chkbx"): ctdc.utilities.runtestcaseforKatalon.clickTab is PASSED

2021-09-02 20:53:03 - [MESSAGE][PASSED] - ctdc.utilities.runtestcaseforKatalon.clickTab is PASSED

2021-09-02 20:53:03 - [TEST_STEP][PASSED] - waitForElementPresent(findTestObject("Object Repository/Canine/Filter/Breed/BREED_Ddn"), 30): Object 'Object Repository/Canine/Filter/Breed/BREED_Ddn' is present

2021-09-02 20:53:03 - [MESSAGE][PASSED] - Object 'Object Repository/Canine/Filter/Breed/BREED_Ddn' is present

2021-09-02 20:53:03 - [TEST_STEP][PASSED] - verifyElementPresent(findTestObject("Object Repository/Canine/Filter/Breed/BREED_Ddn"), 5): Object 'Object Repository/Canine/Filter/Breed/BREED_Ddn' is present

2021-09-02 20:53:03 - [MESSAGE][PASSED] - Object 'Object Repository/Canine/Filter/Breed/BREED_Ddn' is present

2021-09-02 20:53:03 - [TEST_STEP][PASSED] - ctdc.utilities.runtestcaseforKatalon.clickTabCanineStat("Object Repository/Canine/Filter/Breed/BREED_Ddn"): ctdc.utilities.runtestcaseforKatalon.clickTabCanineStat is PASSED

2021-09-02 20:53:05 - [MESSAGE][PASSED] - ctdc.utilities.runtestcaseforKatalon.clickTabCanineStat is PASSED

2021-09-02 20:53:05 - [TEST_STEP][PASSED] - waitForElementPresent(findTestObject("Object Repository/Canine/Filter/Breed/Beagle_Chkbx"), 30): Object 'Object Repository/Canine/Filter/Breed/Beagle_Chkbx' is present

2021-09-02 20:53:05 - [MESSAGE][PASSED] - Object 'Object Repository/Canine/Filter/Breed/Beagle_Chkbx' is present

2021-09-02 20:53:05 - [TEST_STEP][PASSED] - verifyElementPresent(findTestObject("Object Repository/Canine/Filter/Breed/Beagle_Chkbx"), 5): Object 'Object Repository/Canine/Filter/Breed/Beagle_Chkbx' is present

2021-09-02 20:53:06 - [MESSAGE][PASSED] - Object 'Object Repository/Canine/Filter/Breed/Beagle_Chkbx' is present

2021-09-02 20:53:06 - [TEST_STEP][PASSED] - ctdc.utilities.runtestcaseforKatalon.clickTabCanineStat("Object Repository/Canine/Filter/Breed/Beagle_Chkbx"): ctdc.utilities.runtestcaseforKatalon.clickTabCanineStat is PASSED

2021-09-02 20:53:07 - [MESSAGE][PASSED] - ctdc.utilities.runtestcaseforKatalon.clickTabCanineStat is PASSED

2021-09-02 20:53:07 - [TEST_STEP][PASSED] - waitForElementPresent(findTestObject("Object Repository/Canine/Filter/Breed/Mixed_Chkbx"), 30): Object 'Object Repository/Canine/Filter/Breed/Mixed_Chkbx' is present

2021-09-02 20:53:07 - [MESSAGE][PASSED] - Object 'Object Repository/Canine/Filter/Breed/Mixed_Chkbx' is present

2021-09-02 20:53:07 - [TEST_STEP][PASSED] - verifyElementPresent(findTestObject("Object Repository/Canine/Filter/Breed/Mixed_Chkbx"), 5): Object 'Object Repository/Canine/Filter/Breed/Mixed_Chkbx' is present

2021-09-02 20:53:07 - [MESSAGE][PASSED] - Object 'Object Repository/Canine/Filter/Breed/Mixed_Chkbx' is present

2021-09-02 20:53:07 - [TEST_STEP][PASSED] - ctdc.utilities.runtestcaseforKatalon.clickTabCanineStat("Object Repository/Canine/Filter/Breed/Mixed_Chkbx"): ctdc.utilities.runtestcaseforKatalon.clickTabCanineStat is PASSED

2021-09-02 20:53:08 - [MESSAGE][PASSED] - ctdc.utilities.runtestcaseforKatalon.clickTabCanineStat is PASSED

2021-09-02 20:53:08 - [TEST_STEP][PASSED] - ctdc.utilities.runtestcaseforKatalon.clickTabCanineStat("Object Repository/Canine/Filter/Breed/BREED_Ddn"): ctdc.utilities.runtestcaseforKatalon.clickTabCanineStat is PASSED

2021-09-02 20:53:10 - [MESSAGE][PASSED] - ctdc.utilities.runtestcaseforKatalon.clickTabCanineStat is PASSED

2021-09-02 20:53:10 - [TEST_STEP][PASSED] - waitForElementPresent(findTestObject("Object Repository/Canine/Filter/Diagnosis/DIAGNOSIS_Ddn"), 30): Object 'Object Repository/Canine/Filter/Diagnosis/DIAGNOSIS_Ddn' is present

2021-09-02 20:53:10 - [MESSAGE][PASSED] - Object 'Object Repository/Canine/Filter/Diagnosis/DIAGNOSIS_Ddn' is present

2021-09-02 20:53:10 - [TEST_STEP][PASSED] - verifyElementPresent(findTestObject("Object Repository/Canine/Filter/Diagnosis/DIAGNOSIS_Ddn"), 5): Object 'Object Repository/Canine/Filter/Diagnosis/DIAGNOSIS_Ddn' is present

2021-09-02 20:53:10 - [MESSAGE][PASSED] - Object 'Object Repository/Canine/Filter/Diagnosis/DIAGNOSIS_Ddn' is present

2021-09-02 20:53:10 - [TEST_STEP][PASSED] - ctdc.utilities.runtestcaseforKatalon.clickTabCanineStat("Object Repository/Canine/Filter/Diagnosis/DIAGNOSIS_Ddn"): ctdc.utilities.runtestcaseforKatalon.clickTabCanineStat is PASSED

2021-09-02 20:53:11 - [MESSAGE][PASSED] - ctdc.utilities.runtestcaseforKatalon.clickTabCanineStat is PASSED

2021-09-02 20:53:11 - [TEST_STEP][PASSED] - waitForElementPresent(findTestObject("Object Repository/Canine/Filter/Diagnosis/BladderCancer_Chkbx"), 30): Object 'Object Repository/Canine/Filter/Diagnosis/BladderCancer_Chkbx' is present

2021-09-02 20:53:11 - [MESSAGE][PASSED] - Object 'Object Repository/Canine/Filter/Diagnosis/BladderCancer_Chkbx' is present

2021-09-02 20:53:11 - [TEST_STEP][PASSED] - verifyElementPresent(findTestObject("Object Repository/Canine/Filter/Diagnosis/BladderCancer_Chkbx"), 5): Object 'Object Repository/Canine/Filter/Diagnosis/BladderCancer_Chkbx' is present

2021-09-02 20:53:11 - [MESSAGE][PASSED] - Object 'Object Repository/Canine/Filter/Diagnosis/BladderCancer_Chkbx' is present

2021-09-02 20:53:11 - [TEST_STEP][PASSED] - ctdc.utilities.runtestcaseforKatalon.clickTabCanineStat("Object Repository/Canine/Filter/Diagnosis/BladderCancer_Chkbx"): ctdc.utilities.runtestcaseforKatalon.clickTabCanineStat is PASSED

2021-09-02 20:53:12 - [MESSAGE][PASSED] - ctdc.utilities.runtestcaseforKatalon.clickTabCanineStat is PASSED

2021-09-02 20:53:12 - [TEST_STEP][PASSED] - delay(3): Delayed 3 second(s)

2021-09-02 20:53:16 - [MESSAGE][PASSED] - Delayed 3 second(s)

2021-09-02 20:53:16 - [TEST_STEP][PASSED] - waitForElementPresent(findTestObject("Object Repository/Canine/Filter/Diagnosis/HealthyControl_Chkbx"), 30): Object 'Object Repository/Canine/Filter/Diagnosis/HealthyControl_Chkbx' is present

2021-09-02 20:53:16 - [MESSAGE][PASSED] - Object 'Object Repository/Canine/Filter/Diagnosis/HealthyControl_Chkbx' is present

2021-09-02 20:53:16 - [TEST_STEP][PASSED] - verifyElementPresent(findTestObject("Object Repository/Canine/Filter/Diagnosis/HealthyControl_Chkbx"), 5): Object 'Object Repository/Canine/Filter/Diagnosis/HealthyControl_Chkbx' is present

2021-09-02 20:53:16 - [MESSAGE][PASSED] - Object 'Object Repository/Canine/Filter/Diagnosis/HealthyControl_Chkbx' is present

2021-09-02 20:53:16 - [TEST_STEP][PASSED] - ctdc.utilities.runtestcaseforKatalon.clickTabCanineStat("Object Repository/Canine/Filter/Diagnosis/HealthyControl_Chkbx"): ctdc.utilities.runtestcaseforKatalon.clickTabCanineStat is PASSED

2021-09-02 20:53:17 - [MESSAGE][PASSED] - ctdc.utilities.runtestcaseforKatalon.clickTabCanineStat is PASSED

2021-09-02 20:53:17 - [TEST_STEP][PASSED] - ctdc.utilities.runtestcaseforKatalon.clickTab("Object Repository/Canine/Filter/Diagnosis/DIAGNOSIS_Ddn"): ctdc.utilities.runtestcaseforKatalon.clickTab is PASSED

2021-09-02 20:53:17 - [MESSAGE][PASSED] - ctdc.utilities.runtestcaseforKatalon.clickTab is PASSED

2021-09-02 20:53:17 - [TEST_STEP][PASSED] - waitForElementPresent(findTestObject("Object Repository/Canine/Filter/PrimDiseaseSite/PRIMARYDISEASESITE_Ddn"), 30): Object 'Object Repository/Canine/Filter/PrimDiseaseSite/PRIMARYDISEASESITE_Ddn' is present

2021-09-02 20:53:18 - [MESSAGE][PASSED] - Object 'Object Repository/Canine/Filter/PrimDiseaseSite/PRIMARYDISEASESITE_Ddn' is present

2021-09-02 20:53:18 - [TEST_STEP][PASSED] - verifyElementPresent(findTestObject("Object Repository/Canine/Filter/PrimDiseaseSite/PRIMARYDISEASESITE_Ddn"), 5): Object 'Object Repository/Canine/Filter/PrimDiseaseSite/PRIMARYDISEASESITE_Ddn' is present

2021-09-02 20:53:18 - [MESSAGE][PASSED] - Object 'Object Repository/Canine/Filter/PrimDiseaseSite/PRIMARYDISEASESITE_Ddn' is present

2021-09-02 20:53:18 - [TEST_STEP][PASSED] - ctdc.utilities.runtestcaseforKatalon.clickTabCanineStat("Object Repository/Canine/Filter/PrimDiseaseSite/PRIMARYDISEASESITE_Ddn"): ctdc.utilities.runtestcaseforKatalon.clickTabCanineStat is PASSED

2021-09-02 20:53:19 - [MESSAGE][PASSED] - ctdc.utilities.runtestcaseforKatalon.clickTabCanineStat is PASSED

2021-09-02 20:53:19 - [TEST_STEP][PASSED] - waitForElementPresent(findTestObject("Object Repository/Canine/Filter/PrimDiseaseSite/BladderUrethra_Chkbx"), 30): Object 'Object Repository/Canine/Filter/PrimDiseaseSite/BladderUrethra_Chkbx' is present

2021-09-02 20:53:19 - [MESSAGE][PASSED] - Object 'Object Repository/Canine/Filter/PrimDiseaseSite/BladderUrethra_Chkbx' is present

2021-09-02 20:53:19 - [TEST_STEP][PASSED] - verifyElementPresent(findTestObject("Object Repository/Canine/Filter/PrimDiseaseSite/BladderUrethra_Chkbx"), 5): Object 'Object Repository/Canine/Filter/PrimDiseaseSite/BladderUrethra_Chkbx' is present

2021-09-02 20:53:19 - [MESSAGE][PASSED] - Object 'Object Repository/Canine/Filter/PrimDiseaseSite/BladderUrethra_Chkbx' is present

2021-09-02 20:53:19 - [TEST_STEP][PASSED] - waitForElementClickable(findTestObject("Object Repository/Canine/Filter/PrimDiseaseSite/BladderUrethra_Chkbx"), 30): Object 'Object Repository/Canine/Filter/PrimDiseaseSite/BladderUrethra_Chkbx' is clickable

2021-09-02 20:53:19 - [MESSAGE][PASSED] - Object 'Object Repository/Canine/Filter/PrimDiseaseSite/BladderUrethra_Chkbx' is clickable

2021-09-02 20:53:19 - [TEST_STEP][PASSED] - ctdc.utilities.runtestcaseforKatalon.clickTabCanineStat("Object Repository/Canine/Filter/PrimDiseaseSite/BladderUrethra_Chkbx"): ctdc.utilities.runtestcaseforKatalon.clickTabCanineStat is PASSED

2021-09-02 20:53:21 - [MESSAGE][PASSED] - ctdc.utilities.runtestcaseforKatalon.clickTabCanineStat is PASSED

2021-09-02 20:53:21 - [TEST_STEP][PASSED] - waitForElementPresent(findTestObject("Object Repository/Canine/Filter/PrimDiseaseSite/BladderProstate_Chkbx"), 30): Object 'Object Repository/Canine/Filter/PrimDiseaseSite/BladderProstate_Chkbx' is present

2021-09-02 20:53:21 - [MESSAGE][PASSED] - Object 'Object Repository/Canine/Filter/PrimDiseaseSite/BladderProstate_Chkbx' is present

2021-09-02 20:53:21 - [TEST_STEP][PASSED] - verifyElementPresent(findTestObject("Object Repository/Canine/Filter/PrimDiseaseSite/BladderProstate_Chkbx"), 5): Object 'Object Repository/Canine/Filter/PrimDiseaseSite/BladderProstate_Chkbx' is present

2021-09-02 20:53:21 - [MESSAGE][PASSED] - Object 'Object Repository/Canine/Filter/PrimDiseaseSite/BladderProstate_Chkbx' is present

2021-09-02 20:53:21 - [TEST_STEP][PASSED] - ctdc.utilities.runtestcaseforKatalon.clickTabCanineStat("Object Repository/Canine/Filter/PrimDiseaseSite/BladderProstate_Chkbx"): ctdc.utilities.runtestcaseforKatalon.clickTabCanineStat is PASSED

2021-09-02 20:53:22 - [MESSAGE][PASSED] - ctdc.utilities.runtestcaseforKatalon.clickTabCanineStat is PASSED

2021-09-02 20:53:22 - [TEST_STEP][PASSED] - ctdc.utilities.runtestcaseforKatalon.clickTab("Object Repository/Canine/Filter/PrimDiseaseSite/PRIMARYDISEASESITE_Ddn"): ctdc.utilities.runtestcaseforKatalon.clickTab is PASSED

2021-09-02 20:53:22 - [MESSAGE][PASSED] - ctdc.utilities.runtestcaseforKatalon.clickTab is PASSED

2021-09-02 20:53:22 - [TEST_STEP][PASSED] - ctdc.utilities.runtestcaseforKatalon.readStatBarCanine("Object Repository/Canine/StatBar/Canine_StatBar-Studies", "Object Repository/Canine/StatBar/Canine_StatBar-Cases", "Object Repository/Canine/StatBar/Canine_StatBar-Samples", "Object Repository/Canine/StatBar/Canine_StatBar-Files", "Object Repository/Canine/StatBar/Canine_StatBar-Aliquots"): ctdc.utilities.runtestcaseforKatalon.readStatBarCanine is PASSED

2021-09-02 20:53:38 - [MESSAGE][PASSED] - ctdc.utilities.runtestcaseforKatalon.readStatBarCanine is PASSED

2021-09-02 20:53:38 - [TEST_STEP][PASSED] - waitForElementPresent(findTestObject("Object Repository/Canine/CanineResults_Cases_Tab"), 30): Object 'Object Repository/Canine/CanineResults_Cases_Tab' is present

2021-09-02 20:53:38 - [MESSAGE][PASSED] - Object 'Object Repository/Canine/CanineResults_Cases_Tab' is present

2021-09-02 20:53:38 - [TEST_STEP][PASSED] - verifyElementPresent(findTestObject("Object Repository/Canine/CanineResults_Cases_Tab"), 5): Object 'Object Repository/Canine/CanineResults_Cases_Tab' is present

2021-09-02 20:53:38 - [MESSAGE][PASSED] - Object 'Object Repository/Canine/CanineResults_Cases_Tab' is present

2021-09-02 20:53:38 - [TEST_STEP][PASSED] - ctdc.utilities.runtestcaseforKatalon.clickTab("Object Repository/Canine/CanineResults_Cases_Tab"): ctdc.utilities.runtestcaseforKatalon.clickTab is PASSED

2021-09-02 20:53:38 - [MESSAGE][PASSED] - ctdc.utilities.runtestcaseforKatalon.clickTab is PASSED

2021-09-02 20:53:38 - [TEST_STEP][PASSED] - ctdc.utilities.runtestcaseforKatalon.multiFunction("ICDC", G_StatBar_Cases, "Object Repository/Canine/Canine_CasesTable", "Object Repository/Canine/Canine_TableHeader", "Object Repository/Canine/Canine_CasesTabNextBtn", G_WebTabnameCases, G_CypherTabnameCases, G_QueryCasesTab): Statbar Arms count matches

2021-09-02 20:53:56 - [MESSAGE][PASSED] - Statbar Files count matches

2021-09-02 20:53:56 - [MESSAGE][PASSED] - Statbar Samples count matches

2021-09-02 20:53:56 - [MESSAGE][PASSED] - Statbar Cases count matches

2021-09-02 20:53:56 - [MESSAGE][PASSED] - Statbar Arms count matches]]></system-out>
         <system-err><![CDATA[]]></system-err>
      </testcase>
      <testcase name="Test Cases/Canine_TestCases/StudyCombinations/Study-Combinations-UBC02/TC16_Canine_StudyUBC02-Breed_Sex_NeuteredStatus" time="100.971" classname="Test Cases/Canine_TestCases/StudyCombinations/Study-Combinations-UBC02/TC16_Canine_StudyUBC02-Breed_Sex_NeuteredStatus" status="PASSED">
         <system-out><![CDATA[2021-09-02 20:53:56 - [TEST_CASE][PASSED] - Test Cases/Canine_TestCases/StudyCombinations/Study-Combinations-UBC02/TC16_Canine_StudyUBC02-Breed_Sex_NeuteredStatus: Test Cases/Canine_TestCases/StudyCombinations/Study-Combinations-UBC02/TC16_Canine_StudyUBC02-Breed_Sex_NeuteredStatus

2021-09-02 20:53:56 - [TEST_STEP][PASSED] - Start listener action : getTestScriptName: null

2021-09-02 20:53:56 - [TEST_STEP][PASSED] - TestCaseId = testCaseContext.getTestCaseId(): null

2021-09-02 20:53:56 - [TEST_STEP][PASSED] - out.println("**********this is the value of test case id string******** " + testCaseContext.getTestCaseId()): null

2021-09-02 20:53:56 - [TEST_STEP][PASSED] - G_currentTCName = TestCaseId.substring(TestCaseId.lastIndexOf("TC")): null

2021-09-02 20:53:56 - [TEST_STEP][PASSED] - out.println("This is the test case name : " + G_currentTCName): null

2021-09-02 20:53:56 - [TEST_STEP][PASSED] - closeBrowser(): Browser is closed

2021-09-02 20:53:57 - [MESSAGE][PASSED] - Browser is closed

2021-09-02 20:53:57 - [TEST_STEP][PASSED] - "Driver opened by Katalon is used in Selenium from this step.": null

2021-09-02 20:53:57 - [TEST_STEP][PASSED] - ctdc.utilities.runtestcaseforKatalon.RunKatalon("TC16_Canine_StudyUBC02-Breed_Sex_NeuteredStatus.xlsx"): Data loaded from input file for the test case. 

2021-09-02 20:53:57 - [MESSAGE][PASSED] - Test case file loaded This is the full filepath after converting to string :C:\Users\sohilz2\Commons_Automation\InputFiles\TC16_Canine_StudyUBC02-Breed_Sex_NeuteredStatus.xlsx

2021-09-02 20:53:57 - [MESSAGE][INFO] - Global variable set for password file is :  C:\Users\sohilz2\Commons_Automation\InputFiles\TC16_Canine_StudyUBC02-Breed_Sex_NeuteredStatus.xlsx

2021-09-02 20:54:01 - [MESSAGE][PASSED] - Data loaded from input file for the test case. 

2021-09-02 20:54:09 - [TEST_STEP][PASSED] - waitForElementPresent(findTestObject("Canine/NavBar/Canine_Cases_Btn"), 10): Object 'Object Repository/Canine/NavBar/Canine_Cases_Btn' is present

2021-09-02 20:54:09 - [MESSAGE][PASSED] - Object 'Object Repository/Canine/NavBar/Canine_Cases_Btn' is present

2021-09-02 20:54:09 - [TEST_STEP][PASSED] - ctdc.utilities.runtestcaseforKatalon.clickTabCanineStat("Canine/NavBar/Canine_Cases_Btn"): ctdc.utilities.runtestcaseforKatalon.clickTabCanineStat is PASSED

2021-09-02 20:54:12 - [MESSAGE][PASSED] - ctdc.utilities.runtestcaseforKatalon.clickTabCanineStat is PASSED

2021-09-02 20:54:12 - [TEST_STEP][PASSED] - waitForElementPresent(findTestObject("Object Repository/Canine/Filter/FilterByCases_Facet"), 10): Object 'Object Repository/Canine/Filter/FilterByCases_Facet' is present

2021-09-02 20:54:12 - [MESSAGE][PASSED] - Object 'Object Repository/Canine/Filter/FilterByCases_Facet' is present

2021-09-02 20:54:12 - [TEST_STEP][PASSED] - ctdc.utilities.runtestcaseforKatalon.clickTabCanineStat("Object Repository/Canine/Filter/FilterByCases_Facet"): ctdc.utilities.runtestcaseforKatalon.clickTabCanineStat is PASSED

2021-09-02 20:54:13 - [MESSAGE][PASSED] - ctdc.utilities.runtestcaseforKatalon.clickTabCanineStat is PASSED

2021-09-02 20:54:13 - [TEST_STEP][PASSED] - waitForElementPresent(findTestObject("Object Repository/Canine/Filter/Study/Canine_Filter_Study"), 5): Object 'Object Repository/Canine/Filter/Study/Canine_Filter_Study' is present

2021-09-02 20:54:14 - [MESSAGE][PASSED] - Object 'Object Repository/Canine/Filter/Study/Canine_Filter_Study' is present

2021-09-02 20:54:14 - [TEST_STEP][PASSED] - ctdc.utilities.runtestcaseforKatalon.clickTabCanineStat("Object Repository/Canine/Filter/Study/Canine_Filter_Study"): ctdc.utilities.runtestcaseforKatalon.clickTabCanineStat is PASSED

2021-09-02 20:54:15 - [MESSAGE][PASSED] - ctdc.utilities.runtestcaseforKatalon.clickTabCanineStat is PASSED

2021-09-02 20:54:15 - [TEST_STEP][PASSED] - waitForElementPresent(findTestObject("Object Repository/Canine/Filter/Study/Canine_Filter_Study-UBC02_Chkbx"), 5): Object 'Object Repository/Canine/Filter/Study/Canine_Filter_Study-UBC02_Chkbx' is present

2021-09-02 20:54:15 - [MESSAGE][PASSED] - Object 'Object Repository/Canine/Filter/Study/Canine_Filter_Study-UBC02_Chkbx' is present

2021-09-02 20:54:15 - [TEST_STEP][PASSED] - ctdc.utilities.runtestcaseforKatalon.clickTabCanineStat("Object Repository/Canine/Filter/Study/Canine_Filter_Study-UBC02_Chkbx"): ctdc.utilities.runtestcaseforKatalon.clickTabCanineStat is PASSED

2021-09-02 20:54:16 - [MESSAGE][PASSED] - ctdc.utilities.runtestcaseforKatalon.clickTabCanineStat is PASSED

2021-09-02 20:54:16 - [TEST_STEP][PASSED] - waitForElementPresent(findTestObject("Object Repository/Canine/Filter/Breed/BREED_Ddn"), 5): Object 'Object Repository/Canine/Filter/Breed/BREED_Ddn' is present

2021-09-02 20:54:16 - [MESSAGE][PASSED] - Object 'Object Repository/Canine/Filter/Breed/BREED_Ddn' is present

2021-09-02 20:54:16 - [TEST_STEP][PASSED] - ctdc.utilities.runtestcaseforKatalon.clickTabCanineStat("Object Repository/Canine/Filter/Breed/BREED_Ddn"): ctdc.utilities.runtestcaseforKatalon.clickTabCanineStat is PASSED

2021-09-02 20:54:18 - [MESSAGE][PASSED] - ctdc.utilities.runtestcaseforKatalon.clickTabCanineStat is PASSED

2021-09-02 20:54:18 - [TEST_STEP][PASSED] - waitForElementPresent(findTestObject("Object Repository/Canine/Filter/Breed/AiredaleTerrier_Chkbx"), 5): Object 'Object Repository/Canine/Filter/Breed/AiredaleTerrier_Chkbx' is present

2021-09-02 20:54:18 - [MESSAGE][PASSED] - Object 'Object Repository/Canine/Filter/Breed/AiredaleTerrier_Chkbx' is present

2021-09-02 20:54:18 - [TEST_STEP][PASSED] - ctdc.utilities.runtestcaseforKatalon.clickTabCanineStat("Object Repository/Canine/Filter/Breed/AiredaleTerrier_Chkbx"): ctdc.utilities.runtestcaseforKatalon.clickTabCanineStat is PASSED

2021-09-02 20:54:20 - [MESSAGE][PASSED] - ctdc.utilities.runtestcaseforKatalon.clickTabCanineStat is PASSED

2021-09-02 20:54:20 - [TEST_STEP][PASSED] - waitForElementPresent(findTestObject("Object Repository/Canine/Filter/Breed/BluetickHound_Chkbx"), 5): Object 'Object Repository/Canine/Filter/Breed/BluetickHound_Chkbx' is present

2021-09-02 20:54:20 - [MESSAGE][PASSED] - Object 'Object Repository/Canine/Filter/Breed/BluetickHound_Chkbx' is present

2021-09-02 20:54:20 - [TEST_STEP][PASSED] - ctdc.utilities.runtestcaseforKatalon.clickTabCanineStat("Object Repository/Canine/Filter/Breed/BluetickHound_Chkbx"): ctdc.utilities.runtestcaseforKatalon.clickTabCanineStat is PASSED

2021-09-02 20:54:21 - [MESSAGE][PASSED] - ctdc.utilities.runtestcaseforKatalon.clickTabCanineStat is PASSED

2021-09-02 20:54:21 - [TEST_STEP][PASSED] - waitForElementPresent(findTestObject("Object Repository/Canine/Filter/Breed/NorfolkTerr_Chkbx"), 5): Object 'Object Repository/Canine/Filter/Breed/NorfolkTerr_Chkbx' is present

2021-09-02 20:54:21 - [MESSAGE][PASSED] - Object 'Object Repository/Canine/Filter/Breed/NorfolkTerr_Chkbx' is present

2021-09-02 20:54:21 - [TEST_STEP][PASSED] - ctdc.utilities.runtestcaseforKatalon.clickTabCanineStat("Object Repository/Canine/Filter/Breed/NorfolkTerr_Chkbx"): ctdc.utilities.runtestcaseforKatalon.clickTabCanineStat is PASSED

2021-09-02 20:54:22 - [MESSAGE][PASSED] - ctdc.utilities.runtestcaseforKatalon.clickTabCanineStat is PASSED

2021-09-02 20:54:22 - [TEST_STEP][PASSED] - waitForElementPresent(findTestObject("Object Repository/Canine/Filter/Breed/NorwegElk_Chkbx"), 5): Object 'Object Repository/Canine/Filter/Breed/NorwegElk_Chkbx' is present

2021-09-02 20:54:22 - [MESSAGE][PASSED] - Object 'Object Repository/Canine/Filter/Breed/NorwegElk_Chkbx' is present

2021-09-02 20:54:22 - [TEST_STEP][PASSED] - ctdc.utilities.runtestcaseforKatalon.clickTabCanineStat("Object Repository/Canine/Filter/Breed/NorwegElk_Chkbx"): ctdc.utilities.runtestcaseforKatalon.clickTabCanineStat is PASSED

2021-09-02 20:54:24 - [MESSAGE][PASSED] - ctdc.utilities.runtestcaseforKatalon.clickTabCanineStat is PASSED

2021-09-02 20:54:24 - [TEST_STEP][PASSED] - waitForElementPresent(findTestObject("Object Repository/Canine/Filter/Breed/ScottTerr_Chkbx"), 5): Object 'Object Repository/Canine/Filter/Breed/ScottTerr_Chkbx' is present

2021-09-02 20:54:24 - [MESSAGE][PASSED] - Object 'Object Repository/Canine/Filter/Breed/ScottTerr_Chkbx' is present

2021-09-02 20:54:24 - [TEST_STEP][PASSED] - ctdc.utilities.runtestcaseforKatalon.clickTabCanineStat("Object Repository/Canine/Filter/Breed/ScottTerr_Chkbx"): ctdc.utilities.runtestcaseforKatalon.clickTabCanineStat is PASSED

2021-09-02 20:54:25 - [MESSAGE][PASSED] - ctdc.utilities.runtestcaseforKatalon.clickTabCanineStat is PASSED

2021-09-02 20:54:25 - [TEST_STEP][PASSED] - waitForElementPresent(findTestObject("Object Repository/Canine/Filter/Breed/WelshSprSpaniel_Chkbx"), 5): Object 'Object Repository/Canine/Filter/Breed/WelshSprSpaniel_Chkbx' is present

2021-09-02 20:54:25 - [MESSAGE][PASSED] - Object 'Object Repository/Canine/Filter/Breed/WelshSprSpaniel_Chkbx' is present

2021-09-02 20:54:25 - [TEST_STEP][PASSED] - ctdc.utilities.runtestcaseforKatalon.clickTabCanineStat("Object Repository/Canine/Filter/Breed/WelshSprSpaniel_Chkbx"): ctdc.utilities.runtestcaseforKatalon.clickTabCanineStat is PASSED

2021-09-02 20:54:26 - [MESSAGE][PASSED] - ctdc.utilities.runtestcaseforKatalon.clickTabCanineStat is PASSED

2021-09-02 20:54:26 - [TEST_STEP][PASSED] - waitForElementPresent(findTestObject("Object Repository/Canine/Filter/Breed/WheatenTerr_Chkbx"), 5): Object 'Object Repository/Canine/Filter/Breed/WheatenTerr_Chkbx' is present

2021-09-02 20:54:27 - [MESSAGE][PASSED] - Object 'Object Repository/Canine/Filter/Breed/WheatenTerr_Chkbx' is present

2021-09-02 20:54:27 - [TEST_STEP][PASSED] - ctdc.utilities.runtestcaseforKatalon.clickTabCanineStat("Object Repository/Canine/Filter/Breed/WheatenTerr_Chkbx"): ctdc.utilities.runtestcaseforKatalon.clickTabCanineStat is PASSED

2021-09-02 20:54:28 - [MESSAGE][PASSED] - ctdc.utilities.runtestcaseforKatalon.clickTabCanineStat is PASSED

2021-09-02 20:54:28 - [TEST_STEP][PASSED] - ctdc.utilities.runtestcaseforKatalon.clickTab("Object Repository/Canine/Filter/Breed/BREED_Ddn"): ctdc.utilities.runtestcaseforKatalon.clickTab is PASSED

2021-09-02 20:54:28 - [MESSAGE][PASSED] - ctdc.utilities.runtestcaseforKatalon.clickTab is PASSED

2021-09-02 20:54:28 - [TEST_STEP][PASSED] - waitForElementPresent(findTestObject("Object Repository/Canine/Filter/Sex/SEX_Ddn"), 5): Object 'Object Repository/Canine/Filter/Sex/SEX_Ddn' is present

2021-09-02 20:54:28 - [MESSAGE][PASSED] - Object 'Object Repository/Canine/Filter/Sex/SEX_Ddn' is present

2021-09-02 20:54:28 - [TEST_STEP][PASSED] - ctdc.utilities.runtestcaseforKatalon.clickTabCanineStat("Object Repository/Canine/Filter/Sex/SEX_Ddn"): ctdc.utilities.runtestcaseforKatalon.clickTabCanineStat is PASSED

2021-09-02 20:54:29 - [MESSAGE][PASSED] - ctdc.utilities.runtestcaseforKatalon.clickTabCanineStat is PASSED

2021-09-02 20:54:29 - [TEST_STEP][PASSED] - waitForElementPresent(findTestObject("Object Repository/Canine/Filter/Sex/Male_Chkbx"), 5): Object 'Object Repository/Canine/Filter/Sex/Male_Chkbx' is present

2021-09-02 20:54:30 - [MESSAGE][PASSED] - Object 'Object Repository/Canine/Filter/Sex/Male_Chkbx' is present

2021-09-02 20:54:30 - [TEST_STEP][PASSED] - ctdc.utilities.runtestcaseforKatalon.clickTabCanineStat("Object Repository/Canine/Filter/Sex/Male_Chkbx"): ctdc.utilities.runtestcaseforKatalon.clickTabCanineStat is PASSED

2021-09-02 20:54:31 - [MESSAGE][PASSED] - ctdc.utilities.runtestcaseforKatalon.clickTabCanineStat is PASSED

2021-09-02 20:54:31 - [TEST_STEP][PASSED] - waitForElementPresent(findTestObject("Object Repository/Canine/Filter/Sex/Female_Chkbx"), 5): Object 'Object Repository/Canine/Filter/Sex/Female_Chkbx' is present

2021-09-02 20:54:31 - [MESSAGE][PASSED] - Object 'Object Repository/Canine/Filter/Sex/Female_Chkbx' is present

2021-09-02 20:54:31 - [TEST_STEP][PASSED] - ctdc.utilities.runtestcaseforKatalon.clickTabCanineStat("Object Repository/Canine/Filter/Sex/Female_Chkbx"): ctdc.utilities.runtestcaseforKatalon.clickTabCanineStat is PASSED

2021-09-02 20:54:33 - [MESSAGE][PASSED] - ctdc.utilities.runtestcaseforKatalon.clickTabCanineStat is PASSED

2021-09-02 20:54:33 - [TEST_STEP][PASSED] - ctdc.utilities.runtestcaseforKatalon.clickTab("Object Repository/Canine/Filter/Sex/SEX_Ddn"): ctdc.utilities.runtestcaseforKatalon.clickTab is PASSED

2021-09-02 20:54:33 - [MESSAGE][PASSED] - ctdc.utilities.runtestcaseforKatalon.clickTab is PASSED

2021-09-02 20:54:33 - [TEST_STEP][PASSED] - waitForElementPresent(findTestObject("Object Repository/Canine/Filter/NeuteredStatus/NEUTEREDSTATUS_Ddn"), 5): Object 'Object Repository/Canine/Filter/NeuteredStatus/NEUTEREDSTATUS_Ddn' is present

2021-09-02 20:54:33 - [MESSAGE][PASSED] - Object 'Object Repository/Canine/Filter/NeuteredStatus/NEUTEREDSTATUS_Ddn' is present

2021-09-02 20:54:33 - [TEST_STEP][PASSED] - ctdc.utilities.runtestcaseforKatalon.clickTabCanineStat("Object Repository/Canine/Filter/NeuteredStatus/NEUTEREDSTATUS_Ddn"): ctdc.utilities.runtestcaseforKatalon.clickTabCanineStat is PASSED

2021-09-02 20:54:34 - [MESSAGE][PASSED] - ctdc.utilities.runtestcaseforKatalon.clickTabCanineStat is PASSED

2021-09-02 20:54:34 - [TEST_STEP][PASSED] - waitForElementPresent(findTestObject("Object Repository/Canine/Filter/NeuteredStatus/Yes_Chkbx"), 5): Object 'Object Repository/Canine/Filter/NeuteredStatus/Yes_Chkbx' is present

2021-09-02 20:54:34 - [MESSAGE][PASSED] - Object 'Object Repository/Canine/Filter/NeuteredStatus/Yes_Chkbx' is present

2021-09-02 20:54:34 - [TEST_STEP][PASSED] - ctdc.utilities.runtestcaseforKatalon.clickTabCanineStat("Object Repository/Canine/Filter/NeuteredStatus/Yes_Chkbx"): ctdc.utilities.runtestcaseforKatalon.clickTabCanineStat is PASSED

2021-09-02 20:54:35 - [MESSAGE][PASSED] - ctdc.utilities.runtestcaseforKatalon.clickTabCanineStat is PASSED

2021-09-02 20:54:35 - [TEST_STEP][PASSED] - waitForElementPresent(findTestObject("Object Repository/Canine/Filter/NeuteredStatus/No_Chkbx"), 5): Object 'Object Repository/Canine/Filter/NeuteredStatus/No_Chkbx' is present

2021-09-02 20:54:36 - [MESSAGE][PASSED] - Object 'Object Repository/Canine/Filter/NeuteredStatus/No_Chkbx' is present

2021-09-02 20:54:36 - [TEST_STEP][PASSED] - ctdc.utilities.runtestcaseforKatalon.clickTabCanineStat("Object Repository/Canine/Filter/NeuteredStatus/No_Chkbx"): ctdc.utilities.runtestcaseforKatalon.clickTabCanineStat is PASSED

2021-09-02 20:54:37 - [MESSAGE][PASSED] - ctdc.utilities.runtestcaseforKatalon.clickTabCanineStat is PASSED

2021-09-02 20:54:37 - [TEST_STEP][PASSED] - ctdc.utilities.runtestcaseforKatalon.clickTab("Object Repository/Canine/Filter/NeuteredStatus/NEUTEREDSTATUS_Ddn"): ctdc.utilities.runtestcaseforKatalon.clickTab is PASSED

2021-09-02 20:54:37 - [MESSAGE][PASSED] - ctdc.utilities.runtestcaseforKatalon.clickTab is PASSED

2021-09-02 20:54:37 - [TEST_STEP][PASSED] - ctdc.utilities.runtestcaseforKatalon.readStatBarCanine("Object Repository/Canine/StatBar/Canine_StatBar-Studies", "Object Repository/Canine/StatBar/Canine_StatBar-Cases", "Object Repository/Canine/StatBar/Canine_StatBar-Samples", "Object Repository/Canine/StatBar/Canine_StatBar-Files", "Object Repository/Canine/StatBar/Canine_StatBar-Aliquots"): ctdc.utilities.runtestcaseforKatalon.readStatBarCanine is PASSED

2021-09-02 20:54:53 - [MESSAGE][PASSED] - ctdc.utilities.runtestcaseforKatalon.readStatBarCanine is PASSED

2021-09-02 20:54:53 - [TEST_STEP][PASSED] - waitForElementPresent(findTestObject("Object Repository/Canine/CanineResults_Cases_Tab"), 5): Object 'Object Repository/Canine/CanineResults_Cases_Tab' is present

2021-09-02 20:54:53 - [MESSAGE][PASSED] - Object 'Object Repository/Canine/CanineResults_Cases_Tab' is present

2021-09-02 20:54:53 - [TEST_STEP][PASSED] - ctdc.utilities.runtestcaseforKatalon.clickTab("Object Repository/Canine/CanineResults_Cases_Tab"): ctdc.utilities.runtestcaseforKatalon.clickTab is PASSED

2021-09-02 20:54:53 - [MESSAGE][PASSED] - ctdc.utilities.runtestcaseforKatalon.clickTab is PASSED

2021-09-02 20:54:53 - [TEST_STEP][PASSED] - ctdc.utilities.runtestcaseforKatalon.multiFunction("ICDC", G_StatBar_Cases, "Object Repository/Canine/Canine_CasesTable", "Object Repository/Canine/Canine_TableHeader", "Object Repository/Canine/Canine_CasesTabNextBtn", G_WebTabnameCases, G_CypherTabnameCases, G_QueryCasesTab): Statbar Arms count matches

2021-09-02 20:55:36 - [MESSAGE][PASSED] - Statbar Files count matches

2021-09-02 20:55:36 - [MESSAGE][PASSED] - Statbar Samples count matches

2021-09-02 20:55:36 - [MESSAGE][PASSED] - Statbar Cases count matches

2021-09-02 20:55:36 - [MESSAGE][PASSED] - Statbar Arms count matches

2021-09-02 20:55:36 - [TEST_STEP][PASSED] - closeBrowser(): Browser is closed

2021-09-02 20:55:37 - [MESSAGE][PASSED] - Browser is closed]]></system-out>
         <system-err><![CDATA[]]></system-err>
      </testcase>
      <testcase name="Test Cases/Canine_TestCases/StudyCombinations/Study-Combinations-UBC01/TC34_Canine_StudyUBC-Breed_RespToTreatmt_Sex_NeutStatus" time="74.875" classname="Test Cases/Canine_TestCases/StudyCombinations/Study-Combinations-UBC01/TC34_Canine_StudyUBC-Breed_RespToTreatmt_Sex_NeutStatus" status="PASSED">
         <system-out><![CDATA[2021-09-02 20:55:37 - [TEST_CASE][PASSED] - Test Cases/Canine_TestCases/StudyCombinations/Study-Combinations-UBC01/TC34_Canine_StudyUBC-Breed_RespToTreatmt_Sex_NeutStatus: Test Cases/Canine_TestCases/StudyCombinations/Study-Combinations-UBC01/TC34_Canine_StudyUBC-Breed_RespToTreatmt_Sex_NeutStatus

2021-09-02 20:55:37 - [TEST_STEP][PASSED] - Start listener action : getTestScriptName: null

2021-09-02 20:55:37 - [TEST_STEP][PASSED] - TestCaseId = testCaseContext.getTestCaseId(): null

2021-09-02 20:55:37 - [TEST_STEP][PASSED] - out.println("**********this is the value of test case id string******** " + testCaseContext.getTestCaseId()): null

2021-09-02 20:55:37 - [TEST_STEP][PASSED] - G_currentTCName = TestCaseId.substring(TestCaseId.lastIndexOf("TC")): null

2021-09-02 20:55:37 - [TEST_STEP][PASSED] - out.println("This is the test case name : " + G_currentTCName): null

2021-09-02 20:55:37 - [TEST_STEP][PASSED] - closeBrowser(): Browser is closed

2021-09-02 20:55:37 - [MESSAGE][PASSED] - Browser is closed

2021-09-02 20:55:37 - [TEST_STEP][PASSED] - "Driver opened by Katalon is used in Selenium from this step.": null

2021-09-02 20:55:37 - [TEST_STEP][PASSED] - ctdc.utilities.runtestcaseforKatalon.RunKatalon("TC35_Canine_StudyUBC-Breed_RespToTreatmt_Sex_NeutStatus.xlsx"): Data loaded from input file for the test case. 

2021-09-02 20:55:37 - [MESSAGE][PASSED] - Test case file loaded This is the full filepath after converting to string :C:\Users\sohilz2\Commons_Automation\InputFiles\TC35_Canine_StudyUBC-Breed_RespToTreatmt_Sex_NeutStatus.xlsx

2021-09-02 20:55:37 - [MESSAGE][INFO] - Global variable set for password file is :  C:\Users\sohilz2\Commons_Automation\InputFiles\TC35_Canine_StudyUBC-Breed_RespToTreatmt_Sex_NeutStatus.xlsx

2021-09-02 20:55:41 - [MESSAGE][PASSED] - Data loaded from input file for the test case. 

2021-09-02 20:55:50 - [TEST_STEP][PASSED] - waitForElementPresent(findTestObject("Canine/NavBar/Canine_Cases_Btn"), 10): Object 'Object Repository/Canine/NavBar/Canine_Cases_Btn' is present

2021-09-02 20:55:50 - [MESSAGE][PASSED] - Object 'Object Repository/Canine/NavBar/Canine_Cases_Btn' is present

2021-09-02 20:55:50 - [TEST_STEP][PASSED] - ctdc.utilities.runtestcaseforKatalon.clickTabCanineStat("Canine/NavBar/Canine_Cases_Btn"): ctdc.utilities.runtestcaseforKatalon.clickTabCanineStat is PASSED

2021-09-02 20:55:52 - [MESSAGE][PASSED] - ctdc.utilities.runtestcaseforKatalon.clickTabCanineStat is PASSED

2021-09-02 20:55:52 - [TEST_STEP][PASSED] - waitForElementPresent(findTestObject("Object Repository/Canine/Filter/FilterByCases_Facet"), 10): Object 'Object Repository/Canine/Filter/FilterByCases_Facet' is present

2021-09-02 20:55:53 - [MESSAGE][PASSED] - Object 'Object Repository/Canine/Filter/FilterByCases_Facet' is present

2021-09-02 20:55:53 - [TEST_STEP][PASSED] - ctdc.utilities.runtestcaseforKatalon.clickTabCanineStat("Object Repository/Canine/Filter/FilterByCases_Facet"): ctdc.utilities.runtestcaseforKatalon.clickTabCanineStat is PASSED

2021-09-02 20:55:54 - [MESSAGE][PASSED] - ctdc.utilities.runtestcaseforKatalon.clickTabCanineStat is PASSED

2021-09-02 20:55:54 - [TEST_STEP][PASSED] - waitForElementPresent(findTestObject("Object Repository/Canine/Filter/Study/Canine_Filter_Study"), 10): Object 'Object Repository/Canine/Filter/Study/Canine_Filter_Study' is present

2021-09-02 20:55:54 - [MESSAGE][PASSED] - Object 'Object Repository/Canine/Filter/Study/Canine_Filter_Study' is present

2021-09-02 20:55:54 - [TEST_STEP][PASSED] - ctdc.utilities.runtestcaseforKatalon.clickTabCanineStat("Object Repository/Canine/Filter/Study/Canine_Filter_Study"): ctdc.utilities.runtestcaseforKatalon.clickTabCanineStat is PASSED

2021-09-02 20:55:55 - [MESSAGE][PASSED] - ctdc.utilities.runtestcaseforKatalon.clickTabCanineStat is PASSED

2021-09-02 20:55:55 - [TEST_STEP][PASSED] - waitForElementPresent(findTestObject("Object Repository/Canine/Filter/Study/Canine_Filter_Study-UBC_Chkbx"), 10): Object 'Object Repository/Canine/Filter/Study/Canine_Filter_Study-UBC_Chkbx' is present

2021-09-02 20:55:56 - [MESSAGE][PASSED] - Object 'Object Repository/Canine/Filter/Study/Canine_Filter_Study-UBC_Chkbx' is present

2021-09-02 20:55:56 - [TEST_STEP][PASSED] - ctdc.utilities.runtestcaseforKatalon.clickTabCanineStat("Object Repository/Canine/Filter/Study/Canine_Filter_Study-UBC_Chkbx"): ctdc.utilities.runtestcaseforKatalon.clickTabCanineStat is PASSED

2021-09-02 20:55:57 - [MESSAGE][PASSED] - ctdc.utilities.runtestcaseforKatalon.clickTabCanineStat is PASSED

2021-09-02 20:55:57 - [TEST_STEP][PASSED] - waitForElementPresent(findTestObject("Object Repository/Canine/Filter/Sex/SEX_Ddn"), 10): Object 'Object Repository/Canine/Filter/Sex/SEX_Ddn' is present

2021-09-02 20:55:57 - [MESSAGE][PASSED] - Object 'Object Repository/Canine/Filter/Sex/SEX_Ddn' is present

2021-09-02 20:55:57 - [TEST_STEP][PASSED] - ctdc.utilities.runtestcaseforKatalon.clickTabCanineStat("Object Repository/Canine/Filter/Sex/SEX_Ddn"): ctdc.utilities.runtestcaseforKatalon.clickTabCanineStat is PASSED

2021-09-02 20:55:58 - [MESSAGE][PASSED] - ctdc.utilities.runtestcaseforKatalon.clickTabCanineStat is PASSED

2021-09-02 20:55:58 - [TEST_STEP][PASSED] - waitForElementPresent(findTestObject("Object Repository/Canine/Filter/Sex/Female_Chkbx"), 10): Object 'Object Repository/Canine/Filter/Sex/Female_Chkbx' is present

2021-09-02 20:55:58 - [MESSAGE][PASSED] - Object 'Object Repository/Canine/Filter/Sex/Female_Chkbx' is present

2021-09-02 20:55:58 - [TEST_STEP][PASSED] - ctdc.utilities.runtestcaseforKatalon.clickTabCanineStat("Object Repository/Canine/Filter/Sex/Female_Chkbx"): ctdc.utilities.runtestcaseforKatalon.clickTabCanineStat is PASSED

2021-09-02 20:56:00 - [MESSAGE][PASSED] - ctdc.utilities.runtestcaseforKatalon.clickTabCanineStat is PASSED

2021-09-02 20:56:00 - [TEST_STEP][PASSED] - ctdc.utilities.runtestcaseforKatalon.clickTabCanineStat("Object Repository/Canine/Filter/Sex/SEX_Ddn"): ctdc.utilities.runtestcaseforKatalon.clickTabCanineStat is PASSED

2021-09-02 20:56:01 - [MESSAGE][PASSED] - ctdc.utilities.runtestcaseforKatalon.clickTabCanineStat is PASSED

2021-09-02 20:56:01 - [TEST_STEP][PASSED] - waitForElementPresent(findTestObject("Object Repository/Canine/Filter/NeuteredStatus/NEUTEREDSTATUS_Ddn"), 10): Object 'Object Repository/Canine/Filter/NeuteredStatus/NEUTEREDSTATUS_Ddn' is present

2021-09-02 20:56:01 - [MESSAGE][PASSED] - Object 'Object Repository/Canine/Filter/NeuteredStatus/NEUTEREDSTATUS_Ddn' is present

2021-09-02 20:56:01 - [TEST_STEP][PASSED] - ctdc.utilities.runtestcaseforKatalon.clickTabCanineStat("Object Repository/Canine/Filter/NeuteredStatus/NEUTEREDSTATUS_Ddn"): ctdc.utilities.runtestcaseforKatalon.clickTabCanineStat is PASSED

2021-09-02 20:56:02 - [MESSAGE][PASSED] - ctdc.utilities.runtestcaseforKatalon.clickTabCanineStat is PASSED

2021-09-02 20:56:02 - [TEST_STEP][PASSED] - waitForElementPresent(findTestObject("Object Repository/Canine/Filter/NeuteredStatus/Yes_Chkbx"), 10): Object 'Object Repository/Canine/Filter/NeuteredStatus/Yes_Chkbx' is present

2021-09-02 20:56:03 - [MESSAGE][PASSED] - Object 'Object Repository/Canine/Filter/NeuteredStatus/Yes_Chkbx' is present

2021-09-02 20:56:03 - [TEST_STEP][PASSED] - ctdc.utilities.runtestcaseforKatalon.clickTabCanineStat("Object Repository/Canine/Filter/NeuteredStatus/Yes_Chkbx"): ctdc.utilities.runtestcaseforKatalon.clickTabCanineStat is PASSED

2021-09-02 20:56:04 - [MESSAGE][PASSED] - ctdc.utilities.runtestcaseforKatalon.clickTabCanineStat is PASSED

2021-09-02 20:56:04 - [TEST_STEP][PASSED] - ctdc.utilities.runtestcaseforKatalon.clickTab("Object Repository/Canine/Filter/NeuteredStatus/NEUTEREDSTATUS_Ddn"): ctdc.utilities.runtestcaseforKatalon.clickTab is PASSED

2021-09-02 20:56:04 - [MESSAGE][PASSED] - ctdc.utilities.runtestcaseforKatalon.clickTab is PASSED

2021-09-02 20:56:04 - [TEST_STEP][PASSED] - ctdc.utilities.runtestcaseforKatalon.readStatBarCanine("Object Repository/Canine/StatBar/Canine_StatBar-Studies", "Object Repository/Canine/StatBar/Canine_StatBar-Cases", "Object Repository/Canine/StatBar/Canine_StatBar-Samples", "Object Repository/Canine/StatBar/Canine_StatBar-Files", "Object Repository/Canine/StatBar/Canine_StatBar-Aliquots"): ctdc.utilities.runtestcaseforKatalon.readStatBarCanine is PASSED

2021-09-02 20:56:19 - [MESSAGE][PASSED] - ctdc.utilities.runtestcaseforKatalon.readStatBarCanine is PASSED

2021-09-02 20:56:19 - [TEST_STEP][PASSED] - waitForElementPresent(findTestObject("Object Repository/Canine/CanineResults_Cases_Tab"), 5): Object 'Object Repository/Canine/CanineResults_Cases_Tab' is present

2021-09-02 20:56:19 - [MESSAGE][PASSED] - Object 'Object Repository/Canine/CanineResults_Cases_Tab' is present

2021-09-02 20:56:19 - [TEST_STEP][PASSED] - ctdc.utilities.runtestcaseforKatalon.clickTab("Object Repository/Canine/CanineResults_Cases_Tab"): ctdc.utilities.runtestcaseforKatalon.clickTab is PASSED

2021-09-02 20:56:20 - [MESSAGE][PASSED] - ctdc.utilities.runtestcaseforKatalon.clickTab is PASSED

2021-09-02 20:56:20 - [TEST_STEP][PASSED] - ctdc.utilities.runtestcaseforKatalon.multiFunction("ICDC", G_StatBar_Cases, "Object Repository/Canine/Canine_CasesTable", "Object Repository/Canine/Canine_TableHeader", "Object Repository/Canine/Canine_CasesTabNextBtn", G_WebTabnameCases, G_CypherTabnameCases, G_QueryCasesTab): Statbar Arms count matches

2021-09-02 20:56:51 - [MESSAGE][PASSED] - Statbar Files count matches

2021-09-02 20:56:51 - [MESSAGE][PASSED] - Statbar Samples count matches

2021-09-02 20:56:51 - [MESSAGE][PASSED] - Statbar Cases count matches

2021-09-02 20:56:51 - [MESSAGE][PASSED] - Statbar Arms count matches

2021-09-02 20:56:51 - [TEST_STEP][PASSED] - closeBrowser(): Browser is closed

2021-09-02 20:56:52 - [MESSAGE][PASSED] - Browser is closed]]></system-out>
         <system-err><![CDATA[]]></system-err>
      </testcase>
      <testcase name="Test Cases/Canine_TestCases/StudyType/TC01_Canine_Filter_StudyType-ClinicalTrial" time="207.985" classname="Test Cases/Canine_TestCases/StudyType/TC01_Canine_Filter_StudyType-ClinicalTrial" status="PASSED">
         <system-out><![CDATA[2021-09-02 20:56:52 - [TEST_CASE][PASSED] - Test Cases/Canine_TestCases/StudyType/TC01_Canine_Filter_StudyType-ClinicalTrial: Test Cases/Canine_TestCases/StudyType/TC01_Canine_Filter_StudyType-ClinicalTrial

2021-09-02 20:56:52 - [TEST_STEP][PASSED] - Start listener action : getTestScriptName: null

2021-09-02 20:56:52 - [TEST_STEP][PASSED] - TestCaseId = testCaseContext.getTestCaseId(): null

2021-09-02 20:56:52 - [TEST_STEP][PASSED] - out.println("**********this is the value of test case id string******** " + testCaseContext.getTestCaseId()): null

2021-09-02 20:56:52 - [TEST_STEP][PASSED] - G_currentTCName = TestCaseId.substring(TestCaseId.lastIndexOf("TC")): null

2021-09-02 20:56:52 - [TEST_STEP][PASSED] - out.println("This is the test case name : " + G_currentTCName): null

2021-09-02 20:56:52 - [TEST_STEP][PASSED] - closeBrowser(): Browser is closed

2021-09-02 20:56:52 - [MESSAGE][PASSED] - Browser is closed

2021-09-02 20:56:52 - [TEST_STEP][PASSED] - ctdc.utilities.runtestcaseforKatalon.RunKatalon("TC01_Canine_Filter_StudyType-ClinicalTrial.xlsx"): Data loaded from input file for the test case. 

2021-09-02 20:56:52 - [MESSAGE][PASSED] - Test case file loaded This is the full filepath after converting to string :C:\Users\sohilz2\Commons_Automation\InputFiles\TC01_Canine_Filter_StudyType-ClinicalTrial.xlsx

2021-09-02 20:56:52 - [MESSAGE][INFO] - Global variable set for password file is :  C:\Users\sohilz2\Commons_Automation\InputFiles\TC01_Canine_Filter_StudyType-ClinicalTrial.xlsx

2021-09-02 20:56:56 - [MESSAGE][PASSED] - Data loaded from input file for the test case. 

2021-09-02 20:57:04 - [TEST_STEP][PASSED] - waitForElementPresent(findTestObject("Canine/NavBar/Canine_Cases_Btn"), 5): Object 'Object Repository/Canine/NavBar/Canine_Cases_Btn' is present

2021-09-02 20:57:04 - [MESSAGE][PASSED] - Object 'Object Repository/Canine/NavBar/Canine_Cases_Btn' is present

2021-09-02 20:57:04 - [TEST_STEP][PASSED] - ctdc.utilities.runtestcaseforKatalon.clickTab("Canine/NavBar/Canine_Cases_Btn"): ctdc.utilities.runtestcaseforKatalon.clickTab is PASSED

2021-09-02 20:57:05 - [MESSAGE][PASSED] - ctdc.utilities.runtestcaseforKatalon.clickTab is PASSED

2021-09-02 20:57:05 - [TEST_STEP][PASSED] - waitForElementPresent(findTestObject("Object Repository/Canine/Filter/StudyType/Canine_Filter_StudyType"), 5): Object 'Object Repository/Canine/Filter/StudyType/Canine_Filter_StudyType' is present

2021-09-02 20:57:06 - [MESSAGE][PASSED] - Object 'Object Repository/Canine/Filter/StudyType/Canine_Filter_StudyType' is present

2021-09-02 20:57:06 - [TEST_STEP][PASSED] - ctdc.utilities.runtestcaseforKatalon.clickTab("Object Repository/Canine/Filter/StudyType/Canine_Filter_StudyType"): ctdc.utilities.runtestcaseforKatalon.clickTab is PASSED

2021-09-02 20:57:06 - [MESSAGE][PASSED] - ctdc.utilities.runtestcaseforKatalon.clickTab is PASSED

2021-09-02 20:57:06 - [TEST_STEP][PASSED] - ctdc.utilities.runtestcaseforKatalon.clickTab("Object Repository/Canine/Filter/StudyType/Canine_Filter_StudyType-ClinTrials_Chkbx"): ctdc.utilities.runtestcaseforKatalon.clickTab is PASSED

2021-09-02 20:57:07 - [MESSAGE][PASSED] - ctdc.utilities.runtestcaseforKatalon.clickTab is PASSED

2021-09-02 20:57:07 - [TEST_STEP][PASSED] - ctdc.utilities.runtestcaseforKatalon.readStatBarCanine("Object Repository/Canine/StatBar/Canine_StatBar-Studies", "Object Repository/Canine/StatBar/Canine_StatBar-Cases", "Object Repository/Canine/StatBar/Canine_StatBar-Samples", "Object Repository/Canine/StatBar/Canine_StatBar-Files", "Object Repository/Canine/StatBar/Canine_StatBar-Aliquots"): ctdc.utilities.runtestcaseforKatalon.readStatBarCanine is PASSED

2021-09-02 20:57:22 - [MESSAGE][PASSED] - ctdc.utilities.runtestcaseforKatalon.readStatBarCanine is PASSED

2021-09-02 20:57:22 - [TEST_STEP][PASSED] - waitForElementPresent(findTestObject("Object Repository/Canine/CanineResults_Cases_Tab"), 5): Object 'Object Repository/Canine/CanineResults_Cases_Tab' is present

2021-09-02 20:57:22 - [MESSAGE][PASSED] - Object 'Object Repository/Canine/CanineResults_Cases_Tab' is present

2021-09-02 20:57:22 - [TEST_STEP][PASSED] - ctdc.utilities.runtestcaseforKatalon.clickTab("Object Repository/Canine/CanineResults_Cases_Tab"): ctdc.utilities.runtestcaseforKatalon.clickTab is PASSED

2021-09-02 20:57:23 - [MESSAGE][PASSED] - ctdc.utilities.runtestcaseforKatalon.clickTab is PASSED

2021-09-02 20:57:23 - [TEST_STEP][PASSED] - ctdc.utilities.runtestcaseforKatalon.multiFunction("ICDC", G_StatBar_Cases, "Object Repository/Canine/Canine_CasesTable", "Object Repository/Canine/Canine_TableHeader", "Object Repository/Canine/Canine_CasesTabNextBtn", G_WebTabnameCases, G_CypherTabnameCases, G_QueryCasesTab): Statbar Arms count matches

2021-09-02 21:00:19 - [MESSAGE][PASSED] - Statbar Files count matches

2021-09-02 21:00:19 - [MESSAGE][PASSED] - Statbar Samples count matches

2021-09-02 21:00:19 - [MESSAGE][PASSED] - Statbar Cases count matches

2021-09-02 21:00:19 - [MESSAGE][PASSED] - Statbar Arms count matches

2021-09-02 21:00:19 - [TEST_STEP][PASSED] - closeBrowser(): Browser is closed

2021-09-02 21:00:20 - [MESSAGE][PASSED] - Browser is closed]]></system-out>
         <system-err><![CDATA[]]></system-err>
      </testcase>
      <testcase name="Test Cases/Canine_TestCases/StudyCombinations/Study-Combinations-UBC02/TC06_Canine_StudyUBC02-Breed_Diagnosis_PrimDiseaseSite" time="107.076" classname="Test Cases/Canine_TestCases/StudyCombinations/Study-Combinations-UBC02/TC06_Canine_StudyUBC02-Breed_Diagnosis_PrimDiseaseSite" status="PASSED">
         <system-out><![CDATA[2021-09-02 21:00:20 - [TEST_CASE][PASSED] - Test Cases/Canine_TestCases/StudyCombinations/Study-Combinations-UBC02/TC06_Canine_StudyUBC02-Breed_Diagnosis_PrimDiseaseSite: Test Cases/Canine_TestCases/StudyCombinations/Study-Combinations-UBC02/TC06_Canine_StudyUBC02-Breed_Diagnosis_PrimDiseaseSite

2021-09-02 21:00:20 - [TEST_STEP][PASSED] - Start listener action : getTestScriptName: null

2021-09-02 21:00:20 - [TEST_STEP][PASSED] - TestCaseId = testCaseContext.getTestCaseId(): null

2021-09-02 21:00:20 - [TEST_STEP][PASSED] - out.println("**********this is the value of test case id string******** " + testCaseContext.getTestCaseId()): null

2021-09-02 21:00:20 - [TEST_STEP][PASSED] - G_currentTCName = TestCaseId.substring(TestCaseId.lastIndexOf("TC")): null

2021-09-02 21:00:20 - [TEST_STEP][PASSED] - out.println("This is the test case name : " + G_currentTCName): null

2021-09-02 21:00:20 - [TEST_STEP][PASSED] - closeBrowser(): Browser is closed

2021-09-02 21:00:20 - [MESSAGE][PASSED] - Browser is closed

2021-09-02 21:00:20 - [TEST_STEP][PASSED] - "Driver opened by Katalon is used in Selenium from this step.": null

2021-09-02 21:00:20 - [TEST_STEP][PASSED] - ctdc.utilities.runtestcaseforKatalon.RunKatalon("TC06_Canine_StudyUBC02-Breed_Diagnosis_PrimDiseaseSite.xlsx"): Data loaded from input file for the test case. 

2021-09-02 21:00:20 - [MESSAGE][PASSED] - Test case file loaded This is the full filepath after converting to string :C:\Users\sohilz2\Commons_Automation\InputFiles\TC06_Canine_StudyUBC02-Breed_Diagnosis_PrimDiseaseSite.xlsx

2021-09-02 21:00:20 - [MESSAGE][INFO] - Global variable set for password file is :  C:\Users\sohilz2\Commons_Automation\InputFiles\TC06_Canine_StudyUBC02-Breed_Diagnosis_PrimDiseaseSite.xlsx

2021-09-02 21:00:24 - [MESSAGE][PASSED] - Data loaded from input file for the test case. 

2021-09-02 21:00:31 - [TEST_STEP][PASSED] - waitForElementPresent(findTestObject("Canine/NavBar/Canine_Cases_Btn"), 10): Object 'Object Repository/Canine/NavBar/Canine_Cases_Btn' is present

2021-09-02 21:00:31 - [MESSAGE][PASSED] - Object 'Object Repository/Canine/NavBar/Canine_Cases_Btn' is present

2021-09-02 21:00:31 - [TEST_STEP][PASSED] - ctdc.utilities.runtestcaseforKatalon.clickTabCanineStat("Canine/NavBar/Canine_Cases_Btn"): ctdc.utilities.runtestcaseforKatalon.clickTabCanineStat is PASSED

2021-09-02 21:00:33 - [MESSAGE][PASSED] - ctdc.utilities.runtestcaseforKatalon.clickTabCanineStat is PASSED

2021-09-02 21:00:33 - [TEST_STEP][PASSED] - waitForElementPresent(findTestObject("Object Repository/Canine/Filter/FilterByCases_Facet"), 10): Object 'Object Repository/Canine/Filter/FilterByCases_Facet' is present

2021-09-02 21:00:34 - [MESSAGE][PASSED] - Object 'Object Repository/Canine/Filter/FilterByCases_Facet' is present

2021-09-02 21:00:34 - [TEST_STEP][PASSED] - ctdc.utilities.runtestcaseforKatalon.clickTabCanineStat("Object Repository/Canine/Filter/FilterByCases_Facet"): ctdc.utilities.runtestcaseforKatalon.clickTabCanineStat is PASSED

2021-09-02 21:00:35 - [MESSAGE][PASSED] - ctdc.utilities.runtestcaseforKatalon.clickTabCanineStat is PASSED

2021-09-02 21:00:35 - [TEST_STEP][PASSED] - waitForElementPresent(findTestObject("Object Repository/Canine/Filter/Study/Canine_Filter_Study"), 10): Object 'Object Repository/Canine/Filter/Study/Canine_Filter_Study' is present

2021-09-02 21:00:35 - [MESSAGE][PASSED] - Object 'Object Repository/Canine/Filter/Study/Canine_Filter_Study' is present

2021-09-02 21:00:35 - [TEST_STEP][PASSED] - ctdc.utilities.runtestcaseforKatalon.clickTabCanineStat("Object Repository/Canine/Filter/Study/Canine_Filter_Study"): ctdc.utilities.runtestcaseforKatalon.clickTabCanineStat is PASSED

2021-09-02 21:00:36 - [MESSAGE][PASSED] - ctdc.utilities.runtestcaseforKatalon.clickTabCanineStat is PASSED

2021-09-02 21:00:36 - [TEST_STEP][PASSED] - waitForElementPresent(findTestObject("Object Repository/Canine/Filter/Study/Canine_Filter_Study-UBC02_Chkbx"), 10): Object 'Object Repository/Canine/Filter/Study/Canine_Filter_Study-UBC02_Chkbx' is present

2021-09-02 21:00:37 - [MESSAGE][PASSED] - Object 'Object Repository/Canine/Filter/Study/Canine_Filter_Study-UBC02_Chkbx' is present

2021-09-02 21:00:37 - [TEST_STEP][PASSED] - ctdc.utilities.runtestcaseforKatalon.clickTabCanineStat("Object Repository/Canine/Filter/Study/Canine_Filter_Study-UBC02_Chkbx"): ctdc.utilities.runtestcaseforKatalon.clickTabCanineStat is PASSED

2021-09-02 21:00:38 - [MESSAGE][PASSED] - ctdc.utilities.runtestcaseforKatalon.clickTabCanineStat is PASSED

2021-09-02 21:00:38 - [TEST_STEP][PASSED] - waitForElementPresent(findTestObject("Object Repository/Canine/Filter/Breed/BREED_Ddn"), 10): Object 'Object Repository/Canine/Filter/Breed/BREED_Ddn' is present

2021-09-02 21:00:38 - [MESSAGE][PASSED] - Object 'Object Repository/Canine/Filter/Breed/BREED_Ddn' is present

2021-09-02 21:00:38 - [TEST_STEP][PASSED] - ctdc.utilities.runtestcaseforKatalon.clickTabCanineStat("Object Repository/Canine/Filter/Breed/BREED_Ddn"): ctdc.utilities.runtestcaseforKatalon.clickTabCanineStat is PASSED

2021-09-02 21:00:39 - [MESSAGE][PASSED] - ctdc.utilities.runtestcaseforKatalon.clickTabCanineStat is PASSED

2021-09-02 21:00:39 - [TEST_STEP][PASSED] - waitForElementPresent(findTestObject("Object Repository/Canine/Filter/Breed/Mixed_Chkbx"), 10): Object 'Object Repository/Canine/Filter/Breed/Mixed_Chkbx' is present

2021-09-02 21:00:39 - [MESSAGE][PASSED] - Object 'Object Repository/Canine/Filter/Breed/Mixed_Chkbx' is present

2021-09-02 21:00:39 - [TEST_STEP][PASSED] - ctdc.utilities.runtestcaseforKatalon.clickTabCanineStat("Object Repository/Canine/Filter/Breed/Mixed_Chkbx"): ctdc.utilities.runtestcaseforKatalon.clickTabCanineStat is PASSED

2021-09-02 21:00:41 - [MESSAGE][PASSED] - ctdc.utilities.runtestcaseforKatalon.clickTabCanineStat is PASSED

2021-09-02 21:00:41 - [TEST_STEP][PASSED] - waitForElementPresent(findTestObject("Object Repository/Canine/Filter/Breed/ScottTerr_Chkbx"), 10): Object 'Object Repository/Canine/Filter/Breed/ScottTerr_Chkbx' is present

2021-09-02 21:00:41 - [MESSAGE][PASSED] - Object 'Object Repository/Canine/Filter/Breed/ScottTerr_Chkbx' is present

2021-09-02 21:00:41 - [TEST_STEP][PASSED] - ctdc.utilities.runtestcaseforKatalon.clickTabCanineStat("Object Repository/Canine/Filter/Breed/ScottTerr_Chkbx"): ctdc.utilities.runtestcaseforKatalon.clickTabCanineStat is PASSED

2021-09-02 21:00:42 - [MESSAGE][PASSED] - ctdc.utilities.runtestcaseforKatalon.clickTabCanineStat is PASSED

2021-09-02 21:00:42 - [TEST_STEP][PASSED] - waitForElementPresent(findTestObject("Object Repository/Canine/Filter/Breed/ShetlandShpdog_Chkbx"), 10): Object 'Object Repository/Canine/Filter/Breed/ShetlandShpdog_Chkbx' is present

2021-09-02 21:00:42 - [MESSAGE][PASSED] - Object 'Object Repository/Canine/Filter/Breed/ShetlandShpdog_Chkbx' is present

2021-09-02 21:00:42 - [TEST_STEP][PASSED] - ctdc.utilities.runtestcaseforKatalon.clickTabCanineStat("Object Repository/Canine/Filter/Breed/ShetlandShpdog_Chkbx"): ctdc.utilities.runtestcaseforKatalon.clickTabCanineStat is PASSED

2021-09-02 21:00:44 - [MESSAGE][PASSED] - ctdc.utilities.runtestcaseforKatalon.clickTabCanineStat is PASSED

2021-09-02 21:00:44 - [TEST_STEP][PASSED] - ctdc.utilities.runtestcaseforKatalon.clickTab("Object Repository/Canine/Filter/Breed/BREED_Ddn"): ctdc.utilities.runtestcaseforKatalon.clickTab is PASSED

2021-09-02 21:00:44 - [MESSAGE][PASSED] - ctdc.utilities.runtestcaseforKatalon.clickTab is PASSED

2021-09-02 21:00:44 - [TEST_STEP][PASSED] - waitForElementPresent(findTestObject("Object Repository/Canine/Filter/Diagnosis/DIAGNOSIS_Ddn"), 10): Object 'Object Repository/Canine/Filter/Diagnosis/DIAGNOSIS_Ddn' is present

2021-09-02 21:00:44 - [MESSAGE][PASSED] - Object 'Object Repository/Canine/Filter/Diagnosis/DIAGNOSIS_Ddn' is present

2021-09-02 21:00:44 - [TEST_STEP][PASSED] - ctdc.utilities.runtestcaseforKatalon.clickTabCanineStat("Object Repository/Canine/Filter/Diagnosis/DIAGNOSIS_Ddn"): ctdc.utilities.runtestcaseforKatalon.clickTabCanineStat is PASSED

2021-09-02 21:00:45 - [MESSAGE][PASSED] - ctdc.utilities.runtestcaseforKatalon.clickTabCanineStat is PASSED

2021-09-02 21:00:45 - [TEST_STEP][PASSED] - waitForElementPresent(findTestObject("Object Repository/Canine/Filter/Diagnosis/BladderCancer_Chkbx"), 10): Object 'Object Repository/Canine/Filter/Diagnosis/BladderCancer_Chkbx' is present

2021-09-02 21:00:45 - [MESSAGE][PASSED] - Object 'Object Repository/Canine/Filter/Diagnosis/BladderCancer_Chkbx' is present

2021-09-02 21:00:45 - [TEST_STEP][PASSED] - ctdc.utilities.runtestcaseforKatalon.clickTabCanineStat("Object Repository/Canine/Filter/Diagnosis/BladderCancer_Chkbx"): ctdc.utilities.runtestcaseforKatalon.clickTabCanineStat is PASSED

2021-09-02 21:00:47 - [MESSAGE][PASSED] - ctdc.utilities.runtestcaseforKatalon.clickTabCanineStat is PASSED

2021-09-02 21:00:47 - [TEST_STEP][PASSED] - waitForElementPresent(findTestObject("Object Repository/Canine/Filter/Diagnosis/HealthyControl_Chkbx"), 10): Object 'Object Repository/Canine/Filter/Diagnosis/HealthyControl_Chkbx' is present

2021-09-02 21:00:47 - [MESSAGE][PASSED] - Object 'Object Repository/Canine/Filter/Diagnosis/HealthyControl_Chkbx' is present

2021-09-02 21:00:47 - [TEST_STEP][PASSED] - ctdc.utilities.runtestcaseforKatalon.clickTabCanineStat("Object Repository/Canine/Filter/Diagnosis/HealthyControl_Chkbx"): ctdc.utilities.runtestcaseforKatalon.clickTabCanineStat is PASSED

2021-09-02 21:00:48 - [MESSAGE][PASSED] - ctdc.utilities.runtestcaseforKatalon.clickTabCanineStat is PASSED

2021-09-02 21:00:48 - [TEST_STEP][PASSED] - ctdc.utilities.runtestcaseforKatalon.clickTab("Object Repository/Canine/Filter/Diagnosis/DIAGNOSIS_Ddn"): ctdc.utilities.runtestcaseforKatalon.clickTab is PASSED

2021-09-02 21:00:48 - [MESSAGE][PASSED] - ctdc.utilities.runtestcaseforKatalon.clickTab is PASSED

2021-09-02 21:00:48 - [TEST_STEP][PASSED] - waitForElementPresent(findTestObject("Object Repository/Canine/Filter/PrimDiseaseSite/PRIMARYDISEASESITE_Ddn"), 10): Object 'Object Repository/Canine/Filter/PrimDiseaseSite/PRIMARYDISEASESITE_Ddn' is present

2021-09-02 21:00:48 - [MESSAGE][PASSED] - Object 'Object Repository/Canine/Filter/PrimDiseaseSite/PRIMARYDISEASESITE_Ddn' is present

2021-09-02 21:00:48 - [TEST_STEP][PASSED] - ctdc.utilities.runtestcaseforKatalon.clickTabCanineStat("Object Repository/Canine/Filter/PrimDiseaseSite/PRIMARYDISEASESITE_Ddn"): ctdc.utilities.runtestcaseforKatalon.clickTabCanineStat is PASSED

2021-09-02 21:00:49 - [MESSAGE][PASSED] - ctdc.utilities.runtestcaseforKatalon.clickTabCanineStat is PASSED

2021-09-02 21:00:49 - [TEST_STEP][PASSED] - waitForElementPresent(findTestObject("Object Repository/Canine/Filter/PrimDiseaseSite/Bladder_Chkbx"), 10): Object 'Object Repository/Canine/Filter/PrimDiseaseSite/Bladder_Chkbx' is present

2021-09-02 21:00:50 - [MESSAGE][PASSED] - Object 'Object Repository/Canine/Filter/PrimDiseaseSite/Bladder_Chkbx' is present

2021-09-02 21:00:50 - [TEST_STEP][PASSED] - ctdc.utilities.runtestcaseforKatalon.clickTabCanineStat("Object Repository/Canine/Filter/PrimDiseaseSite/Bladder_Chkbx"): ctdc.utilities.runtestcaseforKatalon.clickTabCanineStat is PASSED

2021-09-02 21:00:51 - [MESSAGE][PASSED] - ctdc.utilities.runtestcaseforKatalon.clickTabCanineStat is PASSED

2021-09-02 21:00:51 - [TEST_STEP][PASSED] - waitForElementPresent(findTestObject("Object Repository/Canine/Filter/PrimDiseaseSite/BladderUrethra_Chkbx"), 10): Object 'Object Repository/Canine/Filter/PrimDiseaseSite/BladderUrethra_Chkbx' is present

2021-09-02 21:00:51 - [MESSAGE][PASSED] - Object 'Object Repository/Canine/Filter/PrimDiseaseSite/BladderUrethra_Chkbx' is present

2021-09-02 21:00:51 - [TEST_STEP][PASSED] - ctdc.utilities.runtestcaseforKatalon.clickTabCanineStat("Object Repository/Canine/Filter/PrimDiseaseSite/BladderUrethra_Chkbx"): ctdc.utilities.runtestcaseforKatalon.clickTabCanineStat is PASSED

2021-09-02 21:00:52 - [MESSAGE][PASSED] - ctdc.utilities.runtestcaseforKatalon.clickTabCanineStat is PASSED

2021-09-02 21:00:52 - [TEST_STEP][PASSED] - waitForElementPresent(findTestObject("Object Repository/Canine/Filter/PrimDiseaseSite/BladderUrethraProstate_Chkbx"), 10): Object 'Object Repository/Canine/Filter/PrimDiseaseSite/BladderUrethraProstate_Chkbx' is present

2021-09-02 21:00:52 - [MESSAGE][PASSED] - Object 'Object Repository/Canine/Filter/PrimDiseaseSite/BladderUrethraProstate_Chkbx' is present

2021-09-02 21:00:52 - [TEST_STEP][PASSED] - ctdc.utilities.runtestcaseforKatalon.clickTabCanineStat("Object Repository/Canine/Filter/PrimDiseaseSite/BladderUrethraProstate_Chkbx"): ctdc.utilities.runtestcaseforKatalon.clickTabCanineStat is PASSED

2021-09-02 21:00:53 - [MESSAGE][PASSED] - ctdc.utilities.runtestcaseforKatalon.clickTabCanineStat is PASSED

2021-09-02 21:00:53 - [TEST_STEP][PASSED] - waitForElementPresent(findTestObject("Object Repository/Canine/Filter/PrimDiseaseSite/BladderUrethraVagina_Chkbx"), 10): Object 'Object Repository/Canine/Filter/PrimDiseaseSite/BladderUrethraVagina_Chkbx' is present

2021-09-02 21:00:54 - [MESSAGE][PASSED] - Object 'Object Repository/Canine/Filter/PrimDiseaseSite/BladderUrethraVagina_Chkbx' is present

2021-09-02 21:00:54 - [TEST_STEP][PASSED] - ctdc.utilities.runtestcaseforKatalon.clickTabCanineStat("Object Repository/Canine/Filter/PrimDiseaseSite/BladderUrethraVagina_Chkbx"): ctdc.utilities.runtestcaseforKatalon.clickTabCanineStat is PASSED

2021-09-02 21:00:55 - [MESSAGE][PASSED] - ctdc.utilities.runtestcaseforKatalon.clickTabCanineStat is PASSED

2021-09-02 21:00:55 - [TEST_STEP][PASSED] - ctdc.utilities.runtestcaseforKatalon.clickTab("Object Repository/Canine/Filter/PrimDiseaseSite/PRIMARYDISEASESITE_Ddn"): ctdc.utilities.runtestcaseforKatalon.clickTab is PASSED

2021-09-02 21:00:55 - [MESSAGE][PASSED] - ctdc.utilities.runtestcaseforKatalon.clickTab is PASSED

2021-09-02 21:00:55 - [TEST_STEP][PASSED] - ctdc.utilities.runtestcaseforKatalon.readStatBarCanine("Object Repository/Canine/StatBar/Canine_StatBar-Studies", "Object Repository/Canine/StatBar/Canine_StatBar-Cases", "Object Repository/Canine/StatBar/Canine_StatBar-Samples", "Object Repository/Canine/StatBar/Canine_StatBar-Files", "Object Repository/Canine/StatBar/Canine_StatBar-Aliquots"): ctdc.utilities.runtestcaseforKatalon.readStatBarCanine is PASSED

2021-09-02 21:01:11 - [MESSAGE][PASSED] - ctdc.utilities.runtestcaseforKatalon.readStatBarCanine is PASSED

2021-09-02 21:01:11 - [TEST_STEP][PASSED] - waitForElementPresent(findTestObject("Object Repository/Canine/CanineResults_Cases_Tab"), 5): Object 'Object Repository/Canine/CanineResults_Cases_Tab' is present

2021-09-02 21:01:11 - [MESSAGE][PASSED] - Object 'Object Repository/Canine/CanineResults_Cases_Tab' is present

2021-09-02 21:01:11 - [TEST_STEP][PASSED] - ctdc.utilities.runtestcaseforKatalon.clickTab("Object Repository/Canine/CanineResults_Cases_Tab"): ctdc.utilities.runtestcaseforKatalon.clickTab is PASSED

2021-09-02 21:01:11 - [MESSAGE][PASSED] - ctdc.utilities.runtestcaseforKatalon.clickTab is PASSED

2021-09-02 21:01:11 - [TEST_STEP][PASSED] - ctdc.utilities.runtestcaseforKatalon.multiFunction("ICDC", G_StatBar_Cases, "Object Repository/Canine/Canine_CasesTable", "Object Repository/Canine/Canine_TableHeader", "Object Repository/Canine/Canine_CasesTabNextBtn", G_WebTabnameCases, G_CypherTabnameCases, G_QueryCasesTab): Statbar Arms count matches

2021-09-02 21:02:06 - [MESSAGE][PASSED] - Statbar Files count matches

2021-09-02 21:02:06 - [MESSAGE][PASSED] - Statbar Samples count matches

2021-09-02 21:02:06 - [MESSAGE][PASSED] - Statbar Cases count matches

2021-09-02 21:02:06 - [MESSAGE][PASSED] - Statbar Arms count matches

2021-09-02 21:02:06 - [TEST_STEP][PASSED] - closeBrowser(): Browser is closed

2021-09-02 21:02:07 - [MESSAGE][PASSED] - Browser is closed]]></system-out>
         <system-err><![CDATA[]]></system-err>
      </testcase>
      <system-out><![CDATA[2021-09-02 18:29:14 - [TEST_SUITE][PASSED] - ICDC_Smoke: Test Cases/Canine_TestCases/StudyCombinations/Study-Combinations-UBC02/TC06_Canine_StudyUBC02-Breed_Diagnosis_PrimDiseaseSite]]></system-out>
      <system-err><![CDATA[]]></system-err>
   </testsuite>
</testsuites>
