<?xml version="1.0" encoding="UTF-8"?>
<testsuites name="Bento_Smoke" time="7090.391" tests="30" failures="0" errors="0">
   <testsuite name="Bento_Smoke" tests="30" failures="0" errors="0" time="7090.391" skipped="0" timestamp="2022-04-22 19:15:49" hostname="sohilz2 - host.docker.internal" id="Test Suites/Bento_Smoke">
      <properties>
         <property name="deviceName" value=""/>
         <property name="devicePlatform" value=""/>
         <property name="logFolder" value="C:\\Users\\sohilz2\\Commons_Automation\\Reports\\20220422_191545\\Bento_Smoke\\20220422_191545"/>
         <property name="logFiles" value="C:\\Users\\sohilz2\\Commons_Automation\\Reports\\20220422_191545\\Bento_Smoke\\20220422_191545\\execution0.log"/>
         <property name="attachments" value=""/>
         <property name="hostName" value="sohilz2 - host.docker.internal"/>
         <property name="os" value="Windows 10 64bit"/>
         <property name="katalonVersion" value="8.2.0.208"/>
         <property name="browser" value="Chrome 100.0.4896.127"/>
         <property name="hostAddress" value="192.168.0.86"/>
         <property name="sessionId" value="56df9569123731c6072023962cc13982"/>
         <property name="seleniumVersion" value="3.141.59"/>
         <property name="proxyInformation" value="ProxyInformation { proxyOption=NO_PROXY, proxyServerType=HTTP, username=, password=********, proxyServerAddress=, proxyServerPort=0, executionList=&quot;&quot;, isApplyToDesiredCapabilities=true }"/>
         <property name="platform" value="Windows 10"/>
      </properties>
      <testcase name="Test Cases/Bento_TestCases/Chemotherapy/TC02_Bento_Filter_Chemo-DoseDenseAC2Taxane" time="149.117" classname="Test Cases/Bento_TestCases/Chemotherapy/TC02_Bento_Filter_Chemo-DoseDenseAC2Taxane" status="PASSED">
         <system-out><![CDATA[2022-04-22 19:15:50 - [TEST_CASE][PASSED] - Test Cases/Bento_TestCases/Chemotherapy/TC02_Bento_Filter_Chemo-DoseDenseAC2Taxane: Test Cases/Bento_TestCases/Chemotherapy/TC02_Bento_Filter_Chemo-DoseDenseAC2Taxane

2022-04-22 19:15:50 - [TEST_STEP][PASSED] - Start listener action : getTestScriptName: null

2022-04-22 19:15:50 - [TEST_STEP][PASSED] - TestCaseId = testCaseContext.getTestCaseId(): null

2022-04-22 19:15:50 - [TEST_STEP][PASSED] - out.println("**********this is the value of test case id string******** " + testCaseContext.getTestCaseId()): null

2022-04-22 19:15:50 - [TEST_STEP][PASSED] - G_currentTCName = TestCaseId.substring(TestCaseId.lastIndexOf("TC")): null

2022-04-22 19:15:50 - [TEST_STEP][PASSED] - out.println("This is the test case name : " + G_currentTCName): null

2022-04-22 19:15:51 - [TEST_STEP][PASSED] - closeBrowser(): Browser is closed

2022-04-22 19:15:51 - [MESSAGE][PASSED] - Browser is closed

2022-04-22 19:15:51 - [TEST_STEP][PASSED] - ctdc.utilities.runtestcaseforKatalon.RunKatalon("TC02_Bento_Filter_Chemo-DoseDenseAC2Taxane.xlsx"): Data loaded from input file for the test case. 

2022-04-22 19:15:51 - [MESSAGE][PASSED] - Test case file loaded This is the full filepath after converting to string :C:\Users\sohilz2\Commons_Automation\InputFiles\TC02_Bento_Filter_Chemo-DoseDenseAC2Taxane.xlsx

2022-04-22 19:15:51 - [MESSAGE][INFO] - Global variable set for password file is :  C:\Users\sohilz2\Commons_Automation\InputFiles\TC02_Bento_Filter_Chemo-DoseDenseAC2Taxane.xlsx

2022-04-22 19:15:56 - [MESSAGE][PASSED] - Data loaded from input file for the test case. 

2022-04-22 19:16:12 - [TEST_STEP][PASSED] - waitForElementClickable(findTestObject("Object Repository/Bento/NavBar/Bento_Cases-Btn"), 5): Object 'Object Repository/Bento/NavBar/Bento_Cases-Btn' is clickable

2022-04-22 19:16:12 - [MESSAGE][PASSED] - Object 'Object Repository/Bento/NavBar/Bento_Cases-Btn' is clickable

2022-04-22 19:16:12 - [TEST_STEP][PASSED] - ctdc.utilities.runtestcaseforKatalon.clickTab("Object Repository/Bento/NavBar/Bento_Cases-Btn"): ctdc.utilities.runtestcaseforKatalon.clickTab is PASSED

2022-04-22 19:16:12 - [MESSAGE][PASSED] - ctdc.utilities.runtestcaseforKatalon.clickTab is PASSED

2022-04-22 19:16:12 - [TEST_STEP][PASSED] - waitForElementClickable(findTestObject("Bento/Cases_page/Filter/Chemotherapy/Chemotherapy_Ddn"), 5): Object 'Object Repository/Bento/Cases_page/Filter/Chemotherapy/Chemotherapy_Ddn' is clickable

2022-04-22 19:16:13 - [MESSAGE][PASSED] - Object 'Object Repository/Bento/Cases_page/Filter/Chemotherapy/Chemotherapy_Ddn' is clickable

2022-04-22 19:16:13 - [TEST_STEP][PASSED] - ctdc.utilities.runtestcaseforKatalon.clickTab("Bento/Cases_page/Filter/Chemotherapy/Chemotherapy_Ddn"): ctdc.utilities.runtestcaseforKatalon.clickTab is PASSED

2022-04-22 19:16:13 - [MESSAGE][PASSED] - ctdc.utilities.runtestcaseforKatalon.clickTab is PASSED

2022-04-22 19:16:13 - [TEST_STEP][PASSED] - ctdc.utilities.runtestcaseforKatalon.clickTab("Object Repository/Bento/Cases_page/Filter/Chemotherapy/DoseDenseACTaxane_Chkbx"): ctdc.utilities.runtestcaseforKatalon.clickTab is PASSED

2022-04-22 19:16:13 - [MESSAGE][PASSED] - ctdc.utilities.runtestcaseforKatalon.clickTab is PASSED

2022-04-22 19:16:13 - [TEST_STEP][PASSED] - ctdc.utilities.runtestcaseforKatalon.readStatBarBento("Object Repository/Bento/StatBar/Bento_StatBar-Programs", "Object Repository/Bento/StatBar/Bento_StatBar-Arms", "Object Repository/Bento/StatBar/Bento_StatBar-Cases", "Object Repository/Bento/StatBar/Bento_StatBar-Samples", "Object Repository/Bento/StatBar/Bento_StatBar-Assays", "Object Repository/Bento/StatBar/Bento_StatBar-Files"): ctdc.utilities.runtestcaseforKatalon.readStatBarBento is PASSED

2022-04-22 19:16:22 - [MESSAGE][PASSED] - ctdc.utilities.runtestcaseforKatalon.readStatBarBento is PASSED

2022-04-22 19:16:22 - [TEST_STEP][PASSED] - waitForElementPresent(findTestObject("Object Repository/Bento/Cases_page/BentoResults_Cases_Tab"), 5): Object 'Object Repository/Bento/Cases_page/BentoResults_Cases_Tab' is present

2022-04-22 19:16:22 - [MESSAGE][PASSED] - Object 'Object Repository/Bento/Cases_page/BentoResults_Cases_Tab' is present

2022-04-22 19:16:22 - [TEST_STEP][PASSED] - ctdc.utilities.runtestcaseforKatalon.clickTab("Object Repository/Bento/Cases_page/BentoResults_Cases_Tab"): ctdc.utilities.runtestcaseforKatalon.clickTab is PASSED

2022-04-22 19:16:22 - [MESSAGE][PASSED] - ctdc.utilities.runtestcaseforKatalon.clickTab is PASSED

2022-04-22 19:16:22 - [TEST_STEP][PASSED] - ctdc.utilities.runtestcaseforKatalon.multiFunction("Bento", G_StatBar_Cases, "Object Repository/Bento/Cases_page/Bento_CasesTable", "Object Repository/Bento/Cases_page/Bento_CasesTableHeader", "Object Repository/Bento/Cases_page/Bento_CasesTabNextBtn", G_WebTabnameCases, G_CypherTabnameCases, G_QueryCasesTab): Statbar Files count matches

2022-04-22 19:17:03 - [MESSAGE][PASSED] - Statbar Programs count matches

2022-04-22 19:17:03 - [MESSAGE][PASSED] - Statbar Arms count matches

2022-04-22 19:17:03 - [MESSAGE][PASSED] - Statbar Cases count matches

2022-04-22 19:17:03 - [MESSAGE][PASSED] - Statbar Samples count matches

2022-04-22 19:17:03 - [MESSAGE][PASSED] - Statbar Assays count matches

2022-04-22 19:17:03 - [MESSAGE][PASSED] - Statbar Files count matches

2022-04-22 19:17:03 - [TEST_STEP][PASSED] - waitForElementPresent(findTestObject("Object Repository/Bento/Cases_page/BentoResults_Samples_Tab"), 5): Object 'Object Repository/Bento/Cases_page/BentoResults_Samples_Tab' is present

2022-04-22 19:17:03 - [MESSAGE][PASSED] - Object 'Object Repository/Bento/Cases_page/BentoResults_Samples_Tab' is present

2022-04-22 19:17:03 - [TEST_STEP][PASSED] - ctdc.utilities.runtestcaseforKatalon.clickTab("Object Repository/Bento/Cases_page/BentoResults_Samples_Tab"): ctdc.utilities.runtestcaseforKatalon.clickTab is PASSED

2022-04-22 19:17:04 - [MESSAGE][PASSED] - ctdc.utilities.runtestcaseforKatalon.clickTab is PASSED

2022-04-22 19:17:04 - [TEST_STEP][PASSED] - ctdc.utilities.runtestcaseforKatalon.multiFunction("Bento", G_StatBar_Cases, "Object Repository/Bento/Cases_page/Bento_SamplesTable", "Object Repository/Bento/Cases_page/Bento_SamplesTableHeader", "Object Repository/Bento/Cases_page/Bento_SamplesTabNextBtn", G_WebTabnameSamples, G_CypherTabnameSamples, G_QuerySamplesTab): Statbar Files count matches

2022-04-22 19:17:42 - [MESSAGE][PASSED] - Statbar Programs count matches

2022-04-22 19:17:42 - [MESSAGE][PASSED] - Statbar Arms count matches

2022-04-22 19:17:42 - [MESSAGE][PASSED] - Statbar Cases count matches

2022-04-22 19:17:42 - [MESSAGE][PASSED] - Statbar Samples count matches

2022-04-22 19:17:42 - [MESSAGE][PASSED] - Statbar Assays count matches

2022-04-22 19:17:42 - [MESSAGE][PASSED] - Statbar Files count matches

2022-04-22 19:17:42 - [TEST_STEP][PASSED] - waitForElementPresent(findTestObject("Object Repository/Bento/Cases_page/BentoResults_Files_Tab"), 5): Object 'Object Repository/Bento/Cases_page/BentoResults_Files_Tab' is present

2022-04-22 19:17:42 - [MESSAGE][PASSED] - Object 'Object Repository/Bento/Cases_page/BentoResults_Files_Tab' is present

2022-04-22 19:17:42 - [TEST_STEP][PASSED] - ctdc.utilities.runtestcaseforKatalon.clickTab("Object Repository/Bento/Cases_page/BentoResults_Files_Tab"): ctdc.utilities.runtestcaseforKatalon.clickTab is PASSED

2022-04-22 19:17:43 - [MESSAGE][PASSED] - ctdc.utilities.runtestcaseforKatalon.clickTab is PASSED

2022-04-22 19:17:43 - [TEST_STEP][PASSED] - ctdc.utilities.runtestcaseforKatalon.multiFunction("Bento", G_StatBar_Files, "Object Repository/Bento/Cases_page/Bento_FilesTable", "Object Repository/Bento/Cases_page/Bento_FilesTableHeader", "Object Repository/Bento/Cases_page/Bento_FilesTabNextBtn", G_WebTabnameFiles, G_CypherTabnameFiles, G_QueryFilesTab): Statbar Files count matches

2022-04-22 19:18:19 - [MESSAGE][PASSED] - Statbar Programs count matches

2022-04-22 19:18:19 - [MESSAGE][PASSED] - Statbar Arms count matches

2022-04-22 19:18:19 - [MESSAGE][PASSED] - Statbar Cases count matches

2022-04-22 19:18:19 - [MESSAGE][PASSED] - Statbar Samples count matches

2022-04-22 19:18:19 - [MESSAGE][PASSED] - Statbar Assays count matches

2022-04-22 19:18:19 - [MESSAGE][PASSED] - Statbar Files count matches

2022-04-22 19:18:19 - [TEST_STEP][PASSED] - closeBrowser(): Browser is closed

2022-04-22 19:18:19 - [MESSAGE][PASSED] - Browser is closed]]></system-out>
         <system-err><![CDATA[]]></system-err>
      </testcase>
      <testcase name="Test Cases/Bento_TestCases/Chemotherapy/TC09_Bento_Filter_Chemo-OtherWithoutTaxane" time="80.124" classname="Test Cases/Bento_TestCases/Chemotherapy/TC09_Bento_Filter_Chemo-OtherWithoutTaxane" status="PASSED">
         <system-out><![CDATA[2022-04-22 19:18:19 - [TEST_CASE][PASSED] - Test Cases/Bento_TestCases/Chemotherapy/TC09_Bento_Filter_Chemo-OtherWithoutTaxane: Test Cases/Bento_TestCases/Chemotherapy/TC09_Bento_Filter_Chemo-OtherWithoutTaxane

2022-04-22 19:18:19 - [TEST_STEP][PASSED] - Start listener action : getTestScriptName: null

2022-04-22 19:18:19 - [TEST_STEP][PASSED] - TestCaseId = testCaseContext.getTestCaseId(): null

2022-04-22 19:18:19 - [TEST_STEP][PASSED] - out.println("**********this is the value of test case id string******** " + testCaseContext.getTestCaseId()): null

2022-04-22 19:18:19 - [TEST_STEP][PASSED] - G_currentTCName = TestCaseId.substring(TestCaseId.lastIndexOf("TC")): null

2022-04-22 19:18:19 - [TEST_STEP][PASSED] - out.println("This is the test case name : " + G_currentTCName): null

2022-04-22 19:18:20 - [TEST_STEP][PASSED] - closeBrowser(): Browser is closed

2022-04-22 19:18:20 - [MESSAGE][PASSED] - Browser is closed

2022-04-22 19:18:20 - [TEST_STEP][PASSED] - ctdc.utilities.runtestcaseforKatalon.RunKatalon("TC09_Bento_Filter_Chemo-OtherWithoutTaxane.xlsx"): Data loaded from input file for the test case. 

2022-04-22 19:18:20 - [MESSAGE][PASSED] - Test case file loaded This is the full filepath after converting to string :C:\Users\sohilz2\Commons_Automation\InputFiles\TC09_Bento_Filter_Chemo-OtherWithoutTaxane.xlsx

2022-04-22 19:18:20 - [MESSAGE][INFO] - Global variable set for password file is :  C:\Users\sohilz2\Commons_Automation\InputFiles\TC09_Bento_Filter_Chemo-OtherWithoutTaxane.xlsx

2022-04-22 19:18:24 - [MESSAGE][PASSED] - Data loaded from input file for the test case. 

2022-04-22 19:18:35 - [TEST_STEP][PASSED] - waitForElementClickable(findTestObject("Object Repository/Bento/NavBar/Bento_Cases-Btn"), 5): Object 'Object Repository/Bento/NavBar/Bento_Cases-Btn' is clickable

2022-04-22 19:18:35 - [MESSAGE][PASSED] - Object 'Object Repository/Bento/NavBar/Bento_Cases-Btn' is clickable

2022-04-22 19:18:35 - [TEST_STEP][PASSED] - ctdc.utilities.runtestcaseforKatalon.clickTab("Object Repository/Bento/NavBar/Bento_Cases-Btn"): ctdc.utilities.runtestcaseforKatalon.clickTab is PASSED

2022-04-22 19:18:35 - [MESSAGE][PASSED] - ctdc.utilities.runtestcaseforKatalon.clickTab is PASSED

2022-04-22 19:18:35 - [TEST_STEP][PASSED] - waitForElementClickable(findTestObject("Bento/Cases_page/Filter/Chemotherapy/Chemotherapy_Ddn"), 5): Object 'Object Repository/Bento/Cases_page/Filter/Chemotherapy/Chemotherapy_Ddn' is clickable

2022-04-22 19:18:36 - [MESSAGE][PASSED] - Object 'Object Repository/Bento/Cases_page/Filter/Chemotherapy/Chemotherapy_Ddn' is clickable

2022-04-22 19:18:36 - [TEST_STEP][PASSED] - ctdc.utilities.runtestcaseforKatalon.clickTab("Bento/Cases_page/Filter/Chemotherapy/Chemotherapy_Ddn"): ctdc.utilities.runtestcaseforKatalon.clickTab is PASSED

2022-04-22 19:18:36 - [MESSAGE][PASSED] - ctdc.utilities.runtestcaseforKatalon.clickTab is PASSED

2022-04-22 19:18:36 - [TEST_STEP][PASSED] - ctdc.utilities.runtestcaseforKatalon.clickTab("Object Repository/Bento/Cases_page/Filter/Chemotherapy/OtherAnthraWithNoTaxane_Chkbx"): ctdc.utilities.runtestcaseforKatalon.clickTab is PASSED

2022-04-22 19:18:36 - [MESSAGE][PASSED] - ctdc.utilities.runtestcaseforKatalon.clickTab is PASSED

2022-04-22 19:18:36 - [TEST_STEP][PASSED] - ctdc.utilities.runtestcaseforKatalon.clickTab("Object Repository/Bento/Cases_page/Filter/Chemotherapy/Chemotherapy_Ddn"): ctdc.utilities.runtestcaseforKatalon.clickTab is PASSED

2022-04-22 19:18:37 - [MESSAGE][PASSED] - ctdc.utilities.runtestcaseforKatalon.clickTab is PASSED

2022-04-22 19:18:37 - [TEST_STEP][PASSED] - ctdc.utilities.runtestcaseforKatalon.readStatBarBento("Object Repository/Bento/StatBar/Bento_StatBar-Programs", "Object Repository/Bento/StatBar/Bento_StatBar-Arms", "Object Repository/Bento/StatBar/Bento_StatBar-Cases", "Object Repository/Bento/StatBar/Bento_StatBar-Samples", "Object Repository/Bento/StatBar/Bento_StatBar-Assays", "Object Repository/Bento/StatBar/Bento_StatBar-Files"): ctdc.utilities.runtestcaseforKatalon.readStatBarBento is PASSED

2022-04-22 19:18:45 - [MESSAGE][PASSED] - ctdc.utilities.runtestcaseforKatalon.readStatBarBento is PASSED

2022-04-22 19:18:45 - [TEST_STEP][PASSED] - waitForElementPresent(findTestObject("Object Repository/Bento/Cases_page/BentoResults_Cases_Tab"), 5): Object 'Object Repository/Bento/Cases_page/BentoResults_Cases_Tab' is present

2022-04-22 19:18:45 - [MESSAGE][PASSED] - Object 'Object Repository/Bento/Cases_page/BentoResults_Cases_Tab' is present

2022-04-22 19:18:45 - [TEST_STEP][PASSED] - ctdc.utilities.runtestcaseforKatalon.clickTab("Object Repository/Bento/Cases_page/BentoResults_Cases_Tab"): ctdc.utilities.runtestcaseforKatalon.clickTab is PASSED

2022-04-22 19:18:46 - [MESSAGE][PASSED] - ctdc.utilities.runtestcaseforKatalon.clickTab is PASSED

2022-04-22 19:18:46 - [TEST_STEP][PASSED] - ctdc.utilities.runtestcaseforKatalon.multiFunction("Bento", G_StatBar_Cases, "Object Repository/Bento/Cases_page/Bento_CasesTable", "Object Repository/Bento/Cases_page/Bento_CasesTableHeader", "Object Repository/Bento/Cases_page/Bento_CasesTabNextBtn", G_WebTabnameCases, G_CypherTabnameCases, G_QueryCasesTab): Statbar Files count matches

2022-04-22 19:19:03 - [MESSAGE][PASSED] - Statbar Programs count matches

2022-04-22 19:19:03 - [MESSAGE][PASSED] - Statbar Arms count matches

2022-04-22 19:19:03 - [MESSAGE][PASSED] - Statbar Cases count matches

2022-04-22 19:19:03 - [MESSAGE][PASSED] - Statbar Samples count matches

2022-04-22 19:19:03 - [MESSAGE][PASSED] - Statbar Assays count matches

2022-04-22 19:19:03 - [MESSAGE][PASSED] - Statbar Files count matches

2022-04-22 19:19:03 - [TEST_STEP][PASSED] - waitForElementPresent(findTestObject("Object Repository/Bento/Cases_page/BentoResults_Samples_Tab"), 5): Object 'Object Repository/Bento/Cases_page/BentoResults_Samples_Tab' is present

2022-04-22 19:19:03 - [MESSAGE][PASSED] - Object 'Object Repository/Bento/Cases_page/BentoResults_Samples_Tab' is present

2022-04-22 19:19:03 - [TEST_STEP][PASSED] - ctdc.utilities.runtestcaseforKatalon.clickTab("Object Repository/Bento/Cases_page/BentoResults_Samples_Tab"): ctdc.utilities.runtestcaseforKatalon.clickTab is PASSED

2022-04-22 19:19:03 - [MESSAGE][PASSED] - ctdc.utilities.runtestcaseforKatalon.clickTab is PASSED

2022-04-22 19:19:03 - [TEST_STEP][PASSED] - ctdc.utilities.runtestcaseforKatalon.multiFunction("Bento", G_StatBar_Cases, "Object Repository/Bento/Cases_page/Bento_SamplesTable", "Object Repository/Bento/Cases_page/Bento_SamplesTableHeader", "Object Repository/Bento/Cases_page/Bento_SamplesTabNextBtn", G_WebTabnameSamples, G_CypherTabnameSamples, G_QuerySamplesTab): Statbar Files count matches

2022-04-22 19:19:21 - [MESSAGE][PASSED] - Statbar Programs count matches

2022-04-22 19:19:21 - [MESSAGE][PASSED] - Statbar Arms count matches

2022-04-22 19:19:21 - [MESSAGE][PASSED] - Statbar Cases count matches

2022-04-22 19:19:21 - [MESSAGE][PASSED] - Statbar Samples count matches

2022-04-22 19:19:21 - [MESSAGE][PASSED] - Statbar Assays count matches

2022-04-22 19:19:21 - [MESSAGE][PASSED] - Statbar Files count matches

2022-04-22 19:19:21 - [TEST_STEP][PASSED] - waitForElementPresent(findTestObject("Object Repository/Bento/Cases_page/BentoResults_Files_Tab"), 5): Object 'Object Repository/Bento/Cases_page/BentoResults_Files_Tab' is present

2022-04-22 19:19:21 - [MESSAGE][PASSED] - Object 'Object Repository/Bento/Cases_page/BentoResults_Files_Tab' is present

2022-04-22 19:19:21 - [TEST_STEP][PASSED] - ctdc.utilities.runtestcaseforKatalon.clickTab("Object Repository/Bento/Cases_page/BentoResults_Files_Tab"): ctdc.utilities.runtestcaseforKatalon.clickTab is PASSED

2022-04-22 19:19:21 - [MESSAGE][PASSED] - ctdc.utilities.runtestcaseforKatalon.clickTab is PASSED

2022-04-22 19:19:21 - [TEST_STEP][PASSED] - ctdc.utilities.runtestcaseforKatalon.multiFunction("Bento", G_StatBar_Files, "Object Repository/Bento/Cases_page/Bento_FilesTable", "Object Repository/Bento/Cases_page/Bento_FilesTableHeader", "Object Repository/Bento/Cases_page/Bento_FilesTabNextBtn", G_WebTabnameFiles, G_CypherTabnameFiles, G_QueryFilesTab): Statbar Files count matches

2022-04-22 19:19:39 - [MESSAGE][PASSED] - Statbar Programs count matches

2022-04-22 19:19:39 - [MESSAGE][PASSED] - Statbar Arms count matches

2022-04-22 19:19:39 - [MESSAGE][PASSED] - Statbar Cases count matches

2022-04-22 19:19:39 - [MESSAGE][PASSED] - Statbar Samples count matches

2022-04-22 19:19:39 - [MESSAGE][PASSED] - Statbar Assays count matches

2022-04-22 19:19:39 - [MESSAGE][PASSED] - Statbar Files count matches

2022-04-22 19:19:39 - [TEST_STEP][PASSED] - closeBrowser(): Browser is closed

2022-04-22 19:19:39 - [MESSAGE][PASSED] - Browser is closed]]></system-out>
         <system-err><![CDATA[]]></system-err>
      </testcase>
      <testcase name="Test Cases/Bento_TestCases/Chemotherapy/TC13_Bento_Filter_Chemo-TAC" time="86.611" classname="Test Cases/Bento_TestCases/Chemotherapy/TC13_Bento_Filter_Chemo-TAC" status="PASSED">
         <system-out><![CDATA[2022-04-22 19:19:40 - [TEST_CASE][PASSED] - Test Cases/Bento_TestCases/Chemotherapy/TC13_Bento_Filter_Chemo-TAC: Test Cases/Bento_TestCases/Chemotherapy/TC13_Bento_Filter_Chemo-TAC

2022-04-22 19:19:40 - [TEST_STEP][PASSED] - Start listener action : getTestScriptName: null

2022-04-22 19:19:40 - [TEST_STEP][PASSED] - TestCaseId = testCaseContext.getTestCaseId(): null

2022-04-22 19:19:40 - [TEST_STEP][PASSED] - out.println("**********this is the value of test case id string******** " + testCaseContext.getTestCaseId()): null

2022-04-22 19:19:40 - [TEST_STEP][PASSED] - G_currentTCName = TestCaseId.substring(TestCaseId.lastIndexOf("TC")): null

2022-04-22 19:19:40 - [TEST_STEP][PASSED] - out.println("This is the test case name : " + G_currentTCName): null

2022-04-22 19:19:40 - [TEST_STEP][PASSED] - closeBrowser(): Browser is closed

2022-04-22 19:19:40 - [MESSAGE][PASSED] - Browser is closed

2022-04-22 19:19:40 - [TEST_STEP][PASSED] - ctdc.utilities.runtestcaseforKatalon.RunKatalon("TC13_Bento_Filter_Chemo-TAC.xlsx"): Data loaded from input file for the test case. 

2022-04-22 19:19:40 - [MESSAGE][PASSED] - Test case file loaded This is the full filepath after converting to string :C:\Users\sohilz2\Commons_Automation\InputFiles\TC13_Bento_Filter_Chemo-TAC.xlsx

2022-04-22 19:19:40 - [MESSAGE][INFO] - Global variable set for password file is :  C:\Users\sohilz2\Commons_Automation\InputFiles\TC13_Bento_Filter_Chemo-TAC.xlsx

2022-04-22 19:19:44 - [MESSAGE][PASSED] - Data loaded from input file for the test case. 

2022-04-22 19:19:57 - [TEST_STEP][PASSED] - waitForElementClickable(findTestObject("Object Repository/Bento/NavBar/Bento_Cases-Btn"), 5): Object 'Object Repository/Bento/NavBar/Bento_Cases-Btn' is clickable

2022-04-22 19:19:57 - [MESSAGE][PASSED] - Object 'Object Repository/Bento/NavBar/Bento_Cases-Btn' is clickable

2022-04-22 19:19:57 - [TEST_STEP][PASSED] - ctdc.utilities.runtestcaseforKatalon.clickTab("Object Repository/Bento/NavBar/Bento_Cases-Btn"): ctdc.utilities.runtestcaseforKatalon.clickTab is PASSED

2022-04-22 19:19:57 - [MESSAGE][PASSED] - ctdc.utilities.runtestcaseforKatalon.clickTab is PASSED

2022-04-22 19:19:57 - [TEST_STEP][PASSED] - waitForElementClickable(findTestObject("Bento/Cases_page/Filter/Chemotherapy/Chemotherapy_Ddn"), 5): Object 'Object Repository/Bento/Cases_page/Filter/Chemotherapy/Chemotherapy_Ddn' is clickable

2022-04-22 19:19:58 - [MESSAGE][PASSED] - Object 'Object Repository/Bento/Cases_page/Filter/Chemotherapy/Chemotherapy_Ddn' is clickable

2022-04-22 19:19:58 - [TEST_STEP][PASSED] - ctdc.utilities.runtestcaseforKatalon.clickTab("Bento/Cases_page/Filter/Chemotherapy/Chemotherapy_Ddn"): ctdc.utilities.runtestcaseforKatalon.clickTab is PASSED

2022-04-22 19:19:58 - [MESSAGE][PASSED] - ctdc.utilities.runtestcaseforKatalon.clickTab is PASSED

2022-04-22 19:19:58 - [TEST_STEP][PASSED] - ctdc.utilities.runtestcaseforKatalon.clickTab("Object Repository/Bento/Cases_page/Filter/Chemotherapy/TAC-3WkCycle_Chkbx"): ctdc.utilities.runtestcaseforKatalon.clickTab is PASSED

2022-04-22 19:19:59 - [MESSAGE][PASSED] - ctdc.utilities.runtestcaseforKatalon.clickTab is PASSED

2022-04-22 19:19:59 - [TEST_STEP][PASSED] - ctdc.utilities.runtestcaseforKatalon.clickTab("Object Repository/Bento/Cases_page/Filter/Chemotherapy/Chemotherapy_Ddn"): ctdc.utilities.runtestcaseforKatalon.clickTab is PASSED

2022-04-22 19:19:59 - [MESSAGE][PASSED] - ctdc.utilities.runtestcaseforKatalon.clickTab is PASSED

2022-04-22 19:19:59 - [TEST_STEP][PASSED] - ctdc.utilities.runtestcaseforKatalon.readStatBarBento("Object Repository/Bento/StatBar/Bento_StatBar-Programs", "Object Repository/Bento/StatBar/Bento_StatBar-Arms", "Object Repository/Bento/StatBar/Bento_StatBar-Cases", "Object Repository/Bento/StatBar/Bento_StatBar-Samples", "Object Repository/Bento/StatBar/Bento_StatBar-Assays", "Object Repository/Bento/StatBar/Bento_StatBar-Files"): ctdc.utilities.runtestcaseforKatalon.readStatBarBento is PASSED

2022-04-22 19:20:08 - [MESSAGE][PASSED] - ctdc.utilities.runtestcaseforKatalon.readStatBarBento is PASSED

2022-04-22 19:20:08 - [TEST_STEP][PASSED] - waitForElementPresent(findTestObject("Object Repository/Bento/Cases_page/BentoResults_Cases_Tab"), 5): Object 'Object Repository/Bento/Cases_page/BentoResults_Cases_Tab' is present

2022-04-22 19:20:08 - [MESSAGE][PASSED] - Object 'Object Repository/Bento/Cases_page/BentoResults_Cases_Tab' is present

2022-04-22 19:20:08 - [TEST_STEP][PASSED] - ctdc.utilities.runtestcaseforKatalon.clickTab("Object Repository/Bento/Cases_page/BentoResults_Cases_Tab"): ctdc.utilities.runtestcaseforKatalon.clickTab is PASSED

2022-04-22 19:20:08 - [MESSAGE][PASSED] - ctdc.utilities.runtestcaseforKatalon.clickTab is PASSED

2022-04-22 19:20:08 - [TEST_STEP][PASSED] - ctdc.utilities.runtestcaseforKatalon.multiFunction("Bento", G_StatBar_Cases, "Object Repository/Bento/Cases_page/Bento_CasesTable", "Object Repository/Bento/Cases_page/Bento_CasesTableHeader", "Object Repository/Bento/Cases_page/Bento_CasesTabNextBtn", G_WebTabnameCases, G_CypherTabnameCases, G_QueryCasesTab): Statbar Files count matches

2022-04-22 19:20:27 - [MESSAGE][PASSED] - Statbar Programs count matches

2022-04-22 19:20:27 - [MESSAGE][PASSED] - Statbar Arms count matches

2022-04-22 19:20:27 - [MESSAGE][PASSED] - Statbar Cases count matches

2022-04-22 19:20:27 - [MESSAGE][PASSED] - Statbar Samples count matches

2022-04-22 19:20:27 - [MESSAGE][PASSED] - Statbar Assays count matches

2022-04-22 19:20:27 - [MESSAGE][PASSED] - Statbar Files count matches

2022-04-22 19:20:27 - [TEST_STEP][PASSED] - waitForElementPresent(findTestObject("Object Repository/Bento/Cases_page/BentoResults_Samples_Tab"), 5): Object 'Object Repository/Bento/Cases_page/BentoResults_Samples_Tab' is present

2022-04-22 19:20:27 - [MESSAGE][PASSED] - Object 'Object Repository/Bento/Cases_page/BentoResults_Samples_Tab' is present

2022-04-22 19:20:27 - [TEST_STEP][PASSED] - ctdc.utilities.runtestcaseforKatalon.clickTab("Object Repository/Bento/Cases_page/BentoResults_Samples_Tab"): ctdc.utilities.runtestcaseforKatalon.clickTab is PASSED

2022-04-22 19:20:27 - [MESSAGE][PASSED] - ctdc.utilities.runtestcaseforKatalon.clickTab is PASSED

2022-04-22 19:20:27 - [TEST_STEP][PASSED] - ctdc.utilities.runtestcaseforKatalon.multiFunction("Bento", G_StatBar_Cases, "Object Repository/Bento/Cases_page/Bento_SamplesTable", "Object Repository/Bento/Cases_page/Bento_SamplesTableHeader", "Object Repository/Bento/Cases_page/Bento_SamplesTabNextBtn", G_WebTabnameSamples, G_CypherTabnameSamples, G_QuerySamplesTab): Statbar Files count matches

2022-04-22 19:20:46 - [MESSAGE][PASSED] - Statbar Programs count matches

2022-04-22 19:20:46 - [MESSAGE][PASSED] - Statbar Arms count matches

2022-04-22 19:20:46 - [MESSAGE][PASSED] - Statbar Cases count matches

2022-04-22 19:20:46 - [MESSAGE][PASSED] - Statbar Samples count matches

2022-04-22 19:20:46 - [MESSAGE][PASSED] - Statbar Assays count matches

2022-04-22 19:20:46 - [MESSAGE][PASSED] - Statbar Files count matches

2022-04-22 19:20:46 - [TEST_STEP][PASSED] - waitForElementPresent(findTestObject("Object Repository/Bento/Cases_page/BentoResults_Files_Tab"), 5): Object 'Object Repository/Bento/Cases_page/BentoResults_Files_Tab' is present

2022-04-22 19:20:46 - [MESSAGE][PASSED] - Object 'Object Repository/Bento/Cases_page/BentoResults_Files_Tab' is present

2022-04-22 19:20:46 - [TEST_STEP][PASSED] - ctdc.utilities.runtestcaseforKatalon.clickTab("Object Repository/Bento/Cases_page/BentoResults_Files_Tab"): ctdc.utilities.runtestcaseforKatalon.clickTab is PASSED

2022-04-22 19:20:46 - [MESSAGE][PASSED] - ctdc.utilities.runtestcaseforKatalon.clickTab is PASSED

2022-04-22 19:20:46 - [TEST_STEP][PASSED] - ctdc.utilities.runtestcaseforKatalon.multiFunction("Bento", G_StatBar_Files, "Object Repository/Bento/Cases_page/Bento_FilesTable", "Object Repository/Bento/Cases_page/Bento_FilesTableHeader", "Object Repository/Bento/Cases_page/Bento_FilesTabNextBtn", G_WebTabnameFiles, G_CypherTabnameFiles, G_QueryFilesTab): Statbar Files count matches

2022-04-22 19:21:06 - [MESSAGE][PASSED] - Statbar Programs count matches

2022-04-22 19:21:06 - [MESSAGE][PASSED] - Statbar Arms count matches

2022-04-22 19:21:06 - [MESSAGE][PASSED] - Statbar Cases count matches

2022-04-22 19:21:06 - [MESSAGE][PASSED] - Statbar Samples count matches

2022-04-22 19:21:06 - [MESSAGE][PASSED] - Statbar Assays count matches

2022-04-22 19:21:06 - [MESSAGE][PASSED] - Statbar Files count matches

2022-04-22 19:21:06 - [TEST_STEP][PASSED] - closeBrowser(): Browser is closed

2022-04-22 19:21:06 - [MESSAGE][PASSED] - Browser is closed]]></system-out>
         <system-err><![CDATA[]]></system-err>
      </testcase>
      <testcase name="Test Cases/Bento_TestCases/Diagnosis/TC01_Bento_Filter_Diagnosis-Adenocarcinoma" time="459.475" classname="Test Cases/Bento_TestCases/Diagnosis/TC01_Bento_Filter_Diagnosis-Adenocarcinoma" status="PASSED">
         <system-out><![CDATA[2022-04-22 19:21:06 - [TEST_CASE][PASSED] - Test Cases/Bento_TestCases/Diagnosis/TC01_Bento_Filter_Diagnosis-Adenocarcinoma: Test Cases/Bento_TestCases/Diagnosis/TC01_Bento_Filter_Diagnosis-Adenocarcinoma

2022-04-22 19:21:06 - [TEST_STEP][PASSED] - Start listener action : getTestScriptName: null

2022-04-22 19:21:06 - [TEST_STEP][PASSED] - TestCaseId = testCaseContext.getTestCaseId(): null

2022-04-22 19:21:06 - [TEST_STEP][PASSED] - out.println("**********this is the value of test case id string******** " + testCaseContext.getTestCaseId()): null

2022-04-22 19:21:06 - [TEST_STEP][PASSED] - G_currentTCName = TestCaseId.substring(TestCaseId.lastIndexOf("TC")): null

2022-04-22 19:21:06 - [TEST_STEP][PASSED] - out.println("This is the test case name : " + G_currentTCName): null

2022-04-22 19:21:07 - [TEST_STEP][PASSED] - closeBrowser(): Browser is closed

2022-04-22 19:21:07 - [MESSAGE][PASSED] - Browser is closed

2022-04-22 19:21:07 - [TEST_STEP][PASSED] - ctdc.utilities.runtestcaseforKatalon.RunKatalon("TC01_Bento_Filter_Diagnosis-Adenocarcinoma.xlsx"): Data loaded from input file for the test case. 

2022-04-22 19:21:07 - [MESSAGE][PASSED] - Test case file loaded This is the full filepath after converting to string :C:\Users\sohilz2\Commons_Automation\InputFiles\TC01_Bento_Filter_Diagnosis-Adenocarcinoma.xlsx

2022-04-22 19:21:07 - [MESSAGE][INFO] - Global variable set for password file is :  C:\Users\sohilz2\Commons_Automation\InputFiles\TC01_Bento_Filter_Diagnosis-Adenocarcinoma.xlsx

2022-04-22 19:21:11 - [MESSAGE][PASSED] - Data loaded from input file for the test case. 

2022-04-22 19:21:24 - [TEST_STEP][PASSED] - waitForElementClickable(findTestObject("Object Repository/Bento/NavBar/Bento_Cases-Btn"), 5): Object 'Object Repository/Bento/NavBar/Bento_Cases-Btn' is clickable

2022-04-22 19:21:24 - [MESSAGE][PASSED] - Object 'Object Repository/Bento/NavBar/Bento_Cases-Btn' is clickable

2022-04-22 19:21:24 - [TEST_STEP][PASSED] - ctdc.utilities.runtestcaseforKatalon.clickTab("Object Repository/Bento/NavBar/Bento_Cases-Btn"): ctdc.utilities.runtestcaseforKatalon.clickTab is PASSED

2022-04-22 19:21:24 - [MESSAGE][PASSED] - ctdc.utilities.runtestcaseforKatalon.clickTab is PASSED

2022-04-22 19:21:24 - [TEST_STEP][PASSED] - waitForElementClickable(findTestObject("Bento/Cases_page/Filter/Diagnosis/DIAGNOSIS_Ddn"), 5): Object 'Object Repository/Bento/Cases_page/Filter/Diagnosis/DIAGNOSIS_Ddn' is clickable

2022-04-22 19:21:25 - [MESSAGE][PASSED] - Object 'Object Repository/Bento/Cases_page/Filter/Diagnosis/DIAGNOSIS_Ddn' is clickable

2022-04-22 19:21:25 - [TEST_STEP][PASSED] - ctdc.utilities.runtestcaseforKatalon.clickTab("Bento/Cases_page/Filter/Diagnosis/DIAGNOSIS_Ddn"): ctdc.utilities.runtestcaseforKatalon.clickTab is PASSED

2022-04-22 19:21:25 - [MESSAGE][PASSED] - ctdc.utilities.runtestcaseforKatalon.clickTab is PASSED

2022-04-22 19:21:25 - [TEST_STEP][PASSED] - waitForElementClickable(findTestObject("Bento/Cases_page/Filter/Diagnosis/Adenocarcinoma_Chkbx"), 5): Object 'Object Repository/Bento/Cases_page/Filter/Diagnosis/Adenocarcinoma_Chkbx' is clickable

2022-04-22 19:21:25 - [MESSAGE][PASSED] - Object 'Object Repository/Bento/Cases_page/Filter/Diagnosis/Adenocarcinoma_Chkbx' is clickable

2022-04-22 19:21:25 - [TEST_STEP][PASSED] - ctdc.utilities.runtestcaseforKatalon.clickTab("Bento/Cases_page/Filter/Diagnosis/Adenocarcinoma_Chkbx"): ctdc.utilities.runtestcaseforKatalon.clickTab is PASSED

2022-04-22 19:21:25 - [MESSAGE][PASSED] - ctdc.utilities.runtestcaseforKatalon.clickTab is PASSED

2022-04-22 19:21:25 - [TEST_STEP][PASSED] - out.println("after clicking adeno"): null

2022-04-22 19:21:25 - [TEST_STEP][PASSED] - ctdc.utilities.runtestcaseforKatalon.clickTab("Bento/Cases_page/Filter/Diagnosis/DIAGNOSIS_Ddn"): ctdc.utilities.runtestcaseforKatalon.clickTab is PASSED

2022-04-22 19:21:26 - [MESSAGE][PASSED] - ctdc.utilities.runtestcaseforKatalon.clickTab is PASSED

2022-04-22 19:21:26 - [TEST_STEP][PASSED] - ctdc.utilities.runtestcaseforKatalon.readStatBarBento("Object Repository/Bento/StatBar/Bento_StatBar-Programs", "Object Repository/Bento/StatBar/Bento_StatBar-Arms", "Object Repository/Bento/StatBar/Bento_StatBar-Cases", "Object Repository/Bento/StatBar/Bento_StatBar-Samples", "Object Repository/Bento/StatBar/Bento_StatBar-Assays", "Object Repository/Bento/StatBar/Bento_StatBar-Files"): ctdc.utilities.runtestcaseforKatalon.readStatBarBento is PASSED

2022-04-22 19:21:35 - [MESSAGE][PASSED] - ctdc.utilities.runtestcaseforKatalon.readStatBarBento is PASSED

2022-04-22 19:21:35 - [TEST_STEP][PASSED] - waitForElementPresent(findTestObject("Object Repository/Bento/Cases_page/BentoResults_Cases_Tab"), 5): Object 'Object Repository/Bento/Cases_page/BentoResults_Cases_Tab' is present

2022-04-22 19:21:35 - [MESSAGE][PASSED] - Object 'Object Repository/Bento/Cases_page/BentoResults_Cases_Tab' is present

2022-04-22 19:21:35 - [TEST_STEP][PASSED] - ctdc.utilities.runtestcaseforKatalon.clickTab("Object Repository/Bento/Cases_page/BentoResults_Cases_Tab"): ctdc.utilities.runtestcaseforKatalon.clickTab is PASSED

2022-04-22 19:21:35 - [MESSAGE][PASSED] - ctdc.utilities.runtestcaseforKatalon.clickTab is PASSED

2022-04-22 19:21:35 - [TEST_STEP][PASSED] - ctdc.utilities.runtestcaseforKatalon.multiFunction("Bento", G_StatBar_Cases, "Object Repository/Bento/Cases_page/Bento_CasesTable", "Object Repository/Bento/Cases_page/Bento_CasesTableHeader", "Object Repository/Bento/Cases_page/Bento_CasesTabNextBtn", G_WebTabnameCases, G_CypherTabnameCases, G_QueryCasesTab): Statbar Files count matches

2022-04-22 19:24:06 - [MESSAGE][PASSED] - Statbar Programs count matches

2022-04-22 19:24:06 - [MESSAGE][PASSED] - Statbar Arms count matches

2022-04-22 19:24:06 - [MESSAGE][PASSED] - Statbar Cases count matches

2022-04-22 19:24:06 - [MESSAGE][PASSED] - Statbar Samples count matches

2022-04-22 19:24:06 - [MESSAGE][PASSED] - Statbar Assays count matches

2022-04-22 19:24:06 - [MESSAGE][PASSED] - Statbar Files count matches

2022-04-22 19:24:06 - [TEST_STEP][PASSED] - waitForElementPresent(findTestObject("Object Repository/Bento/Cases_page/BentoResults_Samples_Tab"), 5): Object 'Object Repository/Bento/Cases_page/BentoResults_Samples_Tab' is present

2022-04-22 19:24:06 - [MESSAGE][PASSED] - Object 'Object Repository/Bento/Cases_page/BentoResults_Samples_Tab' is present

2022-04-22 19:24:06 - [TEST_STEP][PASSED] - ctdc.utilities.runtestcaseforKatalon.clickTab("Object Repository/Bento/Cases_page/BentoResults_Samples_Tab"): ctdc.utilities.runtestcaseforKatalon.clickTab is PASSED

2022-04-22 19:24:06 - [MESSAGE][PASSED] - ctdc.utilities.runtestcaseforKatalon.clickTab is PASSED

2022-04-22 19:24:06 - [TEST_STEP][PASSED] - ctdc.utilities.runtestcaseforKatalon.multiFunction("Bento", G_StatBar_Cases, "Object Repository/Bento/Cases_page/Bento_SamplesTable", "Object Repository/Bento/Cases_page/Bento_SamplesTableHeader", "Object Repository/Bento/Cases_page/Bento_SamplesTabNextBtn", G_WebTabnameSamples, G_CypherTabnameSamples, G_QuerySamplesTab): Statbar Files count matches

2022-04-22 19:26:28 - [MESSAGE][PASSED] - Statbar Programs count matches

2022-04-22 19:26:28 - [MESSAGE][PASSED] - Statbar Arms count matches

2022-04-22 19:26:28 - [MESSAGE][PASSED] - Statbar Cases count matches

2022-04-22 19:26:28 - [MESSAGE][PASSED] - Statbar Samples count matches

2022-04-22 19:26:28 - [MESSAGE][PASSED] - Statbar Assays count matches

2022-04-22 19:26:28 - [MESSAGE][PASSED] - Statbar Files count matches

2022-04-22 19:26:28 - [TEST_STEP][PASSED] - waitForElementPresent(findTestObject("Object Repository/Bento/Cases_page/BentoResults_Files_Tab"), 5): Object 'Object Repository/Bento/Cases_page/BentoResults_Files_Tab' is present

2022-04-22 19:26:28 - [MESSAGE][PASSED] - Object 'Object Repository/Bento/Cases_page/BentoResults_Files_Tab' is present

2022-04-22 19:26:28 - [TEST_STEP][PASSED] - ctdc.utilities.runtestcaseforKatalon.clickTab("Object Repository/Bento/Cases_page/BentoResults_Files_Tab"): ctdc.utilities.runtestcaseforKatalon.clickTab is PASSED

2022-04-22 19:26:28 - [MESSAGE][PASSED] - ctdc.utilities.runtestcaseforKatalon.clickTab is PASSED

2022-04-22 19:26:28 - [TEST_STEP][PASSED] - ctdc.utilities.runtestcaseforKatalon.multiFunction("Bento", G_StatBar_Files, "Object Repository/Bento/Cases_page/Bento_FilesTable", "Object Repository/Bento/Cases_page/Bento_FilesTableHeader", "Object Repository/Bento/Cases_page/Bento_FilesTabNextBtn", G_WebTabnameFiles, G_CypherTabnameFiles, G_QueryFilesTab): Statbar Files count matches

2022-04-22 19:28:45 - [MESSAGE][PASSED] - Statbar Programs count matches

2022-04-22 19:28:45 - [MESSAGE][PASSED] - Statbar Arms count matches

2022-04-22 19:28:45 - [MESSAGE][PASSED] - Statbar Cases count matches

2022-04-22 19:28:45 - [MESSAGE][PASSED] - Statbar Samples count matches

2022-04-22 19:28:45 - [MESSAGE][PASSED] - Statbar Assays count matches

2022-04-22 19:28:45 - [MESSAGE][PASSED] - Statbar Files count matches

2022-04-22 19:28:45 - [TEST_STEP][PASSED] - closeBrowser(): Browser is closed

2022-04-22 19:28:46 - [MESSAGE][PASSED] - Browser is closed]]></system-out>
         <system-err><![CDATA[]]></system-err>
      </testcase>
      <testcase name="Test Cases/Bento_TestCases/Diagnosis/TC02_Bento_Filter_Diagnosis-Carcinoma" time="361.865" classname="Test Cases/Bento_TestCases/Diagnosis/TC02_Bento_Filter_Diagnosis-Carcinoma" status="PASSED">
         <system-out><![CDATA[2022-04-22 19:28:46 - [TEST_CASE][PASSED] - Test Cases/Bento_TestCases/Diagnosis/TC02_Bento_Filter_Diagnosis-Carcinoma: Test Cases/Bento_TestCases/Diagnosis/TC02_Bento_Filter_Diagnosis-Carcinoma

2022-04-22 19:28:46 - [TEST_STEP][PASSED] - Start listener action : getTestScriptName: null

2022-04-22 19:28:46 - [TEST_STEP][PASSED] - TestCaseId = testCaseContext.getTestCaseId(): null

2022-04-22 19:28:46 - [TEST_STEP][PASSED] - out.println("**********this is the value of test case id string******** " + testCaseContext.getTestCaseId()): null

2022-04-22 19:28:46 - [TEST_STEP][PASSED] - G_currentTCName = TestCaseId.substring(TestCaseId.lastIndexOf("TC")): null

2022-04-22 19:28:46 - [TEST_STEP][PASSED] - out.println("This is the test case name : " + G_currentTCName): null

2022-04-22 19:28:46 - [TEST_STEP][PASSED] - closeBrowser(): Browser is closed

2022-04-22 19:28:46 - [MESSAGE][PASSED] - Browser is closed

2022-04-22 19:28:46 - [TEST_STEP][PASSED] - ctdc.utilities.runtestcaseforKatalon.RunKatalon("TC02_Bento_Filter_Diagnosis-Carcinoma.xlsx"): Data loaded from input file for the test case. 

2022-04-22 19:28:46 - [MESSAGE][PASSED] - Test case file loaded This is the full filepath after converting to string :C:\Users\sohilz2\Commons_Automation\InputFiles\TC02_Bento_Filter_Diagnosis-Carcinoma.xlsx

2022-04-22 19:28:46 - [MESSAGE][INFO] - Global variable set for password file is :  C:\Users\sohilz2\Commons_Automation\InputFiles\TC02_Bento_Filter_Diagnosis-Carcinoma.xlsx

2022-04-22 19:28:50 - [MESSAGE][PASSED] - Data loaded from input file for the test case. 

2022-04-22 19:29:04 - [TEST_STEP][PASSED] - waitForElementClickable(findTestObject("Object Repository/Bento/NavBar/Bento_Cases-Btn"), 5): Object 'Object Repository/Bento/NavBar/Bento_Cases-Btn' is clickable

2022-04-22 19:29:04 - [MESSAGE][PASSED] - Object 'Object Repository/Bento/NavBar/Bento_Cases-Btn' is clickable

2022-04-22 19:29:04 - [TEST_STEP][PASSED] - ctdc.utilities.runtestcaseforKatalon.clickTab("Object Repository/Bento/NavBar/Bento_Cases-Btn"): ctdc.utilities.runtestcaseforKatalon.clickTab is PASSED

2022-04-22 19:29:04 - [MESSAGE][PASSED] - ctdc.utilities.runtestcaseforKatalon.clickTab is PASSED

2022-04-22 19:29:04 - [TEST_STEP][PASSED] - waitForElementClickable(findTestObject("Bento/Cases_page/Filter/Diagnosis/DIAGNOSIS_Ddn"), 5): Object 'Object Repository/Bento/Cases_page/Filter/Diagnosis/DIAGNOSIS_Ddn' is clickable

2022-04-22 19:29:05 - [MESSAGE][PASSED] - Object 'Object Repository/Bento/Cases_page/Filter/Diagnosis/DIAGNOSIS_Ddn' is clickable

2022-04-22 19:29:05 - [TEST_STEP][PASSED] - ctdc.utilities.runtestcaseforKatalon.clickTab("Bento/Cases_page/Filter/Diagnosis/DIAGNOSIS_Ddn"): ctdc.utilities.runtestcaseforKatalon.clickTab is PASSED

2022-04-22 19:29:05 - [MESSAGE][PASSED] - ctdc.utilities.runtestcaseforKatalon.clickTab is PASSED

2022-04-22 19:29:05 - [TEST_STEP][PASSED] - waitForElementClickable(findTestObject("Bento/Cases_page/Filter/Diagnosis/CarcinomaNOS_Chkbx"), 5): Object 'Object Repository/Bento/Cases_page/Filter/Diagnosis/CarcinomaNOS_Chkbx' is clickable

2022-04-22 19:29:05 - [MESSAGE][PASSED] - Object 'Object Repository/Bento/Cases_page/Filter/Diagnosis/CarcinomaNOS_Chkbx' is clickable

2022-04-22 19:29:05 - [TEST_STEP][PASSED] - ctdc.utilities.runtestcaseforKatalon.clickTab("Bento/Cases_page/Filter/Diagnosis/CarcinomaNOS_Chkbx"): ctdc.utilities.runtestcaseforKatalon.clickTab is PASSED

2022-04-22 19:29:06 - [MESSAGE][PASSED] - ctdc.utilities.runtestcaseforKatalon.clickTab is PASSED

2022-04-22 19:29:06 - [TEST_STEP][PASSED] - ctdc.utilities.runtestcaseforKatalon.clickTab("Bento/Cases_page/Filter/Diagnosis/DIAGNOSIS_Ddn"): ctdc.utilities.runtestcaseforKatalon.clickTab is PASSED

2022-04-22 19:29:06 - [MESSAGE][PASSED] - ctdc.utilities.runtestcaseforKatalon.clickTab is PASSED

2022-04-22 19:29:06 - [TEST_STEP][PASSED] - ctdc.utilities.runtestcaseforKatalon.readStatBarBento("Object Repository/Bento/StatBar/Bento_StatBar-Programs", "Object Repository/Bento/StatBar/Bento_StatBar-Arms", "Object Repository/Bento/StatBar/Bento_StatBar-Cases", "Object Repository/Bento/StatBar/Bento_StatBar-Samples", "Object Repository/Bento/StatBar/Bento_StatBar-Assays", "Object Repository/Bento/StatBar/Bento_StatBar-Files"): ctdc.utilities.runtestcaseforKatalon.readStatBarBento is PASSED

2022-04-22 19:29:14 - [MESSAGE][PASSED] - ctdc.utilities.runtestcaseforKatalon.readStatBarBento is PASSED

2022-04-22 19:29:14 - [TEST_STEP][PASSED] - waitForElementPresent(findTestObject("Object Repository/Bento/Cases_page/BentoResults_Cases_Tab"), 5): Object 'Object Repository/Bento/Cases_page/BentoResults_Cases_Tab' is present

2022-04-22 19:29:14 - [MESSAGE][PASSED] - Object 'Object Repository/Bento/Cases_page/BentoResults_Cases_Tab' is present

2022-04-22 19:29:14 - [TEST_STEP][PASSED] - ctdc.utilities.runtestcaseforKatalon.clickTab("Object Repository/Bento/Cases_page/BentoResults_Cases_Tab"): ctdc.utilities.runtestcaseforKatalon.clickTab is PASSED

2022-04-22 19:29:15 - [MESSAGE][PASSED] - ctdc.utilities.runtestcaseforKatalon.clickTab is PASSED

2022-04-22 19:29:15 - [TEST_STEP][PASSED] - ctdc.utilities.runtestcaseforKatalon.multiFunction("Bento", G_StatBar_Cases, "Object Repository/Bento/Cases_page/Bento_CasesTable", "Object Repository/Bento/Cases_page/Bento_CasesTableHeader", "Object Repository/Bento/Cases_page/Bento_CasesTabNextBtn", G_WebTabnameCases, G_CypherTabnameCases, G_QueryCasesTab): Statbar Files count matches

2022-04-22 19:31:08 - [MESSAGE][PASSED] - Statbar Programs count matches

2022-04-22 19:31:08 - [MESSAGE][PASSED] - Statbar Arms count matches

2022-04-22 19:31:08 - [MESSAGE][PASSED] - Statbar Cases count matches

2022-04-22 19:31:08 - [MESSAGE][PASSED] - Statbar Samples count matches

2022-04-22 19:31:08 - [MESSAGE][PASSED] - Statbar Assays count matches

2022-04-22 19:31:08 - [MESSAGE][PASSED] - Statbar Files count matches

2022-04-22 19:31:08 - [TEST_STEP][PASSED] - waitForElementPresent(findTestObject("Object Repository/Bento/Cases_page/BentoResults_Samples_Tab"), 5): Object 'Object Repository/Bento/Cases_page/BentoResults_Samples_Tab' is present

2022-04-22 19:31:08 - [MESSAGE][PASSED] - Object 'Object Repository/Bento/Cases_page/BentoResults_Samples_Tab' is present

2022-04-22 19:31:08 - [TEST_STEP][PASSED] - ctdc.utilities.runtestcaseforKatalon.clickTab("Object Repository/Bento/Cases_page/BentoResults_Samples_Tab"): ctdc.utilities.runtestcaseforKatalon.clickTab is PASSED

2022-04-22 19:31:09 - [MESSAGE][PASSED] - ctdc.utilities.runtestcaseforKatalon.clickTab is PASSED

2022-04-22 19:31:09 - [TEST_STEP][PASSED] - ctdc.utilities.runtestcaseforKatalon.multiFunction("Bento", G_StatBar_Cases, "Object Repository/Bento/Cases_page/Bento_SamplesTable", "Object Repository/Bento/Cases_page/Bento_SamplesTableHeader", "Object Repository/Bento/Cases_page/Bento_SamplesTabNextBtn", G_WebTabnameSamples, G_CypherTabnameSamples, G_QuerySamplesTab): Statbar Files count matches

2022-04-22 19:32:58 - [MESSAGE][PASSED] - Statbar Programs count matches

2022-04-22 19:32:58 - [MESSAGE][PASSED] - Statbar Arms count matches

2022-04-22 19:32:58 - [MESSAGE][PASSED] - Statbar Cases count matches

2022-04-22 19:32:58 - [MESSAGE][PASSED] - Statbar Samples count matches

2022-04-22 19:32:58 - [MESSAGE][PASSED] - Statbar Assays count matches

2022-04-22 19:32:58 - [MESSAGE][PASSED] - Statbar Files count matches

2022-04-22 19:32:58 - [TEST_STEP][PASSED] - waitForElementPresent(findTestObject("Object Repository/Bento/Cases_page/BentoResults_Files_Tab"), 5): Object 'Object Repository/Bento/Cases_page/BentoResults_Files_Tab' is present

2022-04-22 19:32:58 - [MESSAGE][PASSED] - Object 'Object Repository/Bento/Cases_page/BentoResults_Files_Tab' is present

2022-04-22 19:32:58 - [TEST_STEP][PASSED] - ctdc.utilities.runtestcaseforKatalon.clickTab("Object Repository/Bento/Cases_page/BentoResults_Files_Tab"): ctdc.utilities.runtestcaseforKatalon.clickTab is PASSED

2022-04-22 19:32:58 - [MESSAGE][PASSED] - ctdc.utilities.runtestcaseforKatalon.clickTab is PASSED

2022-04-22 19:32:58 - [TEST_STEP][PASSED] - ctdc.utilities.runtestcaseforKatalon.multiFunction("Bento", G_StatBar_Files, "Object Repository/Bento/Cases_page/Bento_FilesTable", "Object Repository/Bento/Cases_page/Bento_FilesTableHeader", "Object Repository/Bento/Cases_page/Bento_FilesTabNextBtn", G_WebTabnameFiles, G_CypherTabnameFiles, G_QueryFilesTab): Statbar Files count matches

2022-04-22 19:34:47 - [MESSAGE][PASSED] - Statbar Programs count matches

2022-04-22 19:34:47 - [MESSAGE][PASSED] - Statbar Arms count matches

2022-04-22 19:34:47 - [MESSAGE][PASSED] - Statbar Cases count matches

2022-04-22 19:34:47 - [MESSAGE][PASSED] - Statbar Samples count matches

2022-04-22 19:34:47 - [MESSAGE][PASSED] - Statbar Assays count matches

2022-04-22 19:34:47 - [MESSAGE][PASSED] - Statbar Files count matches

2022-04-22 19:34:47 - [TEST_STEP][PASSED] - closeBrowser(): Browser is closed

2022-04-22 19:34:47 - [MESSAGE][PASSED] - Browser is closed]]></system-out>
         <system-err><![CDATA[]]></system-err>
      </testcase>
      <testcase name="Test Cases/Bento_TestCases/Diagnosis/TC03_Bento_Filter_Diagnosis-Comedocarcinoma" time="518.449" classname="Test Cases/Bento_TestCases/Diagnosis/TC03_Bento_Filter_Diagnosis-Comedocarcinoma" status="PASSED">
         <system-out><![CDATA[2022-04-22 19:34:47 - [TEST_CASE][PASSED] - Test Cases/Bento_TestCases/Diagnosis/TC03_Bento_Filter_Diagnosis-Comedocarcinoma: Test Cases/Bento_TestCases/Diagnosis/TC03_Bento_Filter_Diagnosis-Comedocarcinoma

2022-04-22 19:34:47 - [TEST_STEP][PASSED] - Start listener action : getTestScriptName: null

2022-04-22 19:34:47 - [TEST_STEP][PASSED] - TestCaseId = testCaseContext.getTestCaseId(): null

2022-04-22 19:34:47 - [TEST_STEP][PASSED] - out.println("**********this is the value of test case id string******** " + testCaseContext.getTestCaseId()): null

2022-04-22 19:34:47 - [TEST_STEP][PASSED] - G_currentTCName = TestCaseId.substring(TestCaseId.lastIndexOf("TC")): null

2022-04-22 19:34:47 - [TEST_STEP][PASSED] - out.println("This is the test case name : " + G_currentTCName): null

2022-04-22 19:34:48 - [TEST_STEP][PASSED] - closeBrowser(): Browser is closed

2022-04-22 19:34:48 - [MESSAGE][PASSED] - Browser is closed

2022-04-22 19:34:48 - [TEST_STEP][PASSED] - ctdc.utilities.runtestcaseforKatalon.RunKatalon("TC03_Bento_Filter_Diagnosis-Comedocarcinoma.xlsx"): Data loaded from input file for the test case. 

2022-04-22 19:34:48 - [MESSAGE][PASSED] - Test case file loaded This is the full filepath after converting to string :C:\Users\sohilz2\Commons_Automation\InputFiles\TC03_Bento_Filter_Diagnosis-Comedocarcinoma.xlsx

2022-04-22 19:34:48 - [MESSAGE][INFO] - Global variable set for password file is :  C:\Users\sohilz2\Commons_Automation\InputFiles\TC03_Bento_Filter_Diagnosis-Comedocarcinoma.xlsx

2022-04-22 19:34:52 - [MESSAGE][PASSED] - Data loaded from input file for the test case. 

2022-04-22 19:35:20 - [TEST_STEP][PASSED] - waitForElementClickable(findTestObject("Object Repository/Bento/NavBar/Bento_Cases-Btn"), 5): Object 'Object Repository/Bento/NavBar/Bento_Cases-Btn' is clickable

2022-04-22 19:35:20 - [MESSAGE][PASSED] - Object 'Object Repository/Bento/NavBar/Bento_Cases-Btn' is clickable

2022-04-22 19:35:20 - [TEST_STEP][PASSED] - ctdc.utilities.runtestcaseforKatalon.clickTab("Object Repository/Bento/NavBar/Bento_Cases-Btn"): ctdc.utilities.runtestcaseforKatalon.clickTab is PASSED

2022-04-22 19:35:20 - [MESSAGE][PASSED] - ctdc.utilities.runtestcaseforKatalon.clickTab is PASSED

2022-04-22 19:35:20 - [TEST_STEP][PASSED] - waitForElementClickable(findTestObject("Bento/Cases_page/Filter/Diagnosis/DIAGNOSIS_Ddn"), 5): Object 'Object Repository/Bento/Cases_page/Filter/Diagnosis/DIAGNOSIS_Ddn' is clickable

2022-04-22 19:35:22 - [MESSAGE][PASSED] - Object 'Object Repository/Bento/Cases_page/Filter/Diagnosis/DIAGNOSIS_Ddn' is clickable

2022-04-22 19:35:22 - [TEST_STEP][PASSED] - ctdc.utilities.runtestcaseforKatalon.clickTab("Bento/Cases_page/Filter/Diagnosis/DIAGNOSIS_Ddn"): ctdc.utilities.runtestcaseforKatalon.clickTab is PASSED

2022-04-22 19:35:23 - [MESSAGE][PASSED] - ctdc.utilities.runtestcaseforKatalon.clickTab is PASSED

2022-04-22 19:35:23 - [TEST_STEP][PASSED] - waitForElementClickable(findTestObject("Bento/Cases_page/Filter/Diagnosis/Comedocarcinoma_Chkbx"), 5): Object 'Object Repository/Bento/Cases_page/Filter/Diagnosis/Comedocarcinoma_Chkbx' is clickable

2022-04-22 19:35:23 - [MESSAGE][PASSED] - Object 'Object Repository/Bento/Cases_page/Filter/Diagnosis/Comedocarcinoma_Chkbx' is clickable

2022-04-22 19:35:23 - [TEST_STEP][PASSED] - ctdc.utilities.runtestcaseforKatalon.clickTab("Bento/Cases_page/Filter/Diagnosis/Comedocarcinoma_Chkbx"): ctdc.utilities.runtestcaseforKatalon.clickTab is PASSED

2022-04-22 19:35:23 - [MESSAGE][PASSED] - ctdc.utilities.runtestcaseforKatalon.clickTab is PASSED

2022-04-22 19:35:23 - [TEST_STEP][PASSED] - ctdc.utilities.runtestcaseforKatalon.clickTab("Bento/Cases_page/Filter/Diagnosis/DIAGNOSIS_Ddn"): ctdc.utilities.runtestcaseforKatalon.clickTab is PASSED

2022-04-22 19:35:23 - [MESSAGE][PASSED] - ctdc.utilities.runtestcaseforKatalon.clickTab is PASSED

2022-04-22 19:35:23 - [TEST_STEP][PASSED] - ctdc.utilities.runtestcaseforKatalon.readStatBarBento("Object Repository/Bento/StatBar/Bento_StatBar-Programs", "Object Repository/Bento/StatBar/Bento_StatBar-Arms", "Object Repository/Bento/StatBar/Bento_StatBar-Cases", "Object Repository/Bento/StatBar/Bento_StatBar-Samples", "Object Repository/Bento/StatBar/Bento_StatBar-Assays", "Object Repository/Bento/StatBar/Bento_StatBar-Files"): ctdc.utilities.runtestcaseforKatalon.readStatBarBento is PASSED

2022-04-22 19:35:32 - [MESSAGE][PASSED] - ctdc.utilities.runtestcaseforKatalon.readStatBarBento is PASSED

2022-04-22 19:35:32 - [TEST_STEP][PASSED] - waitForElementPresent(findTestObject("Object Repository/Bento/Cases_page/BentoResults_Cases_Tab"), 5): Object 'Object Repository/Bento/Cases_page/BentoResults_Cases_Tab' is present

2022-04-22 19:35:32 - [MESSAGE][PASSED] - Object 'Object Repository/Bento/Cases_page/BentoResults_Cases_Tab' is present

2022-04-22 19:35:32 - [TEST_STEP][PASSED] - ctdc.utilities.runtestcaseforKatalon.clickTab("Object Repository/Bento/Cases_page/BentoResults_Cases_Tab"): ctdc.utilities.runtestcaseforKatalon.clickTab is PASSED

2022-04-22 19:35:32 - [MESSAGE][PASSED] - ctdc.utilities.runtestcaseforKatalon.clickTab is PASSED

2022-04-22 19:35:32 - [TEST_STEP][PASSED] - ctdc.utilities.runtestcaseforKatalon.multiFunction("Bento", G_StatBar_Cases, "Object Repository/Bento/Cases_page/Bento_CasesTable", "Object Repository/Bento/Cases_page/Bento_CasesTableHeader", "Object Repository/Bento/Cases_page/Bento_CasesTabNextBtn", G_WebTabnameCases, G_CypherTabnameCases, G_QueryCasesTab): Statbar Files count matches

2022-04-22 19:38:12 - [MESSAGE][PASSED] - Statbar Programs count matches

2022-04-22 19:38:12 - [MESSAGE][PASSED] - Statbar Arms count matches

2022-04-22 19:38:12 - [MESSAGE][PASSED] - Statbar Cases count matches

2022-04-22 19:38:12 - [MESSAGE][PASSED] - Statbar Samples count matches

2022-04-22 19:38:12 - [MESSAGE][PASSED] - Statbar Assays count matches

2022-04-22 19:38:12 - [MESSAGE][PASSED] - Statbar Files count matches

2022-04-22 19:38:12 - [TEST_STEP][PASSED] - waitForElementPresent(findTestObject("Object Repository/Bento/Cases_page/BentoResults_Samples_Tab"), 5): Object 'Object Repository/Bento/Cases_page/BentoResults_Samples_Tab' is present

2022-04-22 19:38:12 - [MESSAGE][PASSED] - Object 'Object Repository/Bento/Cases_page/BentoResults_Samples_Tab' is present

2022-04-22 19:38:12 - [TEST_STEP][PASSED] - ctdc.utilities.runtestcaseforKatalon.clickTab("Object Repository/Bento/Cases_page/BentoResults_Samples_Tab"): ctdc.utilities.runtestcaseforKatalon.clickTab is PASSED

2022-04-22 19:38:12 - [MESSAGE][PASSED] - ctdc.utilities.runtestcaseforKatalon.clickTab is PASSED

2022-04-22 19:38:12 - [TEST_STEP][PASSED] - ctdc.utilities.runtestcaseforKatalon.multiFunction("Bento", G_StatBar_Cases, "Object Repository/Bento/Cases_page/Bento_SamplesTable", "Object Repository/Bento/Cases_page/Bento_SamplesTableHeader", "Object Repository/Bento/Cases_page/Bento_SamplesTabNextBtn", G_WebTabnameSamples, G_CypherTabnameSamples, G_QuerySamplesTab): Statbar Files count matches

2022-04-22 19:40:53 - [MESSAGE][PASSED] - Statbar Programs count matches

2022-04-22 19:40:53 - [MESSAGE][PASSED] - Statbar Arms count matches

2022-04-22 19:40:53 - [MESSAGE][PASSED] - Statbar Cases count matches

2022-04-22 19:40:53 - [MESSAGE][PASSED] - Statbar Samples count matches

2022-04-22 19:40:53 - [MESSAGE][PASSED] - Statbar Assays count matches

2022-04-22 19:40:53 - [MESSAGE][PASSED] - Statbar Files count matches

2022-04-22 19:40:53 - [TEST_STEP][PASSED] - waitForElementPresent(findTestObject("Object Repository/Bento/Cases_page/BentoResults_Files_Tab"), 5): Object 'Object Repository/Bento/Cases_page/BentoResults_Files_Tab' is present

2022-04-22 19:40:53 - [MESSAGE][PASSED] - Object 'Object Repository/Bento/Cases_page/BentoResults_Files_Tab' is present

2022-04-22 19:40:53 - [TEST_STEP][PASSED] - ctdc.utilities.runtestcaseforKatalon.clickTab("Object Repository/Bento/Cases_page/BentoResults_Files_Tab"): ctdc.utilities.runtestcaseforKatalon.clickTab is PASSED

2022-04-22 19:40:53 - [MESSAGE][PASSED] - ctdc.utilities.runtestcaseforKatalon.clickTab is PASSED

2022-04-22 19:40:53 - [TEST_STEP][PASSED] - ctdc.utilities.runtestcaseforKatalon.multiFunction("Bento", G_StatBar_Files, "Object Repository/Bento/Cases_page/Bento_FilesTable", "Object Repository/Bento/Cases_page/Bento_FilesTableHeader", "Object Repository/Bento/Cases_page/Bento_FilesTabNextBtn", G_WebTabnameFiles, G_CypherTabnameFiles, G_QueryFilesTab): Statbar Files count matches

2022-04-22 19:43:25 - [MESSAGE][PASSED] - Statbar Programs count matches

2022-04-22 19:43:25 - [MESSAGE][PASSED] - Statbar Arms count matches

2022-04-22 19:43:25 - [MESSAGE][PASSED] - Statbar Cases count matches

2022-04-22 19:43:25 - [MESSAGE][PASSED] - Statbar Samples count matches

2022-04-22 19:43:25 - [MESSAGE][PASSED] - Statbar Assays count matches

2022-04-22 19:43:25 - [MESSAGE][PASSED] - Statbar Files count matches

2022-04-22 19:43:25 - [TEST_STEP][PASSED] - closeBrowser(): Browser is closed

2022-04-22 19:43:26 - [MESSAGE][PASSED] - Browser is closed]]></system-out>
         <system-err><![CDATA[]]></system-err>
      </testcase>
      <testcase name="Test Cases/Bento_TestCases/Diagnosis/TC04_Bento_Filter_Diagnosis-InfilDuctLobularCarcinoma" time="496.628" classname="Test Cases/Bento_TestCases/Diagnosis/TC04_Bento_Filter_Diagnosis-InfilDuctLobularCarcinoma" status="PASSED">
         <system-out><![CDATA[2022-04-22 19:43:26 - [TEST_CASE][PASSED] - Test Cases/Bento_TestCases/Diagnosis/TC04_Bento_Filter_Diagnosis-InfilDuctLobularCarcinoma: Test Cases/Bento_TestCases/Diagnosis/TC04_Bento_Filter_Diagnosis-InfilDuctLobularCarcinoma

2022-04-22 19:43:26 - [TEST_STEP][PASSED] - Start listener action : getTestScriptName: null

2022-04-22 19:43:26 - [TEST_STEP][PASSED] - TestCaseId = testCaseContext.getTestCaseId(): null

2022-04-22 19:43:26 - [TEST_STEP][PASSED] - out.println("**********this is the value of test case id string******** " + testCaseContext.getTestCaseId()): null

2022-04-22 19:43:26 - [TEST_STEP][PASSED] - G_currentTCName = TestCaseId.substring(TestCaseId.lastIndexOf("TC")): null

2022-04-22 19:43:26 - [TEST_STEP][PASSED] - out.println("This is the test case name : " + G_currentTCName): null

2022-04-22 19:43:26 - [TEST_STEP][PASSED] - closeBrowser(): Browser is closed

2022-04-22 19:43:26 - [MESSAGE][PASSED] - Browser is closed

2022-04-22 19:43:26 - [TEST_STEP][PASSED] - ctdc.utilities.runtestcaseforKatalon.RunKatalon("TC04_Bento_Filter_Diagnosis-InfilDuctLobularCarcinoma.xlsx"): Data loaded from input file for the test case. 

2022-04-22 19:43:27 - [MESSAGE][PASSED] - Test case file loaded This is the full filepath after converting to string :C:\Users\sohilz2\Commons_Automation\InputFiles\TC04_Bento_Filter_Diagnosis-InfilDuctLobularCarcinoma.xlsx

2022-04-22 19:43:27 - [MESSAGE][INFO] - Global variable set for password file is :  C:\Users\sohilz2\Commons_Automation\InputFiles\TC04_Bento_Filter_Diagnosis-InfilDuctLobularCarcinoma.xlsx

2022-04-22 19:43:31 - [MESSAGE][PASSED] - Data loaded from input file for the test case. 

2022-04-22 19:43:44 - [TEST_STEP][PASSED] - waitForElementClickable(findTestObject("Object Repository/Bento/NavBar/Bento_Cases-Btn"), 5): Object 'Object Repository/Bento/NavBar/Bento_Cases-Btn' is clickable

2022-04-22 19:43:44 - [MESSAGE][PASSED] - Object 'Object Repository/Bento/NavBar/Bento_Cases-Btn' is clickable

2022-04-22 19:43:44 - [TEST_STEP][PASSED] - ctdc.utilities.runtestcaseforKatalon.clickTab("Object Repository/Bento/NavBar/Bento_Cases-Btn"): ctdc.utilities.runtestcaseforKatalon.clickTab is PASSED

2022-04-22 19:43:44 - [MESSAGE][PASSED] - ctdc.utilities.runtestcaseforKatalon.clickTab is PASSED

2022-04-22 19:43:44 - [TEST_STEP][PASSED] - waitForElementClickable(findTestObject("Bento/Cases_page/Filter/Diagnosis/DIAGNOSIS_Ddn"), 5): Object 'Object Repository/Bento/Cases_page/Filter/Diagnosis/DIAGNOSIS_Ddn' is clickable

2022-04-22 19:43:45 - [MESSAGE][PASSED] - Object 'Object Repository/Bento/Cases_page/Filter/Diagnosis/DIAGNOSIS_Ddn' is clickable

2022-04-22 19:43:45 - [TEST_STEP][PASSED] - ctdc.utilities.runtestcaseforKatalon.clickTab("Bento/Cases_page/Filter/Diagnosis/DIAGNOSIS_Ddn"): ctdc.utilities.runtestcaseforKatalon.clickTab is PASSED

2022-04-22 19:43:45 - [MESSAGE][PASSED] - ctdc.utilities.runtestcaseforKatalon.clickTab is PASSED

2022-04-22 19:43:45 - [TEST_STEP][PASSED] - waitForElementClickable(findTestObject("Bento/Cases_page/Filter/Diagnosis/InfiltrDuctalLobularCarcinoma_Chkbx"), 5): Object 'Object Repository/Bento/Cases_page/Filter/Diagnosis/InfiltrDuctalLobularCarcinoma_Chkbx' is clickable

2022-04-22 19:43:45 - [MESSAGE][PASSED] - Object 'Object Repository/Bento/Cases_page/Filter/Diagnosis/InfiltrDuctalLobularCarcinoma_Chkbx' is clickable

2022-04-22 19:43:45 - [TEST_STEP][PASSED] - ctdc.utilities.runtestcaseforKatalon.clickTab("Bento/Cases_page/Filter/Diagnosis/InfiltrDuctalLobularCarcinoma_Chkbx"): ctdc.utilities.runtestcaseforKatalon.clickTab is PASSED

2022-04-22 19:43:45 - [MESSAGE][PASSED] - ctdc.utilities.runtestcaseforKatalon.clickTab is PASSED

2022-04-22 19:43:45 - [TEST_STEP][PASSED] - ctdc.utilities.runtestcaseforKatalon.clickTab("Bento/Cases_page/Filter/Diagnosis/DIAGNOSIS_Ddn"): ctdc.utilities.runtestcaseforKatalon.clickTab is PASSED

2022-04-22 19:43:46 - [MESSAGE][PASSED] - ctdc.utilities.runtestcaseforKatalon.clickTab is PASSED

2022-04-22 19:43:46 - [TEST_STEP][PASSED] - ctdc.utilities.runtestcaseforKatalon.readStatBarBento("Object Repository/Bento/StatBar/Bento_StatBar-Programs", "Object Repository/Bento/StatBar/Bento_StatBar-Arms", "Object Repository/Bento/StatBar/Bento_StatBar-Cases", "Object Repository/Bento/StatBar/Bento_StatBar-Samples", "Object Repository/Bento/StatBar/Bento_StatBar-Assays", "Object Repository/Bento/StatBar/Bento_StatBar-Files"): ctdc.utilities.runtestcaseforKatalon.readStatBarBento is PASSED

2022-04-22 19:43:54 - [MESSAGE][PASSED] - ctdc.utilities.runtestcaseforKatalon.readStatBarBento is PASSED

2022-04-22 19:43:54 - [TEST_STEP][PASSED] - waitForElementPresent(findTestObject("Object Repository/Bento/Cases_page/BentoResults_Cases_Tab"), 5): Object 'Object Repository/Bento/Cases_page/BentoResults_Cases_Tab' is present

2022-04-22 19:43:54 - [MESSAGE][PASSED] - Object 'Object Repository/Bento/Cases_page/BentoResults_Cases_Tab' is present

2022-04-22 19:43:54 - [TEST_STEP][PASSED] - ctdc.utilities.runtestcaseforKatalon.clickTab("Object Repository/Bento/Cases_page/BentoResults_Cases_Tab"): ctdc.utilities.runtestcaseforKatalon.clickTab is PASSED

2022-04-22 19:43:55 - [MESSAGE][PASSED] - ctdc.utilities.runtestcaseforKatalon.clickTab is PASSED

2022-04-22 19:43:55 - [TEST_STEP][PASSED] - ctdc.utilities.runtestcaseforKatalon.multiFunction("Bento", G_StatBar_Cases, "Object Repository/Bento/Cases_page/Bento_CasesTable", "Object Repository/Bento/Cases_page/Bento_CasesTableHeader", "Object Repository/Bento/Cases_page/Bento_CasesTabNextBtn", G_WebTabnameCases, G_CypherTabnameCases, G_QueryCasesTab): Statbar Files count matches

2022-04-22 19:46:35 - [MESSAGE][PASSED] - Statbar Programs count matches

2022-04-22 19:46:35 - [MESSAGE][PASSED] - Statbar Arms count matches

2022-04-22 19:46:35 - [MESSAGE][PASSED] - Statbar Cases count matches

2022-04-22 19:46:35 - [MESSAGE][PASSED] - Statbar Samples count matches

2022-04-22 19:46:35 - [MESSAGE][PASSED] - Statbar Assays count matches

2022-04-22 19:46:35 - [MESSAGE][PASSED] - Statbar Files count matches

2022-04-22 19:46:35 - [TEST_STEP][PASSED] - waitForElementPresent(findTestObject("Object Repository/Bento/Cases_page/BentoResults_Samples_Tab"), 5): Object 'Object Repository/Bento/Cases_page/BentoResults_Samples_Tab' is present

2022-04-22 19:46:35 - [MESSAGE][PASSED] - Object 'Object Repository/Bento/Cases_page/BentoResults_Samples_Tab' is present

2022-04-22 19:46:35 - [TEST_STEP][PASSED] - ctdc.utilities.runtestcaseforKatalon.clickTab("Object Repository/Bento/Cases_page/BentoResults_Samples_Tab"): ctdc.utilities.runtestcaseforKatalon.clickTab is PASSED

2022-04-22 19:46:36 - [MESSAGE][PASSED] - ctdc.utilities.runtestcaseforKatalon.clickTab is PASSED

2022-04-22 19:46:36 - [TEST_STEP][PASSED] - ctdc.utilities.runtestcaseforKatalon.multiFunction("Bento", G_StatBar_Cases, "Object Repository/Bento/Cases_page/Bento_SamplesTable", "Object Repository/Bento/Cases_page/Bento_SamplesTableHeader", "Object Repository/Bento/Cases_page/Bento_SamplesTabNextBtn", G_WebTabnameSamples, G_CypherTabnameSamples, G_QuerySamplesTab): Statbar Files count matches

2022-04-22 19:49:10 - [MESSAGE][PASSED] - Statbar Programs count matches

2022-04-22 19:49:10 - [MESSAGE][PASSED] - Statbar Arms count matches

2022-04-22 19:49:10 - [MESSAGE][PASSED] - Statbar Cases count matches

2022-04-22 19:49:10 - [MESSAGE][PASSED] - Statbar Samples count matches

2022-04-22 19:49:10 - [MESSAGE][PASSED] - Statbar Assays count matches

2022-04-22 19:49:10 - [MESSAGE][PASSED] - Statbar Files count matches

2022-04-22 19:49:10 - [TEST_STEP][PASSED] - waitForElementPresent(findTestObject("Object Repository/Bento/Cases_page/BentoResults_Files_Tab"), 5): Object 'Object Repository/Bento/Cases_page/BentoResults_Files_Tab' is present

2022-04-22 19:49:10 - [MESSAGE][PASSED] - Object 'Object Repository/Bento/Cases_page/BentoResults_Files_Tab' is present

2022-04-22 19:49:10 - [TEST_STEP][PASSED] - ctdc.utilities.runtestcaseforKatalon.clickTab("Object Repository/Bento/Cases_page/BentoResults_Files_Tab"): ctdc.utilities.runtestcaseforKatalon.clickTab is PASSED

2022-04-22 19:49:10 - [MESSAGE][PASSED] - ctdc.utilities.runtestcaseforKatalon.clickTab is PASSED

2022-04-22 19:49:10 - [TEST_STEP][PASSED] - ctdc.utilities.runtestcaseforKatalon.multiFunction("Bento", G_StatBar_Files, "Object Repository/Bento/Cases_page/Bento_FilesTable", "Object Repository/Bento/Cases_page/Bento_FilesTableHeader", "Object Repository/Bento/Cases_page/Bento_FilesTabNextBtn", G_WebTabnameFiles, G_CypherTabnameFiles, G_QueryFilesTab): Statbar Files count matches

2022-04-22 19:51:42 - [MESSAGE][PASSED] - Statbar Programs count matches

2022-04-22 19:51:42 - [MESSAGE][PASSED] - Statbar Arms count matches

2022-04-22 19:51:42 - [MESSAGE][PASSED] - Statbar Cases count matches

2022-04-22 19:51:42 - [MESSAGE][PASSED] - Statbar Samples count matches

2022-04-22 19:51:42 - [MESSAGE][PASSED] - Statbar Assays count matches

2022-04-22 19:51:42 - [MESSAGE][PASSED] - Statbar Files count matches

2022-04-22 19:51:42 - [TEST_STEP][PASSED] - closeBrowser(): Browser is closed

2022-04-22 19:51:43 - [MESSAGE][PASSED] - Browser is closed]]></system-out>
         <system-err><![CDATA[]]></system-err>
      </testcase>
      <testcase name="Test Cases/Bento_TestCases/Diagnosis/TC10_Bento_Filter_Diagnosis-PagetsDisease" time="458.529" classname="Test Cases/Bento_TestCases/Diagnosis/TC10_Bento_Filter_Diagnosis-PagetsDisease" status="PASSED">
         <system-out><![CDATA[2022-04-22 19:51:43 - [TEST_CASE][PASSED] - Test Cases/Bento_TestCases/Diagnosis/TC10_Bento_Filter_Diagnosis-PagetsDisease: Test Cases/Bento_TestCases/Diagnosis/TC10_Bento_Filter_Diagnosis-PagetsDisease

2022-04-22 19:51:43 - [TEST_STEP][PASSED] - Start listener action : getTestScriptName: null

2022-04-22 19:51:43 - [TEST_STEP][PASSED] - TestCaseId = testCaseContext.getTestCaseId(): null

2022-04-22 19:51:43 - [TEST_STEP][PASSED] - out.println("**********this is the value of test case id string******** " + testCaseContext.getTestCaseId()): null

2022-04-22 19:51:43 - [TEST_STEP][PASSED] - G_currentTCName = TestCaseId.substring(TestCaseId.lastIndexOf("TC")): null

2022-04-22 19:51:43 - [TEST_STEP][PASSED] - out.println("This is the test case name : " + G_currentTCName): null

2022-04-22 19:51:44 - [TEST_STEP][PASSED] - closeBrowser(): Browser is closed

2022-04-22 19:51:44 - [MESSAGE][PASSED] - Browser is closed

2022-04-22 19:51:44 - [TEST_STEP][PASSED] - ctdc.utilities.runtestcaseforKatalon.RunKatalon("TC10_Bento_Filter_Diagnosis-PagetsDisease.xlsx"): Data loaded from input file for the test case. 

2022-04-22 19:51:44 - [MESSAGE][PASSED] - Test case file loaded This is the full filepath after converting to string :C:\Users\sohilz2\Commons_Automation\InputFiles\TC10_Bento_Filter_Diagnosis-PagetsDisease.xlsx

2022-04-22 19:51:44 - [MESSAGE][INFO] - Global variable set for password file is :  C:\Users\sohilz2\Commons_Automation\InputFiles\TC10_Bento_Filter_Diagnosis-PagetsDisease.xlsx

2022-04-22 19:51:48 - [MESSAGE][PASSED] - Data loaded from input file for the test case. 

2022-04-22 19:52:00 - [TEST_STEP][PASSED] - waitForElementClickable(findTestObject("Object Repository/Bento/NavBar/Bento_Cases-Btn"), 5): Object 'Object Repository/Bento/NavBar/Bento_Cases-Btn' is clickable

2022-04-22 19:52:00 - [MESSAGE][PASSED] - Object 'Object Repository/Bento/NavBar/Bento_Cases-Btn' is clickable

2022-04-22 19:52:00 - [TEST_STEP][PASSED] - ctdc.utilities.runtestcaseforKatalon.clickTab("Object Repository/Bento/NavBar/Bento_Cases-Btn"): ctdc.utilities.runtestcaseforKatalon.clickTab is PASSED

2022-04-22 19:52:01 - [MESSAGE][PASSED] - ctdc.utilities.runtestcaseforKatalon.clickTab is PASSED

2022-04-22 19:52:01 - [TEST_STEP][PASSED] - waitForElementClickable(findTestObject("Bento/Cases_page/Filter/Diagnosis/DIAGNOSIS_Ddn"), 5): Object 'Object Repository/Bento/Cases_page/Filter/Diagnosis/DIAGNOSIS_Ddn' is clickable

2022-04-22 19:52:01 - [MESSAGE][PASSED] - Object 'Object Repository/Bento/Cases_page/Filter/Diagnosis/DIAGNOSIS_Ddn' is clickable

2022-04-22 19:52:01 - [TEST_STEP][PASSED] - ctdc.utilities.runtestcaseforKatalon.clickTab("Bento/Cases_page/Filter/Diagnosis/DIAGNOSIS_Ddn"): ctdc.utilities.runtestcaseforKatalon.clickTab is PASSED

2022-04-22 19:52:01 - [MESSAGE][PASSED] - ctdc.utilities.runtestcaseforKatalon.clickTab is PASSED

2022-04-22 19:52:01 - [TEST_STEP][PASSED] - waitForElementClickable(findTestObject("Bento/Cases_page/Filter/Diagnosis/PagetsDisease_Chkbx"), 5): Object 'Object Repository/Bento/Cases_page/Filter/Diagnosis/PagetsDisease_Chkbx' is clickable

2022-04-22 19:52:02 - [MESSAGE][PASSED] - Object 'Object Repository/Bento/Cases_page/Filter/Diagnosis/PagetsDisease_Chkbx' is clickable

2022-04-22 19:52:02 - [TEST_STEP][PASSED] - ctdc.utilities.runtestcaseforKatalon.clickTab("Bento/Cases_page/Filter/Diagnosis/PagetsDisease_Chkbx"): ctdc.utilities.runtestcaseforKatalon.clickTab is PASSED

2022-04-22 19:52:02 - [MESSAGE][PASSED] - ctdc.utilities.runtestcaseforKatalon.clickTab is PASSED

2022-04-22 19:52:02 - [TEST_STEP][PASSED] - ctdc.utilities.runtestcaseforKatalon.clickTab("Bento/Cases_page/Filter/Diagnosis/DIAGNOSIS_Ddn"): ctdc.utilities.runtestcaseforKatalon.clickTab is PASSED

2022-04-22 19:52:02 - [MESSAGE][PASSED] - ctdc.utilities.runtestcaseforKatalon.clickTab is PASSED

2022-04-22 19:52:02 - [TEST_STEP][PASSED] - ctdc.utilities.runtestcaseforKatalon.readStatBarBento("Object Repository/Bento/StatBar/Bento_StatBar-Programs", "Object Repository/Bento/StatBar/Bento_StatBar-Arms", "Object Repository/Bento/StatBar/Bento_StatBar-Cases", "Object Repository/Bento/StatBar/Bento_StatBar-Samples", "Object Repository/Bento/StatBar/Bento_StatBar-Assays", "Object Repository/Bento/StatBar/Bento_StatBar-Files"): ctdc.utilities.runtestcaseforKatalon.readStatBarBento is PASSED

2022-04-22 19:52:11 - [MESSAGE][PASSED] - ctdc.utilities.runtestcaseforKatalon.readStatBarBento is PASSED

2022-04-22 19:52:11 - [TEST_STEP][PASSED] - waitForElementPresent(findTestObject("Object Repository/Bento/Cases_page/BentoResults_Cases_Tab"), 5): Object 'Object Repository/Bento/Cases_page/BentoResults_Cases_Tab' is present

2022-04-22 19:52:11 - [MESSAGE][PASSED] - Object 'Object Repository/Bento/Cases_page/BentoResults_Cases_Tab' is present

2022-04-22 19:52:11 - [TEST_STEP][PASSED] - ctdc.utilities.runtestcaseforKatalon.clickTab("Object Repository/Bento/Cases_page/BentoResults_Cases_Tab"): ctdc.utilities.runtestcaseforKatalon.clickTab is PASSED

2022-04-22 19:52:11 - [MESSAGE][PASSED] - ctdc.utilities.runtestcaseforKatalon.clickTab is PASSED

2022-04-22 19:52:11 - [TEST_STEP][PASSED] - ctdc.utilities.runtestcaseforKatalon.multiFunction("Bento", G_StatBar_Cases, "Object Repository/Bento/Cases_page/Bento_CasesTable", "Object Repository/Bento/Cases_page/Bento_CasesTableHeader", "Object Repository/Bento/Cases_page/Bento_CasesTabNextBtn", G_WebTabnameCases, G_CypherTabnameCases, G_QueryCasesTab): Statbar Files count matches

2022-04-22 19:54:39 - [MESSAGE][PASSED] - Statbar Programs count matches

2022-04-22 19:54:39 - [MESSAGE][PASSED] - Statbar Arms count matches

2022-04-22 19:54:39 - [MESSAGE][PASSED] - Statbar Cases count matches

2022-04-22 19:54:39 - [MESSAGE][PASSED] - Statbar Samples count matches

2022-04-22 19:54:39 - [MESSAGE][PASSED] - Statbar Assays count matches

2022-04-22 19:54:39 - [MESSAGE][PASSED] - Statbar Files count matches

2022-04-22 19:54:39 - [TEST_STEP][PASSED] - waitForElementPresent(findTestObject("Object Repository/Bento/Cases_page/BentoResults_Samples_Tab"), 5): Object 'Object Repository/Bento/Cases_page/BentoResults_Samples_Tab' is present

2022-04-22 19:54:39 - [MESSAGE][PASSED] - Object 'Object Repository/Bento/Cases_page/BentoResults_Samples_Tab' is present

2022-04-22 19:54:39 - [TEST_STEP][PASSED] - ctdc.utilities.runtestcaseforKatalon.clickTab("Object Repository/Bento/Cases_page/BentoResults_Samples_Tab"): ctdc.utilities.runtestcaseforKatalon.clickTab is PASSED

2022-04-22 19:54:40 - [MESSAGE][PASSED] - ctdc.utilities.runtestcaseforKatalon.clickTab is PASSED

2022-04-22 19:54:40 - [TEST_STEP][PASSED] - ctdc.utilities.runtestcaseforKatalon.multiFunction("Bento", G_StatBar_Cases, "Object Repository/Bento/Cases_page/Bento_SamplesTable", "Object Repository/Bento/Cases_page/Bento_SamplesTableHeader", "Object Repository/Bento/Cases_page/Bento_SamplesTabNextBtn", G_WebTabnameSamples, G_CypherTabnameSamples, G_QuerySamplesTab): Statbar Files count matches

2022-04-22 19:57:01 - [MESSAGE][PASSED] - Statbar Programs count matches

2022-04-22 19:57:01 - [MESSAGE][PASSED] - Statbar Arms count matches

2022-04-22 19:57:01 - [MESSAGE][PASSED] - Statbar Cases count matches

2022-04-22 19:57:01 - [MESSAGE][PASSED] - Statbar Samples count matches

2022-04-22 19:57:01 - [MESSAGE][PASSED] - Statbar Assays count matches

2022-04-22 19:57:01 - [MESSAGE][PASSED] - Statbar Files count matches

2022-04-22 19:57:01 - [TEST_STEP][PASSED] - waitForElementPresent(findTestObject("Object Repository/Bento/Cases_page/BentoResults_Files_Tab"), 5): Object 'Object Repository/Bento/Cases_page/BentoResults_Files_Tab' is present

2022-04-22 19:57:02 - [MESSAGE][PASSED] - Object 'Object Repository/Bento/Cases_page/BentoResults_Files_Tab' is present

2022-04-22 19:57:02 - [TEST_STEP][PASSED] - ctdc.utilities.runtestcaseforKatalon.clickTab("Object Repository/Bento/Cases_page/BentoResults_Files_Tab"): ctdc.utilities.runtestcaseforKatalon.clickTab is PASSED

2022-04-22 19:57:02 - [MESSAGE][PASSED] - ctdc.utilities.runtestcaseforKatalon.clickTab is PASSED

2022-04-22 19:57:02 - [TEST_STEP][PASSED] - ctdc.utilities.runtestcaseforKatalon.multiFunction("Bento", G_StatBar_Files, "Object Repository/Bento/Cases_page/Bento_FilesTable", "Object Repository/Bento/Cases_page/Bento_FilesTableHeader", "Object Repository/Bento/Cases_page/Bento_FilesTabNextBtn", G_WebTabnameFiles, G_CypherTabnameFiles, G_QueryFilesTab): Statbar Files count matches

2022-04-22 19:59:21 - [MESSAGE][PASSED] - Statbar Programs count matches

2022-04-22 19:59:21 - [MESSAGE][PASSED] - Statbar Arms count matches

2022-04-22 19:59:21 - [MESSAGE][PASSED] - Statbar Cases count matches

2022-04-22 19:59:21 - [MESSAGE][PASSED] - Statbar Samples count matches

2022-04-22 19:59:21 - [MESSAGE][PASSED] - Statbar Assays count matches

2022-04-22 19:59:21 - [MESSAGE][PASSED] - Statbar Files count matches

2022-04-22 19:59:21 - [TEST_STEP][PASSED] - closeBrowser(): Browser is closed

2022-04-22 19:59:21 - [MESSAGE][PASSED] - Browser is closed]]></system-out>
         <system-err><![CDATA[]]></system-err>
      </testcase>
      <testcase name="Test Cases/Bento_TestCases/Diagnosis/TC11_Bento_Filter_Diagnosis-PapillaryCarcinoma" time="403.335" classname="Test Cases/Bento_TestCases/Diagnosis/TC11_Bento_Filter_Diagnosis-PapillaryCarcinoma" status="PASSED">
         <system-out><![CDATA[2022-04-22 19:59:21 - [TEST_CASE][PASSED] - Test Cases/Bento_TestCases/Diagnosis/TC11_Bento_Filter_Diagnosis-PapillaryCarcinoma: Test Cases/Bento_TestCases/Diagnosis/TC11_Bento_Filter_Diagnosis-PapillaryCarcinoma

2022-04-22 19:59:21 - [TEST_STEP][PASSED] - Start listener action : getTestScriptName: null

2022-04-22 19:59:21 - [TEST_STEP][PASSED] - TestCaseId = testCaseContext.getTestCaseId(): null

2022-04-22 19:59:21 - [TEST_STEP][PASSED] - out.println("**********this is the value of test case id string******** " + testCaseContext.getTestCaseId()): null

2022-04-22 19:59:21 - [TEST_STEP][PASSED] - G_currentTCName = TestCaseId.substring(TestCaseId.lastIndexOf("TC")): null

2022-04-22 19:59:21 - [TEST_STEP][PASSED] - out.println("This is the test case name : " + G_currentTCName): null

2022-04-22 19:59:22 - [TEST_STEP][PASSED] - closeBrowser(): Browser is closed

2022-04-22 19:59:22 - [MESSAGE][PASSED] - Browser is closed

2022-04-22 19:59:22 - [TEST_STEP][PASSED] - ctdc.utilities.runtestcaseforKatalon.RunKatalon("TC11_Bento_Filter_Diagnosis-PapillaryCarcinoma.xlsx"): Data loaded from input file for the test case. 

2022-04-22 19:59:22 - [MESSAGE][PASSED] - Test case file loaded This is the full filepath after converting to string :C:\Users\sohilz2\Commons_Automation\InputFiles\TC11_Bento_Filter_Diagnosis-PapillaryCarcinoma.xlsx

2022-04-22 19:59:22 - [MESSAGE][INFO] - Global variable set for password file is :  C:\Users\sohilz2\Commons_Automation\InputFiles\TC11_Bento_Filter_Diagnosis-PapillaryCarcinoma.xlsx

2022-04-22 19:59:26 - [MESSAGE][PASSED] - Data loaded from input file for the test case. 

2022-04-22 19:59:39 - [TEST_STEP][PASSED] - waitForElementClickable(findTestObject("Object Repository/Bento/NavBar/Bento_Cases-Btn"), 5): Object 'Object Repository/Bento/NavBar/Bento_Cases-Btn' is clickable

2022-04-22 19:59:39 - [MESSAGE][PASSED] - Object 'Object Repository/Bento/NavBar/Bento_Cases-Btn' is clickable

2022-04-22 19:59:39 - [TEST_STEP][PASSED] - ctdc.utilities.runtestcaseforKatalon.clickTab("Object Repository/Bento/NavBar/Bento_Cases-Btn"): ctdc.utilities.runtestcaseforKatalon.clickTab is PASSED

2022-04-22 19:59:39 - [MESSAGE][PASSED] - ctdc.utilities.runtestcaseforKatalon.clickTab is PASSED

2022-04-22 19:59:39 - [TEST_STEP][PASSED] - waitForElementClickable(findTestObject("Bento/Cases_page/Filter/Diagnosis/DIAGNOSIS_Ddn"), 5): Object 'Object Repository/Bento/Cases_page/Filter/Diagnosis/DIAGNOSIS_Ddn' is clickable

2022-04-22 19:59:40 - [MESSAGE][PASSED] - Object 'Object Repository/Bento/Cases_page/Filter/Diagnosis/DIAGNOSIS_Ddn' is clickable

2022-04-22 19:59:40 - [TEST_STEP][PASSED] - ctdc.utilities.runtestcaseforKatalon.clickTab("Bento/Cases_page/Filter/Diagnosis/DIAGNOSIS_Ddn"): ctdc.utilities.runtestcaseforKatalon.clickTab is PASSED

2022-04-22 19:59:40 - [MESSAGE][PASSED] - ctdc.utilities.runtestcaseforKatalon.clickTab is PASSED

2022-04-22 19:59:40 - [TEST_STEP][PASSED] - waitForElementClickable(findTestObject("Bento/Cases_page/Filter/Diagnosis/PapillaryCarcinoma_Chkbx"), 5): Object 'Object Repository/Bento/Cases_page/Filter/Diagnosis/PapillaryCarcinoma_Chkbx' is clickable

2022-04-22 19:59:40 - [MESSAGE][PASSED] - Object 'Object Repository/Bento/Cases_page/Filter/Diagnosis/PapillaryCarcinoma_Chkbx' is clickable

2022-04-22 19:59:40 - [TEST_STEP][PASSED] - ctdc.utilities.runtestcaseforKatalon.clickTab("Bento/Cases_page/Filter/Diagnosis/PapillaryCarcinoma_Chkbx"): ctdc.utilities.runtestcaseforKatalon.clickTab is PASSED

2022-04-22 19:59:40 - [MESSAGE][PASSED] - ctdc.utilities.runtestcaseforKatalon.clickTab is PASSED

2022-04-22 19:59:40 - [TEST_STEP][PASSED] - ctdc.utilities.runtestcaseforKatalon.clickTab("Bento/Cases_page/Filter/Diagnosis/DIAGNOSIS_Ddn"): ctdc.utilities.runtestcaseforKatalon.clickTab is PASSED

2022-04-22 19:59:41 - [MESSAGE][PASSED] - ctdc.utilities.runtestcaseforKatalon.clickTab is PASSED

2022-04-22 19:59:41 - [TEST_STEP][PASSED] - ctdc.utilities.runtestcaseforKatalon.readStatBarBento("Object Repository/Bento/StatBar/Bento_StatBar-Programs", "Object Repository/Bento/StatBar/Bento_StatBar-Arms", "Object Repository/Bento/StatBar/Bento_StatBar-Cases", "Object Repository/Bento/StatBar/Bento_StatBar-Samples", "Object Repository/Bento/StatBar/Bento_StatBar-Assays", "Object Repository/Bento/StatBar/Bento_StatBar-Files"): ctdc.utilities.runtestcaseforKatalon.readStatBarBento is PASSED

2022-04-22 19:59:50 - [MESSAGE][PASSED] - ctdc.utilities.runtestcaseforKatalon.readStatBarBento is PASSED

2022-04-22 19:59:50 - [TEST_STEP][PASSED] - waitForElementPresent(findTestObject("Object Repository/Bento/Cases_page/BentoResults_Cases_Tab"), 5): Object 'Object Repository/Bento/Cases_page/BentoResults_Cases_Tab' is present

2022-04-22 19:59:50 - [MESSAGE][PASSED] - Object 'Object Repository/Bento/Cases_page/BentoResults_Cases_Tab' is present

2022-04-22 19:59:50 - [TEST_STEP][PASSED] - ctdc.utilities.runtestcaseforKatalon.clickTab("Object Repository/Bento/Cases_page/BentoResults_Cases_Tab"): ctdc.utilities.runtestcaseforKatalon.clickTab is PASSED

2022-04-22 19:59:50 - [MESSAGE][PASSED] - ctdc.utilities.runtestcaseforKatalon.clickTab is PASSED

2022-04-22 19:59:50 - [TEST_STEP][PASSED] - ctdc.utilities.runtestcaseforKatalon.multiFunction("Bento", G_StatBar_Cases, "Object Repository/Bento/Cases_page/Bento_CasesTable", "Object Repository/Bento/Cases_page/Bento_CasesTableHeader", "Object Repository/Bento/Cases_page/Bento_CasesTabNextBtn", G_WebTabnameCases, G_CypherTabnameCases, G_QueryCasesTab): Statbar Files count matches

2022-04-22 20:01:58 - [MESSAGE][PASSED] - Statbar Programs count matches

2022-04-22 20:01:58 - [MESSAGE][PASSED] - Statbar Arms count matches

2022-04-22 20:01:58 - [MESSAGE][PASSED] - Statbar Cases count matches

2022-04-22 20:01:58 - [MESSAGE][PASSED] - Statbar Samples count matches

2022-04-22 20:01:58 - [MESSAGE][PASSED] - Statbar Assays count matches

2022-04-22 20:01:58 - [MESSAGE][PASSED] - Statbar Files count matches

2022-04-22 20:01:58 - [TEST_STEP][PASSED] - waitForElementPresent(findTestObject("Object Repository/Bento/Cases_page/BentoResults_Samples_Tab"), 5): Object 'Object Repository/Bento/Cases_page/BentoResults_Samples_Tab' is present

2022-04-22 20:01:59 - [MESSAGE][PASSED] - Object 'Object Repository/Bento/Cases_page/BentoResults_Samples_Tab' is present

2022-04-22 20:01:59 - [TEST_STEP][PASSED] - ctdc.utilities.runtestcaseforKatalon.clickTab("Object Repository/Bento/Cases_page/BentoResults_Samples_Tab"): ctdc.utilities.runtestcaseforKatalon.clickTab is PASSED

2022-04-22 20:01:59 - [MESSAGE][PASSED] - ctdc.utilities.runtestcaseforKatalon.clickTab is PASSED

2022-04-22 20:01:59 - [TEST_STEP][PASSED] - ctdc.utilities.runtestcaseforKatalon.multiFunction("Bento", G_StatBar_Cases, "Object Repository/Bento/Cases_page/Bento_SamplesTable", "Object Repository/Bento/Cases_page/Bento_SamplesTableHeader", "Object Repository/Bento/Cases_page/Bento_SamplesTabNextBtn", G_WebTabnameSamples, G_CypherTabnameSamples, G_QuerySamplesTab): Statbar Files count matches

2022-04-22 20:04:03 - [MESSAGE][PASSED] - Statbar Programs count matches

2022-04-22 20:04:03 - [MESSAGE][PASSED] - Statbar Arms count matches

2022-04-22 20:04:03 - [MESSAGE][PASSED] - Statbar Cases count matches

2022-04-22 20:04:03 - [MESSAGE][PASSED] - Statbar Samples count matches

2022-04-22 20:04:03 - [MESSAGE][PASSED] - Statbar Assays count matches

2022-04-22 20:04:03 - [MESSAGE][PASSED] - Statbar Files count matches

2022-04-22 20:04:03 - [TEST_STEP][PASSED] - waitForElementPresent(findTestObject("Object Repository/Bento/Cases_page/BentoResults_Files_Tab"), 5): Object 'Object Repository/Bento/Cases_page/BentoResults_Files_Tab' is present

2022-04-22 20:04:03 - [MESSAGE][PASSED] - Object 'Object Repository/Bento/Cases_page/BentoResults_Files_Tab' is present

2022-04-22 20:04:03 - [TEST_STEP][PASSED] - ctdc.utilities.runtestcaseforKatalon.clickTab("Object Repository/Bento/Cases_page/BentoResults_Files_Tab"): ctdc.utilities.runtestcaseforKatalon.clickTab is PASSED

2022-04-22 20:04:03 - [MESSAGE][PASSED] - ctdc.utilities.runtestcaseforKatalon.clickTab is PASSED

2022-04-22 20:04:03 - [TEST_STEP][PASSED] - ctdc.utilities.runtestcaseforKatalon.multiFunction("Bento", G_StatBar_Files, "Object Repository/Bento/Cases_page/Bento_FilesTable", "Object Repository/Bento/Cases_page/Bento_FilesTableHeader", "Object Repository/Bento/Cases_page/Bento_FilesTabNextBtn", G_WebTabnameFiles, G_CypherTabnameFiles, G_QueryFilesTab): Statbar Files count matches

2022-04-22 20:06:04 - [MESSAGE][PASSED] - Statbar Programs count matches

2022-04-22 20:06:04 - [MESSAGE][PASSED] - Statbar Arms count matches

2022-04-22 20:06:04 - [MESSAGE][PASSED] - Statbar Cases count matches

2022-04-22 20:06:04 - [MESSAGE][PASSED] - Statbar Samples count matches

2022-04-22 20:06:04 - [MESSAGE][PASSED] - Statbar Assays count matches

2022-04-22 20:06:04 - [MESSAGE][PASSED] - Statbar Files count matches

2022-04-22 20:06:04 - [TEST_STEP][PASSED] - closeBrowser(): Browser is closed

2022-04-22 20:06:04 - [MESSAGE][PASSED] - Browser is closed]]></system-out>
         <system-err><![CDATA[]]></system-err>
      </testcase>
      <testcase name="Test Cases/Bento_TestCases/Diagnosis/TC12_Bento_Filter_Diagnosis-TubularCarcinoma" time="461.359" classname="Test Cases/Bento_TestCases/Diagnosis/TC12_Bento_Filter_Diagnosis-TubularCarcinoma" status="PASSED">
         <system-out><![CDATA[2022-04-22 20:06:04 - [TEST_CASE][PASSED] - Test Cases/Bento_TestCases/Diagnosis/TC12_Bento_Filter_Diagnosis-TubularCarcinoma: Test Cases/Bento_TestCases/Diagnosis/TC12_Bento_Filter_Diagnosis-TubularCarcinoma

2022-04-22 20:06:04 - [TEST_STEP][PASSED] - Start listener action : getTestScriptName: null

2022-04-22 20:06:05 - [TEST_STEP][PASSED] - TestCaseId = testCaseContext.getTestCaseId(): null

2022-04-22 20:06:05 - [TEST_STEP][PASSED] - out.println("**********this is the value of test case id string******** " + testCaseContext.getTestCaseId()): null

2022-04-22 20:06:05 - [TEST_STEP][PASSED] - G_currentTCName = TestCaseId.substring(TestCaseId.lastIndexOf("TC")): null

2022-04-22 20:06:05 - [TEST_STEP][PASSED] - out.println("This is the test case name : " + G_currentTCName): null

2022-04-22 20:06:05 - [TEST_STEP][PASSED] - closeBrowser(): Browser is closed

2022-04-22 20:06:05 - [MESSAGE][PASSED] - Browser is closed

2022-04-22 20:06:05 - [TEST_STEP][PASSED] - ctdc.utilities.runtestcaseforKatalon.RunKatalon("TC12_Bento_Filter_Diagnosis-TubularCarcinoma.xlsx"): Data loaded from input file for the test case. 

2022-04-22 20:06:05 - [MESSAGE][PASSED] - Test case file loaded This is the full filepath after converting to string :C:\Users\sohilz2\Commons_Automation\InputFiles\TC12_Bento_Filter_Diagnosis-TubularCarcinoma.xlsx

2022-04-22 20:06:05 - [MESSAGE][INFO] - Global variable set for password file is :  C:\Users\sohilz2\Commons_Automation\InputFiles\TC12_Bento_Filter_Diagnosis-TubularCarcinoma.xlsx

2022-04-22 20:06:09 - [MESSAGE][PASSED] - Data loaded from input file for the test case. 

2022-04-22 20:06:22 - [TEST_STEP][PASSED] - waitForElementClickable(findTestObject("Object Repository/Bento/NavBar/Bento_Cases-Btn"), 5): Object 'Object Repository/Bento/NavBar/Bento_Cases-Btn' is clickable

2022-04-22 20:06:22 - [MESSAGE][PASSED] - Object 'Object Repository/Bento/NavBar/Bento_Cases-Btn' is clickable

2022-04-22 20:06:22 - [TEST_STEP][PASSED] - ctdc.utilities.runtestcaseforKatalon.clickTab("Object Repository/Bento/NavBar/Bento_Cases-Btn"): ctdc.utilities.runtestcaseforKatalon.clickTab is PASSED

2022-04-22 20:06:22 - [MESSAGE][PASSED] - ctdc.utilities.runtestcaseforKatalon.clickTab is PASSED

2022-04-22 20:06:22 - [TEST_STEP][PASSED] - waitForElementClickable(findTestObject("Bento/Cases_page/Filter/Diagnosis/DIAGNOSIS_Ddn"), 5): Object 'Object Repository/Bento/Cases_page/Filter/Diagnosis/DIAGNOSIS_Ddn' is clickable

2022-04-22 20:06:23 - [MESSAGE][PASSED] - Object 'Object Repository/Bento/Cases_page/Filter/Diagnosis/DIAGNOSIS_Ddn' is clickable

2022-04-22 20:06:23 - [TEST_STEP][PASSED] - ctdc.utilities.runtestcaseforKatalon.clickTab("Bento/Cases_page/Filter/Diagnosis/DIAGNOSIS_Ddn"): ctdc.utilities.runtestcaseforKatalon.clickTab is PASSED

2022-04-22 20:06:23 - [MESSAGE][PASSED] - ctdc.utilities.runtestcaseforKatalon.clickTab is PASSED

2022-04-22 20:06:23 - [TEST_STEP][PASSED] - waitForElementClickable(findTestObject("Bento/Cases_page/Filter/Diagnosis/TubularCarcinoma_Chkbx"), 5): Object 'Object Repository/Bento/Cases_page/Filter/Diagnosis/TubularCarcinoma_Chkbx' is clickable

2022-04-22 20:06:23 - [MESSAGE][PASSED] - Object 'Object Repository/Bento/Cases_page/Filter/Diagnosis/TubularCarcinoma_Chkbx' is clickable

2022-04-22 20:06:23 - [TEST_STEP][PASSED] - ctdc.utilities.runtestcaseforKatalon.clickTab("Bento/Cases_page/Filter/Diagnosis/TubularCarcinoma_Chkbx"): ctdc.utilities.runtestcaseforKatalon.clickTab is PASSED

2022-04-22 20:06:24 - [MESSAGE][PASSED] - ctdc.utilities.runtestcaseforKatalon.clickTab is PASSED

2022-04-22 20:06:24 - [TEST_STEP][PASSED] - ctdc.utilities.runtestcaseforKatalon.clickTab("Bento/Cases_page/Filter/Diagnosis/DIAGNOSIS_Ddn"): ctdc.utilities.runtestcaseforKatalon.clickTab is PASSED

2022-04-22 20:06:25 - [MESSAGE][PASSED] - ctdc.utilities.runtestcaseforKatalon.clickTab is PASSED

2022-04-22 20:06:25 - [TEST_STEP][PASSED] - ctdc.utilities.runtestcaseforKatalon.readStatBarBento("Object Repository/Bento/StatBar/Bento_StatBar-Programs", "Object Repository/Bento/StatBar/Bento_StatBar-Arms", "Object Repository/Bento/StatBar/Bento_StatBar-Cases", "Object Repository/Bento/StatBar/Bento_StatBar-Samples", "Object Repository/Bento/StatBar/Bento_StatBar-Assays", "Object Repository/Bento/StatBar/Bento_StatBar-Files"): ctdc.utilities.runtestcaseforKatalon.readStatBarBento is PASSED

2022-04-22 20:06:33 - [MESSAGE][PASSED] - ctdc.utilities.runtestcaseforKatalon.readStatBarBento is PASSED

2022-04-22 20:06:33 - [TEST_STEP][PASSED] - waitForElementPresent(findTestObject("Object Repository/Bento/Cases_page/BentoResults_Cases_Tab"), 5): Object 'Object Repository/Bento/Cases_page/BentoResults_Cases_Tab' is present

2022-04-22 20:06:33 - [MESSAGE][PASSED] - Object 'Object Repository/Bento/Cases_page/BentoResults_Cases_Tab' is present

2022-04-22 20:06:33 - [TEST_STEP][PASSED] - ctdc.utilities.runtestcaseforKatalon.clickTab("Object Repository/Bento/Cases_page/BentoResults_Cases_Tab"): ctdc.utilities.runtestcaseforKatalon.clickTab is PASSED

2022-04-22 20:06:33 - [MESSAGE][PASSED] - ctdc.utilities.runtestcaseforKatalon.clickTab is PASSED

2022-04-22 20:06:33 - [TEST_STEP][PASSED] - ctdc.utilities.runtestcaseforKatalon.multiFunction("Bento", G_StatBar_Cases, "Object Repository/Bento/Cases_page/Bento_CasesTable", "Object Repository/Bento/Cases_page/Bento_CasesTableHeader", "Object Repository/Bento/Cases_page/Bento_CasesTabNextBtn", G_WebTabnameCases, G_CypherTabnameCases, G_QueryCasesTab): Statbar Files count matches

2022-04-22 20:09:01 - [MESSAGE][PASSED] - Statbar Programs count matches

2022-04-22 20:09:01 - [MESSAGE][PASSED] - Statbar Arms count matches

2022-04-22 20:09:01 - [MESSAGE][PASSED] - Statbar Cases count matches

2022-04-22 20:09:01 - [MESSAGE][PASSED] - Statbar Samples count matches

2022-04-22 20:09:01 - [MESSAGE][PASSED] - Statbar Assays count matches

2022-04-22 20:09:01 - [MESSAGE][PASSED] - Statbar Files count matches

2022-04-22 20:09:01 - [TEST_STEP][PASSED] - waitForElementPresent(findTestObject("Object Repository/Bento/Cases_page/BentoResults_Samples_Tab"), 5): Object 'Object Repository/Bento/Cases_page/BentoResults_Samples_Tab' is present

2022-04-22 20:09:01 - [MESSAGE][PASSED] - Object 'Object Repository/Bento/Cases_page/BentoResults_Samples_Tab' is present

2022-04-22 20:09:01 - [TEST_STEP][PASSED] - ctdc.utilities.runtestcaseforKatalon.clickTab("Object Repository/Bento/Cases_page/BentoResults_Samples_Tab"): ctdc.utilities.runtestcaseforKatalon.clickTab is PASSED

2022-04-22 20:09:02 - [MESSAGE][PASSED] - ctdc.utilities.runtestcaseforKatalon.clickTab is PASSED

2022-04-22 20:09:02 - [TEST_STEP][PASSED] - ctdc.utilities.runtestcaseforKatalon.multiFunction("Bento", G_StatBar_Cases, "Object Repository/Bento/Cases_page/Bento_SamplesTable", "Object Repository/Bento/Cases_page/Bento_SamplesTableHeader", "Object Repository/Bento/Cases_page/Bento_SamplesTabNextBtn", G_WebTabnameSamples, G_CypherTabnameSamples, G_QuerySamplesTab): Statbar Files count matches

2022-04-22 20:11:26 - [MESSAGE][PASSED] - Statbar Programs count matches

2022-04-22 20:11:26 - [MESSAGE][PASSED] - Statbar Arms count matches

2022-04-22 20:11:26 - [MESSAGE][PASSED] - Statbar Cases count matches

2022-04-22 20:11:26 - [MESSAGE][PASSED] - Statbar Samples count matches

2022-04-22 20:11:26 - [MESSAGE][PASSED] - Statbar Assays count matches

2022-04-22 20:11:26 - [MESSAGE][PASSED] - Statbar Files count matches

2022-04-22 20:11:26 - [TEST_STEP][PASSED] - waitForElementPresent(findTestObject("Object Repository/Bento/Cases_page/BentoResults_Files_Tab"), 5): Object 'Object Repository/Bento/Cases_page/BentoResults_Files_Tab' is present

2022-04-22 20:11:26 - [MESSAGE][PASSED] - Object 'Object Repository/Bento/Cases_page/BentoResults_Files_Tab' is present

2022-04-22 20:11:26 - [TEST_STEP][PASSED] - ctdc.utilities.runtestcaseforKatalon.clickTab("Object Repository/Bento/Cases_page/BentoResults_Files_Tab"): ctdc.utilities.runtestcaseforKatalon.clickTab is PASSED

2022-04-22 20:11:26 - [MESSAGE][PASSED] - ctdc.utilities.runtestcaseforKatalon.clickTab is PASSED

2022-04-22 20:11:26 - [TEST_STEP][PASSED] - ctdc.utilities.runtestcaseforKatalon.multiFunction("Bento", G_StatBar_Files, "Object Repository/Bento/Cases_page/Bento_FilesTable", "Object Repository/Bento/Cases_page/Bento_FilesTableHeader", "Object Repository/Bento/Cases_page/Bento_FilesTabNextBtn", G_WebTabnameFiles, G_CypherTabnameFiles, G_QueryFilesTab): Statbar Files count matches

2022-04-22 20:13:45 - [MESSAGE][PASSED] - Statbar Programs count matches

2022-04-22 20:13:45 - [MESSAGE][PASSED] - Statbar Arms count matches

2022-04-22 20:13:45 - [MESSAGE][PASSED] - Statbar Cases count matches

2022-04-22 20:13:45 - [MESSAGE][PASSED] - Statbar Samples count matches

2022-04-22 20:13:45 - [MESSAGE][PASSED] - Statbar Assays count matches

2022-04-22 20:13:45 - [MESSAGE][PASSED] - Statbar Files count matches

2022-04-22 20:13:45 - [TEST_STEP][PASSED] - closeBrowser(): Browser is closed

2022-04-22 20:13:46 - [MESSAGE][PASSED] - Browser is closed]]></system-out>
         <system-err><![CDATA[]]></system-err>
      </testcase>
      <testcase name="Test Cases/Bento_TestCases/EndocrineTherapy/TC02_Bento_Filter_EndocrineTherapy-None" time="136.329" classname="Test Cases/Bento_TestCases/EndocrineTherapy/TC02_Bento_Filter_EndocrineTherapy-None" status="PASSED">
         <system-out><![CDATA[2022-04-22 20:13:46 - [TEST_CASE][PASSED] - Test Cases/Bento_TestCases/EndocrineTherapy/TC02_Bento_Filter_EndocrineTherapy-None: Test Cases/Bento_TestCases/EndocrineTherapy/TC02_Bento_Filter_EndocrineTherapy-None

2022-04-22 20:13:46 - [TEST_STEP][PASSED] - Start listener action : getTestScriptName: null

2022-04-22 20:13:46 - [TEST_STEP][PASSED] - TestCaseId = testCaseContext.getTestCaseId(): null

2022-04-22 20:13:46 - [TEST_STEP][PASSED] - out.println("**********this is the value of test case id string******** " + testCaseContext.getTestCaseId()): null

2022-04-22 20:13:46 - [TEST_STEP][PASSED] - G_currentTCName = TestCaseId.substring(TestCaseId.lastIndexOf("TC")): null

2022-04-22 20:13:46 - [TEST_STEP][PASSED] - out.println("This is the test case name : " + G_currentTCName): null

2022-04-22 20:13:46 - [TEST_STEP][PASSED] - closeBrowser(): Browser is closed

2022-04-22 20:13:46 - [MESSAGE][PASSED] - Browser is closed

2022-04-22 20:13:46 - [TEST_STEP][PASSED] - ctdc.utilities.runtestcaseforKatalon.RunKatalon("TC02_Bento_Filter_EndocrineTherapy-None.xlsx"): Data loaded from input file for the test case. 

2022-04-22 20:13:46 - [MESSAGE][PASSED] - Test case file loaded This is the full filepath after converting to string :C:\Users\sohilz2\Commons_Automation\InputFiles\TC02_Bento_Filter_EndocrineTherapy-None.xlsx

2022-04-22 20:13:46 - [MESSAGE][INFO] - Global variable set for password file is :  C:\Users\sohilz2\Commons_Automation\InputFiles\TC02_Bento_Filter_EndocrineTherapy-None.xlsx

2022-04-22 20:13:51 - [MESSAGE][PASSED] - Data loaded from input file for the test case. 

2022-04-22 20:14:02 - [TEST_STEP][PASSED] - waitForElementClickable(findTestObject("Object Repository/Bento/NavBar/Bento_Cases-Btn"), 5): Object 'Object Repository/Bento/NavBar/Bento_Cases-Btn' is clickable

2022-04-22 20:14:02 - [MESSAGE][PASSED] - Object 'Object Repository/Bento/NavBar/Bento_Cases-Btn' is clickable

2022-04-22 20:14:02 - [TEST_STEP][PASSED] - ctdc.utilities.runtestcaseforKatalon.clickTab("Object Repository/Bento/NavBar/Bento_Cases-Btn"): ctdc.utilities.runtestcaseforKatalon.clickTab is PASSED

2022-04-22 20:14:03 - [MESSAGE][PASSED] - ctdc.utilities.runtestcaseforKatalon.clickTab is PASSED

2022-04-22 20:14:03 - [TEST_STEP][PASSED] - waitForElementClickable(findTestObject("Bento/Cases_page/Filter/EndocrineTherapy/ENDOCRINETHERAPY_Ddn"), 5): Object 'Object Repository/Bento/Cases_page/Filter/EndocrineTherapy/ENDOCRINETHERAPY_Ddn' is clickable

2022-04-22 20:14:03 - [MESSAGE][PASSED] - Object 'Object Repository/Bento/Cases_page/Filter/EndocrineTherapy/ENDOCRINETHERAPY_Ddn' is clickable

2022-04-22 20:14:03 - [TEST_STEP][PASSED] - ctdc.utilities.runtestcaseforKatalon.clickTab("Bento/Cases_page/Filter/EndocrineTherapy/ENDOCRINETHERAPY_Ddn"): ctdc.utilities.runtestcaseforKatalon.clickTab is PASSED

2022-04-22 20:14:04 - [MESSAGE][PASSED] - ctdc.utilities.runtestcaseforKatalon.clickTab is PASSED

2022-04-22 20:14:04 - [TEST_STEP][PASSED] - ctdc.utilities.runtestcaseforKatalon.clickTab("Object Repository/Bento/Cases_page/Filter/EndocrineTherapy/None_Chkbx"): ctdc.utilities.runtestcaseforKatalon.clickTab is PASSED

2022-04-22 20:14:04 - [MESSAGE][PASSED] - ctdc.utilities.runtestcaseforKatalon.clickTab is PASSED

2022-04-22 20:14:04 - [TEST_STEP][PASSED] - ctdc.utilities.runtestcaseforKatalon.clickTab("Object Repository/Bento/Cases_page/Filter/EndocrineTherapy/ENDOCRINETHERAPY_Ddn"): ctdc.utilities.runtestcaseforKatalon.clickTab is PASSED

2022-04-22 20:14:04 - [MESSAGE][PASSED] - ctdc.utilities.runtestcaseforKatalon.clickTab is PASSED

2022-04-22 20:14:04 - [TEST_STEP][PASSED] - ctdc.utilities.runtestcaseforKatalon.readStatBarBento("Object Repository/Bento/StatBar/Bento_StatBar-Programs", "Object Repository/Bento/StatBar/Bento_StatBar-Arms", "Object Repository/Bento/StatBar/Bento_StatBar-Cases", "Object Repository/Bento/StatBar/Bento_StatBar-Samples", "Object Repository/Bento/StatBar/Bento_StatBar-Assays", "Object Repository/Bento/StatBar/Bento_StatBar-Files"): ctdc.utilities.runtestcaseforKatalon.readStatBarBento is PASSED

2022-04-22 20:14:13 - [MESSAGE][PASSED] - ctdc.utilities.runtestcaseforKatalon.readStatBarBento is PASSED

2022-04-22 20:14:13 - [TEST_STEP][PASSED] - waitForElementPresent(findTestObject("Object Repository/Bento/Cases_page/BentoResults_Cases_Tab"), 5): Object 'Object Repository/Bento/Cases_page/BentoResults_Cases_Tab' is present

2022-04-22 20:14:13 - [MESSAGE][PASSED] - Object 'Object Repository/Bento/Cases_page/BentoResults_Cases_Tab' is present

2022-04-22 20:14:13 - [TEST_STEP][PASSED] - ctdc.utilities.runtestcaseforKatalon.clickTab("Object Repository/Bento/Cases_page/BentoResults_Cases_Tab"): ctdc.utilities.runtestcaseforKatalon.clickTab is PASSED

2022-04-22 20:14:13 - [MESSAGE][PASSED] - ctdc.utilities.runtestcaseforKatalon.clickTab is PASSED

2022-04-22 20:14:13 - [TEST_STEP][PASSED] - ctdc.utilities.runtestcaseforKatalon.multiFunction("Bento", G_StatBar_Cases, "Object Repository/Bento/Cases_page/Bento_CasesTable", "Object Repository/Bento/Cases_page/Bento_CasesTableHeader", "Object Repository/Bento/Cases_page/Bento_CasesTabNextBtn", G_WebTabnameCases, G_CypherTabnameCases, G_QueryCasesTab): Statbar Files count matches

2022-04-22 20:15:56 - [MESSAGE][PASSED] - Statbar Programs count matches

2022-04-22 20:15:56 - [MESSAGE][PASSED] - Statbar Arms count matches

2022-04-22 20:15:56 - [MESSAGE][PASSED] - Statbar Cases count matches

2022-04-22 20:15:56 - [MESSAGE][PASSED] - Statbar Samples count matches

2022-04-22 20:15:56 - [MESSAGE][PASSED] - Statbar Assays count matches

2022-04-22 20:15:56 - [MESSAGE][PASSED] - Statbar Files count matches

2022-04-22 20:15:56 - [TEST_STEP][PASSED] - ctdc.utilities.ReadExcel.Neo4j(G_CypherTabnameCases, G_QueryCasesTab): ctdc.utilities.ReadExcel.Neo4j is PASSED

2022-04-22 20:16:02 - [MESSAGE][PASSED] - ctdc.utilities.ReadExcel.Neo4j is PASSED

2022-04-22 20:16:02 - [TEST_STEP][PASSED] - ctdc.utilities.runtestcaseforKatalon.validateStatBar("Bento"): Statbar Files count matches

2022-04-22 20:16:02 - [MESSAGE][PASSED] - Statbar Programs count matches

2022-04-22 20:16:02 - [MESSAGE][PASSED] - Statbar Arms count matches

2022-04-22 20:16:02 - [MESSAGE][PASSED] - Statbar Cases count matches

2022-04-22 20:16:02 - [MESSAGE][PASSED] - Statbar Samples count matches

2022-04-22 20:16:02 - [MESSAGE][PASSED] - Statbar Assays count matches

2022-04-22 20:16:02 - [MESSAGE][PASSED] - Statbar Files count matches

2022-04-22 20:16:02 - [TEST_STEP][PASSED] - closeBrowser(): Browser is closed

2022-04-22 20:16:02 - [MESSAGE][PASSED] - Browser is closed]]></system-out>
         <system-err><![CDATA[]]></system-err>
      </testcase>
      <testcase name="Test Cases/Bento_TestCases/EndocrineTherapy/TC06_Bento_Filter_EndocrineTherapy-Tam" time="325.228" classname="Test Cases/Bento_TestCases/EndocrineTherapy/TC06_Bento_Filter_EndocrineTherapy-Tam" status="PASSED">
         <system-out><![CDATA[2022-04-22 20:16:02 - [TEST_CASE][PASSED] - Test Cases/Bento_TestCases/EndocrineTherapy/TC06_Bento_Filter_EndocrineTherapy-Tam: Test Cases/Bento_TestCases/EndocrineTherapy/TC06_Bento_Filter_EndocrineTherapy-Tam

2022-04-22 20:16:02 - [TEST_STEP][PASSED] - Start listener action : getTestScriptName: null

2022-04-22 20:16:02 - [TEST_STEP][PASSED] - TestCaseId = testCaseContext.getTestCaseId(): null

2022-04-22 20:16:02 - [TEST_STEP][PASSED] - out.println("**********this is the value of test case id string******** " + testCaseContext.getTestCaseId()): null

2022-04-22 20:16:02 - [TEST_STEP][PASSED] - G_currentTCName = TestCaseId.substring(TestCaseId.lastIndexOf("TC")): null

2022-04-22 20:16:02 - [TEST_STEP][PASSED] - out.println("This is the test case name : " + G_currentTCName): null

2022-04-22 20:16:03 - [TEST_STEP][PASSED] - closeBrowser(): Browser is closed

2022-04-22 20:16:03 - [MESSAGE][PASSED] - Browser is closed

2022-04-22 20:16:03 - [TEST_STEP][PASSED] - ctdc.utilities.runtestcaseforKatalon.RunKatalon("TC06_Bento_Filter_EndocrineTherapy-Tam.xlsx"): Data loaded from input file for the test case. 

2022-04-22 20:16:03 - [MESSAGE][PASSED] - Test case file loaded This is the full filepath after converting to string :C:\Users\sohilz2\Commons_Automation\InputFiles\TC06_Bento_Filter_EndocrineTherapy-Tam.xlsx

2022-04-22 20:16:03 - [MESSAGE][INFO] - Global variable set for password file is :  C:\Users\sohilz2\Commons_Automation\InputFiles\TC06_Bento_Filter_EndocrineTherapy-Tam.xlsx

2022-04-22 20:16:07 - [MESSAGE][PASSED] - Data loaded from input file for the test case. 

2022-04-22 20:16:19 - [TEST_STEP][PASSED] - waitForElementClickable(findTestObject("Object Repository/Bento/NavBar/Bento_Cases-Btn"), 5): Object 'Object Repository/Bento/NavBar/Bento_Cases-Btn' is clickable

2022-04-22 20:16:20 - [MESSAGE][PASSED] - Object 'Object Repository/Bento/NavBar/Bento_Cases-Btn' is clickable

2022-04-22 20:16:20 - [TEST_STEP][PASSED] - ctdc.utilities.runtestcaseforKatalon.clickTab("Object Repository/Bento/NavBar/Bento_Cases-Btn"): ctdc.utilities.runtestcaseforKatalon.clickTab is PASSED

2022-04-22 20:16:20 - [MESSAGE][PASSED] - ctdc.utilities.runtestcaseforKatalon.clickTab is PASSED

2022-04-22 20:16:20 - [TEST_STEP][PASSED] - waitForElementClickable(findTestObject("Bento/Cases_page/Filter/EndocrineTherapy/ENDOCRINETHERAPY_Ddn"), 5): Object 'Object Repository/Bento/Cases_page/Filter/EndocrineTherapy/ENDOCRINETHERAPY_Ddn' is clickable

2022-04-22 20:16:20 - [MESSAGE][PASSED] - Object 'Object Repository/Bento/Cases_page/Filter/EndocrineTherapy/ENDOCRINETHERAPY_Ddn' is clickable

2022-04-22 20:16:20 - [TEST_STEP][PASSED] - ctdc.utilities.runtestcaseforKatalon.clickTab("Bento/Cases_page/Filter/EndocrineTherapy/ENDOCRINETHERAPY_Ddn"): ctdc.utilities.runtestcaseforKatalon.clickTab is PASSED

2022-04-22 20:16:21 - [MESSAGE][PASSED] - ctdc.utilities.runtestcaseforKatalon.clickTab is PASSED

2022-04-22 20:16:21 - [TEST_STEP][PASSED] - ctdc.utilities.runtestcaseforKatalon.clickTab("Object Repository/Bento/Cases_page/Filter/EndocrineTherapy/Tam_Chkbx"): ctdc.utilities.runtestcaseforKatalon.clickTab is PASSED

2022-04-22 20:16:21 - [MESSAGE][PASSED] - ctdc.utilities.runtestcaseforKatalon.clickTab is PASSED

2022-04-22 20:16:21 - [TEST_STEP][PASSED] - ctdc.utilities.runtestcaseforKatalon.clickTab("Object Repository/Bento/Cases_page/Filter/EndocrineTherapy/ENDOCRINETHERAPY_Ddn"): ctdc.utilities.runtestcaseforKatalon.clickTab is PASSED

2022-04-22 20:16:22 - [MESSAGE][PASSED] - ctdc.utilities.runtestcaseforKatalon.clickTab is PASSED

2022-04-22 20:16:22 - [TEST_STEP][PASSED] - ctdc.utilities.runtestcaseforKatalon.readStatBarBento("Object Repository/Bento/StatBar/Bento_StatBar-Programs", "Object Repository/Bento/StatBar/Bento_StatBar-Arms", "Object Repository/Bento/StatBar/Bento_StatBar-Cases", "Object Repository/Bento/StatBar/Bento_StatBar-Samples", "Object Repository/Bento/StatBar/Bento_StatBar-Assays", "Object Repository/Bento/StatBar/Bento_StatBar-Files"): ctdc.utilities.runtestcaseforKatalon.readStatBarBento is PASSED

2022-04-22 20:16:30 - [MESSAGE][PASSED] - ctdc.utilities.runtestcaseforKatalon.readStatBarBento is PASSED

2022-04-22 20:16:30 - [TEST_STEP][PASSED] - waitForElementPresent(findTestObject("Object Repository/Bento/Cases_page/BentoResults_Cases_Tab"), 5): Object 'Object Repository/Bento/Cases_page/BentoResults_Cases_Tab' is present

2022-04-22 20:16:30 - [MESSAGE][PASSED] - Object 'Object Repository/Bento/Cases_page/BentoResults_Cases_Tab' is present

2022-04-22 20:16:30 - [TEST_STEP][PASSED] - ctdc.utilities.runtestcaseforKatalon.clickTab("Object Repository/Bento/Cases_page/BentoResults_Cases_Tab"): ctdc.utilities.runtestcaseforKatalon.clickTab is PASSED

2022-04-22 20:16:30 - [MESSAGE][PASSED] - ctdc.utilities.runtestcaseforKatalon.clickTab is PASSED

2022-04-22 20:16:30 - [TEST_STEP][PASSED] - ctdc.utilities.runtestcaseforKatalon.multiFunction("Bento", G_StatBar_Cases, "Object Repository/Bento/Cases_page/Bento_CasesTable", "Object Repository/Bento/Cases_page/Bento_CasesTableHeader", "Object Repository/Bento/Cases_page/Bento_CasesTabNextBtn", G_WebTabnameCases, G_CypherTabnameCases, G_QueryCasesTab): Statbar Files count matches

2022-04-22 20:21:27 - [MESSAGE][PASSED] - Statbar Programs count matches

2022-04-22 20:21:27 - [MESSAGE][PASSED] - Statbar Arms count matches

2022-04-22 20:21:27 - [MESSAGE][PASSED] - Statbar Cases count matches

2022-04-22 20:21:27 - [MESSAGE][PASSED] - Statbar Samples count matches

2022-04-22 20:21:27 - [MESSAGE][PASSED] - Statbar Assays count matches

2022-04-22 20:21:27 - [MESSAGE][PASSED] - Statbar Files count matches

2022-04-22 20:21:27 - [TEST_STEP][PASSED] - closeBrowser(): Browser is closed

2022-04-22 20:21:27 - [MESSAGE][PASSED] - Browser is closed]]></system-out>
         <system-err><![CDATA[]]></system-err>
      </testcase>
      <testcase name="Test Cases/Bento_TestCases/ERStatus/TC01_Bento_Filter_ERStatus-Negative" time="126.607" classname="Test Cases/Bento_TestCases/ERStatus/TC01_Bento_Filter_ERStatus-Negative" status="PASSED">
         <system-out><![CDATA[2022-04-22 20:21:27 - [TEST_CASE][PASSED] - Test Cases/Bento_TestCases/ERStatus/TC01_Bento_Filter_ERStatus-Negative: Test Cases/Bento_TestCases/ERStatus/TC01_Bento_Filter_ERStatus-Negative

2022-04-22 20:21:27 - [TEST_STEP][PASSED] - Start listener action : getTestScriptName: null

2022-04-22 20:21:27 - [TEST_STEP][PASSED] - TestCaseId = testCaseContext.getTestCaseId(): null

2022-04-22 20:21:27 - [TEST_STEP][PASSED] - out.println("**********this is the value of test case id string******** " + testCaseContext.getTestCaseId()): null

2022-04-22 20:21:27 - [TEST_STEP][PASSED] - G_currentTCName = TestCaseId.substring(TestCaseId.lastIndexOf("TC")): null

2022-04-22 20:21:27 - [TEST_STEP][PASSED] - out.println("This is the test case name : " + G_currentTCName): null

2022-04-22 20:21:28 - [TEST_STEP][PASSED] - closeBrowser(): Browser is closed

2022-04-22 20:21:28 - [MESSAGE][PASSED] - Browser is closed

2022-04-22 20:21:28 - [TEST_STEP][PASSED] - ctdc.utilities.runtestcaseforKatalon.RunKatalon("TC01_Bento_Filter_ERStatus-Negative.xlsx"): Data loaded from input file for the test case. 

2022-04-22 20:21:28 - [MESSAGE][PASSED] - Test case file loaded This is the full filepath after converting to string :C:\Users\sohilz2\Commons_Automation\InputFiles\TC01_Bento_Filter_ERStatus-Negative.xlsx

2022-04-22 20:21:28 - [MESSAGE][INFO] - Global variable set for password file is :  C:\Users\sohilz2\Commons_Automation\InputFiles\TC01_Bento_Filter_ERStatus-Negative.xlsx

2022-04-22 20:21:32 - [MESSAGE][PASSED] - Data loaded from input file for the test case. 

2022-04-22 20:21:45 - [TEST_STEP][PASSED] - waitForElementClickable(findTestObject("Object Repository/Bento/NavBar/Bento_Cases-Btn"), 5): Object 'Object Repository/Bento/NavBar/Bento_Cases-Btn' is clickable

2022-04-22 20:21:45 - [MESSAGE][PASSED] - Object 'Object Repository/Bento/NavBar/Bento_Cases-Btn' is clickable

2022-04-22 20:21:45 - [TEST_STEP][PASSED] - ctdc.utilities.runtestcaseforKatalon.clickTab("Object Repository/Bento/NavBar/Bento_Cases-Btn"): ctdc.utilities.runtestcaseforKatalon.clickTab is PASSED

2022-04-22 20:21:45 - [MESSAGE][PASSED] - ctdc.utilities.runtestcaseforKatalon.clickTab is PASSED

2022-04-22 20:21:45 - [TEST_STEP][PASSED] - waitForElementClickable(findTestObject("Bento/Cases_page/Filter/ERStatus/ERStatus_Ddn"), 5): Object 'Object Repository/Bento/Cases_page/Filter/ERStatus/ERStatus_Ddn' is clickable

2022-04-22 20:21:46 - [MESSAGE][PASSED] - Object 'Object Repository/Bento/Cases_page/Filter/ERStatus/ERStatus_Ddn' is clickable

2022-04-22 20:21:46 - [TEST_STEP][PASSED] - ctdc.utilities.runtestcaseforKatalon.clickTab("Bento/Cases_page/Filter/ERStatus/ERStatus_Ddn"): ctdc.utilities.runtestcaseforKatalon.clickTab is PASSED

2022-04-22 20:21:46 - [MESSAGE][PASSED] - ctdc.utilities.runtestcaseforKatalon.clickTab is PASSED

2022-04-22 20:21:46 - [TEST_STEP][PASSED] - ctdc.utilities.runtestcaseforKatalon.clickTab("Object Repository/Bento/Cases_page/Filter/ERStatus/Negative_Chkbx"): ctdc.utilities.runtestcaseforKatalon.clickTab is PASSED

2022-04-22 20:21:46 - [MESSAGE][PASSED] - ctdc.utilities.runtestcaseforKatalon.clickTab is PASSED

2022-04-22 20:21:46 - [TEST_STEP][PASSED] - ctdc.utilities.runtestcaseforKatalon.clickTab("Object Repository/Bento/Cases_page/Filter/ERStatus/ERStatus_Ddn"): ctdc.utilities.runtestcaseforKatalon.clickTab is PASSED

2022-04-22 20:21:47 - [MESSAGE][PASSED] - ctdc.utilities.runtestcaseforKatalon.clickTab is PASSED

2022-04-22 20:21:47 - [TEST_STEP][PASSED] - ctdc.utilities.runtestcaseforKatalon.readStatBarBento("Object Repository/Bento/StatBar/Bento_StatBar-Programs", "Object Repository/Bento/StatBar/Bento_StatBar-Arms", "Object Repository/Bento/StatBar/Bento_StatBar-Cases", "Object Repository/Bento/StatBar/Bento_StatBar-Samples", "Object Repository/Bento/StatBar/Bento_StatBar-Assays", "Object Repository/Bento/StatBar/Bento_StatBar-Files"): ctdc.utilities.runtestcaseforKatalon.readStatBarBento is PASSED

2022-04-22 20:21:55 - [MESSAGE][PASSED] - ctdc.utilities.runtestcaseforKatalon.readStatBarBento is PASSED

2022-04-22 20:21:55 - [TEST_STEP][PASSED] - waitForElementPresent(findTestObject("Object Repository/Bento/Cases_page/BentoResults_Cases_Tab"), 5): Object 'Object Repository/Bento/Cases_page/BentoResults_Cases_Tab' is present

2022-04-22 20:21:55 - [MESSAGE][PASSED] - Object 'Object Repository/Bento/Cases_page/BentoResults_Cases_Tab' is present

2022-04-22 20:21:55 - [TEST_STEP][PASSED] - ctdc.utilities.runtestcaseforKatalon.clickTab("Object Repository/Bento/Cases_page/BentoResults_Cases_Tab"): ctdc.utilities.runtestcaseforKatalon.clickTab is PASSED

2022-04-22 20:21:55 - [MESSAGE][PASSED] - ctdc.utilities.runtestcaseforKatalon.clickTab is PASSED

2022-04-22 20:21:55 - [TEST_STEP][PASSED] - ctdc.utilities.runtestcaseforKatalon.multiFunction("Bento", G_StatBar_Cases, "Object Repository/Bento/Cases_page/Bento_CasesTable", "Object Repository/Bento/Cases_page/Bento_CasesTableHeader", "Object Repository/Bento/Cases_page/Bento_CasesTabNextBtn", G_WebTabnameCases, G_CypherTabnameCases, G_QueryCasesTab): Statbar Files count matches

2022-04-22 20:22:28 - [MESSAGE][PASSED] - Statbar Programs count matches

2022-04-22 20:22:28 - [MESSAGE][PASSED] - Statbar Arms count matches

2022-04-22 20:22:28 - [MESSAGE][PASSED] - Statbar Cases count matches

2022-04-22 20:22:28 - [MESSAGE][PASSED] - Statbar Samples count matches

2022-04-22 20:22:28 - [MESSAGE][PASSED] - Statbar Assays count matches

2022-04-22 20:22:28 - [MESSAGE][PASSED] - Statbar Files count matches

2022-04-22 20:22:28 - [TEST_STEP][PASSED] - waitForElementPresent(findTestObject("Object Repository/Bento/Cases_page/BentoResults_Samples_Tab"), 5): Object 'Object Repository/Bento/Cases_page/BentoResults_Samples_Tab' is present

2022-04-22 20:22:28 - [MESSAGE][PASSED] - Object 'Object Repository/Bento/Cases_page/BentoResults_Samples_Tab' is present

2022-04-22 20:22:28 - [TEST_STEP][PASSED] - ctdc.utilities.runtestcaseforKatalon.clickTab("Object Repository/Bento/Cases_page/BentoResults_Samples_Tab"): ctdc.utilities.runtestcaseforKatalon.clickTab is PASSED

2022-04-22 20:22:28 - [MESSAGE][PASSED] - ctdc.utilities.runtestcaseforKatalon.clickTab is PASSED

2022-04-22 20:22:28 - [TEST_STEP][PASSED] - ctdc.utilities.runtestcaseforKatalon.multiFunction("Bento", G_StatBar_Cases, "Object Repository/Bento/Cases_page/Bento_SamplesTable", "Object Repository/Bento/Cases_page/Bento_SamplesTableHeader", "Object Repository/Bento/Cases_page/Bento_SamplesTabNextBtn", G_WebTabnameSamples, G_CypherTabnameSamples, G_QuerySamplesTab): Statbar Files count matches

2022-04-22 20:23:00 - [MESSAGE][PASSED] - Statbar Programs count matches

2022-04-22 20:23:00 - [MESSAGE][PASSED] - Statbar Arms count matches

2022-04-22 20:23:00 - [MESSAGE][PASSED] - Statbar Cases count matches

2022-04-22 20:23:00 - [MESSAGE][PASSED] - Statbar Samples count matches

2022-04-22 20:23:00 - [MESSAGE][PASSED] - Statbar Assays count matches

2022-04-22 20:23:00 - [MESSAGE][PASSED] - Statbar Files count matches

2022-04-22 20:23:00 - [TEST_STEP][PASSED] - waitForElementPresent(findTestObject("Object Repository/Bento/Cases_page/BentoResults_Files_Tab"), 5): Object 'Object Repository/Bento/Cases_page/BentoResults_Files_Tab' is present

2022-04-22 20:23:00 - [MESSAGE][PASSED] - Object 'Object Repository/Bento/Cases_page/BentoResults_Files_Tab' is present

2022-04-22 20:23:00 - [TEST_STEP][PASSED] - ctdc.utilities.runtestcaseforKatalon.clickTab("Object Repository/Bento/Cases_page/BentoResults_Files_Tab"): ctdc.utilities.runtestcaseforKatalon.clickTab is PASSED

2022-04-22 20:23:01 - [MESSAGE][PASSED] - ctdc.utilities.runtestcaseforKatalon.clickTab is PASSED

2022-04-22 20:23:01 - [TEST_STEP][PASSED] - ctdc.utilities.runtestcaseforKatalon.multiFunction("Bento", G_StatBar_Files, "Object Repository/Bento/Cases_page/Bento_FilesTable", "Object Repository/Bento/Cases_page/Bento_FilesTableHeader", "Object Repository/Bento/Cases_page/Bento_FilesTabNextBtn", G_WebTabnameFiles, G_CypherTabnameFiles, G_QueryFilesTab): Statbar Files count matches

2022-04-22 20:23:33 - [MESSAGE][PASSED] - Statbar Programs count matches

2022-04-22 20:23:33 - [MESSAGE][PASSED] - Statbar Arms count matches

2022-04-22 20:23:33 - [MESSAGE][PASSED] - Statbar Cases count matches

2022-04-22 20:23:33 - [MESSAGE][PASSED] - Statbar Samples count matches

2022-04-22 20:23:33 - [MESSAGE][PASSED] - Statbar Assays count matches

2022-04-22 20:23:33 - [MESSAGE][PASSED] - Statbar Files count matches

2022-04-22 20:23:33 - [TEST_STEP][PASSED] - closeBrowser(): Browser is closed

2022-04-22 20:23:34 - [MESSAGE][PASSED] - Browser is closed]]></system-out>
         <system-err><![CDATA[]]></system-err>
      </testcase>
      <testcase name="Test Cases/Bento_TestCases/ERStatus/TC02_Bento_Filter_ERStatus-NotReported" time="132.972" classname="Test Cases/Bento_TestCases/ERStatus/TC02_Bento_Filter_ERStatus-NotReported" status="PASSED">
         <system-out><![CDATA[2022-04-22 20:23:34 - [TEST_CASE][PASSED] - Test Cases/Bento_TestCases/ERStatus/TC02_Bento_Filter_ERStatus-NotReported: Test Cases/Bento_TestCases/ERStatus/TC02_Bento_Filter_ERStatus-NotReported

2022-04-22 20:23:34 - [TEST_STEP][PASSED] - Start listener action : getTestScriptName: null

2022-04-22 20:23:34 - [TEST_STEP][PASSED] - TestCaseId = testCaseContext.getTestCaseId(): null

2022-04-22 20:23:34 - [TEST_STEP][PASSED] - out.println("**********this is the value of test case id string******** " + testCaseContext.getTestCaseId()): null

2022-04-22 20:23:34 - [TEST_STEP][PASSED] - G_currentTCName = TestCaseId.substring(TestCaseId.lastIndexOf("TC")): null

2022-04-22 20:23:34 - [TEST_STEP][PASSED] - out.println("This is the test case name : " + G_currentTCName): null

2022-04-22 20:23:35 - [TEST_STEP][PASSED] - closeBrowser(): Browser is closed

2022-04-22 20:23:35 - [MESSAGE][PASSED] - Browser is closed

2022-04-22 20:23:35 - [TEST_STEP][PASSED] - ctdc.utilities.runtestcaseforKatalon.RunKatalon("TC02_Bento_Filter_ERStatus-NotReported.xlsx"): Data loaded from input file for the test case. 

2022-04-22 20:23:35 - [MESSAGE][PASSED] - Test case file loaded This is the full filepath after converting to string :C:\Users\sohilz2\Commons_Automation\InputFiles\TC02_Bento_Filter_ERStatus-NotReported.xlsx

2022-04-22 20:23:35 - [MESSAGE][INFO] - Global variable set for password file is :  C:\Users\sohilz2\Commons_Automation\InputFiles\TC02_Bento_Filter_ERStatus-NotReported.xlsx

2022-04-22 20:23:39 - [MESSAGE][PASSED] - Data loaded from input file for the test case. 

2022-04-22 20:23:51 - [TEST_STEP][PASSED] - waitForElementClickable(findTestObject("Object Repository/Bento/NavBar/Bento_Cases-Btn"), 5): Object 'Object Repository/Bento/NavBar/Bento_Cases-Btn' is clickable

2022-04-22 20:23:52 - [MESSAGE][PASSED] - Object 'Object Repository/Bento/NavBar/Bento_Cases-Btn' is clickable

2022-04-22 20:23:52 - [TEST_STEP][PASSED] - ctdc.utilities.runtestcaseforKatalon.clickTab("Object Repository/Bento/NavBar/Bento_Cases-Btn"): ctdc.utilities.runtestcaseforKatalon.clickTab is PASSED

2022-04-22 20:23:52 - [MESSAGE][PASSED] - ctdc.utilities.runtestcaseforKatalon.clickTab is PASSED

2022-04-22 20:23:52 - [TEST_STEP][PASSED] - waitForElementClickable(findTestObject("Bento/Cases_page/Filter/ERStatus/ERStatus_Ddn"), 5): Object 'Object Repository/Bento/Cases_page/Filter/ERStatus/ERStatus_Ddn' is clickable

2022-04-22 20:23:53 - [MESSAGE][PASSED] - Object 'Object Repository/Bento/Cases_page/Filter/ERStatus/ERStatus_Ddn' is clickable

2022-04-22 20:23:53 - [TEST_STEP][PASSED] - ctdc.utilities.runtestcaseforKatalon.clickTab("Bento/Cases_page/Filter/ERStatus/ERStatus_Ddn"): ctdc.utilities.runtestcaseforKatalon.clickTab is PASSED

2022-04-22 20:23:53 - [MESSAGE][PASSED] - ctdc.utilities.runtestcaseforKatalon.clickTab is PASSED

2022-04-22 20:23:53 - [TEST_STEP][PASSED] - ctdc.utilities.runtestcaseforKatalon.clickTab("Object Repository/Bento/Cases_page/Filter/ERStatus/NotReported_Chkbx"): ctdc.utilities.runtestcaseforKatalon.clickTab is PASSED

2022-04-22 20:23:53 - [MESSAGE][PASSED] - ctdc.utilities.runtestcaseforKatalon.clickTab is PASSED

2022-04-22 20:23:53 - [TEST_STEP][PASSED] - ctdc.utilities.runtestcaseforKatalon.clickTab("Object Repository/Bento/Cases_page/Filter/ERStatus/ERStatus_Ddn"): ctdc.utilities.runtestcaseforKatalon.clickTab is PASSED

2022-04-22 20:23:54 - [MESSAGE][PASSED] - ctdc.utilities.runtestcaseforKatalon.clickTab is PASSED

2022-04-22 20:23:54 - [TEST_STEP][PASSED] - ctdc.utilities.runtestcaseforKatalon.readStatBarBento("Object Repository/Bento/StatBar/Bento_StatBar-Programs", "Object Repository/Bento/StatBar/Bento_StatBar-Arms", "Object Repository/Bento/StatBar/Bento_StatBar-Cases", "Object Repository/Bento/StatBar/Bento_StatBar-Samples", "Object Repository/Bento/StatBar/Bento_StatBar-Assays", "Object Repository/Bento/StatBar/Bento_StatBar-Files"): ctdc.utilities.runtestcaseforKatalon.readStatBarBento is PASSED

2022-04-22 20:24:02 - [MESSAGE][PASSED] - ctdc.utilities.runtestcaseforKatalon.readStatBarBento is PASSED

2022-04-22 20:24:02 - [TEST_STEP][PASSED] - waitForElementPresent(findTestObject("Object Repository/Bento/Cases_page/BentoResults_Cases_Tab"), 5): Object 'Object Repository/Bento/Cases_page/BentoResults_Cases_Tab' is present

2022-04-22 20:24:02 - [MESSAGE][PASSED] - Object 'Object Repository/Bento/Cases_page/BentoResults_Cases_Tab' is present

2022-04-22 20:24:02 - [TEST_STEP][PASSED] - ctdc.utilities.runtestcaseforKatalon.clickTab("Object Repository/Bento/Cases_page/BentoResults_Cases_Tab"): ctdc.utilities.runtestcaseforKatalon.clickTab is PASSED

2022-04-22 20:24:02 - [MESSAGE][PASSED] - ctdc.utilities.runtestcaseforKatalon.clickTab is PASSED

2022-04-22 20:24:02 - [TEST_STEP][PASSED] - ctdc.utilities.runtestcaseforKatalon.multiFunction("Bento", G_StatBar_Cases, "Object Repository/Bento/Cases_page/Bento_CasesTable", "Object Repository/Bento/Cases_page/Bento_CasesTableHeader", "Object Repository/Bento/Cases_page/Bento_CasesTabNextBtn", G_WebTabnameCases, G_CypherTabnameCases, G_QueryCasesTab): Statbar Files count matches

2022-04-22 20:24:37 - [MESSAGE][PASSED] - Statbar Programs count matches

2022-04-22 20:24:37 - [MESSAGE][PASSED] - Statbar Arms count matches

2022-04-22 20:24:37 - [MESSAGE][PASSED] - Statbar Cases count matches

2022-04-22 20:24:37 - [MESSAGE][PASSED] - Statbar Samples count matches

2022-04-22 20:24:37 - [MESSAGE][PASSED] - Statbar Assays count matches

2022-04-22 20:24:37 - [MESSAGE][PASSED] - Statbar Files count matches

2022-04-22 20:24:37 - [TEST_STEP][PASSED] - waitForElementPresent(findTestObject("Object Repository/Bento/Cases_page/BentoResults_Samples_Tab"), 5): Object 'Object Repository/Bento/Cases_page/BentoResults_Samples_Tab' is present

2022-04-22 20:24:37 - [MESSAGE][PASSED] - Object 'Object Repository/Bento/Cases_page/BentoResults_Samples_Tab' is present

2022-04-22 20:24:37 - [TEST_STEP][PASSED] - ctdc.utilities.runtestcaseforKatalon.clickTab("Object Repository/Bento/Cases_page/BentoResults_Samples_Tab"): ctdc.utilities.runtestcaseforKatalon.clickTab is PASSED

2022-04-22 20:24:37 - [MESSAGE][PASSED] - ctdc.utilities.runtestcaseforKatalon.clickTab is PASSED

2022-04-22 20:24:37 - [TEST_STEP][PASSED] - ctdc.utilities.runtestcaseforKatalon.multiFunction("Bento", G_StatBar_Cases, "Object Repository/Bento/Cases_page/Bento_SamplesTable", "Object Repository/Bento/Cases_page/Bento_SamplesTableHeader", "Object Repository/Bento/Cases_page/Bento_SamplesTabNextBtn", G_WebTabnameSamples, G_CypherTabnameSamples, G_QuerySamplesTab): Statbar Files count matches

2022-04-22 20:25:13 - [MESSAGE][PASSED] - Statbar Programs count matches

2022-04-22 20:25:13 - [MESSAGE][PASSED] - Statbar Arms count matches

2022-04-22 20:25:13 - [MESSAGE][PASSED] - Statbar Cases count matches

2022-04-22 20:25:13 - [MESSAGE][PASSED] - Statbar Samples count matches

2022-04-22 20:25:13 - [MESSAGE][PASSED] - Statbar Assays count matches

2022-04-22 20:25:13 - [MESSAGE][PASSED] - Statbar Files count matches

2022-04-22 20:25:13 - [TEST_STEP][PASSED] - waitForElementPresent(findTestObject("Object Repository/Bento/Cases_page/BentoResults_Files_Tab"), 5): Object 'Object Repository/Bento/Cases_page/BentoResults_Files_Tab' is present

2022-04-22 20:25:13 - [MESSAGE][PASSED] - Object 'Object Repository/Bento/Cases_page/BentoResults_Files_Tab' is present

2022-04-22 20:25:13 - [TEST_STEP][PASSED] - ctdc.utilities.runtestcaseforKatalon.clickTab("Object Repository/Bento/Cases_page/BentoResults_Files_Tab"): ctdc.utilities.runtestcaseforKatalon.clickTab is PASSED

2022-04-22 20:25:13 - [MESSAGE][PASSED] - ctdc.utilities.runtestcaseforKatalon.clickTab is PASSED

2022-04-22 20:25:13 - [TEST_STEP][PASSED] - ctdc.utilities.runtestcaseforKatalon.multiFunction("Bento", G_StatBar_Files, "Object Repository/Bento/Cases_page/Bento_FilesTable", "Object Repository/Bento/Cases_page/Bento_FilesTableHeader", "Object Repository/Bento/Cases_page/Bento_FilesTabNextBtn", G_WebTabnameFiles, G_CypherTabnameFiles, G_QueryFilesTab): Statbar Files count matches

2022-04-22 20:25:46 - [MESSAGE][PASSED] - Statbar Programs count matches

2022-04-22 20:25:46 - [MESSAGE][PASSED] - Statbar Arms count matches

2022-04-22 20:25:46 - [MESSAGE][PASSED] - Statbar Cases count matches

2022-04-22 20:25:46 - [MESSAGE][PASSED] - Statbar Samples count matches

2022-04-22 20:25:46 - [MESSAGE][PASSED] - Statbar Assays count matches

2022-04-22 20:25:46 - [MESSAGE][PASSED] - Statbar Files count matches

2022-04-22 20:25:46 - [TEST_STEP][PASSED] - closeBrowser(): Browser is closed

2022-04-22 20:25:47 - [MESSAGE][PASSED] - Browser is closed]]></system-out>
         <system-err><![CDATA[]]></system-err>
      </testcase>
      <testcase name="Test Cases/Bento_TestCases/MenopauseStatus/TC01_Bento_Filter_MenoStatus-Post" time="1099.611" classname="Test Cases/Bento_TestCases/MenopauseStatus/TC01_Bento_Filter_MenoStatus-Post" status="PASSED">
         <system-out><![CDATA[2022-04-22 20:25:47 - [TEST_CASE][PASSED] - Test Cases/Bento_TestCases/MenopauseStatus/TC01_Bento_Filter_MenoStatus-Post: Test Cases/Bento_TestCases/MenopauseStatus/TC01_Bento_Filter_MenoStatus-Post

2022-04-22 20:25:47 - [TEST_STEP][PASSED] - Start listener action : getTestScriptName: null

2022-04-22 20:25:47 - [TEST_STEP][PASSED] - TestCaseId = testCaseContext.getTestCaseId(): null

2022-04-22 20:25:47 - [TEST_STEP][PASSED] - out.println("**********this is the value of test case id string******** " + testCaseContext.getTestCaseId()): null

2022-04-22 20:25:47 - [TEST_STEP][PASSED] - G_currentTCName = TestCaseId.substring(TestCaseId.lastIndexOf("TC")): null

2022-04-22 20:25:47 - [TEST_STEP][PASSED] - out.println("This is the test case name : " + G_currentTCName): null

2022-04-22 20:25:48 - [TEST_STEP][PASSED] - closeBrowser(): Browser is closed

2022-04-22 20:25:48 - [MESSAGE][PASSED] - Browser is closed

2022-04-22 20:25:48 - [TEST_STEP][PASSED] - ctdc.utilities.runtestcaseforKatalon.RunKatalon("TC01_Bento_Filter_MenoStatus-Post.xlsx"): Data loaded from input file for the test case. 

2022-04-22 20:25:48 - [MESSAGE][PASSED] - Test case file loaded This is the full filepath after converting to string :C:\Users\sohilz2\Commons_Automation\InputFiles\TC01_Bento_Filter_MenoStatus-Post.xlsx

2022-04-22 20:25:48 - [MESSAGE][INFO] - Global variable set for password file is :  C:\Users\sohilz2\Commons_Automation\InputFiles\TC01_Bento_Filter_MenoStatus-Post.xlsx

2022-04-22 20:25:52 - [MESSAGE][PASSED] - Data loaded from input file for the test case. 

2022-04-22 20:26:05 - [TEST_STEP][PASSED] - waitForElementClickable(findTestObject("Object Repository/Bento/NavBar/Bento_Cases-Btn"), 5): Object 'Object Repository/Bento/NavBar/Bento_Cases-Btn' is clickable

2022-04-22 20:26:05 - [MESSAGE][PASSED] - Object 'Object Repository/Bento/NavBar/Bento_Cases-Btn' is clickable

2022-04-22 20:26:05 - [TEST_STEP][PASSED] - ctdc.utilities.runtestcaseforKatalon.clickTab("Object Repository/Bento/NavBar/Bento_Cases-Btn"): ctdc.utilities.runtestcaseforKatalon.clickTab is PASSED

2022-04-22 20:26:05 - [MESSAGE][PASSED] - ctdc.utilities.runtestcaseforKatalon.clickTab is PASSED

2022-04-22 20:26:05 - [TEST_STEP][PASSED] - waitForElementClickable(findTestObject("Bento/Cases_page/Filter/MenopauseStatus/MenopauseStatus_Ddn"), 5): Object 'Object Repository/Bento/Cases_page/Filter/MenopauseStatus/MenopauseStatus_Ddn' is clickable

2022-04-22 20:26:06 - [MESSAGE][PASSED] - Object 'Object Repository/Bento/Cases_page/Filter/MenopauseStatus/MenopauseStatus_Ddn' is clickable

2022-04-22 20:26:06 - [TEST_STEP][PASSED] - ctdc.utilities.runtestcaseforKatalon.clickTab("Bento/Cases_page/Filter/MenopauseStatus/MenopauseStatus_Ddn"): ctdc.utilities.runtestcaseforKatalon.clickTab is PASSED

2022-04-22 20:26:06 - [MESSAGE][PASSED] - ctdc.utilities.runtestcaseforKatalon.clickTab is PASSED

2022-04-22 20:26:06 - [TEST_STEP][PASSED] - ctdc.utilities.runtestcaseforKatalon.clickTab("Object Repository/Bento/Cases_page/Filter/MenopauseStatus/Post_Chkbx"): ctdc.utilities.runtestcaseforKatalon.clickTab is PASSED

2022-04-22 20:26:06 - [MESSAGE][PASSED] - ctdc.utilities.runtestcaseforKatalon.clickTab is PASSED

2022-04-22 20:26:06 - [TEST_STEP][PASSED] - ctdc.utilities.runtestcaseforKatalon.clickTab("Object Repository/Bento/Cases_page/Filter/MenopauseStatus/MenopauseStatus_Ddn"): ctdc.utilities.runtestcaseforKatalon.clickTab is PASSED

2022-04-22 20:26:07 - [MESSAGE][PASSED] - ctdc.utilities.runtestcaseforKatalon.clickTab is PASSED

2022-04-22 20:26:07 - [TEST_STEP][PASSED] - ctdc.utilities.runtestcaseforKatalon.readStatBarBento("Object Repository/Bento/StatBar/Bento_StatBar-Programs", "Object Repository/Bento/StatBar/Bento_StatBar-Arms", "Object Repository/Bento/StatBar/Bento_StatBar-Cases", "Object Repository/Bento/StatBar/Bento_StatBar-Samples", "Object Repository/Bento/StatBar/Bento_StatBar-Assays", "Object Repository/Bento/StatBar/Bento_StatBar-Files"): ctdc.utilities.runtestcaseforKatalon.readStatBarBento is PASSED

2022-04-22 20:26:16 - [MESSAGE][PASSED] - ctdc.utilities.runtestcaseforKatalon.readStatBarBento is PASSED

2022-04-22 20:26:16 - [TEST_STEP][PASSED] - waitForElementPresent(findTestObject("Object Repository/Bento/Cases_page/BentoResults_Cases_Tab"), 5): Object 'Object Repository/Bento/Cases_page/BentoResults_Cases_Tab' is present

2022-04-22 20:26:16 - [MESSAGE][PASSED] - Object 'Object Repository/Bento/Cases_page/BentoResults_Cases_Tab' is present

2022-04-22 20:26:16 - [TEST_STEP][PASSED] - ctdc.utilities.runtestcaseforKatalon.clickTab("Object Repository/Bento/Cases_page/BentoResults_Cases_Tab"): ctdc.utilities.runtestcaseforKatalon.clickTab is PASSED

2022-04-22 20:26:16 - [MESSAGE][PASSED] - ctdc.utilities.runtestcaseforKatalon.clickTab is PASSED

2022-04-22 20:26:16 - [TEST_STEP][PASSED] - ctdc.utilities.runtestcaseforKatalon.multiFunction("Bento", G_StatBar_Cases, "Object Repository/Bento/Cases_page/Bento_CasesTable", "Object Repository/Bento/Cases_page/Bento_CasesTableHeader", "Object Repository/Bento/Cases_page/Bento_CasesTabNextBtn", G_WebTabnameCases, G_CypherTabnameCases, G_QueryCasesTab): Statbar Files count matches

2022-04-22 20:44:06 - [MESSAGE][PASSED] - Statbar Programs count matches

2022-04-22 20:44:06 - [MESSAGE][PASSED] - Statbar Arms count matches

2022-04-22 20:44:06 - [MESSAGE][PASSED] - Statbar Cases count matches

2022-04-22 20:44:06 - [MESSAGE][PASSED] - Statbar Samples count matches

2022-04-22 20:44:06 - [MESSAGE][PASSED] - Statbar Assays count matches

2022-04-22 20:44:06 - [MESSAGE][PASSED] - Statbar Files count matches

2022-04-22 20:44:06 - [TEST_STEP][PASSED] - closeBrowser(): Browser is closed

2022-04-22 20:44:07 - [MESSAGE][PASSED] - Browser is closed]]></system-out>
         <system-err><![CDATA[]]></system-err>
      </testcase>
      <testcase name="Test Cases/Bento_TestCases/PRStatus/TC01_Bento_Filter_PRStatus-Negative" time="177.132" classname="Test Cases/Bento_TestCases/PRStatus/TC01_Bento_Filter_PRStatus-Negative" status="PASSED">
         <system-out><![CDATA[2022-04-22 20:44:07 - [TEST_CASE][PASSED] - Test Cases/Bento_TestCases/PRStatus/TC01_Bento_Filter_PRStatus-Negative: Test Cases/Bento_TestCases/PRStatus/TC01_Bento_Filter_PRStatus-Negative

2022-04-22 20:44:07 - [TEST_STEP][PASSED] - Start listener action : getTestScriptName: null

2022-04-22 20:44:07 - [TEST_STEP][PASSED] - TestCaseId = testCaseContext.getTestCaseId(): null

2022-04-22 20:44:07 - [TEST_STEP][PASSED] - out.println("**********this is the value of test case id string******** " + testCaseContext.getTestCaseId()): null

2022-04-22 20:44:07 - [TEST_STEP][PASSED] - G_currentTCName = TestCaseId.substring(TestCaseId.lastIndexOf("TC")): null

2022-04-22 20:44:07 - [TEST_STEP][PASSED] - out.println("This is the test case name : " + G_currentTCName): null

2022-04-22 20:44:07 - [TEST_STEP][PASSED] - closeBrowser(): Browser is closed

2022-04-22 20:44:07 - [MESSAGE][PASSED] - Browser is closed

2022-04-22 20:44:07 - [TEST_STEP][PASSED] - ctdc.utilities.runtestcaseforKatalon.RunKatalon("TC01_Bento_Filter_PRStatus-Negative.xlsx"): Data loaded from input file for the test case. 

2022-04-22 20:44:07 - [MESSAGE][PASSED] - Test case file loaded This is the full filepath after converting to string :C:\Users\sohilz2\Commons_Automation\InputFiles\TC01_Bento_Filter_PRStatus-Negative.xlsx

2022-04-22 20:44:07 - [MESSAGE][INFO] - Global variable set for password file is :  C:\Users\sohilz2\Commons_Automation\InputFiles\TC01_Bento_Filter_PRStatus-Negative.xlsx

2022-04-22 20:44:11 - [MESSAGE][PASSED] - Data loaded from input file for the test case. 

2022-04-22 20:44:24 - [TEST_STEP][PASSED] - waitForElementClickable(findTestObject("Object Repository/Bento/NavBar/Bento_Cases-Btn"), 5): Object 'Object Repository/Bento/NavBar/Bento_Cases-Btn' is clickable

2022-04-22 20:44:24 - [MESSAGE][PASSED] - Object 'Object Repository/Bento/NavBar/Bento_Cases-Btn' is clickable

2022-04-22 20:44:24 - [TEST_STEP][PASSED] - ctdc.utilities.runtestcaseforKatalon.clickTab("Object Repository/Bento/NavBar/Bento_Cases-Btn"): ctdc.utilities.runtestcaseforKatalon.clickTab is PASSED

2022-04-22 20:44:25 - [MESSAGE][PASSED] - ctdc.utilities.runtestcaseforKatalon.clickTab is PASSED

2022-04-22 20:44:25 - [TEST_STEP][PASSED] - waitForElementClickable(findTestObject("Bento/Cases_page/Filter/PRStatus/PRStatus_Ddn"), 5): Object 'Object Repository/Bento/Cases_page/Filter/PRStatus/PRStatus_Ddn' is clickable

2022-04-22 20:44:25 - [MESSAGE][PASSED] - Object 'Object Repository/Bento/Cases_page/Filter/PRStatus/PRStatus_Ddn' is clickable

2022-04-22 20:44:25 - [TEST_STEP][PASSED] - ctdc.utilities.runtestcaseforKatalon.clickTab("Bento/Cases_page/Filter/PRStatus/PRStatus_Ddn"): ctdc.utilities.runtestcaseforKatalon.clickTab is PASSED

2022-04-22 20:44:26 - [MESSAGE][PASSED] - ctdc.utilities.runtestcaseforKatalon.clickTab is PASSED

2022-04-22 20:44:26 - [TEST_STEP][PASSED] - ctdc.utilities.runtestcaseforKatalon.clickTab("Object Repository/Bento/Cases_page/Filter/PRStatus/Negative_Chkbx"): ctdc.utilities.runtestcaseforKatalon.clickTab is PASSED

2022-04-22 20:44:26 - [MESSAGE][PASSED] - ctdc.utilities.runtestcaseforKatalon.clickTab is PASSED

2022-04-22 20:44:26 - [TEST_STEP][PASSED] - ctdc.utilities.runtestcaseforKatalon.clickTab("Object Repository/Bento/Cases_page/Filter/PRStatus/PRStatus_Ddn"): ctdc.utilities.runtestcaseforKatalon.clickTab is PASSED

2022-04-22 20:44:26 - [MESSAGE][PASSED] - ctdc.utilities.runtestcaseforKatalon.clickTab is PASSED

2022-04-22 20:44:26 - [TEST_STEP][PASSED] - ctdc.utilities.runtestcaseforKatalon.readStatBarBento("Object Repository/Bento/StatBar/Bento_StatBar-Programs", "Object Repository/Bento/StatBar/Bento_StatBar-Arms", "Object Repository/Bento/StatBar/Bento_StatBar-Cases", "Object Repository/Bento/StatBar/Bento_StatBar-Samples", "Object Repository/Bento/StatBar/Bento_StatBar-Assays", "Object Repository/Bento/StatBar/Bento_StatBar-Files"): ctdc.utilities.runtestcaseforKatalon.readStatBarBento is PASSED

2022-04-22 20:44:35 - [MESSAGE][PASSED] - ctdc.utilities.runtestcaseforKatalon.readStatBarBento is PASSED

2022-04-22 20:44:35 - [TEST_STEP][PASSED] - waitForElementPresent(findTestObject("Object Repository/Bento/Cases_page/BentoResults_Cases_Tab"), 5): Object 'Object Repository/Bento/Cases_page/BentoResults_Cases_Tab' is present

2022-04-22 20:44:35 - [MESSAGE][PASSED] - Object 'Object Repository/Bento/Cases_page/BentoResults_Cases_Tab' is present

2022-04-22 20:44:35 - [TEST_STEP][PASSED] - ctdc.utilities.runtestcaseforKatalon.clickTab("Object Repository/Bento/Cases_page/BentoResults_Cases_Tab"): ctdc.utilities.runtestcaseforKatalon.clickTab is PASSED

2022-04-22 20:44:35 - [MESSAGE][PASSED] - ctdc.utilities.runtestcaseforKatalon.clickTab is PASSED

2022-04-22 20:44:35 - [TEST_STEP][PASSED] - ctdc.utilities.runtestcaseforKatalon.multiFunction("Bento", G_StatBar_Cases, "Object Repository/Bento/Cases_page/Bento_CasesTable", "Object Repository/Bento/Cases_page/Bento_CasesTableHeader", "Object Repository/Bento/Cases_page/Bento_CasesTabNextBtn", G_WebTabnameCases, G_CypherTabnameCases, G_QueryCasesTab): Statbar Files count matches

2022-04-22 20:47:03 - [MESSAGE][PASSED] - Statbar Programs count matches

2022-04-22 20:47:03 - [MESSAGE][PASSED] - Statbar Arms count matches

2022-04-22 20:47:03 - [MESSAGE][PASSED] - Statbar Cases count matches

2022-04-22 20:47:03 - [MESSAGE][PASSED] - Statbar Samples count matches

2022-04-22 20:47:03 - [MESSAGE][PASSED] - Statbar Assays count matches

2022-04-22 20:47:03 - [MESSAGE][PASSED] - Statbar Files count matches

2022-04-22 20:47:03 - [TEST_STEP][PASSED] - closeBrowser(): Browser is closed

2022-04-22 20:47:04 - [MESSAGE][PASSED] - Browser is closed]]></system-out>
         <system-err><![CDATA[]]></system-err>
      </testcase>
      <testcase name="Test Cases/Bento_TestCases/PRStatus/TC02_Bento_Filter_PRStatus-NotReported" time="99.207" classname="Test Cases/Bento_TestCases/PRStatus/TC02_Bento_Filter_PRStatus-NotReported" status="PASSED">
         <system-out><![CDATA[2022-04-22 20:47:04 - [TEST_CASE][PASSED] - Test Cases/Bento_TestCases/PRStatus/TC02_Bento_Filter_PRStatus-NotReported: Test Cases/Bento_TestCases/PRStatus/TC02_Bento_Filter_PRStatus-NotReported

2022-04-22 20:47:04 - [TEST_STEP][PASSED] - Start listener action : getTestScriptName: null

2022-04-22 20:47:04 - [TEST_STEP][PASSED] - TestCaseId = testCaseContext.getTestCaseId(): null

2022-04-22 20:47:04 - [TEST_STEP][PASSED] - out.println("**********this is the value of test case id string******** " + testCaseContext.getTestCaseId()): null

2022-04-22 20:47:04 - [TEST_STEP][PASSED] - G_currentTCName = TestCaseId.substring(TestCaseId.lastIndexOf("TC")): null

2022-04-22 20:47:04 - [TEST_STEP][PASSED] - out.println("This is the test case name : " + G_currentTCName): null

2022-04-22 20:47:04 - [TEST_STEP][PASSED] - closeBrowser(): Browser is closed

2022-04-22 20:47:04 - [MESSAGE][PASSED] - Browser is closed

2022-04-22 20:47:04 - [TEST_STEP][PASSED] - ctdc.utilities.runtestcaseforKatalon.RunKatalon("TC02_Bento_Filter_PRStatus-NotReported.xlsx"): Data loaded from input file for the test case. 

2022-04-22 20:47:04 - [MESSAGE][PASSED] - Test case file loaded This is the full filepath after converting to string :C:\Users\sohilz2\Commons_Automation\InputFiles\TC02_Bento_Filter_PRStatus-NotReported.xlsx

2022-04-22 20:47:04 - [MESSAGE][INFO] - Global variable set for password file is :  C:\Users\sohilz2\Commons_Automation\InputFiles\TC02_Bento_Filter_PRStatus-NotReported.xlsx

2022-04-22 20:47:08 - [MESSAGE][PASSED] - Data loaded from input file for the test case. 

2022-04-22 20:47:21 - [TEST_STEP][PASSED] - waitForElementClickable(findTestObject("Object Repository/Bento/NavBar/Bento_Cases-Btn"), 5): Object 'Object Repository/Bento/NavBar/Bento_Cases-Btn' is clickable

2022-04-22 20:47:21 - [MESSAGE][PASSED] - Object 'Object Repository/Bento/NavBar/Bento_Cases-Btn' is clickable

2022-04-22 20:47:21 - [TEST_STEP][PASSED] - ctdc.utilities.runtestcaseforKatalon.clickTab("Object Repository/Bento/NavBar/Bento_Cases-Btn"): ctdc.utilities.runtestcaseforKatalon.clickTab is PASSED

2022-04-22 20:47:22 - [MESSAGE][PASSED] - ctdc.utilities.runtestcaseforKatalon.clickTab is PASSED

2022-04-22 20:47:22 - [TEST_STEP][PASSED] - waitForElementClickable(findTestObject("Bento/Cases_page/Filter/PRStatus/PRStatus_Ddn"), 5): Object 'Object Repository/Bento/Cases_page/Filter/PRStatus/PRStatus_Ddn' is clickable

2022-04-22 20:47:22 - [MESSAGE][PASSED] - Object 'Object Repository/Bento/Cases_page/Filter/PRStatus/PRStatus_Ddn' is clickable

2022-04-22 20:47:22 - [TEST_STEP][PASSED] - ctdc.utilities.runtestcaseforKatalon.clickTab("Bento/Cases_page/Filter/PRStatus/PRStatus_Ddn"): ctdc.utilities.runtestcaseforKatalon.clickTab is PASSED

2022-04-22 20:47:23 - [MESSAGE][PASSED] - ctdc.utilities.runtestcaseforKatalon.clickTab is PASSED

2022-04-22 20:47:23 - [TEST_STEP][PASSED] - ctdc.utilities.runtestcaseforKatalon.clickTab("Object Repository/Bento/Cases_page/Filter/PRStatus/NotReported_Chkbx"): ctdc.utilities.runtestcaseforKatalon.clickTab is PASSED

2022-04-22 20:47:23 - [MESSAGE][PASSED] - ctdc.utilities.runtestcaseforKatalon.clickTab is PASSED

2022-04-22 20:47:23 - [TEST_STEP][PASSED] - ctdc.utilities.runtestcaseforKatalon.clickTab("Object Repository/Bento/Cases_page/Filter/PRStatus/PRStatus_Ddn"): ctdc.utilities.runtestcaseforKatalon.clickTab is PASSED

2022-04-22 20:47:23 - [MESSAGE][PASSED] - ctdc.utilities.runtestcaseforKatalon.clickTab is PASSED

2022-04-22 20:47:23 - [TEST_STEP][PASSED] - ctdc.utilities.runtestcaseforKatalon.readStatBarBento("Object Repository/Bento/StatBar/Bento_StatBar-Programs", "Object Repository/Bento/StatBar/Bento_StatBar-Arms", "Object Repository/Bento/StatBar/Bento_StatBar-Cases", "Object Repository/Bento/StatBar/Bento_StatBar-Samples", "Object Repository/Bento/StatBar/Bento_StatBar-Assays", "Object Repository/Bento/StatBar/Bento_StatBar-Files"): ctdc.utilities.runtestcaseforKatalon.readStatBarBento is PASSED

2022-04-22 20:47:32 - [MESSAGE][PASSED] - ctdc.utilities.runtestcaseforKatalon.readStatBarBento is PASSED

2022-04-22 20:47:32 - [TEST_STEP][PASSED] - waitForElementPresent(findTestObject("Object Repository/Bento/Cases_page/BentoResults_Cases_Tab"), 5): Object 'Object Repository/Bento/Cases_page/BentoResults_Cases_Tab' is present

2022-04-22 20:47:32 - [MESSAGE][PASSED] - Object 'Object Repository/Bento/Cases_page/BentoResults_Cases_Tab' is present

2022-04-22 20:47:32 - [TEST_STEP][PASSED] - ctdc.utilities.runtestcaseforKatalon.clickTab("Object Repository/Bento/Cases_page/BentoResults_Cases_Tab"): ctdc.utilities.runtestcaseforKatalon.clickTab is PASSED

2022-04-22 20:47:32 - [MESSAGE][PASSED] - ctdc.utilities.runtestcaseforKatalon.clickTab is PASSED

2022-04-22 20:47:32 - [TEST_STEP][PASSED] - ctdc.utilities.runtestcaseforKatalon.multiFunction("Bento", G_StatBar_Cases, "Object Repository/Bento/Cases_page/Bento_CasesTable", "Object Repository/Bento/Cases_page/Bento_CasesTableHeader", "Object Repository/Bento/Cases_page/Bento_CasesTabNextBtn", G_WebTabnameCases, G_CypherTabnameCases, G_QueryCasesTab): Statbar Files count matches

2022-04-22 20:48:42 - [MESSAGE][PASSED] - Statbar Programs count matches

2022-04-22 20:48:42 - [MESSAGE][PASSED] - Statbar Arms count matches

2022-04-22 20:48:42 - [MESSAGE][PASSED] - Statbar Cases count matches

2022-04-22 20:48:42 - [MESSAGE][PASSED] - Statbar Samples count matches

2022-04-22 20:48:42 - [MESSAGE][PASSED] - Statbar Assays count matches

2022-04-22 20:48:42 - [MESSAGE][PASSED] - Statbar Files count matches

2022-04-22 20:48:42 - [TEST_STEP][PASSED] - closeBrowser(): Browser is closed

2022-04-22 20:48:43 - [MESSAGE][PASSED] - Browser is closed]]></system-out>
         <system-err><![CDATA[]]></system-err>
      </testcase>
      <testcase name="Test Cases/Bento_TestCases/RecurrenceScore/TC01_Bento_Filter_RecurrScore-00-05" time="130.582" classname="Test Cases/Bento_TestCases/RecurrenceScore/TC01_Bento_Filter_RecurrScore-00-05" status="PASSED">
         <system-out><![CDATA[2022-04-22 20:48:43 - [TEST_CASE][PASSED] - Test Cases/Bento_TestCases/RecurrenceScore/TC01_Bento_Filter_RecurrScore-00-05: Test Cases/Bento_TestCases/RecurrenceScore/TC01_Bento_Filter_RecurrScore-00-05

2022-04-22 20:48:43 - [TEST_STEP][PASSED] - Start listener action : getTestScriptName: null

2022-04-22 20:48:43 - [TEST_STEP][PASSED] - TestCaseId = testCaseContext.getTestCaseId(): null

2022-04-22 20:48:43 - [TEST_STEP][PASSED] - out.println("**********this is the value of test case id string******** " + testCaseContext.getTestCaseId()): null

2022-04-22 20:48:43 - [TEST_STEP][PASSED] - G_currentTCName = TestCaseId.substring(TestCaseId.lastIndexOf("TC")): null

2022-04-22 20:48:43 - [TEST_STEP][PASSED] - out.println("This is the test case name : " + G_currentTCName): null

2022-04-22 20:48:44 - [TEST_STEP][PASSED] - closeBrowser(): Browser is closed

2022-04-22 20:48:44 - [MESSAGE][PASSED] - Browser is closed

2022-04-22 20:48:44 - [TEST_STEP][PASSED] - ctdc.utilities.runtestcaseforKatalon.RunKatalon("TC01_Bento_Filter_RecurrScore-00-05.xlsx"): Data loaded from input file for the test case. 

2022-04-22 20:48:44 - [MESSAGE][PASSED] - Test case file loaded This is the full filepath after converting to string :C:\Users\sohilz2\Commons_Automation\InputFiles\TC01_Bento_Filter_RecurrScore-00-05.xlsx

2022-04-22 20:48:44 - [MESSAGE][INFO] - Global variable set for password file is :  C:\Users\sohilz2\Commons_Automation\InputFiles\TC01_Bento_Filter_RecurrScore-00-05.xlsx

2022-04-22 20:48:48 - [MESSAGE][PASSED] - Data loaded from input file for the test case. 

2022-04-22 20:49:02 - [TEST_STEP][PASSED] - waitForElementClickable(findTestObject("Object Repository/Bento/NavBar/Bento_Cases-Btn"), 5): Object 'Object Repository/Bento/NavBar/Bento_Cases-Btn' is clickable

2022-04-22 20:49:03 - [MESSAGE][PASSED] - Object 'Object Repository/Bento/NavBar/Bento_Cases-Btn' is clickable

2022-04-22 20:49:03 - [TEST_STEP][PASSED] - ctdc.utilities.runtestcaseforKatalon.clickTab("Object Repository/Bento/NavBar/Bento_Cases-Btn"): ctdc.utilities.runtestcaseforKatalon.clickTab is PASSED

2022-04-22 20:49:03 - [MESSAGE][PASSED] - ctdc.utilities.runtestcaseforKatalon.clickTab is PASSED

2022-04-22 20:49:03 - [TEST_STEP][PASSED] - waitForElementClickable(findTestObject("Bento/Cases_page/Filter/Recurrence Score/RecurrScore_Ddn"), 5): Object 'Object Repository/Bento/Cases_page/Filter/Recurrence Score/RecurrScore_Ddn' is clickable

2022-04-22 20:49:03 - [MESSAGE][PASSED] - Object 'Object Repository/Bento/Cases_page/Filter/Recurrence Score/RecurrScore_Ddn' is clickable

2022-04-22 20:49:03 - [TEST_STEP][PASSED] - ctdc.utilities.runtestcaseforKatalon.clickTab("Bento/Cases_page/Filter/Recurrence Score/RecurrScore_Ddn"): ctdc.utilities.runtestcaseforKatalon.clickTab is PASSED

2022-04-22 20:49:04 - [MESSAGE][PASSED] - ctdc.utilities.runtestcaseforKatalon.clickTab is PASSED

2022-04-22 20:49:04 - [TEST_STEP][PASSED] - waitForElementClickable(findTestObject("Bento/Cases_page/Filter/Recurrence Score/00_to_05_Chkbx"), 5): Object 'Object Repository/Bento/Cases_page/Filter/Recurrence Score/00_to_05_Chkbx' is clickable

2022-04-22 20:49:04 - [MESSAGE][PASSED] - Object 'Object Repository/Bento/Cases_page/Filter/Recurrence Score/00_to_05_Chkbx' is clickable

2022-04-22 20:49:04 - [TEST_STEP][PASSED] - ctdc.utilities.runtestcaseforKatalon.clickTab("Bento/Cases_page/Filter/Recurrence Score/00_to_05_Chkbx"): ctdc.utilities.runtestcaseforKatalon.clickTab is PASSED

2022-04-22 20:49:04 - [MESSAGE][PASSED] - ctdc.utilities.runtestcaseforKatalon.clickTab is PASSED

2022-04-22 20:49:04 - [TEST_STEP][PASSED] - ctdc.utilities.runtestcaseforKatalon.clickTab("Bento/Cases_page/Filter/Recurrence Score/RecurrScore_Ddn"): ctdc.utilities.runtestcaseforKatalon.clickTab is PASSED

2022-04-22 20:49:05 - [MESSAGE][PASSED] - ctdc.utilities.runtestcaseforKatalon.clickTab is PASSED

2022-04-22 20:49:05 - [TEST_STEP][PASSED] - ctdc.utilities.runtestcaseforKatalon.readStatBarBento("Object Repository/Bento/StatBar/Bento_StatBar-Programs", "Object Repository/Bento/StatBar/Bento_StatBar-Arms", "Object Repository/Bento/StatBar/Bento_StatBar-Cases", "Object Repository/Bento/StatBar/Bento_StatBar-Samples", "Object Repository/Bento/StatBar/Bento_StatBar-Assays", "Object Repository/Bento/StatBar/Bento_StatBar-Files"): ctdc.utilities.runtestcaseforKatalon.readStatBarBento is PASSED

2022-04-22 20:49:13 - [MESSAGE][PASSED] - ctdc.utilities.runtestcaseforKatalon.readStatBarBento is PASSED

2022-04-22 20:49:13 - [TEST_STEP][PASSED] - waitForElementPresent(findTestObject("Object Repository/Bento/Cases_page/BentoResults_Cases_Tab"), 5): Object 'Object Repository/Bento/Cases_page/BentoResults_Cases_Tab' is present

2022-04-22 20:49:13 - [MESSAGE][PASSED] - Object 'Object Repository/Bento/Cases_page/BentoResults_Cases_Tab' is present

2022-04-22 20:49:13 - [TEST_STEP][PASSED] - ctdc.utilities.runtestcaseforKatalon.clickTab("Object Repository/Bento/Cases_page/BentoResults_Cases_Tab"): ctdc.utilities.runtestcaseforKatalon.clickTab is PASSED

2022-04-22 20:49:13 - [MESSAGE][PASSED] - ctdc.utilities.runtestcaseforKatalon.clickTab is PASSED

2022-04-22 20:49:13 - [TEST_STEP][PASSED] - ctdc.utilities.runtestcaseforKatalon.multiFunction("Bento", G_StatBar_Cases, "Object Repository/Bento/Cases_page/Bento_CasesTable", "Object Repository/Bento/Cases_page/Bento_CasesTableHeader", "Object Repository/Bento/Cases_page/Bento_CasesTabNextBtn", G_WebTabnameCases, G_CypherTabnameCases, G_QueryCasesTab): Statbar Files count matches

2022-04-22 20:50:53 - [MESSAGE][PASSED] - Statbar Programs count matches

2022-04-22 20:50:53 - [MESSAGE][PASSED] - Statbar Arms count matches

2022-04-22 20:50:53 - [MESSAGE][PASSED] - Statbar Cases count matches

2022-04-22 20:50:53 - [MESSAGE][PASSED] - Statbar Samples count matches

2022-04-22 20:50:53 - [MESSAGE][PASSED] - Statbar Assays count matches

2022-04-22 20:50:53 - [MESSAGE][PASSED] - Statbar Files count matches

2022-04-22 20:50:53 - [TEST_STEP][PASSED] - closeBrowser(): Browser is closed

2022-04-22 20:50:54 - [MESSAGE][PASSED] - Browser is closed]]></system-out>
         <system-err><![CDATA[]]></system-err>
      </testcase>
      <testcase name="Test Cases/Bento_TestCases/RecurrenceScore/TC04_Bento_Filter_RecurrScore-51-100" time="66.133" classname="Test Cases/Bento_TestCases/RecurrenceScore/TC04_Bento_Filter_RecurrScore-51-100" status="PASSED">
         <system-out><![CDATA[2022-04-22 20:50:54 - [TEST_CASE][PASSED] - Test Cases/Bento_TestCases/RecurrenceScore/TC04_Bento_Filter_RecurrScore-51-100: Test Cases/Bento_TestCases/RecurrenceScore/TC04_Bento_Filter_RecurrScore-51-100

2022-04-22 20:50:54 - [TEST_STEP][PASSED] - Start listener action : getTestScriptName: null

2022-04-22 20:50:54 - [TEST_STEP][PASSED] - TestCaseId = testCaseContext.getTestCaseId(): null

2022-04-22 20:50:54 - [TEST_STEP][PASSED] - out.println("**********this is the value of test case id string******** " + testCaseContext.getTestCaseId()): null

2022-04-22 20:50:54 - [TEST_STEP][PASSED] - G_currentTCName = TestCaseId.substring(TestCaseId.lastIndexOf("TC")): null

2022-04-22 20:50:54 - [TEST_STEP][PASSED] - out.println("This is the test case name : " + G_currentTCName): null

2022-04-22 20:50:54 - [TEST_STEP][PASSED] - closeBrowser(): Browser is closed

2022-04-22 20:50:54 - [MESSAGE][PASSED] - Browser is closed

2022-04-22 20:50:54 - [TEST_STEP][PASSED] - ctdc.utilities.runtestcaseforKatalon.RunKatalon("TC04_Bento_Filter_RecurrScore-51-100.xlsx"): Data loaded from input file for the test case. 

2022-04-22 20:50:54 - [MESSAGE][PASSED] - Test case file loaded This is the full filepath after converting to string :C:\Users\sohilz2\Commons_Automation\InputFiles\TC04_Bento_Filter_RecurrScore-51-100.xlsx

2022-04-22 20:50:54 - [MESSAGE][INFO] - Global variable set for password file is :  C:\Users\sohilz2\Commons_Automation\InputFiles\TC04_Bento_Filter_RecurrScore-51-100.xlsx

2022-04-22 20:50:58 - [MESSAGE][PASSED] - Data loaded from input file for the test case. 

2022-04-22 20:51:11 - [TEST_STEP][PASSED] - waitForElementClickable(findTestObject("Object Repository/Bento/NavBar/Bento_Cases-Btn"), 5): Object 'Object Repository/Bento/NavBar/Bento_Cases-Btn' is clickable

2022-04-22 20:51:11 - [MESSAGE][PASSED] - Object 'Object Repository/Bento/NavBar/Bento_Cases-Btn' is clickable

2022-04-22 20:51:11 - [TEST_STEP][PASSED] - ctdc.utilities.runtestcaseforKatalon.clickTab("Object Repository/Bento/NavBar/Bento_Cases-Btn"): ctdc.utilities.runtestcaseforKatalon.clickTab is PASSED

2022-04-22 20:51:12 - [MESSAGE][PASSED] - ctdc.utilities.runtestcaseforKatalon.clickTab is PASSED

2022-04-22 20:51:12 - [TEST_STEP][PASSED] - waitForElementClickable(findTestObject("Bento/Cases_page/Filter/Recurrence Score/RecurrScore_Ddn"), 5): Object 'Object Repository/Bento/Cases_page/Filter/Recurrence Score/RecurrScore_Ddn' is clickable

2022-04-22 20:51:12 - [MESSAGE][PASSED] - Object 'Object Repository/Bento/Cases_page/Filter/Recurrence Score/RecurrScore_Ddn' is clickable

2022-04-22 20:51:12 - [TEST_STEP][PASSED] - ctdc.utilities.runtestcaseforKatalon.clickTab("Bento/Cases_page/Filter/Recurrence Score/RecurrScore_Ddn"): ctdc.utilities.runtestcaseforKatalon.clickTab is PASSED

2022-04-22 20:51:13 - [MESSAGE][PASSED] - ctdc.utilities.runtestcaseforKatalon.clickTab is PASSED

2022-04-22 20:51:13 - [TEST_STEP][PASSED] - waitForElementClickable(findTestObject("Bento/Cases_page/Filter/Recurrence Score/51_to_100_Chkbx"), 5): Object 'Object Repository/Bento/Cases_page/Filter/Recurrence Score/51_to_100_Chkbx' is clickable

2022-04-22 20:51:13 - [MESSAGE][PASSED] - Object 'Object Repository/Bento/Cases_page/Filter/Recurrence Score/51_to_100_Chkbx' is clickable

2022-04-22 20:51:13 - [TEST_STEP][PASSED] - ctdc.utilities.runtestcaseforKatalon.clickTab("Bento/Cases_page/Filter/Recurrence Score/51_to_100_Chkbx"): ctdc.utilities.runtestcaseforKatalon.clickTab is PASSED

2022-04-22 20:51:13 - [MESSAGE][PASSED] - ctdc.utilities.runtestcaseforKatalon.clickTab is PASSED

2022-04-22 20:51:13 - [TEST_STEP][PASSED] - ctdc.utilities.runtestcaseforKatalon.clickTab("Bento/Cases_page/Filter/Recurrence Score/RecurrScore_Ddn"): ctdc.utilities.runtestcaseforKatalon.clickTab is PASSED

2022-04-22 20:51:14 - [MESSAGE][PASSED] - ctdc.utilities.runtestcaseforKatalon.clickTab is PASSED

2022-04-22 20:51:14 - [TEST_STEP][PASSED] - ctdc.utilities.runtestcaseforKatalon.readStatBarBento("Object Repository/Bento/StatBar/Bento_StatBar-Programs", "Object Repository/Bento/StatBar/Bento_StatBar-Arms", "Object Repository/Bento/StatBar/Bento_StatBar-Cases", "Object Repository/Bento/StatBar/Bento_StatBar-Samples", "Object Repository/Bento/StatBar/Bento_StatBar-Assays", "Object Repository/Bento/StatBar/Bento_StatBar-Files"): ctdc.utilities.runtestcaseforKatalon.readStatBarBento is PASSED

2022-04-22 20:51:22 - [MESSAGE][PASSED] - ctdc.utilities.runtestcaseforKatalon.readStatBarBento is PASSED

2022-04-22 20:51:22 - [TEST_STEP][PASSED] - waitForElementPresent(findTestObject("Object Repository/Bento/Cases_page/BentoResults_Cases_Tab"), 5): Object 'Object Repository/Bento/Cases_page/BentoResults_Cases_Tab' is present

2022-04-22 20:51:22 - [MESSAGE][PASSED] - Object 'Object Repository/Bento/Cases_page/BentoResults_Cases_Tab' is present

2022-04-22 20:51:22 - [TEST_STEP][PASSED] - ctdc.utilities.runtestcaseforKatalon.clickTab("Object Repository/Bento/Cases_page/BentoResults_Cases_Tab"): ctdc.utilities.runtestcaseforKatalon.clickTab is PASSED

2022-04-22 20:51:22 - [MESSAGE][PASSED] - ctdc.utilities.runtestcaseforKatalon.clickTab is PASSED

2022-04-22 20:51:22 - [TEST_STEP][PASSED] - ctdc.utilities.runtestcaseforKatalon.multiFunction("Bento", G_StatBar_Cases, "Object Repository/Bento/Cases_page/Bento_CasesTable", "Object Repository/Bento/Cases_page/Bento_CasesTableHeader", "Object Repository/Bento/Cases_page/Bento_CasesTabNextBtn", G_WebTabnameCases, G_CypherTabnameCases, G_QueryCasesTab): Statbar Files count matches

2022-04-22 20:51:59 - [MESSAGE][PASSED] - Statbar Programs count matches

2022-04-22 20:51:59 - [MESSAGE][PASSED] - Statbar Arms count matches

2022-04-22 20:51:59 - [MESSAGE][PASSED] - Statbar Cases count matches

2022-04-22 20:51:59 - [MESSAGE][PASSED] - Statbar Samples count matches

2022-04-22 20:51:59 - [MESSAGE][PASSED] - Statbar Assays count matches

2022-04-22 20:51:59 - [MESSAGE][PASSED] - Statbar Files count matches

2022-04-22 20:51:59 - [TEST_STEP][PASSED] - closeBrowser(): Browser is closed

2022-04-22 20:52:00 - [MESSAGE][PASSED] - Browser is closed]]></system-out>
         <system-err><![CDATA[]]></system-err>
      </testcase>
      <testcase name="Test Cases/Bento_TestCases/TumorGrade/TC01_Bento_Filter_TumorGrade-HighGrade" time="35.278" classname="Test Cases/Bento_TestCases/TumorGrade/TC01_Bento_Filter_TumorGrade-HighGrade" status="PASSED">
         <system-out><![CDATA[2022-04-22 20:52:00 - [TEST_CASE][PASSED] - Test Cases/Bento_TestCases/TumorGrade/TC01_Bento_Filter_TumorGrade-HighGrade: Test Cases/Bento_TestCases/TumorGrade/TC01_Bento_Filter_TumorGrade-HighGrade

2022-04-22 20:52:00 - [TEST_STEP][PASSED] - Start listener action : getTestScriptName: null

2022-04-22 20:52:00 - [TEST_STEP][PASSED] - TestCaseId = testCaseContext.getTestCaseId(): null

2022-04-22 20:52:00 - [TEST_STEP][PASSED] - out.println("**********this is the value of test case id string******** " + testCaseContext.getTestCaseId()): null

2022-04-22 20:52:00 - [TEST_STEP][PASSED] - G_currentTCName = TestCaseId.substring(TestCaseId.lastIndexOf("TC")): null

2022-04-22 20:52:00 - [TEST_STEP][PASSED] - out.println("This is the test case name : " + G_currentTCName): null

2022-04-22 20:52:00 - [TEST_STEP][PASSED] - closeBrowser(): Browser is closed

2022-04-22 20:52:00 - [MESSAGE][PASSED] - Browser is closed

2022-04-22 20:52:00 - [TEST_STEP][PASSED] - ctdc.utilities.runtestcaseforKatalon.RunKatalon("TC01_Bento_Filter_TumorGrade-HighGrade.xlsx"): Data loaded from input file for the test case. 

2022-04-22 20:52:00 - [MESSAGE][PASSED] - Test case file loaded This is the full filepath after converting to string :C:\Users\sohilz2\Commons_Automation\InputFiles\TC01_Bento_Filter_TumorGrade-HighGrade.xlsx

2022-04-22 20:52:00 - [MESSAGE][INFO] - Global variable set for password file is :  C:\Users\sohilz2\Commons_Automation\InputFiles\TC01_Bento_Filter_TumorGrade-HighGrade.xlsx

2022-04-22 20:52:04 - [MESSAGE][PASSED] - Data loaded from input file for the test case. 

2022-04-22 20:52:18 - [TEST_STEP][PASSED] - waitForElementClickable(findTestObject("Object Repository/Bento/NavBar/Bento_Cases-Btn"), 5): Object 'Object Repository/Bento/NavBar/Bento_Cases-Btn' is clickable

2022-04-22 20:52:18 - [MESSAGE][PASSED] - Object 'Object Repository/Bento/NavBar/Bento_Cases-Btn' is clickable

2022-04-22 20:52:18 - [TEST_STEP][PASSED] - ctdc.utilities.runtestcaseforKatalon.clickTab("Object Repository/Bento/NavBar/Bento_Cases-Btn"): ctdc.utilities.runtestcaseforKatalon.clickTab is PASSED

2022-04-22 20:52:18 - [MESSAGE][PASSED] - ctdc.utilities.runtestcaseforKatalon.clickTab is PASSED

2022-04-22 20:52:18 - [TEST_STEP][PASSED] - waitForElementClickable(findTestObject("Bento/Cases_page/Filter/TumorGrade/TumorGrade_Ddn"), 5): Object 'Object Repository/Bento/Cases_page/Filter/TumorGrade/TumorGrade_Ddn' is clickable

2022-04-22 20:52:19 - [MESSAGE][PASSED] - Object 'Object Repository/Bento/Cases_page/Filter/TumorGrade/TumorGrade_Ddn' is clickable

2022-04-22 20:52:19 - [TEST_STEP][PASSED] - ctdc.utilities.runtestcaseforKatalon.clickTab("Bento/Cases_page/Filter/TumorGrade/TumorGrade_Ddn"): ctdc.utilities.runtestcaseforKatalon.clickTab is PASSED

2022-04-22 20:52:19 - [MESSAGE][PASSED] - ctdc.utilities.runtestcaseforKatalon.clickTab is PASSED

2022-04-22 20:52:19 - [TEST_STEP][PASSED] - ctdc.utilities.runtestcaseforKatalon.clickTab("Object Repository/Bento/Cases_page/Filter/TumorGrade/High_Chkbx"): ctdc.utilities.runtestcaseforKatalon.clickTab is PASSED

2022-04-22 20:52:19 - [MESSAGE][PASSED] - ctdc.utilities.runtestcaseforKatalon.clickTab is PASSED

2022-04-22 20:52:19 - [TEST_STEP][PASSED] - ctdc.utilities.runtestcaseforKatalon.clickTab("Object Repository/Bento/Cases_page/Filter/TumorGrade/TumorGrade_Ddn"): ctdc.utilities.runtestcaseforKatalon.clickTab is PASSED

2022-04-22 20:52:20 - [MESSAGE][PASSED] - ctdc.utilities.runtestcaseforKatalon.clickTab is PASSED

2022-04-22 20:52:20 - [TEST_STEP][PASSED] - ctdc.utilities.runtestcaseforKatalon.readStatBarBento("Object Repository/Bento/StatBar/Bento_StatBar-Programs", "Object Repository/Bento/StatBar/Bento_StatBar-Arms", "Object Repository/Bento/StatBar/Bento_StatBar-Cases", "Object Repository/Bento/StatBar/Bento_StatBar-Samples", "Object Repository/Bento/StatBar/Bento_StatBar-Assays", "Object Repository/Bento/StatBar/Bento_StatBar-Files"): ctdc.utilities.runtestcaseforKatalon.readStatBarBento is PASSED

2022-04-22 20:52:28 - [MESSAGE][PASSED] - ctdc.utilities.runtestcaseforKatalon.readStatBarBento is PASSED

2022-04-22 20:52:28 - [TEST_STEP][PASSED] - ctdc.utilities.ReadExcel.Neo4j(G_CypherTabnameCases, G_QueryCasesTab): ctdc.utilities.ReadExcel.Neo4j is PASSED

2022-04-22 20:52:34 - [MESSAGE][PASSED] - ctdc.utilities.ReadExcel.Neo4j is PASSED

2022-04-22 20:52:34 - [TEST_STEP][PASSED] - ctdc.utilities.runtestcaseforKatalon.validateStatBar("Bento"): Statbar Files count matches

2022-04-22 20:52:34 - [MESSAGE][PASSED] - Statbar Programs count matches

2022-04-22 20:52:34 - [MESSAGE][PASSED] - Statbar Arms count matches

2022-04-22 20:52:34 - [MESSAGE][PASSED] - Statbar Cases count matches

2022-04-22 20:52:34 - [MESSAGE][PASSED] - Statbar Samples count matches

2022-04-22 20:52:34 - [MESSAGE][PASSED] - Statbar Assays count matches

2022-04-22 20:52:34 - [MESSAGE][PASSED] - Statbar Files count matches

2022-04-22 20:52:34 - [TEST_STEP][PASSED] - closeBrowser(): Browser is closed

2022-04-22 20:52:35 - [MESSAGE][PASSED] - Browser is closed]]></system-out>
         <system-err><![CDATA[]]></system-err>
      </testcase>
      <testcase name="Test Cases/Bento_TestCases/TumorGrade/TC04_Bento_Filter_TumorGrade-NotReported" time="35.131" classname="Test Cases/Bento_TestCases/TumorGrade/TC04_Bento_Filter_TumorGrade-NotReported" status="PASSED">
         <system-out><![CDATA[2022-04-22 20:52:35 - [TEST_CASE][PASSED] - Test Cases/Bento_TestCases/TumorGrade/TC04_Bento_Filter_TumorGrade-NotReported: Test Cases/Bento_TestCases/TumorGrade/TC04_Bento_Filter_TumorGrade-NotReported

2022-04-22 20:52:35 - [TEST_STEP][PASSED] - Start listener action : getTestScriptName: null

2022-04-22 20:52:35 - [TEST_STEP][PASSED] - TestCaseId = testCaseContext.getTestCaseId(): null

2022-04-22 20:52:35 - [TEST_STEP][PASSED] - out.println("**********this is the value of test case id string******** " + testCaseContext.getTestCaseId()): null

2022-04-22 20:52:35 - [TEST_STEP][PASSED] - G_currentTCName = TestCaseId.substring(TestCaseId.lastIndexOf("TC")): null

2022-04-22 20:52:35 - [TEST_STEP][PASSED] - out.println("This is the test case name : " + G_currentTCName): null

2022-04-22 20:52:36 - [TEST_STEP][PASSED] - closeBrowser(): Browser is closed

2022-04-22 20:52:36 - [MESSAGE][PASSED] - Browser is closed

2022-04-22 20:52:36 - [TEST_STEP][PASSED] - ctdc.utilities.runtestcaseforKatalon.RunKatalon("TC04_Bento_Filter_TumorGrade-NotReported.xlsx"): Data loaded from input file for the test case. 

2022-04-22 20:52:36 - [MESSAGE][PASSED] - Test case file loaded This is the full filepath after converting to string :C:\Users\sohilz2\Commons_Automation\InputFiles\TC04_Bento_Filter_TumorGrade-NotReported.xlsx

2022-04-22 20:52:36 - [MESSAGE][INFO] - Global variable set for password file is :  C:\Users\sohilz2\Commons_Automation\InputFiles\TC04_Bento_Filter_TumorGrade-NotReported.xlsx

2022-04-22 20:52:40 - [MESSAGE][PASSED] - Data loaded from input file for the test case. 

2022-04-22 20:52:53 - [TEST_STEP][PASSED] - waitForElementClickable(findTestObject("Object Repository/Bento/NavBar/Bento_Cases-Btn"), 5): Object 'Object Repository/Bento/NavBar/Bento_Cases-Btn' is clickable

2022-04-22 20:52:53 - [MESSAGE][PASSED] - Object 'Object Repository/Bento/NavBar/Bento_Cases-Btn' is clickable

2022-04-22 20:52:53 - [TEST_STEP][PASSED] - ctdc.utilities.runtestcaseforKatalon.clickTab("Object Repository/Bento/NavBar/Bento_Cases-Btn"): ctdc.utilities.runtestcaseforKatalon.clickTab is PASSED

2022-04-22 20:52:53 - [MESSAGE][PASSED] - ctdc.utilities.runtestcaseforKatalon.clickTab is PASSED

2022-04-22 20:52:53 - [TEST_STEP][PASSED] - waitForElementClickable(findTestObject("Bento/Cases_page/Filter/TumorGrade/TumorGrade_Ddn"), 5): Object 'Object Repository/Bento/Cases_page/Filter/TumorGrade/TumorGrade_Ddn' is clickable

2022-04-22 20:52:54 - [MESSAGE][PASSED] - Object 'Object Repository/Bento/Cases_page/Filter/TumorGrade/TumorGrade_Ddn' is clickable

2022-04-22 20:52:54 - [TEST_STEP][PASSED] - ctdc.utilities.runtestcaseforKatalon.clickTab("Bento/Cases_page/Filter/TumorGrade/TumorGrade_Ddn"): ctdc.utilities.runtestcaseforKatalon.clickTab is PASSED

2022-04-22 20:52:54 - [MESSAGE][PASSED] - ctdc.utilities.runtestcaseforKatalon.clickTab is PASSED

2022-04-22 20:52:54 - [TEST_STEP][PASSED] - ctdc.utilities.runtestcaseforKatalon.clickTab("Object Repository/Bento/Cases_page/Filter/TumorGrade/NotReported_Chkbx"): ctdc.utilities.runtestcaseforKatalon.clickTab is PASSED

2022-04-22 20:52:55 - [MESSAGE][PASSED] - ctdc.utilities.runtestcaseforKatalon.clickTab is PASSED

2022-04-22 20:52:55 - [TEST_STEP][PASSED] - ctdc.utilities.runtestcaseforKatalon.clickTab("Object Repository/Bento/Cases_page/Filter/TumorGrade/TumorGrade_Ddn"): ctdc.utilities.runtestcaseforKatalon.clickTab is PASSED

2022-04-22 20:52:55 - [MESSAGE][PASSED] - ctdc.utilities.runtestcaseforKatalon.clickTab is PASSED

2022-04-22 20:52:55 - [TEST_STEP][PASSED] - ctdc.utilities.runtestcaseforKatalon.readStatBarBento("Object Repository/Bento/StatBar/Bento_StatBar-Programs", "Object Repository/Bento/StatBar/Bento_StatBar-Arms", "Object Repository/Bento/StatBar/Bento_StatBar-Cases", "Object Repository/Bento/StatBar/Bento_StatBar-Samples", "Object Repository/Bento/StatBar/Bento_StatBar-Assays", "Object Repository/Bento/StatBar/Bento_StatBar-Files"): ctdc.utilities.runtestcaseforKatalon.readStatBarBento is PASSED

2022-04-22 20:53:04 - [MESSAGE][PASSED] - ctdc.utilities.runtestcaseforKatalon.readStatBarBento is PASSED

2022-04-22 20:53:04 - [TEST_STEP][PASSED] - ctdc.utilities.ReadExcel.Neo4j(G_CypherTabnameCases, G_QueryCasesTab): ctdc.utilities.ReadExcel.Neo4j is PASSED

2022-04-22 20:53:10 - [MESSAGE][PASSED] - ctdc.utilities.ReadExcel.Neo4j is PASSED

2022-04-22 20:53:10 - [TEST_STEP][PASSED] - ctdc.utilities.runtestcaseforKatalon.validateStatBar("Bento"): Statbar Files count matches

2022-04-22 20:53:10 - [MESSAGE][PASSED] - Statbar Programs count matches

2022-04-22 20:53:10 - [MESSAGE][PASSED] - Statbar Arms count matches

2022-04-22 20:53:10 - [MESSAGE][PASSED] - Statbar Cases count matches

2022-04-22 20:53:10 - [MESSAGE][PASSED] - Statbar Samples count matches

2022-04-22 20:53:10 - [MESSAGE][PASSED] - Statbar Assays count matches

2022-04-22 20:53:10 - [MESSAGE][PASSED] - Statbar Files count matches

2022-04-22 20:53:10 - [TEST_STEP][PASSED] - closeBrowser(): Browser is closed

2022-04-22 20:53:10 - [MESSAGE][PASSED] - Browser is closed]]></system-out>
         <system-err><![CDATA[]]></system-err>
      </testcase>
      <testcase name="Test Cases/Bento_TestCases/TumorSize/TC02_Bento_Filter_TumorSize-2-3" time="37.0" classname="Test Cases/Bento_TestCases/TumorSize/TC02_Bento_Filter_TumorSize-2-3" status="PASSED">
         <system-out><![CDATA[2022-04-22 20:53:10 - [TEST_CASE][PASSED] - Test Cases/Bento_TestCases/TumorSize/TC02_Bento_Filter_TumorSize-2-3: Test Cases/Bento_TestCases/TumorSize/TC02_Bento_Filter_TumorSize-2-3

2022-04-22 20:53:10 - [TEST_STEP][PASSED] - Start listener action : getTestScriptName: null

2022-04-22 20:53:10 - [TEST_STEP][PASSED] - TestCaseId = testCaseContext.getTestCaseId(): null

2022-04-22 20:53:10 - [TEST_STEP][PASSED] - out.println("**********this is the value of test case id string******** " + testCaseContext.getTestCaseId()): null

2022-04-22 20:53:10 - [TEST_STEP][PASSED] - G_currentTCName = TestCaseId.substring(TestCaseId.lastIndexOf("TC")): null

2022-04-22 20:53:10 - [TEST_STEP][PASSED] - out.println("This is the test case name : " + G_currentTCName): null

2022-04-22 20:53:11 - [TEST_STEP][PASSED] - closeBrowser(): Browser is closed

2022-04-22 20:53:11 - [MESSAGE][PASSED] - Browser is closed

2022-04-22 20:53:11 - [TEST_STEP][PASSED] - ctdc.utilities.runtestcaseforKatalon.RunKatalon("TC02_Bento_Filter_TumorSize-2-3.xlsx"): Data loaded from input file for the test case. 

2022-04-22 20:53:11 - [MESSAGE][PASSED] - Test case file loaded This is the full filepath after converting to string :C:\Users\sohilz2\Commons_Automation\InputFiles\TC02_Bento_Filter_TumorSize-2-3.xlsx

2022-04-22 20:53:11 - [MESSAGE][INFO] - Global variable set for password file is :  C:\Users\sohilz2\Commons_Automation\InputFiles\TC02_Bento_Filter_TumorSize-2-3.xlsx

2022-04-22 20:53:15 - [MESSAGE][PASSED] - Data loaded from input file for the test case. 

2022-04-22 20:53:29 - [TEST_STEP][PASSED] - waitForElementClickable(findTestObject("Object Repository/Bento/NavBar/Bento_Cases-Btn"), 5): Object 'Object Repository/Bento/NavBar/Bento_Cases-Btn' is clickable

2022-04-22 20:53:29 - [MESSAGE][PASSED] - Object 'Object Repository/Bento/NavBar/Bento_Cases-Btn' is clickable

2022-04-22 20:53:29 - [TEST_STEP][PASSED] - ctdc.utilities.runtestcaseforKatalon.clickTab("Object Repository/Bento/NavBar/Bento_Cases-Btn"): ctdc.utilities.runtestcaseforKatalon.clickTab is PASSED

2022-04-22 20:53:30 - [MESSAGE][PASSED] - ctdc.utilities.runtestcaseforKatalon.clickTab is PASSED

2022-04-22 20:53:30 - [TEST_STEP][PASSED] - waitForElementClickable(findTestObject("Bento/Cases_page/Filter/TumorSize/TumorSize_Ddn"), 5): Object 'Object Repository/Bento/Cases_page/Filter/TumorSize/TumorSize_Ddn' is clickable

2022-04-22 20:53:30 - [MESSAGE][PASSED] - Object 'Object Repository/Bento/Cases_page/Filter/TumorSize/TumorSize_Ddn' is clickable

2022-04-22 20:53:30 - [TEST_STEP][PASSED] - ctdc.utilities.runtestcaseforKatalon.clickTab("Bento/Cases_page/Filter/TumorSize/TumorSize_Ddn"): ctdc.utilities.runtestcaseforKatalon.clickTab is PASSED

2022-04-22 20:53:30 - [MESSAGE][PASSED] - ctdc.utilities.runtestcaseforKatalon.clickTab is PASSED

2022-04-22 20:53:30 - [TEST_STEP][PASSED] - ctdc.utilities.runtestcaseforKatalon.clickTab("Object Repository/Bento/Cases_page/Filter/TumorSize/2_to_3_Chkbx"): ctdc.utilities.runtestcaseforKatalon.clickTab is PASSED

2022-04-22 20:53:31 - [MESSAGE][PASSED] - ctdc.utilities.runtestcaseforKatalon.clickTab is PASSED

2022-04-22 20:53:31 - [TEST_STEP][PASSED] - ctdc.utilities.runtestcaseforKatalon.clickTab("Object Repository/Bento/Cases_page/Filter/TumorSize/TumorSize_Ddn"): ctdc.utilities.runtestcaseforKatalon.clickTab is PASSED

2022-04-22 20:53:31 - [MESSAGE][PASSED] - ctdc.utilities.runtestcaseforKatalon.clickTab is PASSED

2022-04-22 20:53:31 - [TEST_STEP][PASSED] - ctdc.utilities.runtestcaseforKatalon.readStatBarBento("Object Repository/Bento/StatBar/Bento_StatBar-Programs", "Object Repository/Bento/StatBar/Bento_StatBar-Arms", "Object Repository/Bento/StatBar/Bento_StatBar-Cases", "Object Repository/Bento/StatBar/Bento_StatBar-Samples", "Object Repository/Bento/StatBar/Bento_StatBar-Assays", "Object Repository/Bento/StatBar/Bento_StatBar-Files"): ctdc.utilities.runtestcaseforKatalon.readStatBarBento is PASSED

2022-04-22 20:53:40 - [MESSAGE][PASSED] - ctdc.utilities.runtestcaseforKatalon.readStatBarBento is PASSED

2022-04-22 20:53:40 - [TEST_STEP][PASSED] - ctdc.utilities.ReadExcel.Neo4j(G_CypherTabnameCases, G_QueryCasesTab): ctdc.utilities.ReadExcel.Neo4j is PASSED

2022-04-22 20:53:47 - [MESSAGE][PASSED] - ctdc.utilities.ReadExcel.Neo4j is PASSED

2022-04-22 20:53:47 - [TEST_STEP][PASSED] - ctdc.utilities.runtestcaseforKatalon.validateStatBar("Bento"): Statbar Files count matches

2022-04-22 20:53:47 - [MESSAGE][PASSED] - Statbar Programs count matches

2022-04-22 20:53:47 - [MESSAGE][PASSED] - Statbar Arms count matches

2022-04-22 20:53:47 - [MESSAGE][PASSED] - Statbar Cases count matches

2022-04-22 20:53:47 - [MESSAGE][PASSED] - Statbar Samples count matches

2022-04-22 20:53:47 - [MESSAGE][PASSED] - Statbar Assays count matches

2022-04-22 20:53:47 - [MESSAGE][PASSED] - Statbar Files count matches

2022-04-22 20:53:47 - [TEST_STEP][PASSED] - closeBrowser(): Browser is closed

2022-04-22 20:53:47 - [MESSAGE][PASSED] - Browser is closed]]></system-out>
         <system-err><![CDATA[]]></system-err>
      </testcase>
      <testcase name="Test Cases/Bento_TestCases/TumorSize/TC01_Bento_Filter_TumorSize-1-2" time="33.939" classname="Test Cases/Bento_TestCases/TumorSize/TC01_Bento_Filter_TumorSize-1-2" status="PASSED">
         <system-out><![CDATA[2022-04-22 20:53:47 - [TEST_CASE][PASSED] - Test Cases/Bento_TestCases/TumorSize/TC01_Bento_Filter_TumorSize-1-2: Test Cases/Bento_TestCases/TumorSize/TC01_Bento_Filter_TumorSize-1-2

2022-04-22 20:53:47 - [TEST_STEP][PASSED] - Start listener action : getTestScriptName: null

2022-04-22 20:53:47 - [TEST_STEP][PASSED] - TestCaseId = testCaseContext.getTestCaseId(): null

2022-04-22 20:53:47 - [TEST_STEP][PASSED] - out.println("**********this is the value of test case id string******** " + testCaseContext.getTestCaseId()): null

2022-04-22 20:53:47 - [TEST_STEP][PASSED] - G_currentTCName = TestCaseId.substring(TestCaseId.lastIndexOf("TC")): null

2022-04-22 20:53:47 - [TEST_STEP][PASSED] - out.println("This is the test case name : " + G_currentTCName): null

2022-04-22 20:53:48 - [TEST_STEP][PASSED] - closeBrowser(): Browser is closed

2022-04-22 20:53:48 - [MESSAGE][PASSED] - Browser is closed

2022-04-22 20:53:48 - [TEST_STEP][PASSED] - ctdc.utilities.runtestcaseforKatalon.RunKatalon("TC01_Bento_Filter_TumorSize-1-2.xlsx"): Data loaded from input file for the test case. 

2022-04-22 20:53:48 - [MESSAGE][PASSED] - Test case file loaded This is the full filepath after converting to string :C:\Users\sohilz2\Commons_Automation\InputFiles\TC01_Bento_Filter_TumorSize-1-2.xlsx

2022-04-22 20:53:48 - [MESSAGE][INFO] - Global variable set for password file is :  C:\Users\sohilz2\Commons_Automation\InputFiles\TC01_Bento_Filter_TumorSize-1-2.xlsx

2022-04-22 20:53:52 - [MESSAGE][PASSED] - Data loaded from input file for the test case. 

2022-04-22 20:54:04 - [TEST_STEP][PASSED] - waitForElementClickable(findTestObject("Object Repository/Bento/NavBar/Bento_Cases-Btn"), 5): Object 'Object Repository/Bento/NavBar/Bento_Cases-Btn' is clickable

2022-04-22 20:54:04 - [MESSAGE][PASSED] - Object 'Object Repository/Bento/NavBar/Bento_Cases-Btn' is clickable

2022-04-22 20:54:04 - [TEST_STEP][PASSED] - ctdc.utilities.runtestcaseforKatalon.clickTab("Object Repository/Bento/NavBar/Bento_Cases-Btn"): ctdc.utilities.runtestcaseforKatalon.clickTab is PASSED

2022-04-22 20:54:04 - [MESSAGE][PASSED] - ctdc.utilities.runtestcaseforKatalon.clickTab is PASSED

2022-04-22 20:54:04 - [TEST_STEP][PASSED] - waitForElementClickable(findTestObject("Bento/Cases_page/Filter/TumorSize/TumorSize_Ddn"), 5): Object 'Object Repository/Bento/Cases_page/Filter/TumorSize/TumorSize_Ddn' is clickable

2022-04-22 20:54:05 - [MESSAGE][PASSED] - Object 'Object Repository/Bento/Cases_page/Filter/TumorSize/TumorSize_Ddn' is clickable

2022-04-22 20:54:05 - [TEST_STEP][PASSED] - ctdc.utilities.runtestcaseforKatalon.clickTab("Bento/Cases_page/Filter/TumorSize/TumorSize_Ddn"): ctdc.utilities.runtestcaseforKatalon.clickTab is PASSED

2022-04-22 20:54:05 - [MESSAGE][PASSED] - ctdc.utilities.runtestcaseforKatalon.clickTab is PASSED

2022-04-22 20:54:05 - [TEST_STEP][PASSED] - ctdc.utilities.runtestcaseforKatalon.clickTab("Object Repository/Bento/Cases_page/Filter/TumorSize/1_to_2_Chkbx"): ctdc.utilities.runtestcaseforKatalon.clickTab is PASSED

2022-04-22 20:54:05 - [MESSAGE][PASSED] - ctdc.utilities.runtestcaseforKatalon.clickTab is PASSED

2022-04-22 20:54:05 - [TEST_STEP][PASSED] - ctdc.utilities.runtestcaseforKatalon.clickTab("Object Repository/Bento/Cases_page/Filter/TumorSize/TumorSize_Ddn"): ctdc.utilities.runtestcaseforKatalon.clickTab is PASSED

2022-04-22 20:54:06 - [MESSAGE][PASSED] - ctdc.utilities.runtestcaseforKatalon.clickTab is PASSED

2022-04-22 20:54:06 - [TEST_STEP][PASSED] - ctdc.utilities.runtestcaseforKatalon.readStatBarBento("Object Repository/Bento/StatBar/Bento_StatBar-Programs", "Object Repository/Bento/StatBar/Bento_StatBar-Arms", "Object Repository/Bento/StatBar/Bento_StatBar-Cases", "Object Repository/Bento/StatBar/Bento_StatBar-Samples", "Object Repository/Bento/StatBar/Bento_StatBar-Assays", "Object Repository/Bento/StatBar/Bento_StatBar-Files"): ctdc.utilities.runtestcaseforKatalon.readStatBarBento is PASSED

2022-04-22 20:54:15 - [MESSAGE][PASSED] - ctdc.utilities.runtestcaseforKatalon.readStatBarBento is PASSED

2022-04-22 20:54:15 - [TEST_STEP][PASSED] - ctdc.utilities.ReadExcel.Neo4j(G_CypherTabnameCases, G_QueryCasesTab): ctdc.utilities.ReadExcel.Neo4j is PASSED

2022-04-22 20:54:20 - [MESSAGE][PASSED] - ctdc.utilities.ReadExcel.Neo4j is PASSED

2022-04-22 20:54:20 - [TEST_STEP][PASSED] - ctdc.utilities.runtestcaseforKatalon.validateStatBar("Bento"): Statbar Files count matches

2022-04-22 20:54:21 - [MESSAGE][PASSED] - Statbar Programs count matches

2022-04-22 20:54:21 - [MESSAGE][PASSED] - Statbar Arms count matches

2022-04-22 20:54:21 - [MESSAGE][PASSED] - Statbar Cases count matches

2022-04-22 20:54:21 - [MESSAGE][PASSED] - Statbar Samples count matches

2022-04-22 20:54:21 - [MESSAGE][PASSED] - Statbar Assays count matches

2022-04-22 20:54:21 - [MESSAGE][PASSED] - Statbar Files count matches

2022-04-22 20:54:21 - [TEST_STEP][PASSED] - closeBrowser(): Browser is closed

2022-04-22 20:54:21 - [MESSAGE][PASSED] - Browser is closed]]></system-out>
         <system-err><![CDATA[]]></system-err>
      </testcase>
      <testcase name="Test Cases/Bento_TestCases/TumorSize/TC05_Bento_Filter_TumorSize-Above_4" time="34.662" classname="Test Cases/Bento_TestCases/TumorSize/TC05_Bento_Filter_TumorSize-Above_4" status="PASSED">
         <system-out><![CDATA[2022-04-22 20:54:21 - [TEST_CASE][PASSED] - Test Cases/Bento_TestCases/TumorSize/TC05_Bento_Filter_TumorSize-Above_4: Test Cases/Bento_TestCases/TumorSize/TC05_Bento_Filter_TumorSize-Above_4

2022-04-22 20:54:21 - [TEST_STEP][PASSED] - Start listener action : getTestScriptName: null

2022-04-22 20:54:21 - [TEST_STEP][PASSED] - TestCaseId = testCaseContext.getTestCaseId(): null

2022-04-22 20:54:21 - [TEST_STEP][PASSED] - out.println("**********this is the value of test case id string******** " + testCaseContext.getTestCaseId()): null

2022-04-22 20:54:21 - [TEST_STEP][PASSED] - G_currentTCName = TestCaseId.substring(TestCaseId.lastIndexOf("TC")): null

2022-04-22 20:54:21 - [TEST_STEP][PASSED] - out.println("This is the test case name : " + G_currentTCName): null

2022-04-22 20:54:22 - [TEST_STEP][PASSED] - closeBrowser(): Browser is closed

2022-04-22 20:54:22 - [MESSAGE][PASSED] - Browser is closed

2022-04-22 20:54:22 - [TEST_STEP][PASSED] - ctdc.utilities.runtestcaseforKatalon.RunKatalon("TC05_Bento_Filter_TumorSize-Above_4.xlsx"): Data loaded from input file for the test case. 

2022-04-22 20:54:22 - [MESSAGE][PASSED] - Test case file loaded This is the full filepath after converting to string :C:\Users\sohilz2\Commons_Automation\InputFiles\TC05_Bento_Filter_TumorSize-Above_4.xlsx

2022-04-22 20:54:22 - [MESSAGE][INFO] - Global variable set for password file is :  C:\Users\sohilz2\Commons_Automation\InputFiles\TC05_Bento_Filter_TumorSize-Above_4.xlsx

2022-04-22 20:54:26 - [MESSAGE][PASSED] - Data loaded from input file for the test case. 

2022-04-22 20:54:39 - [TEST_STEP][PASSED] - waitForElementClickable(findTestObject("Object Repository/Bento/NavBar/Bento_Cases-Btn"), 5): Object 'Object Repository/Bento/NavBar/Bento_Cases-Btn' is clickable

2022-04-22 20:54:39 - [MESSAGE][PASSED] - Object 'Object Repository/Bento/NavBar/Bento_Cases-Btn' is clickable

2022-04-22 20:54:39 - [TEST_STEP][PASSED] - ctdc.utilities.runtestcaseforKatalon.clickTab("Object Repository/Bento/NavBar/Bento_Cases-Btn"): ctdc.utilities.runtestcaseforKatalon.clickTab is PASSED

2022-04-22 20:54:39 - [MESSAGE][PASSED] - ctdc.utilities.runtestcaseforKatalon.clickTab is PASSED

2022-04-22 20:54:39 - [TEST_STEP][PASSED] - waitForElementClickable(findTestObject("Bento/Cases_page/Filter/TumorSize/TumorSize_Ddn"), 5): Object 'Object Repository/Bento/Cases_page/Filter/TumorSize/TumorSize_Ddn' is clickable

2022-04-22 20:54:40 - [MESSAGE][PASSED] - Object 'Object Repository/Bento/Cases_page/Filter/TumorSize/TumorSize_Ddn' is clickable

2022-04-22 20:54:40 - [TEST_STEP][PASSED] - ctdc.utilities.runtestcaseforKatalon.clickTab("Bento/Cases_page/Filter/TumorSize/TumorSize_Ddn"): ctdc.utilities.runtestcaseforKatalon.clickTab is PASSED

2022-04-22 20:54:40 - [MESSAGE][PASSED] - ctdc.utilities.runtestcaseforKatalon.clickTab is PASSED

2022-04-22 20:54:40 - [TEST_STEP][PASSED] - ctdc.utilities.runtestcaseforKatalon.clickTab("Object Repository/Bento/Cases_page/Filter/TumorSize/Above_4_Chkbx"): ctdc.utilities.runtestcaseforKatalon.clickTab is PASSED

2022-04-22 20:54:40 - [MESSAGE][PASSED] - ctdc.utilities.runtestcaseforKatalon.clickTab is PASSED

2022-04-22 20:54:40 - [TEST_STEP][PASSED] - ctdc.utilities.runtestcaseforKatalon.clickTab("Object Repository/Bento/Cases_page/Filter/TumorSize/TumorSize_Ddn"): ctdc.utilities.runtestcaseforKatalon.clickTab is PASSED

2022-04-22 20:54:41 - [MESSAGE][PASSED] - ctdc.utilities.runtestcaseforKatalon.clickTab is PASSED

2022-04-22 20:54:41 - [TEST_STEP][PASSED] - ctdc.utilities.runtestcaseforKatalon.readStatBarBento("Object Repository/Bento/StatBar/Bento_StatBar-Programs", "Object Repository/Bento/StatBar/Bento_StatBar-Arms", "Object Repository/Bento/StatBar/Bento_StatBar-Cases", "Object Repository/Bento/StatBar/Bento_StatBar-Samples", "Object Repository/Bento/StatBar/Bento_StatBar-Assays", "Object Repository/Bento/StatBar/Bento_StatBar-Files"): ctdc.utilities.runtestcaseforKatalon.readStatBarBento is PASSED

2022-04-22 20:54:49 - [MESSAGE][PASSED] - ctdc.utilities.runtestcaseforKatalon.readStatBarBento is PASSED

2022-04-22 20:54:49 - [TEST_STEP][PASSED] - ctdc.utilities.ReadExcel.Neo4j(G_CypherTabnameCases, G_QueryCasesTab): ctdc.utilities.ReadExcel.Neo4j is PASSED

2022-04-22 20:54:55 - [MESSAGE][PASSED] - ctdc.utilities.ReadExcel.Neo4j is PASSED

2022-04-22 20:54:55 - [TEST_STEP][PASSED] - ctdc.utilities.runtestcaseforKatalon.validateStatBar("Bento"): Statbar Files count matches

2022-04-22 20:54:55 - [MESSAGE][PASSED] - Statbar Programs count matches

2022-04-22 20:54:55 - [MESSAGE][PASSED] - Statbar Arms count matches

2022-04-22 20:54:55 - [MESSAGE][PASSED] - Statbar Cases count matches

2022-04-22 20:54:55 - [MESSAGE][PASSED] - Statbar Samples count matches

2022-04-22 20:54:55 - [MESSAGE][PASSED] - Statbar Assays count matches

2022-04-22 20:54:55 - [MESSAGE][PASSED] - Statbar Files count matches

2022-04-22 20:54:55 - [TEST_STEP][PASSED] - closeBrowser(): Browser is closed

2022-04-22 20:54:56 - [MESSAGE][PASSED] - Browser is closed]]></system-out>
         <system-err><![CDATA[]]></system-err>
      </testcase>
      <testcase name="Test Cases/Bento_TestCases/TumorSize/TC06_Bento_Filter_TumorSize-NotReported" time="33.271" classname="Test Cases/Bento_TestCases/TumorSize/TC06_Bento_Filter_TumorSize-NotReported" status="PASSED">
         <system-out><![CDATA[2022-04-22 20:54:56 - [TEST_CASE][PASSED] - Test Cases/Bento_TestCases/TumorSize/TC06_Bento_Filter_TumorSize-NotReported: Test Cases/Bento_TestCases/TumorSize/TC06_Bento_Filter_TumorSize-NotReported

2022-04-22 20:54:56 - [TEST_STEP][PASSED] - Start listener action : getTestScriptName: null

2022-04-22 20:54:56 - [TEST_STEP][PASSED] - TestCaseId = testCaseContext.getTestCaseId(): null

2022-04-22 20:54:56 - [TEST_STEP][PASSED] - out.println("**********this is the value of test case id string******** " + testCaseContext.getTestCaseId()): null

2022-04-22 20:54:56 - [TEST_STEP][PASSED] - G_currentTCName = TestCaseId.substring(TestCaseId.lastIndexOf("TC")): null

2022-04-22 20:54:56 - [TEST_STEP][PASSED] - out.println("This is the test case name : " + G_currentTCName): null

2022-04-22 20:54:56 - [TEST_STEP][PASSED] - closeBrowser(): Browser is closed

2022-04-22 20:54:56 - [MESSAGE][PASSED] - Browser is closed

2022-04-22 20:54:56 - [TEST_STEP][PASSED] - ctdc.utilities.runtestcaseforKatalon.RunKatalon("TC06_Bento_Filter_TumorSize-NotReported.xlsx"): Data loaded from input file for the test case. 

2022-04-22 20:54:56 - [MESSAGE][PASSED] - Test case file loaded This is the full filepath after converting to string :C:\Users\sohilz2\Commons_Automation\InputFiles\TC06_Bento_Filter_TumorSize-NotReported.xlsx

2022-04-22 20:54:56 - [MESSAGE][INFO] - Global variable set for password file is :  C:\Users\sohilz2\Commons_Automation\InputFiles\TC06_Bento_Filter_TumorSize-NotReported.xlsx

2022-04-22 20:55:00 - [MESSAGE][PASSED] - Data loaded from input file for the test case. 

2022-04-22 20:55:12 - [TEST_STEP][PASSED] - waitForElementClickable(findTestObject("Object Repository/Bento/NavBar/Bento_Cases-Btn"), 5): Object 'Object Repository/Bento/NavBar/Bento_Cases-Btn' is clickable

2022-04-22 20:55:12 - [MESSAGE][PASSED] - Object 'Object Repository/Bento/NavBar/Bento_Cases-Btn' is clickable

2022-04-22 20:55:12 - [TEST_STEP][PASSED] - ctdc.utilities.runtestcaseforKatalon.clickTab("Object Repository/Bento/NavBar/Bento_Cases-Btn"): ctdc.utilities.runtestcaseforKatalon.clickTab is PASSED

2022-04-22 20:55:12 - [MESSAGE][PASSED] - ctdc.utilities.runtestcaseforKatalon.clickTab is PASSED

2022-04-22 20:55:12 - [TEST_STEP][PASSED] - waitForElementClickable(findTestObject("Bento/Cases_page/Filter/TumorSize/TumorSize_Ddn"), 5): Object 'Object Repository/Bento/Cases_page/Filter/TumorSize/TumorSize_Ddn' is clickable

2022-04-22 20:55:13 - [MESSAGE][PASSED] - Object 'Object Repository/Bento/Cases_page/Filter/TumorSize/TumorSize_Ddn' is clickable

2022-04-22 20:55:13 - [TEST_STEP][PASSED] - ctdc.utilities.runtestcaseforKatalon.clickTab("Bento/Cases_page/Filter/TumorSize/TumorSize_Ddn"): ctdc.utilities.runtestcaseforKatalon.clickTab is PASSED

2022-04-22 20:55:13 - [MESSAGE][PASSED] - ctdc.utilities.runtestcaseforKatalon.clickTab is PASSED

2022-04-22 20:55:13 - [TEST_STEP][PASSED] - ctdc.utilities.runtestcaseforKatalon.clickTab("Object Repository/Bento/Cases_page/Filter/TumorSize/NotReported_Chkbx"): ctdc.utilities.runtestcaseforKatalon.clickTab is PASSED

2022-04-22 20:55:13 - [MESSAGE][PASSED] - ctdc.utilities.runtestcaseforKatalon.clickTab is PASSED

2022-04-22 20:55:13 - [TEST_STEP][PASSED] - ctdc.utilities.runtestcaseforKatalon.clickTab("Object Repository/Bento/Cases_page/Filter/TumorSize/TumorSize_Ddn"): ctdc.utilities.runtestcaseforKatalon.clickTab is PASSED

2022-04-22 20:55:14 - [MESSAGE][PASSED] - ctdc.utilities.runtestcaseforKatalon.clickTab is PASSED

2022-04-22 20:55:14 - [TEST_STEP][PASSED] - ctdc.utilities.runtestcaseforKatalon.readStatBarBento("Object Repository/Bento/StatBar/Bento_StatBar-Programs", "Object Repository/Bento/StatBar/Bento_StatBar-Arms", "Object Repository/Bento/StatBar/Bento_StatBar-Cases", "Object Repository/Bento/StatBar/Bento_StatBar-Samples", "Object Repository/Bento/StatBar/Bento_StatBar-Assays", "Object Repository/Bento/StatBar/Bento_StatBar-Files"): ctdc.utilities.runtestcaseforKatalon.readStatBarBento is PASSED

2022-04-22 20:55:22 - [MESSAGE][PASSED] - ctdc.utilities.runtestcaseforKatalon.readStatBarBento is PASSED

2022-04-22 20:55:22 - [TEST_STEP][PASSED] - ctdc.utilities.ReadExcel.Neo4j(G_CypherTabnameCases, G_QueryCasesTab): ctdc.utilities.ReadExcel.Neo4j is PASSED

2022-04-22 20:55:28 - [MESSAGE][PASSED] - ctdc.utilities.ReadExcel.Neo4j is PASSED

2022-04-22 20:55:28 - [TEST_STEP][PASSED] - ctdc.utilities.runtestcaseforKatalon.validateStatBar("Bento"): Statbar Files count matches

2022-04-22 20:55:28 - [MESSAGE][PASSED] - Statbar Programs count matches

2022-04-22 20:55:28 - [MESSAGE][PASSED] - Statbar Arms count matches

2022-04-22 20:55:28 - [MESSAGE][PASSED] - Statbar Cases count matches

2022-04-22 20:55:28 - [MESSAGE][PASSED] - Statbar Samples count matches

2022-04-22 20:55:28 - [MESSAGE][PASSED] - Statbar Assays count matches

2022-04-22 20:55:28 - [MESSAGE][PASSED] - Statbar Files count matches

2022-04-22 20:55:28 - [TEST_STEP][PASSED] - closeBrowser(): Browser is closed

2022-04-22 20:55:29 - [MESSAGE][PASSED] - Browser is closed]]></system-out>
         <system-err><![CDATA[]]></system-err>
      </testcase>
      <testcase name="Test Cases/Bento_TestCases/Bento_Regression/TC07_HomePage_AllLinks_Buttons_Verifications" time="58.961" classname="Test Cases/Bento_TestCases/Bento_Regression/TC07_HomePage_AllLinks_Buttons_Verifications" status="PASSED">
         <system-out><![CDATA[2022-04-22 20:55:29 - [TEST_CASE][PASSED] - Test Cases/Bento_TestCases/Bento_Regression/TC07_HomePage_AllLinks_Buttons_Verifications: Test Cases/Bento_TestCases/Bento_Regression/TC07_HomePage_AllLinks_Buttons_Verifications

2022-04-22 20:55:29 - [TEST_STEP][PASSED] - Start listener action : getTestScriptName: null

2022-04-22 20:55:29 - [TEST_STEP][PASSED] - TestCaseId = testCaseContext.getTestCaseId(): null

2022-04-22 20:55:29 - [TEST_STEP][PASSED] - out.println("**********this is the value of test case id string******** " + testCaseContext.getTestCaseId()): null

2022-04-22 20:55:29 - [TEST_STEP][PASSED] - G_currentTCName = TestCaseId.substring(TestCaseId.lastIndexOf("TC")): null

2022-04-22 20:55:29 - [TEST_STEP][PASSED] - out.println("This is the test case name : " + G_currentTCName): null

2022-04-22 20:55:30 - [TEST_STEP][PASSED] - closeBrowser(): Browser is closed

2022-04-22 20:55:30 - [MESSAGE][PASSED] - Browser is closed

2022-04-22 20:55:30 - [TEST_STEP][PASSED] - ctdc.utilities.runtestcaseforKatalon.RunKatalon("TC07_HomePage_AllLinks_Buttons_Verifications.xlsx"): Data loaded from input file for the test case. 

2022-04-22 20:55:30 - [MESSAGE][PASSED] - Test case file loaded This is the full filepath after converting to string :C:\Users\sohilz2\Commons_Automation\InputFiles\TC07_HomePage_AllLinks_Buttons_Verifications.xlsx

2022-04-22 20:55:30 - [MESSAGE][INFO] - Global variable set for password file is :  C:\Users\sohilz2\Commons_Automation\InputFiles\TC07_HomePage_AllLinks_Buttons_Verifications.xlsx

2022-04-22 20:55:34 - [MESSAGE][PASSED] - Data loaded from input file for the test case. 

2022-04-22 20:55:47 - [TEST_STEP][PASSED] - waitForElementPresent(findTestObject("Bento/Home_page/Bento_logo"), 5): Object 'Object Repository/Bento/Home_page/Bento_logo' is present

2022-04-22 20:55:47 - [MESSAGE][PASSED] - Object 'Object Repository/Bento/Home_page/Bento_logo' is present

2022-04-22 20:55:47 - [TEST_STEP][PASSED] - verifyElementPresent(findTestObject("Bento/Home_page/Bento_logo"), 5): Object 'Object Repository/Bento/Home_page/Bento_logo' is present

2022-04-22 20:55:47 - [MESSAGE][PASSED] - Object 'Object Repository/Bento/Home_page/Bento_logo' is present

2022-04-22 20:55:47 - [TEST_STEP][PASSED] - waitForElementClickable(findTestObject("Bento/Home_page/HomePage_ExploreTheSite_Btn"), 5): Object 'Object Repository/Bento/Home_page/HomePage_ExploreTheSite_Btn' is clickable

2022-04-22 20:55:47 - [MESSAGE][PASSED] - Object 'Object Repository/Bento/Home_page/HomePage_ExploreTheSite_Btn' is clickable

2022-04-22 20:55:47 - [TEST_STEP][PASSED] - ctdc.utilities.runtestcaseforKatalon.clickTab("Bento/Home_page/HomePage_ExploreTheSite_Btn"): ctdc.utilities.runtestcaseforKatalon.clickTab is PASSED

2022-04-22 20:55:47 - [MESSAGE][PASSED] - ctdc.utilities.runtestcaseforKatalon.clickTab is PASSED

2022-04-22 20:55:47 - [TEST_STEP][PASSED] - verifyElementPresent(findTestObject("Object Repository/Bento/StatBar/Bento_StatBar-Programs"), 2): Object 'Object Repository/Bento/StatBar/Bento_StatBar-Programs' is present

2022-04-22 20:55:48 - [MESSAGE][PASSED] - Object 'Object Repository/Bento/StatBar/Bento_StatBar-Programs' is present

2022-04-22 20:55:48 - [TEST_STEP][PASSED] - verifyElementPresent(findTestObject("Object Repository/Bento/StatBar/Bento_StatBar-Arms"), 2): Object 'Object Repository/Bento/StatBar/Bento_StatBar-Arms' is present

2022-04-22 20:55:48 - [MESSAGE][PASSED] - Object 'Object Repository/Bento/StatBar/Bento_StatBar-Arms' is present

2022-04-22 20:55:48 - [TEST_STEP][PASSED] - verifyElementPresent(findTestObject("Object Repository/Bento/StatBar/Bento_StatBar-Cases"), 2): Object 'Object Repository/Bento/StatBar/Bento_StatBar-Cases' is present

2022-04-22 20:55:48 - [MESSAGE][PASSED] - Object 'Object Repository/Bento/StatBar/Bento_StatBar-Cases' is present

2022-04-22 20:55:48 - [TEST_STEP][PASSED] - verifyElementPresent(findTestObject("Object Repository/Bento/StatBar/Bento_StatBar-Samples"), 2): Object 'Object Repository/Bento/StatBar/Bento_StatBar-Samples' is present

2022-04-22 20:55:48 - [MESSAGE][PASSED] - Object 'Object Repository/Bento/StatBar/Bento_StatBar-Samples' is present

2022-04-22 20:55:48 - [TEST_STEP][PASSED] - verifyElementPresent(findTestObject("Object Repository/Bento/StatBar/Bento_StatBar-Assays"), 2): Object 'Object Repository/Bento/StatBar/Bento_StatBar-Assays' is present

2022-04-22 20:55:48 - [MESSAGE][PASSED] - Object 'Object Repository/Bento/StatBar/Bento_StatBar-Assays' is present

2022-04-22 20:55:48 - [TEST_STEP][PASSED] - verifyElementPresent(findTestObject("Object Repository/Bento/StatBar/Bento_StatBar-Files"), 2): Object 'Object Repository/Bento/StatBar/Bento_StatBar-Files' is present

2022-04-22 20:55:49 - [MESSAGE][PASSED] - Object 'Object Repository/Bento/StatBar/Bento_StatBar-Files' is present

2022-04-22 20:55:49 - [TEST_STEP][PASSED] - ctdc.utilities.runtestcaseforKatalon.readStatBarBento("Object Repository/Bento/StatBar/Bento_StatBar-Programs", "Object Repository/Bento/StatBar/Bento_StatBar-Arms", "Object Repository/Bento/StatBar/Bento_StatBar-Cases", "Object Repository/Bento/StatBar/Bento_StatBar-Samples", "Object Repository/Bento/StatBar/Bento_StatBar-Assays", "Object Repository/Bento/StatBar/Bento_StatBar-Files"): ctdc.utilities.runtestcaseforKatalon.readStatBarBento is PASSED

2022-04-22 20:55:57 - [MESSAGE][PASSED] - ctdc.utilities.runtestcaseforKatalon.readStatBarBento is PASSED

2022-04-22 20:55:57 - [TEST_STEP][PASSED] - waitForElementClickable(findTestObject("Object Repository/Bento/NavBar/Bento_Home-Btn"), 5): Object 'Object Repository/Bento/NavBar/Bento_Home-Btn' is clickable

2022-04-22 20:55:57 - [MESSAGE][PASSED] - Object 'Object Repository/Bento/NavBar/Bento_Home-Btn' is clickable

2022-04-22 20:55:57 - [TEST_STEP][PASSED] - ctdc.utilities.runtestcaseforKatalon.clickTab("Object Repository/Bento/NavBar/Bento_Home-Btn"): ctdc.utilities.runtestcaseforKatalon.clickTab is PASSED

2022-04-22 20:55:58 - [MESSAGE][PASSED] - ctdc.utilities.runtestcaseforKatalon.clickTab is PASSED

2022-04-22 20:55:58 - [TEST_STEP][PASSED] - waitForElementPresent(findTestObject("Bento/Home_page/Programs_View_Btn"), 5): Object 'Object Repository/Bento/Home_page/Programs_View_Btn' is present

2022-04-22 20:55:58 - [MESSAGE][PASSED] - Object 'Object Repository/Bento/Home_page/Programs_View_Btn' is present

2022-04-22 20:55:58 - [TEST_STEP][PASSED] - ctdc.utilities.runtestcaseforKatalon.clickTab("Bento/Home_page/Programs_View_Btn"): ctdc.utilities.runtestcaseforKatalon.clickTab is PASSED

2022-04-22 20:55:58 - [MESSAGE][PASSED] - ctdc.utilities.runtestcaseforKatalon.clickTab is PASSED

2022-04-22 20:55:58 - [TEST_STEP][PASSED] - verifyElementPresent(findTestObject("Object Repository/Bento/StatBar/Bento_StatBar-Programs"), 2): Object 'Object Repository/Bento/StatBar/Bento_StatBar-Programs' is present

2022-04-22 20:55:58 - [MESSAGE][PASSED] - Object 'Object Repository/Bento/StatBar/Bento_StatBar-Programs' is present

2022-04-22 20:55:58 - [TEST_STEP][PASSED] - verifyElementPresent(findTestObject("Object Repository/Bento/StatBar/Bento_StatBar-Arms"), 2): Object 'Object Repository/Bento/StatBar/Bento_StatBar-Arms' is present

2022-04-22 20:55:58 - [MESSAGE][PASSED] - Object 'Object Repository/Bento/StatBar/Bento_StatBar-Arms' is present

2022-04-22 20:55:58 - [TEST_STEP][PASSED] - verifyElementPresent(findTestObject("Object Repository/Bento/StatBar/Bento_StatBar-Cases"), 2): Object 'Object Repository/Bento/StatBar/Bento_StatBar-Cases' is present

2022-04-22 20:55:58 - [MESSAGE][PASSED] - Object 'Object Repository/Bento/StatBar/Bento_StatBar-Cases' is present

2022-04-22 20:55:58 - [TEST_STEP][PASSED] - verifyElementPresent(findTestObject("Object Repository/Bento/StatBar/Bento_StatBar-Samples"), 2): Object 'Object Repository/Bento/StatBar/Bento_StatBar-Samples' is present

2022-04-22 20:55:58 - [MESSAGE][PASSED] - Object 'Object Repository/Bento/StatBar/Bento_StatBar-Samples' is present

2022-04-22 20:55:58 - [TEST_STEP][PASSED] - verifyElementPresent(findTestObject("Object Repository/Bento/StatBar/Bento_StatBar-Assays"), 2): Object 'Object Repository/Bento/StatBar/Bento_StatBar-Assays' is present

2022-04-22 20:55:58 - [MESSAGE][PASSED] - Object 'Object Repository/Bento/StatBar/Bento_StatBar-Assays' is present

2022-04-22 20:55:58 - [TEST_STEP][PASSED] - verifyElementPresent(findTestObject("Object Repository/Bento/StatBar/Bento_StatBar-Files"), 2): Object 'Object Repository/Bento/StatBar/Bento_StatBar-Files' is present

2022-04-22 20:55:58 - [MESSAGE][PASSED] - Object 'Object Repository/Bento/StatBar/Bento_StatBar-Files' is present

2022-04-22 20:55:58 - [TEST_STEP][PASSED] - ctdc.utilities.runtestcaseforKatalon.readStatBarBento("Object Repository/Bento/StatBar/Bento_StatBar-Programs", "Object Repository/Bento/StatBar/Bento_StatBar-Arms", "Object Repository/Bento/StatBar/Bento_StatBar-Cases", "Object Repository/Bento/StatBar/Bento_StatBar-Samples", "Object Repository/Bento/StatBar/Bento_StatBar-Assays", "Object Repository/Bento/StatBar/Bento_StatBar-Files"): ctdc.utilities.runtestcaseforKatalon.readStatBarBento is PASSED

2022-04-22 20:56:07 - [MESSAGE][PASSED] - ctdc.utilities.runtestcaseforKatalon.readStatBarBento is PASSED

2022-04-22 20:56:07 - [TEST_STEP][PASSED] - waitForElementClickable(findTestObject("Object Repository/Bento/NavBar/Bento_Home-Btn"), 5): Object 'Object Repository/Bento/NavBar/Bento_Home-Btn' is clickable

2022-04-22 20:56:07 - [MESSAGE][PASSED] - Object 'Object Repository/Bento/NavBar/Bento_Home-Btn' is clickable

2022-04-22 20:56:07 - [TEST_STEP][PASSED] - ctdc.utilities.runtestcaseforKatalon.clickTab("Object Repository/Bento/NavBar/Bento_Home-Btn"): ctdc.utilities.runtestcaseforKatalon.clickTab is PASSED

2022-04-22 20:56:07 - [MESSAGE][PASSED] - ctdc.utilities.runtestcaseforKatalon.clickTab is PASSED

2022-04-22 20:56:07 - [TEST_STEP][PASSED] - waitForElementClickable(findTestObject("Bento/Home_page/Resources_ReadMore_Btn"), 5): Object 'Object Repository/Bento/Home_page/Resources_ReadMore_Btn' is clickable

2022-04-22 20:56:07 - [MESSAGE][PASSED] - Object 'Object Repository/Bento/Home_page/Resources_ReadMore_Btn' is clickable

2022-04-22 20:56:07 - [TEST_STEP][PASSED] - ctdc.utilities.runtestcaseforKatalon.clickTab("Bento/Home_page/Resources_ReadMore_Btn"): ctdc.utilities.runtestcaseforKatalon.clickTab is PASSED

2022-04-22 20:56:07 - [MESSAGE][PASSED] - ctdc.utilities.runtestcaseforKatalon.clickTab is PASSED

2022-04-22 20:56:07 - [TEST_STEP][PASSED] - waitForElementPresent(findTestObject("Bento/Home_page/AboutPage_Resources_title"), 5): Object 'Object Repository/Bento/Home_page/AboutPage_Resources_title' is present

2022-04-22 20:56:07 - [MESSAGE][PASSED] - Object 'Object Repository/Bento/Home_page/AboutPage_Resources_title' is present

2022-04-22 20:56:07 - [TEST_STEP][PASSED] - verifyElementText(findTestObject("Bento/Home_page/AboutPage_Resources_title"), "Resources"): Actual text and expected text of test object 'Object Repository/Bento/Home_page/AboutPage_Resources_title' are matched.

2022-04-22 20:56:08 - [MESSAGE][PASSED] - Actual text and expected text of test object 'Object Repository/Bento/Home_page/AboutPage_Resources_title' are matched.

2022-04-22 20:56:08 - [TEST_STEP][PASSED] - waitForElementClickable(findTestObject("Object Repository/Bento/NavBar/Bento_Home-Btn"), 5): Object 'Object Repository/Bento/NavBar/Bento_Home-Btn' is clickable

2022-04-22 20:56:08 - [MESSAGE][PASSED] - Object 'Object Repository/Bento/NavBar/Bento_Home-Btn' is clickable

2022-04-22 20:56:08 - [TEST_STEP][PASSED] - ctdc.utilities.runtestcaseforKatalon.clickTab("Object Repository/Bento/NavBar/Bento_Home-Btn"): ctdc.utilities.runtestcaseforKatalon.clickTab is PASSED

2022-04-22 20:56:08 - [MESSAGE][PASSED] - ctdc.utilities.runtestcaseforKatalon.clickTab is PASSED

2022-04-22 20:56:08 - [TEST_STEP][PASSED] - waitForElementPresent(findTestObject("Bento/Home_page/AboutBento_ReadMore_Btn"), 5): Object 'Object Repository/Bento/Home_page/AboutBento_ReadMore_Btn' is present

2022-04-22 20:56:08 - [MESSAGE][PASSED] - Object 'Object Repository/Bento/Home_page/AboutBento_ReadMore_Btn' is present

2022-04-22 20:56:08 - [TEST_STEP][PASSED] - ctdc.utilities.runtestcaseforKatalon.clickTab("Bento/Home_page/AboutBento_ReadMore_Btn"): ctdc.utilities.runtestcaseforKatalon.clickTab is PASSED

2022-04-22 20:56:08 - [MESSAGE][PASSED] - ctdc.utilities.runtestcaseforKatalon.clickTab is PASSED

2022-04-22 20:56:08 - [TEST_STEP][PASSED] - waitForElementPresent(findTestObject("Bento/Home_page/AboutBento_Title"), 5): Object 'Object Repository/Bento/Home_page/AboutBento_Title' is present

2022-04-22 20:56:08 - [MESSAGE][PASSED] - Object 'Object Repository/Bento/Home_page/AboutBento_Title' is present

2022-04-22 20:56:08 - [TEST_STEP][PASSED] - verifyElementText(findTestObject("Bento/Home_page/AboutBento_Title"), "Bento"): Actual text and expected text of test object 'Object Repository/Bento/Home_page/AboutBento_Title' are matched.

2022-04-22 20:56:08 - [MESSAGE][PASSED] - Actual text and expected text of test object 'Object Repository/Bento/Home_page/AboutBento_Title' are matched.

2022-04-22 20:56:08 - [TEST_STEP][PASSED] - waitForElementClickable(findTestObject("Object Repository/Bento/NavBar/Bento_Home-Btn"), 5): Object 'Object Repository/Bento/NavBar/Bento_Home-Btn' is clickable

2022-04-22 20:56:08 - [MESSAGE][PASSED] - Object 'Object Repository/Bento/NavBar/Bento_Home-Btn' is clickable

2022-04-22 20:56:08 - [TEST_STEP][PASSED] - ctdc.utilities.runtestcaseforKatalon.clickTab("Object Repository/Bento/NavBar/Bento_Home-Btn"): ctdc.utilities.runtestcaseforKatalon.clickTab is PASSED

2022-04-22 20:56:08 - [MESSAGE][PASSED] - ctdc.utilities.runtestcaseforKatalon.clickTab is PASSED

2022-04-22 20:56:08 - [TEST_STEP][PASSED] - waitForElementPresent(findTestObject("Bento/Home_page/Explore_Btn"), 5): Object 'Object Repository/Bento/Home_page/Explore_Btn' is present

2022-04-22 20:56:08 - [MESSAGE][PASSED] - Object 'Object Repository/Bento/Home_page/Explore_Btn' is present

2022-04-22 20:56:08 - [TEST_STEP][PASSED] - ctdc.utilities.runtestcaseforKatalon.clickTab("Bento/Home_page/Explore_Btn"): ctdc.utilities.runtestcaseforKatalon.clickTab is PASSED

2022-04-22 20:56:09 - [MESSAGE][PASSED] - ctdc.utilities.runtestcaseforKatalon.clickTab is PASSED

2022-04-22 20:56:09 - [TEST_STEP][PASSED] - verifyElementPresent(findTestObject("Object Repository/Bento/StatBar/Bento_StatBar-Programs"), 5): Object 'Object Repository/Bento/StatBar/Bento_StatBar-Programs' is present

2022-04-22 20:56:09 - [MESSAGE][PASSED] - Object 'Object Repository/Bento/StatBar/Bento_StatBar-Programs' is present

2022-04-22 20:56:09 - [TEST_STEP][PASSED] - verifyElementPresent(findTestObject("Object Repository/Bento/StatBar/Bento_StatBar-Arms"), 5): Object 'Object Repository/Bento/StatBar/Bento_StatBar-Arms' is present

2022-04-22 20:56:09 - [MESSAGE][PASSED] - Object 'Object Repository/Bento/StatBar/Bento_StatBar-Arms' is present

2022-04-22 20:56:09 - [TEST_STEP][PASSED] - verifyElementPresent(findTestObject("Object Repository/Bento/StatBar/Bento_StatBar-Cases"), 5): Object 'Object Repository/Bento/StatBar/Bento_StatBar-Cases' is present

2022-04-22 20:56:09 - [MESSAGE][PASSED] - Object 'Object Repository/Bento/StatBar/Bento_StatBar-Cases' is present

2022-04-22 20:56:09 - [TEST_STEP][PASSED] - waitForElementClickable(findTestObject("Object Repository/Bento/NavBar/Bento_Home-Btn"), 5): Object 'Object Repository/Bento/NavBar/Bento_Home-Btn' is clickable

2022-04-22 20:56:09 - [MESSAGE][PASSED] - Object 'Object Repository/Bento/NavBar/Bento_Home-Btn' is clickable

2022-04-22 20:56:09 - [TEST_STEP][PASSED] - ctdc.utilities.runtestcaseforKatalon.clickTab("Object Repository/Bento/NavBar/Bento_Home-Btn"): ctdc.utilities.runtestcaseforKatalon.clickTab is PASSED

2022-04-22 20:56:09 - [MESSAGE][PASSED] - ctdc.utilities.runtestcaseforKatalon.clickTab is PASSED

2022-04-22 20:56:09 - [TEST_STEP][PASSED] - waitForElementPresent(findTestObject("Bento/Footer/FNLCR_Logo"), 5): Object 'Object Repository/Bento/Footer/FNLCR_Logo' is present

2022-04-22 20:56:09 - [MESSAGE][PASSED] - Object 'Object Repository/Bento/Footer/FNLCR_Logo' is present

2022-04-22 20:56:09 - [TEST_STEP][PASSED] - ctdc.utilities.runtestcaseforKatalon.clickTab("Bento/Footer/FNLCR_Logo"): ctdc.utilities.runtestcaseforKatalon.clickTab is PASSED

2022-04-22 20:56:09 - [MESSAGE][PASSED] - ctdc.utilities.runtestcaseforKatalon.clickTab is PASSED

2022-04-22 20:56:09 - [TEST_STEP][PASSED] - switchToWindowIndex(1): Switched to window with index: '1'

2022-04-22 20:56:09 - [MESSAGE][PASSED] - Switched to window with index: '1'

2022-04-22 20:56:09 - [TEST_STEP][PASSED] - verifyElementPresent(findTestObject("Bento/Footer/Externel_Apps/FNLCR_HomePage_Logo"), 2): Object 'Object Repository/Bento/Footer/Externel_Apps/FNLCR_HomePage_Logo' is present

2022-04-22 20:56:13 - [MESSAGE][PASSED] - Object 'Object Repository/Bento/Footer/Externel_Apps/FNLCR_HomePage_Logo' is present

2022-04-22 20:56:13 - [TEST_STEP][PASSED] - closeWindowIndex(1): Window with index 1 is closed

2022-04-22 20:56:13 - [MESSAGE][PASSED] - Window with index 1 is closed

2022-04-22 20:56:13 - [TEST_STEP][PASSED] - switchToWindowIndex(0): Switched to window with index: '0'

2022-04-22 20:56:13 - [MESSAGE][PASSED] - Switched to window with index: '0'

2022-04-22 20:56:13 - [TEST_STEP][PASSED] - waitForElementPresent(findTestObject("Bento/Footer/Purpose_Hplink"), 5): Object 'Object Repository/Bento/Footer/Purpose_Hplink' is present

2022-04-22 20:56:13 - [MESSAGE][PASSED] - Object 'Object Repository/Bento/Footer/Purpose_Hplink' is present

2022-04-22 20:56:13 - [TEST_STEP][PASSED] - ctdc.utilities.runtestcaseforKatalon.clickTab("Bento/Footer/Purpose_Hplink"): ctdc.utilities.runtestcaseforKatalon.clickTab is PASSED

2022-04-22 20:56:13 - [MESSAGE][PASSED] - ctdc.utilities.runtestcaseforKatalon.clickTab is PASSED

2022-04-22 20:56:13 - [TEST_STEP][PASSED] - waitForElementClickable(findTestObject("Object Repository/Bento/NavBar/Bento_Home-Btn"), 5): Object 'Object Repository/Bento/NavBar/Bento_Home-Btn' is clickable

2022-04-22 20:56:13 - [MESSAGE][PASSED] - Object 'Object Repository/Bento/NavBar/Bento_Home-Btn' is clickable

2022-04-22 20:56:13 - [TEST_STEP][PASSED] - ctdc.utilities.runtestcaseforKatalon.clickTab("Object Repository/Bento/NavBar/Bento_Home-Btn"): ctdc.utilities.runtestcaseforKatalon.clickTab is PASSED

2022-04-22 20:56:13 - [MESSAGE][PASSED] - ctdc.utilities.runtestcaseforKatalon.clickTab is PASSED

2022-04-22 20:56:13 - [TEST_STEP][PASSED] - waitForElementPresent(findTestObject("Bento/Footer/Resources_Hplink"), 5): Object 'Object Repository/Bento/Footer/Resources_Hplink' is present

2022-04-22 20:56:14 - [MESSAGE][PASSED] - Object 'Object Repository/Bento/Footer/Resources_Hplink' is present

2022-04-22 20:56:14 - [TEST_STEP][PASSED] - ctdc.utilities.runtestcaseforKatalon.clickTab("Bento/Footer/Resources_Hplink"): ctdc.utilities.runtestcaseforKatalon.clickTab is PASSED

2022-04-22 20:56:14 - [MESSAGE][PASSED] - ctdc.utilities.runtestcaseforKatalon.clickTab is PASSED

2022-04-22 20:56:14 - [TEST_STEP][PASSED] - verifyElementText(findTestObject("Bento/Home_page/AboutPage_Resources_title"), "Resources"): Actual text and expected text of test object 'Object Repository/Bento/Home_page/AboutPage_Resources_title' are matched.

2022-04-22 20:56:14 - [MESSAGE][PASSED] - Actual text and expected text of test object 'Object Repository/Bento/Home_page/AboutPage_Resources_title' are matched.

2022-04-22 20:56:14 - [TEST_STEP][PASSED] - delay(2): Delayed 2 second(s)

2022-04-22 20:56:16 - [MESSAGE][PASSED] - Delayed 2 second(s)

2022-04-22 20:56:16 - [TEST_STEP][PASSED] - waitForElementClickable(findTestObject("Object Repository/Bento/NavBar/Bento_Home-Btn"), 5): Object 'Object Repository/Bento/NavBar/Bento_Home-Btn' is clickable

2022-04-22 20:56:16 - [MESSAGE][PASSED] - Object 'Object Repository/Bento/NavBar/Bento_Home-Btn' is clickable

2022-04-22 20:56:16 - [TEST_STEP][PASSED] - ctdc.utilities.runtestcaseforKatalon.clickTab("Object Repository/Bento/NavBar/Bento_Home-Btn"): ctdc.utilities.runtestcaseforKatalon.clickTab is PASSED

2022-04-22 20:56:16 - [MESSAGE][PASSED] - ctdc.utilities.runtestcaseforKatalon.clickTab is PASSED

2022-04-22 20:56:16 - [TEST_STEP][PASSED] - waitForElementPresent(findTestObject("Bento/Footer/Documentation_Hplink"), 5): Object 'Object Repository/Bento/Footer/Documentation_Hplink' is present

2022-04-22 20:56:16 - [MESSAGE][PASSED] - Object 'Object Repository/Bento/Footer/Documentation_Hplink' is present

2022-04-22 20:56:16 - [TEST_STEP][PASSED] - ctdc.utilities.runtestcaseforKatalon.clickTab("Bento/Footer/Documentation_Hplink"): ctdc.utilities.runtestcaseforKatalon.clickTab is PASSED

2022-04-22 20:56:16 - [MESSAGE][PASSED] - ctdc.utilities.runtestcaseforKatalon.clickTab is PASSED

2022-04-22 20:56:16 - [TEST_STEP][PASSED] - switchToWindowIndex(1): Switched to window with index: '1'

2022-04-22 20:56:16 - [MESSAGE][PASSED] - Switched to window with index: '1'

2022-04-22 20:56:16 - [TEST_STEP][PASSED] - waitForElementPresent(findTestObject("Bento/Home_page/Bento_logo"), 5): Object 'Object Repository/Bento/Home_page/Bento_logo' is present

2022-04-22 20:56:17 - [MESSAGE][PASSED] - Object 'Object Repository/Bento/Home_page/Bento_logo' is present

2022-04-22 20:56:17 - [TEST_STEP][PASSED] - verifyElementPresent(findTestObject("Bento/Home_page/Bento_logo"), 5): Object 'Object Repository/Bento/Home_page/Bento_logo' is present

2022-04-22 20:56:17 - [MESSAGE][PASSED] - Object 'Object Repository/Bento/Home_page/Bento_logo' is present

2022-04-22 20:56:17 - [TEST_STEP][PASSED] - closeWindowIndex(1): Window with index 1 is closed

2022-04-22 20:56:17 - [MESSAGE][PASSED] - Window with index 1 is closed

2022-04-22 20:56:17 - [TEST_STEP][PASSED] - switchToWindowIndex(0): Switched to window with index: '0'

2022-04-22 20:56:17 - [MESSAGE][PASSED] - Switched to window with index: '0'

2022-04-22 20:56:17 - [TEST_STEP][PASSED] - waitForElementPresent(findTestObject("Bento/Footer/HHS_Hplink"), 5): Object 'Object Repository/Bento/Footer/HHS_Hplink' is present

2022-04-22 20:56:17 - [MESSAGE][PASSED] - Object 'Object Repository/Bento/Footer/HHS_Hplink' is present

2022-04-22 20:56:17 - [TEST_STEP][PASSED] - ctdc.utilities.runtestcaseforKatalon.clickTab("Bento/Footer/HHS_Hplink"): ctdc.utilities.runtestcaseforKatalon.clickTab is PASSED

2022-04-22 20:56:17 - [MESSAGE][PASSED] - ctdc.utilities.runtestcaseforKatalon.clickTab is PASSED

2022-04-22 20:56:17 - [TEST_STEP][PASSED] - switchToWindowIndex(1): Switched to window with index: '1'

2022-04-22 20:56:17 - [MESSAGE][PASSED] - Switched to window with index: '1'

2022-04-22 20:56:17 - [TEST_STEP][PASSED] - waitForElementPresent(findTestObject("Bento/Footer/Externel_Apps/HHS_logo"), 5): Object 'Object Repository/Bento/Footer/Externel_Apps/HHS_logo' is present

2022-04-22 20:56:19 - [MESSAGE][PASSED] - Object 'Object Repository/Bento/Footer/Externel_Apps/HHS_logo' is present

2022-04-22 20:56:19 - [TEST_STEP][PASSED] - verifyElementPresent(findTestObject("Bento/Footer/Externel_Apps/HHS_logo"), 5): Object 'Object Repository/Bento/Footer/Externel_Apps/HHS_logo' is present

2022-04-22 20:56:19 - [MESSAGE][PASSED] - Object 'Object Repository/Bento/Footer/Externel_Apps/HHS_logo' is present

2022-04-22 20:56:19 - [TEST_STEP][PASSED] - closeWindowIndex(1): Window with index 1 is closed

2022-04-22 20:56:19 - [MESSAGE][PASSED] - Window with index 1 is closed

2022-04-22 20:56:19 - [TEST_STEP][PASSED] - switchToWindowIndex(0): Switched to window with index: '0'

2022-04-22 20:56:19 - [MESSAGE][PASSED] - Switched to window with index: '0'

2022-04-22 20:56:19 - [TEST_STEP][PASSED] - waitForElementPresent(findTestObject("Bento/Footer/NIH_Hplink"), 5): Object 'Object Repository/Bento/Footer/NIH_Hplink' is present

2022-04-22 20:56:20 - [MESSAGE][PASSED] - Object 'Object Repository/Bento/Footer/NIH_Hplink' is present

2022-04-22 20:56:20 - [TEST_STEP][PASSED] - ctdc.utilities.runtestcaseforKatalon.clickTab("Bento/Footer/NIH_Hplink"): ctdc.utilities.runtestcaseforKatalon.clickTab is PASSED

2022-04-22 20:56:20 - [MESSAGE][PASSED] - ctdc.utilities.runtestcaseforKatalon.clickTab is PASSED

2022-04-22 20:56:20 - [TEST_STEP][PASSED] - switchToWindowIndex(1): Switched to window with index: '1'

2022-04-22 20:56:20 - [MESSAGE][PASSED] - Switched to window with index: '1'

2022-04-22 20:56:20 - [TEST_STEP][PASSED] - waitForElementPresent(findTestObject("Bento/Footer/Externel_Apps/NIH_logo"), 5): Object 'Object Repository/Bento/Footer/Externel_Apps/NIH_logo' is present

2022-04-22 20:56:21 - [MESSAGE][PASSED] - Object 'Object Repository/Bento/Footer/Externel_Apps/NIH_logo' is present

2022-04-22 20:56:21 - [TEST_STEP][PASSED] - verifyElementPresent(findTestObject("Bento/Footer/Externel_Apps/NIH_logo"), 5): Object 'Object Repository/Bento/Footer/Externel_Apps/NIH_logo' is present

2022-04-22 20:56:21 - [MESSAGE][PASSED] - Object 'Object Repository/Bento/Footer/Externel_Apps/NIH_logo' is present

2022-04-22 20:56:21 - [TEST_STEP][PASSED] - closeWindowIndex(1): Window with index 1 is closed

2022-04-22 20:56:21 - [MESSAGE][PASSED] - Window with index 1 is closed

2022-04-22 20:56:21 - [TEST_STEP][PASSED] - switchToWindowIndex(0): Switched to window with index: '0'

2022-04-22 20:56:21 - [MESSAGE][PASSED] - Switched to window with index: '0'

2022-04-22 20:56:21 - [TEST_STEP][PASSED] - waitForElementPresent(findTestObject("Bento/Footer/NCI_Hplink"), 5): Object 'Object Repository/Bento/Footer/NCI_Hplink' is present

2022-04-22 20:56:21 - [MESSAGE][PASSED] - Object 'Object Repository/Bento/Footer/NCI_Hplink' is present

2022-04-22 20:56:21 - [TEST_STEP][PASSED] - ctdc.utilities.runtestcaseforKatalon.clickTab("Bento/Footer/NCI_Hplink"): ctdc.utilities.runtestcaseforKatalon.clickTab is PASSED

2022-04-22 20:56:21 - [MESSAGE][PASSED] - ctdc.utilities.runtestcaseforKatalon.clickTab is PASSED

2022-04-22 20:56:21 - [TEST_STEP][PASSED] - switchToWindowIndex(1): Switched to window with index: '1'

2022-04-22 20:56:21 - [MESSAGE][PASSED] - Switched to window with index: '1'

2022-04-22 20:56:21 - [TEST_STEP][PASSED] - waitForElementPresent(findTestObject("Bento/Footer/Externel_Apps/NCI_logo"), 5): Object 'Object Repository/Bento/Footer/Externel_Apps/NCI_logo' is present

2022-04-22 20:56:23 - [MESSAGE][PASSED] - Object 'Object Repository/Bento/Footer/Externel_Apps/NCI_logo' is present

2022-04-22 20:56:23 - [TEST_STEP][PASSED] - verifyElementPresent(findTestObject("Bento/Footer/Externel_Apps/NCI_logo"), 5): Object 'Object Repository/Bento/Footer/Externel_Apps/NCI_logo' is present

2022-04-22 20:56:23 - [MESSAGE][PASSED] - Object 'Object Repository/Bento/Footer/Externel_Apps/NCI_logo' is present

2022-04-22 20:56:23 - [TEST_STEP][PASSED] - closeWindowIndex(1): Window with index 1 is closed

2022-04-22 20:56:23 - [MESSAGE][PASSED] - Window with index 1 is closed

2022-04-22 20:56:23 - [TEST_STEP][PASSED] - switchToWindowIndex(0): Switched to window with index: '0'

2022-04-22 20:56:23 - [MESSAGE][PASSED] - Switched to window with index: '0'

2022-04-22 20:56:23 - [TEST_STEP][PASSED] - waitForElementPresent(findTestObject("Bento/Footer/USA_Hplink"), 5): Object 'Object Repository/Bento/Footer/USA_Hplink' is present

2022-04-22 20:56:23 - [MESSAGE][PASSED] - Object 'Object Repository/Bento/Footer/USA_Hplink' is present

2022-04-22 20:56:23 - [TEST_STEP][PASSED] - ctdc.utilities.runtestcaseforKatalon.clickTab("Bento/Footer/USA_Hplink"): ctdc.utilities.runtestcaseforKatalon.clickTab is PASSED

2022-04-22 20:56:23 - [MESSAGE][PASSED] - ctdc.utilities.runtestcaseforKatalon.clickTab is PASSED

2022-04-22 20:56:23 - [TEST_STEP][PASSED] - switchToWindowIndex(1): Switched to window with index: '1'

2022-04-22 20:56:23 - [MESSAGE][PASSED] - Switched to window with index: '1'

2022-04-22 20:56:23 - [TEST_STEP][PASSED] - waitForElementPresent(findTestObject("Bento/Footer/Externel_Apps/USA_logo"), 5): Object 'Object Repository/Bento/Footer/Externel_Apps/USA_logo' is present

2022-04-22 20:56:25 - [MESSAGE][PASSED] - Object 'Object Repository/Bento/Footer/Externel_Apps/USA_logo' is present

2022-04-22 20:56:25 - [TEST_STEP][PASSED] - verifyElementPresent(findTestObject("Bento/Footer/Externel_Apps/USA_logo"), 5): Object 'Object Repository/Bento/Footer/Externel_Apps/USA_logo' is present

2022-04-22 20:56:25 - [MESSAGE][PASSED] - Object 'Object Repository/Bento/Footer/Externel_Apps/USA_logo' is present

2022-04-22 20:56:25 - [TEST_STEP][PASSED] - closeWindowIndex(1): Window with index 1 is closed

2022-04-22 20:56:25 - [MESSAGE][PASSED] - Window with index 1 is closed

2022-04-22 20:56:25 - [TEST_STEP][PASSED] - switchToWindowIndex(0): Switched to window with index: '0'

2022-04-22 20:56:25 - [MESSAGE][PASSED] - Switched to window with index: '0'

2022-04-22 20:56:25 - [TEST_STEP][PASSED] - delay(3): Delayed 3 second(s)

2022-04-22 20:56:28 - [MESSAGE][PASSED] - Delayed 3 second(s)]]></system-out>
         <system-err><![CDATA[]]></system-err>
      </testcase>
      <testcase name="Test Cases/Bento_TestCases/EndocrineTherapy/TC01_Bento_Filter_EndocrineTherapy-AI" time="824.659" classname="Test Cases/Bento_TestCases/EndocrineTherapy/TC01_Bento_Filter_EndocrineTherapy-AI" status="PASSED">
         <system-out><![CDATA[2022-04-22 20:56:28 - [TEST_CASE][PASSED] - Test Cases/Bento_TestCases/EndocrineTherapy/TC01_Bento_Filter_EndocrineTherapy-AI: Test Cases/Bento_TestCases/EndocrineTherapy/TC01_Bento_Filter_EndocrineTherapy-AI

2022-04-22 20:56:28 - [TEST_STEP][PASSED] - Start listener action : getTestScriptName: null

2022-04-22 20:56:28 - [TEST_STEP][PASSED] - TestCaseId = testCaseContext.getTestCaseId(): null

2022-04-22 20:56:28 - [TEST_STEP][PASSED] - out.println("**********this is the value of test case id string******** " + testCaseContext.getTestCaseId()): null

2022-04-22 20:56:28 - [TEST_STEP][PASSED] - G_currentTCName = TestCaseId.substring(TestCaseId.lastIndexOf("TC")): null

2022-04-22 20:56:28 - [TEST_STEP][PASSED] - out.println("This is the test case name : " + G_currentTCName): null

2022-04-22 20:56:29 - [TEST_STEP][PASSED] - closeBrowser(): Browser is closed

2022-04-22 20:56:29 - [MESSAGE][PASSED] - Browser is closed

2022-04-22 20:56:29 - [TEST_STEP][PASSED] - ctdc.utilities.runtestcaseforKatalon.RunKatalon("TC01_Bento_Filter_EndocrineTherapy-AI.xlsx"): Data loaded from input file for the test case. 

2022-04-22 20:56:29 - [MESSAGE][PASSED] - Test case file loaded This is the full filepath after converting to string :C:\Users\sohilz2\Commons_Automation\InputFiles\TC01_Bento_Filter_EndocrineTherapy-AI.xlsx

2022-04-22 20:56:29 - [MESSAGE][INFO] - Global variable set for password file is :  C:\Users\sohilz2\Commons_Automation\InputFiles\TC01_Bento_Filter_EndocrineTherapy-AI.xlsx

2022-04-22 20:56:33 - [MESSAGE][PASSED] - Data loaded from input file for the test case. 

2022-04-22 20:56:47 - [TEST_STEP][PASSED] - waitForElementClickable(findTestObject("Object Repository/Bento/NavBar/Bento_Cases-Btn"), 5): Object 'Object Repository/Bento/NavBar/Bento_Cases-Btn' is clickable

2022-04-22 20:56:47 - [MESSAGE][PASSED] - Object 'Object Repository/Bento/NavBar/Bento_Cases-Btn' is clickable

2022-04-22 20:56:47 - [TEST_STEP][PASSED] - ctdc.utilities.runtestcaseforKatalon.clickTab("Object Repository/Bento/NavBar/Bento_Cases-Btn"): ctdc.utilities.runtestcaseforKatalon.clickTab is PASSED

2022-04-22 20:56:47 - [MESSAGE][PASSED] - ctdc.utilities.runtestcaseforKatalon.clickTab is PASSED

2022-04-22 20:56:47 - [TEST_STEP][PASSED] - waitForElementClickable(findTestObject("Bento/Cases_page/Filter/EndocrineTherapy/ENDOCRINETHERAPY_Ddn"), 5): Object 'Object Repository/Bento/Cases_page/Filter/EndocrineTherapy/ENDOCRINETHERAPY_Ddn' is clickable

2022-04-22 20:56:48 - [MESSAGE][PASSED] - Object 'Object Repository/Bento/Cases_page/Filter/EndocrineTherapy/ENDOCRINETHERAPY_Ddn' is clickable

2022-04-22 20:56:48 - [TEST_STEP][PASSED] - ctdc.utilities.runtestcaseforKatalon.clickTab("Bento/Cases_page/Filter/EndocrineTherapy/ENDOCRINETHERAPY_Ddn"): ctdc.utilities.runtestcaseforKatalon.clickTab is PASSED

2022-04-22 20:56:48 - [MESSAGE][PASSED] - ctdc.utilities.runtestcaseforKatalon.clickTab is PASSED

2022-04-22 20:56:48 - [TEST_STEP][PASSED] - ctdc.utilities.runtestcaseforKatalon.clickTab("Object Repository/Bento/Cases_page/Filter/EndocrineTherapy/AI_Chkbx"): ctdc.utilities.runtestcaseforKatalon.clickTab is PASSED

2022-04-22 20:56:48 - [MESSAGE][PASSED] - ctdc.utilities.runtestcaseforKatalon.clickTab is PASSED

2022-04-22 20:56:48 - [TEST_STEP][PASSED] - ctdc.utilities.runtestcaseforKatalon.clickTab("Object Repository/Bento/Cases_page/Filter/EndocrineTherapy/ENDOCRINETHERAPY_Ddn"): ctdc.utilities.runtestcaseforKatalon.clickTab is PASSED

2022-04-22 20:56:49 - [MESSAGE][PASSED] - ctdc.utilities.runtestcaseforKatalon.clickTab is PASSED

2022-04-22 20:56:49 - [TEST_STEP][PASSED] - ctdc.utilities.runtestcaseforKatalon.readStatBarBento("Object Repository/Bento/StatBar/Bento_StatBar-Programs", "Object Repository/Bento/StatBar/Bento_StatBar-Arms", "Object Repository/Bento/StatBar/Bento_StatBar-Cases", "Object Repository/Bento/StatBar/Bento_StatBar-Samples", "Object Repository/Bento/StatBar/Bento_StatBar-Assays", "Object Repository/Bento/StatBar/Bento_StatBar-Files"): ctdc.utilities.runtestcaseforKatalon.readStatBarBento is PASSED

2022-04-22 20:56:58 - [MESSAGE][PASSED] - ctdc.utilities.runtestcaseforKatalon.readStatBarBento is PASSED

2022-04-22 20:56:58 - [TEST_STEP][PASSED] - waitForElementPresent(findTestObject("Object Repository/Bento/Cases_page/BentoResults_Cases_Tab"), 5): Object 'Object Repository/Bento/Cases_page/BentoResults_Cases_Tab' is present

2022-04-22 20:56:58 - [MESSAGE][PASSED] - Object 'Object Repository/Bento/Cases_page/BentoResults_Cases_Tab' is present

2022-04-22 20:56:58 - [TEST_STEP][PASSED] - ctdc.utilities.runtestcaseforKatalon.clickTab("Object Repository/Bento/Cases_page/BentoResults_Cases_Tab"): ctdc.utilities.runtestcaseforKatalon.clickTab is PASSED

2022-04-22 20:56:58 - [MESSAGE][PASSED] - ctdc.utilities.runtestcaseforKatalon.clickTab is PASSED

2022-04-22 20:56:58 - [TEST_STEP][PASSED] - ctdc.utilities.runtestcaseforKatalon.multiFunction("Bento", G_StatBar_Cases, "Object Repository/Bento/Cases_page/Bento_CasesTable", "Object Repository/Bento/Cases_page/Bento_CasesTableHeader", "Object Repository/Bento/Cases_page/Bento_CasesTabNextBtn", G_WebTabnameCases, G_CypherTabnameCases, G_QueryCasesTab): Statbar Files count matches

2022-04-22 21:10:12 - [MESSAGE][PASSED] - Statbar Programs count matches

2022-04-22 21:10:12 - [MESSAGE][PASSED] - Statbar Arms count matches

2022-04-22 21:10:12 - [MESSAGE][PASSED] - Statbar Cases count matches

2022-04-22 21:10:12 - [MESSAGE][PASSED] - Statbar Samples count matches

2022-04-22 21:10:12 - [MESSAGE][PASSED] - Statbar Assays count matches

2022-04-22 21:10:12 - [MESSAGE][PASSED] - Statbar Files count matches

2022-04-22 21:10:12 - [TEST_STEP][PASSED] - closeBrowser(): Browser is closed

2022-04-22 21:10:13 - [MESSAGE][PASSED] - Browser is closed]]></system-out>
         <system-err><![CDATA[]]></system-err>
      </testcase>
      <testcase name="Test Cases/Bento_TestCases/FileType/TC02_Bento_Filter_FileType-bai" time="75.094" classname="Test Cases/Bento_TestCases/FileType/TC02_Bento_Filter_FileType-bai" status="PASSED">
         <system-out><![CDATA[2022-04-22 21:10:13 - [TEST_CASE][PASSED] - Test Cases/Bento_TestCases/FileType/TC02_Bento_Filter_FileType-bai: Test Cases/Bento_TestCases/FileType/TC02_Bento_Filter_FileType-bai

2022-04-22 21:10:13 - [TEST_STEP][PASSED] - Start listener action : getTestScriptName: null

2022-04-22 21:10:13 - [TEST_STEP][PASSED] - TestCaseId = testCaseContext.getTestCaseId(): null

2022-04-22 21:10:13 - [TEST_STEP][PASSED] - out.println("**********this is the value of test case id string******** " + testCaseContext.getTestCaseId()): null

2022-04-22 21:10:13 - [TEST_STEP][PASSED] - G_currentTCName = TestCaseId.substring(TestCaseId.lastIndexOf("TC")): null

2022-04-22 21:10:13 - [TEST_STEP][PASSED] - out.println("This is the test case name : " + G_currentTCName): null

2022-04-22 21:10:13 - [TEST_STEP][PASSED] - closeBrowser(): Browser is closed

2022-04-22 21:10:13 - [MESSAGE][PASSED] - Browser is closed

2022-04-22 21:10:13 - [TEST_STEP][PASSED] - ctdc.utilities.runtestcaseforKatalon.RunKatalon("TC02_Bento_Filter_FileType-bai.xlsx"): Data loaded from input file for the test case. 

2022-04-22 21:10:13 - [MESSAGE][PASSED] - Test case file loaded This is the full filepath after converting to string :C:\Users\sohilz2\Commons_Automation\InputFiles\TC02_Bento_Filter_FileType-bai.xlsx

2022-04-22 21:10:13 - [MESSAGE][INFO] - Global variable set for password file is :  C:\Users\sohilz2\Commons_Automation\InputFiles\TC02_Bento_Filter_FileType-bai.xlsx

2022-04-22 21:10:17 - [MESSAGE][PASSED] - Data loaded from input file for the test case. 

2022-04-22 21:10:29 - [TEST_STEP][PASSED] - waitForElementClickable(findTestObject("Object Repository/Bento/NavBar/Bento_Cases-Btn"), 5): Object 'Object Repository/Bento/NavBar/Bento_Cases-Btn' is clickable

2022-04-22 21:10:29 - [MESSAGE][PASSED] - Object 'Object Repository/Bento/NavBar/Bento_Cases-Btn' is clickable

2022-04-22 21:10:29 - [TEST_STEP][PASSED] - ctdc.utilities.runtestcaseforKatalon.clickTab("Object Repository/Bento/NavBar/Bento_Cases-Btn"): ctdc.utilities.runtestcaseforKatalon.clickTab is PASSED

2022-04-22 21:10:30 - [MESSAGE][PASSED] - ctdc.utilities.runtestcaseforKatalon.clickTab is PASSED

2022-04-22 21:10:30 - [TEST_STEP][PASSED] - waitForElementClickable(findTestObject("Bento/Cases_page/Filter/FileType/FILETYPE_Ddn"), 5): Object 'Object Repository/Bento/Cases_page/Filter/FileType/FILETYPE_Ddn' is clickable

2022-04-22 21:10:30 - [MESSAGE][PASSED] - Object 'Object Repository/Bento/Cases_page/Filter/FileType/FILETYPE_Ddn' is clickable

2022-04-22 21:10:30 - [TEST_STEP][PASSED] - ctdc.utilities.runtestcaseforKatalon.clickTab("Bento/Cases_page/Filter/FileType/FILETYPE_Ddn"): ctdc.utilities.runtestcaseforKatalon.clickTab is PASSED

2022-04-22 21:10:30 - [MESSAGE][PASSED] - ctdc.utilities.runtestcaseforKatalon.clickTab is PASSED

2022-04-22 21:10:30 - [TEST_STEP][PASSED] - waitForElementClickable(findTestObject("Bento/Cases_page/Filter/FileType/Bai_Chkbx"), 5): Object 'Object Repository/Bento/Cases_page/Filter/FileType/Bai_Chkbx' is clickable

2022-04-22 21:10:31 - [MESSAGE][PASSED] - Object 'Object Repository/Bento/Cases_page/Filter/FileType/Bai_Chkbx' is clickable

2022-04-22 21:10:31 - [TEST_STEP][PASSED] - ctdc.utilities.runtestcaseforKatalon.clickTab("Bento/Cases_page/Filter/FileType/Bai_Chkbx"): ctdc.utilities.runtestcaseforKatalon.clickTab is PASSED

2022-04-22 21:10:31 - [MESSAGE][PASSED] - ctdc.utilities.runtestcaseforKatalon.clickTab is PASSED

2022-04-22 21:10:31 - [TEST_STEP][PASSED] - ctdc.utilities.runtestcaseforKatalon.readStatBarBento("Object Repository/Bento/StatBar/Bento_StatBar-Programs", "Object Repository/Bento/StatBar/Bento_StatBar-Arms", "Object Repository/Bento/StatBar/Bento_StatBar-Cases", "Object Repository/Bento/StatBar/Bento_StatBar-Samples", "Object Repository/Bento/StatBar/Bento_StatBar-Assays", "Object Repository/Bento/StatBar/Bento_StatBar-Files"): ctdc.utilities.runtestcaseforKatalon.readStatBarBento is PASSED

2022-04-22 21:10:39 - [MESSAGE][PASSED] - ctdc.utilities.runtestcaseforKatalon.readStatBarBento is PASSED

2022-04-22 21:10:39 - [TEST_STEP][PASSED] - waitForElementPresent(findTestObject("Object Repository/Bento/Cases_page/BentoResults_Cases_Tab"), 5): Object 'Object Repository/Bento/Cases_page/BentoResults_Cases_Tab' is present

2022-04-22 21:10:39 - [MESSAGE][PASSED] - Object 'Object Repository/Bento/Cases_page/BentoResults_Cases_Tab' is present

2022-04-22 21:10:39 - [TEST_STEP][PASSED] - ctdc.utilities.runtestcaseforKatalon.clickTab("Object Repository/Bento/Cases_page/BentoResults_Cases_Tab"): ctdc.utilities.runtestcaseforKatalon.clickTab is PASSED

2022-04-22 21:10:40 - [MESSAGE][PASSED] - ctdc.utilities.runtestcaseforKatalon.clickTab is PASSED

2022-04-22 21:10:40 - [TEST_STEP][PASSED] - ctdc.utilities.runtestcaseforKatalon.multiFunction("Bento", G_StatBar_Cases, "Object Repository/Bento/Cases_page/Bento_CasesTable", "Object Repository/Bento/Cases_page/Bento_CasesTableHeader", "Object Repository/Bento/Cases_page/Bento_CasesTabNextBtn", G_WebTabnameCases, G_CypherTabnameCases, G_QueryCasesTab): Statbar Files count matches

2022-04-22 21:10:55 - [MESSAGE][PASSED] - Statbar Programs count matches

2022-04-22 21:10:55 - [MESSAGE][PASSED] - Statbar Arms count matches

2022-04-22 21:10:55 - [MESSAGE][PASSED] - Statbar Cases count matches

2022-04-22 21:10:55 - [MESSAGE][PASSED] - Statbar Samples count matches

2022-04-22 21:10:55 - [MESSAGE][PASSED] - Statbar Assays count matches

2022-04-22 21:10:55 - [MESSAGE][PASSED] - Statbar Files count matches

2022-04-22 21:10:55 - [TEST_STEP][PASSED] - waitForElementPresent(findTestObject("Object Repository/Bento/Cases_page/BentoResults_Samples_Tab"), 5): Object 'Object Repository/Bento/Cases_page/BentoResults_Samples_Tab' is present

2022-04-22 21:10:55 - [MESSAGE][PASSED] - Object 'Object Repository/Bento/Cases_page/BentoResults_Samples_Tab' is present

2022-04-22 21:10:55 - [TEST_STEP][PASSED] - ctdc.utilities.runtestcaseforKatalon.clickTab("Object Repository/Bento/Cases_page/BentoResults_Samples_Tab"): ctdc.utilities.runtestcaseforKatalon.clickTab is PASSED

2022-04-22 21:10:55 - [MESSAGE][PASSED] - ctdc.utilities.runtestcaseforKatalon.clickTab is PASSED

2022-04-22 21:10:55 - [TEST_STEP][PASSED] - ctdc.utilities.runtestcaseforKatalon.multiFunction("Bento", G_StatBar_Cases, "Object Repository/Bento/Cases_page/Bento_SamplesTable", "Object Repository/Bento/Cases_page/Bento_SamplesTableHeader", "Object Repository/Bento/Cases_page/Bento_SamplesTabNextBtn", G_WebTabnameSamples, G_CypherTabnameSamples, G_QuerySamplesTab): Statbar Files count matches

2022-04-22 21:11:11 - [MESSAGE][PASSED] - Statbar Programs count matches

2022-04-22 21:11:11 - [MESSAGE][PASSED] - Statbar Arms count matches

2022-04-22 21:11:11 - [MESSAGE][PASSED] - Statbar Cases count matches

2022-04-22 21:11:11 - [MESSAGE][PASSED] - Statbar Samples count matches

2022-04-22 21:11:11 - [MESSAGE][PASSED] - Statbar Assays count matches

2022-04-22 21:11:11 - [MESSAGE][PASSED] - Statbar Files count matches

2022-04-22 21:11:11 - [TEST_STEP][PASSED] - waitForElementPresent(findTestObject("Object Repository/Bento/Cases_page/BentoResults_Files_Tab"), 5): Object 'Object Repository/Bento/Cases_page/BentoResults_Files_Tab' is present

2022-04-22 21:11:11 - [MESSAGE][PASSED] - Object 'Object Repository/Bento/Cases_page/BentoResults_Files_Tab' is present

2022-04-22 21:11:11 - [TEST_STEP][PASSED] - ctdc.utilities.runtestcaseforKatalon.clickTab("Object Repository/Bento/Cases_page/BentoResults_Files_Tab"): ctdc.utilities.runtestcaseforKatalon.clickTab is PASSED

2022-04-22 21:11:11 - [MESSAGE][PASSED] - ctdc.utilities.runtestcaseforKatalon.clickTab is PASSED

2022-04-22 21:11:11 - [TEST_STEP][PASSED] - ctdc.utilities.runtestcaseforKatalon.multiFunction("Bento", G_StatBar_Files, "Object Repository/Bento/Cases_page/Bento_FilesTable", "Object Repository/Bento/Cases_page/Bento_FilesTableHeader", "Object Repository/Bento/Cases_page/Bento_FilesTabNextBtn", G_WebTabnameFiles, G_CypherTabnameFiles, G_QueryFilesTab): Statbar Files count matches

2022-04-22 21:11:27 - [MESSAGE][PASSED] - Statbar Programs count matches

2022-04-22 21:11:27 - [MESSAGE][PASSED] - Statbar Arms count matches

2022-04-22 21:11:27 - [MESSAGE][PASSED] - Statbar Cases count matches

2022-04-22 21:11:27 - [MESSAGE][PASSED] - Statbar Samples count matches

2022-04-22 21:11:27 - [MESSAGE][PASSED] - Statbar Assays count matches

2022-04-22 21:11:27 - [MESSAGE][PASSED] - Statbar Files count matches

2022-04-22 21:11:27 - [TEST_STEP][PASSED] - closeBrowser(): Browser is closed

2022-04-22 21:11:28 - [MESSAGE][PASSED] - Browser is closed]]></system-out>
         <system-err><![CDATA[]]></system-err>
      </testcase>
      <testcase name="Test Cases/Bento_TestCases/FileType/TC03_Bento_Filter_FileType-vcf" time="76.299" classname="Test Cases/Bento_TestCases/FileType/TC03_Bento_Filter_FileType-vcf" status="PASSED">
         <system-out><![CDATA[2022-04-22 21:11:28 - [TEST_CASE][PASSED] - Test Cases/Bento_TestCases/FileType/TC03_Bento_Filter_FileType-vcf: Test Cases/Bento_TestCases/FileType/TC03_Bento_Filter_FileType-vcf

2022-04-22 21:11:28 - [TEST_STEP][PASSED] - Start listener action : getTestScriptName: null

2022-04-22 21:11:28 - [TEST_STEP][PASSED] - TestCaseId = testCaseContext.getTestCaseId(): null

2022-04-22 21:11:28 - [TEST_STEP][PASSED] - out.println("**********this is the value of test case id string******** " + testCaseContext.getTestCaseId()): null

2022-04-22 21:11:28 - [TEST_STEP][PASSED] - G_currentTCName = TestCaseId.substring(TestCaseId.lastIndexOf("TC")): null

2022-04-22 21:11:28 - [TEST_STEP][PASSED] - out.println("This is the test case name : " + G_currentTCName): null

2022-04-22 21:11:28 - [TEST_STEP][PASSED] - closeBrowser(): Browser is closed

2022-04-22 21:11:28 - [MESSAGE][PASSED] - Browser is closed

2022-04-22 21:11:28 - [TEST_STEP][PASSED] - ctdc.utilities.runtestcaseforKatalon.RunKatalon("TC03_Bento_Filter_FileType-vcf.xlsx"): Data loaded from input file for the test case. 

2022-04-22 21:11:28 - [MESSAGE][PASSED] - Test case file loaded This is the full filepath after converting to string :C:\Users\sohilz2\Commons_Automation\InputFiles\TC03_Bento_Filter_FileType-vcf.xlsx

2022-04-22 21:11:28 - [MESSAGE][INFO] - Global variable set for password file is :  C:\Users\sohilz2\Commons_Automation\InputFiles\TC03_Bento_Filter_FileType-vcf.xlsx

2022-04-22 21:11:32 - [MESSAGE][PASSED] - Data loaded from input file for the test case. 

2022-04-22 21:11:45 - [TEST_STEP][PASSED] - waitForElementClickable(findTestObject("Object Repository/Bento/NavBar/Bento_Cases-Btn"), 5): Object 'Object Repository/Bento/NavBar/Bento_Cases-Btn' is clickable

2022-04-22 21:11:45 - [MESSAGE][PASSED] - Object 'Object Repository/Bento/NavBar/Bento_Cases-Btn' is clickable

2022-04-22 21:11:45 - [TEST_STEP][PASSED] - ctdc.utilities.runtestcaseforKatalon.clickTab("Object Repository/Bento/NavBar/Bento_Cases-Btn"): ctdc.utilities.runtestcaseforKatalon.clickTab is PASSED

2022-04-22 21:11:45 - [MESSAGE][PASSED] - ctdc.utilities.runtestcaseforKatalon.clickTab is PASSED

2022-04-22 21:11:45 - [TEST_STEP][PASSED] - waitForElementClickable(findTestObject("Bento/Cases_page/Filter/FileType/FILETYPE_Ddn"), 5): Object 'Object Repository/Bento/Cases_page/Filter/FileType/FILETYPE_Ddn' is clickable

2022-04-22 21:11:46 - [MESSAGE][PASSED] - Object 'Object Repository/Bento/Cases_page/Filter/FileType/FILETYPE_Ddn' is clickable

2022-04-22 21:11:46 - [TEST_STEP][PASSED] - ctdc.utilities.runtestcaseforKatalon.clickTab("Bento/Cases_page/Filter/FileType/FILETYPE_Ddn"): ctdc.utilities.runtestcaseforKatalon.clickTab is PASSED

2022-04-22 21:11:46 - [MESSAGE][PASSED] - ctdc.utilities.runtestcaseforKatalon.clickTab is PASSED

2022-04-22 21:11:46 - [TEST_STEP][PASSED] - waitForElementClickable(findTestObject("Bento/Cases_page/Filter/FileType/Vcf_Chkbx"), 5): Object 'Object Repository/Bento/Cases_page/Filter/FileType/Vcf_Chkbx' is clickable

2022-04-22 21:11:46 - [MESSAGE][PASSED] - Object 'Object Repository/Bento/Cases_page/Filter/FileType/Vcf_Chkbx' is clickable

2022-04-22 21:11:46 - [TEST_STEP][PASSED] - ctdc.utilities.runtestcaseforKatalon.clickTab("Bento/Cases_page/Filter/FileType/Vcf_Chkbx"): ctdc.utilities.runtestcaseforKatalon.clickTab is PASSED

2022-04-22 21:11:46 - [MESSAGE][PASSED] - ctdc.utilities.runtestcaseforKatalon.clickTab is PASSED

2022-04-22 21:11:46 - [TEST_STEP][PASSED] - ctdc.utilities.runtestcaseforKatalon.readStatBarBento("Object Repository/Bento/StatBar/Bento_StatBar-Programs", "Object Repository/Bento/StatBar/Bento_StatBar-Arms", "Object Repository/Bento/StatBar/Bento_StatBar-Cases", "Object Repository/Bento/StatBar/Bento_StatBar-Samples", "Object Repository/Bento/StatBar/Bento_StatBar-Assays", "Object Repository/Bento/StatBar/Bento_StatBar-Files"): ctdc.utilities.runtestcaseforKatalon.readStatBarBento is PASSED

2022-04-22 21:11:55 - [MESSAGE][PASSED] - ctdc.utilities.runtestcaseforKatalon.readStatBarBento is PASSED

2022-04-22 21:11:55 - [TEST_STEP][PASSED] - waitForElementPresent(findTestObject("Object Repository/Bento/Cases_page/BentoResults_Cases_Tab"), 5): Object 'Object Repository/Bento/Cases_page/BentoResults_Cases_Tab' is present

2022-04-22 21:11:55 - [MESSAGE][PASSED] - Object 'Object Repository/Bento/Cases_page/BentoResults_Cases_Tab' is present

2022-04-22 21:11:55 - [TEST_STEP][PASSED] - ctdc.utilities.runtestcaseforKatalon.clickTab("Object Repository/Bento/Cases_page/BentoResults_Cases_Tab"): ctdc.utilities.runtestcaseforKatalon.clickTab is PASSED

2022-04-22 21:11:55 - [MESSAGE][PASSED] - ctdc.utilities.runtestcaseforKatalon.clickTab is PASSED

2022-04-22 21:11:55 - [TEST_STEP][PASSED] - ctdc.utilities.runtestcaseforKatalon.multiFunction("Bento", G_StatBar_Cases, "Object Repository/Bento/Cases_page/Bento_CasesTable", "Object Repository/Bento/Cases_page/Bento_CasesTableHeader", "Object Repository/Bento/Cases_page/Bento_CasesTabNextBtn", G_WebTabnameCases, G_CypherTabnameCases, G_QueryCasesTab): Statbar Files count matches

2022-04-22 21:12:11 - [MESSAGE][PASSED] - Statbar Programs count matches

2022-04-22 21:12:11 - [MESSAGE][PASSED] - Statbar Arms count matches

2022-04-22 21:12:11 - [MESSAGE][PASSED] - Statbar Cases count matches

2022-04-22 21:12:11 - [MESSAGE][PASSED] - Statbar Samples count matches

2022-04-22 21:12:11 - [MESSAGE][PASSED] - Statbar Assays count matches

2022-04-22 21:12:11 - [MESSAGE][PASSED] - Statbar Files count matches

2022-04-22 21:12:11 - [TEST_STEP][PASSED] - waitForElementPresent(findTestObject("Object Repository/Bento/Cases_page/BentoResults_Samples_Tab"), 5): Object 'Object Repository/Bento/Cases_page/BentoResults_Samples_Tab' is present

2022-04-22 21:12:11 - [MESSAGE][PASSED] - Object 'Object Repository/Bento/Cases_page/BentoResults_Samples_Tab' is present

2022-04-22 21:12:11 - [TEST_STEP][PASSED] - ctdc.utilities.runtestcaseforKatalon.clickTab("Object Repository/Bento/Cases_page/BentoResults_Samples_Tab"): ctdc.utilities.runtestcaseforKatalon.clickTab is PASSED

2022-04-22 21:12:11 - [MESSAGE][PASSED] - ctdc.utilities.runtestcaseforKatalon.clickTab is PASSED

2022-04-22 21:12:11 - [TEST_STEP][PASSED] - ctdc.utilities.runtestcaseforKatalon.multiFunction("Bento", G_StatBar_Cases, "Object Repository/Bento/Cases_page/Bento_SamplesTable", "Object Repository/Bento/Cases_page/Bento_SamplesTableHeader", "Object Repository/Bento/Cases_page/Bento_SamplesTabNextBtn", G_WebTabnameSamples, G_CypherTabnameSamples, G_QuerySamplesTab): Statbar Files count matches

2022-04-22 21:12:27 - [MESSAGE][PASSED] - Statbar Programs count matches

2022-04-22 21:12:27 - [MESSAGE][PASSED] - Statbar Arms count matches

2022-04-22 21:12:27 - [MESSAGE][PASSED] - Statbar Cases count matches

2022-04-22 21:12:27 - [MESSAGE][PASSED] - Statbar Samples count matches

2022-04-22 21:12:27 - [MESSAGE][PASSED] - Statbar Assays count matches

2022-04-22 21:12:27 - [MESSAGE][PASSED] - Statbar Files count matches

2022-04-22 21:12:27 - [TEST_STEP][PASSED] - waitForElementPresent(findTestObject("Object Repository/Bento/Cases_page/BentoResults_Files_Tab"), 5): Object 'Object Repository/Bento/Cases_page/BentoResults_Files_Tab' is present

2022-04-22 21:12:27 - [MESSAGE][PASSED] - Object 'Object Repository/Bento/Cases_page/BentoResults_Files_Tab' is present

2022-04-22 21:12:27 - [TEST_STEP][PASSED] - ctdc.utilities.runtestcaseforKatalon.clickTab("Object Repository/Bento/Cases_page/BentoResults_Files_Tab"): ctdc.utilities.runtestcaseforKatalon.clickTab is PASSED

2022-04-22 21:12:27 - [MESSAGE][PASSED] - ctdc.utilities.runtestcaseforKatalon.clickTab is PASSED

2022-04-22 21:12:27 - [TEST_STEP][PASSED] - ctdc.utilities.runtestcaseforKatalon.multiFunction("Bento", G_StatBar_Files, "Object Repository/Bento/Cases_page/Bento_FilesTable", "Object Repository/Bento/Cases_page/Bento_FilesTableHeader", "Object Repository/Bento/Cases_page/Bento_FilesTabNextBtn", G_WebTabnameFiles, G_CypherTabnameFiles, G_QueryFilesTab): Statbar Files count matches

2022-04-22 21:12:44 - [MESSAGE][PASSED] - Statbar Programs count matches

2022-04-22 21:12:44 - [MESSAGE][PASSED] - Statbar Arms count matches

2022-04-22 21:12:44 - [MESSAGE][PASSED] - Statbar Cases count matches

2022-04-22 21:12:44 - [MESSAGE][PASSED] - Statbar Samples count matches

2022-04-22 21:12:44 - [MESSAGE][PASSED] - Statbar Assays count matches

2022-04-22 21:12:44 - [MESSAGE][PASSED] - Statbar Files count matches

2022-04-22 21:12:44 - [TEST_STEP][PASSED] - closeBrowser(): Browser is closed

2022-04-22 21:12:44 - [MESSAGE][PASSED] - Browser is closed]]></system-out>
         <system-err><![CDATA[]]></system-err>
      </testcase>
      <testcase name="Test Cases/Bento_TestCases/FileType/TC04_Bento_Filter_FileType-bam" time="75.153" classname="Test Cases/Bento_TestCases/FileType/TC04_Bento_Filter_FileType-bam" status="PASSED">
         <system-out><![CDATA[2022-04-22 21:12:44 - [TEST_CASE][PASSED] - Test Cases/Bento_TestCases/FileType/TC04_Bento_Filter_FileType-bam: Test Cases/Bento_TestCases/FileType/TC04_Bento_Filter_FileType-bam

2022-04-22 21:12:44 - [TEST_STEP][PASSED] - Start listener action : getTestScriptName: null

2022-04-22 21:12:44 - [TEST_STEP][PASSED] - TestCaseId = testCaseContext.getTestCaseId(): null

2022-04-22 21:12:44 - [TEST_STEP][PASSED] - out.println("**********this is the value of test case id string******** " + testCaseContext.getTestCaseId()): null

2022-04-22 21:12:44 - [TEST_STEP][PASSED] - G_currentTCName = TestCaseId.substring(TestCaseId.lastIndexOf("TC")): null

2022-04-22 21:12:44 - [TEST_STEP][PASSED] - out.println("This is the test case name : " + G_currentTCName): null

2022-04-22 21:12:45 - [TEST_STEP][PASSED] - closeBrowser(): Browser is closed

2022-04-22 21:12:45 - [MESSAGE][PASSED] - Browser is closed

2022-04-22 21:12:45 - [TEST_STEP][PASSED] - ctdc.utilities.runtestcaseforKatalon.RunKatalon("TC04_Bento_Filter_FileType-bam.xlsx"): Data loaded from input file for the test case. 

2022-04-22 21:12:45 - [MESSAGE][PASSED] - Test case file loaded This is the full filepath after converting to string :C:\Users\sohilz2\Commons_Automation\InputFiles\TC04_Bento_Filter_FileType-bam.xlsx

2022-04-22 21:12:45 - [MESSAGE][INFO] - Global variable set for password file is :  C:\Users\sohilz2\Commons_Automation\InputFiles\TC04_Bento_Filter_FileType-bam.xlsx

2022-04-22 21:12:49 - [MESSAGE][PASSED] - Data loaded from input file for the test case. 

2022-04-22 21:13:00 - [TEST_STEP][PASSED] - waitForElementClickable(findTestObject("Object Repository/Bento/NavBar/Bento_Cases-Btn"), 5): Object 'Object Repository/Bento/NavBar/Bento_Cases-Btn' is clickable

2022-04-22 21:13:01 - [MESSAGE][PASSED] - Object 'Object Repository/Bento/NavBar/Bento_Cases-Btn' is clickable

2022-04-22 21:13:01 - [TEST_STEP][PASSED] - ctdc.utilities.runtestcaseforKatalon.clickTab("Object Repository/Bento/NavBar/Bento_Cases-Btn"): ctdc.utilities.runtestcaseforKatalon.clickTab is PASSED

2022-04-22 21:13:01 - [MESSAGE][PASSED] - ctdc.utilities.runtestcaseforKatalon.clickTab is PASSED

2022-04-22 21:13:01 - [TEST_STEP][PASSED] - waitForElementClickable(findTestObject("Bento/Cases_page/Filter/FileType/FILETYPE_Ddn"), 5): Object 'Object Repository/Bento/Cases_page/Filter/FileType/FILETYPE_Ddn' is clickable

2022-04-22 21:13:02 - [MESSAGE][PASSED] - Object 'Object Repository/Bento/Cases_page/Filter/FileType/FILETYPE_Ddn' is clickable

2022-04-22 21:13:02 - [TEST_STEP][PASSED] - ctdc.utilities.runtestcaseforKatalon.clickTab("Bento/Cases_page/Filter/FileType/FILETYPE_Ddn"): ctdc.utilities.runtestcaseforKatalon.clickTab is PASSED

2022-04-22 21:13:02 - [MESSAGE][PASSED] - ctdc.utilities.runtestcaseforKatalon.clickTab is PASSED

2022-04-22 21:13:02 - [TEST_STEP][PASSED] - waitForElementClickable(findTestObject("Bento/Cases_page/Filter/FileType/Bam_Chkbx"), 5): Object 'Object Repository/Bento/Cases_page/Filter/FileType/Bam_Chkbx' is clickable

2022-04-22 21:13:02 - [MESSAGE][PASSED] - Object 'Object Repository/Bento/Cases_page/Filter/FileType/Bam_Chkbx' is clickable

2022-04-22 21:13:02 - [TEST_STEP][PASSED] - ctdc.utilities.runtestcaseforKatalon.clickTab("Bento/Cases_page/Filter/FileType/Bam_Chkbx"): ctdc.utilities.runtestcaseforKatalon.clickTab is PASSED

2022-04-22 21:13:02 - [MESSAGE][PASSED] - ctdc.utilities.runtestcaseforKatalon.clickTab is PASSED

2022-04-22 21:13:02 - [TEST_STEP][PASSED] - ctdc.utilities.runtestcaseforKatalon.readStatBarBento("Object Repository/Bento/StatBar/Bento_StatBar-Programs", "Object Repository/Bento/StatBar/Bento_StatBar-Arms", "Object Repository/Bento/StatBar/Bento_StatBar-Cases", "Object Repository/Bento/StatBar/Bento_StatBar-Samples", "Object Repository/Bento/StatBar/Bento_StatBar-Assays", "Object Repository/Bento/StatBar/Bento_StatBar-Files"): ctdc.utilities.runtestcaseforKatalon.readStatBarBento is PASSED

2022-04-22 21:13:11 - [MESSAGE][PASSED] - ctdc.utilities.runtestcaseforKatalon.readStatBarBento is PASSED

2022-04-22 21:13:11 - [TEST_STEP][PASSED] - waitForElementPresent(findTestObject("Object Repository/Bento/Cases_page/BentoResults_Cases_Tab"), 5): Object 'Object Repository/Bento/Cases_page/BentoResults_Cases_Tab' is present

2022-04-22 21:13:11 - [MESSAGE][PASSED] - Object 'Object Repository/Bento/Cases_page/BentoResults_Cases_Tab' is present

2022-04-22 21:13:11 - [TEST_STEP][PASSED] - ctdc.utilities.runtestcaseforKatalon.clickTab("Object Repository/Bento/Cases_page/BentoResults_Cases_Tab"): ctdc.utilities.runtestcaseforKatalon.clickTab is PASSED

2022-04-22 21:13:11 - [MESSAGE][PASSED] - ctdc.utilities.runtestcaseforKatalon.clickTab is PASSED

2022-04-22 21:13:11 - [TEST_STEP][PASSED] - ctdc.utilities.runtestcaseforKatalon.multiFunction("Bento", G_StatBar_Cases, "Object Repository/Bento/Cases_page/Bento_CasesTable", "Object Repository/Bento/Cases_page/Bento_CasesTableHeader", "Object Repository/Bento/Cases_page/Bento_CasesTabNextBtn", G_WebTabnameCases, G_CypherTabnameCases, G_QueryCasesTab): Statbar Files count matches

2022-04-22 21:13:26 - [MESSAGE][PASSED] - Statbar Programs count matches

2022-04-22 21:13:26 - [MESSAGE][PASSED] - Statbar Arms count matches

2022-04-22 21:13:26 - [MESSAGE][PASSED] - Statbar Cases count matches

2022-04-22 21:13:26 - [MESSAGE][PASSED] - Statbar Samples count matches

2022-04-22 21:13:26 - [MESSAGE][PASSED] - Statbar Assays count matches

2022-04-22 21:13:26 - [MESSAGE][PASSED] - Statbar Files count matches

2022-04-22 21:13:26 - [TEST_STEP][PASSED] - waitForElementPresent(findTestObject("Object Repository/Bento/Cases_page/BentoResults_Samples_Tab"), 5): Object 'Object Repository/Bento/Cases_page/BentoResults_Samples_Tab' is present

2022-04-22 21:13:26 - [MESSAGE][PASSED] - Object 'Object Repository/Bento/Cases_page/BentoResults_Samples_Tab' is present

2022-04-22 21:13:26 - [TEST_STEP][PASSED] - ctdc.utilities.runtestcaseforKatalon.clickTab("Object Repository/Bento/Cases_page/BentoResults_Samples_Tab"): ctdc.utilities.runtestcaseforKatalon.clickTab is PASSED

2022-04-22 21:13:27 - [MESSAGE][PASSED] - ctdc.utilities.runtestcaseforKatalon.clickTab is PASSED

2022-04-22 21:13:27 - [TEST_STEP][PASSED] - ctdc.utilities.runtestcaseforKatalon.multiFunction("Bento", G_StatBar_Cases, "Object Repository/Bento/Cases_page/Bento_SamplesTable", "Object Repository/Bento/Cases_page/Bento_SamplesTableHeader", "Object Repository/Bento/Cases_page/Bento_SamplesTabNextBtn", G_WebTabnameSamples, G_CypherTabnameSamples, G_QuerySamplesTab): Statbar Files count matches

2022-04-22 21:13:42 - [MESSAGE][PASSED] - Statbar Programs count matches

2022-04-22 21:13:42 - [MESSAGE][PASSED] - Statbar Arms count matches

2022-04-22 21:13:42 - [MESSAGE][PASSED] - Statbar Cases count matches

2022-04-22 21:13:42 - [MESSAGE][PASSED] - Statbar Samples count matches

2022-04-22 21:13:42 - [MESSAGE][PASSED] - Statbar Assays count matches

2022-04-22 21:13:42 - [MESSAGE][PASSED] - Statbar Files count matches

2022-04-22 21:13:42 - [TEST_STEP][PASSED] - waitForElementPresent(findTestObject("Object Repository/Bento/Cases_page/BentoResults_Files_Tab"), 5): Object 'Object Repository/Bento/Cases_page/BentoResults_Files_Tab' is present

2022-04-22 21:13:42 - [MESSAGE][PASSED] - Object 'Object Repository/Bento/Cases_page/BentoResults_Files_Tab' is present

2022-04-22 21:13:42 - [TEST_STEP][PASSED] - ctdc.utilities.runtestcaseforKatalon.clickTab("Object Repository/Bento/Cases_page/BentoResults_Files_Tab"): ctdc.utilities.runtestcaseforKatalon.clickTab is PASSED

2022-04-22 21:13:43 - [MESSAGE][PASSED] - ctdc.utilities.runtestcaseforKatalon.clickTab is PASSED

2022-04-22 21:13:43 - [TEST_STEP][PASSED] - ctdc.utilities.runtestcaseforKatalon.multiFunction("Bento", G_StatBar_Files, "Object Repository/Bento/Cases_page/Bento_FilesTable", "Object Repository/Bento/Cases_page/Bento_FilesTableHeader", "Object Repository/Bento/Cases_page/Bento_FilesTabNextBtn", G_WebTabnameFiles, G_CypherTabnameFiles, G_QueryFilesTab): Statbar Files count matches

2022-04-22 21:13:59 - [MESSAGE][PASSED] - Statbar Programs count matches

2022-04-22 21:13:59 - [MESSAGE][PASSED] - Statbar Arms count matches

2022-04-22 21:13:59 - [MESSAGE][PASSED] - Statbar Cases count matches

2022-04-22 21:13:59 - [MESSAGE][PASSED] - Statbar Samples count matches

2022-04-22 21:13:59 - [MESSAGE][PASSED] - Statbar Assays count matches

2022-04-22 21:13:59 - [MESSAGE][PASSED] - Statbar Files count matches

2022-04-22 21:13:59 - [TEST_STEP][PASSED] - closeBrowser(): Browser is closed

2022-04-22 21:13:59 - [MESSAGE][PASSED] - Browser is closed]]></system-out>
         <system-err><![CDATA[]]></system-err>
      </testcase>
      <system-out><![CDATA[2022-04-22 19:15:49 - [TEST_SUITE][PASSED] - Bento_Smoke: Test Cases/Bento_TestCases/FileType/TC04_Bento_Filter_FileType-bam]]></system-out>
      <system-err><![CDATA[]]></system-err>
   </testsuite>
</testsuites>
