<?xml version="1.0" encoding="UTF-8"?>
<testsuites name="ICDC_NewStudy" time="523.406" tests="1" failures="0" errors="0">
   <testsuite name="ICDC_NewStudy" tests="1" failures="0" errors="0" time="523.406" timestamp="2021-04-14 10:54:41" hostname="radhakrishnang2 - NCI-02150368-L.nci.nih.gov" id="Test Suites/ICDC_NewStudy">
      <properties>
         <property name="deviceName" value=""/>
         <property name="devicePlatform" value=""/>
         <property name="logFolder" value="C:\\Users\\radhakrishnang2\\Desktop\\Commons_Automation\\Reports\\20210414_105437\\ICDC_NewStudy\\20210414_105437"/>
         <property name="logFiles" value="C:\\Users\\radhakrishnang2\\Desktop\\Commons_Automation\\Reports\\20210414_105437\\ICDC_NewStudy\\20210414_105437\\execution0.log"/>
         <property name="attachments" value=""/>
         <property name="hostName" value="radhakrishnang2 - NCI-02150368-L.nci.nih.gov"/>
         <property name="os" value="Windows 10 64bit"/>
         <property name="katalonVersion" value="7.7.0.205"/>
         <property name="browser" value="Chrome 89.0.4389.114"/>
         <property name="hostAddress" value="10.242.162.61"/>
         <property name="sessionId" value="1e15adee5ed139b09490b505ac48ba98"/>
         <property name="seleniumVersion" value="3.141.59"/>
         <property name="proxyInformation" value="ProxyInformation { proxyOption=NO_PROXY, proxyServerType=HTTP, username=, password=********, proxyServerAddress=, proxyServerPort=0, executionList=&quot;&quot;, isApplyToDesiredCapabilities=true }"/>
         <property name="platform" value="Windows 10"/>
      </properties>
      <testcase name="Test Cases/Canine_TestCases/Study/TC04_Canine_Filter_Study-UBC" time="522.751" classname="Test Cases/Canine_TestCases/Study/TC04_Canine_Filter_Study-UBC" status="PASSED">
         <system-out><![CDATA[2021-04-14 10:54:42 - [TEST_CASE][PASSED] - Test Cases/Canine_TestCases/Study/TC04_Canine_Filter_Study-UBC: Test Cases/Canine_TestCases/Study/TC04_Canine_Filter_Study-UBC

2021-04-14 10:54:43 - [TEST_STEP][PASSED] - openBrowser(""): Browser is opened with url: ''

2021-04-14 10:54:43 - [MESSAGE][INFO] - Starting 'Chrome' driver

2021-04-14 10:54:43 - [MESSAGE][INFO] - User set preference: ['args', '[--no-sandbox]']

2021-04-14 10:54:43 - [MESSAGE][INFO] - Action delay is set to 5,000 milliseconds

2021-04-14 10:54:47 - [MESSAGE][PASSED] - Browser is opened with url: ''

2021-04-14 10:54:47 - [TEST_STEP][PASSED] - maximizeWindow(): Current window maximized

2021-04-14 10:54:47 - [MESSAGE][PASSED] - Current window maximized

2021-04-14 10:54:47 - [TEST_STEP][PASSED] - "Driver opened by Katalon is used in Selenium from this step.": null

2021-04-14 10:54:47 - [TEST_STEP][PASSED] - ctdc.utilities.runtestcaseforKatalon.RunKatalon("TC04_Canine_Filter_Study-UBC.xlsx"): Data loaded from input file for the test case. 

2021-04-14 10:54:47 - [MESSAGE][PASSED] - Test case file loaded This is the full filepath after converting to string :C:\Users\radhakrishnang2\Desktop\Commons_Automation\InputFiles\TC04_Canine_Filter_Study-UBC.xlsx

2021-04-14 10:54:48 - [MESSAGE][WARNING] - Test object id is null

2021-04-14 10:54:48 - [MESSAGE][INFO] - Global variable set for password file is :  C:\Users\radhakrishnang2\Desktop\Commons_Automation\InputFiles\TC04_Canine_Filter_Study-UBC.xlsx

2021-04-14 10:54:49 - [MESSAGE][PASSED] - Data loaded from input file for the test case. 

2021-04-14 10:55:22 - [TEST_STEP][PASSED] - waitForElementPresent(findTestObject("Canine/NavBar/Canine_Cases_Btn"), 5): Object 'Object Repository/Canine/NavBar/Canine_Cases_Btn' is not present after 5 second(s)

2021-04-14 10:55:28 - [MESSAGE][INFO] - Unable to find the element located by 'By.xpath: //a[contains(@href,'cases')]'. Please recheck the objects properties to make sure the desired element is located. 

2021-04-14 10:55:28 - [MESSAGE][WARNING] - Object 'Object Repository/Canine/NavBar/Canine_Cases_Btn' is not present after 5 second(s)

2021-04-14 10:55:28 - [TEST_STEP][PASSED] - ctdc.utilities.runtestcaseforKatalon.clickTab("Canine/NavBar/Canine_Cases_Btn"): ctdc.utilities.runtestcaseforKatalon.clickTab is PASSED

2021-04-14 10:55:28 - [MESSAGE][PASSED] - ctdc.utilities.runtestcaseforKatalon.clickTab is PASSED

2021-04-14 10:55:28 - [TEST_STEP][PASSED] - waitForElementPresent(findTestObject("Object Repository/Canine/Filter/FilterByCases_Facet"), 5): Object 'Object Repository/Canine/Filter/FilterByCases_Facet' is not present after 5 second(s)

2021-04-14 10:55:34 - [MESSAGE][INFO] - Unable to find the element located by 'By.xpath: //*[contains(text(),'Filter By Cases')]'. Please recheck the objects properties to make sure the desired element is located. 

2021-04-14 10:55:34 - [MESSAGE][WARNING] - Object 'Object Repository/Canine/Filter/FilterByCases_Facet' is not present after 5 second(s)

2021-04-14 10:55:34 - [TEST_STEP][PASSED] - ctdc.utilities.runtestcaseforKatalon.clickTab("Object Repository/Canine/Filter/FilterByCases_Facet"): ctdc.utilities.runtestcaseforKatalon.clickTab is PASSED

2021-04-14 10:55:34 - [MESSAGE][PASSED] - ctdc.utilities.runtestcaseforKatalon.clickTab is PASSED

2021-04-14 10:55:34 - [TEST_STEP][PASSED] - waitForElementPresent(findTestObject("Object Repository/Canine/Filter/Study/Canine_Filter_Study"), 5): Object 'Object Repository/Canine/Filter/Study/Canine_Filter_Study' is not present after 5 second(s)

2021-04-14 10:55:41 - [MESSAGE][INFO] - Unable to find the element located by 'By.xpath: //*[@id='Study']'. Please recheck the objects properties to make sure the desired element is located. 

2021-04-14 10:55:41 - [MESSAGE][WARNING] - Object 'Object Repository/Canine/Filter/Study/Canine_Filter_Study' is not present after 5 second(s)

2021-04-14 10:55:41 - [TEST_STEP][PASSED] - ctdc.utilities.runtestcaseforKatalon.clickTab("Object Repository/Canine/Filter/Study/Canine_Filter_Study"): ctdc.utilities.runtestcaseforKatalon.clickTab is PASSED

2021-04-14 10:55:41 - [MESSAGE][PASSED] - ctdc.utilities.runtestcaseforKatalon.clickTab is PASSED

2021-04-14 10:55:41 - [TEST_STEP][PASSED] - ctdc.utilities.runtestcaseforKatalon.clickTab("Object Repository/Canine/Filter/Study/Canine_Filter_Study-UBC_Chkbx"): ctdc.utilities.runtestcaseforKatalon.clickTab is PASSED

2021-04-14 10:55:41 - [MESSAGE][PASSED] - ctdc.utilities.runtestcaseforKatalon.clickTab is PASSED

2021-04-14 10:55:41 - [TEST_STEP][PASSED] - ctdc.utilities.runtestcaseforKatalon.readStatBarCanine("Object Repository/Canine/StatBar/Canine_StatBar-Studies", "Object Repository/Canine/StatBar/Canine_StatBar-Cases", "Object Repository/Canine/StatBar/Canine_StatBar-Samples", "Object Repository/Canine/StatBar/Canine_StatBar-Files", "Object Repository/Canine/StatBar/Canine_StatBar-Aliquots"): ctdc.utilities.runtestcaseforKatalon.readStatBarCanine is PASSED

2021-04-14 10:55:56 - [MESSAGE][PASSED] - ctdc.utilities.runtestcaseforKatalon.readStatBarCanine is PASSED

2021-04-14 10:55:56 - [TEST_STEP][PASSED] - waitForElementPresent(findTestObject("Object Repository/Canine/CanineResults_Cases_Tab"), 5): Object 'Object Repository/Canine/CanineResults_Cases_Tab' is not present after 5 second(s)

2021-04-14 10:56:02 - [MESSAGE][INFO] - Unable to find the element located by 'By.xpath: //*[@id="case_tab"]'. Please recheck the objects properties to make sure the desired element is located. 

2021-04-14 10:56:02 - [MESSAGE][WARNING] - Object 'Object Repository/Canine/CanineResults_Cases_Tab' is not present after 5 second(s)

2021-04-14 10:56:02 - [TEST_STEP][PASSED] - ctdc.utilities.runtestcaseforKatalon.clickTab("Object Repository/Canine/CanineResults_Cases_Tab"): ctdc.utilities.runtestcaseforKatalon.clickTab is PASSED

2021-04-14 10:56:03 - [MESSAGE][PASSED] - ctdc.utilities.runtestcaseforKatalon.clickTab is PASSED

2021-04-14 10:56:03 - [TEST_STEP][PASSED] - ctdc.utilities.runtestcaseforKatalon.multiFunction("ICDC", G_StatBar_Cases, "Object Repository/Canine/Canine_CasesTable", "Object Repository/Canine/Canine_TableHeader", "Object Repository/Canine/Canine_CasesTabNextBtn", G_WebTabnameCases, G_CypherTabnameCases, G_QueryCasesTab): Statbar Arms count matches

2021-04-14 10:57:09 - [MESSAGE][PASSED] - Statbar Files count matches

2021-04-14 10:57:09 - [MESSAGE][PASSED] - Statbar Samples count matches

2021-04-14 10:57:09 - [MESSAGE][PASSED] - Statbar Cases count matches

2021-04-14 10:57:09 - [MESSAGE][PASSED] - Statbar Arms count matches

2021-04-14 10:57:09 - [TEST_STEP][PASSED] - waitForElementPresent(findTestObject("Object Repository/Canine/CanineResults_Samples_Tab"), 5): Object 'Object Repository/Canine/CanineResults_Samples_Tab' is not present after 5 second(s)

2021-04-14 10:57:15 - [MESSAGE][INFO] - Unable to find the element located by 'By.xpath: //*[@id="sample_tab"]'. Please recheck the objects properties to make sure the desired element is located. 

2021-04-14 10:57:15 - [MESSAGE][WARNING] - Object 'Object Repository/Canine/CanineResults_Samples_Tab' is not present after 5 second(s)

2021-04-14 10:57:15 - [TEST_STEP][PASSED] - ctdc.utilities.runtestcaseforKatalon.clickTab("Object Repository/Canine/CanineResults_Samples_Tab"): ctdc.utilities.runtestcaseforKatalon.clickTab is PASSED

2021-04-14 10:57:16 - [MESSAGE][PASSED] - ctdc.utilities.runtestcaseforKatalon.clickTab is PASSED

2021-04-14 10:57:16 - [TEST_STEP][PASSED] - ctdc.utilities.runtestcaseforKatalon.multiFunction("ICDC", G_StatBar_Samples, "Object Repository/Canine/Canine_Samples_Table", "Object Repository/Canine/Canine_Samples_TableHdr", "Object Repository/Canine/Canine_SamplesTabNextBtn", G_WebTabnameSamples, G_CypherTabnameSamples, G_QuerySamplesTab): Statbar Arms count matches

2021-04-14 10:59:31 - [MESSAGE][PASSED] - Statbar Files count matches

2021-04-14 10:59:31 - [MESSAGE][PASSED] - Statbar Samples count matches

2021-04-14 10:59:31 - [MESSAGE][PASSED] - Statbar Cases count matches

2021-04-14 10:59:31 - [MESSAGE][PASSED] - Statbar Arms count matches

2021-04-14 10:59:31 - [TEST_STEP][PASSED] - waitForElementPresent(findTestObject("Object Repository/Canine/CanineResults_Files_Tab"), 5): Object 'Object Repository/Canine/CanineResults_Files_Tab' is not present after 5 second(s)

2021-04-14 10:59:37 - [MESSAGE][INFO] - Unable to find the element located by 'By.xpath: //*[@id="file_tab"]'. Please recheck the objects properties to make sure the desired element is located. 

2021-04-14 10:59:37 - [MESSAGE][WARNING] - Object 'Object Repository/Canine/CanineResults_Files_Tab' is not present after 5 second(s)

2021-04-14 10:59:37 - [TEST_STEP][PASSED] - ctdc.utilities.runtestcaseforKatalon.clickTab("Object Repository/Canine/CanineResults_Files_Tab"): ctdc.utilities.runtestcaseforKatalon.clickTab is PASSED

2021-04-14 10:59:37 - [MESSAGE][PASSED] - ctdc.utilities.runtestcaseforKatalon.clickTab is PASSED

2021-04-14 10:59:37 - [TEST_STEP][PASSED] - ctdc.utilities.runtestcaseforKatalon.multiFunction("ICDC", G_StatBar_Files, "Object Repository/Canine/Canine_Files_Table", "Object Repository/Canine/Canine_Files_TableHdr", "Object Repository/Canine/Canine_FilesTabNextBtn", G_WebTabnameFiles, G_CypherTabnameFiles, G_QueryFilesTab): Statbar Arms count matches

2021-04-14 11:03:23 - [MESSAGE][PASSED] - Statbar Files count matches

2021-04-14 11:03:23 - [MESSAGE][PASSED] - Statbar Samples count matches

2021-04-14 11:03:23 - [MESSAGE][PASSED] - Statbar Cases count matches

2021-04-14 11:03:23 - [MESSAGE][PASSED] - Statbar Arms count matches

2021-04-14 11:03:23 - [TEST_STEP][PASSED] - closeBrowser(): Browser is closed

2021-04-14 11:03:24 - [MESSAGE][PASSED] - Browser is closed]]></system-out>
         <system-err><![CDATA[]]></system-err>
      </testcase>
      <system-out><![CDATA[2021-04-14 10:54:41 - [TEST_SUITE][PASSED] - ICDC_NewStudy: Test Cases/Canine_TestCases/Study/TC04_Canine_Filter_Study-UBC]]></system-out>
      <system-err><![CDATA[]]></system-err>
   </testsuite>
</testsuites>
