<?xml version="1.0" encoding="UTF-8"?>
<testsuites name="ICDC_QuickRun" time="148.445" tests="1" failures="0" errors="0">
   <testsuite name="ICDC_QuickRun" tests="1" failures="0" errors="0" time="148.445" skipped="0" timestamp="2022-05-23 15:07:55" hostname="sohilz2 - host.docker.internal" id="Test Suites/ICDC_QuickRun">
      <properties>
         <property name="deviceName" value=""/>
         <property name="devicePlatform" value=""/>
         <property name="logFolder" value="C:\\Users\\sohilz2\\Documents\\GitHub\\Commons_Automation\\Reports\\20220523_150749\\ICDC_QuickRun\\20220523_150749"/>
         <property name="logFiles" value="C:\\Users\\sohilz2\\Documents\\GitHub\\Commons_Automation\\Reports\\20220523_150749\\ICDC_QuickRun\\20220523_150749\\execution0.log"/>
         <property name="attachments" value=""/>
         <property name="hostName" value="sohilz2 - host.docker.internal"/>
         <property name="os" value="Windows 10 64bit"/>
         <property name="katalonVersion" value="8.2.0.208"/>
         <property name="browser" value="Chrome 101.0.4951.67"/>
         <property name="hostAddress" value="192.168.0.86"/>
         <property name="sessionId" value="e739e824c2027859d563d83b441da812"/>
         <property name="seleniumVersion" value="3.141.59"/>
         <property name="proxyInformation" value="ProxyInformation { proxyOption=NO_PROXY, proxyServerType=HTTP, username=, password=********, proxyServerAddress=, proxyServerPort=0, executionList=&quot;&quot;, isApplyToDesiredCapabilities=true }"/>
         <property name="platform" value="Windows 10"/>
      </properties>
      <testcase name="Test Cases/Canine_TestCases/Breed/TC01_Canine_Filter_Breed-Akita" time="146.423" classname="Test Cases/Canine_TestCases/Breed/TC01_Canine_Filter_Breed-Akita" status="PASSED">
         <system-out><![CDATA[2022-05-23 15:07:57 - [TEST_CASE][PASSED] - Test Cases/Canine_TestCases/Breed/TC01_Canine_Filter_Breed-Akita: Test Cases/Canine_TestCases/Breed/TC01_Canine_Filter_Breed-Akita

2022-05-23 15:07:57 - [TEST_STEP][PASSED] - Start listener action : getTestScriptName: null

2022-05-23 15:07:57 - [TEST_STEP][PASSED] - TestCaseId = testCaseContext.getTestCaseId(): null

2022-05-23 15:07:57 - [TEST_STEP][PASSED] - G_currentTCName = TestCaseId.substring(TestCaseId.lastIndexOf("TC")): null

2022-05-23 15:07:57 - [TEST_STEP][PASSED] - out.println("This is the test case name: " + G_currentTCName): null

2022-05-23 15:07:58 - [TEST_STEP][PASSED] - closeBrowser(): Browser is closed

2022-05-23 15:07:58 - [MESSAGE][PASSED] - Browser is closed

2022-05-23 15:07:58 - [TEST_STEP][PASSED] - ctdc.utilities.runtestcaseforKatalon.RunKatalon("TC01_Canine_Filter_Breed-Akita.xlsx"): Data loaded from input file for the test case. 

2022-05-23 15:07:58 - [MESSAGE][PASSED] - Test case file loaded This is the full filepath after converting to string :C:\Users\sohilz2\Documents\GitHub\Commons_Automation\InputFiles\TC01_Canine_Filter_Breed-Akita.xlsx

2022-05-23 15:07:58 - [MESSAGE][INFO] - Global variable set for password file is :  C:\Users\sohilz2\Documents\GitHub\Commons_Automation\InputFiles\TC01_Canine_Filter_Breed-Akita.xlsx

2022-05-23 15:08:03 - [MESSAGE][PASSED] - Data loaded from input file for the test case. 

2022-05-23 15:08:15 - [TEST_STEP][PASSED] - ctdc.utilities.runtestcaseforKatalon.clickTab("Object Repository/Canine/Canine_PopUp_Continue_Btn"): ctdc.utilities.runtestcaseforKatalon.clickTab is PASSED

2022-05-23 15:08:15 - [MESSAGE][PASSED] - ctdc.utilities.runtestcaseforKatalon.clickTab is PASSED

2022-05-23 15:08:15 - [TEST_STEP][PASSED] - out.println("Closed the popup window"): null

2022-05-23 15:08:15 - [TEST_STEP][PASSED] - waitForElementPresent(findTestObject("Canine/NavBar/Canine_Cases_Btn"), 5): Object 'Object Repository/Canine/NavBar/Canine_Cases_Btn' is present

2022-05-23 15:08:15 - [MESSAGE][PASSED] - Object 'Object Repository/Canine/NavBar/Canine_Cases_Btn' is present

2022-05-23 15:08:15 - [TEST_STEP][PASSED] - ctdc.utilities.runtestcaseforKatalon.clickTab("Canine/NavBar/Canine_Cases_Btn"): ctdc.utilities.runtestcaseforKatalon.clickTab is PASSED

2022-05-23 15:08:15 - [MESSAGE][PASSED] - ctdc.utilities.runtestcaseforKatalon.clickTab is PASSED

2022-05-23 15:08:15 - [TEST_STEP][PASSED] - waitForElementPresent(findTestObject("Object Repository/Canine/Filter/Breed/BREED_Ddn"), 5): Object 'Object Repository/Canine/Filter/Breed/BREED_Ddn' is present

2022-05-23 15:08:17 - [MESSAGE][PASSED] - Object 'Object Repository/Canine/Filter/Breed/BREED_Ddn' is present

2022-05-23 15:08:17 - [TEST_STEP][PASSED] - ctdc.utilities.runtestcaseforKatalon.clickTabCanineStat("Object Repository/Canine/Filter/Breed/BREED_Ddn"): ctdc.utilities.runtestcaseforKatalon.clickTabCanineStat is PASSED

2022-05-23 15:08:22 - [MESSAGE][PASSED] - ctdc.utilities.runtestcaseforKatalon.clickTabCanineStat is PASSED

2022-05-23 15:08:22 - [TEST_STEP][PASSED] - ctdc.utilities.runtestcaseforKatalon.clickTabCanineStat("Object Repository/Canine/Filter/Breed/Akita_Chkbx"): ctdc.utilities.runtestcaseforKatalon.clickTabCanineStat is PASSED

2022-05-23 15:08:26 - [MESSAGE][PASSED] - ctdc.utilities.runtestcaseforKatalon.clickTabCanineStat is PASSED

2022-05-23 15:08:26 - [TEST_STEP][PASSED] - ctdc.utilities.runtestcaseforKatalon.readStatBarCanine("Object Repository/Canine/StatBar/Canine_StatBar-Programs", "Object Repository/Canine/StatBar/Canine_StatBar-Studies", "Object Repository/Canine/StatBar/Canine_StatBar-Cases", "Object Repository/Canine/StatBar/Canine_StatBar-Samples", "Object Repository/Canine/StatBar/Canine_StatBar-CaseFiles", "Object Repository/Canine/StatBar/Canine_StatBar-StudyFiles"): ctdc.utilities.runtestcaseforKatalon.readStatBarCanine is PASSED

2022-05-23 15:08:44 - [MESSAGE][PASSED] - ctdc.utilities.runtestcaseforKatalon.readStatBarCanine is PASSED

2022-05-23 15:08:44 - [TEST_STEP][PASSED] - waitForElementPresent(findTestObject("Object Repository/Canine/CanineResults_Cases_Tab"), 5): Object 'Object Repository/Canine/CanineResults_Cases_Tab' is present

2022-05-23 15:08:44 - [MESSAGE][PASSED] - Object 'Object Repository/Canine/CanineResults_Cases_Tab' is present

2022-05-23 15:08:44 - [TEST_STEP][PASSED] - ctdc.utilities.runtestcaseforKatalon.clickTab("Object Repository/Canine/CanineResults_Cases_Tab"): ctdc.utilities.runtestcaseforKatalon.clickTab is PASSED

2022-05-23 15:08:45 - [MESSAGE][PASSED] - ctdc.utilities.runtestcaseforKatalon.clickTab is PASSED

2022-05-23 15:08:45 - [TEST_STEP][PASSED] - ctdc.utilities.runtestcaseforKatalon.multiFunction("ICDC", G_StatBar_Studies, "Object Repository/Canine/Canine_CasesTable", "Object Repository/Canine/Canine_TableHeader", "Object Repository/Canine/Canine_CasesTabNextBtn", G_WebTabnameCases, G_CypherTabnameCases, G_QueryCasesTab): Statbar Study Files count matches

2022-05-23 15:09:01 - [MESSAGE][PASSED] - Statbar Programs count matches

2022-05-23 15:09:01 - [MESSAGE][PASSED] - Statbar Studies count matches

2022-05-23 15:09:01 - [MESSAGE][PASSED] - Statbar Cases count matches

2022-05-23 15:09:01 - [MESSAGE][PASSED] - Statbar Samples count matches

2022-05-23 15:09:01 - [MESSAGE][PASSED] - Statbar Case Files count matches

2022-05-23 15:09:01 - [MESSAGE][PASSED] - Statbar Study Files count matches

2022-05-23 15:09:01 - [TEST_STEP][PASSED] - waitForElementPresent(findTestObject("Object Repository/Canine/CanineResults_Samples_Tab"), 5): Object 'Object Repository/Canine/CanineResults_Samples_Tab' is present

2022-05-23 15:09:01 - [MESSAGE][PASSED] - Object 'Object Repository/Canine/CanineResults_Samples_Tab' is present

2022-05-23 15:09:01 - [TEST_STEP][PASSED] - ctdc.utilities.runtestcaseforKatalon.clickTabCanineStat("Object Repository/Canine/CanineResults_Samples_Tab"): ctdc.utilities.runtestcaseforKatalon.clickTabCanineStat is PASSED

2022-05-23 15:09:05 - [MESSAGE][PASSED] - ctdc.utilities.runtestcaseforKatalon.clickTabCanineStat is PASSED

2022-05-23 15:09:06 - [TEST_STEP][PASSED] - ctdc.utilities.runtestcaseforKatalon.multiFunction("ICDC", G_StatBar_Samples, "Object Repository/Canine/Canine_Samples_Table", "Object Repository/Canine/Canine_Samples_TableHdr", "Object Repository/Canine/Canine_SamplesTabNextBtn", G_WebTabnameSamples, G_CypherTabnameSamples, G_QuerySamplesTab): Statbar Study Files count matches

2022-05-23 15:09:23 - [MESSAGE][PASSED] - Statbar Programs count matches

2022-05-23 15:09:23 - [MESSAGE][PASSED] - Statbar Studies count matches

2022-05-23 15:09:23 - [MESSAGE][PASSED] - Statbar Cases count matches

2022-05-23 15:09:23 - [MESSAGE][PASSED] - Statbar Samples count matches

2022-05-23 15:09:23 - [MESSAGE][PASSED] - Statbar Case Files count matches

2022-05-23 15:09:23 - [MESSAGE][PASSED] - Statbar Study Files count matches

2022-05-23 15:09:23 - [TEST_STEP][PASSED] - waitForElementPresent(findTestObject("Canine/CanineResults_CaseFiles_Tab"), 5): Object 'Object Repository/Canine/CanineResults_CaseFiles_Tab' is present

2022-05-23 15:09:23 - [MESSAGE][PASSED] - Object 'Object Repository/Canine/CanineResults_CaseFiles_Tab' is present

2022-05-23 15:09:23 - [TEST_STEP][PASSED] - ctdc.utilities.runtestcaseforKatalon.clickTab("Object Repository/Canine/CanineResults_CaseFiles_Tab"): ctdc.utilities.runtestcaseforKatalon.clickTab is PASSED

2022-05-23 15:09:24 - [MESSAGE][PASSED] - ctdc.utilities.runtestcaseforKatalon.clickTab is PASSED

2022-05-23 15:09:24 - [TEST_STEP][PASSED] - ctdc.utilities.runtestcaseforKatalon.multiFunction("ICDC", G_StatBar_Files, "Object Repository/Canine/Canine_Files_Table", "Object Repository/Canine/Canine_Files_TableHdr", "Object Repository/Canine/Canine_FilesTabNextBtn", G_WebTabnameFiles, G_CypherTabnameFiles, G_QueryFilesTab): Statbar Study Files count matches

2022-05-23 15:10:04 - [MESSAGE][PASSED] - Statbar Programs count matches

2022-05-23 15:10:04 - [MESSAGE][PASSED] - Statbar Studies count matches

2022-05-23 15:10:04 - [MESSAGE][PASSED] - Statbar Cases count matches

2022-05-23 15:10:04 - [MESSAGE][PASSED] - Statbar Samples count matches

2022-05-23 15:10:04 - [MESSAGE][PASSED] - Statbar Case Files count matches

2022-05-23 15:10:04 - [MESSAGE][PASSED] - Statbar Study Files count matches

2022-05-23 15:10:04 - [TEST_STEP][PASSED] - waitForElementPresent(findTestObject("Canine/CanineResults_StudyFiles_Tab"), 5): Object 'Object Repository/Canine/CanineResults_StudyFiles_Tab' is present

2022-05-23 15:10:04 - [MESSAGE][PASSED] - Object 'Object Repository/Canine/CanineResults_StudyFiles_Tab' is present

2022-05-23 15:10:04 - [TEST_STEP][PASSED] - ctdc.utilities.runtestcaseforKatalon.clickTab("Object Repository/Canine/CanineResults_StudyFiles_Tab"): ctdc.utilities.runtestcaseforKatalon.clickTab is PASSED

2022-05-23 15:10:05 - [MESSAGE][PASSED] - ctdc.utilities.runtestcaseforKatalon.clickTab is PASSED

2022-05-23 15:10:05 - [TEST_STEP][PASSED] - ctdc.utilities.runtestcaseforKatalon.multiFunction("ICDC", G_StatBar_StudyFiles, "Object Repository/Canine/Canine_StudyFiles_Table", "Object Repository/Canine/Canine_StudyFiles_TableHdr", "Object Repository/Canine/Canine_StudyFilesTabNextBtn", G_WebTabnameStudyFiles, G_CypherTabnameStudyFiles, G_QueryStudyFilesTab): Statbar Study Files count matches

2022-05-23 15:10:23 - [MESSAGE][PASSED] - Statbar Programs count matches

2022-05-23 15:10:23 - [MESSAGE][PASSED] - Statbar Studies count matches

2022-05-23 15:10:23 - [MESSAGE][PASSED] - Statbar Cases count matches

2022-05-23 15:10:23 - [MESSAGE][PASSED] - Statbar Samples count matches

2022-05-23 15:10:23 - [MESSAGE][PASSED] - Statbar Case Files count matches

2022-05-23 15:10:23 - [MESSAGE][PASSED] - Statbar Study Files count matches

2022-05-23 15:10:23 - [TEST_STEP][PASSED] - closeBrowser(): Browser is closed

2022-05-23 15:10:24 - [MESSAGE][PASSED] - Browser is closed]]></system-out>
         <system-err><![CDATA[]]></system-err>
      </testcase>
      <system-out><![CDATA[2022-05-23 15:07:55 - [TEST_SUITE][PASSED] - ICDC_QuickRun: Test Cases/Canine_TestCases/Breed/TC01_Canine_Filter_Breed-Akita]]></system-out>
      <system-err><![CDATA[]]></system-err>
   </testsuite>
</testsuites>
