<?xml version="1.0" encoding="UTF-8"?>
<testsuites name="ICDC_NewStudy" time="5462.718" tests="20" failures="1" errors="0">
   <testsuite name="ICDC_NewStudy" tests="20" failures="1" errors="0" time="5462.718" timestamp="2021-05-04 08:58:21" hostname="radhakrishnang2 - NCI-02150368-L.nci.nih.gov" id="Test Suites/ICDC_NewStudy">
      <properties>
         <property name="deviceName" value=""/>
         <property name="devicePlatform" value=""/>
         <property name="logFolder" value="C:\\Users\\radhakrishnang2\\Desktop\\Commons_Automation\\Reports\\20210504_085805\\ICDC_NewStudy\\20210504_085805"/>
         <property name="logFiles" value="C:\\Users\\radhakrishnang2\\Desktop\\Commons_Automation\\Reports\\20210504_085805\\ICDC_NewStudy\\20210504_085805\\execution0.log"/>
         <property name="attachments" value=""/>
         <property name="hostName" value="radhakrishnang2 - NCI-02150368-L.nci.nih.gov"/>
         <property name="os" value="Windows 10 64bit"/>
         <property name="katalonVersion" value="7.7.0.205"/>
         <property name="browser" value="Chrome 90.0.4430.93"/>
         <property name="hostAddress" value="10.243.126.170"/>
         <property name="sessionId" value="abec80f5404afabc050d306d95fe7ddf"/>
         <property name="seleniumVersion" value="3.141.59"/>
         <property name="proxyInformation" value="ProxyInformation { proxyOption=NO_PROXY, proxyServerType=HTTP, username=, password=********, proxyServerAddress=, proxyServerPort=0, executionList=&quot;&quot;, isApplyToDesiredCapabilities=true }"/>
         <property name="platform" value="Windows 10"/>
      </properties>
      <testcase name="Test Cases/Canine_TestCases/Study-Combinations/TC01_Canine_StudyUBC-Breed_Diagnosis_PrimDiseaseSite" time="340.735" classname="Test Cases/Canine_TestCases/Study-Combinations/TC01_Canine_StudyUBC-Breed_Diagnosis_PrimDiseaseSite" status="PASSED">
         <system-out><![CDATA[2021-05-04 08:58:21 - [TEST_CASE][PASSED] - Test Cases/Canine_TestCases/Study-Combinations/TC01_Canine_StudyUBC-Breed_Diagnosis_PrimDiseaseSite: Test Cases/Canine_TestCases/Study-Combinations/TC01_Canine_StudyUBC-Breed_Diagnosis_PrimDiseaseSite

2021-05-04 08:58:22 - [TEST_STEP][PASSED] - closeBrowser(): Browser is closed

2021-05-04 08:58:23 - [MESSAGE][PASSED] - Browser is closed

2021-05-04 08:58:23 - [TEST_STEP][PASSED] - openBrowser(""): Browser is opened with url: ''

2021-05-04 08:58:23 - [MESSAGE][INFO] - Starting 'Chrome (headless)' driver

2021-05-04 08:58:23 - [MESSAGE][INFO] - User set preference: ['args', '[--no-sandbox]']

2021-05-04 08:58:23 - [MESSAGE][INFO] - Action delay is set to 5,000 milliseconds

2021-05-04 08:58:27 - [MESSAGE][PASSED] - Browser is opened with url: ''

2021-05-04 08:58:27 - [TEST_STEP][PASSED] - maximizeWindow(): Current window maximized

2021-05-04 08:58:27 - [MESSAGE][PASSED] - Current window maximized

2021-05-04 08:58:27 - [TEST_STEP][PASSED] - "Driver opened by Katalon is used in Selenium from this step.": null

2021-05-04 08:58:27 - [TEST_STEP][PASSED] - ctdc.utilities.runtestcaseforKatalon.RunKatalon("TC01_Canine_StudyUBC-Breed_Diagnosis_PrimDiseaseSite.xlsx"): Data loaded from input file for the test case. 

2021-05-04 08:58:27 - [MESSAGE][PASSED] - Test case file loaded This is the full filepath after converting to string :C:\Users\radhakrishnang2\Desktop\Commons_Automation\InputFiles\TC01_Canine_StudyUBC-Breed_Diagnosis_PrimDiseaseSite.xlsx

2021-05-04 08:58:27 - [MESSAGE][WARNING] - Test object id is null

2021-05-04 08:58:28 - [MESSAGE][INFO] - Global variable set for password file is :  C:\Users\radhakrishnang2\Desktop\Commons_Automation\InputFiles\TC01_Canine_StudyUBC-Breed_Diagnosis_PrimDiseaseSite.xlsx

2021-05-04 08:58:29 - [MESSAGE][PASSED] - Data loaded from input file for the test case. 

2021-05-04 08:59:00 - [TEST_STEP][PASSED] - waitForElementPresent(findTestObject("Canine/NavBar/Canine_Cases_Btn"), 10): Object 'Object Repository/Canine/NavBar/Canine_Cases_Btn' is not present after 10 second(s)

2021-05-04 08:59:11 - [MESSAGE][INFO] - Unable to find the element located by 'By.xpath: //a[contains(@href,'cases')]'. Please recheck the objects properties to make sure the desired element is located. 

2021-05-04 08:59:11 - [MESSAGE][WARNING] - Object 'Object Repository/Canine/NavBar/Canine_Cases_Btn' is not present after 10 second(s)

2021-05-04 08:59:11 - [TEST_STEP][PASSED] - ctdc.utilities.runtestcaseforKatalon.clickTab("Canine/NavBar/Canine_Cases_Btn"): ctdc.utilities.runtestcaseforKatalon.clickTab is PASSED

2021-05-04 08:59:12 - [MESSAGE][PASSED] - ctdc.utilities.runtestcaseforKatalon.clickTab is PASSED

2021-05-04 08:59:12 - [TEST_STEP][PASSED] - waitForElementPresent(findTestObject("Object Repository/Canine/Filter/FilterByCases_Facet"), 10): Object 'Object Repository/Canine/Filter/FilterByCases_Facet' is not present after 10 second(s)

2021-05-04 08:59:23 - [MESSAGE][INFO] - Unable to find the element located by 'By.xpath: //*[contains(text(),'Filter By Cases')]'. Please recheck the objects properties to make sure the desired element is located. 

2021-05-04 08:59:23 - [MESSAGE][WARNING] - Object 'Object Repository/Canine/Filter/FilterByCases_Facet' is not present after 10 second(s)

2021-05-04 08:59:23 - [TEST_STEP][PASSED] - ctdc.utilities.runtestcaseforKatalon.clickTab("Object Repository/Canine/Filter/FilterByCases_Facet"): ctdc.utilities.runtestcaseforKatalon.clickTab is PASSED

2021-05-04 08:59:23 - [MESSAGE][PASSED] - ctdc.utilities.runtestcaseforKatalon.clickTab is PASSED

2021-05-04 08:59:23 - [TEST_STEP][PASSED] - waitForElementPresent(findTestObject("Object Repository/Canine/Filter/Study/Canine_Filter_Study"), 10): Object 'Object Repository/Canine/Filter/Study/Canine_Filter_Study' is not present after 10 second(s)

2021-05-04 08:59:34 - [MESSAGE][INFO] - Unable to find the element located by 'By.xpath: //*[@id='Study']'. Please recheck the objects properties to make sure the desired element is located. 

2021-05-04 08:59:34 - [MESSAGE][WARNING] - Object 'Object Repository/Canine/Filter/Study/Canine_Filter_Study' is not present after 10 second(s)

2021-05-04 08:59:34 - [TEST_STEP][PASSED] - ctdc.utilities.runtestcaseforKatalon.clickTab("Object Repository/Canine/Filter/Study/Canine_Filter_Study"): ctdc.utilities.runtestcaseforKatalon.clickTab is PASSED

2021-05-04 08:59:34 - [MESSAGE][PASSED] - ctdc.utilities.runtestcaseforKatalon.clickTab is PASSED

2021-05-04 08:59:34 - [TEST_STEP][PASSED] - waitForElementPresent(findTestObject("Object Repository/Canine/Filter/Study/Canine_Filter_Study-UBC_Chkbx"), 10): Object 'Object Repository/Canine/Filter/Study/Canine_Filter_Study-UBC_Chkbx' is not present after 10 second(s)

2021-05-04 08:59:45 - [MESSAGE][INFO] - Unable to find the element located by 'By.xpath: (//*[contains(text(),'UBC')])[1]'. Please recheck the objects properties to make sure the desired element is located. 

2021-05-04 08:59:45 - [MESSAGE][WARNING] - Object 'Object Repository/Canine/Filter/Study/Canine_Filter_Study-UBC_Chkbx' is not present after 10 second(s)

2021-05-04 08:59:45 - [TEST_STEP][PASSED] - ctdc.utilities.runtestcaseforKatalon.clickTab("Object Repository/Canine/Filter/Study/Canine_Filter_Study-UBC_Chkbx"): ctdc.utilities.runtestcaseforKatalon.clickTab is PASSED

2021-05-04 08:59:45 - [MESSAGE][PASSED] - ctdc.utilities.runtestcaseforKatalon.clickTab is PASSED

2021-05-04 08:59:45 - [TEST_STEP][PASSED] - Thread.sleep(2000): null

2021-05-04 08:59:47 - [TEST_STEP][PASSED] - waitForElementPresent(findTestObject("Object Repository/Canine/Filter/Breed/BREED_Ddn"), 10): Object 'Object Repository/Canine/Filter/Breed/BREED_Ddn' is not present after 10 second(s)

2021-05-04 08:59:58 - [MESSAGE][INFO] - Unable to find the element located by 'By.xpath: //*[@id='Breed']'. Please recheck the objects properties to make sure the desired element is located. 

2021-05-04 08:59:58 - [MESSAGE][WARNING] - Object 'Object Repository/Canine/Filter/Breed/BREED_Ddn' is not present after 10 second(s)

2021-05-04 08:59:58 - [TEST_STEP][PASSED] - ctdc.utilities.runtestcaseforKatalon.clickTab("Object Repository/Canine/Filter/Breed/BREED_Ddn"): ctdc.utilities.runtestcaseforKatalon.clickTab is PASSED

2021-05-04 08:59:59 - [MESSAGE][PASSED] - ctdc.utilities.runtestcaseforKatalon.clickTab is PASSED

2021-05-04 08:59:59 - [TEST_STEP][PASSED] - waitForElementPresent(findTestObject("Object Repository/Canine/Filter/Breed/Beagle_Chkbx"), 10): Object 'Object Repository/Canine/Filter/Breed/Beagle_Chkbx' is not present after 10 second(s)

2021-05-04 09:00:10 - [MESSAGE][INFO] - Unable to find the element located by 'By.xpath: //*[contains(text(),'Beagle')]'. Please recheck the objects properties to make sure the desired element is located. 

2021-05-04 09:00:10 - [MESSAGE][WARNING] - Object 'Object Repository/Canine/Filter/Breed/Beagle_Chkbx' is not present after 10 second(s)

2021-05-04 09:00:10 - [TEST_STEP][PASSED] - ctdc.utilities.runtestcaseforKatalon.clickTab("Object Repository/Canine/Filter/Breed/Beagle_Chkbx"): ctdc.utilities.runtestcaseforKatalon.clickTab is PASSED

2021-05-04 09:00:10 - [MESSAGE][PASSED] - ctdc.utilities.runtestcaseforKatalon.clickTab is PASSED

2021-05-04 09:00:10 - [TEST_STEP][PASSED] - waitForElementPresent(findTestObject("Object Repository/Canine/Filter/Breed/Mixed_Chkbx"), 10): Object 'Object Repository/Canine/Filter/Breed/Mixed_Chkbx' is not present after 10 second(s)

2021-05-04 09:00:21 - [MESSAGE][INFO] - Unable to find the element located by 'By.xpath: //*[contains(text(),'Mixed Breed')]'. Please recheck the objects properties to make sure the desired element is located. 

2021-05-04 09:00:21 - [MESSAGE][WARNING] - Object 'Object Repository/Canine/Filter/Breed/Mixed_Chkbx' is not present after 10 second(s)

2021-05-04 09:00:21 - [TEST_STEP][PASSED] - ctdc.utilities.runtestcaseforKatalon.clickTab("Object Repository/Canine/Filter/Breed/Mixed_Chkbx"): ctdc.utilities.runtestcaseforKatalon.clickTab is PASSED

2021-05-04 09:00:21 - [MESSAGE][PASSED] - ctdc.utilities.runtestcaseforKatalon.clickTab is PASSED

2021-05-04 09:00:21 - [TEST_STEP][PASSED] - ctdc.utilities.runtestcaseforKatalon.clickTab("Object Repository/Canine/Filter/Breed/BREED_Ddn"): ctdc.utilities.runtestcaseforKatalon.clickTab is PASSED

2021-05-04 09:00:21 - [MESSAGE][PASSED] - ctdc.utilities.runtestcaseforKatalon.clickTab is PASSED

2021-05-04 09:00:21 - [TEST_STEP][PASSED] - Thread.sleep(2000): null

2021-05-04 09:00:23 - [TEST_STEP][PASSED] - waitForElementPresent(findTestObject("Object Repository/Canine/Filter/Diagnosis/DIAGNOSIS_Ddn"), 10): Object 'Object Repository/Canine/Filter/Diagnosis/DIAGNOSIS_Ddn' is not present after 10 second(s)

2021-05-04 09:00:34 - [MESSAGE][INFO] - Unable to find the element located by 'By.xpath: (//*[@id='Diagnosis'])[1]'. Please recheck the objects properties to make sure the desired element is located. 

2021-05-04 09:00:34 - [MESSAGE][WARNING] - Object 'Object Repository/Canine/Filter/Diagnosis/DIAGNOSIS_Ddn' is not present after 10 second(s)

2021-05-04 09:00:34 - [TEST_STEP][PASSED] - ctdc.utilities.runtestcaseforKatalon.clickTab("Object Repository/Canine/Filter/Diagnosis/DIAGNOSIS_Ddn"): ctdc.utilities.runtestcaseforKatalon.clickTab is PASSED

2021-05-04 09:00:34 - [MESSAGE][PASSED] - ctdc.utilities.runtestcaseforKatalon.clickTab is PASSED

2021-05-04 09:00:34 - [TEST_STEP][PASSED] - waitForElementPresent(findTestObject("Object Repository/Canine/Filter/Diagnosis/BladderCancer_Chkbx"), 10): Object 'Object Repository/Canine/Filter/Diagnosis/BladderCancer_Chkbx' is not present after 10 second(s)

2021-05-04 09:00:45 - [MESSAGE][INFO] - Unable to find the element located by 'By.xpath: //*[contains(text(),'Bladder Cancer')]'. Please recheck the objects properties to make sure the desired element is located. 

2021-05-04 09:00:45 - [MESSAGE][WARNING] - Object 'Object Repository/Canine/Filter/Diagnosis/BladderCancer_Chkbx' is not present after 10 second(s)

2021-05-04 09:00:45 - [TEST_STEP][PASSED] - ctdc.utilities.runtestcaseforKatalon.clickTab("Object Repository/Canine/Filter/Diagnosis/BladderCancer_Chkbx"): ctdc.utilities.runtestcaseforKatalon.clickTab is PASSED

2021-05-04 09:00:46 - [MESSAGE][PASSED] - ctdc.utilities.runtestcaseforKatalon.clickTab is PASSED

2021-05-04 09:00:46 - [TEST_STEP][PASSED] - waitForElementPresent(findTestObject("Object Repository/Canine/Filter/Diagnosis/HealthyControl_Chkbx"), 10): Object 'Object Repository/Canine/Filter/Diagnosis/HealthyControl_Chkbx' is not present after 10 second(s)

2021-05-04 09:00:57 - [MESSAGE][INFO] - Unable to find the element located by 'By.xpath: //*[contains(text(),'Healthy Control')]'. Please recheck the objects properties to make sure the desired element is located. 

2021-05-04 09:00:57 - [MESSAGE][WARNING] - Object 'Object Repository/Canine/Filter/Diagnosis/HealthyControl_Chkbx' is not present after 10 second(s)

2021-05-04 09:00:57 - [TEST_STEP][PASSED] - ctdc.utilities.runtestcaseforKatalon.clickTab("Object Repository/Canine/Filter/Diagnosis/HealthyControl_Chkbx"): ctdc.utilities.runtestcaseforKatalon.clickTab is PASSED

2021-05-04 09:00:57 - [MESSAGE][PASSED] - ctdc.utilities.runtestcaseforKatalon.clickTab is PASSED

2021-05-04 09:00:57 - [TEST_STEP][PASSED] - ctdc.utilities.runtestcaseforKatalon.clickTab("Object Repository/Canine/Filter/Diagnosis/DIAGNOSIS_Ddn"): ctdc.utilities.runtestcaseforKatalon.clickTab is PASSED

2021-05-04 09:00:57 - [MESSAGE][PASSED] - ctdc.utilities.runtestcaseforKatalon.clickTab is PASSED

2021-05-04 09:00:57 - [TEST_STEP][PASSED] - Thread.sleep(2000): null

2021-05-04 09:00:59 - [TEST_STEP][PASSED] - waitForElementPresent(findTestObject("Object Repository/Canine/Filter/PrimDiseaseSite/PRIMARYDISEASESITE_Ddn"), 10): Object 'Object Repository/Canine/Filter/PrimDiseaseSite/PRIMARYDISEASESITE_Ddn' is not present after 10 second(s)

2021-05-04 09:01:10 - [MESSAGE][INFO] - Unable to find the element located by 'By.xpath: //*[@id='Primary Disease Site']'. Please recheck the objects properties to make sure the desired element is located. 

2021-05-04 09:01:10 - [MESSAGE][WARNING] - Object 'Object Repository/Canine/Filter/PrimDiseaseSite/PRIMARYDISEASESITE_Ddn' is not present after 10 second(s)

2021-05-04 09:01:10 - [TEST_STEP][PASSED] - ctdc.utilities.runtestcaseforKatalon.clickTab("Object Repository/Canine/Filter/PrimDiseaseSite/PRIMARYDISEASESITE_Ddn"): ctdc.utilities.runtestcaseforKatalon.clickTab is PASSED

2021-05-04 09:01:10 - [MESSAGE][PASSED] - ctdc.utilities.runtestcaseforKatalon.clickTab is PASSED

2021-05-04 09:01:10 - [TEST_STEP][PASSED] - waitForElementPresent(findTestObject("Object Repository/Canine/Filter/PrimDiseaseSite/BladderProstate_Chkbx"), 10): Object 'Object Repository/Canine/Filter/PrimDiseaseSite/BladderProstate_Chkbx' is not present after 10 second(s)

2021-05-04 09:01:21 - [MESSAGE][INFO] - Unable to find the element located by 'By.xpath: //*[contains(text(),'Bladder, Prostate')]'. Please recheck the objects properties to make sure the desired element is located. 

2021-05-04 09:01:21 - [MESSAGE][WARNING] - Object 'Object Repository/Canine/Filter/PrimDiseaseSite/BladderProstate_Chkbx' is not present after 10 second(s)

2021-05-04 09:01:21 - [TEST_STEP][PASSED] - ctdc.utilities.runtestcaseforKatalon.clickTab("Object Repository/Canine/Filter/PrimDiseaseSite/BladderProstate_Chkbx"): ctdc.utilities.runtestcaseforKatalon.clickTab is PASSED

2021-05-04 09:01:21 - [MESSAGE][PASSED] - ctdc.utilities.runtestcaseforKatalon.clickTab is PASSED

2021-05-04 09:01:21 - [TEST_STEP][PASSED] - waitForElementPresent(findTestObject("Object Repository/Canine/Filter/PrimDiseaseSite/BladderUrethra_Chkbx"), 10): Object 'Object Repository/Canine/Filter/PrimDiseaseSite/BladderUrethra_Chkbx' is not present after 10 second(s)

2021-05-04 09:01:32 - [MESSAGE][INFO] - Unable to find the element located by 'By.xpath: (//*[contains(text(),'Bladder, Urethra')])[1]'. Please recheck the objects properties to make sure the desired element is located. 

2021-05-04 09:01:32 - [MESSAGE][WARNING] - Object 'Object Repository/Canine/Filter/PrimDiseaseSite/BladderUrethra_Chkbx' is not present after 10 second(s)

2021-05-04 09:01:32 - [TEST_STEP][PASSED] - ctdc.utilities.runtestcaseforKatalon.clickTab("Object Repository/Canine/Filter/PrimDiseaseSite/BladderUrethra_Chkbx"): ctdc.utilities.runtestcaseforKatalon.clickTab is PASSED

2021-05-04 09:01:32 - [MESSAGE][PASSED] - ctdc.utilities.runtestcaseforKatalon.clickTab is PASSED

2021-05-04 09:01:32 - [TEST_STEP][PASSED] - ctdc.utilities.runtestcaseforKatalon.clickTab("Object Repository/Canine/Filter/PrimDiseaseSite/PRIMARYDISEASESITE_Ddn"): ctdc.utilities.runtestcaseforKatalon.clickTab is PASSED

2021-05-04 09:01:33 - [MESSAGE][PASSED] - ctdc.utilities.runtestcaseforKatalon.clickTab is PASSED

2021-05-04 09:01:33 - [TEST_STEP][PASSED] - Thread.sleep(2000): null

2021-05-04 09:01:35 - [TEST_STEP][PASSED] - ctdc.utilities.runtestcaseforKatalon.readStatBarCanine("Object Repository/Canine/StatBar/Canine_StatBar-Studies", "Object Repository/Canine/StatBar/Canine_StatBar-Cases", "Object Repository/Canine/StatBar/Canine_StatBar-Samples", "Object Repository/Canine/StatBar/Canine_StatBar-Files", "Object Repository/Canine/StatBar/Canine_StatBar-Aliquots"): ctdc.utilities.runtestcaseforKatalon.readStatBarCanine is PASSED

2021-05-04 09:01:50 - [MESSAGE][PASSED] - ctdc.utilities.runtestcaseforKatalon.readStatBarCanine is PASSED

2021-05-04 09:01:50 - [TEST_STEP][PASSED] - waitForElementPresent(findTestObject("Object Repository/Canine/CanineResults_Cases_Tab"), 5): Object 'Object Repository/Canine/CanineResults_Cases_Tab' is not present after 5 second(s)

2021-05-04 09:01:56 - [MESSAGE][INFO] - Unable to find the element located by 'By.xpath: //*[@id="case_tab"]'. Please recheck the objects properties to make sure the desired element is located. 

2021-05-04 09:01:56 - [MESSAGE][WARNING] - Object 'Object Repository/Canine/CanineResults_Cases_Tab' is not present after 5 second(s)

2021-05-04 09:01:56 - [TEST_STEP][PASSED] - ctdc.utilities.runtestcaseforKatalon.clickTab("Object Repository/Canine/CanineResults_Cases_Tab"): ctdc.utilities.runtestcaseforKatalon.clickTab is PASSED

2021-05-04 09:01:56 - [MESSAGE][PASSED] - ctdc.utilities.runtestcaseforKatalon.clickTab is PASSED

2021-05-04 09:01:56 - [TEST_STEP][PASSED] - ctdc.utilities.runtestcaseforKatalon.multiFunction("ICDC", G_StatBar_Cases, "Object Repository/Canine/Canine_CasesTable", "Object Repository/Canine/Canine_TableHeader", "Object Repository/Canine/Canine_CasesTabNextBtn", G_WebTabnameCases, G_CypherTabnameCases, G_QueryCasesTab): Statbar Arms count matches

2021-05-04 09:02:18 - [MESSAGE][PASSED] - Statbar Files count matches

2021-05-04 09:02:18 - [MESSAGE][PASSED] - Statbar Samples count matches

2021-05-04 09:02:18 - [MESSAGE][PASSED] - Statbar Cases count matches

2021-05-04 09:02:18 - [MESSAGE][PASSED] - Statbar Arms count matches

2021-05-04 09:02:18 - [TEST_STEP][PASSED] - waitForElementPresent(findTestObject("Object Repository/Canine/CanineResults_Samples_Tab"), 5): Object 'Object Repository/Canine/CanineResults_Samples_Tab' is not present after 5 second(s)

2021-05-04 09:02:24 - [MESSAGE][INFO] - Unable to find the element located by 'By.xpath: //*[@id="sample_tab"]'. Please recheck the objects properties to make sure the desired element is located. 

2021-05-04 09:02:24 - [MESSAGE][WARNING] - Object 'Object Repository/Canine/CanineResults_Samples_Tab' is not present after 5 second(s)

2021-05-04 09:02:24 - [TEST_STEP][PASSED] - ctdc.utilities.runtestcaseforKatalon.clickTab("Object Repository/Canine/CanineResults_Samples_Tab"): ctdc.utilities.runtestcaseforKatalon.clickTab is PASSED

2021-05-04 09:02:24 - [MESSAGE][PASSED] - ctdc.utilities.runtestcaseforKatalon.clickTab is PASSED

2021-05-04 09:02:24 - [TEST_STEP][PASSED] - ctdc.utilities.runtestcaseforKatalon.multiFunction("ICDC", G_StatBar_Samples, "Object Repository/Canine/Canine_Samples_Table", "Object Repository/Canine/Canine_Samples_TableHdr", "Object Repository/Canine/Canine_SamplesTabNextBtn", G_WebTabnameSamples, G_CypherTabnameSamples, G_QuerySamplesTab): Statbar Arms count matches

2021-05-04 09:02:58 - [MESSAGE][PASSED] - Statbar Files count matches

2021-05-04 09:02:58 - [MESSAGE][PASSED] - Statbar Samples count matches

2021-05-04 09:02:58 - [MESSAGE][PASSED] - Statbar Cases count matches

2021-05-04 09:02:58 - [MESSAGE][PASSED] - Statbar Arms count matches

2021-05-04 09:02:58 - [TEST_STEP][PASSED] - waitForElementPresent(findTestObject("Object Repository/Canine/CanineResults_Files_Tab"), 5): Object 'Object Repository/Canine/CanineResults_Files_Tab' is not present after 5 second(s)

2021-05-04 09:03:04 - [MESSAGE][INFO] - Unable to find the element located by 'By.xpath: //*[@id="file_tab"]'. Please recheck the objects properties to make sure the desired element is located. 

2021-05-04 09:03:04 - [MESSAGE][WARNING] - Object 'Object Repository/Canine/CanineResults_Files_Tab' is not present after 5 second(s)

2021-05-04 09:03:04 - [TEST_STEP][PASSED] - ctdc.utilities.runtestcaseforKatalon.clickTab("Object Repository/Canine/CanineResults_Files_Tab"): ctdc.utilities.runtestcaseforKatalon.clickTab is PASSED

2021-05-04 09:03:04 - [MESSAGE][PASSED] - ctdc.utilities.runtestcaseforKatalon.clickTab is PASSED

2021-05-04 09:03:04 - [TEST_STEP][PASSED] - ctdc.utilities.runtestcaseforKatalon.multiFunction("ICDC", G_StatBar_Files, "Object Repository/Canine/Canine_Files_Table", "Object Repository/Canine/Canine_Files_TableHdr", "Object Repository/Canine/Canine_FilesTabNextBtn", G_WebTabnameFiles, G_CypherTabnameFiles, G_QueryFilesTab): Statbar Arms count matches

2021-05-04 09:04:01 - [MESSAGE][PASSED] - Statbar Files count matches

2021-05-04 09:04:01 - [MESSAGE][PASSED] - Statbar Samples count matches

2021-05-04 09:04:01 - [MESSAGE][PASSED] - Statbar Cases count matches

2021-05-04 09:04:01 - [MESSAGE][PASSED] - Statbar Arms count matches

2021-05-04 09:04:01 - [TEST_STEP][PASSED] - closeBrowser(): Browser is closed

2021-05-04 09:04:02 - [MESSAGE][PASSED] - Browser is closed]]></system-out>
         <system-err><![CDATA[]]></system-err>
      </testcase>
      <testcase name="Test Cases/Canine_TestCases/Study-Combinations/TC02_Canine_StudyUBC-Breed_Diagnosis_PrimDiseaseSite" time="256.282" classname="Test Cases/Canine_TestCases/Study-Combinations/TC02_Canine_StudyUBC-Breed_Diagnosis_PrimDiseaseSite" status="PASSED">
         <system-out><![CDATA[2021-05-04 09:04:02 - [TEST_CASE][PASSED] - Test Cases/Canine_TestCases/Study-Combinations/TC02_Canine_StudyUBC-Breed_Diagnosis_PrimDiseaseSite: Test Cases/Canine_TestCases/Study-Combinations/TC02_Canine_StudyUBC-Breed_Diagnosis_PrimDiseaseSite

2021-05-04 09:04:02 - [TEST_STEP][PASSED] - closeBrowser(): Browser is closed

2021-05-04 09:04:02 - [MESSAGE][PASSED] - Browser is closed

2021-05-04 09:04:02 - [TEST_STEP][PASSED] - openBrowser(""): Browser is opened with url: ''

2021-05-04 09:04:02 - [MESSAGE][INFO] - Starting 'Chrome (headless)' driver

2021-05-04 09:04:02 - [MESSAGE][INFO] - User set preference: ['args', '[--no-sandbox]']

2021-05-04 09:04:02 - [MESSAGE][INFO] - Action delay is set to 5,000 milliseconds

2021-05-04 09:04:04 - [MESSAGE][PASSED] - Browser is opened with url: ''

2021-05-04 09:04:04 - [TEST_STEP][PASSED] - maximizeWindow(): Current window maximized

2021-05-04 09:04:04 - [MESSAGE][PASSED] - Current window maximized

2021-05-04 09:04:04 - [TEST_STEP][PASSED] - "Driver opened by Katalon is used in Selenium from this step.": null

2021-05-04 09:04:04 - [TEST_STEP][PASSED] - ctdc.utilities.runtestcaseforKatalon.RunKatalon("TC02_Canine_StudyUBC-Breed_Diagnosis_PrimDiseaseSite.xlsx"): Data loaded from input file for the test case. 

2021-05-04 09:04:04 - [MESSAGE][PASSED] - Test case file loaded This is the full filepath after converting to string :C:\Users\radhakrishnang2\Desktop\Commons_Automation\InputFiles\TC02_Canine_StudyUBC-Breed_Diagnosis_PrimDiseaseSite.xlsx

2021-05-04 09:04:04 - [MESSAGE][INFO] - Global variable set for password file is :  C:\Users\radhakrishnang2\Desktop\Commons_Automation\InputFiles\TC02_Canine_StudyUBC-Breed_Diagnosis_PrimDiseaseSite.xlsx

2021-05-04 09:04:04 - [MESSAGE][PASSED] - Data loaded from input file for the test case. 

2021-05-04 09:04:51 - [TEST_STEP][PASSED] - waitForElementPresent(findTestObject("Canine/NavBar/Canine_Cases_Btn"), 10): Object 'Object Repository/Canine/NavBar/Canine_Cases_Btn' is not present after 10 second(s)

2021-05-04 09:05:02 - [MESSAGE][INFO] - Unable to find the element located by 'By.xpath: //a[contains(@href,'cases')]'. Please recheck the objects properties to make sure the desired element is located. 

2021-05-04 09:05:02 - [MESSAGE][WARNING] - Object 'Object Repository/Canine/NavBar/Canine_Cases_Btn' is not present after 10 second(s)

2021-05-04 09:05:02 - [TEST_STEP][PASSED] - ctdc.utilities.runtestcaseforKatalon.clickTab("Canine/NavBar/Canine_Cases_Btn"): ctdc.utilities.runtestcaseforKatalon.clickTab is PASSED

2021-05-04 09:05:02 - [MESSAGE][PASSED] - ctdc.utilities.runtestcaseforKatalon.clickTab is PASSED

2021-05-04 09:05:02 - [TEST_STEP][PASSED] - waitForElementPresent(findTestObject("Object Repository/Canine/Filter/FilterByCases_Facet"), 10): Object 'Object Repository/Canine/Filter/FilterByCases_Facet' is not present after 10 second(s)

2021-05-04 09:05:13 - [MESSAGE][INFO] - Unable to find the element located by 'By.xpath: //*[contains(text(),'Filter By Cases')]'. Please recheck the objects properties to make sure the desired element is located. 

2021-05-04 09:05:13 - [MESSAGE][WARNING] - Object 'Object Repository/Canine/Filter/FilterByCases_Facet' is not present after 10 second(s)

2021-05-04 09:05:13 - [TEST_STEP][PASSED] - ctdc.utilities.runtestcaseforKatalon.clickTab("Object Repository/Canine/Filter/FilterByCases_Facet"): ctdc.utilities.runtestcaseforKatalon.clickTab is PASSED

2021-05-04 09:05:13 - [MESSAGE][PASSED] - ctdc.utilities.runtestcaseforKatalon.clickTab is PASSED

2021-05-04 09:05:13 - [TEST_STEP][PASSED] - waitForElementPresent(findTestObject("Object Repository/Canine/Filter/Study/Canine_Filter_Study"), 10): Object 'Object Repository/Canine/Filter/Study/Canine_Filter_Study' is not present after 10 second(s)

2021-05-04 09:05:24 - [MESSAGE][INFO] - Unable to find the element located by 'By.xpath: //*[@id='Study']'. Please recheck the objects properties to make sure the desired element is located. 

2021-05-04 09:05:24 - [MESSAGE][WARNING] - Object 'Object Repository/Canine/Filter/Study/Canine_Filter_Study' is not present after 10 second(s)

2021-05-04 09:05:24 - [TEST_STEP][PASSED] - ctdc.utilities.runtestcaseforKatalon.clickTab("Object Repository/Canine/Filter/Study/Canine_Filter_Study"): ctdc.utilities.runtestcaseforKatalon.clickTab is PASSED

2021-05-04 09:05:25 - [MESSAGE][PASSED] - ctdc.utilities.runtestcaseforKatalon.clickTab is PASSED

2021-05-04 09:05:25 - [TEST_STEP][PASSED] - waitForElementPresent(findTestObject("Object Repository/Canine/Filter/Study/Canine_Filter_Study-UBC_Chkbx"), 10): Object 'Object Repository/Canine/Filter/Study/Canine_Filter_Study-UBC_Chkbx' is not present after 10 second(s)

2021-05-04 09:05:36 - [MESSAGE][INFO] - Unable to find the element located by 'By.xpath: (//*[contains(text(),'UBC')])[1]'. Please recheck the objects properties to make sure the desired element is located. 

2021-05-04 09:05:36 - [MESSAGE][WARNING] - Object 'Object Repository/Canine/Filter/Study/Canine_Filter_Study-UBC_Chkbx' is not present after 10 second(s)

2021-05-04 09:05:36 - [TEST_STEP][PASSED] - ctdc.utilities.runtestcaseforKatalon.clickTab("Object Repository/Canine/Filter/Study/Canine_Filter_Study-UBC_Chkbx"): ctdc.utilities.runtestcaseforKatalon.clickTab is PASSED

2021-05-04 09:05:36 - [MESSAGE][PASSED] - ctdc.utilities.runtestcaseforKatalon.clickTab is PASSED

2021-05-04 09:05:36 - [TEST_STEP][PASSED] - Thread.sleep(2000): null

2021-05-04 09:05:38 - [TEST_STEP][PASSED] - waitForElementPresent(findTestObject("Object Repository/Canine/Filter/Breed/BREED_Ddn"), 10): Object 'Object Repository/Canine/Filter/Breed/BREED_Ddn' is not present after 10 second(s)

2021-05-04 09:05:49 - [MESSAGE][INFO] - Unable to find the element located by 'By.xpath: //*[@id='Breed']'. Please recheck the objects properties to make sure the desired element is located. 

2021-05-04 09:05:49 - [MESSAGE][WARNING] - Object 'Object Repository/Canine/Filter/Breed/BREED_Ddn' is not present after 10 second(s)

2021-05-04 09:05:49 - [TEST_STEP][PASSED] - ctdc.utilities.runtestcaseforKatalon.clickTab("Object Repository/Canine/Filter/Breed/BREED_Ddn"): ctdc.utilities.runtestcaseforKatalon.clickTab is PASSED

2021-05-04 09:05:49 - [MESSAGE][PASSED] - ctdc.utilities.runtestcaseforKatalon.clickTab is PASSED

2021-05-04 09:05:49 - [TEST_STEP][PASSED] - waitForElementPresent(findTestObject("Object Repository/Canine/Filter/Breed/BorderCol_Chkbx"), 10): Object 'Object Repository/Canine/Filter/Breed/BorderCol_Chkbx' is not present after 10 second(s)

2021-05-04 09:06:00 - [MESSAGE][INFO] - Unable to find the element located by 'By.xpath: //*[contains(text(),'Border Collie')]'. Please recheck the objects properties to make sure the desired element is located. 

2021-05-04 09:06:00 - [MESSAGE][WARNING] - Object 'Object Repository/Canine/Filter/Breed/BorderCol_Chkbx' is not present after 10 second(s)

2021-05-04 09:06:00 - [TEST_STEP][PASSED] - ctdc.utilities.runtestcaseforKatalon.clickTab("Object Repository/Canine/Filter/Breed/BorderCol_Chkbx"): ctdc.utilities.runtestcaseforKatalon.clickTab is PASSED

2021-05-04 09:06:00 - [MESSAGE][PASSED] - ctdc.utilities.runtestcaseforKatalon.clickTab is PASSED

2021-05-04 09:06:00 - [TEST_STEP][PASSED] - waitForElementPresent(findTestObject("Object Repository/Canine/Filter/Breed/Chihuahua_Chkbx"), 10): Object 'Object Repository/Canine/Filter/Breed/Chihuahua_Chkbx' is not present after 10 second(s)

2021-05-04 09:06:11 - [MESSAGE][INFO] - Unable to find the element located by 'By.xpath: //*[contains(text(),'Chihuahua')]'. Please recheck the objects properties to make sure the desired element is located. 

2021-05-04 09:06:11 - [MESSAGE][WARNING] - Object 'Object Repository/Canine/Filter/Breed/Chihuahua_Chkbx' is not present after 10 second(s)

2021-05-04 09:06:11 - [TEST_STEP][PASSED] - ctdc.utilities.runtestcaseforKatalon.clickTab("Object Repository/Canine/Filter/Breed/Chihuahua_Chkbx"): ctdc.utilities.runtestcaseforKatalon.clickTab is PASSED

2021-05-04 09:06:11 - [MESSAGE][PASSED] - ctdc.utilities.runtestcaseforKatalon.clickTab is PASSED

2021-05-04 09:06:11 - [TEST_STEP][PASSED] - waitForElementPresent(findTestObject("Object Repository/Canine/Filter/Breed/Maltese_Chkbx"), 10): Object 'Object Repository/Canine/Filter/Breed/Maltese_Chkbx' is not present after 10 second(s)

2021-05-04 09:06:23 - [MESSAGE][INFO] - Unable to find the element located by 'By.xpath: //*[contains(text(),'Maltese')]'. Please recheck the objects properties to make sure the desired element is located. 

2021-05-04 09:06:23 - [MESSAGE][WARNING] - Object 'Object Repository/Canine/Filter/Breed/Maltese_Chkbx' is not present after 10 second(s)

2021-05-04 09:06:23 - [TEST_STEP][PASSED] - ctdc.utilities.runtestcaseforKatalon.clickTab("Object Repository/Canine/Filter/Breed/Maltese_Chkbx"): ctdc.utilities.runtestcaseforKatalon.clickTab is PASSED

2021-05-04 09:06:23 - [MESSAGE][PASSED] - ctdc.utilities.runtestcaseforKatalon.clickTab is PASSED

2021-05-04 09:06:23 - [TEST_STEP][PASSED] - waitForElementPresent(findTestObject("Object Repository/Canine/Filter/Breed/ScottTerr_Chkbx"), 10): Object 'Object Repository/Canine/Filter/Breed/ScottTerr_Chkbx' is not present after 10 second(s)

2021-05-04 09:06:34 - [MESSAGE][INFO] - Unable to find the element located by 'By.xpath: //*[contains(text(),'Scottish Terrier')]'. Please recheck the objects properties to make sure the desired element is located. 

2021-05-04 09:06:34 - [MESSAGE][WARNING] - Object 'Object Repository/Canine/Filter/Breed/ScottTerr_Chkbx' is not present after 10 second(s)

2021-05-04 09:06:34 - [TEST_STEP][PASSED] - ctdc.utilities.runtestcaseforKatalon.clickTab("Object Repository/Canine/Filter/Breed/ScottTerr_Chkbx"): ctdc.utilities.runtestcaseforKatalon.clickTab is PASSED

2021-05-04 09:06:34 - [MESSAGE][PASSED] - ctdc.utilities.runtestcaseforKatalon.clickTab is PASSED

2021-05-04 09:06:34 - [TEST_STEP][PASSED] - ctdc.utilities.runtestcaseforKatalon.clickTab("Object Repository/Canine/Filter/Breed/BREED_Ddn"): ctdc.utilities.runtestcaseforKatalon.clickTab is PASSED

2021-05-04 09:06:34 - [MESSAGE][PASSED] - ctdc.utilities.runtestcaseforKatalon.clickTab is PASSED

2021-05-04 09:06:34 - [TEST_STEP][PASSED] - Thread.sleep(2000): null

2021-05-04 09:06:36 - [TEST_STEP][PASSED] - waitForElementPresent(findTestObject("Object Repository/Canine/Filter/Diagnosis/DIAGNOSIS_Ddn"), 10): Object 'Object Repository/Canine/Filter/Diagnosis/DIAGNOSIS_Ddn' is not present after 10 second(s)

2021-05-04 09:06:47 - [MESSAGE][INFO] - Unable to find the element located by 'By.xpath: (//*[@id='Diagnosis'])[1]'. Please recheck the objects properties to make sure the desired element is located. 

2021-05-04 09:06:47 - [MESSAGE][WARNING] - Object 'Object Repository/Canine/Filter/Diagnosis/DIAGNOSIS_Ddn' is not present after 10 second(s)

2021-05-04 09:06:47 - [TEST_STEP][PASSED] - ctdc.utilities.runtestcaseforKatalon.clickTab("Object Repository/Canine/Filter/Diagnosis/DIAGNOSIS_Ddn"): ctdc.utilities.runtestcaseforKatalon.clickTab is PASSED

2021-05-04 09:06:47 - [MESSAGE][PASSED] - ctdc.utilities.runtestcaseforKatalon.clickTab is PASSED

2021-05-04 09:06:47 - [TEST_STEP][PASSED] - waitForElementPresent(findTestObject("Object Repository/Canine/Filter/Diagnosis/BladderCancer_Chkbx"), 10): Object 'Object Repository/Canine/Filter/Diagnosis/BladderCancer_Chkbx' is not present after 10 second(s)

2021-05-04 09:06:58 - [MESSAGE][INFO] - Unable to find the element located by 'By.xpath: //*[contains(text(),'Bladder Cancer')]'. Please recheck the objects properties to make sure the desired element is located. 

2021-05-04 09:06:58 - [MESSAGE][WARNING] - Object 'Object Repository/Canine/Filter/Diagnosis/BladderCancer_Chkbx' is not present after 10 second(s)

2021-05-04 09:06:58 - [TEST_STEP][PASSED] - ctdc.utilities.runtestcaseforKatalon.clickTab("Object Repository/Canine/Filter/Diagnosis/BladderCancer_Chkbx"): ctdc.utilities.runtestcaseforKatalon.clickTab is PASSED

2021-05-04 09:06:58 - [MESSAGE][PASSED] - ctdc.utilities.runtestcaseforKatalon.clickTab is PASSED

2021-05-04 09:06:58 - [TEST_STEP][PASSED] - ctdc.utilities.runtestcaseforKatalon.clickTab("Object Repository/Canine/Filter/Diagnosis/DIAGNOSIS_Ddn"): ctdc.utilities.runtestcaseforKatalon.clickTab is PASSED

2021-05-04 09:06:59 - [MESSAGE][PASSED] - ctdc.utilities.runtestcaseforKatalon.clickTab is PASSED

2021-05-04 09:06:59 - [TEST_STEP][PASSED] - Thread.sleep(2000): null

2021-05-04 09:07:01 - [TEST_STEP][PASSED] - waitForElementPresent(findTestObject("Object Repository/Canine/Filter/PrimDiseaseSite/PRIMARYDISEASESITE_Ddn"), 10): Object 'Object Repository/Canine/Filter/PrimDiseaseSite/PRIMARYDISEASESITE_Ddn' is not present after 10 second(s)

2021-05-04 09:07:12 - [MESSAGE][INFO] - Unable to find the element located by 'By.xpath: //*[@id='Primary Disease Site']'. Please recheck the objects properties to make sure the desired element is located. 

2021-05-04 09:07:12 - [MESSAGE][WARNING] - Object 'Object Repository/Canine/Filter/PrimDiseaseSite/PRIMARYDISEASESITE_Ddn' is not present after 10 second(s)

2021-05-04 09:07:12 - [TEST_STEP][PASSED] - ctdc.utilities.runtestcaseforKatalon.clickTab("Object Repository/Canine/Filter/PrimDiseaseSite/PRIMARYDISEASESITE_Ddn"): ctdc.utilities.runtestcaseforKatalon.clickTab is PASSED

2021-05-04 09:07:12 - [MESSAGE][PASSED] - ctdc.utilities.runtestcaseforKatalon.clickTab is PASSED

2021-05-04 09:07:12 - [TEST_STEP][PASSED] - waitForElementPresent(findTestObject("Object Repository/Canine/Filter/PrimDiseaseSite/BladderUrethra_Chkbx"), 10): Object 'Object Repository/Canine/Filter/PrimDiseaseSite/BladderUrethra_Chkbx' is not present after 10 second(s)

2021-05-04 09:07:23 - [MESSAGE][INFO] - Unable to find the element located by 'By.xpath: (//*[contains(text(),'Bladder, Urethra')])[1]'. Please recheck the objects properties to make sure the desired element is located. 

2021-05-04 09:07:23 - [MESSAGE][WARNING] - Object 'Object Repository/Canine/Filter/PrimDiseaseSite/BladderUrethra_Chkbx' is not present after 10 second(s)

2021-05-04 09:07:23 - [TEST_STEP][PASSED] - ctdc.utilities.runtestcaseforKatalon.clickTab("Object Repository/Canine/Filter/PrimDiseaseSite/BladderUrethra_Chkbx"): ctdc.utilities.runtestcaseforKatalon.clickTab is PASSED

2021-05-04 09:07:23 - [MESSAGE][PASSED] - ctdc.utilities.runtestcaseforKatalon.clickTab is PASSED

2021-05-04 09:07:23 - [TEST_STEP][PASSED] - waitForElementPresent(findTestObject("Object Repository/Canine/Filter/PrimDiseaseSite/BladderUrethraProstate_Chkbx"), 10): Object 'Object Repository/Canine/Filter/PrimDiseaseSite/BladderUrethraProstate_Chkbx' is not present after 10 second(s)

2021-05-04 09:07:34 - [MESSAGE][INFO] - Unable to find the element located by 'By.xpath: //*[contains(text(),'Bladder, Urethra, Prostate')]'. Please recheck the objects properties to make sure the desired element is located. 

2021-05-04 09:07:34 - [MESSAGE][WARNING] - Object 'Object Repository/Canine/Filter/PrimDiseaseSite/BladderUrethraProstate_Chkbx' is not present after 10 second(s)

2021-05-04 09:07:34 - [TEST_STEP][PASSED] - ctdc.utilities.runtestcaseforKatalon.clickTab("Object Repository/Canine/Filter/PrimDiseaseSite/BladderUrethraProstate_Chkbx"): ctdc.utilities.runtestcaseforKatalon.clickTab is PASSED

2021-05-04 09:07:34 - [MESSAGE][PASSED] - ctdc.utilities.runtestcaseforKatalon.clickTab is PASSED

2021-05-04 09:07:34 - [TEST_STEP][PASSED] - ctdc.utilities.runtestcaseforKatalon.clickTab("Object Repository/Canine/Filter/PrimDiseaseSite/PRIMARYDISEASESITE_Ddn"): ctdc.utilities.runtestcaseforKatalon.clickTab is PASSED

2021-05-04 09:07:34 - [MESSAGE][PASSED] - ctdc.utilities.runtestcaseforKatalon.clickTab is PASSED

2021-05-04 09:07:34 - [TEST_STEP][PASSED] - Thread.sleep(2000): null

2021-05-04 09:07:36 - [TEST_STEP][PASSED] - ctdc.utilities.runtestcaseforKatalon.readStatBarCanine("Object Repository/Canine/StatBar/Canine_StatBar-Studies", "Object Repository/Canine/StatBar/Canine_StatBar-Cases", "Object Repository/Canine/StatBar/Canine_StatBar-Samples", "Object Repository/Canine/StatBar/Canine_StatBar-Files", "Object Repository/Canine/StatBar/Canine_StatBar-Aliquots"): ctdc.utilities.runtestcaseforKatalon.readStatBarCanine is PASSED

2021-05-04 09:07:52 - [MESSAGE][PASSED] - ctdc.utilities.runtestcaseforKatalon.readStatBarCanine is PASSED

2021-05-04 09:07:52 - [TEST_STEP][PASSED] - waitForElementPresent(findTestObject("Object Repository/Canine/CanineResults_Cases_Tab"), 5): Object 'Object Repository/Canine/CanineResults_Cases_Tab' is not present after 5 second(s)

2021-05-04 09:07:58 - [MESSAGE][INFO] - Unable to find the element located by 'By.xpath: //*[@id="case_tab"]'. Please recheck the objects properties to make sure the desired element is located. 

2021-05-04 09:07:58 - [MESSAGE][WARNING] - Object 'Object Repository/Canine/CanineResults_Cases_Tab' is not present after 5 second(s)

2021-05-04 09:07:58 - [TEST_STEP][PASSED] - ctdc.utilities.runtestcaseforKatalon.clickTab("Object Repository/Canine/CanineResults_Cases_Tab"): ctdc.utilities.runtestcaseforKatalon.clickTab is PASSED

2021-05-04 09:07:58 - [MESSAGE][PASSED] - ctdc.utilities.runtestcaseforKatalon.clickTab is PASSED

2021-05-04 09:07:58 - [TEST_STEP][PASSED] - ctdc.utilities.runtestcaseforKatalon.multiFunction("ICDC", G_StatBar_Cases, "Object Repository/Canine/Canine_CasesTable", "Object Repository/Canine/Canine_TableHeader", "Object Repository/Canine/Canine_CasesTabNextBtn", G_WebTabnameCases, G_CypherTabnameCases, G_QueryCasesTab): Statbar Arms count matches

2021-05-04 09:08:18 - [MESSAGE][PASSED] - Statbar Files count matches

2021-05-04 09:08:18 - [MESSAGE][PASSED] - Statbar Samples count matches

2021-05-04 09:08:18 - [MESSAGE][PASSED] - Statbar Cases count matches

2021-05-04 09:08:18 - [MESSAGE][PASSED] - Statbar Arms count matches

2021-05-04 09:08:18 - [TEST_STEP][PASSED] - closeBrowser(): Browser is closed

2021-05-04 09:08:18 - [MESSAGE][PASSED] - Browser is closed]]></system-out>
         <system-err><![CDATA[]]></system-err>
      </testcase>
      <testcase name="Test Cases/Canine_TestCases/Study-Combinations/TC03_Canine_StudyUBC-Breed_Diagnosis_PrimDiseaseSite" time="200.806" classname="Test Cases/Canine_TestCases/Study-Combinations/TC03_Canine_StudyUBC-Breed_Diagnosis_PrimDiseaseSite" status="PASSED">
         <system-out><![CDATA[2021-05-04 09:08:18 - [TEST_CASE][PASSED] - Test Cases/Canine_TestCases/Study-Combinations/TC03_Canine_StudyUBC-Breed_Diagnosis_PrimDiseaseSite: Test Cases/Canine_TestCases/Study-Combinations/TC03_Canine_StudyUBC-Breed_Diagnosis_PrimDiseaseSite

2021-05-04 09:08:19 - [TEST_STEP][PASSED] - closeBrowser(): Browser is closed

2021-05-04 09:08:19 - [MESSAGE][PASSED] - Browser is closed

2021-05-04 09:08:19 - [TEST_STEP][PASSED] - openBrowser(""): Browser is opened with url: ''

2021-05-04 09:08:19 - [MESSAGE][INFO] - Starting 'Chrome (headless)' driver

2021-05-04 09:08:19 - [MESSAGE][INFO] - User set preference: ['args', '[--no-sandbox]']

2021-05-04 09:08:19 - [MESSAGE][INFO] - Action delay is set to 5,000 milliseconds

2021-05-04 09:08:20 - [MESSAGE][PASSED] - Browser is opened with url: ''

2021-05-04 09:08:20 - [TEST_STEP][PASSED] - maximizeWindow(): Current window maximized

2021-05-04 09:08:20 - [MESSAGE][PASSED] - Current window maximized

2021-05-04 09:08:20 - [TEST_STEP][PASSED] - "Driver opened by Katalon is used in Selenium from this step.": null

2021-05-04 09:08:20 - [TEST_STEP][PASSED] - ctdc.utilities.runtestcaseforKatalon.RunKatalon("TC03_Canine_StudyUBC-Breed_Diagnosis_PrimDiseaseSite.xlsx"): Data loaded from input file for the test case. 

2021-05-04 09:08:20 - [MESSAGE][PASSED] - Test case file loaded This is the full filepath after converting to string :C:\Users\radhakrishnang2\Desktop\Commons_Automation\InputFiles\TC03_Canine_StudyUBC-Breed_Diagnosis_PrimDiseaseSite.xlsx

2021-05-04 09:08:20 - [MESSAGE][INFO] - Global variable set for password file is :  C:\Users\radhakrishnang2\Desktop\Commons_Automation\InputFiles\TC03_Canine_StudyUBC-Breed_Diagnosis_PrimDiseaseSite.xlsx

2021-05-04 09:08:20 - [MESSAGE][PASSED] - Data loaded from input file for the test case. 

2021-05-04 09:08:38 - [TEST_STEP][PASSED] - waitForElementPresent(findTestObject("Canine/NavBar/Canine_Cases_Btn"), 10): Object 'Object Repository/Canine/NavBar/Canine_Cases_Btn' is not present after 10 second(s)

2021-05-04 09:08:49 - [MESSAGE][INFO] - Unable to find the element located by 'By.xpath: //a[contains(@href,'cases')]'. Please recheck the objects properties to make sure the desired element is located. 

2021-05-04 09:08:49 - [MESSAGE][WARNING] - Object 'Object Repository/Canine/NavBar/Canine_Cases_Btn' is not present after 10 second(s)

2021-05-04 09:08:49 - [TEST_STEP][PASSED] - ctdc.utilities.runtestcaseforKatalon.clickTab("Canine/NavBar/Canine_Cases_Btn"): ctdc.utilities.runtestcaseforKatalon.clickTab is PASSED

2021-05-04 09:08:49 - [MESSAGE][PASSED] - ctdc.utilities.runtestcaseforKatalon.clickTab is PASSED

2021-05-04 09:08:49 - [TEST_STEP][PASSED] - waitForElementPresent(findTestObject("Object Repository/Canine/Filter/FilterByCases_Facet"), 10): Object 'Object Repository/Canine/Filter/FilterByCases_Facet' is not present after 10 second(s)

2021-05-04 09:09:00 - [MESSAGE][INFO] - Unable to find the element located by 'By.xpath: //*[contains(text(),'Filter By Cases')]'. Please recheck the objects properties to make sure the desired element is located. 

2021-05-04 09:09:00 - [MESSAGE][WARNING] - Object 'Object Repository/Canine/Filter/FilterByCases_Facet' is not present after 10 second(s)

2021-05-04 09:09:00 - [TEST_STEP][PASSED] - ctdc.utilities.runtestcaseforKatalon.clickTab("Object Repository/Canine/Filter/FilterByCases_Facet"): ctdc.utilities.runtestcaseforKatalon.clickTab is PASSED

2021-05-04 09:09:00 - [MESSAGE][PASSED] - ctdc.utilities.runtestcaseforKatalon.clickTab is PASSED

2021-05-04 09:09:00 - [TEST_STEP][PASSED] - waitForElementPresent(findTestObject("Object Repository/Canine/Filter/Study/Canine_Filter_Study"), 10): Object 'Object Repository/Canine/Filter/Study/Canine_Filter_Study' is not present after 10 second(s)

2021-05-04 09:09:11 - [MESSAGE][INFO] - Unable to find the element located by 'By.xpath: //*[@id='Study']'. Please recheck the objects properties to make sure the desired element is located. 

2021-05-04 09:09:11 - [MESSAGE][WARNING] - Object 'Object Repository/Canine/Filter/Study/Canine_Filter_Study' is not present after 10 second(s)

2021-05-04 09:09:11 - [TEST_STEP][PASSED] - ctdc.utilities.runtestcaseforKatalon.clickTab("Object Repository/Canine/Filter/Study/Canine_Filter_Study"): ctdc.utilities.runtestcaseforKatalon.clickTab is PASSED

2021-05-04 09:09:12 - [MESSAGE][PASSED] - ctdc.utilities.runtestcaseforKatalon.clickTab is PASSED

2021-05-04 09:09:12 - [TEST_STEP][PASSED] - waitForElementPresent(findTestObject("Object Repository/Canine/Filter/Study/Canine_Filter_Study-UBC_Chkbx"), 10): Object 'Object Repository/Canine/Filter/Study/Canine_Filter_Study-UBC_Chkbx' is not present after 10 second(s)

2021-05-04 09:09:23 - [MESSAGE][INFO] - Unable to find the element located by 'By.xpath: (//*[contains(text(),'UBC')])[1]'. Please recheck the objects properties to make sure the desired element is located. 

2021-05-04 09:09:23 - [MESSAGE][WARNING] - Object 'Object Repository/Canine/Filter/Study/Canine_Filter_Study-UBC_Chkbx' is not present after 10 second(s)

2021-05-04 09:09:23 - [TEST_STEP][PASSED] - ctdc.utilities.runtestcaseforKatalon.clickTab("Object Repository/Canine/Filter/Study/Canine_Filter_Study-UBC_Chkbx"): ctdc.utilities.runtestcaseforKatalon.clickTab is PASSED

2021-05-04 09:09:23 - [MESSAGE][PASSED] - ctdc.utilities.runtestcaseforKatalon.clickTab is PASSED

2021-05-04 09:09:23 - [TEST_STEP][PASSED] - Thread.sleep(2000): null

2021-05-04 09:09:25 - [TEST_STEP][PASSED] - waitForElementPresent(findTestObject("Object Repository/Canine/Filter/Breed/BREED_Ddn"), 10): Object 'Object Repository/Canine/Filter/Breed/BREED_Ddn' is not present after 10 second(s)

2021-05-04 09:09:36 - [MESSAGE][INFO] - Unable to find the element located by 'By.xpath: //*[@id='Breed']'. Please recheck the objects properties to make sure the desired element is located. 

2021-05-04 09:09:36 - [MESSAGE][WARNING] - Object 'Object Repository/Canine/Filter/Breed/BREED_Ddn' is not present after 10 second(s)

2021-05-04 09:09:36 - [TEST_STEP][PASSED] - ctdc.utilities.runtestcaseforKatalon.clickTab("Object Repository/Canine/Filter/Breed/BREED_Ddn"): ctdc.utilities.runtestcaseforKatalon.clickTab is PASSED

2021-05-04 09:09:36 - [MESSAGE][PASSED] - ctdc.utilities.runtestcaseforKatalon.clickTab is PASSED

2021-05-04 09:09:36 - [TEST_STEP][PASSED] - waitForElementPresent(findTestObject("Object Repository/Canine/Filter/Breed/IrishTerr_Chkbx"), 10): Object 'Object Repository/Canine/Filter/Breed/IrishTerr_Chkbx' is not present after 10 second(s)

2021-05-04 09:09:47 - [MESSAGE][INFO] - Unable to find the element located by 'By.xpath: //*[contains(text(),'Irish Terrier')]'. Please recheck the objects properties to make sure the desired element is located. 

2021-05-04 09:09:47 - [MESSAGE][WARNING] - Object 'Object Repository/Canine/Filter/Breed/IrishTerr_Chkbx' is not present after 10 second(s)

2021-05-04 09:09:47 - [TEST_STEP][PASSED] - ctdc.utilities.runtestcaseforKatalon.clickTab("Object Repository/Canine/Filter/Breed/IrishTerr_Chkbx"): ctdc.utilities.runtestcaseforKatalon.clickTab is PASSED

2021-05-04 09:09:47 - [MESSAGE][PASSED] - ctdc.utilities.runtestcaseforKatalon.clickTab is PASSED

2021-05-04 09:09:47 - [TEST_STEP][PASSED] - waitForElementPresent(findTestObject("Object Repository/Canine/Filter/Breed/MiniaturePinscher_Chkbx"), 10): Object 'Object Repository/Canine/Filter/Breed/MiniaturePinscher_Chkbx' is not present after 10 second(s)

2021-05-04 09:09:58 - [MESSAGE][INFO] - Unable to find the element located by 'By.xpath: //*[contains(text(),'Miniature Pinscher')]'. Please recheck the objects properties to make sure the desired element is located. 

2021-05-04 09:09:58 - [MESSAGE][WARNING] - Object 'Object Repository/Canine/Filter/Breed/MiniaturePinscher_Chkbx' is not present after 10 second(s)

2021-05-04 09:09:58 - [TEST_STEP][PASSED] - ctdc.utilities.runtestcaseforKatalon.clickTab("Object Repository/Canine/Filter/Breed/MiniaturePinscher_Chkbx"): ctdc.utilities.runtestcaseforKatalon.clickTab is PASSED

2021-05-04 09:09:58 - [MESSAGE][PASSED] - ctdc.utilities.runtestcaseforKatalon.clickTab is PASSED

2021-05-04 09:09:58 - [TEST_STEP][PASSED] - waitForElementPresent(findTestObject("Object Repository/Canine/Filter/Breed/Poodle_Chkbx"), 10): Object 'Object Repository/Canine/Filter/Breed/Poodle_Chkbx' is not present after 10 second(s)

2021-05-04 09:10:10 - [MESSAGE][INFO] - Unable to find the element located by 'By.xpath: //*[contains(text(),'Poodle')]'. Please recheck the objects properties to make sure the desired element is located. 

2021-05-04 09:10:10 - [MESSAGE][WARNING] - Object 'Object Repository/Canine/Filter/Breed/Poodle_Chkbx' is not present after 10 second(s)

2021-05-04 09:10:10 - [TEST_STEP][PASSED] - ctdc.utilities.runtestcaseforKatalon.clickTab("Object Repository/Canine/Filter/Breed/Poodle_Chkbx"): ctdc.utilities.runtestcaseforKatalon.clickTab is PASSED

2021-05-04 09:10:10 - [MESSAGE][PASSED] - ctdc.utilities.runtestcaseforKatalon.clickTab is PASSED

2021-05-04 09:10:10 - [TEST_STEP][PASSED] - ctdc.utilities.runtestcaseforKatalon.clickTab("Object Repository/Canine/Filter/Breed/BREED_Ddn"): ctdc.utilities.runtestcaseforKatalon.clickTab is PASSED

2021-05-04 09:10:10 - [MESSAGE][PASSED] - ctdc.utilities.runtestcaseforKatalon.clickTab is PASSED

2021-05-04 09:10:10 - [TEST_STEP][PASSED] - Thread.sleep(2000): null

2021-05-04 09:10:12 - [TEST_STEP][PASSED] - waitForElementPresent(findTestObject("Object Repository/Canine/Filter/Diagnosis/DIAGNOSIS_Ddn"), 10): Object 'Object Repository/Canine/Filter/Diagnosis/DIAGNOSIS_Ddn' is not present after 10 second(s)

2021-05-04 09:10:23 - [MESSAGE][INFO] - Unable to find the element located by 'By.xpath: (//*[@id='Diagnosis'])[1]'. Please recheck the objects properties to make sure the desired element is located. 

2021-05-04 09:10:23 - [MESSAGE][WARNING] - Object 'Object Repository/Canine/Filter/Diagnosis/DIAGNOSIS_Ddn' is not present after 10 second(s)

2021-05-04 09:10:23 - [TEST_STEP][PASSED] - ctdc.utilities.runtestcaseforKatalon.clickTab("Object Repository/Canine/Filter/Diagnosis/DIAGNOSIS_Ddn"): ctdc.utilities.runtestcaseforKatalon.clickTab is PASSED

2021-05-04 09:10:23 - [MESSAGE][PASSED] - ctdc.utilities.runtestcaseforKatalon.clickTab is PASSED

2021-05-04 09:10:23 - [TEST_STEP][PASSED] - waitForElementPresent(findTestObject("Object Repository/Canine/Filter/Diagnosis/BladderCancer_Chkbx"), 10): Object 'Object Repository/Canine/Filter/Diagnosis/BladderCancer_Chkbx' is not present after 10 second(s)

2021-05-04 09:10:34 - [MESSAGE][INFO] - Unable to find the element located by 'By.xpath: //*[contains(text(),'Bladder Cancer')]'. Please recheck the objects properties to make sure the desired element is located. 

2021-05-04 09:10:34 - [MESSAGE][WARNING] - Object 'Object Repository/Canine/Filter/Diagnosis/BladderCancer_Chkbx' is not present after 10 second(s)

2021-05-04 09:10:34 - [TEST_STEP][PASSED] - ctdc.utilities.runtestcaseforKatalon.clickTab("Object Repository/Canine/Filter/Diagnosis/BladderCancer_Chkbx"): ctdc.utilities.runtestcaseforKatalon.clickTab is PASSED

2021-05-04 09:10:34 - [MESSAGE][PASSED] - ctdc.utilities.runtestcaseforKatalon.clickTab is PASSED

2021-05-04 09:10:34 - [TEST_STEP][PASSED] - ctdc.utilities.runtestcaseforKatalon.clickTab("Object Repository/Canine/Filter/Diagnosis/DIAGNOSIS_Ddn"): ctdc.utilities.runtestcaseforKatalon.clickTab is PASSED

2021-05-04 09:10:34 - [MESSAGE][PASSED] - ctdc.utilities.runtestcaseforKatalon.clickTab is PASSED

2021-05-04 09:10:34 - [TEST_STEP][PASSED] - Thread.sleep(2000): null

2021-05-04 09:10:36 - [TEST_STEP][PASSED] - waitForElementPresent(findTestObject("Object Repository/Canine/Filter/PrimDiseaseSite/PRIMARYDISEASESITE_Ddn"), 10): Object 'Object Repository/Canine/Filter/PrimDiseaseSite/PRIMARYDISEASESITE_Ddn' is not present after 10 second(s)

2021-05-04 09:10:47 - [MESSAGE][INFO] - Unable to find the element located by 'By.xpath: //*[@id='Primary Disease Site']'. Please recheck the objects properties to make sure the desired element is located. 

2021-05-04 09:10:47 - [MESSAGE][WARNING] - Object 'Object Repository/Canine/Filter/PrimDiseaseSite/PRIMARYDISEASESITE_Ddn' is not present after 10 second(s)

2021-05-04 09:10:47 - [TEST_STEP][PASSED] - ctdc.utilities.runtestcaseforKatalon.clickTab("Object Repository/Canine/Filter/PrimDiseaseSite/PRIMARYDISEASESITE_Ddn"): ctdc.utilities.runtestcaseforKatalon.clickTab is PASSED

2021-05-04 09:10:47 - [MESSAGE][PASSED] - ctdc.utilities.runtestcaseforKatalon.clickTab is PASSED

2021-05-04 09:10:47 - [TEST_STEP][PASSED] - waitForElementPresent(findTestObject("Object Repository/Canine/Filter/PrimDiseaseSite/BladderUrethra_Chkbx"), 10): Object 'Object Repository/Canine/Filter/PrimDiseaseSite/BladderUrethra_Chkbx' is not present after 10 second(s)

2021-05-04 09:10:58 - [MESSAGE][INFO] - Unable to find the element located by 'By.xpath: (//*[contains(text(),'Bladder, Urethra')])[1]'. Please recheck the objects properties to make sure the desired element is located. 

2021-05-04 09:10:58 - [MESSAGE][WARNING] - Object 'Object Repository/Canine/Filter/PrimDiseaseSite/BladderUrethra_Chkbx' is not present after 10 second(s)

2021-05-04 09:10:58 - [TEST_STEP][PASSED] - ctdc.utilities.runtestcaseforKatalon.clickTab("Object Repository/Canine/Filter/PrimDiseaseSite/BladderUrethra_Chkbx"): ctdc.utilities.runtestcaseforKatalon.clickTab is PASSED

2021-05-04 09:10:59 - [MESSAGE][PASSED] - ctdc.utilities.runtestcaseforKatalon.clickTab is PASSED

2021-05-04 09:10:59 - [TEST_STEP][PASSED] - ctdc.utilities.runtestcaseforKatalon.clickTab("Object Repository/Canine/Filter/PrimDiseaseSite/PRIMARYDISEASESITE_Ddn"): ctdc.utilities.runtestcaseforKatalon.clickTab is PASSED

2021-05-04 09:10:59 - [MESSAGE][PASSED] - ctdc.utilities.runtestcaseforKatalon.clickTab is PASSED

2021-05-04 09:10:59 - [TEST_STEP][PASSED] - Thread.sleep(2000): null

2021-05-04 09:11:01 - [TEST_STEP][PASSED] - ctdc.utilities.runtestcaseforKatalon.readStatBarCanine("Object Repository/Canine/StatBar/Canine_StatBar-Studies", "Object Repository/Canine/StatBar/Canine_StatBar-Cases", "Object Repository/Canine/StatBar/Canine_StatBar-Samples", "Object Repository/Canine/StatBar/Canine_StatBar-Files", "Object Repository/Canine/StatBar/Canine_StatBar-Aliquots"): ctdc.utilities.runtestcaseforKatalon.readStatBarCanine is PASSED

2021-05-04 09:11:16 - [MESSAGE][PASSED] - ctdc.utilities.runtestcaseforKatalon.readStatBarCanine is PASSED

2021-05-04 09:11:16 - [TEST_STEP][PASSED] - waitForElementPresent(findTestObject("Object Repository/Canine/CanineResults_Cases_Tab"), 5): Object 'Object Repository/Canine/CanineResults_Cases_Tab' is not present after 5 second(s)

2021-05-04 09:11:22 - [MESSAGE][INFO] - Unable to find the element located by 'By.xpath: //*[@id="case_tab"]'. Please recheck the objects properties to make sure the desired element is located. 

2021-05-04 09:11:22 - [MESSAGE][WARNING] - Object 'Object Repository/Canine/CanineResults_Cases_Tab' is not present after 5 second(s)

2021-05-04 09:11:22 - [TEST_STEP][PASSED] - ctdc.utilities.runtestcaseforKatalon.clickTab("Object Repository/Canine/CanineResults_Cases_Tab"): ctdc.utilities.runtestcaseforKatalon.clickTab is PASSED

2021-05-04 09:11:22 - [MESSAGE][PASSED] - ctdc.utilities.runtestcaseforKatalon.clickTab is PASSED

2021-05-04 09:11:22 - [TEST_STEP][PASSED] - ctdc.utilities.runtestcaseforKatalon.multiFunction("ICDC", G_StatBar_Cases, "Object Repository/Canine/Canine_CasesTable", "Object Repository/Canine/Canine_TableHeader", "Object Repository/Canine/Canine_CasesTabNextBtn", G_WebTabnameCases, G_CypherTabnameCases, G_QueryCasesTab): Statbar Arms count matches

2021-05-04 09:11:39 - [MESSAGE][PASSED] - Statbar Files count matches

2021-05-04 09:11:39 - [MESSAGE][PASSED] - Statbar Samples count matches

2021-05-04 09:11:39 - [MESSAGE][PASSED] - Statbar Cases count matches

2021-05-04 09:11:39 - [MESSAGE][PASSED] - Statbar Arms count matches

2021-05-04 09:11:39 - [TEST_STEP][PASSED] - closeBrowser(): Browser is closed

2021-05-04 09:11:39 - [MESSAGE][PASSED] - Browser is closed]]></system-out>
         <system-err><![CDATA[]]></system-err>
      </testcase>
      <testcase name="Test Cases/Canine_TestCases/Study-Combinations/TC04_Canine_StudyUBC-Breed_Diagnosis_PrimDiseaseSite" time="212.653" classname="Test Cases/Canine_TestCases/Study-Combinations/TC04_Canine_StudyUBC-Breed_Diagnosis_PrimDiseaseSite" status="PASSED">
         <system-out><![CDATA[2021-05-04 09:11:39 - [TEST_CASE][PASSED] - Test Cases/Canine_TestCases/Study-Combinations/TC04_Canine_StudyUBC-Breed_Diagnosis_PrimDiseaseSite: Test Cases/Canine_TestCases/Study-Combinations/TC04_Canine_StudyUBC-Breed_Diagnosis_PrimDiseaseSite

2021-05-04 09:11:40 - [TEST_STEP][PASSED] - closeBrowser(): Browser is closed

2021-05-04 09:11:40 - [MESSAGE][PASSED] - Browser is closed

2021-05-04 09:11:40 - [TEST_STEP][PASSED] - openBrowser(""): Browser is opened with url: ''

2021-05-04 09:11:40 - [MESSAGE][INFO] - Starting 'Chrome (headless)' driver

2021-05-04 09:11:40 - [MESSAGE][INFO] - User set preference: ['args', '[--no-sandbox]']

2021-05-04 09:11:40 - [MESSAGE][INFO] - Action delay is set to 5,000 milliseconds

2021-05-04 09:11:41 - [MESSAGE][PASSED] - Browser is opened with url: ''

2021-05-04 09:11:41 - [TEST_STEP][PASSED] - maximizeWindow(): Current window maximized

2021-05-04 09:11:41 - [MESSAGE][PASSED] - Current window maximized

2021-05-04 09:11:41 - [TEST_STEP][PASSED] - "Driver opened by Katalon is used in Selenium from this step.": null

2021-05-04 09:11:41 - [TEST_STEP][PASSED] - ctdc.utilities.runtestcaseforKatalon.RunKatalon("TC04_Canine_StudyUBC-Breed_Diagnosis_PrimDiseaseSite.xlsx"): Data loaded from input file for the test case. 

2021-05-04 09:11:41 - [MESSAGE][PASSED] - Test case file loaded This is the full filepath after converting to string :C:\Users\radhakrishnang2\Desktop\Commons_Automation\InputFiles\TC04_Canine_StudyUBC-Breed_Diagnosis_PrimDiseaseSite.xlsx

2021-05-04 09:11:41 - [MESSAGE][INFO] - Global variable set for password file is :  C:\Users\radhakrishnang2\Desktop\Commons_Automation\InputFiles\TC04_Canine_StudyUBC-Breed_Diagnosis_PrimDiseaseSite.xlsx

2021-05-04 09:11:41 - [MESSAGE][PASSED] - Data loaded from input file for the test case. 

2021-05-04 09:12:10 - [TEST_STEP][PASSED] - waitForElementPresent(findTestObject("Canine/NavBar/Canine_Cases_Btn"), 10): Object 'Object Repository/Canine/NavBar/Canine_Cases_Btn' is not present after 10 second(s)

2021-05-04 09:12:21 - [MESSAGE][INFO] - Unable to find the element located by 'By.xpath: //a[contains(@href,'cases')]'. Please recheck the objects properties to make sure the desired element is located. 

2021-05-04 09:12:21 - [MESSAGE][WARNING] - Object 'Object Repository/Canine/NavBar/Canine_Cases_Btn' is not present after 10 second(s)

2021-05-04 09:12:21 - [TEST_STEP][PASSED] - ctdc.utilities.runtestcaseforKatalon.clickTab("Canine/NavBar/Canine_Cases_Btn"): ctdc.utilities.runtestcaseforKatalon.clickTab is PASSED

2021-05-04 09:12:21 - [MESSAGE][PASSED] - ctdc.utilities.runtestcaseforKatalon.clickTab is PASSED

2021-05-04 09:12:21 - [TEST_STEP][PASSED] - waitForElementPresent(findTestObject("Object Repository/Canine/Filter/FilterByCases_Facet"), 10): Object 'Object Repository/Canine/Filter/FilterByCases_Facet' is not present after 10 second(s)

2021-05-04 09:12:32 - [MESSAGE][INFO] - Unable to find the element located by 'By.xpath: //*[contains(text(),'Filter By Cases')]'. Please recheck the objects properties to make sure the desired element is located. 

2021-05-04 09:12:32 - [MESSAGE][WARNING] - Object 'Object Repository/Canine/Filter/FilterByCases_Facet' is not present after 10 second(s)

2021-05-04 09:12:32 - [TEST_STEP][PASSED] - ctdc.utilities.runtestcaseforKatalon.clickTab("Object Repository/Canine/Filter/FilterByCases_Facet"): ctdc.utilities.runtestcaseforKatalon.clickTab is PASSED

2021-05-04 09:12:32 - [MESSAGE][PASSED] - ctdc.utilities.runtestcaseforKatalon.clickTab is PASSED

2021-05-04 09:12:32 - [TEST_STEP][PASSED] - waitForElementPresent(findTestObject("Object Repository/Canine/Filter/Study/Canine_Filter_Study"), 10): Object 'Object Repository/Canine/Filter/Study/Canine_Filter_Study' is not present after 10 second(s)

2021-05-04 09:12:43 - [MESSAGE][INFO] - Unable to find the element located by 'By.xpath: //*[@id='Study']'. Please recheck the objects properties to make sure the desired element is located. 

2021-05-04 09:12:43 - [MESSAGE][WARNING] - Object 'Object Repository/Canine/Filter/Study/Canine_Filter_Study' is not present after 10 second(s)

2021-05-04 09:12:43 - [TEST_STEP][PASSED] - ctdc.utilities.runtestcaseforKatalon.clickTab("Object Repository/Canine/Filter/Study/Canine_Filter_Study"): ctdc.utilities.runtestcaseforKatalon.clickTab is PASSED

2021-05-04 09:12:43 - [MESSAGE][PASSED] - ctdc.utilities.runtestcaseforKatalon.clickTab is PASSED

2021-05-04 09:12:43 - [TEST_STEP][PASSED] - waitForElementPresent(findTestObject("Object Repository/Canine/Filter/Study/Canine_Filter_Study-UBC_Chkbx"), 10): Object 'Object Repository/Canine/Filter/Study/Canine_Filter_Study-UBC_Chkbx' is not present after 10 second(s)

2021-05-04 09:12:54 - [MESSAGE][INFO] - Unable to find the element located by 'By.xpath: (//*[contains(text(),'UBC')])[1]'. Please recheck the objects properties to make sure the desired element is located. 

2021-05-04 09:12:54 - [MESSAGE][WARNING] - Object 'Object Repository/Canine/Filter/Study/Canine_Filter_Study-UBC_Chkbx' is not present after 10 second(s)

2021-05-04 09:12:54 - [TEST_STEP][PASSED] - ctdc.utilities.runtestcaseforKatalon.clickTab("Object Repository/Canine/Filter/Study/Canine_Filter_Study-UBC_Chkbx"): ctdc.utilities.runtestcaseforKatalon.clickTab is PASSED

2021-05-04 09:12:55 - [MESSAGE][PASSED] - ctdc.utilities.runtestcaseforKatalon.clickTab is PASSED

2021-05-04 09:12:55 - [TEST_STEP][PASSED] - Thread.sleep(2000): null

2021-05-04 09:12:57 - [TEST_STEP][PASSED] - waitForElementPresent(findTestObject("Object Repository/Canine/Filter/Breed/BREED_Ddn"), 10): Object 'Object Repository/Canine/Filter/Breed/BREED_Ddn' is not present after 10 second(s)

2021-05-04 09:13:08 - [MESSAGE][INFO] - Unable to find the element located by 'By.xpath: //*[@id='Breed']'. Please recheck the objects properties to make sure the desired element is located. 

2021-05-04 09:13:08 - [MESSAGE][WARNING] - Object 'Object Repository/Canine/Filter/Breed/BREED_Ddn' is not present after 10 second(s)

2021-05-04 09:13:08 - [TEST_STEP][PASSED] - ctdc.utilities.runtestcaseforKatalon.clickTab("Object Repository/Canine/Filter/Breed/BREED_Ddn"): ctdc.utilities.runtestcaseforKatalon.clickTab is PASSED

2021-05-04 09:13:08 - [MESSAGE][PASSED] - ctdc.utilities.runtestcaseforKatalon.clickTab is PASSED

2021-05-04 09:13:08 - [TEST_STEP][PASSED] - waitForElementPresent(findTestObject("Object Repository/Canine/Filter/Breed/IrishTerr_Chkbx"), 10): Object 'Object Repository/Canine/Filter/Breed/IrishTerr_Chkbx' is not present after 10 second(s)

2021-05-04 09:13:19 - [MESSAGE][INFO] - Unable to find the element located by 'By.xpath: //*[contains(text(),'Irish Terrier')]'. Please recheck the objects properties to make sure the desired element is located. 

2021-05-04 09:13:19 - [MESSAGE][WARNING] - Object 'Object Repository/Canine/Filter/Breed/IrishTerr_Chkbx' is not present after 10 second(s)

2021-05-04 09:13:19 - [TEST_STEP][PASSED] - ctdc.utilities.runtestcaseforKatalon.clickTab("Object Repository/Canine/Filter/Breed/IrishTerr_Chkbx"): ctdc.utilities.runtestcaseforKatalon.clickTab is PASSED

2021-05-04 09:13:19 - [MESSAGE][PASSED] - ctdc.utilities.runtestcaseforKatalon.clickTab is PASSED

2021-05-04 09:13:19 - [TEST_STEP][PASSED] - waitForElementPresent(findTestObject("Object Repository/Canine/Filter/Breed/Poodle_Chkbx"), 10): Object 'Object Repository/Canine/Filter/Breed/Poodle_Chkbx' is not present after 10 second(s)

2021-05-04 09:13:30 - [MESSAGE][INFO] - Unable to find the element located by 'By.xpath: //*[contains(text(),'Poodle')]'. Please recheck the objects properties to make sure the desired element is located. 

2021-05-04 09:13:30 - [MESSAGE][WARNING] - Object 'Object Repository/Canine/Filter/Breed/Poodle_Chkbx' is not present after 10 second(s)

2021-05-04 09:13:30 - [TEST_STEP][PASSED] - ctdc.utilities.runtestcaseforKatalon.clickTab("Object Repository/Canine/Filter/Breed/Poodle_Chkbx"): ctdc.utilities.runtestcaseforKatalon.clickTab is PASSED

2021-05-04 09:13:30 - [MESSAGE][PASSED] - ctdc.utilities.runtestcaseforKatalon.clickTab is PASSED

2021-05-04 09:13:30 - [TEST_STEP][PASSED] - waitForElementPresent(findTestObject("Object Repository/Canine/Filter/Breed/WireFoxTerr_Chkbx"), 10): Object 'Object Repository/Canine/Filter/Breed/WireFoxTerr_Chkbx' is not present after 10 second(s)

2021-05-04 09:13:41 - [MESSAGE][INFO] - Unable to find the element located by 'By.xpath: //*[contains(text(),'Wire Fox Terrier')]'. Please recheck the objects properties to make sure the desired element is located. 

2021-05-04 09:13:41 - [MESSAGE][WARNING] - Object 'Object Repository/Canine/Filter/Breed/WireFoxTerr_Chkbx' is not present after 10 second(s)

2021-05-04 09:13:41 - [TEST_STEP][PASSED] - ctdc.utilities.runtestcaseforKatalon.clickTab("Object Repository/Canine/Filter/Breed/WireFoxTerr_Chkbx"): ctdc.utilities.runtestcaseforKatalon.clickTab is PASSED

2021-05-04 09:13:42 - [MESSAGE][PASSED] - ctdc.utilities.runtestcaseforKatalon.clickTab is PASSED

2021-05-04 09:13:42 - [TEST_STEP][PASSED] - ctdc.utilities.runtestcaseforKatalon.clickTab("Object Repository/Canine/Filter/Breed/BREED_Ddn"): ctdc.utilities.runtestcaseforKatalon.clickTab is PASSED

2021-05-04 09:13:42 - [MESSAGE][PASSED] - ctdc.utilities.runtestcaseforKatalon.clickTab is PASSED

2021-05-04 09:13:42 - [TEST_STEP][PASSED] - Thread.sleep(2000): null

2021-05-04 09:13:44 - [TEST_STEP][PASSED] - waitForElementPresent(findTestObject("Object Repository/Canine/Filter/Diagnosis/DIAGNOSIS_Ddn"), 10): Object 'Object Repository/Canine/Filter/Diagnosis/DIAGNOSIS_Ddn' is not present after 10 second(s)

2021-05-04 09:13:55 - [MESSAGE][INFO] - Unable to find the element located by 'By.xpath: (//*[@id='Diagnosis'])[1]'. Please recheck the objects properties to make sure the desired element is located. 

2021-05-04 09:13:55 - [MESSAGE][WARNING] - Object 'Object Repository/Canine/Filter/Diagnosis/DIAGNOSIS_Ddn' is not present after 10 second(s)

2021-05-04 09:13:55 - [TEST_STEP][PASSED] - ctdc.utilities.runtestcaseforKatalon.clickTab("Object Repository/Canine/Filter/Diagnosis/DIAGNOSIS_Ddn"): ctdc.utilities.runtestcaseforKatalon.clickTab is PASSED

2021-05-04 09:13:55 - [MESSAGE][PASSED] - ctdc.utilities.runtestcaseforKatalon.clickTab is PASSED

2021-05-04 09:13:55 - [TEST_STEP][PASSED] - waitForElementPresent(findTestObject("Object Repository/Canine/Filter/Diagnosis/BladderCancer_Chkbx"), 10): Object 'Object Repository/Canine/Filter/Diagnosis/BladderCancer_Chkbx' is not present after 10 second(s)

2021-05-04 09:14:06 - [MESSAGE][INFO] - Unable to find the element located by 'By.xpath: //*[contains(text(),'Bladder Cancer')]'. Please recheck the objects properties to make sure the desired element is located. 

2021-05-04 09:14:06 - [MESSAGE][WARNING] - Object 'Object Repository/Canine/Filter/Diagnosis/BladderCancer_Chkbx' is not present after 10 second(s)

2021-05-04 09:14:06 - [TEST_STEP][PASSED] - ctdc.utilities.runtestcaseforKatalon.clickTab("Object Repository/Canine/Filter/Diagnosis/BladderCancer_Chkbx"): ctdc.utilities.runtestcaseforKatalon.clickTab is PASSED

2021-05-04 09:14:06 - [MESSAGE][PASSED] - ctdc.utilities.runtestcaseforKatalon.clickTab is PASSED

2021-05-04 09:14:06 - [TEST_STEP][PASSED] - ctdc.utilities.runtestcaseforKatalon.clickTab("Object Repository/Canine/Filter/Diagnosis/DIAGNOSIS_Ddn"): ctdc.utilities.runtestcaseforKatalon.clickTab is PASSED

2021-05-04 09:14:06 - [MESSAGE][PASSED] - ctdc.utilities.runtestcaseforKatalon.clickTab is PASSED

2021-05-04 09:14:06 - [TEST_STEP][PASSED] - Thread.sleep(2000): null

2021-05-04 09:14:08 - [TEST_STEP][PASSED] - waitForElementPresent(findTestObject("Object Repository/Canine/Filter/PrimDiseaseSite/PRIMARYDISEASESITE_Ddn"), 10): Object 'Object Repository/Canine/Filter/PrimDiseaseSite/PRIMARYDISEASESITE_Ddn' is not present after 10 second(s)

2021-05-04 09:14:19 - [MESSAGE][INFO] - Unable to find the element located by 'By.xpath: //*[@id='Primary Disease Site']'. Please recheck the objects properties to make sure the desired element is located. 

2021-05-04 09:14:19 - [MESSAGE][WARNING] - Object 'Object Repository/Canine/Filter/PrimDiseaseSite/PRIMARYDISEASESITE_Ddn' is not present after 10 second(s)

2021-05-04 09:14:19 - [TEST_STEP][PASSED] - ctdc.utilities.runtestcaseforKatalon.clickTab("Object Repository/Canine/Filter/PrimDiseaseSite/PRIMARYDISEASESITE_Ddn"): ctdc.utilities.runtestcaseforKatalon.clickTab is PASSED

2021-05-04 09:14:20 - [MESSAGE][PASSED] - ctdc.utilities.runtestcaseforKatalon.clickTab is PASSED

2021-05-04 09:14:20 - [TEST_STEP][PASSED] - waitForElementPresent(findTestObject("Object Repository/Canine/Filter/PrimDiseaseSite/BladderUrethra_Chkbx"), 10): Object 'Object Repository/Canine/Filter/PrimDiseaseSite/BladderUrethra_Chkbx' is not present after 10 second(s)

2021-05-04 09:14:31 - [MESSAGE][INFO] - Unable to find the element located by 'By.xpath: (//*[contains(text(),'Bladder, Urethra')])[1]'. Please recheck the objects properties to make sure the desired element is located. 

2021-05-04 09:14:31 - [MESSAGE][WARNING] - Object 'Object Repository/Canine/Filter/PrimDiseaseSite/BladderUrethra_Chkbx' is not present after 10 second(s)

2021-05-04 09:14:31 - [TEST_STEP][PASSED] - ctdc.utilities.runtestcaseforKatalon.clickTab("Object Repository/Canine/Filter/PrimDiseaseSite/BladderUrethra_Chkbx"): ctdc.utilities.runtestcaseforKatalon.clickTab is PASSED

2021-05-04 09:14:31 - [MESSAGE][PASSED] - ctdc.utilities.runtestcaseforKatalon.clickTab is PASSED

2021-05-04 09:14:31 - [TEST_STEP][PASSED] - ctdc.utilities.runtestcaseforKatalon.clickTab("Object Repository/Canine/Filter/PrimDiseaseSite/PRIMARYDISEASESITE_Ddn"): ctdc.utilities.runtestcaseforKatalon.clickTab is PASSED

2021-05-04 09:14:31 - [MESSAGE][PASSED] - ctdc.utilities.runtestcaseforKatalon.clickTab is PASSED

2021-05-04 09:14:31 - [TEST_STEP][PASSED] - Thread.sleep(2000): null

2021-05-04 09:14:33 - [TEST_STEP][PASSED] - ctdc.utilities.runtestcaseforKatalon.readStatBarCanine("Object Repository/Canine/StatBar/Canine_StatBar-Studies", "Object Repository/Canine/StatBar/Canine_StatBar-Cases", "Object Repository/Canine/StatBar/Canine_StatBar-Samples", "Object Repository/Canine/StatBar/Canine_StatBar-Files", "Object Repository/Canine/StatBar/Canine_StatBar-Aliquots"): ctdc.utilities.runtestcaseforKatalon.readStatBarCanine is PASSED

2021-05-04 09:14:48 - [MESSAGE][PASSED] - ctdc.utilities.runtestcaseforKatalon.readStatBarCanine is PASSED

2021-05-04 09:14:48 - [TEST_STEP][PASSED] - waitForElementPresent(findTestObject("Object Repository/Canine/CanineResults_Cases_Tab"), 5): Object 'Object Repository/Canine/CanineResults_Cases_Tab' is not present after 5 second(s)

2021-05-04 09:14:54 - [MESSAGE][INFO] - Unable to find the element located by 'By.xpath: //*[@id="case_tab"]'. Please recheck the objects properties to make sure the desired element is located. 

2021-05-04 09:14:54 - [MESSAGE][WARNING] - Object 'Object Repository/Canine/CanineResults_Cases_Tab' is not present after 5 second(s)

2021-05-04 09:14:54 - [TEST_STEP][PASSED] - ctdc.utilities.runtestcaseforKatalon.clickTab("Object Repository/Canine/CanineResults_Cases_Tab"): ctdc.utilities.runtestcaseforKatalon.clickTab is PASSED

2021-05-04 09:14:55 - [MESSAGE][PASSED] - ctdc.utilities.runtestcaseforKatalon.clickTab is PASSED

2021-05-04 09:14:55 - [TEST_STEP][PASSED] - ctdc.utilities.runtestcaseforKatalon.multiFunction("ICDC", G_StatBar_Cases, "Object Repository/Canine/Canine_CasesTable", "Object Repository/Canine/Canine_TableHeader", "Object Repository/Canine/Canine_CasesTabNextBtn", G_WebTabnameCases, G_CypherTabnameCases, G_QueryCasesTab): Statbar Arms count matches

2021-05-04 09:15:11 - [MESSAGE][PASSED] - Statbar Files count matches

2021-05-04 09:15:11 - [MESSAGE][PASSED] - Statbar Samples count matches

2021-05-04 09:15:11 - [MESSAGE][PASSED] - Statbar Cases count matches

2021-05-04 09:15:11 - [MESSAGE][PASSED] - Statbar Arms count matches

2021-05-04 09:15:11 - [TEST_STEP][PASSED] - closeBrowser(): Browser is closed

2021-05-04 09:15:12 - [MESSAGE][PASSED] - Browser is closed]]></system-out>
         <system-err><![CDATA[]]></system-err>
      </testcase>
      <testcase name="Test Cases/Canine_TestCases/Study-Combinations/TC05_Canine_StudyUBC-Breed_Diagnosis_PrimDiseaseSite" time="281.905" classname="Test Cases/Canine_TestCases/Study-Combinations/TC05_Canine_StudyUBC-Breed_Diagnosis_PrimDiseaseSite" status="PASSED">
         <system-out><![CDATA[2021-05-04 09:15:12 - [TEST_CASE][PASSED] - Test Cases/Canine_TestCases/Study-Combinations/TC05_Canine_StudyUBC-Breed_Diagnosis_PrimDiseaseSite: Test Cases/Canine_TestCases/Study-Combinations/TC05_Canine_StudyUBC-Breed_Diagnosis_PrimDiseaseSite

2021-05-04 09:15:12 - [TEST_STEP][PASSED] - closeBrowser(): Browser is closed

2021-05-04 09:15:12 - [MESSAGE][PASSED] - Browser is closed

2021-05-04 09:15:12 - [TEST_STEP][PASSED] - openBrowser(""): Browser is opened with url: ''

2021-05-04 09:15:12 - [MESSAGE][INFO] - Starting 'Chrome (headless)' driver

2021-05-04 09:15:12 - [MESSAGE][INFO] - User set preference: ['args', '[--no-sandbox]']

2021-05-04 09:15:12 - [MESSAGE][INFO] - Action delay is set to 5,000 milliseconds

2021-05-04 09:15:14 - [MESSAGE][PASSED] - Browser is opened with url: ''

2021-05-04 09:15:14 - [TEST_STEP][PASSED] - maximizeWindow(): Current window maximized

2021-05-04 09:15:14 - [MESSAGE][PASSED] - Current window maximized

2021-05-04 09:15:14 - [TEST_STEP][PASSED] - "Driver opened by Katalon is used in Selenium from this step.": null

2021-05-04 09:15:14 - [TEST_STEP][PASSED] - ctdc.utilities.runtestcaseforKatalon.RunKatalon("TC05_Canine_StudyUBC-Breed_Diagnosis_PrimDiseaseSite.xlsx"): Data loaded from input file for the test case. 

2021-05-04 09:15:14 - [MESSAGE][PASSED] - Test case file loaded This is the full filepath after converting to string :C:\Users\radhakrishnang2\Desktop\Commons_Automation\InputFiles\TC05_Canine_StudyUBC-Breed_Diagnosis_PrimDiseaseSite.xlsx

2021-05-04 09:15:14 - [MESSAGE][INFO] - Global variable set for password file is :  C:\Users\radhakrishnang2\Desktop\Commons_Automation\InputFiles\TC05_Canine_StudyUBC-Breed_Diagnosis_PrimDiseaseSite.xlsx

2021-05-04 09:15:14 - [MESSAGE][PASSED] - Data loaded from input file for the test case. 

2021-05-04 09:15:39 - [TEST_STEP][PASSED] - waitForElementPresent(findTestObject("Canine/NavBar/Canine_Cases_Btn"), 10): Object 'Object Repository/Canine/NavBar/Canine_Cases_Btn' is not present after 10 second(s)

2021-05-04 09:15:51 - [MESSAGE][INFO] - Unable to find the element located by 'By.xpath: //a[contains(@href,'cases')]'. Please recheck the objects properties to make sure the desired element is located. 

2021-05-04 09:15:51 - [MESSAGE][WARNING] - Object 'Object Repository/Canine/NavBar/Canine_Cases_Btn' is not present after 10 second(s)

2021-05-04 09:15:51 - [TEST_STEP][PASSED] - ctdc.utilities.runtestcaseforKatalon.clickTab("Canine/NavBar/Canine_Cases_Btn"): ctdc.utilities.runtestcaseforKatalon.clickTab is PASSED

2021-05-04 09:15:51 - [MESSAGE][PASSED] - ctdc.utilities.runtestcaseforKatalon.clickTab is PASSED

2021-05-04 09:15:51 - [TEST_STEP][PASSED] - waitForElementPresent(findTestObject("Object Repository/Canine/Filter/FilterByCases_Facet"), 10): Object 'Object Repository/Canine/Filter/FilterByCases_Facet' is not present after 10 second(s)

2021-05-04 09:16:02 - [MESSAGE][INFO] - Unable to find the element located by 'By.xpath: //*[contains(text(),'Filter By Cases')]'. Please recheck the objects properties to make sure the desired element is located. 

2021-05-04 09:16:02 - [MESSAGE][WARNING] - Object 'Object Repository/Canine/Filter/FilterByCases_Facet' is not present after 10 second(s)

2021-05-04 09:16:02 - [TEST_STEP][PASSED] - ctdc.utilities.runtestcaseforKatalon.clickTab("Object Repository/Canine/Filter/FilterByCases_Facet"): ctdc.utilities.runtestcaseforKatalon.clickTab is PASSED

2021-05-04 09:16:02 - [MESSAGE][PASSED] - ctdc.utilities.runtestcaseforKatalon.clickTab is PASSED

2021-05-04 09:16:02 - [TEST_STEP][PASSED] - waitForElementPresent(findTestObject("Object Repository/Canine/Filter/Study/Canine_Filter_Study"), 10): Object 'Object Repository/Canine/Filter/Study/Canine_Filter_Study' is not present after 10 second(s)

2021-05-04 09:16:13 - [MESSAGE][INFO] - Unable to find the element located by 'By.xpath: //*[@id='Study']'. Please recheck the objects properties to make sure the desired element is located. 

2021-05-04 09:16:13 - [MESSAGE][WARNING] - Object 'Object Repository/Canine/Filter/Study/Canine_Filter_Study' is not present after 10 second(s)

2021-05-04 09:16:13 - [TEST_STEP][PASSED] - ctdc.utilities.runtestcaseforKatalon.clickTab("Object Repository/Canine/Filter/Study/Canine_Filter_Study"): ctdc.utilities.runtestcaseforKatalon.clickTab is PASSED

2021-05-04 09:16:13 - [MESSAGE][PASSED] - ctdc.utilities.runtestcaseforKatalon.clickTab is PASSED

2021-05-04 09:16:13 - [TEST_STEP][PASSED] - waitForElementPresent(findTestObject("Object Repository/Canine/Filter/Study/Canine_Filter_Study-UBC_Chkbx"), 10): Object 'Object Repository/Canine/Filter/Study/Canine_Filter_Study-UBC_Chkbx' is not present after 10 second(s)

2021-05-04 09:16:24 - [MESSAGE][INFO] - Unable to find the element located by 'By.xpath: (//*[contains(text(),'UBC')])[1]'. Please recheck the objects properties to make sure the desired element is located. 

2021-05-04 09:16:25 - [MESSAGE][WARNING] - Object 'Object Repository/Canine/Filter/Study/Canine_Filter_Study-UBC_Chkbx' is not present after 10 second(s)

2021-05-04 09:16:25 - [TEST_STEP][PASSED] - ctdc.utilities.runtestcaseforKatalon.clickTab("Object Repository/Canine/Filter/Study/Canine_Filter_Study-UBC_Chkbx"): ctdc.utilities.runtestcaseforKatalon.clickTab is PASSED

2021-05-04 09:16:25 - [MESSAGE][PASSED] - ctdc.utilities.runtestcaseforKatalon.clickTab is PASSED

2021-05-04 09:16:25 - [TEST_STEP][PASSED] - Thread.sleep(2000): null

2021-05-04 09:16:27 - [TEST_STEP][PASSED] - waitForElementPresent(findTestObject("Object Repository/Canine/Filter/Breed/BREED_Ddn"), 10): Object 'Object Repository/Canine/Filter/Breed/BREED_Ddn' is not present after 10 second(s)

2021-05-04 09:16:38 - [MESSAGE][INFO] - Unable to find the element located by 'By.xpath: //*[@id='Breed']'. Please recheck the objects properties to make sure the desired element is located. 

2021-05-04 09:16:38 - [MESSAGE][WARNING] - Object 'Object Repository/Canine/Filter/Breed/BREED_Ddn' is not present after 10 second(s)

2021-05-04 09:16:38 - [TEST_STEP][PASSED] - ctdc.utilities.runtestcaseforKatalon.clickTab("Object Repository/Canine/Filter/Breed/BREED_Ddn"): ctdc.utilities.runtestcaseforKatalon.clickTab is PASSED

2021-05-04 09:16:38 - [MESSAGE][PASSED] - ctdc.utilities.runtestcaseforKatalon.clickTab is PASSED

2021-05-04 09:16:38 - [TEST_STEP][PASSED] - waitForElementPresent(findTestObject("Object Repository/Canine/Filter/Breed/Mixed_Chkbx"), 10): Object 'Object Repository/Canine/Filter/Breed/Mixed_Chkbx' is not present after 10 second(s)

2021-05-04 09:16:49 - [MESSAGE][INFO] - Unable to find the element located by 'By.xpath: //*[contains(text(),'Mixed Breed')]'. Please recheck the objects properties to make sure the desired element is located. 

2021-05-04 09:16:49 - [MESSAGE][WARNING] - Object 'Object Repository/Canine/Filter/Breed/Mixed_Chkbx' is not present after 10 second(s)

2021-05-04 09:16:49 - [TEST_STEP][PASSED] - ctdc.utilities.runtestcaseforKatalon.clickTab("Object Repository/Canine/Filter/Breed/Mixed_Chkbx"): ctdc.utilities.runtestcaseforKatalon.clickTab is PASSED

2021-05-04 09:16:50 - [MESSAGE][PASSED] - ctdc.utilities.runtestcaseforKatalon.clickTab is PASSED

2021-05-04 09:16:50 - [TEST_STEP][PASSED] - waitForElementPresent(findTestObject("Object Repository/Canine/Filter/Breed/ScottTerr_Chkbx"), 10): Object 'Object Repository/Canine/Filter/Breed/ScottTerr_Chkbx' is not present after 10 second(s)

2021-05-04 09:17:01 - [MESSAGE][INFO] - Unable to find the element located by 'By.xpath: //*[contains(text(),'Scottish Terrier')]'. Please recheck the objects properties to make sure the desired element is located. 

2021-05-04 09:17:01 - [MESSAGE][WARNING] - Object 'Object Repository/Canine/Filter/Breed/ScottTerr_Chkbx' is not present after 10 second(s)

2021-05-04 09:17:01 - [TEST_STEP][PASSED] - ctdc.utilities.runtestcaseforKatalon.clickTab("Object Repository/Canine/Filter/Breed/ScottTerr_Chkbx"): ctdc.utilities.runtestcaseforKatalon.clickTab is PASSED

2021-05-04 09:17:01 - [MESSAGE][PASSED] - ctdc.utilities.runtestcaseforKatalon.clickTab is PASSED

2021-05-04 09:17:01 - [TEST_STEP][PASSED] - waitForElementPresent(findTestObject("Object Repository/Canine/Filter/Breed/ShetlandShpdog_Chkbx"), 10): Object 'Object Repository/Canine/Filter/Breed/ShetlandShpdog_Chkbx' is not present after 10 second(s)

2021-05-04 09:17:12 - [MESSAGE][INFO] - Unable to find the element located by 'By.xpath: //*[contains(text(),'Shetland Sheepdog')]'. Please recheck the objects properties to make sure the desired element is located. 

2021-05-04 09:17:12 - [MESSAGE][WARNING] - Object 'Object Repository/Canine/Filter/Breed/ShetlandShpdog_Chkbx' is not present after 10 second(s)

2021-05-04 09:17:12 - [TEST_STEP][PASSED] - ctdc.utilities.runtestcaseforKatalon.clickTab("Object Repository/Canine/Filter/Breed/ShetlandShpdog_Chkbx"): ctdc.utilities.runtestcaseforKatalon.clickTab is PASSED

2021-05-04 09:17:12 - [MESSAGE][PASSED] - ctdc.utilities.runtestcaseforKatalon.clickTab is PASSED

2021-05-04 09:17:12 - [TEST_STEP][PASSED] - ctdc.utilities.runtestcaseforKatalon.clickTab("Object Repository/Canine/Filter/Breed/BREED_Ddn"): ctdc.utilities.runtestcaseforKatalon.clickTab is PASSED

2021-05-04 09:17:12 - [MESSAGE][PASSED] - ctdc.utilities.runtestcaseforKatalon.clickTab is PASSED

2021-05-04 09:17:12 - [TEST_STEP][PASSED] - waitForElementPresent(findTestObject("Object Repository/Canine/Filter/Diagnosis/DIAGNOSIS_Ddn"), 10): Object 'Object Repository/Canine/Filter/Diagnosis/DIAGNOSIS_Ddn' is not present after 10 second(s)

2021-05-04 09:17:23 - [MESSAGE][INFO] - Unable to find the element located by 'By.xpath: (//*[@id='Diagnosis'])[1]'. Please recheck the objects properties to make sure the desired element is located. 

2021-05-04 09:17:23 - [MESSAGE][WARNING] - Object 'Object Repository/Canine/Filter/Diagnosis/DIAGNOSIS_Ddn' is not present after 10 second(s)

2021-05-04 09:17:23 - [TEST_STEP][PASSED] - ctdc.utilities.runtestcaseforKatalon.clickTab("Object Repository/Canine/Filter/Diagnosis/DIAGNOSIS_Ddn"): ctdc.utilities.runtestcaseforKatalon.clickTab is PASSED

2021-05-04 09:17:23 - [MESSAGE][PASSED] - ctdc.utilities.runtestcaseforKatalon.clickTab is PASSED

2021-05-04 09:17:23 - [TEST_STEP][PASSED] - waitForElementPresent(findTestObject("Object Repository/Canine/Filter/Diagnosis/BladderCancer_Chkbx"), 10): Object 'Object Repository/Canine/Filter/Diagnosis/BladderCancer_Chkbx' is not present after 10 second(s)

2021-05-04 09:17:35 - [MESSAGE][INFO] - Unable to find the element located by 'By.xpath: //*[contains(text(),'Bladder Cancer')]'. Please recheck the objects properties to make sure the desired element is located. 

2021-05-04 09:17:35 - [MESSAGE][WARNING] - Object 'Object Repository/Canine/Filter/Diagnosis/BladderCancer_Chkbx' is not present after 10 second(s)

2021-05-04 09:17:35 - [TEST_STEP][PASSED] - ctdc.utilities.runtestcaseforKatalon.clickTab("Object Repository/Canine/Filter/Diagnosis/BladderCancer_Chkbx"): ctdc.utilities.runtestcaseforKatalon.clickTab is PASSED

2021-05-04 09:17:35 - [MESSAGE][PASSED] - ctdc.utilities.runtestcaseforKatalon.clickTab is PASSED

2021-05-04 09:17:35 - [TEST_STEP][PASSED] - waitForElementPresent(findTestObject("Object Repository/Canine/Filter/Diagnosis/HealthyControl_Chkbx"), 10): Object 'Object Repository/Canine/Filter/Diagnosis/HealthyControl_Chkbx' is not present after 10 second(s)

2021-05-04 09:17:46 - [MESSAGE][INFO] - Unable to find the element located by 'By.xpath: //*[contains(text(),'Healthy Control')]'. Please recheck the objects properties to make sure the desired element is located. 

2021-05-04 09:17:46 - [MESSAGE][WARNING] - Object 'Object Repository/Canine/Filter/Diagnosis/HealthyControl_Chkbx' is not present after 10 second(s)

2021-05-04 09:17:46 - [TEST_STEP][PASSED] - ctdc.utilities.runtestcaseforKatalon.clickTab("Object Repository/Canine/Filter/Diagnosis/HealthyControl_Chkbx"): ctdc.utilities.runtestcaseforKatalon.clickTab is PASSED

2021-05-04 09:17:46 - [MESSAGE][PASSED] - ctdc.utilities.runtestcaseforKatalon.clickTab is PASSED

2021-05-04 09:17:46 - [TEST_STEP][PASSED] - ctdc.utilities.runtestcaseforKatalon.clickTab("Object Repository/Canine/Filter/Diagnosis/DIAGNOSIS_Ddn"): ctdc.utilities.runtestcaseforKatalon.clickTab is PASSED

2021-05-04 09:17:47 - [MESSAGE][PASSED] - ctdc.utilities.runtestcaseforKatalon.clickTab is PASSED

2021-05-04 09:17:47 - [TEST_STEP][PASSED] - Thread.sleep(2000): null

2021-05-04 09:17:49 - [TEST_STEP][PASSED] - waitForElementPresent(findTestObject("Object Repository/Canine/Filter/PrimDiseaseSite/PRIMARYDISEASESITE_Ddn"), 10): Object 'Object Repository/Canine/Filter/PrimDiseaseSite/PRIMARYDISEASESITE_Ddn' is not present after 10 second(s)

2021-05-04 09:18:00 - [MESSAGE][INFO] - Unable to find the element located by 'By.xpath: //*[@id='Primary Disease Site']'. Please recheck the objects properties to make sure the desired element is located. 

2021-05-04 09:18:00 - [MESSAGE][WARNING] - Object 'Object Repository/Canine/Filter/PrimDiseaseSite/PRIMARYDISEASESITE_Ddn' is not present after 10 second(s)

2021-05-04 09:18:00 - [TEST_STEP][PASSED] - ctdc.utilities.runtestcaseforKatalon.clickTab("Object Repository/Canine/Filter/PrimDiseaseSite/PRIMARYDISEASESITE_Ddn"): ctdc.utilities.runtestcaseforKatalon.clickTab is PASSED

2021-05-04 09:18:00 - [MESSAGE][PASSED] - ctdc.utilities.runtestcaseforKatalon.clickTab is PASSED

2021-05-04 09:18:00 - [TEST_STEP][PASSED] - waitForElementPresent(findTestObject("Object Repository/Canine/Filter/PrimDiseaseSite/Bladder_Chkbx"), 10): Object 'Object Repository/Canine/Filter/PrimDiseaseSite/Bladder_Chkbx' is not present after 10 second(s)

2021-05-04 09:18:11 - [MESSAGE][INFO] - Unable to find the element located by 'By.xpath: (//*[contains(text(),'Bladder')])[2]'. Please recheck the objects properties to make sure the desired element is located. 

2021-05-04 09:18:11 - [MESSAGE][WARNING] - Object 'Object Repository/Canine/Filter/PrimDiseaseSite/Bladder_Chkbx' is not present after 10 second(s)

2021-05-04 09:18:11 - [TEST_STEP][PASSED] - ctdc.utilities.runtestcaseforKatalon.clickTab("Object Repository/Canine/Filter/PrimDiseaseSite/Bladder_Chkbx"): ctdc.utilities.runtestcaseforKatalon.clickTab is PASSED

2021-05-04 09:18:11 - [MESSAGE][PASSED] - ctdc.utilities.runtestcaseforKatalon.clickTab is PASSED

2021-05-04 09:18:11 - [TEST_STEP][PASSED] - waitForElementPresent(findTestObject("Object Repository/Canine/Filter/PrimDiseaseSite/BladderProstate_Chkbx"), 10): Object 'Object Repository/Canine/Filter/PrimDiseaseSite/BladderProstate_Chkbx' is not present after 10 second(s)

2021-05-04 09:18:22 - [MESSAGE][INFO] - Unable to find the element located by 'By.xpath: //*[contains(text(),'Bladder, Prostate')]'. Please recheck the objects properties to make sure the desired element is located. 

2021-05-04 09:18:22 - [MESSAGE][WARNING] - Object 'Object Repository/Canine/Filter/PrimDiseaseSite/BladderProstate_Chkbx' is not present after 10 second(s)

2021-05-04 09:18:22 - [TEST_STEP][PASSED] - ctdc.utilities.runtestcaseforKatalon.clickTab("Object Repository/Canine/Filter/PrimDiseaseSite/BladderProstate_Chkbx"): ctdc.utilities.runtestcaseforKatalon.clickTab is PASSED

2021-05-04 09:18:22 - [MESSAGE][PASSED] - ctdc.utilities.runtestcaseforKatalon.clickTab is PASSED

2021-05-04 09:18:22 - [TEST_STEP][PASSED] - waitForElementPresent(findTestObject("Object Repository/Canine/Filter/PrimDiseaseSite/BladderUrethra_Chkbx"), 10): Object 'Object Repository/Canine/Filter/PrimDiseaseSite/BladderUrethra_Chkbx' is not present after 10 second(s)

2021-05-04 09:18:33 - [MESSAGE][INFO] - Unable to find the element located by 'By.xpath: (//*[contains(text(),'Bladder, Urethra')])[1]'. Please recheck the objects properties to make sure the desired element is located. 

2021-05-04 09:18:33 - [MESSAGE][WARNING] - Object 'Object Repository/Canine/Filter/PrimDiseaseSite/BladderUrethra_Chkbx' is not present after 10 second(s)

2021-05-04 09:18:33 - [TEST_STEP][PASSED] - ctdc.utilities.runtestcaseforKatalon.clickTab("Object Repository/Canine/Filter/PrimDiseaseSite/BladderUrethra_Chkbx"): ctdc.utilities.runtestcaseforKatalon.clickTab is PASSED

2021-05-04 09:18:33 - [MESSAGE][PASSED] - ctdc.utilities.runtestcaseforKatalon.clickTab is PASSED

2021-05-04 09:18:33 - [TEST_STEP][PASSED] - waitForElementPresent(findTestObject("Object Repository/Canine/Filter/PrimDiseaseSite/BladderUrethraProstate_Chkbx"), 10): Object 'Object Repository/Canine/Filter/PrimDiseaseSite/BladderUrethraProstate_Chkbx' is not present after 10 second(s)

2021-05-04 09:18:44 - [MESSAGE][INFO] - Unable to find the element located by 'By.xpath: //*[contains(text(),'Bladder, Urethra, Prostate')]'. Please recheck the objects properties to make sure the desired element is located. 

2021-05-04 09:18:44 - [MESSAGE][WARNING] - Object 'Object Repository/Canine/Filter/PrimDiseaseSite/BladderUrethraProstate_Chkbx' is not present after 10 second(s)

2021-05-04 09:18:44 - [TEST_STEP][PASSED] - ctdc.utilities.runtestcaseforKatalon.clickTab("Object Repository/Canine/Filter/PrimDiseaseSite/BladderUrethraProstate_Chkbx"): ctdc.utilities.runtestcaseforKatalon.clickTab is PASSED

2021-05-04 09:18:45 - [MESSAGE][PASSED] - ctdc.utilities.runtestcaseforKatalon.clickTab is PASSED

2021-05-04 09:18:45 - [TEST_STEP][PASSED] - waitForElementPresent(findTestObject("Object Repository/Canine/Filter/PrimDiseaseSite/NotApplicable_Chkbx"), 10): Object 'Object Repository/Canine/Filter/PrimDiseaseSite/NotApplicable_Chkbx' is not present after 10 second(s)

2021-05-04 09:18:56 - [MESSAGE][INFO] - Unable to find the element located by 'By.xpath: (//*[contains(text(),'Not Applicable')])[1]'. Please recheck the objects properties to make sure the desired element is located. 

2021-05-04 09:18:56 - [MESSAGE][WARNING] - Object 'Object Repository/Canine/Filter/PrimDiseaseSite/NotApplicable_Chkbx' is not present after 10 second(s)

2021-05-04 09:18:56 - [TEST_STEP][PASSED] - ctdc.utilities.runtestcaseforKatalon.clickTab("Object Repository/Canine/Filter/PrimDiseaseSite/NotApplicable_Chkbx"): ctdc.utilities.runtestcaseforKatalon.clickTab is PASSED

2021-05-04 09:18:56 - [MESSAGE][PASSED] - ctdc.utilities.runtestcaseforKatalon.clickTab is PASSED

2021-05-04 09:18:56 - [TEST_STEP][PASSED] - ctdc.utilities.runtestcaseforKatalon.clickTab("Object Repository/Canine/Filter/PrimDiseaseSite/PRIMARYDISEASESITE_Ddn"): ctdc.utilities.runtestcaseforKatalon.clickTab is PASSED

2021-05-04 09:18:56 - [MESSAGE][PASSED] - ctdc.utilities.runtestcaseforKatalon.clickTab is PASSED

2021-05-04 09:18:56 - [TEST_STEP][PASSED] - Thread.sleep(2000): null

2021-05-04 09:18:58 - [TEST_STEP][PASSED] - ctdc.utilities.runtestcaseforKatalon.readStatBarCanine("Object Repository/Canine/StatBar/Canine_StatBar-Studies", "Object Repository/Canine/StatBar/Canine_StatBar-Cases", "Object Repository/Canine/StatBar/Canine_StatBar-Samples", "Object Repository/Canine/StatBar/Canine_StatBar-Files", "Object Repository/Canine/StatBar/Canine_StatBar-Aliquots"): ctdc.utilities.runtestcaseforKatalon.readStatBarCanine is PASSED

2021-05-04 09:19:14 - [MESSAGE][PASSED] - ctdc.utilities.runtestcaseforKatalon.readStatBarCanine is PASSED

2021-05-04 09:19:14 - [TEST_STEP][PASSED] - waitForElementPresent(findTestObject("Object Repository/Canine/CanineResults_Cases_Tab"), 5): Object 'Object Repository/Canine/CanineResults_Cases_Tab' is not present after 5 second(s)

2021-05-04 09:19:20 - [MESSAGE][INFO] - Unable to find the element located by 'By.xpath: //*[@id="case_tab"]'. Please recheck the objects properties to make sure the desired element is located. 

2021-05-04 09:19:20 - [MESSAGE][WARNING] - Object 'Object Repository/Canine/CanineResults_Cases_Tab' is not present after 5 second(s)

2021-05-04 09:19:20 - [TEST_STEP][PASSED] - ctdc.utilities.runtestcaseforKatalon.clickTab("Object Repository/Canine/CanineResults_Cases_Tab"): ctdc.utilities.runtestcaseforKatalon.clickTab is PASSED

2021-05-04 09:19:20 - [MESSAGE][PASSED] - ctdc.utilities.runtestcaseforKatalon.clickTab is PASSED

2021-05-04 09:19:20 - [TEST_STEP][PASSED] - ctdc.utilities.runtestcaseforKatalon.multiFunction("ICDC", G_StatBar_Cases, "Object Repository/Canine/Canine_CasesTable", "Object Repository/Canine/Canine_TableHeader", "Object Repository/Canine/Canine_CasesTabNextBtn", G_WebTabnameCases, G_CypherTabnameCases, G_QueryCasesTab): Statbar Arms count matches

2021-05-04 09:19:53 - [MESSAGE][PASSED] - Statbar Files count matches

2021-05-04 09:19:53 - [MESSAGE][PASSED] - Statbar Samples count matches

2021-05-04 09:19:53 - [MESSAGE][PASSED] - Statbar Cases count matches

2021-05-04 09:19:53 - [MESSAGE][PASSED] - Statbar Arms count matches

2021-05-04 09:19:53 - [TEST_STEP][PASSED] - closeBrowser(): Browser is closed

2021-05-04 09:19:54 - [MESSAGE][PASSED] - Browser is closed]]></system-out>
         <system-err><![CDATA[]]></system-err>
      </testcase>
      <testcase name="Test Cases/Canine_TestCases/Study-Combinations/TC06_Canine_StudyUBC-Breed_Diagnosis_PrimDiseaseSite" time="275.597" classname="Test Cases/Canine_TestCases/Study-Combinations/TC06_Canine_StudyUBC-Breed_Diagnosis_PrimDiseaseSite" status="PASSED">
         <system-out><![CDATA[2021-05-04 09:19:54 - [TEST_CASE][PASSED] - Test Cases/Canine_TestCases/Study-Combinations/TC06_Canine_StudyUBC-Breed_Diagnosis_PrimDiseaseSite: Test Cases/Canine_TestCases/Study-Combinations/TC06_Canine_StudyUBC-Breed_Diagnosis_PrimDiseaseSite

2021-05-04 09:19:54 - [TEST_STEP][PASSED] - closeBrowser(): Browser is closed

2021-05-04 09:19:54 - [MESSAGE][PASSED] - Browser is closed

2021-05-04 09:19:54 - [TEST_STEP][PASSED] - openBrowser(""): Browser is opened with url: ''

2021-05-04 09:19:54 - [MESSAGE][INFO] - Starting 'Chrome (headless)' driver

2021-05-04 09:19:54 - [MESSAGE][INFO] - User set preference: ['args', '[--no-sandbox]']

2021-05-04 09:19:54 - [MESSAGE][INFO] - Action delay is set to 5,000 milliseconds

2021-05-04 09:19:55 - [MESSAGE][PASSED] - Browser is opened with url: ''

2021-05-04 09:19:55 - [TEST_STEP][PASSED] - maximizeWindow(): Current window maximized

2021-05-04 09:19:55 - [MESSAGE][PASSED] - Current window maximized

2021-05-04 09:19:55 - [TEST_STEP][PASSED] - "Driver opened by Katalon is used in Selenium from this step.": null

2021-05-04 09:19:55 - [TEST_STEP][PASSED] - ctdc.utilities.runtestcaseforKatalon.RunKatalon("TC06_Canine_StudyUBC-Breed_Diagnosis_PrimDiseaseSite.xlsx"): Data loaded from input file for the test case. 

2021-05-04 09:19:55 - [MESSAGE][PASSED] - Test case file loaded This is the full filepath after converting to string :C:\Users\radhakrishnang2\Desktop\Commons_Automation\InputFiles\TC06_Canine_StudyUBC-Breed_Diagnosis_PrimDiseaseSite.xlsx

2021-05-04 09:19:55 - [MESSAGE][INFO] - Global variable set for password file is :  C:\Users\radhakrishnang2\Desktop\Commons_Automation\InputFiles\TC06_Canine_StudyUBC-Breed_Diagnosis_PrimDiseaseSite.xlsx

2021-05-04 09:19:55 - [MESSAGE][PASSED] - Data loaded from input file for the test case. 

2021-05-04 09:20:28 - [TEST_STEP][PASSED] - waitForElementPresent(findTestObject("Canine/NavBar/Canine_Cases_Btn"), 10): Object 'Object Repository/Canine/NavBar/Canine_Cases_Btn' is not present after 10 second(s)

2021-05-04 09:20:39 - [MESSAGE][INFO] - Unable to find the element located by 'By.xpath: //a[contains(@href,'cases')]'. Please recheck the objects properties to make sure the desired element is located. 

2021-05-04 09:20:39 - [MESSAGE][WARNING] - Object 'Object Repository/Canine/NavBar/Canine_Cases_Btn' is not present after 10 second(s)

2021-05-04 09:20:39 - [TEST_STEP][PASSED] - ctdc.utilities.runtestcaseforKatalon.clickTab("Canine/NavBar/Canine_Cases_Btn"): ctdc.utilities.runtestcaseforKatalon.clickTab is PASSED

2021-05-04 09:20:39 - [MESSAGE][PASSED] - ctdc.utilities.runtestcaseforKatalon.clickTab is PASSED

2021-05-04 09:20:39 - [TEST_STEP][PASSED] - waitForElementPresent(findTestObject("Object Repository/Canine/Filter/FilterByCases_Facet"), 10): Object 'Object Repository/Canine/Filter/FilterByCases_Facet' is not present after 10 second(s)

2021-05-04 09:20:50 - [MESSAGE][INFO] - Unable to find the element located by 'By.xpath: //*[contains(text(),'Filter By Cases')]'. Please recheck the objects properties to make sure the desired element is located. 

2021-05-04 09:20:50 - [MESSAGE][WARNING] - Object 'Object Repository/Canine/Filter/FilterByCases_Facet' is not present after 10 second(s)

2021-05-04 09:20:50 - [TEST_STEP][PASSED] - ctdc.utilities.runtestcaseforKatalon.clickTab("Object Repository/Canine/Filter/FilterByCases_Facet"): ctdc.utilities.runtestcaseforKatalon.clickTab is PASSED

2021-05-04 09:20:51 - [MESSAGE][PASSED] - ctdc.utilities.runtestcaseforKatalon.clickTab is PASSED

2021-05-04 09:20:51 - [TEST_STEP][PASSED] - waitForElementPresent(findTestObject("Object Repository/Canine/Filter/Study/Canine_Filter_Study"), 10): Object 'Object Repository/Canine/Filter/Study/Canine_Filter_Study' is not present after 10 second(s)

2021-05-04 09:21:02 - [MESSAGE][INFO] - Unable to find the element located by 'By.xpath: //*[@id='Study']'. Please recheck the objects properties to make sure the desired element is located. 

2021-05-04 09:21:02 - [MESSAGE][WARNING] - Object 'Object Repository/Canine/Filter/Study/Canine_Filter_Study' is not present after 10 second(s)

2021-05-04 09:21:02 - [TEST_STEP][PASSED] - ctdc.utilities.runtestcaseforKatalon.clickTab("Object Repository/Canine/Filter/Study/Canine_Filter_Study"): ctdc.utilities.runtestcaseforKatalon.clickTab is PASSED

2021-05-04 09:21:02 - [MESSAGE][PASSED] - ctdc.utilities.runtestcaseforKatalon.clickTab is PASSED

2021-05-04 09:21:02 - [TEST_STEP][PASSED] - waitForElementPresent(findTestObject("Object Repository/Canine/Filter/Study/Canine_Filter_Study-UBC_Chkbx"), 10): Object 'Object Repository/Canine/Filter/Study/Canine_Filter_Study-UBC_Chkbx' is not present after 10 second(s)

2021-05-04 09:21:13 - [MESSAGE][INFO] - Unable to find the element located by 'By.xpath: (//*[contains(text(),'UBC')])[1]'. Please recheck the objects properties to make sure the desired element is located. 

2021-05-04 09:21:13 - [MESSAGE][WARNING] - Object 'Object Repository/Canine/Filter/Study/Canine_Filter_Study-UBC_Chkbx' is not present after 10 second(s)

2021-05-04 09:21:13 - [TEST_STEP][PASSED] - ctdc.utilities.runtestcaseforKatalon.clickTab("Object Repository/Canine/Filter/Study/Canine_Filter_Study-UBC_Chkbx"): ctdc.utilities.runtestcaseforKatalon.clickTab is PASSED

2021-05-04 09:21:13 - [MESSAGE][PASSED] - ctdc.utilities.runtestcaseforKatalon.clickTab is PASSED

2021-05-04 09:21:13 - [TEST_STEP][PASSED] - Thread.sleep(2000): null

2021-05-04 09:21:15 - [TEST_STEP][PASSED] - waitForElementPresent(findTestObject("Object Repository/Canine/Filter/Breed/BREED_Ddn"), 10): Object 'Object Repository/Canine/Filter/Breed/BREED_Ddn' is not present after 10 second(s)

2021-05-04 09:21:26 - [MESSAGE][INFO] - Unable to find the element located by 'By.xpath: //*[@id='Breed']'. Please recheck the objects properties to make sure the desired element is located. 

2021-05-04 09:21:26 - [MESSAGE][WARNING] - Object 'Object Repository/Canine/Filter/Breed/BREED_Ddn' is not present after 10 second(s)

2021-05-04 09:21:26 - [TEST_STEP][PASSED] - ctdc.utilities.runtestcaseforKatalon.clickTab("Object Repository/Canine/Filter/Breed/BREED_Ddn"): ctdc.utilities.runtestcaseforKatalon.clickTab is PASSED

2021-05-04 09:21:27 - [MESSAGE][PASSED] - ctdc.utilities.runtestcaseforKatalon.clickTab is PASSED

2021-05-04 09:21:27 - [TEST_STEP][PASSED] - waitForElementPresent(findTestObject("Object Repository/Canine/Filter/Breed/Mixed_Chkbx"), 10): Object 'Object Repository/Canine/Filter/Breed/Mixed_Chkbx' is not present after 10 second(s)

2021-05-04 09:21:38 - [MESSAGE][INFO] - Unable to find the element located by 'By.xpath: //*[contains(text(),'Mixed Breed')]'. Please recheck the objects properties to make sure the desired element is located. 

2021-05-04 09:21:38 - [MESSAGE][WARNING] - Object 'Object Repository/Canine/Filter/Breed/Mixed_Chkbx' is not present after 10 second(s)

2021-05-04 09:21:38 - [TEST_STEP][PASSED] - ctdc.utilities.runtestcaseforKatalon.clickTab("Object Repository/Canine/Filter/Breed/Mixed_Chkbx"): ctdc.utilities.runtestcaseforKatalon.clickTab is PASSED

2021-05-04 09:21:39 - [MESSAGE][PASSED] - ctdc.utilities.runtestcaseforKatalon.clickTab is PASSED

2021-05-04 09:21:39 - [TEST_STEP][PASSED] - waitForElementPresent(findTestObject("Object Repository/Canine/Filter/Breed/ScottTerr_Chkbx"), 10): Object 'Object Repository/Canine/Filter/Breed/ScottTerr_Chkbx' is not present after 10 second(s)

2021-05-04 09:21:50 - [MESSAGE][INFO] - Unable to find the element located by 'By.xpath: //*[contains(text(),'Scottish Terrier')]'. Please recheck the objects properties to make sure the desired element is located. 

2021-05-04 09:21:50 - [MESSAGE][WARNING] - Object 'Object Repository/Canine/Filter/Breed/ScottTerr_Chkbx' is not present after 10 second(s)

2021-05-04 09:21:50 - [TEST_STEP][PASSED] - ctdc.utilities.runtestcaseforKatalon.clickTab("Object Repository/Canine/Filter/Breed/ScottTerr_Chkbx"): ctdc.utilities.runtestcaseforKatalon.clickTab is PASSED

2021-05-04 09:21:50 - [MESSAGE][PASSED] - ctdc.utilities.runtestcaseforKatalon.clickTab is PASSED

2021-05-04 09:21:50 - [TEST_STEP][PASSED] - waitForElementPresent(findTestObject("Object Repository/Canine/Filter/Breed/ShetlandShpdog_Chkbx"), 10): Object 'Object Repository/Canine/Filter/Breed/ShetlandShpdog_Chkbx' is not present after 10 second(s)

2021-05-04 09:22:01 - [MESSAGE][INFO] - Unable to find the element located by 'By.xpath: //*[contains(text(),'Shetland Sheepdog')]'. Please recheck the objects properties to make sure the desired element is located. 

2021-05-04 09:22:01 - [MESSAGE][WARNING] - Object 'Object Repository/Canine/Filter/Breed/ShetlandShpdog_Chkbx' is not present after 10 second(s)

2021-05-04 09:22:01 - [TEST_STEP][PASSED] - ctdc.utilities.runtestcaseforKatalon.clickTab("Object Repository/Canine/Filter/Breed/ShetlandShpdog_Chkbx"): ctdc.utilities.runtestcaseforKatalon.clickTab is PASSED

2021-05-04 09:22:01 - [MESSAGE][PASSED] - ctdc.utilities.runtestcaseforKatalon.clickTab is PASSED

2021-05-04 09:22:01 - [TEST_STEP][PASSED] - ctdc.utilities.runtestcaseforKatalon.clickTab("Object Repository/Canine/Filter/Breed/BREED_Ddn"): ctdc.utilities.runtestcaseforKatalon.clickTab is PASSED

2021-05-04 09:22:01 - [MESSAGE][PASSED] - ctdc.utilities.runtestcaseforKatalon.clickTab is PASSED

2021-05-04 09:22:01 - [TEST_STEP][PASSED] - waitForElementPresent(findTestObject("Object Repository/Canine/Filter/Diagnosis/DIAGNOSIS_Ddn"), 10): Object 'Object Repository/Canine/Filter/Diagnosis/DIAGNOSIS_Ddn' is not present after 10 second(s)

2021-05-04 09:22:12 - [MESSAGE][INFO] - Unable to find the element located by 'By.xpath: (//*[@id='Diagnosis'])[1]'. Please recheck the objects properties to make sure the desired element is located. 

2021-05-04 09:22:12 - [MESSAGE][WARNING] - Object 'Object Repository/Canine/Filter/Diagnosis/DIAGNOSIS_Ddn' is not present after 10 second(s)

2021-05-04 09:22:12 - [TEST_STEP][PASSED] - ctdc.utilities.runtestcaseforKatalon.clickTab("Object Repository/Canine/Filter/Diagnosis/DIAGNOSIS_Ddn"): ctdc.utilities.runtestcaseforKatalon.clickTab is PASSED

2021-05-04 09:22:12 - [MESSAGE][PASSED] - ctdc.utilities.runtestcaseforKatalon.clickTab is PASSED

2021-05-04 09:22:12 - [TEST_STEP][PASSED] - waitForElementPresent(findTestObject("Object Repository/Canine/Filter/Diagnosis/BladderCancer_Chkbx"), 10): Object 'Object Repository/Canine/Filter/Diagnosis/BladderCancer_Chkbx' is not present after 10 second(s)

2021-05-04 09:22:23 - [MESSAGE][INFO] - Unable to find the element located by 'By.xpath: //*[contains(text(),'Bladder Cancer')]'. Please recheck the objects properties to make sure the desired element is located. 

2021-05-04 09:22:23 - [MESSAGE][WARNING] - Object 'Object Repository/Canine/Filter/Diagnosis/BladderCancer_Chkbx' is not present after 10 second(s)

2021-05-04 09:22:23 - [TEST_STEP][PASSED] - ctdc.utilities.runtestcaseforKatalon.clickTab("Object Repository/Canine/Filter/Diagnosis/BladderCancer_Chkbx"): ctdc.utilities.runtestcaseforKatalon.clickTab is PASSED

2021-05-04 09:22:24 - [MESSAGE][PASSED] - ctdc.utilities.runtestcaseforKatalon.clickTab is PASSED

2021-05-04 09:22:24 - [TEST_STEP][PASSED] - waitForElementPresent(findTestObject("Object Repository/Canine/Filter/Diagnosis/HealthyControl_Chkbx"), 10): Object 'Object Repository/Canine/Filter/Diagnosis/HealthyControl_Chkbx' is not present after 10 second(s)

2021-05-04 09:22:35 - [MESSAGE][INFO] - Unable to find the element located by 'By.xpath: //*[contains(text(),'Healthy Control')]'. Please recheck the objects properties to make sure the desired element is located. 

2021-05-04 09:22:35 - [MESSAGE][WARNING] - Object 'Object Repository/Canine/Filter/Diagnosis/HealthyControl_Chkbx' is not present after 10 second(s)

2021-05-04 09:22:35 - [TEST_STEP][PASSED] - ctdc.utilities.runtestcaseforKatalon.clickTab("Object Repository/Canine/Filter/Diagnosis/HealthyControl_Chkbx"): ctdc.utilities.runtestcaseforKatalon.clickTab is PASSED

2021-05-04 09:22:35 - [MESSAGE][PASSED] - ctdc.utilities.runtestcaseforKatalon.clickTab is PASSED

2021-05-04 09:22:35 - [TEST_STEP][PASSED] - ctdc.utilities.runtestcaseforKatalon.clickTab("Object Repository/Canine/Filter/Diagnosis/DIAGNOSIS_Ddn"): ctdc.utilities.runtestcaseforKatalon.clickTab is PASSED

2021-05-04 09:22:35 - [MESSAGE][PASSED] - ctdc.utilities.runtestcaseforKatalon.clickTab is PASSED

2021-05-04 09:22:35 - [TEST_STEP][PASSED] - Thread.sleep(2000): null

2021-05-04 09:22:37 - [TEST_STEP][PASSED] - waitForElementPresent(findTestObject("Object Repository/Canine/Filter/PrimDiseaseSite/PRIMARYDISEASESITE_Ddn"), 10): Object 'Object Repository/Canine/Filter/PrimDiseaseSite/PRIMARYDISEASESITE_Ddn' is not present after 10 second(s)

2021-05-04 09:22:48 - [MESSAGE][INFO] - Unable to find the element located by 'By.xpath: //*[@id='Primary Disease Site']'. Please recheck the objects properties to make sure the desired element is located. 

2021-05-04 09:22:48 - [MESSAGE][WARNING] - Object 'Object Repository/Canine/Filter/PrimDiseaseSite/PRIMARYDISEASESITE_Ddn' is not present after 10 second(s)

2021-05-04 09:22:48 - [TEST_STEP][PASSED] - ctdc.utilities.runtestcaseforKatalon.clickTab("Object Repository/Canine/Filter/PrimDiseaseSite/PRIMARYDISEASESITE_Ddn"): ctdc.utilities.runtestcaseforKatalon.clickTab is PASSED

2021-05-04 09:22:48 - [MESSAGE][PASSED] - ctdc.utilities.runtestcaseforKatalon.clickTab is PASSED

2021-05-04 09:22:48 - [TEST_STEP][PASSED] - waitForElementPresent(findTestObject("Object Repository/Canine/Filter/PrimDiseaseSite/Bladder_Chkbx"), 10): Object 'Object Repository/Canine/Filter/PrimDiseaseSite/Bladder_Chkbx' is not present after 10 second(s)

2021-05-04 09:22:59 - [MESSAGE][INFO] - Unable to find the element located by 'By.xpath: (//*[contains(text(),'Bladder')])[2]'. Please recheck the objects properties to make sure the desired element is located. 

2021-05-04 09:22:59 - [MESSAGE][WARNING] - Object 'Object Repository/Canine/Filter/PrimDiseaseSite/Bladder_Chkbx' is not present after 10 second(s)

2021-05-04 09:22:59 - [TEST_STEP][PASSED] - ctdc.utilities.runtestcaseforKatalon.clickTab("Object Repository/Canine/Filter/PrimDiseaseSite/Bladder_Chkbx"): ctdc.utilities.runtestcaseforKatalon.clickTab is PASSED

2021-05-04 09:22:59 - [MESSAGE][PASSED] - ctdc.utilities.runtestcaseforKatalon.clickTab is PASSED

2021-05-04 09:22:59 - [TEST_STEP][PASSED] - waitForElementPresent(findTestObject("Object Repository/Canine/Filter/PrimDiseaseSite/BladderProstate_Chkbx"), 10): Object 'Object Repository/Canine/Filter/PrimDiseaseSite/BladderProstate_Chkbx' is not present after 10 second(s)

2021-05-04 09:23:10 - [MESSAGE][INFO] - Unable to find the element located by 'By.xpath: //*[contains(text(),'Bladder, Prostate')]'. Please recheck the objects properties to make sure the desired element is located. 

2021-05-04 09:23:10 - [MESSAGE][WARNING] - Object 'Object Repository/Canine/Filter/PrimDiseaseSite/BladderProstate_Chkbx' is not present after 10 second(s)

2021-05-04 09:23:10 - [TEST_STEP][PASSED] - ctdc.utilities.runtestcaseforKatalon.clickTab("Object Repository/Canine/Filter/PrimDiseaseSite/BladderProstate_Chkbx"): ctdc.utilities.runtestcaseforKatalon.clickTab is PASSED

2021-05-04 09:23:11 - [MESSAGE][PASSED] - ctdc.utilities.runtestcaseforKatalon.clickTab is PASSED

2021-05-04 09:23:11 - [TEST_STEP][PASSED] - waitForElementPresent(findTestObject("Object Repository/Canine/Filter/PrimDiseaseSite/BladderUrethra_Chkbx"), 10): Object 'Object Repository/Canine/Filter/PrimDiseaseSite/BladderUrethra_Chkbx' is not present after 10 second(s)

2021-05-04 09:23:22 - [MESSAGE][INFO] - Unable to find the element located by 'By.xpath: (//*[contains(text(),'Bladder, Urethra')])[1]'. Please recheck the objects properties to make sure the desired element is located. 

2021-05-04 09:23:22 - [MESSAGE][WARNING] - Object 'Object Repository/Canine/Filter/PrimDiseaseSite/BladderUrethra_Chkbx' is not present after 10 second(s)

2021-05-04 09:23:22 - [TEST_STEP][PASSED] - ctdc.utilities.runtestcaseforKatalon.clickTab("Object Repository/Canine/Filter/PrimDiseaseSite/BladderUrethra_Chkbx"): ctdc.utilities.runtestcaseforKatalon.clickTab is PASSED

2021-05-04 09:23:22 - [MESSAGE][PASSED] - ctdc.utilities.runtestcaseforKatalon.clickTab is PASSED

2021-05-04 09:23:22 - [TEST_STEP][PASSED] - waitForElementPresent(findTestObject("Object Repository/Canine/Filter/PrimDiseaseSite/BladderUrethraProstate_Chkbx"), 10): Object 'Object Repository/Canine/Filter/PrimDiseaseSite/BladderUrethraProstate_Chkbx' is not present after 10 second(s)

2021-05-04 09:23:33 - [MESSAGE][INFO] - Unable to find the element located by 'By.xpath: //*[contains(text(),'Bladder, Urethra, Prostate')]'. Please recheck the objects properties to make sure the desired element is located. 

2021-05-04 09:23:33 - [MESSAGE][WARNING] - Object 'Object Repository/Canine/Filter/PrimDiseaseSite/BladderUrethraProstate_Chkbx' is not present after 10 second(s)

2021-05-04 09:23:33 - [TEST_STEP][PASSED] - ctdc.utilities.runtestcaseforKatalon.clickTab("Object Repository/Canine/Filter/PrimDiseaseSite/BladderUrethraProstate_Chkbx"): ctdc.utilities.runtestcaseforKatalon.clickTab is PASSED

2021-05-04 09:23:33 - [MESSAGE][PASSED] - ctdc.utilities.runtestcaseforKatalon.clickTab is PASSED

2021-05-04 09:23:33 - [TEST_STEP][PASSED] - ctdc.utilities.runtestcaseforKatalon.clickTab("Object Repository/Canine/Filter/PrimDiseaseSite/PRIMARYDISEASESITE_Ddn"): ctdc.utilities.runtestcaseforKatalon.clickTab is PASSED

2021-05-04 09:23:33 - [MESSAGE][PASSED] - ctdc.utilities.runtestcaseforKatalon.clickTab is PASSED

2021-05-04 09:23:33 - [TEST_STEP][PASSED] - Thread.sleep(2000): null

2021-05-04 09:23:35 - [TEST_STEP][PASSED] - ctdc.utilities.runtestcaseforKatalon.readStatBarCanine("Object Repository/Canine/StatBar/Canine_StatBar-Studies", "Object Repository/Canine/StatBar/Canine_StatBar-Cases", "Object Repository/Canine/StatBar/Canine_StatBar-Samples", "Object Repository/Canine/StatBar/Canine_StatBar-Files", "Object Repository/Canine/StatBar/Canine_StatBar-Aliquots"): ctdc.utilities.runtestcaseforKatalon.readStatBarCanine is PASSED

2021-05-04 09:23:51 - [MESSAGE][PASSED] - ctdc.utilities.runtestcaseforKatalon.readStatBarCanine is PASSED

2021-05-04 09:23:51 - [TEST_STEP][PASSED] - waitForElementPresent(findTestObject("Object Repository/Canine/CanineResults_Cases_Tab"), 5): Object 'Object Repository/Canine/CanineResults_Cases_Tab' is not present after 5 second(s)

2021-05-04 09:23:57 - [MESSAGE][INFO] - Unable to find the element located by 'By.xpath: //*[@id="case_tab"]'. Please recheck the objects properties to make sure the desired element is located. 

2021-05-04 09:23:57 - [MESSAGE][WARNING] - Object 'Object Repository/Canine/CanineResults_Cases_Tab' is not present after 5 second(s)

2021-05-04 09:23:57 - [TEST_STEP][PASSED] - ctdc.utilities.runtestcaseforKatalon.clickTab("Object Repository/Canine/CanineResults_Cases_Tab"): ctdc.utilities.runtestcaseforKatalon.clickTab is PASSED

2021-05-04 09:23:57 - [MESSAGE][PASSED] - ctdc.utilities.runtestcaseforKatalon.clickTab is PASSED

2021-05-04 09:23:57 - [TEST_STEP][PASSED] - ctdc.utilities.runtestcaseforKatalon.multiFunction("ICDC", G_StatBar_Cases, "Object Repository/Canine/Canine_CasesTable", "Object Repository/Canine/Canine_TableHeader", "Object Repository/Canine/Canine_CasesTabNextBtn", G_WebTabnameCases, G_CypherTabnameCases, G_QueryCasesTab): Statbar Arms count matches

2021-05-04 09:24:29 - [MESSAGE][PASSED] - Statbar Files count matches

2021-05-04 09:24:29 - [MESSAGE][PASSED] - Statbar Samples count matches

2021-05-04 09:24:29 - [MESSAGE][PASSED] - Statbar Cases count matches

2021-05-04 09:24:29 - [MESSAGE][PASSED] - Statbar Arms count matches

2021-05-04 09:24:29 - [TEST_STEP][PASSED] - closeBrowser(): Browser is closed

2021-05-04 09:24:29 - [MESSAGE][PASSED] - Browser is closed]]></system-out>
         <system-err><![CDATA[]]></system-err>
      </testcase>
      <testcase name="Test Cases/Canine_TestCases/Study-Combinations/TC07_Canine_StudyUBC-Breed_Diagnosis_PrimDiseaseSite" time="239.437" classname="Test Cases/Canine_TestCases/Study-Combinations/TC07_Canine_StudyUBC-Breed_Diagnosis_PrimDiseaseSite" status="PASSED">
         <system-out><![CDATA[2021-05-04 09:24:29 - [TEST_CASE][PASSED] - Test Cases/Canine_TestCases/Study-Combinations/TC07_Canine_StudyUBC-Breed_Diagnosis_PrimDiseaseSite: Test Cases/Canine_TestCases/Study-Combinations/TC07_Canine_StudyUBC-Breed_Diagnosis_PrimDiseaseSite

2021-05-04 09:24:30 - [TEST_STEP][PASSED] - closeBrowser(): Browser is closed

2021-05-04 09:24:30 - [MESSAGE][PASSED] - Browser is closed

2021-05-04 09:24:30 - [TEST_STEP][PASSED] - openBrowser(""): Browser is opened with url: ''

2021-05-04 09:24:30 - [MESSAGE][INFO] - Starting 'Chrome (headless)' driver

2021-05-04 09:24:30 - [MESSAGE][INFO] - User set preference: ['args', '[--no-sandbox]']

2021-05-04 09:24:30 - [MESSAGE][INFO] - Action delay is set to 5,000 milliseconds

2021-05-04 09:24:31 - [MESSAGE][PASSED] - Browser is opened with url: ''

2021-05-04 09:24:31 - [TEST_STEP][PASSED] - maximizeWindow(): Current window maximized

2021-05-04 09:24:31 - [MESSAGE][PASSED] - Current window maximized

2021-05-04 09:24:31 - [TEST_STEP][PASSED] - "Driver opened by Katalon is used in Selenium from this step.": null

2021-05-04 09:24:31 - [TEST_STEP][PASSED] - ctdc.utilities.runtestcaseforKatalon.RunKatalon("TC07_Canine_StudyUBC-Breed_Diagnosis_PrimDiseaseSite.xlsx"): Data loaded from input file for the test case. 

2021-05-04 09:24:31 - [MESSAGE][PASSED] - Test case file loaded This is the full filepath after converting to string :C:\Users\radhakrishnang2\Desktop\Commons_Automation\InputFiles\TC07_Canine_StudyUBC-Breed_Diagnosis_PrimDiseaseSite.xlsx

2021-05-04 09:24:31 - [MESSAGE][INFO] - Global variable set for password file is :  C:\Users\radhakrishnang2\Desktop\Commons_Automation\InputFiles\TC07_Canine_StudyUBC-Breed_Diagnosis_PrimDiseaseSite.xlsx

2021-05-04 09:24:31 - [MESSAGE][PASSED] - Data loaded from input file for the test case. 

2021-05-04 09:24:44 - [TEST_STEP][PASSED] - waitForElementPresent(findTestObject("Canine/NavBar/Canine_Cases_Btn"), 10): Object 'Object Repository/Canine/NavBar/Canine_Cases_Btn' is not present after 10 second(s)

2021-05-04 09:24:55 - [MESSAGE][INFO] - Unable to find the element located by 'By.xpath: //a[contains(@href,'cases')]'. Please recheck the objects properties to make sure the desired element is located. 

2021-05-04 09:24:55 - [MESSAGE][WARNING] - Object 'Object Repository/Canine/NavBar/Canine_Cases_Btn' is not present after 10 second(s)

2021-05-04 09:24:55 - [TEST_STEP][PASSED] - ctdc.utilities.runtestcaseforKatalon.clickTab("Canine/NavBar/Canine_Cases_Btn"): ctdc.utilities.runtestcaseforKatalon.clickTab is PASSED

2021-05-04 09:24:55 - [MESSAGE][PASSED] - ctdc.utilities.runtestcaseforKatalon.clickTab is PASSED

2021-05-04 09:24:55 - [TEST_STEP][PASSED] - waitForElementPresent(findTestObject("Object Repository/Canine/Filter/FilterByCases_Facet"), 10): Object 'Object Repository/Canine/Filter/FilterByCases_Facet' is not present after 10 second(s)

2021-05-04 09:25:06 - [MESSAGE][INFO] - Unable to find the element located by 'By.xpath: //*[contains(text(),'Filter By Cases')]'. Please recheck the objects properties to make sure the desired element is located. 

2021-05-04 09:25:06 - [MESSAGE][WARNING] - Object 'Object Repository/Canine/Filter/FilterByCases_Facet' is not present after 10 second(s)

2021-05-04 09:25:06 - [TEST_STEP][PASSED] - ctdc.utilities.runtestcaseforKatalon.clickTab("Object Repository/Canine/Filter/FilterByCases_Facet"): ctdc.utilities.runtestcaseforKatalon.clickTab is PASSED

2021-05-04 09:25:07 - [MESSAGE][PASSED] - ctdc.utilities.runtestcaseforKatalon.clickTab is PASSED

2021-05-04 09:25:07 - [TEST_STEP][PASSED] - waitForElementPresent(findTestObject("Object Repository/Canine/Filter/Study/Canine_Filter_Study"), 10): Object 'Object Repository/Canine/Filter/Study/Canine_Filter_Study' is not present after 10 second(s)

2021-05-04 09:25:18 - [MESSAGE][INFO] - Unable to find the element located by 'By.xpath: //*[@id='Study']'. Please recheck the objects properties to make sure the desired element is located. 

2021-05-04 09:25:18 - [MESSAGE][WARNING] - Object 'Object Repository/Canine/Filter/Study/Canine_Filter_Study' is not present after 10 second(s)

2021-05-04 09:25:18 - [TEST_STEP][PASSED] - ctdc.utilities.runtestcaseforKatalon.clickTab("Object Repository/Canine/Filter/Study/Canine_Filter_Study"): ctdc.utilities.runtestcaseforKatalon.clickTab is PASSED

2021-05-04 09:25:18 - [MESSAGE][PASSED] - ctdc.utilities.runtestcaseforKatalon.clickTab is PASSED

2021-05-04 09:25:18 - [TEST_STEP][PASSED] - waitForElementPresent(findTestObject("Object Repository/Canine/Filter/Study/Canine_Filter_Study-UBC_Chkbx"), 10): Object 'Object Repository/Canine/Filter/Study/Canine_Filter_Study-UBC_Chkbx' is not present after 10 second(s)

2021-05-04 09:25:29 - [MESSAGE][INFO] - Unable to find the element located by 'By.xpath: (//*[contains(text(),'UBC')])[1]'. Please recheck the objects properties to make sure the desired element is located. 

2021-05-04 09:25:29 - [MESSAGE][WARNING] - Object 'Object Repository/Canine/Filter/Study/Canine_Filter_Study-UBC_Chkbx' is not present after 10 second(s)

2021-05-04 09:25:29 - [TEST_STEP][PASSED] - ctdc.utilities.runtestcaseforKatalon.clickTab("Object Repository/Canine/Filter/Study/Canine_Filter_Study-UBC_Chkbx"): ctdc.utilities.runtestcaseforKatalon.clickTab is PASSED

2021-05-04 09:25:29 - [MESSAGE][PASSED] - ctdc.utilities.runtestcaseforKatalon.clickTab is PASSED

2021-05-04 09:25:29 - [TEST_STEP][PASSED] - waitForElementPresent(findTestObject("Object Repository/Canine/Filter/Breed/BREED_Ddn"), 10): Object 'Object Repository/Canine/Filter/Breed/BREED_Ddn' is not present after 10 second(s)

2021-05-04 09:25:40 - [MESSAGE][INFO] - Unable to find the element located by 'By.xpath: //*[@id='Breed']'. Please recheck the objects properties to make sure the desired element is located. 

2021-05-04 09:25:40 - [MESSAGE][WARNING] - Object 'Object Repository/Canine/Filter/Breed/BREED_Ddn' is not present after 10 second(s)

2021-05-04 09:25:40 - [TEST_STEP][PASSED] - ctdc.utilities.runtestcaseforKatalon.clickTab("Object Repository/Canine/Filter/Breed/BREED_Ddn"): ctdc.utilities.runtestcaseforKatalon.clickTab is PASSED

2021-05-04 09:25:41 - [MESSAGE][PASSED] - ctdc.utilities.runtestcaseforKatalon.clickTab is PASSED

2021-05-04 09:25:41 - [TEST_STEP][PASSED] - waitForElementPresent(findTestObject("Object Repository/Canine/Filter/Breed/Mixed_Chkbx"), 10): Object 'Object Repository/Canine/Filter/Breed/Mixed_Chkbx' is not present after 10 second(s)

2021-05-04 09:25:52 - [MESSAGE][INFO] - Unable to find the element located by 'By.xpath: //*[contains(text(),'Mixed Breed')]'. Please recheck the objects properties to make sure the desired element is located. 

2021-05-04 09:25:52 - [MESSAGE][WARNING] - Object 'Object Repository/Canine/Filter/Breed/Mixed_Chkbx' is not present after 10 second(s)

2021-05-04 09:25:52 - [TEST_STEP][PASSED] - ctdc.utilities.runtestcaseforKatalon.clickTab("Object Repository/Canine/Filter/Breed/Mixed_Chkbx"): ctdc.utilities.runtestcaseforKatalon.clickTab is PASSED

2021-05-04 09:25:52 - [MESSAGE][PASSED] - ctdc.utilities.runtestcaseforKatalon.clickTab is PASSED

2021-05-04 09:25:52 - [TEST_STEP][PASSED] - waitForElementPresent(findTestObject("Object Repository/Canine/Filter/Breed/ScottTerr_Chkbx"), 10): Object 'Object Repository/Canine/Filter/Breed/ScottTerr_Chkbx' is not present after 10 second(s)

2021-05-04 09:26:03 - [MESSAGE][INFO] - Unable to find the element located by 'By.xpath: //*[contains(text(),'Scottish Terrier')]'. Please recheck the objects properties to make sure the desired element is located. 

2021-05-04 09:26:03 - [MESSAGE][WARNING] - Object 'Object Repository/Canine/Filter/Breed/ScottTerr_Chkbx' is not present after 10 second(s)

2021-05-04 09:26:03 - [TEST_STEP][PASSED] - ctdc.utilities.runtestcaseforKatalon.clickTab("Object Repository/Canine/Filter/Breed/ScottTerr_Chkbx"): ctdc.utilities.runtestcaseforKatalon.clickTab is PASSED

2021-05-04 09:26:03 - [MESSAGE][PASSED] - ctdc.utilities.runtestcaseforKatalon.clickTab is PASSED

2021-05-04 09:26:03 - [TEST_STEP][PASSED] - waitForElementPresent(findTestObject("Object Repository/Canine/Filter/Breed/ShetlandShpdog_Chkbx"), 10): Object 'Object Repository/Canine/Filter/Breed/ShetlandShpdog_Chkbx' is not present after 10 second(s)

2021-05-04 09:26:14 - [MESSAGE][INFO] - Unable to find the element located by 'By.xpath: //*[contains(text(),'Shetland Sheepdog')]'. Please recheck the objects properties to make sure the desired element is located. 

2021-05-04 09:26:14 - [MESSAGE][WARNING] - Object 'Object Repository/Canine/Filter/Breed/ShetlandShpdog_Chkbx' is not present after 10 second(s)

2021-05-04 09:26:14 - [TEST_STEP][PASSED] - ctdc.utilities.runtestcaseforKatalon.clickTab("Object Repository/Canine/Filter/Breed/ShetlandShpdog_Chkbx"): ctdc.utilities.runtestcaseforKatalon.clickTab is PASSED

2021-05-04 09:26:14 - [MESSAGE][PASSED] - ctdc.utilities.runtestcaseforKatalon.clickTab is PASSED

2021-05-04 09:26:14 - [TEST_STEP][PASSED] - ctdc.utilities.runtestcaseforKatalon.clickTab("Object Repository/Canine/Filter/Breed/BREED_Ddn"): ctdc.utilities.runtestcaseforKatalon.clickTab is PASSED

2021-05-04 09:26:14 - [MESSAGE][PASSED] - ctdc.utilities.runtestcaseforKatalon.clickTab is PASSED

2021-05-04 09:26:14 - [TEST_STEP][PASSED] - waitForElementPresent(findTestObject("Object Repository/Canine/Filter/Diagnosis/DIAGNOSIS_Ddn"), 10): Object 'Object Repository/Canine/Filter/Diagnosis/DIAGNOSIS_Ddn' is not present after 10 second(s)

2021-05-04 09:26:25 - [MESSAGE][INFO] - Unable to find the element located by 'By.xpath: (//*[@id='Diagnosis'])[1]'. Please recheck the objects properties to make sure the desired element is located. 

2021-05-04 09:26:25 - [MESSAGE][WARNING] - Object 'Object Repository/Canine/Filter/Diagnosis/DIAGNOSIS_Ddn' is not present after 10 second(s)

2021-05-04 09:26:25 - [TEST_STEP][PASSED] - ctdc.utilities.runtestcaseforKatalon.clickTab("Object Repository/Canine/Filter/Diagnosis/DIAGNOSIS_Ddn"): ctdc.utilities.runtestcaseforKatalon.clickTab is PASSED

2021-05-04 09:26:26 - [MESSAGE][PASSED] - ctdc.utilities.runtestcaseforKatalon.clickTab is PASSED

2021-05-04 09:26:26 - [TEST_STEP][PASSED] - waitForElementPresent(findTestObject("Object Repository/Canine/Filter/Diagnosis/BladderCancer_Chkbx"), 10): Object 'Object Repository/Canine/Filter/Diagnosis/BladderCancer_Chkbx' is not present after 10 second(s)

2021-05-04 09:26:37 - [MESSAGE][INFO] - Unable to find the element located by 'By.xpath: //*[contains(text(),'Bladder Cancer')]'. Please recheck the objects properties to make sure the desired element is located. 

2021-05-04 09:26:37 - [MESSAGE][WARNING] - Object 'Object Repository/Canine/Filter/Diagnosis/BladderCancer_Chkbx' is not present after 10 second(s)

2021-05-04 09:26:37 - [TEST_STEP][PASSED] - ctdc.utilities.runtestcaseforKatalon.clickTab("Object Repository/Canine/Filter/Diagnosis/BladderCancer_Chkbx"): ctdc.utilities.runtestcaseforKatalon.clickTab is PASSED

2021-05-04 09:26:37 - [MESSAGE][PASSED] - ctdc.utilities.runtestcaseforKatalon.clickTab is PASSED

2021-05-04 09:26:37 - [TEST_STEP][PASSED] - waitForElementPresent(findTestObject("Object Repository/Canine/Filter/Diagnosis/HealthyControl_Chkbx"), 10): Object 'Object Repository/Canine/Filter/Diagnosis/HealthyControl_Chkbx' is not present after 10 second(s)

2021-05-04 09:26:48 - [MESSAGE][INFO] - Unable to find the element located by 'By.xpath: //*[contains(text(),'Healthy Control')]'. Please recheck the objects properties to make sure the desired element is located. 

2021-05-04 09:26:48 - [MESSAGE][WARNING] - Object 'Object Repository/Canine/Filter/Diagnosis/HealthyControl_Chkbx' is not present after 10 second(s)

2021-05-04 09:26:48 - [TEST_STEP][PASSED] - ctdc.utilities.runtestcaseforKatalon.clickTab("Object Repository/Canine/Filter/Diagnosis/HealthyControl_Chkbx"): ctdc.utilities.runtestcaseforKatalon.clickTab is PASSED

2021-05-04 09:26:48 - [MESSAGE][PASSED] - ctdc.utilities.runtestcaseforKatalon.clickTab is PASSED

2021-05-04 09:26:48 - [TEST_STEP][PASSED] - ctdc.utilities.runtestcaseforKatalon.clickTab("Object Repository/Canine/Filter/Diagnosis/DIAGNOSIS_Ddn"): ctdc.utilities.runtestcaseforKatalon.clickTab is PASSED

2021-05-04 09:26:48 - [MESSAGE][PASSED] - ctdc.utilities.runtestcaseforKatalon.clickTab is PASSED

2021-05-04 09:26:48 - [TEST_STEP][PASSED] - waitForElementPresent(findTestObject("Object Repository/Canine/Filter/PrimDiseaseSite/PRIMARYDISEASESITE_Ddn"), 10): Object 'Object Repository/Canine/Filter/PrimDiseaseSite/PRIMARYDISEASESITE_Ddn' is not present after 10 second(s)

2021-05-04 09:26:59 - [MESSAGE][INFO] - Unable to find the element located by 'By.xpath: //*[@id='Primary Disease Site']'. Please recheck the objects properties to make sure the desired element is located. 

2021-05-04 09:26:59 - [MESSAGE][WARNING] - Object 'Object Repository/Canine/Filter/PrimDiseaseSite/PRIMARYDISEASESITE_Ddn' is not present after 10 second(s)

2021-05-04 09:26:59 - [TEST_STEP][PASSED] - ctdc.utilities.runtestcaseforKatalon.clickTab("Object Repository/Canine/Filter/PrimDiseaseSite/PRIMARYDISEASESITE_Ddn"): ctdc.utilities.runtestcaseforKatalon.clickTab is PASSED

2021-05-04 09:27:00 - [MESSAGE][PASSED] - ctdc.utilities.runtestcaseforKatalon.clickTab is PASSED

2021-05-04 09:27:00 - [TEST_STEP][PASSED] - waitForElementPresent(findTestObject("Object Repository/Canine/Filter/PrimDiseaseSite/Bladder_Chkbx"), 10): Object 'Object Repository/Canine/Filter/PrimDiseaseSite/Bladder_Chkbx' is not present after 10 second(s)

2021-05-04 09:27:11 - [MESSAGE][INFO] - Unable to find the element located by 'By.xpath: (//*[contains(text(),'Bladder')])[2]'. Please recheck the objects properties to make sure the desired element is located. 

2021-05-04 09:27:11 - [MESSAGE][WARNING] - Object 'Object Repository/Canine/Filter/PrimDiseaseSite/Bladder_Chkbx' is not present after 10 second(s)

2021-05-04 09:27:11 - [TEST_STEP][PASSED] - ctdc.utilities.runtestcaseforKatalon.clickTab("Object Repository/Canine/Filter/PrimDiseaseSite/Bladder_Chkbx"): ctdc.utilities.runtestcaseforKatalon.clickTab is PASSED

2021-05-04 09:27:11 - [MESSAGE][PASSED] - ctdc.utilities.runtestcaseforKatalon.clickTab is PASSED

2021-05-04 09:27:11 - [TEST_STEP][PASSED] - waitForElementPresent(findTestObject("Object Repository/Canine/Filter/PrimDiseaseSite/BladderProstate_Chkbx"), 10): Object 'Object Repository/Canine/Filter/PrimDiseaseSite/BladderProstate_Chkbx' is not present after 10 second(s)

2021-05-04 09:27:22 - [MESSAGE][INFO] - Unable to find the element located by 'By.xpath: //*[contains(text(),'Bladder, Prostate')]'. Please recheck the objects properties to make sure the desired element is located. 

2021-05-04 09:27:22 - [MESSAGE][WARNING] - Object 'Object Repository/Canine/Filter/PrimDiseaseSite/BladderProstate_Chkbx' is not present after 10 second(s)

2021-05-04 09:27:22 - [TEST_STEP][PASSED] - ctdc.utilities.runtestcaseforKatalon.clickTab("Object Repository/Canine/Filter/PrimDiseaseSite/BladderProstate_Chkbx"): ctdc.utilities.runtestcaseforKatalon.clickTab is PASSED

2021-05-04 09:27:22 - [MESSAGE][PASSED] - ctdc.utilities.runtestcaseforKatalon.clickTab is PASSED

2021-05-04 09:27:22 - [TEST_STEP][PASSED] - waitForElementPresent(findTestObject("Object Repository/Canine/Filter/PrimDiseaseSite/BladderUrethra_Chkbx"), 10): Object 'Object Repository/Canine/Filter/PrimDiseaseSite/BladderUrethra_Chkbx' is not present after 10 second(s)

2021-05-04 09:27:33 - [MESSAGE][INFO] - Unable to find the element located by 'By.xpath: (//*[contains(text(),'Bladder, Urethra')])[1]'. Please recheck the objects properties to make sure the desired element is located. 

2021-05-04 09:27:33 - [MESSAGE][WARNING] - Object 'Object Repository/Canine/Filter/PrimDiseaseSite/BladderUrethra_Chkbx' is not present after 10 second(s)

2021-05-04 09:27:33 - [TEST_STEP][PASSED] - ctdc.utilities.runtestcaseforKatalon.clickTab("Object Repository/Canine/Filter/PrimDiseaseSite/BladderUrethra_Chkbx"): ctdc.utilities.runtestcaseforKatalon.clickTab is PASSED

2021-05-04 09:27:33 - [MESSAGE][PASSED] - ctdc.utilities.runtestcaseforKatalon.clickTab is PASSED

2021-05-04 09:27:33 - [TEST_STEP][PASSED] - ctdc.utilities.runtestcaseforKatalon.clickTab("Object Repository/Canine/Filter/PrimDiseaseSite/PRIMARYDISEASESITE_Ddn"): ctdc.utilities.runtestcaseforKatalon.clickTab is PASSED

2021-05-04 09:27:34 - [MESSAGE][PASSED] - ctdc.utilities.runtestcaseforKatalon.clickTab is PASSED

2021-05-04 09:27:34 - [TEST_STEP][PASSED] - Thread.sleep(2000): null

2021-05-04 09:27:36 - [TEST_STEP][PASSED] - ctdc.utilities.runtestcaseforKatalon.readStatBarCanine("Object Repository/Canine/StatBar/Canine_StatBar-Studies", "Object Repository/Canine/StatBar/Canine_StatBar-Cases", "Object Repository/Canine/StatBar/Canine_StatBar-Samples", "Object Repository/Canine/StatBar/Canine_StatBar-Files", "Object Repository/Canine/StatBar/Canine_StatBar-Aliquots"): ctdc.utilities.runtestcaseforKatalon.readStatBarCanine is PASSED

2021-05-04 09:27:51 - [MESSAGE][PASSED] - ctdc.utilities.runtestcaseforKatalon.readStatBarCanine is PASSED

2021-05-04 09:27:51 - [TEST_STEP][PASSED] - waitForElementPresent(findTestObject("Object Repository/Canine/CanineResults_Cases_Tab"), 5): Object 'Object Repository/Canine/CanineResults_Cases_Tab' is not present after 5 second(s)

2021-05-04 09:27:57 - [MESSAGE][INFO] - Unable to find the element located by 'By.xpath: //*[@id="case_tab"]'. Please recheck the objects properties to make sure the desired element is located. 

2021-05-04 09:27:57 - [MESSAGE][WARNING] - Object 'Object Repository/Canine/CanineResults_Cases_Tab' is not present after 5 second(s)

2021-05-04 09:27:57 - [TEST_STEP][PASSED] - ctdc.utilities.runtestcaseforKatalon.clickTab("Object Repository/Canine/CanineResults_Cases_Tab"): ctdc.utilities.runtestcaseforKatalon.clickTab is PASSED

2021-05-04 09:27:57 - [MESSAGE][PASSED] - ctdc.utilities.runtestcaseforKatalon.clickTab is PASSED

2021-05-04 09:27:57 - [TEST_STEP][PASSED] - ctdc.utilities.runtestcaseforKatalon.multiFunction("ICDC", G_StatBar_Cases, "Object Repository/Canine/Canine_CasesTable", "Object Repository/Canine/Canine_TableHeader", "Object Repository/Canine/Canine_CasesTabNextBtn", G_WebTabnameCases, G_CypherTabnameCases, G_QueryCasesTab): Statbar Arms count matches

2021-05-04 09:28:28 - [MESSAGE][PASSED] - Statbar Files count matches

2021-05-04 09:28:28 - [MESSAGE][PASSED] - Statbar Samples count matches

2021-05-04 09:28:28 - [MESSAGE][PASSED] - Statbar Cases count matches

2021-05-04 09:28:28 - [MESSAGE][PASSED] - Statbar Arms count matches

2021-05-04 09:28:28 - [TEST_STEP][PASSED] - closeBrowser(): Browser is closed

2021-05-04 09:28:29 - [MESSAGE][PASSED] - Browser is closed]]></system-out>
         <system-err><![CDATA[]]></system-err>
      </testcase>
      <testcase name="Test Cases/Canine_TestCases/Study-Combinations/TC08_Canine_StudyUBC-Breed_Diagnosis_PrimDiseaseSite" time="226.653" classname="Test Cases/Canine_TestCases/Study-Combinations/TC08_Canine_StudyUBC-Breed_Diagnosis_PrimDiseaseSite" status="PASSED">
         <system-out><![CDATA[2021-05-04 09:28:29 - [TEST_CASE][PASSED] - Test Cases/Canine_TestCases/Study-Combinations/TC08_Canine_StudyUBC-Breed_Diagnosis_PrimDiseaseSite: Test Cases/Canine_TestCases/Study-Combinations/TC08_Canine_StudyUBC-Breed_Diagnosis_PrimDiseaseSite

2021-05-04 09:28:29 - [TEST_STEP][PASSED] - closeBrowser(): Browser is closed

2021-05-04 09:28:29 - [MESSAGE][PASSED] - Browser is closed

2021-05-04 09:28:29 - [TEST_STEP][PASSED] - openBrowser(""): Browser is opened with url: ''

2021-05-04 09:28:29 - [MESSAGE][INFO] - Starting 'Chrome (headless)' driver

2021-05-04 09:28:29 - [MESSAGE][INFO] - User set preference: ['args', '[--no-sandbox]']

2021-05-04 09:28:29 - [MESSAGE][INFO] - Action delay is set to 5,000 milliseconds

2021-05-04 09:28:30 - [MESSAGE][PASSED] - Browser is opened with url: ''

2021-05-04 09:28:30 - [TEST_STEP][PASSED] - maximizeWindow(): Current window maximized

2021-05-04 09:28:30 - [MESSAGE][PASSED] - Current window maximized

2021-05-04 09:28:30 - [TEST_STEP][PASSED] - "Driver opened by Katalon is used in Selenium from this step.": null

2021-05-04 09:28:30 - [TEST_STEP][PASSED] - ctdc.utilities.runtestcaseforKatalon.RunKatalon("TC08_Canine_StudyUBC-Breed_Diagnosis_PrimDiseaseSite.xlsx"): Data loaded from input file for the test case. 

2021-05-04 09:28:30 - [MESSAGE][PASSED] - Test case file loaded This is the full filepath after converting to string :C:\Users\radhakrishnang2\Desktop\Commons_Automation\InputFiles\TC08_Canine_StudyUBC-Breed_Diagnosis_PrimDiseaseSite.xlsx

2021-05-04 09:28:30 - [MESSAGE][INFO] - Global variable set for password file is :  C:\Users\radhakrishnang2\Desktop\Commons_Automation\InputFiles\TC08_Canine_StudyUBC-Breed_Diagnosis_PrimDiseaseSite.xlsx

2021-05-04 09:28:31 - [MESSAGE][PASSED] - Data loaded from input file for the test case. 

2021-05-04 09:28:51 - [TEST_STEP][PASSED] - waitForElementPresent(findTestObject("Canine/NavBar/Canine_Cases_Btn"), 10): Object 'Object Repository/Canine/NavBar/Canine_Cases_Btn' is not present after 10 second(s)

2021-05-04 09:29:02 - [MESSAGE][INFO] - Unable to find the element located by 'By.xpath: //a[contains(@href,'cases')]'. Please recheck the objects properties to make sure the desired element is located. 

2021-05-04 09:29:02 - [MESSAGE][WARNING] - Object 'Object Repository/Canine/NavBar/Canine_Cases_Btn' is not present after 10 second(s)

2021-05-04 09:29:02 - [TEST_STEP][PASSED] - ctdc.utilities.runtestcaseforKatalon.clickTab("Canine/NavBar/Canine_Cases_Btn"): ctdc.utilities.runtestcaseforKatalon.clickTab is PASSED

2021-05-04 09:29:02 - [MESSAGE][PASSED] - ctdc.utilities.runtestcaseforKatalon.clickTab is PASSED

2021-05-04 09:29:02 - [TEST_STEP][PASSED] - waitForElementPresent(findTestObject("Object Repository/Canine/Filter/FilterByCases_Facet"), 10): Object 'Object Repository/Canine/Filter/FilterByCases_Facet' is not present after 10 second(s)

2021-05-04 09:29:13 - [MESSAGE][INFO] - Unable to find the element located by 'By.xpath: //*[contains(text(),'Filter By Cases')]'. Please recheck the objects properties to make sure the desired element is located. 

2021-05-04 09:29:13 - [MESSAGE][WARNING] - Object 'Object Repository/Canine/Filter/FilterByCases_Facet' is not present after 10 second(s)

2021-05-04 09:29:13 - [TEST_STEP][PASSED] - ctdc.utilities.runtestcaseforKatalon.clickTab("Object Repository/Canine/Filter/FilterByCases_Facet"): ctdc.utilities.runtestcaseforKatalon.clickTab is PASSED

2021-05-04 09:29:14 - [MESSAGE][PASSED] - ctdc.utilities.runtestcaseforKatalon.clickTab is PASSED

2021-05-04 09:29:14 - [TEST_STEP][PASSED] - waitForElementPresent(findTestObject("Object Repository/Canine/Filter/Study/Canine_Filter_Study"), 10): Object 'Object Repository/Canine/Filter/Study/Canine_Filter_Study' is not present after 10 second(s)

2021-05-04 09:29:25 - [MESSAGE][INFO] - Unable to find the element located by 'By.xpath: //*[@id='Study']'. Please recheck the objects properties to make sure the desired element is located. 

2021-05-04 09:29:25 - [MESSAGE][WARNING] - Object 'Object Repository/Canine/Filter/Study/Canine_Filter_Study' is not present after 10 second(s)

2021-05-04 09:29:25 - [TEST_STEP][PASSED] - ctdc.utilities.runtestcaseforKatalon.clickTab("Object Repository/Canine/Filter/Study/Canine_Filter_Study"): ctdc.utilities.runtestcaseforKatalon.clickTab is PASSED

2021-05-04 09:29:25 - [MESSAGE][PASSED] - ctdc.utilities.runtestcaseforKatalon.clickTab is PASSED

2021-05-04 09:29:25 - [TEST_STEP][PASSED] - waitForElementPresent(findTestObject("Object Repository/Canine/Filter/Study/Canine_Filter_Study-UBC_Chkbx"), 10): Object 'Object Repository/Canine/Filter/Study/Canine_Filter_Study-UBC_Chkbx' is not present after 10 second(s)

2021-05-04 09:29:36 - [MESSAGE][INFO] - Unable to find the element located by 'By.xpath: (//*[contains(text(),'UBC')])[1]'. Please recheck the objects properties to make sure the desired element is located. 

2021-05-04 09:29:36 - [MESSAGE][WARNING] - Object 'Object Repository/Canine/Filter/Study/Canine_Filter_Study-UBC_Chkbx' is not present after 10 second(s)

2021-05-04 09:29:36 - [TEST_STEP][PASSED] - ctdc.utilities.runtestcaseforKatalon.clickTab("Object Repository/Canine/Filter/Study/Canine_Filter_Study-UBC_Chkbx"): ctdc.utilities.runtestcaseforKatalon.clickTab is PASSED

2021-05-04 09:29:36 - [MESSAGE][PASSED] - ctdc.utilities.runtestcaseforKatalon.clickTab is PASSED

2021-05-04 09:29:36 - [TEST_STEP][PASSED] - waitForElementPresent(findTestObject("Object Repository/Canine/Filter/Breed/BREED_Ddn"), 10): Object 'Object Repository/Canine/Filter/Breed/BREED_Ddn' is not present after 10 second(s)

2021-05-04 09:29:47 - [MESSAGE][INFO] - Unable to find the element located by 'By.xpath: //*[@id='Breed']'. Please recheck the objects properties to make sure the desired element is located. 

2021-05-04 09:29:47 - [MESSAGE][WARNING] - Object 'Object Repository/Canine/Filter/Breed/BREED_Ddn' is not present after 10 second(s)

2021-05-04 09:29:47 - [TEST_STEP][PASSED] - ctdc.utilities.runtestcaseforKatalon.clickTab("Object Repository/Canine/Filter/Breed/BREED_Ddn"): ctdc.utilities.runtestcaseforKatalon.clickTab is PASSED

2021-05-04 09:29:48 - [MESSAGE][PASSED] - ctdc.utilities.runtestcaseforKatalon.clickTab is PASSED

2021-05-04 09:29:48 - [TEST_STEP][PASSED] - waitForElementPresent(findTestObject("Object Repository/Canine/Filter/Breed/Mixed_Chkbx"), 10): Object 'Object Repository/Canine/Filter/Breed/Mixed_Chkbx' is not present after 10 second(s)

2021-05-04 09:29:59 - [MESSAGE][INFO] - Unable to find the element located by 'By.xpath: //*[contains(text(),'Mixed Breed')]'. Please recheck the objects properties to make sure the desired element is located. 

2021-05-04 09:29:59 - [MESSAGE][WARNING] - Object 'Object Repository/Canine/Filter/Breed/Mixed_Chkbx' is not present after 10 second(s)

2021-05-04 09:29:59 - [TEST_STEP][PASSED] - ctdc.utilities.runtestcaseforKatalon.clickTab("Object Repository/Canine/Filter/Breed/Mixed_Chkbx"): ctdc.utilities.runtestcaseforKatalon.clickTab is PASSED

2021-05-04 09:29:59 - [MESSAGE][PASSED] - ctdc.utilities.runtestcaseforKatalon.clickTab is PASSED

2021-05-04 09:29:59 - [TEST_STEP][PASSED] - waitForElementPresent(findTestObject("Object Repository/Canine/Filter/Breed/ScottTerr_Chkbx"), 10): Object 'Object Repository/Canine/Filter/Breed/ScottTerr_Chkbx' is not present after 10 second(s)

2021-05-04 09:30:10 - [MESSAGE][INFO] - Unable to find the element located by 'By.xpath: //*[contains(text(),'Scottish Terrier')]'. Please recheck the objects properties to make sure the desired element is located. 

2021-05-04 09:30:10 - [MESSAGE][WARNING] - Object 'Object Repository/Canine/Filter/Breed/ScottTerr_Chkbx' is not present after 10 second(s)

2021-05-04 09:30:10 - [TEST_STEP][PASSED] - ctdc.utilities.runtestcaseforKatalon.clickTab("Object Repository/Canine/Filter/Breed/ScottTerr_Chkbx"): ctdc.utilities.runtestcaseforKatalon.clickTab is PASSED

2021-05-04 09:30:10 - [MESSAGE][PASSED] - ctdc.utilities.runtestcaseforKatalon.clickTab is PASSED

2021-05-04 09:30:10 - [TEST_STEP][PASSED] - waitForElementPresent(findTestObject("Object Repository/Canine/Filter/Breed/ShetlandShpdog_Chkbx"), 10): Object 'Object Repository/Canine/Filter/Breed/ShetlandShpdog_Chkbx' is not present after 10 second(s)

2021-05-04 09:30:22 - [MESSAGE][INFO] - Unable to find the element located by 'By.xpath: //*[contains(text(),'Shetland Sheepdog')]'. Please recheck the objects properties to make sure the desired element is located. 

2021-05-04 09:30:22 - [MESSAGE][WARNING] - Object 'Object Repository/Canine/Filter/Breed/ShetlandShpdog_Chkbx' is not present after 10 second(s)

2021-05-04 09:30:22 - [TEST_STEP][PASSED] - ctdc.utilities.runtestcaseforKatalon.clickTab("Object Repository/Canine/Filter/Breed/ShetlandShpdog_Chkbx"): ctdc.utilities.runtestcaseforKatalon.clickTab is PASSED

2021-05-04 09:30:22 - [MESSAGE][PASSED] - ctdc.utilities.runtestcaseforKatalon.clickTab is PASSED

2021-05-04 09:30:22 - [TEST_STEP][PASSED] - ctdc.utilities.runtestcaseforKatalon.clickTab("Object Repository/Canine/Filter/Breed/BREED_Ddn"): ctdc.utilities.runtestcaseforKatalon.clickTab is PASSED

2021-05-04 09:30:22 - [MESSAGE][PASSED] - ctdc.utilities.runtestcaseforKatalon.clickTab is PASSED

2021-05-04 09:30:22 - [TEST_STEP][PASSED] - waitForElementPresent(findTestObject("Object Repository/Canine/Filter/Diagnosis/DIAGNOSIS_Ddn"), 10): Object 'Object Repository/Canine/Filter/Diagnosis/DIAGNOSIS_Ddn' is not present after 10 second(s)

2021-05-04 09:30:33 - [MESSAGE][INFO] - Unable to find the element located by 'By.xpath: (//*[@id='Diagnosis'])[1]'. Please recheck the objects properties to make sure the desired element is located. 

2021-05-04 09:30:33 - [MESSAGE][WARNING] - Object 'Object Repository/Canine/Filter/Diagnosis/DIAGNOSIS_Ddn' is not present after 10 second(s)

2021-05-04 09:30:33 - [TEST_STEP][PASSED] - ctdc.utilities.runtestcaseforKatalon.clickTab("Object Repository/Canine/Filter/Diagnosis/DIAGNOSIS_Ddn"): ctdc.utilities.runtestcaseforKatalon.clickTab is PASSED

2021-05-04 09:30:33 - [MESSAGE][PASSED] - ctdc.utilities.runtestcaseforKatalon.clickTab is PASSED

2021-05-04 09:30:33 - [TEST_STEP][PASSED] - waitForElementPresent(findTestObject("Object Repository/Canine/Filter/Diagnosis/BladderCancer_Chkbx"), 10): Object 'Object Repository/Canine/Filter/Diagnosis/BladderCancer_Chkbx' is not present after 10 second(s)

2021-05-04 09:30:44 - [MESSAGE][INFO] - Unable to find the element located by 'By.xpath: //*[contains(text(),'Bladder Cancer')]'. Please recheck the objects properties to make sure the desired element is located. 

2021-05-04 09:30:44 - [MESSAGE][WARNING] - Object 'Object Repository/Canine/Filter/Diagnosis/BladderCancer_Chkbx' is not present after 10 second(s)

2021-05-04 09:30:44 - [TEST_STEP][PASSED] - ctdc.utilities.runtestcaseforKatalon.clickTab("Object Repository/Canine/Filter/Diagnosis/BladderCancer_Chkbx"): ctdc.utilities.runtestcaseforKatalon.clickTab is PASSED

2021-05-04 09:30:44 - [MESSAGE][PASSED] - ctdc.utilities.runtestcaseforKatalon.clickTab is PASSED

2021-05-04 09:30:44 - [TEST_STEP][PASSED] - waitForElementPresent(findTestObject("Object Repository/Canine/Filter/Diagnosis/HealthyControl_Chkbx"), 10): Object 'Object Repository/Canine/Filter/Diagnosis/HealthyControl_Chkbx' is not present after 10 second(s)

2021-05-04 09:30:56 - [MESSAGE][INFO] - Unable to find the element located by 'By.xpath: //*[contains(text(),'Healthy Control')]'. Please recheck the objects properties to make sure the desired element is located. 

2021-05-04 09:30:56 - [MESSAGE][WARNING] - Object 'Object Repository/Canine/Filter/Diagnosis/HealthyControl_Chkbx' is not present after 10 second(s)

2021-05-04 09:30:56 - [TEST_STEP][PASSED] - ctdc.utilities.runtestcaseforKatalon.clickTab("Object Repository/Canine/Filter/Diagnosis/HealthyControl_Chkbx"): ctdc.utilities.runtestcaseforKatalon.clickTab is PASSED

2021-05-04 09:30:56 - [MESSAGE][PASSED] - ctdc.utilities.runtestcaseforKatalon.clickTab is PASSED

2021-05-04 09:30:56 - [TEST_STEP][PASSED] - ctdc.utilities.runtestcaseforKatalon.clickTab("Object Repository/Canine/Filter/Diagnosis/DIAGNOSIS_Ddn"): ctdc.utilities.runtestcaseforKatalon.clickTab is PASSED

2021-05-04 09:30:57 - [MESSAGE][PASSED] - ctdc.utilities.runtestcaseforKatalon.clickTab is PASSED

2021-05-04 09:30:57 - [TEST_STEP][PASSED] - Thread.sleep(2000): null

2021-05-04 09:30:59 - [TEST_STEP][PASSED] - waitForElementPresent(findTestObject("Object Repository/Canine/Filter/PrimDiseaseSite/PRIMARYDISEASESITE_Ddn"), 10): Object 'Object Repository/Canine/Filter/PrimDiseaseSite/PRIMARYDISEASESITE_Ddn' is not present after 10 second(s)

2021-05-04 09:31:10 - [MESSAGE][INFO] - Unable to find the element located by 'By.xpath: //*[@id='Primary Disease Site']'. Please recheck the objects properties to make sure the desired element is located. 

2021-05-04 09:31:10 - [MESSAGE][WARNING] - Object 'Object Repository/Canine/Filter/PrimDiseaseSite/PRIMARYDISEASESITE_Ddn' is not present after 10 second(s)

2021-05-04 09:31:10 - [TEST_STEP][PASSED] - ctdc.utilities.runtestcaseforKatalon.clickTab("Object Repository/Canine/Filter/PrimDiseaseSite/PRIMARYDISEASESITE_Ddn"): ctdc.utilities.runtestcaseforKatalon.clickTab is PASSED

2021-05-04 09:31:10 - [MESSAGE][PASSED] - ctdc.utilities.runtestcaseforKatalon.clickTab is PASSED

2021-05-04 09:31:10 - [TEST_STEP][PASSED] - waitForElementPresent(findTestObject("Object Repository/Canine/Filter/PrimDiseaseSite/Bladder_Chkbx"), 10): Object 'Object Repository/Canine/Filter/PrimDiseaseSite/Bladder_Chkbx' is not present after 10 second(s)

2021-05-04 09:31:21 - [MESSAGE][INFO] - Unable to find the element located by 'By.xpath: (//*[contains(text(),'Bladder')])[2]'. Please recheck the objects properties to make sure the desired element is located. 

2021-05-04 09:31:21 - [MESSAGE][WARNING] - Object 'Object Repository/Canine/Filter/PrimDiseaseSite/Bladder_Chkbx' is not present after 10 second(s)

2021-05-04 09:31:21 - [TEST_STEP][PASSED] - ctdc.utilities.runtestcaseforKatalon.clickTab("Object Repository/Canine/Filter/PrimDiseaseSite/Bladder_Chkbx"): ctdc.utilities.runtestcaseforKatalon.clickTab is PASSED

2021-05-04 09:31:21 - [MESSAGE][PASSED] - ctdc.utilities.runtestcaseforKatalon.clickTab is PASSED

2021-05-04 09:31:21 - [TEST_STEP][PASSED] - waitForElementPresent(findTestObject("Object Repository/Canine/Filter/PrimDiseaseSite/BladderProstate_Chkbx"), 10): Object 'Object Repository/Canine/Filter/PrimDiseaseSite/BladderProstate_Chkbx' is not present after 10 second(s)

2021-05-04 09:31:32 - [MESSAGE][INFO] - Unable to find the element located by 'By.xpath: //*[contains(text(),'Bladder, Prostate')]'. Please recheck the objects properties to make sure the desired element is located. 

2021-05-04 09:31:32 - [MESSAGE][WARNING] - Object 'Object Repository/Canine/Filter/PrimDiseaseSite/BladderProstate_Chkbx' is not present after 10 second(s)

2021-05-04 09:31:32 - [TEST_STEP][PASSED] - ctdc.utilities.runtestcaseforKatalon.clickTab("Object Repository/Canine/Filter/PrimDiseaseSite/BladderProstate_Chkbx"): ctdc.utilities.runtestcaseforKatalon.clickTab is PASSED

2021-05-04 09:31:33 - [MESSAGE][PASSED] - ctdc.utilities.runtestcaseforKatalon.clickTab is PASSED

2021-05-04 09:31:33 - [TEST_STEP][PASSED] - ctdc.utilities.runtestcaseforKatalon.clickTab("Object Repository/Canine/Filter/PrimDiseaseSite/PRIMARYDISEASESITE_Ddn"): ctdc.utilities.runtestcaseforKatalon.clickTab is PASSED

2021-05-04 09:31:33 - [MESSAGE][PASSED] - ctdc.utilities.runtestcaseforKatalon.clickTab is PASSED

2021-05-04 09:31:33 - [TEST_STEP][PASSED] - Thread.sleep(2000): null

2021-05-04 09:31:35 - [TEST_STEP][PASSED] - ctdc.utilities.runtestcaseforKatalon.readStatBarCanine("Object Repository/Canine/StatBar/Canine_StatBar-Studies", "Object Repository/Canine/StatBar/Canine_StatBar-Cases", "Object Repository/Canine/StatBar/Canine_StatBar-Samples", "Object Repository/Canine/StatBar/Canine_StatBar-Files", "Object Repository/Canine/StatBar/Canine_StatBar-Aliquots"): ctdc.utilities.runtestcaseforKatalon.readStatBarCanine is PASSED

2021-05-04 09:31:50 - [MESSAGE][PASSED] - ctdc.utilities.runtestcaseforKatalon.readStatBarCanine is PASSED

2021-05-04 09:31:50 - [TEST_STEP][PASSED] - waitForElementPresent(findTestObject("Object Repository/Canine/CanineResults_Cases_Tab"), 5): Object 'Object Repository/Canine/CanineResults_Cases_Tab' is not present after 5 second(s)

2021-05-04 09:31:56 - [MESSAGE][INFO] - Unable to find the element located by 'By.xpath: //*[@id="case_tab"]'. Please recheck the objects properties to make sure the desired element is located. 

2021-05-04 09:31:56 - [MESSAGE][WARNING] - Object 'Object Repository/Canine/CanineResults_Cases_Tab' is not present after 5 second(s)

2021-05-04 09:31:56 - [TEST_STEP][PASSED] - ctdc.utilities.runtestcaseforKatalon.clickTab("Object Repository/Canine/CanineResults_Cases_Tab"): ctdc.utilities.runtestcaseforKatalon.clickTab is PASSED

2021-05-04 09:31:56 - [MESSAGE][PASSED] - ctdc.utilities.runtestcaseforKatalon.clickTab is PASSED

2021-05-04 09:31:56 - [TEST_STEP][PASSED] - ctdc.utilities.runtestcaseforKatalon.multiFunction("ICDC", G_StatBar_Cases, "Object Repository/Canine/Canine_CasesTable", "Object Repository/Canine/Canine_TableHeader", "Object Repository/Canine/Canine_CasesTabNextBtn", G_WebTabnameCases, G_CypherTabnameCases, G_QueryCasesTab): Statbar Arms count matches

2021-05-04 09:32:15 - [MESSAGE][PASSED] - Statbar Files count matches

2021-05-04 09:32:15 - [MESSAGE][PASSED] - Statbar Samples count matches

2021-05-04 09:32:15 - [MESSAGE][PASSED] - Statbar Cases count matches

2021-05-04 09:32:15 - [MESSAGE][PASSED] - Statbar Arms count matches

2021-05-04 09:32:15 - [TEST_STEP][PASSED] - closeBrowser(): Browser is closed

2021-05-04 09:32:15 - [MESSAGE][PASSED] - Browser is closed]]></system-out>
         <system-err><![CDATA[]]></system-err>
      </testcase>
      <testcase name="Test Cases/Canine_TestCases/Study-Combinations/TC09_Canine_StudyUBC-Breed_Diagnosis_PrimDiseaseSite" time="205.528" classname="Test Cases/Canine_TestCases/Study-Combinations/TC09_Canine_StudyUBC-Breed_Diagnosis_PrimDiseaseSite" status="PASSED">
         <system-out><![CDATA[2021-05-04 09:32:15 - [TEST_CASE][PASSED] - Test Cases/Canine_TestCases/Study-Combinations/TC09_Canine_StudyUBC-Breed_Diagnosis_PrimDiseaseSite: Test Cases/Canine_TestCases/Study-Combinations/TC09_Canine_StudyUBC-Breed_Diagnosis_PrimDiseaseSite

2021-05-04 09:32:16 - [TEST_STEP][PASSED] - closeBrowser(): Browser is closed

2021-05-04 09:32:16 - [MESSAGE][PASSED] - Browser is closed

2021-05-04 09:32:16 - [TEST_STEP][PASSED] - openBrowser(""): Browser is opened with url: ''

2021-05-04 09:32:16 - [MESSAGE][INFO] - Starting 'Chrome (headless)' driver

2021-05-04 09:32:16 - [MESSAGE][INFO] - User set preference: ['args', '[--no-sandbox]']

2021-05-04 09:32:16 - [MESSAGE][INFO] - Action delay is set to 5,000 milliseconds

2021-05-04 09:32:17 - [MESSAGE][PASSED] - Browser is opened with url: ''

2021-05-04 09:32:17 - [TEST_STEP][PASSED] - maximizeWindow(): Current window maximized

2021-05-04 09:32:17 - [MESSAGE][PASSED] - Current window maximized

2021-05-04 09:32:17 - [TEST_STEP][PASSED] - "Driver opened by Katalon is used in Selenium from this step.": null

2021-05-04 09:32:17 - [TEST_STEP][PASSED] - ctdc.utilities.runtestcaseforKatalon.RunKatalon("TC09_Canine_StudyUBC-Breed_Diagnosis_PrimDiseaseSite.xlsx"): Data loaded from input file for the test case. 

2021-05-04 09:32:17 - [MESSAGE][PASSED] - Test case file loaded This is the full filepath after converting to string :C:\Users\radhakrishnang2\Desktop\Commons_Automation\InputFiles\TC09_Canine_StudyUBC-Breed_Diagnosis_PrimDiseaseSite.xlsx

2021-05-04 09:32:17 - [MESSAGE][INFO] - Global variable set for password file is :  C:\Users\radhakrishnang2\Desktop\Commons_Automation\InputFiles\TC09_Canine_StudyUBC-Breed_Diagnosis_PrimDiseaseSite.xlsx

2021-05-04 09:32:17 - [MESSAGE][PASSED] - Data loaded from input file for the test case. 

2021-05-04 09:32:32 - [TEST_STEP][PASSED] - waitForElementPresent(findTestObject("Canine/NavBar/Canine_Cases_Btn"), 10): Object 'Object Repository/Canine/NavBar/Canine_Cases_Btn' is not present after 10 second(s)

2021-05-04 09:32:43 - [MESSAGE][INFO] - Unable to find the element located by 'By.xpath: //a[contains(@href,'cases')]'. Please recheck the objects properties to make sure the desired element is located. 

2021-05-04 09:32:43 - [MESSAGE][WARNING] - Object 'Object Repository/Canine/NavBar/Canine_Cases_Btn' is not present after 10 second(s)

2021-05-04 09:32:43 - [TEST_STEP][PASSED] - ctdc.utilities.runtestcaseforKatalon.clickTab("Canine/NavBar/Canine_Cases_Btn"): ctdc.utilities.runtestcaseforKatalon.clickTab is PASSED

2021-05-04 09:32:43 - [MESSAGE][PASSED] - ctdc.utilities.runtestcaseforKatalon.clickTab is PASSED

2021-05-04 09:32:43 - [TEST_STEP][PASSED] - waitForElementPresent(findTestObject("Object Repository/Canine/Filter/FilterByCases_Facet"), 10): Object 'Object Repository/Canine/Filter/FilterByCases_Facet' is not present after 10 second(s)

2021-05-04 09:32:54 - [MESSAGE][INFO] - Unable to find the element located by 'By.xpath: //*[contains(text(),'Filter By Cases')]'. Please recheck the objects properties to make sure the desired element is located. 

2021-05-04 09:32:54 - [MESSAGE][WARNING] - Object 'Object Repository/Canine/Filter/FilterByCases_Facet' is not present after 10 second(s)

2021-05-04 09:32:54 - [TEST_STEP][PASSED] - ctdc.utilities.runtestcaseforKatalon.clickTab("Object Repository/Canine/Filter/FilterByCases_Facet"): ctdc.utilities.runtestcaseforKatalon.clickTab is PASSED

2021-05-04 09:32:54 - [MESSAGE][PASSED] - ctdc.utilities.runtestcaseforKatalon.clickTab is PASSED

2021-05-04 09:32:54 - [TEST_STEP][PASSED] - waitForElementPresent(findTestObject("Object Repository/Canine/Filter/Study/Canine_Filter_Study"), 10): Object 'Object Repository/Canine/Filter/Study/Canine_Filter_Study' is not present after 10 second(s)

2021-05-04 09:33:05 - [MESSAGE][INFO] - Unable to find the element located by 'By.xpath: //*[@id='Study']'. Please recheck the objects properties to make sure the desired element is located. 

2021-05-04 09:33:05 - [MESSAGE][WARNING] - Object 'Object Repository/Canine/Filter/Study/Canine_Filter_Study' is not present after 10 second(s)

2021-05-04 09:33:05 - [TEST_STEP][PASSED] - ctdc.utilities.runtestcaseforKatalon.clickTab("Object Repository/Canine/Filter/Study/Canine_Filter_Study"): ctdc.utilities.runtestcaseforKatalon.clickTab is PASSED

2021-05-04 09:33:06 - [MESSAGE][PASSED] - ctdc.utilities.runtestcaseforKatalon.clickTab is PASSED

2021-05-04 09:33:06 - [TEST_STEP][PASSED] - waitForElementPresent(findTestObject("Object Repository/Canine/Filter/Study/Canine_Filter_Study-UBC_Chkbx"), 10): Object 'Object Repository/Canine/Filter/Study/Canine_Filter_Study-UBC_Chkbx' is not present after 10 second(s)

2021-05-04 09:33:17 - [MESSAGE][INFO] - Unable to find the element located by 'By.xpath: (//*[contains(text(),'UBC')])[1]'. Please recheck the objects properties to make sure the desired element is located. 

2021-05-04 09:33:17 - [MESSAGE][WARNING] - Object 'Object Repository/Canine/Filter/Study/Canine_Filter_Study-UBC_Chkbx' is not present after 10 second(s)

2021-05-04 09:33:17 - [TEST_STEP][PASSED] - ctdc.utilities.runtestcaseforKatalon.clickTab("Object Repository/Canine/Filter/Study/Canine_Filter_Study-UBC_Chkbx"): ctdc.utilities.runtestcaseforKatalon.clickTab is PASSED

2021-05-04 09:33:17 - [MESSAGE][PASSED] - ctdc.utilities.runtestcaseforKatalon.clickTab is PASSED

2021-05-04 09:33:17 - [TEST_STEP][PASSED] - waitForElementPresent(findTestObject("Object Repository/Canine/Filter/Breed/BREED_Ddn"), 10): Object 'Object Repository/Canine/Filter/Breed/BREED_Ddn' is not present after 10 second(s)

2021-05-04 09:33:28 - [MESSAGE][INFO] - Unable to find the element located by 'By.xpath: //*[@id='Breed']'. Please recheck the objects properties to make sure the desired element is located. 

2021-05-04 09:33:28 - [MESSAGE][WARNING] - Object 'Object Repository/Canine/Filter/Breed/BREED_Ddn' is not present after 10 second(s)

2021-05-04 09:33:28 - [TEST_STEP][PASSED] - ctdc.utilities.runtestcaseforKatalon.clickTab("Object Repository/Canine/Filter/Breed/BREED_Ddn"): ctdc.utilities.runtestcaseforKatalon.clickTab is PASSED

2021-05-04 09:33:28 - [MESSAGE][PASSED] - ctdc.utilities.runtestcaseforKatalon.clickTab is PASSED

2021-05-04 09:33:28 - [TEST_STEP][PASSED] - waitForElementPresent(findTestObject("Object Repository/Canine/Filter/Breed/Mixed_Chkbx"), 10): Object 'Object Repository/Canine/Filter/Breed/Mixed_Chkbx' is not present after 10 second(s)

2021-05-04 09:33:39 - [MESSAGE][INFO] - Unable to find the element located by 'By.xpath: //*[contains(text(),'Mixed Breed')]'. Please recheck the objects properties to make sure the desired element is located. 

2021-05-04 09:33:39 - [MESSAGE][WARNING] - Object 'Object Repository/Canine/Filter/Breed/Mixed_Chkbx' is not present after 10 second(s)

2021-05-04 09:33:39 - [TEST_STEP][PASSED] - ctdc.utilities.runtestcaseforKatalon.clickTab("Object Repository/Canine/Filter/Breed/Mixed_Chkbx"): ctdc.utilities.runtestcaseforKatalon.clickTab is PASSED

2021-05-04 09:33:40 - [MESSAGE][PASSED] - ctdc.utilities.runtestcaseforKatalon.clickTab is PASSED

2021-05-04 09:33:40 - [TEST_STEP][PASSED] - waitForElementPresent(findTestObject("Object Repository/Canine/Filter/Breed/ScottTerr_Chkbx"), 10): Object 'Object Repository/Canine/Filter/Breed/ScottTerr_Chkbx' is not present after 10 second(s)

2021-05-04 09:33:51 - [MESSAGE][INFO] - Unable to find the element located by 'By.xpath: //*[contains(text(),'Scottish Terrier')]'. Please recheck the objects properties to make sure the desired element is located. 

2021-05-04 09:33:51 - [MESSAGE][WARNING] - Object 'Object Repository/Canine/Filter/Breed/ScottTerr_Chkbx' is not present after 10 second(s)

2021-05-04 09:33:51 - [TEST_STEP][PASSED] - ctdc.utilities.runtestcaseforKatalon.clickTab("Object Repository/Canine/Filter/Breed/ScottTerr_Chkbx"): ctdc.utilities.runtestcaseforKatalon.clickTab is PASSED

2021-05-04 09:33:51 - [MESSAGE][PASSED] - ctdc.utilities.runtestcaseforKatalon.clickTab is PASSED

2021-05-04 09:33:51 - [TEST_STEP][PASSED] - waitForElementPresent(findTestObject("Object Repository/Canine/Filter/Breed/ShetlandShpdog_Chkbx"), 10): Object 'Object Repository/Canine/Filter/Breed/ShetlandShpdog_Chkbx' is not present after 10 second(s)

2021-05-04 09:34:02 - [MESSAGE][INFO] - Unable to find the element located by 'By.xpath: //*[contains(text(),'Shetland Sheepdog')]'. Please recheck the objects properties to make sure the desired element is located. 

2021-05-04 09:34:02 - [MESSAGE][WARNING] - Object 'Object Repository/Canine/Filter/Breed/ShetlandShpdog_Chkbx' is not present after 10 second(s)

2021-05-04 09:34:02 - [TEST_STEP][PASSED] - ctdc.utilities.runtestcaseforKatalon.clickTab("Object Repository/Canine/Filter/Breed/ShetlandShpdog_Chkbx"): ctdc.utilities.runtestcaseforKatalon.clickTab is PASSED

2021-05-04 09:34:02 - [MESSAGE][PASSED] - ctdc.utilities.runtestcaseforKatalon.clickTab is PASSED

2021-05-04 09:34:02 - [TEST_STEP][PASSED] - ctdc.utilities.runtestcaseforKatalon.clickTab("Object Repository/Canine/Filter/Breed/BREED_Ddn"): ctdc.utilities.runtestcaseforKatalon.clickTab is PASSED

2021-05-04 09:34:02 - [MESSAGE][PASSED] - ctdc.utilities.runtestcaseforKatalon.clickTab is PASSED

2021-05-04 09:34:02 - [TEST_STEP][PASSED] - waitForElementPresent(findTestObject("Object Repository/Canine/Filter/Diagnosis/DIAGNOSIS_Ddn"), 10): Object 'Object Repository/Canine/Filter/Diagnosis/DIAGNOSIS_Ddn' is not present after 10 second(s)

2021-05-04 09:34:14 - [MESSAGE][INFO] - Unable to find the element located by 'By.xpath: (//*[@id='Diagnosis'])[1]'. Please recheck the objects properties to make sure the desired element is located. 

2021-05-04 09:34:14 - [MESSAGE][WARNING] - Object 'Object Repository/Canine/Filter/Diagnosis/DIAGNOSIS_Ddn' is not present after 10 second(s)

2021-05-04 09:34:14 - [TEST_STEP][PASSED] - ctdc.utilities.runtestcaseforKatalon.clickTab("Object Repository/Canine/Filter/Diagnosis/DIAGNOSIS_Ddn"): ctdc.utilities.runtestcaseforKatalon.clickTab is PASSED

2021-05-04 09:34:14 - [MESSAGE][PASSED] - ctdc.utilities.runtestcaseforKatalon.clickTab is PASSED

2021-05-04 09:34:14 - [TEST_STEP][PASSED] - waitForElementPresent(findTestObject("Object Repository/Canine/Filter/Diagnosis/BladderCancer_Chkbx"), 10): Object 'Object Repository/Canine/Filter/Diagnosis/BladderCancer_Chkbx' is not present after 10 second(s)

2021-05-04 09:34:25 - [MESSAGE][INFO] - Unable to find the element located by 'By.xpath: //*[contains(text(),'Bladder Cancer')]'. Please recheck the objects properties to make sure the desired element is located. 

2021-05-04 09:34:25 - [MESSAGE][WARNING] - Object 'Object Repository/Canine/Filter/Diagnosis/BladderCancer_Chkbx' is not present after 10 second(s)

2021-05-04 09:34:25 - [TEST_STEP][PASSED] - ctdc.utilities.runtestcaseforKatalon.clickTab("Object Repository/Canine/Filter/Diagnosis/BladderCancer_Chkbx"): ctdc.utilities.runtestcaseforKatalon.clickTab is PASSED

2021-05-04 09:34:25 - [MESSAGE][PASSED] - ctdc.utilities.runtestcaseforKatalon.clickTab is PASSED

2021-05-04 09:34:25 - [TEST_STEP][PASSED] - waitForElementPresent(findTestObject("Object Repository/Canine/Filter/Diagnosis/HealthyControl_Chkbx"), 10): Object 'Object Repository/Canine/Filter/Diagnosis/HealthyControl_Chkbx' is not present after 10 second(s)

2021-05-04 09:34:36 - [MESSAGE][INFO] - Unable to find the element located by 'By.xpath: //*[contains(text(),'Healthy Control')]'. Please recheck the objects properties to make sure the desired element is located. 

2021-05-04 09:34:36 - [MESSAGE][WARNING] - Object 'Object Repository/Canine/Filter/Diagnosis/HealthyControl_Chkbx' is not present after 10 second(s)

2021-05-04 09:34:36 - [TEST_STEP][PASSED] - ctdc.utilities.runtestcaseforKatalon.clickTab("Object Repository/Canine/Filter/Diagnosis/HealthyControl_Chkbx"): ctdc.utilities.runtestcaseforKatalon.clickTab is PASSED

2021-05-04 09:34:37 - [MESSAGE][PASSED] - ctdc.utilities.runtestcaseforKatalon.clickTab is PASSED

2021-05-04 09:34:37 - [TEST_STEP][PASSED] - ctdc.utilities.runtestcaseforKatalon.clickTab("Object Repository/Canine/Filter/Diagnosis/DIAGNOSIS_Ddn"): ctdc.utilities.runtestcaseforKatalon.clickTab is PASSED

2021-05-04 09:34:37 - [MESSAGE][PASSED] - ctdc.utilities.runtestcaseforKatalon.clickTab is PASSED

2021-05-04 09:34:37 - [TEST_STEP][PASSED] - waitForElementPresent(findTestObject("Object Repository/Canine/Filter/PrimDiseaseSite/PRIMARYDISEASESITE_Ddn"), 10): Object 'Object Repository/Canine/Filter/PrimDiseaseSite/PRIMARYDISEASESITE_Ddn' is not present after 10 second(s)

2021-05-04 09:34:48 - [MESSAGE][INFO] - Unable to find the element located by 'By.xpath: //*[@id='Primary Disease Site']'. Please recheck the objects properties to make sure the desired element is located. 

2021-05-04 09:34:48 - [MESSAGE][WARNING] - Object 'Object Repository/Canine/Filter/PrimDiseaseSite/PRIMARYDISEASESITE_Ddn' is not present after 10 second(s)

2021-05-04 09:34:48 - [TEST_STEP][PASSED] - ctdc.utilities.runtestcaseforKatalon.clickTab("Object Repository/Canine/Filter/PrimDiseaseSite/PRIMARYDISEASESITE_Ddn"): ctdc.utilities.runtestcaseforKatalon.clickTab is PASSED

2021-05-04 09:34:49 - [MESSAGE][PASSED] - ctdc.utilities.runtestcaseforKatalon.clickTab is PASSED

2021-05-04 09:34:49 - [TEST_STEP][PASSED] - waitForElementPresent(findTestObject("Object Repository/Canine/Filter/PrimDiseaseSite/Bladder_Chkbx"), 10): Object 'Object Repository/Canine/Filter/PrimDiseaseSite/Bladder_Chkbx' is not present after 10 second(s)

2021-05-04 09:35:00 - [MESSAGE][INFO] - Unable to find the element located by 'By.xpath: (//*[contains(text(),'Bladder')])[2]'. Please recheck the objects properties to make sure the desired element is located. 

2021-05-04 09:35:00 - [MESSAGE][WARNING] - Object 'Object Repository/Canine/Filter/PrimDiseaseSite/Bladder_Chkbx' is not present after 10 second(s)

2021-05-04 09:35:00 - [TEST_STEP][PASSED] - ctdc.utilities.runtestcaseforKatalon.clickTab("Object Repository/Canine/Filter/PrimDiseaseSite/Bladder_Chkbx"): ctdc.utilities.runtestcaseforKatalon.clickTab is PASSED

2021-05-04 09:35:00 - [MESSAGE][PASSED] - ctdc.utilities.runtestcaseforKatalon.clickTab is PASSED

2021-05-04 09:35:00 - [TEST_STEP][PASSED] - ctdc.utilities.runtestcaseforKatalon.clickTab("Object Repository/Canine/Filter/PrimDiseaseSite/PRIMARYDISEASESITE_Ddn"): ctdc.utilities.runtestcaseforKatalon.clickTab is PASSED

2021-05-04 09:35:00 - [MESSAGE][PASSED] - ctdc.utilities.runtestcaseforKatalon.clickTab is PASSED

2021-05-04 09:35:00 - [TEST_STEP][PASSED] - ctdc.utilities.runtestcaseforKatalon.readStatBarCanine("Object Repository/Canine/StatBar/Canine_StatBar-Studies", "Object Repository/Canine/StatBar/Canine_StatBar-Cases", "Object Repository/Canine/StatBar/Canine_StatBar-Samples", "Object Repository/Canine/StatBar/Canine_StatBar-Files", "Object Repository/Canine/StatBar/Canine_StatBar-Aliquots"): ctdc.utilities.runtestcaseforKatalon.readStatBarCanine is PASSED

2021-05-04 09:35:16 - [MESSAGE][PASSED] - ctdc.utilities.runtestcaseforKatalon.readStatBarCanine is PASSED

2021-05-04 09:35:16 - [TEST_STEP][PASSED] - waitForElementPresent(findTestObject("Object Repository/Canine/CanineResults_Cases_Tab"), 5): Object 'Object Repository/Canine/CanineResults_Cases_Tab' is not present after 5 second(s)

2021-05-04 09:35:22 - [MESSAGE][INFO] - Unable to find the element located by 'By.xpath: //*[@id="case_tab"]'. Please recheck the objects properties to make sure the desired element is located. 

2021-05-04 09:35:22 - [MESSAGE][WARNING] - Object 'Object Repository/Canine/CanineResults_Cases_Tab' is not present after 5 second(s)

2021-05-04 09:35:22 - [TEST_STEP][PASSED] - ctdc.utilities.runtestcaseforKatalon.clickTab("Object Repository/Canine/CanineResults_Cases_Tab"): ctdc.utilities.runtestcaseforKatalon.clickTab is PASSED

2021-05-04 09:35:22 - [MESSAGE][PASSED] - ctdc.utilities.runtestcaseforKatalon.clickTab is PASSED

2021-05-04 09:35:22 - [TEST_STEP][PASSED] - ctdc.utilities.runtestcaseforKatalon.multiFunction("ICDC", G_StatBar_Cases, "Object Repository/Canine/Canine_CasesTable", "Object Repository/Canine/Canine_TableHeader", "Object Repository/Canine/Canine_CasesTabNextBtn", G_WebTabnameCases, G_CypherTabnameCases, G_QueryCasesTab): Statbar Arms count matches

2021-05-04 09:35:40 - [MESSAGE][PASSED] - Statbar Files count matches

2021-05-04 09:35:40 - [MESSAGE][PASSED] - Statbar Samples count matches

2021-05-04 09:35:40 - [MESSAGE][PASSED] - Statbar Cases count matches

2021-05-04 09:35:40 - [MESSAGE][PASSED] - Statbar Arms count matches

2021-05-04 09:35:40 - [TEST_STEP][PASSED] - closeBrowser(): Browser is closed

2021-05-04 09:35:41 - [MESSAGE][PASSED] - Browser is closed]]></system-out>
         <system-err><![CDATA[]]></system-err>
      </testcase>
      <testcase name="Test Cases/Canine_TestCases/Study-Combinations/TC10_Canine_StudyUBC-Breed_Diagnosis_PrimDiseaseSite" time="218.834" classname="Test Cases/Canine_TestCases/Study-Combinations/TC10_Canine_StudyUBC-Breed_Diagnosis_PrimDiseaseSite" status="PASSED">
         <system-out><![CDATA[2021-05-04 09:35:41 - [TEST_CASE][PASSED] - Test Cases/Canine_TestCases/Study-Combinations/TC10_Canine_StudyUBC-Breed_Diagnosis_PrimDiseaseSite: Test Cases/Canine_TestCases/Study-Combinations/TC10_Canine_StudyUBC-Breed_Diagnosis_PrimDiseaseSite

2021-05-04 09:35:41 - [TEST_STEP][PASSED] - closeBrowser(): Browser is closed

2021-05-04 09:35:41 - [MESSAGE][PASSED] - Browser is closed

2021-05-04 09:35:41 - [TEST_STEP][PASSED] - openBrowser(""): Browser is opened with url: ''

2021-05-04 09:35:41 - [MESSAGE][INFO] - Starting 'Chrome (headless)' driver

2021-05-04 09:35:41 - [MESSAGE][INFO] - User set preference: ['args', '[--no-sandbox]']

2021-05-04 09:35:41 - [MESSAGE][INFO] - Action delay is set to 5,000 milliseconds

2021-05-04 09:35:43 - [MESSAGE][PASSED] - Browser is opened with url: ''

2021-05-04 09:35:43 - [TEST_STEP][PASSED] - maximizeWindow(): Current window maximized

2021-05-04 09:35:43 - [MESSAGE][PASSED] - Current window maximized

2021-05-04 09:35:43 - [TEST_STEP][PASSED] - "Driver opened by Katalon is used in Selenium from this step.": null

2021-05-04 09:35:43 - [TEST_STEP][PASSED] - ctdc.utilities.runtestcaseforKatalon.RunKatalon("TC10_Canine_StudyUBC-Breed_Diagnosis_PrimDiseaseSite.xlsx"): Data loaded from input file for the test case. 

2021-05-04 09:35:43 - [MESSAGE][PASSED] - Test case file loaded This is the full filepath after converting to string :C:\Users\radhakrishnang2\Desktop\Commons_Automation\InputFiles\TC10_Canine_StudyUBC-Breed_Diagnosis_PrimDiseaseSite.xlsx

2021-05-04 09:35:43 - [MESSAGE][INFO] - Global variable set for password file is :  C:\Users\radhakrishnang2\Desktop\Commons_Automation\InputFiles\TC10_Canine_StudyUBC-Breed_Diagnosis_PrimDiseaseSite.xlsx

2021-05-04 09:35:43 - [MESSAGE][PASSED] - Data loaded from input file for the test case. 

2021-05-04 09:35:53 - [TEST_STEP][PASSED] - waitForElementPresent(findTestObject("Canine/NavBar/Canine_Cases_Btn"), 10): Object 'Object Repository/Canine/NavBar/Canine_Cases_Btn' is not present after 10 second(s)

2021-05-04 09:36:04 - [MESSAGE][INFO] - Unable to find the element located by 'By.xpath: //a[contains(@href,'cases')]'. Please recheck the objects properties to make sure the desired element is located. 

2021-05-04 09:36:04 - [MESSAGE][WARNING] - Object 'Object Repository/Canine/NavBar/Canine_Cases_Btn' is not present after 10 second(s)

2021-05-04 09:36:04 - [TEST_STEP][PASSED] - ctdc.utilities.runtestcaseforKatalon.clickTab("Canine/NavBar/Canine_Cases_Btn"): ctdc.utilities.runtestcaseforKatalon.clickTab is PASSED

2021-05-04 09:36:05 - [MESSAGE][PASSED] - ctdc.utilities.runtestcaseforKatalon.clickTab is PASSED

2021-05-04 09:36:05 - [TEST_STEP][PASSED] - waitForElementPresent(findTestObject("Object Repository/Canine/Filter/FilterByCases_Facet"), 10): Object 'Object Repository/Canine/Filter/FilterByCases_Facet' is not present after 10 second(s)

2021-05-04 09:36:16 - [MESSAGE][INFO] - Unable to find the element located by 'By.xpath: //*[contains(text(),'Filter By Cases')]'. Please recheck the objects properties to make sure the desired element is located. 

2021-05-04 09:36:16 - [MESSAGE][WARNING] - Object 'Object Repository/Canine/Filter/FilterByCases_Facet' is not present after 10 second(s)

2021-05-04 09:36:16 - [TEST_STEP][PASSED] - ctdc.utilities.runtestcaseforKatalon.clickTab("Object Repository/Canine/Filter/FilterByCases_Facet"): ctdc.utilities.runtestcaseforKatalon.clickTab is PASSED

2021-05-04 09:36:16 - [MESSAGE][PASSED] - ctdc.utilities.runtestcaseforKatalon.clickTab is PASSED

2021-05-04 09:36:16 - [TEST_STEP][PASSED] - waitForElementPresent(findTestObject("Object Repository/Canine/Filter/Study/Canine_Filter_Study"), 10): Object 'Object Repository/Canine/Filter/Study/Canine_Filter_Study' is not present after 10 second(s)

2021-05-04 09:36:27 - [MESSAGE][INFO] - Unable to find the element located by 'By.xpath: //*[@id='Study']'. Please recheck the objects properties to make sure the desired element is located. 

2021-05-04 09:36:27 - [MESSAGE][WARNING] - Object 'Object Repository/Canine/Filter/Study/Canine_Filter_Study' is not present after 10 second(s)

2021-05-04 09:36:27 - [TEST_STEP][PASSED] - ctdc.utilities.runtestcaseforKatalon.clickTab("Object Repository/Canine/Filter/Study/Canine_Filter_Study"): ctdc.utilities.runtestcaseforKatalon.clickTab is PASSED

2021-05-04 09:36:28 - [MESSAGE][PASSED] - ctdc.utilities.runtestcaseforKatalon.clickTab is PASSED

2021-05-04 09:36:28 - [TEST_STEP][PASSED] - waitForElementPresent(findTestObject("Object Repository/Canine/Filter/Study/Canine_Filter_Study-UBC_Chkbx"), 10): Object 'Object Repository/Canine/Filter/Study/Canine_Filter_Study-UBC_Chkbx' is not present after 10 second(s)

2021-05-04 09:36:39 - [MESSAGE][INFO] - Unable to find the element located by 'By.xpath: (//*[contains(text(),'UBC')])[1]'. Please recheck the objects properties to make sure the desired element is located. 

2021-05-04 09:36:39 - [MESSAGE][WARNING] - Object 'Object Repository/Canine/Filter/Study/Canine_Filter_Study-UBC_Chkbx' is not present after 10 second(s)

2021-05-04 09:36:39 - [TEST_STEP][PASSED] - ctdc.utilities.runtestcaseforKatalon.clickTab("Object Repository/Canine/Filter/Study/Canine_Filter_Study-UBC_Chkbx"): ctdc.utilities.runtestcaseforKatalon.clickTab is PASSED

2021-05-04 09:36:39 - [MESSAGE][PASSED] - ctdc.utilities.runtestcaseforKatalon.clickTab is PASSED

2021-05-04 09:36:39 - [TEST_STEP][PASSED] - Thread.sleep(2000): null

2021-05-04 09:36:41 - [TEST_STEP][PASSED] - waitForElementPresent(findTestObject("Object Repository/Canine/Filter/Breed/BREED_Ddn"), 10): Object 'Object Repository/Canine/Filter/Breed/BREED_Ddn' is not present after 10 second(s)

2021-05-04 09:36:52 - [MESSAGE][INFO] - Unable to find the element located by 'By.xpath: //*[@id='Breed']'. Please recheck the objects properties to make sure the desired element is located. 

2021-05-04 09:36:52 - [MESSAGE][WARNING] - Object 'Object Repository/Canine/Filter/Breed/BREED_Ddn' is not present after 10 second(s)

2021-05-04 09:36:52 - [TEST_STEP][PASSED] - ctdc.utilities.runtestcaseforKatalon.clickTab("Object Repository/Canine/Filter/Breed/BREED_Ddn"): ctdc.utilities.runtestcaseforKatalon.clickTab is PASSED

2021-05-04 09:36:52 - [MESSAGE][PASSED] - ctdc.utilities.runtestcaseforKatalon.clickTab is PASSED

2021-05-04 09:36:52 - [TEST_STEP][PASSED] - waitForElementPresent(findTestObject("Object Repository/Canine/Filter/Breed/Mixed_Chkbx"), 10): Object 'Object Repository/Canine/Filter/Breed/Mixed_Chkbx' is not present after 10 second(s)

2021-05-04 09:37:03 - [MESSAGE][INFO] - Unable to find the element located by 'By.xpath: //*[contains(text(),'Mixed Breed')]'. Please recheck the objects properties to make sure the desired element is located. 

2021-05-04 09:37:03 - [MESSAGE][WARNING] - Object 'Object Repository/Canine/Filter/Breed/Mixed_Chkbx' is not present after 10 second(s)

2021-05-04 09:37:03 - [TEST_STEP][PASSED] - ctdc.utilities.runtestcaseforKatalon.clickTab("Object Repository/Canine/Filter/Breed/Mixed_Chkbx"): ctdc.utilities.runtestcaseforKatalon.clickTab is PASSED

2021-05-04 09:37:04 - [MESSAGE][PASSED] - ctdc.utilities.runtestcaseforKatalon.clickTab is PASSED

2021-05-04 09:37:04 - [TEST_STEP][PASSED] - waitForElementPresent(findTestObject("Object Repository/Canine/Filter/Breed/ScottTerr_Chkbx"), 10): Object 'Object Repository/Canine/Filter/Breed/ScottTerr_Chkbx' is not present after 10 second(s)

2021-05-04 09:37:15 - [MESSAGE][INFO] - Unable to find the element located by 'By.xpath: //*[contains(text(),'Scottish Terrier')]'. Please recheck the objects properties to make sure the desired element is located. 

2021-05-04 09:37:15 - [MESSAGE][WARNING] - Object 'Object Repository/Canine/Filter/Breed/ScottTerr_Chkbx' is not present after 10 second(s)

2021-05-04 09:37:15 - [TEST_STEP][PASSED] - ctdc.utilities.runtestcaseforKatalon.clickTab("Object Repository/Canine/Filter/Breed/ScottTerr_Chkbx"): ctdc.utilities.runtestcaseforKatalon.clickTab is PASSED

2021-05-04 09:37:15 - [MESSAGE][PASSED] - ctdc.utilities.runtestcaseforKatalon.clickTab is PASSED

2021-05-04 09:37:15 - [TEST_STEP][PASSED] - waitForElementPresent(findTestObject("Object Repository/Canine/Filter/Breed/ShetlandShpdog_Chkbx"), 10): Object 'Object Repository/Canine/Filter/Breed/ShetlandShpdog_Chkbx' is not present after 10 second(s)

2021-05-04 09:37:26 - [MESSAGE][INFO] - Unable to find the element located by 'By.xpath: //*[contains(text(),'Shetland Sheepdog')]'. Please recheck the objects properties to make sure the desired element is located. 

2021-05-04 09:37:26 - [MESSAGE][WARNING] - Object 'Object Repository/Canine/Filter/Breed/ShetlandShpdog_Chkbx' is not present after 10 second(s)

2021-05-04 09:37:26 - [TEST_STEP][PASSED] - ctdc.utilities.runtestcaseforKatalon.clickTab("Object Repository/Canine/Filter/Breed/ShetlandShpdog_Chkbx"): ctdc.utilities.runtestcaseforKatalon.clickTab is PASSED

2021-05-04 09:37:26 - [MESSAGE][PASSED] - ctdc.utilities.runtestcaseforKatalon.clickTab is PASSED

2021-05-04 09:37:26 - [TEST_STEP][PASSED] - ctdc.utilities.runtestcaseforKatalon.clickTab("Object Repository/Canine/Filter/Breed/BREED_Ddn"): ctdc.utilities.runtestcaseforKatalon.clickTab is PASSED

2021-05-04 09:37:27 - [MESSAGE][PASSED] - ctdc.utilities.runtestcaseforKatalon.clickTab is PASSED

2021-05-04 09:37:27 - [TEST_STEP][PASSED] - waitForElementPresent(findTestObject("Object Repository/Canine/Filter/Diagnosis/DIAGNOSIS_Ddn"), 10): Object 'Object Repository/Canine/Filter/Diagnosis/DIAGNOSIS_Ddn' is not present after 10 second(s)

2021-05-04 09:37:39 - [MESSAGE][INFO] - Unable to find the element located by 'By.xpath: (//*[@id='Diagnosis'])[1]'. Please recheck the objects properties to make sure the desired element is located. 

2021-05-04 09:37:39 - [MESSAGE][WARNING] - Object 'Object Repository/Canine/Filter/Diagnosis/DIAGNOSIS_Ddn' is not present after 10 second(s)

2021-05-04 09:37:39 - [TEST_STEP][PASSED] - ctdc.utilities.runtestcaseforKatalon.clickTab("Object Repository/Canine/Filter/Diagnosis/DIAGNOSIS_Ddn"): ctdc.utilities.runtestcaseforKatalon.clickTab is PASSED

2021-05-04 09:37:39 - [MESSAGE][PASSED] - ctdc.utilities.runtestcaseforKatalon.clickTab is PASSED

2021-05-04 09:37:39 - [TEST_STEP][PASSED] - waitForElementPresent(findTestObject("Object Repository/Canine/Filter/Diagnosis/BladderCancer_Chkbx"), 10): Object 'Object Repository/Canine/Filter/Diagnosis/BladderCancer_Chkbx' is not present after 10 second(s)

2021-05-04 09:37:50 - [MESSAGE][INFO] - Unable to find the element located by 'By.xpath: //*[contains(text(),'Bladder Cancer')]'. Please recheck the objects properties to make sure the desired element is located. 

2021-05-04 09:37:50 - [MESSAGE][WARNING] - Object 'Object Repository/Canine/Filter/Diagnosis/BladderCancer_Chkbx' is not present after 10 second(s)

2021-05-04 09:37:50 - [TEST_STEP][PASSED] - ctdc.utilities.runtestcaseforKatalon.clickTab("Object Repository/Canine/Filter/Diagnosis/BladderCancer_Chkbx"): ctdc.utilities.runtestcaseforKatalon.clickTab is PASSED

2021-05-04 09:37:50 - [MESSAGE][PASSED] - ctdc.utilities.runtestcaseforKatalon.clickTab is PASSED

2021-05-04 09:37:50 - [TEST_STEP][PASSED] - waitForElementPresent(findTestObject("Object Repository/Canine/Filter/Diagnosis/HealthyControl_Chkbx"), 10): Object 'Object Repository/Canine/Filter/Diagnosis/HealthyControl_Chkbx' is not present after 10 second(s)

2021-05-04 09:38:01 - [MESSAGE][INFO] - Unable to find the element located by 'By.xpath: //*[contains(text(),'Healthy Control')]'. Please recheck the objects properties to make sure the desired element is located. 

2021-05-04 09:38:01 - [MESSAGE][WARNING] - Object 'Object Repository/Canine/Filter/Diagnosis/HealthyControl_Chkbx' is not present after 10 second(s)

2021-05-04 09:38:01 - [TEST_STEP][PASSED] - ctdc.utilities.runtestcaseforKatalon.clickTab("Object Repository/Canine/Filter/Diagnosis/HealthyControl_Chkbx"): ctdc.utilities.runtestcaseforKatalon.clickTab is PASSED

2021-05-04 09:38:01 - [MESSAGE][PASSED] - ctdc.utilities.runtestcaseforKatalon.clickTab is PASSED

2021-05-04 09:38:01 - [TEST_STEP][PASSED] - ctdc.utilities.runtestcaseforKatalon.clickTab("Object Repository/Canine/Filter/Diagnosis/DIAGNOSIS_Ddn"): ctdc.utilities.runtestcaseforKatalon.clickTab is PASSED

2021-05-04 09:38:02 - [MESSAGE][PASSED] - ctdc.utilities.runtestcaseforKatalon.clickTab is PASSED

2021-05-04 09:38:02 - [TEST_STEP][PASSED] - waitForElementPresent(findTestObject("Object Repository/Canine/Filter/PrimDiseaseSite/PRIMARYDISEASESITE_Ddn"), 10): Object 'Object Repository/Canine/Filter/PrimDiseaseSite/PRIMARYDISEASESITE_Ddn' is not present after 10 second(s)

2021-05-04 09:38:13 - [MESSAGE][INFO] - Unable to find the element located by 'By.xpath: //*[@id='Primary Disease Site']'. Please recheck the objects properties to make sure the desired element is located. 

2021-05-04 09:38:13 - [MESSAGE][WARNING] - Object 'Object Repository/Canine/Filter/PrimDiseaseSite/PRIMARYDISEASESITE_Ddn' is not present after 10 second(s)

2021-05-04 09:38:13 - [TEST_STEP][PASSED] - ctdc.utilities.runtestcaseforKatalon.clickTab("Object Repository/Canine/Filter/PrimDiseaseSite/PRIMARYDISEASESITE_Ddn"): ctdc.utilities.runtestcaseforKatalon.clickTab is PASSED

2021-05-04 09:38:14 - [MESSAGE][PASSED] - ctdc.utilities.runtestcaseforKatalon.clickTab is PASSED

2021-05-04 09:38:14 - [TEST_STEP][PASSED] - waitForElementPresent(findTestObject("Object Repository/Canine/Filter/PrimDiseaseSite/Bladder_Chkbx"), 10): Object 'Object Repository/Canine/Filter/PrimDiseaseSite/Bladder_Chkbx' is not present after 10 second(s)

2021-05-04 09:38:25 - [MESSAGE][INFO] - Unable to find the element located by 'By.xpath: (//*[contains(text(),'Bladder')])[2]'. Please recheck the objects properties to make sure the desired element is located. 

2021-05-04 09:38:25 - [MESSAGE][WARNING] - Object 'Object Repository/Canine/Filter/PrimDiseaseSite/Bladder_Chkbx' is not present after 10 second(s)

2021-05-04 09:38:25 - [TEST_STEP][PASSED] - ctdc.utilities.runtestcaseforKatalon.clickTab("Object Repository/Canine/Filter/PrimDiseaseSite/Bladder_Chkbx"): ctdc.utilities.runtestcaseforKatalon.clickTab is PASSED

2021-05-04 09:38:25 - [MESSAGE][PASSED] - ctdc.utilities.runtestcaseforKatalon.clickTab is PASSED

2021-05-04 09:38:25 - [TEST_STEP][PASSED] - waitForElementPresent(findTestObject("Object Repository/Canine/Filter/PrimDiseaseSite/NotApplicable_Chkbx"), 10): Object 'Object Repository/Canine/Filter/PrimDiseaseSite/NotApplicable_Chkbx' is not present after 10 second(s)

2021-05-04 09:38:36 - [MESSAGE][INFO] - Unable to find the element located by 'By.xpath: (//*[contains(text(),'Not Applicable')])[1]'. Please recheck the objects properties to make sure the desired element is located. 

2021-05-04 09:38:36 - [MESSAGE][WARNING] - Object 'Object Repository/Canine/Filter/PrimDiseaseSite/NotApplicable_Chkbx' is not present after 10 second(s)

2021-05-04 09:38:36 - [TEST_STEP][PASSED] - ctdc.utilities.runtestcaseforKatalon.clickTab("Object Repository/Canine/Filter/PrimDiseaseSite/NotApplicable_Chkbx"): ctdc.utilities.runtestcaseforKatalon.clickTab is PASSED

2021-05-04 09:38:36 - [MESSAGE][PASSED] - ctdc.utilities.runtestcaseforKatalon.clickTab is PASSED

2021-05-04 09:38:36 - [TEST_STEP][PASSED] - ctdc.utilities.runtestcaseforKatalon.clickTab("Object Repository/Canine/Filter/PrimDiseaseSite/PRIMARYDISEASESITE_Ddn"): ctdc.utilities.runtestcaseforKatalon.clickTab is PASSED

2021-05-04 09:38:37 - [MESSAGE][PASSED] - ctdc.utilities.runtestcaseforKatalon.clickTab is PASSED

2021-05-04 09:38:37 - [TEST_STEP][PASSED] - ctdc.utilities.runtestcaseforKatalon.readStatBarCanine("Object Repository/Canine/StatBar/Canine_StatBar-Studies", "Object Repository/Canine/StatBar/Canine_StatBar-Cases", "Object Repository/Canine/StatBar/Canine_StatBar-Samples", "Object Repository/Canine/StatBar/Canine_StatBar-Files", "Object Repository/Canine/StatBar/Canine_StatBar-Aliquots"): ctdc.utilities.runtestcaseforKatalon.readStatBarCanine is PASSED

2021-05-04 09:38:52 - [MESSAGE][PASSED] - ctdc.utilities.runtestcaseforKatalon.readStatBarCanine is PASSED

2021-05-04 09:38:52 - [TEST_STEP][PASSED] - waitForElementPresent(findTestObject("Object Repository/Canine/CanineResults_Cases_Tab"), 5): Object 'Object Repository/Canine/CanineResults_Cases_Tab' is not present after 5 second(s)

2021-05-04 09:38:58 - [MESSAGE][INFO] - Unable to find the element located by 'By.xpath: //*[@id="case_tab"]'. Please recheck the objects properties to make sure the desired element is located. 

2021-05-04 09:38:58 - [MESSAGE][WARNING] - Object 'Object Repository/Canine/CanineResults_Cases_Tab' is not present after 5 second(s)

2021-05-04 09:38:58 - [TEST_STEP][PASSED] - ctdc.utilities.runtestcaseforKatalon.clickTab("Object Repository/Canine/CanineResults_Cases_Tab"): ctdc.utilities.runtestcaseforKatalon.clickTab is PASSED

2021-05-04 09:38:58 - [MESSAGE][PASSED] - ctdc.utilities.runtestcaseforKatalon.clickTab is PASSED

2021-05-04 09:38:58 - [TEST_STEP][PASSED] - ctdc.utilities.runtestcaseforKatalon.multiFunction("ICDC", G_StatBar_Cases, "Object Repository/Canine/Canine_CasesTable", "Object Repository/Canine/Canine_TableHeader", "Object Repository/Canine/Canine_CasesTabNextBtn", G_WebTabnameCases, G_CypherTabnameCases, G_QueryCasesTab): Statbar Arms count matches

2021-05-04 09:39:19 - [MESSAGE][PASSED] - Statbar Files count matches

2021-05-04 09:39:19 - [MESSAGE][PASSED] - Statbar Samples count matches

2021-05-04 09:39:19 - [MESSAGE][PASSED] - Statbar Cases count matches

2021-05-04 09:39:19 - [MESSAGE][PASSED] - Statbar Arms count matches

2021-05-04 09:39:19 - [TEST_STEP][PASSED] - closeBrowser(): Browser is closed

2021-05-04 09:39:20 - [MESSAGE][PASSED] - Browser is closed]]></system-out>
         <system-err><![CDATA[]]></system-err>
      </testcase>
      <testcase name="Test Cases/Canine_TestCases/Study-Combinations/TC11_Canine_StudyUBC-Breed_Diagnosis_PrimDiseaseSite_RespToTreatmt" time="409.006" classname="Test Cases/Canine_TestCases/Study-Combinations/TC11_Canine_StudyUBC-Breed_Diagnosis_PrimDiseaseSite_RespToTreatmt" status="PASSED">
         <system-out><![CDATA[2021-05-04 09:39:20 - [TEST_CASE][PASSED] - Test Cases/Canine_TestCases/Study-Combinations/TC11_Canine_StudyUBC-Breed_Diagnosis_PrimDiseaseSite_RespToTreatmt: Test Cases/Canine_TestCases/Study-Combinations/TC11_Canine_StudyUBC-Breed_Diagnosis_PrimDiseaseSite_RespToTreatmt

2021-05-04 09:39:20 - [TEST_STEP][PASSED] - closeBrowser(): Browser is closed

2021-05-04 09:39:20 - [MESSAGE][PASSED] - Browser is closed

2021-05-04 09:39:20 - [TEST_STEP][PASSED] - openBrowser(""): Browser is opened with url: ''

2021-05-04 09:39:20 - [MESSAGE][INFO] - Starting 'Chrome (headless)' driver

2021-05-04 09:39:20 - [MESSAGE][INFO] - User set preference: ['args', '[--no-sandbox]']

2021-05-04 09:39:20 - [MESSAGE][INFO] - Action delay is set to 5,000 milliseconds

2021-05-04 09:39:22 - [MESSAGE][PASSED] - Browser is opened with url: ''

2021-05-04 09:39:22 - [TEST_STEP][PASSED] - maximizeWindow(): Current window maximized

2021-05-04 09:39:22 - [MESSAGE][PASSED] - Current window maximized

2021-05-04 09:39:22 - [TEST_STEP][PASSED] - "Driver opened by Katalon is used in Selenium from this step.": null

2021-05-04 09:39:22 - [TEST_STEP][PASSED] - ctdc.utilities.runtestcaseforKatalon.RunKatalon("TC11_Canine_StudyUBC-Breed_Diagnosis_PrimDiseaseSite_RespToTreatmt.xlsx"): Data loaded from input file for the test case. 

2021-05-04 09:39:22 - [MESSAGE][PASSED] - Test case file loaded This is the full filepath after converting to string :C:\Users\radhakrishnang2\Desktop\Commons_Automation\InputFiles\TC11_Canine_StudyUBC-Breed_Diagnosis_PrimDiseaseSite_RespToTreatmt.xlsx

2021-05-04 09:39:22 - [MESSAGE][INFO] - Global variable set for password file is :  C:\Users\radhakrishnang2\Desktop\Commons_Automation\InputFiles\TC11_Canine_StudyUBC-Breed_Diagnosis_PrimDiseaseSite_RespToTreatmt.xlsx

2021-05-04 09:39:22 - [MESSAGE][PASSED] - Data loaded from input file for the test case. 

2021-05-04 09:39:40 - [TEST_STEP][PASSED] - waitForElementPresent(findTestObject("Canine/NavBar/Canine_Cases_Btn"), 10): Object 'Object Repository/Canine/NavBar/Canine_Cases_Btn' is not present after 10 second(s)

2021-05-04 09:39:51 - [MESSAGE][INFO] - Unable to find the element located by 'By.xpath: //a[contains(@href,'cases')]'. Please recheck the objects properties to make sure the desired element is located. 

2021-05-04 09:39:51 - [MESSAGE][WARNING] - Object 'Object Repository/Canine/NavBar/Canine_Cases_Btn' is not present after 10 second(s)

2021-05-04 09:39:51 - [TEST_STEP][PASSED] - ctdc.utilities.runtestcaseforKatalon.clickTab("Canine/NavBar/Canine_Cases_Btn"): ctdc.utilities.runtestcaseforKatalon.clickTab is PASSED

2021-05-04 09:39:51 - [MESSAGE][PASSED] - ctdc.utilities.runtestcaseforKatalon.clickTab is PASSED

2021-05-04 09:39:51 - [TEST_STEP][PASSED] - waitForElementPresent(findTestObject("Object Repository/Canine/Filter/FilterByCases_Facet"), 10): Object 'Object Repository/Canine/Filter/FilterByCases_Facet' is not present after 10 second(s)

2021-05-04 09:40:02 - [MESSAGE][INFO] - Unable to find the element located by 'By.xpath: //*[contains(text(),'Filter By Cases')]'. Please recheck the objects properties to make sure the desired element is located. 

2021-05-04 09:40:02 - [MESSAGE][WARNING] - Object 'Object Repository/Canine/Filter/FilterByCases_Facet' is not present after 10 second(s)

2021-05-04 09:40:02 - [TEST_STEP][PASSED] - ctdc.utilities.runtestcaseforKatalon.clickTab("Object Repository/Canine/Filter/FilterByCases_Facet"): ctdc.utilities.runtestcaseforKatalon.clickTab is PASSED

2021-05-04 09:40:02 - [MESSAGE][PASSED] - ctdc.utilities.runtestcaseforKatalon.clickTab is PASSED

2021-05-04 09:40:02 - [TEST_STEP][PASSED] - waitForElementPresent(findTestObject("Object Repository/Canine/Filter/Study/Canine_Filter_Study"), 10): Object 'Object Repository/Canine/Filter/Study/Canine_Filter_Study' is not present after 10 second(s)

2021-05-04 09:40:13 - [MESSAGE][INFO] - Unable to find the element located by 'By.xpath: //*[@id='Study']'. Please recheck the objects properties to make sure the desired element is located. 

2021-05-04 09:40:13 - [MESSAGE][WARNING] - Object 'Object Repository/Canine/Filter/Study/Canine_Filter_Study' is not present after 10 second(s)

2021-05-04 09:40:13 - [TEST_STEP][PASSED] - ctdc.utilities.runtestcaseforKatalon.clickTab("Object Repository/Canine/Filter/Study/Canine_Filter_Study"): ctdc.utilities.runtestcaseforKatalon.clickTab is PASSED

2021-05-04 09:40:14 - [MESSAGE][PASSED] - ctdc.utilities.runtestcaseforKatalon.clickTab is PASSED

2021-05-04 09:40:14 - [TEST_STEP][PASSED] - waitForElementPresent(findTestObject("Object Repository/Canine/Filter/Study/Canine_Filter_Study-UBC_Chkbx"), 10): Object 'Object Repository/Canine/Filter/Study/Canine_Filter_Study-UBC_Chkbx' is not present after 10 second(s)

2021-05-04 09:40:25 - [MESSAGE][INFO] - Unable to find the element located by 'By.xpath: (//*[contains(text(),'UBC')])[1]'. Please recheck the objects properties to make sure the desired element is located. 

2021-05-04 09:40:25 - [MESSAGE][WARNING] - Object 'Object Repository/Canine/Filter/Study/Canine_Filter_Study-UBC_Chkbx' is not present after 10 second(s)

2021-05-04 09:40:25 - [TEST_STEP][PASSED] - ctdc.utilities.runtestcaseforKatalon.clickTab("Object Repository/Canine/Filter/Study/Canine_Filter_Study-UBC_Chkbx"): ctdc.utilities.runtestcaseforKatalon.clickTab is PASSED

2021-05-04 09:40:25 - [MESSAGE][PASSED] - ctdc.utilities.runtestcaseforKatalon.clickTab is PASSED

2021-05-04 09:40:25 - [TEST_STEP][PASSED] - Thread.sleep(2000): null

2021-05-04 09:40:27 - [TEST_STEP][PASSED] - waitForElementPresent(findTestObject("Object Repository/Canine/Filter/Breed/BREED_Ddn"), 10): Object 'Object Repository/Canine/Filter/Breed/BREED_Ddn' is not present after 10 second(s)

2021-05-04 09:40:38 - [MESSAGE][INFO] - Unable to find the element located by 'By.xpath: //*[@id='Breed']'. Please recheck the objects properties to make sure the desired element is located. 

2021-05-04 09:40:38 - [MESSAGE][WARNING] - Object 'Object Repository/Canine/Filter/Breed/BREED_Ddn' is not present after 10 second(s)

2021-05-04 09:40:38 - [TEST_STEP][PASSED] - ctdc.utilities.runtestcaseforKatalon.clickTab("Object Repository/Canine/Filter/Breed/BREED_Ddn"): ctdc.utilities.runtestcaseforKatalon.clickTab is PASSED

2021-05-04 09:40:39 - [MESSAGE][PASSED] - ctdc.utilities.runtestcaseforKatalon.clickTab is PASSED

2021-05-04 09:40:39 - [TEST_STEP][PASSED] - waitForElementPresent(findTestObject("Object Repository/Canine/Filter/Breed/BelgMalin_Chkbx"), 10): Object 'Object Repository/Canine/Filter/Breed/BelgMalin_Chkbx' is not present after 10 second(s)

2021-05-04 09:40:50 - [MESSAGE][INFO] - Unable to find the element located by 'By.xpath: //*[contains(text(),'Belgian Malinois')]'. Please recheck the objects properties to make sure the desired element is located. 

2021-05-04 09:40:50 - [MESSAGE][WARNING] - Object 'Object Repository/Canine/Filter/Breed/BelgMalin_Chkbx' is not present after 10 second(s)

2021-05-04 09:40:50 - [TEST_STEP][PASSED] - ctdc.utilities.runtestcaseforKatalon.clickTab("Object Repository/Canine/Filter/Breed/BelgMalin_Chkbx"): ctdc.utilities.runtestcaseforKatalon.clickTab is PASSED

2021-05-04 09:40:50 - [MESSAGE][PASSED] - ctdc.utilities.runtestcaseforKatalon.clickTab is PASSED

2021-05-04 09:40:50 - [TEST_STEP][PASSED] - waitForElementPresent(findTestObject("Object Repository/Canine/Filter/Breed/Labrador_Chkbx"), 10): Object 'Object Repository/Canine/Filter/Breed/Labrador_Chkbx' is not present after 10 second(s)

2021-05-04 09:41:01 - [MESSAGE][INFO] - Unable to find the element located by 'By.xpath: //*[contains(text(),'Labrador Retriever')]'. Please recheck the objects properties to make sure the desired element is located. 

2021-05-04 09:41:01 - [MESSAGE][WARNING] - Object 'Object Repository/Canine/Filter/Breed/Labrador_Chkbx' is not present after 10 second(s)

2021-05-04 09:41:01 - [TEST_STEP][PASSED] - ctdc.utilities.runtestcaseforKatalon.clickTab("Object Repository/Canine/Filter/Breed/Labrador_Chkbx"): ctdc.utilities.runtestcaseforKatalon.clickTab is PASSED

2021-05-04 09:41:01 - [MESSAGE][PASSED] - ctdc.utilities.runtestcaseforKatalon.clickTab is PASSED

2021-05-04 09:41:01 - [TEST_STEP][PASSED] - waitForElementPresent(findTestObject("Object Repository/Canine/Filter/Breed/WestHland_Chkbx"), 10): Object 'Object Repository/Canine/Filter/Breed/WestHland_Chkbx' is not present after 10 second(s)

2021-05-04 09:41:12 - [MESSAGE][INFO] - Unable to find the element located by 'By.xpath: //*[contains(text(),'West Highland White Terrier')]'. Please recheck the objects properties to make sure the desired element is located. 

2021-05-04 09:41:12 - [MESSAGE][WARNING] - Object 'Object Repository/Canine/Filter/Breed/WestHland_Chkbx' is not present after 10 second(s)

2021-05-04 09:41:12 - [TEST_STEP][PASSED] - ctdc.utilities.runtestcaseforKatalon.clickTab("Object Repository/Canine/Filter/Breed/WestHland_Chkbx"): ctdc.utilities.runtestcaseforKatalon.clickTab is PASSED

2021-05-04 09:41:13 - [MESSAGE][PASSED] - ctdc.utilities.runtestcaseforKatalon.clickTab is PASSED

2021-05-04 09:41:13 - [TEST_STEP][PASSED] - ctdc.utilities.runtestcaseforKatalon.clickTab("Object Repository/Canine/Filter/Breed/BREED_Ddn"): ctdc.utilities.runtestcaseforKatalon.clickTab is PASSED

2021-05-04 09:41:13 - [MESSAGE][PASSED] - ctdc.utilities.runtestcaseforKatalon.clickTab is PASSED

2021-05-04 09:41:13 - [TEST_STEP][PASSED] - waitForElementPresent(findTestObject("Object Repository/Canine/Filter/Diagnosis/DIAGNOSIS_Ddn"), 10): Object 'Object Repository/Canine/Filter/Diagnosis/DIAGNOSIS_Ddn' is not present after 10 second(s)

2021-05-04 09:41:24 - [MESSAGE][INFO] - Unable to find the element located by 'By.xpath: (//*[@id='Diagnosis'])[1]'. Please recheck the objects properties to make sure the desired element is located. 

2021-05-04 09:41:24 - [MESSAGE][WARNING] - Object 'Object Repository/Canine/Filter/Diagnosis/DIAGNOSIS_Ddn' is not present after 10 second(s)

2021-05-04 09:41:24 - [TEST_STEP][PASSED] - ctdc.utilities.runtestcaseforKatalon.clickTab("Object Repository/Canine/Filter/Diagnosis/DIAGNOSIS_Ddn"): ctdc.utilities.runtestcaseforKatalon.clickTab is PASSED

2021-05-04 09:41:24 - [MESSAGE][PASSED] - ctdc.utilities.runtestcaseforKatalon.clickTab is PASSED

2021-05-04 09:41:24 - [TEST_STEP][PASSED] - waitForElementPresent(findTestObject("Object Repository/Canine/Filter/Diagnosis/BladderCancer_Chkbx"), 10): Object 'Object Repository/Canine/Filter/Diagnosis/BladderCancer_Chkbx' is not present after 10 second(s)

2021-05-04 09:41:35 - [MESSAGE][INFO] - Unable to find the element located by 'By.xpath: //*[contains(text(),'Bladder Cancer')]'. Please recheck the objects properties to make sure the desired element is located. 

2021-05-04 09:41:35 - [MESSAGE][WARNING] - Object 'Object Repository/Canine/Filter/Diagnosis/BladderCancer_Chkbx' is not present after 10 second(s)

2021-05-04 09:41:35 - [TEST_STEP][PASSED] - ctdc.utilities.runtestcaseforKatalon.clickTab("Object Repository/Canine/Filter/Diagnosis/BladderCancer_Chkbx"): ctdc.utilities.runtestcaseforKatalon.clickTab is PASSED

2021-05-04 09:41:36 - [MESSAGE][PASSED] - ctdc.utilities.runtestcaseforKatalon.clickTab is PASSED

2021-05-04 09:41:36 - [TEST_STEP][PASSED] - ctdc.utilities.runtestcaseforKatalon.clickTab("Object Repository/Canine/Filter/Diagnosis/DIAGNOSIS_Ddn"): ctdc.utilities.runtestcaseforKatalon.clickTab is PASSED

2021-05-04 09:41:36 - [MESSAGE][PASSED] - ctdc.utilities.runtestcaseforKatalon.clickTab is PASSED

2021-05-04 09:41:36 - [TEST_STEP][PASSED] - waitForElementPresent(findTestObject("Object Repository/Canine/Filter/PrimDiseaseSite/PRIMARYDISEASESITE_Ddn"), 10): Object 'Object Repository/Canine/Filter/PrimDiseaseSite/PRIMARYDISEASESITE_Ddn' is not present after 10 second(s)

2021-05-04 09:41:47 - [MESSAGE][INFO] - Unable to find the element located by 'By.xpath: //*[@id='Primary Disease Site']'. Please recheck the objects properties to make sure the desired element is located. 

2021-05-04 09:41:47 - [MESSAGE][WARNING] - Object 'Object Repository/Canine/Filter/PrimDiseaseSite/PRIMARYDISEASESITE_Ddn' is not present after 10 second(s)

2021-05-04 09:41:47 - [TEST_STEP][PASSED] - ctdc.utilities.runtestcaseforKatalon.clickTab("Object Repository/Canine/Filter/PrimDiseaseSite/PRIMARYDISEASESITE_Ddn"): ctdc.utilities.runtestcaseforKatalon.clickTab is PASSED

2021-05-04 09:41:47 - [MESSAGE][PASSED] - ctdc.utilities.runtestcaseforKatalon.clickTab is PASSED

2021-05-04 09:41:47 - [TEST_STEP][PASSED] - waitForElementPresent(findTestObject("Object Repository/Canine/Filter/PrimDiseaseSite/BladderProstate_Chkbx"), 10): Object 'Object Repository/Canine/Filter/PrimDiseaseSite/BladderProstate_Chkbx' is not present after 10 second(s)

2021-05-04 09:41:58 - [MESSAGE][INFO] - Unable to find the element located by 'By.xpath: //*[contains(text(),'Bladder, Prostate')]'. Please recheck the objects properties to make sure the desired element is located. 

2021-05-04 09:41:58 - [MESSAGE][WARNING] - Object 'Object Repository/Canine/Filter/PrimDiseaseSite/BladderProstate_Chkbx' is not present after 10 second(s)

2021-05-04 09:41:58 - [TEST_STEP][PASSED] - ctdc.utilities.runtestcaseforKatalon.clickTab("Object Repository/Canine/Filter/PrimDiseaseSite/BladderProstate_Chkbx"): ctdc.utilities.runtestcaseforKatalon.clickTab is PASSED

2021-05-04 09:41:58 - [MESSAGE][PASSED] - ctdc.utilities.runtestcaseforKatalon.clickTab is PASSED

2021-05-04 09:41:58 - [TEST_STEP][PASSED] - waitForElementPresent(findTestObject("Object Repository/Canine/Filter/PrimDiseaseSite/BladderUrethra_Chkbx"), 10): Object 'Object Repository/Canine/Filter/PrimDiseaseSite/BladderUrethra_Chkbx' is not present after 10 second(s)

2021-05-04 09:42:10 - [MESSAGE][INFO] - Unable to find the element located by 'By.xpath: (//*[contains(text(),'Bladder, Urethra')])[1]'. Please recheck the objects properties to make sure the desired element is located. 

2021-05-04 09:42:10 - [MESSAGE][WARNING] - Object 'Object Repository/Canine/Filter/PrimDiseaseSite/BladderUrethra_Chkbx' is not present after 10 second(s)

2021-05-04 09:42:10 - [TEST_STEP][PASSED] - ctdc.utilities.runtestcaseforKatalon.clickTab("Object Repository/Canine/Filter/PrimDiseaseSite/BladderUrethra_Chkbx"): ctdc.utilities.runtestcaseforKatalon.clickTab is PASSED

2021-05-04 09:42:10 - [MESSAGE][PASSED] - ctdc.utilities.runtestcaseforKatalon.clickTab is PASSED

2021-05-04 09:42:10 - [TEST_STEP][PASSED] - waitForElementPresent(findTestObject("Object Repository/Canine/Filter/PrimDiseaseSite/BladderUrethraProstate_Chkbx"), 10): Object 'Object Repository/Canine/Filter/PrimDiseaseSite/BladderUrethraProstate_Chkbx' is not present after 10 second(s)

2021-05-04 09:42:21 - [MESSAGE][INFO] - Unable to find the element located by 'By.xpath: //*[contains(text(),'Bladder, Urethra, Prostate')]'. Please recheck the objects properties to make sure the desired element is located. 

2021-05-04 09:42:21 - [MESSAGE][WARNING] - Object 'Object Repository/Canine/Filter/PrimDiseaseSite/BladderUrethraProstate_Chkbx' is not present after 10 second(s)

2021-05-04 09:42:21 - [TEST_STEP][PASSED] - ctdc.utilities.runtestcaseforKatalon.clickTab("Object Repository/Canine/Filter/PrimDiseaseSite/BladderUrethraProstate_Chkbx"): ctdc.utilities.runtestcaseforKatalon.clickTab is PASSED

2021-05-04 09:42:21 - [MESSAGE][PASSED] - ctdc.utilities.runtestcaseforKatalon.clickTab is PASSED

2021-05-04 09:42:21 - [TEST_STEP][PASSED] - waitForElementPresent(findTestObject("Object Repository/Canine/Filter/PrimDiseaseSite/UrethraProstate_Chkbx"), 15): Object 'Object Repository/Canine/Filter/PrimDiseaseSite/UrethraProstate_Chkbx' is not present after 15 second(s)

2021-05-04 09:42:37 - [MESSAGE][INFO] - Unable to find the element located by 'By.xpath: (//*[contains(text(),'Urethra, Prostate')])[2]'. Please recheck the objects properties to make sure the desired element is located. 

2021-05-04 09:42:37 - [MESSAGE][WARNING] - Object 'Object Repository/Canine/Filter/PrimDiseaseSite/UrethraProstate_Chkbx' is not present after 15 second(s)

2021-05-04 09:42:37 - [TEST_STEP][PASSED] - ctdc.utilities.runtestcaseforKatalon.clickTab("Object Repository/Canine/Filter/PrimDiseaseSite/UrethraProstate_Chkbx"): ctdc.utilities.runtestcaseforKatalon.clickTab is PASSED

2021-05-04 09:42:38 - [MESSAGE][PASSED] - ctdc.utilities.runtestcaseforKatalon.clickTab is PASSED

2021-05-04 09:42:38 - [TEST_STEP][PASSED] - ctdc.utilities.runtestcaseforKatalon.clickTab("Object Repository/Canine/Filter/PrimDiseaseSite/PRIMARYDISEASESITE_Ddn"): ctdc.utilities.runtestcaseforKatalon.clickTab is PASSED

2021-05-04 09:42:38 - [MESSAGE][PASSED] - ctdc.utilities.runtestcaseforKatalon.clickTab is PASSED

2021-05-04 09:42:38 - [TEST_STEP][PASSED] - waitForElementPresent(findTestObject("Object Repository/Canine/Filter/ResponseToTreatment/RESPONSETOTREATMENT_Ddn"), 10): Object 'Object Repository/Canine/Filter/ResponseToTreatment/RESPONSETOTREATMENT_Ddn' is not present after 10 second(s)

2021-05-04 09:42:49 - [MESSAGE][INFO] - Unable to find the element located by 'By.xpath: (//div[@id='Response to Treatment'])[1]'. Please recheck the objects properties to make sure the desired element is located. 

2021-05-04 09:42:49 - [MESSAGE][WARNING] - Object 'Object Repository/Canine/Filter/ResponseToTreatment/RESPONSETOTREATMENT_Ddn' is not present after 10 second(s)

2021-05-04 09:42:49 - [TEST_STEP][PASSED] - ctdc.utilities.runtestcaseforKatalon.clickTab("Object Repository/Canine/Filter/ResponseToTreatment/RESPONSETOTREATMENT_Ddn"): ctdc.utilities.runtestcaseforKatalon.clickTab is PASSED

2021-05-04 09:42:49 - [MESSAGE][PASSED] - ctdc.utilities.runtestcaseforKatalon.clickTab is PASSED

2021-05-04 09:42:49 - [TEST_STEP][PASSED] - waitForElementPresent(findTestObject("Object Repository/Canine/Filter/ResponseToTreatment/NotDetermined_Chkbx"), 10): Object 'Object Repository/Canine/Filter/ResponseToTreatment/NotDetermined_Chkbx' is not present after 10 second(s)

2021-05-04 09:43:00 - [MESSAGE][INFO] - Unable to find the element located by 'By.xpath: //*[contains(text(),'Not Determined')]'. Please recheck the objects properties to make sure the desired element is located. 

2021-05-04 09:43:00 - [MESSAGE][WARNING] - Object 'Object Repository/Canine/Filter/ResponseToTreatment/NotDetermined_Chkbx' is not present after 10 second(s)

2021-05-04 09:43:00 - [TEST_STEP][PASSED] - ctdc.utilities.runtestcaseforKatalon.clickTab("Object Repository/Canine/Filter/ResponseToTreatment/NotDetermined_Chkbx"): ctdc.utilities.runtestcaseforKatalon.clickTab is PASSED

2021-05-04 09:43:01 - [MESSAGE][PASSED] - ctdc.utilities.runtestcaseforKatalon.clickTab is PASSED

2021-05-04 09:43:01 - [TEST_STEP][PASSED] - waitForElementPresent(findTestObject("Object Repository/Canine/Filter/ResponseToTreatment/PartialResponse_Chkbx"), 10): Object 'Object Repository/Canine/Filter/ResponseToTreatment/PartialResponse_Chkbx' is not present after 10 second(s)

2021-05-04 09:43:12 - [MESSAGE][INFO] - Unable to find the element located by 'By.xpath: //*[contains(text(),'Partial Response')]'. Please recheck the objects properties to make sure the desired element is located. 

2021-05-04 09:43:12 - [MESSAGE][WARNING] - Object 'Object Repository/Canine/Filter/ResponseToTreatment/PartialResponse_Chkbx' is not present after 10 second(s)

2021-05-04 09:43:12 - [TEST_STEP][PASSED] - ctdc.utilities.runtestcaseforKatalon.clickTab("Object Repository/Canine/Filter/ResponseToTreatment/PartialResponse_Chkbx"): ctdc.utilities.runtestcaseforKatalon.clickTab is PASSED

2021-05-04 09:43:12 - [MESSAGE][PASSED] - ctdc.utilities.runtestcaseforKatalon.clickTab is PASSED

2021-05-04 09:43:12 - [TEST_STEP][PASSED] - waitForElementPresent(findTestObject("Object Repository/Canine/Filter/ResponseToTreatment/ProgrDisease_Chkbx"), 10): Object 'Object Repository/Canine/Filter/ResponseToTreatment/ProgrDisease_Chkbx' is not present after 10 second(s)

2021-05-04 09:43:23 - [MESSAGE][INFO] - Unable to find the element located by 'By.xpath: //*[contains(text(),'Progressive Disease')]'. Please recheck the objects properties to make sure the desired element is located. 

2021-05-04 09:43:23 - [MESSAGE][WARNING] - Object 'Object Repository/Canine/Filter/ResponseToTreatment/ProgrDisease_Chkbx' is not present after 10 second(s)

2021-05-04 09:43:23 - [TEST_STEP][PASSED] - ctdc.utilities.runtestcaseforKatalon.clickTab("Object Repository/Canine/Filter/ResponseToTreatment/ProgrDisease_Chkbx"): ctdc.utilities.runtestcaseforKatalon.clickTab is PASSED

2021-05-04 09:43:23 - [MESSAGE][PASSED] - ctdc.utilities.runtestcaseforKatalon.clickTab is PASSED

2021-05-04 09:43:23 - [TEST_STEP][PASSED] - waitForElementPresent(findTestObject("Object Repository/Canine/Filter/ResponseToTreatment/StableDisease_Chkbx"), 10): Object 'Object Repository/Canine/Filter/ResponseToTreatment/StableDisease_Chkbx' is not present after 10 second(s)

2021-05-04 09:43:35 - [MESSAGE][INFO] - Unable to find the element located by 'By.xpath: //*[contains(text(),'Stable Disease')]'. Please recheck the objects properties to make sure the desired element is located. 

2021-05-04 09:43:35 - [MESSAGE][WARNING] - Object 'Object Repository/Canine/Filter/ResponseToTreatment/StableDisease_Chkbx' is not present after 10 second(s)

2021-05-04 09:43:35 - [TEST_STEP][PASSED] - ctdc.utilities.runtestcaseforKatalon.clickTab("Object Repository/Canine/Filter/ResponseToTreatment/StableDisease_Chkbx"): ctdc.utilities.runtestcaseforKatalon.clickTab is PASSED

2021-05-04 09:43:35 - [MESSAGE][PASSED] - ctdc.utilities.runtestcaseforKatalon.clickTab is PASSED

2021-05-04 09:43:35 - [TEST_STEP][PASSED] - ctdc.utilities.runtestcaseforKatalon.clickTab("Object Repository/Canine/Filter/ResponseToTreatment/RESPONSETOTREATMENT_Ddn"): ctdc.utilities.runtestcaseforKatalon.clickTab is PASSED

2021-05-04 09:43:35 - [MESSAGE][PASSED] - ctdc.utilities.runtestcaseforKatalon.clickTab is PASSED

2021-05-04 09:43:35 - [TEST_STEP][PASSED] - ctdc.utilities.runtestcaseforKatalon.readStatBarCanine("Object Repository/Canine/StatBar/Canine_StatBar-Studies", "Object Repository/Canine/StatBar/Canine_StatBar-Cases", "Object Repository/Canine/StatBar/Canine_StatBar-Samples", "Object Repository/Canine/StatBar/Canine_StatBar-Files", "Object Repository/Canine/StatBar/Canine_StatBar-Aliquots"): ctdc.utilities.runtestcaseforKatalon.readStatBarCanine is PASSED

2021-05-04 09:43:51 - [MESSAGE][PASSED] - ctdc.utilities.runtestcaseforKatalon.readStatBarCanine is PASSED

2021-05-04 09:43:51 - [TEST_STEP][PASSED] - waitForElementPresent(findTestObject("Object Repository/Canine/CanineResults_Cases_Tab"), 5): Object 'Object Repository/Canine/CanineResults_Cases_Tab' is not present after 5 second(s)

2021-05-04 09:43:57 - [MESSAGE][INFO] - Unable to find the element located by 'By.xpath: //*[@id="case_tab"]'. Please recheck the objects properties to make sure the desired element is located. 

2021-05-04 09:43:57 - [MESSAGE][WARNING] - Object 'Object Repository/Canine/CanineResults_Cases_Tab' is not present after 5 second(s)

2021-05-04 09:43:57 - [TEST_STEP][PASSED] - ctdc.utilities.runtestcaseforKatalon.clickTab("Object Repository/Canine/CanineResults_Cases_Tab"): ctdc.utilities.runtestcaseforKatalon.clickTab is PASSED

2021-05-04 09:43:57 - [MESSAGE][PASSED] - ctdc.utilities.runtestcaseforKatalon.clickTab is PASSED

2021-05-04 09:43:57 - [TEST_STEP][PASSED] - ctdc.utilities.runtestcaseforKatalon.multiFunction("ICDC", G_StatBar_Cases, "Object Repository/Canine/Canine_CasesTable", "Object Repository/Canine/Canine_TableHeader", "Object Repository/Canine/Canine_CasesTabNextBtn", G_WebTabnameCases, G_CypherTabnameCases, G_QueryCasesTab): Statbar Arms count matches

2021-05-04 09:44:18 - [MESSAGE][PASSED] - Statbar Files count matches

2021-05-04 09:44:18 - [MESSAGE][PASSED] - Statbar Samples count matches

2021-05-04 09:44:18 - [MESSAGE][PASSED] - Statbar Cases count matches

2021-05-04 09:44:18 - [MESSAGE][PASSED] - Statbar Arms count matches

2021-05-04 09:44:18 - [TEST_STEP][PASSED] - waitForElementPresent(findTestObject("Object Repository/Canine/CanineResults_Samples_Tab"), 5): Object 'Object Repository/Canine/CanineResults_Samples_Tab' is not present after 5 second(s)

2021-05-04 09:44:24 - [MESSAGE][INFO] - Unable to find the element located by 'By.xpath: //*[@id="sample_tab"]'. Please recheck the objects properties to make sure the desired element is located. 

2021-05-04 09:44:24 - [MESSAGE][WARNING] - Object 'Object Repository/Canine/CanineResults_Samples_Tab' is not present after 5 second(s)

2021-05-04 09:44:24 - [TEST_STEP][PASSED] - ctdc.utilities.runtestcaseforKatalon.clickTab("Object Repository/Canine/CanineResults_Samples_Tab"): ctdc.utilities.runtestcaseforKatalon.clickTab is PASSED

2021-05-04 09:44:24 - [MESSAGE][PASSED] - ctdc.utilities.runtestcaseforKatalon.clickTab is PASSED

2021-05-04 09:44:24 - [TEST_STEP][PASSED] - ctdc.utilities.runtestcaseforKatalon.multiFunction("ICDC", G_StatBar_Samples, "Object Repository/Canine/Canine_Samples_Table", "Object Repository/Canine/Canine_Samples_TableHdr", "Object Repository/Canine/Canine_SamplesTabNextBtn", G_WebTabnameSamples, G_CypherTabnameSamples, G_QuerySamplesTab): Statbar Arms count matches

2021-05-04 09:45:01 - [MESSAGE][PASSED] - Statbar Files count matches

2021-05-04 09:45:01 - [MESSAGE][PASSED] - Statbar Samples count matches

2021-05-04 09:45:01 - [MESSAGE][PASSED] - Statbar Cases count matches

2021-05-04 09:45:01 - [MESSAGE][PASSED] - Statbar Arms count matches

2021-05-04 09:45:01 - [TEST_STEP][PASSED] - waitForElementPresent(findTestObject("Object Repository/Canine/CanineResults_Files_Tab"), 5): Object 'Object Repository/Canine/CanineResults_Files_Tab' is not present after 5 second(s)

2021-05-04 09:45:07 - [MESSAGE][INFO] - Unable to find the element located by 'By.xpath: //*[@id="file_tab"]'. Please recheck the objects properties to make sure the desired element is located. 

2021-05-04 09:45:07 - [MESSAGE][WARNING] - Object 'Object Repository/Canine/CanineResults_Files_Tab' is not present after 5 second(s)

2021-05-04 09:45:07 - [TEST_STEP][PASSED] - ctdc.utilities.runtestcaseforKatalon.clickTab("Object Repository/Canine/CanineResults_Files_Tab"): ctdc.utilities.runtestcaseforKatalon.clickTab is PASSED

2021-05-04 09:45:08 - [MESSAGE][PASSED] - ctdc.utilities.runtestcaseforKatalon.clickTab is PASSED

2021-05-04 09:45:08 - [TEST_STEP][PASSED] - ctdc.utilities.runtestcaseforKatalon.multiFunction("ICDC", G_StatBar_Files, "Object Repository/Canine/Canine_Files_Table", "Object Repository/Canine/Canine_Files_TableHdr", "Object Repository/Canine/Canine_FilesTabNextBtn", G_WebTabnameFiles, G_CypherTabnameFiles, G_QueryFilesTab): Statbar Arms count matches

2021-05-04 09:46:08 - [MESSAGE][PASSED] - Statbar Files count matches

2021-05-04 09:46:08 - [MESSAGE][PASSED] - Statbar Samples count matches

2021-05-04 09:46:08 - [MESSAGE][PASSED] - Statbar Cases count matches

2021-05-04 09:46:08 - [MESSAGE][PASSED] - Statbar Arms count matches

2021-05-04 09:46:08 - [TEST_STEP][PASSED] - closeBrowser(): Browser is closed

2021-05-04 09:46:09 - [MESSAGE][PASSED] - Browser is closed]]></system-out>
         <system-err><![CDATA[]]></system-err>
      </testcase>
      <testcase name="Test Cases/Canine_TestCases/Study-Combinations/TC12_Canine_StudyUBC-Breed_Diagnosis_PrimDiseaseSite_RespToTreatmt" time="283.566" classname="Test Cases/Canine_TestCases/Study-Combinations/TC12_Canine_StudyUBC-Breed_Diagnosis_PrimDiseaseSite_RespToTreatmt" status="PASSED">
         <system-out><![CDATA[2021-05-04 09:46:09 - [TEST_CASE][PASSED] - Test Cases/Canine_TestCases/Study-Combinations/TC12_Canine_StudyUBC-Breed_Diagnosis_PrimDiseaseSite_RespToTreatmt: Test Cases/Canine_TestCases/Study-Combinations/TC12_Canine_StudyUBC-Breed_Diagnosis_PrimDiseaseSite_RespToTreatmt

2021-05-04 09:46:09 - [TEST_STEP][PASSED] - closeBrowser(): Browser is closed

2021-05-04 09:46:09 - [MESSAGE][PASSED] - Browser is closed

2021-05-04 09:46:09 - [TEST_STEP][PASSED] - openBrowser(""): Browser is opened with url: ''

2021-05-04 09:46:09 - [MESSAGE][INFO] - Starting 'Chrome (headless)' driver

2021-05-04 09:46:09 - [MESSAGE][INFO] - User set preference: ['args', '[--no-sandbox]']

2021-05-04 09:46:09 - [MESSAGE][INFO] - Action delay is set to 5,000 milliseconds

2021-05-04 09:46:11 - [MESSAGE][PASSED] - Browser is opened with url: ''

2021-05-04 09:46:11 - [TEST_STEP][PASSED] - maximizeWindow(): Current window maximized

2021-05-04 09:46:11 - [MESSAGE][PASSED] - Current window maximized

2021-05-04 09:46:11 - [TEST_STEP][PASSED] - "Driver opened by Katalon is used in Selenium from this step.": null

2021-05-04 09:46:11 - [TEST_STEP][PASSED] - ctdc.utilities.runtestcaseforKatalon.RunKatalon("TC12_Canine_StudyUBC-Breed_Diagnosis_PrimDiseaseSite_RespToTreatmt.xlsx"): Data loaded from input file for the test case. 

2021-05-04 09:46:11 - [MESSAGE][PASSED] - Test case file loaded This is the full filepath after converting to string :C:\Users\radhakrishnang2\Desktop\Commons_Automation\InputFiles\TC12_Canine_StudyUBC-Breed_Diagnosis_PrimDiseaseSite_RespToTreatmt.xlsx

2021-05-04 09:46:11 - [MESSAGE][INFO] - Global variable set for password file is :  C:\Users\radhakrishnang2\Desktop\Commons_Automation\InputFiles\TC12_Canine_StudyUBC-Breed_Diagnosis_PrimDiseaseSite_RespToTreatmt.xlsx

2021-05-04 09:46:11 - [MESSAGE][PASSED] - Data loaded from input file for the test case. 

2021-05-04 09:46:21 - [TEST_STEP][PASSED] - waitForElementPresent(findTestObject("Canine/NavBar/Canine_Cases_Btn"), 10): Object 'Object Repository/Canine/NavBar/Canine_Cases_Btn' is not present after 10 second(s)

2021-05-04 09:46:32 - [MESSAGE][INFO] - Unable to find the element located by 'By.xpath: //a[contains(@href,'cases')]'. Please recheck the objects properties to make sure the desired element is located. 

2021-05-04 09:46:32 - [MESSAGE][WARNING] - Object 'Object Repository/Canine/NavBar/Canine_Cases_Btn' is not present after 10 second(s)

2021-05-04 09:46:32 - [TEST_STEP][PASSED] - ctdc.utilities.runtestcaseforKatalon.clickTab("Canine/NavBar/Canine_Cases_Btn"): ctdc.utilities.runtestcaseforKatalon.clickTab is PASSED

2021-05-04 09:46:32 - [MESSAGE][PASSED] - ctdc.utilities.runtestcaseforKatalon.clickTab is PASSED

2021-05-04 09:46:32 - [TEST_STEP][PASSED] - waitForElementPresent(findTestObject("Object Repository/Canine/Filter/FilterByCases_Facet"), 10): Object 'Object Repository/Canine/Filter/FilterByCases_Facet' is not present after 10 second(s)

2021-05-04 09:46:43 - [MESSAGE][INFO] - Unable to find the element located by 'By.xpath: //*[contains(text(),'Filter By Cases')]'. Please recheck the objects properties to make sure the desired element is located. 

2021-05-04 09:46:43 - [MESSAGE][WARNING] - Object 'Object Repository/Canine/Filter/FilterByCases_Facet' is not present after 10 second(s)

2021-05-04 09:46:43 - [TEST_STEP][PASSED] - ctdc.utilities.runtestcaseforKatalon.clickTab("Object Repository/Canine/Filter/FilterByCases_Facet"): ctdc.utilities.runtestcaseforKatalon.clickTab is PASSED

2021-05-04 09:46:43 - [MESSAGE][PASSED] - ctdc.utilities.runtestcaseforKatalon.clickTab is PASSED

2021-05-04 09:46:43 - [TEST_STEP][PASSED] - waitForElementPresent(findTestObject("Object Repository/Canine/Filter/Study/Canine_Filter_Study"), 10): Object 'Object Repository/Canine/Filter/Study/Canine_Filter_Study' is not present after 10 second(s)

2021-05-04 09:46:55 - [MESSAGE][INFO] - Unable to find the element located by 'By.xpath: //*[@id='Study']'. Please recheck the objects properties to make sure the desired element is located. 

2021-05-04 09:46:55 - [MESSAGE][WARNING] - Object 'Object Repository/Canine/Filter/Study/Canine_Filter_Study' is not present after 10 second(s)

2021-05-04 09:46:55 - [TEST_STEP][PASSED] - ctdc.utilities.runtestcaseforKatalon.clickTab("Object Repository/Canine/Filter/Study/Canine_Filter_Study"): ctdc.utilities.runtestcaseforKatalon.clickTab is PASSED

2021-05-04 09:46:55 - [MESSAGE][PASSED] - ctdc.utilities.runtestcaseforKatalon.clickTab is PASSED

2021-05-04 09:46:55 - [TEST_STEP][PASSED] - waitForElementPresent(findTestObject("Object Repository/Canine/Filter/Study/Canine_Filter_Study-UBC_Chkbx"), 10): Object 'Object Repository/Canine/Filter/Study/Canine_Filter_Study-UBC_Chkbx' is not present after 10 second(s)

2021-05-04 09:47:06 - [MESSAGE][INFO] - Unable to find the element located by 'By.xpath: (//*[contains(text(),'UBC')])[1]'. Please recheck the objects properties to make sure the desired element is located. 

2021-05-04 09:47:06 - [MESSAGE][WARNING] - Object 'Object Repository/Canine/Filter/Study/Canine_Filter_Study-UBC_Chkbx' is not present after 10 second(s)

2021-05-04 09:47:06 - [TEST_STEP][PASSED] - ctdc.utilities.runtestcaseforKatalon.clickTab("Object Repository/Canine/Filter/Study/Canine_Filter_Study-UBC_Chkbx"): ctdc.utilities.runtestcaseforKatalon.clickTab is PASSED

2021-05-04 09:47:06 - [MESSAGE][PASSED] - ctdc.utilities.runtestcaseforKatalon.clickTab is PASSED

2021-05-04 09:47:06 - [TEST_STEP][PASSED] - Thread.sleep(2000): null

2021-05-04 09:47:08 - [TEST_STEP][PASSED] - waitForElementPresent(findTestObject("Object Repository/Canine/Filter/Breed/BREED_Ddn"), 10): Object 'Object Repository/Canine/Filter/Breed/BREED_Ddn' is not present after 10 second(s)

2021-05-04 09:47:20 - [MESSAGE][INFO] - Unable to find the element located by 'By.xpath: //*[@id='Breed']'. Please recheck the objects properties to make sure the desired element is located. 

2021-05-04 09:47:20 - [MESSAGE][WARNING] - Object 'Object Repository/Canine/Filter/Breed/BREED_Ddn' is not present after 10 second(s)

2021-05-04 09:47:20 - [TEST_STEP][PASSED] - ctdc.utilities.runtestcaseforKatalon.clickTab("Object Repository/Canine/Filter/Breed/BREED_Ddn"): ctdc.utilities.runtestcaseforKatalon.clickTab is PASSED

2021-05-04 09:47:20 - [MESSAGE][PASSED] - ctdc.utilities.runtestcaseforKatalon.clickTab is PASSED

2021-05-04 09:47:20 - [TEST_STEP][PASSED] - waitForElementPresent(findTestObject("Object Repository/Canine/Filter/Breed/BelgMalin_Chkbx"), 10): Object 'Object Repository/Canine/Filter/Breed/BelgMalin_Chkbx' is not present after 10 second(s)

2021-05-04 09:47:31 - [MESSAGE][INFO] - Unable to find the element located by 'By.xpath: //*[contains(text(),'Belgian Malinois')]'. Please recheck the objects properties to make sure the desired element is located. 

2021-05-04 09:47:31 - [MESSAGE][WARNING] - Object 'Object Repository/Canine/Filter/Breed/BelgMalin_Chkbx' is not present after 10 second(s)

2021-05-04 09:47:31 - [TEST_STEP][PASSED] - ctdc.utilities.runtestcaseforKatalon.clickTab("Object Repository/Canine/Filter/Breed/BelgMalin_Chkbx"): ctdc.utilities.runtestcaseforKatalon.clickTab is PASSED

2021-05-04 09:47:32 - [MESSAGE][PASSED] - ctdc.utilities.runtestcaseforKatalon.clickTab is PASSED

2021-05-04 09:47:32 - [TEST_STEP][PASSED] - waitForElementPresent(findTestObject("Object Repository/Canine/Filter/Breed/Labrador_Chkbx"), 10): Object 'Object Repository/Canine/Filter/Breed/Labrador_Chkbx' is not present after 10 second(s)

2021-05-04 09:47:43 - [MESSAGE][INFO] - Unable to find the element located by 'By.xpath: //*[contains(text(),'Labrador Retriever')]'. Please recheck the objects properties to make sure the desired element is located. 

2021-05-04 09:47:43 - [MESSAGE][WARNING] - Object 'Object Repository/Canine/Filter/Breed/Labrador_Chkbx' is not present after 10 second(s)

2021-05-04 09:47:43 - [TEST_STEP][PASSED] - ctdc.utilities.runtestcaseforKatalon.clickTab("Object Repository/Canine/Filter/Breed/Labrador_Chkbx"): ctdc.utilities.runtestcaseforKatalon.clickTab is PASSED

2021-05-04 09:47:44 - [MESSAGE][PASSED] - ctdc.utilities.runtestcaseforKatalon.clickTab is PASSED

2021-05-04 09:47:44 - [TEST_STEP][PASSED] - waitForElementPresent(findTestObject("Object Repository/Canine/Filter/Breed/WestHland_Chkbx"), 10): Object 'Object Repository/Canine/Filter/Breed/WestHland_Chkbx' is not present after 10 second(s)

2021-05-04 09:47:55 - [MESSAGE][INFO] - Unable to find the element located by 'By.xpath: //*[contains(text(),'West Highland White Terrier')]'. Please recheck the objects properties to make sure the desired element is located. 

2021-05-04 09:47:55 - [MESSAGE][WARNING] - Object 'Object Repository/Canine/Filter/Breed/WestHland_Chkbx' is not present after 10 second(s)

2021-05-04 09:47:55 - [TEST_STEP][PASSED] - ctdc.utilities.runtestcaseforKatalon.clickTab("Object Repository/Canine/Filter/Breed/WestHland_Chkbx"): ctdc.utilities.runtestcaseforKatalon.clickTab is PASSED

2021-05-04 09:47:55 - [MESSAGE][PASSED] - ctdc.utilities.runtestcaseforKatalon.clickTab is PASSED

2021-05-04 09:47:55 - [TEST_STEP][PASSED] - ctdc.utilities.runtestcaseforKatalon.clickTab("Object Repository/Canine/Filter/Breed/BREED_Ddn"): ctdc.utilities.runtestcaseforKatalon.clickTab is PASSED

2021-05-04 09:47:58 - [MESSAGE][PASSED] - ctdc.utilities.runtestcaseforKatalon.clickTab is PASSED

2021-05-04 09:47:58 - [TEST_STEP][PASSED] - waitForElementPresent(findTestObject("Object Repository/Canine/Filter/Diagnosis/DIAGNOSIS_Ddn"), 10): Object 'Object Repository/Canine/Filter/Diagnosis/DIAGNOSIS_Ddn' is not present after 10 second(s)

2021-05-04 09:48:09 - [MESSAGE][INFO] - Unable to find the element located by 'By.xpath: (//*[@id='Diagnosis'])[1]'. Please recheck the objects properties to make sure the desired element is located. 

2021-05-04 09:48:09 - [MESSAGE][WARNING] - Object 'Object Repository/Canine/Filter/Diagnosis/DIAGNOSIS_Ddn' is not present after 10 second(s)

2021-05-04 09:48:09 - [TEST_STEP][PASSED] - ctdc.utilities.runtestcaseforKatalon.clickTab("Object Repository/Canine/Filter/Diagnosis/DIAGNOSIS_Ddn"): ctdc.utilities.runtestcaseforKatalon.clickTab is PASSED

2021-05-04 09:48:09 - [MESSAGE][PASSED] - ctdc.utilities.runtestcaseforKatalon.clickTab is PASSED

2021-05-04 09:48:09 - [TEST_STEP][PASSED] - waitForElementPresent(findTestObject("Object Repository/Canine/Filter/Diagnosis/BladderCancer_Chkbx"), 10): Object 'Object Repository/Canine/Filter/Diagnosis/BladderCancer_Chkbx' is not present after 10 second(s)

2021-05-04 09:48:20 - [MESSAGE][INFO] - Unable to find the element located by 'By.xpath: //*[contains(text(),'Bladder Cancer')]'. Please recheck the objects properties to make sure the desired element is located. 

2021-05-04 09:48:20 - [MESSAGE][WARNING] - Object 'Object Repository/Canine/Filter/Diagnosis/BladderCancer_Chkbx' is not present after 10 second(s)

2021-05-04 09:48:20 - [TEST_STEP][PASSED] - ctdc.utilities.runtestcaseforKatalon.clickTab("Object Repository/Canine/Filter/Diagnosis/BladderCancer_Chkbx"): ctdc.utilities.runtestcaseforKatalon.clickTab is PASSED

2021-05-04 09:48:21 - [MESSAGE][PASSED] - ctdc.utilities.runtestcaseforKatalon.clickTab is PASSED

2021-05-04 09:48:21 - [TEST_STEP][PASSED] - ctdc.utilities.runtestcaseforKatalon.clickTab("Object Repository/Canine/Filter/Diagnosis/DIAGNOSIS_Ddn"): ctdc.utilities.runtestcaseforKatalon.clickTab is PASSED

2021-05-04 09:48:21 - [MESSAGE][PASSED] - ctdc.utilities.runtestcaseforKatalon.clickTab is PASSED

2021-05-04 09:48:21 - [TEST_STEP][PASSED] - waitForElementPresent(findTestObject("Object Repository/Canine/Filter/PrimDiseaseSite/PRIMARYDISEASESITE_Ddn"), 10): Object 'Object Repository/Canine/Filter/PrimDiseaseSite/PRIMARYDISEASESITE_Ddn' is not present after 10 second(s)

2021-05-04 09:48:32 - [MESSAGE][INFO] - Unable to find the element located by 'By.xpath: //*[@id='Primary Disease Site']'. Please recheck the objects properties to make sure the desired element is located. 

2021-05-04 09:48:32 - [MESSAGE][WARNING] - Object 'Object Repository/Canine/Filter/PrimDiseaseSite/PRIMARYDISEASESITE_Ddn' is not present after 10 second(s)

2021-05-04 09:48:32 - [TEST_STEP][PASSED] - ctdc.utilities.runtestcaseforKatalon.clickTab("Object Repository/Canine/Filter/PrimDiseaseSite/PRIMARYDISEASESITE_Ddn"): ctdc.utilities.runtestcaseforKatalon.clickTab is PASSED

2021-05-04 09:48:32 - [MESSAGE][PASSED] - ctdc.utilities.runtestcaseforKatalon.clickTab is PASSED

2021-05-04 09:48:32 - [TEST_STEP][PASSED] - waitForElementPresent(findTestObject("Object Repository/Canine/Filter/PrimDiseaseSite/BladderProstate_Chkbx"), 10): Object 'Object Repository/Canine/Filter/PrimDiseaseSite/BladderProstate_Chkbx' is not present after 10 second(s)

2021-05-04 09:48:43 - [MESSAGE][INFO] - Unable to find the element located by 'By.xpath: //*[contains(text(),'Bladder, Prostate')]'. Please recheck the objects properties to make sure the desired element is located. 

2021-05-04 09:48:43 - [MESSAGE][WARNING] - Object 'Object Repository/Canine/Filter/PrimDiseaseSite/BladderProstate_Chkbx' is not present after 10 second(s)

2021-05-04 09:48:43 - [TEST_STEP][PASSED] - ctdc.utilities.runtestcaseforKatalon.clickTab("Object Repository/Canine/Filter/PrimDiseaseSite/BladderProstate_Chkbx"): ctdc.utilities.runtestcaseforKatalon.clickTab is PASSED

2021-05-04 09:48:44 - [MESSAGE][PASSED] - ctdc.utilities.runtestcaseforKatalon.clickTab is PASSED

2021-05-04 09:48:44 - [TEST_STEP][PASSED] - waitForElementPresent(findTestObject("Object Repository/Canine/Filter/PrimDiseaseSite/BladderUrethra_Chkbx"), 10): Object 'Object Repository/Canine/Filter/PrimDiseaseSite/BladderUrethra_Chkbx' is not present after 10 second(s)

2021-05-04 09:48:55 - [MESSAGE][INFO] - Unable to find the element located by 'By.xpath: (//*[contains(text(),'Bladder, Urethra')])[1]'. Please recheck the objects properties to make sure the desired element is located. 

2021-05-04 09:48:55 - [MESSAGE][WARNING] - Object 'Object Repository/Canine/Filter/PrimDiseaseSite/BladderUrethra_Chkbx' is not present after 10 second(s)

2021-05-04 09:48:55 - [TEST_STEP][PASSED] - ctdc.utilities.runtestcaseforKatalon.clickTab("Object Repository/Canine/Filter/PrimDiseaseSite/BladderUrethra_Chkbx"): ctdc.utilities.runtestcaseforKatalon.clickTab is PASSED

2021-05-04 09:48:55 - [MESSAGE][PASSED] - ctdc.utilities.runtestcaseforKatalon.clickTab is PASSED

2021-05-04 09:48:55 - [TEST_STEP][PASSED] - waitForElementPresent(findTestObject("Object Repository/Canine/Filter/PrimDiseaseSite/BladderUrethraProstate_Chkbx"), 10): Object 'Object Repository/Canine/Filter/PrimDiseaseSite/BladderUrethraProstate_Chkbx' is not present after 10 second(s)

2021-05-04 09:49:06 - [MESSAGE][INFO] - Unable to find the element located by 'By.xpath: //*[contains(text(),'Bladder, Urethra, Prostate')]'. Please recheck the objects properties to make sure the desired element is located. 

2021-05-04 09:49:06 - [MESSAGE][WARNING] - Object 'Object Repository/Canine/Filter/PrimDiseaseSite/BladderUrethraProstate_Chkbx' is not present after 10 second(s)

2021-05-04 09:49:06 - [TEST_STEP][PASSED] - ctdc.utilities.runtestcaseforKatalon.clickTab("Object Repository/Canine/Filter/PrimDiseaseSite/BladderUrethraProstate_Chkbx"): ctdc.utilities.runtestcaseforKatalon.clickTab is PASSED

2021-05-04 09:49:07 - [MESSAGE][PASSED] - ctdc.utilities.runtestcaseforKatalon.clickTab is PASSED

2021-05-04 09:49:07 - [TEST_STEP][PASSED] - waitForElementPresent(findTestObject("Object Repository/Canine/Filter/PrimDiseaseSite/UrethraProstate_Chkbx"), 10): Object 'Object Repository/Canine/Filter/PrimDiseaseSite/UrethraProstate_Chkbx' is not present after 10 second(s)

2021-05-04 09:49:18 - [MESSAGE][INFO] - Unable to find the element located by 'By.xpath: (//*[contains(text(),'Urethra, Prostate')])[2]'. Please recheck the objects properties to make sure the desired element is located. 

2021-05-04 09:49:18 - [MESSAGE][WARNING] - Object 'Object Repository/Canine/Filter/PrimDiseaseSite/UrethraProstate_Chkbx' is not present after 10 second(s)

2021-05-04 09:49:18 - [TEST_STEP][PASSED] - ctdc.utilities.runtestcaseforKatalon.clickTab("Object Repository/Canine/Filter/PrimDiseaseSite/UrethraProstate_Chkbx"): ctdc.utilities.runtestcaseforKatalon.clickTab is PASSED

2021-05-04 09:49:19 - [MESSAGE][PASSED] - ctdc.utilities.runtestcaseforKatalon.clickTab is PASSED

2021-05-04 09:49:19 - [TEST_STEP][PASSED] - ctdc.utilities.runtestcaseforKatalon.clickTab("Object Repository/Canine/Filter/PrimDiseaseSite/PRIMARYDISEASESITE_Ddn"): ctdc.utilities.runtestcaseforKatalon.clickTab is PASSED

2021-05-04 09:49:19 - [MESSAGE][PASSED] - ctdc.utilities.runtestcaseforKatalon.clickTab is PASSED

2021-05-04 09:49:19 - [TEST_STEP][PASSED] - waitForElementPresent(findTestObject("Object Repository/Canine/Filter/ResponseToTreatment/RESPONSETOTREATMENT_Ddn"), 10): Object 'Object Repository/Canine/Filter/ResponseToTreatment/RESPONSETOTREATMENT_Ddn' is not present after 10 second(s)

2021-05-04 09:49:31 - [MESSAGE][INFO] - Unable to find the element located by 'By.xpath: (//div[@id='Response to Treatment'])[1]'. Please recheck the objects properties to make sure the desired element is located. 

2021-05-04 09:49:31 - [MESSAGE][WARNING] - Object 'Object Repository/Canine/Filter/ResponseToTreatment/RESPONSETOTREATMENT_Ddn' is not present after 10 second(s)

2021-05-04 09:49:31 - [TEST_STEP][PASSED] - ctdc.utilities.runtestcaseforKatalon.clickTab("Object Repository/Canine/Filter/ResponseToTreatment/RESPONSETOTREATMENT_Ddn"): ctdc.utilities.runtestcaseforKatalon.clickTab is PASSED

2021-05-04 09:49:31 - [MESSAGE][PASSED] - ctdc.utilities.runtestcaseforKatalon.clickTab is PASSED

2021-05-04 09:49:31 - [TEST_STEP][PASSED] - waitForElementPresent(findTestObject("Object Repository/Canine/Filter/ResponseToTreatment/NotDetermined_Chkbx"), 10): Object 'Object Repository/Canine/Filter/ResponseToTreatment/NotDetermined_Chkbx' is not present after 10 second(s)

2021-05-04 09:49:42 - [MESSAGE][INFO] - Unable to find the element located by 'By.xpath: //*[contains(text(),'Not Determined')]'. Please recheck the objects properties to make sure the desired element is located. 

2021-05-04 09:49:42 - [MESSAGE][WARNING] - Object 'Object Repository/Canine/Filter/ResponseToTreatment/NotDetermined_Chkbx' is not present after 10 second(s)

2021-05-04 09:49:42 - [TEST_STEP][PASSED] - ctdc.utilities.runtestcaseforKatalon.clickTab("Object Repository/Canine/Filter/ResponseToTreatment/NotDetermined_Chkbx"): ctdc.utilities.runtestcaseforKatalon.clickTab is PASSED

2021-05-04 09:49:43 - [MESSAGE][PASSED] - ctdc.utilities.runtestcaseforKatalon.clickTab is PASSED

2021-05-04 09:49:43 - [TEST_STEP][PASSED] - waitForElementPresent(findTestObject("Object Repository/Canine/Filter/ResponseToTreatment/PartialResponse_Chkbx"), 10): Object 'Object Repository/Canine/Filter/ResponseToTreatment/PartialResponse_Chkbx' is not present after 10 second(s)

2021-05-04 09:49:54 - [MESSAGE][INFO] - Unable to find the element located by 'By.xpath: //*[contains(text(),'Partial Response')]'. Please recheck the objects properties to make sure the desired element is located. 

2021-05-04 09:49:54 - [MESSAGE][WARNING] - Object 'Object Repository/Canine/Filter/ResponseToTreatment/PartialResponse_Chkbx' is not present after 10 second(s)

2021-05-04 09:49:54 - [TEST_STEP][PASSED] - ctdc.utilities.runtestcaseforKatalon.clickTab("Object Repository/Canine/Filter/ResponseToTreatment/PartialResponse_Chkbx"): ctdc.utilities.runtestcaseforKatalon.clickTab is PASSED

2021-05-04 09:49:54 - [MESSAGE][PASSED] - ctdc.utilities.runtestcaseforKatalon.clickTab is PASSED

2021-05-04 09:49:54 - [TEST_STEP][PASSED] - waitForElementPresent(findTestObject("Object Repository/Canine/Filter/ResponseToTreatment/ProgrDisease_Chkbx"), 10): Object 'Object Repository/Canine/Filter/ResponseToTreatment/ProgrDisease_Chkbx' is not present after 10 second(s)

2021-05-04 09:50:05 - [MESSAGE][INFO] - Unable to find the element located by 'By.xpath: //*[contains(text(),'Progressive Disease')]'. Please recheck the objects properties to make sure the desired element is located. 

2021-05-04 09:50:05 - [MESSAGE][WARNING] - Object 'Object Repository/Canine/Filter/ResponseToTreatment/ProgrDisease_Chkbx' is not present after 10 second(s)

2021-05-04 09:50:05 - [TEST_STEP][PASSED] - ctdc.utilities.runtestcaseforKatalon.clickTab("Object Repository/Canine/Filter/ResponseToTreatment/ProgrDisease_Chkbx"): ctdc.utilities.runtestcaseforKatalon.clickTab is PASSED

2021-05-04 09:50:05 - [MESSAGE][PASSED] - ctdc.utilities.runtestcaseforKatalon.clickTab is PASSED

2021-05-04 09:50:05 - [TEST_STEP][PASSED] - ctdc.utilities.runtestcaseforKatalon.clickTab("Object Repository/Canine/Filter/ResponseToTreatment/RESPONSETOTREATMENT_Ddn"): ctdc.utilities.runtestcaseforKatalon.clickTab is PASSED

2021-05-04 09:50:06 - [MESSAGE][PASSED] - ctdc.utilities.runtestcaseforKatalon.clickTab is PASSED

2021-05-04 09:50:06 - [TEST_STEP][PASSED] - ctdc.utilities.runtestcaseforKatalon.readStatBarCanine("Object Repository/Canine/StatBar/Canine_StatBar-Studies", "Object Repository/Canine/StatBar/Canine_StatBar-Cases", "Object Repository/Canine/StatBar/Canine_StatBar-Samples", "Object Repository/Canine/StatBar/Canine_StatBar-Files", "Object Repository/Canine/StatBar/Canine_StatBar-Aliquots"): ctdc.utilities.runtestcaseforKatalon.readStatBarCanine is PASSED

2021-05-04 09:50:22 - [MESSAGE][PASSED] - ctdc.utilities.runtestcaseforKatalon.readStatBarCanine is PASSED

2021-05-04 09:50:22 - [TEST_STEP][PASSED] - waitForElementPresent(findTestObject("Object Repository/Canine/CanineResults_Cases_Tab"), 5): Object 'Object Repository/Canine/CanineResults_Cases_Tab' is not present after 5 second(s)

2021-05-04 09:50:28 - [MESSAGE][INFO] - Unable to find the element located by 'By.xpath: //*[@id="case_tab"]'. Please recheck the objects properties to make sure the desired element is located. 

2021-05-04 09:50:28 - [MESSAGE][WARNING] - Object 'Object Repository/Canine/CanineResults_Cases_Tab' is not present after 5 second(s)

2021-05-04 09:50:28 - [TEST_STEP][PASSED] - ctdc.utilities.runtestcaseforKatalon.clickTab("Object Repository/Canine/CanineResults_Cases_Tab"): ctdc.utilities.runtestcaseforKatalon.clickTab is PASSED

2021-05-04 09:50:28 - [MESSAGE][PASSED] - ctdc.utilities.runtestcaseforKatalon.clickTab is PASSED

2021-05-04 09:50:28 - [TEST_STEP][PASSED] - ctdc.utilities.runtestcaseforKatalon.multiFunction("ICDC", G_StatBar_Cases, "Object Repository/Canine/Canine_CasesTable", "Object Repository/Canine/Canine_TableHeader", "Object Repository/Canine/Canine_CasesTabNextBtn", G_WebTabnameCases, G_CypherTabnameCases, G_QueryCasesTab): Statbar Arms count matches

2021-05-04 09:50:52 - [MESSAGE][PASSED] - Statbar Files count matches

2021-05-04 09:50:52 - [MESSAGE][PASSED] - Statbar Samples count matches

2021-05-04 09:50:52 - [MESSAGE][PASSED] - Statbar Cases count matches

2021-05-04 09:50:52 - [MESSAGE][PASSED] - Statbar Arms count matches

2021-05-04 09:50:52 - [TEST_STEP][PASSED] - closeBrowser(): Browser is closed

2021-05-04 09:50:52 - [MESSAGE][PASSED] - Browser is closed]]></system-out>
         <system-err><![CDATA[]]></system-err>
      </testcase>
      <testcase name="Test Cases/Canine_TestCases/Study-Combinations/TC13_Canine_StudyUBC-Breed_Diagnosis_PrimDiseaseSite_RespToTreatmt" time="277.287" classname="Test Cases/Canine_TestCases/Study-Combinations/TC13_Canine_StudyUBC-Breed_Diagnosis_PrimDiseaseSite_RespToTreatmt" status="PASSED">
         <system-out><![CDATA[2021-05-04 09:50:52 - [TEST_CASE][PASSED] - Test Cases/Canine_TestCases/Study-Combinations/TC13_Canine_StudyUBC-Breed_Diagnosis_PrimDiseaseSite_RespToTreatmt: Test Cases/Canine_TestCases/Study-Combinations/TC13_Canine_StudyUBC-Breed_Diagnosis_PrimDiseaseSite_RespToTreatmt

2021-05-04 09:50:54 - [TEST_STEP][PASSED] - closeBrowser(): Browser is closed

2021-05-04 09:50:54 - [MESSAGE][PASSED] - Browser is closed

2021-05-04 09:50:54 - [TEST_STEP][PASSED] - openBrowser(""): Browser is opened with url: ''

2021-05-04 09:50:55 - [MESSAGE][INFO] - Starting 'Chrome (headless)' driver

2021-05-04 09:50:55 - [MESSAGE][INFO] - User set preference: ['args', '[--no-sandbox]']

2021-05-04 09:50:55 - [MESSAGE][INFO] - Action delay is set to 5,000 milliseconds

2021-05-04 09:50:59 - [MESSAGE][PASSED] - Browser is opened with url: ''

2021-05-04 09:50:59 - [TEST_STEP][PASSED] - maximizeWindow(): Current window maximized

2021-05-04 09:50:59 - [MESSAGE][PASSED] - Current window maximized

2021-05-04 09:50:59 - [TEST_STEP][PASSED] - "Driver opened by Katalon is used in Selenium from this step.": null

2021-05-04 09:50:59 - [TEST_STEP][PASSED] - ctdc.utilities.runtestcaseforKatalon.RunKatalon("TC13_Canine_StudyUBC-Breed_Diagnosis_PrimDiseaseSite_RespToTreatmt.xlsx"): Data loaded from input file for the test case. 

2021-05-04 09:50:59 - [MESSAGE][PASSED] - Test case file loaded This is the full filepath after converting to string :C:\Users\radhakrishnang2\Desktop\Commons_Automation\InputFiles\TC13_Canine_StudyUBC-Breed_Diagnosis_PrimDiseaseSite_RespToTreatmt.xlsx

2021-05-04 09:50:59 - [MESSAGE][INFO] - Global variable set for password file is :  C:\Users\radhakrishnang2\Desktop\Commons_Automation\InputFiles\TC13_Canine_StudyUBC-Breed_Diagnosis_PrimDiseaseSite_RespToTreatmt.xlsx

2021-05-04 09:50:59 - [MESSAGE][PASSED] - Data loaded from input file for the test case. 

2021-05-04 09:51:19 - [TEST_STEP][PASSED] - waitForElementPresent(findTestObject("Canine/NavBar/Canine_Cases_Btn"), 10): Object 'Object Repository/Canine/NavBar/Canine_Cases_Btn' is not present after 10 second(s)

2021-05-04 09:51:30 - [MESSAGE][INFO] - Unable to find the element located by 'By.xpath: //a[contains(@href,'cases')]'. Please recheck the objects properties to make sure the desired element is located. 

2021-05-04 09:51:30 - [MESSAGE][WARNING] - Object 'Object Repository/Canine/NavBar/Canine_Cases_Btn' is not present after 10 second(s)

2021-05-04 09:51:30 - [TEST_STEP][PASSED] - ctdc.utilities.runtestcaseforKatalon.clickTab("Canine/NavBar/Canine_Cases_Btn"): ctdc.utilities.runtestcaseforKatalon.clickTab is PASSED

2021-05-04 09:51:30 - [MESSAGE][PASSED] - ctdc.utilities.runtestcaseforKatalon.clickTab is PASSED

2021-05-04 09:51:30 - [TEST_STEP][PASSED] - waitForElementPresent(findTestObject("Object Repository/Canine/Filter/FilterByCases_Facet"), 10): Object 'Object Repository/Canine/Filter/FilterByCases_Facet' is not present after 10 second(s)

2021-05-04 09:51:41 - [MESSAGE][INFO] - Unable to find the element located by 'By.xpath: //*[contains(text(),'Filter By Cases')]'. Please recheck the objects properties to make sure the desired element is located. 

2021-05-04 09:51:41 - [MESSAGE][WARNING] - Object 'Object Repository/Canine/Filter/FilterByCases_Facet' is not present after 10 second(s)

2021-05-04 09:51:41 - [TEST_STEP][PASSED] - ctdc.utilities.runtestcaseforKatalon.clickTab("Object Repository/Canine/Filter/FilterByCases_Facet"): ctdc.utilities.runtestcaseforKatalon.clickTab is PASSED

2021-05-04 09:51:42 - [MESSAGE][PASSED] - ctdc.utilities.runtestcaseforKatalon.clickTab is PASSED

2021-05-04 09:51:42 - [TEST_STEP][PASSED] - waitForElementPresent(findTestObject("Object Repository/Canine/Filter/Study/Canine_Filter_Study"), 10): Object 'Object Repository/Canine/Filter/Study/Canine_Filter_Study' is not present after 10 second(s)

2021-05-04 09:51:53 - [MESSAGE][INFO] - Unable to find the element located by 'By.xpath: //*[@id='Study']'. Please recheck the objects properties to make sure the desired element is located. 

2021-05-04 09:51:53 - [MESSAGE][WARNING] - Object 'Object Repository/Canine/Filter/Study/Canine_Filter_Study' is not present after 10 second(s)

2021-05-04 09:51:53 - [TEST_STEP][PASSED] - ctdc.utilities.runtestcaseforKatalon.clickTab("Object Repository/Canine/Filter/Study/Canine_Filter_Study"): ctdc.utilities.runtestcaseforKatalon.clickTab is PASSED

2021-05-04 09:51:53 - [MESSAGE][PASSED] - ctdc.utilities.runtestcaseforKatalon.clickTab is PASSED

2021-05-04 09:51:53 - [TEST_STEP][PASSED] - waitForElementPresent(findTestObject("Object Repository/Canine/Filter/Study/Canine_Filter_Study-UBC_Chkbx"), 10): Object 'Object Repository/Canine/Filter/Study/Canine_Filter_Study-UBC_Chkbx' is not present after 10 second(s)

2021-05-04 09:52:05 - [MESSAGE][INFO] - Unable to find the element located by 'By.xpath: (//*[contains(text(),'UBC')])[1]'. Please recheck the objects properties to make sure the desired element is located. 

2021-05-04 09:52:05 - [MESSAGE][WARNING] - Object 'Object Repository/Canine/Filter/Study/Canine_Filter_Study-UBC_Chkbx' is not present after 10 second(s)

2021-05-04 09:52:05 - [TEST_STEP][PASSED] - ctdc.utilities.runtestcaseforKatalon.clickTab("Object Repository/Canine/Filter/Study/Canine_Filter_Study-UBC_Chkbx"): ctdc.utilities.runtestcaseforKatalon.clickTab is PASSED

2021-05-04 09:52:05 - [MESSAGE][PASSED] - ctdc.utilities.runtestcaseforKatalon.clickTab is PASSED

2021-05-04 09:52:05 - [TEST_STEP][PASSED] - Thread.sleep(2000): null

2021-05-04 09:52:07 - [TEST_STEP][PASSED] - waitForElementPresent(findTestObject("Object Repository/Canine/Filter/Breed/BREED_Ddn"), 10): Object 'Object Repository/Canine/Filter/Breed/BREED_Ddn' is not present after 10 second(s)

2021-05-04 09:52:18 - [MESSAGE][INFO] - Unable to find the element located by 'By.xpath: //*[@id='Breed']'. Please recheck the objects properties to make sure the desired element is located. 

2021-05-04 09:52:18 - [MESSAGE][WARNING] - Object 'Object Repository/Canine/Filter/Breed/BREED_Ddn' is not present after 10 second(s)

2021-05-04 09:52:18 - [TEST_STEP][PASSED] - ctdc.utilities.runtestcaseforKatalon.clickTab("Object Repository/Canine/Filter/Breed/BREED_Ddn"): ctdc.utilities.runtestcaseforKatalon.clickTab is PASSED

2021-05-04 09:52:19 - [MESSAGE][PASSED] - ctdc.utilities.runtestcaseforKatalon.clickTab is PASSED

2021-05-04 09:52:19 - [TEST_STEP][PASSED] - waitForElementPresent(findTestObject("Object Repository/Canine/Filter/Breed/BelgMalin_Chkbx"), 10): Object 'Object Repository/Canine/Filter/Breed/BelgMalin_Chkbx' is not present after 10 second(s)

2021-05-04 09:52:30 - [MESSAGE][INFO] - Unable to find the element located by 'By.xpath: //*[contains(text(),'Belgian Malinois')]'. Please recheck the objects properties to make sure the desired element is located. 

2021-05-04 09:52:30 - [MESSAGE][WARNING] - Object 'Object Repository/Canine/Filter/Breed/BelgMalin_Chkbx' is not present after 10 second(s)

2021-05-04 09:52:30 - [TEST_STEP][PASSED] - ctdc.utilities.runtestcaseforKatalon.clickTab("Object Repository/Canine/Filter/Breed/BelgMalin_Chkbx"): ctdc.utilities.runtestcaseforKatalon.clickTab is PASSED

2021-05-04 09:52:30 - [MESSAGE][PASSED] - ctdc.utilities.runtestcaseforKatalon.clickTab is PASSED

2021-05-04 09:52:30 - [TEST_STEP][PASSED] - waitForElementPresent(findTestObject("Object Repository/Canine/Filter/Breed/Labrador_Chkbx"), 10): Object 'Object Repository/Canine/Filter/Breed/Labrador_Chkbx' is not present after 10 second(s)

2021-05-04 09:52:41 - [MESSAGE][INFO] - Unable to find the element located by 'By.xpath: //*[contains(text(),'Labrador Retriever')]'. Please recheck the objects properties to make sure the desired element is located. 

2021-05-04 09:52:41 - [MESSAGE][WARNING] - Object 'Object Repository/Canine/Filter/Breed/Labrador_Chkbx' is not present after 10 second(s)

2021-05-04 09:52:41 - [TEST_STEP][PASSED] - ctdc.utilities.runtestcaseforKatalon.clickTab("Object Repository/Canine/Filter/Breed/Labrador_Chkbx"): ctdc.utilities.runtestcaseforKatalon.clickTab is PASSED

2021-05-04 09:52:42 - [MESSAGE][PASSED] - ctdc.utilities.runtestcaseforKatalon.clickTab is PASSED

2021-05-04 09:52:42 - [TEST_STEP][PASSED] - waitForElementPresent(findTestObject("Object Repository/Canine/Filter/Breed/WestHland_Chkbx"), 10): Object 'Object Repository/Canine/Filter/Breed/WestHland_Chkbx' is not present after 10 second(s)

2021-05-04 09:52:53 - [MESSAGE][INFO] - Unable to find the element located by 'By.xpath: //*[contains(text(),'West Highland White Terrier')]'. Please recheck the objects properties to make sure the desired element is located. 

2021-05-04 09:52:53 - [MESSAGE][WARNING] - Object 'Object Repository/Canine/Filter/Breed/WestHland_Chkbx' is not present after 10 second(s)

2021-05-04 09:52:53 - [TEST_STEP][PASSED] - ctdc.utilities.runtestcaseforKatalon.clickTab("Object Repository/Canine/Filter/Breed/WestHland_Chkbx"): ctdc.utilities.runtestcaseforKatalon.clickTab is PASSED

2021-05-04 09:52:53 - [MESSAGE][PASSED] - ctdc.utilities.runtestcaseforKatalon.clickTab is PASSED

2021-05-04 09:52:53 - [TEST_STEP][PASSED] - ctdc.utilities.runtestcaseforKatalon.clickTab("Object Repository/Canine/Filter/Breed/BREED_Ddn"): ctdc.utilities.runtestcaseforKatalon.clickTab is PASSED

2021-05-04 09:52:53 - [MESSAGE][PASSED] - ctdc.utilities.runtestcaseforKatalon.clickTab is PASSED

2021-05-04 09:52:53 - [TEST_STEP][PASSED] - waitForElementPresent(findTestObject("Object Repository/Canine/Filter/Diagnosis/DIAGNOSIS_Ddn"), 10): Object 'Object Repository/Canine/Filter/Diagnosis/DIAGNOSIS_Ddn' is not present after 10 second(s)

2021-05-04 09:53:05 - [MESSAGE][INFO] - Unable to find the element located by 'By.xpath: (//*[@id='Diagnosis'])[1]'. Please recheck the objects properties to make sure the desired element is located. 

2021-05-04 09:53:05 - [MESSAGE][WARNING] - Object 'Object Repository/Canine/Filter/Diagnosis/DIAGNOSIS_Ddn' is not present after 10 second(s)

2021-05-04 09:53:05 - [TEST_STEP][PASSED] - ctdc.utilities.runtestcaseforKatalon.clickTab("Object Repository/Canine/Filter/Diagnosis/DIAGNOSIS_Ddn"): ctdc.utilities.runtestcaseforKatalon.clickTab is PASSED

2021-05-04 09:53:05 - [MESSAGE][PASSED] - ctdc.utilities.runtestcaseforKatalon.clickTab is PASSED

2021-05-04 09:53:05 - [TEST_STEP][PASSED] - waitForElementPresent(findTestObject("Object Repository/Canine/Filter/Diagnosis/BladderCancer_Chkbx"), 10): Object 'Object Repository/Canine/Filter/Diagnosis/BladderCancer_Chkbx' is not present after 10 second(s)

2021-05-04 09:53:16 - [MESSAGE][INFO] - Unable to find the element located by 'By.xpath: //*[contains(text(),'Bladder Cancer')]'. Please recheck the objects properties to make sure the desired element is located. 

2021-05-04 09:53:16 - [MESSAGE][WARNING] - Object 'Object Repository/Canine/Filter/Diagnosis/BladderCancer_Chkbx' is not present after 10 second(s)

2021-05-04 09:53:16 - [TEST_STEP][PASSED] - ctdc.utilities.runtestcaseforKatalon.clickTab("Object Repository/Canine/Filter/Diagnosis/BladderCancer_Chkbx"): ctdc.utilities.runtestcaseforKatalon.clickTab is PASSED

2021-05-04 09:53:16 - [MESSAGE][PASSED] - ctdc.utilities.runtestcaseforKatalon.clickTab is PASSED

2021-05-04 09:53:16 - [TEST_STEP][PASSED] - ctdc.utilities.runtestcaseforKatalon.clickTab("Object Repository/Canine/Filter/Diagnosis/DIAGNOSIS_Ddn"): ctdc.utilities.runtestcaseforKatalon.clickTab is PASSED

2021-05-04 09:53:17 - [MESSAGE][PASSED] - ctdc.utilities.runtestcaseforKatalon.clickTab is PASSED

2021-05-04 09:53:17 - [TEST_STEP][PASSED] - waitForElementPresent(findTestObject("Object Repository/Canine/Filter/PrimDiseaseSite/PRIMARYDISEASESITE_Ddn"), 10): Object 'Object Repository/Canine/Filter/PrimDiseaseSite/PRIMARYDISEASESITE_Ddn' is not present after 10 second(s)

2021-05-04 09:53:28 - [MESSAGE][INFO] - Unable to find the element located by 'By.xpath: //*[@id='Primary Disease Site']'. Please recheck the objects properties to make sure the desired element is located. 

2021-05-04 09:53:28 - [MESSAGE][WARNING] - Object 'Object Repository/Canine/Filter/PrimDiseaseSite/PRIMARYDISEASESITE_Ddn' is not present after 10 second(s)

2021-05-04 09:53:28 - [TEST_STEP][PASSED] - ctdc.utilities.runtestcaseforKatalon.clickTab("Object Repository/Canine/Filter/PrimDiseaseSite/PRIMARYDISEASESITE_Ddn"): ctdc.utilities.runtestcaseforKatalon.clickTab is PASSED

2021-05-04 09:53:28 - [MESSAGE][PASSED] - ctdc.utilities.runtestcaseforKatalon.clickTab is PASSED

2021-05-04 09:53:28 - [TEST_STEP][PASSED] - waitForElementPresent(findTestObject("Object Repository/Canine/Filter/PrimDiseaseSite/BladderProstate_Chkbx"), 10): Object 'Object Repository/Canine/Filter/PrimDiseaseSite/BladderProstate_Chkbx' is not present after 10 second(s)

2021-05-04 09:53:39 - [MESSAGE][INFO] - Unable to find the element located by 'By.xpath: //*[contains(text(),'Bladder, Prostate')]'. Please recheck the objects properties to make sure the desired element is located. 

2021-05-04 09:53:39 - [MESSAGE][WARNING] - Object 'Object Repository/Canine/Filter/PrimDiseaseSite/BladderProstate_Chkbx' is not present after 10 second(s)

2021-05-04 09:53:39 - [TEST_STEP][PASSED] - ctdc.utilities.runtestcaseforKatalon.clickTab("Object Repository/Canine/Filter/PrimDiseaseSite/BladderProstate_Chkbx"): ctdc.utilities.runtestcaseforKatalon.clickTab is PASSED

2021-05-04 09:53:40 - [MESSAGE][PASSED] - ctdc.utilities.runtestcaseforKatalon.clickTab is PASSED

2021-05-04 09:53:40 - [TEST_STEP][PASSED] - waitForElementPresent(findTestObject("Object Repository/Canine/Filter/PrimDiseaseSite/BladderUrethra_Chkbx"), 10): Object 'Object Repository/Canine/Filter/PrimDiseaseSite/BladderUrethra_Chkbx' is not present after 10 second(s)

2021-05-04 09:53:51 - [MESSAGE][INFO] - Unable to find the element located by 'By.xpath: (//*[contains(text(),'Bladder, Urethra')])[1]'. Please recheck the objects properties to make sure the desired element is located. 

2021-05-04 09:53:51 - [MESSAGE][WARNING] - Object 'Object Repository/Canine/Filter/PrimDiseaseSite/BladderUrethra_Chkbx' is not present after 10 second(s)

2021-05-04 09:53:51 - [TEST_STEP][PASSED] - ctdc.utilities.runtestcaseforKatalon.clickTab("Object Repository/Canine/Filter/PrimDiseaseSite/BladderUrethra_Chkbx"): ctdc.utilities.runtestcaseforKatalon.clickTab is PASSED

2021-05-04 09:53:51 - [MESSAGE][PASSED] - ctdc.utilities.runtestcaseforKatalon.clickTab is PASSED

2021-05-04 09:53:51 - [TEST_STEP][PASSED] - waitForElementPresent(findTestObject("Object Repository/Canine/Filter/PrimDiseaseSite/BladderUrethraProstate_Chkbx"), 10): Object 'Object Repository/Canine/Filter/PrimDiseaseSite/BladderUrethraProstate_Chkbx' is not present after 10 second(s)

2021-05-04 09:54:02 - [MESSAGE][INFO] - Unable to find the element located by 'By.xpath: //*[contains(text(),'Bladder, Urethra, Prostate')]'. Please recheck the objects properties to make sure the desired element is located. 

2021-05-04 09:54:02 - [MESSAGE][WARNING] - Object 'Object Repository/Canine/Filter/PrimDiseaseSite/BladderUrethraProstate_Chkbx' is not present after 10 second(s)

2021-05-04 09:54:02 - [TEST_STEP][PASSED] - ctdc.utilities.runtestcaseforKatalon.clickTab("Object Repository/Canine/Filter/PrimDiseaseSite/BladderUrethraProstate_Chkbx"): ctdc.utilities.runtestcaseforKatalon.clickTab is PASSED

2021-05-04 09:54:02 - [MESSAGE][PASSED] - ctdc.utilities.runtestcaseforKatalon.clickTab is PASSED

2021-05-04 09:54:02 - [TEST_STEP][PASSED] - waitForElementPresent(findTestObject("Object Repository/Canine/Filter/PrimDiseaseSite/UrethraProstate_Chkbx"), 10): Object 'Object Repository/Canine/Filter/PrimDiseaseSite/UrethraProstate_Chkbx' is not present after 10 second(s)

2021-05-04 09:54:14 - [MESSAGE][INFO] - Unable to find the element located by 'By.xpath: (//*[contains(text(),'Urethra, Prostate')])[2]'. Please recheck the objects properties to make sure the desired element is located. 

2021-05-04 09:54:14 - [MESSAGE][WARNING] - Object 'Object Repository/Canine/Filter/PrimDiseaseSite/UrethraProstate_Chkbx' is not present after 10 second(s)

2021-05-04 09:54:14 - [TEST_STEP][PASSED] - ctdc.utilities.runtestcaseforKatalon.clickTab("Object Repository/Canine/Filter/PrimDiseaseSite/UrethraProstate_Chkbx"): ctdc.utilities.runtestcaseforKatalon.clickTab is PASSED

2021-05-04 09:54:14 - [MESSAGE][PASSED] - ctdc.utilities.runtestcaseforKatalon.clickTab is PASSED

2021-05-04 09:54:14 - [TEST_STEP][PASSED] - ctdc.utilities.runtestcaseforKatalon.clickTab("Object Repository/Canine/Filter/PrimDiseaseSite/PRIMARYDISEASESITE_Ddn"): ctdc.utilities.runtestcaseforKatalon.clickTab is PASSED

2021-05-04 09:54:14 - [MESSAGE][PASSED] - ctdc.utilities.runtestcaseforKatalon.clickTab is PASSED

2021-05-04 09:54:14 - [TEST_STEP][PASSED] - waitForElementPresent(findTestObject("Object Repository/Canine/Filter/ResponseToTreatment/RESPONSETOTREATMENT_Ddn"), 10): Object 'Object Repository/Canine/Filter/ResponseToTreatment/RESPONSETOTREATMENT_Ddn' is not present after 10 second(s)

2021-05-04 09:54:25 - [MESSAGE][INFO] - Unable to find the element located by 'By.xpath: (//div[@id='Response to Treatment'])[1]'. Please recheck the objects properties to make sure the desired element is located. 

2021-05-04 09:54:25 - [MESSAGE][WARNING] - Object 'Object Repository/Canine/Filter/ResponseToTreatment/RESPONSETOTREATMENT_Ddn' is not present after 10 second(s)

2021-05-04 09:54:25 - [TEST_STEP][PASSED] - ctdc.utilities.runtestcaseforKatalon.clickTab("Object Repository/Canine/Filter/ResponseToTreatment/RESPONSETOTREATMENT_Ddn"): ctdc.utilities.runtestcaseforKatalon.clickTab is PASSED

2021-05-04 09:54:26 - [MESSAGE][PASSED] - ctdc.utilities.runtestcaseforKatalon.clickTab is PASSED

2021-05-04 09:54:26 - [TEST_STEP][PASSED] - waitForElementPresent(findTestObject("Object Repository/Canine/Filter/ResponseToTreatment/NotDetermined_Chkbx"), 10): Object 'Object Repository/Canine/Filter/ResponseToTreatment/NotDetermined_Chkbx' is not present after 10 second(s)

2021-05-04 09:54:37 - [MESSAGE][INFO] - Unable to find the element located by 'By.xpath: //*[contains(text(),'Not Determined')]'. Please recheck the objects properties to make sure the desired element is located. 

2021-05-04 09:54:37 - [MESSAGE][WARNING] - Object 'Object Repository/Canine/Filter/ResponseToTreatment/NotDetermined_Chkbx' is not present after 10 second(s)

2021-05-04 09:54:37 - [TEST_STEP][PASSED] - ctdc.utilities.runtestcaseforKatalon.clickTab("Object Repository/Canine/Filter/ResponseToTreatment/NotDetermined_Chkbx"): ctdc.utilities.runtestcaseforKatalon.clickTab is PASSED

2021-05-04 09:54:37 - [MESSAGE][PASSED] - ctdc.utilities.runtestcaseforKatalon.clickTab is PASSED

2021-05-04 09:54:37 - [TEST_STEP][PASSED] - waitForElementPresent(findTestObject("Object Repository/Canine/Filter/ResponseToTreatment/PartialResponse_Chkbx"), 10): Object 'Object Repository/Canine/Filter/ResponseToTreatment/PartialResponse_Chkbx' is not present after 10 second(s)

2021-05-04 09:54:48 - [MESSAGE][INFO] - Unable to find the element located by 'By.xpath: //*[contains(text(),'Partial Response')]'. Please recheck the objects properties to make sure the desired element is located. 

2021-05-04 09:54:48 - [MESSAGE][WARNING] - Object 'Object Repository/Canine/Filter/ResponseToTreatment/PartialResponse_Chkbx' is not present after 10 second(s)

2021-05-04 09:54:48 - [TEST_STEP][PASSED] - ctdc.utilities.runtestcaseforKatalon.clickTab("Object Repository/Canine/Filter/ResponseToTreatment/PartialResponse_Chkbx"): ctdc.utilities.runtestcaseforKatalon.clickTab is PASSED

2021-05-04 09:54:48 - [MESSAGE][PASSED] - ctdc.utilities.runtestcaseforKatalon.clickTab is PASSED

2021-05-04 09:54:48 - [TEST_STEP][PASSED] - ctdc.utilities.runtestcaseforKatalon.clickTab("Object Repository/Canine/Filter/ResponseToTreatment/RESPONSETOTREATMENT_Ddn"): ctdc.utilities.runtestcaseforKatalon.clickTab is PASSED

2021-05-04 09:54:49 - [MESSAGE][PASSED] - ctdc.utilities.runtestcaseforKatalon.clickTab is PASSED

2021-05-04 09:54:49 - [TEST_STEP][PASSED] - ctdc.utilities.runtestcaseforKatalon.readStatBarCanine("Object Repository/Canine/StatBar/Canine_StatBar-Studies", "Object Repository/Canine/StatBar/Canine_StatBar-Cases", "Object Repository/Canine/StatBar/Canine_StatBar-Samples", "Object Repository/Canine/StatBar/Canine_StatBar-Files", "Object Repository/Canine/StatBar/Canine_StatBar-Aliquots"): ctdc.utilities.runtestcaseforKatalon.readStatBarCanine is PASSED

2021-05-04 09:55:04 - [MESSAGE][PASSED] - ctdc.utilities.runtestcaseforKatalon.readStatBarCanine is PASSED

2021-05-04 09:55:04 - [TEST_STEP][PASSED] - waitForElementPresent(findTestObject("Object Repository/Canine/CanineResults_Cases_Tab"), 5): Object 'Object Repository/Canine/CanineResults_Cases_Tab' is not present after 5 second(s)

2021-05-04 09:55:11 - [MESSAGE][INFO] - Unable to find the element located by 'By.xpath: //*[@id="case_tab"]'. Please recheck the objects properties to make sure the desired element is located. 

2021-05-04 09:55:11 - [MESSAGE][WARNING] - Object 'Object Repository/Canine/CanineResults_Cases_Tab' is not present after 5 second(s)

2021-05-04 09:55:11 - [TEST_STEP][PASSED] - ctdc.utilities.runtestcaseforKatalon.clickTab("Object Repository/Canine/CanineResults_Cases_Tab"): ctdc.utilities.runtestcaseforKatalon.clickTab is PASSED

2021-05-04 09:55:11 - [MESSAGE][PASSED] - ctdc.utilities.runtestcaseforKatalon.clickTab is PASSED

2021-05-04 09:55:11 - [TEST_STEP][PASSED] - ctdc.utilities.runtestcaseforKatalon.multiFunction("ICDC", G_StatBar_Cases, "Object Repository/Canine/Canine_CasesTable", "Object Repository/Canine/Canine_TableHeader", "Object Repository/Canine/Canine_CasesTabNextBtn", G_WebTabnameCases, G_CypherTabnameCases, G_QueryCasesTab): Statbar Arms count matches

2021-05-04 09:55:29 - [MESSAGE][PASSED] - Statbar Files count matches

2021-05-04 09:55:29 - [MESSAGE][PASSED] - Statbar Samples count matches

2021-05-04 09:55:29 - [MESSAGE][PASSED] - Statbar Cases count matches

2021-05-04 09:55:29 - [MESSAGE][PASSED] - Statbar Arms count matches

2021-05-04 09:55:29 - [TEST_STEP][PASSED] - closeBrowser(): Browser is closed

2021-05-04 09:55:30 - [MESSAGE][PASSED] - Browser is closed]]></system-out>
         <system-err><![CDATA[]]></system-err>
      </testcase>
      <testcase name="Test Cases/Canine_TestCases/Study-Combinations/TC14_Canine_StudyUBC-Breed_Diagnosis_PrimDiseaseSite_RespToTreatmt" time="258.591" classname="Test Cases/Canine_TestCases/Study-Combinations/TC14_Canine_StudyUBC-Breed_Diagnosis_PrimDiseaseSite_RespToTreatmt" status="PASSED">
         <system-out><![CDATA[2021-05-04 09:55:30 - [TEST_CASE][PASSED] - Test Cases/Canine_TestCases/Study-Combinations/TC14_Canine_StudyUBC-Breed_Diagnosis_PrimDiseaseSite_RespToTreatmt: Test Cases/Canine_TestCases/Study-Combinations/TC14_Canine_StudyUBC-Breed_Diagnosis_PrimDiseaseSite_RespToTreatmt

2021-05-04 09:55:31 - [TEST_STEP][PASSED] - closeBrowser(): Browser is closed

2021-05-04 09:55:31 - [MESSAGE][PASSED] - Browser is closed

2021-05-04 09:55:31 - [TEST_STEP][PASSED] - openBrowser(""): Browser is opened with url: ''

2021-05-04 09:55:31 - [MESSAGE][INFO] - Starting 'Chrome (headless)' driver

2021-05-04 09:55:31 - [MESSAGE][INFO] - User set preference: ['args', '[--no-sandbox]']

2021-05-04 09:55:31 - [MESSAGE][INFO] - Action delay is set to 5,000 milliseconds

2021-05-04 09:55:33 - [MESSAGE][PASSED] - Browser is opened with url: ''

2021-05-04 09:55:33 - [TEST_STEP][PASSED] - maximizeWindow(): Current window maximized

2021-05-04 09:55:33 - [MESSAGE][PASSED] - Current window maximized

2021-05-04 09:55:33 - [TEST_STEP][PASSED] - "Driver opened by Katalon is used in Selenium from this step.": null

2021-05-04 09:55:33 - [TEST_STEP][PASSED] - ctdc.utilities.runtestcaseforKatalon.RunKatalon("TC14_Canine_StudyUBC-Breed_Diagnosis_PrimDiseaseSite_RespToTreatmt.xlsx"): Data loaded from input file for the test case. 

2021-05-04 09:55:33 - [MESSAGE][PASSED] - Test case file loaded This is the full filepath after converting to string :C:\Users\radhakrishnang2\Desktop\Commons_Automation\InputFiles\TC14_Canine_StudyUBC-Breed_Diagnosis_PrimDiseaseSite_RespToTreatmt.xlsx

2021-05-04 09:55:33 - [MESSAGE][INFO] - Global variable set for password file is :  C:\Users\radhakrishnang2\Desktop\Commons_Automation\InputFiles\TC14_Canine_StudyUBC-Breed_Diagnosis_PrimDiseaseSite_RespToTreatmt.xlsx

2021-05-04 09:55:33 - [MESSAGE][PASSED] - Data loaded from input file for the test case. 

2021-05-04 09:55:48 - [TEST_STEP][PASSED] - waitForElementPresent(findTestObject("Canine/NavBar/Canine_Cases_Btn"), 10): Object 'Object Repository/Canine/NavBar/Canine_Cases_Btn' is not present after 10 second(s)

2021-05-04 09:56:00 - [MESSAGE][INFO] - Unable to find the element located by 'By.xpath: //a[contains(@href,'cases')]'. Please recheck the objects properties to make sure the desired element is located. 

2021-05-04 09:56:00 - [MESSAGE][WARNING] - Object 'Object Repository/Canine/NavBar/Canine_Cases_Btn' is not present after 10 second(s)

2021-05-04 09:56:00 - [TEST_STEP][PASSED] - ctdc.utilities.runtestcaseforKatalon.clickTab("Canine/NavBar/Canine_Cases_Btn"): ctdc.utilities.runtestcaseforKatalon.clickTab is PASSED

2021-05-04 09:56:00 - [MESSAGE][PASSED] - ctdc.utilities.runtestcaseforKatalon.clickTab is PASSED

2021-05-04 09:56:00 - [TEST_STEP][PASSED] - waitForElementPresent(findTestObject("Object Repository/Canine/Filter/FilterByCases_Facet"), 10): Object 'Object Repository/Canine/Filter/FilterByCases_Facet' is not present after 10 second(s)

2021-05-04 09:56:11 - [MESSAGE][INFO] - Unable to find the element located by 'By.xpath: //*[contains(text(),'Filter By Cases')]'. Please recheck the objects properties to make sure the desired element is located. 

2021-05-04 09:56:11 - [MESSAGE][WARNING] - Object 'Object Repository/Canine/Filter/FilterByCases_Facet' is not present after 10 second(s)

2021-05-04 09:56:11 - [TEST_STEP][PASSED] - ctdc.utilities.runtestcaseforKatalon.clickTab("Object Repository/Canine/Filter/FilterByCases_Facet"): ctdc.utilities.runtestcaseforKatalon.clickTab is PASSED

2021-05-04 09:56:12 - [MESSAGE][PASSED] - ctdc.utilities.runtestcaseforKatalon.clickTab is PASSED

2021-05-04 09:56:12 - [TEST_STEP][PASSED] - waitForElementPresent(findTestObject("Object Repository/Canine/Filter/Study/Canine_Filter_Study"), 10): Object 'Object Repository/Canine/Filter/Study/Canine_Filter_Study' is not present after 10 second(s)

2021-05-04 09:56:23 - [MESSAGE][INFO] - Unable to find the element located by 'By.xpath: //*[@id='Study']'. Please recheck the objects properties to make sure the desired element is located. 

2021-05-04 09:56:23 - [MESSAGE][WARNING] - Object 'Object Repository/Canine/Filter/Study/Canine_Filter_Study' is not present after 10 second(s)

2021-05-04 09:56:23 - [TEST_STEP][PASSED] - ctdc.utilities.runtestcaseforKatalon.clickTab("Object Repository/Canine/Filter/Study/Canine_Filter_Study"): ctdc.utilities.runtestcaseforKatalon.clickTab is PASSED

2021-05-04 09:56:23 - [MESSAGE][PASSED] - ctdc.utilities.runtestcaseforKatalon.clickTab is PASSED

2021-05-04 09:56:23 - [TEST_STEP][PASSED] - waitForElementPresent(findTestObject("Object Repository/Canine/Filter/Study/Canine_Filter_Study-UBC_Chkbx"), 10): Object 'Object Repository/Canine/Filter/Study/Canine_Filter_Study-UBC_Chkbx' is not present after 10 second(s)

2021-05-04 09:56:35 - [MESSAGE][INFO] - Unable to find the element located by 'By.xpath: (//*[contains(text(),'UBC')])[1]'. Please recheck the objects properties to make sure the desired element is located. 

2021-05-04 09:56:35 - [MESSAGE][WARNING] - Object 'Object Repository/Canine/Filter/Study/Canine_Filter_Study-UBC_Chkbx' is not present after 10 second(s)

2021-05-04 09:56:35 - [TEST_STEP][PASSED] - ctdc.utilities.runtestcaseforKatalon.clickTab("Object Repository/Canine/Filter/Study/Canine_Filter_Study-UBC_Chkbx"): ctdc.utilities.runtestcaseforKatalon.clickTab is PASSED

2021-05-04 09:56:35 - [MESSAGE][PASSED] - ctdc.utilities.runtestcaseforKatalon.clickTab is PASSED

2021-05-04 09:56:35 - [TEST_STEP][PASSED] - Thread.sleep(2000): null

2021-05-04 09:56:37 - [TEST_STEP][PASSED] - waitForElementPresent(findTestObject("Object Repository/Canine/Filter/Breed/BREED_Ddn"), 10): Object 'Object Repository/Canine/Filter/Breed/BREED_Ddn' is not present after 10 second(s)

2021-05-04 09:56:48 - [MESSAGE][INFO] - Unable to find the element located by 'By.xpath: //*[@id='Breed']'. Please recheck the objects properties to make sure the desired element is located. 

2021-05-04 09:56:48 - [MESSAGE][WARNING] - Object 'Object Repository/Canine/Filter/Breed/BREED_Ddn' is not present after 10 second(s)

2021-05-04 09:56:48 - [TEST_STEP][PASSED] - ctdc.utilities.runtestcaseforKatalon.clickTab("Object Repository/Canine/Filter/Breed/BREED_Ddn"): ctdc.utilities.runtestcaseforKatalon.clickTab is PASSED

2021-05-04 09:56:49 - [MESSAGE][PASSED] - ctdc.utilities.runtestcaseforKatalon.clickTab is PASSED

2021-05-04 09:56:49 - [TEST_STEP][PASSED] - waitForElementPresent(findTestObject("Object Repository/Canine/Filter/Breed/BelgMalin_Chkbx"), 10): Object 'Object Repository/Canine/Filter/Breed/BelgMalin_Chkbx' is not present after 10 second(s)

2021-05-04 09:57:00 - [MESSAGE][INFO] - Unable to find the element located by 'By.xpath: //*[contains(text(),'Belgian Malinois')]'. Please recheck the objects properties to make sure the desired element is located. 

2021-05-04 09:57:00 - [MESSAGE][WARNING] - Object 'Object Repository/Canine/Filter/Breed/BelgMalin_Chkbx' is not present after 10 second(s)

2021-05-04 09:57:00 - [TEST_STEP][PASSED] - ctdc.utilities.runtestcaseforKatalon.clickTab("Object Repository/Canine/Filter/Breed/BelgMalin_Chkbx"): ctdc.utilities.runtestcaseforKatalon.clickTab is PASSED

2021-05-04 09:57:00 - [MESSAGE][PASSED] - ctdc.utilities.runtestcaseforKatalon.clickTab is PASSED

2021-05-04 09:57:00 - [TEST_STEP][PASSED] - waitForElementPresent(findTestObject("Object Repository/Canine/Filter/Breed/Labrador_Chkbx"), 10): Object 'Object Repository/Canine/Filter/Breed/Labrador_Chkbx' is not present after 10 second(s)

2021-05-04 09:57:11 - [MESSAGE][INFO] - Unable to find the element located by 'By.xpath: //*[contains(text(),'Labrador Retriever')]'. Please recheck the objects properties to make sure the desired element is located. 

2021-05-04 09:57:11 - [MESSAGE][WARNING] - Object 'Object Repository/Canine/Filter/Breed/Labrador_Chkbx' is not present after 10 second(s)

2021-05-04 09:57:11 - [TEST_STEP][PASSED] - ctdc.utilities.runtestcaseforKatalon.clickTab("Object Repository/Canine/Filter/Breed/Labrador_Chkbx"): ctdc.utilities.runtestcaseforKatalon.clickTab is PASSED

2021-05-04 09:57:12 - [MESSAGE][PASSED] - ctdc.utilities.runtestcaseforKatalon.clickTab is PASSED

2021-05-04 09:57:12 - [TEST_STEP][PASSED] - waitForElementPresent(findTestObject("Object Repository/Canine/Filter/Breed/WestHland_Chkbx"), 10): Object 'Object Repository/Canine/Filter/Breed/WestHland_Chkbx' is not present after 10 second(s)

2021-05-04 09:57:23 - [MESSAGE][INFO] - Unable to find the element located by 'By.xpath: //*[contains(text(),'West Highland White Terrier')]'. Please recheck the objects properties to make sure the desired element is located. 

2021-05-04 09:57:23 - [MESSAGE][WARNING] - Object 'Object Repository/Canine/Filter/Breed/WestHland_Chkbx' is not present after 10 second(s)

2021-05-04 09:57:23 - [TEST_STEP][PASSED] - ctdc.utilities.runtestcaseforKatalon.clickTab("Object Repository/Canine/Filter/Breed/WestHland_Chkbx"): ctdc.utilities.runtestcaseforKatalon.clickTab is PASSED

2021-05-04 09:57:23 - [MESSAGE][PASSED] - ctdc.utilities.runtestcaseforKatalon.clickTab is PASSED

2021-05-04 09:57:23 - [TEST_STEP][PASSED] - ctdc.utilities.runtestcaseforKatalon.clickTab("Object Repository/Canine/Filter/Breed/BREED_Ddn"): ctdc.utilities.runtestcaseforKatalon.clickTab is PASSED

2021-05-04 09:57:23 - [MESSAGE][PASSED] - ctdc.utilities.runtestcaseforKatalon.clickTab is PASSED

2021-05-04 09:57:23 - [TEST_STEP][PASSED] - waitForElementPresent(findTestObject("Object Repository/Canine/Filter/Diagnosis/DIAGNOSIS_Ddn"), 10): Object 'Object Repository/Canine/Filter/Diagnosis/DIAGNOSIS_Ddn' is not present after 10 second(s)

2021-05-04 09:57:35 - [MESSAGE][INFO] - Unable to find the element located by 'By.xpath: (//*[@id='Diagnosis'])[1]'. Please recheck the objects properties to make sure the desired element is located. 

2021-05-04 09:57:35 - [MESSAGE][WARNING] - Object 'Object Repository/Canine/Filter/Diagnosis/DIAGNOSIS_Ddn' is not present after 10 second(s)

2021-05-04 09:57:35 - [TEST_STEP][PASSED] - ctdc.utilities.runtestcaseforKatalon.clickTab("Object Repository/Canine/Filter/Diagnosis/DIAGNOSIS_Ddn"): ctdc.utilities.runtestcaseforKatalon.clickTab is PASSED

2021-05-04 09:57:35 - [MESSAGE][PASSED] - ctdc.utilities.runtestcaseforKatalon.clickTab is PASSED

2021-05-04 09:57:35 - [TEST_STEP][PASSED] - waitForElementPresent(findTestObject("Object Repository/Canine/Filter/Diagnosis/BladderCancer_Chkbx"), 10): Object 'Object Repository/Canine/Filter/Diagnosis/BladderCancer_Chkbx' is not present after 10 second(s)

2021-05-04 09:57:46 - [MESSAGE][INFO] - Unable to find the element located by 'By.xpath: //*[contains(text(),'Bladder Cancer')]'. Please recheck the objects properties to make sure the desired element is located. 

2021-05-04 09:57:46 - [MESSAGE][WARNING] - Object 'Object Repository/Canine/Filter/Diagnosis/BladderCancer_Chkbx' is not present after 10 second(s)

2021-05-04 09:57:46 - [TEST_STEP][PASSED] - ctdc.utilities.runtestcaseforKatalon.clickTab("Object Repository/Canine/Filter/Diagnosis/BladderCancer_Chkbx"): ctdc.utilities.runtestcaseforKatalon.clickTab is PASSED

2021-05-04 09:57:46 - [MESSAGE][PASSED] - ctdc.utilities.runtestcaseforKatalon.clickTab is PASSED

2021-05-04 09:57:46 - [TEST_STEP][PASSED] - ctdc.utilities.runtestcaseforKatalon.clickTab("Object Repository/Canine/Filter/Diagnosis/DIAGNOSIS_Ddn"): ctdc.utilities.runtestcaseforKatalon.clickTab is PASSED

2021-05-04 09:57:48 - [MESSAGE][PASSED] - ctdc.utilities.runtestcaseforKatalon.clickTab is PASSED

2021-05-04 09:57:48 - [TEST_STEP][PASSED] - waitForElementPresent(findTestObject("Object Repository/Canine/Filter/PrimDiseaseSite/PRIMARYDISEASESITE_Ddn"), 10): Object 'Object Repository/Canine/Filter/PrimDiseaseSite/PRIMARYDISEASESITE_Ddn' is not present after 10 second(s)

2021-05-04 09:57:59 - [MESSAGE][INFO] - Unable to find the element located by 'By.xpath: //*[@id='Primary Disease Site']'. Please recheck the objects properties to make sure the desired element is located. 

2021-05-04 09:57:59 - [MESSAGE][WARNING] - Object 'Object Repository/Canine/Filter/PrimDiseaseSite/PRIMARYDISEASESITE_Ddn' is not present after 10 second(s)

2021-05-04 09:57:59 - [TEST_STEP][PASSED] - ctdc.utilities.runtestcaseforKatalon.clickTab("Object Repository/Canine/Filter/PrimDiseaseSite/PRIMARYDISEASESITE_Ddn"): ctdc.utilities.runtestcaseforKatalon.clickTab is PASSED

2021-05-04 09:57:59 - [MESSAGE][PASSED] - ctdc.utilities.runtestcaseforKatalon.clickTab is PASSED

2021-05-04 09:57:59 - [TEST_STEP][PASSED] - waitForElementPresent(findTestObject("Object Repository/Canine/Filter/PrimDiseaseSite/BladderProstate_Chkbx"), 10): Object 'Object Repository/Canine/Filter/PrimDiseaseSite/BladderProstate_Chkbx' is not present after 10 second(s)

2021-05-04 09:58:10 - [MESSAGE][INFO] - Unable to find the element located by 'By.xpath: //*[contains(text(),'Bladder, Prostate')]'. Please recheck the objects properties to make sure the desired element is located. 

2021-05-04 09:58:10 - [MESSAGE][WARNING] - Object 'Object Repository/Canine/Filter/PrimDiseaseSite/BladderProstate_Chkbx' is not present after 10 second(s)

2021-05-04 09:58:10 - [TEST_STEP][PASSED] - ctdc.utilities.runtestcaseforKatalon.clickTab("Object Repository/Canine/Filter/PrimDiseaseSite/BladderProstate_Chkbx"): ctdc.utilities.runtestcaseforKatalon.clickTab is PASSED

2021-05-04 09:58:11 - [MESSAGE][PASSED] - ctdc.utilities.runtestcaseforKatalon.clickTab is PASSED

2021-05-04 09:58:11 - [TEST_STEP][PASSED] - waitForElementPresent(findTestObject("Object Repository/Canine/Filter/PrimDiseaseSite/BladderUrethra_Chkbx"), 10): Object 'Object Repository/Canine/Filter/PrimDiseaseSite/BladderUrethra_Chkbx' is not present after 10 second(s)

2021-05-04 09:58:22 - [MESSAGE][INFO] - Unable to find the element located by 'By.xpath: (//*[contains(text(),'Bladder, Urethra')])[1]'. Please recheck the objects properties to make sure the desired element is located. 

2021-05-04 09:58:22 - [MESSAGE][WARNING] - Object 'Object Repository/Canine/Filter/PrimDiseaseSite/BladderUrethra_Chkbx' is not present after 10 second(s)

2021-05-04 09:58:22 - [TEST_STEP][PASSED] - ctdc.utilities.runtestcaseforKatalon.clickTab("Object Repository/Canine/Filter/PrimDiseaseSite/BladderUrethra_Chkbx"): ctdc.utilities.runtestcaseforKatalon.clickTab is PASSED

2021-05-04 09:58:22 - [MESSAGE][PASSED] - ctdc.utilities.runtestcaseforKatalon.clickTab is PASSED

2021-05-04 09:58:22 - [TEST_STEP][PASSED] - waitForElementPresent(findTestObject("Object Repository/Canine/Filter/PrimDiseaseSite/BladderUrethraProstate_Chkbx"), 10): Object 'Object Repository/Canine/Filter/PrimDiseaseSite/BladderUrethraProstate_Chkbx' is not present after 10 second(s)

2021-05-04 09:58:33 - [MESSAGE][INFO] - Unable to find the element located by 'By.xpath: //*[contains(text(),'Bladder, Urethra, Prostate')]'. Please recheck the objects properties to make sure the desired element is located. 

2021-05-04 09:58:33 - [MESSAGE][WARNING] - Object 'Object Repository/Canine/Filter/PrimDiseaseSite/BladderUrethraProstate_Chkbx' is not present after 10 second(s)

2021-05-04 09:58:33 - [TEST_STEP][PASSED] - ctdc.utilities.runtestcaseforKatalon.clickTab("Object Repository/Canine/Filter/PrimDiseaseSite/BladderUrethraProstate_Chkbx"): ctdc.utilities.runtestcaseforKatalon.clickTab is PASSED

2021-05-04 09:58:34 - [MESSAGE][PASSED] - ctdc.utilities.runtestcaseforKatalon.clickTab is PASSED

2021-05-04 09:58:34 - [TEST_STEP][PASSED] - waitForElementPresent(findTestObject("Object Repository/Canine/Filter/PrimDiseaseSite/UrethraProstate_Chkbx"), 10): Object 'Object Repository/Canine/Filter/PrimDiseaseSite/UrethraProstate_Chkbx' is not present after 10 second(s)

2021-05-04 09:58:45 - [MESSAGE][INFO] - Unable to find the element located by 'By.xpath: (//*[contains(text(),'Urethra, Prostate')])[2]'. Please recheck the objects properties to make sure the desired element is located. 

2021-05-04 09:58:45 - [MESSAGE][WARNING] - Object 'Object Repository/Canine/Filter/PrimDiseaseSite/UrethraProstate_Chkbx' is not present after 10 second(s)

2021-05-04 09:58:45 - [TEST_STEP][PASSED] - ctdc.utilities.runtestcaseforKatalon.clickTab("Object Repository/Canine/Filter/PrimDiseaseSite/UrethraProstate_Chkbx"): ctdc.utilities.runtestcaseforKatalon.clickTab is PASSED

2021-05-04 09:58:45 - [MESSAGE][PASSED] - ctdc.utilities.runtestcaseforKatalon.clickTab is PASSED

2021-05-04 09:58:45 - [TEST_STEP][PASSED] - ctdc.utilities.runtestcaseforKatalon.clickTab("Object Repository/Canine/Filter/PrimDiseaseSite/PRIMARYDISEASESITE_Ddn"): ctdc.utilities.runtestcaseforKatalon.clickTab is PASSED

2021-05-04 09:58:45 - [MESSAGE][PASSED] - ctdc.utilities.runtestcaseforKatalon.clickTab is PASSED

2021-05-04 09:58:45 - [TEST_STEP][PASSED] - waitForElementPresent(findTestObject("Object Repository/Canine/Filter/ResponseToTreatment/RESPONSETOTREATMENT_Ddn"), 10): Object 'Object Repository/Canine/Filter/ResponseToTreatment/RESPONSETOTREATMENT_Ddn' is not present after 10 second(s)

2021-05-04 09:58:56 - [MESSAGE][INFO] - Unable to find the element located by 'By.xpath: (//div[@id='Response to Treatment'])[1]'. Please recheck the objects properties to make sure the desired element is located. 

2021-05-04 09:58:56 - [MESSAGE][WARNING] - Object 'Object Repository/Canine/Filter/ResponseToTreatment/RESPONSETOTREATMENT_Ddn' is not present after 10 second(s)

2021-05-04 09:58:56 - [TEST_STEP][PASSED] - ctdc.utilities.runtestcaseforKatalon.clickTab("Object Repository/Canine/Filter/ResponseToTreatment/RESPONSETOTREATMENT_Ddn"): ctdc.utilities.runtestcaseforKatalon.clickTab is PASSED

2021-05-04 09:58:57 - [MESSAGE][PASSED] - ctdc.utilities.runtestcaseforKatalon.clickTab is PASSED

2021-05-04 09:58:57 - [TEST_STEP][PASSED] - waitForElementPresent(findTestObject("Object Repository/Canine/Filter/ResponseToTreatment/NotDetermined_Chkbx"), 10): Object 'Object Repository/Canine/Filter/ResponseToTreatment/NotDetermined_Chkbx' is not present after 10 second(s)

2021-05-04 09:59:08 - [MESSAGE][INFO] - Unable to find the element located by 'By.xpath: //*[contains(text(),'Not Determined')]'. Please recheck the objects properties to make sure the desired element is located. 

2021-05-04 09:59:08 - [MESSAGE][WARNING] - Object 'Object Repository/Canine/Filter/ResponseToTreatment/NotDetermined_Chkbx' is not present after 10 second(s)

2021-05-04 09:59:08 - [TEST_STEP][PASSED] - ctdc.utilities.runtestcaseforKatalon.clickTab("Object Repository/Canine/Filter/ResponseToTreatment/NotDetermined_Chkbx"): ctdc.utilities.runtestcaseforKatalon.clickTab is PASSED

2021-05-04 09:59:08 - [MESSAGE][PASSED] - ctdc.utilities.runtestcaseforKatalon.clickTab is PASSED

2021-05-04 09:59:08 - [TEST_STEP][PASSED] - ctdc.utilities.runtestcaseforKatalon.clickTab("Object Repository/Canine/Filter/ResponseToTreatment/RESPONSETOTREATMENT_Ddn"): ctdc.utilities.runtestcaseforKatalon.clickTab is PASSED

2021-05-04 09:59:08 - [MESSAGE][PASSED] - ctdc.utilities.runtestcaseforKatalon.clickTab is PASSED

2021-05-04 09:59:08 - [TEST_STEP][PASSED] - ctdc.utilities.runtestcaseforKatalon.readStatBarCanine("Object Repository/Canine/StatBar/Canine_StatBar-Studies", "Object Repository/Canine/StatBar/Canine_StatBar-Cases", "Object Repository/Canine/StatBar/Canine_StatBar-Samples", "Object Repository/Canine/StatBar/Canine_StatBar-Files", "Object Repository/Canine/StatBar/Canine_StatBar-Aliquots"): ctdc.utilities.runtestcaseforKatalon.readStatBarCanine is PASSED

2021-05-04 09:59:24 - [MESSAGE][PASSED] - ctdc.utilities.runtestcaseforKatalon.readStatBarCanine is PASSED

2021-05-04 09:59:24 - [TEST_STEP][PASSED] - waitForElementPresent(findTestObject("Object Repository/Canine/CanineResults_Cases_Tab"), 5): Object 'Object Repository/Canine/CanineResults_Cases_Tab' is not present after 5 second(s)

2021-05-04 09:59:30 - [MESSAGE][INFO] - Unable to find the element located by 'By.xpath: //*[@id="case_tab"]'. Please recheck the objects properties to make sure the desired element is located. 

2021-05-04 09:59:30 - [MESSAGE][WARNING] - Object 'Object Repository/Canine/CanineResults_Cases_Tab' is not present after 5 second(s)

2021-05-04 09:59:30 - [TEST_STEP][PASSED] - ctdc.utilities.runtestcaseforKatalon.clickTab("Object Repository/Canine/CanineResults_Cases_Tab"): ctdc.utilities.runtestcaseforKatalon.clickTab is PASSED

2021-05-04 09:59:31 - [MESSAGE][PASSED] - ctdc.utilities.runtestcaseforKatalon.clickTab is PASSED

2021-05-04 09:59:31 - [TEST_STEP][PASSED] - ctdc.utilities.runtestcaseforKatalon.multiFunction("ICDC", G_StatBar_Cases, "Object Repository/Canine/Canine_CasesTable", "Object Repository/Canine/Canine_TableHeader", "Object Repository/Canine/Canine_CasesTabNextBtn", G_WebTabnameCases, G_CypherTabnameCases, G_QueryCasesTab): Statbar Arms count matches

2021-05-04 09:59:48 - [MESSAGE][PASSED] - Statbar Files count matches

2021-05-04 09:59:48 - [MESSAGE][PASSED] - Statbar Samples count matches

2021-05-04 09:59:48 - [MESSAGE][PASSED] - Statbar Cases count matches

2021-05-04 09:59:48 - [MESSAGE][PASSED] - Statbar Arms count matches

2021-05-04 09:59:48 - [TEST_STEP][PASSED] - closeBrowser(): Browser is closed

2021-05-04 09:59:48 - [MESSAGE][PASSED] - Browser is closed]]></system-out>
         <system-err><![CDATA[]]></system-err>
      </testcase>
      <testcase name="Test Cases/Canine_TestCases/Study-Combinations/TC15_Canine_StudyUBC-Breed_Diagnosis_PrimDiseaseSite_RespToTreatmt" time="270.387" classname="Test Cases/Canine_TestCases/Study-Combinations/TC15_Canine_StudyUBC-Breed_Diagnosis_PrimDiseaseSite_RespToTreatmt" status="PASSED">
         <system-out><![CDATA[2021-05-04 09:59:48 - [TEST_CASE][PASSED] - Test Cases/Canine_TestCases/Study-Combinations/TC15_Canine_StudyUBC-Breed_Diagnosis_PrimDiseaseSite_RespToTreatmt: Test Cases/Canine_TestCases/Study-Combinations/TC15_Canine_StudyUBC-Breed_Diagnosis_PrimDiseaseSite_RespToTreatmt

2021-05-04 09:59:49 - [TEST_STEP][PASSED] - closeBrowser(): Browser is closed

2021-05-04 09:59:49 - [MESSAGE][PASSED] - Browser is closed

2021-05-04 09:59:49 - [TEST_STEP][PASSED] - openBrowser(""): Browser is opened with url: ''

2021-05-04 09:59:49 - [MESSAGE][INFO] - Starting 'Chrome (headless)' driver

2021-05-04 09:59:49 - [MESSAGE][INFO] - User set preference: ['args', '[--no-sandbox]']

2021-05-04 09:59:49 - [MESSAGE][INFO] - Action delay is set to 5,000 milliseconds

2021-05-04 09:59:51 - [MESSAGE][PASSED] - Browser is opened with url: ''

2021-05-04 09:59:51 - [TEST_STEP][PASSED] - maximizeWindow(): Current window maximized

2021-05-04 09:59:51 - [MESSAGE][PASSED] - Current window maximized

2021-05-04 09:59:51 - [TEST_STEP][PASSED] - "Driver opened by Katalon is used in Selenium from this step.": null

2021-05-04 09:59:51 - [TEST_STEP][PASSED] - ctdc.utilities.runtestcaseforKatalon.RunKatalon("TC15_Canine_StudyUBC-Breed_Diagnosis_PrimDiseaseSite_RespToTreatmt.xlsx"): Data loaded from input file for the test case. 

2021-05-04 09:59:51 - [MESSAGE][PASSED] - Test case file loaded This is the full filepath after converting to string :C:\Users\radhakrishnang2\Desktop\Commons_Automation\InputFiles\TC15_Canine_StudyUBC-Breed_Diagnosis_PrimDiseaseSite_RespToTreatmt.xlsx

2021-05-04 09:59:51 - [MESSAGE][INFO] - Global variable set for password file is :  C:\Users\radhakrishnang2\Desktop\Commons_Automation\InputFiles\TC15_Canine_StudyUBC-Breed_Diagnosis_PrimDiseaseSite_RespToTreatmt.xlsx

2021-05-04 09:59:51 - [MESSAGE][PASSED] - Data loaded from input file for the test case. 

2021-05-04 10:00:01 - [TEST_STEP][PASSED] - waitForElementPresent(findTestObject("Canine/NavBar/Canine_Cases_Btn"), 10): Object 'Object Repository/Canine/NavBar/Canine_Cases_Btn' is not present after 10 second(s)

2021-05-04 10:00:12 - [MESSAGE][INFO] - Unable to find the element located by 'By.xpath: //a[contains(@href,'cases')]'. Please recheck the objects properties to make sure the desired element is located. 

2021-05-04 10:00:12 - [MESSAGE][WARNING] - Object 'Object Repository/Canine/NavBar/Canine_Cases_Btn' is not present after 10 second(s)

2021-05-04 10:00:12 - [TEST_STEP][PASSED] - ctdc.utilities.runtestcaseforKatalon.clickTab("Canine/NavBar/Canine_Cases_Btn"): ctdc.utilities.runtestcaseforKatalon.clickTab is PASSED

2021-05-04 10:00:13 - [MESSAGE][PASSED] - ctdc.utilities.runtestcaseforKatalon.clickTab is PASSED

2021-05-04 10:00:13 - [TEST_STEP][PASSED] - waitForElementPresent(findTestObject("Object Repository/Canine/Filter/FilterByCases_Facet"), 10): Object 'Object Repository/Canine/Filter/FilterByCases_Facet' is not present after 10 second(s)

2021-05-04 10:00:24 - [MESSAGE][INFO] - Unable to find the element located by 'By.xpath: //*[contains(text(),'Filter By Cases')]'. Please recheck the objects properties to make sure the desired element is located. 

2021-05-04 10:00:24 - [MESSAGE][WARNING] - Object 'Object Repository/Canine/Filter/FilterByCases_Facet' is not present after 10 second(s)

2021-05-04 10:00:24 - [TEST_STEP][PASSED] - ctdc.utilities.runtestcaseforKatalon.clickTab("Object Repository/Canine/Filter/FilterByCases_Facet"): ctdc.utilities.runtestcaseforKatalon.clickTab is PASSED

2021-05-04 10:00:24 - [MESSAGE][PASSED] - ctdc.utilities.runtestcaseforKatalon.clickTab is PASSED

2021-05-04 10:00:24 - [TEST_STEP][PASSED] - waitForElementPresent(findTestObject("Object Repository/Canine/Filter/Study/Canine_Filter_Study"), 10): Object 'Object Repository/Canine/Filter/Study/Canine_Filter_Study' is not present after 10 second(s)

2021-05-04 10:00:35 - [MESSAGE][INFO] - Unable to find the element located by 'By.xpath: //*[@id='Study']'. Please recheck the objects properties to make sure the desired element is located. 

2021-05-04 10:00:35 - [MESSAGE][WARNING] - Object 'Object Repository/Canine/Filter/Study/Canine_Filter_Study' is not present after 10 second(s)

2021-05-04 10:00:35 - [TEST_STEP][PASSED] - ctdc.utilities.runtestcaseforKatalon.clickTab("Object Repository/Canine/Filter/Study/Canine_Filter_Study"): ctdc.utilities.runtestcaseforKatalon.clickTab is PASSED

2021-05-04 10:00:36 - [MESSAGE][PASSED] - ctdc.utilities.runtestcaseforKatalon.clickTab is PASSED

2021-05-04 10:00:36 - [TEST_STEP][PASSED] - waitForElementPresent(findTestObject("Object Repository/Canine/Filter/Study/Canine_Filter_Study-UBC_Chkbx"), 10): Object 'Object Repository/Canine/Filter/Study/Canine_Filter_Study-UBC_Chkbx' is not present after 10 second(s)

2021-05-04 10:00:47 - [MESSAGE][INFO] - Unable to find the element located by 'By.xpath: (//*[contains(text(),'UBC')])[1]'. Please recheck the objects properties to make sure the desired element is located. 

2021-05-04 10:00:47 - [MESSAGE][WARNING] - Object 'Object Repository/Canine/Filter/Study/Canine_Filter_Study-UBC_Chkbx' is not present after 10 second(s)

2021-05-04 10:00:47 - [TEST_STEP][PASSED] - ctdc.utilities.runtestcaseforKatalon.clickTab("Object Repository/Canine/Filter/Study/Canine_Filter_Study-UBC_Chkbx"): ctdc.utilities.runtestcaseforKatalon.clickTab is PASSED

2021-05-04 10:00:47 - [MESSAGE][PASSED] - ctdc.utilities.runtestcaseforKatalon.clickTab is PASSED

2021-05-04 10:00:47 - [TEST_STEP][PASSED] - Thread.sleep(2000): null

2021-05-04 10:00:49 - [TEST_STEP][PASSED] - waitForElementPresent(findTestObject("Object Repository/Canine/Filter/Breed/BREED_Ddn"), 10): Object 'Object Repository/Canine/Filter/Breed/BREED_Ddn' is not present after 10 second(s)

2021-05-04 10:01:00 - [MESSAGE][INFO] - Unable to find the element located by 'By.xpath: //*[@id='Breed']'. Please recheck the objects properties to make sure the desired element is located. 

2021-05-04 10:01:00 - [MESSAGE][WARNING] - Object 'Object Repository/Canine/Filter/Breed/BREED_Ddn' is not present after 10 second(s)

2021-05-04 10:01:00 - [TEST_STEP][PASSED] - ctdc.utilities.runtestcaseforKatalon.clickTab("Object Repository/Canine/Filter/Breed/BREED_Ddn"): ctdc.utilities.runtestcaseforKatalon.clickTab is PASSED

2021-05-04 10:01:01 - [MESSAGE][PASSED] - ctdc.utilities.runtestcaseforKatalon.clickTab is PASSED

2021-05-04 10:01:01 - [TEST_STEP][PASSED] - waitForElementPresent(findTestObject("Object Repository/Canine/Filter/Breed/BelgMalin_Chkbx"), 10): Object 'Object Repository/Canine/Filter/Breed/BelgMalin_Chkbx' is not present after 10 second(s)

2021-05-04 10:01:12 - [MESSAGE][INFO] - Unable to find the element located by 'By.xpath: //*[contains(text(),'Belgian Malinois')]'. Please recheck the objects properties to make sure the desired element is located. 

2021-05-04 10:01:12 - [MESSAGE][WARNING] - Object 'Object Repository/Canine/Filter/Breed/BelgMalin_Chkbx' is not present after 10 second(s)

2021-05-04 10:01:12 - [TEST_STEP][PASSED] - ctdc.utilities.runtestcaseforKatalon.clickTab("Object Repository/Canine/Filter/Breed/BelgMalin_Chkbx"): ctdc.utilities.runtestcaseforKatalon.clickTab is PASSED

2021-05-04 10:01:12 - [MESSAGE][PASSED] - ctdc.utilities.runtestcaseforKatalon.clickTab is PASSED

2021-05-04 10:01:12 - [TEST_STEP][PASSED] - waitForElementPresent(findTestObject("Object Repository/Canine/Filter/Breed/Labrador_Chkbx"), 10): Object 'Object Repository/Canine/Filter/Breed/Labrador_Chkbx' is not present after 10 second(s)

2021-05-04 10:01:24 - [MESSAGE][INFO] - Unable to find the element located by 'By.xpath: //*[contains(text(),'Labrador Retriever')]'. Please recheck the objects properties to make sure the desired element is located. 

2021-05-04 10:01:24 - [MESSAGE][WARNING] - Object 'Object Repository/Canine/Filter/Breed/Labrador_Chkbx' is not present after 10 second(s)

2021-05-04 10:01:24 - [TEST_STEP][PASSED] - ctdc.utilities.runtestcaseforKatalon.clickTab("Object Repository/Canine/Filter/Breed/Labrador_Chkbx"): ctdc.utilities.runtestcaseforKatalon.clickTab is PASSED

2021-05-04 10:01:24 - [MESSAGE][PASSED] - ctdc.utilities.runtestcaseforKatalon.clickTab is PASSED

2021-05-04 10:01:24 - [TEST_STEP][PASSED] - waitForElementPresent(findTestObject("Object Repository/Canine/Filter/Breed/WestHland_Chkbx"), 10): Object 'Object Repository/Canine/Filter/Breed/WestHland_Chkbx' is not present after 10 second(s)

2021-05-04 10:01:35 - [MESSAGE][INFO] - Unable to find the element located by 'By.xpath: //*[contains(text(),'West Highland White Terrier')]'. Please recheck the objects properties to make sure the desired element is located. 

2021-05-04 10:01:35 - [MESSAGE][WARNING] - Object 'Object Repository/Canine/Filter/Breed/WestHland_Chkbx' is not present after 10 second(s)

2021-05-04 10:01:35 - [TEST_STEP][PASSED] - ctdc.utilities.runtestcaseforKatalon.clickTab("Object Repository/Canine/Filter/Breed/WestHland_Chkbx"): ctdc.utilities.runtestcaseforKatalon.clickTab is PASSED

2021-05-04 10:01:35 - [MESSAGE][PASSED] - ctdc.utilities.runtestcaseforKatalon.clickTab is PASSED

2021-05-04 10:01:35 - [TEST_STEP][PASSED] - ctdc.utilities.runtestcaseforKatalon.clickTab("Object Repository/Canine/Filter/Breed/BREED_Ddn"): ctdc.utilities.runtestcaseforKatalon.clickTab is PASSED

2021-05-04 10:01:36 - [MESSAGE][PASSED] - ctdc.utilities.runtestcaseforKatalon.clickTab is PASSED

2021-05-04 10:01:36 - [TEST_STEP][PASSED] - waitForElementPresent(findTestObject("Object Repository/Canine/Filter/Diagnosis/DIAGNOSIS_Ddn"), 10): Object 'Object Repository/Canine/Filter/Diagnosis/DIAGNOSIS_Ddn' is not present after 10 second(s)

2021-05-04 10:01:47 - [MESSAGE][INFO] - Unable to find the element located by 'By.xpath: (//*[@id='Diagnosis'])[1]'. Please recheck the objects properties to make sure the desired element is located. 

2021-05-04 10:01:47 - [MESSAGE][WARNING] - Object 'Object Repository/Canine/Filter/Diagnosis/DIAGNOSIS_Ddn' is not present after 10 second(s)

2021-05-04 10:01:47 - [TEST_STEP][PASSED] - ctdc.utilities.runtestcaseforKatalon.clickTab("Object Repository/Canine/Filter/Diagnosis/DIAGNOSIS_Ddn"): ctdc.utilities.runtestcaseforKatalon.clickTab is PASSED

2021-05-04 10:01:47 - [MESSAGE][PASSED] - ctdc.utilities.runtestcaseforKatalon.clickTab is PASSED

2021-05-04 10:01:47 - [TEST_STEP][PASSED] - waitForElementPresent(findTestObject("Object Repository/Canine/Filter/Diagnosis/BladderCancer_Chkbx"), 10): Object 'Object Repository/Canine/Filter/Diagnosis/BladderCancer_Chkbx' is not present after 10 second(s)

2021-05-04 10:01:58 - [MESSAGE][INFO] - Unable to find the element located by 'By.xpath: //*[contains(text(),'Bladder Cancer')]'. Please recheck the objects properties to make sure the desired element is located. 

2021-05-04 10:01:58 - [MESSAGE][WARNING] - Object 'Object Repository/Canine/Filter/Diagnosis/BladderCancer_Chkbx' is not present after 10 second(s)

2021-05-04 10:01:58 - [TEST_STEP][PASSED] - ctdc.utilities.runtestcaseforKatalon.clickTab("Object Repository/Canine/Filter/Diagnosis/BladderCancer_Chkbx"): ctdc.utilities.runtestcaseforKatalon.clickTab is PASSED

2021-05-04 10:01:59 - [MESSAGE][PASSED] - ctdc.utilities.runtestcaseforKatalon.clickTab is PASSED

2021-05-04 10:01:59 - [TEST_STEP][PASSED] - ctdc.utilities.runtestcaseforKatalon.clickTab("Object Repository/Canine/Filter/Diagnosis/DIAGNOSIS_Ddn"): ctdc.utilities.runtestcaseforKatalon.clickTab is PASSED

2021-05-04 10:01:59 - [MESSAGE][PASSED] - ctdc.utilities.runtestcaseforKatalon.clickTab is PASSED

2021-05-04 10:01:59 - [TEST_STEP][PASSED] - waitForElementPresent(findTestObject("Object Repository/Canine/Filter/PrimDiseaseSite/PRIMARYDISEASESITE_Ddn"), 10): Object 'Object Repository/Canine/Filter/PrimDiseaseSite/PRIMARYDISEASESITE_Ddn' is not present after 10 second(s)

2021-05-04 10:02:10 - [MESSAGE][INFO] - Unable to find the element located by 'By.xpath: //*[@id='Primary Disease Site']'. Please recheck the objects properties to make sure the desired element is located. 

2021-05-04 10:02:10 - [MESSAGE][WARNING] - Object 'Object Repository/Canine/Filter/PrimDiseaseSite/PRIMARYDISEASESITE_Ddn' is not present after 10 second(s)

2021-05-04 10:02:10 - [TEST_STEP][PASSED] - ctdc.utilities.runtestcaseforKatalon.clickTab("Object Repository/Canine/Filter/PrimDiseaseSite/PRIMARYDISEASESITE_Ddn"): ctdc.utilities.runtestcaseforKatalon.clickTab is PASSED

2021-05-04 10:02:11 - [MESSAGE][PASSED] - ctdc.utilities.runtestcaseforKatalon.clickTab is PASSED

2021-05-04 10:02:11 - [TEST_STEP][PASSED] - waitForElementPresent(findTestObject("Object Repository/Canine/Filter/PrimDiseaseSite/BladderProstate_Chkbx"), 10): Object 'Object Repository/Canine/Filter/PrimDiseaseSite/BladderProstate_Chkbx' is not present after 10 second(s)

2021-05-04 10:02:22 - [MESSAGE][INFO] - Unable to find the element located by 'By.xpath: //*[contains(text(),'Bladder, Prostate')]'. Please recheck the objects properties to make sure the desired element is located. 

2021-05-04 10:02:22 - [MESSAGE][WARNING] - Object 'Object Repository/Canine/Filter/PrimDiseaseSite/BladderProstate_Chkbx' is not present after 10 second(s)

2021-05-04 10:02:22 - [TEST_STEP][PASSED] - ctdc.utilities.runtestcaseforKatalon.clickTab("Object Repository/Canine/Filter/PrimDiseaseSite/BladderProstate_Chkbx"): ctdc.utilities.runtestcaseforKatalon.clickTab is PASSED

2021-05-04 10:02:22 - [MESSAGE][PASSED] - ctdc.utilities.runtestcaseforKatalon.clickTab is PASSED

2021-05-04 10:02:22 - [TEST_STEP][PASSED] - waitForElementPresent(findTestObject("Object Repository/Canine/Filter/PrimDiseaseSite/BladderUrethra_Chkbx"), 10): Object 'Object Repository/Canine/Filter/PrimDiseaseSite/BladderUrethra_Chkbx' is not present after 10 second(s)

2021-05-04 10:02:33 - [MESSAGE][INFO] - Unable to find the element located by 'By.xpath: (//*[contains(text(),'Bladder, Urethra')])[1]'. Please recheck the objects properties to make sure the desired element is located. 

2021-05-04 10:02:33 - [MESSAGE][WARNING] - Object 'Object Repository/Canine/Filter/PrimDiseaseSite/BladderUrethra_Chkbx' is not present after 10 second(s)

2021-05-04 10:02:33 - [TEST_STEP][PASSED] - ctdc.utilities.runtestcaseforKatalon.clickTab("Object Repository/Canine/Filter/PrimDiseaseSite/BladderUrethra_Chkbx"): ctdc.utilities.runtestcaseforKatalon.clickTab is PASSED

2021-05-04 10:02:34 - [MESSAGE][PASSED] - ctdc.utilities.runtestcaseforKatalon.clickTab is PASSED

2021-05-04 10:02:34 - [TEST_STEP][PASSED] - waitForElementPresent(findTestObject("Object Repository/Canine/Filter/PrimDiseaseSite/BladderUrethraProstate_Chkbx"), 10): Object 'Object Repository/Canine/Filter/PrimDiseaseSite/BladderUrethraProstate_Chkbx' is not present after 10 second(s)

2021-05-04 10:02:45 - [MESSAGE][INFO] - Unable to find the element located by 'By.xpath: //*[contains(text(),'Bladder, Urethra, Prostate')]'. Please recheck the objects properties to make sure the desired element is located. 

2021-05-04 10:02:45 - [MESSAGE][WARNING] - Object 'Object Repository/Canine/Filter/PrimDiseaseSite/BladderUrethraProstate_Chkbx' is not present after 10 second(s)

2021-05-04 10:02:45 - [TEST_STEP][PASSED] - ctdc.utilities.runtestcaseforKatalon.clickTab("Object Repository/Canine/Filter/PrimDiseaseSite/BladderUrethraProstate_Chkbx"): ctdc.utilities.runtestcaseforKatalon.clickTab is PASSED

2021-05-04 10:02:45 - [MESSAGE][PASSED] - ctdc.utilities.runtestcaseforKatalon.clickTab is PASSED

2021-05-04 10:02:45 - [TEST_STEP][PASSED] - waitForElementPresent(findTestObject("Object Repository/Canine/Filter/PrimDiseaseSite/UrethraProstate_Chkbx"), 10): Object 'Object Repository/Canine/Filter/PrimDiseaseSite/UrethraProstate_Chkbx' is not present after 10 second(s)

2021-05-04 10:02:57 - [MESSAGE][INFO] - Unable to find the element located by 'By.xpath: (//*[contains(text(),'Urethra, Prostate')])[2]'. Please recheck the objects properties to make sure the desired element is located. 

2021-05-04 10:02:57 - [MESSAGE][WARNING] - Object 'Object Repository/Canine/Filter/PrimDiseaseSite/UrethraProstate_Chkbx' is not present after 10 second(s)

2021-05-04 10:02:57 - [TEST_STEP][PASSED] - ctdc.utilities.runtestcaseforKatalon.clickTab("Object Repository/Canine/Filter/PrimDiseaseSite/UrethraProstate_Chkbx"): ctdc.utilities.runtestcaseforKatalon.clickTab is PASSED

2021-05-04 10:02:57 - [MESSAGE][PASSED] - ctdc.utilities.runtestcaseforKatalon.clickTab is PASSED

2021-05-04 10:02:57 - [TEST_STEP][PASSED] - ctdc.utilities.runtestcaseforKatalon.clickTab("Object Repository/Canine/Filter/PrimDiseaseSite/PRIMARYDISEASESITE_Ddn"): ctdc.utilities.runtestcaseforKatalon.clickTab is PASSED

2021-05-04 10:02:58 - [MESSAGE][PASSED] - ctdc.utilities.runtestcaseforKatalon.clickTab is PASSED

2021-05-04 10:02:58 - [TEST_STEP][PASSED] - waitForElementPresent(findTestObject("Object Repository/Canine/Filter/ResponseToTreatment/RESPONSETOTREATMENT_Ddn"), 10): Object 'Object Repository/Canine/Filter/ResponseToTreatment/RESPONSETOTREATMENT_Ddn' is not present after 10 second(s)

2021-05-04 10:03:09 - [MESSAGE][INFO] - Unable to find the element located by 'By.xpath: (//div[@id='Response to Treatment'])[1]'. Please recheck the objects properties to make sure the desired element is located. 

2021-05-04 10:03:09 - [MESSAGE][WARNING] - Object 'Object Repository/Canine/Filter/ResponseToTreatment/RESPONSETOTREATMENT_Ddn' is not present after 10 second(s)

2021-05-04 10:03:09 - [TEST_STEP][PASSED] - ctdc.utilities.runtestcaseforKatalon.clickTab("Object Repository/Canine/Filter/ResponseToTreatment/RESPONSETOTREATMENT_Ddn"): ctdc.utilities.runtestcaseforKatalon.clickTab is PASSED

2021-05-04 10:03:10 - [MESSAGE][PASSED] - ctdc.utilities.runtestcaseforKatalon.clickTab is PASSED

2021-05-04 10:03:10 - [TEST_STEP][PASSED] - waitForElementPresent(findTestObject("Object Repository/Canine/Filter/ResponseToTreatment/NotDetermined_Chkbx"), 10): Object 'Object Repository/Canine/Filter/ResponseToTreatment/NotDetermined_Chkbx' is not present after 10 second(s)

2021-05-04 10:03:21 - [MESSAGE][INFO] - Unable to find the element located by 'By.xpath: //*[contains(text(),'Not Determined')]'. Please recheck the objects properties to make sure the desired element is located. 

2021-05-04 10:03:21 - [MESSAGE][WARNING] - Object 'Object Repository/Canine/Filter/ResponseToTreatment/NotDetermined_Chkbx' is not present after 10 second(s)

2021-05-04 10:03:21 - [TEST_STEP][PASSED] - ctdc.utilities.runtestcaseforKatalon.clickTab("Object Repository/Canine/Filter/ResponseToTreatment/NotDetermined_Chkbx"): ctdc.utilities.runtestcaseforKatalon.clickTab is PASSED

2021-05-04 10:03:21 - [MESSAGE][PASSED] - ctdc.utilities.runtestcaseforKatalon.clickTab is PASSED

2021-05-04 10:03:21 - [TEST_STEP][PASSED] - waitForElementPresent(findTestObject("Object Repository/Canine/Filter/ResponseToTreatment/StableDisease_Chkbx"), 10): Object 'Object Repository/Canine/Filter/ResponseToTreatment/StableDisease_Chkbx' is not present after 10 second(s)

2021-05-04 10:03:32 - [MESSAGE][INFO] - Unable to find the element located by 'By.xpath: //*[contains(text(),'Stable Disease')]'. Please recheck the objects properties to make sure the desired element is located. 

2021-05-04 10:03:32 - [MESSAGE][WARNING] - Object 'Object Repository/Canine/Filter/ResponseToTreatment/StableDisease_Chkbx' is not present after 10 second(s)

2021-05-04 10:03:32 - [TEST_STEP][PASSED] - ctdc.utilities.runtestcaseforKatalon.clickTab("Object Repository/Canine/Filter/ResponseToTreatment/StableDisease_Chkbx"): ctdc.utilities.runtestcaseforKatalon.clickTab is PASSED

2021-05-04 10:03:33 - [MESSAGE][PASSED] - ctdc.utilities.runtestcaseforKatalon.clickTab is PASSED

2021-05-04 10:03:33 - [TEST_STEP][PASSED] - ctdc.utilities.runtestcaseforKatalon.clickTab("Object Repository/Canine/Filter/ResponseToTreatment/RESPONSETOTREATMENT_Ddn"): ctdc.utilities.runtestcaseforKatalon.clickTab is PASSED

2021-05-04 10:03:33 - [MESSAGE][PASSED] - ctdc.utilities.runtestcaseforKatalon.clickTab is PASSED

2021-05-04 10:03:33 - [TEST_STEP][PASSED] - ctdc.utilities.runtestcaseforKatalon.readStatBarCanine("Object Repository/Canine/StatBar/Canine_StatBar-Studies", "Object Repository/Canine/StatBar/Canine_StatBar-Cases", "Object Repository/Canine/StatBar/Canine_StatBar-Samples", "Object Repository/Canine/StatBar/Canine_StatBar-Files", "Object Repository/Canine/StatBar/Canine_StatBar-Aliquots"): ctdc.utilities.runtestcaseforKatalon.readStatBarCanine is PASSED

2021-05-04 10:03:49 - [MESSAGE][PASSED] - ctdc.utilities.runtestcaseforKatalon.readStatBarCanine is PASSED

2021-05-04 10:03:49 - [TEST_STEP][PASSED] - waitForElementPresent(findTestObject("Object Repository/Canine/CanineResults_Cases_Tab"), 5): Object 'Object Repository/Canine/CanineResults_Cases_Tab' is not present after 5 second(s)

2021-05-04 10:03:55 - [MESSAGE][INFO] - Unable to find the element located by 'By.xpath: //*[@id="case_tab"]'. Please recheck the objects properties to make sure the desired element is located. 

2021-05-04 10:03:55 - [MESSAGE][WARNING] - Object 'Object Repository/Canine/CanineResults_Cases_Tab' is not present after 5 second(s)

2021-05-04 10:03:55 - [TEST_STEP][PASSED] - ctdc.utilities.runtestcaseforKatalon.clickTab("Object Repository/Canine/CanineResults_Cases_Tab"): ctdc.utilities.runtestcaseforKatalon.clickTab is PASSED

2021-05-04 10:03:56 - [MESSAGE][PASSED] - ctdc.utilities.runtestcaseforKatalon.clickTab is PASSED

2021-05-04 10:03:56 - [TEST_STEP][PASSED] - ctdc.utilities.runtestcaseforKatalon.multiFunction("ICDC", G_StatBar_Cases, "Object Repository/Canine/Canine_CasesTable", "Object Repository/Canine/Canine_TableHeader", "Object Repository/Canine/Canine_CasesTabNextBtn", G_WebTabnameCases, G_CypherTabnameCases, G_QueryCasesTab): Statbar Arms count matches

2021-05-04 10:04:18 - [MESSAGE][PASSED] - Statbar Files count matches

2021-05-04 10:04:18 - [MESSAGE][PASSED] - Statbar Samples count matches

2021-05-04 10:04:18 - [MESSAGE][PASSED] - Statbar Cases count matches

2021-05-04 10:04:18 - [MESSAGE][PASSED] - Statbar Arms count matches

2021-05-04 10:04:18 - [TEST_STEP][PASSED] - closeBrowser(): Browser is closed

2021-05-04 10:04:19 - [MESSAGE][PASSED] - Browser is closed]]></system-out>
         <system-err><![CDATA[]]></system-err>
      </testcase>
      <testcase name="Test Cases/Canine_TestCases/Study-Combinations/TC16_Canine_StudyUBC-Breed_Diagnosis_PrimDiseaseSite_RespToTreatmt" time="276.893" classname="Test Cases/Canine_TestCases/Study-Combinations/TC16_Canine_StudyUBC-Breed_Diagnosis_PrimDiseaseSite_RespToTreatmt" status="PASSED">
         <system-out><![CDATA[2021-05-04 10:04:19 - [TEST_CASE][PASSED] - Test Cases/Canine_TestCases/Study-Combinations/TC16_Canine_StudyUBC-Breed_Diagnosis_PrimDiseaseSite_RespToTreatmt: Test Cases/Canine_TestCases/Study-Combinations/TC16_Canine_StudyUBC-Breed_Diagnosis_PrimDiseaseSite_RespToTreatmt

2021-05-04 10:04:20 - [TEST_STEP][PASSED] - closeBrowser(): Browser is closed

2021-05-04 10:04:20 - [MESSAGE][PASSED] - Browser is closed

2021-05-04 10:04:20 - [TEST_STEP][PASSED] - openBrowser(""): Browser is opened with url: ''

2021-05-04 10:04:20 - [MESSAGE][INFO] - Starting 'Chrome (headless)' driver

2021-05-04 10:04:20 - [MESSAGE][INFO] - User set preference: ['args', '[--no-sandbox]']

2021-05-04 10:04:20 - [MESSAGE][INFO] - Action delay is set to 5,000 milliseconds

2021-05-04 10:04:22 - [MESSAGE][PASSED] - Browser is opened with url: ''

2021-05-04 10:04:22 - [TEST_STEP][PASSED] - maximizeWindow(): Current window maximized

2021-05-04 10:04:22 - [MESSAGE][PASSED] - Current window maximized

2021-05-04 10:04:22 - [TEST_STEP][PASSED] - "Driver opened by Katalon is used in Selenium from this step.": null

2021-05-04 10:04:22 - [TEST_STEP][PASSED] - ctdc.utilities.runtestcaseforKatalon.RunKatalon("TC16_Canine_StudyUBC-Breed_Diagnosis_PrimDiseaseSite_RespToTreatmt.xlsx"): Data loaded from input file for the test case. 

2021-05-04 10:04:22 - [MESSAGE][PASSED] - Test case file loaded This is the full filepath after converting to string :C:\Users\radhakrishnang2\Desktop\Commons_Automation\InputFiles\TC16_Canine_StudyUBC-Breed_Diagnosis_PrimDiseaseSite_RespToTreatmt.xlsx

2021-05-04 10:04:22 - [MESSAGE][INFO] - Global variable set for password file is :  C:\Users\radhakrishnang2\Desktop\Commons_Automation\InputFiles\TC16_Canine_StudyUBC-Breed_Diagnosis_PrimDiseaseSite_RespToTreatmt.xlsx

2021-05-04 10:04:22 - [MESSAGE][PASSED] - Data loaded from input file for the test case. 

2021-05-04 10:04:37 - [TEST_STEP][PASSED] - waitForElementPresent(findTestObject("Canine/NavBar/Canine_Cases_Btn"), 10): Object 'Object Repository/Canine/NavBar/Canine_Cases_Btn' is not present after 10 second(s)

2021-05-04 10:04:48 - [MESSAGE][INFO] - Unable to find the element located by 'By.xpath: //a[contains(@href,'cases')]'. Please recheck the objects properties to make sure the desired element is located. 

2021-05-04 10:04:48 - [MESSAGE][WARNING] - Object 'Object Repository/Canine/NavBar/Canine_Cases_Btn' is not present after 10 second(s)

2021-05-04 10:04:48 - [TEST_STEP][PASSED] - ctdc.utilities.runtestcaseforKatalon.clickTab("Canine/NavBar/Canine_Cases_Btn"): ctdc.utilities.runtestcaseforKatalon.clickTab is PASSED

2021-05-04 10:04:48 - [MESSAGE][PASSED] - ctdc.utilities.runtestcaseforKatalon.clickTab is PASSED

2021-05-04 10:04:48 - [TEST_STEP][PASSED] - waitForElementPresent(findTestObject("Object Repository/Canine/Filter/FilterByCases_Facet"), 10): Object 'Object Repository/Canine/Filter/FilterByCases_Facet' is not present after 10 second(s)

2021-05-04 10:05:00 - [MESSAGE][INFO] - Unable to find the element located by 'By.xpath: //*[contains(text(),'Filter By Cases')]'. Please recheck the objects properties to make sure the desired element is located. 

2021-05-04 10:05:00 - [MESSAGE][WARNING] - Object 'Object Repository/Canine/Filter/FilterByCases_Facet' is not present after 10 second(s)

2021-05-04 10:05:00 - [TEST_STEP][PASSED] - ctdc.utilities.runtestcaseforKatalon.clickTab("Object Repository/Canine/Filter/FilterByCases_Facet"): ctdc.utilities.runtestcaseforKatalon.clickTab is PASSED

2021-05-04 10:05:00 - [MESSAGE][PASSED] - ctdc.utilities.runtestcaseforKatalon.clickTab is PASSED

2021-05-04 10:05:00 - [TEST_STEP][PASSED] - waitForElementPresent(findTestObject("Object Repository/Canine/Filter/Study/Canine_Filter_Study"), 10): Object 'Object Repository/Canine/Filter/Study/Canine_Filter_Study' is not present after 10 second(s)

2021-05-04 10:05:11 - [MESSAGE][INFO] - Unable to find the element located by 'By.xpath: //*[@id='Study']'. Please recheck the objects properties to make sure the desired element is located. 

2021-05-04 10:05:11 - [MESSAGE][WARNING] - Object 'Object Repository/Canine/Filter/Study/Canine_Filter_Study' is not present after 10 second(s)

2021-05-04 10:05:11 - [TEST_STEP][PASSED] - ctdc.utilities.runtestcaseforKatalon.clickTab("Object Repository/Canine/Filter/Study/Canine_Filter_Study"): ctdc.utilities.runtestcaseforKatalon.clickTab is PASSED

2021-05-04 10:05:12 - [MESSAGE][PASSED] - ctdc.utilities.runtestcaseforKatalon.clickTab is PASSED

2021-05-04 10:05:12 - [TEST_STEP][PASSED] - waitForElementPresent(findTestObject("Object Repository/Canine/Filter/Study/Canine_Filter_Study-UBC_Chkbx"), 10): Object 'Object Repository/Canine/Filter/Study/Canine_Filter_Study-UBC_Chkbx' is not present after 10 second(s)

2021-05-04 10:05:23 - [MESSAGE][INFO] - Unable to find the element located by 'By.xpath: (//*[contains(text(),'UBC')])[1]'. Please recheck the objects properties to make sure the desired element is located. 

2021-05-04 10:05:23 - [MESSAGE][WARNING] - Object 'Object Repository/Canine/Filter/Study/Canine_Filter_Study-UBC_Chkbx' is not present after 10 second(s)

2021-05-04 10:05:23 - [TEST_STEP][PASSED] - ctdc.utilities.runtestcaseforKatalon.clickTab("Object Repository/Canine/Filter/Study/Canine_Filter_Study-UBC_Chkbx"): ctdc.utilities.runtestcaseforKatalon.clickTab is PASSED

2021-05-04 10:05:23 - [MESSAGE][PASSED] - ctdc.utilities.runtestcaseforKatalon.clickTab is PASSED

2021-05-04 10:05:23 - [TEST_STEP][PASSED] - Thread.sleep(2000): null

2021-05-04 10:05:25 - [TEST_STEP][PASSED] - waitForElementPresent(findTestObject("Object Repository/Canine/Filter/Breed/BREED_Ddn"), 10): Object 'Object Repository/Canine/Filter/Breed/BREED_Ddn' is not present after 10 second(s)

2021-05-04 10:05:37 - [MESSAGE][INFO] - Unable to find the element located by 'By.xpath: //*[@id='Breed']'. Please recheck the objects properties to make sure the desired element is located. 

2021-05-04 10:05:37 - [MESSAGE][WARNING] - Object 'Object Repository/Canine/Filter/Breed/BREED_Ddn' is not present after 10 second(s)

2021-05-04 10:05:37 - [TEST_STEP][PASSED] - ctdc.utilities.runtestcaseforKatalon.clickTab("Object Repository/Canine/Filter/Breed/BREED_Ddn"): ctdc.utilities.runtestcaseforKatalon.clickTab is PASSED

2021-05-04 10:05:37 - [MESSAGE][PASSED] - ctdc.utilities.runtestcaseforKatalon.clickTab is PASSED

2021-05-04 10:05:37 - [TEST_STEP][PASSED] - waitForElementPresent(findTestObject("Object Repository/Canine/Filter/Breed/BelgMalin_Chkbx"), 10): Object 'Object Repository/Canine/Filter/Breed/BelgMalin_Chkbx' is not present after 10 second(s)

2021-05-04 10:05:48 - [MESSAGE][INFO] - Unable to find the element located by 'By.xpath: //*[contains(text(),'Belgian Malinois')]'. Please recheck the objects properties to make sure the desired element is located. 

2021-05-04 10:05:48 - [MESSAGE][WARNING] - Object 'Object Repository/Canine/Filter/Breed/BelgMalin_Chkbx' is not present after 10 second(s)

2021-05-04 10:05:48 - [TEST_STEP][PASSED] - ctdc.utilities.runtestcaseforKatalon.clickTab("Object Repository/Canine/Filter/Breed/BelgMalin_Chkbx"): ctdc.utilities.runtestcaseforKatalon.clickTab is PASSED

2021-05-04 10:05:49 - [MESSAGE][PASSED] - ctdc.utilities.runtestcaseforKatalon.clickTab is PASSED

2021-05-04 10:05:49 - [TEST_STEP][PASSED] - waitForElementPresent(findTestObject("Object Repository/Canine/Filter/Breed/Labrador_Chkbx"), 10): Object 'Object Repository/Canine/Filter/Breed/Labrador_Chkbx' is not present after 10 second(s)

2021-05-04 10:06:00 - [MESSAGE][INFO] - Unable to find the element located by 'By.xpath: //*[contains(text(),'Labrador Retriever')]'. Please recheck the objects properties to make sure the desired element is located. 

2021-05-04 10:06:00 - [MESSAGE][WARNING] - Object 'Object Repository/Canine/Filter/Breed/Labrador_Chkbx' is not present after 10 second(s)

2021-05-04 10:06:00 - [TEST_STEP][PASSED] - ctdc.utilities.runtestcaseforKatalon.clickTab("Object Repository/Canine/Filter/Breed/Labrador_Chkbx"): ctdc.utilities.runtestcaseforKatalon.clickTab is PASSED

2021-05-04 10:06:00 - [MESSAGE][PASSED] - ctdc.utilities.runtestcaseforKatalon.clickTab is PASSED

2021-05-04 10:06:00 - [TEST_STEP][PASSED] - waitForElementPresent(findTestObject("Object Repository/Canine/Filter/Breed/WestHland_Chkbx"), 10): Object 'Object Repository/Canine/Filter/Breed/WestHland_Chkbx' is not present after 10 second(s)

2021-05-04 10:06:12 - [MESSAGE][INFO] - Unable to find the element located by 'By.xpath: //*[contains(text(),'West Highland White Terrier')]'. Please recheck the objects properties to make sure the desired element is located. 

2021-05-04 10:06:12 - [MESSAGE][WARNING] - Object 'Object Repository/Canine/Filter/Breed/WestHland_Chkbx' is not present after 10 second(s)

2021-05-04 10:06:12 - [TEST_STEP][PASSED] - ctdc.utilities.runtestcaseforKatalon.clickTab("Object Repository/Canine/Filter/Breed/WestHland_Chkbx"): ctdc.utilities.runtestcaseforKatalon.clickTab is PASSED

2021-05-04 10:06:12 - [MESSAGE][PASSED] - ctdc.utilities.runtestcaseforKatalon.clickTab is PASSED

2021-05-04 10:06:12 - [TEST_STEP][PASSED] - ctdc.utilities.runtestcaseforKatalon.clickTab("Object Repository/Canine/Filter/Breed/BREED_Ddn"): ctdc.utilities.runtestcaseforKatalon.clickTab is PASSED

2021-05-04 10:06:12 - [MESSAGE][PASSED] - ctdc.utilities.runtestcaseforKatalon.clickTab is PASSED

2021-05-04 10:06:12 - [TEST_STEP][PASSED] - waitForElementPresent(findTestObject("Object Repository/Canine/Filter/Diagnosis/DIAGNOSIS_Ddn"), 10): Object 'Object Repository/Canine/Filter/Diagnosis/DIAGNOSIS_Ddn' is not present after 10 second(s)

2021-05-04 10:06:24 - [MESSAGE][INFO] - Unable to find the element located by 'By.xpath: (//*[@id='Diagnosis'])[1]'. Please recheck the objects properties to make sure the desired element is located. 

2021-05-04 10:06:24 - [MESSAGE][WARNING] - Object 'Object Repository/Canine/Filter/Diagnosis/DIAGNOSIS_Ddn' is not present after 10 second(s)

2021-05-04 10:06:24 - [TEST_STEP][PASSED] - ctdc.utilities.runtestcaseforKatalon.clickTab("Object Repository/Canine/Filter/Diagnosis/DIAGNOSIS_Ddn"): ctdc.utilities.runtestcaseforKatalon.clickTab is PASSED

2021-05-04 10:06:24 - [MESSAGE][PASSED] - ctdc.utilities.runtestcaseforKatalon.clickTab is PASSED

2021-05-04 10:06:24 - [TEST_STEP][PASSED] - waitForElementPresent(findTestObject("Object Repository/Canine/Filter/Diagnosis/BladderCancer_Chkbx"), 10): Object 'Object Repository/Canine/Filter/Diagnosis/BladderCancer_Chkbx' is not present after 10 second(s)

2021-05-04 10:06:35 - [MESSAGE][INFO] - Unable to find the element located by 'By.xpath: //*[contains(text(),'Bladder Cancer')]'. Please recheck the objects properties to make sure the desired element is located. 

2021-05-04 10:06:35 - [MESSAGE][WARNING] - Object 'Object Repository/Canine/Filter/Diagnosis/BladderCancer_Chkbx' is not present after 10 second(s)

2021-05-04 10:06:35 - [TEST_STEP][PASSED] - ctdc.utilities.runtestcaseforKatalon.clickTab("Object Repository/Canine/Filter/Diagnosis/BladderCancer_Chkbx"): ctdc.utilities.runtestcaseforKatalon.clickTab is PASSED

2021-05-04 10:06:36 - [MESSAGE][PASSED] - ctdc.utilities.runtestcaseforKatalon.clickTab is PASSED

2021-05-04 10:06:36 - [TEST_STEP][PASSED] - ctdc.utilities.runtestcaseforKatalon.clickTab("Object Repository/Canine/Filter/Diagnosis/DIAGNOSIS_Ddn"): ctdc.utilities.runtestcaseforKatalon.clickTab is PASSED

2021-05-04 10:06:37 - [MESSAGE][PASSED] - ctdc.utilities.runtestcaseforKatalon.clickTab is PASSED

2021-05-04 10:06:37 - [TEST_STEP][PASSED] - waitForElementPresent(findTestObject("Object Repository/Canine/Filter/PrimDiseaseSite/PRIMARYDISEASESITE_Ddn"), 10): Object 'Object Repository/Canine/Filter/PrimDiseaseSite/PRIMARYDISEASESITE_Ddn' is not present after 10 second(s)

2021-05-04 10:06:48 - [MESSAGE][INFO] - Unable to find the element located by 'By.xpath: //*[@id='Primary Disease Site']'. Please recheck the objects properties to make sure the desired element is located. 

2021-05-04 10:06:48 - [MESSAGE][WARNING] - Object 'Object Repository/Canine/Filter/PrimDiseaseSite/PRIMARYDISEASESITE_Ddn' is not present after 10 second(s)

2021-05-04 10:06:48 - [TEST_STEP][PASSED] - ctdc.utilities.runtestcaseforKatalon.clickTab("Object Repository/Canine/Filter/PrimDiseaseSite/PRIMARYDISEASESITE_Ddn"): ctdc.utilities.runtestcaseforKatalon.clickTab is PASSED

2021-05-04 10:06:48 - [MESSAGE][PASSED] - ctdc.utilities.runtestcaseforKatalon.clickTab is PASSED

2021-05-04 10:06:48 - [TEST_STEP][PASSED] - waitForElementPresent(findTestObject("Object Repository/Canine/Filter/PrimDiseaseSite/BladderProstate_Chkbx"), 10): Object 'Object Repository/Canine/Filter/PrimDiseaseSite/BladderProstate_Chkbx' is not present after 10 second(s)

2021-05-04 10:07:00 - [MESSAGE][INFO] - Unable to find the element located by 'By.xpath: //*[contains(text(),'Bladder, Prostate')]'. Please recheck the objects properties to make sure the desired element is located. 

2021-05-04 10:07:00 - [MESSAGE][WARNING] - Object 'Object Repository/Canine/Filter/PrimDiseaseSite/BladderProstate_Chkbx' is not present after 10 second(s)

2021-05-04 10:07:00 - [TEST_STEP][PASSED] - ctdc.utilities.runtestcaseforKatalon.clickTab("Object Repository/Canine/Filter/PrimDiseaseSite/BladderProstate_Chkbx"): ctdc.utilities.runtestcaseforKatalon.clickTab is PASSED

2021-05-04 10:07:00 - [MESSAGE][PASSED] - ctdc.utilities.runtestcaseforKatalon.clickTab is PASSED

2021-05-04 10:07:00 - [TEST_STEP][PASSED] - waitForElementPresent(findTestObject("Object Repository/Canine/Filter/PrimDiseaseSite/BladderUrethra_Chkbx"), 10): Object 'Object Repository/Canine/Filter/PrimDiseaseSite/BladderUrethra_Chkbx' is not present after 10 second(s)

2021-05-04 10:07:11 - [MESSAGE][INFO] - Unable to find the element located by 'By.xpath: (//*[contains(text(),'Bladder, Urethra')])[1]'. Please recheck the objects properties to make sure the desired element is located. 

2021-05-04 10:07:11 - [MESSAGE][WARNING] - Object 'Object Repository/Canine/Filter/PrimDiseaseSite/BladderUrethra_Chkbx' is not present after 10 second(s)

2021-05-04 10:07:11 - [TEST_STEP][PASSED] - ctdc.utilities.runtestcaseforKatalon.clickTab("Object Repository/Canine/Filter/PrimDiseaseSite/BladderUrethra_Chkbx"): ctdc.utilities.runtestcaseforKatalon.clickTab is PASSED

2021-05-04 10:07:12 - [MESSAGE][PASSED] - ctdc.utilities.runtestcaseforKatalon.clickTab is PASSED

2021-05-04 10:07:12 - [TEST_STEP][PASSED] - waitForElementPresent(findTestObject("Object Repository/Canine/Filter/PrimDiseaseSite/BladderUrethraProstate_Chkbx"), 10): Object 'Object Repository/Canine/Filter/PrimDiseaseSite/BladderUrethraProstate_Chkbx' is not present after 10 second(s)

2021-05-04 10:07:23 - [MESSAGE][INFO] - Unable to find the element located by 'By.xpath: //*[contains(text(),'Bladder, Urethra, Prostate')]'. Please recheck the objects properties to make sure the desired element is located. 

2021-05-04 10:07:23 - [MESSAGE][WARNING] - Object 'Object Repository/Canine/Filter/PrimDiseaseSite/BladderUrethraProstate_Chkbx' is not present after 10 second(s)

2021-05-04 10:07:23 - [TEST_STEP][PASSED] - ctdc.utilities.runtestcaseforKatalon.clickTab("Object Repository/Canine/Filter/PrimDiseaseSite/BladderUrethraProstate_Chkbx"): ctdc.utilities.runtestcaseforKatalon.clickTab is PASSED

2021-05-04 10:07:24 - [MESSAGE][PASSED] - ctdc.utilities.runtestcaseforKatalon.clickTab is PASSED

2021-05-04 10:07:24 - [TEST_STEP][PASSED] - waitForElementPresent(findTestObject("Object Repository/Canine/Filter/PrimDiseaseSite/UrethraProstate_Chkbx"), 10): Object 'Object Repository/Canine/Filter/PrimDiseaseSite/UrethraProstate_Chkbx' is not present after 10 second(s)

2021-05-04 10:07:35 - [MESSAGE][INFO] - Unable to find the element located by 'By.xpath: (//*[contains(text(),'Urethra, Prostate')])[2]'. Please recheck the objects properties to make sure the desired element is located. 

2021-05-04 10:07:35 - [MESSAGE][WARNING] - Object 'Object Repository/Canine/Filter/PrimDiseaseSite/UrethraProstate_Chkbx' is not present after 10 second(s)

2021-05-04 10:07:35 - [TEST_STEP][PASSED] - ctdc.utilities.runtestcaseforKatalon.clickTab("Object Repository/Canine/Filter/PrimDiseaseSite/UrethraProstate_Chkbx"): ctdc.utilities.runtestcaseforKatalon.clickTab is PASSED

2021-05-04 10:07:35 - [MESSAGE][PASSED] - ctdc.utilities.runtestcaseforKatalon.clickTab is PASSED

2021-05-04 10:07:35 - [TEST_STEP][PASSED] - ctdc.utilities.runtestcaseforKatalon.clickTab("Object Repository/Canine/Filter/PrimDiseaseSite/PRIMARYDISEASESITE_Ddn"): ctdc.utilities.runtestcaseforKatalon.clickTab is PASSED

2021-05-04 10:07:36 - [MESSAGE][PASSED] - ctdc.utilities.runtestcaseforKatalon.clickTab is PASSED

2021-05-04 10:07:36 - [TEST_STEP][PASSED] - waitForElementPresent(findTestObject("Object Repository/Canine/Filter/ResponseToTreatment/RESPONSETOTREATMENT_Ddn"), 10): Object 'Object Repository/Canine/Filter/ResponseToTreatment/RESPONSETOTREATMENT_Ddn' is not present after 10 second(s)

2021-05-04 10:07:47 - [MESSAGE][INFO] - Unable to find the element located by 'By.xpath: (//div[@id='Response to Treatment'])[1]'. Please recheck the objects properties to make sure the desired element is located. 

2021-05-04 10:07:47 - [MESSAGE][WARNING] - Object 'Object Repository/Canine/Filter/ResponseToTreatment/RESPONSETOTREATMENT_Ddn' is not present after 10 second(s)

2021-05-04 10:07:47 - [TEST_STEP][PASSED] - ctdc.utilities.runtestcaseforKatalon.clickTab("Object Repository/Canine/Filter/ResponseToTreatment/RESPONSETOTREATMENT_Ddn"): ctdc.utilities.runtestcaseforKatalon.clickTab is PASSED

2021-05-04 10:07:47 - [MESSAGE][PASSED] - ctdc.utilities.runtestcaseforKatalon.clickTab is PASSED

2021-05-04 10:07:47 - [TEST_STEP][PASSED] - waitForElementPresent(findTestObject("Object Repository/Canine/Filter/ResponseToTreatment/PartialResponse_Chkbx"), 10): Object 'Object Repository/Canine/Filter/ResponseToTreatment/PartialResponse_Chkbx' is not present after 10 second(s)

2021-05-04 10:07:58 - [MESSAGE][INFO] - Unable to find the element located by 'By.xpath: //*[contains(text(),'Partial Response')]'. Please recheck the objects properties to make sure the desired element is located. 

2021-05-04 10:07:58 - [MESSAGE][WARNING] - Object 'Object Repository/Canine/Filter/ResponseToTreatment/PartialResponse_Chkbx' is not present after 10 second(s)

2021-05-04 10:07:58 - [TEST_STEP][PASSED] - ctdc.utilities.runtestcaseforKatalon.clickTab("Object Repository/Canine/Filter/ResponseToTreatment/PartialResponse_Chkbx"): ctdc.utilities.runtestcaseforKatalon.clickTab is PASSED

2021-05-04 10:07:59 - [MESSAGE][PASSED] - ctdc.utilities.runtestcaseforKatalon.clickTab is PASSED

2021-05-04 10:07:59 - [TEST_STEP][PASSED] - waitForElementPresent(findTestObject("Object Repository/Canine/Filter/ResponseToTreatment/ProgrDisease_Chkbx"), 10): Object 'Object Repository/Canine/Filter/ResponseToTreatment/ProgrDisease_Chkbx' is not present after 10 second(s)

2021-05-04 10:08:10 - [MESSAGE][INFO] - Unable to find the element located by 'By.xpath: //*[contains(text(),'Progressive Disease')]'. Please recheck the objects properties to make sure the desired element is located. 

2021-05-04 10:08:10 - [MESSAGE][WARNING] - Object 'Object Repository/Canine/Filter/ResponseToTreatment/ProgrDisease_Chkbx' is not present after 10 second(s)

2021-05-04 10:08:10 - [TEST_STEP][PASSED] - ctdc.utilities.runtestcaseforKatalon.clickTab("Object Repository/Canine/Filter/ResponseToTreatment/ProgrDisease_Chkbx"): ctdc.utilities.runtestcaseforKatalon.clickTab is PASSED

2021-05-04 10:08:10 - [MESSAGE][PASSED] - ctdc.utilities.runtestcaseforKatalon.clickTab is PASSED

2021-05-04 10:08:10 - [TEST_STEP][PASSED] - ctdc.utilities.runtestcaseforKatalon.clickTab("Object Repository/Canine/Filter/ResponseToTreatment/RESPONSETOTREATMENT_Ddn"): ctdc.utilities.runtestcaseforKatalon.clickTab is PASSED

2021-05-04 10:08:11 - [MESSAGE][PASSED] - ctdc.utilities.runtestcaseforKatalon.clickTab is PASSED

2021-05-04 10:08:11 - [TEST_STEP][PASSED] - ctdc.utilities.runtestcaseforKatalon.readStatBarCanine("Object Repository/Canine/StatBar/Canine_StatBar-Studies", "Object Repository/Canine/StatBar/Canine_StatBar-Cases", "Object Repository/Canine/StatBar/Canine_StatBar-Samples", "Object Repository/Canine/StatBar/Canine_StatBar-Files", "Object Repository/Canine/StatBar/Canine_StatBar-Aliquots"): ctdc.utilities.runtestcaseforKatalon.readStatBarCanine is PASSED

2021-05-04 10:08:27 - [MESSAGE][PASSED] - ctdc.utilities.runtestcaseforKatalon.readStatBarCanine is PASSED

2021-05-04 10:08:27 - [TEST_STEP][PASSED] - waitForElementPresent(findTestObject("Object Repository/Canine/CanineResults_Cases_Tab"), 5): Object 'Object Repository/Canine/CanineResults_Cases_Tab' is not present after 5 second(s)

2021-05-04 10:08:33 - [MESSAGE][INFO] - Unable to find the element located by 'By.xpath: //*[@id="case_tab"]'. Please recheck the objects properties to make sure the desired element is located. 

2021-05-04 10:08:33 - [MESSAGE][WARNING] - Object 'Object Repository/Canine/CanineResults_Cases_Tab' is not present after 5 second(s)

2021-05-04 10:08:33 - [TEST_STEP][PASSED] - ctdc.utilities.runtestcaseforKatalon.clickTab("Object Repository/Canine/CanineResults_Cases_Tab"): ctdc.utilities.runtestcaseforKatalon.clickTab is PASSED

2021-05-04 10:08:34 - [MESSAGE][PASSED] - ctdc.utilities.runtestcaseforKatalon.clickTab is PASSED

2021-05-04 10:08:34 - [TEST_STEP][PASSED] - ctdc.utilities.runtestcaseforKatalon.multiFunction("ICDC", G_StatBar_Cases, "Object Repository/Canine/Canine_CasesTable", "Object Repository/Canine/Canine_TableHeader", "Object Repository/Canine/Canine_CasesTabNextBtn", G_WebTabnameCases, G_CypherTabnameCases, G_QueryCasesTab): Statbar Arms count matches

2021-05-04 10:08:55 - [MESSAGE][PASSED] - Statbar Files count matches

2021-05-04 10:08:55 - [MESSAGE][PASSED] - Statbar Samples count matches

2021-05-04 10:08:55 - [MESSAGE][PASSED] - Statbar Cases count matches

2021-05-04 10:08:55 - [MESSAGE][PASSED] - Statbar Arms count matches

2021-05-04 10:08:55 - [TEST_STEP][PASSED] - closeBrowser(): Browser is closed

2021-05-04 10:08:56 - [MESSAGE][PASSED] - Browser is closed]]></system-out>
         <system-err><![CDATA[]]></system-err>
      </testcase>
      <testcase name="Test Cases/Canine_TestCases/Study-Combinations/TC17_Canine_StudyUBC-Breed_Diagnosis_PrimDiseaseSite_RespToTreatmt" time="273.46" classname="Test Cases/Canine_TestCases/Study-Combinations/TC17_Canine_StudyUBC-Breed_Diagnosis_PrimDiseaseSite_RespToTreatmt" status="FAILED">
         <failure type="FAILED" message="Test Cases/Canine_TestCases/Study-Combinations/TC17_Canine_StudyUBC-Breed_Diagnosis_PrimDiseaseSite_RespToTreatmt FAILED.
Reason:
com.kms.katalon.core.exception.StepFailedException: Mismatch in Stat Bar Files count
	at com.kms.katalon.core.util.KeywordUtil.markFailed(KeywordUtil.java:19)
	at com.kms.katalon.core.util.KeywordUtil$markFailed$1.call(Unknown Source)
	at ctdc.utilities.runtestcaseforKatalon.validateStatBar(runtestcaseforKatalon.groovy:923)
	at ctdc.utilities.runtestcaseforKatalon.multiFunction(runtestcaseforKatalon.groovy:251)
	at ctdc.utilities.runtestcaseforKatalon.invokeMethod(runtestcaseforKatalon.groovy)
	at com.kms.katalon.core.main.CustomKeywordDelegatingMetaClass.invokeStaticMethod(CustomKeywordDelegatingMetaClass.java:50)
	at TC17_Canine_StudyUBC-Breed_Diagnosis_PrimDiseaseSite_RespToTreatmt.run(TC17_Canine_StudyUBC-Breed_Diagnosis_PrimDiseaseSite_RespToTreatmt:105)
	at com.kms.katalon.core.main.ScriptEngine.run(ScriptEngine.java:194)
	at com.kms.katalon.core.main.ScriptEngine.runScriptAsRawText(ScriptEngine.java:119)
	at com.kms.katalon.core.main.TestCaseExecutor.runScript(TestCaseExecutor.java:339)
	at com.kms.katalon.core.main.TestCaseExecutor.doExecute(TestCaseExecutor.java:330)
	at com.kms.katalon.core.main.TestCaseExecutor.processExecutionPhase(TestCaseExecutor.java:309)
	at com.kms.katalon.core.main.TestCaseExecutor.accessMainPhase(TestCaseExecutor.java:301)
	at com.kms.katalon.core.main.TestCaseExecutor.execute(TestCaseExecutor.java:235)
	at com.kms.katalon.core.main.TestSuiteExecutor.accessTestCaseMainPhase(TestSuiteExecutor.java:191)
	at com.kms.katalon.core.main.TestSuiteExecutor.accessTestSuiteMainPhase(TestSuiteExecutor.java:141)
	at com.kms.katalon.core.main.TestSuiteExecutor.execute(TestSuiteExecutor.java:90)
	at com.kms.katalon.core.main.TestCaseMain.startTestSuite(TestCaseMain.java:157)
	at com.kms.katalon.core.main.TestCaseMain$startTestSuite$0.call(Unknown Source)
	at TempTestSuite1620143885222.run(TempTestSuite1620143885222.groovy:39)
"/>
         <system-out><![CDATA[2021-05-04 10:08:56 - [TEST_CASE][FAILED] - Test Cases/Canine_TestCases/Study-Combinations/TC17_Canine_StudyUBC-Breed_Diagnosis_PrimDiseaseSite_RespToTreatmt: Test Cases/Canine_TestCases/Study-Combinations/TC17_Canine_StudyUBC-Breed_Diagnosis_PrimDiseaseSite_RespToTreatmt FAILED.
Reason:
com.kms.katalon.core.exception.StepFailedException: Mismatch in Stat Bar Files count
	at com.kms.katalon.core.util.KeywordUtil.markFailed(KeywordUtil.java:19)
	at com.kms.katalon.core.util.KeywordUtil$markFailed$1.call(Unknown Source)
	at ctdc.utilities.runtestcaseforKatalon.validateStatBar(runtestcaseforKatalon.groovy:923)
	at ctdc.utilities.runtestcaseforKatalon.multiFunction(runtestcaseforKatalon.groovy:251)
	at ctdc.utilities.runtestcaseforKatalon.invokeMethod(runtestcaseforKatalon.groovy)
	at com.kms.katalon.core.main.CustomKeywordDelegatingMetaClass.invokeStaticMethod(CustomKeywordDelegatingMetaClass.java:50)
	at TC17_Canine_StudyUBC-Breed_Diagnosis_PrimDiseaseSite_RespToTreatmt.run(TC17_Canine_StudyUBC-Breed_Diagnosis_PrimDiseaseSite_RespToTreatmt:105)
	at com.kms.katalon.core.main.ScriptEngine.run(ScriptEngine.java:194)
	at com.kms.katalon.core.main.ScriptEngine.runScriptAsRawText(ScriptEngine.java:119)
	at com.kms.katalon.core.main.TestCaseExecutor.runScript(TestCaseExecutor.java:339)
	at com.kms.katalon.core.main.TestCaseExecutor.doExecute(TestCaseExecutor.java:330)
	at com.kms.katalon.core.main.TestCaseExecutor.processExecutionPhase(TestCaseExecutor.java:309)
	at com.kms.katalon.core.main.TestCaseExecutor.accessMainPhase(TestCaseExecutor.java:301)
	at com.kms.katalon.core.main.TestCaseExecutor.execute(TestCaseExecutor.java:235)
	at com.kms.katalon.core.main.TestSuiteExecutor.accessTestCaseMainPhase(TestSuiteExecutor.java:191)
	at com.kms.katalon.core.main.TestSuiteExecutor.accessTestSuiteMainPhase(TestSuiteExecutor.java:141)
	at com.kms.katalon.core.main.TestSuiteExecutor.execute(TestSuiteExecutor.java:90)
	at com.kms.katalon.core.main.TestCaseMain.startTestSuite(TestCaseMain.java:157)
	at com.kms.katalon.core.main.TestCaseMain$startTestSuite$0.call(Unknown Source)
	at TempTestSuite1620143885222.run(TempTestSuite1620143885222.groovy:39)


2021-05-04 10:08:57 - [TEST_STEP][PASSED] - closeBrowser(): Browser is closed

2021-05-04 10:08:57 - [MESSAGE][PASSED] - Browser is closed

2021-05-04 10:08:57 - [TEST_STEP][PASSED] - openBrowser(""): Browser is opened with url: ''

2021-05-04 10:08:57 - [MESSAGE][INFO] - Starting 'Chrome (headless)' driver

2021-05-04 10:08:57 - [MESSAGE][INFO] - User set preference: ['args', '[--no-sandbox]']

2021-05-04 10:08:57 - [MESSAGE][INFO] - Action delay is set to 5,000 milliseconds

2021-05-04 10:09:00 - [MESSAGE][PASSED] - Browser is opened with url: ''

2021-05-04 10:09:00 - [TEST_STEP][PASSED] - maximizeWindow(): Current window maximized

2021-05-04 10:09:00 - [MESSAGE][PASSED] - Current window maximized

2021-05-04 10:09:00 - [TEST_STEP][PASSED] - "Driver opened by Katalon is used in Selenium from this step.": null

2021-05-04 10:09:00 - [TEST_STEP][PASSED] - ctdc.utilities.runtestcaseforKatalon.RunKatalon("TC17_Canine_StudyUBC-Breed_Diagnosis_PrimDiseaseSite_RespToTreatmt.xlsx"): Data loaded from input file for the test case. 

2021-05-04 10:09:00 - [MESSAGE][PASSED] - Test case file loaded This is the full filepath after converting to string :C:\Users\radhakrishnang2\Desktop\Commons_Automation\InputFiles\TC17_Canine_StudyUBC-Breed_Diagnosis_PrimDiseaseSite_RespToTreatmt.xlsx

2021-05-04 10:09:00 - [MESSAGE][INFO] - Global variable set for password file is :  C:\Users\radhakrishnang2\Desktop\Commons_Automation\InputFiles\TC17_Canine_StudyUBC-Breed_Diagnosis_PrimDiseaseSite_RespToTreatmt.xlsx

2021-05-04 10:09:00 - [MESSAGE][PASSED] - Data loaded from input file for the test case. 

2021-05-04 10:09:18 - [TEST_STEP][PASSED] - waitForElementPresent(findTestObject("Canine/NavBar/Canine_Cases_Btn"), 10): Object 'Object Repository/Canine/NavBar/Canine_Cases_Btn' is not present after 10 second(s)

2021-05-04 10:09:29 - [MESSAGE][INFO] - Unable to find the element located by 'By.xpath: //a[contains(@href,'cases')]'. Please recheck the objects properties to make sure the desired element is located. 

2021-05-04 10:09:29 - [MESSAGE][WARNING] - Object 'Object Repository/Canine/NavBar/Canine_Cases_Btn' is not present after 10 second(s)

2021-05-04 10:09:29 - [TEST_STEP][PASSED] - ctdc.utilities.runtestcaseforKatalon.clickTab("Canine/NavBar/Canine_Cases_Btn"): ctdc.utilities.runtestcaseforKatalon.clickTab is PASSED

2021-05-04 10:09:30 - [MESSAGE][PASSED] - ctdc.utilities.runtestcaseforKatalon.clickTab is PASSED

2021-05-04 10:09:30 - [TEST_STEP][PASSED] - waitForElementPresent(findTestObject("Object Repository/Canine/Filter/FilterByCases_Facet"), 10): Object 'Object Repository/Canine/Filter/FilterByCases_Facet' is not present after 10 second(s)

2021-05-04 10:09:41 - [MESSAGE][INFO] - Unable to find the element located by 'By.xpath: //*[contains(text(),'Filter By Cases')]'. Please recheck the objects properties to make sure the desired element is located. 

2021-05-04 10:09:41 - [MESSAGE][WARNING] - Object 'Object Repository/Canine/Filter/FilterByCases_Facet' is not present after 10 second(s)

2021-05-04 10:09:41 - [TEST_STEP][PASSED] - ctdc.utilities.runtestcaseforKatalon.clickTab("Object Repository/Canine/Filter/FilterByCases_Facet"): ctdc.utilities.runtestcaseforKatalon.clickTab is PASSED

2021-05-04 10:09:41 - [MESSAGE][PASSED] - ctdc.utilities.runtestcaseforKatalon.clickTab is PASSED

2021-05-04 10:09:41 - [TEST_STEP][PASSED] - waitForElementPresent(findTestObject("Object Repository/Canine/Filter/Study/Canine_Filter_Study"), 10): Object 'Object Repository/Canine/Filter/Study/Canine_Filter_Study' is not present after 10 second(s)

2021-05-04 10:09:53 - [MESSAGE][INFO] - Unable to find the element located by 'By.xpath: //*[@id='Study']'. Please recheck the objects properties to make sure the desired element is located. 

2021-05-04 10:09:53 - [MESSAGE][WARNING] - Object 'Object Repository/Canine/Filter/Study/Canine_Filter_Study' is not present after 10 second(s)

2021-05-04 10:09:53 - [TEST_STEP][PASSED] - ctdc.utilities.runtestcaseforKatalon.clickTab("Object Repository/Canine/Filter/Study/Canine_Filter_Study"): ctdc.utilities.runtestcaseforKatalon.clickTab is PASSED

2021-05-04 10:09:53 - [MESSAGE][PASSED] - ctdc.utilities.runtestcaseforKatalon.clickTab is PASSED

2021-05-04 10:09:53 - [TEST_STEP][PASSED] - waitForElementPresent(findTestObject("Object Repository/Canine/Filter/Study/Canine_Filter_Study-UBC_Chkbx"), 10): Object 'Object Repository/Canine/Filter/Study/Canine_Filter_Study-UBC_Chkbx' is not present after 10 second(s)

2021-05-04 10:10:04 - [MESSAGE][INFO] - Unable to find the element located by 'By.xpath: (//*[contains(text(),'UBC')])[1]'. Please recheck the objects properties to make sure the desired element is located. 

2021-05-04 10:10:04 - [MESSAGE][WARNING] - Object 'Object Repository/Canine/Filter/Study/Canine_Filter_Study-UBC_Chkbx' is not present after 10 second(s)

2021-05-04 10:10:04 - [TEST_STEP][PASSED] - ctdc.utilities.runtestcaseforKatalon.clickTab("Object Repository/Canine/Filter/Study/Canine_Filter_Study-UBC_Chkbx"): ctdc.utilities.runtestcaseforKatalon.clickTab is PASSED

2021-05-04 10:10:05 - [MESSAGE][PASSED] - ctdc.utilities.runtestcaseforKatalon.clickTab is PASSED

2021-05-04 10:10:05 - [TEST_STEP][PASSED] - Thread.sleep(2000): null

2021-05-04 10:10:07 - [TEST_STEP][PASSED] - waitForElementPresent(findTestObject("Object Repository/Canine/Filter/Breed/BREED_Ddn"), 10): Object 'Object Repository/Canine/Filter/Breed/BREED_Ddn' is not present after 10 second(s)

2021-05-04 10:10:18 - [MESSAGE][INFO] - Unable to find the element located by 'By.xpath: //*[@id='Breed']'. Please recheck the objects properties to make sure the desired element is located. 

2021-05-04 10:10:18 - [MESSAGE][WARNING] - Object 'Object Repository/Canine/Filter/Breed/BREED_Ddn' is not present after 10 second(s)

2021-05-04 10:10:18 - [TEST_STEP][PASSED] - ctdc.utilities.runtestcaseforKatalon.clickTab("Object Repository/Canine/Filter/Breed/BREED_Ddn"): ctdc.utilities.runtestcaseforKatalon.clickTab is PASSED

2021-05-04 10:10:19 - [MESSAGE][PASSED] - ctdc.utilities.runtestcaseforKatalon.clickTab is PASSED

2021-05-04 10:10:19 - [TEST_STEP][PASSED] - waitForElementPresent(findTestObject("Object Repository/Canine/Filter/Breed/BelgMalin_Chkbx"), 10): Object 'Object Repository/Canine/Filter/Breed/BelgMalin_Chkbx' is not present after 10 second(s)

2021-05-04 10:10:30 - [MESSAGE][INFO] - Unable to find the element located by 'By.xpath: //*[contains(text(),'Belgian Malinois')]'. Please recheck the objects properties to make sure the desired element is located. 

2021-05-04 10:10:30 - [MESSAGE][WARNING] - Object 'Object Repository/Canine/Filter/Breed/BelgMalin_Chkbx' is not present after 10 second(s)

2021-05-04 10:10:30 - [TEST_STEP][PASSED] - ctdc.utilities.runtestcaseforKatalon.clickTab("Object Repository/Canine/Filter/Breed/BelgMalin_Chkbx"): ctdc.utilities.runtestcaseforKatalon.clickTab is PASSED

2021-05-04 10:10:31 - [MESSAGE][PASSED] - ctdc.utilities.runtestcaseforKatalon.clickTab is PASSED

2021-05-04 10:10:31 - [TEST_STEP][PASSED] - waitForElementPresent(findTestObject("Object Repository/Canine/Filter/Breed/Labrador_Chkbx"), 10): Object 'Object Repository/Canine/Filter/Breed/Labrador_Chkbx' is not present after 10 second(s)

2021-05-04 10:10:42 - [MESSAGE][INFO] - Unable to find the element located by 'By.xpath: //*[contains(text(),'Labrador Retriever')]'. Please recheck the objects properties to make sure the desired element is located. 

2021-05-04 10:10:42 - [MESSAGE][WARNING] - Object 'Object Repository/Canine/Filter/Breed/Labrador_Chkbx' is not present after 10 second(s)

2021-05-04 10:10:42 - [TEST_STEP][PASSED] - ctdc.utilities.runtestcaseforKatalon.clickTab("Object Repository/Canine/Filter/Breed/Labrador_Chkbx"): ctdc.utilities.runtestcaseforKatalon.clickTab is PASSED

2021-05-04 10:10:43 - [MESSAGE][PASSED] - ctdc.utilities.runtestcaseforKatalon.clickTab is PASSED

2021-05-04 10:10:43 - [TEST_STEP][PASSED] - waitForElementPresent(findTestObject("Object Repository/Canine/Filter/Breed/WestHland_Chkbx"), 10): Object 'Object Repository/Canine/Filter/Breed/WestHland_Chkbx' is not present after 10 second(s)

2021-05-04 10:10:54 - [MESSAGE][INFO] - Unable to find the element located by 'By.xpath: //*[contains(text(),'West Highland White Terrier')]'. Please recheck the objects properties to make sure the desired element is located. 

2021-05-04 10:10:54 - [MESSAGE][WARNING] - Object 'Object Repository/Canine/Filter/Breed/WestHland_Chkbx' is not present after 10 second(s)

2021-05-04 10:10:54 - [TEST_STEP][PASSED] - ctdc.utilities.runtestcaseforKatalon.clickTab("Object Repository/Canine/Filter/Breed/WestHland_Chkbx"): ctdc.utilities.runtestcaseforKatalon.clickTab is PASSED

2021-05-04 10:10:55 - [MESSAGE][PASSED] - ctdc.utilities.runtestcaseforKatalon.clickTab is PASSED

2021-05-04 10:10:55 - [TEST_STEP][PASSED] - ctdc.utilities.runtestcaseforKatalon.clickTab("Object Repository/Canine/Filter/Breed/BREED_Ddn"): ctdc.utilities.runtestcaseforKatalon.clickTab is PASSED

2021-05-04 10:10:55 - [MESSAGE][PASSED] - ctdc.utilities.runtestcaseforKatalon.clickTab is PASSED

2021-05-04 10:10:55 - [TEST_STEP][PASSED] - waitForElementPresent(findTestObject("Object Repository/Canine/Filter/Diagnosis/DIAGNOSIS_Ddn"), 10): Object 'Object Repository/Canine/Filter/Diagnosis/DIAGNOSIS_Ddn' is not present after 10 second(s)

2021-05-04 10:11:06 - [MESSAGE][INFO] - Unable to find the element located by 'By.xpath: (//*[@id='Diagnosis'])[1]'. Please recheck the objects properties to make sure the desired element is located. 

2021-05-04 10:11:06 - [MESSAGE][WARNING] - Object 'Object Repository/Canine/Filter/Diagnosis/DIAGNOSIS_Ddn' is not present after 10 second(s)

2021-05-04 10:11:06 - [TEST_STEP][PASSED] - ctdc.utilities.runtestcaseforKatalon.clickTab("Object Repository/Canine/Filter/Diagnosis/DIAGNOSIS_Ddn"): ctdc.utilities.runtestcaseforKatalon.clickTab is PASSED

2021-05-04 10:11:07 - [MESSAGE][PASSED] - ctdc.utilities.runtestcaseforKatalon.clickTab is PASSED

2021-05-04 10:11:07 - [TEST_STEP][PASSED] - waitForElementPresent(findTestObject("Object Repository/Canine/Filter/Diagnosis/BladderCancer_Chkbx"), 10): Object 'Object Repository/Canine/Filter/Diagnosis/BladderCancer_Chkbx' is not present after 10 second(s)

2021-05-04 10:11:18 - [MESSAGE][INFO] - Unable to find the element located by 'By.xpath: //*[contains(text(),'Bladder Cancer')]'. Please recheck the objects properties to make sure the desired element is located. 

2021-05-04 10:11:18 - [MESSAGE][WARNING] - Object 'Object Repository/Canine/Filter/Diagnosis/BladderCancer_Chkbx' is not present after 10 second(s)

2021-05-04 10:11:18 - [TEST_STEP][PASSED] - ctdc.utilities.runtestcaseforKatalon.clickTab("Object Repository/Canine/Filter/Diagnosis/BladderCancer_Chkbx"): ctdc.utilities.runtestcaseforKatalon.clickTab is PASSED

2021-05-04 10:11:18 - [MESSAGE][PASSED] - ctdc.utilities.runtestcaseforKatalon.clickTab is PASSED

2021-05-04 10:11:18 - [TEST_STEP][PASSED] - ctdc.utilities.runtestcaseforKatalon.clickTab("Object Repository/Canine/Filter/Diagnosis/DIAGNOSIS_Ddn"): ctdc.utilities.runtestcaseforKatalon.clickTab is PASSED

2021-05-04 10:11:19 - [MESSAGE][PASSED] - ctdc.utilities.runtestcaseforKatalon.clickTab is PASSED

2021-05-04 10:11:19 - [TEST_STEP][PASSED] - waitForElementPresent(findTestObject("Object Repository/Canine/Filter/PrimDiseaseSite/PRIMARYDISEASESITE_Ddn"), 10): Object 'Object Repository/Canine/Filter/PrimDiseaseSite/PRIMARYDISEASESITE_Ddn' is not present after 10 second(s)

2021-05-04 10:11:30 - [MESSAGE][INFO] - Unable to find the element located by 'By.xpath: //*[@id='Primary Disease Site']'. Please recheck the objects properties to make sure the desired element is located. 

2021-05-04 10:11:30 - [MESSAGE][WARNING] - Object 'Object Repository/Canine/Filter/PrimDiseaseSite/PRIMARYDISEASESITE_Ddn' is not present after 10 second(s)

2021-05-04 10:11:30 - [TEST_STEP][PASSED] - ctdc.utilities.runtestcaseforKatalon.clickTab("Object Repository/Canine/Filter/PrimDiseaseSite/PRIMARYDISEASESITE_Ddn"): ctdc.utilities.runtestcaseforKatalon.clickTab is PASSED

2021-05-04 10:11:30 - [MESSAGE][PASSED] - ctdc.utilities.runtestcaseforKatalon.clickTab is PASSED

2021-05-04 10:11:30 - [TEST_STEP][PASSED] - waitForElementPresent(findTestObject("Object Repository/Canine/Filter/PrimDiseaseSite/BladderProstate_Chkbx"), 10): Object 'Object Repository/Canine/Filter/PrimDiseaseSite/BladderProstate_Chkbx' is not present after 10 second(s)

2021-05-04 10:11:42 - [MESSAGE][INFO] - Unable to find the element located by 'By.xpath: //*[contains(text(),'Bladder, Prostate')]'. Please recheck the objects properties to make sure the desired element is located. 

2021-05-04 10:11:42 - [MESSAGE][WARNING] - Object 'Object Repository/Canine/Filter/PrimDiseaseSite/BladderProstate_Chkbx' is not present after 10 second(s)

2021-05-04 10:11:42 - [TEST_STEP][PASSED] - ctdc.utilities.runtestcaseforKatalon.clickTab("Object Repository/Canine/Filter/PrimDiseaseSite/BladderProstate_Chkbx"): ctdc.utilities.runtestcaseforKatalon.clickTab is PASSED

2021-05-04 10:11:42 - [MESSAGE][PASSED] - ctdc.utilities.runtestcaseforKatalon.clickTab is PASSED

2021-05-04 10:11:42 - [TEST_STEP][PASSED] - waitForElementPresent(findTestObject("Object Repository/Canine/Filter/PrimDiseaseSite/BladderUrethra_Chkbx"), 10): Object 'Object Repository/Canine/Filter/PrimDiseaseSite/BladderUrethra_Chkbx' is not present after 10 second(s)

2021-05-04 10:11:53 - [MESSAGE][INFO] - Unable to find the element located by 'By.xpath: (//*[contains(text(),'Bladder, Urethra')])[1]'. Please recheck the objects properties to make sure the desired element is located. 

2021-05-04 10:11:53 - [MESSAGE][WARNING] - Object 'Object Repository/Canine/Filter/PrimDiseaseSite/BladderUrethra_Chkbx' is not present after 10 second(s)

2021-05-04 10:11:53 - [TEST_STEP][PASSED] - ctdc.utilities.runtestcaseforKatalon.clickTab("Object Repository/Canine/Filter/PrimDiseaseSite/BladderUrethra_Chkbx"): ctdc.utilities.runtestcaseforKatalon.clickTab is PASSED

2021-05-04 10:11:54 - [MESSAGE][PASSED] - ctdc.utilities.runtestcaseforKatalon.clickTab is PASSED

2021-05-04 10:11:54 - [TEST_STEP][PASSED] - waitForElementPresent(findTestObject("Object Repository/Canine/Filter/PrimDiseaseSite/BladderUrethraProstate_Chkbx"), 10): Object 'Object Repository/Canine/Filter/PrimDiseaseSite/BladderUrethraProstate_Chkbx' is not present after 10 second(s)

2021-05-04 10:12:05 - [MESSAGE][INFO] - Unable to find the element located by 'By.xpath: //*[contains(text(),'Bladder, Urethra, Prostate')]'. Please recheck the objects properties to make sure the desired element is located. 

2021-05-04 10:12:05 - [MESSAGE][WARNING] - Object 'Object Repository/Canine/Filter/PrimDiseaseSite/BladderUrethraProstate_Chkbx' is not present after 10 second(s)

2021-05-04 10:12:05 - [TEST_STEP][PASSED] - ctdc.utilities.runtestcaseforKatalon.clickTab("Object Repository/Canine/Filter/PrimDiseaseSite/BladderUrethraProstate_Chkbx"): ctdc.utilities.runtestcaseforKatalon.clickTab is PASSED

2021-05-04 10:12:06 - [MESSAGE][PASSED] - ctdc.utilities.runtestcaseforKatalon.clickTab is PASSED

2021-05-04 10:12:06 - [TEST_STEP][PASSED] - ctdc.utilities.runtestcaseforKatalon.clickTab("Object Repository/Canine/Filter/PrimDiseaseSite/PRIMARYDISEASESITE_Ddn"): ctdc.utilities.runtestcaseforKatalon.clickTab is PASSED

2021-05-04 10:12:06 - [MESSAGE][PASSED] - ctdc.utilities.runtestcaseforKatalon.clickTab is PASSED

2021-05-04 10:12:06 - [TEST_STEP][PASSED] - waitForElementPresent(findTestObject("Object Repository/Canine/Filter/ResponseToTreatment/RESPONSETOTREATMENT_Ddn"), 10): Object 'Object Repository/Canine/Filter/ResponseToTreatment/RESPONSETOTREATMENT_Ddn' is not present after 10 second(s)

2021-05-04 10:12:17 - [MESSAGE][INFO] - Unable to find the element located by 'By.xpath: (//div[@id='Response to Treatment'])[1]'. Please recheck the objects properties to make sure the desired element is located. 

2021-05-04 10:12:17 - [MESSAGE][WARNING] - Object 'Object Repository/Canine/Filter/ResponseToTreatment/RESPONSETOTREATMENT_Ddn' is not present after 10 second(s)

2021-05-04 10:12:17 - [TEST_STEP][PASSED] - ctdc.utilities.runtestcaseforKatalon.clickTab("Object Repository/Canine/Filter/ResponseToTreatment/RESPONSETOTREATMENT_Ddn"): ctdc.utilities.runtestcaseforKatalon.clickTab is PASSED

2021-05-04 10:12:18 - [MESSAGE][PASSED] - ctdc.utilities.runtestcaseforKatalon.clickTab is PASSED

2021-05-04 10:12:18 - [TEST_STEP][PASSED] - waitForElementPresent(findTestObject("Object Repository/Canine/Filter/ResponseToTreatment/PartialResponse_Chkbx"), 10): Object 'Object Repository/Canine/Filter/ResponseToTreatment/PartialResponse_Chkbx' is not present after 10 second(s)

2021-05-04 10:12:29 - [MESSAGE][INFO] - Unable to find the element located by 'By.xpath: //*[contains(text(),'Partial Response')]'. Please recheck the objects properties to make sure the desired element is located. 

2021-05-04 10:12:29 - [MESSAGE][WARNING] - Object 'Object Repository/Canine/Filter/ResponseToTreatment/PartialResponse_Chkbx' is not present after 10 second(s)

2021-05-04 10:12:29 - [TEST_STEP][PASSED] - ctdc.utilities.runtestcaseforKatalon.clickTab("Object Repository/Canine/Filter/ResponseToTreatment/PartialResponse_Chkbx"): ctdc.utilities.runtestcaseforKatalon.clickTab is PASSED

2021-05-04 10:12:30 - [MESSAGE][PASSED] - ctdc.utilities.runtestcaseforKatalon.clickTab is PASSED

2021-05-04 10:12:30 - [TEST_STEP][PASSED] - waitForElementPresent(findTestObject("Object Repository/Canine/Filter/ResponseToTreatment/ProgrDisease_Chkbx"), 10): Object 'Object Repository/Canine/Filter/ResponseToTreatment/ProgrDisease_Chkbx' is not present after 10 second(s)

2021-05-04 10:12:41 - [MESSAGE][INFO] - Unable to find the element located by 'By.xpath: //*[contains(text(),'Progressive Disease')]'. Please recheck the objects properties to make sure the desired element is located. 

2021-05-04 10:12:41 - [MESSAGE][WARNING] - Object 'Object Repository/Canine/Filter/ResponseToTreatment/ProgrDisease_Chkbx' is not present after 10 second(s)

2021-05-04 10:12:41 - [TEST_STEP][PASSED] - ctdc.utilities.runtestcaseforKatalon.clickTab("Object Repository/Canine/Filter/ResponseToTreatment/ProgrDisease_Chkbx"): ctdc.utilities.runtestcaseforKatalon.clickTab is PASSED

2021-05-04 10:12:41 - [MESSAGE][PASSED] - ctdc.utilities.runtestcaseforKatalon.clickTab is PASSED

2021-05-04 10:12:41 - [TEST_STEP][PASSED] - ctdc.utilities.runtestcaseforKatalon.clickTab("Object Repository/Canine/Filter/ResponseToTreatment/RESPONSETOTREATMENT_Ddn"): ctdc.utilities.runtestcaseforKatalon.clickTab is PASSED

2021-05-04 10:12:42 - [MESSAGE][PASSED] - ctdc.utilities.runtestcaseforKatalon.clickTab is PASSED

2021-05-04 10:12:42 - [TEST_STEP][PASSED] - ctdc.utilities.runtestcaseforKatalon.readStatBarCanine("Object Repository/Canine/StatBar/Canine_StatBar-Studies", "Object Repository/Canine/StatBar/Canine_StatBar-Cases", "Object Repository/Canine/StatBar/Canine_StatBar-Samples", "Object Repository/Canine/StatBar/Canine_StatBar-Files", "Object Repository/Canine/StatBar/Canine_StatBar-Aliquots"): ctdc.utilities.runtestcaseforKatalon.readStatBarCanine is PASSED

2021-05-04 10:12:58 - [MESSAGE][PASSED] - ctdc.utilities.runtestcaseforKatalon.readStatBarCanine is PASSED

2021-05-04 10:12:58 - [TEST_STEP][PASSED] - waitForElementPresent(findTestObject("Object Repository/Canine/CanineResults_Cases_Tab"), 5): Object 'Object Repository/Canine/CanineResults_Cases_Tab' is not present after 5 second(s)

2021-05-04 10:13:04 - [MESSAGE][INFO] - Unable to find the element located by 'By.xpath: //*[@id="case_tab"]'. Please recheck the objects properties to make sure the desired element is located. 

2021-05-04 10:13:04 - [MESSAGE][WARNING] - Object 'Object Repository/Canine/CanineResults_Cases_Tab' is not present after 5 second(s)

2021-05-04 10:13:05 - [TEST_STEP][PASSED] - ctdc.utilities.runtestcaseforKatalon.clickTab("Object Repository/Canine/CanineResults_Cases_Tab"): ctdc.utilities.runtestcaseforKatalon.clickTab is PASSED

2021-05-04 10:13:06 - [MESSAGE][PASSED] - ctdc.utilities.runtestcaseforKatalon.clickTab is PASSED

2021-05-04 10:13:06 - [TEST_STEP][FAILED] - ctdc.utilities.runtestcaseforKatalon.multiFunction("ICDC", G_StatBar_Cases, "Object Repository/Canine/Canine_CasesTable", "Object Repository/Canine/Canine_TableHeader", "Object Repository/Canine/Canine_CasesTabNextBtn", G_WebTabnameCases, G_CypherTabnameCases, G_QueryCasesTab): com.kms.katalon.core.exception.StepFailedException: Mismatch in Stat Bar Files count

2021-05-04 10:13:28 - [MESSAGE][FAILED] - Mismatch in Stat Bar Files count

2021-05-04 10:13:28 - [MESSAGE][FAILED] - Mismatch in Stat Bar Samples count

2021-05-04 10:13:28 - [MESSAGE][PASSED] - Statbar Cases count matches

2021-05-04 10:13:28 - [MESSAGE][PASSED] - Statbar Arms count matches

2021-05-04 10:13:28 - [MESSAGE][FAILED] - com.kms.katalon.core.exception.StepFailedException: Mismatch in Stat Bar Files count

2021-05-04 10:13:28 - [TEST_STEP][PASSED] - closeBrowser(): Browser is closed

2021-05-04 10:13:29 - [MESSAGE][PASSED] - Browser is closed]]></system-out>
         <system-err><![CDATA[2021-05-04 10:08:56 - [TEST_CASE][FAILED] - Test Cases/Canine_TestCases/Study-Combinations/TC17_Canine_StudyUBC-Breed_Diagnosis_PrimDiseaseSite_RespToTreatmt: Test Cases/Canine_TestCases/Study-Combinations/TC17_Canine_StudyUBC-Breed_Diagnosis_PrimDiseaseSite_RespToTreatmt FAILED.
Reason:
com.kms.katalon.core.exception.StepFailedException: Mismatch in Stat Bar Files count
	at com.kms.katalon.core.util.KeywordUtil.markFailed(KeywordUtil.java:19)
	at com.kms.katalon.core.util.KeywordUtil$markFailed$1.call(Unknown Source)
	at ctdc.utilities.runtestcaseforKatalon.validateStatBar(runtestcaseforKatalon.groovy:923)
	at ctdc.utilities.runtestcaseforKatalon.multiFunction(runtestcaseforKatalon.groovy:251)
	at ctdc.utilities.runtestcaseforKatalon.invokeMethod(runtestcaseforKatalon.groovy)
	at com.kms.katalon.core.main.CustomKeywordDelegatingMetaClass.invokeStaticMethod(CustomKeywordDelegatingMetaClass.java:50)
	at TC17_Canine_StudyUBC-Breed_Diagnosis_PrimDiseaseSite_RespToTreatmt.run(TC17_Canine_StudyUBC-Breed_Diagnosis_PrimDiseaseSite_RespToTreatmt:105)
	at com.kms.katalon.core.main.ScriptEngine.run(ScriptEngine.java:194)
	at com.kms.katalon.core.main.ScriptEngine.runScriptAsRawText(ScriptEngine.java:119)
	at com.kms.katalon.core.main.TestCaseExecutor.runScript(TestCaseExecutor.java:339)
	at com.kms.katalon.core.main.TestCaseExecutor.doExecute(TestCaseExecutor.java:330)
	at com.kms.katalon.core.main.TestCaseExecutor.processExecutionPhase(TestCaseExecutor.java:309)
	at com.kms.katalon.core.main.TestCaseExecutor.accessMainPhase(TestCaseExecutor.java:301)
	at com.kms.katalon.core.main.TestCaseExecutor.execute(TestCaseExecutor.java:235)
	at com.kms.katalon.core.main.TestSuiteExecutor.accessTestCaseMainPhase(TestSuiteExecutor.java:191)
	at com.kms.katalon.core.main.TestSuiteExecutor.accessTestSuiteMainPhase(TestSuiteExecutor.java:141)
	at com.kms.katalon.core.main.TestSuiteExecutor.execute(TestSuiteExecutor.java:90)
	at com.kms.katalon.core.main.TestCaseMain.startTestSuite(TestCaseMain.java:157)
	at com.kms.katalon.core.main.TestCaseMain$startTestSuite$0.call(Unknown Source)
	at TempTestSuite1620143885222.run(TempTestSuite1620143885222.groovy:39)]]></system-err>
      </testcase>
      <testcase name="Test Cases/Canine_TestCases/Study-Combinations/TC18_Canine_StudyUBC-Breed_Diagnosis_PrimDiseaseSite_RespToTreatmt" time="277.949" classname="Test Cases/Canine_TestCases/Study-Combinations/TC18_Canine_StudyUBC-Breed_Diagnosis_PrimDiseaseSite_RespToTreatmt" status="PASSED">
         <system-out><![CDATA[2021-05-04 10:13:29 - [TEST_CASE][PASSED] - Test Cases/Canine_TestCases/Study-Combinations/TC18_Canine_StudyUBC-Breed_Diagnosis_PrimDiseaseSite_RespToTreatmt: Test Cases/Canine_TestCases/Study-Combinations/TC18_Canine_StudyUBC-Breed_Diagnosis_PrimDiseaseSite_RespToTreatmt

2021-05-04 10:13:31 - [TEST_STEP][PASSED] - closeBrowser(): Browser is closed

2021-05-04 10:13:32 - [MESSAGE][PASSED] - Browser is closed

2021-05-04 10:13:32 - [TEST_STEP][PASSED] - openBrowser(""): Browser is opened with url: ''

2021-05-04 10:13:32 - [MESSAGE][INFO] - Starting 'Chrome (headless)' driver

2021-05-04 10:13:32 - [MESSAGE][INFO] - User set preference: ['args', '[--no-sandbox]']

2021-05-04 10:13:32 - [MESSAGE][INFO] - Action delay is set to 5,000 milliseconds

2021-05-04 10:13:34 - [MESSAGE][PASSED] - Browser is opened with url: ''

2021-05-04 10:13:34 - [TEST_STEP][PASSED] - maximizeWindow(): Current window maximized

2021-05-04 10:13:34 - [MESSAGE][PASSED] - Current window maximized

2021-05-04 10:13:34 - [TEST_STEP][PASSED] - "Driver opened by Katalon is used in Selenium from this step.": null

2021-05-04 10:13:34 - [TEST_STEP][PASSED] - ctdc.utilities.runtestcaseforKatalon.RunKatalon("TC18_Canine_StudyUBC-Breed_Diagnosis_PrimDiseaseSite_RespToTreatmt.xlsx"): Data loaded from input file for the test case. 

2021-05-04 10:13:34 - [MESSAGE][PASSED] - Test case file loaded This is the full filepath after converting to string :C:\Users\radhakrishnang2\Desktop\Commons_Automation\InputFiles\TC18_Canine_StudyUBC-Breed_Diagnosis_PrimDiseaseSite_RespToTreatmt.xlsx

2021-05-04 10:13:34 - [MESSAGE][INFO] - Global variable set for password file is :  C:\Users\radhakrishnang2\Desktop\Commons_Automation\InputFiles\TC18_Canine_StudyUBC-Breed_Diagnosis_PrimDiseaseSite_RespToTreatmt.xlsx

2021-05-04 10:13:34 - [MESSAGE][PASSED] - Data loaded from input file for the test case. 

2021-05-04 10:13:50 - [TEST_STEP][PASSED] - waitForElementPresent(findTestObject("Canine/NavBar/Canine_Cases_Btn"), 10): Object 'Object Repository/Canine/NavBar/Canine_Cases_Btn' is not present after 10 second(s)

2021-05-04 10:14:01 - [MESSAGE][INFO] - Unable to find the element located by 'By.xpath: //a[contains(@href,'cases')]'. Please recheck the objects properties to make sure the desired element is located. 

2021-05-04 10:14:01 - [MESSAGE][WARNING] - Object 'Object Repository/Canine/NavBar/Canine_Cases_Btn' is not present after 10 second(s)

2021-05-04 10:14:01 - [TEST_STEP][PASSED] - ctdc.utilities.runtestcaseforKatalon.clickTab("Canine/NavBar/Canine_Cases_Btn"): ctdc.utilities.runtestcaseforKatalon.clickTab is PASSED

2021-05-04 10:14:02 - [MESSAGE][PASSED] - ctdc.utilities.runtestcaseforKatalon.clickTab is PASSED

2021-05-04 10:14:02 - [TEST_STEP][PASSED] - waitForElementPresent(findTestObject("Object Repository/Canine/Filter/FilterByCases_Facet"), 10): Object 'Object Repository/Canine/Filter/FilterByCases_Facet' is not present after 10 second(s)

2021-05-04 10:14:13 - [MESSAGE][INFO] - Unable to find the element located by 'By.xpath: //*[contains(text(),'Filter By Cases')]'. Please recheck the objects properties to make sure the desired element is located. 

2021-05-04 10:14:13 - [MESSAGE][WARNING] - Object 'Object Repository/Canine/Filter/FilterByCases_Facet' is not present after 10 second(s)

2021-05-04 10:14:13 - [TEST_STEP][PASSED] - ctdc.utilities.runtestcaseforKatalon.clickTab("Object Repository/Canine/Filter/FilterByCases_Facet"): ctdc.utilities.runtestcaseforKatalon.clickTab is PASSED

2021-05-04 10:14:13 - [MESSAGE][PASSED] - ctdc.utilities.runtestcaseforKatalon.clickTab is PASSED

2021-05-04 10:14:13 - [TEST_STEP][PASSED] - waitForElementPresent(findTestObject("Object Repository/Canine/Filter/Study/Canine_Filter_Study"), 10): Object 'Object Repository/Canine/Filter/Study/Canine_Filter_Study' is not present after 10 second(s)

2021-05-04 10:14:25 - [MESSAGE][INFO] - Unable to find the element located by 'By.xpath: //*[@id='Study']'. Please recheck the objects properties to make sure the desired element is located. 

2021-05-04 10:14:25 - [MESSAGE][WARNING] - Object 'Object Repository/Canine/Filter/Study/Canine_Filter_Study' is not present after 10 second(s)

2021-05-04 10:14:25 - [TEST_STEP][PASSED] - ctdc.utilities.runtestcaseforKatalon.clickTab("Object Repository/Canine/Filter/Study/Canine_Filter_Study"): ctdc.utilities.runtestcaseforKatalon.clickTab is PASSED

2021-05-04 10:14:25 - [MESSAGE][PASSED] - ctdc.utilities.runtestcaseforKatalon.clickTab is PASSED

2021-05-04 10:14:25 - [TEST_STEP][PASSED] - waitForElementPresent(findTestObject("Object Repository/Canine/Filter/Study/Canine_Filter_Study-UBC_Chkbx"), 10): Object 'Object Repository/Canine/Filter/Study/Canine_Filter_Study-UBC_Chkbx' is not present after 10 second(s)

2021-05-04 10:14:37 - [MESSAGE][INFO] - Unable to find the element located by 'By.xpath: (//*[contains(text(),'UBC')])[1]'. Please recheck the objects properties to make sure the desired element is located. 

2021-05-04 10:14:37 - [MESSAGE][WARNING] - Object 'Object Repository/Canine/Filter/Study/Canine_Filter_Study-UBC_Chkbx' is not present after 10 second(s)

2021-05-04 10:14:37 - [TEST_STEP][PASSED] - ctdc.utilities.runtestcaseforKatalon.clickTab("Object Repository/Canine/Filter/Study/Canine_Filter_Study-UBC_Chkbx"): ctdc.utilities.runtestcaseforKatalon.clickTab is PASSED

2021-05-04 10:14:37 - [MESSAGE][PASSED] - ctdc.utilities.runtestcaseforKatalon.clickTab is PASSED

2021-05-04 10:14:37 - [TEST_STEP][PASSED] - Thread.sleep(2000): null

2021-05-04 10:14:39 - [TEST_STEP][PASSED] - waitForElementPresent(findTestObject("Object Repository/Canine/Filter/Breed/BREED_Ddn"), 10): Object 'Object Repository/Canine/Filter/Breed/BREED_Ddn' is not present after 10 second(s)

2021-05-04 10:14:51 - [MESSAGE][INFO] - Unable to find the element located by 'By.xpath: //*[@id='Breed']'. Please recheck the objects properties to make sure the desired element is located. 

2021-05-04 10:14:51 - [MESSAGE][WARNING] - Object 'Object Repository/Canine/Filter/Breed/BREED_Ddn' is not present after 10 second(s)

2021-05-04 10:14:51 - [TEST_STEP][PASSED] - ctdc.utilities.runtestcaseforKatalon.clickTab("Object Repository/Canine/Filter/Breed/BREED_Ddn"): ctdc.utilities.runtestcaseforKatalon.clickTab is PASSED

2021-05-04 10:14:51 - [MESSAGE][PASSED] - ctdc.utilities.runtestcaseforKatalon.clickTab is PASSED

2021-05-04 10:14:51 - [TEST_STEP][PASSED] - waitForElementPresent(findTestObject("Object Repository/Canine/Filter/Breed/BelgMalin_Chkbx"), 10): Object 'Object Repository/Canine/Filter/Breed/BelgMalin_Chkbx' is not present after 10 second(s)

2021-05-04 10:15:03 - [MESSAGE][INFO] - Unable to find the element located by 'By.xpath: //*[contains(text(),'Belgian Malinois')]'. Please recheck the objects properties to make sure the desired element is located. 

2021-05-04 10:15:03 - [MESSAGE][WARNING] - Object 'Object Repository/Canine/Filter/Breed/BelgMalin_Chkbx' is not present after 10 second(s)

2021-05-04 10:15:03 - [TEST_STEP][PASSED] - ctdc.utilities.runtestcaseforKatalon.clickTab("Object Repository/Canine/Filter/Breed/BelgMalin_Chkbx"): ctdc.utilities.runtestcaseforKatalon.clickTab is PASSED

2021-05-04 10:15:03 - [MESSAGE][PASSED] - ctdc.utilities.runtestcaseforKatalon.clickTab is PASSED

2021-05-04 10:15:03 - [TEST_STEP][PASSED] - waitForElementPresent(findTestObject("Object Repository/Canine/Filter/Breed/Labrador_Chkbx"), 10): Object 'Object Repository/Canine/Filter/Breed/Labrador_Chkbx' is not present after 10 second(s)

2021-05-04 10:15:15 - [MESSAGE][INFO] - Unable to find the element located by 'By.xpath: //*[contains(text(),'Labrador Retriever')]'. Please recheck the objects properties to make sure the desired element is located. 

2021-05-04 10:15:15 - [MESSAGE][WARNING] - Object 'Object Repository/Canine/Filter/Breed/Labrador_Chkbx' is not present after 10 second(s)

2021-05-04 10:15:15 - [TEST_STEP][PASSED] - ctdc.utilities.runtestcaseforKatalon.clickTab("Object Repository/Canine/Filter/Breed/Labrador_Chkbx"): ctdc.utilities.runtestcaseforKatalon.clickTab is PASSED

2021-05-04 10:15:17 - [MESSAGE][PASSED] - ctdc.utilities.runtestcaseforKatalon.clickTab is PASSED

2021-05-04 10:15:17 - [TEST_STEP][PASSED] - waitForElementPresent(findTestObject("Object Repository/Canine/Filter/Breed/WestHland_Chkbx"), 10): Object 'Object Repository/Canine/Filter/Breed/WestHland_Chkbx' is not present after 10 second(s)

2021-05-04 10:15:29 - [MESSAGE][INFO] - Unable to find the element located by 'By.xpath: //*[contains(text(),'West Highland White Terrier')]'. Please recheck the objects properties to make sure the desired element is located. 

2021-05-04 10:15:29 - [MESSAGE][WARNING] - Object 'Object Repository/Canine/Filter/Breed/WestHland_Chkbx' is not present after 10 second(s)

2021-05-04 10:15:29 - [TEST_STEP][PASSED] - ctdc.utilities.runtestcaseforKatalon.clickTab("Object Repository/Canine/Filter/Breed/WestHland_Chkbx"): ctdc.utilities.runtestcaseforKatalon.clickTab is PASSED

2021-05-04 10:15:30 - [MESSAGE][PASSED] - ctdc.utilities.runtestcaseforKatalon.clickTab is PASSED

2021-05-04 10:15:30 - [TEST_STEP][PASSED] - ctdc.utilities.runtestcaseforKatalon.clickTab("Object Repository/Canine/Filter/Breed/BREED_Ddn"): ctdc.utilities.runtestcaseforKatalon.clickTab is PASSED

2021-05-04 10:15:33 - [MESSAGE][PASSED] - ctdc.utilities.runtestcaseforKatalon.clickTab is PASSED

2021-05-04 10:15:33 - [TEST_STEP][PASSED] - waitForElementPresent(findTestObject("Object Repository/Canine/Filter/Diagnosis/DIAGNOSIS_Ddn"), 10): Object 'Object Repository/Canine/Filter/Diagnosis/DIAGNOSIS_Ddn' is not present after 10 second(s)

2021-05-04 10:15:44 - [MESSAGE][INFO] - Unable to find the element located by 'By.xpath: (//*[@id='Diagnosis'])[1]'. Please recheck the objects properties to make sure the desired element is located. 

2021-05-04 10:15:44 - [MESSAGE][WARNING] - Object 'Object Repository/Canine/Filter/Diagnosis/DIAGNOSIS_Ddn' is not present after 10 second(s)

2021-05-04 10:15:44 - [TEST_STEP][PASSED] - ctdc.utilities.runtestcaseforKatalon.clickTab("Object Repository/Canine/Filter/Diagnosis/DIAGNOSIS_Ddn"): ctdc.utilities.runtestcaseforKatalon.clickTab is PASSED

2021-05-04 10:15:47 - [MESSAGE][PASSED] - ctdc.utilities.runtestcaseforKatalon.clickTab is PASSED

2021-05-04 10:15:47 - [TEST_STEP][PASSED] - waitForElementPresent(findTestObject("Object Repository/Canine/Filter/Diagnosis/BladderCancer_Chkbx"), 10): Object 'Object Repository/Canine/Filter/Diagnosis/BladderCancer_Chkbx' is not present after 10 second(s)

2021-05-04 10:15:58 - [MESSAGE][INFO] - Unable to find the element located by 'By.xpath: //*[contains(text(),'Bladder Cancer')]'. Please recheck the objects properties to make sure the desired element is located. 

2021-05-04 10:15:58 - [MESSAGE][WARNING] - Object 'Object Repository/Canine/Filter/Diagnosis/BladderCancer_Chkbx' is not present after 10 second(s)

2021-05-04 10:15:58 - [TEST_STEP][PASSED] - ctdc.utilities.runtestcaseforKatalon.clickTab("Object Repository/Canine/Filter/Diagnosis/BladderCancer_Chkbx"): ctdc.utilities.runtestcaseforKatalon.clickTab is PASSED

2021-05-04 10:15:59 - [MESSAGE][PASSED] - ctdc.utilities.runtestcaseforKatalon.clickTab is PASSED

2021-05-04 10:15:59 - [TEST_STEP][PASSED] - ctdc.utilities.runtestcaseforKatalon.clickTab("Object Repository/Canine/Filter/Diagnosis/DIAGNOSIS_Ddn"): ctdc.utilities.runtestcaseforKatalon.clickTab is PASSED

2021-05-04 10:16:02 - [MESSAGE][PASSED] - ctdc.utilities.runtestcaseforKatalon.clickTab is PASSED

2021-05-04 10:16:02 - [TEST_STEP][PASSED] - waitForElementPresent(findTestObject("Object Repository/Canine/Filter/PrimDiseaseSite/PRIMARYDISEASESITE_Ddn"), 10): Object 'Object Repository/Canine/Filter/PrimDiseaseSite/PRIMARYDISEASESITE_Ddn' is not present after 10 second(s)

2021-05-04 10:16:13 - [MESSAGE][INFO] - Unable to find the element located by 'By.xpath: //*[@id='Primary Disease Site']'. Please recheck the objects properties to make sure the desired element is located. 

2021-05-04 10:16:13 - [MESSAGE][WARNING] - Object 'Object Repository/Canine/Filter/PrimDiseaseSite/PRIMARYDISEASESITE_Ddn' is not present after 10 second(s)

2021-05-04 10:16:13 - [TEST_STEP][PASSED] - ctdc.utilities.runtestcaseforKatalon.clickTab("Object Repository/Canine/Filter/PrimDiseaseSite/PRIMARYDISEASESITE_Ddn"): ctdc.utilities.runtestcaseforKatalon.clickTab is PASSED

2021-05-04 10:16:14 - [MESSAGE][PASSED] - ctdc.utilities.runtestcaseforKatalon.clickTab is PASSED

2021-05-04 10:16:14 - [TEST_STEP][PASSED] - waitForElementPresent(findTestObject("Object Repository/Canine/Filter/PrimDiseaseSite/BladderProstate_Chkbx"), 10): Object 'Object Repository/Canine/Filter/PrimDiseaseSite/BladderProstate_Chkbx' is not present after 10 second(s)

2021-05-04 10:16:25 - [MESSAGE][INFO] - Unable to find the element located by 'By.xpath: //*[contains(text(),'Bladder, Prostate')]'. Please recheck the objects properties to make sure the desired element is located. 

2021-05-04 10:16:25 - [MESSAGE][WARNING] - Object 'Object Repository/Canine/Filter/PrimDiseaseSite/BladderProstate_Chkbx' is not present after 10 second(s)

2021-05-04 10:16:25 - [TEST_STEP][PASSED] - ctdc.utilities.runtestcaseforKatalon.clickTab("Object Repository/Canine/Filter/PrimDiseaseSite/BladderProstate_Chkbx"): ctdc.utilities.runtestcaseforKatalon.clickTab is PASSED

2021-05-04 10:16:26 - [MESSAGE][PASSED] - ctdc.utilities.runtestcaseforKatalon.clickTab is PASSED

2021-05-04 10:16:26 - [TEST_STEP][PASSED] - waitForElementPresent(findTestObject("Object Repository/Canine/Filter/PrimDiseaseSite/BladderUrethra_Chkbx"), 10): Object 'Object Repository/Canine/Filter/PrimDiseaseSite/BladderUrethra_Chkbx' is not present after 10 second(s)

2021-05-04 10:16:37 - [MESSAGE][INFO] - Unable to find the element located by 'By.xpath: (//*[contains(text(),'Bladder, Urethra')])[1]'. Please recheck the objects properties to make sure the desired element is located. 

2021-05-04 10:16:37 - [MESSAGE][WARNING] - Object 'Object Repository/Canine/Filter/PrimDiseaseSite/BladderUrethra_Chkbx' is not present after 10 second(s)

2021-05-04 10:16:37 - [TEST_STEP][PASSED] - ctdc.utilities.runtestcaseforKatalon.clickTab("Object Repository/Canine/Filter/PrimDiseaseSite/BladderUrethra_Chkbx"): ctdc.utilities.runtestcaseforKatalon.clickTab is PASSED

2021-05-04 10:16:38 - [MESSAGE][PASSED] - ctdc.utilities.runtestcaseforKatalon.clickTab is PASSED

2021-05-04 10:16:38 - [TEST_STEP][PASSED] - ctdc.utilities.runtestcaseforKatalon.clickTab("Object Repository/Canine/Filter/PrimDiseaseSite/PRIMARYDISEASESITE_Ddn"): ctdc.utilities.runtestcaseforKatalon.clickTab is PASSED

2021-05-04 10:16:42 - [MESSAGE][PASSED] - ctdc.utilities.runtestcaseforKatalon.clickTab is PASSED

2021-05-04 10:16:42 - [TEST_STEP][PASSED] - waitForElementPresent(findTestObject("Object Repository/Canine/Filter/ResponseToTreatment/RESPONSETOTREATMENT_Ddn"), 10): Object 'Object Repository/Canine/Filter/ResponseToTreatment/RESPONSETOTREATMENT_Ddn' is not present after 10 second(s)

2021-05-04 10:16:54 - [MESSAGE][INFO] - Unable to find the element located by 'By.xpath: (//div[@id='Response to Treatment'])[1]'. Please recheck the objects properties to make sure the desired element is located. 

2021-05-04 10:16:54 - [MESSAGE][WARNING] - Object 'Object Repository/Canine/Filter/ResponseToTreatment/RESPONSETOTREATMENT_Ddn' is not present after 10 second(s)

2021-05-04 10:16:54 - [TEST_STEP][PASSED] - ctdc.utilities.runtestcaseforKatalon.clickTab("Object Repository/Canine/Filter/ResponseToTreatment/RESPONSETOTREATMENT_Ddn"): ctdc.utilities.runtestcaseforKatalon.clickTab is PASSED

2021-05-04 10:16:55 - [MESSAGE][PASSED] - ctdc.utilities.runtestcaseforKatalon.clickTab is PASSED

2021-05-04 10:16:55 - [TEST_STEP][PASSED] - waitForElementPresent(findTestObject("Object Repository/Canine/Filter/ResponseToTreatment/StableDisease_Chkbx"), 10): Object 'Object Repository/Canine/Filter/ResponseToTreatment/StableDisease_Chkbx' is not present after 10 second(s)

2021-05-04 10:17:07 - [MESSAGE][INFO] - Unable to find the element located by 'By.xpath: //*[contains(text(),'Stable Disease')]'. Please recheck the objects properties to make sure the desired element is located. 

2021-05-04 10:17:07 - [MESSAGE][WARNING] - Object 'Object Repository/Canine/Filter/ResponseToTreatment/StableDisease_Chkbx' is not present after 10 second(s)

2021-05-04 10:17:07 - [TEST_STEP][PASSED] - ctdc.utilities.runtestcaseforKatalon.clickTab("Object Repository/Canine/Filter/ResponseToTreatment/StableDisease_Chkbx"): ctdc.utilities.runtestcaseforKatalon.clickTab is PASSED

2021-05-04 10:17:09 - [MESSAGE][PASSED] - ctdc.utilities.runtestcaseforKatalon.clickTab is PASSED

2021-05-04 10:17:09 - [TEST_STEP][PASSED] - ctdc.utilities.runtestcaseforKatalon.clickTab("Object Repository/Canine/Filter/ResponseToTreatment/RESPONSETOTREATMENT_Ddn"): ctdc.utilities.runtestcaseforKatalon.clickTab is PASSED

2021-05-04 10:17:13 - [MESSAGE][PASSED] - ctdc.utilities.runtestcaseforKatalon.clickTab is PASSED

2021-05-04 10:17:13 - [TEST_STEP][PASSED] - ctdc.utilities.runtestcaseforKatalon.readStatBarCanine("Object Repository/Canine/StatBar/Canine_StatBar-Studies", "Object Repository/Canine/StatBar/Canine_StatBar-Cases", "Object Repository/Canine/StatBar/Canine_StatBar-Samples", "Object Repository/Canine/StatBar/Canine_StatBar-Files", "Object Repository/Canine/StatBar/Canine_StatBar-Aliquots"): ctdc.utilities.runtestcaseforKatalon.readStatBarCanine is PASSED

2021-05-04 10:17:31 - [MESSAGE][PASSED] - ctdc.utilities.runtestcaseforKatalon.readStatBarCanine is PASSED

2021-05-04 10:17:31 - [TEST_STEP][PASSED] - waitForElementPresent(findTestObject("Object Repository/Canine/CanineResults_Cases_Tab"), 5): Object 'Object Repository/Canine/CanineResults_Cases_Tab' is not present after 5 second(s)

2021-05-04 10:17:38 - [MESSAGE][INFO] - Unable to find the element located by 'By.xpath: //*[@id="case_tab"]'. Please recheck the objects properties to make sure the desired element is located. 

2021-05-04 10:17:38 - [MESSAGE][WARNING] - Object 'Object Repository/Canine/CanineResults_Cases_Tab' is not present after 5 second(s)

2021-05-04 10:17:38 - [TEST_STEP][PASSED] - ctdc.utilities.runtestcaseforKatalon.clickTab("Object Repository/Canine/CanineResults_Cases_Tab"): ctdc.utilities.runtestcaseforKatalon.clickTab is PASSED

2021-05-04 10:17:39 - [MESSAGE][PASSED] - ctdc.utilities.runtestcaseforKatalon.clickTab is PASSED

2021-05-04 10:17:39 - [TEST_STEP][PASSED] - ctdc.utilities.runtestcaseforKatalon.multiFunction("ICDC", G_StatBar_Cases, "Object Repository/Canine/Canine_CasesTable", "Object Repository/Canine/Canine_TableHeader", "Object Repository/Canine/Canine_CasesTabNextBtn", G_WebTabnameCases, G_CypherTabnameCases, G_QueryCasesTab): Statbar Arms count matches

2021-05-04 10:18:05 - [MESSAGE][PASSED] - Statbar Files count matches

2021-05-04 10:18:05 - [MESSAGE][PASSED] - Statbar Samples count matches

2021-05-04 10:18:05 - [MESSAGE][PASSED] - Statbar Cases count matches

2021-05-04 10:18:05 - [MESSAGE][PASSED] - Statbar Arms count matches

2021-05-04 10:18:05 - [TEST_STEP][PASSED] - closeBrowser(): Browser is closed

2021-05-04 10:18:07 - [MESSAGE][PASSED] - Browser is closed]]></system-out>
         <system-err><![CDATA[]]></system-err>
      </testcase>
      <testcase name="Test Cases/Canine_TestCases/Study-Combinations/TC19_Canine_StudyUBC-Breed_Diagnosis_PrimDiseaseSite_RespToTreatmt" time="269.435" classname="Test Cases/Canine_TestCases/Study-Combinations/TC19_Canine_StudyUBC-Breed_Diagnosis_PrimDiseaseSite_RespToTreatmt" status="PASSED">
         <system-out><![CDATA[2021-05-04 10:18:07 - [TEST_CASE][PASSED] - Test Cases/Canine_TestCases/Study-Combinations/TC19_Canine_StudyUBC-Breed_Diagnosis_PrimDiseaseSite_RespToTreatmt: Test Cases/Canine_TestCases/Study-Combinations/TC19_Canine_StudyUBC-Breed_Diagnosis_PrimDiseaseSite_RespToTreatmt

2021-05-04 10:18:10 - [TEST_STEP][PASSED] - closeBrowser(): Browser is closed

2021-05-04 10:18:10 - [MESSAGE][PASSED] - Browser is closed

2021-05-04 10:18:10 - [TEST_STEP][PASSED] - openBrowser(""): Browser is opened with url: ''

2021-05-04 10:18:10 - [MESSAGE][INFO] - Starting 'Chrome (headless)' driver

2021-05-04 10:18:10 - [MESSAGE][INFO] - User set preference: ['args', '[--no-sandbox]']

2021-05-04 10:18:10 - [MESSAGE][INFO] - Action delay is set to 5,000 milliseconds

2021-05-04 10:18:13 - [MESSAGE][PASSED] - Browser is opened with url: ''

2021-05-04 10:18:13 - [TEST_STEP][PASSED] - maximizeWindow(): Current window maximized

2021-05-04 10:18:13 - [MESSAGE][PASSED] - Current window maximized

2021-05-04 10:18:13 - [TEST_STEP][PASSED] - "Driver opened by Katalon is used in Selenium from this step.": null

2021-05-04 10:18:13 - [TEST_STEP][PASSED] - ctdc.utilities.runtestcaseforKatalon.RunKatalon("TC19_Canine_StudyUBC-Breed_Diagnosis_PrimDiseaseSite_RespToTreatmt.xlsx"): Data loaded from input file for the test case. 

2021-05-04 10:18:13 - [MESSAGE][PASSED] - Test case file loaded This is the full filepath after converting to string :C:\Users\radhakrishnang2\Desktop\Commons_Automation\InputFiles\TC19_Canine_StudyUBC-Breed_Diagnosis_PrimDiseaseSite_RespToTreatmt.xlsx

2021-05-04 10:18:13 - [MESSAGE][INFO] - Global variable set for password file is :  C:\Users\radhakrishnang2\Desktop\Commons_Automation\InputFiles\TC19_Canine_StudyUBC-Breed_Diagnosis_PrimDiseaseSite_RespToTreatmt.xlsx

2021-05-04 10:18:13 - [MESSAGE][PASSED] - Data loaded from input file for the test case. 

2021-05-04 10:18:28 - [TEST_STEP][PASSED] - waitForElementPresent(findTestObject("Canine/NavBar/Canine_Cases_Btn"), 10): Object 'Object Repository/Canine/NavBar/Canine_Cases_Btn' is not present after 10 second(s)

2021-05-04 10:18:39 - [MESSAGE][INFO] - Unable to find the element located by 'By.xpath: //a[contains(@href,'cases')]'. Please recheck the objects properties to make sure the desired element is located. 

2021-05-04 10:18:39 - [MESSAGE][WARNING] - Object 'Object Repository/Canine/NavBar/Canine_Cases_Btn' is not present after 10 second(s)

2021-05-04 10:18:39 - [TEST_STEP][PASSED] - ctdc.utilities.runtestcaseforKatalon.clickTab("Canine/NavBar/Canine_Cases_Btn"): ctdc.utilities.runtestcaseforKatalon.clickTab is PASSED

2021-05-04 10:18:40 - [MESSAGE][PASSED] - ctdc.utilities.runtestcaseforKatalon.clickTab is PASSED

2021-05-04 10:18:40 - [TEST_STEP][PASSED] - waitForElementPresent(findTestObject("Object Repository/Canine/Filter/FilterByCases_Facet"), 10): Object 'Object Repository/Canine/Filter/FilterByCases_Facet' is not present after 10 second(s)

2021-05-04 10:18:52 - [MESSAGE][INFO] - Unable to find the element located by 'By.xpath: //*[contains(text(),'Filter By Cases')]'. Please recheck the objects properties to make sure the desired element is located. 

2021-05-04 10:18:52 - [MESSAGE][WARNING] - Object 'Object Repository/Canine/Filter/FilterByCases_Facet' is not present after 10 second(s)

2021-05-04 10:18:52 - [TEST_STEP][PASSED] - ctdc.utilities.runtestcaseforKatalon.clickTab("Object Repository/Canine/Filter/FilterByCases_Facet"): ctdc.utilities.runtestcaseforKatalon.clickTab is PASSED

2021-05-04 10:18:53 - [MESSAGE][PASSED] - ctdc.utilities.runtestcaseforKatalon.clickTab is PASSED

2021-05-04 10:18:53 - [TEST_STEP][PASSED] - waitForElementPresent(findTestObject("Object Repository/Canine/Filter/Study/Canine_Filter_Study"), 10): Object 'Object Repository/Canine/Filter/Study/Canine_Filter_Study' is not present after 10 second(s)

2021-05-04 10:19:04 - [MESSAGE][INFO] - Unable to find the element located by 'By.xpath: //*[@id='Study']'. Please recheck the objects properties to make sure the desired element is located. 

2021-05-04 10:19:04 - [MESSAGE][WARNING] - Object 'Object Repository/Canine/Filter/Study/Canine_Filter_Study' is not present after 10 second(s)

2021-05-04 10:19:04 - [TEST_STEP][PASSED] - ctdc.utilities.runtestcaseforKatalon.clickTab("Object Repository/Canine/Filter/Study/Canine_Filter_Study"): ctdc.utilities.runtestcaseforKatalon.clickTab is PASSED

2021-05-04 10:19:05 - [MESSAGE][PASSED] - ctdc.utilities.runtestcaseforKatalon.clickTab is PASSED

2021-05-04 10:19:05 - [TEST_STEP][PASSED] - waitForElementPresent(findTestObject("Object Repository/Canine/Filter/Study/Canine_Filter_Study-UBC_Chkbx"), 10): Object 'Object Repository/Canine/Filter/Study/Canine_Filter_Study-UBC_Chkbx' is not present after 10 second(s)

2021-05-04 10:19:17 - [MESSAGE][INFO] - Unable to find the element located by 'By.xpath: (//*[contains(text(),'UBC')])[1]'. Please recheck the objects properties to make sure the desired element is located. 

2021-05-04 10:19:17 - [MESSAGE][WARNING] - Object 'Object Repository/Canine/Filter/Study/Canine_Filter_Study-UBC_Chkbx' is not present after 10 second(s)

2021-05-04 10:19:17 - [TEST_STEP][PASSED] - ctdc.utilities.runtestcaseforKatalon.clickTab("Object Repository/Canine/Filter/Study/Canine_Filter_Study-UBC_Chkbx"): ctdc.utilities.runtestcaseforKatalon.clickTab is PASSED

2021-05-04 10:19:19 - [MESSAGE][PASSED] - ctdc.utilities.runtestcaseforKatalon.clickTab is PASSED

2021-05-04 10:19:19 - [TEST_STEP][PASSED] - Thread.sleep(2000): null

2021-05-04 10:19:21 - [TEST_STEP][PASSED] - waitForElementPresent(findTestObject("Object Repository/Canine/Filter/Breed/BREED_Ddn"), 10): Object 'Object Repository/Canine/Filter/Breed/BREED_Ddn' is not present after 10 second(s)

2021-05-04 10:19:32 - [MESSAGE][INFO] - Unable to find the element located by 'By.xpath: //*[@id='Breed']'. Please recheck the objects properties to make sure the desired element is located. 

2021-05-04 10:19:32 - [MESSAGE][WARNING] - Object 'Object Repository/Canine/Filter/Breed/BREED_Ddn' is not present after 10 second(s)

2021-05-04 10:19:32 - [TEST_STEP][PASSED] - ctdc.utilities.runtestcaseforKatalon.clickTab("Object Repository/Canine/Filter/Breed/BREED_Ddn"): ctdc.utilities.runtestcaseforKatalon.clickTab is PASSED

2021-05-04 10:19:32 - [MESSAGE][PASSED] - ctdc.utilities.runtestcaseforKatalon.clickTab is PASSED

2021-05-04 10:19:32 - [TEST_STEP][PASSED] - waitForElementPresent(findTestObject("Object Repository/Canine/Filter/Breed/BelgMalin_Chkbx"), 10): Object 'Object Repository/Canine/Filter/Breed/BelgMalin_Chkbx' is not present after 10 second(s)

2021-05-04 10:19:44 - [MESSAGE][INFO] - Unable to find the element located by 'By.xpath: //*[contains(text(),'Belgian Malinois')]'. Please recheck the objects properties to make sure the desired element is located. 

2021-05-04 10:19:44 - [MESSAGE][WARNING] - Object 'Object Repository/Canine/Filter/Breed/BelgMalin_Chkbx' is not present after 10 second(s)

2021-05-04 10:19:44 - [TEST_STEP][PASSED] - ctdc.utilities.runtestcaseforKatalon.clickTab("Object Repository/Canine/Filter/Breed/BelgMalin_Chkbx"): ctdc.utilities.runtestcaseforKatalon.clickTab is PASSED

2021-05-04 10:19:44 - [MESSAGE][PASSED] - ctdc.utilities.runtestcaseforKatalon.clickTab is PASSED

2021-05-04 10:19:44 - [TEST_STEP][PASSED] - waitForElementPresent(findTestObject("Object Repository/Canine/Filter/Breed/Labrador_Chkbx"), 10): Object 'Object Repository/Canine/Filter/Breed/Labrador_Chkbx' is not present after 10 second(s)

2021-05-04 10:19:56 - [MESSAGE][INFO] - Unable to find the element located by 'By.xpath: //*[contains(text(),'Labrador Retriever')]'. Please recheck the objects properties to make sure the desired element is located. 

2021-05-04 10:19:56 - [MESSAGE][WARNING] - Object 'Object Repository/Canine/Filter/Breed/Labrador_Chkbx' is not present after 10 second(s)

2021-05-04 10:19:56 - [TEST_STEP][PASSED] - ctdc.utilities.runtestcaseforKatalon.clickTab("Object Repository/Canine/Filter/Breed/Labrador_Chkbx"): ctdc.utilities.runtestcaseforKatalon.clickTab is PASSED

2021-05-04 10:19:57 - [MESSAGE][PASSED] - ctdc.utilities.runtestcaseforKatalon.clickTab is PASSED

2021-05-04 10:19:57 - [TEST_STEP][PASSED] - waitForElementPresent(findTestObject("Object Repository/Canine/Filter/Breed/WestHland_Chkbx"), 10): Object 'Object Repository/Canine/Filter/Breed/WestHland_Chkbx' is not present after 10 second(s)

2021-05-04 10:20:08 - [MESSAGE][INFO] - Unable to find the element located by 'By.xpath: //*[contains(text(),'West Highland White Terrier')]'. Please recheck the objects properties to make sure the desired element is located. 

2021-05-04 10:20:08 - [MESSAGE][WARNING] - Object 'Object Repository/Canine/Filter/Breed/WestHland_Chkbx' is not present after 10 second(s)

2021-05-04 10:20:08 - [TEST_STEP][PASSED] - ctdc.utilities.runtestcaseforKatalon.clickTab("Object Repository/Canine/Filter/Breed/WestHland_Chkbx"): ctdc.utilities.runtestcaseforKatalon.clickTab is PASSED

2021-05-04 10:20:08 - [MESSAGE][PASSED] - ctdc.utilities.runtestcaseforKatalon.clickTab is PASSED

2021-05-04 10:20:08 - [TEST_STEP][PASSED] - ctdc.utilities.runtestcaseforKatalon.clickTab("Object Repository/Canine/Filter/Breed/BREED_Ddn"): ctdc.utilities.runtestcaseforKatalon.clickTab is PASSED

2021-05-04 10:20:10 - [MESSAGE][PASSED] - ctdc.utilities.runtestcaseforKatalon.clickTab is PASSED

2021-05-04 10:20:10 - [TEST_STEP][PASSED] - waitForElementPresent(findTestObject("Object Repository/Canine/Filter/Diagnosis/DIAGNOSIS_Ddn"), 10): Object 'Object Repository/Canine/Filter/Diagnosis/DIAGNOSIS_Ddn' is not present after 10 second(s)

2021-05-04 10:20:21 - [MESSAGE][INFO] - Unable to find the element located by 'By.xpath: (//*[@id='Diagnosis'])[1]'. Please recheck the objects properties to make sure the desired element is located. 

2021-05-04 10:20:21 - [MESSAGE][WARNING] - Object 'Object Repository/Canine/Filter/Diagnosis/DIAGNOSIS_Ddn' is not present after 10 second(s)

2021-05-04 10:20:21 - [TEST_STEP][PASSED] - ctdc.utilities.runtestcaseforKatalon.clickTab("Object Repository/Canine/Filter/Diagnosis/DIAGNOSIS_Ddn"): ctdc.utilities.runtestcaseforKatalon.clickTab is PASSED

2021-05-04 10:20:23 - [MESSAGE][PASSED] - ctdc.utilities.runtestcaseforKatalon.clickTab is PASSED

2021-05-04 10:20:23 - [TEST_STEP][PASSED] - waitForElementPresent(findTestObject("Object Repository/Canine/Filter/Diagnosis/BladderCancer_Chkbx"), 10): Object 'Object Repository/Canine/Filter/Diagnosis/BladderCancer_Chkbx' is not present after 10 second(s)

2021-05-04 10:20:34 - [MESSAGE][INFO] - Unable to find the element located by 'By.xpath: //*[contains(text(),'Bladder Cancer')]'. Please recheck the objects properties to make sure the desired element is located. 

2021-05-04 10:20:34 - [MESSAGE][WARNING] - Object 'Object Repository/Canine/Filter/Diagnosis/BladderCancer_Chkbx' is not present after 10 second(s)

2021-05-04 10:20:34 - [TEST_STEP][PASSED] - ctdc.utilities.runtestcaseforKatalon.clickTab("Object Repository/Canine/Filter/Diagnosis/BladderCancer_Chkbx"): ctdc.utilities.runtestcaseforKatalon.clickTab is PASSED

2021-05-04 10:20:35 - [MESSAGE][PASSED] - ctdc.utilities.runtestcaseforKatalon.clickTab is PASSED

2021-05-04 10:20:35 - [TEST_STEP][PASSED] - ctdc.utilities.runtestcaseforKatalon.clickTab("Object Repository/Canine/Filter/Diagnosis/DIAGNOSIS_Ddn"): ctdc.utilities.runtestcaseforKatalon.clickTab is PASSED

2021-05-04 10:20:38 - [MESSAGE][PASSED] - ctdc.utilities.runtestcaseforKatalon.clickTab is PASSED

2021-05-04 10:20:38 - [TEST_STEP][PASSED] - waitForElementPresent(findTestObject("Object Repository/Canine/Filter/PrimDiseaseSite/PRIMARYDISEASESITE_Ddn"), 10): Object 'Object Repository/Canine/Filter/PrimDiseaseSite/PRIMARYDISEASESITE_Ddn' is not present after 10 second(s)

2021-05-04 10:20:50 - [MESSAGE][INFO] - Unable to find the element located by 'By.xpath: //*[@id='Primary Disease Site']'. Please recheck the objects properties to make sure the desired element is located. 

2021-05-04 10:20:50 - [MESSAGE][WARNING] - Object 'Object Repository/Canine/Filter/PrimDiseaseSite/PRIMARYDISEASESITE_Ddn' is not present after 10 second(s)

2021-05-04 10:20:50 - [TEST_STEP][PASSED] - ctdc.utilities.runtestcaseforKatalon.clickTab("Object Repository/Canine/Filter/PrimDiseaseSite/PRIMARYDISEASESITE_Ddn"): ctdc.utilities.runtestcaseforKatalon.clickTab is PASSED

2021-05-04 10:20:51 - [MESSAGE][PASSED] - ctdc.utilities.runtestcaseforKatalon.clickTab is PASSED

2021-05-04 10:20:51 - [TEST_STEP][PASSED] - waitForElementPresent(findTestObject("Object Repository/Canine/Filter/PrimDiseaseSite/BladderProstate_Chkbx"), 10): Object 'Object Repository/Canine/Filter/PrimDiseaseSite/BladderProstate_Chkbx' is not present after 10 second(s)

2021-05-04 10:21:02 - [MESSAGE][INFO] - Unable to find the element located by 'By.xpath: //*[contains(text(),'Bladder, Prostate')]'. Please recheck the objects properties to make sure the desired element is located. 

2021-05-04 10:21:02 - [MESSAGE][WARNING] - Object 'Object Repository/Canine/Filter/PrimDiseaseSite/BladderProstate_Chkbx' is not present after 10 second(s)

2021-05-04 10:21:02 - [TEST_STEP][PASSED] - ctdc.utilities.runtestcaseforKatalon.clickTab("Object Repository/Canine/Filter/PrimDiseaseSite/BladderProstate_Chkbx"): ctdc.utilities.runtestcaseforKatalon.clickTab is PASSED

2021-05-04 10:21:03 - [MESSAGE][PASSED] - ctdc.utilities.runtestcaseforKatalon.clickTab is PASSED

2021-05-04 10:21:03 - [TEST_STEP][PASSED] - ctdc.utilities.runtestcaseforKatalon.clickTab("Object Repository/Canine/Filter/PrimDiseaseSite/PRIMARYDISEASESITE_Ddn"): ctdc.utilities.runtestcaseforKatalon.clickTab is PASSED

2021-05-04 10:21:04 - [MESSAGE][PASSED] - ctdc.utilities.runtestcaseforKatalon.clickTab is PASSED

2021-05-04 10:21:04 - [TEST_STEP][PASSED] - waitForElementPresent(findTestObject("Object Repository/Canine/Filter/ResponseToTreatment/RESPONSETOTREATMENT_Ddn"), 10): Object 'Object Repository/Canine/Filter/ResponseToTreatment/RESPONSETOTREATMENT_Ddn' is not present after 10 second(s)

2021-05-04 10:21:15 - [MESSAGE][INFO] - Unable to find the element located by 'By.xpath: (//div[@id='Response to Treatment'])[1]'. Please recheck the objects properties to make sure the desired element is located. 

2021-05-04 10:21:15 - [MESSAGE][WARNING] - Object 'Object Repository/Canine/Filter/ResponseToTreatment/RESPONSETOTREATMENT_Ddn' is not present after 10 second(s)

2021-05-04 10:21:15 - [TEST_STEP][PASSED] - ctdc.utilities.runtestcaseforKatalon.clickTab("Object Repository/Canine/Filter/ResponseToTreatment/RESPONSETOTREATMENT_Ddn"): ctdc.utilities.runtestcaseforKatalon.clickTab is PASSED

2021-05-04 10:21:16 - [MESSAGE][PASSED] - ctdc.utilities.runtestcaseforKatalon.clickTab is PASSED

2021-05-04 10:21:16 - [TEST_STEP][PASSED] - waitForElementPresent(findTestObject("Object Repository/Canine/Filter/ResponseToTreatment/PartialResponse_Chkbx"), 10): Object 'Object Repository/Canine/Filter/ResponseToTreatment/PartialResponse_Chkbx' is not present after 10 second(s)

2021-05-04 10:21:27 - [MESSAGE][INFO] - Unable to find the element located by 'By.xpath: //*[contains(text(),'Partial Response')]'. Please recheck the objects properties to make sure the desired element is located. 

2021-05-04 10:21:27 - [MESSAGE][WARNING] - Object 'Object Repository/Canine/Filter/ResponseToTreatment/PartialResponse_Chkbx' is not present after 10 second(s)

2021-05-04 10:21:27 - [TEST_STEP][PASSED] - ctdc.utilities.runtestcaseforKatalon.clickTab("Object Repository/Canine/Filter/ResponseToTreatment/PartialResponse_Chkbx"): ctdc.utilities.runtestcaseforKatalon.clickTab is PASSED

2021-05-04 10:21:28 - [MESSAGE][PASSED] - ctdc.utilities.runtestcaseforKatalon.clickTab is PASSED

2021-05-04 10:21:28 - [TEST_STEP][PASSED] - ctdc.utilities.runtestcaseforKatalon.clickTab("Object Repository/Canine/Filter/ResponseToTreatment/RESPONSETOTREATMENT_Ddn"): ctdc.utilities.runtestcaseforKatalon.clickTab is PASSED

2021-05-04 10:21:30 - [MESSAGE][PASSED] - ctdc.utilities.runtestcaseforKatalon.clickTab is PASSED

2021-05-04 10:21:30 - [TEST_STEP][PASSED] - ctdc.utilities.runtestcaseforKatalon.readStatBarCanine("Object Repository/Canine/StatBar/Canine_StatBar-Studies", "Object Repository/Canine/StatBar/Canine_StatBar-Cases", "Object Repository/Canine/StatBar/Canine_StatBar-Samples", "Object Repository/Canine/StatBar/Canine_StatBar-Files", "Object Repository/Canine/StatBar/Canine_StatBar-Aliquots"): ctdc.utilities.runtestcaseforKatalon.readStatBarCanine is PASSED

2021-05-04 10:21:49 - [MESSAGE][PASSED] - ctdc.utilities.runtestcaseforKatalon.readStatBarCanine is PASSED

2021-05-04 10:21:49 - [TEST_STEP][PASSED] - waitForElementPresent(findTestObject("Object Repository/Canine/CanineResults_Cases_Tab"), 5): Object 'Object Repository/Canine/CanineResults_Cases_Tab' is not present after 5 second(s)

2021-05-04 10:21:56 - [MESSAGE][INFO] - Unable to find the element located by 'By.xpath: //*[@id="case_tab"]'. Please recheck the objects properties to make sure the desired element is located. 

2021-05-04 10:21:56 - [MESSAGE][WARNING] - Object 'Object Repository/Canine/CanineResults_Cases_Tab' is not present after 5 second(s)

2021-05-04 10:21:56 - [TEST_STEP][PASSED] - ctdc.utilities.runtestcaseforKatalon.clickTab("Object Repository/Canine/CanineResults_Cases_Tab"): ctdc.utilities.runtestcaseforKatalon.clickTab is PASSED

2021-05-04 10:21:57 - [MESSAGE][PASSED] - ctdc.utilities.runtestcaseforKatalon.clickTab is PASSED

2021-05-04 10:21:57 - [TEST_STEP][PASSED] - ctdc.utilities.runtestcaseforKatalon.multiFunction("ICDC", G_StatBar_Cases, "Object Repository/Canine/Canine_CasesTable", "Object Repository/Canine/Canine_TableHeader", "Object Repository/Canine/Canine_CasesTabNextBtn", G_WebTabnameCases, G_CypherTabnameCases, G_QueryCasesTab): Statbar Arms count matches

2021-05-04 10:22:26 - [MESSAGE][PASSED] - Statbar Files count matches

2021-05-04 10:22:26 - [MESSAGE][PASSED] - Statbar Samples count matches

2021-05-04 10:22:26 - [MESSAGE][PASSED] - Statbar Cases count matches

2021-05-04 10:22:26 - [MESSAGE][PASSED] - Statbar Arms count matches

2021-05-04 10:22:26 - [TEST_STEP][PASSED] - closeBrowser(): Browser is closed

2021-05-04 10:22:37 - [MESSAGE][PASSED] - Browser is closed]]></system-out>
         <system-err><![CDATA[]]></system-err>
      </testcase>
      <testcase name="Test Cases/Canine_TestCases/Study-Combinations/TC20_Canine_StudyUBC-Breed_Diagnosis_PrimDiseaseSite_RespToTreatmt" time="399.986" classname="Test Cases/Canine_TestCases/Study-Combinations/TC20_Canine_StudyUBC-Breed_Diagnosis_PrimDiseaseSite_RespToTreatmt" status="PASSED">
         <system-out><![CDATA[2021-05-04 10:22:37 - [TEST_CASE][PASSED] - Test Cases/Canine_TestCases/Study-Combinations/TC20_Canine_StudyUBC-Breed_Diagnosis_PrimDiseaseSite_RespToTreatmt: Test Cases/Canine_TestCases/Study-Combinations/TC20_Canine_StudyUBC-Breed_Diagnosis_PrimDiseaseSite_RespToTreatmt

2021-05-04 10:22:41 - [TEST_STEP][PASSED] - closeBrowser(): Browser is closed

2021-05-04 10:22:41 - [MESSAGE][PASSED] - Browser is closed

2021-05-04 10:22:41 - [TEST_STEP][PASSED] - openBrowser(""): Browser is opened with url: ''

2021-05-04 10:22:42 - [MESSAGE][INFO] - Starting 'Chrome (headless)' driver

2021-05-04 10:22:42 - [MESSAGE][INFO] - User set preference: ['args', '[--no-sandbox]']

2021-05-04 10:22:42 - [MESSAGE][INFO] - Action delay is set to 5,000 milliseconds

2021-05-04 10:22:50 - [MESSAGE][PASSED] - Browser is opened with url: ''

2021-05-04 10:22:50 - [TEST_STEP][PASSED] - maximizeWindow(): Current window maximized

2021-05-04 10:22:50 - [MESSAGE][PASSED] - Current window maximized

2021-05-04 10:22:50 - [TEST_STEP][PASSED] - "Driver opened by Katalon is used in Selenium from this step.": null

2021-05-04 10:22:50 - [TEST_STEP][PASSED] - ctdc.utilities.runtestcaseforKatalon.RunKatalon("TC20_Canine_StudyUBC-Breed_Diagnosis_PrimDiseaseSite_RespToTreatmt.xlsx"): Data loaded from input file for the test case. 

2021-05-04 10:22:50 - [MESSAGE][PASSED] - Test case file loaded This is the full filepath after converting to string :C:\Users\radhakrishnang2\Desktop\Commons_Automation\InputFiles\TC20_Canine_StudyUBC-Breed_Diagnosis_PrimDiseaseSite_RespToTreatmt.xlsx

2021-05-04 10:22:50 - [MESSAGE][INFO] - Global variable set for password file is :  C:\Users\radhakrishnang2\Desktop\Commons_Automation\InputFiles\TC20_Canine_StudyUBC-Breed_Diagnosis_PrimDiseaseSite_RespToTreatmt.xlsx

2021-05-04 10:22:50 - [MESSAGE][PASSED] - Data loaded from input file for the test case. 

2021-05-04 10:23:21 - [TEST_STEP][PASSED] - waitForElementPresent(findTestObject("Canine/NavBar/Canine_Cases_Btn"), 10): Object 'Object Repository/Canine/NavBar/Canine_Cases_Btn' is not present after 10 second(s)

2021-05-04 10:23:33 - [MESSAGE][INFO] - Unable to find the element located by 'By.xpath: //a[contains(@href,'cases')]'. Please recheck the objects properties to make sure the desired element is located. 

2021-05-04 10:23:33 - [MESSAGE][WARNING] - Object 'Object Repository/Canine/NavBar/Canine_Cases_Btn' is not present after 10 second(s)

2021-05-04 10:23:33 - [TEST_STEP][PASSED] - ctdc.utilities.runtestcaseforKatalon.clickTab("Canine/NavBar/Canine_Cases_Btn"): ctdc.utilities.runtestcaseforKatalon.clickTab is PASSED

2021-05-04 10:23:33 - [MESSAGE][PASSED] - ctdc.utilities.runtestcaseforKatalon.clickTab is PASSED

2021-05-04 10:23:33 - [TEST_STEP][PASSED] - waitForElementPresent(findTestObject("Object Repository/Canine/Filter/FilterByCases_Facet"), 10): Object 'Object Repository/Canine/Filter/FilterByCases_Facet' is not present after 10 second(s)

2021-05-04 10:23:44 - [MESSAGE][INFO] - Unable to find the element located by 'By.xpath: //*[contains(text(),'Filter By Cases')]'. Please recheck the objects properties to make sure the desired element is located. 

2021-05-04 10:23:44 - [MESSAGE][WARNING] - Object 'Object Repository/Canine/Filter/FilterByCases_Facet' is not present after 10 second(s)

2021-05-04 10:23:44 - [TEST_STEP][PASSED] - ctdc.utilities.runtestcaseforKatalon.clickTab("Object Repository/Canine/Filter/FilterByCases_Facet"): ctdc.utilities.runtestcaseforKatalon.clickTab is PASSED

2021-05-04 10:23:46 - [MESSAGE][PASSED] - ctdc.utilities.runtestcaseforKatalon.clickTab is PASSED

2021-05-04 10:23:46 - [TEST_STEP][PASSED] - waitForElementPresent(findTestObject("Object Repository/Canine/Filter/Study/Canine_Filter_Study"), 10): Object 'Object Repository/Canine/Filter/Study/Canine_Filter_Study' is not present after 10 second(s)

2021-05-04 10:23:58 - [MESSAGE][INFO] - Unable to find the element located by 'By.xpath: //*[@id='Study']'. Please recheck the objects properties to make sure the desired element is located. 

2021-05-04 10:23:58 - [MESSAGE][WARNING] - Object 'Object Repository/Canine/Filter/Study/Canine_Filter_Study' is not present after 10 second(s)

2021-05-04 10:23:58 - [TEST_STEP][PASSED] - ctdc.utilities.runtestcaseforKatalon.clickTab("Object Repository/Canine/Filter/Study/Canine_Filter_Study"): ctdc.utilities.runtestcaseforKatalon.clickTab is PASSED

2021-05-04 10:23:59 - [MESSAGE][PASSED] - ctdc.utilities.runtestcaseforKatalon.clickTab is PASSED

2021-05-04 10:23:59 - [TEST_STEP][PASSED] - waitForElementPresent(findTestObject("Object Repository/Canine/Filter/Study/Canine_Filter_Study-UBC_Chkbx"), 10): Object 'Object Repository/Canine/Filter/Study/Canine_Filter_Study-UBC_Chkbx' is not present after 10 second(s)

2021-05-04 10:24:10 - [MESSAGE][INFO] - Unable to find the element located by 'By.xpath: (//*[contains(text(),'UBC')])[1]'. Please recheck the objects properties to make sure the desired element is located. 

2021-05-04 10:24:10 - [MESSAGE][WARNING] - Object 'Object Repository/Canine/Filter/Study/Canine_Filter_Study-UBC_Chkbx' is not present after 10 second(s)

2021-05-04 10:24:10 - [TEST_STEP][PASSED] - ctdc.utilities.runtestcaseforKatalon.clickTab("Object Repository/Canine/Filter/Study/Canine_Filter_Study-UBC_Chkbx"): ctdc.utilities.runtestcaseforKatalon.clickTab is PASSED

2021-05-04 10:24:11 - [MESSAGE][PASSED] - ctdc.utilities.runtestcaseforKatalon.clickTab is PASSED

2021-05-04 10:24:11 - [TEST_STEP][PASSED] - Thread.sleep(2000): null

2021-05-04 10:24:13 - [TEST_STEP][PASSED] - waitForElementPresent(findTestObject("Object Repository/Canine/Filter/Breed/BREED_Ddn"), 10): Object 'Object Repository/Canine/Filter/Breed/BREED_Ddn' is not present after 10 second(s)

2021-05-04 10:24:24 - [MESSAGE][INFO] - Unable to find the element located by 'By.xpath: //*[@id='Breed']'. Please recheck the objects properties to make sure the desired element is located. 

2021-05-04 10:24:24 - [MESSAGE][WARNING] - Object 'Object Repository/Canine/Filter/Breed/BREED_Ddn' is not present after 10 second(s)

2021-05-04 10:24:24 - [TEST_STEP][PASSED] - ctdc.utilities.runtestcaseforKatalon.clickTab("Object Repository/Canine/Filter/Breed/BREED_Ddn"): ctdc.utilities.runtestcaseforKatalon.clickTab is PASSED

2021-05-04 10:24:25 - [MESSAGE][PASSED] - ctdc.utilities.runtestcaseforKatalon.clickTab is PASSED

2021-05-04 10:24:25 - [TEST_STEP][PASSED] - waitForElementPresent(findTestObject("Object Repository/Canine/Filter/Breed/BassHnd_Chkbx"), 10): Object 'Object Repository/Canine/Filter/Breed/BassHnd_Chkbx' is not present after 10 second(s)

2021-05-04 10:24:36 - [MESSAGE][INFO] - Unable to find the element located by 'By.xpath: //*[contains(text(),'Basset Hound')]'. Please recheck the objects properties to make sure the desired element is located. 

2021-05-04 10:24:36 - [MESSAGE][WARNING] - Object 'Object Repository/Canine/Filter/Breed/BassHnd_Chkbx' is not present after 10 second(s)

2021-05-04 10:24:36 - [TEST_STEP][PASSED] - ctdc.utilities.runtestcaseforKatalon.clickTab("Object Repository/Canine/Filter/Breed/BassHnd_Chkbx"): ctdc.utilities.runtestcaseforKatalon.clickTab is PASSED

2021-05-04 10:24:37 - [MESSAGE][PASSED] - ctdc.utilities.runtestcaseforKatalon.clickTab is PASSED

2021-05-04 10:24:37 - [TEST_STEP][PASSED] - waitForElementPresent(findTestObject("Object Repository/Canine/Filter/Breed/BelgMalin_Chkbx"), 10): Object 'Object Repository/Canine/Filter/Breed/BelgMalin_Chkbx' is not present after 10 second(s)

2021-05-04 10:24:48 - [MESSAGE][INFO] - Unable to find the element located by 'By.xpath: //*[contains(text(),'Belgian Malinois')]'. Please recheck the objects properties to make sure the desired element is located. 

2021-05-04 10:24:48 - [MESSAGE][WARNING] - Object 'Object Repository/Canine/Filter/Breed/BelgMalin_Chkbx' is not present after 10 second(s)

2021-05-04 10:24:48 - [TEST_STEP][PASSED] - ctdc.utilities.runtestcaseforKatalon.clickTab("Object Repository/Canine/Filter/Breed/BelgMalin_Chkbx"): ctdc.utilities.runtestcaseforKatalon.clickTab is PASSED

2021-05-04 10:24:49 - [MESSAGE][PASSED] - ctdc.utilities.runtestcaseforKatalon.clickTab is PASSED

2021-05-04 10:24:49 - [TEST_STEP][PASSED] - waitForElementPresent(findTestObject("Object Repository/Canine/Filter/Breed/Labrador_Chkbx"), 10): Object 'Object Repository/Canine/Filter/Breed/Labrador_Chkbx' is not present after 10 second(s)

2021-05-04 10:25:00 - [MESSAGE][INFO] - Unable to find the element located by 'By.xpath: //*[contains(text(),'Labrador Retriever')]'. Please recheck the objects properties to make sure the desired element is located. 

2021-05-04 10:25:00 - [MESSAGE][WARNING] - Object 'Object Repository/Canine/Filter/Breed/Labrador_Chkbx' is not present after 10 second(s)

2021-05-04 10:25:00 - [TEST_STEP][PASSED] - ctdc.utilities.runtestcaseforKatalon.clickTab("Object Repository/Canine/Filter/Breed/Labrador_Chkbx"): ctdc.utilities.runtestcaseforKatalon.clickTab is PASSED

2021-05-04 10:25:01 - [MESSAGE][PASSED] - ctdc.utilities.runtestcaseforKatalon.clickTab is PASSED

2021-05-04 10:25:01 - [TEST_STEP][PASSED] - waitForElementPresent(findTestObject("Object Repository/Canine/Filter/Breed/WestHland_Chkbx"), 10): Object 'Object Repository/Canine/Filter/Breed/WestHland_Chkbx' is not present after 10 second(s)

2021-05-04 10:25:12 - [MESSAGE][INFO] - Unable to find the element located by 'By.xpath: //*[contains(text(),'West Highland White Terrier')]'. Please recheck the objects properties to make sure the desired element is located. 

2021-05-04 10:25:12 - [MESSAGE][WARNING] - Object 'Object Repository/Canine/Filter/Breed/WestHland_Chkbx' is not present after 10 second(s)

2021-05-04 10:25:12 - [TEST_STEP][PASSED] - ctdc.utilities.runtestcaseforKatalon.clickTab("Object Repository/Canine/Filter/Breed/WestHland_Chkbx"): ctdc.utilities.runtestcaseforKatalon.clickTab is PASSED

2021-05-04 10:25:13 - [MESSAGE][PASSED] - ctdc.utilities.runtestcaseforKatalon.clickTab is PASSED

2021-05-04 10:25:13 - [TEST_STEP][PASSED] - ctdc.utilities.runtestcaseforKatalon.clickTab("Object Repository/Canine/Filter/Breed/BREED_Ddn"): ctdc.utilities.runtestcaseforKatalon.clickTab is PASSED

2021-05-04 10:25:14 - [MESSAGE][PASSED] - ctdc.utilities.runtestcaseforKatalon.clickTab is PASSED

2021-05-04 10:25:14 - [TEST_STEP][PASSED] - waitForElementPresent(findTestObject("Object Repository/Canine/Filter/Diagnosis/DIAGNOSIS_Ddn"), 10): Object 'Object Repository/Canine/Filter/Diagnosis/DIAGNOSIS_Ddn' is not present after 10 second(s)

2021-05-04 10:25:25 - [MESSAGE][INFO] - Unable to find the element located by 'By.xpath: (//*[@id='Diagnosis'])[1]'. Please recheck the objects properties to make sure the desired element is located. 

2021-05-04 10:25:25 - [MESSAGE][WARNING] - Object 'Object Repository/Canine/Filter/Diagnosis/DIAGNOSIS_Ddn' is not present after 10 second(s)

2021-05-04 10:25:25 - [TEST_STEP][PASSED] - ctdc.utilities.runtestcaseforKatalon.clickTab("Object Repository/Canine/Filter/Diagnosis/DIAGNOSIS_Ddn"): ctdc.utilities.runtestcaseforKatalon.clickTab is PASSED

2021-05-04 10:25:26 - [MESSAGE][PASSED] - ctdc.utilities.runtestcaseforKatalon.clickTab is PASSED

2021-05-04 10:25:26 - [TEST_STEP][PASSED] - waitForElementPresent(findTestObject("Object Repository/Canine/Filter/Diagnosis/BladderCancer_Chkbx"), 10): Object 'Object Repository/Canine/Filter/Diagnosis/BladderCancer_Chkbx' is not present after 10 second(s)

2021-05-04 10:25:37 - [MESSAGE][INFO] - Unable to find the element located by 'By.xpath: //*[contains(text(),'Bladder Cancer')]'. Please recheck the objects properties to make sure the desired element is located. 

2021-05-04 10:25:37 - [MESSAGE][WARNING] - Object 'Object Repository/Canine/Filter/Diagnosis/BladderCancer_Chkbx' is not present after 10 second(s)

2021-05-04 10:25:37 - [TEST_STEP][PASSED] - ctdc.utilities.runtestcaseforKatalon.clickTab("Object Repository/Canine/Filter/Diagnosis/BladderCancer_Chkbx"): ctdc.utilities.runtestcaseforKatalon.clickTab is PASSED

2021-05-04 10:25:37 - [MESSAGE][PASSED] - ctdc.utilities.runtestcaseforKatalon.clickTab is PASSED

2021-05-04 10:25:37 - [TEST_STEP][PASSED] - ctdc.utilities.runtestcaseforKatalon.clickTab("Object Repository/Canine/Filter/Diagnosis/DIAGNOSIS_Ddn"): ctdc.utilities.runtestcaseforKatalon.clickTab is PASSED

2021-05-04 10:25:39 - [MESSAGE][PASSED] - ctdc.utilities.runtestcaseforKatalon.clickTab is PASSED

2021-05-04 10:25:39 - [TEST_STEP][PASSED] - waitForElementPresent(findTestObject("Object Repository/Canine/Filter/PrimDiseaseSite/PRIMARYDISEASESITE_Ddn"), 10): Object 'Object Repository/Canine/Filter/PrimDiseaseSite/PRIMARYDISEASESITE_Ddn' is not present after 10 second(s)

2021-05-04 10:25:51 - [MESSAGE][INFO] - Unable to find the element located by 'By.xpath: //*[@id='Primary Disease Site']'. Please recheck the objects properties to make sure the desired element is located. 

2021-05-04 10:25:51 - [MESSAGE][WARNING] - Object 'Object Repository/Canine/Filter/PrimDiseaseSite/PRIMARYDISEASESITE_Ddn' is not present after 10 second(s)

2021-05-04 10:25:51 - [TEST_STEP][PASSED] - ctdc.utilities.runtestcaseforKatalon.clickTab("Object Repository/Canine/Filter/PrimDiseaseSite/PRIMARYDISEASESITE_Ddn"): ctdc.utilities.runtestcaseforKatalon.clickTab is PASSED

2021-05-04 10:25:51 - [MESSAGE][PASSED] - ctdc.utilities.runtestcaseforKatalon.clickTab is PASSED

2021-05-04 10:25:51 - [TEST_STEP][PASSED] - waitForElementPresent(findTestObject("Object Repository/Canine/Filter/PrimDiseaseSite/BladderProstate_Chkbx"), 10): Object 'Object Repository/Canine/Filter/PrimDiseaseSite/BladderProstate_Chkbx' is not present after 10 second(s)

2021-05-04 10:26:03 - [MESSAGE][INFO] - Unable to find the element located by 'By.xpath: //*[contains(text(),'Bladder, Prostate')]'. Please recheck the objects properties to make sure the desired element is located. 

2021-05-04 10:26:03 - [MESSAGE][WARNING] - Object 'Object Repository/Canine/Filter/PrimDiseaseSite/BladderProstate_Chkbx' is not present after 10 second(s)

2021-05-04 10:26:03 - [TEST_STEP][PASSED] - ctdc.utilities.runtestcaseforKatalon.clickTab("Object Repository/Canine/Filter/PrimDiseaseSite/BladderProstate_Chkbx"): ctdc.utilities.runtestcaseforKatalon.clickTab is PASSED

2021-05-04 10:26:03 - [MESSAGE][PASSED] - ctdc.utilities.runtestcaseforKatalon.clickTab is PASSED

2021-05-04 10:26:03 - [TEST_STEP][PASSED] - waitForElementPresent(findTestObject("Object Repository/Canine/Filter/PrimDiseaseSite/BladderUrethra_Chkbx"), 10): Object 'Object Repository/Canine/Filter/PrimDiseaseSite/BladderUrethra_Chkbx' is not present after 10 second(s)

2021-05-04 10:26:14 - [MESSAGE][INFO] - Unable to find the element located by 'By.xpath: (//*[contains(text(),'Bladder, Urethra')])[1]'. Please recheck the objects properties to make sure the desired element is located. 

2021-05-04 10:26:14 - [MESSAGE][WARNING] - Object 'Object Repository/Canine/Filter/PrimDiseaseSite/BladderUrethra_Chkbx' is not present after 10 second(s)

2021-05-04 10:26:14 - [TEST_STEP][PASSED] - ctdc.utilities.runtestcaseforKatalon.clickTab("Object Repository/Canine/Filter/PrimDiseaseSite/BladderUrethra_Chkbx"): ctdc.utilities.runtestcaseforKatalon.clickTab is PASSED

2021-05-04 10:26:15 - [MESSAGE][PASSED] - ctdc.utilities.runtestcaseforKatalon.clickTab is PASSED

2021-05-04 10:26:15 - [TEST_STEP][PASSED] - waitForElementPresent(findTestObject("Object Repository/Canine/Filter/PrimDiseaseSite/BladderUrethraProstate_Chkbx"), 10): Object 'Object Repository/Canine/Filter/PrimDiseaseSite/BladderUrethraProstate_Chkbx' is not present after 10 second(s)

2021-05-04 10:26:26 - [MESSAGE][INFO] - Unable to find the element located by 'By.xpath: //*[contains(text(),'Bladder, Urethra, Prostate')]'. Please recheck the objects properties to make sure the desired element is located. 

2021-05-04 10:26:26 - [MESSAGE][WARNING] - Object 'Object Repository/Canine/Filter/PrimDiseaseSite/BladderUrethraProstate_Chkbx' is not present after 10 second(s)

2021-05-04 10:26:26 - [TEST_STEP][PASSED] - ctdc.utilities.runtestcaseforKatalon.clickTab("Object Repository/Canine/Filter/PrimDiseaseSite/BladderUrethraProstate_Chkbx"): ctdc.utilities.runtestcaseforKatalon.clickTab is PASSED

2021-05-04 10:26:27 - [MESSAGE][PASSED] - ctdc.utilities.runtestcaseforKatalon.clickTab is PASSED

2021-05-04 10:26:27 - [TEST_STEP][PASSED] - waitForElementPresent(findTestObject("Object Repository/Canine/Filter/PrimDiseaseSite/UrethraProstate_Chkbx"), 15): Object 'Object Repository/Canine/Filter/PrimDiseaseSite/UrethraProstate_Chkbx' is not present after 15 second(s)

2021-05-04 10:26:43 - [MESSAGE][INFO] - Unable to find the element located by 'By.xpath: (//*[contains(text(),'Urethra, Prostate')])[2]'. Please recheck the objects properties to make sure the desired element is located. 

2021-05-04 10:26:43 - [MESSAGE][WARNING] - Object 'Object Repository/Canine/Filter/PrimDiseaseSite/UrethraProstate_Chkbx' is not present after 15 second(s)

2021-05-04 10:26:43 - [TEST_STEP][PASSED] - ctdc.utilities.runtestcaseforKatalon.clickTab("Object Repository/Canine/Filter/PrimDiseaseSite/UrethraProstate_Chkbx"): ctdc.utilities.runtestcaseforKatalon.clickTab is PASSED

2021-05-04 10:26:44 - [MESSAGE][PASSED] - ctdc.utilities.runtestcaseforKatalon.clickTab is PASSED

2021-05-04 10:26:44 - [TEST_STEP][PASSED] - ctdc.utilities.runtestcaseforKatalon.clickTab("Object Repository/Canine/Filter/PrimDiseaseSite/PRIMARYDISEASESITE_Ddn"): ctdc.utilities.runtestcaseforKatalon.clickTab is PASSED

2021-05-04 10:26:46 - [MESSAGE][PASSED] - ctdc.utilities.runtestcaseforKatalon.clickTab is PASSED

2021-05-04 10:26:46 - [TEST_STEP][PASSED] - waitForElementPresent(findTestObject("Object Repository/Canine/Filter/ResponseToTreatment/RESPONSETOTREATMENT_Ddn"), 10): Object 'Object Repository/Canine/Filter/ResponseToTreatment/RESPONSETOTREATMENT_Ddn' is not present after 10 second(s)

2021-05-04 10:26:57 - [MESSAGE][INFO] - Unable to find the element located by 'By.xpath: (//div[@id='Response to Treatment'])[1]'. Please recheck the objects properties to make sure the desired element is located. 

2021-05-04 10:26:57 - [MESSAGE][WARNING] - Object 'Object Repository/Canine/Filter/ResponseToTreatment/RESPONSETOTREATMENT_Ddn' is not present after 10 second(s)

2021-05-04 10:26:57 - [TEST_STEP][PASSED] - ctdc.utilities.runtestcaseforKatalon.clickTab("Object Repository/Canine/Filter/ResponseToTreatment/RESPONSETOTREATMENT_Ddn"): ctdc.utilities.runtestcaseforKatalon.clickTab is PASSED

2021-05-04 10:26:58 - [MESSAGE][PASSED] - ctdc.utilities.runtestcaseforKatalon.clickTab is PASSED

2021-05-04 10:26:58 - [TEST_STEP][PASSED] - waitForElementPresent(findTestObject("Object Repository/Canine/Filter/ResponseToTreatment/NotDetermined_Chkbx"), 10): Object 'Object Repository/Canine/Filter/ResponseToTreatment/NotDetermined_Chkbx' is not present after 10 second(s)

2021-05-04 10:27:09 - [MESSAGE][INFO] - Unable to find the element located by 'By.xpath: //*[contains(text(),'Not Determined')]'. Please recheck the objects properties to make sure the desired element is located. 

2021-05-04 10:27:09 - [MESSAGE][WARNING] - Object 'Object Repository/Canine/Filter/ResponseToTreatment/NotDetermined_Chkbx' is not present after 10 second(s)

2021-05-04 10:27:09 - [TEST_STEP][PASSED] - ctdc.utilities.runtestcaseforKatalon.clickTab("Object Repository/Canine/Filter/ResponseToTreatment/NotDetermined_Chkbx"): ctdc.utilities.runtestcaseforKatalon.clickTab is PASSED

2021-05-04 10:27:09 - [MESSAGE][PASSED] - ctdc.utilities.runtestcaseforKatalon.clickTab is PASSED

2021-05-04 10:27:09 - [TEST_STEP][PASSED] - waitForElementPresent(findTestObject("Object Repository/Canine/Filter/ResponseToTreatment/PartialResponse_Chkbx"), 10): Object 'Object Repository/Canine/Filter/ResponseToTreatment/PartialResponse_Chkbx' is not present after 10 second(s)

2021-05-04 10:27:21 - [MESSAGE][INFO] - Unable to find the element located by 'By.xpath: //*[contains(text(),'Partial Response')]'. Please recheck the objects properties to make sure the desired element is located. 

2021-05-04 10:27:21 - [MESSAGE][WARNING] - Object 'Object Repository/Canine/Filter/ResponseToTreatment/PartialResponse_Chkbx' is not present after 10 second(s)

2021-05-04 10:27:21 - [TEST_STEP][PASSED] - ctdc.utilities.runtestcaseforKatalon.clickTab("Object Repository/Canine/Filter/ResponseToTreatment/PartialResponse_Chkbx"): ctdc.utilities.runtestcaseforKatalon.clickTab is PASSED

2021-05-04 10:27:21 - [MESSAGE][PASSED] - ctdc.utilities.runtestcaseforKatalon.clickTab is PASSED

2021-05-04 10:27:21 - [TEST_STEP][PASSED] - waitForElementPresent(findTestObject("Object Repository/Canine/Filter/ResponseToTreatment/ProgrDisease_Chkbx"), 10): Object 'Object Repository/Canine/Filter/ResponseToTreatment/ProgrDisease_Chkbx' is not present after 10 second(s)

2021-05-04 10:27:32 - [MESSAGE][INFO] - Unable to find the element located by 'By.xpath: //*[contains(text(),'Progressive Disease')]'. Please recheck the objects properties to make sure the desired element is located. 

2021-05-04 10:27:32 - [MESSAGE][WARNING] - Object 'Object Repository/Canine/Filter/ResponseToTreatment/ProgrDisease_Chkbx' is not present after 10 second(s)

2021-05-04 10:27:32 - [TEST_STEP][PASSED] - ctdc.utilities.runtestcaseforKatalon.clickTab("Object Repository/Canine/Filter/ResponseToTreatment/ProgrDisease_Chkbx"): ctdc.utilities.runtestcaseforKatalon.clickTab is PASSED

2021-05-04 10:27:33 - [MESSAGE][PASSED] - ctdc.utilities.runtestcaseforKatalon.clickTab is PASSED

2021-05-04 10:27:33 - [TEST_STEP][PASSED] - waitForElementPresent(findTestObject("Object Repository/Canine/Filter/ResponseToTreatment/StableDisease_Chkbx"), 10): Object 'Object Repository/Canine/Filter/ResponseToTreatment/StableDisease_Chkbx' is not present after 10 second(s)

2021-05-04 10:27:44 - [MESSAGE][INFO] - Unable to find the element located by 'By.xpath: //*[contains(text(),'Stable Disease')]'. Please recheck the objects properties to make sure the desired element is located. 

2021-05-04 10:27:44 - [MESSAGE][WARNING] - Object 'Object Repository/Canine/Filter/ResponseToTreatment/StableDisease_Chkbx' is not present after 10 second(s)

2021-05-04 10:27:44 - [TEST_STEP][PASSED] - ctdc.utilities.runtestcaseforKatalon.clickTab("Object Repository/Canine/Filter/ResponseToTreatment/StableDisease_Chkbx"): ctdc.utilities.runtestcaseforKatalon.clickTab is PASSED

2021-05-04 10:27:45 - [MESSAGE][PASSED] - ctdc.utilities.runtestcaseforKatalon.clickTab is PASSED

2021-05-04 10:27:45 - [TEST_STEP][PASSED] - ctdc.utilities.runtestcaseforKatalon.clickTab("Object Repository/Canine/Filter/ResponseToTreatment/RESPONSETOTREATMENT_Ddn"): ctdc.utilities.runtestcaseforKatalon.clickTab is PASSED

2021-05-04 10:27:46 - [MESSAGE][PASSED] - ctdc.utilities.runtestcaseforKatalon.clickTab is PASSED

2021-05-04 10:27:46 - [TEST_STEP][PASSED] - ctdc.utilities.runtestcaseforKatalon.readStatBarCanine("Object Repository/Canine/StatBar/Canine_StatBar-Studies", "Object Repository/Canine/StatBar/Canine_StatBar-Cases", "Object Repository/Canine/StatBar/Canine_StatBar-Samples", "Object Repository/Canine/StatBar/Canine_StatBar-Files", "Object Repository/Canine/StatBar/Canine_StatBar-Aliquots"): ctdc.utilities.runtestcaseforKatalon.readStatBarCanine is PASSED

2021-05-04 10:28:02 - [MESSAGE][PASSED] - ctdc.utilities.runtestcaseforKatalon.readStatBarCanine is PASSED

2021-05-04 10:28:02 - [TEST_STEP][PASSED] - waitForElementPresent(findTestObject("Object Repository/Canine/CanineResults_Cases_Tab"), 5): Object 'Object Repository/Canine/CanineResults_Cases_Tab' is not present after 5 second(s)

2021-05-04 10:28:08 - [MESSAGE][INFO] - Unable to find the element located by 'By.xpath: //*[@id="case_tab"]'. Please recheck the objects properties to make sure the desired element is located. 

2021-05-04 10:28:08 - [MESSAGE][WARNING] - Object 'Object Repository/Canine/CanineResults_Cases_Tab' is not present after 5 second(s)

2021-05-04 10:28:08 - [TEST_STEP][PASSED] - ctdc.utilities.runtestcaseforKatalon.clickTab("Object Repository/Canine/CanineResults_Cases_Tab"): ctdc.utilities.runtestcaseforKatalon.clickTab is PASSED

2021-05-04 10:28:10 - [MESSAGE][PASSED] - ctdc.utilities.runtestcaseforKatalon.clickTab is PASSED

2021-05-04 10:28:10 - [TEST_STEP][PASSED] - ctdc.utilities.runtestcaseforKatalon.multiFunction("ICDC", G_StatBar_Cases, "Object Repository/Canine/Canine_CasesTable", "Object Repository/Canine/Canine_TableHeader", "Object Repository/Canine/Canine_CasesTabNextBtn", G_WebTabnameCases, G_CypherTabnameCases, G_QueryCasesTab): Statbar Arms count matches

2021-05-04 10:29:16 - [MESSAGE][PASSED] - Statbar Files count matches

2021-05-04 10:29:16 - [MESSAGE][PASSED] - Statbar Samples count matches

2021-05-04 10:29:16 - [MESSAGE][PASSED] - Statbar Cases count matches

2021-05-04 10:29:16 - [MESSAGE][PASSED] - Statbar Arms count matches

2021-05-04 10:29:16 - [TEST_STEP][PASSED] - closeBrowser(): Browser is closed

2021-05-04 10:29:17 - [MESSAGE][PASSED] - Browser is closed]]></system-out>
         <system-err><![CDATA[]]></system-err>
      </testcase>
      <system-out><![CDATA[2021-05-04 08:58:21 - [TEST_SUITE][FAILED] - ICDC_NewStudy: Test Cases/Canine_TestCases/Study-Combinations/TC17_Canine_StudyUBC-Breed_Diagnosis_PrimDiseaseSite_RespToTreatmt FAILED.
Reason:
com.kms.katalon.core.exception.StepFailedException: Mismatch in Stat Bar Files count
	at com.kms.katalon.core.util.KeywordUtil.markFailed(KeywordUtil.java:19)
	at com.kms.katalon.core.util.KeywordUtil$markFailed$1.call(Unknown Source)
	at ctdc.utilities.runtestcaseforKatalon.validateStatBar(runtestcaseforKatalon.groovy:923)
	at ctdc.utilities.runtestcaseforKatalon.multiFunction(runtestcaseforKatalon.groovy:251)
	at ctdc.utilities.runtestcaseforKatalon.invokeMethod(runtestcaseforKatalon.groovy)
	at com.kms.katalon.core.main.CustomKeywordDelegatingMetaClass.invokeStaticMethod(CustomKeywordDelegatingMetaClass.java:50)
	at TC17_Canine_StudyUBC-Breed_Diagnosis_PrimDiseaseSite_RespToTreatmt.run(TC17_Canine_StudyUBC-Breed_Diagnosis_PrimDiseaseSite_RespToTreatmt:105)
	at com.kms.katalon.core.main.ScriptEngine.run(ScriptEngine.java:194)
	at com.kms.katalon.core.main.ScriptEngine.runScriptAsRawText(ScriptEngine.java:119)
	at com.kms.katalon.core.main.TestCaseExecutor.runScript(TestCaseExecutor.java:339)
	at com.kms.katalon.core.main.TestCaseExecutor.doExecute(TestCaseExecutor.java:330)
	at com.kms.katalon.core.main.TestCaseExecutor.processExecutionPhase(TestCaseExecutor.java:309)
	at com.kms.katalon.core.main.TestCaseExecutor.accessMainPhase(TestCaseExecutor.java:301)
	at com.kms.katalon.core.main.TestCaseExecutor.execute(TestCaseExecutor.java:235)
	at com.kms.katalon.core.main.TestSuiteExecutor.accessTestCaseMainPhase(TestSuiteExecutor.java:191)
	at com.kms.katalon.core.main.TestSuiteExecutor.accessTestSuiteMainPhase(TestSuiteExecutor.java:141)
	at com.kms.katalon.core.main.TestSuiteExecutor.execute(TestSuiteExecutor.java:90)
	at com.kms.katalon.core.main.TestCaseMain.startTestSuite(TestCaseMain.java:157)
	at com.kms.katalon.core.main.TestCaseMain$startTestSuite$0.call(Unknown Source)
	at TempTestSuite1620143885222.run(TempTestSuite1620143885222.groovy:39)]]></system-out>
      <system-err><![CDATA[2021-05-04 08:58:21 - [TEST_SUITE][FAILED] - ICDC_NewStudy: Test Cases/Canine_TestCases/Study-Combinations/TC17_Canine_StudyUBC-Breed_Diagnosis_PrimDiseaseSite_RespToTreatmt FAILED.
Reason:
com.kms.katalon.core.exception.StepFailedException: Mismatch in Stat Bar Files count
	at com.kms.katalon.core.util.KeywordUtil.markFailed(KeywordUtil.java:19)
	at com.kms.katalon.core.util.KeywordUtil$markFailed$1.call(Unknown Source)
	at ctdc.utilities.runtestcaseforKatalon.validateStatBar(runtestcaseforKatalon.groovy:923)
	at ctdc.utilities.runtestcaseforKatalon.multiFunction(runtestcaseforKatalon.groovy:251)
	at ctdc.utilities.runtestcaseforKatalon.invokeMethod(runtestcaseforKatalon.groovy)
	at com.kms.katalon.core.main.CustomKeywordDelegatingMetaClass.invokeStaticMethod(CustomKeywordDelegatingMetaClass.java:50)
	at TC17_Canine_StudyUBC-Breed_Diagnosis_PrimDiseaseSite_RespToTreatmt.run(TC17_Canine_StudyUBC-Breed_Diagnosis_PrimDiseaseSite_RespToTreatmt:105)
	at com.kms.katalon.core.main.ScriptEngine.run(ScriptEngine.java:194)
	at com.kms.katalon.core.main.ScriptEngine.runScriptAsRawText(ScriptEngine.java:119)
	at com.kms.katalon.core.main.TestCaseExecutor.runScript(TestCaseExecutor.java:339)
	at com.kms.katalon.core.main.TestCaseExecutor.doExecute(TestCaseExecutor.java:330)
	at com.kms.katalon.core.main.TestCaseExecutor.processExecutionPhase(TestCaseExecutor.java:309)
	at com.kms.katalon.core.main.TestCaseExecutor.accessMainPhase(TestCaseExecutor.java:301)
	at com.kms.katalon.core.main.TestCaseExecutor.execute(TestCaseExecutor.java:235)
	at com.kms.katalon.core.main.TestSuiteExecutor.accessTestCaseMainPhase(TestSuiteExecutor.java:191)
	at com.kms.katalon.core.main.TestSuiteExecutor.accessTestSuiteMainPhase(TestSuiteExecutor.java:141)
	at com.kms.katalon.core.main.TestSuiteExecutor.execute(TestSuiteExecutor.java:90)
	at com.kms.katalon.core.main.TestCaseMain.startTestSuite(TestCaseMain.java:157)
	at com.kms.katalon.core.main.TestCaseMain$startTestSuite$0.call(Unknown Source)
	at TempTestSuite1620143885222.run(TempTestSuite1620143885222.groovy:39)]]></system-err>
   </testsuite>
</testsuites>
