<?xml version="1.0" encoding="UTF-8"?>
<testsuites name="Bento_TestSuite" time="1374.695" tests="7" failures="0" errors="1">
   <testsuite name="Bento_TestSuite" tests="7" failures="0" errors="1" time="1374.695" skipped="0" timestamp="2021-07-28 10:56:49" hostname="radhakrishnang2 - NCI-02150368-L.nci.nih.gov" id="Test Suites/Bento_TestSuite">
      <properties>
         <property name="deviceName" value=""/>
         <property name="devicePlatform" value=""/>
         <property name="logFolder" value="C:\\Users\\radhakrishnang2\\Commons_Automation\\Reports\\20210728_105645\\Bento_TestSuite\\20210728_105645"/>
         <property name="logFiles" value="C:\\Users\\radhakrishnang2\\Commons_Automation\\Reports\\20210728_105645\\Bento_TestSuite\\20210728_105645\\execution0.log"/>
         <property name="attachments" value=""/>
         <property name="hostName" value="radhakrishnang2 - NCI-02150368-L.nci.nih.gov"/>
         <property name="os" value="Windows 10 64bit"/>
         <property name="katalonVersion" value="8.0.5.208"/>
         <property name="browser" value="Chrome 92.0.4515.107"/>
         <property name="hostAddress" value="10.243.243.88"/>
         <property name="sessionId" value="b391bf012e79f08dce70417930a88b7d"/>
         <property name="seleniumVersion" value="3.141.59"/>
         <property name="proxyInformation" value="ProxyInformation { proxyOption=NO_PROXY, proxyServerType=HTTP, username=, password=********, proxyServerAddress=, proxyServerPort=0, executionList=&quot;&quot;, isApplyToDesiredCapabilities=true }"/>
         <property name="platform" value="Windows 10"/>
      </properties>
      <testcase name="Test Cases/Bento_TestCases/EndocrineTherapy/TC01_Bento_Filter_EndocrineTherapy-AI" time="560.712" classname="Test Cases/Bento_TestCases/EndocrineTherapy/TC01_Bento_Filter_EndocrineTherapy-AI" status="PASSED">
         <system-out><![CDATA[2021-07-28 10:56:51 - [TEST_CASE][PASSED] - Test Cases/Bento_TestCases/EndocrineTherapy/TC01_Bento_Filter_EndocrineTherapy-AI: Test Cases/Bento_TestCases/EndocrineTherapy/TC01_Bento_Filter_EndocrineTherapy-AI

2021-07-28 10:56:51 - [TEST_STEP][PASSED] - Start listener action : getTestScriptName: null

2021-07-28 10:56:51 - [TEST_STEP][PASSED] - TestCaseId = testCaseContext.getTestCaseId(): null

2021-07-28 10:56:51 - [TEST_STEP][PASSED] - out.println("**********this is the value of test case id string******** " + testCaseContext.getTestCaseId()): null

2021-07-28 10:56:51 - [TEST_STEP][PASSED] - G_currentTCName = TestCaseId.substring(TestCaseId.lastIndexOf("TC")): null

2021-07-28 10:56:51 - [TEST_STEP][PASSED] - out.println("This is the test case name : " + G_currentTCName): null

2021-07-28 10:56:51 - [TEST_STEP][PASSED] - closeBrowser(): Browser is closed

2021-07-28 10:56:51 - [MESSAGE][PASSED] - Browser is closed

2021-07-28 10:56:51 - [TEST_STEP][PASSED] - ctdc.utilities.runtestcaseforKatalon.RunKatalon("TC01_Bento_Filter_EndocrineTherapy-AI.xlsx"): Data loaded from input file for the test case. 

2021-07-28 10:56:52 - [MESSAGE][PASSED] - Test case file loaded This is the full filepath after converting to string :C:\Users\radhakrishnang2\Commons_Automation\InputFiles\TC01_Bento_Filter_EndocrineTherapy-AI.xlsx

2021-07-28 10:56:52 - [MESSAGE][INFO] - Global variable set for password file is :  C:\Users\radhakrishnang2\Commons_Automation\InputFiles\TC01_Bento_Filter_EndocrineTherapy-AI.xlsx

2021-07-28 10:56:56 - [MESSAGE][PASSED] - Data loaded from input file for the test case. 

2021-07-28 10:57:24 - [TEST_STEP][PASSED] - waitForElementClickable(findTestObject("Object Repository/Bento/NavBar/Bento_Cases-Btn"), 5): Object 'Object Repository/Bento/NavBar/Bento_Cases-Btn' is clickable

2021-07-28 10:57:25 - [MESSAGE][PASSED] - Object 'Object Repository/Bento/NavBar/Bento_Cases-Btn' is clickable

2021-07-28 10:57:25 - [TEST_STEP][PASSED] - ctdc.utilities.runtestcaseforKatalon.clickTab("Object Repository/Bento/NavBar/Bento_Cases-Btn"): ctdc.utilities.runtestcaseforKatalon.clickTab is PASSED

2021-07-28 10:57:25 - [MESSAGE][PASSED] - ctdc.utilities.runtestcaseforKatalon.clickTab is PASSED

2021-07-28 10:57:25 - [TEST_STEP][PASSED] - waitForElementClickable(findTestObject("Bento/Cases_page/Filter/FilterByCases_Facet"), 5): Object 'Object Repository/Bento/Cases_page/Filter/FilterByCases_Facet' is clickable

2021-07-28 10:57:26 - [MESSAGE][PASSED] - Object 'Object Repository/Bento/Cases_page/Filter/FilterByCases_Facet' is clickable

2021-07-28 10:57:26 - [TEST_STEP][PASSED] - ctdc.utilities.runtestcaseforKatalon.clickTab("Bento/Cases_page/Filter/FilterByCases_Facet"): ctdc.utilities.runtestcaseforKatalon.clickTab is PASSED

2021-07-28 10:57:26 - [MESSAGE][PASSED] - ctdc.utilities.runtestcaseforKatalon.clickTab is PASSED

2021-07-28 10:57:26 - [TEST_STEP][PASSED] - waitForElementClickable(findTestObject("Bento/Cases_page/Filter/EndocrineTherapy/ENDOCRINETHERAPY_Ddn"), 5): Object 'Object Repository/Bento/Cases_page/Filter/EndocrineTherapy/ENDOCRINETHERAPY_Ddn' is clickable

2021-07-28 10:57:26 - [MESSAGE][PASSED] - Object 'Object Repository/Bento/Cases_page/Filter/EndocrineTherapy/ENDOCRINETHERAPY_Ddn' is clickable

2021-07-28 10:57:26 - [TEST_STEP][PASSED] - ctdc.utilities.runtestcaseforKatalon.clickTab("Bento/Cases_page/Filter/EndocrineTherapy/ENDOCRINETHERAPY_Ddn"): ctdc.utilities.runtestcaseforKatalon.clickTab is PASSED

2021-07-28 10:57:26 - [MESSAGE][PASSED] - ctdc.utilities.runtestcaseforKatalon.clickTab is PASSED

2021-07-28 10:57:26 - [TEST_STEP][PASSED] - ctdc.utilities.runtestcaseforKatalon.clickTab("Object Repository/Bento/Cases_page/Filter/EndocrineTherapy/AI_Chkbx"): ctdc.utilities.runtestcaseforKatalon.clickTab is PASSED

2021-07-28 10:57:26 - [MESSAGE][PASSED] - ctdc.utilities.runtestcaseforKatalon.clickTab is PASSED

2021-07-28 10:57:26 - [TEST_STEP][PASSED] - ctdc.utilities.runtestcaseforKatalon.clickTab("Object Repository/Bento/Cases_page/Filter/EndocrineTherapy/ENDOCRINETHERAPY_Ddn"): ctdc.utilities.runtestcaseforKatalon.clickTab is PASSED

2021-07-28 10:57:27 - [MESSAGE][PASSED] - ctdc.utilities.runtestcaseforKatalon.clickTab is PASSED

2021-07-28 10:57:27 - [TEST_STEP][PASSED] - ctdc.utilities.runtestcaseforKatalon.readStatBarBento("Object Repository/Bento/StatBar/Bento_StatBar-Programs", "Object Repository/Bento/StatBar/Bento_StatBar-Arms", "Object Repository/Bento/StatBar/Bento_StatBar-Cases", "Object Repository/Bento/StatBar/Bento_StatBar-Samples", "Object Repository/Bento/StatBar/Bento_StatBar-Assays", "Object Repository/Bento/StatBar/Bento_StatBar-Files"): ctdc.utilities.runtestcaseforKatalon.readStatBarBento is PASSED

2021-07-28 10:57:35 - [MESSAGE][PASSED] - ctdc.utilities.runtestcaseforKatalon.readStatBarBento is PASSED

2021-07-28 10:57:35 - [TEST_STEP][PASSED] - waitForElementPresent(findTestObject("Object Repository/Bento/Cases_page/BentoResults_Cases_Tab"), 5): Object 'Object Repository/Bento/Cases_page/BentoResults_Cases_Tab' is present

2021-07-28 10:57:35 - [MESSAGE][PASSED] - Object 'Object Repository/Bento/Cases_page/BentoResults_Cases_Tab' is present

2021-07-28 10:57:35 - [TEST_STEP][PASSED] - ctdc.utilities.runtestcaseforKatalon.clickTab("Object Repository/Bento/Cases_page/BentoResults_Cases_Tab"): ctdc.utilities.runtestcaseforKatalon.clickTab is PASSED

2021-07-28 10:57:35 - [MESSAGE][PASSED] - ctdc.utilities.runtestcaseforKatalon.clickTab is PASSED

2021-07-28 10:57:35 - [TEST_STEP][PASSED] - ctdc.utilities.runtestcaseforKatalon.multiFunction("Bento", G_StatBar_Cases, "Object Repository/Bento/Cases_page/Bento_CasesTable", "Object Repository/Bento/Cases_page/Bento_CasesTableHeader", "Object Repository/Bento/Cases_page/Bento_CasesTabNextBtn", G_WebTabnameCases, G_CypherTabnameCases, G_QueryCasesTab): Statbar Files count matches

2021-07-28 11:06:11 - [MESSAGE][PASSED] - Statbar Programs count matches

2021-07-28 11:06:11 - [MESSAGE][PASSED] - Statbar Arms count matches

2021-07-28 11:06:11 - [MESSAGE][PASSED] - Statbar Cases count matches

2021-07-28 11:06:11 - [MESSAGE][PASSED] - Statbar Samples count matches

2021-07-28 11:06:11 - [MESSAGE][PASSED] - Statbar Assays count matches

2021-07-28 11:06:11 - [MESSAGE][PASSED] - Statbar Files count matches

2021-07-28 11:06:11 - [TEST_STEP][PASSED] - closeBrowser(): Browser is closed

2021-07-28 11:06:11 - [MESSAGE][PASSED] - Browser is closed]]></system-out>
         <system-err><![CDATA[]]></system-err>
      </testcase>
      <testcase name="Test Cases/Bento_TestCases/EndocrineTherapy/TC02_Bento_Filter_EndocrineTherapy-None" time="110.602" classname="Test Cases/Bento_TestCases/EndocrineTherapy/TC02_Bento_Filter_EndocrineTherapy-None" status="PASSED">
         <system-out><![CDATA[2021-07-28 11:06:11 - [TEST_CASE][PASSED] - Test Cases/Bento_TestCases/EndocrineTherapy/TC02_Bento_Filter_EndocrineTherapy-None: Test Cases/Bento_TestCases/EndocrineTherapy/TC02_Bento_Filter_EndocrineTherapy-None

2021-07-28 11:06:11 - [TEST_STEP][PASSED] - Start listener action : getTestScriptName: null

2021-07-28 11:06:11 - [TEST_STEP][PASSED] - TestCaseId = testCaseContext.getTestCaseId(): null

2021-07-28 11:06:11 - [TEST_STEP][PASSED] - out.println("**********this is the value of test case id string******** " + testCaseContext.getTestCaseId()): null

2021-07-28 11:06:11 - [TEST_STEP][PASSED] - G_currentTCName = TestCaseId.substring(TestCaseId.lastIndexOf("TC")): null

2021-07-28 11:06:11 - [TEST_STEP][PASSED] - out.println("This is the test case name : " + G_currentTCName): null

2021-07-28 11:06:12 - [TEST_STEP][PASSED] - closeBrowser(): Browser is closed

2021-07-28 11:06:12 - [MESSAGE][PASSED] - Browser is closed

2021-07-28 11:06:12 - [TEST_STEP][PASSED] - ctdc.utilities.runtestcaseforKatalon.RunKatalon("TC02_Bento_Filter_EndocrineTherapy-None.xlsx"): Data loaded from input file for the test case. 

2021-07-28 11:06:12 - [MESSAGE][PASSED] - Test case file loaded This is the full filepath after converting to string :C:\Users\radhakrishnang2\Commons_Automation\InputFiles\TC02_Bento_Filter_EndocrineTherapy-None.xlsx

2021-07-28 11:06:12 - [MESSAGE][INFO] - Global variable set for password file is :  C:\Users\radhakrishnang2\Commons_Automation\InputFiles\TC02_Bento_Filter_EndocrineTherapy-None.xlsx

2021-07-28 11:06:16 - [MESSAGE][PASSED] - Data loaded from input file for the test case. 

2021-07-28 11:06:32 - [TEST_STEP][PASSED] - waitForElementClickable(findTestObject("Object Repository/Bento/NavBar/Bento_Cases-Btn"), 5): Object 'Object Repository/Bento/NavBar/Bento_Cases-Btn' is clickable

2021-07-28 11:06:32 - [MESSAGE][PASSED] - Object 'Object Repository/Bento/NavBar/Bento_Cases-Btn' is clickable

2021-07-28 11:06:32 - [TEST_STEP][PASSED] - ctdc.utilities.runtestcaseforKatalon.clickTab("Object Repository/Bento/NavBar/Bento_Cases-Btn"): ctdc.utilities.runtestcaseforKatalon.clickTab is PASSED

2021-07-28 11:06:32 - [MESSAGE][PASSED] - ctdc.utilities.runtestcaseforKatalon.clickTab is PASSED

2021-07-28 11:06:32 - [TEST_STEP][PASSED] - waitForElementClickable(findTestObject("Bento/Cases_page/Filter/FilterByCases_Facet"), 5): Object 'Object Repository/Bento/Cases_page/Filter/FilterByCases_Facet' is clickable

2021-07-28 11:06:33 - [MESSAGE][PASSED] - Object 'Object Repository/Bento/Cases_page/Filter/FilterByCases_Facet' is clickable

2021-07-28 11:06:33 - [TEST_STEP][PASSED] - ctdc.utilities.runtestcaseforKatalon.clickTab("Bento/Cases_page/Filter/FilterByCases_Facet"): ctdc.utilities.runtestcaseforKatalon.clickTab is PASSED

2021-07-28 11:06:33 - [MESSAGE][PASSED] - ctdc.utilities.runtestcaseforKatalon.clickTab is PASSED

2021-07-28 11:06:33 - [TEST_STEP][PASSED] - waitForElementClickable(findTestObject("Bento/Cases_page/Filter/EndocrineTherapy/ENDOCRINETHERAPY_Ddn"), 5): Object 'Object Repository/Bento/Cases_page/Filter/EndocrineTherapy/ENDOCRINETHERAPY_Ddn' is clickable

2021-07-28 11:06:34 - [MESSAGE][PASSED] - Object 'Object Repository/Bento/Cases_page/Filter/EndocrineTherapy/ENDOCRINETHERAPY_Ddn' is clickable

2021-07-28 11:06:34 - [TEST_STEP][PASSED] - ctdc.utilities.runtestcaseforKatalon.clickTab("Bento/Cases_page/Filter/EndocrineTherapy/ENDOCRINETHERAPY_Ddn"): ctdc.utilities.runtestcaseforKatalon.clickTab is PASSED

2021-07-28 11:06:34 - [MESSAGE][PASSED] - ctdc.utilities.runtestcaseforKatalon.clickTab is PASSED

2021-07-28 11:06:34 - [TEST_STEP][PASSED] - ctdc.utilities.runtestcaseforKatalon.clickTab("Object Repository/Bento/Cases_page/Filter/EndocrineTherapy/None_Chkbx"): ctdc.utilities.runtestcaseforKatalon.clickTab is PASSED

2021-07-28 11:06:34 - [MESSAGE][PASSED] - ctdc.utilities.runtestcaseforKatalon.clickTab is PASSED

2021-07-28 11:06:34 - [TEST_STEP][PASSED] - ctdc.utilities.runtestcaseforKatalon.clickTab("Object Repository/Bento/Cases_page/Filter/EndocrineTherapy/ENDOCRINETHERAPY_Ddn"): ctdc.utilities.runtestcaseforKatalon.clickTab is PASSED

2021-07-28 11:06:34 - [MESSAGE][PASSED] - ctdc.utilities.runtestcaseforKatalon.clickTab is PASSED

2021-07-28 11:06:34 - [TEST_STEP][PASSED] - ctdc.utilities.runtestcaseforKatalon.readStatBarBento("Object Repository/Bento/StatBar/Bento_StatBar-Programs", "Object Repository/Bento/StatBar/Bento_StatBar-Arms", "Object Repository/Bento/StatBar/Bento_StatBar-Cases", "Object Repository/Bento/StatBar/Bento_StatBar-Samples", "Object Repository/Bento/StatBar/Bento_StatBar-Assays", "Object Repository/Bento/StatBar/Bento_StatBar-Files"): ctdc.utilities.runtestcaseforKatalon.readStatBarBento is PASSED

2021-07-28 11:06:43 - [MESSAGE][PASSED] - ctdc.utilities.runtestcaseforKatalon.readStatBarBento is PASSED

2021-07-28 11:06:43 - [TEST_STEP][PASSED] - waitForElementPresent(findTestObject("Object Repository/Bento/Cases_page/BentoResults_Cases_Tab"), 5): Object 'Object Repository/Bento/Cases_page/BentoResults_Cases_Tab' is present

2021-07-28 11:06:43 - [MESSAGE][PASSED] - Object 'Object Repository/Bento/Cases_page/BentoResults_Cases_Tab' is present

2021-07-28 11:06:43 - [TEST_STEP][PASSED] - ctdc.utilities.runtestcaseforKatalon.clickTab("Object Repository/Bento/Cases_page/BentoResults_Cases_Tab"): ctdc.utilities.runtestcaseforKatalon.clickTab is PASSED

2021-07-28 11:06:43 - [MESSAGE][PASSED] - ctdc.utilities.runtestcaseforKatalon.clickTab is PASSED

2021-07-28 11:06:43 - [TEST_STEP][PASSED] - ctdc.utilities.runtestcaseforKatalon.multiFunction("Bento", G_StatBar_Cases, "Object Repository/Bento/Cases_page/Bento_CasesTable", "Object Repository/Bento/Cases_page/Bento_CasesTableHeader", "Object Repository/Bento/Cases_page/Bento_CasesTabNextBtn", G_WebTabnameCases, G_CypherTabnameCases, G_QueryCasesTab): Statbar Files count matches

2021-07-28 11:07:54 - [MESSAGE][PASSED] - Statbar Programs count matches

2021-07-28 11:07:54 - [MESSAGE][PASSED] - Statbar Arms count matches

2021-07-28 11:07:54 - [MESSAGE][PASSED] - Statbar Cases count matches

2021-07-28 11:07:54 - [MESSAGE][PASSED] - Statbar Samples count matches

2021-07-28 11:07:54 - [MESSAGE][PASSED] - Statbar Assays count matches

2021-07-28 11:07:54 - [MESSAGE][PASSED] - Statbar Files count matches

2021-07-28 11:07:54 - [TEST_STEP][PASSED] - ctdc.utilities.ReadExcel.Neo4j(G_CypherTabnameCases, G_QueryCasesTab): ctdc.utilities.ReadExcel.Neo4j is PASSED

2021-07-28 11:08:01 - [MESSAGE][PASSED] - ctdc.utilities.ReadExcel.Neo4j is PASSED

2021-07-28 11:08:01 - [TEST_STEP][PASSED] - ctdc.utilities.runtestcaseforKatalon.validateStatBar("Bento"): Statbar Files count matches

2021-07-28 11:08:01 - [MESSAGE][PASSED] - Statbar Programs count matches

2021-07-28 11:08:01 - [MESSAGE][PASSED] - Statbar Arms count matches

2021-07-28 11:08:01 - [MESSAGE][PASSED] - Statbar Cases count matches

2021-07-28 11:08:01 - [MESSAGE][PASSED] - Statbar Samples count matches

2021-07-28 11:08:01 - [MESSAGE][PASSED] - Statbar Assays count matches

2021-07-28 11:08:01 - [MESSAGE][PASSED] - Statbar Files count matches

2021-07-28 11:08:01 - [TEST_STEP][PASSED] - closeBrowser(): Browser is closed

2021-07-28 11:08:02 - [MESSAGE][PASSED] - Browser is closed]]></system-out>
         <system-err><![CDATA[]]></system-err>
      </testcase>
      <testcase name="Test Cases/Bento_TestCases/EndocrineTherapy/TC03_Bento_Filter_EndocrineTherapy-OFS" time="60.802" classname="Test Cases/Bento_TestCases/EndocrineTherapy/TC03_Bento_Filter_EndocrineTherapy-OFS" status="PASSED">
         <system-out><![CDATA[2021-07-28 11:08:02 - [TEST_CASE][PASSED] - Test Cases/Bento_TestCases/EndocrineTherapy/TC03_Bento_Filter_EndocrineTherapy-OFS: Test Cases/Bento_TestCases/EndocrineTherapy/TC03_Bento_Filter_EndocrineTherapy-OFS

2021-07-28 11:08:02 - [TEST_STEP][PASSED] - Start listener action : getTestScriptName: null

2021-07-28 11:08:02 - [TEST_STEP][PASSED] - TestCaseId = testCaseContext.getTestCaseId(): null

2021-07-28 11:08:02 - [TEST_STEP][PASSED] - out.println("**********this is the value of test case id string******** " + testCaseContext.getTestCaseId()): null

2021-07-28 11:08:02 - [TEST_STEP][PASSED] - G_currentTCName = TestCaseId.substring(TestCaseId.lastIndexOf("TC")): null

2021-07-28 11:08:02 - [TEST_STEP][PASSED] - out.println("This is the test case name : " + G_currentTCName): null

2021-07-28 11:08:02 - [TEST_STEP][PASSED] - closeBrowser(): Browser is closed

2021-07-28 11:08:02 - [MESSAGE][PASSED] - Browser is closed

2021-07-28 11:08:02 - [TEST_STEP][PASSED] - ctdc.utilities.runtestcaseforKatalon.RunKatalon("TC03_Bento_Filter_EndocrineTherapy-OFS.xlsx"): Data loaded from input file for the test case. 

2021-07-28 11:08:02 - [MESSAGE][PASSED] - Test case file loaded This is the full filepath after converting to string :C:\Users\radhakrishnang2\Commons_Automation\InputFiles\TC03_Bento_Filter_EndocrineTherapy-OFS.xlsx

2021-07-28 11:08:02 - [MESSAGE][INFO] - Global variable set for password file is :  C:\Users\radhakrishnang2\Commons_Automation\InputFiles\TC03_Bento_Filter_EndocrineTherapy-OFS.xlsx

2021-07-28 11:08:06 - [MESSAGE][PASSED] - Data loaded from input file for the test case. 

2021-07-28 11:08:23 - [TEST_STEP][PASSED] - waitForElementClickable(findTestObject("Object Repository/Bento/NavBar/Bento_Cases-Btn"), 5): Object 'Object Repository/Bento/NavBar/Bento_Cases-Btn' is clickable

2021-07-28 11:08:23 - [MESSAGE][PASSED] - Object 'Object Repository/Bento/NavBar/Bento_Cases-Btn' is clickable

2021-07-28 11:08:23 - [TEST_STEP][PASSED] - ctdc.utilities.runtestcaseforKatalon.clickTab("Object Repository/Bento/NavBar/Bento_Cases-Btn"): ctdc.utilities.runtestcaseforKatalon.clickTab is PASSED

2021-07-28 11:08:23 - [MESSAGE][PASSED] - ctdc.utilities.runtestcaseforKatalon.clickTab is PASSED

2021-07-28 11:08:23 - [TEST_STEP][PASSED] - waitForElementClickable(findTestObject("Bento/Cases_page/Filter/FilterByCases_Facet"), 5): Object 'Object Repository/Bento/Cases_page/Filter/FilterByCases_Facet' is clickable

2021-07-28 11:08:24 - [MESSAGE][PASSED] - Object 'Object Repository/Bento/Cases_page/Filter/FilterByCases_Facet' is clickable

2021-07-28 11:08:24 - [TEST_STEP][PASSED] - ctdc.utilities.runtestcaseforKatalon.clickTab("Bento/Cases_page/Filter/FilterByCases_Facet"): ctdc.utilities.runtestcaseforKatalon.clickTab is PASSED

2021-07-28 11:08:24 - [MESSAGE][PASSED] - ctdc.utilities.runtestcaseforKatalon.clickTab is PASSED

2021-07-28 11:08:24 - [TEST_STEP][PASSED] - waitForElementClickable(findTestObject("Bento/Cases_page/Filter/EndocrineTherapy/ENDOCRINETHERAPY_Ddn"), 5): Object 'Object Repository/Bento/Cases_page/Filter/EndocrineTherapy/ENDOCRINETHERAPY_Ddn' is clickable

2021-07-28 11:08:24 - [MESSAGE][PASSED] - Object 'Object Repository/Bento/Cases_page/Filter/EndocrineTherapy/ENDOCRINETHERAPY_Ddn' is clickable

2021-07-28 11:08:24 - [TEST_STEP][PASSED] - ctdc.utilities.runtestcaseforKatalon.clickTab("Bento/Cases_page/Filter/EndocrineTherapy/ENDOCRINETHERAPY_Ddn"): ctdc.utilities.runtestcaseforKatalon.clickTab is PASSED

2021-07-28 11:08:24 - [MESSAGE][PASSED] - ctdc.utilities.runtestcaseforKatalon.clickTab is PASSED

2021-07-28 11:08:24 - [TEST_STEP][PASSED] - ctdc.utilities.runtestcaseforKatalon.clickTab("Object Repository/Bento/Cases_page/Filter/EndocrineTherapy/OFS_Chkbx"): ctdc.utilities.runtestcaseforKatalon.clickTab is PASSED

2021-07-28 11:08:25 - [MESSAGE][PASSED] - ctdc.utilities.runtestcaseforKatalon.clickTab is PASSED

2021-07-28 11:08:25 - [TEST_STEP][PASSED] - ctdc.utilities.runtestcaseforKatalon.clickTab("Object Repository/Bento/Cases_page/Filter/EndocrineTherapy/ENDOCRINETHERAPY_Ddn"): ctdc.utilities.runtestcaseforKatalon.clickTab is PASSED

2021-07-28 11:08:25 - [MESSAGE][PASSED] - ctdc.utilities.runtestcaseforKatalon.clickTab is PASSED

2021-07-28 11:08:25 - [TEST_STEP][PASSED] - ctdc.utilities.runtestcaseforKatalon.readStatBarBento("Object Repository/Bento/StatBar/Bento_StatBar-Programs", "Object Repository/Bento/StatBar/Bento_StatBar-Arms", "Object Repository/Bento/StatBar/Bento_StatBar-Cases", "Object Repository/Bento/StatBar/Bento_StatBar-Samples", "Object Repository/Bento/StatBar/Bento_StatBar-Assays", "Object Repository/Bento/StatBar/Bento_StatBar-Files"): ctdc.utilities.runtestcaseforKatalon.readStatBarBento is PASSED

2021-07-28 11:08:33 - [MESSAGE][PASSED] - ctdc.utilities.runtestcaseforKatalon.readStatBarBento is PASSED

2021-07-28 11:08:33 - [TEST_STEP][PASSED] - waitForElementPresent(findTestObject("Object Repository/Bento/Cases_page/BentoResults_Cases_Tab"), 5): Object 'Object Repository/Bento/Cases_page/BentoResults_Cases_Tab' is present

2021-07-28 11:08:33 - [MESSAGE][PASSED] - Object 'Object Repository/Bento/Cases_page/BentoResults_Cases_Tab' is present

2021-07-28 11:08:33 - [TEST_STEP][PASSED] - ctdc.utilities.runtestcaseforKatalon.clickTab("Object Repository/Bento/Cases_page/BentoResults_Cases_Tab"): ctdc.utilities.runtestcaseforKatalon.clickTab is PASSED

2021-07-28 11:08:34 - [MESSAGE][PASSED] - ctdc.utilities.runtestcaseforKatalon.clickTab is PASSED

2021-07-28 11:08:34 - [TEST_STEP][PASSED] - ctdc.utilities.runtestcaseforKatalon.multiFunction("Bento", G_StatBar_Cases, "Object Repository/Bento/Cases_page/Bento_CasesTable", "Object Repository/Bento/Cases_page/Bento_CasesTableHeader", "Object Repository/Bento/Cases_page/Bento_CasesTabNextBtn", G_WebTabnameCases, G_CypherTabnameCases, G_QueryCasesTab): Statbar Files count matches

2021-07-28 11:09:02 - [MESSAGE][PASSED] - Statbar Programs count matches

2021-07-28 11:09:02 - [MESSAGE][PASSED] - Statbar Arms count matches

2021-07-28 11:09:02 - [MESSAGE][PASSED] - Statbar Cases count matches

2021-07-28 11:09:02 - [MESSAGE][PASSED] - Statbar Samples count matches

2021-07-28 11:09:02 - [MESSAGE][PASSED] - Statbar Assays count matches

2021-07-28 11:09:02 - [MESSAGE][PASSED] - Statbar Files count matches

2021-07-28 11:09:02 - [TEST_STEP][PASSED] - closeBrowser(): Browser is closed

2021-07-28 11:09:03 - [MESSAGE][PASSED] - Browser is closed]]></system-out>
         <system-err><![CDATA[]]></system-err>
      </testcase>
      <testcase name="Test Cases/Bento_TestCases/EndocrineTherapy/TC04_Bento_Filter_EndocrineTherapy-OFS_AI" time="72.848" classname="Test Cases/Bento_TestCases/EndocrineTherapy/TC04_Bento_Filter_EndocrineTherapy-OFS_AI" status="PASSED">
         <system-out><![CDATA[2021-07-28 11:09:03 - [TEST_CASE][PASSED] - Test Cases/Bento_TestCases/EndocrineTherapy/TC04_Bento_Filter_EndocrineTherapy-OFS_AI: Test Cases/Bento_TestCases/EndocrineTherapy/TC04_Bento_Filter_EndocrineTherapy-OFS_AI

2021-07-28 11:09:03 - [TEST_STEP][PASSED] - Start listener action : getTestScriptName: null

2021-07-28 11:09:03 - [TEST_STEP][PASSED] - TestCaseId = testCaseContext.getTestCaseId(): null

2021-07-28 11:09:03 - [TEST_STEP][PASSED] - out.println("**********this is the value of test case id string******** " + testCaseContext.getTestCaseId()): null

2021-07-28 11:09:03 - [TEST_STEP][PASSED] - G_currentTCName = TestCaseId.substring(TestCaseId.lastIndexOf("TC")): null

2021-07-28 11:09:03 - [TEST_STEP][PASSED] - out.println("This is the test case name : " + G_currentTCName): null

2021-07-28 11:09:03 - [TEST_STEP][PASSED] - closeBrowser(): Browser is closed

2021-07-28 11:09:03 - [MESSAGE][PASSED] - Browser is closed

2021-07-28 11:09:03 - [TEST_STEP][PASSED] - ctdc.utilities.runtestcaseforKatalon.RunKatalon("TC04_Bento_Filter_EndocrineTherapy-OFS_AI.xlsx"): Data loaded from input file for the test case. 

2021-07-28 11:09:03 - [MESSAGE][PASSED] - Test case file loaded This is the full filepath after converting to string :C:\Users\radhakrishnang2\Commons_Automation\InputFiles\TC04_Bento_Filter_EndocrineTherapy-OFS_AI.xlsx

2021-07-28 11:09:03 - [MESSAGE][INFO] - Global variable set for password file is :  C:\Users\radhakrishnang2\Commons_Automation\InputFiles\TC04_Bento_Filter_EndocrineTherapy-OFS_AI.xlsx

2021-07-28 11:09:07 - [MESSAGE][PASSED] - Data loaded from input file for the test case. 

2021-07-28 11:09:25 - [TEST_STEP][PASSED] - waitForElementClickable(findTestObject("Object Repository/Bento/NavBar/Bento_Cases-Btn"), 5): Object 'Object Repository/Bento/NavBar/Bento_Cases-Btn' is clickable

2021-07-28 11:09:25 - [MESSAGE][PASSED] - Object 'Object Repository/Bento/NavBar/Bento_Cases-Btn' is clickable

2021-07-28 11:09:25 - [TEST_STEP][PASSED] - ctdc.utilities.runtestcaseforKatalon.clickTab("Object Repository/Bento/NavBar/Bento_Cases-Btn"): ctdc.utilities.runtestcaseforKatalon.clickTab is PASSED

2021-07-28 11:09:25 - [MESSAGE][PASSED] - ctdc.utilities.runtestcaseforKatalon.clickTab is PASSED

2021-07-28 11:09:25 - [TEST_STEP][PASSED] - waitForElementClickable(findTestObject("Bento/Cases_page/Filter/FilterByCases_Facet"), 5): Object 'Object Repository/Bento/Cases_page/Filter/FilterByCases_Facet' is clickable

2021-07-28 11:09:26 - [MESSAGE][PASSED] - Object 'Object Repository/Bento/Cases_page/Filter/FilterByCases_Facet' is clickable

2021-07-28 11:09:26 - [TEST_STEP][PASSED] - ctdc.utilities.runtestcaseforKatalon.clickTab("Bento/Cases_page/Filter/FilterByCases_Facet"): ctdc.utilities.runtestcaseforKatalon.clickTab is PASSED

2021-07-28 11:09:26 - [MESSAGE][PASSED] - ctdc.utilities.runtestcaseforKatalon.clickTab is PASSED

2021-07-28 11:09:26 - [TEST_STEP][PASSED] - waitForElementClickable(findTestObject("Bento/Cases_page/Filter/EndocrineTherapy/ENDOCRINETHERAPY_Ddn"), 5): Object 'Object Repository/Bento/Cases_page/Filter/EndocrineTherapy/ENDOCRINETHERAPY_Ddn' is clickable

2021-07-28 11:09:27 - [MESSAGE][PASSED] - Object 'Object Repository/Bento/Cases_page/Filter/EndocrineTherapy/ENDOCRINETHERAPY_Ddn' is clickable

2021-07-28 11:09:27 - [TEST_STEP][PASSED] - ctdc.utilities.runtestcaseforKatalon.clickTab("Bento/Cases_page/Filter/EndocrineTherapy/ENDOCRINETHERAPY_Ddn"): ctdc.utilities.runtestcaseforKatalon.clickTab is PASSED

2021-07-28 11:09:27 - [MESSAGE][PASSED] - ctdc.utilities.runtestcaseforKatalon.clickTab is PASSED

2021-07-28 11:09:27 - [TEST_STEP][PASSED] - ctdc.utilities.runtestcaseforKatalon.clickTab("Object Repository/Bento/Cases_page/Filter/EndocrineTherapy/OFS-AI_Chkbx"): ctdc.utilities.runtestcaseforKatalon.clickTab is PASSED

2021-07-28 11:09:27 - [MESSAGE][PASSED] - ctdc.utilities.runtestcaseforKatalon.clickTab is PASSED

2021-07-28 11:09:27 - [TEST_STEP][PASSED] - ctdc.utilities.runtestcaseforKatalon.clickTab("Object Repository/Bento/Cases_page/Filter/EndocrineTherapy/ENDOCRINETHERAPY_Ddn"): ctdc.utilities.runtestcaseforKatalon.clickTab is PASSED

2021-07-28 11:09:27 - [MESSAGE][PASSED] - ctdc.utilities.runtestcaseforKatalon.clickTab is PASSED

2021-07-28 11:09:27 - [TEST_STEP][PASSED] - ctdc.utilities.runtestcaseforKatalon.readStatBarBento("Object Repository/Bento/StatBar/Bento_StatBar-Programs", "Object Repository/Bento/StatBar/Bento_StatBar-Arms", "Object Repository/Bento/StatBar/Bento_StatBar-Cases", "Object Repository/Bento/StatBar/Bento_StatBar-Samples", "Object Repository/Bento/StatBar/Bento_StatBar-Assays", "Object Repository/Bento/StatBar/Bento_StatBar-Files"): ctdc.utilities.runtestcaseforKatalon.readStatBarBento is PASSED

2021-07-28 11:09:36 - [MESSAGE][PASSED] - ctdc.utilities.runtestcaseforKatalon.readStatBarBento is PASSED

2021-07-28 11:09:36 - [TEST_STEP][PASSED] - waitForElementPresent(findTestObject("Object Repository/Bento/Cases_page/BentoResults_Cases_Tab"), 5): Object 'Object Repository/Bento/Cases_page/BentoResults_Cases_Tab' is present

2021-07-28 11:09:36 - [MESSAGE][PASSED] - Object 'Object Repository/Bento/Cases_page/BentoResults_Cases_Tab' is present

2021-07-28 11:09:36 - [TEST_STEP][PASSED] - ctdc.utilities.runtestcaseforKatalon.clickTab("Object Repository/Bento/Cases_page/BentoResults_Cases_Tab"): ctdc.utilities.runtestcaseforKatalon.clickTab is PASSED

2021-07-28 11:09:36 - [MESSAGE][PASSED] - ctdc.utilities.runtestcaseforKatalon.clickTab is PASSED

2021-07-28 11:09:36 - [TEST_STEP][PASSED] - ctdc.utilities.runtestcaseforKatalon.multiFunction("Bento", G_StatBar_Cases, "Object Repository/Bento/Cases_page/Bento_CasesTable", "Object Repository/Bento/Cases_page/Bento_CasesTableHeader", "Object Repository/Bento/Cases_page/Bento_CasesTabNextBtn", G_WebTabnameCases, G_CypherTabnameCases, G_QueryCasesTab): Statbar Files count matches

2021-07-28 11:10:15 - [MESSAGE][PASSED] - Statbar Programs count matches

2021-07-28 11:10:15 - [MESSAGE][PASSED] - Statbar Arms count matches

2021-07-28 11:10:15 - [MESSAGE][PASSED] - Statbar Cases count matches

2021-07-28 11:10:15 - [MESSAGE][PASSED] - Statbar Samples count matches

2021-07-28 11:10:15 - [MESSAGE][PASSED] - Statbar Assays count matches

2021-07-28 11:10:15 - [MESSAGE][PASSED] - Statbar Files count matches

2021-07-28 11:10:15 - [TEST_STEP][PASSED] - closeBrowser(): Browser is closed

2021-07-28 11:10:16 - [MESSAGE][PASSED] - Browser is closed]]></system-out>
         <system-err><![CDATA[]]></system-err>
      </testcase>
      <testcase name="Test Cases/Bento_TestCases/EndocrineTherapy/TC05_Bento_Filter_EndocrineTherapy-Other" time="51.575" classname="Test Cases/Bento_TestCases/EndocrineTherapy/TC05_Bento_Filter_EndocrineTherapy-Other" status="ERROR">
         <error type="ERROR" message="Test Cases/Bento_TestCases/EndocrineTherapy/TC05_Bento_Filter_EndocrineTherapy-Other FAILED.
Reason:
org.openqa.selenium.NoSuchElementException: no such element: Unable to locate element: {&quot;method&quot;:&quot;xpath&quot;,&quot;selector&quot;:&quot;//input[@id=&quot;checkbox_Endocrine Therapy_Other&quot;]&quot;}
  (Session info: headless chrome=92.0.4515.107)
For documentation on this error, please visit: https://www.seleniumhq.org/exceptions/no_such_element.html
Build info: version: '3.141.59', revision: 'e82be7d358', time: '2018-11-14T08:25:53'
System info: host: 'NCI-02150368-L', ip: '10.243.243.88', os.name: 'Windows 10', os.arch: 'amd64', os.version: '10.0', java.version: '1.8.0_181'
Driver info: org.openqa.selenium.chrome.ChromeDriver
Capabilities {acceptInsecureCerts: false, browserName: chrome, browserVersion: 92.0.4515.107, chrome: {chromedriverVersion: 91.0.4472.101 (af52a90bf870..., userDataDir: C:\Users\RADHAK~1\AppData\L...}, goog:chromeOptions: {debuggerAddress: localhost:55235}, javascriptEnabled: true, networkConnectionEnabled: false, pageLoadStrategy: normal, platform: WINDOWS, platformName: WINDOWS, proxy: Proxy(), setWindowRect: true, strictFileInteractability: false, timeouts: {implicit: 0, pageLoad: 300000, script: 30000}, unhandledPromptBehavior: dismiss and notify, webauthn:extension:largeBlob: true, webauthn:virtualAuthenticators: true}
Session ID: d93d6772db3003433bbf1ed745cae2ed
*** Element info: {Using=xpath, value=//input[@id=&quot;checkbox_Endocrine Therapy_Other&quot;]}
	at org.openqa.selenium.remote.http.W3CHttpResponseCodec.createException(W3CHttpResponseCodec.java:187)
	at org.openqa.selenium.remote.http.W3CHttpResponseCodec.decode(W3CHttpResponseCodec.java:122)
	at org.openqa.selenium.remote.http.W3CHttpResponseCodec.decode(W3CHttpResponseCodec.java:49)
	at org.openqa.selenium.remote.HttpCommandExecutor.execute(HttpCommandExecutor.java:158)
	at org.openqa.selenium.remote.service.DriverCommandExecutor.execute(DriverCommandExecutor.java:83)
	at org.openqa.selenium.remote.RemoteWebDriver.execute(RemoteWebDriver.java:552)
	at org.openqa.selenium.remote.RemoteWebDriver.findElement(RemoteWebDriver.java:323)
	at org.openqa.selenium.remote.RemoteWebDriver.findElementByXPath(RemoteWebDriver.java:428)
	at org.openqa.selenium.By$ByXPath.findElement(By.java:353)
	at org.openqa.selenium.remote.RemoteWebDriver.findElement(RemoteWebDriver.java:315)
	at org.openqa.selenium.WebDriver$findElement$1.call(Unknown Source)
	at ctdc.utilities.runtestcaseforKatalon.clickTab(runtestcaseforKatalon.groovy:1048)
	at ctdc.utilities.runtestcaseforKatalon.invokeMethod(runtestcaseforKatalon.groovy)
	at com.kms.katalon.core.main.CustomKeywordDelegatingMetaClass.invokeStaticMethod(CustomKeywordDelegatingMetaClass.java:50)
	at TC05_Bento_Filter_EndocrineTherapy-Other.run(TC05_Bento_Filter_EndocrineTherapy-Other:54)
	at com.kms.katalon.core.main.ScriptEngine.run(ScriptEngine.java:194)
	at com.kms.katalon.core.main.ScriptEngine.runScriptAsRawText(ScriptEngine.java:119)
	at com.kms.katalon.core.main.TestCaseExecutor.runScript(TestCaseExecutor.java:369)
	at com.kms.katalon.core.main.TestCaseExecutor.doExecute(TestCaseExecutor.java:360)
	at com.kms.katalon.core.main.TestCaseExecutor.processExecutionPhase(TestCaseExecutor.java:339)
	at com.kms.katalon.core.main.TestCaseExecutor.accessMainPhase(TestCaseExecutor.java:331)
	at com.kms.katalon.core.main.TestCaseExecutor.execute(TestCaseExecutor.java:248)
	at com.kms.katalon.core.main.TestSuiteExecutor.accessTestCaseMainPhase(TestSuiteExecutor.java:191)
	at com.kms.katalon.core.main.TestSuiteExecutor.accessTestSuiteMainPhase(TestSuiteExecutor.java:140)
	at com.kms.katalon.core.main.TestSuiteExecutor.execute(TestSuiteExecutor.java:89)
	at com.kms.katalon.core.main.TestCaseMain.startTestSuite(TestCaseMain.java:185)
	at com.kms.katalon.core.main.TestCaseMain$startTestSuite$0.call(Unknown Source)
	at TempTestSuite1627495005120.run(TempTestSuite1627495005120.groovy:39)
"/>
         <system-out><![CDATA[2021-07-28 11:10:16 - [TEST_CASE][ERROR] - Test Cases/Bento_TestCases/EndocrineTherapy/TC05_Bento_Filter_EndocrineTherapy-Other: Test Cases/Bento_TestCases/EndocrineTherapy/TC05_Bento_Filter_EndocrineTherapy-Other FAILED.
Reason:
org.openqa.selenium.NoSuchElementException: no such element: Unable to locate element: {"method":"xpath","selector":"//input[@id="checkbox_Endocrine Therapy_Other"]"}
  (Session info: headless chrome=92.0.4515.107)
For documentation on this error, please visit: https://www.seleniumhq.org/exceptions/no_such_element.html
Build info: version: '3.141.59', revision: 'e82be7d358', time: '2018-11-14T08:25:53'
System info: host: 'NCI-02150368-L', ip: '10.243.243.88', os.name: 'Windows 10', os.arch: 'amd64', os.version: '10.0', java.version: '1.8.0_181'
Driver info: org.openqa.selenium.chrome.ChromeDriver
Capabilities {acceptInsecureCerts: false, browserName: chrome, browserVersion: 92.0.4515.107, chrome: {chromedriverVersion: 91.0.4472.101 (af52a90bf870..., userDataDir: C:\Users\RADHAK~1\AppData\L...}, goog:chromeOptions: {debuggerAddress: localhost:55235}, javascriptEnabled: true, networkConnectionEnabled: false, pageLoadStrategy: normal, platform: WINDOWS, platformName: WINDOWS, proxy: Proxy(), setWindowRect: true, strictFileInteractability: false, timeouts: {implicit: 0, pageLoad: 300000, script: 30000}, unhandledPromptBehavior: dismiss and notify, webauthn:extension:largeBlob: true, webauthn:virtualAuthenticators: true}
Session ID: d93d6772db3003433bbf1ed745cae2ed
*** Element info: {Using=xpath, value=//input[@id="checkbox_Endocrine Therapy_Other"]}
	at org.openqa.selenium.remote.http.W3CHttpResponseCodec.createException(W3CHttpResponseCodec.java:187)
	at org.openqa.selenium.remote.http.W3CHttpResponseCodec.decode(W3CHttpResponseCodec.java:122)
	at org.openqa.selenium.remote.http.W3CHttpResponseCodec.decode(W3CHttpResponseCodec.java:49)
	at org.openqa.selenium.remote.HttpCommandExecutor.execute(HttpCommandExecutor.java:158)
	at org.openqa.selenium.remote.service.DriverCommandExecutor.execute(DriverCommandExecutor.java:83)
	at org.openqa.selenium.remote.RemoteWebDriver.execute(RemoteWebDriver.java:552)
	at org.openqa.selenium.remote.RemoteWebDriver.findElement(RemoteWebDriver.java:323)
	at org.openqa.selenium.remote.RemoteWebDriver.findElementByXPath(RemoteWebDriver.java:428)
	at org.openqa.selenium.By$ByXPath.findElement(By.java:353)
	at org.openqa.selenium.remote.RemoteWebDriver.findElement(RemoteWebDriver.java:315)
	at org.openqa.selenium.WebDriver$findElement$1.call(Unknown Source)
	at ctdc.utilities.runtestcaseforKatalon.clickTab(runtestcaseforKatalon.groovy:1048)
	at ctdc.utilities.runtestcaseforKatalon.invokeMethod(runtestcaseforKatalon.groovy)
	at com.kms.katalon.core.main.CustomKeywordDelegatingMetaClass.invokeStaticMethod(CustomKeywordDelegatingMetaClass.java:50)
	at TC05_Bento_Filter_EndocrineTherapy-Other.run(TC05_Bento_Filter_EndocrineTherapy-Other:54)
	at com.kms.katalon.core.main.ScriptEngine.run(ScriptEngine.java:194)
	at com.kms.katalon.core.main.ScriptEngine.runScriptAsRawText(ScriptEngine.java:119)
	at com.kms.katalon.core.main.TestCaseExecutor.runScript(TestCaseExecutor.java:369)
	at com.kms.katalon.core.main.TestCaseExecutor.doExecute(TestCaseExecutor.java:360)
	at com.kms.katalon.core.main.TestCaseExecutor.processExecutionPhase(TestCaseExecutor.java:339)
	at com.kms.katalon.core.main.TestCaseExecutor.accessMainPhase(TestCaseExecutor.java:331)
	at com.kms.katalon.core.main.TestCaseExecutor.execute(TestCaseExecutor.java:248)
	at com.kms.katalon.core.main.TestSuiteExecutor.accessTestCaseMainPhase(TestSuiteExecutor.java:191)
	at com.kms.katalon.core.main.TestSuiteExecutor.accessTestSuiteMainPhase(TestSuiteExecutor.java:140)
	at com.kms.katalon.core.main.TestSuiteExecutor.execute(TestSuiteExecutor.java:89)
	at com.kms.katalon.core.main.TestCaseMain.startTestSuite(TestCaseMain.java:185)
	at com.kms.katalon.core.main.TestCaseMain$startTestSuite$0.call(Unknown Source)
	at TempTestSuite1627495005120.run(TempTestSuite1627495005120.groovy:39)


2021-07-28 11:10:16 - [TEST_STEP][PASSED] - Start listener action : getTestScriptName: null

2021-07-28 11:10:16 - [TEST_STEP][PASSED] - TestCaseId = testCaseContext.getTestCaseId(): null

2021-07-28 11:10:16 - [TEST_STEP][PASSED] - out.println("**********this is the value of test case id string******** " + testCaseContext.getTestCaseId()): null

2021-07-28 11:10:16 - [TEST_STEP][PASSED] - G_currentTCName = TestCaseId.substring(TestCaseId.lastIndexOf("TC")): null

2021-07-28 11:10:16 - [TEST_STEP][PASSED] - out.println("This is the test case name : " + G_currentTCName): null

2021-07-28 11:10:16 - [TEST_STEP][PASSED] - closeBrowser(): Browser is closed

2021-07-28 11:10:16 - [MESSAGE][PASSED] - Browser is closed

2021-07-28 11:10:16 - [TEST_STEP][PASSED] - ctdc.utilities.runtestcaseforKatalon.RunKatalon("TC05_Bento_Filter_EndocrineTherapy-Other.xlsx"): Data loaded from input file for the test case. 

2021-07-28 11:10:16 - [MESSAGE][PASSED] - Test case file loaded This is the full filepath after converting to string :C:\Users\radhakrishnang2\Commons_Automation\InputFiles\TC05_Bento_Filter_EndocrineTherapy-Other.xlsx

2021-07-28 11:10:16 - [MESSAGE][INFO] - Global variable set for password file is :  C:\Users\radhakrishnang2\Commons_Automation\InputFiles\TC05_Bento_Filter_EndocrineTherapy-Other.xlsx

2021-07-28 11:10:20 - [MESSAGE][PASSED] - Data loaded from input file for the test case. 

2021-07-28 11:10:35 - [TEST_STEP][PASSED] - waitForElementClickable(findTestObject("Object Repository/Bento/NavBar/Bento_Cases-Btn"), 5): Object 'Object Repository/Bento/NavBar/Bento_Cases-Btn' is clickable

2021-07-28 11:10:36 - [MESSAGE][PASSED] - Object 'Object Repository/Bento/NavBar/Bento_Cases-Btn' is clickable

2021-07-28 11:10:36 - [TEST_STEP][PASSED] - ctdc.utilities.runtestcaseforKatalon.clickTab("Object Repository/Bento/NavBar/Bento_Cases-Btn"): ctdc.utilities.runtestcaseforKatalon.clickTab is PASSED

2021-07-28 11:10:36 - [MESSAGE][PASSED] - ctdc.utilities.runtestcaseforKatalon.clickTab is PASSED

2021-07-28 11:10:36 - [TEST_STEP][PASSED] - waitForElementClickable(findTestObject("Bento/Cases_page/Filter/FilterByCases_Facet"), 5): Object 'Object Repository/Bento/Cases_page/Filter/FilterByCases_Facet' is clickable

2021-07-28 11:10:37 - [MESSAGE][PASSED] - Object 'Object Repository/Bento/Cases_page/Filter/FilterByCases_Facet' is clickable

2021-07-28 11:10:37 - [TEST_STEP][PASSED] - ctdc.utilities.runtestcaseforKatalon.clickTab("Bento/Cases_page/Filter/FilterByCases_Facet"): ctdc.utilities.runtestcaseforKatalon.clickTab is PASSED

2021-07-28 11:10:37 - [MESSAGE][PASSED] - ctdc.utilities.runtestcaseforKatalon.clickTab is PASSED

2021-07-28 11:10:37 - [TEST_STEP][PASSED] - waitForElementClickable(findTestObject("Bento/Cases_page/Filter/EndocrineTherapy/ENDOCRINETHERAPY_Ddn"), 5): Object 'Object Repository/Bento/Cases_page/Filter/EndocrineTherapy/ENDOCRINETHERAPY_Ddn' is clickable

2021-07-28 11:10:37 - [MESSAGE][PASSED] - Object 'Object Repository/Bento/Cases_page/Filter/EndocrineTherapy/ENDOCRINETHERAPY_Ddn' is clickable

2021-07-28 11:10:37 - [TEST_STEP][PASSED] - ctdc.utilities.runtestcaseforKatalon.clickTab("Bento/Cases_page/Filter/EndocrineTherapy/ENDOCRINETHERAPY_Ddn"): ctdc.utilities.runtestcaseforKatalon.clickTab is PASSED

2021-07-28 11:10:37 - [MESSAGE][PASSED] - ctdc.utilities.runtestcaseforKatalon.clickTab is PASSED

2021-07-28 11:10:37 - [TEST_STEP][ERROR] - ctdc.utilities.runtestcaseforKatalon.clickTab("Object Repository/Bento/Cases_page/Filter/EndocrineTherapy/Other_Chkbx"): no such element: Unable to locate element: {"method":"xpath","selector":"//input[@id="checkbox_Endocrine Therapy_Other"]"}
  (Session info: headless chrome=92.0.4515.107)
For documentation on this error, please visit: https://www.seleniumhq.org/exceptions/no_such_element.html
Build info: version: '3.141.59', revision: 'e82be7d358', time: '2018-11-14T08:25:53'
System info: host: 'NCI-02150368-L', ip: '10.243.243.88', os.name: 'Windows 10', os.arch: 'amd64', os.version: '10.0', java.version: '1.8.0_181'
Driver info: org.openqa.selenium.chrome.ChromeDriver
Capabilities {acceptInsecureCerts: false, browserName: chrome, browserVersion: 92.0.4515.107, chrome: {chromedriverVersion: 91.0.4472.101 (af52a90bf870..., userDataDir: C:\Users\RADHAK~1\AppData\L...}, goog:chromeOptions: {debuggerAddress: localhost:55235}, javascriptEnabled: true, networkConnectionEnabled: false, pageLoadStrategy: normal, platform: WINDOWS, platformName: WINDOWS, proxy: Proxy(), setWindowRect: true, strictFileInteractability: false, timeouts: {implicit: 0, pageLoad: 300000, script: 30000}, unhandledPromptBehavior: dismiss and notify, webauthn:extension:largeBlob: true, webauthn:virtualAuthenticators: true}
Session ID: d93d6772db3003433bbf1ed745cae2ed
*** Element info: {Using=xpath, value=//input[@id="checkbox_Endocrine Therapy_Other"]}

2021-07-28 11:11:07 - [MESSAGE][ERROR] - no such element: Unable to locate element: {"method":"xpath","selector":"//input[@id="checkbox_Endocrine Therapy_Other"]"}
  (Session info: headless chrome=92.0.4515.107)
For documentation on this error, please visit: https://www.seleniumhq.org/exceptions/no_such_element.html
Build info: version: '3.141.59', revision: 'e82be7d358', time: '2018-11-14T08:25:53'
System info: host: 'NCI-02150368-L', ip: '10.243.243.88', os.name: 'Windows 10', os.arch: 'amd64', os.version: '10.0', java.version: '1.8.0_181'
Driver info: org.openqa.selenium.chrome.ChromeDriver
Capabilities {acceptInsecureCerts: false, browserName: chrome, browserVersion: 92.0.4515.107, chrome: {chromedriverVersion: 91.0.4472.101 (af52a90bf870..., userDataDir: C:\Users\RADHAK~1\AppData\L...}, goog:chromeOptions: {debuggerAddress: localhost:55235}, javascriptEnabled: true, networkConnectionEnabled: false, pageLoadStrategy: normal, platform: WINDOWS, platformName: WINDOWS, proxy: Proxy(), setWindowRect: true, strictFileInteractability: false, timeouts: {implicit: 0, pageLoad: 300000, script: 30000}, unhandledPromptBehavior: dismiss and notify, webauthn:extension:largeBlob: true, webauthn:virtualAuthenticators: true}
Session ID: d93d6772db3003433bbf1ed745cae2ed
*** Element info: {Using=xpath, value=//input[@id="checkbox_Endocrine Therapy_Other"]}]]></system-out>
         <system-err><![CDATA[2021-07-28 11:10:16 - [TEST_CASE][ERROR] - Test Cases/Bento_TestCases/EndocrineTherapy/TC05_Bento_Filter_EndocrineTherapy-Other: Test Cases/Bento_TestCases/EndocrineTherapy/TC05_Bento_Filter_EndocrineTherapy-Other FAILED.
Reason:
org.openqa.selenium.NoSuchElementException: no such element: Unable to locate element: {"method":"xpath","selector":"//input[@id="checkbox_Endocrine Therapy_Other"]"}
  (Session info: headless chrome=92.0.4515.107)
For documentation on this error, please visit: https://www.seleniumhq.org/exceptions/no_such_element.html
Build info: version: '3.141.59', revision: 'e82be7d358', time: '2018-11-14T08:25:53'
System info: host: 'NCI-02150368-L', ip: '10.243.243.88', os.name: 'Windows 10', os.arch: 'amd64', os.version: '10.0', java.version: '1.8.0_181'
Driver info: org.openqa.selenium.chrome.ChromeDriver
Capabilities {acceptInsecureCerts: false, browserName: chrome, browserVersion: 92.0.4515.107, chrome: {chromedriverVersion: 91.0.4472.101 (af52a90bf870..., userDataDir: C:\Users\RADHAK~1\AppData\L...}, goog:chromeOptions: {debuggerAddress: localhost:55235}, javascriptEnabled: true, networkConnectionEnabled: false, pageLoadStrategy: normal, platform: WINDOWS, platformName: WINDOWS, proxy: Proxy(), setWindowRect: true, strictFileInteractability: false, timeouts: {implicit: 0, pageLoad: 300000, script: 30000}, unhandledPromptBehavior: dismiss and notify, webauthn:extension:largeBlob: true, webauthn:virtualAuthenticators: true}
Session ID: d93d6772db3003433bbf1ed745cae2ed
*** Element info: {Using=xpath, value=//input[@id="checkbox_Endocrine Therapy_Other"]}
	at org.openqa.selenium.remote.http.W3CHttpResponseCodec.createException(W3CHttpResponseCodec.java:187)
	at org.openqa.selenium.remote.http.W3CHttpResponseCodec.decode(W3CHttpResponseCodec.java:122)
	at org.openqa.selenium.remote.http.W3CHttpResponseCodec.decode(W3CHttpResponseCodec.java:49)
	at org.openqa.selenium.remote.HttpCommandExecutor.execute(HttpCommandExecutor.java:158)
	at org.openqa.selenium.remote.service.DriverCommandExecutor.execute(DriverCommandExecutor.java:83)
	at org.openqa.selenium.remote.RemoteWebDriver.execute(RemoteWebDriver.java:552)
	at org.openqa.selenium.remote.RemoteWebDriver.findElement(RemoteWebDriver.java:323)
	at org.openqa.selenium.remote.RemoteWebDriver.findElementByXPath(RemoteWebDriver.java:428)
	at org.openqa.selenium.By$ByXPath.findElement(By.java:353)
	at org.openqa.selenium.remote.RemoteWebDriver.findElement(RemoteWebDriver.java:315)
	at org.openqa.selenium.WebDriver$findElement$1.call(Unknown Source)
	at ctdc.utilities.runtestcaseforKatalon.clickTab(runtestcaseforKatalon.groovy:1048)
	at ctdc.utilities.runtestcaseforKatalon.invokeMethod(runtestcaseforKatalon.groovy)
	at com.kms.katalon.core.main.CustomKeywordDelegatingMetaClass.invokeStaticMethod(CustomKeywordDelegatingMetaClass.java:50)
	at TC05_Bento_Filter_EndocrineTherapy-Other.run(TC05_Bento_Filter_EndocrineTherapy-Other:54)
	at com.kms.katalon.core.main.ScriptEngine.run(ScriptEngine.java:194)
	at com.kms.katalon.core.main.ScriptEngine.runScriptAsRawText(ScriptEngine.java:119)
	at com.kms.katalon.core.main.TestCaseExecutor.runScript(TestCaseExecutor.java:369)
	at com.kms.katalon.core.main.TestCaseExecutor.doExecute(TestCaseExecutor.java:360)
	at com.kms.katalon.core.main.TestCaseExecutor.processExecutionPhase(TestCaseExecutor.java:339)
	at com.kms.katalon.core.main.TestCaseExecutor.accessMainPhase(TestCaseExecutor.java:331)
	at com.kms.katalon.core.main.TestCaseExecutor.execute(TestCaseExecutor.java:248)
	at com.kms.katalon.core.main.TestSuiteExecutor.accessTestCaseMainPhase(TestSuiteExecutor.java:191)
	at com.kms.katalon.core.main.TestSuiteExecutor.accessTestSuiteMainPhase(TestSuiteExecutor.java:140)
	at com.kms.katalon.core.main.TestSuiteExecutor.execute(TestSuiteExecutor.java:89)
	at com.kms.katalon.core.main.TestCaseMain.startTestSuite(TestCaseMain.java:185)
	at com.kms.katalon.core.main.TestCaseMain$startTestSuite$0.call(Unknown Source)
	at TempTestSuite1627495005120.run(TempTestSuite1627495005120.groovy:39)]]></system-err>
      </testcase>
      <testcase name="Test Cases/Bento_TestCases/EndocrineTherapy/TC06_Bento_Filter_EndocrineTherapy-Tam" time="222.407" classname="Test Cases/Bento_TestCases/EndocrineTherapy/TC06_Bento_Filter_EndocrineTherapy-Tam" status="PASSED">
         <system-out><![CDATA[2021-07-28 11:11:07 - [TEST_CASE][PASSED] - Test Cases/Bento_TestCases/EndocrineTherapy/TC06_Bento_Filter_EndocrineTherapy-Tam: Test Cases/Bento_TestCases/EndocrineTherapy/TC06_Bento_Filter_EndocrineTherapy-Tam

2021-07-28 11:11:07 - [TEST_STEP][PASSED] - Start listener action : getTestScriptName: null

2021-07-28 11:11:07 - [TEST_STEP][PASSED] - TestCaseId = testCaseContext.getTestCaseId(): null

2021-07-28 11:11:07 - [TEST_STEP][PASSED] - out.println("**********this is the value of test case id string******** " + testCaseContext.getTestCaseId()): null

2021-07-28 11:11:07 - [TEST_STEP][PASSED] - G_currentTCName = TestCaseId.substring(TestCaseId.lastIndexOf("TC")): null

2021-07-28 11:11:07 - [TEST_STEP][PASSED] - out.println("This is the test case name : " + G_currentTCName): null

2021-07-28 11:11:08 - [TEST_STEP][PASSED] - closeBrowser(): Browser is closed

2021-07-28 11:11:08 - [MESSAGE][PASSED] - Browser is closed

2021-07-28 11:11:08 - [TEST_STEP][PASSED] - ctdc.utilities.runtestcaseforKatalon.RunKatalon("TC06_Bento_Filter_EndocrineTherapy-Tam.xlsx"): Data loaded from input file for the test case. 

2021-07-28 11:11:08 - [MESSAGE][PASSED] - Test case file loaded This is the full filepath after converting to string :C:\Users\radhakrishnang2\Commons_Automation\InputFiles\TC06_Bento_Filter_EndocrineTherapy-Tam.xlsx

2021-07-28 11:11:08 - [MESSAGE][INFO] - Global variable set for password file is :  C:\Users\radhakrishnang2\Commons_Automation\InputFiles\TC06_Bento_Filter_EndocrineTherapy-Tam.xlsx

2021-07-28 11:11:12 - [MESSAGE][PASSED] - Data loaded from input file for the test case. 

2021-07-28 11:11:26 - [TEST_STEP][PASSED] - waitForElementClickable(findTestObject("Object Repository/Bento/NavBar/Bento_Cases-Btn"), 5): Object 'Object Repository/Bento/NavBar/Bento_Cases-Btn' is clickable

2021-07-28 11:11:26 - [MESSAGE][PASSED] - Object 'Object Repository/Bento/NavBar/Bento_Cases-Btn' is clickable

2021-07-28 11:11:26 - [TEST_STEP][PASSED] - ctdc.utilities.runtestcaseforKatalon.clickTab("Object Repository/Bento/NavBar/Bento_Cases-Btn"): ctdc.utilities.runtestcaseforKatalon.clickTab is PASSED

2021-07-28 11:11:26 - [MESSAGE][PASSED] - ctdc.utilities.runtestcaseforKatalon.clickTab is PASSED

2021-07-28 11:11:26 - [TEST_STEP][PASSED] - waitForElementClickable(findTestObject("Bento/Cases_page/Filter/FilterByCases_Facet"), 5): Object 'Object Repository/Bento/Cases_page/Filter/FilterByCases_Facet' is clickable

2021-07-28 11:11:27 - [MESSAGE][PASSED] - Object 'Object Repository/Bento/Cases_page/Filter/FilterByCases_Facet' is clickable

2021-07-28 11:11:27 - [TEST_STEP][PASSED] - ctdc.utilities.runtestcaseforKatalon.clickTab("Bento/Cases_page/Filter/FilterByCases_Facet"): ctdc.utilities.runtestcaseforKatalon.clickTab is PASSED

2021-07-28 11:11:27 - [MESSAGE][PASSED] - ctdc.utilities.runtestcaseforKatalon.clickTab is PASSED

2021-07-28 11:11:27 - [TEST_STEP][PASSED] - waitForElementClickable(findTestObject("Bento/Cases_page/Filter/EndocrineTherapy/ENDOCRINETHERAPY_Ddn"), 5): Object 'Object Repository/Bento/Cases_page/Filter/EndocrineTherapy/ENDOCRINETHERAPY_Ddn' is clickable

2021-07-28 11:11:27 - [MESSAGE][PASSED] - Object 'Object Repository/Bento/Cases_page/Filter/EndocrineTherapy/ENDOCRINETHERAPY_Ddn' is clickable

2021-07-28 11:11:27 - [TEST_STEP][PASSED] - ctdc.utilities.runtestcaseforKatalon.clickTab("Bento/Cases_page/Filter/EndocrineTherapy/ENDOCRINETHERAPY_Ddn"): ctdc.utilities.runtestcaseforKatalon.clickTab is PASSED

2021-07-28 11:11:27 - [MESSAGE][PASSED] - ctdc.utilities.runtestcaseforKatalon.clickTab is PASSED

2021-07-28 11:11:27 - [TEST_STEP][PASSED] - ctdc.utilities.runtestcaseforKatalon.clickTab("Object Repository/Bento/Cases_page/Filter/EndocrineTherapy/Tam_Chkbx"): ctdc.utilities.runtestcaseforKatalon.clickTab is PASSED

2021-07-28 11:11:27 - [MESSAGE][PASSED] - ctdc.utilities.runtestcaseforKatalon.clickTab is PASSED

2021-07-28 11:11:27 - [TEST_STEP][PASSED] - ctdc.utilities.runtestcaseforKatalon.clickTab("Object Repository/Bento/Cases_page/Filter/EndocrineTherapy/ENDOCRINETHERAPY_Ddn"): ctdc.utilities.runtestcaseforKatalon.clickTab is PASSED

2021-07-28 11:11:28 - [MESSAGE][PASSED] - ctdc.utilities.runtestcaseforKatalon.clickTab is PASSED

2021-07-28 11:11:28 - [TEST_STEP][PASSED] - ctdc.utilities.runtestcaseforKatalon.readStatBarBento("Object Repository/Bento/StatBar/Bento_StatBar-Programs", "Object Repository/Bento/StatBar/Bento_StatBar-Arms", "Object Repository/Bento/StatBar/Bento_StatBar-Cases", "Object Repository/Bento/StatBar/Bento_StatBar-Samples", "Object Repository/Bento/StatBar/Bento_StatBar-Assays", "Object Repository/Bento/StatBar/Bento_StatBar-Files"): ctdc.utilities.runtestcaseforKatalon.readStatBarBento is PASSED

2021-07-28 11:11:36 - [MESSAGE][PASSED] - ctdc.utilities.runtestcaseforKatalon.readStatBarBento is PASSED

2021-07-28 11:11:36 - [TEST_STEP][PASSED] - waitForElementPresent(findTestObject("Object Repository/Bento/Cases_page/BentoResults_Cases_Tab"), 5): Object 'Object Repository/Bento/Cases_page/BentoResults_Cases_Tab' is present

2021-07-28 11:11:36 - [MESSAGE][PASSED] - Object 'Object Repository/Bento/Cases_page/BentoResults_Cases_Tab' is present

2021-07-28 11:11:36 - [TEST_STEP][PASSED] - ctdc.utilities.runtestcaseforKatalon.clickTab("Object Repository/Bento/Cases_page/BentoResults_Cases_Tab"): ctdc.utilities.runtestcaseforKatalon.clickTab is PASSED

2021-07-28 11:11:36 - [MESSAGE][PASSED] - ctdc.utilities.runtestcaseforKatalon.clickTab is PASSED

2021-07-28 11:11:36 - [TEST_STEP][PASSED] - ctdc.utilities.runtestcaseforKatalon.multiFunction("Bento", G_StatBar_Cases, "Object Repository/Bento/Cases_page/Bento_CasesTable", "Object Repository/Bento/Cases_page/Bento_CasesTableHeader", "Object Repository/Bento/Cases_page/Bento_CasesTabNextBtn", G_WebTabnameCases, G_CypherTabnameCases, G_QueryCasesTab): Statbar Files count matches

2021-07-28 11:14:49 - [MESSAGE][PASSED] - Statbar Programs count matches

2021-07-28 11:14:49 - [MESSAGE][PASSED] - Statbar Arms count matches

2021-07-28 11:14:49 - [MESSAGE][PASSED] - Statbar Cases count matches

2021-07-28 11:14:49 - [MESSAGE][PASSED] - Statbar Samples count matches

2021-07-28 11:14:49 - [MESSAGE][PASSED] - Statbar Assays count matches

2021-07-28 11:14:49 - [MESSAGE][PASSED] - Statbar Files count matches

2021-07-28 11:14:49 - [TEST_STEP][PASSED] - closeBrowser(): Browser is closed

2021-07-28 11:14:50 - [MESSAGE][PASSED] - Browser is closed]]></system-out>
         <system-err><![CDATA[]]></system-err>
      </testcase>
      <testcase name="Test Cases/Bento_TestCases/EndocrineTherapy/TC07_Bento_Filter_EndocrineTherapy-Tam_AI" time="294.012" classname="Test Cases/Bento_TestCases/EndocrineTherapy/TC07_Bento_Filter_EndocrineTherapy-Tam_AI" status="PASSED">
         <system-out><![CDATA[2021-07-28 11:14:50 - [TEST_CASE][PASSED] - Test Cases/Bento_TestCases/EndocrineTherapy/TC07_Bento_Filter_EndocrineTherapy-Tam_AI: Test Cases/Bento_TestCases/EndocrineTherapy/TC07_Bento_Filter_EndocrineTherapy-Tam_AI

2021-07-28 11:14:50 - [TEST_STEP][PASSED] - Start listener action : getTestScriptName: null

2021-07-28 11:14:50 - [TEST_STEP][PASSED] - TestCaseId = testCaseContext.getTestCaseId(): null

2021-07-28 11:14:50 - [TEST_STEP][PASSED] - out.println("**********this is the value of test case id string******** " + testCaseContext.getTestCaseId()): null

2021-07-28 11:14:50 - [TEST_STEP][PASSED] - G_currentTCName = TestCaseId.substring(TestCaseId.lastIndexOf("TC")): null

2021-07-28 11:14:50 - [TEST_STEP][PASSED] - out.println("This is the test case name : " + G_currentTCName): null

2021-07-28 11:14:50 - [TEST_STEP][PASSED] - closeBrowser(): Browser is closed

2021-07-28 11:14:50 - [MESSAGE][PASSED] - Browser is closed

2021-07-28 11:14:50 - [TEST_STEP][PASSED] - ctdc.utilities.runtestcaseforKatalon.RunKatalon("TC07_Bento_Filter_EndocrineTherapy-Tam_AI.xlsx"): Data loaded from input file for the test case. 

2021-07-28 11:14:50 - [MESSAGE][PASSED] - Test case file loaded This is the full filepath after converting to string :C:\Users\radhakrishnang2\Commons_Automation\InputFiles\TC07_Bento_Filter_EndocrineTherapy-Tam_AI.xlsx

2021-07-28 11:14:50 - [MESSAGE][INFO] - Global variable set for password file is :  C:\Users\radhakrishnang2\Commons_Automation\InputFiles\TC07_Bento_Filter_EndocrineTherapy-Tam_AI.xlsx

2021-07-28 11:14:54 - [MESSAGE][PASSED] - Data loaded from input file for the test case. 

2021-07-28 11:15:06 - [TEST_STEP][PASSED] - waitForElementClickable(findTestObject("Object Repository/Bento/NavBar/Bento_Cases-Btn"), 5): Object 'Object Repository/Bento/NavBar/Bento_Cases-Btn' is clickable

2021-07-28 11:15:06 - [MESSAGE][PASSED] - Object 'Object Repository/Bento/NavBar/Bento_Cases-Btn' is clickable

2021-07-28 11:15:06 - [TEST_STEP][PASSED] - ctdc.utilities.runtestcaseforKatalon.clickTab("Object Repository/Bento/NavBar/Bento_Cases-Btn"): ctdc.utilities.runtestcaseforKatalon.clickTab is PASSED

2021-07-28 11:15:06 - [MESSAGE][PASSED] - ctdc.utilities.runtestcaseforKatalon.clickTab is PASSED

2021-07-28 11:15:06 - [TEST_STEP][PASSED] - waitForElementClickable(findTestObject("Bento/Cases_page/Filter/FilterByCases_Facet"), 5): Object 'Object Repository/Bento/Cases_page/Filter/FilterByCases_Facet' is clickable

2021-07-28 11:15:07 - [MESSAGE][PASSED] - Object 'Object Repository/Bento/Cases_page/Filter/FilterByCases_Facet' is clickable

2021-07-28 11:15:07 - [TEST_STEP][PASSED] - ctdc.utilities.runtestcaseforKatalon.clickTab("Bento/Cases_page/Filter/FilterByCases_Facet"): ctdc.utilities.runtestcaseforKatalon.clickTab is PASSED

2021-07-28 11:15:07 - [MESSAGE][PASSED] - ctdc.utilities.runtestcaseforKatalon.clickTab is PASSED

2021-07-28 11:15:07 - [TEST_STEP][PASSED] - waitForElementClickable(findTestObject("Bento/Cases_page/Filter/EndocrineTherapy/ENDOCRINETHERAPY_Ddn"), 5): Object 'Object Repository/Bento/Cases_page/Filter/EndocrineTherapy/ENDOCRINETHERAPY_Ddn' is clickable

2021-07-28 11:15:07 - [MESSAGE][PASSED] - Object 'Object Repository/Bento/Cases_page/Filter/EndocrineTherapy/ENDOCRINETHERAPY_Ddn' is clickable

2021-07-28 11:15:07 - [TEST_STEP][PASSED] - ctdc.utilities.runtestcaseforKatalon.clickTab("Bento/Cases_page/Filter/EndocrineTherapy/ENDOCRINETHERAPY_Ddn"): ctdc.utilities.runtestcaseforKatalon.clickTab is PASSED

2021-07-28 11:15:07 - [MESSAGE][PASSED] - ctdc.utilities.runtestcaseforKatalon.clickTab is PASSED

2021-07-28 11:15:07 - [TEST_STEP][PASSED] - ctdc.utilities.runtestcaseforKatalon.clickTab("Object Repository/Bento/Cases_page/Filter/EndocrineTherapy/Tam-AI_chkbx"): ctdc.utilities.runtestcaseforKatalon.clickTab is PASSED

2021-07-28 11:15:07 - [MESSAGE][PASSED] - ctdc.utilities.runtestcaseforKatalon.clickTab is PASSED

2021-07-28 11:15:07 - [TEST_STEP][PASSED] - ctdc.utilities.runtestcaseforKatalon.clickTab("Object Repository/Bento/Cases_page/Filter/EndocrineTherapy/ENDOCRINETHERAPY_Ddn"): ctdc.utilities.runtestcaseforKatalon.clickTab is PASSED

2021-07-28 11:15:07 - [MESSAGE][PASSED] - ctdc.utilities.runtestcaseforKatalon.clickTab is PASSED

2021-07-28 11:15:07 - [TEST_STEP][PASSED] - ctdc.utilities.runtestcaseforKatalon.readStatBarBento("Object Repository/Bento/StatBar/Bento_StatBar-Programs", "Object Repository/Bento/StatBar/Bento_StatBar-Arms", "Object Repository/Bento/StatBar/Bento_StatBar-Cases", "Object Repository/Bento/StatBar/Bento_StatBar-Samples", "Object Repository/Bento/StatBar/Bento_StatBar-Assays", "Object Repository/Bento/StatBar/Bento_StatBar-Files"): ctdc.utilities.runtestcaseforKatalon.readStatBarBento is PASSED

2021-07-28 11:15:16 - [MESSAGE][PASSED] - ctdc.utilities.runtestcaseforKatalon.readStatBarBento is PASSED

2021-07-28 11:15:16 - [TEST_STEP][PASSED] - waitForElementPresent(findTestObject("Object Repository/Bento/Cases_page/BentoResults_Cases_Tab"), 5): Object 'Object Repository/Bento/Cases_page/BentoResults_Cases_Tab' is present

2021-07-28 11:15:16 - [MESSAGE][PASSED] - Object 'Object Repository/Bento/Cases_page/BentoResults_Cases_Tab' is present

2021-07-28 11:15:16 - [TEST_STEP][PASSED] - ctdc.utilities.runtestcaseforKatalon.clickTab("Object Repository/Bento/Cases_page/BentoResults_Cases_Tab"): ctdc.utilities.runtestcaseforKatalon.clickTab is PASSED

2021-07-28 11:15:16 - [MESSAGE][PASSED] - ctdc.utilities.runtestcaseforKatalon.clickTab is PASSED

2021-07-28 11:15:16 - [TEST_STEP][PASSED] - ctdc.utilities.runtestcaseforKatalon.multiFunction("Bento", G_StatBar_Cases, "Object Repository/Bento/Cases_page/Bento_CasesTable", "Object Repository/Bento/Cases_page/Bento_CasesTableHeader", "Object Repository/Bento/Cases_page/Bento_CasesTabNextBtn", G_WebTabnameCases, G_CypherTabnameCases, G_QueryCasesTab): Statbar Files count matches

2021-07-28 11:19:43 - [MESSAGE][PASSED] - Statbar Programs count matches

2021-07-28 11:19:43 - [MESSAGE][PASSED] - Statbar Arms count matches

2021-07-28 11:19:43 - [MESSAGE][PASSED] - Statbar Cases count matches

2021-07-28 11:19:43 - [MESSAGE][PASSED] - Statbar Samples count matches

2021-07-28 11:19:43 - [MESSAGE][PASSED] - Statbar Assays count matches

2021-07-28 11:19:43 - [MESSAGE][PASSED] - Statbar Files count matches

2021-07-28 11:19:43 - [TEST_STEP][PASSED] - closeBrowser(): Browser is closed

2021-07-28 11:19:44 - [MESSAGE][PASSED] - Browser is closed]]></system-out>
         <system-err><![CDATA[]]></system-err>
      </testcase>
      <system-out><![CDATA[2021-07-28 10:56:49 - [TEST_SUITE][ERROR] - Bento_TestSuite: Test Cases/Bento_TestCases/EndocrineTherapy/TC05_Bento_Filter_EndocrineTherapy-Other FAILED.
Reason:
org.openqa.selenium.NoSuchElementException: no such element: Unable to locate element: {"method":"xpath","selector":"//input[@id="checkbox_Endocrine Therapy_Other"]"}
  (Session info: headless chrome=92.0.4515.107)
For documentation on this error, please visit: https://www.seleniumhq.org/exceptions/no_such_element.html
Build info: version: '3.141.59', revision: 'e82be7d358', time: '2018-11-14T08:25:53'
System info: host: 'NCI-02150368-L', ip: '10.243.243.88', os.name: 'Windows 10', os.arch: 'amd64', os.version: '10.0', java.version: '1.8.0_181'
Driver info: org.openqa.selenium.chrome.ChromeDriver
Capabilities {acceptInsecureCerts: false, browserName: chrome, browserVersion: 92.0.4515.107, chrome: {chromedriverVersion: 91.0.4472.101 (af52a90bf870..., userDataDir: C:\Users\RADHAK~1\AppData\L...}, goog:chromeOptions: {debuggerAddress: localhost:55235}, javascriptEnabled: true, networkConnectionEnabled: false, pageLoadStrategy: normal, platform: WINDOWS, platformName: WINDOWS, proxy: Proxy(), setWindowRect: true, strictFileInteractability: false, timeouts: {implicit: 0, pageLoad: 300000, script: 30000}, unhandledPromptBehavior: dismiss and notify, webauthn:extension:largeBlob: true, webauthn:virtualAuthenticators: true}
Session ID: d93d6772db3003433bbf1ed745cae2ed
*** Element info: {Using=xpath, value=//input[@id="checkbox_Endocrine Therapy_Other"]}
	at org.openqa.selenium.remote.http.W3CHttpResponseCodec.createException(W3CHttpResponseCodec.java:187)
	at org.openqa.selenium.remote.http.W3CHttpResponseCodec.decode(W3CHttpResponseCodec.java:122)
	at org.openqa.selenium.remote.http.W3CHttpResponseCodec.decode(W3CHttpResponseCodec.java:49)
	at org.openqa.selenium.remote.HttpCommandExecutor.execute(HttpCommandExecutor.java:158)
	at org.openqa.selenium.remote.service.DriverCommandExecutor.execute(DriverCommandExecutor.java:83)
	at org.openqa.selenium.remote.RemoteWebDriver.execute(RemoteWebDriver.java:552)
	at org.openqa.selenium.remote.RemoteWebDriver.findElement(RemoteWebDriver.java:323)
	at org.openqa.selenium.remote.RemoteWebDriver.findElementByXPath(RemoteWebDriver.java:428)
	at org.openqa.selenium.By$ByXPath.findElement(By.java:353)
	at org.openqa.selenium.remote.RemoteWebDriver.findElement(RemoteWebDriver.java:315)
	at org.openqa.selenium.WebDriver$findElement$1.call(Unknown Source)
	at ctdc.utilities.runtestcaseforKatalon.clickTab(runtestcaseforKatalon.groovy:1048)
	at ctdc.utilities.runtestcaseforKatalon.invokeMethod(runtestcaseforKatalon.groovy)
	at com.kms.katalon.core.main.CustomKeywordDelegatingMetaClass.invokeStaticMethod(CustomKeywordDelegatingMetaClass.java:50)
	at TC05_Bento_Filter_EndocrineTherapy-Other.run(TC05_Bento_Filter_EndocrineTherapy-Other:54)
	at com.kms.katalon.core.main.ScriptEngine.run(ScriptEngine.java:194)
	at com.kms.katalon.core.main.ScriptEngine.runScriptAsRawText(ScriptEngine.java:119)
	at com.kms.katalon.core.main.TestCaseExecutor.runScript(TestCaseExecutor.java:369)
	at com.kms.katalon.core.main.TestCaseExecutor.doExecute(TestCaseExecutor.java:360)
	at com.kms.katalon.core.main.TestCaseExecutor.processExecutionPhase(TestCaseExecutor.java:339)
	at com.kms.katalon.core.main.TestCaseExecutor.accessMainPhase(TestCaseExecutor.java:331)
	at com.kms.katalon.core.main.TestCaseExecutor.execute(TestCaseExecutor.java:248)
	at com.kms.katalon.core.main.TestSuiteExecutor.accessTestCaseMainPhase(TestSuiteExecutor.java:191)
	at com.kms.katalon.core.main.TestSuiteExecutor.accessTestSuiteMainPhase(TestSuiteExecutor.java:140)
	at com.kms.katalon.core.main.TestSuiteExecutor.execute(TestSuiteExecutor.java:89)
	at com.kms.katalon.core.main.TestCaseMain.startTestSuite(TestCaseMain.java:185)
	at com.kms.katalon.core.main.TestCaseMain$startTestSuite$0.call(Unknown Source)
	at TempTestSuite1627495005120.run(TempTestSuite1627495005120.groovy:39)]]></system-out>
      <system-err><![CDATA[2021-07-28 10:56:49 - [TEST_SUITE][ERROR] - Bento_TestSuite: Test Cases/Bento_TestCases/EndocrineTherapy/TC05_Bento_Filter_EndocrineTherapy-Other FAILED.
Reason:
org.openqa.selenium.NoSuchElementException: no such element: Unable to locate element: {"method":"xpath","selector":"//input[@id="checkbox_Endocrine Therapy_Other"]"}
  (Session info: headless chrome=92.0.4515.107)
For documentation on this error, please visit: https://www.seleniumhq.org/exceptions/no_such_element.html
Build info: version: '3.141.59', revision: 'e82be7d358', time: '2018-11-14T08:25:53'
System info: host: 'NCI-02150368-L', ip: '10.243.243.88', os.name: 'Windows 10', os.arch: 'amd64', os.version: '10.0', java.version: '1.8.0_181'
Driver info: org.openqa.selenium.chrome.ChromeDriver
Capabilities {acceptInsecureCerts: false, browserName: chrome, browserVersion: 92.0.4515.107, chrome: {chromedriverVersion: 91.0.4472.101 (af52a90bf870..., userDataDir: C:\Users\RADHAK~1\AppData\L...}, goog:chromeOptions: {debuggerAddress: localhost:55235}, javascriptEnabled: true, networkConnectionEnabled: false, pageLoadStrategy: normal, platform: WINDOWS, platformName: WINDOWS, proxy: Proxy(), setWindowRect: true, strictFileInteractability: false, timeouts: {implicit: 0, pageLoad: 300000, script: 30000}, unhandledPromptBehavior: dismiss and notify, webauthn:extension:largeBlob: true, webauthn:virtualAuthenticators: true}
Session ID: d93d6772db3003433bbf1ed745cae2ed
*** Element info: {Using=xpath, value=//input[@id="checkbox_Endocrine Therapy_Other"]}
	at org.openqa.selenium.remote.http.W3CHttpResponseCodec.createException(W3CHttpResponseCodec.java:187)
	at org.openqa.selenium.remote.http.W3CHttpResponseCodec.decode(W3CHttpResponseCodec.java:122)
	at org.openqa.selenium.remote.http.W3CHttpResponseCodec.decode(W3CHttpResponseCodec.java:49)
	at org.openqa.selenium.remote.HttpCommandExecutor.execute(HttpCommandExecutor.java:158)
	at org.openqa.selenium.remote.service.DriverCommandExecutor.execute(DriverCommandExecutor.java:83)
	at org.openqa.selenium.remote.RemoteWebDriver.execute(RemoteWebDriver.java:552)
	at org.openqa.selenium.remote.RemoteWebDriver.findElement(RemoteWebDriver.java:323)
	at org.openqa.selenium.remote.RemoteWebDriver.findElementByXPath(RemoteWebDriver.java:428)
	at org.openqa.selenium.By$ByXPath.findElement(By.java:353)
	at org.openqa.selenium.remote.RemoteWebDriver.findElement(RemoteWebDriver.java:315)
	at org.openqa.selenium.WebDriver$findElement$1.call(Unknown Source)
	at ctdc.utilities.runtestcaseforKatalon.clickTab(runtestcaseforKatalon.groovy:1048)
	at ctdc.utilities.runtestcaseforKatalon.invokeMethod(runtestcaseforKatalon.groovy)
	at com.kms.katalon.core.main.CustomKeywordDelegatingMetaClass.invokeStaticMethod(CustomKeywordDelegatingMetaClass.java:50)
	at TC05_Bento_Filter_EndocrineTherapy-Other.run(TC05_Bento_Filter_EndocrineTherapy-Other:54)
	at com.kms.katalon.core.main.ScriptEngine.run(ScriptEngine.java:194)
	at com.kms.katalon.core.main.ScriptEngine.runScriptAsRawText(ScriptEngine.java:119)
	at com.kms.katalon.core.main.TestCaseExecutor.runScript(TestCaseExecutor.java:369)
	at com.kms.katalon.core.main.TestCaseExecutor.doExecute(TestCaseExecutor.java:360)
	at com.kms.katalon.core.main.TestCaseExecutor.processExecutionPhase(TestCaseExecutor.java:339)
	at com.kms.katalon.core.main.TestCaseExecutor.accessMainPhase(TestCaseExecutor.java:331)
	at com.kms.katalon.core.main.TestCaseExecutor.execute(TestCaseExecutor.java:248)
	at com.kms.katalon.core.main.TestSuiteExecutor.accessTestCaseMainPhase(TestSuiteExecutor.java:191)
	at com.kms.katalon.core.main.TestSuiteExecutor.accessTestSuiteMainPhase(TestSuiteExecutor.java:140)
	at com.kms.katalon.core.main.TestSuiteExecutor.execute(TestSuiteExecutor.java:89)
	at com.kms.katalon.core.main.TestCaseMain.startTestSuite(TestCaseMain.java:185)
	at com.kms.katalon.core.main.TestCaseMain$startTestSuite$0.call(Unknown Source)
	at TempTestSuite1627495005120.run(TempTestSuite1627495005120.groovy:39)]]></system-err>
   </testsuite>
</testsuites>
