<?xml version="1.0" encoding="UTF-8"?>
<testsuites name="ICDC_NewStudy" time="11024.607" tests="26" failures="1" errors="3">
   <testsuite name="ICDC_NewStudy" tests="26" failures="1" errors="3" time="11024.607" timestamp="2021-05-04 15:43:22" hostname="radhakrishnang2 - NCI-02150368-L.nci.nih.gov" id="Test Suites/ICDC_NewStudy">
      <properties>
         <property name="deviceName" value=""/>
         <property name="devicePlatform" value=""/>
         <property name="logFolder" value="C:\\Users\\radhakrishnang2\\Desktop\\Commons_Automation\\Reports\\20210504_154318\\ICDC_NewStudy\\20210504_154318"/>
         <property name="logFiles" value="C:\\Users\\radhakrishnang2\\Desktop\\Commons_Automation\\Reports\\20210504_154318\\ICDC_NewStudy\\20210504_154318\\execution0.log"/>
         <property name="attachments" value=""/>
         <property name="hostName" value="radhakrishnang2 - NCI-02150368-L.nci.nih.gov"/>
         <property name="os" value="Windows 10 64bit"/>
         <property name="katalonVersion" value="7.7.0.205"/>
         <property name="browser" value="Chrome 90.0.4430.93"/>
         <property name="hostAddress" value="10.243.136.136"/>
         <property name="sessionId" value="e968d1301844e6fbb7750e51296aaf13"/>
         <property name="seleniumVersion" value="3.141.59"/>
         <property name="proxyInformation" value="ProxyInformation { proxyOption=NO_PROXY, proxyServerType=HTTP, username=, password=********, proxyServerAddress=, proxyServerPort=0, executionList=&quot;&quot;, isApplyToDesiredCapabilities=true }"/>
         <property name="platform" value="Windows 10"/>
      </properties>
      <testcase name="Test Cases/Canine_TestCases/Study-Combinations/TC01_Canine_StudyUBC-Breed_Diagnosis_PrimDiseaseSite" time="327.711" classname="Test Cases/Canine_TestCases/Study-Combinations/TC01_Canine_StudyUBC-Breed_Diagnosis_PrimDiseaseSite" status="PASSED">
         <system-out><![CDATA[2021-05-04 15:43:22 - [TEST_CASE][PASSED] - Test Cases/Canine_TestCases/Study-Combinations/TC01_Canine_StudyUBC-Breed_Diagnosis_PrimDiseaseSite: Test Cases/Canine_TestCases/Study-Combinations/TC01_Canine_StudyUBC-Breed_Diagnosis_PrimDiseaseSite

2021-05-04 15:43:23 - [TEST_STEP][PASSED] - closeBrowser(): Browser is closed

2021-05-04 15:43:23 - [MESSAGE][PASSED] - Browser is closed

2021-05-04 15:43:23 - [TEST_STEP][PASSED] - openBrowser(""): Browser is opened with url: ''

2021-05-04 15:43:23 - [MESSAGE][INFO] - Starting 'Chrome (headless)' driver

2021-05-04 15:43:23 - [MESSAGE][INFO] - User set preference: ['args', '[--no-sandbox]']

2021-05-04 15:43:23 - [MESSAGE][INFO] - Action delay is set to 5,000 milliseconds

2021-05-04 15:43:26 - [MESSAGE][PASSED] - Browser is opened with url: ''

2021-05-04 15:43:26 - [TEST_STEP][PASSED] - maximizeWindow(): Current window maximized

2021-05-04 15:43:26 - [MESSAGE][PASSED] - Current window maximized

2021-05-04 15:43:26 - [TEST_STEP][PASSED] - "Driver opened by Katalon is used in Selenium from this step.": null

2021-05-04 15:43:26 - [TEST_STEP][PASSED] - ctdc.utilities.runtestcaseforKatalon.RunKatalon("TC01_Canine_StudyUBC-Breed_Diagnosis_PrimDiseaseSite.xlsx"): Data loaded from input file for the test case. 

2021-05-04 15:43:26 - [MESSAGE][PASSED] - Test case file loaded This is the full filepath after converting to string :C:\Users\radhakrishnang2\Desktop\Commons_Automation\InputFiles\TC01_Canine_StudyUBC-Breed_Diagnosis_PrimDiseaseSite.xlsx

2021-05-04 15:43:27 - [MESSAGE][WARNING] - Test object id is null

2021-05-04 15:43:28 - [MESSAGE][INFO] - Global variable set for password file is :  C:\Users\radhakrishnang2\Desktop\Commons_Automation\InputFiles\TC01_Canine_StudyUBC-Breed_Diagnosis_PrimDiseaseSite.xlsx

2021-05-04 15:43:29 - [MESSAGE][PASSED] - Data loaded from input file for the test case. 

2021-05-04 15:43:41 - [TEST_STEP][PASSED] - waitForElementPresent(findTestObject("Canine/NavBar/Canine_Cases_Btn"), 10): Object 'Object Repository/Canine/NavBar/Canine_Cases_Btn' is not present after 10 second(s)

2021-05-04 15:43:52 - [MESSAGE][INFO] - Unable to find the element located by 'By.xpath: //a[contains(@href,'cases')]'. Please recheck the objects properties to make sure the desired element is located. 

2021-05-04 15:43:52 - [MESSAGE][WARNING] - Object 'Object Repository/Canine/NavBar/Canine_Cases_Btn' is not present after 10 second(s)

2021-05-04 15:43:52 - [TEST_STEP][PASSED] - ctdc.utilities.runtestcaseforKatalon.clickTab("Canine/NavBar/Canine_Cases_Btn"): ctdc.utilities.runtestcaseforKatalon.clickTab is PASSED

2021-05-04 15:43:52 - [MESSAGE][PASSED] - ctdc.utilities.runtestcaseforKatalon.clickTab is PASSED

2021-05-04 15:43:52 - [TEST_STEP][PASSED] - waitForElementPresent(findTestObject("Object Repository/Canine/Filter/FilterByCases_Facet"), 10): Object 'Object Repository/Canine/Filter/FilterByCases_Facet' is not present after 10 second(s)

2021-05-04 15:44:03 - [MESSAGE][INFO] - Unable to find the element located by 'By.xpath: //*[contains(text(),'Filter By Cases')]'. Please recheck the objects properties to make sure the desired element is located. 

2021-05-04 15:44:03 - [MESSAGE][WARNING] - Object 'Object Repository/Canine/Filter/FilterByCases_Facet' is not present after 10 second(s)

2021-05-04 15:44:03 - [TEST_STEP][PASSED] - ctdc.utilities.runtestcaseforKatalon.clickTab("Object Repository/Canine/Filter/FilterByCases_Facet"): ctdc.utilities.runtestcaseforKatalon.clickTab is PASSED

2021-05-04 15:44:03 - [MESSAGE][PASSED] - ctdc.utilities.runtestcaseforKatalon.clickTab is PASSED

2021-05-04 15:44:03 - [TEST_STEP][PASSED] - waitForElementPresent(findTestObject("Object Repository/Canine/Filter/Study/Canine_Filter_Study"), 10): Object 'Object Repository/Canine/Filter/Study/Canine_Filter_Study' is not present after 10 second(s)

2021-05-04 15:44:14 - [MESSAGE][INFO] - Unable to find the element located by 'By.xpath: //*[@id='Study']'. Please recheck the objects properties to make sure the desired element is located. 

2021-05-04 15:44:14 - [MESSAGE][WARNING] - Object 'Object Repository/Canine/Filter/Study/Canine_Filter_Study' is not present after 10 second(s)

2021-05-04 15:44:14 - [TEST_STEP][PASSED] - ctdc.utilities.runtestcaseforKatalon.clickTab("Object Repository/Canine/Filter/Study/Canine_Filter_Study"): ctdc.utilities.runtestcaseforKatalon.clickTab is PASSED

2021-05-04 15:44:15 - [MESSAGE][PASSED] - ctdc.utilities.runtestcaseforKatalon.clickTab is PASSED

2021-05-04 15:44:15 - [TEST_STEP][PASSED] - waitForElementPresent(findTestObject("Object Repository/Canine/Filter/Study/Canine_Filter_Study-UBC_Chkbx"), 10): Object 'Object Repository/Canine/Filter/Study/Canine_Filter_Study-UBC_Chkbx' is not present after 10 second(s)

2021-05-04 15:44:26 - [MESSAGE][INFO] - Unable to find the element located by 'By.xpath: (//*[contains(text(),'UBC')])[1]'. Please recheck the objects properties to make sure the desired element is located. 

2021-05-04 15:44:26 - [MESSAGE][WARNING] - Object 'Object Repository/Canine/Filter/Study/Canine_Filter_Study-UBC_Chkbx' is not present after 10 second(s)

2021-05-04 15:44:26 - [TEST_STEP][PASSED] - ctdc.utilities.runtestcaseforKatalon.clickTab("Object Repository/Canine/Filter/Study/Canine_Filter_Study-UBC_Chkbx"): ctdc.utilities.runtestcaseforKatalon.clickTab is PASSED

2021-05-04 15:44:26 - [MESSAGE][PASSED] - ctdc.utilities.runtestcaseforKatalon.clickTab is PASSED

2021-05-04 15:44:26 - [TEST_STEP][PASSED] - Thread.sleep(2000): null

2021-05-04 15:44:28 - [TEST_STEP][PASSED] - waitForElementPresent(findTestObject("Object Repository/Canine/Filter/Breed/BREED_Ddn"), 10): Object 'Object Repository/Canine/Filter/Breed/BREED_Ddn' is not present after 10 second(s)

2021-05-04 15:44:39 - [MESSAGE][INFO] - Unable to find the element located by 'By.xpath: //*[@id='Breed']'. Please recheck the objects properties to make sure the desired element is located. 

2021-05-04 15:44:39 - [MESSAGE][WARNING] - Object 'Object Repository/Canine/Filter/Breed/BREED_Ddn' is not present after 10 second(s)

2021-05-04 15:44:39 - [TEST_STEP][PASSED] - ctdc.utilities.runtestcaseforKatalon.clickTab("Object Repository/Canine/Filter/Breed/BREED_Ddn"): ctdc.utilities.runtestcaseforKatalon.clickTab is PASSED

2021-05-04 15:44:39 - [MESSAGE][PASSED] - ctdc.utilities.runtestcaseforKatalon.clickTab is PASSED

2021-05-04 15:44:39 - [TEST_STEP][PASSED] - waitForElementPresent(findTestObject("Object Repository/Canine/Filter/Breed/Beagle_Chkbx"), 10): Object 'Object Repository/Canine/Filter/Breed/Beagle_Chkbx' is not present after 10 second(s)

2021-05-04 15:44:50 - [MESSAGE][INFO] - Unable to find the element located by 'By.xpath: //*[contains(text(),'Beagle')]'. Please recheck the objects properties to make sure the desired element is located. 

2021-05-04 15:44:50 - [MESSAGE][WARNING] - Object 'Object Repository/Canine/Filter/Breed/Beagle_Chkbx' is not present after 10 second(s)

2021-05-04 15:44:50 - [TEST_STEP][PASSED] - ctdc.utilities.runtestcaseforKatalon.clickTab("Object Repository/Canine/Filter/Breed/Beagle_Chkbx"): ctdc.utilities.runtestcaseforKatalon.clickTab is PASSED

2021-05-04 15:44:51 - [MESSAGE][PASSED] - ctdc.utilities.runtestcaseforKatalon.clickTab is PASSED

2021-05-04 15:44:51 - [TEST_STEP][PASSED] - waitForElementPresent(findTestObject("Object Repository/Canine/Filter/Breed/Mixed_Chkbx"), 10): Object 'Object Repository/Canine/Filter/Breed/Mixed_Chkbx' is not present after 10 second(s)

2021-05-04 15:45:02 - [MESSAGE][INFO] - Unable to find the element located by 'By.xpath: //*[contains(text(),'Mixed Breed')]'. Please recheck the objects properties to make sure the desired element is located. 

2021-05-04 15:45:02 - [MESSAGE][WARNING] - Object 'Object Repository/Canine/Filter/Breed/Mixed_Chkbx' is not present after 10 second(s)

2021-05-04 15:45:02 - [TEST_STEP][PASSED] - ctdc.utilities.runtestcaseforKatalon.clickTab("Object Repository/Canine/Filter/Breed/Mixed_Chkbx"): ctdc.utilities.runtestcaseforKatalon.clickTab is PASSED

2021-05-04 15:45:02 - [MESSAGE][PASSED] - ctdc.utilities.runtestcaseforKatalon.clickTab is PASSED

2021-05-04 15:45:02 - [TEST_STEP][PASSED] - ctdc.utilities.runtestcaseforKatalon.clickTab("Object Repository/Canine/Filter/Breed/BREED_Ddn"): ctdc.utilities.runtestcaseforKatalon.clickTab is PASSED

2021-05-04 15:45:03 - [MESSAGE][PASSED] - ctdc.utilities.runtestcaseforKatalon.clickTab is PASSED

2021-05-04 15:45:03 - [TEST_STEP][PASSED] - Thread.sleep(2000): null

2021-05-04 15:45:05 - [TEST_STEP][PASSED] - waitForElementPresent(findTestObject("Object Repository/Canine/Filter/Diagnosis/DIAGNOSIS_Ddn"), 10): Object 'Object Repository/Canine/Filter/Diagnosis/DIAGNOSIS_Ddn' is not present after 10 second(s)

2021-05-04 15:45:16 - [MESSAGE][INFO] - Unable to find the element located by 'By.xpath: (//*[@id='Diagnosis'])[1]'. Please recheck the objects properties to make sure the desired element is located. 

2021-05-04 15:45:16 - [MESSAGE][WARNING] - Object 'Object Repository/Canine/Filter/Diagnosis/DIAGNOSIS_Ddn' is not present after 10 second(s)

2021-05-04 15:45:16 - [TEST_STEP][PASSED] - ctdc.utilities.runtestcaseforKatalon.clickTab("Object Repository/Canine/Filter/Diagnosis/DIAGNOSIS_Ddn"): ctdc.utilities.runtestcaseforKatalon.clickTab is PASSED

2021-05-04 15:45:16 - [MESSAGE][PASSED] - ctdc.utilities.runtestcaseforKatalon.clickTab is PASSED

2021-05-04 15:45:16 - [TEST_STEP][PASSED] - waitForElementPresent(findTestObject("Object Repository/Canine/Filter/Diagnosis/BladderCancer_Chkbx"), 10): Object 'Object Repository/Canine/Filter/Diagnosis/BladderCancer_Chkbx' is not present after 10 second(s)

2021-05-04 15:45:27 - [MESSAGE][INFO] - Unable to find the element located by 'By.xpath: //*[contains(text(),'Bladder Cancer')]'. Please recheck the objects properties to make sure the desired element is located. 

2021-05-04 15:45:27 - [MESSAGE][WARNING] - Object 'Object Repository/Canine/Filter/Diagnosis/BladderCancer_Chkbx' is not present after 10 second(s)

2021-05-04 15:45:27 - [TEST_STEP][PASSED] - ctdc.utilities.runtestcaseforKatalon.clickTab("Object Repository/Canine/Filter/Diagnosis/BladderCancer_Chkbx"): ctdc.utilities.runtestcaseforKatalon.clickTab is PASSED

2021-05-04 15:45:27 - [MESSAGE][PASSED] - ctdc.utilities.runtestcaseforKatalon.clickTab is PASSED

2021-05-04 15:45:27 - [TEST_STEP][PASSED] - waitForElementPresent(findTestObject("Object Repository/Canine/Filter/Diagnosis/HealthyControl_Chkbx"), 10): Object 'Object Repository/Canine/Filter/Diagnosis/HealthyControl_Chkbx' is not present after 10 second(s)

2021-05-04 15:45:38 - [MESSAGE][INFO] - Unable to find the element located by 'By.xpath: //*[contains(text(),'Healthy Control')]'. Please recheck the objects properties to make sure the desired element is located. 

2021-05-04 15:45:38 - [MESSAGE][WARNING] - Object 'Object Repository/Canine/Filter/Diagnosis/HealthyControl_Chkbx' is not present after 10 second(s)

2021-05-04 15:45:38 - [TEST_STEP][PASSED] - ctdc.utilities.runtestcaseforKatalon.clickTab("Object Repository/Canine/Filter/Diagnosis/HealthyControl_Chkbx"): ctdc.utilities.runtestcaseforKatalon.clickTab is PASSED

2021-05-04 15:45:38 - [MESSAGE][PASSED] - ctdc.utilities.runtestcaseforKatalon.clickTab is PASSED

2021-05-04 15:45:38 - [TEST_STEP][PASSED] - ctdc.utilities.runtestcaseforKatalon.clickTab("Object Repository/Canine/Filter/Diagnosis/DIAGNOSIS_Ddn"): ctdc.utilities.runtestcaseforKatalon.clickTab is PASSED

2021-05-04 15:45:39 - [MESSAGE][PASSED] - ctdc.utilities.runtestcaseforKatalon.clickTab is PASSED

2021-05-04 15:45:39 - [TEST_STEP][PASSED] - Thread.sleep(2000): null

2021-05-04 15:45:41 - [TEST_STEP][PASSED] - waitForElementPresent(findTestObject("Object Repository/Canine/Filter/PrimDiseaseSite/PRIMARYDISEASESITE_Ddn"), 10): Object 'Object Repository/Canine/Filter/PrimDiseaseSite/PRIMARYDISEASESITE_Ddn' is not present after 10 second(s)

2021-05-04 15:45:52 - [MESSAGE][INFO] - Unable to find the element located by 'By.xpath: //*[@id='Primary Disease Site']'. Please recheck the objects properties to make sure the desired element is located. 

2021-05-04 15:45:52 - [MESSAGE][WARNING] - Object 'Object Repository/Canine/Filter/PrimDiseaseSite/PRIMARYDISEASESITE_Ddn' is not present after 10 second(s)

2021-05-04 15:45:52 - [TEST_STEP][PASSED] - ctdc.utilities.runtestcaseforKatalon.clickTab("Object Repository/Canine/Filter/PrimDiseaseSite/PRIMARYDISEASESITE_Ddn"): ctdc.utilities.runtestcaseforKatalon.clickTab is PASSED

2021-05-04 15:45:52 - [MESSAGE][PASSED] - ctdc.utilities.runtestcaseforKatalon.clickTab is PASSED

2021-05-04 15:45:52 - [TEST_STEP][PASSED] - waitForElementPresent(findTestObject("Object Repository/Canine/Filter/PrimDiseaseSite/BladderProstate_Chkbx"), 10): Object 'Object Repository/Canine/Filter/PrimDiseaseSite/BladderProstate_Chkbx' is not present after 10 second(s)

2021-05-04 15:46:03 - [MESSAGE][INFO] - Unable to find the element located by 'By.xpath: //*[contains(text(),'Bladder, Prostate')]'. Please recheck the objects properties to make sure the desired element is located. 

2021-05-04 15:46:03 - [MESSAGE][WARNING] - Object 'Object Repository/Canine/Filter/PrimDiseaseSite/BladderProstate_Chkbx' is not present after 10 second(s)

2021-05-04 15:46:03 - [TEST_STEP][PASSED] - ctdc.utilities.runtestcaseforKatalon.clickTab("Object Repository/Canine/Filter/PrimDiseaseSite/BladderProstate_Chkbx"): ctdc.utilities.runtestcaseforKatalon.clickTab is PASSED

2021-05-04 15:46:04 - [MESSAGE][PASSED] - ctdc.utilities.runtestcaseforKatalon.clickTab is PASSED

2021-05-04 15:46:04 - [TEST_STEP][PASSED] - waitForElementPresent(findTestObject("Object Repository/Canine/Filter/PrimDiseaseSite/BladderUrethra_Chkbx"), 10): Object 'Object Repository/Canine/Filter/PrimDiseaseSite/BladderUrethra_Chkbx' is not present after 10 second(s)

2021-05-04 15:46:15 - [MESSAGE][INFO] - Unable to find the element located by 'By.xpath: (//*[contains(text(),'Bladder, Urethra')])[1]'. Please recheck the objects properties to make sure the desired element is located. 

2021-05-04 15:46:15 - [MESSAGE][WARNING] - Object 'Object Repository/Canine/Filter/PrimDiseaseSite/BladderUrethra_Chkbx' is not present after 10 second(s)

2021-05-04 15:46:15 - [TEST_STEP][PASSED] - ctdc.utilities.runtestcaseforKatalon.clickTab("Object Repository/Canine/Filter/PrimDiseaseSite/BladderUrethra_Chkbx"): ctdc.utilities.runtestcaseforKatalon.clickTab is PASSED

2021-05-04 15:46:15 - [MESSAGE][PASSED] - ctdc.utilities.runtestcaseforKatalon.clickTab is PASSED

2021-05-04 15:46:15 - [TEST_STEP][PASSED] - ctdc.utilities.runtestcaseforKatalon.clickTab("Object Repository/Canine/Filter/PrimDiseaseSite/PRIMARYDISEASESITE_Ddn"): ctdc.utilities.runtestcaseforKatalon.clickTab is PASSED

2021-05-04 15:46:15 - [MESSAGE][PASSED] - ctdc.utilities.runtestcaseforKatalon.clickTab is PASSED

2021-05-04 15:46:15 - [TEST_STEP][PASSED] - Thread.sleep(2000): null

2021-05-04 15:46:17 - [TEST_STEP][PASSED] - ctdc.utilities.runtestcaseforKatalon.readStatBarCanine("Object Repository/Canine/StatBar/Canine_StatBar-Studies", "Object Repository/Canine/StatBar/Canine_StatBar-Cases", "Object Repository/Canine/StatBar/Canine_StatBar-Samples", "Object Repository/Canine/StatBar/Canine_StatBar-Files", "Object Repository/Canine/StatBar/Canine_StatBar-Aliquots"): ctdc.utilities.runtestcaseforKatalon.readStatBarCanine is PASSED

2021-05-04 15:46:32 - [MESSAGE][PASSED] - ctdc.utilities.runtestcaseforKatalon.readStatBarCanine is PASSED

2021-05-04 15:46:32 - [TEST_STEP][PASSED] - waitForElementPresent(findTestObject("Object Repository/Canine/CanineResults_Cases_Tab"), 5): Object 'Object Repository/Canine/CanineResults_Cases_Tab' is not present after 5 second(s)

2021-05-04 15:46:39 - [MESSAGE][INFO] - Unable to find the element located by 'By.xpath: //*[@id="case_tab"]'. Please recheck the objects properties to make sure the desired element is located. 

2021-05-04 15:46:39 - [MESSAGE][WARNING] - Object 'Object Repository/Canine/CanineResults_Cases_Tab' is not present after 5 second(s)

2021-05-04 15:46:39 - [TEST_STEP][PASSED] - ctdc.utilities.runtestcaseforKatalon.clickTab("Object Repository/Canine/CanineResults_Cases_Tab"): ctdc.utilities.runtestcaseforKatalon.clickTab is PASSED

2021-05-04 15:46:39 - [MESSAGE][PASSED] - ctdc.utilities.runtestcaseforKatalon.clickTab is PASSED

2021-05-04 15:46:39 - [TEST_STEP][PASSED] - ctdc.utilities.runtestcaseforKatalon.multiFunction("ICDC", G_StatBar_Cases, "Object Repository/Canine/Canine_CasesTable", "Object Repository/Canine/Canine_TableHeader", "Object Repository/Canine/Canine_CasesTabNextBtn", G_WebTabnameCases, G_CypherTabnameCases, G_QueryCasesTab): Statbar Arms count matches

2021-05-04 15:47:00 - [MESSAGE][PASSED] - Statbar Files count matches

2021-05-04 15:47:00 - [MESSAGE][PASSED] - Statbar Samples count matches

2021-05-04 15:47:00 - [MESSAGE][PASSED] - Statbar Cases count matches

2021-05-04 15:47:00 - [MESSAGE][PASSED] - Statbar Arms count matches

2021-05-04 15:47:00 - [TEST_STEP][PASSED] - waitForElementPresent(findTestObject("Object Repository/Canine/CanineResults_Samples_Tab"), 5): Object 'Object Repository/Canine/CanineResults_Samples_Tab' is not present after 5 second(s)

2021-05-04 15:47:06 - [MESSAGE][INFO] - Unable to find the element located by 'By.xpath: //*[@id="sample_tab"]'. Please recheck the objects properties to make sure the desired element is located. 

2021-05-04 15:47:06 - [MESSAGE][WARNING] - Object 'Object Repository/Canine/CanineResults_Samples_Tab' is not present after 5 second(s)

2021-05-04 15:47:06 - [TEST_STEP][PASSED] - ctdc.utilities.runtestcaseforKatalon.clickTab("Object Repository/Canine/CanineResults_Samples_Tab"): ctdc.utilities.runtestcaseforKatalon.clickTab is PASSED

2021-05-04 15:47:06 - [MESSAGE][PASSED] - ctdc.utilities.runtestcaseforKatalon.clickTab is PASSED

2021-05-04 15:47:06 - [TEST_STEP][PASSED] - ctdc.utilities.runtestcaseforKatalon.multiFunction("ICDC", G_StatBar_Samples, "Object Repository/Canine/Canine_Samples_Table", "Object Repository/Canine/Canine_Samples_TableHdr", "Object Repository/Canine/Canine_SamplesTabNextBtn", G_WebTabnameSamples, G_CypherTabnameSamples, G_QuerySamplesTab): Statbar Arms count matches

2021-05-04 15:47:43 - [MESSAGE][PASSED] - Statbar Files count matches

2021-05-04 15:47:43 - [MESSAGE][PASSED] - Statbar Samples count matches

2021-05-04 15:47:43 - [MESSAGE][PASSED] - Statbar Cases count matches

2021-05-04 15:47:43 - [MESSAGE][PASSED] - Statbar Arms count matches

2021-05-04 15:47:43 - [TEST_STEP][PASSED] - waitForElementPresent(findTestObject("Object Repository/Canine/CanineResults_Files_Tab"), 5): Object 'Object Repository/Canine/CanineResults_Files_Tab' is not present after 5 second(s)

2021-05-04 15:47:49 - [MESSAGE][INFO] - Unable to find the element located by 'By.xpath: //*[@id="file_tab"]'. Please recheck the objects properties to make sure the desired element is located. 

2021-05-04 15:47:49 - [MESSAGE][WARNING] - Object 'Object Repository/Canine/CanineResults_Files_Tab' is not present after 5 second(s)

2021-05-04 15:47:49 - [TEST_STEP][PASSED] - ctdc.utilities.runtestcaseforKatalon.clickTab("Object Repository/Canine/CanineResults_Files_Tab"): ctdc.utilities.runtestcaseforKatalon.clickTab is PASSED

2021-05-04 15:47:49 - [MESSAGE][PASSED] - ctdc.utilities.runtestcaseforKatalon.clickTab is PASSED

2021-05-04 15:47:49 - [TEST_STEP][PASSED] - ctdc.utilities.runtestcaseforKatalon.multiFunction("ICDC", G_StatBar_Files, "Object Repository/Canine/Canine_Files_Table", "Object Repository/Canine/Canine_Files_TableHdr", "Object Repository/Canine/Canine_FilesTabNextBtn", G_WebTabnameFiles, G_CypherTabnameFiles, G_QueryFilesTab): Statbar Arms count matches

2021-05-04 15:48:49 - [MESSAGE][PASSED] - Statbar Files count matches

2021-05-04 15:48:49 - [MESSAGE][PASSED] - Statbar Samples count matches

2021-05-04 15:48:49 - [MESSAGE][PASSED] - Statbar Cases count matches

2021-05-04 15:48:49 - [MESSAGE][PASSED] - Statbar Arms count matches

2021-05-04 15:48:49 - [TEST_STEP][PASSED] - closeBrowser(): Browser is closed

2021-05-04 15:48:50 - [MESSAGE][PASSED] - Browser is closed]]></system-out>
         <system-err><![CDATA[]]></system-err>
      </testcase>
      <testcase name="Test Cases/Canine_TestCases/Study-Combinations/TC02_Canine_StudyUBC-Breed_Diagnosis_PrimDiseaseSite" time="220.437" classname="Test Cases/Canine_TestCases/Study-Combinations/TC02_Canine_StudyUBC-Breed_Diagnosis_PrimDiseaseSite" status="PASSED">
         <system-out><![CDATA[2021-05-04 15:48:50 - [TEST_CASE][PASSED] - Test Cases/Canine_TestCases/Study-Combinations/TC02_Canine_StudyUBC-Breed_Diagnosis_PrimDiseaseSite: Test Cases/Canine_TestCases/Study-Combinations/TC02_Canine_StudyUBC-Breed_Diagnosis_PrimDiseaseSite

2021-05-04 15:48:50 - [TEST_STEP][PASSED] - closeBrowser(): Browser is closed

2021-05-04 15:48:50 - [MESSAGE][PASSED] - Browser is closed

2021-05-04 15:48:50 - [TEST_STEP][PASSED] - openBrowser(""): Browser is opened with url: ''

2021-05-04 15:48:50 - [MESSAGE][INFO] - Starting 'Chrome (headless)' driver

2021-05-04 15:48:50 - [MESSAGE][INFO] - User set preference: ['args', '[--no-sandbox]']

2021-05-04 15:48:50 - [MESSAGE][INFO] - Action delay is set to 5,000 milliseconds

2021-05-04 15:48:51 - [MESSAGE][PASSED] - Browser is opened with url: ''

2021-05-04 15:48:51 - [TEST_STEP][PASSED] - maximizeWindow(): Current window maximized

2021-05-04 15:48:51 - [MESSAGE][PASSED] - Current window maximized

2021-05-04 15:48:51 - [TEST_STEP][PASSED] - "Driver opened by Katalon is used in Selenium from this step.": null

2021-05-04 15:48:51 - [TEST_STEP][PASSED] - ctdc.utilities.runtestcaseforKatalon.RunKatalon("TC02_Canine_StudyUBC-Breed_Diagnosis_PrimDiseaseSite.xlsx"): Data loaded from input file for the test case. 

2021-05-04 15:48:51 - [MESSAGE][PASSED] - Test case file loaded This is the full filepath after converting to string :C:\Users\radhakrishnang2\Desktop\Commons_Automation\InputFiles\TC02_Canine_StudyUBC-Breed_Diagnosis_PrimDiseaseSite.xlsx

2021-05-04 15:48:51 - [MESSAGE][INFO] - Global variable set for password file is :  C:\Users\radhakrishnang2\Desktop\Commons_Automation\InputFiles\TC02_Canine_StudyUBC-Breed_Diagnosis_PrimDiseaseSite.xlsx

2021-05-04 15:48:51 - [MESSAGE][PASSED] - Data loaded from input file for the test case. 

2021-05-04 15:49:02 - [TEST_STEP][PASSED] - waitForElementPresent(findTestObject("Canine/NavBar/Canine_Cases_Btn"), 10): Object 'Object Repository/Canine/NavBar/Canine_Cases_Btn' is not present after 10 second(s)

2021-05-04 15:49:13 - [MESSAGE][INFO] - Unable to find the element located by 'By.xpath: //a[contains(@href,'cases')]'. Please recheck the objects properties to make sure the desired element is located. 

2021-05-04 15:49:13 - [MESSAGE][WARNING] - Object 'Object Repository/Canine/NavBar/Canine_Cases_Btn' is not present after 10 second(s)

2021-05-04 15:49:13 - [TEST_STEP][PASSED] - ctdc.utilities.runtestcaseforKatalon.clickTab("Canine/NavBar/Canine_Cases_Btn"): ctdc.utilities.runtestcaseforKatalon.clickTab is PASSED

2021-05-04 15:49:14 - [MESSAGE][PASSED] - ctdc.utilities.runtestcaseforKatalon.clickTab is PASSED

2021-05-04 15:49:14 - [TEST_STEP][PASSED] - waitForElementPresent(findTestObject("Object Repository/Canine/Filter/FilterByCases_Facet"), 10): Object 'Object Repository/Canine/Filter/FilterByCases_Facet' is not present after 10 second(s)

2021-05-04 15:49:25 - [MESSAGE][INFO] - Unable to find the element located by 'By.xpath: //*[contains(text(),'Filter By Cases')]'. Please recheck the objects properties to make sure the desired element is located. 

2021-05-04 15:49:25 - [MESSAGE][WARNING] - Object 'Object Repository/Canine/Filter/FilterByCases_Facet' is not present after 10 second(s)

2021-05-04 15:49:25 - [TEST_STEP][PASSED] - ctdc.utilities.runtestcaseforKatalon.clickTab("Object Repository/Canine/Filter/FilterByCases_Facet"): ctdc.utilities.runtestcaseforKatalon.clickTab is PASSED

2021-05-04 15:49:25 - [MESSAGE][PASSED] - ctdc.utilities.runtestcaseforKatalon.clickTab is PASSED

2021-05-04 15:49:25 - [TEST_STEP][PASSED] - waitForElementPresent(findTestObject("Object Repository/Canine/Filter/Study/Canine_Filter_Study"), 10): Object 'Object Repository/Canine/Filter/Study/Canine_Filter_Study' is not present after 10 second(s)

2021-05-04 15:49:36 - [MESSAGE][INFO] - Unable to find the element located by 'By.xpath: //*[@id='Study']'. Please recheck the objects properties to make sure the desired element is located. 

2021-05-04 15:49:36 - [MESSAGE][WARNING] - Object 'Object Repository/Canine/Filter/Study/Canine_Filter_Study' is not present after 10 second(s)

2021-05-04 15:49:36 - [TEST_STEP][PASSED] - ctdc.utilities.runtestcaseforKatalon.clickTab("Object Repository/Canine/Filter/Study/Canine_Filter_Study"): ctdc.utilities.runtestcaseforKatalon.clickTab is PASSED

2021-05-04 15:49:36 - [MESSAGE][PASSED] - ctdc.utilities.runtestcaseforKatalon.clickTab is PASSED

2021-05-04 15:49:36 - [TEST_STEP][PASSED] - waitForElementPresent(findTestObject("Object Repository/Canine/Filter/Study/Canine_Filter_Study-UBC_Chkbx"), 10): Object 'Object Repository/Canine/Filter/Study/Canine_Filter_Study-UBC_Chkbx' is not present after 10 second(s)

2021-05-04 15:49:47 - [MESSAGE][INFO] - Unable to find the element located by 'By.xpath: (//*[contains(text(),'UBC')])[1]'. Please recheck the objects properties to make sure the desired element is located. 

2021-05-04 15:49:47 - [MESSAGE][WARNING] - Object 'Object Repository/Canine/Filter/Study/Canine_Filter_Study-UBC_Chkbx' is not present after 10 second(s)

2021-05-04 15:49:47 - [TEST_STEP][PASSED] - ctdc.utilities.runtestcaseforKatalon.clickTab("Object Repository/Canine/Filter/Study/Canine_Filter_Study-UBC_Chkbx"): ctdc.utilities.runtestcaseforKatalon.clickTab is PASSED

2021-05-04 15:49:48 - [MESSAGE][PASSED] - ctdc.utilities.runtestcaseforKatalon.clickTab is PASSED

2021-05-04 15:49:48 - [TEST_STEP][PASSED] - Thread.sleep(2000): null

2021-05-04 15:49:50 - [TEST_STEP][PASSED] - waitForElementPresent(findTestObject("Object Repository/Canine/Filter/Breed/BREED_Ddn"), 10): Object 'Object Repository/Canine/Filter/Breed/BREED_Ddn' is not present after 10 second(s)

2021-05-04 15:50:01 - [MESSAGE][INFO] - Unable to find the element located by 'By.xpath: //*[@id='Breed']'. Please recheck the objects properties to make sure the desired element is located. 

2021-05-04 15:50:01 - [MESSAGE][WARNING] - Object 'Object Repository/Canine/Filter/Breed/BREED_Ddn' is not present after 10 second(s)

2021-05-04 15:50:01 - [TEST_STEP][PASSED] - ctdc.utilities.runtestcaseforKatalon.clickTab("Object Repository/Canine/Filter/Breed/BREED_Ddn"): ctdc.utilities.runtestcaseforKatalon.clickTab is PASSED

2021-05-04 15:50:01 - [MESSAGE][PASSED] - ctdc.utilities.runtestcaseforKatalon.clickTab is PASSED

2021-05-04 15:50:01 - [TEST_STEP][PASSED] - waitForElementPresent(findTestObject("Object Repository/Canine/Filter/Breed/BorderCol_Chkbx"), 10): Object 'Object Repository/Canine/Filter/Breed/BorderCol_Chkbx' is not present after 10 second(s)

2021-05-04 15:50:12 - [MESSAGE][INFO] - Unable to find the element located by 'By.xpath: //*[contains(text(),'Border Collie')]'. Please recheck the objects properties to make sure the desired element is located. 

2021-05-04 15:50:12 - [MESSAGE][WARNING] - Object 'Object Repository/Canine/Filter/Breed/BorderCol_Chkbx' is not present after 10 second(s)

2021-05-04 15:50:12 - [TEST_STEP][PASSED] - ctdc.utilities.runtestcaseforKatalon.clickTab("Object Repository/Canine/Filter/Breed/BorderCol_Chkbx"): ctdc.utilities.runtestcaseforKatalon.clickTab is PASSED

2021-05-04 15:50:12 - [MESSAGE][PASSED] - ctdc.utilities.runtestcaseforKatalon.clickTab is PASSED

2021-05-04 15:50:12 - [TEST_STEP][PASSED] - waitForElementPresent(findTestObject("Object Repository/Canine/Filter/Breed/Chihuahua_Chkbx"), 10): Object 'Object Repository/Canine/Filter/Breed/Chihuahua_Chkbx' is not present after 10 second(s)

2021-05-04 15:50:23 - [MESSAGE][INFO] - Unable to find the element located by 'By.xpath: //*[contains(text(),'Chihuahua')]'. Please recheck the objects properties to make sure the desired element is located. 

2021-05-04 15:50:23 - [MESSAGE][WARNING] - Object 'Object Repository/Canine/Filter/Breed/Chihuahua_Chkbx' is not present after 10 second(s)

2021-05-04 15:50:23 - [TEST_STEP][PASSED] - ctdc.utilities.runtestcaseforKatalon.clickTab("Object Repository/Canine/Filter/Breed/Chihuahua_Chkbx"): ctdc.utilities.runtestcaseforKatalon.clickTab is PASSED

2021-05-04 15:50:23 - [MESSAGE][PASSED] - ctdc.utilities.runtestcaseforKatalon.clickTab is PASSED

2021-05-04 15:50:23 - [TEST_STEP][PASSED] - waitForElementPresent(findTestObject("Object Repository/Canine/Filter/Breed/Maltese_Chkbx"), 10): Object 'Object Repository/Canine/Filter/Breed/Maltese_Chkbx' is not present after 10 second(s)

2021-05-04 15:50:34 - [MESSAGE][INFO] - Unable to find the element located by 'By.xpath: //*[contains(text(),'Maltese')]'. Please recheck the objects properties to make sure the desired element is located. 

2021-05-04 15:50:34 - [MESSAGE][WARNING] - Object 'Object Repository/Canine/Filter/Breed/Maltese_Chkbx' is not present after 10 second(s)

2021-05-04 15:50:34 - [TEST_STEP][PASSED] - ctdc.utilities.runtestcaseforKatalon.clickTab("Object Repository/Canine/Filter/Breed/Maltese_Chkbx"): ctdc.utilities.runtestcaseforKatalon.clickTab is PASSED

2021-05-04 15:50:35 - [MESSAGE][PASSED] - ctdc.utilities.runtestcaseforKatalon.clickTab is PASSED

2021-05-04 15:50:35 - [TEST_STEP][PASSED] - waitForElementPresent(findTestObject("Object Repository/Canine/Filter/Breed/ScottTerr_Chkbx"), 10): Object 'Object Repository/Canine/Filter/Breed/ScottTerr_Chkbx' is not present after 10 second(s)

2021-05-04 15:50:46 - [MESSAGE][INFO] - Unable to find the element located by 'By.xpath: //*[contains(text(),'Scottish Terrier')]'. Please recheck the objects properties to make sure the desired element is located. 

2021-05-04 15:50:46 - [MESSAGE][WARNING] - Object 'Object Repository/Canine/Filter/Breed/ScottTerr_Chkbx' is not present after 10 second(s)

2021-05-04 15:50:46 - [TEST_STEP][PASSED] - ctdc.utilities.runtestcaseforKatalon.clickTab("Object Repository/Canine/Filter/Breed/ScottTerr_Chkbx"): ctdc.utilities.runtestcaseforKatalon.clickTab is PASSED

2021-05-04 15:50:46 - [MESSAGE][PASSED] - ctdc.utilities.runtestcaseforKatalon.clickTab is PASSED

2021-05-04 15:50:46 - [TEST_STEP][PASSED] - ctdc.utilities.runtestcaseforKatalon.clickTab("Object Repository/Canine/Filter/Breed/BREED_Ddn"): ctdc.utilities.runtestcaseforKatalon.clickTab is PASSED

2021-05-04 15:50:46 - [MESSAGE][PASSED] - ctdc.utilities.runtestcaseforKatalon.clickTab is PASSED

2021-05-04 15:50:46 - [TEST_STEP][PASSED] - Thread.sleep(2000): null

2021-05-04 15:50:48 - [TEST_STEP][PASSED] - waitForElementPresent(findTestObject("Object Repository/Canine/Filter/Diagnosis/DIAGNOSIS_Ddn"), 10): Object 'Object Repository/Canine/Filter/Diagnosis/DIAGNOSIS_Ddn' is not present after 10 second(s)

2021-05-04 15:50:59 - [MESSAGE][INFO] - Unable to find the element located by 'By.xpath: (//*[@id='Diagnosis'])[1]'. Please recheck the objects properties to make sure the desired element is located. 

2021-05-04 15:50:59 - [MESSAGE][WARNING] - Object 'Object Repository/Canine/Filter/Diagnosis/DIAGNOSIS_Ddn' is not present after 10 second(s)

2021-05-04 15:50:59 - [TEST_STEP][PASSED] - ctdc.utilities.runtestcaseforKatalon.clickTab("Object Repository/Canine/Filter/Diagnosis/DIAGNOSIS_Ddn"): ctdc.utilities.runtestcaseforKatalon.clickTab is PASSED

2021-05-04 15:50:59 - [MESSAGE][PASSED] - ctdc.utilities.runtestcaseforKatalon.clickTab is PASSED

2021-05-04 15:50:59 - [TEST_STEP][PASSED] - waitForElementPresent(findTestObject("Object Repository/Canine/Filter/Diagnosis/BladderCancer_Chkbx"), 10): Object 'Object Repository/Canine/Filter/Diagnosis/BladderCancer_Chkbx' is not present after 10 second(s)

2021-05-04 15:51:10 - [MESSAGE][INFO] - Unable to find the element located by 'By.xpath: //*[contains(text(),'Bladder Cancer')]'. Please recheck the objects properties to make sure the desired element is located. 

2021-05-04 15:51:10 - [MESSAGE][WARNING] - Object 'Object Repository/Canine/Filter/Diagnosis/BladderCancer_Chkbx' is not present after 10 second(s)

2021-05-04 15:51:10 - [TEST_STEP][PASSED] - ctdc.utilities.runtestcaseforKatalon.clickTab("Object Repository/Canine/Filter/Diagnosis/BladderCancer_Chkbx"): ctdc.utilities.runtestcaseforKatalon.clickTab is PASSED

2021-05-04 15:51:11 - [MESSAGE][PASSED] - ctdc.utilities.runtestcaseforKatalon.clickTab is PASSED

2021-05-04 15:51:11 - [TEST_STEP][PASSED] - ctdc.utilities.runtestcaseforKatalon.clickTab("Object Repository/Canine/Filter/Diagnosis/DIAGNOSIS_Ddn"): ctdc.utilities.runtestcaseforKatalon.clickTab is PASSED

2021-05-04 15:51:11 - [MESSAGE][PASSED] - ctdc.utilities.runtestcaseforKatalon.clickTab is PASSED

2021-05-04 15:51:11 - [TEST_STEP][PASSED] - Thread.sleep(2000): null

2021-05-04 15:51:13 - [TEST_STEP][PASSED] - waitForElementPresent(findTestObject("Object Repository/Canine/Filter/PrimDiseaseSite/PRIMARYDISEASESITE_Ddn"), 10): Object 'Object Repository/Canine/Filter/PrimDiseaseSite/PRIMARYDISEASESITE_Ddn' is not present after 10 second(s)

2021-05-04 15:51:24 - [MESSAGE][INFO] - Unable to find the element located by 'By.xpath: //*[@id='Primary Disease Site']'. Please recheck the objects properties to make sure the desired element is located. 

2021-05-04 15:51:24 - [MESSAGE][WARNING] - Object 'Object Repository/Canine/Filter/PrimDiseaseSite/PRIMARYDISEASESITE_Ddn' is not present after 10 second(s)

2021-05-04 15:51:24 - [TEST_STEP][PASSED] - ctdc.utilities.runtestcaseforKatalon.clickTab("Object Repository/Canine/Filter/PrimDiseaseSite/PRIMARYDISEASESITE_Ddn"): ctdc.utilities.runtestcaseforKatalon.clickTab is PASSED

2021-05-04 15:51:25 - [MESSAGE][PASSED] - ctdc.utilities.runtestcaseforKatalon.clickTab is PASSED

2021-05-04 15:51:25 - [TEST_STEP][PASSED] - waitForElementPresent(findTestObject("Object Repository/Canine/Filter/PrimDiseaseSite/BladderUrethra_Chkbx"), 10): Object 'Object Repository/Canine/Filter/PrimDiseaseSite/BladderUrethra_Chkbx' is not present after 10 second(s)

2021-05-04 15:51:36 - [MESSAGE][INFO] - Unable to find the element located by 'By.xpath: (//*[contains(text(),'Bladder, Urethra')])[1]'. Please recheck the objects properties to make sure the desired element is located. 

2021-05-04 15:51:36 - [MESSAGE][WARNING] - Object 'Object Repository/Canine/Filter/PrimDiseaseSite/BladderUrethra_Chkbx' is not present after 10 second(s)

2021-05-04 15:51:36 - [TEST_STEP][PASSED] - ctdc.utilities.runtestcaseforKatalon.clickTab("Object Repository/Canine/Filter/PrimDiseaseSite/BladderUrethra_Chkbx"): ctdc.utilities.runtestcaseforKatalon.clickTab is PASSED

2021-05-04 15:51:36 - [MESSAGE][PASSED] - ctdc.utilities.runtestcaseforKatalon.clickTab is PASSED

2021-05-04 15:51:36 - [TEST_STEP][PASSED] - waitForElementPresent(findTestObject("Object Repository/Canine/Filter/PrimDiseaseSite/BladderUrethraProstate_Chkbx"), 10): Object 'Object Repository/Canine/Filter/PrimDiseaseSite/BladderUrethraProstate_Chkbx' is not present after 10 second(s)

2021-05-04 15:51:47 - [MESSAGE][INFO] - Unable to find the element located by 'By.xpath: //*[contains(text(),'Bladder, Urethra, Prostate')]'. Please recheck the objects properties to make sure the desired element is located. 

2021-05-04 15:51:47 - [MESSAGE][WARNING] - Object 'Object Repository/Canine/Filter/PrimDiseaseSite/BladderUrethraProstate_Chkbx' is not present after 10 second(s)

2021-05-04 15:51:47 - [TEST_STEP][PASSED] - ctdc.utilities.runtestcaseforKatalon.clickTab("Object Repository/Canine/Filter/PrimDiseaseSite/BladderUrethraProstate_Chkbx"): ctdc.utilities.runtestcaseforKatalon.clickTab is PASSED

2021-05-04 15:51:47 - [MESSAGE][PASSED] - ctdc.utilities.runtestcaseforKatalon.clickTab is PASSED

2021-05-04 15:51:47 - [TEST_STEP][PASSED] - ctdc.utilities.runtestcaseforKatalon.clickTab("Object Repository/Canine/Filter/PrimDiseaseSite/PRIMARYDISEASESITE_Ddn"): ctdc.utilities.runtestcaseforKatalon.clickTab is PASSED

2021-05-04 15:51:47 - [MESSAGE][PASSED] - ctdc.utilities.runtestcaseforKatalon.clickTab is PASSED

2021-05-04 15:51:47 - [TEST_STEP][PASSED] - Thread.sleep(2000): null

2021-05-04 15:51:49 - [TEST_STEP][PASSED] - ctdc.utilities.runtestcaseforKatalon.readStatBarCanine("Object Repository/Canine/StatBar/Canine_StatBar-Studies", "Object Repository/Canine/StatBar/Canine_StatBar-Cases", "Object Repository/Canine/StatBar/Canine_StatBar-Samples", "Object Repository/Canine/StatBar/Canine_StatBar-Files", "Object Repository/Canine/StatBar/Canine_StatBar-Aliquots"): ctdc.utilities.runtestcaseforKatalon.readStatBarCanine is PASSED

2021-05-04 15:52:05 - [MESSAGE][PASSED] - ctdc.utilities.runtestcaseforKatalon.readStatBarCanine is PASSED

2021-05-04 15:52:05 - [TEST_STEP][PASSED] - waitForElementPresent(findTestObject("Object Repository/Canine/CanineResults_Cases_Tab"), 5): Object 'Object Repository/Canine/CanineResults_Cases_Tab' is not present after 5 second(s)

2021-05-04 15:52:11 - [MESSAGE][INFO] - Unable to find the element located by 'By.xpath: //*[@id="case_tab"]'. Please recheck the objects properties to make sure the desired element is located. 

2021-05-04 15:52:11 - [MESSAGE][WARNING] - Object 'Object Repository/Canine/CanineResults_Cases_Tab' is not present after 5 second(s)

2021-05-04 15:52:11 - [TEST_STEP][PASSED] - ctdc.utilities.runtestcaseforKatalon.clickTab("Object Repository/Canine/CanineResults_Cases_Tab"): ctdc.utilities.runtestcaseforKatalon.clickTab is PASSED

2021-05-04 15:52:11 - [MESSAGE][PASSED] - ctdc.utilities.runtestcaseforKatalon.clickTab is PASSED

2021-05-04 15:52:11 - [TEST_STEP][PASSED] - ctdc.utilities.runtestcaseforKatalon.multiFunction("ICDC", G_StatBar_Cases, "Object Repository/Canine/Canine_CasesTable", "Object Repository/Canine/Canine_TableHeader", "Object Repository/Canine/Canine_CasesTabNextBtn", G_WebTabnameCases, G_CypherTabnameCases, G_QueryCasesTab): Statbar Arms count matches

2021-05-04 15:52:29 - [MESSAGE][PASSED] - Statbar Files count matches

2021-05-04 15:52:29 - [MESSAGE][PASSED] - Statbar Samples count matches

2021-05-04 15:52:29 - [MESSAGE][PASSED] - Statbar Cases count matches

2021-05-04 15:52:29 - [MESSAGE][PASSED] - Statbar Arms count matches

2021-05-04 15:52:29 - [TEST_STEP][PASSED] - closeBrowser(): Browser is closed

2021-05-04 15:52:30 - [MESSAGE][PASSED] - Browser is closed]]></system-out>
         <system-err><![CDATA[]]></system-err>
      </testcase>
      <testcase name="Test Cases/Canine_TestCases/Study-Combinations/TC03_Canine_StudyUBC-Breed_Diagnosis_PrimDiseaseSite" time="204.487" classname="Test Cases/Canine_TestCases/Study-Combinations/TC03_Canine_StudyUBC-Breed_Diagnosis_PrimDiseaseSite" status="PASSED">
         <system-out><![CDATA[2021-05-04 15:52:30 - [TEST_CASE][PASSED] - Test Cases/Canine_TestCases/Study-Combinations/TC03_Canine_StudyUBC-Breed_Diagnosis_PrimDiseaseSite: Test Cases/Canine_TestCases/Study-Combinations/TC03_Canine_StudyUBC-Breed_Diagnosis_PrimDiseaseSite

2021-05-04 15:52:31 - [TEST_STEP][PASSED] - closeBrowser(): Browser is closed

2021-05-04 15:52:31 - [MESSAGE][PASSED] - Browser is closed

2021-05-04 15:52:31 - [TEST_STEP][PASSED] - openBrowser(""): Browser is opened with url: ''

2021-05-04 15:52:31 - [MESSAGE][INFO] - Starting 'Chrome (headless)' driver

2021-05-04 15:52:31 - [MESSAGE][INFO] - User set preference: ['args', '[--no-sandbox]']

2021-05-04 15:52:31 - [MESSAGE][INFO] - Action delay is set to 5,000 milliseconds

2021-05-04 15:52:32 - [MESSAGE][PASSED] - Browser is opened with url: ''

2021-05-04 15:52:32 - [TEST_STEP][PASSED] - maximizeWindow(): Current window maximized

2021-05-04 15:52:32 - [MESSAGE][PASSED] - Current window maximized

2021-05-04 15:52:32 - [TEST_STEP][PASSED] - "Driver opened by Katalon is used in Selenium from this step.": null

2021-05-04 15:52:32 - [TEST_STEP][PASSED] - ctdc.utilities.runtestcaseforKatalon.RunKatalon("TC03_Canine_StudyUBC-Breed_Diagnosis_PrimDiseaseSite.xlsx"): Data loaded from input file for the test case. 

2021-05-04 15:52:32 - [MESSAGE][PASSED] - Test case file loaded This is the full filepath after converting to string :C:\Users\radhakrishnang2\Desktop\Commons_Automation\InputFiles\TC03_Canine_StudyUBC-Breed_Diagnosis_PrimDiseaseSite.xlsx

2021-05-04 15:52:32 - [MESSAGE][INFO] - Global variable set for password file is :  C:\Users\radhakrishnang2\Desktop\Commons_Automation\InputFiles\TC03_Canine_StudyUBC-Breed_Diagnosis_PrimDiseaseSite.xlsx

2021-05-04 15:52:32 - [MESSAGE][PASSED] - Data loaded from input file for the test case. 

2021-05-04 15:52:52 - [TEST_STEP][PASSED] - waitForElementPresent(findTestObject("Canine/NavBar/Canine_Cases_Btn"), 10): Object 'Object Repository/Canine/NavBar/Canine_Cases_Btn' is not present after 10 second(s)

2021-05-04 15:53:03 - [MESSAGE][INFO] - Unable to find the element located by 'By.xpath: //a[contains(@href,'cases')]'. Please recheck the objects properties to make sure the desired element is located. 

2021-05-04 15:53:03 - [MESSAGE][WARNING] - Object 'Object Repository/Canine/NavBar/Canine_Cases_Btn' is not present after 10 second(s)

2021-05-04 15:53:03 - [TEST_STEP][PASSED] - ctdc.utilities.runtestcaseforKatalon.clickTab("Canine/NavBar/Canine_Cases_Btn"): ctdc.utilities.runtestcaseforKatalon.clickTab is PASSED

2021-05-04 15:53:03 - [MESSAGE][PASSED] - ctdc.utilities.runtestcaseforKatalon.clickTab is PASSED

2021-05-04 15:53:03 - [TEST_STEP][PASSED] - waitForElementPresent(findTestObject("Object Repository/Canine/Filter/FilterByCases_Facet"), 10): Object 'Object Repository/Canine/Filter/FilterByCases_Facet' is not present after 10 second(s)

2021-05-04 15:53:14 - [MESSAGE][INFO] - Unable to find the element located by 'By.xpath: //*[contains(text(),'Filter By Cases')]'. Please recheck the objects properties to make sure the desired element is located. 

2021-05-04 15:53:14 - [MESSAGE][WARNING] - Object 'Object Repository/Canine/Filter/FilterByCases_Facet' is not present after 10 second(s)

2021-05-04 15:53:14 - [TEST_STEP][PASSED] - ctdc.utilities.runtestcaseforKatalon.clickTab("Object Repository/Canine/Filter/FilterByCases_Facet"): ctdc.utilities.runtestcaseforKatalon.clickTab is PASSED

2021-05-04 15:53:14 - [MESSAGE][PASSED] - ctdc.utilities.runtestcaseforKatalon.clickTab is PASSED

2021-05-04 15:53:14 - [TEST_STEP][PASSED] - waitForElementPresent(findTestObject("Object Repository/Canine/Filter/Study/Canine_Filter_Study"), 10): Object 'Object Repository/Canine/Filter/Study/Canine_Filter_Study' is not present after 10 second(s)

2021-05-04 15:53:25 - [MESSAGE][INFO] - Unable to find the element located by 'By.xpath: //*[@id='Study']'. Please recheck the objects properties to make sure the desired element is located. 

2021-05-04 15:53:25 - [MESSAGE][WARNING] - Object 'Object Repository/Canine/Filter/Study/Canine_Filter_Study' is not present after 10 second(s)

2021-05-04 15:53:25 - [TEST_STEP][PASSED] - ctdc.utilities.runtestcaseforKatalon.clickTab("Object Repository/Canine/Filter/Study/Canine_Filter_Study"): ctdc.utilities.runtestcaseforKatalon.clickTab is PASSED

2021-05-04 15:53:25 - [MESSAGE][PASSED] - ctdc.utilities.runtestcaseforKatalon.clickTab is PASSED

2021-05-04 15:53:25 - [TEST_STEP][PASSED] - waitForElementPresent(findTestObject("Object Repository/Canine/Filter/Study/Canine_Filter_Study-UBC_Chkbx"), 10): Object 'Object Repository/Canine/Filter/Study/Canine_Filter_Study-UBC_Chkbx' is not present after 10 second(s)

2021-05-04 15:53:37 - [MESSAGE][INFO] - Unable to find the element located by 'By.xpath: (//*[contains(text(),'UBC')])[1]'. Please recheck the objects properties to make sure the desired element is located. 

2021-05-04 15:53:37 - [MESSAGE][WARNING] - Object 'Object Repository/Canine/Filter/Study/Canine_Filter_Study-UBC_Chkbx' is not present after 10 second(s)

2021-05-04 15:53:37 - [TEST_STEP][PASSED] - ctdc.utilities.runtestcaseforKatalon.clickTab("Object Repository/Canine/Filter/Study/Canine_Filter_Study-UBC_Chkbx"): ctdc.utilities.runtestcaseforKatalon.clickTab is PASSED

2021-05-04 15:53:37 - [MESSAGE][PASSED] - ctdc.utilities.runtestcaseforKatalon.clickTab is PASSED

2021-05-04 15:53:37 - [TEST_STEP][PASSED] - Thread.sleep(2000): null

2021-05-04 15:53:39 - [TEST_STEP][PASSED] - waitForElementPresent(findTestObject("Object Repository/Canine/Filter/Breed/BREED_Ddn"), 10): Object 'Object Repository/Canine/Filter/Breed/BREED_Ddn' is not present after 10 second(s)

2021-05-04 15:53:50 - [MESSAGE][INFO] - Unable to find the element located by 'By.xpath: //*[@id='Breed']'. Please recheck the objects properties to make sure the desired element is located. 

2021-05-04 15:53:50 - [MESSAGE][WARNING] - Object 'Object Repository/Canine/Filter/Breed/BREED_Ddn' is not present after 10 second(s)

2021-05-04 15:53:50 - [TEST_STEP][PASSED] - ctdc.utilities.runtestcaseforKatalon.clickTab("Object Repository/Canine/Filter/Breed/BREED_Ddn"): ctdc.utilities.runtestcaseforKatalon.clickTab is PASSED

2021-05-04 15:53:50 - [MESSAGE][PASSED] - ctdc.utilities.runtestcaseforKatalon.clickTab is PASSED

2021-05-04 15:53:50 - [TEST_STEP][PASSED] - waitForElementPresent(findTestObject("Object Repository/Canine/Filter/Breed/IrishTerr_Chkbx"), 10): Object 'Object Repository/Canine/Filter/Breed/IrishTerr_Chkbx' is not present after 10 second(s)

2021-05-04 15:54:01 - [MESSAGE][INFO] - Unable to find the element located by 'By.xpath: //*[contains(text(),'Irish Terrier')]'. Please recheck the objects properties to make sure the desired element is located. 

2021-05-04 15:54:01 - [MESSAGE][WARNING] - Object 'Object Repository/Canine/Filter/Breed/IrishTerr_Chkbx' is not present after 10 second(s)

2021-05-04 15:54:01 - [TEST_STEP][PASSED] - ctdc.utilities.runtestcaseforKatalon.clickTab("Object Repository/Canine/Filter/Breed/IrishTerr_Chkbx"): ctdc.utilities.runtestcaseforKatalon.clickTab is PASSED

2021-05-04 15:54:01 - [MESSAGE][PASSED] - ctdc.utilities.runtestcaseforKatalon.clickTab is PASSED

2021-05-04 15:54:01 - [TEST_STEP][PASSED] - waitForElementPresent(findTestObject("Object Repository/Canine/Filter/Breed/MiniaturePinscher_Chkbx"), 10): Object 'Object Repository/Canine/Filter/Breed/MiniaturePinscher_Chkbx' is not present after 10 second(s)

2021-05-04 15:54:12 - [MESSAGE][INFO] - Unable to find the element located by 'By.xpath: //*[contains(text(),'Miniature Pinscher')]'. Please recheck the objects properties to make sure the desired element is located. 

2021-05-04 15:54:12 - [MESSAGE][WARNING] - Object 'Object Repository/Canine/Filter/Breed/MiniaturePinscher_Chkbx' is not present after 10 second(s)

2021-05-04 15:54:12 - [TEST_STEP][PASSED] - ctdc.utilities.runtestcaseforKatalon.clickTab("Object Repository/Canine/Filter/Breed/MiniaturePinscher_Chkbx"): ctdc.utilities.runtestcaseforKatalon.clickTab is PASSED

2021-05-04 15:54:13 - [MESSAGE][PASSED] - ctdc.utilities.runtestcaseforKatalon.clickTab is PASSED

2021-05-04 15:54:13 - [TEST_STEP][PASSED] - waitForElementPresent(findTestObject("Object Repository/Canine/Filter/Breed/Poodle_Chkbx"), 10): Object 'Object Repository/Canine/Filter/Breed/Poodle_Chkbx' is not present after 10 second(s)

2021-05-04 15:54:24 - [MESSAGE][INFO] - Unable to find the element located by 'By.xpath: //*[contains(text(),'Poodle')]'. Please recheck the objects properties to make sure the desired element is located. 

2021-05-04 15:54:24 - [MESSAGE][WARNING] - Object 'Object Repository/Canine/Filter/Breed/Poodle_Chkbx' is not present after 10 second(s)

2021-05-04 15:54:24 - [TEST_STEP][PASSED] - ctdc.utilities.runtestcaseforKatalon.clickTab("Object Repository/Canine/Filter/Breed/Poodle_Chkbx"): ctdc.utilities.runtestcaseforKatalon.clickTab is PASSED

2021-05-04 15:54:24 - [MESSAGE][PASSED] - ctdc.utilities.runtestcaseforKatalon.clickTab is PASSED

2021-05-04 15:54:24 - [TEST_STEP][PASSED] - ctdc.utilities.runtestcaseforKatalon.clickTab("Object Repository/Canine/Filter/Breed/BREED_Ddn"): ctdc.utilities.runtestcaseforKatalon.clickTab is PASSED

2021-05-04 15:54:24 - [MESSAGE][PASSED] - ctdc.utilities.runtestcaseforKatalon.clickTab is PASSED

2021-05-04 15:54:24 - [TEST_STEP][PASSED] - Thread.sleep(2000): null

2021-05-04 15:54:26 - [TEST_STEP][PASSED] - waitForElementPresent(findTestObject("Object Repository/Canine/Filter/Diagnosis/DIAGNOSIS_Ddn"), 10): Object 'Object Repository/Canine/Filter/Diagnosis/DIAGNOSIS_Ddn' is not present after 10 second(s)

2021-05-04 15:54:37 - [MESSAGE][INFO] - Unable to find the element located by 'By.xpath: (//*[@id='Diagnosis'])[1]'. Please recheck the objects properties to make sure the desired element is located. 

2021-05-04 15:54:37 - [MESSAGE][WARNING] - Object 'Object Repository/Canine/Filter/Diagnosis/DIAGNOSIS_Ddn' is not present after 10 second(s)

2021-05-04 15:54:37 - [TEST_STEP][PASSED] - ctdc.utilities.runtestcaseforKatalon.clickTab("Object Repository/Canine/Filter/Diagnosis/DIAGNOSIS_Ddn"): ctdc.utilities.runtestcaseforKatalon.clickTab is PASSED

2021-05-04 15:54:37 - [MESSAGE][PASSED] - ctdc.utilities.runtestcaseforKatalon.clickTab is PASSED

2021-05-04 15:54:37 - [TEST_STEP][PASSED] - waitForElementPresent(findTestObject("Object Repository/Canine/Filter/Diagnosis/BladderCancer_Chkbx"), 10): Object 'Object Repository/Canine/Filter/Diagnosis/BladderCancer_Chkbx' is not present after 10 second(s)

2021-05-04 15:54:49 - [MESSAGE][INFO] - Unable to find the element located by 'By.xpath: //*[contains(text(),'Bladder Cancer')]'. Please recheck the objects properties to make sure the desired element is located. 

2021-05-04 15:54:49 - [MESSAGE][WARNING] - Object 'Object Repository/Canine/Filter/Diagnosis/BladderCancer_Chkbx' is not present after 10 second(s)

2021-05-04 15:54:49 - [TEST_STEP][PASSED] - ctdc.utilities.runtestcaseforKatalon.clickTab("Object Repository/Canine/Filter/Diagnosis/BladderCancer_Chkbx"): ctdc.utilities.runtestcaseforKatalon.clickTab is PASSED

2021-05-04 15:54:49 - [MESSAGE][PASSED] - ctdc.utilities.runtestcaseforKatalon.clickTab is PASSED

2021-05-04 15:54:49 - [TEST_STEP][PASSED] - ctdc.utilities.runtestcaseforKatalon.clickTab("Object Repository/Canine/Filter/Diagnosis/DIAGNOSIS_Ddn"): ctdc.utilities.runtestcaseforKatalon.clickTab is PASSED

2021-05-04 15:54:49 - [MESSAGE][PASSED] - ctdc.utilities.runtestcaseforKatalon.clickTab is PASSED

2021-05-04 15:54:49 - [TEST_STEP][PASSED] - Thread.sleep(2000): null

2021-05-04 15:54:51 - [TEST_STEP][PASSED] - waitForElementPresent(findTestObject("Object Repository/Canine/Filter/PrimDiseaseSite/PRIMARYDISEASESITE_Ddn"), 10): Object 'Object Repository/Canine/Filter/PrimDiseaseSite/PRIMARYDISEASESITE_Ddn' is not present after 10 second(s)

2021-05-04 15:55:02 - [MESSAGE][INFO] - Unable to find the element located by 'By.xpath: //*[@id='Primary Disease Site']'. Please recheck the objects properties to make sure the desired element is located. 

2021-05-04 15:55:02 - [MESSAGE][WARNING] - Object 'Object Repository/Canine/Filter/PrimDiseaseSite/PRIMARYDISEASESITE_Ddn' is not present after 10 second(s)

2021-05-04 15:55:02 - [TEST_STEP][PASSED] - ctdc.utilities.runtestcaseforKatalon.clickTab("Object Repository/Canine/Filter/PrimDiseaseSite/PRIMARYDISEASESITE_Ddn"): ctdc.utilities.runtestcaseforKatalon.clickTab is PASSED

2021-05-04 15:55:03 - [MESSAGE][PASSED] - ctdc.utilities.runtestcaseforKatalon.clickTab is PASSED

2021-05-04 15:55:03 - [TEST_STEP][PASSED] - waitForElementPresent(findTestObject("Object Repository/Canine/Filter/PrimDiseaseSite/BladderUrethra_Chkbx"), 10): Object 'Object Repository/Canine/Filter/PrimDiseaseSite/BladderUrethra_Chkbx' is not present after 10 second(s)

2021-05-04 15:55:14 - [MESSAGE][INFO] - Unable to find the element located by 'By.xpath: (//*[contains(text(),'Bladder, Urethra')])[1]'. Please recheck the objects properties to make sure the desired element is located. 

2021-05-04 15:55:14 - [MESSAGE][WARNING] - Object 'Object Repository/Canine/Filter/PrimDiseaseSite/BladderUrethra_Chkbx' is not present after 10 second(s)

2021-05-04 15:55:14 - [TEST_STEP][PASSED] - ctdc.utilities.runtestcaseforKatalon.clickTab("Object Repository/Canine/Filter/PrimDiseaseSite/BladderUrethra_Chkbx"): ctdc.utilities.runtestcaseforKatalon.clickTab is PASSED

2021-05-04 15:55:14 - [MESSAGE][PASSED] - ctdc.utilities.runtestcaseforKatalon.clickTab is PASSED

2021-05-04 15:55:14 - [TEST_STEP][PASSED] - ctdc.utilities.runtestcaseforKatalon.clickTab("Object Repository/Canine/Filter/PrimDiseaseSite/PRIMARYDISEASESITE_Ddn"): ctdc.utilities.runtestcaseforKatalon.clickTab is PASSED

2021-05-04 15:55:14 - [MESSAGE][PASSED] - ctdc.utilities.runtestcaseforKatalon.clickTab is PASSED

2021-05-04 15:55:14 - [TEST_STEP][PASSED] - Thread.sleep(2000): null

2021-05-04 15:55:16 - [TEST_STEP][PASSED] - ctdc.utilities.runtestcaseforKatalon.readStatBarCanine("Object Repository/Canine/StatBar/Canine_StatBar-Studies", "Object Repository/Canine/StatBar/Canine_StatBar-Cases", "Object Repository/Canine/StatBar/Canine_StatBar-Samples", "Object Repository/Canine/StatBar/Canine_StatBar-Files", "Object Repository/Canine/StatBar/Canine_StatBar-Aliquots"): ctdc.utilities.runtestcaseforKatalon.readStatBarCanine is PASSED

2021-05-04 15:55:31 - [MESSAGE][PASSED] - ctdc.utilities.runtestcaseforKatalon.readStatBarCanine is PASSED

2021-05-04 15:55:31 - [TEST_STEP][PASSED] - waitForElementPresent(findTestObject("Object Repository/Canine/CanineResults_Cases_Tab"), 5): Object 'Object Repository/Canine/CanineResults_Cases_Tab' is not present after 5 second(s)

2021-05-04 15:55:37 - [MESSAGE][INFO] - Unable to find the element located by 'By.xpath: //*[@id="case_tab"]'. Please recheck the objects properties to make sure the desired element is located. 

2021-05-04 15:55:37 - [MESSAGE][WARNING] - Object 'Object Repository/Canine/CanineResults_Cases_Tab' is not present after 5 second(s)

2021-05-04 15:55:37 - [TEST_STEP][PASSED] - ctdc.utilities.runtestcaseforKatalon.clickTab("Object Repository/Canine/CanineResults_Cases_Tab"): ctdc.utilities.runtestcaseforKatalon.clickTab is PASSED

2021-05-04 15:55:38 - [MESSAGE][PASSED] - ctdc.utilities.runtestcaseforKatalon.clickTab is PASSED

2021-05-04 15:55:38 - [TEST_STEP][PASSED] - ctdc.utilities.runtestcaseforKatalon.multiFunction("ICDC", G_StatBar_Cases, "Object Repository/Canine/Canine_CasesTable", "Object Repository/Canine/Canine_TableHeader", "Object Repository/Canine/Canine_CasesTabNextBtn", G_WebTabnameCases, G_CypherTabnameCases, G_QueryCasesTab): Statbar Arms count matches

2021-05-04 15:55:54 - [MESSAGE][PASSED] - Statbar Files count matches

2021-05-04 15:55:54 - [MESSAGE][PASSED] - Statbar Samples count matches

2021-05-04 15:55:54 - [MESSAGE][PASSED] - Statbar Cases count matches

2021-05-04 15:55:54 - [MESSAGE][PASSED] - Statbar Arms count matches

2021-05-04 15:55:54 - [TEST_STEP][PASSED] - closeBrowser(): Browser is closed

2021-05-04 15:55:54 - [MESSAGE][PASSED] - Browser is closed]]></system-out>
         <system-err><![CDATA[]]></system-err>
      </testcase>
      <testcase name="Test Cases/Canine_TestCases/Study-Combinations/TC04_Canine_StudyUBC-Breed_Diagnosis_PrimDiseaseSite" time="196.846" classname="Test Cases/Canine_TestCases/Study-Combinations/TC04_Canine_StudyUBC-Breed_Diagnosis_PrimDiseaseSite" status="PASSED">
         <system-out><![CDATA[2021-05-04 15:55:54 - [TEST_CASE][PASSED] - Test Cases/Canine_TestCases/Study-Combinations/TC04_Canine_StudyUBC-Breed_Diagnosis_PrimDiseaseSite: Test Cases/Canine_TestCases/Study-Combinations/TC04_Canine_StudyUBC-Breed_Diagnosis_PrimDiseaseSite

2021-05-04 15:55:55 - [TEST_STEP][PASSED] - closeBrowser(): Browser is closed

2021-05-04 15:55:55 - [MESSAGE][PASSED] - Browser is closed

2021-05-04 15:55:55 - [TEST_STEP][PASSED] - openBrowser(""): Browser is opened with url: ''

2021-05-04 15:55:55 - [MESSAGE][INFO] - Starting 'Chrome (headless)' driver

2021-05-04 15:55:55 - [MESSAGE][INFO] - User set preference: ['args', '[--no-sandbox]']

2021-05-04 15:55:55 - [MESSAGE][INFO] - Action delay is set to 5,000 milliseconds

2021-05-04 15:55:56 - [MESSAGE][PASSED] - Browser is opened with url: ''

2021-05-04 15:55:56 - [TEST_STEP][PASSED] - maximizeWindow(): Current window maximized

2021-05-04 15:55:56 - [MESSAGE][PASSED] - Current window maximized

2021-05-04 15:55:56 - [TEST_STEP][PASSED] - "Driver opened by Katalon is used in Selenium from this step.": null

2021-05-04 15:55:56 - [TEST_STEP][PASSED] - ctdc.utilities.runtestcaseforKatalon.RunKatalon("TC04_Canine_StudyUBC-Breed_Diagnosis_PrimDiseaseSite.xlsx"): Data loaded from input file for the test case. 

2021-05-04 15:55:56 - [MESSAGE][PASSED] - Test case file loaded This is the full filepath after converting to string :C:\Users\radhakrishnang2\Desktop\Commons_Automation\InputFiles\TC04_Canine_StudyUBC-Breed_Diagnosis_PrimDiseaseSite.xlsx

2021-05-04 15:55:56 - [MESSAGE][INFO] - Global variable set for password file is :  C:\Users\radhakrishnang2\Desktop\Commons_Automation\InputFiles\TC04_Canine_StudyUBC-Breed_Diagnosis_PrimDiseaseSite.xlsx

2021-05-04 15:55:56 - [MESSAGE][PASSED] - Data loaded from input file for the test case. 

2021-05-04 15:56:06 - [TEST_STEP][PASSED] - waitForElementPresent(findTestObject("Canine/NavBar/Canine_Cases_Btn"), 10): Object 'Object Repository/Canine/NavBar/Canine_Cases_Btn' is not present after 10 second(s)

2021-05-04 15:56:17 - [MESSAGE][INFO] - Unable to find the element located by 'By.xpath: //a[contains(@href,'cases')]'. Please recheck the objects properties to make sure the desired element is located. 

2021-05-04 15:56:17 - [MESSAGE][WARNING] - Object 'Object Repository/Canine/NavBar/Canine_Cases_Btn' is not present after 10 second(s)

2021-05-04 15:56:17 - [TEST_STEP][PASSED] - ctdc.utilities.runtestcaseforKatalon.clickTab("Canine/NavBar/Canine_Cases_Btn"): ctdc.utilities.runtestcaseforKatalon.clickTab is PASSED

2021-05-04 15:56:17 - [MESSAGE][PASSED] - ctdc.utilities.runtestcaseforKatalon.clickTab is PASSED

2021-05-04 15:56:17 - [TEST_STEP][PASSED] - waitForElementPresent(findTestObject("Object Repository/Canine/Filter/FilterByCases_Facet"), 10): Object 'Object Repository/Canine/Filter/FilterByCases_Facet' is not present after 10 second(s)

2021-05-04 15:56:29 - [MESSAGE][INFO] - Unable to find the element located by 'By.xpath: //*[contains(text(),'Filter By Cases')]'. Please recheck the objects properties to make sure the desired element is located. 

2021-05-04 15:56:29 - [MESSAGE][WARNING] - Object 'Object Repository/Canine/Filter/FilterByCases_Facet' is not present after 10 second(s)

2021-05-04 15:56:29 - [TEST_STEP][PASSED] - ctdc.utilities.runtestcaseforKatalon.clickTab("Object Repository/Canine/Filter/FilterByCases_Facet"): ctdc.utilities.runtestcaseforKatalon.clickTab is PASSED

2021-05-04 15:56:29 - [MESSAGE][PASSED] - ctdc.utilities.runtestcaseforKatalon.clickTab is PASSED

2021-05-04 15:56:29 - [TEST_STEP][PASSED] - waitForElementPresent(findTestObject("Object Repository/Canine/Filter/Study/Canine_Filter_Study"), 10): Object 'Object Repository/Canine/Filter/Study/Canine_Filter_Study' is not present after 10 second(s)

2021-05-04 15:56:40 - [MESSAGE][INFO] - Unable to find the element located by 'By.xpath: //*[@id='Study']'. Please recheck the objects properties to make sure the desired element is located. 

2021-05-04 15:56:40 - [MESSAGE][WARNING] - Object 'Object Repository/Canine/Filter/Study/Canine_Filter_Study' is not present after 10 second(s)

2021-05-04 15:56:40 - [TEST_STEP][PASSED] - ctdc.utilities.runtestcaseforKatalon.clickTab("Object Repository/Canine/Filter/Study/Canine_Filter_Study"): ctdc.utilities.runtestcaseforKatalon.clickTab is PASSED

2021-05-04 15:56:40 - [MESSAGE][PASSED] - ctdc.utilities.runtestcaseforKatalon.clickTab is PASSED

2021-05-04 15:56:40 - [TEST_STEP][PASSED] - waitForElementPresent(findTestObject("Object Repository/Canine/Filter/Study/Canine_Filter_Study-UBC_Chkbx"), 10): Object 'Object Repository/Canine/Filter/Study/Canine_Filter_Study-UBC_Chkbx' is not present after 10 second(s)

2021-05-04 15:56:51 - [MESSAGE][INFO] - Unable to find the element located by 'By.xpath: (//*[contains(text(),'UBC')])[1]'. Please recheck the objects properties to make sure the desired element is located. 

2021-05-04 15:56:51 - [MESSAGE][WARNING] - Object 'Object Repository/Canine/Filter/Study/Canine_Filter_Study-UBC_Chkbx' is not present after 10 second(s)

2021-05-04 15:56:51 - [TEST_STEP][PASSED] - ctdc.utilities.runtestcaseforKatalon.clickTab("Object Repository/Canine/Filter/Study/Canine_Filter_Study-UBC_Chkbx"): ctdc.utilities.runtestcaseforKatalon.clickTab is PASSED

2021-05-04 15:56:51 - [MESSAGE][PASSED] - ctdc.utilities.runtestcaseforKatalon.clickTab is PASSED

2021-05-04 15:56:51 - [TEST_STEP][PASSED] - Thread.sleep(2000): null

2021-05-04 15:56:53 - [TEST_STEP][PASSED] - waitForElementPresent(findTestObject("Object Repository/Canine/Filter/Breed/BREED_Ddn"), 10): Object 'Object Repository/Canine/Filter/Breed/BREED_Ddn' is not present after 10 second(s)

2021-05-04 15:57:04 - [MESSAGE][INFO] - Unable to find the element located by 'By.xpath: //*[@id='Breed']'. Please recheck the objects properties to make sure the desired element is located. 

2021-05-04 15:57:04 - [MESSAGE][WARNING] - Object 'Object Repository/Canine/Filter/Breed/BREED_Ddn' is not present after 10 second(s)

2021-05-04 15:57:04 - [TEST_STEP][PASSED] - ctdc.utilities.runtestcaseforKatalon.clickTab("Object Repository/Canine/Filter/Breed/BREED_Ddn"): ctdc.utilities.runtestcaseforKatalon.clickTab is PASSED

2021-05-04 15:57:05 - [MESSAGE][PASSED] - ctdc.utilities.runtestcaseforKatalon.clickTab is PASSED

2021-05-04 15:57:05 - [TEST_STEP][PASSED] - waitForElementPresent(findTestObject("Object Repository/Canine/Filter/Breed/IrishTerr_Chkbx"), 10): Object 'Object Repository/Canine/Filter/Breed/IrishTerr_Chkbx' is not present after 10 second(s)

2021-05-04 15:57:16 - [MESSAGE][INFO] - Unable to find the element located by 'By.xpath: //*[contains(text(),'Irish Terrier')]'. Please recheck the objects properties to make sure the desired element is located. 

2021-05-04 15:57:16 - [MESSAGE][WARNING] - Object 'Object Repository/Canine/Filter/Breed/IrishTerr_Chkbx' is not present after 10 second(s)

2021-05-04 15:57:16 - [TEST_STEP][PASSED] - ctdc.utilities.runtestcaseforKatalon.clickTab("Object Repository/Canine/Filter/Breed/IrishTerr_Chkbx"): ctdc.utilities.runtestcaseforKatalon.clickTab is PASSED

2021-05-04 15:57:16 - [MESSAGE][PASSED] - ctdc.utilities.runtestcaseforKatalon.clickTab is PASSED

2021-05-04 15:57:16 - [TEST_STEP][PASSED] - waitForElementPresent(findTestObject("Object Repository/Canine/Filter/Breed/Poodle_Chkbx"), 10): Object 'Object Repository/Canine/Filter/Breed/Poodle_Chkbx' is not present after 10 second(s)

2021-05-04 15:57:27 - [MESSAGE][INFO] - Unable to find the element located by 'By.xpath: //*[contains(text(),'Poodle')]'. Please recheck the objects properties to make sure the desired element is located. 

2021-05-04 15:57:27 - [MESSAGE][WARNING] - Object 'Object Repository/Canine/Filter/Breed/Poodle_Chkbx' is not present after 10 second(s)

2021-05-04 15:57:27 - [TEST_STEP][PASSED] - ctdc.utilities.runtestcaseforKatalon.clickTab("Object Repository/Canine/Filter/Breed/Poodle_Chkbx"): ctdc.utilities.runtestcaseforKatalon.clickTab is PASSED

2021-05-04 15:57:27 - [MESSAGE][PASSED] - ctdc.utilities.runtestcaseforKatalon.clickTab is PASSED

2021-05-04 15:57:27 - [TEST_STEP][PASSED] - waitForElementPresent(findTestObject("Object Repository/Canine/Filter/Breed/WireFoxTerr_Chkbx"), 10): Object 'Object Repository/Canine/Filter/Breed/WireFoxTerr_Chkbx' is not present after 10 second(s)

2021-05-04 15:57:38 - [MESSAGE][INFO] - Unable to find the element located by 'By.xpath: //*[contains(text(),'Wire Fox Terrier')]'. Please recheck the objects properties to make sure the desired element is located. 

2021-05-04 15:57:38 - [MESSAGE][WARNING] - Object 'Object Repository/Canine/Filter/Breed/WireFoxTerr_Chkbx' is not present after 10 second(s)

2021-05-04 15:57:38 - [TEST_STEP][PASSED] - ctdc.utilities.runtestcaseforKatalon.clickTab("Object Repository/Canine/Filter/Breed/WireFoxTerr_Chkbx"): ctdc.utilities.runtestcaseforKatalon.clickTab is PASSED

2021-05-04 15:57:39 - [MESSAGE][PASSED] - ctdc.utilities.runtestcaseforKatalon.clickTab is PASSED

2021-05-04 15:57:39 - [TEST_STEP][PASSED] - ctdc.utilities.runtestcaseforKatalon.clickTab("Object Repository/Canine/Filter/Breed/BREED_Ddn"): ctdc.utilities.runtestcaseforKatalon.clickTab is PASSED

2021-05-04 15:57:39 - [MESSAGE][PASSED] - ctdc.utilities.runtestcaseforKatalon.clickTab is PASSED

2021-05-04 15:57:39 - [TEST_STEP][PASSED] - Thread.sleep(2000): null

2021-05-04 15:57:41 - [TEST_STEP][PASSED] - waitForElementPresent(findTestObject("Object Repository/Canine/Filter/Diagnosis/DIAGNOSIS_Ddn"), 10): Object 'Object Repository/Canine/Filter/Diagnosis/DIAGNOSIS_Ddn' is not present after 10 second(s)

2021-05-04 15:57:52 - [MESSAGE][INFO] - Unable to find the element located by 'By.xpath: (//*[@id='Diagnosis'])[1]'. Please recheck the objects properties to make sure the desired element is located. 

2021-05-04 15:57:52 - [MESSAGE][WARNING] - Object 'Object Repository/Canine/Filter/Diagnosis/DIAGNOSIS_Ddn' is not present after 10 second(s)

2021-05-04 15:57:52 - [TEST_STEP][PASSED] - ctdc.utilities.runtestcaseforKatalon.clickTab("Object Repository/Canine/Filter/Diagnosis/DIAGNOSIS_Ddn"): ctdc.utilities.runtestcaseforKatalon.clickTab is PASSED

2021-05-04 15:57:52 - [MESSAGE][PASSED] - ctdc.utilities.runtestcaseforKatalon.clickTab is PASSED

2021-05-04 15:57:52 - [TEST_STEP][PASSED] - waitForElementPresent(findTestObject("Object Repository/Canine/Filter/Diagnosis/BladderCancer_Chkbx"), 10): Object 'Object Repository/Canine/Filter/Diagnosis/BladderCancer_Chkbx' is not present after 10 second(s)

2021-05-04 15:58:03 - [MESSAGE][INFO] - Unable to find the element located by 'By.xpath: //*[contains(text(),'Bladder Cancer')]'. Please recheck the objects properties to make sure the desired element is located. 

2021-05-04 15:58:03 - [MESSAGE][WARNING] - Object 'Object Repository/Canine/Filter/Diagnosis/BladderCancer_Chkbx' is not present after 10 second(s)

2021-05-04 15:58:03 - [TEST_STEP][PASSED] - ctdc.utilities.runtestcaseforKatalon.clickTab("Object Repository/Canine/Filter/Diagnosis/BladderCancer_Chkbx"): ctdc.utilities.runtestcaseforKatalon.clickTab is PASSED

2021-05-04 15:58:04 - [MESSAGE][PASSED] - ctdc.utilities.runtestcaseforKatalon.clickTab is PASSED

2021-05-04 15:58:04 - [TEST_STEP][PASSED] - ctdc.utilities.runtestcaseforKatalon.clickTab("Object Repository/Canine/Filter/Diagnosis/DIAGNOSIS_Ddn"): ctdc.utilities.runtestcaseforKatalon.clickTab is PASSED

2021-05-04 15:58:04 - [MESSAGE][PASSED] - ctdc.utilities.runtestcaseforKatalon.clickTab is PASSED

2021-05-04 15:58:04 - [TEST_STEP][PASSED] - Thread.sleep(2000): null

2021-05-04 15:58:06 - [TEST_STEP][PASSED] - waitForElementPresent(findTestObject("Object Repository/Canine/Filter/PrimDiseaseSite/PRIMARYDISEASESITE_Ddn"), 10): Object 'Object Repository/Canine/Filter/PrimDiseaseSite/PRIMARYDISEASESITE_Ddn' is not present after 10 second(s)

2021-05-04 15:58:18 - [MESSAGE][INFO] - Unable to find the element located by 'By.xpath: //*[@id='Primary Disease Site']'. Please recheck the objects properties to make sure the desired element is located. 

2021-05-04 15:58:18 - [MESSAGE][WARNING] - Object 'Object Repository/Canine/Filter/PrimDiseaseSite/PRIMARYDISEASESITE_Ddn' is not present after 10 second(s)

2021-05-04 15:58:18 - [TEST_STEP][PASSED] - ctdc.utilities.runtestcaseforKatalon.clickTab("Object Repository/Canine/Filter/PrimDiseaseSite/PRIMARYDISEASESITE_Ddn"): ctdc.utilities.runtestcaseforKatalon.clickTab is PASSED

2021-05-04 15:58:18 - [MESSAGE][PASSED] - ctdc.utilities.runtestcaseforKatalon.clickTab is PASSED

2021-05-04 15:58:18 - [TEST_STEP][PASSED] - waitForElementPresent(findTestObject("Object Repository/Canine/Filter/PrimDiseaseSite/BladderUrethra_Chkbx"), 10): Object 'Object Repository/Canine/Filter/PrimDiseaseSite/BladderUrethra_Chkbx' is not present after 10 second(s)

2021-05-04 15:58:29 - [MESSAGE][INFO] - Unable to find the element located by 'By.xpath: (//*[contains(text(),'Bladder, Urethra')])[1]'. Please recheck the objects properties to make sure the desired element is located. 

2021-05-04 15:58:29 - [MESSAGE][WARNING] - Object 'Object Repository/Canine/Filter/PrimDiseaseSite/BladderUrethra_Chkbx' is not present after 10 second(s)

2021-05-04 15:58:29 - [TEST_STEP][PASSED] - ctdc.utilities.runtestcaseforKatalon.clickTab("Object Repository/Canine/Filter/PrimDiseaseSite/BladderUrethra_Chkbx"): ctdc.utilities.runtestcaseforKatalon.clickTab is PASSED

2021-05-04 15:58:29 - [MESSAGE][PASSED] - ctdc.utilities.runtestcaseforKatalon.clickTab is PASSED

2021-05-04 15:58:29 - [TEST_STEP][PASSED] - ctdc.utilities.runtestcaseforKatalon.clickTab("Object Repository/Canine/Filter/PrimDiseaseSite/PRIMARYDISEASESITE_Ddn"): ctdc.utilities.runtestcaseforKatalon.clickTab is PASSED

2021-05-04 15:58:30 - [MESSAGE][PASSED] - ctdc.utilities.runtestcaseforKatalon.clickTab is PASSED

2021-05-04 15:58:30 - [TEST_STEP][PASSED] - Thread.sleep(2000): null

2021-05-04 15:58:32 - [TEST_STEP][PASSED] - ctdc.utilities.runtestcaseforKatalon.readStatBarCanine("Object Repository/Canine/StatBar/Canine_StatBar-Studies", "Object Repository/Canine/StatBar/Canine_StatBar-Cases", "Object Repository/Canine/StatBar/Canine_StatBar-Samples", "Object Repository/Canine/StatBar/Canine_StatBar-Files", "Object Repository/Canine/StatBar/Canine_StatBar-Aliquots"): ctdc.utilities.runtestcaseforKatalon.readStatBarCanine is PASSED

2021-05-04 15:58:47 - [MESSAGE][PASSED] - ctdc.utilities.runtestcaseforKatalon.readStatBarCanine is PASSED

2021-05-04 15:58:47 - [TEST_STEP][PASSED] - waitForElementPresent(findTestObject("Object Repository/Canine/CanineResults_Cases_Tab"), 5): Object 'Object Repository/Canine/CanineResults_Cases_Tab' is not present after 5 second(s)

2021-05-04 15:58:53 - [MESSAGE][INFO] - Unable to find the element located by 'By.xpath: //*[@id="case_tab"]'. Please recheck the objects properties to make sure the desired element is located. 

2021-05-04 15:58:53 - [MESSAGE][WARNING] - Object 'Object Repository/Canine/CanineResults_Cases_Tab' is not present after 5 second(s)

2021-05-04 15:58:53 - [TEST_STEP][PASSED] - ctdc.utilities.runtestcaseforKatalon.clickTab("Object Repository/Canine/CanineResults_Cases_Tab"): ctdc.utilities.runtestcaseforKatalon.clickTab is PASSED

2021-05-04 15:58:54 - [MESSAGE][PASSED] - ctdc.utilities.runtestcaseforKatalon.clickTab is PASSED

2021-05-04 15:58:54 - [TEST_STEP][PASSED] - ctdc.utilities.runtestcaseforKatalon.multiFunction("ICDC", G_StatBar_Cases, "Object Repository/Canine/Canine_CasesTable", "Object Repository/Canine/Canine_TableHeader", "Object Repository/Canine/Canine_CasesTabNextBtn", G_WebTabnameCases, G_CypherTabnameCases, G_QueryCasesTab): Statbar Arms count matches

2021-05-04 15:59:11 - [MESSAGE][PASSED] - Statbar Files count matches

2021-05-04 15:59:11 - [MESSAGE][PASSED] - Statbar Samples count matches

2021-05-04 15:59:11 - [MESSAGE][PASSED] - Statbar Cases count matches

2021-05-04 15:59:11 - [MESSAGE][PASSED] - Statbar Arms count matches

2021-05-04 15:59:11 - [TEST_STEP][PASSED] - closeBrowser(): Browser is closed

2021-05-04 15:59:11 - [MESSAGE][PASSED] - Browser is closed]]></system-out>
         <system-err><![CDATA[]]></system-err>
      </testcase>
      <testcase name="Test Cases/Canine_TestCases/Study-Combinations/TC05_Canine_StudyUBC-Breed_Diagnosis_PrimDiseaseSite" time="276.151" classname="Test Cases/Canine_TestCases/Study-Combinations/TC05_Canine_StudyUBC-Breed_Diagnosis_PrimDiseaseSite" status="PASSED">
         <system-out><![CDATA[2021-05-04 15:59:11 - [TEST_CASE][PASSED] - Test Cases/Canine_TestCases/Study-Combinations/TC05_Canine_StudyUBC-Breed_Diagnosis_PrimDiseaseSite: Test Cases/Canine_TestCases/Study-Combinations/TC05_Canine_StudyUBC-Breed_Diagnosis_PrimDiseaseSite

2021-05-04 15:59:12 - [TEST_STEP][PASSED] - closeBrowser(): Browser is closed

2021-05-04 15:59:12 - [MESSAGE][PASSED] - Browser is closed

2021-05-04 15:59:12 - [TEST_STEP][PASSED] - openBrowser(""): Browser is opened with url: ''

2021-05-04 15:59:12 - [MESSAGE][INFO] - Starting 'Chrome (headless)' driver

2021-05-04 15:59:12 - [MESSAGE][INFO] - User set preference: ['args', '[--no-sandbox]']

2021-05-04 15:59:12 - [MESSAGE][INFO] - Action delay is set to 5,000 milliseconds

2021-05-04 15:59:13 - [MESSAGE][PASSED] - Browser is opened with url: ''

2021-05-04 15:59:13 - [TEST_STEP][PASSED] - maximizeWindow(): Current window maximized

2021-05-04 15:59:14 - [MESSAGE][PASSED] - Current window maximized

2021-05-04 15:59:14 - [TEST_STEP][PASSED] - "Driver opened by Katalon is used in Selenium from this step.": null

2021-05-04 15:59:14 - [TEST_STEP][PASSED] - ctdc.utilities.runtestcaseforKatalon.RunKatalon("TC05_Canine_StudyUBC-Breed_Diagnosis_PrimDiseaseSite.xlsx"): Data loaded from input file for the test case. 

2021-05-04 15:59:14 - [MESSAGE][PASSED] - Test case file loaded This is the full filepath after converting to string :C:\Users\radhakrishnang2\Desktop\Commons_Automation\InputFiles\TC05_Canine_StudyUBC-Breed_Diagnosis_PrimDiseaseSite.xlsx

2021-05-04 15:59:14 - [MESSAGE][INFO] - Global variable set for password file is :  C:\Users\radhakrishnang2\Desktop\Commons_Automation\InputFiles\TC05_Canine_StudyUBC-Breed_Diagnosis_PrimDiseaseSite.xlsx

2021-05-04 15:59:14 - [MESSAGE][PASSED] - Data loaded from input file for the test case. 

2021-05-04 15:59:24 - [TEST_STEP][PASSED] - waitForElementPresent(findTestObject("Canine/NavBar/Canine_Cases_Btn"), 10): Object 'Object Repository/Canine/NavBar/Canine_Cases_Btn' is not present after 10 second(s)

2021-05-04 15:59:35 - [MESSAGE][INFO] - Unable to find the element located by 'By.xpath: //a[contains(@href,'cases')]'. Please recheck the objects properties to make sure the desired element is located. 

2021-05-04 15:59:35 - [MESSAGE][WARNING] - Object 'Object Repository/Canine/NavBar/Canine_Cases_Btn' is not present after 10 second(s)

2021-05-04 15:59:35 - [TEST_STEP][PASSED] - ctdc.utilities.runtestcaseforKatalon.clickTab("Canine/NavBar/Canine_Cases_Btn"): ctdc.utilities.runtestcaseforKatalon.clickTab is PASSED

2021-05-04 15:59:35 - [MESSAGE][PASSED] - ctdc.utilities.runtestcaseforKatalon.clickTab is PASSED

2021-05-04 15:59:35 - [TEST_STEP][PASSED] - waitForElementPresent(findTestObject("Object Repository/Canine/Filter/FilterByCases_Facet"), 10): Object 'Object Repository/Canine/Filter/FilterByCases_Facet' is not present after 10 second(s)

2021-05-04 15:59:46 - [MESSAGE][INFO] - Unable to find the element located by 'By.xpath: //*[contains(text(),'Filter By Cases')]'. Please recheck the objects properties to make sure the desired element is located. 

2021-05-04 15:59:46 - [MESSAGE][WARNING] - Object 'Object Repository/Canine/Filter/FilterByCases_Facet' is not present after 10 second(s)

2021-05-04 15:59:46 - [TEST_STEP][PASSED] - ctdc.utilities.runtestcaseforKatalon.clickTab("Object Repository/Canine/Filter/FilterByCases_Facet"): ctdc.utilities.runtestcaseforKatalon.clickTab is PASSED

2021-05-04 15:59:47 - [MESSAGE][PASSED] - ctdc.utilities.runtestcaseforKatalon.clickTab is PASSED

2021-05-04 15:59:47 - [TEST_STEP][PASSED] - waitForElementPresent(findTestObject("Object Repository/Canine/Filter/Study/Canine_Filter_Study"), 10): Object 'Object Repository/Canine/Filter/Study/Canine_Filter_Study' is not present after 10 second(s)

2021-05-04 15:59:58 - [MESSAGE][INFO] - Unable to find the element located by 'By.xpath: //*[@id='Study']'. Please recheck the objects properties to make sure the desired element is located. 

2021-05-04 15:59:58 - [MESSAGE][WARNING] - Object 'Object Repository/Canine/Filter/Study/Canine_Filter_Study' is not present after 10 second(s)

2021-05-04 15:59:58 - [TEST_STEP][PASSED] - ctdc.utilities.runtestcaseforKatalon.clickTab("Object Repository/Canine/Filter/Study/Canine_Filter_Study"): ctdc.utilities.runtestcaseforKatalon.clickTab is PASSED

2021-05-04 15:59:58 - [MESSAGE][PASSED] - ctdc.utilities.runtestcaseforKatalon.clickTab is PASSED

2021-05-04 15:59:58 - [TEST_STEP][PASSED] - waitForElementPresent(findTestObject("Object Repository/Canine/Filter/Study/Canine_Filter_Study-UBC_Chkbx"), 10): Object 'Object Repository/Canine/Filter/Study/Canine_Filter_Study-UBC_Chkbx' is not present after 10 second(s)

2021-05-04 16:00:09 - [MESSAGE][INFO] - Unable to find the element located by 'By.xpath: (//*[contains(text(),'UBC')])[1]'. Please recheck the objects properties to make sure the desired element is located. 

2021-05-04 16:00:09 - [MESSAGE][WARNING] - Object 'Object Repository/Canine/Filter/Study/Canine_Filter_Study-UBC_Chkbx' is not present after 10 second(s)

2021-05-04 16:00:09 - [TEST_STEP][PASSED] - ctdc.utilities.runtestcaseforKatalon.clickTab("Object Repository/Canine/Filter/Study/Canine_Filter_Study-UBC_Chkbx"): ctdc.utilities.runtestcaseforKatalon.clickTab is PASSED

2021-05-04 16:00:09 - [MESSAGE][PASSED] - ctdc.utilities.runtestcaseforKatalon.clickTab is PASSED

2021-05-04 16:00:09 - [TEST_STEP][PASSED] - Thread.sleep(2000): null

2021-05-04 16:00:11 - [TEST_STEP][PASSED] - waitForElementPresent(findTestObject("Object Repository/Canine/Filter/Breed/BREED_Ddn"), 10): Object 'Object Repository/Canine/Filter/Breed/BREED_Ddn' is not present after 10 second(s)

2021-05-04 16:00:23 - [MESSAGE][INFO] - Unable to find the element located by 'By.xpath: //*[@id='Breed']'. Please recheck the objects properties to make sure the desired element is located. 

2021-05-04 16:00:23 - [MESSAGE][WARNING] - Object 'Object Repository/Canine/Filter/Breed/BREED_Ddn' is not present after 10 second(s)

2021-05-04 16:00:23 - [TEST_STEP][PASSED] - ctdc.utilities.runtestcaseforKatalon.clickTab("Object Repository/Canine/Filter/Breed/BREED_Ddn"): ctdc.utilities.runtestcaseforKatalon.clickTab is PASSED

2021-05-04 16:00:23 - [MESSAGE][PASSED] - ctdc.utilities.runtestcaseforKatalon.clickTab is PASSED

2021-05-04 16:00:23 - [TEST_STEP][PASSED] - waitForElementPresent(findTestObject("Object Repository/Canine/Filter/Breed/Mixed_Chkbx"), 10): Object 'Object Repository/Canine/Filter/Breed/Mixed_Chkbx' is not present after 10 second(s)

2021-05-04 16:00:34 - [MESSAGE][INFO] - Unable to find the element located by 'By.xpath: //*[contains(text(),'Mixed Breed')]'. Please recheck the objects properties to make sure the desired element is located. 

2021-05-04 16:00:34 - [MESSAGE][WARNING] - Object 'Object Repository/Canine/Filter/Breed/Mixed_Chkbx' is not present after 10 second(s)

2021-05-04 16:00:34 - [TEST_STEP][PASSED] - ctdc.utilities.runtestcaseforKatalon.clickTab("Object Repository/Canine/Filter/Breed/Mixed_Chkbx"): ctdc.utilities.runtestcaseforKatalon.clickTab is PASSED

2021-05-04 16:00:34 - [MESSAGE][PASSED] - ctdc.utilities.runtestcaseforKatalon.clickTab is PASSED

2021-05-04 16:00:34 - [TEST_STEP][PASSED] - waitForElementPresent(findTestObject("Object Repository/Canine/Filter/Breed/ScottTerr_Chkbx"), 10): Object 'Object Repository/Canine/Filter/Breed/ScottTerr_Chkbx' is not present after 10 second(s)

2021-05-04 16:00:45 - [MESSAGE][INFO] - Unable to find the element located by 'By.xpath: //*[contains(text(),'Scottish Terrier')]'. Please recheck the objects properties to make sure the desired element is located. 

2021-05-04 16:00:45 - [MESSAGE][WARNING] - Object 'Object Repository/Canine/Filter/Breed/ScottTerr_Chkbx' is not present after 10 second(s)

2021-05-04 16:00:45 - [TEST_STEP][PASSED] - ctdc.utilities.runtestcaseforKatalon.clickTab("Object Repository/Canine/Filter/Breed/ScottTerr_Chkbx"): ctdc.utilities.runtestcaseforKatalon.clickTab is PASSED

2021-05-04 16:00:46 - [MESSAGE][PASSED] - ctdc.utilities.runtestcaseforKatalon.clickTab is PASSED

2021-05-04 16:00:46 - [TEST_STEP][PASSED] - waitForElementPresent(findTestObject("Object Repository/Canine/Filter/Breed/ShetlandShpdog_Chkbx"), 10): Object 'Object Repository/Canine/Filter/Breed/ShetlandShpdog_Chkbx' is not present after 10 second(s)

2021-05-04 16:00:57 - [MESSAGE][INFO] - Unable to find the element located by 'By.xpath: //*[contains(text(),'Shetland Sheepdog')]'. Please recheck the objects properties to make sure the desired element is located. 

2021-05-04 16:00:57 - [MESSAGE][WARNING] - Object 'Object Repository/Canine/Filter/Breed/ShetlandShpdog_Chkbx' is not present after 10 second(s)

2021-05-04 16:00:57 - [TEST_STEP][PASSED] - ctdc.utilities.runtestcaseforKatalon.clickTab("Object Repository/Canine/Filter/Breed/ShetlandShpdog_Chkbx"): ctdc.utilities.runtestcaseforKatalon.clickTab is PASSED

2021-05-04 16:00:57 - [MESSAGE][PASSED] - ctdc.utilities.runtestcaseforKatalon.clickTab is PASSED

2021-05-04 16:00:57 - [TEST_STEP][PASSED] - ctdc.utilities.runtestcaseforKatalon.clickTab("Object Repository/Canine/Filter/Breed/BREED_Ddn"): ctdc.utilities.runtestcaseforKatalon.clickTab is PASSED

2021-05-04 16:00:58 - [MESSAGE][PASSED] - ctdc.utilities.runtestcaseforKatalon.clickTab is PASSED

2021-05-04 16:00:58 - [TEST_STEP][PASSED] - waitForElementPresent(findTestObject("Object Repository/Canine/Filter/Diagnosis/DIAGNOSIS_Ddn"), 10): Object 'Object Repository/Canine/Filter/Diagnosis/DIAGNOSIS_Ddn' is not present after 10 second(s)

2021-05-04 16:01:10 - [MESSAGE][INFO] - Unable to find the element located by 'By.xpath: (//*[@id='Diagnosis'])[1]'. Please recheck the objects properties to make sure the desired element is located. 

2021-05-04 16:01:10 - [MESSAGE][WARNING] - Object 'Object Repository/Canine/Filter/Diagnosis/DIAGNOSIS_Ddn' is not present after 10 second(s)

2021-05-04 16:01:10 - [TEST_STEP][PASSED] - ctdc.utilities.runtestcaseforKatalon.clickTab("Object Repository/Canine/Filter/Diagnosis/DIAGNOSIS_Ddn"): ctdc.utilities.runtestcaseforKatalon.clickTab is PASSED

2021-05-04 16:01:10 - [MESSAGE][PASSED] - ctdc.utilities.runtestcaseforKatalon.clickTab is PASSED

2021-05-04 16:01:10 - [TEST_STEP][PASSED] - waitForElementPresent(findTestObject("Object Repository/Canine/Filter/Diagnosis/BladderCancer_Chkbx"), 10): Object 'Object Repository/Canine/Filter/Diagnosis/BladderCancer_Chkbx' is not present after 10 second(s)

2021-05-04 16:01:21 - [MESSAGE][INFO] - Unable to find the element located by 'By.xpath: //*[contains(text(),'Bladder Cancer')]'. Please recheck the objects properties to make sure the desired element is located. 

2021-05-04 16:01:21 - [MESSAGE][WARNING] - Object 'Object Repository/Canine/Filter/Diagnosis/BladderCancer_Chkbx' is not present after 10 second(s)

2021-05-04 16:01:21 - [TEST_STEP][PASSED] - ctdc.utilities.runtestcaseforKatalon.clickTab("Object Repository/Canine/Filter/Diagnosis/BladderCancer_Chkbx"): ctdc.utilities.runtestcaseforKatalon.clickTab is PASSED

2021-05-04 16:01:21 - [MESSAGE][PASSED] - ctdc.utilities.runtestcaseforKatalon.clickTab is PASSED

2021-05-04 16:01:21 - [TEST_STEP][PASSED] - waitForElementPresent(findTestObject("Object Repository/Canine/Filter/Diagnosis/HealthyControl_Chkbx"), 10): Object 'Object Repository/Canine/Filter/Diagnosis/HealthyControl_Chkbx' is not present after 10 second(s)

2021-05-04 16:01:32 - [MESSAGE][INFO] - Unable to find the element located by 'By.xpath: //*[contains(text(),'Healthy Control')]'. Please recheck the objects properties to make sure the desired element is located. 

2021-05-04 16:01:32 - [MESSAGE][WARNING] - Object 'Object Repository/Canine/Filter/Diagnosis/HealthyControl_Chkbx' is not present after 10 second(s)

2021-05-04 16:01:32 - [TEST_STEP][PASSED] - ctdc.utilities.runtestcaseforKatalon.clickTab("Object Repository/Canine/Filter/Diagnosis/HealthyControl_Chkbx"): ctdc.utilities.runtestcaseforKatalon.clickTab is PASSED

2021-05-04 16:01:33 - [MESSAGE][PASSED] - ctdc.utilities.runtestcaseforKatalon.clickTab is PASSED

2021-05-04 16:01:33 - [TEST_STEP][PASSED] - ctdc.utilities.runtestcaseforKatalon.clickTab("Object Repository/Canine/Filter/Diagnosis/DIAGNOSIS_Ddn"): ctdc.utilities.runtestcaseforKatalon.clickTab is PASSED

2021-05-04 16:01:34 - [MESSAGE][PASSED] - ctdc.utilities.runtestcaseforKatalon.clickTab is PASSED

2021-05-04 16:01:34 - [TEST_STEP][PASSED] - Thread.sleep(2000): null

2021-05-04 16:01:36 - [TEST_STEP][PASSED] - waitForElementPresent(findTestObject("Object Repository/Canine/Filter/PrimDiseaseSite/PRIMARYDISEASESITE_Ddn"), 10): Object 'Object Repository/Canine/Filter/PrimDiseaseSite/PRIMARYDISEASESITE_Ddn' is not present after 10 second(s)

2021-05-04 16:01:47 - [MESSAGE][INFO] - Unable to find the element located by 'By.xpath: //*[@id='Primary Disease Site']'. Please recheck the objects properties to make sure the desired element is located. 

2021-05-04 16:01:47 - [MESSAGE][WARNING] - Object 'Object Repository/Canine/Filter/PrimDiseaseSite/PRIMARYDISEASESITE_Ddn' is not present after 10 second(s)

2021-05-04 16:01:47 - [TEST_STEP][PASSED] - ctdc.utilities.runtestcaseforKatalon.clickTab("Object Repository/Canine/Filter/PrimDiseaseSite/PRIMARYDISEASESITE_Ddn"): ctdc.utilities.runtestcaseforKatalon.clickTab is PASSED

2021-05-04 16:01:47 - [MESSAGE][PASSED] - ctdc.utilities.runtestcaseforKatalon.clickTab is PASSED

2021-05-04 16:01:47 - [TEST_STEP][PASSED] - waitForElementPresent(findTestObject("Object Repository/Canine/Filter/PrimDiseaseSite/Bladder_Chkbx"), 10): Object 'Object Repository/Canine/Filter/PrimDiseaseSite/Bladder_Chkbx' is not present after 10 second(s)

2021-05-04 16:01:58 - [MESSAGE][INFO] - Unable to find the element located by 'By.xpath: (//*[contains(text(),'Bladder')])[2]'. Please recheck the objects properties to make sure the desired element is located. 

2021-05-04 16:01:58 - [MESSAGE][WARNING] - Object 'Object Repository/Canine/Filter/PrimDiseaseSite/Bladder_Chkbx' is not present after 10 second(s)

2021-05-04 16:01:58 - [TEST_STEP][PASSED] - ctdc.utilities.runtestcaseforKatalon.clickTab("Object Repository/Canine/Filter/PrimDiseaseSite/Bladder_Chkbx"): ctdc.utilities.runtestcaseforKatalon.clickTab is PASSED

2021-05-04 16:01:58 - [MESSAGE][PASSED] - ctdc.utilities.runtestcaseforKatalon.clickTab is PASSED

2021-05-04 16:01:58 - [TEST_STEP][PASSED] - waitForElementPresent(findTestObject("Object Repository/Canine/Filter/PrimDiseaseSite/BladderProstate_Chkbx"), 10): Object 'Object Repository/Canine/Filter/PrimDiseaseSite/BladderProstate_Chkbx' is not present after 10 second(s)

2021-05-04 16:02:10 - [MESSAGE][INFO] - Unable to find the element located by 'By.xpath: //*[contains(text(),'Bladder, Prostate')]'. Please recheck the objects properties to make sure the desired element is located. 

2021-05-04 16:02:10 - [MESSAGE][WARNING] - Object 'Object Repository/Canine/Filter/PrimDiseaseSite/BladderProstate_Chkbx' is not present after 10 second(s)

2021-05-04 16:02:10 - [TEST_STEP][PASSED] - ctdc.utilities.runtestcaseforKatalon.clickTab("Object Repository/Canine/Filter/PrimDiseaseSite/BladderProstate_Chkbx"): ctdc.utilities.runtestcaseforKatalon.clickTab is PASSED

2021-05-04 16:02:10 - [MESSAGE][PASSED] - ctdc.utilities.runtestcaseforKatalon.clickTab is PASSED

2021-05-04 16:02:10 - [TEST_STEP][PASSED] - waitForElementPresent(findTestObject("Object Repository/Canine/Filter/PrimDiseaseSite/BladderUrethra_Chkbx"), 10): Object 'Object Repository/Canine/Filter/PrimDiseaseSite/BladderUrethra_Chkbx' is not present after 10 second(s)

2021-05-04 16:02:21 - [MESSAGE][INFO] - Unable to find the element located by 'By.xpath: (//*[contains(text(),'Bladder, Urethra')])[1]'. Please recheck the objects properties to make sure the desired element is located. 

2021-05-04 16:02:21 - [MESSAGE][WARNING] - Object 'Object Repository/Canine/Filter/PrimDiseaseSite/BladderUrethra_Chkbx' is not present after 10 second(s)

2021-05-04 16:02:21 - [TEST_STEP][PASSED] - ctdc.utilities.runtestcaseforKatalon.clickTab("Object Repository/Canine/Filter/PrimDiseaseSite/BladderUrethra_Chkbx"): ctdc.utilities.runtestcaseforKatalon.clickTab is PASSED

2021-05-04 16:02:21 - [MESSAGE][PASSED] - ctdc.utilities.runtestcaseforKatalon.clickTab is PASSED

2021-05-04 16:02:21 - [TEST_STEP][PASSED] - waitForElementPresent(findTestObject("Object Repository/Canine/Filter/PrimDiseaseSite/BladderUrethraProstate_Chkbx"), 10): Object 'Object Repository/Canine/Filter/PrimDiseaseSite/BladderUrethraProstate_Chkbx' is not present after 10 second(s)

2021-05-04 16:02:32 - [MESSAGE][INFO] - Unable to find the element located by 'By.xpath: //*[contains(text(),'Bladder, Urethra, Prostate')]'. Please recheck the objects properties to make sure the desired element is located. 

2021-05-04 16:02:32 - [MESSAGE][WARNING] - Object 'Object Repository/Canine/Filter/PrimDiseaseSite/BladderUrethraProstate_Chkbx' is not present after 10 second(s)

2021-05-04 16:02:32 - [TEST_STEP][PASSED] - ctdc.utilities.runtestcaseforKatalon.clickTab("Object Repository/Canine/Filter/PrimDiseaseSite/BladderUrethraProstate_Chkbx"): ctdc.utilities.runtestcaseforKatalon.clickTab is PASSED

2021-05-04 16:02:33 - [MESSAGE][PASSED] - ctdc.utilities.runtestcaseforKatalon.clickTab is PASSED

2021-05-04 16:02:33 - [TEST_STEP][PASSED] - waitForElementPresent(findTestObject("Object Repository/Canine/Filter/PrimDiseaseSite/NotApplicable_Chkbx"), 10): Object 'Object Repository/Canine/Filter/PrimDiseaseSite/NotApplicable_Chkbx' is not present after 10 second(s)

2021-05-04 16:02:44 - [MESSAGE][INFO] - Unable to find the element located by 'By.xpath: (//*[contains(text(),'Not Applicable')])[1]'. Please recheck the objects properties to make sure the desired element is located. 

2021-05-04 16:02:44 - [MESSAGE][WARNING] - Object 'Object Repository/Canine/Filter/PrimDiseaseSite/NotApplicable_Chkbx' is not present after 10 second(s)

2021-05-04 16:02:44 - [TEST_STEP][PASSED] - ctdc.utilities.runtestcaseforKatalon.clickTab("Object Repository/Canine/Filter/PrimDiseaseSite/NotApplicable_Chkbx"): ctdc.utilities.runtestcaseforKatalon.clickTab is PASSED

2021-05-04 16:02:44 - [MESSAGE][PASSED] - ctdc.utilities.runtestcaseforKatalon.clickTab is PASSED

2021-05-04 16:02:44 - [TEST_STEP][PASSED] - ctdc.utilities.runtestcaseforKatalon.clickTab("Object Repository/Canine/Filter/PrimDiseaseSite/PRIMARYDISEASESITE_Ddn"): ctdc.utilities.runtestcaseforKatalon.clickTab is PASSED

2021-05-04 16:02:45 - [MESSAGE][PASSED] - ctdc.utilities.runtestcaseforKatalon.clickTab is PASSED

2021-05-04 16:02:45 - [TEST_STEP][PASSED] - Thread.sleep(2000): null

2021-05-04 16:02:47 - [TEST_STEP][PASSED] - ctdc.utilities.runtestcaseforKatalon.readStatBarCanine("Object Repository/Canine/StatBar/Canine_StatBar-Studies", "Object Repository/Canine/StatBar/Canine_StatBar-Cases", "Object Repository/Canine/StatBar/Canine_StatBar-Samples", "Object Repository/Canine/StatBar/Canine_StatBar-Files", "Object Repository/Canine/StatBar/Canine_StatBar-Aliquots"): ctdc.utilities.runtestcaseforKatalon.readStatBarCanine is PASSED

2021-05-04 16:03:02 - [MESSAGE][PASSED] - ctdc.utilities.runtestcaseforKatalon.readStatBarCanine is PASSED

2021-05-04 16:03:02 - [TEST_STEP][PASSED] - waitForElementPresent(findTestObject("Object Repository/Canine/CanineResults_Cases_Tab"), 5): Object 'Object Repository/Canine/CanineResults_Cases_Tab' is not present after 5 second(s)

2021-05-04 16:03:09 - [MESSAGE][INFO] - Unable to find the element located by 'By.xpath: //*[@id="case_tab"]'. Please recheck the objects properties to make sure the desired element is located. 

2021-05-04 16:03:09 - [MESSAGE][WARNING] - Object 'Object Repository/Canine/CanineResults_Cases_Tab' is not present after 5 second(s)

2021-05-04 16:03:09 - [TEST_STEP][PASSED] - ctdc.utilities.runtestcaseforKatalon.clickTab("Object Repository/Canine/CanineResults_Cases_Tab"): ctdc.utilities.runtestcaseforKatalon.clickTab is PASSED

2021-05-04 16:03:09 - [MESSAGE][PASSED] - ctdc.utilities.runtestcaseforKatalon.clickTab is PASSED

2021-05-04 16:03:09 - [TEST_STEP][PASSED] - ctdc.utilities.runtestcaseforKatalon.multiFunction("ICDC", G_StatBar_Cases, "Object Repository/Canine/Canine_CasesTable", "Object Repository/Canine/Canine_TableHeader", "Object Repository/Canine/Canine_CasesTabNextBtn", G_WebTabnameCases, G_CypherTabnameCases, G_QueryCasesTab): Statbar Arms count matches

2021-05-04 16:03:47 - [MESSAGE][PASSED] - Statbar Files count matches

2021-05-04 16:03:47 - [MESSAGE][PASSED] - Statbar Samples count matches

2021-05-04 16:03:47 - [MESSAGE][PASSED] - Statbar Cases count matches

2021-05-04 16:03:47 - [MESSAGE][PASSED] - Statbar Arms count matches

2021-05-04 16:03:47 - [TEST_STEP][PASSED] - closeBrowser(): Browser is closed

2021-05-04 16:03:47 - [MESSAGE][PASSED] - Browser is closed]]></system-out>
         <system-err><![CDATA[]]></system-err>
      </testcase>
      <testcase name="Test Cases/Canine_TestCases/Study-Combinations/TC06_Canine_StudyUBC-Breed_Diagnosis_PrimDiseaseSite" time="261.96" classname="Test Cases/Canine_TestCases/Study-Combinations/TC06_Canine_StudyUBC-Breed_Diagnosis_PrimDiseaseSite" status="PASSED">
         <system-out><![CDATA[2021-05-04 16:03:48 - [TEST_CASE][PASSED] - Test Cases/Canine_TestCases/Study-Combinations/TC06_Canine_StudyUBC-Breed_Diagnosis_PrimDiseaseSite: Test Cases/Canine_TestCases/Study-Combinations/TC06_Canine_StudyUBC-Breed_Diagnosis_PrimDiseaseSite

2021-05-04 16:03:48 - [TEST_STEP][PASSED] - closeBrowser(): Browser is closed

2021-05-04 16:03:48 - [MESSAGE][PASSED] - Browser is closed

2021-05-04 16:03:48 - [TEST_STEP][PASSED] - openBrowser(""): Browser is opened with url: ''

2021-05-04 16:03:48 - [MESSAGE][INFO] - Starting 'Chrome (headless)' driver

2021-05-04 16:03:48 - [MESSAGE][INFO] - User set preference: ['args', '[--no-sandbox]']

2021-05-04 16:03:48 - [MESSAGE][INFO] - Action delay is set to 5,000 milliseconds

2021-05-04 16:03:49 - [MESSAGE][PASSED] - Browser is opened with url: ''

2021-05-04 16:03:49 - [TEST_STEP][PASSED] - maximizeWindow(): Current window maximized

2021-05-04 16:03:49 - [MESSAGE][PASSED] - Current window maximized

2021-05-04 16:03:49 - [TEST_STEP][PASSED] - "Driver opened by Katalon is used in Selenium from this step.": null

2021-05-04 16:03:49 - [TEST_STEP][PASSED] - ctdc.utilities.runtestcaseforKatalon.RunKatalon("TC06_Canine_StudyUBC-Breed_Diagnosis_PrimDiseaseSite.xlsx"): Data loaded from input file for the test case. 

2021-05-04 16:03:49 - [MESSAGE][PASSED] - Test case file loaded This is the full filepath after converting to string :C:\Users\radhakrishnang2\Desktop\Commons_Automation\InputFiles\TC06_Canine_StudyUBC-Breed_Diagnosis_PrimDiseaseSite.xlsx

2021-05-04 16:03:49 - [MESSAGE][INFO] - Global variable set for password file is :  C:\Users\radhakrishnang2\Desktop\Commons_Automation\InputFiles\TC06_Canine_StudyUBC-Breed_Diagnosis_PrimDiseaseSite.xlsx

2021-05-04 16:03:49 - [MESSAGE][PASSED] - Data loaded from input file for the test case. 

2021-05-04 16:03:59 - [TEST_STEP][PASSED] - waitForElementPresent(findTestObject("Canine/NavBar/Canine_Cases_Btn"), 10): Object 'Object Repository/Canine/NavBar/Canine_Cases_Btn' is not present after 10 second(s)

2021-05-04 16:04:10 - [MESSAGE][INFO] - Unable to find the element located by 'By.xpath: //a[contains(@href,'cases')]'. Please recheck the objects properties to make sure the desired element is located. 

2021-05-04 16:04:10 - [MESSAGE][WARNING] - Object 'Object Repository/Canine/NavBar/Canine_Cases_Btn' is not present after 10 second(s)

2021-05-04 16:04:10 - [TEST_STEP][PASSED] - ctdc.utilities.runtestcaseforKatalon.clickTab("Canine/NavBar/Canine_Cases_Btn"): ctdc.utilities.runtestcaseforKatalon.clickTab is PASSED

2021-05-04 16:04:10 - [MESSAGE][PASSED] - ctdc.utilities.runtestcaseforKatalon.clickTab is PASSED

2021-05-04 16:04:10 - [TEST_STEP][PASSED] - waitForElementPresent(findTestObject("Object Repository/Canine/Filter/FilterByCases_Facet"), 10): Object 'Object Repository/Canine/Filter/FilterByCases_Facet' is not present after 10 second(s)

2021-05-04 16:04:21 - [MESSAGE][INFO] - Unable to find the element located by 'By.xpath: //*[contains(text(),'Filter By Cases')]'. Please recheck the objects properties to make sure the desired element is located. 

2021-05-04 16:04:21 - [MESSAGE][WARNING] - Object 'Object Repository/Canine/Filter/FilterByCases_Facet' is not present after 10 second(s)

2021-05-04 16:04:21 - [TEST_STEP][PASSED] - ctdc.utilities.runtestcaseforKatalon.clickTab("Object Repository/Canine/Filter/FilterByCases_Facet"): ctdc.utilities.runtestcaseforKatalon.clickTab is PASSED

2021-05-04 16:04:22 - [MESSAGE][PASSED] - ctdc.utilities.runtestcaseforKatalon.clickTab is PASSED

2021-05-04 16:04:22 - [TEST_STEP][PASSED] - waitForElementPresent(findTestObject("Object Repository/Canine/Filter/Study/Canine_Filter_Study"), 10): Object 'Object Repository/Canine/Filter/Study/Canine_Filter_Study' is not present after 10 second(s)

2021-05-04 16:04:33 - [MESSAGE][INFO] - Unable to find the element located by 'By.xpath: //*[@id='Study']'. Please recheck the objects properties to make sure the desired element is located. 

2021-05-04 16:04:33 - [MESSAGE][WARNING] - Object 'Object Repository/Canine/Filter/Study/Canine_Filter_Study' is not present after 10 second(s)

2021-05-04 16:04:33 - [TEST_STEP][PASSED] - ctdc.utilities.runtestcaseforKatalon.clickTab("Object Repository/Canine/Filter/Study/Canine_Filter_Study"): ctdc.utilities.runtestcaseforKatalon.clickTab is PASSED

2021-05-04 16:04:33 - [MESSAGE][PASSED] - ctdc.utilities.runtestcaseforKatalon.clickTab is PASSED

2021-05-04 16:04:33 - [TEST_STEP][PASSED] - waitForElementPresent(findTestObject("Object Repository/Canine/Filter/Study/Canine_Filter_Study-UBC_Chkbx"), 10): Object 'Object Repository/Canine/Filter/Study/Canine_Filter_Study-UBC_Chkbx' is not present after 10 second(s)

2021-05-04 16:04:45 - [MESSAGE][INFO] - Unable to find the element located by 'By.xpath: (//*[contains(text(),'UBC')])[1]'. Please recheck the objects properties to make sure the desired element is located. 

2021-05-04 16:04:45 - [MESSAGE][WARNING] - Object 'Object Repository/Canine/Filter/Study/Canine_Filter_Study-UBC_Chkbx' is not present after 10 second(s)

2021-05-04 16:04:45 - [TEST_STEP][PASSED] - ctdc.utilities.runtestcaseforKatalon.clickTab("Object Repository/Canine/Filter/Study/Canine_Filter_Study-UBC_Chkbx"): ctdc.utilities.runtestcaseforKatalon.clickTab is PASSED

2021-05-04 16:04:45 - [MESSAGE][PASSED] - ctdc.utilities.runtestcaseforKatalon.clickTab is PASSED

2021-05-04 16:04:45 - [TEST_STEP][PASSED] - Thread.sleep(2000): null

2021-05-04 16:04:47 - [TEST_STEP][PASSED] - waitForElementPresent(findTestObject("Object Repository/Canine/Filter/Breed/BREED_Ddn"), 10): Object 'Object Repository/Canine/Filter/Breed/BREED_Ddn' is not present after 10 second(s)

2021-05-04 16:04:58 - [MESSAGE][INFO] - Unable to find the element located by 'By.xpath: //*[@id='Breed']'. Please recheck the objects properties to make sure the desired element is located. 

2021-05-04 16:04:58 - [MESSAGE][WARNING] - Object 'Object Repository/Canine/Filter/Breed/BREED_Ddn' is not present after 10 second(s)

2021-05-04 16:04:58 - [TEST_STEP][PASSED] - ctdc.utilities.runtestcaseforKatalon.clickTab("Object Repository/Canine/Filter/Breed/BREED_Ddn"): ctdc.utilities.runtestcaseforKatalon.clickTab is PASSED

2021-05-04 16:04:58 - [MESSAGE][PASSED] - ctdc.utilities.runtestcaseforKatalon.clickTab is PASSED

2021-05-04 16:04:58 - [TEST_STEP][PASSED] - waitForElementPresent(findTestObject("Object Repository/Canine/Filter/Breed/Mixed_Chkbx"), 10): Object 'Object Repository/Canine/Filter/Breed/Mixed_Chkbx' is not present after 10 second(s)

2021-05-04 16:05:09 - [MESSAGE][INFO] - Unable to find the element located by 'By.xpath: //*[contains(text(),'Mixed Breed')]'. Please recheck the objects properties to make sure the desired element is located. 

2021-05-04 16:05:09 - [MESSAGE][WARNING] - Object 'Object Repository/Canine/Filter/Breed/Mixed_Chkbx' is not present after 10 second(s)

2021-05-04 16:05:09 - [TEST_STEP][PASSED] - ctdc.utilities.runtestcaseforKatalon.clickTab("Object Repository/Canine/Filter/Breed/Mixed_Chkbx"): ctdc.utilities.runtestcaseforKatalon.clickTab is PASSED

2021-05-04 16:05:10 - [MESSAGE][PASSED] - ctdc.utilities.runtestcaseforKatalon.clickTab is PASSED

2021-05-04 16:05:10 - [TEST_STEP][PASSED] - waitForElementPresent(findTestObject("Object Repository/Canine/Filter/Breed/ScottTerr_Chkbx"), 10): Object 'Object Repository/Canine/Filter/Breed/ScottTerr_Chkbx' is not present after 10 second(s)

2021-05-04 16:05:21 - [MESSAGE][INFO] - Unable to find the element located by 'By.xpath: //*[contains(text(),'Scottish Terrier')]'. Please recheck the objects properties to make sure the desired element is located. 

2021-05-04 16:05:21 - [MESSAGE][WARNING] - Object 'Object Repository/Canine/Filter/Breed/ScottTerr_Chkbx' is not present after 10 second(s)

2021-05-04 16:05:21 - [TEST_STEP][PASSED] - ctdc.utilities.runtestcaseforKatalon.clickTab("Object Repository/Canine/Filter/Breed/ScottTerr_Chkbx"): ctdc.utilities.runtestcaseforKatalon.clickTab is PASSED

2021-05-04 16:05:21 - [MESSAGE][PASSED] - ctdc.utilities.runtestcaseforKatalon.clickTab is PASSED

2021-05-04 16:05:21 - [TEST_STEP][PASSED] - waitForElementPresent(findTestObject("Object Repository/Canine/Filter/Breed/ShetlandShpdog_Chkbx"), 10): Object 'Object Repository/Canine/Filter/Breed/ShetlandShpdog_Chkbx' is not present after 10 second(s)

2021-05-04 16:05:32 - [MESSAGE][INFO] - Unable to find the element located by 'By.xpath: //*[contains(text(),'Shetland Sheepdog')]'. Please recheck the objects properties to make sure the desired element is located. 

2021-05-04 16:05:32 - [MESSAGE][WARNING] - Object 'Object Repository/Canine/Filter/Breed/ShetlandShpdog_Chkbx' is not present after 10 second(s)

2021-05-04 16:05:32 - [TEST_STEP][PASSED] - ctdc.utilities.runtestcaseforKatalon.clickTab("Object Repository/Canine/Filter/Breed/ShetlandShpdog_Chkbx"): ctdc.utilities.runtestcaseforKatalon.clickTab is PASSED

2021-05-04 16:05:33 - [MESSAGE][PASSED] - ctdc.utilities.runtestcaseforKatalon.clickTab is PASSED

2021-05-04 16:05:33 - [TEST_STEP][PASSED] - ctdc.utilities.runtestcaseforKatalon.clickTab("Object Repository/Canine/Filter/Breed/BREED_Ddn"): ctdc.utilities.runtestcaseforKatalon.clickTab is PASSED

2021-05-04 16:05:33 - [MESSAGE][PASSED] - ctdc.utilities.runtestcaseforKatalon.clickTab is PASSED

2021-05-04 16:05:33 - [TEST_STEP][PASSED] - waitForElementPresent(findTestObject("Object Repository/Canine/Filter/Diagnosis/DIAGNOSIS_Ddn"), 10): Object 'Object Repository/Canine/Filter/Diagnosis/DIAGNOSIS_Ddn' is not present after 10 second(s)

2021-05-04 16:05:44 - [MESSAGE][INFO] - Unable to find the element located by 'By.xpath: (//*[@id='Diagnosis'])[1]'. Please recheck the objects properties to make sure the desired element is located. 

2021-05-04 16:05:44 - [MESSAGE][WARNING] - Object 'Object Repository/Canine/Filter/Diagnosis/DIAGNOSIS_Ddn' is not present after 10 second(s)

2021-05-04 16:05:44 - [TEST_STEP][PASSED] - ctdc.utilities.runtestcaseforKatalon.clickTab("Object Repository/Canine/Filter/Diagnosis/DIAGNOSIS_Ddn"): ctdc.utilities.runtestcaseforKatalon.clickTab is PASSED

2021-05-04 16:05:44 - [MESSAGE][PASSED] - ctdc.utilities.runtestcaseforKatalon.clickTab is PASSED

2021-05-04 16:05:44 - [TEST_STEP][PASSED] - waitForElementPresent(findTestObject("Object Repository/Canine/Filter/Diagnosis/BladderCancer_Chkbx"), 10): Object 'Object Repository/Canine/Filter/Diagnosis/BladderCancer_Chkbx' is not present after 10 second(s)

2021-05-04 16:05:55 - [MESSAGE][INFO] - Unable to find the element located by 'By.xpath: //*[contains(text(),'Bladder Cancer')]'. Please recheck the objects properties to make sure the desired element is located. 

2021-05-04 16:05:55 - [MESSAGE][WARNING] - Object 'Object Repository/Canine/Filter/Diagnosis/BladderCancer_Chkbx' is not present after 10 second(s)

2021-05-04 16:05:55 - [TEST_STEP][PASSED] - ctdc.utilities.runtestcaseforKatalon.clickTab("Object Repository/Canine/Filter/Diagnosis/BladderCancer_Chkbx"): ctdc.utilities.runtestcaseforKatalon.clickTab is PASSED

2021-05-04 16:05:56 - [MESSAGE][PASSED] - ctdc.utilities.runtestcaseforKatalon.clickTab is PASSED

2021-05-04 16:05:56 - [TEST_STEP][PASSED] - waitForElementPresent(findTestObject("Object Repository/Canine/Filter/Diagnosis/HealthyControl_Chkbx"), 10): Object 'Object Repository/Canine/Filter/Diagnosis/HealthyControl_Chkbx' is not present after 10 second(s)

2021-05-04 16:06:07 - [MESSAGE][INFO] - Unable to find the element located by 'By.xpath: //*[contains(text(),'Healthy Control')]'. Please recheck the objects properties to make sure the desired element is located. 

2021-05-04 16:06:07 - [MESSAGE][WARNING] - Object 'Object Repository/Canine/Filter/Diagnosis/HealthyControl_Chkbx' is not present after 10 second(s)

2021-05-04 16:06:07 - [TEST_STEP][PASSED] - ctdc.utilities.runtestcaseforKatalon.clickTab("Object Repository/Canine/Filter/Diagnosis/HealthyControl_Chkbx"): ctdc.utilities.runtestcaseforKatalon.clickTab is PASSED

2021-05-04 16:06:07 - [MESSAGE][PASSED] - ctdc.utilities.runtestcaseforKatalon.clickTab is PASSED

2021-05-04 16:06:07 - [TEST_STEP][PASSED] - ctdc.utilities.runtestcaseforKatalon.clickTab("Object Repository/Canine/Filter/Diagnosis/DIAGNOSIS_Ddn"): ctdc.utilities.runtestcaseforKatalon.clickTab is PASSED

2021-05-04 16:06:08 - [MESSAGE][PASSED] - ctdc.utilities.runtestcaseforKatalon.clickTab is PASSED

2021-05-04 16:06:08 - [TEST_STEP][PASSED] - Thread.sleep(2000): null

2021-05-04 16:06:10 - [TEST_STEP][PASSED] - waitForElementPresent(findTestObject("Object Repository/Canine/Filter/PrimDiseaseSite/PRIMARYDISEASESITE_Ddn"), 10): Object 'Object Repository/Canine/Filter/PrimDiseaseSite/PRIMARYDISEASESITE_Ddn' is not present after 10 second(s)

2021-05-04 16:06:21 - [MESSAGE][INFO] - Unable to find the element located by 'By.xpath: //*[@id='Primary Disease Site']'. Please recheck the objects properties to make sure the desired element is located. 

2021-05-04 16:06:21 - [MESSAGE][WARNING] - Object 'Object Repository/Canine/Filter/PrimDiseaseSite/PRIMARYDISEASESITE_Ddn' is not present after 10 second(s)

2021-05-04 16:06:21 - [TEST_STEP][PASSED] - ctdc.utilities.runtestcaseforKatalon.clickTab("Object Repository/Canine/Filter/PrimDiseaseSite/PRIMARYDISEASESITE_Ddn"): ctdc.utilities.runtestcaseforKatalon.clickTab is PASSED

2021-05-04 16:06:21 - [MESSAGE][PASSED] - ctdc.utilities.runtestcaseforKatalon.clickTab is PASSED

2021-05-04 16:06:21 - [TEST_STEP][PASSED] - waitForElementPresent(findTestObject("Object Repository/Canine/Filter/PrimDiseaseSite/Bladder_Chkbx"), 10): Object 'Object Repository/Canine/Filter/PrimDiseaseSite/Bladder_Chkbx' is not present after 10 second(s)

2021-05-04 16:06:33 - [MESSAGE][INFO] - Unable to find the element located by 'By.xpath: (//*[contains(text(),'Bladder')])[2]'. Please recheck the objects properties to make sure the desired element is located. 

2021-05-04 16:06:33 - [MESSAGE][WARNING] - Object 'Object Repository/Canine/Filter/PrimDiseaseSite/Bladder_Chkbx' is not present after 10 second(s)

2021-05-04 16:06:33 - [TEST_STEP][PASSED] - ctdc.utilities.runtestcaseforKatalon.clickTab("Object Repository/Canine/Filter/PrimDiseaseSite/Bladder_Chkbx"): ctdc.utilities.runtestcaseforKatalon.clickTab is PASSED

2021-05-04 16:06:33 - [MESSAGE][PASSED] - ctdc.utilities.runtestcaseforKatalon.clickTab is PASSED

2021-05-04 16:06:33 - [TEST_STEP][PASSED] - waitForElementPresent(findTestObject("Object Repository/Canine/Filter/PrimDiseaseSite/BladderProstate_Chkbx"), 10): Object 'Object Repository/Canine/Filter/PrimDiseaseSite/BladderProstate_Chkbx' is not present after 10 second(s)

2021-05-04 16:06:44 - [MESSAGE][INFO] - Unable to find the element located by 'By.xpath: //*[contains(text(),'Bladder, Prostate')]'. Please recheck the objects properties to make sure the desired element is located. 

2021-05-04 16:06:44 - [MESSAGE][WARNING] - Object 'Object Repository/Canine/Filter/PrimDiseaseSite/BladderProstate_Chkbx' is not present after 10 second(s)

2021-05-04 16:06:44 - [TEST_STEP][PASSED] - ctdc.utilities.runtestcaseforKatalon.clickTab("Object Repository/Canine/Filter/PrimDiseaseSite/BladderProstate_Chkbx"): ctdc.utilities.runtestcaseforKatalon.clickTab is PASSED

2021-05-04 16:06:44 - [MESSAGE][PASSED] - ctdc.utilities.runtestcaseforKatalon.clickTab is PASSED

2021-05-04 16:06:44 - [TEST_STEP][PASSED] - waitForElementPresent(findTestObject("Object Repository/Canine/Filter/PrimDiseaseSite/BladderUrethra_Chkbx"), 10): Object 'Object Repository/Canine/Filter/PrimDiseaseSite/BladderUrethra_Chkbx' is not present after 10 second(s)

2021-05-04 16:06:55 - [MESSAGE][INFO] - Unable to find the element located by 'By.xpath: (//*[contains(text(),'Bladder, Urethra')])[1]'. Please recheck the objects properties to make sure the desired element is located. 

2021-05-04 16:06:55 - [MESSAGE][WARNING] - Object 'Object Repository/Canine/Filter/PrimDiseaseSite/BladderUrethra_Chkbx' is not present after 10 second(s)

2021-05-04 16:06:55 - [TEST_STEP][PASSED] - ctdc.utilities.runtestcaseforKatalon.clickTab("Object Repository/Canine/Filter/PrimDiseaseSite/BladderUrethra_Chkbx"): ctdc.utilities.runtestcaseforKatalon.clickTab is PASSED

2021-05-04 16:06:56 - [MESSAGE][PASSED] - ctdc.utilities.runtestcaseforKatalon.clickTab is PASSED

2021-05-04 16:06:56 - [TEST_STEP][PASSED] - waitForElementPresent(findTestObject("Object Repository/Canine/Filter/PrimDiseaseSite/BladderUrethraProstate_Chkbx"), 10): Object 'Object Repository/Canine/Filter/PrimDiseaseSite/BladderUrethraProstate_Chkbx' is not present after 10 second(s)

2021-05-04 16:07:07 - [MESSAGE][INFO] - Unable to find the element located by 'By.xpath: //*[contains(text(),'Bladder, Urethra, Prostate')]'. Please recheck the objects properties to make sure the desired element is located. 

2021-05-04 16:07:07 - [MESSAGE][WARNING] - Object 'Object Repository/Canine/Filter/PrimDiseaseSite/BladderUrethraProstate_Chkbx' is not present after 10 second(s)

2021-05-04 16:07:07 - [TEST_STEP][PASSED] - ctdc.utilities.runtestcaseforKatalon.clickTab("Object Repository/Canine/Filter/PrimDiseaseSite/BladderUrethraProstate_Chkbx"): ctdc.utilities.runtestcaseforKatalon.clickTab is PASSED

2021-05-04 16:07:07 - [MESSAGE][PASSED] - ctdc.utilities.runtestcaseforKatalon.clickTab is PASSED

2021-05-04 16:07:07 - [TEST_STEP][PASSED] - ctdc.utilities.runtestcaseforKatalon.clickTab("Object Repository/Canine/Filter/PrimDiseaseSite/PRIMARYDISEASESITE_Ddn"): ctdc.utilities.runtestcaseforKatalon.clickTab is PASSED

2021-05-04 16:07:08 - [MESSAGE][PASSED] - ctdc.utilities.runtestcaseforKatalon.clickTab is PASSED

2021-05-04 16:07:08 - [TEST_STEP][PASSED] - Thread.sleep(2000): null

2021-05-04 16:07:10 - [TEST_STEP][PASSED] - ctdc.utilities.runtestcaseforKatalon.readStatBarCanine("Object Repository/Canine/StatBar/Canine_StatBar-Studies", "Object Repository/Canine/StatBar/Canine_StatBar-Cases", "Object Repository/Canine/StatBar/Canine_StatBar-Samples", "Object Repository/Canine/StatBar/Canine_StatBar-Files", "Object Repository/Canine/StatBar/Canine_StatBar-Aliquots"): ctdc.utilities.runtestcaseforKatalon.readStatBarCanine is PASSED

2021-05-04 16:07:26 - [MESSAGE][PASSED] - ctdc.utilities.runtestcaseforKatalon.readStatBarCanine is PASSED

2021-05-04 16:07:26 - [TEST_STEP][PASSED] - waitForElementPresent(findTestObject("Object Repository/Canine/CanineResults_Cases_Tab"), 5): Object 'Object Repository/Canine/CanineResults_Cases_Tab' is not present after 5 second(s)

2021-05-04 16:07:32 - [MESSAGE][INFO] - Unable to find the element located by 'By.xpath: //*[@id="case_tab"]'. Please recheck the objects properties to make sure the desired element is located. 

2021-05-04 16:07:32 - [MESSAGE][WARNING] - Object 'Object Repository/Canine/CanineResults_Cases_Tab' is not present after 5 second(s)

2021-05-04 16:07:32 - [TEST_STEP][PASSED] - ctdc.utilities.runtestcaseforKatalon.clickTab("Object Repository/Canine/CanineResults_Cases_Tab"): ctdc.utilities.runtestcaseforKatalon.clickTab is PASSED

2021-05-04 16:07:32 - [MESSAGE][PASSED] - ctdc.utilities.runtestcaseforKatalon.clickTab is PASSED

2021-05-04 16:07:32 - [TEST_STEP][PASSED] - ctdc.utilities.runtestcaseforKatalon.multiFunction("ICDC", G_StatBar_Cases, "Object Repository/Canine/Canine_CasesTable", "Object Repository/Canine/Canine_TableHeader", "Object Repository/Canine/Canine_CasesTabNextBtn", G_WebTabnameCases, G_CypherTabnameCases, G_QueryCasesTab): Statbar Arms count matches

2021-05-04 16:08:09 - [MESSAGE][PASSED] - Statbar Files count matches

2021-05-04 16:08:09 - [MESSAGE][PASSED] - Statbar Samples count matches

2021-05-04 16:08:09 - [MESSAGE][PASSED] - Statbar Cases count matches

2021-05-04 16:08:09 - [MESSAGE][PASSED] - Statbar Arms count matches

2021-05-04 16:08:09 - [TEST_STEP][PASSED] - closeBrowser(): Browser is closed

2021-05-04 16:08:09 - [MESSAGE][PASSED] - Browser is closed]]></system-out>
         <system-err><![CDATA[]]></system-err>
      </testcase>
      <testcase name="Test Cases/Canine_TestCases/Study-Combinations/TC07_Canine_StudyUBC-Breed_Diagnosis_PrimDiseaseSite" time="244.982" classname="Test Cases/Canine_TestCases/Study-Combinations/TC07_Canine_StudyUBC-Breed_Diagnosis_PrimDiseaseSite" status="PASSED">
         <system-out><![CDATA[2021-05-04 16:08:09 - [TEST_CASE][PASSED] - Test Cases/Canine_TestCases/Study-Combinations/TC07_Canine_StudyUBC-Breed_Diagnosis_PrimDiseaseSite: Test Cases/Canine_TestCases/Study-Combinations/TC07_Canine_StudyUBC-Breed_Diagnosis_PrimDiseaseSite

2021-05-04 16:08:10 - [TEST_STEP][PASSED] - closeBrowser(): Browser is closed

2021-05-04 16:08:10 - [MESSAGE][PASSED] - Browser is closed

2021-05-04 16:08:10 - [TEST_STEP][PASSED] - openBrowser(""): Browser is opened with url: ''

2021-05-04 16:08:10 - [MESSAGE][INFO] - Starting 'Chrome (headless)' driver

2021-05-04 16:08:10 - [MESSAGE][INFO] - User set preference: ['args', '[--no-sandbox]']

2021-05-04 16:08:10 - [MESSAGE][INFO] - Action delay is set to 5,000 milliseconds

2021-05-04 16:08:12 - [MESSAGE][PASSED] - Browser is opened with url: ''

2021-05-04 16:08:12 - [TEST_STEP][PASSED] - maximizeWindow(): Current window maximized

2021-05-04 16:08:12 - [MESSAGE][PASSED] - Current window maximized

2021-05-04 16:08:12 - [TEST_STEP][PASSED] - "Driver opened by Katalon is used in Selenium from this step.": null

2021-05-04 16:08:12 - [TEST_STEP][PASSED] - ctdc.utilities.runtestcaseforKatalon.RunKatalon("TC07_Canine_StudyUBC-Breed_Diagnosis_PrimDiseaseSite.xlsx"): Data loaded from input file for the test case. 

2021-05-04 16:08:12 - [MESSAGE][PASSED] - Test case file loaded This is the full filepath after converting to string :C:\Users\radhakrishnang2\Desktop\Commons_Automation\InputFiles\TC07_Canine_StudyUBC-Breed_Diagnosis_PrimDiseaseSite.xlsx

2021-05-04 16:08:12 - [MESSAGE][INFO] - Global variable set for password file is :  C:\Users\radhakrishnang2\Desktop\Commons_Automation\InputFiles\TC07_Canine_StudyUBC-Breed_Diagnosis_PrimDiseaseSite.xlsx

2021-05-04 16:08:12 - [MESSAGE][PASSED] - Data loaded from input file for the test case. 

2021-05-04 16:08:20 - [TEST_STEP][PASSED] - waitForElementPresent(findTestObject("Canine/NavBar/Canine_Cases_Btn"), 10): Object 'Object Repository/Canine/NavBar/Canine_Cases_Btn' is not present after 10 second(s)

2021-05-04 16:08:31 - [MESSAGE][INFO] - Unable to find the element located by 'By.xpath: //a[contains(@href,'cases')]'. Please recheck the objects properties to make sure the desired element is located. 

2021-05-04 16:08:31 - [MESSAGE][WARNING] - Object 'Object Repository/Canine/NavBar/Canine_Cases_Btn' is not present after 10 second(s)

2021-05-04 16:08:31 - [TEST_STEP][PASSED] - ctdc.utilities.runtestcaseforKatalon.clickTab("Canine/NavBar/Canine_Cases_Btn"): ctdc.utilities.runtestcaseforKatalon.clickTab is PASSED

2021-05-04 16:08:32 - [MESSAGE][PASSED] - ctdc.utilities.runtestcaseforKatalon.clickTab is PASSED

2021-05-04 16:08:32 - [TEST_STEP][PASSED] - waitForElementPresent(findTestObject("Object Repository/Canine/Filter/FilterByCases_Facet"), 10): Object 'Object Repository/Canine/Filter/FilterByCases_Facet' is not present after 10 second(s)

2021-05-04 16:08:43 - [MESSAGE][INFO] - Unable to find the element located by 'By.xpath: //*[contains(text(),'Filter By Cases')]'. Please recheck the objects properties to make sure the desired element is located. 

2021-05-04 16:08:43 - [MESSAGE][WARNING] - Object 'Object Repository/Canine/Filter/FilterByCases_Facet' is not present after 10 second(s)

2021-05-04 16:08:43 - [TEST_STEP][PASSED] - ctdc.utilities.runtestcaseforKatalon.clickTab("Object Repository/Canine/Filter/FilterByCases_Facet"): ctdc.utilities.runtestcaseforKatalon.clickTab is PASSED

2021-05-04 16:08:43 - [MESSAGE][PASSED] - ctdc.utilities.runtestcaseforKatalon.clickTab is PASSED

2021-05-04 16:08:43 - [TEST_STEP][PASSED] - waitForElementPresent(findTestObject("Object Repository/Canine/Filter/Study/Canine_Filter_Study"), 10): Object 'Object Repository/Canine/Filter/Study/Canine_Filter_Study' is not present after 10 second(s)

2021-05-04 16:08:54 - [MESSAGE][INFO] - Unable to find the element located by 'By.xpath: //*[@id='Study']'. Please recheck the objects properties to make sure the desired element is located. 

2021-05-04 16:08:54 - [MESSAGE][WARNING] - Object 'Object Repository/Canine/Filter/Study/Canine_Filter_Study' is not present after 10 second(s)

2021-05-04 16:08:54 - [TEST_STEP][PASSED] - ctdc.utilities.runtestcaseforKatalon.clickTab("Object Repository/Canine/Filter/Study/Canine_Filter_Study"): ctdc.utilities.runtestcaseforKatalon.clickTab is PASSED

2021-05-04 16:08:55 - [MESSAGE][PASSED] - ctdc.utilities.runtestcaseforKatalon.clickTab is PASSED

2021-05-04 16:08:55 - [TEST_STEP][PASSED] - waitForElementPresent(findTestObject("Object Repository/Canine/Filter/Study/Canine_Filter_Study-UBC_Chkbx"), 10): Object 'Object Repository/Canine/Filter/Study/Canine_Filter_Study-UBC_Chkbx' is not present after 10 second(s)

2021-05-04 16:09:06 - [MESSAGE][INFO] - Unable to find the element located by 'By.xpath: (//*[contains(text(),'UBC')])[1]'. Please recheck the objects properties to make sure the desired element is located. 

2021-05-04 16:09:06 - [MESSAGE][WARNING] - Object 'Object Repository/Canine/Filter/Study/Canine_Filter_Study-UBC_Chkbx' is not present after 10 second(s)

2021-05-04 16:09:06 - [TEST_STEP][PASSED] - ctdc.utilities.runtestcaseforKatalon.clickTab("Object Repository/Canine/Filter/Study/Canine_Filter_Study-UBC_Chkbx"): ctdc.utilities.runtestcaseforKatalon.clickTab is PASSED

2021-05-04 16:09:06 - [MESSAGE][PASSED] - ctdc.utilities.runtestcaseforKatalon.clickTab is PASSED

2021-05-04 16:09:06 - [TEST_STEP][PASSED] - waitForElementPresent(findTestObject("Object Repository/Canine/Filter/Breed/BREED_Ddn"), 10): Object 'Object Repository/Canine/Filter/Breed/BREED_Ddn' is not present after 10 second(s)

2021-05-04 16:09:17 - [MESSAGE][INFO] - Unable to find the element located by 'By.xpath: //*[@id='Breed']'. Please recheck the objects properties to make sure the desired element is located. 

2021-05-04 16:09:17 - [MESSAGE][WARNING] - Object 'Object Repository/Canine/Filter/Breed/BREED_Ddn' is not present after 10 second(s)

2021-05-04 16:09:17 - [TEST_STEP][PASSED] - ctdc.utilities.runtestcaseforKatalon.clickTab("Object Repository/Canine/Filter/Breed/BREED_Ddn"): ctdc.utilities.runtestcaseforKatalon.clickTab is PASSED

2021-05-04 16:09:18 - [MESSAGE][PASSED] - ctdc.utilities.runtestcaseforKatalon.clickTab is PASSED

2021-05-04 16:09:18 - [TEST_STEP][PASSED] - waitForElementPresent(findTestObject("Object Repository/Canine/Filter/Breed/Mixed_Chkbx"), 10): Object 'Object Repository/Canine/Filter/Breed/Mixed_Chkbx' is not present after 10 second(s)

2021-05-04 16:09:29 - [MESSAGE][INFO] - Unable to find the element located by 'By.xpath: //*[contains(text(),'Mixed Breed')]'. Please recheck the objects properties to make sure the desired element is located. 

2021-05-04 16:09:29 - [MESSAGE][WARNING] - Object 'Object Repository/Canine/Filter/Breed/Mixed_Chkbx' is not present after 10 second(s)

2021-05-04 16:09:29 - [TEST_STEP][PASSED] - ctdc.utilities.runtestcaseforKatalon.clickTab("Object Repository/Canine/Filter/Breed/Mixed_Chkbx"): ctdc.utilities.runtestcaseforKatalon.clickTab is PASSED

2021-05-04 16:09:29 - [MESSAGE][PASSED] - ctdc.utilities.runtestcaseforKatalon.clickTab is PASSED

2021-05-04 16:09:29 - [TEST_STEP][PASSED] - waitForElementPresent(findTestObject("Object Repository/Canine/Filter/Breed/ScottTerr_Chkbx"), 10): Object 'Object Repository/Canine/Filter/Breed/ScottTerr_Chkbx' is not present after 10 second(s)

2021-05-04 16:09:40 - [MESSAGE][INFO] - Unable to find the element located by 'By.xpath: //*[contains(text(),'Scottish Terrier')]'. Please recheck the objects properties to make sure the desired element is located. 

2021-05-04 16:09:40 - [MESSAGE][WARNING] - Object 'Object Repository/Canine/Filter/Breed/ScottTerr_Chkbx' is not present after 10 second(s)

2021-05-04 16:09:40 - [TEST_STEP][PASSED] - ctdc.utilities.runtestcaseforKatalon.clickTab("Object Repository/Canine/Filter/Breed/ScottTerr_Chkbx"): ctdc.utilities.runtestcaseforKatalon.clickTab is PASSED

2021-05-04 16:09:41 - [MESSAGE][PASSED] - ctdc.utilities.runtestcaseforKatalon.clickTab is PASSED

2021-05-04 16:09:41 - [TEST_STEP][PASSED] - waitForElementPresent(findTestObject("Object Repository/Canine/Filter/Breed/ShetlandShpdog_Chkbx"), 10): Object 'Object Repository/Canine/Filter/Breed/ShetlandShpdog_Chkbx' is not present after 10 second(s)

2021-05-04 16:09:52 - [MESSAGE][INFO] - Unable to find the element located by 'By.xpath: //*[contains(text(),'Shetland Sheepdog')]'. Please recheck the objects properties to make sure the desired element is located. 

2021-05-04 16:09:52 - [MESSAGE][WARNING] - Object 'Object Repository/Canine/Filter/Breed/ShetlandShpdog_Chkbx' is not present after 10 second(s)

2021-05-04 16:09:52 - [TEST_STEP][PASSED] - ctdc.utilities.runtestcaseforKatalon.clickTab("Object Repository/Canine/Filter/Breed/ShetlandShpdog_Chkbx"): ctdc.utilities.runtestcaseforKatalon.clickTab is PASSED

2021-05-04 16:09:52 - [MESSAGE][PASSED] - ctdc.utilities.runtestcaseforKatalon.clickTab is PASSED

2021-05-04 16:09:52 - [TEST_STEP][PASSED] - ctdc.utilities.runtestcaseforKatalon.clickTab("Object Repository/Canine/Filter/Breed/BREED_Ddn"): ctdc.utilities.runtestcaseforKatalon.clickTab is PASSED

2021-05-04 16:09:52 - [MESSAGE][PASSED] - ctdc.utilities.runtestcaseforKatalon.clickTab is PASSED

2021-05-04 16:09:52 - [TEST_STEP][PASSED] - waitForElementPresent(findTestObject("Object Repository/Canine/Filter/Diagnosis/DIAGNOSIS_Ddn"), 10): Object 'Object Repository/Canine/Filter/Diagnosis/DIAGNOSIS_Ddn' is not present after 10 second(s)

2021-05-04 16:10:04 - [MESSAGE][INFO] - Unable to find the element located by 'By.xpath: (//*[@id='Diagnosis'])[1]'. Please recheck the objects properties to make sure the desired element is located. 

2021-05-04 16:10:04 - [MESSAGE][WARNING] - Object 'Object Repository/Canine/Filter/Diagnosis/DIAGNOSIS_Ddn' is not present after 10 second(s)

2021-05-04 16:10:04 - [TEST_STEP][PASSED] - ctdc.utilities.runtestcaseforKatalon.clickTab("Object Repository/Canine/Filter/Diagnosis/DIAGNOSIS_Ddn"): ctdc.utilities.runtestcaseforKatalon.clickTab is PASSED

2021-05-04 16:10:04 - [MESSAGE][PASSED] - ctdc.utilities.runtestcaseforKatalon.clickTab is PASSED

2021-05-04 16:10:04 - [TEST_STEP][PASSED] - waitForElementPresent(findTestObject("Object Repository/Canine/Filter/Diagnosis/BladderCancer_Chkbx"), 10): Object 'Object Repository/Canine/Filter/Diagnosis/BladderCancer_Chkbx' is not present after 10 second(s)

2021-05-04 16:10:15 - [MESSAGE][INFO] - Unable to find the element located by 'By.xpath: //*[contains(text(),'Bladder Cancer')]'. Please recheck the objects properties to make sure the desired element is located. 

2021-05-04 16:10:15 - [MESSAGE][WARNING] - Object 'Object Repository/Canine/Filter/Diagnosis/BladderCancer_Chkbx' is not present after 10 second(s)

2021-05-04 16:10:15 - [TEST_STEP][PASSED] - ctdc.utilities.runtestcaseforKatalon.clickTab("Object Repository/Canine/Filter/Diagnosis/BladderCancer_Chkbx"): ctdc.utilities.runtestcaseforKatalon.clickTab is PASSED

2021-05-04 16:10:15 - [MESSAGE][PASSED] - ctdc.utilities.runtestcaseforKatalon.clickTab is PASSED

2021-05-04 16:10:15 - [TEST_STEP][PASSED] - waitForElementPresent(findTestObject("Object Repository/Canine/Filter/Diagnosis/HealthyControl_Chkbx"), 10): Object 'Object Repository/Canine/Filter/Diagnosis/HealthyControl_Chkbx' is not present after 10 second(s)

2021-05-04 16:10:27 - [MESSAGE][INFO] - Unable to find the element located by 'By.xpath: //*[contains(text(),'Healthy Control')]'. Please recheck the objects properties to make sure the desired element is located. 

2021-05-04 16:10:27 - [MESSAGE][WARNING] - Object 'Object Repository/Canine/Filter/Diagnosis/HealthyControl_Chkbx' is not present after 10 second(s)

2021-05-04 16:10:27 - [TEST_STEP][PASSED] - ctdc.utilities.runtestcaseforKatalon.clickTab("Object Repository/Canine/Filter/Diagnosis/HealthyControl_Chkbx"): ctdc.utilities.runtestcaseforKatalon.clickTab is PASSED

2021-05-04 16:10:27 - [MESSAGE][PASSED] - ctdc.utilities.runtestcaseforKatalon.clickTab is PASSED

2021-05-04 16:10:27 - [TEST_STEP][PASSED] - ctdc.utilities.runtestcaseforKatalon.clickTab("Object Repository/Canine/Filter/Diagnosis/DIAGNOSIS_Ddn"): ctdc.utilities.runtestcaseforKatalon.clickTab is PASSED

2021-05-04 16:10:28 - [MESSAGE][PASSED] - ctdc.utilities.runtestcaseforKatalon.clickTab is PASSED

2021-05-04 16:10:28 - [TEST_STEP][PASSED] - waitForElementPresent(findTestObject("Object Repository/Canine/Filter/PrimDiseaseSite/PRIMARYDISEASESITE_Ddn"), 10): Object 'Object Repository/Canine/Filter/PrimDiseaseSite/PRIMARYDISEASESITE_Ddn' is not present after 10 second(s)

2021-05-04 16:10:39 - [MESSAGE][INFO] - Unable to find the element located by 'By.xpath: //*[@id='Primary Disease Site']'. Please recheck the objects properties to make sure the desired element is located. 

2021-05-04 16:10:39 - [MESSAGE][WARNING] - Object 'Object Repository/Canine/Filter/PrimDiseaseSite/PRIMARYDISEASESITE_Ddn' is not present after 10 second(s)

2021-05-04 16:10:39 - [TEST_STEP][PASSED] - ctdc.utilities.runtestcaseforKatalon.clickTab("Object Repository/Canine/Filter/PrimDiseaseSite/PRIMARYDISEASESITE_Ddn"): ctdc.utilities.runtestcaseforKatalon.clickTab is PASSED

2021-05-04 16:10:39 - [MESSAGE][PASSED] - ctdc.utilities.runtestcaseforKatalon.clickTab is PASSED

2021-05-04 16:10:39 - [TEST_STEP][PASSED] - waitForElementPresent(findTestObject("Object Repository/Canine/Filter/PrimDiseaseSite/Bladder_Chkbx"), 10): Object 'Object Repository/Canine/Filter/PrimDiseaseSite/Bladder_Chkbx' is not present after 10 second(s)

2021-05-04 16:10:51 - [MESSAGE][INFO] - Unable to find the element located by 'By.xpath: (//*[contains(text(),'Bladder')])[2]'. Please recheck the objects properties to make sure the desired element is located. 

2021-05-04 16:10:51 - [MESSAGE][WARNING] - Object 'Object Repository/Canine/Filter/PrimDiseaseSite/Bladder_Chkbx' is not present after 10 second(s)

2021-05-04 16:10:51 - [TEST_STEP][PASSED] - ctdc.utilities.runtestcaseforKatalon.clickTab("Object Repository/Canine/Filter/PrimDiseaseSite/Bladder_Chkbx"): ctdc.utilities.runtestcaseforKatalon.clickTab is PASSED

2021-05-04 16:10:51 - [MESSAGE][PASSED] - ctdc.utilities.runtestcaseforKatalon.clickTab is PASSED

2021-05-04 16:10:51 - [TEST_STEP][PASSED] - waitForElementPresent(findTestObject("Object Repository/Canine/Filter/PrimDiseaseSite/BladderProstate_Chkbx"), 10): Object 'Object Repository/Canine/Filter/PrimDiseaseSite/BladderProstate_Chkbx' is not present after 10 second(s)

2021-05-04 16:11:02 - [MESSAGE][INFO] - Unable to find the element located by 'By.xpath: //*[contains(text(),'Bladder, Prostate')]'. Please recheck the objects properties to make sure the desired element is located. 

2021-05-04 16:11:02 - [MESSAGE][WARNING] - Object 'Object Repository/Canine/Filter/PrimDiseaseSite/BladderProstate_Chkbx' is not present after 10 second(s)

2021-05-04 16:11:02 - [TEST_STEP][PASSED] - ctdc.utilities.runtestcaseforKatalon.clickTab("Object Repository/Canine/Filter/PrimDiseaseSite/BladderProstate_Chkbx"): ctdc.utilities.runtestcaseforKatalon.clickTab is PASSED

2021-05-04 16:11:02 - [MESSAGE][PASSED] - ctdc.utilities.runtestcaseforKatalon.clickTab is PASSED

2021-05-04 16:11:02 - [TEST_STEP][PASSED] - waitForElementPresent(findTestObject("Object Repository/Canine/Filter/PrimDiseaseSite/BladderUrethra_Chkbx"), 10): Object 'Object Repository/Canine/Filter/PrimDiseaseSite/BladderUrethra_Chkbx' is not present after 10 second(s)

2021-05-04 16:11:14 - [MESSAGE][INFO] - Unable to find the element located by 'By.xpath: (//*[contains(text(),'Bladder, Urethra')])[1]'. Please recheck the objects properties to make sure the desired element is located. 

2021-05-04 16:11:14 - [MESSAGE][WARNING] - Object 'Object Repository/Canine/Filter/PrimDiseaseSite/BladderUrethra_Chkbx' is not present after 10 second(s)

2021-05-04 16:11:14 - [TEST_STEP][PASSED] - ctdc.utilities.runtestcaseforKatalon.clickTab("Object Repository/Canine/Filter/PrimDiseaseSite/BladderUrethra_Chkbx"): ctdc.utilities.runtestcaseforKatalon.clickTab is PASSED

2021-05-04 16:11:14 - [MESSAGE][PASSED] - ctdc.utilities.runtestcaseforKatalon.clickTab is PASSED

2021-05-04 16:11:14 - [TEST_STEP][PASSED] - ctdc.utilities.runtestcaseforKatalon.clickTab("Object Repository/Canine/Filter/PrimDiseaseSite/PRIMARYDISEASESITE_Ddn"): ctdc.utilities.runtestcaseforKatalon.clickTab is PASSED

2021-05-04 16:11:15 - [MESSAGE][PASSED] - ctdc.utilities.runtestcaseforKatalon.clickTab is PASSED

2021-05-04 16:11:15 - [TEST_STEP][PASSED] - Thread.sleep(2000): null

2021-05-04 16:11:17 - [TEST_STEP][PASSED] - ctdc.utilities.runtestcaseforKatalon.readStatBarCanine("Object Repository/Canine/StatBar/Canine_StatBar-Studies", "Object Repository/Canine/StatBar/Canine_StatBar-Cases", "Object Repository/Canine/StatBar/Canine_StatBar-Samples", "Object Repository/Canine/StatBar/Canine_StatBar-Files", "Object Repository/Canine/StatBar/Canine_StatBar-Aliquots"): ctdc.utilities.runtestcaseforKatalon.readStatBarCanine is PASSED

2021-05-04 16:11:32 - [MESSAGE][PASSED] - ctdc.utilities.runtestcaseforKatalon.readStatBarCanine is PASSED

2021-05-04 16:11:32 - [TEST_STEP][PASSED] - waitForElementPresent(findTestObject("Object Repository/Canine/CanineResults_Cases_Tab"), 5): Object 'Object Repository/Canine/CanineResults_Cases_Tab' is not present after 5 second(s)

2021-05-04 16:11:39 - [MESSAGE][INFO] - Unable to find the element located by 'By.xpath: //*[@id="case_tab"]'. Please recheck the objects properties to make sure the desired element is located. 

2021-05-04 16:11:39 - [MESSAGE][WARNING] - Object 'Object Repository/Canine/CanineResults_Cases_Tab' is not present after 5 second(s)

2021-05-04 16:11:39 - [TEST_STEP][PASSED] - ctdc.utilities.runtestcaseforKatalon.clickTab("Object Repository/Canine/CanineResults_Cases_Tab"): ctdc.utilities.runtestcaseforKatalon.clickTab is PASSED

2021-05-04 16:11:39 - [MESSAGE][PASSED] - ctdc.utilities.runtestcaseforKatalon.clickTab is PASSED

2021-05-04 16:11:39 - [TEST_STEP][PASSED] - ctdc.utilities.runtestcaseforKatalon.multiFunction("ICDC", G_StatBar_Cases, "Object Repository/Canine/Canine_CasesTable", "Object Repository/Canine/Canine_TableHeader", "Object Repository/Canine/Canine_CasesTabNextBtn", G_WebTabnameCases, G_CypherTabnameCases, G_QueryCasesTab): Statbar Arms count matches

2021-05-04 16:12:14 - [MESSAGE][PASSED] - Statbar Files count matches

2021-05-04 16:12:14 - [MESSAGE][PASSED] - Statbar Samples count matches

2021-05-04 16:12:14 - [MESSAGE][PASSED] - Statbar Cases count matches

2021-05-04 16:12:14 - [MESSAGE][PASSED] - Statbar Arms count matches

2021-05-04 16:12:14 - [TEST_STEP][PASSED] - closeBrowser(): Browser is closed

2021-05-04 16:12:14 - [MESSAGE][PASSED] - Browser is closed]]></system-out>
         <system-err><![CDATA[]]></system-err>
      </testcase>
      <testcase name="Test Cases/Canine_TestCases/Study-Combinations/TC08_Canine_StudyUBC-Breed_Diagnosis_PrimDiseaseSite" time="227.339" classname="Test Cases/Canine_TestCases/Study-Combinations/TC08_Canine_StudyUBC-Breed_Diagnosis_PrimDiseaseSite" status="PASSED">
         <system-out><![CDATA[2021-05-04 16:12:14 - [TEST_CASE][PASSED] - Test Cases/Canine_TestCases/Study-Combinations/TC08_Canine_StudyUBC-Breed_Diagnosis_PrimDiseaseSite: Test Cases/Canine_TestCases/Study-Combinations/TC08_Canine_StudyUBC-Breed_Diagnosis_PrimDiseaseSite

2021-05-04 16:12:15 - [TEST_STEP][PASSED] - closeBrowser(): Browser is closed

2021-05-04 16:12:15 - [MESSAGE][PASSED] - Browser is closed

2021-05-04 16:12:15 - [TEST_STEP][PASSED] - openBrowser(""): Browser is opened with url: ''

2021-05-04 16:12:15 - [MESSAGE][INFO] - Starting 'Chrome (headless)' driver

2021-05-04 16:12:15 - [MESSAGE][INFO] - User set preference: ['args', '[--no-sandbox]']

2021-05-04 16:12:15 - [MESSAGE][INFO] - Action delay is set to 5,000 milliseconds

2021-05-04 16:12:17 - [MESSAGE][PASSED] - Browser is opened with url: ''

2021-05-04 16:12:17 - [TEST_STEP][PASSED] - maximizeWindow(): Current window maximized

2021-05-04 16:12:17 - [MESSAGE][PASSED] - Current window maximized

2021-05-04 16:12:17 - [TEST_STEP][PASSED] - "Driver opened by Katalon is used in Selenium from this step.": null

2021-05-04 16:12:17 - [TEST_STEP][PASSED] - ctdc.utilities.runtestcaseforKatalon.RunKatalon("TC08_Canine_StudyUBC-Breed_Diagnosis_PrimDiseaseSite.xlsx"): Data loaded from input file for the test case. 

2021-05-04 16:12:17 - [MESSAGE][PASSED] - Test case file loaded This is the full filepath after converting to string :C:\Users\radhakrishnang2\Desktop\Commons_Automation\InputFiles\TC08_Canine_StudyUBC-Breed_Diagnosis_PrimDiseaseSite.xlsx

2021-05-04 16:12:17 - [MESSAGE][INFO] - Global variable set for password file is :  C:\Users\radhakrishnang2\Desktop\Commons_Automation\InputFiles\TC08_Canine_StudyUBC-Breed_Diagnosis_PrimDiseaseSite.xlsx

2021-05-04 16:12:17 - [MESSAGE][PASSED] - Data loaded from input file for the test case. 

2021-05-04 16:12:30 - [TEST_STEP][PASSED] - waitForElementPresent(findTestObject("Canine/NavBar/Canine_Cases_Btn"), 10): Object 'Object Repository/Canine/NavBar/Canine_Cases_Btn' is not present after 10 second(s)

2021-05-04 16:12:41 - [MESSAGE][INFO] - Unable to find the element located by 'By.xpath: //a[contains(@href,'cases')]'. Please recheck the objects properties to make sure the desired element is located. 

2021-05-04 16:12:41 - [MESSAGE][WARNING] - Object 'Object Repository/Canine/NavBar/Canine_Cases_Btn' is not present after 10 second(s)

2021-05-04 16:12:41 - [TEST_STEP][PASSED] - ctdc.utilities.runtestcaseforKatalon.clickTab("Canine/NavBar/Canine_Cases_Btn"): ctdc.utilities.runtestcaseforKatalon.clickTab is PASSED

2021-05-04 16:12:41 - [MESSAGE][PASSED] - ctdc.utilities.runtestcaseforKatalon.clickTab is PASSED

2021-05-04 16:12:41 - [TEST_STEP][PASSED] - waitForElementPresent(findTestObject("Object Repository/Canine/Filter/FilterByCases_Facet"), 10): Object 'Object Repository/Canine/Filter/FilterByCases_Facet' is not present after 10 second(s)

2021-05-04 16:12:52 - [MESSAGE][INFO] - Unable to find the element located by 'By.xpath: //*[contains(text(),'Filter By Cases')]'. Please recheck the objects properties to make sure the desired element is located. 

2021-05-04 16:12:52 - [MESSAGE][WARNING] - Object 'Object Repository/Canine/Filter/FilterByCases_Facet' is not present after 10 second(s)

2021-05-04 16:12:52 - [TEST_STEP][PASSED] - ctdc.utilities.runtestcaseforKatalon.clickTab("Object Repository/Canine/Filter/FilterByCases_Facet"): ctdc.utilities.runtestcaseforKatalon.clickTab is PASSED

2021-05-04 16:12:52 - [MESSAGE][PASSED] - ctdc.utilities.runtestcaseforKatalon.clickTab is PASSED

2021-05-04 16:12:52 - [TEST_STEP][PASSED] - waitForElementPresent(findTestObject("Object Repository/Canine/Filter/Study/Canine_Filter_Study"), 10): Object 'Object Repository/Canine/Filter/Study/Canine_Filter_Study' is not present after 10 second(s)

2021-05-04 16:13:04 - [MESSAGE][INFO] - Unable to find the element located by 'By.xpath: //*[@id='Study']'. Please recheck the objects properties to make sure the desired element is located. 

2021-05-04 16:13:04 - [MESSAGE][WARNING] - Object 'Object Repository/Canine/Filter/Study/Canine_Filter_Study' is not present after 10 second(s)

2021-05-04 16:13:04 - [TEST_STEP][PASSED] - ctdc.utilities.runtestcaseforKatalon.clickTab("Object Repository/Canine/Filter/Study/Canine_Filter_Study"): ctdc.utilities.runtestcaseforKatalon.clickTab is PASSED

2021-05-04 16:13:04 - [MESSAGE][PASSED] - ctdc.utilities.runtestcaseforKatalon.clickTab is PASSED

2021-05-04 16:13:04 - [TEST_STEP][PASSED] - waitForElementPresent(findTestObject("Object Repository/Canine/Filter/Study/Canine_Filter_Study-UBC_Chkbx"), 10): Object 'Object Repository/Canine/Filter/Study/Canine_Filter_Study-UBC_Chkbx' is not present after 10 second(s)

2021-05-04 16:13:15 - [MESSAGE][INFO] - Unable to find the element located by 'By.xpath: (//*[contains(text(),'UBC')])[1]'. Please recheck the objects properties to make sure the desired element is located. 

2021-05-04 16:13:15 - [MESSAGE][WARNING] - Object 'Object Repository/Canine/Filter/Study/Canine_Filter_Study-UBC_Chkbx' is not present after 10 second(s)

2021-05-04 16:13:15 - [TEST_STEP][PASSED] - ctdc.utilities.runtestcaseforKatalon.clickTab("Object Repository/Canine/Filter/Study/Canine_Filter_Study-UBC_Chkbx"): ctdc.utilities.runtestcaseforKatalon.clickTab is PASSED

2021-05-04 16:13:16 - [MESSAGE][PASSED] - ctdc.utilities.runtestcaseforKatalon.clickTab is PASSED

2021-05-04 16:13:16 - [TEST_STEP][PASSED] - waitForElementPresent(findTestObject("Object Repository/Canine/Filter/Breed/BREED_Ddn"), 10): Object 'Object Repository/Canine/Filter/Breed/BREED_Ddn' is not present after 10 second(s)

2021-05-04 16:13:27 - [MESSAGE][INFO] - Unable to find the element located by 'By.xpath: //*[@id='Breed']'. Please recheck the objects properties to make sure the desired element is located. 

2021-05-04 16:13:27 - [MESSAGE][WARNING] - Object 'Object Repository/Canine/Filter/Breed/BREED_Ddn' is not present after 10 second(s)

2021-05-04 16:13:27 - [TEST_STEP][PASSED] - ctdc.utilities.runtestcaseforKatalon.clickTab("Object Repository/Canine/Filter/Breed/BREED_Ddn"): ctdc.utilities.runtestcaseforKatalon.clickTab is PASSED

2021-05-04 16:13:27 - [MESSAGE][PASSED] - ctdc.utilities.runtestcaseforKatalon.clickTab is PASSED

2021-05-04 16:13:27 - [TEST_STEP][PASSED] - waitForElementPresent(findTestObject("Object Repository/Canine/Filter/Breed/Mixed_Chkbx"), 10): Object 'Object Repository/Canine/Filter/Breed/Mixed_Chkbx' is not present after 10 second(s)

2021-05-04 16:13:38 - [MESSAGE][INFO] - Unable to find the element located by 'By.xpath: //*[contains(text(),'Mixed Breed')]'. Please recheck the objects properties to make sure the desired element is located. 

2021-05-04 16:13:38 - [MESSAGE][WARNING] - Object 'Object Repository/Canine/Filter/Breed/Mixed_Chkbx' is not present after 10 second(s)

2021-05-04 16:13:38 - [TEST_STEP][PASSED] - ctdc.utilities.runtestcaseforKatalon.clickTab("Object Repository/Canine/Filter/Breed/Mixed_Chkbx"): ctdc.utilities.runtestcaseforKatalon.clickTab is PASSED

2021-05-04 16:13:39 - [MESSAGE][PASSED] - ctdc.utilities.runtestcaseforKatalon.clickTab is PASSED

2021-05-04 16:13:39 - [TEST_STEP][PASSED] - waitForElementPresent(findTestObject("Object Repository/Canine/Filter/Breed/ScottTerr_Chkbx"), 10): Object 'Object Repository/Canine/Filter/Breed/ScottTerr_Chkbx' is not present after 10 second(s)

2021-05-04 16:13:50 - [MESSAGE][INFO] - Unable to find the element located by 'By.xpath: //*[contains(text(),'Scottish Terrier')]'. Please recheck the objects properties to make sure the desired element is located. 

2021-05-04 16:13:50 - [MESSAGE][WARNING] - Object 'Object Repository/Canine/Filter/Breed/ScottTerr_Chkbx' is not present after 10 second(s)

2021-05-04 16:13:50 - [TEST_STEP][PASSED] - ctdc.utilities.runtestcaseforKatalon.clickTab("Object Repository/Canine/Filter/Breed/ScottTerr_Chkbx"): ctdc.utilities.runtestcaseforKatalon.clickTab is PASSED

2021-05-04 16:13:50 - [MESSAGE][PASSED] - ctdc.utilities.runtestcaseforKatalon.clickTab is PASSED

2021-05-04 16:13:50 - [TEST_STEP][PASSED] - waitForElementPresent(findTestObject("Object Repository/Canine/Filter/Breed/ShetlandShpdog_Chkbx"), 10): Object 'Object Repository/Canine/Filter/Breed/ShetlandShpdog_Chkbx' is not present after 10 second(s)

2021-05-04 16:14:01 - [MESSAGE][INFO] - Unable to find the element located by 'By.xpath: //*[contains(text(),'Shetland Sheepdog')]'. Please recheck the objects properties to make sure the desired element is located. 

2021-05-04 16:14:01 - [MESSAGE][WARNING] - Object 'Object Repository/Canine/Filter/Breed/ShetlandShpdog_Chkbx' is not present after 10 second(s)

2021-05-04 16:14:01 - [TEST_STEP][PASSED] - ctdc.utilities.runtestcaseforKatalon.clickTab("Object Repository/Canine/Filter/Breed/ShetlandShpdog_Chkbx"): ctdc.utilities.runtestcaseforKatalon.clickTab is PASSED

2021-05-04 16:14:02 - [MESSAGE][PASSED] - ctdc.utilities.runtestcaseforKatalon.clickTab is PASSED

2021-05-04 16:14:02 - [TEST_STEP][PASSED] - ctdc.utilities.runtestcaseforKatalon.clickTab("Object Repository/Canine/Filter/Breed/BREED_Ddn"): ctdc.utilities.runtestcaseforKatalon.clickTab is PASSED

2021-05-04 16:14:03 - [MESSAGE][PASSED] - ctdc.utilities.runtestcaseforKatalon.clickTab is PASSED

2021-05-04 16:14:03 - [TEST_STEP][PASSED] - waitForElementPresent(findTestObject("Object Repository/Canine/Filter/Diagnosis/DIAGNOSIS_Ddn"), 10): Object 'Object Repository/Canine/Filter/Diagnosis/DIAGNOSIS_Ddn' is not present after 10 second(s)

2021-05-04 16:14:15 - [MESSAGE][INFO] - Unable to find the element located by 'By.xpath: (//*[@id='Diagnosis'])[1]'. Please recheck the objects properties to make sure the desired element is located. 

2021-05-04 16:14:15 - [MESSAGE][WARNING] - Object 'Object Repository/Canine/Filter/Diagnosis/DIAGNOSIS_Ddn' is not present after 10 second(s)

2021-05-04 16:14:15 - [TEST_STEP][PASSED] - ctdc.utilities.runtestcaseforKatalon.clickTab("Object Repository/Canine/Filter/Diagnosis/DIAGNOSIS_Ddn"): ctdc.utilities.runtestcaseforKatalon.clickTab is PASSED

2021-05-04 16:14:15 - [MESSAGE][PASSED] - ctdc.utilities.runtestcaseforKatalon.clickTab is PASSED

2021-05-04 16:14:15 - [TEST_STEP][PASSED] - waitForElementPresent(findTestObject("Object Repository/Canine/Filter/Diagnosis/BladderCancer_Chkbx"), 10): Object 'Object Repository/Canine/Filter/Diagnosis/BladderCancer_Chkbx' is not present after 10 second(s)

2021-05-04 16:14:26 - [MESSAGE][INFO] - Unable to find the element located by 'By.xpath: //*[contains(text(),'Bladder Cancer')]'. Please recheck the objects properties to make sure the desired element is located. 

2021-05-04 16:14:26 - [MESSAGE][WARNING] - Object 'Object Repository/Canine/Filter/Diagnosis/BladderCancer_Chkbx' is not present after 10 second(s)

2021-05-04 16:14:26 - [TEST_STEP][PASSED] - ctdc.utilities.runtestcaseforKatalon.clickTab("Object Repository/Canine/Filter/Diagnosis/BladderCancer_Chkbx"): ctdc.utilities.runtestcaseforKatalon.clickTab is PASSED

2021-05-04 16:14:26 - [MESSAGE][PASSED] - ctdc.utilities.runtestcaseforKatalon.clickTab is PASSED

2021-05-04 16:14:26 - [TEST_STEP][PASSED] - waitForElementPresent(findTestObject("Object Repository/Canine/Filter/Diagnosis/HealthyControl_Chkbx"), 10): Object 'Object Repository/Canine/Filter/Diagnosis/HealthyControl_Chkbx' is not present after 10 second(s)

2021-05-04 16:14:38 - [MESSAGE][INFO] - Unable to find the element located by 'By.xpath: //*[contains(text(),'Healthy Control')]'. Please recheck the objects properties to make sure the desired element is located. 

2021-05-04 16:14:38 - [MESSAGE][WARNING] - Object 'Object Repository/Canine/Filter/Diagnosis/HealthyControl_Chkbx' is not present after 10 second(s)

2021-05-04 16:14:38 - [TEST_STEP][PASSED] - ctdc.utilities.runtestcaseforKatalon.clickTab("Object Repository/Canine/Filter/Diagnosis/HealthyControl_Chkbx"): ctdc.utilities.runtestcaseforKatalon.clickTab is PASSED

2021-05-04 16:14:38 - [MESSAGE][PASSED] - ctdc.utilities.runtestcaseforKatalon.clickTab is PASSED

2021-05-04 16:14:38 - [TEST_STEP][PASSED] - ctdc.utilities.runtestcaseforKatalon.clickTab("Object Repository/Canine/Filter/Diagnosis/DIAGNOSIS_Ddn"): ctdc.utilities.runtestcaseforKatalon.clickTab is PASSED

2021-05-04 16:14:39 - [MESSAGE][PASSED] - ctdc.utilities.runtestcaseforKatalon.clickTab is PASSED

2021-05-04 16:14:39 - [TEST_STEP][PASSED] - Thread.sleep(2000): null

2021-05-04 16:14:41 - [TEST_STEP][PASSED] - waitForElementPresent(findTestObject("Object Repository/Canine/Filter/PrimDiseaseSite/PRIMARYDISEASESITE_Ddn"), 10): Object 'Object Repository/Canine/Filter/PrimDiseaseSite/PRIMARYDISEASESITE_Ddn' is not present after 10 second(s)

2021-05-04 16:14:52 - [MESSAGE][INFO] - Unable to find the element located by 'By.xpath: //*[@id='Primary Disease Site']'. Please recheck the objects properties to make sure the desired element is located. 

2021-05-04 16:14:52 - [MESSAGE][WARNING] - Object 'Object Repository/Canine/Filter/PrimDiseaseSite/PRIMARYDISEASESITE_Ddn' is not present after 10 second(s)

2021-05-04 16:14:52 - [TEST_STEP][PASSED] - ctdc.utilities.runtestcaseforKatalon.clickTab("Object Repository/Canine/Filter/PrimDiseaseSite/PRIMARYDISEASESITE_Ddn"): ctdc.utilities.runtestcaseforKatalon.clickTab is PASSED

2021-05-04 16:14:52 - [MESSAGE][PASSED] - ctdc.utilities.runtestcaseforKatalon.clickTab is PASSED

2021-05-04 16:14:52 - [TEST_STEP][PASSED] - waitForElementPresent(findTestObject("Object Repository/Canine/Filter/PrimDiseaseSite/Bladder_Chkbx"), 10): Object 'Object Repository/Canine/Filter/PrimDiseaseSite/Bladder_Chkbx' is not present after 10 second(s)

2021-05-04 16:15:04 - [MESSAGE][INFO] - Unable to find the element located by 'By.xpath: (//*[contains(text(),'Bladder')])[2]'. Please recheck the objects properties to make sure the desired element is located. 

2021-05-04 16:15:04 - [MESSAGE][WARNING] - Object 'Object Repository/Canine/Filter/PrimDiseaseSite/Bladder_Chkbx' is not present after 10 second(s)

2021-05-04 16:15:04 - [TEST_STEP][PASSED] - ctdc.utilities.runtestcaseforKatalon.clickTab("Object Repository/Canine/Filter/PrimDiseaseSite/Bladder_Chkbx"): ctdc.utilities.runtestcaseforKatalon.clickTab is PASSED

2021-05-04 16:15:04 - [MESSAGE][PASSED] - ctdc.utilities.runtestcaseforKatalon.clickTab is PASSED

2021-05-04 16:15:04 - [TEST_STEP][PASSED] - waitForElementPresent(findTestObject("Object Repository/Canine/Filter/PrimDiseaseSite/BladderProstate_Chkbx"), 10): Object 'Object Repository/Canine/Filter/PrimDiseaseSite/BladderProstate_Chkbx' is not present after 10 second(s)

2021-05-04 16:15:15 - [MESSAGE][INFO] - Unable to find the element located by 'By.xpath: //*[contains(text(),'Bladder, Prostate')]'. Please recheck the objects properties to make sure the desired element is located. 

2021-05-04 16:15:15 - [MESSAGE][WARNING] - Object 'Object Repository/Canine/Filter/PrimDiseaseSite/BladderProstate_Chkbx' is not present after 10 second(s)

2021-05-04 16:15:15 - [TEST_STEP][PASSED] - ctdc.utilities.runtestcaseforKatalon.clickTab("Object Repository/Canine/Filter/PrimDiseaseSite/BladderProstate_Chkbx"): ctdc.utilities.runtestcaseforKatalon.clickTab is PASSED

2021-05-04 16:15:15 - [MESSAGE][PASSED] - ctdc.utilities.runtestcaseforKatalon.clickTab is PASSED

2021-05-04 16:15:15 - [TEST_STEP][PASSED] - ctdc.utilities.runtestcaseforKatalon.clickTab("Object Repository/Canine/Filter/PrimDiseaseSite/PRIMARYDISEASESITE_Ddn"): ctdc.utilities.runtestcaseforKatalon.clickTab is PASSED

2021-05-04 16:15:16 - [MESSAGE][PASSED] - ctdc.utilities.runtestcaseforKatalon.clickTab is PASSED

2021-05-04 16:15:16 - [TEST_STEP][PASSED] - Thread.sleep(2000): null

2021-05-04 16:15:18 - [TEST_STEP][PASSED] - ctdc.utilities.runtestcaseforKatalon.readStatBarCanine("Object Repository/Canine/StatBar/Canine_StatBar-Studies", "Object Repository/Canine/StatBar/Canine_StatBar-Cases", "Object Repository/Canine/StatBar/Canine_StatBar-Samples", "Object Repository/Canine/StatBar/Canine_StatBar-Files", "Object Repository/Canine/StatBar/Canine_StatBar-Aliquots"): ctdc.utilities.runtestcaseforKatalon.readStatBarCanine is PASSED

2021-05-04 16:15:34 - [MESSAGE][PASSED] - ctdc.utilities.runtestcaseforKatalon.readStatBarCanine is PASSED

2021-05-04 16:15:34 - [TEST_STEP][PASSED] - waitForElementPresent(findTestObject("Object Repository/Canine/CanineResults_Cases_Tab"), 5): Object 'Object Repository/Canine/CanineResults_Cases_Tab' is not present after 5 second(s)

2021-05-04 16:15:40 - [MESSAGE][INFO] - Unable to find the element located by 'By.xpath: //*[@id="case_tab"]'. Please recheck the objects properties to make sure the desired element is located. 

2021-05-04 16:15:40 - [MESSAGE][WARNING] - Object 'Object Repository/Canine/CanineResults_Cases_Tab' is not present after 5 second(s)

2021-05-04 16:15:40 - [TEST_STEP][PASSED] - ctdc.utilities.runtestcaseforKatalon.clickTab("Object Repository/Canine/CanineResults_Cases_Tab"): ctdc.utilities.runtestcaseforKatalon.clickTab is PASSED

2021-05-04 16:15:41 - [MESSAGE][PASSED] - ctdc.utilities.runtestcaseforKatalon.clickTab is PASSED

2021-05-04 16:15:41 - [TEST_STEP][PASSED] - ctdc.utilities.runtestcaseforKatalon.multiFunction("ICDC", G_StatBar_Cases, "Object Repository/Canine/Canine_CasesTable", "Object Repository/Canine/Canine_TableHeader", "Object Repository/Canine/Canine_CasesTabNextBtn", G_WebTabnameCases, G_CypherTabnameCases, G_QueryCasesTab): Statbar Arms count matches

2021-05-04 16:16:01 - [MESSAGE][PASSED] - Statbar Files count matches

2021-05-04 16:16:01 - [MESSAGE][PASSED] - Statbar Samples count matches

2021-05-04 16:16:01 - [MESSAGE][PASSED] - Statbar Cases count matches

2021-05-04 16:16:01 - [MESSAGE][PASSED] - Statbar Arms count matches

2021-05-04 16:16:01 - [TEST_STEP][PASSED] - closeBrowser(): Browser is closed

2021-05-04 16:16:02 - [MESSAGE][PASSED] - Browser is closed]]></system-out>
         <system-err><![CDATA[]]></system-err>
      </testcase>
      <testcase name="Test Cases/Canine_TestCases/Study-Combinations/TC09_Canine_StudyUBC-Breed_Diagnosis_PrimDiseaseSite" time="252.783" classname="Test Cases/Canine_TestCases/Study-Combinations/TC09_Canine_StudyUBC-Breed_Diagnosis_PrimDiseaseSite" status="PASSED">
         <system-out><![CDATA[2021-05-04 16:16:02 - [TEST_CASE][PASSED] - Test Cases/Canine_TestCases/Study-Combinations/TC09_Canine_StudyUBC-Breed_Diagnosis_PrimDiseaseSite: Test Cases/Canine_TestCases/Study-Combinations/TC09_Canine_StudyUBC-Breed_Diagnosis_PrimDiseaseSite

2021-05-04 16:16:03 - [TEST_STEP][PASSED] - closeBrowser(): Browser is closed

2021-05-04 16:16:03 - [MESSAGE][PASSED] - Browser is closed

2021-05-04 16:16:03 - [TEST_STEP][PASSED] - openBrowser(""): Browser is opened with url: ''

2021-05-04 16:16:03 - [MESSAGE][INFO] - Starting 'Chrome (headless)' driver

2021-05-04 16:16:03 - [MESSAGE][INFO] - User set preference: ['args', '[--no-sandbox]']

2021-05-04 16:16:03 - [MESSAGE][INFO] - Action delay is set to 5,000 milliseconds

2021-05-04 16:16:05 - [MESSAGE][PASSED] - Browser is opened with url: ''

2021-05-04 16:16:05 - [TEST_STEP][PASSED] - maximizeWindow(): Current window maximized

2021-05-04 16:16:05 - [MESSAGE][PASSED] - Current window maximized

2021-05-04 16:16:05 - [TEST_STEP][PASSED] - "Driver opened by Katalon is used in Selenium from this step.": null

2021-05-04 16:16:05 - [TEST_STEP][PASSED] - ctdc.utilities.runtestcaseforKatalon.RunKatalon("TC09_Canine_StudyUBC-Breed_Diagnosis_PrimDiseaseSite.xlsx"): Data loaded from input file for the test case. 

2021-05-04 16:16:05 - [MESSAGE][PASSED] - Test case file loaded This is the full filepath after converting to string :C:\Users\radhakrishnang2\Desktop\Commons_Automation\InputFiles\TC09_Canine_StudyUBC-Breed_Diagnosis_PrimDiseaseSite.xlsx

2021-05-04 16:16:05 - [MESSAGE][INFO] - Global variable set for password file is :  C:\Users\radhakrishnang2\Desktop\Commons_Automation\InputFiles\TC09_Canine_StudyUBC-Breed_Diagnosis_PrimDiseaseSite.xlsx

2021-05-04 16:16:05 - [MESSAGE][PASSED] - Data loaded from input file for the test case. 

2021-05-04 16:16:15 - [TEST_STEP][PASSED] - waitForElementPresent(findTestObject("Canine/NavBar/Canine_Cases_Btn"), 10): Object 'Object Repository/Canine/NavBar/Canine_Cases_Btn' is not present after 10 second(s)

2021-05-04 16:16:26 - [MESSAGE][INFO] - Unable to find the element located by 'By.xpath: //a[contains(@href,'cases')]'. Please recheck the objects properties to make sure the desired element is located. 

2021-05-04 16:16:26 - [MESSAGE][WARNING] - Object 'Object Repository/Canine/NavBar/Canine_Cases_Btn' is not present after 10 second(s)

2021-05-04 16:16:26 - [TEST_STEP][PASSED] - ctdc.utilities.runtestcaseforKatalon.clickTab("Canine/NavBar/Canine_Cases_Btn"): ctdc.utilities.runtestcaseforKatalon.clickTab is PASSED

2021-05-04 16:16:27 - [MESSAGE][PASSED] - ctdc.utilities.runtestcaseforKatalon.clickTab is PASSED

2021-05-04 16:16:27 - [TEST_STEP][PASSED] - waitForElementPresent(findTestObject("Object Repository/Canine/Filter/FilterByCases_Facet"), 10): Object 'Object Repository/Canine/Filter/FilterByCases_Facet' is not present after 10 second(s)

2021-05-04 16:16:38 - [MESSAGE][INFO] - Unable to find the element located by 'By.xpath: //*[contains(text(),'Filter By Cases')]'. Please recheck the objects properties to make sure the desired element is located. 

2021-05-04 16:16:38 - [MESSAGE][WARNING] - Object 'Object Repository/Canine/Filter/FilterByCases_Facet' is not present after 10 second(s)

2021-05-04 16:16:38 - [TEST_STEP][PASSED] - ctdc.utilities.runtestcaseforKatalon.clickTab("Object Repository/Canine/Filter/FilterByCases_Facet"): ctdc.utilities.runtestcaseforKatalon.clickTab is PASSED

2021-05-04 16:16:38 - [MESSAGE][PASSED] - ctdc.utilities.runtestcaseforKatalon.clickTab is PASSED

2021-05-04 16:16:38 - [TEST_STEP][PASSED] - waitForElementPresent(findTestObject("Object Repository/Canine/Filter/Study/Canine_Filter_Study"), 10): Object 'Object Repository/Canine/Filter/Study/Canine_Filter_Study' is not present after 10 second(s)

2021-05-04 16:16:50 - [MESSAGE][INFO] - Unable to find the element located by 'By.xpath: //*[@id='Study']'. Please recheck the objects properties to make sure the desired element is located. 

2021-05-04 16:16:50 - [MESSAGE][WARNING] - Object 'Object Repository/Canine/Filter/Study/Canine_Filter_Study' is not present after 10 second(s)

2021-05-04 16:16:50 - [TEST_STEP][PASSED] - ctdc.utilities.runtestcaseforKatalon.clickTab("Object Repository/Canine/Filter/Study/Canine_Filter_Study"): ctdc.utilities.runtestcaseforKatalon.clickTab is PASSED

2021-05-04 16:16:50 - [MESSAGE][PASSED] - ctdc.utilities.runtestcaseforKatalon.clickTab is PASSED

2021-05-04 16:16:50 - [TEST_STEP][PASSED] - waitForElementPresent(findTestObject("Object Repository/Canine/Filter/Study/Canine_Filter_Study-UBC_Chkbx"), 10): Object 'Object Repository/Canine/Filter/Study/Canine_Filter_Study-UBC_Chkbx' is not present after 10 second(s)

2021-05-04 16:17:01 - [MESSAGE][INFO] - Unable to find the element located by 'By.xpath: (//*[contains(text(),'UBC')])[1]'. Please recheck the objects properties to make sure the desired element is located. 

2021-05-04 16:17:01 - [MESSAGE][WARNING] - Object 'Object Repository/Canine/Filter/Study/Canine_Filter_Study-UBC_Chkbx' is not present after 10 second(s)

2021-05-04 16:17:01 - [TEST_STEP][PASSED] - ctdc.utilities.runtestcaseforKatalon.clickTab("Object Repository/Canine/Filter/Study/Canine_Filter_Study-UBC_Chkbx"): ctdc.utilities.runtestcaseforKatalon.clickTab is PASSED

2021-05-04 16:17:02 - [MESSAGE][PASSED] - ctdc.utilities.runtestcaseforKatalon.clickTab is PASSED

2021-05-04 16:17:02 - [TEST_STEP][PASSED] - waitForElementPresent(findTestObject("Object Repository/Canine/Filter/Breed/BREED_Ddn"), 10): Object 'Object Repository/Canine/Filter/Breed/BREED_Ddn' is not present after 10 second(s)

2021-05-04 16:17:13 - [MESSAGE][INFO] - Unable to find the element located by 'By.xpath: //*[@id='Breed']'. Please recheck the objects properties to make sure the desired element is located. 

2021-05-04 16:17:13 - [MESSAGE][WARNING] - Object 'Object Repository/Canine/Filter/Breed/BREED_Ddn' is not present after 10 second(s)

2021-05-04 16:17:13 - [TEST_STEP][PASSED] - ctdc.utilities.runtestcaseforKatalon.clickTab("Object Repository/Canine/Filter/Breed/BREED_Ddn"): ctdc.utilities.runtestcaseforKatalon.clickTab is PASSED

2021-05-04 16:17:13 - [MESSAGE][PASSED] - ctdc.utilities.runtestcaseforKatalon.clickTab is PASSED

2021-05-04 16:17:13 - [TEST_STEP][PASSED] - waitForElementPresent(findTestObject("Object Repository/Canine/Filter/Breed/Mixed_Chkbx"), 10): Object 'Object Repository/Canine/Filter/Breed/Mixed_Chkbx' is not present after 10 second(s)

2021-05-04 16:17:25 - [MESSAGE][INFO] - Unable to find the element located by 'By.xpath: //*[contains(text(),'Mixed Breed')]'. Please recheck the objects properties to make sure the desired element is located. 

2021-05-04 16:17:25 - [MESSAGE][WARNING] - Object 'Object Repository/Canine/Filter/Breed/Mixed_Chkbx' is not present after 10 second(s)

2021-05-04 16:17:25 - [TEST_STEP][PASSED] - ctdc.utilities.runtestcaseforKatalon.clickTab("Object Repository/Canine/Filter/Breed/Mixed_Chkbx"): ctdc.utilities.runtestcaseforKatalon.clickTab is PASSED

2021-05-04 16:17:25 - [MESSAGE][PASSED] - ctdc.utilities.runtestcaseforKatalon.clickTab is PASSED

2021-05-04 16:17:25 - [TEST_STEP][PASSED] - waitForElementPresent(findTestObject("Object Repository/Canine/Filter/Breed/ScottTerr_Chkbx"), 10): Object 'Object Repository/Canine/Filter/Breed/ScottTerr_Chkbx' is not present after 10 second(s)

2021-05-04 16:17:37 - [MESSAGE][INFO] - Unable to find the element located by 'By.xpath: //*[contains(text(),'Scottish Terrier')]'. Please recheck the objects properties to make sure the desired element is located. 

2021-05-04 16:17:37 - [MESSAGE][WARNING] - Object 'Object Repository/Canine/Filter/Breed/ScottTerr_Chkbx' is not present after 10 second(s)

2021-05-04 16:17:37 - [TEST_STEP][PASSED] - ctdc.utilities.runtestcaseforKatalon.clickTab("Object Repository/Canine/Filter/Breed/ScottTerr_Chkbx"): ctdc.utilities.runtestcaseforKatalon.clickTab is PASSED

2021-05-04 16:17:37 - [MESSAGE][PASSED] - ctdc.utilities.runtestcaseforKatalon.clickTab is PASSED

2021-05-04 16:17:37 - [TEST_STEP][PASSED] - waitForElementPresent(findTestObject("Object Repository/Canine/Filter/Breed/ShetlandShpdog_Chkbx"), 10): Object 'Object Repository/Canine/Filter/Breed/ShetlandShpdog_Chkbx' is not present after 10 second(s)

2021-05-04 16:17:48 - [MESSAGE][INFO] - Unable to find the element located by 'By.xpath: //*[contains(text(),'Shetland Sheepdog')]'. Please recheck the objects properties to make sure the desired element is located. 

2021-05-04 16:17:48 - [MESSAGE][WARNING] - Object 'Object Repository/Canine/Filter/Breed/ShetlandShpdog_Chkbx' is not present after 10 second(s)

2021-05-04 16:17:48 - [TEST_STEP][PASSED] - ctdc.utilities.runtestcaseforKatalon.clickTab("Object Repository/Canine/Filter/Breed/ShetlandShpdog_Chkbx"): ctdc.utilities.runtestcaseforKatalon.clickTab is PASSED

2021-05-04 16:17:49 - [MESSAGE][PASSED] - ctdc.utilities.runtestcaseforKatalon.clickTab is PASSED

2021-05-04 16:17:49 - [TEST_STEP][PASSED] - ctdc.utilities.runtestcaseforKatalon.clickTab("Object Repository/Canine/Filter/Breed/BREED_Ddn"): ctdc.utilities.runtestcaseforKatalon.clickTab is PASSED

2021-05-04 16:17:50 - [MESSAGE][PASSED] - ctdc.utilities.runtestcaseforKatalon.clickTab is PASSED

2021-05-04 16:17:50 - [TEST_STEP][PASSED] - waitForElementPresent(findTestObject("Object Repository/Canine/Filter/Diagnosis/DIAGNOSIS_Ddn"), 10): Object 'Object Repository/Canine/Filter/Diagnosis/DIAGNOSIS_Ddn' is not present after 10 second(s)

2021-05-04 16:18:01 - [MESSAGE][INFO] - Unable to find the element located by 'By.xpath: (//*[@id='Diagnosis'])[1]'. Please recheck the objects properties to make sure the desired element is located. 

2021-05-04 16:18:01 - [MESSAGE][WARNING] - Object 'Object Repository/Canine/Filter/Diagnosis/DIAGNOSIS_Ddn' is not present after 10 second(s)

2021-05-04 16:18:01 - [TEST_STEP][PASSED] - ctdc.utilities.runtestcaseforKatalon.clickTab("Object Repository/Canine/Filter/Diagnosis/DIAGNOSIS_Ddn"): ctdc.utilities.runtestcaseforKatalon.clickTab is PASSED

2021-05-04 16:18:02 - [MESSAGE][PASSED] - ctdc.utilities.runtestcaseforKatalon.clickTab is PASSED

2021-05-04 16:18:02 - [TEST_STEP][PASSED] - waitForElementPresent(findTestObject("Object Repository/Canine/Filter/Diagnosis/BladderCancer_Chkbx"), 10): Object 'Object Repository/Canine/Filter/Diagnosis/BladderCancer_Chkbx' is not present after 10 second(s)

2021-05-04 16:18:13 - [MESSAGE][INFO] - Unable to find the element located by 'By.xpath: //*[contains(text(),'Bladder Cancer')]'. Please recheck the objects properties to make sure the desired element is located. 

2021-05-04 16:18:13 - [MESSAGE][WARNING] - Object 'Object Repository/Canine/Filter/Diagnosis/BladderCancer_Chkbx' is not present after 10 second(s)

2021-05-04 16:18:13 - [TEST_STEP][PASSED] - ctdc.utilities.runtestcaseforKatalon.clickTab("Object Repository/Canine/Filter/Diagnosis/BladderCancer_Chkbx"): ctdc.utilities.runtestcaseforKatalon.clickTab is PASSED

2021-05-04 16:18:13 - [MESSAGE][PASSED] - ctdc.utilities.runtestcaseforKatalon.clickTab is PASSED

2021-05-04 16:18:13 - [TEST_STEP][PASSED] - waitForElementPresent(findTestObject("Object Repository/Canine/Filter/Diagnosis/HealthyControl_Chkbx"), 10): Object 'Object Repository/Canine/Filter/Diagnosis/HealthyControl_Chkbx' is not present after 10 second(s)

2021-05-04 16:18:25 - [MESSAGE][INFO] - Unable to find the element located by 'By.xpath: //*[contains(text(),'Healthy Control')]'. Please recheck the objects properties to make sure the desired element is located. 

2021-05-04 16:18:25 - [MESSAGE][WARNING] - Object 'Object Repository/Canine/Filter/Diagnosis/HealthyControl_Chkbx' is not present after 10 second(s)

2021-05-04 16:18:25 - [TEST_STEP][PASSED] - ctdc.utilities.runtestcaseforKatalon.clickTab("Object Repository/Canine/Filter/Diagnosis/HealthyControl_Chkbx"): ctdc.utilities.runtestcaseforKatalon.clickTab is PASSED

2021-05-04 16:18:28 - [MESSAGE][PASSED] - ctdc.utilities.runtestcaseforKatalon.clickTab is PASSED

2021-05-04 16:18:28 - [TEST_STEP][PASSED] - ctdc.utilities.runtestcaseforKatalon.clickTab("Object Repository/Canine/Filter/Diagnosis/DIAGNOSIS_Ddn"): ctdc.utilities.runtestcaseforKatalon.clickTab is PASSED

2021-05-04 16:18:30 - [MESSAGE][PASSED] - ctdc.utilities.runtestcaseforKatalon.clickTab is PASSED

2021-05-04 16:18:30 - [TEST_STEP][PASSED] - waitForElementPresent(findTestObject("Object Repository/Canine/Filter/PrimDiseaseSite/PRIMARYDISEASESITE_Ddn"), 10): Object 'Object Repository/Canine/Filter/PrimDiseaseSite/PRIMARYDISEASESITE_Ddn' is not present after 10 second(s)

2021-05-04 16:18:41 - [MESSAGE][INFO] - Unable to find the element located by 'By.xpath: //*[@id='Primary Disease Site']'. Please recheck the objects properties to make sure the desired element is located. 

2021-05-04 16:18:41 - [MESSAGE][WARNING] - Object 'Object Repository/Canine/Filter/PrimDiseaseSite/PRIMARYDISEASESITE_Ddn' is not present after 10 second(s)

2021-05-04 16:18:41 - [TEST_STEP][PASSED] - ctdc.utilities.runtestcaseforKatalon.clickTab("Object Repository/Canine/Filter/PrimDiseaseSite/PRIMARYDISEASESITE_Ddn"): ctdc.utilities.runtestcaseforKatalon.clickTab is PASSED

2021-05-04 16:18:42 - [MESSAGE][PASSED] - ctdc.utilities.runtestcaseforKatalon.clickTab is PASSED

2021-05-04 16:18:42 - [TEST_STEP][PASSED] - waitForElementPresent(findTestObject("Object Repository/Canine/Filter/PrimDiseaseSite/Bladder_Chkbx"), 10): Object 'Object Repository/Canine/Filter/PrimDiseaseSite/Bladder_Chkbx' is not present after 10 second(s)

2021-05-04 16:18:54 - [MESSAGE][INFO] - Unable to find the element located by 'By.xpath: (//*[contains(text(),'Bladder')])[2]'. Please recheck the objects properties to make sure the desired element is located. 

2021-05-04 16:18:54 - [MESSAGE][WARNING] - Object 'Object Repository/Canine/Filter/PrimDiseaseSite/Bladder_Chkbx' is not present after 10 second(s)

2021-05-04 16:18:54 - [TEST_STEP][PASSED] - ctdc.utilities.runtestcaseforKatalon.clickTab("Object Repository/Canine/Filter/PrimDiseaseSite/Bladder_Chkbx"): ctdc.utilities.runtestcaseforKatalon.clickTab is PASSED

2021-05-04 16:18:56 - [MESSAGE][PASSED] - ctdc.utilities.runtestcaseforKatalon.clickTab is PASSED

2021-05-04 16:18:56 - [TEST_STEP][PASSED] - ctdc.utilities.runtestcaseforKatalon.clickTab("Object Repository/Canine/Filter/PrimDiseaseSite/PRIMARYDISEASESITE_Ddn"): ctdc.utilities.runtestcaseforKatalon.clickTab is PASSED

2021-05-04 16:18:59 - [MESSAGE][PASSED] - ctdc.utilities.runtestcaseforKatalon.clickTab is PASSED

2021-05-04 16:18:59 - [TEST_STEP][PASSED] - ctdc.utilities.runtestcaseforKatalon.readStatBarCanine("Object Repository/Canine/StatBar/Canine_StatBar-Studies", "Object Repository/Canine/StatBar/Canine_StatBar-Cases", "Object Repository/Canine/StatBar/Canine_StatBar-Samples", "Object Repository/Canine/StatBar/Canine_StatBar-Files", "Object Repository/Canine/StatBar/Canine_StatBar-Aliquots"): ctdc.utilities.runtestcaseforKatalon.readStatBarCanine is PASSED

2021-05-04 16:19:16 - [MESSAGE][PASSED] - ctdc.utilities.runtestcaseforKatalon.readStatBarCanine is PASSED

2021-05-04 16:19:16 - [TEST_STEP][PASSED] - waitForElementPresent(findTestObject("Object Repository/Canine/CanineResults_Cases_Tab"), 5): Object 'Object Repository/Canine/CanineResults_Cases_Tab' is not present after 5 second(s)

2021-05-04 16:19:23 - [MESSAGE][INFO] - Unable to find the element located by 'By.xpath: //*[@id="case_tab"]'. Please recheck the objects properties to make sure the desired element is located. 

2021-05-04 16:19:23 - [MESSAGE][WARNING] - Object 'Object Repository/Canine/CanineResults_Cases_Tab' is not present after 5 second(s)

2021-05-04 16:19:23 - [TEST_STEP][PASSED] - ctdc.utilities.runtestcaseforKatalon.clickTab("Object Repository/Canine/CanineResults_Cases_Tab"): ctdc.utilities.runtestcaseforKatalon.clickTab is PASSED

2021-05-04 16:19:24 - [MESSAGE][PASSED] - ctdc.utilities.runtestcaseforKatalon.clickTab is PASSED

2021-05-04 16:19:24 - [TEST_STEP][PASSED] - ctdc.utilities.runtestcaseforKatalon.multiFunction("ICDC", G_StatBar_Cases, "Object Repository/Canine/Canine_CasesTable", "Object Repository/Canine/Canine_TableHeader", "Object Repository/Canine/Canine_CasesTabNextBtn", G_WebTabnameCases, G_CypherTabnameCases, G_QueryCasesTab): Statbar Arms count matches

2021-05-04 16:20:14 - [MESSAGE][PASSED] - Statbar Files count matches

2021-05-04 16:20:14 - [MESSAGE][PASSED] - Statbar Samples count matches

2021-05-04 16:20:14 - [MESSAGE][PASSED] - Statbar Cases count matches

2021-05-04 16:20:14 - [MESSAGE][PASSED] - Statbar Arms count matches

2021-05-04 16:20:14 - [TEST_STEP][PASSED] - closeBrowser(): Browser is closed

2021-05-04 16:20:15 - [MESSAGE][PASSED] - Browser is closed]]></system-out>
         <system-err><![CDATA[]]></system-err>
      </testcase>
      <testcase name="Test Cases/Canine_TestCases/Study-Combinations/TC10_Canine_StudyUBC-Breed_Diagnosis_PrimDiseaseSite" time="272.071" classname="Test Cases/Canine_TestCases/Study-Combinations/TC10_Canine_StudyUBC-Breed_Diagnosis_PrimDiseaseSite" status="PASSED">
         <system-out><![CDATA[2021-05-04 16:20:15 - [TEST_CASE][PASSED] - Test Cases/Canine_TestCases/Study-Combinations/TC10_Canine_StudyUBC-Breed_Diagnosis_PrimDiseaseSite: Test Cases/Canine_TestCases/Study-Combinations/TC10_Canine_StudyUBC-Breed_Diagnosis_PrimDiseaseSite

2021-05-04 16:20:16 - [TEST_STEP][PASSED] - closeBrowser(): Browser is closed

2021-05-04 16:20:16 - [MESSAGE][PASSED] - Browser is closed

2021-05-04 16:20:16 - [TEST_STEP][PASSED] - openBrowser(""): Browser is opened with url: ''

2021-05-04 16:20:16 - [MESSAGE][INFO] - Starting 'Chrome (headless)' driver

2021-05-04 16:20:16 - [MESSAGE][INFO] - User set preference: ['args', '[--no-sandbox]']

2021-05-04 16:20:16 - [MESSAGE][INFO] - Action delay is set to 5,000 milliseconds

2021-05-04 16:20:19 - [MESSAGE][PASSED] - Browser is opened with url: ''

2021-05-04 16:20:19 - [TEST_STEP][PASSED] - maximizeWindow(): Current window maximized

2021-05-04 16:20:19 - [MESSAGE][PASSED] - Current window maximized

2021-05-04 16:20:19 - [TEST_STEP][PASSED] - "Driver opened by Katalon is used in Selenium from this step.": null

2021-05-04 16:20:19 - [TEST_STEP][PASSED] - ctdc.utilities.runtestcaseforKatalon.RunKatalon("TC10_Canine_StudyUBC-Breed_Diagnosis_PrimDiseaseSite.xlsx"): Data loaded from input file for the test case. 

2021-05-04 16:20:19 - [MESSAGE][PASSED] - Test case file loaded This is the full filepath after converting to string :C:\Users\radhakrishnang2\Desktop\Commons_Automation\InputFiles\TC10_Canine_StudyUBC-Breed_Diagnosis_PrimDiseaseSite.xlsx

2021-05-04 16:20:19 - [MESSAGE][INFO] - Global variable set for password file is :  C:\Users\radhakrishnang2\Desktop\Commons_Automation\InputFiles\TC10_Canine_StudyUBC-Breed_Diagnosis_PrimDiseaseSite.xlsx

2021-05-04 16:20:19 - [MESSAGE][PASSED] - Data loaded from input file for the test case. 

2021-05-04 16:20:39 - [TEST_STEP][PASSED] - waitForElementPresent(findTestObject("Canine/NavBar/Canine_Cases_Btn"), 10): Object 'Object Repository/Canine/NavBar/Canine_Cases_Btn' is not present after 10 second(s)

2021-05-04 16:20:50 - [MESSAGE][INFO] - Unable to find the element located by 'By.xpath: //a[contains(@href,'cases')]'. Please recheck the objects properties to make sure the desired element is located. 

2021-05-04 16:20:50 - [MESSAGE][WARNING] - Object 'Object Repository/Canine/NavBar/Canine_Cases_Btn' is not present after 10 second(s)

2021-05-04 16:20:50 - [TEST_STEP][PASSED] - ctdc.utilities.runtestcaseforKatalon.clickTab("Canine/NavBar/Canine_Cases_Btn"): ctdc.utilities.runtestcaseforKatalon.clickTab is PASSED

2021-05-04 16:20:50 - [MESSAGE][PASSED] - ctdc.utilities.runtestcaseforKatalon.clickTab is PASSED

2021-05-04 16:20:50 - [TEST_STEP][PASSED] - waitForElementPresent(findTestObject("Object Repository/Canine/Filter/FilterByCases_Facet"), 10): Object 'Object Repository/Canine/Filter/FilterByCases_Facet' is not present after 10 second(s)

2021-05-04 16:21:02 - [MESSAGE][INFO] - Unable to find the element located by 'By.xpath: //*[contains(text(),'Filter By Cases')]'. Please recheck the objects properties to make sure the desired element is located. 

2021-05-04 16:21:02 - [MESSAGE][WARNING] - Object 'Object Repository/Canine/Filter/FilterByCases_Facet' is not present after 10 second(s)

2021-05-04 16:21:02 - [TEST_STEP][PASSED] - ctdc.utilities.runtestcaseforKatalon.clickTab("Object Repository/Canine/Filter/FilterByCases_Facet"): ctdc.utilities.runtestcaseforKatalon.clickTab is PASSED

2021-05-04 16:21:02 - [MESSAGE][PASSED] - ctdc.utilities.runtestcaseforKatalon.clickTab is PASSED

2021-05-04 16:21:02 - [TEST_STEP][PASSED] - waitForElementPresent(findTestObject("Object Repository/Canine/Filter/Study/Canine_Filter_Study"), 10): Object 'Object Repository/Canine/Filter/Study/Canine_Filter_Study' is not present after 10 second(s)

2021-05-04 16:21:14 - [MESSAGE][INFO] - Unable to find the element located by 'By.xpath: //*[@id='Study']'. Please recheck the objects properties to make sure the desired element is located. 

2021-05-04 16:21:14 - [MESSAGE][WARNING] - Object 'Object Repository/Canine/Filter/Study/Canine_Filter_Study' is not present after 10 second(s)

2021-05-04 16:21:14 - [TEST_STEP][PASSED] - ctdc.utilities.runtestcaseforKatalon.clickTab("Object Repository/Canine/Filter/Study/Canine_Filter_Study"): ctdc.utilities.runtestcaseforKatalon.clickTab is PASSED

2021-05-04 16:21:14 - [MESSAGE][PASSED] - ctdc.utilities.runtestcaseforKatalon.clickTab is PASSED

2021-05-04 16:21:14 - [TEST_STEP][PASSED] - waitForElementPresent(findTestObject("Object Repository/Canine/Filter/Study/Canine_Filter_Study-UBC_Chkbx"), 10): Object 'Object Repository/Canine/Filter/Study/Canine_Filter_Study-UBC_Chkbx' is not present after 10 second(s)

2021-05-04 16:21:25 - [MESSAGE][INFO] - Unable to find the element located by 'By.xpath: (//*[contains(text(),'UBC')])[1]'. Please recheck the objects properties to make sure the desired element is located. 

2021-05-04 16:21:25 - [MESSAGE][WARNING] - Object 'Object Repository/Canine/Filter/Study/Canine_Filter_Study-UBC_Chkbx' is not present after 10 second(s)

2021-05-04 16:21:25 - [TEST_STEP][PASSED] - ctdc.utilities.runtestcaseforKatalon.clickTab("Object Repository/Canine/Filter/Study/Canine_Filter_Study-UBC_Chkbx"): ctdc.utilities.runtestcaseforKatalon.clickTab is PASSED

2021-05-04 16:21:26 - [MESSAGE][PASSED] - ctdc.utilities.runtestcaseforKatalon.clickTab is PASSED

2021-05-04 16:21:26 - [TEST_STEP][PASSED] - Thread.sleep(2000): null

2021-05-04 16:21:28 - [TEST_STEP][PASSED] - waitForElementPresent(findTestObject("Object Repository/Canine/Filter/Breed/BREED_Ddn"), 10): Object 'Object Repository/Canine/Filter/Breed/BREED_Ddn' is not present after 10 second(s)

2021-05-04 16:21:39 - [MESSAGE][INFO] - Unable to find the element located by 'By.xpath: //*[@id='Breed']'. Please recheck the objects properties to make sure the desired element is located. 

2021-05-04 16:21:39 - [MESSAGE][WARNING] - Object 'Object Repository/Canine/Filter/Breed/BREED_Ddn' is not present after 10 second(s)

2021-05-04 16:21:39 - [TEST_STEP][PASSED] - ctdc.utilities.runtestcaseforKatalon.clickTab("Object Repository/Canine/Filter/Breed/BREED_Ddn"): ctdc.utilities.runtestcaseforKatalon.clickTab is PASSED

2021-05-04 16:21:40 - [MESSAGE][PASSED] - ctdc.utilities.runtestcaseforKatalon.clickTab is PASSED

2021-05-04 16:21:40 - [TEST_STEP][PASSED] - waitForElementPresent(findTestObject("Object Repository/Canine/Filter/Breed/Mixed_Chkbx"), 10): Object 'Object Repository/Canine/Filter/Breed/Mixed_Chkbx' is not present after 10 second(s)

2021-05-04 16:21:52 - [MESSAGE][INFO] - Unable to find the element located by 'By.xpath: //*[contains(text(),'Mixed Breed')]'. Please recheck the objects properties to make sure the desired element is located. 

2021-05-04 16:21:52 - [MESSAGE][WARNING] - Object 'Object Repository/Canine/Filter/Breed/Mixed_Chkbx' is not present after 10 second(s)

2021-05-04 16:21:52 - [TEST_STEP][PASSED] - ctdc.utilities.runtestcaseforKatalon.clickTab("Object Repository/Canine/Filter/Breed/Mixed_Chkbx"): ctdc.utilities.runtestcaseforKatalon.clickTab is PASSED

2021-05-04 16:21:52 - [MESSAGE][PASSED] - ctdc.utilities.runtestcaseforKatalon.clickTab is PASSED

2021-05-04 16:21:52 - [TEST_STEP][PASSED] - waitForElementPresent(findTestObject("Object Repository/Canine/Filter/Breed/ScottTerr_Chkbx"), 10): Object 'Object Repository/Canine/Filter/Breed/ScottTerr_Chkbx' is not present after 10 second(s)

2021-05-04 16:22:04 - [MESSAGE][INFO] - Unable to find the element located by 'By.xpath: //*[contains(text(),'Scottish Terrier')]'. Please recheck the objects properties to make sure the desired element is located. 

2021-05-04 16:22:04 - [MESSAGE][WARNING] - Object 'Object Repository/Canine/Filter/Breed/ScottTerr_Chkbx' is not present after 10 second(s)

2021-05-04 16:22:04 - [TEST_STEP][PASSED] - ctdc.utilities.runtestcaseforKatalon.clickTab("Object Repository/Canine/Filter/Breed/ScottTerr_Chkbx"): ctdc.utilities.runtestcaseforKatalon.clickTab is PASSED

2021-05-04 16:22:06 - [MESSAGE][PASSED] - ctdc.utilities.runtestcaseforKatalon.clickTab is PASSED

2021-05-04 16:22:06 - [TEST_STEP][PASSED] - waitForElementPresent(findTestObject("Object Repository/Canine/Filter/Breed/ShetlandShpdog_Chkbx"), 10): Object 'Object Repository/Canine/Filter/Breed/ShetlandShpdog_Chkbx' is not present after 10 second(s)

2021-05-04 16:22:18 - [MESSAGE][INFO] - Unable to find the element located by 'By.xpath: //*[contains(text(),'Shetland Sheepdog')]'. Please recheck the objects properties to make sure the desired element is located. 

2021-05-04 16:22:18 - [MESSAGE][WARNING] - Object 'Object Repository/Canine/Filter/Breed/ShetlandShpdog_Chkbx' is not present after 10 second(s)

2021-05-04 16:22:18 - [TEST_STEP][PASSED] - ctdc.utilities.runtestcaseforKatalon.clickTab("Object Repository/Canine/Filter/Breed/ShetlandShpdog_Chkbx"): ctdc.utilities.runtestcaseforKatalon.clickTab is PASSED

2021-05-04 16:22:19 - [MESSAGE][PASSED] - ctdc.utilities.runtestcaseforKatalon.clickTab is PASSED

2021-05-04 16:22:19 - [TEST_STEP][PASSED] - ctdc.utilities.runtestcaseforKatalon.clickTab("Object Repository/Canine/Filter/Breed/BREED_Ddn"): ctdc.utilities.runtestcaseforKatalon.clickTab is PASSED

2021-05-04 16:22:19 - [MESSAGE][PASSED] - ctdc.utilities.runtestcaseforKatalon.clickTab is PASSED

2021-05-04 16:22:19 - [TEST_STEP][PASSED] - waitForElementPresent(findTestObject("Object Repository/Canine/Filter/Diagnosis/DIAGNOSIS_Ddn"), 10): Object 'Object Repository/Canine/Filter/Diagnosis/DIAGNOSIS_Ddn' is not present after 10 second(s)

2021-05-04 16:22:31 - [MESSAGE][INFO] - Unable to find the element located by 'By.xpath: (//*[@id='Diagnosis'])[1]'. Please recheck the objects properties to make sure the desired element is located. 

2021-05-04 16:22:31 - [MESSAGE][WARNING] - Object 'Object Repository/Canine/Filter/Diagnosis/DIAGNOSIS_Ddn' is not present after 10 second(s)

2021-05-04 16:22:31 - [TEST_STEP][PASSED] - ctdc.utilities.runtestcaseforKatalon.clickTab("Object Repository/Canine/Filter/Diagnosis/DIAGNOSIS_Ddn"): ctdc.utilities.runtestcaseforKatalon.clickTab is PASSED

2021-05-04 16:22:32 - [MESSAGE][PASSED] - ctdc.utilities.runtestcaseforKatalon.clickTab is PASSED

2021-05-04 16:22:32 - [TEST_STEP][PASSED] - waitForElementPresent(findTestObject("Object Repository/Canine/Filter/Diagnosis/BladderCancer_Chkbx"), 10): Object 'Object Repository/Canine/Filter/Diagnosis/BladderCancer_Chkbx' is not present after 10 second(s)

2021-05-04 16:22:44 - [MESSAGE][INFO] - Unable to find the element located by 'By.xpath: //*[contains(text(),'Bladder Cancer')]'. Please recheck the objects properties to make sure the desired element is located. 

2021-05-04 16:22:44 - [MESSAGE][WARNING] - Object 'Object Repository/Canine/Filter/Diagnosis/BladderCancer_Chkbx' is not present after 10 second(s)

2021-05-04 16:22:44 - [TEST_STEP][PASSED] - ctdc.utilities.runtestcaseforKatalon.clickTab("Object Repository/Canine/Filter/Diagnosis/BladderCancer_Chkbx"): ctdc.utilities.runtestcaseforKatalon.clickTab is PASSED

2021-05-04 16:22:45 - [MESSAGE][PASSED] - ctdc.utilities.runtestcaseforKatalon.clickTab is PASSED

2021-05-04 16:22:45 - [TEST_STEP][PASSED] - waitForElementPresent(findTestObject("Object Repository/Canine/Filter/Diagnosis/HealthyControl_Chkbx"), 10): Object 'Object Repository/Canine/Filter/Diagnosis/HealthyControl_Chkbx' is not present after 10 second(s)

2021-05-04 16:22:56 - [MESSAGE][INFO] - Unable to find the element located by 'By.xpath: //*[contains(text(),'Healthy Control')]'. Please recheck the objects properties to make sure the desired element is located. 

2021-05-04 16:22:56 - [MESSAGE][WARNING] - Object 'Object Repository/Canine/Filter/Diagnosis/HealthyControl_Chkbx' is not present after 10 second(s)

2021-05-04 16:22:56 - [TEST_STEP][PASSED] - ctdc.utilities.runtestcaseforKatalon.clickTab("Object Repository/Canine/Filter/Diagnosis/HealthyControl_Chkbx"): ctdc.utilities.runtestcaseforKatalon.clickTab is PASSED

2021-05-04 16:22:58 - [MESSAGE][PASSED] - ctdc.utilities.runtestcaseforKatalon.clickTab is PASSED

2021-05-04 16:22:58 - [TEST_STEP][PASSED] - ctdc.utilities.runtestcaseforKatalon.clickTab("Object Repository/Canine/Filter/Diagnosis/DIAGNOSIS_Ddn"): ctdc.utilities.runtestcaseforKatalon.clickTab is PASSED

2021-05-04 16:23:05 - [MESSAGE][PASSED] - ctdc.utilities.runtestcaseforKatalon.clickTab is PASSED

2021-05-04 16:23:05 - [TEST_STEP][PASSED] - waitForElementPresent(findTestObject("Object Repository/Canine/Filter/PrimDiseaseSite/PRIMARYDISEASESITE_Ddn"), 10): Object 'Object Repository/Canine/Filter/PrimDiseaseSite/PRIMARYDISEASESITE_Ddn' is not present after 10 second(s)

2021-05-04 16:23:16 - [MESSAGE][INFO] - Unable to find the element located by 'By.xpath: //*[@id='Primary Disease Site']'. Please recheck the objects properties to make sure the desired element is located. 

2021-05-04 16:23:16 - [MESSAGE][WARNING] - Object 'Object Repository/Canine/Filter/PrimDiseaseSite/PRIMARYDISEASESITE_Ddn' is not present after 10 second(s)

2021-05-04 16:23:16 - [TEST_STEP][PASSED] - ctdc.utilities.runtestcaseforKatalon.clickTab("Object Repository/Canine/Filter/PrimDiseaseSite/PRIMARYDISEASESITE_Ddn"): ctdc.utilities.runtestcaseforKatalon.clickTab is PASSED

2021-05-04 16:23:18 - [MESSAGE][PASSED] - ctdc.utilities.runtestcaseforKatalon.clickTab is PASSED

2021-05-04 16:23:18 - [TEST_STEP][PASSED] - waitForElementPresent(findTestObject("Object Repository/Canine/Filter/PrimDiseaseSite/Bladder_Chkbx"), 10): Object 'Object Repository/Canine/Filter/PrimDiseaseSite/Bladder_Chkbx' is not present after 10 second(s)

2021-05-04 16:23:29 - [MESSAGE][INFO] - Unable to find the element located by 'By.xpath: (//*[contains(text(),'Bladder')])[2]'. Please recheck the objects properties to make sure the desired element is located. 

2021-05-04 16:23:29 - [MESSAGE][WARNING] - Object 'Object Repository/Canine/Filter/PrimDiseaseSite/Bladder_Chkbx' is not present after 10 second(s)

2021-05-04 16:23:29 - [TEST_STEP][PASSED] - ctdc.utilities.runtestcaseforKatalon.clickTab("Object Repository/Canine/Filter/PrimDiseaseSite/Bladder_Chkbx"): ctdc.utilities.runtestcaseforKatalon.clickTab is PASSED

2021-05-04 16:23:29 - [MESSAGE][PASSED] - ctdc.utilities.runtestcaseforKatalon.clickTab is PASSED

2021-05-04 16:23:29 - [TEST_STEP][PASSED] - waitForElementPresent(findTestObject("Object Repository/Canine/Filter/PrimDiseaseSite/NotApplicable_Chkbx"), 10): Object 'Object Repository/Canine/Filter/PrimDiseaseSite/NotApplicable_Chkbx' is not present after 10 second(s)

2021-05-04 16:23:41 - [MESSAGE][INFO] - Unable to find the element located by 'By.xpath: (//*[contains(text(),'Not Applicable')])[1]'. Please recheck the objects properties to make sure the desired element is located. 

2021-05-04 16:23:41 - [MESSAGE][WARNING] - Object 'Object Repository/Canine/Filter/PrimDiseaseSite/NotApplicable_Chkbx' is not present after 10 second(s)

2021-05-04 16:23:41 - [TEST_STEP][PASSED] - ctdc.utilities.runtestcaseforKatalon.clickTab("Object Repository/Canine/Filter/PrimDiseaseSite/NotApplicable_Chkbx"): ctdc.utilities.runtestcaseforKatalon.clickTab is PASSED

2021-05-04 16:23:41 - [MESSAGE][PASSED] - ctdc.utilities.runtestcaseforKatalon.clickTab is PASSED

2021-05-04 16:23:41 - [TEST_STEP][PASSED] - ctdc.utilities.runtestcaseforKatalon.clickTab("Object Repository/Canine/Filter/PrimDiseaseSite/PRIMARYDISEASESITE_Ddn"): ctdc.utilities.runtestcaseforKatalon.clickTab is PASSED

2021-05-04 16:23:42 - [MESSAGE][PASSED] - ctdc.utilities.runtestcaseforKatalon.clickTab is PASSED

2021-05-04 16:23:42 - [TEST_STEP][PASSED] - ctdc.utilities.runtestcaseforKatalon.readStatBarCanine("Object Repository/Canine/StatBar/Canine_StatBar-Studies", "Object Repository/Canine/StatBar/Canine_StatBar-Cases", "Object Repository/Canine/StatBar/Canine_StatBar-Samples", "Object Repository/Canine/StatBar/Canine_StatBar-Files", "Object Repository/Canine/StatBar/Canine_StatBar-Aliquots"): ctdc.utilities.runtestcaseforKatalon.readStatBarCanine is PASSED

2021-05-04 16:23:58 - [MESSAGE][PASSED] - ctdc.utilities.runtestcaseforKatalon.readStatBarCanine is PASSED

2021-05-04 16:23:58 - [TEST_STEP][PASSED] - waitForElementPresent(findTestObject("Object Repository/Canine/CanineResults_Cases_Tab"), 5): Object 'Object Repository/Canine/CanineResults_Cases_Tab' is not present after 5 second(s)

2021-05-04 16:24:04 - [MESSAGE][INFO] - Unable to find the element located by 'By.xpath: //*[@id="case_tab"]'. Please recheck the objects properties to make sure the desired element is located. 

2021-05-04 16:24:04 - [MESSAGE][WARNING] - Object 'Object Repository/Canine/CanineResults_Cases_Tab' is not present after 5 second(s)

2021-05-04 16:24:04 - [TEST_STEP][PASSED] - ctdc.utilities.runtestcaseforKatalon.clickTab("Object Repository/Canine/CanineResults_Cases_Tab"): ctdc.utilities.runtestcaseforKatalon.clickTab is PASSED

2021-05-04 16:24:05 - [MESSAGE][PASSED] - ctdc.utilities.runtestcaseforKatalon.clickTab is PASSED

2021-05-04 16:24:05 - [TEST_STEP][PASSED] - ctdc.utilities.runtestcaseforKatalon.multiFunction("ICDC", G_StatBar_Cases, "Object Repository/Canine/Canine_CasesTable", "Object Repository/Canine/Canine_TableHeader", "Object Repository/Canine/Canine_CasesTabNextBtn", G_WebTabnameCases, G_CypherTabnameCases, G_QueryCasesTab): Statbar Arms count matches

2021-05-04 16:24:45 - [MESSAGE][PASSED] - Statbar Files count matches

2021-05-04 16:24:45 - [MESSAGE][PASSED] - Statbar Samples count matches

2021-05-04 16:24:45 - [MESSAGE][PASSED] - Statbar Cases count matches

2021-05-04 16:24:45 - [MESSAGE][PASSED] - Statbar Arms count matches

2021-05-04 16:24:45 - [TEST_STEP][PASSED] - closeBrowser(): Browser is closed

2021-05-04 16:24:47 - [MESSAGE][PASSED] - Browser is closed]]></system-out>
         <system-err><![CDATA[]]></system-err>
      </testcase>
      <testcase name="Test Cases/Canine_TestCases/Study-Combinations/TC11_Canine_StudyUBC-Breed_Diagnosis_PrimDiseaseSite_RespToTreatmt" time="530.15" classname="Test Cases/Canine_TestCases/Study-Combinations/TC11_Canine_StudyUBC-Breed_Diagnosis_PrimDiseaseSite_RespToTreatmt" status="PASSED">
         <system-out><![CDATA[2021-05-04 16:24:47 - [TEST_CASE][PASSED] - Test Cases/Canine_TestCases/Study-Combinations/TC11_Canine_StudyUBC-Breed_Diagnosis_PrimDiseaseSite_RespToTreatmt: Test Cases/Canine_TestCases/Study-Combinations/TC11_Canine_StudyUBC-Breed_Diagnosis_PrimDiseaseSite_RespToTreatmt

2021-05-04 16:24:49 - [TEST_STEP][PASSED] - closeBrowser(): Browser is closed

2021-05-04 16:24:49 - [MESSAGE][PASSED] - Browser is closed

2021-05-04 16:24:49 - [TEST_STEP][PASSED] - openBrowser(""): Browser is opened with url: ''

2021-05-04 16:24:49 - [MESSAGE][INFO] - Starting 'Chrome (headless)' driver

2021-05-04 16:24:49 - [MESSAGE][INFO] - User set preference: ['args', '[--no-sandbox]']

2021-05-04 16:24:49 - [MESSAGE][INFO] - Action delay is set to 5,000 milliseconds

2021-05-04 16:24:55 - [MESSAGE][PASSED] - Browser is opened with url: ''

2021-05-04 16:24:55 - [TEST_STEP][PASSED] - maximizeWindow(): Current window maximized

2021-05-04 16:24:55 - [MESSAGE][PASSED] - Current window maximized

2021-05-04 16:24:55 - [TEST_STEP][PASSED] - "Driver opened by Katalon is used in Selenium from this step.": null

2021-05-04 16:24:55 - [TEST_STEP][PASSED] - ctdc.utilities.runtestcaseforKatalon.RunKatalon("TC11_Canine_StudyUBC-Breed_Diagnosis_PrimDiseaseSite_RespToTreatmt.xlsx"): Data loaded from input file for the test case. 

2021-05-04 16:24:55 - [MESSAGE][PASSED] - Test case file loaded This is the full filepath after converting to string :C:\Users\radhakrishnang2\Desktop\Commons_Automation\InputFiles\TC11_Canine_StudyUBC-Breed_Diagnosis_PrimDiseaseSite_RespToTreatmt.xlsx

2021-05-04 16:24:55 - [MESSAGE][INFO] - Global variable set for password file is :  C:\Users\radhakrishnang2\Desktop\Commons_Automation\InputFiles\TC11_Canine_StudyUBC-Breed_Diagnosis_PrimDiseaseSite_RespToTreatmt.xlsx

2021-05-04 16:24:55 - [MESSAGE][PASSED] - Data loaded from input file for the test case. 

2021-05-04 16:25:13 - [TEST_STEP][PASSED] - waitForElementPresent(findTestObject("Canine/NavBar/Canine_Cases_Btn"), 10): Object 'Object Repository/Canine/NavBar/Canine_Cases_Btn' is not present after 10 second(s)

2021-05-04 16:25:24 - [MESSAGE][INFO] - Unable to find the element located by 'By.xpath: //a[contains(@href,'cases')]'. Please recheck the objects properties to make sure the desired element is located. 

2021-05-04 16:25:24 - [MESSAGE][WARNING] - Object 'Object Repository/Canine/NavBar/Canine_Cases_Btn' is not present after 10 second(s)

2021-05-04 16:25:24 - [TEST_STEP][PASSED] - ctdc.utilities.runtestcaseforKatalon.clickTab("Canine/NavBar/Canine_Cases_Btn"): ctdc.utilities.runtestcaseforKatalon.clickTab is PASSED

2021-05-04 16:25:25 - [MESSAGE][PASSED] - ctdc.utilities.runtestcaseforKatalon.clickTab is PASSED

2021-05-04 16:25:25 - [TEST_STEP][PASSED] - waitForElementPresent(findTestObject("Object Repository/Canine/Filter/FilterByCases_Facet"), 10): Object 'Object Repository/Canine/Filter/FilterByCases_Facet' is not present after 10 second(s)

2021-05-04 16:25:37 - [MESSAGE][INFO] - Unable to find the element located by 'By.xpath: //*[contains(text(),'Filter By Cases')]'. Please recheck the objects properties to make sure the desired element is located. 

2021-05-04 16:25:37 - [MESSAGE][WARNING] - Object 'Object Repository/Canine/Filter/FilterByCases_Facet' is not present after 10 second(s)

2021-05-04 16:25:37 - [TEST_STEP][PASSED] - ctdc.utilities.runtestcaseforKatalon.clickTab("Object Repository/Canine/Filter/FilterByCases_Facet"): ctdc.utilities.runtestcaseforKatalon.clickTab is PASSED

2021-05-04 16:25:39 - [MESSAGE][PASSED] - ctdc.utilities.runtestcaseforKatalon.clickTab is PASSED

2021-05-04 16:25:39 - [TEST_STEP][PASSED] - waitForElementPresent(findTestObject("Object Repository/Canine/Filter/Study/Canine_Filter_Study"), 10): Object 'Object Repository/Canine/Filter/Study/Canine_Filter_Study' is not present after 10 second(s)

2021-05-04 16:25:51 - [MESSAGE][INFO] - Unable to find the element located by 'By.xpath: //*[@id='Study']'. Please recheck the objects properties to make sure the desired element is located. 

2021-05-04 16:25:51 - [MESSAGE][WARNING] - Object 'Object Repository/Canine/Filter/Study/Canine_Filter_Study' is not present after 10 second(s)

2021-05-04 16:25:51 - [TEST_STEP][PASSED] - ctdc.utilities.runtestcaseforKatalon.clickTab("Object Repository/Canine/Filter/Study/Canine_Filter_Study"): ctdc.utilities.runtestcaseforKatalon.clickTab is PASSED

2021-05-04 16:25:52 - [MESSAGE][PASSED] - ctdc.utilities.runtestcaseforKatalon.clickTab is PASSED

2021-05-04 16:25:52 - [TEST_STEP][PASSED] - waitForElementPresent(findTestObject("Object Repository/Canine/Filter/Study/Canine_Filter_Study-UBC_Chkbx"), 10): Object 'Object Repository/Canine/Filter/Study/Canine_Filter_Study-UBC_Chkbx' is not present after 10 second(s)

2021-05-04 16:26:04 - [MESSAGE][INFO] - Unable to find the element located by 'By.xpath: (//*[contains(text(),'UBC')])[1]'. Please recheck the objects properties to make sure the desired element is located. 

2021-05-04 16:26:04 - [MESSAGE][WARNING] - Object 'Object Repository/Canine/Filter/Study/Canine_Filter_Study-UBC_Chkbx' is not present after 10 second(s)

2021-05-04 16:26:04 - [TEST_STEP][PASSED] - ctdc.utilities.runtestcaseforKatalon.clickTab("Object Repository/Canine/Filter/Study/Canine_Filter_Study-UBC_Chkbx"): ctdc.utilities.runtestcaseforKatalon.clickTab is PASSED

2021-05-04 16:26:07 - [MESSAGE][PASSED] - ctdc.utilities.runtestcaseforKatalon.clickTab is PASSED

2021-05-04 16:26:07 - [TEST_STEP][PASSED] - Thread.sleep(2000): null

2021-05-04 16:26:09 - [TEST_STEP][PASSED] - waitForElementPresent(findTestObject("Object Repository/Canine/Filter/Breed/BREED_Ddn"), 10): Object 'Object Repository/Canine/Filter/Breed/BREED_Ddn' is not present after 10 second(s)

2021-05-04 16:26:20 - [MESSAGE][INFO] - Unable to find the element located by 'By.xpath: //*[@id='Breed']'. Please recheck the objects properties to make sure the desired element is located. 

2021-05-04 16:26:20 - [MESSAGE][WARNING] - Object 'Object Repository/Canine/Filter/Breed/BREED_Ddn' is not present after 10 second(s)

2021-05-04 16:26:20 - [TEST_STEP][PASSED] - ctdc.utilities.runtestcaseforKatalon.clickTab("Object Repository/Canine/Filter/Breed/BREED_Ddn"): ctdc.utilities.runtestcaseforKatalon.clickTab is PASSED

2021-05-04 16:26:21 - [MESSAGE][PASSED] - ctdc.utilities.runtestcaseforKatalon.clickTab is PASSED

2021-05-04 16:26:21 - [TEST_STEP][PASSED] - waitForElementPresent(findTestObject("Object Repository/Canine/Filter/Breed/BelgMalin_Chkbx"), 10): Object 'Object Repository/Canine/Filter/Breed/BelgMalin_Chkbx' is not present after 10 second(s)

2021-05-04 16:26:33 - [MESSAGE][INFO] - Unable to find the element located by 'By.xpath: //*[contains(text(),'Belgian Malinois')]'. Please recheck the objects properties to make sure the desired element is located. 

2021-05-04 16:26:33 - [MESSAGE][WARNING] - Object 'Object Repository/Canine/Filter/Breed/BelgMalin_Chkbx' is not present after 10 second(s)

2021-05-04 16:26:33 - [TEST_STEP][PASSED] - ctdc.utilities.runtestcaseforKatalon.clickTab("Object Repository/Canine/Filter/Breed/BelgMalin_Chkbx"): ctdc.utilities.runtestcaseforKatalon.clickTab is PASSED

2021-05-04 16:26:34 - [MESSAGE][PASSED] - ctdc.utilities.runtestcaseforKatalon.clickTab is PASSED

2021-05-04 16:26:34 - [TEST_STEP][PASSED] - waitForElementPresent(findTestObject("Object Repository/Canine/Filter/Breed/Labrador_Chkbx"), 10): Object 'Object Repository/Canine/Filter/Breed/Labrador_Chkbx' is not present after 10 second(s)

2021-05-04 16:26:46 - [MESSAGE][INFO] - Unable to find the element located by 'By.xpath: //*[contains(text(),'Labrador Retriever')]'. Please recheck the objects properties to make sure the desired element is located. 

2021-05-04 16:26:46 - [MESSAGE][WARNING] - Object 'Object Repository/Canine/Filter/Breed/Labrador_Chkbx' is not present after 10 second(s)

2021-05-04 16:26:46 - [TEST_STEP][PASSED] - ctdc.utilities.runtestcaseforKatalon.clickTab("Object Repository/Canine/Filter/Breed/Labrador_Chkbx"): ctdc.utilities.runtestcaseforKatalon.clickTab is PASSED

2021-05-04 16:26:47 - [MESSAGE][PASSED] - ctdc.utilities.runtestcaseforKatalon.clickTab is PASSED

2021-05-04 16:26:47 - [TEST_STEP][PASSED] - waitForElementPresent(findTestObject("Object Repository/Canine/Filter/Breed/WestHland_Chkbx"), 10): Object 'Object Repository/Canine/Filter/Breed/WestHland_Chkbx' is not present after 10 second(s)

2021-05-04 16:26:59 - [MESSAGE][INFO] - Unable to find the element located by 'By.xpath: //*[contains(text(),'West Highland White Terrier')]'. Please recheck the objects properties to make sure the desired element is located. 

2021-05-04 16:26:59 - [MESSAGE][WARNING] - Object 'Object Repository/Canine/Filter/Breed/WestHland_Chkbx' is not present after 10 second(s)

2021-05-04 16:26:59 - [TEST_STEP][PASSED] - ctdc.utilities.runtestcaseforKatalon.clickTab("Object Repository/Canine/Filter/Breed/WestHland_Chkbx"): ctdc.utilities.runtestcaseforKatalon.clickTab is PASSED

2021-05-04 16:26:59 - [MESSAGE][PASSED] - ctdc.utilities.runtestcaseforKatalon.clickTab is PASSED

2021-05-04 16:26:59 - [TEST_STEP][PASSED] - ctdc.utilities.runtestcaseforKatalon.clickTab("Object Repository/Canine/Filter/Breed/BREED_Ddn"): ctdc.utilities.runtestcaseforKatalon.clickTab is PASSED

2021-05-04 16:27:05 - [MESSAGE][PASSED] - ctdc.utilities.runtestcaseforKatalon.clickTab is PASSED

2021-05-04 16:27:05 - [TEST_STEP][PASSED] - waitForElementPresent(findTestObject("Object Repository/Canine/Filter/Diagnosis/DIAGNOSIS_Ddn"), 10): Object 'Object Repository/Canine/Filter/Diagnosis/DIAGNOSIS_Ddn' is not present after 10 second(s)

2021-05-04 16:27:16 - [MESSAGE][INFO] - Unable to find the element located by 'By.xpath: (//*[@id='Diagnosis'])[1]'. Please recheck the objects properties to make sure the desired element is located. 

2021-05-04 16:27:16 - [MESSAGE][WARNING] - Object 'Object Repository/Canine/Filter/Diagnosis/DIAGNOSIS_Ddn' is not present after 10 second(s)

2021-05-04 16:27:16 - [TEST_STEP][PASSED] - ctdc.utilities.runtestcaseforKatalon.clickTab("Object Repository/Canine/Filter/Diagnosis/DIAGNOSIS_Ddn"): ctdc.utilities.runtestcaseforKatalon.clickTab is PASSED

2021-05-04 16:27:17 - [MESSAGE][PASSED] - ctdc.utilities.runtestcaseforKatalon.clickTab is PASSED

2021-05-04 16:27:17 - [TEST_STEP][PASSED] - waitForElementPresent(findTestObject("Object Repository/Canine/Filter/Diagnosis/BladderCancer_Chkbx"), 10): Object 'Object Repository/Canine/Filter/Diagnosis/BladderCancer_Chkbx' is not present after 10 second(s)

2021-05-04 16:27:28 - [MESSAGE][INFO] - Unable to find the element located by 'By.xpath: //*[contains(text(),'Bladder Cancer')]'. Please recheck the objects properties to make sure the desired element is located. 

2021-05-04 16:27:28 - [MESSAGE][WARNING] - Object 'Object Repository/Canine/Filter/Diagnosis/BladderCancer_Chkbx' is not present after 10 second(s)

2021-05-04 16:27:28 - [TEST_STEP][PASSED] - ctdc.utilities.runtestcaseforKatalon.clickTab("Object Repository/Canine/Filter/Diagnosis/BladderCancer_Chkbx"): ctdc.utilities.runtestcaseforKatalon.clickTab is PASSED

2021-05-04 16:27:29 - [MESSAGE][PASSED] - ctdc.utilities.runtestcaseforKatalon.clickTab is PASSED

2021-05-04 16:27:29 - [TEST_STEP][PASSED] - ctdc.utilities.runtestcaseforKatalon.clickTab("Object Repository/Canine/Filter/Diagnosis/DIAGNOSIS_Ddn"): ctdc.utilities.runtestcaseforKatalon.clickTab is PASSED

2021-05-04 16:27:31 - [MESSAGE][PASSED] - ctdc.utilities.runtestcaseforKatalon.clickTab is PASSED

2021-05-04 16:27:31 - [TEST_STEP][PASSED] - waitForElementPresent(findTestObject("Object Repository/Canine/Filter/PrimDiseaseSite/PRIMARYDISEASESITE_Ddn"), 10): Object 'Object Repository/Canine/Filter/PrimDiseaseSite/PRIMARYDISEASESITE_Ddn' is not present after 10 second(s)

2021-05-04 16:27:43 - [MESSAGE][INFO] - Unable to find the element located by 'By.xpath: //*[@id='Primary Disease Site']'. Please recheck the objects properties to make sure the desired element is located. 

2021-05-04 16:27:43 - [MESSAGE][WARNING] - Object 'Object Repository/Canine/Filter/PrimDiseaseSite/PRIMARYDISEASESITE_Ddn' is not present after 10 second(s)

2021-05-04 16:27:43 - [TEST_STEP][PASSED] - ctdc.utilities.runtestcaseforKatalon.clickTab("Object Repository/Canine/Filter/PrimDiseaseSite/PRIMARYDISEASESITE_Ddn"): ctdc.utilities.runtestcaseforKatalon.clickTab is PASSED

2021-05-04 16:27:43 - [MESSAGE][PASSED] - ctdc.utilities.runtestcaseforKatalon.clickTab is PASSED

2021-05-04 16:27:43 - [TEST_STEP][PASSED] - waitForElementPresent(findTestObject("Object Repository/Canine/Filter/PrimDiseaseSite/BladderProstate_Chkbx"), 10): Object 'Object Repository/Canine/Filter/PrimDiseaseSite/BladderProstate_Chkbx' is not present after 10 second(s)

2021-05-04 16:27:54 - [MESSAGE][INFO] - Unable to find the element located by 'By.xpath: //*[contains(text(),'Bladder, Prostate')]'. Please recheck the objects properties to make sure the desired element is located. 

2021-05-04 16:27:54 - [MESSAGE][WARNING] - Object 'Object Repository/Canine/Filter/PrimDiseaseSite/BladderProstate_Chkbx' is not present after 10 second(s)

2021-05-04 16:27:54 - [TEST_STEP][PASSED] - ctdc.utilities.runtestcaseforKatalon.clickTab("Object Repository/Canine/Filter/PrimDiseaseSite/BladderProstate_Chkbx"): ctdc.utilities.runtestcaseforKatalon.clickTab is PASSED

2021-05-04 16:27:55 - [MESSAGE][PASSED] - ctdc.utilities.runtestcaseforKatalon.clickTab is PASSED

2021-05-04 16:27:55 - [TEST_STEP][PASSED] - waitForElementPresent(findTestObject("Object Repository/Canine/Filter/PrimDiseaseSite/BladderUrethra_Chkbx"), 10): Object 'Object Repository/Canine/Filter/PrimDiseaseSite/BladderUrethra_Chkbx' is not present after 10 second(s)

2021-05-04 16:28:06 - [MESSAGE][INFO] - Unable to find the element located by 'By.xpath: (//*[contains(text(),'Bladder, Urethra')])[1]'. Please recheck the objects properties to make sure the desired element is located. 

2021-05-04 16:28:06 - [MESSAGE][WARNING] - Object 'Object Repository/Canine/Filter/PrimDiseaseSite/BladderUrethra_Chkbx' is not present after 10 second(s)

2021-05-04 16:28:06 - [TEST_STEP][PASSED] - ctdc.utilities.runtestcaseforKatalon.clickTab("Object Repository/Canine/Filter/PrimDiseaseSite/BladderUrethra_Chkbx"): ctdc.utilities.runtestcaseforKatalon.clickTab is PASSED

2021-05-04 16:28:07 - [MESSAGE][PASSED] - ctdc.utilities.runtestcaseforKatalon.clickTab is PASSED

2021-05-04 16:28:07 - [TEST_STEP][PASSED] - waitForElementPresent(findTestObject("Object Repository/Canine/Filter/PrimDiseaseSite/BladderUrethraProstate_Chkbx"), 10): Object 'Object Repository/Canine/Filter/PrimDiseaseSite/BladderUrethraProstate_Chkbx' is not present after 10 second(s)

2021-05-04 16:28:18 - [MESSAGE][INFO] - Unable to find the element located by 'By.xpath: //*[contains(text(),'Bladder, Urethra, Prostate')]'. Please recheck the objects properties to make sure the desired element is located. 

2021-05-04 16:28:18 - [MESSAGE][WARNING] - Object 'Object Repository/Canine/Filter/PrimDiseaseSite/BladderUrethraProstate_Chkbx' is not present after 10 second(s)

2021-05-04 16:28:18 - [TEST_STEP][PASSED] - ctdc.utilities.runtestcaseforKatalon.clickTab("Object Repository/Canine/Filter/PrimDiseaseSite/BladderUrethraProstate_Chkbx"): ctdc.utilities.runtestcaseforKatalon.clickTab is PASSED

2021-05-04 16:28:18 - [MESSAGE][PASSED] - ctdc.utilities.runtestcaseforKatalon.clickTab is PASSED

2021-05-04 16:28:18 - [TEST_STEP][PASSED] - waitForElementPresent(findTestObject("Object Repository/Canine/Filter/PrimDiseaseSite/UrethraProstate_Chkbx"), 15): Object 'Object Repository/Canine/Filter/PrimDiseaseSite/UrethraProstate_Chkbx' is not present after 15 second(s)

2021-05-04 16:28:35 - [MESSAGE][INFO] - Unable to find the element located by 'By.xpath: (//*[contains(text(),'Urethra, Prostate')])[2]'. Please recheck the objects properties to make sure the desired element is located. 

2021-05-04 16:28:35 - [MESSAGE][WARNING] - Object 'Object Repository/Canine/Filter/PrimDiseaseSite/UrethraProstate_Chkbx' is not present after 15 second(s)

2021-05-04 16:28:35 - [TEST_STEP][PASSED] - ctdc.utilities.runtestcaseforKatalon.clickTab("Object Repository/Canine/Filter/PrimDiseaseSite/UrethraProstate_Chkbx"): ctdc.utilities.runtestcaseforKatalon.clickTab is PASSED

2021-05-04 16:28:35 - [MESSAGE][PASSED] - ctdc.utilities.runtestcaseforKatalon.clickTab is PASSED

2021-05-04 16:28:35 - [TEST_STEP][PASSED] - ctdc.utilities.runtestcaseforKatalon.clickTab("Object Repository/Canine/Filter/PrimDiseaseSite/PRIMARYDISEASESITE_Ddn"): ctdc.utilities.runtestcaseforKatalon.clickTab is PASSED

2021-05-04 16:28:37 - [MESSAGE][PASSED] - ctdc.utilities.runtestcaseforKatalon.clickTab is PASSED

2021-05-04 16:28:37 - [TEST_STEP][PASSED] - waitForElementPresent(findTestObject("Object Repository/Canine/Filter/ResponseToTreatment/RESPONSETOTREATMENT_Ddn"), 10): Object 'Object Repository/Canine/Filter/ResponseToTreatment/RESPONSETOTREATMENT_Ddn' is not present after 10 second(s)

2021-05-04 16:28:49 - [MESSAGE][INFO] - Unable to find the element located by 'By.xpath: (//div[@id='Response to Treatment'])[1]'. Please recheck the objects properties to make sure the desired element is located. 

2021-05-04 16:28:49 - [MESSAGE][WARNING] - Object 'Object Repository/Canine/Filter/ResponseToTreatment/RESPONSETOTREATMENT_Ddn' is not present after 10 second(s)

2021-05-04 16:28:49 - [TEST_STEP][PASSED] - ctdc.utilities.runtestcaseforKatalon.clickTab("Object Repository/Canine/Filter/ResponseToTreatment/RESPONSETOTREATMENT_Ddn"): ctdc.utilities.runtestcaseforKatalon.clickTab is PASSED

2021-05-04 16:28:49 - [MESSAGE][PASSED] - ctdc.utilities.runtestcaseforKatalon.clickTab is PASSED

2021-05-04 16:28:49 - [TEST_STEP][PASSED] - waitForElementPresent(findTestObject("Object Repository/Canine/Filter/ResponseToTreatment/NotDetermined_Chkbx"), 10): Object 'Object Repository/Canine/Filter/ResponseToTreatment/NotDetermined_Chkbx' is not present after 10 second(s)

2021-05-04 16:29:00 - [MESSAGE][INFO] - Unable to find the element located by 'By.xpath: //*[contains(text(),'Not Determined')]'. Please recheck the objects properties to make sure the desired element is located. 

2021-05-04 16:29:00 - [MESSAGE][WARNING] - Object 'Object Repository/Canine/Filter/ResponseToTreatment/NotDetermined_Chkbx' is not present after 10 second(s)

2021-05-04 16:29:00 - [TEST_STEP][PASSED] - ctdc.utilities.runtestcaseforKatalon.clickTab("Object Repository/Canine/Filter/ResponseToTreatment/NotDetermined_Chkbx"): ctdc.utilities.runtestcaseforKatalon.clickTab is PASSED

2021-05-04 16:29:01 - [MESSAGE][PASSED] - ctdc.utilities.runtestcaseforKatalon.clickTab is PASSED

2021-05-04 16:29:01 - [TEST_STEP][PASSED] - waitForElementPresent(findTestObject("Object Repository/Canine/Filter/ResponseToTreatment/PartialResponse_Chkbx"), 10): Object 'Object Repository/Canine/Filter/ResponseToTreatment/PartialResponse_Chkbx' is not present after 10 second(s)

2021-05-04 16:29:13 - [MESSAGE][INFO] - Unable to find the element located by 'By.xpath: //*[contains(text(),'Partial Response')]'. Please recheck the objects properties to make sure the desired element is located. 

2021-05-04 16:29:13 - [MESSAGE][WARNING] - Object 'Object Repository/Canine/Filter/ResponseToTreatment/PartialResponse_Chkbx' is not present after 10 second(s)

2021-05-04 16:29:13 - [TEST_STEP][PASSED] - ctdc.utilities.runtestcaseforKatalon.clickTab("Object Repository/Canine/Filter/ResponseToTreatment/PartialResponse_Chkbx"): ctdc.utilities.runtestcaseforKatalon.clickTab is PASSED

2021-05-04 16:29:13 - [MESSAGE][PASSED] - ctdc.utilities.runtestcaseforKatalon.clickTab is PASSED

2021-05-04 16:29:13 - [TEST_STEP][PASSED] - waitForElementPresent(findTestObject("Object Repository/Canine/Filter/ResponseToTreatment/ProgrDisease_Chkbx"), 10): Object 'Object Repository/Canine/Filter/ResponseToTreatment/ProgrDisease_Chkbx' is not present after 10 second(s)

2021-05-04 16:29:24 - [MESSAGE][INFO] - Unable to find the element located by 'By.xpath: //*[contains(text(),'Progressive Disease')]'. Please recheck the objects properties to make sure the desired element is located. 

2021-05-04 16:29:24 - [MESSAGE][WARNING] - Object 'Object Repository/Canine/Filter/ResponseToTreatment/ProgrDisease_Chkbx' is not present after 10 second(s)

2021-05-04 16:29:24 - [TEST_STEP][PASSED] - ctdc.utilities.runtestcaseforKatalon.clickTab("Object Repository/Canine/Filter/ResponseToTreatment/ProgrDisease_Chkbx"): ctdc.utilities.runtestcaseforKatalon.clickTab is PASSED

2021-05-04 16:29:25 - [MESSAGE][PASSED] - ctdc.utilities.runtestcaseforKatalon.clickTab is PASSED

2021-05-04 16:29:25 - [TEST_STEP][PASSED] - waitForElementPresent(findTestObject("Object Repository/Canine/Filter/ResponseToTreatment/StableDisease_Chkbx"), 10): Object 'Object Repository/Canine/Filter/ResponseToTreatment/StableDisease_Chkbx' is not present after 10 second(s)

2021-05-04 16:29:36 - [MESSAGE][INFO] - Unable to find the element located by 'By.xpath: //*[contains(text(),'Stable Disease')]'. Please recheck the objects properties to make sure the desired element is located. 

2021-05-04 16:29:36 - [MESSAGE][WARNING] - Object 'Object Repository/Canine/Filter/ResponseToTreatment/StableDisease_Chkbx' is not present after 10 second(s)

2021-05-04 16:29:36 - [TEST_STEP][PASSED] - ctdc.utilities.runtestcaseforKatalon.clickTab("Object Repository/Canine/Filter/ResponseToTreatment/StableDisease_Chkbx"): ctdc.utilities.runtestcaseforKatalon.clickTab is PASSED

2021-05-04 16:29:37 - [MESSAGE][PASSED] - ctdc.utilities.runtestcaseforKatalon.clickTab is PASSED

2021-05-04 16:29:37 - [TEST_STEP][PASSED] - ctdc.utilities.runtestcaseforKatalon.clickTab("Object Repository/Canine/Filter/ResponseToTreatment/RESPONSETOTREATMENT_Ddn"): ctdc.utilities.runtestcaseforKatalon.clickTab is PASSED

2021-05-04 16:29:39 - [MESSAGE][PASSED] - ctdc.utilities.runtestcaseforKatalon.clickTab is PASSED

2021-05-04 16:29:39 - [TEST_STEP][PASSED] - ctdc.utilities.runtestcaseforKatalon.readStatBarCanine("Object Repository/Canine/StatBar/Canine_StatBar-Studies", "Object Repository/Canine/StatBar/Canine_StatBar-Cases", "Object Repository/Canine/StatBar/Canine_StatBar-Samples", "Object Repository/Canine/StatBar/Canine_StatBar-Files", "Object Repository/Canine/StatBar/Canine_StatBar-Aliquots"): ctdc.utilities.runtestcaseforKatalon.readStatBarCanine is PASSED

2021-05-04 16:29:56 - [MESSAGE][PASSED] - ctdc.utilities.runtestcaseforKatalon.readStatBarCanine is PASSED

2021-05-04 16:29:56 - [TEST_STEP][PASSED] - waitForElementPresent(findTestObject("Object Repository/Canine/CanineResults_Cases_Tab"), 5): Object 'Object Repository/Canine/CanineResults_Cases_Tab' is not present after 5 second(s)

2021-05-04 16:30:02 - [MESSAGE][INFO] - Unable to find the element located by 'By.xpath: //*[@id="case_tab"]'. Please recheck the objects properties to make sure the desired element is located. 

2021-05-04 16:30:02 - [MESSAGE][WARNING] - Object 'Object Repository/Canine/CanineResults_Cases_Tab' is not present after 5 second(s)

2021-05-04 16:30:02 - [TEST_STEP][PASSED] - ctdc.utilities.runtestcaseforKatalon.clickTab("Object Repository/Canine/CanineResults_Cases_Tab"): ctdc.utilities.runtestcaseforKatalon.clickTab is PASSED

2021-05-04 16:30:03 - [MESSAGE][PASSED] - ctdc.utilities.runtestcaseforKatalon.clickTab is PASSED

2021-05-04 16:30:03 - [TEST_STEP][PASSED] - ctdc.utilities.runtestcaseforKatalon.multiFunction("ICDC", G_StatBar_Cases, "Object Repository/Canine/Canine_CasesTable", "Object Repository/Canine/Canine_TableHeader", "Object Repository/Canine/Canine_CasesTabNextBtn", G_WebTabnameCases, G_CypherTabnameCases, G_QueryCasesTab): Statbar Arms count matches

2021-05-04 16:30:33 - [MESSAGE][PASSED] - Statbar Files count matches

2021-05-04 16:30:33 - [MESSAGE][PASSED] - Statbar Samples count matches

2021-05-04 16:30:33 - [MESSAGE][PASSED] - Statbar Cases count matches

2021-05-04 16:30:33 - [MESSAGE][PASSED] - Statbar Arms count matches

2021-05-04 16:30:33 - [TEST_STEP][PASSED] - waitForElementPresent(findTestObject("Object Repository/Canine/CanineResults_Samples_Tab"), 5): Object 'Object Repository/Canine/CanineResults_Samples_Tab' is not present after 5 second(s)

2021-05-04 16:30:39 - [MESSAGE][INFO] - Unable to find the element located by 'By.xpath: //*[@id="sample_tab"]'. Please recheck the objects properties to make sure the desired element is located. 

2021-05-04 16:30:39 - [MESSAGE][WARNING] - Object 'Object Repository/Canine/CanineResults_Samples_Tab' is not present after 5 second(s)

2021-05-04 16:30:39 - [TEST_STEP][PASSED] - ctdc.utilities.runtestcaseforKatalon.clickTab("Object Repository/Canine/CanineResults_Samples_Tab"): ctdc.utilities.runtestcaseforKatalon.clickTab is PASSED

2021-05-04 16:30:40 - [MESSAGE][PASSED] - ctdc.utilities.runtestcaseforKatalon.clickTab is PASSED

2021-05-04 16:30:40 - [TEST_STEP][PASSED] - ctdc.utilities.runtestcaseforKatalon.multiFunction("ICDC", G_StatBar_Samples, "Object Repository/Canine/Canine_Samples_Table", "Object Repository/Canine/Canine_Samples_TableHdr", "Object Repository/Canine/Canine_SamplesTabNextBtn", G_WebTabnameSamples, G_CypherTabnameSamples, G_QuerySamplesTab): Statbar Arms count matches

2021-05-04 16:31:41 - [MESSAGE][PASSED] - Statbar Files count matches

2021-05-04 16:31:41 - [MESSAGE][PASSED] - Statbar Samples count matches

2021-05-04 16:31:41 - [MESSAGE][PASSED] - Statbar Cases count matches

2021-05-04 16:31:41 - [MESSAGE][PASSED] - Statbar Arms count matches

2021-05-04 16:31:41 - [TEST_STEP][PASSED] - waitForElementPresent(findTestObject("Object Repository/Canine/CanineResults_Files_Tab"), 5): Object 'Object Repository/Canine/CanineResults_Files_Tab' is not present after 5 second(s)

2021-05-04 16:31:47 - [MESSAGE][INFO] - Unable to find the element located by 'By.xpath: //*[@id="file_tab"]'. Please recheck the objects properties to make sure the desired element is located. 

2021-05-04 16:31:47 - [MESSAGE][WARNING] - Object 'Object Repository/Canine/CanineResults_Files_Tab' is not present after 5 second(s)

2021-05-04 16:31:47 - [TEST_STEP][PASSED] - ctdc.utilities.runtestcaseforKatalon.clickTab("Object Repository/Canine/CanineResults_Files_Tab"): ctdc.utilities.runtestcaseforKatalon.clickTab is PASSED

2021-05-04 16:31:48 - [MESSAGE][PASSED] - ctdc.utilities.runtestcaseforKatalon.clickTab is PASSED

2021-05-04 16:31:48 - [TEST_STEP][PASSED] - ctdc.utilities.runtestcaseforKatalon.multiFunction("ICDC", G_StatBar_Files, "Object Repository/Canine/Canine_Files_Table", "Object Repository/Canine/Canine_Files_TableHdr", "Object Repository/Canine/Canine_FilesTabNextBtn", G_WebTabnameFiles, G_CypherTabnameFiles, G_QueryFilesTab): Statbar Arms count matches

2021-05-04 16:33:36 - [MESSAGE][PASSED] - Statbar Files count matches

2021-05-04 16:33:36 - [MESSAGE][PASSED] - Statbar Samples count matches

2021-05-04 16:33:36 - [MESSAGE][PASSED] - Statbar Cases count matches

2021-05-04 16:33:36 - [MESSAGE][PASSED] - Statbar Arms count matches

2021-05-04 16:33:36 - [TEST_STEP][PASSED] - closeBrowser(): Browser is closed

2021-05-04 16:33:37 - [MESSAGE][PASSED] - Browser is closed]]></system-out>
         <system-err><![CDATA[]]></system-err>
      </testcase>
      <testcase name="Test Cases/Canine_TestCases/Study-Combinations/TC12_Canine_StudyUBC-Breed_Diagnosis_PrimDiseaseSite_RespToTreatmt" time="299.372" classname="Test Cases/Canine_TestCases/Study-Combinations/TC12_Canine_StudyUBC-Breed_Diagnosis_PrimDiseaseSite_RespToTreatmt" status="PASSED">
         <system-out><![CDATA[2021-05-04 16:33:37 - [TEST_CASE][PASSED] - Test Cases/Canine_TestCases/Study-Combinations/TC12_Canine_StudyUBC-Breed_Diagnosis_PrimDiseaseSite_RespToTreatmt: Test Cases/Canine_TestCases/Study-Combinations/TC12_Canine_StudyUBC-Breed_Diagnosis_PrimDiseaseSite_RespToTreatmt

2021-05-04 16:33:39 - [TEST_STEP][PASSED] - closeBrowser(): Browser is closed

2021-05-04 16:33:39 - [MESSAGE][PASSED] - Browser is closed

2021-05-04 16:33:39 - [TEST_STEP][PASSED] - openBrowser(""): Browser is opened with url: ''

2021-05-04 16:33:39 - [MESSAGE][INFO] - Starting 'Chrome (headless)' driver

2021-05-04 16:33:39 - [MESSAGE][INFO] - User set preference: ['args', '[--no-sandbox]']

2021-05-04 16:33:39 - [MESSAGE][INFO] - Action delay is set to 5,000 milliseconds

2021-05-04 16:33:41 - [MESSAGE][PASSED] - Browser is opened with url: ''

2021-05-04 16:33:41 - [TEST_STEP][PASSED] - maximizeWindow(): Current window maximized

2021-05-04 16:33:42 - [MESSAGE][PASSED] - Current window maximized

2021-05-04 16:33:42 - [TEST_STEP][PASSED] - "Driver opened by Katalon is used in Selenium from this step.": null

2021-05-04 16:33:42 - [TEST_STEP][PASSED] - ctdc.utilities.runtestcaseforKatalon.RunKatalon("TC12_Canine_StudyUBC-Breed_Diagnosis_PrimDiseaseSite_RespToTreatmt.xlsx"): Data loaded from input file for the test case. 

2021-05-04 16:33:42 - [MESSAGE][PASSED] - Test case file loaded This is the full filepath after converting to string :C:\Users\radhakrishnang2\Desktop\Commons_Automation\InputFiles\TC12_Canine_StudyUBC-Breed_Diagnosis_PrimDiseaseSite_RespToTreatmt.xlsx

2021-05-04 16:33:42 - [MESSAGE][INFO] - Global variable set for password file is :  C:\Users\radhakrishnang2\Desktop\Commons_Automation\InputFiles\TC12_Canine_StudyUBC-Breed_Diagnosis_PrimDiseaseSite_RespToTreatmt.xlsx

2021-05-04 16:33:42 - [MESSAGE][PASSED] - Data loaded from input file for the test case. 

2021-05-04 16:33:55 - [TEST_STEP][PASSED] - waitForElementPresent(findTestObject("Canine/NavBar/Canine_Cases_Btn"), 10): Object 'Object Repository/Canine/NavBar/Canine_Cases_Btn' is not present after 10 second(s)

2021-05-04 16:34:06 - [MESSAGE][INFO] - Unable to find the element located by 'By.xpath: //a[contains(@href,'cases')]'. Please recheck the objects properties to make sure the desired element is located. 

2021-05-04 16:34:06 - [MESSAGE][WARNING] - Object 'Object Repository/Canine/NavBar/Canine_Cases_Btn' is not present after 10 second(s)

2021-05-04 16:34:06 - [TEST_STEP][PASSED] - ctdc.utilities.runtestcaseforKatalon.clickTab("Canine/NavBar/Canine_Cases_Btn"): ctdc.utilities.runtestcaseforKatalon.clickTab is PASSED

2021-05-04 16:34:06 - [MESSAGE][PASSED] - ctdc.utilities.runtestcaseforKatalon.clickTab is PASSED

2021-05-04 16:34:06 - [TEST_STEP][PASSED] - waitForElementPresent(findTestObject("Object Repository/Canine/Filter/FilterByCases_Facet"), 10): Object 'Object Repository/Canine/Filter/FilterByCases_Facet' is not present after 10 second(s)

2021-05-04 16:34:18 - [MESSAGE][INFO] - Unable to find the element located by 'By.xpath: //*[contains(text(),'Filter By Cases')]'. Please recheck the objects properties to make sure the desired element is located. 

2021-05-04 16:34:18 - [MESSAGE][WARNING] - Object 'Object Repository/Canine/Filter/FilterByCases_Facet' is not present after 10 second(s)

2021-05-04 16:34:18 - [TEST_STEP][PASSED] - ctdc.utilities.runtestcaseforKatalon.clickTab("Object Repository/Canine/Filter/FilterByCases_Facet"): ctdc.utilities.runtestcaseforKatalon.clickTab is PASSED

2021-05-04 16:34:18 - [MESSAGE][PASSED] - ctdc.utilities.runtestcaseforKatalon.clickTab is PASSED

2021-05-04 16:34:18 - [TEST_STEP][PASSED] - waitForElementPresent(findTestObject("Object Repository/Canine/Filter/Study/Canine_Filter_Study"), 10): Object 'Object Repository/Canine/Filter/Study/Canine_Filter_Study' is not present after 10 second(s)

2021-05-04 16:34:30 - [MESSAGE][INFO] - Unable to find the element located by 'By.xpath: //*[@id='Study']'. Please recheck the objects properties to make sure the desired element is located. 

2021-05-04 16:34:30 - [MESSAGE][WARNING] - Object 'Object Repository/Canine/Filter/Study/Canine_Filter_Study' is not present after 10 second(s)

2021-05-04 16:34:30 - [TEST_STEP][PASSED] - ctdc.utilities.runtestcaseforKatalon.clickTab("Object Repository/Canine/Filter/Study/Canine_Filter_Study"): ctdc.utilities.runtestcaseforKatalon.clickTab is PASSED

2021-05-04 16:34:30 - [MESSAGE][PASSED] - ctdc.utilities.runtestcaseforKatalon.clickTab is PASSED

2021-05-04 16:34:30 - [TEST_STEP][PASSED] - waitForElementPresent(findTestObject("Object Repository/Canine/Filter/Study/Canine_Filter_Study-UBC_Chkbx"), 10): Object 'Object Repository/Canine/Filter/Study/Canine_Filter_Study-UBC_Chkbx' is not present after 10 second(s)

2021-05-04 16:34:41 - [MESSAGE][INFO] - Unable to find the element located by 'By.xpath: (//*[contains(text(),'UBC')])[1]'. Please recheck the objects properties to make sure the desired element is located. 

2021-05-04 16:34:41 - [MESSAGE][WARNING] - Object 'Object Repository/Canine/Filter/Study/Canine_Filter_Study-UBC_Chkbx' is not present after 10 second(s)

2021-05-04 16:34:41 - [TEST_STEP][PASSED] - ctdc.utilities.runtestcaseforKatalon.clickTab("Object Repository/Canine/Filter/Study/Canine_Filter_Study-UBC_Chkbx"): ctdc.utilities.runtestcaseforKatalon.clickTab is PASSED

2021-05-04 16:34:42 - [MESSAGE][PASSED] - ctdc.utilities.runtestcaseforKatalon.clickTab is PASSED

2021-05-04 16:34:42 - [TEST_STEP][PASSED] - Thread.sleep(2000): null

2021-05-04 16:34:44 - [TEST_STEP][PASSED] - waitForElementPresent(findTestObject("Object Repository/Canine/Filter/Breed/BREED_Ddn"), 10): Object 'Object Repository/Canine/Filter/Breed/BREED_Ddn' is not present after 10 second(s)

2021-05-04 16:34:55 - [MESSAGE][INFO] - Unable to find the element located by 'By.xpath: //*[@id='Breed']'. Please recheck the objects properties to make sure the desired element is located. 

2021-05-04 16:34:55 - [MESSAGE][WARNING] - Object 'Object Repository/Canine/Filter/Breed/BREED_Ddn' is not present after 10 second(s)

2021-05-04 16:34:55 - [TEST_STEP][PASSED] - ctdc.utilities.runtestcaseforKatalon.clickTab("Object Repository/Canine/Filter/Breed/BREED_Ddn"): ctdc.utilities.runtestcaseforKatalon.clickTab is PASSED

2021-05-04 16:34:56 - [MESSAGE][PASSED] - ctdc.utilities.runtestcaseforKatalon.clickTab is PASSED

2021-05-04 16:34:56 - [TEST_STEP][PASSED] - waitForElementPresent(findTestObject("Object Repository/Canine/Filter/Breed/BelgMalin_Chkbx"), 10): Object 'Object Repository/Canine/Filter/Breed/BelgMalin_Chkbx' is not present after 10 second(s)

2021-05-04 16:35:07 - [MESSAGE][INFO] - Unable to find the element located by 'By.xpath: //*[contains(text(),'Belgian Malinois')]'. Please recheck the objects properties to make sure the desired element is located. 

2021-05-04 16:35:07 - [MESSAGE][WARNING] - Object 'Object Repository/Canine/Filter/Breed/BelgMalin_Chkbx' is not present after 10 second(s)

2021-05-04 16:35:07 - [TEST_STEP][PASSED] - ctdc.utilities.runtestcaseforKatalon.clickTab("Object Repository/Canine/Filter/Breed/BelgMalin_Chkbx"): ctdc.utilities.runtestcaseforKatalon.clickTab is PASSED

2021-05-04 16:35:08 - [MESSAGE][PASSED] - ctdc.utilities.runtestcaseforKatalon.clickTab is PASSED

2021-05-04 16:35:08 - [TEST_STEP][PASSED] - waitForElementPresent(findTestObject("Object Repository/Canine/Filter/Breed/Labrador_Chkbx"), 10): Object 'Object Repository/Canine/Filter/Breed/Labrador_Chkbx' is not present after 10 second(s)

2021-05-04 16:35:19 - [MESSAGE][INFO] - Unable to find the element located by 'By.xpath: //*[contains(text(),'Labrador Retriever')]'. Please recheck the objects properties to make sure the desired element is located. 

2021-05-04 16:35:19 - [MESSAGE][WARNING] - Object 'Object Repository/Canine/Filter/Breed/Labrador_Chkbx' is not present after 10 second(s)

2021-05-04 16:35:19 - [TEST_STEP][PASSED] - ctdc.utilities.runtestcaseforKatalon.clickTab("Object Repository/Canine/Filter/Breed/Labrador_Chkbx"): ctdc.utilities.runtestcaseforKatalon.clickTab is PASSED

2021-05-04 16:35:19 - [MESSAGE][PASSED] - ctdc.utilities.runtestcaseforKatalon.clickTab is PASSED

2021-05-04 16:35:19 - [TEST_STEP][PASSED] - waitForElementPresent(findTestObject("Object Repository/Canine/Filter/Breed/WestHland_Chkbx"), 10): Object 'Object Repository/Canine/Filter/Breed/WestHland_Chkbx' is not present after 10 second(s)

2021-05-04 16:35:30 - [MESSAGE][INFO] - Unable to find the element located by 'By.xpath: //*[contains(text(),'West Highland White Terrier')]'. Please recheck the objects properties to make sure the desired element is located. 

2021-05-04 16:35:30 - [MESSAGE][WARNING] - Object 'Object Repository/Canine/Filter/Breed/WestHland_Chkbx' is not present after 10 second(s)

2021-05-04 16:35:30 - [TEST_STEP][PASSED] - ctdc.utilities.runtestcaseforKatalon.clickTab("Object Repository/Canine/Filter/Breed/WestHland_Chkbx"): ctdc.utilities.runtestcaseforKatalon.clickTab is PASSED

2021-05-04 16:35:31 - [MESSAGE][PASSED] - ctdc.utilities.runtestcaseforKatalon.clickTab is PASSED

2021-05-04 16:35:31 - [TEST_STEP][PASSED] - ctdc.utilities.runtestcaseforKatalon.clickTab("Object Repository/Canine/Filter/Breed/BREED_Ddn"): ctdc.utilities.runtestcaseforKatalon.clickTab is PASSED

2021-05-04 16:35:33 - [MESSAGE][PASSED] - ctdc.utilities.runtestcaseforKatalon.clickTab is PASSED

2021-05-04 16:35:33 - [TEST_STEP][PASSED] - waitForElementPresent(findTestObject("Object Repository/Canine/Filter/Diagnosis/DIAGNOSIS_Ddn"), 10): Object 'Object Repository/Canine/Filter/Diagnosis/DIAGNOSIS_Ddn' is not present after 10 second(s)

2021-05-04 16:35:44 - [MESSAGE][INFO] - Unable to find the element located by 'By.xpath: (//*[@id='Diagnosis'])[1]'. Please recheck the objects properties to make sure the desired element is located. 

2021-05-04 16:35:44 - [MESSAGE][WARNING] - Object 'Object Repository/Canine/Filter/Diagnosis/DIAGNOSIS_Ddn' is not present after 10 second(s)

2021-05-04 16:35:44 - [TEST_STEP][PASSED] - ctdc.utilities.runtestcaseforKatalon.clickTab("Object Repository/Canine/Filter/Diagnosis/DIAGNOSIS_Ddn"): ctdc.utilities.runtestcaseforKatalon.clickTab is PASSED

2021-05-04 16:35:45 - [MESSAGE][PASSED] - ctdc.utilities.runtestcaseforKatalon.clickTab is PASSED

2021-05-04 16:35:45 - [TEST_STEP][PASSED] - waitForElementPresent(findTestObject("Object Repository/Canine/Filter/Diagnosis/BladderCancer_Chkbx"), 10): Object 'Object Repository/Canine/Filter/Diagnosis/BladderCancer_Chkbx' is not present after 10 second(s)

2021-05-04 16:35:56 - [MESSAGE][INFO] - Unable to find the element located by 'By.xpath: //*[contains(text(),'Bladder Cancer')]'. Please recheck the objects properties to make sure the desired element is located. 

2021-05-04 16:35:56 - [MESSAGE][WARNING] - Object 'Object Repository/Canine/Filter/Diagnosis/BladderCancer_Chkbx' is not present after 10 second(s)

2021-05-04 16:35:56 - [TEST_STEP][PASSED] - ctdc.utilities.runtestcaseforKatalon.clickTab("Object Repository/Canine/Filter/Diagnosis/BladderCancer_Chkbx"): ctdc.utilities.runtestcaseforKatalon.clickTab is PASSED

2021-05-04 16:35:56 - [MESSAGE][PASSED] - ctdc.utilities.runtestcaseforKatalon.clickTab is PASSED

2021-05-04 16:35:56 - [TEST_STEP][PASSED] - ctdc.utilities.runtestcaseforKatalon.clickTab("Object Repository/Canine/Filter/Diagnosis/DIAGNOSIS_Ddn"): ctdc.utilities.runtestcaseforKatalon.clickTab is PASSED

2021-05-04 16:35:58 - [MESSAGE][PASSED] - ctdc.utilities.runtestcaseforKatalon.clickTab is PASSED

2021-05-04 16:35:58 - [TEST_STEP][PASSED] - waitForElementPresent(findTestObject("Object Repository/Canine/Filter/PrimDiseaseSite/PRIMARYDISEASESITE_Ddn"), 10): Object 'Object Repository/Canine/Filter/PrimDiseaseSite/PRIMARYDISEASESITE_Ddn' is not present after 10 second(s)

2021-05-04 16:36:09 - [MESSAGE][INFO] - Unable to find the element located by 'By.xpath: //*[@id='Primary Disease Site']'. Please recheck the objects properties to make sure the desired element is located. 

2021-05-04 16:36:09 - [MESSAGE][WARNING] - Object 'Object Repository/Canine/Filter/PrimDiseaseSite/PRIMARYDISEASESITE_Ddn' is not present after 10 second(s)

2021-05-04 16:36:09 - [TEST_STEP][PASSED] - ctdc.utilities.runtestcaseforKatalon.clickTab("Object Repository/Canine/Filter/PrimDiseaseSite/PRIMARYDISEASESITE_Ddn"): ctdc.utilities.runtestcaseforKatalon.clickTab is PASSED

2021-05-04 16:36:10 - [MESSAGE][PASSED] - ctdc.utilities.runtestcaseforKatalon.clickTab is PASSED

2021-05-04 16:36:10 - [TEST_STEP][PASSED] - waitForElementPresent(findTestObject("Object Repository/Canine/Filter/PrimDiseaseSite/BladderProstate_Chkbx"), 10): Object 'Object Repository/Canine/Filter/PrimDiseaseSite/BladderProstate_Chkbx' is not present after 10 second(s)

2021-05-04 16:36:21 - [MESSAGE][INFO] - Unable to find the element located by 'By.xpath: //*[contains(text(),'Bladder, Prostate')]'. Please recheck the objects properties to make sure the desired element is located. 

2021-05-04 16:36:21 - [MESSAGE][WARNING] - Object 'Object Repository/Canine/Filter/PrimDiseaseSite/BladderProstate_Chkbx' is not present after 10 second(s)

2021-05-04 16:36:21 - [TEST_STEP][PASSED] - ctdc.utilities.runtestcaseforKatalon.clickTab("Object Repository/Canine/Filter/PrimDiseaseSite/BladderProstate_Chkbx"): ctdc.utilities.runtestcaseforKatalon.clickTab is PASSED

2021-05-04 16:36:22 - [MESSAGE][PASSED] - ctdc.utilities.runtestcaseforKatalon.clickTab is PASSED

2021-05-04 16:36:22 - [TEST_STEP][PASSED] - waitForElementPresent(findTestObject("Object Repository/Canine/Filter/PrimDiseaseSite/BladderUrethra_Chkbx"), 10): Object 'Object Repository/Canine/Filter/PrimDiseaseSite/BladderUrethra_Chkbx' is not present after 10 second(s)

2021-05-04 16:36:33 - [MESSAGE][INFO] - Unable to find the element located by 'By.xpath: (//*[contains(text(),'Bladder, Urethra')])[1]'. Please recheck the objects properties to make sure the desired element is located. 

2021-05-04 16:36:33 - [MESSAGE][WARNING] - Object 'Object Repository/Canine/Filter/PrimDiseaseSite/BladderUrethra_Chkbx' is not present after 10 second(s)

2021-05-04 16:36:33 - [TEST_STEP][PASSED] - ctdc.utilities.runtestcaseforKatalon.clickTab("Object Repository/Canine/Filter/PrimDiseaseSite/BladderUrethra_Chkbx"): ctdc.utilities.runtestcaseforKatalon.clickTab is PASSED

2021-05-04 16:36:33 - [MESSAGE][PASSED] - ctdc.utilities.runtestcaseforKatalon.clickTab is PASSED

2021-05-04 16:36:33 - [TEST_STEP][PASSED] - waitForElementPresent(findTestObject("Object Repository/Canine/Filter/PrimDiseaseSite/BladderUrethraProstate_Chkbx"), 10): Object 'Object Repository/Canine/Filter/PrimDiseaseSite/BladderUrethraProstate_Chkbx' is not present after 10 second(s)

2021-05-04 16:36:45 - [MESSAGE][INFO] - Unable to find the element located by 'By.xpath: //*[contains(text(),'Bladder, Urethra, Prostate')]'. Please recheck the objects properties to make sure the desired element is located. 

2021-05-04 16:36:45 - [MESSAGE][WARNING] - Object 'Object Repository/Canine/Filter/PrimDiseaseSite/BladderUrethraProstate_Chkbx' is not present after 10 second(s)

2021-05-04 16:36:45 - [TEST_STEP][PASSED] - ctdc.utilities.runtestcaseforKatalon.clickTab("Object Repository/Canine/Filter/PrimDiseaseSite/BladderUrethraProstate_Chkbx"): ctdc.utilities.runtestcaseforKatalon.clickTab is PASSED

2021-05-04 16:36:45 - [MESSAGE][PASSED] - ctdc.utilities.runtestcaseforKatalon.clickTab is PASSED

2021-05-04 16:36:45 - [TEST_STEP][PASSED] - waitForElementPresent(findTestObject("Object Repository/Canine/Filter/PrimDiseaseSite/UrethraProstate_Chkbx"), 10): Object 'Object Repository/Canine/Filter/PrimDiseaseSite/UrethraProstate_Chkbx' is not present after 10 second(s)

2021-05-04 16:36:56 - [MESSAGE][INFO] - Unable to find the element located by 'By.xpath: (//*[contains(text(),'Urethra, Prostate')])[2]'. Please recheck the objects properties to make sure the desired element is located. 

2021-05-04 16:36:56 - [MESSAGE][WARNING] - Object 'Object Repository/Canine/Filter/PrimDiseaseSite/UrethraProstate_Chkbx' is not present after 10 second(s)

2021-05-04 16:36:56 - [TEST_STEP][PASSED] - ctdc.utilities.runtestcaseforKatalon.clickTab("Object Repository/Canine/Filter/PrimDiseaseSite/UrethraProstate_Chkbx"): ctdc.utilities.runtestcaseforKatalon.clickTab is PASSED

2021-05-04 16:36:57 - [MESSAGE][PASSED] - ctdc.utilities.runtestcaseforKatalon.clickTab is PASSED

2021-05-04 16:36:57 - [TEST_STEP][PASSED] - ctdc.utilities.runtestcaseforKatalon.clickTab("Object Repository/Canine/Filter/PrimDiseaseSite/PRIMARYDISEASESITE_Ddn"): ctdc.utilities.runtestcaseforKatalon.clickTab is PASSED

2021-05-04 16:36:58 - [MESSAGE][PASSED] - ctdc.utilities.runtestcaseforKatalon.clickTab is PASSED

2021-05-04 16:36:58 - [TEST_STEP][PASSED] - waitForElementPresent(findTestObject("Object Repository/Canine/Filter/ResponseToTreatment/RESPONSETOTREATMENT_Ddn"), 10): Object 'Object Repository/Canine/Filter/ResponseToTreatment/RESPONSETOTREATMENT_Ddn' is not present after 10 second(s)

2021-05-04 16:37:10 - [MESSAGE][INFO] - Unable to find the element located by 'By.xpath: (//div[@id='Response to Treatment'])[1]'. Please recheck the objects properties to make sure the desired element is located. 

2021-05-04 16:37:10 - [MESSAGE][WARNING] - Object 'Object Repository/Canine/Filter/ResponseToTreatment/RESPONSETOTREATMENT_Ddn' is not present after 10 second(s)

2021-05-04 16:37:10 - [TEST_STEP][PASSED] - ctdc.utilities.runtestcaseforKatalon.clickTab("Object Repository/Canine/Filter/ResponseToTreatment/RESPONSETOTREATMENT_Ddn"): ctdc.utilities.runtestcaseforKatalon.clickTab is PASSED

2021-05-04 16:37:10 - [MESSAGE][PASSED] - ctdc.utilities.runtestcaseforKatalon.clickTab is PASSED

2021-05-04 16:37:10 - [TEST_STEP][PASSED] - waitForElementPresent(findTestObject("Object Repository/Canine/Filter/ResponseToTreatment/NotDetermined_Chkbx"), 10): Object 'Object Repository/Canine/Filter/ResponseToTreatment/NotDetermined_Chkbx' is not present after 10 second(s)

2021-05-04 16:37:21 - [MESSAGE][INFO] - Unable to find the element located by 'By.xpath: //*[contains(text(),'Not Determined')]'. Please recheck the objects properties to make sure the desired element is located. 

2021-05-04 16:37:21 - [MESSAGE][WARNING] - Object 'Object Repository/Canine/Filter/ResponseToTreatment/NotDetermined_Chkbx' is not present after 10 second(s)

2021-05-04 16:37:21 - [TEST_STEP][PASSED] - ctdc.utilities.runtestcaseforKatalon.clickTab("Object Repository/Canine/Filter/ResponseToTreatment/NotDetermined_Chkbx"): ctdc.utilities.runtestcaseforKatalon.clickTab is PASSED

2021-05-04 16:37:22 - [MESSAGE][PASSED] - ctdc.utilities.runtestcaseforKatalon.clickTab is PASSED

2021-05-04 16:37:22 - [TEST_STEP][PASSED] - waitForElementPresent(findTestObject("Object Repository/Canine/Filter/ResponseToTreatment/PartialResponse_Chkbx"), 10): Object 'Object Repository/Canine/Filter/ResponseToTreatment/PartialResponse_Chkbx' is not present after 10 second(s)

2021-05-04 16:37:33 - [MESSAGE][INFO] - Unable to find the element located by 'By.xpath: //*[contains(text(),'Partial Response')]'. Please recheck the objects properties to make sure the desired element is located. 

2021-05-04 16:37:33 - [MESSAGE][WARNING] - Object 'Object Repository/Canine/Filter/ResponseToTreatment/PartialResponse_Chkbx' is not present after 10 second(s)

2021-05-04 16:37:33 - [TEST_STEP][PASSED] - ctdc.utilities.runtestcaseforKatalon.clickTab("Object Repository/Canine/Filter/ResponseToTreatment/PartialResponse_Chkbx"): ctdc.utilities.runtestcaseforKatalon.clickTab is PASSED

2021-05-04 16:37:34 - [MESSAGE][PASSED] - ctdc.utilities.runtestcaseforKatalon.clickTab is PASSED

2021-05-04 16:37:34 - [TEST_STEP][PASSED] - waitForElementPresent(findTestObject("Object Repository/Canine/Filter/ResponseToTreatment/ProgrDisease_Chkbx"), 10): Object 'Object Repository/Canine/Filter/ResponseToTreatment/ProgrDisease_Chkbx' is not present after 10 second(s)

2021-05-04 16:37:45 - [MESSAGE][INFO] - Unable to find the element located by 'By.xpath: //*[contains(text(),'Progressive Disease')]'. Please recheck the objects properties to make sure the desired element is located. 

2021-05-04 16:37:45 - [MESSAGE][WARNING] - Object 'Object Repository/Canine/Filter/ResponseToTreatment/ProgrDisease_Chkbx' is not present after 10 second(s)

2021-05-04 16:37:45 - [TEST_STEP][PASSED] - ctdc.utilities.runtestcaseforKatalon.clickTab("Object Repository/Canine/Filter/ResponseToTreatment/ProgrDisease_Chkbx"): ctdc.utilities.runtestcaseforKatalon.clickTab is PASSED

2021-05-04 16:37:45 - [MESSAGE][PASSED] - ctdc.utilities.runtestcaseforKatalon.clickTab is PASSED

2021-05-04 16:37:45 - [TEST_STEP][PASSED] - ctdc.utilities.runtestcaseforKatalon.clickTab("Object Repository/Canine/Filter/ResponseToTreatment/RESPONSETOTREATMENT_Ddn"): ctdc.utilities.runtestcaseforKatalon.clickTab is PASSED

2021-05-04 16:37:47 - [MESSAGE][PASSED] - ctdc.utilities.runtestcaseforKatalon.clickTab is PASSED

2021-05-04 16:37:47 - [TEST_STEP][PASSED] - ctdc.utilities.runtestcaseforKatalon.readStatBarCanine("Object Repository/Canine/StatBar/Canine_StatBar-Studies", "Object Repository/Canine/StatBar/Canine_StatBar-Cases", "Object Repository/Canine/StatBar/Canine_StatBar-Samples", "Object Repository/Canine/StatBar/Canine_StatBar-Files", "Object Repository/Canine/StatBar/Canine_StatBar-Aliquots"): ctdc.utilities.runtestcaseforKatalon.readStatBarCanine is PASSED

2021-05-04 16:38:04 - [MESSAGE][PASSED] - ctdc.utilities.runtestcaseforKatalon.readStatBarCanine is PASSED

2021-05-04 16:38:04 - [TEST_STEP][PASSED] - waitForElementPresent(findTestObject("Object Repository/Canine/CanineResults_Cases_Tab"), 5): Object 'Object Repository/Canine/CanineResults_Cases_Tab' is not present after 5 second(s)

2021-05-04 16:38:10 - [MESSAGE][INFO] - Unable to find the element located by 'By.xpath: //*[@id="case_tab"]'. Please recheck the objects properties to make sure the desired element is located. 

2021-05-04 16:38:10 - [MESSAGE][WARNING] - Object 'Object Repository/Canine/CanineResults_Cases_Tab' is not present after 5 second(s)

2021-05-04 16:38:10 - [TEST_STEP][PASSED] - ctdc.utilities.runtestcaseforKatalon.clickTab("Object Repository/Canine/CanineResults_Cases_Tab"): ctdc.utilities.runtestcaseforKatalon.clickTab is PASSED

2021-05-04 16:38:10 - [MESSAGE][PASSED] - ctdc.utilities.runtestcaseforKatalon.clickTab is PASSED

2021-05-04 16:38:10 - [TEST_STEP][PASSED] - ctdc.utilities.runtestcaseforKatalon.multiFunction("ICDC", G_StatBar_Cases, "Object Repository/Canine/Canine_CasesTable", "Object Repository/Canine/Canine_TableHeader", "Object Repository/Canine/Canine_CasesTabNextBtn", G_WebTabnameCases, G_CypherTabnameCases, G_QueryCasesTab): Statbar Arms count matches

2021-05-04 16:38:36 - [MESSAGE][PASSED] - Statbar Files count matches

2021-05-04 16:38:36 - [MESSAGE][PASSED] - Statbar Samples count matches

2021-05-04 16:38:36 - [MESSAGE][PASSED] - Statbar Cases count matches

2021-05-04 16:38:36 - [MESSAGE][PASSED] - Statbar Arms count matches

2021-05-04 16:38:36 - [TEST_STEP][PASSED] - closeBrowser(): Browser is closed

2021-05-04 16:38:36 - [MESSAGE][PASSED] - Browser is closed]]></system-out>
         <system-err><![CDATA[]]></system-err>
      </testcase>
      <testcase name="Test Cases/Canine_TestCases/Study-Combinations/TC13_Canine_StudyUBC-Breed_Diagnosis_PrimDiseaseSite_RespToTreatmt" time="290.238" classname="Test Cases/Canine_TestCases/Study-Combinations/TC13_Canine_StudyUBC-Breed_Diagnosis_PrimDiseaseSite_RespToTreatmt" status="PASSED">
         <system-out><![CDATA[2021-05-04 16:38:36 - [TEST_CASE][PASSED] - Test Cases/Canine_TestCases/Study-Combinations/TC13_Canine_StudyUBC-Breed_Diagnosis_PrimDiseaseSite_RespToTreatmt: Test Cases/Canine_TestCases/Study-Combinations/TC13_Canine_StudyUBC-Breed_Diagnosis_PrimDiseaseSite_RespToTreatmt

2021-05-04 16:38:38 - [TEST_STEP][PASSED] - closeBrowser(): Browser is closed

2021-05-04 16:38:38 - [MESSAGE][PASSED] - Browser is closed

2021-05-04 16:38:38 - [TEST_STEP][PASSED] - openBrowser(""): Browser is opened with url: ''

2021-05-04 16:38:38 - [MESSAGE][INFO] - Starting 'Chrome (headless)' driver

2021-05-04 16:38:38 - [MESSAGE][INFO] - User set preference: ['args', '[--no-sandbox]']

2021-05-04 16:38:38 - [MESSAGE][INFO] - Action delay is set to 5,000 milliseconds

2021-05-04 16:38:41 - [MESSAGE][PASSED] - Browser is opened with url: ''

2021-05-04 16:38:41 - [TEST_STEP][PASSED] - maximizeWindow(): Current window maximized

2021-05-04 16:38:41 - [MESSAGE][PASSED] - Current window maximized

2021-05-04 16:38:41 - [TEST_STEP][PASSED] - "Driver opened by Katalon is used in Selenium from this step.": null

2021-05-04 16:38:41 - [TEST_STEP][PASSED] - ctdc.utilities.runtestcaseforKatalon.RunKatalon("TC13_Canine_StudyUBC-Breed_Diagnosis_PrimDiseaseSite_RespToTreatmt.xlsx"): Data loaded from input file for the test case. 

2021-05-04 16:38:41 - [MESSAGE][PASSED] - Test case file loaded This is the full filepath after converting to string :C:\Users\radhakrishnang2\Desktop\Commons_Automation\InputFiles\TC13_Canine_StudyUBC-Breed_Diagnosis_PrimDiseaseSite_RespToTreatmt.xlsx

2021-05-04 16:38:41 - [MESSAGE][INFO] - Global variable set for password file is :  C:\Users\radhakrishnang2\Desktop\Commons_Automation\InputFiles\TC13_Canine_StudyUBC-Breed_Diagnosis_PrimDiseaseSite_RespToTreatmt.xlsx

2021-05-04 16:38:41 - [MESSAGE][PASSED] - Data loaded from input file for the test case. 

2021-05-04 16:39:01 - [TEST_STEP][PASSED] - waitForElementPresent(findTestObject("Canine/NavBar/Canine_Cases_Btn"), 10): Object 'Object Repository/Canine/NavBar/Canine_Cases_Btn' is not present after 10 second(s)

2021-05-04 16:39:12 - [MESSAGE][INFO] - Unable to find the element located by 'By.xpath: //a[contains(@href,'cases')]'. Please recheck the objects properties to make sure the desired element is located. 

2021-05-04 16:39:12 - [MESSAGE][WARNING] - Object 'Object Repository/Canine/NavBar/Canine_Cases_Btn' is not present after 10 second(s)

2021-05-04 16:39:12 - [TEST_STEP][PASSED] - ctdc.utilities.runtestcaseforKatalon.clickTab("Canine/NavBar/Canine_Cases_Btn"): ctdc.utilities.runtestcaseforKatalon.clickTab is PASSED

2021-05-04 16:39:13 - [MESSAGE][PASSED] - ctdc.utilities.runtestcaseforKatalon.clickTab is PASSED

2021-05-04 16:39:13 - [TEST_STEP][PASSED] - waitForElementPresent(findTestObject("Object Repository/Canine/Filter/FilterByCases_Facet"), 10): Object 'Object Repository/Canine/Filter/FilterByCases_Facet' is not present after 10 second(s)

2021-05-04 16:39:25 - [MESSAGE][INFO] - Unable to find the element located by 'By.xpath: //*[contains(text(),'Filter By Cases')]'. Please recheck the objects properties to make sure the desired element is located. 

2021-05-04 16:39:25 - [MESSAGE][WARNING] - Object 'Object Repository/Canine/Filter/FilterByCases_Facet' is not present after 10 second(s)

2021-05-04 16:39:25 - [TEST_STEP][PASSED] - ctdc.utilities.runtestcaseforKatalon.clickTab("Object Repository/Canine/Filter/FilterByCases_Facet"): ctdc.utilities.runtestcaseforKatalon.clickTab is PASSED

2021-05-04 16:39:26 - [MESSAGE][PASSED] - ctdc.utilities.runtestcaseforKatalon.clickTab is PASSED

2021-05-04 16:39:26 - [TEST_STEP][PASSED] - waitForElementPresent(findTestObject("Object Repository/Canine/Filter/Study/Canine_Filter_Study"), 10): Object 'Object Repository/Canine/Filter/Study/Canine_Filter_Study' is not present after 10 second(s)

2021-05-04 16:39:37 - [MESSAGE][INFO] - Unable to find the element located by 'By.xpath: //*[@id='Study']'. Please recheck the objects properties to make sure the desired element is located. 

2021-05-04 16:39:37 - [MESSAGE][WARNING] - Object 'Object Repository/Canine/Filter/Study/Canine_Filter_Study' is not present after 10 second(s)

2021-05-04 16:39:37 - [TEST_STEP][PASSED] - ctdc.utilities.runtestcaseforKatalon.clickTab("Object Repository/Canine/Filter/Study/Canine_Filter_Study"): ctdc.utilities.runtestcaseforKatalon.clickTab is PASSED

2021-05-04 16:39:37 - [MESSAGE][PASSED] - ctdc.utilities.runtestcaseforKatalon.clickTab is PASSED

2021-05-04 16:39:37 - [TEST_STEP][PASSED] - waitForElementPresent(findTestObject("Object Repository/Canine/Filter/Study/Canine_Filter_Study-UBC_Chkbx"), 10): Object 'Object Repository/Canine/Filter/Study/Canine_Filter_Study-UBC_Chkbx' is not present after 10 second(s)

2021-05-04 16:39:49 - [MESSAGE][INFO] - Unable to find the element located by 'By.xpath: (//*[contains(text(),'UBC')])[1]'. Please recheck the objects properties to make sure the desired element is located. 

2021-05-04 16:39:49 - [MESSAGE][WARNING] - Object 'Object Repository/Canine/Filter/Study/Canine_Filter_Study-UBC_Chkbx' is not present after 10 second(s)

2021-05-04 16:39:49 - [TEST_STEP][PASSED] - ctdc.utilities.runtestcaseforKatalon.clickTab("Object Repository/Canine/Filter/Study/Canine_Filter_Study-UBC_Chkbx"): ctdc.utilities.runtestcaseforKatalon.clickTab is PASSED

2021-05-04 16:39:49 - [MESSAGE][PASSED] - ctdc.utilities.runtestcaseforKatalon.clickTab is PASSED

2021-05-04 16:39:49 - [TEST_STEP][PASSED] - Thread.sleep(2000): null

2021-05-04 16:39:51 - [TEST_STEP][PASSED] - waitForElementPresent(findTestObject("Object Repository/Canine/Filter/Breed/BREED_Ddn"), 10): Object 'Object Repository/Canine/Filter/Breed/BREED_Ddn' is not present after 10 second(s)

2021-05-04 16:40:03 - [MESSAGE][INFO] - Unable to find the element located by 'By.xpath: //*[@id='Breed']'. Please recheck the objects properties to make sure the desired element is located. 

2021-05-04 16:40:03 - [MESSAGE][WARNING] - Object 'Object Repository/Canine/Filter/Breed/BREED_Ddn' is not present after 10 second(s)

2021-05-04 16:40:03 - [TEST_STEP][PASSED] - ctdc.utilities.runtestcaseforKatalon.clickTab("Object Repository/Canine/Filter/Breed/BREED_Ddn"): ctdc.utilities.runtestcaseforKatalon.clickTab is PASSED

2021-05-04 16:40:03 - [MESSAGE][PASSED] - ctdc.utilities.runtestcaseforKatalon.clickTab is PASSED

2021-05-04 16:40:03 - [TEST_STEP][PASSED] - waitForElementPresent(findTestObject("Object Repository/Canine/Filter/Breed/BelgMalin_Chkbx"), 10): Object 'Object Repository/Canine/Filter/Breed/BelgMalin_Chkbx' is not present after 10 second(s)

2021-05-04 16:40:15 - [MESSAGE][INFO] - Unable to find the element located by 'By.xpath: //*[contains(text(),'Belgian Malinois')]'. Please recheck the objects properties to make sure the desired element is located. 

2021-05-04 16:40:15 - [MESSAGE][WARNING] - Object 'Object Repository/Canine/Filter/Breed/BelgMalin_Chkbx' is not present after 10 second(s)

2021-05-04 16:40:15 - [TEST_STEP][PASSED] - ctdc.utilities.runtestcaseforKatalon.clickTab("Object Repository/Canine/Filter/Breed/BelgMalin_Chkbx"): ctdc.utilities.runtestcaseforKatalon.clickTab is PASSED

2021-05-04 16:40:15 - [MESSAGE][PASSED] - ctdc.utilities.runtestcaseforKatalon.clickTab is PASSED

2021-05-04 16:40:15 - [TEST_STEP][PASSED] - waitForElementPresent(findTestObject("Object Repository/Canine/Filter/Breed/Labrador_Chkbx"), 10): Object 'Object Repository/Canine/Filter/Breed/Labrador_Chkbx' is not present after 10 second(s)

2021-05-04 16:40:26 - [MESSAGE][INFO] - Unable to find the element located by 'By.xpath: //*[contains(text(),'Labrador Retriever')]'. Please recheck the objects properties to make sure the desired element is located. 

2021-05-04 16:40:26 - [MESSAGE][WARNING] - Object 'Object Repository/Canine/Filter/Breed/Labrador_Chkbx' is not present after 10 second(s)

2021-05-04 16:40:26 - [TEST_STEP][PASSED] - ctdc.utilities.runtestcaseforKatalon.clickTab("Object Repository/Canine/Filter/Breed/Labrador_Chkbx"): ctdc.utilities.runtestcaseforKatalon.clickTab is PASSED

2021-05-04 16:40:27 - [MESSAGE][PASSED] - ctdc.utilities.runtestcaseforKatalon.clickTab is PASSED

2021-05-04 16:40:27 - [TEST_STEP][PASSED] - waitForElementPresent(findTestObject("Object Repository/Canine/Filter/Breed/WestHland_Chkbx"), 10): Object 'Object Repository/Canine/Filter/Breed/WestHland_Chkbx' is not present after 10 second(s)

2021-05-04 16:40:38 - [MESSAGE][INFO] - Unable to find the element located by 'By.xpath: //*[contains(text(),'West Highland White Terrier')]'. Please recheck the objects properties to make sure the desired element is located. 

2021-05-04 16:40:38 - [MESSAGE][WARNING] - Object 'Object Repository/Canine/Filter/Breed/WestHland_Chkbx' is not present after 10 second(s)

2021-05-04 16:40:38 - [TEST_STEP][PASSED] - ctdc.utilities.runtestcaseforKatalon.clickTab("Object Repository/Canine/Filter/Breed/WestHland_Chkbx"): ctdc.utilities.runtestcaseforKatalon.clickTab is PASSED

2021-05-04 16:40:39 - [MESSAGE][PASSED] - ctdc.utilities.runtestcaseforKatalon.clickTab is PASSED

2021-05-04 16:40:39 - [TEST_STEP][PASSED] - ctdc.utilities.runtestcaseforKatalon.clickTab("Object Repository/Canine/Filter/Breed/BREED_Ddn"): ctdc.utilities.runtestcaseforKatalon.clickTab is PASSED

2021-05-04 16:40:39 - [MESSAGE][PASSED] - ctdc.utilities.runtestcaseforKatalon.clickTab is PASSED

2021-05-04 16:40:39 - [TEST_STEP][PASSED] - waitForElementPresent(findTestObject("Object Repository/Canine/Filter/Diagnosis/DIAGNOSIS_Ddn"), 10): Object 'Object Repository/Canine/Filter/Diagnosis/DIAGNOSIS_Ddn' is not present after 10 second(s)

2021-05-04 16:40:50 - [MESSAGE][INFO] - Unable to find the element located by 'By.xpath: (//*[@id='Diagnosis'])[1]'. Please recheck the objects properties to make sure the desired element is located. 

2021-05-04 16:40:50 - [MESSAGE][WARNING] - Object 'Object Repository/Canine/Filter/Diagnosis/DIAGNOSIS_Ddn' is not present after 10 second(s)

2021-05-04 16:40:50 - [TEST_STEP][PASSED] - ctdc.utilities.runtestcaseforKatalon.clickTab("Object Repository/Canine/Filter/Diagnosis/DIAGNOSIS_Ddn"): ctdc.utilities.runtestcaseforKatalon.clickTab is PASSED

2021-05-04 16:40:51 - [MESSAGE][PASSED] - ctdc.utilities.runtestcaseforKatalon.clickTab is PASSED

2021-05-04 16:40:51 - [TEST_STEP][PASSED] - waitForElementPresent(findTestObject("Object Repository/Canine/Filter/Diagnosis/BladderCancer_Chkbx"), 10): Object 'Object Repository/Canine/Filter/Diagnosis/BladderCancer_Chkbx' is not present after 10 second(s)

2021-05-04 16:41:02 - [MESSAGE][INFO] - Unable to find the element located by 'By.xpath: //*[contains(text(),'Bladder Cancer')]'. Please recheck the objects properties to make sure the desired element is located. 

2021-05-04 16:41:02 - [MESSAGE][WARNING] - Object 'Object Repository/Canine/Filter/Diagnosis/BladderCancer_Chkbx' is not present after 10 second(s)

2021-05-04 16:41:02 - [TEST_STEP][PASSED] - ctdc.utilities.runtestcaseforKatalon.clickTab("Object Repository/Canine/Filter/Diagnosis/BladderCancer_Chkbx"): ctdc.utilities.runtestcaseforKatalon.clickTab is PASSED

2021-05-04 16:41:03 - [MESSAGE][PASSED] - ctdc.utilities.runtestcaseforKatalon.clickTab is PASSED

2021-05-04 16:41:03 - [TEST_STEP][PASSED] - ctdc.utilities.runtestcaseforKatalon.clickTab("Object Repository/Canine/Filter/Diagnosis/DIAGNOSIS_Ddn"): ctdc.utilities.runtestcaseforKatalon.clickTab is PASSED

2021-05-04 16:41:04 - [MESSAGE][PASSED] - ctdc.utilities.runtestcaseforKatalon.clickTab is PASSED

2021-05-04 16:41:04 - [TEST_STEP][PASSED] - waitForElementPresent(findTestObject("Object Repository/Canine/Filter/PrimDiseaseSite/PRIMARYDISEASESITE_Ddn"), 10): Object 'Object Repository/Canine/Filter/PrimDiseaseSite/PRIMARYDISEASESITE_Ddn' is not present after 10 second(s)

2021-05-04 16:41:16 - [MESSAGE][INFO] - Unable to find the element located by 'By.xpath: //*[@id='Primary Disease Site']'. Please recheck the objects properties to make sure the desired element is located. 

2021-05-04 16:41:16 - [MESSAGE][WARNING] - Object 'Object Repository/Canine/Filter/PrimDiseaseSite/PRIMARYDISEASESITE_Ddn' is not present after 10 second(s)

2021-05-04 16:41:16 - [TEST_STEP][PASSED] - ctdc.utilities.runtestcaseforKatalon.clickTab("Object Repository/Canine/Filter/PrimDiseaseSite/PRIMARYDISEASESITE_Ddn"): ctdc.utilities.runtestcaseforKatalon.clickTab is PASSED

2021-05-04 16:41:16 - [MESSAGE][PASSED] - ctdc.utilities.runtestcaseforKatalon.clickTab is PASSED

2021-05-04 16:41:16 - [TEST_STEP][PASSED] - waitForElementPresent(findTestObject("Object Repository/Canine/Filter/PrimDiseaseSite/BladderProstate_Chkbx"), 10): Object 'Object Repository/Canine/Filter/PrimDiseaseSite/BladderProstate_Chkbx' is not present after 10 second(s)

2021-05-04 16:41:27 - [MESSAGE][INFO] - Unable to find the element located by 'By.xpath: //*[contains(text(),'Bladder, Prostate')]'. Please recheck the objects properties to make sure the desired element is located. 

2021-05-04 16:41:27 - [MESSAGE][WARNING] - Object 'Object Repository/Canine/Filter/PrimDiseaseSite/BladderProstate_Chkbx' is not present after 10 second(s)

2021-05-04 16:41:27 - [TEST_STEP][PASSED] - ctdc.utilities.runtestcaseforKatalon.clickTab("Object Repository/Canine/Filter/PrimDiseaseSite/BladderProstate_Chkbx"): ctdc.utilities.runtestcaseforKatalon.clickTab is PASSED

2021-05-04 16:41:28 - [MESSAGE][PASSED] - ctdc.utilities.runtestcaseforKatalon.clickTab is PASSED

2021-05-04 16:41:28 - [TEST_STEP][PASSED] - waitForElementPresent(findTestObject("Object Repository/Canine/Filter/PrimDiseaseSite/BladderUrethra_Chkbx"), 10): Object 'Object Repository/Canine/Filter/PrimDiseaseSite/BladderUrethra_Chkbx' is not present after 10 second(s)

2021-05-04 16:41:39 - [MESSAGE][INFO] - Unable to find the element located by 'By.xpath: (//*[contains(text(),'Bladder, Urethra')])[1]'. Please recheck the objects properties to make sure the desired element is located. 

2021-05-04 16:41:39 - [MESSAGE][WARNING] - Object 'Object Repository/Canine/Filter/PrimDiseaseSite/BladderUrethra_Chkbx' is not present after 10 second(s)

2021-05-04 16:41:39 - [TEST_STEP][PASSED] - ctdc.utilities.runtestcaseforKatalon.clickTab("Object Repository/Canine/Filter/PrimDiseaseSite/BladderUrethra_Chkbx"): ctdc.utilities.runtestcaseforKatalon.clickTab is PASSED

2021-05-04 16:41:40 - [MESSAGE][PASSED] - ctdc.utilities.runtestcaseforKatalon.clickTab is PASSED

2021-05-04 16:41:40 - [TEST_STEP][PASSED] - waitForElementPresent(findTestObject("Object Repository/Canine/Filter/PrimDiseaseSite/BladderUrethraProstate_Chkbx"), 10): Object 'Object Repository/Canine/Filter/PrimDiseaseSite/BladderUrethraProstate_Chkbx' is not present after 10 second(s)

2021-05-04 16:41:51 - [MESSAGE][INFO] - Unable to find the element located by 'By.xpath: //*[contains(text(),'Bladder, Urethra, Prostate')]'. Please recheck the objects properties to make sure the desired element is located. 

2021-05-04 16:41:51 - [MESSAGE][WARNING] - Object 'Object Repository/Canine/Filter/PrimDiseaseSite/BladderUrethraProstate_Chkbx' is not present after 10 second(s)

2021-05-04 16:41:51 - [TEST_STEP][PASSED] - ctdc.utilities.runtestcaseforKatalon.clickTab("Object Repository/Canine/Filter/PrimDiseaseSite/BladderUrethraProstate_Chkbx"): ctdc.utilities.runtestcaseforKatalon.clickTab is PASSED

2021-05-04 16:41:51 - [MESSAGE][PASSED] - ctdc.utilities.runtestcaseforKatalon.clickTab is PASSED

2021-05-04 16:41:51 - [TEST_STEP][PASSED] - waitForElementPresent(findTestObject("Object Repository/Canine/Filter/PrimDiseaseSite/UrethraProstate_Chkbx"), 10): Object 'Object Repository/Canine/Filter/PrimDiseaseSite/UrethraProstate_Chkbx' is not present after 10 second(s)

2021-05-04 16:42:03 - [MESSAGE][INFO] - Unable to find the element located by 'By.xpath: (//*[contains(text(),'Urethra, Prostate')])[2]'. Please recheck the objects properties to make sure the desired element is located. 

2021-05-04 16:42:03 - [MESSAGE][WARNING] - Object 'Object Repository/Canine/Filter/PrimDiseaseSite/UrethraProstate_Chkbx' is not present after 10 second(s)

2021-05-04 16:42:03 - [TEST_STEP][PASSED] - ctdc.utilities.runtestcaseforKatalon.clickTab("Object Repository/Canine/Filter/PrimDiseaseSite/UrethraProstate_Chkbx"): ctdc.utilities.runtestcaseforKatalon.clickTab is PASSED

2021-05-04 16:42:03 - [MESSAGE][PASSED] - ctdc.utilities.runtestcaseforKatalon.clickTab is PASSED

2021-05-04 16:42:03 - [TEST_STEP][PASSED] - ctdc.utilities.runtestcaseforKatalon.clickTab("Object Repository/Canine/Filter/PrimDiseaseSite/PRIMARYDISEASESITE_Ddn"): ctdc.utilities.runtestcaseforKatalon.clickTab is PASSED

2021-05-04 16:42:04 - [MESSAGE][PASSED] - ctdc.utilities.runtestcaseforKatalon.clickTab is PASSED

2021-05-04 16:42:04 - [TEST_STEP][PASSED] - waitForElementPresent(findTestObject("Object Repository/Canine/Filter/ResponseToTreatment/RESPONSETOTREATMENT_Ddn"), 10): Object 'Object Repository/Canine/Filter/ResponseToTreatment/RESPONSETOTREATMENT_Ddn' is not present after 10 second(s)

2021-05-04 16:42:15 - [MESSAGE][INFO] - Unable to find the element located by 'By.xpath: (//div[@id='Response to Treatment'])[1]'. Please recheck the objects properties to make sure the desired element is located. 

2021-05-04 16:42:15 - [MESSAGE][WARNING] - Object 'Object Repository/Canine/Filter/ResponseToTreatment/RESPONSETOTREATMENT_Ddn' is not present after 10 second(s)

2021-05-04 16:42:15 - [TEST_STEP][PASSED] - ctdc.utilities.runtestcaseforKatalon.clickTab("Object Repository/Canine/Filter/ResponseToTreatment/RESPONSETOTREATMENT_Ddn"): ctdc.utilities.runtestcaseforKatalon.clickTab is PASSED

2021-05-04 16:42:16 - [MESSAGE][PASSED] - ctdc.utilities.runtestcaseforKatalon.clickTab is PASSED

2021-05-04 16:42:16 - [TEST_STEP][PASSED] - waitForElementPresent(findTestObject("Object Repository/Canine/Filter/ResponseToTreatment/NotDetermined_Chkbx"), 10): Object 'Object Repository/Canine/Filter/ResponseToTreatment/NotDetermined_Chkbx' is not present after 10 second(s)

2021-05-04 16:42:27 - [MESSAGE][INFO] - Unable to find the element located by 'By.xpath: //*[contains(text(),'Not Determined')]'. Please recheck the objects properties to make sure the desired element is located. 

2021-05-04 16:42:27 - [MESSAGE][WARNING] - Object 'Object Repository/Canine/Filter/ResponseToTreatment/NotDetermined_Chkbx' is not present after 10 second(s)

2021-05-04 16:42:27 - [TEST_STEP][PASSED] - ctdc.utilities.runtestcaseforKatalon.clickTab("Object Repository/Canine/Filter/ResponseToTreatment/NotDetermined_Chkbx"): ctdc.utilities.runtestcaseforKatalon.clickTab is PASSED

2021-05-04 16:42:27 - [MESSAGE][PASSED] - ctdc.utilities.runtestcaseforKatalon.clickTab is PASSED

2021-05-04 16:42:27 - [TEST_STEP][PASSED] - waitForElementPresent(findTestObject("Object Repository/Canine/Filter/ResponseToTreatment/PartialResponse_Chkbx"), 10): Object 'Object Repository/Canine/Filter/ResponseToTreatment/PartialResponse_Chkbx' is not present after 10 second(s)

2021-05-04 16:42:39 - [MESSAGE][INFO] - Unable to find the element located by 'By.xpath: //*[contains(text(),'Partial Response')]'. Please recheck the objects properties to make sure the desired element is located. 

2021-05-04 16:42:39 - [MESSAGE][WARNING] - Object 'Object Repository/Canine/Filter/ResponseToTreatment/PartialResponse_Chkbx' is not present after 10 second(s)

2021-05-04 16:42:39 - [TEST_STEP][PASSED] - ctdc.utilities.runtestcaseforKatalon.clickTab("Object Repository/Canine/Filter/ResponseToTreatment/PartialResponse_Chkbx"): ctdc.utilities.runtestcaseforKatalon.clickTab is PASSED

2021-05-04 16:42:39 - [MESSAGE][PASSED] - ctdc.utilities.runtestcaseforKatalon.clickTab is PASSED

2021-05-04 16:42:39 - [TEST_STEP][PASSED] - ctdc.utilities.runtestcaseforKatalon.clickTab("Object Repository/Canine/Filter/ResponseToTreatment/RESPONSETOTREATMENT_Ddn"): ctdc.utilities.runtestcaseforKatalon.clickTab is PASSED

2021-05-04 16:42:40 - [MESSAGE][PASSED] - ctdc.utilities.runtestcaseforKatalon.clickTab is PASSED

2021-05-04 16:42:40 - [TEST_STEP][PASSED] - ctdc.utilities.runtestcaseforKatalon.readStatBarCanine("Object Repository/Canine/StatBar/Canine_StatBar-Studies", "Object Repository/Canine/StatBar/Canine_StatBar-Cases", "Object Repository/Canine/StatBar/Canine_StatBar-Samples", "Object Repository/Canine/StatBar/Canine_StatBar-Files", "Object Repository/Canine/StatBar/Canine_StatBar-Aliquots"): ctdc.utilities.runtestcaseforKatalon.readStatBarCanine is PASSED

2021-05-04 16:42:57 - [MESSAGE][PASSED] - ctdc.utilities.runtestcaseforKatalon.readStatBarCanine is PASSED

2021-05-04 16:42:57 - [TEST_STEP][PASSED] - waitForElementPresent(findTestObject("Object Repository/Canine/CanineResults_Cases_Tab"), 5): Object 'Object Repository/Canine/CanineResults_Cases_Tab' is not present after 5 second(s)

2021-05-04 16:43:03 - [MESSAGE][INFO] - Unable to find the element located by 'By.xpath: //*[@id="case_tab"]'. Please recheck the objects properties to make sure the desired element is located. 

2021-05-04 16:43:03 - [MESSAGE][WARNING] - Object 'Object Repository/Canine/CanineResults_Cases_Tab' is not present after 5 second(s)

2021-05-04 16:43:03 - [TEST_STEP][PASSED] - ctdc.utilities.runtestcaseforKatalon.clickTab("Object Repository/Canine/CanineResults_Cases_Tab"): ctdc.utilities.runtestcaseforKatalon.clickTab is PASSED

2021-05-04 16:43:04 - [MESSAGE][PASSED] - ctdc.utilities.runtestcaseforKatalon.clickTab is PASSED

2021-05-04 16:43:04 - [TEST_STEP][PASSED] - ctdc.utilities.runtestcaseforKatalon.multiFunction("ICDC", G_StatBar_Cases, "Object Repository/Canine/Canine_CasesTable", "Object Repository/Canine/Canine_TableHeader", "Object Repository/Canine/Canine_CasesTabNextBtn", G_WebTabnameCases, G_CypherTabnameCases, G_QueryCasesTab): Statbar Arms count matches

2021-05-04 16:43:26 - [MESSAGE][PASSED] - Statbar Files count matches

2021-05-04 16:43:26 - [MESSAGE][PASSED] - Statbar Samples count matches

2021-05-04 16:43:26 - [MESSAGE][PASSED] - Statbar Cases count matches

2021-05-04 16:43:26 - [MESSAGE][PASSED] - Statbar Arms count matches

2021-05-04 16:43:26 - [TEST_STEP][PASSED] - closeBrowser(): Browser is closed

2021-05-04 16:43:27 - [MESSAGE][PASSED] - Browser is closed]]></system-out>
         <system-err><![CDATA[]]></system-err>
      </testcase>
      <testcase name="Test Cases/Canine_TestCases/Study-Combinations/TC14_Canine_StudyUBC-Breed_Diagnosis_PrimDiseaseSite_RespToTreatmt" time="277.56" classname="Test Cases/Canine_TestCases/Study-Combinations/TC14_Canine_StudyUBC-Breed_Diagnosis_PrimDiseaseSite_RespToTreatmt" status="PASSED">
         <system-out><![CDATA[2021-05-04 16:43:27 - [TEST_CASE][PASSED] - Test Cases/Canine_TestCases/Study-Combinations/TC14_Canine_StudyUBC-Breed_Diagnosis_PrimDiseaseSite_RespToTreatmt: Test Cases/Canine_TestCases/Study-Combinations/TC14_Canine_StudyUBC-Breed_Diagnosis_PrimDiseaseSite_RespToTreatmt

2021-05-04 16:43:29 - [TEST_STEP][PASSED] - closeBrowser(): Browser is closed

2021-05-04 16:43:29 - [MESSAGE][PASSED] - Browser is closed

2021-05-04 16:43:29 - [TEST_STEP][PASSED] - openBrowser(""): Browser is opened with url: ''

2021-05-04 16:43:29 - [MESSAGE][INFO] - Starting 'Chrome (headless)' driver

2021-05-04 16:43:29 - [MESSAGE][INFO] - User set preference: ['args', '[--no-sandbox]']

2021-05-04 16:43:29 - [MESSAGE][INFO] - Action delay is set to 5,000 milliseconds

2021-05-04 16:43:32 - [MESSAGE][PASSED] - Browser is opened with url: ''

2021-05-04 16:43:32 - [TEST_STEP][PASSED] - maximizeWindow(): Current window maximized

2021-05-04 16:43:33 - [MESSAGE][PASSED] - Current window maximized

2021-05-04 16:43:33 - [TEST_STEP][PASSED] - "Driver opened by Katalon is used in Selenium from this step.": null

2021-05-04 16:43:33 - [TEST_STEP][PASSED] - ctdc.utilities.runtestcaseforKatalon.RunKatalon("TC14_Canine_StudyUBC-Breed_Diagnosis_PrimDiseaseSite_RespToTreatmt.xlsx"): Data loaded from input file for the test case. 

2021-05-04 16:43:33 - [MESSAGE][PASSED] - Test case file loaded This is the full filepath after converting to string :C:\Users\radhakrishnang2\Desktop\Commons_Automation\InputFiles\TC14_Canine_StudyUBC-Breed_Diagnosis_PrimDiseaseSite_RespToTreatmt.xlsx

2021-05-04 16:43:33 - [MESSAGE][INFO] - Global variable set for password file is :  C:\Users\radhakrishnang2\Desktop\Commons_Automation\InputFiles\TC14_Canine_StudyUBC-Breed_Diagnosis_PrimDiseaseSite_RespToTreatmt.xlsx

2021-05-04 16:43:33 - [MESSAGE][PASSED] - Data loaded from input file for the test case. 

2021-05-04 16:43:46 - [TEST_STEP][PASSED] - waitForElementPresent(findTestObject("Canine/NavBar/Canine_Cases_Btn"), 10): Object 'Object Repository/Canine/NavBar/Canine_Cases_Btn' is not present after 10 second(s)

2021-05-04 16:43:57 - [MESSAGE][INFO] - Unable to find the element located by 'By.xpath: //a[contains(@href,'cases')]'. Please recheck the objects properties to make sure the desired element is located. 

2021-05-04 16:43:57 - [MESSAGE][WARNING] - Object 'Object Repository/Canine/NavBar/Canine_Cases_Btn' is not present after 10 second(s)

2021-05-04 16:43:57 - [TEST_STEP][PASSED] - ctdc.utilities.runtestcaseforKatalon.clickTab("Canine/NavBar/Canine_Cases_Btn"): ctdc.utilities.runtestcaseforKatalon.clickTab is PASSED

2021-05-04 16:43:58 - [MESSAGE][PASSED] - ctdc.utilities.runtestcaseforKatalon.clickTab is PASSED

2021-05-04 16:43:58 - [TEST_STEP][PASSED] - waitForElementPresent(findTestObject("Object Repository/Canine/Filter/FilterByCases_Facet"), 10): Object 'Object Repository/Canine/Filter/FilterByCases_Facet' is not present after 10 second(s)

2021-05-04 16:44:09 - [MESSAGE][INFO] - Unable to find the element located by 'By.xpath: //*[contains(text(),'Filter By Cases')]'. Please recheck the objects properties to make sure the desired element is located. 

2021-05-04 16:44:09 - [MESSAGE][WARNING] - Object 'Object Repository/Canine/Filter/FilterByCases_Facet' is not present after 10 second(s)

2021-05-04 16:44:09 - [TEST_STEP][PASSED] - ctdc.utilities.runtestcaseforKatalon.clickTab("Object Repository/Canine/Filter/FilterByCases_Facet"): ctdc.utilities.runtestcaseforKatalon.clickTab is PASSED

2021-05-04 16:44:10 - [MESSAGE][PASSED] - ctdc.utilities.runtestcaseforKatalon.clickTab is PASSED

2021-05-04 16:44:10 - [TEST_STEP][PASSED] - waitForElementPresent(findTestObject("Object Repository/Canine/Filter/Study/Canine_Filter_Study"), 10): Object 'Object Repository/Canine/Filter/Study/Canine_Filter_Study' is not present after 10 second(s)

2021-05-04 16:44:21 - [MESSAGE][INFO] - Unable to find the element located by 'By.xpath: //*[@id='Study']'. Please recheck the objects properties to make sure the desired element is located. 

2021-05-04 16:44:21 - [MESSAGE][WARNING] - Object 'Object Repository/Canine/Filter/Study/Canine_Filter_Study' is not present after 10 second(s)

2021-05-04 16:44:21 - [TEST_STEP][PASSED] - ctdc.utilities.runtestcaseforKatalon.clickTab("Object Repository/Canine/Filter/Study/Canine_Filter_Study"): ctdc.utilities.runtestcaseforKatalon.clickTab is PASSED

2021-05-04 16:44:22 - [MESSAGE][PASSED] - ctdc.utilities.runtestcaseforKatalon.clickTab is PASSED

2021-05-04 16:44:22 - [TEST_STEP][PASSED] - waitForElementPresent(findTestObject("Object Repository/Canine/Filter/Study/Canine_Filter_Study-UBC_Chkbx"), 10): Object 'Object Repository/Canine/Filter/Study/Canine_Filter_Study-UBC_Chkbx' is not present after 10 second(s)

2021-05-04 16:44:33 - [MESSAGE][INFO] - Unable to find the element located by 'By.xpath: (//*[contains(text(),'UBC')])[1]'. Please recheck the objects properties to make sure the desired element is located. 

2021-05-04 16:44:33 - [MESSAGE][WARNING] - Object 'Object Repository/Canine/Filter/Study/Canine_Filter_Study-UBC_Chkbx' is not present after 10 second(s)

2021-05-04 16:44:33 - [TEST_STEP][PASSED] - ctdc.utilities.runtestcaseforKatalon.clickTab("Object Repository/Canine/Filter/Study/Canine_Filter_Study-UBC_Chkbx"): ctdc.utilities.runtestcaseforKatalon.clickTab is PASSED

2021-05-04 16:44:34 - [MESSAGE][PASSED] - ctdc.utilities.runtestcaseforKatalon.clickTab is PASSED

2021-05-04 16:44:34 - [TEST_STEP][PASSED] - Thread.sleep(2000): null

2021-05-04 16:44:36 - [TEST_STEP][PASSED] - waitForElementPresent(findTestObject("Object Repository/Canine/Filter/Breed/BREED_Ddn"), 10): Object 'Object Repository/Canine/Filter/Breed/BREED_Ddn' is not present after 10 second(s)

2021-05-04 16:44:47 - [MESSAGE][INFO] - Unable to find the element located by 'By.xpath: //*[@id='Breed']'. Please recheck the objects properties to make sure the desired element is located. 

2021-05-04 16:44:47 - [MESSAGE][WARNING] - Object 'Object Repository/Canine/Filter/Breed/BREED_Ddn' is not present after 10 second(s)

2021-05-04 16:44:47 - [TEST_STEP][PASSED] - ctdc.utilities.runtestcaseforKatalon.clickTab("Object Repository/Canine/Filter/Breed/BREED_Ddn"): ctdc.utilities.runtestcaseforKatalon.clickTab is PASSED

2021-05-04 16:44:48 - [MESSAGE][PASSED] - ctdc.utilities.runtestcaseforKatalon.clickTab is PASSED

2021-05-04 16:44:48 - [TEST_STEP][PASSED] - waitForElementPresent(findTestObject("Object Repository/Canine/Filter/Breed/BelgMalin_Chkbx"), 10): Object 'Object Repository/Canine/Filter/Breed/BelgMalin_Chkbx' is not present after 10 second(s)

2021-05-04 16:44:59 - [MESSAGE][INFO] - Unable to find the element located by 'By.xpath: //*[contains(text(),'Belgian Malinois')]'. Please recheck the objects properties to make sure the desired element is located. 

2021-05-04 16:44:59 - [MESSAGE][WARNING] - Object 'Object Repository/Canine/Filter/Breed/BelgMalin_Chkbx' is not present after 10 second(s)

2021-05-04 16:44:59 - [TEST_STEP][PASSED] - ctdc.utilities.runtestcaseforKatalon.clickTab("Object Repository/Canine/Filter/Breed/BelgMalin_Chkbx"): ctdc.utilities.runtestcaseforKatalon.clickTab is PASSED

2021-05-04 16:44:59 - [MESSAGE][PASSED] - ctdc.utilities.runtestcaseforKatalon.clickTab is PASSED

2021-05-04 16:44:59 - [TEST_STEP][PASSED] - waitForElementPresent(findTestObject("Object Repository/Canine/Filter/Breed/Labrador_Chkbx"), 10): Object 'Object Repository/Canine/Filter/Breed/Labrador_Chkbx' is not present after 10 second(s)

2021-05-04 16:45:11 - [MESSAGE][INFO] - Unable to find the element located by 'By.xpath: //*[contains(text(),'Labrador Retriever')]'. Please recheck the objects properties to make sure the desired element is located. 

2021-05-04 16:45:11 - [MESSAGE][WARNING] - Object 'Object Repository/Canine/Filter/Breed/Labrador_Chkbx' is not present after 10 second(s)

2021-05-04 16:45:11 - [TEST_STEP][PASSED] - ctdc.utilities.runtestcaseforKatalon.clickTab("Object Repository/Canine/Filter/Breed/Labrador_Chkbx"): ctdc.utilities.runtestcaseforKatalon.clickTab is PASSED

2021-05-04 16:45:11 - [MESSAGE][PASSED] - ctdc.utilities.runtestcaseforKatalon.clickTab is PASSED

2021-05-04 16:45:11 - [TEST_STEP][PASSED] - waitForElementPresent(findTestObject("Object Repository/Canine/Filter/Breed/WestHland_Chkbx"), 10): Object 'Object Repository/Canine/Filter/Breed/WestHland_Chkbx' is not present after 10 second(s)

2021-05-04 16:45:22 - [MESSAGE][INFO] - Unable to find the element located by 'By.xpath: //*[contains(text(),'West Highland White Terrier')]'. Please recheck the objects properties to make sure the desired element is located. 

2021-05-04 16:45:22 - [MESSAGE][WARNING] - Object 'Object Repository/Canine/Filter/Breed/WestHland_Chkbx' is not present after 10 second(s)

2021-05-04 16:45:22 - [TEST_STEP][PASSED] - ctdc.utilities.runtestcaseforKatalon.clickTab("Object Repository/Canine/Filter/Breed/WestHland_Chkbx"): ctdc.utilities.runtestcaseforKatalon.clickTab is PASSED

2021-05-04 16:45:23 - [MESSAGE][PASSED] - ctdc.utilities.runtestcaseforKatalon.clickTab is PASSED

2021-05-04 16:45:23 - [TEST_STEP][PASSED] - ctdc.utilities.runtestcaseforKatalon.clickTab("Object Repository/Canine/Filter/Breed/BREED_Ddn"): ctdc.utilities.runtestcaseforKatalon.clickTab is PASSED

2021-05-04 16:45:26 - [MESSAGE][PASSED] - ctdc.utilities.runtestcaseforKatalon.clickTab is PASSED

2021-05-04 16:45:26 - [TEST_STEP][PASSED] - waitForElementPresent(findTestObject("Object Repository/Canine/Filter/Diagnosis/DIAGNOSIS_Ddn"), 10): Object 'Object Repository/Canine/Filter/Diagnosis/DIAGNOSIS_Ddn' is not present after 10 second(s)

2021-05-04 16:45:37 - [MESSAGE][INFO] - Unable to find the element located by 'By.xpath: (//*[@id='Diagnosis'])[1]'. Please recheck the objects properties to make sure the desired element is located. 

2021-05-04 16:45:37 - [MESSAGE][WARNING] - Object 'Object Repository/Canine/Filter/Diagnosis/DIAGNOSIS_Ddn' is not present after 10 second(s)

2021-05-04 16:45:37 - [TEST_STEP][PASSED] - ctdc.utilities.runtestcaseforKatalon.clickTab("Object Repository/Canine/Filter/Diagnosis/DIAGNOSIS_Ddn"): ctdc.utilities.runtestcaseforKatalon.clickTab is PASSED

2021-05-04 16:45:37 - [MESSAGE][PASSED] - ctdc.utilities.runtestcaseforKatalon.clickTab is PASSED

2021-05-04 16:45:37 - [TEST_STEP][PASSED] - waitForElementPresent(findTestObject("Object Repository/Canine/Filter/Diagnosis/BladderCancer_Chkbx"), 10): Object 'Object Repository/Canine/Filter/Diagnosis/BladderCancer_Chkbx' is not present after 10 second(s)

2021-05-04 16:45:49 - [MESSAGE][INFO] - Unable to find the element located by 'By.xpath: //*[contains(text(),'Bladder Cancer')]'. Please recheck the objects properties to make sure the desired element is located. 

2021-05-04 16:45:49 - [MESSAGE][WARNING] - Object 'Object Repository/Canine/Filter/Diagnosis/BladderCancer_Chkbx' is not present after 10 second(s)

2021-05-04 16:45:49 - [TEST_STEP][PASSED] - ctdc.utilities.runtestcaseforKatalon.clickTab("Object Repository/Canine/Filter/Diagnosis/BladderCancer_Chkbx"): ctdc.utilities.runtestcaseforKatalon.clickTab is PASSED

2021-05-04 16:45:49 - [MESSAGE][PASSED] - ctdc.utilities.runtestcaseforKatalon.clickTab is PASSED

2021-05-04 16:45:49 - [TEST_STEP][PASSED] - ctdc.utilities.runtestcaseforKatalon.clickTab("Object Repository/Canine/Filter/Diagnosis/DIAGNOSIS_Ddn"): ctdc.utilities.runtestcaseforKatalon.clickTab is PASSED

2021-05-04 16:45:51 - [MESSAGE][PASSED] - ctdc.utilities.runtestcaseforKatalon.clickTab is PASSED

2021-05-04 16:45:51 - [TEST_STEP][PASSED] - waitForElementPresent(findTestObject("Object Repository/Canine/Filter/PrimDiseaseSite/PRIMARYDISEASESITE_Ddn"), 10): Object 'Object Repository/Canine/Filter/PrimDiseaseSite/PRIMARYDISEASESITE_Ddn' is not present after 10 second(s)

2021-05-04 16:46:03 - [MESSAGE][INFO] - Unable to find the element located by 'By.xpath: //*[@id='Primary Disease Site']'. Please recheck the objects properties to make sure the desired element is located. 

2021-05-04 16:46:03 - [MESSAGE][WARNING] - Object 'Object Repository/Canine/Filter/PrimDiseaseSite/PRIMARYDISEASESITE_Ddn' is not present after 10 second(s)

2021-05-04 16:46:03 - [TEST_STEP][PASSED] - ctdc.utilities.runtestcaseforKatalon.clickTab("Object Repository/Canine/Filter/PrimDiseaseSite/PRIMARYDISEASESITE_Ddn"): ctdc.utilities.runtestcaseforKatalon.clickTab is PASSED

2021-05-04 16:46:03 - [MESSAGE][PASSED] - ctdc.utilities.runtestcaseforKatalon.clickTab is PASSED

2021-05-04 16:46:03 - [TEST_STEP][PASSED] - waitForElementPresent(findTestObject("Object Repository/Canine/Filter/PrimDiseaseSite/BladderProstate_Chkbx"), 10): Object 'Object Repository/Canine/Filter/PrimDiseaseSite/BladderProstate_Chkbx' is not present after 10 second(s)

2021-05-04 16:46:14 - [MESSAGE][INFO] - Unable to find the element located by 'By.xpath: //*[contains(text(),'Bladder, Prostate')]'. Please recheck the objects properties to make sure the desired element is located. 

2021-05-04 16:46:14 - [MESSAGE][WARNING] - Object 'Object Repository/Canine/Filter/PrimDiseaseSite/BladderProstate_Chkbx' is not present after 10 second(s)

2021-05-04 16:46:14 - [TEST_STEP][PASSED] - ctdc.utilities.runtestcaseforKatalon.clickTab("Object Repository/Canine/Filter/PrimDiseaseSite/BladderProstate_Chkbx"): ctdc.utilities.runtestcaseforKatalon.clickTab is PASSED

2021-05-04 16:46:15 - [MESSAGE][PASSED] - ctdc.utilities.runtestcaseforKatalon.clickTab is PASSED

2021-05-04 16:46:15 - [TEST_STEP][PASSED] - waitForElementPresent(findTestObject("Object Repository/Canine/Filter/PrimDiseaseSite/BladderUrethra_Chkbx"), 10): Object 'Object Repository/Canine/Filter/PrimDiseaseSite/BladderUrethra_Chkbx' is not present after 10 second(s)

2021-05-04 16:46:26 - [MESSAGE][INFO] - Unable to find the element located by 'By.xpath: (//*[contains(text(),'Bladder, Urethra')])[1]'. Please recheck the objects properties to make sure the desired element is located. 

2021-05-04 16:46:26 - [MESSAGE][WARNING] - Object 'Object Repository/Canine/Filter/PrimDiseaseSite/BladderUrethra_Chkbx' is not present after 10 second(s)

2021-05-04 16:46:26 - [TEST_STEP][PASSED] - ctdc.utilities.runtestcaseforKatalon.clickTab("Object Repository/Canine/Filter/PrimDiseaseSite/BladderUrethra_Chkbx"): ctdc.utilities.runtestcaseforKatalon.clickTab is PASSED

2021-05-04 16:46:27 - [MESSAGE][PASSED] - ctdc.utilities.runtestcaseforKatalon.clickTab is PASSED

2021-05-04 16:46:27 - [TEST_STEP][PASSED] - waitForElementPresent(findTestObject("Object Repository/Canine/Filter/PrimDiseaseSite/BladderUrethraProstate_Chkbx"), 10): Object 'Object Repository/Canine/Filter/PrimDiseaseSite/BladderUrethraProstate_Chkbx' is not present after 10 second(s)

2021-05-04 16:46:38 - [MESSAGE][INFO] - Unable to find the element located by 'By.xpath: //*[contains(text(),'Bladder, Urethra, Prostate')]'. Please recheck the objects properties to make sure the desired element is located. 

2021-05-04 16:46:38 - [MESSAGE][WARNING] - Object 'Object Repository/Canine/Filter/PrimDiseaseSite/BladderUrethraProstate_Chkbx' is not present after 10 second(s)

2021-05-04 16:46:38 - [TEST_STEP][PASSED] - ctdc.utilities.runtestcaseforKatalon.clickTab("Object Repository/Canine/Filter/PrimDiseaseSite/BladderUrethraProstate_Chkbx"): ctdc.utilities.runtestcaseforKatalon.clickTab is PASSED

2021-05-04 16:46:39 - [MESSAGE][PASSED] - ctdc.utilities.runtestcaseforKatalon.clickTab is PASSED

2021-05-04 16:46:39 - [TEST_STEP][PASSED] - waitForElementPresent(findTestObject("Object Repository/Canine/Filter/PrimDiseaseSite/UrethraProstate_Chkbx"), 10): Object 'Object Repository/Canine/Filter/PrimDiseaseSite/UrethraProstate_Chkbx' is not present after 10 second(s)

2021-05-04 16:46:50 - [MESSAGE][INFO] - Unable to find the element located by 'By.xpath: (//*[contains(text(),'Urethra, Prostate')])[2]'. Please recheck the objects properties to make sure the desired element is located. 

2021-05-04 16:46:50 - [MESSAGE][WARNING] - Object 'Object Repository/Canine/Filter/PrimDiseaseSite/UrethraProstate_Chkbx' is not present after 10 second(s)

2021-05-04 16:46:50 - [TEST_STEP][PASSED] - ctdc.utilities.runtestcaseforKatalon.clickTab("Object Repository/Canine/Filter/PrimDiseaseSite/UrethraProstate_Chkbx"): ctdc.utilities.runtestcaseforKatalon.clickTab is PASSED

2021-05-04 16:46:51 - [MESSAGE][PASSED] - ctdc.utilities.runtestcaseforKatalon.clickTab is PASSED

2021-05-04 16:46:51 - [TEST_STEP][PASSED] - ctdc.utilities.runtestcaseforKatalon.clickTab("Object Repository/Canine/Filter/PrimDiseaseSite/PRIMARYDISEASESITE_Ddn"): ctdc.utilities.runtestcaseforKatalon.clickTab is PASSED

2021-05-04 16:46:53 - [MESSAGE][PASSED] - ctdc.utilities.runtestcaseforKatalon.clickTab is PASSED

2021-05-04 16:46:53 - [TEST_STEP][PASSED] - waitForElementPresent(findTestObject("Object Repository/Canine/Filter/ResponseToTreatment/RESPONSETOTREATMENT_Ddn"), 10): Object 'Object Repository/Canine/Filter/ResponseToTreatment/RESPONSETOTREATMENT_Ddn' is not present after 10 second(s)

2021-05-04 16:47:04 - [MESSAGE][INFO] - Unable to find the element located by 'By.xpath: (//div[@id='Response to Treatment'])[1]'. Please recheck the objects properties to make sure the desired element is located. 

2021-05-04 16:47:04 - [MESSAGE][WARNING] - Object 'Object Repository/Canine/Filter/ResponseToTreatment/RESPONSETOTREATMENT_Ddn' is not present after 10 second(s)

2021-05-04 16:47:04 - [TEST_STEP][PASSED] - ctdc.utilities.runtestcaseforKatalon.clickTab("Object Repository/Canine/Filter/ResponseToTreatment/RESPONSETOTREATMENT_Ddn"): ctdc.utilities.runtestcaseforKatalon.clickTab is PASSED

2021-05-04 16:47:05 - [MESSAGE][PASSED] - ctdc.utilities.runtestcaseforKatalon.clickTab is PASSED

2021-05-04 16:47:05 - [TEST_STEP][PASSED] - waitForElementPresent(findTestObject("Object Repository/Canine/Filter/ResponseToTreatment/NotDetermined_Chkbx"), 10): Object 'Object Repository/Canine/Filter/ResponseToTreatment/NotDetermined_Chkbx' is not present after 10 second(s)

2021-05-04 16:47:16 - [MESSAGE][INFO] - Unable to find the element located by 'By.xpath: //*[contains(text(),'Not Determined')]'. Please recheck the objects properties to make sure the desired element is located. 

2021-05-04 16:47:16 - [MESSAGE][WARNING] - Object 'Object Repository/Canine/Filter/ResponseToTreatment/NotDetermined_Chkbx' is not present after 10 second(s)

2021-05-04 16:47:16 - [TEST_STEP][PASSED] - ctdc.utilities.runtestcaseforKatalon.clickTab("Object Repository/Canine/Filter/ResponseToTreatment/NotDetermined_Chkbx"): ctdc.utilities.runtestcaseforKatalon.clickTab is PASSED

2021-05-04 16:47:16 - [MESSAGE][PASSED] - ctdc.utilities.runtestcaseforKatalon.clickTab is PASSED

2021-05-04 16:47:16 - [TEST_STEP][PASSED] - ctdc.utilities.runtestcaseforKatalon.clickTab("Object Repository/Canine/Filter/ResponseToTreatment/RESPONSETOTREATMENT_Ddn"): ctdc.utilities.runtestcaseforKatalon.clickTab is PASSED

2021-05-04 16:47:17 - [MESSAGE][PASSED] - ctdc.utilities.runtestcaseforKatalon.clickTab is PASSED

2021-05-04 16:47:17 - [TEST_STEP][PASSED] - ctdc.utilities.runtestcaseforKatalon.readStatBarCanine("Object Repository/Canine/StatBar/Canine_StatBar-Studies", "Object Repository/Canine/StatBar/Canine_StatBar-Cases", "Object Repository/Canine/StatBar/Canine_StatBar-Samples", "Object Repository/Canine/StatBar/Canine_StatBar-Files", "Object Repository/Canine/StatBar/Canine_StatBar-Aliquots"): ctdc.utilities.runtestcaseforKatalon.readStatBarCanine is PASSED

2021-05-04 16:47:34 - [MESSAGE][PASSED] - ctdc.utilities.runtestcaseforKatalon.readStatBarCanine is PASSED

2021-05-04 16:47:34 - [TEST_STEP][PASSED] - waitForElementPresent(findTestObject("Object Repository/Canine/CanineResults_Cases_Tab"), 5): Object 'Object Repository/Canine/CanineResults_Cases_Tab' is not present after 5 second(s)

2021-05-04 16:47:40 - [MESSAGE][INFO] - Unable to find the element located by 'By.xpath: //*[@id="case_tab"]'. Please recheck the objects properties to make sure the desired element is located. 

2021-05-04 16:47:40 - [MESSAGE][WARNING] - Object 'Object Repository/Canine/CanineResults_Cases_Tab' is not present after 5 second(s)

2021-05-04 16:47:40 - [TEST_STEP][PASSED] - ctdc.utilities.runtestcaseforKatalon.clickTab("Object Repository/Canine/CanineResults_Cases_Tab"): ctdc.utilities.runtestcaseforKatalon.clickTab is PASSED

2021-05-04 16:47:41 - [MESSAGE][PASSED] - ctdc.utilities.runtestcaseforKatalon.clickTab is PASSED

2021-05-04 16:47:41 - [TEST_STEP][PASSED] - ctdc.utilities.runtestcaseforKatalon.multiFunction("ICDC", G_StatBar_Cases, "Object Repository/Canine/Canine_CasesTable", "Object Repository/Canine/Canine_TableHeader", "Object Repository/Canine/Canine_CasesTabNextBtn", G_WebTabnameCases, G_CypherTabnameCases, G_QueryCasesTab): Statbar Arms count matches

2021-05-04 16:48:01 - [MESSAGE][PASSED] - Statbar Files count matches

2021-05-04 16:48:01 - [MESSAGE][PASSED] - Statbar Samples count matches

2021-05-04 16:48:01 - [MESSAGE][PASSED] - Statbar Cases count matches

2021-05-04 16:48:01 - [MESSAGE][PASSED] - Statbar Arms count matches

2021-05-04 16:48:01 - [TEST_STEP][PASSED] - closeBrowser(): Browser is closed

2021-05-04 16:48:04 - [MESSAGE][PASSED] - Browser is closed]]></system-out>
         <system-err><![CDATA[]]></system-err>
      </testcase>
      <testcase name="Test Cases/Canine_TestCases/Study-Combinations/TC15_Canine_StudyUBC-Breed_Diagnosis_PrimDiseaseSite_RespToTreatmt" time="373.848" classname="Test Cases/Canine_TestCases/Study-Combinations/TC15_Canine_StudyUBC-Breed_Diagnosis_PrimDiseaseSite_RespToTreatmt" status="PASSED">
         <system-out><![CDATA[2021-05-04 16:48:04 - [TEST_CASE][PASSED] - Test Cases/Canine_TestCases/Study-Combinations/TC15_Canine_StudyUBC-Breed_Diagnosis_PrimDiseaseSite_RespToTreatmt: Test Cases/Canine_TestCases/Study-Combinations/TC15_Canine_StudyUBC-Breed_Diagnosis_PrimDiseaseSite_RespToTreatmt

2021-05-04 16:48:07 - [TEST_STEP][PASSED] - closeBrowser(): Browser is closed

2021-05-04 16:48:07 - [MESSAGE][PASSED] - Browser is closed

2021-05-04 16:48:07 - [TEST_STEP][PASSED] - openBrowser(""): Browser is opened with url: ''

2021-05-04 16:48:08 - [MESSAGE][INFO] - Starting 'Chrome (headless)' driver

2021-05-04 16:48:08 - [MESSAGE][INFO] - User set preference: ['args', '[--no-sandbox]']

2021-05-04 16:48:08 - [MESSAGE][INFO] - Action delay is set to 5,000 milliseconds

2021-05-04 16:48:11 - [MESSAGE][PASSED] - Browser is opened with url: ''

2021-05-04 16:48:11 - [TEST_STEP][PASSED] - maximizeWindow(): Current window maximized

2021-05-04 16:48:12 - [MESSAGE][PASSED] - Current window maximized

2021-05-04 16:48:12 - [TEST_STEP][PASSED] - "Driver opened by Katalon is used in Selenium from this step.": null

2021-05-04 16:48:12 - [TEST_STEP][PASSED] - ctdc.utilities.runtestcaseforKatalon.RunKatalon("TC15_Canine_StudyUBC-Breed_Diagnosis_PrimDiseaseSite_RespToTreatmt.xlsx"): Data loaded from input file for the test case. 

2021-05-04 16:48:12 - [MESSAGE][PASSED] - Test case file loaded This is the full filepath after converting to string :C:\Users\radhakrishnang2\Desktop\Commons_Automation\InputFiles\TC15_Canine_StudyUBC-Breed_Diagnosis_PrimDiseaseSite_RespToTreatmt.xlsx

2021-05-04 16:48:12 - [MESSAGE][INFO] - Global variable set for password file is :  C:\Users\radhakrishnang2\Desktop\Commons_Automation\InputFiles\TC15_Canine_StudyUBC-Breed_Diagnosis_PrimDiseaseSite_RespToTreatmt.xlsx

2021-05-04 16:48:12 - [MESSAGE][PASSED] - Data loaded from input file for the test case. 

2021-05-04 16:48:26 - [TEST_STEP][PASSED] - waitForElementPresent(findTestObject("Canine/NavBar/Canine_Cases_Btn"), 10): Object 'Object Repository/Canine/NavBar/Canine_Cases_Btn' is not present after 10 second(s)

2021-05-04 16:48:37 - [MESSAGE][INFO] - Unable to find the element located by 'By.xpath: //a[contains(@href,'cases')]'. Please recheck the objects properties to make sure the desired element is located. 

2021-05-04 16:48:37 - [MESSAGE][WARNING] - Object 'Object Repository/Canine/NavBar/Canine_Cases_Btn' is not present after 10 second(s)

2021-05-04 16:48:37 - [TEST_STEP][PASSED] - ctdc.utilities.runtestcaseforKatalon.clickTab("Canine/NavBar/Canine_Cases_Btn"): ctdc.utilities.runtestcaseforKatalon.clickTab is PASSED

2021-05-04 16:48:38 - [MESSAGE][PASSED] - ctdc.utilities.runtestcaseforKatalon.clickTab is PASSED

2021-05-04 16:48:38 - [TEST_STEP][PASSED] - waitForElementPresent(findTestObject("Object Repository/Canine/Filter/FilterByCases_Facet"), 10): Object 'Object Repository/Canine/Filter/FilterByCases_Facet' is not present after 10 second(s)

2021-05-04 16:48:50 - [MESSAGE][INFO] - Unable to find the element located by 'By.xpath: //*[contains(text(),'Filter By Cases')]'. Please recheck the objects properties to make sure the desired element is located. 

2021-05-04 16:48:50 - [MESSAGE][WARNING] - Object 'Object Repository/Canine/Filter/FilterByCases_Facet' is not present after 10 second(s)

2021-05-04 16:48:50 - [TEST_STEP][PASSED] - ctdc.utilities.runtestcaseforKatalon.clickTab("Object Repository/Canine/Filter/FilterByCases_Facet"): ctdc.utilities.runtestcaseforKatalon.clickTab is PASSED

2021-05-04 16:48:51 - [MESSAGE][PASSED] - ctdc.utilities.runtestcaseforKatalon.clickTab is PASSED

2021-05-04 16:48:51 - [TEST_STEP][PASSED] - waitForElementPresent(findTestObject("Object Repository/Canine/Filter/Study/Canine_Filter_Study"), 10): Object 'Object Repository/Canine/Filter/Study/Canine_Filter_Study' is not present after 10 second(s)

2021-05-04 16:49:03 - [MESSAGE][INFO] - Unable to find the element located by 'By.xpath: //*[@id='Study']'. Please recheck the objects properties to make sure the desired element is located. 

2021-05-04 16:49:03 - [MESSAGE][WARNING] - Object 'Object Repository/Canine/Filter/Study/Canine_Filter_Study' is not present after 10 second(s)

2021-05-04 16:49:03 - [TEST_STEP][PASSED] - ctdc.utilities.runtestcaseforKatalon.clickTab("Object Repository/Canine/Filter/Study/Canine_Filter_Study"): ctdc.utilities.runtestcaseforKatalon.clickTab is PASSED

2021-05-04 16:49:06 - [MESSAGE][PASSED] - ctdc.utilities.runtestcaseforKatalon.clickTab is PASSED

2021-05-04 16:49:06 - [TEST_STEP][PASSED] - waitForElementPresent(findTestObject("Object Repository/Canine/Filter/Study/Canine_Filter_Study-UBC_Chkbx"), 10): Object 'Object Repository/Canine/Filter/Study/Canine_Filter_Study-UBC_Chkbx' is not present after 10 second(s)

2021-05-04 16:49:18 - [MESSAGE][INFO] - Unable to find the element located by 'By.xpath: (//*[contains(text(),'UBC')])[1]'. Please recheck the objects properties to make sure the desired element is located. 

2021-05-04 16:49:18 - [MESSAGE][WARNING] - Object 'Object Repository/Canine/Filter/Study/Canine_Filter_Study-UBC_Chkbx' is not present after 10 second(s)

2021-05-04 16:49:18 - [TEST_STEP][PASSED] - ctdc.utilities.runtestcaseforKatalon.clickTab("Object Repository/Canine/Filter/Study/Canine_Filter_Study-UBC_Chkbx"): ctdc.utilities.runtestcaseforKatalon.clickTab is PASSED

2021-05-04 16:49:20 - [MESSAGE][PASSED] - ctdc.utilities.runtestcaseforKatalon.clickTab is PASSED

2021-05-04 16:49:20 - [TEST_STEP][PASSED] - Thread.sleep(2000): null

2021-05-04 16:49:22 - [TEST_STEP][PASSED] - waitForElementPresent(findTestObject("Object Repository/Canine/Filter/Breed/BREED_Ddn"), 10): Object 'Object Repository/Canine/Filter/Breed/BREED_Ddn' is not present after 10 second(s)

2021-05-04 16:49:34 - [MESSAGE][INFO] - Unable to find the element located by 'By.xpath: //*[@id='Breed']'. Please recheck the objects properties to make sure the desired element is located. 

2021-05-04 16:49:34 - [MESSAGE][WARNING] - Object 'Object Repository/Canine/Filter/Breed/BREED_Ddn' is not present after 10 second(s)

2021-05-04 16:49:34 - [TEST_STEP][PASSED] - ctdc.utilities.runtestcaseforKatalon.clickTab("Object Repository/Canine/Filter/Breed/BREED_Ddn"): ctdc.utilities.runtestcaseforKatalon.clickTab is PASSED

2021-05-04 16:49:36 - [MESSAGE][PASSED] - ctdc.utilities.runtestcaseforKatalon.clickTab is PASSED

2021-05-04 16:49:36 - [TEST_STEP][PASSED] - waitForElementPresent(findTestObject("Object Repository/Canine/Filter/Breed/BelgMalin_Chkbx"), 10): Object 'Object Repository/Canine/Filter/Breed/BelgMalin_Chkbx' is not present after 10 second(s)

2021-05-04 16:49:48 - [MESSAGE][INFO] - Unable to find the element located by 'By.xpath: //*[contains(text(),'Belgian Malinois')]'. Please recheck the objects properties to make sure the desired element is located. 

2021-05-04 16:49:48 - [MESSAGE][WARNING] - Object 'Object Repository/Canine/Filter/Breed/BelgMalin_Chkbx' is not present after 10 second(s)

2021-05-04 16:49:48 - [TEST_STEP][PASSED] - ctdc.utilities.runtestcaseforKatalon.clickTab("Object Repository/Canine/Filter/Breed/BelgMalin_Chkbx"): ctdc.utilities.runtestcaseforKatalon.clickTab is PASSED

2021-05-04 16:49:49 - [MESSAGE][PASSED] - ctdc.utilities.runtestcaseforKatalon.clickTab is PASSED

2021-05-04 16:49:49 - [TEST_STEP][PASSED] - waitForElementPresent(findTestObject("Object Repository/Canine/Filter/Breed/Labrador_Chkbx"), 10): Object 'Object Repository/Canine/Filter/Breed/Labrador_Chkbx' is not present after 10 second(s)

2021-05-04 16:50:01 - [MESSAGE][INFO] - Unable to find the element located by 'By.xpath: //*[contains(text(),'Labrador Retriever')]'. Please recheck the objects properties to make sure the desired element is located. 

2021-05-04 16:50:01 - [MESSAGE][WARNING] - Object 'Object Repository/Canine/Filter/Breed/Labrador_Chkbx' is not present after 10 second(s)

2021-05-04 16:50:01 - [TEST_STEP][PASSED] - ctdc.utilities.runtestcaseforKatalon.clickTab("Object Repository/Canine/Filter/Breed/Labrador_Chkbx"): ctdc.utilities.runtestcaseforKatalon.clickTab is PASSED

2021-05-04 16:50:05 - [MESSAGE][PASSED] - ctdc.utilities.runtestcaseforKatalon.clickTab is PASSED

2021-05-04 16:50:05 - [TEST_STEP][PASSED] - waitForElementPresent(findTestObject("Object Repository/Canine/Filter/Breed/WestHland_Chkbx"), 10): Object 'Object Repository/Canine/Filter/Breed/WestHland_Chkbx' is not present after 10 second(s)

2021-05-04 16:50:17 - [MESSAGE][INFO] - Unable to find the element located by 'By.xpath: //*[contains(text(),'West Highland White Terrier')]'. Please recheck the objects properties to make sure the desired element is located. 

2021-05-04 16:50:17 - [MESSAGE][WARNING] - Object 'Object Repository/Canine/Filter/Breed/WestHland_Chkbx' is not present after 10 second(s)

2021-05-04 16:50:17 - [TEST_STEP][PASSED] - ctdc.utilities.runtestcaseforKatalon.clickTab("Object Repository/Canine/Filter/Breed/WestHland_Chkbx"): ctdc.utilities.runtestcaseforKatalon.clickTab is PASSED

2021-05-04 16:50:19 - [MESSAGE][PASSED] - ctdc.utilities.runtestcaseforKatalon.clickTab is PASSED

2021-05-04 16:50:19 - [TEST_STEP][PASSED] - ctdc.utilities.runtestcaseforKatalon.clickTab("Object Repository/Canine/Filter/Breed/BREED_Ddn"): ctdc.utilities.runtestcaseforKatalon.clickTab is PASSED

2021-05-04 16:50:23 - [MESSAGE][PASSED] - ctdc.utilities.runtestcaseforKatalon.clickTab is PASSED

2021-05-04 16:50:23 - [TEST_STEP][PASSED] - waitForElementPresent(findTestObject("Object Repository/Canine/Filter/Diagnosis/DIAGNOSIS_Ddn"), 10): Object 'Object Repository/Canine/Filter/Diagnosis/DIAGNOSIS_Ddn' is not present after 10 second(s)

2021-05-04 16:50:35 - [MESSAGE][INFO] - Unable to find the element located by 'By.xpath: (//*[@id='Diagnosis'])[1]'. Please recheck the objects properties to make sure the desired element is located. 

2021-05-04 16:50:35 - [MESSAGE][WARNING] - Object 'Object Repository/Canine/Filter/Diagnosis/DIAGNOSIS_Ddn' is not present after 10 second(s)

2021-05-04 16:50:35 - [TEST_STEP][PASSED] - ctdc.utilities.runtestcaseforKatalon.clickTab("Object Repository/Canine/Filter/Diagnosis/DIAGNOSIS_Ddn"): ctdc.utilities.runtestcaseforKatalon.clickTab is PASSED

2021-05-04 16:50:37 - [MESSAGE][PASSED] - ctdc.utilities.runtestcaseforKatalon.clickTab is PASSED

2021-05-04 16:50:37 - [TEST_STEP][PASSED] - waitForElementPresent(findTestObject("Object Repository/Canine/Filter/Diagnosis/BladderCancer_Chkbx"), 10): Object 'Object Repository/Canine/Filter/Diagnosis/BladderCancer_Chkbx' is not present after 10 second(s)

2021-05-04 16:50:48 - [MESSAGE][INFO] - Unable to find the element located by 'By.xpath: //*[contains(text(),'Bladder Cancer')]'. Please recheck the objects properties to make sure the desired element is located. 

2021-05-04 16:50:48 - [MESSAGE][WARNING] - Object 'Object Repository/Canine/Filter/Diagnosis/BladderCancer_Chkbx' is not present after 10 second(s)

2021-05-04 16:50:48 - [TEST_STEP][PASSED] - ctdc.utilities.runtestcaseforKatalon.clickTab("Object Repository/Canine/Filter/Diagnosis/BladderCancer_Chkbx"): ctdc.utilities.runtestcaseforKatalon.clickTab is PASSED

2021-05-04 16:50:50 - [MESSAGE][PASSED] - ctdc.utilities.runtestcaseforKatalon.clickTab is PASSED

2021-05-04 16:50:50 - [TEST_STEP][PASSED] - ctdc.utilities.runtestcaseforKatalon.clickTab("Object Repository/Canine/Filter/Diagnosis/DIAGNOSIS_Ddn"): ctdc.utilities.runtestcaseforKatalon.clickTab is PASSED

2021-05-04 16:50:54 - [MESSAGE][PASSED] - ctdc.utilities.runtestcaseforKatalon.clickTab is PASSED

2021-05-04 16:50:54 - [TEST_STEP][PASSED] - waitForElementPresent(findTestObject("Object Repository/Canine/Filter/PrimDiseaseSite/PRIMARYDISEASESITE_Ddn"), 10): Object 'Object Repository/Canine/Filter/PrimDiseaseSite/PRIMARYDISEASESITE_Ddn' is not present after 10 second(s)

2021-05-04 16:51:05 - [MESSAGE][INFO] - Unable to find the element located by 'By.xpath: //*[@id='Primary Disease Site']'. Please recheck the objects properties to make sure the desired element is located. 

2021-05-04 16:51:05 - [MESSAGE][WARNING] - Object 'Object Repository/Canine/Filter/PrimDiseaseSite/PRIMARYDISEASESITE_Ddn' is not present after 10 second(s)

2021-05-04 16:51:05 - [TEST_STEP][PASSED] - ctdc.utilities.runtestcaseforKatalon.clickTab("Object Repository/Canine/Filter/PrimDiseaseSite/PRIMARYDISEASESITE_Ddn"): ctdc.utilities.runtestcaseforKatalon.clickTab is PASSED

2021-05-04 16:51:07 - [MESSAGE][PASSED] - ctdc.utilities.runtestcaseforKatalon.clickTab is PASSED

2021-05-04 16:51:07 - [TEST_STEP][PASSED] - waitForElementPresent(findTestObject("Object Repository/Canine/Filter/PrimDiseaseSite/BladderProstate_Chkbx"), 10): Object 'Object Repository/Canine/Filter/PrimDiseaseSite/BladderProstate_Chkbx' is not present after 10 second(s)

2021-05-04 16:51:19 - [MESSAGE][INFO] - Unable to find the element located by 'By.xpath: //*[contains(text(),'Bladder, Prostate')]'. Please recheck the objects properties to make sure the desired element is located. 

2021-05-04 16:51:19 - [MESSAGE][WARNING] - Object 'Object Repository/Canine/Filter/PrimDiseaseSite/BladderProstate_Chkbx' is not present after 10 second(s)

2021-05-04 16:51:19 - [TEST_STEP][PASSED] - ctdc.utilities.runtestcaseforKatalon.clickTab("Object Repository/Canine/Filter/PrimDiseaseSite/BladderProstate_Chkbx"): ctdc.utilities.runtestcaseforKatalon.clickTab is PASSED

2021-05-04 16:51:21 - [MESSAGE][PASSED] - ctdc.utilities.runtestcaseforKatalon.clickTab is PASSED

2021-05-04 16:51:21 - [TEST_STEP][PASSED] - waitForElementPresent(findTestObject("Object Repository/Canine/Filter/PrimDiseaseSite/BladderUrethra_Chkbx"), 10): Object 'Object Repository/Canine/Filter/PrimDiseaseSite/BladderUrethra_Chkbx' is not present after 10 second(s)

2021-05-04 16:51:33 - [MESSAGE][INFO] - Unable to find the element located by 'By.xpath: (//*[contains(text(),'Bladder, Urethra')])[1]'. Please recheck the objects properties to make sure the desired element is located. 

2021-05-04 16:51:33 - [MESSAGE][WARNING] - Object 'Object Repository/Canine/Filter/PrimDiseaseSite/BladderUrethra_Chkbx' is not present after 10 second(s)

2021-05-04 16:51:33 - [TEST_STEP][PASSED] - ctdc.utilities.runtestcaseforKatalon.clickTab("Object Repository/Canine/Filter/PrimDiseaseSite/BladderUrethra_Chkbx"): ctdc.utilities.runtestcaseforKatalon.clickTab is PASSED

2021-05-04 16:51:34 - [MESSAGE][PASSED] - ctdc.utilities.runtestcaseforKatalon.clickTab is PASSED

2021-05-04 16:51:34 - [TEST_STEP][PASSED] - waitForElementPresent(findTestObject("Object Repository/Canine/Filter/PrimDiseaseSite/BladderUrethraProstate_Chkbx"), 10): Object 'Object Repository/Canine/Filter/PrimDiseaseSite/BladderUrethraProstate_Chkbx' is not present after 10 second(s)

2021-05-04 16:51:46 - [MESSAGE][INFO] - Unable to find the element located by 'By.xpath: //*[contains(text(),'Bladder, Urethra, Prostate')]'. Please recheck the objects properties to make sure the desired element is located. 

2021-05-04 16:51:46 - [MESSAGE][WARNING] - Object 'Object Repository/Canine/Filter/PrimDiseaseSite/BladderUrethraProstate_Chkbx' is not present after 10 second(s)

2021-05-04 16:51:46 - [TEST_STEP][PASSED] - ctdc.utilities.runtestcaseforKatalon.clickTab("Object Repository/Canine/Filter/PrimDiseaseSite/BladderUrethraProstate_Chkbx"): ctdc.utilities.runtestcaseforKatalon.clickTab is PASSED

2021-05-04 16:51:48 - [MESSAGE][PASSED] - ctdc.utilities.runtestcaseforKatalon.clickTab is PASSED

2021-05-04 16:51:48 - [TEST_STEP][PASSED] - waitForElementPresent(findTestObject("Object Repository/Canine/Filter/PrimDiseaseSite/UrethraProstate_Chkbx"), 10): Object 'Object Repository/Canine/Filter/PrimDiseaseSite/UrethraProstate_Chkbx' is not present after 10 second(s)

2021-05-04 16:51:59 - [MESSAGE][INFO] - Unable to find the element located by 'By.xpath: (//*[contains(text(),'Urethra, Prostate')])[2]'. Please recheck the objects properties to make sure the desired element is located. 

2021-05-04 16:51:59 - [MESSAGE][WARNING] - Object 'Object Repository/Canine/Filter/PrimDiseaseSite/UrethraProstate_Chkbx' is not present after 10 second(s)

2021-05-04 16:51:59 - [TEST_STEP][PASSED] - ctdc.utilities.runtestcaseforKatalon.clickTab("Object Repository/Canine/Filter/PrimDiseaseSite/UrethraProstate_Chkbx"): ctdc.utilities.runtestcaseforKatalon.clickTab is PASSED

2021-05-04 16:52:01 - [MESSAGE][PASSED] - ctdc.utilities.runtestcaseforKatalon.clickTab is PASSED

2021-05-04 16:52:01 - [TEST_STEP][PASSED] - ctdc.utilities.runtestcaseforKatalon.clickTab("Object Repository/Canine/Filter/PrimDiseaseSite/PRIMARYDISEASESITE_Ddn"): ctdc.utilities.runtestcaseforKatalon.clickTab is PASSED

2021-05-04 16:52:05 - [MESSAGE][PASSED] - ctdc.utilities.runtestcaseforKatalon.clickTab is PASSED

2021-05-04 16:52:05 - [TEST_STEP][PASSED] - waitForElementPresent(findTestObject("Object Repository/Canine/Filter/ResponseToTreatment/RESPONSETOTREATMENT_Ddn"), 10): Object 'Object Repository/Canine/Filter/ResponseToTreatment/RESPONSETOTREATMENT_Ddn' is not present after 10 second(s)

2021-05-04 16:52:17 - [MESSAGE][INFO] - Unable to find the element located by 'By.xpath: (//div[@id='Response to Treatment'])[1]'. Please recheck the objects properties to make sure the desired element is located. 

2021-05-04 16:52:17 - [MESSAGE][WARNING] - Object 'Object Repository/Canine/Filter/ResponseToTreatment/RESPONSETOTREATMENT_Ddn' is not present after 10 second(s)

2021-05-04 16:52:17 - [TEST_STEP][PASSED] - ctdc.utilities.runtestcaseforKatalon.clickTab("Object Repository/Canine/Filter/ResponseToTreatment/RESPONSETOTREATMENT_Ddn"): ctdc.utilities.runtestcaseforKatalon.clickTab is PASSED

2021-05-04 16:52:19 - [MESSAGE][PASSED] - ctdc.utilities.runtestcaseforKatalon.clickTab is PASSED

2021-05-04 16:52:19 - [TEST_STEP][PASSED] - waitForElementPresent(findTestObject("Object Repository/Canine/Filter/ResponseToTreatment/NotDetermined_Chkbx"), 10): Object 'Object Repository/Canine/Filter/ResponseToTreatment/NotDetermined_Chkbx' is not present after 10 second(s)

2021-05-04 16:52:30 - [MESSAGE][INFO] - Unable to find the element located by 'By.xpath: //*[contains(text(),'Not Determined')]'. Please recheck the objects properties to make sure the desired element is located. 

2021-05-04 16:52:30 - [MESSAGE][WARNING] - Object 'Object Repository/Canine/Filter/ResponseToTreatment/NotDetermined_Chkbx' is not present after 10 second(s)

2021-05-04 16:52:30 - [TEST_STEP][PASSED] - ctdc.utilities.runtestcaseforKatalon.clickTab("Object Repository/Canine/Filter/ResponseToTreatment/NotDetermined_Chkbx"): ctdc.utilities.runtestcaseforKatalon.clickTab is PASSED

2021-05-04 16:52:31 - [MESSAGE][PASSED] - ctdc.utilities.runtestcaseforKatalon.clickTab is PASSED

2021-05-04 16:52:31 - [TEST_STEP][PASSED] - waitForElementPresent(findTestObject("Object Repository/Canine/Filter/ResponseToTreatment/StableDisease_Chkbx"), 10): Object 'Object Repository/Canine/Filter/ResponseToTreatment/StableDisease_Chkbx' is not present after 10 second(s)

2021-05-04 16:52:44 - [MESSAGE][INFO] - Unable to find the element located by 'By.xpath: //*[contains(text(),'Stable Disease')]'. Please recheck the objects properties to make sure the desired element is located. 

2021-05-04 16:52:44 - [MESSAGE][WARNING] - Object 'Object Repository/Canine/Filter/ResponseToTreatment/StableDisease_Chkbx' is not present after 10 second(s)

2021-05-04 16:52:44 - [TEST_STEP][PASSED] - ctdc.utilities.runtestcaseforKatalon.clickTab("Object Repository/Canine/Filter/ResponseToTreatment/StableDisease_Chkbx"): ctdc.utilities.runtestcaseforKatalon.clickTab is PASSED

2021-05-04 16:52:47 - [MESSAGE][PASSED] - ctdc.utilities.runtestcaseforKatalon.clickTab is PASSED

2021-05-04 16:52:47 - [TEST_STEP][PASSED] - ctdc.utilities.runtestcaseforKatalon.clickTab("Object Repository/Canine/Filter/ResponseToTreatment/RESPONSETOTREATMENT_Ddn"): ctdc.utilities.runtestcaseforKatalon.clickTab is PASSED

2021-05-04 16:52:52 - [MESSAGE][PASSED] - ctdc.utilities.runtestcaseforKatalon.clickTab is PASSED

2021-05-04 16:52:52 - [TEST_STEP][PASSED] - ctdc.utilities.runtestcaseforKatalon.readStatBarCanine("Object Repository/Canine/StatBar/Canine_StatBar-Studies", "Object Repository/Canine/StatBar/Canine_StatBar-Cases", "Object Repository/Canine/StatBar/Canine_StatBar-Samples", "Object Repository/Canine/StatBar/Canine_StatBar-Files", "Object Repository/Canine/StatBar/Canine_StatBar-Aliquots"): ctdc.utilities.runtestcaseforKatalon.readStatBarCanine is PASSED

2021-05-04 16:53:14 - [MESSAGE][PASSED] - ctdc.utilities.runtestcaseforKatalon.readStatBarCanine is PASSED

2021-05-04 16:53:14 - [TEST_STEP][PASSED] - waitForElementPresent(findTestObject("Object Repository/Canine/CanineResults_Cases_Tab"), 5): Object 'Object Repository/Canine/CanineResults_Cases_Tab' is not present after 5 second(s)

2021-05-04 16:53:20 - [MESSAGE][INFO] - Unable to find the element located by 'By.xpath: //*[@id="case_tab"]'. Please recheck the objects properties to make sure the desired element is located. 

2021-05-04 16:53:20 - [MESSAGE][WARNING] - Object 'Object Repository/Canine/CanineResults_Cases_Tab' is not present after 5 second(s)

2021-05-04 16:53:20 - [TEST_STEP][PASSED] - ctdc.utilities.runtestcaseforKatalon.clickTab("Object Repository/Canine/CanineResults_Cases_Tab"): ctdc.utilities.runtestcaseforKatalon.clickTab is PASSED

2021-05-04 16:53:23 - [MESSAGE][PASSED] - ctdc.utilities.runtestcaseforKatalon.clickTab is PASSED

2021-05-04 16:53:23 - [TEST_STEP][PASSED] - ctdc.utilities.runtestcaseforKatalon.multiFunction("ICDC", G_StatBar_Cases, "Object Repository/Canine/Canine_CasesTable", "Object Repository/Canine/Canine_TableHeader", "Object Repository/Canine/Canine_CasesTabNextBtn", G_WebTabnameCases, G_CypherTabnameCases, G_QueryCasesTab): Statbar Arms count matches

2021-05-04 16:54:17 - [MESSAGE][PASSED] - Statbar Files count matches

2021-05-04 16:54:17 - [MESSAGE][PASSED] - Statbar Samples count matches

2021-05-04 16:54:17 - [MESSAGE][PASSED] - Statbar Cases count matches

2021-05-04 16:54:17 - [MESSAGE][PASSED] - Statbar Arms count matches

2021-05-04 16:54:17 - [TEST_STEP][PASSED] - closeBrowser(): Browser is closed

2021-05-04 16:54:18 - [MESSAGE][PASSED] - Browser is closed]]></system-out>
         <system-err><![CDATA[]]></system-err>
      </testcase>
      <testcase name="Test Cases/Canine_TestCases/Study-Combinations/TC16_Canine_StudyUBC-Breed_Diagnosis_PrimDiseaseSite_RespToTreatmt" time="408.095" classname="Test Cases/Canine_TestCases/Study-Combinations/TC16_Canine_StudyUBC-Breed_Diagnosis_PrimDiseaseSite_RespToTreatmt" status="PASSED">
         <system-out><![CDATA[2021-05-04 16:54:18 - [TEST_CASE][PASSED] - Test Cases/Canine_TestCases/Study-Combinations/TC16_Canine_StudyUBC-Breed_Diagnosis_PrimDiseaseSite_RespToTreatmt: Test Cases/Canine_TestCases/Study-Combinations/TC16_Canine_StudyUBC-Breed_Diagnosis_PrimDiseaseSite_RespToTreatmt

2021-05-04 16:54:21 - [TEST_STEP][PASSED] - closeBrowser(): Browser is closed

2021-05-04 16:54:21 - [MESSAGE][PASSED] - Browser is closed

2021-05-04 16:54:21 - [TEST_STEP][PASSED] - openBrowser(""): Browser is opened with url: ''

2021-05-04 16:54:21 - [MESSAGE][INFO] - Starting 'Chrome (headless)' driver

2021-05-04 16:54:21 - [MESSAGE][INFO] - User set preference: ['args', '[--no-sandbox]']

2021-05-04 16:54:21 - [MESSAGE][INFO] - Action delay is set to 5,000 milliseconds

2021-05-04 16:54:26 - [MESSAGE][PASSED] - Browser is opened with url: ''

2021-05-04 16:54:26 - [TEST_STEP][PASSED] - maximizeWindow(): Current window maximized

2021-05-04 16:54:26 - [MESSAGE][PASSED] - Current window maximized

2021-05-04 16:54:26 - [TEST_STEP][PASSED] - "Driver opened by Katalon is used in Selenium from this step.": null

2021-05-04 16:54:26 - [TEST_STEP][PASSED] - ctdc.utilities.runtestcaseforKatalon.RunKatalon("TC16_Canine_StudyUBC-Breed_Diagnosis_PrimDiseaseSite_RespToTreatmt.xlsx"): Data loaded from input file for the test case. 

2021-05-04 16:54:26 - [MESSAGE][PASSED] - Test case file loaded This is the full filepath after converting to string :C:\Users\radhakrishnang2\Desktop\Commons_Automation\InputFiles\TC16_Canine_StudyUBC-Breed_Diagnosis_PrimDiseaseSite_RespToTreatmt.xlsx

2021-05-04 16:54:26 - [MESSAGE][INFO] - Global variable set for password file is :  C:\Users\radhakrishnang2\Desktop\Commons_Automation\InputFiles\TC16_Canine_StudyUBC-Breed_Diagnosis_PrimDiseaseSite_RespToTreatmt.xlsx

2021-05-04 16:54:26 - [MESSAGE][PASSED] - Data loaded from input file for the test case. 

2021-05-04 16:54:42 - [TEST_STEP][PASSED] - waitForElementPresent(findTestObject("Canine/NavBar/Canine_Cases_Btn"), 10): Object 'Object Repository/Canine/NavBar/Canine_Cases_Btn' is not present after 10 second(s)

2021-05-04 16:54:54 - [MESSAGE][INFO] - Unable to find the element located by 'By.xpath: //a[contains(@href,'cases')]'. Please recheck the objects properties to make sure the desired element is located. 

2021-05-04 16:54:54 - [MESSAGE][WARNING] - Object 'Object Repository/Canine/NavBar/Canine_Cases_Btn' is not present after 10 second(s)

2021-05-04 16:54:54 - [TEST_STEP][PASSED] - ctdc.utilities.runtestcaseforKatalon.clickTab("Canine/NavBar/Canine_Cases_Btn"): ctdc.utilities.runtestcaseforKatalon.clickTab is PASSED

2021-05-04 16:54:55 - [MESSAGE][PASSED] - ctdc.utilities.runtestcaseforKatalon.clickTab is PASSED

2021-05-04 16:54:55 - [TEST_STEP][PASSED] - waitForElementPresent(findTestObject("Object Repository/Canine/Filter/FilterByCases_Facet"), 10): Object 'Object Repository/Canine/Filter/FilterByCases_Facet' is not present after 10 second(s)

2021-05-04 16:55:06 - [MESSAGE][INFO] - Unable to find the element located by 'By.xpath: //*[contains(text(),'Filter By Cases')]'. Please recheck the objects properties to make sure the desired element is located. 

2021-05-04 16:55:06 - [MESSAGE][WARNING] - Object 'Object Repository/Canine/Filter/FilterByCases_Facet' is not present after 10 second(s)

2021-05-04 16:55:06 - [TEST_STEP][PASSED] - ctdc.utilities.runtestcaseforKatalon.clickTab("Object Repository/Canine/Filter/FilterByCases_Facet"): ctdc.utilities.runtestcaseforKatalon.clickTab is PASSED

2021-05-04 16:55:08 - [MESSAGE][PASSED] - ctdc.utilities.runtestcaseforKatalon.clickTab is PASSED

2021-05-04 16:55:08 - [TEST_STEP][PASSED] - waitForElementPresent(findTestObject("Object Repository/Canine/Filter/Study/Canine_Filter_Study"), 10): Object 'Object Repository/Canine/Filter/Study/Canine_Filter_Study' is not present after 10 second(s)

2021-05-04 16:55:20 - [MESSAGE][INFO] - Unable to find the element located by 'By.xpath: //*[@id='Study']'. Please recheck the objects properties to make sure the desired element is located. 

2021-05-04 16:55:20 - [MESSAGE][WARNING] - Object 'Object Repository/Canine/Filter/Study/Canine_Filter_Study' is not present after 10 second(s)

2021-05-04 16:55:20 - [TEST_STEP][PASSED] - ctdc.utilities.runtestcaseforKatalon.clickTab("Object Repository/Canine/Filter/Study/Canine_Filter_Study"): ctdc.utilities.runtestcaseforKatalon.clickTab is PASSED

2021-05-04 16:55:21 - [MESSAGE][PASSED] - ctdc.utilities.runtestcaseforKatalon.clickTab is PASSED

2021-05-04 16:55:21 - [TEST_STEP][PASSED] - waitForElementPresent(findTestObject("Object Repository/Canine/Filter/Study/Canine_Filter_Study-UBC_Chkbx"), 10): Object 'Object Repository/Canine/Filter/Study/Canine_Filter_Study-UBC_Chkbx' is not present after 10 second(s)

2021-05-04 16:55:32 - [MESSAGE][INFO] - Unable to find the element located by 'By.xpath: (//*[contains(text(),'UBC')])[1]'. Please recheck the objects properties to make sure the desired element is located. 

2021-05-04 16:55:32 - [MESSAGE][WARNING] - Object 'Object Repository/Canine/Filter/Study/Canine_Filter_Study-UBC_Chkbx' is not present after 10 second(s)

2021-05-04 16:55:32 - [TEST_STEP][PASSED] - ctdc.utilities.runtestcaseforKatalon.clickTab("Object Repository/Canine/Filter/Study/Canine_Filter_Study-UBC_Chkbx"): ctdc.utilities.runtestcaseforKatalon.clickTab is PASSED

2021-05-04 16:55:34 - [MESSAGE][PASSED] - ctdc.utilities.runtestcaseforKatalon.clickTab is PASSED

2021-05-04 16:55:34 - [TEST_STEP][PASSED] - Thread.sleep(2000): null

2021-05-04 16:55:36 - [TEST_STEP][PASSED] - waitForElementPresent(findTestObject("Object Repository/Canine/Filter/Breed/BREED_Ddn"), 10): Object 'Object Repository/Canine/Filter/Breed/BREED_Ddn' is not present after 10 second(s)

2021-05-04 16:55:48 - [MESSAGE][INFO] - Unable to find the element located by 'By.xpath: //*[@id='Breed']'. Please recheck the objects properties to make sure the desired element is located. 

2021-05-04 16:55:48 - [MESSAGE][WARNING] - Object 'Object Repository/Canine/Filter/Breed/BREED_Ddn' is not present after 10 second(s)

2021-05-04 16:55:48 - [TEST_STEP][PASSED] - ctdc.utilities.runtestcaseforKatalon.clickTab("Object Repository/Canine/Filter/Breed/BREED_Ddn"): ctdc.utilities.runtestcaseforKatalon.clickTab is PASSED

2021-05-04 16:55:49 - [MESSAGE][PASSED] - ctdc.utilities.runtestcaseforKatalon.clickTab is PASSED

2021-05-04 16:55:49 - [TEST_STEP][PASSED] - waitForElementPresent(findTestObject("Object Repository/Canine/Filter/Breed/BelgMalin_Chkbx"), 10): Object 'Object Repository/Canine/Filter/Breed/BelgMalin_Chkbx' is not present after 10 second(s)

2021-05-04 16:56:01 - [MESSAGE][INFO] - Unable to find the element located by 'By.xpath: //*[contains(text(),'Belgian Malinois')]'. Please recheck the objects properties to make sure the desired element is located. 

2021-05-04 16:56:01 - [MESSAGE][WARNING] - Object 'Object Repository/Canine/Filter/Breed/BelgMalin_Chkbx' is not present after 10 second(s)

2021-05-04 16:56:01 - [TEST_STEP][PASSED] - ctdc.utilities.runtestcaseforKatalon.clickTab("Object Repository/Canine/Filter/Breed/BelgMalin_Chkbx"): ctdc.utilities.runtestcaseforKatalon.clickTab is PASSED

2021-05-04 16:56:07 - [MESSAGE][PASSED] - ctdc.utilities.runtestcaseforKatalon.clickTab is PASSED

2021-05-04 16:56:07 - [TEST_STEP][PASSED] - waitForElementPresent(findTestObject("Object Repository/Canine/Filter/Breed/Labrador_Chkbx"), 10): Object 'Object Repository/Canine/Filter/Breed/Labrador_Chkbx' is not present after 10 second(s)

2021-05-04 16:56:19 - [MESSAGE][INFO] - Unable to find the element located by 'By.xpath: //*[contains(text(),'Labrador Retriever')]'. Please recheck the objects properties to make sure the desired element is located. 

2021-05-04 16:56:19 - [MESSAGE][WARNING] - Object 'Object Repository/Canine/Filter/Breed/Labrador_Chkbx' is not present after 10 second(s)

2021-05-04 16:56:19 - [TEST_STEP][PASSED] - ctdc.utilities.runtestcaseforKatalon.clickTab("Object Repository/Canine/Filter/Breed/Labrador_Chkbx"): ctdc.utilities.runtestcaseforKatalon.clickTab is PASSED

2021-05-04 16:56:21 - [MESSAGE][PASSED] - ctdc.utilities.runtestcaseforKatalon.clickTab is PASSED

2021-05-04 16:56:21 - [TEST_STEP][PASSED] - waitForElementPresent(findTestObject("Object Repository/Canine/Filter/Breed/WestHland_Chkbx"), 10): Object 'Object Repository/Canine/Filter/Breed/WestHland_Chkbx' is not present after 10 second(s)

2021-05-04 16:56:32 - [MESSAGE][INFO] - Unable to find the element located by 'By.xpath: //*[contains(text(),'West Highland White Terrier')]'. Please recheck the objects properties to make sure the desired element is located. 

2021-05-04 16:56:32 - [MESSAGE][WARNING] - Object 'Object Repository/Canine/Filter/Breed/WestHland_Chkbx' is not present after 10 second(s)

2021-05-04 16:56:32 - [TEST_STEP][PASSED] - ctdc.utilities.runtestcaseforKatalon.clickTab("Object Repository/Canine/Filter/Breed/WestHland_Chkbx"): ctdc.utilities.runtestcaseforKatalon.clickTab is PASSED

2021-05-04 16:56:34 - [MESSAGE][PASSED] - ctdc.utilities.runtestcaseforKatalon.clickTab is PASSED

2021-05-04 16:56:34 - [TEST_STEP][PASSED] - ctdc.utilities.runtestcaseforKatalon.clickTab("Object Repository/Canine/Filter/Breed/BREED_Ddn"): ctdc.utilities.runtestcaseforKatalon.clickTab is PASSED

2021-05-04 16:56:37 - [MESSAGE][PASSED] - ctdc.utilities.runtestcaseforKatalon.clickTab is PASSED

2021-05-04 16:56:38 - [TEST_STEP][PASSED] - waitForElementPresent(findTestObject("Object Repository/Canine/Filter/Diagnosis/DIAGNOSIS_Ddn"), 10): Object 'Object Repository/Canine/Filter/Diagnosis/DIAGNOSIS_Ddn' is not present after 10 second(s)

2021-05-04 16:56:49 - [MESSAGE][INFO] - Unable to find the element located by 'By.xpath: (//*[@id='Diagnosis'])[1]'. Please recheck the objects properties to make sure the desired element is located. 

2021-05-04 16:56:49 - [MESSAGE][WARNING] - Object 'Object Repository/Canine/Filter/Diagnosis/DIAGNOSIS_Ddn' is not present after 10 second(s)

2021-05-04 16:56:49 - [TEST_STEP][PASSED] - ctdc.utilities.runtestcaseforKatalon.clickTab("Object Repository/Canine/Filter/Diagnosis/DIAGNOSIS_Ddn"): ctdc.utilities.runtestcaseforKatalon.clickTab is PASSED

2021-05-04 16:56:50 - [MESSAGE][PASSED] - ctdc.utilities.runtestcaseforKatalon.clickTab is PASSED

2021-05-04 16:56:50 - [TEST_STEP][PASSED] - waitForElementPresent(findTestObject("Object Repository/Canine/Filter/Diagnosis/BladderCancer_Chkbx"), 10): Object 'Object Repository/Canine/Filter/Diagnosis/BladderCancer_Chkbx' is not present after 10 second(s)

2021-05-04 16:57:02 - [MESSAGE][INFO] - Unable to find the element located by 'By.xpath: //*[contains(text(),'Bladder Cancer')]'. Please recheck the objects properties to make sure the desired element is located. 

2021-05-04 16:57:02 - [MESSAGE][WARNING] - Object 'Object Repository/Canine/Filter/Diagnosis/BladderCancer_Chkbx' is not present after 10 second(s)

2021-05-04 16:57:02 - [TEST_STEP][PASSED] - ctdc.utilities.runtestcaseforKatalon.clickTab("Object Repository/Canine/Filter/Diagnosis/BladderCancer_Chkbx"): ctdc.utilities.runtestcaseforKatalon.clickTab is PASSED

2021-05-04 16:57:07 - [MESSAGE][PASSED] - ctdc.utilities.runtestcaseforKatalon.clickTab is PASSED

2021-05-04 16:57:07 - [TEST_STEP][PASSED] - ctdc.utilities.runtestcaseforKatalon.clickTab("Object Repository/Canine/Filter/Diagnosis/DIAGNOSIS_Ddn"): ctdc.utilities.runtestcaseforKatalon.clickTab is PASSED

2021-05-04 16:57:09 - [MESSAGE][PASSED] - ctdc.utilities.runtestcaseforKatalon.clickTab is PASSED

2021-05-04 16:57:09 - [TEST_STEP][PASSED] - waitForElementPresent(findTestObject("Object Repository/Canine/Filter/PrimDiseaseSite/PRIMARYDISEASESITE_Ddn"), 10): Object 'Object Repository/Canine/Filter/PrimDiseaseSite/PRIMARYDISEASESITE_Ddn' is not present after 10 second(s)

2021-05-04 16:57:20 - [MESSAGE][INFO] - Unable to find the element located by 'By.xpath: //*[@id='Primary Disease Site']'. Please recheck the objects properties to make sure the desired element is located. 

2021-05-04 16:57:20 - [MESSAGE][WARNING] - Object 'Object Repository/Canine/Filter/PrimDiseaseSite/PRIMARYDISEASESITE_Ddn' is not present after 10 second(s)

2021-05-04 16:57:20 - [TEST_STEP][PASSED] - ctdc.utilities.runtestcaseforKatalon.clickTab("Object Repository/Canine/Filter/PrimDiseaseSite/PRIMARYDISEASESITE_Ddn"): ctdc.utilities.runtestcaseforKatalon.clickTab is PASSED

2021-05-04 16:57:22 - [MESSAGE][PASSED] - ctdc.utilities.runtestcaseforKatalon.clickTab is PASSED

2021-05-04 16:57:22 - [TEST_STEP][PASSED] - waitForElementPresent(findTestObject("Object Repository/Canine/Filter/PrimDiseaseSite/BladderProstate_Chkbx"), 10): Object 'Object Repository/Canine/Filter/PrimDiseaseSite/BladderProstate_Chkbx' is not present after 10 second(s)

2021-05-04 16:57:33 - [MESSAGE][INFO] - Unable to find the element located by 'By.xpath: //*[contains(text(),'Bladder, Prostate')]'. Please recheck the objects properties to make sure the desired element is located. 

2021-05-04 16:57:33 - [MESSAGE][WARNING] - Object 'Object Repository/Canine/Filter/PrimDiseaseSite/BladderProstate_Chkbx' is not present after 10 second(s)

2021-05-04 16:57:33 - [TEST_STEP][PASSED] - ctdc.utilities.runtestcaseforKatalon.clickTab("Object Repository/Canine/Filter/PrimDiseaseSite/BladderProstate_Chkbx"): ctdc.utilities.runtestcaseforKatalon.clickTab is PASSED

2021-05-04 16:57:36 - [MESSAGE][PASSED] - ctdc.utilities.runtestcaseforKatalon.clickTab is PASSED

2021-05-04 16:57:36 - [TEST_STEP][PASSED] - waitForElementPresent(findTestObject("Object Repository/Canine/Filter/PrimDiseaseSite/BladderUrethra_Chkbx"), 10): Object 'Object Repository/Canine/Filter/PrimDiseaseSite/BladderUrethra_Chkbx' is not present after 10 second(s)

2021-05-04 16:57:47 - [MESSAGE][INFO] - Unable to find the element located by 'By.xpath: (//*[contains(text(),'Bladder, Urethra')])[1]'. Please recheck the objects properties to make sure the desired element is located. 

2021-05-04 16:57:47 - [MESSAGE][WARNING] - Object 'Object Repository/Canine/Filter/PrimDiseaseSite/BladderUrethra_Chkbx' is not present after 10 second(s)

2021-05-04 16:57:47 - [TEST_STEP][PASSED] - ctdc.utilities.runtestcaseforKatalon.clickTab("Object Repository/Canine/Filter/PrimDiseaseSite/BladderUrethra_Chkbx"): ctdc.utilities.runtestcaseforKatalon.clickTab is PASSED

2021-05-04 16:57:49 - [MESSAGE][PASSED] - ctdc.utilities.runtestcaseforKatalon.clickTab is PASSED

2021-05-04 16:57:49 - [TEST_STEP][PASSED] - waitForElementPresent(findTestObject("Object Repository/Canine/Filter/PrimDiseaseSite/BladderUrethraProstate_Chkbx"), 10): Object 'Object Repository/Canine/Filter/PrimDiseaseSite/BladderUrethraProstate_Chkbx' is not present after 10 second(s)

2021-05-04 16:58:01 - [MESSAGE][INFO] - Unable to find the element located by 'By.xpath: //*[contains(text(),'Bladder, Urethra, Prostate')]'. Please recheck the objects properties to make sure the desired element is located. 

2021-05-04 16:58:01 - [MESSAGE][WARNING] - Object 'Object Repository/Canine/Filter/PrimDiseaseSite/BladderUrethraProstate_Chkbx' is not present after 10 second(s)

2021-05-04 16:58:01 - [TEST_STEP][PASSED] - ctdc.utilities.runtestcaseforKatalon.clickTab("Object Repository/Canine/Filter/PrimDiseaseSite/BladderUrethraProstate_Chkbx"): ctdc.utilities.runtestcaseforKatalon.clickTab is PASSED

2021-05-04 16:58:02 - [MESSAGE][PASSED] - ctdc.utilities.runtestcaseforKatalon.clickTab is PASSED

2021-05-04 16:58:02 - [TEST_STEP][PASSED] - waitForElementPresent(findTestObject("Object Repository/Canine/Filter/PrimDiseaseSite/UrethraProstate_Chkbx"), 10): Object 'Object Repository/Canine/Filter/PrimDiseaseSite/UrethraProstate_Chkbx' is not present after 10 second(s)

2021-05-04 16:58:14 - [MESSAGE][INFO] - Unable to find the element located by 'By.xpath: (//*[contains(text(),'Urethra, Prostate')])[2]'. Please recheck the objects properties to make sure the desired element is located. 

2021-05-04 16:58:14 - [MESSAGE][WARNING] - Object 'Object Repository/Canine/Filter/PrimDiseaseSite/UrethraProstate_Chkbx' is not present after 10 second(s)

2021-05-04 16:58:14 - [TEST_STEP][PASSED] - ctdc.utilities.runtestcaseforKatalon.clickTab("Object Repository/Canine/Filter/PrimDiseaseSite/UrethraProstate_Chkbx"): ctdc.utilities.runtestcaseforKatalon.clickTab is PASSED

2021-05-04 16:58:18 - [MESSAGE][PASSED] - ctdc.utilities.runtestcaseforKatalon.clickTab is PASSED

2021-05-04 16:58:18 - [TEST_STEP][PASSED] - ctdc.utilities.runtestcaseforKatalon.clickTab("Object Repository/Canine/Filter/PrimDiseaseSite/PRIMARYDISEASESITE_Ddn"): ctdc.utilities.runtestcaseforKatalon.clickTab is PASSED

2021-05-04 16:58:19 - [MESSAGE][PASSED] - ctdc.utilities.runtestcaseforKatalon.clickTab is PASSED

2021-05-04 16:58:19 - [TEST_STEP][PASSED] - waitForElementPresent(findTestObject("Object Repository/Canine/Filter/ResponseToTreatment/RESPONSETOTREATMENT_Ddn"), 10): Object 'Object Repository/Canine/Filter/ResponseToTreatment/RESPONSETOTREATMENT_Ddn' is not present after 10 second(s)

2021-05-04 16:58:31 - [MESSAGE][INFO] - Unable to find the element located by 'By.xpath: (//div[@id='Response to Treatment'])[1]'. Please recheck the objects properties to make sure the desired element is located. 

2021-05-04 16:58:31 - [MESSAGE][WARNING] - Object 'Object Repository/Canine/Filter/ResponseToTreatment/RESPONSETOTREATMENT_Ddn' is not present after 10 second(s)

2021-05-04 16:58:31 - [TEST_STEP][PASSED] - ctdc.utilities.runtestcaseforKatalon.clickTab("Object Repository/Canine/Filter/ResponseToTreatment/RESPONSETOTREATMENT_Ddn"): ctdc.utilities.runtestcaseforKatalon.clickTab is PASSED

2021-05-04 16:58:32 - [MESSAGE][PASSED] - ctdc.utilities.runtestcaseforKatalon.clickTab is PASSED

2021-05-04 16:58:32 - [TEST_STEP][PASSED] - waitForElementPresent(findTestObject("Object Repository/Canine/Filter/ResponseToTreatment/PartialResponse_Chkbx"), 10): Object 'Object Repository/Canine/Filter/ResponseToTreatment/PartialResponse_Chkbx' is not present after 10 second(s)

2021-05-04 16:58:43 - [MESSAGE][INFO] - Unable to find the element located by 'By.xpath: //*[contains(text(),'Partial Response')]'. Please recheck the objects properties to make sure the desired element is located. 

2021-05-04 16:58:43 - [MESSAGE][WARNING] - Object 'Object Repository/Canine/Filter/ResponseToTreatment/PartialResponse_Chkbx' is not present after 10 second(s)

2021-05-04 16:58:43 - [TEST_STEP][PASSED] - ctdc.utilities.runtestcaseforKatalon.clickTab("Object Repository/Canine/Filter/ResponseToTreatment/PartialResponse_Chkbx"): ctdc.utilities.runtestcaseforKatalon.clickTab is PASSED

2021-05-04 16:58:44 - [MESSAGE][PASSED] - ctdc.utilities.runtestcaseforKatalon.clickTab is PASSED

2021-05-04 16:58:44 - [TEST_STEP][PASSED] - waitForElementPresent(findTestObject("Object Repository/Canine/Filter/ResponseToTreatment/ProgrDisease_Chkbx"), 10): Object 'Object Repository/Canine/Filter/ResponseToTreatment/ProgrDisease_Chkbx' is not present after 10 second(s)

2021-05-04 16:58:56 - [MESSAGE][INFO] - Unable to find the element located by 'By.xpath: //*[contains(text(),'Progressive Disease')]'. Please recheck the objects properties to make sure the desired element is located. 

2021-05-04 16:58:56 - [MESSAGE][WARNING] - Object 'Object Repository/Canine/Filter/ResponseToTreatment/ProgrDisease_Chkbx' is not present after 10 second(s)

2021-05-04 16:58:56 - [TEST_STEP][PASSED] - ctdc.utilities.runtestcaseforKatalon.clickTab("Object Repository/Canine/Filter/ResponseToTreatment/ProgrDisease_Chkbx"): ctdc.utilities.runtestcaseforKatalon.clickTab is PASSED

2021-05-04 16:58:58 - [MESSAGE][PASSED] - ctdc.utilities.runtestcaseforKatalon.clickTab is PASSED

2021-05-04 16:58:58 - [TEST_STEP][PASSED] - ctdc.utilities.runtestcaseforKatalon.clickTab("Object Repository/Canine/Filter/ResponseToTreatment/RESPONSETOTREATMENT_Ddn"): ctdc.utilities.runtestcaseforKatalon.clickTab is PASSED

2021-05-04 16:59:01 - [MESSAGE][PASSED] - ctdc.utilities.runtestcaseforKatalon.clickTab is PASSED

2021-05-04 16:59:01 - [TEST_STEP][PASSED] - ctdc.utilities.runtestcaseforKatalon.readStatBarCanine("Object Repository/Canine/StatBar/Canine_StatBar-Studies", "Object Repository/Canine/StatBar/Canine_StatBar-Cases", "Object Repository/Canine/StatBar/Canine_StatBar-Samples", "Object Repository/Canine/StatBar/Canine_StatBar-Files", "Object Repository/Canine/StatBar/Canine_StatBar-Aliquots"): ctdc.utilities.runtestcaseforKatalon.readStatBarCanine is PASSED

2021-05-04 16:59:24 - [MESSAGE][PASSED] - ctdc.utilities.runtestcaseforKatalon.readStatBarCanine is PASSED

2021-05-04 16:59:24 - [TEST_STEP][PASSED] - waitForElementPresent(findTestObject("Object Repository/Canine/CanineResults_Cases_Tab"), 5): Object 'Object Repository/Canine/CanineResults_Cases_Tab' is not present after 5 second(s)

2021-05-04 16:59:31 - [MESSAGE][INFO] - Unable to find the element located by 'By.xpath: //*[@id="case_tab"]'. Please recheck the objects properties to make sure the desired element is located. 

2021-05-04 16:59:31 - [MESSAGE][WARNING] - Object 'Object Repository/Canine/CanineResults_Cases_Tab' is not present after 5 second(s)

2021-05-04 16:59:31 - [TEST_STEP][PASSED] - ctdc.utilities.runtestcaseforKatalon.clickTab("Object Repository/Canine/CanineResults_Cases_Tab"): ctdc.utilities.runtestcaseforKatalon.clickTab is PASSED

2021-05-04 16:59:39 - [MESSAGE][PASSED] - ctdc.utilities.runtestcaseforKatalon.clickTab is PASSED

2021-05-04 16:59:39 - [TEST_STEP][PASSED] - ctdc.utilities.runtestcaseforKatalon.multiFunction("ICDC", G_StatBar_Cases, "Object Repository/Canine/Canine_CasesTable", "Object Repository/Canine/Canine_TableHeader", "Object Repository/Canine/Canine_CasesTabNextBtn", G_WebTabnameCases, G_CypherTabnameCases, G_QueryCasesTab): Statbar Arms count matches

2021-05-04 17:00:59 - [MESSAGE][PASSED] - Statbar Files count matches

2021-05-04 17:00:59 - [MESSAGE][PASSED] - Statbar Samples count matches

2021-05-04 17:00:59 - [MESSAGE][PASSED] - Statbar Cases count matches

2021-05-04 17:00:59 - [MESSAGE][PASSED] - Statbar Arms count matches

2021-05-04 17:00:59 - [TEST_STEP][PASSED] - closeBrowser(): Browser is closed

2021-05-04 17:01:06 - [MESSAGE][PASSED] - Browser is closed]]></system-out>
         <system-err><![CDATA[]]></system-err>
      </testcase>
      <testcase name="Test Cases/Canine_TestCases/Study-Combinations/TC17_Canine_StudyUBC-Breed_Diagnosis_PrimDiseaseSite_RespToTreatmt" time="348.141" classname="Test Cases/Canine_TestCases/Study-Combinations/TC17_Canine_StudyUBC-Breed_Diagnosis_PrimDiseaseSite_RespToTreatmt" status="PASSED">
         <system-out><![CDATA[2021-05-04 17:01:06 - [TEST_CASE][PASSED] - Test Cases/Canine_TestCases/Study-Combinations/TC17_Canine_StudyUBC-Breed_Diagnosis_PrimDiseaseSite_RespToTreatmt: Test Cases/Canine_TestCases/Study-Combinations/TC17_Canine_StudyUBC-Breed_Diagnosis_PrimDiseaseSite_RespToTreatmt

2021-05-04 17:01:09 - [TEST_STEP][PASSED] - closeBrowser(): Browser is closed

2021-05-04 17:01:09 - [MESSAGE][PASSED] - Browser is closed

2021-05-04 17:01:09 - [TEST_STEP][PASSED] - openBrowser(""): Browser is opened with url: ''

2021-05-04 17:01:09 - [MESSAGE][INFO] - Starting 'Chrome (headless)' driver

2021-05-04 17:01:09 - [MESSAGE][INFO] - User set preference: ['args', '[--no-sandbox]']

2021-05-04 17:01:09 - [MESSAGE][INFO] - Action delay is set to 5,000 milliseconds

2021-05-04 17:01:15 - [MESSAGE][PASSED] - Browser is opened with url: ''

2021-05-04 17:01:15 - [TEST_STEP][PASSED] - maximizeWindow(): Current window maximized

2021-05-04 17:01:16 - [MESSAGE][PASSED] - Current window maximized

2021-05-04 17:01:16 - [TEST_STEP][PASSED] - "Driver opened by Katalon is used in Selenium from this step.": null

2021-05-04 17:01:16 - [TEST_STEP][PASSED] - ctdc.utilities.runtestcaseforKatalon.RunKatalon("TC17_Canine_StudyUBC-Breed_Diagnosis_PrimDiseaseSite_RespToTreatmt.xlsx"): Data loaded from input file for the test case. 

2021-05-04 17:01:16 - [MESSAGE][PASSED] - Test case file loaded This is the full filepath after converting to string :C:\Users\radhakrishnang2\Desktop\Commons_Automation\InputFiles\TC17_Canine_StudyUBC-Breed_Diagnosis_PrimDiseaseSite_RespToTreatmt.xlsx

2021-05-04 17:01:16 - [MESSAGE][INFO] - Global variable set for password file is :  C:\Users\radhakrishnang2\Desktop\Commons_Automation\InputFiles\TC17_Canine_StudyUBC-Breed_Diagnosis_PrimDiseaseSite_RespToTreatmt.xlsx

2021-05-04 17:01:16 - [MESSAGE][PASSED] - Data loaded from input file for the test case. 

2021-05-04 17:01:32 - [TEST_STEP][PASSED] - waitForElementPresent(findTestObject("Canine/NavBar/Canine_Cases_Btn"), 10): Object 'Object Repository/Canine/NavBar/Canine_Cases_Btn' is not present after 10 second(s)

2021-05-04 17:01:44 - [MESSAGE][INFO] - Unable to find the element located by 'By.xpath: //a[contains(@href,'cases')]'. Please recheck the objects properties to make sure the desired element is located. 

2021-05-04 17:01:44 - [MESSAGE][WARNING] - Object 'Object Repository/Canine/NavBar/Canine_Cases_Btn' is not present after 10 second(s)

2021-05-04 17:01:44 - [TEST_STEP][PASSED] - ctdc.utilities.runtestcaseforKatalon.clickTab("Canine/NavBar/Canine_Cases_Btn"): ctdc.utilities.runtestcaseforKatalon.clickTab is PASSED

2021-05-04 17:01:45 - [MESSAGE][PASSED] - ctdc.utilities.runtestcaseforKatalon.clickTab is PASSED

2021-05-04 17:01:45 - [TEST_STEP][PASSED] - waitForElementPresent(findTestObject("Object Repository/Canine/Filter/FilterByCases_Facet"), 10): Object 'Object Repository/Canine/Filter/FilterByCases_Facet' is not present after 10 second(s)

2021-05-04 17:01:57 - [MESSAGE][INFO] - Unable to find the element located by 'By.xpath: //*[contains(text(),'Filter By Cases')]'. Please recheck the objects properties to make sure the desired element is located. 

2021-05-04 17:01:57 - [MESSAGE][WARNING] - Object 'Object Repository/Canine/Filter/FilterByCases_Facet' is not present after 10 second(s)

2021-05-04 17:01:57 - [TEST_STEP][PASSED] - ctdc.utilities.runtestcaseforKatalon.clickTab("Object Repository/Canine/Filter/FilterByCases_Facet"): ctdc.utilities.runtestcaseforKatalon.clickTab is PASSED

2021-05-04 17:01:58 - [MESSAGE][PASSED] - ctdc.utilities.runtestcaseforKatalon.clickTab is PASSED

2021-05-04 17:01:58 - [TEST_STEP][PASSED] - waitForElementPresent(findTestObject("Object Repository/Canine/Filter/Study/Canine_Filter_Study"), 10): Object 'Object Repository/Canine/Filter/Study/Canine_Filter_Study' is not present after 10 second(s)

2021-05-04 17:02:09 - [MESSAGE][INFO] - Unable to find the element located by 'By.xpath: //*[@id='Study']'. Please recheck the objects properties to make sure the desired element is located. 

2021-05-04 17:02:09 - [MESSAGE][WARNING] - Object 'Object Repository/Canine/Filter/Study/Canine_Filter_Study' is not present after 10 second(s)

2021-05-04 17:02:09 - [TEST_STEP][PASSED] - ctdc.utilities.runtestcaseforKatalon.clickTab("Object Repository/Canine/Filter/Study/Canine_Filter_Study"): ctdc.utilities.runtestcaseforKatalon.clickTab is PASSED

2021-05-04 17:02:11 - [MESSAGE][PASSED] - ctdc.utilities.runtestcaseforKatalon.clickTab is PASSED

2021-05-04 17:02:11 - [TEST_STEP][PASSED] - waitForElementPresent(findTestObject("Object Repository/Canine/Filter/Study/Canine_Filter_Study-UBC_Chkbx"), 10): Object 'Object Repository/Canine/Filter/Study/Canine_Filter_Study-UBC_Chkbx' is not present after 10 second(s)

2021-05-04 17:02:22 - [MESSAGE][INFO] - Unable to find the element located by 'By.xpath: (//*[contains(text(),'UBC')])[1]'. Please recheck the objects properties to make sure the desired element is located. 

2021-05-04 17:02:22 - [MESSAGE][WARNING] - Object 'Object Repository/Canine/Filter/Study/Canine_Filter_Study-UBC_Chkbx' is not present after 10 second(s)

2021-05-04 17:02:22 - [TEST_STEP][PASSED] - ctdc.utilities.runtestcaseforKatalon.clickTab("Object Repository/Canine/Filter/Study/Canine_Filter_Study-UBC_Chkbx"): ctdc.utilities.runtestcaseforKatalon.clickTab is PASSED

2021-05-04 17:02:25 - [MESSAGE][PASSED] - ctdc.utilities.runtestcaseforKatalon.clickTab is PASSED

2021-05-04 17:02:25 - [TEST_STEP][PASSED] - Thread.sleep(2000): null

2021-05-04 17:02:27 - [TEST_STEP][PASSED] - waitForElementPresent(findTestObject("Object Repository/Canine/Filter/Breed/BREED_Ddn"), 10): Object 'Object Repository/Canine/Filter/Breed/BREED_Ddn' is not present after 10 second(s)

2021-05-04 17:02:38 - [MESSAGE][INFO] - Unable to find the element located by 'By.xpath: //*[@id='Breed']'. Please recheck the objects properties to make sure the desired element is located. 

2021-05-04 17:02:38 - [MESSAGE][WARNING] - Object 'Object Repository/Canine/Filter/Breed/BREED_Ddn' is not present after 10 second(s)

2021-05-04 17:02:38 - [TEST_STEP][PASSED] - ctdc.utilities.runtestcaseforKatalon.clickTab("Object Repository/Canine/Filter/Breed/BREED_Ddn"): ctdc.utilities.runtestcaseforKatalon.clickTab is PASSED

2021-05-04 17:02:40 - [MESSAGE][PASSED] - ctdc.utilities.runtestcaseforKatalon.clickTab is PASSED

2021-05-04 17:02:40 - [TEST_STEP][PASSED] - waitForElementPresent(findTestObject("Object Repository/Canine/Filter/Breed/BelgMalin_Chkbx"), 10): Object 'Object Repository/Canine/Filter/Breed/BelgMalin_Chkbx' is not present after 10 second(s)

2021-05-04 17:02:51 - [MESSAGE][INFO] - Unable to find the element located by 'By.xpath: //*[contains(text(),'Belgian Malinois')]'. Please recheck the objects properties to make sure the desired element is located. 

2021-05-04 17:02:51 - [MESSAGE][WARNING] - Object 'Object Repository/Canine/Filter/Breed/BelgMalin_Chkbx' is not present after 10 second(s)

2021-05-04 17:02:51 - [TEST_STEP][PASSED] - ctdc.utilities.runtestcaseforKatalon.clickTab("Object Repository/Canine/Filter/Breed/BelgMalin_Chkbx"): ctdc.utilities.runtestcaseforKatalon.clickTab is PASSED

2021-05-04 17:02:52 - [MESSAGE][PASSED] - ctdc.utilities.runtestcaseforKatalon.clickTab is PASSED

2021-05-04 17:02:52 - [TEST_STEP][PASSED] - waitForElementPresent(findTestObject("Object Repository/Canine/Filter/Breed/Labrador_Chkbx"), 10): Object 'Object Repository/Canine/Filter/Breed/Labrador_Chkbx' is not present after 10 second(s)

2021-05-04 17:03:04 - [MESSAGE][INFO] - Unable to find the element located by 'By.xpath: //*[contains(text(),'Labrador Retriever')]'. Please recheck the objects properties to make sure the desired element is located. 

2021-05-04 17:03:04 - [MESSAGE][WARNING] - Object 'Object Repository/Canine/Filter/Breed/Labrador_Chkbx' is not present after 10 second(s)

2021-05-04 17:03:04 - [TEST_STEP][PASSED] - ctdc.utilities.runtestcaseforKatalon.clickTab("Object Repository/Canine/Filter/Breed/Labrador_Chkbx"): ctdc.utilities.runtestcaseforKatalon.clickTab is PASSED

2021-05-04 17:03:06 - [MESSAGE][PASSED] - ctdc.utilities.runtestcaseforKatalon.clickTab is PASSED

2021-05-04 17:03:06 - [TEST_STEP][PASSED] - waitForElementPresent(findTestObject("Object Repository/Canine/Filter/Breed/WestHland_Chkbx"), 10): Object 'Object Repository/Canine/Filter/Breed/WestHland_Chkbx' is not present after 10 second(s)

2021-05-04 17:03:17 - [MESSAGE][INFO] - Unable to find the element located by 'By.xpath: //*[contains(text(),'West Highland White Terrier')]'. Please recheck the objects properties to make sure the desired element is located. 

2021-05-04 17:03:17 - [MESSAGE][WARNING] - Object 'Object Repository/Canine/Filter/Breed/WestHland_Chkbx' is not present after 10 second(s)

2021-05-04 17:03:17 - [TEST_STEP][PASSED] - ctdc.utilities.runtestcaseforKatalon.clickTab("Object Repository/Canine/Filter/Breed/WestHland_Chkbx"): ctdc.utilities.runtestcaseforKatalon.clickTab is PASSED

2021-05-04 17:03:19 - [MESSAGE][PASSED] - ctdc.utilities.runtestcaseforKatalon.clickTab is PASSED

2021-05-04 17:03:19 - [TEST_STEP][PASSED] - ctdc.utilities.runtestcaseforKatalon.clickTab("Object Repository/Canine/Filter/Breed/BREED_Ddn"): ctdc.utilities.runtestcaseforKatalon.clickTab is PASSED

2021-05-04 17:03:22 - [MESSAGE][PASSED] - ctdc.utilities.runtestcaseforKatalon.clickTab is PASSED

2021-05-04 17:03:22 - [TEST_STEP][PASSED] - waitForElementPresent(findTestObject("Object Repository/Canine/Filter/Diagnosis/DIAGNOSIS_Ddn"), 10): Object 'Object Repository/Canine/Filter/Diagnosis/DIAGNOSIS_Ddn' is not present after 10 second(s)

2021-05-04 17:03:33 - [MESSAGE][INFO] - Unable to find the element located by 'By.xpath: (//*[@id='Diagnosis'])[1]'. Please recheck the objects properties to make sure the desired element is located. 

2021-05-04 17:03:33 - [MESSAGE][WARNING] - Object 'Object Repository/Canine/Filter/Diagnosis/DIAGNOSIS_Ddn' is not present after 10 second(s)

2021-05-04 17:03:33 - [TEST_STEP][PASSED] - ctdc.utilities.runtestcaseforKatalon.clickTab("Object Repository/Canine/Filter/Diagnosis/DIAGNOSIS_Ddn"): ctdc.utilities.runtestcaseforKatalon.clickTab is PASSED

2021-05-04 17:03:34 - [MESSAGE][PASSED] - ctdc.utilities.runtestcaseforKatalon.clickTab is PASSED

2021-05-04 17:03:34 - [TEST_STEP][PASSED] - waitForElementPresent(findTestObject("Object Repository/Canine/Filter/Diagnosis/BladderCancer_Chkbx"), 10): Object 'Object Repository/Canine/Filter/Diagnosis/BladderCancer_Chkbx' is not present after 10 second(s)

2021-05-04 17:03:46 - [MESSAGE][INFO] - Unable to find the element located by 'By.xpath: //*[contains(text(),'Bladder Cancer')]'. Please recheck the objects properties to make sure the desired element is located. 

2021-05-04 17:03:46 - [MESSAGE][WARNING] - Object 'Object Repository/Canine/Filter/Diagnosis/BladderCancer_Chkbx' is not present after 10 second(s)

2021-05-04 17:03:46 - [TEST_STEP][PASSED] - ctdc.utilities.runtestcaseforKatalon.clickTab("Object Repository/Canine/Filter/Diagnosis/BladderCancer_Chkbx"): ctdc.utilities.runtestcaseforKatalon.clickTab is PASSED

2021-05-04 17:03:47 - [MESSAGE][PASSED] - ctdc.utilities.runtestcaseforKatalon.clickTab is PASSED

2021-05-04 17:03:47 - [TEST_STEP][PASSED] - ctdc.utilities.runtestcaseforKatalon.clickTab("Object Repository/Canine/Filter/Diagnosis/DIAGNOSIS_Ddn"): ctdc.utilities.runtestcaseforKatalon.clickTab is PASSED

2021-05-04 17:03:51 - [MESSAGE][PASSED] - ctdc.utilities.runtestcaseforKatalon.clickTab is PASSED

2021-05-04 17:03:51 - [TEST_STEP][PASSED] - waitForElementPresent(findTestObject("Object Repository/Canine/Filter/PrimDiseaseSite/PRIMARYDISEASESITE_Ddn"), 10): Object 'Object Repository/Canine/Filter/PrimDiseaseSite/PRIMARYDISEASESITE_Ddn' is not present after 10 second(s)

2021-05-04 17:04:03 - [MESSAGE][INFO] - Unable to find the element located by 'By.xpath: //*[@id='Primary Disease Site']'. Please recheck the objects properties to make sure the desired element is located. 

2021-05-04 17:04:03 - [MESSAGE][WARNING] - Object 'Object Repository/Canine/Filter/PrimDiseaseSite/PRIMARYDISEASESITE_Ddn' is not present after 10 second(s)

2021-05-04 17:04:03 - [TEST_STEP][PASSED] - ctdc.utilities.runtestcaseforKatalon.clickTab("Object Repository/Canine/Filter/PrimDiseaseSite/PRIMARYDISEASESITE_Ddn"): ctdc.utilities.runtestcaseforKatalon.clickTab is PASSED

2021-05-04 17:04:04 - [MESSAGE][PASSED] - ctdc.utilities.runtestcaseforKatalon.clickTab is PASSED

2021-05-04 17:04:04 - [TEST_STEP][PASSED] - waitForElementPresent(findTestObject("Object Repository/Canine/Filter/PrimDiseaseSite/BladderProstate_Chkbx"), 10): Object 'Object Repository/Canine/Filter/PrimDiseaseSite/BladderProstate_Chkbx' is not present after 10 second(s)

2021-05-04 17:04:16 - [MESSAGE][INFO] - Unable to find the element located by 'By.xpath: //*[contains(text(),'Bladder, Prostate')]'. Please recheck the objects properties to make sure the desired element is located. 

2021-05-04 17:04:16 - [MESSAGE][WARNING] - Object 'Object Repository/Canine/Filter/PrimDiseaseSite/BladderProstate_Chkbx' is not present after 10 second(s)

2021-05-04 17:04:16 - [TEST_STEP][PASSED] - ctdc.utilities.runtestcaseforKatalon.clickTab("Object Repository/Canine/Filter/PrimDiseaseSite/BladderProstate_Chkbx"): ctdc.utilities.runtestcaseforKatalon.clickTab is PASSED

2021-05-04 17:04:17 - [MESSAGE][PASSED] - ctdc.utilities.runtestcaseforKatalon.clickTab is PASSED

2021-05-04 17:04:17 - [TEST_STEP][PASSED] - waitForElementPresent(findTestObject("Object Repository/Canine/Filter/PrimDiseaseSite/BladderUrethra_Chkbx"), 10): Object 'Object Repository/Canine/Filter/PrimDiseaseSite/BladderUrethra_Chkbx' is not present after 10 second(s)

2021-05-04 17:04:29 - [MESSAGE][INFO] - Unable to find the element located by 'By.xpath: (//*[contains(text(),'Bladder, Urethra')])[1]'. Please recheck the objects properties to make sure the desired element is located. 

2021-05-04 17:04:29 - [MESSAGE][WARNING] - Object 'Object Repository/Canine/Filter/PrimDiseaseSite/BladderUrethra_Chkbx' is not present after 10 second(s)

2021-05-04 17:04:29 - [TEST_STEP][PASSED] - ctdc.utilities.runtestcaseforKatalon.clickTab("Object Repository/Canine/Filter/PrimDiseaseSite/BladderUrethra_Chkbx"): ctdc.utilities.runtestcaseforKatalon.clickTab is PASSED

2021-05-04 17:04:30 - [MESSAGE][PASSED] - ctdc.utilities.runtestcaseforKatalon.clickTab is PASSED

2021-05-04 17:04:30 - [TEST_STEP][PASSED] - waitForElementPresent(findTestObject("Object Repository/Canine/Filter/PrimDiseaseSite/BladderUrethraProstate_Chkbx"), 10): Object 'Object Repository/Canine/Filter/PrimDiseaseSite/BladderUrethraProstate_Chkbx' is not present after 10 second(s)

2021-05-04 17:04:42 - [MESSAGE][INFO] - Unable to find the element located by 'By.xpath: //*[contains(text(),'Bladder, Urethra, Prostate')]'. Please recheck the objects properties to make sure the desired element is located. 

2021-05-04 17:04:42 - [MESSAGE][WARNING] - Object 'Object Repository/Canine/Filter/PrimDiseaseSite/BladderUrethraProstate_Chkbx' is not present after 10 second(s)

2021-05-04 17:04:42 - [TEST_STEP][PASSED] - ctdc.utilities.runtestcaseforKatalon.clickTab("Object Repository/Canine/Filter/PrimDiseaseSite/BladderUrethraProstate_Chkbx"): ctdc.utilities.runtestcaseforKatalon.clickTab is PASSED

2021-05-04 17:04:43 - [MESSAGE][PASSED] - ctdc.utilities.runtestcaseforKatalon.clickTab is PASSED

2021-05-04 17:04:43 - [TEST_STEP][PASSED] - ctdc.utilities.runtestcaseforKatalon.clickTab("Object Repository/Canine/Filter/PrimDiseaseSite/PRIMARYDISEASESITE_Ddn"): ctdc.utilities.runtestcaseforKatalon.clickTab is PASSED

2021-05-04 17:04:47 - [MESSAGE][PASSED] - ctdc.utilities.runtestcaseforKatalon.clickTab is PASSED

2021-05-04 17:04:47 - [TEST_STEP][PASSED] - waitForElementPresent(findTestObject("Object Repository/Canine/Filter/ResponseToTreatment/RESPONSETOTREATMENT_Ddn"), 10): Object 'Object Repository/Canine/Filter/ResponseToTreatment/RESPONSETOTREATMENT_Ddn' is not present after 10 second(s)

2021-05-04 17:04:58 - [MESSAGE][INFO] - Unable to find the element located by 'By.xpath: (//div[@id='Response to Treatment'])[1]'. Please recheck the objects properties to make sure the desired element is located. 

2021-05-04 17:04:58 - [MESSAGE][WARNING] - Object 'Object Repository/Canine/Filter/ResponseToTreatment/RESPONSETOTREATMENT_Ddn' is not present after 10 second(s)

2021-05-04 17:04:58 - [TEST_STEP][PASSED] - ctdc.utilities.runtestcaseforKatalon.clickTab("Object Repository/Canine/Filter/ResponseToTreatment/RESPONSETOTREATMENT_Ddn"): ctdc.utilities.runtestcaseforKatalon.clickTab is PASSED

2021-05-04 17:05:00 - [MESSAGE][PASSED] - ctdc.utilities.runtestcaseforKatalon.clickTab is PASSED

2021-05-04 17:05:00 - [TEST_STEP][PASSED] - waitForElementPresent(findTestObject("Object Repository/Canine/Filter/ResponseToTreatment/PartialResponse_Chkbx"), 10): Object 'Object Repository/Canine/Filter/ResponseToTreatment/PartialResponse_Chkbx' is not present after 10 second(s)

2021-05-04 17:05:11 - [MESSAGE][INFO] - Unable to find the element located by 'By.xpath: //*[contains(text(),'Partial Response')]'. Please recheck the objects properties to make sure the desired element is located. 

2021-05-04 17:05:11 - [MESSAGE][WARNING] - Object 'Object Repository/Canine/Filter/ResponseToTreatment/PartialResponse_Chkbx' is not present after 10 second(s)

2021-05-04 17:05:11 - [TEST_STEP][PASSED] - ctdc.utilities.runtestcaseforKatalon.clickTab("Object Repository/Canine/Filter/ResponseToTreatment/PartialResponse_Chkbx"): ctdc.utilities.runtestcaseforKatalon.clickTab is PASSED

2021-05-04 17:05:12 - [MESSAGE][PASSED] - ctdc.utilities.runtestcaseforKatalon.clickTab is PASSED

2021-05-04 17:05:12 - [TEST_STEP][PASSED] - waitForElementPresent(findTestObject("Object Repository/Canine/Filter/ResponseToTreatment/ProgrDisease_Chkbx"), 10): Object 'Object Repository/Canine/Filter/ResponseToTreatment/ProgrDisease_Chkbx' is not present after 10 second(s)

2021-05-04 17:05:24 - [MESSAGE][INFO] - Unable to find the element located by 'By.xpath: //*[contains(text(),'Progressive Disease')]'. Please recheck the objects properties to make sure the desired element is located. 

2021-05-04 17:05:24 - [MESSAGE][WARNING] - Object 'Object Repository/Canine/Filter/ResponseToTreatment/ProgrDisease_Chkbx' is not present after 10 second(s)

2021-05-04 17:05:24 - [TEST_STEP][PASSED] - ctdc.utilities.runtestcaseforKatalon.clickTab("Object Repository/Canine/Filter/ResponseToTreatment/ProgrDisease_Chkbx"): ctdc.utilities.runtestcaseforKatalon.clickTab is PASSED

2021-05-04 17:05:25 - [MESSAGE][PASSED] - ctdc.utilities.runtestcaseforKatalon.clickTab is PASSED

2021-05-04 17:05:25 - [TEST_STEP][PASSED] - ctdc.utilities.runtestcaseforKatalon.clickTab("Object Repository/Canine/Filter/ResponseToTreatment/RESPONSETOTREATMENT_Ddn"): ctdc.utilities.runtestcaseforKatalon.clickTab is PASSED

2021-05-04 17:05:28 - [MESSAGE][PASSED] - ctdc.utilities.runtestcaseforKatalon.clickTab is PASSED

2021-05-04 17:05:28 - [TEST_STEP][PASSED] - ctdc.utilities.runtestcaseforKatalon.readStatBarCanine("Object Repository/Canine/StatBar/Canine_StatBar-Studies", "Object Repository/Canine/StatBar/Canine_StatBar-Cases", "Object Repository/Canine/StatBar/Canine_StatBar-Samples", "Object Repository/Canine/StatBar/Canine_StatBar-Files", "Object Repository/Canine/StatBar/Canine_StatBar-Aliquots"): ctdc.utilities.runtestcaseforKatalon.readStatBarCanine is PASSED

2021-05-04 17:05:47 - [MESSAGE][PASSED] - ctdc.utilities.runtestcaseforKatalon.readStatBarCanine is PASSED

2021-05-04 17:05:47 - [TEST_STEP][PASSED] - waitForElementPresent(findTestObject("Object Repository/Canine/CanineResults_Cases_Tab"), 5): Object 'Object Repository/Canine/CanineResults_Cases_Tab' is not present after 5 second(s)

2021-05-04 17:05:53 - [MESSAGE][INFO] - Unable to find the element located by 'By.xpath: //*[@id="case_tab"]'. Please recheck the objects properties to make sure the desired element is located. 

2021-05-04 17:05:53 - [MESSAGE][WARNING] - Object 'Object Repository/Canine/CanineResults_Cases_Tab' is not present after 5 second(s)

2021-05-04 17:05:53 - [TEST_STEP][PASSED] - ctdc.utilities.runtestcaseforKatalon.clickTab("Object Repository/Canine/CanineResults_Cases_Tab"): ctdc.utilities.runtestcaseforKatalon.clickTab is PASSED

2021-05-04 17:05:55 - [MESSAGE][PASSED] - ctdc.utilities.runtestcaseforKatalon.clickTab is PASSED

2021-05-04 17:05:55 - [TEST_STEP][PASSED] - ctdc.utilities.runtestcaseforKatalon.multiFunction("ICDC", G_StatBar_Cases, "Object Repository/Canine/Canine_CasesTable", "Object Repository/Canine/Canine_TableHeader", "Object Repository/Canine/Canine_CasesTabNextBtn", G_WebTabnameCases, G_CypherTabnameCases, G_QueryCasesTab): Statbar Arms count matches

2021-05-04 17:06:53 - [MESSAGE][PASSED] - Statbar Files count matches

2021-05-04 17:06:53 - [MESSAGE][PASSED] - Statbar Samples count matches

2021-05-04 17:06:53 - [MESSAGE][PASSED] - Statbar Cases count matches

2021-05-04 17:06:53 - [MESSAGE][PASSED] - Statbar Arms count matches

2021-05-04 17:06:53 - [TEST_STEP][PASSED] - closeBrowser(): Browser is closed

2021-05-04 17:06:54 - [MESSAGE][PASSED] - Browser is closed]]></system-out>
         <system-err><![CDATA[]]></system-err>
      </testcase>
      <testcase name="Test Cases/Canine_TestCases/Study-Combinations/TC18_Canine_StudyUBC-Breed_Diagnosis_PrimDiseaseSite_RespToTreatmt" time="323.984" classname="Test Cases/Canine_TestCases/Study-Combinations/TC18_Canine_StudyUBC-Breed_Diagnosis_PrimDiseaseSite_RespToTreatmt" status="PASSED">
         <system-out><![CDATA[2021-05-04 17:06:54 - [TEST_CASE][PASSED] - Test Cases/Canine_TestCases/Study-Combinations/TC18_Canine_StudyUBC-Breed_Diagnosis_PrimDiseaseSite_RespToTreatmt: Test Cases/Canine_TestCases/Study-Combinations/TC18_Canine_StudyUBC-Breed_Diagnosis_PrimDiseaseSite_RespToTreatmt

2021-05-04 17:06:58 - [TEST_STEP][PASSED] - closeBrowser(): Browser is closed

2021-05-04 17:06:58 - [MESSAGE][PASSED] - Browser is closed

2021-05-04 17:06:58 - [TEST_STEP][PASSED] - openBrowser(""): Browser is opened with url: ''

2021-05-04 17:06:58 - [MESSAGE][INFO] - Starting 'Chrome (headless)' driver

2021-05-04 17:06:58 - [MESSAGE][INFO] - User set preference: ['args', '[--no-sandbox]']

2021-05-04 17:06:58 - [MESSAGE][INFO] - Action delay is set to 5,000 milliseconds

2021-05-04 17:07:04 - [MESSAGE][PASSED] - Browser is opened with url: ''

2021-05-04 17:07:04 - [TEST_STEP][PASSED] - maximizeWindow(): Current window maximized

2021-05-04 17:07:05 - [MESSAGE][PASSED] - Current window maximized

2021-05-04 17:07:05 - [TEST_STEP][PASSED] - "Driver opened by Katalon is used in Selenium from this step.": null

2021-05-04 17:07:05 - [TEST_STEP][PASSED] - ctdc.utilities.runtestcaseforKatalon.RunKatalon("TC18_Canine_StudyUBC-Breed_Diagnosis_PrimDiseaseSite_RespToTreatmt.xlsx"): Data loaded from input file for the test case. 

2021-05-04 17:07:05 - [MESSAGE][PASSED] - Test case file loaded This is the full filepath after converting to string :C:\Users\radhakrishnang2\Desktop\Commons_Automation\InputFiles\TC18_Canine_StudyUBC-Breed_Diagnosis_PrimDiseaseSite_RespToTreatmt.xlsx

2021-05-04 17:07:05 - [MESSAGE][INFO] - Global variable set for password file is :  C:\Users\radhakrishnang2\Desktop\Commons_Automation\InputFiles\TC18_Canine_StudyUBC-Breed_Diagnosis_PrimDiseaseSite_RespToTreatmt.xlsx

2021-05-04 17:07:05 - [MESSAGE][PASSED] - Data loaded from input file for the test case. 

2021-05-04 17:07:25 - [TEST_STEP][PASSED] - waitForElementPresent(findTestObject("Canine/NavBar/Canine_Cases_Btn"), 10): Object 'Object Repository/Canine/NavBar/Canine_Cases_Btn' is not present after 10 second(s)

2021-05-04 17:07:37 - [MESSAGE][INFO] - Unable to find the element located by 'By.xpath: //a[contains(@href,'cases')]'. Please recheck the objects properties to make sure the desired element is located. 

2021-05-04 17:07:37 - [MESSAGE][WARNING] - Object 'Object Repository/Canine/NavBar/Canine_Cases_Btn' is not present after 10 second(s)

2021-05-04 17:07:37 - [TEST_STEP][PASSED] - ctdc.utilities.runtestcaseforKatalon.clickTab("Canine/NavBar/Canine_Cases_Btn"): ctdc.utilities.runtestcaseforKatalon.clickTab is PASSED

2021-05-04 17:07:38 - [MESSAGE][PASSED] - ctdc.utilities.runtestcaseforKatalon.clickTab is PASSED

2021-05-04 17:07:38 - [TEST_STEP][PASSED] - waitForElementPresent(findTestObject("Object Repository/Canine/Filter/FilterByCases_Facet"), 10): Object 'Object Repository/Canine/Filter/FilterByCases_Facet' is not present after 10 second(s)

2021-05-04 17:07:49 - [MESSAGE][INFO] - Unable to find the element located by 'By.xpath: //*[contains(text(),'Filter By Cases')]'. Please recheck the objects properties to make sure the desired element is located. 

2021-05-04 17:07:49 - [MESSAGE][WARNING] - Object 'Object Repository/Canine/Filter/FilterByCases_Facet' is not present after 10 second(s)

2021-05-04 17:07:49 - [TEST_STEP][PASSED] - ctdc.utilities.runtestcaseforKatalon.clickTab("Object Repository/Canine/Filter/FilterByCases_Facet"): ctdc.utilities.runtestcaseforKatalon.clickTab is PASSED

2021-05-04 17:07:51 - [MESSAGE][PASSED] - ctdc.utilities.runtestcaseforKatalon.clickTab is PASSED

2021-05-04 17:07:51 - [TEST_STEP][PASSED] - waitForElementPresent(findTestObject("Object Repository/Canine/Filter/Study/Canine_Filter_Study"), 10): Object 'Object Repository/Canine/Filter/Study/Canine_Filter_Study' is not present after 10 second(s)

2021-05-04 17:08:03 - [MESSAGE][INFO] - Unable to find the element located by 'By.xpath: //*[@id='Study']'. Please recheck the objects properties to make sure the desired element is located. 

2021-05-04 17:08:03 - [MESSAGE][WARNING] - Object 'Object Repository/Canine/Filter/Study/Canine_Filter_Study' is not present after 10 second(s)

2021-05-04 17:08:03 - [TEST_STEP][PASSED] - ctdc.utilities.runtestcaseforKatalon.clickTab("Object Repository/Canine/Filter/Study/Canine_Filter_Study"): ctdc.utilities.runtestcaseforKatalon.clickTab is PASSED

2021-05-04 17:08:06 - [MESSAGE][PASSED] - ctdc.utilities.runtestcaseforKatalon.clickTab is PASSED

2021-05-04 17:08:06 - [TEST_STEP][PASSED] - waitForElementPresent(findTestObject("Object Repository/Canine/Filter/Study/Canine_Filter_Study-UBC_Chkbx"), 10): Object 'Object Repository/Canine/Filter/Study/Canine_Filter_Study-UBC_Chkbx' is not present after 10 second(s)

2021-05-04 17:08:17 - [MESSAGE][INFO] - Unable to find the element located by 'By.xpath: (//*[contains(text(),'UBC')])[1]'. Please recheck the objects properties to make sure the desired element is located. 

2021-05-04 17:08:17 - [MESSAGE][WARNING] - Object 'Object Repository/Canine/Filter/Study/Canine_Filter_Study-UBC_Chkbx' is not present after 10 second(s)

2021-05-04 17:08:17 - [TEST_STEP][PASSED] - ctdc.utilities.runtestcaseforKatalon.clickTab("Object Repository/Canine/Filter/Study/Canine_Filter_Study-UBC_Chkbx"): ctdc.utilities.runtestcaseforKatalon.clickTab is PASSED

2021-05-04 17:08:19 - [MESSAGE][PASSED] - ctdc.utilities.runtestcaseforKatalon.clickTab is PASSED

2021-05-04 17:08:19 - [TEST_STEP][PASSED] - Thread.sleep(2000): null

2021-05-04 17:08:21 - [TEST_STEP][PASSED] - waitForElementPresent(findTestObject("Object Repository/Canine/Filter/Breed/BREED_Ddn"), 10): Object 'Object Repository/Canine/Filter/Breed/BREED_Ddn' is not present after 10 second(s)

2021-05-04 17:08:33 - [MESSAGE][INFO] - Unable to find the element located by 'By.xpath: //*[@id='Breed']'. Please recheck the objects properties to make sure the desired element is located. 

2021-05-04 17:08:33 - [MESSAGE][WARNING] - Object 'Object Repository/Canine/Filter/Breed/BREED_Ddn' is not present after 10 second(s)

2021-05-04 17:08:33 - [TEST_STEP][PASSED] - ctdc.utilities.runtestcaseforKatalon.clickTab("Object Repository/Canine/Filter/Breed/BREED_Ddn"): ctdc.utilities.runtestcaseforKatalon.clickTab is PASSED

2021-05-04 17:08:34 - [MESSAGE][PASSED] - ctdc.utilities.runtestcaseforKatalon.clickTab is PASSED

2021-05-04 17:08:34 - [TEST_STEP][PASSED] - waitForElementPresent(findTestObject("Object Repository/Canine/Filter/Breed/BelgMalin_Chkbx"), 10): Object 'Object Repository/Canine/Filter/Breed/BelgMalin_Chkbx' is not present after 10 second(s)

2021-05-04 17:08:47 - [MESSAGE][INFO] - Unable to find the element located by 'By.xpath: //*[contains(text(),'Belgian Malinois')]'. Please recheck the objects properties to make sure the desired element is located. 

2021-05-04 17:08:47 - [MESSAGE][WARNING] - Object 'Object Repository/Canine/Filter/Breed/BelgMalin_Chkbx' is not present after 10 second(s)

2021-05-04 17:08:47 - [TEST_STEP][PASSED] - ctdc.utilities.runtestcaseforKatalon.clickTab("Object Repository/Canine/Filter/Breed/BelgMalin_Chkbx"): ctdc.utilities.runtestcaseforKatalon.clickTab is PASSED

2021-05-04 17:08:48 - [MESSAGE][PASSED] - ctdc.utilities.runtestcaseforKatalon.clickTab is PASSED

2021-05-04 17:08:48 - [TEST_STEP][PASSED] - waitForElementPresent(findTestObject("Object Repository/Canine/Filter/Breed/Labrador_Chkbx"), 10): Object 'Object Repository/Canine/Filter/Breed/Labrador_Chkbx' is not present after 10 second(s)

2021-05-04 17:09:00 - [MESSAGE][INFO] - Unable to find the element located by 'By.xpath: //*[contains(text(),'Labrador Retriever')]'. Please recheck the objects properties to make sure the desired element is located. 

2021-05-04 17:09:00 - [MESSAGE][WARNING] - Object 'Object Repository/Canine/Filter/Breed/Labrador_Chkbx' is not present after 10 second(s)

2021-05-04 17:09:00 - [TEST_STEP][PASSED] - ctdc.utilities.runtestcaseforKatalon.clickTab("Object Repository/Canine/Filter/Breed/Labrador_Chkbx"): ctdc.utilities.runtestcaseforKatalon.clickTab is PASSED

2021-05-04 17:09:02 - [MESSAGE][PASSED] - ctdc.utilities.runtestcaseforKatalon.clickTab is PASSED

2021-05-04 17:09:02 - [TEST_STEP][PASSED] - waitForElementPresent(findTestObject("Object Repository/Canine/Filter/Breed/WestHland_Chkbx"), 10): Object 'Object Repository/Canine/Filter/Breed/WestHland_Chkbx' is not present after 10 second(s)

2021-05-04 17:09:13 - [MESSAGE][INFO] - Unable to find the element located by 'By.xpath: //*[contains(text(),'West Highland White Terrier')]'. Please recheck the objects properties to make sure the desired element is located. 

2021-05-04 17:09:13 - [MESSAGE][WARNING] - Object 'Object Repository/Canine/Filter/Breed/WestHland_Chkbx' is not present after 10 second(s)

2021-05-04 17:09:13 - [TEST_STEP][PASSED] - ctdc.utilities.runtestcaseforKatalon.clickTab("Object Repository/Canine/Filter/Breed/WestHland_Chkbx"): ctdc.utilities.runtestcaseforKatalon.clickTab is PASSED

2021-05-04 17:09:15 - [MESSAGE][PASSED] - ctdc.utilities.runtestcaseforKatalon.clickTab is PASSED

2021-05-04 17:09:15 - [TEST_STEP][PASSED] - ctdc.utilities.runtestcaseforKatalon.clickTab("Object Repository/Canine/Filter/Breed/BREED_Ddn"): ctdc.utilities.runtestcaseforKatalon.clickTab is PASSED

2021-05-04 17:09:18 - [MESSAGE][PASSED] - ctdc.utilities.runtestcaseforKatalon.clickTab is PASSED

2021-05-04 17:09:18 - [TEST_STEP][PASSED] - waitForElementPresent(findTestObject("Object Repository/Canine/Filter/Diagnosis/DIAGNOSIS_Ddn"), 10): Object 'Object Repository/Canine/Filter/Diagnosis/DIAGNOSIS_Ddn' is not present after 10 second(s)

2021-05-04 17:09:29 - [MESSAGE][INFO] - Unable to find the element located by 'By.xpath: (//*[@id='Diagnosis'])[1]'. Please recheck the objects properties to make sure the desired element is located. 

2021-05-04 17:09:29 - [MESSAGE][WARNING] - Object 'Object Repository/Canine/Filter/Diagnosis/DIAGNOSIS_Ddn' is not present after 10 second(s)

2021-05-04 17:09:29 - [TEST_STEP][PASSED] - ctdc.utilities.runtestcaseforKatalon.clickTab("Object Repository/Canine/Filter/Diagnosis/DIAGNOSIS_Ddn"): ctdc.utilities.runtestcaseforKatalon.clickTab is PASSED

2021-05-04 17:09:30 - [MESSAGE][PASSED] - ctdc.utilities.runtestcaseforKatalon.clickTab is PASSED

2021-05-04 17:09:30 - [TEST_STEP][PASSED] - waitForElementPresent(findTestObject("Object Repository/Canine/Filter/Diagnosis/BladderCancer_Chkbx"), 10): Object 'Object Repository/Canine/Filter/Diagnosis/BladderCancer_Chkbx' is not present after 10 second(s)

2021-05-04 17:09:42 - [MESSAGE][INFO] - Unable to find the element located by 'By.xpath: //*[contains(text(),'Bladder Cancer')]'. Please recheck the objects properties to make sure the desired element is located. 

2021-05-04 17:09:42 - [MESSAGE][WARNING] - Object 'Object Repository/Canine/Filter/Diagnosis/BladderCancer_Chkbx' is not present after 10 second(s)

2021-05-04 17:09:42 - [TEST_STEP][PASSED] - ctdc.utilities.runtestcaseforKatalon.clickTab("Object Repository/Canine/Filter/Diagnosis/BladderCancer_Chkbx"): ctdc.utilities.runtestcaseforKatalon.clickTab is PASSED

2021-05-04 17:09:43 - [MESSAGE][PASSED] - ctdc.utilities.runtestcaseforKatalon.clickTab is PASSED

2021-05-04 17:09:43 - [TEST_STEP][PASSED] - ctdc.utilities.runtestcaseforKatalon.clickTab("Object Repository/Canine/Filter/Diagnosis/DIAGNOSIS_Ddn"): ctdc.utilities.runtestcaseforKatalon.clickTab is PASSED

2021-05-04 17:09:46 - [MESSAGE][PASSED] - ctdc.utilities.runtestcaseforKatalon.clickTab is PASSED

2021-05-04 17:09:46 - [TEST_STEP][PASSED] - waitForElementPresent(findTestObject("Object Repository/Canine/Filter/PrimDiseaseSite/PRIMARYDISEASESITE_Ddn"), 10): Object 'Object Repository/Canine/Filter/PrimDiseaseSite/PRIMARYDISEASESITE_Ddn' is not present after 10 second(s)

2021-05-04 17:09:58 - [MESSAGE][INFO] - Unable to find the element located by 'By.xpath: //*[@id='Primary Disease Site']'. Please recheck the objects properties to make sure the desired element is located. 

2021-05-04 17:09:58 - [MESSAGE][WARNING] - Object 'Object Repository/Canine/Filter/PrimDiseaseSite/PRIMARYDISEASESITE_Ddn' is not present after 10 second(s)

2021-05-04 17:09:58 - [TEST_STEP][PASSED] - ctdc.utilities.runtestcaseforKatalon.clickTab("Object Repository/Canine/Filter/PrimDiseaseSite/PRIMARYDISEASESITE_Ddn"): ctdc.utilities.runtestcaseforKatalon.clickTab is PASSED

2021-05-04 17:09:59 - [MESSAGE][PASSED] - ctdc.utilities.runtestcaseforKatalon.clickTab is PASSED

2021-05-04 17:09:59 - [TEST_STEP][PASSED] - waitForElementPresent(findTestObject("Object Repository/Canine/Filter/PrimDiseaseSite/BladderProstate_Chkbx"), 10): Object 'Object Repository/Canine/Filter/PrimDiseaseSite/BladderProstate_Chkbx' is not present after 10 second(s)

2021-05-04 17:10:11 - [MESSAGE][INFO] - Unable to find the element located by 'By.xpath: //*[contains(text(),'Bladder, Prostate')]'. Please recheck the objects properties to make sure the desired element is located. 

2021-05-04 17:10:11 - [MESSAGE][WARNING] - Object 'Object Repository/Canine/Filter/PrimDiseaseSite/BladderProstate_Chkbx' is not present after 10 second(s)

2021-05-04 17:10:11 - [TEST_STEP][PASSED] - ctdc.utilities.runtestcaseforKatalon.clickTab("Object Repository/Canine/Filter/PrimDiseaseSite/BladderProstate_Chkbx"): ctdc.utilities.runtestcaseforKatalon.clickTab is PASSED

2021-05-04 17:10:12 - [MESSAGE][PASSED] - ctdc.utilities.runtestcaseforKatalon.clickTab is PASSED

2021-05-04 17:10:12 - [TEST_STEP][PASSED] - waitForElementPresent(findTestObject("Object Repository/Canine/Filter/PrimDiseaseSite/BladderUrethra_Chkbx"), 10): Object 'Object Repository/Canine/Filter/PrimDiseaseSite/BladderUrethra_Chkbx' is not present after 10 second(s)

2021-05-04 17:10:24 - [MESSAGE][INFO] - Unable to find the element located by 'By.xpath: (//*[contains(text(),'Bladder, Urethra')])[1]'. Please recheck the objects properties to make sure the desired element is located. 

2021-05-04 17:10:24 - [MESSAGE][WARNING] - Object 'Object Repository/Canine/Filter/PrimDiseaseSite/BladderUrethra_Chkbx' is not present after 10 second(s)

2021-05-04 17:10:24 - [TEST_STEP][PASSED] - ctdc.utilities.runtestcaseforKatalon.clickTab("Object Repository/Canine/Filter/PrimDiseaseSite/BladderUrethra_Chkbx"): ctdc.utilities.runtestcaseforKatalon.clickTab is PASSED

2021-05-04 17:10:26 - [MESSAGE][PASSED] - ctdc.utilities.runtestcaseforKatalon.clickTab is PASSED

2021-05-04 17:10:26 - [TEST_STEP][PASSED] - ctdc.utilities.runtestcaseforKatalon.clickTab("Object Repository/Canine/Filter/PrimDiseaseSite/PRIMARYDISEASESITE_Ddn"): ctdc.utilities.runtestcaseforKatalon.clickTab is PASSED

2021-05-04 17:10:29 - [MESSAGE][PASSED] - ctdc.utilities.runtestcaseforKatalon.clickTab is PASSED

2021-05-04 17:10:29 - [TEST_STEP][PASSED] - waitForElementPresent(findTestObject("Object Repository/Canine/Filter/ResponseToTreatment/RESPONSETOTREATMENT_Ddn"), 10): Object 'Object Repository/Canine/Filter/ResponseToTreatment/RESPONSETOTREATMENT_Ddn' is not present after 10 second(s)

2021-05-04 17:10:40 - [MESSAGE][INFO] - Unable to find the element located by 'By.xpath: (//div[@id='Response to Treatment'])[1]'. Please recheck the objects properties to make sure the desired element is located. 

2021-05-04 17:10:40 - [MESSAGE][WARNING] - Object 'Object Repository/Canine/Filter/ResponseToTreatment/RESPONSETOTREATMENT_Ddn' is not present after 10 second(s)

2021-05-04 17:10:40 - [TEST_STEP][PASSED] - ctdc.utilities.runtestcaseforKatalon.clickTab("Object Repository/Canine/Filter/ResponseToTreatment/RESPONSETOTREATMENT_Ddn"): ctdc.utilities.runtestcaseforKatalon.clickTab is PASSED

2021-05-04 17:10:42 - [MESSAGE][PASSED] - ctdc.utilities.runtestcaseforKatalon.clickTab is PASSED

2021-05-04 17:10:42 - [TEST_STEP][PASSED] - waitForElementPresent(findTestObject("Object Repository/Canine/Filter/ResponseToTreatment/StableDisease_Chkbx"), 10): Object 'Object Repository/Canine/Filter/ResponseToTreatment/StableDisease_Chkbx' is not present after 10 second(s)

2021-05-04 17:10:53 - [MESSAGE][INFO] - Unable to find the element located by 'By.xpath: //*[contains(text(),'Stable Disease')]'. Please recheck the objects properties to make sure the desired element is located. 

2021-05-04 17:10:53 - [MESSAGE][WARNING] - Object 'Object Repository/Canine/Filter/ResponseToTreatment/StableDisease_Chkbx' is not present after 10 second(s)

2021-05-04 17:10:53 - [TEST_STEP][PASSED] - ctdc.utilities.runtestcaseforKatalon.clickTab("Object Repository/Canine/Filter/ResponseToTreatment/StableDisease_Chkbx"): ctdc.utilities.runtestcaseforKatalon.clickTab is PASSED

2021-05-04 17:10:55 - [MESSAGE][PASSED] - ctdc.utilities.runtestcaseforKatalon.clickTab is PASSED

2021-05-04 17:10:55 - [TEST_STEP][PASSED] - ctdc.utilities.runtestcaseforKatalon.clickTab("Object Repository/Canine/Filter/ResponseToTreatment/RESPONSETOTREATMENT_Ddn"): ctdc.utilities.runtestcaseforKatalon.clickTab is PASSED

2021-05-04 17:10:58 - [MESSAGE][PASSED] - ctdc.utilities.runtestcaseforKatalon.clickTab is PASSED

2021-05-04 17:10:58 - [TEST_STEP][PASSED] - ctdc.utilities.runtestcaseforKatalon.readStatBarCanine("Object Repository/Canine/StatBar/Canine_StatBar-Studies", "Object Repository/Canine/StatBar/Canine_StatBar-Cases", "Object Repository/Canine/StatBar/Canine_StatBar-Samples", "Object Repository/Canine/StatBar/Canine_StatBar-Files", "Object Repository/Canine/StatBar/Canine_StatBar-Aliquots"): ctdc.utilities.runtestcaseforKatalon.readStatBarCanine is PASSED

2021-05-04 17:11:18 - [MESSAGE][PASSED] - ctdc.utilities.runtestcaseforKatalon.readStatBarCanine is PASSED

2021-05-04 17:11:18 - [TEST_STEP][PASSED] - waitForElementPresent(findTestObject("Object Repository/Canine/CanineResults_Cases_Tab"), 5): Object 'Object Repository/Canine/CanineResults_Cases_Tab' is not present after 5 second(s)

2021-05-04 17:11:24 - [MESSAGE][INFO] - Unable to find the element located by 'By.xpath: //*[@id="case_tab"]'. Please recheck the objects properties to make sure the desired element is located. 

2021-05-04 17:11:24 - [MESSAGE][WARNING] - Object 'Object Repository/Canine/CanineResults_Cases_Tab' is not present after 5 second(s)

2021-05-04 17:11:24 - [TEST_STEP][PASSED] - ctdc.utilities.runtestcaseforKatalon.clickTab("Object Repository/Canine/CanineResults_Cases_Tab"): ctdc.utilities.runtestcaseforKatalon.clickTab is PASSED

2021-05-04 17:11:26 - [MESSAGE][PASSED] - ctdc.utilities.runtestcaseforKatalon.clickTab is PASSED

2021-05-04 17:11:26 - [TEST_STEP][PASSED] - ctdc.utilities.runtestcaseforKatalon.multiFunction("ICDC", G_StatBar_Cases, "Object Repository/Canine/Canine_CasesTable", "Object Repository/Canine/Canine_TableHeader", "Object Repository/Canine/Canine_CasesTabNextBtn", G_WebTabnameCases, G_CypherTabnameCases, G_QueryCasesTab): Statbar Arms count matches

2021-05-04 17:12:15 - [MESSAGE][PASSED] - Statbar Files count matches

2021-05-04 17:12:15 - [MESSAGE][PASSED] - Statbar Samples count matches

2021-05-04 17:12:15 - [MESSAGE][PASSED] - Statbar Cases count matches

2021-05-04 17:12:15 - [MESSAGE][PASSED] - Statbar Arms count matches

2021-05-04 17:12:15 - [TEST_STEP][PASSED] - closeBrowser(): Browser is closed

2021-05-04 17:12:18 - [MESSAGE][PASSED] - Browser is closed]]></system-out>
         <system-err><![CDATA[]]></system-err>
      </testcase>
      <testcase name="Test Cases/Canine_TestCases/Study-Combinations/TC19_Canine_StudyUBC-Breed_Diagnosis_PrimDiseaseSite_RespToTreatmt" time="400.464" classname="Test Cases/Canine_TestCases/Study-Combinations/TC19_Canine_StudyUBC-Breed_Diagnosis_PrimDiseaseSite_RespToTreatmt" status="PASSED">
         <system-out><![CDATA[2021-05-04 17:12:18 - [TEST_CASE][PASSED] - Test Cases/Canine_TestCases/Study-Combinations/TC19_Canine_StudyUBC-Breed_Diagnosis_PrimDiseaseSite_RespToTreatmt: Test Cases/Canine_TestCases/Study-Combinations/TC19_Canine_StudyUBC-Breed_Diagnosis_PrimDiseaseSite_RespToTreatmt

2021-05-04 17:12:22 - [TEST_STEP][PASSED] - closeBrowser(): Browser is closed

2021-05-04 17:12:22 - [MESSAGE][PASSED] - Browser is closed

2021-05-04 17:12:22 - [TEST_STEP][PASSED] - openBrowser(""): Browser is opened with url: ''

2021-05-04 17:12:22 - [MESSAGE][INFO] - Starting 'Chrome (headless)' driver

2021-05-04 17:12:22 - [MESSAGE][INFO] - User set preference: ['args', '[--no-sandbox]']

2021-05-04 17:12:22 - [MESSAGE][INFO] - Action delay is set to 5,000 milliseconds

2021-05-04 17:12:28 - [MESSAGE][PASSED] - Browser is opened with url: ''

2021-05-04 17:12:28 - [TEST_STEP][PASSED] - maximizeWindow(): Current window maximized

2021-05-04 17:12:29 - [MESSAGE][PASSED] - Current window maximized

2021-05-04 17:12:29 - [TEST_STEP][PASSED] - "Driver opened by Katalon is used in Selenium from this step.": null

2021-05-04 17:12:29 - [TEST_STEP][PASSED] - ctdc.utilities.runtestcaseforKatalon.RunKatalon("TC19_Canine_StudyUBC-Breed_Diagnosis_PrimDiseaseSite_RespToTreatmt.xlsx"): Data loaded from input file for the test case. 

2021-05-04 17:12:29 - [MESSAGE][PASSED] - Test case file loaded This is the full filepath after converting to string :C:\Users\radhakrishnang2\Desktop\Commons_Automation\InputFiles\TC19_Canine_StudyUBC-Breed_Diagnosis_PrimDiseaseSite_RespToTreatmt.xlsx

2021-05-04 17:12:29 - [MESSAGE][INFO] - Global variable set for password file is :  C:\Users\radhakrishnang2\Desktop\Commons_Automation\InputFiles\TC19_Canine_StudyUBC-Breed_Diagnosis_PrimDiseaseSite_RespToTreatmt.xlsx

2021-05-04 17:12:29 - [MESSAGE][PASSED] - Data loaded from input file for the test case. 

2021-05-04 17:13:08 - [TEST_STEP][PASSED] - waitForElementPresent(findTestObject("Canine/NavBar/Canine_Cases_Btn"), 10): Object 'Object Repository/Canine/NavBar/Canine_Cases_Btn' is not present after 10 second(s)

2021-05-04 17:13:20 - [MESSAGE][INFO] - Unable to find the element located by 'By.xpath: //a[contains(@href,'cases')]'. Please recheck the objects properties to make sure the desired element is located. 

2021-05-04 17:13:20 - [MESSAGE][WARNING] - Object 'Object Repository/Canine/NavBar/Canine_Cases_Btn' is not present after 10 second(s)

2021-05-04 17:13:20 - [TEST_STEP][PASSED] - ctdc.utilities.runtestcaseforKatalon.clickTab("Canine/NavBar/Canine_Cases_Btn"): ctdc.utilities.runtestcaseforKatalon.clickTab is PASSED

2021-05-04 17:13:21 - [MESSAGE][PASSED] - ctdc.utilities.runtestcaseforKatalon.clickTab is PASSED

2021-05-04 17:13:21 - [TEST_STEP][PASSED] - waitForElementPresent(findTestObject("Object Repository/Canine/Filter/FilterByCases_Facet"), 10): Object 'Object Repository/Canine/Filter/FilterByCases_Facet' is not present after 10 second(s)

2021-05-04 17:13:33 - [MESSAGE][INFO] - Unable to find the element located by 'By.xpath: //*[contains(text(),'Filter By Cases')]'. Please recheck the objects properties to make sure the desired element is located. 

2021-05-04 17:13:33 - [MESSAGE][WARNING] - Object 'Object Repository/Canine/Filter/FilterByCases_Facet' is not present after 10 second(s)

2021-05-04 17:13:33 - [TEST_STEP][PASSED] - ctdc.utilities.runtestcaseforKatalon.clickTab("Object Repository/Canine/Filter/FilterByCases_Facet"): ctdc.utilities.runtestcaseforKatalon.clickTab is PASSED

2021-05-04 17:13:36 - [MESSAGE][PASSED] - ctdc.utilities.runtestcaseforKatalon.clickTab is PASSED

2021-05-04 17:13:36 - [TEST_STEP][PASSED] - waitForElementPresent(findTestObject("Object Repository/Canine/Filter/Study/Canine_Filter_Study"), 10): Object 'Object Repository/Canine/Filter/Study/Canine_Filter_Study' is not present after 10 second(s)

2021-05-04 17:13:48 - [MESSAGE][INFO] - Unable to find the element located by 'By.xpath: //*[@id='Study']'. Please recheck the objects properties to make sure the desired element is located. 

2021-05-04 17:13:48 - [MESSAGE][WARNING] - Object 'Object Repository/Canine/Filter/Study/Canine_Filter_Study' is not present after 10 second(s)

2021-05-04 17:13:48 - [TEST_STEP][PASSED] - ctdc.utilities.runtestcaseforKatalon.clickTab("Object Repository/Canine/Filter/Study/Canine_Filter_Study"): ctdc.utilities.runtestcaseforKatalon.clickTab is PASSED

2021-05-04 17:13:50 - [MESSAGE][PASSED] - ctdc.utilities.runtestcaseforKatalon.clickTab is PASSED

2021-05-04 17:13:50 - [TEST_STEP][PASSED] - waitForElementPresent(findTestObject("Object Repository/Canine/Filter/Study/Canine_Filter_Study-UBC_Chkbx"), 10): Object 'Object Repository/Canine/Filter/Study/Canine_Filter_Study-UBC_Chkbx' is not present after 10 second(s)

2021-05-04 17:14:02 - [MESSAGE][INFO] - Unable to find the element located by 'By.xpath: (//*[contains(text(),'UBC')])[1]'. Please recheck the objects properties to make sure the desired element is located. 

2021-05-04 17:14:02 - [MESSAGE][WARNING] - Object 'Object Repository/Canine/Filter/Study/Canine_Filter_Study-UBC_Chkbx' is not present after 10 second(s)

2021-05-04 17:14:02 - [TEST_STEP][PASSED] - ctdc.utilities.runtestcaseforKatalon.clickTab("Object Repository/Canine/Filter/Study/Canine_Filter_Study-UBC_Chkbx"): ctdc.utilities.runtestcaseforKatalon.clickTab is PASSED

2021-05-04 17:14:05 - [MESSAGE][PASSED] - ctdc.utilities.runtestcaseforKatalon.clickTab is PASSED

2021-05-04 17:14:05 - [TEST_STEP][PASSED] - Thread.sleep(2000): null

2021-05-04 17:14:07 - [TEST_STEP][PASSED] - waitForElementPresent(findTestObject("Object Repository/Canine/Filter/Breed/BREED_Ddn"), 10): Object 'Object Repository/Canine/Filter/Breed/BREED_Ddn' is not present after 10 second(s)

2021-05-04 17:14:20 - [MESSAGE][INFO] - Unable to find the element located by 'By.xpath: //*[@id='Breed']'. Please recheck the objects properties to make sure the desired element is located. 

2021-05-04 17:14:20 - [MESSAGE][WARNING] - Object 'Object Repository/Canine/Filter/Breed/BREED_Ddn' is not present after 10 second(s)

2021-05-04 17:14:20 - [TEST_STEP][PASSED] - ctdc.utilities.runtestcaseforKatalon.clickTab("Object Repository/Canine/Filter/Breed/BREED_Ddn"): ctdc.utilities.runtestcaseforKatalon.clickTab is PASSED

2021-05-04 17:14:22 - [MESSAGE][PASSED] - ctdc.utilities.runtestcaseforKatalon.clickTab is PASSED

2021-05-04 17:14:22 - [TEST_STEP][PASSED] - waitForElementPresent(findTestObject("Object Repository/Canine/Filter/Breed/BelgMalin_Chkbx"), 10): Object 'Object Repository/Canine/Filter/Breed/BelgMalin_Chkbx' is not present after 10 second(s)

2021-05-04 17:14:34 - [MESSAGE][INFO] - Unable to find the element located by 'By.xpath: //*[contains(text(),'Belgian Malinois')]'. Please recheck the objects properties to make sure the desired element is located. 

2021-05-04 17:14:34 - [MESSAGE][WARNING] - Object 'Object Repository/Canine/Filter/Breed/BelgMalin_Chkbx' is not present after 10 second(s)

2021-05-04 17:14:34 - [TEST_STEP][PASSED] - ctdc.utilities.runtestcaseforKatalon.clickTab("Object Repository/Canine/Filter/Breed/BelgMalin_Chkbx"): ctdc.utilities.runtestcaseforKatalon.clickTab is PASSED

2021-05-04 17:14:36 - [MESSAGE][PASSED] - ctdc.utilities.runtestcaseforKatalon.clickTab is PASSED

2021-05-04 17:14:36 - [TEST_STEP][PASSED] - waitForElementPresent(findTestObject("Object Repository/Canine/Filter/Breed/Labrador_Chkbx"), 10): Object 'Object Repository/Canine/Filter/Breed/Labrador_Chkbx' is not present after 10 second(s)

2021-05-04 17:14:48 - [MESSAGE][INFO] - Unable to find the element located by 'By.xpath: //*[contains(text(),'Labrador Retriever')]'. Please recheck the objects properties to make sure the desired element is located. 

2021-05-04 17:14:48 - [MESSAGE][WARNING] - Object 'Object Repository/Canine/Filter/Breed/Labrador_Chkbx' is not present after 10 second(s)

2021-05-04 17:14:48 - [TEST_STEP][PASSED] - ctdc.utilities.runtestcaseforKatalon.clickTab("Object Repository/Canine/Filter/Breed/Labrador_Chkbx"): ctdc.utilities.runtestcaseforKatalon.clickTab is PASSED

2021-05-04 17:14:51 - [MESSAGE][PASSED] - ctdc.utilities.runtestcaseforKatalon.clickTab is PASSED

2021-05-04 17:14:51 - [TEST_STEP][PASSED] - waitForElementPresent(findTestObject("Object Repository/Canine/Filter/Breed/WestHland_Chkbx"), 10): Object 'Object Repository/Canine/Filter/Breed/WestHland_Chkbx' is not present after 10 second(s)

2021-05-04 17:15:03 - [MESSAGE][INFO] - Unable to find the element located by 'By.xpath: //*[contains(text(),'West Highland White Terrier')]'. Please recheck the objects properties to make sure the desired element is located. 

2021-05-04 17:15:03 - [MESSAGE][WARNING] - Object 'Object Repository/Canine/Filter/Breed/WestHland_Chkbx' is not present after 10 second(s)

2021-05-04 17:15:03 - [TEST_STEP][PASSED] - ctdc.utilities.runtestcaseforKatalon.clickTab("Object Repository/Canine/Filter/Breed/WestHland_Chkbx"): ctdc.utilities.runtestcaseforKatalon.clickTab is PASSED

2021-05-04 17:15:08 - [MESSAGE][PASSED] - ctdc.utilities.runtestcaseforKatalon.clickTab is PASSED

2021-05-04 17:15:08 - [TEST_STEP][PASSED] - ctdc.utilities.runtestcaseforKatalon.clickTab("Object Repository/Canine/Filter/Breed/BREED_Ddn"): ctdc.utilities.runtestcaseforKatalon.clickTab is PASSED

2021-05-04 17:15:11 - [MESSAGE][PASSED] - ctdc.utilities.runtestcaseforKatalon.clickTab is PASSED

2021-05-04 17:15:11 - [TEST_STEP][PASSED] - waitForElementPresent(findTestObject("Object Repository/Canine/Filter/Diagnosis/DIAGNOSIS_Ddn"), 10): Object 'Object Repository/Canine/Filter/Diagnosis/DIAGNOSIS_Ddn' is not present after 10 second(s)

2021-05-04 17:15:23 - [MESSAGE][INFO] - Unable to find the element located by 'By.xpath: (//*[@id='Diagnosis'])[1]'. Please recheck the objects properties to make sure the desired element is located. 

2021-05-04 17:15:23 - [MESSAGE][WARNING] - Object 'Object Repository/Canine/Filter/Diagnosis/DIAGNOSIS_Ddn' is not present after 10 second(s)

2021-05-04 17:15:23 - [TEST_STEP][PASSED] - ctdc.utilities.runtestcaseforKatalon.clickTab("Object Repository/Canine/Filter/Diagnosis/DIAGNOSIS_Ddn"): ctdc.utilities.runtestcaseforKatalon.clickTab is PASSED

2021-05-04 17:15:26 - [MESSAGE][PASSED] - ctdc.utilities.runtestcaseforKatalon.clickTab is PASSED

2021-05-04 17:15:26 - [TEST_STEP][PASSED] - waitForElementPresent(findTestObject("Object Repository/Canine/Filter/Diagnosis/BladderCancer_Chkbx"), 10): Object 'Object Repository/Canine/Filter/Diagnosis/BladderCancer_Chkbx' is not present after 10 second(s)

2021-05-04 17:15:38 - [MESSAGE][INFO] - Unable to find the element located by 'By.xpath: //*[contains(text(),'Bladder Cancer')]'. Please recheck the objects properties to make sure the desired element is located. 

2021-05-04 17:15:38 - [MESSAGE][WARNING] - Object 'Object Repository/Canine/Filter/Diagnosis/BladderCancer_Chkbx' is not present after 10 second(s)

2021-05-04 17:15:38 - [TEST_STEP][PASSED] - ctdc.utilities.runtestcaseforKatalon.clickTab("Object Repository/Canine/Filter/Diagnosis/BladderCancer_Chkbx"): ctdc.utilities.runtestcaseforKatalon.clickTab is PASSED

2021-05-04 17:15:44 - [MESSAGE][PASSED] - ctdc.utilities.runtestcaseforKatalon.clickTab is PASSED

2021-05-04 17:15:44 - [TEST_STEP][PASSED] - ctdc.utilities.runtestcaseforKatalon.clickTab("Object Repository/Canine/Filter/Diagnosis/DIAGNOSIS_Ddn"): ctdc.utilities.runtestcaseforKatalon.clickTab is PASSED

2021-05-04 17:15:46 - [MESSAGE][PASSED] - ctdc.utilities.runtestcaseforKatalon.clickTab is PASSED

2021-05-04 17:15:46 - [TEST_STEP][PASSED] - waitForElementPresent(findTestObject("Object Repository/Canine/Filter/PrimDiseaseSite/PRIMARYDISEASESITE_Ddn"), 10): Object 'Object Repository/Canine/Filter/PrimDiseaseSite/PRIMARYDISEASESITE_Ddn' is not present after 10 second(s)

2021-05-04 17:15:58 - [MESSAGE][INFO] - Unable to find the element located by 'By.xpath: //*[@id='Primary Disease Site']'. Please recheck the objects properties to make sure the desired element is located. 

2021-05-04 17:15:58 - [MESSAGE][WARNING] - Object 'Object Repository/Canine/Filter/PrimDiseaseSite/PRIMARYDISEASESITE_Ddn' is not present after 10 second(s)

2021-05-04 17:15:58 - [TEST_STEP][PASSED] - ctdc.utilities.runtestcaseforKatalon.clickTab("Object Repository/Canine/Filter/PrimDiseaseSite/PRIMARYDISEASESITE_Ddn"): ctdc.utilities.runtestcaseforKatalon.clickTab is PASSED

2021-05-04 17:16:01 - [MESSAGE][PASSED] - ctdc.utilities.runtestcaseforKatalon.clickTab is PASSED

2021-05-04 17:16:01 - [TEST_STEP][PASSED] - waitForElementPresent(findTestObject("Object Repository/Canine/Filter/PrimDiseaseSite/BladderProstate_Chkbx"), 10): Object 'Object Repository/Canine/Filter/PrimDiseaseSite/BladderProstate_Chkbx' is not present after 10 second(s)

2021-05-04 17:16:13 - [MESSAGE][INFO] - Unable to find the element located by 'By.xpath: //*[contains(text(),'Bladder, Prostate')]'. Please recheck the objects properties to make sure the desired element is located. 

2021-05-04 17:16:13 - [MESSAGE][WARNING] - Object 'Object Repository/Canine/Filter/PrimDiseaseSite/BladderProstate_Chkbx' is not present after 10 second(s)

2021-05-04 17:16:13 - [TEST_STEP][PASSED] - ctdc.utilities.runtestcaseforKatalon.clickTab("Object Repository/Canine/Filter/PrimDiseaseSite/BladderProstate_Chkbx"): ctdc.utilities.runtestcaseforKatalon.clickTab is PASSED

2021-05-04 17:16:16 - [MESSAGE][PASSED] - ctdc.utilities.runtestcaseforKatalon.clickTab is PASSED

2021-05-04 17:16:16 - [TEST_STEP][PASSED] - ctdc.utilities.runtestcaseforKatalon.clickTab("Object Repository/Canine/Filter/PrimDiseaseSite/PRIMARYDISEASESITE_Ddn"): ctdc.utilities.runtestcaseforKatalon.clickTab is PASSED

2021-05-04 17:16:21 - [MESSAGE][PASSED] - ctdc.utilities.runtestcaseforKatalon.clickTab is PASSED

2021-05-04 17:16:21 - [TEST_STEP][PASSED] - waitForElementPresent(findTestObject("Object Repository/Canine/Filter/ResponseToTreatment/RESPONSETOTREATMENT_Ddn"), 10): Object 'Object Repository/Canine/Filter/ResponseToTreatment/RESPONSETOTREATMENT_Ddn' is not present after 10 second(s)

2021-05-04 17:16:32 - [MESSAGE][INFO] - Unable to find the element located by 'By.xpath: (//div[@id='Response to Treatment'])[1]'. Please recheck the objects properties to make sure the desired element is located. 

2021-05-04 17:16:32 - [MESSAGE][WARNING] - Object 'Object Repository/Canine/Filter/ResponseToTreatment/RESPONSETOTREATMENT_Ddn' is not present after 10 second(s)

2021-05-04 17:16:32 - [TEST_STEP][PASSED] - ctdc.utilities.runtestcaseforKatalon.clickTab("Object Repository/Canine/Filter/ResponseToTreatment/RESPONSETOTREATMENT_Ddn"): ctdc.utilities.runtestcaseforKatalon.clickTab is PASSED

2021-05-04 17:16:34 - [MESSAGE][PASSED] - ctdc.utilities.runtestcaseforKatalon.clickTab is PASSED

2021-05-04 17:16:34 - [TEST_STEP][PASSED] - waitForElementPresent(findTestObject("Object Repository/Canine/Filter/ResponseToTreatment/PartialResponse_Chkbx"), 10): Object 'Object Repository/Canine/Filter/ResponseToTreatment/PartialResponse_Chkbx' is not present after 10 second(s)

2021-05-04 17:16:46 - [MESSAGE][INFO] - Unable to find the element located by 'By.xpath: //*[contains(text(),'Partial Response')]'. Please recheck the objects properties to make sure the desired element is located. 

2021-05-04 17:16:46 - [MESSAGE][WARNING] - Object 'Object Repository/Canine/Filter/ResponseToTreatment/PartialResponse_Chkbx' is not present after 10 second(s)

2021-05-04 17:16:46 - [TEST_STEP][PASSED] - ctdc.utilities.runtestcaseforKatalon.clickTab("Object Repository/Canine/Filter/ResponseToTreatment/PartialResponse_Chkbx"): ctdc.utilities.runtestcaseforKatalon.clickTab is PASSED

2021-05-04 17:16:51 - [MESSAGE][PASSED] - ctdc.utilities.runtestcaseforKatalon.clickTab is PASSED

2021-05-04 17:16:51 - [TEST_STEP][PASSED] - ctdc.utilities.runtestcaseforKatalon.clickTab("Object Repository/Canine/Filter/ResponseToTreatment/RESPONSETOTREATMENT_Ddn"): ctdc.utilities.runtestcaseforKatalon.clickTab is PASSED

2021-05-04 17:16:54 - [MESSAGE][PASSED] - ctdc.utilities.runtestcaseforKatalon.clickTab is PASSED

2021-05-04 17:16:54 - [TEST_STEP][PASSED] - ctdc.utilities.runtestcaseforKatalon.readStatBarCanine("Object Repository/Canine/StatBar/Canine_StatBar-Studies", "Object Repository/Canine/StatBar/Canine_StatBar-Cases", "Object Repository/Canine/StatBar/Canine_StatBar-Samples", "Object Repository/Canine/StatBar/Canine_StatBar-Files", "Object Repository/Canine/StatBar/Canine_StatBar-Aliquots"): ctdc.utilities.runtestcaseforKatalon.readStatBarCanine is PASSED

2021-05-04 17:17:17 - [MESSAGE][PASSED] - ctdc.utilities.runtestcaseforKatalon.readStatBarCanine is PASSED

2021-05-04 17:17:17 - [TEST_STEP][PASSED] - waitForElementPresent(findTestObject("Object Repository/Canine/CanineResults_Cases_Tab"), 5): Object 'Object Repository/Canine/CanineResults_Cases_Tab' is not present after 5 second(s)

2021-05-04 17:17:24 - [MESSAGE][INFO] - Unable to find the element located by 'By.xpath: //*[@id="case_tab"]'. Please recheck the objects properties to make sure the desired element is located. 

2021-05-04 17:17:24 - [MESSAGE][WARNING] - Object 'Object Repository/Canine/CanineResults_Cases_Tab' is not present after 5 second(s)

2021-05-04 17:17:24 - [TEST_STEP][PASSED] - ctdc.utilities.runtestcaseforKatalon.clickTab("Object Repository/Canine/CanineResults_Cases_Tab"): ctdc.utilities.runtestcaseforKatalon.clickTab is PASSED

2021-05-04 17:17:26 - [MESSAGE][PASSED] - ctdc.utilities.runtestcaseforKatalon.clickTab is PASSED

2021-05-04 17:17:26 - [TEST_STEP][PASSED] - ctdc.utilities.runtestcaseforKatalon.multiFunction("ICDC", G_StatBar_Cases, "Object Repository/Canine/Canine_CasesTable", "Object Repository/Canine/Canine_TableHeader", "Object Repository/Canine/Canine_CasesTabNextBtn", G_WebTabnameCases, G_CypherTabnameCases, G_QueryCasesTab): Statbar Arms count matches

2021-05-04 17:18:30 - [MESSAGE][PASSED] - Statbar Files count matches

2021-05-04 17:18:30 - [MESSAGE][PASSED] - Statbar Samples count matches

2021-05-04 17:18:30 - [MESSAGE][PASSED] - Statbar Cases count matches

2021-05-04 17:18:30 - [MESSAGE][PASSED] - Statbar Arms count matches

2021-05-04 17:18:30 - [TEST_STEP][PASSED] - closeBrowser(): Browser is closed

2021-05-04 17:18:59 - [MESSAGE][PASSED] - Browser is closed]]></system-out>
         <system-err><![CDATA[]]></system-err>
      </testcase>
      <testcase name="Test Cases/Canine_TestCases/Study-Combinations/TC20_Canine_StudyUBC-Breed_Diagnosis_PrimDiseaseSite_RespToTreatmt" time="384.419" classname="Test Cases/Canine_TestCases/Study-Combinations/TC20_Canine_StudyUBC-Breed_Diagnosis_PrimDiseaseSite_RespToTreatmt" status="ERROR">
         <error type="ERROR" message="Test Cases/Canine_TestCases/Study-Combinations/TC20_Canine_StudyUBC-Breed_Diagnosis_PrimDiseaseSite_RespToTreatmt FAILED.
Reason:
org.openqa.selenium.NoSuchElementException: no such element: Unable to locate element: {&quot;method&quot;:&quot;xpath&quot;,&quot;selector&quot;:&quot;//*[contains(text(),'Progressive Disease')]&quot;}
  (Session info: headless chrome=90.0.4430.93)
For documentation on this error, please visit: https://www.seleniumhq.org/exceptions/no_such_element.html
Build info: version: '3.141.59', revision: 'e82be7d358', time: '2018-11-14T08:25:53'
System info: host: 'NCI-02150368-L', ip: '10.243.136.136', os.name: 'Windows 10', os.arch: 'amd64', os.version: '10.0', java.version: '1.8.0_181'
Driver info: org.openqa.selenium.chrome.ChromeDriver
Capabilities {acceptInsecureCerts: false, browserName: chrome, browserVersion: 90.0.4430.93, chrome: {chromedriverVersion: 89.0.4389.23 (61b08ee2c5002..., userDataDir: C:\Users\RADHAK~1\AppData\L...}, goog:chromeOptions: {debuggerAddress: localhost:63779}, javascriptEnabled: true, networkConnectionEnabled: false, pageLoadStrategy: normal, platform: WINDOWS, platformName: WINDOWS, proxy: Proxy(), setWindowRect: true, strictFileInteractability: false, timeouts: {implicit: 0, pageLoad: 300000, script: 30000}, unhandledPromptBehavior: dismiss and notify, webauthn:extension:largeBlob: true, webauthn:virtualAuthenticators: true}
Session ID: 6ccbfa3ef650cf62155767f1560d765d
*** Element info: {Using=xpath, value=//*[contains(text(),'Progressive Disease')]}
	at org.openqa.selenium.remote.http.W3CHttpResponseCodec.createException(W3CHttpResponseCodec.java:187)
	at org.openqa.selenium.remote.http.W3CHttpResponseCodec.decode(W3CHttpResponseCodec.java:122)
	at org.openqa.selenium.remote.http.W3CHttpResponseCodec.decode(W3CHttpResponseCodec.java:49)
	at org.openqa.selenium.remote.HttpCommandExecutor.execute(HttpCommandExecutor.java:158)
	at org.openqa.selenium.remote.service.DriverCommandExecutor.execute(DriverCommandExecutor.java:83)
	at org.openqa.selenium.remote.RemoteWebDriver.execute(RemoteWebDriver.java:552)
	at org.openqa.selenium.remote.RemoteWebDriver.findElement(RemoteWebDriver.java:323)
	at org.openqa.selenium.remote.RemoteWebDriver.findElementByXPath(RemoteWebDriver.java:428)
	at org.openqa.selenium.By$ByXPath.findElement(By.java:353)
	at org.openqa.selenium.remote.RemoteWebDriver.findElement(RemoteWebDriver.java:315)
	at org.openqa.selenium.WebDriver$findElement$1.call(Unknown Source)
	at ctdc.utilities.runtestcaseforKatalon.clickTab(runtestcaseforKatalon.groovy:1007)
	at ctdc.utilities.runtestcaseforKatalon.invokeMethod(runtestcaseforKatalon.groovy)
	at com.kms.katalon.core.main.CustomKeywordDelegatingMetaClass.invokeStaticMethod(CustomKeywordDelegatingMetaClass.java:50)
	at TC20_Canine_StudyUBC-Breed_Diagnosis_PrimDiseaseSite_RespToTreatmt.run(TC20_Canine_StudyUBC-Breed_Diagnosis_PrimDiseaseSite_RespToTreatmt:99)
	at com.kms.katalon.core.main.ScriptEngine.run(ScriptEngine.java:194)
	at com.kms.katalon.core.main.ScriptEngine.runScriptAsRawText(ScriptEngine.java:119)
	at com.kms.katalon.core.main.TestCaseExecutor.runScript(TestCaseExecutor.java:339)
	at com.kms.katalon.core.main.TestCaseExecutor.doExecute(TestCaseExecutor.java:330)
	at com.kms.katalon.core.main.TestCaseExecutor.processExecutionPhase(TestCaseExecutor.java:309)
	at com.kms.katalon.core.main.TestCaseExecutor.accessMainPhase(TestCaseExecutor.java:301)
	at com.kms.katalon.core.main.TestCaseExecutor.execute(TestCaseExecutor.java:235)
	at com.kms.katalon.core.main.TestSuiteExecutor.accessTestCaseMainPhase(TestSuiteExecutor.java:191)
	at com.kms.katalon.core.main.TestSuiteExecutor.accessTestSuiteMainPhase(TestSuiteExecutor.java:141)
	at com.kms.katalon.core.main.TestSuiteExecutor.execute(TestSuiteExecutor.java:90)
	at com.kms.katalon.core.main.TestCaseMain.startTestSuite(TestCaseMain.java:157)
	at com.kms.katalon.core.main.TestCaseMain$startTestSuite$0.call(Unknown Source)
	at TempTestSuite1620168198687.run(TempTestSuite1620168198687.groovy:39)
"/>
         <system-out><![CDATA[2021-05-04 17:18:59 - [TEST_CASE][ERROR] - Test Cases/Canine_TestCases/Study-Combinations/TC20_Canine_StudyUBC-Breed_Diagnosis_PrimDiseaseSite_RespToTreatmt: Test Cases/Canine_TestCases/Study-Combinations/TC20_Canine_StudyUBC-Breed_Diagnosis_PrimDiseaseSite_RespToTreatmt FAILED.
Reason:
org.openqa.selenium.NoSuchElementException: no such element: Unable to locate element: {"method":"xpath","selector":"//*[contains(text(),'Progressive Disease')]"}
  (Session info: headless chrome=90.0.4430.93)
For documentation on this error, please visit: https://www.seleniumhq.org/exceptions/no_such_element.html
Build info: version: '3.141.59', revision: 'e82be7d358', time: '2018-11-14T08:25:53'
System info: host: 'NCI-02150368-L', ip: '10.243.136.136', os.name: 'Windows 10', os.arch: 'amd64', os.version: '10.0', java.version: '1.8.0_181'
Driver info: org.openqa.selenium.chrome.ChromeDriver
Capabilities {acceptInsecureCerts: false, browserName: chrome, browserVersion: 90.0.4430.93, chrome: {chromedriverVersion: 89.0.4389.23 (61b08ee2c5002..., userDataDir: C:\Users\RADHAK~1\AppData\L...}, goog:chromeOptions: {debuggerAddress: localhost:63779}, javascriptEnabled: true, networkConnectionEnabled: false, pageLoadStrategy: normal, platform: WINDOWS, platformName: WINDOWS, proxy: Proxy(), setWindowRect: true, strictFileInteractability: false, timeouts: {implicit: 0, pageLoad: 300000, script: 30000}, unhandledPromptBehavior: dismiss and notify, webauthn:extension:largeBlob: true, webauthn:virtualAuthenticators: true}
Session ID: 6ccbfa3ef650cf62155767f1560d765d
*** Element info: {Using=xpath, value=//*[contains(text(),'Progressive Disease')]}
	at org.openqa.selenium.remote.http.W3CHttpResponseCodec.createException(W3CHttpResponseCodec.java:187)
	at org.openqa.selenium.remote.http.W3CHttpResponseCodec.decode(W3CHttpResponseCodec.java:122)
	at org.openqa.selenium.remote.http.W3CHttpResponseCodec.decode(W3CHttpResponseCodec.java:49)
	at org.openqa.selenium.remote.HttpCommandExecutor.execute(HttpCommandExecutor.java:158)
	at org.openqa.selenium.remote.service.DriverCommandExecutor.execute(DriverCommandExecutor.java:83)
	at org.openqa.selenium.remote.RemoteWebDriver.execute(RemoteWebDriver.java:552)
	at org.openqa.selenium.remote.RemoteWebDriver.findElement(RemoteWebDriver.java:323)
	at org.openqa.selenium.remote.RemoteWebDriver.findElementByXPath(RemoteWebDriver.java:428)
	at org.openqa.selenium.By$ByXPath.findElement(By.java:353)
	at org.openqa.selenium.remote.RemoteWebDriver.findElement(RemoteWebDriver.java:315)
	at org.openqa.selenium.WebDriver$findElement$1.call(Unknown Source)
	at ctdc.utilities.runtestcaseforKatalon.clickTab(runtestcaseforKatalon.groovy:1007)
	at ctdc.utilities.runtestcaseforKatalon.invokeMethod(runtestcaseforKatalon.groovy)
	at com.kms.katalon.core.main.CustomKeywordDelegatingMetaClass.invokeStaticMethod(CustomKeywordDelegatingMetaClass.java:50)
	at TC20_Canine_StudyUBC-Breed_Diagnosis_PrimDiseaseSite_RespToTreatmt.run(TC20_Canine_StudyUBC-Breed_Diagnosis_PrimDiseaseSite_RespToTreatmt:99)
	at com.kms.katalon.core.main.ScriptEngine.run(ScriptEngine.java:194)
	at com.kms.katalon.core.main.ScriptEngine.runScriptAsRawText(ScriptEngine.java:119)
	at com.kms.katalon.core.main.TestCaseExecutor.runScript(TestCaseExecutor.java:339)
	at com.kms.katalon.core.main.TestCaseExecutor.doExecute(TestCaseExecutor.java:330)
	at com.kms.katalon.core.main.TestCaseExecutor.processExecutionPhase(TestCaseExecutor.java:309)
	at com.kms.katalon.core.main.TestCaseExecutor.accessMainPhase(TestCaseExecutor.java:301)
	at com.kms.katalon.core.main.TestCaseExecutor.execute(TestCaseExecutor.java:235)
	at com.kms.katalon.core.main.TestSuiteExecutor.accessTestCaseMainPhase(TestSuiteExecutor.java:191)
	at com.kms.katalon.core.main.TestSuiteExecutor.accessTestSuiteMainPhase(TestSuiteExecutor.java:141)
	at com.kms.katalon.core.main.TestSuiteExecutor.execute(TestSuiteExecutor.java:90)
	at com.kms.katalon.core.main.TestCaseMain.startTestSuite(TestCaseMain.java:157)
	at com.kms.katalon.core.main.TestCaseMain$startTestSuite$0.call(Unknown Source)
	at TempTestSuite1620168198687.run(TempTestSuite1620168198687.groovy:39)


2021-05-04 17:19:03 - [TEST_STEP][PASSED] - closeBrowser(): Browser is closed

2021-05-04 17:19:03 - [MESSAGE][PASSED] - Browser is closed

2021-05-04 17:19:03 - [TEST_STEP][PASSED] - openBrowser(""): Browser is opened with url: ''

2021-05-04 17:19:03 - [MESSAGE][INFO] - Starting 'Chrome (headless)' driver

2021-05-04 17:19:03 - [MESSAGE][INFO] - User set preference: ['args', '[--no-sandbox]']

2021-05-04 17:19:03 - [MESSAGE][INFO] - Action delay is set to 5,000 milliseconds

2021-05-04 17:19:13 - [MESSAGE][PASSED] - Browser is opened with url: ''

2021-05-04 17:19:13 - [TEST_STEP][PASSED] - maximizeWindow(): Current window maximized

2021-05-04 17:19:14 - [MESSAGE][PASSED] - Current window maximized

2021-05-04 17:19:14 - [TEST_STEP][PASSED] - "Driver opened by Katalon is used in Selenium from this step.": null

2021-05-04 17:19:14 - [TEST_STEP][PASSED] - ctdc.utilities.runtestcaseforKatalon.RunKatalon("TC20_Canine_StudyUBC-Breed_Diagnosis_PrimDiseaseSite_RespToTreatmt.xlsx"): Data loaded from input file for the test case. 

2021-05-04 17:19:14 - [MESSAGE][PASSED] - Test case file loaded This is the full filepath after converting to string :C:\Users\radhakrishnang2\Desktop\Commons_Automation\InputFiles\TC20_Canine_StudyUBC-Breed_Diagnosis_PrimDiseaseSite_RespToTreatmt.xlsx

2021-05-04 17:19:14 - [MESSAGE][INFO] - Global variable set for password file is :  C:\Users\radhakrishnang2\Desktop\Commons_Automation\InputFiles\TC20_Canine_StudyUBC-Breed_Diagnosis_PrimDiseaseSite_RespToTreatmt.xlsx

2021-05-04 17:19:14 - [MESSAGE][PASSED] - Data loaded from input file for the test case. 

2021-05-04 17:19:59 - [TEST_STEP][PASSED] - waitForElementPresent(findTestObject("Canine/NavBar/Canine_Cases_Btn"), 10): Object 'Object Repository/Canine/NavBar/Canine_Cases_Btn' is not present after 10 second(s)

2021-05-04 17:20:11 - [MESSAGE][INFO] - Unable to find the element located by 'By.xpath: //a[contains(@href,'cases')]'. Please recheck the objects properties to make sure the desired element is located. 

2021-05-04 17:20:11 - [MESSAGE][WARNING] - Object 'Object Repository/Canine/NavBar/Canine_Cases_Btn' is not present after 10 second(s)

2021-05-04 17:20:11 - [TEST_STEP][PASSED] - ctdc.utilities.runtestcaseforKatalon.clickTab("Canine/NavBar/Canine_Cases_Btn"): ctdc.utilities.runtestcaseforKatalon.clickTab is PASSED

2021-05-04 17:20:13 - [MESSAGE][PASSED] - ctdc.utilities.runtestcaseforKatalon.clickTab is PASSED

2021-05-04 17:20:13 - [TEST_STEP][PASSED] - waitForElementPresent(findTestObject("Object Repository/Canine/Filter/FilterByCases_Facet"), 10): Object 'Object Repository/Canine/Filter/FilterByCases_Facet' is not present after 10 second(s)

2021-05-04 17:20:25 - [MESSAGE][INFO] - Unable to find the element located by 'By.xpath: //*[contains(text(),'Filter By Cases')]'. Please recheck the objects properties to make sure the desired element is located. 

2021-05-04 17:20:25 - [MESSAGE][WARNING] - Object 'Object Repository/Canine/Filter/FilterByCases_Facet' is not present after 10 second(s)

2021-05-04 17:20:25 - [TEST_STEP][PASSED] - ctdc.utilities.runtestcaseforKatalon.clickTab("Object Repository/Canine/Filter/FilterByCases_Facet"): ctdc.utilities.runtestcaseforKatalon.clickTab is PASSED

2021-05-04 17:20:29 - [MESSAGE][PASSED] - ctdc.utilities.runtestcaseforKatalon.clickTab is PASSED

2021-05-04 17:20:29 - [TEST_STEP][PASSED] - waitForElementPresent(findTestObject("Object Repository/Canine/Filter/Study/Canine_Filter_Study"), 10): Object 'Object Repository/Canine/Filter/Study/Canine_Filter_Study' is not present after 10 second(s)

2021-05-04 17:20:40 - [MESSAGE][INFO] - Unable to find the element located by 'By.xpath: //*[@id='Study']'. Please recheck the objects properties to make sure the desired element is located. 

2021-05-04 17:20:40 - [MESSAGE][WARNING] - Object 'Object Repository/Canine/Filter/Study/Canine_Filter_Study' is not present after 10 second(s)

2021-05-04 17:20:40 - [TEST_STEP][PASSED] - ctdc.utilities.runtestcaseforKatalon.clickTab("Object Repository/Canine/Filter/Study/Canine_Filter_Study"): ctdc.utilities.runtestcaseforKatalon.clickTab is PASSED

2021-05-04 17:20:44 - [MESSAGE][PASSED] - ctdc.utilities.runtestcaseforKatalon.clickTab is PASSED

2021-05-04 17:20:44 - [TEST_STEP][PASSED] - waitForElementPresent(findTestObject("Object Repository/Canine/Filter/Study/Canine_Filter_Study-UBC_Chkbx"), 10): Object 'Object Repository/Canine/Filter/Study/Canine_Filter_Study-UBC_Chkbx' is not present after 10 second(s)

2021-05-04 17:20:56 - [MESSAGE][INFO] - Unable to find the element located by 'By.xpath: (//*[contains(text(),'UBC')])[1]'. Please recheck the objects properties to make sure the desired element is located. 

2021-05-04 17:20:56 - [MESSAGE][WARNING] - Object 'Object Repository/Canine/Filter/Study/Canine_Filter_Study-UBC_Chkbx' is not present after 10 second(s)

2021-05-04 17:20:56 - [TEST_STEP][PASSED] - ctdc.utilities.runtestcaseforKatalon.clickTab("Object Repository/Canine/Filter/Study/Canine_Filter_Study-UBC_Chkbx"): ctdc.utilities.runtestcaseforKatalon.clickTab is PASSED

2021-05-04 17:21:00 - [MESSAGE][PASSED] - ctdc.utilities.runtestcaseforKatalon.clickTab is PASSED

2021-05-04 17:21:00 - [TEST_STEP][PASSED] - Thread.sleep(2000): null

2021-05-04 17:21:02 - [TEST_STEP][PASSED] - waitForElementPresent(findTestObject("Object Repository/Canine/Filter/Breed/BREED_Ddn"), 10): Object 'Object Repository/Canine/Filter/Breed/BREED_Ddn' is not present after 10 second(s)

2021-05-04 17:21:14 - [MESSAGE][INFO] - Unable to find the element located by 'By.xpath: //*[@id='Breed']'. Please recheck the objects properties to make sure the desired element is located. 

2021-05-04 17:21:14 - [MESSAGE][WARNING] - Object 'Object Repository/Canine/Filter/Breed/BREED_Ddn' is not present after 10 second(s)

2021-05-04 17:21:14 - [TEST_STEP][PASSED] - ctdc.utilities.runtestcaseforKatalon.clickTab("Object Repository/Canine/Filter/Breed/BREED_Ddn"): ctdc.utilities.runtestcaseforKatalon.clickTab is PASSED

2021-05-04 17:21:18 - [MESSAGE][PASSED] - ctdc.utilities.runtestcaseforKatalon.clickTab is PASSED

2021-05-04 17:21:18 - [TEST_STEP][PASSED] - waitForElementPresent(findTestObject("Object Repository/Canine/Filter/Breed/BassHnd_Chkbx"), 10): Object 'Object Repository/Canine/Filter/Breed/BassHnd_Chkbx' is not present after 10 second(s)

2021-05-04 17:21:30 - [MESSAGE][INFO] - Unable to find the element located by 'By.xpath: //*[contains(text(),'Basset Hound')]'. Please recheck the objects properties to make sure the desired element is located. 

2021-05-04 17:21:30 - [MESSAGE][WARNING] - Object 'Object Repository/Canine/Filter/Breed/BassHnd_Chkbx' is not present after 10 second(s)

2021-05-04 17:21:30 - [TEST_STEP][PASSED] - ctdc.utilities.runtestcaseforKatalon.clickTab("Object Repository/Canine/Filter/Breed/BassHnd_Chkbx"): ctdc.utilities.runtestcaseforKatalon.clickTab is PASSED

2021-05-04 17:21:33 - [MESSAGE][PASSED] - ctdc.utilities.runtestcaseforKatalon.clickTab is PASSED

2021-05-04 17:21:33 - [TEST_STEP][PASSED] - waitForElementPresent(findTestObject("Object Repository/Canine/Filter/Breed/BelgMalin_Chkbx"), 10): Object 'Object Repository/Canine/Filter/Breed/BelgMalin_Chkbx' is not present after 10 second(s)

2021-05-04 17:21:44 - [MESSAGE][INFO] - Unable to find the element located by 'By.xpath: //*[contains(text(),'Belgian Malinois')]'. Please recheck the objects properties to make sure the desired element is located. 

2021-05-04 17:21:44 - [MESSAGE][WARNING] - Object 'Object Repository/Canine/Filter/Breed/BelgMalin_Chkbx' is not present after 10 second(s)

2021-05-04 17:21:44 - [TEST_STEP][PASSED] - ctdc.utilities.runtestcaseforKatalon.clickTab("Object Repository/Canine/Filter/Breed/BelgMalin_Chkbx"): ctdc.utilities.runtestcaseforKatalon.clickTab is PASSED

2021-05-04 17:21:47 - [MESSAGE][PASSED] - ctdc.utilities.runtestcaseforKatalon.clickTab is PASSED

2021-05-04 17:21:47 - [TEST_STEP][PASSED] - waitForElementPresent(findTestObject("Object Repository/Canine/Filter/Breed/Labrador_Chkbx"), 10): Object 'Object Repository/Canine/Filter/Breed/Labrador_Chkbx' is not present after 10 second(s)

2021-05-04 17:22:00 - [MESSAGE][INFO] - Unable to find the element located by 'By.xpath: //*[contains(text(),'Labrador Retriever')]'. Please recheck the objects properties to make sure the desired element is located. 

2021-05-04 17:22:00 - [MESSAGE][WARNING] - Object 'Object Repository/Canine/Filter/Breed/Labrador_Chkbx' is not present after 10 second(s)

2021-05-04 17:22:00 - [TEST_STEP][PASSED] - ctdc.utilities.runtestcaseforKatalon.clickTab("Object Repository/Canine/Filter/Breed/Labrador_Chkbx"): ctdc.utilities.runtestcaseforKatalon.clickTab is PASSED

2021-05-04 17:22:03 - [MESSAGE][PASSED] - ctdc.utilities.runtestcaseforKatalon.clickTab is PASSED

2021-05-04 17:22:03 - [TEST_STEP][PASSED] - waitForElementPresent(findTestObject("Object Repository/Canine/Filter/Breed/WestHland_Chkbx"), 10): Object 'Object Repository/Canine/Filter/Breed/WestHland_Chkbx' is not present after 10 second(s)

2021-05-04 17:22:15 - [MESSAGE][INFO] - Unable to find the element located by 'By.xpath: //*[contains(text(),'West Highland White Terrier')]'. Please recheck the objects properties to make sure the desired element is located. 

2021-05-04 17:22:15 - [MESSAGE][WARNING] - Object 'Object Repository/Canine/Filter/Breed/WestHland_Chkbx' is not present after 10 second(s)

2021-05-04 17:22:15 - [TEST_STEP][PASSED] - ctdc.utilities.runtestcaseforKatalon.clickTab("Object Repository/Canine/Filter/Breed/WestHland_Chkbx"): ctdc.utilities.runtestcaseforKatalon.clickTab is PASSED

2021-05-04 17:22:17 - [MESSAGE][PASSED] - ctdc.utilities.runtestcaseforKatalon.clickTab is PASSED

2021-05-04 17:22:17 - [TEST_STEP][PASSED] - ctdc.utilities.runtestcaseforKatalon.clickTab("Object Repository/Canine/Filter/Breed/BREED_Ddn"): ctdc.utilities.runtestcaseforKatalon.clickTab is PASSED

2021-05-04 17:22:23 - [MESSAGE][PASSED] - ctdc.utilities.runtestcaseforKatalon.clickTab is PASSED

2021-05-04 17:22:23 - [TEST_STEP][PASSED] - waitForElementPresent(findTestObject("Object Repository/Canine/Filter/Diagnosis/DIAGNOSIS_Ddn"), 10): Object 'Object Repository/Canine/Filter/Diagnosis/DIAGNOSIS_Ddn' is not present after 10 second(s)

2021-05-04 17:22:36 - [MESSAGE][INFO] - Unable to find the element located by 'By.xpath: (//*[@id='Diagnosis'])[1]'. Please recheck the objects properties to make sure the desired element is located. 

2021-05-04 17:22:36 - [MESSAGE][WARNING] - Object 'Object Repository/Canine/Filter/Diagnosis/DIAGNOSIS_Ddn' is not present after 10 second(s)

2021-05-04 17:22:36 - [TEST_STEP][PASSED] - ctdc.utilities.runtestcaseforKatalon.clickTab("Object Repository/Canine/Filter/Diagnosis/DIAGNOSIS_Ddn"): ctdc.utilities.runtestcaseforKatalon.clickTab is PASSED

2021-05-04 17:22:39 - [MESSAGE][PASSED] - ctdc.utilities.runtestcaseforKatalon.clickTab is PASSED

2021-05-04 17:22:39 - [TEST_STEP][PASSED] - waitForElementPresent(findTestObject("Object Repository/Canine/Filter/Diagnosis/BladderCancer_Chkbx"), 10): Object 'Object Repository/Canine/Filter/Diagnosis/BladderCancer_Chkbx' is not present after 10 second(s)

2021-05-04 17:22:50 - [MESSAGE][INFO] - Unable to find the element located by 'By.xpath: //*[contains(text(),'Bladder Cancer')]'. Please recheck the objects properties to make sure the desired element is located. 

2021-05-04 17:22:50 - [MESSAGE][WARNING] - Object 'Object Repository/Canine/Filter/Diagnosis/BladderCancer_Chkbx' is not present after 10 second(s)

2021-05-04 17:22:50 - [TEST_STEP][PASSED] - ctdc.utilities.runtestcaseforKatalon.clickTab("Object Repository/Canine/Filter/Diagnosis/BladderCancer_Chkbx"): ctdc.utilities.runtestcaseforKatalon.clickTab is PASSED

2021-05-04 17:22:52 - [MESSAGE][PASSED] - ctdc.utilities.runtestcaseforKatalon.clickTab is PASSED

2021-05-04 17:22:52 - [TEST_STEP][PASSED] - ctdc.utilities.runtestcaseforKatalon.clickTab("Object Repository/Canine/Filter/Diagnosis/DIAGNOSIS_Ddn"): ctdc.utilities.runtestcaseforKatalon.clickTab is PASSED

2021-05-04 17:22:58 - [MESSAGE][PASSED] - ctdc.utilities.runtestcaseforKatalon.clickTab is PASSED

2021-05-04 17:22:58 - [TEST_STEP][PASSED] - waitForElementPresent(findTestObject("Object Repository/Canine/Filter/PrimDiseaseSite/PRIMARYDISEASESITE_Ddn"), 10): Object 'Object Repository/Canine/Filter/PrimDiseaseSite/PRIMARYDISEASESITE_Ddn' is not present after 10 second(s)

2021-05-04 17:23:11 - [MESSAGE][INFO] - Unable to find the element located by 'By.xpath: //*[@id='Primary Disease Site']'. Please recheck the objects properties to make sure the desired element is located. 

2021-05-04 17:23:11 - [MESSAGE][WARNING] - Object 'Object Repository/Canine/Filter/PrimDiseaseSite/PRIMARYDISEASESITE_Ddn' is not present after 10 second(s)

2021-05-04 17:23:11 - [TEST_STEP][PASSED] - ctdc.utilities.runtestcaseforKatalon.clickTab("Object Repository/Canine/Filter/PrimDiseaseSite/PRIMARYDISEASESITE_Ddn"): ctdc.utilities.runtestcaseforKatalon.clickTab is PASSED

2021-05-04 17:23:14 - [MESSAGE][PASSED] - ctdc.utilities.runtestcaseforKatalon.clickTab is PASSED

2021-05-04 17:23:14 - [TEST_STEP][PASSED] - waitForElementPresent(findTestObject("Object Repository/Canine/Filter/PrimDiseaseSite/BladderProstate_Chkbx"), 10): Object 'Object Repository/Canine/Filter/PrimDiseaseSite/BladderProstate_Chkbx' is not present after 10 second(s)

2021-05-04 17:23:26 - [MESSAGE][INFO] - Unable to find the element located by 'By.xpath: //*[contains(text(),'Bladder, Prostate')]'. Please recheck the objects properties to make sure the desired element is located. 

2021-05-04 17:23:26 - [MESSAGE][WARNING] - Object 'Object Repository/Canine/Filter/PrimDiseaseSite/BladderProstate_Chkbx' is not present after 10 second(s)

2021-05-04 17:23:26 - [TEST_STEP][PASSED] - ctdc.utilities.runtestcaseforKatalon.clickTab("Object Repository/Canine/Filter/PrimDiseaseSite/BladderProstate_Chkbx"): ctdc.utilities.runtestcaseforKatalon.clickTab is PASSED

2021-05-04 17:23:29 - [MESSAGE][PASSED] - ctdc.utilities.runtestcaseforKatalon.clickTab is PASSED

2021-05-04 17:23:29 - [TEST_STEP][PASSED] - waitForElementPresent(findTestObject("Object Repository/Canine/Filter/PrimDiseaseSite/BladderUrethra_Chkbx"), 10): Object 'Object Repository/Canine/Filter/PrimDiseaseSite/BladderUrethra_Chkbx' is not present after 10 second(s)

2021-05-04 17:23:42 - [MESSAGE][INFO] - Unable to find the element located by 'By.xpath: (//*[contains(text(),'Bladder, Urethra')])[1]'. Please recheck the objects properties to make sure the desired element is located. 

2021-05-04 17:23:42 - [MESSAGE][WARNING] - Object 'Object Repository/Canine/Filter/PrimDiseaseSite/BladderUrethra_Chkbx' is not present after 10 second(s)

2021-05-04 17:23:42 - [TEST_STEP][PASSED] - ctdc.utilities.runtestcaseforKatalon.clickTab("Object Repository/Canine/Filter/PrimDiseaseSite/BladderUrethra_Chkbx"): ctdc.utilities.runtestcaseforKatalon.clickTab is PASSED

2021-05-04 17:23:44 - [MESSAGE][PASSED] - ctdc.utilities.runtestcaseforKatalon.clickTab is PASSED

2021-05-04 17:23:44 - [TEST_STEP][PASSED] - waitForElementPresent(findTestObject("Object Repository/Canine/Filter/PrimDiseaseSite/BladderUrethraProstate_Chkbx"), 10): Object 'Object Repository/Canine/Filter/PrimDiseaseSite/BladderUrethraProstate_Chkbx' is not present after 10 second(s)

2021-05-04 17:23:57 - [MESSAGE][INFO] - Unable to find the element located by 'By.xpath: //*[contains(text(),'Bladder, Urethra, Prostate')]'. Please recheck the objects properties to make sure the desired element is located. 

2021-05-04 17:23:57 - [MESSAGE][WARNING] - Object 'Object Repository/Canine/Filter/PrimDiseaseSite/BladderUrethraProstate_Chkbx' is not present after 10 second(s)

2021-05-04 17:23:57 - [TEST_STEP][PASSED] - ctdc.utilities.runtestcaseforKatalon.clickTab("Object Repository/Canine/Filter/PrimDiseaseSite/BladderUrethraProstate_Chkbx"): ctdc.utilities.runtestcaseforKatalon.clickTab is PASSED

2021-05-04 17:24:00 - [MESSAGE][PASSED] - ctdc.utilities.runtestcaseforKatalon.clickTab is PASSED

2021-05-04 17:24:00 - [TEST_STEP][PASSED] - waitForElementPresent(findTestObject("Object Repository/Canine/Filter/PrimDiseaseSite/UrethraProstate_Chkbx"), 15): Object 'Object Repository/Canine/Filter/PrimDiseaseSite/UrethraProstate_Chkbx' is not present after 15 second(s)

2021-05-04 17:24:18 - [MESSAGE][INFO] - Unable to find the element located by 'By.xpath: (//*[contains(text(),'Urethra, Prostate')])[2]'. Please recheck the objects properties to make sure the desired element is located. 

2021-05-04 17:24:18 - [MESSAGE][WARNING] - Object 'Object Repository/Canine/Filter/PrimDiseaseSite/UrethraProstate_Chkbx' is not present after 15 second(s)

2021-05-04 17:24:18 - [TEST_STEP][PASSED] - ctdc.utilities.runtestcaseforKatalon.clickTab("Object Repository/Canine/Filter/PrimDiseaseSite/UrethraProstate_Chkbx"): ctdc.utilities.runtestcaseforKatalon.clickTab is PASSED

2021-05-04 17:24:20 - [MESSAGE][PASSED] - ctdc.utilities.runtestcaseforKatalon.clickTab is PASSED

2021-05-04 17:24:20 - [TEST_STEP][PASSED] - ctdc.utilities.runtestcaseforKatalon.clickTab("Object Repository/Canine/Filter/PrimDiseaseSite/PRIMARYDISEASESITE_Ddn"): ctdc.utilities.runtestcaseforKatalon.clickTab is PASSED

2021-05-04 17:24:26 - [MESSAGE][PASSED] - ctdc.utilities.runtestcaseforKatalon.clickTab is PASSED

2021-05-04 17:24:26 - [TEST_STEP][PASSED] - waitForElementPresent(findTestObject("Object Repository/Canine/Filter/ResponseToTreatment/RESPONSETOTREATMENT_Ddn"), 10): Object 'Object Repository/Canine/Filter/ResponseToTreatment/RESPONSETOTREATMENT_Ddn' is not present after 10 second(s)

2021-05-04 17:24:38 - [MESSAGE][INFO] - Unable to find the element located by 'By.xpath: (//div[@id='Response to Treatment'])[1]'. Please recheck the objects properties to make sure the desired element is located. 

2021-05-04 17:24:38 - [MESSAGE][WARNING] - Object 'Object Repository/Canine/Filter/ResponseToTreatment/RESPONSETOTREATMENT_Ddn' is not present after 10 second(s)

2021-05-04 17:24:38 - [TEST_STEP][PASSED] - ctdc.utilities.runtestcaseforKatalon.clickTab("Object Repository/Canine/Filter/ResponseToTreatment/RESPONSETOTREATMENT_Ddn"): ctdc.utilities.runtestcaseforKatalon.clickTab is PASSED

2021-05-04 17:24:41 - [MESSAGE][PASSED] - ctdc.utilities.runtestcaseforKatalon.clickTab is PASSED

2021-05-04 17:24:41 - [TEST_STEP][PASSED] - waitForElementPresent(findTestObject("Object Repository/Canine/Filter/ResponseToTreatment/NotDetermined_Chkbx"), 10): Object 'Object Repository/Canine/Filter/ResponseToTreatment/NotDetermined_Chkbx' is not present after 10 second(s)

2021-05-04 17:24:53 - [MESSAGE][INFO] - Unable to find the element located by 'By.xpath: //*[contains(text(),'Not Determined')]'. Please recheck the objects properties to make sure the desired element is located. 

2021-05-04 17:24:53 - [MESSAGE][WARNING] - Object 'Object Repository/Canine/Filter/ResponseToTreatment/NotDetermined_Chkbx' is not present after 10 second(s)

2021-05-04 17:24:53 - [TEST_STEP][PASSED] - ctdc.utilities.runtestcaseforKatalon.clickTab("Object Repository/Canine/Filter/ResponseToTreatment/NotDetermined_Chkbx"): ctdc.utilities.runtestcaseforKatalon.clickTab is PASSED

2021-05-04 17:24:55 - [MESSAGE][PASSED] - ctdc.utilities.runtestcaseforKatalon.clickTab is PASSED

2021-05-04 17:24:55 - [TEST_STEP][PASSED] - waitForElementPresent(findTestObject("Object Repository/Canine/Filter/ResponseToTreatment/PartialResponse_Chkbx"), 10): Object 'Object Repository/Canine/Filter/ResponseToTreatment/PartialResponse_Chkbx' is not present after 10 second(s)

2021-05-04 17:25:08 - [MESSAGE][INFO] - Unable to find the element located by 'By.xpath: //*[contains(text(),'Partial Response')]'. Please recheck the objects properties to make sure the desired element is located. 

2021-05-04 17:25:08 - [MESSAGE][WARNING] - Object 'Object Repository/Canine/Filter/ResponseToTreatment/PartialResponse_Chkbx' is not present after 10 second(s)

2021-05-04 17:25:08 - [TEST_STEP][PASSED] - ctdc.utilities.runtestcaseforKatalon.clickTab("Object Repository/Canine/Filter/ResponseToTreatment/PartialResponse_Chkbx"): ctdc.utilities.runtestcaseforKatalon.clickTab is PASSED

2021-05-04 17:25:10 - [MESSAGE][PASSED] - ctdc.utilities.runtestcaseforKatalon.clickTab is PASSED

2021-05-04 17:25:10 - [TEST_STEP][PASSED] - waitForElementPresent(findTestObject("Object Repository/Canine/Filter/ResponseToTreatment/ProgrDisease_Chkbx"), 10): Object 'Object Repository/Canine/Filter/ResponseToTreatment/ProgrDisease_Chkbx' is not present after 10 second(s)

2021-05-04 17:25:23 - [MESSAGE][INFO] - Unable to find the element located by 'By.xpath: //*[contains(text(),'Progressive Disease')]'. Please recheck the objects properties to make sure the desired element is located. 

2021-05-04 17:25:23 - [MESSAGE][WARNING] - Object 'Object Repository/Canine/Filter/ResponseToTreatment/ProgrDisease_Chkbx' is not present after 10 second(s)

2021-05-04 17:25:23 - [TEST_STEP][ERROR] - ctdc.utilities.runtestcaseforKatalon.clickTab("Object Repository/Canine/Filter/ResponseToTreatment/ProgrDisease_Chkbx"): no such element: Unable to locate element: {"method":"xpath","selector":"//*[contains(text(),'Progressive Disease')]"}
  (Session info: headless chrome=90.0.4430.93)
For documentation on this error, please visit: https://www.seleniumhq.org/exceptions/no_such_element.html
Build info: version: '3.141.59', revision: 'e82be7d358', time: '2018-11-14T08:25:53'
System info: host: 'NCI-02150368-L', ip: '10.243.136.136', os.name: 'Windows 10', os.arch: 'amd64', os.version: '10.0', java.version: '1.8.0_181'
Driver info: org.openqa.selenium.chrome.ChromeDriver
Capabilities {acceptInsecureCerts: false, browserName: chrome, browserVersion: 90.0.4430.93, chrome: {chromedriverVersion: 89.0.4389.23 (61b08ee2c5002..., userDataDir: C:\Users\RADHAK~1\AppData\L...}, goog:chromeOptions: {debuggerAddress: localhost:63779}, javascriptEnabled: true, networkConnectionEnabled: false, pageLoadStrategy: normal, platform: WINDOWS, platformName: WINDOWS, proxy: Proxy(), setWindowRect: true, strictFileInteractability: false, timeouts: {implicit: 0, pageLoad: 300000, script: 30000}, unhandledPromptBehavior: dismiss and notify, webauthn:extension:largeBlob: true, webauthn:virtualAuthenticators: true}
Session ID: 6ccbfa3ef650cf62155767f1560d765d
*** Element info: {Using=xpath, value=//*[contains(text(),'Progressive Disease')]}

2021-05-04 17:25:23 - [MESSAGE][ERROR] - no such element: Unable to locate element: {"method":"xpath","selector":"//*[contains(text(),'Progressive Disease')]"}
  (Session info: headless chrome=90.0.4430.93)
For documentation on this error, please visit: https://www.seleniumhq.org/exceptions/no_such_element.html
Build info: version: '3.141.59', revision: 'e82be7d358', time: '2018-11-14T08:25:53'
System info: host: 'NCI-02150368-L', ip: '10.243.136.136', os.name: 'Windows 10', os.arch: 'amd64', os.version: '10.0', java.version: '1.8.0_181'
Driver info: org.openqa.selenium.chrome.ChromeDriver
Capabilities {acceptInsecureCerts: false, browserName: chrome, browserVersion: 90.0.4430.93, chrome: {chromedriverVersion: 89.0.4389.23 (61b08ee2c5002..., userDataDir: C:\Users\RADHAK~1\AppData\L...}, goog:chromeOptions: {debuggerAddress: localhost:63779}, javascriptEnabled: true, networkConnectionEnabled: false, pageLoadStrategy: normal, platform: WINDOWS, platformName: WINDOWS, proxy: Proxy(), setWindowRect: true, strictFileInteractability: false, timeouts: {implicit: 0, pageLoad: 300000, script: 30000}, unhandledPromptBehavior: dismiss and notify, webauthn:extension:largeBlob: true, webauthn:virtualAuthenticators: true}
Session ID: 6ccbfa3ef650cf62155767f1560d765d
*** Element info: {Using=xpath, value=//*[contains(text(),'Progressive Disease')]}]]></system-out>
         <system-err><![CDATA[2021-05-04 17:18:59 - [TEST_CASE][ERROR] - Test Cases/Canine_TestCases/Study-Combinations/TC20_Canine_StudyUBC-Breed_Diagnosis_PrimDiseaseSite_RespToTreatmt: Test Cases/Canine_TestCases/Study-Combinations/TC20_Canine_StudyUBC-Breed_Diagnosis_PrimDiseaseSite_RespToTreatmt FAILED.
Reason:
org.openqa.selenium.NoSuchElementException: no such element: Unable to locate element: {"method":"xpath","selector":"//*[contains(text(),'Progressive Disease')]"}
  (Session info: headless chrome=90.0.4430.93)
For documentation on this error, please visit: https://www.seleniumhq.org/exceptions/no_such_element.html
Build info: version: '3.141.59', revision: 'e82be7d358', time: '2018-11-14T08:25:53'
System info: host: 'NCI-02150368-L', ip: '10.243.136.136', os.name: 'Windows 10', os.arch: 'amd64', os.version: '10.0', java.version: '1.8.0_181'
Driver info: org.openqa.selenium.chrome.ChromeDriver
Capabilities {acceptInsecureCerts: false, browserName: chrome, browserVersion: 90.0.4430.93, chrome: {chromedriverVersion: 89.0.4389.23 (61b08ee2c5002..., userDataDir: C:\Users\RADHAK~1\AppData\L...}, goog:chromeOptions: {debuggerAddress: localhost:63779}, javascriptEnabled: true, networkConnectionEnabled: false, pageLoadStrategy: normal, platform: WINDOWS, platformName: WINDOWS, proxy: Proxy(), setWindowRect: true, strictFileInteractability: false, timeouts: {implicit: 0, pageLoad: 300000, script: 30000}, unhandledPromptBehavior: dismiss and notify, webauthn:extension:largeBlob: true, webauthn:virtualAuthenticators: true}
Session ID: 6ccbfa3ef650cf62155767f1560d765d
*** Element info: {Using=xpath, value=//*[contains(text(),'Progressive Disease')]}
	at org.openqa.selenium.remote.http.W3CHttpResponseCodec.createException(W3CHttpResponseCodec.java:187)
	at org.openqa.selenium.remote.http.W3CHttpResponseCodec.decode(W3CHttpResponseCodec.java:122)
	at org.openqa.selenium.remote.http.W3CHttpResponseCodec.decode(W3CHttpResponseCodec.java:49)
	at org.openqa.selenium.remote.HttpCommandExecutor.execute(HttpCommandExecutor.java:158)
	at org.openqa.selenium.remote.service.DriverCommandExecutor.execute(DriverCommandExecutor.java:83)
	at org.openqa.selenium.remote.RemoteWebDriver.execute(RemoteWebDriver.java:552)
	at org.openqa.selenium.remote.RemoteWebDriver.findElement(RemoteWebDriver.java:323)
	at org.openqa.selenium.remote.RemoteWebDriver.findElementByXPath(RemoteWebDriver.java:428)
	at org.openqa.selenium.By$ByXPath.findElement(By.java:353)
	at org.openqa.selenium.remote.RemoteWebDriver.findElement(RemoteWebDriver.java:315)
	at org.openqa.selenium.WebDriver$findElement$1.call(Unknown Source)
	at ctdc.utilities.runtestcaseforKatalon.clickTab(runtestcaseforKatalon.groovy:1007)
	at ctdc.utilities.runtestcaseforKatalon.invokeMethod(runtestcaseforKatalon.groovy)
	at com.kms.katalon.core.main.CustomKeywordDelegatingMetaClass.invokeStaticMethod(CustomKeywordDelegatingMetaClass.java:50)
	at TC20_Canine_StudyUBC-Breed_Diagnosis_PrimDiseaseSite_RespToTreatmt.run(TC20_Canine_StudyUBC-Breed_Diagnosis_PrimDiseaseSite_RespToTreatmt:99)
	at com.kms.katalon.core.main.ScriptEngine.run(ScriptEngine.java:194)
	at com.kms.katalon.core.main.ScriptEngine.runScriptAsRawText(ScriptEngine.java:119)
	at com.kms.katalon.core.main.TestCaseExecutor.runScript(TestCaseExecutor.java:339)
	at com.kms.katalon.core.main.TestCaseExecutor.doExecute(TestCaseExecutor.java:330)
	at com.kms.katalon.core.main.TestCaseExecutor.processExecutionPhase(TestCaseExecutor.java:309)
	at com.kms.katalon.core.main.TestCaseExecutor.accessMainPhase(TestCaseExecutor.java:301)
	at com.kms.katalon.core.main.TestCaseExecutor.execute(TestCaseExecutor.java:235)
	at com.kms.katalon.core.main.TestSuiteExecutor.accessTestCaseMainPhase(TestSuiteExecutor.java:191)
	at com.kms.katalon.core.main.TestSuiteExecutor.accessTestSuiteMainPhase(TestSuiteExecutor.java:141)
	at com.kms.katalon.core.main.TestSuiteExecutor.execute(TestSuiteExecutor.java:90)
	at com.kms.katalon.core.main.TestCaseMain.startTestSuite(TestCaseMain.java:157)
	at com.kms.katalon.core.main.TestCaseMain$startTestSuite$0.call(Unknown Source)
	at TempTestSuite1620168198687.run(TempTestSuite1620168198687.groovy:39)]]></system-err>
      </testcase>
      <testcase name="Test Cases/Canine_TestCases/Study-Combinations/TC22_Canine_StudyUBC-AllBreeds_StageOfDisease" time="1801.351" classname="Test Cases/Canine_TestCases/Study-Combinations/TC22_Canine_StudyUBC-AllBreeds_StageOfDisease" status="ERROR">
         <error type="ERROR" message="Test Cases/Canine_TestCases/Study-Combinations/TC22_Canine_StudyUBC-AllBreeds_StageOfDisease FAILED.
Reason:
org.openqa.selenium.NoSuchElementException: no such element: Unable to locate element: {&quot;method&quot;:&quot;xpath&quot;,&quot;selector&quot;:&quot;//*[@id=&quot;case_tab_table&quot;]//tbody/tr[5]/*[2]/*[2]&quot;}
  (Session info: headless chrome=90.0.4430.93)
For documentation on this error, please visit: https://www.seleniumhq.org/exceptions/no_such_element.html
Build info: version: '3.141.59', revision: 'e82be7d358', time: '2018-11-14T08:25:53'
System info: host: 'NCI-02150368-L', ip: '10.243.136.136', os.name: 'Windows 10', os.arch: 'amd64', os.version: '10.0', java.version: '1.8.0_181'
Driver info: org.openqa.selenium.chrome.ChromeDriver
Capabilities {acceptInsecureCerts: false, browserName: chrome, browserVersion: 90.0.4430.93, chrome: {chromedriverVersion: 89.0.4389.23 (61b08ee2c5002..., userDataDir: C:\Users\RADHAK~1\AppData\L...}, goog:chromeOptions: {debuggerAddress: localhost:63949}, javascriptEnabled: true, networkConnectionEnabled: false, pageLoadStrategy: normal, platform: WINDOWS, platformName: WINDOWS, proxy: Proxy(), setWindowRect: true, strictFileInteractability: false, timeouts: {implicit: 0, pageLoad: 300000, script: 30000}, unhandledPromptBehavior: dismiss and notify, webauthn:extension:largeBlob: true, webauthn:virtualAuthenticators: true}
Session ID: 82bbc308ceb03995c5f7e6bc5e2fbf2d
*** Element info: {Using=xpath, value=//*[@id=&quot;case_tab_table&quot;]//tbody/tr[5]/*[2]/*[2]}
	at org.openqa.selenium.remote.http.W3CHttpResponseCodec.createException(W3CHttpResponseCodec.java:187)
	at org.openqa.selenium.remote.http.W3CHttpResponseCodec.decode(W3CHttpResponseCodec.java:122)
	at org.openqa.selenium.remote.http.W3CHttpResponseCodec.decode(W3CHttpResponseCodec.java:49)
	at org.openqa.selenium.remote.HttpCommandExecutor.execute(HttpCommandExecutor.java:158)
	at org.openqa.selenium.remote.service.DriverCommandExecutor.execute(DriverCommandExecutor.java:83)
	at org.openqa.selenium.remote.RemoteWebDriver.execute(RemoteWebDriver.java:552)
	at org.openqa.selenium.remote.RemoteWebDriver.findElement(RemoteWebDriver.java:323)
	at org.openqa.selenium.remote.RemoteWebDriver.findElementByXPath(RemoteWebDriver.java:428)
	at org.openqa.selenium.By$ByXPath.findElement(By.java:353)
	at org.openqa.selenium.remote.RemoteWebDriver.findElement(RemoteWebDriver.java:315)
	at org.openqa.selenium.WebDriver$findElement$1.call(Unknown Source)
	at ctdc.utilities.runtestcaseforKatalon.ReadCasesTableKatalon(runtestcaseforKatalon.groovy:470)
	at ctdc.utilities.runtestcaseforKatalon.multiFunction(runtestcaseforKatalon.groovy:248)
	at ctdc.utilities.runtestcaseforKatalon.invokeMethod(runtestcaseforKatalon.groovy)
	at com.kms.katalon.core.main.CustomKeywordDelegatingMetaClass.invokeStaticMethod(CustomKeywordDelegatingMetaClass.java:50)
	at TC22_Canine_StudyUBC-AllBreeds_StageOfDisease.run(TC22_Canine_StudyUBC-AllBreeds_StageOfDisease:83)
	at com.kms.katalon.core.main.ScriptEngine.run(ScriptEngine.java:194)
	at com.kms.katalon.core.main.ScriptEngine.runScriptAsRawText(ScriptEngine.java:119)
	at com.kms.katalon.core.main.TestCaseExecutor.runScript(TestCaseExecutor.java:339)
	at com.kms.katalon.core.main.TestCaseExecutor.doExecute(TestCaseExecutor.java:330)
	at com.kms.katalon.core.main.TestCaseExecutor.processExecutionPhase(TestCaseExecutor.java:309)
	at com.kms.katalon.core.main.TestCaseExecutor.accessMainPhase(TestCaseExecutor.java:301)
	at com.kms.katalon.core.main.TestCaseExecutor.execute(TestCaseExecutor.java:235)
	at com.kms.katalon.core.main.TestSuiteExecutor.accessTestCaseMainPhase(TestSuiteExecutor.java:191)
	at com.kms.katalon.core.main.TestSuiteExecutor.accessTestSuiteMainPhase(TestSuiteExecutor.java:141)
	at com.kms.katalon.core.main.TestSuiteExecutor.execute(TestSuiteExecutor.java:90)
	at com.kms.katalon.core.main.TestCaseMain.startTestSuite(TestCaseMain.java:157)
	at com.kms.katalon.core.main.TestCaseMain$startTestSuite$0.call(Unknown Source)
	at TempTestSuite1620168198687.run(TempTestSuite1620168198687.groovy:39)
"/>
         <system-out><![CDATA[2021-05-04 17:25:23 - [TEST_CASE][ERROR] - Test Cases/Canine_TestCases/Study-Combinations/TC22_Canine_StudyUBC-AllBreeds_StageOfDisease: Test Cases/Canine_TestCases/Study-Combinations/TC22_Canine_StudyUBC-AllBreeds_StageOfDisease FAILED.
Reason:
org.openqa.selenium.NoSuchElementException: no such element: Unable to locate element: {"method":"xpath","selector":"//*[@id="case_tab_table"]//tbody/tr[5]/*[2]/*[2]"}
  (Session info: headless chrome=90.0.4430.93)
For documentation on this error, please visit: https://www.seleniumhq.org/exceptions/no_such_element.html
Build info: version: '3.141.59', revision: 'e82be7d358', time: '2018-11-14T08:25:53'
System info: host: 'NCI-02150368-L', ip: '10.243.136.136', os.name: 'Windows 10', os.arch: 'amd64', os.version: '10.0', java.version: '1.8.0_181'
Driver info: org.openqa.selenium.chrome.ChromeDriver
Capabilities {acceptInsecureCerts: false, browserName: chrome, browserVersion: 90.0.4430.93, chrome: {chromedriverVersion: 89.0.4389.23 (61b08ee2c5002..., userDataDir: C:\Users\RADHAK~1\AppData\L...}, goog:chromeOptions: {debuggerAddress: localhost:63949}, javascriptEnabled: true, networkConnectionEnabled: false, pageLoadStrategy: normal, platform: WINDOWS, platformName: WINDOWS, proxy: Proxy(), setWindowRect: true, strictFileInteractability: false, timeouts: {implicit: 0, pageLoad: 300000, script: 30000}, unhandledPromptBehavior: dismiss and notify, webauthn:extension:largeBlob: true, webauthn:virtualAuthenticators: true}
Session ID: 82bbc308ceb03995c5f7e6bc5e2fbf2d
*** Element info: {Using=xpath, value=//*[@id="case_tab_table"]//tbody/tr[5]/*[2]/*[2]}
	at org.openqa.selenium.remote.http.W3CHttpResponseCodec.createException(W3CHttpResponseCodec.java:187)
	at org.openqa.selenium.remote.http.W3CHttpResponseCodec.decode(W3CHttpResponseCodec.java:122)
	at org.openqa.selenium.remote.http.W3CHttpResponseCodec.decode(W3CHttpResponseCodec.java:49)
	at org.openqa.selenium.remote.HttpCommandExecutor.execute(HttpCommandExecutor.java:158)
	at org.openqa.selenium.remote.service.DriverCommandExecutor.execute(DriverCommandExecutor.java:83)
	at org.openqa.selenium.remote.RemoteWebDriver.execute(RemoteWebDriver.java:552)
	at org.openqa.selenium.remote.RemoteWebDriver.findElement(RemoteWebDriver.java:323)
	at org.openqa.selenium.remote.RemoteWebDriver.findElementByXPath(RemoteWebDriver.java:428)
	at org.openqa.selenium.By$ByXPath.findElement(By.java:353)
	at org.openqa.selenium.remote.RemoteWebDriver.findElement(RemoteWebDriver.java:315)
	at org.openqa.selenium.WebDriver$findElement$1.call(Unknown Source)
	at ctdc.utilities.runtestcaseforKatalon.ReadCasesTableKatalon(runtestcaseforKatalon.groovy:470)
	at ctdc.utilities.runtestcaseforKatalon.multiFunction(runtestcaseforKatalon.groovy:248)
	at ctdc.utilities.runtestcaseforKatalon.invokeMethod(runtestcaseforKatalon.groovy)
	at com.kms.katalon.core.main.CustomKeywordDelegatingMetaClass.invokeStaticMethod(CustomKeywordDelegatingMetaClass.java:50)
	at TC22_Canine_StudyUBC-AllBreeds_StageOfDisease.run(TC22_Canine_StudyUBC-AllBreeds_StageOfDisease:83)
	at com.kms.katalon.core.main.ScriptEngine.run(ScriptEngine.java:194)
	at com.kms.katalon.core.main.ScriptEngine.runScriptAsRawText(ScriptEngine.java:119)
	at com.kms.katalon.core.main.TestCaseExecutor.runScript(TestCaseExecutor.java:339)
	at com.kms.katalon.core.main.TestCaseExecutor.doExecute(TestCaseExecutor.java:330)
	at com.kms.katalon.core.main.TestCaseExecutor.processExecutionPhase(TestCaseExecutor.java:309)
	at com.kms.katalon.core.main.TestCaseExecutor.accessMainPhase(TestCaseExecutor.java:301)
	at com.kms.katalon.core.main.TestCaseExecutor.execute(TestCaseExecutor.java:235)
	at com.kms.katalon.core.main.TestSuiteExecutor.accessTestCaseMainPhase(TestSuiteExecutor.java:191)
	at com.kms.katalon.core.main.TestSuiteExecutor.accessTestSuiteMainPhase(TestSuiteExecutor.java:141)
	at com.kms.katalon.core.main.TestSuiteExecutor.execute(TestSuiteExecutor.java:90)
	at com.kms.katalon.core.main.TestCaseMain.startTestSuite(TestCaseMain.java:157)
	at com.kms.katalon.core.main.TestCaseMain$startTestSuite$0.call(Unknown Source)
	at TempTestSuite1620168198687.run(TempTestSuite1620168198687.groovy:39)


2021-05-04 17:25:28 - [TEST_STEP][PASSED] - closeBrowser(): Browser is closed

2021-05-04 17:26:07 - [MESSAGE][PASSED] - Browser is closed

2021-05-04 17:26:07 - [TEST_STEP][PASSED] - openBrowser(""): Browser is opened with url: ''

2021-05-04 17:26:07 - [MESSAGE][INFO] - Starting 'Chrome (headless)' driver

2021-05-04 17:26:07 - [MESSAGE][INFO] - User set preference: ['args', '[--no-sandbox]']

2021-05-04 17:26:07 - [MESSAGE][INFO] - Action delay is set to 5,000 milliseconds

2021-05-04 17:26:13 - [MESSAGE][PASSED] - Browser is opened with url: ''

2021-05-04 17:26:13 - [TEST_STEP][PASSED] - maximizeWindow(): Current window maximized

2021-05-04 17:26:14 - [MESSAGE][PASSED] - Current window maximized

2021-05-04 17:26:14 - [TEST_STEP][PASSED] - "Driver opened by Katalon is used in Selenium from this step.": null

2021-05-04 17:26:14 - [TEST_STEP][PASSED] - ctdc.utilities.runtestcaseforKatalon.RunKatalon("TC22_Canine_StudyUBC-AllBreeds_StageOfDisease.xlsx"): Data loaded from input file for the test case. 

2021-05-04 17:26:14 - [MESSAGE][PASSED] - Test case file loaded This is the full filepath after converting to string :C:\Users\radhakrishnang2\Desktop\Commons_Automation\InputFiles\TC22_Canine_StudyUBC-AllBreeds_StageOfDisease.xlsx

2021-05-04 17:26:14 - [MESSAGE][INFO] - Global variable set for password file is :  C:\Users\radhakrishnang2\Desktop\Commons_Automation\InputFiles\TC22_Canine_StudyUBC-AllBreeds_StageOfDisease.xlsx

2021-05-04 17:26:14 - [MESSAGE][PASSED] - Data loaded from input file for the test case. 

2021-05-04 17:26:54 - [TEST_STEP][PASSED] - findTestObject("Object Repository/Canine/Filter/StageOfDisease/STAGEOFDISEASE_Ddn"): null

2021-05-04 17:26:54 - [TEST_STEP][PASSED] - waitForElementPresent(findTestObject("Canine/NavBar/Canine_Cases_Btn"), 10): Object 'Object Repository/Canine/NavBar/Canine_Cases_Btn' is not present after 10 second(s)

2021-05-04 17:27:06 - [MESSAGE][INFO] - Unable to find the element located by 'By.xpath: //a[contains(@href,'cases')]'. Please recheck the objects properties to make sure the desired element is located. 

2021-05-04 17:27:06 - [MESSAGE][WARNING] - Object 'Object Repository/Canine/NavBar/Canine_Cases_Btn' is not present after 10 second(s)

2021-05-04 17:27:06 - [TEST_STEP][PASSED] - ctdc.utilities.runtestcaseforKatalon.clickTab("Canine/NavBar/Canine_Cases_Btn"): ctdc.utilities.runtestcaseforKatalon.clickTab is PASSED

2021-05-04 17:27:08 - [MESSAGE][PASSED] - ctdc.utilities.runtestcaseforKatalon.clickTab is PASSED

2021-05-04 17:27:08 - [TEST_STEP][PASSED] - waitForElementPresent(findTestObject("Object Repository/Canine/Filter/FilterByCases_Facet"), 10): Object 'Object Repository/Canine/Filter/FilterByCases_Facet' is not present after 10 second(s)

2021-05-04 17:27:20 - [MESSAGE][INFO] - Unable to find the element located by 'By.xpath: //*[contains(text(),'Filter By Cases')]'. Please recheck the objects properties to make sure the desired element is located. 

2021-05-04 17:27:20 - [MESSAGE][WARNING] - Object 'Object Repository/Canine/Filter/FilterByCases_Facet' is not present after 10 second(s)

2021-05-04 17:27:20 - [TEST_STEP][PASSED] - ctdc.utilities.runtestcaseforKatalon.clickTab("Object Repository/Canine/Filter/FilterByCases_Facet"): ctdc.utilities.runtestcaseforKatalon.clickTab is PASSED

2021-05-04 17:27:23 - [MESSAGE][PASSED] - ctdc.utilities.runtestcaseforKatalon.clickTab is PASSED

2021-05-04 17:27:23 - [TEST_STEP][PASSED] - waitForElementPresent(findTestObject("Object Repository/Canine/Filter/Study/Canine_Filter_Study"), 10): Object 'Object Repository/Canine/Filter/Study/Canine_Filter_Study' is not present after 10 second(s)

2021-05-04 17:27:36 - [MESSAGE][INFO] - Unable to find the element located by 'By.xpath: //*[@id='Study']'. Please recheck the objects properties to make sure the desired element is located. 

2021-05-04 17:27:36 - [MESSAGE][WARNING] - Object 'Object Repository/Canine/Filter/Study/Canine_Filter_Study' is not present after 10 second(s)

2021-05-04 17:27:36 - [TEST_STEP][PASSED] - ctdc.utilities.runtestcaseforKatalon.clickTab("Object Repository/Canine/Filter/Study/Canine_Filter_Study"): ctdc.utilities.runtestcaseforKatalon.clickTab is PASSED

2021-05-04 17:27:39 - [MESSAGE][PASSED] - ctdc.utilities.runtestcaseforKatalon.clickTab is PASSED

2021-05-04 17:27:39 - [TEST_STEP][PASSED] - waitForElementPresent(findTestObject("Object Repository/Canine/Filter/Study/Canine_Filter_Study-UBC_Chkbx"), 10): Object 'Object Repository/Canine/Filter/Study/Canine_Filter_Study-UBC_Chkbx' is not present after 10 second(s)

2021-05-04 17:27:52 - [MESSAGE][INFO] - Unable to find the element located by 'By.xpath: (//*[contains(text(),'UBC')])[1]'. Please recheck the objects properties to make sure the desired element is located. 

2021-05-04 17:27:52 - [MESSAGE][WARNING] - Object 'Object Repository/Canine/Filter/Study/Canine_Filter_Study-UBC_Chkbx' is not present after 10 second(s)

2021-05-04 17:27:52 - [TEST_STEP][PASSED] - ctdc.utilities.runtestcaseforKatalon.clickTab("Object Repository/Canine/Filter/Study/Canine_Filter_Study-UBC_Chkbx"): ctdc.utilities.runtestcaseforKatalon.clickTab is PASSED

2021-05-04 17:27:55 - [MESSAGE][PASSED] - ctdc.utilities.runtestcaseforKatalon.clickTab is PASSED

2021-05-04 17:27:55 - [TEST_STEP][PASSED] - Thread.sleep(2000): null

2021-05-04 17:27:57 - [TEST_STEP][PASSED] - waitForElementPresent(findTestObject("Object Repository/Canine/Filter/StageOfDisease/STAGEOFDISEASE_Ddn"), 10): Object 'Object Repository/Canine/Filter/StageOfDisease/STAGEOFDISEASE_Ddn' is not present after 10 second(s)

2021-05-04 17:28:09 - [MESSAGE][INFO] - Unable to find the element located by 'By.xpath: //*[@id='Stage of Disease']'. Please recheck the objects properties to make sure the desired element is located. 

2021-05-04 17:28:09 - [MESSAGE][WARNING] - Object 'Object Repository/Canine/Filter/StageOfDisease/STAGEOFDISEASE_Ddn' is not present after 10 second(s)

2021-05-04 17:28:09 - [TEST_STEP][PASSED] - ctdc.utilities.runtestcaseforKatalon.clickTab("Object Repository/Canine/Filter/StageOfDisease/STAGEOFDISEASE_Ddn"): ctdc.utilities.runtestcaseforKatalon.clickTab is PASSED

2021-05-04 17:28:12 - [MESSAGE][PASSED] - ctdc.utilities.runtestcaseforKatalon.clickTab is PASSED

2021-05-04 17:28:12 - [TEST_STEP][PASSED] - waitForElementPresent(findTestObject("Object Repository/Canine/Filter/StageOfDisease/T2N0M0_Chkbx"), 10): Object 'Object Repository/Canine/Filter/StageOfDisease/T2N0M0_Chkbx' is not present after 10 second(s)

2021-05-04 17:28:25 - [MESSAGE][INFO] - Unable to find the element located by 'By.xpath: //*[contains(text(),'T2N0M0')]'. Please recheck the objects properties to make sure the desired element is located. 

2021-05-04 17:28:25 - [MESSAGE][WARNING] - Object 'Object Repository/Canine/Filter/StageOfDisease/T2N0M0_Chkbx' is not present after 10 second(s)

2021-05-04 17:28:25 - [TEST_STEP][PASSED] - ctdc.utilities.runtestcaseforKatalon.clickTab("Object Repository/Canine/Filter/StageOfDisease/T2N0M0_Chkbx"): ctdc.utilities.runtestcaseforKatalon.clickTab is PASSED

2021-05-04 17:28:28 - [MESSAGE][PASSED] - ctdc.utilities.runtestcaseforKatalon.clickTab is PASSED

2021-05-04 17:28:28 - [TEST_STEP][PASSED] - waitForElementPresent(findTestObject("Object Repository/Canine/Filter/StageOfDisease/T2N1M0_Chkbx"), 10): Object 'Object Repository/Canine/Filter/StageOfDisease/T2N1M0_Chkbx' is not present after 10 second(s)

2021-05-04 17:28:39 - [MESSAGE][INFO] - Unable to find the element located by 'By.xpath: //*[contains(text(),'T2N1M0')]'. Please recheck the objects properties to make sure the desired element is located. 

2021-05-04 17:28:39 - [MESSAGE][WARNING] - Object 'Object Repository/Canine/Filter/StageOfDisease/T2N1M0_Chkbx' is not present after 10 second(s)

2021-05-04 17:28:39 - [TEST_STEP][PASSED] - ctdc.utilities.runtestcaseforKatalon.clickTab("Object Repository/Canine/Filter/StageOfDisease/T2N1M0_Chkbx"): ctdc.utilities.runtestcaseforKatalon.clickTab is PASSED

2021-05-04 17:28:42 - [MESSAGE][PASSED] - ctdc.utilities.runtestcaseforKatalon.clickTab is PASSED

2021-05-04 17:28:42 - [TEST_STEP][PASSED] - waitForElementPresent(findTestObject("Object Repository/Canine/Filter/StageOfDisease/T3N0M0_Chkbx"), 10): Object 'Object Repository/Canine/Filter/StageOfDisease/T3N0M0_Chkbx' is not present after 10 second(s)

2021-05-04 17:28:54 - [MESSAGE][INFO] - Unable to find the element located by 'By.xpath: //*[contains(text(),'T3N0M0')]'. Please recheck the objects properties to make sure the desired element is located. 

2021-05-04 17:28:54 - [MESSAGE][WARNING] - Object 'Object Repository/Canine/Filter/StageOfDisease/T3N0M0_Chkbx' is not present after 10 second(s)

2021-05-04 17:28:54 - [TEST_STEP][PASSED] - ctdc.utilities.runtestcaseforKatalon.clickTab("Object Repository/Canine/Filter/StageOfDisease/T3N0M0_Chkbx"): ctdc.utilities.runtestcaseforKatalon.clickTab is PASSED

2021-05-04 17:28:56 - [MESSAGE][PASSED] - ctdc.utilities.runtestcaseforKatalon.clickTab is PASSED

2021-05-04 17:28:56 - [TEST_STEP][PASSED] - waitForElementPresent(findTestObject("Object Repository/Canine/Filter/StageOfDisease/T3N0M1_Chkbx"), 10): Object 'Object Repository/Canine/Filter/StageOfDisease/T3N0M1_Chkbx' is not present after 10 second(s)

2021-05-04 17:29:08 - [MESSAGE][INFO] - Unable to find the element located by 'By.xpath: //*[contains(text(),'T3N0M1')]'. Please recheck the objects properties to make sure the desired element is located. 

2021-05-04 17:29:08 - [MESSAGE][WARNING] - Object 'Object Repository/Canine/Filter/StageOfDisease/T3N0M1_Chkbx' is not present after 10 second(s)

2021-05-04 17:29:08 - [TEST_STEP][PASSED] - ctdc.utilities.runtestcaseforKatalon.clickTab("Object Repository/Canine/Filter/StageOfDisease/T3N0M1_Chkbx"): ctdc.utilities.runtestcaseforKatalon.clickTab is PASSED

2021-05-04 17:29:11 - [MESSAGE][PASSED] - ctdc.utilities.runtestcaseforKatalon.clickTab is PASSED

2021-05-04 17:29:11 - [TEST_STEP][PASSED] - waitForElementPresent(findTestObject("Object Repository/Canine/Filter/StageOfDisease/T3N1M0_Chkbx"), 10): Object 'Object Repository/Canine/Filter/StageOfDisease/T3N1M0_Chkbx' is not present after 10 second(s)

2021-05-04 17:29:23 - [MESSAGE][INFO] - Unable to find the element located by 'By.xpath: //*[contains(text(),'T3N1M0')]'. Please recheck the objects properties to make sure the desired element is located. 

2021-05-04 17:29:23 - [MESSAGE][WARNING] - Object 'Object Repository/Canine/Filter/StageOfDisease/T3N1M0_Chkbx' is not present after 10 second(s)

2021-05-04 17:29:23 - [TEST_STEP][PASSED] - ctdc.utilities.runtestcaseforKatalon.clickTab("Object Repository/Canine/Filter/StageOfDisease/T3N1M0_Chkbx"): ctdc.utilities.runtestcaseforKatalon.clickTab is PASSED

2021-05-04 17:29:26 - [MESSAGE][PASSED] - ctdc.utilities.runtestcaseforKatalon.clickTab is PASSED

2021-05-04 17:29:26 - [TEST_STEP][PASSED] - ctdc.utilities.runtestcaseforKatalon.clickTab("Object Repository/Canine/Filter/PrimDiseaseSite/PRIMARYDISEASESITE_Ddn"): ctdc.utilities.runtestcaseforKatalon.clickTab is PASSED

2021-05-04 17:29:36 - [MESSAGE][PASSED] - ctdc.utilities.runtestcaseforKatalon.clickTab is PASSED

2021-05-04 17:29:36 - [TEST_STEP][PASSED] - Thread.sleep(2000): null

2021-05-04 17:29:38 - [TEST_STEP][PASSED] - ctdc.utilities.runtestcaseforKatalon.readStatBarCanine("Object Repository/Canine/StatBar/Canine_StatBar-Studies", "Object Repository/Canine/StatBar/Canine_StatBar-Cases", "Object Repository/Canine/StatBar/Canine_StatBar-Samples", "Object Repository/Canine/StatBar/Canine_StatBar-Files", "Object Repository/Canine/StatBar/Canine_StatBar-Aliquots"): ctdc.utilities.runtestcaseforKatalon.readStatBarCanine is PASSED

2021-05-04 17:30:02 - [MESSAGE][PASSED] - ctdc.utilities.runtestcaseforKatalon.readStatBarCanine is PASSED

2021-05-04 17:30:02 - [TEST_STEP][PASSED] - waitForElementPresent(findTestObject("Object Repository/Canine/CanineResults_Cases_Tab"), 5): Object 'Object Repository/Canine/CanineResults_Cases_Tab' is not present after 5 second(s)

2021-05-04 17:30:11 - [MESSAGE][INFO] - Unable to find the element located by 'By.xpath: //*[@id="case_tab"]'. Please recheck the objects properties to make sure the desired element is located. 

2021-05-04 17:30:11 - [MESSAGE][WARNING] - Object 'Object Repository/Canine/CanineResults_Cases_Tab' is not present after 5 second(s)

2021-05-04 17:30:11 - [TEST_STEP][PASSED] - ctdc.utilities.runtestcaseforKatalon.clickTab("Object Repository/Canine/CanineResults_Cases_Tab"): ctdc.utilities.runtestcaseforKatalon.clickTab is PASSED

2021-05-04 17:30:15 - [MESSAGE][PASSED] - ctdc.utilities.runtestcaseforKatalon.clickTab is PASSED

2021-05-04 17:30:15 - [TEST_STEP][ERROR] - ctdc.utilities.runtestcaseforKatalon.multiFunction("ICDC", G_StatBar_Cases, "Object Repository/Canine/Canine_CasesTable", "Object Repository/Canine/Canine_TableHeader", "Object Repository/Canine/Canine_CasesTabNextBtn", G_WebTabnameCases, G_CypherTabnameCases, G_QueryCasesTab): no such element: Unable to locate element: {"method":"xpath","selector":"//*[@id="case_tab_table"]//tbody/tr[5]/*[2]/*[2]"}
  (Session info: headless chrome=90.0.4430.93)
For documentation on this error, please visit: https://www.seleniumhq.org/exceptions/no_such_element.html
Build info: version: '3.141.59', revision: 'e82be7d358', time: '2018-11-14T08:25:53'
System info: host: 'NCI-02150368-L', ip: '10.243.136.136', os.name: 'Windows 10', os.arch: 'amd64', os.version: '10.0', java.version: '1.8.0_181'
Driver info: org.openqa.selenium.chrome.ChromeDriver
Capabilities {acceptInsecureCerts: false, browserName: chrome, browserVersion: 90.0.4430.93, chrome: {chromedriverVersion: 89.0.4389.23 (61b08ee2c5002..., userDataDir: C:\Users\RADHAK~1\AppData\L...}, goog:chromeOptions: {debuggerAddress: localhost:63949}, javascriptEnabled: true, networkConnectionEnabled: false, pageLoadStrategy: normal, platform: WINDOWS, platformName: WINDOWS, proxy: Proxy(), setWindowRect: true, strictFileInteractability: false, timeouts: {implicit: 0, pageLoad: 300000, script: 30000}, unhandledPromptBehavior: dismiss and notify, webauthn:extension:largeBlob: true, webauthn:virtualAuthenticators: true}
Session ID: 82bbc308ceb03995c5f7e6bc5e2fbf2d
*** Element info: {Using=xpath, value=//*[@id="case_tab_table"]//tbody/tr[5]/*[2]/*[2]}

2021-05-04 17:55:15 - [MESSAGE][ERROR] - no such element: Unable to locate element: {"method":"xpath","selector":"//*[@id="case_tab_table"]//tbody/tr[5]/*[2]/*[2]"}
  (Session info: headless chrome=90.0.4430.93)
For documentation on this error, please visit: https://www.seleniumhq.org/exceptions/no_such_element.html
Build info: version: '3.141.59', revision: 'e82be7d358', time: '2018-11-14T08:25:53'
System info: host: 'NCI-02150368-L', ip: '10.243.136.136', os.name: 'Windows 10', os.arch: 'amd64', os.version: '10.0', java.version: '1.8.0_181'
Driver info: org.openqa.selenium.chrome.ChromeDriver
Capabilities {acceptInsecureCerts: false, browserName: chrome, browserVersion: 90.0.4430.93, chrome: {chromedriverVersion: 89.0.4389.23 (61b08ee2c5002..., userDataDir: C:\Users\RADHAK~1\AppData\L...}, goog:chromeOptions: {debuggerAddress: localhost:63949}, javascriptEnabled: true, networkConnectionEnabled: false, pageLoadStrategy: normal, platform: WINDOWS, platformName: WINDOWS, proxy: Proxy(), setWindowRect: true, strictFileInteractability: false, timeouts: {implicit: 0, pageLoad: 300000, script: 30000}, unhandledPromptBehavior: dismiss and notify, webauthn:extension:largeBlob: true, webauthn:virtualAuthenticators: true}
Session ID: 82bbc308ceb03995c5f7e6bc5e2fbf2d
*** Element info: {Using=xpath, value=//*[@id="case_tab_table"]//tbody/tr[5]/*[2]/*[2]}]]></system-out>
         <system-err><![CDATA[2021-05-04 17:25:23 - [TEST_CASE][ERROR] - Test Cases/Canine_TestCases/Study-Combinations/TC22_Canine_StudyUBC-AllBreeds_StageOfDisease: Test Cases/Canine_TestCases/Study-Combinations/TC22_Canine_StudyUBC-AllBreeds_StageOfDisease FAILED.
Reason:
org.openqa.selenium.NoSuchElementException: no such element: Unable to locate element: {"method":"xpath","selector":"//*[@id="case_tab_table"]//tbody/tr[5]/*[2]/*[2]"}
  (Session info: headless chrome=90.0.4430.93)
For documentation on this error, please visit: https://www.seleniumhq.org/exceptions/no_such_element.html
Build info: version: '3.141.59', revision: 'e82be7d358', time: '2018-11-14T08:25:53'
System info: host: 'NCI-02150368-L', ip: '10.243.136.136', os.name: 'Windows 10', os.arch: 'amd64', os.version: '10.0', java.version: '1.8.0_181'
Driver info: org.openqa.selenium.chrome.ChromeDriver
Capabilities {acceptInsecureCerts: false, browserName: chrome, browserVersion: 90.0.4430.93, chrome: {chromedriverVersion: 89.0.4389.23 (61b08ee2c5002..., userDataDir: C:\Users\RADHAK~1\AppData\L...}, goog:chromeOptions: {debuggerAddress: localhost:63949}, javascriptEnabled: true, networkConnectionEnabled: false, pageLoadStrategy: normal, platform: WINDOWS, platformName: WINDOWS, proxy: Proxy(), setWindowRect: true, strictFileInteractability: false, timeouts: {implicit: 0, pageLoad: 300000, script: 30000}, unhandledPromptBehavior: dismiss and notify, webauthn:extension:largeBlob: true, webauthn:virtualAuthenticators: true}
Session ID: 82bbc308ceb03995c5f7e6bc5e2fbf2d
*** Element info: {Using=xpath, value=//*[@id="case_tab_table"]//tbody/tr[5]/*[2]/*[2]}
	at org.openqa.selenium.remote.http.W3CHttpResponseCodec.createException(W3CHttpResponseCodec.java:187)
	at org.openqa.selenium.remote.http.W3CHttpResponseCodec.decode(W3CHttpResponseCodec.java:122)
	at org.openqa.selenium.remote.http.W3CHttpResponseCodec.decode(W3CHttpResponseCodec.java:49)
	at org.openqa.selenium.remote.HttpCommandExecutor.execute(HttpCommandExecutor.java:158)
	at org.openqa.selenium.remote.service.DriverCommandExecutor.execute(DriverCommandExecutor.java:83)
	at org.openqa.selenium.remote.RemoteWebDriver.execute(RemoteWebDriver.java:552)
	at org.openqa.selenium.remote.RemoteWebDriver.findElement(RemoteWebDriver.java:323)
	at org.openqa.selenium.remote.RemoteWebDriver.findElementByXPath(RemoteWebDriver.java:428)
	at org.openqa.selenium.By$ByXPath.findElement(By.java:353)
	at org.openqa.selenium.remote.RemoteWebDriver.findElement(RemoteWebDriver.java:315)
	at org.openqa.selenium.WebDriver$findElement$1.call(Unknown Source)
	at ctdc.utilities.runtestcaseforKatalon.ReadCasesTableKatalon(runtestcaseforKatalon.groovy:470)
	at ctdc.utilities.runtestcaseforKatalon.multiFunction(runtestcaseforKatalon.groovy:248)
	at ctdc.utilities.runtestcaseforKatalon.invokeMethod(runtestcaseforKatalon.groovy)
	at com.kms.katalon.core.main.CustomKeywordDelegatingMetaClass.invokeStaticMethod(CustomKeywordDelegatingMetaClass.java:50)
	at TC22_Canine_StudyUBC-AllBreeds_StageOfDisease.run(TC22_Canine_StudyUBC-AllBreeds_StageOfDisease:83)
	at com.kms.katalon.core.main.ScriptEngine.run(ScriptEngine.java:194)
	at com.kms.katalon.core.main.ScriptEngine.runScriptAsRawText(ScriptEngine.java:119)
	at com.kms.katalon.core.main.TestCaseExecutor.runScript(TestCaseExecutor.java:339)
	at com.kms.katalon.core.main.TestCaseExecutor.doExecute(TestCaseExecutor.java:330)
	at com.kms.katalon.core.main.TestCaseExecutor.processExecutionPhase(TestCaseExecutor.java:309)
	at com.kms.katalon.core.main.TestCaseExecutor.accessMainPhase(TestCaseExecutor.java:301)
	at com.kms.katalon.core.main.TestCaseExecutor.execute(TestCaseExecutor.java:235)
	at com.kms.katalon.core.main.TestSuiteExecutor.accessTestCaseMainPhase(TestSuiteExecutor.java:191)
	at com.kms.katalon.core.main.TestSuiteExecutor.accessTestSuiteMainPhase(TestSuiteExecutor.java:141)
	at com.kms.katalon.core.main.TestSuiteExecutor.execute(TestSuiteExecutor.java:90)
	at com.kms.katalon.core.main.TestCaseMain.startTestSuite(TestCaseMain.java:157)
	at com.kms.katalon.core.main.TestCaseMain$startTestSuite$0.call(Unknown Source)
	at TempTestSuite1620168198687.run(TempTestSuite1620168198687.groovy:39)]]></system-err>
      </testcase>
      <testcase name="Test Cases/Canine_TestCases/Study-Combinations/TC23_Canine_StudyUBC-AllBreeds_StageOfDisease" time="1008.501" classname="Test Cases/Canine_TestCases/Study-Combinations/TC23_Canine_StudyUBC-AllBreeds_StageOfDisease" status="PASSED">
         <system-out><![CDATA[2021-05-04 17:55:26 - [TEST_CASE][PASSED] - Test Cases/Canine_TestCases/Study-Combinations/TC23_Canine_StudyUBC-AllBreeds_StageOfDisease: Test Cases/Canine_TestCases/Study-Combinations/TC23_Canine_StudyUBC-AllBreeds_StageOfDisease

2021-05-04 17:55:38 - [TEST_STEP][PASSED] - closeBrowser(): Browser is closed

2021-05-04 17:55:42 - [MESSAGE][PASSED] - Browser is closed

2021-05-04 17:55:42 - [TEST_STEP][PASSED] - openBrowser(""): Browser is opened with url: ''

2021-05-04 17:55:42 - [MESSAGE][INFO] - Starting 'Chrome (headless)' driver

2021-05-04 17:55:42 - [MESSAGE][INFO] - User set preference: ['args', '[--no-sandbox]']

2021-05-04 17:55:42 - [MESSAGE][INFO] - Action delay is set to 5,000 milliseconds

2021-05-04 17:55:59 - [MESSAGE][PASSED] - Browser is opened with url: ''

2021-05-04 17:55:59 - [TEST_STEP][PASSED] - maximizeWindow(): Current window maximized

2021-05-04 17:56:02 - [MESSAGE][PASSED] - Current window maximized

2021-05-04 17:56:02 - [TEST_STEP][PASSED] - "Driver opened by Katalon is used in Selenium from this step.": null

2021-05-04 17:56:02 - [TEST_STEP][PASSED] - ctdc.utilities.runtestcaseforKatalon.RunKatalon("TC23_Canine_StudyUBC-AllBreeds_StageOfDisease.xlsx"): Data loaded from input file for the test case. 

2021-05-04 17:56:02 - [MESSAGE][PASSED] - Test case file loaded This is the full filepath after converting to string :C:\Users\radhakrishnang2\Desktop\Commons_Automation\InputFiles\TC23_Canine_StudyUBC-AllBreeds_StageOfDisease.xlsx

2021-05-04 17:56:02 - [MESSAGE][INFO] - Global variable set for password file is :  C:\Users\radhakrishnang2\Desktop\Commons_Automation\InputFiles\TC23_Canine_StudyUBC-AllBreeds_StageOfDisease.xlsx

2021-05-04 17:56:02 - [MESSAGE][PASSED] - Data loaded from input file for the test case. 

2021-05-04 17:56:37 - [TEST_STEP][PASSED] - findTestObject("Object Repository/Canine/Filter/StageOfDisease/STAGEOFDISEASE_Ddn"): null

2021-05-04 17:56:37 - [TEST_STEP][PASSED] - waitForElementPresent(findTestObject("Canine/NavBar/Canine_Cases_Btn"), 10): Object 'Object Repository/Canine/NavBar/Canine_Cases_Btn' is not present after 10 second(s)

2021-05-04 17:56:51 - [MESSAGE][INFO] - Unable to find the element located by 'By.xpath: //a[contains(@href,'cases')]'. Please recheck the objects properties to make sure the desired element is located. 

2021-05-04 17:56:51 - [MESSAGE][WARNING] - Object 'Object Repository/Canine/NavBar/Canine_Cases_Btn' is not present after 10 second(s)

2021-05-04 17:56:51 - [TEST_STEP][PASSED] - ctdc.utilities.runtestcaseforKatalon.clickTab("Canine/NavBar/Canine_Cases_Btn"): ctdc.utilities.runtestcaseforKatalon.clickTab is PASSED

2021-05-04 17:56:54 - [MESSAGE][PASSED] - ctdc.utilities.runtestcaseforKatalon.clickTab is PASSED

2021-05-04 17:56:54 - [TEST_STEP][PASSED] - waitForElementPresent(findTestObject("Object Repository/Canine/Filter/FilterByCases_Facet"), 10): Object 'Object Repository/Canine/Filter/FilterByCases_Facet' is not present after 10 second(s)

2021-05-04 17:57:07 - [MESSAGE][INFO] - Unable to find the element located by 'By.xpath: //*[contains(text(),'Filter By Cases')]'. Please recheck the objects properties to make sure the desired element is located. 

2021-05-04 17:57:07 - [MESSAGE][WARNING] - Object 'Object Repository/Canine/Filter/FilterByCases_Facet' is not present after 10 second(s)

2021-05-04 17:57:07 - [TEST_STEP][PASSED] - ctdc.utilities.runtestcaseforKatalon.clickTab("Object Repository/Canine/Filter/FilterByCases_Facet"): ctdc.utilities.runtestcaseforKatalon.clickTab is PASSED

2021-05-04 17:57:12 - [MESSAGE][PASSED] - ctdc.utilities.runtestcaseforKatalon.clickTab is PASSED

2021-05-04 17:57:12 - [TEST_STEP][PASSED] - waitForElementPresent(findTestObject("Object Repository/Canine/Filter/Study/Canine_Filter_Study"), 10): Object 'Object Repository/Canine/Filter/Study/Canine_Filter_Study' is not present after 10 second(s)

2021-05-04 17:57:24 - [MESSAGE][INFO] - Unable to find the element located by 'By.xpath: //*[@id='Study']'. Please recheck the objects properties to make sure the desired element is located. 

2021-05-04 17:57:24 - [MESSAGE][WARNING] - Object 'Object Repository/Canine/Filter/Study/Canine_Filter_Study' is not present after 10 second(s)

2021-05-04 17:57:24 - [TEST_STEP][PASSED] - ctdc.utilities.runtestcaseforKatalon.clickTab("Object Repository/Canine/Filter/Study/Canine_Filter_Study"): ctdc.utilities.runtestcaseforKatalon.clickTab is PASSED

2021-05-04 17:57:31 - [MESSAGE][PASSED] - ctdc.utilities.runtestcaseforKatalon.clickTab is PASSED

2021-05-04 17:57:31 - [TEST_STEP][PASSED] - waitForElementPresent(findTestObject("Object Repository/Canine/Filter/Study/Canine_Filter_Study-UBC_Chkbx"), 10): Object 'Object Repository/Canine/Filter/Study/Canine_Filter_Study-UBC_Chkbx' is not present after 10 second(s)

2021-05-04 17:57:43 - [MESSAGE][INFO] - Unable to find the element located by 'By.xpath: (//*[contains(text(),'UBC')])[1]'. Please recheck the objects properties to make sure the desired element is located. 

2021-05-04 17:57:43 - [MESSAGE][WARNING] - Object 'Object Repository/Canine/Filter/Study/Canine_Filter_Study-UBC_Chkbx' is not present after 10 second(s)

2021-05-04 17:57:43 - [TEST_STEP][PASSED] - ctdc.utilities.runtestcaseforKatalon.clickTab("Object Repository/Canine/Filter/Study/Canine_Filter_Study-UBC_Chkbx"): ctdc.utilities.runtestcaseforKatalon.clickTab is PASSED

2021-05-04 17:57:48 - [MESSAGE][PASSED] - ctdc.utilities.runtestcaseforKatalon.clickTab is PASSED

2021-05-04 17:57:48 - [TEST_STEP][PASSED] - Thread.sleep(2000): null

2021-05-04 17:57:50 - [TEST_STEP][PASSED] - waitForElementPresent(findTestObject("Object Repository/Canine/Filter/StageOfDisease/STAGEOFDISEASE_Ddn"), 10): Object 'Object Repository/Canine/Filter/StageOfDisease/STAGEOFDISEASE_Ddn' is not present after 10 second(s)

2021-05-04 17:58:04 - [MESSAGE][INFO] - Unable to find the element located by 'By.xpath: //*[@id='Stage of Disease']'. Please recheck the objects properties to make sure the desired element is located. 

2021-05-04 17:58:04 - [MESSAGE][WARNING] - Object 'Object Repository/Canine/Filter/StageOfDisease/STAGEOFDISEASE_Ddn' is not present after 10 second(s)

2021-05-04 17:58:04 - [TEST_STEP][PASSED] - ctdc.utilities.runtestcaseforKatalon.clickTab("Object Repository/Canine/Filter/StageOfDisease/STAGEOFDISEASE_Ddn"): ctdc.utilities.runtestcaseforKatalon.clickTab is PASSED

2021-05-04 17:58:10 - [MESSAGE][PASSED] - ctdc.utilities.runtestcaseforKatalon.clickTab is PASSED

2021-05-04 17:58:10 - [TEST_STEP][PASSED] - waitForElementPresent(findTestObject("Object Repository/Canine/Filter/StageOfDisease/T2N1M0_Chkbx"), 10): Object 'Object Repository/Canine/Filter/StageOfDisease/T2N1M0_Chkbx' is not present after 10 second(s)

2021-05-04 17:58:23 - [MESSAGE][INFO] - Unable to find the element located by 'By.xpath: //*[contains(text(),'T2N1M0')]'. Please recheck the objects properties to make sure the desired element is located. 

2021-05-04 17:58:23 - [MESSAGE][WARNING] - Object 'Object Repository/Canine/Filter/StageOfDisease/T2N1M0_Chkbx' is not present after 10 second(s)

2021-05-04 17:58:23 - [TEST_STEP][PASSED] - ctdc.utilities.runtestcaseforKatalon.clickTab("Object Repository/Canine/Filter/StageOfDisease/T2N1M0_Chkbx"): ctdc.utilities.runtestcaseforKatalon.clickTab is PASSED

2021-05-04 17:58:30 - [MESSAGE][PASSED] - ctdc.utilities.runtestcaseforKatalon.clickTab is PASSED

2021-05-04 17:58:30 - [TEST_STEP][PASSED] - waitForElementPresent(findTestObject("Object Repository/Canine/Filter/StageOfDisease/T3N0M0_Chkbx"), 10): Object 'Object Repository/Canine/Filter/StageOfDisease/T3N0M0_Chkbx' is not present after 10 second(s)

2021-05-04 17:58:43 - [MESSAGE][INFO] - Unable to find the element located by 'By.xpath: //*[contains(text(),'T3N0M0')]'. Please recheck the objects properties to make sure the desired element is located. 

2021-05-04 17:58:43 - [MESSAGE][WARNING] - Object 'Object Repository/Canine/Filter/StageOfDisease/T3N0M0_Chkbx' is not present after 10 second(s)

2021-05-04 17:58:43 - [TEST_STEP][PASSED] - ctdc.utilities.runtestcaseforKatalon.clickTab("Object Repository/Canine/Filter/StageOfDisease/T3N0M0_Chkbx"): ctdc.utilities.runtestcaseforKatalon.clickTab is PASSED

2021-05-04 17:58:50 - [MESSAGE][PASSED] - ctdc.utilities.runtestcaseforKatalon.clickTab is PASSED

2021-05-04 17:58:50 - [TEST_STEP][PASSED] - waitForElementPresent(findTestObject("Object Repository/Canine/Filter/StageOfDisease/T3N0M1_Chkbx"), 10): Object 'Object Repository/Canine/Filter/StageOfDisease/T3N0M1_Chkbx' is not present after 10 second(s)

2021-05-04 17:59:03 - [MESSAGE][INFO] - Unable to find the element located by 'By.xpath: //*[contains(text(),'T3N0M1')]'. Please recheck the objects properties to make sure the desired element is located. 

2021-05-04 17:59:03 - [MESSAGE][WARNING] - Object 'Object Repository/Canine/Filter/StageOfDisease/T3N0M1_Chkbx' is not present after 10 second(s)

2021-05-04 17:59:03 - [TEST_STEP][PASSED] - ctdc.utilities.runtestcaseforKatalon.clickTab("Object Repository/Canine/Filter/StageOfDisease/T3N0M1_Chkbx"): ctdc.utilities.runtestcaseforKatalon.clickTab is PASSED

2021-05-04 17:59:14 - [MESSAGE][PASSED] - ctdc.utilities.runtestcaseforKatalon.clickTab is PASSED

2021-05-04 17:59:14 - [TEST_STEP][PASSED] - waitForElementPresent(findTestObject("Object Repository/Canine/Filter/StageOfDisease/T3N1M0_Chkbx"), 10): Object 'Object Repository/Canine/Filter/StageOfDisease/T3N1M0_Chkbx' is not present after 10 second(s)

2021-05-04 17:59:38 - [MESSAGE][INFO] - Unable to find the element located by 'By.xpath: //*[contains(text(),'T3N1M0')]'. Please recheck the objects properties to make sure the desired element is located. 

2021-05-04 17:59:38 - [MESSAGE][WARNING] - Object 'Object Repository/Canine/Filter/StageOfDisease/T3N1M0_Chkbx' is not present after 10 second(s)

2021-05-04 17:59:38 - [TEST_STEP][PASSED] - ctdc.utilities.runtestcaseforKatalon.clickTab("Object Repository/Canine/Filter/StageOfDisease/T3N1M0_Chkbx"): ctdc.utilities.runtestcaseforKatalon.clickTab is PASSED

2021-05-04 17:59:42 - [MESSAGE][PASSED] - ctdc.utilities.runtestcaseforKatalon.clickTab is PASSED

2021-05-04 17:59:42 - [TEST_STEP][PASSED] - ctdc.utilities.runtestcaseforKatalon.clickTab("Object Repository/Canine/Filter/PrimDiseaseSite/PRIMARYDISEASESITE_Ddn"): ctdc.utilities.runtestcaseforKatalon.clickTab is PASSED

2021-05-04 17:59:50 - [MESSAGE][PASSED] - ctdc.utilities.runtestcaseforKatalon.clickTab is PASSED

2021-05-04 17:59:50 - [TEST_STEP][PASSED] - Thread.sleep(2000): null

2021-05-04 17:59:52 - [TEST_STEP][PASSED] - ctdc.utilities.runtestcaseforKatalon.readStatBarCanine("Object Repository/Canine/StatBar/Canine_StatBar-Studies", "Object Repository/Canine/StatBar/Canine_StatBar-Cases", "Object Repository/Canine/StatBar/Canine_StatBar-Samples", "Object Repository/Canine/StatBar/Canine_StatBar-Files", "Object Repository/Canine/StatBar/Canine_StatBar-Aliquots"): ctdc.utilities.runtestcaseforKatalon.readStatBarCanine is PASSED

2021-05-04 18:00:19 - [MESSAGE][PASSED] - ctdc.utilities.runtestcaseforKatalon.readStatBarCanine is PASSED

2021-05-04 18:00:19 - [TEST_STEP][PASSED] - waitForElementPresent(findTestObject("Object Repository/Canine/CanineResults_Cases_Tab"), 5): Object 'Object Repository/Canine/CanineResults_Cases_Tab' is not present after 5 second(s)

2021-05-04 18:00:27 - [MESSAGE][INFO] - Unable to find the element located by 'By.xpath: //*[@id="case_tab"]'. Please recheck the objects properties to make sure the desired element is located. 

2021-05-04 18:00:27 - [MESSAGE][WARNING] - Object 'Object Repository/Canine/CanineResults_Cases_Tab' is not present after 5 second(s)

2021-05-04 18:00:27 - [TEST_STEP][PASSED] - ctdc.utilities.runtestcaseforKatalon.clickTab("Object Repository/Canine/CanineResults_Cases_Tab"): ctdc.utilities.runtestcaseforKatalon.clickTab is PASSED

2021-05-04 18:00:35 - [MESSAGE][PASSED] - ctdc.utilities.runtestcaseforKatalon.clickTab is PASSED

2021-05-04 18:00:35 - [TEST_STEP][PASSED] - ctdc.utilities.runtestcaseforKatalon.multiFunction("ICDC", G_StatBar_Cases, "Object Repository/Canine/Canine_CasesTable", "Object Repository/Canine/Canine_TableHeader", "Object Repository/Canine/Canine_CasesTabNextBtn", G_WebTabnameCases, G_CypherTabnameCases, G_QueryCasesTab): Statbar Arms count matches

2021-05-04 18:12:11 - [MESSAGE][PASSED] - Statbar Files count matches

2021-05-04 18:12:11 - [MESSAGE][PASSED] - Statbar Samples count matches

2021-05-04 18:12:11 - [MESSAGE][PASSED] - Statbar Cases count matches

2021-05-04 18:12:11 - [MESSAGE][PASSED] - Statbar Arms count matches

2021-05-04 18:12:11 - [TEST_STEP][PASSED] - closeBrowser(): Browser is closed

2021-05-04 18:12:15 - [MESSAGE][PASSED] - Browser is closed]]></system-out>
         <system-err><![CDATA[]]></system-err>
      </testcase>
      <testcase name="Test Cases/Canine_TestCases/Study-Combinations/TC24_Canine_StudyUBC-AllBreeds_StageOfDisease" time="908.458" classname="Test Cases/Canine_TestCases/Study-Combinations/TC24_Canine_StudyUBC-AllBreeds_StageOfDisease" status="ERROR">
         <error type="ERROR" message="Test Cases/Canine_TestCases/Study-Combinations/TC24_Canine_StudyUBC-AllBreeds_StageOfDisease FAILED.
Reason:
org.openqa.selenium.NoSuchElementException: no such element: Unable to locate element: {&quot;method&quot;:&quot;xpath&quot;,&quot;selector&quot;:&quot;//*[@id=&quot;case_tab_table&quot;]//tbody/tr[2]/*[2]/*[2]&quot;}
  (Session info: headless chrome=90.0.4430.93)
For documentation on this error, please visit: https://www.seleniumhq.org/exceptions/no_such_element.html
Build info: version: '3.141.59', revision: 'e82be7d358', time: '2018-11-14T08:25:53'
System info: host: 'NCI-02150368-L', ip: '10.243.136.136', os.name: 'Windows 10', os.arch: 'amd64', os.version: '10.0', java.version: '1.8.0_181'
Driver info: org.openqa.selenium.chrome.ChromeDriver
Capabilities {acceptInsecureCerts: false, browserName: chrome, browserVersion: 90.0.4430.93, chrome: {chromedriverVersion: 89.0.4389.23 (61b08ee2c5002..., userDataDir: C:\Users\RADHAK~1\AppData\L...}, goog:chromeOptions: {debuggerAddress: localhost:56203}, javascriptEnabled: true, networkConnectionEnabled: false, pageLoadStrategy: normal, platform: WINDOWS, platformName: WINDOWS, proxy: Proxy(), setWindowRect: true, strictFileInteractability: false, timeouts: {implicit: 0, pageLoad: 300000, script: 30000}, unhandledPromptBehavior: dismiss and notify, webauthn:extension:largeBlob: true, webauthn:virtualAuthenticators: true}
Session ID: 9a8353eb37b3ee71134b64cf5fe74a65
*** Element info: {Using=xpath, value=//*[@id=&quot;case_tab_table&quot;]//tbody/tr[2]/*[2]/*[2]}
	at org.openqa.selenium.remote.http.W3CHttpResponseCodec.createException(W3CHttpResponseCodec.java:187)
	at org.openqa.selenium.remote.http.W3CHttpResponseCodec.decode(W3CHttpResponseCodec.java:122)
	at org.openqa.selenium.remote.http.W3CHttpResponseCodec.decode(W3CHttpResponseCodec.java:49)
	at org.openqa.selenium.remote.HttpCommandExecutor.execute(HttpCommandExecutor.java:158)
	at org.openqa.selenium.remote.service.DriverCommandExecutor.execute(DriverCommandExecutor.java:83)
	at org.openqa.selenium.remote.RemoteWebDriver.execute(RemoteWebDriver.java:552)
	at org.openqa.selenium.remote.RemoteWebDriver.findElement(RemoteWebDriver.java:323)
	at org.openqa.selenium.remote.RemoteWebDriver.findElementByXPath(RemoteWebDriver.java:428)
	at org.openqa.selenium.By$ByXPath.findElement(By.java:353)
	at org.openqa.selenium.remote.RemoteWebDriver.findElement(RemoteWebDriver.java:315)
	at org.openqa.selenium.WebDriver$findElement$1.call(Unknown Source)
	at ctdc.utilities.runtestcaseforKatalon.ReadCasesTableKatalon(runtestcaseforKatalon.groovy:470)
	at ctdc.utilities.runtestcaseforKatalon.multiFunction(runtestcaseforKatalon.groovy:248)
	at ctdc.utilities.runtestcaseforKatalon.invokeMethod(runtestcaseforKatalon.groovy)
	at com.kms.katalon.core.main.CustomKeywordDelegatingMetaClass.invokeStaticMethod(CustomKeywordDelegatingMetaClass.java:50)
	at TC24_Canine_StudyUBC-AllBreeds_StageOfDisease.run(TC24_Canine_StudyUBC-AllBreeds_StageOfDisease:79)
	at com.kms.katalon.core.main.ScriptEngine.run(ScriptEngine.java:194)
	at com.kms.katalon.core.main.ScriptEngine.runScriptAsRawText(ScriptEngine.java:119)
	at com.kms.katalon.core.main.TestCaseExecutor.runScript(TestCaseExecutor.java:339)
	at com.kms.katalon.core.main.TestCaseExecutor.doExecute(TestCaseExecutor.java:330)
	at com.kms.katalon.core.main.TestCaseExecutor.processExecutionPhase(TestCaseExecutor.java:309)
	at com.kms.katalon.core.main.TestCaseExecutor.accessMainPhase(TestCaseExecutor.java:301)
	at com.kms.katalon.core.main.TestCaseExecutor.execute(TestCaseExecutor.java:235)
	at com.kms.katalon.core.main.TestSuiteExecutor.accessTestCaseMainPhase(TestSuiteExecutor.java:191)
	at com.kms.katalon.core.main.TestSuiteExecutor.accessTestSuiteMainPhase(TestSuiteExecutor.java:141)
	at com.kms.katalon.core.main.TestSuiteExecutor.execute(TestSuiteExecutor.java:90)
	at com.kms.katalon.core.main.TestCaseMain.startTestSuite(TestCaseMain.java:157)
	at com.kms.katalon.core.main.TestCaseMain$startTestSuite$0.call(Unknown Source)
	at TempTestSuite1620168198687.run(TempTestSuite1620168198687.groovy:39)
"/>
         <system-out><![CDATA[2021-05-04 18:12:15 - [TEST_CASE][ERROR] - Test Cases/Canine_TestCases/Study-Combinations/TC24_Canine_StudyUBC-AllBreeds_StageOfDisease: Test Cases/Canine_TestCases/Study-Combinations/TC24_Canine_StudyUBC-AllBreeds_StageOfDisease FAILED.
Reason:
org.openqa.selenium.NoSuchElementException: no such element: Unable to locate element: {"method":"xpath","selector":"//*[@id="case_tab_table"]//tbody/tr[2]/*[2]/*[2]"}
  (Session info: headless chrome=90.0.4430.93)
For documentation on this error, please visit: https://www.seleniumhq.org/exceptions/no_such_element.html
Build info: version: '3.141.59', revision: 'e82be7d358', time: '2018-11-14T08:25:53'
System info: host: 'NCI-02150368-L', ip: '10.243.136.136', os.name: 'Windows 10', os.arch: 'amd64', os.version: '10.0', java.version: '1.8.0_181'
Driver info: org.openqa.selenium.chrome.ChromeDriver
Capabilities {acceptInsecureCerts: false, browserName: chrome, browserVersion: 90.0.4430.93, chrome: {chromedriverVersion: 89.0.4389.23 (61b08ee2c5002..., userDataDir: C:\Users\RADHAK~1\AppData\L...}, goog:chromeOptions: {debuggerAddress: localhost:56203}, javascriptEnabled: true, networkConnectionEnabled: false, pageLoadStrategy: normal, platform: WINDOWS, platformName: WINDOWS, proxy: Proxy(), setWindowRect: true, strictFileInteractability: false, timeouts: {implicit: 0, pageLoad: 300000, script: 30000}, unhandledPromptBehavior: dismiss and notify, webauthn:extension:largeBlob: true, webauthn:virtualAuthenticators: true}
Session ID: 9a8353eb37b3ee71134b64cf5fe74a65
*** Element info: {Using=xpath, value=//*[@id="case_tab_table"]//tbody/tr[2]/*[2]/*[2]}
	at org.openqa.selenium.remote.http.W3CHttpResponseCodec.createException(W3CHttpResponseCodec.java:187)
	at org.openqa.selenium.remote.http.W3CHttpResponseCodec.decode(W3CHttpResponseCodec.java:122)
	at org.openqa.selenium.remote.http.W3CHttpResponseCodec.decode(W3CHttpResponseCodec.java:49)
	at org.openqa.selenium.remote.HttpCommandExecutor.execute(HttpCommandExecutor.java:158)
	at org.openqa.selenium.remote.service.DriverCommandExecutor.execute(DriverCommandExecutor.java:83)
	at org.openqa.selenium.remote.RemoteWebDriver.execute(RemoteWebDriver.java:552)
	at org.openqa.selenium.remote.RemoteWebDriver.findElement(RemoteWebDriver.java:323)
	at org.openqa.selenium.remote.RemoteWebDriver.findElementByXPath(RemoteWebDriver.java:428)
	at org.openqa.selenium.By$ByXPath.findElement(By.java:353)
	at org.openqa.selenium.remote.RemoteWebDriver.findElement(RemoteWebDriver.java:315)
	at org.openqa.selenium.WebDriver$findElement$1.call(Unknown Source)
	at ctdc.utilities.runtestcaseforKatalon.ReadCasesTableKatalon(runtestcaseforKatalon.groovy:470)
	at ctdc.utilities.runtestcaseforKatalon.multiFunction(runtestcaseforKatalon.groovy:248)
	at ctdc.utilities.runtestcaseforKatalon.invokeMethod(runtestcaseforKatalon.groovy)
	at com.kms.katalon.core.main.CustomKeywordDelegatingMetaClass.invokeStaticMethod(CustomKeywordDelegatingMetaClass.java:50)
	at TC24_Canine_StudyUBC-AllBreeds_StageOfDisease.run(TC24_Canine_StudyUBC-AllBreeds_StageOfDisease:79)
	at com.kms.katalon.core.main.ScriptEngine.run(ScriptEngine.java:194)
	at com.kms.katalon.core.main.ScriptEngine.runScriptAsRawText(ScriptEngine.java:119)
	at com.kms.katalon.core.main.TestCaseExecutor.runScript(TestCaseExecutor.java:339)
	at com.kms.katalon.core.main.TestCaseExecutor.doExecute(TestCaseExecutor.java:330)
	at com.kms.katalon.core.main.TestCaseExecutor.processExecutionPhase(TestCaseExecutor.java:309)
	at com.kms.katalon.core.main.TestCaseExecutor.accessMainPhase(TestCaseExecutor.java:301)
	at com.kms.katalon.core.main.TestCaseExecutor.execute(TestCaseExecutor.java:235)
	at com.kms.katalon.core.main.TestSuiteExecutor.accessTestCaseMainPhase(TestSuiteExecutor.java:191)
	at com.kms.katalon.core.main.TestSuiteExecutor.accessTestSuiteMainPhase(TestSuiteExecutor.java:141)
	at com.kms.katalon.core.main.TestSuiteExecutor.execute(TestSuiteExecutor.java:90)
	at com.kms.katalon.core.main.TestCaseMain.startTestSuite(TestCaseMain.java:157)
	at com.kms.katalon.core.main.TestCaseMain$startTestSuite$0.call(Unknown Source)
	at TempTestSuite1620168198687.run(TempTestSuite1620168198687.groovy:39)


2021-05-04 18:12:21 - [TEST_STEP][PASSED] - closeBrowser(): Browser is closed

2021-05-04 18:12:21 - [MESSAGE][PASSED] - Browser is closed

2021-05-04 18:12:21 - [TEST_STEP][PASSED] - openBrowser(""): Browser is opened with url: ''

2021-05-04 18:12:21 - [MESSAGE][INFO] - Starting 'Chrome (headless)' driver

2021-05-04 18:12:21 - [MESSAGE][INFO] - User set preference: ['args', '[--no-sandbox]']

2021-05-04 18:12:21 - [MESSAGE][INFO] - Action delay is set to 5,000 milliseconds

2021-05-04 18:12:39 - [MESSAGE][PASSED] - Browser is opened with url: ''

2021-05-04 18:12:39 - [TEST_STEP][PASSED] - maximizeWindow(): Current window maximized

2021-05-04 18:12:41 - [MESSAGE][PASSED] - Current window maximized

2021-05-04 18:12:41 - [TEST_STEP][PASSED] - "Driver opened by Katalon is used in Selenium from this step.": null

2021-05-04 18:12:41 - [TEST_STEP][PASSED] - ctdc.utilities.runtestcaseforKatalon.RunKatalon("TC24_Canine_StudyUBC-AllBreeds_StageOfDisease.xlsx"): Data loaded from input file for the test case. 

2021-05-04 18:12:41 - [MESSAGE][PASSED] - Test case file loaded This is the full filepath after converting to string :C:\Users\radhakrishnang2\Desktop\Commons_Automation\InputFiles\TC24_Canine_StudyUBC-AllBreeds_StageOfDisease.xlsx

2021-05-04 18:12:41 - [MESSAGE][INFO] - Global variable set for password file is :  C:\Users\radhakrishnang2\Desktop\Commons_Automation\InputFiles\TC24_Canine_StudyUBC-AllBreeds_StageOfDisease.xlsx

2021-05-04 18:12:41 - [MESSAGE][PASSED] - Data loaded from input file for the test case. 

2021-05-04 18:13:14 - [TEST_STEP][PASSED] - findTestObject("Object Repository/Canine/Filter/StageOfDisease/STAGEOFDISEASE_Ddn"): null

2021-05-04 18:13:14 - [TEST_STEP][PASSED] - waitForElementPresent(findTestObject("Canine/NavBar/Canine_Cases_Btn"), 10): Object 'Object Repository/Canine/NavBar/Canine_Cases_Btn' is not present after 10 second(s)

2021-05-04 18:13:28 - [MESSAGE][INFO] - Unable to find the element located by 'By.xpath: //a[contains(@href,'cases')]'. Please recheck the objects properties to make sure the desired element is located. 

2021-05-04 18:13:28 - [MESSAGE][WARNING] - Object 'Object Repository/Canine/NavBar/Canine_Cases_Btn' is not present after 10 second(s)

2021-05-04 18:13:28 - [TEST_STEP][PASSED] - ctdc.utilities.runtestcaseforKatalon.clickTab("Canine/NavBar/Canine_Cases_Btn"): ctdc.utilities.runtestcaseforKatalon.clickTab is PASSED

2021-05-04 18:13:32 - [MESSAGE][PASSED] - ctdc.utilities.runtestcaseforKatalon.clickTab is PASSED

2021-05-04 18:13:32 - [TEST_STEP][PASSED] - waitForElementPresent(findTestObject("Object Repository/Canine/Filter/FilterByCases_Facet"), 10): Object 'Object Repository/Canine/Filter/FilterByCases_Facet' is not present after 10 second(s)

2021-05-04 18:13:44 - [MESSAGE][INFO] - Unable to find the element located by 'By.xpath: //*[contains(text(),'Filter By Cases')]'. Please recheck the objects properties to make sure the desired element is located. 

2021-05-04 18:13:44 - [MESSAGE][WARNING] - Object 'Object Repository/Canine/Filter/FilterByCases_Facet' is not present after 10 second(s)

2021-05-04 18:13:44 - [TEST_STEP][PASSED] - ctdc.utilities.runtestcaseforKatalon.clickTab("Object Repository/Canine/Filter/FilterByCases_Facet"): ctdc.utilities.runtestcaseforKatalon.clickTab is PASSED

2021-05-04 18:13:49 - [MESSAGE][PASSED] - ctdc.utilities.runtestcaseforKatalon.clickTab is PASSED

2021-05-04 18:13:49 - [TEST_STEP][PASSED] - waitForElementPresent(findTestObject("Object Repository/Canine/Filter/Study/Canine_Filter_Study"), 10): Object 'Object Repository/Canine/Filter/Study/Canine_Filter_Study' is not present after 10 second(s)

2021-05-04 18:14:00 - [MESSAGE][INFO] - Unable to find the element located by 'By.xpath: //*[@id='Study']'. Please recheck the objects properties to make sure the desired element is located. 

2021-05-04 18:14:00 - [MESSAGE][WARNING] - Object 'Object Repository/Canine/Filter/Study/Canine_Filter_Study' is not present after 10 second(s)

2021-05-04 18:14:00 - [TEST_STEP][PASSED] - ctdc.utilities.runtestcaseforKatalon.clickTab("Object Repository/Canine/Filter/Study/Canine_Filter_Study"): ctdc.utilities.runtestcaseforKatalon.clickTab is PASSED

2021-05-04 18:14:07 - [MESSAGE][PASSED] - ctdc.utilities.runtestcaseforKatalon.clickTab is PASSED

2021-05-04 18:14:07 - [TEST_STEP][PASSED] - waitForElementPresent(findTestObject("Object Repository/Canine/Filter/Study/Canine_Filter_Study-UBC_Chkbx"), 10): Object 'Object Repository/Canine/Filter/Study/Canine_Filter_Study-UBC_Chkbx' is not present after 10 second(s)

2021-05-04 18:14:20 - [MESSAGE][INFO] - Unable to find the element located by 'By.xpath: (//*[contains(text(),'UBC')])[1]'. Please recheck the objects properties to make sure the desired element is located. 

2021-05-04 18:14:20 - [MESSAGE][WARNING] - Object 'Object Repository/Canine/Filter/Study/Canine_Filter_Study-UBC_Chkbx' is not present after 10 second(s)

2021-05-04 18:14:20 - [TEST_STEP][PASSED] - ctdc.utilities.runtestcaseforKatalon.clickTab("Object Repository/Canine/Filter/Study/Canine_Filter_Study-UBC_Chkbx"): ctdc.utilities.runtestcaseforKatalon.clickTab is PASSED

2021-05-04 18:14:26 - [MESSAGE][PASSED] - ctdc.utilities.runtestcaseforKatalon.clickTab is PASSED

2021-05-04 18:14:26 - [TEST_STEP][PASSED] - Thread.sleep(2000): null

2021-05-04 18:14:28 - [TEST_STEP][PASSED] - waitForElementPresent(findTestObject("Object Repository/Canine/Filter/StageOfDisease/STAGEOFDISEASE_Ddn"), 10): Object 'Object Repository/Canine/Filter/StageOfDisease/STAGEOFDISEASE_Ddn' is not present after 10 second(s)

2021-05-04 18:14:42 - [MESSAGE][INFO] - Unable to find the element located by 'By.xpath: //*[@id='Stage of Disease']'. Please recheck the objects properties to make sure the desired element is located. 

2021-05-04 18:14:42 - [MESSAGE][WARNING] - Object 'Object Repository/Canine/Filter/StageOfDisease/STAGEOFDISEASE_Ddn' is not present after 10 second(s)

2021-05-04 18:14:42 - [TEST_STEP][PASSED] - ctdc.utilities.runtestcaseforKatalon.clickTab("Object Repository/Canine/Filter/StageOfDisease/STAGEOFDISEASE_Ddn"): ctdc.utilities.runtestcaseforKatalon.clickTab is PASSED

2021-05-04 18:14:47 - [MESSAGE][PASSED] - ctdc.utilities.runtestcaseforKatalon.clickTab is PASSED

2021-05-04 18:14:47 - [TEST_STEP][PASSED] - waitForElementPresent(findTestObject("Object Repository/Canine/Filter/StageOfDisease/T3N0M0_Chkbx"), 10): Object 'Object Repository/Canine/Filter/StageOfDisease/T3N0M0_Chkbx' is not present after 10 second(s)

2021-05-04 18:15:02 - [MESSAGE][INFO] - Unable to find the element located by 'By.xpath: //*[contains(text(),'T3N0M0')]'. Please recheck the objects properties to make sure the desired element is located. 

2021-05-04 18:15:02 - [MESSAGE][WARNING] - Object 'Object Repository/Canine/Filter/StageOfDisease/T3N0M0_Chkbx' is not present after 10 second(s)

2021-05-04 18:15:02 - [TEST_STEP][PASSED] - ctdc.utilities.runtestcaseforKatalon.clickTab("Object Repository/Canine/Filter/StageOfDisease/T3N0M0_Chkbx"): ctdc.utilities.runtestcaseforKatalon.clickTab is PASSED

2021-05-04 18:15:08 - [MESSAGE][PASSED] - ctdc.utilities.runtestcaseforKatalon.clickTab is PASSED

2021-05-04 18:15:08 - [TEST_STEP][PASSED] - waitForElementPresent(findTestObject("Object Repository/Canine/Filter/StageOfDisease/T3N0M1_Chkbx"), 10): Object 'Object Repository/Canine/Filter/StageOfDisease/T3N0M1_Chkbx' is not present after 10 second(s)

2021-05-04 18:15:20 - [MESSAGE][INFO] - Unable to find the element located by 'By.xpath: //*[contains(text(),'T3N0M1')]'. Please recheck the objects properties to make sure the desired element is located. 

2021-05-04 18:15:20 - [MESSAGE][WARNING] - Object 'Object Repository/Canine/Filter/StageOfDisease/T3N0M1_Chkbx' is not present after 10 second(s)

2021-05-04 18:15:20 - [TEST_STEP][PASSED] - ctdc.utilities.runtestcaseforKatalon.clickTab("Object Repository/Canine/Filter/StageOfDisease/T3N0M1_Chkbx"): ctdc.utilities.runtestcaseforKatalon.clickTab is PASSED

2021-05-04 18:15:27 - [MESSAGE][PASSED] - ctdc.utilities.runtestcaseforKatalon.clickTab is PASSED

2021-05-04 18:15:27 - [TEST_STEP][PASSED] - waitForElementPresent(findTestObject("Object Repository/Canine/Filter/StageOfDisease/T3N1M0_Chkbx"), 10): Object 'Object Repository/Canine/Filter/StageOfDisease/T3N1M0_Chkbx' is not present after 10 second(s)

2021-05-04 18:15:41 - [MESSAGE][INFO] - Unable to find the element located by 'By.xpath: //*[contains(text(),'T3N1M0')]'. Please recheck the objects properties to make sure the desired element is located. 

2021-05-04 18:15:41 - [MESSAGE][WARNING] - Object 'Object Repository/Canine/Filter/StageOfDisease/T3N1M0_Chkbx' is not present after 10 second(s)

2021-05-04 18:15:41 - [TEST_STEP][PASSED] - ctdc.utilities.runtestcaseforKatalon.clickTab("Object Repository/Canine/Filter/StageOfDisease/T3N1M0_Chkbx"): ctdc.utilities.runtestcaseforKatalon.clickTab is PASSED

2021-05-04 18:15:47 - [MESSAGE][PASSED] - ctdc.utilities.runtestcaseforKatalon.clickTab is PASSED

2021-05-04 18:15:47 - [TEST_STEP][PASSED] - ctdc.utilities.runtestcaseforKatalon.clickTab("Object Repository/Canine/Filter/PrimDiseaseSite/PRIMARYDISEASESITE_Ddn"): ctdc.utilities.runtestcaseforKatalon.clickTab is PASSED

2021-05-04 18:15:58 - [MESSAGE][PASSED] - ctdc.utilities.runtestcaseforKatalon.clickTab is PASSED

2021-05-04 18:15:58 - [TEST_STEP][PASSED] - Thread.sleep(2000): null

2021-05-04 18:16:00 - [TEST_STEP][PASSED] - ctdc.utilities.runtestcaseforKatalon.readStatBarCanine("Object Repository/Canine/StatBar/Canine_StatBar-Studies", "Object Repository/Canine/StatBar/Canine_StatBar-Cases", "Object Repository/Canine/StatBar/Canine_StatBar-Samples", "Object Repository/Canine/StatBar/Canine_StatBar-Files", "Object Repository/Canine/StatBar/Canine_StatBar-Aliquots"): ctdc.utilities.runtestcaseforKatalon.readStatBarCanine is PASSED

2021-05-04 18:16:31 - [MESSAGE][PASSED] - ctdc.utilities.runtestcaseforKatalon.readStatBarCanine is PASSED

2021-05-04 18:16:31 - [TEST_STEP][PASSED] - waitForElementPresent(findTestObject("Object Repository/Canine/CanineResults_Cases_Tab"), 5): Object 'Object Repository/Canine/CanineResults_Cases_Tab' is not present after 5 second(s)

2021-05-04 18:16:40 - [MESSAGE][INFO] - Unable to find the element located by 'By.xpath: //*[@id="case_tab"]'. Please recheck the objects properties to make sure the desired element is located. 

2021-05-04 18:16:40 - [MESSAGE][WARNING] - Object 'Object Repository/Canine/CanineResults_Cases_Tab' is not present after 5 second(s)

2021-05-04 18:16:40 - [TEST_STEP][PASSED] - ctdc.utilities.runtestcaseforKatalon.clickTab("Object Repository/Canine/CanineResults_Cases_Tab"): ctdc.utilities.runtestcaseforKatalon.clickTab is PASSED

2021-05-04 18:16:46 - [MESSAGE][PASSED] - ctdc.utilities.runtestcaseforKatalon.clickTab is PASSED

2021-05-04 18:16:46 - [TEST_STEP][ERROR] - ctdc.utilities.runtestcaseforKatalon.multiFunction("ICDC", G_StatBar_Cases, "Object Repository/Canine/Canine_CasesTable", "Object Repository/Canine/Canine_TableHeader", "Object Repository/Canine/Canine_CasesTabNextBtn", G_WebTabnameCases, G_CypherTabnameCases, G_QueryCasesTab): no such element: Unable to locate element: {"method":"xpath","selector":"//*[@id="case_tab_table"]//tbody/tr[2]/*[2]/*[2]"}
  (Session info: headless chrome=90.0.4430.93)
For documentation on this error, please visit: https://www.seleniumhq.org/exceptions/no_such_element.html
Build info: version: '3.141.59', revision: 'e82be7d358', time: '2018-11-14T08:25:53'
System info: host: 'NCI-02150368-L', ip: '10.243.136.136', os.name: 'Windows 10', os.arch: 'amd64', os.version: '10.0', java.version: '1.8.0_181'
Driver info: org.openqa.selenium.chrome.ChromeDriver
Capabilities {acceptInsecureCerts: false, browserName: chrome, browserVersion: 90.0.4430.93, chrome: {chromedriverVersion: 89.0.4389.23 (61b08ee2c5002..., userDataDir: C:\Users\RADHAK~1\AppData\L...}, goog:chromeOptions: {debuggerAddress: localhost:56203}, javascriptEnabled: true, networkConnectionEnabled: false, pageLoadStrategy: normal, platform: WINDOWS, platformName: WINDOWS, proxy: Proxy(), setWindowRect: true, strictFileInteractability: false, timeouts: {implicit: 0, pageLoad: 300000, script: 30000}, unhandledPromptBehavior: dismiss and notify, webauthn:extension:largeBlob: true, webauthn:virtualAuthenticators: true}
Session ID: 9a8353eb37b3ee71134b64cf5fe74a65
*** Element info: {Using=xpath, value=//*[@id="case_tab_table"]//tbody/tr[2]/*[2]/*[2]}

2021-05-04 18:27:22 - [MESSAGE][ERROR] - no such element: Unable to locate element: {"method":"xpath","selector":"//*[@id="case_tab_table"]//tbody/tr[2]/*[2]/*[2]"}
  (Session info: headless chrome=90.0.4430.93)
For documentation on this error, please visit: https://www.seleniumhq.org/exceptions/no_such_element.html
Build info: version: '3.141.59', revision: 'e82be7d358', time: '2018-11-14T08:25:53'
System info: host: 'NCI-02150368-L', ip: '10.243.136.136', os.name: 'Windows 10', os.arch: 'amd64', os.version: '10.0', java.version: '1.8.0_181'
Driver info: org.openqa.selenium.chrome.ChromeDriver
Capabilities {acceptInsecureCerts: false, browserName: chrome, browserVersion: 90.0.4430.93, chrome: {chromedriverVersion: 89.0.4389.23 (61b08ee2c5002..., userDataDir: C:\Users\RADHAK~1\AppData\L...}, goog:chromeOptions: {debuggerAddress: localhost:56203}, javascriptEnabled: true, networkConnectionEnabled: false, pageLoadStrategy: normal, platform: WINDOWS, platformName: WINDOWS, proxy: Proxy(), setWindowRect: true, strictFileInteractability: false, timeouts: {implicit: 0, pageLoad: 300000, script: 30000}, unhandledPromptBehavior: dismiss and notify, webauthn:extension:largeBlob: true, webauthn:virtualAuthenticators: true}
Session ID: 9a8353eb37b3ee71134b64cf5fe74a65
*** Element info: {Using=xpath, value=//*[@id="case_tab_table"]//tbody/tr[2]/*[2]/*[2]}]]></system-out>
         <system-err><![CDATA[2021-05-04 18:12:15 - [TEST_CASE][ERROR] - Test Cases/Canine_TestCases/Study-Combinations/TC24_Canine_StudyUBC-AllBreeds_StageOfDisease: Test Cases/Canine_TestCases/Study-Combinations/TC24_Canine_StudyUBC-AllBreeds_StageOfDisease FAILED.
Reason:
org.openqa.selenium.NoSuchElementException: no such element: Unable to locate element: {"method":"xpath","selector":"//*[@id="case_tab_table"]//tbody/tr[2]/*[2]/*[2]"}
  (Session info: headless chrome=90.0.4430.93)
For documentation on this error, please visit: https://www.seleniumhq.org/exceptions/no_such_element.html
Build info: version: '3.141.59', revision: 'e82be7d358', time: '2018-11-14T08:25:53'
System info: host: 'NCI-02150368-L', ip: '10.243.136.136', os.name: 'Windows 10', os.arch: 'amd64', os.version: '10.0', java.version: '1.8.0_181'
Driver info: org.openqa.selenium.chrome.ChromeDriver
Capabilities {acceptInsecureCerts: false, browserName: chrome, browserVersion: 90.0.4430.93, chrome: {chromedriverVersion: 89.0.4389.23 (61b08ee2c5002..., userDataDir: C:\Users\RADHAK~1\AppData\L...}, goog:chromeOptions: {debuggerAddress: localhost:56203}, javascriptEnabled: true, networkConnectionEnabled: false, pageLoadStrategy: normal, platform: WINDOWS, platformName: WINDOWS, proxy: Proxy(), setWindowRect: true, strictFileInteractability: false, timeouts: {implicit: 0, pageLoad: 300000, script: 30000}, unhandledPromptBehavior: dismiss and notify, webauthn:extension:largeBlob: true, webauthn:virtualAuthenticators: true}
Session ID: 9a8353eb37b3ee71134b64cf5fe74a65
*** Element info: {Using=xpath, value=//*[@id="case_tab_table"]//tbody/tr[2]/*[2]/*[2]}
	at org.openqa.selenium.remote.http.W3CHttpResponseCodec.createException(W3CHttpResponseCodec.java:187)
	at org.openqa.selenium.remote.http.W3CHttpResponseCodec.decode(W3CHttpResponseCodec.java:122)
	at org.openqa.selenium.remote.http.W3CHttpResponseCodec.decode(W3CHttpResponseCodec.java:49)
	at org.openqa.selenium.remote.HttpCommandExecutor.execute(HttpCommandExecutor.java:158)
	at org.openqa.selenium.remote.service.DriverCommandExecutor.execute(DriverCommandExecutor.java:83)
	at org.openqa.selenium.remote.RemoteWebDriver.execute(RemoteWebDriver.java:552)
	at org.openqa.selenium.remote.RemoteWebDriver.findElement(RemoteWebDriver.java:323)
	at org.openqa.selenium.remote.RemoteWebDriver.findElementByXPath(RemoteWebDriver.java:428)
	at org.openqa.selenium.By$ByXPath.findElement(By.java:353)
	at org.openqa.selenium.remote.RemoteWebDriver.findElement(RemoteWebDriver.java:315)
	at org.openqa.selenium.WebDriver$findElement$1.call(Unknown Source)
	at ctdc.utilities.runtestcaseforKatalon.ReadCasesTableKatalon(runtestcaseforKatalon.groovy:470)
	at ctdc.utilities.runtestcaseforKatalon.multiFunction(runtestcaseforKatalon.groovy:248)
	at ctdc.utilities.runtestcaseforKatalon.invokeMethod(runtestcaseforKatalon.groovy)
	at com.kms.katalon.core.main.CustomKeywordDelegatingMetaClass.invokeStaticMethod(CustomKeywordDelegatingMetaClass.java:50)
	at TC24_Canine_StudyUBC-AllBreeds_StageOfDisease.run(TC24_Canine_StudyUBC-AllBreeds_StageOfDisease:79)
	at com.kms.katalon.core.main.ScriptEngine.run(ScriptEngine.java:194)
	at com.kms.katalon.core.main.ScriptEngine.runScriptAsRawText(ScriptEngine.java:119)
	at com.kms.katalon.core.main.TestCaseExecutor.runScript(TestCaseExecutor.java:339)
	at com.kms.katalon.core.main.TestCaseExecutor.doExecute(TestCaseExecutor.java:330)
	at com.kms.katalon.core.main.TestCaseExecutor.processExecutionPhase(TestCaseExecutor.java:309)
	at com.kms.katalon.core.main.TestCaseExecutor.accessMainPhase(TestCaseExecutor.java:301)
	at com.kms.katalon.core.main.TestCaseExecutor.execute(TestCaseExecutor.java:235)
	at com.kms.katalon.core.main.TestSuiteExecutor.accessTestCaseMainPhase(TestSuiteExecutor.java:191)
	at com.kms.katalon.core.main.TestSuiteExecutor.accessTestSuiteMainPhase(TestSuiteExecutor.java:141)
	at com.kms.katalon.core.main.TestSuiteExecutor.execute(TestSuiteExecutor.java:90)
	at com.kms.katalon.core.main.TestCaseMain.startTestSuite(TestCaseMain.java:157)
	at com.kms.katalon.core.main.TestCaseMain$startTestSuite$0.call(Unknown Source)
	at TempTestSuite1620168198687.run(TempTestSuite1620168198687.groovy:39)]]></system-err>
      </testcase>
      <testcase name="Test Cases/Canine_TestCases/Study-Combinations/TC25_Canine_StudyUBC-AllBreeds_StageOfDisease" time="464.33" classname="Test Cases/Canine_TestCases/Study-Combinations/TC25_Canine_StudyUBC-AllBreeds_StageOfDisease" status="PASSED">
         <system-out><![CDATA[2021-05-04 18:27:26 - [TEST_CASE][PASSED] - Test Cases/Canine_TestCases/Study-Combinations/TC25_Canine_StudyUBC-AllBreeds_StageOfDisease: Test Cases/Canine_TestCases/Study-Combinations/TC25_Canine_StudyUBC-AllBreeds_StageOfDisease

2021-05-04 18:27:37 - [TEST_STEP][PASSED] - closeBrowser(): Browser is closed

2021-05-04 18:27:41 - [MESSAGE][PASSED] - Browser is closed

2021-05-04 18:27:41 - [TEST_STEP][PASSED] - openBrowser(""): Browser is opened with url: ''

2021-05-04 18:27:41 - [MESSAGE][INFO] - Starting 'Chrome (headless)' driver

2021-05-04 18:27:41 - [MESSAGE][INFO] - User set preference: ['args', '[--no-sandbox]']

2021-05-04 18:27:41 - [MESSAGE][INFO] - Action delay is set to 5,000 milliseconds

2021-05-04 18:28:09 - [MESSAGE][PASSED] - Browser is opened with url: ''

2021-05-04 18:28:09 - [TEST_STEP][PASSED] - maximizeWindow(): Current window maximized

2021-05-04 18:28:11 - [MESSAGE][PASSED] - Current window maximized

2021-05-04 18:28:11 - [TEST_STEP][PASSED] - "Driver opened by Katalon is used in Selenium from this step.": null

2021-05-04 18:28:11 - [TEST_STEP][PASSED] - ctdc.utilities.runtestcaseforKatalon.RunKatalon("TC25_Canine_StudyUBC-AllBreeds_StageOfDisease.xlsx"): Data loaded from input file for the test case. 

2021-05-04 18:28:11 - [MESSAGE][PASSED] - Test case file loaded This is the full filepath after converting to string :C:\Users\radhakrishnang2\Desktop\Commons_Automation\InputFiles\TC25_Canine_StudyUBC-AllBreeds_StageOfDisease.xlsx

2021-05-04 18:28:11 - [MESSAGE][INFO] - Global variable set for password file is :  C:\Users\radhakrishnang2\Desktop\Commons_Automation\InputFiles\TC25_Canine_StudyUBC-AllBreeds_StageOfDisease.xlsx

2021-05-04 18:28:13 - [MESSAGE][PASSED] - Data loaded from input file for the test case. 

2021-05-04 18:29:01 - [TEST_STEP][PASSED] - findTestObject("Object Repository/Canine/Filter/StageOfDisease/STAGEOFDISEASE_Ddn"): null

2021-05-04 18:29:02 - [TEST_STEP][PASSED] - waitForElementPresent(findTestObject("Canine/NavBar/Canine_Cases_Btn"), 10): Object 'Object Repository/Canine/NavBar/Canine_Cases_Btn' is not present after 10 second(s)

2021-05-04 18:29:14 - [MESSAGE][INFO] - Unable to find the element located by 'By.xpath: //a[contains(@href,'cases')]'. Please recheck the objects properties to make sure the desired element is located. 

2021-05-04 18:29:14 - [MESSAGE][WARNING] - Object 'Object Repository/Canine/NavBar/Canine_Cases_Btn' is not present after 10 second(s)

2021-05-04 18:29:14 - [TEST_STEP][PASSED] - ctdc.utilities.runtestcaseforKatalon.clickTab("Canine/NavBar/Canine_Cases_Btn"): ctdc.utilities.runtestcaseforKatalon.clickTab is PASSED

2021-05-04 18:29:18 - [MESSAGE][PASSED] - ctdc.utilities.runtestcaseforKatalon.clickTab is PASSED

2021-05-04 18:29:18 - [TEST_STEP][PASSED] - waitForElementPresent(findTestObject("Object Repository/Canine/Filter/FilterByCases_Facet"), 10): Object 'Object Repository/Canine/Filter/FilterByCases_Facet' is not present after 10 second(s)

2021-05-04 18:29:31 - [MESSAGE][INFO] - Unable to find the element located by 'By.xpath: //*[contains(text(),'Filter By Cases')]'. Please recheck the objects properties to make sure the desired element is located. 

2021-05-04 18:29:31 - [MESSAGE][WARNING] - Object 'Object Repository/Canine/Filter/FilterByCases_Facet' is not present after 10 second(s)

2021-05-04 18:29:31 - [TEST_STEP][PASSED] - ctdc.utilities.runtestcaseforKatalon.clickTab("Object Repository/Canine/Filter/FilterByCases_Facet"): ctdc.utilities.runtestcaseforKatalon.clickTab is PASSED

2021-05-04 18:29:35 - [MESSAGE][PASSED] - ctdc.utilities.runtestcaseforKatalon.clickTab is PASSED

2021-05-04 18:29:35 - [TEST_STEP][PASSED] - waitForElementPresent(findTestObject("Object Repository/Canine/Filter/Study/Canine_Filter_Study"), 10): Object 'Object Repository/Canine/Filter/Study/Canine_Filter_Study' is not present after 10 second(s)

2021-05-04 18:29:47 - [MESSAGE][INFO] - Unable to find the element located by 'By.xpath: //*[@id='Study']'. Please recheck the objects properties to make sure the desired element is located. 

2021-05-04 18:29:47 - [MESSAGE][WARNING] - Object 'Object Repository/Canine/Filter/Study/Canine_Filter_Study' is not present after 10 second(s)

2021-05-04 18:29:47 - [TEST_STEP][PASSED] - ctdc.utilities.runtestcaseforKatalon.clickTab("Object Repository/Canine/Filter/Study/Canine_Filter_Study"): ctdc.utilities.runtestcaseforKatalon.clickTab is PASSED

2021-05-04 18:29:52 - [MESSAGE][PASSED] - ctdc.utilities.runtestcaseforKatalon.clickTab is PASSED

2021-05-04 18:29:52 - [TEST_STEP][PASSED] - waitForElementPresent(findTestObject("Object Repository/Canine/Filter/Study/Canine_Filter_Study-UBC_Chkbx"), 10): Object 'Object Repository/Canine/Filter/Study/Canine_Filter_Study-UBC_Chkbx' is not present after 10 second(s)

2021-05-04 18:30:04 - [MESSAGE][INFO] - Unable to find the element located by 'By.xpath: (//*[contains(text(),'UBC')])[1]'. Please recheck the objects properties to make sure the desired element is located. 

2021-05-04 18:30:04 - [MESSAGE][WARNING] - Object 'Object Repository/Canine/Filter/Study/Canine_Filter_Study-UBC_Chkbx' is not present after 10 second(s)

2021-05-04 18:30:04 - [TEST_STEP][PASSED] - ctdc.utilities.runtestcaseforKatalon.clickTab("Object Repository/Canine/Filter/Study/Canine_Filter_Study-UBC_Chkbx"): ctdc.utilities.runtestcaseforKatalon.clickTab is PASSED

2021-05-04 18:30:10 - [MESSAGE][PASSED] - ctdc.utilities.runtestcaseforKatalon.clickTab is PASSED

2021-05-04 18:30:10 - [TEST_STEP][PASSED] - Thread.sleep(2000): null

2021-05-04 18:30:12 - [TEST_STEP][PASSED] - waitForElementPresent(findTestObject("Object Repository/Canine/Filter/StageOfDisease/STAGEOFDISEASE_Ddn"), 10): Object 'Object Repository/Canine/Filter/StageOfDisease/STAGEOFDISEASE_Ddn' is not present after 10 second(s)

2021-05-04 18:30:25 - [MESSAGE][INFO] - Unable to find the element located by 'By.xpath: //*[@id='Stage of Disease']'. Please recheck the objects properties to make sure the desired element is located. 

2021-05-04 18:30:25 - [MESSAGE][WARNING] - Object 'Object Repository/Canine/Filter/StageOfDisease/STAGEOFDISEASE_Ddn' is not present after 10 second(s)

2021-05-04 18:30:25 - [TEST_STEP][PASSED] - ctdc.utilities.runtestcaseforKatalon.clickTab("Object Repository/Canine/Filter/StageOfDisease/STAGEOFDISEASE_Ddn"): ctdc.utilities.runtestcaseforKatalon.clickTab is PASSED

2021-05-04 18:30:34 - [MESSAGE][PASSED] - ctdc.utilities.runtestcaseforKatalon.clickTab is PASSED

2021-05-04 18:30:34 - [TEST_STEP][PASSED] - waitForElementPresent(findTestObject("Object Repository/Canine/Filter/StageOfDisease/T3N0M1_Chkbx"), 10): Object 'Object Repository/Canine/Filter/StageOfDisease/T3N0M1_Chkbx' is not present after 10 second(s)

2021-05-04 18:30:46 - [MESSAGE][INFO] - Unable to find the element located by 'By.xpath: //*[contains(text(),'T3N0M1')]'. Please recheck the objects properties to make sure the desired element is located. 

2021-05-04 18:30:46 - [MESSAGE][WARNING] - Object 'Object Repository/Canine/Filter/StageOfDisease/T3N0M1_Chkbx' is not present after 10 second(s)

2021-05-04 18:30:46 - [TEST_STEP][PASSED] - ctdc.utilities.runtestcaseforKatalon.clickTab("Object Repository/Canine/Filter/StageOfDisease/T3N0M1_Chkbx"): ctdc.utilities.runtestcaseforKatalon.clickTab is PASSED

2021-05-04 18:30:51 - [MESSAGE][PASSED] - ctdc.utilities.runtestcaseforKatalon.clickTab is PASSED

2021-05-04 18:30:51 - [TEST_STEP][PASSED] - waitForElementPresent(findTestObject("Object Repository/Canine/Filter/StageOfDisease/T3N1M0_Chkbx"), 10): Object 'Object Repository/Canine/Filter/StageOfDisease/T3N1M0_Chkbx' is not present after 10 second(s)

2021-05-04 18:31:04 - [MESSAGE][INFO] - Unable to find the element located by 'By.xpath: //*[contains(text(),'T3N1M0')]'. Please recheck the objects properties to make sure the desired element is located. 

2021-05-04 18:31:04 - [MESSAGE][WARNING] - Object 'Object Repository/Canine/Filter/StageOfDisease/T3N1M0_Chkbx' is not present after 10 second(s)

2021-05-04 18:31:04 - [TEST_STEP][PASSED] - ctdc.utilities.runtestcaseforKatalon.clickTab("Object Repository/Canine/Filter/StageOfDisease/T3N1M0_Chkbx"): ctdc.utilities.runtestcaseforKatalon.clickTab is PASSED

2021-05-04 18:31:10 - [MESSAGE][PASSED] - ctdc.utilities.runtestcaseforKatalon.clickTab is PASSED

2021-05-04 18:31:10 - [TEST_STEP][PASSED] - ctdc.utilities.runtestcaseforKatalon.clickTab("Object Repository/Canine/Filter/PrimDiseaseSite/PRIMARYDISEASESITE_Ddn"): ctdc.utilities.runtestcaseforKatalon.clickTab is PASSED

2021-05-04 18:31:19 - [MESSAGE][PASSED] - ctdc.utilities.runtestcaseforKatalon.clickTab is PASSED

2021-05-04 18:31:19 - [TEST_STEP][PASSED] - Thread.sleep(2000): null

2021-05-04 18:31:21 - [TEST_STEP][PASSED] - ctdc.utilities.runtestcaseforKatalon.readStatBarCanine("Object Repository/Canine/StatBar/Canine_StatBar-Studies", "Object Repository/Canine/StatBar/Canine_StatBar-Cases", "Object Repository/Canine/StatBar/Canine_StatBar-Samples", "Object Repository/Canine/StatBar/Canine_StatBar-Files", "Object Repository/Canine/StatBar/Canine_StatBar-Aliquots"): ctdc.utilities.runtestcaseforKatalon.readStatBarCanine is PASSED

2021-05-04 18:31:53 - [MESSAGE][PASSED] - ctdc.utilities.runtestcaseforKatalon.readStatBarCanine is PASSED

2021-05-04 18:31:53 - [TEST_STEP][PASSED] - waitForElementPresent(findTestObject("Object Repository/Canine/CanineResults_Cases_Tab"), 5): Object 'Object Repository/Canine/CanineResults_Cases_Tab' is not present after 5 second(s)

2021-05-04 18:32:02 - [MESSAGE][INFO] - Unable to find the element located by 'By.xpath: //*[@id="case_tab"]'. Please recheck the objects properties to make sure the desired element is located. 

2021-05-04 18:32:02 - [MESSAGE][WARNING] - Object 'Object Repository/Canine/CanineResults_Cases_Tab' is not present after 5 second(s)

2021-05-04 18:32:02 - [TEST_STEP][PASSED] - ctdc.utilities.runtestcaseforKatalon.clickTab("Object Repository/Canine/CanineResults_Cases_Tab"): ctdc.utilities.runtestcaseforKatalon.clickTab is PASSED

2021-05-04 18:32:08 - [MESSAGE][PASSED] - ctdc.utilities.runtestcaseforKatalon.clickTab is PASSED

2021-05-04 18:32:08 - [TEST_STEP][PASSED] - ctdc.utilities.runtestcaseforKatalon.multiFunction("ICDC", G_StatBar_Cases, "Object Repository/Canine/Canine_CasesTable", "Object Repository/Canine/Canine_TableHeader", "Object Repository/Canine/Canine_CasesTabNextBtn", G_WebTabnameCases, G_CypherTabnameCases, G_QueryCasesTab): Statbar Arms count matches

2021-05-04 18:34:52 - [MESSAGE][PASSED] - Statbar Files count matches

2021-05-04 18:34:52 - [MESSAGE][PASSED] - Statbar Samples count matches

2021-05-04 18:34:52 - [MESSAGE][PASSED] - Statbar Cases count matches

2021-05-04 18:34:52 - [MESSAGE][PASSED] - Statbar Arms count matches

2021-05-04 18:34:52 - [TEST_STEP][PASSED] - closeBrowser(): Browser is closed

2021-05-04 18:35:10 - [MESSAGE][PASSED] - Browser is closed]]></system-out>
         <system-err><![CDATA[]]></system-err>
      </testcase>
      <testcase name="Test Cases/Canine_TestCases/Study-Combinations/TC26_Canine_StudyUBC-AllBreeds_StageOfDisease" time="32.239" classname="Test Cases/Canine_TestCases/Study-Combinations/TC26_Canine_StudyUBC-AllBreeds_StageOfDisease" status="FAILED">
         <failure type="FAILED" message="Test Cases/Canine_TestCases/Study-Combinations/TC26_Canine_StudyUBC-AllBreeds_StageOfDisease FAILED.
Reason:
com.kms.katalon.core.exception.StepFailedException: Unable to open browser with url: ''
	at com.kms.katalon.core.webui.keyword.internal.WebUIKeywordMain.stepFailed(WebUIKeywordMain.groovy:64)
	at com.kms.katalon.core.webui.keyword.internal.WebUIKeywordMain.runKeyword(WebUIKeywordMain.groovy:26)
	at com.kms.katalon.core.webui.keyword.builtin.OpenBrowserKeyword.openBrowser(OpenBrowserKeyword.groovy:81)
	at com.kms.katalon.core.webui.keyword.builtin.OpenBrowserKeyword.execute(OpenBrowserKeyword.groovy:67)
	at com.kms.katalon.core.keyword.internal.KeywordExecutor.executeKeywordForPlatform(KeywordExecutor.groovy:73)
	at com.kms.katalon.core.webui.keyword.WebUiBuiltInKeywords.openBrowser(WebUiBuiltInKeywords.groovy:61)
	at com.kms.katalon.core.webui.keyword.WebUiBuiltInKeywords$openBrowser$0.call(Unknown Source)
	at TC26_Canine_StudyUBC-AllBreeds_StageOfDisease.run(TC26_Canine_StudyUBC-AllBreeds_StageOfDisease:34)
	at com.kms.katalon.core.main.ScriptEngine.run(ScriptEngine.java:194)
	at com.kms.katalon.core.main.ScriptEngine.runScriptAsRawText(ScriptEngine.java:119)
	at com.kms.katalon.core.main.TestCaseExecutor.runScript(TestCaseExecutor.java:339)
	at com.kms.katalon.core.main.TestCaseExecutor.doExecute(TestCaseExecutor.java:330)
	at com.kms.katalon.core.main.TestCaseExecutor.processExecutionPhase(TestCaseExecutor.java:309)
	at com.kms.katalon.core.main.TestCaseExecutor.accessMainPhase(TestCaseExecutor.java:301)
	at com.kms.katalon.core.main.TestCaseExecutor.execute(TestCaseExecutor.java:235)
	at com.kms.katalon.core.main.TestSuiteExecutor.accessTestCaseMainPhase(TestSuiteExecutor.java:191)
	at com.kms.katalon.core.main.TestSuiteExecutor.accessTestSuiteMainPhase(TestSuiteExecutor.java:141)
	at com.kms.katalon.core.main.TestSuiteExecutor.execute(TestSuiteExecutor.java:90)
	at com.kms.katalon.core.main.TestCaseMain.startTestSuite(TestCaseMain.java:157)
	at com.kms.katalon.core.main.TestCaseMain$startTestSuite$0.call(Unknown Source)
	at TempTestSuite1620168198687.run(TempTestSuite1620168198687.groovy:39)
Caused by: org.openqa.selenium.WebDriverException: Timed out waiting for driver server to start.
Build info: version: '3.141.59', revision: 'e82be7d358', time: '2018-11-14T08:25:53'
System info: host: 'NCI-02150368-L', ip: '10.243.136.136', os.name: 'Windows 10', os.arch: 'amd64', os.version: '10.0', java.version: '1.8.0_181'
Driver info: driver.version: CChromeDriver
	at org.openqa.selenium.remote.service.DriverService.waitUntilAvailable(DriverService.java:202)
	at org.openqa.selenium.remote.service.DriverService.start(DriverService.java:188)
	at org.openqa.selenium.remote.service.DriverCommandExecutor.execute(DriverCommandExecutor.java:79)
	at org.openqa.selenium.remote.RemoteWebDriver.execute(RemoteWebDriver.java:552)
	at com.kms.katalon.selenium.driver.CChromeDriver.execute(CChromeDriver.java:19)
	at org.openqa.selenium.remote.RemoteWebDriver.startSession(RemoteWebDriver.java:213)
	at org.openqa.selenium.remote.RemoteWebDriver.&lt;init>(RemoteWebDriver.java:131)
	at org.openqa.selenium.chrome.ChromeDriver.&lt;init>(ChromeDriver.java:181)
	at org.openqa.selenium.chrome.ChromeDriver.&lt;init>(ChromeDriver.java:147)
	at com.kms.katalon.selenium.driver.CChromeDriver.&lt;init>(CChromeDriver.java:13)
	at com.kms.katalon.core.webui.driver.DriverFactory.createHeadlessChromeDriver(DriverFactory.java:436)
	at com.kms.katalon.core.webui.driver.DriverFactory.startNewBrowser(DriverFactory.java:373)
	at com.kms.katalon.core.webui.driver.DriverFactory.openWebDriver(DriverFactory.java:241)
	at com.kms.katalon.core.webui.keyword.builtin.OpenBrowserKeyword$_openBrowser_closure1.doCall(OpenBrowserKeyword.groovy:74)
	at com.kms.katalon.core.webui.keyword.builtin.OpenBrowserKeyword$_openBrowser_closure1.call(OpenBrowserKeyword.groovy)
	at com.kms.katalon.core.webui.keyword.internal.WebUIKeywordMain.runKeyword(WebUIKeywordMain.groovy:20)
	at com.kms.katalon.core.webui.keyword.builtin.OpenBrowserKeyword.openBrowser(OpenBrowserKeyword.groovy:81)
	at com.kms.katalon.core.webui.keyword.builtin.OpenBrowserKeyword.execute(OpenBrowserKeyword.groovy:67)
	at com.kms.katalon.core.keyword.internal.KeywordExecutor.executeKeywordForPlatform(KeywordExecutor.groovy:73)
	at com.kms.katalon.core.webui.keyword.WebUiBuiltInKeywords.openBrowser(WebUiBuiltInKeywords.groovy:61)
	at com.kms.katalon.core.webui.keyword.WebUiBuiltInKeywords$openBrowser$0.call(Unknown Source)
	at Script1618533600576.run(Script1618533600576.groovy:34)
	... 13 more
Caused by: org.openqa.selenium.net.UrlChecker$TimeoutException: Timed out waiting for [http://localhost:29018/status] to be available after 20360 ms
	at org.openqa.selenium.net.UrlChecker.waitUntilAvailable(UrlChecker.java:100)
	at org.openqa.selenium.remote.service.DriverService.waitUntilAvailable(DriverService.java:197)
	... 34 more
Caused by: java.util.concurrent.TimeoutException
	at com.google.common.util.concurrent.SimpleTimeLimiter.callWithTimeout(SimpleTimeLimiter.java:156)
	at org.openqa.selenium.net.UrlChecker.waitUntilAvailable(UrlChecker.java:75)
	at org.openqa.selenium.remote.service.DriverService.waitUntilAvailable(DriverService.java:197)
	at org.openqa.selenium.remote.service.DriverService.start(DriverService.java:188)
	at org.openqa.selenium.remote.service.DriverCommandExecutor.execute(DriverCommandExecutor.java:79)
	at org.openqa.selenium.remote.RemoteWebDriver.execute(RemoteWebDriver.java:552)
	at com.kms.katalon.selenium.driver.CChromeDriver.execute(CChromeDriver.java:19)
	at org.openqa.selenium.remote.RemoteWebDriver.startSession(RemoteWebDriver.java:213)
	at org.openqa.selenium.remote.RemoteWebDriver.&lt;init>(RemoteWebDriver.java:131)
	at org.openqa.selenium.chrome.ChromeDriver.&lt;init>(ChromeDriver.java:181)
	at org.openqa.selenium.chrome.ChromeDriver.&lt;init>(ChromeDriver.java:147)
	at com.kms.katalon.selenium.driver.CChromeDriver.&lt;init>(CChromeDriver.java:13)
	at com.kms.katalon.core.webui.driver.DriverFactory.createHeadlessChromeDriver(DriverFactory.java:436)
	at com.kms.katalon.core.webui.driver.DriverFactory.startNewBrowser(DriverFactory.java:373)
	at com.kms.katalon.core.webui.driver.DriverFactory.openWebDriver(DriverFactory.java:241)
	at com.kms.katalon.core.webui.keyword.builtin.OpenBrowserKeyword$_openBrowser_closure1.doCall(OpenBrowserKeyword.groovy:74)
	at com.kms.katalon.core.webui.keyword.builtin.OpenBrowserKeyword$_openBrowser_closure1.call(OpenBrowserKeyword.groovy)
	at com.kms.katalon.core.webui.keyword.internal.WebUIKeywordMain.runKeyword(WebUIKeywordMain.groovy:20)
	at com.kms.katalon.core.webui.keyword.builtin.OpenBrowserKeyword.openBrowser(OpenBrowserKeyword.groovy:81)
	at com.kms.katalon.core.webui.keyword.builtin.OpenBrowserKeyword.execute(OpenBrowserKeyword.groovy:67)
	at com.kms.katalon.core.keyword.internal.KeywordExecutor.executeKeywordForPlatform(KeywordExecutor.groovy:73)
	at com.kms.katalon.core.webui.keyword.WebUiBuiltInKeywords.openBrowser(WebUiBuiltInKeywords.groovy:61)
	at com.kms.katalon.core.webui.keyword.WebUiBuiltInKeywords$openBrowser$0.call(Unknown Source)
	at TC26_Canine_StudyUBC-AllBreeds_StageOfDisease.run(TC26_Canine_StudyUBC-AllBreeds_StageOfDisease:34)
	... 13 more
"/>
         <system-out><![CDATA[2021-05-04 18:35:10 - [TEST_CASE][FAILED] - Test Cases/Canine_TestCases/Study-Combinations/TC26_Canine_StudyUBC-AllBreeds_StageOfDisease: Test Cases/Canine_TestCases/Study-Combinations/TC26_Canine_StudyUBC-AllBreeds_StageOfDisease FAILED.
Reason:
com.kms.katalon.core.exception.StepFailedException: Unable to open browser with url: ''
	at com.kms.katalon.core.webui.keyword.internal.WebUIKeywordMain.stepFailed(WebUIKeywordMain.groovy:64)
	at com.kms.katalon.core.webui.keyword.internal.WebUIKeywordMain.runKeyword(WebUIKeywordMain.groovy:26)
	at com.kms.katalon.core.webui.keyword.builtin.OpenBrowserKeyword.openBrowser(OpenBrowserKeyword.groovy:81)
	at com.kms.katalon.core.webui.keyword.builtin.OpenBrowserKeyword.execute(OpenBrowserKeyword.groovy:67)
	at com.kms.katalon.core.keyword.internal.KeywordExecutor.executeKeywordForPlatform(KeywordExecutor.groovy:73)
	at com.kms.katalon.core.webui.keyword.WebUiBuiltInKeywords.openBrowser(WebUiBuiltInKeywords.groovy:61)
	at com.kms.katalon.core.webui.keyword.WebUiBuiltInKeywords$openBrowser$0.call(Unknown Source)
	at TC26_Canine_StudyUBC-AllBreeds_StageOfDisease.run(TC26_Canine_StudyUBC-AllBreeds_StageOfDisease:34)
	at com.kms.katalon.core.main.ScriptEngine.run(ScriptEngine.java:194)
	at com.kms.katalon.core.main.ScriptEngine.runScriptAsRawText(ScriptEngine.java:119)
	at com.kms.katalon.core.main.TestCaseExecutor.runScript(TestCaseExecutor.java:339)
	at com.kms.katalon.core.main.TestCaseExecutor.doExecute(TestCaseExecutor.java:330)
	at com.kms.katalon.core.main.TestCaseExecutor.processExecutionPhase(TestCaseExecutor.java:309)
	at com.kms.katalon.core.main.TestCaseExecutor.accessMainPhase(TestCaseExecutor.java:301)
	at com.kms.katalon.core.main.TestCaseExecutor.execute(TestCaseExecutor.java:235)
	at com.kms.katalon.core.main.TestSuiteExecutor.accessTestCaseMainPhase(TestSuiteExecutor.java:191)
	at com.kms.katalon.core.main.TestSuiteExecutor.accessTestSuiteMainPhase(TestSuiteExecutor.java:141)
	at com.kms.katalon.core.main.TestSuiteExecutor.execute(TestSuiteExecutor.java:90)
	at com.kms.katalon.core.main.TestCaseMain.startTestSuite(TestCaseMain.java:157)
	at com.kms.katalon.core.main.TestCaseMain$startTestSuite$0.call(Unknown Source)
	at TempTestSuite1620168198687.run(TempTestSuite1620168198687.groovy:39)
Caused by: org.openqa.selenium.WebDriverException: Timed out waiting for driver server to start.
Build info: version: '3.141.59', revision: 'e82be7d358', time: '2018-11-14T08:25:53'
System info: host: 'NCI-02150368-L', ip: '10.243.136.136', os.name: 'Windows 10', os.arch: 'amd64', os.version: '10.0', java.version: '1.8.0_181'
Driver info: driver.version: CChromeDriver
	at org.openqa.selenium.remote.service.DriverService.waitUntilAvailable(DriverService.java:202)
	at org.openqa.selenium.remote.service.DriverService.start(DriverService.java:188)
	at org.openqa.selenium.remote.service.DriverCommandExecutor.execute(DriverCommandExecutor.java:79)
	at org.openqa.selenium.remote.RemoteWebDriver.execute(RemoteWebDriver.java:552)
	at com.kms.katalon.selenium.driver.CChromeDriver.execute(CChromeDriver.java:19)
	at org.openqa.selenium.remote.RemoteWebDriver.startSession(RemoteWebDriver.java:213)
	at org.openqa.selenium.remote.RemoteWebDriver.<init>(RemoteWebDriver.java:131)
	at org.openqa.selenium.chrome.ChromeDriver.<init>(ChromeDriver.java:181)
	at org.openqa.selenium.chrome.ChromeDriver.<init>(ChromeDriver.java:147)
	at com.kms.katalon.selenium.driver.CChromeDriver.<init>(CChromeDriver.java:13)
	at com.kms.katalon.core.webui.driver.DriverFactory.createHeadlessChromeDriver(DriverFactory.java:436)
	at com.kms.katalon.core.webui.driver.DriverFactory.startNewBrowser(DriverFactory.java:373)
	at com.kms.katalon.core.webui.driver.DriverFactory.openWebDriver(DriverFactory.java:241)
	at com.kms.katalon.core.webui.keyword.builtin.OpenBrowserKeyword$_openBrowser_closure1.doCall(OpenBrowserKeyword.groovy:74)
	at com.kms.katalon.core.webui.keyword.builtin.OpenBrowserKeyword$_openBrowser_closure1.call(OpenBrowserKeyword.groovy)
	at com.kms.katalon.core.webui.keyword.internal.WebUIKeywordMain.runKeyword(WebUIKeywordMain.groovy:20)
	at com.kms.katalon.core.webui.keyword.builtin.OpenBrowserKeyword.openBrowser(OpenBrowserKeyword.groovy:81)
	at com.kms.katalon.core.webui.keyword.builtin.OpenBrowserKeyword.execute(OpenBrowserKeyword.groovy:67)
	at com.kms.katalon.core.keyword.internal.KeywordExecutor.executeKeywordForPlatform(KeywordExecutor.groovy:73)
	at com.kms.katalon.core.webui.keyword.WebUiBuiltInKeywords.openBrowser(WebUiBuiltInKeywords.groovy:61)
	at com.kms.katalon.core.webui.keyword.WebUiBuiltInKeywords$openBrowser$0.call(Unknown Source)
	at Script1618533600576.run(Script1618533600576.groovy:34)
	... 13 more
Caused by: org.openqa.selenium.net.UrlChecker$TimeoutException: Timed out waiting for [http://localhost:29018/status] to be available after 20360 ms
	at org.openqa.selenium.net.UrlChecker.waitUntilAvailable(UrlChecker.java:100)
	at org.openqa.selenium.remote.service.DriverService.waitUntilAvailable(DriverService.java:197)
	... 34 more
Caused by: java.util.concurrent.TimeoutException
	at com.google.common.util.concurrent.SimpleTimeLimiter.callWithTimeout(SimpleTimeLimiter.java:156)
	at org.openqa.selenium.net.UrlChecker.waitUntilAvailable(UrlChecker.java:75)
	at org.openqa.selenium.remote.service.DriverService.waitUntilAvailable(DriverService.java:197)
	at org.openqa.selenium.remote.service.DriverService.start(DriverService.java:188)
	at org.openqa.selenium.remote.service.DriverCommandExecutor.execute(DriverCommandExecutor.java:79)
	at org.openqa.selenium.remote.RemoteWebDriver.execute(RemoteWebDriver.java:552)
	at com.kms.katalon.selenium.driver.CChromeDriver.execute(CChromeDriver.java:19)
	at org.openqa.selenium.remote.RemoteWebDriver.startSession(RemoteWebDriver.java:213)
	at org.openqa.selenium.remote.RemoteWebDriver.<init>(RemoteWebDriver.java:131)
	at org.openqa.selenium.chrome.ChromeDriver.<init>(ChromeDriver.java:181)
	at org.openqa.selenium.chrome.ChromeDriver.<init>(ChromeDriver.java:147)
	at com.kms.katalon.selenium.driver.CChromeDriver.<init>(CChromeDriver.java:13)
	at com.kms.katalon.core.webui.driver.DriverFactory.createHeadlessChromeDriver(DriverFactory.java:436)
	at com.kms.katalon.core.webui.driver.DriverFactory.startNewBrowser(DriverFactory.java:373)
	at com.kms.katalon.core.webui.driver.DriverFactory.openWebDriver(DriverFactory.java:241)
	at com.kms.katalon.core.webui.keyword.builtin.OpenBrowserKeyword$_openBrowser_closure1.doCall(OpenBrowserKeyword.groovy:74)
	at com.kms.katalon.core.webui.keyword.builtin.OpenBrowserKeyword$_openBrowser_closure1.call(OpenBrowserKeyword.groovy)
	at com.kms.katalon.core.webui.keyword.internal.WebUIKeywordMain.runKeyword(WebUIKeywordMain.groovy:20)
	at com.kms.katalon.core.webui.keyword.builtin.OpenBrowserKeyword.openBrowser(OpenBrowserKeyword.groovy:81)
	at com.kms.katalon.core.webui.keyword.builtin.OpenBrowserKeyword.execute(OpenBrowserKeyword.groovy:67)
	at com.kms.katalon.core.keyword.internal.KeywordExecutor.executeKeywordForPlatform(KeywordExecutor.groovy:73)
	at com.kms.katalon.core.webui.keyword.WebUiBuiltInKeywords.openBrowser(WebUiBuiltInKeywords.groovy:61)
	at com.kms.katalon.core.webui.keyword.WebUiBuiltInKeywords$openBrowser$0.call(Unknown Source)
	at TC26_Canine_StudyUBC-AllBreeds_StageOfDisease.run(TC26_Canine_StudyUBC-AllBreeds_StageOfDisease:34)
	... 13 more


2021-05-04 18:35:20 - [TEST_STEP][PASSED] - closeBrowser(): Browser is closed

2021-05-04 18:35:20 - [MESSAGE][PASSED] - Browser is closed

2021-05-04 18:35:20 - [TEST_STEP][FAILED] - openBrowser(""): Unable to open browser with url: '' (Root cause: com.kms.katalon.core.exception.StepFailedException: Unable to open browser with url: ''
	at com.kms.katalon.core.webui.keyword.internal.WebUIKeywordMain.stepFailed(WebUIKeywordMain.groovy:64)
	at com.kms.katalon.core.webui.keyword.internal.WebUIKeywordMain.runKeyword(WebUIKeywordMain.groovy:26)
	at com.kms.katalon.core.webui.keyword.builtin.OpenBrowserKeyword.openBrowser(OpenBrowserKeyword.groovy:81)
	at com.kms.katalon.core.webui.keyword.builtin.OpenBrowserKeyword.execute(OpenBrowserKeyword.groovy:67)
	at com.kms.katalon.core.keyword.internal.KeywordExecutor.executeKeywordForPlatform(KeywordExecutor.groovy:73)
	at com.kms.katalon.core.webui.keyword.WebUiBuiltInKeywords.openBrowser(WebUiBuiltInKeywords.groovy:61)
	at com.kms.katalon.core.webui.keyword.WebUiBuiltInKeywords$openBrowser$0.call(Unknown Source)
	at TC26_Canine_StudyUBC-AllBreeds_StageOfDisease.run(TC26_Canine_StudyUBC-AllBreeds_StageOfDisease:34)
	at com.kms.katalon.core.main.ScriptEngine.run(ScriptEngine.java:194)
	at com.kms.katalon.core.main.ScriptEngine.runScriptAsRawText(ScriptEngine.java:119)
	at com.kms.katalon.core.main.TestCaseExecutor.runScript(TestCaseExecutor.java:339)
	at com.kms.katalon.core.main.TestCaseExecutor.doExecute(TestCaseExecutor.java:330)
	at com.kms.katalon.core.main.TestCaseExecutor.processExecutionPhase(TestCaseExecutor.java:309)
	at com.kms.katalon.core.main.TestCaseExecutor.accessMainPhase(TestCaseExecutor.java:301)
	at com.kms.katalon.core.main.TestCaseExecutor.execute(TestCaseExecutor.java:235)
	at com.kms.katalon.core.main.TestSuiteExecutor.accessTestCaseMainPhase(TestSuiteExecutor.java:191)
	at com.kms.katalon.core.main.TestSuiteExecutor.accessTestSuiteMainPhase(TestSuiteExecutor.java:141)
	at com.kms.katalon.core.main.TestSuiteExecutor.execute(TestSuiteExecutor.java:90)
	at com.kms.katalon.core.main.TestCaseMain.startTestSuite(TestCaseMain.java:157)
	at com.kms.katalon.core.main.TestCaseMain$startTestSuite$0.call(Unknown Source)
	at TempTestSuite1620168198687.run(TempTestSuite1620168198687.groovy:39)
Caused by: org.openqa.selenium.WebDriverException: Timed out waiting for driver server to start.
Build info: version: '3.141.59', revision: 'e82be7d358', time: '2018-11-14T08:25:53'
System info: host: 'NCI-02150368-L', ip: '10.243.136.136', os.name: 'Windows 10', os.arch: 'amd64', os.version: '10.0', java.version: '1.8.0_181'
Driver info: driver.version: CChromeDriver
	at org.openqa.selenium.remote.service.DriverService.waitUntilAvailable(DriverService.java:202)
	at org.openqa.selenium.remote.service.DriverService.start(DriverService.java:188)
	at org.openqa.selenium.remote.service.DriverCommandExecutor.execute(DriverCommandExecutor.java:79)
	at org.openqa.selenium.remote.RemoteWebDriver.execute(RemoteWebDriver.java:552)
	at com.kms.katalon.selenium.driver.CChromeDriver.execute(CChromeDriver.java:19)
	at org.openqa.selenium.remote.RemoteWebDriver.startSession(RemoteWebDriver.java:213)
	at org.openqa.selenium.remote.RemoteWebDriver.<init>(RemoteWebDriver.java:131)
	at org.openqa.selenium.chrome.ChromeDriver.<init>(ChromeDriver.java:181)
	at org.openqa.selenium.chrome.ChromeDriver.<init>(ChromeDriver.java:147)
	at com.kms.katalon.selenium.driver.CChromeDriver.<init>(CChromeDriver.java:13)
	at com.kms.katalon.core.webui.driver.DriverFactory.createHeadlessChromeDriver(DriverFactory.java:436)
	at com.kms.katalon.core.webui.driver.DriverFactory.startNewBrowser(DriverFactory.java:373)
	at com.kms.katalon.core.webui.driver.DriverFactory.openWebDriver(DriverFactory.java:241)
	at com.kms.katalon.core.webui.keyword.builtin.OpenBrowserKeyword$_openBrowser_closure1.doCall(OpenBrowserKeyword.groovy:74)
	at com.kms.katalon.core.webui.keyword.builtin.OpenBrowserKeyword$_openBrowser_closure1.call(OpenBrowserKeyword.groovy)
	at com.kms.katalon.core.webui.keyword.internal.WebUIKeywordMain.runKeyword(WebUIKeywordMain.groovy:20)
	at com.kms.katalon.core.webui.keyword.builtin.OpenBrowserKeyword.openBrowser(OpenBrowserKeyword.groovy:81)
	at com.kms.katalon.core.webui.keyword.builtin.OpenBrowserKeyword.execute(OpenBrowserKeyword.groovy:67)
	at com.kms.katalon.core.keyword.internal.KeywordExecutor.executeKeywordForPlatform(KeywordExecutor.groovy:73)
	at com.kms.katalon.core.webui.keyword.WebUiBuiltInKeywords.openBrowser(WebUiBuiltInKeywords.groovy:61)
	at com.kms.katalon.core.webui.keyword.WebUiBuiltInKeywords$openBrowser$0.call(Unknown Source)
	at Script1618533600576.run(Script1618533600576.groovy:34)
	... 13 more
Caused by: org.openqa.selenium.net.UrlChecker$TimeoutException: Timed out waiting for [http://localhost:29018/status] to be available after 20360 ms
	at org.openqa.selenium.net.UrlChecker.waitUntilAvailable(UrlChecker.java:100)
	at org.openqa.selenium.remote.service.DriverService.waitUntilAvailable(DriverService.java:197)
	... 34 more
Caused by: java.util.concurrent.TimeoutException
	at com.google.common.util.concurrent.SimpleTimeLimiter.callWithTimeout(SimpleTimeLimiter.java:156)
	at org.openqa.selenium.net.UrlChecker.waitUntilAvailable(UrlChecker.java:75)
	... 35 more
)

2021-05-04 18:35:20 - [MESSAGE][INFO] - Starting 'Chrome (headless)' driver

2021-05-04 18:35:20 - [MESSAGE][INFO] - User set preference: ['args', '[--no-sandbox]']

2021-05-04 18:35:20 - [MESSAGE][INFO] - Action delay is set to 5,000 milliseconds

2021-05-04 18:35:42 - [MESSAGE][FAILED] - Unable to open browser with url: '' (Root cause: com.kms.katalon.core.exception.StepFailedException: Unable to open browser with url: ''
	at com.kms.katalon.core.webui.keyword.internal.WebUIKeywordMain.stepFailed(WebUIKeywordMain.groovy:64)
	at com.kms.katalon.core.webui.keyword.internal.WebUIKeywordMain.runKeyword(WebUIKeywordMain.groovy:26)
	at com.kms.katalon.core.webui.keyword.builtin.OpenBrowserKeyword.openBrowser(OpenBrowserKeyword.groovy:81)
	at com.kms.katalon.core.webui.keyword.builtin.OpenBrowserKeyword.execute(OpenBrowserKeyword.groovy:67)
	at com.kms.katalon.core.keyword.internal.KeywordExecutor.executeKeywordForPlatform(KeywordExecutor.groovy:73)
	at com.kms.katalon.core.webui.keyword.WebUiBuiltInKeywords.openBrowser(WebUiBuiltInKeywords.groovy:61)
	at com.kms.katalon.core.webui.keyword.WebUiBuiltInKeywords$openBrowser$0.call(Unknown Source)
	at TC26_Canine_StudyUBC-AllBreeds_StageOfDisease.run(TC26_Canine_StudyUBC-AllBreeds_StageOfDisease:34)
	at com.kms.katalon.core.main.ScriptEngine.run(ScriptEngine.java:194)
	at com.kms.katalon.core.main.ScriptEngine.runScriptAsRawText(ScriptEngine.java:119)
	at com.kms.katalon.core.main.TestCaseExecutor.runScript(TestCaseExecutor.java:339)
	at com.kms.katalon.core.main.TestCaseExecutor.doExecute(TestCaseExecutor.java:330)
	at com.kms.katalon.core.main.TestCaseExecutor.processExecutionPhase(TestCaseExecutor.java:309)
	at com.kms.katalon.core.main.TestCaseExecutor.accessMainPhase(TestCaseExecutor.java:301)
	at com.kms.katalon.core.main.TestCaseExecutor.execute(TestCaseExecutor.java:235)
	at com.kms.katalon.core.main.TestSuiteExecutor.accessTestCaseMainPhase(TestSuiteExecutor.java:191)
	at com.kms.katalon.core.main.TestSuiteExecutor.accessTestSuiteMainPhase(TestSuiteExecutor.java:141)
	at com.kms.katalon.core.main.TestSuiteExecutor.execute(TestSuiteExecutor.java:90)
	at com.kms.katalon.core.main.TestCaseMain.startTestSuite(TestCaseMain.java:157)
	at com.kms.katalon.core.main.TestCaseMain$startTestSuite$0.call(Unknown Source)
	at TempTestSuite1620168198687.run(TempTestSuite1620168198687.groovy:39)
Caused by: org.openqa.selenium.WebDriverException: Timed out waiting for driver server to start.
Build info: version: '3.141.59', revision: 'e82be7d358', time: '2018-11-14T08:25:53'
System info: host: 'NCI-02150368-L', ip: '10.243.136.136', os.name: 'Windows 10', os.arch: 'amd64', os.version: '10.0', java.version: '1.8.0_181'
Driver info: driver.version: CChromeDriver
	at org.openqa.selenium.remote.service.DriverService.waitUntilAvailable(DriverService.java:202)
	at org.openqa.selenium.remote.service.DriverService.start(DriverService.java:188)
	at org.openqa.selenium.remote.service.DriverCommandExecutor.execute(DriverCommandExecutor.java:79)
	at org.openqa.selenium.remote.RemoteWebDriver.execute(RemoteWebDriver.java:552)
	at com.kms.katalon.selenium.driver.CChromeDriver.execute(CChromeDriver.java:19)
	at org.openqa.selenium.remote.RemoteWebDriver.startSession(RemoteWebDriver.java:213)
	at org.openqa.selenium.remote.RemoteWebDriver.<init>(RemoteWebDriver.java:131)
	at org.openqa.selenium.chrome.ChromeDriver.<init>(ChromeDriver.java:181)
	at org.openqa.selenium.chrome.ChromeDriver.<init>(ChromeDriver.java:147)
	at com.kms.katalon.selenium.driver.CChromeDriver.<init>(CChromeDriver.java:13)
	at com.kms.katalon.core.webui.driver.DriverFactory.createHeadlessChromeDriver(DriverFactory.java:436)
	at com.kms.katalon.core.webui.driver.DriverFactory.startNewBrowser(DriverFactory.java:373)
	at com.kms.katalon.core.webui.driver.DriverFactory.openWebDriver(DriverFactory.java:241)
	at com.kms.katalon.core.webui.keyword.builtin.OpenBrowserKeyword$_openBrowser_closure1.doCall(OpenBrowserKeyword.groovy:74)
	at com.kms.katalon.core.webui.keyword.builtin.OpenBrowserKeyword$_openBrowser_closure1.call(OpenBrowserKeyword.groovy)
	at com.kms.katalon.core.webui.keyword.internal.WebUIKeywordMain.runKeyword(WebUIKeywordMain.groovy:20)
	at com.kms.katalon.core.webui.keyword.builtin.OpenBrowserKeyword.openBrowser(OpenBrowserKeyword.groovy:81)
	at com.kms.katalon.core.webui.keyword.builtin.OpenBrowserKeyword.execute(OpenBrowserKeyword.groovy:67)
	at com.kms.katalon.core.keyword.internal.KeywordExecutor.executeKeywordForPlatform(KeywordExecutor.groovy:73)
	at com.kms.katalon.core.webui.keyword.WebUiBuiltInKeywords.openBrowser(WebUiBuiltInKeywords.groovy:61)
	at com.kms.katalon.core.webui.keyword.WebUiBuiltInKeywords$openBrowser$0.call(Unknown Source)
	at Script1618533600576.run(Script1618533600576.groovy:34)
	... 13 more
Caused by: org.openqa.selenium.net.UrlChecker$TimeoutException: Timed out waiting for [http://localhost:29018/status] to be available after 20360 ms
	at org.openqa.selenium.net.UrlChecker.waitUntilAvailable(UrlChecker.java:100)
	at org.openqa.selenium.remote.service.DriverService.waitUntilAvailable(DriverService.java:197)
	... 34 more
Caused by: java.util.concurrent.TimeoutException
	at com.google.common.util.concurrent.SimpleTimeLimiter.callWithTimeout(SimpleTimeLimiter.java:156)
	at org.openqa.selenium.net.UrlChecker.waitUntilAvailable(UrlChecker.java:75)
	... 35 more
)]]></system-out>
         <system-err><![CDATA[2021-05-04 18:35:10 - [TEST_CASE][FAILED] - Test Cases/Canine_TestCases/Study-Combinations/TC26_Canine_StudyUBC-AllBreeds_StageOfDisease: Test Cases/Canine_TestCases/Study-Combinations/TC26_Canine_StudyUBC-AllBreeds_StageOfDisease FAILED.
Reason:
com.kms.katalon.core.exception.StepFailedException: Unable to open browser with url: ''
	at com.kms.katalon.core.webui.keyword.internal.WebUIKeywordMain.stepFailed(WebUIKeywordMain.groovy:64)
	at com.kms.katalon.core.webui.keyword.internal.WebUIKeywordMain.runKeyword(WebUIKeywordMain.groovy:26)
	at com.kms.katalon.core.webui.keyword.builtin.OpenBrowserKeyword.openBrowser(OpenBrowserKeyword.groovy:81)
	at com.kms.katalon.core.webui.keyword.builtin.OpenBrowserKeyword.execute(OpenBrowserKeyword.groovy:67)
	at com.kms.katalon.core.keyword.internal.KeywordExecutor.executeKeywordForPlatform(KeywordExecutor.groovy:73)
	at com.kms.katalon.core.webui.keyword.WebUiBuiltInKeywords.openBrowser(WebUiBuiltInKeywords.groovy:61)
	at com.kms.katalon.core.webui.keyword.WebUiBuiltInKeywords$openBrowser$0.call(Unknown Source)
	at TC26_Canine_StudyUBC-AllBreeds_StageOfDisease.run(TC26_Canine_StudyUBC-AllBreeds_StageOfDisease:34)
	at com.kms.katalon.core.main.ScriptEngine.run(ScriptEngine.java:194)
	at com.kms.katalon.core.main.ScriptEngine.runScriptAsRawText(ScriptEngine.java:119)
	at com.kms.katalon.core.main.TestCaseExecutor.runScript(TestCaseExecutor.java:339)
	at com.kms.katalon.core.main.TestCaseExecutor.doExecute(TestCaseExecutor.java:330)
	at com.kms.katalon.core.main.TestCaseExecutor.processExecutionPhase(TestCaseExecutor.java:309)
	at com.kms.katalon.core.main.TestCaseExecutor.accessMainPhase(TestCaseExecutor.java:301)
	at com.kms.katalon.core.main.TestCaseExecutor.execute(TestCaseExecutor.java:235)
	at com.kms.katalon.core.main.TestSuiteExecutor.accessTestCaseMainPhase(TestSuiteExecutor.java:191)
	at com.kms.katalon.core.main.TestSuiteExecutor.accessTestSuiteMainPhase(TestSuiteExecutor.java:141)
	at com.kms.katalon.core.main.TestSuiteExecutor.execute(TestSuiteExecutor.java:90)
	at com.kms.katalon.core.main.TestCaseMain.startTestSuite(TestCaseMain.java:157)
	at com.kms.katalon.core.main.TestCaseMain$startTestSuite$0.call(Unknown Source)
	at TempTestSuite1620168198687.run(TempTestSuite1620168198687.groovy:39)
Caused by: org.openqa.selenium.WebDriverException: Timed out waiting for driver server to start.
Build info: version: '3.141.59', revision: 'e82be7d358', time: '2018-11-14T08:25:53'
System info: host: 'NCI-02150368-L', ip: '10.243.136.136', os.name: 'Windows 10', os.arch: 'amd64', os.version: '10.0', java.version: '1.8.0_181'
Driver info: driver.version: CChromeDriver
	at org.openqa.selenium.remote.service.DriverService.waitUntilAvailable(DriverService.java:202)
	at org.openqa.selenium.remote.service.DriverService.start(DriverService.java:188)
	at org.openqa.selenium.remote.service.DriverCommandExecutor.execute(DriverCommandExecutor.java:79)
	at org.openqa.selenium.remote.RemoteWebDriver.execute(RemoteWebDriver.java:552)
	at com.kms.katalon.selenium.driver.CChromeDriver.execute(CChromeDriver.java:19)
	at org.openqa.selenium.remote.RemoteWebDriver.startSession(RemoteWebDriver.java:213)
	at org.openqa.selenium.remote.RemoteWebDriver.<init>(RemoteWebDriver.java:131)
	at org.openqa.selenium.chrome.ChromeDriver.<init>(ChromeDriver.java:181)
	at org.openqa.selenium.chrome.ChromeDriver.<init>(ChromeDriver.java:147)
	at com.kms.katalon.selenium.driver.CChromeDriver.<init>(CChromeDriver.java:13)
	at com.kms.katalon.core.webui.driver.DriverFactory.createHeadlessChromeDriver(DriverFactory.java:436)
	at com.kms.katalon.core.webui.driver.DriverFactory.startNewBrowser(DriverFactory.java:373)
	at com.kms.katalon.core.webui.driver.DriverFactory.openWebDriver(DriverFactory.java:241)
	at com.kms.katalon.core.webui.keyword.builtin.OpenBrowserKeyword$_openBrowser_closure1.doCall(OpenBrowserKeyword.groovy:74)
	at com.kms.katalon.core.webui.keyword.builtin.OpenBrowserKeyword$_openBrowser_closure1.call(OpenBrowserKeyword.groovy)
	at com.kms.katalon.core.webui.keyword.internal.WebUIKeywordMain.runKeyword(WebUIKeywordMain.groovy:20)
	at com.kms.katalon.core.webui.keyword.builtin.OpenBrowserKeyword.openBrowser(OpenBrowserKeyword.groovy:81)
	at com.kms.katalon.core.webui.keyword.builtin.OpenBrowserKeyword.execute(OpenBrowserKeyword.groovy:67)
	at com.kms.katalon.core.keyword.internal.KeywordExecutor.executeKeywordForPlatform(KeywordExecutor.groovy:73)
	at com.kms.katalon.core.webui.keyword.WebUiBuiltInKeywords.openBrowser(WebUiBuiltInKeywords.groovy:61)
	at com.kms.katalon.core.webui.keyword.WebUiBuiltInKeywords$openBrowser$0.call(Unknown Source)
	at Script1618533600576.run(Script1618533600576.groovy:34)
	... 13 more
Caused by: org.openqa.selenium.net.UrlChecker$TimeoutException: Timed out waiting for [http://localhost:29018/status] to be available after 20360 ms
	at org.openqa.selenium.net.UrlChecker.waitUntilAvailable(UrlChecker.java:100)
	at org.openqa.selenium.remote.service.DriverService.waitUntilAvailable(DriverService.java:197)
	... 34 more
Caused by: java.util.concurrent.TimeoutException
	at com.google.common.util.concurrent.SimpleTimeLimiter.callWithTimeout(SimpleTimeLimiter.java:156)
	at org.openqa.selenium.net.UrlChecker.waitUntilAvailable(UrlChecker.java:75)
	at org.openqa.selenium.remote.service.DriverService.waitUntilAvailable(DriverService.java:197)
	at org.openqa.selenium.remote.service.DriverService.start(DriverService.java:188)
	at org.openqa.selenium.remote.service.DriverCommandExecutor.execute(DriverCommandExecutor.java:79)
	at org.openqa.selenium.remote.RemoteWebDriver.execute(RemoteWebDriver.java:552)
	at com.kms.katalon.selenium.driver.CChromeDriver.execute(CChromeDriver.java:19)
	at org.openqa.selenium.remote.RemoteWebDriver.startSession(RemoteWebDriver.java:213)
	at org.openqa.selenium.remote.RemoteWebDriver.<init>(RemoteWebDriver.java:131)
	at org.openqa.selenium.chrome.ChromeDriver.<init>(ChromeDriver.java:181)
	at org.openqa.selenium.chrome.ChromeDriver.<init>(ChromeDriver.java:147)
	at com.kms.katalon.selenium.driver.CChromeDriver.<init>(CChromeDriver.java:13)
	at com.kms.katalon.core.webui.driver.DriverFactory.createHeadlessChromeDriver(DriverFactory.java:436)
	at com.kms.katalon.core.webui.driver.DriverFactory.startNewBrowser(DriverFactory.java:373)
	at com.kms.katalon.core.webui.driver.DriverFactory.openWebDriver(DriverFactory.java:241)
	at com.kms.katalon.core.webui.keyword.builtin.OpenBrowserKeyword$_openBrowser_closure1.doCall(OpenBrowserKeyword.groovy:74)
	at com.kms.katalon.core.webui.keyword.builtin.OpenBrowserKeyword$_openBrowser_closure1.call(OpenBrowserKeyword.groovy)
	at com.kms.katalon.core.webui.keyword.internal.WebUIKeywordMain.runKeyword(WebUIKeywordMain.groovy:20)
	at com.kms.katalon.core.webui.keyword.builtin.OpenBrowserKeyword.openBrowser(OpenBrowserKeyword.groovy:81)
	at com.kms.katalon.core.webui.keyword.builtin.OpenBrowserKeyword.execute(OpenBrowserKeyword.groovy:67)
	at com.kms.katalon.core.keyword.internal.KeywordExecutor.executeKeywordForPlatform(KeywordExecutor.groovy:73)
	at com.kms.katalon.core.webui.keyword.WebUiBuiltInKeywords.openBrowser(WebUiBuiltInKeywords.groovy:61)
	at com.kms.katalon.core.webui.keyword.WebUiBuiltInKeywords$openBrowser$0.call(Unknown Source)
	at TC26_Canine_StudyUBC-AllBreeds_StageOfDisease.run(TC26_Canine_StudyUBC-AllBreeds_StageOfDisease:34)
	... 13 more]]></system-err>
      </testcase>
      <testcase name="Test Cases/Canine_TestCases/Study-Combinations/TC27_Canine_StudyUBC-AllBreeds_StageOfDisease" time="661.886" classname="Test Cases/Canine_TestCases/Study-Combinations/TC27_Canine_StudyUBC-AllBreeds_StageOfDisease" status="PASSED">
         <system-out><![CDATA[2021-05-04 18:35:43 - [TEST_CASE][PASSED] - Test Cases/Canine_TestCases/Study-Combinations/TC27_Canine_StudyUBC-AllBreeds_StageOfDisease: Test Cases/Canine_TestCases/Study-Combinations/TC27_Canine_StudyUBC-AllBreeds_StageOfDisease

2021-05-04 18:35:49 - [TEST_STEP][PASSED] - closeBrowser(): Browser is closed

2021-05-04 18:35:50 - [MESSAGE][PASSED] - Browser is closed

2021-05-04 18:35:50 - [TEST_STEP][PASSED] - openBrowser(""): Browser is opened with url: ''

2021-05-04 18:35:50 - [MESSAGE][INFO] - Starting 'Chrome (headless)' driver

2021-05-04 18:35:50 - [MESSAGE][INFO] - User set preference: ['args', '[--no-sandbox]']

2021-05-04 18:35:50 - [MESSAGE][INFO] - Action delay is set to 5,000 milliseconds

2021-05-04 18:36:17 - [MESSAGE][PASSED] - Browser is opened with url: ''

2021-05-04 18:36:17 - [TEST_STEP][PASSED] - maximizeWindow(): Current window maximized

2021-05-04 18:36:19 - [MESSAGE][PASSED] - Current window maximized

2021-05-04 18:36:19 - [TEST_STEP][PASSED] - "Driver opened by Katalon is used in Selenium from this step.": null

2021-05-04 18:36:19 - [TEST_STEP][PASSED] - ctdc.utilities.runtestcaseforKatalon.RunKatalon("TC27_Canine_StudyUBC-AllBreeds_StageOfDisease.xlsx"): Data loaded from input file for the test case. 

2021-05-04 18:36:19 - [MESSAGE][PASSED] - Test case file loaded This is the full filepath after converting to string :C:\Users\radhakrishnang2\Desktop\Commons_Automation\InputFiles\TC27_Canine_StudyUBC-AllBreeds_StageOfDisease.xlsx

2021-05-04 18:36:19 - [MESSAGE][INFO] - Global variable set for password file is :  C:\Users\radhakrishnang2\Desktop\Commons_Automation\InputFiles\TC27_Canine_StudyUBC-AllBreeds_StageOfDisease.xlsx

2021-05-04 18:36:19 - [MESSAGE][PASSED] - Data loaded from input file for the test case. 

2021-05-04 18:36:52 - [TEST_STEP][PASSED] - findTestObject("Object Repository/Canine/Filter/StageOfDisease/STAGEOFDISEASE_Ddn"): null

2021-05-04 18:36:53 - [TEST_STEP][PASSED] - waitForElementPresent(findTestObject("Canine/NavBar/Canine_Cases_Btn"), 10): Object 'Object Repository/Canine/NavBar/Canine_Cases_Btn' is not present after 10 second(s)

2021-05-04 18:37:08 - [MESSAGE][INFO] - Unable to find the element located by 'By.xpath: //a[contains(@href,'cases')]'. Please recheck the objects properties to make sure the desired element is located. 

2021-05-04 18:37:08 - [MESSAGE][WARNING] - Object 'Object Repository/Canine/NavBar/Canine_Cases_Btn' is not present after 10 second(s)

2021-05-04 18:37:08 - [TEST_STEP][PASSED] - ctdc.utilities.runtestcaseforKatalon.clickTab("Canine/NavBar/Canine_Cases_Btn"): ctdc.utilities.runtestcaseforKatalon.clickTab is PASSED

2021-05-04 18:37:13 - [MESSAGE][PASSED] - ctdc.utilities.runtestcaseforKatalon.clickTab is PASSED

2021-05-04 18:37:13 - [TEST_STEP][PASSED] - waitForElementPresent(findTestObject("Object Repository/Canine/Filter/FilterByCases_Facet"), 10): Object 'Object Repository/Canine/Filter/FilterByCases_Facet' is not present after 10 second(s)

2021-05-04 18:37:25 - [MESSAGE][INFO] - Unable to find the element located by 'By.xpath: //*[contains(text(),'Filter By Cases')]'. Please recheck the objects properties to make sure the desired element is located. 

2021-05-04 18:37:25 - [MESSAGE][WARNING] - Object 'Object Repository/Canine/Filter/FilterByCases_Facet' is not present after 10 second(s)

2021-05-04 18:37:25 - [TEST_STEP][PASSED] - ctdc.utilities.runtestcaseforKatalon.clickTab("Object Repository/Canine/Filter/FilterByCases_Facet"): ctdc.utilities.runtestcaseforKatalon.clickTab is PASSED

2021-05-04 18:37:30 - [MESSAGE][PASSED] - ctdc.utilities.runtestcaseforKatalon.clickTab is PASSED

2021-05-04 18:37:30 - [TEST_STEP][PASSED] - waitForElementPresent(findTestObject("Object Repository/Canine/Filter/Study/Canine_Filter_Study"), 10): Object 'Object Repository/Canine/Filter/Study/Canine_Filter_Study' is not present after 10 second(s)

2021-05-04 18:37:44 - [MESSAGE][INFO] - Unable to find the element located by 'By.xpath: //*[@id='Study']'. Please recheck the objects properties to make sure the desired element is located. 

2021-05-04 18:37:44 - [MESSAGE][WARNING] - Object 'Object Repository/Canine/Filter/Study/Canine_Filter_Study' is not present after 10 second(s)

2021-05-04 18:37:44 - [TEST_STEP][PASSED] - ctdc.utilities.runtestcaseforKatalon.clickTab("Object Repository/Canine/Filter/Study/Canine_Filter_Study"): ctdc.utilities.runtestcaseforKatalon.clickTab is PASSED

2021-05-04 18:37:56 - [MESSAGE][PASSED] - ctdc.utilities.runtestcaseforKatalon.clickTab is PASSED

2021-05-04 18:37:56 - [TEST_STEP][PASSED] - waitForElementPresent(findTestObject("Object Repository/Canine/Filter/Study/Canine_Filter_Study-UBC_Chkbx"), 10): Object 'Object Repository/Canine/Filter/Study/Canine_Filter_Study-UBC_Chkbx' is not present after 10 second(s)

2021-05-04 18:38:11 - [MESSAGE][INFO] - Unable to find the element located by 'By.xpath: (//*[contains(text(),'UBC')])[1]'. Please recheck the objects properties to make sure the desired element is located. 

2021-05-04 18:38:11 - [MESSAGE][WARNING] - Object 'Object Repository/Canine/Filter/Study/Canine_Filter_Study-UBC_Chkbx' is not present after 10 second(s)

2021-05-04 18:38:11 - [TEST_STEP][PASSED] - ctdc.utilities.runtestcaseforKatalon.clickTab("Object Repository/Canine/Filter/Study/Canine_Filter_Study-UBC_Chkbx"): ctdc.utilities.runtestcaseforKatalon.clickTab is PASSED

2021-05-04 18:38:17 - [MESSAGE][PASSED] - ctdc.utilities.runtestcaseforKatalon.clickTab is PASSED

2021-05-04 18:38:17 - [TEST_STEP][PASSED] - Thread.sleep(2000): null

2021-05-04 18:38:19 - [TEST_STEP][PASSED] - waitForElementPresent(findTestObject("Object Repository/Canine/Filter/StageOfDisease/STAGEOFDISEASE_Ddn"), 10): Object 'Object Repository/Canine/Filter/StageOfDisease/STAGEOFDISEASE_Ddn' is not present after 10 second(s)

2021-05-04 18:38:32 - [MESSAGE][INFO] - Unable to find the element located by 'By.xpath: //*[@id='Stage of Disease']'. Please recheck the objects properties to make sure the desired element is located. 

2021-05-04 18:38:32 - [MESSAGE][WARNING] - Object 'Object Repository/Canine/Filter/StageOfDisease/STAGEOFDISEASE_Ddn' is not present after 10 second(s)

2021-05-04 18:38:32 - [TEST_STEP][PASSED] - ctdc.utilities.runtestcaseforKatalon.clickTab("Object Repository/Canine/Filter/StageOfDisease/STAGEOFDISEASE_Ddn"): ctdc.utilities.runtestcaseforKatalon.clickTab is PASSED

2021-05-04 18:38:36 - [MESSAGE][PASSED] - ctdc.utilities.runtestcaseforKatalon.clickTab is PASSED

2021-05-04 18:38:36 - [TEST_STEP][PASSED] - waitForElementPresent(findTestObject("Object Repository/Canine/Filter/StageOfDisease/NotApplicable_Chkbx"), 10): Object 'Object Repository/Canine/Filter/StageOfDisease/NotApplicable_Chkbx' is not present after 10 second(s)

2021-05-04 18:38:48 - [MESSAGE][INFO] - Unable to find the element located by 'By.xpath: (//*[contains(text(),'Not Applicable')])[2]'. Please recheck the objects properties to make sure the desired element is located. 

2021-05-04 18:38:48 - [MESSAGE][WARNING] - Object 'Object Repository/Canine/Filter/StageOfDisease/NotApplicable_Chkbx' is not present after 10 second(s)

2021-05-04 18:38:48 - [TEST_STEP][PASSED] - ctdc.utilities.runtestcaseforKatalon.clickTab("Object Repository/Canine/Filter/StageOfDisease/NotApplicable_Chkbx"): ctdc.utilities.runtestcaseforKatalon.clickTab is PASSED

2021-05-04 18:38:56 - [MESSAGE][PASSED] - ctdc.utilities.runtestcaseforKatalon.clickTab is PASSED

2021-05-04 18:38:56 - [TEST_STEP][PASSED] - waitForElementPresent(findTestObject("Object Repository/Canine/Filter/StageOfDisease/T3N0M1_Chkbx"), 10): Object 'Object Repository/Canine/Filter/StageOfDisease/T3N0M1_Chkbx' is not present after 10 second(s)

2021-05-04 18:39:08 - [MESSAGE][INFO] - Unable to find the element located by 'By.xpath: //*[contains(text(),'T3N0M1')]'. Please recheck the objects properties to make sure the desired element is located. 

2021-05-04 18:39:08 - [MESSAGE][WARNING] - Object 'Object Repository/Canine/Filter/StageOfDisease/T3N0M1_Chkbx' is not present after 10 second(s)

2021-05-04 18:39:08 - [TEST_STEP][PASSED] - ctdc.utilities.runtestcaseforKatalon.clickTab("Object Repository/Canine/Filter/StageOfDisease/T3N0M1_Chkbx"): ctdc.utilities.runtestcaseforKatalon.clickTab is PASSED

2021-05-04 18:39:37 - [MESSAGE][PASSED] - ctdc.utilities.runtestcaseforKatalon.clickTab is PASSED

2021-05-04 18:39:37 - [TEST_STEP][PASSED] - ctdc.utilities.runtestcaseforKatalon.clickTab("Object Repository/Canine/Filter/PrimDiseaseSite/PRIMARYDISEASESITE_Ddn"): ctdc.utilities.runtestcaseforKatalon.clickTab is PASSED

2021-05-04 18:39:57 - [MESSAGE][PASSED] - ctdc.utilities.runtestcaseforKatalon.clickTab is PASSED

2021-05-04 18:39:57 - [TEST_STEP][PASSED] - Thread.sleep(2000): null

2021-05-04 18:39:59 - [TEST_STEP][PASSED] - ctdc.utilities.runtestcaseforKatalon.readStatBarCanine("Object Repository/Canine/StatBar/Canine_StatBar-Studies", "Object Repository/Canine/StatBar/Canine_StatBar-Cases", "Object Repository/Canine/StatBar/Canine_StatBar-Samples", "Object Repository/Canine/StatBar/Canine_StatBar-Files", "Object Repository/Canine/StatBar/Canine_StatBar-Aliquots"): ctdc.utilities.runtestcaseforKatalon.readStatBarCanine is PASSED

2021-05-04 18:40:31 - [MESSAGE][PASSED] - ctdc.utilities.runtestcaseforKatalon.readStatBarCanine is PASSED

2021-05-04 18:40:31 - [TEST_STEP][PASSED] - waitForElementPresent(findTestObject("Object Repository/Canine/CanineResults_Cases_Tab"), 5): Object 'Object Repository/Canine/CanineResults_Cases_Tab' is not present after 5 second(s)

2021-05-04 18:40:39 - [MESSAGE][INFO] - Unable to find the element located by 'By.xpath: //*[@id="case_tab"]'. Please recheck the objects properties to make sure the desired element is located. 

2021-05-04 18:40:39 - [MESSAGE][WARNING] - Object 'Object Repository/Canine/CanineResults_Cases_Tab' is not present after 5 second(s)

2021-05-04 18:40:39 - [TEST_STEP][PASSED] - ctdc.utilities.runtestcaseforKatalon.clickTab("Object Repository/Canine/CanineResults_Cases_Tab"): ctdc.utilities.runtestcaseforKatalon.clickTab is PASSED

2021-05-04 18:40:46 - [MESSAGE][PASSED] - ctdc.utilities.runtestcaseforKatalon.clickTab is PASSED

2021-05-04 18:40:46 - [TEST_STEP][PASSED] - ctdc.utilities.runtestcaseforKatalon.multiFunction("ICDC", G_StatBar_Cases, "Object Repository/Canine/Canine_CasesTable", "Object Repository/Canine/Canine_TableHeader", "Object Repository/Canine/Canine_CasesTabNextBtn", G_WebTabnameCases, G_CypherTabnameCases, G_QueryCasesTab): Statbar Arms count matches

2021-05-04 18:46:40 - [MESSAGE][PASSED] - Statbar Files count matches

2021-05-04 18:46:40 - [MESSAGE][PASSED] - Statbar Samples count matches

2021-05-04 18:46:40 - [MESSAGE][PASSED] - Statbar Cases count matches

2021-05-04 18:46:40 - [MESSAGE][PASSED] - Statbar Arms count matches

2021-05-04 18:46:40 - [TEST_STEP][PASSED] - closeBrowser(): Browser is closed

2021-05-04 18:46:44 - [MESSAGE][PASSED] - Browser is closed]]></system-out>
         <system-err><![CDATA[]]></system-err>
      </testcase>
      <system-out><![CDATA[2021-05-04 15:43:22 - [TEST_SUITE][ERROR] - ICDC_NewStudy: Test Cases/Canine_TestCases/Study-Combinations/TC20_Canine_StudyUBC-Breed_Diagnosis_PrimDiseaseSite_RespToTreatmt FAILED.
Reason:
org.openqa.selenium.NoSuchElementException: no such element: Unable to locate element: {"method":"xpath","selector":"//*[contains(text(),'Progressive Disease')]"}
  (Session info: headless chrome=90.0.4430.93)
For documentation on this error, please visit: https://www.seleniumhq.org/exceptions/no_such_element.html
Build info: version: '3.141.59', revision: 'e82be7d358', time: '2018-11-14T08:25:53'
System info: host: 'NCI-02150368-L', ip: '10.243.136.136', os.name: 'Windows 10', os.arch: 'amd64', os.version: '10.0', java.version: '1.8.0_181'
Driver info: org.openqa.selenium.chrome.ChromeDriver
Capabilities {acceptInsecureCerts: false, browserName: chrome, browserVersion: 90.0.4430.93, chrome: {chromedriverVersion: 89.0.4389.23 (61b08ee2c5002..., userDataDir: C:\Users\RADHAK~1\AppData\L...}, goog:chromeOptions: {debuggerAddress: localhost:63779}, javascriptEnabled: true, networkConnectionEnabled: false, pageLoadStrategy: normal, platform: WINDOWS, platformName: WINDOWS, proxy: Proxy(), setWindowRect: true, strictFileInteractability: false, timeouts: {implicit: 0, pageLoad: 300000, script: 30000}, unhandledPromptBehavior: dismiss and notify, webauthn:extension:largeBlob: true, webauthn:virtualAuthenticators: true}
Session ID: 6ccbfa3ef650cf62155767f1560d765d
*** Element info: {Using=xpath, value=//*[contains(text(),'Progressive Disease')]}
	at org.openqa.selenium.remote.http.W3CHttpResponseCodec.createException(W3CHttpResponseCodec.java:187)
	at org.openqa.selenium.remote.http.W3CHttpResponseCodec.decode(W3CHttpResponseCodec.java:122)
	at org.openqa.selenium.remote.http.W3CHttpResponseCodec.decode(W3CHttpResponseCodec.java:49)
	at org.openqa.selenium.remote.HttpCommandExecutor.execute(HttpCommandExecutor.java:158)
	at org.openqa.selenium.remote.service.DriverCommandExecutor.execute(DriverCommandExecutor.java:83)
	at org.openqa.selenium.remote.RemoteWebDriver.execute(RemoteWebDriver.java:552)
	at org.openqa.selenium.remote.RemoteWebDriver.findElement(RemoteWebDriver.java:323)
	at org.openqa.selenium.remote.RemoteWebDriver.findElementByXPath(RemoteWebDriver.java:428)
	at org.openqa.selenium.By$ByXPath.findElement(By.java:353)
	at org.openqa.selenium.remote.RemoteWebDriver.findElement(RemoteWebDriver.java:315)
	at org.openqa.selenium.WebDriver$findElement$1.call(Unknown Source)
	at ctdc.utilities.runtestcaseforKatalon.clickTab(runtestcaseforKatalon.groovy:1007)
	at ctdc.utilities.runtestcaseforKatalon.invokeMethod(runtestcaseforKatalon.groovy)
	at com.kms.katalon.core.main.CustomKeywordDelegatingMetaClass.invokeStaticMethod(CustomKeywordDelegatingMetaClass.java:50)
	at TC20_Canine_StudyUBC-Breed_Diagnosis_PrimDiseaseSite_RespToTreatmt.run(TC20_Canine_StudyUBC-Breed_Diagnosis_PrimDiseaseSite_RespToTreatmt:99)
	at com.kms.katalon.core.main.ScriptEngine.run(ScriptEngine.java:194)
	at com.kms.katalon.core.main.ScriptEngine.runScriptAsRawText(ScriptEngine.java:119)
	at com.kms.katalon.core.main.TestCaseExecutor.runScript(TestCaseExecutor.java:339)
	at com.kms.katalon.core.main.TestCaseExecutor.doExecute(TestCaseExecutor.java:330)
	at com.kms.katalon.core.main.TestCaseExecutor.processExecutionPhase(TestCaseExecutor.java:309)
	at com.kms.katalon.core.main.TestCaseExecutor.accessMainPhase(TestCaseExecutor.java:301)
	at com.kms.katalon.core.main.TestCaseExecutor.execute(TestCaseExecutor.java:235)
	at com.kms.katalon.core.main.TestSuiteExecutor.accessTestCaseMainPhase(TestSuiteExecutor.java:191)
	at com.kms.katalon.core.main.TestSuiteExecutor.accessTestSuiteMainPhase(TestSuiteExecutor.java:141)
	at com.kms.katalon.core.main.TestSuiteExecutor.execute(TestSuiteExecutor.java:90)
	at com.kms.katalon.core.main.TestCaseMain.startTestSuite(TestCaseMain.java:157)
	at com.kms.katalon.core.main.TestCaseMain$startTestSuite$0.call(Unknown Source)
	at TempTestSuite1620168198687.run(TempTestSuite1620168198687.groovy:39)]]></system-out>
      <system-err><![CDATA[2021-05-04 15:43:22 - [TEST_SUITE][ERROR] - ICDC_NewStudy: Test Cases/Canine_TestCases/Study-Combinations/TC20_Canine_StudyUBC-Breed_Diagnosis_PrimDiseaseSite_RespToTreatmt FAILED.
Reason:
org.openqa.selenium.NoSuchElementException: no such element: Unable to locate element: {"method":"xpath","selector":"//*[contains(text(),'Progressive Disease')]"}
  (Session info: headless chrome=90.0.4430.93)
For documentation on this error, please visit: https://www.seleniumhq.org/exceptions/no_such_element.html
Build info: version: '3.141.59', revision: 'e82be7d358', time: '2018-11-14T08:25:53'
System info: host: 'NCI-02150368-L', ip: '10.243.136.136', os.name: 'Windows 10', os.arch: 'amd64', os.version: '10.0', java.version: '1.8.0_181'
Driver info: org.openqa.selenium.chrome.ChromeDriver
Capabilities {acceptInsecureCerts: false, browserName: chrome, browserVersion: 90.0.4430.93, chrome: {chromedriverVersion: 89.0.4389.23 (61b08ee2c5002..., userDataDir: C:\Users\RADHAK~1\AppData\L...}, goog:chromeOptions: {debuggerAddress: localhost:63779}, javascriptEnabled: true, networkConnectionEnabled: false, pageLoadStrategy: normal, platform: WINDOWS, platformName: WINDOWS, proxy: Proxy(), setWindowRect: true, strictFileInteractability: false, timeouts: {implicit: 0, pageLoad: 300000, script: 30000}, unhandledPromptBehavior: dismiss and notify, webauthn:extension:largeBlob: true, webauthn:virtualAuthenticators: true}
Session ID: 6ccbfa3ef650cf62155767f1560d765d
*** Element info: {Using=xpath, value=//*[contains(text(),'Progressive Disease')]}
	at org.openqa.selenium.remote.http.W3CHttpResponseCodec.createException(W3CHttpResponseCodec.java:187)
	at org.openqa.selenium.remote.http.W3CHttpResponseCodec.decode(W3CHttpResponseCodec.java:122)
	at org.openqa.selenium.remote.http.W3CHttpResponseCodec.decode(W3CHttpResponseCodec.java:49)
	at org.openqa.selenium.remote.HttpCommandExecutor.execute(HttpCommandExecutor.java:158)
	at org.openqa.selenium.remote.service.DriverCommandExecutor.execute(DriverCommandExecutor.java:83)
	at org.openqa.selenium.remote.RemoteWebDriver.execute(RemoteWebDriver.java:552)
	at org.openqa.selenium.remote.RemoteWebDriver.findElement(RemoteWebDriver.java:323)
	at org.openqa.selenium.remote.RemoteWebDriver.findElementByXPath(RemoteWebDriver.java:428)
	at org.openqa.selenium.By$ByXPath.findElement(By.java:353)
	at org.openqa.selenium.remote.RemoteWebDriver.findElement(RemoteWebDriver.java:315)
	at org.openqa.selenium.WebDriver$findElement$1.call(Unknown Source)
	at ctdc.utilities.runtestcaseforKatalon.clickTab(runtestcaseforKatalon.groovy:1007)
	at ctdc.utilities.runtestcaseforKatalon.invokeMethod(runtestcaseforKatalon.groovy)
	at com.kms.katalon.core.main.CustomKeywordDelegatingMetaClass.invokeStaticMethod(CustomKeywordDelegatingMetaClass.java:50)
	at TC20_Canine_StudyUBC-Breed_Diagnosis_PrimDiseaseSite_RespToTreatmt.run(TC20_Canine_StudyUBC-Breed_Diagnosis_PrimDiseaseSite_RespToTreatmt:99)
	at com.kms.katalon.core.main.ScriptEngine.run(ScriptEngine.java:194)
	at com.kms.katalon.core.main.ScriptEngine.runScriptAsRawText(ScriptEngine.java:119)
	at com.kms.katalon.core.main.TestCaseExecutor.runScript(TestCaseExecutor.java:339)
	at com.kms.katalon.core.main.TestCaseExecutor.doExecute(TestCaseExecutor.java:330)
	at com.kms.katalon.core.main.TestCaseExecutor.processExecutionPhase(TestCaseExecutor.java:309)
	at com.kms.katalon.core.main.TestCaseExecutor.accessMainPhase(TestCaseExecutor.java:301)
	at com.kms.katalon.core.main.TestCaseExecutor.execute(TestCaseExecutor.java:235)
	at com.kms.katalon.core.main.TestSuiteExecutor.accessTestCaseMainPhase(TestSuiteExecutor.java:191)
	at com.kms.katalon.core.main.TestSuiteExecutor.accessTestSuiteMainPhase(TestSuiteExecutor.java:141)
	at com.kms.katalon.core.main.TestSuiteExecutor.execute(TestSuiteExecutor.java:90)
	at com.kms.katalon.core.main.TestCaseMain.startTestSuite(TestCaseMain.java:157)
	at com.kms.katalon.core.main.TestCaseMain$startTestSuite$0.call(Unknown Source)
	at TempTestSuite1620168198687.run(TempTestSuite1620168198687.groovy:39)]]></system-err>
   </testsuite>
</testsuites>
