<?xml version="1.0" encoding="UTF-8"?>
<testsuites name="ICDC_Filters_Regression_2" time="9388.315" tests="30" failures="0" errors="0">
   <testsuite name="ICDC_Filters_Regression_2" tests="30" failures="0" errors="0" time="9388.315" skipped="0" timestamp="2021-07-29 18:19:55" hostname="sohilz2 - host.docker.internal" id="Test Suites/ICDC_Filters_Regression_2">
      <properties>
         <property name="deviceName" value=""/>
         <property name="devicePlatform" value=""/>
         <property name="logFolder" value="C:\\Users\\sohilz2\\Commons_Automation\\Reports\\20210729_181951\\ICDC_Filters_Regression_2\\20210729_181951"/>
         <property name="logFiles" value="C:\\Users\\sohilz2\\Commons_Automation\\Reports\\20210729_181951\\ICDC_Filters_Regression_2\\20210729_181951\\execution0.log"/>
         <property name="attachments" value=""/>
         <property name="hostName" value="sohilz2 - host.docker.internal"/>
         <property name="os" value="Windows 10 64bit"/>
         <property name="katalonVersion" value="8.0.5.208"/>
         <property name="browser" value="Chrome 91.0.4472.164"/>
         <property name="hostAddress" value="192.168.0.86"/>
         <property name="sessionId" value="0fe607485dc6825790ee1af654f2baf7"/>
         <property name="seleniumVersion" value="3.141.59"/>
         <property name="proxyInformation" value="ProxyInformation { proxyOption=NO_PROXY, proxyServerType=HTTP, username=, password=********, proxyServerAddress=, proxyServerPort=0, executionList=&quot;&quot;, isApplyToDesiredCapabilities=true }"/>
         <property name="platform" value="Windows 10"/>
      </properties>
      <testcase name="Test Cases/Canine_TestCases/SamplePathology/TC01_Canine_Filter_SamplePatho-Astrocytoma" time="217.899" classname="Test Cases/Canine_TestCases/SamplePathology/TC01_Canine_Filter_SamplePatho-Astrocytoma" status="PASSED">
         <system-out><![CDATA[2021-07-29 18:19:56 - [TEST_CASE][PASSED] - Test Cases/Canine_TestCases/SamplePathology/TC01_Canine_Filter_SamplePatho-Astrocytoma: Test Cases/Canine_TestCases/SamplePathology/TC01_Canine_Filter_SamplePatho-Astrocytoma

2021-07-29 18:19:56 - [TEST_STEP][PASSED] - Start listener action : getTestScriptName: null

2021-07-29 18:19:56 - [TEST_STEP][PASSED] - TestCaseId = testCaseContext.getTestCaseId(): null

2021-07-29 18:19:56 - [TEST_STEP][PASSED] - out.println("**********this is the value of test case id string******** " + testCaseContext.getTestCaseId()): null

2021-07-29 18:19:56 - [TEST_STEP][PASSED] - G_currentTCName = TestCaseId.substring(TestCaseId.lastIndexOf("TC")): null

2021-07-29 18:19:56 - [TEST_STEP][PASSED] - out.println("This is the test case name : " + G_currentTCName): null

2021-07-29 18:19:56 - [TEST_STEP][PASSED] - closeBrowser(): Browser is closed

2021-07-29 18:19:57 - [MESSAGE][PASSED] - Browser is closed

2021-07-29 18:19:57 - [TEST_STEP][PASSED] - ctdc.utilities.runtestcaseforKatalon.RunKatalon("TC01_Canine_Filter_SamplePatho-Astrocytoma.xlsx"): Data loaded from input file for the test case. 

2021-07-29 18:19:57 - [MESSAGE][PASSED] - Test case file loaded This is the full filepath after converting to string :C:\Users\sohilz2\Commons_Automation\InputFiles\TC01_Canine_Filter_SamplePatho-Astrocytoma.xlsx

2021-07-29 18:19:57 - [MESSAGE][INFO] - Global variable set for password file is :  C:\Users\sohilz2\Commons_Automation\InputFiles\TC01_Canine_Filter_SamplePatho-Astrocytoma.xlsx

2021-07-29 18:20:01 - [MESSAGE][PASSED] - Data loaded from input file for the test case. 

2021-07-29 18:20:21 - [TEST_STEP][PASSED] - waitForElementPresent(findTestObject("Canine/NavBar/Canine_Cases_Btn"), 5): Object 'Object Repository/Canine/NavBar/Canine_Cases_Btn' is present

2021-07-29 18:20:21 - [MESSAGE][PASSED] - Object 'Object Repository/Canine/NavBar/Canine_Cases_Btn' is present

2021-07-29 18:20:21 - [TEST_STEP][PASSED] - click(findTestObject("Canine/NavBar/Canine_Cases_Btn")): Object: 'Object Repository/Canine/NavBar/Canine_Cases_Btn' is clicked on

2021-07-29 18:20:21 - [MESSAGE][PASSED] - Object: 'Object Repository/Canine/NavBar/Canine_Cases_Btn' is clicked on

2021-07-29 18:20:21 - [TEST_STEP][PASSED] - click(findTestObject("Bento/Cases_page/Filter/FilterBySamples_Facet")): Object: 'Object Repository/Bento/Cases_page/Filter/FilterBySamples_Facet' is clicked on

2021-07-29 18:20:22 - [MESSAGE][PASSED] - Object: 'Object Repository/Bento/Cases_page/Filter/FilterBySamples_Facet' is clicked on

2021-07-29 18:20:22 - [TEST_STEP][PASSED] - waitForElementPresent(findTestObject("Object Repository/Canine/Filter/SamplePathology/SAMPLEPATHOLOGY_Ddn"), 5): Object 'Object Repository/Canine/Filter/SamplePathology/SAMPLEPATHOLOGY_Ddn' is present

2021-07-29 18:20:22 - [MESSAGE][PASSED] - Object 'Object Repository/Canine/Filter/SamplePathology/SAMPLEPATHOLOGY_Ddn' is present

2021-07-29 18:20:22 - [TEST_STEP][PASSED] - ctdc.utilities.runtestcaseforKatalon.clickTab("Object Repository/Canine/Filter/SamplePathology/SAMPLEPATHOLOGY_Ddn"): ctdc.utilities.runtestcaseforKatalon.clickTab is PASSED

2021-07-29 18:20:23 - [MESSAGE][PASSED] - ctdc.utilities.runtestcaseforKatalon.clickTab is PASSED

2021-07-29 18:20:23 - [TEST_STEP][PASSED] - ctdc.utilities.runtestcaseforKatalon.clickTabCanineStat("Object Repository/Canine/Filter/SamplePathology/Astrocytoma_Chkbx"): ctdc.utilities.runtestcaseforKatalon.clickTabCanineStat is PASSED

2021-07-29 18:20:25 - [MESSAGE][PASSED] - ctdc.utilities.runtestcaseforKatalon.clickTabCanineStat is PASSED

2021-07-29 18:20:25 - [TEST_STEP][PASSED] - ctdc.utilities.runtestcaseforKatalon.readStatBarCanine("Object Repository/Canine/StatBar/Canine_StatBar-Studies", "Object Repository/Canine/StatBar/Canine_StatBar-Cases", "Object Repository/Canine/StatBar/Canine_StatBar-Samples", "Object Repository/Canine/StatBar/Canine_StatBar-Files", "Object Repository/Canine/StatBar/Canine_StatBar-Aliquots"): ctdc.utilities.runtestcaseforKatalon.readStatBarCanine is PASSED

2021-07-29 18:20:41 - [MESSAGE][PASSED] - ctdc.utilities.runtestcaseforKatalon.readStatBarCanine is PASSED

2021-07-29 18:20:41 - [TEST_STEP][PASSED] - waitForElementPresent(findTestObject("Object Repository/Canine/CanineResults_Cases_Tab"), 5): Object 'Object Repository/Canine/CanineResults_Cases_Tab' is present

2021-07-29 18:20:41 - [MESSAGE][PASSED] - Object 'Object Repository/Canine/CanineResults_Cases_Tab' is present

2021-07-29 18:20:41 - [TEST_STEP][PASSED] - ctdc.utilities.runtestcaseforKatalon.clickTab("Object Repository/Canine/CanineResults_Cases_Tab"): ctdc.utilities.runtestcaseforKatalon.clickTab is PASSED

2021-07-29 18:20:41 - [MESSAGE][PASSED] - ctdc.utilities.runtestcaseforKatalon.clickTab is PASSED

2021-07-29 18:20:41 - [TEST_STEP][PASSED] - ctdc.utilities.runtestcaseforKatalon.multiFunction("ICDC", G_StatBar_Cases, "Object Repository/Canine/Canine_CasesTable", "Object Repository/Canine/Canine_TableHeader", "Object Repository/Canine/Canine_CasesTabNextBtn", G_WebTabnameCases, G_CypherTabnameCases, G_QueryCasesTab): Statbar Arms count matches

2021-07-29 18:21:29 - [MESSAGE][PASSED] - Statbar Files count matches

2021-07-29 18:21:29 - [MESSAGE][PASSED] - Statbar Samples count matches

2021-07-29 18:21:29 - [MESSAGE][PASSED] - Statbar Cases count matches

2021-07-29 18:21:29 - [MESSAGE][PASSED] - Statbar Arms count matches

2021-07-29 18:21:29 - [TEST_STEP][PASSED] - waitForElementPresent(findTestObject("Object Repository/Canine/CanineResults_Samples_Tab"), 5): Object 'Object Repository/Canine/CanineResults_Samples_Tab' is present

2021-07-29 18:21:29 - [MESSAGE][PASSED] - Object 'Object Repository/Canine/CanineResults_Samples_Tab' is present

2021-07-29 18:21:29 - [TEST_STEP][PASSED] - ctdc.utilities.runtestcaseforKatalon.clickTab("Object Repository/Canine/CanineResults_Samples_Tab"): ctdc.utilities.runtestcaseforKatalon.clickTab is PASSED

2021-07-29 18:21:29 - [MESSAGE][PASSED] - ctdc.utilities.runtestcaseforKatalon.clickTab is PASSED

2021-07-29 18:21:29 - [TEST_STEP][PASSED] - ctdc.utilities.runtestcaseforKatalon.multiFunction("ICDC", G_StatBar_Samples, "Object Repository/Canine/Canine_Samples_Table", "Object Repository/Canine/Canine_Samples_TableHdr", "Object Repository/Canine/Canine_SamplesTabNextBtn", G_WebTabnameSamples, G_CypherTabnameSamples, G_QuerySamplesTab): Statbar Arms count matches

2021-07-29 18:23:33 - [MESSAGE][PASSED] - Statbar Files count matches

2021-07-29 18:23:33 - [MESSAGE][PASSED] - Statbar Samples count matches

2021-07-29 18:23:33 - [MESSAGE][PASSED] - Statbar Cases count matches

2021-07-29 18:23:33 - [MESSAGE][PASSED] - Statbar Arms count matches

2021-07-29 18:23:33 - [TEST_STEP][PASSED] - closeBrowser(): Browser is closed

2021-07-29 18:23:34 - [MESSAGE][PASSED] - Browser is closed]]></system-out>
         <system-err><![CDATA[]]></system-err>
      </testcase>
      <testcase name="Test Cases/Canine_TestCases/SamplePathology/TC02_Canine_Filter_SamplePatho-BCellLymphoma" time="145.764" classname="Test Cases/Canine_TestCases/SamplePathology/TC02_Canine_Filter_SamplePatho-BCellLymphoma" status="PASSED">
         <system-out><![CDATA[2021-07-29 18:23:34 - [TEST_CASE][PASSED] - Test Cases/Canine_TestCases/SamplePathology/TC02_Canine_Filter_SamplePatho-BCellLymphoma: Test Cases/Canine_TestCases/SamplePathology/TC02_Canine_Filter_SamplePatho-BCellLymphoma

2021-07-29 18:23:34 - [TEST_STEP][PASSED] - Start listener action : getTestScriptName: null

2021-07-29 18:23:34 - [TEST_STEP][PASSED] - TestCaseId = testCaseContext.getTestCaseId(): null

2021-07-29 18:23:34 - [TEST_STEP][PASSED] - out.println("**********this is the value of test case id string******** " + testCaseContext.getTestCaseId()): null

2021-07-29 18:23:34 - [TEST_STEP][PASSED] - G_currentTCName = TestCaseId.substring(TestCaseId.lastIndexOf("TC")): null

2021-07-29 18:23:34 - [TEST_STEP][PASSED] - out.println("This is the test case name : " + G_currentTCName): null

2021-07-29 18:23:34 - [TEST_STEP][PASSED] - closeBrowser(): Browser is closed

2021-07-29 18:23:34 - [MESSAGE][PASSED] - Browser is closed

2021-07-29 18:23:34 - [TEST_STEP][PASSED] - ctdc.utilities.runtestcaseforKatalon.RunKatalon("TC02_Canine_Filter_SamplePatho-BCellLymphoma.xlsx"): Data loaded from input file for the test case. 

2021-07-29 18:23:34 - [MESSAGE][PASSED] - Test case file loaded This is the full filepath after converting to string :C:\Users\sohilz2\Commons_Automation\InputFiles\TC02_Canine_Filter_SamplePatho-BCellLymphoma.xlsx

2021-07-29 18:23:34 - [MESSAGE][INFO] - Global variable set for password file is :  C:\Users\sohilz2\Commons_Automation\InputFiles\TC02_Canine_Filter_SamplePatho-BCellLymphoma.xlsx

2021-07-29 18:23:39 - [MESSAGE][PASSED] - Data loaded from input file for the test case. 

2021-07-29 18:23:45 - [TEST_STEP][PASSED] - click(findTestObject("Canine/NavBar/Canine_Cases_Btn")): Object: 'Object Repository/Canine/NavBar/Canine_Cases_Btn' is clicked on

2021-07-29 18:23:45 - [MESSAGE][PASSED] - Object: 'Object Repository/Canine/NavBar/Canine_Cases_Btn' is clicked on

2021-07-29 18:23:45 - [TEST_STEP][PASSED] - click(findTestObject("Bento/Cases_page/Filter/FilterBySamples_Facet")): Object: 'Object Repository/Bento/Cases_page/Filter/FilterBySamples_Facet' is clicked on

2021-07-29 18:23:47 - [MESSAGE][PASSED] - Object: 'Object Repository/Bento/Cases_page/Filter/FilterBySamples_Facet' is clicked on

2021-07-29 18:23:47 - [TEST_STEP][PASSED] - waitForElementPresent(findTestObject("Object Repository/Canine/Filter/SamplePathology/SAMPLEPATHOLOGY_Ddn"), 5): Object 'Object Repository/Canine/Filter/SamplePathology/SAMPLEPATHOLOGY_Ddn' is present

2021-07-29 18:23:47 - [MESSAGE][PASSED] - Object 'Object Repository/Canine/Filter/SamplePathology/SAMPLEPATHOLOGY_Ddn' is present

2021-07-29 18:23:47 - [TEST_STEP][PASSED] - ctdc.utilities.runtestcaseforKatalon.clickTabCanineStat("Object Repository/Canine/Filter/SamplePathology/SAMPLEPATHOLOGY_Ddn"): ctdc.utilities.runtestcaseforKatalon.clickTabCanineStat is PASSED

2021-07-29 18:23:49 - [MESSAGE][PASSED] - ctdc.utilities.runtestcaseforKatalon.clickTabCanineStat is PASSED

2021-07-29 18:23:49 - [TEST_STEP][PASSED] - ctdc.utilities.runtestcaseforKatalon.clickTabCanineStat("Object Repository/Canine/Filter/SamplePathology/BCellLymphoma_Chkbx"): ctdc.utilities.runtestcaseforKatalon.clickTabCanineStat is PASSED

2021-07-29 18:23:51 - [MESSAGE][PASSED] - ctdc.utilities.runtestcaseforKatalon.clickTabCanineStat is PASSED

2021-07-29 18:23:51 - [TEST_STEP][PASSED] - ctdc.utilities.runtestcaseforKatalon.readStatBarCanine("Object Repository/Canine/StatBar/Canine_StatBar-Studies", "Object Repository/Canine/StatBar/Canine_StatBar-Cases", "Object Repository/Canine/StatBar/Canine_StatBar-Samples", "Object Repository/Canine/StatBar/Canine_StatBar-Files", "Object Repository/Canine/StatBar/Canine_StatBar-Aliquots"): ctdc.utilities.runtestcaseforKatalon.readStatBarCanine is PASSED

2021-07-29 18:24:06 - [MESSAGE][PASSED] - ctdc.utilities.runtestcaseforKatalon.readStatBarCanine is PASSED

2021-07-29 18:24:06 - [TEST_STEP][PASSED] - waitForElementPresent(findTestObject("Object Repository/Canine/CanineResults_Cases_Tab"), 5): Object 'Object Repository/Canine/CanineResults_Cases_Tab' is present

2021-07-29 18:24:06 - [MESSAGE][PASSED] - Object 'Object Repository/Canine/CanineResults_Cases_Tab' is present

2021-07-29 18:24:06 - [TEST_STEP][PASSED] - ctdc.utilities.runtestcaseforKatalon.clickTab("Object Repository/Canine/CanineResults_Cases_Tab"): ctdc.utilities.runtestcaseforKatalon.clickTab is PASSED

2021-07-29 18:24:06 - [MESSAGE][PASSED] - ctdc.utilities.runtestcaseforKatalon.clickTab is PASSED

2021-07-29 18:24:06 - [TEST_STEP][PASSED] - ctdc.utilities.runtestcaseforKatalon.multiFunction("ICDC", G_StatBar_Cases, "Object Repository/Canine/Canine_CasesTable", "Object Repository/Canine/Canine_TableHeader", "Object Repository/Canine/Canine_CasesTabNextBtn", G_WebTabnameCases, G_CypherTabnameCases, G_QueryCasesTab): Statbar Arms count matches

2021-07-29 18:24:34 - [MESSAGE][PASSED] - Statbar Files count matches

2021-07-29 18:24:34 - [MESSAGE][PASSED] - Statbar Samples count matches

2021-07-29 18:24:34 - [MESSAGE][PASSED] - Statbar Cases count matches

2021-07-29 18:24:34 - [MESSAGE][PASSED] - Statbar Arms count matches

2021-07-29 18:24:34 - [TEST_STEP][PASSED] - waitForElementPresent(findTestObject("Object Repository/Canine/CanineResults_Samples_Tab"), 5): Object 'Object Repository/Canine/CanineResults_Samples_Tab' is present

2021-07-29 18:24:34 - [MESSAGE][PASSED] - Object 'Object Repository/Canine/CanineResults_Samples_Tab' is present

2021-07-29 18:24:34 - [TEST_STEP][PASSED] - ctdc.utilities.runtestcaseforKatalon.clickTab("Object Repository/Canine/CanineResults_Samples_Tab"): ctdc.utilities.runtestcaseforKatalon.clickTab is PASSED

2021-07-29 18:24:34 - [MESSAGE][PASSED] - ctdc.utilities.runtestcaseforKatalon.clickTab is PASSED

2021-07-29 18:24:34 - [TEST_STEP][PASSED] - ctdc.utilities.runtestcaseforKatalon.multiFunction("ICDC", G_StatBar_Samples, "Object Repository/Canine/Canine_Samples_Table", "Object Repository/Canine/Canine_Samples_TableHdr", "Object Repository/Canine/Canine_SamplesTabNextBtn", G_WebTabnameSamples, G_CypherTabnameSamples, G_QuerySamplesTab): Statbar Arms count matches

2021-07-29 18:25:03 - [MESSAGE][PASSED] - Statbar Files count matches

2021-07-29 18:25:03 - [MESSAGE][PASSED] - Statbar Samples count matches

2021-07-29 18:25:03 - [MESSAGE][PASSED] - Statbar Cases count matches

2021-07-29 18:25:03 - [MESSAGE][PASSED] - Statbar Arms count matches

2021-07-29 18:25:03 - [TEST_STEP][PASSED] - waitForElementPresent(findTestObject("Object Repository/Canine/CanineResults_Files_Tab"), 5): Object 'Object Repository/Canine/CanineResults_Files_Tab' is present

2021-07-29 18:25:03 - [MESSAGE][PASSED] - Object 'Object Repository/Canine/CanineResults_Files_Tab' is present

2021-07-29 18:25:03 - [TEST_STEP][PASSED] - ctdc.utilities.runtestcaseforKatalon.clickTab("Object Repository/Canine/CanineResults_Files_Tab"): ctdc.utilities.runtestcaseforKatalon.clickTab is PASSED

2021-07-29 18:25:03 - [MESSAGE][PASSED] - ctdc.utilities.runtestcaseforKatalon.clickTab is PASSED

2021-07-29 18:25:03 - [TEST_STEP][PASSED] - ctdc.utilities.runtestcaseforKatalon.multiFunction("ICDC", G_StatBar_Files, "Object Repository/Canine/Canine_Files_Table", "Object Repository/Canine/Canine_Files_TableHdr", "Object Repository/Canine/Canine_FilesTabNextBtn", G_WebTabnameFiles, G_CypherTabnameFiles, G_QueryFilesTab): Statbar Arms count matches

2021-07-29 18:25:59 - [MESSAGE][PASSED] - Statbar Files count matches

2021-07-29 18:25:59 - [MESSAGE][PASSED] - Statbar Samples count matches

2021-07-29 18:25:59 - [MESSAGE][PASSED] - Statbar Cases count matches

2021-07-29 18:25:59 - [MESSAGE][PASSED] - Statbar Arms count matches

2021-07-29 18:25:59 - [TEST_STEP][PASSED] - closeBrowser(): Browser is closed

2021-07-29 18:26:00 - [MESSAGE][PASSED] - Browser is closed]]></system-out>
         <system-err><![CDATA[]]></system-err>
      </testcase>
      <testcase name="Test Cases/Canine_TestCases/SamplePathology/TC03_Canine_Filter_SamplePatho-Lymphoma" time="79.033" classname="Test Cases/Canine_TestCases/SamplePathology/TC03_Canine_Filter_SamplePatho-Lymphoma" status="PASSED">
         <system-out><![CDATA[2021-07-29 18:26:00 - [TEST_CASE][PASSED] - Test Cases/Canine_TestCases/SamplePathology/TC03_Canine_Filter_SamplePatho-Lymphoma: Test Cases/Canine_TestCases/SamplePathology/TC03_Canine_Filter_SamplePatho-Lymphoma

2021-07-29 18:26:00 - [TEST_STEP][PASSED] - Start listener action : getTestScriptName: null

2021-07-29 18:26:00 - [TEST_STEP][PASSED] - TestCaseId = testCaseContext.getTestCaseId(): null

2021-07-29 18:26:00 - [TEST_STEP][PASSED] - out.println("**********this is the value of test case id string******** " + testCaseContext.getTestCaseId()): null

2021-07-29 18:26:00 - [TEST_STEP][PASSED] - G_currentTCName = TestCaseId.substring(TestCaseId.lastIndexOf("TC")): null

2021-07-29 18:26:00 - [TEST_STEP][PASSED] - out.println("This is the test case name : " + G_currentTCName): null

2021-07-29 18:26:00 - [TEST_STEP][PASSED] - closeBrowser(): Browser is closed

2021-07-29 18:26:00 - [MESSAGE][PASSED] - Browser is closed

2021-07-29 18:26:00 - [TEST_STEP][PASSED] - ctdc.utilities.runtestcaseforKatalon.RunKatalon("TC03_Canine_Filter_SamplePatho-Lymphoma.xlsx"): Data loaded from input file for the test case. 

2021-07-29 18:26:00 - [MESSAGE][PASSED] - Test case file loaded This is the full filepath after converting to string :C:\Users\sohilz2\Commons_Automation\InputFiles\TC03_Canine_Filter_SamplePatho-Lymphoma.xlsx

2021-07-29 18:26:00 - [MESSAGE][INFO] - Global variable set for password file is :  C:\Users\sohilz2\Commons_Automation\InputFiles\TC03_Canine_Filter_SamplePatho-Lymphoma.xlsx

2021-07-29 18:26:04 - [MESSAGE][PASSED] - Data loaded from input file for the test case. 

2021-07-29 18:26:11 - [TEST_STEP][PASSED] - waitForElementPresent(findTestObject("Canine/NavBar/Canine_Cases_Btn"), 5): Object 'Object Repository/Canine/NavBar/Canine_Cases_Btn' is present

2021-07-29 18:26:11 - [MESSAGE][PASSED] - Object 'Object Repository/Canine/NavBar/Canine_Cases_Btn' is present

2021-07-29 18:26:11 - [TEST_STEP][PASSED] - click(findTestObject("Canine/NavBar/Canine_Cases_Btn")): Object: 'Object Repository/Canine/NavBar/Canine_Cases_Btn' is clicked on

2021-07-29 18:26:11 - [MESSAGE][PASSED] - Object: 'Object Repository/Canine/NavBar/Canine_Cases_Btn' is clicked on

2021-07-29 18:26:11 - [TEST_STEP][PASSED] - click(findTestObject("Bento/Cases_page/Filter/FilterBySamples_Facet")): Object: 'Object Repository/Bento/Cases_page/Filter/FilterBySamples_Facet' is clicked on

2021-07-29 18:26:12 - [MESSAGE][PASSED] - Object: 'Object Repository/Bento/Cases_page/Filter/FilterBySamples_Facet' is clicked on

2021-07-29 18:26:12 - [TEST_STEP][PASSED] - waitForElementPresent(findTestObject("Object Repository/Canine/Filter/SamplePathology/SAMPLEPATHOLOGY_Ddn"), 5): Object 'Object Repository/Canine/Filter/SamplePathology/SAMPLEPATHOLOGY_Ddn' is present

2021-07-29 18:26:13 - [MESSAGE][PASSED] - Object 'Object Repository/Canine/Filter/SamplePathology/SAMPLEPATHOLOGY_Ddn' is present

2021-07-29 18:26:13 - [TEST_STEP][PASSED] - ctdc.utilities.runtestcaseforKatalon.clickTabCanineStat("Object Repository/Canine/Filter/SamplePathology/SAMPLEPATHOLOGY_Ddn"): ctdc.utilities.runtestcaseforKatalon.clickTabCanineStat is PASSED

2021-07-29 18:26:14 - [MESSAGE][PASSED] - ctdc.utilities.runtestcaseforKatalon.clickTabCanineStat is PASSED

2021-07-29 18:26:14 - [TEST_STEP][PASSED] - ctdc.utilities.runtestcaseforKatalon.clickTabCanineStat("Object Repository/Canine/Filter/SamplePathology/Lymphoma_Chkbx"): ctdc.utilities.runtestcaseforKatalon.clickTabCanineStat is PASSED

2021-07-29 18:26:16 - [MESSAGE][PASSED] - ctdc.utilities.runtestcaseforKatalon.clickTabCanineStat is PASSED

2021-07-29 18:26:16 - [TEST_STEP][PASSED] - ctdc.utilities.runtestcaseforKatalon.readStatBarCanine("Object Repository/Canine/StatBar/Canine_StatBar-Studies", "Object Repository/Canine/StatBar/Canine_StatBar-Cases", "Object Repository/Canine/StatBar/Canine_StatBar-Samples", "Object Repository/Canine/StatBar/Canine_StatBar-Files", "Object Repository/Canine/StatBar/Canine_StatBar-Aliquots"): ctdc.utilities.runtestcaseforKatalon.readStatBarCanine is PASSED

2021-07-29 18:26:32 - [MESSAGE][PASSED] - ctdc.utilities.runtestcaseforKatalon.readStatBarCanine is PASSED

2021-07-29 18:26:32 - [TEST_STEP][PASSED] - waitForElementPresent(findTestObject("Object Repository/Canine/CanineResults_Cases_Tab"), 5): Object 'Object Repository/Canine/CanineResults_Cases_Tab' is present

2021-07-29 18:26:32 - [MESSAGE][PASSED] - Object 'Object Repository/Canine/CanineResults_Cases_Tab' is present

2021-07-29 18:26:32 - [TEST_STEP][PASSED] - ctdc.utilities.runtestcaseforKatalon.clickTab("Object Repository/Canine/CanineResults_Cases_Tab"): ctdc.utilities.runtestcaseforKatalon.clickTab is PASSED

2021-07-29 18:26:32 - [MESSAGE][PASSED] - ctdc.utilities.runtestcaseforKatalon.clickTab is PASSED

2021-07-29 18:26:32 - [TEST_STEP][PASSED] - ctdc.utilities.runtestcaseforKatalon.multiFunction("ICDC", G_StatBar_Cases, "Object Repository/Canine/Canine_CasesTable", "Object Repository/Canine/Canine_TableHeader", "Object Repository/Canine/Canine_CasesTabNextBtn", G_WebTabnameCases, G_CypherTabnameCases, G_QueryCasesTab): Statbar Arms count matches

2021-07-29 18:26:46 - [MESSAGE][PASSED] - Statbar Files count matches

2021-07-29 18:26:46 - [MESSAGE][PASSED] - Statbar Samples count matches

2021-07-29 18:26:46 - [MESSAGE][PASSED] - Statbar Cases count matches

2021-07-29 18:26:46 - [MESSAGE][PASSED] - Statbar Arms count matches

2021-07-29 18:26:46 - [TEST_STEP][PASSED] - waitForElementPresent(findTestObject("Object Repository/Canine/CanineResults_Samples_Tab"), 5): Object 'Object Repository/Canine/CanineResults_Samples_Tab' is present

2021-07-29 18:26:46 - [MESSAGE][PASSED] - Object 'Object Repository/Canine/CanineResults_Samples_Tab' is present

2021-07-29 18:26:46 - [TEST_STEP][PASSED] - ctdc.utilities.runtestcaseforKatalon.clickTab("Object Repository/Canine/CanineResults_Samples_Tab"): ctdc.utilities.runtestcaseforKatalon.clickTab is PASSED

2021-07-29 18:26:47 - [MESSAGE][PASSED] - ctdc.utilities.runtestcaseforKatalon.clickTab is PASSED

2021-07-29 18:26:47 - [TEST_STEP][PASSED] - ctdc.utilities.runtestcaseforKatalon.multiFunction("ICDC", G_StatBar_Samples, "Object Repository/Canine/Canine_Samples_Table", "Object Repository/Canine/Canine_Samples_TableHdr", "Object Repository/Canine/Canine_SamplesTabNextBtn", G_WebTabnameSamples, G_CypherTabnameSamples, G_QuerySamplesTab): Statbar Arms count matches

2021-07-29 18:27:02 - [MESSAGE][PASSED] - Statbar Files count matches

2021-07-29 18:27:02 - [MESSAGE][PASSED] - Statbar Samples count matches

2021-07-29 18:27:02 - [MESSAGE][PASSED] - Statbar Cases count matches

2021-07-29 18:27:02 - [MESSAGE][PASSED] - Statbar Arms count matches

2021-07-29 18:27:02 - [TEST_STEP][PASSED] - waitForElementPresent(findTestObject("Object Repository/Canine/CanineResults_Files_Tab"), 5): Object 'Object Repository/Canine/CanineResults_Files_Tab' is present

2021-07-29 18:27:02 - [MESSAGE][PASSED] - Object 'Object Repository/Canine/CanineResults_Files_Tab' is present

2021-07-29 18:27:02 - [TEST_STEP][PASSED] - ctdc.utilities.runtestcaseforKatalon.clickTab("Object Repository/Canine/CanineResults_Files_Tab"): ctdc.utilities.runtestcaseforKatalon.clickTab is PASSED

2021-07-29 18:27:02 - [MESSAGE][PASSED] - ctdc.utilities.runtestcaseforKatalon.clickTab is PASSED

2021-07-29 18:27:02 - [TEST_STEP][PASSED] - ctdc.utilities.runtestcaseforKatalon.multiFunction("ICDC", G_StatBar_Files, "Object Repository/Canine/Canine_Files_Table", "Object Repository/Canine/Canine_Files_TableHdr", "Object Repository/Canine/Canine_FilesTabNextBtn", G_WebTabnameFiles, G_CypherTabnameFiles, G_QueryFilesTab): Statbar Arms count matches

2021-07-29 18:27:18 - [MESSAGE][PASSED] - Statbar Files count matches

2021-07-29 18:27:18 - [MESSAGE][PASSED] - Statbar Samples count matches

2021-07-29 18:27:18 - [MESSAGE][PASSED] - Statbar Cases count matches

2021-07-29 18:27:18 - [MESSAGE][PASSED] - Statbar Arms count matches

2021-07-29 18:27:18 - [TEST_STEP][PASSED] - closeBrowser(): Browser is closed

2021-07-29 18:27:19 - [MESSAGE][PASSED] - Browser is closed]]></system-out>
         <system-err><![CDATA[]]></system-err>
      </testcase>
      <testcase name="Test Cases/Canine_TestCases/SamplePathology/TC04_Canine_Filter_SamplePatho-Melanoma" time="154.51" classname="Test Cases/Canine_TestCases/SamplePathology/TC04_Canine_Filter_SamplePatho-Melanoma" status="PASSED">
         <system-out><![CDATA[2021-07-29 18:27:19 - [TEST_CASE][PASSED] - Test Cases/Canine_TestCases/SamplePathology/TC04_Canine_Filter_SamplePatho-Melanoma: Test Cases/Canine_TestCases/SamplePathology/TC04_Canine_Filter_SamplePatho-Melanoma

2021-07-29 18:27:19 - [TEST_STEP][PASSED] - Start listener action : getTestScriptName: null

2021-07-29 18:27:19 - [TEST_STEP][PASSED] - TestCaseId = testCaseContext.getTestCaseId(): null

2021-07-29 18:27:19 - [TEST_STEP][PASSED] - out.println("**********this is the value of test case id string******** " + testCaseContext.getTestCaseId()): null

2021-07-29 18:27:19 - [TEST_STEP][PASSED] - G_currentTCName = TestCaseId.substring(TestCaseId.lastIndexOf("TC")): null

2021-07-29 18:27:19 - [TEST_STEP][PASSED] - out.println("This is the test case name : " + G_currentTCName): null

2021-07-29 18:27:19 - [TEST_STEP][PASSED] - closeBrowser(): Browser is closed

2021-07-29 18:27:19 - [MESSAGE][PASSED] - Browser is closed

2021-07-29 18:27:19 - [TEST_STEP][PASSED] - ctdc.utilities.runtestcaseforKatalon.RunKatalon("TC04_Canine_Filter_SamplePatho-Melanoma.xlsx"): Data loaded from input file for the test case. 

2021-07-29 18:27:19 - [MESSAGE][PASSED] - Test case file loaded This is the full filepath after converting to string :C:\Users\sohilz2\Commons_Automation\InputFiles\TC04_Canine_Filter_SamplePatho-Melanoma.xlsx

2021-07-29 18:27:19 - [MESSAGE][INFO] - Global variable set for password file is :  C:\Users\sohilz2\Commons_Automation\InputFiles\TC04_Canine_Filter_SamplePatho-Melanoma.xlsx

2021-07-29 18:27:23 - [MESSAGE][PASSED] - Data loaded from input file for the test case. 

2021-07-29 18:27:32 - [TEST_STEP][PASSED] - waitForElementPresent(findTestObject("Canine/NavBar/Canine_Cases_Btn"), 5): Object 'Object Repository/Canine/NavBar/Canine_Cases_Btn' is present

2021-07-29 18:27:32 - [MESSAGE][PASSED] - Object 'Object Repository/Canine/NavBar/Canine_Cases_Btn' is present

2021-07-29 18:27:32 - [TEST_STEP][PASSED] - click(findTestObject("Canine/NavBar/Canine_Cases_Btn")): Object: 'Object Repository/Canine/NavBar/Canine_Cases_Btn' is clicked on

2021-07-29 18:27:32 - [MESSAGE][PASSED] - Object: 'Object Repository/Canine/NavBar/Canine_Cases_Btn' is clicked on

2021-07-29 18:27:32 - [TEST_STEP][PASSED] - click(findTestObject("Bento/Cases_page/Filter/FilterBySamples_Facet")): Object: 'Object Repository/Bento/Cases_page/Filter/FilterBySamples_Facet' is clicked on

2021-07-29 18:27:33 - [MESSAGE][PASSED] - Object: 'Object Repository/Bento/Cases_page/Filter/FilterBySamples_Facet' is clicked on

2021-07-29 18:27:33 - [TEST_STEP][PASSED] - waitForElementPresent(findTestObject("Object Repository/Canine/Filter/SamplePathology/SAMPLEPATHOLOGY_Ddn"), 5): Object 'Object Repository/Canine/Filter/SamplePathology/SAMPLEPATHOLOGY_Ddn' is present

2021-07-29 18:27:34 - [MESSAGE][PASSED] - Object 'Object Repository/Canine/Filter/SamplePathology/SAMPLEPATHOLOGY_Ddn' is present

2021-07-29 18:27:34 - [TEST_STEP][PASSED] - ctdc.utilities.runtestcaseforKatalon.clickTabCanineStat("Object Repository/Canine/Filter/SamplePathology/SAMPLEPATHOLOGY_Ddn"): ctdc.utilities.runtestcaseforKatalon.clickTabCanineStat is PASSED

2021-07-29 18:27:35 - [MESSAGE][PASSED] - ctdc.utilities.runtestcaseforKatalon.clickTabCanineStat is PASSED

2021-07-29 18:27:35 - [TEST_STEP][PASSED] - ctdc.utilities.runtestcaseforKatalon.clickTabCanineStat("Object Repository/Canine/Filter/SamplePathology/Melanoma_Chkbx"): ctdc.utilities.runtestcaseforKatalon.clickTabCanineStat is PASSED

2021-07-29 18:27:37 - [MESSAGE][PASSED] - ctdc.utilities.runtestcaseforKatalon.clickTabCanineStat is PASSED

2021-07-29 18:27:37 - [TEST_STEP][PASSED] - ctdc.utilities.runtestcaseforKatalon.readStatBarCanine("Object Repository/Canine/StatBar/Canine_StatBar-Studies", "Object Repository/Canine/StatBar/Canine_StatBar-Cases", "Object Repository/Canine/StatBar/Canine_StatBar-Samples", "Object Repository/Canine/StatBar/Canine_StatBar-Files", "Object Repository/Canine/StatBar/Canine_StatBar-Aliquots"): ctdc.utilities.runtestcaseforKatalon.readStatBarCanine is PASSED

2021-07-29 18:27:52 - [MESSAGE][PASSED] - ctdc.utilities.runtestcaseforKatalon.readStatBarCanine is PASSED

2021-07-29 18:27:52 - [TEST_STEP][PASSED] - waitForElementPresent(findTestObject("Object Repository/Canine/CanineResults_Cases_Tab"), 5): Object 'Object Repository/Canine/CanineResults_Cases_Tab' is present

2021-07-29 18:27:52 - [MESSAGE][PASSED] - Object 'Object Repository/Canine/CanineResults_Cases_Tab' is present

2021-07-29 18:27:52 - [TEST_STEP][PASSED] - ctdc.utilities.runtestcaseforKatalon.clickTab("Object Repository/Canine/CanineResults_Cases_Tab"): ctdc.utilities.runtestcaseforKatalon.clickTab is PASSED

2021-07-29 18:27:52 - [MESSAGE][PASSED] - ctdc.utilities.runtestcaseforKatalon.clickTab is PASSED

2021-07-29 18:27:52 - [TEST_STEP][PASSED] - ctdc.utilities.runtestcaseforKatalon.multiFunction("ICDC", G_StatBar_Cases, "Object Repository/Canine/Canine_CasesTable", "Object Repository/Canine/Canine_TableHeader", "Object Repository/Canine/Canine_CasesTabNextBtn", G_WebTabnameCases, G_CypherTabnameCases, G_QueryCasesTab): Statbar Arms count matches

2021-07-29 18:28:20 - [MESSAGE][PASSED] - Statbar Files count matches

2021-07-29 18:28:20 - [MESSAGE][PASSED] - Statbar Samples count matches

2021-07-29 18:28:20 - [MESSAGE][PASSED] - Statbar Cases count matches

2021-07-29 18:28:20 - [MESSAGE][PASSED] - Statbar Arms count matches

2021-07-29 18:28:20 - [TEST_STEP][PASSED] - waitForElementPresent(findTestObject("Object Repository/Canine/CanineResults_Samples_Tab"), 5): Object 'Object Repository/Canine/CanineResults_Samples_Tab' is present

2021-07-29 18:28:20 - [MESSAGE][PASSED] - Object 'Object Repository/Canine/CanineResults_Samples_Tab' is present

2021-07-29 18:28:20 - [TEST_STEP][PASSED] - ctdc.utilities.runtestcaseforKatalon.clickTab("Object Repository/Canine/CanineResults_Samples_Tab"): ctdc.utilities.runtestcaseforKatalon.clickTab is PASSED

2021-07-29 18:28:20 - [MESSAGE][PASSED] - ctdc.utilities.runtestcaseforKatalon.clickTab is PASSED

2021-07-29 18:28:20 - [TEST_STEP][PASSED] - ctdc.utilities.runtestcaseforKatalon.multiFunction("ICDC", G_StatBar_Samples, "Object Repository/Canine/Canine_Samples_Table", "Object Repository/Canine/Canine_Samples_TableHdr", "Object Repository/Canine/Canine_SamplesTabNextBtn", G_WebTabnameSamples, G_CypherTabnameSamples, G_QuerySamplesTab): Statbar Arms count matches

2021-07-29 18:28:49 - [MESSAGE][PASSED] - Statbar Files count matches

2021-07-29 18:28:49 - [MESSAGE][PASSED] - Statbar Samples count matches

2021-07-29 18:28:49 - [MESSAGE][PASSED] - Statbar Cases count matches

2021-07-29 18:28:49 - [MESSAGE][PASSED] - Statbar Arms count matches

2021-07-29 18:28:49 - [TEST_STEP][PASSED] - waitForElementPresent(findTestObject("Object Repository/Canine/CanineResults_Files_Tab"), 5): Object 'Object Repository/Canine/CanineResults_Files_Tab' is present

2021-07-29 18:28:49 - [MESSAGE][PASSED] - Object 'Object Repository/Canine/CanineResults_Files_Tab' is present

2021-07-29 18:28:49 - [TEST_STEP][PASSED] - ctdc.utilities.runtestcaseforKatalon.clickTab("Object Repository/Canine/CanineResults_Files_Tab"): ctdc.utilities.runtestcaseforKatalon.clickTab is PASSED

2021-07-29 18:28:49 - [MESSAGE][PASSED] - ctdc.utilities.runtestcaseforKatalon.clickTab is PASSED

2021-07-29 18:28:49 - [TEST_STEP][PASSED] - ctdc.utilities.runtestcaseforKatalon.multiFunction("ICDC", G_StatBar_Files, "Object Repository/Canine/Canine_Files_Table", "Object Repository/Canine/Canine_Files_TableHdr", "Object Repository/Canine/Canine_FilesTabNextBtn", G_WebTabnameFiles, G_CypherTabnameFiles, G_QueryFilesTab): Statbar Arms count matches

2021-07-29 18:29:52 - [MESSAGE][PASSED] - Statbar Files count matches

2021-07-29 18:29:52 - [MESSAGE][PASSED] - Statbar Samples count matches

2021-07-29 18:29:52 - [MESSAGE][PASSED] - Statbar Cases count matches

2021-07-29 18:29:52 - [MESSAGE][PASSED] - Statbar Arms count matches

2021-07-29 18:29:52 - [TEST_STEP][PASSED] - closeBrowser(): Browser is closed

2021-07-29 18:29:53 - [MESSAGE][PASSED] - Browser is closed]]></system-out>
         <system-err><![CDATA[]]></system-err>
      </testcase>
      <testcase name="Test Cases/Canine_TestCases/SamplePathology/TC05_Canine_Filter_SamplePatho-NotApplicable" time="97.761" classname="Test Cases/Canine_TestCases/SamplePathology/TC05_Canine_Filter_SamplePatho-NotApplicable" status="PASSED">
         <system-out><![CDATA[2021-07-29 18:29:53 - [TEST_CASE][PASSED] - Test Cases/Canine_TestCases/SamplePathology/TC05_Canine_Filter_SamplePatho-NotApplicable: Test Cases/Canine_TestCases/SamplePathology/TC05_Canine_Filter_SamplePatho-NotApplicable

2021-07-29 18:29:53 - [TEST_STEP][PASSED] - Start listener action : getTestScriptName: null

2021-07-29 18:29:53 - [TEST_STEP][PASSED] - TestCaseId = testCaseContext.getTestCaseId(): null

2021-07-29 18:29:53 - [TEST_STEP][PASSED] - out.println("**********this is the value of test case id string******** " + testCaseContext.getTestCaseId()): null

2021-07-29 18:29:53 - [TEST_STEP][PASSED] - G_currentTCName = TestCaseId.substring(TestCaseId.lastIndexOf("TC")): null

2021-07-29 18:29:53 - [TEST_STEP][PASSED] - out.println("This is the test case name : " + G_currentTCName): null

2021-07-29 18:29:54 - [TEST_STEP][PASSED] - closeBrowser(): Browser is closed

2021-07-29 18:29:54 - [MESSAGE][PASSED] - Browser is closed

2021-07-29 18:29:54 - [TEST_STEP][PASSED] - ctdc.utilities.runtestcaseforKatalon.RunKatalon("TC05_Canine_Filter_SamplePatho-NotApplicable.xlsx"): Data loaded from input file for the test case. 

2021-07-29 18:29:54 - [MESSAGE][PASSED] - Test case file loaded This is the full filepath after converting to string :C:\Users\sohilz2\Commons_Automation\InputFiles\TC05_Canine_Filter_SamplePatho-NotApplicable.xlsx

2021-07-29 18:29:54 - [MESSAGE][INFO] - Global variable set for password file is :  C:\Users\sohilz2\Commons_Automation\InputFiles\TC05_Canine_Filter_SamplePatho-NotApplicable.xlsx

2021-07-29 18:29:58 - [MESSAGE][PASSED] - Data loaded from input file for the test case. 

2021-07-29 18:30:04 - [TEST_STEP][PASSED] - click(findTestObject("Canine/NavBar/Canine_Cases_Btn")): Object: 'Object Repository/Canine/NavBar/Canine_Cases_Btn' is clicked on

2021-07-29 18:30:04 - [MESSAGE][PASSED] - Object: 'Object Repository/Canine/NavBar/Canine_Cases_Btn' is clicked on

2021-07-29 18:30:04 - [TEST_STEP][PASSED] - click(findTestObject("Object Repository/Canine/Filter/FilterBySamples_Facet")): Object: 'Object Repository/Canine/Filter/FilterBySamples_Facet' is clicked on

2021-07-29 18:30:06 - [MESSAGE][PASSED] - Object: 'Object Repository/Canine/Filter/FilterBySamples_Facet' is clicked on

2021-07-29 18:30:06 - [TEST_STEP][PASSED] - ctdc.utilities.runtestcaseforKatalon.clickTabCanineStat("Object Repository/Canine/Filter/SamplePathology/SAMPLEPATHOLOGY_Ddn"): ctdc.utilities.runtestcaseforKatalon.clickTabCanineStat is PASSED

2021-07-29 18:30:07 - [MESSAGE][PASSED] - ctdc.utilities.runtestcaseforKatalon.clickTabCanineStat is PASSED

2021-07-29 18:30:07 - [TEST_STEP][PASSED] - ctdc.utilities.runtestcaseforKatalon.clickTabCanineStat("Object Repository/Canine/Filter/SamplePathology/NotApplicable_Chkbx"): ctdc.utilities.runtestcaseforKatalon.clickTabCanineStat is PASSED

2021-07-29 18:30:09 - [MESSAGE][PASSED] - ctdc.utilities.runtestcaseforKatalon.clickTabCanineStat is PASSED

2021-07-29 18:30:09 - [TEST_STEP][PASSED] - ctdc.utilities.runtestcaseforKatalon.readStatBarCanine("Object Repository/Canine/StatBar/Canine_StatBar-Studies", "Object Repository/Canine/StatBar/Canine_StatBar-Cases", "Object Repository/Canine/StatBar/Canine_StatBar-Samples", "Object Repository/Canine/StatBar/Canine_StatBar-Files", "Object Repository/Canine/StatBar/Canine_StatBar-Aliquots"): ctdc.utilities.runtestcaseforKatalon.readStatBarCanine is PASSED

2021-07-29 18:30:24 - [MESSAGE][PASSED] - ctdc.utilities.runtestcaseforKatalon.readStatBarCanine is PASSED

2021-07-29 18:30:24 - [TEST_STEP][PASSED] - waitForElementPresent(findTestObject("Object Repository/Canine/CanineResults_Cases_Tab"), 5): Object 'Object Repository/Canine/CanineResults_Cases_Tab' is present

2021-07-29 18:30:24 - [MESSAGE][PASSED] - Object 'Object Repository/Canine/CanineResults_Cases_Tab' is present

2021-07-29 18:30:24 - [TEST_STEP][PASSED] - click(findTestObject("Object Repository/Canine/CanineResults_Cases_Tab")): Object: 'Object Repository/Canine/CanineResults_Cases_Tab' is clicked on

2021-07-29 18:30:24 - [MESSAGE][PASSED] - Object: 'Object Repository/Canine/CanineResults_Cases_Tab' is clicked on

2021-07-29 18:30:24 - [TEST_STEP][PASSED] - ctdc.utilities.runtestcaseforKatalon.multiFunction("ICD", G_StatBar_Cases, "Object Repository/Canine/Canine_CasesTable", "Object Repository/Canine/Canine_TableHeader", "Object Repository/Canine/Canine_CasesTabNextBtn", G_WebTabnameCases, G_CypherTabnameCases, G_QueryCasesTab): ctdc.utilities.runtestcaseforKatalon.multiFunction is PASSED

2021-07-29 18:30:42 - [MESSAGE][PASSED] - ctdc.utilities.runtestcaseforKatalon.multiFunction is PASSED

2021-07-29 18:30:42 - [TEST_STEP][PASSED] - ctdc.utilities.runtestcaseforKatalon.clickTab("Object Repository/Canine/CanineResults_Samples_Tab"): ctdc.utilities.runtestcaseforKatalon.clickTab is PASSED

2021-07-29 18:30:42 - [MESSAGE][PASSED] - ctdc.utilities.runtestcaseforKatalon.clickTab is PASSED

2021-07-29 18:30:42 - [TEST_STEP][PASSED] - ctdc.utilities.runtestcaseforKatalon.multiFunction("ICD", G_StatBar_Samples, "Object Repository/Canine/Canine_Samples_Table", "Object Repository/Canine/Canine_Samples_TableHdr", "Object Repository/Canine/Canine_SamplesTabNextBtn", G_WebTabnameSamples, G_CypherTabnameSamples, G_QuerySamplesTab): ctdc.utilities.runtestcaseforKatalon.multiFunction is PASSED

2021-07-29 18:31:01 - [MESSAGE][PASSED] - ctdc.utilities.runtestcaseforKatalon.multiFunction is PASSED

2021-07-29 18:31:01 - [TEST_STEP][PASSED] - ctdc.utilities.runtestcaseforKatalon.clickTab("Object Repository/Canine/CanineResults_Files_Tab"): ctdc.utilities.runtestcaseforKatalon.clickTab is PASSED

2021-07-29 18:31:01 - [MESSAGE][PASSED] - ctdc.utilities.runtestcaseforKatalon.clickTab is PASSED

2021-07-29 18:31:01 - [TEST_STEP][PASSED] - ctdc.utilities.runtestcaseforKatalon.multiFunction("ICD", G_StatBar_Files, "Object Repository/Canine/Canine_Files_Table", "Object Repository/Canine/Canine_Files_TableHdr", "Object Repository/Canine/Canine_FilesTabNextBtn", G_WebTabnameFiles, G_CypherTabnameFiles, G_QueryFilesTab): ctdc.utilities.runtestcaseforKatalon.multiFunction is PASSED

2021-07-29 18:31:31 - [MESSAGE][PASSED] - ctdc.utilities.runtestcaseforKatalon.multiFunction is PASSED]]></system-out>
         <system-err><![CDATA[]]></system-err>
      </testcase>
      <testcase name="Test Cases/Canine_TestCases/SamplePathology/TC06_Canine_Filter_SamplePatho-Oligodendro" time="810.535" classname="Test Cases/Canine_TestCases/SamplePathology/TC06_Canine_Filter_SamplePatho-Oligodendro" status="PASSED">
         <system-out><![CDATA[2021-07-29 18:31:31 - [TEST_CASE][PASSED] - Test Cases/Canine_TestCases/SamplePathology/TC06_Canine_Filter_SamplePatho-Oligodendro: Test Cases/Canine_TestCases/SamplePathology/TC06_Canine_Filter_SamplePatho-Oligodendro

2021-07-29 18:31:31 - [TEST_STEP][PASSED] - Start listener action : getTestScriptName: null

2021-07-29 18:31:31 - [TEST_STEP][PASSED] - TestCaseId = testCaseContext.getTestCaseId(): null

2021-07-29 18:31:31 - [TEST_STEP][PASSED] - out.println("**********this is the value of test case id string******** " + testCaseContext.getTestCaseId()): null

2021-07-29 18:31:31 - [TEST_STEP][PASSED] - G_currentTCName = TestCaseId.substring(TestCaseId.lastIndexOf("TC")): null

2021-07-29 18:31:31 - [TEST_STEP][PASSED] - out.println("This is the test case name : " + G_currentTCName): null

2021-07-29 18:31:32 - [TEST_STEP][PASSED] - closeBrowser(): Browser is closed

2021-07-29 18:31:32 - [MESSAGE][PASSED] - Browser is closed

2021-07-29 18:31:32 - [TEST_STEP][PASSED] - ctdc.utilities.runtestcaseforKatalon.RunKatalon("TC06_Canine_Filter_SamplePatho-Oligodendro.xlsx"): Data loaded from input file for the test case. 

2021-07-29 18:31:32 - [MESSAGE][PASSED] - Test case file loaded This is the full filepath after converting to string :C:\Users\sohilz2\Commons_Automation\InputFiles\TC06_Canine_Filter_SamplePatho-Oligodendro.xlsx

2021-07-29 18:31:32 - [MESSAGE][INFO] - Global variable set for password file is :  C:\Users\sohilz2\Commons_Automation\InputFiles\TC06_Canine_Filter_SamplePatho-Oligodendro.xlsx

2021-07-29 18:31:36 - [MESSAGE][PASSED] - Data loaded from input file for the test case. 

2021-07-29 18:31:43 - [TEST_STEP][PASSED] - waitForElementPresent(findTestObject("Canine/NavBar/Canine_Cases_Btn"), 5): Object 'Object Repository/Canine/NavBar/Canine_Cases_Btn' is present

2021-07-29 18:31:43 - [MESSAGE][PASSED] - Object 'Object Repository/Canine/NavBar/Canine_Cases_Btn' is present

2021-07-29 18:31:43 - [TEST_STEP][PASSED] - click(findTestObject("Canine/NavBar/Canine_Cases_Btn")): Object: 'Object Repository/Canine/NavBar/Canine_Cases_Btn' is clicked on

2021-07-29 18:31:43 - [MESSAGE][PASSED] - Object: 'Object Repository/Canine/NavBar/Canine_Cases_Btn' is clicked on

2021-07-29 18:31:43 - [TEST_STEP][PASSED] - click(findTestObject("Object Repository/Canine/Filter/FilterBySamples_Facet")): Object: 'Object Repository/Canine/Filter/FilterBySamples_Facet' is clicked on

2021-07-29 18:31:45 - [MESSAGE][PASSED] - Object: 'Object Repository/Canine/Filter/FilterBySamples_Facet' is clicked on

2021-07-29 18:31:45 - [TEST_STEP][PASSED] - ctdc.utilities.runtestcaseforKatalon.clickTabCanineStat("Object Repository/Canine/Filter/SamplePathology/SAMPLEPATHOLOGY_Ddn"): ctdc.utilities.runtestcaseforKatalon.clickTabCanineStat is PASSED

2021-07-29 18:31:47 - [MESSAGE][PASSED] - ctdc.utilities.runtestcaseforKatalon.clickTabCanineStat is PASSED

2021-07-29 18:31:47 - [TEST_STEP][PASSED] - ctdc.utilities.runtestcaseforKatalon.clickTabCanineStat("Object Repository/Canine/Filter/SamplePathology/Oligodendro_Chkbx"): ctdc.utilities.runtestcaseforKatalon.clickTabCanineStat is PASSED

2021-07-29 18:31:49 - [MESSAGE][PASSED] - ctdc.utilities.runtestcaseforKatalon.clickTabCanineStat is PASSED

2021-07-29 18:31:49 - [TEST_STEP][PASSED] - ctdc.utilities.runtestcaseforKatalon.readStatBarCanine("Object Repository/Canine/StatBar/Canine_StatBar-Studies", "Object Repository/Canine/StatBar/Canine_StatBar-Cases", "Object Repository/Canine/StatBar/Canine_StatBar-Samples", "Object Repository/Canine/StatBar/Canine_StatBar-Files", "Object Repository/Canine/StatBar/Canine_StatBar-Aliquots"): ctdc.utilities.runtestcaseforKatalon.readStatBarCanine is PASSED

2021-07-29 18:32:04 - [MESSAGE][PASSED] - ctdc.utilities.runtestcaseforKatalon.readStatBarCanine is PASSED

2021-07-29 18:32:04 - [TEST_STEP][PASSED] - waitForElementPresent(findTestObject("Object Repository/Canine/CanineResults_Cases_Tab"), 5): Object 'Object Repository/Canine/CanineResults_Cases_Tab' is present

2021-07-29 18:32:04 - [MESSAGE][PASSED] - Object 'Object Repository/Canine/CanineResults_Cases_Tab' is present

2021-07-29 18:32:04 - [TEST_STEP][PASSED] - click(findTestObject("Object Repository/Canine/CanineResults_Cases_Tab")): Object: 'Object Repository/Canine/CanineResults_Cases_Tab' is clicked on

2021-07-29 18:32:05 - [MESSAGE][PASSED] - Object: 'Object Repository/Canine/CanineResults_Cases_Tab' is clicked on

2021-07-29 18:32:05 - [TEST_STEP][PASSED] - ctdc.utilities.runtestcaseforKatalon.multiFunction("ICDC", G_StatBar_Cases, "Object Repository/Canine/Canine_CasesTable", "Object Repository/Canine/Canine_TableHeader", "Object Repository/Canine/Canine_CasesTabNextBtn", G_WebTabnameCases, G_CypherTabnameCases, G_QueryCasesTab): Statbar Arms count matches

2021-07-29 18:33:20 - [MESSAGE][PASSED] - Statbar Files count matches

2021-07-29 18:33:20 - [MESSAGE][PASSED] - Statbar Samples count matches

2021-07-29 18:33:20 - [MESSAGE][PASSED] - Statbar Cases count matches

2021-07-29 18:33:20 - [MESSAGE][PASSED] - Statbar Arms count matches

2021-07-29 18:33:20 - [TEST_STEP][PASSED] - ctdc.utilities.runtestcaseforKatalon.clickTab("Object Repository/Canine/CanineResults_Samples_Tab"): ctdc.utilities.runtestcaseforKatalon.clickTab is PASSED

2021-07-29 18:33:20 - [MESSAGE][PASSED] - ctdc.utilities.runtestcaseforKatalon.clickTab is PASSED

2021-07-29 18:33:20 - [TEST_STEP][PASSED] - ctdc.utilities.runtestcaseforKatalon.multiFunction("ICDC", G_StatBar_Samples, "Object Repository/Canine/Canine_Samples_Table", "Object Repository/Canine/Canine_Samples_TableHdr", "Object Repository/Canine/Canine_SamplesTabNextBtn", G_WebTabnameSamples, G_CypherTabnameSamples, G_QuerySamplesTab): Statbar Arms count matches

2021-07-29 18:36:41 - [MESSAGE][PASSED] - Statbar Files count matches

2021-07-29 18:36:41 - [MESSAGE][PASSED] - Statbar Samples count matches

2021-07-29 18:36:41 - [MESSAGE][PASSED] - Statbar Cases count matches

2021-07-29 18:36:41 - [MESSAGE][PASSED] - Statbar Arms count matches

2021-07-29 18:36:41 - [TEST_STEP][PASSED] - ctdc.utilities.runtestcaseforKatalon.clickTab("Object Repository/Canine/CanineResults_Files_Tab"): ctdc.utilities.runtestcaseforKatalon.clickTab is PASSED

2021-07-29 18:36:41 - [MESSAGE][PASSED] - ctdc.utilities.runtestcaseforKatalon.clickTab is PASSED

2021-07-29 18:36:41 - [TEST_STEP][PASSED] - ctdc.utilities.runtestcaseforKatalon.multiFunction("ICDC", G_StatBar_Files, "Object Repository/Canine/Canine_Files_Table", "Object Repository/Canine/Canine_Files_TableHdr", "Object Repository/Canine/Canine_FilesTabNextBtn", G_WebTabnameFiles, G_CypherTabnameFiles, G_QueryFilesTab): Statbar Arms count matches

2021-07-29 18:45:01 - [MESSAGE][PASSED] - Statbar Files count matches

2021-07-29 18:45:01 - [MESSAGE][PASSED] - Statbar Samples count matches

2021-07-29 18:45:01 - [MESSAGE][PASSED] - Statbar Cases count matches

2021-07-29 18:45:01 - [MESSAGE][PASSED] - Statbar Arms count matches]]></system-out>
         <system-err><![CDATA[]]></system-err>
      </testcase>
      <testcase name="Test Cases/Canine_TestCases/SamplePathology/TC07_Canine_Filter_SamplePatho-Osteosarcoma" time="156.295" classname="Test Cases/Canine_TestCases/SamplePathology/TC07_Canine_Filter_SamplePatho-Osteosarcoma" status="PASSED">
         <system-out><![CDATA[2021-07-29 18:45:01 - [TEST_CASE][PASSED] - Test Cases/Canine_TestCases/SamplePathology/TC07_Canine_Filter_SamplePatho-Osteosarcoma: Test Cases/Canine_TestCases/SamplePathology/TC07_Canine_Filter_SamplePatho-Osteosarcoma

2021-07-29 18:45:01 - [TEST_STEP][PASSED] - Start listener action : getTestScriptName: null

2021-07-29 18:45:01 - [TEST_STEP][PASSED] - TestCaseId = testCaseContext.getTestCaseId(): null

2021-07-29 18:45:01 - [TEST_STEP][PASSED] - out.println("**********this is the value of test case id string******** " + testCaseContext.getTestCaseId()): null

2021-07-29 18:45:01 - [TEST_STEP][PASSED] - G_currentTCName = TestCaseId.substring(TestCaseId.lastIndexOf("TC")): null

2021-07-29 18:45:01 - [TEST_STEP][PASSED] - out.println("This is the test case name : " + G_currentTCName): null

2021-07-29 18:45:02 - [TEST_STEP][PASSED] - closeBrowser(): Browser is closed

2021-07-29 18:45:03 - [MESSAGE][PASSED] - Browser is closed

2021-07-29 18:45:03 - [TEST_STEP][PASSED] - ctdc.utilities.runtestcaseforKatalon.RunKatalon("TC07_Canine_Filter_SamplePatho-Osteosarcoma.xlsx"): Data loaded from input file for the test case. 

2021-07-29 18:45:03 - [MESSAGE][PASSED] - Test case file loaded This is the full filepath after converting to string :C:\Users\sohilz2\Commons_Automation\InputFiles\TC07_Canine_Filter_SamplePatho-Osteosarcoma.xlsx

2021-07-29 18:45:03 - [MESSAGE][INFO] - Global variable set for password file is :  C:\Users\sohilz2\Commons_Automation\InputFiles\TC07_Canine_Filter_SamplePatho-Osteosarcoma.xlsx

2021-07-29 18:45:07 - [MESSAGE][PASSED] - Data loaded from input file for the test case. 

2021-07-29 18:45:13 - [TEST_STEP][PASSED] - waitForElementPresent(findTestObject("Canine/NavBar/Canine_Cases_Btn"), 5): Object 'Object Repository/Canine/NavBar/Canine_Cases_Btn' is present

2021-07-29 18:45:13 - [MESSAGE][PASSED] - Object 'Object Repository/Canine/NavBar/Canine_Cases_Btn' is present

2021-07-29 18:45:13 - [TEST_STEP][PASSED] - click(findTestObject("Canine/NavBar/Canine_Cases_Btn")): Object: 'Object Repository/Canine/NavBar/Canine_Cases_Btn' is clicked on

2021-07-29 18:45:14 - [MESSAGE][PASSED] - Object: 'Object Repository/Canine/NavBar/Canine_Cases_Btn' is clicked on

2021-07-29 18:45:14 - [TEST_STEP][PASSED] - click(findTestObject("Bento/Cases_page/Filter/FilterBySamples_Facet")): Object: 'Object Repository/Bento/Cases_page/Filter/FilterBySamples_Facet' is clicked on

2021-07-29 18:45:15 - [MESSAGE][PASSED] - Object: 'Object Repository/Bento/Cases_page/Filter/FilterBySamples_Facet' is clicked on

2021-07-29 18:45:15 - [TEST_STEP][PASSED] - waitForElementPresent(findTestObject("Object Repository/Canine/Filter/SamplePathology/SAMPLEPATHOLOGY_Ddn"), 5): Object 'Object Repository/Canine/Filter/SamplePathology/SAMPLEPATHOLOGY_Ddn' is present

2021-07-29 18:45:15 - [MESSAGE][PASSED] - Object 'Object Repository/Canine/Filter/SamplePathology/SAMPLEPATHOLOGY_Ddn' is present

2021-07-29 18:45:15 - [TEST_STEP][PASSED] - ctdc.utilities.runtestcaseforKatalon.clickTabCanineStat("Object Repository/Canine/Filter/SamplePathology/SAMPLEPATHOLOGY_Ddn"): ctdc.utilities.runtestcaseforKatalon.clickTabCanineStat is PASSED

2021-07-29 18:45:17 - [MESSAGE][PASSED] - ctdc.utilities.runtestcaseforKatalon.clickTabCanineStat is PASSED

2021-07-29 18:45:17 - [TEST_STEP][PASSED] - ctdc.utilities.runtestcaseforKatalon.clickTabCanineStat("Object Repository/Canine/Filter/SamplePathology/Osteosarcoma_Chkbx"): ctdc.utilities.runtestcaseforKatalon.clickTabCanineStat is PASSED

2021-07-29 18:45:19 - [MESSAGE][PASSED] - ctdc.utilities.runtestcaseforKatalon.clickTabCanineStat is PASSED

2021-07-29 18:45:19 - [TEST_STEP][PASSED] - ctdc.utilities.runtestcaseforKatalon.readStatBarCanine("Object Repository/Canine/StatBar/Canine_StatBar-Studies", "Object Repository/Canine/StatBar/Canine_StatBar-Cases", "Object Repository/Canine/StatBar/Canine_StatBar-Samples", "Object Repository/Canine/StatBar/Canine_StatBar-Files", "Object Repository/Canine/StatBar/Canine_StatBar-Aliquots"): ctdc.utilities.runtestcaseforKatalon.readStatBarCanine is PASSED

2021-07-29 18:45:34 - [MESSAGE][PASSED] - ctdc.utilities.runtestcaseforKatalon.readStatBarCanine is PASSED

2021-07-29 18:45:34 - [TEST_STEP][PASSED] - waitForElementPresent(findTestObject("Object Repository/Canine/CanineResults_Cases_Tab"), 5): Object 'Object Repository/Canine/CanineResults_Cases_Tab' is present

2021-07-29 18:45:34 - [MESSAGE][PASSED] - Object 'Object Repository/Canine/CanineResults_Cases_Tab' is present

2021-07-29 18:45:34 - [TEST_STEP][PASSED] - ctdc.utilities.runtestcaseforKatalon.clickTab("Object Repository/Canine/CanineResults_Cases_Tab"): ctdc.utilities.runtestcaseforKatalon.clickTab is PASSED

2021-07-29 18:45:35 - [MESSAGE][PASSED] - ctdc.utilities.runtestcaseforKatalon.clickTab is PASSED

2021-07-29 18:45:35 - [TEST_STEP][PASSED] - ctdc.utilities.runtestcaseforKatalon.multiFunction("ICDC", G_StatBar_Cases, "Object Repository/Canine/Canine_CasesTable", "Object Repository/Canine/Canine_TableHeader", "Object Repository/Canine/Canine_CasesTabNextBtn", G_WebTabnameCases, G_CypherTabnameCases, G_QueryCasesTab): Statbar Arms count matches

2021-07-29 18:46:02 - [MESSAGE][PASSED] - Statbar Files count matches

2021-07-29 18:46:02 - [MESSAGE][PASSED] - Statbar Samples count matches

2021-07-29 18:46:02 - [MESSAGE][PASSED] - Statbar Cases count matches

2021-07-29 18:46:02 - [MESSAGE][PASSED] - Statbar Arms count matches

2021-07-29 18:46:02 - [TEST_STEP][PASSED] - waitForElementPresent(findTestObject("Object Repository/Canine/CanineResults_Samples_Tab"), 5): Object 'Object Repository/Canine/CanineResults_Samples_Tab' is present

2021-07-29 18:46:02 - [MESSAGE][PASSED] - Object 'Object Repository/Canine/CanineResults_Samples_Tab' is present

2021-07-29 18:46:02 - [TEST_STEP][PASSED] - ctdc.utilities.runtestcaseforKatalon.clickTab("Object Repository/Canine/CanineResults_Samples_Tab"): ctdc.utilities.runtestcaseforKatalon.clickTab is PASSED

2021-07-29 18:46:02 - [MESSAGE][PASSED] - ctdc.utilities.runtestcaseforKatalon.clickTab is PASSED

2021-07-29 18:46:02 - [TEST_STEP][PASSED] - ctdc.utilities.runtestcaseforKatalon.multiFunction("ICDC", G_StatBar_Samples, "Object Repository/Canine/Canine_Samples_Table", "Object Repository/Canine/Canine_Samples_TableHdr", "Object Repository/Canine/Canine_SamplesTabNextBtn", G_WebTabnameSamples, G_CypherTabnameSamples, G_QuerySamplesTab): Statbar Arms count matches

2021-07-29 18:46:31 - [MESSAGE][PASSED] - Statbar Files count matches

2021-07-29 18:46:31 - [MESSAGE][PASSED] - Statbar Samples count matches

2021-07-29 18:46:31 - [MESSAGE][PASSED] - Statbar Cases count matches

2021-07-29 18:46:31 - [MESSAGE][PASSED] - Statbar Arms count matches

2021-07-29 18:46:31 - [TEST_STEP][PASSED] - waitForElementPresent(findTestObject("Object Repository/Canine/CanineResults_Files_Tab"), 5): Object 'Object Repository/Canine/CanineResults_Files_Tab' is present

2021-07-29 18:46:31 - [MESSAGE][PASSED] - Object 'Object Repository/Canine/CanineResults_Files_Tab' is present

2021-07-29 18:46:31 - [TEST_STEP][PASSED] - ctdc.utilities.runtestcaseforKatalon.clickTab("Object Repository/Canine/CanineResults_Files_Tab"): ctdc.utilities.runtestcaseforKatalon.clickTab is PASSED

2021-07-29 18:46:32 - [MESSAGE][PASSED] - ctdc.utilities.runtestcaseforKatalon.clickTab is PASSED

2021-07-29 18:46:32 - [TEST_STEP][PASSED] - ctdc.utilities.runtestcaseforKatalon.multiFunction("ICDC", G_StatBar_Files, "Object Repository/Canine/Canine_Files_Table", "Object Repository/Canine/Canine_Files_TableHdr", "Object Repository/Canine/Canine_FilesTabNextBtn", G_WebTabnameFiles, G_CypherTabnameFiles, G_QueryFilesTab): Statbar Arms count matches

2021-07-29 18:47:37 - [MESSAGE][PASSED] - Statbar Files count matches

2021-07-29 18:47:37 - [MESSAGE][PASSED] - Statbar Samples count matches

2021-07-29 18:47:37 - [MESSAGE][PASSED] - Statbar Cases count matches

2021-07-29 18:47:37 - [MESSAGE][PASSED] - Statbar Arms count matches

2021-07-29 18:47:37 - [TEST_STEP][PASSED] - closeBrowser(): Browser is closed

2021-07-29 18:47:38 - [MESSAGE][PASSED] - Browser is closed]]></system-out>
         <system-err><![CDATA[]]></system-err>
      </testcase>
      <testcase name="Test Cases/Canine_TestCases/SamplePathology/TC09_Canine_Filter_SamplePatho-PulmoCarcinoma" time="78.636" classname="Test Cases/Canine_TestCases/SamplePathology/TC09_Canine_Filter_SamplePatho-PulmoCarcinoma" status="PASSED">
         <system-out><![CDATA[2021-07-29 18:47:38 - [TEST_CASE][PASSED] - Test Cases/Canine_TestCases/SamplePathology/TC09_Canine_Filter_SamplePatho-PulmoCarcinoma: Test Cases/Canine_TestCases/SamplePathology/TC09_Canine_Filter_SamplePatho-PulmoCarcinoma

2021-07-29 18:47:38 - [TEST_STEP][PASSED] - Start listener action : getTestScriptName: null

2021-07-29 18:47:38 - [TEST_STEP][PASSED] - TestCaseId = testCaseContext.getTestCaseId(): null

2021-07-29 18:47:38 - [TEST_STEP][PASSED] - out.println("**********this is the value of test case id string******** " + testCaseContext.getTestCaseId()): null

2021-07-29 18:47:38 - [TEST_STEP][PASSED] - G_currentTCName = TestCaseId.substring(TestCaseId.lastIndexOf("TC")): null

2021-07-29 18:47:38 - [TEST_STEP][PASSED] - out.println("This is the test case name : " + G_currentTCName): null

2021-07-29 18:47:38 - [TEST_STEP][PASSED] - closeBrowser(): Browser is closed

2021-07-29 18:47:38 - [MESSAGE][PASSED] - Browser is closed

2021-07-29 18:47:38 - [TEST_STEP][PASSED] - ctdc.utilities.runtestcaseforKatalon.RunKatalon("TC09_Canine_Filter_SamplePatho-PulmoCarcinoma.xlsx"): Data loaded from input file for the test case. 

2021-07-29 18:47:38 - [MESSAGE][PASSED] - Test case file loaded This is the full filepath after converting to string :C:\Users\sohilz2\Commons_Automation\InputFiles\TC09_Canine_Filter_SamplePatho-PulmoCarcinoma.xlsx

2021-07-29 18:47:38 - [MESSAGE][INFO] - Global variable set for password file is :  C:\Users\sohilz2\Commons_Automation\InputFiles\TC09_Canine_Filter_SamplePatho-PulmoCarcinoma.xlsx

2021-07-29 18:47:42 - [MESSAGE][PASSED] - Data loaded from input file for the test case. 

2021-07-29 18:47:48 - [TEST_STEP][PASSED] - waitForElementPresent(findTestObject("Canine/NavBar/Canine_Cases_Btn"), 5): Object 'Object Repository/Canine/NavBar/Canine_Cases_Btn' is present

2021-07-29 18:47:49 - [MESSAGE][PASSED] - Object 'Object Repository/Canine/NavBar/Canine_Cases_Btn' is present

2021-07-29 18:47:49 - [TEST_STEP][PASSED] - click(findTestObject("Canine/NavBar/Canine_Cases_Btn")): Object: 'Object Repository/Canine/NavBar/Canine_Cases_Btn' is clicked on

2021-07-29 18:47:49 - [MESSAGE][PASSED] - Object: 'Object Repository/Canine/NavBar/Canine_Cases_Btn' is clicked on

2021-07-29 18:47:49 - [TEST_STEP][PASSED] - click(findTestObject("Bento/Cases_page/Filter/FilterBySamples_Facet")): Object: 'Object Repository/Bento/Cases_page/Filter/FilterBySamples_Facet' is clicked on

2021-07-29 18:47:50 - [MESSAGE][PASSED] - Object: 'Object Repository/Bento/Cases_page/Filter/FilterBySamples_Facet' is clicked on

2021-07-29 18:47:50 - [TEST_STEP][PASSED] - waitForElementPresent(findTestObject("Object Repository/Canine/Filter/SamplePathology/SAMPLEPATHOLOGY_Ddn"), 5): Object 'Object Repository/Canine/Filter/SamplePathology/SAMPLEPATHOLOGY_Ddn' is present

2021-07-29 18:47:51 - [MESSAGE][PASSED] - Object 'Object Repository/Canine/Filter/SamplePathology/SAMPLEPATHOLOGY_Ddn' is present

2021-07-29 18:47:51 - [TEST_STEP][PASSED] - ctdc.utilities.runtestcaseforKatalon.clickTabCanineStat("Object Repository/Canine/Filter/SamplePathology/SAMPLEPATHOLOGY_Ddn"): ctdc.utilities.runtestcaseforKatalon.clickTabCanineStat is PASSED

2021-07-29 18:47:52 - [MESSAGE][PASSED] - ctdc.utilities.runtestcaseforKatalon.clickTabCanineStat is PASSED

2021-07-29 18:47:52 - [TEST_STEP][PASSED] - ctdc.utilities.runtestcaseforKatalon.clickTabCanineStat("Object Repository/Canine/Filter/SamplePathology/PulmoCarcinoma_Chkbx"): ctdc.utilities.runtestcaseforKatalon.clickTabCanineStat is PASSED

2021-07-29 18:47:54 - [MESSAGE][PASSED] - ctdc.utilities.runtestcaseforKatalon.clickTabCanineStat is PASSED

2021-07-29 18:47:54 - [TEST_STEP][PASSED] - ctdc.utilities.runtestcaseforKatalon.readStatBarCanine("Object Repository/Canine/StatBar/Canine_StatBar-Studies", "Object Repository/Canine/StatBar/Canine_StatBar-Cases", "Object Repository/Canine/StatBar/Canine_StatBar-Samples", "Object Repository/Canine/StatBar/Canine_StatBar-Files", "Object Repository/Canine/StatBar/Canine_StatBar-Aliquots"): ctdc.utilities.runtestcaseforKatalon.readStatBarCanine is PASSED

2021-07-29 18:48:09 - [MESSAGE][PASSED] - ctdc.utilities.runtestcaseforKatalon.readStatBarCanine is PASSED

2021-07-29 18:48:09 - [TEST_STEP][PASSED] - waitForElementPresent(findTestObject("Object Repository/Canine/CanineResults_Cases_Tab"), 5): Object 'Object Repository/Canine/CanineResults_Cases_Tab' is present

2021-07-29 18:48:09 - [MESSAGE][PASSED] - Object 'Object Repository/Canine/CanineResults_Cases_Tab' is present

2021-07-29 18:48:09 - [TEST_STEP][PASSED] - ctdc.utilities.runtestcaseforKatalon.clickTab("Object Repository/Canine/CanineResults_Cases_Tab"): ctdc.utilities.runtestcaseforKatalon.clickTab is PASSED

2021-07-29 18:48:10 - [MESSAGE][PASSED] - ctdc.utilities.runtestcaseforKatalon.clickTab is PASSED

2021-07-29 18:48:10 - [TEST_STEP][PASSED] - ctdc.utilities.runtestcaseforKatalon.multiFunction("ICDC", G_StatBar_Cases, "Object Repository/Canine/Canine_CasesTable", "Object Repository/Canine/Canine_TableHeader", "Object Repository/Canine/Canine_CasesTabNextBtn", G_WebTabnameCases, G_CypherTabnameCases, G_QueryCasesTab): Statbar Arms count matches

2021-07-29 18:48:24 - [MESSAGE][PASSED] - Statbar Files count matches

2021-07-29 18:48:24 - [MESSAGE][PASSED] - Statbar Samples count matches

2021-07-29 18:48:24 - [MESSAGE][PASSED] - Statbar Cases count matches

2021-07-29 18:48:24 - [MESSAGE][PASSED] - Statbar Arms count matches

2021-07-29 18:48:24 - [TEST_STEP][PASSED] - waitForElementPresent(findTestObject("Object Repository/Canine/CanineResults_Samples_Tab"), 5): Object 'Object Repository/Canine/CanineResults_Samples_Tab' is present

2021-07-29 18:48:24 - [MESSAGE][PASSED] - Object 'Object Repository/Canine/CanineResults_Samples_Tab' is present

2021-07-29 18:48:24 - [TEST_STEP][PASSED] - ctdc.utilities.runtestcaseforKatalon.clickTab("Object Repository/Canine/CanineResults_Samples_Tab"): ctdc.utilities.runtestcaseforKatalon.clickTab is PASSED

2021-07-29 18:48:24 - [MESSAGE][PASSED] - ctdc.utilities.runtestcaseforKatalon.clickTab is PASSED

2021-07-29 18:48:24 - [TEST_STEP][PASSED] - ctdc.utilities.runtestcaseforKatalon.multiFunction("ICDC", G_StatBar_Samples, "Object Repository/Canine/Canine_Samples_Table", "Object Repository/Canine/Canine_Samples_TableHdr", "Object Repository/Canine/Canine_SamplesTabNextBtn", G_WebTabnameSamples, G_CypherTabnameSamples, G_QuerySamplesTab): Statbar Arms count matches

2021-07-29 18:48:39 - [MESSAGE][PASSED] - Statbar Files count matches

2021-07-29 18:48:39 - [MESSAGE][PASSED] - Statbar Samples count matches

2021-07-29 18:48:39 - [MESSAGE][PASSED] - Statbar Cases count matches

2021-07-29 18:48:39 - [MESSAGE][PASSED] - Statbar Arms count matches

2021-07-29 18:48:39 - [TEST_STEP][PASSED] - waitForElementPresent(findTestObject("Object Repository/Canine/CanineResults_Files_Tab"), 5): Object 'Object Repository/Canine/CanineResults_Files_Tab' is present

2021-07-29 18:48:39 - [MESSAGE][PASSED] - Object 'Object Repository/Canine/CanineResults_Files_Tab' is present

2021-07-29 18:48:39 - [TEST_STEP][PASSED] - ctdc.utilities.runtestcaseforKatalon.clickTab("Object Repository/Canine/CanineResults_Files_Tab"): ctdc.utilities.runtestcaseforKatalon.clickTab is PASSED

2021-07-29 18:48:39 - [MESSAGE][PASSED] - ctdc.utilities.runtestcaseforKatalon.clickTab is PASSED

2021-07-29 18:48:39 - [TEST_STEP][PASSED] - ctdc.utilities.runtestcaseforKatalon.multiFunction("ICDC", G_StatBar_Files, "Object Repository/Canine/Canine_Files_Table", "Object Repository/Canine/Canine_Files_TableHdr", "Object Repository/Canine/Canine_FilesTabNextBtn", G_WebTabnameFiles, G_CypherTabnameFiles, G_QueryFilesTab): Statbar Arms count matches

2021-07-29 18:48:56 - [MESSAGE][PASSED] - Statbar Files count matches

2021-07-29 18:48:56 - [MESSAGE][PASSED] - Statbar Samples count matches

2021-07-29 18:48:56 - [MESSAGE][PASSED] - Statbar Cases count matches

2021-07-29 18:48:56 - [MESSAGE][PASSED] - Statbar Arms count matches

2021-07-29 18:48:56 - [TEST_STEP][PASSED] - closeBrowser(): Browser is closed

2021-07-29 18:48:56 - [MESSAGE][PASSED] - Browser is closed]]></system-out>
         <system-err><![CDATA[]]></system-err>
      </testcase>
      <testcase name="Test Cases/Canine_TestCases/SamplePathology/TC10_Canine_Filter_SamplePatho-TCellLymphoma" time="152.887" classname="Test Cases/Canine_TestCases/SamplePathology/TC10_Canine_Filter_SamplePatho-TCellLymphoma" status="PASSED">
         <system-out><![CDATA[2021-07-29 18:48:56 - [TEST_CASE][PASSED] - Test Cases/Canine_TestCases/SamplePathology/TC10_Canine_Filter_SamplePatho-TCellLymphoma: Test Cases/Canine_TestCases/SamplePathology/TC10_Canine_Filter_SamplePatho-TCellLymphoma

2021-07-29 18:48:56 - [TEST_STEP][PASSED] - Start listener action : getTestScriptName: null

2021-07-29 18:48:56 - [TEST_STEP][PASSED] - TestCaseId = testCaseContext.getTestCaseId(): null

2021-07-29 18:48:56 - [TEST_STEP][PASSED] - out.println("**********this is the value of test case id string******** " + testCaseContext.getTestCaseId()): null

2021-07-29 18:48:56 - [TEST_STEP][PASSED] - G_currentTCName = TestCaseId.substring(TestCaseId.lastIndexOf("TC")): null

2021-07-29 18:48:56 - [TEST_STEP][PASSED] - out.println("This is the test case name : " + G_currentTCName): null

2021-07-29 18:48:57 - [TEST_STEP][PASSED] - closeBrowser(): Browser is closed

2021-07-29 18:48:57 - [MESSAGE][PASSED] - Browser is closed

2021-07-29 18:48:57 - [TEST_STEP][PASSED] - ctdc.utilities.runtestcaseforKatalon.RunKatalon("TC10_Canine_Filter_SamplePatho-TCellLymphoma.xlsx"): Data loaded from input file for the test case. 

2021-07-29 18:48:57 - [MESSAGE][PASSED] - Test case file loaded This is the full filepath after converting to string :C:\Users\sohilz2\Commons_Automation\InputFiles\TC10_Canine_Filter_SamplePatho-TCellLymphoma.xlsx

2021-07-29 18:48:57 - [MESSAGE][INFO] - Global variable set for password file is :  C:\Users\sohilz2\Commons_Automation\InputFiles\TC10_Canine_Filter_SamplePatho-TCellLymphoma.xlsx

2021-07-29 18:49:01 - [MESSAGE][PASSED] - Data loaded from input file for the test case. 

2021-07-29 18:49:07 - [TEST_STEP][PASSED] - click(findTestObject("Canine/NavBar/Canine_Cases_Btn")): Object: 'Object Repository/Canine/NavBar/Canine_Cases_Btn' is clicked on

2021-07-29 18:49:07 - [MESSAGE][PASSED] - Object: 'Object Repository/Canine/NavBar/Canine_Cases_Btn' is clicked on

2021-07-29 18:49:07 - [TEST_STEP][PASSED] - click(findTestObject("Bento/Cases_page/Filter/FilterBySamples_Facet")): Object: 'Object Repository/Bento/Cases_page/Filter/FilterBySamples_Facet' is clicked on

2021-07-29 18:49:09 - [MESSAGE][PASSED] - Object: 'Object Repository/Bento/Cases_page/Filter/FilterBySamples_Facet' is clicked on

2021-07-29 18:49:09 - [TEST_STEP][PASSED] - waitForElementPresent(findTestObject("Object Repository/Canine/Filter/SamplePathology/SAMPLEPATHOLOGY_Ddn"), 5): Object 'Object Repository/Canine/Filter/SamplePathology/SAMPLEPATHOLOGY_Ddn' is present

2021-07-29 18:49:09 - [MESSAGE][PASSED] - Object 'Object Repository/Canine/Filter/SamplePathology/SAMPLEPATHOLOGY_Ddn' is present

2021-07-29 18:49:09 - [TEST_STEP][PASSED] - ctdc.utilities.runtestcaseforKatalon.clickTabCanineStat("Object Repository/Canine/Filter/SamplePathology/SAMPLEPATHOLOGY_Ddn"): ctdc.utilities.runtestcaseforKatalon.clickTabCanineStat is PASSED

2021-07-29 18:49:11 - [MESSAGE][PASSED] - ctdc.utilities.runtestcaseforKatalon.clickTabCanineStat is PASSED

2021-07-29 18:49:11 - [TEST_STEP][PASSED] - ctdc.utilities.runtestcaseforKatalon.clickTabCanineStat("Object Repository/Canine/Filter/SamplePathology/TCellLymphoma_Chkbx"): ctdc.utilities.runtestcaseforKatalon.clickTabCanineStat is PASSED

2021-07-29 18:49:12 - [MESSAGE][PASSED] - ctdc.utilities.runtestcaseforKatalon.clickTabCanineStat is PASSED

2021-07-29 18:49:12 - [TEST_STEP][PASSED] - ctdc.utilities.runtestcaseforKatalon.readStatBarCanine("Object Repository/Canine/StatBar/Canine_StatBar-Studies", "Object Repository/Canine/StatBar/Canine_StatBar-Cases", "Object Repository/Canine/StatBar/Canine_StatBar-Samples", "Object Repository/Canine/StatBar/Canine_StatBar-Files", "Object Repository/Canine/StatBar/Canine_StatBar-Aliquots"): ctdc.utilities.runtestcaseforKatalon.readStatBarCanine is PASSED

2021-07-29 18:49:28 - [MESSAGE][PASSED] - ctdc.utilities.runtestcaseforKatalon.readStatBarCanine is PASSED

2021-07-29 18:49:28 - [TEST_STEP][PASSED] - waitForElementPresent(findTestObject("Object Repository/Canine/CanineResults_Cases_Tab"), 5): Object 'Object Repository/Canine/CanineResults_Cases_Tab' is present

2021-07-29 18:49:28 - [MESSAGE][PASSED] - Object 'Object Repository/Canine/CanineResults_Cases_Tab' is present

2021-07-29 18:49:28 - [TEST_STEP][PASSED] - ctdc.utilities.runtestcaseforKatalon.clickTab("Object Repository/Canine/CanineResults_Cases_Tab"): ctdc.utilities.runtestcaseforKatalon.clickTab is PASSED

2021-07-29 18:49:28 - [MESSAGE][PASSED] - ctdc.utilities.runtestcaseforKatalon.clickTab is PASSED

2021-07-29 18:49:28 - [TEST_STEP][PASSED] - ctdc.utilities.runtestcaseforKatalon.multiFunction("ICDC", G_StatBar_Cases, "Object Repository/Canine/Canine_CasesTable", "Object Repository/Canine/Canine_TableHeader", "Object Repository/Canine/Canine_CasesTabNextBtn", G_WebTabnameCases, G_CypherTabnameCases, G_QueryCasesTab): Statbar Arms count matches

2021-07-29 18:49:55 - [MESSAGE][PASSED] - Statbar Files count matches

2021-07-29 18:49:55 - [MESSAGE][PASSED] - Statbar Samples count matches

2021-07-29 18:49:55 - [MESSAGE][PASSED] - Statbar Cases count matches

2021-07-29 18:49:55 - [MESSAGE][PASSED] - Statbar Arms count matches

2021-07-29 18:49:55 - [TEST_STEP][PASSED] - waitForElementPresent(findTestObject("Object Repository/Canine/CanineResults_Samples_Tab"), 5): Object 'Object Repository/Canine/CanineResults_Samples_Tab' is present

2021-07-29 18:49:55 - [MESSAGE][PASSED] - Object 'Object Repository/Canine/CanineResults_Samples_Tab' is present

2021-07-29 18:49:55 - [TEST_STEP][PASSED] - ctdc.utilities.runtestcaseforKatalon.clickTab("Object Repository/Canine/CanineResults_Samples_Tab"): ctdc.utilities.runtestcaseforKatalon.clickTab is PASSED

2021-07-29 18:49:56 - [MESSAGE][PASSED] - ctdc.utilities.runtestcaseforKatalon.clickTab is PASSED

2021-07-29 18:49:56 - [TEST_STEP][PASSED] - ctdc.utilities.runtestcaseforKatalon.multiFunction("ICDC", G_StatBar_Samples, "Object Repository/Canine/Canine_Samples_Table", "Object Repository/Canine/Canine_Samples_TableHdr", "Object Repository/Canine/Canine_SamplesTabNextBtn", G_WebTabnameSamples, G_CypherTabnameSamples, G_QuerySamplesTab): Statbar Arms count matches

2021-07-29 18:50:24 - [MESSAGE][PASSED] - Statbar Files count matches

2021-07-29 18:50:24 - [MESSAGE][PASSED] - Statbar Samples count matches

2021-07-29 18:50:24 - [MESSAGE][PASSED] - Statbar Cases count matches

2021-07-29 18:50:24 - [MESSAGE][PASSED] - Statbar Arms count matches

2021-07-29 18:50:24 - [TEST_STEP][PASSED] - waitForElementPresent(findTestObject("Object Repository/Canine/CanineResults_Files_Tab"), 5): Object 'Object Repository/Canine/CanineResults_Files_Tab' is present

2021-07-29 18:50:24 - [MESSAGE][PASSED] - Object 'Object Repository/Canine/CanineResults_Files_Tab' is present

2021-07-29 18:50:24 - [TEST_STEP][PASSED] - ctdc.utilities.runtestcaseforKatalon.clickTab("Object Repository/Canine/CanineResults_Files_Tab"): ctdc.utilities.runtestcaseforKatalon.clickTab is PASSED

2021-07-29 18:50:24 - [MESSAGE][PASSED] - ctdc.utilities.runtestcaseforKatalon.clickTab is PASSED

2021-07-29 18:50:24 - [TEST_STEP][PASSED] - ctdc.utilities.runtestcaseforKatalon.multiFunction("ICDC", G_StatBar_Files, "Object Repository/Canine/Canine_Files_Table", "Object Repository/Canine/Canine_Files_TableHdr", "Object Repository/Canine/Canine_FilesTabNextBtn", G_WebTabnameFiles, G_CypherTabnameFiles, G_QueryFilesTab): Statbar Arms count matches

2021-07-29 18:51:29 - [MESSAGE][PASSED] - Statbar Files count matches

2021-07-29 18:51:29 - [MESSAGE][PASSED] - Statbar Samples count matches

2021-07-29 18:51:29 - [MESSAGE][PASSED] - Statbar Cases count matches

2021-07-29 18:51:29 - [MESSAGE][PASSED] - Statbar Arms count matches

2021-07-29 18:51:29 - [TEST_STEP][PASSED] - closeBrowser(): Browser is closed

2021-07-29 18:51:29 - [MESSAGE][PASSED] - Browser is closed]]></system-out>
         <system-err><![CDATA[]]></system-err>
      </testcase>
      <testcase name="Test Cases/Canine_TestCases/SamplePathology/TC11_Canine_Filter_SamplePatho-Undefined" time="160.888" classname="Test Cases/Canine_TestCases/SamplePathology/TC11_Canine_Filter_SamplePatho-Undefined" status="PASSED">
         <system-out><![CDATA[2021-07-29 18:51:29 - [TEST_CASE][PASSED] - Test Cases/Canine_TestCases/SamplePathology/TC11_Canine_Filter_SamplePatho-Undefined: Test Cases/Canine_TestCases/SamplePathology/TC11_Canine_Filter_SamplePatho-Undefined

2021-07-29 18:51:29 - [TEST_STEP][PASSED] - Start listener action : getTestScriptName: null

2021-07-29 18:51:29 - [TEST_STEP][PASSED] - TestCaseId = testCaseContext.getTestCaseId(): null

2021-07-29 18:51:29 - [TEST_STEP][PASSED] - out.println("**********this is the value of test case id string******** " + testCaseContext.getTestCaseId()): null

2021-07-29 18:51:29 - [TEST_STEP][PASSED] - G_currentTCName = TestCaseId.substring(TestCaseId.lastIndexOf("TC")): null

2021-07-29 18:51:29 - [TEST_STEP][PASSED] - out.println("This is the test case name : " + G_currentTCName): null

2021-07-29 18:51:30 - [TEST_STEP][PASSED] - closeBrowser(): Browser is closed

2021-07-29 18:51:30 - [MESSAGE][PASSED] - Browser is closed

2021-07-29 18:51:30 - [TEST_STEP][PASSED] - ctdc.utilities.runtestcaseforKatalon.RunKatalon("TC11_Canine_Filter_SamplePatho-Undefined.xlsx"): Data loaded from input file for the test case. 

2021-07-29 18:51:30 - [MESSAGE][PASSED] - Test case file loaded This is the full filepath after converting to string :C:\Users\sohilz2\Commons_Automation\InputFiles\TC11_Canine_Filter_SamplePatho-Undefined.xlsx

2021-07-29 18:51:30 - [MESSAGE][INFO] - Global variable set for password file is :  C:\Users\sohilz2\Commons_Automation\InputFiles\TC11_Canine_Filter_SamplePatho-Undefined.xlsx

2021-07-29 18:51:34 - [MESSAGE][PASSED] - Data loaded from input file for the test case. 

2021-07-29 18:51:40 - [TEST_STEP][PASSED] - click(findTestObject("Canine/NavBar/Canine_Cases_Btn")): Object: 'Object Repository/Canine/NavBar/Canine_Cases_Btn' is clicked on

2021-07-29 18:51:40 - [MESSAGE][PASSED] - Object: 'Object Repository/Canine/NavBar/Canine_Cases_Btn' is clicked on

2021-07-29 18:51:40 - [TEST_STEP][PASSED] - click(findTestObject("Bento/Cases_page/Filter/FilterBySamples_Facet")): Object: 'Object Repository/Bento/Cases_page/Filter/FilterBySamples_Facet' is clicked on

2021-07-29 18:51:42 - [MESSAGE][PASSED] - Object: 'Object Repository/Bento/Cases_page/Filter/FilterBySamples_Facet' is clicked on

2021-07-29 18:51:42 - [TEST_STEP][PASSED] - waitForElementPresent(findTestObject("Object Repository/Canine/Filter/SamplePathology/SAMPLEPATHOLOGY_Ddn"), 5): Object 'Object Repository/Canine/Filter/SamplePathology/SAMPLEPATHOLOGY_Ddn' is present

2021-07-29 18:51:42 - [MESSAGE][PASSED] - Object 'Object Repository/Canine/Filter/SamplePathology/SAMPLEPATHOLOGY_Ddn' is present

2021-07-29 18:51:42 - [TEST_STEP][PASSED] - ctdc.utilities.runtestcaseforKatalon.clickTabCanineStat("Object Repository/Canine/Filter/SamplePathology/SAMPLEPATHOLOGY_Ddn"): ctdc.utilities.runtestcaseforKatalon.clickTabCanineStat is PASSED

2021-07-29 18:51:44 - [MESSAGE][PASSED] - ctdc.utilities.runtestcaseforKatalon.clickTabCanineStat is PASSED

2021-07-29 18:51:44 - [TEST_STEP][PASSED] - ctdc.utilities.runtestcaseforKatalon.clickTabCanineStat("Object Repository/Canine/Filter/SamplePathology/Undefined_Chkbx"): ctdc.utilities.runtestcaseforKatalon.clickTabCanineStat is PASSED

2021-07-29 18:51:45 - [MESSAGE][PASSED] - ctdc.utilities.runtestcaseforKatalon.clickTabCanineStat is PASSED

2021-07-29 18:51:45 - [TEST_STEP][PASSED] - ctdc.utilities.runtestcaseforKatalon.readStatBarCanine("Object Repository/Canine/StatBar/Canine_StatBar-Studies", "Object Repository/Canine/StatBar/Canine_StatBar-Cases", "Object Repository/Canine/StatBar/Canine_StatBar-Samples", "Object Repository/Canine/StatBar/Canine_StatBar-Files", "Object Repository/Canine/StatBar/Canine_StatBar-Aliquots"): ctdc.utilities.runtestcaseforKatalon.readStatBarCanine is PASSED

2021-07-29 18:52:01 - [MESSAGE][PASSED] - ctdc.utilities.runtestcaseforKatalon.readStatBarCanine is PASSED

2021-07-29 18:52:01 - [TEST_STEP][PASSED] - waitForElementPresent(findTestObject("Object Repository/Canine/CanineResults_Cases_Tab"), 5): Object 'Object Repository/Canine/CanineResults_Cases_Tab' is present

2021-07-29 18:52:01 - [MESSAGE][PASSED] - Object 'Object Repository/Canine/CanineResults_Cases_Tab' is present

2021-07-29 18:52:01 - [TEST_STEP][PASSED] - ctdc.utilities.runtestcaseforKatalon.clickTab("Object Repository/Canine/CanineResults_Cases_Tab"): ctdc.utilities.runtestcaseforKatalon.clickTab is PASSED

2021-07-29 18:52:01 - [MESSAGE][PASSED] - ctdc.utilities.runtestcaseforKatalon.clickTab is PASSED

2021-07-29 18:52:01 - [TEST_STEP][PASSED] - ctdc.utilities.runtestcaseforKatalon.multiFunction("ICDC", G_StatBar_Cases, "Object Repository/Canine/Canine_CasesTable", "Object Repository/Canine/Canine_TableHeader", "Object Repository/Canine/Canine_CasesTabNextBtn", G_WebTabnameCases, G_CypherTabnameCases, G_QueryCasesTab): Statbar Arms count matches

2021-07-29 18:52:18 - [MESSAGE][PASSED] - Statbar Files count matches

2021-07-29 18:52:18 - [MESSAGE][PASSED] - Statbar Samples count matches

2021-07-29 18:52:18 - [MESSAGE][PASSED] - Statbar Cases count matches

2021-07-29 18:52:18 - [MESSAGE][PASSED] - Statbar Arms count matches

2021-07-29 18:52:18 - [TEST_STEP][PASSED] - waitForElementPresent(findTestObject("Object Repository/Canine/CanineResults_Samples_Tab"), 5): Object 'Object Repository/Canine/CanineResults_Samples_Tab' is present

2021-07-29 18:52:18 - [MESSAGE][PASSED] - Object 'Object Repository/Canine/CanineResults_Samples_Tab' is present

2021-07-29 18:52:18 - [TEST_STEP][PASSED] - ctdc.utilities.runtestcaseforKatalon.clickTab("Object Repository/Canine/CanineResults_Samples_Tab"): ctdc.utilities.runtestcaseforKatalon.clickTab is PASSED

2021-07-29 18:52:18 - [MESSAGE][PASSED] - ctdc.utilities.runtestcaseforKatalon.clickTab is PASSED

2021-07-29 18:52:18 - [TEST_STEP][PASSED] - ctdc.utilities.runtestcaseforKatalon.multiFunction("ICDC", G_StatBar_Samples, "Object Repository/Canine/Canine_Samples_Table", "Object Repository/Canine/Canine_Samples_TableHdr", "Object Repository/Canine/Canine_SamplesTabNextBtn", G_WebTabnameSamples, G_CypherTabnameSamples, G_QuerySamplesTab): Statbar Arms count matches

2021-07-29 18:52:51 - [MESSAGE][PASSED] - Statbar Files count matches

2021-07-29 18:52:51 - [MESSAGE][PASSED] - Statbar Samples count matches

2021-07-29 18:52:51 - [MESSAGE][PASSED] - Statbar Cases count matches

2021-07-29 18:52:51 - [MESSAGE][PASSED] - Statbar Arms count matches

2021-07-29 18:52:51 - [TEST_STEP][PASSED] - waitForElementPresent(findTestObject("Object Repository/Canine/CanineResults_Files_Tab"), 5): Object 'Object Repository/Canine/CanineResults_Files_Tab' is present

2021-07-29 18:52:51 - [MESSAGE][PASSED] - Object 'Object Repository/Canine/CanineResults_Files_Tab' is present

2021-07-29 18:52:51 - [TEST_STEP][PASSED] - ctdc.utilities.runtestcaseforKatalon.clickTab("Object Repository/Canine/CanineResults_Files_Tab"): ctdc.utilities.runtestcaseforKatalon.clickTab is PASSED

2021-07-29 18:52:51 - [MESSAGE][PASSED] - ctdc.utilities.runtestcaseforKatalon.clickTab is PASSED

2021-07-29 18:52:51 - [TEST_STEP][PASSED] - ctdc.utilities.runtestcaseforKatalon.multiFunction("ICDC", G_StatBar_Files, "Object Repository/Canine/Canine_Files_Table", "Object Repository/Canine/Canine_Files_TableHdr", "Object Repository/Canine/Canine_FilesTabNextBtn", G_WebTabnameFiles, G_CypherTabnameFiles, G_QueryFilesTab): Statbar Arms count matches

2021-07-29 18:54:10 - [MESSAGE][PASSED] - Statbar Files count matches

2021-07-29 18:54:10 - [MESSAGE][PASSED] - Statbar Samples count matches

2021-07-29 18:54:10 - [MESSAGE][PASSED] - Statbar Cases count matches

2021-07-29 18:54:10 - [MESSAGE][PASSED] - Statbar Arms count matches

2021-07-29 18:54:10 - [TEST_STEP][PASSED] - closeBrowser(): Browser is closed

2021-07-29 18:54:10 - [MESSAGE][PASSED] - Browser is closed]]></system-out>
         <system-err><![CDATA[]]></system-err>
      </testcase>
      <testcase name="Test Cases/Canine_TestCases/SampleType/TC01_Canine_Filter_SampleType-PrimMaligTumTissue" time="2471.22" classname="Test Cases/Canine_TestCases/SampleType/TC01_Canine_Filter_SampleType-PrimMaligTumTissue" status="PASSED">
         <system-out><![CDATA[2021-07-29 18:54:10 - [TEST_CASE][PASSED] - Test Cases/Canine_TestCases/SampleType/TC01_Canine_Filter_SampleType-PrimMaligTumTissue: Test Cases/Canine_TestCases/SampleType/TC01_Canine_Filter_SampleType-PrimMaligTumTissue

2021-07-29 18:54:10 - [TEST_STEP][PASSED] - Start listener action : getTestScriptName: null

2021-07-29 18:54:10 - [TEST_STEP][PASSED] - TestCaseId = testCaseContext.getTestCaseId(): null

2021-07-29 18:54:10 - [TEST_STEP][PASSED] - out.println("**********this is the value of test case id string******** " + testCaseContext.getTestCaseId()): null

2021-07-29 18:54:10 - [TEST_STEP][PASSED] - G_currentTCName = TestCaseId.substring(TestCaseId.lastIndexOf("TC")): null

2021-07-29 18:54:10 - [TEST_STEP][PASSED] - out.println("This is the test case name : " + G_currentTCName): null

2021-07-29 18:54:11 - [TEST_STEP][PASSED] - closeBrowser(): Browser is closed

2021-07-29 18:54:11 - [MESSAGE][PASSED] - Browser is closed

2021-07-29 18:54:11 - [TEST_STEP][PASSED] - ctdc.utilities.runtestcaseforKatalon.RunKatalon("TC01_Canine_Filter_SampleType-PrimMaligTumTissue.xlsx"): Data loaded from input file for the test case. 

2021-07-29 18:54:11 - [MESSAGE][PASSED] - Test case file loaded This is the full filepath after converting to string :C:\Users\sohilz2\Commons_Automation\InputFiles\TC01_Canine_Filter_SampleType-PrimMaligTumTissue.xlsx

2021-07-29 18:54:11 - [MESSAGE][INFO] - Global variable set for password file is :  C:\Users\sohilz2\Commons_Automation\InputFiles\TC01_Canine_Filter_SampleType-PrimMaligTumTissue.xlsx

2021-07-29 18:54:15 - [MESSAGE][PASSED] - Data loaded from input file for the test case. 

2021-07-29 18:54:24 - [TEST_STEP][PASSED] - click(findTestObject("Canine/NavBar/Canine_Cases_Btn")): Object: 'Object Repository/Canine/NavBar/Canine_Cases_Btn' is clicked on

2021-07-29 18:54:24 - [MESSAGE][PASSED] - Object: 'Object Repository/Canine/NavBar/Canine_Cases_Btn' is clicked on

2021-07-29 18:54:24 - [TEST_STEP][PASSED] - click(findTestObject("Object Repository/Canine/Filter/FilterBySamples_Facet")): Object: 'Object Repository/Canine/Filter/FilterBySamples_Facet' is clicked on

2021-07-29 18:54:25 - [MESSAGE][PASSED] - Object: 'Object Repository/Canine/Filter/FilterBySamples_Facet' is clicked on

2021-07-29 18:54:25 - [TEST_STEP][PASSED] - ctdc.utilities.runtestcaseforKatalon.clickTabCanineStat("Object Repository/Canine/Filter/SampleType/SAMPLETYPE_Ddn"): ctdc.utilities.runtestcaseforKatalon.clickTabCanineStat is PASSED

2021-07-29 18:54:27 - [MESSAGE][PASSED] - ctdc.utilities.runtestcaseforKatalon.clickTabCanineStat is PASSED

2021-07-29 18:54:27 - [TEST_STEP][PASSED] - ctdc.utilities.runtestcaseforKatalon.clickTabCanineStat("Object Repository/Canine/Filter/SampleType/PrimMaligTumTissue_Chkbx"): ctdc.utilities.runtestcaseforKatalon.clickTabCanineStat is PASSED

2021-07-29 18:54:28 - [MESSAGE][PASSED] - ctdc.utilities.runtestcaseforKatalon.clickTabCanineStat is PASSED

2021-07-29 18:54:28 - [TEST_STEP][PASSED] - ctdc.utilities.runtestcaseforKatalon.readStatBarCanine("Object Repository/Canine/StatBar/Canine_StatBar-Studies", "Object Repository/Canine/StatBar/Canine_StatBar-Cases", "Object Repository/Canine/StatBar/Canine_StatBar-Samples", "Object Repository/Canine/StatBar/Canine_StatBar-Files", "Object Repository/Canine/StatBar/Canine_StatBar-Aliquots"): ctdc.utilities.runtestcaseforKatalon.readStatBarCanine is PASSED

2021-07-29 18:54:44 - [MESSAGE][PASSED] - ctdc.utilities.runtestcaseforKatalon.readStatBarCanine is PASSED

2021-07-29 18:54:44 - [TEST_STEP][PASSED] - waitForElementPresent(findTestObject("Object Repository/Canine/CanineResults_Cases_Tab"), 5): Object 'Object Repository/Canine/CanineResults_Cases_Tab' is present

2021-07-29 18:54:44 - [MESSAGE][PASSED] - Object 'Object Repository/Canine/CanineResults_Cases_Tab' is present

2021-07-29 18:54:44 - [TEST_STEP][PASSED] - click(findTestObject("Object Repository/Canine/CanineResults_Cases_Tab")): Object: 'Object Repository/Canine/CanineResults_Cases_Tab' is clicked on

2021-07-29 18:54:44 - [MESSAGE][PASSED] - Object: 'Object Repository/Canine/CanineResults_Cases_Tab' is clicked on

2021-07-29 18:54:44 - [TEST_STEP][PASSED] - ctdc.utilities.runtestcaseforKatalon.multiFunction("ICDC", G_StatBar_Cases, "Object Repository/Canine/Canine_CasesTable", "Object Repository/Canine/Canine_TableHeader", "Object Repository/Canine/Canine_CasesTabNextBtn", G_WebTabnameCases, G_CypherTabnameCases, G_QueryCasesTab): Statbar Arms count matches

2021-07-29 19:00:02 - [MESSAGE][PASSED] - Statbar Files count matches

2021-07-29 19:00:02 - [MESSAGE][PASSED] - Statbar Samples count matches

2021-07-29 19:00:02 - [MESSAGE][PASSED] - Statbar Cases count matches

2021-07-29 19:00:02 - [MESSAGE][PASSED] - Statbar Arms count matches

2021-07-29 19:00:02 - [TEST_STEP][PASSED] - ctdc.utilities.runtestcaseforKatalon.clickTab("Object Repository/Canine/CanineResults_Samples_Tab"): ctdc.utilities.runtestcaseforKatalon.clickTab is PASSED

2021-07-29 19:00:02 - [MESSAGE][PASSED] - ctdc.utilities.runtestcaseforKatalon.clickTab is PASSED

2021-07-29 19:00:02 - [TEST_STEP][PASSED] - ctdc.utilities.runtestcaseforKatalon.multiFunction("ICDC", G_StatBar_Samples, "Object Repository/Canine/Canine_Samples_Table", "Object Repository/Canine/Canine_Samples_TableHdr", "Object Repository/Canine/Canine_SamplesTabNextBtn", G_WebTabnameSamples, G_CypherTabnameSamples, G_QuerySamplesTab): Statbar Arms count matches

2021-07-29 19:10:16 - [MESSAGE][PASSED] - Statbar Files count matches

2021-07-29 19:10:16 - [MESSAGE][PASSED] - Statbar Samples count matches

2021-07-29 19:10:16 - [MESSAGE][PASSED] - Statbar Cases count matches

2021-07-29 19:10:16 - [MESSAGE][PASSED] - Statbar Arms count matches

2021-07-29 19:10:16 - [TEST_STEP][PASSED] - ctdc.utilities.runtestcaseforKatalon.clickTab("Object Repository/Canine/CanineResults_Files_Tab"): ctdc.utilities.runtestcaseforKatalon.clickTab is PASSED

2021-07-29 19:10:16 - [MESSAGE][PASSED] - ctdc.utilities.runtestcaseforKatalon.clickTab is PASSED

2021-07-29 19:10:16 - [TEST_STEP][PASSED] - ctdc.utilities.runtestcaseforKatalon.multiFunction("ICDC", G_StatBar_Files, "Object Repository/Canine/Canine_Files_Table", "Object Repository/Canine/Canine_Files_TableHdr", "Object Repository/Canine/Canine_FilesTabNextBtn", G_WebTabnameFiles, G_CypherTabnameFiles, G_QueryFilesTab): Statbar Arms count matches

2021-07-29 19:35:21 - [MESSAGE][PASSED] - Statbar Files count matches

2021-07-29 19:35:21 - [MESSAGE][PASSED] - Statbar Samples count matches

2021-07-29 19:35:21 - [MESSAGE][PASSED] - Statbar Cases count matches

2021-07-29 19:35:21 - [MESSAGE][PASSED] - Statbar Arms count matches

2021-07-29 19:35:21 - [TEST_STEP][PASSED] - closeBrowser(): Browser is closed

2021-07-29 19:35:21 - [MESSAGE][PASSED] - Browser is closed]]></system-out>
         <system-err><![CDATA[]]></system-err>
      </testcase>
      <testcase name="Test Cases/Canine_TestCases/SampleType/TC02_Canine_Filter_SampleType-WholeBlood" time="265.462" classname="Test Cases/Canine_TestCases/SampleType/TC02_Canine_Filter_SampleType-WholeBlood" status="PASSED">
         <system-out><![CDATA[2021-07-29 19:35:21 - [TEST_CASE][PASSED] - Test Cases/Canine_TestCases/SampleType/TC02_Canine_Filter_SampleType-WholeBlood: Test Cases/Canine_TestCases/SampleType/TC02_Canine_Filter_SampleType-WholeBlood

2021-07-29 19:35:21 - [TEST_STEP][PASSED] - Start listener action : getTestScriptName: null

2021-07-29 19:35:21 - [TEST_STEP][PASSED] - TestCaseId = testCaseContext.getTestCaseId(): null

2021-07-29 19:35:21 - [TEST_STEP][PASSED] - out.println("**********this is the value of test case id string******** " + testCaseContext.getTestCaseId()): null

2021-07-29 19:35:21 - [TEST_STEP][PASSED] - G_currentTCName = TestCaseId.substring(TestCaseId.lastIndexOf("TC")): null

2021-07-29 19:35:21 - [TEST_STEP][PASSED] - out.println("This is the test case name : " + G_currentTCName): null

2021-07-29 19:35:22 - [TEST_STEP][PASSED] - closeBrowser(): Browser is closed

2021-07-29 19:35:22 - [MESSAGE][PASSED] - Browser is closed

2021-07-29 19:35:22 - [TEST_STEP][PASSED] - ctdc.utilities.runtestcaseforKatalon.RunKatalon("TC02_Canine_Filter_SampleType-WholeBlood.xlsx"): Data loaded from input file for the test case. 

2021-07-29 19:35:22 - [MESSAGE][PASSED] - Test case file loaded This is the full filepath after converting to string :C:\Users\sohilz2\Commons_Automation\InputFiles\TC02_Canine_Filter_SampleType-WholeBlood.xlsx

2021-07-29 19:35:22 - [MESSAGE][INFO] - Global variable set for password file is :  C:\Users\sohilz2\Commons_Automation\InputFiles\TC02_Canine_Filter_SampleType-WholeBlood.xlsx

2021-07-29 19:35:26 - [MESSAGE][PASSED] - Data loaded from input file for the test case. 

2021-07-29 19:35:32 - [TEST_STEP][PASSED] - click(findTestObject("Canine/NavBar/Canine_Cases_Btn")): Object: 'Object Repository/Canine/NavBar/Canine_Cases_Btn' is clicked on

2021-07-29 19:35:32 - [MESSAGE][PASSED] - Object: 'Object Repository/Canine/NavBar/Canine_Cases_Btn' is clicked on

2021-07-29 19:35:32 - [TEST_STEP][PASSED] - click(findTestObject("Bento/Cases_page/Filter/FilterByCases_Facet")): Object: 'Object Repository/Bento/Cases_page/Filter/FilterByCases_Facet' is clicked on

2021-07-29 19:35:34 - [MESSAGE][PASSED] - Object: 'Object Repository/Bento/Cases_page/Filter/FilterByCases_Facet' is clicked on

2021-07-29 19:35:34 - [TEST_STEP][PASSED] - waitForElementPresent(findTestObject("Object Repository/Canine/Filter/SampleType/SAMPLETYPE_Ddn"), 5): Object 'Object Repository/Canine/Filter/SampleType/SAMPLETYPE_Ddn' is present

2021-07-29 19:35:34 - [MESSAGE][PASSED] - Object 'Object Repository/Canine/Filter/SampleType/SAMPLETYPE_Ddn' is present

2021-07-29 19:35:34 - [TEST_STEP][PASSED] - ctdc.utilities.runtestcaseforKatalon.clickTabCanineStat("Object Repository/Canine/Filter/SampleType/SAMPLETYPE_Ddn"): ctdc.utilities.runtestcaseforKatalon.clickTabCanineStat is PASSED

2021-07-29 19:35:36 - [MESSAGE][PASSED] - ctdc.utilities.runtestcaseforKatalon.clickTabCanineStat is PASSED

2021-07-29 19:35:36 - [TEST_STEP][PASSED] - ctdc.utilities.runtestcaseforKatalon.clickTabCanineStat("Object Repository/Canine/Filter/SampleType/WholeBlood_Chkbx"): ctdc.utilities.runtestcaseforKatalon.clickTabCanineStat is PASSED

2021-07-29 19:35:37 - [MESSAGE][PASSED] - ctdc.utilities.runtestcaseforKatalon.clickTabCanineStat is PASSED

2021-07-29 19:35:37 - [TEST_STEP][PASSED] - ctdc.utilities.runtestcaseforKatalon.readStatBarCanine("Object Repository/Canine/StatBar/Canine_StatBar-Studies", "Object Repository/Canine/StatBar/Canine_StatBar-Cases", "Object Repository/Canine/StatBar/Canine_StatBar-Samples", "Object Repository/Canine/StatBar/Canine_StatBar-Files", "Object Repository/Canine/StatBar/Canine_StatBar-Aliquots"): ctdc.utilities.runtestcaseforKatalon.readStatBarCanine is PASSED

2021-07-29 19:35:52 - [MESSAGE][PASSED] - ctdc.utilities.runtestcaseforKatalon.readStatBarCanine is PASSED

2021-07-29 19:35:52 - [TEST_STEP][PASSED] - waitForElementPresent(findTestObject("Object Repository/Canine/CanineResults_Cases_Tab"), 5): Object 'Object Repository/Canine/CanineResults_Cases_Tab' is present

2021-07-29 19:35:53 - [MESSAGE][PASSED] - Object 'Object Repository/Canine/CanineResults_Cases_Tab' is present

2021-07-29 19:35:53 - [TEST_STEP][PASSED] - ctdc.utilities.runtestcaseforKatalon.clickTab("Object Repository/Canine/CanineResults_Cases_Tab"): ctdc.utilities.runtestcaseforKatalon.clickTab is PASSED

2021-07-29 19:35:53 - [MESSAGE][PASSED] - ctdc.utilities.runtestcaseforKatalon.clickTab is PASSED

2021-07-29 19:35:53 - [TEST_STEP][PASSED] - ctdc.utilities.runtestcaseforKatalon.multiFunction("ICDC", G_StatBar_Cases, "Object Repository/Canine/Canine_CasesTable", "Object Repository/Canine/Canine_TableHeader", "Object Repository/Canine/Canine_CasesTabNextBtn", G_WebTabnameCases, G_CypherTabnameCases, G_QueryCasesTab): Statbar Arms count matches

2021-07-29 19:37:42 - [MESSAGE][PASSED] - Statbar Files count matches

2021-07-29 19:37:42 - [MESSAGE][PASSED] - Statbar Samples count matches

2021-07-29 19:37:42 - [MESSAGE][PASSED] - Statbar Cases count matches

2021-07-29 19:37:42 - [MESSAGE][PASSED] - Statbar Arms count matches

2021-07-29 19:37:42 - [TEST_STEP][PASSED] - waitForElementPresent(findTestObject("Object Repository/Canine/CanineResults_Samples_Tab"), 5): Object 'Object Repository/Canine/CanineResults_Samples_Tab' is present

2021-07-29 19:37:42 - [MESSAGE][PASSED] - Object 'Object Repository/Canine/CanineResults_Samples_Tab' is present

2021-07-29 19:37:42 - [TEST_STEP][PASSED] - ctdc.utilities.runtestcaseforKatalon.clickTab("Object Repository/Canine/CanineResults_Samples_Tab"): ctdc.utilities.runtestcaseforKatalon.clickTab is PASSED

2021-07-29 19:37:42 - [MESSAGE][PASSED] - ctdc.utilities.runtestcaseforKatalon.clickTab is PASSED

2021-07-29 19:37:42 - [TEST_STEP][PASSED] - ctdc.utilities.runtestcaseforKatalon.multiFunction("ICDC", G_StatBar_Samples, "Object Repository/Canine/Canine_Samples_Table", "Object Repository/Canine/Canine_Samples_TableHdr", "Object Repository/Canine/Canine_SamplesTabNextBtn", G_WebTabnameSamples, G_CypherTabnameSamples, G_QuerySamplesTab): Statbar Arms count matches

2021-07-29 19:39:46 - [MESSAGE][PASSED] - Statbar Files count matches

2021-07-29 19:39:46 - [MESSAGE][PASSED] - Statbar Samples count matches

2021-07-29 19:39:46 - [MESSAGE][PASSED] - Statbar Cases count matches

2021-07-29 19:39:46 - [MESSAGE][PASSED] - Statbar Arms count matches

2021-07-29 19:39:46 - [TEST_STEP][PASSED] - closeBrowser(): Browser is closed

2021-07-29 19:39:47 - [MESSAGE][PASSED] - Browser is closed]]></system-out>
         <system-err><![CDATA[]]></system-err>
      </testcase>
      <testcase name="Test Cases/Canine_TestCases/SampleType/TC03_Canine_Filter_SampleType-NormalTissue" time="324.501" classname="Test Cases/Canine_TestCases/SampleType/TC03_Canine_Filter_SampleType-NormalTissue" status="PASSED">
         <system-out><![CDATA[2021-07-29 19:39:47 - [TEST_CASE][PASSED] - Test Cases/Canine_TestCases/SampleType/TC03_Canine_Filter_SampleType-NormalTissue: Test Cases/Canine_TestCases/SampleType/TC03_Canine_Filter_SampleType-NormalTissue

2021-07-29 19:39:47 - [TEST_STEP][PASSED] - Start listener action : getTestScriptName: null

2021-07-29 19:39:47 - [TEST_STEP][PASSED] - TestCaseId = testCaseContext.getTestCaseId(): null

2021-07-29 19:39:47 - [TEST_STEP][PASSED] - out.println("**********this is the value of test case id string******** " + testCaseContext.getTestCaseId()): null

2021-07-29 19:39:47 - [TEST_STEP][PASSED] - G_currentTCName = TestCaseId.substring(TestCaseId.lastIndexOf("TC")): null

2021-07-29 19:39:47 - [TEST_STEP][PASSED] - out.println("This is the test case name : " + G_currentTCName): null

2021-07-29 19:39:47 - [TEST_STEP][PASSED] - closeBrowser(): Browser is closed

2021-07-29 19:39:47 - [MESSAGE][PASSED] - Browser is closed

2021-07-29 19:39:47 - [TEST_STEP][PASSED] - ctdc.utilities.runtestcaseforKatalon.RunKatalon("TC03_Canine_Filter_SampleType-NormalTissue.xlsx"): Data loaded from input file for the test case. 

2021-07-29 19:39:47 - [MESSAGE][PASSED] - Test case file loaded This is the full filepath after converting to string :C:\Users\sohilz2\Commons_Automation\InputFiles\TC03_Canine_Filter_SampleType-NormalTissue.xlsx

2021-07-29 19:39:47 - [MESSAGE][INFO] - Global variable set for password file is :  C:\Users\sohilz2\Commons_Automation\InputFiles\TC03_Canine_Filter_SampleType-NormalTissue.xlsx

2021-07-29 19:39:51 - [MESSAGE][PASSED] - Data loaded from input file for the test case. 

2021-07-29 19:39:58 - [TEST_STEP][PASSED] - click(findTestObject("Canine/NavBar/Canine_Cases_Btn")): Object: 'Object Repository/Canine/NavBar/Canine_Cases_Btn' is clicked on

2021-07-29 19:39:58 - [MESSAGE][PASSED] - Object: 'Object Repository/Canine/NavBar/Canine_Cases_Btn' is clicked on

2021-07-29 19:39:58 - [TEST_STEP][PASSED] - click(findTestObject("Bento/Cases_page/Filter/FilterByCases_Facet")): Object: 'Object Repository/Bento/Cases_page/Filter/FilterByCases_Facet' is clicked on

2021-07-29 19:39:59 - [MESSAGE][PASSED] - Object: 'Object Repository/Bento/Cases_page/Filter/FilterByCases_Facet' is clicked on

2021-07-29 19:39:59 - [TEST_STEP][PASSED] - waitForElementPresent(findTestObject("Object Repository/Canine/Filter/SampleType/SAMPLETYPE_Ddn"), 5): Object 'Object Repository/Canine/Filter/SampleType/SAMPLETYPE_Ddn' is present

2021-07-29 19:40:00 - [MESSAGE][PASSED] - Object 'Object Repository/Canine/Filter/SampleType/SAMPLETYPE_Ddn' is present

2021-07-29 19:40:00 - [TEST_STEP][PASSED] - ctdc.utilities.runtestcaseforKatalon.clickTabCanineStat("Object Repository/Canine/Filter/SampleType/SAMPLETYPE_Ddn"): ctdc.utilities.runtestcaseforKatalon.clickTabCanineStat is PASSED

2021-07-29 19:40:01 - [MESSAGE][PASSED] - ctdc.utilities.runtestcaseforKatalon.clickTabCanineStat is PASSED

2021-07-29 19:40:01 - [TEST_STEP][PASSED] - ctdc.utilities.runtestcaseforKatalon.clickTabCanineStat("Object Repository/Canine/Filter/SampleType/NormalTissue_Chkbx"): ctdc.utilities.runtestcaseforKatalon.clickTabCanineStat is PASSED

2021-07-29 19:40:03 - [MESSAGE][PASSED] - ctdc.utilities.runtestcaseforKatalon.clickTabCanineStat is PASSED

2021-07-29 19:40:03 - [TEST_STEP][PASSED] - ctdc.utilities.runtestcaseforKatalon.readStatBarCanine("Object Repository/Canine/StatBar/Canine_StatBar-Studies", "Object Repository/Canine/StatBar/Canine_StatBar-Cases", "Object Repository/Canine/StatBar/Canine_StatBar-Samples", "Object Repository/Canine/StatBar/Canine_StatBar-Files", "Object Repository/Canine/StatBar/Canine_StatBar-Aliquots"): ctdc.utilities.runtestcaseforKatalon.readStatBarCanine is PASSED

2021-07-29 19:40:18 - [MESSAGE][PASSED] - ctdc.utilities.runtestcaseforKatalon.readStatBarCanine is PASSED

2021-07-29 19:40:18 - [TEST_STEP][PASSED] - waitForElementPresent(findTestObject("Object Repository/Canine/CanineResults_Cases_Tab"), 5): Object 'Object Repository/Canine/CanineResults_Cases_Tab' is present

2021-07-29 19:40:18 - [MESSAGE][PASSED] - Object 'Object Repository/Canine/CanineResults_Cases_Tab' is present

2021-07-29 19:40:18 - [TEST_STEP][PASSED] - ctdc.utilities.runtestcaseforKatalon.clickTab("Object Repository/Canine/CanineResults_Cases_Tab"): ctdc.utilities.runtestcaseforKatalon.clickTab is PASSED

2021-07-29 19:40:18 - [MESSAGE][PASSED] - ctdc.utilities.runtestcaseforKatalon.clickTab is PASSED

2021-07-29 19:40:18 - [TEST_STEP][PASSED] - ctdc.utilities.runtestcaseforKatalon.multiFunction("ICDC", G_StatBar_Cases, "Object Repository/Canine/Canine_CasesTable", "Object Repository/Canine/Canine_TableHeader", "Object Repository/Canine/Canine_CasesTabNextBtn", G_WebTabnameCases, G_CypherTabnameCases, G_QueryCasesTab): Statbar Arms count matches

2021-07-29 19:42:10 - [MESSAGE][PASSED] - Statbar Files count matches

2021-07-29 19:42:10 - [MESSAGE][PASSED] - Statbar Samples count matches

2021-07-29 19:42:10 - [MESSAGE][PASSED] - Statbar Cases count matches

2021-07-29 19:42:10 - [MESSAGE][PASSED] - Statbar Arms count matches

2021-07-29 19:42:10 - [TEST_STEP][PASSED] - waitForElementPresent(findTestObject("Object Repository/Canine/CanineResults_Samples_Tab"), 5): Object 'Object Repository/Canine/CanineResults_Samples_Tab' is present

2021-07-29 19:42:10 - [MESSAGE][PASSED] - Object 'Object Repository/Canine/CanineResults_Samples_Tab' is present

2021-07-29 19:42:10 - [TEST_STEP][PASSED] - ctdc.utilities.runtestcaseforKatalon.clickTab("Object Repository/Canine/CanineResults_Samples_Tab"): ctdc.utilities.runtestcaseforKatalon.clickTab is PASSED

2021-07-29 19:42:10 - [MESSAGE][PASSED] - ctdc.utilities.runtestcaseforKatalon.clickTab is PASSED

2021-07-29 19:42:10 - [TEST_STEP][PASSED] - ctdc.utilities.runtestcaseforKatalon.multiFunction("ICDC", G_StatBar_Samples, "Object Repository/Canine/Canine_Samples_Table", "Object Repository/Canine/Canine_Samples_TableHdr", "Object Repository/Canine/Canine_SamplesTabNextBtn", G_WebTabnameSamples, G_CypherTabnameSamples, G_QuerySamplesTab): Statbar Arms count matches

2021-07-29 19:45:11 - [MESSAGE][PASSED] - Statbar Files count matches

2021-07-29 19:45:11 - [MESSAGE][PASSED] - Statbar Samples count matches

2021-07-29 19:45:11 - [MESSAGE][PASSED] - Statbar Cases count matches

2021-07-29 19:45:11 - [MESSAGE][PASSED] - Statbar Arms count matches

2021-07-29 19:45:11 - [TEST_STEP][PASSED] - closeBrowser(): Browser is closed

2021-07-29 19:45:11 - [MESSAGE][PASSED] - Browser is closed]]></system-out>
         <system-err><![CDATA[]]></system-err>
      </testcase>
      <testcase name="Test Cases/Canine_TestCases/Sex/TC01_Canine_Filter_Sex-Male" time="1537.286" classname="Test Cases/Canine_TestCases/Sex/TC01_Canine_Filter_Sex-Male" status="PASSED">
         <system-out><![CDATA[2021-07-29 19:45:11 - [TEST_CASE][PASSED] - Test Cases/Canine_TestCases/Sex/TC01_Canine_Filter_Sex-Male: Test Cases/Canine_TestCases/Sex/TC01_Canine_Filter_Sex-Male

2021-07-29 19:45:11 - [TEST_STEP][PASSED] - Start listener action : getTestScriptName: null

2021-07-29 19:45:11 - [TEST_STEP][PASSED] - TestCaseId = testCaseContext.getTestCaseId(): null

2021-07-29 19:45:11 - [TEST_STEP][PASSED] - out.println("**********this is the value of test case id string******** " + testCaseContext.getTestCaseId()): null

2021-07-29 19:45:11 - [TEST_STEP][PASSED] - G_currentTCName = TestCaseId.substring(TestCaseId.lastIndexOf("TC")): null

2021-07-29 19:45:11 - [TEST_STEP][PASSED] - out.println("This is the test case name : " + G_currentTCName): null

2021-07-29 19:45:12 - [TEST_STEP][PASSED] - closeBrowser(): Browser is closed

2021-07-29 19:45:12 - [MESSAGE][PASSED] - Browser is closed

2021-07-29 19:45:12 - [TEST_STEP][PASSED] - ctdc.utilities.runtestcaseforKatalon.RunKatalon("TC01_Canine_Filter_Sex-Male.xlsx"): Data loaded from input file for the test case. 

2021-07-29 19:45:12 - [MESSAGE][PASSED] - Test case file loaded This is the full filepath after converting to string :C:\Users\sohilz2\Commons_Automation\InputFiles\TC01_Canine_Filter_Sex-Male.xlsx

2021-07-29 19:45:12 - [MESSAGE][INFO] - Global variable set for password file is :  C:\Users\sohilz2\Commons_Automation\InputFiles\TC01_Canine_Filter_Sex-Male.xlsx

2021-07-29 19:45:16 - [MESSAGE][PASSED] - Data loaded from input file for the test case. 

2021-07-29 19:45:23 - [TEST_STEP][PASSED] - click(findTestObject("Canine/NavBar/Canine_Cases_Btn")): Object: 'Object Repository/Canine/NavBar/Canine_Cases_Btn' is clicked on

2021-07-29 19:45:23 - [MESSAGE][PASSED] - Object: 'Object Repository/Canine/NavBar/Canine_Cases_Btn' is clicked on

2021-07-29 19:45:23 - [TEST_STEP][PASSED] - waitForElementPresent(findTestObject("Canine/Filter/Sex/SEX_Ddn"), 5): Object 'Object Repository/Canine/Filter/Sex/SEX_Ddn' is present

2021-07-29 19:45:24 - [MESSAGE][PASSED] - Object 'Object Repository/Canine/Filter/Sex/SEX_Ddn' is present

2021-07-29 19:45:24 - [TEST_STEP][PASSED] - ctdc.utilities.runtestcaseforKatalon.clickTabCanineStat("Canine/Filter/Sex/SEX_Ddn"): ctdc.utilities.runtestcaseforKatalon.clickTabCanineStat is PASSED

2021-07-29 19:45:26 - [MESSAGE][PASSED] - ctdc.utilities.runtestcaseforKatalon.clickTabCanineStat is PASSED

2021-07-29 19:45:26 - [TEST_STEP][PASSED] - ctdc.utilities.runtestcaseforKatalon.clickTabCanineStat("Canine/Filter/Sex/Male_Chkbx"): ctdc.utilities.runtestcaseforKatalon.clickTabCanineStat is PASSED

2021-07-29 19:45:27 - [MESSAGE][PASSED] - ctdc.utilities.runtestcaseforKatalon.clickTabCanineStat is PASSED

2021-07-29 19:45:27 - [TEST_STEP][PASSED] - ctdc.utilities.runtestcaseforKatalon.readStatBarCanine("Object Repository/Canine/StatBar/Canine_StatBar-Studies", "Object Repository/Canine/StatBar/Canine_StatBar-Cases", "Object Repository/Canine/StatBar/Canine_StatBar-Samples", "Object Repository/Canine/StatBar/Canine_StatBar-Files", "Object Repository/Canine/StatBar/Canine_StatBar-Aliquots"): ctdc.utilities.runtestcaseforKatalon.readStatBarCanine is PASSED

2021-07-29 19:45:43 - [MESSAGE][PASSED] - ctdc.utilities.runtestcaseforKatalon.readStatBarCanine is PASSED

2021-07-29 19:45:43 - [TEST_STEP][PASSED] - waitForElementPresent(findTestObject("Object Repository/Canine/CanineResults_Cases_Tab"), 5): Object 'Object Repository/Canine/CanineResults_Cases_Tab' is present

2021-07-29 19:45:43 - [MESSAGE][PASSED] - Object 'Object Repository/Canine/CanineResults_Cases_Tab' is present

2021-07-29 19:45:43 - [TEST_STEP][PASSED] - click(findTestObject("Object Repository/Canine/CanineResults_Cases_Tab")): Object: 'Object Repository/Canine/CanineResults_Cases_Tab' is clicked on

2021-07-29 19:45:43 - [MESSAGE][PASSED] - Object: 'Object Repository/Canine/CanineResults_Cases_Tab' is clicked on

2021-07-29 19:45:43 - [TEST_STEP][PASSED] - ctdc.utilities.runtestcaseforKatalon.multiFunction("ICDC", G_StatBar_Cases, "Object Repository/Canine/Canine_CasesTable", "Object Repository/Canine/Canine_TableHeader", "Object Repository/Canine/Canine_CasesTabNextBtn", G_WebTabnameCases, G_CypherTabnameCases, G_QueryCasesTab): Statbar Arms count matches

2021-07-29 19:49:24 - [MESSAGE][PASSED] - Statbar Files count matches

2021-07-29 19:49:24 - [MESSAGE][PASSED] - Statbar Samples count matches

2021-07-29 19:49:24 - [MESSAGE][PASSED] - Statbar Cases count matches

2021-07-29 19:49:24 - [MESSAGE][PASSED] - Statbar Arms count matches

2021-07-29 19:49:24 - [TEST_STEP][PASSED] - ctdc.utilities.runtestcaseforKatalon.clickTab("Object Repository/Canine/CanineResults_Samples_Tab"): ctdc.utilities.runtestcaseforKatalon.clickTab is PASSED

2021-07-29 19:49:24 - [MESSAGE][PASSED] - ctdc.utilities.runtestcaseforKatalon.clickTab is PASSED

2021-07-29 19:49:24 - [TEST_STEP][PASSED] - ctdc.utilities.runtestcaseforKatalon.multiFunction("ICDC", G_StatBar_Samples, "Object Repository/Canine/Canine_Samples_Table", "Object Repository/Canine/Canine_Samples_TableHdr", "Object Repository/Canine/Canine_SamplesTabNextBtn", G_WebTabnameSamples, G_CypherTabnameSamples, G_QuerySamplesTab): Statbar Arms count matches

2021-07-29 19:57:14 - [MESSAGE][PASSED] - Statbar Files count matches

2021-07-29 19:57:14 - [MESSAGE][PASSED] - Statbar Samples count matches

2021-07-29 19:57:14 - [MESSAGE][PASSED] - Statbar Cases count matches

2021-07-29 19:57:14 - [MESSAGE][PASSED] - Statbar Arms count matches

2021-07-29 19:57:14 - [TEST_STEP][PASSED] - ctdc.utilities.runtestcaseforKatalon.clickTab("Object Repository/Canine/CanineResults_Files_Tab"): ctdc.utilities.runtestcaseforKatalon.clickTab is PASSED

2021-07-29 19:57:15 - [MESSAGE][PASSED] - ctdc.utilities.runtestcaseforKatalon.clickTab is PASSED

2021-07-29 19:57:15 - [TEST_STEP][PASSED] - ctdc.utilities.runtestcaseforKatalon.multiFunction("ICDC", G_StatBar_Files, "Object Repository/Canine/Canine_Files_Table", "Object Repository/Canine/Canine_Files_TableHdr", "Object Repository/Canine/Canine_FilesTabNextBtn", G_WebTabnameFiles, G_CypherTabnameFiles, G_QueryFilesTab): Statbar Arms count matches

2021-07-29 20:10:48 - [MESSAGE][PASSED] - Statbar Files count matches

2021-07-29 20:10:48 - [MESSAGE][PASSED] - Statbar Samples count matches

2021-07-29 20:10:48 - [MESSAGE][PASSED] - Statbar Cases count matches

2021-07-29 20:10:48 - [MESSAGE][PASSED] - Statbar Arms count matches

2021-07-29 20:10:48 - [TEST_STEP][PASSED] - closeBrowser(): Browser is closed

2021-07-29 20:10:49 - [MESSAGE][PASSED] - Browser is closed]]></system-out>
         <system-err><![CDATA[]]></system-err>
      </testcase>
      <testcase name="Test Cases/Canine_TestCases/Sex/TC02_Canine_Filter_Sex-Female" time="266.908" classname="Test Cases/Canine_TestCases/Sex/TC02_Canine_Filter_Sex-Female" status="PASSED">
         <system-out><![CDATA[2021-07-29 20:10:49 - [TEST_CASE][PASSED] - Test Cases/Canine_TestCases/Sex/TC02_Canine_Filter_Sex-Female: Test Cases/Canine_TestCases/Sex/TC02_Canine_Filter_Sex-Female

2021-07-29 20:10:49 - [TEST_STEP][PASSED] - Start listener action : getTestScriptName: null

2021-07-29 20:10:49 - [TEST_STEP][PASSED] - TestCaseId = testCaseContext.getTestCaseId(): null

2021-07-29 20:10:49 - [TEST_STEP][PASSED] - out.println("**********this is the value of test case id string******** " + testCaseContext.getTestCaseId()): null

2021-07-29 20:10:49 - [TEST_STEP][PASSED] - G_currentTCName = TestCaseId.substring(TestCaseId.lastIndexOf("TC")): null

2021-07-29 20:10:49 - [TEST_STEP][PASSED] - out.println("This is the test case name : " + G_currentTCName): null

2021-07-29 20:10:49 - [TEST_STEP][PASSED] - closeBrowser(): Browser is closed

2021-07-29 20:10:49 - [MESSAGE][PASSED] - Browser is closed

2021-07-29 20:10:49 - [TEST_STEP][PASSED] - ctdc.utilities.runtestcaseforKatalon.RunKatalon("TC02_Canine_Filter_Sex-Female.xlsx"): Data loaded from input file for the test case. 

2021-07-29 20:10:49 - [MESSAGE][PASSED] - Test case file loaded This is the full filepath after converting to string :C:\Users\sohilz2\Commons_Automation\InputFiles\TC02_Canine_Filter_Sex-Female.xlsx

2021-07-29 20:10:49 - [MESSAGE][INFO] - Global variable set for password file is :  C:\Users\sohilz2\Commons_Automation\InputFiles\TC02_Canine_Filter_Sex-Female.xlsx

2021-07-29 20:10:53 - [MESSAGE][PASSED] - Data loaded from input file for the test case. 

2021-07-29 20:11:00 - [TEST_STEP][PASSED] - click(findTestObject("Canine/NavBar/Canine_Cases_Btn")): Object: 'Object Repository/Canine/NavBar/Canine_Cases_Btn' is clicked on

2021-07-29 20:11:00 - [MESSAGE][PASSED] - Object: 'Object Repository/Canine/NavBar/Canine_Cases_Btn' is clicked on

2021-07-29 20:11:00 - [TEST_STEP][PASSED] - click(findTestObject("Bento/Cases_page/Filter/FilterByCases_Facet")): Object: 'Object Repository/Bento/Cases_page/Filter/FilterByCases_Facet' is clicked on

2021-07-29 20:11:02 - [MESSAGE][PASSED] - Object: 'Object Repository/Bento/Cases_page/Filter/FilterByCases_Facet' is clicked on

2021-07-29 20:11:02 - [TEST_STEP][PASSED] - waitForElementPresent(findTestObject("Canine/Filter/Sex/SEX_Ddn"), 5): Object 'Object Repository/Canine/Filter/Sex/SEX_Ddn' is present

2021-07-29 20:11:02 - [MESSAGE][PASSED] - Object 'Object Repository/Canine/Filter/Sex/SEX_Ddn' is present

2021-07-29 20:11:02 - [TEST_STEP][PASSED] - ctdc.utilities.runtestcaseforKatalon.clickTabCanineStat("Canine/Filter/Sex/SEX_Ddn"): ctdc.utilities.runtestcaseforKatalon.clickTabCanineStat is PASSED

2021-07-29 20:11:04 - [MESSAGE][PASSED] - ctdc.utilities.runtestcaseforKatalon.clickTabCanineStat is PASSED

2021-07-29 20:11:04 - [TEST_STEP][PASSED] - ctdc.utilities.runtestcaseforKatalon.clickTabCanineStat("Canine/Filter/Sex/Female_Chkbx"): ctdc.utilities.runtestcaseforKatalon.clickTabCanineStat is PASSED

2021-07-29 20:11:05 - [MESSAGE][PASSED] - ctdc.utilities.runtestcaseforKatalon.clickTabCanineStat is PASSED

2021-07-29 20:11:05 - [TEST_STEP][PASSED] - ctdc.utilities.runtestcaseforKatalon.readStatBarCanine("Object Repository/Canine/StatBar/Canine_StatBar-Studies", "Object Repository/Canine/StatBar/Canine_StatBar-Cases", "Object Repository/Canine/StatBar/Canine_StatBar-Samples", "Object Repository/Canine/StatBar/Canine_StatBar-Files", "Object Repository/Canine/StatBar/Canine_StatBar-Aliquots"): ctdc.utilities.runtestcaseforKatalon.readStatBarCanine is PASSED

2021-07-29 20:11:21 - [MESSAGE][PASSED] - ctdc.utilities.runtestcaseforKatalon.readStatBarCanine is PASSED

2021-07-29 20:11:21 - [TEST_STEP][PASSED] - waitForElementPresent(findTestObject("Object Repository/Canine/CanineResults_Cases_Tab"), 5): Object 'Object Repository/Canine/CanineResults_Cases_Tab' is present

2021-07-29 20:11:21 - [MESSAGE][PASSED] - Object 'Object Repository/Canine/CanineResults_Cases_Tab' is present

2021-07-29 20:11:21 - [TEST_STEP][PASSED] - ctdc.utilities.runtestcaseforKatalon.clickTab("Object Repository/Canine/CanineResults_Cases_Tab"): ctdc.utilities.runtestcaseforKatalon.clickTab is PASSED

2021-07-29 20:11:21 - [MESSAGE][PASSED] - ctdc.utilities.runtestcaseforKatalon.clickTab is PASSED

2021-07-29 20:11:21 - [TEST_STEP][PASSED] - ctdc.utilities.runtestcaseforKatalon.multiFunction("ICDC", G_StatBar_Cases, "Object Repository/Canine/Canine_CasesTable", "Object Repository/Canine/Canine_TableHeader", "Object Repository/Canine/Canine_CasesTabNextBtn", G_WebTabnameCases, G_CypherTabnameCases, G_QueryCasesTab): Statbar Arms count matches

2021-07-29 20:15:15 - [MESSAGE][PASSED] - Statbar Files count matches

2021-07-29 20:15:15 - [MESSAGE][PASSED] - Statbar Samples count matches

2021-07-29 20:15:15 - [MESSAGE][PASSED] - Statbar Cases count matches

2021-07-29 20:15:15 - [MESSAGE][PASSED] - Statbar Arms count matches

2021-07-29 20:15:15 - [TEST_STEP][PASSED] - closeBrowser(): Browser is closed

2021-07-29 20:15:16 - [MESSAGE][PASSED] - Browser is closed]]></system-out>
         <system-err><![CDATA[]]></system-err>
      </testcase>
      <testcase name="Test Cases/Canine_TestCases/Sex/TC03_Canine_Filter_Sex-Unknown" time="119.898" classname="Test Cases/Canine_TestCases/Sex/TC03_Canine_Filter_Sex-Unknown" status="PASSED">
         <system-out><![CDATA[2021-07-29 20:15:16 - [TEST_CASE][PASSED] - Test Cases/Canine_TestCases/Sex/TC03_Canine_Filter_Sex-Unknown: Test Cases/Canine_TestCases/Sex/TC03_Canine_Filter_Sex-Unknown

2021-07-29 20:15:16 - [TEST_STEP][PASSED] - Start listener action : getTestScriptName: null

2021-07-29 20:15:16 - [TEST_STEP][PASSED] - TestCaseId = testCaseContext.getTestCaseId(): null

2021-07-29 20:15:16 - [TEST_STEP][PASSED] - out.println("**********this is the value of test case id string******** " + testCaseContext.getTestCaseId()): null

2021-07-29 20:15:16 - [TEST_STEP][PASSED] - G_currentTCName = TestCaseId.substring(TestCaseId.lastIndexOf("TC")): null

2021-07-29 20:15:16 - [TEST_STEP][PASSED] - out.println("This is the test case name : " + G_currentTCName): null

2021-07-29 20:15:16 - [TEST_STEP][PASSED] - closeBrowser(): Browser is closed

2021-07-29 20:15:16 - [MESSAGE][PASSED] - Browser is closed

2021-07-29 20:15:16 - [TEST_STEP][PASSED] - ctdc.utilities.runtestcaseforKatalon.RunKatalon("TC03_Canine_Filter_Sex-Unknown.xlsx"): Data loaded from input file for the test case. 

2021-07-29 20:15:16 - [MESSAGE][PASSED] - Test case file loaded This is the full filepath after converting to string :C:\Users\sohilz2\Commons_Automation\InputFiles\TC03_Canine_Filter_Sex-Unknown.xlsx

2021-07-29 20:15:16 - [MESSAGE][INFO] - Global variable set for password file is :  C:\Users\sohilz2\Commons_Automation\InputFiles\TC03_Canine_Filter_Sex-Unknown.xlsx

2021-07-29 20:15:20 - [MESSAGE][PASSED] - Data loaded from input file for the test case. 

2021-07-29 20:15:27 - [TEST_STEP][PASSED] - click(findTestObject("Canine/NavBar/Canine_Cases_Btn")): Object: 'Object Repository/Canine/NavBar/Canine_Cases_Btn' is clicked on

2021-07-29 20:15:27 - [MESSAGE][PASSED] - Object: 'Object Repository/Canine/NavBar/Canine_Cases_Btn' is clicked on

2021-07-29 20:15:27 - [TEST_STEP][PASSED] - click(findTestObject("Bento/Cases_page/Filter/FilterByCases_Facet")): Object: 'Object Repository/Bento/Cases_page/Filter/FilterByCases_Facet' is clicked on

2021-07-29 20:15:29 - [MESSAGE][PASSED] - Object: 'Object Repository/Bento/Cases_page/Filter/FilterByCases_Facet' is clicked on

2021-07-29 20:15:29 - [TEST_STEP][PASSED] - waitForElementPresent(findTestObject("Canine/Filter/Sex/SEX_Ddn"), 5): Object 'Object Repository/Canine/Filter/Sex/SEX_Ddn' is present

2021-07-29 20:15:29 - [MESSAGE][PASSED] - Object 'Object Repository/Canine/Filter/Sex/SEX_Ddn' is present

2021-07-29 20:15:29 - [TEST_STEP][PASSED] - ctdc.utilities.runtestcaseforKatalon.clickTabCanineStat("Canine/Filter/Sex/SEX_Ddn"): ctdc.utilities.runtestcaseforKatalon.clickTabCanineStat is PASSED

2021-07-29 20:15:31 - [MESSAGE][PASSED] - ctdc.utilities.runtestcaseforKatalon.clickTabCanineStat is PASSED

2021-07-29 20:15:31 - [TEST_STEP][PASSED] - ctdc.utilities.runtestcaseforKatalon.clickTabCanineStat("Canine/Filter/Sex/Unknown_Chkbx"): ctdc.utilities.runtestcaseforKatalon.clickTabCanineStat is PASSED

2021-07-29 20:15:32 - [MESSAGE][PASSED] - ctdc.utilities.runtestcaseforKatalon.clickTabCanineStat is PASSED

2021-07-29 20:15:32 - [TEST_STEP][PASSED] - ctdc.utilities.runtestcaseforKatalon.readStatBarCanine("Object Repository/Canine/StatBar/Canine_StatBar-Studies", "Object Repository/Canine/StatBar/Canine_StatBar-Cases", "Object Repository/Canine/StatBar/Canine_StatBar-Samples", "Object Repository/Canine/StatBar/Canine_StatBar-Files", "Object Repository/Canine/StatBar/Canine_StatBar-Aliquots"): ctdc.utilities.runtestcaseforKatalon.readStatBarCanine is PASSED

2021-07-29 20:15:48 - [MESSAGE][PASSED] - ctdc.utilities.runtestcaseforKatalon.readStatBarCanine is PASSED

2021-07-29 20:15:48 - [TEST_STEP][PASSED] - waitForElementPresent(findTestObject("Object Repository/Canine/CanineResults_Cases_Tab"), 5): Object 'Object Repository/Canine/CanineResults_Cases_Tab' is present

2021-07-29 20:15:48 - [MESSAGE][PASSED] - Object 'Object Repository/Canine/CanineResults_Cases_Tab' is present

2021-07-29 20:15:48 - [TEST_STEP][PASSED] - ctdc.utilities.runtestcaseforKatalon.clickTab("Object Repository/Canine/CanineResults_Cases_Tab"): ctdc.utilities.runtestcaseforKatalon.clickTab is PASSED

2021-07-29 20:15:48 - [MESSAGE][PASSED] - ctdc.utilities.runtestcaseforKatalon.clickTab is PASSED

2021-07-29 20:15:48 - [TEST_STEP][PASSED] - ctdc.utilities.runtestcaseforKatalon.multiFunction("ICDC", G_StatBar_Cases, "Object Repository/Canine/Canine_CasesTable", "Object Repository/Canine/Canine_TableHeader", "Object Repository/Canine/Canine_CasesTabNextBtn", G_WebTabnameCases, G_CypherTabnameCases, G_QueryCasesTab): Statbar Arms count matches

2021-07-29 20:16:03 - [MESSAGE][PASSED] - Statbar Files count matches

2021-07-29 20:16:03 - [MESSAGE][PASSED] - Statbar Samples count matches

2021-07-29 20:16:03 - [MESSAGE][PASSED] - Statbar Cases count matches

2021-07-29 20:16:03 - [MESSAGE][PASSED] - Statbar Arms count matches

2021-07-29 20:16:03 - [TEST_STEP][PASSED] - waitForElementPresent(findTestObject("Object Repository/Canine/CanineResults_Samples_Tab"), 5): Object 'Object Repository/Canine/CanineResults_Samples_Tab' is present

2021-07-29 20:16:04 - [MESSAGE][PASSED] - Object 'Object Repository/Canine/CanineResults_Samples_Tab' is present

2021-07-29 20:16:04 - [TEST_STEP][PASSED] - ctdc.utilities.runtestcaseforKatalon.clickTab("Object Repository/Canine/CanineResults_Samples_Tab"): ctdc.utilities.runtestcaseforKatalon.clickTab is PASSED

2021-07-29 20:16:04 - [MESSAGE][PASSED] - ctdc.utilities.runtestcaseforKatalon.clickTab is PASSED

2021-07-29 20:16:04 - [TEST_STEP][PASSED] - ctdc.utilities.runtestcaseforKatalon.multiFunction("ICDC", G_StatBar_Samples, "Object Repository/Canine/Canine_Samples_Table", "Object Repository/Canine/Canine_Samples_TableHdr", "Object Repository/Canine/Canine_SamplesTabNextBtn", G_WebTabnameSamples, G_CypherTabnameSamples, G_QuerySamplesTab): Statbar Arms count matches

2021-07-29 20:16:33 - [MESSAGE][PASSED] - Statbar Files count matches

2021-07-29 20:16:33 - [MESSAGE][PASSED] - Statbar Samples count matches

2021-07-29 20:16:33 - [MESSAGE][PASSED] - Statbar Cases count matches

2021-07-29 20:16:33 - [MESSAGE][PASSED] - Statbar Arms count matches

2021-07-29 20:16:33 - [TEST_STEP][PASSED] - waitForElementPresent(findTestObject("Object Repository/Canine/CanineResults_Files_Tab"), 5): Object 'Object Repository/Canine/CanineResults_Files_Tab' is present

2021-07-29 20:16:33 - [MESSAGE][PASSED] - Object 'Object Repository/Canine/CanineResults_Files_Tab' is present

2021-07-29 20:16:33 - [TEST_STEP][PASSED] - ctdc.utilities.runtestcaseforKatalon.clickTab("Object Repository/Canine/CanineResults_Files_Tab"): ctdc.utilities.runtestcaseforKatalon.clickTab is PASSED

2021-07-29 20:16:33 - [MESSAGE][PASSED] - ctdc.utilities.runtestcaseforKatalon.clickTab is PASSED

2021-07-29 20:16:33 - [TEST_STEP][PASSED] - ctdc.utilities.runtestcaseforKatalon.multiFunction("ICDC", G_StatBar_Files, "Object Repository/Canine/Canine_Files_Table", "Object Repository/Canine/Canine_Files_TableHdr", "Object Repository/Canine/Canine_FilesTabNextBtn", G_WebTabnameFiles, G_CypherTabnameFiles, G_QueryFilesTab): Statbar Arms count matches

2021-07-29 20:17:15 - [MESSAGE][PASSED] - Statbar Files count matches

2021-07-29 20:17:15 - [MESSAGE][PASSED] - Statbar Samples count matches

2021-07-29 20:17:15 - [MESSAGE][PASSED] - Statbar Cases count matches

2021-07-29 20:17:15 - [MESSAGE][PASSED] - Statbar Arms count matches

2021-07-29 20:17:15 - [TEST_STEP][PASSED] - closeBrowser(): Browser is closed

2021-07-29 20:17:15 - [MESSAGE][PASSED] - Browser is closed]]></system-out>
         <system-err><![CDATA[]]></system-err>
      </testcase>
      <testcase name="Test Cases/Canine_TestCases/StageOfDisease/TC01_Canine_Filter_StageOfDisease-2" time="83.592" classname="Test Cases/Canine_TestCases/StageOfDisease/TC01_Canine_Filter_StageOfDisease-2" status="PASSED">
         <system-out><![CDATA[2021-07-29 20:17:15 - [TEST_CASE][PASSED] - Test Cases/Canine_TestCases/StageOfDisease/TC01_Canine_Filter_StageOfDisease-2: Test Cases/Canine_TestCases/StageOfDisease/TC01_Canine_Filter_StageOfDisease-2

2021-07-29 20:17:15 - [TEST_STEP][PASSED] - Start listener action : getTestScriptName: null

2021-07-29 20:17:15 - [TEST_STEP][PASSED] - TestCaseId = testCaseContext.getTestCaseId(): null

2021-07-29 20:17:15 - [TEST_STEP][PASSED] - out.println("**********this is the value of test case id string******** " + testCaseContext.getTestCaseId()): null

2021-07-29 20:17:15 - [TEST_STEP][PASSED] - G_currentTCName = TestCaseId.substring(TestCaseId.lastIndexOf("TC")): null

2021-07-29 20:17:15 - [TEST_STEP][PASSED] - out.println("This is the test case name : " + G_currentTCName): null

2021-07-29 20:17:16 - [TEST_STEP][PASSED] - closeBrowser(): Browser is closed

2021-07-29 20:17:16 - [MESSAGE][PASSED] - Browser is closed

2021-07-29 20:17:16 - [TEST_STEP][PASSED] - ctdc.utilities.runtestcaseforKatalon.RunKatalon("TC01_Canine_Filter_StageOfDisease-2.xlsx"): Data loaded from input file for the test case. 

2021-07-29 20:17:16 - [MESSAGE][PASSED] - Test case file loaded This is the full filepath after converting to string :C:\Users\sohilz2\Commons_Automation\InputFiles\TC01_Canine_Filter_StageOfDisease-2.xlsx

2021-07-29 20:17:16 - [MESSAGE][INFO] - Global variable set for password file is :  C:\Users\sohilz2\Commons_Automation\InputFiles\TC01_Canine_Filter_StageOfDisease-2.xlsx

2021-07-29 20:17:20 - [MESSAGE][PASSED] - Data loaded from input file for the test case. 

2021-07-29 20:17:26 - [TEST_STEP][PASSED] - waitForElementPresent(findTestObject("Canine/NavBar/Canine_Cases_Btn"), 5): Object 'Object Repository/Canine/NavBar/Canine_Cases_Btn' is present

2021-07-29 20:17:27 - [MESSAGE][PASSED] - Object 'Object Repository/Canine/NavBar/Canine_Cases_Btn' is present

2021-07-29 20:17:27 - [TEST_STEP][PASSED] - click(findTestObject("Canine/NavBar/Canine_Cases_Btn")): Object: 'Object Repository/Canine/NavBar/Canine_Cases_Btn' is clicked on

2021-07-29 20:17:27 - [MESSAGE][PASSED] - Object: 'Object Repository/Canine/NavBar/Canine_Cases_Btn' is clicked on

2021-07-29 20:17:27 - [TEST_STEP][PASSED] - click(findTestObject("Bento/Cases_page/Filter/FilterByCases_Facet")): Object: 'Object Repository/Bento/Cases_page/Filter/FilterByCases_Facet' is clicked on

2021-07-29 20:17:29 - [MESSAGE][PASSED] - Object: 'Object Repository/Bento/Cases_page/Filter/FilterByCases_Facet' is clicked on

2021-07-29 20:17:29 - [TEST_STEP][PASSED] - waitForElementPresent(findTestObject("Canine/Filter/StageOfDisease/STAGEOFDISEASE_Ddn"), 5): Object 'Object Repository/Canine/Filter/StageOfDisease/STAGEOFDISEASE_Ddn' is present

2021-07-29 20:17:29 - [MESSAGE][PASSED] - Object 'Object Repository/Canine/Filter/StageOfDisease/STAGEOFDISEASE_Ddn' is present

2021-07-29 20:17:29 - [TEST_STEP][PASSED] - ctdc.utilities.runtestcaseforKatalon.clickTabCanineStat("Canine/Filter/StageOfDisease/STAGEOFDISEASE_Ddn"): ctdc.utilities.runtestcaseforKatalon.clickTabCanineStat is PASSED

2021-07-29 20:17:31 - [MESSAGE][PASSED] - ctdc.utilities.runtestcaseforKatalon.clickTabCanineStat is PASSED

2021-07-29 20:17:31 - [TEST_STEP][PASSED] - ctdc.utilities.runtestcaseforKatalon.clickTabCanineStat("Canine/Filter/StageOfDisease/2_Chkbx"): ctdc.utilities.runtestcaseforKatalon.clickTabCanineStat is PASSED

2021-07-29 20:17:32 - [MESSAGE][PASSED] - ctdc.utilities.runtestcaseforKatalon.clickTabCanineStat is PASSED

2021-07-29 20:17:32 - [TEST_STEP][PASSED] - ctdc.utilities.runtestcaseforKatalon.readStatBarCanine("Object Repository/Canine/StatBar/Canine_StatBar-Studies", "Object Repository/Canine/StatBar/Canine_StatBar-Cases", "Object Repository/Canine/StatBar/Canine_StatBar-Samples", "Object Repository/Canine/StatBar/Canine_StatBar-Files", "Object Repository/Canine/StatBar/Canine_StatBar-Aliquots"): ctdc.utilities.runtestcaseforKatalon.readStatBarCanine is PASSED

2021-07-29 20:17:47 - [MESSAGE][PASSED] - ctdc.utilities.runtestcaseforKatalon.readStatBarCanine is PASSED

2021-07-29 20:17:47 - [TEST_STEP][PASSED] - waitForElementPresent(findTestObject("Object Repository/Canine/CanineResults_Cases_Tab"), 5): Object 'Object Repository/Canine/CanineResults_Cases_Tab' is present

2021-07-29 20:17:47 - [MESSAGE][PASSED] - Object 'Object Repository/Canine/CanineResults_Cases_Tab' is present

2021-07-29 20:17:47 - [TEST_STEP][PASSED] - ctdc.utilities.runtestcaseforKatalon.clickTab("Object Repository/Canine/CanineResults_Cases_Tab"): ctdc.utilities.runtestcaseforKatalon.clickTab is PASSED

2021-07-29 20:17:47 - [MESSAGE][PASSED] - ctdc.utilities.runtestcaseforKatalon.clickTab is PASSED

2021-07-29 20:17:47 - [TEST_STEP][PASSED] - ctdc.utilities.runtestcaseforKatalon.multiFunction("ICDC", G_StatBar_Cases, "Object Repository/Canine/Canine_CasesTable", "Object Repository/Canine/Canine_TableHeader", "Object Repository/Canine/Canine_CasesTabNextBtn", G_WebTabnameCases, G_CypherTabnameCases, G_QueryCasesTab): Statbar Arms count matches

2021-07-29 20:18:03 - [MESSAGE][PASSED] - Statbar Files count matches

2021-07-29 20:18:03 - [MESSAGE][PASSED] - Statbar Samples count matches

2021-07-29 20:18:03 - [MESSAGE][PASSED] - Statbar Cases count matches

2021-07-29 20:18:03 - [MESSAGE][PASSED] - Statbar Arms count matches

2021-07-29 20:18:03 - [TEST_STEP][PASSED] - waitForElementPresent(findTestObject("Object Repository/Canine/CanineResults_Samples_Tab"), 5): Object 'Object Repository/Canine/CanineResults_Samples_Tab' is present

2021-07-29 20:18:03 - [MESSAGE][PASSED] - Object 'Object Repository/Canine/CanineResults_Samples_Tab' is present

2021-07-29 20:18:03 - [TEST_STEP][PASSED] - ctdc.utilities.runtestcaseforKatalon.clickTab("Object Repository/Canine/CanineResults_Samples_Tab"): ctdc.utilities.runtestcaseforKatalon.clickTab is PASSED

2021-07-29 20:18:03 - [MESSAGE][PASSED] - ctdc.utilities.runtestcaseforKatalon.clickTab is PASSED

2021-07-29 20:18:03 - [TEST_STEP][PASSED] - ctdc.utilities.runtestcaseforKatalon.multiFunction("ICDC", G_StatBar_Samples, "Object Repository/Canine/Canine_Samples_Table", "Object Repository/Canine/Canine_Samples_TableHdr", "Object Repository/Canine/Canine_SamplesTabNextBtn", G_WebTabnameSamples, G_CypherTabnameSamples, G_QuerySamplesTab): Statbar Arms count matches

2021-07-29 20:18:20 - [MESSAGE][PASSED] - Statbar Files count matches

2021-07-29 20:18:20 - [MESSAGE][PASSED] - Statbar Samples count matches

2021-07-29 20:18:20 - [MESSAGE][PASSED] - Statbar Cases count matches

2021-07-29 20:18:20 - [MESSAGE][PASSED] - Statbar Arms count matches

2021-07-29 20:18:20 - [TEST_STEP][PASSED] - waitForElementPresent(findTestObject("Object Repository/Canine/CanineResults_Files_Tab"), 5): Object 'Object Repository/Canine/CanineResults_Files_Tab' is present

2021-07-29 20:18:20 - [MESSAGE][PASSED] - Object 'Object Repository/Canine/CanineResults_Files_Tab' is present

2021-07-29 20:18:20 - [TEST_STEP][PASSED] - ctdc.utilities.runtestcaseforKatalon.clickTab("Object Repository/Canine/CanineResults_Files_Tab"): ctdc.utilities.runtestcaseforKatalon.clickTab is PASSED

2021-07-29 20:18:21 - [MESSAGE][PASSED] - ctdc.utilities.runtestcaseforKatalon.clickTab is PASSED

2021-07-29 20:18:21 - [TEST_STEP][PASSED] - ctdc.utilities.runtestcaseforKatalon.multiFunction("ICDC", G_StatBar_Files, "Object Repository/Canine/Canine_Files_Table", "Object Repository/Canine/Canine_Files_TableHdr", "Object Repository/Canine/Canine_FilesTabNextBtn", G_WebTabnameFiles, G_CypherTabnameFiles, G_QueryFilesTab): Statbar Arms count matches

2021-07-29 20:18:38 - [MESSAGE][PASSED] - Statbar Files count matches

2021-07-29 20:18:38 - [MESSAGE][PASSED] - Statbar Samples count matches

2021-07-29 20:18:38 - [MESSAGE][PASSED] - Statbar Cases count matches

2021-07-29 20:18:38 - [MESSAGE][PASSED] - Statbar Arms count matches

2021-07-29 20:18:38 - [TEST_STEP][PASSED] - closeBrowser(): Browser is closed

2021-07-29 20:18:39 - [MESSAGE][PASSED] - Browser is closed]]></system-out>
         <system-err><![CDATA[]]></system-err>
      </testcase>
      <testcase name="Test Cases/Canine_TestCases/StageOfDisease/TC02_Canine_Filter_StageOfDisease-3" time="213.225" classname="Test Cases/Canine_TestCases/StageOfDisease/TC02_Canine_Filter_StageOfDisease-3" status="PASSED">
         <system-out><![CDATA[2021-07-29 20:18:39 - [TEST_CASE][PASSED] - Test Cases/Canine_TestCases/StageOfDisease/TC02_Canine_Filter_StageOfDisease-3: Test Cases/Canine_TestCases/StageOfDisease/TC02_Canine_Filter_StageOfDisease-3

2021-07-29 20:18:39 - [TEST_STEP][PASSED] - Start listener action : getTestScriptName: null

2021-07-29 20:18:39 - [TEST_STEP][PASSED] - TestCaseId = testCaseContext.getTestCaseId(): null

2021-07-29 20:18:39 - [TEST_STEP][PASSED] - out.println("**********this is the value of test case id string******** " + testCaseContext.getTestCaseId()): null

2021-07-29 20:18:39 - [TEST_STEP][PASSED] - G_currentTCName = TestCaseId.substring(TestCaseId.lastIndexOf("TC")): null

2021-07-29 20:18:39 - [TEST_STEP][PASSED] - out.println("This is the test case name : " + G_currentTCName): null

2021-07-29 20:18:40 - [TEST_STEP][PASSED] - closeBrowser(): Browser is closed

2021-07-29 20:18:40 - [MESSAGE][PASSED] - Browser is closed

2021-07-29 20:18:40 - [TEST_STEP][PASSED] - ctdc.utilities.runtestcaseforKatalon.RunKatalon("TC02_Canine_Filter_StageOfDisease-3.xlsx"): Data loaded from input file for the test case. 

2021-07-29 20:18:40 - [MESSAGE][PASSED] - Test case file loaded This is the full filepath after converting to string :C:\Users\sohilz2\Commons_Automation\InputFiles\TC02_Canine_Filter_StageOfDisease-3.xlsx

2021-07-29 20:18:40 - [MESSAGE][INFO] - Global variable set for password file is :  C:\Users\sohilz2\Commons_Automation\InputFiles\TC02_Canine_Filter_StageOfDisease-3.xlsx

2021-07-29 20:18:44 - [MESSAGE][PASSED] - Data loaded from input file for the test case. 

2021-07-29 20:18:50 - [TEST_STEP][PASSED] - waitForElementPresent(findTestObject("Canine/NavBar/Canine_Cases_Btn"), 5): Object 'Object Repository/Canine/NavBar/Canine_Cases_Btn' is present

2021-07-29 20:18:51 - [MESSAGE][PASSED] - Object 'Object Repository/Canine/NavBar/Canine_Cases_Btn' is present

2021-07-29 20:18:51 - [TEST_STEP][PASSED] - click(findTestObject("Canine/NavBar/Canine_Cases_Btn")): Object: 'Object Repository/Canine/NavBar/Canine_Cases_Btn' is clicked on

2021-07-29 20:18:51 - [MESSAGE][PASSED] - Object: 'Object Repository/Canine/NavBar/Canine_Cases_Btn' is clicked on

2021-07-29 20:18:51 - [TEST_STEP][PASSED] - click(findTestObject("Bento/Cases_page/Filter/FilterByCases_Facet")): Object: 'Object Repository/Bento/Cases_page/Filter/FilterByCases_Facet' is clicked on

2021-07-29 20:18:52 - [MESSAGE][PASSED] - Object: 'Object Repository/Bento/Cases_page/Filter/FilterByCases_Facet' is clicked on

2021-07-29 20:18:52 - [TEST_STEP][PASSED] - waitForElementPresent(findTestObject("Canine/Filter/StageOfDisease/STAGEOFDISEASE_Ddn"), 5): Object 'Object Repository/Canine/Filter/StageOfDisease/STAGEOFDISEASE_Ddn' is present

2021-07-29 20:18:53 - [MESSAGE][PASSED] - Object 'Object Repository/Canine/Filter/StageOfDisease/STAGEOFDISEASE_Ddn' is present

2021-07-29 20:18:53 - [TEST_STEP][PASSED] - ctdc.utilities.runtestcaseforKatalon.clickTabCanineStat("Canine/Filter/StageOfDisease/STAGEOFDISEASE_Ddn"): ctdc.utilities.runtestcaseforKatalon.clickTabCanineStat is PASSED

2021-07-29 20:18:54 - [MESSAGE][PASSED] - ctdc.utilities.runtestcaseforKatalon.clickTabCanineStat is PASSED

2021-07-29 20:18:54 - [TEST_STEP][PASSED] - ctdc.utilities.runtestcaseforKatalon.clickTabCanineStat("Canine/Filter/StageOfDisease/3_Chkbx"): ctdc.utilities.runtestcaseforKatalon.clickTabCanineStat is PASSED

2021-07-29 20:18:56 - [MESSAGE][PASSED] - ctdc.utilities.runtestcaseforKatalon.clickTabCanineStat is PASSED

2021-07-29 20:18:56 - [TEST_STEP][PASSED] - ctdc.utilities.runtestcaseforKatalon.readStatBarCanine("Object Repository/Canine/StatBar/Canine_StatBar-Studies", "Object Repository/Canine/StatBar/Canine_StatBar-Cases", "Object Repository/Canine/StatBar/Canine_StatBar-Samples", "Object Repository/Canine/StatBar/Canine_StatBar-Files", "Object Repository/Canine/StatBar/Canine_StatBar-Aliquots"): ctdc.utilities.runtestcaseforKatalon.readStatBarCanine is PASSED

2021-07-29 20:19:11 - [MESSAGE][PASSED] - ctdc.utilities.runtestcaseforKatalon.readStatBarCanine is PASSED

2021-07-29 20:19:11 - [TEST_STEP][PASSED] - waitForElementPresent(findTestObject("Object Repository/Canine/CanineResults_Cases_Tab"), 5): Object 'Object Repository/Canine/CanineResults_Cases_Tab' is present

2021-07-29 20:19:11 - [MESSAGE][PASSED] - Object 'Object Repository/Canine/CanineResults_Cases_Tab' is present

2021-07-29 20:19:11 - [TEST_STEP][PASSED] - ctdc.utilities.runtestcaseforKatalon.clickTab("Object Repository/Canine/CanineResults_Cases_Tab"): ctdc.utilities.runtestcaseforKatalon.clickTab is PASSED

2021-07-29 20:19:12 - [MESSAGE][PASSED] - ctdc.utilities.runtestcaseforKatalon.clickTab is PASSED

2021-07-29 20:19:12 - [TEST_STEP][PASSED] - ctdc.utilities.runtestcaseforKatalon.multiFunction("ICDC", G_StatBar_Cases, "Object Repository/Canine/Canine_CasesTable", "Object Repository/Canine/Canine_TableHeader", "Object Repository/Canine/Canine_CasesTabNextBtn", G_WebTabnameCases, G_CypherTabnameCases, G_QueryCasesTab): Statbar Arms count matches

2021-07-29 20:20:08 - [MESSAGE][PASSED] - Statbar Files count matches

2021-07-29 20:20:08 - [MESSAGE][PASSED] - Statbar Samples count matches

2021-07-29 20:20:08 - [MESSAGE][PASSED] - Statbar Cases count matches

2021-07-29 20:20:08 - [MESSAGE][PASSED] - Statbar Arms count matches

2021-07-29 20:20:08 - [TEST_STEP][PASSED] - waitForElementPresent(findTestObject("Object Repository/Canine/CanineResults_Samples_Tab"), 5): Object 'Object Repository/Canine/CanineResults_Samples_Tab' is present

2021-07-29 20:20:08 - [MESSAGE][PASSED] - Object 'Object Repository/Canine/CanineResults_Samples_Tab' is present

2021-07-29 20:20:08 - [TEST_STEP][PASSED] - ctdc.utilities.runtestcaseforKatalon.clickTab("Object Repository/Canine/CanineResults_Samples_Tab"): ctdc.utilities.runtestcaseforKatalon.clickTab is PASSED

2021-07-29 20:20:09 - [MESSAGE][PASSED] - ctdc.utilities.runtestcaseforKatalon.clickTab is PASSED

2021-07-29 20:20:09 - [TEST_STEP][PASSED] - ctdc.utilities.runtestcaseforKatalon.multiFunction("ICDC", G_StatBar_Samples, "Object Repository/Canine/Canine_Samples_Table", "Object Repository/Canine/Canine_Samples_TableHdr", "Object Repository/Canine/Canine_SamplesTabNextBtn", G_WebTabnameSamples, G_CypherTabnameSamples, G_QuerySamplesTab): Statbar Arms count matches

2021-07-29 20:21:04 - [MESSAGE][PASSED] - Statbar Files count matches

2021-07-29 20:21:04 - [MESSAGE][PASSED] - Statbar Samples count matches

2021-07-29 20:21:04 - [MESSAGE][PASSED] - Statbar Cases count matches

2021-07-29 20:21:04 - [MESSAGE][PASSED] - Statbar Arms count matches

2021-07-29 20:21:04 - [TEST_STEP][PASSED] - waitForElementPresent(findTestObject("Object Repository/Canine/CanineResults_Files_Tab"), 5): Object 'Object Repository/Canine/CanineResults_Files_Tab' is present

2021-07-29 20:21:04 - [MESSAGE][PASSED] - Object 'Object Repository/Canine/CanineResults_Files_Tab' is present

2021-07-29 20:21:04 - [TEST_STEP][PASSED] - ctdc.utilities.runtestcaseforKatalon.clickTab("Object Repository/Canine/CanineResults_Files_Tab"): ctdc.utilities.runtestcaseforKatalon.clickTab is PASSED

2021-07-29 20:21:04 - [MESSAGE][PASSED] - ctdc.utilities.runtestcaseforKatalon.clickTab is PASSED

2021-07-29 20:21:04 - [TEST_STEP][PASSED] - ctdc.utilities.runtestcaseforKatalon.multiFunction("ICDC", G_StatBar_Files, "Object Repository/Canine/Canine_Files_Table", "Object Repository/Canine/Canine_Files_TableHdr", "Object Repository/Canine/Canine_FilesTabNextBtn", G_WebTabnameFiles, G_CypherTabnameFiles, G_QueryFilesTab): Statbar Arms count matches

2021-07-29 20:22:12 - [MESSAGE][PASSED] - Statbar Files count matches

2021-07-29 20:22:12 - [MESSAGE][PASSED] - Statbar Samples count matches

2021-07-29 20:22:12 - [MESSAGE][PASSED] - Statbar Cases count matches

2021-07-29 20:22:12 - [MESSAGE][PASSED] - Statbar Arms count matches

2021-07-29 20:22:12 - [TEST_STEP][PASSED] - closeBrowser(): Browser is closed

2021-07-29 20:22:12 - [MESSAGE][PASSED] - Browser is closed]]></system-out>
         <system-err><![CDATA[]]></system-err>
      </testcase>
      <testcase name="Test Cases/Canine_TestCases/StageOfDisease/TC03_Canine_Filter_StageOfDisease-3a" time="90.953" classname="Test Cases/Canine_TestCases/StageOfDisease/TC03_Canine_Filter_StageOfDisease-3a" status="PASSED">
         <system-out><![CDATA[2021-07-29 20:22:12 - [TEST_CASE][PASSED] - Test Cases/Canine_TestCases/StageOfDisease/TC03_Canine_Filter_StageOfDisease-3a: Test Cases/Canine_TestCases/StageOfDisease/TC03_Canine_Filter_StageOfDisease-3a

2021-07-29 20:22:12 - [TEST_STEP][PASSED] - Start listener action : getTestScriptName: null

2021-07-29 20:22:12 - [TEST_STEP][PASSED] - TestCaseId = testCaseContext.getTestCaseId(): null

2021-07-29 20:22:12 - [TEST_STEP][PASSED] - out.println("**********this is the value of test case id string******** " + testCaseContext.getTestCaseId()): null

2021-07-29 20:22:12 - [TEST_STEP][PASSED] - G_currentTCName = TestCaseId.substring(TestCaseId.lastIndexOf("TC")): null

2021-07-29 20:22:12 - [TEST_STEP][PASSED] - out.println("This is the test case name : " + G_currentTCName): null

2021-07-29 20:22:13 - [TEST_STEP][PASSED] - closeBrowser(): Browser is closed

2021-07-29 20:22:13 - [MESSAGE][PASSED] - Browser is closed

2021-07-29 20:22:13 - [TEST_STEP][PASSED] - ctdc.utilities.runtestcaseforKatalon.RunKatalon("TC03_Canine_Filter_StageOfDisease-3a.xlsx"): Data loaded from input file for the test case. 

2021-07-29 20:22:13 - [MESSAGE][PASSED] - Test case file loaded This is the full filepath after converting to string :C:\Users\sohilz2\Commons_Automation\InputFiles\TC03_Canine_Filter_StageOfDisease-3a.xlsx

2021-07-29 20:22:13 - [MESSAGE][INFO] - Global variable set for password file is :  C:\Users\sohilz2\Commons_Automation\InputFiles\TC03_Canine_Filter_StageOfDisease-3a.xlsx

2021-07-29 20:22:17 - [MESSAGE][PASSED] - Data loaded from input file for the test case. 

2021-07-29 20:22:24 - [TEST_STEP][PASSED] - waitForElementPresent(findTestObject("Canine/NavBar/Canine_Cases_Btn"), 5): Object 'Object Repository/Canine/NavBar/Canine_Cases_Btn' is present

2021-07-29 20:22:24 - [MESSAGE][PASSED] - Object 'Object Repository/Canine/NavBar/Canine_Cases_Btn' is present

2021-07-29 20:22:24 - [TEST_STEP][PASSED] - click(findTestObject("Canine/NavBar/Canine_Cases_Btn")): Object: 'Object Repository/Canine/NavBar/Canine_Cases_Btn' is clicked on

2021-07-29 20:22:24 - [MESSAGE][PASSED] - Object: 'Object Repository/Canine/NavBar/Canine_Cases_Btn' is clicked on

2021-07-29 20:22:24 - [TEST_STEP][PASSED] - click(findTestObject("Bento/Cases_page/Filter/FilterByCases_Facet")): Object: 'Object Repository/Bento/Cases_page/Filter/FilterByCases_Facet' is clicked on

2021-07-29 20:22:25 - [MESSAGE][PASSED] - Object: 'Object Repository/Bento/Cases_page/Filter/FilterByCases_Facet' is clicked on

2021-07-29 20:22:25 - [TEST_STEP][PASSED] - waitForElementPresent(findTestObject("Canine/Filter/StageOfDisease/STAGEOFDISEASE_Ddn"), 5): Object 'Object Repository/Canine/Filter/StageOfDisease/STAGEOFDISEASE_Ddn' is present

2021-07-29 20:22:26 - [MESSAGE][PASSED] - Object 'Object Repository/Canine/Filter/StageOfDisease/STAGEOFDISEASE_Ddn' is present

2021-07-29 20:22:26 - [TEST_STEP][PASSED] - ctdc.utilities.runtestcaseforKatalon.clickTabCanineStat("Canine/Filter/StageOfDisease/STAGEOFDISEASE_Ddn"): ctdc.utilities.runtestcaseforKatalon.clickTabCanineStat is PASSED

2021-07-29 20:22:27 - [MESSAGE][PASSED] - ctdc.utilities.runtestcaseforKatalon.clickTabCanineStat is PASSED

2021-07-29 20:22:27 - [TEST_STEP][PASSED] - ctdc.utilities.runtestcaseforKatalon.clickTabCanineStat("Canine/Filter/StageOfDisease/3a_Chkbx"): ctdc.utilities.runtestcaseforKatalon.clickTabCanineStat is PASSED

2021-07-29 20:22:29 - [MESSAGE][PASSED] - ctdc.utilities.runtestcaseforKatalon.clickTabCanineStat is PASSED

2021-07-29 20:22:29 - [TEST_STEP][PASSED] - ctdc.utilities.runtestcaseforKatalon.readStatBarCanine("Object Repository/Canine/StatBar/Canine_StatBar-Studies", "Object Repository/Canine/StatBar/Canine_StatBar-Cases", "Object Repository/Canine/StatBar/Canine_StatBar-Samples", "Object Repository/Canine/StatBar/Canine_StatBar-Files", "Object Repository/Canine/StatBar/Canine_StatBar-Aliquots"): ctdc.utilities.runtestcaseforKatalon.readStatBarCanine is PASSED

2021-07-29 20:22:45 - [MESSAGE][PASSED] - ctdc.utilities.runtestcaseforKatalon.readStatBarCanine is PASSED

2021-07-29 20:22:45 - [TEST_STEP][PASSED] - waitForElementPresent(findTestObject("Object Repository/Canine/CanineResults_Cases_Tab"), 5): Object 'Object Repository/Canine/CanineResults_Cases_Tab' is present

2021-07-29 20:22:45 - [MESSAGE][PASSED] - Object 'Object Repository/Canine/CanineResults_Cases_Tab' is present

2021-07-29 20:22:45 - [TEST_STEP][PASSED] - ctdc.utilities.runtestcaseforKatalon.clickTab("Object Repository/Canine/CanineResults_Cases_Tab"): ctdc.utilities.runtestcaseforKatalon.clickTab is PASSED

2021-07-29 20:22:45 - [MESSAGE][PASSED] - ctdc.utilities.runtestcaseforKatalon.clickTab is PASSED

2021-07-29 20:22:45 - [TEST_STEP][PASSED] - ctdc.utilities.runtestcaseforKatalon.multiFunction("ICDC", G_StatBar_Cases, "Object Repository/Canine/Canine_CasesTable", "Object Repository/Canine/Canine_TableHeader", "Object Repository/Canine/Canine_CasesTabNextBtn", G_WebTabnameCases, G_CypherTabnameCases, G_QueryCasesTab): Statbar Arms count matches

2021-07-29 20:23:43 - [MESSAGE][PASSED] - Statbar Files count matches

2021-07-29 20:23:43 - [MESSAGE][PASSED] - Statbar Samples count matches

2021-07-29 20:23:43 - [MESSAGE][PASSED] - Statbar Cases count matches

2021-07-29 20:23:43 - [MESSAGE][PASSED] - Statbar Arms count matches

2021-07-29 20:23:43 - [TEST_STEP][PASSED] - closeBrowser(): Browser is closed

2021-07-29 20:23:43 - [MESSAGE][PASSED] - Browser is closed]]></system-out>
         <system-err><![CDATA[]]></system-err>
      </testcase>
      <testcase name="Test Cases/Canine_TestCases/StageOfDisease/TC04_Canine_Filter_StageOfDisease-3b" time="48.019" classname="Test Cases/Canine_TestCases/StageOfDisease/TC04_Canine_Filter_StageOfDisease-3b" status="PASSED">
         <system-out><![CDATA[2021-07-29 20:23:43 - [TEST_CASE][PASSED] - Test Cases/Canine_TestCases/StageOfDisease/TC04_Canine_Filter_StageOfDisease-3b: Test Cases/Canine_TestCases/StageOfDisease/TC04_Canine_Filter_StageOfDisease-3b

2021-07-29 20:23:43 - [TEST_STEP][PASSED] - Start listener action : getTestScriptName: null

2021-07-29 20:23:43 - [TEST_STEP][PASSED] - TestCaseId = testCaseContext.getTestCaseId(): null

2021-07-29 20:23:43 - [TEST_STEP][PASSED] - out.println("**********this is the value of test case id string******** " + testCaseContext.getTestCaseId()): null

2021-07-29 20:23:43 - [TEST_STEP][PASSED] - G_currentTCName = TestCaseId.substring(TestCaseId.lastIndexOf("TC")): null

2021-07-29 20:23:43 - [TEST_STEP][PASSED] - out.println("This is the test case name : " + G_currentTCName): null

2021-07-29 20:23:44 - [TEST_STEP][PASSED] - closeBrowser(): Browser is closed

2021-07-29 20:23:44 - [MESSAGE][PASSED] - Browser is closed

2021-07-29 20:23:44 - [TEST_STEP][PASSED] - ctdc.utilities.runtestcaseforKatalon.RunKatalon("TC04_Canine_Filter_StageOfDisease-3b.xlsx"): Data loaded from input file for the test case. 

2021-07-29 20:23:44 - [MESSAGE][PASSED] - Test case file loaded This is the full filepath after converting to string :C:\Users\sohilz2\Commons_Automation\InputFiles\TC04_Canine_Filter_StageOfDisease-3b.xlsx

2021-07-29 20:23:44 - [MESSAGE][INFO] - Global variable set for password file is :  C:\Users\sohilz2\Commons_Automation\InputFiles\TC04_Canine_Filter_StageOfDisease-3b.xlsx

2021-07-29 20:23:48 - [MESSAGE][PASSED] - Data loaded from input file for the test case. 

2021-07-29 20:23:55 - [TEST_STEP][PASSED] - waitForElementPresent(findTestObject("Canine/NavBar/Canine_Cases_Btn"), 5): Object 'Object Repository/Canine/NavBar/Canine_Cases_Btn' is present

2021-07-29 20:23:55 - [MESSAGE][PASSED] - Object 'Object Repository/Canine/NavBar/Canine_Cases_Btn' is present

2021-07-29 20:23:55 - [TEST_STEP][PASSED] - click(findTestObject("Canine/NavBar/Canine_Cases_Btn")): Object: 'Object Repository/Canine/NavBar/Canine_Cases_Btn' is clicked on

2021-07-29 20:23:55 - [MESSAGE][PASSED] - Object: 'Object Repository/Canine/NavBar/Canine_Cases_Btn' is clicked on

2021-07-29 20:23:55 - [TEST_STEP][PASSED] - click(findTestObject("Bento/Cases_page/Filter/FilterByCases_Facet")): Object: 'Object Repository/Bento/Cases_page/Filter/FilterByCases_Facet' is clicked on

2021-07-29 20:23:57 - [MESSAGE][PASSED] - Object: 'Object Repository/Bento/Cases_page/Filter/FilterByCases_Facet' is clicked on

2021-07-29 20:23:57 - [TEST_STEP][PASSED] - waitForElementPresent(findTestObject("Canine/Filter/StageOfDisease/STAGEOFDISEASE_Ddn"), 5): Object 'Object Repository/Canine/Filter/StageOfDisease/STAGEOFDISEASE_Ddn' is present

2021-07-29 20:23:57 - [MESSAGE][PASSED] - Object 'Object Repository/Canine/Filter/StageOfDisease/STAGEOFDISEASE_Ddn' is present

2021-07-29 20:23:57 - [TEST_STEP][PASSED] - ctdc.utilities.runtestcaseforKatalon.clickTabCanineStat("Canine/Filter/StageOfDisease/STAGEOFDISEASE_Ddn"): ctdc.utilities.runtestcaseforKatalon.clickTabCanineStat is PASSED

2021-07-29 20:23:59 - [MESSAGE][PASSED] - ctdc.utilities.runtestcaseforKatalon.clickTabCanineStat is PASSED

2021-07-29 20:23:59 - [TEST_STEP][PASSED] - ctdc.utilities.runtestcaseforKatalon.clickTabCanineStat("Canine/Filter/StageOfDisease/3b_Chkbx"): ctdc.utilities.runtestcaseforKatalon.clickTabCanineStat is PASSED

2021-07-29 20:24:01 - [MESSAGE][PASSED] - ctdc.utilities.runtestcaseforKatalon.clickTabCanineStat is PASSED

2021-07-29 20:24:01 - [TEST_STEP][PASSED] - ctdc.utilities.runtestcaseforKatalon.readStatBarCanine("Object Repository/Canine/StatBar/Canine_StatBar-Studies", "Object Repository/Canine/StatBar/Canine_StatBar-Cases", "Object Repository/Canine/StatBar/Canine_StatBar-Samples", "Object Repository/Canine/StatBar/Canine_StatBar-Files", "Object Repository/Canine/StatBar/Canine_StatBar-Aliquots"): ctdc.utilities.runtestcaseforKatalon.readStatBarCanine is PASSED

2021-07-29 20:24:16 - [MESSAGE][PASSED] - ctdc.utilities.runtestcaseforKatalon.readStatBarCanine is PASSED

2021-07-29 20:24:16 - [TEST_STEP][PASSED] - waitForElementPresent(findTestObject("Object Repository/Canine/CanineResults_Cases_Tab"), 5): Object 'Object Repository/Canine/CanineResults_Cases_Tab' is present

2021-07-29 20:24:16 - [MESSAGE][PASSED] - Object 'Object Repository/Canine/CanineResults_Cases_Tab' is present

2021-07-29 20:24:16 - [TEST_STEP][PASSED] - ctdc.utilities.runtestcaseforKatalon.clickTab("Object Repository/Canine/CanineResults_Cases_Tab"): ctdc.utilities.runtestcaseforKatalon.clickTab is PASSED

2021-07-29 20:24:16 - [MESSAGE][PASSED] - ctdc.utilities.runtestcaseforKatalon.clickTab is PASSED

2021-07-29 20:24:16 - [TEST_STEP][PASSED] - ctdc.utilities.runtestcaseforKatalon.multiFunction("ICDC", G_StatBar_Cases, "Object Repository/Canine/Canine_CasesTable", "Object Repository/Canine/Canine_TableHeader", "Object Repository/Canine/Canine_CasesTabNextBtn", G_WebTabnameCases, G_CypherTabnameCases, G_QueryCasesTab): Statbar Arms count matches

2021-07-29 20:24:31 - [MESSAGE][PASSED] - Statbar Files count matches

2021-07-29 20:24:31 - [MESSAGE][PASSED] - Statbar Samples count matches

2021-07-29 20:24:31 - [MESSAGE][PASSED] - Statbar Cases count matches

2021-07-29 20:24:31 - [MESSAGE][PASSED] - Statbar Arms count matches

2021-07-29 20:24:31 - [TEST_STEP][PASSED] - closeBrowser(): Browser is closed

2021-07-29 20:24:31 - [MESSAGE][PASSED] - Browser is closed]]></system-out>
         <system-err><![CDATA[]]></system-err>
      </testcase>
      <testcase name="Test Cases/Canine_TestCases/StageOfDisease/TC05_Canine_Filter_StageOfDisease-4" time="119.388" classname="Test Cases/Canine_TestCases/StageOfDisease/TC05_Canine_Filter_StageOfDisease-4" status="PASSED">
         <system-out><![CDATA[2021-07-29 20:24:31 - [TEST_CASE][PASSED] - Test Cases/Canine_TestCases/StageOfDisease/TC05_Canine_Filter_StageOfDisease-4: Test Cases/Canine_TestCases/StageOfDisease/TC05_Canine_Filter_StageOfDisease-4

2021-07-29 20:24:31 - [TEST_STEP][PASSED] - Start listener action : getTestScriptName: null

2021-07-29 20:24:31 - [TEST_STEP][PASSED] - TestCaseId = testCaseContext.getTestCaseId(): null

2021-07-29 20:24:31 - [TEST_STEP][PASSED] - out.println("**********this is the value of test case id string******** " + testCaseContext.getTestCaseId()): null

2021-07-29 20:24:31 - [TEST_STEP][PASSED] - G_currentTCName = TestCaseId.substring(TestCaseId.lastIndexOf("TC")): null

2021-07-29 20:24:31 - [TEST_STEP][PASSED] - out.println("This is the test case name : " + G_currentTCName): null

2021-07-29 20:24:32 - [TEST_STEP][PASSED] - closeBrowser(): Browser is closed

2021-07-29 20:24:32 - [MESSAGE][PASSED] - Browser is closed

2021-07-29 20:24:32 - [TEST_STEP][PASSED] - ctdc.utilities.runtestcaseforKatalon.RunKatalon("TC05_Canine_Filter_StageOfDisease-4.xlsx"): Data loaded from input file for the test case. 

2021-07-29 20:24:32 - [MESSAGE][PASSED] - Test case file loaded This is the full filepath after converting to string :C:\Users\sohilz2\Commons_Automation\InputFiles\TC05_Canine_Filter_StageOfDisease-4.xlsx

2021-07-29 20:24:32 - [MESSAGE][INFO] - Global variable set for password file is :  C:\Users\sohilz2\Commons_Automation\InputFiles\TC05_Canine_Filter_StageOfDisease-4.xlsx

2021-07-29 20:24:36 - [MESSAGE][PASSED] - Data loaded from input file for the test case. 

2021-07-29 20:24:42 - [TEST_STEP][PASSED] - waitForElementPresent(findTestObject("Canine/NavBar/Canine_Cases_Btn"), 5): Object 'Object Repository/Canine/NavBar/Canine_Cases_Btn' is present

2021-07-29 20:24:42 - [MESSAGE][PASSED] - Object 'Object Repository/Canine/NavBar/Canine_Cases_Btn' is present

2021-07-29 20:24:42 - [TEST_STEP][PASSED] - click(findTestObject("Canine/NavBar/Canine_Cases_Btn")): Object: 'Object Repository/Canine/NavBar/Canine_Cases_Btn' is clicked on

2021-07-29 20:24:42 - [MESSAGE][PASSED] - Object: 'Object Repository/Canine/NavBar/Canine_Cases_Btn' is clicked on

2021-07-29 20:24:42 - [TEST_STEP][PASSED] - click(findTestObject("Bento/Cases_page/Filter/FilterByCases_Facet")): Object: 'Object Repository/Bento/Cases_page/Filter/FilterByCases_Facet' is clicked on

2021-07-29 20:24:44 - [MESSAGE][PASSED] - Object: 'Object Repository/Bento/Cases_page/Filter/FilterByCases_Facet' is clicked on

2021-07-29 20:24:44 - [TEST_STEP][PASSED] - waitForElementPresent(findTestObject("Canine/Filter/StageOfDisease/STAGEOFDISEASE_Ddn"), 5): Object 'Object Repository/Canine/Filter/StageOfDisease/STAGEOFDISEASE_Ddn' is present

2021-07-29 20:24:44 - [MESSAGE][PASSED] - Object 'Object Repository/Canine/Filter/StageOfDisease/STAGEOFDISEASE_Ddn' is present

2021-07-29 20:24:44 - [TEST_STEP][PASSED] - ctdc.utilities.runtestcaseforKatalon.clickTabCanineStat("Canine/Filter/StageOfDisease/STAGEOFDISEASE_Ddn"): ctdc.utilities.runtestcaseforKatalon.clickTabCanineStat is PASSED

2021-07-29 20:24:46 - [MESSAGE][PASSED] - ctdc.utilities.runtestcaseforKatalon.clickTabCanineStat is PASSED

2021-07-29 20:24:46 - [TEST_STEP][PASSED] - ctdc.utilities.runtestcaseforKatalon.clickTabCanineStat("Canine/Filter/StageOfDisease/4_Chkbx"): ctdc.utilities.runtestcaseforKatalon.clickTabCanineStat is PASSED

2021-07-29 20:24:48 - [MESSAGE][PASSED] - ctdc.utilities.runtestcaseforKatalon.clickTabCanineStat is PASSED

2021-07-29 20:24:48 - [TEST_STEP][PASSED] - ctdc.utilities.runtestcaseforKatalon.readStatBarCanine("Object Repository/Canine/StatBar/Canine_StatBar-Studies", "Object Repository/Canine/StatBar/Canine_StatBar-Cases", "Object Repository/Canine/StatBar/Canine_StatBar-Samples", "Object Repository/Canine/StatBar/Canine_StatBar-Files", "Object Repository/Canine/StatBar/Canine_StatBar-Aliquots"): ctdc.utilities.runtestcaseforKatalon.readStatBarCanine is PASSED

2021-07-29 20:25:03 - [MESSAGE][PASSED] - ctdc.utilities.runtestcaseforKatalon.readStatBarCanine is PASSED

2021-07-29 20:25:03 - [TEST_STEP][PASSED] - waitForElementPresent(findTestObject("Object Repository/Canine/CanineResults_Cases_Tab"), 5): Object 'Object Repository/Canine/CanineResults_Cases_Tab' is present

2021-07-29 20:25:03 - [MESSAGE][PASSED] - Object 'Object Repository/Canine/CanineResults_Cases_Tab' is present

2021-07-29 20:25:03 - [TEST_STEP][PASSED] - ctdc.utilities.runtestcaseforKatalon.clickTab("Object Repository/Canine/CanineResults_Cases_Tab"): ctdc.utilities.runtestcaseforKatalon.clickTab is PASSED

2021-07-29 20:25:04 - [MESSAGE][PASSED] - ctdc.utilities.runtestcaseforKatalon.clickTab is PASSED

2021-07-29 20:25:04 - [TEST_STEP][PASSED] - ctdc.utilities.runtestcaseforKatalon.multiFunction("ICDC", G_StatBar_Cases, "Object Repository/Canine/Canine_CasesTable", "Object Repository/Canine/Canine_TableHeader", "Object Repository/Canine/Canine_CasesTabNextBtn", G_WebTabnameCases, G_CypherTabnameCases, G_QueryCasesTab): Statbar Arms count matches

2021-07-29 20:25:21 - [MESSAGE][PASSED] - Statbar Files count matches

2021-07-29 20:25:21 - [MESSAGE][PASSED] - Statbar Samples count matches

2021-07-29 20:25:21 - [MESSAGE][PASSED] - Statbar Cases count matches

2021-07-29 20:25:21 - [MESSAGE][PASSED] - Statbar Arms count matches

2021-07-29 20:25:21 - [TEST_STEP][PASSED] - waitForElementPresent(findTestObject("Object Repository/Canine/CanineResults_Samples_Tab"), 5): Object 'Object Repository/Canine/CanineResults_Samples_Tab' is present

2021-07-29 20:25:21 - [MESSAGE][PASSED] - Object 'Object Repository/Canine/CanineResults_Samples_Tab' is present

2021-07-29 20:25:21 - [TEST_STEP][PASSED] - ctdc.utilities.runtestcaseforKatalon.clickTab("Object Repository/Canine/CanineResults_Samples_Tab"): ctdc.utilities.runtestcaseforKatalon.clickTab is PASSED

2021-07-29 20:25:21 - [MESSAGE][PASSED] - ctdc.utilities.runtestcaseforKatalon.clickTab is PASSED

2021-07-29 20:25:21 - [TEST_STEP][PASSED] - ctdc.utilities.runtestcaseforKatalon.multiFunction("ICDC", G_StatBar_Samples, "Object Repository/Canine/Canine_Samples_Table", "Object Repository/Canine/Canine_Samples_TableHdr", "Object Repository/Canine/Canine_SamplesTabNextBtn", G_WebTabnameSamples, G_CypherTabnameSamples, G_QuerySamplesTab): Statbar Arms count matches

2021-07-29 20:25:50 - [MESSAGE][PASSED] - Statbar Files count matches

2021-07-29 20:25:50 - [MESSAGE][PASSED] - Statbar Samples count matches

2021-07-29 20:25:50 - [MESSAGE][PASSED] - Statbar Cases count matches

2021-07-29 20:25:50 - [MESSAGE][PASSED] - Statbar Arms count matches

2021-07-29 20:25:50 - [TEST_STEP][PASSED] - waitForElementPresent(findTestObject("Object Repository/Canine/CanineResults_Files_Tab"), 5): Object 'Object Repository/Canine/CanineResults_Files_Tab' is present

2021-07-29 20:25:50 - [MESSAGE][PASSED] - Object 'Object Repository/Canine/CanineResults_Files_Tab' is present

2021-07-29 20:25:50 - [TEST_STEP][PASSED] - ctdc.utilities.runtestcaseforKatalon.clickTab("Object Repository/Canine/CanineResults_Files_Tab"): ctdc.utilities.runtestcaseforKatalon.clickTab is PASSED

2021-07-29 20:25:51 - [MESSAGE][PASSED] - ctdc.utilities.runtestcaseforKatalon.clickTab is PASSED

2021-07-29 20:25:51 - [TEST_STEP][PASSED] - ctdc.utilities.runtestcaseforKatalon.multiFunction("ICDC", G_StatBar_Files, "Object Repository/Canine/Canine_Files_Table", "Object Repository/Canine/Canine_Files_TableHdr", "Object Repository/Canine/Canine_FilesTabNextBtn", G_WebTabnameFiles, G_CypherTabnameFiles, G_QueryFilesTab): Statbar Arms count matches

2021-07-29 20:26:30 - [MESSAGE][PASSED] - Statbar Files count matches

2021-07-29 20:26:30 - [MESSAGE][PASSED] - Statbar Samples count matches

2021-07-29 20:26:30 - [MESSAGE][PASSED] - Statbar Cases count matches

2021-07-29 20:26:30 - [MESSAGE][PASSED] - Statbar Arms count matches

2021-07-29 20:26:30 - [TEST_STEP][PASSED] - closeBrowser(): Browser is closed

2021-07-29 20:26:31 - [MESSAGE][PASSED] - Browser is closed]]></system-out>
         <system-err><![CDATA[]]></system-err>
      </testcase>
      <testcase name="Test Cases/Canine_TestCases/StageOfDisease/TC06_Canine_Filter_StageOfDisease-4a" time="49.643" classname="Test Cases/Canine_TestCases/StageOfDisease/TC06_Canine_Filter_StageOfDisease-4a" status="PASSED">
         <system-out><![CDATA[2021-07-29 20:26:31 - [TEST_CASE][PASSED] - Test Cases/Canine_TestCases/StageOfDisease/TC06_Canine_Filter_StageOfDisease-4a: Test Cases/Canine_TestCases/StageOfDisease/TC06_Canine_Filter_StageOfDisease-4a

2021-07-29 20:26:31 - [TEST_STEP][PASSED] - Start listener action : getTestScriptName: null

2021-07-29 20:26:31 - [TEST_STEP][PASSED] - TestCaseId = testCaseContext.getTestCaseId(): null

2021-07-29 20:26:31 - [TEST_STEP][PASSED] - out.println("**********this is the value of test case id string******** " + testCaseContext.getTestCaseId()): null

2021-07-29 20:26:31 - [TEST_STEP][PASSED] - G_currentTCName = TestCaseId.substring(TestCaseId.lastIndexOf("TC")): null

2021-07-29 20:26:31 - [TEST_STEP][PASSED] - out.println("This is the test case name : " + G_currentTCName): null

2021-07-29 20:26:31 - [TEST_STEP][PASSED] - closeBrowser(): Browser is closed

2021-07-29 20:26:31 - [MESSAGE][PASSED] - Browser is closed

2021-07-29 20:26:31 - [TEST_STEP][PASSED] - ctdc.utilities.runtestcaseforKatalon.RunKatalon("TC06_Canine_Filter_StageOfDisease-4a.xlsx"): Data loaded from input file for the test case. 

2021-07-29 20:26:31 - [MESSAGE][PASSED] - Test case file loaded This is the full filepath after converting to string :C:\Users\sohilz2\Commons_Automation\InputFiles\TC06_Canine_Filter_StageOfDisease-4a.xlsx

2021-07-29 20:26:31 - [MESSAGE][INFO] - Global variable set for password file is :  C:\Users\sohilz2\Commons_Automation\InputFiles\TC06_Canine_Filter_StageOfDisease-4a.xlsx

2021-07-29 20:26:35 - [MESSAGE][PASSED] - Data loaded from input file for the test case. 

2021-07-29 20:26:42 - [TEST_STEP][PASSED] - waitForElementPresent(findTestObject("Canine/NavBar/Canine_Cases_Btn"), 5): Object 'Object Repository/Canine/NavBar/Canine_Cases_Btn' is present

2021-07-29 20:26:42 - [MESSAGE][PASSED] - Object 'Object Repository/Canine/NavBar/Canine_Cases_Btn' is present

2021-07-29 20:26:42 - [TEST_STEP][PASSED] - click(findTestObject("Canine/NavBar/Canine_Cases_Btn")): Object: 'Object Repository/Canine/NavBar/Canine_Cases_Btn' is clicked on

2021-07-29 20:26:42 - [MESSAGE][PASSED] - Object: 'Object Repository/Canine/NavBar/Canine_Cases_Btn' is clicked on

2021-07-29 20:26:42 - [TEST_STEP][PASSED] - click(findTestObject("Bento/Cases_page/Filter/FilterByCases_Facet")): Object: 'Object Repository/Bento/Cases_page/Filter/FilterByCases_Facet' is clicked on

2021-07-29 20:26:43 - [MESSAGE][PASSED] - Object: 'Object Repository/Bento/Cases_page/Filter/FilterByCases_Facet' is clicked on

2021-07-29 20:26:43 - [TEST_STEP][PASSED] - waitForElementPresent(findTestObject("Canine/Filter/StageOfDisease/STAGEOFDISEASE_Ddn"), 5): Object 'Object Repository/Canine/Filter/StageOfDisease/STAGEOFDISEASE_Ddn' is present

2021-07-29 20:26:44 - [MESSAGE][PASSED] - Object 'Object Repository/Canine/Filter/StageOfDisease/STAGEOFDISEASE_Ddn' is present

2021-07-29 20:26:44 - [TEST_STEP][PASSED] - ctdc.utilities.runtestcaseforKatalon.clickTabCanineStat("Canine/Filter/StageOfDisease/STAGEOFDISEASE_Ddn"): ctdc.utilities.runtestcaseforKatalon.clickTabCanineStat is PASSED

2021-07-29 20:26:45 - [MESSAGE][PASSED] - ctdc.utilities.runtestcaseforKatalon.clickTabCanineStat is PASSED

2021-07-29 20:26:45 - [TEST_STEP][PASSED] - ctdc.utilities.runtestcaseforKatalon.clickTabCanineStat("Canine/Filter/StageOfDisease/4a_Chkbx"): ctdc.utilities.runtestcaseforKatalon.clickTabCanineStat is PASSED

2021-07-29 20:26:47 - [MESSAGE][PASSED] - ctdc.utilities.runtestcaseforKatalon.clickTabCanineStat is PASSED

2021-07-29 20:26:47 - [TEST_STEP][PASSED] - ctdc.utilities.runtestcaseforKatalon.readStatBarCanine("Object Repository/Canine/StatBar/Canine_StatBar-Studies", "Object Repository/Canine/StatBar/Canine_StatBar-Cases", "Object Repository/Canine/StatBar/Canine_StatBar-Samples", "Object Repository/Canine/StatBar/Canine_StatBar-Files", "Object Repository/Canine/StatBar/Canine_StatBar-Aliquots"): ctdc.utilities.runtestcaseforKatalon.readStatBarCanine is PASSED

2021-07-29 20:27:02 - [MESSAGE][PASSED] - ctdc.utilities.runtestcaseforKatalon.readStatBarCanine is PASSED

2021-07-29 20:27:02 - [TEST_STEP][PASSED] - waitForElementPresent(findTestObject("Object Repository/Canine/CanineResults_Cases_Tab"), 5): Object 'Object Repository/Canine/CanineResults_Cases_Tab' is present

2021-07-29 20:27:02 - [MESSAGE][PASSED] - Object 'Object Repository/Canine/CanineResults_Cases_Tab' is present

2021-07-29 20:27:02 - [TEST_STEP][PASSED] - ctdc.utilities.runtestcaseforKatalon.clickTab("Object Repository/Canine/CanineResults_Cases_Tab"): ctdc.utilities.runtestcaseforKatalon.clickTab is PASSED

2021-07-29 20:27:03 - [MESSAGE][PASSED] - ctdc.utilities.runtestcaseforKatalon.clickTab is PASSED

2021-07-29 20:27:03 - [TEST_STEP][PASSED] - ctdc.utilities.runtestcaseforKatalon.multiFunction("ICDC", G_StatBar_Cases, "Object Repository/Canine/Canine_CasesTable", "Object Repository/Canine/Canine_TableHeader", "Object Repository/Canine/Canine_CasesTabNextBtn", G_WebTabnameCases, G_CypherTabnameCases, G_QueryCasesTab): Statbar Arms count matches

2021-07-29 20:27:20 - [MESSAGE][PASSED] - Statbar Files count matches

2021-07-29 20:27:20 - [MESSAGE][PASSED] - Statbar Samples count matches

2021-07-29 20:27:20 - [MESSAGE][PASSED] - Statbar Cases count matches

2021-07-29 20:27:20 - [MESSAGE][PASSED] - Statbar Arms count matches

2021-07-29 20:27:20 - [TEST_STEP][PASSED] - closeBrowser(): Browser is closed

2021-07-29 20:27:20 - [MESSAGE][PASSED] - Browser is closed]]></system-out>
         <system-err><![CDATA[]]></system-err>
      </testcase>
      <testcase name="Test Cases/Canine_TestCases/StageOfDisease/TC07_Canine_Filter_StageOfDisease-4b" time="48.444" classname="Test Cases/Canine_TestCases/StageOfDisease/TC07_Canine_Filter_StageOfDisease-4b" status="PASSED">
         <system-out><![CDATA[2021-07-29 20:27:20 - [TEST_CASE][PASSED] - Test Cases/Canine_TestCases/StageOfDisease/TC07_Canine_Filter_StageOfDisease-4b: Test Cases/Canine_TestCases/StageOfDisease/TC07_Canine_Filter_StageOfDisease-4b

2021-07-29 20:27:20 - [TEST_STEP][PASSED] - Start listener action : getTestScriptName: null

2021-07-29 20:27:20 - [TEST_STEP][PASSED] - TestCaseId = testCaseContext.getTestCaseId(): null

2021-07-29 20:27:20 - [TEST_STEP][PASSED] - out.println("**********this is the value of test case id string******** " + testCaseContext.getTestCaseId()): null

2021-07-29 20:27:20 - [TEST_STEP][PASSED] - G_currentTCName = TestCaseId.substring(TestCaseId.lastIndexOf("TC")): null

2021-07-29 20:27:20 - [TEST_STEP][PASSED] - out.println("This is the test case name : " + G_currentTCName): null

2021-07-29 20:27:21 - [TEST_STEP][PASSED] - closeBrowser(): Browser is closed

2021-07-29 20:27:21 - [MESSAGE][PASSED] - Browser is closed

2021-07-29 20:27:21 - [TEST_STEP][PASSED] - ctdc.utilities.runtestcaseforKatalon.RunKatalon("TC07_Canine_Filter_StageOfDisease-4b.xlsx"): Data loaded from input file for the test case. 

2021-07-29 20:27:21 - [MESSAGE][PASSED] - Test case file loaded This is the full filepath after converting to string :C:\Users\sohilz2\Commons_Automation\InputFiles\TC07_Canine_Filter_StageOfDisease-4b.xlsx

2021-07-29 20:27:21 - [MESSAGE][INFO] - Global variable set for password file is :  C:\Users\sohilz2\Commons_Automation\InputFiles\TC07_Canine_Filter_StageOfDisease-4b.xlsx

2021-07-29 20:27:25 - [MESSAGE][PASSED] - Data loaded from input file for the test case. 

2021-07-29 20:27:32 - [TEST_STEP][PASSED] - waitForElementPresent(findTestObject("Canine/NavBar/Canine_Cases_Btn"), 5): Object 'Object Repository/Canine/NavBar/Canine_Cases_Btn' is present

2021-07-29 20:27:32 - [MESSAGE][PASSED] - Object 'Object Repository/Canine/NavBar/Canine_Cases_Btn' is present

2021-07-29 20:27:32 - [TEST_STEP][PASSED] - click(findTestObject("Canine/NavBar/Canine_Cases_Btn")): Object: 'Object Repository/Canine/NavBar/Canine_Cases_Btn' is clicked on

2021-07-29 20:27:32 - [MESSAGE][PASSED] - Object: 'Object Repository/Canine/NavBar/Canine_Cases_Btn' is clicked on

2021-07-29 20:27:32 - [TEST_STEP][PASSED] - click(findTestObject("Bento/Cases_page/Filter/FilterByCases_Facet")): Object: 'Object Repository/Bento/Cases_page/Filter/FilterByCases_Facet' is clicked on

2021-07-29 20:27:33 - [MESSAGE][PASSED] - Object: 'Object Repository/Bento/Cases_page/Filter/FilterByCases_Facet' is clicked on

2021-07-29 20:27:33 - [TEST_STEP][PASSED] - waitForElementPresent(findTestObject("Canine/Filter/StageOfDisease/STAGEOFDISEASE_Ddn"), 5): Object 'Object Repository/Canine/Filter/StageOfDisease/STAGEOFDISEASE_Ddn' is present

2021-07-29 20:27:34 - [MESSAGE][PASSED] - Object 'Object Repository/Canine/Filter/StageOfDisease/STAGEOFDISEASE_Ddn' is present

2021-07-29 20:27:34 - [TEST_STEP][PASSED] - ctdc.utilities.runtestcaseforKatalon.clickTabCanineStat("Canine/Filter/StageOfDisease/STAGEOFDISEASE_Ddn"): ctdc.utilities.runtestcaseforKatalon.clickTabCanineStat is PASSED

2021-07-29 20:27:35 - [MESSAGE][PASSED] - ctdc.utilities.runtestcaseforKatalon.clickTabCanineStat is PASSED

2021-07-29 20:27:35 - [TEST_STEP][PASSED] - ctdc.utilities.runtestcaseforKatalon.clickTabCanineStat("Canine/Filter/StageOfDisease/4b_Chkbx"): ctdc.utilities.runtestcaseforKatalon.clickTabCanineStat is PASSED

2021-07-29 20:27:37 - [MESSAGE][PASSED] - ctdc.utilities.runtestcaseforKatalon.clickTabCanineStat is PASSED

2021-07-29 20:27:37 - [TEST_STEP][PASSED] - ctdc.utilities.runtestcaseforKatalon.readStatBarCanine("Object Repository/Canine/StatBar/Canine_StatBar-Studies", "Object Repository/Canine/StatBar/Canine_StatBar-Cases", "Object Repository/Canine/StatBar/Canine_StatBar-Samples", "Object Repository/Canine/StatBar/Canine_StatBar-Files", "Object Repository/Canine/StatBar/Canine_StatBar-Aliquots"): ctdc.utilities.runtestcaseforKatalon.readStatBarCanine is PASSED

2021-07-29 20:27:53 - [MESSAGE][PASSED] - ctdc.utilities.runtestcaseforKatalon.readStatBarCanine is PASSED

2021-07-29 20:27:53 - [TEST_STEP][PASSED] - waitForElementPresent(findTestObject("Object Repository/Canine/CanineResults_Cases_Tab"), 5): Object 'Object Repository/Canine/CanineResults_Cases_Tab' is present

2021-07-29 20:27:53 - [MESSAGE][PASSED] - Object 'Object Repository/Canine/CanineResults_Cases_Tab' is present

2021-07-29 20:27:53 - [TEST_STEP][PASSED] - ctdc.utilities.runtestcaseforKatalon.clickTab("Object Repository/Canine/CanineResults_Cases_Tab"): ctdc.utilities.runtestcaseforKatalon.clickTab is PASSED

2021-07-29 20:27:53 - [MESSAGE][PASSED] - ctdc.utilities.runtestcaseforKatalon.clickTab is PASSED

2021-07-29 20:27:53 - [TEST_STEP][PASSED] - ctdc.utilities.runtestcaseforKatalon.multiFunction("ICDC", G_StatBar_Cases, "Object Repository/Canine/Canine_CasesTable", "Object Repository/Canine/Canine_TableHeader", "Object Repository/Canine/Canine_CasesTabNextBtn", G_WebTabnameCases, G_CypherTabnameCases, G_QueryCasesTab): Statbar Arms count matches

2021-07-29 20:28:08 - [MESSAGE][PASSED] - Statbar Files count matches

2021-07-29 20:28:08 - [MESSAGE][PASSED] - Statbar Samples count matches

2021-07-29 20:28:08 - [MESSAGE][PASSED] - Statbar Cases count matches

2021-07-29 20:28:08 - [MESSAGE][PASSED] - Statbar Arms count matches

2021-07-29 20:28:08 - [TEST_STEP][PASSED] - closeBrowser(): Browser is closed

2021-07-29 20:28:09 - [MESSAGE][PASSED] - Browser is closed]]></system-out>
         <system-err><![CDATA[]]></system-err>
      </testcase>
      <testcase name="Test Cases/Canine_TestCases/StageOfDisease/TC10_Canine_Filter_StageOfDisease-5b" time="47.315" classname="Test Cases/Canine_TestCases/StageOfDisease/TC10_Canine_Filter_StageOfDisease-5b" status="PASSED">
         <system-out><![CDATA[2021-07-29 20:28:09 - [TEST_CASE][PASSED] - Test Cases/Canine_TestCases/StageOfDisease/TC10_Canine_Filter_StageOfDisease-5b: Test Cases/Canine_TestCases/StageOfDisease/TC10_Canine_Filter_StageOfDisease-5b

2021-07-29 20:28:09 - [TEST_STEP][PASSED] - Start listener action : getTestScriptName: null

2021-07-29 20:28:09 - [TEST_STEP][PASSED] - TestCaseId = testCaseContext.getTestCaseId(): null

2021-07-29 20:28:09 - [TEST_STEP][PASSED] - out.println("**********this is the value of test case id string******** " + testCaseContext.getTestCaseId()): null

2021-07-29 20:28:09 - [TEST_STEP][PASSED] - G_currentTCName = TestCaseId.substring(TestCaseId.lastIndexOf("TC")): null

2021-07-29 20:28:09 - [TEST_STEP][PASSED] - out.println("This is the test case name : " + G_currentTCName): null

2021-07-29 20:28:09 - [TEST_STEP][PASSED] - closeBrowser(): Browser is closed

2021-07-29 20:28:09 - [MESSAGE][PASSED] - Browser is closed

2021-07-29 20:28:09 - [TEST_STEP][PASSED] - ctdc.utilities.runtestcaseforKatalon.RunKatalon("TC10_Canine_Filter_StageOfDisease-5b.xlsx"): Data loaded from input file for the test case. 

2021-07-29 20:28:09 - [MESSAGE][PASSED] - Test case file loaded This is the full filepath after converting to string :C:\Users\sohilz2\Commons_Automation\InputFiles\TC10_Canine_Filter_StageOfDisease-5b.xlsx

2021-07-29 20:28:09 - [MESSAGE][INFO] - Global variable set for password file is :  C:\Users\sohilz2\Commons_Automation\InputFiles\TC10_Canine_Filter_StageOfDisease-5b.xlsx

2021-07-29 20:28:13 - [MESSAGE][PASSED] - Data loaded from input file for the test case. 

2021-07-29 20:28:20 - [TEST_STEP][PASSED] - waitForElementPresent(findTestObject("Canine/NavBar/Canine_Cases_Btn"), 5): Object 'Object Repository/Canine/NavBar/Canine_Cases_Btn' is present

2021-07-29 20:28:20 - [MESSAGE][PASSED] - Object 'Object Repository/Canine/NavBar/Canine_Cases_Btn' is present

2021-07-29 20:28:20 - [TEST_STEP][PASSED] - click(findTestObject("Canine/NavBar/Canine_Cases_Btn")): Object: 'Object Repository/Canine/NavBar/Canine_Cases_Btn' is clicked on

2021-07-29 20:28:20 - [MESSAGE][PASSED] - Object: 'Object Repository/Canine/NavBar/Canine_Cases_Btn' is clicked on

2021-07-29 20:28:20 - [TEST_STEP][PASSED] - click(findTestObject("Bento/Cases_page/Filter/FilterByCases_Facet")): Object: 'Object Repository/Bento/Cases_page/Filter/FilterByCases_Facet' is clicked on

2021-07-29 20:28:22 - [MESSAGE][PASSED] - Object: 'Object Repository/Bento/Cases_page/Filter/FilterByCases_Facet' is clicked on

2021-07-29 20:28:22 - [TEST_STEP][PASSED] - waitForElementPresent(findTestObject("Canine/Filter/StageOfDisease/STAGEOFDISEASE_Ddn"), 5): Object 'Object Repository/Canine/Filter/StageOfDisease/STAGEOFDISEASE_Ddn' is present

2021-07-29 20:28:22 - [MESSAGE][PASSED] - Object 'Object Repository/Canine/Filter/StageOfDisease/STAGEOFDISEASE_Ddn' is present

2021-07-29 20:28:22 - [TEST_STEP][PASSED] - ctdc.utilities.runtestcaseforKatalon.clickTabCanineStat("Canine/Filter/StageOfDisease/STAGEOFDISEASE_Ddn"): ctdc.utilities.runtestcaseforKatalon.clickTabCanineStat is PASSED

2021-07-29 20:28:24 - [MESSAGE][PASSED] - ctdc.utilities.runtestcaseforKatalon.clickTabCanineStat is PASSED

2021-07-29 20:28:24 - [TEST_STEP][PASSED] - ctdc.utilities.runtestcaseforKatalon.clickTabCanineStat("Canine/Filter/StageOfDisease/5b_Chkbx"): ctdc.utilities.runtestcaseforKatalon.clickTabCanineStat is PASSED

2021-07-29 20:28:26 - [MESSAGE][PASSED] - ctdc.utilities.runtestcaseforKatalon.clickTabCanineStat is PASSED

2021-07-29 20:28:26 - [TEST_STEP][PASSED] - ctdc.utilities.runtestcaseforKatalon.readStatBarCanine("Object Repository/Canine/StatBar/Canine_StatBar-Studies", "Object Repository/Canine/StatBar/Canine_StatBar-Cases", "Object Repository/Canine/StatBar/Canine_StatBar-Samples", "Object Repository/Canine/StatBar/Canine_StatBar-Files", "Object Repository/Canine/StatBar/Canine_StatBar-Aliquots"): ctdc.utilities.runtestcaseforKatalon.readStatBarCanine is PASSED

2021-07-29 20:28:41 - [MESSAGE][PASSED] - ctdc.utilities.runtestcaseforKatalon.readStatBarCanine is PASSED

2021-07-29 20:28:41 - [TEST_STEP][PASSED] - waitForElementPresent(findTestObject("Object Repository/Canine/CanineResults_Cases_Tab"), 5): Object 'Object Repository/Canine/CanineResults_Cases_Tab' is present

2021-07-29 20:28:41 - [MESSAGE][PASSED] - Object 'Object Repository/Canine/CanineResults_Cases_Tab' is present

2021-07-29 20:28:41 - [TEST_STEP][PASSED] - ctdc.utilities.runtestcaseforKatalon.clickTab("Object Repository/Canine/CanineResults_Cases_Tab"): ctdc.utilities.runtestcaseforKatalon.clickTab is PASSED

2021-07-29 20:28:41 - [MESSAGE][PASSED] - ctdc.utilities.runtestcaseforKatalon.clickTab is PASSED

2021-07-29 20:28:41 - [TEST_STEP][PASSED] - ctdc.utilities.runtestcaseforKatalon.multiFunction("ICDC", G_StatBar_Cases, "Object Repository/Canine/Canine_CasesTable", "Object Repository/Canine/Canine_TableHeader", "Object Repository/Canine/Canine_CasesTabNextBtn", G_WebTabnameCases, G_CypherTabnameCases, G_QueryCasesTab): Statbar Arms count matches

2021-07-29 20:28:56 - [MESSAGE][PASSED] - Statbar Files count matches

2021-07-29 20:28:56 - [MESSAGE][PASSED] - Statbar Samples count matches

2021-07-29 20:28:56 - [MESSAGE][PASSED] - Statbar Cases count matches

2021-07-29 20:28:56 - [MESSAGE][PASSED] - Statbar Arms count matches

2021-07-29 20:28:56 - [TEST_STEP][PASSED] - closeBrowser(): Browser is closed

2021-07-29 20:28:56 - [MESSAGE][PASSED] - Browser is closed]]></system-out>
         <system-err><![CDATA[]]></system-err>
      </testcase>
      <testcase name="Test Cases/Canine_TestCases/StageOfDisease/TC11_Canine_Filter_StageOfDisease-Unknown" time="199.386" classname="Test Cases/Canine_TestCases/StageOfDisease/TC11_Canine_Filter_StageOfDisease-Unknown" status="PASSED">
         <system-out><![CDATA[2021-07-29 20:28:56 - [TEST_CASE][PASSED] - Test Cases/Canine_TestCases/StageOfDisease/TC11_Canine_Filter_StageOfDisease-Unknown: Test Cases/Canine_TestCases/StageOfDisease/TC11_Canine_Filter_StageOfDisease-Unknown

2021-07-29 20:28:56 - [TEST_STEP][PASSED] - Start listener action : getTestScriptName: null

2021-07-29 20:28:56 - [TEST_STEP][PASSED] - TestCaseId = testCaseContext.getTestCaseId(): null

2021-07-29 20:28:56 - [TEST_STEP][PASSED] - out.println("**********this is the value of test case id string******** " + testCaseContext.getTestCaseId()): null

2021-07-29 20:28:56 - [TEST_STEP][PASSED] - G_currentTCName = TestCaseId.substring(TestCaseId.lastIndexOf("TC")): null

2021-07-29 20:28:56 - [TEST_STEP][PASSED] - out.println("This is the test case name : " + G_currentTCName): null

2021-07-29 20:28:57 - [TEST_STEP][PASSED] - closeBrowser(): Browser is closed

2021-07-29 20:28:57 - [MESSAGE][PASSED] - Browser is closed

2021-07-29 20:28:57 - [TEST_STEP][PASSED] - ctdc.utilities.runtestcaseforKatalon.RunKatalon("TC11_Canine_Filter_StageOfDisease-Unknown.xlsx"): Data loaded from input file for the test case. 

2021-07-29 20:28:57 - [MESSAGE][PASSED] - Test case file loaded This is the full filepath after converting to string :C:\Users\sohilz2\Commons_Automation\InputFiles\TC11_Canine_Filter_StageOfDisease-Unknown.xlsx

2021-07-29 20:28:57 - [MESSAGE][INFO] - Global variable set for password file is :  C:\Users\sohilz2\Commons_Automation\InputFiles\TC11_Canine_Filter_StageOfDisease-Unknown.xlsx

2021-07-29 20:29:01 - [MESSAGE][PASSED] - Data loaded from input file for the test case. 

2021-07-29 20:29:08 - [TEST_STEP][PASSED] - waitForElementPresent(findTestObject("Canine/NavBar/Canine_Cases_Btn"), 5): Object 'Object Repository/Canine/NavBar/Canine_Cases_Btn' is present

2021-07-29 20:29:08 - [MESSAGE][PASSED] - Object 'Object Repository/Canine/NavBar/Canine_Cases_Btn' is present

2021-07-29 20:29:08 - [TEST_STEP][PASSED] - click(findTestObject("Canine/NavBar/Canine_Cases_Btn")): Object: 'Object Repository/Canine/NavBar/Canine_Cases_Btn' is clicked on

2021-07-29 20:29:08 - [MESSAGE][PASSED] - Object: 'Object Repository/Canine/NavBar/Canine_Cases_Btn' is clicked on

2021-07-29 20:29:08 - [TEST_STEP][PASSED] - click(findTestObject("Bento/Cases_page/Filter/FilterByCases_Facet")): Object: 'Object Repository/Bento/Cases_page/Filter/FilterByCases_Facet' is clicked on

2021-07-29 20:29:09 - [MESSAGE][PASSED] - Object: 'Object Repository/Bento/Cases_page/Filter/FilterByCases_Facet' is clicked on

2021-07-29 20:29:09 - [TEST_STEP][PASSED] - waitForElementPresent(findTestObject("Canine/Filter/StageOfDisease/STAGEOFDISEASE_Ddn"), 5): Object 'Object Repository/Canine/Filter/StageOfDisease/STAGEOFDISEASE_Ddn' is present

2021-07-29 20:29:10 - [MESSAGE][PASSED] - Object 'Object Repository/Canine/Filter/StageOfDisease/STAGEOFDISEASE_Ddn' is present

2021-07-29 20:29:10 - [TEST_STEP][PASSED] - ctdc.utilities.runtestcaseforKatalon.clickTabCanineStat("Canine/Filter/StageOfDisease/STAGEOFDISEASE_Ddn"): ctdc.utilities.runtestcaseforKatalon.clickTabCanineStat is PASSED

2021-07-29 20:29:11 - [MESSAGE][PASSED] - ctdc.utilities.runtestcaseforKatalon.clickTabCanineStat is PASSED

2021-07-29 20:29:11 - [TEST_STEP][PASSED] - ctdc.utilities.runtestcaseforKatalon.clickTabCanineStat("Canine/Filter/StageOfDisease/Unknown_Chkbx"): ctdc.utilities.runtestcaseforKatalon.clickTabCanineStat is PASSED

2021-07-29 20:29:13 - [MESSAGE][PASSED] - ctdc.utilities.runtestcaseforKatalon.clickTabCanineStat is PASSED

2021-07-29 20:29:13 - [TEST_STEP][PASSED] - ctdc.utilities.runtestcaseforKatalon.readStatBarCanine("Object Repository/Canine/StatBar/Canine_StatBar-Studies", "Object Repository/Canine/StatBar/Canine_StatBar-Cases", "Object Repository/Canine/StatBar/Canine_StatBar-Samples", "Object Repository/Canine/StatBar/Canine_StatBar-Files", "Object Repository/Canine/StatBar/Canine_StatBar-Aliquots"): ctdc.utilities.runtestcaseforKatalon.readStatBarCanine is PASSED

2021-07-29 20:29:28 - [MESSAGE][PASSED] - ctdc.utilities.runtestcaseforKatalon.readStatBarCanine is PASSED

2021-07-29 20:29:28 - [TEST_STEP][PASSED] - waitForElementPresent(findTestObject("Object Repository/Canine/CanineResults_Cases_Tab"), 5): Object 'Object Repository/Canine/CanineResults_Cases_Tab' is present

2021-07-29 20:29:28 - [MESSAGE][PASSED] - Object 'Object Repository/Canine/CanineResults_Cases_Tab' is present

2021-07-29 20:29:28 - [TEST_STEP][PASSED] - ctdc.utilities.runtestcaseforKatalon.clickTab("Object Repository/Canine/CanineResults_Cases_Tab"): ctdc.utilities.runtestcaseforKatalon.clickTab is PASSED

2021-07-29 20:29:29 - [MESSAGE][PASSED] - ctdc.utilities.runtestcaseforKatalon.clickTab is PASSED

2021-07-29 20:29:29 - [TEST_STEP][PASSED] - ctdc.utilities.runtestcaseforKatalon.multiFunction("ICDC", G_StatBar_Cases, "Object Repository/Canine/Canine_CasesTable", "Object Repository/Canine/Canine_TableHeader", "Object Repository/Canine/Canine_CasesTabNextBtn", G_WebTabnameCases, G_CypherTabnameCases, G_QueryCasesTab): Statbar Arms count matches

2021-07-29 20:32:15 - [MESSAGE][PASSED] - Statbar Files count matches

2021-07-29 20:32:15 - [MESSAGE][PASSED] - Statbar Samples count matches

2021-07-29 20:32:15 - [MESSAGE][PASSED] - Statbar Cases count matches

2021-07-29 20:32:15 - [MESSAGE][PASSED] - Statbar Arms count matches

2021-07-29 20:32:15 - [TEST_STEP][PASSED] - closeBrowser(): Browser is closed

2021-07-29 20:32:16 - [MESSAGE][PASSED] - Browser is closed]]></system-out>
         <system-err><![CDATA[]]></system-err>
      </testcase>
      <testcase name="Test Cases/Canine_TestCases/Study/TC01_Canine_Filter_Study-COTB" time="153.406" classname="Test Cases/Canine_TestCases/Study/TC01_Canine_Filter_Study-COTB" status="PASSED">
         <system-out><![CDATA[2021-07-29 20:32:16 - [TEST_CASE][PASSED] - Test Cases/Canine_TestCases/Study/TC01_Canine_Filter_Study-COTB: Test Cases/Canine_TestCases/Study/TC01_Canine_Filter_Study-COTB

2021-07-29 20:32:16 - [TEST_STEP][PASSED] - Start listener action : getTestScriptName: null

2021-07-29 20:32:16 - [TEST_STEP][PASSED] - TestCaseId = testCaseContext.getTestCaseId(): null

2021-07-29 20:32:16 - [TEST_STEP][PASSED] - out.println("**********this is the value of test case id string******** " + testCaseContext.getTestCaseId()): null

2021-07-29 20:32:16 - [TEST_STEP][PASSED] - G_currentTCName = TestCaseId.substring(TestCaseId.lastIndexOf("TC")): null

2021-07-29 20:32:16 - [TEST_STEP][PASSED] - out.println("This is the test case name : " + G_currentTCName): null

2021-07-29 20:32:16 - [TEST_STEP][PASSED] - closeBrowser(): Browser is closed

2021-07-29 20:32:16 - [MESSAGE][PASSED] - Browser is closed

2021-07-29 20:32:16 - [TEST_STEP][PASSED] - ctdc.utilities.runtestcaseforKatalon.RunKatalon("TC01_Canine_Filter_Study-COTB.xlsx"): Data loaded from input file for the test case. 

2021-07-29 20:32:16 - [MESSAGE][PASSED] - Test case file loaded This is the full filepath after converting to string :C:\Users\sohilz2\Commons_Automation\InputFiles\TC01_Canine_Filter_Study-COTB.xlsx

2021-07-29 20:32:16 - [MESSAGE][INFO] - Global variable set for password file is :  C:\Users\sohilz2\Commons_Automation\InputFiles\TC01_Canine_Filter_Study-COTB.xlsx

2021-07-29 20:32:20 - [MESSAGE][PASSED] - Data loaded from input file for the test case. 

2021-07-29 20:32:27 - [TEST_STEP][PASSED] - waitForElementPresent(findTestObject("Canine/NavBar/Canine_Cases_Btn"), 5): Object 'Object Repository/Canine/NavBar/Canine_Cases_Btn' is present

2021-07-29 20:32:27 - [MESSAGE][PASSED] - Object 'Object Repository/Canine/NavBar/Canine_Cases_Btn' is present

2021-07-29 20:32:27 - [TEST_STEP][PASSED] - ctdc.utilities.runtestcaseforKatalon.clickTab("Canine/NavBar/Canine_Cases_Btn"): ctdc.utilities.runtestcaseforKatalon.clickTab is PASSED

2021-07-29 20:32:27 - [MESSAGE][PASSED] - ctdc.utilities.runtestcaseforKatalon.clickTab is PASSED

2021-07-29 20:32:27 - [TEST_STEP][PASSED] - waitForElementPresent(findTestObject("Bento/Cases_page/Filter/FilterByCases_Facet"), 5): Object 'Object Repository/Bento/Cases_page/Filter/FilterByCases_Facet' is present

2021-07-29 20:32:29 - [MESSAGE][PASSED] - Object 'Object Repository/Bento/Cases_page/Filter/FilterByCases_Facet' is present

2021-07-29 20:32:29 - [TEST_STEP][PASSED] - ctdc.utilities.runtestcaseforKatalon.clickTab("Object Repository/Canine/Filter/FilterByCases_Facet"): ctdc.utilities.runtestcaseforKatalon.clickTab is PASSED

2021-07-29 20:32:29 - [MESSAGE][PASSED] - ctdc.utilities.runtestcaseforKatalon.clickTab is PASSED

2021-07-29 20:32:29 - [TEST_STEP][PASSED] - waitForElementPresent(findTestObject("Object Repository/Canine/Filter/Study/Canine_Filter_Study"), 5): Object 'Object Repository/Canine/Filter/Study/Canine_Filter_Study' is present

2021-07-29 20:32:30 - [MESSAGE][PASSED] - Object 'Object Repository/Canine/Filter/Study/Canine_Filter_Study' is present

2021-07-29 20:32:30 - [TEST_STEP][PASSED] - ctdc.utilities.runtestcaseforKatalon.clickTabCanineStat("Object Repository/Canine/Filter/Study/Canine_Filter_Study"): ctdc.utilities.runtestcaseforKatalon.clickTabCanineStat is PASSED

2021-07-29 20:32:31 - [MESSAGE][PASSED] - ctdc.utilities.runtestcaseforKatalon.clickTabCanineStat is PASSED

2021-07-29 20:32:31 - [TEST_STEP][PASSED] - ctdc.utilities.runtestcaseforKatalon.clickTabCanineStat("Object Repository/Canine/Filter/Study/Canine_Filter_Study-COTB_Chkbx"): ctdc.utilities.runtestcaseforKatalon.clickTabCanineStat is PASSED

2021-07-29 20:32:33 - [MESSAGE][PASSED] - ctdc.utilities.runtestcaseforKatalon.clickTabCanineStat is PASSED

2021-07-29 20:32:33 - [TEST_STEP][PASSED] - ctdc.utilities.runtestcaseforKatalon.readStatBarCanine("Object Repository/Canine/StatBar/Canine_StatBar-Studies", "Object Repository/Canine/StatBar/Canine_StatBar-Cases", "Object Repository/Canine/StatBar/Canine_StatBar-Samples", "Object Repository/Canine/StatBar/Canine_StatBar-Files", "Object Repository/Canine/StatBar/Canine_StatBar-Aliquots"): ctdc.utilities.runtestcaseforKatalon.readStatBarCanine is PASSED

2021-07-29 20:32:48 - [MESSAGE][PASSED] - ctdc.utilities.runtestcaseforKatalon.readStatBarCanine is PASSED

2021-07-29 20:32:48 - [TEST_STEP][PASSED] - waitForElementPresent(findTestObject("Object Repository/Canine/CanineResults_Cases_Tab"), 5): Object 'Object Repository/Canine/CanineResults_Cases_Tab' is present

2021-07-29 20:32:48 - [MESSAGE][PASSED] - Object 'Object Repository/Canine/CanineResults_Cases_Tab' is present

2021-07-29 20:32:48 - [TEST_STEP][PASSED] - ctdc.utilities.runtestcaseforKatalon.clickTab("Object Repository/Canine/CanineResults_Cases_Tab"): ctdc.utilities.runtestcaseforKatalon.clickTab is PASSED

2021-07-29 20:32:48 - [MESSAGE][PASSED] - ctdc.utilities.runtestcaseforKatalon.clickTab is PASSED

2021-07-29 20:32:48 - [TEST_STEP][PASSED] - ctdc.utilities.runtestcaseforKatalon.multiFunction("ICDC", G_StatBar_Cases, "Object Repository/Canine/Canine_CasesTable", "Object Repository/Canine/Canine_TableHeader", "Object Repository/Canine/Canine_CasesTabNextBtn", G_WebTabnameCases, G_CypherTabnameCases, G_QueryCasesTab): Statbar Arms count matches

2021-07-29 20:34:48 - [MESSAGE][PASSED] - Statbar Files count matches

2021-07-29 20:34:48 - [MESSAGE][PASSED] - Statbar Samples count matches

2021-07-29 20:34:48 - [MESSAGE][PASSED] - Statbar Cases count matches

2021-07-29 20:34:48 - [MESSAGE][PASSED] - Statbar Arms count matches

2021-07-29 20:34:48 - [TEST_STEP][PASSED] - closeBrowser(): Browser is closed

2021-07-29 20:34:49 - [MESSAGE][PASSED] - Browser is closed]]></system-out>
         <system-err><![CDATA[]]></system-err>
      </testcase>
      <testcase name="Test Cases/Canine_TestCases/Study/TC03_Canine_Filter_Study-GLIOMA" time="154.555" classname="Test Cases/Canine_TestCases/Study/TC03_Canine_Filter_Study-GLIOMA" status="PASSED">
         <system-out><![CDATA[2021-07-29 20:34:49 - [TEST_CASE][PASSED] - Test Cases/Canine_TestCases/Study/TC03_Canine_Filter_Study-GLIOMA: Test Cases/Canine_TestCases/Study/TC03_Canine_Filter_Study-GLIOMA

2021-07-29 20:34:49 - [TEST_STEP][PASSED] - Start listener action : getTestScriptName: null

2021-07-29 20:34:49 - [TEST_STEP][PASSED] - TestCaseId = testCaseContext.getTestCaseId(): null

2021-07-29 20:34:49 - [TEST_STEP][PASSED] - out.println("**********this is the value of test case id string******** " + testCaseContext.getTestCaseId()): null

2021-07-29 20:34:49 - [TEST_STEP][PASSED] - G_currentTCName = TestCaseId.substring(TestCaseId.lastIndexOf("TC")): null

2021-07-29 20:34:49 - [TEST_STEP][PASSED] - out.println("This is the test case name : " + G_currentTCName): null

2021-07-29 20:34:49 - [TEST_STEP][PASSED] - closeBrowser(): Browser is closed

2021-07-29 20:34:50 - [MESSAGE][PASSED] - Browser is closed

2021-07-29 20:34:50 - [TEST_STEP][PASSED] - ctdc.utilities.runtestcaseforKatalon.RunKatalon("TC03_Canine_Filter_Study-GLIOMA.xlsx"): Data loaded from input file for the test case. 

2021-07-29 20:34:50 - [MESSAGE][PASSED] - Test case file loaded This is the full filepath after converting to string :C:\Users\sohilz2\Commons_Automation\InputFiles\TC03_Canine_Filter_Study-GLIOMA.xlsx

2021-07-29 20:34:50 - [MESSAGE][INFO] - Global variable set for password file is :  C:\Users\sohilz2\Commons_Automation\InputFiles\TC03_Canine_Filter_Study-GLIOMA.xlsx

2021-07-29 20:34:54 - [MESSAGE][PASSED] - Data loaded from input file for the test case. 

2021-07-29 20:35:02 - [TEST_STEP][PASSED] - waitForElementPresent(findTestObject("Canine/NavBar/Canine_Cases_Btn"), 5): Object 'Object Repository/Canine/NavBar/Canine_Cases_Btn' is present

2021-07-29 20:35:02 - [MESSAGE][PASSED] - Object 'Object Repository/Canine/NavBar/Canine_Cases_Btn' is present

2021-07-29 20:35:02 - [TEST_STEP][PASSED] - ctdc.utilities.runtestcaseforKatalon.clickTab("Canine/NavBar/Canine_Cases_Btn"): ctdc.utilities.runtestcaseforKatalon.clickTab is PASSED

2021-07-29 20:35:02 - [MESSAGE][PASSED] - ctdc.utilities.runtestcaseforKatalon.clickTab is PASSED

2021-07-29 20:35:02 - [TEST_STEP][PASSED] - waitForElementPresent(findTestObject("Bento/Cases_page/Filter/FilterByCases_Facet"), 5): Object 'Object Repository/Bento/Cases_page/Filter/FilterByCases_Facet' is present

2021-07-29 20:35:04 - [MESSAGE][PASSED] - Object 'Object Repository/Bento/Cases_page/Filter/FilterByCases_Facet' is present

2021-07-29 20:35:04 - [TEST_STEP][PASSED] - ctdc.utilities.runtestcaseforKatalon.clickTab("Object Repository/Canine/Filter/FilterByCases_Facet"): ctdc.utilities.runtestcaseforKatalon.clickTab is PASSED

2021-07-29 20:35:04 - [MESSAGE][PASSED] - ctdc.utilities.runtestcaseforKatalon.clickTab is PASSED

2021-07-29 20:35:04 - [TEST_STEP][PASSED] - waitForElementPresent(findTestObject("Object Repository/Canine/Filter/Study/Canine_Filter_Study"), 5): Object 'Object Repository/Canine/Filter/Study/Canine_Filter_Study' is present

2021-07-29 20:35:05 - [MESSAGE][PASSED] - Object 'Object Repository/Canine/Filter/Study/Canine_Filter_Study' is present

2021-07-29 20:35:05 - [TEST_STEP][PASSED] - ctdc.utilities.runtestcaseforKatalon.clickTabCanineStat("Object Repository/Canine/Filter/Study/Canine_Filter_Study"): ctdc.utilities.runtestcaseforKatalon.clickTabCanineStat is PASSED

2021-07-29 20:35:06 - [MESSAGE][PASSED] - ctdc.utilities.runtestcaseforKatalon.clickTabCanineStat is PASSED

2021-07-29 20:35:06 - [TEST_STEP][PASSED] - ctdc.utilities.runtestcaseforKatalon.clickTabCanineStat("Canine/Filter/Study/Canine_Filter_Study-GLIOMA_Chkbx"): ctdc.utilities.runtestcaseforKatalon.clickTabCanineStat is PASSED

2021-07-29 20:35:07 - [MESSAGE][PASSED] - ctdc.utilities.runtestcaseforKatalon.clickTabCanineStat is PASSED

2021-07-29 20:35:07 - [TEST_STEP][PASSED] - ctdc.utilities.runtestcaseforKatalon.readStatBarCanine("Object Repository/Canine/StatBar/Canine_StatBar-Studies", "Object Repository/Canine/StatBar/Canine_StatBar-Cases", "Object Repository/Canine/StatBar/Canine_StatBar-Samples", "Object Repository/Canine/StatBar/Canine_StatBar-Files", "Object Repository/Canine/StatBar/Canine_StatBar-Aliquots"): ctdc.utilities.runtestcaseforKatalon.readStatBarCanine is PASSED

2021-07-29 20:35:23 - [MESSAGE][PASSED] - ctdc.utilities.runtestcaseforKatalon.readStatBarCanine is PASSED

2021-07-29 20:35:23 - [TEST_STEP][PASSED] - waitForElementPresent(findTestObject("Object Repository/Canine/CanineResults_Cases_Tab"), 5): Object 'Object Repository/Canine/CanineResults_Cases_Tab' is present

2021-07-29 20:35:23 - [MESSAGE][PASSED] - Object 'Object Repository/Canine/CanineResults_Cases_Tab' is present

2021-07-29 20:35:23 - [TEST_STEP][PASSED] - ctdc.utilities.runtestcaseforKatalon.clickTab("Object Repository/Canine/CanineResults_Cases_Tab"): ctdc.utilities.runtestcaseforKatalon.clickTab is PASSED

2021-07-29 20:35:23 - [MESSAGE][PASSED] - ctdc.utilities.runtestcaseforKatalon.clickTab is PASSED

2021-07-29 20:35:23 - [TEST_STEP][PASSED] - ctdc.utilities.runtestcaseforKatalon.multiFunction("ICDC", G_StatBar_Cases, "Object Repository/Canine/Canine_CasesTable", "Object Repository/Canine/Canine_TableHeader", "Object Repository/Canine/Canine_CasesTabNextBtn", G_WebTabnameCases, G_CypherTabnameCases, G_QueryCasesTab): Statbar Arms count matches

2021-07-29 20:37:23 - [MESSAGE][PASSED] - Statbar Files count matches

2021-07-29 20:37:23 - [MESSAGE][PASSED] - Statbar Samples count matches

2021-07-29 20:37:23 - [MESSAGE][PASSED] - Statbar Cases count matches

2021-07-29 20:37:23 - [MESSAGE][PASSED] - Statbar Arms count matches

2021-07-29 20:37:23 - [TEST_STEP][PASSED] - closeBrowser(): Browser is closed

2021-07-29 20:37:23 - [MESSAGE][PASSED] - Browser is closed]]></system-out>
         <system-err><![CDATA[]]></system-err>
      </testcase>
      <testcase name="Test Cases/Canine_TestCases/Study/TC04_Canine_Filter_Study-ALL" time="352.864" classname="Test Cases/Canine_TestCases/Study/TC04_Canine_Filter_Study-ALL" status="PASSED">
         <system-out><![CDATA[2021-07-29 20:37:23 - [TEST_CASE][PASSED] - Test Cases/Canine_TestCases/Study/TC04_Canine_Filter_Study-ALL: Test Cases/Canine_TestCases/Study/TC04_Canine_Filter_Study-ALL

2021-07-29 20:37:24 - [TEST_STEP][PASSED] - Start listener action : getTestScriptName: null

2021-07-29 20:37:24 - [TEST_STEP][PASSED] - TestCaseId = testCaseContext.getTestCaseId(): null

2021-07-29 20:37:24 - [TEST_STEP][PASSED] - out.println("**********this is the value of test case id string******** " + testCaseContext.getTestCaseId()): null

2021-07-29 20:37:24 - [TEST_STEP][PASSED] - G_currentTCName = TestCaseId.substring(TestCaseId.lastIndexOf("TC")): null

2021-07-29 20:37:24 - [TEST_STEP][PASSED] - out.println("This is the test case name : " + G_currentTCName): null

2021-07-29 20:37:24 - [TEST_STEP][PASSED] - closeBrowser(): Browser is closed

2021-07-29 20:37:24 - [MESSAGE][PASSED] - Browser is closed

2021-07-29 20:37:24 - [TEST_STEP][PASSED] - ctdc.utilities.runtestcaseforKatalon.RunKatalon("TC04_Canine_Filter_Study-ALL.xlsx"): Data loaded from input file for the test case. 

2021-07-29 20:37:24 - [MESSAGE][PASSED] - Test case file loaded This is the full filepath after converting to string :C:\Users\sohilz2\Commons_Automation\InputFiles\TC04_Canine_Filter_Study-ALL.xlsx

2021-07-29 20:37:24 - [MESSAGE][INFO] - Global variable set for password file is :  C:\Users\sohilz2\Commons_Automation\InputFiles\TC04_Canine_Filter_Study-ALL.xlsx

2021-07-29 20:37:28 - [MESSAGE][PASSED] - Data loaded from input file for the test case. 

2021-07-29 20:37:34 - [TEST_STEP][PASSED] - waitForElementPresent(findTestObject("Canine/NavBar/Canine_Cases_Btn"), 5): Object 'Object Repository/Canine/NavBar/Canine_Cases_Btn' is present

2021-07-29 20:37:34 - [MESSAGE][PASSED] - Object 'Object Repository/Canine/NavBar/Canine_Cases_Btn' is present

2021-07-29 20:37:34 - [TEST_STEP][PASSED] - ctdc.utilities.runtestcaseforKatalon.clickTab("Canine/NavBar/Canine_Cases_Btn"): ctdc.utilities.runtestcaseforKatalon.clickTab is PASSED

2021-07-29 20:37:34 - [MESSAGE][PASSED] - ctdc.utilities.runtestcaseforKatalon.clickTab is PASSED

2021-07-29 20:37:34 - [TEST_STEP][PASSED] - waitForElementPresent(findTestObject("Bento/Cases_page/Filter/FilterByCases_Facet"), 5): Object 'Object Repository/Bento/Cases_page/Filter/FilterByCases_Facet' is present

2021-07-29 20:37:36 - [MESSAGE][PASSED] - Object 'Object Repository/Bento/Cases_page/Filter/FilterByCases_Facet' is present

2021-07-29 20:37:36 - [TEST_STEP][PASSED] - ctdc.utilities.runtestcaseforKatalon.clickTab("Object Repository/Canine/Filter/FilterByCases_Facet"): ctdc.utilities.runtestcaseforKatalon.clickTab is PASSED

2021-07-29 20:37:36 - [MESSAGE][PASSED] - ctdc.utilities.runtestcaseforKatalon.clickTab is PASSED

2021-07-29 20:37:36 - [TEST_STEP][PASSED] - waitForElementPresent(findTestObject("Object Repository/Canine/Filter/Study/Canine_Filter_Study"), 5): Object 'Object Repository/Canine/Filter/Study/Canine_Filter_Study' is present

2021-07-29 20:37:36 - [MESSAGE][PASSED] - Object 'Object Repository/Canine/Filter/Study/Canine_Filter_Study' is present

2021-07-29 20:37:36 - [TEST_STEP][PASSED] - ctdc.utilities.runtestcaseforKatalon.clickTabCanineStat("Object Repository/Canine/Filter/Study/Canine_Filter_Study"): ctdc.utilities.runtestcaseforKatalon.clickTabCanineStat is PASSED

2021-07-29 20:37:38 - [MESSAGE][PASSED] - ctdc.utilities.runtestcaseforKatalon.clickTabCanineStat is PASSED

2021-07-29 20:37:38 - [TEST_STEP][PASSED] - ctdc.utilities.runtestcaseforKatalon.clickTabCanineStat("Object Repository/Canine/Filter/Study/Canine_Filter_Study-COTB_Chkbx"): ctdc.utilities.runtestcaseforKatalon.clickTabCanineStat is PASSED

2021-07-29 20:37:40 - [MESSAGE][PASSED] - ctdc.utilities.runtestcaseforKatalon.clickTabCanineStat is PASSED

2021-07-29 20:37:40 - [TEST_STEP][PASSED] - ctdc.utilities.runtestcaseforKatalon.clickTabCanineStat("Object Repository/Canine/Filter/Study/Canine_Filter_Study-NCATS_Chkbx"): ctdc.utilities.runtestcaseforKatalon.clickTabCanineStat is PASSED

2021-07-29 20:37:41 - [MESSAGE][PASSED] - ctdc.utilities.runtestcaseforKatalon.clickTabCanineStat is PASSED

2021-07-29 20:37:41 - [TEST_STEP][PASSED] - ctdc.utilities.runtestcaseforKatalon.clickTabCanineStat("Canine/Filter/Study/Canine_Filter_Study-GLIOMA_Chkbx"): ctdc.utilities.runtestcaseforKatalon.clickTabCanineStat is PASSED

2021-07-29 20:37:43 - [MESSAGE][PASSED] - ctdc.utilities.runtestcaseforKatalon.clickTabCanineStat is PASSED

2021-07-29 20:37:43 - [TEST_STEP][PASSED] - ctdc.utilities.runtestcaseforKatalon.readStatBarCanine("Object Repository/Canine/StatBar/Canine_StatBar-Studies", "Object Repository/Canine/StatBar/Canine_StatBar-Cases", "Object Repository/Canine/StatBar/Canine_StatBar-Samples", "Object Repository/Canine/StatBar/Canine_StatBar-Files", "Object Repository/Canine/StatBar/Canine_StatBar-Aliquots"): ctdc.utilities.runtestcaseforKatalon.readStatBarCanine is PASSED

2021-07-29 20:37:59 - [MESSAGE][PASSED] - ctdc.utilities.runtestcaseforKatalon.readStatBarCanine is PASSED

2021-07-29 20:37:59 - [TEST_STEP][PASSED] - ctdc.utilities.runtestcaseforKatalon.multiFunction("ICDC", G_StatBar_Cases, "Object Repository/Canine/Canine_CasesTable", "Object Repository/Canine/Canine_TableHeader", "Object Repository/Canine/Canine_CasesTabNextBtn", G_WebTabnameCases, G_CypherTabnameCases, G_QueryCasesTab): Statbar Arms count matches

2021-07-29 20:43:16 - [MESSAGE][PASSED] - Statbar Files count matches

2021-07-29 20:43:16 - [MESSAGE][PASSED] - Statbar Samples count matches

2021-07-29 20:43:16 - [MESSAGE][PASSED] - Statbar Cases count matches

2021-07-29 20:43:16 - [MESSAGE][PASSED] - Statbar Arms count matches

2021-07-29 20:43:16 - [TEST_STEP][PASSED] - closeBrowser(): Browser is closed

2021-07-29 20:43:16 - [MESSAGE][PASSED] - Browser is closed]]></system-out>
         <system-err><![CDATA[]]></system-err>
      </testcase>
      <testcase name="Test Cases/Canine_TestCases/Study/TC04_Canine_Filter_Study-UBC01" time="427.864" classname="Test Cases/Canine_TestCases/Study/TC04_Canine_Filter_Study-UBC01" status="PASSED">
         <system-out><![CDATA[2021-07-29 20:43:16 - [TEST_CASE][PASSED] - Test Cases/Canine_TestCases/Study/TC04_Canine_Filter_Study-UBC01: Test Cases/Canine_TestCases/Study/TC04_Canine_Filter_Study-UBC01

2021-07-29 20:43:16 - [TEST_STEP][PASSED] - Start listener action : getTestScriptName: null

2021-07-29 20:43:16 - [TEST_STEP][PASSED] - TestCaseId = testCaseContext.getTestCaseId(): null

2021-07-29 20:43:16 - [TEST_STEP][PASSED] - out.println("**********this is the value of test case id string******** " + testCaseContext.getTestCaseId()): null

2021-07-29 20:43:16 - [TEST_STEP][PASSED] - G_currentTCName = TestCaseId.substring(TestCaseId.lastIndexOf("TC")): null

2021-07-29 20:43:16 - [TEST_STEP][PASSED] - out.println("This is the test case name : " + G_currentTCName): null

2021-07-29 20:43:17 - [TEST_STEP][PASSED] - openBrowser(""): Browser is opened with url: ''

2021-07-29 20:43:17 - [MESSAGE][INFO] - Starting 'Chrome (headless)' driver

2021-07-29 20:43:17 - [MESSAGE][INFO] - User set preference: ['args', '[--no-sandbox]']

2021-07-29 20:43:17 - [MESSAGE][INFO] - Action delay is set to 0 milliseconds

2021-07-29 20:43:18 - [MESSAGE][PASSED] - Browser is opened with url: ''

2021-07-29 20:43:18 - [TEST_STEP][PASSED] - ctdc.utilities.runtestcaseforKatalon.RunKatalon("TC04_Canine_Filter_Study-UBC01.xlsx"): Data loaded from input file for the test case. 

2021-07-29 20:43:18 - [MESSAGE][PASSED] - Test case file loaded This is the full filepath after converting to string :C:\Users\sohilz2\Commons_Automation\InputFiles\TC04_Canine_Filter_Study-UBC01.xlsx

2021-07-29 20:43:18 - [MESSAGE][INFO] - Global variable set for password file is :  C:\Users\sohilz2\Commons_Automation\InputFiles\TC04_Canine_Filter_Study-UBC01.xlsx

2021-07-29 20:43:23 - [MESSAGE][PASSED] - Data loaded from input file for the test case. 

2021-07-29 20:43:29 - [TEST_STEP][PASSED] - waitForElementPresent(findTestObject("Canine/NavBar/Canine_Cases_Btn"), 5): Object 'Object Repository/Canine/NavBar/Canine_Cases_Btn' is present

2021-07-29 20:43:29 - [MESSAGE][PASSED] - Object 'Object Repository/Canine/NavBar/Canine_Cases_Btn' is present

2021-07-29 20:43:29 - [TEST_STEP][PASSED] - ctdc.utilities.runtestcaseforKatalon.clickTab("Canine/NavBar/Canine_Cases_Btn"): ctdc.utilities.runtestcaseforKatalon.clickTab is PASSED

2021-07-29 20:43:29 - [MESSAGE][PASSED] - ctdc.utilities.runtestcaseforKatalon.clickTab is PASSED

2021-07-29 20:43:29 - [TEST_STEP][PASSED] - waitForElementPresent(findTestObject("Object Repository/Canine/Filter/FilterByCases_Facet"), 5): Object 'Object Repository/Canine/Filter/FilterByCases_Facet' is present

2021-07-29 20:43:30 - [MESSAGE][PASSED] - Object 'Object Repository/Canine/Filter/FilterByCases_Facet' is present

2021-07-29 20:43:30 - [TEST_STEP][PASSED] - ctdc.utilities.runtestcaseforKatalon.clickTab("Object Repository/Canine/Filter/FilterByCases_Facet"): ctdc.utilities.runtestcaseforKatalon.clickTab is PASSED

2021-07-29 20:43:31 - [MESSAGE][PASSED] - ctdc.utilities.runtestcaseforKatalon.clickTab is PASSED

2021-07-29 20:43:31 - [TEST_STEP][PASSED] - waitForElementPresent(findTestObject("Object Repository/Canine/Filter/Study/Canine_Filter_Study"), 5): Object 'Object Repository/Canine/Filter/Study/Canine_Filter_Study' is present

2021-07-29 20:43:31 - [MESSAGE][PASSED] - Object 'Object Repository/Canine/Filter/Study/Canine_Filter_Study' is present

2021-07-29 20:43:31 - [TEST_STEP][PASSED] - ctdc.utilities.runtestcaseforKatalon.clickTabCanineStat("Object Repository/Canine/Filter/Study/Canine_Filter_Study"): ctdc.utilities.runtestcaseforKatalon.clickTabCanineStat is PASSED

2021-07-29 20:43:33 - [MESSAGE][PASSED] - ctdc.utilities.runtestcaseforKatalon.clickTabCanineStat is PASSED

2021-07-29 20:43:33 - [TEST_STEP][PASSED] - ctdc.utilities.runtestcaseforKatalon.clickTabCanineStat("Object Repository/Canine/Filter/Study/Canine_Filter_Study-UBC_Chkbx"): ctdc.utilities.runtestcaseforKatalon.clickTabCanineStat is PASSED

2021-07-29 20:43:34 - [MESSAGE][PASSED] - ctdc.utilities.runtestcaseforKatalon.clickTabCanineStat is PASSED

2021-07-29 20:43:34 - [TEST_STEP][PASSED] - ctdc.utilities.runtestcaseforKatalon.readStatBarCanine("Object Repository/Canine/StatBar/Canine_StatBar-Studies", "Object Repository/Canine/StatBar/Canine_StatBar-Cases", "Object Repository/Canine/StatBar/Canine_StatBar-Samples", "Object Repository/Canine/StatBar/Canine_StatBar-Files", "Object Repository/Canine/StatBar/Canine_StatBar-Aliquots"): ctdc.utilities.runtestcaseforKatalon.readStatBarCanine is PASSED

2021-07-29 20:43:49 - [MESSAGE][PASSED] - ctdc.utilities.runtestcaseforKatalon.readStatBarCanine is PASSED

2021-07-29 20:43:49 - [TEST_STEP][PASSED] - waitForElementPresent(findTestObject("Object Repository/Canine/CanineResults_Cases_Tab"), 5): Object 'Object Repository/Canine/CanineResults_Cases_Tab' is present

2021-07-29 20:43:49 - [MESSAGE][PASSED] - Object 'Object Repository/Canine/CanineResults_Cases_Tab' is present

2021-07-29 20:43:49 - [TEST_STEP][PASSED] - ctdc.utilities.runtestcaseforKatalon.clickTab("Object Repository/Canine/CanineResults_Cases_Tab"): ctdc.utilities.runtestcaseforKatalon.clickTab is PASSED

2021-07-29 20:43:50 - [MESSAGE][PASSED] - ctdc.utilities.runtestcaseforKatalon.clickTab is PASSED

2021-07-29 20:43:50 - [TEST_STEP][PASSED] - ctdc.utilities.runtestcaseforKatalon.multiFunction("ICDC", G_StatBar_Cases, "Object Repository/Canine/Canine_CasesTable", "Object Repository/Canine/Canine_TableHeader", "Object Repository/Canine/Canine_CasesTabNextBtn", G_WebTabnameCases, G_CypherTabnameCases, G_QueryCasesTab): Statbar Arms count matches

2021-07-29 20:44:47 - [MESSAGE][PASSED] - Statbar Files count matches

2021-07-29 20:44:47 - [MESSAGE][PASSED] - Statbar Samples count matches

2021-07-29 20:44:47 - [MESSAGE][PASSED] - Statbar Cases count matches

2021-07-29 20:44:47 - [MESSAGE][PASSED] - Statbar Arms count matches

2021-07-29 20:44:47 - [TEST_STEP][PASSED] - waitForElementPresent(findTestObject("Object Repository/Canine/CanineResults_Samples_Tab"), 5): Object 'Object Repository/Canine/CanineResults_Samples_Tab' is present

2021-07-29 20:44:47 - [MESSAGE][PASSED] - Object 'Object Repository/Canine/CanineResults_Samples_Tab' is present

2021-07-29 20:44:47 - [TEST_STEP][PASSED] - ctdc.utilities.runtestcaseforKatalon.clickTab("Object Repository/Canine/CanineResults_Samples_Tab"): ctdc.utilities.runtestcaseforKatalon.clickTab is PASSED

2021-07-29 20:44:47 - [MESSAGE][PASSED] - ctdc.utilities.runtestcaseforKatalon.clickTab is PASSED

2021-07-29 20:44:47 - [TEST_STEP][PASSED] - ctdc.utilities.runtestcaseforKatalon.multiFunction("ICDC", G_StatBar_Samples, "Object Repository/Canine/Canine_Samples_Table", "Object Repository/Canine/Canine_Samples_TableHdr", "Object Repository/Canine/Canine_SamplesTabNextBtn", G_WebTabnameSamples, G_CypherTabnameSamples, G_QuerySamplesTab): Statbar Arms count matches

2021-07-29 20:46:49 - [MESSAGE][PASSED] - Statbar Files count matches

2021-07-29 20:46:49 - [MESSAGE][PASSED] - Statbar Samples count matches

2021-07-29 20:46:49 - [MESSAGE][PASSED] - Statbar Cases count matches

2021-07-29 20:46:49 - [MESSAGE][PASSED] - Statbar Arms count matches

2021-07-29 20:46:49 - [TEST_STEP][PASSED] - waitForElementPresent(findTestObject("Object Repository/Canine/CanineResults_Files_Tab"), 5): Object 'Object Repository/Canine/CanineResults_Files_Tab' is present

2021-07-29 20:46:49 - [MESSAGE][PASSED] - Object 'Object Repository/Canine/CanineResults_Files_Tab' is present

2021-07-29 20:46:49 - [TEST_STEP][PASSED] - ctdc.utilities.runtestcaseforKatalon.clickTab("Object Repository/Canine/CanineResults_Files_Tab"): ctdc.utilities.runtestcaseforKatalon.clickTab is PASSED

2021-07-29 20:46:49 - [MESSAGE][PASSED] - ctdc.utilities.runtestcaseforKatalon.clickTab is PASSED

2021-07-29 20:46:49 - [TEST_STEP][PASSED] - ctdc.utilities.runtestcaseforKatalon.multiFunction("ICDC", G_StatBar_Files, "Object Repository/Canine/Canine_Files_Table", "Object Repository/Canine/Canine_Files_TableHdr", "Object Repository/Canine/Canine_FilesTabNextBtn", G_WebTabnameFiles, G_CypherTabnameFiles, G_QueryFilesTab): Statbar Arms count matches

2021-07-29 20:50:24 - [MESSAGE][PASSED] - Statbar Files count matches

2021-07-29 20:50:24 - [MESSAGE][PASSED] - Statbar Samples count matches

2021-07-29 20:50:24 - [MESSAGE][PASSED] - Statbar Cases count matches

2021-07-29 20:50:24 - [MESSAGE][PASSED] - Statbar Arms count matches

2021-07-29 20:50:24 - [TEST_STEP][PASSED] - closeBrowser(): Browser is closed

2021-07-29 20:50:24 - [MESSAGE][PASSED] - Browser is closed]]></system-out>
         <system-err><![CDATA[]]></system-err>
      </testcase>
      <testcase name="Test Cases/Canine_TestCases/Study/TC05_Canine_Filter_Study-UBC02" time="357.923" classname="Test Cases/Canine_TestCases/Study/TC05_Canine_Filter_Study-UBC02" status="PASSED">
         <system-out><![CDATA[2021-07-29 20:50:24 - [TEST_CASE][PASSED] - Test Cases/Canine_TestCases/Study/TC05_Canine_Filter_Study-UBC02: Test Cases/Canine_TestCases/Study/TC05_Canine_Filter_Study-UBC02

2021-07-29 20:50:24 - [TEST_STEP][PASSED] - Start listener action : getTestScriptName: null

2021-07-29 20:50:24 - [TEST_STEP][PASSED] - TestCaseId = testCaseContext.getTestCaseId(): null

2021-07-29 20:50:24 - [TEST_STEP][PASSED] - out.println("**********this is the value of test case id string******** " + testCaseContext.getTestCaseId()): null

2021-07-29 20:50:24 - [TEST_STEP][PASSED] - G_currentTCName = TestCaseId.substring(TestCaseId.lastIndexOf("TC")): null

2021-07-29 20:50:24 - [TEST_STEP][PASSED] - out.println("This is the test case name : " + G_currentTCName): null

2021-07-29 20:50:25 - [TEST_STEP][PASSED] - openBrowser(""): Browser is opened with url: ''

2021-07-29 20:50:25 - [MESSAGE][INFO] - Starting 'Chrome (headless)' driver

2021-07-29 20:50:25 - [MESSAGE][INFO] - User set preference: ['args', '[--no-sandbox]']

2021-07-29 20:50:25 - [MESSAGE][INFO] - Action delay is set to 0 milliseconds

2021-07-29 20:50:26 - [MESSAGE][PASSED] - Browser is opened with url: ''

2021-07-29 20:50:26 - [TEST_STEP][PASSED] - ctdc.utilities.runtestcaseforKatalon.RunKatalon("TC05_Canine_Filter_Study-UBC02.xlsx"): Data loaded from input file for the test case. 

2021-07-29 20:50:26 - [MESSAGE][PASSED] - Test case file loaded This is the full filepath after converting to string :C:\Users\sohilz2\Commons_Automation\InputFiles\TC05_Canine_Filter_Study-UBC02.xlsx

2021-07-29 20:50:26 - [MESSAGE][INFO] - Global variable set for password file is :  C:\Users\sohilz2\Commons_Automation\InputFiles\TC05_Canine_Filter_Study-UBC02.xlsx

2021-07-29 20:50:30 - [MESSAGE][PASSED] - Data loaded from input file for the test case. 

2021-07-29 20:50:36 - [TEST_STEP][PASSED] - waitForElementPresent(findTestObject("Canine/NavBar/Canine_Cases_Btn"), 5): Object 'Object Repository/Canine/NavBar/Canine_Cases_Btn' is present

2021-07-29 20:50:36 - [MESSAGE][PASSED] - Object 'Object Repository/Canine/NavBar/Canine_Cases_Btn' is present

2021-07-29 20:50:36 - [TEST_STEP][PASSED] - ctdc.utilities.runtestcaseforKatalon.clickTab("Canine/NavBar/Canine_Cases_Btn"): ctdc.utilities.runtestcaseforKatalon.clickTab is PASSED

2021-07-29 20:50:36 - [MESSAGE][PASSED] - ctdc.utilities.runtestcaseforKatalon.clickTab is PASSED

2021-07-29 20:50:36 - [TEST_STEP][PASSED] - waitForElementPresent(findTestObject("Object Repository/Canine/Filter/FilterByCases_Facet"), 5): Object 'Object Repository/Canine/Filter/FilterByCases_Facet' is present

2021-07-29 20:50:37 - [MESSAGE][PASSED] - Object 'Object Repository/Canine/Filter/FilterByCases_Facet' is present

2021-07-29 20:50:37 - [TEST_STEP][PASSED] - ctdc.utilities.runtestcaseforKatalon.clickTab("Object Repository/Canine/Filter/FilterByCases_Facet"): ctdc.utilities.runtestcaseforKatalon.clickTab is PASSED

2021-07-29 20:50:38 - [MESSAGE][PASSED] - ctdc.utilities.runtestcaseforKatalon.clickTab is PASSED

2021-07-29 20:50:38 - [TEST_STEP][PASSED] - waitForElementPresent(findTestObject("Object Repository/Canine/Filter/Study/Canine_Filter_Study"), 5): Object 'Object Repository/Canine/Filter/Study/Canine_Filter_Study' is present

2021-07-29 20:50:38 - [MESSAGE][PASSED] - Object 'Object Repository/Canine/Filter/Study/Canine_Filter_Study' is present

2021-07-29 20:50:38 - [TEST_STEP][PASSED] - ctdc.utilities.runtestcaseforKatalon.clickTabCanineStat("Object Repository/Canine/Filter/Study/Canine_Filter_Study"): ctdc.utilities.runtestcaseforKatalon.clickTabCanineStat is PASSED

2021-07-29 20:50:40 - [MESSAGE][PASSED] - ctdc.utilities.runtestcaseforKatalon.clickTabCanineStat is PASSED

2021-07-29 20:50:40 - [TEST_STEP][PASSED] - ctdc.utilities.runtestcaseforKatalon.clickTabCanineStat("Object Repository/Canine/Filter/Study/Canine_Filter_Study-UBC02_Chkbx"): ctdc.utilities.runtestcaseforKatalon.clickTabCanineStat is PASSED

2021-07-29 20:50:42 - [MESSAGE][PASSED] - ctdc.utilities.runtestcaseforKatalon.clickTabCanineStat is PASSED

2021-07-29 20:50:42 - [TEST_STEP][PASSED] - ctdc.utilities.runtestcaseforKatalon.readStatBarCanine("Object Repository/Canine/StatBar/Canine_StatBar-Studies", "Object Repository/Canine/StatBar/Canine_StatBar-Cases", "Object Repository/Canine/StatBar/Canine_StatBar-Samples", "Object Repository/Canine/StatBar/Canine_StatBar-Files", "Object Repository/Canine/StatBar/Canine_StatBar-Aliquots"): ctdc.utilities.runtestcaseforKatalon.readStatBarCanine is PASSED

2021-07-29 20:50:57 - [MESSAGE][PASSED] - ctdc.utilities.runtestcaseforKatalon.readStatBarCanine is PASSED

2021-07-29 20:50:57 - [TEST_STEP][PASSED] - waitForElementPresent(findTestObject("Object Repository/Canine/CanineResults_Cases_Tab"), 5): Object 'Object Repository/Canine/CanineResults_Cases_Tab' is present

2021-07-29 20:50:57 - [MESSAGE][PASSED] - Object 'Object Repository/Canine/CanineResults_Cases_Tab' is present

2021-07-29 20:50:57 - [TEST_STEP][PASSED] - ctdc.utilities.runtestcaseforKatalon.clickTab("Object Repository/Canine/CanineResults_Cases_Tab"): ctdc.utilities.runtestcaseforKatalon.clickTab is PASSED

2021-07-29 20:50:57 - [MESSAGE][PASSED] - ctdc.utilities.runtestcaseforKatalon.clickTab is PASSED

2021-07-29 20:50:57 - [TEST_STEP][PASSED] - ctdc.utilities.runtestcaseforKatalon.multiFunction("ICDC", G_StatBar_Cases, "Object Repository/Canine/Canine_CasesTable", "Object Repository/Canine/Canine_TableHeader", "Object Repository/Canine/Canine_CasesTabNextBtn", G_WebTabnameCases, G_CypherTabnameCases, G_QueryCasesTab): Statbar Arms count matches

2021-07-29 20:52:22 - [MESSAGE][PASSED] - Statbar Files count matches

2021-07-29 20:52:22 - [MESSAGE][PASSED] - Statbar Samples count matches

2021-07-29 20:52:22 - [MESSAGE][PASSED] - Statbar Cases count matches

2021-07-29 20:52:22 - [MESSAGE][PASSED] - Statbar Arms count matches

2021-07-29 20:52:22 - [TEST_STEP][PASSED] - waitForElementPresent(findTestObject("Object Repository/Canine/CanineResults_Samples_Tab"), 5): Object 'Object Repository/Canine/CanineResults_Samples_Tab' is present

2021-07-29 20:52:22 - [MESSAGE][PASSED] - Object 'Object Repository/Canine/CanineResults_Samples_Tab' is present

2021-07-29 20:52:22 - [TEST_STEP][PASSED] - ctdc.utilities.runtestcaseforKatalon.clickTab("Object Repository/Canine/CanineResults_Samples_Tab"): ctdc.utilities.runtestcaseforKatalon.clickTab is PASSED

2021-07-29 20:52:22 - [MESSAGE][PASSED] - ctdc.utilities.runtestcaseforKatalon.clickTab is PASSED

2021-07-29 20:52:22 - [TEST_STEP][PASSED] - ctdc.utilities.runtestcaseforKatalon.multiFunction("ICDC", G_StatBar_Samples, "Object Repository/Canine/Canine_Samples_Table", "Object Repository/Canine/Canine_Samples_TableHdr", "Object Repository/Canine/Canine_SamplesTabNextBtn", G_WebTabnameSamples, G_CypherTabnameSamples, G_QuerySamplesTab): Statbar Arms count matches

2021-07-29 20:53:48 - [MESSAGE][PASSED] - Statbar Files count matches

2021-07-29 20:53:48 - [MESSAGE][PASSED] - Statbar Samples count matches

2021-07-29 20:53:48 - [MESSAGE][PASSED] - Statbar Cases count matches

2021-07-29 20:53:48 - [MESSAGE][PASSED] - Statbar Arms count matches

2021-07-29 20:53:48 - [TEST_STEP][PASSED] - waitForElementPresent(findTestObject("Object Repository/Canine/CanineResults_Files_Tab"), 5): Object 'Object Repository/Canine/CanineResults_Files_Tab' is present

2021-07-29 20:53:48 - [MESSAGE][PASSED] - Object 'Object Repository/Canine/CanineResults_Files_Tab' is present

2021-07-29 20:53:48 - [TEST_STEP][PASSED] - ctdc.utilities.runtestcaseforKatalon.clickTab("Object Repository/Canine/CanineResults_Files_Tab"): ctdc.utilities.runtestcaseforKatalon.clickTab is PASSED

2021-07-29 20:53:48 - [MESSAGE][PASSED] - ctdc.utilities.runtestcaseforKatalon.clickTab is PASSED

2021-07-29 20:53:48 - [TEST_STEP][PASSED] - ctdc.utilities.runtestcaseforKatalon.multiFunction("ICDC", G_StatBar_Files, "Object Repository/Canine/Canine_Files_Table", "Object Repository/Canine/Canine_Files_TableHdr", "Object Repository/Canine/Canine_FilesTabNextBtn", G_WebTabnameFiles, G_CypherTabnameFiles, G_QueryFilesTab): Statbar Arms count matches

2021-07-29 20:56:22 - [MESSAGE][PASSED] - Statbar Files count matches

2021-07-29 20:56:22 - [MESSAGE][PASSED] - Statbar Samples count matches

2021-07-29 20:56:22 - [MESSAGE][PASSED] - Statbar Cases count matches

2021-07-29 20:56:22 - [MESSAGE][PASSED] - Statbar Arms count matches

2021-07-29 20:56:22 - [TEST_STEP][PASSED] - closeBrowser(): Browser is closed

2021-07-29 20:56:22 - [MESSAGE][PASSED] - Browser is closed]]></system-out>
         <system-err><![CDATA[]]></system-err>
      </testcase>
      <system-out><![CDATA[2021-07-29 18:19:55 - [TEST_SUITE][PASSED] - ICDC_Filters_Regression_2: Test Cases/Canine_TestCases/Study/TC05_Canine_Filter_Study-UBC02]]></system-out>
      <system-err><![CDATA[]]></system-err>
   </testsuite>
</testsuites>
