<?xml version="1.0" encoding="UTF-8"?>
<testsuites name="OSA01" time="5119.359" tests="27" failures="0" errors="0">
   <testsuite name="OSA01" tests="27" failures="0" errors="0" time="5119.359" skipped="0" timestamp="2022-04-07 11:09:04" hostname="sohilz2 - NCI-02195104-L.nci.nih.gov" id="Test Suites/OSA01">
      <properties>
         <property name="deviceName" value=""/>
         <property name="devicePlatform" value=""/>
         <property name="logFolder" value="C:\\Users\\sohilz2\\Desktop\\Commons_Automation\\Reports\\20220407_110900\\OSA01\\20220407_110900"/>
         <property name="logFiles" value="C:\\Users\\sohilz2\\Desktop\\Commons_Automation\\Reports\\20220407_110900\\OSA01\\20220407_110900\\execution0.log"/>
         <property name="attachments" value=""/>
         <property name="hostName" value="sohilz2 - NCI-02195104-L.nci.nih.gov"/>
         <property name="os" value="Windows 10 64bit"/>
         <property name="katalonVersion" value="8.2.0.208"/>
         <property name="browser" value="Chrome 99.0.4844.84"/>
         <property name="hostAddress" value="172.20.10.13"/>
         <property name="sessionId" value="703a1e8dd6a41b225ef604f2877b704d"/>
         <property name="seleniumVersion" value="3.141.59"/>
         <property name="proxyInformation" value="ProxyInformation { proxyOption=NO_PROXY, proxyServerType=HTTP, username=, password=********, proxyServerAddress=, proxyServerPort=0, executionList=&quot;&quot;, isApplyToDesiredCapabilities=true }"/>
         <property name="platform" value="Windows 10"/>
      </properties>
      <testcase name="Test Cases/Canine_TestCases/StudyCombinations/Study-Combinations-OSA01/TC01_Canine_StudyOSA01-Biobank_SampleSite_SampleType" time="109.346" classname="Test Cases/Canine_TestCases/StudyCombinations/Study-Combinations-OSA01/TC01_Canine_StudyOSA01-Biobank_SampleSite_SampleType" status="PASSED">
         <system-out><![CDATA[2022-04-07 11:09:05 - [TEST_CASE][PASSED] - Test Cases/Canine_TestCases/StudyCombinations/Study-Combinations-OSA01/TC01_Canine_StudyOSA01-Biobank_SampleSite_SampleType: Test Cases/Canine_TestCases/StudyCombinations/Study-Combinations-OSA01/TC01_Canine_StudyOSA01-Biobank_SampleSite_SampleType

2022-04-07 11:09:05 - [TEST_STEP][PASSED] - Start listener action : getTestScriptName: null

2022-04-07 11:09:05 - [TEST_STEP][PASSED] - TestCaseId = testCaseContext.getTestCaseId(): null

2022-04-07 11:09:05 - [TEST_STEP][PASSED] - out.println("**********this is the value of test case id string******** " + testCaseContext.getTestCaseId()): null

2022-04-07 11:09:05 - [TEST_STEP][PASSED] - G_currentTCName = TestCaseId.substring(TestCaseId.lastIndexOf("TC")): null

2022-04-07 11:09:05 - [TEST_STEP][PASSED] - out.println("This is the test case name : " + G_currentTCName): null

2022-04-07 11:09:06 - [TEST_STEP][PASSED] - closeBrowser(): Browser is closed

2022-04-07 11:09:06 - [MESSAGE][PASSED] - Browser is closed

2022-04-07 11:09:06 - [TEST_STEP][PASSED] - "Driver opened by Katalon is used in Selenium from this step.": null

2022-04-07 11:09:06 - [TEST_STEP][PASSED] - ctdc.utilities.runtestcaseforKatalon.RunKatalon("TC01_Canine_StudyOSA01-Biobank_SampleSite_SampleType.xlsx"): Data loaded from input file for the test case. 

2022-04-07 11:09:06 - [MESSAGE][PASSED] - Test case file loaded This is the full filepath after converting to string :C:\Users\sohilz2\Desktop\Commons_Automation\InputFiles\TC01_Canine_StudyOSA01-Biobank_SampleSite_SampleType.xlsx

2022-04-07 11:09:06 - [MESSAGE][INFO] - Global variable set for password file is :  C:\Users\sohilz2\Desktop\Commons_Automation\InputFiles\TC01_Canine_StudyOSA01-Biobank_SampleSite_SampleType.xlsx

2022-04-07 11:09:11 - [MESSAGE][PASSED] - Data loaded from input file for the test case. 

2022-04-07 11:09:27 - [TEST_STEP][PASSED] - waitForElementPresent(findTestObject("Canine/NavBar/Canine_Cases_Btn"), 20): Object 'Object Repository/Canine/NavBar/Canine_Cases_Btn' is present

2022-04-07 11:09:27 - [MESSAGE][PASSED] - Object 'Object Repository/Canine/NavBar/Canine_Cases_Btn' is present

2022-04-07 11:09:27 - [TEST_STEP][PASSED] - ctdc.utilities.runtestcaseforKatalon.clickTab("Object Repository/Canine/Canine_PopUp_Continue_Btn"): ctdc.utilities.runtestcaseforKatalon.clickTab is PASSED

2022-04-07 11:09:27 - [MESSAGE][PASSED] - ctdc.utilities.runtestcaseforKatalon.clickTab is PASSED

2022-04-07 11:09:27 - [TEST_STEP][PASSED] - out.println("Closed the popup window"): null

2022-04-07 11:09:27 - [TEST_STEP][PASSED] - waitForElementPresent(findTestObject("Canine/NavBar/Canine_Cases_Btn"), 20): Object 'Object Repository/Canine/NavBar/Canine_Cases_Btn' is present

2022-04-07 11:09:27 - [MESSAGE][PASSED] - Object 'Object Repository/Canine/NavBar/Canine_Cases_Btn' is present

2022-04-07 11:09:27 - [TEST_STEP][PASSED] - ctdc.utilities.runtestcaseforKatalon.clickTab("Canine/NavBar/Canine_Cases_Btn"): ctdc.utilities.runtestcaseforKatalon.clickTab is PASSED

2022-04-07 11:09:27 - [MESSAGE][PASSED] - ctdc.utilities.runtestcaseforKatalon.clickTab is PASSED

2022-04-07 11:09:27 - [TEST_STEP][PASSED] - waitForElementPresent(findTestObject("Object Repository/Canine/Filter/Study/Canine_Filter_Study"), 30): Object 'Object Repository/Canine/Filter/Study/Canine_Filter_Study' is present

2022-04-07 11:09:28 - [MESSAGE][PASSED] - Object 'Object Repository/Canine/Filter/Study/Canine_Filter_Study' is present

2022-04-07 11:09:28 - [TEST_STEP][PASSED] - verifyElementPresent(findTestObject("Object Repository/Canine/Filter/Study/Canine_Filter_Study"), 5): Object 'Object Repository/Canine/Filter/Study/Canine_Filter_Study' is present

2022-04-07 11:09:29 - [MESSAGE][PASSED] - Object 'Object Repository/Canine/Filter/Study/Canine_Filter_Study' is present

2022-04-07 11:09:29 - [TEST_STEP][PASSED] - ctdc.utilities.runtestcaseforKatalon.clickTab("Object Repository/Canine/Filter/Study/Canine_Filter_Study"): ctdc.utilities.runtestcaseforKatalon.clickTab is PASSED

2022-04-07 11:09:29 - [MESSAGE][PASSED] - ctdc.utilities.runtestcaseforKatalon.clickTab is PASSED

2022-04-07 11:09:29 - [TEST_STEP][PASSED] - waitForElementPresent(findTestObject("Object Repository/Canine/Filter/Study/Canine_Filter_Study-OSA01_Chkbx"), 30): Object 'Object Repository/Canine/Filter/Study/Canine_Filter_Study-OSA01_Chkbx' is present

2022-04-07 11:09:30 - [MESSAGE][PASSED] - Object 'Object Repository/Canine/Filter/Study/Canine_Filter_Study-OSA01_Chkbx' is present

2022-04-07 11:09:30 - [TEST_STEP][PASSED] - verifyElementPresent(findTestObject("Object Repository/Canine/Filter/Study/Canine_Filter_Study-OSA01_Chkbx"), 5): Object 'Object Repository/Canine/Filter/Study/Canine_Filter_Study-OSA01_Chkbx' is present

2022-04-07 11:09:30 - [MESSAGE][PASSED] - Object 'Object Repository/Canine/Filter/Study/Canine_Filter_Study-OSA01_Chkbx' is present

2022-04-07 11:09:30 - [TEST_STEP][PASSED] - ctdc.utilities.runtestcaseforKatalon.clickTab("Object Repository/Canine/Filter/Study/Canine_Filter_Study-OSA01_Chkbx"): ctdc.utilities.runtestcaseforKatalon.clickTab is PASSED

2022-04-07 11:09:30 - [MESSAGE][PASSED] - ctdc.utilities.runtestcaseforKatalon.clickTab is PASSED

2022-04-07 11:09:30 - [TEST_STEP][PASSED] - waitForElementPresent(findTestObject("Object Repository/Canine/Filter/Biobank/Biobank_Ddn"), 30): Object 'Object Repository/Canine/Filter/Biobank/Biobank_Ddn' is present

2022-04-07 11:09:30 - [MESSAGE][PASSED] - Object 'Object Repository/Canine/Filter/Biobank/Biobank_Ddn' is present

2022-04-07 11:09:30 - [TEST_STEP][PASSED] - verifyElementPresent(findTestObject("Object Repository/Canine/Filter/Biobank/Biobank_Ddn"), 5): Object 'Object Repository/Canine/Filter/Biobank/Biobank_Ddn' is present

2022-04-07 11:09:31 - [MESSAGE][PASSED] - Object 'Object Repository/Canine/Filter/Biobank/Biobank_Ddn' is present

2022-04-07 11:09:31 - [TEST_STEP][PASSED] - ctdc.utilities.runtestcaseforKatalon.clickTabCanineStat("Object Repository/Canine/Filter/Biobank/Biobank_Ddn"): ctdc.utilities.runtestcaseforKatalon.clickTabCanineStat is PASSED

2022-04-07 11:09:33 - [MESSAGE][PASSED] - ctdc.utilities.runtestcaseforKatalon.clickTabCanineStat is PASSED

2022-04-07 11:09:33 - [TEST_STEP][PASSED] - Thread.sleep(2000): null

2022-04-07 11:09:35 - [TEST_STEP][PASSED] - waitForElementPresent(findTestObject("Object Repository/Canine/Filter/Biobank//CCOGC_Chkbx"), 30): Object 'Object Repository/Canine/Filter/Biobank//CCOGC_Chkbx' is present

2022-04-07 11:09:35 - [MESSAGE][PASSED] - Object 'Object Repository/Canine/Filter/Biobank//CCOGC_Chkbx' is present

2022-04-07 11:09:35 - [TEST_STEP][PASSED] - verifyElementPresent(findTestObject("Object Repository/Canine/Filter/Biobank//CCOGC_Chkbx"), 5): Object 'Object Repository/Canine/Filter/Biobank//CCOGC_Chkbx' is present

2022-04-07 11:09:35 - [MESSAGE][PASSED] - Object 'Object Repository/Canine/Filter/Biobank//CCOGC_Chkbx' is present

2022-04-07 11:09:35 - [TEST_STEP][PASSED] - ctdc.utilities.runtestcaseforKatalon.clickTabCanineStat("Object Repository/Canine/Filter/Biobank//CCOGC_Chkbx"): ctdc.utilities.runtestcaseforKatalon.clickTabCanineStat is PASSED

2022-04-07 11:09:36 - [MESSAGE][PASSED] - ctdc.utilities.runtestcaseforKatalon.clickTabCanineStat is PASSED

2022-04-07 11:09:36 - [TEST_STEP][PASSED] - Thread.sleep(2000): null

2022-04-07 11:09:38 - [TEST_STEP][PASSED] - waitForElementPresent(findTestObject("Object Repository/Canine/Filter/SampleSite/SAMPLE_SITE_Ddn"), 30): Object 'Object Repository/Canine/Filter/SampleSite/SAMPLE_SITE_Ddn' is present

2022-04-07 11:09:38 - [MESSAGE][PASSED] - Object 'Object Repository/Canine/Filter/SampleSite/SAMPLE_SITE_Ddn' is present

2022-04-07 11:09:38 - [TEST_STEP][PASSED] - verifyElementPresent(findTestObject("Object Repository/Canine/Filter/SampleSite/SAMPLE_SITE_Ddn"), 5): Object 'Object Repository/Canine/Filter/SampleSite/SAMPLE_SITE_Ddn' is present

2022-04-07 11:09:38 - [MESSAGE][PASSED] - Object 'Object Repository/Canine/Filter/SampleSite/SAMPLE_SITE_Ddn' is present

2022-04-07 11:09:38 - [TEST_STEP][PASSED] - ctdc.utilities.runtestcaseforKatalon.clickTabCanineStat("Object Repository/Canine/Filter/SampleSite/SAMPLE_SITE_Ddn"): ctdc.utilities.runtestcaseforKatalon.clickTabCanineStat is PASSED

2022-04-07 11:09:40 - [MESSAGE][PASSED] - ctdc.utilities.runtestcaseforKatalon.clickTabCanineStat is PASSED

2022-04-07 11:09:40 - [TEST_STEP][PASSED] - waitForElementPresent(findTestObject("Object Repository/Canine/Filter/SampleSite/Blood_Chkbx"), 30): Object 'Object Repository/Canine/Filter/SampleSite/Blood_Chkbx' is present

2022-04-07 11:09:40 - [MESSAGE][PASSED] - Object 'Object Repository/Canine/Filter/SampleSite/Blood_Chkbx' is present

2022-04-07 11:09:40 - [TEST_STEP][PASSED] - verifyElementPresent(findTestObject("Object Repository/Canine/Filter/SampleSite/Blood_Chkbx"), 5): Object 'Object Repository/Canine/Filter/SampleSite/Blood_Chkbx' is present

2022-04-07 11:09:40 - [MESSAGE][PASSED] - Object 'Object Repository/Canine/Filter/SampleSite/Blood_Chkbx' is present

2022-04-07 11:09:40 - [TEST_STEP][PASSED] - waitForElementClickable(findTestObject("Object Repository/Canine/Filter/SampleSite/Blood_Chkbx"), 30): Object 'Object Repository/Canine/Filter/SampleSite/Blood_Chkbx' is clickable

2022-04-07 11:09:40 - [MESSAGE][PASSED] - Object 'Object Repository/Canine/Filter/SampleSite/Blood_Chkbx' is clickable

2022-04-07 11:09:40 - [TEST_STEP][PASSED] - ctdc.utilities.runtestcaseforKatalon.clickTabCanineStat("Object Repository/Canine/Filter/SampleSite/Blood_Chkbx"): ctdc.utilities.runtestcaseforKatalon.clickTabCanineStat is PASSED

2022-04-07 11:09:41 - [MESSAGE][PASSED] - ctdc.utilities.runtestcaseforKatalon.clickTabCanineStat is PASSED

2022-04-07 11:09:41 - [TEST_STEP][PASSED] - ctdc.utilities.runtestcaseforKatalon.clickTab("Object Repository/Canine/Filter/SampleSite/SAMPLE_SITE_Ddn"): ctdc.utilities.runtestcaseforKatalon.clickTab is PASSED

2022-04-07 11:09:42 - [MESSAGE][PASSED] - ctdc.utilities.runtestcaseforKatalon.clickTab is PASSED

2022-04-07 11:09:42 - [TEST_STEP][PASSED] - Thread.sleep(2000): null

2022-04-07 11:09:44 - [TEST_STEP][PASSED] - waitForElementPresent(findTestObject("Object Repository/Canine/Filter/SampleType/SAMPLETYPE_Ddn"), 30): Object 'Object Repository/Canine/Filter/SampleType/SAMPLETYPE_Ddn' is present

2022-04-07 11:09:44 - [MESSAGE][PASSED] - Object 'Object Repository/Canine/Filter/SampleType/SAMPLETYPE_Ddn' is present

2022-04-07 11:09:44 - [TEST_STEP][PASSED] - verifyElementPresent(findTestObject("Object Repository/Canine/Filter/SampleType/SAMPLETYPE_Ddn"), 5): Object 'Object Repository/Canine/Filter/SampleType/SAMPLETYPE_Ddn' is present

2022-04-07 11:09:44 - [MESSAGE][PASSED] - Object 'Object Repository/Canine/Filter/SampleType/SAMPLETYPE_Ddn' is present

2022-04-07 11:09:44 - [TEST_STEP][PASSED] - ctdc.utilities.runtestcaseforKatalon.clickTabCanineStat("Object Repository/Canine/Filter/SampleType/SAMPLETYPE_Ddn"): ctdc.utilities.runtestcaseforKatalon.clickTabCanineStat is PASSED

2022-04-07 11:09:45 - [MESSAGE][PASSED] - ctdc.utilities.runtestcaseforKatalon.clickTabCanineStat is PASSED

2022-04-07 11:09:45 - [TEST_STEP][PASSED] - waitForElementPresent(findTestObject("Object Repository/Canine/Filter/SampleType/WholeBlood_Chkbx"), 30): Object 'Object Repository/Canine/Filter/SampleType/WholeBlood_Chkbx' is present

2022-04-07 11:09:46 - [MESSAGE][PASSED] - Object 'Object Repository/Canine/Filter/SampleType/WholeBlood_Chkbx' is present

2022-04-07 11:09:46 - [TEST_STEP][PASSED] - verifyElementPresent(findTestObject("Object Repository/Canine/Filter/SampleType/WholeBlood_Chkbx"), 5): Object 'Object Repository/Canine/Filter/SampleType/WholeBlood_Chkbx' is present

2022-04-07 11:09:46 - [MESSAGE][PASSED] - Object 'Object Repository/Canine/Filter/SampleType/WholeBlood_Chkbx' is present

2022-04-07 11:09:46 - [TEST_STEP][PASSED] - waitForElementClickable(findTestObject("Object Repository/Canine/Filter/SampleType/WholeBlood_Chkbx"), 30): Object 'Object Repository/Canine/Filter/SampleType/WholeBlood_Chkbx' is clickable

2022-04-07 11:09:46 - [MESSAGE][PASSED] - Object 'Object Repository/Canine/Filter/SampleType/WholeBlood_Chkbx' is clickable

2022-04-07 11:09:46 - [TEST_STEP][PASSED] - ctdc.utilities.runtestcaseforKatalon.clickTabCanineStat("Object Repository/Canine/Filter/SampleType/WholeBlood_Chkbx"): ctdc.utilities.runtestcaseforKatalon.clickTabCanineStat is PASSED

2022-04-07 11:09:47 - [MESSAGE][PASSED] - ctdc.utilities.runtestcaseforKatalon.clickTabCanineStat is PASSED

2022-04-07 11:09:47 - [TEST_STEP][PASSED] - ctdc.utilities.runtestcaseforKatalon.clickTab("Object Repository/Canine/Filter/SampleType/SAMPLETYPE_Ddn"): ctdc.utilities.runtestcaseforKatalon.clickTab is PASSED

2022-04-07 11:09:48 - [MESSAGE][PASSED] - ctdc.utilities.runtestcaseforKatalon.clickTab is PASSED

2022-04-07 11:09:48 - [TEST_STEP][PASSED] - ctdc.utilities.runtestcaseforKatalon.readStatBarCanine("Object Repository/Canine/StatBar/Canine_StatBar-Programs", "Object Repository/Canine/StatBar/Canine_StatBar-Studies", "Object Repository/Canine/StatBar/Canine_StatBar-Cases", "Object Repository/Canine/StatBar/Canine_StatBar-Samples", "Object Repository/Canine/StatBar/Canine_StatBar-CaseFiles", "Object Repository/Canine/StatBar/Canine_StatBar-StudyFiles"): ctdc.utilities.runtestcaseforKatalon.readStatBarCanine is PASSED

2022-04-07 11:10:06 - [MESSAGE][PASSED] - ctdc.utilities.runtestcaseforKatalon.readStatBarCanine is PASSED

2022-04-07 11:10:06 - [TEST_STEP][PASSED] - waitForElementPresent(findTestObject("Object Repository/Canine/CanineResults_Cases_Tab"), 30): Object 'Object Repository/Canine/CanineResults_Cases_Tab' is present

2022-04-07 11:10:06 - [MESSAGE][PASSED] - Object 'Object Repository/Canine/CanineResults_Cases_Tab' is present

2022-04-07 11:10:06 - [TEST_STEP][PASSED] - verifyElementPresent(findTestObject("Object Repository/Canine/CanineResults_Cases_Tab"), 5): Object 'Object Repository/Canine/CanineResults_Cases_Tab' is present

2022-04-07 11:10:06 - [MESSAGE][PASSED] - Object 'Object Repository/Canine/CanineResults_Cases_Tab' is present

2022-04-07 11:10:06 - [TEST_STEP][PASSED] - ctdc.utilities.runtestcaseforKatalon.clickTab("Object Repository/Canine/CanineResults_Cases_Tab"): ctdc.utilities.runtestcaseforKatalon.clickTab is PASSED

2022-04-07 11:10:06 - [MESSAGE][PASSED] - ctdc.utilities.runtestcaseforKatalon.clickTab is PASSED

2022-04-07 11:10:06 - [TEST_STEP][PASSED] - ctdc.utilities.runtestcaseforKatalon.multiFunction("ICDC", G_StatBar_Cases, "Object Repository/Canine/Canine_CasesTable", "Object Repository/Canine/Canine_TableHeader", "Object Repository/Canine/Canine_CasesTabNextBtn", G_WebTabnameCases, G_CypherTabnameCases, G_QueryCasesTab): Statbar Study Files count matches

2022-04-07 11:10:31 - [MESSAGE][PASSED] - Statbar Programs count matches

2022-04-07 11:10:31 - [MESSAGE][PASSED] - Statbar Studies count matches

2022-04-07 11:10:31 - [MESSAGE][PASSED] - Statbar Cases count matches

2022-04-07 11:10:31 - [MESSAGE][PASSED] - Statbar Samples count matches

2022-04-07 11:10:31 - [MESSAGE][PASSED] - Statbar Case Files count matches

2022-04-07 11:10:31 - [MESSAGE][PASSED] - Statbar Study Files count matches

2022-04-07 11:10:31 - [TEST_STEP][PASSED] - waitForElementPresent(findTestObject("Object Repository/Canine/CanineResults_Samples_Tab"), 30): Object 'Object Repository/Canine/CanineResults_Samples_Tab' is present

2022-04-07 11:10:31 - [MESSAGE][PASSED] - Object 'Object Repository/Canine/CanineResults_Samples_Tab' is present

2022-04-07 11:10:31 - [TEST_STEP][PASSED] - verifyElementPresent(findTestObject("Object Repository/Canine/CanineResults_Samples_Tab"), 5): Object 'Object Repository/Canine/CanineResults_Samples_Tab' is present

2022-04-07 11:10:31 - [MESSAGE][PASSED] - Object 'Object Repository/Canine/CanineResults_Samples_Tab' is present

2022-04-07 11:10:31 - [TEST_STEP][PASSED] - ctdc.utilities.runtestcaseforKatalon.clickTab("Object Repository/Canine/CanineResults_Samples_Tab"): ctdc.utilities.runtestcaseforKatalon.clickTab is PASSED

2022-04-07 11:10:31 - [MESSAGE][PASSED] - ctdc.utilities.runtestcaseforKatalon.clickTab is PASSED

2022-04-07 11:10:31 - [TEST_STEP][PASSED] - ctdc.utilities.runtestcaseforKatalon.multiFunction("ICDC", G_StatBar_Samples, "Object Repository/Canine/Canine_Samples_Table", "Object Repository/Canine/Canine_Samples_TableHdr", "Object Repository/Canine/Canine_SamplesTabNextBtn", G_WebTabnameSamples, G_CypherTabnameSamples, G_QuerySamplesTab): Statbar Study Files count matches

2022-04-07 11:10:55 - [MESSAGE][PASSED] - Statbar Programs count matches

2022-04-07 11:10:55 - [MESSAGE][PASSED] - Statbar Studies count matches

2022-04-07 11:10:55 - [MESSAGE][PASSED] - Statbar Cases count matches

2022-04-07 11:10:55 - [MESSAGE][PASSED] - Statbar Samples count matches

2022-04-07 11:10:55 - [MESSAGE][PASSED] - Statbar Case Files count matches

2022-04-07 11:10:55 - [MESSAGE][PASSED] - Statbar Study Files count matches]]></system-out>
         <system-err><![CDATA[]]></system-err>
      </testcase>
      <testcase name="Test Cases/Canine_TestCases/StudyCombinations/Study-Combinations-OSA01/TC02_Canine_StudyOSA-Breed_Diagnosis" time="275.995" classname="Test Cases/Canine_TestCases/StudyCombinations/Study-Combinations-OSA01/TC02_Canine_StudyOSA-Breed_Diagnosis" status="PASSED">
         <system-out><![CDATA[2022-04-07 11:10:55 - [TEST_CASE][PASSED] - Test Cases/Canine_TestCases/StudyCombinations/Study-Combinations-OSA01/TC02_Canine_StudyOSA-Breed_Diagnosis: Test Cases/Canine_TestCases/StudyCombinations/Study-Combinations-OSA01/TC02_Canine_StudyOSA-Breed_Diagnosis

2022-04-07 11:10:55 - [TEST_STEP][PASSED] - Start listener action : getTestScriptName: null

2022-04-07 11:10:55 - [TEST_STEP][PASSED] - TestCaseId = testCaseContext.getTestCaseId(): null

2022-04-07 11:10:55 - [TEST_STEP][PASSED] - out.println("**********this is the value of test case id string******** " + testCaseContext.getTestCaseId()): null

2022-04-07 11:10:55 - [TEST_STEP][PASSED] - G_currentTCName = TestCaseId.substring(TestCaseId.lastIndexOf("TC")): null

2022-04-07 11:10:55 - [TEST_STEP][PASSED] - out.println("This is the test case name : " + G_currentTCName): null

2022-04-07 11:10:56 - [TEST_STEP][PASSED] - closeBrowser(): Browser is closed

2022-04-07 11:10:56 - [MESSAGE][PASSED] - Browser is closed

2022-04-07 11:10:56 - [TEST_STEP][PASSED] - "Driver opened by Katalon is used in Selenium from this step.": null

2022-04-07 11:10:56 - [TEST_STEP][PASSED] - ctdc.utilities.runtestcaseforKatalon.RunKatalon("TC02_Canine_StudyOSA-Breed_Diagnosis.xlsx"): Data loaded from input file for the test case. 

2022-04-07 11:10:56 - [MESSAGE][PASSED] - Test case file loaded This is the full filepath after converting to string :C:\Users\sohilz2\Desktop\Commons_Automation\InputFiles\TC02_Canine_StudyOSA-Breed_Diagnosis.xlsx

2022-04-07 11:10:56 - [MESSAGE][INFO] - Global variable set for password file is :  C:\Users\sohilz2\Desktop\Commons_Automation\InputFiles\TC02_Canine_StudyOSA-Breed_Diagnosis.xlsx

2022-04-07 11:11:00 - [MESSAGE][PASSED] - Data loaded from input file for the test case. 

2022-04-07 11:11:11 - [TEST_STEP][PASSED] - waitForElementPresent(findTestObject("Canine/NavBar/Canine_Cases_Btn"), 20): Object 'Object Repository/Canine/NavBar/Canine_Cases_Btn' is present

2022-04-07 11:11:12 - [MESSAGE][PASSED] - Object 'Object Repository/Canine/NavBar/Canine_Cases_Btn' is present

2022-04-07 11:11:12 - [TEST_STEP][PASSED] - ctdc.utilities.runtestcaseforKatalon.clickTab("Object Repository/Canine/Canine_PopUp_Continue_Btn"): ctdc.utilities.runtestcaseforKatalon.clickTab is PASSED

2022-04-07 11:11:12 - [MESSAGE][PASSED] - ctdc.utilities.runtestcaseforKatalon.clickTab is PASSED

2022-04-07 11:11:12 - [TEST_STEP][PASSED] - out.println("Closed the popup window"): null

2022-04-07 11:11:12 - [TEST_STEP][PASSED] - waitForElementPresent(findTestObject("Canine/NavBar/Canine_Cases_Btn"), 20): Object 'Object Repository/Canine/NavBar/Canine_Cases_Btn' is present

2022-04-07 11:11:12 - [MESSAGE][PASSED] - Object 'Object Repository/Canine/NavBar/Canine_Cases_Btn' is present

2022-04-07 11:11:12 - [TEST_STEP][PASSED] - ctdc.utilities.runtestcaseforKatalon.clickTab("Canine/NavBar/Canine_Cases_Btn"): ctdc.utilities.runtestcaseforKatalon.clickTab is PASSED

2022-04-07 11:11:12 - [MESSAGE][PASSED] - ctdc.utilities.runtestcaseforKatalon.clickTab is PASSED

2022-04-07 11:11:12 - [TEST_STEP][PASSED] - waitForElementPresent(findTestObject("Object Repository/Canine/Filter/Study/Canine_Filter_Study"), 30): Object 'Object Repository/Canine/Filter/Study/Canine_Filter_Study' is present

2022-04-07 11:11:14 - [MESSAGE][PASSED] - Object 'Object Repository/Canine/Filter/Study/Canine_Filter_Study' is present

2022-04-07 11:11:14 - [TEST_STEP][PASSED] - verifyElementPresent(findTestObject("Object Repository/Canine/Filter/Study/Canine_Filter_Study"), 5): Object 'Object Repository/Canine/Filter/Study/Canine_Filter_Study' is present

2022-04-07 11:11:14 - [MESSAGE][PASSED] - Object 'Object Repository/Canine/Filter/Study/Canine_Filter_Study' is present

2022-04-07 11:11:14 - [TEST_STEP][PASSED] - ctdc.utilities.runtestcaseforKatalon.clickTab("Object Repository/Canine/Filter/Study/Canine_Filter_Study"): ctdc.utilities.runtestcaseforKatalon.clickTab is PASSED

2022-04-07 11:11:15 - [MESSAGE][PASSED] - ctdc.utilities.runtestcaseforKatalon.clickTab is PASSED

2022-04-07 11:11:15 - [TEST_STEP][PASSED] - waitForElementPresent(findTestObject("Object Repository/Canine/Filter/Study/Canine_Filter_Study-OSA01_Chkbx"), 30): Object 'Object Repository/Canine/Filter/Study/Canine_Filter_Study-OSA01_Chkbx' is present

2022-04-07 11:11:16 - [MESSAGE][PASSED] - Object 'Object Repository/Canine/Filter/Study/Canine_Filter_Study-OSA01_Chkbx' is present

2022-04-07 11:11:16 - [TEST_STEP][PASSED] - verifyElementPresent(findTestObject("Object Repository/Canine/Filter/Study/Canine_Filter_Study-OSA01_Chkbx"), 5): Object 'Object Repository/Canine/Filter/Study/Canine_Filter_Study-OSA01_Chkbx' is present

2022-04-07 11:11:16 - [MESSAGE][PASSED] - Object 'Object Repository/Canine/Filter/Study/Canine_Filter_Study-OSA01_Chkbx' is present

2022-04-07 11:11:16 - [TEST_STEP][PASSED] - ctdc.utilities.runtestcaseforKatalon.clickTab("Object Repository/Canine/Filter/Study/Canine_Filter_Study-OSA01_Chkbx"): ctdc.utilities.runtestcaseforKatalon.clickTab is PASSED

2022-04-07 11:11:16 - [MESSAGE][PASSED] - ctdc.utilities.runtestcaseforKatalon.clickTab is PASSED

2022-04-07 11:11:16 - [TEST_STEP][PASSED] - waitForElementPresent(findTestObject("Object Repository/Canine/Filter/Breed/BREED_Ddn"), 30): Object 'Object Repository/Canine/Filter/Breed/BREED_Ddn' is present

2022-04-07 11:11:16 - [MESSAGE][PASSED] - Object 'Object Repository/Canine/Filter/Breed/BREED_Ddn' is present

2022-04-07 11:11:16 - [TEST_STEP][PASSED] - verifyElementPresent(findTestObject("Object Repository/Canine/Filter/Breed/BREED_Ddn"), 5): Object 'Object Repository/Canine/Filter/Breed/BREED_Ddn' is present

2022-04-07 11:11:17 - [MESSAGE][PASSED] - Object 'Object Repository/Canine/Filter/Breed/BREED_Ddn' is present

2022-04-07 11:11:17 - [TEST_STEP][PASSED] - ctdc.utilities.runtestcaseforKatalon.clickTabCanineStat("Object Repository/Canine/Filter/Breed/BREED_Ddn"): ctdc.utilities.runtestcaseforKatalon.clickTabCanineStat is PASSED

2022-04-07 11:11:19 - [MESSAGE][PASSED] - ctdc.utilities.runtestcaseforKatalon.clickTabCanineStat is PASSED

2022-04-07 11:11:19 - [TEST_STEP][PASSED] - Thread.sleep(2000): null

2022-04-07 11:11:21 - [TEST_STEP][PASSED] - waitForElementPresent(findTestObject("Object Repository/Canine/Filter/Breed/GreatDane_Chkbx"), 30): Object 'Object Repository/Canine/Filter/Breed/GreatDane_Chkbx' is present

2022-04-07 11:11:21 - [MESSAGE][PASSED] - Object 'Object Repository/Canine/Filter/Breed/GreatDane_Chkbx' is present

2022-04-07 11:11:21 - [TEST_STEP][PASSED] - verifyElementPresent(findTestObject("Object Repository/Canine/Filter/Breed/GreatDane_Chkbx"), 5): Object 'Object Repository/Canine/Filter/Breed/GreatDane_Chkbx' is present

2022-04-07 11:11:21 - [MESSAGE][PASSED] - Object 'Object Repository/Canine/Filter/Breed/GreatDane_Chkbx' is present

2022-04-07 11:11:21 - [TEST_STEP][PASSED] - ctdc.utilities.runtestcaseforKatalon.clickTabCanineStat("Object Repository/Canine/Filter/Breed/GreatDane_Chkbx"): ctdc.utilities.runtestcaseforKatalon.clickTabCanineStat is PASSED

2022-04-07 11:11:23 - [MESSAGE][PASSED] - ctdc.utilities.runtestcaseforKatalon.clickTabCanineStat is PASSED

2022-04-07 11:11:23 - [TEST_STEP][PASSED] - waitForElementPresent(findTestObject("Object Repository/Canine/Filter/Breed/Mixed_Chkbx"), 30): Object 'Object Repository/Canine/Filter/Breed/Mixed_Chkbx' is present

2022-04-07 11:11:23 - [MESSAGE][PASSED] - Object 'Object Repository/Canine/Filter/Breed/Mixed_Chkbx' is present

2022-04-07 11:11:23 - [TEST_STEP][PASSED] - verifyElementPresent(findTestObject("Object Repository/Canine/Filter/Breed/Mixed_Chkbx"), 5): Object 'Object Repository/Canine/Filter/Breed/Mixed_Chkbx' is present

2022-04-07 11:11:23 - [MESSAGE][PASSED] - Object 'Object Repository/Canine/Filter/Breed/Mixed_Chkbx' is present

2022-04-07 11:11:23 - [TEST_STEP][PASSED] - ctdc.utilities.runtestcaseforKatalon.clickTabCanineStat("Object Repository/Canine/Filter/Breed/Mixed_Chkbx"): ctdc.utilities.runtestcaseforKatalon.clickTabCanineStat is PASSED

2022-04-07 11:11:24 - [MESSAGE][PASSED] - ctdc.utilities.runtestcaseforKatalon.clickTabCanineStat is PASSED

2022-04-07 11:11:24 - [TEST_STEP][PASSED] - waitForElementPresent(findTestObject("Object Repository/Canine/Filter/Breed/GoldenRetr_Chkbx"), 30): Object 'Object Repository/Canine/Filter/Breed/GoldenRetr_Chkbx' is present

2022-04-07 11:11:25 - [MESSAGE][PASSED] - Object 'Object Repository/Canine/Filter/Breed/GoldenRetr_Chkbx' is present

2022-04-07 11:11:25 - [TEST_STEP][PASSED] - verifyElementPresent(findTestObject("Object Repository/Canine/Filter/Breed/GoldenRetr_Chkbx"), 5): Object 'Object Repository/Canine/Filter/Breed/GoldenRetr_Chkbx' is present

2022-04-07 11:11:25 - [MESSAGE][PASSED] - Object 'Object Repository/Canine/Filter/Breed/GoldenRetr_Chkbx' is present

2022-04-07 11:11:25 - [TEST_STEP][PASSED] - ctdc.utilities.runtestcaseforKatalon.clickTabCanineStat("Object Repository/Canine/Filter/Breed/GoldenRetr_Chkbx"): ctdc.utilities.runtestcaseforKatalon.clickTabCanineStat is PASSED

2022-04-07 11:11:26 - [MESSAGE][PASSED] - ctdc.utilities.runtestcaseforKatalon.clickTabCanineStat is PASSED

2022-04-07 11:11:26 - [TEST_STEP][PASSED] - ctdc.utilities.runtestcaseforKatalon.clickTab("Object Repository/Canine/Filter/Breed/BREED_Ddn"): ctdc.utilities.runtestcaseforKatalon.clickTab is PASSED

2022-04-07 11:11:27 - [MESSAGE][PASSED] - ctdc.utilities.runtestcaseforKatalon.clickTab is PASSED

2022-04-07 11:11:27 - [TEST_STEP][PASSED] - Thread.sleep(2000): null

2022-04-07 11:11:29 - [TEST_STEP][PASSED] - waitForElementPresent(findTestObject("Object Repository/Canine/Filter/Diagnosis/DIAGNOSIS_Ddn"), 30): Object 'Object Repository/Canine/Filter/Diagnosis/DIAGNOSIS_Ddn' is present

2022-04-07 11:11:29 - [MESSAGE][PASSED] - Object 'Object Repository/Canine/Filter/Diagnosis/DIAGNOSIS_Ddn' is present

2022-04-07 11:11:29 - [TEST_STEP][PASSED] - verifyElementPresent(findTestObject("Object Repository/Canine/Filter/Diagnosis/DIAGNOSIS_Ddn"), 5): Object 'Object Repository/Canine/Filter/Diagnosis/DIAGNOSIS_Ddn' is present

2022-04-07 11:11:29 - [MESSAGE][PASSED] - Object 'Object Repository/Canine/Filter/Diagnosis/DIAGNOSIS_Ddn' is present

2022-04-07 11:11:29 - [TEST_STEP][PASSED] - ctdc.utilities.runtestcaseforKatalon.clickTabCanineStat("Object Repository/Canine/Filter/Diagnosis/DIAGNOSIS_Ddn"): ctdc.utilities.runtestcaseforKatalon.clickTabCanineStat is PASSED

2022-04-07 11:11:30 - [MESSAGE][PASSED] - ctdc.utilities.runtestcaseforKatalon.clickTabCanineStat is PASSED

2022-04-07 11:11:30 - [TEST_STEP][PASSED] - waitForElementPresent(findTestObject("Object Repository/Canine/Filter/Diagnosis/OsteoSarcoma_Chkbx"), 30): Object 'Object Repository/Canine/Filter/Diagnosis/OsteoSarcoma_Chkbx' is present

2022-04-07 11:11:31 - [MESSAGE][PASSED] - Object 'Object Repository/Canine/Filter/Diagnosis/OsteoSarcoma_Chkbx' is present

2022-04-07 11:11:31 - [TEST_STEP][PASSED] - verifyElementPresent(findTestObject("Object Repository/Canine/Filter/Diagnosis/OsteoSarcoma_Chkbx"), 5): Object 'Object Repository/Canine/Filter/Diagnosis/OsteoSarcoma_Chkbx' is present

2022-04-07 11:11:31 - [MESSAGE][PASSED] - Object 'Object Repository/Canine/Filter/Diagnosis/OsteoSarcoma_Chkbx' is present

2022-04-07 11:11:31 - [TEST_STEP][PASSED] - waitForElementClickable(findTestObject("Object Repository/Canine/Filter/Diagnosis/OsteoSarcoma_Chkbx"), 30): Object 'Object Repository/Canine/Filter/Diagnosis/OsteoSarcoma_Chkbx' is clickable

2022-04-07 11:11:31 - [MESSAGE][PASSED] - Object 'Object Repository/Canine/Filter/Diagnosis/OsteoSarcoma_Chkbx' is clickable

2022-04-07 11:11:31 - [TEST_STEP][PASSED] - ctdc.utilities.runtestcaseforKatalon.clickTabCanineStat("Object Repository/Canine/Filter/Diagnosis/OsteoSarcoma_Chkbx"): ctdc.utilities.runtestcaseforKatalon.clickTabCanineStat is PASSED

2022-04-07 11:11:32 - [MESSAGE][PASSED] - ctdc.utilities.runtestcaseforKatalon.clickTabCanineStat is PASSED

2022-04-07 11:11:32 - [TEST_STEP][PASSED] - ctdc.utilities.runtestcaseforKatalon.clickTab("Object Repository/Canine/Filter/Diagnosis/DIAGNOSIS_Ddn"): ctdc.utilities.runtestcaseforKatalon.clickTab is PASSED

2022-04-07 11:11:33 - [MESSAGE][PASSED] - ctdc.utilities.runtestcaseforKatalon.clickTab is PASSED

2022-04-07 11:11:33 - [TEST_STEP][PASSED] - ctdc.utilities.runtestcaseforKatalon.readStatBarCanine("Object Repository/Canine/StatBar/Canine_StatBar-Programs", "Object Repository/Canine/StatBar/Canine_StatBar-Studies", "Object Repository/Canine/StatBar/Canine_StatBar-Cases", "Object Repository/Canine/StatBar/Canine_StatBar-Samples", "Object Repository/Canine/StatBar/Canine_StatBar-CaseFiles", "Object Repository/Canine/StatBar/Canine_StatBar-StudyFiles"): ctdc.utilities.runtestcaseforKatalon.readStatBarCanine is PASSED

2022-04-07 11:11:51 - [MESSAGE][PASSED] - ctdc.utilities.runtestcaseforKatalon.readStatBarCanine is PASSED

2022-04-07 11:11:51 - [TEST_STEP][PASSED] - waitForElementPresent(findTestObject("Object Repository/Canine/CanineResults_Cases_Tab"), 30): Object 'Object Repository/Canine/CanineResults_Cases_Tab' is present

2022-04-07 11:11:51 - [MESSAGE][PASSED] - Object 'Object Repository/Canine/CanineResults_Cases_Tab' is present

2022-04-07 11:11:51 - [TEST_STEP][PASSED] - verifyElementPresent(findTestObject("Object Repository/Canine/CanineResults_Cases_Tab"), 5): Object 'Object Repository/Canine/CanineResults_Cases_Tab' is present

2022-04-07 11:11:51 - [MESSAGE][PASSED] - Object 'Object Repository/Canine/CanineResults_Cases_Tab' is present

2022-04-07 11:11:51 - [TEST_STEP][PASSED] - ctdc.utilities.runtestcaseforKatalon.clickTab("Object Repository/Canine/CanineResults_Cases_Tab"): ctdc.utilities.runtestcaseforKatalon.clickTab is PASSED

2022-04-07 11:11:51 - [MESSAGE][PASSED] - ctdc.utilities.runtestcaseforKatalon.clickTab is PASSED

2022-04-07 11:11:51 - [TEST_STEP][PASSED] - ctdc.utilities.runtestcaseforKatalon.multiFunction("ICDC", G_StatBar_Cases, "Object Repository/Canine/Canine_CasesTable", "Object Repository/Canine/Canine_TableHeader", "Object Repository/Canine/Canine_CasesTabNextBtn", G_WebTabnameCases, G_CypherTabnameCases, G_QueryCasesTab): Statbar Study Files count matches

2022-04-07 11:12:55 - [MESSAGE][PASSED] - Statbar Programs count matches

2022-04-07 11:12:55 - [MESSAGE][PASSED] - Statbar Studies count matches

2022-04-07 11:12:55 - [MESSAGE][PASSED] - Statbar Cases count matches

2022-04-07 11:12:55 - [MESSAGE][PASSED] - Statbar Samples count matches

2022-04-07 11:12:55 - [MESSAGE][PASSED] - Statbar Case Files count matches

2022-04-07 11:12:55 - [MESSAGE][PASSED] - Statbar Study Files count matches

2022-04-07 11:12:55 - [TEST_STEP][PASSED] - waitForElementPresent(findTestObject("Object Repository/Canine/CanineResults_Samples_Tab"), 30): Object 'Object Repository/Canine/CanineResults_Samples_Tab' is present

2022-04-07 11:12:55 - [MESSAGE][PASSED] - Object 'Object Repository/Canine/CanineResults_Samples_Tab' is present

2022-04-07 11:12:55 - [TEST_STEP][PASSED] - verifyElementPresent(findTestObject("Object Repository/Canine/CanineResults_Samples_Tab"), 5): Object 'Object Repository/Canine/CanineResults_Samples_Tab' is present

2022-04-07 11:12:55 - [MESSAGE][PASSED] - Object 'Object Repository/Canine/CanineResults_Samples_Tab' is present

2022-04-07 11:12:55 - [TEST_STEP][PASSED] - ctdc.utilities.runtestcaseforKatalon.clickTab("Object Repository/Canine/CanineResults_Samples_Tab"): ctdc.utilities.runtestcaseforKatalon.clickTab is PASSED

2022-04-07 11:12:56 - [MESSAGE][PASSED] - ctdc.utilities.runtestcaseforKatalon.clickTab is PASSED

2022-04-07 11:12:56 - [TEST_STEP][PASSED] - ctdc.utilities.runtestcaseforKatalon.multiFunction("ICDC", G_StatBar_Samples, "Object Repository/Canine/Canine_Samples_Table", "Object Repository/Canine/Canine_Samples_TableHdr", "Object Repository/Canine/Canine_SamplesTabNextBtn", G_WebTabnameSamples, G_CypherTabnameSamples, G_QuerySamplesTab): Statbar Study Files count matches

2022-04-07 11:15:31 - [MESSAGE][PASSED] - Statbar Programs count matches

2022-04-07 11:15:31 - [MESSAGE][PASSED] - Statbar Studies count matches

2022-04-07 11:15:31 - [MESSAGE][PASSED] - Statbar Cases count matches

2022-04-07 11:15:31 - [MESSAGE][PASSED] - Statbar Samples count matches

2022-04-07 11:15:31 - [MESSAGE][PASSED] - Statbar Case Files count matches

2022-04-07 11:15:31 - [MESSAGE][PASSED] - Statbar Study Files count matches]]></system-out>
         <system-err><![CDATA[]]></system-err>
      </testcase>
      <testcase name="Test Cases/Canine_TestCases/StudyCombinations/Study-Combinations-OSA01/TC03_Canine_StudyOSA01-Breed_Sex_Male" time="118.709" classname="Test Cases/Canine_TestCases/StudyCombinations/Study-Combinations-OSA01/TC03_Canine_StudyOSA01-Breed_Sex_Male" status="PASSED">
         <system-out><![CDATA[2022-04-07 11:15:31 - [TEST_CASE][PASSED] - Test Cases/Canine_TestCases/StudyCombinations/Study-Combinations-OSA01/TC03_Canine_StudyOSA01-Breed_Sex_Male: Test Cases/Canine_TestCases/StudyCombinations/Study-Combinations-OSA01/TC03_Canine_StudyOSA01-Breed_Sex_Male

2022-04-07 11:15:31 - [TEST_STEP][PASSED] - Start listener action : getTestScriptName: null

2022-04-07 11:15:31 - [TEST_STEP][PASSED] - TestCaseId = testCaseContext.getTestCaseId(): null

2022-04-07 11:15:31 - [TEST_STEP][PASSED] - out.println("**********this is the value of test case id string******** " + testCaseContext.getTestCaseId()): null

2022-04-07 11:15:31 - [TEST_STEP][PASSED] - G_currentTCName = TestCaseId.substring(TestCaseId.lastIndexOf("TC")): null

2022-04-07 11:15:31 - [TEST_STEP][PASSED] - out.println("This is the test case name : " + G_currentTCName): null

2022-04-07 11:15:32 - [TEST_STEP][PASSED] - closeBrowser(): Browser is closed

2022-04-07 11:15:32 - [MESSAGE][PASSED] - Browser is closed

2022-04-07 11:15:32 - [TEST_STEP][PASSED] - "Driver opened by Katalon is used in Selenium from this step.": null

2022-04-07 11:15:32 - [TEST_STEP][PASSED] - ctdc.utilities.runtestcaseforKatalon.RunKatalon("TC03_Canine_StudyOSA01-Breed_Sex_Male.xlsx"): Data loaded from input file for the test case. 

2022-04-07 11:15:32 - [MESSAGE][PASSED] - Test case file loaded This is the full filepath after converting to string :C:\Users\sohilz2\Desktop\Commons_Automation\InputFiles\TC03_Canine_StudyOSA01-Breed_Sex_Male.xlsx

2022-04-07 11:15:32 - [MESSAGE][INFO] - Global variable set for password file is :  C:\Users\sohilz2\Desktop\Commons_Automation\InputFiles\TC03_Canine_StudyOSA01-Breed_Sex_Male.xlsx

2022-04-07 11:15:37 - [MESSAGE][PASSED] - Data loaded from input file for the test case. 

2022-04-07 11:15:50 - [TEST_STEP][PASSED] - waitForElementPresent(findTestObject("Canine/NavBar/Canine_Cases_Btn"), 20): Object 'Object Repository/Canine/NavBar/Canine_Cases_Btn' is present

2022-04-07 11:15:50 - [MESSAGE][PASSED] - Object 'Object Repository/Canine/NavBar/Canine_Cases_Btn' is present

2022-04-07 11:15:50 - [TEST_STEP][PASSED] - ctdc.utilities.runtestcaseforKatalon.clickTab("Object Repository/Canine/Canine_PopUp_Continue_Btn"): ctdc.utilities.runtestcaseforKatalon.clickTab is PASSED

2022-04-07 11:15:50 - [MESSAGE][PASSED] - ctdc.utilities.runtestcaseforKatalon.clickTab is PASSED

2022-04-07 11:15:50 - [TEST_STEP][PASSED] - out.println("Closed the popup window"): null

2022-04-07 11:15:50 - [TEST_STEP][PASSED] - waitForElementPresent(findTestObject("Canine/NavBar/Canine_Cases_Btn"), 20): Object 'Object Repository/Canine/NavBar/Canine_Cases_Btn' is present

2022-04-07 11:15:50 - [MESSAGE][PASSED] - Object 'Object Repository/Canine/NavBar/Canine_Cases_Btn' is present

2022-04-07 11:15:50 - [TEST_STEP][PASSED] - ctdc.utilities.runtestcaseforKatalon.clickTab("Canine/NavBar/Canine_Cases_Btn"): ctdc.utilities.runtestcaseforKatalon.clickTab is PASSED

2022-04-07 11:15:51 - [MESSAGE][PASSED] - ctdc.utilities.runtestcaseforKatalon.clickTab is PASSED

2022-04-07 11:15:51 - [TEST_STEP][PASSED] - waitForElementPresent(findTestObject("Object Repository/Canine/Filter/Study/Canine_Filter_Study"), 30): Object 'Object Repository/Canine/Filter/Study/Canine_Filter_Study' is present

2022-04-07 11:15:52 - [MESSAGE][PASSED] - Object 'Object Repository/Canine/Filter/Study/Canine_Filter_Study' is present

2022-04-07 11:15:52 - [TEST_STEP][PASSED] - verifyElementPresent(findTestObject("Object Repository/Canine/Filter/Study/Canine_Filter_Study"), 5): Object 'Object Repository/Canine/Filter/Study/Canine_Filter_Study' is present

2022-04-07 11:15:52 - [MESSAGE][PASSED] - Object 'Object Repository/Canine/Filter/Study/Canine_Filter_Study' is present

2022-04-07 11:15:52 - [TEST_STEP][PASSED] - ctdc.utilities.runtestcaseforKatalon.clickTab("Object Repository/Canine/Filter/Study/Canine_Filter_Study"): ctdc.utilities.runtestcaseforKatalon.clickTab is PASSED

2022-04-07 11:15:53 - [MESSAGE][PASSED] - ctdc.utilities.runtestcaseforKatalon.clickTab is PASSED

2022-04-07 11:15:53 - [TEST_STEP][PASSED] - waitForElementPresent(findTestObject("Object Repository/Canine/Filter/Study/Canine_Filter_Study-OSA01_Chkbx"), 30): Object 'Object Repository/Canine/Filter/Study/Canine_Filter_Study-OSA01_Chkbx' is present

2022-04-07 11:15:53 - [MESSAGE][PASSED] - Object 'Object Repository/Canine/Filter/Study/Canine_Filter_Study-OSA01_Chkbx' is present

2022-04-07 11:15:53 - [TEST_STEP][PASSED] - verifyElementPresent(findTestObject("Object Repository/Canine/Filter/Study/Canine_Filter_Study-OSA01_Chkbx"), 5): Object 'Object Repository/Canine/Filter/Study/Canine_Filter_Study-OSA01_Chkbx' is present

2022-04-07 11:15:54 - [MESSAGE][PASSED] - Object 'Object Repository/Canine/Filter/Study/Canine_Filter_Study-OSA01_Chkbx' is present

2022-04-07 11:15:54 - [TEST_STEP][PASSED] - ctdc.utilities.runtestcaseforKatalon.clickTab("Object Repository/Canine/Filter/Study/Canine_Filter_Study-OSA01_Chkbx"): ctdc.utilities.runtestcaseforKatalon.clickTab is PASSED

2022-04-07 11:15:54 - [MESSAGE][PASSED] - ctdc.utilities.runtestcaseforKatalon.clickTab is PASSED

2022-04-07 11:15:54 - [TEST_STEP][PASSED] - waitForElementPresent(findTestObject("Object Repository/Canine/Filter/Breed/BREED_Ddn"), 30): Object 'Object Repository/Canine/Filter/Breed/BREED_Ddn' is present

2022-04-07 11:15:54 - [MESSAGE][PASSED] - Object 'Object Repository/Canine/Filter/Breed/BREED_Ddn' is present

2022-04-07 11:15:54 - [TEST_STEP][PASSED] - verifyElementPresent(findTestObject("Object Repository/Canine/Filter/Breed/BREED_Ddn"), 5): Object 'Object Repository/Canine/Filter/Breed/BREED_Ddn' is present

2022-04-07 11:15:55 - [MESSAGE][PASSED] - Object 'Object Repository/Canine/Filter/Breed/BREED_Ddn' is present

2022-04-07 11:15:55 - [TEST_STEP][PASSED] - ctdc.utilities.runtestcaseforKatalon.clickTabCanineStat("Object Repository/Canine/Filter/Breed/BREED_Ddn"): ctdc.utilities.runtestcaseforKatalon.clickTabCanineStat is PASSED

2022-04-07 11:15:57 - [MESSAGE][PASSED] - ctdc.utilities.runtestcaseforKatalon.clickTabCanineStat is PASSED

2022-04-07 11:15:57 - [TEST_STEP][PASSED] - Thread.sleep(2000): null

2022-04-07 11:15:59 - [TEST_STEP][PASSED] - waitForElementPresent(findTestObject("Object Repository/Canine/Filter/Breed/Greyhnd_Chkbx"), 30): Object 'Object Repository/Canine/Filter/Breed/Greyhnd_Chkbx' is present

2022-04-07 11:15:59 - [MESSAGE][PASSED] - Object 'Object Repository/Canine/Filter/Breed/Greyhnd_Chkbx' is present

2022-04-07 11:15:59 - [TEST_STEP][PASSED] - verifyElementPresent(findTestObject("Object Repository/Canine/Filter/Breed/Greyhnd_Chkbx"), 5): Object 'Object Repository/Canine/Filter/Breed/Greyhnd_Chkbx' is present

2022-04-07 11:15:59 - [MESSAGE][PASSED] - Object 'Object Repository/Canine/Filter/Breed/Greyhnd_Chkbx' is present

2022-04-07 11:15:59 - [TEST_STEP][PASSED] - ctdc.utilities.runtestcaseforKatalon.clickTabCanineStat("Object Repository/Canine/Filter/Breed/Greyhnd_Chkbx"): ctdc.utilities.runtestcaseforKatalon.clickTabCanineStat is PASSED

2022-04-07 11:16:00 - [MESSAGE][PASSED] - ctdc.utilities.runtestcaseforKatalon.clickTabCanineStat is PASSED

2022-04-07 11:16:00 - [TEST_STEP][PASSED] - Thread.sleep(2000): null

2022-04-07 11:16:02 - [TEST_STEP][PASSED] - waitForElementPresent(findTestObject("Object Repository/Canine/Filter/Sex/SEX_Ddn"), 30): Object 'Object Repository/Canine/Filter/Sex/SEX_Ddn' is present

2022-04-07 11:16:03 - [MESSAGE][PASSED] - Object 'Object Repository/Canine/Filter/Sex/SEX_Ddn' is present

2022-04-07 11:16:03 - [TEST_STEP][PASSED] - verifyElementPresent(findTestObject("Object Repository/Canine/Filter/Sex/SEX_Ddn"), 5): Object 'Object Repository/Canine/Filter/Sex/SEX_Ddn' is present

2022-04-07 11:16:03 - [MESSAGE][PASSED] - Object 'Object Repository/Canine/Filter/Sex/SEX_Ddn' is present

2022-04-07 11:16:03 - [TEST_STEP][PASSED] - ctdc.utilities.runtestcaseforKatalon.clickTabCanineStat("Object Repository/Canine/Filter/Sex/SEX_Ddn"): ctdc.utilities.runtestcaseforKatalon.clickTabCanineStat is PASSED

2022-04-07 11:16:04 - [MESSAGE][PASSED] - ctdc.utilities.runtestcaseforKatalon.clickTabCanineStat is PASSED

2022-04-07 11:16:04 - [TEST_STEP][PASSED] - waitForElementPresent(findTestObject("Object Repository/Canine/Filter/Sex/Male_Chkbx"), 30): Object 'Object Repository/Canine/Filter/Sex/Male_Chkbx' is present

2022-04-07 11:16:04 - [MESSAGE][PASSED] - Object 'Object Repository/Canine/Filter/Sex/Male_Chkbx' is present

2022-04-07 11:16:04 - [TEST_STEP][PASSED] - verifyElementPresent(findTestObject("Object Repository/Canine/Filter/Sex/Male_Chkbx"), 5): Object 'Object Repository/Canine/Filter/Sex/Male_Chkbx' is present

2022-04-07 11:16:04 - [MESSAGE][PASSED] - Object 'Object Repository/Canine/Filter/Sex/Male_Chkbx' is present

2022-04-07 11:16:04 - [TEST_STEP][PASSED] - waitForElementClickable(findTestObject("Object Repository/Canine/Filter/Sex/Male_Chkbx"), 30): Object 'Object Repository/Canine/Filter/Sex/Male_Chkbx' is clickable

2022-04-07 11:16:05 - [MESSAGE][PASSED] - Object 'Object Repository/Canine/Filter/Sex/Male_Chkbx' is clickable

2022-04-07 11:16:05 - [TEST_STEP][PASSED] - ctdc.utilities.runtestcaseforKatalon.clickTabCanineStat("Object Repository/Canine/Filter/Sex/Male_Chkbx"): ctdc.utilities.runtestcaseforKatalon.clickTabCanineStat is PASSED

2022-04-07 11:16:06 - [MESSAGE][PASSED] - ctdc.utilities.runtestcaseforKatalon.clickTabCanineStat is PASSED

2022-04-07 11:16:06 - [TEST_STEP][PASSED] - ctdc.utilities.runtestcaseforKatalon.clickTab("Object Repository/Canine/Filter/Sex/SEX_Ddn"): ctdc.utilities.runtestcaseforKatalon.clickTab is PASSED

2022-04-07 11:16:06 - [MESSAGE][PASSED] - ctdc.utilities.runtestcaseforKatalon.clickTab is PASSED

2022-04-07 11:16:06 - [TEST_STEP][PASSED] - ctdc.utilities.runtestcaseforKatalon.readStatBarCanine("Object Repository/Canine/StatBar/Canine_StatBar-Programs", "Object Repository/Canine/StatBar/Canine_StatBar-Studies", "Object Repository/Canine/StatBar/Canine_StatBar-Cases", "Object Repository/Canine/StatBar/Canine_StatBar-Samples", "Object Repository/Canine/StatBar/Canine_StatBar-CaseFiles", "Object Repository/Canine/StatBar/Canine_StatBar-StudyFiles"): ctdc.utilities.runtestcaseforKatalon.readStatBarCanine is PASSED

2022-04-07 11:16:24 - [MESSAGE][PASSED] - ctdc.utilities.runtestcaseforKatalon.readStatBarCanine is PASSED

2022-04-07 11:16:24 - [TEST_STEP][PASSED] - waitForElementPresent(findTestObject("Object Repository/Canine/CanineResults_Cases_Tab"), 30): Object 'Object Repository/Canine/CanineResults_Cases_Tab' is present

2022-04-07 11:16:24 - [MESSAGE][PASSED] - Object 'Object Repository/Canine/CanineResults_Cases_Tab' is present

2022-04-07 11:16:24 - [TEST_STEP][PASSED] - verifyElementPresent(findTestObject("Object Repository/Canine/CanineResults_Cases_Tab"), 5): Object 'Object Repository/Canine/CanineResults_Cases_Tab' is present

2022-04-07 11:16:25 - [MESSAGE][PASSED] - Object 'Object Repository/Canine/CanineResults_Cases_Tab' is present

2022-04-07 11:16:25 - [TEST_STEP][PASSED] - ctdc.utilities.runtestcaseforKatalon.clickTab("Object Repository/Canine/CanineResults_Cases_Tab"): ctdc.utilities.runtestcaseforKatalon.clickTab is PASSED

2022-04-07 11:16:25 - [MESSAGE][PASSED] - ctdc.utilities.runtestcaseforKatalon.clickTab is PASSED

2022-04-07 11:16:25 - [TEST_STEP][PASSED] - ctdc.utilities.runtestcaseforKatalon.multiFunction("ICDC", G_StatBar_Cases, "Object Repository/Canine/Canine_CasesTable", "Object Repository/Canine/Canine_TableHeader", "Object Repository/Canine/Canine_CasesTabNextBtn", G_WebTabnameCases, G_CypherTabnameCases, G_QueryCasesTab): Statbar Study Files count matches

2022-04-07 11:16:48 - [MESSAGE][PASSED] - Statbar Programs count matches

2022-04-07 11:16:48 - [MESSAGE][PASSED] - Statbar Studies count matches

2022-04-07 11:16:48 - [MESSAGE][PASSED] - Statbar Cases count matches

2022-04-07 11:16:48 - [MESSAGE][PASSED] - Statbar Samples count matches

2022-04-07 11:16:48 - [MESSAGE][PASSED] - Statbar Case Files count matches

2022-04-07 11:16:48 - [MESSAGE][PASSED] - Statbar Study Files count matches

2022-04-07 11:16:48 - [TEST_STEP][PASSED] - waitForElementPresent(findTestObject("Object Repository/Canine/CanineResults_Samples_Tab"), 30): Object 'Object Repository/Canine/CanineResults_Samples_Tab' is present

2022-04-07 11:16:48 - [MESSAGE][PASSED] - Object 'Object Repository/Canine/CanineResults_Samples_Tab' is present

2022-04-07 11:16:48 - [TEST_STEP][PASSED] - verifyElementPresent(findTestObject("Object Repository/Canine/CanineResults_Samples_Tab"), 5): Object 'Object Repository/Canine/CanineResults_Samples_Tab' is present

2022-04-07 11:16:49 - [MESSAGE][PASSED] - Object 'Object Repository/Canine/CanineResults_Samples_Tab' is present

2022-04-07 11:16:49 - [TEST_STEP][PASSED] - ctdc.utilities.runtestcaseforKatalon.clickTab("Object Repository/Canine/CanineResults_Samples_Tab"): ctdc.utilities.runtestcaseforKatalon.clickTab is PASSED

2022-04-07 11:16:49 - [MESSAGE][PASSED] - ctdc.utilities.runtestcaseforKatalon.clickTab is PASSED

2022-04-07 11:16:49 - [TEST_STEP][PASSED] - ctdc.utilities.runtestcaseforKatalon.multiFunction("ICDC", G_StatBar_Samples, "Object Repository/Canine/Canine_Samples_Table", "Object Repository/Canine/Canine_Samples_TableHdr", "Object Repository/Canine/Canine_SamplesTabNextBtn", G_WebTabnameSamples, G_CypherTabnameSamples, G_QuerySamplesTab): Statbar Study Files count matches

2022-04-07 11:17:29 - [MESSAGE][PASSED] - Statbar Programs count matches

2022-04-07 11:17:29 - [MESSAGE][PASSED] - Statbar Studies count matches

2022-04-07 11:17:29 - [MESSAGE][PASSED] - Statbar Cases count matches

2022-04-07 11:17:29 - [MESSAGE][PASSED] - Statbar Samples count matches

2022-04-07 11:17:29 - [MESSAGE][PASSED] - Statbar Case Files count matches

2022-04-07 11:17:29 - [MESSAGE][PASSED] - Statbar Study Files count matches]]></system-out>
         <system-err><![CDATA[]]></system-err>
      </testcase>
      <testcase name="Test Cases/Canine_TestCases/StudyCombinations/Study-Combinations-OSA01/TC04_Canine_StudyOSA01-Breed_Sex_Female" time="106.221" classname="Test Cases/Canine_TestCases/StudyCombinations/Study-Combinations-OSA01/TC04_Canine_StudyOSA01-Breed_Sex_Female" status="PASSED">
         <system-out><![CDATA[2022-04-07 11:17:29 - [TEST_CASE][PASSED] - Test Cases/Canine_TestCases/StudyCombinations/Study-Combinations-OSA01/TC04_Canine_StudyOSA01-Breed_Sex_Female: Test Cases/Canine_TestCases/StudyCombinations/Study-Combinations-OSA01/TC04_Canine_StudyOSA01-Breed_Sex_Female

2022-04-07 11:17:29 - [TEST_STEP][PASSED] - Start listener action : getTestScriptName: null

2022-04-07 11:17:29 - [TEST_STEP][PASSED] - TestCaseId = testCaseContext.getTestCaseId(): null

2022-04-07 11:17:29 - [TEST_STEP][PASSED] - out.println("**********this is the value of test case id string******** " + testCaseContext.getTestCaseId()): null

2022-04-07 11:17:29 - [TEST_STEP][PASSED] - G_currentTCName = TestCaseId.substring(TestCaseId.lastIndexOf("TC")): null

2022-04-07 11:17:29 - [TEST_STEP][PASSED] - out.println("This is the test case name : " + G_currentTCName): null

2022-04-07 11:17:30 - [TEST_STEP][PASSED] - closeBrowser(): Browser is closed

2022-04-07 11:17:31 - [MESSAGE][PASSED] - Browser is closed

2022-04-07 11:17:31 - [TEST_STEP][PASSED] - "Driver opened by Katalon is used in Selenium from this step.": null

2022-04-07 11:17:31 - [TEST_STEP][PASSED] - ctdc.utilities.runtestcaseforKatalon.RunKatalon("TC04_Canine_StudyOSA01-Breed_Sex_Female.xlsx"): Data loaded from input file for the test case. 

2022-04-07 11:17:31 - [MESSAGE][PASSED] - Test case file loaded This is the full filepath after converting to string :C:\Users\sohilz2\Desktop\Commons_Automation\InputFiles\TC04_Canine_StudyOSA01-Breed_Sex_Female.xlsx

2022-04-07 11:17:31 - [MESSAGE][INFO] - Global variable set for password file is :  C:\Users\sohilz2\Desktop\Commons_Automation\InputFiles\TC04_Canine_StudyOSA01-Breed_Sex_Female.xlsx

2022-04-07 11:17:35 - [MESSAGE][PASSED] - Data loaded from input file for the test case. 

2022-04-07 11:17:48 - [TEST_STEP][PASSED] - waitForElementPresent(findTestObject("Canine/NavBar/Canine_Cases_Btn"), 20): Object 'Object Repository/Canine/NavBar/Canine_Cases_Btn' is present

2022-04-07 11:17:48 - [MESSAGE][PASSED] - Object 'Object Repository/Canine/NavBar/Canine_Cases_Btn' is present

2022-04-07 11:17:48 - [TEST_STEP][PASSED] - ctdc.utilities.runtestcaseforKatalon.clickTab("Object Repository/Canine/Canine_PopUp_Continue_Btn"): ctdc.utilities.runtestcaseforKatalon.clickTab is PASSED

2022-04-07 11:17:48 - [MESSAGE][PASSED] - ctdc.utilities.runtestcaseforKatalon.clickTab is PASSED

2022-04-07 11:17:48 - [TEST_STEP][PASSED] - out.println("Closed the popup window"): null

2022-04-07 11:17:48 - [TEST_STEP][PASSED] - waitForElementPresent(findTestObject("Canine/NavBar/Canine_Cases_Btn"), 20): Object 'Object Repository/Canine/NavBar/Canine_Cases_Btn' is present

2022-04-07 11:17:48 - [MESSAGE][PASSED] - Object 'Object Repository/Canine/NavBar/Canine_Cases_Btn' is present

2022-04-07 11:17:48 - [TEST_STEP][PASSED] - ctdc.utilities.runtestcaseforKatalon.clickTab("Canine/NavBar/Canine_Cases_Btn"): ctdc.utilities.runtestcaseforKatalon.clickTab is PASSED

2022-04-07 11:17:49 - [MESSAGE][PASSED] - ctdc.utilities.runtestcaseforKatalon.clickTab is PASSED

2022-04-07 11:17:49 - [TEST_STEP][PASSED] - waitForElementPresent(findTestObject("Object Repository/Canine/Filter/Study/Canine_Filter_Study"), 30): Object 'Object Repository/Canine/Filter/Study/Canine_Filter_Study' is present

2022-04-07 11:17:50 - [MESSAGE][PASSED] - Object 'Object Repository/Canine/Filter/Study/Canine_Filter_Study' is present

2022-04-07 11:17:50 - [TEST_STEP][PASSED] - verifyElementPresent(findTestObject("Object Repository/Canine/Filter/Study/Canine_Filter_Study"), 5): Object 'Object Repository/Canine/Filter/Study/Canine_Filter_Study' is present

2022-04-07 11:17:50 - [MESSAGE][PASSED] - Object 'Object Repository/Canine/Filter/Study/Canine_Filter_Study' is present

2022-04-07 11:17:50 - [TEST_STEP][PASSED] - ctdc.utilities.runtestcaseforKatalon.clickTab("Object Repository/Canine/Filter/Study/Canine_Filter_Study"): ctdc.utilities.runtestcaseforKatalon.clickTab is PASSED

2022-04-07 11:17:51 - [MESSAGE][PASSED] - ctdc.utilities.runtestcaseforKatalon.clickTab is PASSED

2022-04-07 11:17:51 - [TEST_STEP][PASSED] - waitForElementPresent(findTestObject("Object Repository/Canine/Filter/Study/Canine_Filter_Study-OSA01_Chkbx"), 30): Object 'Object Repository/Canine/Filter/Study/Canine_Filter_Study-OSA01_Chkbx' is present

2022-04-07 11:17:52 - [MESSAGE][PASSED] - Object 'Object Repository/Canine/Filter/Study/Canine_Filter_Study-OSA01_Chkbx' is present

2022-04-07 11:17:52 - [TEST_STEP][PASSED] - verifyElementPresent(findTestObject("Object Repository/Canine/Filter/Study/Canine_Filter_Study-OSA01_Chkbx"), 5): Object 'Object Repository/Canine/Filter/Study/Canine_Filter_Study-OSA01_Chkbx' is present

2022-04-07 11:17:52 - [MESSAGE][PASSED] - Object 'Object Repository/Canine/Filter/Study/Canine_Filter_Study-OSA01_Chkbx' is present

2022-04-07 11:17:52 - [TEST_STEP][PASSED] - ctdc.utilities.runtestcaseforKatalon.clickTab("Object Repository/Canine/Filter/Study/Canine_Filter_Study-OSA01_Chkbx"): ctdc.utilities.runtestcaseforKatalon.clickTab is PASSED

2022-04-07 11:17:52 - [MESSAGE][PASSED] - ctdc.utilities.runtestcaseforKatalon.clickTab is PASSED

2022-04-07 11:17:52 - [TEST_STEP][PASSED] - waitForElementPresent(findTestObject("Object Repository/Canine/Filter/Breed/BREED_Ddn"), 30): Object 'Object Repository/Canine/Filter/Breed/BREED_Ddn' is present

2022-04-07 11:17:53 - [MESSAGE][PASSED] - Object 'Object Repository/Canine/Filter/Breed/BREED_Ddn' is present

2022-04-07 11:17:53 - [TEST_STEP][PASSED] - verifyElementPresent(findTestObject("Object Repository/Canine/Filter/Breed/BREED_Ddn"), 5): Object 'Object Repository/Canine/Filter/Breed/BREED_Ddn' is present

2022-04-07 11:17:53 - [MESSAGE][PASSED] - Object 'Object Repository/Canine/Filter/Breed/BREED_Ddn' is present

2022-04-07 11:17:53 - [TEST_STEP][PASSED] - ctdc.utilities.runtestcaseforKatalon.clickTabCanineStat("Object Repository/Canine/Filter/Breed/BREED_Ddn"): ctdc.utilities.runtestcaseforKatalon.clickTabCanineStat is PASSED

2022-04-07 11:17:55 - [MESSAGE][PASSED] - ctdc.utilities.runtestcaseforKatalon.clickTabCanineStat is PASSED

2022-04-07 11:17:55 - [TEST_STEP][PASSED] - Thread.sleep(2000): null

2022-04-07 11:17:57 - [TEST_STEP][PASSED] - waitForElementPresent(findTestObject("Object Repository/Canine/Filter/Breed/GoldenRetr_Chkbx"), 30): Object 'Object Repository/Canine/Filter/Breed/GoldenRetr_Chkbx' is present

2022-04-07 11:17:57 - [MESSAGE][PASSED] - Object 'Object Repository/Canine/Filter/Breed/GoldenRetr_Chkbx' is present

2022-04-07 11:17:57 - [TEST_STEP][PASSED] - verifyElementPresent(findTestObject("Object Repository/Canine/Filter/Breed/GoldenRetr_Chkbx"), 5): Object 'Object Repository/Canine/Filter/Breed/GoldenRetr_Chkbx' is present

2022-04-07 11:17:57 - [MESSAGE][PASSED] - Object 'Object Repository/Canine/Filter/Breed/GoldenRetr_Chkbx' is present

2022-04-07 11:17:57 - [TEST_STEP][PASSED] - ctdc.utilities.runtestcaseforKatalon.clickTabCanineStat("Object Repository/Canine/Filter/Breed/GoldenRetr_Chkbx"): ctdc.utilities.runtestcaseforKatalon.clickTabCanineStat is PASSED

2022-04-07 11:17:59 - [MESSAGE][PASSED] - ctdc.utilities.runtestcaseforKatalon.clickTabCanineStat is PASSED

2022-04-07 11:17:59 - [TEST_STEP][PASSED] - waitForElementPresent(findTestObject("Object Repository/Canine/Filter/Sex/SEX_Ddn"), 30): Object 'Object Repository/Canine/Filter/Sex/SEX_Ddn' is present

2022-04-07 11:17:59 - [MESSAGE][PASSED] - Object 'Object Repository/Canine/Filter/Sex/SEX_Ddn' is present

2022-04-07 11:17:59 - [TEST_STEP][PASSED] - verifyElementPresent(findTestObject("Object Repository/Canine/Filter/Sex/SEX_Ddn"), 5): Object 'Object Repository/Canine/Filter/Sex/SEX_Ddn' is present

2022-04-07 11:17:59 - [MESSAGE][PASSED] - Object 'Object Repository/Canine/Filter/Sex/SEX_Ddn' is present

2022-04-07 11:17:59 - [TEST_STEP][PASSED] - ctdc.utilities.runtestcaseforKatalon.clickTabCanineStat("Object Repository/Canine/Filter/Sex/SEX_Ddn"): ctdc.utilities.runtestcaseforKatalon.clickTabCanineStat is PASSED

2022-04-07 11:18:00 - [MESSAGE][PASSED] - ctdc.utilities.runtestcaseforKatalon.clickTabCanineStat is PASSED

2022-04-07 11:18:00 - [TEST_STEP][PASSED] - waitForElementPresent(findTestObject("Object Repository/Canine/Filter/Sex/Female_Chkbx"), 30): Object 'Object Repository/Canine/Filter/Sex/Female_Chkbx' is present

2022-04-07 11:18:00 - [MESSAGE][PASSED] - Object 'Object Repository/Canine/Filter/Sex/Female_Chkbx' is present

2022-04-07 11:18:00 - [TEST_STEP][PASSED] - verifyElementPresent(findTestObject("Object Repository/Canine/Filter/Sex/Female_Chkbx"), 5): Object 'Object Repository/Canine/Filter/Sex/Female_Chkbx' is present

2022-04-07 11:18:01 - [MESSAGE][PASSED] - Object 'Object Repository/Canine/Filter/Sex/Female_Chkbx' is present

2022-04-07 11:18:01 - [TEST_STEP][PASSED] - waitForElementClickable(findTestObject("Object Repository/Canine/Filter/Sex/Female_Chkbx"), 30): Object 'Object Repository/Canine/Filter/Sex/Female_Chkbx' is clickable

2022-04-07 11:18:01 - [MESSAGE][PASSED] - Object 'Object Repository/Canine/Filter/Sex/Female_Chkbx' is clickable

2022-04-07 11:18:01 - [TEST_STEP][PASSED] - ctdc.utilities.runtestcaseforKatalon.clickTabCanineStat("Object Repository/Canine/Filter/Sex/Female_Chkbx"): ctdc.utilities.runtestcaseforKatalon.clickTabCanineStat is PASSED

2022-04-07 11:18:02 - [MESSAGE][PASSED] - ctdc.utilities.runtestcaseforKatalon.clickTabCanineStat is PASSED

2022-04-07 11:18:02 - [TEST_STEP][PASSED] - ctdc.utilities.runtestcaseforKatalon.clickTab("Object Repository/Canine/Filter/Sex/SEX_Ddn"): ctdc.utilities.runtestcaseforKatalon.clickTab is PASSED

2022-04-07 11:18:02 - [MESSAGE][PASSED] - ctdc.utilities.runtestcaseforKatalon.clickTab is PASSED

2022-04-07 11:18:02 - [TEST_STEP][PASSED] - ctdc.utilities.runtestcaseforKatalon.readStatBarCanine("Object Repository/Canine/StatBar/Canine_StatBar-Programs", "Object Repository/Canine/StatBar/Canine_StatBar-Studies", "Object Repository/Canine/StatBar/Canine_StatBar-Cases", "Object Repository/Canine/StatBar/Canine_StatBar-Samples", "Object Repository/Canine/StatBar/Canine_StatBar-CaseFiles", "Object Repository/Canine/StatBar/Canine_StatBar-StudyFiles"): ctdc.utilities.runtestcaseforKatalon.readStatBarCanine is PASSED

2022-04-07 11:18:20 - [MESSAGE][PASSED] - ctdc.utilities.runtestcaseforKatalon.readStatBarCanine is PASSED

2022-04-07 11:18:20 - [TEST_STEP][PASSED] - waitForElementPresent(findTestObject("Object Repository/Canine/CanineResults_Cases_Tab"), 30): Object 'Object Repository/Canine/CanineResults_Cases_Tab' is present

2022-04-07 11:18:21 - [MESSAGE][PASSED] - Object 'Object Repository/Canine/CanineResults_Cases_Tab' is present

2022-04-07 11:18:21 - [TEST_STEP][PASSED] - verifyElementPresent(findTestObject("Object Repository/Canine/CanineResults_Cases_Tab"), 5): Object 'Object Repository/Canine/CanineResults_Cases_Tab' is present

2022-04-07 11:18:21 - [MESSAGE][PASSED] - Object 'Object Repository/Canine/CanineResults_Cases_Tab' is present

2022-04-07 11:18:21 - [TEST_STEP][PASSED] - ctdc.utilities.runtestcaseforKatalon.clickTab("Object Repository/Canine/CanineResults_Cases_Tab"): ctdc.utilities.runtestcaseforKatalon.clickTab is PASSED

2022-04-07 11:18:21 - [MESSAGE][PASSED] - ctdc.utilities.runtestcaseforKatalon.clickTab is PASSED

2022-04-07 11:18:21 - [TEST_STEP][PASSED] - ctdc.utilities.runtestcaseforKatalon.multiFunction("ICDC", G_StatBar_Cases, "Object Repository/Canine/Canine_CasesTable", "Object Repository/Canine/Canine_TableHeader", "Object Repository/Canine/Canine_CasesTabNextBtn", G_WebTabnameCases, G_CypherTabnameCases, G_QueryCasesTab): Statbar Study Files count matches

2022-04-07 11:18:44 - [MESSAGE][PASSED] - Statbar Programs count matches

2022-04-07 11:18:44 - [MESSAGE][PASSED] - Statbar Studies count matches

2022-04-07 11:18:44 - [MESSAGE][PASSED] - Statbar Cases count matches

2022-04-07 11:18:44 - [MESSAGE][PASSED] - Statbar Samples count matches

2022-04-07 11:18:44 - [MESSAGE][PASSED] - Statbar Case Files count matches

2022-04-07 11:18:44 - [MESSAGE][PASSED] - Statbar Study Files count matches

2022-04-07 11:18:44 - [TEST_STEP][PASSED] - waitForElementPresent(findTestObject("Object Repository/Canine/CanineResults_Samples_Tab"), 30): Object 'Object Repository/Canine/CanineResults_Samples_Tab' is present

2022-04-07 11:18:44 - [MESSAGE][PASSED] - Object 'Object Repository/Canine/CanineResults_Samples_Tab' is present

2022-04-07 11:18:44 - [TEST_STEP][PASSED] - verifyElementPresent(findTestObject("Object Repository/Canine/CanineResults_Samples_Tab"), 5): Object 'Object Repository/Canine/CanineResults_Samples_Tab' is present

2022-04-07 11:18:44 - [MESSAGE][PASSED] - Object 'Object Repository/Canine/CanineResults_Samples_Tab' is present

2022-04-07 11:18:44 - [TEST_STEP][PASSED] - ctdc.utilities.runtestcaseforKatalon.clickTab("Object Repository/Canine/CanineResults_Samples_Tab"): ctdc.utilities.runtestcaseforKatalon.clickTab is PASSED

2022-04-07 11:18:45 - [MESSAGE][PASSED] - ctdc.utilities.runtestcaseforKatalon.clickTab is PASSED

2022-04-07 11:18:45 - [TEST_STEP][PASSED] - ctdc.utilities.runtestcaseforKatalon.multiFunction("ICDC", G_StatBar_Samples, "Object Repository/Canine/Canine_Samples_Table", "Object Repository/Canine/Canine_Samples_TableHdr", "Object Repository/Canine/Canine_SamplesTabNextBtn", G_WebTabnameSamples, G_CypherTabnameSamples, G_QuerySamplesTab): Statbar Study Files count matches

2022-04-07 11:19:16 - [MESSAGE][PASSED] - Statbar Programs count matches

2022-04-07 11:19:16 - [MESSAGE][PASSED] - Statbar Studies count matches

2022-04-07 11:19:16 - [MESSAGE][PASSED] - Statbar Cases count matches

2022-04-07 11:19:16 - [MESSAGE][PASSED] - Statbar Samples count matches

2022-04-07 11:19:16 - [MESSAGE][PASSED] - Statbar Case Files count matches

2022-04-07 11:19:16 - [MESSAGE][PASSED] - Statbar Study Files count matches]]></system-out>
         <system-err><![CDATA[]]></system-err>
      </testcase>
      <testcase name="Test Cases/Canine_TestCases/StudyCombinations/Study-Combinations-OSA01/TC06_Canine_StudyOSA01-StageofDise_NeuteredStatus_ Samptype_SampSite" time="203.52" classname="Test Cases/Canine_TestCases/StudyCombinations/Study-Combinations-OSA01/TC06_Canine_StudyOSA01-StageofDise_NeuteredStatus_ Samptype_SampSite" status="PASSED">
         <system-out><![CDATA[2022-04-07 11:19:16 - [TEST_CASE][PASSED] - Test Cases/Canine_TestCases/StudyCombinations/Study-Combinations-OSA01/TC06_Canine_StudyOSA01-StageofDise_NeuteredStatus_ Samptype_SampSite: Test Cases/Canine_TestCases/StudyCombinations/Study-Combinations-OSA01/TC06_Canine_StudyOSA01-StageofDise_NeuteredStatus_ Samptype_SampSite

2022-04-07 11:19:16 - [TEST_STEP][PASSED] - Start listener action : getTestScriptName: null

2022-04-07 11:19:16 - [TEST_STEP][PASSED] - TestCaseId = testCaseContext.getTestCaseId(): null

2022-04-07 11:19:16 - [TEST_STEP][PASSED] - out.println("**********this is the value of test case id string******** " + testCaseContext.getTestCaseId()): null

2022-04-07 11:19:16 - [TEST_STEP][PASSED] - G_currentTCName = TestCaseId.substring(TestCaseId.lastIndexOf("TC")): null

2022-04-07 11:19:16 - [TEST_STEP][PASSED] - out.println("This is the test case name : " + G_currentTCName): null

2022-04-07 11:19:17 - [TEST_STEP][PASSED] - closeBrowser(): Browser is closed

2022-04-07 11:19:17 - [MESSAGE][PASSED] - Browser is closed

2022-04-07 11:19:17 - [TEST_STEP][PASSED] - "Driver opened by Katalon is used in Selenium from this step.": null

2022-04-07 11:19:17 - [TEST_STEP][PASSED] - ctdc.utilities.runtestcaseforKatalon.RunKatalon("TC06_Canine_StudyOSA01-StageofDise_NeuteredStatus_ Samptype_SampSite.xlsx"): Data loaded from input file for the test case. 

2022-04-07 11:19:17 - [MESSAGE][PASSED] - Test case file loaded This is the full filepath after converting to string :C:\Users\sohilz2\Desktop\Commons_Automation\InputFiles\TC06_Canine_StudyOSA01-StageofDise_NeuteredStatus_ Samptype_SampSite.xlsx

2022-04-07 11:19:17 - [MESSAGE][INFO] - Global variable set for password file is :  C:\Users\sohilz2\Desktop\Commons_Automation\InputFiles\TC06_Canine_StudyOSA01-StageofDise_NeuteredStatus_ Samptype_SampSite.xlsx

2022-04-07 11:19:21 - [MESSAGE][PASSED] - Data loaded from input file for the test case. 

2022-04-07 11:19:37 - [TEST_STEP][PASSED] - waitForElementPresent(findTestObject("Canine/NavBar/Canine_Cases_Btn"), 20): Object 'Object Repository/Canine/NavBar/Canine_Cases_Btn' is present

2022-04-07 11:19:37 - [MESSAGE][PASSED] - Object 'Object Repository/Canine/NavBar/Canine_Cases_Btn' is present

2022-04-07 11:19:37 - [TEST_STEP][PASSED] - ctdc.utilities.runtestcaseforKatalon.clickTab("Object Repository/Canine/Canine_PopUp_Continue_Btn"): ctdc.utilities.runtestcaseforKatalon.clickTab is PASSED

2022-04-07 11:19:38 - [MESSAGE][PASSED] - ctdc.utilities.runtestcaseforKatalon.clickTab is PASSED

2022-04-07 11:19:38 - [TEST_STEP][PASSED] - out.println("Closed the popup window"): null

2022-04-07 11:19:38 - [TEST_STEP][PASSED] - waitForElementPresent(findTestObject("Canine/NavBar/Canine_Cases_Btn"), 20): Object 'Object Repository/Canine/NavBar/Canine_Cases_Btn' is present

2022-04-07 11:19:38 - [MESSAGE][PASSED] - Object 'Object Repository/Canine/NavBar/Canine_Cases_Btn' is present

2022-04-07 11:19:38 - [TEST_STEP][PASSED] - ctdc.utilities.runtestcaseforKatalon.clickTab("Canine/NavBar/Canine_Cases_Btn"): ctdc.utilities.runtestcaseforKatalon.clickTab is PASSED

2022-04-07 11:19:38 - [MESSAGE][PASSED] - ctdc.utilities.runtestcaseforKatalon.clickTab is PASSED

2022-04-07 11:19:38 - [TEST_STEP][PASSED] - waitForElementPresent(findTestObject("Object Repository/Canine/Filter/Study/Canine_Filter_Study"), 30): Object 'Object Repository/Canine/Filter/Study/Canine_Filter_Study' is present

2022-04-07 11:19:40 - [MESSAGE][PASSED] - Object 'Object Repository/Canine/Filter/Study/Canine_Filter_Study' is present

2022-04-07 11:19:40 - [TEST_STEP][PASSED] - verifyElementPresent(findTestObject("Object Repository/Canine/Filter/Study/Canine_Filter_Study"), 5): Object 'Object Repository/Canine/Filter/Study/Canine_Filter_Study' is present

2022-04-07 11:19:40 - [MESSAGE][PASSED] - Object 'Object Repository/Canine/Filter/Study/Canine_Filter_Study' is present

2022-04-07 11:19:40 - [TEST_STEP][PASSED] - ctdc.utilities.runtestcaseforKatalon.clickTab("Object Repository/Canine/Filter/Study/Canine_Filter_Study"): ctdc.utilities.runtestcaseforKatalon.clickTab is PASSED

2022-04-07 11:19:41 - [MESSAGE][PASSED] - ctdc.utilities.runtestcaseforKatalon.clickTab is PASSED

2022-04-07 11:19:41 - [TEST_STEP][PASSED] - waitForElementPresent(findTestObject("Object Repository/Canine/Filter/Study/Canine_Filter_Study-OSA01_Chkbx"), 30): Object 'Object Repository/Canine/Filter/Study/Canine_Filter_Study-OSA01_Chkbx' is present

2022-04-07 11:19:41 - [MESSAGE][PASSED] - Object 'Object Repository/Canine/Filter/Study/Canine_Filter_Study-OSA01_Chkbx' is present

2022-04-07 11:19:41 - [TEST_STEP][PASSED] - verifyElementPresent(findTestObject("Object Repository/Canine/Filter/Study/Canine_Filter_Study-OSA01_Chkbx"), 5): Object 'Object Repository/Canine/Filter/Study/Canine_Filter_Study-OSA01_Chkbx' is present

2022-04-07 11:19:42 - [MESSAGE][PASSED] - Object 'Object Repository/Canine/Filter/Study/Canine_Filter_Study-OSA01_Chkbx' is present

2022-04-07 11:19:42 - [TEST_STEP][PASSED] - ctdc.utilities.runtestcaseforKatalon.clickTab("Object Repository/Canine/Filter/Study/Canine_Filter_Study-OSA01_Chkbx"): ctdc.utilities.runtestcaseforKatalon.clickTab is PASSED

2022-04-07 11:19:42 - [MESSAGE][PASSED] - ctdc.utilities.runtestcaseforKatalon.clickTab is PASSED

2022-04-07 11:19:42 - [TEST_STEP][PASSED] - Thread.sleep(2000): null

2022-04-07 11:19:44 - [TEST_STEP][PASSED] - waitForElementPresent(findTestObject("Object Repository/Canine/Filter/StageOfDisease/STAGEOFDISEASE_Ddn"), 30): Object 'Object Repository/Canine/Filter/StageOfDisease/STAGEOFDISEASE_Ddn' is present

2022-04-07 11:19:44 - [MESSAGE][PASSED] - Object 'Object Repository/Canine/Filter/StageOfDisease/STAGEOFDISEASE_Ddn' is present

2022-04-07 11:19:44 - [TEST_STEP][PASSED] - verifyElementPresent(findTestObject("Object Repository/Canine/Filter/StageOfDisease/STAGEOFDISEASE_Ddn"), 5): Object 'Object Repository/Canine/Filter/StageOfDisease/STAGEOFDISEASE_Ddn' is present

2022-04-07 11:19:44 - [MESSAGE][PASSED] - Object 'Object Repository/Canine/Filter/StageOfDisease/STAGEOFDISEASE_Ddn' is present

2022-04-07 11:19:44 - [TEST_STEP][PASSED] - ctdc.utilities.runtestcaseforKatalon.clickTabCanineStat("Object Repository/Canine/Filter/StageOfDisease/STAGEOFDISEASE_Ddn"): ctdc.utilities.runtestcaseforKatalon.clickTabCanineStat is PASSED

2022-04-07 11:19:46 - [MESSAGE][PASSED] - ctdc.utilities.runtestcaseforKatalon.clickTabCanineStat is PASSED

2022-04-07 11:19:46 - [TEST_STEP][PASSED] - waitForElementPresent(findTestObject("Object Repository/Canine/Filter/StageOfDisease/2_Chkbx"), 30): Object 'Object Repository/Canine/Filter/StageOfDisease/2_Chkbx' is present

2022-04-07 11:19:46 - [MESSAGE][PASSED] - Object 'Object Repository/Canine/Filter/StageOfDisease/2_Chkbx' is present

2022-04-07 11:19:46 - [TEST_STEP][PASSED] - verifyElementPresent(findTestObject("Object Repository/Canine/Filter/StageOfDisease/2_Chkbx"), 5): Object 'Object Repository/Canine/Filter/StageOfDisease/2_Chkbx' is present

2022-04-07 11:19:46 - [MESSAGE][PASSED] - Object 'Object Repository/Canine/Filter/StageOfDisease/2_Chkbx' is present

2022-04-07 11:19:46 - [TEST_STEP][PASSED] - waitForElementClickable(findTestObject("Object Repository/Canine/Filter/StageOfDisease/2_Chkbx"), 30): Object 'Object Repository/Canine/Filter/StageOfDisease/2_Chkbx' is clickable

2022-04-07 11:19:46 - [MESSAGE][PASSED] - Object 'Object Repository/Canine/Filter/StageOfDisease/2_Chkbx' is clickable

2022-04-07 11:19:46 - [TEST_STEP][PASSED] - waitForElementPresent(findTestObject("Object Repository/Canine/Filter/NeuteredStatus/NEUTEREDSTATUS_Ddn"), 30): Object 'Object Repository/Canine/Filter/NeuteredStatus/NEUTEREDSTATUS_Ddn' is present

2022-04-07 11:19:46 - [MESSAGE][PASSED] - Object 'Object Repository/Canine/Filter/NeuteredStatus/NEUTEREDSTATUS_Ddn' is present

2022-04-07 11:19:46 - [TEST_STEP][PASSED] - verifyElementPresent(findTestObject("Object Repository/Canine/Filter/NeuteredStatus/NEUTEREDSTATUS_Ddn"), 5): Object 'Object Repository/Canine/Filter/NeuteredStatus/NEUTEREDSTATUS_Ddn' is present

2022-04-07 11:19:46 - [MESSAGE][PASSED] - Object 'Object Repository/Canine/Filter/NeuteredStatus/NEUTEREDSTATUS_Ddn' is present

2022-04-07 11:19:46 - [TEST_STEP][PASSED] - ctdc.utilities.runtestcaseforKatalon.clickTabCanineStat("Object Repository/Canine/Filter/NeuteredStatus/NEUTEREDSTATUS_Ddn"): ctdc.utilities.runtestcaseforKatalon.clickTabCanineStat is PASSED

2022-04-07 11:19:48 - [MESSAGE][PASSED] - ctdc.utilities.runtestcaseforKatalon.clickTabCanineStat is PASSED

2022-04-07 11:19:48 - [TEST_STEP][PASSED] - Thread.sleep(1000): null

2022-04-07 11:19:49 - [TEST_STEP][PASSED] - waitForElementPresent(findTestObject("Object Repository/Canine/Filter/NeuteredStatus/Yes_Chkbx"), 30): Object 'Object Repository/Canine/Filter/NeuteredStatus/Yes_Chkbx' is present

2022-04-07 11:19:49 - [MESSAGE][PASSED] - Object 'Object Repository/Canine/Filter/NeuteredStatus/Yes_Chkbx' is present

2022-04-07 11:19:49 - [TEST_STEP][PASSED] - verifyElementPresent(findTestObject("Object Repository/Canine/Filter/NeuteredStatus/Yes_Chkbx"), 5): Object 'Object Repository/Canine/Filter/NeuteredStatus/Yes_Chkbx' is present

2022-04-07 11:19:49 - [MESSAGE][PASSED] - Object 'Object Repository/Canine/Filter/NeuteredStatus/Yes_Chkbx' is present

2022-04-07 11:19:49 - [TEST_STEP][PASSED] - waitForElementClickable(findTestObject("Object Repository/Canine/Filter/NeuteredStatus/Yes_Chkbx"), 30): Object 'Object Repository/Canine/Filter/NeuteredStatus/Yes_Chkbx' is clickable

2022-04-07 11:19:49 - [MESSAGE][PASSED] - Object 'Object Repository/Canine/Filter/NeuteredStatus/Yes_Chkbx' is clickable

2022-04-07 11:19:49 - [TEST_STEP][PASSED] - ctdc.utilities.runtestcaseforKatalon.clickTabCanineStat("Object Repository/Canine/Filter/NeuteredStatus/Yes_Chkbx"): ctdc.utilities.runtestcaseforKatalon.clickTabCanineStat is PASSED

2022-04-07 11:19:51 - [MESSAGE][PASSED] - ctdc.utilities.runtestcaseforKatalon.clickTabCanineStat is PASSED

2022-04-07 11:19:51 - [TEST_STEP][PASSED] - ctdc.utilities.runtestcaseforKatalon.clickTab("Object Repository/Canine/Filter/NeuteredStatus/NEUTEREDSTATUS_Ddn"): ctdc.utilities.runtestcaseforKatalon.clickTab is PASSED

2022-04-07 11:19:51 - [MESSAGE][PASSED] - ctdc.utilities.runtestcaseforKatalon.clickTab is PASSED

2022-04-07 11:19:51 - [TEST_STEP][PASSED] - waitForElementPresent(findTestObject("Object Repository/Canine/Filter/SampleType/SAMPLETYPE_Ddn"), 30): Object 'Object Repository/Canine/Filter/SampleType/SAMPLETYPE_Ddn' is present

2022-04-07 11:19:51 - [MESSAGE][PASSED] - Object 'Object Repository/Canine/Filter/SampleType/SAMPLETYPE_Ddn' is present

2022-04-07 11:19:51 - [TEST_STEP][PASSED] - verifyElementPresent(findTestObject("Object Repository/Canine/Filter/SampleType/SAMPLETYPE_Ddn"), 5): Object 'Object Repository/Canine/Filter/SampleType/SAMPLETYPE_Ddn' is present

2022-04-07 11:19:51 - [MESSAGE][PASSED] - Object 'Object Repository/Canine/Filter/SampleType/SAMPLETYPE_Ddn' is present

2022-04-07 11:19:51 - [TEST_STEP][PASSED] - ctdc.utilities.runtestcaseforKatalon.clickTabCanineStat("Object Repository/Canine/Filter/SampleType/SAMPLETYPE_Ddn"): ctdc.utilities.runtestcaseforKatalon.clickTabCanineStat is PASSED

2022-04-07 11:19:53 - [MESSAGE][PASSED] - ctdc.utilities.runtestcaseforKatalon.clickTabCanineStat is PASSED

2022-04-07 11:19:53 - [TEST_STEP][PASSED] - Thread.sleep(1000): null

2022-04-07 11:19:54 - [TEST_STEP][PASSED] - waitForElementPresent(findTestObject("Object Repository/Canine/Filter/SampleType/NormalTissue_Chkbx"), 30): Object 'Object Repository/Canine/Filter/SampleType/NormalTissue_Chkbx' is present

2022-04-07 11:19:54 - [MESSAGE][PASSED] - Object 'Object Repository/Canine/Filter/SampleType/NormalTissue_Chkbx' is present

2022-04-07 11:19:54 - [TEST_STEP][PASSED] - verifyElementPresent(findTestObject("Object Repository/Canine/Filter/SampleType/NormalTissue_Chkbx"), 5): Object 'Object Repository/Canine/Filter/SampleType/NormalTissue_Chkbx' is present

2022-04-07 11:19:54 - [MESSAGE][PASSED] - Object 'Object Repository/Canine/Filter/SampleType/NormalTissue_Chkbx' is present

2022-04-07 11:19:54 - [TEST_STEP][PASSED] - waitForElementClickable(findTestObject("Object Repository/Canine/Filter/SampleType/NormalTissue_Chkbx"), 30): Object 'Object Repository/Canine/Filter/SampleType/NormalTissue_Chkbx' is clickable

2022-04-07 11:19:54 - [MESSAGE][PASSED] - Object 'Object Repository/Canine/Filter/SampleType/NormalTissue_Chkbx' is clickable

2022-04-07 11:19:54 - [TEST_STEP][PASSED] - ctdc.utilities.runtestcaseforKatalon.clickTabCanineStat("Object Repository/Canine/Filter/SampleType/NormalTissue_Chkbx"): ctdc.utilities.runtestcaseforKatalon.clickTabCanineStat is PASSED

2022-04-07 11:19:55 - [MESSAGE][PASSED] - ctdc.utilities.runtestcaseforKatalon.clickTabCanineStat is PASSED

2022-04-07 11:19:55 - [TEST_STEP][PASSED] - ctdc.utilities.runtestcaseforKatalon.clickTab("Object Repository/Canine/Filter/SampleType/SAMPLETYPE_Ddn"): ctdc.utilities.runtestcaseforKatalon.clickTab is PASSED

2022-04-07 11:19:56 - [MESSAGE][PASSED] - ctdc.utilities.runtestcaseforKatalon.clickTab is PASSED

2022-04-07 11:19:56 - [TEST_STEP][PASSED] - waitForElementPresent(findTestObject("Object Repository/Canine/Filter/SampleSite/SAMPLE_SITE_Ddn"), 30): Object 'Object Repository/Canine/Filter/SampleSite/SAMPLE_SITE_Ddn' is present

2022-04-07 11:19:56 - [MESSAGE][PASSED] - Object 'Object Repository/Canine/Filter/SampleSite/SAMPLE_SITE_Ddn' is present

2022-04-07 11:19:56 - [TEST_STEP][PASSED] - verifyElementPresent(findTestObject("Object Repository/Canine/Filter/SampleSite/SAMPLE_SITE_Ddn"), 5): Object 'Object Repository/Canine/Filter/SampleSite/SAMPLE_SITE_Ddn' is present

2022-04-07 11:19:56 - [MESSAGE][PASSED] - Object 'Object Repository/Canine/Filter/SampleSite/SAMPLE_SITE_Ddn' is present

2022-04-07 11:19:56 - [TEST_STEP][PASSED] - ctdc.utilities.runtestcaseforKatalon.clickTabCanineStat("Object Repository/Canine/Filter/SampleSite/SAMPLE_SITE_Ddn"): ctdc.utilities.runtestcaseforKatalon.clickTabCanineStat is PASSED

2022-04-07 11:19:58 - [MESSAGE][PASSED] - ctdc.utilities.runtestcaseforKatalon.clickTabCanineStat is PASSED

2022-04-07 11:19:58 - [TEST_STEP][PASSED] - Thread.sleep(1000): null

2022-04-07 11:19:59 - [TEST_STEP][PASSED] - waitForElementPresent(findTestObject("Object Repository/Canine/Filter/SampleSite/Muscle_Chkbx"), 30): Object 'Object Repository/Canine/Filter/SampleSite/Muscle_Chkbx' is present

2022-04-07 11:19:59 - [MESSAGE][PASSED] - Object 'Object Repository/Canine/Filter/SampleSite/Muscle_Chkbx' is present

2022-04-07 11:19:59 - [TEST_STEP][PASSED] - verifyElementPresent(findTestObject("Object Repository/Canine/Filter/SampleSite/Muscle_Chkbx"), 5): Object 'Object Repository/Canine/Filter/SampleSite/Muscle_Chkbx' is present

2022-04-07 11:19:59 - [MESSAGE][PASSED] - Object 'Object Repository/Canine/Filter/SampleSite/Muscle_Chkbx' is present

2022-04-07 11:19:59 - [TEST_STEP][PASSED] - waitForElementClickable(findTestObject("Object Repository/Canine/Filter/SampleSite/Muscle_Chkbx"), 30): Object 'Object Repository/Canine/Filter/SampleSite/Muscle_Chkbx' is clickable

2022-04-07 11:19:59 - [MESSAGE][PASSED] - Object 'Object Repository/Canine/Filter/SampleSite/Muscle_Chkbx' is clickable

2022-04-07 11:19:59 - [TEST_STEP][PASSED] - ctdc.utilities.runtestcaseforKatalon.clickTabCanineStat("Object Repository/Canine/Filter/SampleSite/Muscle_Chkbx"): ctdc.utilities.runtestcaseforKatalon.clickTabCanineStat is PASSED

2022-04-07 11:20:00 - [MESSAGE][PASSED] - ctdc.utilities.runtestcaseforKatalon.clickTabCanineStat is PASSED

2022-04-07 11:20:00 - [TEST_STEP][PASSED] - ctdc.utilities.runtestcaseforKatalon.clickTab("Object Repository/Canine/Filter/SampleSite/SAMPLE_SITE_Ddn"): ctdc.utilities.runtestcaseforKatalon.clickTab is PASSED

2022-04-07 11:20:01 - [MESSAGE][PASSED] - ctdc.utilities.runtestcaseforKatalon.clickTab is PASSED

2022-04-07 11:20:01 - [TEST_STEP][PASSED] - ctdc.utilities.runtestcaseforKatalon.readStatBarCanine("Object Repository/Canine/StatBar/Canine_StatBar-Programs", "Object Repository/Canine/StatBar/Canine_StatBar-Studies", "Object Repository/Canine/StatBar/Canine_StatBar-Cases", "Object Repository/Canine/StatBar/Canine_StatBar-Samples", "Object Repository/Canine/StatBar/Canine_StatBar-CaseFiles", "Object Repository/Canine/StatBar/Canine_StatBar-StudyFiles"): ctdc.utilities.runtestcaseforKatalon.readStatBarCanine is PASSED

2022-04-07 11:20:19 - [MESSAGE][PASSED] - ctdc.utilities.runtestcaseforKatalon.readStatBarCanine is PASSED

2022-04-07 11:20:19 - [TEST_STEP][PASSED] - waitForElementPresent(findTestObject("Object Repository/Canine/CanineResults_Cases_Tab"), 30): Object 'Object Repository/Canine/CanineResults_Cases_Tab' is present

2022-04-07 11:20:19 - [MESSAGE][PASSED] - Object 'Object Repository/Canine/CanineResults_Cases_Tab' is present

2022-04-07 11:20:19 - [TEST_STEP][PASSED] - verifyElementPresent(findTestObject("Object Repository/Canine/CanineResults_Cases_Tab"), 5): Object 'Object Repository/Canine/CanineResults_Cases_Tab' is present

2022-04-07 11:20:19 - [MESSAGE][PASSED] - Object 'Object Repository/Canine/CanineResults_Cases_Tab' is present

2022-04-07 11:20:19 - [TEST_STEP][PASSED] - ctdc.utilities.runtestcaseforKatalon.clickTab("Object Repository/Canine/CanineResults_Cases_Tab"): ctdc.utilities.runtestcaseforKatalon.clickTab is PASSED

2022-04-07 11:20:19 - [MESSAGE][PASSED] - ctdc.utilities.runtestcaseforKatalon.clickTab is PASSED

2022-04-07 11:20:19 - [TEST_STEP][PASSED] - ctdc.utilities.runtestcaseforKatalon.multiFunction("ICDC", G_StatBar_Cases, "Object Repository/Canine/Canine_CasesTable", "Object Repository/Canine/Canine_TableHeader", "Object Repository/Canine/Canine_CasesTabNextBtn", G_WebTabnameCases, G_CypherTabnameCases, G_QueryCasesTab): Statbar Study Files count matches

2022-04-07 11:21:27 - [MESSAGE][PASSED] - Statbar Programs count matches

2022-04-07 11:21:27 - [MESSAGE][PASSED] - Statbar Studies count matches

2022-04-07 11:21:27 - [MESSAGE][PASSED] - Statbar Cases count matches

2022-04-07 11:21:27 - [MESSAGE][PASSED] - Statbar Samples count matches

2022-04-07 11:21:27 - [MESSAGE][PASSED] - Statbar Case Files count matches

2022-04-07 11:21:27 - [MESSAGE][PASSED] - Statbar Study Files count matches

2022-04-07 11:21:27 - [TEST_STEP][PASSED] - waitForElementPresent(findTestObject("Object Repository/Canine/CanineResults_Samples_Tab"), 30): Object 'Object Repository/Canine/CanineResults_Samples_Tab' is present

2022-04-07 11:21:27 - [MESSAGE][PASSED] - Object 'Object Repository/Canine/CanineResults_Samples_Tab' is present

2022-04-07 11:21:27 - [TEST_STEP][PASSED] - verifyElementPresent(findTestObject("Object Repository/Canine/CanineResults_Samples_Tab"), 5): Object 'Object Repository/Canine/CanineResults_Samples_Tab' is present

2022-04-07 11:21:27 - [MESSAGE][PASSED] - Object 'Object Repository/Canine/CanineResults_Samples_Tab' is present

2022-04-07 11:21:27 - [TEST_STEP][PASSED] - ctdc.utilities.runtestcaseforKatalon.clickTab("Object Repository/Canine/CanineResults_Samples_Tab"): ctdc.utilities.runtestcaseforKatalon.clickTab is PASSED

2022-04-07 11:21:28 - [MESSAGE][PASSED] - ctdc.utilities.runtestcaseforKatalon.clickTab is PASSED

2022-04-07 11:21:28 - [TEST_STEP][PASSED] - ctdc.utilities.runtestcaseforKatalon.multiFunction("ICDC", G_StatBar_Samples, "Object Repository/Canine/Canine_Samples_Table", "Object Repository/Canine/Canine_Samples_TableHdr", "Object Repository/Canine/Canine_SamplesTabNextBtn", G_WebTabnameSamples, G_CypherTabnameSamples, G_QuerySamplesTab): Statbar Study Files count matches

2022-04-07 11:22:39 - [MESSAGE][PASSED] - Statbar Programs count matches

2022-04-07 11:22:39 - [MESSAGE][PASSED] - Statbar Studies count matches

2022-04-07 11:22:39 - [MESSAGE][PASSED] - Statbar Cases count matches

2022-04-07 11:22:39 - [MESSAGE][PASSED] - Statbar Samples count matches

2022-04-07 11:22:39 - [MESSAGE][PASSED] - Statbar Case Files count matches

2022-04-07 11:22:39 - [MESSAGE][PASSED] - Statbar Study Files count matches]]></system-out>
         <system-err><![CDATA[]]></system-err>
      </testcase>
      <testcase name="Test Cases/Canine_TestCases/StudyCombinations/Study-Combinations-OSA01/TC07_Canine_StudyOSA01-Breed_SampType_Metastatic Tumor" time="93.767" classname="Test Cases/Canine_TestCases/StudyCombinations/Study-Combinations-OSA01/TC07_Canine_StudyOSA01-Breed_SampType_Metastatic Tumor" status="PASSED">
         <system-out><![CDATA[2022-04-07 11:22:39 - [TEST_CASE][PASSED] - Test Cases/Canine_TestCases/StudyCombinations/Study-Combinations-OSA01/TC07_Canine_StudyOSA01-Breed_SampType_Metastatic Tumor: Test Cases/Canine_TestCases/StudyCombinations/Study-Combinations-OSA01/TC07_Canine_StudyOSA01-Breed_SampType_Metastatic Tumor

2022-04-07 11:22:39 - [TEST_STEP][PASSED] - Start listener action : getTestScriptName: null

2022-04-07 11:22:39 - [TEST_STEP][PASSED] - TestCaseId = testCaseContext.getTestCaseId(): null

2022-04-07 11:22:39 - [TEST_STEP][PASSED] - out.println("**********this is the value of test case id string******** " + testCaseContext.getTestCaseId()): null

2022-04-07 11:22:39 - [TEST_STEP][PASSED] - G_currentTCName = TestCaseId.substring(TestCaseId.lastIndexOf("TC")): null

2022-04-07 11:22:39 - [TEST_STEP][PASSED] - out.println("This is the test case name : " + G_currentTCName): null

2022-04-07 11:22:40 - [TEST_STEP][PASSED] - closeBrowser(): Browser is closed

2022-04-07 11:22:41 - [MESSAGE][PASSED] - Browser is closed

2022-04-07 11:22:41 - [TEST_STEP][PASSED] - "Driver opened by Katalon is used in Selenium from this step.": null

2022-04-07 11:22:41 - [TEST_STEP][PASSED] - ctdc.utilities.runtestcaseforKatalon.RunKatalon("TC07_Canine_StudyOSA01-Breed_SampType_Metastatic Tumor.xlsx"): Data loaded from input file for the test case. 

2022-04-07 11:22:41 - [MESSAGE][PASSED] - Test case file loaded This is the full filepath after converting to string :C:\Users\sohilz2\Desktop\Commons_Automation\InputFiles\TC07_Canine_StudyOSA01-Breed_SampType_Metastatic Tumor.xlsx

2022-04-07 11:22:41 - [MESSAGE][INFO] - Global variable set for password file is :  C:\Users\sohilz2\Desktop\Commons_Automation\InputFiles\TC07_Canine_StudyOSA01-Breed_SampType_Metastatic Tumor.xlsx

2022-04-07 11:22:45 - [MESSAGE][PASSED] - Data loaded from input file for the test case. 

2022-04-07 11:22:57 - [TEST_STEP][PASSED] - waitForElementPresent(findTestObject("Canine/NavBar/Canine_Cases_Btn"), 20): Object 'Object Repository/Canine/NavBar/Canine_Cases_Btn' is present

2022-04-07 11:22:57 - [MESSAGE][PASSED] - Object 'Object Repository/Canine/NavBar/Canine_Cases_Btn' is present

2022-04-07 11:22:57 - [TEST_STEP][PASSED] - ctdc.utilities.runtestcaseforKatalon.clickTab("Object Repository/Canine/Canine_PopUp_Continue_Btn"): ctdc.utilities.runtestcaseforKatalon.clickTab is PASSED

2022-04-07 11:22:57 - [MESSAGE][PASSED] - ctdc.utilities.runtestcaseforKatalon.clickTab is PASSED

2022-04-07 11:22:57 - [TEST_STEP][PASSED] - out.println("Closed the popup window"): null

2022-04-07 11:22:57 - [TEST_STEP][PASSED] - waitForElementPresent(findTestObject("Canine/NavBar/Canine_Cases_Btn"), 20): Object 'Object Repository/Canine/NavBar/Canine_Cases_Btn' is present

2022-04-07 11:22:57 - [MESSAGE][PASSED] - Object 'Object Repository/Canine/NavBar/Canine_Cases_Btn' is present

2022-04-07 11:22:58 - [TEST_STEP][PASSED] - ctdc.utilities.runtestcaseforKatalon.clickTab("Canine/NavBar/Canine_Cases_Btn"): ctdc.utilities.runtestcaseforKatalon.clickTab is PASSED

2022-04-07 11:22:58 - [MESSAGE][PASSED] - ctdc.utilities.runtestcaseforKatalon.clickTab is PASSED

2022-04-07 11:22:58 - [TEST_STEP][PASSED] - waitForElementPresent(findTestObject("Object Repository/Canine/Filter/Study/Canine_Filter_Study"), 30): Object 'Object Repository/Canine/Filter/Study/Canine_Filter_Study' is present

2022-04-07 11:22:59 - [MESSAGE][PASSED] - Object 'Object Repository/Canine/Filter/Study/Canine_Filter_Study' is present

2022-04-07 11:22:59 - [TEST_STEP][PASSED] - verifyElementPresent(findTestObject("Object Repository/Canine/Filter/Study/Canine_Filter_Study"), 5): Object 'Object Repository/Canine/Filter/Study/Canine_Filter_Study' is present

2022-04-07 11:23:00 - [MESSAGE][PASSED] - Object 'Object Repository/Canine/Filter/Study/Canine_Filter_Study' is present

2022-04-07 11:23:00 - [TEST_STEP][PASSED] - ctdc.utilities.runtestcaseforKatalon.clickTab("Object Repository/Canine/Filter/Study/Canine_Filter_Study"): ctdc.utilities.runtestcaseforKatalon.clickTab is PASSED

2022-04-07 11:23:00 - [MESSAGE][PASSED] - ctdc.utilities.runtestcaseforKatalon.clickTab is PASSED

2022-04-07 11:23:00 - [TEST_STEP][PASSED] - waitForElementPresent(findTestObject("Object Repository/Canine/Filter/Study/Canine_Filter_Study-OSA01_Chkbx"), 30): Object 'Object Repository/Canine/Filter/Study/Canine_Filter_Study-OSA01_Chkbx' is present

2022-04-07 11:23:00 - [MESSAGE][PASSED] - Object 'Object Repository/Canine/Filter/Study/Canine_Filter_Study-OSA01_Chkbx' is present

2022-04-07 11:23:00 - [TEST_STEP][PASSED] - verifyElementPresent(findTestObject("Object Repository/Canine/Filter/Study/Canine_Filter_Study-OSA01_Chkbx"), 5): Object 'Object Repository/Canine/Filter/Study/Canine_Filter_Study-OSA01_Chkbx' is present

2022-04-07 11:23:01 - [MESSAGE][PASSED] - Object 'Object Repository/Canine/Filter/Study/Canine_Filter_Study-OSA01_Chkbx' is present

2022-04-07 11:23:01 - [TEST_STEP][PASSED] - ctdc.utilities.runtestcaseforKatalon.clickTab("Object Repository/Canine/Filter/Study/Canine_Filter_Study-OSA01_Chkbx"): ctdc.utilities.runtestcaseforKatalon.clickTab is PASSED

2022-04-07 11:23:01 - [MESSAGE][PASSED] - ctdc.utilities.runtestcaseforKatalon.clickTab is PASSED

2022-04-07 11:23:01 - [TEST_STEP][PASSED] - waitForElementPresent(findTestObject("Object Repository/Canine/Filter/Breed/BREED_Ddn"), 30): Object 'Object Repository/Canine/Filter/Breed/BREED_Ddn' is present

2022-04-07 11:23:01 - [MESSAGE][PASSED] - Object 'Object Repository/Canine/Filter/Breed/BREED_Ddn' is present

2022-04-07 11:23:01 - [TEST_STEP][PASSED] - verifyElementPresent(findTestObject("Object Repository/Canine/Filter/Breed/BREED_Ddn"), 5): Object 'Object Repository/Canine/Filter/Breed/BREED_Ddn' is present

2022-04-07 11:23:02 - [MESSAGE][PASSED] - Object 'Object Repository/Canine/Filter/Breed/BREED_Ddn' is present

2022-04-07 11:23:02 - [TEST_STEP][PASSED] - ctdc.utilities.runtestcaseforKatalon.clickTabCanineStat("Object Repository/Canine/Filter/Breed/BREED_Ddn"): ctdc.utilities.runtestcaseforKatalon.clickTabCanineStat is PASSED

2022-04-07 11:23:04 - [MESSAGE][PASSED] - ctdc.utilities.runtestcaseforKatalon.clickTabCanineStat is PASSED

2022-04-07 11:23:04 - [TEST_STEP][PASSED] - Thread.sleep(2000): null

2022-04-07 11:23:06 - [TEST_STEP][PASSED] - waitForElementPresent(findTestObject("Object Repository/Canine/Filter/Breed/GreatPyrenees_Chkbx"), 30): Object 'Object Repository/Canine/Filter/Breed/GreatPyrenees_Chkbx' is present

2022-04-07 11:23:06 - [MESSAGE][PASSED] - Object 'Object Repository/Canine/Filter/Breed/GreatPyrenees_Chkbx' is present

2022-04-07 11:23:06 - [TEST_STEP][PASSED] - verifyElementPresent(findTestObject("Object Repository/Canine/Filter/Breed/GreatPyrenees_Chkbx"), 5): Object 'Object Repository/Canine/Filter/Breed/GreatPyrenees_Chkbx' is present

2022-04-07 11:23:06 - [MESSAGE][PASSED] - Object 'Object Repository/Canine/Filter/Breed/GreatPyrenees_Chkbx' is present

2022-04-07 11:23:06 - [TEST_STEP][PASSED] - ctdc.utilities.runtestcaseforKatalon.clickTabCanineStat("Object Repository/Canine/Filter/Breed/GreatPyrenees_Chkbx"): ctdc.utilities.runtestcaseforKatalon.clickTabCanineStat is PASSED

2022-04-07 11:23:07 - [MESSAGE][PASSED] - ctdc.utilities.runtestcaseforKatalon.clickTabCanineStat is PASSED

2022-04-07 11:23:07 - [TEST_STEP][PASSED] - ctdc.utilities.runtestcaseforKatalon.clickTab("Object Repository/Canine/Filter/Breed/BREED_Ddn"): ctdc.utilities.runtestcaseforKatalon.clickTab is PASSED

2022-04-07 11:23:08 - [MESSAGE][PASSED] - ctdc.utilities.runtestcaseforKatalon.clickTab is PASSED

2022-04-07 11:23:08 - [TEST_STEP][PASSED] - Thread.sleep(2000): null

2022-04-07 11:23:10 - [TEST_STEP][PASSED] - waitForElementPresent(findTestObject("Object Repository/Canine/Filter/SampleType/SAMPLETYPE_Ddn"), 30): Object 'Object Repository/Canine/Filter/SampleType/SAMPLETYPE_Ddn' is present

2022-04-07 11:23:10 - [MESSAGE][PASSED] - Object 'Object Repository/Canine/Filter/SampleType/SAMPLETYPE_Ddn' is present

2022-04-07 11:23:10 - [TEST_STEP][PASSED] - verifyElementPresent(findTestObject("Object Repository/Canine/Filter/SampleType/SAMPLETYPE_Ddn"), 5): Object 'Object Repository/Canine/Filter/SampleType/SAMPLETYPE_Ddn' is present

2022-04-07 11:23:10 - [MESSAGE][PASSED] - Object 'Object Repository/Canine/Filter/SampleType/SAMPLETYPE_Ddn' is present

2022-04-07 11:23:10 - [TEST_STEP][PASSED] - ctdc.utilities.runtestcaseforKatalon.clickTabCanineStat("Object Repository/Canine/Filter/SampleType/SAMPLETYPE_Ddn"): ctdc.utilities.runtestcaseforKatalon.clickTabCanineStat is PASSED

2022-04-07 11:23:11 - [MESSAGE][PASSED] - ctdc.utilities.runtestcaseforKatalon.clickTabCanineStat is PASSED

2022-04-07 11:23:11 - [TEST_STEP][PASSED] - waitForElementPresent(findTestObject("Object Repository/Canine/Filter/SampleType/MetastaticTumorTissue_Chbx"), 30): Object 'Object Repository/Canine/Filter/SampleType/MetastaticTumorTissue_Chbx' is present

2022-04-07 11:23:11 - [MESSAGE][PASSED] - Object 'Object Repository/Canine/Filter/SampleType/MetastaticTumorTissue_Chbx' is present

2022-04-07 11:23:11 - [TEST_STEP][PASSED] - verifyElementPresent(findTestObject("Object Repository/Canine/Filter/SampleType/MetastaticTumorTissue_Chbx"), 5): Object 'Object Repository/Canine/Filter/SampleType/MetastaticTumorTissue_Chbx' is present

2022-04-07 11:23:12 - [MESSAGE][PASSED] - Object 'Object Repository/Canine/Filter/SampleType/MetastaticTumorTissue_Chbx' is present

2022-04-07 11:23:12 - [TEST_STEP][PASSED] - waitForElementClickable(findTestObject("Object Repository/Canine/Filter/SampleType/MetastaticTumorTissue_Chbx"), 30): Object 'Object Repository/Canine/Filter/SampleType/MetastaticTumorTissue_Chbx' is clickable

2022-04-07 11:23:12 - [MESSAGE][PASSED] - Object 'Object Repository/Canine/Filter/SampleType/MetastaticTumorTissue_Chbx' is clickable

2022-04-07 11:23:12 - [TEST_STEP][PASSED] - ctdc.utilities.runtestcaseforKatalon.clickTabCanineStat("Object Repository/Canine/Filter/SampleType/MetastaticTumorTissue_Chbx"): ctdc.utilities.runtestcaseforKatalon.clickTabCanineStat is PASSED

2022-04-07 11:23:13 - [MESSAGE][PASSED] - ctdc.utilities.runtestcaseforKatalon.clickTabCanineStat is PASSED

2022-04-07 11:23:13 - [TEST_STEP][PASSED] - ctdc.utilities.runtestcaseforKatalon.clickTab("Object Repository/Canine/Filter/SampleType/SAMPLETYPE_Ddn"): ctdc.utilities.runtestcaseforKatalon.clickTab is PASSED

2022-04-07 11:23:13 - [MESSAGE][PASSED] - ctdc.utilities.runtestcaseforKatalon.clickTab is PASSED

2022-04-07 11:23:13 - [TEST_STEP][PASSED] - Thread.sleep(2000): null

2022-04-07 11:23:15 - [TEST_STEP][PASSED] - ctdc.utilities.runtestcaseforKatalon.readStatBarCanine("Object Repository/Canine/StatBar/Canine_StatBar-Programs", "Object Repository/Canine/StatBar/Canine_StatBar-Studies", "Object Repository/Canine/StatBar/Canine_StatBar-Cases", "Object Repository/Canine/StatBar/Canine_StatBar-Samples", "Object Repository/Canine/StatBar/Canine_StatBar-CaseFiles", "Object Repository/Canine/StatBar/Canine_StatBar-StudyFiles"): ctdc.utilities.runtestcaseforKatalon.readStatBarCanine is PASSED

2022-04-07 11:23:33 - [MESSAGE][PASSED] - ctdc.utilities.runtestcaseforKatalon.readStatBarCanine is PASSED

2022-04-07 11:23:33 - [TEST_STEP][PASSED] - waitForElementPresent(findTestObject("Object Repository/Canine/CanineResults_Cases_Tab"), 30): Object 'Object Repository/Canine/CanineResults_Cases_Tab' is present

2022-04-07 11:23:34 - [MESSAGE][PASSED] - Object 'Object Repository/Canine/CanineResults_Cases_Tab' is present

2022-04-07 11:23:34 - [TEST_STEP][PASSED] - verifyElementPresent(findTestObject("Object Repository/Canine/CanineResults_Cases_Tab"), 5): Object 'Object Repository/Canine/CanineResults_Cases_Tab' is present

2022-04-07 11:23:34 - [MESSAGE][PASSED] - Object 'Object Repository/Canine/CanineResults_Cases_Tab' is present

2022-04-07 11:23:34 - [TEST_STEP][PASSED] - ctdc.utilities.runtestcaseforKatalon.clickTab("Object Repository/Canine/CanineResults_Cases_Tab"): ctdc.utilities.runtestcaseforKatalon.clickTab is PASSED

2022-04-07 11:23:34 - [MESSAGE][PASSED] - ctdc.utilities.runtestcaseforKatalon.clickTab is PASSED

2022-04-07 11:23:34 - [TEST_STEP][PASSED] - ctdc.utilities.runtestcaseforKatalon.multiFunction("ICDC", G_StatBar_Cases, "Object Repository/Canine/Canine_CasesTable", "Object Repository/Canine/Canine_TableHeader", "Object Repository/Canine/Canine_CasesTabNextBtn", G_WebTabnameCases, G_CypherTabnameCases, G_QueryCasesTab): Statbar Study Files count matches

2022-04-07 11:23:53 - [MESSAGE][PASSED] - Statbar Programs count matches

2022-04-07 11:23:53 - [MESSAGE][PASSED] - Statbar Studies count matches

2022-04-07 11:23:53 - [MESSAGE][PASSED] - Statbar Cases count matches

2022-04-07 11:23:53 - [MESSAGE][PASSED] - Statbar Samples count matches

2022-04-07 11:23:53 - [MESSAGE][PASSED] - Statbar Case Files count matches

2022-04-07 11:23:53 - [MESSAGE][PASSED] - Statbar Study Files count matches

2022-04-07 11:23:53 - [TEST_STEP][PASSED] - waitForElementPresent(findTestObject("Object Repository/Canine/CanineResults_Samples_Tab"), 30): Object 'Object Repository/Canine/CanineResults_Samples_Tab' is present

2022-04-07 11:23:53 - [MESSAGE][PASSED] - Object 'Object Repository/Canine/CanineResults_Samples_Tab' is present

2022-04-07 11:23:53 - [TEST_STEP][PASSED] - verifyElementPresent(findTestObject("Object Repository/Canine/CanineResults_Samples_Tab"), 5): Object 'Object Repository/Canine/CanineResults_Samples_Tab' is present

2022-04-07 11:23:53 - [MESSAGE][PASSED] - Object 'Object Repository/Canine/CanineResults_Samples_Tab' is present

2022-04-07 11:23:53 - [TEST_STEP][PASSED] - ctdc.utilities.runtestcaseforKatalon.clickTab("Object Repository/Canine/CanineResults_Samples_Tab"): ctdc.utilities.runtestcaseforKatalon.clickTab is PASSED

2022-04-07 11:23:53 - [MESSAGE][PASSED] - ctdc.utilities.runtestcaseforKatalon.clickTab is PASSED

2022-04-07 11:23:53 - [TEST_STEP][PASSED] - ctdc.utilities.runtestcaseforKatalon.multiFunction("ICDC", G_StatBar_Samples, "Object Repository/Canine/Canine_Samples_Table", "Object Repository/Canine/Canine_Samples_TableHdr", "Object Repository/Canine/Canine_SamplesTabNextBtn", G_WebTabnameSamples, G_CypherTabnameSamples, G_QuerySamplesTab): Statbar Study Files count matches

2022-04-07 11:24:13 - [MESSAGE][PASSED] - Statbar Programs count matches

2022-04-07 11:24:13 - [MESSAGE][PASSED] - Statbar Studies count matches

2022-04-07 11:24:13 - [MESSAGE][PASSED] - Statbar Cases count matches

2022-04-07 11:24:13 - [MESSAGE][PASSED] - Statbar Samples count matches

2022-04-07 11:24:13 - [MESSAGE][PASSED] - Statbar Case Files count matches

2022-04-07 11:24:13 - [MESSAGE][PASSED] - Statbar Study Files count matches]]></system-out>
         <system-err><![CDATA[]]></system-err>
      </testcase>
      <testcase name="Test Cases/Canine_TestCases/StudyCombinations/Study-Combinations-OSA01/TC08_Canine_StudyOSA01-Breed_SampType_PrimMaligTumor" time="103.835" classname="Test Cases/Canine_TestCases/StudyCombinations/Study-Combinations-OSA01/TC08_Canine_StudyOSA01-Breed_SampType_PrimMaligTumor" status="PASSED">
         <system-out><![CDATA[2022-04-07 11:24:13 - [TEST_CASE][PASSED] - Test Cases/Canine_TestCases/StudyCombinations/Study-Combinations-OSA01/TC08_Canine_StudyOSA01-Breed_SampType_PrimMaligTumor: Test Cases/Canine_TestCases/StudyCombinations/Study-Combinations-OSA01/TC08_Canine_StudyOSA01-Breed_SampType_PrimMaligTumor

2022-04-07 11:24:13 - [TEST_STEP][PASSED] - Start listener action : getTestScriptName: null

2022-04-07 11:24:13 - [TEST_STEP][PASSED] - TestCaseId = testCaseContext.getTestCaseId(): null

2022-04-07 11:24:13 - [TEST_STEP][PASSED] - out.println("**********this is the value of test case id string******** " + testCaseContext.getTestCaseId()): null

2022-04-07 11:24:13 - [TEST_STEP][PASSED] - G_currentTCName = TestCaseId.substring(TestCaseId.lastIndexOf("TC")): null

2022-04-07 11:24:13 - [TEST_STEP][PASSED] - out.println("This is the test case name : " + G_currentTCName): null

2022-04-07 11:24:14 - [TEST_STEP][PASSED] - closeBrowser(): Browser is closed

2022-04-07 11:24:14 - [MESSAGE][PASSED] - Browser is closed

2022-04-07 11:24:14 - [TEST_STEP][PASSED] - "Driver opened by Katalon is used in Selenium from this step.": null

2022-04-07 11:24:14 - [TEST_STEP][PASSED] - ctdc.utilities.runtestcaseforKatalon.RunKatalon("TC08_Canine_StudyOSA01-Breed_SampType_PrimMaligTumor.xlsx"): Data loaded from input file for the test case. 

2022-04-07 11:24:14 - [MESSAGE][PASSED] - Test case file loaded This is the full filepath after converting to string :C:\Users\sohilz2\Desktop\Commons_Automation\InputFiles\TC08_Canine_StudyOSA01-Breed_SampType_PrimMaligTumor.xlsx

2022-04-07 11:24:14 - [MESSAGE][INFO] - Global variable set for password file is :  C:\Users\sohilz2\Desktop\Commons_Automation\InputFiles\TC08_Canine_StudyOSA01-Breed_SampType_PrimMaligTumor.xlsx

2022-04-07 11:24:19 - [MESSAGE][PASSED] - Data loaded from input file for the test case. 

2022-04-07 11:24:31 - [TEST_STEP][PASSED] - waitForElementPresent(findTestObject("Canine/NavBar/Canine_Cases_Btn"), 20): Object 'Object Repository/Canine/NavBar/Canine_Cases_Btn' is present

2022-04-07 11:24:31 - [MESSAGE][PASSED] - Object 'Object Repository/Canine/NavBar/Canine_Cases_Btn' is present

2022-04-07 11:24:31 - [TEST_STEP][PASSED] - ctdc.utilities.runtestcaseforKatalon.clickTab("Object Repository/Canine/Canine_PopUp_Continue_Btn"): ctdc.utilities.runtestcaseforKatalon.clickTab is PASSED

2022-04-07 11:24:32 - [MESSAGE][PASSED] - ctdc.utilities.runtestcaseforKatalon.clickTab is PASSED

2022-04-07 11:24:32 - [TEST_STEP][PASSED] - out.println("Closed the popup window"): null

2022-04-07 11:24:32 - [TEST_STEP][PASSED] - waitForElementPresent(findTestObject("Canine/NavBar/Canine_Cases_Btn"), 20): Object 'Object Repository/Canine/NavBar/Canine_Cases_Btn' is present

2022-04-07 11:24:32 - [MESSAGE][PASSED] - Object 'Object Repository/Canine/NavBar/Canine_Cases_Btn' is present

2022-04-07 11:24:32 - [TEST_STEP][PASSED] - ctdc.utilities.runtestcaseforKatalon.clickTab("Canine/NavBar/Canine_Cases_Btn"): ctdc.utilities.runtestcaseforKatalon.clickTab is PASSED

2022-04-07 11:24:32 - [MESSAGE][PASSED] - ctdc.utilities.runtestcaseforKatalon.clickTab is PASSED

2022-04-07 11:24:32 - [TEST_STEP][PASSED] - waitForElementPresent(findTestObject("Object Repository/Canine/Filter/Study/Canine_Filter_Study"), 30): Object 'Object Repository/Canine/Filter/Study/Canine_Filter_Study' is present

2022-04-07 11:24:33 - [MESSAGE][PASSED] - Object 'Object Repository/Canine/Filter/Study/Canine_Filter_Study' is present

2022-04-07 11:24:33 - [TEST_STEP][PASSED] - verifyElementPresent(findTestObject("Object Repository/Canine/Filter/Study/Canine_Filter_Study"), 5): Object 'Object Repository/Canine/Filter/Study/Canine_Filter_Study' is present

2022-04-07 11:24:34 - [MESSAGE][PASSED] - Object 'Object Repository/Canine/Filter/Study/Canine_Filter_Study' is present

2022-04-07 11:24:34 - [TEST_STEP][PASSED] - ctdc.utilities.runtestcaseforKatalon.clickTab("Object Repository/Canine/Filter/Study/Canine_Filter_Study"): ctdc.utilities.runtestcaseforKatalon.clickTab is PASSED

2022-04-07 11:24:34 - [MESSAGE][PASSED] - ctdc.utilities.runtestcaseforKatalon.clickTab is PASSED

2022-04-07 11:24:34 - [TEST_STEP][PASSED] - waitForElementPresent(findTestObject("Object Repository/Canine/Filter/Study/Canine_Filter_Study-OSA01_Chkbx"), 30): Object 'Object Repository/Canine/Filter/Study/Canine_Filter_Study-OSA01_Chkbx' is present

2022-04-07 11:24:35 - [MESSAGE][PASSED] - Object 'Object Repository/Canine/Filter/Study/Canine_Filter_Study-OSA01_Chkbx' is present

2022-04-07 11:24:35 - [TEST_STEP][PASSED] - verifyElementPresent(findTestObject("Object Repository/Canine/Filter/Study/Canine_Filter_Study-OSA01_Chkbx"), 5): Object 'Object Repository/Canine/Filter/Study/Canine_Filter_Study-OSA01_Chkbx' is present

2022-04-07 11:24:35 - [MESSAGE][PASSED] - Object 'Object Repository/Canine/Filter/Study/Canine_Filter_Study-OSA01_Chkbx' is present

2022-04-07 11:24:35 - [TEST_STEP][PASSED] - ctdc.utilities.runtestcaseforKatalon.clickTab("Object Repository/Canine/Filter/Study/Canine_Filter_Study-OSA01_Chkbx"): ctdc.utilities.runtestcaseforKatalon.clickTab is PASSED

2022-04-07 11:24:35 - [MESSAGE][PASSED] - ctdc.utilities.runtestcaseforKatalon.clickTab is PASSED

2022-04-07 11:24:35 - [TEST_STEP][PASSED] - waitForElementPresent(findTestObject("Object Repository/Canine/Filter/Breed/BREED_Ddn"), 30): Object 'Object Repository/Canine/Filter/Breed/BREED_Ddn' is present

2022-04-07 11:24:36 - [MESSAGE][PASSED] - Object 'Object Repository/Canine/Filter/Breed/BREED_Ddn' is present

2022-04-07 11:24:36 - [TEST_STEP][PASSED] - verifyElementPresent(findTestObject("Object Repository/Canine/Filter/Breed/BREED_Ddn"), 5): Object 'Object Repository/Canine/Filter/Breed/BREED_Ddn' is present

2022-04-07 11:24:37 - [MESSAGE][PASSED] - Object 'Object Repository/Canine/Filter/Breed/BREED_Ddn' is present

2022-04-07 11:24:37 - [TEST_STEP][PASSED] - ctdc.utilities.runtestcaseforKatalon.clickTabCanineStat("Object Repository/Canine/Filter/Breed/BREED_Ddn"): ctdc.utilities.runtestcaseforKatalon.clickTabCanineStat is PASSED

2022-04-07 11:24:38 - [MESSAGE][PASSED] - ctdc.utilities.runtestcaseforKatalon.clickTabCanineStat is PASSED

2022-04-07 11:24:38 - [TEST_STEP][PASSED] - Thread.sleep(2000): null

2022-04-07 11:24:40 - [TEST_STEP][PASSED] - waitForElementPresent(findTestObject("Object Repository/Canine/Filter/Breed/OldEnglishSheepdog_Chkbx"), 30): Object 'Object Repository/Canine/Filter/Breed/OldEnglishSheepdog_Chkbx' is present

2022-04-07 11:24:40 - [MESSAGE][PASSED] - Object 'Object Repository/Canine/Filter/Breed/OldEnglishSheepdog_Chkbx' is present

2022-04-07 11:24:40 - [TEST_STEP][PASSED] - verifyElementPresent(findTestObject("Object Repository/Canine/Filter/Breed/OldEnglishSheepdog_Chkbx"), 5): Object 'Object Repository/Canine/Filter/Breed/OldEnglishSheepdog_Chkbx' is present

2022-04-07 11:24:40 - [MESSAGE][PASSED] - Object 'Object Repository/Canine/Filter/Breed/OldEnglishSheepdog_Chkbx' is present

2022-04-07 11:24:40 - [TEST_STEP][PASSED] - ctdc.utilities.runtestcaseforKatalon.clickTabCanineStat("Object Repository/Canine/Filter/Breed/OldEnglishSheepdog_Chkbx"): ctdc.utilities.runtestcaseforKatalon.clickTabCanineStat is PASSED

2022-04-07 11:24:42 - [MESSAGE][PASSED] - ctdc.utilities.runtestcaseforKatalon.clickTabCanineStat is PASSED

2022-04-07 11:24:42 - [TEST_STEP][PASSED] - ctdc.utilities.runtestcaseforKatalon.clickTab("Object Repository/Canine/Filter/Breed/BREED_Ddn"): ctdc.utilities.runtestcaseforKatalon.clickTab is PASSED

2022-04-07 11:24:42 - [MESSAGE][PASSED] - ctdc.utilities.runtestcaseforKatalon.clickTab is PASSED

2022-04-07 11:24:42 - [TEST_STEP][PASSED] - Thread.sleep(2000): null

2022-04-07 11:24:44 - [TEST_STEP][PASSED] - waitForElementPresent(findTestObject("Object Repository/Canine/Filter/SampleType/SAMPLETYPE_Ddn"), 30): Object 'Object Repository/Canine/Filter/SampleType/SAMPLETYPE_Ddn' is present

2022-04-07 11:24:44 - [MESSAGE][PASSED] - Object 'Object Repository/Canine/Filter/SampleType/SAMPLETYPE_Ddn' is present

2022-04-07 11:24:44 - [TEST_STEP][PASSED] - verifyElementPresent(findTestObject("Object Repository/Canine/Filter/SampleType/SAMPLETYPE_Ddn"), 5): Object 'Object Repository/Canine/Filter/SampleType/SAMPLETYPE_Ddn' is present

2022-04-07 11:24:44 - [MESSAGE][PASSED] - Object 'Object Repository/Canine/Filter/SampleType/SAMPLETYPE_Ddn' is present

2022-04-07 11:24:44 - [TEST_STEP][PASSED] - ctdc.utilities.runtestcaseforKatalon.clickTabCanineStat("Object Repository/Canine/Filter/SampleType/SAMPLETYPE_Ddn"): ctdc.utilities.runtestcaseforKatalon.clickTabCanineStat is PASSED

2022-04-07 11:24:46 - [MESSAGE][PASSED] - ctdc.utilities.runtestcaseforKatalon.clickTabCanineStat is PASSED

2022-04-07 11:24:46 - [TEST_STEP][PASSED] - waitForElementPresent(findTestObject("Object Repository/Canine/Filter/SampleType/PrimMaligTumTissue_Chkbx"), 30): Object 'Object Repository/Canine/Filter/SampleType/PrimMaligTumTissue_Chkbx' is present

2022-04-07 11:24:46 - [MESSAGE][PASSED] - Object 'Object Repository/Canine/Filter/SampleType/PrimMaligTumTissue_Chkbx' is present

2022-04-07 11:24:46 - [TEST_STEP][PASSED] - verifyElementPresent(findTestObject("Object Repository/Canine/Filter/SampleType/PrimMaligTumTissue_Chkbx"), 5): Object 'Object Repository/Canine/Filter/SampleType/PrimMaligTumTissue_Chkbx' is present

2022-04-07 11:24:46 - [MESSAGE][PASSED] - Object 'Object Repository/Canine/Filter/SampleType/PrimMaligTumTissue_Chkbx' is present

2022-04-07 11:24:46 - [TEST_STEP][PASSED] - waitForElementClickable(findTestObject("Object Repository/Canine/Filter/SampleType/PrimMaligTumTissue_Chkbx"), 30): Object 'Object Repository/Canine/Filter/SampleType/PrimMaligTumTissue_Chkbx' is clickable

2022-04-07 11:24:46 - [MESSAGE][PASSED] - Object 'Object Repository/Canine/Filter/SampleType/PrimMaligTumTissue_Chkbx' is clickable

2022-04-07 11:24:46 - [TEST_STEP][PASSED] - ctdc.utilities.runtestcaseforKatalon.clickTabCanineStat("Object Repository/Canine/Filter/SampleType/PrimMaligTumTissue_Chkbx"): ctdc.utilities.runtestcaseforKatalon.clickTabCanineStat is PASSED

2022-04-07 11:24:48 - [MESSAGE][PASSED] - ctdc.utilities.runtestcaseforKatalon.clickTabCanineStat is PASSED

2022-04-07 11:24:48 - [TEST_STEP][PASSED] - ctdc.utilities.runtestcaseforKatalon.clickTab("Object Repository/Canine/Filter/SampleType/SAMPLETYPE_Ddn"): ctdc.utilities.runtestcaseforKatalon.clickTab is PASSED

2022-04-07 11:24:48 - [MESSAGE][PASSED] - ctdc.utilities.runtestcaseforKatalon.clickTab is PASSED

2022-04-07 11:24:48 - [TEST_STEP][PASSED] - Thread.sleep(2000): null

2022-04-07 11:24:50 - [TEST_STEP][PASSED] - ctdc.utilities.runtestcaseforKatalon.readStatBarCanine("Object Repository/Canine/StatBar/Canine_StatBar-Programs", "Object Repository/Canine/StatBar/Canine_StatBar-Studies", "Object Repository/Canine/StatBar/Canine_StatBar-Cases", "Object Repository/Canine/StatBar/Canine_StatBar-Samples", "Object Repository/Canine/StatBar/Canine_StatBar-CaseFiles", "Object Repository/Canine/StatBar/Canine_StatBar-StudyFiles"): ctdc.utilities.runtestcaseforKatalon.readStatBarCanine is PASSED

2022-04-07 11:25:08 - [MESSAGE][PASSED] - ctdc.utilities.runtestcaseforKatalon.readStatBarCanine is PASSED

2022-04-07 11:25:08 - [TEST_STEP][PASSED] - waitForElementPresent(findTestObject("Object Repository/Canine/CanineResults_Cases_Tab"), 30): Object 'Object Repository/Canine/CanineResults_Cases_Tab' is present

2022-04-07 11:25:09 - [MESSAGE][PASSED] - Object 'Object Repository/Canine/CanineResults_Cases_Tab' is present

2022-04-07 11:25:09 - [TEST_STEP][PASSED] - verifyElementPresent(findTestObject("Object Repository/Canine/CanineResults_Cases_Tab"), 5): Object 'Object Repository/Canine/CanineResults_Cases_Tab' is present

2022-04-07 11:25:09 - [MESSAGE][PASSED] - Object 'Object Repository/Canine/CanineResults_Cases_Tab' is present

2022-04-07 11:25:09 - [TEST_STEP][PASSED] - ctdc.utilities.runtestcaseforKatalon.clickTab("Object Repository/Canine/CanineResults_Cases_Tab"): ctdc.utilities.runtestcaseforKatalon.clickTab is PASSED

2022-04-07 11:25:09 - [MESSAGE][PASSED] - ctdc.utilities.runtestcaseforKatalon.clickTab is PASSED

2022-04-07 11:25:09 - [TEST_STEP][PASSED] - ctdc.utilities.runtestcaseforKatalon.multiFunction("ICDC", G_StatBar_Cases, "Object Repository/Canine/Canine_CasesTable", "Object Repository/Canine/Canine_TableHeader", "Object Repository/Canine/Canine_CasesTabNextBtn", G_WebTabnameCases, G_CypherTabnameCases, G_QueryCasesTab): Statbar Study Files count matches

2022-04-07 11:25:30 - [MESSAGE][PASSED] - Statbar Programs count matches

2022-04-07 11:25:30 - [MESSAGE][PASSED] - Statbar Studies count matches

2022-04-07 11:25:30 - [MESSAGE][PASSED] - Statbar Cases count matches

2022-04-07 11:25:30 - [MESSAGE][PASSED] - Statbar Samples count matches

2022-04-07 11:25:30 - [MESSAGE][PASSED] - Statbar Case Files count matches

2022-04-07 11:25:30 - [MESSAGE][PASSED] - Statbar Study Files count matches

2022-04-07 11:25:30 - [TEST_STEP][PASSED] - waitForElementPresent(findTestObject("Object Repository/Canine/CanineResults_Samples_Tab"), 30): Object 'Object Repository/Canine/CanineResults_Samples_Tab' is present

2022-04-07 11:25:30 - [MESSAGE][PASSED] - Object 'Object Repository/Canine/CanineResults_Samples_Tab' is present

2022-04-07 11:25:30 - [TEST_STEP][PASSED] - verifyElementPresent(findTestObject("Object Repository/Canine/CanineResults_Samples_Tab"), 5): Object 'Object Repository/Canine/CanineResults_Samples_Tab' is present

2022-04-07 11:25:30 - [MESSAGE][PASSED] - Object 'Object Repository/Canine/CanineResults_Samples_Tab' is present

2022-04-07 11:25:30 - [TEST_STEP][PASSED] - ctdc.utilities.runtestcaseforKatalon.clickTab("Object Repository/Canine/CanineResults_Samples_Tab"): ctdc.utilities.runtestcaseforKatalon.clickTab is PASSED

2022-04-07 11:25:31 - [MESSAGE][PASSED] - ctdc.utilities.runtestcaseforKatalon.clickTab is PASSED

2022-04-07 11:25:31 - [TEST_STEP][PASSED] - ctdc.utilities.runtestcaseforKatalon.multiFunction("ICDC", G_StatBar_Samples, "Object Repository/Canine/Canine_Samples_Table", "Object Repository/Canine/Canine_Samples_TableHdr", "Object Repository/Canine/Canine_SamplesTabNextBtn", G_WebTabnameSamples, G_CypherTabnameSamples, G_QuerySamplesTab): Statbar Study Files count matches

2022-04-07 11:25:57 - [MESSAGE][PASSED] - Statbar Programs count matches

2022-04-07 11:25:57 - [MESSAGE][PASSED] - Statbar Studies count matches

2022-04-07 11:25:57 - [MESSAGE][PASSED] - Statbar Cases count matches

2022-04-07 11:25:57 - [MESSAGE][PASSED] - Statbar Samples count matches

2022-04-07 11:25:57 - [MESSAGE][PASSED] - Statbar Case Files count matches

2022-04-07 11:25:57 - [MESSAGE][PASSED] - Statbar Study Files count matches]]></system-out>
         <system-err><![CDATA[]]></system-err>
      </testcase>
      <testcase name="Test Cases/Canine_TestCases/StudyCombinations/Study-Combinations-OSA01/TC09_Canine_StudyOSA01-Breed_SampType_NormalCellLine" time="96.396" classname="Test Cases/Canine_TestCases/StudyCombinations/Study-Combinations-OSA01/TC09_Canine_StudyOSA01-Breed_SampType_NormalCellLine" status="PASSED">
         <system-out><![CDATA[2022-04-07 11:25:57 - [TEST_CASE][PASSED] - Test Cases/Canine_TestCases/StudyCombinations/Study-Combinations-OSA01/TC09_Canine_StudyOSA01-Breed_SampType_NormalCellLine: Test Cases/Canine_TestCases/StudyCombinations/Study-Combinations-OSA01/TC09_Canine_StudyOSA01-Breed_SampType_NormalCellLine

2022-04-07 11:25:57 - [TEST_STEP][PASSED] - Start listener action : getTestScriptName: null

2022-04-07 11:25:57 - [TEST_STEP][PASSED] - TestCaseId = testCaseContext.getTestCaseId(): null

2022-04-07 11:25:57 - [TEST_STEP][PASSED] - out.println("**********this is the value of test case id string******** " + testCaseContext.getTestCaseId()): null

2022-04-07 11:25:57 - [TEST_STEP][PASSED] - G_currentTCName = TestCaseId.substring(TestCaseId.lastIndexOf("TC")): null

2022-04-07 11:25:57 - [TEST_STEP][PASSED] - out.println("This is the test case name : " + G_currentTCName): null

2022-04-07 11:25:58 - [TEST_STEP][PASSED] - closeBrowser(): Browser is closed

2022-04-07 11:25:58 - [MESSAGE][PASSED] - Browser is closed

2022-04-07 11:25:58 - [TEST_STEP][PASSED] - "Driver opened by Katalon is used in Selenium from this step.": null

2022-04-07 11:25:58 - [TEST_STEP][PASSED] - ctdc.utilities.runtestcaseforKatalon.RunKatalon("TC09_Canine_StudyOSA01-Breed_SampType_NormalCellLine.xlsx"): Data loaded from input file for the test case. 

2022-04-07 11:25:58 - [MESSAGE][PASSED] - Test case file loaded This is the full filepath after converting to string :C:\Users\sohilz2\Desktop\Commons_Automation\InputFiles\TC09_Canine_StudyOSA01-Breed_SampType_NormalCellLine.xlsx

2022-04-07 11:25:58 - [MESSAGE][INFO] - Global variable set for password file is :  C:\Users\sohilz2\Desktop\Commons_Automation\InputFiles\TC09_Canine_StudyOSA01-Breed_SampType_NormalCellLine.xlsx

2022-04-07 11:26:02 - [MESSAGE][PASSED] - Data loaded from input file for the test case. 

2022-04-07 11:26:16 - [TEST_STEP][PASSED] - waitForElementPresent(findTestObject("Canine/NavBar/Canine_Cases_Btn"), 20): Object 'Object Repository/Canine/NavBar/Canine_Cases_Btn' is present

2022-04-07 11:26:17 - [MESSAGE][PASSED] - Object 'Object Repository/Canine/NavBar/Canine_Cases_Btn' is present

2022-04-07 11:26:17 - [TEST_STEP][PASSED] - ctdc.utilities.runtestcaseforKatalon.clickTab("Object Repository/Canine/Canine_PopUp_Continue_Btn"): ctdc.utilities.runtestcaseforKatalon.clickTab is PASSED

2022-04-07 11:26:17 - [MESSAGE][PASSED] - ctdc.utilities.runtestcaseforKatalon.clickTab is PASSED

2022-04-07 11:26:17 - [TEST_STEP][PASSED] - out.println("Closed the popup window"): null

2022-04-07 11:26:17 - [TEST_STEP][PASSED] - waitForElementPresent(findTestObject("Canine/NavBar/Canine_Cases_Btn"), 20): Object 'Object Repository/Canine/NavBar/Canine_Cases_Btn' is present

2022-04-07 11:26:17 - [MESSAGE][PASSED] - Object 'Object Repository/Canine/NavBar/Canine_Cases_Btn' is present

2022-04-07 11:26:17 - [TEST_STEP][PASSED] - ctdc.utilities.runtestcaseforKatalon.clickTab("Canine/NavBar/Canine_Cases_Btn"): ctdc.utilities.runtestcaseforKatalon.clickTab is PASSED

2022-04-07 11:26:17 - [MESSAGE][PASSED] - ctdc.utilities.runtestcaseforKatalon.clickTab is PASSED

2022-04-07 11:26:17 - [TEST_STEP][PASSED] - waitForElementPresent(findTestObject("Object Repository/Canine/Filter/Study/Canine_Filter_Study"), 30): Object 'Object Repository/Canine/Filter/Study/Canine_Filter_Study' is present

2022-04-07 11:26:18 - [MESSAGE][PASSED] - Object 'Object Repository/Canine/Filter/Study/Canine_Filter_Study' is present

2022-04-07 11:26:18 - [TEST_STEP][PASSED] - verifyElementPresent(findTestObject("Object Repository/Canine/Filter/Study/Canine_Filter_Study"), 5): Object 'Object Repository/Canine/Filter/Study/Canine_Filter_Study' is present

2022-04-07 11:26:19 - [MESSAGE][PASSED] - Object 'Object Repository/Canine/Filter/Study/Canine_Filter_Study' is present

2022-04-07 11:26:19 - [TEST_STEP][PASSED] - ctdc.utilities.runtestcaseforKatalon.clickTab("Object Repository/Canine/Filter/Study/Canine_Filter_Study"): ctdc.utilities.runtestcaseforKatalon.clickTab is PASSED

2022-04-07 11:26:20 - [MESSAGE][PASSED] - ctdc.utilities.runtestcaseforKatalon.clickTab is PASSED

2022-04-07 11:26:20 - [TEST_STEP][PASSED] - waitForElementPresent(findTestObject("Object Repository/Canine/Filter/Study/Canine_Filter_Study-OSA01_Chkbx"), 30): Object 'Object Repository/Canine/Filter/Study/Canine_Filter_Study-OSA01_Chkbx' is present

2022-04-07 11:26:20 - [MESSAGE][PASSED] - Object 'Object Repository/Canine/Filter/Study/Canine_Filter_Study-OSA01_Chkbx' is present

2022-04-07 11:26:20 - [TEST_STEP][PASSED] - verifyElementPresent(findTestObject("Object Repository/Canine/Filter/Study/Canine_Filter_Study-OSA01_Chkbx"), 5): Object 'Object Repository/Canine/Filter/Study/Canine_Filter_Study-OSA01_Chkbx' is present

2022-04-07 11:26:20 - [MESSAGE][PASSED] - Object 'Object Repository/Canine/Filter/Study/Canine_Filter_Study-OSA01_Chkbx' is present

2022-04-07 11:26:20 - [TEST_STEP][PASSED] - ctdc.utilities.runtestcaseforKatalon.clickTab("Object Repository/Canine/Filter/Study/Canine_Filter_Study-OSA01_Chkbx"): ctdc.utilities.runtestcaseforKatalon.clickTab is PASSED

2022-04-07 11:26:21 - [MESSAGE][PASSED] - ctdc.utilities.runtestcaseforKatalon.clickTab is PASSED

2022-04-07 11:26:21 - [TEST_STEP][PASSED] - waitForElementPresent(findTestObject("Object Repository/Canine/Filter/Breed/BREED_Ddn"), 30): Object 'Object Repository/Canine/Filter/Breed/BREED_Ddn' is present

2022-04-07 11:26:21 - [MESSAGE][PASSED] - Object 'Object Repository/Canine/Filter/Breed/BREED_Ddn' is present

2022-04-07 11:26:21 - [TEST_STEP][PASSED] - verifyElementPresent(findTestObject("Object Repository/Canine/Filter/Breed/BREED_Ddn"), 5): Object 'Object Repository/Canine/Filter/Breed/BREED_Ddn' is present

2022-04-07 11:26:22 - [MESSAGE][PASSED] - Object 'Object Repository/Canine/Filter/Breed/BREED_Ddn' is present

2022-04-07 11:26:22 - [TEST_STEP][PASSED] - ctdc.utilities.runtestcaseforKatalon.clickTabCanineStat("Object Repository/Canine/Filter/Breed/BREED_Ddn"): ctdc.utilities.runtestcaseforKatalon.clickTabCanineStat is PASSED

2022-04-07 11:26:23 - [MESSAGE][PASSED] - ctdc.utilities.runtestcaseforKatalon.clickTabCanineStat is PASSED

2022-04-07 11:26:23 - [TEST_STEP][PASSED] - Thread.sleep(2000): null

2022-04-07 11:26:25 - [TEST_STEP][PASSED] - waitForElementPresent(findTestObject("Object Repository/Canine/Filter/Breed/Unknown_Chkbx"), 30): Object 'Object Repository/Canine/Filter/Breed/Unknown_Chkbx' is present

2022-04-07 11:26:25 - [MESSAGE][PASSED] - Object 'Object Repository/Canine/Filter/Breed/Unknown_Chkbx' is present

2022-04-07 11:26:25 - [TEST_STEP][PASSED] - verifyElementPresent(findTestObject("Object Repository/Canine/Filter/Breed/Unknown_Chkbx"), 5): Object 'Object Repository/Canine/Filter/Breed/Unknown_Chkbx' is present

2022-04-07 11:26:26 - [MESSAGE][PASSED] - Object 'Object Repository/Canine/Filter/Breed/Unknown_Chkbx' is present

2022-04-07 11:26:26 - [TEST_STEP][PASSED] - ctdc.utilities.runtestcaseforKatalon.clickTabCanineStat("Object Repository/Canine/Filter/Breed/Unknown_Chkbx"): ctdc.utilities.runtestcaseforKatalon.clickTabCanineStat is PASSED

2022-04-07 11:26:27 - [MESSAGE][PASSED] - ctdc.utilities.runtestcaseforKatalon.clickTabCanineStat is PASSED

2022-04-07 11:26:27 - [TEST_STEP][PASSED] - ctdc.utilities.runtestcaseforKatalon.clickTab("Object Repository/Canine/Filter/Breed/BREED_Ddn"): ctdc.utilities.runtestcaseforKatalon.clickTab is PASSED

2022-04-07 11:26:27 - [MESSAGE][PASSED] - ctdc.utilities.runtestcaseforKatalon.clickTab is PASSED

2022-04-07 11:26:27 - [TEST_STEP][PASSED] - Thread.sleep(2000): null

2022-04-07 11:26:29 - [TEST_STEP][PASSED] - waitForElementPresent(findTestObject("Object Repository/Canine/Filter/SampleType/SAMPLETYPE_Ddn"), 30): Object 'Object Repository/Canine/Filter/SampleType/SAMPLETYPE_Ddn' is present

2022-04-07 11:26:29 - [MESSAGE][PASSED] - Object 'Object Repository/Canine/Filter/SampleType/SAMPLETYPE_Ddn' is present

2022-04-07 11:26:29 - [TEST_STEP][PASSED] - verifyElementPresent(findTestObject("Object Repository/Canine/Filter/SampleType/SAMPLETYPE_Ddn"), 5): Object 'Object Repository/Canine/Filter/SampleType/SAMPLETYPE_Ddn' is present

2022-04-07 11:26:30 - [MESSAGE][PASSED] - Object 'Object Repository/Canine/Filter/SampleType/SAMPLETYPE_Ddn' is present

2022-04-07 11:26:30 - [TEST_STEP][PASSED] - ctdc.utilities.runtestcaseforKatalon.clickTabCanineStat("Object Repository/Canine/Filter/SampleType/SAMPLETYPE_Ddn"): ctdc.utilities.runtestcaseforKatalon.clickTabCanineStat is PASSED

2022-04-07 11:26:31 - [MESSAGE][PASSED] - ctdc.utilities.runtestcaseforKatalon.clickTabCanineStat is PASSED

2022-04-07 11:26:31 - [TEST_STEP][PASSED] - waitForElementPresent(findTestObject("Object Repository/Canine/Filter/SampleType/NormalCellLine_Chkbx"), 30): Object 'Object Repository/Canine/Filter/SampleType/NormalCellLine_Chkbx' is present

2022-04-07 11:26:31 - [MESSAGE][PASSED] - Object 'Object Repository/Canine/Filter/SampleType/NormalCellLine_Chkbx' is present

2022-04-07 11:26:31 - [TEST_STEP][PASSED] - verifyElementPresent(findTestObject("Object Repository/Canine/Filter/SampleType/NormalCellLine_Chkbx"), 5): Object 'Object Repository/Canine/Filter/SampleType/NormalCellLine_Chkbx' is present

2022-04-07 11:26:31 - [MESSAGE][PASSED] - Object 'Object Repository/Canine/Filter/SampleType/NormalCellLine_Chkbx' is present

2022-04-07 11:26:31 - [TEST_STEP][PASSED] - waitForElementClickable(findTestObject("Object Repository/Canine/Filter/SampleType/NormalCellLine_Chkbx"), 30): Object 'Object Repository/Canine/Filter/SampleType/NormalCellLine_Chkbx' is clickable

2022-04-07 11:26:31 - [MESSAGE][PASSED] - Object 'Object Repository/Canine/Filter/SampleType/NormalCellLine_Chkbx' is clickable

2022-04-07 11:26:31 - [TEST_STEP][PASSED] - ctdc.utilities.runtestcaseforKatalon.clickTabCanineStat("Object Repository/Canine/Filter/SampleType/NormalCellLine_Chkbx"): ctdc.utilities.runtestcaseforKatalon.clickTabCanineStat is PASSED

2022-04-07 11:26:33 - [MESSAGE][PASSED] - ctdc.utilities.runtestcaseforKatalon.clickTabCanineStat is PASSED

2022-04-07 11:26:33 - [TEST_STEP][PASSED] - ctdc.utilities.runtestcaseforKatalon.clickTab("Object Repository/Canine/Filter/SampleType/SAMPLETYPE_Ddn"): ctdc.utilities.runtestcaseforKatalon.clickTab is PASSED

2022-04-07 11:26:33 - [MESSAGE][PASSED] - ctdc.utilities.runtestcaseforKatalon.clickTab is PASSED

2022-04-07 11:26:33 - [TEST_STEP][PASSED] - Thread.sleep(2000): null

2022-04-07 11:26:36 - [TEST_STEP][PASSED] - ctdc.utilities.runtestcaseforKatalon.readStatBarCanine("Object Repository/Canine/StatBar/Canine_StatBar-Programs", "Object Repository/Canine/StatBar/Canine_StatBar-Studies", "Object Repository/Canine/StatBar/Canine_StatBar-Cases", "Object Repository/Canine/StatBar/Canine_StatBar-Samples", "Object Repository/Canine/StatBar/Canine_StatBar-CaseFiles", "Object Repository/Canine/StatBar/Canine_StatBar-StudyFiles"): ctdc.utilities.runtestcaseforKatalon.readStatBarCanine is PASSED

2022-04-07 11:26:54 - [MESSAGE][PASSED] - ctdc.utilities.runtestcaseforKatalon.readStatBarCanine is PASSED

2022-04-07 11:26:54 - [TEST_STEP][PASSED] - waitForElementPresent(findTestObject("Object Repository/Canine/CanineResults_Cases_Tab"), 30): Object 'Object Repository/Canine/CanineResults_Cases_Tab' is present

2022-04-07 11:26:54 - [MESSAGE][PASSED] - Object 'Object Repository/Canine/CanineResults_Cases_Tab' is present

2022-04-07 11:26:54 - [TEST_STEP][PASSED] - verifyElementPresent(findTestObject("Object Repository/Canine/CanineResults_Cases_Tab"), 5): Object 'Object Repository/Canine/CanineResults_Cases_Tab' is present

2022-04-07 11:26:54 - [MESSAGE][PASSED] - Object 'Object Repository/Canine/CanineResults_Cases_Tab' is present

2022-04-07 11:26:54 - [TEST_STEP][PASSED] - ctdc.utilities.runtestcaseforKatalon.clickTab("Object Repository/Canine/CanineResults_Cases_Tab"): ctdc.utilities.runtestcaseforKatalon.clickTab is PASSED

2022-04-07 11:26:54 - [MESSAGE][PASSED] - ctdc.utilities.runtestcaseforKatalon.clickTab is PASSED

2022-04-07 11:26:54 - [TEST_STEP][PASSED] - ctdc.utilities.runtestcaseforKatalon.multiFunction("ICDC", G_StatBar_Cases, "Object Repository/Canine/Canine_CasesTable", "Object Repository/Canine/Canine_TableHeader", "Object Repository/Canine/Canine_CasesTabNextBtn", G_WebTabnameCases, G_CypherTabnameCases, G_QueryCasesTab): Statbar Study Files count matches

2022-04-07 11:27:12 - [MESSAGE][PASSED] - Statbar Programs count matches

2022-04-07 11:27:12 - [MESSAGE][PASSED] - Statbar Studies count matches

2022-04-07 11:27:12 - [MESSAGE][PASSED] - Statbar Cases count matches

2022-04-07 11:27:12 - [MESSAGE][PASSED] - Statbar Samples count matches

2022-04-07 11:27:12 - [MESSAGE][PASSED] - Statbar Case Files count matches

2022-04-07 11:27:12 - [MESSAGE][PASSED] - Statbar Study Files count matches

2022-04-07 11:27:12 - [TEST_STEP][PASSED] - waitForElementPresent(findTestObject("Object Repository/Canine/CanineResults_Samples_Tab"), 30): Object 'Object Repository/Canine/CanineResults_Samples_Tab' is present

2022-04-07 11:27:12 - [MESSAGE][PASSED] - Object 'Object Repository/Canine/CanineResults_Samples_Tab' is present

2022-04-07 11:27:12 - [TEST_STEP][PASSED] - verifyElementPresent(findTestObject("Object Repository/Canine/CanineResults_Samples_Tab"), 5): Object 'Object Repository/Canine/CanineResults_Samples_Tab' is present

2022-04-07 11:27:13 - [MESSAGE][PASSED] - Object 'Object Repository/Canine/CanineResults_Samples_Tab' is present

2022-04-07 11:27:13 - [TEST_STEP][PASSED] - ctdc.utilities.runtestcaseforKatalon.clickTab("Object Repository/Canine/CanineResults_Samples_Tab"): ctdc.utilities.runtestcaseforKatalon.clickTab is PASSED

2022-04-07 11:27:13 - [MESSAGE][PASSED] - ctdc.utilities.runtestcaseforKatalon.clickTab is PASSED

2022-04-07 11:27:13 - [TEST_STEP][PASSED] - ctdc.utilities.runtestcaseforKatalon.multiFunction("ICDC", G_StatBar_Samples, "Object Repository/Canine/Canine_Samples_Table", "Object Repository/Canine/Canine_Samples_TableHdr", "Object Repository/Canine/Canine_SamplesTabNextBtn", G_WebTabnameSamples, G_CypherTabnameSamples, G_QuerySamplesTab): Statbar Study Files count matches

2022-04-07 11:27:33 - [MESSAGE][PASSED] - Statbar Programs count matches

2022-04-07 11:27:33 - [MESSAGE][PASSED] - Statbar Studies count matches

2022-04-07 11:27:33 - [MESSAGE][PASSED] - Statbar Cases count matches

2022-04-07 11:27:33 - [MESSAGE][PASSED] - Statbar Samples count matches

2022-04-07 11:27:33 - [MESSAGE][PASSED] - Statbar Case Files count matches

2022-04-07 11:27:33 - [MESSAGE][PASSED] - Statbar Study Files count matches]]></system-out>
         <system-err><![CDATA[]]></system-err>
      </testcase>
      <testcase name="Test Cases/Canine_TestCases/StudyCombinations/Study-Combinations-OSA01/TC10_Canine_StudyOSA01-Diagnosis-Osteosarcoma-SubcutaneousTissue" time="99.986" classname="Test Cases/Canine_TestCases/StudyCombinations/Study-Combinations-OSA01/TC10_Canine_StudyOSA01-Diagnosis-Osteosarcoma-SubcutaneousTissue" status="PASSED">
         <system-out><![CDATA[2022-04-07 11:27:33 - [TEST_CASE][PASSED] - Test Cases/Canine_TestCases/StudyCombinations/Study-Combinations-OSA01/TC10_Canine_StudyOSA01-Diagnosis-Osteosarcoma-SubcutaneousTissue: Test Cases/Canine_TestCases/StudyCombinations/Study-Combinations-OSA01/TC10_Canine_StudyOSA01-Diagnosis-Osteosarcoma-SubcutaneousTissue

2022-04-07 11:27:33 - [TEST_STEP][PASSED] - Start listener action : getTestScriptName: null

2022-04-07 11:27:33 - [TEST_STEP][PASSED] - TestCaseId = testCaseContext.getTestCaseId(): null

2022-04-07 11:27:33 - [TEST_STEP][PASSED] - out.println("**********this is the value of test case id string******** " + testCaseContext.getTestCaseId()): null

2022-04-07 11:27:33 - [TEST_STEP][PASSED] - G_currentTCName = TestCaseId.substring(TestCaseId.lastIndexOf("TC")): null

2022-04-07 11:27:33 - [TEST_STEP][PASSED] - out.println("This is the test case name : " + G_currentTCName): null

2022-04-07 11:27:34 - [TEST_STEP][PASSED] - closeBrowser(): Browser is closed

2022-04-07 11:27:35 - [MESSAGE][PASSED] - Browser is closed

2022-04-07 11:27:35 - [TEST_STEP][PASSED] - "Driver opened by Katalon is used in Selenium from this step.": null

2022-04-07 11:27:35 - [TEST_STEP][PASSED] - ctdc.utilities.runtestcaseforKatalon.RunKatalon("TC10_Canine_StudyOSA01-Diagnosis-Osteosarcoma-SubcutaneousTissue.xlsx"): Data loaded from input file for the test case. 

2022-04-07 11:27:35 - [MESSAGE][PASSED] - Test case file loaded This is the full filepath after converting to string :C:\Users\sohilz2\Desktop\Commons_Automation\InputFiles\TC10_Canine_StudyOSA01-Diagnosis-Osteosarcoma-SubcutaneousTissue.xlsx

2022-04-07 11:27:35 - [MESSAGE][INFO] - Global variable set for password file is :  C:\Users\sohilz2\Desktop\Commons_Automation\InputFiles\TC10_Canine_StudyOSA01-Diagnosis-Osteosarcoma-SubcutaneousTissue.xlsx

2022-04-07 11:27:39 - [MESSAGE][PASSED] - Data loaded from input file for the test case. 

2022-04-07 11:27:54 - [TEST_STEP][PASSED] - waitForElementPresent(findTestObject("Canine/NavBar/Canine_Cases_Btn"), 20): Object 'Object Repository/Canine/NavBar/Canine_Cases_Btn' is present

2022-04-07 11:27:54 - [MESSAGE][PASSED] - Object 'Object Repository/Canine/NavBar/Canine_Cases_Btn' is present

2022-04-07 11:27:54 - [TEST_STEP][PASSED] - ctdc.utilities.runtestcaseforKatalon.clickTab("Object Repository/Canine/Canine_PopUp_Continue_Btn"): ctdc.utilities.runtestcaseforKatalon.clickTab is PASSED

2022-04-07 11:27:54 - [MESSAGE][PASSED] - ctdc.utilities.runtestcaseforKatalon.clickTab is PASSED

2022-04-07 11:27:54 - [TEST_STEP][PASSED] - out.println("Closed the popup window"): null

2022-04-07 11:27:54 - [TEST_STEP][PASSED] - waitForElementPresent(findTestObject("Canine/NavBar/Canine_Cases_Btn"), 20): Object 'Object Repository/Canine/NavBar/Canine_Cases_Btn' is present

2022-04-07 11:27:55 - [MESSAGE][PASSED] - Object 'Object Repository/Canine/NavBar/Canine_Cases_Btn' is present

2022-04-07 11:27:55 - [TEST_STEP][PASSED] - ctdc.utilities.runtestcaseforKatalon.clickTab("Canine/NavBar/Canine_Cases_Btn"): ctdc.utilities.runtestcaseforKatalon.clickTab is PASSED

2022-04-07 11:27:55 - [MESSAGE][PASSED] - ctdc.utilities.runtestcaseforKatalon.clickTab is PASSED

2022-04-07 11:27:55 - [TEST_STEP][PASSED] - waitForElementPresent(findTestObject("Object Repository/Canine/Filter/Study/Canine_Filter_Study"), 30): Object 'Object Repository/Canine/Filter/Study/Canine_Filter_Study' is present

2022-04-07 11:27:56 - [MESSAGE][PASSED] - Object 'Object Repository/Canine/Filter/Study/Canine_Filter_Study' is present

2022-04-07 11:27:56 - [TEST_STEP][PASSED] - verifyElementPresent(findTestObject("Object Repository/Canine/Filter/Study/Canine_Filter_Study"), 5): Object 'Object Repository/Canine/Filter/Study/Canine_Filter_Study' is present

2022-04-07 11:27:57 - [MESSAGE][PASSED] - Object 'Object Repository/Canine/Filter/Study/Canine_Filter_Study' is present

2022-04-07 11:27:57 - [TEST_STEP][PASSED] - ctdc.utilities.runtestcaseforKatalon.clickTab("Object Repository/Canine/Filter/Study/Canine_Filter_Study"): ctdc.utilities.runtestcaseforKatalon.clickTab is PASSED

2022-04-07 11:27:57 - [MESSAGE][PASSED] - ctdc.utilities.runtestcaseforKatalon.clickTab is PASSED

2022-04-07 11:27:57 - [TEST_STEP][PASSED] - waitForElementPresent(findTestObject("Object Repository/Canine/Filter/Study/Canine_Filter_Study-OSA01_Chkbx"), 30): Object 'Object Repository/Canine/Filter/Study/Canine_Filter_Study-OSA01_Chkbx' is present

2022-04-07 11:27:58 - [MESSAGE][PASSED] - Object 'Object Repository/Canine/Filter/Study/Canine_Filter_Study-OSA01_Chkbx' is present

2022-04-07 11:27:58 - [TEST_STEP][PASSED] - verifyElementPresent(findTestObject("Object Repository/Canine/Filter/Study/Canine_Filter_Study-OSA01_Chkbx"), 5): Object 'Object Repository/Canine/Filter/Study/Canine_Filter_Study-OSA01_Chkbx' is present

2022-04-07 11:27:58 - [MESSAGE][PASSED] - Object 'Object Repository/Canine/Filter/Study/Canine_Filter_Study-OSA01_Chkbx' is present

2022-04-07 11:27:58 - [TEST_STEP][PASSED] - ctdc.utilities.runtestcaseforKatalon.clickTab("Object Repository/Canine/Filter/Study/Canine_Filter_Study-OSA01_Chkbx"): ctdc.utilities.runtestcaseforKatalon.clickTab is PASSED

2022-04-07 11:27:58 - [MESSAGE][PASSED] - ctdc.utilities.runtestcaseforKatalon.clickTab is PASSED

2022-04-07 11:27:58 - [TEST_STEP][PASSED] - waitForElementPresent(findTestObject("Object Repository/Canine/Filter/Diagnosis/DIAGNOSIS_Ddn"), 30): Object 'Object Repository/Canine/Filter/Diagnosis/DIAGNOSIS_Ddn' is present

2022-04-07 11:27:59 - [MESSAGE][PASSED] - Object 'Object Repository/Canine/Filter/Diagnosis/DIAGNOSIS_Ddn' is present

2022-04-07 11:27:59 - [TEST_STEP][PASSED] - verifyElementPresent(findTestObject("Object Repository/Canine/Filter/Diagnosis/DIAGNOSIS_Ddn"), 5): Object 'Object Repository/Canine/Filter/Diagnosis/DIAGNOSIS_Ddn' is present

2022-04-07 11:27:59 - [MESSAGE][PASSED] - Object 'Object Repository/Canine/Filter/Diagnosis/DIAGNOSIS_Ddn' is present

2022-04-07 11:27:59 - [TEST_STEP][PASSED] - ctdc.utilities.runtestcaseforKatalon.clickTabCanineStat("Object Repository/Canine/Filter/Diagnosis/DIAGNOSIS_Ddn"): ctdc.utilities.runtestcaseforKatalon.clickTabCanineStat is PASSED

2022-04-07 11:28:01 - [MESSAGE][PASSED] - ctdc.utilities.runtestcaseforKatalon.clickTabCanineStat is PASSED

2022-04-07 11:28:01 - [TEST_STEP][PASSED] - Thread.sleep(2000): null

2022-04-07 11:28:03 - [TEST_STEP][PASSED] - waitForElementPresent(findTestObject("Object Repository/Canine/Filter/Diagnosis/OsteoSarcoma_Chkbx"), 30): Object 'Object Repository/Canine/Filter/Diagnosis/OsteoSarcoma_Chkbx' is present

2022-04-07 11:28:03 - [MESSAGE][PASSED] - Object 'Object Repository/Canine/Filter/Diagnosis/OsteoSarcoma_Chkbx' is present

2022-04-07 11:28:03 - [TEST_STEP][PASSED] - verifyElementPresent(findTestObject("Object Repository/Canine/Filter/Diagnosis/OsteoSarcoma_Chkbx"), 5): Object 'Object Repository/Canine/Filter/Diagnosis/OsteoSarcoma_Chkbx' is present

2022-04-07 11:28:03 - [MESSAGE][PASSED] - Object 'Object Repository/Canine/Filter/Diagnosis/OsteoSarcoma_Chkbx' is present

2022-04-07 11:28:03 - [TEST_STEP][PASSED] - ctdc.utilities.runtestcaseforKatalon.clickTabCanineStat("Object Repository/Canine/Filter/Diagnosis/OsteoSarcoma_Chkbx"): ctdc.utilities.runtestcaseforKatalon.clickTabCanineStat is PASSED

2022-04-07 11:28:05 - [MESSAGE][PASSED] - ctdc.utilities.runtestcaseforKatalon.clickTabCanineStat is PASSED

2022-04-07 11:28:05 - [TEST_STEP][PASSED] - waitForElementPresent(findTestObject("Object Repository/Canine/Filter/SampleSite/SAMPLE_SITE_Ddn"), 30): Object 'Object Repository/Canine/Filter/SampleSite/SAMPLE_SITE_Ddn' is present

2022-04-07 11:28:05 - [MESSAGE][PASSED] - Object 'Object Repository/Canine/Filter/SampleSite/SAMPLE_SITE_Ddn' is present

2022-04-07 11:28:05 - [TEST_STEP][PASSED] - verifyElementPresent(findTestObject("Object Repository/Canine/Filter/SampleSite/SAMPLE_SITE_Ddn"), 5): Object 'Object Repository/Canine/Filter/SampleSite/SAMPLE_SITE_Ddn' is present

2022-04-07 11:28:05 - [MESSAGE][PASSED] - Object 'Object Repository/Canine/Filter/SampleSite/SAMPLE_SITE_Ddn' is present

2022-04-07 11:28:05 - [TEST_STEP][PASSED] - ctdc.utilities.runtestcaseforKatalon.clickTabCanineStat("Object Repository/Canine/Filter/SampleSite/SAMPLE_SITE_Ddn"): ctdc.utilities.runtestcaseforKatalon.clickTabCanineStat is PASSED

2022-04-07 11:28:06 - [MESSAGE][PASSED] - ctdc.utilities.runtestcaseforKatalon.clickTabCanineStat is PASSED

2022-04-07 11:28:06 - [TEST_STEP][PASSED] - Thread.sleep(1000): null

2022-04-07 11:28:07 - [TEST_STEP][PASSED] - waitForElementPresent(findTestObject("Object Repository/Canine/Filter/SampleSite/Subcutaneous_Tissue_Chkbx"), 30): Object 'Object Repository/Canine/Filter/SampleSite/Subcutaneous_Tissue_Chkbx' is present

2022-04-07 11:28:08 - [MESSAGE][PASSED] - Object 'Object Repository/Canine/Filter/SampleSite/Subcutaneous_Tissue_Chkbx' is present

2022-04-07 11:28:08 - [TEST_STEP][PASSED] - verifyElementPresent(findTestObject("Object Repository/Canine/Filter/SampleSite/Subcutaneous_Tissue_Chkbx"), 5): Object 'Object Repository/Canine/Filter/SampleSite/Subcutaneous_Tissue_Chkbx' is present

2022-04-07 11:28:08 - [MESSAGE][PASSED] - Object 'Object Repository/Canine/Filter/SampleSite/Subcutaneous_Tissue_Chkbx' is present

2022-04-07 11:28:08 - [TEST_STEP][PASSED] - waitForElementClickable(findTestObject("Object Repository/Canine/Filter/SampleSite/Subcutaneous_Tissue_Chkbx"), 30): Object 'Object Repository/Canine/Filter/SampleSite/Subcutaneous_Tissue_Chkbx' is clickable

2022-04-07 11:28:08 - [MESSAGE][PASSED] - Object 'Object Repository/Canine/Filter/SampleSite/Subcutaneous_Tissue_Chkbx' is clickable

2022-04-07 11:28:08 - [TEST_STEP][PASSED] - ctdc.utilities.runtestcaseforKatalon.clickTabCanineStat("Object Repository/Canine/Filter/SampleSite/Subcutaneous_Tissue_Chkbx"): ctdc.utilities.runtestcaseforKatalon.clickTabCanineStat is PASSED

2022-04-07 11:28:09 - [MESSAGE][PASSED] - ctdc.utilities.runtestcaseforKatalon.clickTabCanineStat is PASSED

2022-04-07 11:28:09 - [TEST_STEP][PASSED] - ctdc.utilities.runtestcaseforKatalon.clickTab("Object Repository/Canine/Filter/SampleSite/SAMPLE_SITE_Ddn"): ctdc.utilities.runtestcaseforKatalon.clickTab is PASSED

2022-04-07 11:28:10 - [MESSAGE][PASSED] - ctdc.utilities.runtestcaseforKatalon.clickTab is PASSED

2022-04-07 11:28:10 - [TEST_STEP][PASSED] - Thread.sleep(1000): null

2022-04-07 11:28:11 - [TEST_STEP][PASSED] - ctdc.utilities.runtestcaseforKatalon.readStatBarCanine("Object Repository/Canine/StatBar/Canine_StatBar-Programs", "Object Repository/Canine/StatBar/Canine_StatBar-Studies", "Object Repository/Canine/StatBar/Canine_StatBar-Cases", "Object Repository/Canine/StatBar/Canine_StatBar-Samples", "Object Repository/Canine/StatBar/Canine_StatBar-CaseFiles", "Object Repository/Canine/StatBar/Canine_StatBar-StudyFiles"): ctdc.utilities.runtestcaseforKatalon.readStatBarCanine is PASSED

2022-04-07 11:28:29 - [MESSAGE][PASSED] - ctdc.utilities.runtestcaseforKatalon.readStatBarCanine is PASSED

2022-04-07 11:28:29 - [TEST_STEP][PASSED] - waitForElementPresent(findTestObject("Object Repository/Canine/CanineResults_Cases_Tab"), 30): Object 'Object Repository/Canine/CanineResults_Cases_Tab' is present

2022-04-07 11:28:29 - [MESSAGE][PASSED] - Object 'Object Repository/Canine/CanineResults_Cases_Tab' is present

2022-04-07 11:28:29 - [TEST_STEP][PASSED] - verifyElementPresent(findTestObject("Object Repository/Canine/CanineResults_Cases_Tab"), 5): Object 'Object Repository/Canine/CanineResults_Cases_Tab' is present

2022-04-07 11:28:29 - [MESSAGE][PASSED] - Object 'Object Repository/Canine/CanineResults_Cases_Tab' is present

2022-04-07 11:28:29 - [TEST_STEP][PASSED] - ctdc.utilities.runtestcaseforKatalon.clickTab("Object Repository/Canine/CanineResults_Cases_Tab"): ctdc.utilities.runtestcaseforKatalon.clickTab is PASSED

2022-04-07 11:28:29 - [MESSAGE][PASSED] - ctdc.utilities.runtestcaseforKatalon.clickTab is PASSED

2022-04-07 11:28:29 - [TEST_STEP][PASSED] - ctdc.utilities.runtestcaseforKatalon.multiFunction("ICDC", G_StatBar_Cases, "Object Repository/Canine/Canine_CasesTable", "Object Repository/Canine/Canine_TableHeader", "Object Repository/Canine/Canine_CasesTabNextBtn", G_WebTabnameCases, G_CypherTabnameCases, G_QueryCasesTab): Statbar Study Files count matches

2022-04-07 11:28:53 - [MESSAGE][PASSED] - Statbar Programs count matches

2022-04-07 11:28:53 - [MESSAGE][PASSED] - Statbar Studies count matches

2022-04-07 11:28:53 - [MESSAGE][PASSED] - Statbar Cases count matches

2022-04-07 11:28:53 - [MESSAGE][PASSED] - Statbar Samples count matches

2022-04-07 11:28:53 - [MESSAGE][PASSED] - Statbar Case Files count matches

2022-04-07 11:28:53 - [MESSAGE][PASSED] - Statbar Study Files count matches

2022-04-07 11:28:53 - [TEST_STEP][PASSED] - waitForElementPresent(findTestObject("Object Repository/Canine/CanineResults_Samples_Tab"), 30): Object 'Object Repository/Canine/CanineResults_Samples_Tab' is present

2022-04-07 11:28:53 - [MESSAGE][PASSED] - Object 'Object Repository/Canine/CanineResults_Samples_Tab' is present

2022-04-07 11:28:53 - [TEST_STEP][PASSED] - verifyElementPresent(findTestObject("Object Repository/Canine/CanineResults_Samples_Tab"), 5): Object 'Object Repository/Canine/CanineResults_Samples_Tab' is present

2022-04-07 11:28:53 - [MESSAGE][PASSED] - Object 'Object Repository/Canine/CanineResults_Samples_Tab' is present

2022-04-07 11:28:53 - [TEST_STEP][PASSED] - ctdc.utilities.runtestcaseforKatalon.clickTab("Object Repository/Canine/CanineResults_Samples_Tab"): ctdc.utilities.runtestcaseforKatalon.clickTab is PASSED

2022-04-07 11:28:53 - [MESSAGE][PASSED] - ctdc.utilities.runtestcaseforKatalon.clickTab is PASSED

2022-04-07 11:28:53 - [TEST_STEP][PASSED] - ctdc.utilities.runtestcaseforKatalon.multiFunction("ICDC", G_StatBar_Samples, "Object Repository/Canine/Canine_Samples_Table", "Object Repository/Canine/Canine_Samples_TableHdr", "Object Repository/Canine/Canine_SamplesTabNextBtn", G_WebTabnameSamples, G_CypherTabnameSamples, G_QuerySamplesTab): Statbar Study Files count matches

2022-04-07 11:29:13 - [MESSAGE][PASSED] - Statbar Programs count matches

2022-04-07 11:29:13 - [MESSAGE][PASSED] - Statbar Studies count matches

2022-04-07 11:29:13 - [MESSAGE][PASSED] - Statbar Cases count matches

2022-04-07 11:29:13 - [MESSAGE][PASSED] - Statbar Samples count matches

2022-04-07 11:29:13 - [MESSAGE][PASSED] - Statbar Case Files count matches

2022-04-07 11:29:13 - [MESSAGE][PASSED] - Statbar Study Files count matches]]></system-out>
         <system-err><![CDATA[]]></system-err>
      </testcase>
      <testcase name="Test Cases/Canine_TestCases/StudyCombinations/Study-Combinations-OSA01/TC11_Canine_StudyOSA01-Diagnosis-Osteosarcoma-Unknown" time="93.555" classname="Test Cases/Canine_TestCases/StudyCombinations/Study-Combinations-OSA01/TC11_Canine_StudyOSA01-Diagnosis-Osteosarcoma-Unknown" status="PASSED">
         <system-out><![CDATA[2022-04-07 11:29:13 - [TEST_CASE][PASSED] - Test Cases/Canine_TestCases/StudyCombinations/Study-Combinations-OSA01/TC11_Canine_StudyOSA01-Diagnosis-Osteosarcoma-Unknown: Test Cases/Canine_TestCases/StudyCombinations/Study-Combinations-OSA01/TC11_Canine_StudyOSA01-Diagnosis-Osteosarcoma-Unknown

2022-04-07 11:29:13 - [TEST_STEP][PASSED] - Start listener action : getTestScriptName: null

2022-04-07 11:29:13 - [TEST_STEP][PASSED] - TestCaseId = testCaseContext.getTestCaseId(): null

2022-04-07 11:29:13 - [TEST_STEP][PASSED] - out.println("**********this is the value of test case id string******** " + testCaseContext.getTestCaseId()): null

2022-04-07 11:29:13 - [TEST_STEP][PASSED] - G_currentTCName = TestCaseId.substring(TestCaseId.lastIndexOf("TC")): null

2022-04-07 11:29:13 - [TEST_STEP][PASSED] - out.println("This is the test case name : " + G_currentTCName): null

2022-04-07 11:29:14 - [TEST_STEP][PASSED] - closeBrowser(): Browser is closed

2022-04-07 11:29:15 - [MESSAGE][PASSED] - Browser is closed

2022-04-07 11:29:15 - [TEST_STEP][PASSED] - "Driver opened by Katalon is used in Selenium from this step.": null

2022-04-07 11:29:15 - [TEST_STEP][PASSED] - ctdc.utilities.runtestcaseforKatalon.RunKatalon("TC11_Canine_StudyOSA01-Diagnosis-Osteosarcoma-Unknown.xlsx"): Data loaded from input file for the test case. 

2022-04-07 11:29:15 - [MESSAGE][PASSED] - Test case file loaded This is the full filepath after converting to string :C:\Users\sohilz2\Desktop\Commons_Automation\InputFiles\TC11_Canine_StudyOSA01-Diagnosis-Osteosarcoma-Unknown.xlsx

2022-04-07 11:29:15 - [MESSAGE][INFO] - Global variable set for password file is :  C:\Users\sohilz2\Desktop\Commons_Automation\InputFiles\TC11_Canine_StudyOSA01-Diagnosis-Osteosarcoma-Unknown.xlsx

2022-04-07 11:29:19 - [MESSAGE][PASSED] - Data loaded from input file for the test case. 

2022-04-07 11:29:29 - [TEST_STEP][PASSED] - waitForElementPresent(findTestObject("Canine/NavBar/Canine_Cases_Btn"), 20): Object 'Object Repository/Canine/NavBar/Canine_Cases_Btn' is present

2022-04-07 11:29:29 - [MESSAGE][PASSED] - Object 'Object Repository/Canine/NavBar/Canine_Cases_Btn' is present

2022-04-07 11:29:29 - [TEST_STEP][PASSED] - ctdc.utilities.runtestcaseforKatalon.clickTab("Object Repository/Canine/Canine_PopUp_Continue_Btn"): ctdc.utilities.runtestcaseforKatalon.clickTab is PASSED

2022-04-07 11:29:29 - [MESSAGE][PASSED] - ctdc.utilities.runtestcaseforKatalon.clickTab is PASSED

2022-04-07 11:29:29 - [TEST_STEP][PASSED] - out.println("Closed the popup window"): null

2022-04-07 11:29:29 - [TEST_STEP][PASSED] - waitForElementPresent(findTestObject("Canine/NavBar/Canine_Cases_Btn"), 20): Object 'Object Repository/Canine/NavBar/Canine_Cases_Btn' is present

2022-04-07 11:29:29 - [MESSAGE][PASSED] - Object 'Object Repository/Canine/NavBar/Canine_Cases_Btn' is present

2022-04-07 11:29:29 - [TEST_STEP][PASSED] - ctdc.utilities.runtestcaseforKatalon.clickTab("Canine/NavBar/Canine_Cases_Btn"): ctdc.utilities.runtestcaseforKatalon.clickTab is PASSED

2022-04-07 11:29:30 - [MESSAGE][PASSED] - ctdc.utilities.runtestcaseforKatalon.clickTab is PASSED

2022-04-07 11:29:30 - [TEST_STEP][PASSED] - waitForElementPresent(findTestObject("Object Repository/Canine/Filter/Study/Canine_Filter_Study"), 30): Object 'Object Repository/Canine/Filter/Study/Canine_Filter_Study' is present

2022-04-07 11:29:31 - [MESSAGE][PASSED] - Object 'Object Repository/Canine/Filter/Study/Canine_Filter_Study' is present

2022-04-07 11:29:31 - [TEST_STEP][PASSED] - verifyElementPresent(findTestObject("Object Repository/Canine/Filter/Study/Canine_Filter_Study"), 5): Object 'Object Repository/Canine/Filter/Study/Canine_Filter_Study' is present

2022-04-07 11:29:31 - [MESSAGE][PASSED] - Object 'Object Repository/Canine/Filter/Study/Canine_Filter_Study' is present

2022-04-07 11:29:31 - [TEST_STEP][PASSED] - ctdc.utilities.runtestcaseforKatalon.clickTab("Object Repository/Canine/Filter/Study/Canine_Filter_Study"): ctdc.utilities.runtestcaseforKatalon.clickTab is PASSED

2022-04-07 11:29:32 - [MESSAGE][PASSED] - ctdc.utilities.runtestcaseforKatalon.clickTab is PASSED

2022-04-07 11:29:32 - [TEST_STEP][PASSED] - waitForElementPresent(findTestObject("Object Repository/Canine/Filter/Study/Canine_Filter_Study-OSA01_Chkbx"), 30): Object 'Object Repository/Canine/Filter/Study/Canine_Filter_Study-OSA01_Chkbx' is present

2022-04-07 11:29:33 - [MESSAGE][PASSED] - Object 'Object Repository/Canine/Filter/Study/Canine_Filter_Study-OSA01_Chkbx' is present

2022-04-07 11:29:33 - [TEST_STEP][PASSED] - verifyElementPresent(findTestObject("Object Repository/Canine/Filter/Study/Canine_Filter_Study-OSA01_Chkbx"), 5): Object 'Object Repository/Canine/Filter/Study/Canine_Filter_Study-OSA01_Chkbx' is present

2022-04-07 11:29:33 - [MESSAGE][PASSED] - Object 'Object Repository/Canine/Filter/Study/Canine_Filter_Study-OSA01_Chkbx' is present

2022-04-07 11:29:33 - [TEST_STEP][PASSED] - ctdc.utilities.runtestcaseforKatalon.clickTab("Object Repository/Canine/Filter/Study/Canine_Filter_Study-OSA01_Chkbx"): ctdc.utilities.runtestcaseforKatalon.clickTab is PASSED

2022-04-07 11:29:33 - [MESSAGE][PASSED] - ctdc.utilities.runtestcaseforKatalon.clickTab is PASSED

2022-04-07 11:29:33 - [TEST_STEP][PASSED] - waitForElementPresent(findTestObject("Object Repository/Canine/Filter/Diagnosis/DIAGNOSIS_Ddn"), 30): Object 'Object Repository/Canine/Filter/Diagnosis/DIAGNOSIS_Ddn' is present

2022-04-07 11:29:33 - [MESSAGE][PASSED] - Object 'Object Repository/Canine/Filter/Diagnosis/DIAGNOSIS_Ddn' is present

2022-04-07 11:29:33 - [TEST_STEP][PASSED] - verifyElementPresent(findTestObject("Object Repository/Canine/Filter/Diagnosis/DIAGNOSIS_Ddn"), 5): Object 'Object Repository/Canine/Filter/Diagnosis/DIAGNOSIS_Ddn' is present

2022-04-07 11:29:34 - [MESSAGE][PASSED] - Object 'Object Repository/Canine/Filter/Diagnosis/DIAGNOSIS_Ddn' is present

2022-04-07 11:29:34 - [TEST_STEP][PASSED] - ctdc.utilities.runtestcaseforKatalon.clickTabCanineStat("Object Repository/Canine/Filter/Diagnosis/DIAGNOSIS_Ddn"): ctdc.utilities.runtestcaseforKatalon.clickTabCanineStat is PASSED

2022-04-07 11:29:36 - [MESSAGE][PASSED] - ctdc.utilities.runtestcaseforKatalon.clickTabCanineStat is PASSED

2022-04-07 11:29:36 - [TEST_STEP][PASSED] - Thread.sleep(2000): null

2022-04-07 11:29:38 - [TEST_STEP][PASSED] - waitForElementPresent(findTestObject("Object Repository/Canine/Filter/Diagnosis/OsteoSarcoma_Chkbx"), 30): Object 'Object Repository/Canine/Filter/Diagnosis/OsteoSarcoma_Chkbx' is present

2022-04-07 11:29:38 - [MESSAGE][PASSED] - Object 'Object Repository/Canine/Filter/Diagnosis/OsteoSarcoma_Chkbx' is present

2022-04-07 11:29:38 - [TEST_STEP][PASSED] - verifyElementPresent(findTestObject("Object Repository/Canine/Filter/Diagnosis/OsteoSarcoma_Chkbx"), 5): Object 'Object Repository/Canine/Filter/Diagnosis/OsteoSarcoma_Chkbx' is present

2022-04-07 11:29:38 - [MESSAGE][PASSED] - Object 'Object Repository/Canine/Filter/Diagnosis/OsteoSarcoma_Chkbx' is present

2022-04-07 11:29:38 - [TEST_STEP][PASSED] - ctdc.utilities.runtestcaseforKatalon.clickTabCanineStat("Object Repository/Canine/Filter/Diagnosis/OsteoSarcoma_Chkbx"): ctdc.utilities.runtestcaseforKatalon.clickTabCanineStat is PASSED

2022-04-07 11:29:40 - [MESSAGE][PASSED] - ctdc.utilities.runtestcaseforKatalon.clickTabCanineStat is PASSED

2022-04-07 11:29:40 - [TEST_STEP][PASSED] - waitForElementPresent(findTestObject("Object Repository/Canine/Filter/SampleSite/SAMPLE_SITE_Ddn"), 30): Object 'Object Repository/Canine/Filter/SampleSite/SAMPLE_SITE_Ddn' is present

2022-04-07 11:29:40 - [MESSAGE][PASSED] - Object 'Object Repository/Canine/Filter/SampleSite/SAMPLE_SITE_Ddn' is present

2022-04-07 11:29:40 - [TEST_STEP][PASSED] - verifyElementPresent(findTestObject("Object Repository/Canine/Filter/SampleSite/SAMPLE_SITE_Ddn"), 5): Object 'Object Repository/Canine/Filter/SampleSite/SAMPLE_SITE_Ddn' is present

2022-04-07 11:29:40 - [MESSAGE][PASSED] - Object 'Object Repository/Canine/Filter/SampleSite/SAMPLE_SITE_Ddn' is present

2022-04-07 11:29:40 - [TEST_STEP][PASSED] - ctdc.utilities.runtestcaseforKatalon.clickTabCanineStat("Object Repository/Canine/Filter/SampleSite/SAMPLE_SITE_Ddn"): ctdc.utilities.runtestcaseforKatalon.clickTabCanineStat is PASSED

2022-04-07 11:29:41 - [MESSAGE][PASSED] - ctdc.utilities.runtestcaseforKatalon.clickTabCanineStat is PASSED

2022-04-07 11:29:41 - [TEST_STEP][PASSED] - Thread.sleep(1000): null

2022-04-07 11:29:42 - [TEST_STEP][PASSED] - waitForElementPresent(findTestObject("Object Repository/Canine/Filter/SampleSite/Unknown_Chkbx"), 30): Object 'Object Repository/Canine/Filter/SampleSite/Unknown_Chkbx' is present

2022-04-07 11:29:42 - [MESSAGE][PASSED] - Object 'Object Repository/Canine/Filter/SampleSite/Unknown_Chkbx' is present

2022-04-07 11:29:42 - [TEST_STEP][PASSED] - verifyElementPresent(findTestObject("Object Repository/Canine/Filter/SampleSite/Unknown_Chkbx"), 5): Object 'Object Repository/Canine/Filter/SampleSite/Unknown_Chkbx' is present

2022-04-07 11:29:43 - [MESSAGE][PASSED] - Object 'Object Repository/Canine/Filter/SampleSite/Unknown_Chkbx' is present

2022-04-07 11:29:43 - [TEST_STEP][PASSED] - waitForElementClickable(findTestObject("Object Repository/Canine/Filter/SampleSite/Unknown_Chkbx"), 30): Object 'Object Repository/Canine/Filter/SampleSite/Unknown_Chkbx' is clickable

2022-04-07 11:29:43 - [MESSAGE][PASSED] - Object 'Object Repository/Canine/Filter/SampleSite/Unknown_Chkbx' is clickable

2022-04-07 11:29:43 - [TEST_STEP][PASSED] - ctdc.utilities.runtestcaseforKatalon.clickTabCanineStat("Object Repository/Canine/Filter/SampleSite/Unknown_Chkbx"): ctdc.utilities.runtestcaseforKatalon.clickTabCanineStat is PASSED

2022-04-07 11:29:44 - [MESSAGE][PASSED] - ctdc.utilities.runtestcaseforKatalon.clickTabCanineStat is PASSED

2022-04-07 11:29:44 - [TEST_STEP][PASSED] - ctdc.utilities.runtestcaseforKatalon.clickTab("Object Repository/Canine/Filter/SampleSite/SAMPLE_SITE_Ddn"): ctdc.utilities.runtestcaseforKatalon.clickTab is PASSED

2022-04-07 11:29:44 - [MESSAGE][PASSED] - ctdc.utilities.runtestcaseforKatalon.clickTab is PASSED

2022-04-07 11:29:44 - [TEST_STEP][PASSED] - Thread.sleep(1000): null

2022-04-07 11:29:46 - [TEST_STEP][PASSED] - ctdc.utilities.runtestcaseforKatalon.readStatBarCanine("Object Repository/Canine/StatBar/Canine_StatBar-Programs", "Object Repository/Canine/StatBar/Canine_StatBar-Studies", "Object Repository/Canine/StatBar/Canine_StatBar-Cases", "Object Repository/Canine/StatBar/Canine_StatBar-Samples", "Object Repository/Canine/StatBar/Canine_StatBar-CaseFiles", "Object Repository/Canine/StatBar/Canine_StatBar-StudyFiles"): ctdc.utilities.runtestcaseforKatalon.readStatBarCanine is PASSED

2022-04-07 11:30:04 - [MESSAGE][PASSED] - ctdc.utilities.runtestcaseforKatalon.readStatBarCanine is PASSED

2022-04-07 11:30:04 - [TEST_STEP][PASSED] - waitForElementPresent(findTestObject("Object Repository/Canine/CanineResults_Cases_Tab"), 30): Object 'Object Repository/Canine/CanineResults_Cases_Tab' is present

2022-04-07 11:30:04 - [MESSAGE][PASSED] - Object 'Object Repository/Canine/CanineResults_Cases_Tab' is present

2022-04-07 11:30:04 - [TEST_STEP][PASSED] - verifyElementPresent(findTestObject("Object Repository/Canine/CanineResults_Cases_Tab"), 5): Object 'Object Repository/Canine/CanineResults_Cases_Tab' is present

2022-04-07 11:30:04 - [MESSAGE][PASSED] - Object 'Object Repository/Canine/CanineResults_Cases_Tab' is present

2022-04-07 11:30:04 - [TEST_STEP][PASSED] - ctdc.utilities.runtestcaseforKatalon.clickTab("Object Repository/Canine/CanineResults_Cases_Tab"): ctdc.utilities.runtestcaseforKatalon.clickTab is PASSED

2022-04-07 11:30:04 - [MESSAGE][PASSED] - ctdc.utilities.runtestcaseforKatalon.clickTab is PASSED

2022-04-07 11:30:04 - [TEST_STEP][PASSED] - ctdc.utilities.runtestcaseforKatalon.multiFunction("ICDC", G_StatBar_Cases, "Object Repository/Canine/Canine_CasesTable", "Object Repository/Canine/Canine_TableHeader", "Object Repository/Canine/Canine_CasesTabNextBtn", G_WebTabnameCases, G_CypherTabnameCases, G_QueryCasesTab): Statbar Study Files count matches

2022-04-07 11:30:26 - [MESSAGE][PASSED] - Statbar Programs count matches

2022-04-07 11:30:26 - [MESSAGE][PASSED] - Statbar Studies count matches

2022-04-07 11:30:26 - [MESSAGE][PASSED] - Statbar Cases count matches

2022-04-07 11:30:26 - [MESSAGE][PASSED] - Statbar Samples count matches

2022-04-07 11:30:26 - [MESSAGE][PASSED] - Statbar Case Files count matches

2022-04-07 11:30:26 - [MESSAGE][PASSED] - Statbar Study Files count matches

2022-04-07 11:30:26 - [TEST_STEP][PASSED] - waitForElementPresent(findTestObject("Object Repository/Canine/CanineResults_Samples_Tab"), 30): Object 'Object Repository/Canine/CanineResults_Samples_Tab' is present

2022-04-07 11:30:26 - [MESSAGE][PASSED] - Object 'Object Repository/Canine/CanineResults_Samples_Tab' is present

2022-04-07 11:30:26 - [TEST_STEP][PASSED] - verifyElementPresent(findTestObject("Object Repository/Canine/CanineResults_Samples_Tab"), 5): Object 'Object Repository/Canine/CanineResults_Samples_Tab' is present

2022-04-07 11:30:27 - [MESSAGE][PASSED] - Object 'Object Repository/Canine/CanineResults_Samples_Tab' is present

2022-04-07 11:30:27 - [TEST_STEP][PASSED] - ctdc.utilities.runtestcaseforKatalon.clickTab("Object Repository/Canine/CanineResults_Samples_Tab"): ctdc.utilities.runtestcaseforKatalon.clickTab is PASSED

2022-04-07 11:30:27 - [MESSAGE][PASSED] - ctdc.utilities.runtestcaseforKatalon.clickTab is PASSED

2022-04-07 11:30:27 - [TEST_STEP][PASSED] - ctdc.utilities.runtestcaseforKatalon.multiFunction("ICDC", G_StatBar_Samples, "Object Repository/Canine/Canine_Samples_Table", "Object Repository/Canine/Canine_Samples_TableHdr", "Object Repository/Canine/Canine_SamplesTabNextBtn", G_WebTabnameSamples, G_CypherTabnameSamples, G_QuerySamplesTab): Statbar Study Files count matches

2022-04-07 11:30:47 - [MESSAGE][PASSED] - Statbar Programs count matches

2022-04-07 11:30:47 - [MESSAGE][PASSED] - Statbar Studies count matches

2022-04-07 11:30:47 - [MESSAGE][PASSED] - Statbar Cases count matches

2022-04-07 11:30:47 - [MESSAGE][PASSED] - Statbar Samples count matches

2022-04-07 11:30:47 - [MESSAGE][PASSED] - Statbar Case Files count matches

2022-04-07 11:30:47 - [MESSAGE][PASSED] - Statbar Study Files count matches]]></system-out>
         <system-err><![CDATA[]]></system-err>
      </testcase>
      <testcase name="Test Cases/Canine_TestCases/StudyCombinations/Study-Combinations-OSA01/TC14_Canine_StudyOSA01-Breed-Sex-FileType" time="161.717" classname="Test Cases/Canine_TestCases/StudyCombinations/Study-Combinations-OSA01/TC14_Canine_StudyOSA01-Breed-Sex-FileType" status="PASSED">
         <system-out><![CDATA[2022-04-07 11:30:47 - [TEST_CASE][PASSED] - Test Cases/Canine_TestCases/StudyCombinations/Study-Combinations-OSA01/TC14_Canine_StudyOSA01-Breed-Sex-FileType: Test Cases/Canine_TestCases/StudyCombinations/Study-Combinations-OSA01/TC14_Canine_StudyOSA01-Breed-Sex-FileType

2022-04-07 11:30:47 - [TEST_STEP][PASSED] - Start listener action : getTestScriptName: null

2022-04-07 11:30:47 - [TEST_STEP][PASSED] - TestCaseId = testCaseContext.getTestCaseId(): null

2022-04-07 11:30:47 - [TEST_STEP][PASSED] - out.println("**********this is the value of test case id string******** " + testCaseContext.getTestCaseId()): null

2022-04-07 11:30:47 - [TEST_STEP][PASSED] - G_currentTCName = TestCaseId.substring(TestCaseId.lastIndexOf("TC")): null

2022-04-07 11:30:47 - [TEST_STEP][PASSED] - out.println("This is the test case name : " + G_currentTCName): null

2022-04-07 11:30:48 - [TEST_STEP][PASSED] - closeBrowser(): Browser is closed

2022-04-07 11:30:48 - [MESSAGE][PASSED] - Browser is closed

2022-04-07 11:30:48 - [TEST_STEP][PASSED] - "Driver opened by Katalon is used in Selenium from this step.": null

2022-04-07 11:30:48 - [TEST_STEP][PASSED] - ctdc.utilities.runtestcaseforKatalon.RunKatalon("TC14_Canine_StudyOSA01-Breed-Sex-FileType.xlsx"): Data loaded from input file for the test case. 

2022-04-07 11:30:48 - [MESSAGE][PASSED] - Test case file loaded This is the full filepath after converting to string :C:\Users\sohilz2\Desktop\Commons_Automation\InputFiles\TC14_Canine_StudyOSA01-Breed-Sex-FileType.xlsx

2022-04-07 11:30:48 - [MESSAGE][INFO] - Global variable set for password file is :  C:\Users\sohilz2\Desktop\Commons_Automation\InputFiles\TC14_Canine_StudyOSA01-Breed-Sex-FileType.xlsx

2022-04-07 11:30:52 - [MESSAGE][PASSED] - Data loaded from input file for the test case. 

2022-04-07 11:31:12 - [TEST_STEP][PASSED] - waitForElementPresent(findTestObject("Canine/NavBar/Canine_Cases_Btn"), 20): Object 'Object Repository/Canine/NavBar/Canine_Cases_Btn' is present

2022-04-07 11:31:12 - [MESSAGE][PASSED] - Object 'Object Repository/Canine/NavBar/Canine_Cases_Btn' is present

2022-04-07 11:31:12 - [TEST_STEP][PASSED] - ctdc.utilities.runtestcaseforKatalon.clickTab("Object Repository/Canine/Canine_PopUp_Continue_Btn"): ctdc.utilities.runtestcaseforKatalon.clickTab is PASSED

2022-04-07 11:31:12 - [MESSAGE][PASSED] - ctdc.utilities.runtestcaseforKatalon.clickTab is PASSED

2022-04-07 11:31:12 - [TEST_STEP][PASSED] - out.println("Closed the popup window"): null

2022-04-07 11:31:12 - [TEST_STEP][PASSED] - waitForElementPresent(findTestObject("Canine/NavBar/Canine_Cases_Btn"), 20): Object 'Object Repository/Canine/NavBar/Canine_Cases_Btn' is present

2022-04-07 11:31:12 - [MESSAGE][PASSED] - Object 'Object Repository/Canine/NavBar/Canine_Cases_Btn' is present

2022-04-07 11:31:12 - [TEST_STEP][PASSED] - ctdc.utilities.runtestcaseforKatalon.clickTab("Canine/NavBar/Canine_Cases_Btn"): ctdc.utilities.runtestcaseforKatalon.clickTab is PASSED

2022-04-07 11:31:13 - [MESSAGE][PASSED] - ctdc.utilities.runtestcaseforKatalon.clickTab is PASSED

2022-04-07 11:31:13 - [TEST_STEP][PASSED] - waitForElementPresent(findTestObject("Object Repository/Canine/Filter/Study/Canine_Filter_Study"), 30): Object 'Object Repository/Canine/Filter/Study/Canine_Filter_Study' is present

2022-04-07 11:31:14 - [MESSAGE][PASSED] - Object 'Object Repository/Canine/Filter/Study/Canine_Filter_Study' is present

2022-04-07 11:31:14 - [TEST_STEP][PASSED] - verifyElementPresent(findTestObject("Object Repository/Canine/Filter/Study/Canine_Filter_Study"), 5): Object 'Object Repository/Canine/Filter/Study/Canine_Filter_Study' is present

2022-04-07 11:31:14 - [MESSAGE][PASSED] - Object 'Object Repository/Canine/Filter/Study/Canine_Filter_Study' is present

2022-04-07 11:31:14 - [TEST_STEP][PASSED] - ctdc.utilities.runtestcaseforKatalon.clickTab("Object Repository/Canine/Filter/Study/Canine_Filter_Study"): ctdc.utilities.runtestcaseforKatalon.clickTab is PASSED

2022-04-07 11:31:15 - [MESSAGE][PASSED] - ctdc.utilities.runtestcaseforKatalon.clickTab is PASSED

2022-04-07 11:31:15 - [TEST_STEP][PASSED] - waitForElementPresent(findTestObject("Object Repository/Canine/Filter/Study/Canine_Filter_Study-OSA01_Chkbx"), 30): Object 'Object Repository/Canine/Filter/Study/Canine_Filter_Study-OSA01_Chkbx' is present

2022-04-07 11:31:15 - [MESSAGE][PASSED] - Object 'Object Repository/Canine/Filter/Study/Canine_Filter_Study-OSA01_Chkbx' is present

2022-04-07 11:31:15 - [TEST_STEP][PASSED] - verifyElementPresent(findTestObject("Object Repository/Canine/Filter/Study/Canine_Filter_Study-OSA01_Chkbx"), 5): Object 'Object Repository/Canine/Filter/Study/Canine_Filter_Study-OSA01_Chkbx' is present

2022-04-07 11:31:16 - [MESSAGE][PASSED] - Object 'Object Repository/Canine/Filter/Study/Canine_Filter_Study-OSA01_Chkbx' is present

2022-04-07 11:31:16 - [TEST_STEP][PASSED] - ctdc.utilities.runtestcaseforKatalon.clickTab("Object Repository/Canine/Filter/Study/Canine_Filter_Study-OSA01_Chkbx"): ctdc.utilities.runtestcaseforKatalon.clickTab is PASSED

2022-04-07 11:31:16 - [MESSAGE][PASSED] - ctdc.utilities.runtestcaseforKatalon.clickTab is PASSED

2022-04-07 11:31:16 - [TEST_STEP][PASSED] - waitForElementPresent(findTestObject("Object Repository/Canine/Filter/Breed/BREED_Ddn"), 30): Object 'Object Repository/Canine/Filter/Breed/BREED_Ddn' is present

2022-04-07 11:31:16 - [MESSAGE][PASSED] - Object 'Object Repository/Canine/Filter/Breed/BREED_Ddn' is present

2022-04-07 11:31:16 - [TEST_STEP][PASSED] - verifyElementPresent(findTestObject("Object Repository/Canine/Filter/Breed/BREED_Ddn"), 5): Object 'Object Repository/Canine/Filter/Breed/BREED_Ddn' is present

2022-04-07 11:31:17 - [MESSAGE][PASSED] - Object 'Object Repository/Canine/Filter/Breed/BREED_Ddn' is present

2022-04-07 11:31:17 - [TEST_STEP][PASSED] - ctdc.utilities.runtestcaseforKatalon.clickTabCanineStat("Object Repository/Canine/Filter/Breed/BREED_Ddn"): ctdc.utilities.runtestcaseforKatalon.clickTabCanineStat is PASSED

2022-04-07 11:31:19 - [MESSAGE][PASSED] - ctdc.utilities.runtestcaseforKatalon.clickTabCanineStat is PASSED

2022-04-07 11:31:19 - [TEST_STEP][PASSED] - waitForElementPresent(findTestObject("Object Repository/Canine/Filter/Breed/GoldenRetr_Chkbx"), 30): Object 'Object Repository/Canine/Filter/Breed/GoldenRetr_Chkbx' is present

2022-04-07 11:31:19 - [MESSAGE][PASSED] - Object 'Object Repository/Canine/Filter/Breed/GoldenRetr_Chkbx' is present

2022-04-07 11:31:19 - [TEST_STEP][PASSED] - verifyElementPresent(findTestObject("Object Repository/Canine/Filter/Breed/GoldenRetr_Chkbx"), 5): Object 'Object Repository/Canine/Filter/Breed/GoldenRetr_Chkbx' is present

2022-04-07 11:31:19 - [MESSAGE][PASSED] - Object 'Object Repository/Canine/Filter/Breed/GoldenRetr_Chkbx' is present

2022-04-07 11:31:19 - [TEST_STEP][PASSED] - ctdc.utilities.runtestcaseforKatalon.clickTabCanineStat("Object Repository/Canine/Filter/Breed/GoldenRetr_Chkbx"): ctdc.utilities.runtestcaseforKatalon.clickTabCanineStat is PASSED

2022-04-07 11:31:20 - [MESSAGE][PASSED] - ctdc.utilities.runtestcaseforKatalon.clickTabCanineStat is PASSED

2022-04-07 11:31:20 - [TEST_STEP][PASSED] - waitForElementPresent(findTestObject("Object Repository/Canine/Filter/Breed/LabradorRetriever_Chkbx"), 30): Object 'Object Repository/Canine/Filter/Breed/LabradorRetriever_Chkbx' is present

2022-04-07 11:31:21 - [MESSAGE][PASSED] - Object 'Object Repository/Canine/Filter/Breed/LabradorRetriever_Chkbx' is present

2022-04-07 11:31:21 - [TEST_STEP][PASSED] - verifyElementPresent(findTestObject("Object Repository/Canine/Filter/Breed/LabradorRetriever_Chkbx"), 5): Object 'Object Repository/Canine/Filter/Breed/LabradorRetriever_Chkbx' is present

2022-04-07 11:31:21 - [MESSAGE][PASSED] - Object 'Object Repository/Canine/Filter/Breed/LabradorRetriever_Chkbx' is present

2022-04-07 11:31:21 - [TEST_STEP][PASSED] - ctdc.utilities.runtestcaseforKatalon.clickTabCanineStat("Object Repository/Canine/Filter/Breed/LabradorRetriever_Chkbx"): ctdc.utilities.runtestcaseforKatalon.clickTabCanineStat is PASSED

2022-04-07 11:31:22 - [MESSAGE][PASSED] - ctdc.utilities.runtestcaseforKatalon.clickTabCanineStat is PASSED

2022-04-07 11:31:22 - [TEST_STEP][PASSED] - waitForElementPresent(findTestObject("Object Repository/Canine/Filter/Sex/SEX_Ddn"), 30): Object 'Object Repository/Canine/Filter/Sex/SEX_Ddn' is present

2022-04-07 11:31:22 - [MESSAGE][PASSED] - Object 'Object Repository/Canine/Filter/Sex/SEX_Ddn' is present

2022-04-07 11:31:22 - [TEST_STEP][PASSED] - verifyElementPresent(findTestObject("Object Repository/Canine/Filter/Sex/SEX_Ddn"), 5): Object 'Object Repository/Canine/Filter/Sex/SEX_Ddn' is present

2022-04-07 11:31:22 - [MESSAGE][PASSED] - Object 'Object Repository/Canine/Filter/Sex/SEX_Ddn' is present

2022-04-07 11:31:22 - [TEST_STEP][PASSED] - ctdc.utilities.runtestcaseforKatalon.clickTabCanineStat("Object Repository/Canine/Filter/Sex/SEX_Ddn"): ctdc.utilities.runtestcaseforKatalon.clickTabCanineStat is PASSED

2022-04-07 11:31:24 - [MESSAGE][PASSED] - ctdc.utilities.runtestcaseforKatalon.clickTabCanineStat is PASSED

2022-04-07 11:31:24 - [TEST_STEP][PASSED] - waitForElementPresent(findTestObject("Object Repository/Canine/Filter/Sex/Male_Chkbx"), 30): Object 'Object Repository/Canine/Filter/Sex/Male_Chkbx' is present

2022-04-07 11:31:24 - [MESSAGE][PASSED] - Object 'Object Repository/Canine/Filter/Sex/Male_Chkbx' is present

2022-04-07 11:31:24 - [TEST_STEP][PASSED] - verifyElementPresent(findTestObject("Object Repository/Canine/Filter/Sex/Male_Chkbx"), 5): Object 'Object Repository/Canine/Filter/Sex/Male_Chkbx' is present

2022-04-07 11:31:24 - [MESSAGE][PASSED] - Object 'Object Repository/Canine/Filter/Sex/Male_Chkbx' is present

2022-04-07 11:31:24 - [TEST_STEP][PASSED] - ctdc.utilities.runtestcaseforKatalon.clickTabCanineStat("Object Repository/Canine/Filter/Sex/Male_Chkbx"): ctdc.utilities.runtestcaseforKatalon.clickTabCanineStat is PASSED

2022-04-07 11:31:26 - [MESSAGE][PASSED] - ctdc.utilities.runtestcaseforKatalon.clickTabCanineStat is PASSED

2022-04-07 11:31:26 - [TEST_STEP][PASSED] - waitForElementPresent(findTestObject("Object Repository/Canine/Filter/FileType/FILETYPE_Ddn"), 30): Object 'Object Repository/Canine/Filter/FileType/FILETYPE_Ddn' is present

2022-04-07 11:31:26 - [MESSAGE][PASSED] - Object 'Object Repository/Canine/Filter/FileType/FILETYPE_Ddn' is present

2022-04-07 11:31:26 - [TEST_STEP][PASSED] - verifyElementPresent(findTestObject("Object Repository/Canine/Filter/FileType/FILETYPE_Ddn"), 5): Object 'Object Repository/Canine/Filter/FileType/FILETYPE_Ddn' is present

2022-04-07 11:31:26 - [MESSAGE][PASSED] - Object 'Object Repository/Canine/Filter/FileType/FILETYPE_Ddn' is present

2022-04-07 11:31:26 - [TEST_STEP][PASSED] - ctdc.utilities.runtestcaseforKatalon.clickTabCanineStat("Object Repository/Canine/Filter/FileType/FILETYPE_Ddn"): ctdc.utilities.runtestcaseforKatalon.clickTabCanineStat is PASSED

2022-04-07 11:31:27 - [MESSAGE][PASSED] - ctdc.utilities.runtestcaseforKatalon.clickTabCanineStat is PASSED

2022-04-07 11:31:27 - [TEST_STEP][PASSED] - waitForElementPresent(findTestObject("Object Repository/Canine/Filter/FileType/IndexFile_Chkbx"), 30): Object 'Object Repository/Canine/Filter/FileType/IndexFile_Chkbx' is present

2022-04-07 11:31:27 - [MESSAGE][PASSED] - Object 'Object Repository/Canine/Filter/FileType/IndexFile_Chkbx' is present

2022-04-07 11:31:27 - [TEST_STEP][PASSED] - verifyElementPresent(findTestObject("Object Repository/Canine/Filter/FileType/IndexFile_Chkbx"), 5): Object 'Object Repository/Canine/Filter/FileType/IndexFile_Chkbx' is present

2022-04-07 11:31:28 - [MESSAGE][PASSED] - Object 'Object Repository/Canine/Filter/FileType/IndexFile_Chkbx' is present

2022-04-07 11:31:28 - [TEST_STEP][PASSED] - ctdc.utilities.runtestcaseforKatalon.clickTabCanineStat("Object Repository/Canine/Filter/FileType/IndexFile_Chkbx"): ctdc.utilities.runtestcaseforKatalon.clickTabCanineStat is PASSED

2022-04-07 11:31:29 - [MESSAGE][PASSED] - ctdc.utilities.runtestcaseforKatalon.clickTabCanineStat is PASSED

2022-04-07 11:31:29 - [TEST_STEP][PASSED] - ctdc.utilities.runtestcaseforKatalon.readStatBarCanine("Object Repository/Canine/StatBar/Canine_StatBar-Programs", "Object Repository/Canine/StatBar/Canine_StatBar-Studies", "Object Repository/Canine/StatBar/Canine_StatBar-Cases", "Object Repository/Canine/StatBar/Canine_StatBar-Samples", "Object Repository/Canine/StatBar/Canine_StatBar-CaseFiles", "Object Repository/Canine/StatBar/Canine_StatBar-StudyFiles"): ctdc.utilities.runtestcaseforKatalon.readStatBarCanine is PASSED

2022-04-07 11:31:47 - [MESSAGE][PASSED] - ctdc.utilities.runtestcaseforKatalon.readStatBarCanine is PASSED

2022-04-07 11:31:47 - [TEST_STEP][PASSED] - waitForElementPresent(findTestObject("Object Repository/Canine/CanineResults_Cases_Tab"), 5): Object 'Object Repository/Canine/CanineResults_Cases_Tab' is present

2022-04-07 11:31:48 - [MESSAGE][PASSED] - Object 'Object Repository/Canine/CanineResults_Cases_Tab' is present

2022-04-07 11:31:48 - [TEST_STEP][PASSED] - ctdc.utilities.runtestcaseforKatalon.clickTab("Object Repository/Canine/CanineResults_Cases_Tab"): ctdc.utilities.runtestcaseforKatalon.clickTab is PASSED

2022-04-07 11:31:48 - [MESSAGE][PASSED] - ctdc.utilities.runtestcaseforKatalon.clickTab is PASSED

2022-04-07 11:31:48 - [TEST_STEP][PASSED] - ctdc.utilities.runtestcaseforKatalon.multiFunction("ICDC", G_StatBar_Cases, "Object Repository/Canine/Canine_CasesTable", "Object Repository/Canine/Canine_TableHeader", "Object Repository/Canine/Canine_CasesTabNextBtn", G_WebTabnameCases, G_CypherTabnameCases, G_QueryCasesTab): Statbar Study Files count matches

2022-04-07 11:32:15 - [MESSAGE][PASSED] - Statbar Programs count matches

2022-04-07 11:32:15 - [MESSAGE][PASSED] - Statbar Studies count matches

2022-04-07 11:32:15 - [MESSAGE][PASSED] - Statbar Cases count matches

2022-04-07 11:32:15 - [MESSAGE][PASSED] - Statbar Samples count matches

2022-04-07 11:32:15 - [MESSAGE][PASSED] - Statbar Case Files count matches

2022-04-07 11:32:15 - [MESSAGE][PASSED] - Statbar Study Files count matches

2022-04-07 11:32:15 - [TEST_STEP][PASSED] - waitForElementPresent(findTestObject("Object Repository/Canine/CanineResults_Samples_Tab"), 5): Object 'Object Repository/Canine/CanineResults_Samples_Tab' is present

2022-04-07 11:32:15 - [MESSAGE][PASSED] - Object 'Object Repository/Canine/CanineResults_Samples_Tab' is present

2022-04-07 11:32:15 - [TEST_STEP][PASSED] - ctdc.utilities.runtestcaseforKatalon.clickTab("Object Repository/Canine/CanineResults_Samples_Tab"): ctdc.utilities.runtestcaseforKatalon.clickTab is PASSED

2022-04-07 11:32:16 - [MESSAGE][PASSED] - ctdc.utilities.runtestcaseforKatalon.clickTab is PASSED

2022-04-07 11:32:16 - [TEST_STEP][PASSED] - ctdc.utilities.runtestcaseforKatalon.multiFunction("ICDC", G_StatBar_Samples, "Object Repository/Canine/Canine_Samples_Table", "Object Repository/Canine/Canine_Samples_TableHdr", "Object Repository/Canine/Canine_SamplesTabNextBtn", G_WebTabnameSamples, G_CypherTabnameSamples, G_QuerySamplesTab): Statbar Study Files count matches

2022-04-07 11:33:28 - [MESSAGE][PASSED] - Statbar Programs count matches

2022-04-07 11:33:28 - [MESSAGE][PASSED] - Statbar Studies count matches

2022-04-07 11:33:28 - [MESSAGE][PASSED] - Statbar Cases count matches

2022-04-07 11:33:28 - [MESSAGE][PASSED] - Statbar Samples count matches

2022-04-07 11:33:28 - [MESSAGE][PASSED] - Statbar Case Files count matches

2022-04-07 11:33:28 - [MESSAGE][PASSED] - Statbar Study Files count matches

2022-04-07 11:33:28 - [TEST_STEP][PASSED] - closeBrowser(): Browser is closed

2022-04-07 11:33:28 - [MESSAGE][PASSED] - Browser is closed]]></system-out>
         <system-err><![CDATA[]]></system-err>
      </testcase>
      <testcase name="Test Cases/Canine_TestCases/StudyCombinations/Study-Combinations-OSA01/TC15_Canine_StudyOSA01-Breed-FileType" time="185.083" classname="Test Cases/Canine_TestCases/StudyCombinations/Study-Combinations-OSA01/TC15_Canine_StudyOSA01-Breed-FileType" status="PASSED">
         <system-out><![CDATA[2022-04-07 11:33:28 - [TEST_CASE][PASSED] - Test Cases/Canine_TestCases/StudyCombinations/Study-Combinations-OSA01/TC15_Canine_StudyOSA01-Breed-FileType: Test Cases/Canine_TestCases/StudyCombinations/Study-Combinations-OSA01/TC15_Canine_StudyOSA01-Breed-FileType

2022-04-07 11:33:29 - [TEST_STEP][PASSED] - Start listener action : getTestScriptName: null

2022-04-07 11:33:29 - [TEST_STEP][PASSED] - TestCaseId = testCaseContext.getTestCaseId(): null

2022-04-07 11:33:29 - [TEST_STEP][PASSED] - out.println("**********this is the value of test case id string******** " + testCaseContext.getTestCaseId()): null

2022-04-07 11:33:29 - [TEST_STEP][PASSED] - G_currentTCName = TestCaseId.substring(TestCaseId.lastIndexOf("TC")): null

2022-04-07 11:33:29 - [TEST_STEP][PASSED] - out.println("This is the test case name : " + G_currentTCName): null

2022-04-07 11:33:29 - [TEST_STEP][PASSED] - closeBrowser(): Browser is closed

2022-04-07 11:33:29 - [MESSAGE][PASSED] - Browser is closed

2022-04-07 11:33:29 - [TEST_STEP][PASSED] - "Driver opened by Katalon is used in Selenium from this step.": null

2022-04-07 11:33:29 - [TEST_STEP][PASSED] - ctdc.utilities.runtestcaseforKatalon.RunKatalon("TC15_Canine_StudyOSA01-Breed-FileType.xlsx"): Data loaded from input file for the test case. 

2022-04-07 11:33:29 - [MESSAGE][PASSED] - Test case file loaded This is the full filepath after converting to string :C:\Users\sohilz2\Desktop\Commons_Automation\InputFiles\TC15_Canine_StudyOSA01-Breed-FileType.xlsx

2022-04-07 11:33:29 - [MESSAGE][INFO] - Global variable set for password file is :  C:\Users\sohilz2\Desktop\Commons_Automation\InputFiles\TC15_Canine_StudyOSA01-Breed-FileType.xlsx

2022-04-07 11:33:33 - [MESSAGE][PASSED] - Data loaded from input file for the test case. 

2022-04-07 11:33:49 - [TEST_STEP][PASSED] - waitForElementPresent(findTestObject("Canine/NavBar/Canine_Cases_Btn"), 20): Object 'Object Repository/Canine/NavBar/Canine_Cases_Btn' is present

2022-04-07 11:33:49 - [MESSAGE][PASSED] - Object 'Object Repository/Canine/NavBar/Canine_Cases_Btn' is present

2022-04-07 11:33:49 - [TEST_STEP][PASSED] - ctdc.utilities.runtestcaseforKatalon.clickTab("Object Repository/Canine/Canine_PopUp_Continue_Btn"): ctdc.utilities.runtestcaseforKatalon.clickTab is PASSED

2022-04-07 11:33:50 - [MESSAGE][PASSED] - ctdc.utilities.runtestcaseforKatalon.clickTab is PASSED

2022-04-07 11:33:50 - [TEST_STEP][PASSED] - out.println("Closed the popup window"): null

2022-04-07 11:33:50 - [TEST_STEP][PASSED] - waitForElementPresent(findTestObject("Canine/NavBar/Canine_Cases_Btn"), 20): Object 'Object Repository/Canine/NavBar/Canine_Cases_Btn' is present

2022-04-07 11:33:50 - [MESSAGE][PASSED] - Object 'Object Repository/Canine/NavBar/Canine_Cases_Btn' is present

2022-04-07 11:33:50 - [TEST_STEP][PASSED] - ctdc.utilities.runtestcaseforKatalon.clickTab("Canine/NavBar/Canine_Cases_Btn"): ctdc.utilities.runtestcaseforKatalon.clickTab is PASSED

2022-04-07 11:33:50 - [MESSAGE][PASSED] - ctdc.utilities.runtestcaseforKatalon.clickTab is PASSED

2022-04-07 11:33:50 - [TEST_STEP][PASSED] - waitForElementPresent(findTestObject("Object Repository/Canine/Filter/Study/Canine_Filter_Study"), 30): Object 'Object Repository/Canine/Filter/Study/Canine_Filter_Study' is present

2022-04-07 11:33:52 - [MESSAGE][PASSED] - Object 'Object Repository/Canine/Filter/Study/Canine_Filter_Study' is present

2022-04-07 11:33:52 - [TEST_STEP][PASSED] - verifyElementPresent(findTestObject("Object Repository/Canine/Filter/Study/Canine_Filter_Study"), 5): Object 'Object Repository/Canine/Filter/Study/Canine_Filter_Study' is present

2022-04-07 11:33:52 - [MESSAGE][PASSED] - Object 'Object Repository/Canine/Filter/Study/Canine_Filter_Study' is present

2022-04-07 11:33:52 - [TEST_STEP][PASSED] - ctdc.utilities.runtestcaseforKatalon.clickTab("Object Repository/Canine/Filter/Study/Canine_Filter_Study"): ctdc.utilities.runtestcaseforKatalon.clickTab is PASSED

2022-04-07 11:33:53 - [MESSAGE][PASSED] - ctdc.utilities.runtestcaseforKatalon.clickTab is PASSED

2022-04-07 11:33:53 - [TEST_STEP][PASSED] - waitForElementPresent(findTestObject("Object Repository/Canine/Filter/Study/Canine_Filter_Study-OSA01_Chkbx"), 30): Object 'Object Repository/Canine/Filter/Study/Canine_Filter_Study-OSA01_Chkbx' is present

2022-04-07 11:33:53 - [MESSAGE][PASSED] - Object 'Object Repository/Canine/Filter/Study/Canine_Filter_Study-OSA01_Chkbx' is present

2022-04-07 11:33:53 - [TEST_STEP][PASSED] - verifyElementPresent(findTestObject("Object Repository/Canine/Filter/Study/Canine_Filter_Study-OSA01_Chkbx"), 5): Object 'Object Repository/Canine/Filter/Study/Canine_Filter_Study-OSA01_Chkbx' is present

2022-04-07 11:33:53 - [MESSAGE][PASSED] - Object 'Object Repository/Canine/Filter/Study/Canine_Filter_Study-OSA01_Chkbx' is present

2022-04-07 11:33:53 - [TEST_STEP][PASSED] - ctdc.utilities.runtestcaseforKatalon.clickTab("Object Repository/Canine/Filter/Study/Canine_Filter_Study-OSA01_Chkbx"): ctdc.utilities.runtestcaseforKatalon.clickTab is PASSED

2022-04-07 11:33:54 - [MESSAGE][PASSED] - ctdc.utilities.runtestcaseforKatalon.clickTab is PASSED

2022-04-07 11:33:54 - [TEST_STEP][PASSED] - waitForElementPresent(findTestObject("Object Repository/Canine/Filter/Breed/BREED_Ddn"), 30): Object 'Object Repository/Canine/Filter/Breed/BREED_Ddn' is present

2022-04-07 11:33:54 - [MESSAGE][PASSED] - Object 'Object Repository/Canine/Filter/Breed/BREED_Ddn' is present

2022-04-07 11:33:54 - [TEST_STEP][PASSED] - verifyElementPresent(findTestObject("Object Repository/Canine/Filter/Breed/BREED_Ddn"), 5): Object 'Object Repository/Canine/Filter/Breed/BREED_Ddn' is present

2022-04-07 11:33:55 - [MESSAGE][PASSED] - Object 'Object Repository/Canine/Filter/Breed/BREED_Ddn' is present

2022-04-07 11:33:55 - [TEST_STEP][PASSED] - ctdc.utilities.runtestcaseforKatalon.clickTabCanineStat("Object Repository/Canine/Filter/Breed/BREED_Ddn"): ctdc.utilities.runtestcaseforKatalon.clickTabCanineStat is PASSED

2022-04-07 11:33:56 - [MESSAGE][PASSED] - ctdc.utilities.runtestcaseforKatalon.clickTabCanineStat is PASSED

2022-04-07 11:33:56 - [TEST_STEP][PASSED] - waitForElementPresent(findTestObject("Object Repository/Canine/Filter/Breed/GoldenRetr_Chkbx"), 30): Object 'Object Repository/Canine/Filter/Breed/GoldenRetr_Chkbx' is present

2022-04-07 11:33:56 - [MESSAGE][PASSED] - Object 'Object Repository/Canine/Filter/Breed/GoldenRetr_Chkbx' is present

2022-04-07 11:33:56 - [TEST_STEP][PASSED] - verifyElementPresent(findTestObject("Object Repository/Canine/Filter/Breed/GoldenRetr_Chkbx"), 5): Object 'Object Repository/Canine/Filter/Breed/GoldenRetr_Chkbx' is present

2022-04-07 11:33:57 - [MESSAGE][PASSED] - Object 'Object Repository/Canine/Filter/Breed/GoldenRetr_Chkbx' is present

2022-04-07 11:33:57 - [TEST_STEP][PASSED] - ctdc.utilities.runtestcaseforKatalon.clickTabCanineStat("Object Repository/Canine/Filter/Breed/GoldenRetr_Chkbx"): ctdc.utilities.runtestcaseforKatalon.clickTabCanineStat is PASSED

2022-04-07 11:33:58 - [MESSAGE][PASSED] - ctdc.utilities.runtestcaseforKatalon.clickTabCanineStat is PASSED

2022-04-07 11:33:58 - [TEST_STEP][PASSED] - waitForElementPresent(findTestObject("Object Repository/Canine/Filter/Breed/LabradorRetriever_Chkbx"), 30): Object 'Object Repository/Canine/Filter/Breed/LabradorRetriever_Chkbx' is present

2022-04-07 11:33:58 - [MESSAGE][PASSED] - Object 'Object Repository/Canine/Filter/Breed/LabradorRetriever_Chkbx' is present

2022-04-07 11:33:58 - [TEST_STEP][PASSED] - verifyElementPresent(findTestObject("Object Repository/Canine/Filter/Breed/LabradorRetriever_Chkbx"), 5): Object 'Object Repository/Canine/Filter/Breed/LabradorRetriever_Chkbx' is present

2022-04-07 11:33:58 - [MESSAGE][PASSED] - Object 'Object Repository/Canine/Filter/Breed/LabradorRetriever_Chkbx' is present

2022-04-07 11:33:58 - [TEST_STEP][PASSED] - ctdc.utilities.runtestcaseforKatalon.clickTabCanineStat("Object Repository/Canine/Filter/Breed/LabradorRetriever_Chkbx"): ctdc.utilities.runtestcaseforKatalon.clickTabCanineStat is PASSED

2022-04-07 11:34:00 - [MESSAGE][PASSED] - ctdc.utilities.runtestcaseforKatalon.clickTabCanineStat is PASSED

2022-04-07 11:34:00 - [TEST_STEP][PASSED] - waitForElementPresent(findTestObject("Object Repository/Canine/Filter/FileType/FILETYPE_Ddn"), 30): Object 'Object Repository/Canine/Filter/FileType/FILETYPE_Ddn' is present

2022-04-07 11:34:00 - [MESSAGE][PASSED] - Object 'Object Repository/Canine/Filter/FileType/FILETYPE_Ddn' is present

2022-04-07 11:34:00 - [TEST_STEP][PASSED] - verifyElementPresent(findTestObject("Object Repository/Canine/Filter/FileType/FILETYPE_Ddn"), 5): Object 'Object Repository/Canine/Filter/FileType/FILETYPE_Ddn' is present

2022-04-07 11:34:00 - [MESSAGE][PASSED] - Object 'Object Repository/Canine/Filter/FileType/FILETYPE_Ddn' is present

2022-04-07 11:34:00 - [TEST_STEP][PASSED] - ctdc.utilities.runtestcaseforKatalon.clickTabCanineStat("Object Repository/Canine/Filter/FileType/FILETYPE_Ddn"): ctdc.utilities.runtestcaseforKatalon.clickTabCanineStat is PASSED

2022-04-07 11:34:01 - [MESSAGE][PASSED] - ctdc.utilities.runtestcaseforKatalon.clickTabCanineStat is PASSED

2022-04-07 11:34:01 - [TEST_STEP][PASSED] - waitForElementPresent(findTestObject("Object Repository/Canine/Filter/FileType/IndexFile_Chkbx"), 30): Object 'Object Repository/Canine/Filter/FileType/IndexFile_Chkbx' is present

2022-04-07 11:34:02 - [MESSAGE][PASSED] - Object 'Object Repository/Canine/Filter/FileType/IndexFile_Chkbx' is present

2022-04-07 11:34:02 - [TEST_STEP][PASSED] - verifyElementPresent(findTestObject("Object Repository/Canine/Filter/FileType/IndexFile_Chkbx"), 5): Object 'Object Repository/Canine/Filter/FileType/IndexFile_Chkbx' is present

2022-04-07 11:34:02 - [MESSAGE][PASSED] - Object 'Object Repository/Canine/Filter/FileType/IndexFile_Chkbx' is present

2022-04-07 11:34:02 - [TEST_STEP][PASSED] - ctdc.utilities.runtestcaseforKatalon.clickTabCanineStat("Object Repository/Canine/Filter/FileType/IndexFile_Chkbx"): ctdc.utilities.runtestcaseforKatalon.clickTabCanineStat is PASSED

2022-04-07 11:34:04 - [MESSAGE][PASSED] - ctdc.utilities.runtestcaseforKatalon.clickTabCanineStat is PASSED

2022-04-07 11:34:04 - [TEST_STEP][PASSED] - ctdc.utilities.runtestcaseforKatalon.readStatBarCanine("Object Repository/Canine/StatBar/Canine_StatBar-Programs", "Object Repository/Canine/StatBar/Canine_StatBar-Studies", "Object Repository/Canine/StatBar/Canine_StatBar-Cases", "Object Repository/Canine/StatBar/Canine_StatBar-Samples", "Object Repository/Canine/StatBar/Canine_StatBar-CaseFiles", "Object Repository/Canine/StatBar/Canine_StatBar-StudyFiles"): ctdc.utilities.runtestcaseforKatalon.readStatBarCanine is PASSED

2022-04-07 11:34:22 - [MESSAGE][PASSED] - ctdc.utilities.runtestcaseforKatalon.readStatBarCanine is PASSED

2022-04-07 11:34:22 - [TEST_STEP][PASSED] - waitForElementPresent(findTestObject("Object Repository/Canine/CanineResults_Cases_Tab"), 5): Object 'Object Repository/Canine/CanineResults_Cases_Tab' is present

2022-04-07 11:34:22 - [MESSAGE][PASSED] - Object 'Object Repository/Canine/CanineResults_Cases_Tab' is present

2022-04-07 11:34:22 - [TEST_STEP][PASSED] - ctdc.utilities.runtestcaseforKatalon.clickTab("Object Repository/Canine/CanineResults_Cases_Tab"): ctdc.utilities.runtestcaseforKatalon.clickTab is PASSED

2022-04-07 11:34:23 - [MESSAGE][PASSED] - ctdc.utilities.runtestcaseforKatalon.clickTab is PASSED

2022-04-07 11:34:23 - [TEST_STEP][PASSED] - ctdc.utilities.runtestcaseforKatalon.multiFunction("ICDC", G_StatBar_Cases, "Object Repository/Canine/Canine_CasesTable", "Object Repository/Canine/Canine_TableHeader", "Object Repository/Canine/Canine_CasesTabNextBtn", G_WebTabnameCases, G_CypherTabnameCases, G_QueryCasesTab): Statbar Study Files count matches

2022-04-07 11:35:03 - [MESSAGE][PASSED] - Statbar Programs count matches

2022-04-07 11:35:03 - [MESSAGE][PASSED] - Statbar Studies count matches

2022-04-07 11:35:03 - [MESSAGE][PASSED] - Statbar Cases count matches

2022-04-07 11:35:03 - [MESSAGE][PASSED] - Statbar Samples count matches

2022-04-07 11:35:03 - [MESSAGE][PASSED] - Statbar Case Files count matches

2022-04-07 11:35:03 - [MESSAGE][PASSED] - Statbar Study Files count matches

2022-04-07 11:35:03 - [TEST_STEP][PASSED] - waitForElementPresent(findTestObject("Object Repository/Canine/CanineResults_Samples_Tab"), 5): Object 'Object Repository/Canine/CanineResults_Samples_Tab' is present

2022-04-07 11:35:04 - [MESSAGE][PASSED] - Object 'Object Repository/Canine/CanineResults_Samples_Tab' is present

2022-04-07 11:35:04 - [TEST_STEP][PASSED] - ctdc.utilities.runtestcaseforKatalon.clickTab("Object Repository/Canine/CanineResults_Samples_Tab"): ctdc.utilities.runtestcaseforKatalon.clickTab is PASSED

2022-04-07 11:35:04 - [MESSAGE][PASSED] - ctdc.utilities.runtestcaseforKatalon.clickTab is PASSED

2022-04-07 11:35:04 - [TEST_STEP][PASSED] - ctdc.utilities.runtestcaseforKatalon.multiFunction("ICDC", G_StatBar_Samples, "Object Repository/Canine/Canine_Samples_Table", "Object Repository/Canine/Canine_Samples_TableHdr", "Object Repository/Canine/Canine_SamplesTabNextBtn", G_WebTabnameSamples, G_CypherTabnameSamples, G_QuerySamplesTab): Statbar Study Files count matches

2022-04-07 11:36:33 - [MESSAGE][PASSED] - Statbar Programs count matches

2022-04-07 11:36:33 - [MESSAGE][PASSED] - Statbar Studies count matches

2022-04-07 11:36:33 - [MESSAGE][PASSED] - Statbar Cases count matches

2022-04-07 11:36:33 - [MESSAGE][PASSED] - Statbar Samples count matches

2022-04-07 11:36:33 - [MESSAGE][PASSED] - Statbar Case Files count matches

2022-04-07 11:36:33 - [MESSAGE][PASSED] - Statbar Study Files count matches

2022-04-07 11:36:33 - [TEST_STEP][PASSED] - closeBrowser(): Browser is closed

2022-04-07 11:36:34 - [MESSAGE][PASSED] - Browser is closed]]></system-out>
         <system-err><![CDATA[]]></system-err>
      </testcase>
      <testcase name="Test Cases/Canine_TestCases/StudyCombinations/Study-Combinations-OSA01/TC16_Canine_StudyOSA01-Breed-FileType-FileFormat" time="100.271" classname="Test Cases/Canine_TestCases/StudyCombinations/Study-Combinations-OSA01/TC16_Canine_StudyOSA01-Breed-FileType-FileFormat" status="PASSED">
         <system-out><![CDATA[2022-04-07 11:36:34 - [TEST_CASE][PASSED] - Test Cases/Canine_TestCases/StudyCombinations/Study-Combinations-OSA01/TC16_Canine_StudyOSA01-Breed-FileType-FileFormat: Test Cases/Canine_TestCases/StudyCombinations/Study-Combinations-OSA01/TC16_Canine_StudyOSA01-Breed-FileType-FileFormat

2022-04-07 11:36:34 - [TEST_STEP][PASSED] - Start listener action : getTestScriptName: null

2022-04-07 11:36:34 - [TEST_STEP][PASSED] - TestCaseId = testCaseContext.getTestCaseId(): null

2022-04-07 11:36:34 - [TEST_STEP][PASSED] - out.println("**********this is the value of test case id string******** " + testCaseContext.getTestCaseId()): null

2022-04-07 11:36:34 - [TEST_STEP][PASSED] - G_currentTCName = TestCaseId.substring(TestCaseId.lastIndexOf("TC")): null

2022-04-07 11:36:34 - [TEST_STEP][PASSED] - out.println("This is the test case name : " + G_currentTCName): null

2022-04-07 11:36:34 - [TEST_STEP][PASSED] - closeBrowser(): Browser is closed

2022-04-07 11:36:34 - [MESSAGE][PASSED] - Browser is closed

2022-04-07 11:36:34 - [TEST_STEP][PASSED] - "Driver opened by Katalon is used in Selenium from this step.": null

2022-04-07 11:36:34 - [TEST_STEP][PASSED] - ctdc.utilities.runtestcaseforKatalon.RunKatalon("TC16_Canine_StudyOSA01-Breed-FileType-FileFormat.xlsx"): Data loaded from input file for the test case. 

2022-04-07 11:36:34 - [MESSAGE][PASSED] - Test case file loaded This is the full filepath after converting to string :C:\Users\sohilz2\Desktop\Commons_Automation\InputFiles\TC16_Canine_StudyOSA01-Breed-FileType-FileFormat.xlsx

2022-04-07 11:36:34 - [MESSAGE][INFO] - Global variable set for password file is :  C:\Users\sohilz2\Desktop\Commons_Automation\InputFiles\TC16_Canine_StudyOSA01-Breed-FileType-FileFormat.xlsx

2022-04-07 11:36:39 - [MESSAGE][PASSED] - Data loaded from input file for the test case. 

2022-04-07 11:36:52 - [TEST_STEP][PASSED] - waitForElementPresent(findTestObject("Canine/NavBar/Canine_Cases_Btn"), 20): Object 'Object Repository/Canine/NavBar/Canine_Cases_Btn' is present

2022-04-07 11:36:52 - [MESSAGE][PASSED] - Object 'Object Repository/Canine/NavBar/Canine_Cases_Btn' is present

2022-04-07 11:36:52 - [TEST_STEP][PASSED] - ctdc.utilities.runtestcaseforKatalon.clickTab("Object Repository/Canine/Canine_PopUp_Continue_Btn"): ctdc.utilities.runtestcaseforKatalon.clickTab is PASSED

2022-04-07 11:36:52 - [MESSAGE][PASSED] - ctdc.utilities.runtestcaseforKatalon.clickTab is PASSED

2022-04-07 11:36:52 - [TEST_STEP][PASSED] - out.println("Closed the popup window"): null

2022-04-07 11:36:52 - [TEST_STEP][PASSED] - waitForElementPresent(findTestObject("Canine/NavBar/Canine_Cases_Btn"), 20): Object 'Object Repository/Canine/NavBar/Canine_Cases_Btn' is present

2022-04-07 11:36:52 - [MESSAGE][PASSED] - Object 'Object Repository/Canine/NavBar/Canine_Cases_Btn' is present

2022-04-07 11:36:52 - [TEST_STEP][PASSED] - ctdc.utilities.runtestcaseforKatalon.clickTab("Canine/NavBar/Canine_Cases_Btn"): ctdc.utilities.runtestcaseforKatalon.clickTab is PASSED

2022-04-07 11:36:52 - [MESSAGE][PASSED] - ctdc.utilities.runtestcaseforKatalon.clickTab is PASSED

2022-04-07 11:36:52 - [TEST_STEP][PASSED] - waitForElementPresent(findTestObject("Object Repository/Canine/Filter/Study/Canine_Filter_Study"), 30): Object 'Object Repository/Canine/Filter/Study/Canine_Filter_Study' is present

2022-04-07 11:36:54 - [MESSAGE][PASSED] - Object 'Object Repository/Canine/Filter/Study/Canine_Filter_Study' is present

2022-04-07 11:36:54 - [TEST_STEP][PASSED] - verifyElementPresent(findTestObject("Object Repository/Canine/Filter/Study/Canine_Filter_Study"), 5): Object 'Object Repository/Canine/Filter/Study/Canine_Filter_Study' is present

2022-04-07 11:36:54 - [MESSAGE][PASSED] - Object 'Object Repository/Canine/Filter/Study/Canine_Filter_Study' is present

2022-04-07 11:36:54 - [TEST_STEP][PASSED] - ctdc.utilities.runtestcaseforKatalon.clickTab("Object Repository/Canine/Filter/Study/Canine_Filter_Study"): ctdc.utilities.runtestcaseforKatalon.clickTab is PASSED

2022-04-07 11:36:55 - [MESSAGE][PASSED] - ctdc.utilities.runtestcaseforKatalon.clickTab is PASSED

2022-04-07 11:36:55 - [TEST_STEP][PASSED] - waitForElementPresent(findTestObject("Object Repository/Canine/Filter/Study/Canine_Filter_Study-OSA01_Chkbx"), 30): Object 'Object Repository/Canine/Filter/Study/Canine_Filter_Study-OSA01_Chkbx' is present

2022-04-07 11:36:55 - [MESSAGE][PASSED] - Object 'Object Repository/Canine/Filter/Study/Canine_Filter_Study-OSA01_Chkbx' is present

2022-04-07 11:36:55 - [TEST_STEP][PASSED] - verifyElementPresent(findTestObject("Object Repository/Canine/Filter/Study/Canine_Filter_Study-OSA01_Chkbx"), 5): Object 'Object Repository/Canine/Filter/Study/Canine_Filter_Study-OSA01_Chkbx' is present

2022-04-07 11:36:56 - [MESSAGE][PASSED] - Object 'Object Repository/Canine/Filter/Study/Canine_Filter_Study-OSA01_Chkbx' is present

2022-04-07 11:36:56 - [TEST_STEP][PASSED] - ctdc.utilities.runtestcaseforKatalon.clickTab("Object Repository/Canine/Filter/Study/Canine_Filter_Study-OSA01_Chkbx"): ctdc.utilities.runtestcaseforKatalon.clickTab is PASSED

2022-04-07 11:36:56 - [MESSAGE][PASSED] - ctdc.utilities.runtestcaseforKatalon.clickTab is PASSED

2022-04-07 11:36:56 - [TEST_STEP][PASSED] - waitForElementPresent(findTestObject("Object Repository/Canine/Filter/Breed/BREED_Ddn"), 30): Object 'Object Repository/Canine/Filter/Breed/BREED_Ddn' is present

2022-04-07 11:36:56 - [MESSAGE][PASSED] - Object 'Object Repository/Canine/Filter/Breed/BREED_Ddn' is present

2022-04-07 11:36:56 - [TEST_STEP][PASSED] - verifyElementPresent(findTestObject("Object Repository/Canine/Filter/Breed/BREED_Ddn"), 5): Object 'Object Repository/Canine/Filter/Breed/BREED_Ddn' is present

2022-04-07 11:36:57 - [MESSAGE][PASSED] - Object 'Object Repository/Canine/Filter/Breed/BREED_Ddn' is present

2022-04-07 11:36:57 - [TEST_STEP][PASSED] - ctdc.utilities.runtestcaseforKatalon.clickTabCanineStat("Object Repository/Canine/Filter/Breed/BREED_Ddn"): ctdc.utilities.runtestcaseforKatalon.clickTabCanineStat is PASSED

2022-04-07 11:36:58 - [MESSAGE][PASSED] - ctdc.utilities.runtestcaseforKatalon.clickTabCanineStat is PASSED

2022-04-07 11:36:58 - [TEST_STEP][PASSED] - waitForElementPresent(findTestObject("Object Repository/Canine/Filter/Breed/GreatPyrenees_Chkbx"), 30): Object 'Object Repository/Canine/Filter/Breed/GreatPyrenees_Chkbx' is present

2022-04-07 11:36:59 - [MESSAGE][PASSED] - Object 'Object Repository/Canine/Filter/Breed/GreatPyrenees_Chkbx' is present

2022-04-07 11:36:59 - [TEST_STEP][PASSED] - verifyElementPresent(findTestObject("Object Repository/Canine/Filter/Breed/GreatPyrenees_Chkbx"), 5): Object 'Object Repository/Canine/Filter/Breed/GreatPyrenees_Chkbx' is present

2022-04-07 11:36:59 - [MESSAGE][PASSED] - Object 'Object Repository/Canine/Filter/Breed/GreatPyrenees_Chkbx' is present

2022-04-07 11:36:59 - [TEST_STEP][PASSED] - ctdc.utilities.runtestcaseforKatalon.clickTabCanineStat("Object Repository/Canine/Filter/Breed/GreatPyrenees_Chkbx"): ctdc.utilities.runtestcaseforKatalon.clickTabCanineStat is PASSED

2022-04-07 11:37:00 - [MESSAGE][PASSED] - ctdc.utilities.runtestcaseforKatalon.clickTabCanineStat is PASSED

2022-04-07 11:37:00 - [TEST_STEP][PASSED] - waitForElementPresent(findTestObject("Object Repository/Canine/Filter/FileType/FILETYPE_Ddn"), 30): Object 'Object Repository/Canine/Filter/FileType/FILETYPE_Ddn' is present

2022-04-07 11:37:00 - [MESSAGE][PASSED] - Object 'Object Repository/Canine/Filter/FileType/FILETYPE_Ddn' is present

2022-04-07 11:37:00 - [TEST_STEP][PASSED] - verifyElementPresent(findTestObject("Object Repository/Canine/Filter/FileType/FILETYPE_Ddn"), 5): Object 'Object Repository/Canine/Filter/FileType/FILETYPE_Ddn' is present

2022-04-07 11:37:01 - [MESSAGE][PASSED] - Object 'Object Repository/Canine/Filter/FileType/FILETYPE_Ddn' is present

2022-04-07 11:37:01 - [TEST_STEP][PASSED] - ctdc.utilities.runtestcaseforKatalon.clickTabCanineStat("Object Repository/Canine/Filter/FileType/FILETYPE_Ddn"): ctdc.utilities.runtestcaseforKatalon.clickTabCanineStat is PASSED

2022-04-07 11:37:02 - [MESSAGE][PASSED] - ctdc.utilities.runtestcaseforKatalon.clickTabCanineStat is PASSED

2022-04-07 11:37:02 - [TEST_STEP][PASSED] - waitForElementPresent(findTestObject("Object Repository/Canine/Filter/FileType/RNASeqFile_Chkbx"), 30): Object 'Object Repository/Canine/Filter/FileType/RNASeqFile_Chkbx' is present

2022-04-07 11:37:02 - [MESSAGE][PASSED] - Object 'Object Repository/Canine/Filter/FileType/RNASeqFile_Chkbx' is present

2022-04-07 11:37:02 - [TEST_STEP][PASSED] - verifyElementPresent(findTestObject("Object Repository/Canine/Filter/FileType/RNASeqFile_Chkbx"), 5): Object 'Object Repository/Canine/Filter/FileType/RNASeqFile_Chkbx' is present

2022-04-07 11:37:02 - [MESSAGE][PASSED] - Object 'Object Repository/Canine/Filter/FileType/RNASeqFile_Chkbx' is present

2022-04-07 11:37:02 - [TEST_STEP][PASSED] - ctdc.utilities.runtestcaseforKatalon.clickTabCanineStat("Object Repository/Canine/Filter/FileType/RNASeqFile_Chkbx"): ctdc.utilities.runtestcaseforKatalon.clickTabCanineStat is PASSED

2022-04-07 11:37:04 - [MESSAGE][PASSED] - ctdc.utilities.runtestcaseforKatalon.clickTabCanineStat is PASSED

2022-04-07 11:37:04 - [TEST_STEP][PASSED] - waitForElementPresent(findTestObject("Object Repository/Canine/Filter/FileFormat/FILEFORMAT_Ddn"), 30): Object 'Object Repository/Canine/Filter/FileFormat/FILEFORMAT_Ddn' is present

2022-04-07 11:37:04 - [MESSAGE][PASSED] - Object 'Object Repository/Canine/Filter/FileFormat/FILEFORMAT_Ddn' is present

2022-04-07 11:37:04 - [TEST_STEP][PASSED] - verifyElementPresent(findTestObject("Object Repository/Canine/Filter/FileFormat/FILEFORMAT_Ddn"), 5): Object 'Object Repository/Canine/Filter/FileFormat/FILEFORMAT_Ddn' is present

2022-04-07 11:37:04 - [MESSAGE][PASSED] - Object 'Object Repository/Canine/Filter/FileFormat/FILEFORMAT_Ddn' is present

2022-04-07 11:37:04 - [TEST_STEP][PASSED] - ctdc.utilities.runtestcaseforKatalon.clickTabCanineStat("Object Repository/Canine/Filter/FileFormat/FILEFORMAT_Ddn"): ctdc.utilities.runtestcaseforKatalon.clickTabCanineStat is PASSED

2022-04-07 11:37:05 - [MESSAGE][PASSED] - ctdc.utilities.runtestcaseforKatalon.clickTabCanineStat is PASSED

2022-04-07 11:37:05 - [TEST_STEP][PASSED] - waitForElementPresent(findTestObject("Object Repository/Canine/Filter/FileFormat/bam_Chkbx"), 30): Object 'Object Repository/Canine/Filter/FileFormat/bam_Chkbx' is present

2022-04-07 11:37:05 - [MESSAGE][PASSED] - Object 'Object Repository/Canine/Filter/FileFormat/bam_Chkbx' is present

2022-04-07 11:37:05 - [TEST_STEP][PASSED] - verifyElementPresent(findTestObject("Object Repository/Canine/Filter/FileFormat/bam_Chkbx"), 5): Object 'Object Repository/Canine/Filter/FileFormat/bam_Chkbx' is present

2022-04-07 11:37:06 - [MESSAGE][PASSED] - Object 'Object Repository/Canine/Filter/FileFormat/bam_Chkbx' is present

2022-04-07 11:37:06 - [TEST_STEP][PASSED] - ctdc.utilities.runtestcaseforKatalon.clickTabCanineStat("Object Repository/Canine/Filter/FileFormat/bam_Chkbx"): ctdc.utilities.runtestcaseforKatalon.clickTabCanineStat is PASSED

2022-04-07 11:37:07 - [MESSAGE][PASSED] - ctdc.utilities.runtestcaseforKatalon.clickTabCanineStat is PASSED

2022-04-07 11:37:07 - [TEST_STEP][PASSED] - ctdc.utilities.runtestcaseforKatalon.readStatBarCanine("Object Repository/Canine/StatBar/Canine_StatBar-Programs", "Object Repository/Canine/StatBar/Canine_StatBar-Studies", "Object Repository/Canine/StatBar/Canine_StatBar-Cases", "Object Repository/Canine/StatBar/Canine_StatBar-Samples", "Object Repository/Canine/StatBar/Canine_StatBar-CaseFiles", "Object Repository/Canine/StatBar/Canine_StatBar-StudyFiles"): ctdc.utilities.runtestcaseforKatalon.readStatBarCanine is PASSED

2022-04-07 11:37:25 - [MESSAGE][PASSED] - ctdc.utilities.runtestcaseforKatalon.readStatBarCanine is PASSED

2022-04-07 11:37:25 - [TEST_STEP][PASSED] - waitForElementPresent(findTestObject("Object Repository/Canine/CanineResults_Cases_Tab"), 5): Object 'Object Repository/Canine/CanineResults_Cases_Tab' is present

2022-04-07 11:37:25 - [MESSAGE][PASSED] - Object 'Object Repository/Canine/CanineResults_Cases_Tab' is present

2022-04-07 11:37:25 - [TEST_STEP][PASSED] - ctdc.utilities.runtestcaseforKatalon.clickTab("Object Repository/Canine/CanineResults_Cases_Tab"): ctdc.utilities.runtestcaseforKatalon.clickTab is PASSED

2022-04-07 11:37:26 - [MESSAGE][PASSED] - ctdc.utilities.runtestcaseforKatalon.clickTab is PASSED

2022-04-07 11:37:26 - [TEST_STEP][PASSED] - ctdc.utilities.runtestcaseforKatalon.multiFunction("ICDC", G_StatBar_Cases, "Object Repository/Canine/Canine_CasesTable", "Object Repository/Canine/Canine_TableHeader", "Object Repository/Canine/Canine_CasesTabNextBtn", G_WebTabnameCases, G_CypherTabnameCases, G_QueryCasesTab): Statbar Study Files count matches

2022-04-07 11:37:47 - [MESSAGE][PASSED] - Statbar Programs count matches

2022-04-07 11:37:47 - [MESSAGE][PASSED] - Statbar Studies count matches

2022-04-07 11:37:47 - [MESSAGE][PASSED] - Statbar Cases count matches

2022-04-07 11:37:47 - [MESSAGE][PASSED] - Statbar Samples count matches

2022-04-07 11:37:47 - [MESSAGE][PASSED] - Statbar Case Files count matches

2022-04-07 11:37:47 - [MESSAGE][PASSED] - Statbar Study Files count matches

2022-04-07 11:37:47 - [TEST_STEP][PASSED] - waitForElementPresent(findTestObject("Object Repository/Canine/CanineResults_Samples_Tab"), 5): Object 'Object Repository/Canine/CanineResults_Samples_Tab' is present

2022-04-07 11:37:48 - [MESSAGE][PASSED] - Object 'Object Repository/Canine/CanineResults_Samples_Tab' is present

2022-04-07 11:37:48 - [TEST_STEP][PASSED] - ctdc.utilities.runtestcaseforKatalon.clickTab("Object Repository/Canine/CanineResults_Samples_Tab"): ctdc.utilities.runtestcaseforKatalon.clickTab is PASSED

2022-04-07 11:37:48 - [MESSAGE][PASSED] - ctdc.utilities.runtestcaseforKatalon.clickTab is PASSED

2022-04-07 11:37:48 - [TEST_STEP][PASSED] - ctdc.utilities.runtestcaseforKatalon.multiFunction("ICDC", G_StatBar_Samples, "Object Repository/Canine/Canine_Samples_Table", "Object Repository/Canine/Canine_Samples_TableHdr", "Object Repository/Canine/Canine_SamplesTabNextBtn", G_WebTabnameSamples, G_CypherTabnameSamples, G_QuerySamplesTab): Statbar Study Files count matches

2022-04-07 11:38:13 - [MESSAGE][PASSED] - Statbar Programs count matches

2022-04-07 11:38:13 - [MESSAGE][PASSED] - Statbar Studies count matches

2022-04-07 11:38:13 - [MESSAGE][PASSED] - Statbar Cases count matches

2022-04-07 11:38:13 - [MESSAGE][PASSED] - Statbar Samples count matches

2022-04-07 11:38:13 - [MESSAGE][PASSED] - Statbar Case Files count matches

2022-04-07 11:38:13 - [MESSAGE][PASSED] - Statbar Study Files count matches

2022-04-07 11:38:13 - [TEST_STEP][PASSED] - closeBrowser(): Browser is closed

2022-04-07 11:38:14 - [MESSAGE][PASSED] - Browser is closed]]></system-out>
         <system-err><![CDATA[]]></system-err>
      </testcase>
      <testcase name="Test Cases/Canine_TestCases/StudyCombinations/Study-Combinations-OSA01/TC17_Canine_StudyOSA01-FileType-FileFormat" time="530.287" classname="Test Cases/Canine_TestCases/StudyCombinations/Study-Combinations-OSA01/TC17_Canine_StudyOSA01-FileType-FileFormat" status="PASSED">
         <system-out><![CDATA[2022-04-07 11:38:14 - [TEST_CASE][PASSED] - Test Cases/Canine_TestCases/StudyCombinations/Study-Combinations-OSA01/TC17_Canine_StudyOSA01-FileType-FileFormat: Test Cases/Canine_TestCases/StudyCombinations/Study-Combinations-OSA01/TC17_Canine_StudyOSA01-FileType-FileFormat

2022-04-07 11:38:14 - [TEST_STEP][PASSED] - Start listener action : getTestScriptName: null

2022-04-07 11:38:14 - [TEST_STEP][PASSED] - TestCaseId = testCaseContext.getTestCaseId(): null

2022-04-07 11:38:14 - [TEST_STEP][PASSED] - out.println("**********this is the value of test case id string******** " + testCaseContext.getTestCaseId()): null

2022-04-07 11:38:14 - [TEST_STEP][PASSED] - G_currentTCName = TestCaseId.substring(TestCaseId.lastIndexOf("TC")): null

2022-04-07 11:38:14 - [TEST_STEP][PASSED] - out.println("This is the test case name : " + G_currentTCName): null

2022-04-07 11:38:15 - [TEST_STEP][PASSED] - closeBrowser(): Browser is closed

2022-04-07 11:38:15 - [MESSAGE][PASSED] - Browser is closed

2022-04-07 11:38:15 - [TEST_STEP][PASSED] - "Driver opened by Katalon is used in Selenium from this step.": null

2022-04-07 11:38:15 - [TEST_STEP][PASSED] - ctdc.utilities.runtestcaseforKatalon.RunKatalon("TC17_Canine_StudyOSA01-FileType-FileFormat.xlsx"): Data loaded from input file for the test case. 

2022-04-07 11:38:15 - [MESSAGE][PASSED] - Test case file loaded This is the full filepath after converting to string :C:\Users\sohilz2\Desktop\Commons_Automation\InputFiles\TC17_Canine_StudyOSA01-FileType-FileFormat.xlsx

2022-04-07 11:38:15 - [MESSAGE][INFO] - Global variable set for password file is :  C:\Users\sohilz2\Desktop\Commons_Automation\InputFiles\TC17_Canine_StudyOSA01-FileType-FileFormat.xlsx

2022-04-07 11:38:19 - [MESSAGE][PASSED] - Data loaded from input file for the test case. 

2022-04-07 11:38:38 - [TEST_STEP][PASSED] - waitForElementPresent(findTestObject("Canine/NavBar/Canine_Cases_Btn"), 20): Object 'Object Repository/Canine/NavBar/Canine_Cases_Btn' is present

2022-04-07 11:38:38 - [MESSAGE][PASSED] - Object 'Object Repository/Canine/NavBar/Canine_Cases_Btn' is present

2022-04-07 11:38:38 - [TEST_STEP][PASSED] - ctdc.utilities.runtestcaseforKatalon.clickTab("Object Repository/Canine/Canine_PopUp_Continue_Btn"): ctdc.utilities.runtestcaseforKatalon.clickTab is PASSED

2022-04-07 11:38:38 - [MESSAGE][PASSED] - ctdc.utilities.runtestcaseforKatalon.clickTab is PASSED

2022-04-07 11:38:38 - [TEST_STEP][PASSED] - out.println("Closed the popup window"): null

2022-04-07 11:38:38 - [TEST_STEP][PASSED] - waitForElementPresent(findTestObject("Canine/NavBar/Canine_Cases_Btn"), 20): Object 'Object Repository/Canine/NavBar/Canine_Cases_Btn' is present

2022-04-07 11:38:38 - [MESSAGE][PASSED] - Object 'Object Repository/Canine/NavBar/Canine_Cases_Btn' is present

2022-04-07 11:38:38 - [TEST_STEP][PASSED] - ctdc.utilities.runtestcaseforKatalon.clickTab("Canine/NavBar/Canine_Cases_Btn"): ctdc.utilities.runtestcaseforKatalon.clickTab is PASSED

2022-04-07 11:38:39 - [MESSAGE][PASSED] - ctdc.utilities.runtestcaseforKatalon.clickTab is PASSED

2022-04-07 11:38:39 - [TEST_STEP][PASSED] - waitForElementPresent(findTestObject("Object Repository/Canine/Filter/Study/Canine_Filter_Study"), 30): Object 'Object Repository/Canine/Filter/Study/Canine_Filter_Study' is present

2022-04-07 11:38:40 - [MESSAGE][PASSED] - Object 'Object Repository/Canine/Filter/Study/Canine_Filter_Study' is present

2022-04-07 11:38:40 - [TEST_STEP][PASSED] - verifyElementPresent(findTestObject("Object Repository/Canine/Filter/Study/Canine_Filter_Study"), 5): Object 'Object Repository/Canine/Filter/Study/Canine_Filter_Study' is present

2022-04-07 11:38:40 - [MESSAGE][PASSED] - Object 'Object Repository/Canine/Filter/Study/Canine_Filter_Study' is present

2022-04-07 11:38:40 - [TEST_STEP][PASSED] - ctdc.utilities.runtestcaseforKatalon.clickTab("Object Repository/Canine/Filter/Study/Canine_Filter_Study"): ctdc.utilities.runtestcaseforKatalon.clickTab is PASSED

2022-04-07 11:38:41 - [MESSAGE][PASSED] - ctdc.utilities.runtestcaseforKatalon.clickTab is PASSED

2022-04-07 11:38:41 - [TEST_STEP][PASSED] - waitForElementPresent(findTestObject("Object Repository/Canine/Filter/Study/Canine_Filter_Study-OSA01_Chkbx"), 30): Object 'Object Repository/Canine/Filter/Study/Canine_Filter_Study-OSA01_Chkbx' is present

2022-04-07 11:38:41 - [MESSAGE][PASSED] - Object 'Object Repository/Canine/Filter/Study/Canine_Filter_Study-OSA01_Chkbx' is present

2022-04-07 11:38:41 - [TEST_STEP][PASSED] - verifyElementPresent(findTestObject("Object Repository/Canine/Filter/Study/Canine_Filter_Study-OSA01_Chkbx"), 5): Object 'Object Repository/Canine/Filter/Study/Canine_Filter_Study-OSA01_Chkbx' is present

2022-04-07 11:38:42 - [MESSAGE][PASSED] - Object 'Object Repository/Canine/Filter/Study/Canine_Filter_Study-OSA01_Chkbx' is present

2022-04-07 11:38:42 - [TEST_STEP][PASSED] - ctdc.utilities.runtestcaseforKatalon.clickTab("Object Repository/Canine/Filter/Study/Canine_Filter_Study-OSA01_Chkbx"): ctdc.utilities.runtestcaseforKatalon.clickTab is PASSED

2022-04-07 11:38:42 - [MESSAGE][PASSED] - ctdc.utilities.runtestcaseforKatalon.clickTab is PASSED

2022-04-07 11:38:42 - [TEST_STEP][PASSED] - waitForElementPresent(findTestObject("Object Repository/Canine/Filter/FileType/FILETYPE_Ddn"), 30): Object 'Object Repository/Canine/Filter/FileType/FILETYPE_Ddn' is present

2022-04-07 11:38:42 - [MESSAGE][PASSED] - Object 'Object Repository/Canine/Filter/FileType/FILETYPE_Ddn' is present

2022-04-07 11:38:42 - [TEST_STEP][PASSED] - verifyElementPresent(findTestObject("Object Repository/Canine/Filter/FileType/FILETYPE_Ddn"), 5): Object 'Object Repository/Canine/Filter/FileType/FILETYPE_Ddn' is present

2022-04-07 11:38:43 - [MESSAGE][PASSED] - Object 'Object Repository/Canine/Filter/FileType/FILETYPE_Ddn' is present

2022-04-07 11:38:43 - [TEST_STEP][PASSED] - ctdc.utilities.runtestcaseforKatalon.clickTabCanineStat("Object Repository/Canine/Filter/FileType/FILETYPE_Ddn"): ctdc.utilities.runtestcaseforKatalon.clickTabCanineStat is PASSED

2022-04-07 11:38:45 - [MESSAGE][PASSED] - ctdc.utilities.runtestcaseforKatalon.clickTabCanineStat is PASSED

2022-04-07 11:38:45 - [TEST_STEP][PASSED] - waitForElementPresent(findTestObject("Object Repository/Canine/Filter/FileType/IndexFile_Chkbx"), 30): Object 'Object Repository/Canine/Filter/FileType/IndexFile_Chkbx' is present

2022-04-07 11:38:45 - [MESSAGE][PASSED] - Object 'Object Repository/Canine/Filter/FileType/IndexFile_Chkbx' is present

2022-04-07 11:38:45 - [TEST_STEP][PASSED] - verifyElementPresent(findTestObject("Object Repository/Canine/Filter/FileType/IndexFile_Chkbx"), 5): Object 'Object Repository/Canine/Filter/FileType/IndexFile_Chkbx' is present

2022-04-07 11:38:45 - [MESSAGE][PASSED] - Object 'Object Repository/Canine/Filter/FileType/IndexFile_Chkbx' is present

2022-04-07 11:38:45 - [TEST_STEP][PASSED] - ctdc.utilities.runtestcaseforKatalon.clickTabCanineStat("Object Repository/Canine/Filter/FileType/IndexFile_Chkbx"): ctdc.utilities.runtestcaseforKatalon.clickTabCanineStat is PASSED

2022-04-07 11:38:47 - [MESSAGE][PASSED] - ctdc.utilities.runtestcaseforKatalon.clickTabCanineStat is PASSED

2022-04-07 11:38:47 - [TEST_STEP][PASSED] - waitForElementPresent(findTestObject("Object Repository/Canine/Filter/FileType/RNASeqFile_Chkbx"), 30): Object 'Object Repository/Canine/Filter/FileType/RNASeqFile_Chkbx' is present

2022-04-07 11:38:47 - [MESSAGE][PASSED] - Object 'Object Repository/Canine/Filter/FileType/RNASeqFile_Chkbx' is present

2022-04-07 11:38:47 - [TEST_STEP][PASSED] - verifyElementPresent(findTestObject("Object Repository/Canine/Filter/FileType/RNASeqFile_Chkbx"), 5): Object 'Object Repository/Canine/Filter/FileType/RNASeqFile_Chkbx' is present

2022-04-07 11:38:47 - [MESSAGE][PASSED] - Object 'Object Repository/Canine/Filter/FileType/RNASeqFile_Chkbx' is present

2022-04-07 11:38:47 - [TEST_STEP][PASSED] - ctdc.utilities.runtestcaseforKatalon.clickTabCanineStat("Object Repository/Canine/Filter/FileType/RNASeqFile_Chkbx"): ctdc.utilities.runtestcaseforKatalon.clickTabCanineStat is PASSED

2022-04-07 11:38:48 - [MESSAGE][PASSED] - ctdc.utilities.runtestcaseforKatalon.clickTabCanineStat is PASSED

2022-04-07 11:38:48 - [TEST_STEP][PASSED] - waitForElementPresent(findTestObject("Object Repository/Canine/Filter/FileFormat/FILEFORMAT_Ddn"), 30): Object 'Object Repository/Canine/Filter/FileFormat/FILEFORMAT_Ddn' is present

2022-04-07 11:38:48 - [MESSAGE][PASSED] - Object 'Object Repository/Canine/Filter/FileFormat/FILEFORMAT_Ddn' is present

2022-04-07 11:38:48 - [TEST_STEP][PASSED] - verifyElementPresent(findTestObject("Object Repository/Canine/Filter/FileFormat/FILEFORMAT_Ddn"), 5): Object 'Object Repository/Canine/Filter/FileFormat/FILEFORMAT_Ddn' is present

2022-04-07 11:38:49 - [MESSAGE][PASSED] - Object 'Object Repository/Canine/Filter/FileFormat/FILEFORMAT_Ddn' is present

2022-04-07 11:38:49 - [TEST_STEP][PASSED] - ctdc.utilities.runtestcaseforKatalon.clickTabCanineStat("Object Repository/Canine/Filter/FileFormat/FILEFORMAT_Ddn"): ctdc.utilities.runtestcaseforKatalon.clickTabCanineStat is PASSED

2022-04-07 11:38:50 - [MESSAGE][PASSED] - ctdc.utilities.runtestcaseforKatalon.clickTabCanineStat is PASSED

2022-04-07 11:38:50 - [TEST_STEP][PASSED] - waitForElementPresent(findTestObject("Object Repository/Canine/Filter/FileFormat/bai_Chkbx"), 30): Object 'Object Repository/Canine/Filter/FileFormat/bai_Chkbx' is present

2022-04-07 11:38:50 - [MESSAGE][PASSED] - Object 'Object Repository/Canine/Filter/FileFormat/bai_Chkbx' is present

2022-04-07 11:38:50 - [TEST_STEP][PASSED] - verifyElementPresent(findTestObject("Object Repository/Canine/Filter/FileFormat/bai_Chkbx"), 5): Object 'Object Repository/Canine/Filter/FileFormat/bai_Chkbx' is present

2022-04-07 11:38:50 - [MESSAGE][PASSED] - Object 'Object Repository/Canine/Filter/FileFormat/bai_Chkbx' is present

2022-04-07 11:38:50 - [TEST_STEP][PASSED] - ctdc.utilities.runtestcaseforKatalon.clickTabCanineStat("Object Repository/Canine/Filter/FileFormat/bai_Chkbx"): ctdc.utilities.runtestcaseforKatalon.clickTabCanineStat is PASSED

2022-04-07 11:38:52 - [MESSAGE][PASSED] - ctdc.utilities.runtestcaseforKatalon.clickTabCanineStat is PASSED

2022-04-07 11:38:52 - [TEST_STEP][PASSED] - ctdc.utilities.runtestcaseforKatalon.readStatBarCanine("Object Repository/Canine/StatBar/Canine_StatBar-Programs", "Object Repository/Canine/StatBar/Canine_StatBar-Studies", "Object Repository/Canine/StatBar/Canine_StatBar-Cases", "Object Repository/Canine/StatBar/Canine_StatBar-Samples", "Object Repository/Canine/StatBar/Canine_StatBar-CaseFiles", "Object Repository/Canine/StatBar/Canine_StatBar-StudyFiles"): ctdc.utilities.runtestcaseforKatalon.readStatBarCanine is PASSED

2022-04-07 11:39:10 - [MESSAGE][PASSED] - ctdc.utilities.runtestcaseforKatalon.readStatBarCanine is PASSED

2022-04-07 11:39:10 - [TEST_STEP][PASSED] - waitForElementPresent(findTestObject("Object Repository/Canine/CanineResults_Cases_Tab"), 5): Object 'Object Repository/Canine/CanineResults_Cases_Tab' is present

2022-04-07 11:39:10 - [MESSAGE][PASSED] - Object 'Object Repository/Canine/CanineResults_Cases_Tab' is present

2022-04-07 11:39:10 - [TEST_STEP][PASSED] - ctdc.utilities.runtestcaseforKatalon.clickTab("Object Repository/Canine/CanineResults_Cases_Tab"): ctdc.utilities.runtestcaseforKatalon.clickTab is PASSED

2022-04-07 11:39:11 - [MESSAGE][PASSED] - ctdc.utilities.runtestcaseforKatalon.clickTab is PASSED

2022-04-07 11:39:11 - [TEST_STEP][PASSED] - ctdc.utilities.runtestcaseforKatalon.multiFunction("ICDC", G_StatBar_Cases, "Object Repository/Canine/Canine_CasesTable", "Object Repository/Canine/Canine_TableHeader", "Object Repository/Canine/Canine_CasesTabNextBtn", G_WebTabnameCases, G_CypherTabnameCases, G_QueryCasesTab): Statbar Study Files count matches

2022-04-07 11:41:38 - [MESSAGE][PASSED] - Statbar Programs count matches

2022-04-07 11:41:38 - [MESSAGE][PASSED] - Statbar Studies count matches

2022-04-07 11:41:38 - [MESSAGE][PASSED] - Statbar Cases count matches

2022-04-07 11:41:38 - [MESSAGE][PASSED] - Statbar Samples count matches

2022-04-07 11:41:38 - [MESSAGE][PASSED] - Statbar Case Files count matches

2022-04-07 11:41:38 - [MESSAGE][PASSED] - Statbar Study Files count matches

2022-04-07 11:41:38 - [TEST_STEP][PASSED] - waitForElementPresent(findTestObject("Object Repository/Canine/CanineResults_Samples_Tab"), 5): Object 'Object Repository/Canine/CanineResults_Samples_Tab' is present

2022-04-07 11:41:38 - [MESSAGE][PASSED] - Object 'Object Repository/Canine/CanineResults_Samples_Tab' is present

2022-04-07 11:41:38 - [TEST_STEP][PASSED] - ctdc.utilities.runtestcaseforKatalon.clickTab("Object Repository/Canine/CanineResults_Samples_Tab"): ctdc.utilities.runtestcaseforKatalon.clickTab is PASSED

2022-04-07 11:41:38 - [MESSAGE][PASSED] - ctdc.utilities.runtestcaseforKatalon.clickTab is PASSED

2022-04-07 11:41:38 - [TEST_STEP][PASSED] - ctdc.utilities.runtestcaseforKatalon.multiFunction("ICDC", G_StatBar_Samples, "Object Repository/Canine/Canine_Samples_Table", "Object Repository/Canine/Canine_Samples_TableHdr", "Object Repository/Canine/Canine_SamplesTabNextBtn", G_WebTabnameSamples, G_CypherTabnameSamples, G_QuerySamplesTab): Statbar Study Files count matches

2022-04-07 11:47:04 - [MESSAGE][PASSED] - Statbar Programs count matches

2022-04-07 11:47:04 - [MESSAGE][PASSED] - Statbar Studies count matches

2022-04-07 11:47:04 - [MESSAGE][PASSED] - Statbar Cases count matches

2022-04-07 11:47:04 - [MESSAGE][PASSED] - Statbar Samples count matches

2022-04-07 11:47:04 - [MESSAGE][PASSED] - Statbar Case Files count matches

2022-04-07 11:47:04 - [MESSAGE][PASSED] - Statbar Study Files count matches

2022-04-07 11:47:04 - [TEST_STEP][PASSED] - closeBrowser(): Browser is closed

2022-04-07 11:47:04 - [MESSAGE][PASSED] - Browser is closed]]></system-out>
         <system-err><![CDATA[]]></system-err>
      </testcase>
      <testcase name="Test Cases/Canine_TestCases/StudyCombinations/Study-Combinations-OSA01/TC19_Canine_StudyOSA01-SampPath-FileAssociation" time="95.77" classname="Test Cases/Canine_TestCases/StudyCombinations/Study-Combinations-OSA01/TC19_Canine_StudyOSA01-SampPath-FileAssociation" status="PASSED">
         <system-out><![CDATA[2022-04-07 11:47:04 - [TEST_CASE][PASSED] - Test Cases/Canine_TestCases/StudyCombinations/Study-Combinations-OSA01/TC19_Canine_StudyOSA01-SampPath-FileAssociation: Test Cases/Canine_TestCases/StudyCombinations/Study-Combinations-OSA01/TC19_Canine_StudyOSA01-SampPath-FileAssociation

2022-04-07 11:47:04 - [TEST_STEP][PASSED] - Start listener action : getTestScriptName: null

2022-04-07 11:47:04 - [TEST_STEP][PASSED] - TestCaseId = testCaseContext.getTestCaseId(): null

2022-04-07 11:47:04 - [TEST_STEP][PASSED] - out.println("**********this is the value of test case id string******** " + testCaseContext.getTestCaseId()): null

2022-04-07 11:47:04 - [TEST_STEP][PASSED] - G_currentTCName = TestCaseId.substring(TestCaseId.lastIndexOf("TC")): null

2022-04-07 11:47:04 - [TEST_STEP][PASSED] - out.println("This is the test case name : " + G_currentTCName): null

2022-04-07 11:47:05 - [TEST_STEP][PASSED] - closeBrowser(): Browser is closed

2022-04-07 11:47:05 - [MESSAGE][PASSED] - Browser is closed

2022-04-07 11:47:05 - [TEST_STEP][PASSED] - "Driver opened by Katalon is used in Selenium from this step.": null

2022-04-07 11:47:05 - [TEST_STEP][PASSED] - ctdc.utilities.runtestcaseforKatalon.RunKatalon("TC19_Canine_StudyOSA01-SampPath-FileAssociation.xlsx"): Data loaded from input file for the test case. 

2022-04-07 11:47:05 - [MESSAGE][PASSED] - Test case file loaded This is the full filepath after converting to string :C:\Users\sohilz2\Desktop\Commons_Automation\InputFiles\TC19_Canine_StudyOSA01-SampPath-FileAssociation.xlsx

2022-04-07 11:47:05 - [MESSAGE][INFO] - Global variable set for password file is :  C:\Users\sohilz2\Desktop\Commons_Automation\InputFiles\TC19_Canine_StudyOSA01-SampPath-FileAssociation.xlsx

2022-04-07 11:47:09 - [MESSAGE][PASSED] - Data loaded from input file for the test case. 

2022-04-07 11:47:22 - [TEST_STEP][PASSED] - waitForElementPresent(findTestObject("Canine/NavBar/Canine_Cases_Btn"), 20): Object 'Object Repository/Canine/NavBar/Canine_Cases_Btn' is present

2022-04-07 11:47:22 - [MESSAGE][PASSED] - Object 'Object Repository/Canine/NavBar/Canine_Cases_Btn' is present

2022-04-07 11:47:22 - [TEST_STEP][PASSED] - ctdc.utilities.runtestcaseforKatalon.clickTab("Object Repository/Canine/Canine_PopUp_Continue_Btn"): ctdc.utilities.runtestcaseforKatalon.clickTab is PASSED

2022-04-07 11:47:23 - [MESSAGE][PASSED] - ctdc.utilities.runtestcaseforKatalon.clickTab is PASSED

2022-04-07 11:47:23 - [TEST_STEP][PASSED] - out.println("Closed the popup window"): null

2022-04-07 11:47:23 - [TEST_STEP][PASSED] - waitForElementPresent(findTestObject("Canine/NavBar/Canine_Cases_Btn"), 20): Object 'Object Repository/Canine/NavBar/Canine_Cases_Btn' is present

2022-04-07 11:47:23 - [MESSAGE][PASSED] - Object 'Object Repository/Canine/NavBar/Canine_Cases_Btn' is present

2022-04-07 11:47:23 - [TEST_STEP][PASSED] - ctdc.utilities.runtestcaseforKatalon.clickTab("Canine/NavBar/Canine_Cases_Btn"): ctdc.utilities.runtestcaseforKatalon.clickTab is PASSED

2022-04-07 11:47:23 - [MESSAGE][PASSED] - ctdc.utilities.runtestcaseforKatalon.clickTab is PASSED

2022-04-07 11:47:23 - [TEST_STEP][PASSED] - waitForElementPresent(findTestObject("Object Repository/Canine/Filter/Study/Canine_Filter_Study"), 30): Object 'Object Repository/Canine/Filter/Study/Canine_Filter_Study' is present

2022-04-07 11:47:25 - [MESSAGE][PASSED] - Object 'Object Repository/Canine/Filter/Study/Canine_Filter_Study' is present

2022-04-07 11:47:25 - [TEST_STEP][PASSED] - verifyElementPresent(findTestObject("Object Repository/Canine/Filter/Study/Canine_Filter_Study"), 5): Object 'Object Repository/Canine/Filter/Study/Canine_Filter_Study' is present

2022-04-07 11:47:25 - [MESSAGE][PASSED] - Object 'Object Repository/Canine/Filter/Study/Canine_Filter_Study' is present

2022-04-07 11:47:25 - [TEST_STEP][PASSED] - ctdc.utilities.runtestcaseforKatalon.clickTab("Object Repository/Canine/Filter/Study/Canine_Filter_Study"): ctdc.utilities.runtestcaseforKatalon.clickTab is PASSED

2022-04-07 11:47:26 - [MESSAGE][PASSED] - ctdc.utilities.runtestcaseforKatalon.clickTab is PASSED

2022-04-07 11:47:26 - [TEST_STEP][PASSED] - waitForElementPresent(findTestObject("Object Repository/Canine/Filter/Study/Canine_Filter_Study-OSA01_Chkbx"), 30): Object 'Object Repository/Canine/Filter/Study/Canine_Filter_Study-OSA01_Chkbx' is present

2022-04-07 11:47:27 - [MESSAGE][PASSED] - Object 'Object Repository/Canine/Filter/Study/Canine_Filter_Study-OSA01_Chkbx' is present

2022-04-07 11:47:27 - [TEST_STEP][PASSED] - verifyElementPresent(findTestObject("Object Repository/Canine/Filter/Study/Canine_Filter_Study-OSA01_Chkbx"), 5): Object 'Object Repository/Canine/Filter/Study/Canine_Filter_Study-OSA01_Chkbx' is present

2022-04-07 11:47:27 - [MESSAGE][PASSED] - Object 'Object Repository/Canine/Filter/Study/Canine_Filter_Study-OSA01_Chkbx' is present

2022-04-07 11:47:27 - [TEST_STEP][PASSED] - ctdc.utilities.runtestcaseforKatalon.clickTab("Object Repository/Canine/Filter/Study/Canine_Filter_Study-OSA01_Chkbx"): ctdc.utilities.runtestcaseforKatalon.clickTab is PASSED

2022-04-07 11:47:27 - [MESSAGE][PASSED] - ctdc.utilities.runtestcaseforKatalon.clickTab is PASSED

2022-04-07 11:47:27 - [TEST_STEP][PASSED] - Thread.sleep(2000): null

2022-04-07 11:47:29 - [TEST_STEP][PASSED] - waitForElementPresent(findTestObject("Object Repository/Canine/Filter/SamplePathology/SAMPLEPATHOLOGY_Ddn"), 30): Object 'Object Repository/Canine/Filter/SamplePathology/SAMPLEPATHOLOGY_Ddn' is present

2022-04-07 11:47:29 - [MESSAGE][PASSED] - Object 'Object Repository/Canine/Filter/SamplePathology/SAMPLEPATHOLOGY_Ddn' is present

2022-04-07 11:47:29 - [TEST_STEP][PASSED] - verifyElementPresent(findTestObject("Object Repository/Canine/Filter/SamplePathology/SAMPLEPATHOLOGY_Ddn"), 5): Object 'Object Repository/Canine/Filter/SamplePathology/SAMPLEPATHOLOGY_Ddn' is present

2022-04-07 11:47:29 - [MESSAGE][PASSED] - Object 'Object Repository/Canine/Filter/SamplePathology/SAMPLEPATHOLOGY_Ddn' is present

2022-04-07 11:47:29 - [TEST_STEP][PASSED] - ctdc.utilities.runtestcaseforKatalon.clickTabCanineStat("Object Repository/Canine/Filter/SamplePathology/SAMPLEPATHOLOGY_Ddn"): ctdc.utilities.runtestcaseforKatalon.clickTabCanineStat is PASSED

2022-04-07 11:47:31 - [MESSAGE][PASSED] - ctdc.utilities.runtestcaseforKatalon.clickTabCanineStat is PASSED

2022-04-07 11:47:31 - [TEST_STEP][PASSED] - waitForElementPresent(findTestObject("Object Repository/Canine/Filter/SamplePathology/Fibroblastic_Osteosarcoma_Chkbx"), 30): Object 'Object Repository/Canine/Filter/SamplePathology/Fibroblastic_Osteosarcoma_Chkbx' is present

2022-04-07 11:47:31 - [MESSAGE][PASSED] - Object 'Object Repository/Canine/Filter/SamplePathology/Fibroblastic_Osteosarcoma_Chkbx' is present

2022-04-07 11:47:31 - [TEST_STEP][PASSED] - verifyElementPresent(findTestObject("Object Repository/Canine/Filter/SamplePathology/Fibroblastic_Osteosarcoma_Chkbx"), 5): Object 'Object Repository/Canine/Filter/SamplePathology/Fibroblastic_Osteosarcoma_Chkbx' is present

2022-04-07 11:47:31 - [MESSAGE][PASSED] - Object 'Object Repository/Canine/Filter/SamplePathology/Fibroblastic_Osteosarcoma_Chkbx' is present

2022-04-07 11:47:31 - [TEST_STEP][PASSED] - waitForElementClickable(findTestObject("Object Repository/Canine/Filter/SamplePathology/Fibroblastic_Osteosarcoma_Chkbx"), 30): Object 'Object Repository/Canine/Filter/SamplePathology/Fibroblastic_Osteosarcoma_Chkbx' is clickable

2022-04-07 11:47:31 - [MESSAGE][PASSED] - Object 'Object Repository/Canine/Filter/SamplePathology/Fibroblastic_Osteosarcoma_Chkbx' is clickable

2022-04-07 11:47:31 - [TEST_STEP][PASSED] - ctdc.utilities.runtestcaseforKatalon.clickTabCanineStat("Object Repository/Canine/Filter/SamplePathology/Fibroblastic_Osteosarcoma_Chkbx"): ctdc.utilities.runtestcaseforKatalon.clickTabCanineStat is PASSED

2022-04-07 11:47:33 - [MESSAGE][PASSED] - ctdc.utilities.runtestcaseforKatalon.clickTabCanineStat is PASSED

2022-04-07 11:47:33 - [TEST_STEP][PASSED] - ctdc.utilities.runtestcaseforKatalon.clickTab("Object Repository/Canine/Filter/SamplePathology/SAMPLEPATHOLOGY_Ddn"): ctdc.utilities.runtestcaseforKatalon.clickTab is PASSED

2022-04-07 11:47:33 - [MESSAGE][PASSED] - ctdc.utilities.runtestcaseforKatalon.clickTab is PASSED

2022-04-07 11:47:33 - [TEST_STEP][PASSED] - Thread.sleep(2000): null

2022-04-07 11:47:35 - [TEST_STEP][PASSED] - waitForElementPresent(findTestObject("Object Repository/Canine/Filter/FileAssociation/FILEASSOCIATION_Ddn"), 30): Object 'Object Repository/Canine/Filter/FileAssociation/FILEASSOCIATION_Ddn' is present

2022-04-07 11:47:35 - [MESSAGE][PASSED] - Object 'Object Repository/Canine/Filter/FileAssociation/FILEASSOCIATION_Ddn' is present

2022-04-07 11:47:35 - [TEST_STEP][PASSED] - verifyElementPresent(findTestObject("Object Repository/Canine/Filter/FileAssociation/FILEASSOCIATION_Ddn"), 5): Object 'Object Repository/Canine/Filter/FileAssociation/FILEASSOCIATION_Ddn' is present

2022-04-07 11:47:35 - [MESSAGE][PASSED] - Object 'Object Repository/Canine/Filter/FileAssociation/FILEASSOCIATION_Ddn' is present

2022-04-07 11:47:35 - [TEST_STEP][PASSED] - ctdc.utilities.runtestcaseforKatalon.clickTabCanineStat("Object Repository/Canine/Filter/FileAssociation/FILEASSOCIATION_Ddn"): ctdc.utilities.runtestcaseforKatalon.clickTabCanineStat is PASSED

2022-04-07 11:47:37 - [MESSAGE][PASSED] - ctdc.utilities.runtestcaseforKatalon.clickTabCanineStat is PASSED

2022-04-07 11:47:37 - [TEST_STEP][PASSED] - waitForElementPresent(findTestObject("Object Repository/Canine/Filter/FileAssociation/sample_Chkbx"), 30): Object 'Object Repository/Canine/Filter/FileAssociation/sample_Chkbx' is present

2022-04-07 11:47:37 - [MESSAGE][PASSED] - Object 'Object Repository/Canine/Filter/FileAssociation/sample_Chkbx' is present

2022-04-07 11:47:37 - [TEST_STEP][PASSED] - verifyElementPresent(findTestObject("Object Repository/Canine/Filter/FileAssociation/sample_Chkbx"), 5): Object 'Object Repository/Canine/Filter/FileAssociation/sample_Chkbx' is present

2022-04-07 11:47:37 - [MESSAGE][PASSED] - Object 'Object Repository/Canine/Filter/FileAssociation/sample_Chkbx' is present

2022-04-07 11:47:37 - [TEST_STEP][PASSED] - waitForElementClickable(findTestObject("Object Repository/Canine/Filter/FileAssociation/sample_Chkbx"), 30): Object 'Object Repository/Canine/Filter/FileAssociation/sample_Chkbx' is clickable

2022-04-07 11:47:37 - [MESSAGE][PASSED] - Object 'Object Repository/Canine/Filter/FileAssociation/sample_Chkbx' is clickable

2022-04-07 11:47:37 - [TEST_STEP][PASSED] - ctdc.utilities.runtestcaseforKatalon.clickTabCanineStat("Object Repository/Canine/Filter/FileAssociation/sample_Chkbx"): ctdc.utilities.runtestcaseforKatalon.clickTabCanineStat is PASSED

2022-04-07 11:47:39 - [MESSAGE][PASSED] - ctdc.utilities.runtestcaseforKatalon.clickTabCanineStat is PASSED

2022-04-07 11:47:39 - [TEST_STEP][PASSED] - ctdc.utilities.runtestcaseforKatalon.clickTab("Object Repository/Canine/Filter/FileAssociation/FILEASSOCIATION_Ddn"): ctdc.utilities.runtestcaseforKatalon.clickTab is PASSED

2022-04-07 11:47:39 - [MESSAGE][PASSED] - ctdc.utilities.runtestcaseforKatalon.clickTab is PASSED

2022-04-07 11:47:39 - [TEST_STEP][PASSED] - ctdc.utilities.runtestcaseforKatalon.readStatBarCanine("Object Repository/Canine/StatBar/Canine_StatBar-Programs", "Object Repository/Canine/StatBar/Canine_StatBar-Studies", "Object Repository/Canine/StatBar/Canine_StatBar-Cases", "Object Repository/Canine/StatBar/Canine_StatBar-Samples", "Object Repository/Canine/StatBar/Canine_StatBar-CaseFiles", "Object Repository/Canine/StatBar/Canine_StatBar-StudyFiles"): ctdc.utilities.runtestcaseforKatalon.readStatBarCanine is PASSED

2022-04-07 11:47:57 - [MESSAGE][PASSED] - ctdc.utilities.runtestcaseforKatalon.readStatBarCanine is PASSED

2022-04-07 11:47:57 - [TEST_STEP][PASSED] - waitForElementPresent(findTestObject("Object Repository/Canine/CanineResults_Cases_Tab"), 30): Object 'Object Repository/Canine/CanineResults_Cases_Tab' is present

2022-04-07 11:47:57 - [MESSAGE][PASSED] - Object 'Object Repository/Canine/CanineResults_Cases_Tab' is present

2022-04-07 11:47:57 - [TEST_STEP][PASSED] - verifyElementPresent(findTestObject("Object Repository/Canine/CanineResults_Cases_Tab"), 5): Object 'Object Repository/Canine/CanineResults_Cases_Tab' is present

2022-04-07 11:47:58 - [MESSAGE][PASSED] - Object 'Object Repository/Canine/CanineResults_Cases_Tab' is present

2022-04-07 11:47:58 - [TEST_STEP][PASSED] - ctdc.utilities.runtestcaseforKatalon.clickTab("Object Repository/Canine/CanineResults_Cases_Tab"): ctdc.utilities.runtestcaseforKatalon.clickTab is PASSED

2022-04-07 11:47:58 - [MESSAGE][PASSED] - ctdc.utilities.runtestcaseforKatalon.clickTab is PASSED

2022-04-07 11:47:58 - [TEST_STEP][PASSED] - ctdc.utilities.runtestcaseforKatalon.multiFunction("ICDC", G_StatBar_Cases, "Object Repository/Canine/Canine_CasesTable", "Object Repository/Canine/Canine_TableHeader", "Object Repository/Canine/Canine_CasesTabNextBtn", G_WebTabnameCases, G_CypherTabnameCases, G_QueryCasesTab): Statbar Study Files count matches

2022-04-07 11:48:17 - [MESSAGE][PASSED] - Statbar Programs count matches

2022-04-07 11:48:17 - [MESSAGE][PASSED] - Statbar Studies count matches

2022-04-07 11:48:17 - [MESSAGE][PASSED] - Statbar Cases count matches

2022-04-07 11:48:17 - [MESSAGE][PASSED] - Statbar Samples count matches

2022-04-07 11:48:17 - [MESSAGE][PASSED] - Statbar Case Files count matches

2022-04-07 11:48:17 - [MESSAGE][PASSED] - Statbar Study Files count matches

2022-04-07 11:48:17 - [TEST_STEP][PASSED] - waitForElementPresent(findTestObject("Object Repository/Canine/CanineResults_Samples_Tab"), 30): Object 'Object Repository/Canine/CanineResults_Samples_Tab' is present

2022-04-07 11:48:17 - [MESSAGE][PASSED] - Object 'Object Repository/Canine/CanineResults_Samples_Tab' is present

2022-04-07 11:48:17 - [TEST_STEP][PASSED] - verifyElementPresent(findTestObject("Object Repository/Canine/CanineResults_Samples_Tab"), 5): Object 'Object Repository/Canine/CanineResults_Samples_Tab' is present

2022-04-07 11:48:17 - [MESSAGE][PASSED] - Object 'Object Repository/Canine/CanineResults_Samples_Tab' is present

2022-04-07 11:48:17 - [TEST_STEP][PASSED] - ctdc.utilities.runtestcaseforKatalon.clickTab("Object Repository/Canine/CanineResults_Samples_Tab"): ctdc.utilities.runtestcaseforKatalon.clickTab is PASSED

2022-04-07 11:48:18 - [MESSAGE][PASSED] - ctdc.utilities.runtestcaseforKatalon.clickTab is PASSED

2022-04-07 11:48:18 - [TEST_STEP][PASSED] - ctdc.utilities.runtestcaseforKatalon.multiFunction("ICDC", G_StatBar_Samples, "Object Repository/Canine/Canine_Samples_Table", "Object Repository/Canine/Canine_Samples_TableHdr", "Object Repository/Canine/Canine_SamplesTabNextBtn", G_WebTabnameSamples, G_CypherTabnameSamples, G_QuerySamplesTab): Statbar Study Files count matches

2022-04-07 11:48:40 - [MESSAGE][PASSED] - Statbar Programs count matches

2022-04-07 11:48:40 - [MESSAGE][PASSED] - Statbar Studies count matches

2022-04-07 11:48:40 - [MESSAGE][PASSED] - Statbar Cases count matches

2022-04-07 11:48:40 - [MESSAGE][PASSED] - Statbar Samples count matches

2022-04-07 11:48:40 - [MESSAGE][PASSED] - Statbar Case Files count matches

2022-04-07 11:48:40 - [MESSAGE][PASSED] - Statbar Study Files count matches]]></system-out>
         <system-err><![CDATA[]]></system-err>
      </testcase>
      <testcase name="Test Cases/Canine_TestCases/StudyCombinations/Study-Combinations-OSA01/TC20_Canine_StudyOSA01-Biobank-Breed-FileFormat" time="110.44" classname="Test Cases/Canine_TestCases/StudyCombinations/Study-Combinations-OSA01/TC20_Canine_StudyOSA01-Biobank-Breed-FileFormat" status="PASSED">
         <system-out><![CDATA[2022-04-07 11:48:40 - [TEST_CASE][PASSED] - Test Cases/Canine_TestCases/StudyCombinations/Study-Combinations-OSA01/TC20_Canine_StudyOSA01-Biobank-Breed-FileFormat: Test Cases/Canine_TestCases/StudyCombinations/Study-Combinations-OSA01/TC20_Canine_StudyOSA01-Biobank-Breed-FileFormat

2022-04-07 11:48:40 - [TEST_STEP][PASSED] - Start listener action : getTestScriptName: null

2022-04-07 11:48:40 - [TEST_STEP][PASSED] - TestCaseId = testCaseContext.getTestCaseId(): null

2022-04-07 11:48:40 - [TEST_STEP][PASSED] - out.println("**********this is the value of test case id string******** " + testCaseContext.getTestCaseId()): null

2022-04-07 11:48:40 - [TEST_STEP][PASSED] - G_currentTCName = TestCaseId.substring(TestCaseId.lastIndexOf("TC")): null

2022-04-07 11:48:40 - [TEST_STEP][PASSED] - out.println("This is the test case name : " + G_currentTCName): null

2022-04-07 11:48:41 - [TEST_STEP][PASSED] - closeBrowser(): Browser is closed

2022-04-07 11:48:42 - [MESSAGE][PASSED] - Browser is closed

2022-04-07 11:48:42 - [TEST_STEP][PASSED] - "Driver opened by Katalon is used in Selenium from this step.": null

2022-04-07 11:48:42 - [TEST_STEP][PASSED] - ctdc.utilities.runtestcaseforKatalon.RunKatalon("TC20_Canine_StudyOSA01-Biobank-Breed-FileFormat.xlsx"): Data loaded from input file for the test case. 

2022-04-07 11:48:42 - [MESSAGE][PASSED] - Test case file loaded This is the full filepath after converting to string :C:\Users\sohilz2\Desktop\Commons_Automation\InputFiles\TC20_Canine_StudyOSA01-Biobank-Breed-FileFormat.xlsx

2022-04-07 11:48:42 - [MESSAGE][INFO] - Global variable set for password file is :  C:\Users\sohilz2\Desktop\Commons_Automation\InputFiles\TC20_Canine_StudyOSA01-Biobank-Breed-FileFormat.xlsx

2022-04-07 11:48:46 - [MESSAGE][PASSED] - Data loaded from input file for the test case. 

2022-04-07 11:49:00 - [TEST_STEP][PASSED] - waitForElementPresent(findTestObject("Canine/NavBar/Canine_Cases_Btn"), 20): Object 'Object Repository/Canine/NavBar/Canine_Cases_Btn' is present

2022-04-07 11:49:00 - [MESSAGE][PASSED] - Object 'Object Repository/Canine/NavBar/Canine_Cases_Btn' is present

2022-04-07 11:49:00 - [TEST_STEP][PASSED] - ctdc.utilities.runtestcaseforKatalon.clickTab("Object Repository/Canine/Canine_PopUp_Continue_Btn"): ctdc.utilities.runtestcaseforKatalon.clickTab is PASSED

2022-04-07 11:49:01 - [MESSAGE][PASSED] - ctdc.utilities.runtestcaseforKatalon.clickTab is PASSED

2022-04-07 11:49:01 - [TEST_STEP][PASSED] - out.println("Closed the popup window"): null

2022-04-07 11:49:01 - [TEST_STEP][PASSED] - waitForElementPresent(findTestObject("Canine/NavBar/Canine_Cases_Btn"), 20): Object 'Object Repository/Canine/NavBar/Canine_Cases_Btn' is present

2022-04-07 11:49:01 - [MESSAGE][PASSED] - Object 'Object Repository/Canine/NavBar/Canine_Cases_Btn' is present

2022-04-07 11:49:01 - [TEST_STEP][PASSED] - ctdc.utilities.runtestcaseforKatalon.clickTab("Canine/NavBar/Canine_Cases_Btn"): ctdc.utilities.runtestcaseforKatalon.clickTab is PASSED

2022-04-07 11:49:01 - [MESSAGE][PASSED] - ctdc.utilities.runtestcaseforKatalon.clickTab is PASSED

2022-04-07 11:49:01 - [TEST_STEP][PASSED] - waitForElementPresent(findTestObject("Object Repository/Canine/Filter/Study/Canine_Filter_Study"), 30): Object 'Object Repository/Canine/Filter/Study/Canine_Filter_Study' is present

2022-04-07 11:49:02 - [MESSAGE][PASSED] - Object 'Object Repository/Canine/Filter/Study/Canine_Filter_Study' is present

2022-04-07 11:49:02 - [TEST_STEP][PASSED] - verifyElementPresent(findTestObject("Object Repository/Canine/Filter/Study/Canine_Filter_Study"), 5): Object 'Object Repository/Canine/Filter/Study/Canine_Filter_Study' is present

2022-04-07 11:49:03 - [MESSAGE][PASSED] - Object 'Object Repository/Canine/Filter/Study/Canine_Filter_Study' is present

2022-04-07 11:49:03 - [TEST_STEP][PASSED] - ctdc.utilities.runtestcaseforKatalon.clickTab("Object Repository/Canine/Filter/Study/Canine_Filter_Study"): ctdc.utilities.runtestcaseforKatalon.clickTab is PASSED

2022-04-07 11:49:03 - [MESSAGE][PASSED] - ctdc.utilities.runtestcaseforKatalon.clickTab is PASSED

2022-04-07 11:49:03 - [TEST_STEP][PASSED] - waitForElementPresent(findTestObject("Object Repository/Canine/Filter/Study/Canine_Filter_Study-OSA01_Chkbx"), 30): Object 'Object Repository/Canine/Filter/Study/Canine_Filter_Study-OSA01_Chkbx' is present

2022-04-07 11:49:04 - [MESSAGE][PASSED] - Object 'Object Repository/Canine/Filter/Study/Canine_Filter_Study-OSA01_Chkbx' is present

2022-04-07 11:49:04 - [TEST_STEP][PASSED] - verifyElementPresent(findTestObject("Object Repository/Canine/Filter/Study/Canine_Filter_Study-OSA01_Chkbx"), 5): Object 'Object Repository/Canine/Filter/Study/Canine_Filter_Study-OSA01_Chkbx' is present

2022-04-07 11:49:04 - [MESSAGE][PASSED] - Object 'Object Repository/Canine/Filter/Study/Canine_Filter_Study-OSA01_Chkbx' is present

2022-04-07 11:49:04 - [TEST_STEP][PASSED] - ctdc.utilities.runtestcaseforKatalon.clickTab("Object Repository/Canine/Filter/Study/Canine_Filter_Study-OSA01_Chkbx"): ctdc.utilities.runtestcaseforKatalon.clickTab is PASSED

2022-04-07 11:49:05 - [MESSAGE][PASSED] - ctdc.utilities.runtestcaseforKatalon.clickTab is PASSED

2022-04-07 11:49:05 - [TEST_STEP][PASSED] - Thread.sleep(2000): null

2022-04-07 11:49:07 - [TEST_STEP][PASSED] - waitForElementPresent(findTestObject("Object Repository/Canine/Filter/Biobank/Biobank_Ddn"), 30): Object 'Object Repository/Canine/Filter/Biobank/Biobank_Ddn' is present

2022-04-07 11:49:07 - [MESSAGE][PASSED] - Object 'Object Repository/Canine/Filter/Biobank/Biobank_Ddn' is present

2022-04-07 11:49:07 - [TEST_STEP][PASSED] - verifyElementPresent(findTestObject("Object Repository/Canine/Filter/Biobank/Biobank_Ddn"), 5): Object 'Object Repository/Canine/Filter/Biobank/Biobank_Ddn' is present

2022-04-07 11:49:07 - [MESSAGE][PASSED] - Object 'Object Repository/Canine/Filter/Biobank/Biobank_Ddn' is present

2022-04-07 11:49:07 - [TEST_STEP][PASSED] - ctdc.utilities.runtestcaseforKatalon.clickTabCanineStat("Object Repository/Canine/Filter/Biobank/Biobank_Ddn"): ctdc.utilities.runtestcaseforKatalon.clickTabCanineStat is PASSED

2022-04-07 11:49:08 - [MESSAGE][PASSED] - ctdc.utilities.runtestcaseforKatalon.clickTabCanineStat is PASSED

2022-04-07 11:49:08 - [TEST_STEP][PASSED] - Thread.sleep(2000): null

2022-04-07 11:49:10 - [TEST_STEP][PASSED] - waitForElementPresent(findTestObject("Object Repository/Canine/Filter/Biobank//CCOGC_Chkbx"), 30): Object 'Object Repository/Canine/Filter/Biobank//CCOGC_Chkbx' is present

2022-04-07 11:49:11 - [MESSAGE][PASSED] - Object 'Object Repository/Canine/Filter/Biobank//CCOGC_Chkbx' is present

2022-04-07 11:49:11 - [TEST_STEP][PASSED] - verifyElementPresent(findTestObject("Object Repository/Canine/Filter/Biobank//CCOGC_Chkbx"), 5): Object 'Object Repository/Canine/Filter/Biobank//CCOGC_Chkbx' is present

2022-04-07 11:49:11 - [MESSAGE][PASSED] - Object 'Object Repository/Canine/Filter/Biobank//CCOGC_Chkbx' is present

2022-04-07 11:49:11 - [TEST_STEP][PASSED] - ctdc.utilities.runtestcaseforKatalon.clickTabCanineStat("Object Repository/Canine/Filter/Biobank//CCOGC_Chkbx"): ctdc.utilities.runtestcaseforKatalon.clickTabCanineStat is PASSED

2022-04-07 11:49:12 - [MESSAGE][PASSED] - ctdc.utilities.runtestcaseforKatalon.clickTabCanineStat is PASSED

2022-04-07 11:49:12 - [TEST_STEP][PASSED] - ctdc.utilities.runtestcaseforKatalon.clickTab("Object Repository/Canine/Filter/Biobank/Biobank_Ddn"): ctdc.utilities.runtestcaseforKatalon.clickTab is PASSED

2022-04-07 11:49:13 - [MESSAGE][PASSED] - ctdc.utilities.runtestcaseforKatalon.clickTab is PASSED

2022-04-07 11:49:13 - [TEST_STEP][PASSED] - Thread.sleep(2000): null

2022-04-07 11:49:15 - [TEST_STEP][PASSED] - waitForElementPresent(findTestObject("Object Repository/Canine/Filter/Breed/BREED_Ddn"), 30): Object 'Object Repository/Canine/Filter/Breed/BREED_Ddn' is present

2022-04-07 11:49:15 - [MESSAGE][PASSED] - Object 'Object Repository/Canine/Filter/Breed/BREED_Ddn' is present

2022-04-07 11:49:15 - [TEST_STEP][PASSED] - verifyElementPresent(findTestObject("Object Repository/Canine/Filter/Breed/BREED_Ddn"), 5): Object 'Object Repository/Canine/Filter/Breed/BREED_Ddn' is present

2022-04-07 11:49:15 - [MESSAGE][PASSED] - Object 'Object Repository/Canine/Filter/Breed/BREED_Ddn' is present

2022-04-07 11:49:15 - [TEST_STEP][PASSED] - ctdc.utilities.runtestcaseforKatalon.clickTabCanineStat("Object Repository/Canine/Filter/Breed/BREED_Ddn"): ctdc.utilities.runtestcaseforKatalon.clickTabCanineStat is PASSED

2022-04-07 11:49:16 - [MESSAGE][PASSED] - ctdc.utilities.runtestcaseforKatalon.clickTabCanineStat is PASSED

2022-04-07 11:49:16 - [TEST_STEP][PASSED] - Thread.sleep(2000): null

2022-04-07 11:49:18 - [TEST_STEP][PASSED] - waitForElementPresent(findTestObject("Object Repository/Canine/Filter/Breed/OldEnglishSheepdog_Chkbx"), 30): Object 'Object Repository/Canine/Filter/Breed/OldEnglishSheepdog_Chkbx' is present

2022-04-07 11:49:18 - [MESSAGE][PASSED] - Object 'Object Repository/Canine/Filter/Breed/OldEnglishSheepdog_Chkbx' is present

2022-04-07 11:49:18 - [TEST_STEP][PASSED] - verifyElementPresent(findTestObject("Object Repository/Canine/Filter/Breed/OldEnglishSheepdog_Chkbx"), 5): Object 'Object Repository/Canine/Filter/Breed/OldEnglishSheepdog_Chkbx' is present

2022-04-07 11:49:18 - [MESSAGE][PASSED] - Object 'Object Repository/Canine/Filter/Breed/OldEnglishSheepdog_Chkbx' is present

2022-04-07 11:49:18 - [TEST_STEP][PASSED] - ctdc.utilities.runtestcaseforKatalon.clickTabCanineStat("Object Repository/Canine/Filter/Breed/OldEnglishSheepdog_Chkbx"): ctdc.utilities.runtestcaseforKatalon.clickTabCanineStat is PASSED

2022-04-07 11:49:20 - [MESSAGE][PASSED] - ctdc.utilities.runtestcaseforKatalon.clickTabCanineStat is PASSED

2022-04-07 11:49:20 - [TEST_STEP][PASSED] - ctdc.utilities.runtestcaseforKatalon.clickTab("Object Repository/Canine/Filter/Breed/BREED_Ddn"): ctdc.utilities.runtestcaseforKatalon.clickTab is PASSED

2022-04-07 11:49:20 - [MESSAGE][PASSED] - ctdc.utilities.runtestcaseforKatalon.clickTab is PASSED

2022-04-07 11:49:20 - [TEST_STEP][PASSED] - Thread.sleep(2000): null

2022-04-07 11:49:22 - [TEST_STEP][PASSED] - waitForElementPresent(findTestObject("Object Repository/Canine/Filter/FileFormat/FILEFORMAT_Ddn"), 30): Object 'Object Repository/Canine/Filter/FileFormat/FILEFORMAT_Ddn' is present

2022-04-07 11:49:22 - [MESSAGE][PASSED] - Object 'Object Repository/Canine/Filter/FileFormat/FILEFORMAT_Ddn' is present

2022-04-07 11:49:22 - [TEST_STEP][PASSED] - verifyElementPresent(findTestObject("Object Repository/Canine/Filter/FileFormat/FILEFORMAT_Ddn"), 5): Object 'Object Repository/Canine/Filter/FileFormat/FILEFORMAT_Ddn' is present

2022-04-07 11:49:23 - [MESSAGE][PASSED] - Object 'Object Repository/Canine/Filter/FileFormat/FILEFORMAT_Ddn' is present

2022-04-07 11:49:23 - [TEST_STEP][PASSED] - ctdc.utilities.runtestcaseforKatalon.clickTabCanineStat("Object Repository/Canine/Filter/FileFormat/FILEFORMAT_Ddn"): ctdc.utilities.runtestcaseforKatalon.clickTabCanineStat is PASSED

2022-04-07 11:49:24 - [MESSAGE][PASSED] - ctdc.utilities.runtestcaseforKatalon.clickTabCanineStat is PASSED

2022-04-07 11:49:24 - [TEST_STEP][PASSED] - waitForElementPresent(findTestObject("Object Repository/Canine/Filter/FileFormat/bai_Chkbx"), 30): Object 'Object Repository/Canine/Filter/FileFormat/bai_Chkbx' is present

2022-04-07 11:49:24 - [MESSAGE][PASSED] - Object 'Object Repository/Canine/Filter/FileFormat/bai_Chkbx' is present

2022-04-07 11:49:24 - [TEST_STEP][PASSED] - verifyElementPresent(findTestObject("Object Repository/Canine/Filter/FileFormat/bai_Chkbx"), 5): Object 'Object Repository/Canine/Filter/FileFormat/bai_Chkbx' is present

2022-04-07 11:49:24 - [MESSAGE][PASSED] - Object 'Object Repository/Canine/Filter/FileFormat/bai_Chkbx' is present

2022-04-07 11:49:24 - [TEST_STEP][PASSED] - waitForElementClickable(findTestObject("Object Repository/Canine/Filter/FileFormat/bai_Chkbx"), 30): Object 'Object Repository/Canine/Filter/FileFormat/bai_Chkbx' is clickable

2022-04-07 11:49:24 - [MESSAGE][PASSED] - Object 'Object Repository/Canine/Filter/FileFormat/bai_Chkbx' is clickable

2022-04-07 11:49:24 - [TEST_STEP][PASSED] - ctdc.utilities.runtestcaseforKatalon.clickTabCanineStat("Object Repository/Canine/Filter/FileFormat/bai_Chkbx"): ctdc.utilities.runtestcaseforKatalon.clickTabCanineStat is PASSED

2022-04-07 11:49:26 - [MESSAGE][PASSED] - ctdc.utilities.runtestcaseforKatalon.clickTabCanineStat is PASSED

2022-04-07 11:49:26 - [TEST_STEP][PASSED] - ctdc.utilities.runtestcaseforKatalon.clickTab("Object Repository/Canine/Filter/FileFormat/FILEFORMAT_Ddn"): ctdc.utilities.runtestcaseforKatalon.clickTab is PASSED

2022-04-07 11:49:26 - [MESSAGE][PASSED] - ctdc.utilities.runtestcaseforKatalon.clickTab is PASSED

2022-04-07 11:49:26 - [TEST_STEP][PASSED] - ctdc.utilities.runtestcaseforKatalon.readStatBarCanine("Object Repository/Canine/StatBar/Canine_StatBar-Programs", "Object Repository/Canine/StatBar/Canine_StatBar-Studies", "Object Repository/Canine/StatBar/Canine_StatBar-Cases", "Object Repository/Canine/StatBar/Canine_StatBar-Samples", "Object Repository/Canine/StatBar/Canine_StatBar-CaseFiles", "Object Repository/Canine/StatBar/Canine_StatBar-StudyFiles"): ctdc.utilities.runtestcaseforKatalon.readStatBarCanine is PASSED

2022-04-07 11:49:45 - [MESSAGE][PASSED] - ctdc.utilities.runtestcaseforKatalon.readStatBarCanine is PASSED

2022-04-07 11:49:45 - [TEST_STEP][PASSED] - waitForElementPresent(findTestObject("Object Repository/Canine/CanineResults_Cases_Tab"), 30): Object 'Object Repository/Canine/CanineResults_Cases_Tab' is present

2022-04-07 11:49:45 - [MESSAGE][PASSED] - Object 'Object Repository/Canine/CanineResults_Cases_Tab' is present

2022-04-07 11:49:45 - [TEST_STEP][PASSED] - verifyElementPresent(findTestObject("Object Repository/Canine/CanineResults_Cases_Tab"), 5): Object 'Object Repository/Canine/CanineResults_Cases_Tab' is present

2022-04-07 11:49:45 - [MESSAGE][PASSED] - Object 'Object Repository/Canine/CanineResults_Cases_Tab' is present

2022-04-07 11:49:45 - [TEST_STEP][PASSED] - ctdc.utilities.runtestcaseforKatalon.clickTab("Object Repository/Canine/CanineResults_Cases_Tab"): ctdc.utilities.runtestcaseforKatalon.clickTab is PASSED

2022-04-07 11:49:45 - [MESSAGE][PASSED] - ctdc.utilities.runtestcaseforKatalon.clickTab is PASSED

2022-04-07 11:49:45 - [TEST_STEP][PASSED] - ctdc.utilities.runtestcaseforKatalon.multiFunction("ICDC", G_StatBar_Cases, "Object Repository/Canine/Canine_CasesTable", "Object Repository/Canine/Canine_TableHeader", "Object Repository/Canine/Canine_CasesTabNextBtn", G_WebTabnameCases, G_CypherTabnameCases, G_QueryCasesTab): Statbar Study Files count matches

2022-04-07 11:50:05 - [MESSAGE][PASSED] - Statbar Programs count matches

2022-04-07 11:50:05 - [MESSAGE][PASSED] - Statbar Studies count matches

2022-04-07 11:50:05 - [MESSAGE][PASSED] - Statbar Cases count matches

2022-04-07 11:50:05 - [MESSAGE][PASSED] - Statbar Samples count matches

2022-04-07 11:50:05 - [MESSAGE][PASSED] - Statbar Case Files count matches

2022-04-07 11:50:05 - [MESSAGE][PASSED] - Statbar Study Files count matches

2022-04-07 11:50:05 - [TEST_STEP][PASSED] - waitForElementPresent(findTestObject("Object Repository/Canine/CanineResults_Samples_Tab"), 30): Object 'Object Repository/Canine/CanineResults_Samples_Tab' is present

2022-04-07 11:50:05 - [MESSAGE][PASSED] - Object 'Object Repository/Canine/CanineResults_Samples_Tab' is present

2022-04-07 11:50:05 - [TEST_STEP][PASSED] - verifyElementPresent(findTestObject("Object Repository/Canine/CanineResults_Samples_Tab"), 5): Object 'Object Repository/Canine/CanineResults_Samples_Tab' is present

2022-04-07 11:50:05 - [MESSAGE][PASSED] - Object 'Object Repository/Canine/CanineResults_Samples_Tab' is present

2022-04-07 11:50:05 - [TEST_STEP][PASSED] - ctdc.utilities.runtestcaseforKatalon.clickTab("Object Repository/Canine/CanineResults_Samples_Tab"): ctdc.utilities.runtestcaseforKatalon.clickTab is PASSED

2022-04-07 11:50:05 - [MESSAGE][PASSED] - ctdc.utilities.runtestcaseforKatalon.clickTab is PASSED

2022-04-07 11:50:05 - [TEST_STEP][PASSED] - ctdc.utilities.runtestcaseforKatalon.multiFunction("ICDC", G_StatBar_Samples, "Object Repository/Canine/Canine_Samples_Table", "Object Repository/Canine/Canine_Samples_TableHdr", "Object Repository/Canine/Canine_SamplesTabNextBtn", G_WebTabnameSamples, G_CypherTabnameSamples, G_QuerySamplesTab): Statbar Study Files count matches

2022-04-07 11:50:30 - [MESSAGE][PASSED] - Statbar Programs count matches

2022-04-07 11:50:30 - [MESSAGE][PASSED] - Statbar Studies count matches

2022-04-07 11:50:30 - [MESSAGE][PASSED] - Statbar Cases count matches

2022-04-07 11:50:30 - [MESSAGE][PASSED] - Statbar Samples count matches

2022-04-07 11:50:30 - [MESSAGE][PASSED] - Statbar Case Files count matches

2022-04-07 11:50:30 - [MESSAGE][PASSED] - Statbar Study Files count matches]]></system-out>
         <system-err><![CDATA[]]></system-err>
      </testcase>
      <testcase name="Test Cases/Canine_TestCases/StudyCombinations/Study-Combinations-OSA01/TC30_Canine_StudyOSA01-AllFilters_exceptFiles" time="177.579" classname="Test Cases/Canine_TestCases/StudyCombinations/Study-Combinations-OSA01/TC30_Canine_StudyOSA01-AllFilters_exceptFiles" status="PASSED">
         <system-out><![CDATA[2022-04-07 11:50:30 - [TEST_CASE][PASSED] - Test Cases/Canine_TestCases/StudyCombinations/Study-Combinations-OSA01/TC30_Canine_StudyOSA01-AllFilters_exceptFiles: Test Cases/Canine_TestCases/StudyCombinations/Study-Combinations-OSA01/TC30_Canine_StudyOSA01-AllFilters_exceptFiles

2022-04-07 11:50:30 - [TEST_STEP][PASSED] - Start listener action : getTestScriptName: null

2022-04-07 11:50:30 - [TEST_STEP][PASSED] - TestCaseId = testCaseContext.getTestCaseId(): null

2022-04-07 11:50:30 - [TEST_STEP][PASSED] - out.println("**********this is the value of test case id string******** " + testCaseContext.getTestCaseId()): null

2022-04-07 11:50:30 - [TEST_STEP][PASSED] - G_currentTCName = TestCaseId.substring(TestCaseId.lastIndexOf("TC")): null

2022-04-07 11:50:30 - [TEST_STEP][PASSED] - out.println("This is the test case name : " + G_currentTCName): null

2022-04-07 11:50:32 - [TEST_STEP][PASSED] - "Opens the browser of choice: Chrome, Firefox or Edge": null

2022-04-07 11:50:32 - [TEST_STEP][PASSED] - "Driver opened by Katalon is used in Selenium from this step.": null

2022-04-07 11:50:32 - [TEST_STEP][PASSED] - ctdc.utilities.runtestcaseforKatalon.RunKatalon("TC30_Canine_StudyOSA01-AllFilters_exceptFiles.xlsx"): Data loaded from input file for the test case. 

2022-04-07 11:50:32 - [MESSAGE][PASSED] - Test case file loaded This is the full filepath after converting to string :C:\Users\sohilz2\Desktop\Commons_Automation\InputFiles\TC30_Canine_StudyOSA01-AllFilters_exceptFiles.xlsx

2022-04-07 11:50:32 - [MESSAGE][INFO] - Global variable set for password file is :  C:\Users\sohilz2\Desktop\Commons_Automation\InputFiles\TC30_Canine_StudyOSA01-AllFilters_exceptFiles.xlsx

2022-04-07 11:50:36 - [MESSAGE][PASSED] - Data loaded from input file for the test case. 

2022-04-07 11:51:01 - [TEST_STEP][PASSED] - waitForElementPresent(findTestObject("Canine/NavBar/Canine_Cases_Btn"), 20): Object 'Object Repository/Canine/NavBar/Canine_Cases_Btn' is present

2022-04-07 11:51:01 - [MESSAGE][PASSED] - Object 'Object Repository/Canine/NavBar/Canine_Cases_Btn' is present

2022-04-07 11:51:01 - [TEST_STEP][PASSED] - ctdc.utilities.runtestcaseforKatalon.clickTab("Object Repository/Canine/Canine_PopUp_Continue_Btn"): ctdc.utilities.runtestcaseforKatalon.clickTab is PASSED

2022-04-07 11:51:01 - [MESSAGE][PASSED] - ctdc.utilities.runtestcaseforKatalon.clickTab is PASSED

2022-04-07 11:51:01 - [TEST_STEP][PASSED] - out.println("Closed the popup window"): null

2022-04-07 11:51:01 - [TEST_STEP][PASSED] - waitForElementPresent(findTestObject("Canine/NavBar/Canine_Cases_Btn"), 20): Object 'Object Repository/Canine/NavBar/Canine_Cases_Btn' is present

2022-04-07 11:51:01 - [MESSAGE][PASSED] - Object 'Object Repository/Canine/NavBar/Canine_Cases_Btn' is present

2022-04-07 11:51:01 - [TEST_STEP][PASSED] - ctdc.utilities.runtestcaseforKatalon.clickTab("Canine/NavBar/Canine_Cases_Btn"): ctdc.utilities.runtestcaseforKatalon.clickTab is PASSED

2022-04-07 11:51:02 - [MESSAGE][PASSED] - ctdc.utilities.runtestcaseforKatalon.clickTab is PASSED

2022-04-07 11:51:02 - [TEST_STEP][PASSED] - waitForElementPresent(findTestObject("Object Repository/Canine/Filter/Study/Canine_Filter_Study"), 30): Object 'Object Repository/Canine/Filter/Study/Canine_Filter_Study' is present

2022-04-07 11:51:03 - [MESSAGE][PASSED] - Object 'Object Repository/Canine/Filter/Study/Canine_Filter_Study' is present

2022-04-07 11:51:03 - [TEST_STEP][PASSED] - verifyElementPresent(findTestObject("Object Repository/Canine/Filter/Study/Canine_Filter_Study"), 5): Object 'Object Repository/Canine/Filter/Study/Canine_Filter_Study' is present

2022-04-07 11:51:04 - [MESSAGE][PASSED] - Object 'Object Repository/Canine/Filter/Study/Canine_Filter_Study' is present

2022-04-07 11:51:04 - [TEST_STEP][PASSED] - ctdc.utilities.runtestcaseforKatalon.clickTab("Object Repository/Canine/Filter/Study/Canine_Filter_Study"): ctdc.utilities.runtestcaseforKatalon.clickTab is PASSED

2022-04-07 11:51:05 - [MESSAGE][PASSED] - ctdc.utilities.runtestcaseforKatalon.clickTab is PASSED

2022-04-07 11:51:05 - [TEST_STEP][PASSED] - waitForElementPresent(findTestObject("Object Repository/Canine/Filter/Study/Canine_Filter_Study-OSA01_Chkbx"), 30): Object 'Object Repository/Canine/Filter/Study/Canine_Filter_Study-OSA01_Chkbx' is present

2022-04-07 11:51:05 - [MESSAGE][PASSED] - Object 'Object Repository/Canine/Filter/Study/Canine_Filter_Study-OSA01_Chkbx' is present

2022-04-07 11:51:05 - [TEST_STEP][PASSED] - verifyElementPresent(findTestObject("Object Repository/Canine/Filter/Study/Canine_Filter_Study-OSA01_Chkbx"), 5): Object 'Object Repository/Canine/Filter/Study/Canine_Filter_Study-OSA01_Chkbx' is present

2022-04-07 11:51:05 - [MESSAGE][PASSED] - Object 'Object Repository/Canine/Filter/Study/Canine_Filter_Study-OSA01_Chkbx' is present

2022-04-07 11:51:05 - [TEST_STEP][PASSED] - ctdc.utilities.runtestcaseforKatalon.clickTab("Object Repository/Canine/Filter/Study/Canine_Filter_Study-OSA01_Chkbx"): ctdc.utilities.runtestcaseforKatalon.clickTab is PASSED

2022-04-07 11:51:06 - [MESSAGE][PASSED] - ctdc.utilities.runtestcaseforKatalon.clickTab is PASSED

2022-04-07 11:51:06 - [TEST_STEP][PASSED] - Thread.sleep(2000): null

2022-04-07 11:51:08 - [TEST_STEP][PASSED] - waitForElementPresent(findTestObject("Object Repository/Canine/Filter/StudyType/StudyType_Ddn"), 30): Object 'Object Repository/Canine/Filter/StudyType/StudyType_Ddn' is present

2022-04-07 11:51:08 - [MESSAGE][PASSED] - Object 'Object Repository/Canine/Filter/StudyType/StudyType_Ddn' is present

2022-04-07 11:51:08 - [TEST_STEP][PASSED] - verifyElementPresent(findTestObject("Object Repository/Canine/Filter/StudyType/StudyType_Ddn"), 5): Object 'Object Repository/Canine/Filter/StudyType/StudyType_Ddn' is present

2022-04-07 11:51:08 - [MESSAGE][PASSED] - Object 'Object Repository/Canine/Filter/StudyType/StudyType_Ddn' is present

2022-04-07 11:51:08 - [TEST_STEP][PASSED] - ctdc.utilities.runtestcaseforKatalon.clickTabCanineStat("Object Repository/Canine/Filter/StudyType/StudyType_Ddn"): ctdc.utilities.runtestcaseforKatalon.clickTabCanineStat is PASSED

2022-04-07 11:51:09 - [MESSAGE][PASSED] - ctdc.utilities.runtestcaseforKatalon.clickTabCanineStat is PASSED

2022-04-07 11:51:09 - [TEST_STEP][PASSED] - waitForElementPresent(findTestObject("Object Repository/Canine/Filter/StudyType/Canine_Filter_StudyType-Genomics_Chkbx"), 30): Object 'Object Repository/Canine/Filter/StudyType/Canine_Filter_StudyType-Genomics_Chkbx' is present

2022-04-07 11:51:10 - [MESSAGE][PASSED] - Object 'Object Repository/Canine/Filter/StudyType/Canine_Filter_StudyType-Genomics_Chkbx' is present

2022-04-07 11:51:10 - [TEST_STEP][PASSED] - verifyElementPresent(findTestObject("Object Repository/Canine/Filter/StudyType/Canine_Filter_StudyType-Genomics_Chkbx"), 5): Object 'Object Repository/Canine/Filter/StudyType/Canine_Filter_StudyType-Genomics_Chkbx' is present

2022-04-07 11:51:10 - [MESSAGE][PASSED] - Object 'Object Repository/Canine/Filter/StudyType/Canine_Filter_StudyType-Genomics_Chkbx' is present

2022-04-07 11:51:10 - [TEST_STEP][PASSED] - ctdc.utilities.runtestcaseforKatalon.clickTabCanineStat("Object Repository/Canine/Filter/StudyType/Canine_Filter_StudyType-Genomics_Chkbx"): ctdc.utilities.runtestcaseforKatalon.clickTabCanineStat is PASSED

2022-04-07 11:51:12 - [MESSAGE][PASSED] - ctdc.utilities.runtestcaseforKatalon.clickTabCanineStat is PASSED

2022-04-07 11:51:12 - [TEST_STEP][PASSED] - Thread.sleep(2000): null

2022-04-07 11:51:14 - [TEST_STEP][PASSED] - waitForElementPresent(findTestObject("Object Repository/Canine/Filter/Biobank/Biobank_Ddn"), 30): Object 'Object Repository/Canine/Filter/Biobank/Biobank_Ddn' is present

2022-04-07 11:51:14 - [MESSAGE][PASSED] - Object 'Object Repository/Canine/Filter/Biobank/Biobank_Ddn' is present

2022-04-07 11:51:14 - [TEST_STEP][PASSED] - verifyElementPresent(findTestObject("Object Repository/Canine/Filter/Biobank/Biobank_Ddn"), 5): Object 'Object Repository/Canine/Filter/Biobank/Biobank_Ddn' is present

2022-04-07 11:51:14 - [MESSAGE][PASSED] - Object 'Object Repository/Canine/Filter/Biobank/Biobank_Ddn' is present

2022-04-07 11:51:14 - [TEST_STEP][PASSED] - ctdc.utilities.runtestcaseforKatalon.clickTabCanineStat("Object Repository/Canine/Filter/Biobank/Biobank_Ddn"): ctdc.utilities.runtestcaseforKatalon.clickTabCanineStat is PASSED

2022-04-07 11:51:16 - [MESSAGE][PASSED] - ctdc.utilities.runtestcaseforKatalon.clickTabCanineStat is PASSED

2022-04-07 11:51:16 - [TEST_STEP][PASSED] - waitForElementPresent(findTestObject("Object Repository/Canine/Filter/Biobank//NotApplicable_Chkbx"), 30): Object 'Object Repository/Canine/Filter/Biobank//NotApplicable_Chkbx' is present

2022-04-07 11:51:16 - [MESSAGE][PASSED] - Object 'Object Repository/Canine/Filter/Biobank//NotApplicable_Chkbx' is present

2022-04-07 11:51:16 - [TEST_STEP][PASSED] - verifyElementPresent(findTestObject("Object Repository/Canine/Filter/Biobank//NotApplicable_Chkbx"), 5): Object 'Object Repository/Canine/Filter/Biobank//NotApplicable_Chkbx' is present

2022-04-07 11:51:16 - [MESSAGE][PASSED] - Object 'Object Repository/Canine/Filter/Biobank//NotApplicable_Chkbx' is present

2022-04-07 11:51:16 - [TEST_STEP][PASSED] - ctdc.utilities.runtestcaseforKatalon.clickTabCanineStat("Object Repository/Canine/Filter/Biobank/NotApplicable_Chkbx"): ctdc.utilities.runtestcaseforKatalon.clickTabCanineStat is PASSED

2022-04-07 11:51:18 - [MESSAGE][PASSED] - ctdc.utilities.runtestcaseforKatalon.clickTabCanineStat is PASSED

2022-04-07 11:51:18 - [TEST_STEP][PASSED] - waitForElementPresent(findTestObject("Object Repository/Canine/Filter/StudyParticipation/StudyParticipation_Ddn"), 30): Object 'Object Repository/Canine/Filter/StudyParticipation/StudyParticipation_Ddn' is present

2022-04-07 11:51:18 - [MESSAGE][PASSED] - Object 'Object Repository/Canine/Filter/StudyParticipation/StudyParticipation_Ddn' is present

2022-04-07 11:51:18 - [TEST_STEP][PASSED] - verifyElementPresent(findTestObject("Object Repository/Canine/Filter/StudyParticipation/StudyParticipation_Ddn"), 5): Object 'Object Repository/Canine/Filter/StudyParticipation/StudyParticipation_Ddn' is present

2022-04-07 11:51:18 - [MESSAGE][PASSED] - Object 'Object Repository/Canine/Filter/StudyParticipation/StudyParticipation_Ddn' is present

2022-04-07 11:51:18 - [TEST_STEP][PASSED] - ctdc.utilities.runtestcaseforKatalon.clickTabCanineStat("Object Repository/Canine/Filter/StudyParticipation/StudyParticipation_Ddn"): ctdc.utilities.runtestcaseforKatalon.clickTabCanineStat is PASSED

2022-04-07 11:51:20 - [MESSAGE][PASSED] - ctdc.utilities.runtestcaseforKatalon.clickTabCanineStat is PASSED

2022-04-07 11:51:20 - [TEST_STEP][PASSED] - Thread.sleep(2000): null

2022-04-07 11:51:22 - [TEST_STEP][PASSED] - waitForElementPresent(findTestObject("Object Repository/Canine/Filter/StudyParticipation//SingleStudy_Chkbx"), 30): Object 'Object Repository/Canine/Filter/StudyParticipation//SingleStudy_Chkbx' is present

2022-04-07 11:51:22 - [MESSAGE][PASSED] - Object 'Object Repository/Canine/Filter/StudyParticipation//SingleStudy_Chkbx' is present

2022-04-07 11:51:22 - [TEST_STEP][PASSED] - verifyElementPresent(findTestObject("Object Repository/Canine/Filter/StudyParticipation//SingleStudy_Chkbx"), 5): Object 'Object Repository/Canine/Filter/StudyParticipation//SingleStudy_Chkbx' is present

2022-04-07 11:51:22 - [MESSAGE][PASSED] - Object 'Object Repository/Canine/Filter/StudyParticipation//SingleStudy_Chkbx' is present

2022-04-07 11:51:22 - [TEST_STEP][PASSED] - ctdc.utilities.runtestcaseforKatalon.clickTabCanineStat("Object Repository/Canine/Filter/StudyParticipation//SingleStudy_Chkbx"): ctdc.utilities.runtestcaseforKatalon.clickTabCanineStat is PASSED

2022-04-07 11:51:24 - [MESSAGE][PASSED] - ctdc.utilities.runtestcaseforKatalon.clickTabCanineStat is PASSED

2022-04-07 11:51:24 - [TEST_STEP][PASSED] - Thread.sleep(2000): null

2022-04-07 11:51:26 - [TEST_STEP][PASSED] - waitForElementPresent(findTestObject("Object Repository/Canine/Filter/Breed/BREED_Ddn"), 30): Object 'Object Repository/Canine/Filter/Breed/BREED_Ddn' is present

2022-04-07 11:51:26 - [MESSAGE][PASSED] - Object 'Object Repository/Canine/Filter/Breed/BREED_Ddn' is present

2022-04-07 11:51:26 - [TEST_STEP][PASSED] - verifyElementPresent(findTestObject("Object Repository/Canine/Filter/Breed/BREED_Ddn"), 5): Object 'Object Repository/Canine/Filter/Breed/BREED_Ddn' is present

2022-04-07 11:51:26 - [MESSAGE][PASSED] - Object 'Object Repository/Canine/Filter/Breed/BREED_Ddn' is present

2022-04-07 11:51:26 - [TEST_STEP][PASSED] - ctdc.utilities.runtestcaseforKatalon.clickTabCanineStat("Object Repository/Canine/Filter/Breed/BREED_Ddn"): ctdc.utilities.runtestcaseforKatalon.clickTabCanineStat is PASSED

2022-04-07 11:51:28 - [MESSAGE][PASSED] - ctdc.utilities.runtestcaseforKatalon.clickTabCanineStat is PASSED

2022-04-07 11:51:28 - [TEST_STEP][PASSED] - waitForElementPresent(findTestObject("Object Repository/Canine/Filter/Breed/SaintBnd_Chkbx"), 30): Object 'Object Repository/Canine/Filter/Breed/SaintBnd_Chkbx' is present

2022-04-07 11:51:28 - [MESSAGE][PASSED] - Object 'Object Repository/Canine/Filter/Breed/SaintBnd_Chkbx' is present

2022-04-07 11:51:28 - [TEST_STEP][PASSED] - verifyElementPresent(findTestObject("Object Repository/Canine/Filter/Breed/SaintBnd_Chkbx"), 5): Object 'Object Repository/Canine/Filter/Breed/SaintBnd_Chkbx' is present

2022-04-07 11:51:28 - [MESSAGE][PASSED] - Object 'Object Repository/Canine/Filter/Breed/SaintBnd_Chkbx' is present

2022-04-07 11:51:28 - [TEST_STEP][PASSED] - ctdc.utilities.runtestcaseforKatalon.clickTabCanineStat("Object Repository/Canine/Filter/Breed/SaintBnd_Chkbx"): ctdc.utilities.runtestcaseforKatalon.clickTabCanineStat is PASSED

2022-04-07 11:51:30 - [MESSAGE][PASSED] - ctdc.utilities.runtestcaseforKatalon.clickTabCanineStat is PASSED

2022-04-07 11:51:30 - [TEST_STEP][PASSED] - ctdc.utilities.runtestcaseforKatalon.clickTab("Object Repository/Canine/Filter/Breed/BREED_Ddn"): ctdc.utilities.runtestcaseforKatalon.clickTab is PASSED

2022-04-07 11:51:30 - [MESSAGE][PASSED] - ctdc.utilities.runtestcaseforKatalon.clickTab is PASSED

2022-04-07 11:51:30 - [TEST_STEP][PASSED] - Thread.sleep(2000): null

2022-04-07 11:51:32 - [TEST_STEP][PASSED] - waitForElementPresent(findTestObject("Object Repository/Canine/Filter/Diagnosis/DIAGNOSIS_Ddn"), 30): Object 'Object Repository/Canine/Filter/Diagnosis/DIAGNOSIS_Ddn' is present

2022-04-07 11:51:32 - [MESSAGE][PASSED] - Object 'Object Repository/Canine/Filter/Diagnosis/DIAGNOSIS_Ddn' is present

2022-04-07 11:51:32 - [TEST_STEP][PASSED] - verifyElementPresent(findTestObject("Object Repository/Canine/Filter/Diagnosis/DIAGNOSIS_Ddn"), 5): Object 'Object Repository/Canine/Filter/Diagnosis/DIAGNOSIS_Ddn' is present

2022-04-07 11:51:32 - [MESSAGE][PASSED] - Object 'Object Repository/Canine/Filter/Diagnosis/DIAGNOSIS_Ddn' is present

2022-04-07 11:51:32 - [TEST_STEP][PASSED] - ctdc.utilities.runtestcaseforKatalon.clickTabCanineStat("Object Repository/Canine/Filter/Diagnosis/DIAGNOSIS_Ddn"): ctdc.utilities.runtestcaseforKatalon.clickTabCanineStat is PASSED

2022-04-07 11:51:34 - [MESSAGE][PASSED] - ctdc.utilities.runtestcaseforKatalon.clickTabCanineStat is PASSED

2022-04-07 11:51:34 - [TEST_STEP][PASSED] - waitForElementPresent(findTestObject("Object Repository/Canine/Filter/Diagnosis/OsteoSarcoma_Chkbx"), 30): Object 'Object Repository/Canine/Filter/Diagnosis/OsteoSarcoma_Chkbx' is present

2022-04-07 11:51:34 - [MESSAGE][PASSED] - Object 'Object Repository/Canine/Filter/Diagnosis/OsteoSarcoma_Chkbx' is present

2022-04-07 11:51:34 - [TEST_STEP][PASSED] - verifyElementPresent(findTestObject("Object Repository/Canine/Filter/Diagnosis/OsteoSarcoma_Chkbx"), 5): Object 'Object Repository/Canine/Filter/Diagnosis/OsteoSarcoma_Chkbx' is present

2022-04-07 11:51:34 - [MESSAGE][PASSED] - Object 'Object Repository/Canine/Filter/Diagnosis/OsteoSarcoma_Chkbx' is present

2022-04-07 11:51:34 - [TEST_STEP][PASSED] - waitForElementClickable(findTestObject("Object Repository/Canine/Filter/Diagnosis/OsteoSarcoma_Chkbx"), 30): Object 'Object Repository/Canine/Filter/Diagnosis/OsteoSarcoma_Chkbx' is clickable

2022-04-07 11:51:34 - [MESSAGE][PASSED] - Object 'Object Repository/Canine/Filter/Diagnosis/OsteoSarcoma_Chkbx' is clickable

2022-04-07 11:51:34 - [TEST_STEP][PASSED] - ctdc.utilities.runtestcaseforKatalon.clickTabCanineStat("Object Repository/Canine/Filter/Diagnosis/OsteoSarcoma_Chkbx"): ctdc.utilities.runtestcaseforKatalon.clickTabCanineStat is PASSED

2022-04-07 11:51:36 - [MESSAGE][PASSED] - ctdc.utilities.runtestcaseforKatalon.clickTabCanineStat is PASSED

2022-04-07 11:51:36 - [TEST_STEP][PASSED] - Thread.sleep(2000): null

2022-04-07 11:51:38 - [TEST_STEP][PASSED] - waitForElementPresent(findTestObject("Object Repository/Canine/Filter/PrimDiseaseSite/PRIMARYDISEASESITE_Ddn"), 30): Object 'Object Repository/Canine/Filter/PrimDiseaseSite/PRIMARYDISEASESITE_Ddn' is present

2022-04-07 11:51:38 - [MESSAGE][PASSED] - Object 'Object Repository/Canine/Filter/PrimDiseaseSite/PRIMARYDISEASESITE_Ddn' is present

2022-04-07 11:51:38 - [TEST_STEP][PASSED] - verifyElementPresent(findTestObject("Object Repository/Canine/Filter/PrimDiseaseSite/PRIMARYDISEASESITE_Ddn"), 5): Object 'Object Repository/Canine/Filter/PrimDiseaseSite/PRIMARYDISEASESITE_Ddn' is present

2022-04-07 11:51:39 - [MESSAGE][PASSED] - Object 'Object Repository/Canine/Filter/PrimDiseaseSite/PRIMARYDISEASESITE_Ddn' is present

2022-04-07 11:51:39 - [TEST_STEP][PASSED] - ctdc.utilities.runtestcaseforKatalon.clickTabCanineStat("Object Repository/Canine/Filter/PrimDiseaseSite/PRIMARYDISEASESITE_Ddn"): ctdc.utilities.runtestcaseforKatalon.clickTabCanineStat is PASSED

2022-04-07 11:51:40 - [MESSAGE][PASSED] - ctdc.utilities.runtestcaseforKatalon.clickTabCanineStat is PASSED

2022-04-07 11:51:40 - [TEST_STEP][PASSED] - waitForElementPresent(findTestObject("Object Repository/Canine/Filter/PrimDiseaseSite/BoneApendicular_Chkbx"), 30): Object 'Object Repository/Canine/Filter/PrimDiseaseSite/BoneApendicular_Chkbx' is present

2022-04-07 11:51:40 - [MESSAGE][PASSED] - Object 'Object Repository/Canine/Filter/PrimDiseaseSite/BoneApendicular_Chkbx' is present

2022-04-07 11:51:40 - [TEST_STEP][PASSED] - verifyElementPresent(findTestObject("Object Repository/Canine/Filter/PrimDiseaseSite/BoneApendicular_Chkbx"), 5): Object 'Object Repository/Canine/Filter/PrimDiseaseSite/BoneApendicular_Chkbx' is present

2022-04-07 11:51:40 - [MESSAGE][PASSED] - Object 'Object Repository/Canine/Filter/PrimDiseaseSite/BoneApendicular_Chkbx' is present

2022-04-07 11:51:40 - [TEST_STEP][PASSED] - waitForElementClickable(findTestObject("Object Repository/Canine/Filter/PrimDiseaseSite/BoneApendicular_Chkbx"), 30): Object 'Object Repository/Canine/Filter/PrimDiseaseSite/BoneApendicular_Chkbx' is clickable

2022-04-07 11:51:40 - [MESSAGE][PASSED] - Object 'Object Repository/Canine/Filter/PrimDiseaseSite/BoneApendicular_Chkbx' is clickable

2022-04-07 11:51:40 - [TEST_STEP][PASSED] - ctdc.utilities.runtestcaseforKatalon.clickTabCanineStat("Object Repository/Canine/Filter/PrimDiseaseSite/BoneApendicular_Chkbx"): ctdc.utilities.runtestcaseforKatalon.clickTabCanineStat is PASSED

2022-04-07 11:51:42 - [MESSAGE][PASSED] - ctdc.utilities.runtestcaseforKatalon.clickTabCanineStat is PASSED

2022-04-07 11:51:42 - [TEST_STEP][PASSED] - ctdc.utilities.runtestcaseforKatalon.clickTab("Object Repository/Canine/Filter/PrimDiseaseSite/PRIMARYDISEASESITE_Ddn"): ctdc.utilities.runtestcaseforKatalon.clickTab is PASSED

2022-04-07 11:51:42 - [MESSAGE][PASSED] - ctdc.utilities.runtestcaseforKatalon.clickTab is PASSED

2022-04-07 11:51:42 - [TEST_STEP][PASSED] - Thread.sleep(2000): null

2022-04-07 11:51:44 - [TEST_STEP][PASSED] - waitForElementPresent(findTestObject("Object Repository/Canine/Filter/StageOfDisease/STAGEOFDISEASE_Ddn"), 30): Object 'Object Repository/Canine/Filter/StageOfDisease/STAGEOFDISEASE_Ddn' is present

2022-04-07 11:51:44 - [MESSAGE][PASSED] - Object 'Object Repository/Canine/Filter/StageOfDisease/STAGEOFDISEASE_Ddn' is present

2022-04-07 11:51:44 - [TEST_STEP][PASSED] - verifyElementPresent(findTestObject("Object Repository/Canine/Filter/StageOfDisease/STAGEOFDISEASE_Ddn"), 5): Object 'Object Repository/Canine/Filter/StageOfDisease/STAGEOFDISEASE_Ddn' is present

2022-04-07 11:51:44 - [MESSAGE][PASSED] - Object 'Object Repository/Canine/Filter/StageOfDisease/STAGEOFDISEASE_Ddn' is present

2022-04-07 11:51:44 - [TEST_STEP][PASSED] - ctdc.utilities.runtestcaseforKatalon.clickTabCanineStat("Object Repository/Canine/Filter/StageOfDisease/STAGEOFDISEASE_Ddn"): ctdc.utilities.runtestcaseforKatalon.clickTabCanineStat is PASSED

2022-04-07 11:51:46 - [MESSAGE][PASSED] - ctdc.utilities.runtestcaseforKatalon.clickTabCanineStat is PASSED

2022-04-07 11:51:46 - [TEST_STEP][PASSED] - waitForElementPresent(findTestObject("Object Repository/Canine/Filter/StageOfDisease/2_Chkbx"), 30): Object 'Object Repository/Canine/Filter/StageOfDisease/2_Chkbx' is present

2022-04-07 11:51:46 - [MESSAGE][PASSED] - Object 'Object Repository/Canine/Filter/StageOfDisease/2_Chkbx' is present

2022-04-07 11:51:46 - [TEST_STEP][PASSED] - verifyElementPresent(findTestObject("Object Repository/Canine/Filter/StageOfDisease/2_Chkbx"), 5): Object 'Object Repository/Canine/Filter/StageOfDisease/2_Chkbx' is present

2022-04-07 11:51:46 - [MESSAGE][PASSED] - Object 'Object Repository/Canine/Filter/StageOfDisease/2_Chkbx' is present

2022-04-07 11:51:46 - [TEST_STEP][PASSED] - ctdc.utilities.runtestcaseforKatalon.clickTabCanineStat("Object Repository/Canine/Filter/StageOfDisease/2_Chkbx"): ctdc.utilities.runtestcaseforKatalon.clickTabCanineStat is PASSED

2022-04-07 11:51:48 - [MESSAGE][PASSED] - ctdc.utilities.runtestcaseforKatalon.clickTabCanineStat is PASSED

2022-04-07 11:51:48 - [TEST_STEP][PASSED] - ctdc.utilities.runtestcaseforKatalon.clickTabCanineStat("Object Repository/Canine/Filter/StageOfDisease/STAGEOFDISEASE_Ddn"): ctdc.utilities.runtestcaseforKatalon.clickTabCanineStat is PASSED

2022-04-07 11:51:50 - [MESSAGE][PASSED] - ctdc.utilities.runtestcaseforKatalon.clickTabCanineStat is PASSED

2022-04-07 11:51:50 - [TEST_STEP][PASSED] - Thread.sleep(2000): null

2022-04-07 11:51:52 - [TEST_STEP][PASSED] - waitForElementPresent(findTestObject("Object Repository/Canine/Filter/ResponseToTreatment/RESPONSETOTREATMENT_Ddn"), 10): Object 'Object Repository/Canine/Filter/ResponseToTreatment/RESPONSETOTREATMENT_Ddn' is present

2022-04-07 11:51:52 - [MESSAGE][PASSED] - Object 'Object Repository/Canine/Filter/ResponseToTreatment/RESPONSETOTREATMENT_Ddn' is present

2022-04-07 11:51:52 - [TEST_STEP][PASSED] - verifyElementPresent(findTestObject("Object Repository/Canine/Filter/ResponseToTreatment/RESPONSETOTREATMENT_Ddn"), 5): Object 'Object Repository/Canine/Filter/ResponseToTreatment/RESPONSETOTREATMENT_Ddn' is present

2022-04-07 11:51:52 - [MESSAGE][PASSED] - Object 'Object Repository/Canine/Filter/ResponseToTreatment/RESPONSETOTREATMENT_Ddn' is present

2022-04-07 11:51:52 - [TEST_STEP][PASSED] - ctdc.utilities.runtestcaseforKatalon.clickTabCanineStat("Object Repository/Canine/Filter/ResponseToTreatment/RESPONSETOTREATMENT_Ddn"): ctdc.utilities.runtestcaseforKatalon.clickTabCanineStat is PASSED

2022-04-07 11:51:53 - [MESSAGE][PASSED] - ctdc.utilities.runtestcaseforKatalon.clickTabCanineStat is PASSED

2022-04-07 11:51:53 - [TEST_STEP][PASSED] - waitForElementPresent(findTestObject("Object Repository/Canine/Filter/ResponseToTreatment/NotDetermined_Chkbx"), 10): Object 'Object Repository/Canine/Filter/ResponseToTreatment/NotDetermined_Chkbx' is present

2022-04-07 11:51:53 - [MESSAGE][PASSED] - Object 'Object Repository/Canine/Filter/ResponseToTreatment/NotDetermined_Chkbx' is present

2022-04-07 11:51:53 - [TEST_STEP][PASSED] - verifyElementPresent(findTestObject("Object Repository/Canine/Filter/ResponseToTreatment/NotDetermined_Chkbx"), 5): Object 'Object Repository/Canine/Filter/ResponseToTreatment/NotDetermined_Chkbx' is present

2022-04-07 11:51:54 - [MESSAGE][PASSED] - Object 'Object Repository/Canine/Filter/ResponseToTreatment/NotDetermined_Chkbx' is present

2022-04-07 11:51:54 - [TEST_STEP][PASSED] - ctdc.utilities.runtestcaseforKatalon.clickTabCanineStat("Object Repository/Canine/Filter/ResponseToTreatment/NotDetermined_Chkbx"): ctdc.utilities.runtestcaseforKatalon.clickTabCanineStat is PASSED

2022-04-07 11:51:55 - [MESSAGE][PASSED] - ctdc.utilities.runtestcaseforKatalon.clickTabCanineStat is PASSED

2022-04-07 11:51:55 - [TEST_STEP][PASSED] - Thread.sleep(2000): null

2022-04-07 11:51:57 - [TEST_STEP][PASSED] - waitForElementPresent(findTestObject("Object Repository/Canine/Filter/SEX/SEX_Ddn"), 30): Object 'Object Repository/Canine/Filter/SEX/SEX_Ddn' is present

2022-04-07 11:51:58 - [MESSAGE][PASSED] - Object 'Object Repository/Canine/Filter/SEX/SEX_Ddn' is present

2022-04-07 11:51:58 - [TEST_STEP][PASSED] - verifyElementPresent(findTestObject("Object Repository/Canine/Filter/SEX/SEX_Ddn"), 5): Object 'Object Repository/Canine/Filter/SEX/SEX_Ddn' is present

2022-04-07 11:51:58 - [MESSAGE][PASSED] - Object 'Object Repository/Canine/Filter/SEX/SEX_Ddn' is present

2022-04-07 11:51:58 - [TEST_STEP][PASSED] - ctdc.utilities.runtestcaseforKatalon.clickTabCanineStat("Object Repository/Canine/Filter/SEX/SEX_Ddn"): ctdc.utilities.runtestcaseforKatalon.clickTabCanineStat is PASSED

2022-04-07 11:51:59 - [MESSAGE][PASSED] - ctdc.utilities.runtestcaseforKatalon.clickTabCanineStat is PASSED

2022-04-07 11:51:59 - [TEST_STEP][PASSED] - Thread.sleep(2000): null

2022-04-07 11:52:01 - [TEST_STEP][PASSED] - waitForElementPresent(findTestObject("Object Repository/Canine/Filter/SEX/Female_Chkbx"), 30): Object 'Object Repository/Canine/Filter/SEX/Female_Chkbx' is present

2022-04-07 11:52:01 - [MESSAGE][PASSED] - Object 'Object Repository/Canine/Filter/SEX/Female_Chkbx' is present

2022-04-07 11:52:01 - [TEST_STEP][PASSED] - verifyElementPresent(findTestObject("Object Repository/Canine/Filter/SEX/Female_Chkbx"), 5): Object 'Object Repository/Canine/Filter/SEX/Female_Chkbx' is present

2022-04-07 11:52:01 - [MESSAGE][PASSED] - Object 'Object Repository/Canine/Filter/SEX/Female_Chkbx' is present

2022-04-07 11:52:01 - [TEST_STEP][PASSED] - waitForElementClickable(findTestObject("Object Repository/Canine/Filter/SEX/Female_Chkbx"), 30): Object 'Object Repository/Canine/Filter/SEX/Female_Chkbx' is clickable

2022-04-07 11:52:02 - [MESSAGE][PASSED] - Object 'Object Repository/Canine/Filter/SEX/Female_Chkbx' is clickable

2022-04-07 11:52:02 - [TEST_STEP][PASSED] - ctdc.utilities.runtestcaseforKatalon.clickTabCanineStat("Object Repository/Canine/Filter/SEX/Female_Chkbx"): ctdc.utilities.runtestcaseforKatalon.clickTabCanineStat is PASSED

2022-04-07 11:52:04 - [MESSAGE][PASSED] - ctdc.utilities.runtestcaseforKatalon.clickTabCanineStat is PASSED

2022-04-07 11:52:04 - [TEST_STEP][PASSED] - ctdc.utilities.runtestcaseforKatalon.clickTab("Object Repository/Canine/Filter/SEX/SEX_Ddn"): ctdc.utilities.runtestcaseforKatalon.clickTab is PASSED

2022-04-07 11:52:04 - [MESSAGE][PASSED] - ctdc.utilities.runtestcaseforKatalon.clickTab is PASSED

2022-04-07 11:52:04 - [TEST_STEP][PASSED] - waitForElementPresent(findTestObject("Object Repository/Canine/Filter/NeuteredStatus/NEUTEREDSTATUS_Ddn"), 30): Object 'Object Repository/Canine/Filter/NeuteredStatus/NEUTEREDSTATUS_Ddn' is present

2022-04-07 11:52:04 - [MESSAGE][PASSED] - Object 'Object Repository/Canine/Filter/NeuteredStatus/NEUTEREDSTATUS_Ddn' is present

2022-04-07 11:52:04 - [TEST_STEP][PASSED] - verifyElementPresent(findTestObject("Object Repository/Canine/Filter/NeuteredStatus/NEUTEREDSTATUS_Ddn"), 5): Object 'Object Repository/Canine/Filter/NeuteredStatus/NEUTEREDSTATUS_Ddn' is present

2022-04-07 11:52:04 - [MESSAGE][PASSED] - Object 'Object Repository/Canine/Filter/NeuteredStatus/NEUTEREDSTATUS_Ddn' is present

2022-04-07 11:52:04 - [TEST_STEP][PASSED] - ctdc.utilities.runtestcaseforKatalon.clickTabCanineStat("Object Repository/Canine/Filter/NeuteredStatus/NEUTEREDSTATUS_Ddn"): ctdc.utilities.runtestcaseforKatalon.clickTabCanineStat is PASSED

2022-04-07 11:52:06 - [MESSAGE][PASSED] - ctdc.utilities.runtestcaseforKatalon.clickTabCanineStat is PASSED

2022-04-07 11:52:06 - [TEST_STEP][PASSED] - Thread.sleep(2000): null

2022-04-07 11:52:08 - [TEST_STEP][PASSED] - waitForElementPresent(findTestObject("Object Repository/Canine/Filter/NeuteredStatus/Yes_Chkbx"), 30): Object 'Object Repository/Canine/Filter/NeuteredStatus/Yes_Chkbx' is present

2022-04-07 11:52:08 - [MESSAGE][PASSED] - Object 'Object Repository/Canine/Filter/NeuteredStatus/Yes_Chkbx' is present

2022-04-07 11:52:08 - [TEST_STEP][PASSED] - verifyElementPresent(findTestObject("Object Repository/Canine/Filter/NeuteredStatus/Yes_Chkbx"), 5): Object 'Object Repository/Canine/Filter/NeuteredStatus/Yes_Chkbx' is present

2022-04-07 11:52:08 - [MESSAGE][PASSED] - Object 'Object Repository/Canine/Filter/NeuteredStatus/Yes_Chkbx' is present

2022-04-07 11:52:08 - [TEST_STEP][PASSED] - waitForElementClickable(findTestObject("Object Repository/Canine/Filter/NeuteredStatus/Yes_Chkbx"), 30): Object 'Object Repository/Canine/Filter/NeuteredStatus/Yes_Chkbx' is clickable

2022-04-07 11:52:08 - [MESSAGE][PASSED] - Object 'Object Repository/Canine/Filter/NeuteredStatus/Yes_Chkbx' is clickable

2022-04-07 11:52:08 - [TEST_STEP][PASSED] - ctdc.utilities.runtestcaseforKatalon.clickTabCanineStat("Object Repository/Canine/Filter/NeuteredStatus/Yes_Chkbx"): ctdc.utilities.runtestcaseforKatalon.clickTabCanineStat is PASSED

2022-04-07 11:52:10 - [MESSAGE][PASSED] - ctdc.utilities.runtestcaseforKatalon.clickTabCanineStat is PASSED

2022-04-07 11:52:10 - [TEST_STEP][PASSED] - ctdc.utilities.runtestcaseforKatalon.clickTab("Object Repository/Canine/Filter/NeuteredStatus/NEUTEREDSTATUS_Ddn"): ctdc.utilities.runtestcaseforKatalon.clickTab is PASSED

2022-04-07 11:52:10 - [MESSAGE][PASSED] - ctdc.utilities.runtestcaseforKatalon.clickTab is PASSED

2022-04-07 11:52:10 - [TEST_STEP][PASSED] - waitForElementPresent(findTestObject("Object Repository/Canine/Filter/SampleSite/SAMPLE_SITE_Ddn"), 30): Object 'Object Repository/Canine/Filter/SampleSite/SAMPLE_SITE_Ddn' is present

2022-04-07 11:52:10 - [MESSAGE][PASSED] - Object 'Object Repository/Canine/Filter/SampleSite/SAMPLE_SITE_Ddn' is present

2022-04-07 11:52:10 - [TEST_STEP][PASSED] - verifyElementPresent(findTestObject("Object Repository/Canine/Filter/SampleSite/SAMPLE_SITE_Ddn"), 5): Object 'Object Repository/Canine/Filter/SampleSite/SAMPLE_SITE_Ddn' is present

2022-04-07 11:52:10 - [MESSAGE][PASSED] - Object 'Object Repository/Canine/Filter/SampleSite/SAMPLE_SITE_Ddn' is present

2022-04-07 11:52:10 - [TEST_STEP][PASSED] - ctdc.utilities.runtestcaseforKatalon.clickTabCanineStat("Object Repository/Canine/Filter/SampleSite/SAMPLE_SITE_Ddn"): ctdc.utilities.runtestcaseforKatalon.clickTabCanineStat is PASSED

2022-04-07 11:52:12 - [MESSAGE][PASSED] - ctdc.utilities.runtestcaseforKatalon.clickTabCanineStat is PASSED

2022-04-07 11:52:12 - [TEST_STEP][PASSED] - Thread.sleep(2000): null

2022-04-07 11:52:14 - [TEST_STEP][PASSED] - waitForElementPresent(findTestObject("Object Repository/Canine/Filter/SampleSite/Bone_Chkbx"), 30): Object 'Object Repository/Canine/Filter/SampleSite/Bone_Chkbx' is present

2022-04-07 11:52:14 - [MESSAGE][PASSED] - Object 'Object Repository/Canine/Filter/SampleSite/Bone_Chkbx' is present

2022-04-07 11:52:14 - [TEST_STEP][PASSED] - verifyElementPresent(findTestObject("Object Repository/Canine/Filter/SampleSite/Bone_Chkbx"), 5): Object 'Object Repository/Canine/Filter/SampleSite/Bone_Chkbx' is present

2022-04-07 11:52:14 - [MESSAGE][PASSED] - Object 'Object Repository/Canine/Filter/SampleSite/Bone_Chkbx' is present

2022-04-07 11:52:14 - [TEST_STEP][PASSED] - waitForElementClickable(findTestObject("Object Repository/Canine/Filter/SampleSite/Bone_Chkbx"), 30): Object 'Object Repository/Canine/Filter/SampleSite/Bone_Chkbx' is clickable

2022-04-07 11:52:14 - [MESSAGE][PASSED] - Object 'Object Repository/Canine/Filter/SampleSite/Bone_Chkbx' is clickable

2022-04-07 11:52:14 - [TEST_STEP][PASSED] - ctdc.utilities.runtestcaseforKatalon.clickTabCanineStat("Object Repository/Canine/Filter/SampleSite/Bone_Chkbx"): ctdc.utilities.runtestcaseforKatalon.clickTabCanineStat is PASSED

2022-04-07 11:52:16 - [MESSAGE][PASSED] - ctdc.utilities.runtestcaseforKatalon.clickTabCanineStat is PASSED

2022-04-07 11:52:16 - [TEST_STEP][PASSED] - ctdc.utilities.runtestcaseforKatalon.clickTab("Object Repository/Canine/Filter/SampleSite/SAMPLE_SITE_Ddn"): ctdc.utilities.runtestcaseforKatalon.clickTab is PASSED

2022-04-07 11:52:16 - [MESSAGE][PASSED] - ctdc.utilities.runtestcaseforKatalon.clickTab is PASSED

2022-04-07 11:52:16 - [TEST_STEP][PASSED] - waitForElementPresent(findTestObject("Object Repository/Canine/Filter/SampleType/SAMPLETYPE_Ddn"), 30): Object 'Object Repository/Canine/Filter/SampleType/SAMPLETYPE_Ddn' is present

2022-04-07 11:52:16 - [MESSAGE][PASSED] - Object 'Object Repository/Canine/Filter/SampleType/SAMPLETYPE_Ddn' is present

2022-04-07 11:52:16 - [TEST_STEP][PASSED] - verifyElementPresent(findTestObject("Object Repository/Canine/Filter/SampleType/SAMPLETYPE_Ddn"), 5): Object 'Object Repository/Canine/Filter/SampleType/SAMPLETYPE_Ddn' is present

2022-04-07 11:52:17 - [MESSAGE][PASSED] - Object 'Object Repository/Canine/Filter/SampleType/SAMPLETYPE_Ddn' is present

2022-04-07 11:52:17 - [TEST_STEP][PASSED] - ctdc.utilities.runtestcaseforKatalon.clickTabCanineStat("Object Repository/Canine/Filter/SampleType/SAMPLETYPE_Ddn"): ctdc.utilities.runtestcaseforKatalon.clickTabCanineStat is PASSED

2022-04-07 11:52:18 - [MESSAGE][PASSED] - ctdc.utilities.runtestcaseforKatalon.clickTabCanineStat is PASSED

2022-04-07 11:52:18 - [TEST_STEP][PASSED] - Thread.sleep(2000): null

2022-04-07 11:52:20 - [TEST_STEP][PASSED] - waitForElementPresent(findTestObject("Object Repository/Canine/Filter/SampleType/PrimMaligTumTissue_Chkbx"), 30): Object 'Object Repository/Canine/Filter/SampleType/PrimMaligTumTissue_Chkbx' is present

2022-04-07 11:52:20 - [MESSAGE][PASSED] - Object 'Object Repository/Canine/Filter/SampleType/PrimMaligTumTissue_Chkbx' is present

2022-04-07 11:52:20 - [TEST_STEP][PASSED] - verifyElementPresent(findTestObject("Object Repository/Canine/Filter/SampleType/PrimMaligTumTissue_Chkbx"), 5): Object 'Object Repository/Canine/Filter/SampleType/PrimMaligTumTissue_Chkbx' is present

2022-04-07 11:52:20 - [MESSAGE][PASSED] - Object 'Object Repository/Canine/Filter/SampleType/PrimMaligTumTissue_Chkbx' is present

2022-04-07 11:52:20 - [TEST_STEP][PASSED] - waitForElementClickable(findTestObject("Object Repository/Canine/Filter/SampleType/PrimMaligTumTissue_Chkbx"), 30): Object 'Object Repository/Canine/Filter/SampleType/PrimMaligTumTissue_Chkbx' is clickable

2022-04-07 11:52:21 - [MESSAGE][PASSED] - Object 'Object Repository/Canine/Filter/SampleType/PrimMaligTumTissue_Chkbx' is clickable

2022-04-07 11:52:21 - [TEST_STEP][PASSED] - ctdc.utilities.runtestcaseforKatalon.clickTabCanineStat("Object Repository/Canine/Filter/SampleType/PrimMaligTumTissue_Chkbx"): ctdc.utilities.runtestcaseforKatalon.clickTabCanineStat is PASSED

2022-04-07 11:52:22 - [MESSAGE][PASSED] - ctdc.utilities.runtestcaseforKatalon.clickTabCanineStat is PASSED

2022-04-07 11:52:22 - [TEST_STEP][PASSED] - ctdc.utilities.runtestcaseforKatalon.clickTab("Object Repository/Canine/Filter/SampleType/SAMPLETYPE_Ddn"): ctdc.utilities.runtestcaseforKatalon.clickTab is PASSED

2022-04-07 11:52:23 - [MESSAGE][PASSED] - ctdc.utilities.runtestcaseforKatalon.clickTab is PASSED

2022-04-07 11:52:23 - [TEST_STEP][PASSED] - waitForElementPresent(findTestObject("Object Repository/Canine/Filter/SamplePathology/SAMPLEPATHOLOGY_Ddn"), 30): Object 'Object Repository/Canine/Filter/SamplePathology/SAMPLEPATHOLOGY_Ddn' is present

2022-04-07 11:52:23 - [MESSAGE][PASSED] - Object 'Object Repository/Canine/Filter/SamplePathology/SAMPLEPATHOLOGY_Ddn' is present

2022-04-07 11:52:23 - [TEST_STEP][PASSED] - verifyElementPresent(findTestObject("Object Repository/Canine/Filter/SamplePathology/SAMPLEPATHOLOGY_Ddn"), 5): Object 'Object Repository/Canine/Filter/SamplePathology/SAMPLEPATHOLOGY_Ddn' is present

2022-04-07 11:52:23 - [MESSAGE][PASSED] - Object 'Object Repository/Canine/Filter/SamplePathology/SAMPLEPATHOLOGY_Ddn' is present

2022-04-07 11:52:23 - [TEST_STEP][PASSED] - ctdc.utilities.runtestcaseforKatalon.clickTabCanineStat("Object Repository/Canine/Filter/SamplePathology/SAMPLEPATHOLOGY_Ddn"): ctdc.utilities.runtestcaseforKatalon.clickTabCanineStat is PASSED

2022-04-07 11:52:24 - [MESSAGE][PASSED] - ctdc.utilities.runtestcaseforKatalon.clickTabCanineStat is PASSED

2022-04-07 11:52:24 - [TEST_STEP][PASSED] - Thread.sleep(2000): null

2022-04-07 11:52:26 - [TEST_STEP][PASSED] - waitForElementPresent(findTestObject("Object Repository/Canine/Filter/SamplePathology/Osteoblastic_Osteosarcoma_Chkbx"), 30): Object 'Object Repository/Canine/Filter/SamplePathology/Osteoblastic_Osteosarcoma_Chkbx' is present

2022-04-07 11:52:27 - [MESSAGE][PASSED] - Object 'Object Repository/Canine/Filter/SamplePathology/Osteoblastic_Osteosarcoma_Chkbx' is present

2022-04-07 11:52:27 - [TEST_STEP][PASSED] - verifyElementPresent(findTestObject("Object Repository/Canine/Filter/SamplePathology/Osteoblastic_Osteosarcoma_Chkbx"), 5): Object 'Object Repository/Canine/Filter/SamplePathology/Osteoblastic_Osteosarcoma_Chkbx' is present

2022-04-07 11:52:27 - [MESSAGE][PASSED] - Object 'Object Repository/Canine/Filter/SamplePathology/Osteoblastic_Osteosarcoma_Chkbx' is present

2022-04-07 11:52:27 - [TEST_STEP][PASSED] - waitForElementClickable(findTestObject("Object Repository/Canine/Filter/SamplePathology/Osteoblastic_Osteosarcoma_Chkbx"), 30): Object 'Object Repository/Canine/Filter/SamplePathology/Osteoblastic_Osteosarcoma_Chkbx' is clickable

2022-04-07 11:52:27 - [MESSAGE][PASSED] - Object 'Object Repository/Canine/Filter/SamplePathology/Osteoblastic_Osteosarcoma_Chkbx' is clickable

2022-04-07 11:52:27 - [TEST_STEP][PASSED] - ctdc.utilities.runtestcaseforKatalon.clickTabCanineStat("Object Repository/Canine/Filter/SamplePathology/Osteoblastic_Osteosarcoma_Chkbx"): ctdc.utilities.runtestcaseforKatalon.clickTabCanineStat is PASSED

2022-04-07 11:52:29 - [MESSAGE][PASSED] - ctdc.utilities.runtestcaseforKatalon.clickTabCanineStat is PASSED

2022-04-07 11:52:29 - [TEST_STEP][PASSED] - ctdc.utilities.runtestcaseforKatalon.clickTab("Object Repository/Canine/Filter/SamplePathology/SAMPLEPATHOLOGY_Ddn"): ctdc.utilities.runtestcaseforKatalon.clickTab is PASSED

2022-04-07 11:52:29 - [MESSAGE][PASSED] - ctdc.utilities.runtestcaseforKatalon.clickTab is PASSED

2022-04-07 11:52:29 - [TEST_STEP][PASSED] - ctdc.utilities.runtestcaseforKatalon.readStatBarCanine("Object Repository/Canine/StatBar/Canine_StatBar-Programs", "Object Repository/Canine/StatBar/Canine_StatBar-Studies", "Object Repository/Canine/StatBar/Canine_StatBar-Cases", "Object Repository/Canine/StatBar/Canine_StatBar-Samples", "Object Repository/Canine/StatBar/Canine_StatBar-CaseFiles", "Object Repository/Canine/StatBar/Canine_StatBar-StudyFiles"): ctdc.utilities.runtestcaseforKatalon.readStatBarCanine is PASSED

2022-04-07 11:52:47 - [MESSAGE][PASSED] - ctdc.utilities.runtestcaseforKatalon.readStatBarCanine is PASSED

2022-04-07 11:52:47 - [TEST_STEP][PASSED] - waitForElementPresent(findTestObject("Object Repository/Canine/CanineResults_Cases_Tab"), 30): Object 'Object Repository/Canine/CanineResults_Cases_Tab' is present

2022-04-07 11:52:48 - [MESSAGE][PASSED] - Object 'Object Repository/Canine/CanineResults_Cases_Tab' is present

2022-04-07 11:52:48 - [TEST_STEP][PASSED] - verifyElementPresent(findTestObject("Object Repository/Canine/CanineResults_Cases_Tab"), 5): Object 'Object Repository/Canine/CanineResults_Cases_Tab' is present

2022-04-07 11:52:48 - [MESSAGE][PASSED] - Object 'Object Repository/Canine/CanineResults_Cases_Tab' is present

2022-04-07 11:52:48 - [TEST_STEP][PASSED] - ctdc.utilities.runtestcaseforKatalon.clickTab("Object Repository/Canine/CanineResults_Cases_Tab"): ctdc.utilities.runtestcaseforKatalon.clickTab is PASSED

2022-04-07 11:52:48 - [MESSAGE][PASSED] - ctdc.utilities.runtestcaseforKatalon.clickTab is PASSED

2022-04-07 11:52:48 - [TEST_STEP][PASSED] - ctdc.utilities.runtestcaseforKatalon.multiFunction("ICDC", G_StatBar_Cases, "Object Repository/Canine/Canine_CasesTable", "Object Repository/Canine/Canine_TableHeader", "Object Repository/Canine/Canine_CasesTabNextBtn", G_WebTabnameCases, G_CypherTabnameCases, G_QueryCasesTab): Statbar Study Files count matches

2022-04-07 11:53:07 - [MESSAGE][PASSED] - Statbar Programs count matches

2022-04-07 11:53:07 - [MESSAGE][PASSED] - Statbar Studies count matches

2022-04-07 11:53:07 - [MESSAGE][PASSED] - Statbar Cases count matches

2022-04-07 11:53:07 - [MESSAGE][PASSED] - Statbar Samples count matches

2022-04-07 11:53:07 - [MESSAGE][PASSED] - Statbar Case Files count matches

2022-04-07 11:53:07 - [MESSAGE][PASSED] - Statbar Study Files count matches

2022-04-07 11:53:07 - [TEST_STEP][PASSED] - waitForElementPresent(findTestObject("Object Repository/Canine/CanineResults_Samples_Tab"), 30): Object 'Object Repository/Canine/CanineResults_Samples_Tab' is present

2022-04-07 11:53:07 - [MESSAGE][PASSED] - Object 'Object Repository/Canine/CanineResults_Samples_Tab' is present

2022-04-07 11:53:07 - [TEST_STEP][PASSED] - verifyElementPresent(findTestObject("Object Repository/Canine/CanineResults_Samples_Tab"), 5): Object 'Object Repository/Canine/CanineResults_Samples_Tab' is present

2022-04-07 11:53:07 - [MESSAGE][PASSED] - Object 'Object Repository/Canine/CanineResults_Samples_Tab' is present

2022-04-07 11:53:07 - [TEST_STEP][PASSED] - ctdc.utilities.runtestcaseforKatalon.clickTab("Object Repository/Canine/CanineResults_Samples_Tab"): ctdc.utilities.runtestcaseforKatalon.clickTab is PASSED

2022-04-07 11:53:08 - [MESSAGE][PASSED] - ctdc.utilities.runtestcaseforKatalon.clickTab is PASSED

2022-04-07 11:53:08 - [TEST_STEP][PASSED] - ctdc.utilities.runtestcaseforKatalon.multiFunction("ICDC", G_StatBar_Samples, "Object Repository/Canine/Canine_Samples_Table", "Object Repository/Canine/Canine_Samples_TableHdr", "Object Repository/Canine/Canine_SamplesTabNextBtn", G_WebTabnameSamples, G_CypherTabnameSamples, G_QuerySamplesTab): Statbar Study Files count matches

2022-04-07 11:53:28 - [MESSAGE][PASSED] - Statbar Programs count matches

2022-04-07 11:53:28 - [MESSAGE][PASSED] - Statbar Studies count matches

2022-04-07 11:53:28 - [MESSAGE][PASSED] - Statbar Cases count matches

2022-04-07 11:53:28 - [MESSAGE][PASSED] - Statbar Samples count matches

2022-04-07 11:53:28 - [MESSAGE][PASSED] - Statbar Case Files count matches

2022-04-07 11:53:28 - [MESSAGE][PASSED] - Statbar Study Files count matches]]></system-out>
         <system-err><![CDATA[]]></system-err>
      </testcase>
      <testcase name="Test Cases/Canine_TestCases/StudyCombinations/Study-Combinations-OSA01/TC31_Canine_StudyOSA01-StageOfDisease-NeutStatus" time="433.989" classname="Test Cases/Canine_TestCases/StudyCombinations/Study-Combinations-OSA01/TC31_Canine_StudyOSA01-StageOfDisease-NeutStatus" status="PASSED">
         <system-out><![CDATA[2022-04-07 11:53:28 - [TEST_CASE][PASSED] - Test Cases/Canine_TestCases/StudyCombinations/Study-Combinations-OSA01/TC31_Canine_StudyOSA01-StageOfDisease-NeutStatus: Test Cases/Canine_TestCases/StudyCombinations/Study-Combinations-OSA01/TC31_Canine_StudyOSA01-StageOfDisease-NeutStatus

2022-04-07 11:53:28 - [TEST_STEP][PASSED] - Start listener action : getTestScriptName: null

2022-04-07 11:53:28 - [TEST_STEP][PASSED] - TestCaseId = testCaseContext.getTestCaseId(): null

2022-04-07 11:53:28 - [TEST_STEP][PASSED] - out.println("**********this is the value of test case id string******** " + testCaseContext.getTestCaseId()): null

2022-04-07 11:53:28 - [TEST_STEP][PASSED] - G_currentTCName = TestCaseId.substring(TestCaseId.lastIndexOf("TC")): null

2022-04-07 11:53:28 - [TEST_STEP][PASSED] - out.println("This is the test case name : " + G_currentTCName): null

2022-04-07 11:53:29 - [TEST_STEP][PASSED] - closeBrowser(): Browser is closed

2022-04-07 11:53:30 - [MESSAGE][PASSED] - Browser is closed

2022-04-07 11:53:30 - [TEST_STEP][PASSED] - "Driver opened by Katalon is used in Selenium from this step.": null

2022-04-07 11:53:30 - [TEST_STEP][PASSED] - ctdc.utilities.runtestcaseforKatalon.RunKatalon("TC31_Canine_StudyOSA01-StageOfDisease-NeutStatus.xlsx"): Data loaded from input file for the test case. 

2022-04-07 11:53:30 - [MESSAGE][PASSED] - Test case file loaded This is the full filepath after converting to string :C:\Users\sohilz2\Desktop\Commons_Automation\InputFiles\TC31_Canine_StudyOSA01-StageOfDisease-NeutStatus.xlsx

2022-04-07 11:53:30 - [MESSAGE][INFO] - Global variable set for password file is :  C:\Users\sohilz2\Desktop\Commons_Automation\InputFiles\TC31_Canine_StudyOSA01-StageOfDisease-NeutStatus.xlsx

2022-04-07 11:53:34 - [MESSAGE][PASSED] - Data loaded from input file for the test case. 

2022-04-07 11:53:46 - [TEST_STEP][PASSED] - waitForElementPresent(findTestObject("Canine/NavBar/Canine_Cases_Btn"), 20): Object 'Object Repository/Canine/NavBar/Canine_Cases_Btn' is present

2022-04-07 11:53:47 - [MESSAGE][PASSED] - Object 'Object Repository/Canine/NavBar/Canine_Cases_Btn' is present

2022-04-07 11:53:47 - [TEST_STEP][PASSED] - ctdc.utilities.runtestcaseforKatalon.clickTab("Object Repository/Canine/Canine_PopUp_Continue_Btn"): ctdc.utilities.runtestcaseforKatalon.clickTab is PASSED

2022-04-07 11:53:47 - [MESSAGE][PASSED] - ctdc.utilities.runtestcaseforKatalon.clickTab is PASSED

2022-04-07 11:53:47 - [TEST_STEP][PASSED] - out.println("Closed the popup window"): null

2022-04-07 11:53:47 - [TEST_STEP][PASSED] - waitForElementPresent(findTestObject("Canine/NavBar/Canine_Cases_Btn"), 20): Object 'Object Repository/Canine/NavBar/Canine_Cases_Btn' is present

2022-04-07 11:53:47 - [MESSAGE][PASSED] - Object 'Object Repository/Canine/NavBar/Canine_Cases_Btn' is present

2022-04-07 11:53:47 - [TEST_STEP][PASSED] - ctdc.utilities.runtestcaseforKatalon.clickTab("Canine/NavBar/Canine_Cases_Btn"): ctdc.utilities.runtestcaseforKatalon.clickTab is PASSED

2022-04-07 11:53:47 - [MESSAGE][PASSED] - ctdc.utilities.runtestcaseforKatalon.clickTab is PASSED

2022-04-07 11:53:47 - [TEST_STEP][PASSED] - waitForElementPresent(findTestObject("Object Repository/Canine/Filter/Study/Canine_Filter_Study"), 30): Object 'Object Repository/Canine/Filter/Study/Canine_Filter_Study' is present

2022-04-07 11:53:49 - [MESSAGE][PASSED] - Object 'Object Repository/Canine/Filter/Study/Canine_Filter_Study' is present

2022-04-07 11:53:49 - [TEST_STEP][PASSED] - verifyElementPresent(findTestObject("Object Repository/Canine/Filter/Study/Canine_Filter_Study"), 5): Object 'Object Repository/Canine/Filter/Study/Canine_Filter_Study' is present

2022-04-07 11:53:49 - [MESSAGE][PASSED] - Object 'Object Repository/Canine/Filter/Study/Canine_Filter_Study' is present

2022-04-07 11:53:49 - [TEST_STEP][PASSED] - ctdc.utilities.runtestcaseforKatalon.clickTab("Object Repository/Canine/Filter/Study/Canine_Filter_Study"): ctdc.utilities.runtestcaseforKatalon.clickTab is PASSED

2022-04-07 11:53:50 - [MESSAGE][PASSED] - ctdc.utilities.runtestcaseforKatalon.clickTab is PASSED

2022-04-07 11:53:50 - [TEST_STEP][PASSED] - waitForElementPresent(findTestObject("Object Repository/Canine/Filter/Study/Canine_Filter_Study-OSA01_Chkbx"), 30): Object 'Object Repository/Canine/Filter/Study/Canine_Filter_Study-OSA01_Chkbx' is present

2022-04-07 11:53:51 - [MESSAGE][PASSED] - Object 'Object Repository/Canine/Filter/Study/Canine_Filter_Study-OSA01_Chkbx' is present

2022-04-07 11:53:51 - [TEST_STEP][PASSED] - verifyElementPresent(findTestObject("Object Repository/Canine/Filter/Study/Canine_Filter_Study-OSA01_Chkbx"), 5): Object 'Object Repository/Canine/Filter/Study/Canine_Filter_Study-OSA01_Chkbx' is present

2022-04-07 11:53:51 - [MESSAGE][PASSED] - Object 'Object Repository/Canine/Filter/Study/Canine_Filter_Study-OSA01_Chkbx' is present

2022-04-07 11:53:51 - [TEST_STEP][PASSED] - ctdc.utilities.runtestcaseforKatalon.clickTab("Object Repository/Canine/Filter/Study/Canine_Filter_Study-OSA01_Chkbx"): ctdc.utilities.runtestcaseforKatalon.clickTab is PASSED

2022-04-07 11:53:51 - [MESSAGE][PASSED] - ctdc.utilities.runtestcaseforKatalon.clickTab is PASSED

2022-04-07 11:53:51 - [TEST_STEP][PASSED] - waitForElementPresent(findTestObject("Object Repository/Canine/Filter/StageOfDisease/STAGEOFDISEASE_Ddn"), 30): Object 'Object Repository/Canine/Filter/StageOfDisease/STAGEOFDISEASE_Ddn' is present

2022-04-07 11:53:52 - [MESSAGE][PASSED] - Object 'Object Repository/Canine/Filter/StageOfDisease/STAGEOFDISEASE_Ddn' is present

2022-04-07 11:53:52 - [TEST_STEP][PASSED] - verifyElementPresent(findTestObject("Object Repository/Canine/Filter/StageOfDisease/STAGEOFDISEASE_Ddn"), 5): Object 'Object Repository/Canine/Filter/StageOfDisease/STAGEOFDISEASE_Ddn' is present

2022-04-07 11:53:52 - [MESSAGE][PASSED] - Object 'Object Repository/Canine/Filter/StageOfDisease/STAGEOFDISEASE_Ddn' is present

2022-04-07 11:53:52 - [TEST_STEP][PASSED] - ctdc.utilities.runtestcaseforKatalon.clickTabCanineStat("Object Repository/Canine/Filter/StageOfDisease/STAGEOFDISEASE_Ddn"): ctdc.utilities.runtestcaseforKatalon.clickTabCanineStat is PASSED

2022-04-07 11:53:54 - [MESSAGE][PASSED] - ctdc.utilities.runtestcaseforKatalon.clickTabCanineStat is PASSED

2022-04-07 11:53:54 - [TEST_STEP][PASSED] - waitForElementPresent(findTestObject("Object Repository/Canine/Filter/StageOfDisease/2_Chkbx"), 30): Object 'Object Repository/Canine/Filter/StageOfDisease/2_Chkbx' is present

2022-04-07 11:53:54 - [MESSAGE][PASSED] - Object 'Object Repository/Canine/Filter/StageOfDisease/2_Chkbx' is present

2022-04-07 11:53:54 - [TEST_STEP][PASSED] - verifyElementPresent(findTestObject("Object Repository/Canine/Filter/StageOfDisease/2_Chkbx"), 5): Object 'Object Repository/Canine/Filter/StageOfDisease/2_Chkbx' is present

2022-04-07 11:53:54 - [MESSAGE][PASSED] - Object 'Object Repository/Canine/Filter/StageOfDisease/2_Chkbx' is present

2022-04-07 11:53:54 - [TEST_STEP][PASSED] - ctdc.utilities.runtestcaseforKatalon.clickTabCanineStat("Object Repository/Canine/Filter/StageOfDisease/2_Chkbx"): ctdc.utilities.runtestcaseforKatalon.clickTabCanineStat is PASSED

2022-04-07 11:53:56 - [MESSAGE][PASSED] - ctdc.utilities.runtestcaseforKatalon.clickTabCanineStat is PASSED

2022-04-07 11:53:56 - [TEST_STEP][PASSED] - waitForElementPresent(findTestObject("Object Repository/Canine/Filter/StageOfDisease/3_Chkbx"), 30): Object 'Object Repository/Canine/Filter/StageOfDisease/3_Chkbx' is present

2022-04-07 11:53:56 - [MESSAGE][PASSED] - Object 'Object Repository/Canine/Filter/StageOfDisease/3_Chkbx' is present

2022-04-07 11:53:56 - [TEST_STEP][PASSED] - verifyElementPresent(findTestObject("Object Repository/Canine/Filter/StageOfDisease/3_Chkbx"), 5): Object 'Object Repository/Canine/Filter/StageOfDisease/3_Chkbx' is present

2022-04-07 11:53:56 - [MESSAGE][PASSED] - Object 'Object Repository/Canine/Filter/StageOfDisease/3_Chkbx' is present

2022-04-07 11:53:56 - [TEST_STEP][PASSED] - ctdc.utilities.runtestcaseforKatalon.clickTabCanineStat("Object Repository/Canine/Filter/StageOfDisease/3_Chkbx"): ctdc.utilities.runtestcaseforKatalon.clickTabCanineStat is PASSED

2022-04-07 11:53:58 - [MESSAGE][PASSED] - ctdc.utilities.runtestcaseforKatalon.clickTabCanineStat is PASSED

2022-04-07 11:53:58 - [TEST_STEP][PASSED] - waitForElementPresent(findTestObject("Object Repository/Canine/Filter/NeuteredStatus/NEUTEREDSTATUS_Ddn"), 30): Object 'Object Repository/Canine/Filter/NeuteredStatus/NEUTEREDSTATUS_Ddn' is present

2022-04-07 11:53:58 - [MESSAGE][PASSED] - Object 'Object Repository/Canine/Filter/NeuteredStatus/NEUTEREDSTATUS_Ddn' is present

2022-04-07 11:53:58 - [TEST_STEP][PASSED] - verifyElementPresent(findTestObject("Object Repository/Canine/Filter/NeuteredStatus/NEUTEREDSTATUS_Ddn"), 5): Object 'Object Repository/Canine/Filter/NeuteredStatus/NEUTEREDSTATUS_Ddn' is present

2022-04-07 11:53:58 - [MESSAGE][PASSED] - Object 'Object Repository/Canine/Filter/NeuteredStatus/NEUTEREDSTATUS_Ddn' is present

2022-04-07 11:53:58 - [TEST_STEP][PASSED] - ctdc.utilities.runtestcaseforKatalon.clickTabCanineStat("Object Repository/Canine/Filter/NeuteredStatus/NEUTEREDSTATUS_Ddn"): ctdc.utilities.runtestcaseforKatalon.clickTabCanineStat is PASSED

2022-04-07 11:54:00 - [MESSAGE][PASSED] - ctdc.utilities.runtestcaseforKatalon.clickTabCanineStat is PASSED

2022-04-07 11:54:00 - [TEST_STEP][PASSED] - waitForElementPresent(findTestObject("Object Repository/Canine/Filter/NeuteredStatus/Yes_Chkbx"), 30): Object 'Object Repository/Canine/Filter/NeuteredStatus/Yes_Chkbx' is present

2022-04-07 11:54:00 - [MESSAGE][PASSED] - Object 'Object Repository/Canine/Filter/NeuteredStatus/Yes_Chkbx' is present

2022-04-07 11:54:00 - [TEST_STEP][PASSED] - verifyElementPresent(findTestObject("Object Repository/Canine/Filter/NeuteredStatus/Yes_Chkbx"), 5): Object 'Object Repository/Canine/Filter/NeuteredStatus/Yes_Chkbx' is present

2022-04-07 11:54:00 - [MESSAGE][PASSED] - Object 'Object Repository/Canine/Filter/NeuteredStatus/Yes_Chkbx' is present

2022-04-07 11:54:00 - [TEST_STEP][PASSED] - ctdc.utilities.runtestcaseforKatalon.clickTabCanineStat("Object Repository/Canine/Filter/NeuteredStatus/Yes_Chkbx"): ctdc.utilities.runtestcaseforKatalon.clickTabCanineStat is PASSED

2022-04-07 11:54:01 - [MESSAGE][PASSED] - ctdc.utilities.runtestcaseforKatalon.clickTabCanineStat is PASSED

2022-04-07 11:54:01 - [TEST_STEP][PASSED] - ctdc.utilities.runtestcaseforKatalon.readStatBarCanine("Object Repository/Canine/StatBar/Canine_StatBar-Programs", "Object Repository/Canine/StatBar/Canine_StatBar-Studies", "Object Repository/Canine/StatBar/Canine_StatBar-Cases", "Object Repository/Canine/StatBar/Canine_StatBar-Samples", "Object Repository/Canine/StatBar/Canine_StatBar-CaseFiles", "Object Repository/Canine/StatBar/Canine_StatBar-StudyFiles"): ctdc.utilities.runtestcaseforKatalon.readStatBarCanine is PASSED

2022-04-07 11:54:19 - [MESSAGE][PASSED] - ctdc.utilities.runtestcaseforKatalon.readStatBarCanine is PASSED

2022-04-07 11:54:19 - [TEST_STEP][PASSED] - waitForElementPresent(findTestObject("Object Repository/Canine/CanineResults_Cases_Tab"), 5): Object 'Object Repository/Canine/CanineResults_Cases_Tab' is present

2022-04-07 11:54:19 - [MESSAGE][PASSED] - Object 'Object Repository/Canine/CanineResults_Cases_Tab' is present

2022-04-07 11:54:19 - [TEST_STEP][PASSED] - ctdc.utilities.runtestcaseforKatalon.clickTab("Object Repository/Canine/CanineResults_Cases_Tab"): ctdc.utilities.runtestcaseforKatalon.clickTab is PASSED

2022-04-07 11:54:20 - [MESSAGE][PASSED] - ctdc.utilities.runtestcaseforKatalon.clickTab is PASSED

2022-04-07 11:54:20 - [TEST_STEP][PASSED] - ctdc.utilities.runtestcaseforKatalon.multiFunction("ICDC", G_StatBar_Cases, "Object Repository/Canine/Canine_CasesTable", "Object Repository/Canine/Canine_TableHeader", "Object Repository/Canine/Canine_CasesTabNextBtn", G_WebTabnameCases, G_CypherTabnameCases, G_QueryCasesTab): Statbar Study Files count matches

2022-04-07 11:56:18 - [MESSAGE][PASSED] - Statbar Programs count matches

2022-04-07 11:56:18 - [MESSAGE][PASSED] - Statbar Studies count matches

2022-04-07 11:56:18 - [MESSAGE][PASSED] - Statbar Cases count matches

2022-04-07 11:56:18 - [MESSAGE][PASSED] - Statbar Samples count matches

2022-04-07 11:56:18 - [MESSAGE][PASSED] - Statbar Case Files count matches

2022-04-07 11:56:18 - [MESSAGE][PASSED] - Statbar Study Files count matches

2022-04-07 11:56:18 - [TEST_STEP][PASSED] - waitForElementPresent(findTestObject("Object Repository/Canine/CanineResults_Samples_Tab"), 5): Object 'Object Repository/Canine/CanineResults_Samples_Tab' is present

2022-04-07 11:56:18 - [MESSAGE][PASSED] - Object 'Object Repository/Canine/CanineResults_Samples_Tab' is present

2022-04-07 11:56:18 - [TEST_STEP][PASSED] - ctdc.utilities.runtestcaseforKatalon.clickTab("Object Repository/Canine/CanineResults_Samples_Tab"): ctdc.utilities.runtestcaseforKatalon.clickTab is PASSED

2022-04-07 11:56:19 - [MESSAGE][PASSED] - ctdc.utilities.runtestcaseforKatalon.clickTab is PASSED

2022-04-07 11:56:19 - [TEST_STEP][PASSED] - ctdc.utilities.runtestcaseforKatalon.multiFunction("ICDC", G_StatBar_Samples, "Object Repository/Canine/Canine_Samples_Table", "Object Repository/Canine/Canine_Samples_TableHdr", "Object Repository/Canine/Canine_SamplesTabNextBtn", G_WebTabnameSamples, G_CypherTabnameSamples, G_QuerySamplesTab): Statbar Study Files count matches

2022-04-07 12:00:41 - [MESSAGE][PASSED] - Statbar Programs count matches

2022-04-07 12:00:41 - [MESSAGE][PASSED] - Statbar Studies count matches

2022-04-07 12:00:41 - [MESSAGE][PASSED] - Statbar Cases count matches

2022-04-07 12:00:41 - [MESSAGE][PASSED] - Statbar Samples count matches

2022-04-07 12:00:41 - [MESSAGE][PASSED] - Statbar Case Files count matches

2022-04-07 12:00:41 - [MESSAGE][PASSED] - Statbar Study Files count matches

2022-04-07 12:00:41 - [TEST_STEP][PASSED] - closeBrowser(): Browser is closed

2022-04-07 12:00:42 - [MESSAGE][PASSED] - Browser is closed]]></system-out>
         <system-err><![CDATA[]]></system-err>
      </testcase>
      <testcase name="Test Cases/Canine_TestCases/StudyCombinations/Study-Combinations-OSA01/TC32_Canine_StudyOSA01-StageOfDisease" time="92.75" classname="Test Cases/Canine_TestCases/StudyCombinations/Study-Combinations-OSA01/TC32_Canine_StudyOSA01-StageOfDisease" status="PASSED">
         <system-out><![CDATA[2022-04-07 12:00:42 - [TEST_CASE][PASSED] - Test Cases/Canine_TestCases/StudyCombinations/Study-Combinations-OSA01/TC32_Canine_StudyOSA01-StageOfDisease: Test Cases/Canine_TestCases/StudyCombinations/Study-Combinations-OSA01/TC32_Canine_StudyOSA01-StageOfDisease

2022-04-07 12:00:42 - [TEST_STEP][PASSED] - Start listener action : getTestScriptName: null

2022-04-07 12:00:42 - [TEST_STEP][PASSED] - TestCaseId = testCaseContext.getTestCaseId(): null

2022-04-07 12:00:42 - [TEST_STEP][PASSED] - out.println("**********this is the value of test case id string******** " + testCaseContext.getTestCaseId()): null

2022-04-07 12:00:42 - [TEST_STEP][PASSED] - G_currentTCName = TestCaseId.substring(TestCaseId.lastIndexOf("TC")): null

2022-04-07 12:00:42 - [TEST_STEP][PASSED] - out.println("This is the test case name : " + G_currentTCName): null

2022-04-07 12:00:43 - [TEST_STEP][PASSED] - closeBrowser(): Browser is closed

2022-04-07 12:00:43 - [MESSAGE][PASSED] - Browser is closed

2022-04-07 12:00:43 - [TEST_STEP][PASSED] - "Driver opened by Katalon is used in Selenium from this step.": null

2022-04-07 12:00:43 - [TEST_STEP][PASSED] - ctdc.utilities.runtestcaseforKatalon.RunKatalon("TC32_Canine_StudyOSA01-StageOfDisease.xlsx"): Data loaded from input file for the test case. 

2022-04-07 12:00:43 - [MESSAGE][PASSED] - Test case file loaded This is the full filepath after converting to string :C:\Users\sohilz2\Desktop\Commons_Automation\InputFiles\TC32_Canine_StudyOSA01-StageOfDisease.xlsx

2022-04-07 12:00:43 - [MESSAGE][INFO] - Global variable set for password file is :  C:\Users\sohilz2\Desktop\Commons_Automation\InputFiles\TC32_Canine_StudyOSA01-StageOfDisease.xlsx

2022-04-07 12:00:47 - [MESSAGE][PASSED] - Data loaded from input file for the test case. 

2022-04-07 12:01:01 - [TEST_STEP][PASSED] - waitForElementPresent(findTestObject("Canine/NavBar/Canine_Cases_Btn"), 20): Object 'Object Repository/Canine/NavBar/Canine_Cases_Btn' is present

2022-04-07 12:01:01 - [MESSAGE][PASSED] - Object 'Object Repository/Canine/NavBar/Canine_Cases_Btn' is present

2022-04-07 12:01:01 - [TEST_STEP][PASSED] - ctdc.utilities.runtestcaseforKatalon.clickTab("Object Repository/Canine/Canine_PopUp_Continue_Btn"): ctdc.utilities.runtestcaseforKatalon.clickTab is PASSED

2022-04-07 12:01:01 - [MESSAGE][PASSED] - ctdc.utilities.runtestcaseforKatalon.clickTab is PASSED

2022-04-07 12:01:01 - [TEST_STEP][PASSED] - out.println("Closed the popup window"): null

2022-04-07 12:01:01 - [TEST_STEP][PASSED] - waitForElementPresent(findTestObject("Canine/NavBar/Canine_Cases_Btn"), 20): Object 'Object Repository/Canine/NavBar/Canine_Cases_Btn' is present

2022-04-07 12:01:01 - [MESSAGE][PASSED] - Object 'Object Repository/Canine/NavBar/Canine_Cases_Btn' is present

2022-04-07 12:01:01 - [TEST_STEP][PASSED] - ctdc.utilities.runtestcaseforKatalon.clickTab("Canine/NavBar/Canine_Cases_Btn"): ctdc.utilities.runtestcaseforKatalon.clickTab is PASSED

2022-04-07 12:01:02 - [MESSAGE][PASSED] - ctdc.utilities.runtestcaseforKatalon.clickTab is PASSED

2022-04-07 12:01:02 - [TEST_STEP][PASSED] - waitForElementPresent(findTestObject("Object Repository/Canine/Filter/Study/Canine_Filter_Study"), 30): Object 'Object Repository/Canine/Filter/Study/Canine_Filter_Study' is present

2022-04-07 12:01:03 - [MESSAGE][PASSED] - Object 'Object Repository/Canine/Filter/Study/Canine_Filter_Study' is present

2022-04-07 12:01:03 - [TEST_STEP][PASSED] - verifyElementPresent(findTestObject("Object Repository/Canine/Filter/Study/Canine_Filter_Study"), 5): Object 'Object Repository/Canine/Filter/Study/Canine_Filter_Study' is present

2022-04-07 12:01:03 - [MESSAGE][PASSED] - Object 'Object Repository/Canine/Filter/Study/Canine_Filter_Study' is present

2022-04-07 12:01:03 - [TEST_STEP][PASSED] - ctdc.utilities.runtestcaseforKatalon.clickTab("Object Repository/Canine/Filter/Study/Canine_Filter_Study"): ctdc.utilities.runtestcaseforKatalon.clickTab is PASSED

2022-04-07 12:01:04 - [MESSAGE][PASSED] - ctdc.utilities.runtestcaseforKatalon.clickTab is PASSED

2022-04-07 12:01:04 - [TEST_STEP][PASSED] - waitForElementPresent(findTestObject("Object Repository/Canine/Filter/Study/Canine_Filter_Study-OSA01_Chkbx"), 30): Object 'Object Repository/Canine/Filter/Study/Canine_Filter_Study-OSA01_Chkbx' is present

2022-04-07 12:01:04 - [MESSAGE][PASSED] - Object 'Object Repository/Canine/Filter/Study/Canine_Filter_Study-OSA01_Chkbx' is present

2022-04-07 12:01:04 - [TEST_STEP][PASSED] - verifyElementPresent(findTestObject("Object Repository/Canine/Filter/Study/Canine_Filter_Study-OSA01_Chkbx"), 5): Object 'Object Repository/Canine/Filter/Study/Canine_Filter_Study-OSA01_Chkbx' is present

2022-04-07 12:01:05 - [MESSAGE][PASSED] - Object 'Object Repository/Canine/Filter/Study/Canine_Filter_Study-OSA01_Chkbx' is present

2022-04-07 12:01:05 - [TEST_STEP][PASSED] - ctdc.utilities.runtestcaseforKatalon.clickTab("Object Repository/Canine/Filter/Study/Canine_Filter_Study-OSA01_Chkbx"): ctdc.utilities.runtestcaseforKatalon.clickTab is PASSED

2022-04-07 12:01:05 - [MESSAGE][PASSED] - ctdc.utilities.runtestcaseforKatalon.clickTab is PASSED

2022-04-07 12:01:05 - [TEST_STEP][PASSED] - waitForElementPresent(findTestObject("Object Repository/Canine/Filter/StageOfDisease/STAGEOFDISEASE_Ddn"), 30): Object 'Object Repository/Canine/Filter/StageOfDisease/STAGEOFDISEASE_Ddn' is present

2022-04-07 12:01:05 - [MESSAGE][PASSED] - Object 'Object Repository/Canine/Filter/StageOfDisease/STAGEOFDISEASE_Ddn' is present

2022-04-07 12:01:05 - [TEST_STEP][PASSED] - verifyElementPresent(findTestObject("Object Repository/Canine/Filter/StageOfDisease/STAGEOFDISEASE_Ddn"), 5): Object 'Object Repository/Canine/Filter/StageOfDisease/STAGEOFDISEASE_Ddn' is present

2022-04-07 12:01:06 - [MESSAGE][PASSED] - Object 'Object Repository/Canine/Filter/StageOfDisease/STAGEOFDISEASE_Ddn' is present

2022-04-07 12:01:06 - [TEST_STEP][PASSED] - ctdc.utilities.runtestcaseforKatalon.clickTabCanineStat("Object Repository/Canine/Filter/StageOfDisease/STAGEOFDISEASE_Ddn"): ctdc.utilities.runtestcaseforKatalon.clickTabCanineStat is PASSED

2022-04-07 12:01:08 - [MESSAGE][PASSED] - ctdc.utilities.runtestcaseforKatalon.clickTabCanineStat is PASSED

2022-04-07 12:01:08 - [TEST_STEP][PASSED] - waitForElementPresent(findTestObject("Object Repository/Canine/Filter/StageOfDisease/Unknown_Chkbx"), 30): Object 'Object Repository/Canine/Filter/StageOfDisease/Unknown_Chkbx' is present

2022-04-07 12:01:08 - [MESSAGE][PASSED] - Object 'Object Repository/Canine/Filter/StageOfDisease/Unknown_Chkbx' is present

2022-04-07 12:01:08 - [TEST_STEP][PASSED] - verifyElementPresent(findTestObject("Object Repository/Canine/Filter/StageOfDisease/Unknown_Chkbx"), 5): Object 'Object Repository/Canine/Filter/StageOfDisease/Unknown_Chkbx' is present

2022-04-07 12:01:08 - [MESSAGE][PASSED] - Object 'Object Repository/Canine/Filter/StageOfDisease/Unknown_Chkbx' is present

2022-04-07 12:01:08 - [TEST_STEP][PASSED] - ctdc.utilities.runtestcaseforKatalon.clickTabCanineStat("Object Repository/Canine/Filter/StageOfDisease/Unknown_Chkbx"): ctdc.utilities.runtestcaseforKatalon.clickTabCanineStat is PASSED

2022-04-07 12:01:09 - [MESSAGE][PASSED] - ctdc.utilities.runtestcaseforKatalon.clickTabCanineStat is PASSED

2022-04-07 12:01:09 - [TEST_STEP][PASSED] - ctdc.utilities.runtestcaseforKatalon.readStatBarCanine("Object Repository/Canine/StatBar/Canine_StatBar-Programs", "Object Repository/Canine/StatBar/Canine_StatBar-Studies", "Object Repository/Canine/StatBar/Canine_StatBar-Cases", "Object Repository/Canine/StatBar/Canine_StatBar-Samples", "Object Repository/Canine/StatBar/Canine_StatBar-CaseFiles", "Object Repository/Canine/StatBar/Canine_StatBar-StudyFiles"): ctdc.utilities.runtestcaseforKatalon.readStatBarCanine is PASSED

2022-04-07 12:01:27 - [MESSAGE][PASSED] - ctdc.utilities.runtestcaseforKatalon.readStatBarCanine is PASSED

2022-04-07 12:01:27 - [TEST_STEP][PASSED] - waitForElementPresent(findTestObject("Object Repository/Canine/CanineResults_Cases_Tab"), 5): Object 'Object Repository/Canine/CanineResults_Cases_Tab' is present

2022-04-07 12:01:28 - [MESSAGE][PASSED] - Object 'Object Repository/Canine/CanineResults_Cases_Tab' is present

2022-04-07 12:01:28 - [TEST_STEP][PASSED] - ctdc.utilities.runtestcaseforKatalon.clickTab("Object Repository/Canine/CanineResults_Cases_Tab"): ctdc.utilities.runtestcaseforKatalon.clickTab is PASSED

2022-04-07 12:01:28 - [MESSAGE][PASSED] - ctdc.utilities.runtestcaseforKatalon.clickTab is PASSED

2022-04-07 12:01:28 - [TEST_STEP][PASSED] - ctdc.utilities.runtestcaseforKatalon.multiFunction("ICDC", G_StatBar_Cases, "Object Repository/Canine/Canine_CasesTable", "Object Repository/Canine/Canine_TableHeader", "Object Repository/Canine/Canine_CasesTabNextBtn", G_WebTabnameCases, G_CypherTabnameCases, G_QueryCasesTab): Statbar Study Files count matches

2022-04-07 12:01:50 - [MESSAGE][PASSED] - Statbar Programs count matches

2022-04-07 12:01:50 - [MESSAGE][PASSED] - Statbar Studies count matches

2022-04-07 12:01:50 - [MESSAGE][PASSED] - Statbar Cases count matches

2022-04-07 12:01:50 - [MESSAGE][PASSED] - Statbar Samples count matches

2022-04-07 12:01:50 - [MESSAGE][PASSED] - Statbar Case Files count matches

2022-04-07 12:01:50 - [MESSAGE][PASSED] - Statbar Study Files count matches

2022-04-07 12:01:50 - [TEST_STEP][PASSED] - waitForElementPresent(findTestObject("Object Repository/Canine/CanineResults_Samples_Tab"), 5): Object 'Object Repository/Canine/CanineResults_Samples_Tab' is present

2022-04-07 12:01:50 - [MESSAGE][PASSED] - Object 'Object Repository/Canine/CanineResults_Samples_Tab' is present

2022-04-07 12:01:50 - [TEST_STEP][PASSED] - ctdc.utilities.runtestcaseforKatalon.clickTab("Object Repository/Canine/CanineResults_Samples_Tab"): ctdc.utilities.runtestcaseforKatalon.clickTab is PASSED

2022-04-07 12:01:51 - [MESSAGE][PASSED] - ctdc.utilities.runtestcaseforKatalon.clickTab is PASSED

2022-04-07 12:01:51 - [TEST_STEP][PASSED] - ctdc.utilities.runtestcaseforKatalon.multiFunction("ICDC", G_StatBar_Samples, "Object Repository/Canine/Canine_Samples_Table", "Object Repository/Canine/Canine_Samples_TableHdr", "Object Repository/Canine/Canine_SamplesTabNextBtn", G_WebTabnameSamples, G_CypherTabnameSamples, G_QuerySamplesTab): Statbar Study Files count matches

2022-04-07 12:02:14 - [MESSAGE][PASSED] - Statbar Programs count matches

2022-04-07 12:02:14 - [MESSAGE][PASSED] - Statbar Studies count matches

2022-04-07 12:02:14 - [MESSAGE][PASSED] - Statbar Cases count matches

2022-04-07 12:02:14 - [MESSAGE][PASSED] - Statbar Samples count matches

2022-04-07 12:02:14 - [MESSAGE][PASSED] - Statbar Case Files count matches

2022-04-07 12:02:14 - [MESSAGE][PASSED] - Statbar Study Files count matches

2022-04-07 12:02:14 - [TEST_STEP][PASSED] - closeBrowser(): Browser is closed

2022-04-07 12:02:15 - [MESSAGE][PASSED] - Browser is closed]]></system-out>
         <system-err><![CDATA[]]></system-err>
      </testcase>
      <testcase name="Test Cases/Canine_TestCases/StudyCombinations/Study-Combinations-OSA01/TC33_Canine_StudyOSA01-StageOfDisease" time="456.945" classname="Test Cases/Canine_TestCases/StudyCombinations/Study-Combinations-OSA01/TC33_Canine_StudyOSA01-StageOfDisease" status="PASSED">
         <system-out><![CDATA[2022-04-07 12:02:15 - [TEST_CASE][PASSED] - Test Cases/Canine_TestCases/StudyCombinations/Study-Combinations-OSA01/TC33_Canine_StudyOSA01-StageOfDisease: Test Cases/Canine_TestCases/StudyCombinations/Study-Combinations-OSA01/TC33_Canine_StudyOSA01-StageOfDisease

2022-04-07 12:02:15 - [TEST_STEP][PASSED] - Start listener action : getTestScriptName: null

2022-04-07 12:02:15 - [TEST_STEP][PASSED] - TestCaseId = testCaseContext.getTestCaseId(): null

2022-04-07 12:02:15 - [TEST_STEP][PASSED] - out.println("**********this is the value of test case id string******** " + testCaseContext.getTestCaseId()): null

2022-04-07 12:02:15 - [TEST_STEP][PASSED] - G_currentTCName = TestCaseId.substring(TestCaseId.lastIndexOf("TC")): null

2022-04-07 12:02:15 - [TEST_STEP][PASSED] - out.println("This is the test case name : " + G_currentTCName): null

2022-04-07 12:02:16 - [TEST_STEP][PASSED] - closeBrowser(): Browser is closed

2022-04-07 12:02:16 - [MESSAGE][PASSED] - Browser is closed

2022-04-07 12:02:16 - [TEST_STEP][PASSED] - "Driver opened by Katalon is used in Selenium from this step.": null

2022-04-07 12:02:16 - [TEST_STEP][PASSED] - ctdc.utilities.runtestcaseforKatalon.RunKatalon("TC33_Canine_StudyOSA01-StageOfDisease.xlsx"): Data loaded from input file for the test case. 

2022-04-07 12:02:16 - [MESSAGE][PASSED] - Test case file loaded This is the full filepath after converting to string :C:\Users\sohilz2\Desktop\Commons_Automation\InputFiles\TC33_Canine_StudyOSA01-StageOfDisease.xlsx

2022-04-07 12:02:16 - [MESSAGE][INFO] - Global variable set for password file is :  C:\Users\sohilz2\Desktop\Commons_Automation\InputFiles\TC33_Canine_StudyOSA01-StageOfDisease.xlsx

2022-04-07 12:02:20 - [MESSAGE][PASSED] - Data loaded from input file for the test case. 

2022-04-07 12:02:32 - [TEST_STEP][PASSED] - waitForElementPresent(findTestObject("Canine/NavBar/Canine_Cases_Btn"), 20): Object 'Object Repository/Canine/NavBar/Canine_Cases_Btn' is present

2022-04-07 12:02:32 - [MESSAGE][PASSED] - Object 'Object Repository/Canine/NavBar/Canine_Cases_Btn' is present

2022-04-07 12:02:32 - [TEST_STEP][PASSED] - ctdc.utilities.runtestcaseforKatalon.clickTab("Object Repository/Canine/Canine_PopUp_Continue_Btn"): ctdc.utilities.runtestcaseforKatalon.clickTab is PASSED

2022-04-07 12:02:32 - [MESSAGE][PASSED] - ctdc.utilities.runtestcaseforKatalon.clickTab is PASSED

2022-04-07 12:02:32 - [TEST_STEP][PASSED] - out.println("Closed the popup window"): null

2022-04-07 12:02:32 - [TEST_STEP][PASSED] - waitForElementPresent(findTestObject("Canine/NavBar/Canine_Cases_Btn"), 20): Object 'Object Repository/Canine/NavBar/Canine_Cases_Btn' is present

2022-04-07 12:02:32 - [MESSAGE][PASSED] - Object 'Object Repository/Canine/NavBar/Canine_Cases_Btn' is present

2022-04-07 12:02:32 - [TEST_STEP][PASSED] - ctdc.utilities.runtestcaseforKatalon.clickTab("Canine/NavBar/Canine_Cases_Btn"): ctdc.utilities.runtestcaseforKatalon.clickTab is PASSED

2022-04-07 12:02:32 - [MESSAGE][PASSED] - ctdc.utilities.runtestcaseforKatalon.clickTab is PASSED

2022-04-07 12:02:32 - [TEST_STEP][PASSED] - waitForElementPresent(findTestObject("Object Repository/Canine/Filter/Study/Canine_Filter_Study"), 30): Object 'Object Repository/Canine/Filter/Study/Canine_Filter_Study' is present

2022-04-07 12:02:34 - [MESSAGE][PASSED] - Object 'Object Repository/Canine/Filter/Study/Canine_Filter_Study' is present

2022-04-07 12:02:34 - [TEST_STEP][PASSED] - verifyElementPresent(findTestObject("Object Repository/Canine/Filter/Study/Canine_Filter_Study"), 5): Object 'Object Repository/Canine/Filter/Study/Canine_Filter_Study' is present

2022-04-07 12:02:34 - [MESSAGE][PASSED] - Object 'Object Repository/Canine/Filter/Study/Canine_Filter_Study' is present

2022-04-07 12:02:34 - [TEST_STEP][PASSED] - ctdc.utilities.runtestcaseforKatalon.clickTab("Object Repository/Canine/Filter/Study/Canine_Filter_Study"): ctdc.utilities.runtestcaseforKatalon.clickTab is PASSED

2022-04-07 12:02:35 - [MESSAGE][PASSED] - ctdc.utilities.runtestcaseforKatalon.clickTab is PASSED

2022-04-07 12:02:35 - [TEST_STEP][PASSED] - waitForElementPresent(findTestObject("Object Repository/Canine/Filter/Study/Canine_Filter_Study-OSA01_Chkbx"), 30): Object 'Object Repository/Canine/Filter/Study/Canine_Filter_Study-OSA01_Chkbx' is present

2022-04-07 12:02:35 - [MESSAGE][PASSED] - Object 'Object Repository/Canine/Filter/Study/Canine_Filter_Study-OSA01_Chkbx' is present

2022-04-07 12:02:35 - [TEST_STEP][PASSED] - verifyElementPresent(findTestObject("Object Repository/Canine/Filter/Study/Canine_Filter_Study-OSA01_Chkbx"), 5): Object 'Object Repository/Canine/Filter/Study/Canine_Filter_Study-OSA01_Chkbx' is present

2022-04-07 12:02:36 - [MESSAGE][PASSED] - Object 'Object Repository/Canine/Filter/Study/Canine_Filter_Study-OSA01_Chkbx' is present

2022-04-07 12:02:36 - [TEST_STEP][PASSED] - ctdc.utilities.runtestcaseforKatalon.clickTab("Object Repository/Canine/Filter/Study/Canine_Filter_Study-OSA01_Chkbx"): ctdc.utilities.runtestcaseforKatalon.clickTab is PASSED

2022-04-07 12:02:36 - [MESSAGE][PASSED] - ctdc.utilities.runtestcaseforKatalon.clickTab is PASSED

2022-04-07 12:02:36 - [TEST_STEP][PASSED] - waitForElementPresent(findTestObject("Object Repository/Canine/Filter/StageOfDisease/STAGEOFDISEASE_Ddn"), 30): Object 'Object Repository/Canine/Filter/StageOfDisease/STAGEOFDISEASE_Ddn' is present

2022-04-07 12:02:37 - [MESSAGE][PASSED] - Object 'Object Repository/Canine/Filter/StageOfDisease/STAGEOFDISEASE_Ddn' is present

2022-04-07 12:02:37 - [TEST_STEP][PASSED] - verifyElementPresent(findTestObject("Object Repository/Canine/Filter/StageOfDisease/STAGEOFDISEASE_Ddn"), 5): Object 'Object Repository/Canine/Filter/StageOfDisease/STAGEOFDISEASE_Ddn' is present

2022-04-07 12:02:37 - [MESSAGE][PASSED] - Object 'Object Repository/Canine/Filter/StageOfDisease/STAGEOFDISEASE_Ddn' is present

2022-04-07 12:02:37 - [TEST_STEP][PASSED] - ctdc.utilities.runtestcaseforKatalon.clickTabCanineStat("Object Repository/Canine/Filter/StageOfDisease/STAGEOFDISEASE_Ddn"): ctdc.utilities.runtestcaseforKatalon.clickTabCanineStat is PASSED

2022-04-07 12:02:39 - [MESSAGE][PASSED] - ctdc.utilities.runtestcaseforKatalon.clickTabCanineStat is PASSED

2022-04-07 12:02:39 - [TEST_STEP][PASSED] - waitForElementPresent(findTestObject("Object Repository/Canine/Filter/StageOfDisease/Unknown_Chkbx"), 30): Object 'Object Repository/Canine/Filter/StageOfDisease/Unknown_Chkbx' is present

2022-04-07 12:02:39 - [MESSAGE][PASSED] - Object 'Object Repository/Canine/Filter/StageOfDisease/Unknown_Chkbx' is present

2022-04-07 12:02:39 - [TEST_STEP][PASSED] - verifyElementPresent(findTestObject("Object Repository/Canine/Filter/StageOfDisease/Unknown_Chkbx"), 5): Object 'Object Repository/Canine/Filter/StageOfDisease/Unknown_Chkbx' is present

2022-04-07 12:02:39 - [MESSAGE][PASSED] - Object 'Object Repository/Canine/Filter/StageOfDisease/Unknown_Chkbx' is present

2022-04-07 12:02:39 - [TEST_STEP][PASSED] - ctdc.utilities.runtestcaseforKatalon.clickTabCanineStat("Object Repository/Canine/Filter/StageOfDisease/Unknown_Chkbx"): ctdc.utilities.runtestcaseforKatalon.clickTabCanineStat is PASSED

2022-04-07 12:02:40 - [MESSAGE][PASSED] - ctdc.utilities.runtestcaseforKatalon.clickTabCanineStat is PASSED

2022-04-07 12:02:40 - [TEST_STEP][PASSED] - waitForElementPresent(findTestObject("Object Repository/Canine/Filter/StageOfDisease/2_Chkbx"), 30): Object 'Object Repository/Canine/Filter/StageOfDisease/2_Chkbx' is present

2022-04-07 12:02:40 - [MESSAGE][PASSED] - Object 'Object Repository/Canine/Filter/StageOfDisease/2_Chkbx' is present

2022-04-07 12:02:40 - [TEST_STEP][PASSED] - verifyElementPresent(findTestObject("Object Repository/Canine/Filter/StageOfDisease/2_Chkbx"), 5): Object 'Object Repository/Canine/Filter/StageOfDisease/2_Chkbx' is present

2022-04-07 12:02:41 - [MESSAGE][PASSED] - Object 'Object Repository/Canine/Filter/StageOfDisease/2_Chkbx' is present

2022-04-07 12:02:41 - [TEST_STEP][PASSED] - ctdc.utilities.runtestcaseforKatalon.clickTabCanineStat("Object Repository/Canine/Filter/StageOfDisease/2_Chkbx"): ctdc.utilities.runtestcaseforKatalon.clickTabCanineStat is PASSED

2022-04-07 12:02:42 - [MESSAGE][PASSED] - ctdc.utilities.runtestcaseforKatalon.clickTabCanineStat is PASSED

2022-04-07 12:02:42 - [TEST_STEP][PASSED] - ctdc.utilities.runtestcaseforKatalon.readStatBarCanine("Object Repository/Canine/StatBar/Canine_StatBar-Programs", "Object Repository/Canine/StatBar/Canine_StatBar-Studies", "Object Repository/Canine/StatBar/Canine_StatBar-Cases", "Object Repository/Canine/StatBar/Canine_StatBar-Samples", "Object Repository/Canine/StatBar/Canine_StatBar-CaseFiles", "Object Repository/Canine/StatBar/Canine_StatBar-StudyFiles"): ctdc.utilities.runtestcaseforKatalon.readStatBarCanine is PASSED

2022-04-07 12:03:00 - [MESSAGE][PASSED] - ctdc.utilities.runtestcaseforKatalon.readStatBarCanine is PASSED

2022-04-07 12:03:00 - [TEST_STEP][PASSED] - waitForElementPresent(findTestObject("Object Repository/Canine/CanineResults_Cases_Tab"), 5): Object 'Object Repository/Canine/CanineResults_Cases_Tab' is present

2022-04-07 12:03:00 - [MESSAGE][PASSED] - Object 'Object Repository/Canine/CanineResults_Cases_Tab' is present

2022-04-07 12:03:00 - [TEST_STEP][PASSED] - ctdc.utilities.runtestcaseforKatalon.clickTab("Object Repository/Canine/CanineResults_Cases_Tab"): ctdc.utilities.runtestcaseforKatalon.clickTab is PASSED

2022-04-07 12:03:00 - [MESSAGE][PASSED] - ctdc.utilities.runtestcaseforKatalon.clickTab is PASSED

2022-04-07 12:03:00 - [TEST_STEP][PASSED] - ctdc.utilities.runtestcaseforKatalon.multiFunction("ICDC", G_StatBar_Cases, "Object Repository/Canine/Canine_CasesTable", "Object Repository/Canine/Canine_TableHeader", "Object Repository/Canine/Canine_CasesTabNextBtn", G_WebTabnameCases, G_CypherTabnameCases, G_QueryCasesTab): Statbar Study Files count matches

2022-04-07 12:05:02 - [MESSAGE][PASSED] - Statbar Programs count matches

2022-04-07 12:05:02 - [MESSAGE][PASSED] - Statbar Studies count matches

2022-04-07 12:05:02 - [MESSAGE][PASSED] - Statbar Cases count matches

2022-04-07 12:05:02 - [MESSAGE][PASSED] - Statbar Samples count matches

2022-04-07 12:05:02 - [MESSAGE][PASSED] - Statbar Case Files count matches

2022-04-07 12:05:02 - [MESSAGE][PASSED] - Statbar Study Files count matches

2022-04-07 12:05:02 - [TEST_STEP][PASSED] - waitForElementPresent(findTestObject("Object Repository/Canine/CanineResults_Samples_Tab"), 5): Object 'Object Repository/Canine/CanineResults_Samples_Tab' is present

2022-04-07 12:05:02 - [MESSAGE][PASSED] - Object 'Object Repository/Canine/CanineResults_Samples_Tab' is present

2022-04-07 12:05:02 - [TEST_STEP][PASSED] - ctdc.utilities.runtestcaseforKatalon.clickTab("Object Repository/Canine/CanineResults_Samples_Tab"): ctdc.utilities.runtestcaseforKatalon.clickTab is PASSED

2022-04-07 12:05:03 - [MESSAGE][PASSED] - ctdc.utilities.runtestcaseforKatalon.clickTab is PASSED

2022-04-07 12:05:03 - [TEST_STEP][PASSED] - ctdc.utilities.runtestcaseforKatalon.multiFunction("ICDC", G_StatBar_Samples, "Object Repository/Canine/Canine_Samples_Table", "Object Repository/Canine/Canine_Samples_TableHdr", "Object Repository/Canine/Canine_SamplesTabNextBtn", G_WebTabnameSamples, G_CypherTabnameSamples, G_QuerySamplesTab): Statbar Study Files count matches

2022-04-07 12:09:51 - [MESSAGE][PASSED] - Statbar Programs count matches

2022-04-07 12:09:51 - [MESSAGE][PASSED] - Statbar Studies count matches

2022-04-07 12:09:51 - [MESSAGE][PASSED] - Statbar Cases count matches

2022-04-07 12:09:51 - [MESSAGE][PASSED] - Statbar Samples count matches

2022-04-07 12:09:51 - [MESSAGE][PASSED] - Statbar Case Files count matches

2022-04-07 12:09:51 - [MESSAGE][PASSED] - Statbar Study Files count matches

2022-04-07 12:09:51 - [TEST_STEP][PASSED] - closeBrowser(): Browser is closed

2022-04-07 12:09:52 - [MESSAGE][PASSED] - Browser is closed]]></system-out>
         <system-err><![CDATA[]]></system-err>
      </testcase>
      <testcase name="Test Cases/Canine_TestCases/StudyCombinations/Study-Combinations-OSA01/TC34_Canine_StudyOSA01-StageOfDisease-Sex" time="245.18" classname="Test Cases/Canine_TestCases/StudyCombinations/Study-Combinations-OSA01/TC34_Canine_StudyOSA01-StageOfDisease-Sex" status="PASSED">
         <system-out><![CDATA[2022-04-07 12:09:52 - [TEST_CASE][PASSED] - Test Cases/Canine_TestCases/StudyCombinations/Study-Combinations-OSA01/TC34_Canine_StudyOSA01-StageOfDisease-Sex: Test Cases/Canine_TestCases/StudyCombinations/Study-Combinations-OSA01/TC34_Canine_StudyOSA01-StageOfDisease-Sex

2022-04-07 12:09:52 - [TEST_STEP][PASSED] - Start listener action : getTestScriptName: null

2022-04-07 12:09:52 - [TEST_STEP][PASSED] - TestCaseId = testCaseContext.getTestCaseId(): null

2022-04-07 12:09:52 - [TEST_STEP][PASSED] - out.println("**********this is the value of test case id string******** " + testCaseContext.getTestCaseId()): null

2022-04-07 12:09:52 - [TEST_STEP][PASSED] - G_currentTCName = TestCaseId.substring(TestCaseId.lastIndexOf("TC")): null

2022-04-07 12:09:52 - [TEST_STEP][PASSED] - out.println("This is the test case name : " + G_currentTCName): null

2022-04-07 12:09:53 - [TEST_STEP][PASSED] - closeBrowser(): Browser is closed

2022-04-07 12:09:53 - [MESSAGE][PASSED] - Browser is closed

2022-04-07 12:09:53 - [TEST_STEP][PASSED] - "Driver opened by Katalon is used in Selenium from this step.": null

2022-04-07 12:09:53 - [TEST_STEP][PASSED] - ctdc.utilities.runtestcaseforKatalon.RunKatalon("TC34_Canine_StudyOSA01-StageOfDisease-Sex.xlsx"): Data loaded from input file for the test case. 

2022-04-07 12:09:53 - [MESSAGE][PASSED] - Test case file loaded This is the full filepath after converting to string :C:\Users\sohilz2\Desktop\Commons_Automation\InputFiles\TC34_Canine_StudyOSA01-StageOfDisease-Sex.xlsx

2022-04-07 12:09:53 - [MESSAGE][INFO] - Global variable set for password file is :  C:\Users\sohilz2\Desktop\Commons_Automation\InputFiles\TC34_Canine_StudyOSA01-StageOfDisease-Sex.xlsx

2022-04-07 12:09:57 - [MESSAGE][PASSED] - Data loaded from input file for the test case. 

2022-04-07 12:10:13 - [TEST_STEP][PASSED] - waitForElementPresent(findTestObject("Canine/NavBar/Canine_Cases_Btn"), 20): Object 'Object Repository/Canine/NavBar/Canine_Cases_Btn' is present

2022-04-07 12:10:13 - [MESSAGE][PASSED] - Object 'Object Repository/Canine/NavBar/Canine_Cases_Btn' is present

2022-04-07 12:10:13 - [TEST_STEP][PASSED] - ctdc.utilities.runtestcaseforKatalon.clickTab("Object Repository/Canine/Canine_PopUp_Continue_Btn"): ctdc.utilities.runtestcaseforKatalon.clickTab is PASSED

2022-04-07 12:10:13 - [MESSAGE][PASSED] - ctdc.utilities.runtestcaseforKatalon.clickTab is PASSED

2022-04-07 12:10:13 - [TEST_STEP][PASSED] - out.println("Closed the popup window"): null

2022-04-07 12:10:13 - [TEST_STEP][PASSED] - waitForElementPresent(findTestObject("Canine/NavBar/Canine_Cases_Btn"), 20): Object 'Object Repository/Canine/NavBar/Canine_Cases_Btn' is present

2022-04-07 12:10:13 - [MESSAGE][PASSED] - Object 'Object Repository/Canine/NavBar/Canine_Cases_Btn' is present

2022-04-07 12:10:13 - [TEST_STEP][PASSED] - ctdc.utilities.runtestcaseforKatalon.clickTab("Canine/NavBar/Canine_Cases_Btn"): ctdc.utilities.runtestcaseforKatalon.clickTab is PASSED

2022-04-07 12:10:13 - [MESSAGE][PASSED] - ctdc.utilities.runtestcaseforKatalon.clickTab is PASSED

2022-04-07 12:10:13 - [TEST_STEP][PASSED] - waitForElementPresent(findTestObject("Object Repository/Canine/Filter/Study/Canine_Filter_Study"), 30): Object 'Object Repository/Canine/Filter/Study/Canine_Filter_Study' is present

2022-04-07 12:10:15 - [MESSAGE][PASSED] - Object 'Object Repository/Canine/Filter/Study/Canine_Filter_Study' is present

2022-04-07 12:10:15 - [TEST_STEP][PASSED] - verifyElementPresent(findTestObject("Object Repository/Canine/Filter/Study/Canine_Filter_Study"), 5): Object 'Object Repository/Canine/Filter/Study/Canine_Filter_Study' is present

2022-04-07 12:10:15 - [MESSAGE][PASSED] - Object 'Object Repository/Canine/Filter/Study/Canine_Filter_Study' is present

2022-04-07 12:10:15 - [TEST_STEP][PASSED] - ctdc.utilities.runtestcaseforKatalon.clickTab("Object Repository/Canine/Filter/Study/Canine_Filter_Study"): ctdc.utilities.runtestcaseforKatalon.clickTab is PASSED

2022-04-07 12:10:16 - [MESSAGE][PASSED] - ctdc.utilities.runtestcaseforKatalon.clickTab is PASSED

2022-04-07 12:10:16 - [TEST_STEP][PASSED] - waitForElementPresent(findTestObject("Object Repository/Canine/Filter/Study/Canine_Filter_Study-OSA01_Chkbx"), 30): Object 'Object Repository/Canine/Filter/Study/Canine_Filter_Study-OSA01_Chkbx' is present

2022-04-07 12:10:16 - [MESSAGE][PASSED] - Object 'Object Repository/Canine/Filter/Study/Canine_Filter_Study-OSA01_Chkbx' is present

2022-04-07 12:10:16 - [TEST_STEP][PASSED] - verifyElementPresent(findTestObject("Object Repository/Canine/Filter/Study/Canine_Filter_Study-OSA01_Chkbx"), 5): Object 'Object Repository/Canine/Filter/Study/Canine_Filter_Study-OSA01_Chkbx' is present

2022-04-07 12:10:17 - [MESSAGE][PASSED] - Object 'Object Repository/Canine/Filter/Study/Canine_Filter_Study-OSA01_Chkbx' is present

2022-04-07 12:10:17 - [TEST_STEP][PASSED] - ctdc.utilities.runtestcaseforKatalon.clickTab("Object Repository/Canine/Filter/Study/Canine_Filter_Study-OSA01_Chkbx"): ctdc.utilities.runtestcaseforKatalon.clickTab is PASSED

2022-04-07 12:10:17 - [MESSAGE][PASSED] - ctdc.utilities.runtestcaseforKatalon.clickTab is PASSED

2022-04-07 12:10:17 - [TEST_STEP][PASSED] - waitForElementPresent(findTestObject("Object Repository/Canine/Filter/StageOfDisease/STAGEOFDISEASE_Ddn"), 30): Object 'Object Repository/Canine/Filter/StageOfDisease/STAGEOFDISEASE_Ddn' is present

2022-04-07 12:10:17 - [MESSAGE][PASSED] - Object 'Object Repository/Canine/Filter/StageOfDisease/STAGEOFDISEASE_Ddn' is present

2022-04-07 12:10:17 - [TEST_STEP][PASSED] - verifyElementPresent(findTestObject("Object Repository/Canine/Filter/StageOfDisease/STAGEOFDISEASE_Ddn"), 5): Object 'Object Repository/Canine/Filter/StageOfDisease/STAGEOFDISEASE_Ddn' is present

2022-04-07 12:10:18 - [MESSAGE][PASSED] - Object 'Object Repository/Canine/Filter/StageOfDisease/STAGEOFDISEASE_Ddn' is present

2022-04-07 12:10:18 - [TEST_STEP][PASSED] - ctdc.utilities.runtestcaseforKatalon.clickTabCanineStat("Object Repository/Canine/Filter/StageOfDisease/STAGEOFDISEASE_Ddn"): ctdc.utilities.runtestcaseforKatalon.clickTabCanineStat is PASSED

2022-04-07 12:10:19 - [MESSAGE][PASSED] - ctdc.utilities.runtestcaseforKatalon.clickTabCanineStat is PASSED

2022-04-07 12:10:19 - [TEST_STEP][PASSED] - waitForElementPresent(findTestObject("Object Repository/Canine/Filter/StageOfDisease/Unknown_Chkbx"), 30): Object 'Object Repository/Canine/Filter/StageOfDisease/Unknown_Chkbx' is present

2022-04-07 12:10:20 - [MESSAGE][PASSED] - Object 'Object Repository/Canine/Filter/StageOfDisease/Unknown_Chkbx' is present

2022-04-07 12:10:20 - [TEST_STEP][PASSED] - verifyElementPresent(findTestObject("Object Repository/Canine/Filter/StageOfDisease/Unknown_Chkbx"), 5): Object 'Object Repository/Canine/Filter/StageOfDisease/Unknown_Chkbx' is present

2022-04-07 12:10:20 - [MESSAGE][PASSED] - Object 'Object Repository/Canine/Filter/StageOfDisease/Unknown_Chkbx' is present

2022-04-07 12:10:20 - [TEST_STEP][PASSED] - ctdc.utilities.runtestcaseforKatalon.clickTabCanineStat("Object Repository/Canine/Filter/StageOfDisease/Unknown_Chkbx"): ctdc.utilities.runtestcaseforKatalon.clickTabCanineStat is PASSED

2022-04-07 12:10:21 - [MESSAGE][PASSED] - ctdc.utilities.runtestcaseforKatalon.clickTabCanineStat is PASSED

2022-04-07 12:10:21 - [TEST_STEP][PASSED] - waitForElementPresent(findTestObject("Object Repository/Canine/Filter/StageOfDisease/2_Chkbx"), 30): Object 'Object Repository/Canine/Filter/StageOfDisease/2_Chkbx' is present

2022-04-07 12:10:21 - [MESSAGE][PASSED] - Object 'Object Repository/Canine/Filter/StageOfDisease/2_Chkbx' is present

2022-04-07 12:10:21 - [TEST_STEP][PASSED] - verifyElementPresent(findTestObject("Object Repository/Canine/Filter/StageOfDisease/2_Chkbx"), 5): Object 'Object Repository/Canine/Filter/StageOfDisease/2_Chkbx' is present

2022-04-07 12:10:21 - [MESSAGE][PASSED] - Object 'Object Repository/Canine/Filter/StageOfDisease/2_Chkbx' is present

2022-04-07 12:10:21 - [TEST_STEP][PASSED] - ctdc.utilities.runtestcaseforKatalon.clickTabCanineStat("Object Repository/Canine/Filter/StageOfDisease/2_Chkbx"): ctdc.utilities.runtestcaseforKatalon.clickTabCanineStat is PASSED

2022-04-07 12:10:23 - [MESSAGE][PASSED] - ctdc.utilities.runtestcaseforKatalon.clickTabCanineStat is PASSED

2022-04-07 12:10:23 - [TEST_STEP][PASSED] - waitForElementPresent(findTestObject("Object Repository/Canine/Filter/Sex/SEX_Ddn"), 30): Object 'Object Repository/Canine/Filter/Sex/SEX_Ddn' is present

2022-04-07 12:10:23 - [MESSAGE][PASSED] - Object 'Object Repository/Canine/Filter/Sex/SEX_Ddn' is present

2022-04-07 12:10:23 - [TEST_STEP][PASSED] - verifyElementPresent(findTestObject("Object Repository/Canine/Filter/Sex/SEX_Ddn"), 5): Object 'Object Repository/Canine/Filter/Sex/SEX_Ddn' is present

2022-04-07 12:10:23 - [MESSAGE][PASSED] - Object 'Object Repository/Canine/Filter/Sex/SEX_Ddn' is present

2022-04-07 12:10:23 - [TEST_STEP][PASSED] - ctdc.utilities.runtestcaseforKatalon.clickTabCanineStat("Object Repository/Canine/Filter/Sex/SEX_Ddn"): ctdc.utilities.runtestcaseforKatalon.clickTabCanineStat is PASSED

2022-04-07 12:10:25 - [MESSAGE][PASSED] - ctdc.utilities.runtestcaseforKatalon.clickTabCanineStat is PASSED

2022-04-07 12:10:25 - [TEST_STEP][PASSED] - waitForElementPresent(findTestObject("Object Repository/Canine/Filter/Sex/Female_Chkbx"), 30): Object 'Object Repository/Canine/Filter/Sex/Female_Chkbx' is present

2022-04-07 12:10:25 - [MESSAGE][PASSED] - Object 'Object Repository/Canine/Filter/Sex/Female_Chkbx' is present

2022-04-07 12:10:25 - [TEST_STEP][PASSED] - verifyElementPresent(findTestObject("Object Repository/Canine/Filter/Sex/Female_Chkbx"), 5): Object 'Object Repository/Canine/Filter/Sex/Female_Chkbx' is present

2022-04-07 12:10:25 - [MESSAGE][PASSED] - Object 'Object Repository/Canine/Filter/Sex/Female_Chkbx' is present

2022-04-07 12:10:25 - [TEST_STEP][PASSED] - ctdc.utilities.runtestcaseforKatalon.clickTabCanineStat("Object Repository/Canine/Filter/Sex/Female_Chkbx"): ctdc.utilities.runtestcaseforKatalon.clickTabCanineStat is PASSED

2022-04-07 12:10:26 - [MESSAGE][PASSED] - ctdc.utilities.runtestcaseforKatalon.clickTabCanineStat is PASSED

2022-04-07 12:10:26 - [TEST_STEP][PASSED] - ctdc.utilities.runtestcaseforKatalon.readStatBarCanine("Object Repository/Canine/StatBar/Canine_StatBar-Programs", "Object Repository/Canine/StatBar/Canine_StatBar-Studies", "Object Repository/Canine/StatBar/Canine_StatBar-Cases", "Object Repository/Canine/StatBar/Canine_StatBar-Samples", "Object Repository/Canine/StatBar/Canine_StatBar-CaseFiles", "Object Repository/Canine/StatBar/Canine_StatBar-StudyFiles"): ctdc.utilities.runtestcaseforKatalon.readStatBarCanine is PASSED

2022-04-07 12:10:44 - [MESSAGE][PASSED] - ctdc.utilities.runtestcaseforKatalon.readStatBarCanine is PASSED

2022-04-07 12:10:44 - [TEST_STEP][PASSED] - waitForElementPresent(findTestObject("Object Repository/Canine/CanineResults_Cases_Tab"), 5): Object 'Object Repository/Canine/CanineResults_Cases_Tab' is present

2022-04-07 12:10:44 - [MESSAGE][PASSED] - Object 'Object Repository/Canine/CanineResults_Cases_Tab' is present

2022-04-07 12:10:44 - [TEST_STEP][PASSED] - ctdc.utilities.runtestcaseforKatalon.clickTab("Object Repository/Canine/CanineResults_Cases_Tab"): ctdc.utilities.runtestcaseforKatalon.clickTab is PASSED

2022-04-07 12:10:45 - [MESSAGE][PASSED] - ctdc.utilities.runtestcaseforKatalon.clickTab is PASSED

2022-04-07 12:10:45 - [TEST_STEP][PASSED] - ctdc.utilities.runtestcaseforKatalon.multiFunction("ICDC", G_StatBar_Cases, "Object Repository/Canine/Canine_CasesTable", "Object Repository/Canine/Canine_TableHeader", "Object Repository/Canine/Canine_CasesTabNextBtn", G_WebTabnameCases, G_CypherTabnameCases, G_QueryCasesTab): Statbar Study Files count matches

2022-04-07 12:11:48 - [MESSAGE][PASSED] - Statbar Programs count matches

2022-04-07 12:11:48 - [MESSAGE][PASSED] - Statbar Studies count matches

2022-04-07 12:11:48 - [MESSAGE][PASSED] - Statbar Cases count matches

2022-04-07 12:11:48 - [MESSAGE][PASSED] - Statbar Samples count matches

2022-04-07 12:11:48 - [MESSAGE][PASSED] - Statbar Case Files count matches

2022-04-07 12:11:48 - [MESSAGE][PASSED] - Statbar Study Files count matches

2022-04-07 12:11:48 - [TEST_STEP][PASSED] - waitForElementPresent(findTestObject("Object Repository/Canine/CanineResults_Samples_Tab"), 5): Object 'Object Repository/Canine/CanineResults_Samples_Tab' is present

2022-04-07 12:11:48 - [MESSAGE][PASSED] - Object 'Object Repository/Canine/CanineResults_Samples_Tab' is present

2022-04-07 12:11:48 - [TEST_STEP][PASSED] - ctdc.utilities.runtestcaseforKatalon.clickTab("Object Repository/Canine/CanineResults_Samples_Tab"): ctdc.utilities.runtestcaseforKatalon.clickTab is PASSED

2022-04-07 12:11:49 - [MESSAGE][PASSED] - ctdc.utilities.runtestcaseforKatalon.clickTab is PASSED

2022-04-07 12:11:49 - [TEST_STEP][PASSED] - ctdc.utilities.runtestcaseforKatalon.multiFunction("ICDC", G_StatBar_Samples, "Object Repository/Canine/Canine_Samples_Table", "Object Repository/Canine/Canine_Samples_TableHdr", "Object Repository/Canine/Canine_SamplesTabNextBtn", G_WebTabnameSamples, G_CypherTabnameSamples, G_QuerySamplesTab): Statbar Study Files count matches

2022-04-07 12:13:56 - [MESSAGE][PASSED] - Statbar Programs count matches

2022-04-07 12:13:56 - [MESSAGE][PASSED] - Statbar Studies count matches

2022-04-07 12:13:56 - [MESSAGE][PASSED] - Statbar Cases count matches

2022-04-07 12:13:56 - [MESSAGE][PASSED] - Statbar Samples count matches

2022-04-07 12:13:56 - [MESSAGE][PASSED] - Statbar Case Files count matches

2022-04-07 12:13:56 - [MESSAGE][PASSED] - Statbar Study Files count matches

2022-04-07 12:13:56 - [TEST_STEP][PASSED] - closeBrowser(): Browser is closed

2022-04-07 12:13:57 - [MESSAGE][PASSED] - Browser is closed]]></system-out>
         <system-err><![CDATA[]]></system-err>
      </testcase>
      <testcase name="Test Cases/Canine_TestCases/StudyCombinations/Study-Combinations-OSA01/TC35_Canine_StudyOSA01-ResponseToTreatment-NeutStatus" time="72.293" classname="Test Cases/Canine_TestCases/StudyCombinations/Study-Combinations-OSA01/TC35_Canine_StudyOSA01-ResponseToTreatment-NeutStatus" status="PASSED">
         <system-out><![CDATA[2022-04-07 12:13:57 - [TEST_CASE][PASSED] - Test Cases/Canine_TestCases/StudyCombinations/Study-Combinations-OSA01/TC35_Canine_StudyOSA01-ResponseToTreatment-NeutStatus: Test Cases/Canine_TestCases/StudyCombinations/Study-Combinations-OSA01/TC35_Canine_StudyOSA01-ResponseToTreatment-NeutStatus

2022-04-07 12:13:57 - [TEST_STEP][PASSED] - Start listener action : getTestScriptName: null

2022-04-07 12:13:57 - [TEST_STEP][PASSED] - TestCaseId = testCaseContext.getTestCaseId(): null

2022-04-07 12:13:57 - [TEST_STEP][PASSED] - out.println("**********this is the value of test case id string******** " + testCaseContext.getTestCaseId()): null

2022-04-07 12:13:57 - [TEST_STEP][PASSED] - G_currentTCName = TestCaseId.substring(TestCaseId.lastIndexOf("TC")): null

2022-04-07 12:13:57 - [TEST_STEP][PASSED] - out.println("This is the test case name : " + G_currentTCName): null

2022-04-07 12:13:58 - [TEST_STEP][PASSED] - closeBrowser(): Browser is closed

2022-04-07 12:13:58 - [MESSAGE][PASSED] - Browser is closed

2022-04-07 12:13:58 - [TEST_STEP][PASSED] - "Driver opened by Katalon is used in Selenium from this step.": null

2022-04-07 12:13:58 - [TEST_STEP][PASSED] - ctdc.utilities.runtestcaseforKatalon.RunKatalon("TC35_Canine_StudyOSA01-ResponseToTreatment-NeutStatus.xlsx"): Data loaded from input file for the test case. 

2022-04-07 12:13:58 - [MESSAGE][PASSED] - Test case file loaded This is the full filepath after converting to string :C:\Users\sohilz2\Desktop\Commons_Automation\InputFiles\TC35_Canine_StudyOSA01-ResponseToTreatment-NeutStatus.xlsx

2022-04-07 12:13:58 - [MESSAGE][INFO] - Global variable set for password file is :  C:\Users\sohilz2\Desktop\Commons_Automation\InputFiles\TC35_Canine_StudyOSA01-ResponseToTreatment-NeutStatus.xlsx

2022-04-07 12:14:02 - [MESSAGE][PASSED] - Data loaded from input file for the test case. 

2022-04-07 12:14:14 - [TEST_STEP][PASSED] - waitForElementPresent(findTestObject("Canine/NavBar/Canine_Cases_Btn"), 20): Object 'Object Repository/Canine/NavBar/Canine_Cases_Btn' is present

2022-04-07 12:14:15 - [MESSAGE][PASSED] - Object 'Object Repository/Canine/NavBar/Canine_Cases_Btn' is present

2022-04-07 12:14:15 - [TEST_STEP][PASSED] - ctdc.utilities.runtestcaseforKatalon.clickTab("Object Repository/Canine/Canine_PopUp_Continue_Btn"): ctdc.utilities.runtestcaseforKatalon.clickTab is PASSED

2022-04-07 12:14:15 - [MESSAGE][PASSED] - ctdc.utilities.runtestcaseforKatalon.clickTab is PASSED

2022-04-07 12:14:15 - [TEST_STEP][PASSED] - out.println("Closed the popup window"): null

2022-04-07 12:14:15 - [TEST_STEP][PASSED] - waitForElementPresent(findTestObject("Canine/NavBar/Canine_Cases_Btn"), 20): Object 'Object Repository/Canine/NavBar/Canine_Cases_Btn' is present

2022-04-07 12:14:15 - [MESSAGE][PASSED] - Object 'Object Repository/Canine/NavBar/Canine_Cases_Btn' is present

2022-04-07 12:14:15 - [TEST_STEP][PASSED] - ctdc.utilities.runtestcaseforKatalon.clickTab("Canine/NavBar/Canine_Cases_Btn"): ctdc.utilities.runtestcaseforKatalon.clickTab is PASSED

2022-04-07 12:14:15 - [MESSAGE][PASSED] - ctdc.utilities.runtestcaseforKatalon.clickTab is PASSED

2022-04-07 12:14:15 - [TEST_STEP][PASSED] - waitForElementPresent(findTestObject("Object Repository/Canine/Filter/Study/Canine_Filter_Study"), 30): Object 'Object Repository/Canine/Filter/Study/Canine_Filter_Study' is present

2022-04-07 12:14:17 - [MESSAGE][PASSED] - Object 'Object Repository/Canine/Filter/Study/Canine_Filter_Study' is present

2022-04-07 12:14:17 - [TEST_STEP][PASSED] - verifyElementPresent(findTestObject("Object Repository/Canine/Filter/Study/Canine_Filter_Study"), 5): Object 'Object Repository/Canine/Filter/Study/Canine_Filter_Study' is present

2022-04-07 12:14:17 - [MESSAGE][PASSED] - Object 'Object Repository/Canine/Filter/Study/Canine_Filter_Study' is present

2022-04-07 12:14:17 - [TEST_STEP][PASSED] - ctdc.utilities.runtestcaseforKatalon.clickTab("Object Repository/Canine/Filter/Study/Canine_Filter_Study"): ctdc.utilities.runtestcaseforKatalon.clickTab is PASSED

2022-04-07 12:14:18 - [MESSAGE][PASSED] - ctdc.utilities.runtestcaseforKatalon.clickTab is PASSED

2022-04-07 12:14:18 - [TEST_STEP][PASSED] - waitForElementPresent(findTestObject("Object Repository/Canine/Filter/Study/Canine_Filter_Study-OSA01_Chkbx"), 30): Object 'Object Repository/Canine/Filter/Study/Canine_Filter_Study-OSA01_Chkbx' is present

2022-04-07 12:14:18 - [MESSAGE][PASSED] - Object 'Object Repository/Canine/Filter/Study/Canine_Filter_Study-OSA01_Chkbx' is present

2022-04-07 12:14:18 - [TEST_STEP][PASSED] - verifyElementPresent(findTestObject("Object Repository/Canine/Filter/Study/Canine_Filter_Study-OSA01_Chkbx"), 5): Object 'Object Repository/Canine/Filter/Study/Canine_Filter_Study-OSA01_Chkbx' is present

2022-04-07 12:14:19 - [MESSAGE][PASSED] - Object 'Object Repository/Canine/Filter/Study/Canine_Filter_Study-OSA01_Chkbx' is present

2022-04-07 12:14:19 - [TEST_STEP][PASSED] - ctdc.utilities.runtestcaseforKatalon.clickTab("Object Repository/Canine/Filter/Study/Canine_Filter_Study-OSA01_Chkbx"): ctdc.utilities.runtestcaseforKatalon.clickTab is PASSED

2022-04-07 12:14:19 - [MESSAGE][PASSED] - ctdc.utilities.runtestcaseforKatalon.clickTab is PASSED

2022-04-07 12:14:19 - [TEST_STEP][PASSED] - waitForElementPresent(findTestObject("Object Repository/Canine/Filter/ResponseToTreatment/RESPONSETOTREATMENT_Ddn"), 30): Object 'Object Repository/Canine/Filter/ResponseToTreatment/RESPONSETOTREATMENT_Ddn' is present

2022-04-07 12:14:19 - [MESSAGE][PASSED] - Object 'Object Repository/Canine/Filter/ResponseToTreatment/RESPONSETOTREATMENT_Ddn' is present

2022-04-07 12:14:19 - [TEST_STEP][PASSED] - verifyElementPresent(findTestObject("Object Repository/Canine/Filter/ResponseToTreatment/RESPONSETOTREATMENT_Ddn"), 5): Object 'Object Repository/Canine/Filter/ResponseToTreatment/RESPONSETOTREATMENT_Ddn' is present

2022-04-07 12:14:20 - [MESSAGE][PASSED] - Object 'Object Repository/Canine/Filter/ResponseToTreatment/RESPONSETOTREATMENT_Ddn' is present

2022-04-07 12:14:20 - [TEST_STEP][PASSED] - ctdc.utilities.runtestcaseforKatalon.clickTabCanineStat("Object Repository/Canine/Filter/ResponseToTreatment/RESPONSETOTREATMENT_Ddn"): ctdc.utilities.runtestcaseforKatalon.clickTabCanineStat is PASSED

2022-04-07 12:14:22 - [MESSAGE][PASSED] - ctdc.utilities.runtestcaseforKatalon.clickTabCanineStat is PASSED

2022-04-07 12:14:22 - [TEST_STEP][PASSED] - waitForElementPresent(findTestObject("Object Repository/Canine/Filter/ResponseToTreatment/NotDetermined_Chkbx"), 30): Object 'Object Repository/Canine/Filter/ResponseToTreatment/NotDetermined_Chkbx' is present

2022-04-07 12:14:22 - [MESSAGE][PASSED] - Object 'Object Repository/Canine/Filter/ResponseToTreatment/NotDetermined_Chkbx' is present

2022-04-07 12:14:22 - [TEST_STEP][PASSED] - verifyElementPresent(findTestObject("Object Repository/Canine/Filter/ResponseToTreatment/NotDetermined_Chkbx"), 5): Object 'Object Repository/Canine/Filter/ResponseToTreatment/NotDetermined_Chkbx' is present

2022-04-07 12:14:22 - [MESSAGE][PASSED] - Object 'Object Repository/Canine/Filter/ResponseToTreatment/NotDetermined_Chkbx' is present

2022-04-07 12:14:22 - [TEST_STEP][PASSED] - ctdc.utilities.runtestcaseforKatalon.clickTabCanineStat("Object Repository/Canine/Filter/ResponseToTreatment/NotDetermined_Chkbx"): ctdc.utilities.runtestcaseforKatalon.clickTabCanineStat is PASSED

2022-04-07 12:14:23 - [MESSAGE][PASSED] - ctdc.utilities.runtestcaseforKatalon.clickTabCanineStat is PASSED

2022-04-07 12:14:23 - [TEST_STEP][PASSED] - waitForElementPresent(findTestObject("Object Repository/Canine/Filter/NeuteredStatus/NEUTEREDSTATUS_Ddn"), 30): Object 'Object Repository/Canine/Filter/NeuteredStatus/NEUTEREDSTATUS_Ddn' is present

2022-04-07 12:14:23 - [MESSAGE][PASSED] - Object 'Object Repository/Canine/Filter/NeuteredStatus/NEUTEREDSTATUS_Ddn' is present

2022-04-07 12:14:23 - [TEST_STEP][PASSED] - verifyElementPresent(findTestObject("Object Repository/Canine/Filter/NeuteredStatus/NEUTEREDSTATUS_Ddn"), 5): Object 'Object Repository/Canine/Filter/NeuteredStatus/NEUTEREDSTATUS_Ddn' is present

2022-04-07 12:14:24 - [MESSAGE][PASSED] - Object 'Object Repository/Canine/Filter/NeuteredStatus/NEUTEREDSTATUS_Ddn' is present

2022-04-07 12:14:24 - [TEST_STEP][PASSED] - ctdc.utilities.runtestcaseforKatalon.clickTabCanineStat("Object Repository/Canine/Filter/NeuteredStatus/NEUTEREDSTATUS_Ddn"): ctdc.utilities.runtestcaseforKatalon.clickTabCanineStat is PASSED

2022-04-07 12:14:25 - [MESSAGE][PASSED] - ctdc.utilities.runtestcaseforKatalon.clickTabCanineStat is PASSED

2022-04-07 12:14:25 - [TEST_STEP][PASSED] - waitForElementPresent(findTestObject("Object Repository/Canine/Filter/NeuteredStatus/No_Chkbx"), 30): Object 'Object Repository/Canine/Filter/NeuteredStatus/No_Chkbx' is present

2022-04-07 12:14:25 - [MESSAGE][PASSED] - Object 'Object Repository/Canine/Filter/NeuteredStatus/No_Chkbx' is present

2022-04-07 12:14:25 - [TEST_STEP][PASSED] - verifyElementPresent(findTestObject("Object Repository/Canine/Filter/NeuteredStatus/No_Chkbx"), 5): Object 'Object Repository/Canine/Filter/NeuteredStatus/No_Chkbx' is present

2022-04-07 12:14:25 - [MESSAGE][PASSED] - Object 'Object Repository/Canine/Filter/NeuteredStatus/No_Chkbx' is present

2022-04-07 12:14:25 - [TEST_STEP][PASSED] - ctdc.utilities.runtestcaseforKatalon.clickTabCanineStat("Object Repository/Canine/Filter/NeuteredStatus/No_Chkbx"): ctdc.utilities.runtestcaseforKatalon.clickTabCanineStat is PASSED

2022-04-07 12:14:27 - [MESSAGE][PASSED] - ctdc.utilities.runtestcaseforKatalon.clickTabCanineStat is PASSED

2022-04-07 12:14:27 - [TEST_STEP][PASSED] - ctdc.utilities.runtestcaseforKatalon.readStatBarCanine("Object Repository/Canine/StatBar/Canine_StatBar-Programs", "Object Repository/Canine/StatBar/Canine_StatBar-Studies", "Object Repository/Canine/StatBar/Canine_StatBar-Cases", "Object Repository/Canine/StatBar/Canine_StatBar-Samples", "Object Repository/Canine/StatBar/Canine_StatBar-CaseFiles", "Object Repository/Canine/StatBar/Canine_StatBar-StudyFiles"): ctdc.utilities.runtestcaseforKatalon.readStatBarCanine is PASSED

2022-04-07 12:14:45 - [MESSAGE][PASSED] - ctdc.utilities.runtestcaseforKatalon.readStatBarCanine is PASSED

2022-04-07 12:14:45 - [TEST_STEP][PASSED] - waitForElementPresent(findTestObject("Object Repository/Canine/CanineResults_Cases_Tab"), 5): Object 'Object Repository/Canine/CanineResults_Cases_Tab' is present

2022-04-07 12:14:45 - [MESSAGE][PASSED] - Object 'Object Repository/Canine/CanineResults_Cases_Tab' is present

2022-04-07 12:14:45 - [TEST_STEP][PASSED] - ctdc.utilities.runtestcaseforKatalon.clickTab("Object Repository/Canine/CanineResults_Cases_Tab"): ctdc.utilities.runtestcaseforKatalon.clickTab is PASSED

2022-04-07 12:14:45 - [MESSAGE][PASSED] - ctdc.utilities.runtestcaseforKatalon.clickTab is PASSED

2022-04-07 12:14:45 - [TEST_STEP][PASSED] - ctdc.utilities.runtestcaseforKatalon.multiFunction("ICDC", G_StatBar_Cases, "Object Repository/Canine/Canine_CasesTable", "Object Repository/Canine/Canine_TableHeader", "Object Repository/Canine/Canine_CasesTabNextBtn", G_WebTabnameCases, G_CypherTabnameCases, G_QueryCasesTab): Statbar Study Files count matches

2022-04-07 12:15:09 - [MESSAGE][PASSED] - Statbar Programs count matches

2022-04-07 12:15:09 - [MESSAGE][PASSED] - Statbar Studies count matches

2022-04-07 12:15:09 - [MESSAGE][PASSED] - Statbar Cases count matches

2022-04-07 12:15:09 - [MESSAGE][PASSED] - Statbar Samples count matches

2022-04-07 12:15:09 - [MESSAGE][PASSED] - Statbar Case Files count matches

2022-04-07 12:15:09 - [MESSAGE][PASSED] - Statbar Study Files count matches

2022-04-07 12:15:09 - [TEST_STEP][PASSED] - closeBrowser(): Browser is closed

2022-04-07 12:15:09 - [MESSAGE][PASSED] - Browser is closed]]></system-out>
         <system-err><![CDATA[]]></system-err>
      </testcase>
      <testcase name="Test Cases/Canine_TestCases/StudyCombinations/Study-Combinations-OSA01/TC36_Canine_StudyOSA01-NeutStatus" time="72.453" classname="Test Cases/Canine_TestCases/StudyCombinations/Study-Combinations-OSA01/TC36_Canine_StudyOSA01-NeutStatus" status="PASSED">
         <system-out><![CDATA[2022-04-07 12:15:09 - [TEST_CASE][PASSED] - Test Cases/Canine_TestCases/StudyCombinations/Study-Combinations-OSA01/TC36_Canine_StudyOSA01-NeutStatus: Test Cases/Canine_TestCases/StudyCombinations/Study-Combinations-OSA01/TC36_Canine_StudyOSA01-NeutStatus

2022-04-07 12:15:09 - [TEST_STEP][PASSED] - Start listener action : getTestScriptName: null

2022-04-07 12:15:09 - [TEST_STEP][PASSED] - TestCaseId = testCaseContext.getTestCaseId(): null

2022-04-07 12:15:09 - [TEST_STEP][PASSED] - out.println("**********this is the value of test case id string******** " + testCaseContext.getTestCaseId()): null

2022-04-07 12:15:09 - [TEST_STEP][PASSED] - G_currentTCName = TestCaseId.substring(TestCaseId.lastIndexOf("TC")): null

2022-04-07 12:15:09 - [TEST_STEP][PASSED] - out.println("This is the test case name : " + G_currentTCName): null

2022-04-07 12:15:10 - [TEST_STEP][PASSED] - closeBrowser(): Browser is closed

2022-04-07 12:15:10 - [MESSAGE][PASSED] - Browser is closed

2022-04-07 12:15:10 - [TEST_STEP][PASSED] - "Driver opened by Katalon is used in Selenium from this step.": null

2022-04-07 12:15:10 - [TEST_STEP][PASSED] - ctdc.utilities.runtestcaseforKatalon.RunKatalon("TC36_Canine_StudyOSA01-NeutStatus.xlsx"): Data loaded from input file for the test case. 

2022-04-07 12:15:10 - [MESSAGE][PASSED] - Test case file loaded This is the full filepath after converting to string :C:\Users\sohilz2\Desktop\Commons_Automation\InputFiles\TC36_Canine_StudyOSA01-NeutStatus.xlsx

2022-04-07 12:15:10 - [MESSAGE][INFO] - Global variable set for password file is :  C:\Users\sohilz2\Desktop\Commons_Automation\InputFiles\TC36_Canine_StudyOSA01-NeutStatus.xlsx

2022-04-07 12:15:14 - [MESSAGE][PASSED] - Data loaded from input file for the test case. 

2022-04-07 12:15:28 - [TEST_STEP][PASSED] - waitForElementPresent(findTestObject("Canine/NavBar/Canine_Cases_Btn"), 20): Object 'Object Repository/Canine/NavBar/Canine_Cases_Btn' is present

2022-04-07 12:15:29 - [MESSAGE][PASSED] - Object 'Object Repository/Canine/NavBar/Canine_Cases_Btn' is present

2022-04-07 12:15:29 - [TEST_STEP][PASSED] - ctdc.utilities.runtestcaseforKatalon.clickTab("Object Repository/Canine/Canine_PopUp_Continue_Btn"): ctdc.utilities.runtestcaseforKatalon.clickTab is PASSED

2022-04-07 12:15:29 - [MESSAGE][PASSED] - ctdc.utilities.runtestcaseforKatalon.clickTab is PASSED

2022-04-07 12:15:29 - [TEST_STEP][PASSED] - out.println("Closed the popup window"): null

2022-04-07 12:15:29 - [TEST_STEP][PASSED] - waitForElementPresent(findTestObject("Canine/NavBar/Canine_Cases_Btn"), 20): Object 'Object Repository/Canine/NavBar/Canine_Cases_Btn' is present

2022-04-07 12:15:29 - [MESSAGE][PASSED] - Object 'Object Repository/Canine/NavBar/Canine_Cases_Btn' is present

2022-04-07 12:15:29 - [TEST_STEP][PASSED] - ctdc.utilities.runtestcaseforKatalon.clickTab("Canine/NavBar/Canine_Cases_Btn"): ctdc.utilities.runtestcaseforKatalon.clickTab is PASSED

2022-04-07 12:15:29 - [MESSAGE][PASSED] - ctdc.utilities.runtestcaseforKatalon.clickTab is PASSED

2022-04-07 12:15:29 - [TEST_STEP][PASSED] - waitForElementPresent(findTestObject("Object Repository/Canine/Filter/Study/Canine_Filter_Study"), 30): Object 'Object Repository/Canine/Filter/Study/Canine_Filter_Study' is present

2022-04-07 12:15:31 - [MESSAGE][PASSED] - Object 'Object Repository/Canine/Filter/Study/Canine_Filter_Study' is present

2022-04-07 12:15:31 - [TEST_STEP][PASSED] - verifyElementPresent(findTestObject("Object Repository/Canine/Filter/Study/Canine_Filter_Study"), 5): Object 'Object Repository/Canine/Filter/Study/Canine_Filter_Study' is present

2022-04-07 12:15:31 - [MESSAGE][PASSED] - Object 'Object Repository/Canine/Filter/Study/Canine_Filter_Study' is present

2022-04-07 12:15:31 - [TEST_STEP][PASSED] - ctdc.utilities.runtestcaseforKatalon.clickTab("Object Repository/Canine/Filter/Study/Canine_Filter_Study"): ctdc.utilities.runtestcaseforKatalon.clickTab is PASSED

2022-04-07 12:15:32 - [MESSAGE][PASSED] - ctdc.utilities.runtestcaseforKatalon.clickTab is PASSED

2022-04-07 12:15:32 - [TEST_STEP][PASSED] - waitForElementPresent(findTestObject("Object Repository/Canine/Filter/Study/Canine_Filter_Study-OSA01_Chkbx"), 30): Object 'Object Repository/Canine/Filter/Study/Canine_Filter_Study-OSA01_Chkbx' is present

2022-04-07 12:15:32 - [MESSAGE][PASSED] - Object 'Object Repository/Canine/Filter/Study/Canine_Filter_Study-OSA01_Chkbx' is present

2022-04-07 12:15:32 - [TEST_STEP][PASSED] - verifyElementPresent(findTestObject("Object Repository/Canine/Filter/Study/Canine_Filter_Study-OSA01_Chkbx"), 5): Object 'Object Repository/Canine/Filter/Study/Canine_Filter_Study-OSA01_Chkbx' is present

2022-04-07 12:15:33 - [MESSAGE][PASSED] - Object 'Object Repository/Canine/Filter/Study/Canine_Filter_Study-OSA01_Chkbx' is present

2022-04-07 12:15:33 - [TEST_STEP][PASSED] - ctdc.utilities.runtestcaseforKatalon.clickTab("Object Repository/Canine/Filter/Study/Canine_Filter_Study-OSA01_Chkbx"): ctdc.utilities.runtestcaseforKatalon.clickTab is PASSED

2022-04-07 12:15:33 - [MESSAGE][PASSED] - ctdc.utilities.runtestcaseforKatalon.clickTab is PASSED

2022-04-07 12:15:33 - [TEST_STEP][PASSED] - waitForElementPresent(findTestObject("Object Repository/Canine/Filter/NeuteredStatus/NEUTEREDSTATUS_Ddn"), 30): Object 'Object Repository/Canine/Filter/NeuteredStatus/NEUTEREDSTATUS_Ddn' is present

2022-04-07 12:15:34 - [MESSAGE][PASSED] - Object 'Object Repository/Canine/Filter/NeuteredStatus/NEUTEREDSTATUS_Ddn' is present

2022-04-07 12:15:34 - [TEST_STEP][PASSED] - verifyElementPresent(findTestObject("Object Repository/Canine/Filter/NeuteredStatus/NEUTEREDSTATUS_Ddn"), 5): Object 'Object Repository/Canine/Filter/NeuteredStatus/NEUTEREDSTATUS_Ddn' is present

2022-04-07 12:15:34 - [MESSAGE][PASSED] - Object 'Object Repository/Canine/Filter/NeuteredStatus/NEUTEREDSTATUS_Ddn' is present

2022-04-07 12:15:34 - [TEST_STEP][PASSED] - ctdc.utilities.runtestcaseforKatalon.clickTabCanineStat("Object Repository/Canine/Filter/NeuteredStatus/NEUTEREDSTATUS_Ddn"): ctdc.utilities.runtestcaseforKatalon.clickTabCanineStat is PASSED

2022-04-07 12:15:36 - [MESSAGE][PASSED] - ctdc.utilities.runtestcaseforKatalon.clickTabCanineStat is PASSED

2022-04-07 12:15:36 - [TEST_STEP][PASSED] - waitForElementPresent(findTestObject("Object Repository/Canine/Filter/NeuteredStatus/Unknown_Chkbx"), 30): Object 'Object Repository/Canine/Filter/NeuteredStatus/Unknown_Chkbx' is present

2022-04-07 12:15:36 - [MESSAGE][PASSED] - Object 'Object Repository/Canine/Filter/NeuteredStatus/Unknown_Chkbx' is present

2022-04-07 12:15:36 - [TEST_STEP][PASSED] - verifyElementPresent(findTestObject("Object Repository/Canine/Filter/NeuteredStatus/Unknown_Chkbx"), 5): Object 'Object Repository/Canine/Filter/NeuteredStatus/Unknown_Chkbx' is present

2022-04-07 12:15:36 - [MESSAGE][PASSED] - Object 'Object Repository/Canine/Filter/NeuteredStatus/Unknown_Chkbx' is present

2022-04-07 12:15:36 - [TEST_STEP][PASSED] - ctdc.utilities.runtestcaseforKatalon.clickTabCanineStat("Object Repository/Canine/Filter/NeuteredStatus/Unknown_Chkbx"): ctdc.utilities.runtestcaseforKatalon.clickTabCanineStat is PASSED

2022-04-07 12:15:37 - [MESSAGE][PASSED] - ctdc.utilities.runtestcaseforKatalon.clickTabCanineStat is PASSED

2022-04-07 12:15:37 - [TEST_STEP][PASSED] - waitForElementPresent(findTestObject("Object Repository/Canine/Filter/NeuteredStatus/No_Chkbx"), 30): Object 'Object Repository/Canine/Filter/NeuteredStatus/No_Chkbx' is present

2022-04-07 12:15:38 - [MESSAGE][PASSED] - Object 'Object Repository/Canine/Filter/NeuteredStatus/No_Chkbx' is present

2022-04-07 12:15:38 - [TEST_STEP][PASSED] - verifyElementPresent(findTestObject("Object Repository/Canine/Filter/NeuteredStatus/No_Chkbx"), 5): Object 'Object Repository/Canine/Filter/NeuteredStatus/No_Chkbx' is present

2022-04-07 12:15:38 - [MESSAGE][PASSED] - Object 'Object Repository/Canine/Filter/NeuteredStatus/No_Chkbx' is present

2022-04-07 12:15:38 - [TEST_STEP][PASSED] - ctdc.utilities.runtestcaseforKatalon.clickTabCanineStat("Object Repository/Canine/Filter/NeuteredStatus/No_Chkbx"): ctdc.utilities.runtestcaseforKatalon.clickTabCanineStat is PASSED

2022-04-07 12:15:39 - [MESSAGE][PASSED] - ctdc.utilities.runtestcaseforKatalon.clickTabCanineStat is PASSED

2022-04-07 12:15:39 - [TEST_STEP][PASSED] - ctdc.utilities.runtestcaseforKatalon.readStatBarCanine("Object Repository/Canine/StatBar/Canine_StatBar-Programs", "Object Repository/Canine/StatBar/Canine_StatBar-Studies", "Object Repository/Canine/StatBar/Canine_StatBar-Cases", "Object Repository/Canine/StatBar/Canine_StatBar-Samples", "Object Repository/Canine/StatBar/Canine_StatBar-CaseFiles", "Object Repository/Canine/StatBar/Canine_StatBar-StudyFiles"): ctdc.utilities.runtestcaseforKatalon.readStatBarCanine is PASSED

2022-04-07 12:15:57 - [MESSAGE][PASSED] - ctdc.utilities.runtestcaseforKatalon.readStatBarCanine is PASSED

2022-04-07 12:15:57 - [TEST_STEP][PASSED] - waitForElementPresent(findTestObject("Object Repository/Canine/CanineResults_Cases_Tab"), 5): Object 'Object Repository/Canine/CanineResults_Cases_Tab' is present

2022-04-07 12:15:57 - [MESSAGE][PASSED] - Object 'Object Repository/Canine/CanineResults_Cases_Tab' is present

2022-04-07 12:15:57 - [TEST_STEP][PASSED] - ctdc.utilities.runtestcaseforKatalon.clickTab("Object Repository/Canine/CanineResults_Cases_Tab"): ctdc.utilities.runtestcaseforKatalon.clickTab is PASSED

2022-04-07 12:15:58 - [MESSAGE][PASSED] - ctdc.utilities.runtestcaseforKatalon.clickTab is PASSED

2022-04-07 12:15:58 - [TEST_STEP][PASSED] - ctdc.utilities.runtestcaseforKatalon.multiFunction("ICDC", G_StatBar_Cases, "Object Repository/Canine/Canine_CasesTable", "Object Repository/Canine/Canine_TableHeader", "Object Repository/Canine/Canine_CasesTabNextBtn", G_WebTabnameCases, G_CypherTabnameCases, G_QueryCasesTab): Statbar Study Files count matches

2022-04-07 12:16:21 - [MESSAGE][PASSED] - Statbar Programs count matches

2022-04-07 12:16:21 - [MESSAGE][PASSED] - Statbar Studies count matches

2022-04-07 12:16:21 - [MESSAGE][PASSED] - Statbar Cases count matches

2022-04-07 12:16:21 - [MESSAGE][PASSED] - Statbar Samples count matches

2022-04-07 12:16:21 - [MESSAGE][PASSED] - Statbar Case Files count matches

2022-04-07 12:16:21 - [MESSAGE][PASSED] - Statbar Study Files count matches

2022-04-07 12:16:21 - [TEST_STEP][PASSED] - closeBrowser(): Browser is closed

2022-04-07 12:16:22 - [MESSAGE][PASSED] - Browser is closed]]></system-out>
         <system-err><![CDATA[]]></system-err>
      </testcase>
      <testcase name="Test Cases/Canine_TestCases/StudyCombinations/Study-Combinations-OSA01/TC37_Canine_StudyOSA01-Breed-PrimaryDiseaseSite" time="178.169" classname="Test Cases/Canine_TestCases/StudyCombinations/Study-Combinations-OSA01/TC37_Canine_StudyOSA01-Breed-PrimaryDiseaseSite" status="PASSED">
         <system-out><![CDATA[2022-04-07 12:16:22 - [TEST_CASE][PASSED] - Test Cases/Canine_TestCases/StudyCombinations/Study-Combinations-OSA01/TC37_Canine_StudyOSA01-Breed-PrimaryDiseaseSite: Test Cases/Canine_TestCases/StudyCombinations/Study-Combinations-OSA01/TC37_Canine_StudyOSA01-Breed-PrimaryDiseaseSite

2022-04-07 12:16:22 - [TEST_STEP][PASSED] - Start listener action : getTestScriptName: null

2022-04-07 12:16:22 - [TEST_STEP][PASSED] - TestCaseId = testCaseContext.getTestCaseId(): null

2022-04-07 12:16:22 - [TEST_STEP][PASSED] - out.println("**********this is the value of test case id string******** " + testCaseContext.getTestCaseId()): null

2022-04-07 12:16:22 - [TEST_STEP][PASSED] - G_currentTCName = TestCaseId.substring(TestCaseId.lastIndexOf("TC")): null

2022-04-07 12:16:22 - [TEST_STEP][PASSED] - out.println("This is the test case name : " + G_currentTCName): null

2022-04-07 12:16:23 - [TEST_STEP][PASSED] - closeBrowser(): Browser is closed

2022-04-07 12:16:23 - [MESSAGE][PASSED] - Browser is closed

2022-04-07 12:16:23 - [TEST_STEP][PASSED] - "Driver opened by Katalon is used in Selenium from this step.": null

2022-04-07 12:16:23 - [TEST_STEP][PASSED] - ctdc.utilities.runtestcaseforKatalon.RunKatalon("TC37_Canine_StudyOSA01-Breed-PrimaryDiseaseSite.xlsx"): Data loaded from input file for the test case. 

2022-04-07 12:16:23 - [MESSAGE][PASSED] - Test case file loaded This is the full filepath after converting to string :C:\Users\sohilz2\Desktop\Commons_Automation\InputFiles\TC37_Canine_StudyOSA01-Breed-PrimaryDiseaseSite.xlsx

2022-04-07 12:16:23 - [MESSAGE][INFO] - Global variable set for password file is :  C:\Users\sohilz2\Desktop\Commons_Automation\InputFiles\TC37_Canine_StudyOSA01-Breed-PrimaryDiseaseSite.xlsx

2022-04-07 12:16:27 - [MESSAGE][PASSED] - Data loaded from input file for the test case. 

2022-04-07 12:17:04 - [TEST_STEP][PASSED] - waitForElementPresent(findTestObject("Canine/NavBar/Canine_Cases_Btn"), 20): Object 'Object Repository/Canine/NavBar/Canine_Cases_Btn' is present

2022-04-07 12:17:04 - [MESSAGE][PASSED] - Object 'Object Repository/Canine/NavBar/Canine_Cases_Btn' is present

2022-04-07 12:17:04 - [TEST_STEP][PASSED] - ctdc.utilities.runtestcaseforKatalon.clickTab("Object Repository/Canine/Canine_PopUp_Continue_Btn"): ctdc.utilities.runtestcaseforKatalon.clickTab is PASSED

2022-04-07 12:17:04 - [MESSAGE][PASSED] - ctdc.utilities.runtestcaseforKatalon.clickTab is PASSED

2022-04-07 12:17:04 - [TEST_STEP][PASSED] - out.println("Closed the popup window"): null

2022-04-07 12:17:04 - [TEST_STEP][PASSED] - waitForElementPresent(findTestObject("Canine/NavBar/Canine_Cases_Btn"), 20): Object 'Object Repository/Canine/NavBar/Canine_Cases_Btn' is present

2022-04-07 12:17:04 - [MESSAGE][PASSED] - Object 'Object Repository/Canine/NavBar/Canine_Cases_Btn' is present

2022-04-07 12:17:04 - [TEST_STEP][PASSED] - ctdc.utilities.runtestcaseforKatalon.clickTab("Canine/NavBar/Canine_Cases_Btn"): ctdc.utilities.runtestcaseforKatalon.clickTab is PASSED

2022-04-07 12:17:05 - [MESSAGE][PASSED] - ctdc.utilities.runtestcaseforKatalon.clickTab is PASSED

2022-04-07 12:17:05 - [TEST_STEP][PASSED] - waitForElementPresent(findTestObject("Object Repository/Canine/Filter/Study/Canine_Filter_Study"), 30): Object 'Object Repository/Canine/Filter/Study/Canine_Filter_Study' is present

2022-04-07 12:17:06 - [MESSAGE][PASSED] - Object 'Object Repository/Canine/Filter/Study/Canine_Filter_Study' is present

2022-04-07 12:17:06 - [TEST_STEP][PASSED] - verifyElementPresent(findTestObject("Object Repository/Canine/Filter/Study/Canine_Filter_Study"), 5): Object 'Object Repository/Canine/Filter/Study/Canine_Filter_Study' is present

2022-04-07 12:17:07 - [MESSAGE][PASSED] - Object 'Object Repository/Canine/Filter/Study/Canine_Filter_Study' is present

2022-04-07 12:17:07 - [TEST_STEP][PASSED] - ctdc.utilities.runtestcaseforKatalon.clickTab("Object Repository/Canine/Filter/Study/Canine_Filter_Study"): ctdc.utilities.runtestcaseforKatalon.clickTab is PASSED

2022-04-07 12:17:07 - [MESSAGE][PASSED] - ctdc.utilities.runtestcaseforKatalon.clickTab is PASSED

2022-04-07 12:17:07 - [TEST_STEP][PASSED] - waitForElementPresent(findTestObject("Object Repository/Canine/Filter/Study/Canine_Filter_Study-OSA01_Chkbx"), 30): Object 'Object Repository/Canine/Filter/Study/Canine_Filter_Study-OSA01_Chkbx' is present

2022-04-07 12:17:08 - [MESSAGE][PASSED] - Object 'Object Repository/Canine/Filter/Study/Canine_Filter_Study-OSA01_Chkbx' is present

2022-04-07 12:17:08 - [TEST_STEP][PASSED] - verifyElementPresent(findTestObject("Object Repository/Canine/Filter/Study/Canine_Filter_Study-OSA01_Chkbx"), 5): Object 'Object Repository/Canine/Filter/Study/Canine_Filter_Study-OSA01_Chkbx' is present

2022-04-07 12:17:08 - [MESSAGE][PASSED] - Object 'Object Repository/Canine/Filter/Study/Canine_Filter_Study-OSA01_Chkbx' is present

2022-04-07 12:17:08 - [TEST_STEP][PASSED] - ctdc.utilities.runtestcaseforKatalon.clickTab("Object Repository/Canine/Filter/Study/Canine_Filter_Study-OSA01_Chkbx"): ctdc.utilities.runtestcaseforKatalon.clickTab is PASSED

2022-04-07 12:17:08 - [MESSAGE][PASSED] - ctdc.utilities.runtestcaseforKatalon.clickTab is PASSED

2022-04-07 12:17:08 - [TEST_STEP][PASSED] - waitForElementPresent(findTestObject("Object Repository/Canine/Filter/Breed/BREED_Ddn"), 30): Object 'Object Repository/Canine/Filter/Breed/BREED_Ddn' is present

2022-04-07 12:17:09 - [MESSAGE][PASSED] - Object 'Object Repository/Canine/Filter/Breed/BREED_Ddn' is present

2022-04-07 12:17:09 - [TEST_STEP][PASSED] - verifyElementPresent(findTestObject("Object Repository/Canine/Filter/Breed/BREED_Ddn"), 5): Object 'Object Repository/Canine/Filter/Breed/BREED_Ddn' is present

2022-04-07 12:17:10 - [MESSAGE][PASSED] - Object 'Object Repository/Canine/Filter/Breed/BREED_Ddn' is present

2022-04-07 12:17:10 - [TEST_STEP][PASSED] - ctdc.utilities.runtestcaseforKatalon.clickTab("Object Repository/Canine/Filter/Breed/BREED_Ddn"): ctdc.utilities.runtestcaseforKatalon.clickTab is PASSED

2022-04-07 12:17:10 - [MESSAGE][PASSED] - ctdc.utilities.runtestcaseforKatalon.clickTab is PASSED

2022-04-07 12:17:10 - [TEST_STEP][PASSED] - waitForElementPresent(findTestObject("Object Repository/Canine/Filter/Breed/GoldenRetr_Chkbx"), 30): Object 'Object Repository/Canine/Filter/Breed/GoldenRetr_Chkbx' is present

2022-04-07 12:17:10 - [MESSAGE][PASSED] - Object 'Object Repository/Canine/Filter/Breed/GoldenRetr_Chkbx' is present

2022-04-07 12:17:10 - [TEST_STEP][PASSED] - verifyElementPresent(findTestObject("Object Repository/Canine/Filter/Breed/GoldenRetr_Chkbx"), 5): Object 'Object Repository/Canine/Filter/Breed/GoldenRetr_Chkbx' is present

2022-04-07 12:17:10 - [MESSAGE][PASSED] - Object 'Object Repository/Canine/Filter/Breed/GoldenRetr_Chkbx' is present

2022-04-07 12:17:10 - [TEST_STEP][PASSED] - ctdc.utilities.runtestcaseforKatalon.clickTabCanineStat("Object Repository/Canine/Filter/Breed/GoldenRetr_Chkbx"): ctdc.utilities.runtestcaseforKatalon.clickTabCanineStat is PASSED

2022-04-07 12:17:12 - [MESSAGE][PASSED] - ctdc.utilities.runtestcaseforKatalon.clickTabCanineStat is PASSED

2022-04-07 12:17:12 - [TEST_STEP][PASSED] - waitForElementPresent(findTestObject("Object Repository/Canine/Filter/Breed/Rottweiler_Chkbx"), 30): Object 'Object Repository/Canine/Filter/Breed/Rottweiler_Chkbx' is present

2022-04-07 12:17:12 - [MESSAGE][PASSED] - Object 'Object Repository/Canine/Filter/Breed/Rottweiler_Chkbx' is present

2022-04-07 12:17:12 - [TEST_STEP][PASSED] - verifyElementPresent(findTestObject("Object Repository/Canine/Filter/Breed/Rottweiler_Chkbx"), 5): Object 'Object Repository/Canine/Filter/Breed/Rottweiler_Chkbx' is present

2022-04-07 12:17:12 - [MESSAGE][PASSED] - Object 'Object Repository/Canine/Filter/Breed/Rottweiler_Chkbx' is present

2022-04-07 12:17:12 - [TEST_STEP][PASSED] - ctdc.utilities.runtestcaseforKatalon.clickTabCanineStat("Object Repository/Canine/Filter/Breed/Rottweiler_Chkbx"): ctdc.utilities.runtestcaseforKatalon.clickTabCanineStat is PASSED

2022-04-07 12:17:13 - [MESSAGE][PASSED] - ctdc.utilities.runtestcaseforKatalon.clickTabCanineStat is PASSED

2022-04-07 12:17:13 - [TEST_STEP][PASSED] - waitForElementPresent(findTestObject("Object Repository/Canine/Filter/PrimDiseaseSite/PRIMARYDISEASESITE_Ddn"), 30): Object 'Object Repository/Canine/Filter/PrimDiseaseSite/PRIMARYDISEASESITE_Ddn' is present

2022-04-07 12:17:13 - [MESSAGE][PASSED] - Object 'Object Repository/Canine/Filter/PrimDiseaseSite/PRIMARYDISEASESITE_Ddn' is present

2022-04-07 12:17:13 - [TEST_STEP][PASSED] - verifyElementPresent(findTestObject("Object Repository/Canine/Filter/PrimDiseaseSite/PRIMARYDISEASESITE_Ddn"), 5): Object 'Object Repository/Canine/Filter/PrimDiseaseSite/PRIMARYDISEASESITE_Ddn' is present

2022-04-07 12:17:14 - [MESSAGE][PASSED] - Object 'Object Repository/Canine/Filter/PrimDiseaseSite/PRIMARYDISEASESITE_Ddn' is present

2022-04-07 12:17:14 - [TEST_STEP][PASSED] - ctdc.utilities.runtestcaseforKatalon.clickTab("Object Repository/Canine/Filter/PrimDiseaseSite/PRIMARYDISEASESITE_Ddn"): ctdc.utilities.runtestcaseforKatalon.clickTab is PASSED

2022-04-07 12:17:14 - [MESSAGE][PASSED] - ctdc.utilities.runtestcaseforKatalon.clickTab is PASSED

2022-04-07 12:17:14 - [TEST_STEP][PASSED] - waitForElementPresent(findTestObject("Object Repository/Canine/Filter/PrimDiseaseSite/BoneApendicular_Chkbx"), 30): Object 'Object Repository/Canine/Filter/PrimDiseaseSite/BoneApendicular_Chkbx' is present

2022-04-07 12:17:14 - [MESSAGE][PASSED] - Object 'Object Repository/Canine/Filter/PrimDiseaseSite/BoneApendicular_Chkbx' is present

2022-04-07 12:17:14 - [TEST_STEP][PASSED] - verifyElementPresent(findTestObject("Object Repository/Canine/Filter/PrimDiseaseSite/BoneApendicular_Chkbx"), 5): Object 'Object Repository/Canine/Filter/PrimDiseaseSite/BoneApendicular_Chkbx' is present

2022-04-07 12:17:14 - [MESSAGE][PASSED] - Object 'Object Repository/Canine/Filter/PrimDiseaseSite/BoneApendicular_Chkbx' is present

2022-04-07 12:17:14 - [TEST_STEP][PASSED] - ctdc.utilities.runtestcaseforKatalon.clickTabCanineStat("Object Repository/Canine/Filter/PrimDiseaseSite/BoneApendicular_Chkbx"): ctdc.utilities.runtestcaseforKatalon.clickTabCanineStat is PASSED

2022-04-07 12:17:16 - [MESSAGE][PASSED] - ctdc.utilities.runtestcaseforKatalon.clickTabCanineStat is PASSED

2022-04-07 12:17:16 - [TEST_STEP][PASSED] - ctdc.utilities.runtestcaseforKatalon.readStatBarCanine("Object Repository/Canine/StatBar/Canine_StatBar-Programs", "Object Repository/Canine/StatBar/Canine_StatBar-Studies", "Object Repository/Canine/StatBar/Canine_StatBar-Cases", "Object Repository/Canine/StatBar/Canine_StatBar-Samples", "Object Repository/Canine/StatBar/Canine_StatBar-CaseFiles", "Object Repository/Canine/StatBar/Canine_StatBar-StudyFiles"): ctdc.utilities.runtestcaseforKatalon.readStatBarCanine is PASSED

2022-04-07 12:17:34 - [MESSAGE][PASSED] - ctdc.utilities.runtestcaseforKatalon.readStatBarCanine is PASSED

2022-04-07 12:17:34 - [TEST_STEP][PASSED] - waitForElementPresent(findTestObject("Object Repository/Canine/CanineResults_Cases_Tab"), 5): Object 'Object Repository/Canine/CanineResults_Cases_Tab' is present

2022-04-07 12:17:35 - [MESSAGE][PASSED] - Object 'Object Repository/Canine/CanineResults_Cases_Tab' is present

2022-04-07 12:17:35 - [TEST_STEP][PASSED] - ctdc.utilities.runtestcaseforKatalon.clickTab("Object Repository/Canine/CanineResults_Cases_Tab"): ctdc.utilities.runtestcaseforKatalon.clickTab is PASSED

2022-04-07 12:17:35 - [MESSAGE][PASSED] - ctdc.utilities.runtestcaseforKatalon.clickTab is PASSED

2022-04-07 12:17:35 - [TEST_STEP][PASSED] - ctdc.utilities.runtestcaseforKatalon.multiFunction("ICDC", G_StatBar_Cases, "Object Repository/Canine/Canine_CasesTable", "Object Repository/Canine/Canine_TableHeader", "Object Repository/Canine/Canine_CasesTabNextBtn", G_WebTabnameCases, G_CypherTabnameCases, G_QueryCasesTab): Statbar Study Files count matches

2022-04-07 12:18:17 - [MESSAGE][PASSED] - Statbar Programs count matches

2022-04-07 12:18:17 - [MESSAGE][PASSED] - Statbar Studies count matches

2022-04-07 12:18:17 - [MESSAGE][PASSED] - Statbar Cases count matches

2022-04-07 12:18:17 - [MESSAGE][PASSED] - Statbar Samples count matches

2022-04-07 12:18:17 - [MESSAGE][PASSED] - Statbar Case Files count matches

2022-04-07 12:18:17 - [MESSAGE][PASSED] - Statbar Study Files count matches

2022-04-07 12:18:17 - [TEST_STEP][PASSED] - waitForElementPresent(findTestObject("Object Repository/Canine/CanineResults_Samples_Tab"), 5): Object 'Object Repository/Canine/CanineResults_Samples_Tab' is present

2022-04-07 12:18:17 - [MESSAGE][PASSED] - Object 'Object Repository/Canine/CanineResults_Samples_Tab' is present

2022-04-07 12:18:17 - [TEST_STEP][PASSED] - ctdc.utilities.runtestcaseforKatalon.clickTab("Object Repository/Canine/CanineResults_Samples_Tab"): ctdc.utilities.runtestcaseforKatalon.clickTab is PASSED

2022-04-07 12:18:18 - [MESSAGE][PASSED] - ctdc.utilities.runtestcaseforKatalon.clickTab is PASSED

2022-04-07 12:18:18 - [TEST_STEP][PASSED] - ctdc.utilities.runtestcaseforKatalon.multiFunction("ICDC", G_StatBar_Samples, "Object Repository/Canine/Canine_Samples_Table", "Object Repository/Canine/Canine_Samples_TableHdr", "Object Repository/Canine/Canine_SamplesTabNextBtn", G_WebTabnameSamples, G_CypherTabnameSamples, G_QuerySamplesTab): Statbar Study Files count matches

2022-04-07 12:19:19 - [MESSAGE][PASSED] - Statbar Programs count matches

2022-04-07 12:19:19 - [MESSAGE][PASSED] - Statbar Studies count matches

2022-04-07 12:19:19 - [MESSAGE][PASSED] - Statbar Cases count matches

2022-04-07 12:19:19 - [MESSAGE][PASSED] - Statbar Samples count matches

2022-04-07 12:19:19 - [MESSAGE][PASSED] - Statbar Case Files count matches

2022-04-07 12:19:19 - [MESSAGE][PASSED] - Statbar Study Files count matches

2022-04-07 12:19:19 - [TEST_STEP][PASSED] - closeBrowser(): Browser is closed

2022-04-07 12:19:20 - [MESSAGE][PASSED] - Browser is closed]]></system-out>
         <system-err><![CDATA[]]></system-err>
      </testcase>
      <testcase name="Test Cases/Canine_TestCases/StudyCombinations/Study-Combinations-OSA01/TC38_Canine_StudyOSA01-PrimaryDiseaseSite" time="415.731" classname="Test Cases/Canine_TestCases/StudyCombinations/Study-Combinations-OSA01/TC38_Canine_StudyOSA01-PrimaryDiseaseSite" status="PASSED">
         <system-out><![CDATA[2022-04-07 12:19:20 - [TEST_CASE][PASSED] - Test Cases/Canine_TestCases/StudyCombinations/Study-Combinations-OSA01/TC38_Canine_StudyOSA01-PrimaryDiseaseSite: Test Cases/Canine_TestCases/StudyCombinations/Study-Combinations-OSA01/TC38_Canine_StudyOSA01-PrimaryDiseaseSite

2022-04-07 12:19:20 - [TEST_STEP][PASSED] - Start listener action : getTestScriptName: null

2022-04-07 12:19:20 - [TEST_STEP][PASSED] - TestCaseId = testCaseContext.getTestCaseId(): null

2022-04-07 12:19:20 - [TEST_STEP][PASSED] - out.println("**********this is the value of test case id string******** " + testCaseContext.getTestCaseId()): null

2022-04-07 12:19:20 - [TEST_STEP][PASSED] - G_currentTCName = TestCaseId.substring(TestCaseId.lastIndexOf("TC")): null

2022-04-07 12:19:20 - [TEST_STEP][PASSED] - out.println("This is the test case name : " + G_currentTCName): null

2022-04-07 12:19:20 - [TEST_STEP][PASSED] - closeBrowser(): Browser is closed

2022-04-07 12:19:20 - [MESSAGE][PASSED] - Browser is closed

2022-04-07 12:19:20 - [TEST_STEP][PASSED] - "Driver opened by Katalon is used in Selenium from this step.": null

2022-04-07 12:19:20 - [TEST_STEP][PASSED] - ctdc.utilities.runtestcaseforKatalon.RunKatalon("TC38_Canine_StudyOSA01-PrimaryDiseaseSite.xlsx"): Data loaded from input file for the test case. 

2022-04-07 12:19:20 - [MESSAGE][PASSED] - Test case file loaded This is the full filepath after converting to string :C:\Users\sohilz2\Desktop\Commons_Automation\InputFiles\TC38_Canine_StudyOSA01-PrimaryDiseaseSite.xlsx

2022-04-07 12:19:20 - [MESSAGE][INFO] - Global variable set for password file is :  C:\Users\sohilz2\Desktop\Commons_Automation\InputFiles\TC38_Canine_StudyOSA01-PrimaryDiseaseSite.xlsx

2022-04-07 12:19:24 - [MESSAGE][PASSED] - Data loaded from input file for the test case. 

2022-04-07 12:19:57 - [TEST_STEP][PASSED] - waitForElementPresent(findTestObject("Canine/NavBar/Canine_Cases_Btn"), 20): Object 'Object Repository/Canine/NavBar/Canine_Cases_Btn' is present

2022-04-07 12:19:57 - [MESSAGE][PASSED] - Object 'Object Repository/Canine/NavBar/Canine_Cases_Btn' is present

2022-04-07 12:19:57 - [TEST_STEP][PASSED] - ctdc.utilities.runtestcaseforKatalon.clickTab("Object Repository/Canine/Canine_PopUp_Continue_Btn"): ctdc.utilities.runtestcaseforKatalon.clickTab is PASSED

2022-04-07 12:19:57 - [MESSAGE][PASSED] - ctdc.utilities.runtestcaseforKatalon.clickTab is PASSED

2022-04-07 12:19:57 - [TEST_STEP][PASSED] - out.println("Closed the popup window"): null

2022-04-07 12:19:57 - [TEST_STEP][PASSED] - waitForElementPresent(findTestObject("Canine/NavBar/Canine_Cases_Btn"), 20): Object 'Object Repository/Canine/NavBar/Canine_Cases_Btn' is present

2022-04-07 12:19:58 - [MESSAGE][PASSED] - Object 'Object Repository/Canine/NavBar/Canine_Cases_Btn' is present

2022-04-07 12:19:58 - [TEST_STEP][PASSED] - ctdc.utilities.runtestcaseforKatalon.clickTab("Canine/NavBar/Canine_Cases_Btn"): ctdc.utilities.runtestcaseforKatalon.clickTab is PASSED

2022-04-07 12:19:58 - [MESSAGE][PASSED] - ctdc.utilities.runtestcaseforKatalon.clickTab is PASSED

2022-04-07 12:19:58 - [TEST_STEP][PASSED] - waitForElementPresent(findTestObject("Object Repository/Canine/Filter/Study/Canine_Filter_Study"), 30): Object 'Object Repository/Canine/Filter/Study/Canine_Filter_Study' is present

2022-04-07 12:19:59 - [MESSAGE][PASSED] - Object 'Object Repository/Canine/Filter/Study/Canine_Filter_Study' is present

2022-04-07 12:19:59 - [TEST_STEP][PASSED] - verifyElementPresent(findTestObject("Object Repository/Canine/Filter/Study/Canine_Filter_Study"), 5): Object 'Object Repository/Canine/Filter/Study/Canine_Filter_Study' is present

2022-04-07 12:19:59 - [MESSAGE][PASSED] - Object 'Object Repository/Canine/Filter/Study/Canine_Filter_Study' is present

2022-04-07 12:19:59 - [TEST_STEP][PASSED] - ctdc.utilities.runtestcaseforKatalon.clickTab("Object Repository/Canine/Filter/Study/Canine_Filter_Study"): ctdc.utilities.runtestcaseforKatalon.clickTab is PASSED

2022-04-07 12:19:59 - [MESSAGE][PASSED] - ctdc.utilities.runtestcaseforKatalon.clickTab is PASSED

2022-04-07 12:19:59 - [TEST_STEP][PASSED] - waitForElementPresent(findTestObject("Object Repository/Canine/Filter/Study/Canine_Filter_Study-OSA01_Chkbx"), 30): Object 'Object Repository/Canine/Filter/Study/Canine_Filter_Study-OSA01_Chkbx' is present

2022-04-07 12:20:00 - [MESSAGE][PASSED] - Object 'Object Repository/Canine/Filter/Study/Canine_Filter_Study-OSA01_Chkbx' is present

2022-04-07 12:20:00 - [TEST_STEP][PASSED] - verifyElementPresent(findTestObject("Object Repository/Canine/Filter/Study/Canine_Filter_Study-OSA01_Chkbx"), 5): Object 'Object Repository/Canine/Filter/Study/Canine_Filter_Study-OSA01_Chkbx' is present

2022-04-07 12:20:00 - [MESSAGE][PASSED] - Object 'Object Repository/Canine/Filter/Study/Canine_Filter_Study-OSA01_Chkbx' is present

2022-04-07 12:20:00 - [TEST_STEP][PASSED] - ctdc.utilities.runtestcaseforKatalon.clickTab("Object Repository/Canine/Filter/Study/Canine_Filter_Study-OSA01_Chkbx"): ctdc.utilities.runtestcaseforKatalon.clickTab is PASSED

2022-04-07 12:20:00 - [MESSAGE][PASSED] - ctdc.utilities.runtestcaseforKatalon.clickTab is PASSED

2022-04-07 12:20:00 - [TEST_STEP][PASSED] - waitForElementPresent(findTestObject("Object Repository/Canine/Filter/PrimDiseaseSite/PRIMARYDISEASESITE_Ddn"), 30): Object 'Object Repository/Canine/Filter/PrimDiseaseSite/PRIMARYDISEASESITE_Ddn' is present

2022-04-07 12:20:01 - [MESSAGE][PASSED] - Object 'Object Repository/Canine/Filter/PrimDiseaseSite/PRIMARYDISEASESITE_Ddn' is present

2022-04-07 12:20:01 - [TEST_STEP][PASSED] - verifyElementPresent(findTestObject("Object Repository/Canine/Filter/PrimDiseaseSite/PRIMARYDISEASESITE_Ddn"), 5): Object 'Object Repository/Canine/Filter/PrimDiseaseSite/PRIMARYDISEASESITE_Ddn' is present

2022-04-07 12:20:01 - [MESSAGE][PASSED] - Object 'Object Repository/Canine/Filter/PrimDiseaseSite/PRIMARYDISEASESITE_Ddn' is present

2022-04-07 12:20:01 - [TEST_STEP][PASSED] - ctdc.utilities.runtestcaseforKatalon.clickTab("Object Repository/Canine/Filter/PrimDiseaseSite/PRIMARYDISEASESITE_Ddn"): ctdc.utilities.runtestcaseforKatalon.clickTab is PASSED

2022-04-07 12:20:01 - [MESSAGE][PASSED] - ctdc.utilities.runtestcaseforKatalon.clickTab is PASSED

2022-04-07 12:20:01 - [TEST_STEP][PASSED] - waitForElementPresent(findTestObject("Object Repository/Canine/Filter/PrimDiseaseSite/BoneApendicular_Chkbx"), 30): Object 'Object Repository/Canine/Filter/PrimDiseaseSite/BoneApendicular_Chkbx' is present

2022-04-07 12:20:01 - [MESSAGE][PASSED] - Object 'Object Repository/Canine/Filter/PrimDiseaseSite/BoneApendicular_Chkbx' is present

2022-04-07 12:20:01 - [TEST_STEP][PASSED] - verifyElementPresent(findTestObject("Object Repository/Canine/Filter/PrimDiseaseSite/BoneApendicular_Chkbx"), 5): Object 'Object Repository/Canine/Filter/PrimDiseaseSite/BoneApendicular_Chkbx' is present

2022-04-07 12:20:01 - [MESSAGE][PASSED] - Object 'Object Repository/Canine/Filter/PrimDiseaseSite/BoneApendicular_Chkbx' is present

2022-04-07 12:20:01 - [TEST_STEP][PASSED] - ctdc.utilities.runtestcaseforKatalon.clickTabCanineStat("Object Repository/Canine/Filter/PrimDiseaseSite/BoneApendicular_Chkbx"): ctdc.utilities.runtestcaseforKatalon.clickTabCanineStat is PASSED

2022-04-07 12:20:03 - [MESSAGE][PASSED] - ctdc.utilities.runtestcaseforKatalon.clickTabCanineStat is PASSED

2022-04-07 12:20:03 - [TEST_STEP][PASSED] - ctdc.utilities.runtestcaseforKatalon.readStatBarCanine("Object Repository/Canine/StatBar/Canine_StatBar-Programs", "Object Repository/Canine/StatBar/Canine_StatBar-Studies", "Object Repository/Canine/StatBar/Canine_StatBar-Cases", "Object Repository/Canine/StatBar/Canine_StatBar-Samples", "Object Repository/Canine/StatBar/Canine_StatBar-CaseFiles", "Object Repository/Canine/StatBar/Canine_StatBar-StudyFiles"): ctdc.utilities.runtestcaseforKatalon.readStatBarCanine is PASSED

2022-04-07 12:20:20 - [MESSAGE][PASSED] - ctdc.utilities.runtestcaseforKatalon.readStatBarCanine is PASSED

2022-04-07 12:20:20 - [TEST_STEP][PASSED] - waitForElementPresent(findTestObject("Object Repository/Canine/CanineResults_Cases_Tab"), 5): Object 'Object Repository/Canine/CanineResults_Cases_Tab' is present

2022-04-07 12:20:21 - [MESSAGE][PASSED] - Object 'Object Repository/Canine/CanineResults_Cases_Tab' is present

2022-04-07 12:20:21 - [TEST_STEP][PASSED] - ctdc.utilities.runtestcaseforKatalon.clickTab("Object Repository/Canine/CanineResults_Cases_Tab"): ctdc.utilities.runtestcaseforKatalon.clickTab is PASSED

2022-04-07 12:20:21 - [MESSAGE][PASSED] - ctdc.utilities.runtestcaseforKatalon.clickTab is PASSED

2022-04-07 12:20:21 - [TEST_STEP][PASSED] - ctdc.utilities.runtestcaseforKatalon.multiFunction("ICDC", G_StatBar_Cases, "Object Repository/Canine/Canine_CasesTable", "Object Repository/Canine/Canine_TableHeader", "Object Repository/Canine/Canine_CasesTabNextBtn", G_WebTabnameCases, G_CypherTabnameCases, G_QueryCasesTab): Statbar Study Files count matches

2022-04-07 12:22:07 - [MESSAGE][PASSED] - Statbar Programs count matches

2022-04-07 12:22:07 - [MESSAGE][PASSED] - Statbar Studies count matches

2022-04-07 12:22:07 - [MESSAGE][PASSED] - Statbar Cases count matches

2022-04-07 12:22:07 - [MESSAGE][PASSED] - Statbar Samples count matches

2022-04-07 12:22:07 - [MESSAGE][PASSED] - Statbar Case Files count matches

2022-04-07 12:22:07 - [MESSAGE][PASSED] - Statbar Study Files count matches

2022-04-07 12:22:07 - [TEST_STEP][PASSED] - waitForElementPresent(findTestObject("Object Repository/Canine/CanineResults_Samples_Tab"), 5): Object 'Object Repository/Canine/CanineResults_Samples_Tab' is present

2022-04-07 12:22:07 - [MESSAGE][PASSED] - Object 'Object Repository/Canine/CanineResults_Samples_Tab' is present

2022-04-07 12:22:07 - [TEST_STEP][PASSED] - ctdc.utilities.runtestcaseforKatalon.clickTab("Object Repository/Canine/CanineResults_Samples_Tab"): ctdc.utilities.runtestcaseforKatalon.clickTab is PASSED

2022-04-07 12:22:08 - [MESSAGE][PASSED] - ctdc.utilities.runtestcaseforKatalon.clickTab is PASSED

2022-04-07 12:22:08 - [TEST_STEP][PASSED] - ctdc.utilities.runtestcaseforKatalon.multiFunction("ICDC", G_StatBar_Samples, "Object Repository/Canine/Canine_Samples_Table", "Object Repository/Canine/Canine_Samples_TableHdr", "Object Repository/Canine/Canine_SamplesTabNextBtn", G_WebTabnameSamples, G_CypherTabnameSamples, G_QuerySamplesTab): Statbar Study Files count matches

2022-04-07 12:26:15 - [MESSAGE][PASSED] - Statbar Programs count matches

2022-04-07 12:26:15 - [MESSAGE][PASSED] - Statbar Studies count matches

2022-04-07 12:26:15 - [MESSAGE][PASSED] - Statbar Cases count matches

2022-04-07 12:26:15 - [MESSAGE][PASSED] - Statbar Samples count matches

2022-04-07 12:26:15 - [MESSAGE][PASSED] - Statbar Case Files count matches

2022-04-07 12:26:15 - [MESSAGE][PASSED] - Statbar Study Files count matches

2022-04-07 12:26:15 - [TEST_STEP][PASSED] - closeBrowser(): Browser is closed

2022-04-07 12:26:16 - [MESSAGE][PASSED] - Browser is closed]]></system-out>
         <system-err><![CDATA[]]></system-err>
      </testcase>
      <testcase name="Test Cases/Canine_TestCases/StudyCombinations/Study-Combinations-OSA01/TC39_Canine_StudyOSA01-PrimaryDiseaseSite-StageOfDisease" time="394.017" classname="Test Cases/Canine_TestCases/StudyCombinations/Study-Combinations-OSA01/TC39_Canine_StudyOSA01-PrimaryDiseaseSite-StageOfDisease" status="PASSED">
         <system-out><![CDATA[2022-04-07 12:26:16 - [TEST_CASE][PASSED] - Test Cases/Canine_TestCases/StudyCombinations/Study-Combinations-OSA01/TC39_Canine_StudyOSA01-PrimaryDiseaseSite-StageOfDisease: Test Cases/Canine_TestCases/StudyCombinations/Study-Combinations-OSA01/TC39_Canine_StudyOSA01-PrimaryDiseaseSite-StageOfDisease

2022-04-07 12:26:16 - [TEST_STEP][PASSED] - Start listener action : getTestScriptName: null

2022-04-07 12:26:16 - [TEST_STEP][PASSED] - TestCaseId = testCaseContext.getTestCaseId(): null

2022-04-07 12:26:16 - [TEST_STEP][PASSED] - out.println("**********this is the value of test case id string******** " + testCaseContext.getTestCaseId()): null

2022-04-07 12:26:16 - [TEST_STEP][PASSED] - G_currentTCName = TestCaseId.substring(TestCaseId.lastIndexOf("TC")): null

2022-04-07 12:26:16 - [TEST_STEP][PASSED] - out.println("This is the test case name : " + G_currentTCName): null

2022-04-07 12:26:16 - [TEST_STEP][PASSED] - closeBrowser(): Browser is closed

2022-04-07 12:26:16 - [MESSAGE][PASSED] - Browser is closed

2022-04-07 12:26:16 - [TEST_STEP][PASSED] - "Driver opened by Katalon is used in Selenium from this step.": null

2022-04-07 12:26:16 - [TEST_STEP][PASSED] - ctdc.utilities.runtestcaseforKatalon.RunKatalon("TC39_Canine_StudyOSA01-PrimaryDiseaseSite-StageOfDisease.xlsx"): Data loaded from input file for the test case. 

2022-04-07 12:26:16 - [MESSAGE][PASSED] - Test case file loaded This is the full filepath after converting to string :C:\Users\sohilz2\Desktop\Commons_Automation\InputFiles\TC39_Canine_StudyOSA01-PrimaryDiseaseSite-StageOfDisease.xlsx

2022-04-07 12:26:16 - [MESSAGE][INFO] - Global variable set for password file is :  C:\Users\sohilz2\Desktop\Commons_Automation\InputFiles\TC39_Canine_StudyOSA01-PrimaryDiseaseSite-StageOfDisease.xlsx

2022-04-07 12:26:20 - [MESSAGE][PASSED] - Data loaded from input file for the test case. 

2022-04-07 12:26:36 - [TEST_STEP][PASSED] - waitForElementPresent(findTestObject("Canine/NavBar/Canine_Cases_Btn"), 20): Object 'Object Repository/Canine/NavBar/Canine_Cases_Btn' is present

2022-04-07 12:26:36 - [MESSAGE][PASSED] - Object 'Object Repository/Canine/NavBar/Canine_Cases_Btn' is present

2022-04-07 12:26:36 - [TEST_STEP][PASSED] - ctdc.utilities.runtestcaseforKatalon.clickTab("Object Repository/Canine/Canine_PopUp_Continue_Btn"): ctdc.utilities.runtestcaseforKatalon.clickTab is PASSED

2022-04-07 12:26:36 - [MESSAGE][PASSED] - ctdc.utilities.runtestcaseforKatalon.clickTab is PASSED

2022-04-07 12:26:36 - [TEST_STEP][PASSED] - out.println("Closed the popup window"): null

2022-04-07 12:26:36 - [TEST_STEP][PASSED] - waitForElementPresent(findTestObject("Canine/NavBar/Canine_Cases_Btn"), 20): Object 'Object Repository/Canine/NavBar/Canine_Cases_Btn' is present

2022-04-07 12:26:36 - [MESSAGE][PASSED] - Object 'Object Repository/Canine/NavBar/Canine_Cases_Btn' is present

2022-04-07 12:26:36 - [TEST_STEP][PASSED] - ctdc.utilities.runtestcaseforKatalon.clickTab("Canine/NavBar/Canine_Cases_Btn"): ctdc.utilities.runtestcaseforKatalon.clickTab is PASSED

2022-04-07 12:26:37 - [MESSAGE][PASSED] - ctdc.utilities.runtestcaseforKatalon.clickTab is PASSED

2022-04-07 12:26:37 - [TEST_STEP][PASSED] - waitForElementPresent(findTestObject("Object Repository/Canine/Filter/Study/Canine_Filter_Study"), 30): Object 'Object Repository/Canine/Filter/Study/Canine_Filter_Study' is present

2022-04-07 12:26:37 - [MESSAGE][PASSED] - Object 'Object Repository/Canine/Filter/Study/Canine_Filter_Study' is present

2022-04-07 12:26:37 - [TEST_STEP][PASSED] - verifyElementPresent(findTestObject("Object Repository/Canine/Filter/Study/Canine_Filter_Study"), 5): Object 'Object Repository/Canine/Filter/Study/Canine_Filter_Study' is present

2022-04-07 12:26:38 - [MESSAGE][PASSED] - Object 'Object Repository/Canine/Filter/Study/Canine_Filter_Study' is present

2022-04-07 12:26:38 - [TEST_STEP][PASSED] - ctdc.utilities.runtestcaseforKatalon.clickTab("Object Repository/Canine/Filter/Study/Canine_Filter_Study"): ctdc.utilities.runtestcaseforKatalon.clickTab is PASSED

2022-04-07 12:26:38 - [MESSAGE][PASSED] - ctdc.utilities.runtestcaseforKatalon.clickTab is PASSED

2022-04-07 12:26:38 - [TEST_STEP][PASSED] - waitForElementPresent(findTestObject("Object Repository/Canine/Filter/Study/Canine_Filter_Study-OSA01_Chkbx"), 30): Object 'Object Repository/Canine/Filter/Study/Canine_Filter_Study-OSA01_Chkbx' is present

2022-04-07 12:26:39 - [MESSAGE][PASSED] - Object 'Object Repository/Canine/Filter/Study/Canine_Filter_Study-OSA01_Chkbx' is present

2022-04-07 12:26:39 - [TEST_STEP][PASSED] - verifyElementPresent(findTestObject("Object Repository/Canine/Filter/Study/Canine_Filter_Study-OSA01_Chkbx"), 5): Object 'Object Repository/Canine/Filter/Study/Canine_Filter_Study-OSA01_Chkbx' is present

2022-04-07 12:26:39 - [MESSAGE][PASSED] - Object 'Object Repository/Canine/Filter/Study/Canine_Filter_Study-OSA01_Chkbx' is present

2022-04-07 12:26:39 - [TEST_STEP][PASSED] - ctdc.utilities.runtestcaseforKatalon.clickTab("Object Repository/Canine/Filter/Study/Canine_Filter_Study-OSA01_Chkbx"): ctdc.utilities.runtestcaseforKatalon.clickTab is PASSED

2022-04-07 12:26:40 - [MESSAGE][PASSED] - ctdc.utilities.runtestcaseforKatalon.clickTab is PASSED

2022-04-07 12:26:40 - [TEST_STEP][PASSED] - waitForElementPresent(findTestObject("Object Repository/Canine/Filter/PrimDiseaseSite/PRIMARYDISEASESITE_Ddn"), 30): Object 'Object Repository/Canine/Filter/PrimDiseaseSite/PRIMARYDISEASESITE_Ddn' is present

2022-04-07 12:26:40 - [MESSAGE][PASSED] - Object 'Object Repository/Canine/Filter/PrimDiseaseSite/PRIMARYDISEASESITE_Ddn' is present

2022-04-07 12:26:40 - [TEST_STEP][PASSED] - verifyElementPresent(findTestObject("Object Repository/Canine/Filter/PrimDiseaseSite/PRIMARYDISEASESITE_Ddn"), 5): Object 'Object Repository/Canine/Filter/PrimDiseaseSite/PRIMARYDISEASESITE_Ddn' is present

2022-04-07 12:26:40 - [MESSAGE][PASSED] - Object 'Object Repository/Canine/Filter/PrimDiseaseSite/PRIMARYDISEASESITE_Ddn' is present

2022-04-07 12:26:40 - [TEST_STEP][PASSED] - ctdc.utilities.runtestcaseforKatalon.clickTab("Object Repository/Canine/Filter/PrimDiseaseSite/PRIMARYDISEASESITE_Ddn"): ctdc.utilities.runtestcaseforKatalon.clickTab is PASSED

2022-04-07 12:26:41 - [MESSAGE][PASSED] - ctdc.utilities.runtestcaseforKatalon.clickTab is PASSED

2022-04-07 12:26:41 - [TEST_STEP][PASSED] - waitForElementPresent(findTestObject("Object Repository/Canine/Filter/PrimDiseaseSite/BoneApendicular_Chkbx"), 30): Object 'Object Repository/Canine/Filter/PrimDiseaseSite/BoneApendicular_Chkbx' is present

2022-04-07 12:26:41 - [MESSAGE][PASSED] - Object 'Object Repository/Canine/Filter/PrimDiseaseSite/BoneApendicular_Chkbx' is present

2022-04-07 12:26:41 - [TEST_STEP][PASSED] - verifyElementPresent(findTestObject("Object Repository/Canine/Filter/PrimDiseaseSite/BoneApendicular_Chkbx"), 5): Object 'Object Repository/Canine/Filter/PrimDiseaseSite/BoneApendicular_Chkbx' is present

2022-04-07 12:26:41 - [MESSAGE][PASSED] - Object 'Object Repository/Canine/Filter/PrimDiseaseSite/BoneApendicular_Chkbx' is present

2022-04-07 12:26:41 - [TEST_STEP][PASSED] - ctdc.utilities.runtestcaseforKatalon.clickTabCanineStat("Object Repository/Canine/Filter/PrimDiseaseSite/BoneApendicular_Chkbx"): ctdc.utilities.runtestcaseforKatalon.clickTabCanineStat is PASSED

2022-04-07 12:26:43 - [MESSAGE][PASSED] - ctdc.utilities.runtestcaseforKatalon.clickTabCanineStat is PASSED

2022-04-07 12:26:43 - [TEST_STEP][PASSED] - waitForElementPresent(findTestObject("Object Repository/Canine/Filter/StageOfDisease/STAGEOFDISEASE_Ddn"), 30): Object 'Object Repository/Canine/Filter/StageOfDisease/STAGEOFDISEASE_Ddn' is present

2022-04-07 12:26:43 - [MESSAGE][PASSED] - Object 'Object Repository/Canine/Filter/StageOfDisease/STAGEOFDISEASE_Ddn' is present

2022-04-07 12:26:43 - [TEST_STEP][PASSED] - verifyElementPresent(findTestObject("Object Repository/Canine/Filter/StageOfDisease/STAGEOFDISEASE_Ddn"), 5): Object 'Object Repository/Canine/Filter/StageOfDisease/STAGEOFDISEASE_Ddn' is present

2022-04-07 12:26:43 - [MESSAGE][PASSED] - Object 'Object Repository/Canine/Filter/StageOfDisease/STAGEOFDISEASE_Ddn' is present

2022-04-07 12:26:43 - [TEST_STEP][PASSED] - ctdc.utilities.runtestcaseforKatalon.clickTabCanineStat("Object Repository/Canine/Filter/StageOfDisease/STAGEOFDISEASE_Ddn"): ctdc.utilities.runtestcaseforKatalon.clickTabCanineStat is PASSED

2022-04-07 12:26:44 - [MESSAGE][PASSED] - ctdc.utilities.runtestcaseforKatalon.clickTabCanineStat is PASSED

2022-04-07 12:26:44 - [TEST_STEP][PASSED] - waitForElementPresent(findTestObject("Object Repository/Canine/Filter/StageOfDisease/2_Chkbx"), 30): Object 'Object Repository/Canine/Filter/StageOfDisease/2_Chkbx' is present

2022-04-07 12:26:45 - [MESSAGE][PASSED] - Object 'Object Repository/Canine/Filter/StageOfDisease/2_Chkbx' is present

2022-04-07 12:26:45 - [TEST_STEP][PASSED] - verifyElementPresent(findTestObject("Object Repository/Canine/Filter/StageOfDisease/2_Chkbx"), 5): Object 'Object Repository/Canine/Filter/StageOfDisease/2_Chkbx' is present

2022-04-07 12:26:45 - [MESSAGE][PASSED] - Object 'Object Repository/Canine/Filter/StageOfDisease/2_Chkbx' is present

2022-04-07 12:26:45 - [TEST_STEP][PASSED] - ctdc.utilities.runtestcaseforKatalon.clickTabCanineStat("Object Repository/Canine/Filter/StageOfDisease/2_Chkbx"): ctdc.utilities.runtestcaseforKatalon.clickTabCanineStat is PASSED

2022-04-07 12:26:46 - [MESSAGE][PASSED] - ctdc.utilities.runtestcaseforKatalon.clickTabCanineStat is PASSED

2022-04-07 12:26:46 - [TEST_STEP][PASSED] - ctdc.utilities.runtestcaseforKatalon.readStatBarCanine("Object Repository/Canine/StatBar/Canine_StatBar-Programs", "Object Repository/Canine/StatBar/Canine_StatBar-Studies", "Object Repository/Canine/StatBar/Canine_StatBar-Cases", "Object Repository/Canine/StatBar/Canine_StatBar-Samples", "Object Repository/Canine/StatBar/Canine_StatBar-CaseFiles", "Object Repository/Canine/StatBar/Canine_StatBar-StudyFiles"): ctdc.utilities.runtestcaseforKatalon.readStatBarCanine is PASSED

2022-04-07 12:27:04 - [MESSAGE][PASSED] - ctdc.utilities.runtestcaseforKatalon.readStatBarCanine is PASSED

2022-04-07 12:27:04 - [TEST_STEP][PASSED] - waitForElementPresent(findTestObject("Object Repository/Canine/CanineResults_Cases_Tab"), 5): Object 'Object Repository/Canine/CanineResults_Cases_Tab' is present

2022-04-07 12:27:04 - [MESSAGE][PASSED] - Object 'Object Repository/Canine/CanineResults_Cases_Tab' is present

2022-04-07 12:27:04 - [TEST_STEP][PASSED] - ctdc.utilities.runtestcaseforKatalon.clickTab("Object Repository/Canine/CanineResults_Cases_Tab"): ctdc.utilities.runtestcaseforKatalon.clickTab is PASSED

2022-04-07 12:27:04 - [MESSAGE][PASSED] - ctdc.utilities.runtestcaseforKatalon.clickTab is PASSED

2022-04-07 12:27:04 - [TEST_STEP][PASSED] - ctdc.utilities.runtestcaseforKatalon.multiFunction("ICDC", G_StatBar_Cases, "Object Repository/Canine/Canine_CasesTable", "Object Repository/Canine/Canine_TableHeader", "Object Repository/Canine/Canine_CasesTabNextBtn", G_WebTabnameCases, G_CypherTabnameCases, G_QueryCasesTab): Statbar Study Files count matches

2022-04-07 12:28:50 - [MESSAGE][PASSED] - Statbar Programs count matches

2022-04-07 12:28:50 - [MESSAGE][PASSED] - Statbar Studies count matches

2022-04-07 12:28:50 - [MESSAGE][PASSED] - Statbar Cases count matches

2022-04-07 12:28:50 - [MESSAGE][PASSED] - Statbar Samples count matches

2022-04-07 12:28:50 - [MESSAGE][PASSED] - Statbar Case Files count matches

2022-04-07 12:28:50 - [MESSAGE][PASSED] - Statbar Study Files count matches

2022-04-07 12:28:50 - [TEST_STEP][PASSED] - waitForElementPresent(findTestObject("Object Repository/Canine/CanineResults_Samples_Tab"), 5): Object 'Object Repository/Canine/CanineResults_Samples_Tab' is present

2022-04-07 12:28:50 - [MESSAGE][PASSED] - Object 'Object Repository/Canine/CanineResults_Samples_Tab' is present

2022-04-07 12:28:50 - [TEST_STEP][PASSED] - ctdc.utilities.runtestcaseforKatalon.clickTab("Object Repository/Canine/CanineResults_Samples_Tab"): ctdc.utilities.runtestcaseforKatalon.clickTab is PASSED

2022-04-07 12:28:50 - [MESSAGE][PASSED] - ctdc.utilities.runtestcaseforKatalon.clickTab is PASSED

2022-04-07 12:28:50 - [TEST_STEP][PASSED] - ctdc.utilities.runtestcaseforKatalon.multiFunction("ICDC", G_StatBar_Samples, "Object Repository/Canine/Canine_Samples_Table", "Object Repository/Canine/Canine_Samples_TableHdr", "Object Repository/Canine/Canine_SamplesTabNextBtn", G_WebTabnameSamples, G_CypherTabnameSamples, G_QuerySamplesTab): Statbar Study Files count matches

2022-04-07 12:32:49 - [MESSAGE][PASSED] - Statbar Programs count matches

2022-04-07 12:32:49 - [MESSAGE][PASSED] - Statbar Studies count matches

2022-04-07 12:32:49 - [MESSAGE][PASSED] - Statbar Cases count matches

2022-04-07 12:32:49 - [MESSAGE][PASSED] - Statbar Samples count matches

2022-04-07 12:32:49 - [MESSAGE][PASSED] - Statbar Case Files count matches

2022-04-07 12:32:49 - [MESSAGE][PASSED] - Statbar Study Files count matches

2022-04-07 12:32:49 - [TEST_STEP][PASSED] - closeBrowser(): Browser is closed

2022-04-07 12:32:50 - [MESSAGE][PASSED] - Browser is closed]]></system-out>
         <system-err><![CDATA[]]></system-err>
      </testcase>
      <testcase name="Test Cases/Canine_TestCases/StudyCombinations/Study-Combinations-OSA01/TC40_Canine_StudyOSA01-PrimaryDiseaseSite-NeutStatus" time="93.66" classname="Test Cases/Canine_TestCases/StudyCombinations/Study-Combinations-OSA01/TC40_Canine_StudyOSA01-PrimaryDiseaseSite-NeutStatus" status="PASSED">
         <system-out><![CDATA[2022-04-07 12:32:50 - [TEST_CASE][PASSED] - Test Cases/Canine_TestCases/StudyCombinations/Study-Combinations-OSA01/TC40_Canine_StudyOSA01-PrimaryDiseaseSite-NeutStatus: Test Cases/Canine_TestCases/StudyCombinations/Study-Combinations-OSA01/TC40_Canine_StudyOSA01-PrimaryDiseaseSite-NeutStatus

2022-04-07 12:32:50 - [TEST_STEP][PASSED] - Start listener action : getTestScriptName: null

2022-04-07 12:32:50 - [TEST_STEP][PASSED] - TestCaseId = testCaseContext.getTestCaseId(): null

2022-04-07 12:32:50 - [TEST_STEP][PASSED] - out.println("**********this is the value of test case id string******** " + testCaseContext.getTestCaseId()): null

2022-04-07 12:32:50 - [TEST_STEP][PASSED] - G_currentTCName = TestCaseId.substring(TestCaseId.lastIndexOf("TC")): null

2022-04-07 12:32:50 - [TEST_STEP][PASSED] - out.println("This is the test case name : " + G_currentTCName): null

2022-04-07 12:32:50 - [TEST_STEP][PASSED] - closeBrowser(): Browser is closed

2022-04-07 12:32:50 - [MESSAGE][PASSED] - Browser is closed

2022-04-07 12:32:50 - [TEST_STEP][PASSED] - "Driver opened by Katalon is used in Selenium from this step.": null

2022-04-07 12:32:50 - [TEST_STEP][PASSED] - ctdc.utilities.runtestcaseforKatalon.RunKatalon("TC40_Canine_StudyOSA01-PrimaryDiseaseSite-NeutStatus.xlsx"): Data loaded from input file for the test case. 

2022-04-07 12:32:50 - [MESSAGE][PASSED] - Test case file loaded This is the full filepath after converting to string :C:\Users\sohilz2\Desktop\Commons_Automation\InputFiles\TC40_Canine_StudyOSA01-PrimaryDiseaseSite-NeutStatus.xlsx

2022-04-07 12:32:50 - [MESSAGE][INFO] - Global variable set for password file is :  C:\Users\sohilz2\Desktop\Commons_Automation\InputFiles\TC40_Canine_StudyOSA01-PrimaryDiseaseSite-NeutStatus.xlsx

2022-04-07 12:32:54 - [MESSAGE][PASSED] - Data loaded from input file for the test case. 

2022-04-07 12:33:07 - [TEST_STEP][PASSED] - waitForElementPresent(findTestObject("Canine/NavBar/Canine_Cases_Btn"), 20): Object 'Object Repository/Canine/NavBar/Canine_Cases_Btn' is present

2022-04-07 12:33:07 - [MESSAGE][PASSED] - Object 'Object Repository/Canine/NavBar/Canine_Cases_Btn' is present

2022-04-07 12:33:07 - [TEST_STEP][PASSED] - ctdc.utilities.runtestcaseforKatalon.clickTab("Object Repository/Canine/Canine_PopUp_Continue_Btn"): ctdc.utilities.runtestcaseforKatalon.clickTab is PASSED

2022-04-07 12:33:07 - [MESSAGE][PASSED] - ctdc.utilities.runtestcaseforKatalon.clickTab is PASSED

2022-04-07 12:33:07 - [TEST_STEP][PASSED] - out.println("Closed the popup window"): null

2022-04-07 12:33:07 - [TEST_STEP][PASSED] - waitForElementPresent(findTestObject("Canine/NavBar/Canine_Cases_Btn"), 20): Object 'Object Repository/Canine/NavBar/Canine_Cases_Btn' is present

2022-04-07 12:33:07 - [MESSAGE][PASSED] - Object 'Object Repository/Canine/NavBar/Canine_Cases_Btn' is present

2022-04-07 12:33:07 - [TEST_STEP][PASSED] - ctdc.utilities.runtestcaseforKatalon.clickTab("Canine/NavBar/Canine_Cases_Btn"): ctdc.utilities.runtestcaseforKatalon.clickTab is PASSED

2022-04-07 12:33:08 - [MESSAGE][PASSED] - ctdc.utilities.runtestcaseforKatalon.clickTab is PASSED

2022-04-07 12:33:08 - [TEST_STEP][PASSED] - waitForElementPresent(findTestObject("Object Repository/Canine/Filter/Study/Canine_Filter_Study"), 30): Object 'Object Repository/Canine/Filter/Study/Canine_Filter_Study' is present

2022-04-07 12:33:09 - [MESSAGE][PASSED] - Object 'Object Repository/Canine/Filter/Study/Canine_Filter_Study' is present

2022-04-07 12:33:09 - [TEST_STEP][PASSED] - verifyElementPresent(findTestObject("Object Repository/Canine/Filter/Study/Canine_Filter_Study"), 5): Object 'Object Repository/Canine/Filter/Study/Canine_Filter_Study' is present

2022-04-07 12:33:09 - [MESSAGE][PASSED] - Object 'Object Repository/Canine/Filter/Study/Canine_Filter_Study' is present

2022-04-07 12:33:09 - [TEST_STEP][PASSED] - ctdc.utilities.runtestcaseforKatalon.clickTab("Object Repository/Canine/Filter/Study/Canine_Filter_Study"): ctdc.utilities.runtestcaseforKatalon.clickTab is PASSED

2022-04-07 12:33:09 - [MESSAGE][PASSED] - ctdc.utilities.runtestcaseforKatalon.clickTab is PASSED

2022-04-07 12:33:09 - [TEST_STEP][PASSED] - waitForElementPresent(findTestObject("Object Repository/Canine/Filter/Study/Canine_Filter_Study-OSA01_Chkbx"), 30): Object 'Object Repository/Canine/Filter/Study/Canine_Filter_Study-OSA01_Chkbx' is present

2022-04-07 12:33:10 - [MESSAGE][PASSED] - Object 'Object Repository/Canine/Filter/Study/Canine_Filter_Study-OSA01_Chkbx' is present

2022-04-07 12:33:10 - [TEST_STEP][PASSED] - verifyElementPresent(findTestObject("Object Repository/Canine/Filter/Study/Canine_Filter_Study-OSA01_Chkbx"), 5): Object 'Object Repository/Canine/Filter/Study/Canine_Filter_Study-OSA01_Chkbx' is present

2022-04-07 12:33:10 - [MESSAGE][PASSED] - Object 'Object Repository/Canine/Filter/Study/Canine_Filter_Study-OSA01_Chkbx' is present

2022-04-07 12:33:10 - [TEST_STEP][PASSED] - ctdc.utilities.runtestcaseforKatalon.clickTab("Object Repository/Canine/Filter/Study/Canine_Filter_Study-OSA01_Chkbx"): ctdc.utilities.runtestcaseforKatalon.clickTab is PASSED

2022-04-07 12:33:11 - [MESSAGE][PASSED] - ctdc.utilities.runtestcaseforKatalon.clickTab is PASSED

2022-04-07 12:33:11 - [TEST_STEP][PASSED] - waitForElementPresent(findTestObject("Object Repository/Canine/Filter/PrimDiseaseSite/PRIMARYDISEASESITE_Ddn"), 30): Object 'Object Repository/Canine/Filter/PrimDiseaseSite/PRIMARYDISEASESITE_Ddn' is present

2022-04-07 12:33:11 - [MESSAGE][PASSED] - Object 'Object Repository/Canine/Filter/PrimDiseaseSite/PRIMARYDISEASESITE_Ddn' is present

2022-04-07 12:33:11 - [TEST_STEP][PASSED] - verifyElementPresent(findTestObject("Object Repository/Canine/Filter/PrimDiseaseSite/PRIMARYDISEASESITE_Ddn"), 5): Object 'Object Repository/Canine/Filter/PrimDiseaseSite/PRIMARYDISEASESITE_Ddn' is present

2022-04-07 12:33:12 - [MESSAGE][PASSED] - Object 'Object Repository/Canine/Filter/PrimDiseaseSite/PRIMARYDISEASESITE_Ddn' is present

2022-04-07 12:33:12 - [TEST_STEP][PASSED] - ctdc.utilities.runtestcaseforKatalon.clickTab("Object Repository/Canine/Filter/PrimDiseaseSite/PRIMARYDISEASESITE_Ddn"): ctdc.utilities.runtestcaseforKatalon.clickTab is PASSED

2022-04-07 12:33:12 - [MESSAGE][PASSED] - ctdc.utilities.runtestcaseforKatalon.clickTab is PASSED

2022-04-07 12:33:12 - [TEST_STEP][PASSED] - waitForElementPresent(findTestObject("Object Repository/Canine/Filter/PrimDiseaseSite/BoneApendicular_Chkbx"), 30): Object 'Object Repository/Canine/Filter/PrimDiseaseSite/BoneApendicular_Chkbx' is present

2022-04-07 12:33:12 - [MESSAGE][PASSED] - Object 'Object Repository/Canine/Filter/PrimDiseaseSite/BoneApendicular_Chkbx' is present

2022-04-07 12:33:12 - [TEST_STEP][PASSED] - verifyElementPresent(findTestObject("Object Repository/Canine/Filter/PrimDiseaseSite/BoneApendicular_Chkbx"), 5): Object 'Object Repository/Canine/Filter/PrimDiseaseSite/BoneApendicular_Chkbx' is present

2022-04-07 12:33:12 - [MESSAGE][PASSED] - Object 'Object Repository/Canine/Filter/PrimDiseaseSite/BoneApendicular_Chkbx' is present

2022-04-07 12:33:12 - [TEST_STEP][PASSED] - ctdc.utilities.runtestcaseforKatalon.clickTabCanineStat("Object Repository/Canine/Filter/PrimDiseaseSite/BoneApendicular_Chkbx"): ctdc.utilities.runtestcaseforKatalon.clickTabCanineStat is PASSED

2022-04-07 12:33:14 - [MESSAGE][PASSED] - ctdc.utilities.runtestcaseforKatalon.clickTabCanineStat is PASSED

2022-04-07 12:33:14 - [TEST_STEP][PASSED] - waitForElementPresent(findTestObject("Object Repository/Canine/Filter/NeuteredStatus/NEUTEREDSTATUS_Ddn"), 30): Object 'Object Repository/Canine/Filter/NeuteredStatus/NEUTEREDSTATUS_Ddn' is present

2022-04-07 12:33:14 - [MESSAGE][PASSED] - Object 'Object Repository/Canine/Filter/NeuteredStatus/NEUTEREDSTATUS_Ddn' is present

2022-04-07 12:33:14 - [TEST_STEP][PASSED] - verifyElementPresent(findTestObject("Object Repository/Canine/Filter/NeuteredStatus/NEUTEREDSTATUS_Ddn"), 5): Object 'Object Repository/Canine/Filter/NeuteredStatus/NEUTEREDSTATUS_Ddn' is present

2022-04-07 12:33:14 - [MESSAGE][PASSED] - Object 'Object Repository/Canine/Filter/NeuteredStatus/NEUTEREDSTATUS_Ddn' is present

2022-04-07 12:33:14 - [TEST_STEP][PASSED] - ctdc.utilities.runtestcaseforKatalon.clickTabCanineStat("Object Repository/Canine/Filter/NeuteredStatus/NEUTEREDSTATUS_Ddn"): ctdc.utilities.runtestcaseforKatalon.clickTabCanineStat is PASSED

2022-04-07 12:33:15 - [MESSAGE][PASSED] - ctdc.utilities.runtestcaseforKatalon.clickTabCanineStat is PASSED

2022-04-07 12:33:15 - [TEST_STEP][PASSED] - waitForElementPresent(findTestObject("Object Repository/Canine/Filter/NeuteredStatus/No_Chkbx"), 30): Object 'Object Repository/Canine/Filter/NeuteredStatus/No_Chkbx' is present

2022-04-07 12:33:16 - [MESSAGE][PASSED] - Object 'Object Repository/Canine/Filter/NeuteredStatus/No_Chkbx' is present

2022-04-07 12:33:16 - [TEST_STEP][PASSED] - verifyElementPresent(findTestObject("Object Repository/Canine/Filter/NeuteredStatus/No_Chkbx"), 5): Object 'Object Repository/Canine/Filter/NeuteredStatus/No_Chkbx' is present

2022-04-07 12:33:16 - [MESSAGE][PASSED] - Object 'Object Repository/Canine/Filter/NeuteredStatus/No_Chkbx' is present

2022-04-07 12:33:16 - [TEST_STEP][PASSED] - ctdc.utilities.runtestcaseforKatalon.clickTabCanineStat("Object Repository/Canine/Filter/NeuteredStatus/No_Chkbx"): ctdc.utilities.runtestcaseforKatalon.clickTabCanineStat is PASSED

2022-04-07 12:33:17 - [MESSAGE][PASSED] - ctdc.utilities.runtestcaseforKatalon.clickTabCanineStat is PASSED

2022-04-07 12:33:17 - [TEST_STEP][PASSED] - ctdc.utilities.runtestcaseforKatalon.readStatBarCanine("Object Repository/Canine/StatBar/Canine_StatBar-Programs", "Object Repository/Canine/StatBar/Canine_StatBar-Studies", "Object Repository/Canine/StatBar/Canine_StatBar-Cases", "Object Repository/Canine/StatBar/Canine_StatBar-Samples", "Object Repository/Canine/StatBar/Canine_StatBar-CaseFiles", "Object Repository/Canine/StatBar/Canine_StatBar-StudyFiles"): ctdc.utilities.runtestcaseforKatalon.readStatBarCanine is PASSED

2022-04-07 12:33:35 - [MESSAGE][PASSED] - ctdc.utilities.runtestcaseforKatalon.readStatBarCanine is PASSED

2022-04-07 12:33:35 - [TEST_STEP][PASSED] - waitForElementPresent(findTestObject("Object Repository/Canine/CanineResults_Cases_Tab"), 5): Object 'Object Repository/Canine/CanineResults_Cases_Tab' is present

2022-04-07 12:33:35 - [MESSAGE][PASSED] - Object 'Object Repository/Canine/CanineResults_Cases_Tab' is present

2022-04-07 12:33:35 - [TEST_STEP][PASSED] - ctdc.utilities.runtestcaseforKatalon.clickTab("Object Repository/Canine/CanineResults_Cases_Tab"): ctdc.utilities.runtestcaseforKatalon.clickTab is PASSED

2022-04-07 12:33:35 - [MESSAGE][PASSED] - ctdc.utilities.runtestcaseforKatalon.clickTab is PASSED

2022-04-07 12:33:35 - [TEST_STEP][PASSED] - ctdc.utilities.runtestcaseforKatalon.multiFunction("ICDC", G_StatBar_Cases, "Object Repository/Canine/Canine_CasesTable", "Object Repository/Canine/Canine_TableHeader", "Object Repository/Canine/Canine_CasesTabNextBtn", G_WebTabnameCases, G_CypherTabnameCases, G_QueryCasesTab): Statbar Study Files count matches

2022-04-07 12:33:56 - [MESSAGE][PASSED] - Statbar Programs count matches

2022-04-07 12:33:56 - [MESSAGE][PASSED] - Statbar Studies count matches

2022-04-07 12:33:56 - [MESSAGE][PASSED] - Statbar Cases count matches

2022-04-07 12:33:56 - [MESSAGE][PASSED] - Statbar Samples count matches

2022-04-07 12:33:56 - [MESSAGE][PASSED] - Statbar Case Files count matches

2022-04-07 12:33:56 - [MESSAGE][PASSED] - Statbar Study Files count matches

2022-04-07 12:33:56 - [TEST_STEP][PASSED] - waitForElementPresent(findTestObject("Object Repository/Canine/CanineResults_Samples_Tab"), 5): Object 'Object Repository/Canine/CanineResults_Samples_Tab' is present

2022-04-07 12:33:56 - [MESSAGE][PASSED] - Object 'Object Repository/Canine/CanineResults_Samples_Tab' is present

2022-04-07 12:33:56 - [TEST_STEP][PASSED] - ctdc.utilities.runtestcaseforKatalon.clickTab("Object Repository/Canine/CanineResults_Samples_Tab"): ctdc.utilities.runtestcaseforKatalon.clickTab is PASSED

2022-04-07 12:33:56 - [MESSAGE][PASSED] - ctdc.utilities.runtestcaseforKatalon.clickTab is PASSED

2022-04-07 12:33:56 - [TEST_STEP][PASSED] - ctdc.utilities.runtestcaseforKatalon.multiFunction("ICDC", G_StatBar_Samples, "Object Repository/Canine/Canine_Samples_Table", "Object Repository/Canine/Canine_Samples_TableHdr", "Object Repository/Canine/Canine_SamplesTabNextBtn", G_WebTabnameSamples, G_CypherTabnameSamples, G_QuerySamplesTab): Statbar Study Files count matches

2022-04-07 12:34:23 - [MESSAGE][PASSED] - Statbar Programs count matches

2022-04-07 12:34:23 - [MESSAGE][PASSED] - Statbar Studies count matches

2022-04-07 12:34:23 - [MESSAGE][PASSED] - Statbar Cases count matches

2022-04-07 12:34:23 - [MESSAGE][PASSED] - Statbar Samples count matches

2022-04-07 12:34:23 - [MESSAGE][PASSED] - Statbar Case Files count matches

2022-04-07 12:34:23 - [MESSAGE][PASSED] - Statbar Study Files count matches

2022-04-07 12:34:23 - [TEST_STEP][PASSED] - closeBrowser(): Browser is closed

2022-04-07 12:34:23 - [MESSAGE][PASSED] - Browser is closed]]></system-out>
         <system-err><![CDATA[]]></system-err>
      </testcase>
      <system-out><![CDATA[2022-04-07 11:09:04 - [TEST_SUITE][PASSED] - OSA01: Test Cases/Canine_TestCases/StudyCombinations/Study-Combinations-OSA01/TC40_Canine_StudyOSA01-PrimaryDiseaseSite-NeutStatus]]></system-out>
      <system-err><![CDATA[]]></system-err>
   </testsuite>
</testsuites>
