<?xml version="1.0" encoding="UTF-8"?>
<testsuites name="ICDC_Partial_Regression" time="13359.855" tests="65" failures="9" errors="2">
   <testsuite name="ICDC_Partial_Regression" tests="65" failures="9" errors="2" time="13359.855" skipped="0" timestamp="2021-09-02 21:13:07" hostname="sohilz2 - host.docker.internal" id="Test Suites/ICDC_Partial_Regression">
      <properties>
         <property name="deviceName" value=""/>
         <property name="devicePlatform" value=""/>
         <property name="logFolder" value="C:\\Users\\sohilz2\\Commons_Automation\\Reports\\20210902_211259\\ICDC_Partial_Regression\\20210902_211259"/>
         <property name="logFiles" value="C:\\Users\\sohilz2\\Commons_Automation\\Reports\\20210902_211259\\ICDC_Partial_Regression\\20210902_211259\\execution0.log"/>
         <property name="attachments" value=""/>
         <property name="hostName" value="sohilz2 - host.docker.internal"/>
         <property name="os" value="Windows 10 64bit"/>
         <property name="katalonVersion" value="8.0.5.208"/>
         <property name="browser" value="Chrome 92.0.4515.159"/>
         <property name="hostAddress" value="192.168.0.86"/>
         <property name="sessionId" value="603cfdd1c8e1ed9b90d39c188188386e"/>
         <property name="seleniumVersion" value="3.141.59"/>
         <property name="proxyInformation" value="ProxyInformation { proxyOption=NO_PROXY, proxyServerType=HTTP, username=, password=********, proxyServerAddress=, proxyServerPort=0, executionList=&quot;&quot;, isApplyToDesiredCapabilities=true }"/>
         <property name="platform" value="Windows 10"/>
      </properties>
      <testcase name="Test Cases/Canine_TestCases/Breed/TC47_Canine_Filter_Breed-YorkshireTerr" time="88.856" classname="Test Cases/Canine_TestCases/Breed/TC47_Canine_Filter_Breed-YorkshireTerr" status="PASSED">
         <system-out><![CDATA[2021-09-02 21:13:09 - [TEST_CASE][PASSED] - Test Cases/Canine_TestCases/Breed/TC47_Canine_Filter_Breed-YorkshireTerr: Test Cases/Canine_TestCases/Breed/TC47_Canine_Filter_Breed-YorkshireTerr

2021-09-02 21:13:09 - [TEST_STEP][PASSED] - Start listener action : getTestScriptName: null

2021-09-02 21:13:09 - [TEST_STEP][PASSED] - TestCaseId = testCaseContext.getTestCaseId(): null

2021-09-02 21:13:09 - [TEST_STEP][PASSED] - out.println("**********this is the value of test case id string******** " + testCaseContext.getTestCaseId()): null

2021-09-02 21:13:09 - [TEST_STEP][PASSED] - G_currentTCName = TestCaseId.substring(TestCaseId.lastIndexOf("TC")): null

2021-09-02 21:13:09 - [TEST_STEP][PASSED] - out.println("This is the test case name : " + G_currentTCName): null

2021-09-02 21:13:10 - [TEST_STEP][PASSED] - closeBrowser(): Browser is closed

2021-09-02 21:13:10 - [MESSAGE][PASSED] - Browser is closed

2021-09-02 21:13:10 - [TEST_STEP][PASSED] - ctdc.utilities.runtestcaseforKatalon.RunKatalon("TC47_Canine_Filter_Breed-YorkshireTerr.xlsx"): Data loaded from input file for the test case. 

2021-09-02 21:13:10 - [MESSAGE][PASSED] - Test case file loaded This is the full filepath after converting to string :C:\Users\sohilz2\Commons_Automation\InputFiles\TC47_Canine_Filter_Breed-YorkshireTerr.xlsx

2021-09-02 21:13:10 - [MESSAGE][INFO] - Global variable set for password file is :  C:\Users\sohilz2\Commons_Automation\InputFiles\TC47_Canine_Filter_Breed-YorkshireTerr.xlsx

2021-09-02 21:13:15 - [MESSAGE][PASSED] - Data loaded from input file for the test case. 

2021-09-02 21:13:38 - [TEST_STEP][PASSED] - waitForElementPresent(findTestObject("Canine/NavBar/Canine_Cases_Btn"), 5): Object 'Object Repository/Canine/NavBar/Canine_Cases_Btn' is present

2021-09-02 21:13:38 - [MESSAGE][PASSED] - Object 'Object Repository/Canine/NavBar/Canine_Cases_Btn' is present

2021-09-02 21:13:38 - [TEST_STEP][PASSED] - ctdc.utilities.runtestcaseforKatalon.clickTabCanineStat("Canine/NavBar/Canine_Cases_Btn"): ctdc.utilities.runtestcaseforKatalon.clickTabCanineStat is PASSED

2021-09-02 21:13:41 - [MESSAGE][PASSED] - ctdc.utilities.runtestcaseforKatalon.clickTabCanineStat is PASSED

2021-09-02 21:13:41 - [TEST_STEP][PASSED] - waitForElementPresent(findTestObject("Bento/Cases_page/Filter/FilterByCases_Facet"), 5): Object 'Object Repository/Bento/Cases_page/Filter/FilterByCases_Facet' is present

2021-09-02 21:13:41 - [MESSAGE][PASSED] - Object 'Object Repository/Bento/Cases_page/Filter/FilterByCases_Facet' is present

2021-09-02 21:13:41 - [TEST_STEP][PASSED] - ctdc.utilities.runtestcaseforKatalon.clickTabCanineStat("Bento/Cases_page/Filter/FilterByCases_Facet"): ctdc.utilities.runtestcaseforKatalon.clickTabCanineStat is PASSED

2021-09-02 21:13:43 - [MESSAGE][PASSED] - ctdc.utilities.runtestcaseforKatalon.clickTabCanineStat is PASSED

2021-09-02 21:13:43 - [TEST_STEP][PASSED] - waitForElementPresent(findTestObject("Object Repository/Canine/Filter/Breed/BREED_Ddn"), 5): Object 'Object Repository/Canine/Filter/Breed/BREED_Ddn' is present

2021-09-02 21:13:43 - [MESSAGE][PASSED] - Object 'Object Repository/Canine/Filter/Breed/BREED_Ddn' is present

2021-09-02 21:13:43 - [TEST_STEP][PASSED] - ctdc.utilities.runtestcaseforKatalon.clickTabCanineStat("Object Repository/Canine/Filter/Breed/BREED_Ddn"): ctdc.utilities.runtestcaseforKatalon.clickTabCanineStat is PASSED

2021-09-02 21:13:44 - [MESSAGE][PASSED] - ctdc.utilities.runtestcaseforKatalon.clickTabCanineStat is PASSED

2021-09-02 21:13:44 - [TEST_STEP][PASSED] - ctdc.utilities.runtestcaseforKatalon.clickTabCanineStat("Canine/Filter/Breed/Yorkshire_Chkbx"): ctdc.utilities.runtestcaseforKatalon.clickTabCanineStat is PASSED

2021-09-02 21:13:46 - [MESSAGE][PASSED] - ctdc.utilities.runtestcaseforKatalon.clickTabCanineStat is PASSED

2021-09-02 21:13:46 - [TEST_STEP][PASSED] - ctdc.utilities.runtestcaseforKatalon.readStatBarCanine("Object Repository/Canine/StatBar/Canine_StatBar-Studies", "Object Repository/Canine/StatBar/Canine_StatBar-Cases", "Object Repository/Canine/StatBar/Canine_StatBar-Samples", "Object Repository/Canine/StatBar/Canine_StatBar-Files", "Object Repository/Canine/StatBar/Canine_StatBar-Aliquots"): ctdc.utilities.runtestcaseforKatalon.readStatBarCanine is PASSED

2021-09-02 21:14:01 - [MESSAGE][PASSED] - ctdc.utilities.runtestcaseforKatalon.readStatBarCanine is PASSED

2021-09-02 21:14:01 - [TEST_STEP][PASSED] - waitForElementPresent(findTestObject("Object Repository/Canine/CanineResults_Cases_Tab"), 5): Object 'Object Repository/Canine/CanineResults_Cases_Tab' is present

2021-09-02 21:14:01 - [MESSAGE][PASSED] - Object 'Object Repository/Canine/CanineResults_Cases_Tab' is present

2021-09-02 21:14:01 - [TEST_STEP][PASSED] - ctdc.utilities.runtestcaseforKatalon.clickTabCanineStat("Object Repository/Canine/CanineResults_Cases_Tab"): ctdc.utilities.runtestcaseforKatalon.clickTabCanineStat is PASSED

2021-09-02 21:14:03 - [MESSAGE][PASSED] - ctdc.utilities.runtestcaseforKatalon.clickTabCanineStat is PASSED

2021-09-02 21:14:03 - [TEST_STEP][PASSED] - ctdc.utilities.runtestcaseforKatalon.multiFunction("ICDC", G_StatBar_Cases, "Object Repository/Canine/Canine_CasesTable", "Object Repository/Canine/Canine_TableHeader", "Object Repository/Canine/Canine_CasesTabNextBtn", G_WebTabnameCases, G_CypherTabnameCases, G_QueryCasesTab): Statbar Arms count matches

2021-09-02 21:14:20 - [MESSAGE][PASSED] - Statbar Files count matches

2021-09-02 21:14:20 - [MESSAGE][PASSED] - Statbar Samples count matches

2021-09-02 21:14:20 - [MESSAGE][PASSED] - Statbar Cases count matches

2021-09-02 21:14:20 - [MESSAGE][PASSED] - Statbar Arms count matches

2021-09-02 21:14:20 - [TEST_STEP][PASSED] - waitForElementPresent(findTestObject("Object Repository/Canine/CanineResults_Samples_Tab"), 5): Object 'Object Repository/Canine/CanineResults_Samples_Tab' is present

2021-09-02 21:14:20 - [MESSAGE][PASSED] - Object 'Object Repository/Canine/CanineResults_Samples_Tab' is present

2021-09-02 21:14:20 - [TEST_STEP][PASSED] - ctdc.utilities.runtestcaseforKatalon.clickTabCanineStat("Object Repository/Canine/CanineResults_Samples_Tab"): ctdc.utilities.runtestcaseforKatalon.clickTabCanineStat is PASSED

2021-09-02 21:14:22 - [MESSAGE][PASSED] - ctdc.utilities.runtestcaseforKatalon.clickTabCanineStat is PASSED

2021-09-02 21:14:22 - [TEST_STEP][PASSED] - ctdc.utilities.runtestcaseforKatalon.multiFunction("ICDC", G_StatBar_Samples, "Object Repository/Canine/Canine_Samples_Table", "Object Repository/Canine/Canine_Samples_TableHdr", "Object Repository/Canine/Canine_SamplesTabNextBtn", G_WebTabnameSamples, G_CypherTabnameSamples, G_QuerySamplesTab): Statbar Arms count matches

2021-09-02 21:14:37 - [MESSAGE][PASSED] - Statbar Files count matches

2021-09-02 21:14:37 - [MESSAGE][PASSED] - Statbar Samples count matches

2021-09-02 21:14:37 - [MESSAGE][PASSED] - Statbar Cases count matches

2021-09-02 21:14:37 - [MESSAGE][PASSED] - Statbar Arms count matches

2021-09-02 21:14:37 - [TEST_STEP][PASSED] - closeBrowser(): Browser is closed

2021-09-02 21:14:38 - [MESSAGE][PASSED] - Browser is closed]]></system-out>
         <system-err><![CDATA[]]></system-err>
      </testcase>
      <testcase name="Test Cases/Canine_TestCases/Breed/TC46_Canine_Filter_Breed-WestHlnd" time="109.536" classname="Test Cases/Canine_TestCases/Breed/TC46_Canine_Filter_Breed-WestHlnd" status="PASSED">
         <system-out><![CDATA[2021-09-02 21:14:38 - [TEST_CASE][PASSED] - Test Cases/Canine_TestCases/Breed/TC46_Canine_Filter_Breed-WestHlnd: Test Cases/Canine_TestCases/Breed/TC46_Canine_Filter_Breed-WestHlnd

2021-09-02 21:14:38 - [TEST_STEP][PASSED] - Start listener action : getTestScriptName: null

2021-09-02 21:14:38 - [TEST_STEP][PASSED] - TestCaseId = testCaseContext.getTestCaseId(): null

2021-09-02 21:14:38 - [TEST_STEP][PASSED] - out.println("**********this is the value of test case id string******** " + testCaseContext.getTestCaseId()): null

2021-09-02 21:14:38 - [TEST_STEP][PASSED] - G_currentTCName = TestCaseId.substring(TestCaseId.lastIndexOf("TC")): null

2021-09-02 21:14:38 - [TEST_STEP][PASSED] - out.println("This is the test case name : " + G_currentTCName): null

2021-09-02 21:14:38 - [TEST_STEP][PASSED] - closeBrowser(): Browser is closed

2021-09-02 21:14:38 - [MESSAGE][PASSED] - Browser is closed

2021-09-02 21:14:38 - [TEST_STEP][PASSED] - ctdc.utilities.runtestcaseforKatalon.RunKatalon("TC46_Canine_Filter_Breed-WestHlnd.xlsx"): Data loaded from input file for the test case. 

2021-09-02 21:14:38 - [MESSAGE][PASSED] - Test case file loaded This is the full filepath after converting to string :C:\Users\sohilz2\Commons_Automation\InputFiles\TC46_Canine_Filter_Breed-WestHlnd.xlsx

2021-09-02 21:14:38 - [MESSAGE][INFO] - Global variable set for password file is :  C:\Users\sohilz2\Commons_Automation\InputFiles\TC46_Canine_Filter_Breed-WestHlnd.xlsx

2021-09-02 21:14:42 - [MESSAGE][PASSED] - Data loaded from input file for the test case. 

2021-09-02 21:14:50 - [TEST_STEP][PASSED] - click(findTestObject("Canine/NavBar/Canine_Cases_Btn")): Object: 'Object Repository/Canine/NavBar/Canine_Cases_Btn' is clicked on

2021-09-02 21:14:51 - [MESSAGE][PASSED] - Object: 'Object Repository/Canine/NavBar/Canine_Cases_Btn' is clicked on

2021-09-02 21:14:51 - [TEST_STEP][PASSED] - click(findTestObject("Bento/Cases_page/Filter/FilterByCases_Facet")): Object: 'Object Repository/Bento/Cases_page/Filter/FilterByCases_Facet' is clicked on

2021-09-02 21:14:53 - [MESSAGE][PASSED] - Object: 'Object Repository/Bento/Cases_page/Filter/FilterByCases_Facet' is clicked on

2021-09-02 21:14:53 - [TEST_STEP][PASSED] - waitForElementPresent(findTestObject("Object Repository/Canine/Filter/Breed/BREED_Ddn"), 5): Object 'Object Repository/Canine/Filter/Breed/BREED_Ddn' is present

2021-09-02 21:14:53 - [MESSAGE][PASSED] - Object 'Object Repository/Canine/Filter/Breed/BREED_Ddn' is present

2021-09-02 21:14:53 - [TEST_STEP][PASSED] - ctdc.utilities.runtestcaseforKatalon.clickTabCanineStat("Object Repository/Canine/Filter/Breed/BREED_Ddn"): ctdc.utilities.runtestcaseforKatalon.clickTabCanineStat is PASSED

2021-09-02 21:14:55 - [MESSAGE][PASSED] - ctdc.utilities.runtestcaseforKatalon.clickTabCanineStat is PASSED

2021-09-02 21:14:55 - [TEST_STEP][PASSED] - ctdc.utilities.runtestcaseforKatalon.clickTabCanineStat("Object Repository/Canine/Filter/Breed/WestHland_Chkbx"): ctdc.utilities.runtestcaseforKatalon.clickTabCanineStat is PASSED

2021-09-02 21:14:56 - [MESSAGE][PASSED] - ctdc.utilities.runtestcaseforKatalon.clickTabCanineStat is PASSED

2021-09-02 21:14:56 - [TEST_STEP][PASSED] - ctdc.utilities.runtestcaseforKatalon.readStatBarCanine("Object Repository/Canine/StatBar/Canine_StatBar-Studies", "Object Repository/Canine/StatBar/Canine_StatBar-Cases", "Object Repository/Canine/StatBar/Canine_StatBar-Samples", "Object Repository/Canine/StatBar/Canine_StatBar-Files", "Object Repository/Canine/StatBar/Canine_StatBar-Aliquots"): ctdc.utilities.runtestcaseforKatalon.readStatBarCanine is PASSED

2021-09-02 21:15:11 - [MESSAGE][PASSED] - ctdc.utilities.runtestcaseforKatalon.readStatBarCanine is PASSED

2021-09-02 21:15:11 - [TEST_STEP][PASSED] - waitForElementPresent(findTestObject("Object Repository/Canine/CanineResults_Cases_Tab"), 5): Object 'Object Repository/Canine/CanineResults_Cases_Tab' is present

2021-09-02 21:15:11 - [MESSAGE][PASSED] - Object 'Object Repository/Canine/CanineResults_Cases_Tab' is present

2021-09-02 21:15:11 - [TEST_STEP][PASSED] - ctdc.utilities.runtestcaseforKatalon.clickTabCanineStat("Object Repository/Canine/CanineResults_Cases_Tab"): ctdc.utilities.runtestcaseforKatalon.clickTabCanineStat is PASSED

2021-09-02 21:15:13 - [MESSAGE][PASSED] - ctdc.utilities.runtestcaseforKatalon.clickTabCanineStat is PASSED

2021-09-02 21:15:13 - [TEST_STEP][PASSED] - ctdc.utilities.runtestcaseforKatalon.multiFunction("ICDC", G_StatBar_Cases, "Object Repository/Canine/Canine_CasesTable", "Object Repository/Canine/Canine_TableHeader", "Object Repository/Canine/Canine_CasesTabNextBtn", G_WebTabnameCases, G_CypherTabnameCases, G_QueryCasesTab): Statbar Arms count matches

2021-09-02 21:15:31 - [MESSAGE][PASSED] - Statbar Files count matches

2021-09-02 21:15:31 - [MESSAGE][PASSED] - Statbar Samples count matches

2021-09-02 21:15:31 - [MESSAGE][PASSED] - Statbar Cases count matches

2021-09-02 21:15:31 - [MESSAGE][PASSED] - Statbar Arms count matches

2021-09-02 21:15:31 - [TEST_STEP][PASSED] - waitForElementPresent(findTestObject("Object Repository/Canine/CanineResults_Samples_Tab"), 5): Object 'Object Repository/Canine/CanineResults_Samples_Tab' is present

2021-09-02 21:15:31 - [MESSAGE][PASSED] - Object 'Object Repository/Canine/CanineResults_Samples_Tab' is present

2021-09-02 21:15:31 - [TEST_STEP][PASSED] - ctdc.utilities.runtestcaseforKatalon.clickTabCanineStat("Object Repository/Canine/CanineResults_Samples_Tab"): ctdc.utilities.runtestcaseforKatalon.clickTabCanineStat is PASSED

2021-09-02 21:15:33 - [MESSAGE][PASSED] - ctdc.utilities.runtestcaseforKatalon.clickTabCanineStat is PASSED

2021-09-02 21:15:33 - [TEST_STEP][PASSED] - ctdc.utilities.runtestcaseforKatalon.multiFunction("ICDC", G_StatBar_Samples, "Object Repository/Canine/Canine_Samples_Table", "Object Repository/Canine/Canine_Samples_TableHdr", "Object Repository/Canine/Canine_SamplesTabNextBtn", G_WebTabnameSamples, G_CypherTabnameSamples, G_QuerySamplesTab): Statbar Arms count matches

2021-09-02 21:15:53 - [MESSAGE][PASSED] - Statbar Files count matches

2021-09-02 21:15:53 - [MESSAGE][PASSED] - Statbar Samples count matches

2021-09-02 21:15:53 - [MESSAGE][PASSED] - Statbar Cases count matches

2021-09-02 21:15:53 - [MESSAGE][PASSED] - Statbar Arms count matches

2021-09-02 21:15:53 - [TEST_STEP][PASSED] - waitForElementPresent(findTestObject("Object Repository/Canine/CanineResults_Files_Tab"), 5): Object 'Object Repository/Canine/CanineResults_Files_Tab' is present

2021-09-02 21:15:53 - [MESSAGE][PASSED] - Object 'Object Repository/Canine/CanineResults_Files_Tab' is present

2021-09-02 21:15:53 - [TEST_STEP][PASSED] - ctdc.utilities.runtestcaseforKatalon.clickTabCanineStat("Object Repository/Canine/CanineResults_Files_Tab"): ctdc.utilities.runtestcaseforKatalon.clickTabCanineStat is PASSED

2021-09-02 21:15:55 - [MESSAGE][PASSED] - ctdc.utilities.runtestcaseforKatalon.clickTabCanineStat is PASSED

2021-09-02 21:15:55 - [TEST_STEP][PASSED] - ctdc.utilities.runtestcaseforKatalon.multiFunction("ICDC", G_StatBar_Files, "Object Repository/Canine/Canine_Files_Table", "Object Repository/Canine/Canine_Files_TableHdr", "Object Repository/Canine/Canine_FilesTabNextBtn", G_WebTabnameFiles, G_CypherTabnameFiles, G_QueryFilesTab): Statbar Arms count matches

2021-09-02 21:16:26 - [MESSAGE][PASSED] - Statbar Files count matches

2021-09-02 21:16:26 - [MESSAGE][PASSED] - Statbar Samples count matches

2021-09-02 21:16:26 - [MESSAGE][PASSED] - Statbar Cases count matches

2021-09-02 21:16:26 - [MESSAGE][PASSED] - Statbar Arms count matches

2021-09-02 21:16:26 - [TEST_STEP][PASSED] - closeBrowser(): Browser is closed

2021-09-02 21:16:27 - [MESSAGE][PASSED] - Browser is closed]]></system-out>
         <system-err><![CDATA[]]></system-err>
      </testcase>
      <testcase name="Test Cases/Canine_TestCases/Breed/TC45_Canine_Filter_Breed-Weimrnr" time="85.305" classname="Test Cases/Canine_TestCases/Breed/TC45_Canine_Filter_Breed-Weimrnr" status="PASSED">
         <system-out><![CDATA[2021-09-02 21:16:27 - [TEST_CASE][PASSED] - Test Cases/Canine_TestCases/Breed/TC45_Canine_Filter_Breed-Weimrnr: Test Cases/Canine_TestCases/Breed/TC45_Canine_Filter_Breed-Weimrnr

2021-09-02 21:16:27 - [TEST_STEP][PASSED] - Start listener action : getTestScriptName: null

2021-09-02 21:16:27 - [TEST_STEP][PASSED] - TestCaseId = testCaseContext.getTestCaseId(): null

2021-09-02 21:16:27 - [TEST_STEP][PASSED] - out.println("**********this is the value of test case id string******** " + testCaseContext.getTestCaseId()): null

2021-09-02 21:16:27 - [TEST_STEP][PASSED] - G_currentTCName = TestCaseId.substring(TestCaseId.lastIndexOf("TC")): null

2021-09-02 21:16:27 - [TEST_STEP][PASSED] - out.println("This is the test case name : " + G_currentTCName): null

2021-09-02 21:16:28 - [TEST_STEP][PASSED] - closeBrowser(): Browser is closed

2021-09-02 21:16:28 - [MESSAGE][PASSED] - Browser is closed

2021-09-02 21:16:28 - [TEST_STEP][PASSED] - ctdc.utilities.runtestcaseforKatalon.RunKatalon("TC45_Canine_Filter_Breed-Weimrnr.xlsx"): Data loaded from input file for the test case. 

2021-09-02 21:16:28 - [MESSAGE][PASSED] - Test case file loaded This is the full filepath after converting to string :C:\Users\sohilz2\Commons_Automation\InputFiles\TC45_Canine_Filter_Breed-Weimrnr.xlsx

2021-09-02 21:16:28 - [MESSAGE][INFO] - Global variable set for password file is :  C:\Users\sohilz2\Commons_Automation\InputFiles\TC45_Canine_Filter_Breed-Weimrnr.xlsx

2021-09-02 21:16:32 - [MESSAGE][PASSED] - Data loaded from input file for the test case. 

2021-09-02 21:16:40 - [TEST_STEP][PASSED] - click(findTestObject("Canine/NavBar/Canine_Cases_Btn")): Object: 'Object Repository/Canine/NavBar/Canine_Cases_Btn' is clicked on

2021-09-02 21:16:40 - [MESSAGE][PASSED] - Object: 'Object Repository/Canine/NavBar/Canine_Cases_Btn' is clicked on

2021-09-02 21:16:40 - [TEST_STEP][PASSED] - click(findTestObject("Bento/Cases_page/Filter/FilterByCases_Facet")): Object: 'Object Repository/Bento/Cases_page/Filter/FilterByCases_Facet' is clicked on

2021-09-02 21:16:42 - [MESSAGE][PASSED] - Object: 'Object Repository/Bento/Cases_page/Filter/FilterByCases_Facet' is clicked on

2021-09-02 21:16:42 - [TEST_STEP][PASSED] - waitForElementPresent(findTestObject("Object Repository/Canine/Filter/Breed/BREED_Ddn"), 5): Object 'Object Repository/Canine/Filter/Breed/BREED_Ddn' is present

2021-09-02 21:16:43 - [MESSAGE][PASSED] - Object 'Object Repository/Canine/Filter/Breed/BREED_Ddn' is present

2021-09-02 21:16:43 - [TEST_STEP][PASSED] - ctdc.utilities.runtestcaseforKatalon.clickTabCanineStat("Object Repository/Canine/Filter/Breed/BREED_Ddn"): ctdc.utilities.runtestcaseforKatalon.clickTabCanineStat is PASSED

2021-09-02 21:16:44 - [MESSAGE][PASSED] - ctdc.utilities.runtestcaseforKatalon.clickTabCanineStat is PASSED

2021-09-02 21:16:44 - [TEST_STEP][PASSED] - ctdc.utilities.runtestcaseforKatalon.clickTabCanineStat("Object Repository/Canine/Filter/Breed/Weimrnr_Chkbx"): ctdc.utilities.runtestcaseforKatalon.clickTabCanineStat is PASSED

2021-09-02 21:16:46 - [MESSAGE][PASSED] - ctdc.utilities.runtestcaseforKatalon.clickTabCanineStat is PASSED

2021-09-02 21:16:46 - [TEST_STEP][PASSED] - ctdc.utilities.runtestcaseforKatalon.readStatBarCanine("Object Repository/Canine/StatBar/Canine_StatBar-Studies", "Object Repository/Canine/StatBar/Canine_StatBar-Cases", "Object Repository/Canine/StatBar/Canine_StatBar-Samples", "Object Repository/Canine/StatBar/Canine_StatBar-Files", "Object Repository/Canine/StatBar/Canine_StatBar-Aliquots"): ctdc.utilities.runtestcaseforKatalon.readStatBarCanine is PASSED

2021-09-02 21:17:01 - [MESSAGE][PASSED] - ctdc.utilities.runtestcaseforKatalon.readStatBarCanine is PASSED

2021-09-02 21:17:01 - [TEST_STEP][PASSED] - waitForElementPresent(findTestObject("Object Repository/Canine/CanineResults_Cases_Tab"), 5): Object 'Object Repository/Canine/CanineResults_Cases_Tab' is present

2021-09-02 21:17:01 - [MESSAGE][PASSED] - Object 'Object Repository/Canine/CanineResults_Cases_Tab' is present

2021-09-02 21:17:01 - [TEST_STEP][PASSED] - ctdc.utilities.runtestcaseforKatalon.clickTabCanineStat("Object Repository/Canine/CanineResults_Cases_Tab"): ctdc.utilities.runtestcaseforKatalon.clickTabCanineStat is PASSED

2021-09-02 21:17:02 - [MESSAGE][PASSED] - ctdc.utilities.runtestcaseforKatalon.clickTabCanineStat is PASSED

2021-09-02 21:17:02 - [TEST_STEP][PASSED] - ctdc.utilities.runtestcaseforKatalon.multiFunction("ICDC", G_StatBar_Cases, "Object Repository/Canine/Canine_CasesTable", "Object Repository/Canine/Canine_TableHeader", "Object Repository/Canine/Canine_CasesTabNextBtn", G_WebTabnameCases, G_CypherTabnameCases, G_QueryCasesTab): Statbar Arms count matches

2021-09-02 21:17:18 - [MESSAGE][PASSED] - Statbar Files count matches

2021-09-02 21:17:18 - [MESSAGE][PASSED] - Statbar Samples count matches

2021-09-02 21:17:18 - [MESSAGE][PASSED] - Statbar Cases count matches

2021-09-02 21:17:18 - [MESSAGE][PASSED] - Statbar Arms count matches

2021-09-02 21:17:18 - [TEST_STEP][PASSED] - waitForElementPresent(findTestObject("Object Repository/Canine/CanineResults_Samples_Tab"), 5): Object 'Object Repository/Canine/CanineResults_Samples_Tab' is present

2021-09-02 21:17:18 - [MESSAGE][PASSED] - Object 'Object Repository/Canine/CanineResults_Samples_Tab' is present

2021-09-02 21:17:18 - [TEST_STEP][PASSED] - ctdc.utilities.runtestcaseforKatalon.clickTabCanineStat("Object Repository/Canine/CanineResults_Samples_Tab"): ctdc.utilities.runtestcaseforKatalon.clickTabCanineStat is PASSED

2021-09-02 21:17:19 - [MESSAGE][PASSED] - ctdc.utilities.runtestcaseforKatalon.clickTabCanineStat is PASSED

2021-09-02 21:17:19 - [TEST_STEP][PASSED] - ctdc.utilities.runtestcaseforKatalon.multiFunction("ICDC", G_StatBar_Samples, "Object Repository/Canine/Canine_Samples_Table", "Object Repository/Canine/Canine_Samples_TableHdr", "Object Repository/Canine/Canine_SamplesTabNextBtn", G_WebTabnameSamples, G_CypherTabnameSamples, G_QuerySamplesTab): Statbar Arms count matches

2021-09-02 21:17:35 - [MESSAGE][PASSED] - Statbar Files count matches

2021-09-02 21:17:35 - [MESSAGE][PASSED] - Statbar Samples count matches

2021-09-02 21:17:35 - [MESSAGE][PASSED] - Statbar Cases count matches

2021-09-02 21:17:35 - [MESSAGE][PASSED] - Statbar Arms count matches

2021-09-02 21:17:35 - [TEST_STEP][PASSED] - waitForElementPresent(findTestObject("Object Repository/Canine/CanineResults_Files_Tab"), 5): Object 'Object Repository/Canine/CanineResults_Files_Tab' is present

2021-09-02 21:17:35 - [MESSAGE][PASSED] - Object 'Object Repository/Canine/CanineResults_Files_Tab' is present

2021-09-02 21:17:35 - [TEST_STEP][PASSED] - ctdc.utilities.runtestcaseforKatalon.clickTab("Object Repository/Canine/CanineResults_Files_Tab"): ctdc.utilities.runtestcaseforKatalon.clickTab is PASSED

2021-09-02 21:17:35 - [MESSAGE][PASSED] - ctdc.utilities.runtestcaseforKatalon.clickTab is PASSED

2021-09-02 21:17:35 - [TEST_STEP][PASSED] - ctdc.utilities.runtestcaseforKatalon.multiFunction("ICDC", G_StatBar_Files, "Object Repository/Canine/Canine_Files_Table", "Object Repository/Canine/Canine_Files_TableHdr", "Object Repository/Canine/Canine_FilesTabNextBtn", G_WebTabnameFiles, G_CypherTabnameFiles, G_QueryFilesTab): Statbar Arms count matches

2021-09-02 21:17:52 - [MESSAGE][PASSED] - Statbar Files count matches

2021-09-02 21:17:52 - [MESSAGE][PASSED] - Statbar Samples count matches

2021-09-02 21:17:52 - [MESSAGE][PASSED] - Statbar Cases count matches

2021-09-02 21:17:52 - [MESSAGE][PASSED] - Statbar Arms count matches

2021-09-02 21:17:52 - [TEST_STEP][PASSED] - closeBrowser(): Browser is closed

2021-09-02 21:17:52 - [MESSAGE][PASSED] - Browser is closed]]></system-out>
         <system-err><![CDATA[]]></system-err>
      </testcase>
      <testcase name="Test Cases/Canine_TestCases/Breed/TC44_Canine_Filter_Breed-Vizsla" time="86.628" classname="Test Cases/Canine_TestCases/Breed/TC44_Canine_Filter_Breed-Vizsla" status="PASSED">
         <system-out><![CDATA[2021-09-02 21:17:52 - [TEST_CASE][PASSED] - Test Cases/Canine_TestCases/Breed/TC44_Canine_Filter_Breed-Vizsla: Test Cases/Canine_TestCases/Breed/TC44_Canine_Filter_Breed-Vizsla

2021-09-02 21:17:52 - [TEST_STEP][PASSED] - Start listener action : getTestScriptName: null

2021-09-02 21:17:52 - [TEST_STEP][PASSED] - TestCaseId = testCaseContext.getTestCaseId(): null

2021-09-02 21:17:52 - [TEST_STEP][PASSED] - out.println("**********this is the value of test case id string******** " + testCaseContext.getTestCaseId()): null

2021-09-02 21:17:52 - [TEST_STEP][PASSED] - G_currentTCName = TestCaseId.substring(TestCaseId.lastIndexOf("TC")): null

2021-09-02 21:17:52 - [TEST_STEP][PASSED] - out.println("This is the test case name : " + G_currentTCName): null

2021-09-02 21:17:53 - [TEST_STEP][PASSED] - closeBrowser(): Browser is closed

2021-09-02 21:17:53 - [MESSAGE][PASSED] - Browser is closed

2021-09-02 21:17:53 - [TEST_STEP][PASSED] - ctdc.utilities.runtestcaseforKatalon.RunKatalon("TC44_Canine_Filter_Breed-Vizsla.xlsx"): Data loaded from input file for the test case. 

2021-09-02 21:17:53 - [MESSAGE][PASSED] - Test case file loaded This is the full filepath after converting to string :C:\Users\sohilz2\Commons_Automation\InputFiles\TC44_Canine_Filter_Breed-Vizsla.xlsx

2021-09-02 21:17:53 - [MESSAGE][INFO] - Global variable set for password file is :  C:\Users\sohilz2\Commons_Automation\InputFiles\TC44_Canine_Filter_Breed-Vizsla.xlsx

2021-09-02 21:17:57 - [MESSAGE][PASSED] - Data loaded from input file for the test case. 

2021-09-02 21:18:05 - [TEST_STEP][PASSED] - click(findTestObject("Canine/NavBar/Canine_Cases_Btn")): Object: 'Object Repository/Canine/NavBar/Canine_Cases_Btn' is clicked on

2021-09-02 21:18:05 - [MESSAGE][PASSED] - Object: 'Object Repository/Canine/NavBar/Canine_Cases_Btn' is clicked on

2021-09-02 21:18:05 - [TEST_STEP][PASSED] - click(findTestObject("Bento/Cases_page/Filter/FilterByCases_Facet")): Object: 'Object Repository/Bento/Cases_page/Filter/FilterByCases_Facet' is clicked on

2021-09-02 21:18:07 - [MESSAGE][PASSED] - Object: 'Object Repository/Bento/Cases_page/Filter/FilterByCases_Facet' is clicked on

2021-09-02 21:18:07 - [TEST_STEP][PASSED] - waitForElementPresent(findTestObject("Object Repository/Canine/Filter/Breed/BREED_Ddn"), 5): Object 'Object Repository/Canine/Filter/Breed/BREED_Ddn' is present

2021-09-02 21:18:08 - [MESSAGE][PASSED] - Object 'Object Repository/Canine/Filter/Breed/BREED_Ddn' is present

2021-09-02 21:18:08 - [TEST_STEP][PASSED] - ctdc.utilities.runtestcaseforKatalon.clickTabCanineStat("Object Repository/Canine/Filter/Breed/BREED_Ddn"): ctdc.utilities.runtestcaseforKatalon.clickTabCanineStat is PASSED

2021-09-02 21:18:09 - [MESSAGE][PASSED] - ctdc.utilities.runtestcaseforKatalon.clickTabCanineStat is PASSED

2021-09-02 21:18:09 - [TEST_STEP][PASSED] - ctdc.utilities.runtestcaseforKatalon.clickTabCanineStat("Object Repository/Canine/Filter/Breed/Vizsla_Chkbx"): ctdc.utilities.runtestcaseforKatalon.clickTabCanineStat is PASSED

2021-09-02 21:18:11 - [MESSAGE][PASSED] - ctdc.utilities.runtestcaseforKatalon.clickTabCanineStat is PASSED

2021-09-02 21:18:11 - [TEST_STEP][PASSED] - ctdc.utilities.runtestcaseforKatalon.readStatBarCanine("Object Repository/Canine/StatBar/Canine_StatBar-Studies", "Object Repository/Canine/StatBar/Canine_StatBar-Cases", "Object Repository/Canine/StatBar/Canine_StatBar-Samples", "Object Repository/Canine/StatBar/Canine_StatBar-Files", "Object Repository/Canine/StatBar/Canine_StatBar-Aliquots"): ctdc.utilities.runtestcaseforKatalon.readStatBarCanine is PASSED

2021-09-02 21:18:26 - [MESSAGE][PASSED] - ctdc.utilities.runtestcaseforKatalon.readStatBarCanine is PASSED

2021-09-02 21:18:26 - [TEST_STEP][PASSED] - waitForElementPresent(findTestObject("Object Repository/Canine/CanineResults_Cases_Tab"), 5): Object 'Object Repository/Canine/CanineResults_Cases_Tab' is present

2021-09-02 21:18:26 - [MESSAGE][PASSED] - Object 'Object Repository/Canine/CanineResults_Cases_Tab' is present

2021-09-02 21:18:26 - [TEST_STEP][PASSED] - ctdc.utilities.runtestcaseforKatalon.clickTabCanineStat("Object Repository/Canine/CanineResults_Cases_Tab"): ctdc.utilities.runtestcaseforKatalon.clickTabCanineStat is PASSED

2021-09-02 21:18:27 - [MESSAGE][PASSED] - ctdc.utilities.runtestcaseforKatalon.clickTabCanineStat is PASSED

2021-09-02 21:18:27 - [TEST_STEP][PASSED] - ctdc.utilities.runtestcaseforKatalon.multiFunction("ICDC", G_StatBar_Cases, "Object Repository/Canine/Canine_CasesTable", "Object Repository/Canine/Canine_TableHeader", "Object Repository/Canine/Canine_CasesTabNextBtn", G_WebTabnameCases, G_CypherTabnameCases, G_QueryCasesTab): Statbar Arms count matches

2021-09-02 21:18:44 - [MESSAGE][PASSED] - Statbar Files count matches

2021-09-02 21:18:44 - [MESSAGE][PASSED] - Statbar Samples count matches

2021-09-02 21:18:44 - [MESSAGE][PASSED] - Statbar Cases count matches

2021-09-02 21:18:44 - [MESSAGE][PASSED] - Statbar Arms count matches

2021-09-02 21:18:44 - [TEST_STEP][PASSED] - waitForElementPresent(findTestObject("Object Repository/Canine/CanineResults_Samples_Tab"), 5): Object 'Object Repository/Canine/CanineResults_Samples_Tab' is present

2021-09-02 21:18:44 - [MESSAGE][PASSED] - Object 'Object Repository/Canine/CanineResults_Samples_Tab' is present

2021-09-02 21:18:44 - [TEST_STEP][PASSED] - ctdc.utilities.runtestcaseforKatalon.clickTabCanineStat("Object Repository/Canine/CanineResults_Samples_Tab"): ctdc.utilities.runtestcaseforKatalon.clickTabCanineStat is PASSED

2021-09-02 21:18:45 - [MESSAGE][PASSED] - ctdc.utilities.runtestcaseforKatalon.clickTabCanineStat is PASSED

2021-09-02 21:18:45 - [TEST_STEP][PASSED] - ctdc.utilities.runtestcaseforKatalon.multiFunction("ICDC", G_StatBar_Samples, "Object Repository/Canine/Canine_Samples_Table", "Object Repository/Canine/Canine_Samples_TableHdr", "Object Repository/Canine/Canine_SamplesTabNextBtn", G_WebTabnameSamples, G_CypherTabnameSamples, G_QuerySamplesTab): Statbar Arms count matches

2021-09-02 21:19:01 - [MESSAGE][PASSED] - Statbar Files count matches

2021-09-02 21:19:01 - [MESSAGE][PASSED] - Statbar Samples count matches

2021-09-02 21:19:01 - [MESSAGE][PASSED] - Statbar Cases count matches

2021-09-02 21:19:01 - [MESSAGE][PASSED] - Statbar Arms count matches

2021-09-02 21:19:01 - [TEST_STEP][PASSED] - waitForElementPresent(findTestObject("Object Repository/Canine/CanineResults_Files_Tab"), 5): Object 'Object Repository/Canine/CanineResults_Files_Tab' is present

2021-09-02 21:19:01 - [MESSAGE][PASSED] - Object 'Object Repository/Canine/CanineResults_Files_Tab' is present

2021-09-02 21:19:01 - [TEST_STEP][PASSED] - ctdc.utilities.runtestcaseforKatalon.clickTabCanineStat("Object Repository/Canine/CanineResults_Files_Tab"): ctdc.utilities.runtestcaseforKatalon.clickTabCanineStat is PASSED

2021-09-02 21:19:02 - [MESSAGE][PASSED] - ctdc.utilities.runtestcaseforKatalon.clickTabCanineStat is PASSED

2021-09-02 21:19:02 - [TEST_STEP][PASSED] - ctdc.utilities.runtestcaseforKatalon.multiFunction("ICDC", G_StatBar_Files, "Object Repository/Canine/Canine_Files_Table", "Object Repository/Canine/Canine_Files_TableHdr", "Object Repository/Canine/Canine_FilesTabNextBtn", G_WebTabnameFiles, G_CypherTabnameFiles, G_QueryFilesTab): Statbar Arms count matches

2021-09-02 21:19:18 - [MESSAGE][PASSED] - Statbar Files count matches

2021-09-02 21:19:18 - [MESSAGE][PASSED] - Statbar Samples count matches

2021-09-02 21:19:18 - [MESSAGE][PASSED] - Statbar Cases count matches

2021-09-02 21:19:18 - [MESSAGE][PASSED] - Statbar Arms count matches

2021-09-02 21:19:18 - [TEST_STEP][PASSED] - closeBrowser(): Browser is closed

2021-09-02 21:19:19 - [MESSAGE][PASSED] - Browser is closed]]></system-out>
         <system-err><![CDATA[]]></system-err>
      </testcase>
      <testcase name="Test Cases/Canine_TestCases/Breed/TC43_Canine_Filter_Breed-StaffdshrBull" time="77.776" classname="Test Cases/Canine_TestCases/Breed/TC43_Canine_Filter_Breed-StaffdshrBull" status="PASSED">
         <system-out><![CDATA[2021-09-02 21:19:19 - [TEST_CASE][PASSED] - Test Cases/Canine_TestCases/Breed/TC43_Canine_Filter_Breed-StaffdshrBull: Test Cases/Canine_TestCases/Breed/TC43_Canine_Filter_Breed-StaffdshrBull

2021-09-02 21:19:19 - [TEST_STEP][PASSED] - Start listener action : getTestScriptName: null

2021-09-02 21:19:19 - [TEST_STEP][PASSED] - TestCaseId = testCaseContext.getTestCaseId(): null

2021-09-02 21:19:19 - [TEST_STEP][PASSED] - out.println("**********this is the value of test case id string******** " + testCaseContext.getTestCaseId()): null

2021-09-02 21:19:19 - [TEST_STEP][PASSED] - G_currentTCName = TestCaseId.substring(TestCaseId.lastIndexOf("TC")): null

2021-09-02 21:19:19 - [TEST_STEP][PASSED] - out.println("This is the test case name : " + G_currentTCName): null

2021-09-02 21:19:20 - [TEST_STEP][PASSED] - closeBrowser(): Browser is closed

2021-09-02 21:19:20 - [MESSAGE][PASSED] - Browser is closed

2021-09-02 21:19:20 - [TEST_STEP][PASSED] - ctdc.utilities.runtestcaseforKatalon.RunKatalon("TC43_Canine_Filter_Breed-StaffdshrBull.xlsx"): Data loaded from input file for the test case. 

2021-09-02 21:19:20 - [MESSAGE][PASSED] - Test case file loaded This is the full filepath after converting to string :C:\Users\sohilz2\Commons_Automation\InputFiles\TC43_Canine_Filter_Breed-StaffdshrBull.xlsx

2021-09-02 21:19:20 - [MESSAGE][INFO] - Global variable set for password file is :  C:\Users\sohilz2\Commons_Automation\InputFiles\TC43_Canine_Filter_Breed-StaffdshrBull.xlsx

2021-09-02 21:19:24 - [MESSAGE][PASSED] - Data loaded from input file for the test case. 

2021-09-02 21:19:33 - [TEST_STEP][PASSED] - waitForElementPresent(findTestObject("Canine/NavBar/Canine_Cases_Btn"), 5): Object 'Object Repository/Canine/NavBar/Canine_Cases_Btn' is present

2021-09-02 21:19:33 - [MESSAGE][PASSED] - Object 'Object Repository/Canine/NavBar/Canine_Cases_Btn' is present

2021-09-02 21:19:33 - [TEST_STEP][PASSED] - ctdc.utilities.runtestcaseforKatalon.clickTabCanineStat("Canine/NavBar/Canine_Cases_Btn"): ctdc.utilities.runtestcaseforKatalon.clickTabCanineStat is PASSED

2021-09-02 21:19:36 - [MESSAGE][PASSED] - ctdc.utilities.runtestcaseforKatalon.clickTabCanineStat is PASSED

2021-09-02 21:19:36 - [TEST_STEP][PASSED] - waitForElementPresent(findTestObject("Bento/Cases_page/Filter/FilterByCases_Facet"), 5): Object 'Object Repository/Bento/Cases_page/Filter/FilterByCases_Facet' is present

2021-09-02 21:19:36 - [MESSAGE][PASSED] - Object 'Object Repository/Bento/Cases_page/Filter/FilterByCases_Facet' is present

2021-09-02 21:19:36 - [TEST_STEP][PASSED] - ctdc.utilities.runtestcaseforKatalon.clickTabCanineStat("Bento/Cases_page/Filter/FilterByCases_Facet"): ctdc.utilities.runtestcaseforKatalon.clickTabCanineStat is PASSED

2021-09-02 21:19:38 - [MESSAGE][PASSED] - ctdc.utilities.runtestcaseforKatalon.clickTabCanineStat is PASSED

2021-09-02 21:19:38 - [TEST_STEP][PASSED] - waitForElementPresent(findTestObject("Object Repository/Canine/Filter/Breed/BREED_Ddn"), 5): Object 'Object Repository/Canine/Filter/Breed/BREED_Ddn' is present

2021-09-02 21:19:38 - [MESSAGE][PASSED] - Object 'Object Repository/Canine/Filter/Breed/BREED_Ddn' is present

2021-09-02 21:19:38 - [TEST_STEP][PASSED] - ctdc.utilities.runtestcaseforKatalon.clickTabCanineStat("Object Repository/Canine/Filter/Breed/BREED_Ddn"): ctdc.utilities.runtestcaseforKatalon.clickTabCanineStat is PASSED

2021-09-02 21:19:39 - [MESSAGE][PASSED] - ctdc.utilities.runtestcaseforKatalon.clickTabCanineStat is PASSED

2021-09-02 21:19:39 - [TEST_STEP][PASSED] - ctdc.utilities.runtestcaseforKatalon.clickTabCanineStat("Object Repository/Canine/Filter/Breed/StaffdshrBull_Chkbx"): ctdc.utilities.runtestcaseforKatalon.clickTabCanineStat is PASSED

2021-09-02 21:19:40 - [MESSAGE][PASSED] - ctdc.utilities.runtestcaseforKatalon.clickTabCanineStat is PASSED

2021-09-02 21:19:40 - [TEST_STEP][PASSED] - ctdc.utilities.runtestcaseforKatalon.readStatBarCanine("Object Repository/Canine/StatBar/Canine_StatBar-Studies", "Object Repository/Canine/StatBar/Canine_StatBar-Cases", "Object Repository/Canine/StatBar/Canine_StatBar-Samples", "Object Repository/Canine/StatBar/Canine_StatBar-Files", "Object Repository/Canine/StatBar/Canine_StatBar-Aliquots"): ctdc.utilities.runtestcaseforKatalon.readStatBarCanine is PASSED

2021-09-02 21:19:56 - [MESSAGE][PASSED] - ctdc.utilities.runtestcaseforKatalon.readStatBarCanine is PASSED

2021-09-02 21:19:56 - [TEST_STEP][PASSED] - waitForElementPresent(findTestObject("Object Repository/Canine/CanineResults_Cases_Tab"), 5): Object 'Object Repository/Canine/CanineResults_Cases_Tab' is present

2021-09-02 21:19:56 - [MESSAGE][PASSED] - Object 'Object Repository/Canine/CanineResults_Cases_Tab' is present

2021-09-02 21:19:56 - [TEST_STEP][PASSED] - ctdc.utilities.runtestcaseforKatalon.clickTabCanineStat("Object Repository/Canine/CanineResults_Cases_Tab"): ctdc.utilities.runtestcaseforKatalon.clickTabCanineStat is PASSED

2021-09-02 21:19:57 - [MESSAGE][PASSED] - ctdc.utilities.runtestcaseforKatalon.clickTabCanineStat is PASSED

2021-09-02 21:19:57 - [TEST_STEP][PASSED] - ctdc.utilities.runtestcaseforKatalon.multiFunction("ICDC", G_StatBar_Cases, "Object Repository/Canine/Canine_CasesTable", "Object Repository/Canine/Canine_TableHeader", "Object Repository/Canine/Canine_CasesTabNextBtn", G_WebTabnameCases, G_CypherTabnameCases, G_QueryCasesTab): Statbar Arms count matches

2021-09-02 21:20:14 - [MESSAGE][PASSED] - Statbar Files count matches

2021-09-02 21:20:14 - [MESSAGE][PASSED] - Statbar Samples count matches

2021-09-02 21:20:14 - [MESSAGE][PASSED] - Statbar Cases count matches

2021-09-02 21:20:14 - [MESSAGE][PASSED] - Statbar Arms count matches

2021-09-02 21:20:14 - [TEST_STEP][PASSED] - waitForElementPresent(findTestObject("Object Repository/Canine/CanineResults_Samples_Tab"), 5): Object 'Object Repository/Canine/CanineResults_Samples_Tab' is present

2021-09-02 21:20:15 - [MESSAGE][PASSED] - Object 'Object Repository/Canine/CanineResults_Samples_Tab' is present

2021-09-02 21:20:15 - [TEST_STEP][PASSED] - ctdc.utilities.runtestcaseforKatalon.clickTab("Object Repository/Canine/CanineResults_Samples_Tab"): ctdc.utilities.runtestcaseforKatalon.clickTab is PASSED

2021-09-02 21:20:15 - [MESSAGE][PASSED] - ctdc.utilities.runtestcaseforKatalon.clickTab is PASSED

2021-09-02 21:20:15 - [TEST_STEP][PASSED] - ctdc.utilities.runtestcaseforKatalon.multiFunction("ICDC", G_StatBar_Samples, "Object Repository/Canine/Canine_Samples_Table", "Object Repository/Canine/Canine_Samples_TableHdr", "Object Repository/Canine/Canine_SamplesTabNextBtn", G_WebTabnameSamples, G_CypherTabnameSamples, G_QuerySamplesTab): Statbar Arms count matches

2021-09-02 21:20:36 - [MESSAGE][PASSED] - Statbar Files count matches

2021-09-02 21:20:36 - [MESSAGE][PASSED] - Statbar Samples count matches

2021-09-02 21:20:36 - [MESSAGE][PASSED] - Statbar Cases count matches

2021-09-02 21:20:36 - [MESSAGE][PASSED] - Statbar Arms count matches

2021-09-02 21:20:36 - [TEST_STEP][PASSED] - closeBrowser(): Browser is closed

2021-09-02 21:20:37 - [MESSAGE][PASSED] - Browser is closed]]></system-out>
         <system-err><![CDATA[]]></system-err>
      </testcase>
      <testcase name="Test Cases/Canine_TestCases/Breed/TC42_Canine_Filter_Breed-ShihTzu" time="121.99" classname="Test Cases/Canine_TestCases/Breed/TC42_Canine_Filter_Breed-ShihTzu" status="PASSED">
         <system-out><![CDATA[2021-09-02 21:20:37 - [TEST_CASE][PASSED] - Test Cases/Canine_TestCases/Breed/TC42_Canine_Filter_Breed-ShihTzu: Test Cases/Canine_TestCases/Breed/TC42_Canine_Filter_Breed-ShihTzu

2021-09-02 21:20:37 - [TEST_STEP][PASSED] - Start listener action : getTestScriptName: null

2021-09-02 21:20:37 - [TEST_STEP][PASSED] - TestCaseId = testCaseContext.getTestCaseId(): null

2021-09-02 21:20:37 - [TEST_STEP][PASSED] - out.println("**********this is the value of test case id string******** " + testCaseContext.getTestCaseId()): null

2021-09-02 21:20:37 - [TEST_STEP][PASSED] - G_currentTCName = TestCaseId.substring(TestCaseId.lastIndexOf("TC")): null

2021-09-02 21:20:37 - [TEST_STEP][PASSED] - out.println("This is the test case name : " + G_currentTCName): null

2021-09-02 21:20:37 - [TEST_STEP][PASSED] - closeBrowser(): Browser is closed

2021-09-02 21:20:37 - [MESSAGE][PASSED] - Browser is closed

2021-09-02 21:20:37 - [TEST_STEP][PASSED] - ctdc.utilities.runtestcaseforKatalon.RunKatalon("TC42_Canine_Filter_Breed-ShihTzu.xlsx"): Data loaded from input file for the test case. 

2021-09-02 21:20:37 - [MESSAGE][PASSED] - Test case file loaded This is the full filepath after converting to string :C:\Users\sohilz2\Commons_Automation\InputFiles\TC42_Canine_Filter_Breed-ShihTzu.xlsx

2021-09-02 21:20:37 - [MESSAGE][INFO] - Global variable set for password file is :  C:\Users\sohilz2\Commons_Automation\InputFiles\TC42_Canine_Filter_Breed-ShihTzu.xlsx

2021-09-02 21:20:41 - [MESSAGE][PASSED] - Data loaded from input file for the test case. 

2021-09-02 21:20:50 - [TEST_STEP][PASSED] - waitForElementPresent(findTestObject("Canine/NavBar/Canine_Cases_Btn"), 5): Object 'Object Repository/Canine/NavBar/Canine_Cases_Btn' is present

2021-09-02 21:20:50 - [MESSAGE][PASSED] - Object 'Object Repository/Canine/NavBar/Canine_Cases_Btn' is present

2021-09-02 21:20:50 - [TEST_STEP][PASSED] - ctdc.utilities.runtestcaseforKatalon.clickTabCanineStat("Canine/NavBar/Canine_Cases_Btn"): ctdc.utilities.runtestcaseforKatalon.clickTabCanineStat is PASSED

2021-09-02 21:20:53 - [MESSAGE][PASSED] - ctdc.utilities.runtestcaseforKatalon.clickTabCanineStat is PASSED

2021-09-02 21:20:53 - [TEST_STEP][PASSED] - waitForElementPresent(findTestObject("Bento/Cases_page/Filter/FilterByCases_Facet"), 5): Object 'Object Repository/Bento/Cases_page/Filter/FilterByCases_Facet' is present

2021-09-02 21:20:53 - [MESSAGE][PASSED] - Object 'Object Repository/Bento/Cases_page/Filter/FilterByCases_Facet' is present

2021-09-02 21:20:53 - [TEST_STEP][PASSED] - ctdc.utilities.runtestcaseforKatalon.clickTabCanineStat("Bento/Cases_page/Filter/FilterByCases_Facet"): ctdc.utilities.runtestcaseforKatalon.clickTabCanineStat is PASSED

2021-09-02 21:20:55 - [MESSAGE][PASSED] - ctdc.utilities.runtestcaseforKatalon.clickTabCanineStat is PASSED

2021-09-02 21:20:55 - [TEST_STEP][PASSED] - waitForElementPresent(findTestObject("Object Repository/Canine/Filter/Breed/BREED_Ddn"), 5): Object 'Object Repository/Canine/Filter/Breed/BREED_Ddn' is present

2021-09-02 21:20:55 - [MESSAGE][PASSED] - Object 'Object Repository/Canine/Filter/Breed/BREED_Ddn' is present

2021-09-02 21:20:55 - [TEST_STEP][PASSED] - ctdc.utilities.runtestcaseforKatalon.clickTabCanineStat("Object Repository/Canine/Filter/Breed/BREED_Ddn"): ctdc.utilities.runtestcaseforKatalon.clickTabCanineStat is PASSED

2021-09-02 21:20:56 - [MESSAGE][PASSED] - ctdc.utilities.runtestcaseforKatalon.clickTabCanineStat is PASSED

2021-09-02 21:20:56 - [TEST_STEP][PASSED] - ctdc.utilities.runtestcaseforKatalon.clickTabCanineStat("Canine/Filter/Breed/ShihTzu_Chkbx"): ctdc.utilities.runtestcaseforKatalon.clickTabCanineStat is PASSED

2021-09-02 21:20:57 - [MESSAGE][PASSED] - ctdc.utilities.runtestcaseforKatalon.clickTabCanineStat is PASSED

2021-09-02 21:20:57 - [TEST_STEP][PASSED] - ctdc.utilities.runtestcaseforKatalon.readStatBarCanine("Object Repository/Canine/StatBar/Canine_StatBar-Studies", "Object Repository/Canine/StatBar/Canine_StatBar-Cases", "Object Repository/Canine/StatBar/Canine_StatBar-Samples", "Object Repository/Canine/StatBar/Canine_StatBar-Files", "Object Repository/Canine/StatBar/Canine_StatBar-Aliquots"): ctdc.utilities.runtestcaseforKatalon.readStatBarCanine is PASSED

2021-09-02 21:21:13 - [MESSAGE][PASSED] - ctdc.utilities.runtestcaseforKatalon.readStatBarCanine is PASSED

2021-09-02 21:21:13 - [TEST_STEP][PASSED] - waitForElementPresent(findTestObject("Object Repository/Canine/CanineResults_Cases_Tab"), 5): Object 'Object Repository/Canine/CanineResults_Cases_Tab' is present

2021-09-02 21:21:13 - [MESSAGE][PASSED] - Object 'Object Repository/Canine/CanineResults_Cases_Tab' is present

2021-09-02 21:21:13 - [TEST_STEP][PASSED] - ctdc.utilities.runtestcaseforKatalon.clickTabCanineStat("Object Repository/Canine/CanineResults_Cases_Tab"): ctdc.utilities.runtestcaseforKatalon.clickTabCanineStat is PASSED

2021-09-02 21:21:14 - [MESSAGE][PASSED] - ctdc.utilities.runtestcaseforKatalon.clickTabCanineStat is PASSED

2021-09-02 21:21:14 - [TEST_STEP][PASSED] - ctdc.utilities.runtestcaseforKatalon.multiFunction("ICDC", G_StatBar_Cases, "Object Repository/Canine/Canine_CasesTable", "Object Repository/Canine/Canine_TableHeader", "Object Repository/Canine/Canine_CasesTabNextBtn", G_WebTabnameCases, G_CypherTabnameCases, G_QueryCasesTab): Statbar Arms count matches

2021-09-02 21:21:32 - [MESSAGE][PASSED] - Statbar Files count matches

2021-09-02 21:21:32 - [MESSAGE][PASSED] - Statbar Samples count matches

2021-09-02 21:21:32 - [MESSAGE][PASSED] - Statbar Cases count matches

2021-09-02 21:21:32 - [MESSAGE][PASSED] - Statbar Arms count matches

2021-09-02 21:21:32 - [TEST_STEP][PASSED] - waitForElementPresent(findTestObject("Object Repository/Canine/CanineResults_Samples_Tab"), 5): Object 'Object Repository/Canine/CanineResults_Samples_Tab' is present

2021-09-02 21:21:32 - [MESSAGE][PASSED] - Object 'Object Repository/Canine/CanineResults_Samples_Tab' is present

2021-09-02 21:21:32 - [TEST_STEP][PASSED] - ctdc.utilities.runtestcaseforKatalon.clickTabCanineStat("Object Repository/Canine/CanineResults_Samples_Tab"): ctdc.utilities.runtestcaseforKatalon.clickTabCanineStat is PASSED

2021-09-02 21:21:34 - [MESSAGE][PASSED] - ctdc.utilities.runtestcaseforKatalon.clickTabCanineStat is PASSED

2021-09-02 21:21:34 - [TEST_STEP][PASSED] - ctdc.utilities.runtestcaseforKatalon.multiFunction("ICDC", G_StatBar_Samples, "Object Repository/Canine/Canine_Samples_Table", "Object Repository/Canine/Canine_Samples_TableHdr", "Object Repository/Canine/Canine_SamplesTabNextBtn", G_WebTabnameSamples, G_CypherTabnameSamples, G_QuerySamplesTab): Statbar Arms count matches

2021-09-02 21:21:53 - [MESSAGE][PASSED] - Statbar Files count matches

2021-09-02 21:21:53 - [MESSAGE][PASSED] - Statbar Samples count matches

2021-09-02 21:21:53 - [MESSAGE][PASSED] - Statbar Cases count matches

2021-09-02 21:21:53 - [MESSAGE][PASSED] - Statbar Arms count matches

2021-09-02 21:21:53 - [TEST_STEP][PASSED] - waitForElementPresent(findTestObject("Object Repository/Canine/CanineResults_Files_Tab"), 5): Object 'Object Repository/Canine/CanineResults_Files_Tab' is present

2021-09-02 21:21:53 - [MESSAGE][PASSED] - Object 'Object Repository/Canine/CanineResults_Files_Tab' is present

2021-09-02 21:21:53 - [TEST_STEP][PASSED] - ctdc.utilities.runtestcaseforKatalon.clickTab("Object Repository/Canine/CanineResults_Files_Tab"): ctdc.utilities.runtestcaseforKatalon.clickTab is PASSED

2021-09-02 21:21:54 - [MESSAGE][PASSED] - ctdc.utilities.runtestcaseforKatalon.clickTab is PASSED

2021-09-02 21:21:54 - [TEST_STEP][PASSED] - ctdc.utilities.runtestcaseforKatalon.multiFunction("ICDC", G_StatBar_Files, "Object Repository/Canine/Canine_Files_Table", "Object Repository/Canine/Canine_Files_TableHdr", "Object Repository/Canine/Canine_FilesTabNextBtn", G_WebTabnameFiles, G_CypherTabnameFiles, G_QueryFilesTab): Statbar Arms count matches

2021-09-02 21:22:38 - [MESSAGE][PASSED] - Statbar Files count matches

2021-09-02 21:22:38 - [MESSAGE][PASSED] - Statbar Samples count matches

2021-09-02 21:22:38 - [MESSAGE][PASSED] - Statbar Cases count matches

2021-09-02 21:22:38 - [MESSAGE][PASSED] - Statbar Arms count matches

2021-09-02 21:22:38 - [TEST_STEP][PASSED] - closeBrowser(): Browser is closed

2021-09-02 21:22:39 - [MESSAGE][PASSED] - Browser is closed]]></system-out>
         <system-err><![CDATA[]]></system-err>
      </testcase>
      <testcase name="Test Cases/Canine_TestCases/Breed/TC41_Canine_Filter_Breed-Samoyed" time="99.556" classname="Test Cases/Canine_TestCases/Breed/TC41_Canine_Filter_Breed-Samoyed" status="PASSED">
         <system-out><![CDATA[2021-09-02 21:22:39 - [TEST_CASE][PASSED] - Test Cases/Canine_TestCases/Breed/TC41_Canine_Filter_Breed-Samoyed: Test Cases/Canine_TestCases/Breed/TC41_Canine_Filter_Breed-Samoyed

2021-09-02 21:22:39 - [TEST_STEP][PASSED] - Start listener action : getTestScriptName: null

2021-09-02 21:22:39 - [TEST_STEP][PASSED] - TestCaseId = testCaseContext.getTestCaseId(): null

2021-09-02 21:22:39 - [TEST_STEP][PASSED] - out.println("**********this is the value of test case id string******** " + testCaseContext.getTestCaseId()): null

2021-09-02 21:22:39 - [TEST_STEP][PASSED] - G_currentTCName = TestCaseId.substring(TestCaseId.lastIndexOf("TC")): null

2021-09-02 21:22:39 - [TEST_STEP][PASSED] - out.println("This is the test case name : " + G_currentTCName): null

2021-09-02 21:22:39 - [TEST_STEP][PASSED] - closeBrowser(): Browser is closed

2021-09-02 21:22:39 - [MESSAGE][PASSED] - Browser is closed

2021-09-02 21:22:39 - [TEST_STEP][PASSED] - ctdc.utilities.runtestcaseforKatalon.RunKatalon("TC41_Canine_Filter_Breed-Samoyed.xlsx"): Data loaded from input file for the test case. 

2021-09-02 21:22:39 - [MESSAGE][PASSED] - Test case file loaded This is the full filepath after converting to string :C:\Users\sohilz2\Commons_Automation\InputFiles\TC41_Canine_Filter_Breed-Samoyed.xlsx

2021-09-02 21:22:39 - [MESSAGE][INFO] - Global variable set for password file is :  C:\Users\sohilz2\Commons_Automation\InputFiles\TC41_Canine_Filter_Breed-Samoyed.xlsx

2021-09-02 21:22:43 - [MESSAGE][PASSED] - Data loaded from input file for the test case. 

2021-09-02 21:22:51 - [TEST_STEP][PASSED] - click(findTestObject("Canine/NavBar/Canine_Cases_Btn")): Object: 'Object Repository/Canine/NavBar/Canine_Cases_Btn' is clicked on

2021-09-02 21:22:51 - [MESSAGE][PASSED] - Object: 'Object Repository/Canine/NavBar/Canine_Cases_Btn' is clicked on

2021-09-02 21:22:51 - [TEST_STEP][PASSED] - click(findTestObject("Bento/Cases_page/Filter/FilterByCases_Facet")): Object: 'Object Repository/Bento/Cases_page/Filter/FilterByCases_Facet' is clicked on

2021-09-02 21:22:53 - [MESSAGE][PASSED] - Object: 'Object Repository/Bento/Cases_page/Filter/FilterByCases_Facet' is clicked on

2021-09-02 21:22:53 - [TEST_STEP][PASSED] - waitForElementPresent(findTestObject("Object Repository/Canine/Filter/Breed/BREED_Ddn"), 5): Object 'Object Repository/Canine/Filter/Breed/BREED_Ddn' is present

2021-09-02 21:22:53 - [MESSAGE][PASSED] - Object 'Object Repository/Canine/Filter/Breed/BREED_Ddn' is present

2021-09-02 21:22:53 - [TEST_STEP][PASSED] - ctdc.utilities.runtestcaseforKatalon.clickTabCanineStat("Object Repository/Canine/Filter/Breed/BREED_Ddn"): ctdc.utilities.runtestcaseforKatalon.clickTabCanineStat is PASSED

2021-09-02 21:22:55 - [MESSAGE][PASSED] - ctdc.utilities.runtestcaseforKatalon.clickTabCanineStat is PASSED

2021-09-02 21:22:55 - [TEST_STEP][PASSED] - ctdc.utilities.runtestcaseforKatalon.clickTabCanineStat("Object Repository/Canine/Filter/Breed/Samoyed_Chkbx"): ctdc.utilities.runtestcaseforKatalon.clickTabCanineStat is PASSED

2021-09-02 21:22:56 - [MESSAGE][PASSED] - ctdc.utilities.runtestcaseforKatalon.clickTabCanineStat is PASSED

2021-09-02 21:22:56 - [TEST_STEP][PASSED] - ctdc.utilities.runtestcaseforKatalon.readStatBarCanine("Object Repository/Canine/StatBar/Canine_StatBar-Studies", "Object Repository/Canine/StatBar/Canine_StatBar-Cases", "Object Repository/Canine/StatBar/Canine_StatBar-Samples", "Object Repository/Canine/StatBar/Canine_StatBar-Files", "Object Repository/Canine/StatBar/Canine_StatBar-Aliquots"): ctdc.utilities.runtestcaseforKatalon.readStatBarCanine is PASSED

2021-09-02 21:23:12 - [MESSAGE][PASSED] - ctdc.utilities.runtestcaseforKatalon.readStatBarCanine is PASSED

2021-09-02 21:23:12 - [TEST_STEP][PASSED] - waitForElementPresent(findTestObject("Object Repository/Canine/CanineResults_Cases_Tab"), 5): Object 'Object Repository/Canine/CanineResults_Cases_Tab' is present

2021-09-02 21:23:12 - [MESSAGE][PASSED] - Object 'Object Repository/Canine/CanineResults_Cases_Tab' is present

2021-09-02 21:23:12 - [TEST_STEP][PASSED] - ctdc.utilities.runtestcaseforKatalon.clickTabCanineStat("Object Repository/Canine/CanineResults_Cases_Tab"): ctdc.utilities.runtestcaseforKatalon.clickTabCanineStat is PASSED

2021-09-02 21:23:13 - [MESSAGE][PASSED] - ctdc.utilities.runtestcaseforKatalon.clickTabCanineStat is PASSED

2021-09-02 21:23:13 - [TEST_STEP][PASSED] - ctdc.utilities.runtestcaseforKatalon.multiFunction("ICDC", G_StatBar_Cases, "Object Repository/Canine/Canine_CasesTable", "Object Repository/Canine/Canine_TableHeader", "Object Repository/Canine/Canine_CasesTabNextBtn", G_WebTabnameCases, G_CypherTabnameCases, G_QueryCasesTab): Statbar Arms count matches

2021-09-02 21:23:29 - [MESSAGE][PASSED] - Statbar Files count matches

2021-09-02 21:23:29 - [MESSAGE][PASSED] - Statbar Samples count matches

2021-09-02 21:23:29 - [MESSAGE][PASSED] - Statbar Cases count matches

2021-09-02 21:23:29 - [MESSAGE][PASSED] - Statbar Arms count matches

2021-09-02 21:23:29 - [TEST_STEP][PASSED] - waitForElementPresent(findTestObject("Object Repository/Canine/CanineResults_Samples_Tab"), 5): Object 'Object Repository/Canine/CanineResults_Samples_Tab' is present

2021-09-02 21:23:30 - [MESSAGE][PASSED] - Object 'Object Repository/Canine/CanineResults_Samples_Tab' is present

2021-09-02 21:23:30 - [TEST_STEP][PASSED] - ctdc.utilities.runtestcaseforKatalon.clickTabCanineStat("Object Repository/Canine/CanineResults_Samples_Tab"): ctdc.utilities.runtestcaseforKatalon.clickTabCanineStat is PASSED

2021-09-02 21:23:31 - [MESSAGE][PASSED] - ctdc.utilities.runtestcaseforKatalon.clickTabCanineStat is PASSED

2021-09-02 21:23:31 - [TEST_STEP][PASSED] - ctdc.utilities.runtestcaseforKatalon.multiFunction("ICDC", G_StatBar_Samples, "Object Repository/Canine/Canine_Samples_Table", "Object Repository/Canine/Canine_Samples_TableHdr", "Object Repository/Canine/Canine_SamplesTabNextBtn", G_WebTabnameSamples, G_CypherTabnameCases, G_QuerySamplesTab): Statbar Arms count matches

2021-09-02 21:23:49 - [MESSAGE][PASSED] - Statbar Files count matches

2021-09-02 21:23:49 - [MESSAGE][PASSED] - Statbar Samples count matches

2021-09-02 21:23:49 - [MESSAGE][PASSED] - Statbar Cases count matches

2021-09-02 21:23:49 - [MESSAGE][PASSED] - Statbar Arms count matches

2021-09-02 21:23:49 - [TEST_STEP][PASSED] - waitForElementPresent(findTestObject("Object Repository/Canine/CanineResults_Files_Tab"), 5): Object 'Object Repository/Canine/CanineResults_Files_Tab' is present

2021-09-02 21:23:49 - [MESSAGE][PASSED] - Object 'Object Repository/Canine/CanineResults_Files_Tab' is present

2021-09-02 21:23:49 - [TEST_STEP][PASSED] - ctdc.utilities.runtestcaseforKatalon.clickTab("Object Repository/Canine/CanineResults_Files_Tab"): ctdc.utilities.runtestcaseforKatalon.clickTab is PASSED

2021-09-02 21:23:49 - [MESSAGE][PASSED] - ctdc.utilities.runtestcaseforKatalon.clickTab is PASSED

2021-09-02 21:23:49 - [TEST_STEP][PASSED] - ctdc.utilities.runtestcaseforKatalon.multiFunction("ICDC", G_StatBar_Files, "Object Repository/Canine/Canine_Files_Table", "Object Repository/Canine/Canine_Files_TableHdr", "Object Repository/Canine/Canine_FilesTabNextBtn", G_WebTabnameFiles, G_CypherTabnameFiles, G_QueryFilesTab): Statbar Arms count matches

2021-09-02 21:24:18 - [MESSAGE][PASSED] - Statbar Files count matches

2021-09-02 21:24:18 - [MESSAGE][PASSED] - Statbar Samples count matches

2021-09-02 21:24:18 - [MESSAGE][PASSED] - Statbar Cases count matches

2021-09-02 21:24:18 - [MESSAGE][PASSED] - Statbar Arms count matches

2021-09-02 21:24:18 - [TEST_STEP][PASSED] - closeBrowser(): Browser is closed

2021-09-02 21:24:18 - [MESSAGE][PASSED] - Browser is closed]]></system-out>
         <system-err><![CDATA[]]></system-err>
      </testcase>
      <testcase name="Test Cases/Canine_TestCases/Breed/TC40_Canine_Filter_Breed-SaintBnd" time="90.485" classname="Test Cases/Canine_TestCases/Breed/TC40_Canine_Filter_Breed-SaintBnd" status="PASSED">
         <system-out><![CDATA[2021-09-02 21:24:18 - [TEST_CASE][PASSED] - Test Cases/Canine_TestCases/Breed/TC40_Canine_Filter_Breed-SaintBnd: Test Cases/Canine_TestCases/Breed/TC40_Canine_Filter_Breed-SaintBnd

2021-09-02 21:24:18 - [TEST_STEP][PASSED] - Start listener action : getTestScriptName: null

2021-09-02 21:24:18 - [TEST_STEP][PASSED] - TestCaseId = testCaseContext.getTestCaseId(): null

2021-09-02 21:24:18 - [TEST_STEP][PASSED] - out.println("**********this is the value of test case id string******** " + testCaseContext.getTestCaseId()): null

2021-09-02 21:24:18 - [TEST_STEP][PASSED] - G_currentTCName = TestCaseId.substring(TestCaseId.lastIndexOf("TC")): null

2021-09-02 21:24:18 - [TEST_STEP][PASSED] - out.println("This is the test case name : " + G_currentTCName): null

2021-09-02 21:24:19 - [TEST_STEP][PASSED] - closeBrowser(): Browser is closed

2021-09-02 21:24:19 - [MESSAGE][PASSED] - Browser is closed

2021-09-02 21:24:19 - [TEST_STEP][PASSED] - ctdc.utilities.runtestcaseforKatalon.RunKatalon("TC40_Canine_Filter_Breed-SaintBnd.xlsx"): Data loaded from input file for the test case. 

2021-09-02 21:24:19 - [MESSAGE][PASSED] - Test case file loaded This is the full filepath after converting to string :C:\Users\sohilz2\Commons_Automation\InputFiles\TC40_Canine_Filter_Breed-SaintBnd.xlsx

2021-09-02 21:24:19 - [MESSAGE][INFO] - Global variable set for password file is :  C:\Users\sohilz2\Commons_Automation\InputFiles\TC40_Canine_Filter_Breed-SaintBnd.xlsx

2021-09-02 21:24:23 - [MESSAGE][PASSED] - Data loaded from input file for the test case. 

2021-09-02 21:24:31 - [TEST_STEP][PASSED] - click(findTestObject("Canine/NavBar/Canine_Cases_Btn")): Object: 'Object Repository/Canine/NavBar/Canine_Cases_Btn' is clicked on

2021-09-02 21:24:31 - [MESSAGE][PASSED] - Object: 'Object Repository/Canine/NavBar/Canine_Cases_Btn' is clicked on

2021-09-02 21:24:31 - [TEST_STEP][PASSED] - click(findTestObject("Bento/Cases_page/Filter/FilterByCases_Facet")): Object: 'Object Repository/Bento/Cases_page/Filter/FilterByCases_Facet' is clicked on

2021-09-02 21:24:32 - [MESSAGE][PASSED] - Object: 'Object Repository/Bento/Cases_page/Filter/FilterByCases_Facet' is clicked on

2021-09-02 21:24:32 - [TEST_STEP][PASSED] - waitForElementPresent(findTestObject("Object Repository/Canine/Filter/Breed/BREED_Ddn"), 5): Object 'Object Repository/Canine/Filter/Breed/BREED_Ddn' is present

2021-09-02 21:24:33 - [MESSAGE][PASSED] - Object 'Object Repository/Canine/Filter/Breed/BREED_Ddn' is present

2021-09-02 21:24:33 - [TEST_STEP][PASSED] - ctdc.utilities.runtestcaseforKatalon.clickTabCanineStat("Object Repository/Canine/Filter/Breed/BREED_Ddn"): ctdc.utilities.runtestcaseforKatalon.clickTabCanineStat is PASSED

2021-09-02 21:24:35 - [MESSAGE][PASSED] - ctdc.utilities.runtestcaseforKatalon.clickTabCanineStat is PASSED

2021-09-02 21:24:35 - [TEST_STEP][PASSED] - ctdc.utilities.runtestcaseforKatalon.clickTabCanineStat("Object Repository/Canine/Filter/Breed/SaintBnd_Chkbx"): ctdc.utilities.runtestcaseforKatalon.clickTabCanineStat is PASSED

2021-09-02 21:24:36 - [MESSAGE][PASSED] - ctdc.utilities.runtestcaseforKatalon.clickTabCanineStat is PASSED

2021-09-02 21:24:36 - [TEST_STEP][PASSED] - ctdc.utilities.runtestcaseforKatalon.readStatBarCanine("Object Repository/Canine/StatBar/Canine_StatBar-Studies", "Object Repository/Canine/StatBar/Canine_StatBar-Cases", "Object Repository/Canine/StatBar/Canine_StatBar-Samples", "Object Repository/Canine/StatBar/Canine_StatBar-Files", "Object Repository/Canine/StatBar/Canine_StatBar-Aliquots"): ctdc.utilities.runtestcaseforKatalon.readStatBarCanine is PASSED

2021-09-02 21:24:51 - [MESSAGE][PASSED] - ctdc.utilities.runtestcaseforKatalon.readStatBarCanine is PASSED

2021-09-02 21:24:51 - [TEST_STEP][PASSED] - waitForElementPresent(findTestObject("Object Repository/Canine/CanineResults_Cases_Tab"), 5): Object 'Object Repository/Canine/CanineResults_Cases_Tab' is present

2021-09-02 21:24:51 - [MESSAGE][PASSED] - Object 'Object Repository/Canine/CanineResults_Cases_Tab' is present

2021-09-02 21:24:51 - [TEST_STEP][PASSED] - ctdc.utilities.runtestcaseforKatalon.clickTabCanineStat("Object Repository/Canine/CanineResults_Cases_Tab"): ctdc.utilities.runtestcaseforKatalon.clickTabCanineStat is PASSED

2021-09-02 21:24:53 - [MESSAGE][PASSED] - ctdc.utilities.runtestcaseforKatalon.clickTabCanineStat is PASSED

2021-09-02 21:24:53 - [TEST_STEP][PASSED] - ctdc.utilities.runtestcaseforKatalon.multiFunction("ICDC", G_StatBar_Cases, "Object Repository/Canine/Canine_CasesTable", "Object Repository/Canine/Canine_TableHeader", "Object Repository/Canine/Canine_CasesTabNextBtn", G_WebTabnameCases, G_CypherTabnameCases, G_QueryCasesTab): Statbar Arms count matches

2021-09-02 21:25:10 - [MESSAGE][PASSED] - Statbar Files count matches

2021-09-02 21:25:10 - [MESSAGE][PASSED] - Statbar Samples count matches

2021-09-02 21:25:10 - [MESSAGE][PASSED] - Statbar Cases count matches

2021-09-02 21:25:10 - [MESSAGE][PASSED] - Statbar Arms count matches

2021-09-02 21:25:10 - [TEST_STEP][PASSED] - waitForElementPresent(findTestObject("Object Repository/Canine/CanineResults_Samples_Tab"), 5): Object 'Object Repository/Canine/CanineResults_Samples_Tab' is present

2021-09-02 21:25:10 - [MESSAGE][PASSED] - Object 'Object Repository/Canine/CanineResults_Samples_Tab' is present

2021-09-02 21:25:10 - [TEST_STEP][PASSED] - ctdc.utilities.runtestcaseforKatalon.clickTabCanineStat("Object Repository/Canine/CanineResults_Samples_Tab"): ctdc.utilities.runtestcaseforKatalon.clickTabCanineStat is PASSED

2021-09-02 21:25:11 - [MESSAGE][PASSED] - ctdc.utilities.runtestcaseforKatalon.clickTabCanineStat is PASSED

2021-09-02 21:25:11 - [TEST_STEP][PASSED] - ctdc.utilities.runtestcaseforKatalon.multiFunction("ICDC", G_StatBar_Samples, "Object Repository/Canine/Canine_Samples_Table", "Object Repository/Canine/Canine_Samples_TableHdr", "Object Repository/Canine/Canine_SamplesTabNextBtn", G_WebTabnameSamples, G_CypherTabnameSamples, G_QuerySamplesTab): Statbar Arms count matches

2021-09-02 21:25:30 - [MESSAGE][PASSED] - Statbar Files count matches

2021-09-02 21:25:30 - [MESSAGE][PASSED] - Statbar Samples count matches

2021-09-02 21:25:30 - [MESSAGE][PASSED] - Statbar Cases count matches

2021-09-02 21:25:30 - [MESSAGE][PASSED] - Statbar Arms count matches

2021-09-02 21:25:30 - [TEST_STEP][PASSED] - waitForElementPresent(findTestObject("Object Repository/Canine/CanineResults_Files_Tab"), 5): Object 'Object Repository/Canine/CanineResults_Files_Tab' is present

2021-09-02 21:25:30 - [MESSAGE][PASSED] - Object 'Object Repository/Canine/CanineResults_Files_Tab' is present

2021-09-02 21:25:30 - [TEST_STEP][PASSED] - ctdc.utilities.runtestcaseforKatalon.clickTabCanineStat("Object Repository/Canine/CanineResults_Files_Tab"): ctdc.utilities.runtestcaseforKatalon.clickTabCanineStat is PASSED

2021-09-02 21:25:31 - [MESSAGE][PASSED] - ctdc.utilities.runtestcaseforKatalon.clickTabCanineStat is PASSED

2021-09-02 21:25:31 - [TEST_STEP][PASSED] - ctdc.utilities.runtestcaseforKatalon.multiFunction("ICDC", G_StatBar_Files, "Object Repository/Canine/Canine_Files_Table", "Object Repository/Canine/Canine_Files_TableHdr", "Object Repository/Canine/Canine_FilesTabNextBtn", G_WebTabnameFiles, G_CypherTabnameFiles, G_QueryFilesTab): Statbar Arms count matches

2021-09-02 21:25:48 - [MESSAGE][PASSED] - Statbar Files count matches

2021-09-02 21:25:48 - [MESSAGE][PASSED] - Statbar Samples count matches

2021-09-02 21:25:48 - [MESSAGE][PASSED] - Statbar Cases count matches

2021-09-02 21:25:48 - [MESSAGE][PASSED] - Statbar Arms count matches

2021-09-02 21:25:48 - [TEST_STEP][PASSED] - closeBrowser(): Browser is closed

2021-09-02 21:25:49 - [MESSAGE][PASSED] - Browser is closed]]></system-out>
         <system-err><![CDATA[]]></system-err>
      </testcase>
      <testcase name="Test Cases/Canine_TestCases/Breed/TC39_Canine_Filter_Breed-Rottweiler" time="104.178" classname="Test Cases/Canine_TestCases/Breed/TC39_Canine_Filter_Breed-Rottweiler" status="PASSED">
         <system-out><![CDATA[2021-09-02 21:25:49 - [TEST_CASE][PASSED] - Test Cases/Canine_TestCases/Breed/TC39_Canine_Filter_Breed-Rottweiler: Test Cases/Canine_TestCases/Breed/TC39_Canine_Filter_Breed-Rottweiler

2021-09-02 21:25:49 - [TEST_STEP][PASSED] - Start listener action : getTestScriptName: null

2021-09-02 21:25:49 - [TEST_STEP][PASSED] - TestCaseId = testCaseContext.getTestCaseId(): null

2021-09-02 21:25:49 - [TEST_STEP][PASSED] - out.println("**********this is the value of test case id string******** " + testCaseContext.getTestCaseId()): null

2021-09-02 21:25:49 - [TEST_STEP][PASSED] - G_currentTCName = TestCaseId.substring(TestCaseId.lastIndexOf("TC")): null

2021-09-02 21:25:49 - [TEST_STEP][PASSED] - out.println("This is the test case name : " + G_currentTCName): null

2021-09-02 21:25:49 - [TEST_STEP][PASSED] - closeBrowser(): Browser is closed

2021-09-02 21:25:49 - [MESSAGE][PASSED] - Browser is closed

2021-09-02 21:25:49 - [TEST_STEP][PASSED] - ctdc.utilities.runtestcaseforKatalon.RunKatalon("TC39_Canine_Filter_Breed-Rottweiler.xlsx"): Data loaded from input file for the test case. 

2021-09-02 21:25:49 - [MESSAGE][PASSED] - Test case file loaded This is the full filepath after converting to string :C:\Users\sohilz2\Commons_Automation\InputFiles\TC39_Canine_Filter_Breed-Rottweiler.xlsx

2021-09-02 21:25:49 - [MESSAGE][INFO] - Global variable set for password file is :  C:\Users\sohilz2\Commons_Automation\InputFiles\TC39_Canine_Filter_Breed-Rottweiler.xlsx

2021-09-02 21:25:53 - [MESSAGE][PASSED] - Data loaded from input file for the test case. 

2021-09-02 21:26:01 - [TEST_STEP][PASSED] - click(findTestObject("Canine/NavBar/Canine_Cases_Btn")): Object: 'Object Repository/Canine/NavBar/Canine_Cases_Btn' is clicked on

2021-09-02 21:26:01 - [MESSAGE][PASSED] - Object: 'Object Repository/Canine/NavBar/Canine_Cases_Btn' is clicked on

2021-09-02 21:26:01 - [TEST_STEP][PASSED] - click(findTestObject("Bento/Cases_page/Filter/FilterByCases_Facet")): Object: 'Object Repository/Bento/Cases_page/Filter/FilterByCases_Facet' is clicked on

2021-09-02 21:26:03 - [MESSAGE][PASSED] - Object: 'Object Repository/Bento/Cases_page/Filter/FilterByCases_Facet' is clicked on

2021-09-02 21:26:03 - [TEST_STEP][PASSED] - waitForElementPresent(findTestObject("Object Repository/Canine/Filter/Breed/BREED_Ddn"), 5): Object 'Object Repository/Canine/Filter/Breed/BREED_Ddn' is present

2021-09-02 21:26:03 - [MESSAGE][PASSED] - Object 'Object Repository/Canine/Filter/Breed/BREED_Ddn' is present

2021-09-02 21:26:03 - [TEST_STEP][PASSED] - ctdc.utilities.runtestcaseforKatalon.clickTabCanineStat("Object Repository/Canine/Filter/Breed/BREED_Ddn"): ctdc.utilities.runtestcaseforKatalon.clickTabCanineStat is PASSED

2021-09-02 21:26:05 - [MESSAGE][PASSED] - ctdc.utilities.runtestcaseforKatalon.clickTabCanineStat is PASSED

2021-09-02 21:26:05 - [TEST_STEP][PASSED] - ctdc.utilities.runtestcaseforKatalon.clickTabCanineStat("Object Repository/Canine/Filter/Breed/Rottweiler_Chkbx"): ctdc.utilities.runtestcaseforKatalon.clickTabCanineStat is PASSED

2021-09-02 21:26:06 - [MESSAGE][PASSED] - ctdc.utilities.runtestcaseforKatalon.clickTabCanineStat is PASSED

2021-09-02 21:26:06 - [TEST_STEP][PASSED] - ctdc.utilities.runtestcaseforKatalon.readStatBarCanine("Object Repository/Canine/StatBar/Canine_StatBar-Studies", "Object Repository/Canine/StatBar/Canine_StatBar-Cases", "Object Repository/Canine/StatBar/Canine_StatBar-Samples", "Object Repository/Canine/StatBar/Canine_StatBar-Files", "Object Repository/Canine/StatBar/Canine_StatBar-Aliquots"): ctdc.utilities.runtestcaseforKatalon.readStatBarCanine is PASSED

2021-09-02 21:26:22 - [MESSAGE][PASSED] - ctdc.utilities.runtestcaseforKatalon.readStatBarCanine is PASSED

2021-09-02 21:26:22 - [TEST_STEP][PASSED] - waitForElementPresent(findTestObject("Object Repository/Canine/CanineResults_Cases_Tab"), 5): Object 'Object Repository/Canine/CanineResults_Cases_Tab' is present

2021-09-02 21:26:22 - [MESSAGE][PASSED] - Object 'Object Repository/Canine/CanineResults_Cases_Tab' is present

2021-09-02 21:26:22 - [TEST_STEP][PASSED] - ctdc.utilities.runtestcaseforKatalon.clickTabCanineStat("Object Repository/Canine/CanineResults_Cases_Tab"): ctdc.utilities.runtestcaseforKatalon.clickTabCanineStat is PASSED

2021-09-02 21:26:24 - [MESSAGE][PASSED] - ctdc.utilities.runtestcaseforKatalon.clickTabCanineStat is PASSED

2021-09-02 21:26:24 - [TEST_STEP][PASSED] - ctdc.utilities.runtestcaseforKatalon.multiFunction("ICDC", G_StatBar_Cases, "Object Repository/Canine/Canine_CasesTable", "Object Repository/Canine/Canine_TableHeader", "Object Repository/Canine/Canine_CasesTabNextBtn", G_WebTabnameCases, G_CypherTabnameCases, G_QueryCasesTab): Statbar Arms count matches

2021-09-02 21:26:44 - [MESSAGE][PASSED] - Statbar Files count matches

2021-09-02 21:26:44 - [MESSAGE][PASSED] - Statbar Samples count matches

2021-09-02 21:26:44 - [MESSAGE][PASSED] - Statbar Cases count matches

2021-09-02 21:26:44 - [MESSAGE][PASSED] - Statbar Arms count matches

2021-09-02 21:26:44 - [TEST_STEP][PASSED] - waitForElementPresent(findTestObject("Object Repository/Canine/CanineResults_Samples_Tab"), 5): Object 'Object Repository/Canine/CanineResults_Samples_Tab' is present

2021-09-02 21:26:44 - [MESSAGE][PASSED] - Object 'Object Repository/Canine/CanineResults_Samples_Tab' is present

2021-09-02 21:26:44 - [TEST_STEP][PASSED] - ctdc.utilities.runtestcaseforKatalon.clickTabCanineStat("Object Repository/Canine/CanineResults_Samples_Tab"): ctdc.utilities.runtestcaseforKatalon.clickTabCanineStat is PASSED

2021-09-02 21:26:45 - [MESSAGE][PASSED] - ctdc.utilities.runtestcaseforKatalon.clickTabCanineStat is PASSED

2021-09-02 21:26:45 - [TEST_STEP][PASSED] - ctdc.utilities.runtestcaseforKatalon.multiFunction("ICDC", G_StatBar_Samples, "Object Repository/Canine/Canine_Samples_Table", "Object Repository/Canine/Canine_Samples_TableHdr", "Object Repository/Canine/Canine_SamplesTabNextBtn", G_WebTabnameSamples, G_CypherTabnameSamples, G_QuerySamplesTab): Statbar Arms count matches

2021-09-02 21:27:14 - [MESSAGE][PASSED] - Statbar Files count matches

2021-09-02 21:27:14 - [MESSAGE][PASSED] - Statbar Samples count matches

2021-09-02 21:27:14 - [MESSAGE][PASSED] - Statbar Cases count matches

2021-09-02 21:27:14 - [MESSAGE][PASSED] - Statbar Arms count matches

2021-09-02 21:27:14 - [TEST_STEP][PASSED] - waitForElementPresent(findTestObject("Object Repository/Canine/CanineResults_Files_Tab"), 5): Object 'Object Repository/Canine/CanineResults_Files_Tab' is present

2021-09-02 21:27:14 - [MESSAGE][PASSED] - Object 'Object Repository/Canine/CanineResults_Files_Tab' is present

2021-09-02 21:27:14 - [TEST_STEP][PASSED] - ctdc.utilities.runtestcaseforKatalon.clickTabCanineStat("Object Repository/Canine/CanineResults_Files_Tab"): ctdc.utilities.runtestcaseforKatalon.clickTabCanineStat is PASSED

2021-09-02 21:27:15 - [MESSAGE][PASSED] - ctdc.utilities.runtestcaseforKatalon.clickTabCanineStat is PASSED

2021-09-02 21:27:15 - [TEST_STEP][PASSED] - ctdc.utilities.runtestcaseforKatalon.multiFunction("ICDC", G_StatBar_Files, "Object Repository/Canine/Canine_Files_Table", "Object Repository/Canine/Canine_Files_TableHdr", "Object Repository/Canine/Canine_FilesTabNextBtn", G_WebTabnameFiles, G_CypherTabnameFiles, G_QueryFilesTab): Statbar Arms count matches

2021-09-02 21:27:32 - [MESSAGE][PASSED] - Statbar Files count matches

2021-09-02 21:27:32 - [MESSAGE][PASSED] - Statbar Samples count matches

2021-09-02 21:27:32 - [MESSAGE][PASSED] - Statbar Cases count matches

2021-09-02 21:27:32 - [MESSAGE][PASSED] - Statbar Arms count matches

2021-09-02 21:27:32 - [TEST_STEP][PASSED] - closeBrowser(): Browser is closed

2021-09-02 21:27:33 - [MESSAGE][PASSED] - Browser is closed]]></system-out>
         <system-err><![CDATA[]]></system-err>
      </testcase>
      <testcase name="Test Cases/Canine_TestCases/Breed/TC38_Canine_Filter_Breed-Poodle" time="103.219" classname="Test Cases/Canine_TestCases/Breed/TC38_Canine_Filter_Breed-Poodle" status="PASSED">
         <system-out><![CDATA[2021-09-02 21:27:33 - [TEST_CASE][PASSED] - Test Cases/Canine_TestCases/Breed/TC38_Canine_Filter_Breed-Poodle: Test Cases/Canine_TestCases/Breed/TC38_Canine_Filter_Breed-Poodle

2021-09-02 21:27:33 - [TEST_STEP][PASSED] - Start listener action : getTestScriptName: null

2021-09-02 21:27:33 - [TEST_STEP][PASSED] - TestCaseId = testCaseContext.getTestCaseId(): null

2021-09-02 21:27:33 - [TEST_STEP][PASSED] - out.println("**********this is the value of test case id string******** " + testCaseContext.getTestCaseId()): null

2021-09-02 21:27:33 - [TEST_STEP][PASSED] - G_currentTCName = TestCaseId.substring(TestCaseId.lastIndexOf("TC")): null

2021-09-02 21:27:33 - [TEST_STEP][PASSED] - out.println("This is the test case name : " + G_currentTCName): null

2021-09-02 21:27:34 - [TEST_STEP][PASSED] - closeBrowser(): Browser is closed

2021-09-02 21:27:34 - [MESSAGE][PASSED] - Browser is closed

2021-09-02 21:27:34 - [TEST_STEP][PASSED] - ctdc.utilities.runtestcaseforKatalon.RunKatalon("TC38_Canine_Filter_Breed-Poodle.xlsx"): Data loaded from input file for the test case. 

2021-09-02 21:27:34 - [MESSAGE][PASSED] - Test case file loaded This is the full filepath after converting to string :C:\Users\sohilz2\Commons_Automation\InputFiles\TC38_Canine_Filter_Breed-Poodle.xlsx

2021-09-02 21:27:34 - [MESSAGE][INFO] - Global variable set for password file is :  C:\Users\sohilz2\Commons_Automation\InputFiles\TC38_Canine_Filter_Breed-Poodle.xlsx

2021-09-02 21:27:38 - [MESSAGE][PASSED] - Data loaded from input file for the test case. 

2021-09-02 21:27:47 - [TEST_STEP][PASSED] - click(findTestObject("Canine/NavBar/Canine_Cases_Btn")): Object: 'Object Repository/Canine/NavBar/Canine_Cases_Btn' is clicked on

2021-09-02 21:27:47 - [MESSAGE][PASSED] - Object: 'Object Repository/Canine/NavBar/Canine_Cases_Btn' is clicked on

2021-09-02 21:27:47 - [TEST_STEP][PASSED] - click(findTestObject("Bento/Cases_page/Filter/FilterByCases_Facet")): Object: 'Object Repository/Bento/Cases_page/Filter/FilterByCases_Facet' is clicked on

2021-09-02 21:27:49 - [MESSAGE][PASSED] - Object: 'Object Repository/Bento/Cases_page/Filter/FilterByCases_Facet' is clicked on

2021-09-02 21:27:49 - [TEST_STEP][PASSED] - waitForElementPresent(findTestObject("Object Repository/Canine/Filter/Breed/BREED_Ddn"), 5): Object 'Object Repository/Canine/Filter/Breed/BREED_Ddn' is present

2021-09-02 21:27:49 - [MESSAGE][PASSED] - Object 'Object Repository/Canine/Filter/Breed/BREED_Ddn' is present

2021-09-02 21:27:49 - [TEST_STEP][PASSED] - ctdc.utilities.runtestcaseforKatalon.clickTabCanineStat("Object Repository/Canine/Filter/Breed/BREED_Ddn"): ctdc.utilities.runtestcaseforKatalon.clickTabCanineStat is PASSED

2021-09-02 21:27:51 - [MESSAGE][PASSED] - ctdc.utilities.runtestcaseforKatalon.clickTabCanineStat is PASSED

2021-09-02 21:27:51 - [TEST_STEP][PASSED] - ctdc.utilities.runtestcaseforKatalon.clickTabCanineStat("Canine/Filter/Breed/Poodle_Chkbx"): ctdc.utilities.runtestcaseforKatalon.clickTabCanineStat is PASSED

2021-09-02 21:27:52 - [MESSAGE][PASSED] - ctdc.utilities.runtestcaseforKatalon.clickTabCanineStat is PASSED

2021-09-02 21:27:52 - [TEST_STEP][PASSED] - ctdc.utilities.runtestcaseforKatalon.readStatBarCanine("Object Repository/Canine/StatBar/Canine_StatBar-Studies", "Object Repository/Canine/StatBar/Canine_StatBar-Cases", "Object Repository/Canine/StatBar/Canine_StatBar-Samples", "Object Repository/Canine/StatBar/Canine_StatBar-Files", "Object Repository/Canine/StatBar/Canine_StatBar-Aliquots"): ctdc.utilities.runtestcaseforKatalon.readStatBarCanine is PASSED

2021-09-02 21:28:07 - [MESSAGE][PASSED] - ctdc.utilities.runtestcaseforKatalon.readStatBarCanine is PASSED

2021-09-02 21:28:07 - [TEST_STEP][PASSED] - waitForElementPresent(findTestObject("Object Repository/Canine/CanineResults_Cases_Tab"), 5): Object 'Object Repository/Canine/CanineResults_Cases_Tab' is present

2021-09-02 21:28:08 - [MESSAGE][PASSED] - Object 'Object Repository/Canine/CanineResults_Cases_Tab' is present

2021-09-02 21:28:08 - [TEST_STEP][PASSED] - ctdc.utilities.runtestcaseforKatalon.clickTabCanineStat("Object Repository/Canine/CanineResults_Cases_Tab"): ctdc.utilities.runtestcaseforKatalon.clickTabCanineStat is PASSED

2021-09-02 21:28:09 - [MESSAGE][PASSED] - ctdc.utilities.runtestcaseforKatalon.clickTabCanineStat is PASSED

2021-09-02 21:28:09 - [TEST_STEP][PASSED] - ctdc.utilities.runtestcaseforKatalon.multiFunction("ICDC", G_StatBar_Cases, "Object Repository/Canine/Canine_CasesTable", "Object Repository/Canine/Canine_TableHeader", "Object Repository/Canine/Canine_CasesTabNextBtn", G_WebTabnameCases, G_CypherTabnameCases, G_QueryCasesTab): Statbar Arms count matches

2021-09-02 21:28:24 - [MESSAGE][PASSED] - Statbar Files count matches

2021-09-02 21:28:24 - [MESSAGE][PASSED] - Statbar Samples count matches

2021-09-02 21:28:24 - [MESSAGE][PASSED] - Statbar Cases count matches

2021-09-02 21:28:24 - [MESSAGE][PASSED] - Statbar Arms count matches

2021-09-02 21:28:24 - [TEST_STEP][PASSED] - waitForElementPresent(findTestObject("Object Repository/Canine/CanineResults_Samples_Tab"), 5): Object 'Object Repository/Canine/CanineResults_Samples_Tab' is present

2021-09-02 21:28:25 - [MESSAGE][PASSED] - Object 'Object Repository/Canine/CanineResults_Samples_Tab' is present

2021-09-02 21:28:25 - [TEST_STEP][PASSED] - ctdc.utilities.runtestcaseforKatalon.clickTabCanineStat("Object Repository/Canine/CanineResults_Samples_Tab"): ctdc.utilities.runtestcaseforKatalon.clickTabCanineStat is PASSED

2021-09-02 21:28:26 - [MESSAGE][PASSED] - ctdc.utilities.runtestcaseforKatalon.clickTabCanineStat is PASSED

2021-09-02 21:28:26 - [TEST_STEP][PASSED] - ctdc.utilities.runtestcaseforKatalon.multiFunction("ICDC", G_StatBar_Samples, "Object Repository/Canine/Canine_Samples_Table", "Object Repository/Canine/Canine_Samples_TableHdr", "Object Repository/Canine/Canine_SamplesTabNextBtn", G_WebTabnameSamples, G_CypherTabnameSamples, G_QuerySamplesTab): Statbar Arms count matches

2021-09-02 21:28:45 - [MESSAGE][PASSED] - Statbar Files count matches

2021-09-02 21:28:45 - [MESSAGE][PASSED] - Statbar Samples count matches

2021-09-02 21:28:45 - [MESSAGE][PASSED] - Statbar Cases count matches

2021-09-02 21:28:45 - [MESSAGE][PASSED] - Statbar Arms count matches

2021-09-02 21:28:45 - [TEST_STEP][PASSED] - waitForElementPresent(findTestObject("Object Repository/Canine/CanineResults_Files_Tab"), 5): Object 'Object Repository/Canine/CanineResults_Files_Tab' is present

2021-09-02 21:28:45 - [MESSAGE][PASSED] - Object 'Object Repository/Canine/CanineResults_Files_Tab' is present

2021-09-02 21:28:45 - [TEST_STEP][PASSED] - ctdc.utilities.runtestcaseforKatalon.clickTab("Object Repository/Canine/CanineResults_Files_Tab"): ctdc.utilities.runtestcaseforKatalon.clickTab is PASSED

2021-09-02 21:28:45 - [MESSAGE][PASSED] - ctdc.utilities.runtestcaseforKatalon.clickTab is PASSED

2021-09-02 21:28:45 - [TEST_STEP][PASSED] - ctdc.utilities.runtestcaseforKatalon.multiFunction("ICDC", G_StatBar_Files, "Object Repository/Canine/Canine_Files_Table", "Object Repository/Canine/Canine_Files_TableHdr", "Object Repository/Canine/Canine_FilesTabNextBtn", G_WebTabnameFiles, G_CypherTabnameFiles, G_QueryFilesTab): Statbar Arms count matches

2021-09-02 21:29:16 - [MESSAGE][PASSED] - Statbar Files count matches

2021-09-02 21:29:16 - [MESSAGE][PASSED] - Statbar Samples count matches

2021-09-02 21:29:16 - [MESSAGE][PASSED] - Statbar Cases count matches

2021-09-02 21:29:16 - [MESSAGE][PASSED] - Statbar Arms count matches

2021-09-02 21:29:16 - [TEST_STEP][PASSED] - closeBrowser(): Browser is closed

2021-09-02 21:29:16 - [MESSAGE][PASSED] - Browser is closed]]></system-out>
         <system-err><![CDATA[]]></system-err>
      </testcase>
      <testcase name="Test Cases/Canine_TestCases/Breed/TC37_Canine_Filter_Breed-ParsonRussTerr" time="100.699" classname="Test Cases/Canine_TestCases/Breed/TC37_Canine_Filter_Breed-ParsonRussTerr" status="PASSED">
         <system-out><![CDATA[2021-09-02 21:29:16 - [TEST_CASE][PASSED] - Test Cases/Canine_TestCases/Breed/TC37_Canine_Filter_Breed-ParsonRussTerr: Test Cases/Canine_TestCases/Breed/TC37_Canine_Filter_Breed-ParsonRussTerr

2021-09-02 21:29:16 - [TEST_STEP][PASSED] - Start listener action : getTestScriptName: null

2021-09-02 21:29:16 - [TEST_STEP][PASSED] - TestCaseId = testCaseContext.getTestCaseId(): null

2021-09-02 21:29:16 - [TEST_STEP][PASSED] - out.println("**********this is the value of test case id string******** " + testCaseContext.getTestCaseId()): null

2021-09-02 21:29:16 - [TEST_STEP][PASSED] - G_currentTCName = TestCaseId.substring(TestCaseId.lastIndexOf("TC")): null

2021-09-02 21:29:16 - [TEST_STEP][PASSED] - out.println("This is the test case name : " + G_currentTCName): null

2021-09-02 21:29:17 - [TEST_STEP][PASSED] - closeBrowser(): Browser is closed

2021-09-02 21:29:17 - [MESSAGE][PASSED] - Browser is closed

2021-09-02 21:29:17 - [TEST_STEP][PASSED] - ctdc.utilities.runtestcaseforKatalon.RunKatalon("TC37_Canine_Filter_Breed-ParsonRussTerr.xlsx"): Data loaded from input file for the test case. 

2021-09-02 21:29:17 - [MESSAGE][PASSED] - Test case file loaded This is the full filepath after converting to string :C:\Users\sohilz2\Commons_Automation\InputFiles\TC37_Canine_Filter_Breed-ParsonRussTerr.xlsx

2021-09-02 21:29:17 - [MESSAGE][INFO] - Global variable set for password file is :  C:\Users\sohilz2\Commons_Automation\InputFiles\TC37_Canine_Filter_Breed-ParsonRussTerr.xlsx

2021-09-02 21:29:21 - [MESSAGE][PASSED] - Data loaded from input file for the test case. 

2021-09-02 21:29:30 - [TEST_STEP][PASSED] - click(findTestObject("Canine/NavBar/Canine_Cases_Btn")): Object: 'Object Repository/Canine/NavBar/Canine_Cases_Btn' is clicked on

2021-09-02 21:29:30 - [MESSAGE][PASSED] - Object: 'Object Repository/Canine/NavBar/Canine_Cases_Btn' is clicked on

2021-09-02 21:29:30 - [TEST_STEP][PASSED] - click(findTestObject("Bento/Cases_page/Filter/FilterByCases_Facet")): Object: 'Object Repository/Bento/Cases_page/Filter/FilterByCases_Facet' is clicked on

2021-09-02 21:29:31 - [MESSAGE][PASSED] - Object: 'Object Repository/Bento/Cases_page/Filter/FilterByCases_Facet' is clicked on

2021-09-02 21:29:31 - [TEST_STEP][PASSED] - waitForElementPresent(findTestObject("Object Repository/Canine/Filter/Breed/BREED_Ddn"), 5): Object 'Object Repository/Canine/Filter/Breed/BREED_Ddn' is present

2021-09-02 21:29:32 - [MESSAGE][PASSED] - Object 'Object Repository/Canine/Filter/Breed/BREED_Ddn' is present

2021-09-02 21:29:32 - [TEST_STEP][PASSED] - ctdc.utilities.runtestcaseforKatalon.clickTabCanineStat("Object Repository/Canine/Filter/Breed/BREED_Ddn"): ctdc.utilities.runtestcaseforKatalon.clickTabCanineStat is PASSED

2021-09-02 21:29:33 - [MESSAGE][PASSED] - ctdc.utilities.runtestcaseforKatalon.clickTabCanineStat is PASSED

2021-09-02 21:29:33 - [TEST_STEP][PASSED] - ctdc.utilities.runtestcaseforKatalon.clickTabCanineStat("Canine/Filter/Breed/Parson_Chkbx"): ctdc.utilities.runtestcaseforKatalon.clickTabCanineStat is PASSED

2021-09-02 21:29:35 - [MESSAGE][PASSED] - ctdc.utilities.runtestcaseforKatalon.clickTabCanineStat is PASSED

2021-09-02 21:29:35 - [TEST_STEP][PASSED] - ctdc.utilities.runtestcaseforKatalon.readStatBarCanine("Object Repository/Canine/StatBar/Canine_StatBar-Studies", "Object Repository/Canine/StatBar/Canine_StatBar-Cases", "Object Repository/Canine/StatBar/Canine_StatBar-Samples", "Object Repository/Canine/StatBar/Canine_StatBar-Files", "Object Repository/Canine/StatBar/Canine_StatBar-Aliquots"): ctdc.utilities.runtestcaseforKatalon.readStatBarCanine is PASSED

2021-09-02 21:29:50 - [MESSAGE][PASSED] - ctdc.utilities.runtestcaseforKatalon.readStatBarCanine is PASSED

2021-09-02 21:29:50 - [TEST_STEP][PASSED] - waitForElementPresent(findTestObject("Object Repository/Canine/CanineResults_Cases_Tab"), 5): Object 'Object Repository/Canine/CanineResults_Cases_Tab' is present

2021-09-02 21:29:50 - [MESSAGE][PASSED] - Object 'Object Repository/Canine/CanineResults_Cases_Tab' is present

2021-09-02 21:29:50 - [TEST_STEP][PASSED] - ctdc.utilities.runtestcaseforKatalon.clickTabCanineStat("Object Repository/Canine/CanineResults_Cases_Tab"): ctdc.utilities.runtestcaseforKatalon.clickTabCanineStat is PASSED

2021-09-02 21:29:52 - [MESSAGE][PASSED] - ctdc.utilities.runtestcaseforKatalon.clickTabCanineStat is PASSED

2021-09-02 21:29:52 - [TEST_STEP][PASSED] - ctdc.utilities.runtestcaseforKatalon.multiFunction("ICDC", G_StatBar_Cases, "Object Repository/Canine/Canine_CasesTable", "Object Repository/Canine/Canine_TableHeader", "Object Repository/Canine/Canine_CasesTabNextBtn", G_WebTabnameCases, G_CypherTabnameCases, G_QueryCasesTab): Statbar Arms count matches

2021-09-02 21:30:08 - [MESSAGE][PASSED] - Statbar Files count matches

2021-09-02 21:30:08 - [MESSAGE][PASSED] - Statbar Samples count matches

2021-09-02 21:30:08 - [MESSAGE][PASSED] - Statbar Cases count matches

2021-09-02 21:30:08 - [MESSAGE][PASSED] - Statbar Arms count matches

2021-09-02 21:30:08 - [TEST_STEP][PASSED] - waitForElementPresent(findTestObject("Object Repository/Canine/CanineResults_Samples_Tab"), 5): Object 'Object Repository/Canine/CanineResults_Samples_Tab' is present

2021-09-02 21:30:08 - [MESSAGE][PASSED] - Object 'Object Repository/Canine/CanineResults_Samples_Tab' is present

2021-09-02 21:30:08 - [TEST_STEP][PASSED] - ctdc.utilities.runtestcaseforKatalon.clickTabCanineStat("Object Repository/Canine/CanineResults_Samples_Tab"): ctdc.utilities.runtestcaseforKatalon.clickTabCanineStat is PASSED

2021-09-02 21:30:09 - [MESSAGE][PASSED] - ctdc.utilities.runtestcaseforKatalon.clickTabCanineStat is PASSED

2021-09-02 21:30:09 - [TEST_STEP][PASSED] - ctdc.utilities.runtestcaseforKatalon.multiFunction("ICDC", G_StatBar_Samples, "Object Repository/Canine/Canine_Samples_Table", "Object Repository/Canine/Canine_Samples_TableHdr", "Object Repository/Canine/Canine_SamplesTabNextBtn", G_WebTabnameSamples, G_CypherTabnameSamples, G_QuerySamplesTab): Statbar Arms count matches

2021-09-02 21:30:27 - [MESSAGE][PASSED] - Statbar Files count matches

2021-09-02 21:30:27 - [MESSAGE][PASSED] - Statbar Samples count matches

2021-09-02 21:30:27 - [MESSAGE][PASSED] - Statbar Cases count matches

2021-09-02 21:30:27 - [MESSAGE][PASSED] - Statbar Arms count matches

2021-09-02 21:30:27 - [TEST_STEP][PASSED] - waitForElementPresent(findTestObject("Object Repository/Canine/CanineResults_Files_Tab"), 5): Object 'Object Repository/Canine/CanineResults_Files_Tab' is present

2021-09-02 21:30:27 - [MESSAGE][PASSED] - Object 'Object Repository/Canine/CanineResults_Files_Tab' is present

2021-09-02 21:30:27 - [TEST_STEP][PASSED] - ctdc.utilities.runtestcaseforKatalon.clickTabCanineStat("Object Repository/Canine/CanineResults_Files_Tab"): ctdc.utilities.runtestcaseforKatalon.clickTabCanineStat is PASSED

2021-09-02 21:30:28 - [MESSAGE][PASSED] - ctdc.utilities.runtestcaseforKatalon.clickTabCanineStat is PASSED

2021-09-02 21:30:28 - [TEST_STEP][PASSED] - ctdc.utilities.runtestcaseforKatalon.multiFunction("ICDC", G_StatBar_Files, "Object Repository/Canine/Canine_Files_Table", "Object Repository/Canine/Canine_Files_TableHdr", "Object Repository/Canine/Canine_FilesTabNextBtn", G_WebTabnameFiles, G_CypherTabnameFiles, G_QueryFilesTab): Statbar Arms count matches

2021-09-02 21:30:56 - [MESSAGE][PASSED] - Statbar Files count matches

2021-09-02 21:30:56 - [MESSAGE][PASSED] - Statbar Samples count matches

2021-09-02 21:30:56 - [MESSAGE][PASSED] - Statbar Cases count matches

2021-09-02 21:30:56 - [MESSAGE][PASSED] - Statbar Arms count matches

2021-09-02 21:30:56 - [TEST_STEP][PASSED] - closeBrowser(): Browser is closed

2021-09-02 21:30:57 - [MESSAGE][PASSED] - Browser is closed]]></system-out>
         <system-err><![CDATA[]]></system-err>
      </testcase>
      <testcase name="Test Cases/Canine_TestCases/Breed/TC36_Canine_Filter_Breed-Mixed" time="630.215" classname="Test Cases/Canine_TestCases/Breed/TC36_Canine_Filter_Breed-Mixed" status="PASSED">
         <system-out><![CDATA[2021-09-02 21:30:57 - [TEST_CASE][PASSED] - Test Cases/Canine_TestCases/Breed/TC36_Canine_Filter_Breed-Mixed: Test Cases/Canine_TestCases/Breed/TC36_Canine_Filter_Breed-Mixed

2021-09-02 21:30:57 - [TEST_STEP][PASSED] - Start listener action : getTestScriptName: null

2021-09-02 21:30:57 - [TEST_STEP][PASSED] - TestCaseId = testCaseContext.getTestCaseId(): null

2021-09-02 21:30:57 - [TEST_STEP][PASSED] - out.println("**********this is the value of test case id string******** " + testCaseContext.getTestCaseId()): null

2021-09-02 21:30:57 - [TEST_STEP][PASSED] - G_currentTCName = TestCaseId.substring(TestCaseId.lastIndexOf("TC")): null

2021-09-02 21:30:57 - [TEST_STEP][PASSED] - out.println("This is the test case name : " + G_currentTCName): null

2021-09-02 21:30:58 - [TEST_STEP][PASSED] - closeBrowser(): Browser is closed

2021-09-02 21:30:58 - [MESSAGE][PASSED] - Browser is closed

2021-09-02 21:30:58 - [TEST_STEP][PASSED] - ctdc.utilities.runtestcaseforKatalon.RunKatalon("TC36_Canine_Filter_Breed-Mixed.xlsx"): Data loaded from input file for the test case. 

2021-09-02 21:30:58 - [MESSAGE][PASSED] - Test case file loaded This is the full filepath after converting to string :C:\Users\sohilz2\Commons_Automation\InputFiles\TC36_Canine_Filter_Breed-Mixed.xlsx

2021-09-02 21:30:58 - [MESSAGE][INFO] - Global variable set for password file is :  C:\Users\sohilz2\Commons_Automation\InputFiles\TC36_Canine_Filter_Breed-Mixed.xlsx

2021-09-02 21:31:02 - [MESSAGE][PASSED] - Data loaded from input file for the test case. 

2021-09-02 21:31:10 - [TEST_STEP][PASSED] - click(findTestObject("Canine/NavBar/Canine_Cases_Btn")): Object: 'Object Repository/Canine/NavBar/Canine_Cases_Btn' is clicked on

2021-09-02 21:31:10 - [MESSAGE][PASSED] - Object: 'Object Repository/Canine/NavBar/Canine_Cases_Btn' is clicked on

2021-09-02 21:31:10 - [TEST_STEP][PASSED] - click(findTestObject("Bento/Cases_page/Filter/FilterByCases_Facet")): Object: 'Object Repository/Bento/Cases_page/Filter/FilterByCases_Facet' is clicked on

2021-09-02 21:31:12 - [MESSAGE][PASSED] - Object: 'Object Repository/Bento/Cases_page/Filter/FilterByCases_Facet' is clicked on

2021-09-02 21:31:12 - [TEST_STEP][PASSED] - waitForElementPresent(findTestObject("Object Repository/Canine/Filter/Breed/BREED_Ddn"), 5): Object 'Object Repository/Canine/Filter/Breed/BREED_Ddn' is present

2021-09-02 21:31:13 - [MESSAGE][PASSED] - Object 'Object Repository/Canine/Filter/Breed/BREED_Ddn' is present

2021-09-02 21:31:13 - [TEST_STEP][PASSED] - ctdc.utilities.runtestcaseforKatalon.clickTabCanineStat("Object Repository/Canine/Filter/Breed/BREED_Ddn"): ctdc.utilities.runtestcaseforKatalon.clickTabCanineStat is PASSED

2021-09-02 21:31:14 - [MESSAGE][PASSED] - ctdc.utilities.runtestcaseforKatalon.clickTabCanineStat is PASSED

2021-09-02 21:31:14 - [TEST_STEP][PASSED] - ctdc.utilities.runtestcaseforKatalon.clickTabCanineStat("Object Repository/Canine/Filter/Breed/Mixed_Chkbx"): ctdc.utilities.runtestcaseforKatalon.clickTabCanineStat is PASSED

2021-09-02 21:31:16 - [MESSAGE][PASSED] - ctdc.utilities.runtestcaseforKatalon.clickTabCanineStat is PASSED

2021-09-02 21:31:16 - [TEST_STEP][PASSED] - ctdc.utilities.runtestcaseforKatalon.readStatBarCanine("Object Repository/Canine/StatBar/Canine_StatBar-Studies", "Object Repository/Canine/StatBar/Canine_StatBar-Cases", "Object Repository/Canine/StatBar/Canine_StatBar-Samples", "Object Repository/Canine/StatBar/Canine_StatBar-Files", "Object Repository/Canine/StatBar/Canine_StatBar-Aliquots"): ctdc.utilities.runtestcaseforKatalon.readStatBarCanine is PASSED

2021-09-02 21:31:31 - [MESSAGE][PASSED] - ctdc.utilities.runtestcaseforKatalon.readStatBarCanine is PASSED

2021-09-02 21:31:31 - [TEST_STEP][PASSED] - waitForElementPresent(findTestObject("Object Repository/Canine/CanineResults_Cases_Tab"), 5): Object 'Object Repository/Canine/CanineResults_Cases_Tab' is present

2021-09-02 21:31:31 - [MESSAGE][PASSED] - Object 'Object Repository/Canine/CanineResults_Cases_Tab' is present

2021-09-02 21:31:31 - [TEST_STEP][PASSED] - ctdc.utilities.runtestcaseforKatalon.clickTabCanineStat("Object Repository/Canine/CanineResults_Cases_Tab"): ctdc.utilities.runtestcaseforKatalon.clickTabCanineStat is PASSED

2021-09-02 21:31:33 - [MESSAGE][PASSED] - ctdc.utilities.runtestcaseforKatalon.clickTabCanineStat is PASSED

2021-09-02 21:31:33 - [TEST_STEP][PASSED] - ctdc.utilities.runtestcaseforKatalon.multiFunction("ICDC", G_StatBar_Cases, "Object Repository/Canine/Canine_CasesTable", "Object Repository/Canine/Canine_TableHeader", "Object Repository/Canine/Canine_CasesTabNextBtn", G_WebTabnameCases, G_CypherTabnameCases, G_QueryCasesTab): Statbar Arms count matches

2021-09-02 21:33:30 - [MESSAGE][PASSED] - Statbar Files count matches

2021-09-02 21:33:30 - [MESSAGE][PASSED] - Statbar Samples count matches

2021-09-02 21:33:30 - [MESSAGE][PASSED] - Statbar Cases count matches

2021-09-02 21:33:30 - [MESSAGE][PASSED] - Statbar Arms count matches

2021-09-02 21:33:30 - [TEST_STEP][PASSED] - waitForElementPresent(findTestObject("Object Repository/Canine/CanineResults_Samples_Tab"), 5): Object 'Object Repository/Canine/CanineResults_Samples_Tab' is present

2021-09-02 21:33:30 - [MESSAGE][PASSED] - Object 'Object Repository/Canine/CanineResults_Samples_Tab' is present

2021-09-02 21:33:30 - [TEST_STEP][PASSED] - ctdc.utilities.runtestcaseforKatalon.clickTabCanineStat("Object Repository/Canine/CanineResults_Samples_Tab"): ctdc.utilities.runtestcaseforKatalon.clickTabCanineStat is PASSED

2021-09-02 21:33:31 - [MESSAGE][PASSED] - ctdc.utilities.runtestcaseforKatalon.clickTabCanineStat is PASSED

2021-09-02 21:33:31 - [TEST_STEP][PASSED] - ctdc.utilities.runtestcaseforKatalon.multiFunction("ICDC", G_StatBar_Samples, "Object Repository/Canine/Canine_Samples_Table", "Object Repository/Canine/Canine_Samples_TableHdr", "Object Repository/Canine/Canine_SamplesTabNextBtn", G_WebTabnameSamples, G_CypherTabnameSamples, G_QuerySamplesTab): Statbar Arms count matches

2021-09-02 21:36:55 - [MESSAGE][PASSED] - Statbar Files count matches

2021-09-02 21:36:55 - [MESSAGE][PASSED] - Statbar Samples count matches

2021-09-02 21:36:55 - [MESSAGE][PASSED] - Statbar Cases count matches

2021-09-02 21:36:55 - [MESSAGE][PASSED] - Statbar Arms count matches

2021-09-02 21:36:55 - [TEST_STEP][PASSED] - waitForElementPresent(findTestObject("Object Repository/Canine/CanineResults_Files_Tab"), 5): Object 'Object Repository/Canine/CanineResults_Files_Tab' is present

2021-09-02 21:36:55 - [MESSAGE][PASSED] - Object 'Object Repository/Canine/CanineResults_Files_Tab' is present

2021-09-02 21:36:55 - [TEST_STEP][PASSED] - ctdc.utilities.runtestcaseforKatalon.clickTabCanineStat("Object Repository/Canine/CanineResults_Files_Tab"): ctdc.utilities.runtestcaseforKatalon.clickTabCanineStat is PASSED

2021-09-02 21:36:57 - [MESSAGE][PASSED] - ctdc.utilities.runtestcaseforKatalon.clickTabCanineStat is PASSED

2021-09-02 21:36:57 - [TEST_STEP][PASSED] - ctdc.utilities.runtestcaseforKatalon.multiFunction("ICDC", G_StatBar_Files, "Object Repository/Canine/Canine_Files_Table", "Object Repository/Canine/Canine_Files_TableHdr", "Object Repository/Canine/Canine_FilesTabNextBtn", G_WebTabnameFiles, G_CypherTabnameFiles, G_QueryFilesTab): Statbar Arms count matches

2021-09-02 21:41:27 - [MESSAGE][PASSED] - Statbar Files count matches

2021-09-02 21:41:27 - [MESSAGE][PASSED] - Statbar Samples count matches

2021-09-02 21:41:27 - [MESSAGE][PASSED] - Statbar Cases count matches

2021-09-02 21:41:27 - [MESSAGE][PASSED] - Statbar Arms count matches

2021-09-02 21:41:27 - [TEST_STEP][PASSED] - closeBrowser(): Browser is closed

2021-09-02 21:41:27 - [MESSAGE][PASSED] - Browser is closed]]></system-out>
         <system-err><![CDATA[]]></system-err>
      </testcase>
      <testcase name="Test Cases/Canine_TestCases/Breed/TC35_Canine_StudyUBC-Breed_RespToTreatmt_Sex_NeutStatus" time="61.912" classname="Test Cases/Canine_TestCases/Breed/TC35_Canine_StudyUBC-Breed_RespToTreatmt_Sex_NeutStatus" status="PASSED">
         <system-out><![CDATA[2021-09-02 21:41:27 - [TEST_CASE][PASSED] - Test Cases/Canine_TestCases/Breed/TC35_Canine_StudyUBC-Breed_RespToTreatmt_Sex_NeutStatus: Test Cases/Canine_TestCases/Breed/TC35_Canine_StudyUBC-Breed_RespToTreatmt_Sex_NeutStatus

2021-09-02 21:41:27 - [TEST_STEP][PASSED] - Start listener action : getTestScriptName: null

2021-09-02 21:41:27 - [TEST_STEP][PASSED] - TestCaseId = testCaseContext.getTestCaseId(): null

2021-09-02 21:41:27 - [TEST_STEP][PASSED] - out.println("**********this is the value of test case id string******** " + testCaseContext.getTestCaseId()): null

2021-09-02 21:41:27 - [TEST_STEP][PASSED] - G_currentTCName = TestCaseId.substring(TestCaseId.lastIndexOf("TC")): null

2021-09-02 21:41:27 - [TEST_STEP][PASSED] - out.println("This is the test case name : " + G_currentTCName): null

2021-09-02 21:41:28 - [TEST_STEP][PASSED] - closeBrowser(): Browser is closed

2021-09-02 21:41:28 - [MESSAGE][PASSED] - Browser is closed

2021-09-02 21:41:28 - [TEST_STEP][PASSED] - "Driver opened by Katalon is used in Selenium from this step.": null

2021-09-02 21:41:28 - [TEST_STEP][PASSED] - ctdc.utilities.runtestcaseforKatalon.RunKatalon("TC36_Canine_StudyUBC-Breed_RespToTreatmt_Sex_NeutStatus.xlsx"): Data loaded from input file for the test case. 

2021-09-02 21:41:28 - [MESSAGE][PASSED] - Test case file loaded This is the full filepath after converting to string :C:\Users\sohilz2\Commons_Automation\InputFiles\TC36_Canine_StudyUBC-Breed_RespToTreatmt_Sex_NeutStatus.xlsx

2021-09-02 21:41:28 - [MESSAGE][INFO] - Global variable set for password file is :  C:\Users\sohilz2\Commons_Automation\InputFiles\TC36_Canine_StudyUBC-Breed_RespToTreatmt_Sex_NeutStatus.xlsx

2021-09-02 21:41:32 - [MESSAGE][PASSED] - Data loaded from input file for the test case. 

2021-09-02 21:41:41 - [TEST_STEP][PASSED] - waitForElementPresent(findTestObject("Canine/NavBar/Canine_Cases_Btn"), 10): Object 'Object Repository/Canine/NavBar/Canine_Cases_Btn' is present

2021-09-02 21:41:41 - [MESSAGE][PASSED] - Object 'Object Repository/Canine/NavBar/Canine_Cases_Btn' is present

2021-09-02 21:41:41 - [TEST_STEP][PASSED] - ctdc.utilities.runtestcaseforKatalon.clickTabCanineStat("Canine/NavBar/Canine_Cases_Btn"): ctdc.utilities.runtestcaseforKatalon.clickTabCanineStat is PASSED

2021-09-02 21:41:43 - [MESSAGE][PASSED] - ctdc.utilities.runtestcaseforKatalon.clickTabCanineStat is PASSED

2021-09-02 21:41:43 - [TEST_STEP][PASSED] - waitForElementPresent(findTestObject("Object Repository/Canine/Filter/FilterByCases_Facet"), 10): Object 'Object Repository/Canine/Filter/FilterByCases_Facet' is present

2021-09-02 21:41:43 - [MESSAGE][PASSED] - Object 'Object Repository/Canine/Filter/FilterByCases_Facet' is present

2021-09-02 21:41:43 - [TEST_STEP][PASSED] - ctdc.utilities.runtestcaseforKatalon.clickTabCanineStat("Object Repository/Canine/Filter/FilterByCases_Facet"): ctdc.utilities.runtestcaseforKatalon.clickTabCanineStat is PASSED

2021-09-02 21:41:45 - [MESSAGE][PASSED] - ctdc.utilities.runtestcaseforKatalon.clickTabCanineStat is PASSED

2021-09-02 21:41:45 - [TEST_STEP][PASSED] - waitForElementPresent(findTestObject("Object Repository/Canine/Filter/Study/Canine_Filter_Study"), 10): Object 'Object Repository/Canine/Filter/Study/Canine_Filter_Study' is present

2021-09-02 21:41:45 - [MESSAGE][PASSED] - Object 'Object Repository/Canine/Filter/Study/Canine_Filter_Study' is present

2021-09-02 21:41:45 - [TEST_STEP][PASSED] - ctdc.utilities.runtestcaseforKatalon.clickTabCanineStat("Object Repository/Canine/Filter/Study/Canine_Filter_Study"): ctdc.utilities.runtestcaseforKatalon.clickTabCanineStat is PASSED

2021-09-02 21:41:46 - [MESSAGE][PASSED] - ctdc.utilities.runtestcaseforKatalon.clickTabCanineStat is PASSED

2021-09-02 21:41:46 - [TEST_STEP][PASSED] - waitForElementPresent(findTestObject("Object Repository/Canine/Filter/Study/Canine_Filter_Study-UBC_Chkbx"), 10): Object 'Object Repository/Canine/Filter/Study/Canine_Filter_Study-UBC_Chkbx' is present

2021-09-02 21:41:46 - [MESSAGE][PASSED] - Object 'Object Repository/Canine/Filter/Study/Canine_Filter_Study-UBC_Chkbx' is present

2021-09-02 21:41:46 - [TEST_STEP][PASSED] - ctdc.utilities.runtestcaseforKatalon.clickTabCanineStat("Object Repository/Canine/Filter/Study/Canine_Filter_Study-UBC_Chkbx"): ctdc.utilities.runtestcaseforKatalon.clickTabCanineStat is PASSED

2021-09-02 21:41:48 - [MESSAGE][PASSED] - ctdc.utilities.runtestcaseforKatalon.clickTabCanineStat is PASSED

2021-09-02 21:41:48 - [TEST_STEP][PASSED] - waitForElementPresent(findTestObject("Object Repository/Canine/Filter/Sex/SEX_Ddn"), 10): Object 'Object Repository/Canine/Filter/Sex/SEX_Ddn' is present

2021-09-02 21:41:48 - [MESSAGE][PASSED] - Object 'Object Repository/Canine/Filter/Sex/SEX_Ddn' is present

2021-09-02 21:41:48 - [TEST_STEP][PASSED] - ctdc.utilities.runtestcaseforKatalon.clickTabCanineStat("Object Repository/Canine/Filter/Sex/SEX_Ddn"): ctdc.utilities.runtestcaseforKatalon.clickTabCanineStat is PASSED

2021-09-02 21:41:49 - [MESSAGE][PASSED] - ctdc.utilities.runtestcaseforKatalon.clickTabCanineStat is PASSED

2021-09-02 21:41:49 - [TEST_STEP][PASSED] - waitForElementPresent(findTestObject("Object Repository/Canine/Filter/Sex/Female_Chkbx"), 10): Object 'Object Repository/Canine/Filter/Sex/Female_Chkbx' is present

2021-09-02 21:41:49 - [MESSAGE][PASSED] - Object 'Object Repository/Canine/Filter/Sex/Female_Chkbx' is present

2021-09-02 21:41:49 - [TEST_STEP][PASSED] - ctdc.utilities.runtestcaseforKatalon.clickTabCanineStat("Object Repository/Canine/Filter/Sex/Female_Chkbx"): ctdc.utilities.runtestcaseforKatalon.clickTabCanineStat is PASSED

2021-09-02 21:41:50 - [MESSAGE][PASSED] - ctdc.utilities.runtestcaseforKatalon.clickTabCanineStat is PASSED

2021-09-02 21:41:50 - [TEST_STEP][PASSED] - ctdc.utilities.runtestcaseforKatalon.clickTabCanineStat("Object Repository/Canine/Filter/Sex/SEX_Ddn"): ctdc.utilities.runtestcaseforKatalon.clickTabCanineStat is PASSED

2021-09-02 21:41:52 - [MESSAGE][PASSED] - ctdc.utilities.runtestcaseforKatalon.clickTabCanineStat is PASSED

2021-09-02 21:41:52 - [TEST_STEP][PASSED] - waitForElementPresent(findTestObject("Object Repository/Canine/Filter/NeuteredStatus/NEUTEREDSTATUS_Ddn"), 10): Object 'Object Repository/Canine/Filter/NeuteredStatus/NEUTEREDSTATUS_Ddn' is present

2021-09-02 21:41:52 - [MESSAGE][PASSED] - Object 'Object Repository/Canine/Filter/NeuteredStatus/NEUTEREDSTATUS_Ddn' is present

2021-09-02 21:41:52 - [TEST_STEP][PASSED] - ctdc.utilities.runtestcaseforKatalon.clickTabCanineStat("Object Repository/Canine/Filter/NeuteredStatus/NEUTEREDSTATUS_Ddn"): ctdc.utilities.runtestcaseforKatalon.clickTabCanineStat is PASSED

2021-09-02 21:41:53 - [MESSAGE][PASSED] - ctdc.utilities.runtestcaseforKatalon.clickTabCanineStat is PASSED

2021-09-02 21:41:53 - [TEST_STEP][PASSED] - waitForElementPresent(findTestObject("Object Repository/Canine/Filter/NeuteredStatus/No_Chkbx"), 10): Object 'Object Repository/Canine/Filter/NeuteredStatus/No_Chkbx' is present

2021-09-02 21:41:53 - [MESSAGE][PASSED] - Object 'Object Repository/Canine/Filter/NeuteredStatus/No_Chkbx' is present

2021-09-02 21:41:53 - [TEST_STEP][PASSED] - ctdc.utilities.runtestcaseforKatalon.clickTabCanineStat("Object Repository/Canine/Filter/NeuteredStatus/No_Chkbx"): ctdc.utilities.runtestcaseforKatalon.clickTabCanineStat is PASSED

2021-09-02 21:41:54 - [MESSAGE][PASSED] - ctdc.utilities.runtestcaseforKatalon.clickTabCanineStat is PASSED

2021-09-02 21:41:54 - [TEST_STEP][PASSED] - ctdc.utilities.runtestcaseforKatalon.clickTab("Object Repository/Canine/Filter/NeuteredStatus/NEUTEREDSTATUS_Ddn"): ctdc.utilities.runtestcaseforKatalon.clickTab is PASSED

2021-09-02 21:41:55 - [MESSAGE][PASSED] - ctdc.utilities.runtestcaseforKatalon.clickTab is PASSED

2021-09-02 21:41:55 - [TEST_STEP][PASSED] - ctdc.utilities.runtestcaseforKatalon.readStatBarCanine("Object Repository/Canine/StatBar/Canine_StatBar-Studies", "Object Repository/Canine/StatBar/Canine_StatBar-Cases", "Object Repository/Canine/StatBar/Canine_StatBar-Samples", "Object Repository/Canine/StatBar/Canine_StatBar-Files", "Object Repository/Canine/StatBar/Canine_StatBar-Aliquots"): ctdc.utilities.runtestcaseforKatalon.readStatBarCanine is PASSED

2021-09-02 21:42:10 - [MESSAGE][PASSED] - ctdc.utilities.runtestcaseforKatalon.readStatBarCanine is PASSED

2021-09-02 21:42:10 - [TEST_STEP][PASSED] - waitForElementPresent(findTestObject("Object Repository/Canine/CanineResults_Cases_Tab"), 5): Object 'Object Repository/Canine/CanineResults_Cases_Tab' is present

2021-09-02 21:42:10 - [MESSAGE][PASSED] - Object 'Object Repository/Canine/CanineResults_Cases_Tab' is present

2021-09-02 21:42:10 - [TEST_STEP][PASSED] - ctdc.utilities.runtestcaseforKatalon.clickTab("Object Repository/Canine/CanineResults_Cases_Tab"): ctdc.utilities.runtestcaseforKatalon.clickTab is PASSED

2021-09-02 21:42:10 - [MESSAGE][PASSED] - ctdc.utilities.runtestcaseforKatalon.clickTab is PASSED

2021-09-02 21:42:10 - [TEST_STEP][PASSED] - ctdc.utilities.runtestcaseforKatalon.multiFunction("ICDC", G_StatBar_Cases, "Object Repository/Canine/Canine_CasesTable", "Object Repository/Canine/Canine_TableHeader", "Object Repository/Canine/Canine_CasesTabNextBtn", G_WebTabnameCases, G_CypherTabnameCases, G_QueryCasesTab): Statbar Arms count matches

2021-09-02 21:42:28 - [MESSAGE][PASSED] - Statbar Files count matches

2021-09-02 21:42:28 - [MESSAGE][PASSED] - Statbar Samples count matches

2021-09-02 21:42:28 - [MESSAGE][PASSED] - Statbar Cases count matches

2021-09-02 21:42:28 - [MESSAGE][PASSED] - Statbar Arms count matches

2021-09-02 21:42:28 - [TEST_STEP][PASSED] - closeBrowser(): Browser is closed

2021-09-02 21:42:29 - [MESSAGE][PASSED] - Browser is closed]]></system-out>
         <system-err><![CDATA[]]></system-err>
      </testcase>
      <testcase name="Test Cases/Canine_TestCases/Breed/TC34_Canine_Filter_Breed-Mastiff" time="90.257" classname="Test Cases/Canine_TestCases/Breed/TC34_Canine_Filter_Breed-Mastiff" status="PASSED">
         <system-out><![CDATA[2021-09-02 21:42:29 - [TEST_CASE][PASSED] - Test Cases/Canine_TestCases/Breed/TC34_Canine_Filter_Breed-Mastiff: Test Cases/Canine_TestCases/Breed/TC34_Canine_Filter_Breed-Mastiff

2021-09-02 21:42:29 - [TEST_STEP][PASSED] - Start listener action : getTestScriptName: null

2021-09-02 21:42:29 - [TEST_STEP][PASSED] - TestCaseId = testCaseContext.getTestCaseId(): null

2021-09-02 21:42:29 - [TEST_STEP][PASSED] - out.println("**********this is the value of test case id string******** " + testCaseContext.getTestCaseId()): null

2021-09-02 21:42:29 - [TEST_STEP][PASSED] - G_currentTCName = TestCaseId.substring(TestCaseId.lastIndexOf("TC")): null

2021-09-02 21:42:29 - [TEST_STEP][PASSED] - out.println("This is the test case name : " + G_currentTCName): null

2021-09-02 21:42:30 - [TEST_STEP][PASSED] - closeBrowser(): Browser is closed

2021-09-02 21:42:30 - [MESSAGE][PASSED] - Browser is closed

2021-09-02 21:42:30 - [TEST_STEP][PASSED] - ctdc.utilities.runtestcaseforKatalon.RunKatalon("TC34_Canine_Filter_Breed-Mastiff.xlsx"): Data loaded from input file for the test case. 

2021-09-02 21:42:30 - [MESSAGE][PASSED] - Test case file loaded This is the full filepath after converting to string :C:\Users\sohilz2\Commons_Automation\InputFiles\TC34_Canine_Filter_Breed-Mastiff.xlsx

2021-09-02 21:42:30 - [MESSAGE][INFO] - Global variable set for password file is :  C:\Users\sohilz2\Commons_Automation\InputFiles\TC34_Canine_Filter_Breed-Mastiff.xlsx

2021-09-02 21:42:34 - [MESSAGE][PASSED] - Data loaded from input file for the test case. 

2021-09-02 21:42:42 - [TEST_STEP][PASSED] - click(findTestObject("Canine/NavBar/Canine_Cases_Btn")): Object: 'Object Repository/Canine/NavBar/Canine_Cases_Btn' is clicked on

2021-09-02 21:42:42 - [MESSAGE][PASSED] - Object: 'Object Repository/Canine/NavBar/Canine_Cases_Btn' is clicked on

2021-09-02 21:42:42 - [TEST_STEP][PASSED] - click(findTestObject("Bento/Cases_page/Filter/FilterByCases_Facet")): Object: 'Object Repository/Bento/Cases_page/Filter/FilterByCases_Facet' is clicked on

2021-09-02 21:42:44 - [MESSAGE][PASSED] - Object: 'Object Repository/Bento/Cases_page/Filter/FilterByCases_Facet' is clicked on

2021-09-02 21:42:44 - [TEST_STEP][PASSED] - waitForElementPresent(findTestObject("Object Repository/Canine/Filter/Breed/BREED_Ddn"), 5): Object 'Object Repository/Canine/Filter/Breed/BREED_Ddn' is present

2021-09-02 21:42:44 - [MESSAGE][PASSED] - Object 'Object Repository/Canine/Filter/Breed/BREED_Ddn' is present

2021-09-02 21:42:44 - [TEST_STEP][PASSED] - ctdc.utilities.runtestcaseforKatalon.clickTabCanineStat("Object Repository/Canine/Filter/Breed/BREED_Ddn"): ctdc.utilities.runtestcaseforKatalon.clickTabCanineStat is PASSED

2021-09-02 21:42:46 - [MESSAGE][PASSED] - ctdc.utilities.runtestcaseforKatalon.clickTabCanineStat is PASSED

2021-09-02 21:42:46 - [TEST_STEP][PASSED] - ctdc.utilities.runtestcaseforKatalon.clickTabCanineStat("Object Repository/Canine/Filter/Breed/Mastiff_Chkbx"): ctdc.utilities.runtestcaseforKatalon.clickTabCanineStat is PASSED

2021-09-02 21:42:47 - [MESSAGE][PASSED] - ctdc.utilities.runtestcaseforKatalon.clickTabCanineStat is PASSED

2021-09-02 21:42:47 - [TEST_STEP][PASSED] - ctdc.utilities.runtestcaseforKatalon.readStatBarCanine("Object Repository/Canine/StatBar/Canine_StatBar-Studies", "Object Repository/Canine/StatBar/Canine_StatBar-Cases", "Object Repository/Canine/StatBar/Canine_StatBar-Samples", "Object Repository/Canine/StatBar/Canine_StatBar-Files", "Object Repository/Canine/StatBar/Canine_StatBar-Aliquots"): ctdc.utilities.runtestcaseforKatalon.readStatBarCanine is PASSED

2021-09-02 21:43:03 - [MESSAGE][PASSED] - ctdc.utilities.runtestcaseforKatalon.readStatBarCanine is PASSED

2021-09-02 21:43:03 - [TEST_STEP][PASSED] - waitForElementPresent(findTestObject("Object Repository/Canine/CanineResults_Cases_Tab"), 5): Object 'Object Repository/Canine/CanineResults_Cases_Tab' is present

2021-09-02 21:43:03 - [MESSAGE][PASSED] - Object 'Object Repository/Canine/CanineResults_Cases_Tab' is present

2021-09-02 21:43:03 - [TEST_STEP][PASSED] - ctdc.utilities.runtestcaseforKatalon.clickTabCanineStat("Object Repository/Canine/CanineResults_Cases_Tab"): ctdc.utilities.runtestcaseforKatalon.clickTabCanineStat is PASSED

2021-09-02 21:43:04 - [MESSAGE][PASSED] - ctdc.utilities.runtestcaseforKatalon.clickTabCanineStat is PASSED

2021-09-02 21:43:04 - [TEST_STEP][PASSED] - ctdc.utilities.runtestcaseforKatalon.multiFunction("ICDC", G_StatBar_Cases, "Object Repository/Canine/Canine_CasesTable", "Object Repository/Canine/Canine_TableHeader", "Object Repository/Canine/Canine_CasesTabNextBtn", G_WebTabnameCases, G_CypherTabnameCases, G_QueryCasesTab): Statbar Arms count matches

2021-09-02 21:43:21 - [MESSAGE][PASSED] - Statbar Files count matches

2021-09-02 21:43:21 - [MESSAGE][PASSED] - Statbar Samples count matches

2021-09-02 21:43:21 - [MESSAGE][PASSED] - Statbar Cases count matches

2021-09-02 21:43:21 - [MESSAGE][PASSED] - Statbar Arms count matches

2021-09-02 21:43:21 - [TEST_STEP][PASSED] - waitForElementPresent(findTestObject("Object Repository/Canine/CanineResults_Samples_Tab"), 5): Object 'Object Repository/Canine/CanineResults_Samples_Tab' is present

2021-09-02 21:43:21 - [MESSAGE][PASSED] - Object 'Object Repository/Canine/CanineResults_Samples_Tab' is present

2021-09-02 21:43:21 - [TEST_STEP][PASSED] - ctdc.utilities.runtestcaseforKatalon.clickTabCanineStat("Object Repository/Canine/CanineResults_Samples_Tab"): ctdc.utilities.runtestcaseforKatalon.clickTabCanineStat is PASSED

2021-09-02 21:43:22 - [MESSAGE][PASSED] - ctdc.utilities.runtestcaseforKatalon.clickTabCanineStat is PASSED

2021-09-02 21:43:22 - [TEST_STEP][PASSED] - ctdc.utilities.runtestcaseforKatalon.multiFunction("ICDC", G_StatBar_Samples, "Object Repository/Canine/Canine_Samples_Table", "Object Repository/Canine/Canine_Samples_TableHdr", "Object Repository/Canine/Canine_SamplesTabNextBtn", G_WebTabnameSamples, G_CypherTabnameSamples, G_QuerySamplesTab): Statbar Arms count matches

2021-09-02 21:43:39 - [MESSAGE][PASSED] - Statbar Files count matches

2021-09-02 21:43:39 - [MESSAGE][PASSED] - Statbar Samples count matches

2021-09-02 21:43:39 - [MESSAGE][PASSED] - Statbar Cases count matches

2021-09-02 21:43:39 - [MESSAGE][PASSED] - Statbar Arms count matches

2021-09-02 21:43:39 - [TEST_STEP][PASSED] - waitForElementPresent(findTestObject("Object Repository/Canine/CanineResults_Files_Tab"), 5): Object 'Object Repository/Canine/CanineResults_Files_Tab' is present

2021-09-02 21:43:40 - [MESSAGE][PASSED] - Object 'Object Repository/Canine/CanineResults_Files_Tab' is present

2021-09-02 21:43:40 - [TEST_STEP][PASSED] - ctdc.utilities.runtestcaseforKatalon.clickTab("Object Repository/Canine/CanineResults_Files_Tab"): ctdc.utilities.runtestcaseforKatalon.clickTab is PASSED

2021-09-02 21:43:40 - [MESSAGE][PASSED] - ctdc.utilities.runtestcaseforKatalon.clickTab is PASSED

2021-09-02 21:43:40 - [TEST_STEP][PASSED] - ctdc.utilities.runtestcaseforKatalon.multiFunction("ICDC", G_StatBar_Files, "Object Repository/Canine/Canine_Files_Table", "Object Repository/Canine/Canine_Files_TableHdr", "Object Repository/Canine/Canine_FilesTabNextBtn", G_WebTabnameFiles, G_CypherTabnameFiles, G_QueryFilesTab): Statbar Arms count matches

2021-09-02 21:43:59 - [MESSAGE][PASSED] - Statbar Files count matches

2021-09-02 21:43:59 - [MESSAGE][PASSED] - Statbar Samples count matches

2021-09-02 21:43:59 - [MESSAGE][PASSED] - Statbar Cases count matches

2021-09-02 21:43:59 - [MESSAGE][PASSED] - Statbar Arms count matches

2021-09-02 21:43:59 - [TEST_STEP][PASSED] - closeBrowser(): Browser is closed

2021-09-02 21:43:59 - [MESSAGE][PASSED] - Browser is closed]]></system-out>
         <system-err><![CDATA[]]></system-err>
      </testcase>
      <testcase name="Test Cases/Canine_TestCases/Breed/TC33_Canine_Filter_Breed-Labrador" time="84.544" classname="Test Cases/Canine_TestCases/Breed/TC33_Canine_Filter_Breed-Labrador" status="PASSED">
         <system-out><![CDATA[2021-09-02 21:43:59 - [TEST_CASE][PASSED] - Test Cases/Canine_TestCases/Breed/TC33_Canine_Filter_Breed-Labrador: Test Cases/Canine_TestCases/Breed/TC33_Canine_Filter_Breed-Labrador

2021-09-02 21:43:59 - [TEST_STEP][PASSED] - Start listener action : getTestScriptName: null

2021-09-02 21:43:59 - [TEST_STEP][PASSED] - TestCaseId = testCaseContext.getTestCaseId(): null

2021-09-02 21:43:59 - [TEST_STEP][PASSED] - out.println("**********this is the value of test case id string******** " + testCaseContext.getTestCaseId()): null

2021-09-02 21:43:59 - [TEST_STEP][PASSED] - G_currentTCName = TestCaseId.substring(TestCaseId.lastIndexOf("TC")): null

2021-09-02 21:43:59 - [TEST_STEP][PASSED] - out.println("This is the test case name : " + G_currentTCName): null

2021-09-02 21:44:00 - [TEST_STEP][PASSED] - closeBrowser(): Browser is closed

2021-09-02 21:44:00 - [MESSAGE][PASSED] - Browser is closed

2021-09-02 21:44:00 - [TEST_STEP][PASSED] - ctdc.utilities.runtestcaseforKatalon.RunKatalon("TC33_Canine_Filter_Breed-Labrador.xlsx"): Data loaded from input file for the test case. 

2021-09-02 21:44:00 - [MESSAGE][PASSED] - Test case file loaded This is the full filepath after converting to string :C:\Users\sohilz2\Commons_Automation\InputFiles\TC33_Canine_Filter_Breed-Labrador.xlsx

2021-09-02 21:44:00 - [MESSAGE][INFO] - Global variable set for password file is :  C:\Users\sohilz2\Commons_Automation\InputFiles\TC33_Canine_Filter_Breed-Labrador.xlsx

2021-09-02 21:44:04 - [MESSAGE][PASSED] - Data loaded from input file for the test case. 

2021-09-02 21:44:11 - [TEST_STEP][PASSED] - waitForElementPresent(findTestObject("Canine/NavBar/Canine_Cases_Btn"), 5): Object 'Object Repository/Canine/NavBar/Canine_Cases_Btn' is present

2021-09-02 21:44:11 - [MESSAGE][PASSED] - Object 'Object Repository/Canine/NavBar/Canine_Cases_Btn' is present

2021-09-02 21:44:11 - [TEST_STEP][PASSED] - ctdc.utilities.runtestcaseforKatalon.clickTabCanineStat("Canine/NavBar/Canine_Cases_Btn"): ctdc.utilities.runtestcaseforKatalon.clickTabCanineStat is PASSED

2021-09-02 21:44:14 - [MESSAGE][PASSED] - ctdc.utilities.runtestcaseforKatalon.clickTabCanineStat is PASSED

2021-09-02 21:44:14 - [TEST_STEP][PASSED] - waitForElementPresent(findTestObject("Bento/Cases_page/Filter/FilterByCases_Facet"), 5): Object 'Object Repository/Bento/Cases_page/Filter/FilterByCases_Facet' is present

2021-09-02 21:44:14 - [MESSAGE][PASSED] - Object 'Object Repository/Bento/Cases_page/Filter/FilterByCases_Facet' is present

2021-09-02 21:44:14 - [TEST_STEP][PASSED] - ctdc.utilities.runtestcaseforKatalon.clickTabCanineStat("Bento/Cases_page/Filter/FilterByCases_Facet"): ctdc.utilities.runtestcaseforKatalon.clickTabCanineStat is PASSED

2021-09-02 21:44:16 - [MESSAGE][PASSED] - ctdc.utilities.runtestcaseforKatalon.clickTabCanineStat is PASSED

2021-09-02 21:44:16 - [TEST_STEP][PASSED] - waitForElementPresent(findTestObject("Object Repository/Canine/Filter/Breed/BREED_Ddn"), 5): Object 'Object Repository/Canine/Filter/Breed/BREED_Ddn' is present

2021-09-02 21:44:16 - [MESSAGE][PASSED] - Object 'Object Repository/Canine/Filter/Breed/BREED_Ddn' is present

2021-09-02 21:44:16 - [TEST_STEP][PASSED] - ctdc.utilities.runtestcaseforKatalon.clickTabCanineStat("Object Repository/Canine/Filter/Breed/BREED_Ddn"): ctdc.utilities.runtestcaseforKatalon.clickTabCanineStat is PASSED

2021-09-02 21:44:17 - [MESSAGE][PASSED] - ctdc.utilities.runtestcaseforKatalon.clickTabCanineStat is PASSED

2021-09-02 21:44:17 - [TEST_STEP][PASSED] - ctdc.utilities.runtestcaseforKatalon.clickTabCanineStat("Object Repository/Canine/Filter/Breed/Labrador_Chkbx"): ctdc.utilities.runtestcaseforKatalon.clickTabCanineStat is PASSED

2021-09-02 21:44:19 - [MESSAGE][PASSED] - ctdc.utilities.runtestcaseforKatalon.clickTabCanineStat is PASSED

2021-09-02 21:44:19 - [TEST_STEP][PASSED] - ctdc.utilities.runtestcaseforKatalon.readStatBarCanine("Object Repository/Canine/StatBar/Canine_StatBar-Studies", "Object Repository/Canine/StatBar/Canine_StatBar-Cases", "Object Repository/Canine/StatBar/Canine_StatBar-Samples", "Object Repository/Canine/StatBar/Canine_StatBar-Files", "Object Repository/Canine/StatBar/Canine_StatBar-Aliquots"): ctdc.utilities.runtestcaseforKatalon.readStatBarCanine is PASSED

2021-09-02 21:44:34 - [MESSAGE][PASSED] - ctdc.utilities.runtestcaseforKatalon.readStatBarCanine is PASSED

2021-09-02 21:44:34 - [TEST_STEP][PASSED] - waitForElementPresent(findTestObject("Object Repository/Canine/CanineResults_Cases_Tab"), 5): Object 'Object Repository/Canine/CanineResults_Cases_Tab' is present

2021-09-02 21:44:34 - [MESSAGE][PASSED] - Object 'Object Repository/Canine/CanineResults_Cases_Tab' is present

2021-09-02 21:44:34 - [TEST_STEP][PASSED] - ctdc.utilities.runtestcaseforKatalon.clickTabCanineStat("Object Repository/Canine/CanineResults_Cases_Tab"): ctdc.utilities.runtestcaseforKatalon.clickTabCanineStat is PASSED

2021-09-02 21:44:36 - [MESSAGE][PASSED] - ctdc.utilities.runtestcaseforKatalon.clickTabCanineStat is PASSED

2021-09-02 21:44:36 - [TEST_STEP][PASSED] - ctdc.utilities.runtestcaseforKatalon.multiFunction("ICDC", G_StatBar_Cases, "Object Repository/Canine/Canine_CasesTable", "Object Repository/Canine/Canine_TableHeader", "Object Repository/Canine/Canine_CasesTabNextBtn", G_WebTabnameCases, G_CypherTabnameCases, G_QueryCasesTab): Statbar Arms count matches

2021-09-02 21:45:23 - [MESSAGE][PASSED] - Statbar Files count matches

2021-09-02 21:45:23 - [MESSAGE][PASSED] - Statbar Samples count matches

2021-09-02 21:45:23 - [MESSAGE][PASSED] - Statbar Cases count matches

2021-09-02 21:45:23 - [MESSAGE][PASSED] - Statbar Arms count matches

2021-09-02 21:45:23 - [TEST_STEP][PASSED] - closeBrowser(): Browser is closed

2021-09-02 21:45:24 - [MESSAGE][PASSED] - Browser is closed]]></system-out>
         <system-err><![CDATA[]]></system-err>
      </testcase>
      <testcase name="Test Cases/Canine_TestCases/Diagnosis/TC07_Canine_Filter_Diagnosis-TCellLymphoma" time="62.586" classname="Test Cases/Canine_TestCases/Diagnosis/TC07_Canine_Filter_Diagnosis-TCellLymphoma" status="PASSED">
         <system-out><![CDATA[2021-09-02 21:45:24 - [TEST_CASE][PASSED] - Test Cases/Canine_TestCases/Diagnosis/TC07_Canine_Filter_Diagnosis-TCellLymphoma: Test Cases/Canine_TestCases/Diagnosis/TC07_Canine_Filter_Diagnosis-TCellLymphoma

2021-09-02 21:45:24 - [TEST_STEP][PASSED] - Start listener action : getTestScriptName: null

2021-09-02 21:45:24 - [TEST_STEP][PASSED] - TestCaseId = testCaseContext.getTestCaseId(): null

2021-09-02 21:45:24 - [TEST_STEP][PASSED] - out.println("**********this is the value of test case id string******** " + testCaseContext.getTestCaseId()): null

2021-09-02 21:45:24 - [TEST_STEP][PASSED] - G_currentTCName = TestCaseId.substring(TestCaseId.lastIndexOf("TC")): null

2021-09-02 21:45:24 - [TEST_STEP][PASSED] - out.println("This is the test case name : " + G_currentTCName): null

2021-09-02 21:45:25 - [TEST_STEP][PASSED] - closeBrowser(): Browser is closed

2021-09-02 21:45:25 - [MESSAGE][PASSED] - Browser is closed

2021-09-02 21:45:25 - [TEST_STEP][PASSED] - ctdc.utilities.runtestcaseforKatalon.RunKatalon("TC07_Canine_Filter_Diagnosis-TCellLymphoma.xlsx"): Data loaded from input file for the test case. 

2021-09-02 21:45:25 - [MESSAGE][PASSED] - Test case file loaded This is the full filepath after converting to string :C:\Users\sohilz2\Commons_Automation\InputFiles\TC07_Canine_Filter_Diagnosis-TCellLymphoma.xlsx

2021-09-02 21:45:25 - [MESSAGE][INFO] - Global variable set for password file is :  C:\Users\sohilz2\Commons_Automation\InputFiles\TC07_Canine_Filter_Diagnosis-TCellLymphoma.xlsx

2021-09-02 21:45:29 - [MESSAGE][PASSED] - Data loaded from input file for the test case. 

2021-09-02 21:45:36 - [TEST_STEP][PASSED] - waitForElementPresent(findTestObject("Canine/NavBar/Canine_Cases_Btn"), 5): Object 'Object Repository/Canine/NavBar/Canine_Cases_Btn' is present

2021-09-02 21:45:36 - [MESSAGE][PASSED] - Object 'Object Repository/Canine/NavBar/Canine_Cases_Btn' is present

2021-09-02 21:45:36 - [TEST_STEP][PASSED] - ctdc.utilities.runtestcaseforKatalon.clickTab("Canine/NavBar/Canine_Cases_Btn"): ctdc.utilities.runtestcaseforKatalon.clickTab is PASSED

2021-09-02 21:45:36 - [MESSAGE][PASSED] - ctdc.utilities.runtestcaseforKatalon.clickTab is PASSED

2021-09-02 21:45:36 - [TEST_STEP][PASSED] - click(findTestObject("Bento/Cases_page/Filter/FilterByCases_Facet")): Object: 'Object Repository/Bento/Cases_page/Filter/FilterByCases_Facet' is clicked on

2021-09-02 21:45:38 - [MESSAGE][PASSED] - Object: 'Object Repository/Bento/Cases_page/Filter/FilterByCases_Facet' is clicked on

2021-09-02 21:45:38 - [TEST_STEP][PASSED] - waitForElementPresent(findTestObject("Object Repository/Canine/Filter/Diagnosis/DIAGNOSIS_Ddn"), 5): Object 'Object Repository/Canine/Filter/Diagnosis/DIAGNOSIS_Ddn' is present

2021-09-02 21:45:38 - [MESSAGE][PASSED] - Object 'Object Repository/Canine/Filter/Diagnosis/DIAGNOSIS_Ddn' is present

2021-09-02 21:45:38 - [TEST_STEP][PASSED] - ctdc.utilities.runtestcaseforKatalon.clickTabCanineStat("Object Repository/Canine/Filter/Diagnosis/DIAGNOSIS_Ddn"): ctdc.utilities.runtestcaseforKatalon.clickTabCanineStat is PASSED

2021-09-02 21:45:40 - [MESSAGE][PASSED] - ctdc.utilities.runtestcaseforKatalon.clickTabCanineStat is PASSED

2021-09-02 21:45:40 - [TEST_STEP][PASSED] - ctdc.utilities.runtestcaseforKatalon.clickTabCanineStat("Canine/Filter/Diagnosis/TCellLymphoma_Chkbx"): ctdc.utilities.runtestcaseforKatalon.clickTabCanineStat is PASSED

2021-09-02 21:45:41 - [MESSAGE][PASSED] - ctdc.utilities.runtestcaseforKatalon.clickTabCanineStat is PASSED

2021-09-02 21:45:41 - [TEST_STEP][PASSED] - ctdc.utilities.runtestcaseforKatalon.readStatBarCanine("Object Repository/Canine/StatBar/Canine_StatBar-Studies", "Object Repository/Canine/StatBar/Canine_StatBar-Cases", "Object Repository/Canine/StatBar/Canine_StatBar-Samples", "Object Repository/Canine/StatBar/Canine_StatBar-Files", "Object Repository/Canine/StatBar/Canine_StatBar-Aliquots"): ctdc.utilities.runtestcaseforKatalon.readStatBarCanine is PASSED

2021-09-02 21:45:57 - [MESSAGE][PASSED] - ctdc.utilities.runtestcaseforKatalon.readStatBarCanine is PASSED

2021-09-02 21:45:57 - [TEST_STEP][PASSED] - waitForElementPresent(findTestObject("Object Repository/Canine/CanineResults_Cases_Tab"), 5): Object 'Object Repository/Canine/CanineResults_Cases_Tab' is present

2021-09-02 21:45:57 - [MESSAGE][PASSED] - Object 'Object Repository/Canine/CanineResults_Cases_Tab' is present

2021-09-02 21:45:57 - [TEST_STEP][PASSED] - ctdc.utilities.runtestcaseforKatalon.clickTab("Object Repository/Canine/CanineResults_Cases_Tab"): ctdc.utilities.runtestcaseforKatalon.clickTab is PASSED

2021-09-02 21:45:57 - [MESSAGE][PASSED] - ctdc.utilities.runtestcaseforKatalon.clickTab is PASSED

2021-09-02 21:45:57 - [TEST_STEP][PASSED] - ctdc.utilities.runtestcaseforKatalon.multiFunction("ICDC", G_StatBar_Cases, "Object Repository/Canine/Canine_CasesTable", "Object Repository/Canine/Canine_TableHeader", "Object Repository/Canine/Canine_CasesTabNextBtn", G_WebTabnameCases, G_CypherTabnameCases, G_QueryCasesTab): Statbar Arms count matches

2021-09-02 21:46:26 - [MESSAGE][PASSED] - Statbar Files count matches

2021-09-02 21:46:26 - [MESSAGE][PASSED] - Statbar Samples count matches

2021-09-02 21:46:26 - [MESSAGE][PASSED] - Statbar Cases count matches

2021-09-02 21:46:26 - [MESSAGE][PASSED] - Statbar Arms count matches

2021-09-02 21:46:26 - [TEST_STEP][PASSED] - closeBrowser(): Browser is closed

2021-09-02 21:46:27 - [MESSAGE][PASSED] - Browser is closed]]></system-out>
         <system-err><![CDATA[]]></system-err>
      </testcase>
      <testcase name="Test Cases/Canine_TestCases/Diagnosis/TC05_Canine_Filter_Diagnosis-OsteoSarcoma" time="450.229" classname="Test Cases/Canine_TestCases/Diagnosis/TC05_Canine_Filter_Diagnosis-OsteoSarcoma" status="PASSED">
         <system-out><![CDATA[2021-09-02 21:46:27 - [TEST_CASE][PASSED] - Test Cases/Canine_TestCases/Diagnosis/TC05_Canine_Filter_Diagnosis-OsteoSarcoma: Test Cases/Canine_TestCases/Diagnosis/TC05_Canine_Filter_Diagnosis-OsteoSarcoma

2021-09-02 21:46:27 - [TEST_STEP][PASSED] - Start listener action : getTestScriptName: null

2021-09-02 21:46:27 - [TEST_STEP][PASSED] - TestCaseId = testCaseContext.getTestCaseId(): null

2021-09-02 21:46:27 - [TEST_STEP][PASSED] - out.println("**********this is the value of test case id string******** " + testCaseContext.getTestCaseId()): null

2021-09-02 21:46:27 - [TEST_STEP][PASSED] - G_currentTCName = TestCaseId.substring(TestCaseId.lastIndexOf("TC")): null

2021-09-02 21:46:27 - [TEST_STEP][PASSED] - out.println("This is the test case name : " + G_currentTCName): null

2021-09-02 21:46:27 - [TEST_STEP][PASSED] - closeBrowser(): Browser is closed

2021-09-02 21:46:27 - [MESSAGE][PASSED] - Browser is closed

2021-09-02 21:46:27 - [TEST_STEP][PASSED] - ctdc.utilities.runtestcaseforKatalon.RunKatalon("TC05_Canine_Filter_Diagnosis-OsteoSarcoma.xlsx"): Data loaded from input file for the test case. 

2021-09-02 21:46:27 - [MESSAGE][PASSED] - Test case file loaded This is the full filepath after converting to string :C:\Users\sohilz2\Commons_Automation\InputFiles\TC05_Canine_Filter_Diagnosis-OsteoSarcoma.xlsx

2021-09-02 21:46:27 - [MESSAGE][INFO] - Global variable set for password file is :  C:\Users\sohilz2\Commons_Automation\InputFiles\TC05_Canine_Filter_Diagnosis-OsteoSarcoma.xlsx

2021-09-02 21:46:31 - [MESSAGE][PASSED] - Data loaded from input file for the test case. 

2021-09-02 21:46:42 - [TEST_STEP][PASSED] - waitForElementPresent(findTestObject("Canine/NavBar/Canine_Cases_Btn"), 5): Object 'Object Repository/Canine/NavBar/Canine_Cases_Btn' is present

2021-09-02 21:46:42 - [MESSAGE][PASSED] - Object 'Object Repository/Canine/NavBar/Canine_Cases_Btn' is present

2021-09-02 21:46:42 - [TEST_STEP][PASSED] - ctdc.utilities.runtestcaseforKatalon.clickTab("Canine/NavBar/Canine_Cases_Btn"): ctdc.utilities.runtestcaseforKatalon.clickTab is PASSED

2021-09-02 21:46:42 - [MESSAGE][PASSED] - ctdc.utilities.runtestcaseforKatalon.clickTab is PASSED

2021-09-02 21:46:42 - [TEST_STEP][PASSED] - click(findTestObject("Bento/Cases_page/Filter/FilterByCases_Facet")): Object: 'Object Repository/Bento/Cases_page/Filter/FilterByCases_Facet' is clicked on

2021-09-02 21:46:44 - [MESSAGE][PASSED] - Object: 'Object Repository/Bento/Cases_page/Filter/FilterByCases_Facet' is clicked on

2021-09-02 21:46:44 - [TEST_STEP][PASSED] - waitForElementPresent(findTestObject("Object Repository/Canine/Filter/Diagnosis/DIAGNOSIS_Ddn"), 5): Object 'Object Repository/Canine/Filter/Diagnosis/DIAGNOSIS_Ddn' is present

2021-09-02 21:46:45 - [MESSAGE][PASSED] - Object 'Object Repository/Canine/Filter/Diagnosis/DIAGNOSIS_Ddn' is present

2021-09-02 21:46:45 - [TEST_STEP][PASSED] - ctdc.utilities.runtestcaseforKatalon.clickTabCanineStat("Object Repository/Canine/Filter/Diagnosis/DIAGNOSIS_Ddn"): ctdc.utilities.runtestcaseforKatalon.clickTabCanineStat is PASSED

2021-09-02 21:46:46 - [MESSAGE][PASSED] - ctdc.utilities.runtestcaseforKatalon.clickTabCanineStat is PASSED

2021-09-02 21:46:46 - [TEST_STEP][PASSED] - ctdc.utilities.runtestcaseforKatalon.clickTabCanineStat("Canine/Filter/Diagnosis/OsteoSarcoma_Chkbx"): ctdc.utilities.runtestcaseforKatalon.clickTabCanineStat is PASSED

2021-09-02 21:46:48 - [MESSAGE][PASSED] - ctdc.utilities.runtestcaseforKatalon.clickTabCanineStat is PASSED

2021-09-02 21:46:48 - [TEST_STEP][PASSED] - ctdc.utilities.runtestcaseforKatalon.readStatBarCanine("Object Repository/Canine/StatBar/Canine_StatBar-Studies", "Object Repository/Canine/StatBar/Canine_StatBar-Cases", "Object Repository/Canine/StatBar/Canine_StatBar-Samples", "Object Repository/Canine/StatBar/Canine_StatBar-Files", "Object Repository/Canine/StatBar/Canine_StatBar-Aliquots"): ctdc.utilities.runtestcaseforKatalon.readStatBarCanine is PASSED

2021-09-02 21:47:03 - [MESSAGE][PASSED] - ctdc.utilities.runtestcaseforKatalon.readStatBarCanine is PASSED

2021-09-02 21:47:03 - [TEST_STEP][PASSED] - waitForElementPresent(findTestObject("Object Repository/Canine/CanineResults_Cases_Tab"), 5): Object 'Object Repository/Canine/CanineResults_Cases_Tab' is present

2021-09-02 21:47:03 - [MESSAGE][PASSED] - Object 'Object Repository/Canine/CanineResults_Cases_Tab' is present

2021-09-02 21:47:03 - [TEST_STEP][PASSED] - ctdc.utilities.runtestcaseforKatalon.clickTab("Object Repository/Canine/CanineResults_Cases_Tab"): ctdc.utilities.runtestcaseforKatalon.clickTab is PASSED

2021-09-02 21:47:03 - [MESSAGE][PASSED] - ctdc.utilities.runtestcaseforKatalon.clickTab is PASSED

2021-09-02 21:47:03 - [TEST_STEP][PASSED] - ctdc.utilities.runtestcaseforKatalon.multiFunction("ICDC", G_StatBar_Cases, "Object Repository/Canine/Canine_CasesTable", "Object Repository/Canine/Canine_TableHeader", "Object Repository/Canine/Canine_CasesTabNextBtn", G_WebTabnameCases, G_CypherTabnameCases, G_QueryCasesTab): Statbar Arms count matches

2021-09-02 21:48:54 - [MESSAGE][PASSED] - Statbar Files count matches

2021-09-02 21:48:54 - [MESSAGE][PASSED] - Statbar Samples count matches

2021-09-02 21:48:54 - [MESSAGE][PASSED] - Statbar Cases count matches

2021-09-02 21:48:54 - [MESSAGE][PASSED] - Statbar Arms count matches

2021-09-02 21:48:54 - [TEST_STEP][PASSED] - waitForElementPresent(findTestObject("Object Repository/Canine/CanineResults_Samples_Tab"), 5): Object 'Object Repository/Canine/CanineResults_Samples_Tab' is present

2021-09-02 21:48:54 - [MESSAGE][PASSED] - Object 'Object Repository/Canine/CanineResults_Samples_Tab' is present

2021-09-02 21:48:54 - [TEST_STEP][PASSED] - ctdc.utilities.runtestcaseforKatalon.clickTab("Object Repository/Canine/CanineResults_Samples_Tab"): ctdc.utilities.runtestcaseforKatalon.clickTab is PASSED

2021-09-02 21:48:55 - [MESSAGE][PASSED] - ctdc.utilities.runtestcaseforKatalon.clickTab is PASSED

2021-09-02 21:48:55 - [TEST_STEP][PASSED] - ctdc.utilities.runtestcaseforKatalon.multiFunction("ICDC", G_StatBar_Samples, "Object Repository/Canine/Canine_Samples_Table", "Object Repository/Canine/Canine_Samples_TableHdr", "Object Repository/Canine/Canine_SamplesTabNextBtn", G_WebTabnameSamples, G_CypherTabnameSamples, G_QuerySamplesTab): Statbar Arms count matches

2021-09-02 21:52:47 - [MESSAGE][PASSED] - Statbar Files count matches

2021-09-02 21:52:47 - [MESSAGE][PASSED] - Statbar Samples count matches

2021-09-02 21:52:47 - [MESSAGE][PASSED] - Statbar Cases count matches

2021-09-02 21:52:47 - [MESSAGE][PASSED] - Statbar Arms count matches

2021-09-02 21:52:47 - [TEST_STEP][PASSED] - waitForElementPresent(findTestObject("Object Repository/Canine/CanineResults_Files_Tab"), 5): Object 'Object Repository/Canine/CanineResults_Files_Tab' is present

2021-09-02 21:52:48 - [MESSAGE][PASSED] - Object 'Object Repository/Canine/CanineResults_Files_Tab' is present

2021-09-02 21:52:48 - [TEST_STEP][PASSED] - ctdc.utilities.runtestcaseforKatalon.clickTab("Object Repository/Canine/CanineResults_Files_Tab"): ctdc.utilities.runtestcaseforKatalon.clickTab is PASSED

2021-09-02 21:52:48 - [MESSAGE][PASSED] - ctdc.utilities.runtestcaseforKatalon.clickTab is PASSED

2021-09-02 21:52:48 - [TEST_STEP][PASSED] - ctdc.utilities.runtestcaseforKatalon.multiFunction("ICDC", G_StatBar_Files, "Object Repository/Canine/Canine_Files_Table", "Object Repository/Canine/Canine_Files_TableHdr", "Object Repository/Canine/Canine_FilesTabNextBtn", G_WebTabnameFiles, G_CypherTabnameFiles, G_QueryFilesTab): Statbar Arms count matches

2021-09-02 21:53:56 - [MESSAGE][PASSED] - Statbar Files count matches

2021-09-02 21:53:56 - [MESSAGE][PASSED] - Statbar Samples count matches

2021-09-02 21:53:56 - [MESSAGE][PASSED] - Statbar Cases count matches

2021-09-02 21:53:56 - [MESSAGE][PASSED] - Statbar Arms count matches

2021-09-02 21:53:56 - [TEST_STEP][PASSED] - closeBrowser(): Browser is closed

2021-09-02 21:53:57 - [MESSAGE][PASSED] - Browser is closed]]></system-out>
         <system-err><![CDATA[]]></system-err>
      </testcase>
      <testcase name="Test Cases/Canine_TestCases/Diagnosis/TC06_Canine_Filter_Diagnosis-PulmNeoplasm" time="178.799" classname="Test Cases/Canine_TestCases/Diagnosis/TC06_Canine_Filter_Diagnosis-PulmNeoplasm" status="PASSED">
         <system-out><![CDATA[2021-09-02 21:53:57 - [TEST_CASE][PASSED] - Test Cases/Canine_TestCases/Diagnosis/TC06_Canine_Filter_Diagnosis-PulmNeoplasm: Test Cases/Canine_TestCases/Diagnosis/TC06_Canine_Filter_Diagnosis-PulmNeoplasm

2021-09-02 21:53:57 - [TEST_STEP][PASSED] - Start listener action : getTestScriptName: null

2021-09-02 21:53:57 - [TEST_STEP][PASSED] - TestCaseId = testCaseContext.getTestCaseId(): null

2021-09-02 21:53:57 - [TEST_STEP][PASSED] - out.println("**********this is the value of test case id string******** " + testCaseContext.getTestCaseId()): null

2021-09-02 21:53:57 - [TEST_STEP][PASSED] - G_currentTCName = TestCaseId.substring(TestCaseId.lastIndexOf("TC")): null

2021-09-02 21:53:57 - [TEST_STEP][PASSED] - out.println("This is the test case name : " + G_currentTCName): null

2021-09-02 21:53:57 - [TEST_STEP][PASSED] - closeBrowser(): Browser is closed

2021-09-02 21:53:57 - [MESSAGE][PASSED] - Browser is closed

2021-09-02 21:53:57 - [TEST_STEP][PASSED] - ctdc.utilities.runtestcaseforKatalon.RunKatalon("TC06_Canine_Filter_Diagnosis-PulmNeoplasm.xlsx"): Data loaded from input file for the test case. 

2021-09-02 21:53:57 - [MESSAGE][PASSED] - Test case file loaded This is the full filepath after converting to string :C:\Users\sohilz2\Commons_Automation\InputFiles\TC06_Canine_Filter_Diagnosis-PulmNeoplasm.xlsx

2021-09-02 21:53:57 - [MESSAGE][INFO] - Global variable set for password file is :  C:\Users\sohilz2\Commons_Automation\InputFiles\TC06_Canine_Filter_Diagnosis-PulmNeoplasm.xlsx

2021-09-02 21:54:01 - [MESSAGE][PASSED] - Data loaded from input file for the test case. 

2021-09-02 21:54:12 - [TEST_STEP][PASSED] - waitForElementPresent(findTestObject("Canine/NavBar/Canine_Cases_Btn"), 5): Object 'Object Repository/Canine/NavBar/Canine_Cases_Btn' is present

2021-09-02 21:54:12 - [MESSAGE][PASSED] - Object 'Object Repository/Canine/NavBar/Canine_Cases_Btn' is present

2021-09-02 21:54:12 - [TEST_STEP][PASSED] - ctdc.utilities.runtestcaseforKatalon.clickTab("Canine/NavBar/Canine_Cases_Btn"): ctdc.utilities.runtestcaseforKatalon.clickTab is PASSED

2021-09-02 21:54:12 - [MESSAGE][PASSED] - ctdc.utilities.runtestcaseforKatalon.clickTab is PASSED

2021-09-02 21:54:12 - [TEST_STEP][PASSED] - click(findTestObject("Bento/Cases_page/Filter/FilterByCases_Facet")): Object: 'Object Repository/Bento/Cases_page/Filter/FilterByCases_Facet' is clicked on

2021-09-02 21:54:14 - [MESSAGE][PASSED] - Object: 'Object Repository/Bento/Cases_page/Filter/FilterByCases_Facet' is clicked on

2021-09-02 21:54:14 - [TEST_STEP][PASSED] - waitForElementPresent(findTestObject("Object Repository/Canine/Filter/Diagnosis/DIAGNOSIS_Ddn"), 5): Object 'Object Repository/Canine/Filter/Diagnosis/DIAGNOSIS_Ddn' is present

2021-09-02 21:54:15 - [MESSAGE][PASSED] - Object 'Object Repository/Canine/Filter/Diagnosis/DIAGNOSIS_Ddn' is present

2021-09-02 21:54:15 - [TEST_STEP][PASSED] - ctdc.utilities.runtestcaseforKatalon.clickTabCanineStat("Object Repository/Canine/Filter/Diagnosis/DIAGNOSIS_Ddn"): ctdc.utilities.runtestcaseforKatalon.clickTabCanineStat is PASSED

2021-09-02 21:54:16 - [MESSAGE][PASSED] - ctdc.utilities.runtestcaseforKatalon.clickTabCanineStat is PASSED

2021-09-02 21:54:16 - [TEST_STEP][PASSED] - ctdc.utilities.runtestcaseforKatalon.clickTabCanineStat("Canine/Filter/Diagnosis/PulmonaryNeo_Chkbx"): ctdc.utilities.runtestcaseforKatalon.clickTabCanineStat is PASSED

2021-09-02 21:54:17 - [MESSAGE][PASSED] - ctdc.utilities.runtestcaseforKatalon.clickTabCanineStat is PASSED

2021-09-02 21:54:17 - [TEST_STEP][PASSED] - ctdc.utilities.runtestcaseforKatalon.readStatBarCanine("Object Repository/Canine/StatBar/Canine_StatBar-Studies", "Object Repository/Canine/StatBar/Canine_StatBar-Cases", "Object Repository/Canine/StatBar/Canine_StatBar-Samples", "Object Repository/Canine/StatBar/Canine_StatBar-Files", "Object Repository/Canine/StatBar/Canine_StatBar-Aliquots"): ctdc.utilities.runtestcaseforKatalon.readStatBarCanine is PASSED

2021-09-02 21:54:33 - [MESSAGE][PASSED] - ctdc.utilities.runtestcaseforKatalon.readStatBarCanine is PASSED

2021-09-02 21:54:33 - [TEST_STEP][PASSED] - waitForElementPresent(findTestObject("Object Repository/Canine/CanineResults_Cases_Tab"), 5): Object 'Object Repository/Canine/CanineResults_Cases_Tab' is present

2021-09-02 21:54:33 - [MESSAGE][PASSED] - Object 'Object Repository/Canine/CanineResults_Cases_Tab' is present

2021-09-02 21:54:33 - [TEST_STEP][PASSED] - ctdc.utilities.runtestcaseforKatalon.clickTab("Object Repository/Canine/CanineResults_Cases_Tab"): ctdc.utilities.runtestcaseforKatalon.clickTab is PASSED

2021-09-02 21:54:33 - [MESSAGE][PASSED] - ctdc.utilities.runtestcaseforKatalon.clickTab is PASSED

2021-09-02 21:54:33 - [TEST_STEP][PASSED] - ctdc.utilities.runtestcaseforKatalon.multiFunction("ICDC", G_StatBar_Cases, "Object Repository/Canine/Canine_CasesTable", "Object Repository/Canine/Canine_TableHeader", "Object Repository/Canine/Canine_CasesTabNextBtn", G_WebTabnameCases, G_CypherTabnameCases, G_QueryCasesTab): Statbar Arms count matches

2021-09-02 21:55:02 - [MESSAGE][PASSED] - Statbar Files count matches

2021-09-02 21:55:02 - [MESSAGE][PASSED] - Statbar Samples count matches

2021-09-02 21:55:02 - [MESSAGE][PASSED] - Statbar Cases count matches

2021-09-02 21:55:02 - [MESSAGE][PASSED] - Statbar Arms count matches

2021-09-02 21:55:02 - [TEST_STEP][PASSED] - waitForElementPresent(findTestObject("Object Repository/Canine/CanineResults_Samples_Tab"), 5): Object 'Object Repository/Canine/CanineResults_Samples_Tab' is present

2021-09-02 21:55:02 - [MESSAGE][PASSED] - Object 'Object Repository/Canine/CanineResults_Samples_Tab' is present

2021-09-02 21:55:02 - [TEST_STEP][PASSED] - ctdc.utilities.runtestcaseforKatalon.clickTab("Object Repository/Canine/CanineResults_Samples_Tab"): ctdc.utilities.runtestcaseforKatalon.clickTab is PASSED

2021-09-02 21:55:03 - [MESSAGE][PASSED] - ctdc.utilities.runtestcaseforKatalon.clickTab is PASSED

2021-09-02 21:55:03 - [TEST_STEP][PASSED] - ctdc.utilities.runtestcaseforKatalon.multiFunction("ICDC", G_StatBar_Samples, "Object Repository/Canine/Canine_Samples_Table", "Object Repository/Canine/Canine_Samples_TableHdr", "Object Repository/Canine/Canine_SamplesTabNextBtn", G_WebTabnameSamples, G_CypherTabnameSamples, G_QuerySamplesTab): Statbar Arms count matches

2021-09-02 21:55:48 - [MESSAGE][PASSED] - Statbar Files count matches

2021-09-02 21:55:48 - [MESSAGE][PASSED] - Statbar Samples count matches

2021-09-02 21:55:48 - [MESSAGE][PASSED] - Statbar Cases count matches

2021-09-02 21:55:48 - [MESSAGE][PASSED] - Statbar Arms count matches

2021-09-02 21:55:48 - [TEST_STEP][PASSED] - waitForElementPresent(findTestObject("Object Repository/Canine/CanineResults_Files_Tab"), 5): Object 'Object Repository/Canine/CanineResults_Files_Tab' is present

2021-09-02 21:55:48 - [MESSAGE][PASSED] - Object 'Object Repository/Canine/CanineResults_Files_Tab' is present

2021-09-02 21:55:48 - [TEST_STEP][PASSED] - ctdc.utilities.runtestcaseforKatalon.clickTab("Object Repository/Canine/CanineResults_Files_Tab"): ctdc.utilities.runtestcaseforKatalon.clickTab is PASSED

2021-09-02 21:55:49 - [MESSAGE][PASSED] - ctdc.utilities.runtestcaseforKatalon.clickTab is PASSED

2021-09-02 21:55:49 - [TEST_STEP][PASSED] - ctdc.utilities.runtestcaseforKatalon.multiFunction("ICDC", G_StatBar_Files, "Object Repository/Canine/Canine_Files_Table", "Object Repository/Canine/Canine_Files_TableHdr", "Object Repository/Canine/Canine_FilesTabNextBtn", G_WebTabnameFiles, G_CypherTabnameFiles, G_QueryFilesTab): Statbar Arms count matches

2021-09-02 21:56:55 - [MESSAGE][PASSED] - Statbar Files count matches

2021-09-02 21:56:55 - [MESSAGE][PASSED] - Statbar Samples count matches

2021-09-02 21:56:55 - [MESSAGE][PASSED] - Statbar Cases count matches

2021-09-02 21:56:55 - [MESSAGE][PASSED] - Statbar Arms count matches

2021-09-02 21:56:55 - [TEST_STEP][PASSED] - closeBrowser(): Browser is closed

2021-09-02 21:56:56 - [MESSAGE][PASSED] - Browser is closed]]></system-out>
         <system-err><![CDATA[]]></system-err>
      </testcase>
      <testcase name="Test Cases/Canine_TestCases/Diagnosis/TC04_Canine_Filter_Diagnosis-Melanoma" time="178.363" classname="Test Cases/Canine_TestCases/Diagnosis/TC04_Canine_Filter_Diagnosis-Melanoma" status="PASSED">
         <system-out><![CDATA[2021-09-02 21:56:56 - [TEST_CASE][PASSED] - Test Cases/Canine_TestCases/Diagnosis/TC04_Canine_Filter_Diagnosis-Melanoma: Test Cases/Canine_TestCases/Diagnosis/TC04_Canine_Filter_Diagnosis-Melanoma

2021-09-02 21:56:56 - [TEST_STEP][PASSED] - Start listener action : getTestScriptName: null

2021-09-02 21:56:56 - [TEST_STEP][PASSED] - TestCaseId = testCaseContext.getTestCaseId(): null

2021-09-02 21:56:56 - [TEST_STEP][PASSED] - out.println("**********this is the value of test case id string******** " + testCaseContext.getTestCaseId()): null

2021-09-02 21:56:56 - [TEST_STEP][PASSED] - G_currentTCName = TestCaseId.substring(TestCaseId.lastIndexOf("TC")): null

2021-09-02 21:56:56 - [TEST_STEP][PASSED] - out.println("This is the test case name : " + G_currentTCName): null

2021-09-02 21:56:56 - [TEST_STEP][PASSED] - closeBrowser(): Browser is closed

2021-09-02 21:56:56 - [MESSAGE][PASSED] - Browser is closed

2021-09-02 21:56:56 - [TEST_STEP][PASSED] - ctdc.utilities.runtestcaseforKatalon.RunKatalon("TC04_Canine_Filter_Diagnosis-Melanoma.xlsx"): Data loaded from input file for the test case. 

2021-09-02 21:56:56 - [MESSAGE][PASSED] - Test case file loaded This is the full filepath after converting to string :C:\Users\sohilz2\Commons_Automation\InputFiles\TC04_Canine_Filter_Diagnosis-Melanoma.xlsx

2021-09-02 21:56:56 - [MESSAGE][INFO] - Global variable set for password file is :  C:\Users\sohilz2\Commons_Automation\InputFiles\TC04_Canine_Filter_Diagnosis-Melanoma.xlsx

2021-09-02 21:57:00 - [MESSAGE][PASSED] - Data loaded from input file for the test case. 

2021-09-02 21:57:10 - [TEST_STEP][PASSED] - waitForElementPresent(findTestObject("Canine/NavBar/Canine_Cases_Btn"), 5): Object 'Object Repository/Canine/NavBar/Canine_Cases_Btn' is present

2021-09-02 21:57:10 - [MESSAGE][PASSED] - Object 'Object Repository/Canine/NavBar/Canine_Cases_Btn' is present

2021-09-02 21:57:10 - [TEST_STEP][PASSED] - ctdc.utilities.runtestcaseforKatalon.clickTab("Canine/NavBar/Canine_Cases_Btn"): ctdc.utilities.runtestcaseforKatalon.clickTab is PASSED

2021-09-02 21:57:10 - [MESSAGE][PASSED] - ctdc.utilities.runtestcaseforKatalon.clickTab is PASSED

2021-09-02 21:57:10 - [TEST_STEP][PASSED] - click(findTestObject("Bento/Cases_page/Filter/FilterByCases_Facet")): Object: 'Object Repository/Bento/Cases_page/Filter/FilterByCases_Facet' is clicked on

2021-09-02 21:57:12 - [MESSAGE][PASSED] - Object: 'Object Repository/Bento/Cases_page/Filter/FilterByCases_Facet' is clicked on

2021-09-02 21:57:12 - [TEST_STEP][PASSED] - waitForElementPresent(findTestObject("Object Repository/Canine/Filter/Diagnosis/DIAGNOSIS_Ddn"), 5): Object 'Object Repository/Canine/Filter/Diagnosis/DIAGNOSIS_Ddn' is present

2021-09-02 21:57:12 - [MESSAGE][PASSED] - Object 'Object Repository/Canine/Filter/Diagnosis/DIAGNOSIS_Ddn' is present

2021-09-02 21:57:12 - [TEST_STEP][PASSED] - ctdc.utilities.runtestcaseforKatalon.clickTabCanineStat("Object Repository/Canine/Filter/Diagnosis/DIAGNOSIS_Ddn"): ctdc.utilities.runtestcaseforKatalon.clickTabCanineStat is PASSED

2021-09-02 21:57:14 - [MESSAGE][PASSED] - ctdc.utilities.runtestcaseforKatalon.clickTabCanineStat is PASSED

2021-09-02 21:57:14 - [TEST_STEP][PASSED] - ctdc.utilities.runtestcaseforKatalon.clickTabCanineStat("Canine/Filter/Diagnosis/Melanoma_Chkbx"): ctdc.utilities.runtestcaseforKatalon.clickTabCanineStat is PASSED

2021-09-02 21:57:15 - [MESSAGE][PASSED] - ctdc.utilities.runtestcaseforKatalon.clickTabCanineStat is PASSED

2021-09-02 21:57:15 - [TEST_STEP][PASSED] - ctdc.utilities.runtestcaseforKatalon.readStatBarCanine("Object Repository/Canine/StatBar/Canine_StatBar-Studies", "Object Repository/Canine/StatBar/Canine_StatBar-Cases", "Object Repository/Canine/StatBar/Canine_StatBar-Samples", "Object Repository/Canine/StatBar/Canine_StatBar-Files", "Object Repository/Canine/StatBar/Canine_StatBar-Aliquots"): ctdc.utilities.runtestcaseforKatalon.readStatBarCanine is PASSED

2021-09-02 21:57:31 - [MESSAGE][PASSED] - ctdc.utilities.runtestcaseforKatalon.readStatBarCanine is PASSED

2021-09-02 21:57:31 - [TEST_STEP][PASSED] - waitForElementPresent(findTestObject("Object Repository/Canine/CanineResults_Cases_Tab"), 5): Object 'Object Repository/Canine/CanineResults_Cases_Tab' is present

2021-09-02 21:57:31 - [MESSAGE][PASSED] - Object 'Object Repository/Canine/CanineResults_Cases_Tab' is present

2021-09-02 21:57:31 - [TEST_STEP][PASSED] - ctdc.utilities.runtestcaseforKatalon.clickTab("Object Repository/Canine/CanineResults_Cases_Tab"): ctdc.utilities.runtestcaseforKatalon.clickTab is PASSED

2021-09-02 21:57:31 - [MESSAGE][PASSED] - ctdc.utilities.runtestcaseforKatalon.clickTab is PASSED

2021-09-02 21:57:31 - [TEST_STEP][PASSED] - ctdc.utilities.runtestcaseforKatalon.multiFunction("ICDC", G_StatBar_Cases, "Object Repository/Canine/Canine_CasesTable", "Object Repository/Canine/Canine_TableHeader", "Object Repository/Canine/Canine_CasesTabNextBtn", G_WebTabnameCases, G_CypherTabnameCases, G_QueryCasesTab): Statbar Arms count matches

2021-09-02 21:58:00 - [MESSAGE][PASSED] - Statbar Files count matches

2021-09-02 21:58:00 - [MESSAGE][PASSED] - Statbar Samples count matches

2021-09-02 21:58:00 - [MESSAGE][PASSED] - Statbar Cases count matches

2021-09-02 21:58:00 - [MESSAGE][PASSED] - Statbar Arms count matches

2021-09-02 21:58:00 - [TEST_STEP][PASSED] - waitForElementPresent(findTestObject("Object Repository/Canine/CanineResults_Samples_Tab"), 5): Object 'Object Repository/Canine/CanineResults_Samples_Tab' is present

2021-09-02 21:58:00 - [MESSAGE][PASSED] - Object 'Object Repository/Canine/CanineResults_Samples_Tab' is present

2021-09-02 21:58:00 - [TEST_STEP][PASSED] - ctdc.utilities.runtestcaseforKatalon.clickTab("Object Repository/Canine/CanineResults_Samples_Tab"): ctdc.utilities.runtestcaseforKatalon.clickTab is PASSED

2021-09-02 21:58:01 - [MESSAGE][PASSED] - ctdc.utilities.runtestcaseforKatalon.clickTab is PASSED

2021-09-02 21:58:01 - [TEST_STEP][PASSED] - ctdc.utilities.runtestcaseforKatalon.multiFunction("ICDC", G_StatBar_Samples, "Object Repository/Canine/Canine_Samples_Table", "Object Repository/Canine/Canine_Samples_TableHdr", "Object Repository/Canine/Canine_SamplesTabNextBtn", G_WebTabnameSamples, G_CypherTabnameSamples, G_QuerySamplesTab): Statbar Arms count matches

2021-09-02 21:58:46 - [MESSAGE][PASSED] - Statbar Files count matches

2021-09-02 21:58:46 - [MESSAGE][PASSED] - Statbar Samples count matches

2021-09-02 21:58:46 - [MESSAGE][PASSED] - Statbar Cases count matches

2021-09-02 21:58:46 - [MESSAGE][PASSED] - Statbar Arms count matches

2021-09-02 21:58:46 - [TEST_STEP][PASSED] - waitForElementPresent(findTestObject("Object Repository/Canine/CanineResults_Files_Tab"), 5): Object 'Object Repository/Canine/CanineResults_Files_Tab' is present

2021-09-02 21:58:46 - [MESSAGE][PASSED] - Object 'Object Repository/Canine/CanineResults_Files_Tab' is present

2021-09-02 21:58:46 - [TEST_STEP][PASSED] - ctdc.utilities.runtestcaseforKatalon.clickTab("Object Repository/Canine/CanineResults_Files_Tab"): ctdc.utilities.runtestcaseforKatalon.clickTab is PASSED

2021-09-02 21:58:47 - [MESSAGE][PASSED] - ctdc.utilities.runtestcaseforKatalon.clickTab is PASSED

2021-09-02 21:58:47 - [TEST_STEP][PASSED] - ctdc.utilities.runtestcaseforKatalon.multiFunction("ICDC", G_StatBar_Files, "Object Repository/Canine/Canine_Files_Table", "Object Repository/Canine/Canine_Files_TableHdr", "Object Repository/Canine/Canine_FilesTabNextBtn", G_WebTabnameFiles, G_CypherTabnameFiles, G_QueryFilesTab): Statbar Arms count matches

2021-09-02 21:59:53 - [MESSAGE][PASSED] - Statbar Files count matches

2021-09-02 21:59:53 - [MESSAGE][PASSED] - Statbar Samples count matches

2021-09-02 21:59:53 - [MESSAGE][PASSED] - Statbar Cases count matches

2021-09-02 21:59:53 - [MESSAGE][PASSED] - Statbar Arms count matches

2021-09-02 21:59:53 - [TEST_STEP][PASSED] - closeBrowser(): Browser is closed

2021-09-02 21:59:54 - [MESSAGE][PASSED] - Browser is closed]]></system-out>
         <system-err><![CDATA[]]></system-err>
      </testcase>
      <testcase name="Test Cases/Canine_TestCases/FileAssociation/TC02_Canine_Filter_FileAssoc-sample" time="2901.418" classname="Test Cases/Canine_TestCases/FileAssociation/TC02_Canine_Filter_FileAssoc-sample" status="PASSED">
         <system-out><![CDATA[2021-09-02 21:59:54 - [TEST_CASE][PASSED] - Test Cases/Canine_TestCases/FileAssociation/TC02_Canine_Filter_FileAssoc-sample: Test Cases/Canine_TestCases/FileAssociation/TC02_Canine_Filter_FileAssoc-sample

2021-09-02 21:59:54 - [TEST_STEP][PASSED] - Start listener action : getTestScriptName: null

2021-09-02 21:59:54 - [TEST_STEP][PASSED] - TestCaseId = testCaseContext.getTestCaseId(): null

2021-09-02 21:59:54 - [TEST_STEP][PASSED] - out.println("**********this is the value of test case id string******** " + testCaseContext.getTestCaseId()): null

2021-09-02 21:59:54 - [TEST_STEP][PASSED] - G_currentTCName = TestCaseId.substring(TestCaseId.lastIndexOf("TC")): null

2021-09-02 21:59:54 - [TEST_STEP][PASSED] - out.println("This is the test case name : " + G_currentTCName): null

2021-09-02 21:59:55 - [TEST_STEP][PASSED] - closeBrowser(): Browser is closed

2021-09-02 21:59:55 - [MESSAGE][PASSED] - Browser is closed

2021-09-02 21:59:55 - [TEST_STEP][PASSED] - ctdc.utilities.runtestcaseforKatalon.RunKatalon("TC02_Canine_Filter_FileAssoc-sample.xlsx"): Data loaded from input file for the test case. 

2021-09-02 21:59:55 - [MESSAGE][PASSED] - Test case file loaded This is the full filepath after converting to string :C:\Users\sohilz2\Commons_Automation\InputFiles\TC02_Canine_Filter_FileAssoc-sample.xlsx

2021-09-02 21:59:55 - [MESSAGE][INFO] - Global variable set for password file is :  C:\Users\sohilz2\Commons_Automation\InputFiles\TC02_Canine_Filter_FileAssoc-sample.xlsx

2021-09-02 21:59:59 - [MESSAGE][PASSED] - Data loaded from input file for the test case. 

2021-09-02 22:00:07 - [TEST_STEP][PASSED] - waitForElementPresent(findTestObject("Canine/NavBar/Canine_Cases_Btn"), 5): Object 'Object Repository/Canine/NavBar/Canine_Cases_Btn' is present

2021-09-02 22:00:07 - [MESSAGE][PASSED] - Object 'Object Repository/Canine/NavBar/Canine_Cases_Btn' is present

2021-09-02 22:00:07 - [TEST_STEP][PASSED] - click(findTestObject("Canine/NavBar/Canine_Cases_Btn")): Object: 'Object Repository/Canine/NavBar/Canine_Cases_Btn' is clicked on

2021-09-02 22:00:07 - [MESSAGE][PASSED] - Object: 'Object Repository/Canine/NavBar/Canine_Cases_Btn' is clicked on

2021-09-02 22:00:07 - [TEST_STEP][PASSED] - click(findTestObject("Canine/Filter/FilterByFiles_Facet")): Object: 'Object Repository/Canine/Filter/FilterByFiles_Facet' is clicked on

2021-09-02 22:00:09 - [MESSAGE][PASSED] - Object: 'Object Repository/Canine/Filter/FilterByFiles_Facet' is clicked on

2021-09-02 22:00:09 - [TEST_STEP][PASSED] - ctdc.utilities.runtestcaseforKatalon.clickTabCanineStat("Object Repository/Canine/Filter/FileAssociation/FILEASSOCIATION_Ddn"): ctdc.utilities.runtestcaseforKatalon.clickTabCanineStat is PASSED

2021-09-02 22:00:11 - [MESSAGE][PASSED] - ctdc.utilities.runtestcaseforKatalon.clickTabCanineStat is PASSED

2021-09-02 22:00:11 - [TEST_STEP][PASSED] - ctdc.utilities.runtestcaseforKatalon.clickTabCanineStat("Object Repository/Canine/Filter/FileAssociation/sample_Chkbx"): ctdc.utilities.runtestcaseforKatalon.clickTabCanineStat is PASSED

2021-09-02 22:00:12 - [MESSAGE][PASSED] - ctdc.utilities.runtestcaseforKatalon.clickTabCanineStat is PASSED

2021-09-02 22:00:12 - [TEST_STEP][PASSED] - ctdc.utilities.runtestcaseforKatalon.readStatBarCanine("Object Repository/Canine/StatBar/Canine_StatBar-Studies", "Object Repository/Canine/StatBar/Canine_StatBar-Cases", "Object Repository/Canine/StatBar/Canine_StatBar-Samples", "Object Repository/Canine/StatBar/Canine_StatBar-Files", "Object Repository/Canine/StatBar/Canine_StatBar-Aliquots"): ctdc.utilities.runtestcaseforKatalon.readStatBarCanine is PASSED

2021-09-02 22:00:28 - [MESSAGE][PASSED] - ctdc.utilities.runtestcaseforKatalon.readStatBarCanine is PASSED

2021-09-02 22:00:28 - [TEST_STEP][PASSED] - waitForElementPresent(findTestObject("Object Repository/Canine/CanineResults_Cases_Tab"), 5): Object 'Object Repository/Canine/CanineResults_Cases_Tab' is present

2021-09-02 22:00:28 - [MESSAGE][PASSED] - Object 'Object Repository/Canine/CanineResults_Cases_Tab' is present

2021-09-02 22:00:28 - [TEST_STEP][PASSED] - click(findTestObject("Object Repository/Canine/CanineResults_Cases_Tab")): Object: 'Object Repository/Canine/CanineResults_Cases_Tab' is clicked on

2021-09-02 22:00:28 - [MESSAGE][PASSED] - Object: 'Object Repository/Canine/CanineResults_Cases_Tab' is clicked on

2021-09-02 22:00:28 - [TEST_STEP][PASSED] - ctdc.utilities.runtestcaseforKatalon.multiFunction("ICDC", G_StatBar_Cases, "Object Repository/Canine/Canine_CasesTable", "Object Repository/Canine/Canine_TableHeader", "Object Repository/Canine/Canine_CasesTabNextBtn", G_WebTabnameCases, G_CypherTabnameCases, G_QueryCasesTab): Statbar Arms count matches

2021-09-02 22:06:16 - [MESSAGE][PASSED] - Statbar Files count matches

2021-09-02 22:06:16 - [MESSAGE][PASSED] - Statbar Samples count matches

2021-09-02 22:06:16 - [MESSAGE][PASSED] - Statbar Cases count matches

2021-09-02 22:06:16 - [MESSAGE][PASSED] - Statbar Arms count matches

2021-09-02 22:06:16 - [TEST_STEP][PASSED] - ctdc.utilities.runtestcaseforKatalon.clickTab("Object Repository/Canine/CanineResults_Samples_Tab"): ctdc.utilities.runtestcaseforKatalon.clickTab is PASSED

2021-09-02 22:06:17 - [MESSAGE][PASSED] - ctdc.utilities.runtestcaseforKatalon.clickTab is PASSED

2021-09-02 22:06:17 - [TEST_STEP][PASSED] - ctdc.utilities.runtestcaseforKatalon.multiFunction("ICDC", G_StatBar_Samples, "Object Repository/Canine/Canine_Samples_Table", "Object Repository/Canine/Canine_Samples_TableHdr", "Object Repository/Canine/Canine_SamplesTabNextBtn", G_WebTabnameSamples, G_CypherTabnameSamples, G_QuerySamplesTab): Statbar Arms count matches

2021-09-02 22:22:29 - [MESSAGE][PASSED] - Statbar Files count matches

2021-09-02 22:22:29 - [MESSAGE][PASSED] - Statbar Samples count matches

2021-09-02 22:22:29 - [MESSAGE][PASSED] - Statbar Cases count matches

2021-09-02 22:22:29 - [MESSAGE][PASSED] - Statbar Arms count matches

2021-09-02 22:22:29 - [TEST_STEP][PASSED] - ctdc.utilities.runtestcaseforKatalon.clickTab("Object Repository/Canine/CanineResults_Files_Tab"): ctdc.utilities.runtestcaseforKatalon.clickTab is PASSED

2021-09-02 22:22:29 - [MESSAGE][PASSED] - ctdc.utilities.runtestcaseforKatalon.clickTab is PASSED

2021-09-02 22:22:29 - [TEST_STEP][PASSED] - ctdc.utilities.runtestcaseforKatalon.multiFunction("ICDC", G_StatBar_Files, "Object Repository/Canine/Canine_Files_Table", "Object Repository/Canine/Canine_Files_TableHdr", "Object Repository/Canine/Canine_FilesTabNextBtn", G_WebTabnameFiles, G_CypherTabnameFiles, G_QueryFilesTab): Statbar Arms count matches

2021-09-02 22:48:15 - [MESSAGE][PASSED] - Statbar Files count matches

2021-09-02 22:48:15 - [MESSAGE][PASSED] - Statbar Samples count matches

2021-09-02 22:48:15 - [MESSAGE][PASSED] - Statbar Cases count matches

2021-09-02 22:48:15 - [MESSAGE][PASSED] - Statbar Arms count matches]]></system-out>
         <system-err><![CDATA[]]></system-err>
      </testcase>
      <testcase name="Test Cases/Canine_TestCases/FileFormat/TC06_Canine_Filter_FileFormat-tif" time="87.17" classname="Test Cases/Canine_TestCases/FileFormat/TC06_Canine_Filter_FileFormat-tif" status="PASSED">
         <system-out><![CDATA[2021-09-02 22:48:15 - [TEST_CASE][PASSED] - Test Cases/Canine_TestCases/FileFormat/TC06_Canine_Filter_FileFormat-tif: Test Cases/Canine_TestCases/FileFormat/TC06_Canine_Filter_FileFormat-tif

2021-09-02 22:48:15 - [TEST_STEP][PASSED] - Start listener action : getTestScriptName: null

2021-09-02 22:48:15 - [TEST_STEP][PASSED] - TestCaseId = testCaseContext.getTestCaseId(): null

2021-09-02 22:48:15 - [TEST_STEP][PASSED] - out.println("**********this is the value of test case id string******** " + testCaseContext.getTestCaseId()): null

2021-09-02 22:48:15 - [TEST_STEP][PASSED] - G_currentTCName = TestCaseId.substring(TestCaseId.lastIndexOf("TC")): null

2021-09-02 22:48:15 - [TEST_STEP][PASSED] - out.println("This is the test case name : " + G_currentTCName): null

2021-09-02 22:48:16 - [TEST_STEP][PASSED] - closeBrowser(): Browser is closed

2021-09-02 22:48:17 - [MESSAGE][PASSED] - Browser is closed

2021-09-02 22:48:17 - [TEST_STEP][PASSED] - ctdc.utilities.runtestcaseforKatalon.RunKatalon("TC06_Canine_Filter_FileFormat-tif.xlsx"): Data loaded from input file for the test case. 

2021-09-02 22:48:17 - [MESSAGE][PASSED] - Test case file loaded This is the full filepath after converting to string :C:\Users\sohilz2\Commons_Automation\InputFiles\TC06_Canine_Filter_FileFormat-tif.xlsx

2021-09-02 22:48:17 - [MESSAGE][INFO] - Global variable set for password file is :  C:\Users\sohilz2\Commons_Automation\InputFiles\TC06_Canine_Filter_FileFormat-tif.xlsx

2021-09-02 22:48:21 - [MESSAGE][PASSED] - Data loaded from input file for the test case. 

2021-09-02 22:48:27 - [TEST_STEP][PASSED] - waitForElementPresent(findTestObject("Object Repository/Canine/NavBar/Canine_Cases_Btn"), 5): Object 'Object Repository/Canine/NavBar/Canine_Cases_Btn' is present

2021-09-02 22:48:28 - [MESSAGE][PASSED] - Object 'Object Repository/Canine/NavBar/Canine_Cases_Btn' is present

2021-09-02 22:48:28 - [TEST_STEP][PASSED] - click(findTestObject("Object Repository/Canine/NavBar/Canine_Cases_Btn")): Object: 'Object Repository/Canine/NavBar/Canine_Cases_Btn' is clicked on

2021-09-02 22:48:28 - [MESSAGE][PASSED] - Object: 'Object Repository/Canine/NavBar/Canine_Cases_Btn' is clicked on

2021-09-02 22:48:28 - [TEST_STEP][PASSED] - click(findTestObject("Bento/Cases_page/Filter/FilterByFiles_Facet")): Object: 'Object Repository/Bento/Cases_page/Filter/FilterByFiles_Facet' is clicked on

2021-09-02 22:48:29 - [MESSAGE][PASSED] - Object: 'Object Repository/Bento/Cases_page/Filter/FilterByFiles_Facet' is clicked on

2021-09-02 22:48:29 - [TEST_STEP][PASSED] - waitForElementPresent(findTestObject("Object Repository/Canine/Filter/FileFormat/FILEFORMAT_Ddn"), 5): Object 'Object Repository/Canine/Filter/FileFormat/FILEFORMAT_Ddn' is present

2021-09-02 22:48:30 - [MESSAGE][PASSED] - Object 'Object Repository/Canine/Filter/FileFormat/FILEFORMAT_Ddn' is present

2021-09-02 22:48:30 - [TEST_STEP][PASSED] - ctdc.utilities.runtestcaseforKatalon.clickTabCanineStat("Object Repository/Canine/Filter/FileFormat/FILEFORMAT_Ddn"): ctdc.utilities.runtestcaseforKatalon.clickTabCanineStat is PASSED

2021-09-02 22:48:31 - [MESSAGE][PASSED] - ctdc.utilities.runtestcaseforKatalon.clickTabCanineStat is PASSED

2021-09-02 22:48:31 - [TEST_STEP][PASSED] - ctdc.utilities.runtestcaseforKatalon.clickTabCanineStat("Object Repository/Canine/Filter/FileFormat/tif_Chkbx"): ctdc.utilities.runtestcaseforKatalon.clickTabCanineStat is PASSED

2021-09-02 22:48:33 - [MESSAGE][PASSED] - ctdc.utilities.runtestcaseforKatalon.clickTabCanineStat is PASSED

2021-09-02 22:48:33 - [TEST_STEP][PASSED] - ctdc.utilities.runtestcaseforKatalon.readStatBarCanine("Object Repository/Canine/StatBar/Canine_StatBar-Studies", "Object Repository/Canine/StatBar/Canine_StatBar-Cases", "Object Repository/Canine/StatBar/Canine_StatBar-Samples", "Object Repository/Canine/StatBar/Canine_StatBar-Files", "Object Repository/Canine/StatBar/Canine_StatBar-Aliquots"): ctdc.utilities.runtestcaseforKatalon.readStatBarCanine is PASSED

2021-09-02 22:48:48 - [MESSAGE][PASSED] - ctdc.utilities.runtestcaseforKatalon.readStatBarCanine is PASSED

2021-09-02 22:48:48 - [TEST_STEP][PASSED] - waitForElementPresent(findTestObject("Object Repository/Canine/CanineResults_Cases_Tab"), 5): Object 'Object Repository/Canine/CanineResults_Cases_Tab' is present

2021-09-02 22:48:48 - [MESSAGE][PASSED] - Object 'Object Repository/Canine/CanineResults_Cases_Tab' is present

2021-09-02 22:48:48 - [TEST_STEP][PASSED] - ctdc.utilities.runtestcaseforKatalon.clickTab("Object Repository/Canine/CanineResults_Cases_Tab"): ctdc.utilities.runtestcaseforKatalon.clickTab is PASSED

2021-09-02 22:48:49 - [MESSAGE][PASSED] - ctdc.utilities.runtestcaseforKatalon.clickTab is PASSED

2021-09-02 22:48:49 - [TEST_STEP][PASSED] - ctdc.utilities.runtestcaseforKatalon.multiFunction("ICDC", G_StatBar_Cases, "Object Repository/Canine/Canine_CasesTable", "Object Repository/Canine/Canine_TableHeader", "Object Repository/Canine/Canine_CasesTabNextBtn", G_WebTabnameCases, G_CypherTabnameCases, G_QueryCasesTab): Statbar Arms count matches

2021-09-02 22:49:06 - [MESSAGE][PASSED] - Statbar Files count matches

2021-09-02 22:49:06 - [MESSAGE][PASSED] - Statbar Samples count matches

2021-09-02 22:49:06 - [MESSAGE][PASSED] - Statbar Cases count matches

2021-09-02 22:49:06 - [MESSAGE][PASSED] - Statbar Arms count matches

2021-09-02 22:49:06 - [TEST_STEP][PASSED] - waitForElementPresent(findTestObject("Object Repository/Canine/CanineResults_Samples_Tab"), 5): Object 'Object Repository/Canine/CanineResults_Samples_Tab' is present

2021-09-02 22:49:06 - [MESSAGE][PASSED] - Object 'Object Repository/Canine/CanineResults_Samples_Tab' is present

2021-09-02 22:49:06 - [TEST_STEP][PASSED] - ctdc.utilities.runtestcaseforKatalon.clickTab("Object Repository/Canine/CanineResults_Samples_Tab"): ctdc.utilities.runtestcaseforKatalon.clickTab is PASSED

2021-09-02 22:49:06 - [MESSAGE][PASSED] - ctdc.utilities.runtestcaseforKatalon.clickTab is PASSED

2021-09-02 22:49:06 - [TEST_STEP][PASSED] - ctdc.utilities.runtestcaseforKatalon.multiFunction("ICDC", G_StatBar_Samples, "Object Repository/Canine/Canine_Samples_Table", "Object Repository/Canine/Canine_Samples_TableHdr", "Object Repository/Canine/Canine_SamplesTabNextBtn", G_WebTabnameSamples, G_CypherTabnameSamples, G_QuerySamplesTab): Statbar Arms count matches

2021-09-02 22:49:25 - [MESSAGE][PASSED] - Statbar Files count matches

2021-09-02 22:49:25 - [MESSAGE][PASSED] - Statbar Samples count matches

2021-09-02 22:49:25 - [MESSAGE][PASSED] - Statbar Cases count matches

2021-09-02 22:49:25 - [MESSAGE][PASSED] - Statbar Arms count matches

2021-09-02 22:49:25 - [TEST_STEP][PASSED] - waitForElementPresent(findTestObject("Object Repository/Canine/CanineResults_Files_Tab"), 5): Object 'Object Repository/Canine/CanineResults_Files_Tab' is present

2021-09-02 22:49:26 - [MESSAGE][PASSED] - Object 'Object Repository/Canine/CanineResults_Files_Tab' is present

2021-09-02 22:49:26 - [TEST_STEP][PASSED] - ctdc.utilities.runtestcaseforKatalon.clickTab("Object Repository/Canine/CanineResults_Files_Tab"): ctdc.utilities.runtestcaseforKatalon.clickTab is PASSED

2021-09-02 22:49:26 - [MESSAGE][PASSED] - ctdc.utilities.runtestcaseforKatalon.clickTab is PASSED

2021-09-02 22:49:26 - [TEST_STEP][PASSED] - ctdc.utilities.runtestcaseforKatalon.multiFunction("ICDC", G_StatBar_Files, "Object Repository/Canine/Canine_Files_Table", "Object Repository/Canine/Canine_Files_TableHdr", "Object Repository/Canine/Canine_FilesTabNextBtn", G_WebTabnameFiles, G_CypherTabnameFiles, G_QueryFilesTab): Statbar Arms count matches

2021-09-02 22:49:42 - [MESSAGE][PASSED] - Statbar Files count matches

2021-09-02 22:49:42 - [MESSAGE][PASSED] - Statbar Samples count matches

2021-09-02 22:49:42 - [MESSAGE][PASSED] - Statbar Cases count matches

2021-09-02 22:49:42 - [MESSAGE][PASSED] - Statbar Arms count matches

2021-09-02 22:49:42 - [TEST_STEP][PASSED] - closeBrowser(): Browser is closed

2021-09-02 22:49:43 - [MESSAGE][PASSED] - Browser is closed]]></system-out>
         <system-err><![CDATA[]]></system-err>
      </testcase>
      <testcase name="Test Cases/Canine_TestCases/FileFormat/TC05_Canine_Filter_FileFormat-rtf" time="143.062" classname="Test Cases/Canine_TestCases/FileFormat/TC05_Canine_Filter_FileFormat-rtf" status="PASSED">
         <system-out><![CDATA[2021-09-02 22:49:43 - [TEST_CASE][PASSED] - Test Cases/Canine_TestCases/FileFormat/TC05_Canine_Filter_FileFormat-rtf: Test Cases/Canine_TestCases/FileFormat/TC05_Canine_Filter_FileFormat-rtf

2021-09-02 22:49:43 - [TEST_STEP][PASSED] - Start listener action : getTestScriptName: null

2021-09-02 22:49:43 - [TEST_STEP][PASSED] - TestCaseId = testCaseContext.getTestCaseId(): null

2021-09-02 22:49:43 - [TEST_STEP][PASSED] - out.println("**********this is the value of test case id string******** " + testCaseContext.getTestCaseId()): null

2021-09-02 22:49:43 - [TEST_STEP][PASSED] - G_currentTCName = TestCaseId.substring(TestCaseId.lastIndexOf("TC")): null

2021-09-02 22:49:43 - [TEST_STEP][PASSED] - out.println("This is the test case name : " + G_currentTCName): null

2021-09-02 22:49:43 - [TEST_STEP][PASSED] - closeBrowser(): Browser is closed

2021-09-02 22:49:43 - [MESSAGE][PASSED] - Browser is closed

2021-09-02 22:49:43 - [TEST_STEP][PASSED] - ctdc.utilities.runtestcaseforKatalon.RunKatalon("TC05_Canine_Filter_FileFormat-rtf.xlsx"): Data loaded from input file for the test case. 

2021-09-02 22:49:43 - [MESSAGE][PASSED] - Test case file loaded This is the full filepath after converting to string :C:\Users\sohilz2\Commons_Automation\InputFiles\TC05_Canine_Filter_FileFormat-rtf.xlsx

2021-09-02 22:49:43 - [MESSAGE][INFO] - Global variable set for password file is :  C:\Users\sohilz2\Commons_Automation\InputFiles\TC05_Canine_Filter_FileFormat-rtf.xlsx

2021-09-02 22:49:47 - [MESSAGE][PASSED] - Data loaded from input file for the test case. 

2021-09-02 22:49:54 - [TEST_STEP][PASSED] - click(findTestObject("Canine/NavBar/Canine_Cases_Btn")): Object: 'Object Repository/Canine/NavBar/Canine_Cases_Btn' is clicked on

2021-09-02 22:49:54 - [MESSAGE][PASSED] - Object: 'Object Repository/Canine/NavBar/Canine_Cases_Btn' is clicked on

2021-09-02 22:49:54 - [TEST_STEP][PASSED] - click(findTestObject("Bento/Cases_page/Filter/FilterByFiles_Facet")): Object: 'Object Repository/Bento/Cases_page/Filter/FilterByFiles_Facet' is clicked on

2021-09-02 22:49:55 - [MESSAGE][PASSED] - Object: 'Object Repository/Bento/Cases_page/Filter/FilterByFiles_Facet' is clicked on

2021-09-02 22:49:55 - [TEST_STEP][PASSED] - waitForElementPresent(findTestObject("Object Repository/Canine/Filter/FileFormat/FILEFORMAT_Ddn"), 5): Object 'Object Repository/Canine/Filter/FileFormat/FILEFORMAT_Ddn' is present

2021-09-02 22:49:56 - [MESSAGE][PASSED] - Object 'Object Repository/Canine/Filter/FileFormat/FILEFORMAT_Ddn' is present

2021-09-02 22:49:56 - [TEST_STEP][PASSED] - ctdc.utilities.runtestcaseforKatalon.clickTab("Object Repository/Canine/Filter/FileFormat/FILEFORMAT_Ddn"): ctdc.utilities.runtestcaseforKatalon.clickTab is PASSED

2021-09-02 22:49:56 - [MESSAGE][PASSED] - ctdc.utilities.runtestcaseforKatalon.clickTab is PASSED

2021-09-02 22:49:56 - [TEST_STEP][PASSED] - ctdc.utilities.runtestcaseforKatalon.clickTab("Object Repository/Canine/Filter/FileFormat/rtf_Chkbx"): ctdc.utilities.runtestcaseforKatalon.clickTab is PASSED

2021-09-02 22:49:57 - [MESSAGE][PASSED] - ctdc.utilities.runtestcaseforKatalon.clickTab is PASSED

2021-09-02 22:49:57 - [TEST_STEP][PASSED] - ctdc.utilities.runtestcaseforKatalon.readStatBarCanine("Object Repository/Canine/StatBar/Canine_StatBar-Studies", "Object Repository/Canine/StatBar/Canine_StatBar-Cases", "Object Repository/Canine/StatBar/Canine_StatBar-Samples", "Object Repository/Canine/StatBar/Canine_StatBar-Files", "Object Repository/Canine/StatBar/Canine_StatBar-Aliquots"): ctdc.utilities.runtestcaseforKatalon.readStatBarCanine is PASSED

2021-09-02 22:50:12 - [MESSAGE][PASSED] - ctdc.utilities.runtestcaseforKatalon.readStatBarCanine is PASSED

2021-09-02 22:50:12 - [TEST_STEP][PASSED] - waitForElementPresent(findTestObject("Object Repository/Canine/CanineResults_Cases_Tab"), 5): Object 'Object Repository/Canine/CanineResults_Cases_Tab' is present

2021-09-02 22:50:12 - [MESSAGE][PASSED] - Object 'Object Repository/Canine/CanineResults_Cases_Tab' is present

2021-09-02 22:50:12 - [TEST_STEP][PASSED] - ctdc.utilities.runtestcaseforKatalon.clickTab("Object Repository/Canine/CanineResults_Cases_Tab"): ctdc.utilities.runtestcaseforKatalon.clickTab is PASSED

2021-09-02 22:50:12 - [MESSAGE][PASSED] - ctdc.utilities.runtestcaseforKatalon.clickTab is PASSED

2021-09-02 22:50:12 - [TEST_STEP][PASSED] - ctdc.utilities.runtestcaseforKatalon.multiFunction("ICDC", G_StatBar_Cases, "Object Repository/Canine/Canine_CasesTable", "Object Repository/Canine/Canine_TableHeader", "Object Repository/Canine/Canine_CasesTabNextBtn", G_WebTabnameCases, G_CypherTabnameCases, G_QueryCasesTab): Statbar Arms count matches

2021-09-02 22:50:42 - [MESSAGE][PASSED] - Statbar Files count matches

2021-09-02 22:50:42 - [MESSAGE][PASSED] - Statbar Samples count matches

2021-09-02 22:50:42 - [MESSAGE][PASSED] - Statbar Cases count matches

2021-09-02 22:50:42 - [MESSAGE][PASSED] - Statbar Arms count matches

2021-09-02 22:50:42 - [TEST_STEP][PASSED] - waitForElementPresent(findTestObject("Object Repository/Canine/CanineResults_Samples_Tab"), 5): Object 'Object Repository/Canine/CanineResults_Samples_Tab' is present

2021-09-02 22:50:42 - [MESSAGE][PASSED] - Object 'Object Repository/Canine/CanineResults_Samples_Tab' is present

2021-09-02 22:50:42 - [TEST_STEP][PASSED] - ctdc.utilities.runtestcaseforKatalon.clickTab("Object Repository/Canine/CanineResults_Samples_Tab"): ctdc.utilities.runtestcaseforKatalon.clickTab is PASSED

2021-09-02 22:50:42 - [MESSAGE][PASSED] - ctdc.utilities.runtestcaseforKatalon.clickTab is PASSED

2021-09-02 22:50:42 - [TEST_STEP][PASSED] - ctdc.utilities.runtestcaseforKatalon.multiFunction("ICDC", G_StatBar_Samples, "Object Repository/Canine/Canine_Samples_Table", "Object Repository/Canine/Canine_Samples_TableHdr", "Object Repository/Canine/Canine_SamplesTabNextBtn", G_WebTabnameSamples, G_CypherTabnameSamples, G_QuerySamplesTab): Statbar Arms count matches

2021-09-02 22:51:36 - [MESSAGE][PASSED] - Statbar Files count matches

2021-09-02 22:51:36 - [MESSAGE][PASSED] - Statbar Samples count matches

2021-09-02 22:51:36 - [MESSAGE][PASSED] - Statbar Cases count matches

2021-09-02 22:51:36 - [MESSAGE][PASSED] - Statbar Arms count matches

2021-09-02 22:51:36 - [TEST_STEP][PASSED] - waitForElementPresent(findTestObject("Object Repository/Canine/CanineResults_Files_Tab"), 5): Object 'Object Repository/Canine/CanineResults_Files_Tab' is present

2021-09-02 22:51:36 - [MESSAGE][PASSED] - Object 'Object Repository/Canine/CanineResults_Files_Tab' is present

2021-09-02 22:51:36 - [TEST_STEP][PASSED] - ctdc.utilities.runtestcaseforKatalon.clickTab("Object Repository/Canine/CanineResults_Files_Tab"): ctdc.utilities.runtestcaseforKatalon.clickTab is PASSED

2021-09-02 22:51:37 - [MESSAGE][PASSED] - ctdc.utilities.runtestcaseforKatalon.clickTab is PASSED

2021-09-02 22:51:37 - [TEST_STEP][PASSED] - ctdc.utilities.runtestcaseforKatalon.multiFunction("ICDC", G_StatBar_Files, "Object Repository/Canine/Canine_Files_Table", "Object Repository/Canine/Canine_Files_TableHdr", "Object Repository/Canine/Canine_FilesTabNextBtn", G_WebTabnameFiles, G_CypherTabnameFiles, G_QueryFilesTab): Statbar Arms count matches

2021-09-02 22:52:05 - [MESSAGE][PASSED] - Statbar Files count matches

2021-09-02 22:52:05 - [MESSAGE][PASSED] - Statbar Samples count matches

2021-09-02 22:52:05 - [MESSAGE][PASSED] - Statbar Cases count matches

2021-09-02 22:52:05 - [MESSAGE][PASSED] - Statbar Arms count matches

2021-09-02 22:52:05 - [TEST_STEP][PASSED] - closeBrowser(): Browser is closed

2021-09-02 22:52:06 - [MESSAGE][PASSED] - Browser is closed]]></system-out>
         <system-err><![CDATA[]]></system-err>
      </testcase>
      <testcase name="Test Cases/Canine_TestCases/FileFormat/TC04_Canine_Filter_FileFormat-pdf" time="253.595" classname="Test Cases/Canine_TestCases/FileFormat/TC04_Canine_Filter_FileFormat-pdf" status="PASSED">
         <system-out><![CDATA[2021-09-02 22:52:06 - [TEST_CASE][PASSED] - Test Cases/Canine_TestCases/FileFormat/TC04_Canine_Filter_FileFormat-pdf: Test Cases/Canine_TestCases/FileFormat/TC04_Canine_Filter_FileFormat-pdf

2021-09-02 22:52:06 - [TEST_STEP][PASSED] - Start listener action : getTestScriptName: null

2021-09-02 22:52:06 - [TEST_STEP][PASSED] - TestCaseId = testCaseContext.getTestCaseId(): null

2021-09-02 22:52:06 - [TEST_STEP][PASSED] - out.println("**********this is the value of test case id string******** " + testCaseContext.getTestCaseId()): null

2021-09-02 22:52:06 - [TEST_STEP][PASSED] - G_currentTCName = TestCaseId.substring(TestCaseId.lastIndexOf("TC")): null

2021-09-02 22:52:06 - [TEST_STEP][PASSED] - out.println("This is the test case name : " + G_currentTCName): null

2021-09-02 22:52:06 - [TEST_STEP][PASSED] - closeBrowser(): Browser is closed

2021-09-02 22:52:06 - [MESSAGE][PASSED] - Browser is closed

2021-09-02 22:52:06 - [TEST_STEP][PASSED] - ctdc.utilities.runtestcaseforKatalon.RunKatalon("TC04_Canine_Filter_FileFormat-pdf.xlsx"): Data loaded from input file for the test case. 

2021-09-02 22:52:06 - [MESSAGE][PASSED] - Test case file loaded This is the full filepath after converting to string :C:\Users\sohilz2\Commons_Automation\InputFiles\TC04_Canine_Filter_FileFormat-pdf.xlsx

2021-09-02 22:52:06 - [MESSAGE][INFO] - Global variable set for password file is :  C:\Users\sohilz2\Commons_Automation\InputFiles\TC04_Canine_Filter_FileFormat-pdf.xlsx

2021-09-02 22:52:10 - [MESSAGE][PASSED] - Data loaded from input file for the test case. 

2021-09-02 22:52:18 - [TEST_STEP][PASSED] - click(findTestObject("Canine/NavBar/Canine_Cases_Btn")): Object: 'Object Repository/Canine/NavBar/Canine_Cases_Btn' is clicked on

2021-09-02 22:52:18 - [MESSAGE][PASSED] - Object: 'Object Repository/Canine/NavBar/Canine_Cases_Btn' is clicked on

2021-09-02 22:52:18 - [TEST_STEP][PASSED] - click(findTestObject("Bento/Cases_page/Filter/FilterByFiles_Facet")): Object: 'Object Repository/Bento/Cases_page/Filter/FilterByFiles_Facet' is clicked on

2021-09-02 22:52:20 - [MESSAGE][PASSED] - Object: 'Object Repository/Bento/Cases_page/Filter/FilterByFiles_Facet' is clicked on

2021-09-02 22:52:20 - [TEST_STEP][PASSED] - waitForElementPresent(findTestObject("Object Repository/Canine/Filter/FileFormat/FILEFORMAT_Ddn"), 5): Object 'Object Repository/Canine/Filter/FileFormat/FILEFORMAT_Ddn' is present

2021-09-02 22:52:20 - [MESSAGE][PASSED] - Object 'Object Repository/Canine/Filter/FileFormat/FILEFORMAT_Ddn' is present

2021-09-02 22:52:20 - [TEST_STEP][PASSED] - ctdc.utilities.runtestcaseforKatalon.clickTabCanineStat("Object Repository/Canine/Filter/FileFormat/FILEFORMAT_Ddn"): ctdc.utilities.runtestcaseforKatalon.clickTabCanineStat is PASSED

2021-09-02 22:52:22 - [MESSAGE][PASSED] - ctdc.utilities.runtestcaseforKatalon.clickTabCanineStat is PASSED

2021-09-02 22:52:22 - [TEST_STEP][PASSED] - ctdc.utilities.runtestcaseforKatalon.clickTabCanineStat("Object Repository/Canine/Filter/FileFormat/pdf_Chkbx"): ctdc.utilities.runtestcaseforKatalon.clickTabCanineStat is PASSED

2021-09-02 22:52:23 - [MESSAGE][PASSED] - ctdc.utilities.runtestcaseforKatalon.clickTabCanineStat is PASSED

2021-09-02 22:52:23 - [TEST_STEP][PASSED] - ctdc.utilities.runtestcaseforKatalon.readStatBarCanine("Object Repository/Canine/StatBar/Canine_StatBar-Studies", "Object Repository/Canine/StatBar/Canine_StatBar-Cases", "Object Repository/Canine/StatBar/Canine_StatBar-Samples", "Object Repository/Canine/StatBar/Canine_StatBar-Files", "Object Repository/Canine/StatBar/Canine_StatBar-Aliquots"): ctdc.utilities.runtestcaseforKatalon.readStatBarCanine is PASSED

2021-09-02 22:52:39 - [MESSAGE][PASSED] - ctdc.utilities.runtestcaseforKatalon.readStatBarCanine is PASSED

2021-09-02 22:52:39 - [TEST_STEP][PASSED] - waitForElementPresent(findTestObject("Object Repository/Canine/CanineResults_Cases_Tab"), 5): Object 'Object Repository/Canine/CanineResults_Cases_Tab' is present

2021-09-02 22:52:39 - [MESSAGE][PASSED] - Object 'Object Repository/Canine/CanineResults_Cases_Tab' is present

2021-09-02 22:52:39 - [TEST_STEP][PASSED] - ctdc.utilities.runtestcaseforKatalon.clickTab("Object Repository/Canine/CanineResults_Cases_Tab"): ctdc.utilities.runtestcaseforKatalon.clickTab is PASSED

2021-09-02 22:52:39 - [MESSAGE][PASSED] - ctdc.utilities.runtestcaseforKatalon.clickTab is PASSED

2021-09-02 22:52:39 - [TEST_STEP][PASSED] - ctdc.utilities.runtestcaseforKatalon.multiFunction("ICDC", G_StatBar_Cases, "Object Repository/Canine/Canine_CasesTable", "Object Repository/Canine/Canine_TableHeader", "Object Repository/Canine/Canine_CasesTabNextBtn", G_WebTabnameCases, G_CypherTabnameCases, G_QueryCasesTab): Statbar Arms count matches

2021-09-02 22:53:35 - [MESSAGE][PASSED] - Statbar Files count matches

2021-09-02 22:53:35 - [MESSAGE][PASSED] - Statbar Samples count matches

2021-09-02 22:53:35 - [MESSAGE][PASSED] - Statbar Cases count matches

2021-09-02 22:53:35 - [MESSAGE][PASSED] - Statbar Arms count matches

2021-09-02 22:53:35 - [TEST_STEP][PASSED] - waitForElementPresent(findTestObject("Object Repository/Canine/CanineResults_Samples_Tab"), 5): Object 'Object Repository/Canine/CanineResults_Samples_Tab' is present

2021-09-02 22:53:35 - [MESSAGE][PASSED] - Object 'Object Repository/Canine/CanineResults_Samples_Tab' is present

2021-09-02 22:53:35 - [TEST_STEP][PASSED] - ctdc.utilities.runtestcaseforKatalon.clickTab("Object Repository/Canine/CanineResults_Samples_Tab"): ctdc.utilities.runtestcaseforKatalon.clickTab is PASSED

2021-09-02 22:53:35 - [MESSAGE][PASSED] - ctdc.utilities.runtestcaseforKatalon.clickTab is PASSED

2021-09-02 22:53:35 - [TEST_STEP][PASSED] - ctdc.utilities.runtestcaseforKatalon.multiFunction("ICDC", G_StatBar_Samples, "Object Repository/Canine/Canine_Samples_Table", "Object Repository/Canine/Canine_Samples_TableHdr", "Object Repository/Canine/Canine_SamplesTabNextBtn", G_WebTabnameSamples, G_CypherTabnameSamples, G_QuerySamplesTab): Statbar Arms count matches

2021-09-02 22:55:28 - [MESSAGE][PASSED] - Statbar Files count matches

2021-09-02 22:55:28 - [MESSAGE][PASSED] - Statbar Samples count matches

2021-09-02 22:55:28 - [MESSAGE][PASSED] - Statbar Cases count matches

2021-09-02 22:55:28 - [MESSAGE][PASSED] - Statbar Arms count matches

2021-09-02 22:55:28 - [TEST_STEP][PASSED] - waitForElementPresent(findTestObject("Object Repository/Canine/CanineResults_Files_Tab"), 5): Object 'Object Repository/Canine/CanineResults_Files_Tab' is present

2021-09-02 22:55:28 - [MESSAGE][PASSED] - Object 'Object Repository/Canine/CanineResults_Files_Tab' is present

2021-09-02 22:55:28 - [TEST_STEP][PASSED] - ctdc.utilities.runtestcaseforKatalon.clickTab("Object Repository/Canine/CanineResults_Files_Tab"): ctdc.utilities.runtestcaseforKatalon.clickTab is PASSED

2021-09-02 22:55:28 - [MESSAGE][PASSED] - ctdc.utilities.runtestcaseforKatalon.clickTab is PASSED

2021-09-02 22:55:28 - [TEST_STEP][PASSED] - ctdc.utilities.runtestcaseforKatalon.multiFunction("ICDC", G_StatBar_Files, "Object Repository/Canine/Canine_Files_Table", "Object Repository/Canine/Canine_Files_TableHdr", "Object Repository/Canine/Canine_FilesTabNextBtn", G_WebTabnameFiles, G_CypherTabnameFiles, G_QueryFilesTab): Statbar Arms count matches

2021-09-02 22:56:18 - [MESSAGE][PASSED] - Statbar Files count matches

2021-09-02 22:56:18 - [MESSAGE][PASSED] - Statbar Samples count matches

2021-09-02 22:56:18 - [MESSAGE][PASSED] - Statbar Cases count matches

2021-09-02 22:56:18 - [MESSAGE][PASSED] - Statbar Arms count matches

2021-09-02 22:56:18 - [TEST_STEP][PASSED] - closeBrowser(): Browser is closed

2021-09-02 22:56:19 - [MESSAGE][PASSED] - Browser is closed]]></system-out>
         <system-err><![CDATA[]]></system-err>
      </testcase>
      <testcase name="Test Cases/Canine_TestCases/FileFormat/TC03_Canine_Filter_FileFormat-doc" time="96.961" classname="Test Cases/Canine_TestCases/FileFormat/TC03_Canine_Filter_FileFormat-doc" status="PASSED">
         <system-out><![CDATA[2021-09-02 22:56:19 - [TEST_CASE][PASSED] - Test Cases/Canine_TestCases/FileFormat/TC03_Canine_Filter_FileFormat-doc: Test Cases/Canine_TestCases/FileFormat/TC03_Canine_Filter_FileFormat-doc

2021-09-02 22:56:19 - [TEST_STEP][PASSED] - Start listener action : getTestScriptName: null

2021-09-02 22:56:19 - [TEST_STEP][PASSED] - TestCaseId = testCaseContext.getTestCaseId(): null

2021-09-02 22:56:19 - [TEST_STEP][PASSED] - out.println("**********this is the value of test case id string******** " + testCaseContext.getTestCaseId()): null

2021-09-02 22:56:19 - [TEST_STEP][PASSED] - G_currentTCName = TestCaseId.substring(TestCaseId.lastIndexOf("TC")): null

2021-09-02 22:56:19 - [TEST_STEP][PASSED] - out.println("This is the test case name : " + G_currentTCName): null

2021-09-02 22:56:20 - [TEST_STEP][PASSED] - closeBrowser(): Browser is closed

2021-09-02 22:56:20 - [MESSAGE][PASSED] - Browser is closed

2021-09-02 22:56:20 - [TEST_STEP][PASSED] - ctdc.utilities.runtestcaseforKatalon.RunKatalon("TC03_Canine_Filter_FileFormat-doc.xlsx"): Data loaded from input file for the test case. 

2021-09-02 22:56:20 - [MESSAGE][PASSED] - Test case file loaded This is the full filepath after converting to string :C:\Users\sohilz2\Commons_Automation\InputFiles\TC03_Canine_Filter_FileFormat-doc.xlsx

2021-09-02 22:56:20 - [MESSAGE][INFO] - Global variable set for password file is :  C:\Users\sohilz2\Commons_Automation\InputFiles\TC03_Canine_Filter_FileFormat-doc.xlsx

2021-09-02 22:56:24 - [MESSAGE][PASSED] - Data loaded from input file for the test case. 

2021-09-02 22:56:30 - [TEST_STEP][PASSED] - click(findTestObject("Canine/NavBar/Canine_Cases_Btn")): Object: 'Object Repository/Canine/NavBar/Canine_Cases_Btn' is clicked on

2021-09-02 22:56:30 - [MESSAGE][PASSED] - Object: 'Object Repository/Canine/NavBar/Canine_Cases_Btn' is clicked on

2021-09-02 22:56:30 - [TEST_STEP][PASSED] - click(findTestObject("Bento/Cases_page/Filter/FilterByFiles_Facet")): Object: 'Object Repository/Bento/Cases_page/Filter/FilterByFiles_Facet' is clicked on

2021-09-02 22:56:32 - [MESSAGE][PASSED] - Object: 'Object Repository/Bento/Cases_page/Filter/FilterByFiles_Facet' is clicked on

2021-09-02 22:56:32 - [TEST_STEP][PASSED] - waitForElementPresent(findTestObject("Object Repository/Canine/Filter/FileFormat/FILEFORMAT_Ddn"), 5): Object 'Object Repository/Canine/Filter/FileFormat/FILEFORMAT_Ddn' is present

2021-09-02 22:56:32 - [MESSAGE][PASSED] - Object 'Object Repository/Canine/Filter/FileFormat/FILEFORMAT_Ddn' is present

2021-09-02 22:56:32 - [TEST_STEP][PASSED] - ctdc.utilities.runtestcaseforKatalon.clickTabCanineStat("Object Repository/Canine/Filter/FileFormat/FILEFORMAT_Ddn"): ctdc.utilities.runtestcaseforKatalon.clickTabCanineStat is PASSED

2021-09-02 22:56:34 - [MESSAGE][PASSED] - ctdc.utilities.runtestcaseforKatalon.clickTabCanineStat is PASSED

2021-09-02 22:56:34 - [TEST_STEP][PASSED] - ctdc.utilities.runtestcaseforKatalon.clickTabCanineStat("Object Repository/Canine/Filter/FileFormat/doc_Chkbx"): ctdc.utilities.runtestcaseforKatalon.clickTabCanineStat is PASSED

2021-09-02 22:56:35 - [MESSAGE][PASSED] - ctdc.utilities.runtestcaseforKatalon.clickTabCanineStat is PASSED

2021-09-02 22:56:35 - [TEST_STEP][PASSED] - ctdc.utilities.runtestcaseforKatalon.readStatBarCanine("Object Repository/Canine/StatBar/Canine_StatBar-Studies", "Object Repository/Canine/StatBar/Canine_StatBar-Cases", "Object Repository/Canine/StatBar/Canine_StatBar-Samples", "Object Repository/Canine/StatBar/Canine_StatBar-Files", "Object Repository/Canine/StatBar/Canine_StatBar-Aliquots"): ctdc.utilities.runtestcaseforKatalon.readStatBarCanine is PASSED

2021-09-02 22:56:50 - [MESSAGE][PASSED] - ctdc.utilities.runtestcaseforKatalon.readStatBarCanine is PASSED

2021-09-02 22:56:50 - [TEST_STEP][PASSED] - waitForElementPresent(findTestObject("Object Repository/Canine/CanineResults_Cases_Tab"), 5): Object 'Object Repository/Canine/CanineResults_Cases_Tab' is present

2021-09-02 22:56:50 - [MESSAGE][PASSED] - Object 'Object Repository/Canine/CanineResults_Cases_Tab' is present

2021-09-02 22:56:50 - [TEST_STEP][PASSED] - ctdc.utilities.runtestcaseforKatalon.clickTab("Object Repository/Canine/CanineResults_Cases_Tab"): ctdc.utilities.runtestcaseforKatalon.clickTab is PASSED

2021-09-02 22:56:50 - [MESSAGE][PASSED] - ctdc.utilities.runtestcaseforKatalon.clickTab is PASSED

2021-09-02 22:56:50 - [TEST_STEP][PASSED] - ctdc.utilities.runtestcaseforKatalon.multiFunction("ICDC", G_StatBar_Cases, "Object Repository/Canine/Canine_CasesTable", "Object Repository/Canine/Canine_TableHeader", "Object Repository/Canine/Canine_CasesTabNextBtn", G_WebTabnameCases, G_CypherTabnameCases, G_QueryCasesTab): Statbar Arms count matches

2021-09-02 22:57:08 - [MESSAGE][PASSED] - Statbar Files count matches

2021-09-02 22:57:08 - [MESSAGE][PASSED] - Statbar Samples count matches

2021-09-02 22:57:08 - [MESSAGE][PASSED] - Statbar Cases count matches

2021-09-02 22:57:08 - [MESSAGE][PASSED] - Statbar Arms count matches

2021-09-02 22:57:08 - [TEST_STEP][PASSED] - waitForElementPresent(findTestObject("Object Repository/Canine/CanineResults_Samples_Tab"), 5): Object 'Object Repository/Canine/CanineResults_Samples_Tab' is present

2021-09-02 22:57:08 - [MESSAGE][PASSED] - Object 'Object Repository/Canine/CanineResults_Samples_Tab' is present

2021-09-02 22:57:08 - [TEST_STEP][PASSED] - ctdc.utilities.runtestcaseforKatalon.clickTab("Object Repository/Canine/CanineResults_Samples_Tab"): ctdc.utilities.runtestcaseforKatalon.clickTab is PASSED

2021-09-02 22:57:08 - [MESSAGE][PASSED] - ctdc.utilities.runtestcaseforKatalon.clickTab is PASSED

2021-09-02 22:57:08 - [TEST_STEP][PASSED] - ctdc.utilities.runtestcaseforKatalon.multiFunction("ICDC", G_StatBar_Samples, "Object Repository/Canine/Canine_Samples_Table", "Object Repository/Canine/Canine_Samples_TableHdr", "Object Repository/Canine/Canine_SamplesTabNextBtn", G_WebTabnameSamples, G_CypherTabnameSamples, G_QuerySamplesTab): Statbar Arms count matches

2021-09-02 22:57:38 - [MESSAGE][PASSED] - Statbar Files count matches

2021-09-02 22:57:38 - [MESSAGE][PASSED] - Statbar Samples count matches

2021-09-02 22:57:38 - [MESSAGE][PASSED] - Statbar Cases count matches

2021-09-02 22:57:38 - [MESSAGE][PASSED] - Statbar Arms count matches

2021-09-02 22:57:38 - [TEST_STEP][PASSED] - waitForElementPresent(findTestObject("Object Repository/Canine/CanineResults_Files_Tab"), 5): Object 'Object Repository/Canine/CanineResults_Files_Tab' is present

2021-09-02 22:57:38 - [MESSAGE][PASSED] - Object 'Object Repository/Canine/CanineResults_Files_Tab' is present

2021-09-02 22:57:38 - [TEST_STEP][PASSED] - ctdc.utilities.runtestcaseforKatalon.clickTab("Object Repository/Canine/CanineResults_Files_Tab"): ctdc.utilities.runtestcaseforKatalon.clickTab is PASSED

2021-09-02 22:57:39 - [MESSAGE][PASSED] - ctdc.utilities.runtestcaseforKatalon.clickTab is PASSED

2021-09-02 22:57:39 - [TEST_STEP][PASSED] - ctdc.utilities.runtestcaseforKatalon.multiFunction("ICDC", G_StatBar_Files, "Object Repository/Canine/Canine_Files_Table", "Object Repository/Canine/Canine_Files_TableHdr", "Object Repository/Canine/Canine_FilesTabNextBtn", G_WebTabnameFiles, G_CypherTabnameFiles, G_QueryFilesTab): Statbar Arms count matches

2021-09-02 22:57:56 - [MESSAGE][PASSED] - Statbar Files count matches

2021-09-02 22:57:56 - [MESSAGE][PASSED] - Statbar Samples count matches

2021-09-02 22:57:56 - [MESSAGE][PASSED] - Statbar Cases count matches

2021-09-02 22:57:56 - [MESSAGE][PASSED] - Statbar Arms count matches

2021-09-02 22:57:56 - [TEST_STEP][PASSED] - closeBrowser(): Browser is closed

2021-09-02 22:57:56 - [MESSAGE][PASSED] - Browser is closed]]></system-out>
         <system-err><![CDATA[]]></system-err>
      </testcase>
      <testcase name="Test Cases/Canine_TestCases/FileType/TC06_Canine_Filter_FileType-WholeGenSeqFile" time="808.369" classname="Test Cases/Canine_TestCases/FileType/TC06_Canine_Filter_FileType-WholeGenSeqFile" status="PASSED">
         <system-out><![CDATA[2021-09-02 22:57:56 - [TEST_CASE][PASSED] - Test Cases/Canine_TestCases/FileType/TC06_Canine_Filter_FileType-WholeGenSeqFile: Test Cases/Canine_TestCases/FileType/TC06_Canine_Filter_FileType-WholeGenSeqFile

2021-09-02 22:57:56 - [TEST_STEP][PASSED] - Start listener action : getTestScriptName: null

2021-09-02 22:57:56 - [TEST_STEP][PASSED] - TestCaseId = testCaseContext.getTestCaseId(): null

2021-09-02 22:57:56 - [TEST_STEP][PASSED] - out.println("**********this is the value of test case id string******** " + testCaseContext.getTestCaseId()): null

2021-09-02 22:57:56 - [TEST_STEP][PASSED] - G_currentTCName = TestCaseId.substring(TestCaseId.lastIndexOf("TC")): null

2021-09-02 22:57:56 - [TEST_STEP][PASSED] - out.println("This is the test case name : " + G_currentTCName): null

2021-09-02 22:57:57 - [TEST_STEP][PASSED] - closeBrowser(): Browser is closed

2021-09-02 22:57:57 - [MESSAGE][PASSED] - Browser is closed

2021-09-02 22:57:57 - [TEST_STEP][PASSED] - ctdc.utilities.runtestcaseforKatalon.RunKatalon("TC06_Canine_Filter_FileType-WholeGenSeqFile.xlsx"): Data loaded from input file for the test case. 

2021-09-02 22:57:57 - [MESSAGE][PASSED] - Test case file loaded This is the full filepath after converting to string :C:\Users\sohilz2\Commons_Automation\InputFiles\TC06_Canine_Filter_FileType-WholeGenSeqFile.xlsx

2021-09-02 22:57:57 - [MESSAGE][INFO] - Global variable set for password file is :  C:\Users\sohilz2\Commons_Automation\InputFiles\TC06_Canine_Filter_FileType-WholeGenSeqFile.xlsx

2021-09-02 22:58:01 - [MESSAGE][PASSED] - Data loaded from input file for the test case. 

2021-09-02 22:58:06 - [TEST_STEP][PASSED] - waitForElementPresent(findTestObject("Canine/NavBar/Canine_Cases_Btn"), 5): Object 'Object Repository/Canine/NavBar/Canine_Cases_Btn' is present

2021-09-02 22:58:07 - [MESSAGE][PASSED] - Object 'Object Repository/Canine/NavBar/Canine_Cases_Btn' is present

2021-09-02 22:58:07 - [TEST_STEP][PASSED] - click(findTestObject("Canine/NavBar/Canine_Cases_Btn")): Object: 'Object Repository/Canine/NavBar/Canine_Cases_Btn' is clicked on

2021-09-02 22:58:07 - [MESSAGE][PASSED] - Object: 'Object Repository/Canine/NavBar/Canine_Cases_Btn' is clicked on

2021-09-02 22:58:07 - [TEST_STEP][PASSED] - click(findTestObject("Canine/Filter/FilterByFiles_Facet")): Object: 'Object Repository/Canine/Filter/FilterByFiles_Facet' is clicked on

2021-09-02 22:58:08 - [MESSAGE][PASSED] - Object: 'Object Repository/Canine/Filter/FilterByFiles_Facet' is clicked on

2021-09-02 22:58:08 - [TEST_STEP][PASSED] - ctdc.utilities.runtestcaseforKatalon.clickTabCanineStat("Object Repository/Canine/Filter/FileType/FILETYPE_Ddn"): ctdc.utilities.runtestcaseforKatalon.clickTabCanineStat is PASSED

2021-09-02 22:58:10 - [MESSAGE][PASSED] - ctdc.utilities.runtestcaseforKatalon.clickTabCanineStat is PASSED

2021-09-02 22:58:10 - [TEST_STEP][PASSED] - ctdc.utilities.runtestcaseforKatalon.clickTabCanineStat("Object Repository/Canine/Filter/FileType/WholeGenSeqFile_Chkbx"): ctdc.utilities.runtestcaseforKatalon.clickTabCanineStat is PASSED

2021-09-02 22:58:11 - [MESSAGE][PASSED] - ctdc.utilities.runtestcaseforKatalon.clickTabCanineStat is PASSED

2021-09-02 22:58:11 - [TEST_STEP][PASSED] - ctdc.utilities.runtestcaseforKatalon.readStatBarCanine("Object Repository/Canine/StatBar/Canine_StatBar-Studies", "Object Repository/Canine/StatBar/Canine_StatBar-Cases", "Object Repository/Canine/StatBar/Canine_StatBar-Samples", "Object Repository/Canine/StatBar/Canine_StatBar-Files", "Object Repository/Canine/StatBar/Canine_StatBar-Aliquots"): ctdc.utilities.runtestcaseforKatalon.readStatBarCanine is PASSED

2021-09-02 22:58:26 - [MESSAGE][PASSED] - ctdc.utilities.runtestcaseforKatalon.readStatBarCanine is PASSED

2021-09-02 22:58:26 - [TEST_STEP][PASSED] - waitForElementPresent(findTestObject("Object Repository/Canine/CanineResults_Cases_Tab"), 5): Object 'Object Repository/Canine/CanineResults_Cases_Tab' is present

2021-09-02 22:58:27 - [MESSAGE][PASSED] - Object 'Object Repository/Canine/CanineResults_Cases_Tab' is present

2021-09-02 22:58:27 - [TEST_STEP][PASSED] - click(findTestObject("Object Repository/Canine/CanineResults_Cases_Tab")): Object: 'Object Repository/Canine/CanineResults_Cases_Tab' is clicked on

2021-09-02 22:58:27 - [MESSAGE][PASSED] - Object: 'Object Repository/Canine/CanineResults_Cases_Tab' is clicked on

2021-09-02 22:58:27 - [TEST_STEP][PASSED] - ctdc.utilities.runtestcaseforKatalon.multiFunction("ICDC", G_StatBar_Cases, "Object Repository/Canine/Canine_CasesTable", "Object Repository/Canine/Canine_TableHeader", "Object Repository/Canine/Canine_CasesTabNextBtn", G_WebTabnameCases, G_CypherTabnameCases, G_QueryCasesTab): Statbar Arms count matches

2021-09-02 23:00:18 - [MESSAGE][PASSED] - Statbar Files count matches

2021-09-02 23:00:18 - [MESSAGE][PASSED] - Statbar Samples count matches

2021-09-02 23:00:18 - [MESSAGE][PASSED] - Statbar Cases count matches

2021-09-02 23:00:18 - [MESSAGE][PASSED] - Statbar Arms count matches

2021-09-02 23:00:18 - [TEST_STEP][PASSED] - ctdc.utilities.runtestcaseforKatalon.clickTab("Object Repository/Canine/CanineResults_Samples_Tab"): ctdc.utilities.runtestcaseforKatalon.clickTab is PASSED

2021-09-02 23:00:19 - [MESSAGE][PASSED] - ctdc.utilities.runtestcaseforKatalon.clickTab is PASSED

2021-09-02 23:00:19 - [TEST_STEP][PASSED] - ctdc.utilities.runtestcaseforKatalon.multiFunction("ICDC", G_StatBar_Samples, "Object Repository/Canine/Canine_Samples_Table", "Object Repository/Canine/Canine_Samples_TableHdr", "Object Repository/Canine/Canine_SamplesTabNextBtn", G_WebTabnameSamples, G_CypherTabnameSamples, G_QuerySamplesTab): Statbar Arms count matches

2021-09-02 23:08:14 - [MESSAGE][PASSED] - Statbar Files count matches

2021-09-02 23:08:14 - [MESSAGE][PASSED] - Statbar Samples count matches

2021-09-02 23:08:14 - [MESSAGE][PASSED] - Statbar Cases count matches

2021-09-02 23:08:14 - [MESSAGE][PASSED] - Statbar Arms count matches

2021-09-02 23:08:14 - [TEST_STEP][PASSED] - ctdc.utilities.runtestcaseforKatalon.clickTab("Object Repository/Canine/CanineResults_Files_Tab"): ctdc.utilities.runtestcaseforKatalon.clickTab is PASSED

2021-09-02 23:08:14 - [MESSAGE][PASSED] - ctdc.utilities.runtestcaseforKatalon.clickTab is PASSED

2021-09-02 23:08:14 - [TEST_STEP][PASSED] - ctdc.utilities.runtestcaseforKatalon.multiFunction("ICDC", G_StatBar_Files, "Object Repository/Canine/Canine_Files_Table", "Object Repository/Canine/Canine_Files_TableHdr", "Object Repository/Canine/Canine_FilesTabNextBtn", G_WebTabnameFiles, G_CypherTabnameFiles, G_QueryFilesTab): Statbar Arms count matches

2021-09-02 23:11:25 - [MESSAGE][PASSED] - Statbar Files count matches

2021-09-02 23:11:25 - [MESSAGE][PASSED] - Statbar Samples count matches

2021-09-02 23:11:25 - [MESSAGE][PASSED] - Statbar Cases count matches

2021-09-02 23:11:25 - [MESSAGE][PASSED] - Statbar Arms count matches]]></system-out>
         <system-err><![CDATA[]]></system-err>
      </testcase>
      <testcase name="Test Cases/Canine_TestCases/FileType/TC05_Canine_Filter_FileType-WholeExoSeqFile" time="793.706" classname="Test Cases/Canine_TestCases/FileType/TC05_Canine_Filter_FileType-WholeExoSeqFile" status="PASSED">
         <system-out><![CDATA[2021-09-02 23:11:25 - [TEST_CASE][PASSED] - Test Cases/Canine_TestCases/FileType/TC05_Canine_Filter_FileType-WholeExoSeqFile: Test Cases/Canine_TestCases/FileType/TC05_Canine_Filter_FileType-WholeExoSeqFile

2021-09-02 23:11:25 - [TEST_STEP][PASSED] - Start listener action : getTestScriptName: null

2021-09-02 23:11:25 - [TEST_STEP][PASSED] - TestCaseId = testCaseContext.getTestCaseId(): null

2021-09-02 23:11:25 - [TEST_STEP][PASSED] - out.println("**********this is the value of test case id string******** " + testCaseContext.getTestCaseId()): null

2021-09-02 23:11:25 - [TEST_STEP][PASSED] - G_currentTCName = TestCaseId.substring(TestCaseId.lastIndexOf("TC")): null

2021-09-02 23:11:25 - [TEST_STEP][PASSED] - out.println("This is the test case name : " + G_currentTCName): null

2021-09-02 23:11:25 - [TEST_STEP][PASSED] - closeBrowser(): Browser is closed

2021-09-02 23:11:26 - [MESSAGE][PASSED] - Browser is closed

2021-09-02 23:11:26 - [TEST_STEP][PASSED] - ctdc.utilities.runtestcaseforKatalon.RunKatalon("TC05_Canine_Filter_FileType-WholeExoSeqFile.xlsx"): Data loaded from input file for the test case. 

2021-09-02 23:11:26 - [MESSAGE][PASSED] - Test case file loaded This is the full filepath after converting to string :C:\Users\sohilz2\Commons_Automation\InputFiles\TC05_Canine_Filter_FileType-WholeExoSeqFile.xlsx

2021-09-02 23:11:26 - [MESSAGE][INFO] - Global variable set for password file is :  C:\Users\sohilz2\Commons_Automation\InputFiles\TC05_Canine_Filter_FileType-WholeExoSeqFile.xlsx

2021-09-02 23:11:30 - [MESSAGE][PASSED] - Data loaded from input file for the test case. 

2021-09-02 23:11:36 - [TEST_STEP][PASSED] - waitForElementPresent(findTestObject("Canine/NavBar/Canine_Cases_Btn"), 5): Object 'Object Repository/Canine/NavBar/Canine_Cases_Btn' is present

2021-09-02 23:11:37 - [MESSAGE][PASSED] - Object 'Object Repository/Canine/NavBar/Canine_Cases_Btn' is present

2021-09-02 23:11:37 - [TEST_STEP][PASSED] - click(findTestObject("Canine/NavBar/Canine_Cases_Btn")): Object: 'Object Repository/Canine/NavBar/Canine_Cases_Btn' is clicked on

2021-09-02 23:11:37 - [MESSAGE][PASSED] - Object: 'Object Repository/Canine/NavBar/Canine_Cases_Btn' is clicked on

2021-09-02 23:11:37 - [TEST_STEP][PASSED] - click(findTestObject("Canine/Filter/FilterByFiles_Facet")): Object: 'Object Repository/Canine/Filter/FilterByFiles_Facet' is clicked on

2021-09-02 23:11:38 - [MESSAGE][PASSED] - Object: 'Object Repository/Canine/Filter/FilterByFiles_Facet' is clicked on

2021-09-02 23:11:38 - [TEST_STEP][PASSED] - ctdc.utilities.runtestcaseforKatalon.clickTabCanineStat("Object Repository/Canine/Filter/FileType/FILETYPE_Ddn"): ctdc.utilities.runtestcaseforKatalon.clickTabCanineStat is PASSED

2021-09-02 23:11:40 - [MESSAGE][PASSED] - ctdc.utilities.runtestcaseforKatalon.clickTabCanineStat is PASSED

2021-09-02 23:11:40 - [TEST_STEP][PASSED] - ctdc.utilities.runtestcaseforKatalon.clickTabCanineStat("Object Repository/Canine/Filter/FileType/WholeExoSeqFile_Chkbx"): ctdc.utilities.runtestcaseforKatalon.clickTabCanineStat is PASSED

2021-09-02 23:11:41 - [MESSAGE][PASSED] - ctdc.utilities.runtestcaseforKatalon.clickTabCanineStat is PASSED

2021-09-02 23:11:41 - [TEST_STEP][PASSED] - ctdc.utilities.runtestcaseforKatalon.readStatBarCanine("Object Repository/Canine/StatBar/Canine_StatBar-Studies", "Object Repository/Canine/StatBar/Canine_StatBar-Cases", "Object Repository/Canine/StatBar/Canine_StatBar-Samples", "Object Repository/Canine/StatBar/Canine_StatBar-Files", "Object Repository/Canine/StatBar/Canine_StatBar-Aliquots"): ctdc.utilities.runtestcaseforKatalon.readStatBarCanine is PASSED

2021-09-02 23:11:57 - [MESSAGE][PASSED] - ctdc.utilities.runtestcaseforKatalon.readStatBarCanine is PASSED

2021-09-02 23:11:57 - [TEST_STEP][PASSED] - waitForElementPresent(findTestObject("Object Repository/Canine/CanineResults_Cases_Tab"), 5): Object 'Object Repository/Canine/CanineResults_Cases_Tab' is present

2021-09-02 23:11:57 - [MESSAGE][PASSED] - Object 'Object Repository/Canine/CanineResults_Cases_Tab' is present

2021-09-02 23:11:57 - [TEST_STEP][PASSED] - click(findTestObject("Object Repository/Canine/CanineResults_Cases_Tab")): Object: 'Object Repository/Canine/CanineResults_Cases_Tab' is clicked on

2021-09-02 23:11:57 - [MESSAGE][PASSED] - Object: 'Object Repository/Canine/CanineResults_Cases_Tab' is clicked on

2021-09-02 23:11:57 - [TEST_STEP][PASSED] - ctdc.utilities.runtestcaseforKatalon.multiFunction("ICDC", G_StatBar_Cases, "Object Repository/Canine/Canine_CasesTable", "Object Repository/Canine/Canine_TableHeader", "Object Repository/Canine/Canine_CasesTabNextBtn", G_WebTabnameCases, G_CypherTabnameCases, G_QueryCasesTab): Statbar Arms count matches

2021-09-02 23:13:47 - [MESSAGE][PASSED] - Statbar Files count matches

2021-09-02 23:13:47 - [MESSAGE][PASSED] - Statbar Samples count matches

2021-09-02 23:13:47 - [MESSAGE][PASSED] - Statbar Cases count matches

2021-09-02 23:13:47 - [MESSAGE][PASSED] - Statbar Arms count matches

2021-09-02 23:13:47 - [TEST_STEP][PASSED] - ctdc.utilities.runtestcaseforKatalon.clickTab("Object Repository/Canine/CanineResults_Samples_Tab"): ctdc.utilities.runtestcaseforKatalon.clickTab is PASSED

2021-09-02 23:13:47 - [MESSAGE][PASSED] - ctdc.utilities.runtestcaseforKatalon.clickTab is PASSED

2021-09-02 23:13:47 - [TEST_STEP][PASSED] - ctdc.utilities.runtestcaseforKatalon.multiFunction("ICDC", G_StatBar_Samples, "Object Repository/Canine/Canine_Samples_Table", "Object Repository/Canine/Canine_Samples_TableHdr", "Object Repository/Canine/Canine_SamplesTabNextBtn", G_WebTabnameSamples, G_CypherTabnameSamples, G_QuerySamplesTab): Statbar Arms count matches

2021-09-02 23:21:44 - [MESSAGE][PASSED] - Statbar Files count matches

2021-09-02 23:21:44 - [MESSAGE][PASSED] - Statbar Samples count matches

2021-09-02 23:21:44 - [MESSAGE][PASSED] - Statbar Cases count matches

2021-09-02 23:21:44 - [MESSAGE][PASSED] - Statbar Arms count matches

2021-09-02 23:21:44 - [TEST_STEP][PASSED] - ctdc.utilities.runtestcaseforKatalon.clickTab("Object Repository/Canine/CanineResults_Files_Tab"): ctdc.utilities.runtestcaseforKatalon.clickTab is PASSED

2021-09-02 23:21:44 - [MESSAGE][PASSED] - ctdc.utilities.runtestcaseforKatalon.clickTab is PASSED

2021-09-02 23:21:44 - [TEST_STEP][PASSED] - ctdc.utilities.runtestcaseforKatalon.multiFunction("ICDC", G_StatBar_Files, "Object Repository/Canine/Canine_Files_Table", "Object Repository/Canine/Canine_Files_TableHdr", "Object Repository/Canine/Canine_FilesTabNextBtn", G_WebTabnameFiles, G_CypherTabnameFiles, G_QueryFilesTab): Statbar Arms count matches

2021-09-02 23:24:38 - [MESSAGE][PASSED] - Statbar Files count matches

2021-09-02 23:24:38 - [MESSAGE][PASSED] - Statbar Samples count matches

2021-09-02 23:24:38 - [MESSAGE][PASSED] - Statbar Cases count matches

2021-09-02 23:24:38 - [MESSAGE][PASSED] - Statbar Arms count matches]]></system-out>
         <system-err><![CDATA[]]></system-err>
      </testcase>
      <testcase name="Test Cases/Canine_TestCases/FileType/TC04_Canine_Filter_FileType-RNASeqFile" time="622.692" classname="Test Cases/Canine_TestCases/FileType/TC04_Canine_Filter_FileType-RNASeqFile" status="PASSED">
         <system-out><![CDATA[2021-09-02 23:24:38 - [TEST_CASE][PASSED] - Test Cases/Canine_TestCases/FileType/TC04_Canine_Filter_FileType-RNASeqFile: Test Cases/Canine_TestCases/FileType/TC04_Canine_Filter_FileType-RNASeqFile

2021-09-02 23:24:38 - [TEST_STEP][PASSED] - Start listener action : getTestScriptName: null

2021-09-02 23:24:38 - [TEST_STEP][PASSED] - TestCaseId = testCaseContext.getTestCaseId(): null

2021-09-02 23:24:38 - [TEST_STEP][PASSED] - out.println("**********this is the value of test case id string******** " + testCaseContext.getTestCaseId()): null

2021-09-02 23:24:38 - [TEST_STEP][PASSED] - G_currentTCName = TestCaseId.substring(TestCaseId.lastIndexOf("TC")): null

2021-09-02 23:24:38 - [TEST_STEP][PASSED] - out.println("This is the test case name : " + G_currentTCName): null

2021-09-02 23:24:39 - [TEST_STEP][PASSED] - closeBrowser(): Browser is closed

2021-09-02 23:24:39 - [MESSAGE][PASSED] - Browser is closed

2021-09-02 23:24:39 - [TEST_STEP][PASSED] - ctdc.utilities.runtestcaseforKatalon.RunKatalon("TC04_Canine_Filter_FileType-RNASeqFile.xlsx"): Data loaded from input file for the test case. 

2021-09-02 23:24:39 - [MESSAGE][PASSED] - Test case file loaded This is the full filepath after converting to string :C:\Users\sohilz2\Commons_Automation\InputFiles\TC04_Canine_Filter_FileType-RNASeqFile.xlsx

2021-09-02 23:24:39 - [MESSAGE][INFO] - Global variable set for password file is :  C:\Users\sohilz2\Commons_Automation\InputFiles\TC04_Canine_Filter_FileType-RNASeqFile.xlsx

2021-09-02 23:24:43 - [MESSAGE][PASSED] - Data loaded from input file for the test case. 

2021-09-02 23:24:49 - [TEST_STEP][PASSED] - waitForElementPresent(findTestObject("Canine/NavBar/Canine_Cases_Btn"), 5): Object 'Object Repository/Canine/NavBar/Canine_Cases_Btn' is present

2021-09-02 23:24:49 - [MESSAGE][PASSED] - Object 'Object Repository/Canine/NavBar/Canine_Cases_Btn' is present

2021-09-02 23:24:49 - [TEST_STEP][PASSED] - click(findTestObject("Canine/NavBar/Canine_Cases_Btn")): Object: 'Object Repository/Canine/NavBar/Canine_Cases_Btn' is clicked on

2021-09-02 23:24:49 - [MESSAGE][PASSED] - Object: 'Object Repository/Canine/NavBar/Canine_Cases_Btn' is clicked on

2021-09-02 23:24:49 - [TEST_STEP][PASSED] - click(findTestObject("Bento/Cases_page/Filter/FilterByFiles_Facet")): Object: 'Object Repository/Bento/Cases_page/Filter/FilterByFiles_Facet' is clicked on

2021-09-02 23:24:51 - [MESSAGE][PASSED] - Object: 'Object Repository/Bento/Cases_page/Filter/FilterByFiles_Facet' is clicked on

2021-09-02 23:24:51 - [TEST_STEP][PASSED] - waitForElementPresent(findTestObject("Object Repository/Canine/Filter/FileType/FILETYPE_Ddn"), 5): Object 'Object Repository/Canine/Filter/FileType/FILETYPE_Ddn' is present

2021-09-02 23:24:51 - [MESSAGE][PASSED] - Object 'Object Repository/Canine/Filter/FileType/FILETYPE_Ddn' is present

2021-09-02 23:24:51 - [TEST_STEP][PASSED] - ctdc.utilities.runtestcaseforKatalon.clickTabCanineStat("Object Repository/Canine/Filter/FileType/FILETYPE_Ddn"): ctdc.utilities.runtestcaseforKatalon.clickTabCanineStat is PASSED

2021-09-02 23:24:53 - [MESSAGE][PASSED] - ctdc.utilities.runtestcaseforKatalon.clickTabCanineStat is PASSED

2021-09-02 23:24:53 - [TEST_STEP][PASSED] - ctdc.utilities.runtestcaseforKatalon.clickTabCanineStat("Object Repository/Canine/Filter/FileType/RNASeqFile_Chkbx"): ctdc.utilities.runtestcaseforKatalon.clickTabCanineStat is PASSED

2021-09-02 23:24:54 - [MESSAGE][PASSED] - ctdc.utilities.runtestcaseforKatalon.clickTabCanineStat is PASSED

2021-09-02 23:24:54 - [TEST_STEP][PASSED] - ctdc.utilities.runtestcaseforKatalon.readStatBarCanine("Object Repository/Canine/StatBar/Canine_StatBar-Studies", "Object Repository/Canine/StatBar/Canine_StatBar-Cases", "Object Repository/Canine/StatBar/Canine_StatBar-Samples", "Object Repository/Canine/StatBar/Canine_StatBar-Files", "Object Repository/Canine/StatBar/Canine_StatBar-Aliquots"): ctdc.utilities.runtestcaseforKatalon.readStatBarCanine is PASSED

2021-09-02 23:25:09 - [MESSAGE][PASSED] - ctdc.utilities.runtestcaseforKatalon.readStatBarCanine is PASSED

2021-09-02 23:25:09 - [TEST_STEP][PASSED] - waitForElementPresent(findTestObject("Object Repository/Canine/CanineResults_Cases_Tab"), 5): Object 'Object Repository/Canine/CanineResults_Cases_Tab' is present

2021-09-02 23:25:09 - [MESSAGE][PASSED] - Object 'Object Repository/Canine/CanineResults_Cases_Tab' is present

2021-09-02 23:25:09 - [TEST_STEP][PASSED] - ctdc.utilities.runtestcaseforKatalon.clickTab("Object Repository/Canine/CanineResults_Cases_Tab"): ctdc.utilities.runtestcaseforKatalon.clickTab is PASSED

2021-09-02 23:25:10 - [MESSAGE][PASSED] - ctdc.utilities.runtestcaseforKatalon.clickTab is PASSED

2021-09-02 23:25:10 - [TEST_STEP][PASSED] - ctdc.utilities.runtestcaseforKatalon.multiFunction("ICDC", G_StatBar_Cases, "Object Repository/Canine/Canine_CasesTable", "Object Repository/Canine/Canine_TableHeader", "Object Repository/Canine/Canine_CasesTabNextBtn", G_WebTabnameCases, G_CypherTabnameCases, G_QueryCasesTab): Statbar Arms count matches

2021-09-02 23:29:29 - [MESSAGE][PASSED] - Statbar Files count matches

2021-09-02 23:29:29 - [MESSAGE][PASSED] - Statbar Samples count matches

2021-09-02 23:29:29 - [MESSAGE][PASSED] - Statbar Cases count matches

2021-09-02 23:29:29 - [MESSAGE][PASSED] - Statbar Arms count matches

2021-09-02 23:29:29 - [TEST_STEP][PASSED] - waitForElementPresent(findTestObject("Object Repository/Canine/CanineResults_Files_Tab"), 5): Object 'Object Repository/Canine/CanineResults_Files_Tab' is present

2021-09-02 23:29:29 - [MESSAGE][PASSED] - Object 'Object Repository/Canine/CanineResults_Files_Tab' is present

2021-09-02 23:29:29 - [TEST_STEP][PASSED] - ctdc.utilities.runtestcaseforKatalon.clickTab("Object Repository/Canine/CanineResults_Files_Tab"): ctdc.utilities.runtestcaseforKatalon.clickTab is PASSED

2021-09-02 23:29:30 - [MESSAGE][PASSED] - ctdc.utilities.runtestcaseforKatalon.clickTab is PASSED

2021-09-02 23:29:30 - [TEST_STEP][PASSED] - ctdc.utilities.runtestcaseforKatalon.multiFunction("ICDC", G_StatBar_Files, "Object Repository/Canine/Canine_Files_Table", "Object Repository/Canine/Canine_Files_TableHdr", "Object Repository/Canine/Canine_FilesTabNextBtn", G_WebTabnameFiles, G_CypherTabnameFiles, G_QueryFilesTab): Statbar Arms count matches

2021-09-02 23:35:00 - [MESSAGE][PASSED] - Statbar Files count matches

2021-09-02 23:35:00 - [MESSAGE][PASSED] - Statbar Samples count matches

2021-09-02 23:35:00 - [MESSAGE][PASSED] - Statbar Cases count matches

2021-09-02 23:35:00 - [MESSAGE][PASSED] - Statbar Arms count matches

2021-09-02 23:35:00 - [TEST_STEP][PASSED] - closeBrowser(): Browser is closed

2021-09-02 23:35:01 - [MESSAGE][PASSED] - Browser is closed]]></system-out>
         <system-err><![CDATA[]]></system-err>
      </testcase>
      <testcase name="Test Cases/Canine_TestCases/NeuteredStatus/TC02_Canine_Filter_NeutStatus-No" time="249.442" classname="Test Cases/Canine_TestCases/NeuteredStatus/TC02_Canine_Filter_NeutStatus-No" status="PASSED">
         <system-out><![CDATA[2021-09-02 23:35:01 - [TEST_CASE][PASSED] - Test Cases/Canine_TestCases/NeuteredStatus/TC02_Canine_Filter_NeutStatus-No: Test Cases/Canine_TestCases/NeuteredStatus/TC02_Canine_Filter_NeutStatus-No

2021-09-02 23:35:01 - [TEST_STEP][PASSED] - Start listener action : getTestScriptName: null

2021-09-02 23:35:01 - [TEST_STEP][PASSED] - TestCaseId = testCaseContext.getTestCaseId(): null

2021-09-02 23:35:01 - [TEST_STEP][PASSED] - out.println("**********this is the value of test case id string******** " + testCaseContext.getTestCaseId()): null

2021-09-02 23:35:01 - [TEST_STEP][PASSED] - G_currentTCName = TestCaseId.substring(TestCaseId.lastIndexOf("TC")): null

2021-09-02 23:35:01 - [TEST_STEP][PASSED] - out.println("This is the test case name : " + G_currentTCName): null

2021-09-02 23:35:02 - [TEST_STEP][PASSED] - closeBrowser(): Browser is closed

2021-09-02 23:35:02 - [MESSAGE][PASSED] - Browser is closed

2021-09-02 23:35:02 - [TEST_STEP][PASSED] - ctdc.utilities.runtestcaseforKatalon.RunKatalon("TC02_Canine_Filter_NeutStatus-No.xlsx"): Data loaded from input file for the test case. 

2021-09-02 23:35:02 - [MESSAGE][PASSED] - Test case file loaded This is the full filepath after converting to string :C:\Users\sohilz2\Commons_Automation\InputFiles\TC02_Canine_Filter_NeutStatus-No.xlsx

2021-09-02 23:35:02 - [MESSAGE][INFO] - Global variable set for password file is :  C:\Users\sohilz2\Commons_Automation\InputFiles\TC02_Canine_Filter_NeutStatus-No.xlsx

2021-09-02 23:35:06 - [MESSAGE][PASSED] - Data loaded from input file for the test case. 

2021-09-02 23:35:12 - [TEST_STEP][PASSED] - waitForElementPresent(findTestObject("Canine/NavBar/Canine_Cases_Btn"), 5): Object 'Object Repository/Canine/NavBar/Canine_Cases_Btn' is present

2021-09-02 23:35:12 - [MESSAGE][PASSED] - Object 'Object Repository/Canine/NavBar/Canine_Cases_Btn' is present

2021-09-02 23:35:12 - [TEST_STEP][PASSED] - ctdc.utilities.runtestcaseforKatalon.clickTab("Canine/NavBar/Canine_Cases_Btn"): ctdc.utilities.runtestcaseforKatalon.clickTab is PASSED

2021-09-02 23:35:12 - [MESSAGE][PASSED] - ctdc.utilities.runtestcaseforKatalon.clickTab is PASSED

2021-09-02 23:35:12 - [TEST_STEP][PASSED] - waitForElementPresent(findTestObject("Canine/Filter/NeuteredStatus/NEUTEREDSTATUS_Ddn"), 5): Object 'Object Repository/Canine/Filter/NeuteredStatus/NEUTEREDSTATUS_Ddn' is present

2021-09-02 23:35:13 - [MESSAGE][PASSED] - Object 'Object Repository/Canine/Filter/NeuteredStatus/NEUTEREDSTATUS_Ddn' is present

2021-09-02 23:35:13 - [TEST_STEP][PASSED] - ctdc.utilities.runtestcaseforKatalon.clickTab("Canine/Filter/NeuteredStatus/NEUTEREDSTATUS_Ddn"): ctdc.utilities.runtestcaseforKatalon.clickTab is PASSED

2021-09-02 23:35:14 - [MESSAGE][PASSED] - ctdc.utilities.runtestcaseforKatalon.clickTab is PASSED

2021-09-02 23:35:14 - [TEST_STEP][PASSED] - waitForElementPresent(findTestObject("Object Repository/Canine/Filter/NeuteredStatus/No_Chkbx"), 5): Object 'Object Repository/Canine/Filter/NeuteredStatus/No_Chkbx' is present

2021-09-02 23:35:14 - [MESSAGE][PASSED] - Object 'Object Repository/Canine/Filter/NeuteredStatus/No_Chkbx' is present

2021-09-02 23:35:14 - [TEST_STEP][PASSED] - ctdc.utilities.runtestcaseforKatalon.clickTab("Object Repository/Canine/Filter/NeuteredStatus/No_Chkbx"): ctdc.utilities.runtestcaseforKatalon.clickTab is PASSED

2021-09-02 23:35:14 - [MESSAGE][PASSED] - ctdc.utilities.runtestcaseforKatalon.clickTab is PASSED

2021-09-02 23:35:14 - [TEST_STEP][PASSED] - ctdc.utilities.runtestcaseforKatalon.readStatBarCanine("Object Repository/Canine/StatBar/Canine_StatBar-Studies", "Object Repository/Canine/StatBar/Canine_StatBar-Cases", "Object Repository/Canine/StatBar/Canine_StatBar-Samples", "Object Repository/Canine/StatBar/Canine_StatBar-Files", "Object Repository/Canine/StatBar/Canine_StatBar-Aliquots"): ctdc.utilities.runtestcaseforKatalon.readStatBarCanine is PASSED

2021-09-02 23:35:30 - [MESSAGE][PASSED] - ctdc.utilities.runtestcaseforKatalon.readStatBarCanine is PASSED

2021-09-02 23:35:30 - [TEST_STEP][PASSED] - waitForElementPresent(findTestObject("Object Repository/Canine/CanineResults_Cases_Tab"), 5): Object 'Object Repository/Canine/CanineResults_Cases_Tab' is present

2021-09-02 23:35:30 - [MESSAGE][PASSED] - Object 'Object Repository/Canine/CanineResults_Cases_Tab' is present

2021-09-02 23:35:30 - [TEST_STEP][PASSED] - click(findTestObject("Object Repository/Canine/CanineResults_Cases_Tab")): Object: 'Object Repository/Canine/CanineResults_Cases_Tab' is clicked on

2021-09-02 23:35:30 - [MESSAGE][PASSED] - Object: 'Object Repository/Canine/CanineResults_Cases_Tab' is clicked on

2021-09-02 23:35:30 - [TEST_STEP][PASSED] - ctdc.utilities.runtestcaseforKatalon.multiFunction("ICDC", G_StatBar_Cases, "Object Repository/Canine/Canine_CasesTable", "Object Repository/Canine/Canine_TableHeader", "Object Repository/Canine/Canine_CasesTabNextBtn", G_WebTabnameCases, G_CypherTabnameCases, G_QueryCasesTab): Statbar Arms count matches

2021-09-02 23:36:28 - [MESSAGE][PASSED] - Statbar Files count matches

2021-09-02 23:36:28 - [MESSAGE][PASSED] - Statbar Samples count matches

2021-09-02 23:36:28 - [MESSAGE][PASSED] - Statbar Cases count matches

2021-09-02 23:36:28 - [MESSAGE][PASSED] - Statbar Arms count matches

2021-09-02 23:36:28 - [TEST_STEP][PASSED] - ctdc.utilities.runtestcaseforKatalon.clickTab("Object Repository/Canine/CanineResults_Samples_Tab"): ctdc.utilities.runtestcaseforKatalon.clickTab is PASSED

2021-09-02 23:36:28 - [MESSAGE][PASSED] - ctdc.utilities.runtestcaseforKatalon.clickTab is PASSED

2021-09-02 23:36:28 - [TEST_STEP][PASSED] - ctdc.utilities.runtestcaseforKatalon.multiFunction("ICDC", G_StatBar_Samples, "Object Repository/Canine/Canine_Samples_Table", "Object Repository/Canine/Canine_Samples_TableHdr", "Object Repository/Canine/Canine_SamplesTabNextBtn", G_WebTabnameSamples, G_CypherTabnameSamples, G_QuerySamplesTab): Statbar Arms count matches

2021-09-02 23:37:34 - [MESSAGE][PASSED] - Statbar Files count matches

2021-09-02 23:37:34 - [MESSAGE][PASSED] - Statbar Samples count matches

2021-09-02 23:37:34 - [MESSAGE][PASSED] - Statbar Cases count matches

2021-09-02 23:37:34 - [MESSAGE][PASSED] - Statbar Arms count matches

2021-09-02 23:37:34 - [TEST_STEP][PASSED] - ctdc.utilities.runtestcaseforKatalon.clickTab("Object Repository/Canine/CanineResults_Files_Tab"): ctdc.utilities.runtestcaseforKatalon.clickTab is PASSED

2021-09-02 23:37:34 - [MESSAGE][PASSED] - ctdc.utilities.runtestcaseforKatalon.clickTab is PASSED

2021-09-02 23:37:34 - [TEST_STEP][PASSED] - ctdc.utilities.runtestcaseforKatalon.multiFunction("ICDC", G_StatBar_Files, "Object Repository/Canine/Canine_Files_Table", "Object Repository/Canine/Canine_Files_TableHdr", "Object Repository/Canine/Canine_FilesTabNextBtn", G_WebTabnameFiles, G_CypherTabnameFiles, G_QueryFilesTab): Statbar Arms count matches

2021-09-02 23:39:10 - [MESSAGE][PASSED] - Statbar Files count matches

2021-09-02 23:39:10 - [MESSAGE][PASSED] - Statbar Samples count matches

2021-09-02 23:39:10 - [MESSAGE][PASSED] - Statbar Cases count matches

2021-09-02 23:39:10 - [MESSAGE][PASSED] - Statbar Arms count matches]]></system-out>
         <system-err><![CDATA[]]></system-err>
      </testcase>
      <testcase name="Test Cases/Canine_TestCases/PrimDiseaseSite/TC05_Canine_Filter_PrimDisSite-Mouth" time="159.656" classname="Test Cases/Canine_TestCases/PrimDiseaseSite/TC05_Canine_Filter_PrimDisSite-Mouth" status="PASSED">
         <system-out><![CDATA[2021-09-02 23:39:10 - [TEST_CASE][PASSED] - Test Cases/Canine_TestCases/PrimDiseaseSite/TC05_Canine_Filter_PrimDisSite-Mouth: Test Cases/Canine_TestCases/PrimDiseaseSite/TC05_Canine_Filter_PrimDisSite-Mouth

2021-09-02 23:39:10 - [TEST_STEP][PASSED] - Start listener action : getTestScriptName: null

2021-09-02 23:39:10 - [TEST_STEP][PASSED] - TestCaseId = testCaseContext.getTestCaseId(): null

2021-09-02 23:39:10 - [TEST_STEP][PASSED] - out.println("**********this is the value of test case id string******** " + testCaseContext.getTestCaseId()): null

2021-09-02 23:39:10 - [TEST_STEP][PASSED] - G_currentTCName = TestCaseId.substring(TestCaseId.lastIndexOf("TC")): null

2021-09-02 23:39:10 - [TEST_STEP][PASSED] - out.println("This is the test case name : " + G_currentTCName): null

2021-09-02 23:39:11 - [TEST_STEP][PASSED] - closeBrowser(): Browser is closed

2021-09-02 23:39:12 - [MESSAGE][PASSED] - Browser is closed

2021-09-02 23:39:12 - [TEST_STEP][PASSED] - ctdc.utilities.runtestcaseforKatalon.RunKatalon("TC05_Canine_Filter_PrimDisSite-Mouth.xlsx"): Data loaded from input file for the test case. 

2021-09-02 23:39:12 - [MESSAGE][PASSED] - Test case file loaded This is the full filepath after converting to string :C:\Users\sohilz2\Commons_Automation\InputFiles\TC05_Canine_Filter_PrimDisSite-Mouth.xlsx

2021-09-02 23:39:12 - [MESSAGE][INFO] - Global variable set for password file is :  C:\Users\sohilz2\Commons_Automation\InputFiles\TC05_Canine_Filter_PrimDisSite-Mouth.xlsx

2021-09-02 23:39:16 - [MESSAGE][PASSED] - Data loaded from input file for the test case. 

2021-09-02 23:39:22 - [TEST_STEP][PASSED] - waitForElementPresent(findTestObject("Canine/NavBar/Canine_Cases_Btn"), 5): Object 'Object Repository/Canine/NavBar/Canine_Cases_Btn' is present

2021-09-02 23:39:22 - [MESSAGE][PASSED] - Object 'Object Repository/Canine/NavBar/Canine_Cases_Btn' is present

2021-09-02 23:39:22 - [TEST_STEP][PASSED] - ctdc.utilities.runtestcaseforKatalon.clickTab("Canine/NavBar/Canine_Cases_Btn"): ctdc.utilities.runtestcaseforKatalon.clickTab is PASSED

2021-09-02 23:39:22 - [MESSAGE][PASSED] - ctdc.utilities.runtestcaseforKatalon.clickTab is PASSED

2021-09-02 23:39:22 - [TEST_STEP][PASSED] - ctdc.utilities.runtestcaseforKatalon.clickTab("Bento/Cases_page/Filter/FilterByCases_Facet"): ctdc.utilities.runtestcaseforKatalon.clickTab is PASSED

2021-09-02 23:39:23 - [MESSAGE][PASSED] - ctdc.utilities.runtestcaseforKatalon.clickTab is PASSED

2021-09-02 23:39:23 - [TEST_STEP][PASSED] - waitForElementPresent(findTestObject("Canine/Filter/PrimDiseaseSite/PRIMARYDISEASESITE_Ddn"), 5): Object 'Object Repository/Canine/Filter/PrimDiseaseSite/PRIMARYDISEASESITE_Ddn' is present

2021-09-02 23:39:24 - [MESSAGE][PASSED] - Object 'Object Repository/Canine/Filter/PrimDiseaseSite/PRIMARYDISEASESITE_Ddn' is present

2021-09-02 23:39:24 - [TEST_STEP][PASSED] - ctdc.utilities.runtestcaseforKatalon.clickTabCanineStat("Canine/Filter/PrimDiseaseSite/PRIMARYDISEASESITE_Ddn"): ctdc.utilities.runtestcaseforKatalon.clickTabCanineStat is PASSED

2021-09-02 23:39:25 - [MESSAGE][PASSED] - ctdc.utilities.runtestcaseforKatalon.clickTabCanineStat is PASSED

2021-09-02 23:39:25 - [TEST_STEP][PASSED] - ctdc.utilities.runtestcaseforKatalon.clickTabCanineStat("Canine/Filter/PrimDiseaseSite/Mouth_Chkbx"): ctdc.utilities.runtestcaseforKatalon.clickTabCanineStat is PASSED

2021-09-02 23:39:27 - [MESSAGE][PASSED] - ctdc.utilities.runtestcaseforKatalon.clickTabCanineStat is PASSED

2021-09-02 23:39:27 - [TEST_STEP][PASSED] - ctdc.utilities.runtestcaseforKatalon.readStatBarCanine("Object Repository/Canine/StatBar/Canine_StatBar-Studies", "Object Repository/Canine/StatBar/Canine_StatBar-Cases", "Object Repository/Canine/StatBar/Canine_StatBar-Samples", "Object Repository/Canine/StatBar/Canine_StatBar-Files", "Object Repository/Canine/StatBar/Canine_StatBar-Aliquots"): ctdc.utilities.runtestcaseforKatalon.readStatBarCanine is PASSED

2021-09-02 23:39:42 - [MESSAGE][PASSED] - ctdc.utilities.runtestcaseforKatalon.readStatBarCanine is PASSED

2021-09-02 23:39:42 - [TEST_STEP][PASSED] - waitForElementPresent(findTestObject("Object Repository/Canine/CanineResults_Cases_Tab"), 5): Object 'Object Repository/Canine/CanineResults_Cases_Tab' is present

2021-09-02 23:39:42 - [MESSAGE][PASSED] - Object 'Object Repository/Canine/CanineResults_Cases_Tab' is present

2021-09-02 23:39:42 - [TEST_STEP][PASSED] - ctdc.utilities.runtestcaseforKatalon.clickTab("Object Repository/Canine/CanineResults_Cases_Tab"): ctdc.utilities.runtestcaseforKatalon.clickTab is PASSED

2021-09-02 23:39:42 - [MESSAGE][PASSED] - ctdc.utilities.runtestcaseforKatalon.clickTab is PASSED

2021-09-02 23:39:42 - [TEST_STEP][PASSED] - ctdc.utilities.runtestcaseforKatalon.multiFunction("ICDC", G_StatBar_Cases, "Object Repository/Canine/Canine_CasesTable", "Object Repository/Canine/Canine_TableHeader", "Object Repository/Canine/Canine_CasesTabNextBtn", G_WebTabnameCases, G_CypherTabnameCases, G_QueryCasesTab): Statbar Arms count matches

2021-09-02 23:40:08 - [MESSAGE][PASSED] - Statbar Files count matches

2021-09-02 23:40:08 - [MESSAGE][PASSED] - Statbar Samples count matches

2021-09-02 23:40:08 - [MESSAGE][PASSED] - Statbar Cases count matches

2021-09-02 23:40:08 - [MESSAGE][PASSED] - Statbar Arms count matches

2021-09-02 23:40:08 - [TEST_STEP][PASSED] - waitForElementPresent(findTestObject("Object Repository/Canine/CanineResults_Samples_Tab"), 5): Object 'Object Repository/Canine/CanineResults_Samples_Tab' is present

2021-09-02 23:40:09 - [MESSAGE][PASSED] - Object 'Object Repository/Canine/CanineResults_Samples_Tab' is present

2021-09-02 23:40:09 - [TEST_STEP][PASSED] - ctdc.utilities.runtestcaseforKatalon.clickTab("Object Repository/Canine/CanineResults_Samples_Tab"): ctdc.utilities.runtestcaseforKatalon.clickTab is PASSED

2021-09-02 23:40:09 - [MESSAGE][PASSED] - ctdc.utilities.runtestcaseforKatalon.clickTab is PASSED

2021-09-02 23:40:09 - [TEST_STEP][PASSED] - ctdc.utilities.runtestcaseforKatalon.multiFunction("ICDC", G_StatBar_Samples, "Object Repository/Canine/Canine_Samples_Table", "Object Repository/Canine/Canine_Samples_TableHdr", "Object Repository/Canine/Canine_SamplesTabNextBtn", G_WebTabnameSamples, G_CypherTabnameSamples, G_QuerySamplesTab): Statbar Arms count matches

2021-09-02 23:40:49 - [MESSAGE][PASSED] - Statbar Files count matches

2021-09-02 23:40:49 - [MESSAGE][PASSED] - Statbar Samples count matches

2021-09-02 23:40:49 - [MESSAGE][PASSED] - Statbar Cases count matches

2021-09-02 23:40:49 - [MESSAGE][PASSED] - Statbar Arms count matches

2021-09-02 23:40:49 - [TEST_STEP][PASSED] - waitForElementPresent(findTestObject("Object Repository/Canine/CanineResults_Files_Tab"), 5): Object 'Object Repository/Canine/CanineResults_Files_Tab' is present

2021-09-02 23:40:49 - [MESSAGE][PASSED] - Object 'Object Repository/Canine/CanineResults_Files_Tab' is present

2021-09-02 23:40:49 - [TEST_STEP][PASSED] - ctdc.utilities.runtestcaseforKatalon.clickTab("Object Repository/Canine/CanineResults_Files_Tab"): ctdc.utilities.runtestcaseforKatalon.clickTab is PASSED

2021-09-02 23:40:50 - [MESSAGE][PASSED] - ctdc.utilities.runtestcaseforKatalon.clickTab is PASSED

2021-09-02 23:40:50 - [TEST_STEP][PASSED] - ctdc.utilities.runtestcaseforKatalon.multiFunction("ICDC", G_StatBar_Files, "Object Repository/Canine/Canine_Files_Table", "Object Repository/Canine/Canine_Files_TableHdr", "Object Repository/Canine/Canine_FilesTabNextBtn", G_WebTabnameFiles, G_CypherTabnameFiles, G_QueryFilesTab): Statbar Arms count matches

2021-09-02 23:41:49 - [MESSAGE][PASSED] - Statbar Files count matches

2021-09-02 23:41:49 - [MESSAGE][PASSED] - Statbar Samples count matches

2021-09-02 23:41:49 - [MESSAGE][PASSED] - Statbar Cases count matches

2021-09-02 23:41:49 - [MESSAGE][PASSED] - Statbar Arms count matches

2021-09-02 23:41:49 - [TEST_STEP][PASSED] - closeBrowser(): Browser is closed

2021-09-02 23:41:50 - [MESSAGE][PASSED] - Browser is closed]]></system-out>
         <system-err><![CDATA[]]></system-err>
      </testcase>
      <testcase name="Test Cases/Canine_TestCases/PrimDiseaseSite/TC04_Canine_Filter_PrimDisSite-LymphNode" time="136.187" classname="Test Cases/Canine_TestCases/PrimDiseaseSite/TC04_Canine_Filter_PrimDisSite-LymphNode" status="PASSED">
         <system-out><![CDATA[2021-09-02 23:41:50 - [TEST_CASE][PASSED] - Test Cases/Canine_TestCases/PrimDiseaseSite/TC04_Canine_Filter_PrimDisSite-LymphNode: Test Cases/Canine_TestCases/PrimDiseaseSite/TC04_Canine_Filter_PrimDisSite-LymphNode

2021-09-02 23:41:50 - [TEST_STEP][PASSED] - Start listener action : getTestScriptName: null

2021-09-02 23:41:50 - [TEST_STEP][PASSED] - TestCaseId = testCaseContext.getTestCaseId(): null

2021-09-02 23:41:50 - [TEST_STEP][PASSED] - out.println("**********this is the value of test case id string******** " + testCaseContext.getTestCaseId()): null

2021-09-02 23:41:50 - [TEST_STEP][PASSED] - G_currentTCName = TestCaseId.substring(TestCaseId.lastIndexOf("TC")): null

2021-09-02 23:41:50 - [TEST_STEP][PASSED] - out.println("This is the test case name : " + G_currentTCName): null

2021-09-02 23:41:50 - [TEST_STEP][PASSED] - closeBrowser(): Browser is closed

2021-09-02 23:41:50 - [MESSAGE][PASSED] - Browser is closed

2021-09-02 23:41:50 - [TEST_STEP][PASSED] - ctdc.utilities.runtestcaseforKatalon.RunKatalon("TC04_Canine_Filter_PrimDisSite-LymphNode.xlsx"): Data loaded from input file for the test case. 

2021-09-02 23:41:50 - [MESSAGE][PASSED] - Test case file loaded This is the full filepath after converting to string :C:\Users\sohilz2\Commons_Automation\InputFiles\TC04_Canine_Filter_PrimDisSite-LymphNode.xlsx

2021-09-02 23:41:50 - [MESSAGE][INFO] - Global variable set for password file is :  C:\Users\sohilz2\Commons_Automation\InputFiles\TC04_Canine_Filter_PrimDisSite-LymphNode.xlsx

2021-09-02 23:41:55 - [MESSAGE][PASSED] - Data loaded from input file for the test case. 

2021-09-02 23:42:01 - [TEST_STEP][PASSED] - waitForElementPresent(findTestObject("Canine/NavBar/Canine_Cases_Btn"), 5): Object 'Object Repository/Canine/NavBar/Canine_Cases_Btn' is present

2021-09-02 23:42:01 - [MESSAGE][PASSED] - Object 'Object Repository/Canine/NavBar/Canine_Cases_Btn' is present

2021-09-02 23:42:01 - [TEST_STEP][PASSED] - ctdc.utilities.runtestcaseforKatalon.clickTab("Canine/NavBar/Canine_Cases_Btn"): ctdc.utilities.runtestcaseforKatalon.clickTab is PASSED

2021-09-02 23:42:01 - [MESSAGE][PASSED] - ctdc.utilities.runtestcaseforKatalon.clickTab is PASSED

2021-09-02 23:42:01 - [TEST_STEP][PASSED] - click(findTestObject("Bento/Cases_page/Filter/FilterByCases_Facet")): Object: 'Object Repository/Bento/Cases_page/Filter/FilterByCases_Facet' is clicked on

2021-09-02 23:42:02 - [MESSAGE][PASSED] - Object: 'Object Repository/Bento/Cases_page/Filter/FilterByCases_Facet' is clicked on

2021-09-02 23:42:02 - [TEST_STEP][PASSED] - waitForElementPresent(findTestObject("Canine/Filter/PrimDiseaseSite/PRIMARYDISEASESITE_Ddn"), 5): Object 'Object Repository/Canine/Filter/PrimDiseaseSite/PRIMARYDISEASESITE_Ddn' is present

2021-09-02 23:42:02 - [MESSAGE][PASSED] - Object 'Object Repository/Canine/Filter/PrimDiseaseSite/PRIMARYDISEASESITE_Ddn' is present

2021-09-02 23:42:02 - [TEST_STEP][PASSED] - ctdc.utilities.runtestcaseforKatalon.clickTabCanineStat("Canine/Filter/PrimDiseaseSite/PRIMARYDISEASESITE_Ddn"): ctdc.utilities.runtestcaseforKatalon.clickTabCanineStat is PASSED

2021-09-02 23:42:04 - [MESSAGE][PASSED] - ctdc.utilities.runtestcaseforKatalon.clickTabCanineStat is PASSED

2021-09-02 23:42:04 - [TEST_STEP][PASSED] - waitForElementPresent(findTestObject("Canine/Filter/PrimDiseaseSite/LymphNode_Chkbx"), 5): Object 'Object Repository/Canine/Filter/PrimDiseaseSite/LymphNode_Chkbx' is present

2021-09-02 23:42:04 - [MESSAGE][PASSED] - Object 'Object Repository/Canine/Filter/PrimDiseaseSite/LymphNode_Chkbx' is present

2021-09-02 23:42:04 - [TEST_STEP][PASSED] - ctdc.utilities.runtestcaseforKatalon.clickTabCanineStat("Canine/Filter/PrimDiseaseSite/LymphNode_Chkbx"): ctdc.utilities.runtestcaseforKatalon.clickTabCanineStat is PASSED

2021-09-02 23:42:05 - [MESSAGE][PASSED] - ctdc.utilities.runtestcaseforKatalon.clickTabCanineStat is PASSED

2021-09-02 23:42:05 - [TEST_STEP][PASSED] - ctdc.utilities.runtestcaseforKatalon.readStatBarCanine("Object Repository/Canine/StatBar/Canine_StatBar-Studies", "Object Repository/Canine/StatBar/Canine_StatBar-Cases", "Object Repository/Canine/StatBar/Canine_StatBar-Samples", "Object Repository/Canine/StatBar/Canine_StatBar-Files", "Object Repository/Canine/StatBar/Canine_StatBar-Aliquots"): ctdc.utilities.runtestcaseforKatalon.readStatBarCanine is PASSED

2021-09-02 23:42:21 - [MESSAGE][PASSED] - ctdc.utilities.runtestcaseforKatalon.readStatBarCanine is PASSED

2021-09-02 23:42:21 - [TEST_STEP][PASSED] - waitForElementPresent(findTestObject("Object Repository/Canine/CanineResults_Files_Tab"), 5): Object 'Object Repository/Canine/CanineResults_Files_Tab' is present

2021-09-02 23:42:21 - [MESSAGE][PASSED] - Object 'Object Repository/Canine/CanineResults_Files_Tab' is present

2021-09-02 23:42:21 - [TEST_STEP][PASSED] - ctdc.utilities.runtestcaseforKatalon.clickTab("Object Repository/Canine/CanineResults_Files_Tab"): ctdc.utilities.runtestcaseforKatalon.clickTab is PASSED

2021-09-02 23:42:21 - [MESSAGE][PASSED] - ctdc.utilities.runtestcaseforKatalon.clickTab is PASSED

2021-09-02 23:42:21 - [TEST_STEP][PASSED] - ctdc.utilities.runtestcaseforKatalon.multiFunction("ICDC", G_StatBar_Files, "Object Repository/Canine/Canine_Files_Table", "Object Repository/Canine/Canine_Files_TableHdr", "Object Repository/Canine/Canine_FilesTabNextBtn", G_WebTabnameFiles, G_CypherTabnameFiles, G_QueryFilesTab): Statbar Arms count matches

2021-09-02 23:44:06 - [MESSAGE][PASSED] - Statbar Files count matches

2021-09-02 23:44:06 - [MESSAGE][PASSED] - Statbar Samples count matches

2021-09-02 23:44:06 - [MESSAGE][PASSED] - Statbar Cases count matches

2021-09-02 23:44:06 - [MESSAGE][PASSED] - Statbar Arms count matches

2021-09-02 23:44:06 - [TEST_STEP][PASSED] - closeBrowser(): Browser is closed

2021-09-02 23:44:06 - [MESSAGE][PASSED] - Browser is closed]]></system-out>
         <system-err><![CDATA[]]></system-err>
      </testcase>
      <testcase name="Test Cases/Canine_TestCases/PrimDiseaseSite/TC03_Canine_Filter_PrimDisSite-Lung" time="158.158" classname="Test Cases/Canine_TestCases/PrimDiseaseSite/TC03_Canine_Filter_PrimDisSite-Lung" status="PASSED">
         <system-out><![CDATA[2021-09-02 23:44:06 - [TEST_CASE][PASSED] - Test Cases/Canine_TestCases/PrimDiseaseSite/TC03_Canine_Filter_PrimDisSite-Lung: Test Cases/Canine_TestCases/PrimDiseaseSite/TC03_Canine_Filter_PrimDisSite-Lung

2021-09-02 23:44:06 - [TEST_STEP][PASSED] - Start listener action : getTestScriptName: null

2021-09-02 23:44:06 - [TEST_STEP][PASSED] - TestCaseId = testCaseContext.getTestCaseId(): null

2021-09-02 23:44:06 - [TEST_STEP][PASSED] - out.println("**********this is the value of test case id string******** " + testCaseContext.getTestCaseId()): null

2021-09-02 23:44:06 - [TEST_STEP][PASSED] - G_currentTCName = TestCaseId.substring(TestCaseId.lastIndexOf("TC")): null

2021-09-02 23:44:06 - [TEST_STEP][PASSED] - out.println("This is the test case name : " + G_currentTCName): null

2021-09-02 23:44:07 - [TEST_STEP][PASSED] - closeBrowser(): Browser is closed

2021-09-02 23:44:07 - [MESSAGE][PASSED] - Browser is closed

2021-09-02 23:44:07 - [TEST_STEP][PASSED] - ctdc.utilities.runtestcaseforKatalon.RunKatalon("TC03_Canine_Filter_PrimDisSite-Lung.xlsx"): Data loaded from input file for the test case. 

2021-09-02 23:44:07 - [MESSAGE][PASSED] - Test case file loaded This is the full filepath after converting to string :C:\Users\sohilz2\Commons_Automation\InputFiles\TC03_Canine_Filter_PrimDisSite-Lung.xlsx

2021-09-02 23:44:07 - [MESSAGE][INFO] - Global variable set for password file is :  C:\Users\sohilz2\Commons_Automation\InputFiles\TC03_Canine_Filter_PrimDisSite-Lung.xlsx

2021-09-02 23:44:11 - [MESSAGE][PASSED] - Data loaded from input file for the test case. 

2021-09-02 23:44:17 - [TEST_STEP][PASSED] - waitForElementPresent(findTestObject("Canine/NavBar/Canine_Cases_Btn"), 5): Object 'Object Repository/Canine/NavBar/Canine_Cases_Btn' is present

2021-09-02 23:44:18 - [MESSAGE][PASSED] - Object 'Object Repository/Canine/NavBar/Canine_Cases_Btn' is present

2021-09-02 23:44:18 - [TEST_STEP][PASSED] - ctdc.utilities.runtestcaseforKatalon.clickTab("Canine/NavBar/Canine_Cases_Btn"): ctdc.utilities.runtestcaseforKatalon.clickTab is PASSED

2021-09-02 23:44:18 - [MESSAGE][PASSED] - ctdc.utilities.runtestcaseforKatalon.clickTab is PASSED

2021-09-02 23:44:18 - [TEST_STEP][PASSED] - click(findTestObject("Bento/Cases_page/Filter/FilterByCases_Facet")): Object: 'Object Repository/Bento/Cases_page/Filter/FilterByCases_Facet' is clicked on

2021-09-02 23:44:19 - [MESSAGE][PASSED] - Object: 'Object Repository/Bento/Cases_page/Filter/FilterByCases_Facet' is clicked on

2021-09-02 23:44:19 - [TEST_STEP][PASSED] - waitForElementPresent(findTestObject("Canine/Filter/PrimDiseaseSite/PRIMARYDISEASESITE_Ddn"), 5): Object 'Object Repository/Canine/Filter/PrimDiseaseSite/PRIMARYDISEASESITE_Ddn' is present

2021-09-02 23:44:19 - [MESSAGE][PASSED] - Object 'Object Repository/Canine/Filter/PrimDiseaseSite/PRIMARYDISEASESITE_Ddn' is present

2021-09-02 23:44:19 - [TEST_STEP][PASSED] - ctdc.utilities.runtestcaseforKatalon.clickTabCanineStat("Canine/Filter/PrimDiseaseSite/PRIMARYDISEASESITE_Ddn"): ctdc.utilities.runtestcaseforKatalon.clickTabCanineStat is PASSED

2021-09-02 23:44:21 - [MESSAGE][PASSED] - ctdc.utilities.runtestcaseforKatalon.clickTabCanineStat is PASSED

2021-09-02 23:44:21 - [TEST_STEP][PASSED] - ctdc.utilities.runtestcaseforKatalon.clickTabCanineStat("Canine/Filter/PrimDiseaseSite/Lung_Chkbx"): ctdc.utilities.runtestcaseforKatalon.clickTabCanineStat is PASSED

2021-09-02 23:44:22 - [MESSAGE][PASSED] - ctdc.utilities.runtestcaseforKatalon.clickTabCanineStat is PASSED

2021-09-02 23:44:22 - [TEST_STEP][PASSED] - ctdc.utilities.runtestcaseforKatalon.readStatBarCanine("Object Repository/Canine/StatBar/Canine_StatBar-Studies", "Object Repository/Canine/StatBar/Canine_StatBar-Cases", "Object Repository/Canine/StatBar/Canine_StatBar-Samples", "Object Repository/Canine/StatBar/Canine_StatBar-Files", "Object Repository/Canine/StatBar/Canine_StatBar-Aliquots"): ctdc.utilities.runtestcaseforKatalon.readStatBarCanine is PASSED

2021-09-02 23:44:38 - [MESSAGE][PASSED] - ctdc.utilities.runtestcaseforKatalon.readStatBarCanine is PASSED

2021-09-02 23:44:38 - [TEST_STEP][PASSED] - waitForElementPresent(findTestObject("Object Repository/Canine/CanineResults_Cases_Tab"), 5): Object 'Object Repository/Canine/CanineResults_Cases_Tab' is present

2021-09-02 23:44:38 - [MESSAGE][PASSED] - Object 'Object Repository/Canine/CanineResults_Cases_Tab' is present

2021-09-02 23:44:38 - [TEST_STEP][PASSED] - ctdc.utilities.runtestcaseforKatalon.clickTab("Object Repository/Canine/CanineResults_Cases_Tab"): ctdc.utilities.runtestcaseforKatalon.clickTab is PASSED

2021-09-02 23:44:38 - [MESSAGE][PASSED] - ctdc.utilities.runtestcaseforKatalon.clickTab is PASSED

2021-09-02 23:44:38 - [TEST_STEP][PASSED] - ctdc.utilities.runtestcaseforKatalon.multiFunction("ICDC", G_StatBar_Cases, "Object Repository/Canine/Canine_CasesTable", "Object Repository/Canine/Canine_TableHeader", "Object Repository/Canine/Canine_CasesTabNextBtn", G_WebTabnameCases, G_CypherTabnameCases, G_QueryCasesTab): Statbar Arms count matches

2021-09-02 23:45:04 - [MESSAGE][PASSED] - Statbar Files count matches

2021-09-02 23:45:04 - [MESSAGE][PASSED] - Statbar Samples count matches

2021-09-02 23:45:04 - [MESSAGE][PASSED] - Statbar Cases count matches

2021-09-02 23:45:04 - [MESSAGE][PASSED] - Statbar Arms count matches

2021-09-02 23:45:04 - [TEST_STEP][PASSED] - waitForElementPresent(findTestObject("Object Repository/Canine/CanineResults_Samples_Tab"), 5): Object 'Object Repository/Canine/CanineResults_Samples_Tab' is present

2021-09-02 23:45:04 - [MESSAGE][PASSED] - Object 'Object Repository/Canine/CanineResults_Samples_Tab' is present

2021-09-02 23:45:04 - [TEST_STEP][PASSED] - ctdc.utilities.runtestcaseforKatalon.clickTab("Object Repository/Canine/CanineResults_Samples_Tab"): ctdc.utilities.runtestcaseforKatalon.clickTab is PASSED

2021-09-02 23:45:05 - [MESSAGE][PASSED] - ctdc.utilities.runtestcaseforKatalon.clickTab is PASSED

2021-09-02 23:45:05 - [TEST_STEP][PASSED] - ctdc.utilities.runtestcaseforKatalon.multiFunction("ICDC", G_StatBar_Samples, "Object Repository/Canine/Canine_Samples_Table", "Object Repository/Canine/Canine_Samples_TableHdr", "Object Repository/Canine/Canine_SamplesTabNextBtn", G_WebTabnameSamples, G_CypherTabnameSamples, G_QuerySamplesTab): Statbar Arms count matches

2021-09-02 23:45:44 - [MESSAGE][PASSED] - Statbar Files count matches

2021-09-02 23:45:44 - [MESSAGE][PASSED] - Statbar Samples count matches

2021-09-02 23:45:44 - [MESSAGE][PASSED] - Statbar Cases count matches

2021-09-02 23:45:44 - [MESSAGE][PASSED] - Statbar Arms count matches

2021-09-02 23:45:44 - [TEST_STEP][PASSED] - waitForElementPresent(findTestObject("Object Repository/Canine/CanineResults_Files_Tab"), 5): Object 'Object Repository/Canine/CanineResults_Files_Tab' is present

2021-09-02 23:45:44 - [MESSAGE][PASSED] - Object 'Object Repository/Canine/CanineResults_Files_Tab' is present

2021-09-02 23:45:44 - [TEST_STEP][PASSED] - ctdc.utilities.runtestcaseforKatalon.clickTab("Object Repository/Canine/CanineResults_Files_Tab"): ctdc.utilities.runtestcaseforKatalon.clickTab is PASSED

2021-09-02 23:45:45 - [MESSAGE][PASSED] - ctdc.utilities.runtestcaseforKatalon.clickTab is PASSED

2021-09-02 23:45:45 - [TEST_STEP][PASSED] - ctdc.utilities.runtestcaseforKatalon.multiFunction("ICDC", G_StatBar_Files, "Object Repository/Canine/Canine_Files_Table", "Object Repository/Canine/Canine_Files_TableHdr", "Object Repository/Canine/Canine_FilesTabNextBtn", G_WebTabnameFiles, G_CypherTabnameFiles, G_QueryFilesTab): Statbar Arms count matches

2021-09-02 23:46:44 - [MESSAGE][PASSED] - Statbar Files count matches

2021-09-02 23:46:44 - [MESSAGE][PASSED] - Statbar Samples count matches

2021-09-02 23:46:44 - [MESSAGE][PASSED] - Statbar Cases count matches

2021-09-02 23:46:44 - [MESSAGE][PASSED] - Statbar Arms count matches

2021-09-02 23:46:44 - [TEST_STEP][PASSED] - closeBrowser(): Browser is closed

2021-09-02 23:46:44 - [MESSAGE][PASSED] - Browser is closed]]></system-out>
         <system-err><![CDATA[]]></system-err>
      </testcase>
      <testcase name="Test Cases/Canine_TestCases/RespToTreatment/TC02_Canine_Filter_RespToTrtmt-NotDetermined" time="42.362" classname="Test Cases/Canine_TestCases/RespToTreatment/TC02_Canine_Filter_RespToTrtmt-NotDetermined" status="FAILED">
         <failure type="FAILED" message="Test Cases/Canine_TestCases/RespToTreatment/TC02_Canine_Filter_RespToTrtmt-NotDetermined FAILED.
Reason:
com.kms.katalon.core.exception.StepFailedException: Unable to click on object 'Object Repository/Canine/Filter/ResponseToTreatment/RESPONSETOTREATMENT_Ddn'
	at com.kms.katalon.core.webui.keyword.internal.WebUIKeywordMain.stepFailed(WebUIKeywordMain.groovy:64)
	at com.kms.katalon.core.webui.keyword.internal.WebUIKeywordMain.runKeyword(WebUIKeywordMain.groovy:26)
	at com.kms.katalon.core.webui.keyword.builtin.ClickKeyword.click(ClickKeyword.groovy:75)
	at com.kms.katalon.core.webui.keyword.builtin.ClickKeyword.execute(ClickKeyword.groovy:42)
	at com.kms.katalon.core.keyword.internal.KeywordExecutor.executeKeywordForPlatform(KeywordExecutor.groovy:73)
	at com.kms.katalon.core.webui.keyword.WebUiBuiltInKeywords.click(WebUiBuiltInKeywords.groovy:620)
	at com.kms.katalon.core.webui.keyword.WebUiBuiltInKeywords$click$1.call(Unknown Source)
	at TC02_Canine_Filter_RespToTrtmt-NotDetermined.run(TC02_Canine_Filter_RespToTrtmt-NotDetermined:55)
	at com.kms.katalon.core.main.ScriptEngine.run(ScriptEngine.java:194)
	at com.kms.katalon.core.main.ScriptEngine.runScriptAsRawText(ScriptEngine.java:119)
	at com.kms.katalon.core.main.TestCaseExecutor.runScript(TestCaseExecutor.java:369)
	at com.kms.katalon.core.main.TestCaseExecutor.doExecute(TestCaseExecutor.java:360)
	at com.kms.katalon.core.main.TestCaseExecutor.processExecutionPhase(TestCaseExecutor.java:339)
	at com.kms.katalon.core.main.TestCaseExecutor.accessMainPhase(TestCaseExecutor.java:331)
	at com.kms.katalon.core.main.TestCaseExecutor.execute(TestCaseExecutor.java:248)
	at com.kms.katalon.core.main.TestSuiteExecutor.accessTestCaseMainPhase(TestSuiteExecutor.java:191)
	at com.kms.katalon.core.main.TestSuiteExecutor.accessTestSuiteMainPhase(TestSuiteExecutor.java:140)
	at com.kms.katalon.core.main.TestSuiteExecutor.execute(TestSuiteExecutor.java:89)
	at com.kms.katalon.core.main.TestCaseMain.startTestSuite(TestCaseMain.java:185)
	at com.kms.katalon.core.main.TestCaseMain$startTestSuite$0.call(Unknown Source)
	at TempTestSuite1630631579924.run(TempTestSuite1630631579924.groovy:39)
Caused by: org.openqa.selenium.ElementNotInteractableException: element not interactable
  (Session info: headless chrome=92.0.4515.159)
Build info: version: '3.141.59', revision: 'e82be7d358', time: '2018-11-14T08:25:53'
System info: host: 'NCI-02195104-L', ip: '192.168.0.86', os.name: 'Windows 10', os.arch: 'amd64', os.version: '10.0', java.version: '1.8.0_181'
Driver info: org.openqa.selenium.chrome.ChromeDriver
Capabilities {acceptInsecureCerts: false, browserName: chrome, browserVersion: 92.0.4515.159, chrome: {chromedriverVersion: 92.0.4515.107 (87a818b10553..., userDataDir: C:\Users\sohilz2\AppData\Lo...}, goog:chromeOptions: {debuggerAddress: localhost:64727}, javascriptEnabled: true, networkConnectionEnabled: false, pageLoadStrategy: normal, platform: WINDOWS, platformName: WINDOWS, proxy: Proxy(), setWindowRect: true, strictFileInteractability: false, timeouts: {implicit: 0, pageLoad: 300000, script: 30000}, unhandledPromptBehavior: dismiss and notify, webauthn:extension:credBlob: true, webauthn:extension:largeBlob: true, webauthn:virtualAuthenticators: true}
Session ID: 2f6b27b4d9c1a407a7c54b51acaa620d
	at org.openqa.selenium.remote.http.W3CHttpResponseCodec.createException(W3CHttpResponseCodec.java:187)
	at org.openqa.selenium.remote.http.W3CHttpResponseCodec.decode(W3CHttpResponseCodec.java:122)
	at org.openqa.selenium.remote.http.W3CHttpResponseCodec.decode(W3CHttpResponseCodec.java:49)
	at org.openqa.selenium.remote.HttpCommandExecutor.execute(HttpCommandExecutor.java:158)
	at org.openqa.selenium.remote.service.DriverCommandExecutor.execute(DriverCommandExecutor.java:83)
	at org.openqa.selenium.remote.RemoteWebDriver.execute(RemoteWebDriver.java:552)
	at org.openqa.selenium.remote.RemoteWebElement.execute(RemoteWebElement.java:285)
	at org.openqa.selenium.remote.RemoteWebElement.click(RemoteWebElement.java:84)
	at org.openqa.selenium.support.events.EventFiringWebDriver$EventFiringWebElement.lambda$new$0(EventFiringWebDriver.java:404)
	at com.sun.proxy.$Proxy15.click(Unknown Source)
	at org.openqa.selenium.support.events.EventFiringWebDriver$EventFiringWebElement.click(EventFiringWebDriver.java:417)
	at com.kms.katalon.core.webui.keyword.builtin.ClickKeyword$_click_closure1.doCall(ClickKeyword.groovy:68)
	at com.kms.katalon.core.webui.keyword.builtin.ClickKeyword$_click_closure1.call(ClickKeyword.groovy)
	at com.kms.katalon.core.webui.keyword.internal.WebUIKeywordMain.runKeyword(WebUIKeywordMain.groovy:20)
	... 19 more
"/>
         <system-out><![CDATA[2021-09-02 23:46:44 - [TEST_CASE][FAILED] - Test Cases/Canine_TestCases/RespToTreatment/TC02_Canine_Filter_RespToTrtmt-NotDetermined: Test Cases/Canine_TestCases/RespToTreatment/TC02_Canine_Filter_RespToTrtmt-NotDetermined FAILED.
Reason:
com.kms.katalon.core.exception.StepFailedException: Unable to click on object 'Object Repository/Canine/Filter/ResponseToTreatment/RESPONSETOTREATMENT_Ddn'
	at com.kms.katalon.core.webui.keyword.internal.WebUIKeywordMain.stepFailed(WebUIKeywordMain.groovy:64)
	at com.kms.katalon.core.webui.keyword.internal.WebUIKeywordMain.runKeyword(WebUIKeywordMain.groovy:26)
	at com.kms.katalon.core.webui.keyword.builtin.ClickKeyword.click(ClickKeyword.groovy:75)
	at com.kms.katalon.core.webui.keyword.builtin.ClickKeyword.execute(ClickKeyword.groovy:42)
	at com.kms.katalon.core.keyword.internal.KeywordExecutor.executeKeywordForPlatform(KeywordExecutor.groovy:73)
	at com.kms.katalon.core.webui.keyword.WebUiBuiltInKeywords.click(WebUiBuiltInKeywords.groovy:620)
	at com.kms.katalon.core.webui.keyword.WebUiBuiltInKeywords$click$1.call(Unknown Source)
	at TC02_Canine_Filter_RespToTrtmt-NotDetermined.run(TC02_Canine_Filter_RespToTrtmt-NotDetermined:55)
	at com.kms.katalon.core.main.ScriptEngine.run(ScriptEngine.java:194)
	at com.kms.katalon.core.main.ScriptEngine.runScriptAsRawText(ScriptEngine.java:119)
	at com.kms.katalon.core.main.TestCaseExecutor.runScript(TestCaseExecutor.java:369)
	at com.kms.katalon.core.main.TestCaseExecutor.doExecute(TestCaseExecutor.java:360)
	at com.kms.katalon.core.main.TestCaseExecutor.processExecutionPhase(TestCaseExecutor.java:339)
	at com.kms.katalon.core.main.TestCaseExecutor.accessMainPhase(TestCaseExecutor.java:331)
	at com.kms.katalon.core.main.TestCaseExecutor.execute(TestCaseExecutor.java:248)
	at com.kms.katalon.core.main.TestSuiteExecutor.accessTestCaseMainPhase(TestSuiteExecutor.java:191)
	at com.kms.katalon.core.main.TestSuiteExecutor.accessTestSuiteMainPhase(TestSuiteExecutor.java:140)
	at com.kms.katalon.core.main.TestSuiteExecutor.execute(TestSuiteExecutor.java:89)
	at com.kms.katalon.core.main.TestCaseMain.startTestSuite(TestCaseMain.java:185)
	at com.kms.katalon.core.main.TestCaseMain$startTestSuite$0.call(Unknown Source)
	at TempTestSuite1630631579924.run(TempTestSuite1630631579924.groovy:39)
Caused by: org.openqa.selenium.ElementNotInteractableException: element not interactable
  (Session info: headless chrome=92.0.4515.159)
Build info: version: '3.141.59', revision: 'e82be7d358', time: '2018-11-14T08:25:53'
System info: host: 'NCI-02195104-L', ip: '192.168.0.86', os.name: 'Windows 10', os.arch: 'amd64', os.version: '10.0', java.version: '1.8.0_181'
Driver info: org.openqa.selenium.chrome.ChromeDriver
Capabilities {acceptInsecureCerts: false, browserName: chrome, browserVersion: 92.0.4515.159, chrome: {chromedriverVersion: 92.0.4515.107 (87a818b10553..., userDataDir: C:\Users\sohilz2\AppData\Lo...}, goog:chromeOptions: {debuggerAddress: localhost:64727}, javascriptEnabled: true, networkConnectionEnabled: false, pageLoadStrategy: normal, platform: WINDOWS, platformName: WINDOWS, proxy: Proxy(), setWindowRect: true, strictFileInteractability: false, timeouts: {implicit: 0, pageLoad: 300000, script: 30000}, unhandledPromptBehavior: dismiss and notify, webauthn:extension:credBlob: true, webauthn:extension:largeBlob: true, webauthn:virtualAuthenticators: true}
Session ID: 2f6b27b4d9c1a407a7c54b51acaa620d
	at org.openqa.selenium.remote.http.W3CHttpResponseCodec.createException(W3CHttpResponseCodec.java:187)
	at org.openqa.selenium.remote.http.W3CHttpResponseCodec.decode(W3CHttpResponseCodec.java:122)
	at org.openqa.selenium.remote.http.W3CHttpResponseCodec.decode(W3CHttpResponseCodec.java:49)
	at org.openqa.selenium.remote.HttpCommandExecutor.execute(HttpCommandExecutor.java:158)
	at org.openqa.selenium.remote.service.DriverCommandExecutor.execute(DriverCommandExecutor.java:83)
	at org.openqa.selenium.remote.RemoteWebDriver.execute(RemoteWebDriver.java:552)
	at org.openqa.selenium.remote.RemoteWebElement.execute(RemoteWebElement.java:285)
	at org.openqa.selenium.remote.RemoteWebElement.click(RemoteWebElement.java:84)
	at org.openqa.selenium.support.events.EventFiringWebDriver$EventFiringWebElement.lambda$new$0(EventFiringWebDriver.java:404)
	at com.sun.proxy.$Proxy15.click(Unknown Source)
	at org.openqa.selenium.support.events.EventFiringWebDriver$EventFiringWebElement.click(EventFiringWebDriver.java:417)
	at com.kms.katalon.core.webui.keyword.builtin.ClickKeyword$_click_closure1.doCall(ClickKeyword.groovy:68)
	at com.kms.katalon.core.webui.keyword.builtin.ClickKeyword$_click_closure1.call(ClickKeyword.groovy)
	at com.kms.katalon.core.webui.keyword.internal.WebUIKeywordMain.runKeyword(WebUIKeywordMain.groovy:20)
	... 19 more


2021-09-02 23:46:44 - [TEST_STEP][PASSED] - Start listener action : getTestScriptName: null

2021-09-02 23:46:44 - [TEST_STEP][PASSED] - TestCaseId = testCaseContext.getTestCaseId(): null

2021-09-02 23:46:44 - [TEST_STEP][PASSED] - out.println("**********this is the value of test case id string******** " + testCaseContext.getTestCaseId()): null

2021-09-02 23:46:44 - [TEST_STEP][PASSED] - G_currentTCName = TestCaseId.substring(TestCaseId.lastIndexOf("TC")): null

2021-09-02 23:46:44 - [TEST_STEP][PASSED] - out.println("This is the test case name : " + G_currentTCName): null

2021-09-02 23:46:45 - [TEST_STEP][PASSED] - closeBrowser(): Browser is closed

2021-09-02 23:46:45 - [MESSAGE][PASSED] - Browser is closed

2021-09-02 23:46:45 - [TEST_STEP][PASSED] - ctdc.utilities.runtestcaseforKatalon.RunKatalon("TC02_Canine_Filter_RespToTrtmt-NotDetermined.xlsx"): Data loaded from input file for the test case. 

2021-09-02 23:46:45 - [MESSAGE][PASSED] - Test case file loaded This is the full filepath after converting to string :C:\Users\sohilz2\Commons_Automation\InputFiles\TC02_Canine_Filter_RespToTrtmt-NotDetermined.xlsx

2021-09-02 23:46:45 - [MESSAGE][INFO] - Global variable set for password file is :  C:\Users\sohilz2\Commons_Automation\InputFiles\TC02_Canine_Filter_RespToTrtmt-NotDetermined.xlsx

2021-09-02 23:46:49 - [MESSAGE][PASSED] - Data loaded from input file for the test case. 

2021-09-02 23:46:55 - [TEST_STEP][PASSED] - waitForElementPresent(findTestObject("Canine/NavBar/Canine_Cases_Btn"), 5): Object 'Object Repository/Canine/NavBar/Canine_Cases_Btn' is present

2021-09-02 23:46:55 - [MESSAGE][PASSED] - Object 'Object Repository/Canine/NavBar/Canine_Cases_Btn' is present

2021-09-02 23:46:55 - [TEST_STEP][PASSED] - click(findTestObject("Canine/NavBar/Canine_Cases_Btn")): Object: 'Object Repository/Canine/NavBar/Canine_Cases_Btn' is clicked on

2021-09-02 23:46:55 - [MESSAGE][PASSED] - Object: 'Object Repository/Canine/NavBar/Canine_Cases_Btn' is clicked on

2021-09-02 23:46:55 - [TEST_STEP][PASSED] - waitForElementPresent(findTestObject("Canine/Filter/ResponseToTreatment/RESPONSETOTREATMENT_Ddn"), 5): Object 'Object Repository/Canine/Filter/ResponseToTreatment/RESPONSETOTREATMENT_Ddn' is present

2021-09-02 23:46:56 - [MESSAGE][PASSED] - Object 'Object Repository/Canine/Filter/ResponseToTreatment/RESPONSETOTREATMENT_Ddn' is present

2021-09-02 23:46:56 - [TEST_STEP][FAILED] - click(findTestObject("Canine/Filter/ResponseToTreatment/RESPONSETOTREATMENT_Ddn")): Unable to click on object 'Object Repository/Canine/Filter/ResponseToTreatment/RESPONSETOTREATMENT_Ddn' (Root cause: com.kms.katalon.core.exception.StepFailedException: Unable to click on object 'Object Repository/Canine/Filter/ResponseToTreatment/RESPONSETOTREATMENT_Ddn'
	at com.kms.katalon.core.webui.keyword.internal.WebUIKeywordMain.stepFailed(WebUIKeywordMain.groovy:64)
	at com.kms.katalon.core.webui.keyword.internal.WebUIKeywordMain.runKeyword(WebUIKeywordMain.groovy:26)
	at com.kms.katalon.core.webui.keyword.builtin.ClickKeyword.click(ClickKeyword.groovy:75)
	at com.kms.katalon.core.webui.keyword.builtin.ClickKeyword.execute(ClickKeyword.groovy:42)
	at com.kms.katalon.core.keyword.internal.KeywordExecutor.executeKeywordForPlatform(KeywordExecutor.groovy:73)
	at com.kms.katalon.core.webui.keyword.WebUiBuiltInKeywords.click(WebUiBuiltInKeywords.groovy:620)
	at com.kms.katalon.core.webui.keyword.WebUiBuiltInKeywords$click$1.call(Unknown Source)
	at TC02_Canine_Filter_RespToTrtmt-NotDetermined.run(TC02_Canine_Filter_RespToTrtmt-NotDetermined:55)
	at com.kms.katalon.core.main.ScriptEngine.run(ScriptEngine.java:194)
	at com.kms.katalon.core.main.ScriptEngine.runScriptAsRawText(ScriptEngine.java:119)
	at com.kms.katalon.core.main.TestCaseExecutor.runScript(TestCaseExecutor.java:369)
	at com.kms.katalon.core.main.TestCaseExecutor.doExecute(TestCaseExecutor.java:360)
	at com.kms.katalon.core.main.TestCaseExecutor.processExecutionPhase(TestCaseExecutor.java:339)
	at com.kms.katalon.core.main.TestCaseExecutor.accessMainPhase(TestCaseExecutor.java:331)
	at com.kms.katalon.core.main.TestCaseExecutor.execute(TestCaseExecutor.java:248)
	at com.kms.katalon.core.main.TestSuiteExecutor.accessTestCaseMainPhase(TestSuiteExecutor.java:191)
	at com.kms.katalon.core.main.TestSuiteExecutor.accessTestSuiteMainPhase(TestSuiteExecutor.java:140)
	at com.kms.katalon.core.main.TestSuiteExecutor.execute(TestSuiteExecutor.java:89)
	at com.kms.katalon.core.main.TestCaseMain.startTestSuite(TestCaseMain.java:185)
	at com.kms.katalon.core.main.TestCaseMain$startTestSuite$0.call(Unknown Source)
	at TempTestSuite1630631579924.run(TempTestSuite1630631579924.groovy:39)
Caused by: org.openqa.selenium.ElementNotInteractableException: element not interactable
  (Session info: headless chrome=92.0.4515.159)
Build info: version: '3.141.59', revision: 'e82be7d358', time: '2018-11-14T08:25:53'
System info: host: 'NCI-02195104-L', ip: '192.168.0.86', os.name: 'Windows 10', os.arch: 'amd64', os.version: '10.0', java.version: '1.8.0_181'
Driver info: org.openqa.selenium.chrome.ChromeDriver
Capabilities {acceptInsecureCerts: false, browserName: chrome, browserVersion: 92.0.4515.159, chrome: {chromedriverVersion: 92.0.4515.107 (87a818b10553..., userDataDir: C:\Users\sohilz2\AppData\Lo...}, goog:chromeOptions: {debuggerAddress: localhost:64727}, javascriptEnabled: true, networkConnectionEnabled: false, pageLoadStrategy: normal, platform: WINDOWS, platformName: WINDOWS, proxy: Proxy(), setWindowRect: true, strictFileInteractability: false, timeouts: {implicit: 0, pageLoad: 300000, script: 30000}, unhandledPromptBehavior: dismiss and notify, webauthn:extension:credBlob: true, webauthn:extension:largeBlob: true, webauthn:virtualAuthenticators: true}
Session ID: 2f6b27b4d9c1a407a7c54b51acaa620d
	at org.openqa.selenium.remote.http.W3CHttpResponseCodec.createException(W3CHttpResponseCodec.java:187)
	at org.openqa.selenium.remote.http.W3CHttpResponseCodec.decode(W3CHttpResponseCodec.java:122)
	at org.openqa.selenium.remote.http.W3CHttpResponseCodec.decode(W3CHttpResponseCodec.java:49)
	at org.openqa.selenium.remote.HttpCommandExecutor.execute(HttpCommandExecutor.java:158)
	at org.openqa.selenium.remote.service.DriverCommandExecutor.execute(DriverCommandExecutor.java:83)
	at org.openqa.selenium.remote.RemoteWebDriver.execute(RemoteWebDriver.java:552)
	at org.openqa.selenium.remote.RemoteWebElement.execute(RemoteWebElement.java:285)
	at org.openqa.selenium.remote.RemoteWebElement.click(RemoteWebElement.java:84)
	at org.openqa.selenium.support.events.EventFiringWebDriver$EventFiringWebElement.lambda$new$0(EventFiringWebDriver.java:404)
	at com.sun.proxy.$Proxy15.click(Unknown Source)
	at org.openqa.selenium.support.events.EventFiringWebDriver$EventFiringWebElement.click(EventFiringWebDriver.java:417)
	at com.kms.katalon.core.webui.keyword.builtin.ClickKeyword$_click_closure1.doCall(ClickKeyword.groovy:68)
	at com.kms.katalon.core.webui.keyword.builtin.ClickKeyword$_click_closure1.call(ClickKeyword.groovy)
	at com.kms.katalon.core.webui.keyword.internal.WebUIKeywordMain.runKeyword(WebUIKeywordMain.groovy:20)
	at com.kms.katalon.core.webui.keyword.builtin.ClickKeyword.click(ClickKeyword.groovy:75)
	at com.kms.katalon.core.webui.keyword.builtin.ClickKeyword.execute(ClickKeyword.groovy:42)
	at com.kms.katalon.core.keyword.internal.KeywordExecutor.executeKeywordForPlatform(KeywordExecutor.groovy:73)
	at com.kms.katalon.core.webui.keyword.WebUiBuiltInKeywords.click(WebUiBuiltInKeywords.groovy:620)
	at com.kms.katalon.core.webui.keyword.WebUiBuiltInKeywords$click$1.call(Unknown Source)
	at Script1600232493571.run(Script1600232493571.groovy:55)
	... 13 more
)

2021-09-02 23:47:27 - [MESSAGE][FAILED] - Unable to click on object 'Object Repository/Canine/Filter/ResponseToTreatment/RESPONSETOTREATMENT_Ddn' (Root cause: com.kms.katalon.core.exception.StepFailedException: Unable to click on object 'Object Repository/Canine/Filter/ResponseToTreatment/RESPONSETOTREATMENT_Ddn'
	at com.kms.katalon.core.webui.keyword.internal.WebUIKeywordMain.stepFailed(WebUIKeywordMain.groovy:64)
	at com.kms.katalon.core.webui.keyword.internal.WebUIKeywordMain.runKeyword(WebUIKeywordMain.groovy:26)
	at com.kms.katalon.core.webui.keyword.builtin.ClickKeyword.click(ClickKeyword.groovy:75)
	at com.kms.katalon.core.webui.keyword.builtin.ClickKeyword.execute(ClickKeyword.groovy:42)
	at com.kms.katalon.core.keyword.internal.KeywordExecutor.executeKeywordForPlatform(KeywordExecutor.groovy:73)
	at com.kms.katalon.core.webui.keyword.WebUiBuiltInKeywords.click(WebUiBuiltInKeywords.groovy:620)
	at com.kms.katalon.core.webui.keyword.WebUiBuiltInKeywords$click$1.call(Unknown Source)
	at TC02_Canine_Filter_RespToTrtmt-NotDetermined.run(TC02_Canine_Filter_RespToTrtmt-NotDetermined:55)
	at com.kms.katalon.core.main.ScriptEngine.run(ScriptEngine.java:194)
	at com.kms.katalon.core.main.ScriptEngine.runScriptAsRawText(ScriptEngine.java:119)
	at com.kms.katalon.core.main.TestCaseExecutor.runScript(TestCaseExecutor.java:369)
	at com.kms.katalon.core.main.TestCaseExecutor.doExecute(TestCaseExecutor.java:360)
	at com.kms.katalon.core.main.TestCaseExecutor.processExecutionPhase(TestCaseExecutor.java:339)
	at com.kms.katalon.core.main.TestCaseExecutor.accessMainPhase(TestCaseExecutor.java:331)
	at com.kms.katalon.core.main.TestCaseExecutor.execute(TestCaseExecutor.java:248)
	at com.kms.katalon.core.main.TestSuiteExecutor.accessTestCaseMainPhase(TestSuiteExecutor.java:191)
	at com.kms.katalon.core.main.TestSuiteExecutor.accessTestSuiteMainPhase(TestSuiteExecutor.java:140)
	at com.kms.katalon.core.main.TestSuiteExecutor.execute(TestSuiteExecutor.java:89)
	at com.kms.katalon.core.main.TestCaseMain.startTestSuite(TestCaseMain.java:185)
	at com.kms.katalon.core.main.TestCaseMain$startTestSuite$0.call(Unknown Source)
	at TempTestSuite1630631579924.run(TempTestSuite1630631579924.groovy:39)
Caused by: org.openqa.selenium.ElementNotInteractableException: element not interactable
  (Session info: headless chrome=92.0.4515.159)
Build info: version: '3.141.59', revision: 'e82be7d358', time: '2018-11-14T08:25:53'
System info: host: 'NCI-02195104-L', ip: '192.168.0.86', os.name: 'Windows 10', os.arch: 'amd64', os.version: '10.0', java.version: '1.8.0_181'
Driver info: org.openqa.selenium.chrome.ChromeDriver
Capabilities {acceptInsecureCerts: false, browserName: chrome, browserVersion: 92.0.4515.159, chrome: {chromedriverVersion: 92.0.4515.107 (87a818b10553..., userDataDir: C:\Users\sohilz2\AppData\Lo...}, goog:chromeOptions: {debuggerAddress: localhost:64727}, javascriptEnabled: true, networkConnectionEnabled: false, pageLoadStrategy: normal, platform: WINDOWS, platformName: WINDOWS, proxy: Proxy(), setWindowRect: true, strictFileInteractability: false, timeouts: {implicit: 0, pageLoad: 300000, script: 30000}, unhandledPromptBehavior: dismiss and notify, webauthn:extension:credBlob: true, webauthn:extension:largeBlob: true, webauthn:virtualAuthenticators: true}
Session ID: 2f6b27b4d9c1a407a7c54b51acaa620d
	at org.openqa.selenium.remote.http.W3CHttpResponseCodec.createException(W3CHttpResponseCodec.java:187)
	at org.openqa.selenium.remote.http.W3CHttpResponseCodec.decode(W3CHttpResponseCodec.java:122)
	at org.openqa.selenium.remote.http.W3CHttpResponseCodec.decode(W3CHttpResponseCodec.java:49)
	at org.openqa.selenium.remote.HttpCommandExecutor.execute(HttpCommandExecutor.java:158)
	at org.openqa.selenium.remote.service.DriverCommandExecutor.execute(DriverCommandExecutor.java:83)
	at org.openqa.selenium.remote.RemoteWebDriver.execute(RemoteWebDriver.java:552)
	at org.openqa.selenium.remote.RemoteWebElement.execute(RemoteWebElement.java:285)
	at org.openqa.selenium.remote.RemoteWebElement.click(RemoteWebElement.java:84)
	at org.openqa.selenium.support.events.EventFiringWebDriver$EventFiringWebElement.lambda$new$0(EventFiringWebDriver.java:404)
	at com.sun.proxy.$Proxy15.click(Unknown Source)
	at org.openqa.selenium.support.events.EventFiringWebDriver$EventFiringWebElement.click(EventFiringWebDriver.java:417)
	at com.kms.katalon.core.webui.keyword.builtin.ClickKeyword$_click_closure1.doCall(ClickKeyword.groovy:68)
	at com.kms.katalon.core.webui.keyword.builtin.ClickKeyword$_click_closure1.call(ClickKeyword.groovy)
	at com.kms.katalon.core.webui.keyword.internal.WebUIKeywordMain.runKeyword(WebUIKeywordMain.groovy:20)
	at com.kms.katalon.core.webui.keyword.builtin.ClickKeyword.click(ClickKeyword.groovy:75)
	at com.kms.katalon.core.webui.keyword.builtin.ClickKeyword.execute(ClickKeyword.groovy:42)
	at com.kms.katalon.core.keyword.internal.KeywordExecutor.executeKeywordForPlatform(KeywordExecutor.groovy:73)
	at com.kms.katalon.core.webui.keyword.WebUiBuiltInKeywords.click(WebUiBuiltInKeywords.groovy:620)
	at com.kms.katalon.core.webui.keyword.WebUiBuiltInKeywords$click$1.call(Unknown Source)
	at Script1600232493571.run(Script1600232493571.groovy:55)
	... 13 more
)]]></system-out>
         <system-err><![CDATA[2021-09-02 23:46:44 - [TEST_CASE][FAILED] - Test Cases/Canine_TestCases/RespToTreatment/TC02_Canine_Filter_RespToTrtmt-NotDetermined: Test Cases/Canine_TestCases/RespToTreatment/TC02_Canine_Filter_RespToTrtmt-NotDetermined FAILED.
Reason:
com.kms.katalon.core.exception.StepFailedException: Unable to click on object 'Object Repository/Canine/Filter/ResponseToTreatment/RESPONSETOTREATMENT_Ddn'
	at com.kms.katalon.core.webui.keyword.internal.WebUIKeywordMain.stepFailed(WebUIKeywordMain.groovy:64)
	at com.kms.katalon.core.webui.keyword.internal.WebUIKeywordMain.runKeyword(WebUIKeywordMain.groovy:26)
	at com.kms.katalon.core.webui.keyword.builtin.ClickKeyword.click(ClickKeyword.groovy:75)
	at com.kms.katalon.core.webui.keyword.builtin.ClickKeyword.execute(ClickKeyword.groovy:42)
	at com.kms.katalon.core.keyword.internal.KeywordExecutor.executeKeywordForPlatform(KeywordExecutor.groovy:73)
	at com.kms.katalon.core.webui.keyword.WebUiBuiltInKeywords.click(WebUiBuiltInKeywords.groovy:620)
	at com.kms.katalon.core.webui.keyword.WebUiBuiltInKeywords$click$1.call(Unknown Source)
	at TC02_Canine_Filter_RespToTrtmt-NotDetermined.run(TC02_Canine_Filter_RespToTrtmt-NotDetermined:55)
	at com.kms.katalon.core.main.ScriptEngine.run(ScriptEngine.java:194)
	at com.kms.katalon.core.main.ScriptEngine.runScriptAsRawText(ScriptEngine.java:119)
	at com.kms.katalon.core.main.TestCaseExecutor.runScript(TestCaseExecutor.java:369)
	at com.kms.katalon.core.main.TestCaseExecutor.doExecute(TestCaseExecutor.java:360)
	at com.kms.katalon.core.main.TestCaseExecutor.processExecutionPhase(TestCaseExecutor.java:339)
	at com.kms.katalon.core.main.TestCaseExecutor.accessMainPhase(TestCaseExecutor.java:331)
	at com.kms.katalon.core.main.TestCaseExecutor.execute(TestCaseExecutor.java:248)
	at com.kms.katalon.core.main.TestSuiteExecutor.accessTestCaseMainPhase(TestSuiteExecutor.java:191)
	at com.kms.katalon.core.main.TestSuiteExecutor.accessTestSuiteMainPhase(TestSuiteExecutor.java:140)
	at com.kms.katalon.core.main.TestSuiteExecutor.execute(TestSuiteExecutor.java:89)
	at com.kms.katalon.core.main.TestCaseMain.startTestSuite(TestCaseMain.java:185)
	at com.kms.katalon.core.main.TestCaseMain$startTestSuite$0.call(Unknown Source)
	at TempTestSuite1630631579924.run(TempTestSuite1630631579924.groovy:39)
Caused by: org.openqa.selenium.ElementNotInteractableException: element not interactable
  (Session info: headless chrome=92.0.4515.159)
Build info: version: '3.141.59', revision: 'e82be7d358', time: '2018-11-14T08:25:53'
System info: host: 'NCI-02195104-L', ip: '192.168.0.86', os.name: 'Windows 10', os.arch: 'amd64', os.version: '10.0', java.version: '1.8.0_181'
Driver info: org.openqa.selenium.chrome.ChromeDriver
Capabilities {acceptInsecureCerts: false, browserName: chrome, browserVersion: 92.0.4515.159, chrome: {chromedriverVersion: 92.0.4515.107 (87a818b10553..., userDataDir: C:\Users\sohilz2\AppData\Lo...}, goog:chromeOptions: {debuggerAddress: localhost:64727}, javascriptEnabled: true, networkConnectionEnabled: false, pageLoadStrategy: normal, platform: WINDOWS, platformName: WINDOWS, proxy: Proxy(), setWindowRect: true, strictFileInteractability: false, timeouts: {implicit: 0, pageLoad: 300000, script: 30000}, unhandledPromptBehavior: dismiss and notify, webauthn:extension:credBlob: true, webauthn:extension:largeBlob: true, webauthn:virtualAuthenticators: true}
Session ID: 2f6b27b4d9c1a407a7c54b51acaa620d
	at org.openqa.selenium.remote.http.W3CHttpResponseCodec.createException(W3CHttpResponseCodec.java:187)
	at org.openqa.selenium.remote.http.W3CHttpResponseCodec.decode(W3CHttpResponseCodec.java:122)
	at org.openqa.selenium.remote.http.W3CHttpResponseCodec.decode(W3CHttpResponseCodec.java:49)
	at org.openqa.selenium.remote.HttpCommandExecutor.execute(HttpCommandExecutor.java:158)
	at org.openqa.selenium.remote.service.DriverCommandExecutor.execute(DriverCommandExecutor.java:83)
	at org.openqa.selenium.remote.RemoteWebDriver.execute(RemoteWebDriver.java:552)
	at org.openqa.selenium.remote.RemoteWebElement.execute(RemoteWebElement.java:285)
	at org.openqa.selenium.remote.RemoteWebElement.click(RemoteWebElement.java:84)
	at org.openqa.selenium.support.events.EventFiringWebDriver$EventFiringWebElement.lambda$new$0(EventFiringWebDriver.java:404)
	at com.sun.proxy.$Proxy15.click(Unknown Source)
	at org.openqa.selenium.support.events.EventFiringWebDriver$EventFiringWebElement.click(EventFiringWebDriver.java:417)
	at com.kms.katalon.core.webui.keyword.builtin.ClickKeyword$_click_closure1.doCall(ClickKeyword.groovy:68)
	at com.kms.katalon.core.webui.keyword.builtin.ClickKeyword$_click_closure1.call(ClickKeyword.groovy)
	at com.kms.katalon.core.webui.keyword.internal.WebUIKeywordMain.runKeyword(WebUIKeywordMain.groovy:20)
	... 19 more]]></system-err>
      </testcase>
      <testcase name="Test Cases/Canine_TestCases/SamplePathology/TC11_Canine_Filter_SamplePatho-Undefined" time="151.495" classname="Test Cases/Canine_TestCases/SamplePathology/TC11_Canine_Filter_SamplePatho-Undefined" status="PASSED">
         <system-out><![CDATA[2021-09-02 23:47:27 - [TEST_CASE][PASSED] - Test Cases/Canine_TestCases/SamplePathology/TC11_Canine_Filter_SamplePatho-Undefined: Test Cases/Canine_TestCases/SamplePathology/TC11_Canine_Filter_SamplePatho-Undefined

2021-09-02 23:47:27 - [TEST_STEP][PASSED] - Start listener action : getTestScriptName: null

2021-09-02 23:47:27 - [TEST_STEP][PASSED] - TestCaseId = testCaseContext.getTestCaseId(): null

2021-09-02 23:47:27 - [TEST_STEP][PASSED] - out.println("**********this is the value of test case id string******** " + testCaseContext.getTestCaseId()): null

2021-09-02 23:47:27 - [TEST_STEP][PASSED] - G_currentTCName = TestCaseId.substring(TestCaseId.lastIndexOf("TC")): null

2021-09-02 23:47:27 - [TEST_STEP][PASSED] - out.println("This is the test case name : " + G_currentTCName): null

2021-09-02 23:47:27 - [TEST_STEP][PASSED] - closeBrowser(): Browser is closed

2021-09-02 23:47:28 - [MESSAGE][PASSED] - Browser is closed

2021-09-02 23:47:28 - [TEST_STEP][PASSED] - ctdc.utilities.runtestcaseforKatalon.RunKatalon("TC11_Canine_Filter_SamplePatho-Undefined.xlsx"): Data loaded from input file for the test case. 

2021-09-02 23:47:28 - [MESSAGE][PASSED] - Test case file loaded This is the full filepath after converting to string :C:\Users\sohilz2\Commons_Automation\InputFiles\TC11_Canine_Filter_SamplePatho-Undefined.xlsx

2021-09-02 23:47:28 - [MESSAGE][INFO] - Global variable set for password file is :  C:\Users\sohilz2\Commons_Automation\InputFiles\TC11_Canine_Filter_SamplePatho-Undefined.xlsx

2021-09-02 23:47:32 - [MESSAGE][PASSED] - Data loaded from input file for the test case. 

2021-09-02 23:47:38 - [TEST_STEP][PASSED] - click(findTestObject("Canine/NavBar/Canine_Cases_Btn")): Object: 'Object Repository/Canine/NavBar/Canine_Cases_Btn' is clicked on

2021-09-02 23:47:38 - [MESSAGE][PASSED] - Object: 'Object Repository/Canine/NavBar/Canine_Cases_Btn' is clicked on

2021-09-02 23:47:38 - [TEST_STEP][PASSED] - click(findTestObject("Bento/Cases_page/Filter/FilterBySamples_Facet")): Object: 'Object Repository/Bento/Cases_page/Filter/FilterBySamples_Facet' is clicked on

2021-09-02 23:47:40 - [MESSAGE][PASSED] - Object: 'Object Repository/Bento/Cases_page/Filter/FilterBySamples_Facet' is clicked on

2021-09-02 23:47:40 - [TEST_STEP][PASSED] - waitForElementPresent(findTestObject("Object Repository/Canine/Filter/SamplePathology/SAMPLEPATHOLOGY_Ddn"), 5): Object 'Object Repository/Canine/Filter/SamplePathology/SAMPLEPATHOLOGY_Ddn' is present

2021-09-02 23:47:40 - [MESSAGE][PASSED] - Object 'Object Repository/Canine/Filter/SamplePathology/SAMPLEPATHOLOGY_Ddn' is present

2021-09-02 23:47:40 - [TEST_STEP][PASSED] - ctdc.utilities.runtestcaseforKatalon.clickTabCanineStat("Object Repository/Canine/Filter/SamplePathology/SAMPLEPATHOLOGY_Ddn"): ctdc.utilities.runtestcaseforKatalon.clickTabCanineStat is PASSED

2021-09-02 23:47:41 - [MESSAGE][PASSED] - ctdc.utilities.runtestcaseforKatalon.clickTabCanineStat is PASSED

2021-09-02 23:47:41 - [TEST_STEP][PASSED] - ctdc.utilities.runtestcaseforKatalon.clickTabCanineStat("Object Repository/Canine/Filter/SamplePathology/Undefined_Chkbx"): ctdc.utilities.runtestcaseforKatalon.clickTabCanineStat is PASSED

2021-09-02 23:47:42 - [MESSAGE][PASSED] - ctdc.utilities.runtestcaseforKatalon.clickTabCanineStat is PASSED

2021-09-02 23:47:42 - [TEST_STEP][PASSED] - ctdc.utilities.runtestcaseforKatalon.readStatBarCanine("Object Repository/Canine/StatBar/Canine_StatBar-Studies", "Object Repository/Canine/StatBar/Canine_StatBar-Cases", "Object Repository/Canine/StatBar/Canine_StatBar-Samples", "Object Repository/Canine/StatBar/Canine_StatBar-Files", "Object Repository/Canine/StatBar/Canine_StatBar-Aliquots"): ctdc.utilities.runtestcaseforKatalon.readStatBarCanine is PASSED

2021-09-02 23:47:58 - [MESSAGE][PASSED] - ctdc.utilities.runtestcaseforKatalon.readStatBarCanine is PASSED

2021-09-02 23:47:58 - [TEST_STEP][PASSED] - waitForElementPresent(findTestObject("Object Repository/Canine/CanineResults_Cases_Tab"), 5): Object 'Object Repository/Canine/CanineResults_Cases_Tab' is present

2021-09-02 23:47:58 - [MESSAGE][PASSED] - Object 'Object Repository/Canine/CanineResults_Cases_Tab' is present

2021-09-02 23:47:58 - [TEST_STEP][PASSED] - ctdc.utilities.runtestcaseforKatalon.clickTab("Object Repository/Canine/CanineResults_Cases_Tab"): ctdc.utilities.runtestcaseforKatalon.clickTab is PASSED

2021-09-02 23:47:58 - [MESSAGE][PASSED] - ctdc.utilities.runtestcaseforKatalon.clickTab is PASSED

2021-09-02 23:47:58 - [TEST_STEP][PASSED] - ctdc.utilities.runtestcaseforKatalon.multiFunction("ICDC", G_StatBar_Cases, "Object Repository/Canine/Canine_CasesTable", "Object Repository/Canine/Canine_TableHeader", "Object Repository/Canine/Canine_CasesTabNextBtn", G_WebTabnameCases, G_CypherTabnameCases, G_QueryCasesTab): Statbar Arms count matches

2021-09-02 23:48:15 - [MESSAGE][PASSED] - Statbar Files count matches

2021-09-02 23:48:15 - [MESSAGE][PASSED] - Statbar Samples count matches

2021-09-02 23:48:15 - [MESSAGE][PASSED] - Statbar Cases count matches

2021-09-02 23:48:15 - [MESSAGE][PASSED] - Statbar Arms count matches

2021-09-02 23:48:15 - [TEST_STEP][PASSED] - waitForElementPresent(findTestObject("Object Repository/Canine/CanineResults_Samples_Tab"), 5): Object 'Object Repository/Canine/CanineResults_Samples_Tab' is present

2021-09-02 23:48:15 - [MESSAGE][PASSED] - Object 'Object Repository/Canine/CanineResults_Samples_Tab' is present

2021-09-02 23:48:15 - [TEST_STEP][PASSED] - ctdc.utilities.runtestcaseforKatalon.clickTab("Object Repository/Canine/CanineResults_Samples_Tab"): ctdc.utilities.runtestcaseforKatalon.clickTab is PASSED

2021-09-02 23:48:15 - [MESSAGE][PASSED] - ctdc.utilities.runtestcaseforKatalon.clickTab is PASSED

2021-09-02 23:48:15 - [TEST_STEP][PASSED] - ctdc.utilities.runtestcaseforKatalon.multiFunction("ICDC", G_StatBar_Samples, "Object Repository/Canine/Canine_Samples_Table", "Object Repository/Canine/Canine_Samples_TableHdr", "Object Repository/Canine/Canine_SamplesTabNextBtn", G_WebTabnameSamples, G_CypherTabnameSamples, G_QuerySamplesTab): Statbar Arms count matches

2021-09-02 23:48:45 - [MESSAGE][PASSED] - Statbar Files count matches

2021-09-02 23:48:45 - [MESSAGE][PASSED] - Statbar Samples count matches

2021-09-02 23:48:45 - [MESSAGE][PASSED] - Statbar Cases count matches

2021-09-02 23:48:45 - [MESSAGE][PASSED] - Statbar Arms count matches

2021-09-02 23:48:45 - [TEST_STEP][PASSED] - waitForElementPresent(findTestObject("Object Repository/Canine/CanineResults_Files_Tab"), 5): Object 'Object Repository/Canine/CanineResults_Files_Tab' is present

2021-09-02 23:48:45 - [MESSAGE][PASSED] - Object 'Object Repository/Canine/CanineResults_Files_Tab' is present

2021-09-02 23:48:45 - [TEST_STEP][PASSED] - ctdc.utilities.runtestcaseforKatalon.clickTab("Object Repository/Canine/CanineResults_Files_Tab"): ctdc.utilities.runtestcaseforKatalon.clickTab is PASSED

2021-09-02 23:48:45 - [MESSAGE][PASSED] - ctdc.utilities.runtestcaseforKatalon.clickTab is PASSED

2021-09-02 23:48:45 - [TEST_STEP][PASSED] - ctdc.utilities.runtestcaseforKatalon.multiFunction("ICDC", G_StatBar_Files, "Object Repository/Canine/Canine_Files_Table", "Object Repository/Canine/Canine_Files_TableHdr", "Object Repository/Canine/Canine_FilesTabNextBtn", G_WebTabnameFiles, G_CypherTabnameFiles, G_QueryFilesTab): Statbar Arms count matches

2021-09-02 23:49:58 - [MESSAGE][PASSED] - Statbar Files count matches

2021-09-02 23:49:58 - [MESSAGE][PASSED] - Statbar Samples count matches

2021-09-02 23:49:58 - [MESSAGE][PASSED] - Statbar Cases count matches

2021-09-02 23:49:58 - [MESSAGE][PASSED] - Statbar Arms count matches

2021-09-02 23:49:58 - [TEST_STEP][PASSED] - closeBrowser(): Browser is closed

2021-09-02 23:49:58 - [MESSAGE][PASSED] - Browser is closed]]></system-out>
         <system-err><![CDATA[]]></system-err>
      </testcase>
      <testcase name="Test Cases/Canine_TestCases/SamplePathology/TC10_Canine_Filter_SamplePatho-TCellLymphoma" time="146.097" classname="Test Cases/Canine_TestCases/SamplePathology/TC10_Canine_Filter_SamplePatho-TCellLymphoma" status="PASSED">
         <system-out><![CDATA[2021-09-02 23:49:58 - [TEST_CASE][PASSED] - Test Cases/Canine_TestCases/SamplePathology/TC10_Canine_Filter_SamplePatho-TCellLymphoma: Test Cases/Canine_TestCases/SamplePathology/TC10_Canine_Filter_SamplePatho-TCellLymphoma

2021-09-02 23:49:58 - [TEST_STEP][PASSED] - Start listener action : getTestScriptName: null

2021-09-02 23:49:58 - [TEST_STEP][PASSED] - TestCaseId = testCaseContext.getTestCaseId(): null

2021-09-02 23:49:58 - [TEST_STEP][PASSED] - out.println("**********this is the value of test case id string******** " + testCaseContext.getTestCaseId()): null

2021-09-02 23:49:58 - [TEST_STEP][PASSED] - G_currentTCName = TestCaseId.substring(TestCaseId.lastIndexOf("TC")): null

2021-09-02 23:49:58 - [TEST_STEP][PASSED] - out.println("This is the test case name : " + G_currentTCName): null

2021-09-02 23:49:59 - [TEST_STEP][PASSED] - closeBrowser(): Browser is closed

2021-09-02 23:49:59 - [MESSAGE][PASSED] - Browser is closed

2021-09-02 23:49:59 - [TEST_STEP][PASSED] - ctdc.utilities.runtestcaseforKatalon.RunKatalon("TC10_Canine_Filter_SamplePatho-TCellLymphoma.xlsx"): Data loaded from input file for the test case. 

2021-09-02 23:49:59 - [MESSAGE][PASSED] - Test case file loaded This is the full filepath after converting to string :C:\Users\sohilz2\Commons_Automation\InputFiles\TC10_Canine_Filter_SamplePatho-TCellLymphoma.xlsx

2021-09-02 23:49:59 - [MESSAGE][INFO] - Global variable set for password file is :  C:\Users\sohilz2\Commons_Automation\InputFiles\TC10_Canine_Filter_SamplePatho-TCellLymphoma.xlsx

2021-09-02 23:50:03 - [MESSAGE][PASSED] - Data loaded from input file for the test case. 

2021-09-02 23:50:09 - [TEST_STEP][PASSED] - click(findTestObject("Canine/NavBar/Canine_Cases_Btn")): Object: 'Object Repository/Canine/NavBar/Canine_Cases_Btn' is clicked on

2021-09-02 23:50:09 - [MESSAGE][PASSED] - Object: 'Object Repository/Canine/NavBar/Canine_Cases_Btn' is clicked on

2021-09-02 23:50:09 - [TEST_STEP][PASSED] - click(findTestObject("Bento/Cases_page/Filter/FilterBySamples_Facet")): Object: 'Object Repository/Bento/Cases_page/Filter/FilterBySamples_Facet' is clicked on

2021-09-02 23:50:11 - [MESSAGE][PASSED] - Object: 'Object Repository/Bento/Cases_page/Filter/FilterBySamples_Facet' is clicked on

2021-09-02 23:50:11 - [TEST_STEP][PASSED] - waitForElementPresent(findTestObject("Object Repository/Canine/Filter/SamplePathology/SAMPLEPATHOLOGY_Ddn"), 5): Object 'Object Repository/Canine/Filter/SamplePathology/SAMPLEPATHOLOGY_Ddn' is present

2021-09-02 23:50:11 - [MESSAGE][PASSED] - Object 'Object Repository/Canine/Filter/SamplePathology/SAMPLEPATHOLOGY_Ddn' is present

2021-09-02 23:50:11 - [TEST_STEP][PASSED] - ctdc.utilities.runtestcaseforKatalon.clickTabCanineStat("Object Repository/Canine/Filter/SamplePathology/SAMPLEPATHOLOGY_Ddn"): ctdc.utilities.runtestcaseforKatalon.clickTabCanineStat is PASSED

2021-09-02 23:50:12 - [MESSAGE][PASSED] - ctdc.utilities.runtestcaseforKatalon.clickTabCanineStat is PASSED

2021-09-02 23:50:12 - [TEST_STEP][PASSED] - ctdc.utilities.runtestcaseforKatalon.clickTabCanineStat("Object Repository/Canine/Filter/SamplePathology/TCellLymphoma_Chkbx"): ctdc.utilities.runtestcaseforKatalon.clickTabCanineStat is PASSED

2021-09-02 23:50:14 - [MESSAGE][PASSED] - ctdc.utilities.runtestcaseforKatalon.clickTabCanineStat is PASSED

2021-09-02 23:50:14 - [TEST_STEP][PASSED] - ctdc.utilities.runtestcaseforKatalon.readStatBarCanine("Object Repository/Canine/StatBar/Canine_StatBar-Studies", "Object Repository/Canine/StatBar/Canine_StatBar-Cases", "Object Repository/Canine/StatBar/Canine_StatBar-Samples", "Object Repository/Canine/StatBar/Canine_StatBar-Files", "Object Repository/Canine/StatBar/Canine_StatBar-Aliquots"): ctdc.utilities.runtestcaseforKatalon.readStatBarCanine is PASSED

2021-09-02 23:50:29 - [MESSAGE][PASSED] - ctdc.utilities.runtestcaseforKatalon.readStatBarCanine is PASSED

2021-09-02 23:50:29 - [TEST_STEP][PASSED] - waitForElementPresent(findTestObject("Object Repository/Canine/CanineResults_Cases_Tab"), 5): Object 'Object Repository/Canine/CanineResults_Cases_Tab' is present

2021-09-02 23:50:29 - [MESSAGE][PASSED] - Object 'Object Repository/Canine/CanineResults_Cases_Tab' is present

2021-09-02 23:50:29 - [TEST_STEP][PASSED] - ctdc.utilities.runtestcaseforKatalon.clickTab("Object Repository/Canine/CanineResults_Cases_Tab"): ctdc.utilities.runtestcaseforKatalon.clickTab is PASSED

2021-09-02 23:50:29 - [MESSAGE][PASSED] - ctdc.utilities.runtestcaseforKatalon.clickTab is PASSED

2021-09-02 23:50:29 - [TEST_STEP][PASSED] - ctdc.utilities.runtestcaseforKatalon.multiFunction("ICDC", G_StatBar_Cases, "Object Repository/Canine/Canine_CasesTable", "Object Repository/Canine/Canine_TableHeader", "Object Repository/Canine/Canine_CasesTabNextBtn", G_WebTabnameCases, G_CypherTabnameCases, G_QueryCasesTab): Statbar Arms count matches

2021-09-02 23:50:56 - [MESSAGE][PASSED] - Statbar Files count matches

2021-09-02 23:50:56 - [MESSAGE][PASSED] - Statbar Samples count matches

2021-09-02 23:50:56 - [MESSAGE][PASSED] - Statbar Cases count matches

2021-09-02 23:50:56 - [MESSAGE][PASSED] - Statbar Arms count matches

2021-09-02 23:50:56 - [TEST_STEP][PASSED] - waitForElementPresent(findTestObject("Object Repository/Canine/CanineResults_Samples_Tab"), 5): Object 'Object Repository/Canine/CanineResults_Samples_Tab' is present

2021-09-02 23:50:56 - [MESSAGE][PASSED] - Object 'Object Repository/Canine/CanineResults_Samples_Tab' is present

2021-09-02 23:50:56 - [TEST_STEP][PASSED] - ctdc.utilities.runtestcaseforKatalon.clickTab("Object Repository/Canine/CanineResults_Samples_Tab"): ctdc.utilities.runtestcaseforKatalon.clickTab is PASSED

2021-09-02 23:50:56 - [MESSAGE][PASSED] - ctdc.utilities.runtestcaseforKatalon.clickTab is PASSED

2021-09-02 23:50:56 - [TEST_STEP][PASSED] - ctdc.utilities.runtestcaseforKatalon.multiFunction("ICDC", G_StatBar_Samples, "Object Repository/Canine/Canine_Samples_Table", "Object Repository/Canine/Canine_Samples_TableHdr", "Object Repository/Canine/Canine_SamplesTabNextBtn", G_WebTabnameSamples, G_CypherTabnameSamples, G_QuerySamplesTab): Statbar Arms count matches

2021-09-02 23:51:23 - [MESSAGE][PASSED] - Statbar Files count matches

2021-09-02 23:51:23 - [MESSAGE][PASSED] - Statbar Samples count matches

2021-09-02 23:51:23 - [MESSAGE][PASSED] - Statbar Cases count matches

2021-09-02 23:51:23 - [MESSAGE][PASSED] - Statbar Arms count matches

2021-09-02 23:51:23 - [TEST_STEP][PASSED] - waitForElementPresent(findTestObject("Object Repository/Canine/CanineResults_Files_Tab"), 5): Object 'Object Repository/Canine/CanineResults_Files_Tab' is present

2021-09-02 23:51:23 - [MESSAGE][PASSED] - Object 'Object Repository/Canine/CanineResults_Files_Tab' is present

2021-09-02 23:51:23 - [TEST_STEP][PASSED] - ctdc.utilities.runtestcaseforKatalon.clickTab("Object Repository/Canine/CanineResults_Files_Tab"): ctdc.utilities.runtestcaseforKatalon.clickTab is PASSED

2021-09-02 23:51:23 - [MESSAGE][PASSED] - ctdc.utilities.runtestcaseforKatalon.clickTab is PASSED

2021-09-02 23:51:23 - [TEST_STEP][PASSED] - ctdc.utilities.runtestcaseforKatalon.multiFunction("ICDC", G_StatBar_Files, "Object Repository/Canine/Canine_Files_Table", "Object Repository/Canine/Canine_Files_TableHdr", "Object Repository/Canine/Canine_FilesTabNextBtn", G_WebTabnameFiles, G_CypherTabnameFiles, G_QueryFilesTab): Statbar Arms count matches

2021-09-02 23:52:24 - [MESSAGE][PASSED] - Statbar Files count matches

2021-09-02 23:52:24 - [MESSAGE][PASSED] - Statbar Samples count matches

2021-09-02 23:52:24 - [MESSAGE][PASSED] - Statbar Cases count matches

2021-09-02 23:52:24 - [MESSAGE][PASSED] - Statbar Arms count matches

2021-09-02 23:52:24 - [TEST_STEP][PASSED] - closeBrowser(): Browser is closed

2021-09-02 23:52:24 - [MESSAGE][PASSED] - Browser is closed]]></system-out>
         <system-err><![CDATA[]]></system-err>
      </testcase>
      <testcase name="Test Cases/Canine_TestCases/SamplePathology/TC09_Canine_Filter_SamplePatho-PulmoCarcinoma" time="76.934" classname="Test Cases/Canine_TestCases/SamplePathology/TC09_Canine_Filter_SamplePatho-PulmoCarcinoma" status="PASSED">
         <system-out><![CDATA[2021-09-02 23:52:24 - [TEST_CASE][PASSED] - Test Cases/Canine_TestCases/SamplePathology/TC09_Canine_Filter_SamplePatho-PulmoCarcinoma: Test Cases/Canine_TestCases/SamplePathology/TC09_Canine_Filter_SamplePatho-PulmoCarcinoma

2021-09-02 23:52:24 - [TEST_STEP][PASSED] - Start listener action : getTestScriptName: null

2021-09-02 23:52:24 - [TEST_STEP][PASSED] - TestCaseId = testCaseContext.getTestCaseId(): null

2021-09-02 23:52:24 - [TEST_STEP][PASSED] - out.println("**********this is the value of test case id string******** " + testCaseContext.getTestCaseId()): null

2021-09-02 23:52:24 - [TEST_STEP][PASSED] - G_currentTCName = TestCaseId.substring(TestCaseId.lastIndexOf("TC")): null

2021-09-02 23:52:24 - [TEST_STEP][PASSED] - out.println("This is the test case name : " + G_currentTCName): null

2021-09-02 23:52:25 - [TEST_STEP][PASSED] - closeBrowser(): Browser is closed

2021-09-02 23:52:25 - [MESSAGE][PASSED] - Browser is closed

2021-09-02 23:52:25 - [TEST_STEP][PASSED] - ctdc.utilities.runtestcaseforKatalon.RunKatalon("TC09_Canine_Filter_SamplePatho-PulmoCarcinoma.xlsx"): Data loaded from input file for the test case. 

2021-09-02 23:52:25 - [MESSAGE][PASSED] - Test case file loaded This is the full filepath after converting to string :C:\Users\sohilz2\Commons_Automation\InputFiles\TC09_Canine_Filter_SamplePatho-PulmoCarcinoma.xlsx

2021-09-02 23:52:25 - [MESSAGE][INFO] - Global variable set for password file is :  C:\Users\sohilz2\Commons_Automation\InputFiles\TC09_Canine_Filter_SamplePatho-PulmoCarcinoma.xlsx

2021-09-02 23:52:29 - [MESSAGE][PASSED] - Data loaded from input file for the test case. 

2021-09-02 23:52:35 - [TEST_STEP][PASSED] - waitForElementPresent(findTestObject("Canine/NavBar/Canine_Cases_Btn"), 5): Object 'Object Repository/Canine/NavBar/Canine_Cases_Btn' is present

2021-09-02 23:52:35 - [MESSAGE][PASSED] - Object 'Object Repository/Canine/NavBar/Canine_Cases_Btn' is present

2021-09-02 23:52:35 - [TEST_STEP][PASSED] - click(findTestObject("Canine/NavBar/Canine_Cases_Btn")): Object: 'Object Repository/Canine/NavBar/Canine_Cases_Btn' is clicked on

2021-09-02 23:52:35 - [MESSAGE][PASSED] - Object: 'Object Repository/Canine/NavBar/Canine_Cases_Btn' is clicked on

2021-09-02 23:52:35 - [TEST_STEP][PASSED] - click(findTestObject("Bento/Cases_page/Filter/FilterBySamples_Facet")): Object: 'Object Repository/Bento/Cases_page/Filter/FilterBySamples_Facet' is clicked on

2021-09-02 23:52:36 - [MESSAGE][PASSED] - Object: 'Object Repository/Bento/Cases_page/Filter/FilterBySamples_Facet' is clicked on

2021-09-02 23:52:36 - [TEST_STEP][PASSED] - waitForElementPresent(findTestObject("Object Repository/Canine/Filter/SamplePathology/SAMPLEPATHOLOGY_Ddn"), 5): Object 'Object Repository/Canine/Filter/SamplePathology/SAMPLEPATHOLOGY_Ddn' is present

2021-09-02 23:52:36 - [MESSAGE][PASSED] - Object 'Object Repository/Canine/Filter/SamplePathology/SAMPLEPATHOLOGY_Ddn' is present

2021-09-02 23:52:36 - [TEST_STEP][PASSED] - ctdc.utilities.runtestcaseforKatalon.clickTabCanineStat("Object Repository/Canine/Filter/SamplePathology/SAMPLEPATHOLOGY_Ddn"): ctdc.utilities.runtestcaseforKatalon.clickTabCanineStat is PASSED

2021-09-02 23:52:38 - [MESSAGE][PASSED] - ctdc.utilities.runtestcaseforKatalon.clickTabCanineStat is PASSED

2021-09-02 23:52:38 - [TEST_STEP][PASSED] - ctdc.utilities.runtestcaseforKatalon.clickTabCanineStat("Object Repository/Canine/Filter/SamplePathology/PulmoCarcinoma_Chkbx"): ctdc.utilities.runtestcaseforKatalon.clickTabCanineStat is PASSED

2021-09-02 23:52:39 - [MESSAGE][PASSED] - ctdc.utilities.runtestcaseforKatalon.clickTabCanineStat is PASSED

2021-09-02 23:52:39 - [TEST_STEP][PASSED] - ctdc.utilities.runtestcaseforKatalon.readStatBarCanine("Object Repository/Canine/StatBar/Canine_StatBar-Studies", "Object Repository/Canine/StatBar/Canine_StatBar-Cases", "Object Repository/Canine/StatBar/Canine_StatBar-Samples", "Object Repository/Canine/StatBar/Canine_StatBar-Files", "Object Repository/Canine/StatBar/Canine_StatBar-Aliquots"): ctdc.utilities.runtestcaseforKatalon.readStatBarCanine is PASSED

2021-09-02 23:52:55 - [MESSAGE][PASSED] - ctdc.utilities.runtestcaseforKatalon.readStatBarCanine is PASSED

2021-09-02 23:52:55 - [TEST_STEP][PASSED] - waitForElementPresent(findTestObject("Object Repository/Canine/CanineResults_Cases_Tab"), 5): Object 'Object Repository/Canine/CanineResults_Cases_Tab' is present

2021-09-02 23:52:55 - [MESSAGE][PASSED] - Object 'Object Repository/Canine/CanineResults_Cases_Tab' is present

2021-09-02 23:52:55 - [TEST_STEP][PASSED] - ctdc.utilities.runtestcaseforKatalon.clickTab("Object Repository/Canine/CanineResults_Cases_Tab"): ctdc.utilities.runtestcaseforKatalon.clickTab is PASSED

2021-09-02 23:52:55 - [MESSAGE][PASSED] - ctdc.utilities.runtestcaseforKatalon.clickTab is PASSED

2021-09-02 23:52:55 - [TEST_STEP][PASSED] - ctdc.utilities.runtestcaseforKatalon.multiFunction("ICDC", G_StatBar_Cases, "Object Repository/Canine/Canine_CasesTable", "Object Repository/Canine/Canine_TableHeader", "Object Repository/Canine/Canine_CasesTabNextBtn", G_WebTabnameCases, G_CypherTabnameCases, G_QueryCasesTab): Statbar Arms count matches

2021-09-02 23:53:09 - [MESSAGE][PASSED] - Statbar Files count matches

2021-09-02 23:53:09 - [MESSAGE][PASSED] - Statbar Samples count matches

2021-09-02 23:53:09 - [MESSAGE][PASSED] - Statbar Cases count matches

2021-09-02 23:53:09 - [MESSAGE][PASSED] - Statbar Arms count matches

2021-09-02 23:53:09 - [TEST_STEP][PASSED] - waitForElementPresent(findTestObject("Object Repository/Canine/CanineResults_Samples_Tab"), 5): Object 'Object Repository/Canine/CanineResults_Samples_Tab' is present

2021-09-02 23:53:09 - [MESSAGE][PASSED] - Object 'Object Repository/Canine/CanineResults_Samples_Tab' is present

2021-09-02 23:53:09 - [TEST_STEP][PASSED] - ctdc.utilities.runtestcaseforKatalon.clickTab("Object Repository/Canine/CanineResults_Samples_Tab"): ctdc.utilities.runtestcaseforKatalon.clickTab is PASSED

2021-09-02 23:53:10 - [MESSAGE][PASSED] - ctdc.utilities.runtestcaseforKatalon.clickTab is PASSED

2021-09-02 23:53:10 - [TEST_STEP][PASSED] - ctdc.utilities.runtestcaseforKatalon.multiFunction("ICDC", G_StatBar_Samples, "Object Repository/Canine/Canine_Samples_Table", "Object Repository/Canine/Canine_Samples_TableHdr", "Object Repository/Canine/Canine_SamplesTabNextBtn", G_WebTabnameSamples, G_CypherTabnameSamples, G_QuerySamplesTab): Statbar Arms count matches

2021-09-02 23:53:24 - [MESSAGE][PASSED] - Statbar Files count matches

2021-09-02 23:53:24 - [MESSAGE][PASSED] - Statbar Samples count matches

2021-09-02 23:53:24 - [MESSAGE][PASSED] - Statbar Cases count matches

2021-09-02 23:53:24 - [MESSAGE][PASSED] - Statbar Arms count matches

2021-09-02 23:53:24 - [TEST_STEP][PASSED] - waitForElementPresent(findTestObject("Object Repository/Canine/CanineResults_Files_Tab"), 5): Object 'Object Repository/Canine/CanineResults_Files_Tab' is present

2021-09-02 23:53:24 - [MESSAGE][PASSED] - Object 'Object Repository/Canine/CanineResults_Files_Tab' is present

2021-09-02 23:53:24 - [TEST_STEP][PASSED] - ctdc.utilities.runtestcaseforKatalon.clickTab("Object Repository/Canine/CanineResults_Files_Tab"): ctdc.utilities.runtestcaseforKatalon.clickTab is PASSED

2021-09-02 23:53:25 - [MESSAGE][PASSED] - ctdc.utilities.runtestcaseforKatalon.clickTab is PASSED

2021-09-02 23:53:25 - [TEST_STEP][PASSED] - ctdc.utilities.runtestcaseforKatalon.multiFunction("ICDC", G_StatBar_Files, "Object Repository/Canine/Canine_Files_Table", "Object Repository/Canine/Canine_Files_TableHdr", "Object Repository/Canine/Canine_FilesTabNextBtn", G_WebTabnameFiles, G_CypherTabnameFiles, G_QueryFilesTab): Statbar Arms count matches

2021-09-02 23:53:41 - [MESSAGE][PASSED] - Statbar Files count matches

2021-09-02 23:53:41 - [MESSAGE][PASSED] - Statbar Samples count matches

2021-09-02 23:53:41 - [MESSAGE][PASSED] - Statbar Cases count matches

2021-09-02 23:53:41 - [MESSAGE][PASSED] - Statbar Arms count matches

2021-09-02 23:53:41 - [TEST_STEP][PASSED] - closeBrowser(): Browser is closed

2021-09-02 23:53:41 - [MESSAGE][PASSED] - Browser is closed]]></system-out>
         <system-err><![CDATA[]]></system-err>
      </testcase>
      <testcase name="Test Cases/Canine_TestCases/SamplePathology/TC07_Canine_Filter_SamplePatho-Osteosarcoma" time="93.533" classname="Test Cases/Canine_TestCases/SamplePathology/TC07_Canine_Filter_SamplePatho-Osteosarcoma" status="FAILED">
         <failure type="FAILED" message="Test Cases/Canine_TestCases/SamplePathology/TC07_Canine_Filter_SamplePatho-Osteosarcoma FAILED.
Reason:
com.kms.katalon.core.exception.StepFailedException: Mismatch in Stat Bar Files count
	at com.kms.katalon.core.util.KeywordUtil.markFailed(KeywordUtil.java:19)
	at com.kms.katalon.core.util.KeywordUtil$markFailed$1.call(Unknown Source)
	at ctdc.utilities.runtestcaseforKatalon.validateStatBar(runtestcaseforKatalon.groovy:971)
	at ctdc.utilities.runtestcaseforKatalon.multiFunction(runtestcaseforKatalon.groovy:256)
	at ctdc.utilities.runtestcaseforKatalon.invokeMethod(runtestcaseforKatalon.groovy)
	at com.kms.katalon.core.main.CustomKeywordDelegatingMetaClass.invokeStaticMethod(CustomKeywordDelegatingMetaClass.java:50)
	at TC07_Canine_Filter_SamplePatho-Osteosarcoma.run(TC07_Canine_Filter_SamplePatho-Osteosarcoma:68)
	at com.kms.katalon.core.main.ScriptEngine.run(ScriptEngine.java:194)
	at com.kms.katalon.core.main.ScriptEngine.runScriptAsRawText(ScriptEngine.java:119)
	at com.kms.katalon.core.main.TestCaseExecutor.runScript(TestCaseExecutor.java:369)
	at com.kms.katalon.core.main.TestCaseExecutor.doExecute(TestCaseExecutor.java:360)
	at com.kms.katalon.core.main.TestCaseExecutor.processExecutionPhase(TestCaseExecutor.java:339)
	at com.kms.katalon.core.main.TestCaseExecutor.accessMainPhase(TestCaseExecutor.java:331)
	at com.kms.katalon.core.main.TestCaseExecutor.execute(TestCaseExecutor.java:248)
	at com.kms.katalon.core.main.TestSuiteExecutor.accessTestCaseMainPhase(TestSuiteExecutor.java:191)
	at com.kms.katalon.core.main.TestSuiteExecutor.accessTestSuiteMainPhase(TestSuiteExecutor.java:140)
	at com.kms.katalon.core.main.TestSuiteExecutor.execute(TestSuiteExecutor.java:89)
	at com.kms.katalon.core.main.TestCaseMain.startTestSuite(TestCaseMain.java:185)
	at com.kms.katalon.core.main.TestCaseMain$startTestSuite$0.call(Unknown Source)
	at TempTestSuite1630631579924.run(TempTestSuite1630631579924.groovy:39)
"/>
         <system-out><![CDATA[2021-09-02 23:53:41 - [TEST_CASE][FAILED] - Test Cases/Canine_TestCases/SamplePathology/TC07_Canine_Filter_SamplePatho-Osteosarcoma: Test Cases/Canine_TestCases/SamplePathology/TC07_Canine_Filter_SamplePatho-Osteosarcoma FAILED.
Reason:
com.kms.katalon.core.exception.StepFailedException: Mismatch in Stat Bar Files count
	at com.kms.katalon.core.util.KeywordUtil.markFailed(KeywordUtil.java:19)
	at com.kms.katalon.core.util.KeywordUtil$markFailed$1.call(Unknown Source)
	at ctdc.utilities.runtestcaseforKatalon.validateStatBar(runtestcaseforKatalon.groovy:971)
	at ctdc.utilities.runtestcaseforKatalon.multiFunction(runtestcaseforKatalon.groovy:256)
	at ctdc.utilities.runtestcaseforKatalon.invokeMethod(runtestcaseforKatalon.groovy)
	at com.kms.katalon.core.main.CustomKeywordDelegatingMetaClass.invokeStaticMethod(CustomKeywordDelegatingMetaClass.java:50)
	at TC07_Canine_Filter_SamplePatho-Osteosarcoma.run(TC07_Canine_Filter_SamplePatho-Osteosarcoma:68)
	at com.kms.katalon.core.main.ScriptEngine.run(ScriptEngine.java:194)
	at com.kms.katalon.core.main.ScriptEngine.runScriptAsRawText(ScriptEngine.java:119)
	at com.kms.katalon.core.main.TestCaseExecutor.runScript(TestCaseExecutor.java:369)
	at com.kms.katalon.core.main.TestCaseExecutor.doExecute(TestCaseExecutor.java:360)
	at com.kms.katalon.core.main.TestCaseExecutor.processExecutionPhase(TestCaseExecutor.java:339)
	at com.kms.katalon.core.main.TestCaseExecutor.accessMainPhase(TestCaseExecutor.java:331)
	at com.kms.katalon.core.main.TestCaseExecutor.execute(TestCaseExecutor.java:248)
	at com.kms.katalon.core.main.TestSuiteExecutor.accessTestCaseMainPhase(TestSuiteExecutor.java:191)
	at com.kms.katalon.core.main.TestSuiteExecutor.accessTestSuiteMainPhase(TestSuiteExecutor.java:140)
	at com.kms.katalon.core.main.TestSuiteExecutor.execute(TestSuiteExecutor.java:89)
	at com.kms.katalon.core.main.TestCaseMain.startTestSuite(TestCaseMain.java:185)
	at com.kms.katalon.core.main.TestCaseMain$startTestSuite$0.call(Unknown Source)
	at TempTestSuite1630631579924.run(TempTestSuite1630631579924.groovy:39)


2021-09-02 23:53:41 - [TEST_STEP][PASSED] - Start listener action : getTestScriptName: null

2021-09-02 23:53:41 - [TEST_STEP][PASSED] - TestCaseId = testCaseContext.getTestCaseId(): null

2021-09-02 23:53:41 - [TEST_STEP][PASSED] - out.println("**********this is the value of test case id string******** " + testCaseContext.getTestCaseId()): null

2021-09-02 23:53:41 - [TEST_STEP][PASSED] - G_currentTCName = TestCaseId.substring(TestCaseId.lastIndexOf("TC")): null

2021-09-02 23:53:41 - [TEST_STEP][PASSED] - out.println("This is the test case name : " + G_currentTCName): null

2021-09-02 23:53:42 - [TEST_STEP][PASSED] - closeBrowser(): Browser is closed

2021-09-02 23:53:42 - [MESSAGE][PASSED] - Browser is closed

2021-09-02 23:53:42 - [TEST_STEP][PASSED] - ctdc.utilities.runtestcaseforKatalon.RunKatalon("TC07_Canine_Filter_SamplePatho-Osteosarcoma.xlsx"): Data loaded from input file for the test case. 

2021-09-02 23:53:42 - [MESSAGE][PASSED] - Test case file loaded This is the full filepath after converting to string :C:\Users\sohilz2\Commons_Automation\InputFiles\TC07_Canine_Filter_SamplePatho-Osteosarcoma.xlsx

2021-09-02 23:53:42 - [MESSAGE][INFO] - Global variable set for password file is :  C:\Users\sohilz2\Commons_Automation\InputFiles\TC07_Canine_Filter_SamplePatho-Osteosarcoma.xlsx

2021-09-02 23:53:46 - [MESSAGE][PASSED] - Data loaded from input file for the test case. 

2021-09-02 23:53:52 - [TEST_STEP][PASSED] - waitForElementPresent(findTestObject("Canine/NavBar/Canine_Cases_Btn"), 5): Object 'Object Repository/Canine/NavBar/Canine_Cases_Btn' is present

2021-09-02 23:53:52 - [MESSAGE][PASSED] - Object 'Object Repository/Canine/NavBar/Canine_Cases_Btn' is present

2021-09-02 23:53:52 - [TEST_STEP][PASSED] - click(findTestObject("Canine/NavBar/Canine_Cases_Btn")): Object: 'Object Repository/Canine/NavBar/Canine_Cases_Btn' is clicked on

2021-09-02 23:53:52 - [MESSAGE][PASSED] - Object: 'Object Repository/Canine/NavBar/Canine_Cases_Btn' is clicked on

2021-09-02 23:53:52 - [TEST_STEP][PASSED] - click(findTestObject("Bento/Cases_page/Filter/FilterBySamples_Facet")): Object: 'Object Repository/Bento/Cases_page/Filter/FilterBySamples_Facet' is clicked on

2021-09-02 23:53:54 - [MESSAGE][PASSED] - Object: 'Object Repository/Bento/Cases_page/Filter/FilterBySamples_Facet' is clicked on

2021-09-02 23:53:54 - [TEST_STEP][PASSED] - waitForElementPresent(findTestObject("Object Repository/Canine/Filter/SamplePathology/SAMPLEPATHOLOGY_Ddn"), 5): Object 'Object Repository/Canine/Filter/SamplePathology/SAMPLEPATHOLOGY_Ddn' is present

2021-09-02 23:53:54 - [MESSAGE][PASSED] - Object 'Object Repository/Canine/Filter/SamplePathology/SAMPLEPATHOLOGY_Ddn' is present

2021-09-02 23:53:54 - [TEST_STEP][PASSED] - ctdc.utilities.runtestcaseforKatalon.clickTabCanineStat("Object Repository/Canine/Filter/SamplePathology/SAMPLEPATHOLOGY_Ddn"): ctdc.utilities.runtestcaseforKatalon.clickTabCanineStat is PASSED

2021-09-02 23:53:55 - [MESSAGE][PASSED] - ctdc.utilities.runtestcaseforKatalon.clickTabCanineStat is PASSED

2021-09-02 23:53:55 - [TEST_STEP][PASSED] - ctdc.utilities.runtestcaseforKatalon.clickTabCanineStat("Object Repository/Canine/Filter/SamplePathology/Osteosarcoma_Chkbx"): ctdc.utilities.runtestcaseforKatalon.clickTabCanineStat is PASSED

2021-09-02 23:53:57 - [MESSAGE][PASSED] - ctdc.utilities.runtestcaseforKatalon.clickTabCanineStat is PASSED

2021-09-02 23:53:57 - [TEST_STEP][PASSED] - ctdc.utilities.runtestcaseforKatalon.readStatBarCanine("Object Repository/Canine/StatBar/Canine_StatBar-Studies", "Object Repository/Canine/StatBar/Canine_StatBar-Cases", "Object Repository/Canine/StatBar/Canine_StatBar-Samples", "Object Repository/Canine/StatBar/Canine_StatBar-Files", "Object Repository/Canine/StatBar/Canine_StatBar-Aliquots"): ctdc.utilities.runtestcaseforKatalon.readStatBarCanine is PASSED

2021-09-02 23:54:12 - [MESSAGE][PASSED] - ctdc.utilities.runtestcaseforKatalon.readStatBarCanine is PASSED

2021-09-02 23:54:12 - [TEST_STEP][PASSED] - waitForElementPresent(findTestObject("Object Repository/Canine/CanineResults_Cases_Tab"), 5): Object 'Object Repository/Canine/CanineResults_Cases_Tab' is present

2021-09-02 23:54:12 - [MESSAGE][PASSED] - Object 'Object Repository/Canine/CanineResults_Cases_Tab' is present

2021-09-02 23:54:12 - [TEST_STEP][PASSED] - ctdc.utilities.runtestcaseforKatalon.clickTab("Object Repository/Canine/CanineResults_Cases_Tab"): ctdc.utilities.runtestcaseforKatalon.clickTab is PASSED

2021-09-02 23:54:12 - [MESSAGE][PASSED] - ctdc.utilities.runtestcaseforKatalon.clickTab is PASSED

2021-09-02 23:54:12 - [TEST_STEP][FAILED] - ctdc.utilities.runtestcaseforKatalon.multiFunction("ICDC", G_StatBar_Cases, "Object Repository/Canine/Canine_CasesTable", "Object Repository/Canine/Canine_TableHeader", "Object Repository/Canine/Canine_CasesTabNextBtn", G_WebTabnameCases, G_CypherTabnameCases, G_QueryCasesTab): com.kms.katalon.core.exception.StepFailedException: Mismatch in Stat Bar Files count

2021-09-02 23:54:30 - [MESSAGE][FAILED] - Mismatch in Stat Bar Files count

2021-09-02 23:54:30 - [MESSAGE][FAILED] - Mismatch in Stat Bar Samples count

2021-09-02 23:54:30 - [MESSAGE][FAILED] - Mismatch in Stat Bar Cases count

2021-09-02 23:54:30 - [MESSAGE][PASSED] - Statbar Arms count matches

2021-09-02 23:54:30 - [MESSAGE][FAILED] - com.kms.katalon.core.exception.StepFailedException: Mismatch in Stat Bar Files count

2021-09-02 23:54:30 - [TEST_STEP][PASSED] - waitForElementPresent(findTestObject("Object Repository/Canine/CanineResults_Samples_Tab"), 5): Object 'Object Repository/Canine/CanineResults_Samples_Tab' is present

2021-09-02 23:54:30 - [MESSAGE][PASSED] - Object 'Object Repository/Canine/CanineResults_Samples_Tab' is present

2021-09-02 23:54:30 - [TEST_STEP][PASSED] - ctdc.utilities.runtestcaseforKatalon.clickTab("Object Repository/Canine/CanineResults_Samples_Tab"): ctdc.utilities.runtestcaseforKatalon.clickTab is PASSED

2021-09-02 23:54:30 - [MESSAGE][PASSED] - ctdc.utilities.runtestcaseforKatalon.clickTab is PASSED

2021-09-02 23:54:30 - [TEST_STEP][FAILED] - ctdc.utilities.runtestcaseforKatalon.multiFunction("ICDC", G_StatBar_Samples, "Object Repository/Canine/Canine_Samples_Table", "Object Repository/Canine/Canine_Samples_TableHdr", "Object Repository/Canine/Canine_SamplesTabNextBtn", G_WebTabnameSamples, G_CypherTabnameSamples, G_QuerySamplesTab): com.kms.katalon.core.exception.StepFailedException: Mismatch in Stat Bar Files count

2021-09-02 23:54:59 - [MESSAGE][FAILED] - Mismatch in Stat Bar Files count

2021-09-02 23:54:59 - [MESSAGE][FAILED] - Mismatch in Stat Bar Samples count

2021-09-02 23:54:59 - [MESSAGE][FAILED] - Mismatch in Stat Bar Cases count

2021-09-02 23:54:59 - [MESSAGE][PASSED] - Statbar Arms count matches

2021-09-02 23:54:59 - [MESSAGE][FAILED] - com.kms.katalon.core.exception.StepFailedException: Mismatch in Stat Bar Files count

2021-09-02 23:54:59 - [TEST_STEP][PASSED] - waitForElementPresent(findTestObject("Object Repository/Canine/CanineResults_Files_Tab"), 5): Object 'Object Repository/Canine/CanineResults_Files_Tab' is present

2021-09-02 23:54:59 - [MESSAGE][PASSED] - Object 'Object Repository/Canine/CanineResults_Files_Tab' is present

2021-09-02 23:54:59 - [TEST_STEP][PASSED] - ctdc.utilities.runtestcaseforKatalon.clickTab("Object Repository/Canine/CanineResults_Files_Tab"): ctdc.utilities.runtestcaseforKatalon.clickTab is PASSED

2021-09-02 23:54:59 - [MESSAGE][PASSED] - ctdc.utilities.runtestcaseforKatalon.clickTab is PASSED

2021-09-02 23:54:59 - [TEST_STEP][FAILED] - ctdc.utilities.runtestcaseforKatalon.multiFunction("ICDC", G_StatBar_Files, "Object Repository/Canine/Canine_Files_Table", "Object Repository/Canine/Canine_Files_TableHdr", "Object Repository/Canine/Canine_FilesTabNextBtn", G_WebTabnameFiles, G_CypherTabnameFiles, G_QueryFilesTab): com.kms.katalon.core.exception.StepFailedException: Mismatch in Stat Bar Files count

2021-09-02 23:55:14 - [MESSAGE][FAILED] - Mismatch in Stat Bar Files count

2021-09-02 23:55:14 - [MESSAGE][FAILED] - Mismatch in Stat Bar Samples count

2021-09-02 23:55:14 - [MESSAGE][FAILED] - Mismatch in Stat Bar Cases count

2021-09-02 23:55:14 - [MESSAGE][PASSED] - Statbar Arms count matches

2021-09-02 23:55:14 - [MESSAGE][FAILED] - com.kms.katalon.core.exception.StepFailedException: Mismatch in Stat Bar Files count

2021-09-02 23:55:14 - [TEST_STEP][PASSED] - closeBrowser(): Browser is closed

2021-09-02 23:55:15 - [MESSAGE][PASSED] - Browser is closed]]></system-out>
         <system-err><![CDATA[2021-09-02 23:53:41 - [TEST_CASE][FAILED] - Test Cases/Canine_TestCases/SamplePathology/TC07_Canine_Filter_SamplePatho-Osteosarcoma: Test Cases/Canine_TestCases/SamplePathology/TC07_Canine_Filter_SamplePatho-Osteosarcoma FAILED.
Reason:
com.kms.katalon.core.exception.StepFailedException: Mismatch in Stat Bar Files count
	at com.kms.katalon.core.util.KeywordUtil.markFailed(KeywordUtil.java:19)
	at com.kms.katalon.core.util.KeywordUtil$markFailed$1.call(Unknown Source)
	at ctdc.utilities.runtestcaseforKatalon.validateStatBar(runtestcaseforKatalon.groovy:971)
	at ctdc.utilities.runtestcaseforKatalon.multiFunction(runtestcaseforKatalon.groovy:256)
	at ctdc.utilities.runtestcaseforKatalon.invokeMethod(runtestcaseforKatalon.groovy)
	at com.kms.katalon.core.main.CustomKeywordDelegatingMetaClass.invokeStaticMethod(CustomKeywordDelegatingMetaClass.java:50)
	at TC07_Canine_Filter_SamplePatho-Osteosarcoma.run(TC07_Canine_Filter_SamplePatho-Osteosarcoma:68)
	at com.kms.katalon.core.main.ScriptEngine.run(ScriptEngine.java:194)
	at com.kms.katalon.core.main.ScriptEngine.runScriptAsRawText(ScriptEngine.java:119)
	at com.kms.katalon.core.main.TestCaseExecutor.runScript(TestCaseExecutor.java:369)
	at com.kms.katalon.core.main.TestCaseExecutor.doExecute(TestCaseExecutor.java:360)
	at com.kms.katalon.core.main.TestCaseExecutor.processExecutionPhase(TestCaseExecutor.java:339)
	at com.kms.katalon.core.main.TestCaseExecutor.accessMainPhase(TestCaseExecutor.java:331)
	at com.kms.katalon.core.main.TestCaseExecutor.execute(TestCaseExecutor.java:248)
	at com.kms.katalon.core.main.TestSuiteExecutor.accessTestCaseMainPhase(TestSuiteExecutor.java:191)
	at com.kms.katalon.core.main.TestSuiteExecutor.accessTestSuiteMainPhase(TestSuiteExecutor.java:140)
	at com.kms.katalon.core.main.TestSuiteExecutor.execute(TestSuiteExecutor.java:89)
	at com.kms.katalon.core.main.TestCaseMain.startTestSuite(TestCaseMain.java:185)
	at com.kms.katalon.core.main.TestCaseMain$startTestSuite$0.call(Unknown Source)
	at TempTestSuite1630631579924.run(TempTestSuite1630631579924.groovy:39)]]></system-err>
      </testcase>
      <testcase name="Test Cases/Canine_TestCases/SamplePathology/TC06_Canine_Filter_SamplePatho-Oligodendro" time="727.367" classname="Test Cases/Canine_TestCases/SamplePathology/TC06_Canine_Filter_SamplePatho-Oligodendro" status="PASSED">
         <system-out><![CDATA[2021-09-02 23:55:15 - [TEST_CASE][PASSED] - Test Cases/Canine_TestCases/SamplePathology/TC06_Canine_Filter_SamplePatho-Oligodendro: Test Cases/Canine_TestCases/SamplePathology/TC06_Canine_Filter_SamplePatho-Oligodendro

2021-09-02 23:55:15 - [TEST_STEP][PASSED] - Start listener action : getTestScriptName: null

2021-09-02 23:55:15 - [TEST_STEP][PASSED] - TestCaseId = testCaseContext.getTestCaseId(): null

2021-09-02 23:55:15 - [TEST_STEP][PASSED] - out.println("**********this is the value of test case id string******** " + testCaseContext.getTestCaseId()): null

2021-09-02 23:55:15 - [TEST_STEP][PASSED] - G_currentTCName = TestCaseId.substring(TestCaseId.lastIndexOf("TC")): null

2021-09-02 23:55:15 - [TEST_STEP][PASSED] - out.println("This is the test case name : " + G_currentTCName): null

2021-09-02 23:55:15 - [TEST_STEP][PASSED] - closeBrowser(): Browser is closed

2021-09-02 23:55:15 - [MESSAGE][PASSED] - Browser is closed

2021-09-02 23:55:15 - [TEST_STEP][PASSED] - ctdc.utilities.runtestcaseforKatalon.RunKatalon("TC06_Canine_Filter_SamplePatho-Oligodendro.xlsx"): Data loaded from input file for the test case. 

2021-09-02 23:55:15 - [MESSAGE][PASSED] - Test case file loaded This is the full filepath after converting to string :C:\Users\sohilz2\Commons_Automation\InputFiles\TC06_Canine_Filter_SamplePatho-Oligodendro.xlsx

2021-09-02 23:55:15 - [MESSAGE][INFO] - Global variable set for password file is :  C:\Users\sohilz2\Commons_Automation\InputFiles\TC06_Canine_Filter_SamplePatho-Oligodendro.xlsx

2021-09-02 23:55:19 - [MESSAGE][PASSED] - Data loaded from input file for the test case. 

2021-09-02 23:55:26 - [TEST_STEP][PASSED] - waitForElementPresent(findTestObject("Canine/NavBar/Canine_Cases_Btn"), 5): Object 'Object Repository/Canine/NavBar/Canine_Cases_Btn' is present

2021-09-02 23:55:26 - [MESSAGE][PASSED] - Object 'Object Repository/Canine/NavBar/Canine_Cases_Btn' is present

2021-09-02 23:55:26 - [TEST_STEP][PASSED] - click(findTestObject("Canine/NavBar/Canine_Cases_Btn")): Object: 'Object Repository/Canine/NavBar/Canine_Cases_Btn' is clicked on

2021-09-02 23:55:26 - [MESSAGE][PASSED] - Object: 'Object Repository/Canine/NavBar/Canine_Cases_Btn' is clicked on

2021-09-02 23:55:26 - [TEST_STEP][PASSED] - click(findTestObject("Object Repository/Canine/Filter/FilterBySamples_Facet")): Object: 'Object Repository/Canine/Filter/FilterBySamples_Facet' is clicked on

2021-09-02 23:55:28 - [MESSAGE][PASSED] - Object: 'Object Repository/Canine/Filter/FilterBySamples_Facet' is clicked on

2021-09-02 23:55:28 - [TEST_STEP][PASSED] - ctdc.utilities.runtestcaseforKatalon.clickTabCanineStat("Object Repository/Canine/Filter/SamplePathology/SAMPLEPATHOLOGY_Ddn"): ctdc.utilities.runtestcaseforKatalon.clickTabCanineStat is PASSED

2021-09-02 23:55:29 - [MESSAGE][PASSED] - ctdc.utilities.runtestcaseforKatalon.clickTabCanineStat is PASSED

2021-09-02 23:55:29 - [TEST_STEP][PASSED] - ctdc.utilities.runtestcaseforKatalon.clickTabCanineStat("Object Repository/Canine/Filter/SamplePathology/Oligodendro_Chkbx"): ctdc.utilities.runtestcaseforKatalon.clickTabCanineStat is PASSED

2021-09-02 23:55:31 - [MESSAGE][PASSED] - ctdc.utilities.runtestcaseforKatalon.clickTabCanineStat is PASSED

2021-09-02 23:55:31 - [TEST_STEP][PASSED] - ctdc.utilities.runtestcaseforKatalon.readStatBarCanine("Object Repository/Canine/StatBar/Canine_StatBar-Studies", "Object Repository/Canine/StatBar/Canine_StatBar-Cases", "Object Repository/Canine/StatBar/Canine_StatBar-Samples", "Object Repository/Canine/StatBar/Canine_StatBar-Files", "Object Repository/Canine/StatBar/Canine_StatBar-Aliquots"): ctdc.utilities.runtestcaseforKatalon.readStatBarCanine is PASSED

2021-09-02 23:55:46 - [MESSAGE][PASSED] - ctdc.utilities.runtestcaseforKatalon.readStatBarCanine is PASSED

2021-09-02 23:55:46 - [TEST_STEP][PASSED] - waitForElementPresent(findTestObject("Object Repository/Canine/CanineResults_Cases_Tab"), 5): Object 'Object Repository/Canine/CanineResults_Cases_Tab' is present

2021-09-02 23:55:46 - [MESSAGE][PASSED] - Object 'Object Repository/Canine/CanineResults_Cases_Tab' is present

2021-09-02 23:55:46 - [TEST_STEP][PASSED] - click(findTestObject("Object Repository/Canine/CanineResults_Cases_Tab")): Object: 'Object Repository/Canine/CanineResults_Cases_Tab' is clicked on

2021-09-02 23:55:46 - [MESSAGE][PASSED] - Object: 'Object Repository/Canine/CanineResults_Cases_Tab' is clicked on

2021-09-02 23:55:46 - [TEST_STEP][PASSED] - ctdc.utilities.runtestcaseforKatalon.multiFunction("ICDC", G_StatBar_Cases, "Object Repository/Canine/Canine_CasesTable", "Object Repository/Canine/Canine_TableHeader", "Object Repository/Canine/Canine_CasesTabNextBtn", G_WebTabnameCases, G_CypherTabnameCases, G_QueryCasesTab): Statbar Arms count matches

2021-09-02 23:56:48 - [MESSAGE][PASSED] - Statbar Files count matches

2021-09-02 23:56:48 - [MESSAGE][PASSED] - Statbar Samples count matches

2021-09-02 23:56:48 - [MESSAGE][PASSED] - Statbar Cases count matches

2021-09-02 23:56:48 - [MESSAGE][PASSED] - Statbar Arms count matches

2021-09-02 23:56:48 - [TEST_STEP][PASSED] - ctdc.utilities.runtestcaseforKatalon.clickTab("Object Repository/Canine/CanineResults_Samples_Tab"): ctdc.utilities.runtestcaseforKatalon.clickTab is PASSED

2021-09-02 23:56:48 - [MESSAGE][PASSED] - ctdc.utilities.runtestcaseforKatalon.clickTab is PASSED

2021-09-02 23:56:48 - [TEST_STEP][PASSED] - ctdc.utilities.runtestcaseforKatalon.multiFunction("ICDC", G_StatBar_Samples, "Object Repository/Canine/Canine_Samples_Table", "Object Repository/Canine/Canine_Samples_TableHdr", "Object Repository/Canine/Canine_SamplesTabNextBtn", G_WebTabnameSamples, G_CypherTabnameSamples, G_QuerySamplesTab): Statbar Arms count matches

2021-09-02 23:59:39 - [MESSAGE][PASSED] - Statbar Files count matches

2021-09-02 23:59:39 - [MESSAGE][PASSED] - Statbar Samples count matches

2021-09-02 23:59:39 - [MESSAGE][PASSED] - Statbar Cases count matches

2021-09-02 23:59:39 - [MESSAGE][PASSED] - Statbar Arms count matches

2021-09-02 23:59:39 - [TEST_STEP][PASSED] - ctdc.utilities.runtestcaseforKatalon.clickTab("Object Repository/Canine/CanineResults_Files_Tab"): ctdc.utilities.runtestcaseforKatalon.clickTab is PASSED

2021-09-02 23:59:39 - [MESSAGE][PASSED] - ctdc.utilities.runtestcaseforKatalon.clickTab is PASSED

2021-09-02 23:59:39 - [TEST_STEP][PASSED] - ctdc.utilities.runtestcaseforKatalon.multiFunction("ICDC", G_StatBar_Files, "Object Repository/Canine/Canine_Files_Table", "Object Repository/Canine/Canine_Files_TableHdr", "Object Repository/Canine/Canine_FilesTabNextBtn", G_WebTabnameFiles, G_CypherTabnameFiles, G_QueryFilesTab): Statbar Arms count matches

2021-09-03 00:07:22 - [MESSAGE][PASSED] - Statbar Files count matches

2021-09-03 00:07:22 - [MESSAGE][PASSED] - Statbar Samples count matches

2021-09-03 00:07:22 - [MESSAGE][PASSED] - Statbar Cases count matches

2021-09-03 00:07:22 - [MESSAGE][PASSED] - Statbar Arms count matches]]></system-out>
         <system-err><![CDATA[]]></system-err>
      </testcase>
      <testcase name="Test Cases/Canine_TestCases/SampleType/TC03_Canine_Filter_SampleType-NormalTissue" time="384.738" classname="Test Cases/Canine_TestCases/SampleType/TC03_Canine_Filter_SampleType-NormalTissue" status="FAILED">
         <failure type="FAILED" message="Test Cases/Canine_TestCases/SampleType/TC03_Canine_Filter_SampleType-NormalTissue FAILED.
Reason:
com.kms.katalon.core.exception.StepFailedException: Mismatch in Stat Bar Samples count
	at com.kms.katalon.core.util.KeywordUtil.markFailed(KeywordUtil.java:19)
	at com.kms.katalon.core.util.KeywordUtil$markFailed$1.call(Unknown Source)
	at ctdc.utilities.runtestcaseforKatalon.validateStatBar(runtestcaseforKatalon.groovy:972)
	at ctdc.utilities.runtestcaseforKatalon.multiFunction(runtestcaseforKatalon.groovy:256)
	at ctdc.utilities.runtestcaseforKatalon.invokeMethod(runtestcaseforKatalon.groovy)
	at com.kms.katalon.core.main.CustomKeywordDelegatingMetaClass.invokeStaticMethod(CustomKeywordDelegatingMetaClass.java:50)
	at TC03_Canine_Filter_SampleType-NormalTissue.run(TC03_Canine_Filter_SampleType-NormalTissue:65)
	at com.kms.katalon.core.main.ScriptEngine.run(ScriptEngine.java:194)
	at com.kms.katalon.core.main.ScriptEngine.runScriptAsRawText(ScriptEngine.java:119)
	at com.kms.katalon.core.main.TestCaseExecutor.runScript(TestCaseExecutor.java:369)
	at com.kms.katalon.core.main.TestCaseExecutor.doExecute(TestCaseExecutor.java:360)
	at com.kms.katalon.core.main.TestCaseExecutor.processExecutionPhase(TestCaseExecutor.java:339)
	at com.kms.katalon.core.main.TestCaseExecutor.accessMainPhase(TestCaseExecutor.java:331)
	at com.kms.katalon.core.main.TestCaseExecutor.execute(TestCaseExecutor.java:248)
	at com.kms.katalon.core.main.TestSuiteExecutor.accessTestCaseMainPhase(TestSuiteExecutor.java:191)
	at com.kms.katalon.core.main.TestSuiteExecutor.accessTestSuiteMainPhase(TestSuiteExecutor.java:140)
	at com.kms.katalon.core.main.TestSuiteExecutor.execute(TestSuiteExecutor.java:89)
	at com.kms.katalon.core.main.TestCaseMain.startTestSuite(TestCaseMain.java:185)
	at com.kms.katalon.core.main.TestCaseMain$startTestSuite$0.call(Unknown Source)
	at TempTestSuite1630631579924.run(TempTestSuite1630631579924.groovy:39)
"/>
         <system-out><![CDATA[2021-09-03 00:07:22 - [TEST_CASE][FAILED] - Test Cases/Canine_TestCases/SampleType/TC03_Canine_Filter_SampleType-NormalTissue: Test Cases/Canine_TestCases/SampleType/TC03_Canine_Filter_SampleType-NormalTissue FAILED.
Reason:
com.kms.katalon.core.exception.StepFailedException: Mismatch in Stat Bar Samples count
	at com.kms.katalon.core.util.KeywordUtil.markFailed(KeywordUtil.java:19)
	at com.kms.katalon.core.util.KeywordUtil$markFailed$1.call(Unknown Source)
	at ctdc.utilities.runtestcaseforKatalon.validateStatBar(runtestcaseforKatalon.groovy:972)
	at ctdc.utilities.runtestcaseforKatalon.multiFunction(runtestcaseforKatalon.groovy:256)
	at ctdc.utilities.runtestcaseforKatalon.invokeMethod(runtestcaseforKatalon.groovy)
	at com.kms.katalon.core.main.CustomKeywordDelegatingMetaClass.invokeStaticMethod(CustomKeywordDelegatingMetaClass.java:50)
	at TC03_Canine_Filter_SampleType-NormalTissue.run(TC03_Canine_Filter_SampleType-NormalTissue:65)
	at com.kms.katalon.core.main.ScriptEngine.run(ScriptEngine.java:194)
	at com.kms.katalon.core.main.ScriptEngine.runScriptAsRawText(ScriptEngine.java:119)
	at com.kms.katalon.core.main.TestCaseExecutor.runScript(TestCaseExecutor.java:369)
	at com.kms.katalon.core.main.TestCaseExecutor.doExecute(TestCaseExecutor.java:360)
	at com.kms.katalon.core.main.TestCaseExecutor.processExecutionPhase(TestCaseExecutor.java:339)
	at com.kms.katalon.core.main.TestCaseExecutor.accessMainPhase(TestCaseExecutor.java:331)
	at com.kms.katalon.core.main.TestCaseExecutor.execute(TestCaseExecutor.java:248)
	at com.kms.katalon.core.main.TestSuiteExecutor.accessTestCaseMainPhase(TestSuiteExecutor.java:191)
	at com.kms.katalon.core.main.TestSuiteExecutor.accessTestSuiteMainPhase(TestSuiteExecutor.java:140)
	at com.kms.katalon.core.main.TestSuiteExecutor.execute(TestSuiteExecutor.java:89)
	at com.kms.katalon.core.main.TestCaseMain.startTestSuite(TestCaseMain.java:185)
	at com.kms.katalon.core.main.TestCaseMain$startTestSuite$0.call(Unknown Source)
	at TempTestSuite1630631579924.run(TempTestSuite1630631579924.groovy:39)


2021-09-03 00:07:22 - [TEST_STEP][PASSED] - Start listener action : getTestScriptName: null

2021-09-03 00:07:22 - [TEST_STEP][PASSED] - TestCaseId = testCaseContext.getTestCaseId(): null

2021-09-03 00:07:22 - [TEST_STEP][PASSED] - out.println("**********this is the value of test case id string******** " + testCaseContext.getTestCaseId()): null

2021-09-03 00:07:22 - [TEST_STEP][PASSED] - G_currentTCName = TestCaseId.substring(TestCaseId.lastIndexOf("TC")): null

2021-09-03 00:07:22 - [TEST_STEP][PASSED] - out.println("This is the test case name : " + G_currentTCName): null

2021-09-03 00:07:23 - [TEST_STEP][PASSED] - closeBrowser(): Browser is closed

2021-09-03 00:07:23 - [MESSAGE][PASSED] - Browser is closed

2021-09-03 00:07:23 - [TEST_STEP][PASSED] - ctdc.utilities.runtestcaseforKatalon.RunKatalon("TC03_Canine_Filter_SampleType-NormalTissue.xlsx"): Data loaded from input file for the test case. 

2021-09-03 00:07:23 - [MESSAGE][PASSED] - Test case file loaded This is the full filepath after converting to string :C:\Users\sohilz2\Commons_Automation\InputFiles\TC03_Canine_Filter_SampleType-NormalTissue.xlsx

2021-09-03 00:07:23 - [MESSAGE][INFO] - Global variable set for password file is :  C:\Users\sohilz2\Commons_Automation\InputFiles\TC03_Canine_Filter_SampleType-NormalTissue.xlsx

2021-09-03 00:07:27 - [MESSAGE][PASSED] - Data loaded from input file for the test case. 

2021-09-03 00:07:34 - [TEST_STEP][PASSED] - click(findTestObject("Canine/NavBar/Canine_Cases_Btn")): Object: 'Object Repository/Canine/NavBar/Canine_Cases_Btn' is clicked on

2021-09-03 00:07:34 - [MESSAGE][PASSED] - Object: 'Object Repository/Canine/NavBar/Canine_Cases_Btn' is clicked on

2021-09-03 00:07:34 - [TEST_STEP][PASSED] - click(findTestObject("Bento/Cases_page/Filter/FilterByCases_Facet")): Object: 'Object Repository/Bento/Cases_page/Filter/FilterByCases_Facet' is clicked on

2021-09-03 00:07:35 - [MESSAGE][PASSED] - Object: 'Object Repository/Bento/Cases_page/Filter/FilterByCases_Facet' is clicked on

2021-09-03 00:07:35 - [TEST_STEP][PASSED] - waitForElementPresent(findTestObject("Object Repository/Canine/Filter/SampleType/SAMPLETYPE_Ddn"), 5): Object 'Object Repository/Canine/Filter/SampleType/SAMPLETYPE_Ddn' is present

2021-09-03 00:07:36 - [MESSAGE][PASSED] - Object 'Object Repository/Canine/Filter/SampleType/SAMPLETYPE_Ddn' is present

2021-09-03 00:07:36 - [TEST_STEP][PASSED] - ctdc.utilities.runtestcaseforKatalon.clickTabCanineStat("Object Repository/Canine/Filter/SampleType/SAMPLETYPE_Ddn"): ctdc.utilities.runtestcaseforKatalon.clickTabCanineStat is PASSED

2021-09-03 00:07:37 - [MESSAGE][PASSED] - ctdc.utilities.runtestcaseforKatalon.clickTabCanineStat is PASSED

2021-09-03 00:07:37 - [TEST_STEP][PASSED] - ctdc.utilities.runtestcaseforKatalon.clickTabCanineStat("Object Repository/Canine/Filter/SampleType/NormalTissue_Chkbx"): ctdc.utilities.runtestcaseforKatalon.clickTabCanineStat is PASSED

2021-09-03 00:07:38 - [MESSAGE][PASSED] - ctdc.utilities.runtestcaseforKatalon.clickTabCanineStat is PASSED

2021-09-03 00:07:38 - [TEST_STEP][PASSED] - ctdc.utilities.runtestcaseforKatalon.readStatBarCanine("Object Repository/Canine/StatBar/Canine_StatBar-Studies", "Object Repository/Canine/StatBar/Canine_StatBar-Cases", "Object Repository/Canine/StatBar/Canine_StatBar-Samples", "Object Repository/Canine/StatBar/Canine_StatBar-Files", "Object Repository/Canine/StatBar/Canine_StatBar-Aliquots"): ctdc.utilities.runtestcaseforKatalon.readStatBarCanine is PASSED

2021-09-03 00:07:54 - [MESSAGE][PASSED] - ctdc.utilities.runtestcaseforKatalon.readStatBarCanine is PASSED

2021-09-03 00:07:54 - [TEST_STEP][PASSED] - waitForElementPresent(findTestObject("Object Repository/Canine/CanineResults_Cases_Tab"), 5): Object 'Object Repository/Canine/CanineResults_Cases_Tab' is present

2021-09-03 00:07:54 - [MESSAGE][PASSED] - Object 'Object Repository/Canine/CanineResults_Cases_Tab' is present

2021-09-03 00:07:54 - [TEST_STEP][PASSED] - ctdc.utilities.runtestcaseforKatalon.clickTab("Object Repository/Canine/CanineResults_Cases_Tab"): ctdc.utilities.runtestcaseforKatalon.clickTab is PASSED

2021-09-03 00:07:54 - [MESSAGE][PASSED] - ctdc.utilities.runtestcaseforKatalon.clickTab is PASSED

2021-09-03 00:07:54 - [TEST_STEP][FAILED] - ctdc.utilities.runtestcaseforKatalon.multiFunction("ICDC", G_StatBar_Cases, "Object Repository/Canine/Canine_CasesTable", "Object Repository/Canine/Canine_TableHeader", "Object Repository/Canine/Canine_CasesTabNextBtn", G_WebTabnameCases, G_CypherTabnameCases, G_QueryCasesTab): com.kms.katalon.core.exception.StepFailedException: Mismatch in Stat Bar Samples count

2021-09-03 00:10:18 - [MESSAGE][PASSED] - Statbar Files count matches

2021-09-03 00:10:18 - [MESSAGE][FAILED] - Mismatch in Stat Bar Samples count

2021-09-03 00:10:18 - [MESSAGE][FAILED] - Mismatch in Stat Bar Cases count

2021-09-03 00:10:18 - [MESSAGE][FAILED] - Mismatch in Stat Bar Studies count

2021-09-03 00:10:18 - [MESSAGE][FAILED] - com.kms.katalon.core.exception.StepFailedException: Mismatch in Stat Bar Samples count

2021-09-03 00:10:18 - [TEST_STEP][PASSED] - waitForElementPresent(findTestObject("Object Repository/Canine/CanineResults_Samples_Tab"), 5): Object 'Object Repository/Canine/CanineResults_Samples_Tab' is present

2021-09-03 00:10:18 - [MESSAGE][PASSED] - Object 'Object Repository/Canine/CanineResults_Samples_Tab' is present

2021-09-03 00:10:18 - [TEST_STEP][PASSED] - ctdc.utilities.runtestcaseforKatalon.clickTab("Object Repository/Canine/CanineResults_Samples_Tab"): ctdc.utilities.runtestcaseforKatalon.clickTab is PASSED

2021-09-03 00:10:18 - [MESSAGE][PASSED] - ctdc.utilities.runtestcaseforKatalon.clickTab is PASSED

2021-09-03 00:10:18 - [TEST_STEP][FAILED] - ctdc.utilities.runtestcaseforKatalon.multiFunction("ICDC", G_StatBar_Samples, "Object Repository/Canine/Canine_Samples_Table", "Object Repository/Canine/Canine_Samples_TableHdr", "Object Repository/Canine/Canine_SamplesTabNextBtn", G_WebTabnameSamples, G_CypherTabnameSamples, G_QuerySamplesTab): com.kms.katalon.core.exception.StepFailedException: Mismatch in Stat Bar Samples count

2021-09-03 00:13:46 - [MESSAGE][PASSED] - Statbar Files count matches

2021-09-03 00:13:46 - [MESSAGE][FAILED] - Mismatch in Stat Bar Samples count

2021-09-03 00:13:46 - [MESSAGE][FAILED] - Mismatch in Stat Bar Cases count

2021-09-03 00:13:46 - [MESSAGE][FAILED] - Mismatch in Stat Bar Studies count

2021-09-03 00:13:46 - [MESSAGE][FAILED] - com.kms.katalon.core.exception.StepFailedException: Mismatch in Stat Bar Samples count

2021-09-03 00:13:46 - [TEST_STEP][PASSED] - closeBrowser(): Browser is closed

2021-09-03 00:13:47 - [MESSAGE][PASSED] - Browser is closed]]></system-out>
         <system-err><![CDATA[2021-09-03 00:07:22 - [TEST_CASE][FAILED] - Test Cases/Canine_TestCases/SampleType/TC03_Canine_Filter_SampleType-NormalTissue: Test Cases/Canine_TestCases/SampleType/TC03_Canine_Filter_SampleType-NormalTissue FAILED.
Reason:
com.kms.katalon.core.exception.StepFailedException: Mismatch in Stat Bar Samples count
	at com.kms.katalon.core.util.KeywordUtil.markFailed(KeywordUtil.java:19)
	at com.kms.katalon.core.util.KeywordUtil$markFailed$1.call(Unknown Source)
	at ctdc.utilities.runtestcaseforKatalon.validateStatBar(runtestcaseforKatalon.groovy:972)
	at ctdc.utilities.runtestcaseforKatalon.multiFunction(runtestcaseforKatalon.groovy:256)
	at ctdc.utilities.runtestcaseforKatalon.invokeMethod(runtestcaseforKatalon.groovy)
	at com.kms.katalon.core.main.CustomKeywordDelegatingMetaClass.invokeStaticMethod(CustomKeywordDelegatingMetaClass.java:50)
	at TC03_Canine_Filter_SampleType-NormalTissue.run(TC03_Canine_Filter_SampleType-NormalTissue:65)
	at com.kms.katalon.core.main.ScriptEngine.run(ScriptEngine.java:194)
	at com.kms.katalon.core.main.ScriptEngine.runScriptAsRawText(ScriptEngine.java:119)
	at com.kms.katalon.core.main.TestCaseExecutor.runScript(TestCaseExecutor.java:369)
	at com.kms.katalon.core.main.TestCaseExecutor.doExecute(TestCaseExecutor.java:360)
	at com.kms.katalon.core.main.TestCaseExecutor.processExecutionPhase(TestCaseExecutor.java:339)
	at com.kms.katalon.core.main.TestCaseExecutor.accessMainPhase(TestCaseExecutor.java:331)
	at com.kms.katalon.core.main.TestCaseExecutor.execute(TestCaseExecutor.java:248)
	at com.kms.katalon.core.main.TestSuiteExecutor.accessTestCaseMainPhase(TestSuiteExecutor.java:191)
	at com.kms.katalon.core.main.TestSuiteExecutor.accessTestSuiteMainPhase(TestSuiteExecutor.java:140)
	at com.kms.katalon.core.main.TestSuiteExecutor.execute(TestSuiteExecutor.java:89)
	at com.kms.katalon.core.main.TestCaseMain.startTestSuite(TestCaseMain.java:185)
	at com.kms.katalon.core.main.TestCaseMain$startTestSuite$0.call(Unknown Source)
	at TempTestSuite1630631579924.run(TempTestSuite1630631579924.groovy:39)]]></system-err>
      </testcase>
      <testcase name="Test Cases/Canine_TestCases/Sex/TC03_Canine_Filter_Sex-Unknown" time="76.656" classname="Test Cases/Canine_TestCases/Sex/TC03_Canine_Filter_Sex-Unknown" status="FAILED">
         <failure type="FAILED" message="Test Cases/Canine_TestCases/Sex/TC03_Canine_Filter_Sex-Unknown FAILED.
Reason:
com.kms.katalon.core.exception.StepFailedException: Mismatch in Stat Bar Files count
	at com.kms.katalon.core.util.KeywordUtil.markFailed(KeywordUtil.java:19)
	at com.kms.katalon.core.util.KeywordUtil$markFailed$1.call(Unknown Source)
	at ctdc.utilities.runtestcaseforKatalon.validateStatBar(runtestcaseforKatalon.groovy:971)
	at ctdc.utilities.runtestcaseforKatalon.multiFunction(runtestcaseforKatalon.groovy:256)
	at ctdc.utilities.runtestcaseforKatalon.invokeMethod(runtestcaseforKatalon.groovy)
	at com.kms.katalon.core.main.CustomKeywordDelegatingMetaClass.invokeStaticMethod(CustomKeywordDelegatingMetaClass.java:50)
	at TC03_Canine_Filter_Sex-Unknown.run(TC03_Canine_Filter_Sex-Unknown:63)
	at com.kms.katalon.core.main.ScriptEngine.run(ScriptEngine.java:194)
	at com.kms.katalon.core.main.ScriptEngine.runScriptAsRawText(ScriptEngine.java:119)
	at com.kms.katalon.core.main.TestCaseExecutor.runScript(TestCaseExecutor.java:369)
	at com.kms.katalon.core.main.TestCaseExecutor.doExecute(TestCaseExecutor.java:360)
	at com.kms.katalon.core.main.TestCaseExecutor.processExecutionPhase(TestCaseExecutor.java:339)
	at com.kms.katalon.core.main.TestCaseExecutor.accessMainPhase(TestCaseExecutor.java:331)
	at com.kms.katalon.core.main.TestCaseExecutor.execute(TestCaseExecutor.java:248)
	at com.kms.katalon.core.main.TestSuiteExecutor.accessTestCaseMainPhase(TestSuiteExecutor.java:191)
	at com.kms.katalon.core.main.TestSuiteExecutor.accessTestSuiteMainPhase(TestSuiteExecutor.java:140)
	at com.kms.katalon.core.main.TestSuiteExecutor.execute(TestSuiteExecutor.java:89)
	at com.kms.katalon.core.main.TestCaseMain.startTestSuite(TestCaseMain.java:185)
	at com.kms.katalon.core.main.TestCaseMain$startTestSuite$0.call(Unknown Source)
	at TempTestSuite1630631579924.run(TempTestSuite1630631579924.groovy:39)
"/>
         <system-out><![CDATA[2021-09-03 00:13:47 - [TEST_CASE][FAILED] - Test Cases/Canine_TestCases/Sex/TC03_Canine_Filter_Sex-Unknown: Test Cases/Canine_TestCases/Sex/TC03_Canine_Filter_Sex-Unknown FAILED.
Reason:
com.kms.katalon.core.exception.StepFailedException: Mismatch in Stat Bar Files count
	at com.kms.katalon.core.util.KeywordUtil.markFailed(KeywordUtil.java:19)
	at com.kms.katalon.core.util.KeywordUtil$markFailed$1.call(Unknown Source)
	at ctdc.utilities.runtestcaseforKatalon.validateStatBar(runtestcaseforKatalon.groovy:971)
	at ctdc.utilities.runtestcaseforKatalon.multiFunction(runtestcaseforKatalon.groovy:256)
	at ctdc.utilities.runtestcaseforKatalon.invokeMethod(runtestcaseforKatalon.groovy)
	at com.kms.katalon.core.main.CustomKeywordDelegatingMetaClass.invokeStaticMethod(CustomKeywordDelegatingMetaClass.java:50)
	at TC03_Canine_Filter_Sex-Unknown.run(TC03_Canine_Filter_Sex-Unknown:63)
	at com.kms.katalon.core.main.ScriptEngine.run(ScriptEngine.java:194)
	at com.kms.katalon.core.main.ScriptEngine.runScriptAsRawText(ScriptEngine.java:119)
	at com.kms.katalon.core.main.TestCaseExecutor.runScript(TestCaseExecutor.java:369)
	at com.kms.katalon.core.main.TestCaseExecutor.doExecute(TestCaseExecutor.java:360)
	at com.kms.katalon.core.main.TestCaseExecutor.processExecutionPhase(TestCaseExecutor.java:339)
	at com.kms.katalon.core.main.TestCaseExecutor.accessMainPhase(TestCaseExecutor.java:331)
	at com.kms.katalon.core.main.TestCaseExecutor.execute(TestCaseExecutor.java:248)
	at com.kms.katalon.core.main.TestSuiteExecutor.accessTestCaseMainPhase(TestSuiteExecutor.java:191)
	at com.kms.katalon.core.main.TestSuiteExecutor.accessTestSuiteMainPhase(TestSuiteExecutor.java:140)
	at com.kms.katalon.core.main.TestSuiteExecutor.execute(TestSuiteExecutor.java:89)
	at com.kms.katalon.core.main.TestCaseMain.startTestSuite(TestCaseMain.java:185)
	at com.kms.katalon.core.main.TestCaseMain$startTestSuite$0.call(Unknown Source)
	at TempTestSuite1630631579924.run(TempTestSuite1630631579924.groovy:39)


2021-09-03 00:13:47 - [TEST_STEP][PASSED] - Start listener action : getTestScriptName: null

2021-09-03 00:13:47 - [TEST_STEP][PASSED] - TestCaseId = testCaseContext.getTestCaseId(): null

2021-09-03 00:13:47 - [TEST_STEP][PASSED] - out.println("**********this is the value of test case id string******** " + testCaseContext.getTestCaseId()): null

2021-09-03 00:13:47 - [TEST_STEP][PASSED] - G_currentTCName = TestCaseId.substring(TestCaseId.lastIndexOf("TC")): null

2021-09-03 00:13:47 - [TEST_STEP][PASSED] - out.println("This is the test case name : " + G_currentTCName): null

2021-09-03 00:13:47 - [TEST_STEP][PASSED] - closeBrowser(): Browser is closed

2021-09-03 00:13:47 - [MESSAGE][PASSED] - Browser is closed

2021-09-03 00:13:47 - [TEST_STEP][PASSED] - ctdc.utilities.runtestcaseforKatalon.RunKatalon("TC03_Canine_Filter_Sex-Unknown.xlsx"): Data loaded from input file for the test case. 

2021-09-03 00:13:47 - [MESSAGE][PASSED] - Test case file loaded This is the full filepath after converting to string :C:\Users\sohilz2\Commons_Automation\InputFiles\TC03_Canine_Filter_Sex-Unknown.xlsx

2021-09-03 00:13:47 - [MESSAGE][INFO] - Global variable set for password file is :  C:\Users\sohilz2\Commons_Automation\InputFiles\TC03_Canine_Filter_Sex-Unknown.xlsx

2021-09-03 00:13:52 - [MESSAGE][PASSED] - Data loaded from input file for the test case. 

2021-09-03 00:13:58 - [TEST_STEP][PASSED] - click(findTestObject("Canine/NavBar/Canine_Cases_Btn")): Object: 'Object Repository/Canine/NavBar/Canine_Cases_Btn' is clicked on

2021-09-03 00:13:58 - [MESSAGE][PASSED] - Object: 'Object Repository/Canine/NavBar/Canine_Cases_Btn' is clicked on

2021-09-03 00:13:58 - [TEST_STEP][PASSED] - click(findTestObject("Bento/Cases_page/Filter/FilterByCases_Facet")): Object: 'Object Repository/Bento/Cases_page/Filter/FilterByCases_Facet' is clicked on

2021-09-03 00:14:00 - [MESSAGE][PASSED] - Object: 'Object Repository/Bento/Cases_page/Filter/FilterByCases_Facet' is clicked on

2021-09-03 00:14:00 - [TEST_STEP][PASSED] - waitForElementPresent(findTestObject("Canine/Filter/Sex/SEX_Ddn"), 5): Object 'Object Repository/Canine/Filter/Sex/SEX_Ddn' is present

2021-09-03 00:14:00 - [MESSAGE][PASSED] - Object 'Object Repository/Canine/Filter/Sex/SEX_Ddn' is present

2021-09-03 00:14:00 - [TEST_STEP][PASSED] - ctdc.utilities.runtestcaseforKatalon.clickTabCanineStat("Canine/Filter/Sex/SEX_Ddn"): ctdc.utilities.runtestcaseforKatalon.clickTabCanineStat is PASSED

2021-09-03 00:14:01 - [MESSAGE][PASSED] - ctdc.utilities.runtestcaseforKatalon.clickTabCanineStat is PASSED

2021-09-03 00:14:01 - [TEST_STEP][PASSED] - ctdc.utilities.runtestcaseforKatalon.clickTabCanineStat("Canine/Filter/Sex/Unknown_Chkbx"): ctdc.utilities.runtestcaseforKatalon.clickTabCanineStat is PASSED

2021-09-03 00:14:03 - [MESSAGE][PASSED] - ctdc.utilities.runtestcaseforKatalon.clickTabCanineStat is PASSED

2021-09-03 00:14:03 - [TEST_STEP][PASSED] - ctdc.utilities.runtestcaseforKatalon.readStatBarCanine("Object Repository/Canine/StatBar/Canine_StatBar-Studies", "Object Repository/Canine/StatBar/Canine_StatBar-Cases", "Object Repository/Canine/StatBar/Canine_StatBar-Samples", "Object Repository/Canine/StatBar/Canine_StatBar-Files", "Object Repository/Canine/StatBar/Canine_StatBar-Aliquots"): ctdc.utilities.runtestcaseforKatalon.readStatBarCanine is PASSED

2021-09-03 00:14:18 - [MESSAGE][PASSED] - ctdc.utilities.runtestcaseforKatalon.readStatBarCanine is PASSED

2021-09-03 00:14:18 - [TEST_STEP][PASSED] - waitForElementPresent(findTestObject("Object Repository/Canine/CanineResults_Cases_Tab"), 5): Object 'Object Repository/Canine/CanineResults_Cases_Tab' is present

2021-09-03 00:14:18 - [MESSAGE][PASSED] - Object 'Object Repository/Canine/CanineResults_Cases_Tab' is present

2021-09-03 00:14:18 - [TEST_STEP][PASSED] - ctdc.utilities.runtestcaseforKatalon.clickTab("Object Repository/Canine/CanineResults_Cases_Tab"): ctdc.utilities.runtestcaseforKatalon.clickTab is PASSED

2021-09-03 00:14:18 - [MESSAGE][PASSED] - ctdc.utilities.runtestcaseforKatalon.clickTab is PASSED

2021-09-03 00:14:18 - [TEST_STEP][FAILED] - ctdc.utilities.runtestcaseforKatalon.multiFunction("ICDC", G_StatBar_Cases, "Object Repository/Canine/Canine_CasesTable", "Object Repository/Canine/Canine_TableHeader", "Object Repository/Canine/Canine_CasesTabNextBtn", G_WebTabnameCases, G_CypherTabnameCases, G_QueryCasesTab): com.kms.katalon.core.exception.StepFailedException: Mismatch in Stat Bar Files count

2021-09-03 00:14:33 - [MESSAGE][FAILED] - Mismatch in Stat Bar Files count

2021-09-03 00:14:33 - [MESSAGE][FAILED] - Mismatch in Stat Bar Samples count

2021-09-03 00:14:33 - [MESSAGE][FAILED] - Mismatch in Stat Bar Cases count

2021-09-03 00:14:33 - [MESSAGE][FAILED] - Mismatch in Stat Bar Studies count

2021-09-03 00:14:33 - [MESSAGE][FAILED] - com.kms.katalon.core.exception.StepFailedException: Mismatch in Stat Bar Files count

2021-09-03 00:14:33 - [TEST_STEP][PASSED] - waitForElementPresent(findTestObject("Object Repository/Canine/CanineResults_Samples_Tab"), 5): Object 'Object Repository/Canine/CanineResults_Samples_Tab' is present

2021-09-03 00:14:33 - [MESSAGE][PASSED] - Object 'Object Repository/Canine/CanineResults_Samples_Tab' is present

2021-09-03 00:14:33 - [TEST_STEP][PASSED] - ctdc.utilities.runtestcaseforKatalon.clickTab("Object Repository/Canine/CanineResults_Samples_Tab"): ctdc.utilities.runtestcaseforKatalon.clickTab is PASSED

2021-09-03 00:14:33 - [MESSAGE][PASSED] - ctdc.utilities.runtestcaseforKatalon.clickTab is PASSED

2021-09-03 00:14:33 - [TEST_STEP][FAILED] - ctdc.utilities.runtestcaseforKatalon.multiFunction("ICDC", G_StatBar_Samples, "Object Repository/Canine/Canine_Samples_Table", "Object Repository/Canine/Canine_Samples_TableHdr", "Object Repository/Canine/Canine_SamplesTabNextBtn", G_WebTabnameSamples, G_CypherTabnameSamples, G_QuerySamplesTab): com.kms.katalon.core.exception.StepFailedException: Mismatch in Stat Bar Files count

2021-09-03 00:14:48 - [MESSAGE][FAILED] - Mismatch in Stat Bar Files count

2021-09-03 00:14:48 - [MESSAGE][FAILED] - Mismatch in Stat Bar Samples count

2021-09-03 00:14:48 - [MESSAGE][FAILED] - Mismatch in Stat Bar Cases count

2021-09-03 00:14:48 - [MESSAGE][FAILED] - Mismatch in Stat Bar Studies count

2021-09-03 00:14:48 - [MESSAGE][FAILED] - com.kms.katalon.core.exception.StepFailedException: Mismatch in Stat Bar Files count

2021-09-03 00:14:48 - [TEST_STEP][PASSED] - waitForElementPresent(findTestObject("Object Repository/Canine/CanineResults_Files_Tab"), 5): Object 'Object Repository/Canine/CanineResults_Files_Tab' is present

2021-09-03 00:14:48 - [MESSAGE][PASSED] - Object 'Object Repository/Canine/CanineResults_Files_Tab' is present

2021-09-03 00:14:48 - [TEST_STEP][PASSED] - ctdc.utilities.runtestcaseforKatalon.clickTab("Object Repository/Canine/CanineResults_Files_Tab"): ctdc.utilities.runtestcaseforKatalon.clickTab is PASSED

2021-09-03 00:14:48 - [MESSAGE][PASSED] - ctdc.utilities.runtestcaseforKatalon.clickTab is PASSED

2021-09-03 00:14:48 - [TEST_STEP][FAILED] - ctdc.utilities.runtestcaseforKatalon.multiFunction("ICDC", G_StatBar_Files, "Object Repository/Canine/Canine_Files_Table", "Object Repository/Canine/Canine_Files_TableHdr", "Object Repository/Canine/Canine_FilesTabNextBtn", G_WebTabnameFiles, G_CypherTabnameFiles, G_QueryFilesTab): com.kms.katalon.core.exception.StepFailedException: Mismatch in Stat Bar Files count

2021-09-03 00:15:03 - [MESSAGE][FAILED] - Mismatch in Stat Bar Files count

2021-09-03 00:15:03 - [MESSAGE][FAILED] - Mismatch in Stat Bar Samples count

2021-09-03 00:15:03 - [MESSAGE][FAILED] - Mismatch in Stat Bar Cases count

2021-09-03 00:15:03 - [MESSAGE][FAILED] - Mismatch in Stat Bar Studies count

2021-09-03 00:15:03 - [MESSAGE][FAILED] - com.kms.katalon.core.exception.StepFailedException: Mismatch in Stat Bar Files count

2021-09-03 00:15:03 - [TEST_STEP][PASSED] - closeBrowser(): Browser is closed

2021-09-03 00:15:04 - [MESSAGE][PASSED] - Browser is closed]]></system-out>
         <system-err><![CDATA[2021-09-03 00:13:47 - [TEST_CASE][FAILED] - Test Cases/Canine_TestCases/Sex/TC03_Canine_Filter_Sex-Unknown: Test Cases/Canine_TestCases/Sex/TC03_Canine_Filter_Sex-Unknown FAILED.
Reason:
com.kms.katalon.core.exception.StepFailedException: Mismatch in Stat Bar Files count
	at com.kms.katalon.core.util.KeywordUtil.markFailed(KeywordUtil.java:19)
	at com.kms.katalon.core.util.KeywordUtil$markFailed$1.call(Unknown Source)
	at ctdc.utilities.runtestcaseforKatalon.validateStatBar(runtestcaseforKatalon.groovy:971)
	at ctdc.utilities.runtestcaseforKatalon.multiFunction(runtestcaseforKatalon.groovy:256)
	at ctdc.utilities.runtestcaseforKatalon.invokeMethod(runtestcaseforKatalon.groovy)
	at com.kms.katalon.core.main.CustomKeywordDelegatingMetaClass.invokeStaticMethod(CustomKeywordDelegatingMetaClass.java:50)
	at TC03_Canine_Filter_Sex-Unknown.run(TC03_Canine_Filter_Sex-Unknown:63)
	at com.kms.katalon.core.main.ScriptEngine.run(ScriptEngine.java:194)
	at com.kms.katalon.core.main.ScriptEngine.runScriptAsRawText(ScriptEngine.java:119)
	at com.kms.katalon.core.main.TestCaseExecutor.runScript(TestCaseExecutor.java:369)
	at com.kms.katalon.core.main.TestCaseExecutor.doExecute(TestCaseExecutor.java:360)
	at com.kms.katalon.core.main.TestCaseExecutor.processExecutionPhase(TestCaseExecutor.java:339)
	at com.kms.katalon.core.main.TestCaseExecutor.accessMainPhase(TestCaseExecutor.java:331)
	at com.kms.katalon.core.main.TestCaseExecutor.execute(TestCaseExecutor.java:248)
	at com.kms.katalon.core.main.TestSuiteExecutor.accessTestCaseMainPhase(TestSuiteExecutor.java:191)
	at com.kms.katalon.core.main.TestSuiteExecutor.accessTestSuiteMainPhase(TestSuiteExecutor.java:140)
	at com.kms.katalon.core.main.TestSuiteExecutor.execute(TestSuiteExecutor.java:89)
	at com.kms.katalon.core.main.TestCaseMain.startTestSuite(TestCaseMain.java:185)
	at com.kms.katalon.core.main.TestCaseMain$startTestSuite$0.call(Unknown Source)
	at TempTestSuite1630631579924.run(TempTestSuite1630631579924.groovy:39)]]></system-err>
      </testcase>
      <testcase name="Test Cases/Canine_TestCases/StageOfDisease/TC11_Canine_Filter_StageOfDisease-Unknown" time="46.154" classname="Test Cases/Canine_TestCases/StageOfDisease/TC11_Canine_Filter_StageOfDisease-Unknown" status="FAILED">
         <failure type="FAILED" message="Test Cases/Canine_TestCases/StageOfDisease/TC11_Canine_Filter_StageOfDisease-Unknown FAILED.
Reason:
com.kms.katalon.core.exception.StepFailedException: Mismatch in Stat Bar Files count
	at com.kms.katalon.core.util.KeywordUtil.markFailed(KeywordUtil.java:19)
	at com.kms.katalon.core.util.KeywordUtil$markFailed$1.call(Unknown Source)
	at ctdc.utilities.runtestcaseforKatalon.validateStatBar(runtestcaseforKatalon.groovy:971)
	at ctdc.utilities.runtestcaseforKatalon.multiFunction(runtestcaseforKatalon.groovy:256)
	at ctdc.utilities.runtestcaseforKatalon.invokeMethod(runtestcaseforKatalon.groovy)
	at com.kms.katalon.core.main.CustomKeywordDelegatingMetaClass.invokeStaticMethod(CustomKeywordDelegatingMetaClass.java:50)
	at TC11_Canine_Filter_StageOfDisease-Unknown.run(TC11_Canine_Filter_StageOfDisease-Unknown:64)
	at com.kms.katalon.core.main.ScriptEngine.run(ScriptEngine.java:194)
	at com.kms.katalon.core.main.ScriptEngine.runScriptAsRawText(ScriptEngine.java:119)
	at com.kms.katalon.core.main.TestCaseExecutor.runScript(TestCaseExecutor.java:369)
	at com.kms.katalon.core.main.TestCaseExecutor.doExecute(TestCaseExecutor.java:360)
	at com.kms.katalon.core.main.TestCaseExecutor.processExecutionPhase(TestCaseExecutor.java:339)
	at com.kms.katalon.core.main.TestCaseExecutor.accessMainPhase(TestCaseExecutor.java:331)
	at com.kms.katalon.core.main.TestCaseExecutor.execute(TestCaseExecutor.java:248)
	at com.kms.katalon.core.main.TestSuiteExecutor.accessTestCaseMainPhase(TestSuiteExecutor.java:191)
	at com.kms.katalon.core.main.TestSuiteExecutor.accessTestSuiteMainPhase(TestSuiteExecutor.java:140)
	at com.kms.katalon.core.main.TestSuiteExecutor.execute(TestSuiteExecutor.java:89)
	at com.kms.katalon.core.main.TestCaseMain.startTestSuite(TestCaseMain.java:185)
	at com.kms.katalon.core.main.TestCaseMain$startTestSuite$0.call(Unknown Source)
	at TempTestSuite1630631579924.run(TempTestSuite1630631579924.groovy:39)
"/>
         <system-out><![CDATA[2021-09-03 00:15:04 - [TEST_CASE][FAILED] - Test Cases/Canine_TestCases/StageOfDisease/TC11_Canine_Filter_StageOfDisease-Unknown: Test Cases/Canine_TestCases/StageOfDisease/TC11_Canine_Filter_StageOfDisease-Unknown FAILED.
Reason:
com.kms.katalon.core.exception.StepFailedException: Mismatch in Stat Bar Files count
	at com.kms.katalon.core.util.KeywordUtil.markFailed(KeywordUtil.java:19)
	at com.kms.katalon.core.util.KeywordUtil$markFailed$1.call(Unknown Source)
	at ctdc.utilities.runtestcaseforKatalon.validateStatBar(runtestcaseforKatalon.groovy:971)
	at ctdc.utilities.runtestcaseforKatalon.multiFunction(runtestcaseforKatalon.groovy:256)
	at ctdc.utilities.runtestcaseforKatalon.invokeMethod(runtestcaseforKatalon.groovy)
	at com.kms.katalon.core.main.CustomKeywordDelegatingMetaClass.invokeStaticMethod(CustomKeywordDelegatingMetaClass.java:50)
	at TC11_Canine_Filter_StageOfDisease-Unknown.run(TC11_Canine_Filter_StageOfDisease-Unknown:64)
	at com.kms.katalon.core.main.ScriptEngine.run(ScriptEngine.java:194)
	at com.kms.katalon.core.main.ScriptEngine.runScriptAsRawText(ScriptEngine.java:119)
	at com.kms.katalon.core.main.TestCaseExecutor.runScript(TestCaseExecutor.java:369)
	at com.kms.katalon.core.main.TestCaseExecutor.doExecute(TestCaseExecutor.java:360)
	at com.kms.katalon.core.main.TestCaseExecutor.processExecutionPhase(TestCaseExecutor.java:339)
	at com.kms.katalon.core.main.TestCaseExecutor.accessMainPhase(TestCaseExecutor.java:331)
	at com.kms.katalon.core.main.TestCaseExecutor.execute(TestCaseExecutor.java:248)
	at com.kms.katalon.core.main.TestSuiteExecutor.accessTestCaseMainPhase(TestSuiteExecutor.java:191)
	at com.kms.katalon.core.main.TestSuiteExecutor.accessTestSuiteMainPhase(TestSuiteExecutor.java:140)
	at com.kms.katalon.core.main.TestSuiteExecutor.execute(TestSuiteExecutor.java:89)
	at com.kms.katalon.core.main.TestCaseMain.startTestSuite(TestCaseMain.java:185)
	at com.kms.katalon.core.main.TestCaseMain$startTestSuite$0.call(Unknown Source)
	at TempTestSuite1630631579924.run(TempTestSuite1630631579924.groovy:39)


2021-09-03 00:15:04 - [TEST_STEP][PASSED] - Start listener action : getTestScriptName: null

2021-09-03 00:15:04 - [TEST_STEP][PASSED] - TestCaseId = testCaseContext.getTestCaseId(): null

2021-09-03 00:15:04 - [TEST_STEP][PASSED] - out.println("**********this is the value of test case id string******** " + testCaseContext.getTestCaseId()): null

2021-09-03 00:15:04 - [TEST_STEP][PASSED] - G_currentTCName = TestCaseId.substring(TestCaseId.lastIndexOf("TC")): null

2021-09-03 00:15:04 - [TEST_STEP][PASSED] - out.println("This is the test case name : " + G_currentTCName): null

2021-09-03 00:15:04 - [TEST_STEP][PASSED] - closeBrowser(): Browser is closed

2021-09-03 00:15:04 - [MESSAGE][PASSED] - Browser is closed

2021-09-03 00:15:04 - [TEST_STEP][PASSED] - ctdc.utilities.runtestcaseforKatalon.RunKatalon("TC11_Canine_Filter_StageOfDisease-Unknown.xlsx"): Data loaded from input file for the test case. 

2021-09-03 00:15:04 - [MESSAGE][PASSED] - Test case file loaded This is the full filepath after converting to string :C:\Users\sohilz2\Commons_Automation\InputFiles\TC11_Canine_Filter_StageOfDisease-Unknown.xlsx

2021-09-03 00:15:04 - [MESSAGE][INFO] - Global variable set for password file is :  C:\Users\sohilz2\Commons_Automation\InputFiles\TC11_Canine_Filter_StageOfDisease-Unknown.xlsx

2021-09-03 00:15:08 - [MESSAGE][PASSED] - Data loaded from input file for the test case. 

2021-09-03 00:15:14 - [TEST_STEP][PASSED] - waitForElementPresent(findTestObject("Canine/NavBar/Canine_Cases_Btn"), 5): Object 'Object Repository/Canine/NavBar/Canine_Cases_Btn' is present

2021-09-03 00:15:14 - [MESSAGE][PASSED] - Object 'Object Repository/Canine/NavBar/Canine_Cases_Btn' is present

2021-09-03 00:15:14 - [TEST_STEP][PASSED] - click(findTestObject("Canine/NavBar/Canine_Cases_Btn")): Object: 'Object Repository/Canine/NavBar/Canine_Cases_Btn' is clicked on

2021-09-03 00:15:14 - [MESSAGE][PASSED] - Object: 'Object Repository/Canine/NavBar/Canine_Cases_Btn' is clicked on

2021-09-03 00:15:14 - [TEST_STEP][PASSED] - click(findTestObject("Bento/Cases_page/Filter/FilterByCases_Facet")): Object: 'Object Repository/Bento/Cases_page/Filter/FilterByCases_Facet' is clicked on

2021-09-03 00:15:16 - [MESSAGE][PASSED] - Object: 'Object Repository/Bento/Cases_page/Filter/FilterByCases_Facet' is clicked on

2021-09-03 00:15:16 - [TEST_STEP][PASSED] - waitForElementPresent(findTestObject("Canine/Filter/StageOfDisease/STAGEOFDISEASE_Ddn"), 5): Object 'Object Repository/Canine/Filter/StageOfDisease/STAGEOFDISEASE_Ddn' is present

2021-09-03 00:15:16 - [MESSAGE][PASSED] - Object 'Object Repository/Canine/Filter/StageOfDisease/STAGEOFDISEASE_Ddn' is present

2021-09-03 00:15:16 - [TEST_STEP][PASSED] - ctdc.utilities.runtestcaseforKatalon.clickTabCanineStat("Canine/Filter/StageOfDisease/STAGEOFDISEASE_Ddn"): ctdc.utilities.runtestcaseforKatalon.clickTabCanineStat is PASSED

2021-09-03 00:15:18 - [MESSAGE][PASSED] - ctdc.utilities.runtestcaseforKatalon.clickTabCanineStat is PASSED

2021-09-03 00:15:18 - [TEST_STEP][PASSED] - ctdc.utilities.runtestcaseforKatalon.clickTabCanineStat("Canine/Filter/StageOfDisease/Unknown_Chkbx"): ctdc.utilities.runtestcaseforKatalon.clickTabCanineStat is PASSED

2021-09-03 00:15:19 - [MESSAGE][PASSED] - ctdc.utilities.runtestcaseforKatalon.clickTabCanineStat is PASSED

2021-09-03 00:15:19 - [TEST_STEP][PASSED] - ctdc.utilities.runtestcaseforKatalon.readStatBarCanine("Object Repository/Canine/StatBar/Canine_StatBar-Studies", "Object Repository/Canine/StatBar/Canine_StatBar-Cases", "Object Repository/Canine/StatBar/Canine_StatBar-Samples", "Object Repository/Canine/StatBar/Canine_StatBar-Files", "Object Repository/Canine/StatBar/Canine_StatBar-Aliquots"): ctdc.utilities.runtestcaseforKatalon.readStatBarCanine is PASSED

2021-09-03 00:15:34 - [MESSAGE][PASSED] - ctdc.utilities.runtestcaseforKatalon.readStatBarCanine is PASSED

2021-09-03 00:15:34 - [TEST_STEP][PASSED] - waitForElementPresent(findTestObject("Object Repository/Canine/CanineResults_Cases_Tab"), 5): Object 'Object Repository/Canine/CanineResults_Cases_Tab' is present

2021-09-03 00:15:34 - [MESSAGE][PASSED] - Object 'Object Repository/Canine/CanineResults_Cases_Tab' is present

2021-09-03 00:15:34 - [TEST_STEP][PASSED] - ctdc.utilities.runtestcaseforKatalon.clickTab("Object Repository/Canine/CanineResults_Cases_Tab"): ctdc.utilities.runtestcaseforKatalon.clickTab is PASSED

2021-09-03 00:15:35 - [MESSAGE][PASSED] - ctdc.utilities.runtestcaseforKatalon.clickTab is PASSED

2021-09-03 00:15:35 - [TEST_STEP][FAILED] - ctdc.utilities.runtestcaseforKatalon.multiFunction("ICDC", G_StatBar_Cases, "Object Repository/Canine/Canine_CasesTable", "Object Repository/Canine/Canine_TableHeader", "Object Repository/Canine/Canine_CasesTabNextBtn", G_WebTabnameCases, G_CypherTabnameCases, G_QueryCasesTab): com.kms.katalon.core.exception.StepFailedException: Mismatch in Stat Bar Files count

2021-09-03 00:15:49 - [MESSAGE][FAILED] - Mismatch in Stat Bar Files count

2021-09-03 00:15:49 - [MESSAGE][FAILED] - Mismatch in Stat Bar Samples count

2021-09-03 00:15:49 - [MESSAGE][FAILED] - Mismatch in Stat Bar Cases count

2021-09-03 00:15:49 - [MESSAGE][FAILED] - Mismatch in Stat Bar Studies count

2021-09-03 00:15:49 - [MESSAGE][FAILED] - com.kms.katalon.core.exception.StepFailedException: Mismatch in Stat Bar Files count

2021-09-03 00:15:49 - [TEST_STEP][PASSED] - closeBrowser(): Browser is closed

2021-09-03 00:15:50 - [MESSAGE][PASSED] - Browser is closed]]></system-out>
         <system-err><![CDATA[2021-09-03 00:15:04 - [TEST_CASE][FAILED] - Test Cases/Canine_TestCases/StageOfDisease/TC11_Canine_Filter_StageOfDisease-Unknown: Test Cases/Canine_TestCases/StageOfDisease/TC11_Canine_Filter_StageOfDisease-Unknown FAILED.
Reason:
com.kms.katalon.core.exception.StepFailedException: Mismatch in Stat Bar Files count
	at com.kms.katalon.core.util.KeywordUtil.markFailed(KeywordUtil.java:19)
	at com.kms.katalon.core.util.KeywordUtil$markFailed$1.call(Unknown Source)
	at ctdc.utilities.runtestcaseforKatalon.validateStatBar(runtestcaseforKatalon.groovy:971)
	at ctdc.utilities.runtestcaseforKatalon.multiFunction(runtestcaseforKatalon.groovy:256)
	at ctdc.utilities.runtestcaseforKatalon.invokeMethod(runtestcaseforKatalon.groovy)
	at com.kms.katalon.core.main.CustomKeywordDelegatingMetaClass.invokeStaticMethod(CustomKeywordDelegatingMetaClass.java:50)
	at TC11_Canine_Filter_StageOfDisease-Unknown.run(TC11_Canine_Filter_StageOfDisease-Unknown:64)
	at com.kms.katalon.core.main.ScriptEngine.run(ScriptEngine.java:194)
	at com.kms.katalon.core.main.ScriptEngine.runScriptAsRawText(ScriptEngine.java:119)
	at com.kms.katalon.core.main.TestCaseExecutor.runScript(TestCaseExecutor.java:369)
	at com.kms.katalon.core.main.TestCaseExecutor.doExecute(TestCaseExecutor.java:360)
	at com.kms.katalon.core.main.TestCaseExecutor.processExecutionPhase(TestCaseExecutor.java:339)
	at com.kms.katalon.core.main.TestCaseExecutor.accessMainPhase(TestCaseExecutor.java:331)
	at com.kms.katalon.core.main.TestCaseExecutor.execute(TestCaseExecutor.java:248)
	at com.kms.katalon.core.main.TestSuiteExecutor.accessTestCaseMainPhase(TestSuiteExecutor.java:191)
	at com.kms.katalon.core.main.TestSuiteExecutor.accessTestSuiteMainPhase(TestSuiteExecutor.java:140)
	at com.kms.katalon.core.main.TestSuiteExecutor.execute(TestSuiteExecutor.java:89)
	at com.kms.katalon.core.main.TestCaseMain.startTestSuite(TestCaseMain.java:185)
	at com.kms.katalon.core.main.TestCaseMain$startTestSuite$0.call(Unknown Source)
	at TempTestSuite1630631579924.run(TempTestSuite1630631579924.groovy:39)]]></system-err>
      </testcase>
      <testcase name="Test Cases/Canine_TestCases/StageOfDisease/TC10_Canine_Filter_StageOfDisease-5b" time="46.237" classname="Test Cases/Canine_TestCases/StageOfDisease/TC10_Canine_Filter_StageOfDisease-5b" status="PASSED">
         <system-out><![CDATA[2021-09-03 00:15:50 - [TEST_CASE][PASSED] - Test Cases/Canine_TestCases/StageOfDisease/TC10_Canine_Filter_StageOfDisease-5b: Test Cases/Canine_TestCases/StageOfDisease/TC10_Canine_Filter_StageOfDisease-5b

2021-09-03 00:15:50 - [TEST_STEP][PASSED] - Start listener action : getTestScriptName: null

2021-09-03 00:15:50 - [TEST_STEP][PASSED] - TestCaseId = testCaseContext.getTestCaseId(): null

2021-09-03 00:15:50 - [TEST_STEP][PASSED] - out.println("**********this is the value of test case id string******** " + testCaseContext.getTestCaseId()): null

2021-09-03 00:15:50 - [TEST_STEP][PASSED] - G_currentTCName = TestCaseId.substring(TestCaseId.lastIndexOf("TC")): null

2021-09-03 00:15:50 - [TEST_STEP][PASSED] - out.println("This is the test case name : " + G_currentTCName): null

2021-09-03 00:15:50 - [TEST_STEP][PASSED] - closeBrowser(): Browser is closed

2021-09-03 00:15:50 - [MESSAGE][PASSED] - Browser is closed

2021-09-03 00:15:50 - [TEST_STEP][PASSED] - ctdc.utilities.runtestcaseforKatalon.RunKatalon("TC10_Canine_Filter_StageOfDisease-5b.xlsx"): Data loaded from input file for the test case. 

2021-09-03 00:15:50 - [MESSAGE][PASSED] - Test case file loaded This is the full filepath after converting to string :C:\Users\sohilz2\Commons_Automation\InputFiles\TC10_Canine_Filter_StageOfDisease-5b.xlsx

2021-09-03 00:15:50 - [MESSAGE][INFO] - Global variable set for password file is :  C:\Users\sohilz2\Commons_Automation\InputFiles\TC10_Canine_Filter_StageOfDisease-5b.xlsx

2021-09-03 00:15:54 - [MESSAGE][PASSED] - Data loaded from input file for the test case. 

2021-09-03 00:16:01 - [TEST_STEP][PASSED] - waitForElementPresent(findTestObject("Canine/NavBar/Canine_Cases_Btn"), 5): Object 'Object Repository/Canine/NavBar/Canine_Cases_Btn' is present

2021-09-03 00:16:01 - [MESSAGE][PASSED] - Object 'Object Repository/Canine/NavBar/Canine_Cases_Btn' is present

2021-09-03 00:16:01 - [TEST_STEP][PASSED] - click(findTestObject("Canine/NavBar/Canine_Cases_Btn")): Object: 'Object Repository/Canine/NavBar/Canine_Cases_Btn' is clicked on

2021-09-03 00:16:01 - [MESSAGE][PASSED] - Object: 'Object Repository/Canine/NavBar/Canine_Cases_Btn' is clicked on

2021-09-03 00:16:01 - [TEST_STEP][PASSED] - click(findTestObject("Bento/Cases_page/Filter/FilterByCases_Facet")): Object: 'Object Repository/Bento/Cases_page/Filter/FilterByCases_Facet' is clicked on

2021-09-03 00:16:02 - [MESSAGE][PASSED] - Object: 'Object Repository/Bento/Cases_page/Filter/FilterByCases_Facet' is clicked on

2021-09-03 00:16:02 - [TEST_STEP][PASSED] - waitForElementPresent(findTestObject("Canine/Filter/StageOfDisease/STAGEOFDISEASE_Ddn"), 5): Object 'Object Repository/Canine/Filter/StageOfDisease/STAGEOFDISEASE_Ddn' is present

2021-09-03 00:16:02 - [MESSAGE][PASSED] - Object 'Object Repository/Canine/Filter/StageOfDisease/STAGEOFDISEASE_Ddn' is present

2021-09-03 00:16:02 - [TEST_STEP][PASSED] - ctdc.utilities.runtestcaseforKatalon.clickTabCanineStat("Canine/Filter/StageOfDisease/STAGEOFDISEASE_Ddn"): ctdc.utilities.runtestcaseforKatalon.clickTabCanineStat is PASSED

2021-09-03 00:16:04 - [MESSAGE][PASSED] - ctdc.utilities.runtestcaseforKatalon.clickTabCanineStat is PASSED

2021-09-03 00:16:04 - [TEST_STEP][PASSED] - ctdc.utilities.runtestcaseforKatalon.clickTabCanineStat("Canine/Filter/StageOfDisease/5b_Chkbx"): ctdc.utilities.runtestcaseforKatalon.clickTabCanineStat is PASSED

2021-09-03 00:16:05 - [MESSAGE][PASSED] - ctdc.utilities.runtestcaseforKatalon.clickTabCanineStat is PASSED

2021-09-03 00:16:05 - [TEST_STEP][PASSED] - ctdc.utilities.runtestcaseforKatalon.readStatBarCanine("Object Repository/Canine/StatBar/Canine_StatBar-Studies", "Object Repository/Canine/StatBar/Canine_StatBar-Cases", "Object Repository/Canine/StatBar/Canine_StatBar-Samples", "Object Repository/Canine/StatBar/Canine_StatBar-Files", "Object Repository/Canine/StatBar/Canine_StatBar-Aliquots"): ctdc.utilities.runtestcaseforKatalon.readStatBarCanine is PASSED

2021-09-03 00:16:21 - [MESSAGE][PASSED] - ctdc.utilities.runtestcaseforKatalon.readStatBarCanine is PASSED

2021-09-03 00:16:21 - [TEST_STEP][PASSED] - waitForElementPresent(findTestObject("Object Repository/Canine/CanineResults_Cases_Tab"), 5): Object 'Object Repository/Canine/CanineResults_Cases_Tab' is present

2021-09-03 00:16:21 - [MESSAGE][PASSED] - Object 'Object Repository/Canine/CanineResults_Cases_Tab' is present

2021-09-03 00:16:21 - [TEST_STEP][PASSED] - ctdc.utilities.runtestcaseforKatalon.clickTab("Object Repository/Canine/CanineResults_Cases_Tab"): ctdc.utilities.runtestcaseforKatalon.clickTab is PASSED

2021-09-03 00:16:21 - [MESSAGE][PASSED] - ctdc.utilities.runtestcaseforKatalon.clickTab is PASSED

2021-09-03 00:16:21 - [TEST_STEP][PASSED] - ctdc.utilities.runtestcaseforKatalon.multiFunction("ICDC", G_StatBar_Cases, "Object Repository/Canine/Canine_CasesTable", "Object Repository/Canine/Canine_TableHeader", "Object Repository/Canine/Canine_CasesTabNextBtn", G_WebTabnameCases, G_CypherTabnameCases, G_QueryCasesTab): Statbar Arms count matches

2021-09-03 00:16:35 - [MESSAGE][PASSED] - Statbar Files count matches

2021-09-03 00:16:35 - [MESSAGE][PASSED] - Statbar Samples count matches

2021-09-03 00:16:35 - [MESSAGE][PASSED] - Statbar Cases count matches

2021-09-03 00:16:35 - [MESSAGE][PASSED] - Statbar Arms count matches

2021-09-03 00:16:35 - [TEST_STEP][PASSED] - closeBrowser(): Browser is closed

2021-09-03 00:16:36 - [MESSAGE][PASSED] - Browser is closed]]></system-out>
         <system-err><![CDATA[]]></system-err>
      </testcase>
      <testcase name="Test Cases/Canine_TestCases/StageOfDisease/TC07_Canine_Filter_StageOfDisease-4b" time="47.208" classname="Test Cases/Canine_TestCases/StageOfDisease/TC07_Canine_Filter_StageOfDisease-4b" status="PASSED">
         <system-out><![CDATA[2021-09-03 00:16:36 - [TEST_CASE][PASSED] - Test Cases/Canine_TestCases/StageOfDisease/TC07_Canine_Filter_StageOfDisease-4b: Test Cases/Canine_TestCases/StageOfDisease/TC07_Canine_Filter_StageOfDisease-4b

2021-09-03 00:16:36 - [TEST_STEP][PASSED] - Start listener action : getTestScriptName: null

2021-09-03 00:16:36 - [TEST_STEP][PASSED] - TestCaseId = testCaseContext.getTestCaseId(): null

2021-09-03 00:16:36 - [TEST_STEP][PASSED] - out.println("**********this is the value of test case id string******** " + testCaseContext.getTestCaseId()): null

2021-09-03 00:16:36 - [TEST_STEP][PASSED] - G_currentTCName = TestCaseId.substring(TestCaseId.lastIndexOf("TC")): null

2021-09-03 00:16:36 - [TEST_STEP][PASSED] - out.println("This is the test case name : " + G_currentTCName): null

2021-09-03 00:16:37 - [TEST_STEP][PASSED] - closeBrowser(): Browser is closed

2021-09-03 00:16:37 - [MESSAGE][PASSED] - Browser is closed

2021-09-03 00:16:37 - [TEST_STEP][PASSED] - ctdc.utilities.runtestcaseforKatalon.RunKatalon("TC07_Canine_Filter_StageOfDisease-4b.xlsx"): Data loaded from input file for the test case. 

2021-09-03 00:16:37 - [MESSAGE][PASSED] - Test case file loaded This is the full filepath after converting to string :C:\Users\sohilz2\Commons_Automation\InputFiles\TC07_Canine_Filter_StageOfDisease-4b.xlsx

2021-09-03 00:16:37 - [MESSAGE][INFO] - Global variable set for password file is :  C:\Users\sohilz2\Commons_Automation\InputFiles\TC07_Canine_Filter_StageOfDisease-4b.xlsx

2021-09-03 00:16:41 - [MESSAGE][PASSED] - Data loaded from input file for the test case. 

2021-09-03 00:16:47 - [TEST_STEP][PASSED] - waitForElementPresent(findTestObject("Canine/NavBar/Canine_Cases_Btn"), 5): Object 'Object Repository/Canine/NavBar/Canine_Cases_Btn' is present

2021-09-03 00:16:47 - [MESSAGE][PASSED] - Object 'Object Repository/Canine/NavBar/Canine_Cases_Btn' is present

2021-09-03 00:16:47 - [TEST_STEP][PASSED] - click(findTestObject("Canine/NavBar/Canine_Cases_Btn")): Object: 'Object Repository/Canine/NavBar/Canine_Cases_Btn' is clicked on

2021-09-03 00:16:47 - [MESSAGE][PASSED] - Object: 'Object Repository/Canine/NavBar/Canine_Cases_Btn' is clicked on

2021-09-03 00:16:47 - [TEST_STEP][PASSED] - click(findTestObject("Bento/Cases_page/Filter/FilterByCases_Facet")): Object: 'Object Repository/Bento/Cases_page/Filter/FilterByCases_Facet' is clicked on

2021-09-03 00:16:48 - [MESSAGE][PASSED] - Object: 'Object Repository/Bento/Cases_page/Filter/FilterByCases_Facet' is clicked on

2021-09-03 00:16:48 - [TEST_STEP][PASSED] - waitForElementPresent(findTestObject("Canine/Filter/StageOfDisease/STAGEOFDISEASE_Ddn"), 5): Object 'Object Repository/Canine/Filter/StageOfDisease/STAGEOFDISEASE_Ddn' is present

2021-09-03 00:16:49 - [MESSAGE][PASSED] - Object 'Object Repository/Canine/Filter/StageOfDisease/STAGEOFDISEASE_Ddn' is present

2021-09-03 00:16:49 - [TEST_STEP][PASSED] - ctdc.utilities.runtestcaseforKatalon.clickTabCanineStat("Canine/Filter/StageOfDisease/STAGEOFDISEASE_Ddn"): ctdc.utilities.runtestcaseforKatalon.clickTabCanineStat is PASSED

2021-09-03 00:16:50 - [MESSAGE][PASSED] - ctdc.utilities.runtestcaseforKatalon.clickTabCanineStat is PASSED

2021-09-03 00:16:50 - [TEST_STEP][PASSED] - ctdc.utilities.runtestcaseforKatalon.clickTabCanineStat("Canine/Filter/StageOfDisease/4b_Chkbx"): ctdc.utilities.runtestcaseforKatalon.clickTabCanineStat is PASSED

2021-09-03 00:16:51 - [MESSAGE][PASSED] - ctdc.utilities.runtestcaseforKatalon.clickTabCanineStat is PASSED

2021-09-03 00:16:51 - [TEST_STEP][PASSED] - ctdc.utilities.runtestcaseforKatalon.readStatBarCanine("Object Repository/Canine/StatBar/Canine_StatBar-Studies", "Object Repository/Canine/StatBar/Canine_StatBar-Cases", "Object Repository/Canine/StatBar/Canine_StatBar-Samples", "Object Repository/Canine/StatBar/Canine_StatBar-Files", "Object Repository/Canine/StatBar/Canine_StatBar-Aliquots"): ctdc.utilities.runtestcaseforKatalon.readStatBarCanine is PASSED

2021-09-03 00:17:07 - [MESSAGE][PASSED] - ctdc.utilities.runtestcaseforKatalon.readStatBarCanine is PASSED

2021-09-03 00:17:07 - [TEST_STEP][PASSED] - waitForElementPresent(findTestObject("Object Repository/Canine/CanineResults_Cases_Tab"), 5): Object 'Object Repository/Canine/CanineResults_Cases_Tab' is present

2021-09-03 00:17:07 - [MESSAGE][PASSED] - Object 'Object Repository/Canine/CanineResults_Cases_Tab' is present

2021-09-03 00:17:07 - [TEST_STEP][PASSED] - ctdc.utilities.runtestcaseforKatalon.clickTab("Object Repository/Canine/CanineResults_Cases_Tab"): ctdc.utilities.runtestcaseforKatalon.clickTab is PASSED

2021-09-03 00:17:07 - [MESSAGE][PASSED] - ctdc.utilities.runtestcaseforKatalon.clickTab is PASSED

2021-09-03 00:17:07 - [TEST_STEP][PASSED] - ctdc.utilities.runtestcaseforKatalon.multiFunction("ICDC", G_StatBar_Cases, "Object Repository/Canine/Canine_CasesTable", "Object Repository/Canine/Canine_TableHeader", "Object Repository/Canine/Canine_CasesTabNextBtn", G_WebTabnameCases, G_CypherTabnameCases, G_QueryCasesTab): Statbar Arms count matches

2021-09-03 00:17:23 - [MESSAGE][PASSED] - Statbar Files count matches

2021-09-03 00:17:23 - [MESSAGE][PASSED] - Statbar Samples count matches

2021-09-03 00:17:23 - [MESSAGE][PASSED] - Statbar Cases count matches

2021-09-03 00:17:23 - [MESSAGE][PASSED] - Statbar Arms count matches

2021-09-03 00:17:23 - [TEST_STEP][PASSED] - closeBrowser(): Browser is closed

2021-09-03 00:17:23 - [MESSAGE][PASSED] - Browser is closed]]></system-out>
         <system-err><![CDATA[]]></system-err>
      </testcase>
      <testcase name="Test Cases/Canine_TestCases/Study/TC05_Canine_Filter_Study-UBC02" time="325.303" classname="Test Cases/Canine_TestCases/Study/TC05_Canine_Filter_Study-UBC02" status="PASSED">
         <system-out><![CDATA[2021-09-03 00:17:23 - [TEST_CASE][PASSED] - Test Cases/Canine_TestCases/Study/TC05_Canine_Filter_Study-UBC02: Test Cases/Canine_TestCases/Study/TC05_Canine_Filter_Study-UBC02

2021-09-03 00:17:23 - [TEST_STEP][PASSED] - Start listener action : getTestScriptName: null

2021-09-03 00:17:23 - [TEST_STEP][PASSED] - TestCaseId = testCaseContext.getTestCaseId(): null

2021-09-03 00:17:23 - [TEST_STEP][PASSED] - out.println("**********this is the value of test case id string******** " + testCaseContext.getTestCaseId()): null

2021-09-03 00:17:23 - [TEST_STEP][PASSED] - G_currentTCName = TestCaseId.substring(TestCaseId.lastIndexOf("TC")): null

2021-09-03 00:17:23 - [TEST_STEP][PASSED] - out.println("This is the test case name : " + G_currentTCName): null

2021-09-03 00:17:24 - [TEST_STEP][PASSED] - openBrowser(""): Browser is opened with url: ''

2021-09-03 00:17:24 - [MESSAGE][INFO] - Starting 'Chrome (headless)' driver

2021-09-03 00:17:24 - [MESSAGE][INFO] - User set preference: ['args', '[--no-sandbox]']

2021-09-03 00:17:24 - [MESSAGE][INFO] - Action delay is set to 0 milliseconds

2021-09-03 00:17:25 - [MESSAGE][PASSED] - Browser is opened with url: ''

2021-09-03 00:17:25 - [TEST_STEP][PASSED] - ctdc.utilities.runtestcaseforKatalon.RunKatalon("TC05_Canine_Filter_Study-UBC02.xlsx"): Data loaded from input file for the test case. 

2021-09-03 00:17:25 - [MESSAGE][PASSED] - Test case file loaded This is the full filepath after converting to string :C:\Users\sohilz2\Commons_Automation\InputFiles\TC05_Canine_Filter_Study-UBC02.xlsx

2021-09-03 00:17:25 - [MESSAGE][INFO] - Global variable set for password file is :  C:\Users\sohilz2\Commons_Automation\InputFiles\TC05_Canine_Filter_Study-UBC02.xlsx

2021-09-03 00:17:29 - [MESSAGE][PASSED] - Data loaded from input file for the test case. 

2021-09-03 00:17:35 - [TEST_STEP][PASSED] - waitForElementPresent(findTestObject("Canine/NavBar/Canine_Cases_Btn"), 5): Object 'Object Repository/Canine/NavBar/Canine_Cases_Btn' is present

2021-09-03 00:17:35 - [MESSAGE][PASSED] - Object 'Object Repository/Canine/NavBar/Canine_Cases_Btn' is present

2021-09-03 00:17:35 - [TEST_STEP][PASSED] - ctdc.utilities.runtestcaseforKatalon.clickTab("Canine/NavBar/Canine_Cases_Btn"): ctdc.utilities.runtestcaseforKatalon.clickTab is PASSED

2021-09-03 00:17:35 - [MESSAGE][PASSED] - ctdc.utilities.runtestcaseforKatalon.clickTab is PASSED

2021-09-03 00:17:35 - [TEST_STEP][PASSED] - waitForElementPresent(findTestObject("Object Repository/Canine/Filter/FilterByCases_Facet"), 5): Object 'Object Repository/Canine/Filter/FilterByCases_Facet' is present

2021-09-03 00:17:36 - [MESSAGE][PASSED] - Object 'Object Repository/Canine/Filter/FilterByCases_Facet' is present

2021-09-03 00:17:36 - [TEST_STEP][PASSED] - ctdc.utilities.runtestcaseforKatalon.clickTab("Object Repository/Canine/Filter/FilterByCases_Facet"): ctdc.utilities.runtestcaseforKatalon.clickTab is PASSED

2021-09-03 00:17:37 - [MESSAGE][PASSED] - ctdc.utilities.runtestcaseforKatalon.clickTab is PASSED

2021-09-03 00:17:37 - [TEST_STEP][PASSED] - waitForElementPresent(findTestObject("Object Repository/Canine/Filter/Study/Canine_Filter_Study"), 5): Object 'Object Repository/Canine/Filter/Study/Canine_Filter_Study' is present

2021-09-03 00:17:37 - [MESSAGE][PASSED] - Object 'Object Repository/Canine/Filter/Study/Canine_Filter_Study' is present

2021-09-03 00:17:37 - [TEST_STEP][PASSED] - ctdc.utilities.runtestcaseforKatalon.clickTabCanineStat("Object Repository/Canine/Filter/Study/Canine_Filter_Study"): ctdc.utilities.runtestcaseforKatalon.clickTabCanineStat is PASSED

2021-09-03 00:17:39 - [MESSAGE][PASSED] - ctdc.utilities.runtestcaseforKatalon.clickTabCanineStat is PASSED

2021-09-03 00:17:39 - [TEST_STEP][PASSED] - ctdc.utilities.runtestcaseforKatalon.clickTabCanineStat("Object Repository/Canine/Filter/Study/Canine_Filter_Study-UBC02_Chkbx"): ctdc.utilities.runtestcaseforKatalon.clickTabCanineStat is PASSED

2021-09-03 00:17:40 - [MESSAGE][PASSED] - ctdc.utilities.runtestcaseforKatalon.clickTabCanineStat is PASSED

2021-09-03 00:17:40 - [TEST_STEP][PASSED] - ctdc.utilities.runtestcaseforKatalon.readStatBarCanine("Object Repository/Canine/StatBar/Canine_StatBar-Studies", "Object Repository/Canine/StatBar/Canine_StatBar-Cases", "Object Repository/Canine/StatBar/Canine_StatBar-Samples", "Object Repository/Canine/StatBar/Canine_StatBar-Files", "Object Repository/Canine/StatBar/Canine_StatBar-Aliquots"): ctdc.utilities.runtestcaseforKatalon.readStatBarCanine is PASSED

2021-09-03 00:17:55 - [MESSAGE][PASSED] - ctdc.utilities.runtestcaseforKatalon.readStatBarCanine is PASSED

2021-09-03 00:17:55 - [TEST_STEP][PASSED] - waitForElementPresent(findTestObject("Object Repository/Canine/CanineResults_Cases_Tab"), 5): Object 'Object Repository/Canine/CanineResults_Cases_Tab' is present

2021-09-03 00:17:55 - [MESSAGE][PASSED] - Object 'Object Repository/Canine/CanineResults_Cases_Tab' is present

2021-09-03 00:17:55 - [TEST_STEP][PASSED] - ctdc.utilities.runtestcaseforKatalon.clickTab("Object Repository/Canine/CanineResults_Cases_Tab"): ctdc.utilities.runtestcaseforKatalon.clickTab is PASSED

2021-09-03 00:17:56 - [MESSAGE][PASSED] - ctdc.utilities.runtestcaseforKatalon.clickTab is PASSED

2021-09-03 00:17:56 - [TEST_STEP][PASSED] - ctdc.utilities.runtestcaseforKatalon.multiFunction("ICDC", G_StatBar_Cases, "Object Repository/Canine/Canine_CasesTable", "Object Repository/Canine/Canine_TableHeader", "Object Repository/Canine/Canine_CasesTabNextBtn", G_WebTabnameCases, G_CypherTabnameCases, G_QueryCasesTab): Statbar Arms count matches

2021-09-03 00:19:09 - [MESSAGE][PASSED] - Statbar Files count matches

2021-09-03 00:19:09 - [MESSAGE][PASSED] - Statbar Samples count matches

2021-09-03 00:19:09 - [MESSAGE][PASSED] - Statbar Cases count matches

2021-09-03 00:19:09 - [MESSAGE][PASSED] - Statbar Arms count matches

2021-09-03 00:19:09 - [TEST_STEP][PASSED] - waitForElementPresent(findTestObject("Object Repository/Canine/CanineResults_Samples_Tab"), 5): Object 'Object Repository/Canine/CanineResults_Samples_Tab' is present

2021-09-03 00:19:09 - [MESSAGE][PASSED] - Object 'Object Repository/Canine/CanineResults_Samples_Tab' is present

2021-09-03 00:19:09 - [TEST_STEP][PASSED] - ctdc.utilities.runtestcaseforKatalon.clickTab("Object Repository/Canine/CanineResults_Samples_Tab"): ctdc.utilities.runtestcaseforKatalon.clickTab is PASSED

2021-09-03 00:19:09 - [MESSAGE][PASSED] - ctdc.utilities.runtestcaseforKatalon.clickTab is PASSED

2021-09-03 00:19:09 - [TEST_STEP][PASSED] - ctdc.utilities.runtestcaseforKatalon.multiFunction("ICDC", G_StatBar_Samples, "Object Repository/Canine/Canine_Samples_Table", "Object Repository/Canine/Canine_Samples_TableHdr", "Object Repository/Canine/Canine_SamplesTabNextBtn", G_WebTabnameSamples, G_CypherTabnameSamples, G_QuerySamplesTab): Statbar Arms count matches

2021-09-03 00:20:26 - [MESSAGE][PASSED] - Statbar Files count matches

2021-09-03 00:20:26 - [MESSAGE][PASSED] - Statbar Samples count matches

2021-09-03 00:20:26 - [MESSAGE][PASSED] - Statbar Cases count matches

2021-09-03 00:20:26 - [MESSAGE][PASSED] - Statbar Arms count matches

2021-09-03 00:20:26 - [TEST_STEP][PASSED] - waitForElementPresent(findTestObject("Object Repository/Canine/CanineResults_Files_Tab"), 5): Object 'Object Repository/Canine/CanineResults_Files_Tab' is present

2021-09-03 00:20:26 - [MESSAGE][PASSED] - Object 'Object Repository/Canine/CanineResults_Files_Tab' is present

2021-09-03 00:20:26 - [TEST_STEP][PASSED] - ctdc.utilities.runtestcaseforKatalon.clickTab("Object Repository/Canine/CanineResults_Files_Tab"): ctdc.utilities.runtestcaseforKatalon.clickTab is PASSED

2021-09-03 00:20:26 - [MESSAGE][PASSED] - ctdc.utilities.runtestcaseforKatalon.clickTab is PASSED

2021-09-03 00:20:26 - [TEST_STEP][PASSED] - ctdc.utilities.runtestcaseforKatalon.multiFunction("ICDC", G_StatBar_Files, "Object Repository/Canine/Canine_Files_Table", "Object Repository/Canine/Canine_Files_TableHdr", "Object Repository/Canine/Canine_FilesTabNextBtn", G_WebTabnameFiles, G_CypherTabnameFiles, G_QueryFilesTab): Statbar Arms count matches

2021-09-03 00:22:48 - [MESSAGE][PASSED] - Statbar Files count matches

2021-09-03 00:22:48 - [MESSAGE][PASSED] - Statbar Samples count matches

2021-09-03 00:22:48 - [MESSAGE][PASSED] - Statbar Cases count matches

2021-09-03 00:22:48 - [MESSAGE][PASSED] - Statbar Arms count matches

2021-09-03 00:22:48 - [TEST_STEP][PASSED] - closeBrowser(): Browser is closed

2021-09-03 00:22:49 - [MESSAGE][PASSED] - Browser is closed]]></system-out>
         <system-err><![CDATA[]]></system-err>
      </testcase>
      <testcase name="Test Cases/Canine_TestCases/Study/TC04_Canine_Filter_Study-UBC01" time="393.434" classname="Test Cases/Canine_TestCases/Study/TC04_Canine_Filter_Study-UBC01" status="PASSED">
         <system-out><![CDATA[2021-09-03 00:22:49 - [TEST_CASE][PASSED] - Test Cases/Canine_TestCases/Study/TC04_Canine_Filter_Study-UBC01: Test Cases/Canine_TestCases/Study/TC04_Canine_Filter_Study-UBC01

2021-09-03 00:22:49 - [TEST_STEP][PASSED] - Start listener action : getTestScriptName: null

2021-09-03 00:22:49 - [TEST_STEP][PASSED] - TestCaseId = testCaseContext.getTestCaseId(): null

2021-09-03 00:22:49 - [TEST_STEP][PASSED] - out.println("**********this is the value of test case id string******** " + testCaseContext.getTestCaseId()): null

2021-09-03 00:22:49 - [TEST_STEP][PASSED] - G_currentTCName = TestCaseId.substring(TestCaseId.lastIndexOf("TC")): null

2021-09-03 00:22:49 - [TEST_STEP][PASSED] - out.println("This is the test case name : " + G_currentTCName): null

2021-09-03 00:22:49 - [TEST_STEP][PASSED] - openBrowser(""): Browser is opened with url: ''

2021-09-03 00:22:49 - [MESSAGE][INFO] - Starting 'Chrome (headless)' driver

2021-09-03 00:22:49 - [MESSAGE][INFO] - User set preference: ['args', '[--no-sandbox]']

2021-09-03 00:22:49 - [MESSAGE][INFO] - Action delay is set to 0 milliseconds

2021-09-03 00:22:50 - [MESSAGE][PASSED] - Browser is opened with url: ''

2021-09-03 00:22:50 - [TEST_STEP][PASSED] - ctdc.utilities.runtestcaseforKatalon.RunKatalon("TC04_Canine_Filter_Study-UBC01.xlsx"): Data loaded from input file for the test case. 

2021-09-03 00:22:50 - [MESSAGE][PASSED] - Test case file loaded This is the full filepath after converting to string :C:\Users\sohilz2\Commons_Automation\InputFiles\TC04_Canine_Filter_Study-UBC01.xlsx

2021-09-03 00:22:50 - [MESSAGE][INFO] - Global variable set for password file is :  C:\Users\sohilz2\Commons_Automation\InputFiles\TC04_Canine_Filter_Study-UBC01.xlsx

2021-09-03 00:22:54 - [MESSAGE][PASSED] - Data loaded from input file for the test case. 

2021-09-03 00:23:01 - [TEST_STEP][PASSED] - waitForElementPresent(findTestObject("Canine/NavBar/Canine_Cases_Btn"), 5): Object 'Object Repository/Canine/NavBar/Canine_Cases_Btn' is present

2021-09-03 00:23:01 - [MESSAGE][PASSED] - Object 'Object Repository/Canine/NavBar/Canine_Cases_Btn' is present

2021-09-03 00:23:01 - [TEST_STEP][PASSED] - ctdc.utilities.runtestcaseforKatalon.clickTab("Canine/NavBar/Canine_Cases_Btn"): ctdc.utilities.runtestcaseforKatalon.clickTab is PASSED

2021-09-03 00:23:01 - [MESSAGE][PASSED] - ctdc.utilities.runtestcaseforKatalon.clickTab is PASSED

2021-09-03 00:23:01 - [TEST_STEP][PASSED] - waitForElementPresent(findTestObject("Object Repository/Canine/Filter/FilterByCases_Facet"), 5): Object 'Object Repository/Canine/Filter/FilterByCases_Facet' is present

2021-09-03 00:23:02 - [MESSAGE][PASSED] - Object 'Object Repository/Canine/Filter/FilterByCases_Facet' is present

2021-09-03 00:23:02 - [TEST_STEP][PASSED] - ctdc.utilities.runtestcaseforKatalon.clickTab("Object Repository/Canine/Filter/FilterByCases_Facet"): ctdc.utilities.runtestcaseforKatalon.clickTab is PASSED

2021-09-03 00:23:02 - [MESSAGE][PASSED] - ctdc.utilities.runtestcaseforKatalon.clickTab is PASSED

2021-09-03 00:23:02 - [TEST_STEP][PASSED] - waitForElementPresent(findTestObject("Object Repository/Canine/Filter/Study/Canine_Filter_Study"), 5): Object 'Object Repository/Canine/Filter/Study/Canine_Filter_Study' is present

2021-09-03 00:23:03 - [MESSAGE][PASSED] - Object 'Object Repository/Canine/Filter/Study/Canine_Filter_Study' is present

2021-09-03 00:23:03 - [TEST_STEP][PASSED] - ctdc.utilities.runtestcaseforKatalon.clickTabCanineStat("Object Repository/Canine/Filter/Study/Canine_Filter_Study"): ctdc.utilities.runtestcaseforKatalon.clickTabCanineStat is PASSED

2021-09-03 00:23:04 - [MESSAGE][PASSED] - ctdc.utilities.runtestcaseforKatalon.clickTabCanineStat is PASSED

2021-09-03 00:23:04 - [TEST_STEP][PASSED] - ctdc.utilities.runtestcaseforKatalon.clickTabCanineStat("Object Repository/Canine/Filter/Study/Canine_Filter_Study-UBC_Chkbx"): ctdc.utilities.runtestcaseforKatalon.clickTabCanineStat is PASSED

2021-09-03 00:23:06 - [MESSAGE][PASSED] - ctdc.utilities.runtestcaseforKatalon.clickTabCanineStat is PASSED

2021-09-03 00:23:06 - [TEST_STEP][PASSED] - ctdc.utilities.runtestcaseforKatalon.readStatBarCanine("Object Repository/Canine/StatBar/Canine_StatBar-Studies", "Object Repository/Canine/StatBar/Canine_StatBar-Cases", "Object Repository/Canine/StatBar/Canine_StatBar-Samples", "Object Repository/Canine/StatBar/Canine_StatBar-Files", "Object Repository/Canine/StatBar/Canine_StatBar-Aliquots"): ctdc.utilities.runtestcaseforKatalon.readStatBarCanine is PASSED

2021-09-03 00:23:21 - [MESSAGE][PASSED] - ctdc.utilities.runtestcaseforKatalon.readStatBarCanine is PASSED

2021-09-03 00:23:21 - [TEST_STEP][PASSED] - waitForElementPresent(findTestObject("Object Repository/Canine/CanineResults_Cases_Tab"), 5): Object 'Object Repository/Canine/CanineResults_Cases_Tab' is present

2021-09-03 00:23:22 - [MESSAGE][PASSED] - Object 'Object Repository/Canine/CanineResults_Cases_Tab' is present

2021-09-03 00:23:22 - [TEST_STEP][PASSED] - ctdc.utilities.runtestcaseforKatalon.clickTab("Object Repository/Canine/CanineResults_Cases_Tab"): ctdc.utilities.runtestcaseforKatalon.clickTab is PASSED

2021-09-03 00:23:22 - [MESSAGE][PASSED] - ctdc.utilities.runtestcaseforKatalon.clickTab is PASSED

2021-09-03 00:23:22 - [TEST_STEP][PASSED] - ctdc.utilities.runtestcaseforKatalon.multiFunction("ICDC", G_StatBar_Cases, "Object Repository/Canine/Canine_CasesTable", "Object Repository/Canine/Canine_TableHeader", "Object Repository/Canine/Canine_CasesTabNextBtn", G_WebTabnameCases, G_CypherTabnameCases, G_QueryCasesTab): Statbar Arms count matches

2021-09-03 00:24:12 - [MESSAGE][PASSED] - Statbar Files count matches

2021-09-03 00:24:12 - [MESSAGE][PASSED] - Statbar Samples count matches

2021-09-03 00:24:12 - [MESSAGE][PASSED] - Statbar Cases count matches

2021-09-03 00:24:12 - [MESSAGE][PASSED] - Statbar Arms count matches

2021-09-03 00:24:12 - [TEST_STEP][PASSED] - waitForElementPresent(findTestObject("Object Repository/Canine/CanineResults_Samples_Tab"), 5): Object 'Object Repository/Canine/CanineResults_Samples_Tab' is present

2021-09-03 00:24:12 - [MESSAGE][PASSED] - Object 'Object Repository/Canine/CanineResults_Samples_Tab' is present

2021-09-03 00:24:12 - [TEST_STEP][PASSED] - ctdc.utilities.runtestcaseforKatalon.clickTab("Object Repository/Canine/CanineResults_Samples_Tab"): ctdc.utilities.runtestcaseforKatalon.clickTab is PASSED

2021-09-03 00:24:12 - [MESSAGE][PASSED] - ctdc.utilities.runtestcaseforKatalon.clickTab is PASSED

2021-09-03 00:24:12 - [TEST_STEP][PASSED] - ctdc.utilities.runtestcaseforKatalon.multiFunction("ICDC", G_StatBar_Samples, "Object Repository/Canine/Canine_Samples_Table", "Object Repository/Canine/Canine_Samples_TableHdr", "Object Repository/Canine/Canine_SamplesTabNextBtn", G_WebTabnameSamples, G_CypherTabnameSamples, G_QuerySamplesTab): Statbar Arms count matches

2021-09-03 00:26:05 - [MESSAGE][PASSED] - Statbar Files count matches

2021-09-03 00:26:05 - [MESSAGE][PASSED] - Statbar Samples count matches

2021-09-03 00:26:05 - [MESSAGE][PASSED] - Statbar Cases count matches

2021-09-03 00:26:05 - [MESSAGE][PASSED] - Statbar Arms count matches

2021-09-03 00:26:05 - [TEST_STEP][PASSED] - waitForElementPresent(findTestObject("Object Repository/Canine/CanineResults_Files_Tab"), 5): Object 'Object Repository/Canine/CanineResults_Files_Tab' is present

2021-09-03 00:26:05 - [MESSAGE][PASSED] - Object 'Object Repository/Canine/CanineResults_Files_Tab' is present

2021-09-03 00:26:05 - [TEST_STEP][PASSED] - ctdc.utilities.runtestcaseforKatalon.clickTab("Object Repository/Canine/CanineResults_Files_Tab"): ctdc.utilities.runtestcaseforKatalon.clickTab is PASSED

2021-09-03 00:26:05 - [MESSAGE][PASSED] - ctdc.utilities.runtestcaseforKatalon.clickTab is PASSED

2021-09-03 00:26:05 - [TEST_STEP][PASSED] - ctdc.utilities.runtestcaseforKatalon.multiFunction("ICDC", G_StatBar_Files, "Object Repository/Canine/Canine_Files_Table", "Object Repository/Canine/Canine_Files_TableHdr", "Object Repository/Canine/Canine_FilesTabNextBtn", G_WebTabnameFiles, G_CypherTabnameFiles, G_QueryFilesTab): Statbar Arms count matches

2021-09-03 00:29:21 - [MESSAGE][PASSED] - Statbar Files count matches

2021-09-03 00:29:21 - [MESSAGE][PASSED] - Statbar Samples count matches

2021-09-03 00:29:21 - [MESSAGE][PASSED] - Statbar Cases count matches

2021-09-03 00:29:21 - [MESSAGE][PASSED] - Statbar Arms count matches

2021-09-03 00:29:21 - [TEST_STEP][PASSED] - closeBrowser(): Browser is closed

2021-09-03 00:29:22 - [MESSAGE][PASSED] - Browser is closed]]></system-out>
         <system-err><![CDATA[]]></system-err>
      </testcase>
      <testcase name="Test Cases/Canine_TestCases/Study/TC04_Canine_Filter_Study-ALL" time="315.84" classname="Test Cases/Canine_TestCases/Study/TC04_Canine_Filter_Study-ALL" status="PASSED">
         <system-out><![CDATA[2021-09-03 00:29:22 - [TEST_CASE][PASSED] - Test Cases/Canine_TestCases/Study/TC04_Canine_Filter_Study-ALL: Test Cases/Canine_TestCases/Study/TC04_Canine_Filter_Study-ALL

2021-09-03 00:29:22 - [TEST_STEP][PASSED] - Start listener action : getTestScriptName: null

2021-09-03 00:29:22 - [TEST_STEP][PASSED] - TestCaseId = testCaseContext.getTestCaseId(): null

2021-09-03 00:29:22 - [TEST_STEP][PASSED] - out.println("**********this is the value of test case id string******** " + testCaseContext.getTestCaseId()): null

2021-09-03 00:29:22 - [TEST_STEP][PASSED] - G_currentTCName = TestCaseId.substring(TestCaseId.lastIndexOf("TC")): null

2021-09-03 00:29:22 - [TEST_STEP][PASSED] - out.println("This is the test case name : " + G_currentTCName): null

2021-09-03 00:29:23 - [TEST_STEP][PASSED] - closeBrowser(): Browser is closed

2021-09-03 00:29:23 - [MESSAGE][PASSED] - Browser is closed

2021-09-03 00:29:23 - [TEST_STEP][PASSED] - ctdc.utilities.runtestcaseforKatalon.RunKatalon("TC04_Canine_Filter_Study-ALL.xlsx"): Data loaded from input file for the test case. 

2021-09-03 00:29:23 - [MESSAGE][PASSED] - Test case file loaded This is the full filepath after converting to string :C:\Users\sohilz2\Commons_Automation\InputFiles\TC04_Canine_Filter_Study-ALL.xlsx

2021-09-03 00:29:23 - [MESSAGE][INFO] - Global variable set for password file is :  C:\Users\sohilz2\Commons_Automation\InputFiles\TC04_Canine_Filter_Study-ALL.xlsx

2021-09-03 00:29:27 - [MESSAGE][PASSED] - Data loaded from input file for the test case. 

2021-09-03 00:29:32 - [TEST_STEP][PASSED] - waitForElementPresent(findTestObject("Canine/NavBar/Canine_Cases_Btn"), 5): Object 'Object Repository/Canine/NavBar/Canine_Cases_Btn' is present

2021-09-03 00:29:32 - [MESSAGE][PASSED] - Object 'Object Repository/Canine/NavBar/Canine_Cases_Btn' is present

2021-09-03 00:29:32 - [TEST_STEP][PASSED] - ctdc.utilities.runtestcaseforKatalon.clickTab("Canine/NavBar/Canine_Cases_Btn"): ctdc.utilities.runtestcaseforKatalon.clickTab is PASSED

2021-09-03 00:29:32 - [MESSAGE][PASSED] - ctdc.utilities.runtestcaseforKatalon.clickTab is PASSED

2021-09-03 00:29:32 - [TEST_STEP][PASSED] - waitForElementPresent(findTestObject("Bento/Cases_page/Filter/FilterByCases_Facet"), 5): Object 'Object Repository/Bento/Cases_page/Filter/FilterByCases_Facet' is present

2021-09-03 00:29:33 - [MESSAGE][PASSED] - Object 'Object Repository/Bento/Cases_page/Filter/FilterByCases_Facet' is present

2021-09-03 00:29:33 - [TEST_STEP][PASSED] - ctdc.utilities.runtestcaseforKatalon.clickTab("Object Repository/Canine/Filter/FilterByCases_Facet"): ctdc.utilities.runtestcaseforKatalon.clickTab is PASSED

2021-09-03 00:29:34 - [MESSAGE][PASSED] - ctdc.utilities.runtestcaseforKatalon.clickTab is PASSED

2021-09-03 00:29:34 - [TEST_STEP][PASSED] - waitForElementPresent(findTestObject("Object Repository/Canine/Filter/Study/Canine_Filter_Study"), 5): Object 'Object Repository/Canine/Filter/Study/Canine_Filter_Study' is present

2021-09-03 00:29:34 - [MESSAGE][PASSED] - Object 'Object Repository/Canine/Filter/Study/Canine_Filter_Study' is present

2021-09-03 00:29:34 - [TEST_STEP][PASSED] - ctdc.utilities.runtestcaseforKatalon.clickTabCanineStat("Object Repository/Canine/Filter/Study/Canine_Filter_Study"): ctdc.utilities.runtestcaseforKatalon.clickTabCanineStat is PASSED

2021-09-03 00:29:36 - [MESSAGE][PASSED] - ctdc.utilities.runtestcaseforKatalon.clickTabCanineStat is PASSED

2021-09-03 00:29:36 - [TEST_STEP][PASSED] - ctdc.utilities.runtestcaseforKatalon.clickTabCanineStat("Object Repository/Canine/Filter/Study/Canine_Filter_Study-COTB_Chkbx"): ctdc.utilities.runtestcaseforKatalon.clickTabCanineStat is PASSED

2021-09-03 00:29:37 - [MESSAGE][PASSED] - ctdc.utilities.runtestcaseforKatalon.clickTabCanineStat is PASSED

2021-09-03 00:29:37 - [TEST_STEP][PASSED] - ctdc.utilities.runtestcaseforKatalon.clickTabCanineStat("Object Repository/Canine/Filter/Study/Canine_Filter_Study-NCATS_Chkbx"): ctdc.utilities.runtestcaseforKatalon.clickTabCanineStat is PASSED

2021-09-03 00:29:39 - [MESSAGE][PASSED] - ctdc.utilities.runtestcaseforKatalon.clickTabCanineStat is PASSED

2021-09-03 00:29:39 - [TEST_STEP][PASSED] - ctdc.utilities.runtestcaseforKatalon.clickTabCanineStat("Canine/Filter/Study/Canine_Filter_Study-GLIOMA_Chkbx"): ctdc.utilities.runtestcaseforKatalon.clickTabCanineStat is PASSED

2021-09-03 00:29:40 - [MESSAGE][PASSED] - ctdc.utilities.runtestcaseforKatalon.clickTabCanineStat is PASSED

2021-09-03 00:29:40 - [TEST_STEP][PASSED] - ctdc.utilities.runtestcaseforKatalon.readStatBarCanine("Object Repository/Canine/StatBar/Canine_StatBar-Studies", "Object Repository/Canine/StatBar/Canine_StatBar-Cases", "Object Repository/Canine/StatBar/Canine_StatBar-Samples", "Object Repository/Canine/StatBar/Canine_StatBar-Files", "Object Repository/Canine/StatBar/Canine_StatBar-Aliquots"): ctdc.utilities.runtestcaseforKatalon.readStatBarCanine is PASSED

2021-09-03 00:29:55 - [MESSAGE][PASSED] - ctdc.utilities.runtestcaseforKatalon.readStatBarCanine is PASSED

2021-09-03 00:29:55 - [TEST_STEP][PASSED] - ctdc.utilities.runtestcaseforKatalon.multiFunction("ICDC", G_StatBar_Cases, "Object Repository/Canine/Canine_CasesTable", "Object Repository/Canine/Canine_TableHeader", "Object Repository/Canine/Canine_CasesTabNextBtn", G_WebTabnameCases, G_CypherTabnameCases, G_QueryCasesTab): Statbar Arms count matches

2021-09-03 00:34:37 - [MESSAGE][PASSED] - Statbar Files count matches

2021-09-03 00:34:37 - [MESSAGE][PASSED] - Statbar Samples count matches

2021-09-03 00:34:37 - [MESSAGE][PASSED] - Statbar Cases count matches

2021-09-03 00:34:37 - [MESSAGE][PASSED] - Statbar Arms count matches

2021-09-03 00:34:37 - [TEST_STEP][PASSED] - closeBrowser(): Browser is closed

2021-09-03 00:34:38 - [MESSAGE][PASSED] - Browser is closed]]></system-out>
         <system-err><![CDATA[]]></system-err>
      </testcase>
      <testcase name="Test Cases/Canine_TestCases/StudyCombinations/Study-Combinations-UBC01/TC34_Canine_StudyUBC-Breed_RespToTreatmt_Sex_NeutStatus" time="67.882" classname="Test Cases/Canine_TestCases/StudyCombinations/Study-Combinations-UBC01/TC34_Canine_StudyUBC-Breed_RespToTreatmt_Sex_NeutStatus" status="PASSED">
         <system-out><![CDATA[2021-09-03 00:34:38 - [TEST_CASE][PASSED] - Test Cases/Canine_TestCases/StudyCombinations/Study-Combinations-UBC01/TC34_Canine_StudyUBC-Breed_RespToTreatmt_Sex_NeutStatus: Test Cases/Canine_TestCases/StudyCombinations/Study-Combinations-UBC01/TC34_Canine_StudyUBC-Breed_RespToTreatmt_Sex_NeutStatus

2021-09-03 00:34:38 - [TEST_STEP][PASSED] - Start listener action : getTestScriptName: null

2021-09-03 00:34:38 - [TEST_STEP][PASSED] - TestCaseId = testCaseContext.getTestCaseId(): null

2021-09-03 00:34:38 - [TEST_STEP][PASSED] - out.println("**********this is the value of test case id string******** " + testCaseContext.getTestCaseId()): null

2021-09-03 00:34:38 - [TEST_STEP][PASSED] - G_currentTCName = TestCaseId.substring(TestCaseId.lastIndexOf("TC")): null

2021-09-03 00:34:38 - [TEST_STEP][PASSED] - out.println("This is the test case name : " + G_currentTCName): null

2021-09-03 00:34:38 - [TEST_STEP][PASSED] - closeBrowser(): Browser is closed

2021-09-03 00:34:38 - [MESSAGE][PASSED] - Browser is closed

2021-09-03 00:34:38 - [TEST_STEP][PASSED] - "Driver opened by Katalon is used in Selenium from this step.": null

2021-09-03 00:34:38 - [TEST_STEP][PASSED] - ctdc.utilities.runtestcaseforKatalon.RunKatalon("TC35_Canine_StudyUBC-Breed_RespToTreatmt_Sex_NeutStatus.xlsx"): Data loaded from input file for the test case. 

2021-09-03 00:34:38 - [MESSAGE][PASSED] - Test case file loaded This is the full filepath after converting to string :C:\Users\sohilz2\Commons_Automation\InputFiles\TC35_Canine_StudyUBC-Breed_RespToTreatmt_Sex_NeutStatus.xlsx

2021-09-03 00:34:38 - [MESSAGE][INFO] - Global variable set for password file is :  C:\Users\sohilz2\Commons_Automation\InputFiles\TC35_Canine_StudyUBC-Breed_RespToTreatmt_Sex_NeutStatus.xlsx

2021-09-03 00:34:42 - [MESSAGE][PASSED] - Data loaded from input file for the test case. 

2021-09-03 00:34:48 - [TEST_STEP][PASSED] - waitForElementPresent(findTestObject("Canine/NavBar/Canine_Cases_Btn"), 10): Object 'Object Repository/Canine/NavBar/Canine_Cases_Btn' is present

2021-09-03 00:34:48 - [MESSAGE][PASSED] - Object 'Object Repository/Canine/NavBar/Canine_Cases_Btn' is present

2021-09-03 00:34:48 - [TEST_STEP][PASSED] - ctdc.utilities.runtestcaseforKatalon.clickTabCanineStat("Canine/NavBar/Canine_Cases_Btn"): ctdc.utilities.runtestcaseforKatalon.clickTabCanineStat is PASSED

2021-09-03 00:34:51 - [MESSAGE][PASSED] - ctdc.utilities.runtestcaseforKatalon.clickTabCanineStat is PASSED

2021-09-03 00:34:51 - [TEST_STEP][PASSED] - waitForElementPresent(findTestObject("Object Repository/Canine/Filter/FilterByCases_Facet"), 10): Object 'Object Repository/Canine/Filter/FilterByCases_Facet' is present

2021-09-03 00:34:51 - [MESSAGE][PASSED] - Object 'Object Repository/Canine/Filter/FilterByCases_Facet' is present

2021-09-03 00:34:51 - [TEST_STEP][PASSED] - ctdc.utilities.runtestcaseforKatalon.clickTabCanineStat("Object Repository/Canine/Filter/FilterByCases_Facet"): ctdc.utilities.runtestcaseforKatalon.clickTabCanineStat is PASSED

2021-09-03 00:34:52 - [MESSAGE][PASSED] - ctdc.utilities.runtestcaseforKatalon.clickTabCanineStat is PASSED

2021-09-03 00:34:52 - [TEST_STEP][PASSED] - waitForElementPresent(findTestObject("Object Repository/Canine/Filter/Study/Canine_Filter_Study"), 10): Object 'Object Repository/Canine/Filter/Study/Canine_Filter_Study' is present

2021-09-03 00:34:52 - [MESSAGE][PASSED] - Object 'Object Repository/Canine/Filter/Study/Canine_Filter_Study' is present

2021-09-03 00:34:52 - [TEST_STEP][PASSED] - ctdc.utilities.runtestcaseforKatalon.clickTabCanineStat("Object Repository/Canine/Filter/Study/Canine_Filter_Study"): ctdc.utilities.runtestcaseforKatalon.clickTabCanineStat is PASSED

2021-09-03 00:34:54 - [MESSAGE][PASSED] - ctdc.utilities.runtestcaseforKatalon.clickTabCanineStat is PASSED

2021-09-03 00:34:54 - [TEST_STEP][PASSED] - waitForElementPresent(findTestObject("Object Repository/Canine/Filter/Study/Canine_Filter_Study-UBC_Chkbx"), 10): Object 'Object Repository/Canine/Filter/Study/Canine_Filter_Study-UBC_Chkbx' is present

2021-09-03 00:34:54 - [MESSAGE][PASSED] - Object 'Object Repository/Canine/Filter/Study/Canine_Filter_Study-UBC_Chkbx' is present

2021-09-03 00:34:54 - [TEST_STEP][PASSED] - ctdc.utilities.runtestcaseforKatalon.clickTabCanineStat("Object Repository/Canine/Filter/Study/Canine_Filter_Study-UBC_Chkbx"): ctdc.utilities.runtestcaseforKatalon.clickTabCanineStat is PASSED

2021-09-03 00:34:55 - [MESSAGE][PASSED] - ctdc.utilities.runtestcaseforKatalon.clickTabCanineStat is PASSED

2021-09-03 00:34:55 - [TEST_STEP][PASSED] - waitForElementPresent(findTestObject("Object Repository/Canine/Filter/Sex/SEX_Ddn"), 10): Object 'Object Repository/Canine/Filter/Sex/SEX_Ddn' is present

2021-09-03 00:34:55 - [MESSAGE][PASSED] - Object 'Object Repository/Canine/Filter/Sex/SEX_Ddn' is present

2021-09-03 00:34:55 - [TEST_STEP][PASSED] - ctdc.utilities.runtestcaseforKatalon.clickTabCanineStat("Object Repository/Canine/Filter/Sex/SEX_Ddn"): ctdc.utilities.runtestcaseforKatalon.clickTabCanineStat is PASSED

2021-09-03 00:34:57 - [MESSAGE][PASSED] - ctdc.utilities.runtestcaseforKatalon.clickTabCanineStat is PASSED

2021-09-03 00:34:57 - [TEST_STEP][PASSED] - waitForElementPresent(findTestObject("Object Repository/Canine/Filter/Sex/Female_Chkbx"), 10): Object 'Object Repository/Canine/Filter/Sex/Female_Chkbx' is present

2021-09-03 00:34:57 - [MESSAGE][PASSED] - Object 'Object Repository/Canine/Filter/Sex/Female_Chkbx' is present

2021-09-03 00:34:57 - [TEST_STEP][PASSED] - ctdc.utilities.runtestcaseforKatalon.clickTabCanineStat("Object Repository/Canine/Filter/Sex/Female_Chkbx"): ctdc.utilities.runtestcaseforKatalon.clickTabCanineStat is PASSED

2021-09-03 00:34:58 - [MESSAGE][PASSED] - ctdc.utilities.runtestcaseforKatalon.clickTabCanineStat is PASSED

2021-09-03 00:34:58 - [TEST_STEP][PASSED] - ctdc.utilities.runtestcaseforKatalon.clickTabCanineStat("Object Repository/Canine/Filter/Sex/SEX_Ddn"): ctdc.utilities.runtestcaseforKatalon.clickTabCanineStat is PASSED

2021-09-03 00:34:59 - [MESSAGE][PASSED] - ctdc.utilities.runtestcaseforKatalon.clickTabCanineStat is PASSED

2021-09-03 00:34:59 - [TEST_STEP][PASSED] - waitForElementPresent(findTestObject("Object Repository/Canine/Filter/NeuteredStatus/NEUTEREDSTATUS_Ddn"), 10): Object 'Object Repository/Canine/Filter/NeuteredStatus/NEUTEREDSTATUS_Ddn' is present

2021-09-03 00:34:59 - [MESSAGE][PASSED] - Object 'Object Repository/Canine/Filter/NeuteredStatus/NEUTEREDSTATUS_Ddn' is present

2021-09-03 00:34:59 - [TEST_STEP][PASSED] - ctdc.utilities.runtestcaseforKatalon.clickTabCanineStat("Object Repository/Canine/Filter/NeuteredStatus/NEUTEREDSTATUS_Ddn"): ctdc.utilities.runtestcaseforKatalon.clickTabCanineStat is PASSED

2021-09-03 00:35:01 - [MESSAGE][PASSED] - ctdc.utilities.runtestcaseforKatalon.clickTabCanineStat is PASSED

2021-09-03 00:35:01 - [TEST_STEP][PASSED] - waitForElementPresent(findTestObject("Object Repository/Canine/Filter/NeuteredStatus/Yes_Chkbx"), 10): Object 'Object Repository/Canine/Filter/NeuteredStatus/Yes_Chkbx' is present

2021-09-03 00:35:01 - [MESSAGE][PASSED] - Object 'Object Repository/Canine/Filter/NeuteredStatus/Yes_Chkbx' is present

2021-09-03 00:35:01 - [TEST_STEP][PASSED] - ctdc.utilities.runtestcaseforKatalon.clickTabCanineStat("Object Repository/Canine/Filter/NeuteredStatus/Yes_Chkbx"): ctdc.utilities.runtestcaseforKatalon.clickTabCanineStat is PASSED

2021-09-03 00:35:02 - [MESSAGE][PASSED] - ctdc.utilities.runtestcaseforKatalon.clickTabCanineStat is PASSED

2021-09-03 00:35:02 - [TEST_STEP][PASSED] - ctdc.utilities.runtestcaseforKatalon.clickTab("Object Repository/Canine/Filter/NeuteredStatus/NEUTEREDSTATUS_Ddn"): ctdc.utilities.runtestcaseforKatalon.clickTab is PASSED

2021-09-03 00:35:02 - [MESSAGE][PASSED] - ctdc.utilities.runtestcaseforKatalon.clickTab is PASSED

2021-09-03 00:35:02 - [TEST_STEP][PASSED] - ctdc.utilities.runtestcaseforKatalon.readStatBarCanine("Object Repository/Canine/StatBar/Canine_StatBar-Studies", "Object Repository/Canine/StatBar/Canine_StatBar-Cases", "Object Repository/Canine/StatBar/Canine_StatBar-Samples", "Object Repository/Canine/StatBar/Canine_StatBar-Files", "Object Repository/Canine/StatBar/Canine_StatBar-Aliquots"): ctdc.utilities.runtestcaseforKatalon.readStatBarCanine is PASSED

2021-09-03 00:35:17 - [MESSAGE][PASSED] - ctdc.utilities.runtestcaseforKatalon.readStatBarCanine is PASSED

2021-09-03 00:35:17 - [TEST_STEP][PASSED] - waitForElementPresent(findTestObject("Object Repository/Canine/CanineResults_Cases_Tab"), 5): Object 'Object Repository/Canine/CanineResults_Cases_Tab' is present

2021-09-03 00:35:17 - [MESSAGE][PASSED] - Object 'Object Repository/Canine/CanineResults_Cases_Tab' is present

2021-09-03 00:35:17 - [TEST_STEP][PASSED] - ctdc.utilities.runtestcaseforKatalon.clickTab("Object Repository/Canine/CanineResults_Cases_Tab"): ctdc.utilities.runtestcaseforKatalon.clickTab is PASSED

2021-09-03 00:35:18 - [MESSAGE][PASSED] - ctdc.utilities.runtestcaseforKatalon.clickTab is PASSED

2021-09-03 00:35:18 - [TEST_STEP][PASSED] - ctdc.utilities.runtestcaseforKatalon.multiFunction("ICDC", G_StatBar_Cases, "Object Repository/Canine/Canine_CasesTable", "Object Repository/Canine/Canine_TableHeader", "Object Repository/Canine/Canine_CasesTabNextBtn", G_WebTabnameCases, G_CypherTabnameCases, G_QueryCasesTab): Statbar Arms count matches

2021-09-03 00:35:45 - [MESSAGE][PASSED] - Statbar Files count matches

2021-09-03 00:35:45 - [MESSAGE][PASSED] - Statbar Samples count matches

2021-09-03 00:35:45 - [MESSAGE][PASSED] - Statbar Cases count matches

2021-09-03 00:35:45 - [MESSAGE][PASSED] - Statbar Arms count matches

2021-09-03 00:35:45 - [TEST_STEP][PASSED] - closeBrowser(): Browser is closed

2021-09-03 00:35:46 - [MESSAGE][PASSED] - Browser is closed]]></system-out>
         <system-err><![CDATA[]]></system-err>
      </testcase>
      <testcase name="Test Cases/Canine_TestCases/StudyCombinations/Study-Combinations-UBC01/TC31_Canine_StudyUBC-AllBreeds_StageOfDisease" time="78.651" classname="Test Cases/Canine_TestCases/StudyCombinations/Study-Combinations-UBC01/TC31_Canine_StudyUBC-AllBreeds_StageOfDisease" status="PASSED">
         <system-out><![CDATA[2021-09-03 00:35:46 - [TEST_CASE][PASSED] - Test Cases/Canine_TestCases/StudyCombinations/Study-Combinations-UBC01/TC31_Canine_StudyUBC-AllBreeds_StageOfDisease: Test Cases/Canine_TestCases/StudyCombinations/Study-Combinations-UBC01/TC31_Canine_StudyUBC-AllBreeds_StageOfDisease

2021-09-03 00:35:46 - [TEST_STEP][PASSED] - Start listener action : getTestScriptName: null

2021-09-03 00:35:46 - [TEST_STEP][PASSED] - TestCaseId = testCaseContext.getTestCaseId(): null

2021-09-03 00:35:46 - [TEST_STEP][PASSED] - out.println("**********this is the value of test case id string******** " + testCaseContext.getTestCaseId()): null

2021-09-03 00:35:46 - [TEST_STEP][PASSED] - G_currentTCName = TestCaseId.substring(TestCaseId.lastIndexOf("TC")): null

2021-09-03 00:35:46 - [TEST_STEP][PASSED] - out.println("This is the test case name : " + G_currentTCName): null

2021-09-03 00:35:46 - [TEST_STEP][PASSED] - closeBrowser(): Browser is closed

2021-09-03 00:35:46 - [MESSAGE][PASSED] - Browser is closed

2021-09-03 00:35:46 - [TEST_STEP][PASSED] - "Driver opened by Katalon is used in Selenium from this step.": null

2021-09-03 00:35:46 - [TEST_STEP][PASSED] - ctdc.utilities.runtestcaseforKatalon.RunKatalon("TC31_Canine_StudyUBC-AllBreeds_StageOfDisease.xlsx"): Data loaded from input file for the test case. 

2021-09-03 00:35:46 - [MESSAGE][PASSED] - Test case file loaded This is the full filepath after converting to string :C:\Users\sohilz2\Commons_Automation\InputFiles\TC31_Canine_StudyUBC-AllBreeds_StageOfDisease.xlsx

2021-09-03 00:35:46 - [MESSAGE][INFO] - Global variable set for password file is :  C:\Users\sohilz2\Commons_Automation\InputFiles\TC31_Canine_StudyUBC-AllBreeds_StageOfDisease.xlsx

2021-09-03 00:35:50 - [MESSAGE][PASSED] - Data loaded from input file for the test case. 

2021-09-03 00:35:56 - [TEST_STEP][PASSED] - waitForElementPresent(findTestObject("Canine/NavBar/Canine_Cases_Btn"), 10): Object 'Object Repository/Canine/NavBar/Canine_Cases_Btn' is present

2021-09-03 00:35:56 - [MESSAGE][PASSED] - Object 'Object Repository/Canine/NavBar/Canine_Cases_Btn' is present

2021-09-03 00:35:56 - [TEST_STEP][PASSED] - ctdc.utilities.runtestcaseforKatalon.clickTabCanineStat("Canine/NavBar/Canine_Cases_Btn"): ctdc.utilities.runtestcaseforKatalon.clickTabCanineStat is PASSED

2021-09-03 00:35:59 - [MESSAGE][PASSED] - ctdc.utilities.runtestcaseforKatalon.clickTabCanineStat is PASSED

2021-09-03 00:35:59 - [TEST_STEP][PASSED] - waitForElementPresent(findTestObject("Object Repository/Canine/Filter/FilterByCases_Facet"), 10): Object 'Object Repository/Canine/Filter/FilterByCases_Facet' is present

2021-09-03 00:35:59 - [MESSAGE][PASSED] - Object 'Object Repository/Canine/Filter/FilterByCases_Facet' is present

2021-09-03 00:35:59 - [TEST_STEP][PASSED] - ctdc.utilities.runtestcaseforKatalon.clickTabCanineStat("Object Repository/Canine/Filter/FilterByCases_Facet"): ctdc.utilities.runtestcaseforKatalon.clickTabCanineStat is PASSED

2021-09-03 00:36:00 - [MESSAGE][PASSED] - ctdc.utilities.runtestcaseforKatalon.clickTabCanineStat is PASSED

2021-09-03 00:36:00 - [TEST_STEP][PASSED] - waitForElementPresent(findTestObject("Object Repository/Canine/Filter/Study/Canine_Filter_Study"), 10): Object 'Object Repository/Canine/Filter/Study/Canine_Filter_Study' is present

2021-09-03 00:36:00 - [MESSAGE][PASSED] - Object 'Object Repository/Canine/Filter/Study/Canine_Filter_Study' is present

2021-09-03 00:36:00 - [TEST_STEP][PASSED] - ctdc.utilities.runtestcaseforKatalon.clickTabCanineStat("Object Repository/Canine/Filter/Study/Canine_Filter_Study"): ctdc.utilities.runtestcaseforKatalon.clickTabCanineStat is PASSED

2021-09-03 00:36:02 - [MESSAGE][PASSED] - ctdc.utilities.runtestcaseforKatalon.clickTabCanineStat is PASSED

2021-09-03 00:36:02 - [TEST_STEP][PASSED] - waitForElementPresent(findTestObject("Object Repository/Canine/Filter/Study/Canine_Filter_Study-UBC_Chkbx"), 10): Object 'Object Repository/Canine/Filter/Study/Canine_Filter_Study-UBC_Chkbx' is present

2021-09-03 00:36:02 - [MESSAGE][PASSED] - Object 'Object Repository/Canine/Filter/Study/Canine_Filter_Study-UBC_Chkbx' is present

2021-09-03 00:36:02 - [TEST_STEP][PASSED] - ctdc.utilities.runtestcaseforKatalon.clickTabCanineStat("Object Repository/Canine/Filter/Study/Canine_Filter_Study-UBC_Chkbx"): ctdc.utilities.runtestcaseforKatalon.clickTabCanineStat is PASSED

2021-09-03 00:36:03 - [MESSAGE][PASSED] - ctdc.utilities.runtestcaseforKatalon.clickTabCanineStat is PASSED

2021-09-03 00:36:03 - [TEST_STEP][PASSED] - waitForElementPresent(findTestObject("Object Repository/Canine/Filter/StageOfDisease/STAGEOFDISEASE_Ddn"), 10): Object 'Object Repository/Canine/Filter/StageOfDisease/STAGEOFDISEASE_Ddn' is present

2021-09-03 00:36:03 - [MESSAGE][PASSED] - Object 'Object Repository/Canine/Filter/StageOfDisease/STAGEOFDISEASE_Ddn' is present

2021-09-03 00:36:03 - [TEST_STEP][PASSED] - ctdc.utilities.runtestcaseforKatalon.clickTabCanineStat("Object Repository/Canine/Filter/StageOfDisease/STAGEOFDISEASE_Ddn"): ctdc.utilities.runtestcaseforKatalon.clickTabCanineStat is PASSED

2021-09-03 00:36:05 - [MESSAGE][PASSED] - ctdc.utilities.runtestcaseforKatalon.clickTabCanineStat is PASSED

2021-09-03 00:36:05 - [TEST_STEP][PASSED] - waitForElementPresent(findTestObject("Object Repository/Canine/Filter/StageOfDisease/T2N0M0_Chkbx"), 10): Object 'Object Repository/Canine/Filter/StageOfDisease/T2N0M0_Chkbx' is present

2021-09-03 00:36:05 - [MESSAGE][PASSED] - Object 'Object Repository/Canine/Filter/StageOfDisease/T2N0M0_Chkbx' is present

2021-09-03 00:36:05 - [TEST_STEP][PASSED] - ctdc.utilities.runtestcaseforKatalon.clickTabCanineStat("Object Repository/Canine/Filter/StageOfDisease/T2N0M0_Chkbx"): ctdc.utilities.runtestcaseforKatalon.clickTabCanineStat is PASSED

2021-09-03 00:36:06 - [MESSAGE][PASSED] - ctdc.utilities.runtestcaseforKatalon.clickTabCanineStat is PASSED

2021-09-03 00:36:06 - [TEST_STEP][PASSED] - waitForElementPresent(findTestObject("Object Repository/Canine/Filter/StageOfDisease/NotApplicable_Chkbx"), 20): Object 'Object Repository/Canine/Filter/StageOfDisease/NotApplicable_Chkbx' is present

2021-09-03 00:36:06 - [MESSAGE][PASSED] - Object 'Object Repository/Canine/Filter/StageOfDisease/NotApplicable_Chkbx' is present

2021-09-03 00:36:06 - [TEST_STEP][PASSED] - ctdc.utilities.runtestcaseforKatalon.clickTabCanineStat("Object Repository/Canine/Filter/StageOfDisease/NotApplicable_Chkbx"): ctdc.utilities.runtestcaseforKatalon.clickTabCanineStat is PASSED

2021-09-03 00:36:07 - [MESSAGE][PASSED] - ctdc.utilities.runtestcaseforKatalon.clickTabCanineStat is PASSED

2021-09-03 00:36:07 - [TEST_STEP][PASSED] - ctdc.utilities.runtestcaseforKatalon.clickTab("Object Repository/Canine/Filter/PrimDiseaseSite/PRIMARYDISEASESITE_Ddn"): ctdc.utilities.runtestcaseforKatalon.clickTab is PASSED

2021-09-03 00:36:07 - [MESSAGE][PASSED] - ctdc.utilities.runtestcaseforKatalon.clickTab is PASSED

2021-09-03 00:36:07 - [TEST_STEP][PASSED] - ctdc.utilities.runtestcaseforKatalon.readStatBarCanine("Object Repository/Canine/StatBar/Canine_StatBar-Studies", "Object Repository/Canine/StatBar/Canine_StatBar-Cases", "Object Repository/Canine/StatBar/Canine_StatBar-Samples", "Object Repository/Canine/StatBar/Canine_StatBar-Files", "Object Repository/Canine/StatBar/Canine_StatBar-Aliquots"): ctdc.utilities.runtestcaseforKatalon.readStatBarCanine is PASSED

2021-09-03 00:36:23 - [MESSAGE][PASSED] - ctdc.utilities.runtestcaseforKatalon.readStatBarCanine is PASSED

2021-09-03 00:36:23 - [TEST_STEP][PASSED] - waitForElementPresent(findTestObject("Object Repository/Canine/CanineResults_Cases_Tab"), 5): Object 'Object Repository/Canine/CanineResults_Cases_Tab' is present

2021-09-03 00:36:23 - [MESSAGE][PASSED] - Object 'Object Repository/Canine/CanineResults_Cases_Tab' is present

2021-09-03 00:36:23 - [TEST_STEP][PASSED] - ctdc.utilities.runtestcaseforKatalon.clickTab("Object Repository/Canine/CanineResults_Cases_Tab"): ctdc.utilities.runtestcaseforKatalon.clickTab is PASSED

2021-09-03 00:36:23 - [MESSAGE][PASSED] - ctdc.utilities.runtestcaseforKatalon.clickTab is PASSED

2021-09-03 00:36:23 - [TEST_STEP][PASSED] - ctdc.utilities.runtestcaseforKatalon.multiFunction("ICDC", G_StatBar_Cases, "Object Repository/Canine/Canine_CasesTable", "Object Repository/Canine/Canine_TableHeader", "Object Repository/Canine/Canine_CasesTabNextBtn", G_WebTabnameCases, G_CypherTabnameCases, G_QueryCasesTab): Statbar Arms count matches

2021-09-03 00:37:04 - [MESSAGE][PASSED] - Statbar Files count matches

2021-09-03 00:37:04 - [MESSAGE][PASSED] - Statbar Samples count matches

2021-09-03 00:37:04 - [MESSAGE][PASSED] - Statbar Cases count matches

2021-09-03 00:37:04 - [MESSAGE][PASSED] - Statbar Arms count matches

2021-09-03 00:37:04 - [TEST_STEP][PASSED] - closeBrowser(): Browser is closed

2021-09-03 00:37:04 - [MESSAGE][PASSED] - Browser is closed]]></system-out>
         <system-err><![CDATA[]]></system-err>
      </testcase>
      <testcase name="Test Cases/Canine_TestCases/StudyCombinations/Study-Combinations-UBC01/TC30_Canine_StudyUBC-AllBreeds_StageOfDisease" time="53.094" classname="Test Cases/Canine_TestCases/StudyCombinations/Study-Combinations-UBC01/TC30_Canine_StudyUBC-AllBreeds_StageOfDisease" status="PASSED">
         <system-out><![CDATA[2021-09-03 00:37:04 - [TEST_CASE][PASSED] - Test Cases/Canine_TestCases/StudyCombinations/Study-Combinations-UBC01/TC30_Canine_StudyUBC-AllBreeds_StageOfDisease: Test Cases/Canine_TestCases/StudyCombinations/Study-Combinations-UBC01/TC30_Canine_StudyUBC-AllBreeds_StageOfDisease

2021-09-03 00:37:04 - [TEST_STEP][PASSED] - Start listener action : getTestScriptName: null

2021-09-03 00:37:04 - [TEST_STEP][PASSED] - TestCaseId = testCaseContext.getTestCaseId(): null

2021-09-03 00:37:04 - [TEST_STEP][PASSED] - out.println("**********this is the value of test case id string******** " + testCaseContext.getTestCaseId()): null

2021-09-03 00:37:04 - [TEST_STEP][PASSED] - G_currentTCName = TestCaseId.substring(TestCaseId.lastIndexOf("TC")): null

2021-09-03 00:37:04 - [TEST_STEP][PASSED] - out.println("This is the test case name : " + G_currentTCName): null

2021-09-03 00:37:05 - [TEST_STEP][PASSED] - closeBrowser(): Browser is closed

2021-09-03 00:37:05 - [MESSAGE][PASSED] - Browser is closed

2021-09-03 00:37:05 - [TEST_STEP][PASSED] - "Driver opened by Katalon is used in Selenium from this step.": null

2021-09-03 00:37:05 - [TEST_STEP][PASSED] - ctdc.utilities.runtestcaseforKatalon.RunKatalon("TC30_Canine_StudyUBC-AllBreeds_StageOfDisease.xlsx"): Data loaded from input file for the test case. 

2021-09-03 00:37:05 - [MESSAGE][PASSED] - Test case file loaded This is the full filepath after converting to string :C:\Users\sohilz2\Commons_Automation\InputFiles\TC30_Canine_StudyUBC-AllBreeds_StageOfDisease.xlsx

2021-09-03 00:37:05 - [MESSAGE][INFO] - Global variable set for password file is :  C:\Users\sohilz2\Commons_Automation\InputFiles\TC30_Canine_StudyUBC-AllBreeds_StageOfDisease.xlsx

2021-09-03 00:37:09 - [MESSAGE][PASSED] - Data loaded from input file for the test case. 

2021-09-03 00:37:15 - [TEST_STEP][PASSED] - waitForElementPresent(findTestObject("Canine/NavBar/Canine_Cases_Btn"), 10): Object 'Object Repository/Canine/NavBar/Canine_Cases_Btn' is present

2021-09-03 00:37:15 - [MESSAGE][PASSED] - Object 'Object Repository/Canine/NavBar/Canine_Cases_Btn' is present

2021-09-03 00:37:15 - [TEST_STEP][PASSED] - ctdc.utilities.runtestcaseforKatalon.clickTabCanineStat("Canine/NavBar/Canine_Cases_Btn"): ctdc.utilities.runtestcaseforKatalon.clickTabCanineStat is PASSED

2021-09-03 00:37:18 - [MESSAGE][PASSED] - ctdc.utilities.runtestcaseforKatalon.clickTabCanineStat is PASSED

2021-09-03 00:37:18 - [TEST_STEP][PASSED] - waitForElementPresent(findTestObject("Object Repository/Canine/Filter/FilterByCases_Facet"), 10): Object 'Object Repository/Canine/Filter/FilterByCases_Facet' is present

2021-09-03 00:37:18 - [MESSAGE][PASSED] - Object 'Object Repository/Canine/Filter/FilterByCases_Facet' is present

2021-09-03 00:37:18 - [TEST_STEP][PASSED] - ctdc.utilities.runtestcaseforKatalon.clickTabCanineStat("Object Repository/Canine/Filter/FilterByCases_Facet"): ctdc.utilities.runtestcaseforKatalon.clickTabCanineStat is PASSED

2021-09-03 00:37:19 - [MESSAGE][PASSED] - ctdc.utilities.runtestcaseforKatalon.clickTabCanineStat is PASSED

2021-09-03 00:37:19 - [TEST_STEP][PASSED] - waitForElementPresent(findTestObject("Object Repository/Canine/Filter/Study/Canine_Filter_Study"), 10): Object 'Object Repository/Canine/Filter/Study/Canine_Filter_Study' is present

2021-09-03 00:37:19 - [MESSAGE][PASSED] - Object 'Object Repository/Canine/Filter/Study/Canine_Filter_Study' is present

2021-09-03 00:37:19 - [TEST_STEP][PASSED] - ctdc.utilities.runtestcaseforKatalon.clickTabCanineStat("Object Repository/Canine/Filter/Study/Canine_Filter_Study"): ctdc.utilities.runtestcaseforKatalon.clickTabCanineStat is PASSED

2021-09-03 00:37:20 - [MESSAGE][PASSED] - ctdc.utilities.runtestcaseforKatalon.clickTabCanineStat is PASSED

2021-09-03 00:37:20 - [TEST_STEP][PASSED] - waitForElementPresent(findTestObject("Object Repository/Canine/Filter/Study/Canine_Filter_Study-UBC_Chkbx"), 10): Object 'Object Repository/Canine/Filter/Study/Canine_Filter_Study-UBC_Chkbx' is present

2021-09-03 00:37:21 - [MESSAGE][PASSED] - Object 'Object Repository/Canine/Filter/Study/Canine_Filter_Study-UBC_Chkbx' is present

2021-09-03 00:37:21 - [TEST_STEP][PASSED] - ctdc.utilities.runtestcaseforKatalon.clickTabCanineStat("Object Repository/Canine/Filter/Study/Canine_Filter_Study-UBC_Chkbx"): ctdc.utilities.runtestcaseforKatalon.clickTabCanineStat is PASSED

2021-09-03 00:37:22 - [MESSAGE][PASSED] - ctdc.utilities.runtestcaseforKatalon.clickTabCanineStat is PASSED

2021-09-03 00:37:22 - [TEST_STEP][PASSED] - waitForElementPresent(findTestObject("Object Repository/Canine/Filter/StageOfDisease/STAGEOFDISEASE_Ddn"), 10): Object 'Object Repository/Canine/Filter/StageOfDisease/STAGEOFDISEASE_Ddn' is present

2021-09-03 00:37:22 - [MESSAGE][PASSED] - Object 'Object Repository/Canine/Filter/StageOfDisease/STAGEOFDISEASE_Ddn' is present

2021-09-03 00:37:22 - [TEST_STEP][PASSED] - ctdc.utilities.runtestcaseforKatalon.clickTabCanineStat("Object Repository/Canine/Filter/StageOfDisease/STAGEOFDISEASE_Ddn"): ctdc.utilities.runtestcaseforKatalon.clickTabCanineStat is PASSED

2021-09-03 00:37:23 - [MESSAGE][PASSED] - ctdc.utilities.runtestcaseforKatalon.clickTabCanineStat is PASSED

2021-09-03 00:37:23 - [TEST_STEP][PASSED] - waitForElementPresent(findTestObject("Object Repository/Canine/Filter/StageOfDisease/T2N1M0_Chkbx"), 10): Object 'Object Repository/Canine/Filter/StageOfDisease/T2N1M0_Chkbx' is present

2021-09-03 00:37:23 - [MESSAGE][PASSED] - Object 'Object Repository/Canine/Filter/StageOfDisease/T2N1M0_Chkbx' is present

2021-09-03 00:37:23 - [TEST_STEP][PASSED] - ctdc.utilities.runtestcaseforKatalon.clickTabCanineStat("Object Repository/Canine/Filter/StageOfDisease/T2N1M0_Chkbx"): ctdc.utilities.runtestcaseforKatalon.clickTabCanineStat is PASSED

2021-09-03 00:37:24 - [MESSAGE][PASSED] - ctdc.utilities.runtestcaseforKatalon.clickTabCanineStat is PASSED

2021-09-03 00:37:24 - [TEST_STEP][PASSED] - waitForElementPresent(findTestObject("Object Repository/Canine/Filter/StageOfDisease/NotApplicable_Chkbx"), 10): Object 'Object Repository/Canine/Filter/StageOfDisease/NotApplicable_Chkbx' is present

2021-09-03 00:37:24 - [MESSAGE][PASSED] - Object 'Object Repository/Canine/Filter/StageOfDisease/NotApplicable_Chkbx' is present

2021-09-03 00:37:24 - [TEST_STEP][PASSED] - ctdc.utilities.runtestcaseforKatalon.clickTabCanineStat("Object Repository/Canine/Filter/StageOfDisease/NotApplicable_Chkbx"): ctdc.utilities.runtestcaseforKatalon.clickTabCanineStat is PASSED

2021-09-03 00:37:26 - [MESSAGE][PASSED] - ctdc.utilities.runtestcaseforKatalon.clickTabCanineStat is PASSED

2021-09-03 00:37:26 - [TEST_STEP][PASSED] - ctdc.utilities.runtestcaseforKatalon.clickTab("Object Repository/Canine/Filter/PrimDiseaseSite/PRIMARYDISEASESITE_Ddn"): ctdc.utilities.runtestcaseforKatalon.clickTab is PASSED

2021-09-03 00:37:26 - [MESSAGE][PASSED] - ctdc.utilities.runtestcaseforKatalon.clickTab is PASSED

2021-09-03 00:37:26 - [TEST_STEP][PASSED] - ctdc.utilities.runtestcaseforKatalon.readStatBarCanine("Object Repository/Canine/StatBar/Canine_StatBar-Studies", "Object Repository/Canine/StatBar/Canine_StatBar-Cases", "Object Repository/Canine/StatBar/Canine_StatBar-Samples", "Object Repository/Canine/StatBar/Canine_StatBar-Files", "Object Repository/Canine/StatBar/Canine_StatBar-Aliquots"): ctdc.utilities.runtestcaseforKatalon.readStatBarCanine is PASSED

2021-09-03 00:37:41 - [MESSAGE][PASSED] - ctdc.utilities.runtestcaseforKatalon.readStatBarCanine is PASSED

2021-09-03 00:37:41 - [TEST_STEP][PASSED] - waitForElementPresent(findTestObject("Object Repository/Canine/CanineResults_Cases_Tab"), 5): Object 'Object Repository/Canine/CanineResults_Cases_Tab' is present

2021-09-03 00:37:41 - [MESSAGE][PASSED] - Object 'Object Repository/Canine/CanineResults_Cases_Tab' is present

2021-09-03 00:37:41 - [TEST_STEP][PASSED] - ctdc.utilities.runtestcaseforKatalon.clickTab("Object Repository/Canine/CanineResults_Cases_Tab"): ctdc.utilities.runtestcaseforKatalon.clickTab is PASSED

2021-09-03 00:37:41 - [MESSAGE][PASSED] - ctdc.utilities.runtestcaseforKatalon.clickTab is PASSED

2021-09-03 00:37:41 - [TEST_STEP][PASSED] - ctdc.utilities.runtestcaseforKatalon.multiFunction("ICDC", G_StatBar_Cases, "Object Repository/Canine/Canine_CasesTable", "Object Repository/Canine/Canine_TableHeader", "Object Repository/Canine/Canine_CasesTabNextBtn", G_WebTabnameCases, G_CypherTabnameCases, G_QueryCasesTab): Statbar Arms count matches

2021-09-03 00:37:57 - [MESSAGE][PASSED] - Statbar Files count matches

2021-09-03 00:37:57 - [MESSAGE][PASSED] - Statbar Samples count matches

2021-09-03 00:37:57 - [MESSAGE][PASSED] - Statbar Cases count matches

2021-09-03 00:37:57 - [MESSAGE][PASSED] - Statbar Arms count matches

2021-09-03 00:37:57 - [TEST_STEP][PASSED] - closeBrowser(): Browser is closed

2021-09-03 00:37:58 - [MESSAGE][PASSED] - Browser is closed]]></system-out>
         <system-err><![CDATA[]]></system-err>
      </testcase>
      <testcase name="Test Cases/Canine_TestCases/StudyCombinations/Study-Combinations-UBC01/TC29_Canine_StudyUBC-AllBreeds_StageOfDisease" time="65.512" classname="Test Cases/Canine_TestCases/StudyCombinations/Study-Combinations-UBC01/TC29_Canine_StudyUBC-AllBreeds_StageOfDisease" status="PASSED">
         <system-out><![CDATA[2021-09-03 00:37:58 - [TEST_CASE][PASSED] - Test Cases/Canine_TestCases/StudyCombinations/Study-Combinations-UBC01/TC29_Canine_StudyUBC-AllBreeds_StageOfDisease: Test Cases/Canine_TestCases/StudyCombinations/Study-Combinations-UBC01/TC29_Canine_StudyUBC-AllBreeds_StageOfDisease

2021-09-03 00:37:58 - [TEST_STEP][PASSED] - Start listener action : getTestScriptName: null

2021-09-03 00:37:58 - [TEST_STEP][PASSED] - TestCaseId = testCaseContext.getTestCaseId(): null

2021-09-03 00:37:58 - [TEST_STEP][PASSED] - out.println("**********this is the value of test case id string******** " + testCaseContext.getTestCaseId()): null

2021-09-03 00:37:58 - [TEST_STEP][PASSED] - G_currentTCName = TestCaseId.substring(TestCaseId.lastIndexOf("TC")): null

2021-09-03 00:37:58 - [TEST_STEP][PASSED] - out.println("This is the test case name : " + G_currentTCName): null

2021-09-03 00:37:58 - [TEST_STEP][PASSED] - closeBrowser(): Browser is closed

2021-09-03 00:37:58 - [MESSAGE][PASSED] - Browser is closed

2021-09-03 00:37:58 - [TEST_STEP][PASSED] - "Driver opened by Katalon is used in Selenium from this step.": null

2021-09-03 00:37:58 - [TEST_STEP][PASSED] - ctdc.utilities.runtestcaseforKatalon.RunKatalon("TC29_Canine_StudyUBC-AllBreeds_StageOfDisease.xlsx"): Data loaded from input file for the test case. 

2021-09-03 00:37:58 - [MESSAGE][PASSED] - Test case file loaded This is the full filepath after converting to string :C:\Users\sohilz2\Commons_Automation\InputFiles\TC29_Canine_StudyUBC-AllBreeds_StageOfDisease.xlsx

2021-09-03 00:37:58 - [MESSAGE][INFO] - Global variable set for password file is :  C:\Users\sohilz2\Commons_Automation\InputFiles\TC29_Canine_StudyUBC-AllBreeds_StageOfDisease.xlsx

2021-09-03 00:38:02 - [MESSAGE][PASSED] - Data loaded from input file for the test case. 

2021-09-03 00:38:08 - [TEST_STEP][PASSED] - waitForElementPresent(findTestObject("Canine/NavBar/Canine_Cases_Btn"), 10): Object 'Object Repository/Canine/NavBar/Canine_Cases_Btn' is present

2021-09-03 00:38:08 - [MESSAGE][PASSED] - Object 'Object Repository/Canine/NavBar/Canine_Cases_Btn' is present

2021-09-03 00:38:08 - [TEST_STEP][PASSED] - ctdc.utilities.runtestcaseforKatalon.clickTabCanineStat("Canine/NavBar/Canine_Cases_Btn"): ctdc.utilities.runtestcaseforKatalon.clickTabCanineStat is PASSED

2021-09-03 00:38:11 - [MESSAGE][PASSED] - ctdc.utilities.runtestcaseforKatalon.clickTabCanineStat is PASSED

2021-09-03 00:38:11 - [TEST_STEP][PASSED] - waitForElementPresent(findTestObject("Object Repository/Canine/Filter/FilterByCases_Facet"), 10): Object 'Object Repository/Canine/Filter/FilterByCases_Facet' is present

2021-09-03 00:38:11 - [MESSAGE][PASSED] - Object 'Object Repository/Canine/Filter/FilterByCases_Facet' is present

2021-09-03 00:38:11 - [TEST_STEP][PASSED] - ctdc.utilities.runtestcaseforKatalon.clickTabCanineStat("Object Repository/Canine/Filter/FilterByCases_Facet"): ctdc.utilities.runtestcaseforKatalon.clickTabCanineStat is PASSED

2021-09-03 00:38:12 - [MESSAGE][PASSED] - ctdc.utilities.runtestcaseforKatalon.clickTabCanineStat is PASSED

2021-09-03 00:38:12 - [TEST_STEP][PASSED] - waitForElementPresent(findTestObject("Object Repository/Canine/Filter/Study/Canine_Filter_Study"), 10): Object 'Object Repository/Canine/Filter/Study/Canine_Filter_Study' is present

2021-09-03 00:38:12 - [MESSAGE][PASSED] - Object 'Object Repository/Canine/Filter/Study/Canine_Filter_Study' is present

2021-09-03 00:38:12 - [TEST_STEP][PASSED] - ctdc.utilities.runtestcaseforKatalon.clickTabCanineStat("Object Repository/Canine/Filter/Study/Canine_Filter_Study"): ctdc.utilities.runtestcaseforKatalon.clickTabCanineStat is PASSED

2021-09-03 00:38:13 - [MESSAGE][PASSED] - ctdc.utilities.runtestcaseforKatalon.clickTabCanineStat is PASSED

2021-09-03 00:38:13 - [TEST_STEP][PASSED] - waitForElementPresent(findTestObject("Object Repository/Canine/Filter/Study/Canine_Filter_Study-UBC_Chkbx"), 10): Object 'Object Repository/Canine/Filter/Study/Canine_Filter_Study-UBC_Chkbx' is present

2021-09-03 00:38:14 - [MESSAGE][PASSED] - Object 'Object Repository/Canine/Filter/Study/Canine_Filter_Study-UBC_Chkbx' is present

2021-09-03 00:38:14 - [TEST_STEP][PASSED] - ctdc.utilities.runtestcaseforKatalon.clickTabCanineStat("Object Repository/Canine/Filter/Study/Canine_Filter_Study-UBC_Chkbx"): ctdc.utilities.runtestcaseforKatalon.clickTabCanineStat is PASSED

2021-09-03 00:38:15 - [MESSAGE][PASSED] - ctdc.utilities.runtestcaseforKatalon.clickTabCanineStat is PASSED

2021-09-03 00:38:15 - [TEST_STEP][PASSED] - waitForElementPresent(findTestObject("Object Repository/Canine/Filter/StageOfDisease/STAGEOFDISEASE_Ddn"), 10): Object 'Object Repository/Canine/Filter/StageOfDisease/STAGEOFDISEASE_Ddn' is present

2021-09-03 00:38:15 - [MESSAGE][PASSED] - Object 'Object Repository/Canine/Filter/StageOfDisease/STAGEOFDISEASE_Ddn' is present

2021-09-03 00:38:15 - [TEST_STEP][PASSED] - ctdc.utilities.runtestcaseforKatalon.clickTabCanineStat("Object Repository/Canine/Filter/StageOfDisease/STAGEOFDISEASE_Ddn"): ctdc.utilities.runtestcaseforKatalon.clickTabCanineStat is PASSED

2021-09-03 00:38:16 - [MESSAGE][PASSED] - ctdc.utilities.runtestcaseforKatalon.clickTabCanineStat is PASSED

2021-09-03 00:38:16 - [TEST_STEP][PASSED] - waitForElementPresent(findTestObject("Object Repository/Canine/Filter/StageOfDisease/T3N0M0_Chkbx"), 10): Object 'Object Repository/Canine/Filter/StageOfDisease/T3N0M0_Chkbx' is present

2021-09-03 00:38:16 - [MESSAGE][PASSED] - Object 'Object Repository/Canine/Filter/StageOfDisease/T3N0M0_Chkbx' is present

2021-09-03 00:38:16 - [TEST_STEP][PASSED] - ctdc.utilities.runtestcaseforKatalon.clickTabCanineStat("Object Repository/Canine/Filter/StageOfDisease/T3N0M0_Chkbx"): ctdc.utilities.runtestcaseforKatalon.clickTabCanineStat is PASSED

2021-09-03 00:38:17 - [MESSAGE][PASSED] - ctdc.utilities.runtestcaseforKatalon.clickTabCanineStat is PASSED

2021-09-03 00:38:17 - [TEST_STEP][PASSED] - waitForElementPresent(findTestObject("Object Repository/Canine/Filter/StageOfDisease/NotApplicable_Chkbx"), 10): Object 'Object Repository/Canine/Filter/StageOfDisease/NotApplicable_Chkbx' is present

2021-09-03 00:38:17 - [MESSAGE][PASSED] - Object 'Object Repository/Canine/Filter/StageOfDisease/NotApplicable_Chkbx' is present

2021-09-03 00:38:17 - [TEST_STEP][PASSED] - ctdc.utilities.runtestcaseforKatalon.clickTabCanineStat("Object Repository/Canine/Filter/StageOfDisease/NotApplicable_Chkbx"): ctdc.utilities.runtestcaseforKatalon.clickTabCanineStat is PASSED

2021-09-03 00:38:19 - [MESSAGE][PASSED] - ctdc.utilities.runtestcaseforKatalon.clickTabCanineStat is PASSED

2021-09-03 00:38:19 - [TEST_STEP][PASSED] - ctdc.utilities.runtestcaseforKatalon.clickTab("Object Repository/Canine/Filter/PrimDiseaseSite/PRIMARYDISEASESITE_Ddn"): ctdc.utilities.runtestcaseforKatalon.clickTab is PASSED

2021-09-03 00:38:19 - [MESSAGE][PASSED] - ctdc.utilities.runtestcaseforKatalon.clickTab is PASSED

2021-09-03 00:38:19 - [TEST_STEP][PASSED] - ctdc.utilities.runtestcaseforKatalon.readStatBarCanine("Object Repository/Canine/StatBar/Canine_StatBar-Studies", "Object Repository/Canine/StatBar/Canine_StatBar-Cases", "Object Repository/Canine/StatBar/Canine_StatBar-Samples", "Object Repository/Canine/StatBar/Canine_StatBar-Files", "Object Repository/Canine/StatBar/Canine_StatBar-Aliquots"): ctdc.utilities.runtestcaseforKatalon.readStatBarCanine is PASSED

2021-09-03 00:38:34 - [MESSAGE][PASSED] - ctdc.utilities.runtestcaseforKatalon.readStatBarCanine is PASSED

2021-09-03 00:38:34 - [TEST_STEP][PASSED] - waitForElementPresent(findTestObject("Object Repository/Canine/CanineResults_Cases_Tab"), 5): Object 'Object Repository/Canine/CanineResults_Cases_Tab' is present

2021-09-03 00:38:34 - [MESSAGE][PASSED] - Object 'Object Repository/Canine/CanineResults_Cases_Tab' is present

2021-09-03 00:38:34 - [TEST_STEP][PASSED] - ctdc.utilities.runtestcaseforKatalon.clickTab("Object Repository/Canine/CanineResults_Cases_Tab"): ctdc.utilities.runtestcaseforKatalon.clickTab is PASSED

2021-09-03 00:38:34 - [MESSAGE][PASSED] - ctdc.utilities.runtestcaseforKatalon.clickTab is PASSED

2021-09-03 00:38:34 - [TEST_STEP][PASSED] - ctdc.utilities.runtestcaseforKatalon.multiFunction("ICDC", G_StatBar_Cases, "Object Repository/Canine/Canine_CasesTable", "Object Repository/Canine/Canine_TableHeader", "Object Repository/Canine/Canine_CasesTabNextBtn", G_WebTabnameCases, G_CypherTabnameCases, G_QueryCasesTab): Statbar Arms count matches

2021-09-03 00:39:02 - [MESSAGE][PASSED] - Statbar Files count matches

2021-09-03 00:39:02 - [MESSAGE][PASSED] - Statbar Samples count matches

2021-09-03 00:39:02 - [MESSAGE][PASSED] - Statbar Cases count matches

2021-09-03 00:39:02 - [MESSAGE][PASSED] - Statbar Arms count matches

2021-09-03 00:39:02 - [TEST_STEP][PASSED] - closeBrowser(): Browser is closed

2021-09-03 00:39:03 - [MESSAGE][PASSED] - Browser is closed]]></system-out>
         <system-err><![CDATA[]]></system-err>
      </testcase>
      <testcase name="Test Cases/Canine_TestCases/StudyCombinations/Study-Combinations-UBC01/TC28_Canine_StudyUBC-AllBreeds_StageOfDisease" time="54.369" classname="Test Cases/Canine_TestCases/StudyCombinations/Study-Combinations-UBC01/TC28_Canine_StudyUBC-AllBreeds_StageOfDisease" status="PASSED">
         <system-out><![CDATA[2021-09-03 00:39:03 - [TEST_CASE][PASSED] - Test Cases/Canine_TestCases/StudyCombinations/Study-Combinations-UBC01/TC28_Canine_StudyUBC-AllBreeds_StageOfDisease: Test Cases/Canine_TestCases/StudyCombinations/Study-Combinations-UBC01/TC28_Canine_StudyUBC-AllBreeds_StageOfDisease

2021-09-03 00:39:03 - [TEST_STEP][PASSED] - Start listener action : getTestScriptName: null

2021-09-03 00:39:03 - [TEST_STEP][PASSED] - TestCaseId = testCaseContext.getTestCaseId(): null

2021-09-03 00:39:03 - [TEST_STEP][PASSED] - out.println("**********this is the value of test case id string******** " + testCaseContext.getTestCaseId()): null

2021-09-03 00:39:03 - [TEST_STEP][PASSED] - G_currentTCName = TestCaseId.substring(TestCaseId.lastIndexOf("TC")): null

2021-09-03 00:39:03 - [TEST_STEP][PASSED] - out.println("This is the test case name : " + G_currentTCName): null

2021-09-03 00:39:03 - [TEST_STEP][PASSED] - closeBrowser(): Browser is closed

2021-09-03 00:39:03 - [MESSAGE][PASSED] - Browser is closed

2021-09-03 00:39:03 - [TEST_STEP][PASSED] - "Driver opened by Katalon is used in Selenium from this step.": null

2021-09-03 00:39:03 - [TEST_STEP][PASSED] - ctdc.utilities.runtestcaseforKatalon.RunKatalon("TC28_Canine_StudyUBC-AllBreeds_StageOfDisease.xlsx"): Data loaded from input file for the test case. 

2021-09-03 00:39:03 - [MESSAGE][PASSED] - Test case file loaded This is the full filepath after converting to string :C:\Users\sohilz2\Commons_Automation\InputFiles\TC28_Canine_StudyUBC-AllBreeds_StageOfDisease.xlsx

2021-09-03 00:39:03 - [MESSAGE][INFO] - Global variable set for password file is :  C:\Users\sohilz2\Commons_Automation\InputFiles\TC28_Canine_StudyUBC-AllBreeds_StageOfDisease.xlsx

2021-09-03 00:39:08 - [MESSAGE][PASSED] - Data loaded from input file for the test case. 

2021-09-03 00:39:14 - [TEST_STEP][PASSED] - waitForElementPresent(findTestObject("Canine/NavBar/Canine_Cases_Btn"), 10): Object 'Object Repository/Canine/NavBar/Canine_Cases_Btn' is present

2021-09-03 00:39:14 - [MESSAGE][PASSED] - Object 'Object Repository/Canine/NavBar/Canine_Cases_Btn' is present

2021-09-03 00:39:14 - [TEST_STEP][PASSED] - ctdc.utilities.runtestcaseforKatalon.clickTabCanineStat("Canine/NavBar/Canine_Cases_Btn"): ctdc.utilities.runtestcaseforKatalon.clickTabCanineStat is PASSED

2021-09-03 00:39:16 - [MESSAGE][PASSED] - ctdc.utilities.runtestcaseforKatalon.clickTabCanineStat is PASSED

2021-09-03 00:39:16 - [TEST_STEP][PASSED] - waitForElementPresent(findTestObject("Object Repository/Canine/Filter/FilterByCases_Facet"), 10): Object 'Object Repository/Canine/Filter/FilterByCases_Facet' is present

2021-09-03 00:39:16 - [MESSAGE][PASSED] - Object 'Object Repository/Canine/Filter/FilterByCases_Facet' is present

2021-09-03 00:39:16 - [TEST_STEP][PASSED] - ctdc.utilities.runtestcaseforKatalon.clickTabCanineStat("Object Repository/Canine/Filter/FilterByCases_Facet"): ctdc.utilities.runtestcaseforKatalon.clickTabCanineStat is PASSED

2021-09-03 00:39:18 - [MESSAGE][PASSED] - ctdc.utilities.runtestcaseforKatalon.clickTabCanineStat is PASSED

2021-09-03 00:39:18 - [TEST_STEP][PASSED] - waitForElementPresent(findTestObject("Object Repository/Canine/Filter/Study/Canine_Filter_Study"), 10): Object 'Object Repository/Canine/Filter/Study/Canine_Filter_Study' is present

2021-09-03 00:39:18 - [MESSAGE][PASSED] - Object 'Object Repository/Canine/Filter/Study/Canine_Filter_Study' is present

2021-09-03 00:39:18 - [TEST_STEP][PASSED] - ctdc.utilities.runtestcaseforKatalon.clickTabCanineStat("Object Repository/Canine/Filter/Study/Canine_Filter_Study"): ctdc.utilities.runtestcaseforKatalon.clickTabCanineStat is PASSED

2021-09-03 00:39:19 - [MESSAGE][PASSED] - ctdc.utilities.runtestcaseforKatalon.clickTabCanineStat is PASSED

2021-09-03 00:39:19 - [TEST_STEP][PASSED] - waitForElementPresent(findTestObject("Object Repository/Canine/Filter/Study/Canine_Filter_Study-UBC_Chkbx"), 10): Object 'Object Repository/Canine/Filter/Study/Canine_Filter_Study-UBC_Chkbx' is present

2021-09-03 00:39:19 - [MESSAGE][PASSED] - Object 'Object Repository/Canine/Filter/Study/Canine_Filter_Study-UBC_Chkbx' is present

2021-09-03 00:39:19 - [TEST_STEP][PASSED] - ctdc.utilities.runtestcaseforKatalon.clickTabCanineStat("Object Repository/Canine/Filter/Study/Canine_Filter_Study-UBC_Chkbx"): ctdc.utilities.runtestcaseforKatalon.clickTabCanineStat is PASSED

2021-09-03 00:39:21 - [MESSAGE][PASSED] - ctdc.utilities.runtestcaseforKatalon.clickTabCanineStat is PASSED

2021-09-03 00:39:21 - [TEST_STEP][PASSED] - waitForElementPresent(findTestObject("Object Repository/Canine/Filter/StageOfDisease/STAGEOFDISEASE_Ddn"), 10): Object 'Object Repository/Canine/Filter/StageOfDisease/STAGEOFDISEASE_Ddn' is present

2021-09-03 00:39:21 - [MESSAGE][PASSED] - Object 'Object Repository/Canine/Filter/StageOfDisease/STAGEOFDISEASE_Ddn' is present

2021-09-03 00:39:21 - [TEST_STEP][PASSED] - ctdc.utilities.runtestcaseforKatalon.clickTabCanineStat("Object Repository/Canine/Filter/StageOfDisease/STAGEOFDISEASE_Ddn"): ctdc.utilities.runtestcaseforKatalon.clickTabCanineStat is PASSED

2021-09-03 00:39:22 - [MESSAGE][PASSED] - ctdc.utilities.runtestcaseforKatalon.clickTabCanineStat is PASSED

2021-09-03 00:39:22 - [TEST_STEP][PASSED] - waitForElementPresent(findTestObject("Object Repository/Canine/Filter/StageOfDisease/T3N1M0_Chkbx"), 10): Object 'Object Repository/Canine/Filter/StageOfDisease/T3N1M0_Chkbx' is present

2021-09-03 00:39:22 - [MESSAGE][PASSED] - Object 'Object Repository/Canine/Filter/StageOfDisease/T3N1M0_Chkbx' is present

2021-09-03 00:39:22 - [TEST_STEP][PASSED] - ctdc.utilities.runtestcaseforKatalon.clickTabCanineStat("Object Repository/Canine/Filter/StageOfDisease/T3N1M0_Chkbx"): ctdc.utilities.runtestcaseforKatalon.clickTabCanineStat is PASSED

2021-09-03 00:39:23 - [MESSAGE][PASSED] - ctdc.utilities.runtestcaseforKatalon.clickTabCanineStat is PASSED

2021-09-03 00:39:23 - [TEST_STEP][PASSED] - waitForElementPresent(findTestObject("Object Repository/Canine/Filter/StageOfDisease/NotApplicable_Chkbx"), 10): Object 'Object Repository/Canine/Filter/StageOfDisease/NotApplicable_Chkbx' is present

2021-09-03 00:39:23 - [MESSAGE][PASSED] - Object 'Object Repository/Canine/Filter/StageOfDisease/NotApplicable_Chkbx' is present

2021-09-03 00:39:23 - [TEST_STEP][PASSED] - ctdc.utilities.runtestcaseforKatalon.clickTabCanineStat("Object Repository/Canine/Filter/StageOfDisease/NotApplicable_Chkbx"): ctdc.utilities.runtestcaseforKatalon.clickTabCanineStat is PASSED

2021-09-03 00:39:25 - [MESSAGE][PASSED] - ctdc.utilities.runtestcaseforKatalon.clickTabCanineStat is PASSED

2021-09-03 00:39:25 - [TEST_STEP][PASSED] - ctdc.utilities.runtestcaseforKatalon.clickTab("Object Repository/Canine/Filter/PrimDiseaseSite/PRIMARYDISEASESITE_Ddn"): ctdc.utilities.runtestcaseforKatalon.clickTab is PASSED

2021-09-03 00:39:25 - [MESSAGE][PASSED] - ctdc.utilities.runtestcaseforKatalon.clickTab is PASSED

2021-09-03 00:39:25 - [TEST_STEP][PASSED] - ctdc.utilities.runtestcaseforKatalon.readStatBarCanine("Object Repository/Canine/StatBar/Canine_StatBar-Studies", "Object Repository/Canine/StatBar/Canine_StatBar-Cases", "Object Repository/Canine/StatBar/Canine_StatBar-Samples", "Object Repository/Canine/StatBar/Canine_StatBar-Files", "Object Repository/Canine/StatBar/Canine_StatBar-Aliquots"): ctdc.utilities.runtestcaseforKatalon.readStatBarCanine is PASSED

2021-09-03 00:39:40 - [MESSAGE][PASSED] - ctdc.utilities.runtestcaseforKatalon.readStatBarCanine is PASSED

2021-09-03 00:39:40 - [TEST_STEP][PASSED] - waitForElementPresent(findTestObject("Object Repository/Canine/CanineResults_Cases_Tab"), 5): Object 'Object Repository/Canine/CanineResults_Cases_Tab' is present

2021-09-03 00:39:40 - [MESSAGE][PASSED] - Object 'Object Repository/Canine/CanineResults_Cases_Tab' is present

2021-09-03 00:39:40 - [TEST_STEP][PASSED] - ctdc.utilities.runtestcaseforKatalon.clickTab("Object Repository/Canine/CanineResults_Cases_Tab"): ctdc.utilities.runtestcaseforKatalon.clickTab is PASSED

2021-09-03 00:39:40 - [MESSAGE][PASSED] - ctdc.utilities.runtestcaseforKatalon.clickTab is PASSED

2021-09-03 00:39:40 - [TEST_STEP][PASSED] - ctdc.utilities.runtestcaseforKatalon.multiFunction("ICDC", G_StatBar_Cases, "Object Repository/Canine/Canine_CasesTable", "Object Repository/Canine/Canine_TableHeader", "Object Repository/Canine/Canine_CasesTabNextBtn", G_WebTabnameCases, G_CypherTabnameCases, G_QueryCasesTab): Statbar Arms count matches

2021-09-03 00:39:57 - [MESSAGE][PASSED] - Statbar Files count matches

2021-09-03 00:39:57 - [MESSAGE][PASSED] - Statbar Samples count matches

2021-09-03 00:39:57 - [MESSAGE][PASSED] - Statbar Cases count matches

2021-09-03 00:39:57 - [MESSAGE][PASSED] - Statbar Arms count matches

2021-09-03 00:39:57 - [TEST_STEP][PASSED] - closeBrowser(): Browser is closed

2021-09-03 00:39:57 - [MESSAGE][PASSED] - Browser is closed]]></system-out>
         <system-err><![CDATA[]]></system-err>
      </testcase>
      <testcase name="Test Cases/Canine_TestCases/StudyCombinations/Study-Combinations-UBC01/TC27_Canine_StudyUBC-AllBreeds_StageOfDisease" time="53.156" classname="Test Cases/Canine_TestCases/StudyCombinations/Study-Combinations-UBC01/TC27_Canine_StudyUBC-AllBreeds_StageOfDisease" status="PASSED">
         <system-out><![CDATA[2021-09-03 00:39:57 - [TEST_CASE][PASSED] - Test Cases/Canine_TestCases/StudyCombinations/Study-Combinations-UBC01/TC27_Canine_StudyUBC-AllBreeds_StageOfDisease: Test Cases/Canine_TestCases/StudyCombinations/Study-Combinations-UBC01/TC27_Canine_StudyUBC-AllBreeds_StageOfDisease

2021-09-03 00:39:57 - [TEST_STEP][PASSED] - Start listener action : getTestScriptName: null

2021-09-03 00:39:57 - [TEST_STEP][PASSED] - TestCaseId = testCaseContext.getTestCaseId(): null

2021-09-03 00:39:57 - [TEST_STEP][PASSED] - out.println("**********this is the value of test case id string******** " + testCaseContext.getTestCaseId()): null

2021-09-03 00:39:57 - [TEST_STEP][PASSED] - G_currentTCName = TestCaseId.substring(TestCaseId.lastIndexOf("TC")): null

2021-09-03 00:39:57 - [TEST_STEP][PASSED] - out.println("This is the test case name : " + G_currentTCName): null

2021-09-03 00:39:58 - [TEST_STEP][PASSED] - closeBrowser(): Browser is closed

2021-09-03 00:39:58 - [MESSAGE][PASSED] - Browser is closed

2021-09-03 00:39:58 - [TEST_STEP][PASSED] - "Driver opened by Katalon is used in Selenium from this step.": null

2021-09-03 00:39:58 - [TEST_STEP][PASSED] - ctdc.utilities.runtestcaseforKatalon.RunKatalon("TC27_Canine_StudyUBC-AllBreeds_StageOfDisease.xlsx"): Data loaded from input file for the test case. 

2021-09-03 00:39:58 - [MESSAGE][PASSED] - Test case file loaded This is the full filepath after converting to string :C:\Users\sohilz2\Commons_Automation\InputFiles\TC27_Canine_StudyUBC-AllBreeds_StageOfDisease.xlsx

2021-09-03 00:39:58 - [MESSAGE][INFO] - Global variable set for password file is :  C:\Users\sohilz2\Commons_Automation\InputFiles\TC27_Canine_StudyUBC-AllBreeds_StageOfDisease.xlsx

2021-09-03 00:40:02 - [MESSAGE][PASSED] - Data loaded from input file for the test case. 

2021-09-03 00:40:08 - [TEST_STEP][PASSED] - waitForElementPresent(findTestObject("Canine/NavBar/Canine_Cases_Btn"), 10): Object 'Object Repository/Canine/NavBar/Canine_Cases_Btn' is present

2021-09-03 00:40:08 - [MESSAGE][PASSED] - Object 'Object Repository/Canine/NavBar/Canine_Cases_Btn' is present

2021-09-03 00:40:08 - [TEST_STEP][PASSED] - ctdc.utilities.runtestcaseforKatalon.clickTabCanineStat("Canine/NavBar/Canine_Cases_Btn"): ctdc.utilities.runtestcaseforKatalon.clickTabCanineStat is PASSED

2021-09-03 00:40:10 - [MESSAGE][PASSED] - ctdc.utilities.runtestcaseforKatalon.clickTabCanineStat is PASSED

2021-09-03 00:40:10 - [TEST_STEP][PASSED] - waitForElementPresent(findTestObject("Object Repository/Canine/Filter/FilterByCases_Facet"), 10): Object 'Object Repository/Canine/Filter/FilterByCases_Facet' is present

2021-09-03 00:40:10 - [MESSAGE][PASSED] - Object 'Object Repository/Canine/Filter/FilterByCases_Facet' is present

2021-09-03 00:40:10 - [TEST_STEP][PASSED] - ctdc.utilities.runtestcaseforKatalon.clickTabCanineStat("Object Repository/Canine/Filter/FilterByCases_Facet"): ctdc.utilities.runtestcaseforKatalon.clickTabCanineStat is PASSED

2021-09-03 00:40:12 - [MESSAGE][PASSED] - ctdc.utilities.runtestcaseforKatalon.clickTabCanineStat is PASSED

2021-09-03 00:40:12 - [TEST_STEP][PASSED] - waitForElementPresent(findTestObject("Object Repository/Canine/Filter/Study/Canine_Filter_Study"), 10): Object 'Object Repository/Canine/Filter/Study/Canine_Filter_Study' is present

2021-09-03 00:40:12 - [MESSAGE][PASSED] - Object 'Object Repository/Canine/Filter/Study/Canine_Filter_Study' is present

2021-09-03 00:40:12 - [TEST_STEP][PASSED] - ctdc.utilities.runtestcaseforKatalon.clickTabCanineStat("Object Repository/Canine/Filter/Study/Canine_Filter_Study"): ctdc.utilities.runtestcaseforKatalon.clickTabCanineStat is PASSED

2021-09-03 00:40:13 - [MESSAGE][PASSED] - ctdc.utilities.runtestcaseforKatalon.clickTabCanineStat is PASSED

2021-09-03 00:40:13 - [TEST_STEP][PASSED] - waitForElementPresent(findTestObject("Object Repository/Canine/Filter/Study/Canine_Filter_Study-UBC_Chkbx"), 10): Object 'Object Repository/Canine/Filter/Study/Canine_Filter_Study-UBC_Chkbx' is present

2021-09-03 00:40:13 - [MESSAGE][PASSED] - Object 'Object Repository/Canine/Filter/Study/Canine_Filter_Study-UBC_Chkbx' is present

2021-09-03 00:40:13 - [TEST_STEP][PASSED] - ctdc.utilities.runtestcaseforKatalon.clickTabCanineStat("Object Repository/Canine/Filter/Study/Canine_Filter_Study-UBC_Chkbx"): ctdc.utilities.runtestcaseforKatalon.clickTabCanineStat is PASSED

2021-09-03 00:40:15 - [MESSAGE][PASSED] - ctdc.utilities.runtestcaseforKatalon.clickTabCanineStat is PASSED

2021-09-03 00:40:15 - [TEST_STEP][PASSED] - waitForElementPresent(findTestObject("Object Repository/Canine/Filter/StageOfDisease/STAGEOFDISEASE_Ddn"), 10): Object 'Object Repository/Canine/Filter/StageOfDisease/STAGEOFDISEASE_Ddn' is present

2021-09-03 00:40:15 - [MESSAGE][PASSED] - Object 'Object Repository/Canine/Filter/StageOfDisease/STAGEOFDISEASE_Ddn' is present

2021-09-03 00:40:15 - [TEST_STEP][PASSED] - ctdc.utilities.runtestcaseforKatalon.clickTabCanineStat("Object Repository/Canine/Filter/StageOfDisease/STAGEOFDISEASE_Ddn"): ctdc.utilities.runtestcaseforKatalon.clickTabCanineStat is PASSED

2021-09-03 00:40:16 - [MESSAGE][PASSED] - ctdc.utilities.runtestcaseforKatalon.clickTabCanineStat is PASSED

2021-09-03 00:40:16 - [TEST_STEP][PASSED] - waitForElementPresent(findTestObject("Object Repository/Canine/Filter/StageOfDisease/NotApplicable_Chkbx"), 10): Object 'Object Repository/Canine/Filter/StageOfDisease/NotApplicable_Chkbx' is present

2021-09-03 00:40:16 - [MESSAGE][PASSED] - Object 'Object Repository/Canine/Filter/StageOfDisease/NotApplicable_Chkbx' is present

2021-09-03 00:40:16 - [TEST_STEP][PASSED] - ctdc.utilities.runtestcaseforKatalon.clickTabCanineStat("Object Repository/Canine/Filter/StageOfDisease/NotApplicable_Chkbx"): ctdc.utilities.runtestcaseforKatalon.clickTabCanineStat is PASSED

2021-09-03 00:40:17 - [MESSAGE][PASSED] - ctdc.utilities.runtestcaseforKatalon.clickTabCanineStat is PASSED

2021-09-03 00:40:17 - [TEST_STEP][PASSED] - waitForElementPresent(findTestObject("Object Repository/Canine/Filter/StageOfDisease/T3N0M1_Chkbx"), 10): Object 'Object Repository/Canine/Filter/StageOfDisease/T3N0M1_Chkbx' is present

2021-09-03 00:40:17 - [MESSAGE][PASSED] - Object 'Object Repository/Canine/Filter/StageOfDisease/T3N0M1_Chkbx' is present

2021-09-03 00:40:17 - [TEST_STEP][PASSED] - ctdc.utilities.runtestcaseforKatalon.clickTabCanineStat("Object Repository/Canine/Filter/StageOfDisease/T3N0M1_Chkbx"): ctdc.utilities.runtestcaseforKatalon.clickTabCanineStat is PASSED

2021-09-03 00:40:18 - [MESSAGE][PASSED] - ctdc.utilities.runtestcaseforKatalon.clickTabCanineStat is PASSED

2021-09-03 00:40:18 - [TEST_STEP][PASSED] - ctdc.utilities.runtestcaseforKatalon.clickTab("Object Repository/Canine/Filter/PrimDiseaseSite/PRIMARYDISEASESITE_Ddn"): ctdc.utilities.runtestcaseforKatalon.clickTab is PASSED

2021-09-03 00:40:19 - [MESSAGE][PASSED] - ctdc.utilities.runtestcaseforKatalon.clickTab is PASSED

2021-09-03 00:40:19 - [TEST_STEP][PASSED] - ctdc.utilities.runtestcaseforKatalon.readStatBarCanine("Object Repository/Canine/StatBar/Canine_StatBar-Studies", "Object Repository/Canine/StatBar/Canine_StatBar-Cases", "Object Repository/Canine/StatBar/Canine_StatBar-Samples", "Object Repository/Canine/StatBar/Canine_StatBar-Files", "Object Repository/Canine/StatBar/Canine_StatBar-Aliquots"): ctdc.utilities.runtestcaseforKatalon.readStatBarCanine is PASSED

2021-09-03 00:40:34 - [MESSAGE][PASSED] - ctdc.utilities.runtestcaseforKatalon.readStatBarCanine is PASSED

2021-09-03 00:40:34 - [TEST_STEP][PASSED] - waitForElementPresent(findTestObject("Object Repository/Canine/CanineResults_Cases_Tab"), 5): Object 'Object Repository/Canine/CanineResults_Cases_Tab' is present

2021-09-03 00:40:34 - [MESSAGE][PASSED] - Object 'Object Repository/Canine/CanineResults_Cases_Tab' is present

2021-09-03 00:40:34 - [TEST_STEP][PASSED] - ctdc.utilities.runtestcaseforKatalon.clickTab("Object Repository/Canine/CanineResults_Cases_Tab"): ctdc.utilities.runtestcaseforKatalon.clickTab is PASSED

2021-09-03 00:40:34 - [MESSAGE][PASSED] - ctdc.utilities.runtestcaseforKatalon.clickTab is PASSED

2021-09-03 00:40:34 - [TEST_STEP][PASSED] - ctdc.utilities.runtestcaseforKatalon.multiFunction("ICDC", G_StatBar_Cases, "Object Repository/Canine/Canine_CasesTable", "Object Repository/Canine/Canine_TableHeader", "Object Repository/Canine/Canine_CasesTabNextBtn", G_WebTabnameCases, G_CypherTabnameCases, G_QueryCasesTab): Statbar Arms count matches

2021-09-03 00:40:50 - [MESSAGE][PASSED] - Statbar Files count matches

2021-09-03 00:40:50 - [MESSAGE][PASSED] - Statbar Samples count matches

2021-09-03 00:40:50 - [MESSAGE][PASSED] - Statbar Cases count matches

2021-09-03 00:40:50 - [MESSAGE][PASSED] - Statbar Arms count matches

2021-09-03 00:40:50 - [TEST_STEP][PASSED] - closeBrowser(): Browser is closed

2021-09-03 00:40:51 - [MESSAGE][PASSED] - Browser is closed]]></system-out>
         <system-err><![CDATA[]]></system-err>
      </testcase>
      <testcase name="Test Cases/Canine_TestCases/StudyCombinations/Study-Combinations-UBC01/TC25_Canine_StudyUBC-AllBreeds_StageOfDisease" time="53.977" classname="Test Cases/Canine_TestCases/StudyCombinations/Study-Combinations-UBC01/TC25_Canine_StudyUBC-AllBreeds_StageOfDisease" status="PASSED">
         <system-out><![CDATA[2021-09-03 00:40:51 - [TEST_CASE][PASSED] - Test Cases/Canine_TestCases/StudyCombinations/Study-Combinations-UBC01/TC25_Canine_StudyUBC-AllBreeds_StageOfDisease: Test Cases/Canine_TestCases/StudyCombinations/Study-Combinations-UBC01/TC25_Canine_StudyUBC-AllBreeds_StageOfDisease

2021-09-03 00:40:51 - [TEST_STEP][PASSED] - Start listener action : getTestScriptName: null

2021-09-03 00:40:51 - [TEST_STEP][PASSED] - TestCaseId = testCaseContext.getTestCaseId(): null

2021-09-03 00:40:51 - [TEST_STEP][PASSED] - out.println("**********this is the value of test case id string******** " + testCaseContext.getTestCaseId()): null

2021-09-03 00:40:51 - [TEST_STEP][PASSED] - G_currentTCName = TestCaseId.substring(TestCaseId.lastIndexOf("TC")): null

2021-09-03 00:40:51 - [TEST_STEP][PASSED] - out.println("This is the test case name : " + G_currentTCName): null

2021-09-03 00:40:51 - [TEST_STEP][PASSED] - closeBrowser(): Browser is closed

2021-09-03 00:40:51 - [MESSAGE][PASSED] - Browser is closed

2021-09-03 00:40:51 - [TEST_STEP][PASSED] - "Driver opened by Katalon is used in Selenium from this step.": null

2021-09-03 00:40:51 - [TEST_STEP][PASSED] - ctdc.utilities.runtestcaseforKatalon.RunKatalon("TC25_Canine_StudyUBC-AllBreeds_StageOfDisease.xlsx"): Data loaded from input file for the test case. 

2021-09-03 00:40:51 - [MESSAGE][PASSED] - Test case file loaded This is the full filepath after converting to string :C:\Users\sohilz2\Commons_Automation\InputFiles\TC25_Canine_StudyUBC-AllBreeds_StageOfDisease.xlsx

2021-09-03 00:40:51 - [MESSAGE][INFO] - Global variable set for password file is :  C:\Users\sohilz2\Commons_Automation\InputFiles\TC25_Canine_StudyUBC-AllBreeds_StageOfDisease.xlsx

2021-09-03 00:40:55 - [MESSAGE][PASSED] - Data loaded from input file for the test case. 

2021-09-03 00:41:01 - [TEST_STEP][PASSED] - waitForElementPresent(findTestObject("Canine/NavBar/Canine_Cases_Btn"), 10): Object 'Object Repository/Canine/NavBar/Canine_Cases_Btn' is present

2021-09-03 00:41:01 - [MESSAGE][PASSED] - Object 'Object Repository/Canine/NavBar/Canine_Cases_Btn' is present

2021-09-03 00:41:01 - [TEST_STEP][PASSED] - ctdc.utilities.runtestcaseforKatalon.clickTabCanineStat("Canine/NavBar/Canine_Cases_Btn"): ctdc.utilities.runtestcaseforKatalon.clickTabCanineStat is PASSED

2021-09-03 00:41:03 - [MESSAGE][PASSED] - ctdc.utilities.runtestcaseforKatalon.clickTabCanineStat is PASSED

2021-09-03 00:41:03 - [TEST_STEP][PASSED] - waitForElementPresent(findTestObject("Object Repository/Canine/Filter/FilterByCases_Facet"), 10): Object 'Object Repository/Canine/Filter/FilterByCases_Facet' is present

2021-09-03 00:41:03 - [MESSAGE][PASSED] - Object 'Object Repository/Canine/Filter/FilterByCases_Facet' is present

2021-09-03 00:41:03 - [TEST_STEP][PASSED] - ctdc.utilities.runtestcaseforKatalon.clickTabCanineStat("Object Repository/Canine/Filter/FilterByCases_Facet"): ctdc.utilities.runtestcaseforKatalon.clickTabCanineStat is PASSED

2021-09-03 00:41:05 - [MESSAGE][PASSED] - ctdc.utilities.runtestcaseforKatalon.clickTabCanineStat is PASSED

2021-09-03 00:41:05 - [TEST_STEP][PASSED] - waitForElementPresent(findTestObject("Object Repository/Canine/Filter/Study/Canine_Filter_Study"), 10): Object 'Object Repository/Canine/Filter/Study/Canine_Filter_Study' is present

2021-09-03 00:41:05 - [MESSAGE][PASSED] - Object 'Object Repository/Canine/Filter/Study/Canine_Filter_Study' is present

2021-09-03 00:41:05 - [TEST_STEP][PASSED] - ctdc.utilities.runtestcaseforKatalon.clickTabCanineStat("Object Repository/Canine/Filter/Study/Canine_Filter_Study"): ctdc.utilities.runtestcaseforKatalon.clickTabCanineStat is PASSED

2021-09-03 00:41:06 - [MESSAGE][PASSED] - ctdc.utilities.runtestcaseforKatalon.clickTabCanineStat is PASSED

2021-09-03 00:41:06 - [TEST_STEP][PASSED] - waitForElementPresent(findTestObject("Object Repository/Canine/Filter/Study/Canine_Filter_Study-UBC_Chkbx"), 10): Object 'Object Repository/Canine/Filter/Study/Canine_Filter_Study-UBC_Chkbx' is present

2021-09-03 00:41:06 - [MESSAGE][PASSED] - Object 'Object Repository/Canine/Filter/Study/Canine_Filter_Study-UBC_Chkbx' is present

2021-09-03 00:41:06 - [TEST_STEP][PASSED] - ctdc.utilities.runtestcaseforKatalon.clickTabCanineStat("Object Repository/Canine/Filter/Study/Canine_Filter_Study-UBC_Chkbx"): ctdc.utilities.runtestcaseforKatalon.clickTabCanineStat is PASSED

2021-09-03 00:41:08 - [MESSAGE][PASSED] - ctdc.utilities.runtestcaseforKatalon.clickTabCanineStat is PASSED

2021-09-03 00:41:08 - [TEST_STEP][PASSED] - waitForElementPresent(findTestObject("Object Repository/Canine/Filter/StageOfDisease/STAGEOFDISEASE_Ddn"), 10): Object 'Object Repository/Canine/Filter/StageOfDisease/STAGEOFDISEASE_Ddn' is present

2021-09-03 00:41:08 - [MESSAGE][PASSED] - Object 'Object Repository/Canine/Filter/StageOfDisease/STAGEOFDISEASE_Ddn' is present

2021-09-03 00:41:08 - [TEST_STEP][PASSED] - ctdc.utilities.runtestcaseforKatalon.clickTabCanineStat("Object Repository/Canine/Filter/StageOfDisease/STAGEOFDISEASE_Ddn"): ctdc.utilities.runtestcaseforKatalon.clickTabCanineStat is PASSED

2021-09-03 00:41:09 - [MESSAGE][PASSED] - ctdc.utilities.runtestcaseforKatalon.clickTabCanineStat is PASSED

2021-09-03 00:41:09 - [TEST_STEP][PASSED] - waitForElementPresent(findTestObject("Object Repository/Canine/Filter/StageOfDisease/T3N0M1_Chkbx"), 10): Object 'Object Repository/Canine/Filter/StageOfDisease/T3N0M1_Chkbx' is present

2021-09-03 00:41:09 - [MESSAGE][PASSED] - Object 'Object Repository/Canine/Filter/StageOfDisease/T3N0M1_Chkbx' is present

2021-09-03 00:41:09 - [TEST_STEP][PASSED] - ctdc.utilities.runtestcaseforKatalon.clickTabCanineStat("Object Repository/Canine/Filter/StageOfDisease/T3N0M1_Chkbx"): ctdc.utilities.runtestcaseforKatalon.clickTabCanineStat is PASSED

2021-09-03 00:41:11 - [MESSAGE][PASSED] - ctdc.utilities.runtestcaseforKatalon.clickTabCanineStat is PASSED

2021-09-03 00:41:11 - [TEST_STEP][PASSED] - waitForElementPresent(findTestObject("Object Repository/Canine/Filter/StageOfDisease/T3N1M0_Chkbx"), 10): Object 'Object Repository/Canine/Filter/StageOfDisease/T3N1M0_Chkbx' is present

2021-09-03 00:41:11 - [MESSAGE][PASSED] - Object 'Object Repository/Canine/Filter/StageOfDisease/T3N1M0_Chkbx' is present

2021-09-03 00:41:11 - [TEST_STEP][PASSED] - ctdc.utilities.runtestcaseforKatalon.clickTabCanineStat("Object Repository/Canine/Filter/StageOfDisease/T3N1M0_Chkbx"): ctdc.utilities.runtestcaseforKatalon.clickTabCanineStat is PASSED

2021-09-03 00:41:12 - [MESSAGE][PASSED] - ctdc.utilities.runtestcaseforKatalon.clickTabCanineStat is PASSED

2021-09-03 00:41:12 - [TEST_STEP][PASSED] - ctdc.utilities.runtestcaseforKatalon.clickTab("Object Repository/Canine/Filter/PrimDiseaseSite/PRIMARYDISEASESITE_Ddn"): ctdc.utilities.runtestcaseforKatalon.clickTab is PASSED

2021-09-03 00:41:12 - [MESSAGE][PASSED] - ctdc.utilities.runtestcaseforKatalon.clickTab is PASSED

2021-09-03 00:41:12 - [TEST_STEP][PASSED] - ctdc.utilities.runtestcaseforKatalon.readStatBarCanine("Object Repository/Canine/StatBar/Canine_StatBar-Studies", "Object Repository/Canine/StatBar/Canine_StatBar-Cases", "Object Repository/Canine/StatBar/Canine_StatBar-Samples", "Object Repository/Canine/StatBar/Canine_StatBar-Files", "Object Repository/Canine/StatBar/Canine_StatBar-Aliquots"): ctdc.utilities.runtestcaseforKatalon.readStatBarCanine is PASSED

2021-09-03 00:41:27 - [MESSAGE][PASSED] - ctdc.utilities.runtestcaseforKatalon.readStatBarCanine is PASSED

2021-09-03 00:41:27 - [TEST_STEP][PASSED] - waitForElementPresent(findTestObject("Object Repository/Canine/CanineResults_Cases_Tab"), 5): Object 'Object Repository/Canine/CanineResults_Cases_Tab' is present

2021-09-03 00:41:28 - [MESSAGE][PASSED] - Object 'Object Repository/Canine/CanineResults_Cases_Tab' is present

2021-09-03 00:41:28 - [TEST_STEP][PASSED] - ctdc.utilities.runtestcaseforKatalon.clickTab("Object Repository/Canine/CanineResults_Cases_Tab"): ctdc.utilities.runtestcaseforKatalon.clickTab is PASSED

2021-09-03 00:41:28 - [MESSAGE][PASSED] - ctdc.utilities.runtestcaseforKatalon.clickTab is PASSED

2021-09-03 00:41:28 - [TEST_STEP][PASSED] - ctdc.utilities.runtestcaseforKatalon.multiFunction("ICDC", G_StatBar_Cases, "Object Repository/Canine/Canine_CasesTable", "Object Repository/Canine/Canine_TableHeader", "Object Repository/Canine/Canine_CasesTabNextBtn", G_WebTabnameCases, G_CypherTabnameCases, G_QueryCasesTab): Statbar Arms count matches

2021-09-03 00:41:44 - [MESSAGE][PASSED] - Statbar Files count matches

2021-09-03 00:41:44 - [MESSAGE][PASSED] - Statbar Samples count matches

2021-09-03 00:41:44 - [MESSAGE][PASSED] - Statbar Cases count matches

2021-09-03 00:41:44 - [MESSAGE][PASSED] - Statbar Arms count matches

2021-09-03 00:41:44 - [TEST_STEP][PASSED] - closeBrowser(): Browser is closed

2021-09-03 00:41:45 - [MESSAGE][PASSED] - Browser is closed]]></system-out>
         <system-err><![CDATA[]]></system-err>
      </testcase>
      <testcase name="Test Cases/Canine_TestCases/StudyCombinations/Study-Combinations-UBC01/TC26_Canine_StudyUBC-AllBreeds_StageOfDisease" time="52.296" classname="Test Cases/Canine_TestCases/StudyCombinations/Study-Combinations-UBC01/TC26_Canine_StudyUBC-AllBreeds_StageOfDisease" status="PASSED">
         <system-out><![CDATA[2021-09-03 00:41:45 - [TEST_CASE][PASSED] - Test Cases/Canine_TestCases/StudyCombinations/Study-Combinations-UBC01/TC26_Canine_StudyUBC-AllBreeds_StageOfDisease: Test Cases/Canine_TestCases/StudyCombinations/Study-Combinations-UBC01/TC26_Canine_StudyUBC-AllBreeds_StageOfDisease

2021-09-03 00:41:45 - [TEST_STEP][PASSED] - Start listener action : getTestScriptName: null

2021-09-03 00:41:45 - [TEST_STEP][PASSED] - TestCaseId = testCaseContext.getTestCaseId(): null

2021-09-03 00:41:45 - [TEST_STEP][PASSED] - out.println("**********this is the value of test case id string******** " + testCaseContext.getTestCaseId()): null

2021-09-03 00:41:45 - [TEST_STEP][PASSED] - G_currentTCName = TestCaseId.substring(TestCaseId.lastIndexOf("TC")): null

2021-09-03 00:41:45 - [TEST_STEP][PASSED] - out.println("This is the test case name : " + G_currentTCName): null

2021-09-03 00:41:45 - [TEST_STEP][PASSED] - closeBrowser(): Browser is closed

2021-09-03 00:41:45 - [MESSAGE][PASSED] - Browser is closed

2021-09-03 00:41:45 - [TEST_STEP][PASSED] - "Driver opened by Katalon is used in Selenium from this step.": null

2021-09-03 00:41:45 - [TEST_STEP][PASSED] - ctdc.utilities.runtestcaseforKatalon.RunKatalon("TC26_Canine_StudyUBC-AllBreeds_StageOfDisease.xlsx"): Data loaded from input file for the test case. 

2021-09-03 00:41:45 - [MESSAGE][PASSED] - Test case file loaded This is the full filepath after converting to string :C:\Users\sohilz2\Commons_Automation\InputFiles\TC26_Canine_StudyUBC-AllBreeds_StageOfDisease.xlsx

2021-09-03 00:41:45 - [MESSAGE][INFO] - Global variable set for password file is :  C:\Users\sohilz2\Commons_Automation\InputFiles\TC26_Canine_StudyUBC-AllBreeds_StageOfDisease.xlsx

2021-09-03 00:41:49 - [MESSAGE][PASSED] - Data loaded from input file for the test case. 

2021-09-03 00:41:55 - [TEST_STEP][PASSED] - waitForElementPresent(findTestObject("Canine/NavBar/Canine_Cases_Btn"), 10): Object 'Object Repository/Canine/NavBar/Canine_Cases_Btn' is present

2021-09-03 00:41:55 - [MESSAGE][PASSED] - Object 'Object Repository/Canine/NavBar/Canine_Cases_Btn' is present

2021-09-03 00:41:55 - [TEST_STEP][PASSED] - ctdc.utilities.runtestcaseforKatalon.clickTabCanineStat("Canine/NavBar/Canine_Cases_Btn"): ctdc.utilities.runtestcaseforKatalon.clickTabCanineStat is PASSED

2021-09-03 00:41:58 - [MESSAGE][PASSED] - ctdc.utilities.runtestcaseforKatalon.clickTabCanineStat is PASSED

2021-09-03 00:41:58 - [TEST_STEP][PASSED] - waitForElementPresent(findTestObject("Object Repository/Canine/Filter/FilterByCases_Facet"), 10): Object 'Object Repository/Canine/Filter/FilterByCases_Facet' is present

2021-09-03 00:41:58 - [MESSAGE][PASSED] - Object 'Object Repository/Canine/Filter/FilterByCases_Facet' is present

2021-09-03 00:41:58 - [TEST_STEP][PASSED] - ctdc.utilities.runtestcaseforKatalon.clickTabCanineStat("Object Repository/Canine/Filter/FilterByCases_Facet"): ctdc.utilities.runtestcaseforKatalon.clickTabCanineStat is PASSED

2021-09-03 00:41:59 - [MESSAGE][PASSED] - ctdc.utilities.runtestcaseforKatalon.clickTabCanineStat is PASSED

2021-09-03 00:41:59 - [TEST_STEP][PASSED] - waitForElementPresent(findTestObject("Object Repository/Canine/Filter/Study/Canine_Filter_Study"), 10): Object 'Object Repository/Canine/Filter/Study/Canine_Filter_Study' is present

2021-09-03 00:41:59 - [MESSAGE][PASSED] - Object 'Object Repository/Canine/Filter/Study/Canine_Filter_Study' is present

2021-09-03 00:41:59 - [TEST_STEP][PASSED] - ctdc.utilities.runtestcaseforKatalon.clickTabCanineStat("Object Repository/Canine/Filter/Study/Canine_Filter_Study"): ctdc.utilities.runtestcaseforKatalon.clickTabCanineStat is PASSED

2021-09-03 00:42:00 - [MESSAGE][PASSED] - ctdc.utilities.runtestcaseforKatalon.clickTabCanineStat is PASSED

2021-09-03 00:42:00 - [TEST_STEP][PASSED] - waitForElementPresent(findTestObject("Object Repository/Canine/Filter/Study/Canine_Filter_Study-UBC_Chkbx"), 10): Object 'Object Repository/Canine/Filter/Study/Canine_Filter_Study-UBC_Chkbx' is present

2021-09-03 00:42:00 - [MESSAGE][PASSED] - Object 'Object Repository/Canine/Filter/Study/Canine_Filter_Study-UBC_Chkbx' is present

2021-09-03 00:42:00 - [TEST_STEP][PASSED] - ctdc.utilities.runtestcaseforKatalon.clickTabCanineStat("Object Repository/Canine/Filter/Study/Canine_Filter_Study-UBC_Chkbx"): ctdc.utilities.runtestcaseforKatalon.clickTabCanineStat is PASSED

2021-09-03 00:42:02 - [MESSAGE][PASSED] - ctdc.utilities.runtestcaseforKatalon.clickTabCanineStat is PASSED

2021-09-03 00:42:02 - [TEST_STEP][PASSED] - waitForElementPresent(findTestObject("Object Repository/Canine/Filter/StageOfDisease/STAGEOFDISEASE_Ddn"), 10): Object 'Object Repository/Canine/Filter/StageOfDisease/STAGEOFDISEASE_Ddn' is present

2021-09-03 00:42:02 - [MESSAGE][PASSED] - Object 'Object Repository/Canine/Filter/StageOfDisease/STAGEOFDISEASE_Ddn' is present

2021-09-03 00:42:02 - [TEST_STEP][PASSED] - ctdc.utilities.runtestcaseforKatalon.clickTabCanineStat("Object Repository/Canine/Filter/StageOfDisease/STAGEOFDISEASE_Ddn"): ctdc.utilities.runtestcaseforKatalon.clickTabCanineStat is PASSED

2021-09-03 00:42:03 - [MESSAGE][PASSED] - ctdc.utilities.runtestcaseforKatalon.clickTabCanineStat is PASSED

2021-09-03 00:42:03 - [TEST_STEP][PASSED] - waitForElementPresent(findTestObject("Object Repository/Canine/Filter/StageOfDisease/T3N1M0_Chkbx"), 10): Object 'Object Repository/Canine/Filter/StageOfDisease/T3N1M0_Chkbx' is present

2021-09-03 00:42:03 - [MESSAGE][PASSED] - Object 'Object Repository/Canine/Filter/StageOfDisease/T3N1M0_Chkbx' is present

2021-09-03 00:42:03 - [TEST_STEP][PASSED] - ctdc.utilities.runtestcaseforKatalon.clickTabCanineStat("Object Repository/Canine/Filter/StageOfDisease/T3N1M0_Chkbx"): ctdc.utilities.runtestcaseforKatalon.clickTabCanineStat is PASSED

2021-09-03 00:42:04 - [MESSAGE][PASSED] - ctdc.utilities.runtestcaseforKatalon.clickTabCanineStat is PASSED

2021-09-03 00:42:04 - [TEST_STEP][PASSED] - ctdc.utilities.runtestcaseforKatalon.clickTab("Object Repository/Canine/Filter/PrimDiseaseSite/PRIMARYDISEASESITE_Ddn"): ctdc.utilities.runtestcaseforKatalon.clickTab is PASSED

2021-09-03 00:42:04 - [MESSAGE][PASSED] - ctdc.utilities.runtestcaseforKatalon.clickTab is PASSED

2021-09-03 00:42:04 - [TEST_STEP][PASSED] - ctdc.utilities.runtestcaseforKatalon.readStatBarCanine("Object Repository/Canine/StatBar/Canine_StatBar-Studies", "Object Repository/Canine/StatBar/Canine_StatBar-Cases", "Object Repository/Canine/StatBar/Canine_StatBar-Samples", "Object Repository/Canine/StatBar/Canine_StatBar-Files", "Object Repository/Canine/StatBar/Canine_StatBar-Aliquots"): ctdc.utilities.runtestcaseforKatalon.readStatBarCanine is PASSED

2021-09-03 00:42:20 - [MESSAGE][PASSED] - ctdc.utilities.runtestcaseforKatalon.readStatBarCanine is PASSED

2021-09-03 00:42:20 - [TEST_STEP][PASSED] - waitForElementPresent(findTestObject("Object Repository/Canine/CanineResults_Cases_Tab"), 5): Object 'Object Repository/Canine/CanineResults_Cases_Tab' is present

2021-09-03 00:42:20 - [MESSAGE][PASSED] - Object 'Object Repository/Canine/CanineResults_Cases_Tab' is present

2021-09-03 00:42:20 - [TEST_STEP][PASSED] - ctdc.utilities.runtestcaseforKatalon.clickTab("Object Repository/Canine/CanineResults_Cases_Tab"): ctdc.utilities.runtestcaseforKatalon.clickTab is PASSED

2021-09-03 00:42:20 - [MESSAGE][PASSED] - ctdc.utilities.runtestcaseforKatalon.clickTab is PASSED

2021-09-03 00:42:20 - [TEST_STEP][PASSED] - ctdc.utilities.runtestcaseforKatalon.multiFunction("ICDC", G_StatBar_Cases, "Object Repository/Canine/Canine_CasesTable", "Object Repository/Canine/Canine_TableHeader", "Object Repository/Canine/Canine_CasesTabNextBtn", G_WebTabnameCases, G_CypherTabnameCases, G_QueryCasesTab): Statbar Arms count matches

2021-09-03 00:42:36 - [MESSAGE][PASSED] - Statbar Files count matches

2021-09-03 00:42:36 - [MESSAGE][PASSED] - Statbar Samples count matches

2021-09-03 00:42:36 - [MESSAGE][PASSED] - Statbar Cases count matches

2021-09-03 00:42:36 - [MESSAGE][PASSED] - Statbar Arms count matches

2021-09-03 00:42:36 - [TEST_STEP][PASSED] - closeBrowser(): Browser is closed

2021-09-03 00:42:37 - [MESSAGE][PASSED] - Browser is closed]]></system-out>
         <system-err><![CDATA[]]></system-err>
      </testcase>
      <testcase name="Test Cases/Canine_TestCases/StudyCombinations/Study-Combinations-UBC01/TC24_Canine_StudyUBC-AllBreeds_StageOfDisease" time="67.016" classname="Test Cases/Canine_TestCases/StudyCombinations/Study-Combinations-UBC01/TC24_Canine_StudyUBC-AllBreeds_StageOfDisease" status="PASSED">
         <system-out><![CDATA[2021-09-03 00:42:37 - [TEST_CASE][PASSED] - Test Cases/Canine_TestCases/StudyCombinations/Study-Combinations-UBC01/TC24_Canine_StudyUBC-AllBreeds_StageOfDisease: Test Cases/Canine_TestCases/StudyCombinations/Study-Combinations-UBC01/TC24_Canine_StudyUBC-AllBreeds_StageOfDisease

2021-09-03 00:42:37 - [TEST_STEP][PASSED] - Start listener action : getTestScriptName: null

2021-09-03 00:42:37 - [TEST_STEP][PASSED] - TestCaseId = testCaseContext.getTestCaseId(): null

2021-09-03 00:42:37 - [TEST_STEP][PASSED] - out.println("**********this is the value of test case id string******** " + testCaseContext.getTestCaseId()): null

2021-09-03 00:42:37 - [TEST_STEP][PASSED] - G_currentTCName = TestCaseId.substring(TestCaseId.lastIndexOf("TC")): null

2021-09-03 00:42:37 - [TEST_STEP][PASSED] - out.println("This is the test case name : " + G_currentTCName): null

2021-09-03 00:42:37 - [TEST_STEP][PASSED] - closeBrowser(): Browser is closed

2021-09-03 00:42:37 - [MESSAGE][PASSED] - Browser is closed

2021-09-03 00:42:37 - [TEST_STEP][PASSED] - "Driver opened by Katalon is used in Selenium from this step.": null

2021-09-03 00:42:37 - [TEST_STEP][PASSED] - ctdc.utilities.runtestcaseforKatalon.RunKatalon("TC24_Canine_StudyUBC-AllBreeds_StageOfDisease.xlsx"): Data loaded from input file for the test case. 

2021-09-03 00:42:37 - [MESSAGE][PASSED] - Test case file loaded This is the full filepath after converting to string :C:\Users\sohilz2\Commons_Automation\InputFiles\TC24_Canine_StudyUBC-AllBreeds_StageOfDisease.xlsx

2021-09-03 00:42:37 - [MESSAGE][INFO] - Global variable set for password file is :  C:\Users\sohilz2\Commons_Automation\InputFiles\TC24_Canine_StudyUBC-AllBreeds_StageOfDisease.xlsx

2021-09-03 00:42:41 - [MESSAGE][PASSED] - Data loaded from input file for the test case. 

2021-09-03 00:42:48 - [TEST_STEP][PASSED] - waitForElementPresent(findTestObject("Canine/NavBar/Canine_Cases_Btn"), 10): Object 'Object Repository/Canine/NavBar/Canine_Cases_Btn' is present

2021-09-03 00:42:48 - [MESSAGE][PASSED] - Object 'Object Repository/Canine/NavBar/Canine_Cases_Btn' is present

2021-09-03 00:42:48 - [TEST_STEP][PASSED] - ctdc.utilities.runtestcaseforKatalon.clickTabCanineStat("Canine/NavBar/Canine_Cases_Btn"): ctdc.utilities.runtestcaseforKatalon.clickTabCanineStat is PASSED

2021-09-03 00:42:50 - [MESSAGE][PASSED] - ctdc.utilities.runtestcaseforKatalon.clickTabCanineStat is PASSED

2021-09-03 00:42:50 - [TEST_STEP][PASSED] - waitForElementPresent(findTestObject("Object Repository/Canine/Filter/FilterByCases_Facet"), 10): Object 'Object Repository/Canine/Filter/FilterByCases_Facet' is present

2021-09-03 00:42:50 - [MESSAGE][PASSED] - Object 'Object Repository/Canine/Filter/FilterByCases_Facet' is present

2021-09-03 00:42:50 - [TEST_STEP][PASSED] - ctdc.utilities.runtestcaseforKatalon.clickTabCanineStat("Object Repository/Canine/Filter/FilterByCases_Facet"): ctdc.utilities.runtestcaseforKatalon.clickTabCanineStat is PASSED

2021-09-03 00:42:52 - [MESSAGE][PASSED] - ctdc.utilities.runtestcaseforKatalon.clickTabCanineStat is PASSED

2021-09-03 00:42:52 - [TEST_STEP][PASSED] - waitForElementPresent(findTestObject("Object Repository/Canine/Filter/Study/Canine_Filter_Study"), 10): Object 'Object Repository/Canine/Filter/Study/Canine_Filter_Study' is present

2021-09-03 00:42:52 - [MESSAGE][PASSED] - Object 'Object Repository/Canine/Filter/Study/Canine_Filter_Study' is present

2021-09-03 00:42:52 - [TEST_STEP][PASSED] - ctdc.utilities.runtestcaseforKatalon.clickTabCanineStat("Object Repository/Canine/Filter/Study/Canine_Filter_Study"): ctdc.utilities.runtestcaseforKatalon.clickTabCanineStat is PASSED

2021-09-03 00:42:53 - [MESSAGE][PASSED] - ctdc.utilities.runtestcaseforKatalon.clickTabCanineStat is PASSED

2021-09-03 00:42:53 - [TEST_STEP][PASSED] - waitForElementPresent(findTestObject("Object Repository/Canine/Filter/Study/Canine_Filter_Study-UBC_Chkbx"), 10): Object 'Object Repository/Canine/Filter/Study/Canine_Filter_Study-UBC_Chkbx' is present

2021-09-03 00:42:53 - [MESSAGE][PASSED] - Object 'Object Repository/Canine/Filter/Study/Canine_Filter_Study-UBC_Chkbx' is present

2021-09-03 00:42:53 - [TEST_STEP][PASSED] - ctdc.utilities.runtestcaseforKatalon.clickTabCanineStat("Object Repository/Canine/Filter/Study/Canine_Filter_Study-UBC_Chkbx"): ctdc.utilities.runtestcaseforKatalon.clickTabCanineStat is PASSED

2021-09-03 00:42:55 - [MESSAGE][PASSED] - ctdc.utilities.runtestcaseforKatalon.clickTabCanineStat is PASSED

2021-09-03 00:42:55 - [TEST_STEP][PASSED] - waitForElementPresent(findTestObject("Object Repository/Canine/Filter/StageOfDisease/STAGEOFDISEASE_Ddn"), 10): Object 'Object Repository/Canine/Filter/StageOfDisease/STAGEOFDISEASE_Ddn' is present

2021-09-03 00:42:55 - [MESSAGE][PASSED] - Object 'Object Repository/Canine/Filter/StageOfDisease/STAGEOFDISEASE_Ddn' is present

2021-09-03 00:42:55 - [TEST_STEP][PASSED] - ctdc.utilities.runtestcaseforKatalon.clickTabCanineStat("Object Repository/Canine/Filter/StageOfDisease/STAGEOFDISEASE_Ddn"): ctdc.utilities.runtestcaseforKatalon.clickTabCanineStat is PASSED

2021-09-03 00:42:56 - [MESSAGE][PASSED] - ctdc.utilities.runtestcaseforKatalon.clickTabCanineStat is PASSED

2021-09-03 00:42:56 - [TEST_STEP][PASSED] - waitForElementPresent(findTestObject("Object Repository/Canine/Filter/StageOfDisease/T3N0M0_Chkbx"), 10): Object 'Object Repository/Canine/Filter/StageOfDisease/T3N0M0_Chkbx' is present

2021-09-03 00:42:56 - [MESSAGE][PASSED] - Object 'Object Repository/Canine/Filter/StageOfDisease/T3N0M0_Chkbx' is present

2021-09-03 00:42:56 - [TEST_STEP][PASSED] - ctdc.utilities.runtestcaseforKatalon.clickTabCanineStat("Object Repository/Canine/Filter/StageOfDisease/T3N0M0_Chkbx"): ctdc.utilities.runtestcaseforKatalon.clickTabCanineStat is PASSED

2021-09-03 00:42:58 - [MESSAGE][PASSED] - ctdc.utilities.runtestcaseforKatalon.clickTabCanineStat is PASSED

2021-09-03 00:42:58 - [TEST_STEP][PASSED] - waitForElementPresent(findTestObject("Object Repository/Canine/Filter/StageOfDisease/T3N0M1_Chkbx"), 10): Object 'Object Repository/Canine/Filter/StageOfDisease/T3N0M1_Chkbx' is present

2021-09-03 00:42:58 - [MESSAGE][PASSED] - Object 'Object Repository/Canine/Filter/StageOfDisease/T3N0M1_Chkbx' is present

2021-09-03 00:42:58 - [TEST_STEP][PASSED] - ctdc.utilities.runtestcaseforKatalon.clickTabCanineStat("Object Repository/Canine/Filter/StageOfDisease/T3N0M1_Chkbx"): ctdc.utilities.runtestcaseforKatalon.clickTabCanineStat is PASSED

2021-09-03 00:42:59 - [MESSAGE][PASSED] - ctdc.utilities.runtestcaseforKatalon.clickTabCanineStat is PASSED

2021-09-03 00:42:59 - [TEST_STEP][PASSED] - waitForElementPresent(findTestObject("Object Repository/Canine/Filter/StageOfDisease/T3N1M0_Chkbx"), 10): Object 'Object Repository/Canine/Filter/StageOfDisease/T3N1M0_Chkbx' is present

2021-09-03 00:42:59 - [MESSAGE][PASSED] - Object 'Object Repository/Canine/Filter/StageOfDisease/T3N1M0_Chkbx' is present

2021-09-03 00:42:59 - [TEST_STEP][PASSED] - ctdc.utilities.runtestcaseforKatalon.clickTabCanineStat("Object Repository/Canine/Filter/StageOfDisease/T3N1M0_Chkbx"): ctdc.utilities.runtestcaseforKatalon.clickTabCanineStat is PASSED

2021-09-03 00:43:00 - [MESSAGE][PASSED] - ctdc.utilities.runtestcaseforKatalon.clickTabCanineStat is PASSED

2021-09-03 00:43:00 - [TEST_STEP][PASSED] - ctdc.utilities.runtestcaseforKatalon.clickTab("Object Repository/Canine/Filter/PrimDiseaseSite/PRIMARYDISEASESITE_Ddn"): ctdc.utilities.runtestcaseforKatalon.clickTab is PASSED

2021-09-03 00:43:00 - [MESSAGE][PASSED] - ctdc.utilities.runtestcaseforKatalon.clickTab is PASSED

2021-09-03 00:43:00 - [TEST_STEP][PASSED] - ctdc.utilities.runtestcaseforKatalon.readStatBarCanine("Object Repository/Canine/StatBar/Canine_StatBar-Studies", "Object Repository/Canine/StatBar/Canine_StatBar-Cases", "Object Repository/Canine/StatBar/Canine_StatBar-Samples", "Object Repository/Canine/StatBar/Canine_StatBar-Files", "Object Repository/Canine/StatBar/Canine_StatBar-Aliquots"): ctdc.utilities.runtestcaseforKatalon.readStatBarCanine is PASSED

2021-09-03 00:43:16 - [MESSAGE][PASSED] - ctdc.utilities.runtestcaseforKatalon.readStatBarCanine is PASSED

2021-09-03 00:43:16 - [TEST_STEP][PASSED] - waitForElementPresent(findTestObject("Object Repository/Canine/CanineResults_Cases_Tab"), 5): Object 'Object Repository/Canine/CanineResults_Cases_Tab' is present

2021-09-03 00:43:16 - [MESSAGE][PASSED] - Object 'Object Repository/Canine/CanineResults_Cases_Tab' is present

2021-09-03 00:43:16 - [TEST_STEP][PASSED] - ctdc.utilities.runtestcaseforKatalon.clickTab("Object Repository/Canine/CanineResults_Cases_Tab"): ctdc.utilities.runtestcaseforKatalon.clickTab is PASSED

2021-09-03 00:43:16 - [MESSAGE][PASSED] - ctdc.utilities.runtestcaseforKatalon.clickTab is PASSED

2021-09-03 00:43:16 - [TEST_STEP][PASSED] - ctdc.utilities.runtestcaseforKatalon.multiFunction("ICDC", G_StatBar_Cases, "Object Repository/Canine/Canine_CasesTable", "Object Repository/Canine/Canine_TableHeader", "Object Repository/Canine/Canine_CasesTabNextBtn", G_WebTabnameCases, G_CypherTabnameCases, G_QueryCasesTab): Statbar Arms count matches

2021-09-03 00:43:43 - [MESSAGE][PASSED] - Statbar Files count matches

2021-09-03 00:43:43 - [MESSAGE][PASSED] - Statbar Samples count matches

2021-09-03 00:43:43 - [MESSAGE][PASSED] - Statbar Cases count matches

2021-09-03 00:43:43 - [MESSAGE][PASSED] - Statbar Arms count matches

2021-09-03 00:43:43 - [TEST_STEP][PASSED] - closeBrowser(): Browser is closed

2021-09-03 00:43:44 - [MESSAGE][PASSED] - Browser is closed]]></system-out>
         <system-err><![CDATA[]]></system-err>
      </testcase>
      <testcase name="Test Cases/Canine_TestCases/StudyCombinations/Study-Combinations-UBC01/TC23_Canine_StudyUBC-AllBreeds_StageOfDisease" time="68.172" classname="Test Cases/Canine_TestCases/StudyCombinations/Study-Combinations-UBC01/TC23_Canine_StudyUBC-AllBreeds_StageOfDisease" status="PASSED">
         <system-out><![CDATA[2021-09-03 00:43:44 - [TEST_CASE][PASSED] - Test Cases/Canine_TestCases/StudyCombinations/Study-Combinations-UBC01/TC23_Canine_StudyUBC-AllBreeds_StageOfDisease: Test Cases/Canine_TestCases/StudyCombinations/Study-Combinations-UBC01/TC23_Canine_StudyUBC-AllBreeds_StageOfDisease

2021-09-03 00:43:44 - [TEST_STEP][PASSED] - Start listener action : getTestScriptName: null

2021-09-03 00:43:44 - [TEST_STEP][PASSED] - TestCaseId = testCaseContext.getTestCaseId(): null

2021-09-03 00:43:44 - [TEST_STEP][PASSED] - out.println("**********this is the value of test case id string******** " + testCaseContext.getTestCaseId()): null

2021-09-03 00:43:44 - [TEST_STEP][PASSED] - G_currentTCName = TestCaseId.substring(TestCaseId.lastIndexOf("TC")): null

2021-09-03 00:43:44 - [TEST_STEP][PASSED] - out.println("This is the test case name : " + G_currentTCName): null

2021-09-03 00:43:44 - [TEST_STEP][PASSED] - closeBrowser(): Browser is closed

2021-09-03 00:43:44 - [MESSAGE][PASSED] - Browser is closed

2021-09-03 00:43:44 - [TEST_STEP][PASSED] - "Driver opened by Katalon is used in Selenium from this step.": null

2021-09-03 00:43:44 - [TEST_STEP][PASSED] - ctdc.utilities.runtestcaseforKatalon.RunKatalon("TC23_Canine_StudyUBC-AllBreeds_StageOfDisease.xlsx"): Data loaded from input file for the test case. 

2021-09-03 00:43:44 - [MESSAGE][PASSED] - Test case file loaded This is the full filepath after converting to string :C:\Users\sohilz2\Commons_Automation\InputFiles\TC23_Canine_StudyUBC-AllBreeds_StageOfDisease.xlsx

2021-09-03 00:43:44 - [MESSAGE][INFO] - Global variable set for password file is :  C:\Users\sohilz2\Commons_Automation\InputFiles\TC23_Canine_StudyUBC-AllBreeds_StageOfDisease.xlsx

2021-09-03 00:43:48 - [MESSAGE][PASSED] - Data loaded from input file for the test case. 

2021-09-03 00:43:55 - [TEST_STEP][PASSED] - waitForElementPresent(findTestObject("Canine/NavBar/Canine_Cases_Btn"), 10): Object 'Object Repository/Canine/NavBar/Canine_Cases_Btn' is present

2021-09-03 00:43:55 - [MESSAGE][PASSED] - Object 'Object Repository/Canine/NavBar/Canine_Cases_Btn' is present

2021-09-03 00:43:55 - [TEST_STEP][PASSED] - ctdc.utilities.runtestcaseforKatalon.clickTabCanineStat("Canine/NavBar/Canine_Cases_Btn"): ctdc.utilities.runtestcaseforKatalon.clickTabCanineStat is PASSED

2021-09-03 00:43:58 - [MESSAGE][PASSED] - ctdc.utilities.runtestcaseforKatalon.clickTabCanineStat is PASSED

2021-09-03 00:43:58 - [TEST_STEP][PASSED] - waitForElementPresent(findTestObject("Object Repository/Canine/Filter/FilterByCases_Facet"), 10): Object 'Object Repository/Canine/Filter/FilterByCases_Facet' is present

2021-09-03 00:43:58 - [MESSAGE][PASSED] - Object 'Object Repository/Canine/Filter/FilterByCases_Facet' is present

2021-09-03 00:43:58 - [TEST_STEP][PASSED] - ctdc.utilities.runtestcaseforKatalon.clickTabCanineStat("Object Repository/Canine/Filter/FilterByCases_Facet"): ctdc.utilities.runtestcaseforKatalon.clickTabCanineStat is PASSED

2021-09-03 00:43:59 - [MESSAGE][PASSED] - ctdc.utilities.runtestcaseforKatalon.clickTabCanineStat is PASSED

2021-09-03 00:43:59 - [TEST_STEP][PASSED] - waitForElementPresent(findTestObject("Object Repository/Canine/Filter/Study/Canine_Filter_Study"), 10): Object 'Object Repository/Canine/Filter/Study/Canine_Filter_Study' is present

2021-09-03 00:43:59 - [MESSAGE][PASSED] - Object 'Object Repository/Canine/Filter/Study/Canine_Filter_Study' is present

2021-09-03 00:43:59 - [TEST_STEP][PASSED] - ctdc.utilities.runtestcaseforKatalon.clickTabCanineStat("Object Repository/Canine/Filter/Study/Canine_Filter_Study"): ctdc.utilities.runtestcaseforKatalon.clickTabCanineStat is PASSED

2021-09-03 00:44:00 - [MESSAGE][PASSED] - ctdc.utilities.runtestcaseforKatalon.clickTabCanineStat is PASSED

2021-09-03 00:44:00 - [TEST_STEP][PASSED] - waitForElementPresent(findTestObject("Object Repository/Canine/Filter/Study/Canine_Filter_Study-UBC_Chkbx"), 10): Object 'Object Repository/Canine/Filter/Study/Canine_Filter_Study-UBC_Chkbx' is present

2021-09-03 00:44:00 - [MESSAGE][PASSED] - Object 'Object Repository/Canine/Filter/Study/Canine_Filter_Study-UBC_Chkbx' is present

2021-09-03 00:44:00 - [TEST_STEP][PASSED] - ctdc.utilities.runtestcaseforKatalon.clickTabCanineStat("Object Repository/Canine/Filter/Study/Canine_Filter_Study-UBC_Chkbx"): ctdc.utilities.runtestcaseforKatalon.clickTabCanineStat is PASSED

2021-09-03 00:44:02 - [MESSAGE][PASSED] - ctdc.utilities.runtestcaseforKatalon.clickTabCanineStat is PASSED

2021-09-03 00:44:02 - [TEST_STEP][PASSED] - waitForElementPresent(findTestObject("Object Repository/Canine/Filter/StageOfDisease/STAGEOFDISEASE_Ddn"), 10): Object 'Object Repository/Canine/Filter/StageOfDisease/STAGEOFDISEASE_Ddn' is present

2021-09-03 00:44:02 - [MESSAGE][PASSED] - Object 'Object Repository/Canine/Filter/StageOfDisease/STAGEOFDISEASE_Ddn' is present

2021-09-03 00:44:02 - [TEST_STEP][PASSED] - ctdc.utilities.runtestcaseforKatalon.clickTabCanineStat("Object Repository/Canine/Filter/StageOfDisease/STAGEOFDISEASE_Ddn"): ctdc.utilities.runtestcaseforKatalon.clickTabCanineStat is PASSED

2021-09-03 00:44:03 - [MESSAGE][PASSED] - ctdc.utilities.runtestcaseforKatalon.clickTabCanineStat is PASSED

2021-09-03 00:44:03 - [TEST_STEP][PASSED] - waitForElementPresent(findTestObject("Object Repository/Canine/Filter/StageOfDisease/T2N1M0_Chkbx"), 10): Object 'Object Repository/Canine/Filter/StageOfDisease/T2N1M0_Chkbx' is present

2021-09-03 00:44:03 - [MESSAGE][PASSED] - Object 'Object Repository/Canine/Filter/StageOfDisease/T2N1M0_Chkbx' is present

2021-09-03 00:44:03 - [TEST_STEP][PASSED] - ctdc.utilities.runtestcaseforKatalon.clickTabCanineStat("Object Repository/Canine/Filter/StageOfDisease/T2N1M0_Chkbx"): ctdc.utilities.runtestcaseforKatalon.clickTabCanineStat is PASSED

2021-09-03 00:44:04 - [MESSAGE][PASSED] - ctdc.utilities.runtestcaseforKatalon.clickTabCanineStat is PASSED

2021-09-03 00:44:04 - [TEST_STEP][PASSED] - waitForElementPresent(findTestObject("Object Repository/Canine/Filter/StageOfDisease/T3N0M0_Chkbx"), 10): Object 'Object Repository/Canine/Filter/StageOfDisease/T3N0M0_Chkbx' is present

2021-09-03 00:44:04 - [MESSAGE][PASSED] - Object 'Object Repository/Canine/Filter/StageOfDisease/T3N0M0_Chkbx' is present

2021-09-03 00:44:04 - [TEST_STEP][PASSED] - ctdc.utilities.runtestcaseforKatalon.clickTabCanineStat("Object Repository/Canine/Filter/StageOfDisease/T3N0M0_Chkbx"): ctdc.utilities.runtestcaseforKatalon.clickTabCanineStat is PASSED

2021-09-03 00:44:05 - [MESSAGE][PASSED] - ctdc.utilities.runtestcaseforKatalon.clickTabCanineStat is PASSED

2021-09-03 00:44:05 - [TEST_STEP][PASSED] - waitForElementPresent(findTestObject("Object Repository/Canine/Filter/StageOfDisease/T3N0M1_Chkbx"), 10): Object 'Object Repository/Canine/Filter/StageOfDisease/T3N0M1_Chkbx' is present

2021-09-03 00:44:06 - [MESSAGE][PASSED] - Object 'Object Repository/Canine/Filter/StageOfDisease/T3N0M1_Chkbx' is present

2021-09-03 00:44:06 - [TEST_STEP][PASSED] - ctdc.utilities.runtestcaseforKatalon.clickTabCanineStat("Object Repository/Canine/Filter/StageOfDisease/T3N0M1_Chkbx"): ctdc.utilities.runtestcaseforKatalon.clickTabCanineStat is PASSED

2021-09-03 00:44:07 - [MESSAGE][PASSED] - ctdc.utilities.runtestcaseforKatalon.clickTabCanineStat is PASSED

2021-09-03 00:44:07 - [TEST_STEP][PASSED] - waitForElementPresent(findTestObject("Object Repository/Canine/Filter/StageOfDisease/T3N1M0_Chkbx"), 10): Object 'Object Repository/Canine/Filter/StageOfDisease/T3N1M0_Chkbx' is present

2021-09-03 00:44:07 - [MESSAGE][PASSED] - Object 'Object Repository/Canine/Filter/StageOfDisease/T3N1M0_Chkbx' is present

2021-09-03 00:44:07 - [TEST_STEP][PASSED] - ctdc.utilities.runtestcaseforKatalon.clickTabCanineStat("Object Repository/Canine/Filter/StageOfDisease/T3N1M0_Chkbx"): ctdc.utilities.runtestcaseforKatalon.clickTabCanineStat is PASSED

2021-09-03 00:44:08 - [MESSAGE][PASSED] - ctdc.utilities.runtestcaseforKatalon.clickTabCanineStat is PASSED

2021-09-03 00:44:08 - [TEST_STEP][PASSED] - ctdc.utilities.runtestcaseforKatalon.clickTab("Object Repository/Canine/Filter/PrimDiseaseSite/PRIMARYDISEASESITE_Ddn"): ctdc.utilities.runtestcaseforKatalon.clickTab is PASSED

2021-09-03 00:44:08 - [MESSAGE][PASSED] - ctdc.utilities.runtestcaseforKatalon.clickTab is PASSED

2021-09-03 00:44:08 - [TEST_STEP][PASSED] - ctdc.utilities.runtestcaseforKatalon.readStatBarCanine("Object Repository/Canine/StatBar/Canine_StatBar-Studies", "Object Repository/Canine/StatBar/Canine_StatBar-Cases", "Object Repository/Canine/StatBar/Canine_StatBar-Samples", "Object Repository/Canine/StatBar/Canine_StatBar-Files", "Object Repository/Canine/StatBar/Canine_StatBar-Aliquots"): ctdc.utilities.runtestcaseforKatalon.readStatBarCanine is PASSED

2021-09-03 00:44:23 - [MESSAGE][PASSED] - ctdc.utilities.runtestcaseforKatalon.readStatBarCanine is PASSED

2021-09-03 00:44:23 - [TEST_STEP][PASSED] - waitForElementPresent(findTestObject("Object Repository/Canine/CanineResults_Cases_Tab"), 5): Object 'Object Repository/Canine/CanineResults_Cases_Tab' is present

2021-09-03 00:44:24 - [MESSAGE][PASSED] - Object 'Object Repository/Canine/CanineResults_Cases_Tab' is present

2021-09-03 00:44:24 - [TEST_STEP][PASSED] - ctdc.utilities.runtestcaseforKatalon.clickTab("Object Repository/Canine/CanineResults_Cases_Tab"): ctdc.utilities.runtestcaseforKatalon.clickTab is PASSED

2021-09-03 00:44:24 - [MESSAGE][PASSED] - ctdc.utilities.runtestcaseforKatalon.clickTab is PASSED

2021-09-03 00:44:24 - [TEST_STEP][PASSED] - ctdc.utilities.runtestcaseforKatalon.multiFunction("ICDC", G_StatBar_Cases, "Object Repository/Canine/Canine_CasesTable", "Object Repository/Canine/Canine_TableHeader", "Object Repository/Canine/Canine_CasesTabNextBtn", G_WebTabnameCases, G_CypherTabnameCases, G_QueryCasesTab): Statbar Arms count matches

2021-09-03 00:44:51 - [MESSAGE][PASSED] - Statbar Files count matches

2021-09-03 00:44:51 - [MESSAGE][PASSED] - Statbar Samples count matches

2021-09-03 00:44:51 - [MESSAGE][PASSED] - Statbar Cases count matches

2021-09-03 00:44:51 - [MESSAGE][PASSED] - Statbar Arms count matches

2021-09-03 00:44:51 - [TEST_STEP][PASSED] - closeBrowser(): Browser is closed

2021-09-03 00:44:52 - [MESSAGE][PASSED] - Browser is closed]]></system-out>
         <system-err><![CDATA[]]></system-err>
      </testcase>
      <testcase name="Test Cases/Canine_TestCases/StudyCombinations/Study-Combinations-UBC02/TC32_Canine_StudyUBC-AllBreeds_StageOfDisease" time="50.137" classname="Test Cases/Canine_TestCases/StudyCombinations/Study-Combinations-UBC02/TC32_Canine_StudyUBC-AllBreeds_StageOfDisease" status="PASSED">
         <system-out><![CDATA[2021-09-03 00:44:52 - [TEST_CASE][PASSED] - Test Cases/Canine_TestCases/StudyCombinations/Study-Combinations-UBC02/TC32_Canine_StudyUBC-AllBreeds_StageOfDisease: Test Cases/Canine_TestCases/StudyCombinations/Study-Combinations-UBC02/TC32_Canine_StudyUBC-AllBreeds_StageOfDisease

2021-09-03 00:44:52 - [TEST_STEP][PASSED] - Start listener action : getTestScriptName: null

2021-09-03 00:44:52 - [TEST_STEP][PASSED] - TestCaseId = testCaseContext.getTestCaseId(): null

2021-09-03 00:44:52 - [TEST_STEP][PASSED] - out.println("**********this is the value of test case id string******** " + testCaseContext.getTestCaseId()): null

2021-09-03 00:44:52 - [TEST_STEP][PASSED] - G_currentTCName = TestCaseId.substring(TestCaseId.lastIndexOf("TC")): null

2021-09-03 00:44:52 - [TEST_STEP][PASSED] - out.println("This is the test case name : " + G_currentTCName): null

2021-09-03 00:44:53 - [TEST_STEP][PASSED] - closeBrowser(): Browser is closed

2021-09-03 00:44:53 - [MESSAGE][PASSED] - Browser is closed

2021-09-03 00:44:53 - [TEST_STEP][PASSED] - openBrowser(""): Browser is opened with url: ''

2021-09-03 00:44:53 - [MESSAGE][INFO] - Starting 'Chrome (headless)' driver

2021-09-03 00:44:53 - [MESSAGE][INFO] - User set preference: ['args', '[--no-sandbox]']

2021-09-03 00:44:53 - [MESSAGE][INFO] - Action delay is set to 0 milliseconds

2021-09-03 00:44:54 - [MESSAGE][PASSED] - Browser is opened with url: ''

2021-09-03 00:44:54 - [TEST_STEP][PASSED] - maximizeWindow(): Current window maximized

2021-09-03 00:44:54 - [MESSAGE][PASSED] - Current window maximized

2021-09-03 00:44:54 - [TEST_STEP][PASSED] - "Driver opened by Katalon is used in Selenium from this step.": null

2021-09-03 00:44:54 - [TEST_STEP][PASSED] - ctdc.utilities.runtestcaseforKatalon.RunKatalon("TC32_Canine_StudyUBC02-AllBreeds_StageOfDisease.xlsx"): Data loaded from input file for the test case. 

2021-09-03 00:44:54 - [MESSAGE][PASSED] - Test case file loaded This is the full filepath after converting to string :C:\Users\sohilz2\Commons_Automation\InputFiles\TC32_Canine_StudyUBC02-AllBreeds_StageOfDisease.xlsx

2021-09-03 00:44:54 - [MESSAGE][INFO] - Global variable set for password file is :  C:\Users\sohilz2\Commons_Automation\InputFiles\TC32_Canine_StudyUBC02-AllBreeds_StageOfDisease.xlsx

2021-09-03 00:44:58 - [MESSAGE][PASSED] - Data loaded from input file for the test case. 

2021-09-03 00:45:03 - [TEST_STEP][PASSED] - findTestObject("Object Repository/Canine/Filter/StageOfDisease/STAGEOFDISEASE_Ddn"): null

2021-09-03 00:45:03 - [TEST_STEP][PASSED] - waitForElementPresent(findTestObject("Canine/NavBar/Canine_Cases_Btn"), 10): Object 'Object Repository/Canine/NavBar/Canine_Cases_Btn' is present

2021-09-03 00:45:03 - [MESSAGE][PASSED] - Object 'Object Repository/Canine/NavBar/Canine_Cases_Btn' is present

2021-09-03 00:45:03 - [TEST_STEP][PASSED] - ctdc.utilities.runtestcaseforKatalon.clickTab("Canine/NavBar/Canine_Cases_Btn"): ctdc.utilities.runtestcaseforKatalon.clickTab is PASSED

2021-09-03 00:45:04 - [MESSAGE][PASSED] - ctdc.utilities.runtestcaseforKatalon.clickTab is PASSED

2021-09-03 00:45:04 - [TEST_STEP][PASSED] - waitForElementPresent(findTestObject("Object Repository/Canine/Filter/FilterByCases_Facet"), 10): Object 'Object Repository/Canine/Filter/FilterByCases_Facet' is present

2021-09-03 00:45:04 - [MESSAGE][PASSED] - Object 'Object Repository/Canine/Filter/FilterByCases_Facet' is present

2021-09-03 00:45:04 - [TEST_STEP][PASSED] - ctdc.utilities.runtestcaseforKatalon.clickTab("Object Repository/Canine/Filter/FilterByCases_Facet"): ctdc.utilities.runtestcaseforKatalon.clickTab is PASSED

2021-09-03 00:45:05 - [MESSAGE][PASSED] - ctdc.utilities.runtestcaseforKatalon.clickTab is PASSED

2021-09-03 00:45:05 - [TEST_STEP][PASSED] - waitForElementPresent(findTestObject("Object Repository/Canine/Filter/Study/Canine_Filter_Study"), 10): Object 'Object Repository/Canine/Filter/Study/Canine_Filter_Study' is present

2021-09-03 00:45:05 - [MESSAGE][PASSED] - Object 'Object Repository/Canine/Filter/Study/Canine_Filter_Study' is present

2021-09-03 00:45:05 - [TEST_STEP][PASSED] - ctdc.utilities.runtestcaseforKatalon.clickTab("Object Repository/Canine/Filter/Study/Canine_Filter_Study"): ctdc.utilities.runtestcaseforKatalon.clickTab is PASSED

2021-09-03 00:45:06 - [MESSAGE][PASSED] - ctdc.utilities.runtestcaseforKatalon.clickTab is PASSED

2021-09-03 00:45:06 - [TEST_STEP][PASSED] - waitForElementPresent(findTestObject("Object Repository/Canine/Filter/Study/Canine_Filter_Study-UBC02_Chkbx"), 10): Object 'Object Repository/Canine/Filter/Study/Canine_Filter_Study-UBC02_Chkbx' is present

2021-09-03 00:45:06 - [MESSAGE][PASSED] - Object 'Object Repository/Canine/Filter/Study/Canine_Filter_Study-UBC02_Chkbx' is present

2021-09-03 00:45:06 - [TEST_STEP][PASSED] - ctdc.utilities.runtestcaseforKatalon.clickTab("Object Repository/Canine/Filter/Study/Canine_Filter_Study-UBC02_Chkbx"): ctdc.utilities.runtestcaseforKatalon.clickTab is PASSED

2021-09-03 00:45:06 - [MESSAGE][PASSED] - ctdc.utilities.runtestcaseforKatalon.clickTab is PASSED

2021-09-03 00:45:06 - [TEST_STEP][PASSED] - Thread.sleep(2000): null

2021-09-03 00:45:08 - [TEST_STEP][PASSED] - waitForElementPresent(findTestObject("Object Repository/Canine/Filter/StageOfDisease/STAGEOFDISEASE_Ddn"), 10): Object 'Object Repository/Canine/Filter/StageOfDisease/STAGEOFDISEASE_Ddn' is present

2021-09-03 00:45:08 - [MESSAGE][PASSED] - Object 'Object Repository/Canine/Filter/StageOfDisease/STAGEOFDISEASE_Ddn' is present

2021-09-03 00:45:08 - [TEST_STEP][PASSED] - ctdc.utilities.runtestcaseforKatalon.clickTab("Object Repository/Canine/Filter/StageOfDisease/STAGEOFDISEASE_Ddn"): ctdc.utilities.runtestcaseforKatalon.clickTab is PASSED

2021-09-03 00:45:08 - [MESSAGE][PASSED] - ctdc.utilities.runtestcaseforKatalon.clickTab is PASSED

2021-09-03 00:45:08 - [TEST_STEP][PASSED] - waitForElementPresent(findTestObject("Object Repository/Canine/Filter/StageOfDisease/NotApplicable_Chkbx"), 10): Object 'Object Repository/Canine/Filter/StageOfDisease/NotApplicable_Chkbx' is present

2021-09-03 00:45:08 - [MESSAGE][PASSED] - Object 'Object Repository/Canine/Filter/StageOfDisease/NotApplicable_Chkbx' is present

2021-09-03 00:45:08 - [TEST_STEP][PASSED] - ctdc.utilities.runtestcaseforKatalon.clickTab("Object Repository/Canine/Filter/StageOfDisease/NotApplicable_Chkbx"): ctdc.utilities.runtestcaseforKatalon.clickTab is PASSED

2021-09-03 00:45:09 - [MESSAGE][PASSED] - ctdc.utilities.runtestcaseforKatalon.clickTab is PASSED

2021-09-03 00:45:09 - [TEST_STEP][PASSED] - ctdc.utilities.runtestcaseforKatalon.clickTab("Object Repository/Canine/Filter/StageOfDisease/STAGEOFDISEASE_Ddn"): ctdc.utilities.runtestcaseforKatalon.clickTab is PASSED

2021-09-03 00:45:09 - [MESSAGE][PASSED] - ctdc.utilities.runtestcaseforKatalon.clickTab is PASSED

2021-09-03 00:45:09 - [TEST_STEP][PASSED] - ctdc.utilities.runtestcaseforKatalon.readStatBarCanine("Object Repository/Canine/StatBar/Canine_StatBar-Studies", "Object Repository/Canine/StatBar/Canine_StatBar-Cases", "Object Repository/Canine/StatBar/Canine_StatBar-Samples", "Object Repository/Canine/StatBar/Canine_StatBar-Files", "Object Repository/Canine/StatBar/Canine_StatBar-Aliquots"): ctdc.utilities.runtestcaseforKatalon.readStatBarCanine is PASSED

2021-09-03 00:45:24 - [MESSAGE][PASSED] - ctdc.utilities.runtestcaseforKatalon.readStatBarCanine is PASSED

2021-09-03 00:45:24 - [TEST_STEP][PASSED] - waitForElementPresent(findTestObject("Object Repository/Canine/CanineResults_Cases_Tab"), 5): Object 'Object Repository/Canine/CanineResults_Cases_Tab' is present

2021-09-03 00:45:24 - [MESSAGE][PASSED] - Object 'Object Repository/Canine/CanineResults_Cases_Tab' is present

2021-09-03 00:45:24 - [TEST_STEP][PASSED] - ctdc.utilities.runtestcaseforKatalon.clickTab("Object Repository/Canine/CanineResults_Cases_Tab"): ctdc.utilities.runtestcaseforKatalon.clickTab is PASSED

2021-09-03 00:45:24 - [MESSAGE][PASSED] - ctdc.utilities.runtestcaseforKatalon.clickTab is PASSED

2021-09-03 00:45:24 - [TEST_STEP][PASSED] - ctdc.utilities.runtestcaseforKatalon.multiFunction("ICDC", G_StatBar_Cases, "Object Repository/Canine/Canine_CasesTable", "Object Repository/Canine/Canine_TableHeader", "Object Repository/Canine/Canine_CasesTabNextBtn", G_WebTabnameCases, G_CypherTabnameCases, G_QueryCasesTab): Statbar Arms count matches

2021-09-03 00:45:42 - [MESSAGE][PASSED] - Statbar Files count matches

2021-09-03 00:45:42 - [MESSAGE][PASSED] - Statbar Samples count matches

2021-09-03 00:45:42 - [MESSAGE][PASSED] - Statbar Cases count matches

2021-09-03 00:45:42 - [MESSAGE][PASSED] - Statbar Arms count matches

2021-09-03 00:45:42 - [TEST_STEP][PASSED] - closeBrowser(): Browser is closed

2021-09-03 00:45:42 - [MESSAGE][PASSED] - Browser is closed]]></system-out>
         <system-err><![CDATA[]]></system-err>
      </testcase>
      <testcase name="Test Cases/Canine_TestCases/StudyCombinations/Study-Combinations-UBC02/TC31_Canine_StudyUBC-AllBreeds_StageOfDisease" time="57.19" classname="Test Cases/Canine_TestCases/StudyCombinations/Study-Combinations-UBC02/TC31_Canine_StudyUBC-AllBreeds_StageOfDisease" status="FAILED">
         <failure type="FAILED" message="Test Cases/Canine_TestCases/StudyCombinations/Study-Combinations-UBC02/TC31_Canine_StudyUBC-AllBreeds_StageOfDisease FAILED.
Reason:
com.kms.katalon.core.exception.StepFailedException: Mismatch in Stat Bar Files count
	at com.kms.katalon.core.util.KeywordUtil.markFailed(KeywordUtil.java:19)
	at com.kms.katalon.core.util.KeywordUtil$markFailed$1.call(Unknown Source)
	at ctdc.utilities.runtestcaseforKatalon.validateStatBar(runtestcaseforKatalon.groovy:971)
	at ctdc.utilities.runtestcaseforKatalon.multiFunction(runtestcaseforKatalon.groovy:256)
	at ctdc.utilities.runtestcaseforKatalon.invokeMethod(runtestcaseforKatalon.groovy)
	at com.kms.katalon.core.main.CustomKeywordDelegatingMetaClass.invokeStaticMethod(CustomKeywordDelegatingMetaClass.java:50)
	at TC31_Canine_StudyUBC-AllBreeds_StageOfDisease.run(TC31_Canine_StudyUBC-AllBreeds_StageOfDisease:89)
	at com.kms.katalon.core.main.ScriptEngine.run(ScriptEngine.java:194)
	at com.kms.katalon.core.main.ScriptEngine.runScriptAsRawText(ScriptEngine.java:119)
	at com.kms.katalon.core.main.TestCaseExecutor.runScript(TestCaseExecutor.java:369)
	at com.kms.katalon.core.main.TestCaseExecutor.doExecute(TestCaseExecutor.java:360)
	at com.kms.katalon.core.main.TestCaseExecutor.processExecutionPhase(TestCaseExecutor.java:339)
	at com.kms.katalon.core.main.TestCaseExecutor.accessMainPhase(TestCaseExecutor.java:331)
	at com.kms.katalon.core.main.TestCaseExecutor.execute(TestCaseExecutor.java:248)
	at com.kms.katalon.core.main.TestSuiteExecutor.accessTestCaseMainPhase(TestSuiteExecutor.java:191)
	at com.kms.katalon.core.main.TestSuiteExecutor.accessTestSuiteMainPhase(TestSuiteExecutor.java:140)
	at com.kms.katalon.core.main.TestSuiteExecutor.execute(TestSuiteExecutor.java:89)
	at com.kms.katalon.core.main.TestCaseMain.startTestSuite(TestCaseMain.java:185)
	at com.kms.katalon.core.main.TestCaseMain$startTestSuite$0.call(Unknown Source)
	at TempTestSuite1630631579924.run(TempTestSuite1630631579924.groovy:39)
"/>
         <system-out><![CDATA[2021-09-03 00:45:42 - [TEST_CASE][FAILED] - Test Cases/Canine_TestCases/StudyCombinations/Study-Combinations-UBC02/TC31_Canine_StudyUBC-AllBreeds_StageOfDisease: Test Cases/Canine_TestCases/StudyCombinations/Study-Combinations-UBC02/TC31_Canine_StudyUBC-AllBreeds_StageOfDisease FAILED.
Reason:
com.kms.katalon.core.exception.StepFailedException: Mismatch in Stat Bar Files count
	at com.kms.katalon.core.util.KeywordUtil.markFailed(KeywordUtil.java:19)
	at com.kms.katalon.core.util.KeywordUtil$markFailed$1.call(Unknown Source)
	at ctdc.utilities.runtestcaseforKatalon.validateStatBar(runtestcaseforKatalon.groovy:971)
	at ctdc.utilities.runtestcaseforKatalon.multiFunction(runtestcaseforKatalon.groovy:256)
	at ctdc.utilities.runtestcaseforKatalon.invokeMethod(runtestcaseforKatalon.groovy)
	at com.kms.katalon.core.main.CustomKeywordDelegatingMetaClass.invokeStaticMethod(CustomKeywordDelegatingMetaClass.java:50)
	at TC31_Canine_StudyUBC-AllBreeds_StageOfDisease.run(TC31_Canine_StudyUBC-AllBreeds_StageOfDisease:89)
	at com.kms.katalon.core.main.ScriptEngine.run(ScriptEngine.java:194)
	at com.kms.katalon.core.main.ScriptEngine.runScriptAsRawText(ScriptEngine.java:119)
	at com.kms.katalon.core.main.TestCaseExecutor.runScript(TestCaseExecutor.java:369)
	at com.kms.katalon.core.main.TestCaseExecutor.doExecute(TestCaseExecutor.java:360)
	at com.kms.katalon.core.main.TestCaseExecutor.processExecutionPhase(TestCaseExecutor.java:339)
	at com.kms.katalon.core.main.TestCaseExecutor.accessMainPhase(TestCaseExecutor.java:331)
	at com.kms.katalon.core.main.TestCaseExecutor.execute(TestCaseExecutor.java:248)
	at com.kms.katalon.core.main.TestSuiteExecutor.accessTestCaseMainPhase(TestSuiteExecutor.java:191)
	at com.kms.katalon.core.main.TestSuiteExecutor.accessTestSuiteMainPhase(TestSuiteExecutor.java:140)
	at com.kms.katalon.core.main.TestSuiteExecutor.execute(TestSuiteExecutor.java:89)
	at com.kms.katalon.core.main.TestCaseMain.startTestSuite(TestCaseMain.java:185)
	at com.kms.katalon.core.main.TestCaseMain$startTestSuite$0.call(Unknown Source)
	at TempTestSuite1630631579924.run(TempTestSuite1630631579924.groovy:39)


2021-09-03 00:45:42 - [TEST_STEP][PASSED] - Start listener action : getTestScriptName: null

2021-09-03 00:45:42 - [TEST_STEP][PASSED] - TestCaseId = testCaseContext.getTestCaseId(): null

2021-09-03 00:45:42 - [TEST_STEP][PASSED] - out.println("**********this is the value of test case id string******** " + testCaseContext.getTestCaseId()): null

2021-09-03 00:45:42 - [TEST_STEP][PASSED] - G_currentTCName = TestCaseId.substring(TestCaseId.lastIndexOf("TC")): null

2021-09-03 00:45:42 - [TEST_STEP][PASSED] - out.println("This is the test case name : " + G_currentTCName): null

2021-09-03 00:45:43 - [TEST_STEP][PASSED] - closeBrowser(): Browser is closed

2021-09-03 00:45:43 - [MESSAGE][PASSED] - Browser is closed

2021-09-03 00:45:43 - [TEST_STEP][PASSED] - openBrowser(""): Browser is opened with url: ''

2021-09-03 00:45:43 - [MESSAGE][INFO] - Starting 'Chrome (headless)' driver

2021-09-03 00:45:43 - [MESSAGE][INFO] - User set preference: ['args', '[--no-sandbox]']

2021-09-03 00:45:43 - [MESSAGE][INFO] - Action delay is set to 0 milliseconds

2021-09-03 00:45:44 - [MESSAGE][PASSED] - Browser is opened with url: ''

2021-09-03 00:45:44 - [TEST_STEP][PASSED] - maximizeWindow(): Current window maximized

2021-09-03 00:45:44 - [MESSAGE][PASSED] - Current window maximized

2021-09-03 00:45:44 - [TEST_STEP][PASSED] - "Driver opened by Katalon is used in Selenium from this step.": null

2021-09-03 00:45:44 - [TEST_STEP][PASSED] - ctdc.utilities.runtestcaseforKatalon.RunKatalon("TC31_Canine_StudyUBC02-AllBreeds_StageOfDisease.xlsx"): Data loaded from input file for the test case. 

2021-09-03 00:45:44 - [MESSAGE][PASSED] - Test case file loaded This is the full filepath after converting to string :C:\Users\sohilz2\Commons_Automation\InputFiles\TC31_Canine_StudyUBC02-AllBreeds_StageOfDisease.xlsx

2021-09-03 00:45:44 - [MESSAGE][INFO] - Global variable set for password file is :  C:\Users\sohilz2\Commons_Automation\InputFiles\TC31_Canine_StudyUBC02-AllBreeds_StageOfDisease.xlsx

2021-09-03 00:45:48 - [MESSAGE][PASSED] - Data loaded from input file for the test case. 

2021-09-03 00:45:54 - [TEST_STEP][PASSED] - findTestObject("Object Repository/Canine/Filter/StageOfDisease/STAGEOFDISEASE_Ddn"): null

2021-09-03 00:45:54 - [TEST_STEP][PASSED] - waitForElementPresent(findTestObject("Canine/NavBar/Canine_Cases_Btn"), 10): Object 'Object Repository/Canine/NavBar/Canine_Cases_Btn' is present

2021-09-03 00:45:54 - [MESSAGE][PASSED] - Object 'Object Repository/Canine/NavBar/Canine_Cases_Btn' is present

2021-09-03 00:45:54 - [TEST_STEP][PASSED] - ctdc.utilities.runtestcaseforKatalon.clickTab("Canine/NavBar/Canine_Cases_Btn"): ctdc.utilities.runtestcaseforKatalon.clickTab is PASSED

2021-09-03 00:45:54 - [MESSAGE][PASSED] - ctdc.utilities.runtestcaseforKatalon.clickTab is PASSED

2021-09-03 00:45:54 - [TEST_STEP][PASSED] - waitForElementPresent(findTestObject("Object Repository/Canine/Filter/FilterByCases_Facet"), 10): Object 'Object Repository/Canine/Filter/FilterByCases_Facet' is present

2021-09-03 00:45:55 - [MESSAGE][PASSED] - Object 'Object Repository/Canine/Filter/FilterByCases_Facet' is present

2021-09-03 00:45:55 - [TEST_STEP][PASSED] - ctdc.utilities.runtestcaseforKatalon.clickTab("Object Repository/Canine/Filter/FilterByCases_Facet"): ctdc.utilities.runtestcaseforKatalon.clickTab is PASSED

2021-09-03 00:45:56 - [MESSAGE][PASSED] - ctdc.utilities.runtestcaseforKatalon.clickTab is PASSED

2021-09-03 00:45:56 - [TEST_STEP][PASSED] - waitForElementPresent(findTestObject("Object Repository/Canine/Filter/Study/Canine_Filter_Study"), 10): Object 'Object Repository/Canine/Filter/Study/Canine_Filter_Study' is present

2021-09-03 00:45:56 - [MESSAGE][PASSED] - Object 'Object Repository/Canine/Filter/Study/Canine_Filter_Study' is present

2021-09-03 00:45:56 - [TEST_STEP][PASSED] - ctdc.utilities.runtestcaseforKatalon.clickTab("Object Repository/Canine/Filter/Study/Canine_Filter_Study"): ctdc.utilities.runtestcaseforKatalon.clickTab is PASSED

2021-09-03 00:45:56 - [MESSAGE][PASSED] - ctdc.utilities.runtestcaseforKatalon.clickTab is PASSED

2021-09-03 00:45:56 - [TEST_STEP][PASSED] - waitForElementPresent(findTestObject("Object Repository/Canine/Filter/Study/Canine_Filter_Study-UBC02_Chkbx"), 10): Object 'Object Repository/Canine/Filter/Study/Canine_Filter_Study-UBC02_Chkbx' is present

2021-09-03 00:45:56 - [MESSAGE][PASSED] - Object 'Object Repository/Canine/Filter/Study/Canine_Filter_Study-UBC02_Chkbx' is present

2021-09-03 00:45:56 - [TEST_STEP][PASSED] - ctdc.utilities.runtestcaseforKatalon.clickTab("Object Repository/Canine/Filter/Study/Canine_Filter_Study-UBC02_Chkbx"): ctdc.utilities.runtestcaseforKatalon.clickTab is PASSED

2021-09-03 00:45:57 - [MESSAGE][PASSED] - ctdc.utilities.runtestcaseforKatalon.clickTab is PASSED

2021-09-03 00:45:57 - [TEST_STEP][PASSED] - Thread.sleep(2000): null

2021-09-03 00:45:59 - [TEST_STEP][PASSED] - waitForElementPresent(findTestObject("Object Repository/Canine/Filter/StageOfDisease/STAGEOFDISEASE_Ddn"), 10): Object 'Object Repository/Canine/Filter/StageOfDisease/STAGEOFDISEASE_Ddn' is present

2021-09-03 00:45:59 - [MESSAGE][PASSED] - Object 'Object Repository/Canine/Filter/StageOfDisease/STAGEOFDISEASE_Ddn' is present

2021-09-03 00:45:59 - [TEST_STEP][PASSED] - ctdc.utilities.runtestcaseforKatalon.clickTab("Object Repository/Canine/Filter/StageOfDisease/STAGEOFDISEASE_Ddn"): ctdc.utilities.runtestcaseforKatalon.clickTab is PASSED

2021-09-03 00:45:59 - [MESSAGE][PASSED] - ctdc.utilities.runtestcaseforKatalon.clickTab is PASSED

2021-09-03 00:45:59 - [TEST_STEP][PASSED] - waitForElementPresent(findTestObject("Object Repository/Canine/Filter/StageOfDisease/T2N0M0_Chkbx"), 10): Object 'Object Repository/Canine/Filter/StageOfDisease/T2N0M0_Chkbx' is present

2021-09-03 00:45:59 - [MESSAGE][PASSED] - Object 'Object Repository/Canine/Filter/StageOfDisease/T2N0M0_Chkbx' is present

2021-09-03 00:45:59 - [TEST_STEP][PASSED] - ctdc.utilities.runtestcaseforKatalon.clickTab("Object Repository/Canine/Filter/StageOfDisease/T2N0M0_Chkbx"): ctdc.utilities.runtestcaseforKatalon.clickTab is PASSED

2021-09-03 00:45:59 - [MESSAGE][PASSED] - ctdc.utilities.runtestcaseforKatalon.clickTab is PASSED

2021-09-03 00:45:59 - [TEST_STEP][PASSED] - waitForElementPresent(findTestObject("Object Repository/Canine/Filter/StageOfDisease/T2N0M1_Chkbx"), 10): Object 'Object Repository/Canine/Filter/StageOfDisease/T2N0M1_Chkbx' is present

2021-09-03 00:45:59 - [MESSAGE][PASSED] - Object 'Object Repository/Canine/Filter/StageOfDisease/T2N0M1_Chkbx' is present

2021-09-03 00:45:59 - [TEST_STEP][PASSED] - ctdc.utilities.runtestcaseforKatalon.clickTab("Object Repository/Canine/Filter/StageOfDisease/T2N0M1_Chkbx"): ctdc.utilities.runtestcaseforKatalon.clickTab is PASSED

2021-09-03 00:45:59 - [MESSAGE][PASSED] - ctdc.utilities.runtestcaseforKatalon.clickTab is PASSED

2021-09-03 00:45:59 - [TEST_STEP][PASSED] - waitForElementPresent(findTestObject("Object Repository/Canine/Filter/StageOfDisease/T2N1M0_Chkbx"), 10): Object 'Object Repository/Canine/Filter/StageOfDisease/T2N1M0_Chkbx' is present

2021-09-03 00:45:59 - [MESSAGE][PASSED] - Object 'Object Repository/Canine/Filter/StageOfDisease/T2N1M0_Chkbx' is present

2021-09-03 00:45:59 - [TEST_STEP][PASSED] - ctdc.utilities.runtestcaseforKatalon.clickTab("Object Repository/Canine/Filter/StageOfDisease/T2N1M0_Chkbx"): ctdc.utilities.runtestcaseforKatalon.clickTab is PASSED

2021-09-03 00:46:00 - [MESSAGE][PASSED] - ctdc.utilities.runtestcaseforKatalon.clickTab is PASSED

2021-09-03 00:46:00 - [TEST_STEP][PASSED] - waitForElementPresent(findTestObject("Object Repository/Canine/Filter/StageOfDisease/T2N1M1_Chkbx"), 10): Object 'Object Repository/Canine/Filter/StageOfDisease/T2N1M1_Chkbx' is present

2021-09-03 00:46:00 - [MESSAGE][PASSED] - Object 'Object Repository/Canine/Filter/StageOfDisease/T2N1M1_Chkbx' is present

2021-09-03 00:46:00 - [TEST_STEP][PASSED] - ctdc.utilities.runtestcaseforKatalon.clickTab("Object Repository/Canine/Filter/StageOfDisease/T2N1M1_Chkbx"): ctdc.utilities.runtestcaseforKatalon.clickTab is PASSED

2021-09-03 00:46:01 - [MESSAGE][PASSED] - ctdc.utilities.runtestcaseforKatalon.clickTab is PASSED

2021-09-03 00:46:01 - [TEST_STEP][PASSED] - waitForElementPresent(findTestObject("Object Repository/Canine/Filter/StageOfDisease/T3N0M0_Chkbx"), 10): Object 'Object Repository/Canine/Filter/StageOfDisease/T3N0M0_Chkbx' is present

2021-09-03 00:46:01 - [MESSAGE][PASSED] - Object 'Object Repository/Canine/Filter/StageOfDisease/T3N0M0_Chkbx' is present

2021-09-03 00:46:01 - [TEST_STEP][PASSED] - ctdc.utilities.runtestcaseforKatalon.clickTab("Object Repository/Canine/Filter/StageOfDisease/T3N0M0_Chkbx"): ctdc.utilities.runtestcaseforKatalon.clickTab is PASSED

2021-09-03 00:46:02 - [MESSAGE][PASSED] - ctdc.utilities.runtestcaseforKatalon.clickTab is PASSED

2021-09-03 00:46:02 - [TEST_STEP][PASSED] - waitForElementPresent(findTestObject("Object Repository/Canine/Filter/StageOfDisease/T3N1M0_Chkbx"), 10): Object 'Object Repository/Canine/Filter/StageOfDisease/T3N1M0_Chkbx' is present

2021-09-03 00:46:02 - [MESSAGE][PASSED] - Object 'Object Repository/Canine/Filter/StageOfDisease/T3N1M0_Chkbx' is present

2021-09-03 00:46:02 - [TEST_STEP][PASSED] - ctdc.utilities.runtestcaseforKatalon.clickTab("Object Repository/Canine/Filter/StageOfDisease/T3N1M0_Chkbx"): ctdc.utilities.runtestcaseforKatalon.clickTab is PASSED

2021-09-03 00:46:02 - [MESSAGE][PASSED] - ctdc.utilities.runtestcaseforKatalon.clickTab is PASSED

2021-09-03 00:46:02 - [TEST_STEP][PASSED] - waitForElementPresent(findTestObject("Object Repository/Canine/Filter/StageOfDisease/T3N1M1_Chkbx"), 10): Object 'Object Repository/Canine/Filter/StageOfDisease/T3N1M1_Chkbx' is present

2021-09-03 00:46:02 - [MESSAGE][PASSED] - Object 'Object Repository/Canine/Filter/StageOfDisease/T3N1M1_Chkbx' is present

2021-09-03 00:46:02 - [TEST_STEP][PASSED] - ctdc.utilities.runtestcaseforKatalon.clickTab("Object Repository/Canine/Filter/StageOfDisease/T3N1M1_Chkbx"): ctdc.utilities.runtestcaseforKatalon.clickTab is PASSED

2021-09-03 00:46:03 - [MESSAGE][PASSED] - ctdc.utilities.runtestcaseforKatalon.clickTab is PASSED

2021-09-03 00:46:03 - [TEST_STEP][PASSED] - waitForElementPresent(findTestObject("Object Repository/Canine/Filter/StageOfDisease/NotApplicable_Chkbx"), 10): Object 'Object Repository/Canine/Filter/StageOfDisease/NotApplicable_Chkbx' is present

2021-09-03 00:46:03 - [MESSAGE][PASSED] - Object 'Object Repository/Canine/Filter/StageOfDisease/NotApplicable_Chkbx' is present

2021-09-03 00:46:03 - [TEST_STEP][PASSED] - ctdc.utilities.runtestcaseforKatalon.clickTab("Object Repository/Canine/Filter/StageOfDisease/NotApplicable_Chkbx"): ctdc.utilities.runtestcaseforKatalon.clickTab is PASSED

2021-09-03 00:46:03 - [MESSAGE][PASSED] - ctdc.utilities.runtestcaseforKatalon.clickTab is PASSED

2021-09-03 00:46:03 - [TEST_STEP][PASSED] - ctdc.utilities.runtestcaseforKatalon.clickTab("Object Repository/Canine/Filter/StageOfDisease/STAGEOFDISEASE_Ddn"): ctdc.utilities.runtestcaseforKatalon.clickTab is PASSED

2021-09-03 00:46:04 - [MESSAGE][PASSED] - ctdc.utilities.runtestcaseforKatalon.clickTab is PASSED

2021-09-03 00:46:04 - [TEST_STEP][PASSED] - ctdc.utilities.runtestcaseforKatalon.readStatBarCanine("Object Repository/Canine/StatBar/Canine_StatBar-Studies", "Object Repository/Canine/StatBar/Canine_StatBar-Cases", "Object Repository/Canine/StatBar/Canine_StatBar-Samples", "Object Repository/Canine/StatBar/Canine_StatBar-Files", "Object Repository/Canine/StatBar/Canine_StatBar-Aliquots"): ctdc.utilities.runtestcaseforKatalon.readStatBarCanine is PASSED

2021-09-03 00:46:19 - [MESSAGE][PASSED] - ctdc.utilities.runtestcaseforKatalon.readStatBarCanine is PASSED

2021-09-03 00:46:19 - [TEST_STEP][PASSED] - waitForElementPresent(findTestObject("Object Repository/Canine/CanineResults_Cases_Tab"), 5): Object 'Object Repository/Canine/CanineResults_Cases_Tab' is present

2021-09-03 00:46:19 - [MESSAGE][PASSED] - Object 'Object Repository/Canine/CanineResults_Cases_Tab' is present

2021-09-03 00:46:19 - [TEST_STEP][PASSED] - ctdc.utilities.runtestcaseforKatalon.clickTab("Object Repository/Canine/CanineResults_Cases_Tab"): ctdc.utilities.runtestcaseforKatalon.clickTab is PASSED

2021-09-03 00:46:19 - [MESSAGE][PASSED] - ctdc.utilities.runtestcaseforKatalon.clickTab is PASSED

2021-09-03 00:46:19 - [TEST_STEP][FAILED] - ctdc.utilities.runtestcaseforKatalon.multiFunction("ICDC", G_StatBar_Cases, "Object Repository/Canine/Canine_CasesTable", "Object Repository/Canine/Canine_TableHeader", "Object Repository/Canine/Canine_CasesTabNextBtn", G_WebTabnameCases, G_CypherTabnameCases, G_QueryCasesTab): com.kms.katalon.core.exception.StepFailedException: Mismatch in Stat Bar Files count

2021-09-03 00:46:38 - [MESSAGE][FAILED] - Mismatch in Stat Bar Files count

2021-09-03 00:46:38 - [MESSAGE][FAILED] - Mismatch in Stat Bar Samples count

2021-09-03 00:46:38 - [MESSAGE][FAILED] - Mismatch in Stat Bar Cases count

2021-09-03 00:46:38 - [MESSAGE][PASSED] - Statbar Arms count matches

2021-09-03 00:46:38 - [MESSAGE][FAILED] - com.kms.katalon.core.exception.StepFailedException: Mismatch in Stat Bar Files count

2021-09-03 00:46:38 - [TEST_STEP][PASSED] - closeBrowser(): Browser is closed

2021-09-03 00:46:39 - [MESSAGE][PASSED] - Browser is closed]]></system-out>
         <system-err><![CDATA[2021-09-03 00:45:42 - [TEST_CASE][FAILED] - Test Cases/Canine_TestCases/StudyCombinations/Study-Combinations-UBC02/TC31_Canine_StudyUBC-AllBreeds_StageOfDisease: Test Cases/Canine_TestCases/StudyCombinations/Study-Combinations-UBC02/TC31_Canine_StudyUBC-AllBreeds_StageOfDisease FAILED.
Reason:
com.kms.katalon.core.exception.StepFailedException: Mismatch in Stat Bar Files count
	at com.kms.katalon.core.util.KeywordUtil.markFailed(KeywordUtil.java:19)
	at com.kms.katalon.core.util.KeywordUtil$markFailed$1.call(Unknown Source)
	at ctdc.utilities.runtestcaseforKatalon.validateStatBar(runtestcaseforKatalon.groovy:971)
	at ctdc.utilities.runtestcaseforKatalon.multiFunction(runtestcaseforKatalon.groovy:256)
	at ctdc.utilities.runtestcaseforKatalon.invokeMethod(runtestcaseforKatalon.groovy)
	at com.kms.katalon.core.main.CustomKeywordDelegatingMetaClass.invokeStaticMethod(CustomKeywordDelegatingMetaClass.java:50)
	at TC31_Canine_StudyUBC-AllBreeds_StageOfDisease.run(TC31_Canine_StudyUBC-AllBreeds_StageOfDisease:89)
	at com.kms.katalon.core.main.ScriptEngine.run(ScriptEngine.java:194)
	at com.kms.katalon.core.main.ScriptEngine.runScriptAsRawText(ScriptEngine.java:119)
	at com.kms.katalon.core.main.TestCaseExecutor.runScript(TestCaseExecutor.java:369)
	at com.kms.katalon.core.main.TestCaseExecutor.doExecute(TestCaseExecutor.java:360)
	at com.kms.katalon.core.main.TestCaseExecutor.processExecutionPhase(TestCaseExecutor.java:339)
	at com.kms.katalon.core.main.TestCaseExecutor.accessMainPhase(TestCaseExecutor.java:331)
	at com.kms.katalon.core.main.TestCaseExecutor.execute(TestCaseExecutor.java:248)
	at com.kms.katalon.core.main.TestSuiteExecutor.accessTestCaseMainPhase(TestSuiteExecutor.java:191)
	at com.kms.katalon.core.main.TestSuiteExecutor.accessTestSuiteMainPhase(TestSuiteExecutor.java:140)
	at com.kms.katalon.core.main.TestSuiteExecutor.execute(TestSuiteExecutor.java:89)
	at com.kms.katalon.core.main.TestCaseMain.startTestSuite(TestCaseMain.java:185)
	at com.kms.katalon.core.main.TestCaseMain$startTestSuite$0.call(Unknown Source)
	at TempTestSuite1630631579924.run(TempTestSuite1630631579924.groovy:39)]]></system-err>
      </testcase>
      <testcase name="Test Cases/Canine_TestCases/StudyCombinations/Study-Combinations-UBC02/TC30_Canine_StudyUBC-AllBreeds_StageOfDisease" time="49.162" classname="Test Cases/Canine_TestCases/StudyCombinations/Study-Combinations-UBC02/TC30_Canine_StudyUBC-AllBreeds_StageOfDisease" status="FAILED">
         <failure type="FAILED" message="Test Cases/Canine_TestCases/StudyCombinations/Study-Combinations-UBC02/TC30_Canine_StudyUBC-AllBreeds_StageOfDisease FAILED.
Reason:
com.kms.katalon.core.exception.StepFailedException: Mismatch in Stat Bar Files count
	at com.kms.katalon.core.util.KeywordUtil.markFailed(KeywordUtil.java:19)
	at com.kms.katalon.core.util.KeywordUtil$markFailed$1.call(Unknown Source)
	at ctdc.utilities.runtestcaseforKatalon.validateStatBar(runtestcaseforKatalon.groovy:971)
	at ctdc.utilities.runtestcaseforKatalon.multiFunction(runtestcaseforKatalon.groovy:256)
	at ctdc.utilities.runtestcaseforKatalon.invokeMethod(runtestcaseforKatalon.groovy)
	at com.kms.katalon.core.main.CustomKeywordDelegatingMetaClass.invokeStaticMethod(CustomKeywordDelegatingMetaClass.java:50)
	at TC30_Canine_StudyUBC-AllBreeds_StageOfDisease.run(TC30_Canine_StudyUBC-AllBreeds_StageOfDisease:78)
	at com.kms.katalon.core.main.ScriptEngine.run(ScriptEngine.java:194)
	at com.kms.katalon.core.main.ScriptEngine.runScriptAsRawText(ScriptEngine.java:119)
	at com.kms.katalon.core.main.TestCaseExecutor.runScript(TestCaseExecutor.java:369)
	at com.kms.katalon.core.main.TestCaseExecutor.doExecute(TestCaseExecutor.java:360)
	at com.kms.katalon.core.main.TestCaseExecutor.processExecutionPhase(TestCaseExecutor.java:339)
	at com.kms.katalon.core.main.TestCaseExecutor.accessMainPhase(TestCaseExecutor.java:331)
	at com.kms.katalon.core.main.TestCaseExecutor.execute(TestCaseExecutor.java:248)
	at com.kms.katalon.core.main.TestSuiteExecutor.accessTestCaseMainPhase(TestSuiteExecutor.java:191)
	at com.kms.katalon.core.main.TestSuiteExecutor.accessTestSuiteMainPhase(TestSuiteExecutor.java:140)
	at com.kms.katalon.core.main.TestSuiteExecutor.execute(TestSuiteExecutor.java:89)
	at com.kms.katalon.core.main.TestCaseMain.startTestSuite(TestCaseMain.java:185)
	at com.kms.katalon.core.main.TestCaseMain$startTestSuite$0.call(Unknown Source)
	at TempTestSuite1630631579924.run(TempTestSuite1630631579924.groovy:39)
"/>
         <system-out><![CDATA[2021-09-03 00:46:39 - [TEST_CASE][FAILED] - Test Cases/Canine_TestCases/StudyCombinations/Study-Combinations-UBC02/TC30_Canine_StudyUBC-AllBreeds_StageOfDisease: Test Cases/Canine_TestCases/StudyCombinations/Study-Combinations-UBC02/TC30_Canine_StudyUBC-AllBreeds_StageOfDisease FAILED.
Reason:
com.kms.katalon.core.exception.StepFailedException: Mismatch in Stat Bar Files count
	at com.kms.katalon.core.util.KeywordUtil.markFailed(KeywordUtil.java:19)
	at com.kms.katalon.core.util.KeywordUtil$markFailed$1.call(Unknown Source)
	at ctdc.utilities.runtestcaseforKatalon.validateStatBar(runtestcaseforKatalon.groovy:971)
	at ctdc.utilities.runtestcaseforKatalon.multiFunction(runtestcaseforKatalon.groovy:256)
	at ctdc.utilities.runtestcaseforKatalon.invokeMethod(runtestcaseforKatalon.groovy)
	at com.kms.katalon.core.main.CustomKeywordDelegatingMetaClass.invokeStaticMethod(CustomKeywordDelegatingMetaClass.java:50)
	at TC30_Canine_StudyUBC-AllBreeds_StageOfDisease.run(TC30_Canine_StudyUBC-AllBreeds_StageOfDisease:78)
	at com.kms.katalon.core.main.ScriptEngine.run(ScriptEngine.java:194)
	at com.kms.katalon.core.main.ScriptEngine.runScriptAsRawText(ScriptEngine.java:119)
	at com.kms.katalon.core.main.TestCaseExecutor.runScript(TestCaseExecutor.java:369)
	at com.kms.katalon.core.main.TestCaseExecutor.doExecute(TestCaseExecutor.java:360)
	at com.kms.katalon.core.main.TestCaseExecutor.processExecutionPhase(TestCaseExecutor.java:339)
	at com.kms.katalon.core.main.TestCaseExecutor.accessMainPhase(TestCaseExecutor.java:331)
	at com.kms.katalon.core.main.TestCaseExecutor.execute(TestCaseExecutor.java:248)
	at com.kms.katalon.core.main.TestSuiteExecutor.accessTestCaseMainPhase(TestSuiteExecutor.java:191)
	at com.kms.katalon.core.main.TestSuiteExecutor.accessTestSuiteMainPhase(TestSuiteExecutor.java:140)
	at com.kms.katalon.core.main.TestSuiteExecutor.execute(TestSuiteExecutor.java:89)
	at com.kms.katalon.core.main.TestCaseMain.startTestSuite(TestCaseMain.java:185)
	at com.kms.katalon.core.main.TestCaseMain$startTestSuite$0.call(Unknown Source)
	at TempTestSuite1630631579924.run(TempTestSuite1630631579924.groovy:39)


2021-09-03 00:46:39 - [TEST_STEP][PASSED] - Start listener action : getTestScriptName: null

2021-09-03 00:46:39 - [TEST_STEP][PASSED] - TestCaseId = testCaseContext.getTestCaseId(): null

2021-09-03 00:46:39 - [TEST_STEP][PASSED] - out.println("**********this is the value of test case id string******** " + testCaseContext.getTestCaseId()): null

2021-09-03 00:46:39 - [TEST_STEP][PASSED] - G_currentTCName = TestCaseId.substring(TestCaseId.lastIndexOf("TC")): null

2021-09-03 00:46:39 - [TEST_STEP][PASSED] - out.println("This is the test case name : " + G_currentTCName): null

2021-09-03 00:46:40 - [TEST_STEP][PASSED] - closeBrowser(): Browser is closed

2021-09-03 00:46:40 - [MESSAGE][PASSED] - Browser is closed

2021-09-03 00:46:40 - [TEST_STEP][PASSED] - openBrowser(""): Browser is opened with url: ''

2021-09-03 00:46:40 - [MESSAGE][INFO] - Starting 'Chrome (headless)' driver

2021-09-03 00:46:40 - [MESSAGE][INFO] - User set preference: ['args', '[--no-sandbox]']

2021-09-03 00:46:40 - [MESSAGE][INFO] - Action delay is set to 0 milliseconds

2021-09-03 00:46:41 - [MESSAGE][PASSED] - Browser is opened with url: ''

2021-09-03 00:46:41 - [TEST_STEP][PASSED] - maximizeWindow(): Current window maximized

2021-09-03 00:46:41 - [MESSAGE][PASSED] - Current window maximized

2021-09-03 00:46:41 - [TEST_STEP][PASSED] - "Driver opened by Katalon is used in Selenium from this step.": null

2021-09-03 00:46:41 - [TEST_STEP][PASSED] - ctdc.utilities.runtestcaseforKatalon.RunKatalon("TC30_Canine_StudyUBC02-AllBreeds_StageOfDisease.xlsx"): Data loaded from input file for the test case. 

2021-09-03 00:46:41 - [MESSAGE][PASSED] - Test case file loaded This is the full filepath after converting to string :C:\Users\sohilz2\Commons_Automation\InputFiles\TC30_Canine_StudyUBC02-AllBreeds_StageOfDisease.xlsx

2021-09-03 00:46:41 - [MESSAGE][INFO] - Global variable set for password file is :  C:\Users\sohilz2\Commons_Automation\InputFiles\TC30_Canine_StudyUBC02-AllBreeds_StageOfDisease.xlsx

2021-09-03 00:46:45 - [MESSAGE][PASSED] - Data loaded from input file for the test case. 

2021-09-03 00:46:51 - [TEST_STEP][PASSED] - findTestObject("Object Repository/Canine/Filter/StageOfDisease/STAGEOFDISEASE_Ddn"): null

2021-09-03 00:46:51 - [TEST_STEP][PASSED] - waitForElementPresent(findTestObject("Canine/NavBar/Canine_Cases_Btn"), 10): Object 'Object Repository/Canine/NavBar/Canine_Cases_Btn' is present

2021-09-03 00:46:51 - [MESSAGE][PASSED] - Object 'Object Repository/Canine/NavBar/Canine_Cases_Btn' is present

2021-09-03 00:46:51 - [TEST_STEP][PASSED] - ctdc.utilities.runtestcaseforKatalon.clickTab("Canine/NavBar/Canine_Cases_Btn"): ctdc.utilities.runtestcaseforKatalon.clickTab is PASSED

2021-09-03 00:46:51 - [MESSAGE][PASSED] - ctdc.utilities.runtestcaseforKatalon.clickTab is PASSED

2021-09-03 00:46:51 - [TEST_STEP][PASSED] - waitForElementPresent(findTestObject("Object Repository/Canine/Filter/FilterByCases_Facet"), 10): Object 'Object Repository/Canine/Filter/FilterByCases_Facet' is present

2021-09-03 00:46:52 - [MESSAGE][PASSED] - Object 'Object Repository/Canine/Filter/FilterByCases_Facet' is present

2021-09-03 00:46:52 - [TEST_STEP][PASSED] - ctdc.utilities.runtestcaseforKatalon.clickTab("Object Repository/Canine/Filter/FilterByCases_Facet"): ctdc.utilities.runtestcaseforKatalon.clickTab is PASSED

2021-09-03 00:46:53 - [MESSAGE][PASSED] - ctdc.utilities.runtestcaseforKatalon.clickTab is PASSED

2021-09-03 00:46:53 - [TEST_STEP][PASSED] - waitForElementPresent(findTestObject("Object Repository/Canine/Filter/Study/Canine_Filter_Study"), 10): Object 'Object Repository/Canine/Filter/Study/Canine_Filter_Study' is present

2021-09-03 00:46:53 - [MESSAGE][PASSED] - Object 'Object Repository/Canine/Filter/Study/Canine_Filter_Study' is present

2021-09-03 00:46:53 - [TEST_STEP][PASSED] - ctdc.utilities.runtestcaseforKatalon.clickTab("Object Repository/Canine/Filter/Study/Canine_Filter_Study"): ctdc.utilities.runtestcaseforKatalon.clickTab is PASSED

2021-09-03 00:46:53 - [MESSAGE][PASSED] - ctdc.utilities.runtestcaseforKatalon.clickTab is PASSED

2021-09-03 00:46:53 - [TEST_STEP][PASSED] - waitForElementPresent(findTestObject("Object Repository/Canine/Filter/Study/Canine_Filter_Study-UBC02_Chkbx"), 10): Object 'Object Repository/Canine/Filter/Study/Canine_Filter_Study-UBC02_Chkbx' is present

2021-09-03 00:46:53 - [MESSAGE][PASSED] - Object 'Object Repository/Canine/Filter/Study/Canine_Filter_Study-UBC02_Chkbx' is present

2021-09-03 00:46:53 - [TEST_STEP][PASSED] - ctdc.utilities.runtestcaseforKatalon.clickTab("Object Repository/Canine/Filter/Study/Canine_Filter_Study-UBC02_Chkbx"): ctdc.utilities.runtestcaseforKatalon.clickTab is PASSED

2021-09-03 00:46:54 - [MESSAGE][PASSED] - ctdc.utilities.runtestcaseforKatalon.clickTab is PASSED

2021-09-03 00:46:54 - [TEST_STEP][PASSED] - Thread.sleep(2000): null

2021-09-03 00:46:56 - [TEST_STEP][PASSED] - waitForElementPresent(findTestObject("Object Repository/Canine/Filter/StageOfDisease/STAGEOFDISEASE_Ddn"), 10): Object 'Object Repository/Canine/Filter/StageOfDisease/STAGEOFDISEASE_Ddn' is present

2021-09-03 00:46:56 - [MESSAGE][PASSED] - Object 'Object Repository/Canine/Filter/StageOfDisease/STAGEOFDISEASE_Ddn' is present

2021-09-03 00:46:56 - [TEST_STEP][PASSED] - ctdc.utilities.runtestcaseforKatalon.clickTab("Object Repository/Canine/Filter/StageOfDisease/STAGEOFDISEASE_Ddn"): ctdc.utilities.runtestcaseforKatalon.clickTab is PASSED

2021-09-03 00:46:56 - [MESSAGE][PASSED] - ctdc.utilities.runtestcaseforKatalon.clickTab is PASSED

2021-09-03 00:46:56 - [TEST_STEP][PASSED] - waitForElementPresent(findTestObject("Object Repository/Canine/Filter/StageOfDisease/T3N0M0_Chkbx"), 10): Object 'Object Repository/Canine/Filter/StageOfDisease/T3N0M0_Chkbx' is present

2021-09-03 00:46:56 - [MESSAGE][PASSED] - Object 'Object Repository/Canine/Filter/StageOfDisease/T3N0M0_Chkbx' is present

2021-09-03 00:46:56 - [TEST_STEP][PASSED] - ctdc.utilities.runtestcaseforKatalon.clickTab("Object Repository/Canine/Filter/StageOfDisease/T3N0M0_Chkbx"): ctdc.utilities.runtestcaseforKatalon.clickTab is PASSED

2021-09-03 00:46:56 - [MESSAGE][PASSED] - ctdc.utilities.runtestcaseforKatalon.clickTab is PASSED

2021-09-03 00:46:56 - [TEST_STEP][PASSED] - waitForElementPresent(findTestObject("Object Repository/Canine/Filter/StageOfDisease/T3N1M0_Chkbx"), 10): Object 'Object Repository/Canine/Filter/StageOfDisease/T3N1M0_Chkbx' is present

2021-09-03 00:46:56 - [MESSAGE][PASSED] - Object 'Object Repository/Canine/Filter/StageOfDisease/T3N1M0_Chkbx' is present

2021-09-03 00:46:56 - [TEST_STEP][PASSED] - ctdc.utilities.runtestcaseforKatalon.clickTab("Object Repository/Canine/Filter/StageOfDisease/T3N1M0_Chkbx"): ctdc.utilities.runtestcaseforKatalon.clickTab is PASSED

2021-09-03 00:46:56 - [MESSAGE][PASSED] - ctdc.utilities.runtestcaseforKatalon.clickTab is PASSED

2021-09-03 00:46:56 - [TEST_STEP][PASSED] - waitForElementPresent(findTestObject("Object Repository/Canine/Filter/StageOfDisease/T3N1M1_Chkbx"), 10): Object 'Object Repository/Canine/Filter/StageOfDisease/T3N1M1_Chkbx' is present

2021-09-03 00:46:57 - [MESSAGE][PASSED] - Object 'Object Repository/Canine/Filter/StageOfDisease/T3N1M1_Chkbx' is present

2021-09-03 00:46:57 - [TEST_STEP][PASSED] - ctdc.utilities.runtestcaseforKatalon.clickTab("Object Repository/Canine/Filter/StageOfDisease/T3N1M1_Chkbx"): ctdc.utilities.runtestcaseforKatalon.clickTab is PASSED

2021-09-03 00:46:58 - [MESSAGE][PASSED] - ctdc.utilities.runtestcaseforKatalon.clickTab is PASSED

2021-09-03 00:46:58 - [TEST_STEP][PASSED] - ctdc.utilities.runtestcaseforKatalon.clickTab("Object Repository/Canine/Filter/StageOfDisease/STAGEOFDISEASE_Ddn"): ctdc.utilities.runtestcaseforKatalon.clickTab is PASSED

2021-09-03 00:46:58 - [MESSAGE][PASSED] - ctdc.utilities.runtestcaseforKatalon.clickTab is PASSED

2021-09-03 00:46:58 - [TEST_STEP][PASSED] - ctdc.utilities.runtestcaseforKatalon.readStatBarCanine("Object Repository/Canine/StatBar/Canine_StatBar-Studies", "Object Repository/Canine/StatBar/Canine_StatBar-Cases", "Object Repository/Canine/StatBar/Canine_StatBar-Samples", "Object Repository/Canine/StatBar/Canine_StatBar-Files", "Object Repository/Canine/StatBar/Canine_StatBar-Aliquots"): ctdc.utilities.runtestcaseforKatalon.readStatBarCanine is PASSED

2021-09-03 00:47:13 - [MESSAGE][PASSED] - ctdc.utilities.runtestcaseforKatalon.readStatBarCanine is PASSED

2021-09-03 00:47:13 - [TEST_STEP][PASSED] - waitForElementPresent(findTestObject("Object Repository/Canine/CanineResults_Cases_Tab"), 5): Object 'Object Repository/Canine/CanineResults_Cases_Tab' is present

2021-09-03 00:47:13 - [MESSAGE][PASSED] - Object 'Object Repository/Canine/CanineResults_Cases_Tab' is present

2021-09-03 00:47:13 - [TEST_STEP][PASSED] - ctdc.utilities.runtestcaseforKatalon.clickTab("Object Repository/Canine/CanineResults_Cases_Tab"): ctdc.utilities.runtestcaseforKatalon.clickTab is PASSED

2021-09-03 00:47:13 - [MESSAGE][PASSED] - ctdc.utilities.runtestcaseforKatalon.clickTab is PASSED

2021-09-03 00:47:13 - [TEST_STEP][FAILED] - ctdc.utilities.runtestcaseforKatalon.multiFunction("ICDC", G_StatBar_Cases, "Object Repository/Canine/Canine_CasesTable", "Object Repository/Canine/Canine_TableHeader", "Object Repository/Canine/Canine_CasesTabNextBtn", G_WebTabnameCases, G_CypherTabnameCases, G_QueryCasesTab): com.kms.katalon.core.exception.StepFailedException: Mismatch in Stat Bar Files count

2021-09-03 00:47:28 - [MESSAGE][FAILED] - Mismatch in Stat Bar Files count

2021-09-03 00:47:28 - [MESSAGE][FAILED] - Mismatch in Stat Bar Samples count

2021-09-03 00:47:28 - [MESSAGE][FAILED] - Mismatch in Stat Bar Cases count

2021-09-03 00:47:28 - [MESSAGE][PASSED] - Statbar Arms count matches

2021-09-03 00:47:28 - [MESSAGE][FAILED] - com.kms.katalon.core.exception.StepFailedException: Mismatch in Stat Bar Files count

2021-09-03 00:47:28 - [TEST_STEP][PASSED] - closeBrowser(): Browser is closed

2021-09-03 00:47:29 - [MESSAGE][PASSED] - Browser is closed]]></system-out>
         <system-err><![CDATA[2021-09-03 00:46:39 - [TEST_CASE][FAILED] - Test Cases/Canine_TestCases/StudyCombinations/Study-Combinations-UBC02/TC30_Canine_StudyUBC-AllBreeds_StageOfDisease: Test Cases/Canine_TestCases/StudyCombinations/Study-Combinations-UBC02/TC30_Canine_StudyUBC-AllBreeds_StageOfDisease FAILED.
Reason:
com.kms.katalon.core.exception.StepFailedException: Mismatch in Stat Bar Files count
	at com.kms.katalon.core.util.KeywordUtil.markFailed(KeywordUtil.java:19)
	at com.kms.katalon.core.util.KeywordUtil$markFailed$1.call(Unknown Source)
	at ctdc.utilities.runtestcaseforKatalon.validateStatBar(runtestcaseforKatalon.groovy:971)
	at ctdc.utilities.runtestcaseforKatalon.multiFunction(runtestcaseforKatalon.groovy:256)
	at ctdc.utilities.runtestcaseforKatalon.invokeMethod(runtestcaseforKatalon.groovy)
	at com.kms.katalon.core.main.CustomKeywordDelegatingMetaClass.invokeStaticMethod(CustomKeywordDelegatingMetaClass.java:50)
	at TC30_Canine_StudyUBC-AllBreeds_StageOfDisease.run(TC30_Canine_StudyUBC-AllBreeds_StageOfDisease:78)
	at com.kms.katalon.core.main.ScriptEngine.run(ScriptEngine.java:194)
	at com.kms.katalon.core.main.ScriptEngine.runScriptAsRawText(ScriptEngine.java:119)
	at com.kms.katalon.core.main.TestCaseExecutor.runScript(TestCaseExecutor.java:369)
	at com.kms.katalon.core.main.TestCaseExecutor.doExecute(TestCaseExecutor.java:360)
	at com.kms.katalon.core.main.TestCaseExecutor.processExecutionPhase(TestCaseExecutor.java:339)
	at com.kms.katalon.core.main.TestCaseExecutor.accessMainPhase(TestCaseExecutor.java:331)
	at com.kms.katalon.core.main.TestCaseExecutor.execute(TestCaseExecutor.java:248)
	at com.kms.katalon.core.main.TestSuiteExecutor.accessTestCaseMainPhase(TestSuiteExecutor.java:191)
	at com.kms.katalon.core.main.TestSuiteExecutor.accessTestSuiteMainPhase(TestSuiteExecutor.java:140)
	at com.kms.katalon.core.main.TestSuiteExecutor.execute(TestSuiteExecutor.java:89)
	at com.kms.katalon.core.main.TestCaseMain.startTestSuite(TestCaseMain.java:185)
	at com.kms.katalon.core.main.TestCaseMain$startTestSuite$0.call(Unknown Source)
	at TempTestSuite1630631579924.run(TempTestSuite1630631579924.groovy:39)]]></system-err>
      </testcase>
      <testcase name="Test Cases/Canine_TestCases/StudyCombinations/Study-Combinations-UBC02/TC29_Canine_StudyUBC-AllBreeds_StageOfDisease" time="100.233" classname="Test Cases/Canine_TestCases/StudyCombinations/Study-Combinations-UBC02/TC29_Canine_StudyUBC-AllBreeds_StageOfDisease" status="FAILED">
         <failure type="FAILED" message="Test Cases/Canine_TestCases/StudyCombinations/Study-Combinations-UBC02/TC29_Canine_StudyUBC-AllBreeds_StageOfDisease FAILED.
Reason:
com.kms.katalon.core.exception.StepFailedException: Mismatch in Stat Bar Files count
	at com.kms.katalon.core.util.KeywordUtil.markFailed(KeywordUtil.java:19)
	at com.kms.katalon.core.util.KeywordUtil$markFailed$1.call(Unknown Source)
	at ctdc.utilities.runtestcaseforKatalon.validateStatBar(runtestcaseforKatalon.groovy:971)
	at ctdc.utilities.runtestcaseforKatalon.multiFunction(runtestcaseforKatalon.groovy:256)
	at ctdc.utilities.runtestcaseforKatalon.invokeMethod(runtestcaseforKatalon.groovy)
	at com.kms.katalon.core.main.CustomKeywordDelegatingMetaClass.invokeStaticMethod(CustomKeywordDelegatingMetaClass.java:50)
	at TC29_Canine_StudyUBC-AllBreeds_StageOfDisease.run(TC29_Canine_StudyUBC-AllBreeds_StageOfDisease:81)
	at com.kms.katalon.core.main.ScriptEngine.run(ScriptEngine.java:194)
	at com.kms.katalon.core.main.ScriptEngine.runScriptAsRawText(ScriptEngine.java:119)
	at com.kms.katalon.core.main.TestCaseExecutor.runScript(TestCaseExecutor.java:369)
	at com.kms.katalon.core.main.TestCaseExecutor.doExecute(TestCaseExecutor.java:360)
	at com.kms.katalon.core.main.TestCaseExecutor.processExecutionPhase(TestCaseExecutor.java:339)
	at com.kms.katalon.core.main.TestCaseExecutor.accessMainPhase(TestCaseExecutor.java:331)
	at com.kms.katalon.core.main.TestCaseExecutor.execute(TestCaseExecutor.java:248)
	at com.kms.katalon.core.main.TestSuiteExecutor.accessTestCaseMainPhase(TestSuiteExecutor.java:191)
	at com.kms.katalon.core.main.TestSuiteExecutor.accessTestSuiteMainPhase(TestSuiteExecutor.java:140)
	at com.kms.katalon.core.main.TestSuiteExecutor.execute(TestSuiteExecutor.java:89)
	at com.kms.katalon.core.main.TestCaseMain.startTestSuite(TestCaseMain.java:185)
	at com.kms.katalon.core.main.TestCaseMain$startTestSuite$0.call(Unknown Source)
	at TempTestSuite1630631579924.run(TempTestSuite1630631579924.groovy:39)
"/>
         <system-out><![CDATA[2021-09-03 00:47:29 - [TEST_CASE][FAILED] - Test Cases/Canine_TestCases/StudyCombinations/Study-Combinations-UBC02/TC29_Canine_StudyUBC-AllBreeds_StageOfDisease: Test Cases/Canine_TestCases/StudyCombinations/Study-Combinations-UBC02/TC29_Canine_StudyUBC-AllBreeds_StageOfDisease FAILED.
Reason:
com.kms.katalon.core.exception.StepFailedException: Mismatch in Stat Bar Files count
	at com.kms.katalon.core.util.KeywordUtil.markFailed(KeywordUtil.java:19)
	at com.kms.katalon.core.util.KeywordUtil$markFailed$1.call(Unknown Source)
	at ctdc.utilities.runtestcaseforKatalon.validateStatBar(runtestcaseforKatalon.groovy:971)
	at ctdc.utilities.runtestcaseforKatalon.multiFunction(runtestcaseforKatalon.groovy:256)
	at ctdc.utilities.runtestcaseforKatalon.invokeMethod(runtestcaseforKatalon.groovy)
	at com.kms.katalon.core.main.CustomKeywordDelegatingMetaClass.invokeStaticMethod(CustomKeywordDelegatingMetaClass.java:50)
	at TC29_Canine_StudyUBC-AllBreeds_StageOfDisease.run(TC29_Canine_StudyUBC-AllBreeds_StageOfDisease:81)
	at com.kms.katalon.core.main.ScriptEngine.run(ScriptEngine.java:194)
	at com.kms.katalon.core.main.ScriptEngine.runScriptAsRawText(ScriptEngine.java:119)
	at com.kms.katalon.core.main.TestCaseExecutor.runScript(TestCaseExecutor.java:369)
	at com.kms.katalon.core.main.TestCaseExecutor.doExecute(TestCaseExecutor.java:360)
	at com.kms.katalon.core.main.TestCaseExecutor.processExecutionPhase(TestCaseExecutor.java:339)
	at com.kms.katalon.core.main.TestCaseExecutor.accessMainPhase(TestCaseExecutor.java:331)
	at com.kms.katalon.core.main.TestCaseExecutor.execute(TestCaseExecutor.java:248)
	at com.kms.katalon.core.main.TestSuiteExecutor.accessTestCaseMainPhase(TestSuiteExecutor.java:191)
	at com.kms.katalon.core.main.TestSuiteExecutor.accessTestSuiteMainPhase(TestSuiteExecutor.java:140)
	at com.kms.katalon.core.main.TestSuiteExecutor.execute(TestSuiteExecutor.java:89)
	at com.kms.katalon.core.main.TestCaseMain.startTestSuite(TestCaseMain.java:185)
	at com.kms.katalon.core.main.TestCaseMain$startTestSuite$0.call(Unknown Source)
	at TempTestSuite1630631579924.run(TempTestSuite1630631579924.groovy:39)


2021-09-03 00:47:29 - [TEST_STEP][PASSED] - Start listener action : getTestScriptName: null

2021-09-03 00:47:29 - [TEST_STEP][PASSED] - TestCaseId = testCaseContext.getTestCaseId(): null

2021-09-03 00:47:29 - [TEST_STEP][PASSED] - out.println("**********this is the value of test case id string******** " + testCaseContext.getTestCaseId()): null

2021-09-03 00:47:29 - [TEST_STEP][PASSED] - G_currentTCName = TestCaseId.substring(TestCaseId.lastIndexOf("TC")): null

2021-09-03 00:47:29 - [TEST_STEP][PASSED] - out.println("This is the test case name : " + G_currentTCName): null

2021-09-03 00:47:29 - [TEST_STEP][PASSED] - closeBrowser(): Browser is closed

2021-09-03 00:47:29 - [MESSAGE][PASSED] - Browser is closed

2021-09-03 00:47:29 - [TEST_STEP][PASSED] - openBrowser(""): Browser is opened with url: ''

2021-09-03 00:47:29 - [MESSAGE][INFO] - Starting 'Chrome (headless)' driver

2021-09-03 00:47:29 - [MESSAGE][INFO] - User set preference: ['args', '[--no-sandbox]']

2021-09-03 00:47:29 - [MESSAGE][INFO] - Action delay is set to 0 milliseconds

2021-09-03 00:47:30 - [MESSAGE][PASSED] - Browser is opened with url: ''

2021-09-03 00:47:30 - [TEST_STEP][PASSED] - maximizeWindow(): Current window maximized

2021-09-03 00:47:30 - [MESSAGE][PASSED] - Current window maximized

2021-09-03 00:47:30 - [TEST_STEP][PASSED] - "Driver opened by Katalon is used in Selenium from this step.": null

2021-09-03 00:47:30 - [TEST_STEP][PASSED] - ctdc.utilities.runtestcaseforKatalon.RunKatalon("TC29_Canine_StudyUBC02-AllBreeds_StageOfDisease.xlsx"): Data loaded from input file for the test case. 

2021-09-03 00:47:30 - [MESSAGE][PASSED] - Test case file loaded This is the full filepath after converting to string :C:\Users\sohilz2\Commons_Automation\InputFiles\TC29_Canine_StudyUBC02-AllBreeds_StageOfDisease.xlsx

2021-09-03 00:47:30 - [MESSAGE][INFO] - Global variable set for password file is :  C:\Users\sohilz2\Commons_Automation\InputFiles\TC29_Canine_StudyUBC02-AllBreeds_StageOfDisease.xlsx

2021-09-03 00:47:34 - [MESSAGE][PASSED] - Data loaded from input file for the test case. 

2021-09-03 00:47:40 - [TEST_STEP][PASSED] - findTestObject("Object Repository/Canine/Filter/StageOfDisease/STAGEOFDISEASE_Ddn"): null

2021-09-03 00:47:40 - [TEST_STEP][PASSED] - waitForElementPresent(findTestObject("Canine/NavBar/Canine_Cases_Btn"), 10): Object 'Object Repository/Canine/NavBar/Canine_Cases_Btn' is present

2021-09-03 00:47:40 - [MESSAGE][PASSED] - Object 'Object Repository/Canine/NavBar/Canine_Cases_Btn' is present

2021-09-03 00:47:40 - [TEST_STEP][PASSED] - ctdc.utilities.runtestcaseforKatalon.clickTab("Canine/NavBar/Canine_Cases_Btn"): ctdc.utilities.runtestcaseforKatalon.clickTab is PASSED

2021-09-03 00:47:40 - [MESSAGE][PASSED] - ctdc.utilities.runtestcaseforKatalon.clickTab is PASSED

2021-09-03 00:47:40 - [TEST_STEP][PASSED] - waitForElementPresent(findTestObject("Object Repository/Canine/Filter/FilterByCases_Facet"), 10): Object 'Object Repository/Canine/Filter/FilterByCases_Facet' is present

2021-09-03 00:47:41 - [MESSAGE][PASSED] - Object 'Object Repository/Canine/Filter/FilterByCases_Facet' is present

2021-09-03 00:47:41 - [TEST_STEP][PASSED] - ctdc.utilities.runtestcaseforKatalon.clickTab("Object Repository/Canine/Filter/FilterByCases_Facet"): ctdc.utilities.runtestcaseforKatalon.clickTab is PASSED

2021-09-03 00:47:42 - [MESSAGE][PASSED] - ctdc.utilities.runtestcaseforKatalon.clickTab is PASSED

2021-09-03 00:47:42 - [TEST_STEP][PASSED] - waitForElementPresent(findTestObject("Object Repository/Canine/Filter/Study/Canine_Filter_Study"), 10): Object 'Object Repository/Canine/Filter/Study/Canine_Filter_Study' is present

2021-09-03 00:47:42 - [MESSAGE][PASSED] - Object 'Object Repository/Canine/Filter/Study/Canine_Filter_Study' is present

2021-09-03 00:47:42 - [TEST_STEP][PASSED] - ctdc.utilities.runtestcaseforKatalon.clickTab("Object Repository/Canine/Filter/Study/Canine_Filter_Study"): ctdc.utilities.runtestcaseforKatalon.clickTab is PASSED

2021-09-03 00:47:43 - [MESSAGE][PASSED] - ctdc.utilities.runtestcaseforKatalon.clickTab is PASSED

2021-09-03 00:47:43 - [TEST_STEP][PASSED] - waitForElementPresent(findTestObject("Object Repository/Canine/Filter/Study/Canine_Filter_Study-UBC02_Chkbx"), 10): Object 'Object Repository/Canine/Filter/Study/Canine_Filter_Study-UBC02_Chkbx' is present

2021-09-03 00:47:43 - [MESSAGE][PASSED] - Object 'Object Repository/Canine/Filter/Study/Canine_Filter_Study-UBC02_Chkbx' is present

2021-09-03 00:47:43 - [TEST_STEP][PASSED] - ctdc.utilities.runtestcaseforKatalon.clickTab("Object Repository/Canine/Filter/Study/Canine_Filter_Study-UBC02_Chkbx"): ctdc.utilities.runtestcaseforKatalon.clickTab is PASSED

2021-09-03 00:47:43 - [MESSAGE][PASSED] - ctdc.utilities.runtestcaseforKatalon.clickTab is PASSED

2021-09-03 00:47:43 - [TEST_STEP][PASSED] - Thread.sleep(2000): null

2021-09-03 00:47:45 - [TEST_STEP][PASSED] - waitForElementPresent(findTestObject("Object Repository/Canine/Filter/StageOfDisease/STAGEOFDISEASE_Ddn"), 10): Object 'Object Repository/Canine/Filter/StageOfDisease/STAGEOFDISEASE_Ddn' is present

2021-09-03 00:47:45 - [MESSAGE][PASSED] - Object 'Object Repository/Canine/Filter/StageOfDisease/STAGEOFDISEASE_Ddn' is present

2021-09-03 00:47:45 - [TEST_STEP][PASSED] - ctdc.utilities.runtestcaseforKatalon.clickTab("Object Repository/Canine/Filter/StageOfDisease/STAGEOFDISEASE_Ddn"): ctdc.utilities.runtestcaseforKatalon.clickTab is PASSED

2021-09-03 00:47:45 - [MESSAGE][PASSED] - ctdc.utilities.runtestcaseforKatalon.clickTab is PASSED

2021-09-03 00:47:45 - [TEST_STEP][PASSED] - waitForElementPresent(findTestObject("Object Repository/Canine/Filter/StageOfDisease/T2N0M0_Chkbx"), 10): Object 'Object Repository/Canine/Filter/StageOfDisease/T2N0M0_Chkbx' is present

2021-09-03 00:47:45 - [MESSAGE][PASSED] - Object 'Object Repository/Canine/Filter/StageOfDisease/T2N0M0_Chkbx' is present

2021-09-03 00:47:45 - [TEST_STEP][PASSED] - ctdc.utilities.runtestcaseforKatalon.clickTab("Object Repository/Canine/Filter/StageOfDisease/T2N0M0_Chkbx"): ctdc.utilities.runtestcaseforKatalon.clickTab is PASSED

2021-09-03 00:47:46 - [MESSAGE][PASSED] - ctdc.utilities.runtestcaseforKatalon.clickTab is PASSED

2021-09-03 00:47:46 - [TEST_STEP][PASSED] - waitForElementPresent(findTestObject("Object Repository/Canine/Filter/StageOfDisease/T2N0M1_Chkbx"), 10): Object 'Object Repository/Canine/Filter/StageOfDisease/T2N0M1_Chkbx' is present

2021-09-03 00:47:46 - [MESSAGE][PASSED] - Object 'Object Repository/Canine/Filter/StageOfDisease/T2N0M1_Chkbx' is present

2021-09-03 00:47:46 - [TEST_STEP][PASSED] - ctdc.utilities.runtestcaseforKatalon.clickTab("Object Repository/Canine/Filter/StageOfDisease/T2N0M1_Chkbx"): ctdc.utilities.runtestcaseforKatalon.clickTab is PASSED

2021-09-03 00:47:46 - [MESSAGE][PASSED] - ctdc.utilities.runtestcaseforKatalon.clickTab is PASSED

2021-09-03 00:47:46 - [TEST_STEP][PASSED] - waitForElementPresent(findTestObject("Object Repository/Canine/Filter/StageOfDisease/T2N1M0_Chkbx"), 10): Object 'Object Repository/Canine/Filter/StageOfDisease/T2N1M0_Chkbx' is present

2021-09-03 00:47:46 - [MESSAGE][PASSED] - Object 'Object Repository/Canine/Filter/StageOfDisease/T2N1M0_Chkbx' is present

2021-09-03 00:47:46 - [TEST_STEP][PASSED] - ctdc.utilities.runtestcaseforKatalon.clickTab("Object Repository/Canine/Filter/StageOfDisease/T2N1M0_Chkbx"): ctdc.utilities.runtestcaseforKatalon.clickTab is PASSED

2021-09-03 00:47:47 - [MESSAGE][PASSED] - ctdc.utilities.runtestcaseforKatalon.clickTab is PASSED

2021-09-03 00:47:47 - [TEST_STEP][PASSED] - waitForElementPresent(findTestObject("Object Repository/Canine/Filter/StageOfDisease/T2N1M1_Chkbx"), 10): Object 'Object Repository/Canine/Filter/StageOfDisease/T2N1M1_Chkbx' is present

2021-09-03 00:47:47 - [MESSAGE][PASSED] - Object 'Object Repository/Canine/Filter/StageOfDisease/T2N1M1_Chkbx' is present

2021-09-03 00:47:47 - [TEST_STEP][PASSED] - ctdc.utilities.runtestcaseforKatalon.clickTab("Object Repository/Canine/Filter/StageOfDisease/T2N1M1_Chkbx"): ctdc.utilities.runtestcaseforKatalon.clickTab is PASSED

2021-09-03 00:47:48 - [MESSAGE][PASSED] - ctdc.utilities.runtestcaseforKatalon.clickTab is PASSED

2021-09-03 00:47:48 - [TEST_STEP][PASSED] - ctdc.utilities.runtestcaseforKatalon.clickTab("Object Repository/Canine/Filter/StageOfDisease/STAGEOFDISEASE_Ddn"): ctdc.utilities.runtestcaseforKatalon.clickTab is PASSED

2021-09-03 00:47:48 - [MESSAGE][PASSED] - ctdc.utilities.runtestcaseforKatalon.clickTab is PASSED

2021-09-03 00:47:48 - [TEST_STEP][PASSED] - ctdc.utilities.runtestcaseforKatalon.readStatBarCanine("Object Repository/Canine/StatBar/Canine_StatBar-Studies", "Object Repository/Canine/StatBar/Canine_StatBar-Cases", "Object Repository/Canine/StatBar/Canine_StatBar-Samples", "Object Repository/Canine/StatBar/Canine_StatBar-Files", "Object Repository/Canine/StatBar/Canine_StatBar-Aliquots"): ctdc.utilities.runtestcaseforKatalon.readStatBarCanine is PASSED

2021-09-03 00:48:03 - [MESSAGE][PASSED] - ctdc.utilities.runtestcaseforKatalon.readStatBarCanine is PASSED

2021-09-03 00:48:03 - [TEST_STEP][PASSED] - waitForElementPresent(findTestObject("Object Repository/Canine/CanineResults_Cases_Tab"), 5): Object 'Object Repository/Canine/CanineResults_Cases_Tab' is present

2021-09-03 00:48:03 - [MESSAGE][PASSED] - Object 'Object Repository/Canine/CanineResults_Cases_Tab' is present

2021-09-03 00:48:03 - [TEST_STEP][PASSED] - ctdc.utilities.runtestcaseforKatalon.clickTab("Object Repository/Canine/CanineResults_Cases_Tab"): ctdc.utilities.runtestcaseforKatalon.clickTab is PASSED

2021-09-03 00:48:03 - [MESSAGE][PASSED] - ctdc.utilities.runtestcaseforKatalon.clickTab is PASSED

2021-09-03 00:48:03 - [TEST_STEP][FAILED] - ctdc.utilities.runtestcaseforKatalon.multiFunction("ICDC", G_StatBar_Cases, "Object Repository/Canine/Canine_CasesTable", "Object Repository/Canine/Canine_TableHeader", "Object Repository/Canine/Canine_CasesTabNextBtn", G_WebTabnameCases, G_CypherTabnameCases, G_QueryCasesTab): com.kms.katalon.core.exception.StepFailedException: Mismatch in Stat Bar Files count

2021-09-03 00:49:08 - [MESSAGE][FAILED] - Mismatch in Stat Bar Files count

2021-09-03 00:49:08 - [MESSAGE][FAILED] - Mismatch in Stat Bar Samples count

2021-09-03 00:49:08 - [MESSAGE][FAILED] - Mismatch in Stat Bar Cases count

2021-09-03 00:49:08 - [MESSAGE][PASSED] - Statbar Arms count matches

2021-09-03 00:49:08 - [MESSAGE][FAILED] - com.kms.katalon.core.exception.StepFailedException: Mismatch in Stat Bar Files count

2021-09-03 00:49:08 - [TEST_STEP][PASSED] - closeBrowser(): Browser is closed

2021-09-03 00:49:09 - [MESSAGE][PASSED] - Browser is closed]]></system-out>
         <system-err><![CDATA[2021-09-03 00:47:29 - [TEST_CASE][FAILED] - Test Cases/Canine_TestCases/StudyCombinations/Study-Combinations-UBC02/TC29_Canine_StudyUBC-AllBreeds_StageOfDisease: Test Cases/Canine_TestCases/StudyCombinations/Study-Combinations-UBC02/TC29_Canine_StudyUBC-AllBreeds_StageOfDisease FAILED.
Reason:
com.kms.katalon.core.exception.StepFailedException: Mismatch in Stat Bar Files count
	at com.kms.katalon.core.util.KeywordUtil.markFailed(KeywordUtil.java:19)
	at com.kms.katalon.core.util.KeywordUtil$markFailed$1.call(Unknown Source)
	at ctdc.utilities.runtestcaseforKatalon.validateStatBar(runtestcaseforKatalon.groovy:971)
	at ctdc.utilities.runtestcaseforKatalon.multiFunction(runtestcaseforKatalon.groovy:256)
	at ctdc.utilities.runtestcaseforKatalon.invokeMethod(runtestcaseforKatalon.groovy)
	at com.kms.katalon.core.main.CustomKeywordDelegatingMetaClass.invokeStaticMethod(CustomKeywordDelegatingMetaClass.java:50)
	at TC29_Canine_StudyUBC-AllBreeds_StageOfDisease.run(TC29_Canine_StudyUBC-AllBreeds_StageOfDisease:81)
	at com.kms.katalon.core.main.ScriptEngine.run(ScriptEngine.java:194)
	at com.kms.katalon.core.main.ScriptEngine.runScriptAsRawText(ScriptEngine.java:119)
	at com.kms.katalon.core.main.TestCaseExecutor.runScript(TestCaseExecutor.java:369)
	at com.kms.katalon.core.main.TestCaseExecutor.doExecute(TestCaseExecutor.java:360)
	at com.kms.katalon.core.main.TestCaseExecutor.processExecutionPhase(TestCaseExecutor.java:339)
	at com.kms.katalon.core.main.TestCaseExecutor.accessMainPhase(TestCaseExecutor.java:331)
	at com.kms.katalon.core.main.TestCaseExecutor.execute(TestCaseExecutor.java:248)
	at com.kms.katalon.core.main.TestSuiteExecutor.accessTestCaseMainPhase(TestSuiteExecutor.java:191)
	at com.kms.katalon.core.main.TestSuiteExecutor.accessTestSuiteMainPhase(TestSuiteExecutor.java:140)
	at com.kms.katalon.core.main.TestSuiteExecutor.execute(TestSuiteExecutor.java:89)
	at com.kms.katalon.core.main.TestCaseMain.startTestSuite(TestCaseMain.java:185)
	at com.kms.katalon.core.main.TestCaseMain$startTestSuite$0.call(Unknown Source)
	at TempTestSuite1630631579924.run(TempTestSuite1630631579924.groovy:39)]]></system-err>
      </testcase>
      <testcase name="Test Cases/Canine_TestCases/StudyCombinations/Study-Combinations-UBC02/TC28_Canine_StudyUBC-AllBreeds_StageOfDisease" time="86.074" classname="Test Cases/Canine_TestCases/StudyCombinations/Study-Combinations-UBC02/TC28_Canine_StudyUBC-AllBreeds_StageOfDisease" status="PASSED">
         <system-out><![CDATA[2021-09-03 00:49:09 - [TEST_CASE][PASSED] - Test Cases/Canine_TestCases/StudyCombinations/Study-Combinations-UBC02/TC28_Canine_StudyUBC-AllBreeds_StageOfDisease: Test Cases/Canine_TestCases/StudyCombinations/Study-Combinations-UBC02/TC28_Canine_StudyUBC-AllBreeds_StageOfDisease

2021-09-03 00:49:09 - [TEST_STEP][PASSED] - Start listener action : getTestScriptName: null

2021-09-03 00:49:09 - [TEST_STEP][PASSED] - TestCaseId = testCaseContext.getTestCaseId(): null

2021-09-03 00:49:09 - [TEST_STEP][PASSED] - out.println("**********this is the value of test case id string******** " + testCaseContext.getTestCaseId()): null

2021-09-03 00:49:09 - [TEST_STEP][PASSED] - G_currentTCName = TestCaseId.substring(TestCaseId.lastIndexOf("TC")): null

2021-09-03 00:49:09 - [TEST_STEP][PASSED] - out.println("This is the test case name : " + G_currentTCName): null

2021-09-03 00:49:09 - [TEST_STEP][PASSED] - closeBrowser(): Browser is closed

2021-09-03 00:49:09 - [MESSAGE][PASSED] - Browser is closed

2021-09-03 00:49:09 - [TEST_STEP][PASSED] - openBrowser(""): Browser is opened with url: ''

2021-09-03 00:49:09 - [MESSAGE][INFO] - Starting 'Chrome (headless)' driver

2021-09-03 00:49:09 - [MESSAGE][INFO] - User set preference: ['args', '[--no-sandbox]']

2021-09-03 00:49:09 - [MESSAGE][INFO] - Action delay is set to 0 milliseconds

2021-09-03 00:49:10 - [MESSAGE][PASSED] - Browser is opened with url: ''

2021-09-03 00:49:10 - [TEST_STEP][PASSED] - maximizeWindow(): Current window maximized

2021-09-03 00:49:11 - [MESSAGE][PASSED] - Current window maximized

2021-09-03 00:49:11 - [TEST_STEP][PASSED] - "Driver opened by Katalon is used in Selenium from this step.": null

2021-09-03 00:49:11 - [TEST_STEP][PASSED] - ctdc.utilities.runtestcaseforKatalon.RunKatalon("TC28_Canine_StudyUBC02-AllBreeds_StageOfDisease.xlsx"): Data loaded from input file for the test case. 

2021-09-03 00:49:11 - [MESSAGE][PASSED] - Test case file loaded This is the full filepath after converting to string :C:\Users\sohilz2\Commons_Automation\InputFiles\TC28_Canine_StudyUBC02-AllBreeds_StageOfDisease.xlsx

2021-09-03 00:49:11 - [MESSAGE][INFO] - Global variable set for password file is :  C:\Users\sohilz2\Commons_Automation\InputFiles\TC28_Canine_StudyUBC02-AllBreeds_StageOfDisease.xlsx

2021-09-03 00:49:15 - [MESSAGE][PASSED] - Data loaded from input file for the test case. 

2021-09-03 00:49:21 - [TEST_STEP][PASSED] - findTestObject("Object Repository/Canine/Filter/StageOfDisease/STAGEOFDISEASE_Ddn"): null

2021-09-03 00:49:21 - [TEST_STEP][PASSED] - waitForElementPresent(findTestObject("Canine/NavBar/Canine_Cases_Btn"), 10): Object 'Object Repository/Canine/NavBar/Canine_Cases_Btn' is present

2021-09-03 00:49:21 - [MESSAGE][PASSED] - Object 'Object Repository/Canine/NavBar/Canine_Cases_Btn' is present

2021-09-03 00:49:21 - [TEST_STEP][PASSED] - ctdc.utilities.runtestcaseforKatalon.clickTab("Canine/NavBar/Canine_Cases_Btn"): ctdc.utilities.runtestcaseforKatalon.clickTab is PASSED

2021-09-03 00:49:21 - [MESSAGE][PASSED] - ctdc.utilities.runtestcaseforKatalon.clickTab is PASSED

2021-09-03 00:49:21 - [TEST_STEP][PASSED] - waitForElementPresent(findTestObject("Object Repository/Canine/Filter/FilterByCases_Facet"), 10): Object 'Object Repository/Canine/Filter/FilterByCases_Facet' is present

2021-09-03 00:49:22 - [MESSAGE][PASSED] - Object 'Object Repository/Canine/Filter/FilterByCases_Facet' is present

2021-09-03 00:49:22 - [TEST_STEP][PASSED] - ctdc.utilities.runtestcaseforKatalon.clickTab("Object Repository/Canine/Filter/FilterByCases_Facet"): ctdc.utilities.runtestcaseforKatalon.clickTab is PASSED

2021-09-03 00:49:23 - [MESSAGE][PASSED] - ctdc.utilities.runtestcaseforKatalon.clickTab is PASSED

2021-09-03 00:49:23 - [TEST_STEP][PASSED] - waitForElementPresent(findTestObject("Object Repository/Canine/Filter/Study/Canine_Filter_Study"), 10): Object 'Object Repository/Canine/Filter/Study/Canine_Filter_Study' is present

2021-09-03 00:49:23 - [MESSAGE][PASSED] - Object 'Object Repository/Canine/Filter/Study/Canine_Filter_Study' is present

2021-09-03 00:49:23 - [TEST_STEP][PASSED] - ctdc.utilities.runtestcaseforKatalon.clickTab("Object Repository/Canine/Filter/Study/Canine_Filter_Study"): ctdc.utilities.runtestcaseforKatalon.clickTab is PASSED

2021-09-03 00:49:23 - [MESSAGE][PASSED] - ctdc.utilities.runtestcaseforKatalon.clickTab is PASSED

2021-09-03 00:49:23 - [TEST_STEP][PASSED] - waitForElementPresent(findTestObject("Object Repository/Canine/Filter/Study/Canine_Filter_Study-UBC02_Chkbx"), 10): Object 'Object Repository/Canine/Filter/Study/Canine_Filter_Study-UBC02_Chkbx' is present

2021-09-03 00:49:24 - [MESSAGE][PASSED] - Object 'Object Repository/Canine/Filter/Study/Canine_Filter_Study-UBC02_Chkbx' is present

2021-09-03 00:49:24 - [TEST_STEP][PASSED] - ctdc.utilities.runtestcaseforKatalon.clickTab("Object Repository/Canine/Filter/Study/Canine_Filter_Study-UBC02_Chkbx"): ctdc.utilities.runtestcaseforKatalon.clickTab is PASSED

2021-09-03 00:49:24 - [MESSAGE][PASSED] - ctdc.utilities.runtestcaseforKatalon.clickTab is PASSED

2021-09-03 00:49:24 - [TEST_STEP][PASSED] - Thread.sleep(2000): null

2021-09-03 00:49:26 - [TEST_STEP][PASSED] - waitForElementPresent(findTestObject("Object Repository/Canine/Filter/StageOfDisease/STAGEOFDISEASE_Ddn"), 10): Object 'Object Repository/Canine/Filter/StageOfDisease/STAGEOFDISEASE_Ddn' is present

2021-09-03 00:49:26 - [MESSAGE][PASSED] - Object 'Object Repository/Canine/Filter/StageOfDisease/STAGEOFDISEASE_Ddn' is present

2021-09-03 00:49:26 - [TEST_STEP][PASSED] - ctdc.utilities.runtestcaseforKatalon.clickTab("Object Repository/Canine/Filter/StageOfDisease/STAGEOFDISEASE_Ddn"): ctdc.utilities.runtestcaseforKatalon.clickTab is PASSED

2021-09-03 00:49:26 - [MESSAGE][PASSED] - ctdc.utilities.runtestcaseforKatalon.clickTab is PASSED

2021-09-03 00:49:26 - [TEST_STEP][PASSED] - waitForElementPresent(findTestObject("Object Repository/Canine/Filter/StageOfDisease/T2N0M0_Chkbx"), 10): Object 'Object Repository/Canine/Filter/StageOfDisease/T2N0M0_Chkbx' is present

2021-09-03 00:49:26 - [MESSAGE][PASSED] - Object 'Object Repository/Canine/Filter/StageOfDisease/T2N0M0_Chkbx' is present

2021-09-03 00:49:26 - [TEST_STEP][PASSED] - ctdc.utilities.runtestcaseforKatalon.clickTab("Object Repository/Canine/Filter/StageOfDisease/T2N0M0_Chkbx"): ctdc.utilities.runtestcaseforKatalon.clickTab is PASSED

2021-09-03 00:49:26 - [MESSAGE][PASSED] - ctdc.utilities.runtestcaseforKatalon.clickTab is PASSED

2021-09-03 00:49:26 - [TEST_STEP][PASSED] - ctdc.utilities.runtestcaseforKatalon.clickTab("Object Repository/Canine/Filter/StageOfDisease/STAGEOFDISEASE_Ddn"): ctdc.utilities.runtestcaseforKatalon.clickTab is PASSED

2021-09-03 00:49:27 - [MESSAGE][PASSED] - ctdc.utilities.runtestcaseforKatalon.clickTab is PASSED

2021-09-03 00:49:27 - [TEST_STEP][PASSED] - ctdc.utilities.runtestcaseforKatalon.readStatBarCanine("Object Repository/Canine/StatBar/Canine_StatBar-Studies", "Object Repository/Canine/StatBar/Canine_StatBar-Cases", "Object Repository/Canine/StatBar/Canine_StatBar-Samples", "Object Repository/Canine/StatBar/Canine_StatBar-Files", "Object Repository/Canine/StatBar/Canine_StatBar-Aliquots"): ctdc.utilities.runtestcaseforKatalon.readStatBarCanine is PASSED

2021-09-03 00:49:42 - [MESSAGE][PASSED] - ctdc.utilities.runtestcaseforKatalon.readStatBarCanine is PASSED

2021-09-03 00:49:42 - [TEST_STEP][PASSED] - waitForElementPresent(findTestObject("Object Repository/Canine/CanineResults_Cases_Tab"), 5): Object 'Object Repository/Canine/CanineResults_Cases_Tab' is present

2021-09-03 00:49:42 - [MESSAGE][PASSED] - Object 'Object Repository/Canine/CanineResults_Cases_Tab' is present

2021-09-03 00:49:42 - [TEST_STEP][PASSED] - ctdc.utilities.runtestcaseforKatalon.clickTab("Object Repository/Canine/CanineResults_Cases_Tab"): ctdc.utilities.runtestcaseforKatalon.clickTab is PASSED

2021-09-03 00:49:42 - [MESSAGE][PASSED] - ctdc.utilities.runtestcaseforKatalon.clickTab is PASSED

2021-09-03 00:49:42 - [TEST_STEP][PASSED] - ctdc.utilities.runtestcaseforKatalon.multiFunction("ICDC", G_StatBar_Cases, "Object Repository/Canine/Canine_CasesTable", "Object Repository/Canine/Canine_TableHeader", "Object Repository/Canine/Canine_CasesTabNextBtn", G_WebTabnameCases, G_CypherTabnameCases, G_QueryCasesTab): Statbar Arms count matches

2021-09-03 00:50:34 - [MESSAGE][PASSED] - Statbar Files count matches

2021-09-03 00:50:34 - [MESSAGE][PASSED] - Statbar Samples count matches

2021-09-03 00:50:34 - [MESSAGE][PASSED] - Statbar Cases count matches

2021-09-03 00:50:34 - [MESSAGE][PASSED] - Statbar Arms count matches

2021-09-03 00:50:34 - [TEST_STEP][PASSED] - closeBrowser(): Browser is closed

2021-09-03 00:50:35 - [MESSAGE][PASSED] - Browser is closed]]></system-out>
         <system-err><![CDATA[]]></system-err>
      </testcase>
      <testcase name="Test Cases/Canine_TestCases/StudyCombinations/Study-Combinations-UBC02/TC27_Canine_StudyUBC-AllBreeds_StageOfDisease" time="96.043" classname="Test Cases/Canine_TestCases/StudyCombinations/Study-Combinations-UBC02/TC27_Canine_StudyUBC-AllBreeds_StageOfDisease" status="PASSED">
         <system-out><![CDATA[2021-09-03 00:50:35 - [TEST_CASE][PASSED] - Test Cases/Canine_TestCases/StudyCombinations/Study-Combinations-UBC02/TC27_Canine_StudyUBC-AllBreeds_StageOfDisease: Test Cases/Canine_TestCases/StudyCombinations/Study-Combinations-UBC02/TC27_Canine_StudyUBC-AllBreeds_StageOfDisease

2021-09-03 00:50:35 - [TEST_STEP][PASSED] - Start listener action : getTestScriptName: null

2021-09-03 00:50:35 - [TEST_STEP][PASSED] - TestCaseId = testCaseContext.getTestCaseId(): null

2021-09-03 00:50:35 - [TEST_STEP][PASSED] - out.println("**********this is the value of test case id string******** " + testCaseContext.getTestCaseId()): null

2021-09-03 00:50:35 - [TEST_STEP][PASSED] - G_currentTCName = TestCaseId.substring(TestCaseId.lastIndexOf("TC")): null

2021-09-03 00:50:35 - [TEST_STEP][PASSED] - out.println("This is the test case name : " + G_currentTCName): null

2021-09-03 00:50:35 - [TEST_STEP][PASSED] - closeBrowser(): Browser is closed

2021-09-03 00:50:35 - [MESSAGE][PASSED] - Browser is closed

2021-09-03 00:50:35 - [TEST_STEP][PASSED] - openBrowser(""): Browser is opened with url: ''

2021-09-03 00:50:35 - [MESSAGE][INFO] - Starting 'Chrome (headless)' driver

2021-09-03 00:50:35 - [MESSAGE][INFO] - User set preference: ['args', '[--no-sandbox]']

2021-09-03 00:50:35 - [MESSAGE][INFO] - Action delay is set to 0 milliseconds

2021-09-03 00:50:37 - [MESSAGE][PASSED] - Browser is opened with url: ''

2021-09-03 00:50:37 - [TEST_STEP][PASSED] - maximizeWindow(): Current window maximized

2021-09-03 00:50:37 - [MESSAGE][PASSED] - Current window maximized

2021-09-03 00:50:37 - [TEST_STEP][PASSED] - "Driver opened by Katalon is used in Selenium from this step.": null

2021-09-03 00:50:37 - [TEST_STEP][PASSED] - ctdc.utilities.runtestcaseforKatalon.RunKatalon("TC27_Canine_StudyUBC02-AllBreeds_StageOfDisease.xlsx"): Data loaded from input file for the test case. 

2021-09-03 00:50:37 - [MESSAGE][PASSED] - Test case file loaded This is the full filepath after converting to string :C:\Users\sohilz2\Commons_Automation\InputFiles\TC27_Canine_StudyUBC02-AllBreeds_StageOfDisease.xlsx

2021-09-03 00:50:37 - [MESSAGE][INFO] - Global variable set for password file is :  C:\Users\sohilz2\Commons_Automation\InputFiles\TC27_Canine_StudyUBC02-AllBreeds_StageOfDisease.xlsx

2021-09-03 00:50:41 - [MESSAGE][PASSED] - Data loaded from input file for the test case. 

2021-09-03 00:50:47 - [TEST_STEP][PASSED] - findTestObject("Object Repository/Canine/Filter/StageOfDisease/STAGEOFDISEASE_Ddn"): null

2021-09-03 00:50:47 - [TEST_STEP][PASSED] - waitForElementPresent(findTestObject("Canine/NavBar/Canine_Cases_Btn"), 10): Object 'Object Repository/Canine/NavBar/Canine_Cases_Btn' is present

2021-09-03 00:50:47 - [MESSAGE][PASSED] - Object 'Object Repository/Canine/NavBar/Canine_Cases_Btn' is present

2021-09-03 00:50:47 - [TEST_STEP][PASSED] - ctdc.utilities.runtestcaseforKatalon.clickTab("Canine/NavBar/Canine_Cases_Btn"): ctdc.utilities.runtestcaseforKatalon.clickTab is PASSED

2021-09-03 00:50:47 - [MESSAGE][PASSED] - ctdc.utilities.runtestcaseforKatalon.clickTab is PASSED

2021-09-03 00:50:47 - [TEST_STEP][PASSED] - waitForElementPresent(findTestObject("Object Repository/Canine/Filter/FilterByCases_Facet"), 10): Object 'Object Repository/Canine/Filter/FilterByCases_Facet' is present

2021-09-03 00:50:48 - [MESSAGE][PASSED] - Object 'Object Repository/Canine/Filter/FilterByCases_Facet' is present

2021-09-03 00:50:48 - [TEST_STEP][PASSED] - ctdc.utilities.runtestcaseforKatalon.clickTab("Object Repository/Canine/Filter/FilterByCases_Facet"): ctdc.utilities.runtestcaseforKatalon.clickTab is PASSED

2021-09-03 00:50:48 - [MESSAGE][PASSED] - ctdc.utilities.runtestcaseforKatalon.clickTab is PASSED

2021-09-03 00:50:48 - [TEST_STEP][PASSED] - waitForElementPresent(findTestObject("Object Repository/Canine/Filter/Study/Canine_Filter_Study"), 10): Object 'Object Repository/Canine/Filter/Study/Canine_Filter_Study' is present

2021-09-03 00:50:48 - [MESSAGE][PASSED] - Object 'Object Repository/Canine/Filter/Study/Canine_Filter_Study' is present

2021-09-03 00:50:48 - [TEST_STEP][PASSED] - ctdc.utilities.runtestcaseforKatalon.clickTab("Object Repository/Canine/Filter/Study/Canine_Filter_Study"): ctdc.utilities.runtestcaseforKatalon.clickTab is PASSED

2021-09-03 00:50:49 - [MESSAGE][PASSED] - ctdc.utilities.runtestcaseforKatalon.clickTab is PASSED

2021-09-03 00:50:49 - [TEST_STEP][PASSED] - waitForElementPresent(findTestObject("Object Repository/Canine/Filter/Study/Canine_Filter_Study-UBC02_Chkbx"), 10): Object 'Object Repository/Canine/Filter/Study/Canine_Filter_Study-UBC02_Chkbx' is present

2021-09-03 00:50:49 - [MESSAGE][PASSED] - Object 'Object Repository/Canine/Filter/Study/Canine_Filter_Study-UBC02_Chkbx' is present

2021-09-03 00:50:49 - [TEST_STEP][PASSED] - ctdc.utilities.runtestcaseforKatalon.clickTab("Object Repository/Canine/Filter/Study/Canine_Filter_Study-UBC02_Chkbx"): ctdc.utilities.runtestcaseforKatalon.clickTab is PASSED

2021-09-03 00:50:50 - [MESSAGE][PASSED] - ctdc.utilities.runtestcaseforKatalon.clickTab is PASSED

2021-09-03 00:50:50 - [TEST_STEP][PASSED] - Thread.sleep(2000): null

2021-09-03 00:50:52 - [TEST_STEP][PASSED] - waitForElementPresent(findTestObject("Object Repository/Canine/Filter/StageOfDisease/STAGEOFDISEASE_Ddn"), 10): Object 'Object Repository/Canine/Filter/StageOfDisease/STAGEOFDISEASE_Ddn' is present

2021-09-03 00:50:52 - [MESSAGE][PASSED] - Object 'Object Repository/Canine/Filter/StageOfDisease/STAGEOFDISEASE_Ddn' is present

2021-09-03 00:50:52 - [TEST_STEP][PASSED] - ctdc.utilities.runtestcaseforKatalon.clickTab("Object Repository/Canine/Filter/StageOfDisease/STAGEOFDISEASE_Ddn"): ctdc.utilities.runtestcaseforKatalon.clickTab is PASSED

2021-09-03 00:50:52 - [MESSAGE][PASSED] - ctdc.utilities.runtestcaseforKatalon.clickTab is PASSED

2021-09-03 00:50:52 - [TEST_STEP][PASSED] - waitForElementPresent(findTestObject("Object Repository/Canine/Filter/StageOfDisease/T2N0M0_Chkbx"), 10): Object 'Object Repository/Canine/Filter/StageOfDisease/T2N0M0_Chkbx' is present

2021-09-03 00:50:52 - [MESSAGE][PASSED] - Object 'Object Repository/Canine/Filter/StageOfDisease/T2N0M0_Chkbx' is present

2021-09-03 00:50:52 - [TEST_STEP][PASSED] - ctdc.utilities.runtestcaseforKatalon.clickTab("Object Repository/Canine/Filter/StageOfDisease/T2N0M0_Chkbx"): ctdc.utilities.runtestcaseforKatalon.clickTab is PASSED

2021-09-03 00:50:52 - [MESSAGE][PASSED] - ctdc.utilities.runtestcaseforKatalon.clickTab is PASSED

2021-09-03 00:50:52 - [TEST_STEP][PASSED] - waitForElementPresent(findTestObject("Object Repository/Canine/Filter/StageOfDisease/T2N0M1_Chkbx"), 10): Object 'Object Repository/Canine/Filter/StageOfDisease/T2N0M1_Chkbx' is present

2021-09-03 00:50:52 - [MESSAGE][PASSED] - Object 'Object Repository/Canine/Filter/StageOfDisease/T2N0M1_Chkbx' is present

2021-09-03 00:50:52 - [TEST_STEP][PASSED] - ctdc.utilities.runtestcaseforKatalon.clickTab("Object Repository/Canine/Filter/StageOfDisease/T2N0M1_Chkbx"): ctdc.utilities.runtestcaseforKatalon.clickTab is PASSED

2021-09-03 00:50:53 - [MESSAGE][PASSED] - ctdc.utilities.runtestcaseforKatalon.clickTab is PASSED

2021-09-03 00:50:53 - [TEST_STEP][PASSED] - ctdc.utilities.runtestcaseforKatalon.clickTab("Object Repository/Canine/Filter/StageOfDisease/STAGEOFDISEASE_Ddn"): ctdc.utilities.runtestcaseforKatalon.clickTab is PASSED

2021-09-03 00:50:53 - [MESSAGE][PASSED] - ctdc.utilities.runtestcaseforKatalon.clickTab is PASSED

2021-09-03 00:50:53 - [TEST_STEP][PASSED] - ctdc.utilities.runtestcaseforKatalon.readStatBarCanine("Object Repository/Canine/StatBar/Canine_StatBar-Studies", "Object Repository/Canine/StatBar/Canine_StatBar-Cases", "Object Repository/Canine/StatBar/Canine_StatBar-Samples", "Object Repository/Canine/StatBar/Canine_StatBar-Files", "Object Repository/Canine/StatBar/Canine_StatBar-Aliquots"): ctdc.utilities.runtestcaseforKatalon.readStatBarCanine is PASSED

2021-09-03 00:51:08 - [MESSAGE][PASSED] - ctdc.utilities.runtestcaseforKatalon.readStatBarCanine is PASSED

2021-09-03 00:51:08 - [TEST_STEP][PASSED] - waitForElementPresent(findTestObject("Object Repository/Canine/CanineResults_Cases_Tab"), 5): Object 'Object Repository/Canine/CanineResults_Cases_Tab' is present

2021-09-03 00:51:09 - [MESSAGE][PASSED] - Object 'Object Repository/Canine/CanineResults_Cases_Tab' is present

2021-09-03 00:51:09 - [TEST_STEP][PASSED] - ctdc.utilities.runtestcaseforKatalon.clickTab("Object Repository/Canine/CanineResults_Cases_Tab"): ctdc.utilities.runtestcaseforKatalon.clickTab is PASSED

2021-09-03 00:51:09 - [MESSAGE][PASSED] - ctdc.utilities.runtestcaseforKatalon.clickTab is PASSED

2021-09-03 00:51:09 - [TEST_STEP][PASSED] - ctdc.utilities.runtestcaseforKatalon.multiFunction("ICDC", G_StatBar_Cases, "Object Repository/Canine/Canine_CasesTable", "Object Repository/Canine/Canine_TableHeader", "Object Repository/Canine/Canine_CasesTabNextBtn", G_WebTabnameCases, G_CypherTabnameCases, G_QueryCasesTab): Statbar Arms count matches

2021-09-03 00:52:10 - [MESSAGE][PASSED] - Statbar Files count matches

2021-09-03 00:52:10 - [MESSAGE][PASSED] - Statbar Samples count matches

2021-09-03 00:52:10 - [MESSAGE][PASSED] - Statbar Cases count matches

2021-09-03 00:52:10 - [MESSAGE][PASSED] - Statbar Arms count matches

2021-09-03 00:52:10 - [TEST_STEP][PASSED] - closeBrowser(): Browser is closed

2021-09-03 00:52:11 - [MESSAGE][PASSED] - Browser is closed]]></system-out>
         <system-err><![CDATA[]]></system-err>
      </testcase>
      <testcase name="Test Cases/Canine_TestCases/StudyCombinations/Study-Combinations-UBC02/TC26_Canine_StudyUBC-AllBreeds_StageOfDisease" time="100.056" classname="Test Cases/Canine_TestCases/StudyCombinations/Study-Combinations-UBC02/TC26_Canine_StudyUBC-AllBreeds_StageOfDisease" status="PASSED">
         <system-out><![CDATA[2021-09-03 00:52:11 - [TEST_CASE][PASSED] - Test Cases/Canine_TestCases/StudyCombinations/Study-Combinations-UBC02/TC26_Canine_StudyUBC-AllBreeds_StageOfDisease: Test Cases/Canine_TestCases/StudyCombinations/Study-Combinations-UBC02/TC26_Canine_StudyUBC-AllBreeds_StageOfDisease

2021-09-03 00:52:11 - [TEST_STEP][PASSED] - Start listener action : getTestScriptName: null

2021-09-03 00:52:11 - [TEST_STEP][PASSED] - TestCaseId = testCaseContext.getTestCaseId(): null

2021-09-03 00:52:11 - [TEST_STEP][PASSED] - out.println("**********this is the value of test case id string******** " + testCaseContext.getTestCaseId()): null

2021-09-03 00:52:11 - [TEST_STEP][PASSED] - G_currentTCName = TestCaseId.substring(TestCaseId.lastIndexOf("TC")): null

2021-09-03 00:52:11 - [TEST_STEP][PASSED] - out.println("This is the test case name : " + G_currentTCName): null

2021-09-03 00:52:11 - [TEST_STEP][PASSED] - closeBrowser(): Browser is closed

2021-09-03 00:52:11 - [MESSAGE][PASSED] - Browser is closed

2021-09-03 00:52:11 - [TEST_STEP][PASSED] - openBrowser(""): Browser is opened with url: ''

2021-09-03 00:52:11 - [MESSAGE][INFO] - Starting 'Chrome (headless)' driver

2021-09-03 00:52:11 - [MESSAGE][INFO] - User set preference: ['args', '[--no-sandbox]']

2021-09-03 00:52:11 - [MESSAGE][INFO] - Action delay is set to 0 milliseconds

2021-09-03 00:52:13 - [MESSAGE][PASSED] - Browser is opened with url: ''

2021-09-03 00:52:13 - [TEST_STEP][PASSED] - maximizeWindow(): Current window maximized

2021-09-03 00:52:13 - [MESSAGE][PASSED] - Current window maximized

2021-09-03 00:52:13 - [TEST_STEP][PASSED] - "Driver opened by Katalon is used in Selenium from this step.": null

2021-09-03 00:52:13 - [TEST_STEP][PASSED] - ctdc.utilities.runtestcaseforKatalon.RunKatalon("TC26_Canine_StudyUBC02-AllBreeds_StageOfDisease.xlsx"): Data loaded from input file for the test case. 

2021-09-03 00:52:13 - [MESSAGE][PASSED] - Test case file loaded This is the full filepath after converting to string :C:\Users\sohilz2\Commons_Automation\InputFiles\TC26_Canine_StudyUBC02-AllBreeds_StageOfDisease.xlsx

2021-09-03 00:52:13 - [MESSAGE][INFO] - Global variable set for password file is :  C:\Users\sohilz2\Commons_Automation\InputFiles\TC26_Canine_StudyUBC02-AllBreeds_StageOfDisease.xlsx

2021-09-03 00:52:17 - [MESSAGE][PASSED] - Data loaded from input file for the test case. 

2021-09-03 00:52:23 - [TEST_STEP][PASSED] - findTestObject("Object Repository/Canine/Filter/StageOfDisease/STAGEOFDISEASE_Ddn"): null

2021-09-03 00:52:23 - [TEST_STEP][PASSED] - waitForElementPresent(findTestObject("Canine/NavBar/Canine_Cases_Btn"), 10): Object 'Object Repository/Canine/NavBar/Canine_Cases_Btn' is present

2021-09-03 00:52:23 - [MESSAGE][PASSED] - Object 'Object Repository/Canine/NavBar/Canine_Cases_Btn' is present

2021-09-03 00:52:23 - [TEST_STEP][PASSED] - ctdc.utilities.runtestcaseforKatalon.clickTab("Canine/NavBar/Canine_Cases_Btn"): ctdc.utilities.runtestcaseforKatalon.clickTab is PASSED

2021-09-03 00:52:23 - [MESSAGE][PASSED] - ctdc.utilities.runtestcaseforKatalon.clickTab is PASSED

2021-09-03 00:52:23 - [TEST_STEP][PASSED] - waitForElementPresent(findTestObject("Object Repository/Canine/Filter/FilterByCases_Facet"), 10): Object 'Object Repository/Canine/Filter/FilterByCases_Facet' is present

2021-09-03 00:52:24 - [MESSAGE][PASSED] - Object 'Object Repository/Canine/Filter/FilterByCases_Facet' is present

2021-09-03 00:52:24 - [TEST_STEP][PASSED] - ctdc.utilities.runtestcaseforKatalon.clickTab("Object Repository/Canine/Filter/FilterByCases_Facet"): ctdc.utilities.runtestcaseforKatalon.clickTab is PASSED

2021-09-03 00:52:24 - [MESSAGE][PASSED] - ctdc.utilities.runtestcaseforKatalon.clickTab is PASSED

2021-09-03 00:52:24 - [TEST_STEP][PASSED] - waitForElementPresent(findTestObject("Object Repository/Canine/Filter/Study/Canine_Filter_Study"), 10): Object 'Object Repository/Canine/Filter/Study/Canine_Filter_Study' is present

2021-09-03 00:52:25 - [MESSAGE][PASSED] - Object 'Object Repository/Canine/Filter/Study/Canine_Filter_Study' is present

2021-09-03 00:52:25 - [TEST_STEP][PASSED] - ctdc.utilities.runtestcaseforKatalon.clickTab("Object Repository/Canine/Filter/Study/Canine_Filter_Study"): ctdc.utilities.runtestcaseforKatalon.clickTab is PASSED

2021-09-03 00:52:25 - [MESSAGE][PASSED] - ctdc.utilities.runtestcaseforKatalon.clickTab is PASSED

2021-09-03 00:52:25 - [TEST_STEP][PASSED] - waitForElementPresent(findTestObject("Object Repository/Canine/Filter/Study/Canine_Filter_Study-UBC02_Chkbx"), 10): Object 'Object Repository/Canine/Filter/Study/Canine_Filter_Study-UBC02_Chkbx' is present

2021-09-03 00:52:25 - [MESSAGE][PASSED] - Object 'Object Repository/Canine/Filter/Study/Canine_Filter_Study-UBC02_Chkbx' is present

2021-09-03 00:52:25 - [TEST_STEP][PASSED] - ctdc.utilities.runtestcaseforKatalon.clickTab("Object Repository/Canine/Filter/Study/Canine_Filter_Study-UBC02_Chkbx"): ctdc.utilities.runtestcaseforKatalon.clickTab is PASSED

2021-09-03 00:52:25 - [MESSAGE][PASSED] - ctdc.utilities.runtestcaseforKatalon.clickTab is PASSED

2021-09-03 00:52:25 - [TEST_STEP][PASSED] - Thread.sleep(2000): null

2021-09-03 00:52:27 - [TEST_STEP][PASSED] - waitForElementPresent(findTestObject("Object Repository/Canine/Filter/StageOfDisease/STAGEOFDISEASE_Ddn"), 10): Object 'Object Repository/Canine/Filter/StageOfDisease/STAGEOFDISEASE_Ddn' is present

2021-09-03 00:52:28 - [MESSAGE][PASSED] - Object 'Object Repository/Canine/Filter/StageOfDisease/STAGEOFDISEASE_Ddn' is present

2021-09-03 00:52:28 - [TEST_STEP][PASSED] - ctdc.utilities.runtestcaseforKatalon.clickTab("Object Repository/Canine/Filter/StageOfDisease/STAGEOFDISEASE_Ddn"): ctdc.utilities.runtestcaseforKatalon.clickTab is PASSED

2021-09-03 00:52:28 - [MESSAGE][PASSED] - ctdc.utilities.runtestcaseforKatalon.clickTab is PASSED

2021-09-03 00:52:28 - [TEST_STEP][PASSED] - waitForElementPresent(findTestObject("Object Repository/Canine/Filter/StageOfDisease/T2N0M0_Chkbx"), 10): Object 'Object Repository/Canine/Filter/StageOfDisease/T2N0M0_Chkbx' is present

2021-09-03 00:52:28 - [MESSAGE][PASSED] - Object 'Object Repository/Canine/Filter/StageOfDisease/T2N0M0_Chkbx' is present

2021-09-03 00:52:28 - [TEST_STEP][PASSED] - ctdc.utilities.runtestcaseforKatalon.clickTab("Object Repository/Canine/Filter/StageOfDisease/T2N0M0_Chkbx"): ctdc.utilities.runtestcaseforKatalon.clickTab is PASSED

2021-09-03 00:52:28 - [MESSAGE][PASSED] - ctdc.utilities.runtestcaseforKatalon.clickTab is PASSED

2021-09-03 00:52:28 - [TEST_STEP][PASSED] - waitForElementPresent(findTestObject("Object Repository/Canine/Filter/StageOfDisease/T2N0M1_Chkbx"), 10): Object 'Object Repository/Canine/Filter/StageOfDisease/T2N0M1_Chkbx' is present

2021-09-03 00:52:28 - [MESSAGE][PASSED] - Object 'Object Repository/Canine/Filter/StageOfDisease/T2N0M1_Chkbx' is present

2021-09-03 00:52:28 - [TEST_STEP][PASSED] - ctdc.utilities.runtestcaseforKatalon.clickTab("Object Repository/Canine/Filter/StageOfDisease/T2N0M1_Chkbx"): ctdc.utilities.runtestcaseforKatalon.clickTab is PASSED

2021-09-03 00:52:29 - [MESSAGE][PASSED] - ctdc.utilities.runtestcaseforKatalon.clickTab is PASSED

2021-09-03 00:52:29 - [TEST_STEP][PASSED] - waitForElementPresent(findTestObject("Object Repository/Canine/Filter/StageOfDisease/T2N1M0_Chkbx"), 10): Object 'Object Repository/Canine/Filter/StageOfDisease/T2N1M0_Chkbx' is present

2021-09-03 00:52:29 - [MESSAGE][PASSED] - Object 'Object Repository/Canine/Filter/StageOfDisease/T2N1M0_Chkbx' is present

2021-09-03 00:52:29 - [TEST_STEP][PASSED] - ctdc.utilities.runtestcaseforKatalon.clickTab("Object Repository/Canine/Filter/StageOfDisease/T2N1M0_Chkbx"): ctdc.utilities.runtestcaseforKatalon.clickTab is PASSED

2021-09-03 00:52:29 - [MESSAGE][PASSED] - ctdc.utilities.runtestcaseforKatalon.clickTab is PASSED

2021-09-03 00:52:29 - [TEST_STEP][PASSED] - ctdc.utilities.runtestcaseforKatalon.clickTab("Object Repository/Canine/Filter/StageOfDisease/STAGEOFDISEASE_Ddn"): ctdc.utilities.runtestcaseforKatalon.clickTab is PASSED

2021-09-03 00:52:29 - [MESSAGE][PASSED] - ctdc.utilities.runtestcaseforKatalon.clickTab is PASSED

2021-09-03 00:52:29 - [TEST_STEP][PASSED] - ctdc.utilities.runtestcaseforKatalon.readStatBarCanine("Object Repository/Canine/StatBar/Canine_StatBar-Studies", "Object Repository/Canine/StatBar/Canine_StatBar-Cases", "Object Repository/Canine/StatBar/Canine_StatBar-Samples", "Object Repository/Canine/StatBar/Canine_StatBar-Files", "Object Repository/Canine/StatBar/Canine_StatBar-Aliquots"): ctdc.utilities.runtestcaseforKatalon.readStatBarCanine is PASSED

2021-09-03 00:52:45 - [MESSAGE][PASSED] - ctdc.utilities.runtestcaseforKatalon.readStatBarCanine is PASSED

2021-09-03 00:52:45 - [TEST_STEP][PASSED] - waitForElementPresent(findTestObject("Object Repository/Canine/CanineResults_Cases_Tab"), 5): Object 'Object Repository/Canine/CanineResults_Cases_Tab' is present

2021-09-03 00:52:45 - [MESSAGE][PASSED] - Object 'Object Repository/Canine/CanineResults_Cases_Tab' is present

2021-09-03 00:52:45 - [TEST_STEP][PASSED] - ctdc.utilities.runtestcaseforKatalon.clickTab("Object Repository/Canine/CanineResults_Cases_Tab"): ctdc.utilities.runtestcaseforKatalon.clickTab is PASSED

2021-09-03 00:52:45 - [MESSAGE][PASSED] - ctdc.utilities.runtestcaseforKatalon.clickTab is PASSED

2021-09-03 00:52:45 - [TEST_STEP][PASSED] - ctdc.utilities.runtestcaseforKatalon.multiFunction("ICDC", G_StatBar_Cases, "Object Repository/Canine/Canine_CasesTable", "Object Repository/Canine/Canine_TableHeader", "Object Repository/Canine/Canine_CasesTabNextBtn", G_WebTabnameCases, G_CypherTabnameCases, G_QueryCasesTab): Statbar Arms count matches

2021-09-03 00:53:50 - [MESSAGE][PASSED] - Statbar Files count matches

2021-09-03 00:53:50 - [MESSAGE][PASSED] - Statbar Samples count matches

2021-09-03 00:53:50 - [MESSAGE][PASSED] - Statbar Cases count matches

2021-09-03 00:53:50 - [MESSAGE][PASSED] - Statbar Arms count matches

2021-09-03 00:53:50 - [TEST_STEP][PASSED] - closeBrowser(): Browser is closed

2021-09-03 00:53:51 - [MESSAGE][PASSED] - Browser is closed]]></system-out>
         <system-err><![CDATA[]]></system-err>
      </testcase>
      <testcase name="Test Cases/Canine_TestCases/StudyCombinations/Study-Combinations-UBC02/TC24_Canine_StudyUBC-AllBreeds_StageOfDisease" time="110.196" classname="Test Cases/Canine_TestCases/StudyCombinations/Study-Combinations-UBC02/TC24_Canine_StudyUBC-AllBreeds_StageOfDisease" status="FAILED">
         <failure type="FAILED" message="Test Cases/Canine_TestCases/StudyCombinations/Study-Combinations-UBC02/TC24_Canine_StudyUBC-AllBreeds_StageOfDisease FAILED.
Reason:
com.kms.katalon.core.exception.StepFailedException: Mismatch in Stat Bar Files count
	at com.kms.katalon.core.util.KeywordUtil.markFailed(KeywordUtil.java:19)
	at com.kms.katalon.core.util.KeywordUtil$markFailed$1.call(Unknown Source)
	at ctdc.utilities.runtestcaseforKatalon.validateStatBar(runtestcaseforKatalon.groovy:971)
	at ctdc.utilities.runtestcaseforKatalon.multiFunction(runtestcaseforKatalon.groovy:256)
	at ctdc.utilities.runtestcaseforKatalon.invokeMethod(runtestcaseforKatalon.groovy)
	at com.kms.katalon.core.main.CustomKeywordDelegatingMetaClass.invokeStaticMethod(CustomKeywordDelegatingMetaClass.java:50)
	at TC24_Canine_StudyUBC-AllBreeds_StageOfDisease.run(TC24_Canine_StudyUBC-AllBreeds_StageOfDisease:82)
	at com.kms.katalon.core.main.ScriptEngine.run(ScriptEngine.java:194)
	at com.kms.katalon.core.main.ScriptEngine.runScriptAsRawText(ScriptEngine.java:119)
	at com.kms.katalon.core.main.TestCaseExecutor.runScript(TestCaseExecutor.java:369)
	at com.kms.katalon.core.main.TestCaseExecutor.doExecute(TestCaseExecutor.java:360)
	at com.kms.katalon.core.main.TestCaseExecutor.processExecutionPhase(TestCaseExecutor.java:339)
	at com.kms.katalon.core.main.TestCaseExecutor.accessMainPhase(TestCaseExecutor.java:331)
	at com.kms.katalon.core.main.TestCaseExecutor.execute(TestCaseExecutor.java:248)
	at com.kms.katalon.core.main.TestSuiteExecutor.accessTestCaseMainPhase(TestSuiteExecutor.java:191)
	at com.kms.katalon.core.main.TestSuiteExecutor.accessTestSuiteMainPhase(TestSuiteExecutor.java:140)
	at com.kms.katalon.core.main.TestSuiteExecutor.execute(TestSuiteExecutor.java:89)
	at com.kms.katalon.core.main.TestCaseMain.startTestSuite(TestCaseMain.java:185)
	at com.kms.katalon.core.main.TestCaseMain$startTestSuite$0.call(Unknown Source)
	at TempTestSuite1630631579924.run(TempTestSuite1630631579924.groovy:39)
"/>
         <system-out><![CDATA[2021-09-03 00:53:51 - [TEST_CASE][FAILED] - Test Cases/Canine_TestCases/StudyCombinations/Study-Combinations-UBC02/TC24_Canine_StudyUBC-AllBreeds_StageOfDisease: Test Cases/Canine_TestCases/StudyCombinations/Study-Combinations-UBC02/TC24_Canine_StudyUBC-AllBreeds_StageOfDisease FAILED.
Reason:
com.kms.katalon.core.exception.StepFailedException: Mismatch in Stat Bar Files count
	at com.kms.katalon.core.util.KeywordUtil.markFailed(KeywordUtil.java:19)
	at com.kms.katalon.core.util.KeywordUtil$markFailed$1.call(Unknown Source)
	at ctdc.utilities.runtestcaseforKatalon.validateStatBar(runtestcaseforKatalon.groovy:971)
	at ctdc.utilities.runtestcaseforKatalon.multiFunction(runtestcaseforKatalon.groovy:256)
	at ctdc.utilities.runtestcaseforKatalon.invokeMethod(runtestcaseforKatalon.groovy)
	at com.kms.katalon.core.main.CustomKeywordDelegatingMetaClass.invokeStaticMethod(CustomKeywordDelegatingMetaClass.java:50)
	at TC24_Canine_StudyUBC-AllBreeds_StageOfDisease.run(TC24_Canine_StudyUBC-AllBreeds_StageOfDisease:82)
	at com.kms.katalon.core.main.ScriptEngine.run(ScriptEngine.java:194)
	at com.kms.katalon.core.main.ScriptEngine.runScriptAsRawText(ScriptEngine.java:119)
	at com.kms.katalon.core.main.TestCaseExecutor.runScript(TestCaseExecutor.java:369)
	at com.kms.katalon.core.main.TestCaseExecutor.doExecute(TestCaseExecutor.java:360)
	at com.kms.katalon.core.main.TestCaseExecutor.processExecutionPhase(TestCaseExecutor.java:339)
	at com.kms.katalon.core.main.TestCaseExecutor.accessMainPhase(TestCaseExecutor.java:331)
	at com.kms.katalon.core.main.TestCaseExecutor.execute(TestCaseExecutor.java:248)
	at com.kms.katalon.core.main.TestSuiteExecutor.accessTestCaseMainPhase(TestSuiteExecutor.java:191)
	at com.kms.katalon.core.main.TestSuiteExecutor.accessTestSuiteMainPhase(TestSuiteExecutor.java:140)
	at com.kms.katalon.core.main.TestSuiteExecutor.execute(TestSuiteExecutor.java:89)
	at com.kms.katalon.core.main.TestCaseMain.startTestSuite(TestCaseMain.java:185)
	at com.kms.katalon.core.main.TestCaseMain$startTestSuite$0.call(Unknown Source)
	at TempTestSuite1630631579924.run(TempTestSuite1630631579924.groovy:39)


2021-09-03 00:53:51 - [TEST_STEP][PASSED] - Start listener action : getTestScriptName: null

2021-09-03 00:53:51 - [TEST_STEP][PASSED] - TestCaseId = testCaseContext.getTestCaseId(): null

2021-09-03 00:53:51 - [TEST_STEP][PASSED] - out.println("**********this is the value of test case id string******** " + testCaseContext.getTestCaseId()): null

2021-09-03 00:53:51 - [TEST_STEP][PASSED] - G_currentTCName = TestCaseId.substring(TestCaseId.lastIndexOf("TC")): null

2021-09-03 00:53:51 - [TEST_STEP][PASSED] - out.println("This is the test case name : " + G_currentTCName): null

2021-09-03 00:53:51 - [TEST_STEP][PASSED] - closeBrowser(): Browser is closed

2021-09-03 00:53:51 - [MESSAGE][PASSED] - Browser is closed

2021-09-03 00:53:51 - [TEST_STEP][PASSED] - openBrowser(""): Browser is opened with url: ''

2021-09-03 00:53:51 - [MESSAGE][INFO] - Starting 'Chrome (headless)' driver

2021-09-03 00:53:51 - [MESSAGE][INFO] - User set preference: ['args', '[--no-sandbox]']

2021-09-03 00:53:51 - [MESSAGE][INFO] - Action delay is set to 0 milliseconds

2021-09-03 00:53:53 - [MESSAGE][PASSED] - Browser is opened with url: ''

2021-09-03 00:53:53 - [TEST_STEP][PASSED] - maximizeWindow(): Current window maximized

2021-09-03 00:53:53 - [MESSAGE][PASSED] - Current window maximized

2021-09-03 00:53:53 - [TEST_STEP][PASSED] - "Driver opened by Katalon is used in Selenium from this step.": null

2021-09-03 00:53:53 - [TEST_STEP][PASSED] - ctdc.utilities.runtestcaseforKatalon.RunKatalon("TC24_Canine_StudyUBC02-AllBreeds_StageOfDisease.xlsx"): Data loaded from input file for the test case. 

2021-09-03 00:53:53 - [MESSAGE][PASSED] - Test case file loaded This is the full filepath after converting to string :C:\Users\sohilz2\Commons_Automation\InputFiles\TC24_Canine_StudyUBC02-AllBreeds_StageOfDisease.xlsx

2021-09-03 00:53:53 - [MESSAGE][INFO] - Global variable set for password file is :  C:\Users\sohilz2\Commons_Automation\InputFiles\TC24_Canine_StudyUBC02-AllBreeds_StageOfDisease.xlsx

2021-09-03 00:53:57 - [MESSAGE][PASSED] - Data loaded from input file for the test case. 

2021-09-03 00:54:03 - [TEST_STEP][PASSED] - findTestObject("Object Repository/Canine/Filter/StageOfDisease/STAGEOFDISEASE_Ddn"): null

2021-09-03 00:54:03 - [TEST_STEP][PASSED] - waitForElementPresent(findTestObject("Canine/NavBar/Canine_Cases_Btn"), 10): Object 'Object Repository/Canine/NavBar/Canine_Cases_Btn' is present

2021-09-03 00:54:03 - [MESSAGE][PASSED] - Object 'Object Repository/Canine/NavBar/Canine_Cases_Btn' is present

2021-09-03 00:54:03 - [TEST_STEP][PASSED] - ctdc.utilities.runtestcaseforKatalon.clickTab("Canine/NavBar/Canine_Cases_Btn"): ctdc.utilities.runtestcaseforKatalon.clickTab is PASSED

2021-09-03 00:54:03 - [MESSAGE][PASSED] - ctdc.utilities.runtestcaseforKatalon.clickTab is PASSED

2021-09-03 00:54:03 - [TEST_STEP][PASSED] - waitForElementPresent(findTestObject("Object Repository/Canine/Filter/FilterByCases_Facet"), 10): Object 'Object Repository/Canine/Filter/FilterByCases_Facet' is present

2021-09-03 00:54:04 - [MESSAGE][PASSED] - Object 'Object Repository/Canine/Filter/FilterByCases_Facet' is present

2021-09-03 00:54:04 - [TEST_STEP][PASSED] - ctdc.utilities.runtestcaseforKatalon.clickTab("Object Repository/Canine/Filter/FilterByCases_Facet"): ctdc.utilities.runtestcaseforKatalon.clickTab is PASSED

2021-09-03 00:54:04 - [MESSAGE][PASSED] - ctdc.utilities.runtestcaseforKatalon.clickTab is PASSED

2021-09-03 00:54:04 - [TEST_STEP][PASSED] - waitForElementPresent(findTestObject("Object Repository/Canine/Filter/Study/Canine_Filter_Study"), 10): Object 'Object Repository/Canine/Filter/Study/Canine_Filter_Study' is present

2021-09-03 00:54:04 - [MESSAGE][PASSED] - Object 'Object Repository/Canine/Filter/Study/Canine_Filter_Study' is present

2021-09-03 00:54:04 - [TEST_STEP][PASSED] - ctdc.utilities.runtestcaseforKatalon.clickTab("Object Repository/Canine/Filter/Study/Canine_Filter_Study"): ctdc.utilities.runtestcaseforKatalon.clickTab is PASSED

2021-09-03 00:54:05 - [MESSAGE][PASSED] - ctdc.utilities.runtestcaseforKatalon.clickTab is PASSED

2021-09-03 00:54:05 - [TEST_STEP][PASSED] - waitForElementPresent(findTestObject("Object Repository/Canine/Filter/Study/Canine_Filter_Study-UBC02_Chkbx"), 10): Object 'Object Repository/Canine/Filter/Study/Canine_Filter_Study-UBC02_Chkbx' is present

2021-09-03 00:54:05 - [MESSAGE][PASSED] - Object 'Object Repository/Canine/Filter/Study/Canine_Filter_Study-UBC02_Chkbx' is present

2021-09-03 00:54:05 - [TEST_STEP][PASSED] - ctdc.utilities.runtestcaseforKatalon.clickTab("Object Repository/Canine/Filter/Study/Canine_Filter_Study-UBC02_Chkbx"): ctdc.utilities.runtestcaseforKatalon.clickTab is PASSED

2021-09-03 00:54:05 - [MESSAGE][PASSED] - ctdc.utilities.runtestcaseforKatalon.clickTab is PASSED

2021-09-03 00:54:05 - [TEST_STEP][PASSED] - Thread.sleep(2000): null

2021-09-03 00:54:07 - [TEST_STEP][PASSED] - waitForElementPresent(findTestObject("Object Repository/Canine/Filter/StageOfDisease/STAGEOFDISEASE_Ddn"), 10): Object 'Object Repository/Canine/Filter/StageOfDisease/STAGEOFDISEASE_Ddn' is present

2021-09-03 00:54:07 - [MESSAGE][PASSED] - Object 'Object Repository/Canine/Filter/StageOfDisease/STAGEOFDISEASE_Ddn' is present

2021-09-03 00:54:07 - [TEST_STEP][PASSED] - ctdc.utilities.runtestcaseforKatalon.clickTab("Object Repository/Canine/Filter/StageOfDisease/STAGEOFDISEASE_Ddn"): ctdc.utilities.runtestcaseforKatalon.clickTab is PASSED

2021-09-03 00:54:08 - [MESSAGE][PASSED] - ctdc.utilities.runtestcaseforKatalon.clickTab is PASSED

2021-09-03 00:54:08 - [TEST_STEP][PASSED] - waitForElementPresent(findTestObject("Object Repository/Canine/Filter/StageOfDisease/T2N0M0_Chkbx"), 10): Object 'Object Repository/Canine/Filter/StageOfDisease/T2N0M0_Chkbx' is present

2021-09-03 00:54:08 - [MESSAGE][PASSED] - Object 'Object Repository/Canine/Filter/StageOfDisease/T2N0M0_Chkbx' is present

2021-09-03 00:54:08 - [TEST_STEP][PASSED] - ctdc.utilities.runtestcaseforKatalon.clickTab("Object Repository/Canine/Filter/StageOfDisease/T2N0M0_Chkbx"): ctdc.utilities.runtestcaseforKatalon.clickTab is PASSED

2021-09-03 00:54:08 - [MESSAGE][PASSED] - ctdc.utilities.runtestcaseforKatalon.clickTab is PASSED

2021-09-03 00:54:08 - [TEST_STEP][PASSED] - waitForElementPresent(findTestObject("Object Repository/Canine/Filter/StageOfDisease/T2N0M1_Chkbx"), 10): Object 'Object Repository/Canine/Filter/StageOfDisease/T2N0M1_Chkbx' is present

2021-09-03 00:54:08 - [MESSAGE][PASSED] - Object 'Object Repository/Canine/Filter/StageOfDisease/T2N0M1_Chkbx' is present

2021-09-03 00:54:08 - [TEST_STEP][PASSED] - ctdc.utilities.runtestcaseforKatalon.clickTab("Object Repository/Canine/Filter/StageOfDisease/T2N0M1_Chkbx"): ctdc.utilities.runtestcaseforKatalon.clickTab is PASSED

2021-09-03 00:54:08 - [MESSAGE][PASSED] - ctdc.utilities.runtestcaseforKatalon.clickTab is PASSED

2021-09-03 00:54:08 - [TEST_STEP][PASSED] - waitForElementPresent(findTestObject("Object Repository/Canine/Filter/StageOfDisease/T2N1M0_Chkbx"), 10): Object 'Object Repository/Canine/Filter/StageOfDisease/T2N1M0_Chkbx' is present

2021-09-03 00:54:09 - [MESSAGE][PASSED] - Object 'Object Repository/Canine/Filter/StageOfDisease/T2N1M0_Chkbx' is present

2021-09-03 00:54:09 - [TEST_STEP][PASSED] - ctdc.utilities.runtestcaseforKatalon.clickTab("Object Repository/Canine/Filter/StageOfDisease/T2N1M0_Chkbx"): ctdc.utilities.runtestcaseforKatalon.clickTab is PASSED

2021-09-03 00:54:09 - [MESSAGE][PASSED] - ctdc.utilities.runtestcaseforKatalon.clickTab is PASSED

2021-09-03 00:54:09 - [TEST_STEP][PASSED] - waitForElementPresent(findTestObject("Object Repository/Canine/Filter/StageOfDisease/T2N1M1_Chkbx"), 10): Object 'Object Repository/Canine/Filter/StageOfDisease/T2N1M1_Chkbx' is present

2021-09-03 00:54:09 - [MESSAGE][PASSED] - Object 'Object Repository/Canine/Filter/StageOfDisease/T2N1M1_Chkbx' is present

2021-09-03 00:54:09 - [TEST_STEP][PASSED] - ctdc.utilities.runtestcaseforKatalon.clickTab("Object Repository/Canine/Filter/StageOfDisease/T2N1M1_Chkbx"): ctdc.utilities.runtestcaseforKatalon.clickTab is PASSED

2021-09-03 00:54:10 - [MESSAGE][PASSED] - ctdc.utilities.runtestcaseforKatalon.clickTab is PASSED

2021-09-03 00:54:10 - [TEST_STEP][PASSED] - waitForElementPresent(findTestObject("Object Repository/Canine/Filter/StageOfDisease/T3N0M0_Chkbx"), 10): Object 'Object Repository/Canine/Filter/StageOfDisease/T3N0M0_Chkbx' is present

2021-09-03 00:54:10 - [MESSAGE][PASSED] - Object 'Object Repository/Canine/Filter/StageOfDisease/T3N0M0_Chkbx' is present

2021-09-03 00:54:10 - [TEST_STEP][PASSED] - ctdc.utilities.runtestcaseforKatalon.clickTab("Object Repository/Canine/Filter/StageOfDisease/T3N0M0_Chkbx"): ctdc.utilities.runtestcaseforKatalon.clickTab is PASSED

2021-09-03 00:54:10 - [MESSAGE][PASSED] - ctdc.utilities.runtestcaseforKatalon.clickTab is PASSED

2021-09-03 00:54:10 - [TEST_STEP][PASSED] - ctdc.utilities.runtestcaseforKatalon.clickTab("Object Repository/Canine/Filter/StageOfDisease/STAGEOFDISEASE_Ddn"): ctdc.utilities.runtestcaseforKatalon.clickTab is PASSED

2021-09-03 00:54:10 - [MESSAGE][PASSED] - ctdc.utilities.runtestcaseforKatalon.clickTab is PASSED

2021-09-03 00:54:10 - [TEST_STEP][PASSED] - ctdc.utilities.runtestcaseforKatalon.readStatBarCanine("Object Repository/Canine/StatBar/Canine_StatBar-Studies", "Object Repository/Canine/StatBar/Canine_StatBar-Cases", "Object Repository/Canine/StatBar/Canine_StatBar-Samples", "Object Repository/Canine/StatBar/Canine_StatBar-Files", "Object Repository/Canine/StatBar/Canine_StatBar-Aliquots"): ctdc.utilities.runtestcaseforKatalon.readStatBarCanine is PASSED

2021-09-03 00:54:25 - [MESSAGE][PASSED] - ctdc.utilities.runtestcaseforKatalon.readStatBarCanine is PASSED

2021-09-03 00:54:25 - [TEST_STEP][PASSED] - waitForElementPresent(findTestObject("Object Repository/Canine/CanineResults_Cases_Tab"), 5): Object 'Object Repository/Canine/CanineResults_Cases_Tab' is present

2021-09-03 00:54:25 - [MESSAGE][PASSED] - Object 'Object Repository/Canine/CanineResults_Cases_Tab' is present

2021-09-03 00:54:25 - [TEST_STEP][PASSED] - ctdc.utilities.runtestcaseforKatalon.clickTab("Object Repository/Canine/CanineResults_Cases_Tab"): ctdc.utilities.runtestcaseforKatalon.clickTab is PASSED

2021-09-03 00:54:25 - [MESSAGE][PASSED] - ctdc.utilities.runtestcaseforKatalon.clickTab is PASSED

2021-09-03 00:54:25 - [TEST_STEP][FAILED] - ctdc.utilities.runtestcaseforKatalon.multiFunction("ICDC", G_StatBar_Cases, "Object Repository/Canine/Canine_CasesTable", "Object Repository/Canine/Canine_TableHeader", "Object Repository/Canine/Canine_CasesTabNextBtn", G_WebTabnameCases, G_CypherTabnameCases, G_QueryCasesTab): com.kms.katalon.core.exception.StepFailedException: Mismatch in Stat Bar Files count

2021-09-03 00:55:40 - [MESSAGE][FAILED] - Mismatch in Stat Bar Files count

2021-09-03 00:55:40 - [MESSAGE][FAILED] - Mismatch in Stat Bar Samples count

2021-09-03 00:55:40 - [MESSAGE][FAILED] - Mismatch in Stat Bar Cases count

2021-09-03 00:55:40 - [MESSAGE][PASSED] - Statbar Arms count matches

2021-09-03 00:55:40 - [MESSAGE][FAILED] - com.kms.katalon.core.exception.StepFailedException: Mismatch in Stat Bar Files count

2021-09-03 00:55:40 - [TEST_STEP][PASSED] - closeBrowser(): Browser is closed

2021-09-03 00:55:41 - [MESSAGE][PASSED] - Browser is closed]]></system-out>
         <system-err><![CDATA[2021-09-03 00:53:51 - [TEST_CASE][FAILED] - Test Cases/Canine_TestCases/StudyCombinations/Study-Combinations-UBC02/TC24_Canine_StudyUBC-AllBreeds_StageOfDisease: Test Cases/Canine_TestCases/StudyCombinations/Study-Combinations-UBC02/TC24_Canine_StudyUBC-AllBreeds_StageOfDisease FAILED.
Reason:
com.kms.katalon.core.exception.StepFailedException: Mismatch in Stat Bar Files count
	at com.kms.katalon.core.util.KeywordUtil.markFailed(KeywordUtil.java:19)
	at com.kms.katalon.core.util.KeywordUtil$markFailed$1.call(Unknown Source)
	at ctdc.utilities.runtestcaseforKatalon.validateStatBar(runtestcaseforKatalon.groovy:971)
	at ctdc.utilities.runtestcaseforKatalon.multiFunction(runtestcaseforKatalon.groovy:256)
	at ctdc.utilities.runtestcaseforKatalon.invokeMethod(runtestcaseforKatalon.groovy)
	at com.kms.katalon.core.main.CustomKeywordDelegatingMetaClass.invokeStaticMethod(CustomKeywordDelegatingMetaClass.java:50)
	at TC24_Canine_StudyUBC-AllBreeds_StageOfDisease.run(TC24_Canine_StudyUBC-AllBreeds_StageOfDisease:82)
	at com.kms.katalon.core.main.ScriptEngine.run(ScriptEngine.java:194)
	at com.kms.katalon.core.main.ScriptEngine.runScriptAsRawText(ScriptEngine.java:119)
	at com.kms.katalon.core.main.TestCaseExecutor.runScript(TestCaseExecutor.java:369)
	at com.kms.katalon.core.main.TestCaseExecutor.doExecute(TestCaseExecutor.java:360)
	at com.kms.katalon.core.main.TestCaseExecutor.processExecutionPhase(TestCaseExecutor.java:339)
	at com.kms.katalon.core.main.TestCaseExecutor.accessMainPhase(TestCaseExecutor.java:331)
	at com.kms.katalon.core.main.TestCaseExecutor.execute(TestCaseExecutor.java:248)
	at com.kms.katalon.core.main.TestSuiteExecutor.accessTestCaseMainPhase(TestSuiteExecutor.java:191)
	at com.kms.katalon.core.main.TestSuiteExecutor.accessTestSuiteMainPhase(TestSuiteExecutor.java:140)
	at com.kms.katalon.core.main.TestSuiteExecutor.execute(TestSuiteExecutor.java:89)
	at com.kms.katalon.core.main.TestCaseMain.startTestSuite(TestCaseMain.java:185)
	at com.kms.katalon.core.main.TestCaseMain$startTestSuite$0.call(Unknown Source)
	at TempTestSuite1630631579924.run(TempTestSuite1630631579924.groovy:39)]]></system-err>
      </testcase>
      <testcase name="Test Cases/Canine_TestCases/StudyType/TC04_Canine_Filter_StudyType-All" time="1.587" classname="Test Cases/Canine_TestCases/StudyType/TC04_Canine_Filter_StudyType-All" status="ERROR">
         <error type="ERROR" message="Test Cases/Canine_TestCases/StudyType/TC04_Canine_Filter_StudyType-All FAILED.
Reason:
org.codehaus.groovy.runtime.metaclass.MissingMethodExceptionNoStack: No signature of method: ctdc.utilities.runtestcaseforKatalon.testSetup() is applicable for argument types: (java.lang.String) values: []
"/>
         <system-out><![CDATA[2021-09-03 00:55:41 - [TEST_CASE][ERROR] - Test Cases/Canine_TestCases/StudyType/TC04_Canine_Filter_StudyType-All: Test Cases/Canine_TestCases/StudyType/TC04_Canine_Filter_StudyType-All FAILED.
Reason:
org.codehaus.groovy.runtime.metaclass.MissingMethodExceptionNoStack: No signature of method: ctdc.utilities.runtestcaseforKatalon.testSetup() is applicable for argument types: (java.lang.String) values: []


2021-09-03 00:55:41 - [TEST_STEP][PASSED] - Start listener action : getTestScriptName: null

2021-09-03 00:55:41 - [TEST_STEP][PASSED] - TestCaseId = testCaseContext.getTestCaseId(): null

2021-09-03 00:55:41 - [TEST_STEP][PASSED] - out.println("**********this is the value of test case id string******** " + testCaseContext.getTestCaseId()): null

2021-09-03 00:55:41 - [TEST_STEP][PASSED] - G_currentTCName = TestCaseId.substring(TestCaseId.lastIndexOf("TC")): null

2021-09-03 00:55:41 - [TEST_STEP][PASSED] - out.println("This is the test case name : " + G_currentTCName): null

2021-09-03 00:55:42 - [TEST_STEP][PASSED] - closeBrowser(): Browser is closed

2021-09-03 00:55:42 - [MESSAGE][PASSED] - Browser is closed

2021-09-03 00:55:42 - [TEST_STEP][PASSED] - openBrowser(""): Browser is opened with url: ''

2021-09-03 00:55:42 - [MESSAGE][INFO] - Starting 'Chrome (headless)' driver

2021-09-03 00:55:42 - [MESSAGE][INFO] - User set preference: ['args', '[--no-sandbox]']

2021-09-03 00:55:42 - [MESSAGE][INFO] - Action delay is set to 0 milliseconds

2021-09-03 00:55:43 - [MESSAGE][PASSED] - Browser is opened with url: ''

2021-09-03 00:55:43 - [TEST_STEP][ERROR] - ctdc.utilities.runtestcaseforKatalon.testSetup(""): No signature of method: ctdc.utilities.runtestcaseforKatalon.testSetup() is applicable for argument types: (java.lang.String) values: []

2021-09-03 00:55:43 - [MESSAGE][ERROR] - No signature of method: ctdc.utilities.runtestcaseforKatalon.testSetup() is applicable for argument types: (java.lang.String) values: []]]></system-out>
         <system-err><![CDATA[2021-09-03 00:55:41 - [TEST_CASE][ERROR] - Test Cases/Canine_TestCases/StudyType/TC04_Canine_Filter_StudyType-All: Test Cases/Canine_TestCases/StudyType/TC04_Canine_Filter_StudyType-All FAILED.
Reason:
org.codehaus.groovy.runtime.metaclass.MissingMethodExceptionNoStack: No signature of method: ctdc.utilities.runtestcaseforKatalon.testSetup() is applicable for argument types: (java.lang.String) values: []]]></system-err>
      </testcase>
      <testcase name="Test Cases/Canine_TestCases/StudyType/TC03_Canine_Filter_StudyType-Genomics" time="2.198" classname="Test Cases/Canine_TestCases/StudyType/TC03_Canine_Filter_StudyType-Genomics" status="ERROR">
         <error type="ERROR" message="Test Cases/Canine_TestCases/StudyType/TC03_Canine_Filter_StudyType-Genomics FAILED.
Reason:
org.codehaus.groovy.runtime.metaclass.MissingMethodExceptionNoStack: No signature of method: ctdc.utilities.runtestcaseforKatalon.testSetup() is applicable for argument types: (java.lang.String) values: []
"/>
         <system-out><![CDATA[2021-09-03 00:55:43 - [TEST_CASE][ERROR] - Test Cases/Canine_TestCases/StudyType/TC03_Canine_Filter_StudyType-Genomics: Test Cases/Canine_TestCases/StudyType/TC03_Canine_Filter_StudyType-Genomics FAILED.
Reason:
org.codehaus.groovy.runtime.metaclass.MissingMethodExceptionNoStack: No signature of method: ctdc.utilities.runtestcaseforKatalon.testSetup() is applicable for argument types: (java.lang.String) values: []


2021-09-03 00:55:43 - [TEST_STEP][PASSED] - Start listener action : getTestScriptName: null

2021-09-03 00:55:43 - [TEST_STEP][PASSED] - TestCaseId = testCaseContext.getTestCaseId(): null

2021-09-03 00:55:43 - [TEST_STEP][PASSED] - out.println("**********this is the value of test case id string******** " + testCaseContext.getTestCaseId()): null

2021-09-03 00:55:43 - [TEST_STEP][PASSED] - G_currentTCName = TestCaseId.substring(TestCaseId.lastIndexOf("TC")): null

2021-09-03 00:55:43 - [TEST_STEP][PASSED] - out.println("This is the test case name : " + G_currentTCName): null

2021-09-03 00:55:43 - [TEST_STEP][PASSED] - closeBrowser(): Browser is closed

2021-09-03 00:55:44 - [MESSAGE][PASSED] - Browser is closed

2021-09-03 00:55:44 - [TEST_STEP][PASSED] - openBrowser(""): Browser is opened with url: ''

2021-09-03 00:55:44 - [MESSAGE][INFO] - Starting 'Chrome (headless)' driver

2021-09-03 00:55:44 - [MESSAGE][INFO] - User set preference: ['args', '[--no-sandbox]']

2021-09-03 00:55:44 - [MESSAGE][INFO] - Action delay is set to 0 milliseconds

2021-09-03 00:55:45 - [MESSAGE][PASSED] - Browser is opened with url: ''

2021-09-03 00:55:45 - [TEST_STEP][ERROR] - ctdc.utilities.runtestcaseforKatalon.testSetup(""): No signature of method: ctdc.utilities.runtestcaseforKatalon.testSetup() is applicable for argument types: (java.lang.String) values: []

2021-09-03 00:55:45 - [MESSAGE][ERROR] - No signature of method: ctdc.utilities.runtestcaseforKatalon.testSetup() is applicable for argument types: (java.lang.String) values: []]]></system-out>
         <system-err><![CDATA[2021-09-03 00:55:43 - [TEST_CASE][ERROR] - Test Cases/Canine_TestCases/StudyType/TC03_Canine_Filter_StudyType-Genomics: Test Cases/Canine_TestCases/StudyType/TC03_Canine_Filter_StudyType-Genomics FAILED.
Reason:
org.codehaus.groovy.runtime.metaclass.MissingMethodExceptionNoStack: No signature of method: ctdc.utilities.runtestcaseforKatalon.testSetup() is applicable for argument types: (java.lang.String) values: []]]></system-err>
      </testcase>
      <system-out><![CDATA[2021-09-02 21:13:07 - [TEST_SUITE][FAILED] - ICDC_Partial_Regression: Test Cases/Canine_TestCases/RespToTreatment/TC02_Canine_Filter_RespToTrtmt-NotDetermined FAILED.
Reason:
com.kms.katalon.core.exception.StepFailedException: Unable to click on object 'Object Repository/Canine/Filter/ResponseToTreatment/RESPONSETOTREATMENT_Ddn'
	at com.kms.katalon.core.webui.keyword.internal.WebUIKeywordMain.stepFailed(WebUIKeywordMain.groovy:64)
	at com.kms.katalon.core.webui.keyword.internal.WebUIKeywordMain.runKeyword(WebUIKeywordMain.groovy:26)
	at com.kms.katalon.core.webui.keyword.builtin.ClickKeyword.click(ClickKeyword.groovy:75)
	at com.kms.katalon.core.webui.keyword.builtin.ClickKeyword.execute(ClickKeyword.groovy:42)
	at com.kms.katalon.core.keyword.internal.KeywordExecutor.executeKeywordForPlatform(KeywordExecutor.groovy:73)
	at com.kms.katalon.core.webui.keyword.WebUiBuiltInKeywords.click(WebUiBuiltInKeywords.groovy:620)
	at com.kms.katalon.core.webui.keyword.WebUiBuiltInKeywords$click$1.call(Unknown Source)
	at TC02_Canine_Filter_RespToTrtmt-NotDetermined.run(TC02_Canine_Filter_RespToTrtmt-NotDetermined:55)
	at com.kms.katalon.core.main.ScriptEngine.run(ScriptEngine.java:194)
	at com.kms.katalon.core.main.ScriptEngine.runScriptAsRawText(ScriptEngine.java:119)
	at com.kms.katalon.core.main.TestCaseExecutor.runScript(TestCaseExecutor.java:369)
	at com.kms.katalon.core.main.TestCaseExecutor.doExecute(TestCaseExecutor.java:360)
	at com.kms.katalon.core.main.TestCaseExecutor.processExecutionPhase(TestCaseExecutor.java:339)
	at com.kms.katalon.core.main.TestCaseExecutor.accessMainPhase(TestCaseExecutor.java:331)
	at com.kms.katalon.core.main.TestCaseExecutor.execute(TestCaseExecutor.java:248)
	at com.kms.katalon.core.main.TestSuiteExecutor.accessTestCaseMainPhase(TestSuiteExecutor.java:191)
	at com.kms.katalon.core.main.TestSuiteExecutor.accessTestSuiteMainPhase(TestSuiteExecutor.java:140)
	at com.kms.katalon.core.main.TestSuiteExecutor.execute(TestSuiteExecutor.java:89)
	at com.kms.katalon.core.main.TestCaseMain.startTestSuite(TestCaseMain.java:185)
	at com.kms.katalon.core.main.TestCaseMain$startTestSuite$0.call(Unknown Source)
	at TempTestSuite1630631579924.run(TempTestSuite1630631579924.groovy:39)
Caused by: org.openqa.selenium.ElementNotInteractableException: element not interactable
  (Session info: headless chrome=92.0.4515.159)
Build info: version: '3.141.59', revision: 'e82be7d358', time: '2018-11-14T08:25:53'
System info: host: 'NCI-02195104-L', ip: '192.168.0.86', os.name: 'Windows 10', os.arch: 'amd64', os.version: '10.0', java.version: '1.8.0_181'
Driver info: org.openqa.selenium.chrome.ChromeDriver
Capabilities {acceptInsecureCerts: false, browserName: chrome, browserVersion: 92.0.4515.159, chrome: {chromedriverVersion: 92.0.4515.107 (87a818b10553..., userDataDir: C:\Users\sohilz2\AppData\Lo...}, goog:chromeOptions: {debuggerAddress: localhost:64727}, javascriptEnabled: true, networkConnectionEnabled: false, pageLoadStrategy: normal, platform: WINDOWS, platformName: WINDOWS, proxy: Proxy(), setWindowRect: true, strictFileInteractability: false, timeouts: {implicit: 0, pageLoad: 300000, script: 30000}, unhandledPromptBehavior: dismiss and notify, webauthn:extension:credBlob: true, webauthn:extension:largeBlob: true, webauthn:virtualAuthenticators: true}
Session ID: 2f6b27b4d9c1a407a7c54b51acaa620d
	at org.openqa.selenium.remote.http.W3CHttpResponseCodec.createException(W3CHttpResponseCodec.java:187)
	at org.openqa.selenium.remote.http.W3CHttpResponseCodec.decode(W3CHttpResponseCodec.java:122)
	at org.openqa.selenium.remote.http.W3CHttpResponseCodec.decode(W3CHttpResponseCodec.java:49)
	at org.openqa.selenium.remote.HttpCommandExecutor.execute(HttpCommandExecutor.java:158)
	at org.openqa.selenium.remote.service.DriverCommandExecutor.execute(DriverCommandExecutor.java:83)
	at org.openqa.selenium.remote.RemoteWebDriver.execute(RemoteWebDriver.java:552)
	at org.openqa.selenium.remote.RemoteWebElement.execute(RemoteWebElement.java:285)
	at org.openqa.selenium.remote.RemoteWebElement.click(RemoteWebElement.java:84)
	at org.openqa.selenium.support.events.EventFiringWebDriver$EventFiringWebElement.lambda$new$0(EventFiringWebDriver.java:404)
	at com.sun.proxy.$Proxy15.click(Unknown Source)
	at org.openqa.selenium.support.events.EventFiringWebDriver$EventFiringWebElement.click(EventFiringWebDriver.java:417)
	at com.kms.katalon.core.webui.keyword.builtin.ClickKeyword$_click_closure1.doCall(ClickKeyword.groovy:68)
	at com.kms.katalon.core.webui.keyword.builtin.ClickKeyword$_click_closure1.call(ClickKeyword.groovy)
	at com.kms.katalon.core.webui.keyword.internal.WebUIKeywordMain.runKeyword(WebUIKeywordMain.groovy:20)
	... 19 more]]></system-out>
      <system-err><![CDATA[2021-09-02 21:13:07 - [TEST_SUITE][FAILED] - ICDC_Partial_Regression: Test Cases/Canine_TestCases/RespToTreatment/TC02_Canine_Filter_RespToTrtmt-NotDetermined FAILED.
Reason:
com.kms.katalon.core.exception.StepFailedException: Unable to click on object 'Object Repository/Canine/Filter/ResponseToTreatment/RESPONSETOTREATMENT_Ddn'
	at com.kms.katalon.core.webui.keyword.internal.WebUIKeywordMain.stepFailed(WebUIKeywordMain.groovy:64)
	at com.kms.katalon.core.webui.keyword.internal.WebUIKeywordMain.runKeyword(WebUIKeywordMain.groovy:26)
	at com.kms.katalon.core.webui.keyword.builtin.ClickKeyword.click(ClickKeyword.groovy:75)
	at com.kms.katalon.core.webui.keyword.builtin.ClickKeyword.execute(ClickKeyword.groovy:42)
	at com.kms.katalon.core.keyword.internal.KeywordExecutor.executeKeywordForPlatform(KeywordExecutor.groovy:73)
	at com.kms.katalon.core.webui.keyword.WebUiBuiltInKeywords.click(WebUiBuiltInKeywords.groovy:620)
	at com.kms.katalon.core.webui.keyword.WebUiBuiltInKeywords$click$1.call(Unknown Source)
	at TC02_Canine_Filter_RespToTrtmt-NotDetermined.run(TC02_Canine_Filter_RespToTrtmt-NotDetermined:55)
	at com.kms.katalon.core.main.ScriptEngine.run(ScriptEngine.java:194)
	at com.kms.katalon.core.main.ScriptEngine.runScriptAsRawText(ScriptEngine.java:119)
	at com.kms.katalon.core.main.TestCaseExecutor.runScript(TestCaseExecutor.java:369)
	at com.kms.katalon.core.main.TestCaseExecutor.doExecute(TestCaseExecutor.java:360)
	at com.kms.katalon.core.main.TestCaseExecutor.processExecutionPhase(TestCaseExecutor.java:339)
	at com.kms.katalon.core.main.TestCaseExecutor.accessMainPhase(TestCaseExecutor.java:331)
	at com.kms.katalon.core.main.TestCaseExecutor.execute(TestCaseExecutor.java:248)
	at com.kms.katalon.core.main.TestSuiteExecutor.accessTestCaseMainPhase(TestSuiteExecutor.java:191)
	at com.kms.katalon.core.main.TestSuiteExecutor.accessTestSuiteMainPhase(TestSuiteExecutor.java:140)
	at com.kms.katalon.core.main.TestSuiteExecutor.execute(TestSuiteExecutor.java:89)
	at com.kms.katalon.core.main.TestCaseMain.startTestSuite(TestCaseMain.java:185)
	at com.kms.katalon.core.main.TestCaseMain$startTestSuite$0.call(Unknown Source)
	at TempTestSuite1630631579924.run(TempTestSuite1630631579924.groovy:39)
Caused by: org.openqa.selenium.ElementNotInteractableException: element not interactable
  (Session info: headless chrome=92.0.4515.159)
Build info: version: '3.141.59', revision: 'e82be7d358', time: '2018-11-14T08:25:53'
System info: host: 'NCI-02195104-L', ip: '192.168.0.86', os.name: 'Windows 10', os.arch: 'amd64', os.version: '10.0', java.version: '1.8.0_181'
Driver info: org.openqa.selenium.chrome.ChromeDriver
Capabilities {acceptInsecureCerts: false, browserName: chrome, browserVersion: 92.0.4515.159, chrome: {chromedriverVersion: 92.0.4515.107 (87a818b10553..., userDataDir: C:\Users\sohilz2\AppData\Lo...}, goog:chromeOptions: {debuggerAddress: localhost:64727}, javascriptEnabled: true, networkConnectionEnabled: false, pageLoadStrategy: normal, platform: WINDOWS, platformName: WINDOWS, proxy: Proxy(), setWindowRect: true, strictFileInteractability: false, timeouts: {implicit: 0, pageLoad: 300000, script: 30000}, unhandledPromptBehavior: dismiss and notify, webauthn:extension:credBlob: true, webauthn:extension:largeBlob: true, webauthn:virtualAuthenticators: true}
Session ID: 2f6b27b4d9c1a407a7c54b51acaa620d
	at org.openqa.selenium.remote.http.W3CHttpResponseCodec.createException(W3CHttpResponseCodec.java:187)
	at org.openqa.selenium.remote.http.W3CHttpResponseCodec.decode(W3CHttpResponseCodec.java:122)
	at org.openqa.selenium.remote.http.W3CHttpResponseCodec.decode(W3CHttpResponseCodec.java:49)
	at org.openqa.selenium.remote.HttpCommandExecutor.execute(HttpCommandExecutor.java:158)
	at org.openqa.selenium.remote.service.DriverCommandExecutor.execute(DriverCommandExecutor.java:83)
	at org.openqa.selenium.remote.RemoteWebDriver.execute(RemoteWebDriver.java:552)
	at org.openqa.selenium.remote.RemoteWebElement.execute(RemoteWebElement.java:285)
	at org.openqa.selenium.remote.RemoteWebElement.click(RemoteWebElement.java:84)
	at org.openqa.selenium.support.events.EventFiringWebDriver$EventFiringWebElement.lambda$new$0(EventFiringWebDriver.java:404)
	at com.sun.proxy.$Proxy15.click(Unknown Source)
	at org.openqa.selenium.support.events.EventFiringWebDriver$EventFiringWebElement.click(EventFiringWebDriver.java:417)
	at com.kms.katalon.core.webui.keyword.builtin.ClickKeyword$_click_closure1.doCall(ClickKeyword.groovy:68)
	at com.kms.katalon.core.webui.keyword.builtin.ClickKeyword$_click_closure1.call(ClickKeyword.groovy)
	at com.kms.katalon.core.webui.keyword.internal.WebUIKeywordMain.runKeyword(WebUIKeywordMain.groovy:20)
	... 19 more]]></system-err>
   </testsuite>
</testsuites>
