<?xml version="1.0" encoding="UTF-8"?>
<testsuites name="ICDC_UBC01_2TC" time="187.196" tests="2" failures="0" errors="0">
   <testsuite name="ICDC_UBC01_2TC" tests="2" failures="0" errors="0" time="187.196" skipped="0" timestamp="2021-07-08 21:14:25" hostname="lollal - NCI-02158064-L.nci.nih.gov" id="Test Suites/ICDC_UBC01_2TC">
      <properties>
         <property name="deviceName" value=""/>
         <property name="devicePlatform" value=""/>
         <property name="logFolder" value="C:\\Automation_master\\Reports\\20210708_211416\\ICDC_UBC01_2TC\\20210708_211416"/>
         <property name="logFiles" value="C:\\Automation_master\\Reports\\20210708_211416\\ICDC_UBC01_2TC\\20210708_211416\\execution0.log"/>
         <property name="attachments" value=""/>
         <property name="hostName" value="lollal - NCI-02158064-L.nci.nih.gov"/>
         <property name="os" value="Windows 10 64bit"/>
         <property name="katalonVersion" value="8.0.5.208"/>
         <property name="browser" value="Chrome 91.0.4472.124"/>
         <property name="hostAddress" value="10.242.172.97"/>
         <property name="sessionId" value="f903d4ce3e4e4b137a70afb4ca0e1a41"/>
         <property name="seleniumVersion" value="3.141.59"/>
         <property name="proxyInformation" value="ProxyInformation { proxyOption=NO_PROXY, proxyServerType=HTTP, username=, password=********, proxyServerAddress=, proxyServerPort=0, executionList=&quot;&quot;, isApplyToDesiredCapabilities=true }"/>
         <property name="platform" value="Windows 10"/>
      </properties>
      <testcase name="Test Cases/Canine_TestCases/StudyCombinations/Study-Combinations-UBC01/TC01_Canine_StudyUBC-Breed_Diagnosis_PrimDiseaseSite" time="83.262" classname="Test Cases/Canine_TestCases/StudyCombinations/Study-Combinations-UBC01/TC01_Canine_StudyUBC-Breed_Diagnosis_PrimDiseaseSite" status="PASSED">
         <system-out><![CDATA[2021-07-08 21:14:27 - [TEST_CASE][PASSED] - Test Cases/Canine_TestCases/StudyCombinations/Study-Combinations-UBC01/TC01_Canine_StudyUBC-Breed_Diagnosis_PrimDiseaseSite: Test Cases/Canine_TestCases/StudyCombinations/Study-Combinations-UBC01/TC01_Canine_StudyUBC-Breed_Diagnosis_PrimDiseaseSite

2021-07-08 21:14:27 - [TEST_STEP][PASSED] - Start listener action : getTestScriptName: null

2021-07-08 21:14:27 - [TEST_STEP][PASSED] - TestCaseId = testCaseContext.getTestCaseId(): null

2021-07-08 21:14:27 - [TEST_STEP][PASSED] - out.println("**********this is the value of test case id string******** " + testCaseContext.getTestCaseId()): null

2021-07-08 21:14:27 - [TEST_STEP][PASSED] - G_currentTCName = TestCaseId.substring(TestCaseId.lastIndexOf("TC")): null

2021-07-08 21:14:27 - [TEST_STEP][PASSED] - out.println("This is the test case name : " + G_currentTCName): null

2021-07-08 21:14:28 - [TEST_STEP][PASSED] - closeBrowser(): Browser is closed

2021-07-08 21:14:28 - [MESSAGE][PASSED] - Browser is closed

2021-07-08 21:14:28 - [TEST_STEP][PASSED] - "Driver opened by Katalon is used in Selenium from this step.": null

2021-07-08 21:14:28 - [TEST_STEP][PASSED] - ctdc.utilities.runtestcaseforKatalon.RunKatalon("TC01_Canine_StudyUBC-Breed_Diagnosis_PrimDiseaseSite.xlsx"): Data loaded from input file for the test case. 

2021-07-08 21:14:29 - [MESSAGE][PASSED] - Test case file loaded This is the full filepath after converting to string :C:\Automation_master\InputFiles\TC01_Canine_StudyUBC-Breed_Diagnosis_PrimDiseaseSite.xlsx

2021-07-08 21:14:29 - [MESSAGE][INFO] - Global variable set for password file is :  C:\Automation_master\InputFiles\TC01_Canine_StudyUBC-Breed_Diagnosis_PrimDiseaseSite.xlsx

2021-07-08 21:14:33 - [MESSAGE][PASSED] - Data loaded from input file for the test case. 

2021-07-08 21:14:45 - [TEST_STEP][PASSED] - waitForElementPresent(findTestObject("Canine/NavBar/Canine_Cases_Btn"), 20): Object 'Object Repository/Canine/NavBar/Canine_Cases_Btn' is present

2021-07-08 21:14:46 - [MESSAGE][PASSED] - Object 'Object Repository/Canine/NavBar/Canine_Cases_Btn' is present

2021-07-08 21:14:46 - [TEST_STEP][PASSED] - verifyElementPresent(findTestObject("Canine/NavBar/Canine_Cases_Btn"), 5): Object 'Object Repository/Canine/NavBar/Canine_Cases_Btn' is present

2021-07-08 21:14:46 - [MESSAGE][PASSED] - Object 'Object Repository/Canine/NavBar/Canine_Cases_Btn' is present

2021-07-08 21:14:46 - [TEST_STEP][PASSED] - ctdc.utilities.runtestcaseforKatalon.clickTab("Canine/NavBar/Canine_Cases_Btn"): ctdc.utilities.runtestcaseforKatalon.clickTab is PASSED

2021-07-08 21:14:46 - [MESSAGE][PASSED] - ctdc.utilities.runtestcaseforKatalon.clickTab is PASSED

2021-07-08 21:14:46 - [TEST_STEP][PASSED] - waitForElementPresent(findTestObject("Object Repository/Canine/Filter/FilterByCases_Facet"), 20): Object 'Object Repository/Canine/Filter/FilterByCases_Facet' is present

2021-07-08 21:14:48 - [MESSAGE][PASSED] - Object 'Object Repository/Canine/Filter/FilterByCases_Facet' is present

2021-07-08 21:14:48 - [TEST_STEP][PASSED] - verifyElementPresent(findTestObject("Object Repository/Canine/Filter/FilterByCases_Facet"), 5): Object 'Object Repository/Canine/Filter/FilterByCases_Facet' is present

2021-07-08 21:14:49 - [MESSAGE][PASSED] - Object 'Object Repository/Canine/Filter/FilterByCases_Facet' is present

2021-07-08 21:14:49 - [TEST_STEP][PASSED] - ctdc.utilities.runtestcaseforKatalon.clickTab("Object Repository/Canine/Filter/FilterByCases_Facet"): ctdc.utilities.runtestcaseforKatalon.clickTab is PASSED

2021-07-08 21:14:49 - [MESSAGE][PASSED] - ctdc.utilities.runtestcaseforKatalon.clickTab is PASSED

2021-07-08 21:14:49 - [TEST_STEP][PASSED] - waitForElementPresent(findTestObject("Object Repository/Canine/Filter/Study/Canine_Filter_Study"), 30): Object 'Object Repository/Canine/Filter/Study/Canine_Filter_Study' is present

2021-07-08 21:14:50 - [MESSAGE][PASSED] - Object 'Object Repository/Canine/Filter/Study/Canine_Filter_Study' is present

2021-07-08 21:14:50 - [TEST_STEP][PASSED] - verifyElementPresent(findTestObject("Object Repository/Canine/Filter/Study/Canine_Filter_Study"), 5): Object 'Object Repository/Canine/Filter/Study/Canine_Filter_Study' is present

2021-07-08 21:14:50 - [MESSAGE][PASSED] - Object 'Object Repository/Canine/Filter/Study/Canine_Filter_Study' is present

2021-07-08 21:14:50 - [TEST_STEP][PASSED] - ctdc.utilities.runtestcaseforKatalon.clickTab("Object Repository/Canine/Filter/Study/Canine_Filter_Study"): ctdc.utilities.runtestcaseforKatalon.clickTab is PASSED

2021-07-08 21:14:50 - [MESSAGE][PASSED] - ctdc.utilities.runtestcaseforKatalon.clickTab is PASSED

2021-07-08 21:14:50 - [TEST_STEP][PASSED] - waitForElementPresent(findTestObject("Object Repository/Canine/Filter/Study/Canine_Filter_Study-UBC_Chkbx"), 30): Object 'Object Repository/Canine/Filter/Study/Canine_Filter_Study-UBC_Chkbx' is present

2021-07-08 21:14:51 - [MESSAGE][PASSED] - Object 'Object Repository/Canine/Filter/Study/Canine_Filter_Study-UBC_Chkbx' is present

2021-07-08 21:14:51 - [TEST_STEP][PASSED] - verifyElementPresent(findTestObject("Object Repository/Canine/Filter/Study/Canine_Filter_Study-UBC_Chkbx"), 5): Object 'Object Repository/Canine/Filter/Study/Canine_Filter_Study-UBC_Chkbx' is present

2021-07-08 21:14:51 - [MESSAGE][PASSED] - Object 'Object Repository/Canine/Filter/Study/Canine_Filter_Study-UBC_Chkbx' is present

2021-07-08 21:14:51 - [TEST_STEP][PASSED] - ctdc.utilities.runtestcaseforKatalon.clickTab("Object Repository/Canine/Filter/Study/Canine_Filter_Study-UBC_Chkbx"): ctdc.utilities.runtestcaseforKatalon.clickTab is PASSED

2021-07-08 21:14:51 - [MESSAGE][PASSED] - ctdc.utilities.runtestcaseforKatalon.clickTab is PASSED

2021-07-08 21:14:51 - [TEST_STEP][PASSED] - Thread.sleep(2000): null

2021-07-08 21:14:53 - [TEST_STEP][PASSED] - waitForElementPresent(findTestObject("Object Repository/Canine/Filter/Breed/BREED_Ddn"), 30): Object 'Object Repository/Canine/Filter/Breed/BREED_Ddn' is present

2021-07-08 21:14:53 - [MESSAGE][PASSED] - Object 'Object Repository/Canine/Filter/Breed/BREED_Ddn' is present

2021-07-08 21:14:53 - [TEST_STEP][PASSED] - verifyElementPresent(findTestObject("Object Repository/Canine/Filter/Breed/BREED_Ddn"), 5): Object 'Object Repository/Canine/Filter/Breed/BREED_Ddn' is present

2021-07-08 21:14:53 - [MESSAGE][PASSED] - Object 'Object Repository/Canine/Filter/Breed/BREED_Ddn' is present

2021-07-08 21:14:53 - [TEST_STEP][PASSED] - ctdc.utilities.runtestcaseforKatalon.clickTab("Object Repository/Canine/Filter/Breed/BREED_Ddn"): ctdc.utilities.runtestcaseforKatalon.clickTab is PASSED

2021-07-08 21:14:54 - [MESSAGE][PASSED] - ctdc.utilities.runtestcaseforKatalon.clickTab is PASSED

2021-07-08 21:14:54 - [TEST_STEP][PASSED] - waitForElementPresent(findTestObject("Object Repository/Canine/Filter/Breed/Beagle_Chkbx"), 30): Object 'Object Repository/Canine/Filter/Breed/Beagle_Chkbx' is present

2021-07-08 21:14:54 - [MESSAGE][PASSED] - Object 'Object Repository/Canine/Filter/Breed/Beagle_Chkbx' is present

2021-07-08 21:14:54 - [TEST_STEP][PASSED] - verifyElementPresent(findTestObject("Object Repository/Canine/Filter/Breed/Beagle_Chkbx"), 5): Object 'Object Repository/Canine/Filter/Breed/Beagle_Chkbx' is present

2021-07-08 21:14:54 - [MESSAGE][PASSED] - Object 'Object Repository/Canine/Filter/Breed/Beagle_Chkbx' is present

2021-07-08 21:14:54 - [TEST_STEP][PASSED] - ctdc.utilities.runtestcaseforKatalon.clickTab("Object Repository/Canine/Filter/Breed/Beagle_Chkbx"): ctdc.utilities.runtestcaseforKatalon.clickTab is PASSED

2021-07-08 21:14:54 - [MESSAGE][PASSED] - ctdc.utilities.runtestcaseforKatalon.clickTab is PASSED

2021-07-08 21:14:54 - [TEST_STEP][PASSED] - waitForElementPresent(findTestObject("Object Repository/Canine/Filter/Breed/Mixed_Chkbx"), 30): Object 'Object Repository/Canine/Filter/Breed/Mixed_Chkbx' is present

2021-07-08 21:14:55 - [MESSAGE][PASSED] - Object 'Object Repository/Canine/Filter/Breed/Mixed_Chkbx' is present

2021-07-08 21:14:55 - [TEST_STEP][PASSED] - verifyElementPresent(findTestObject("Object Repository/Canine/Filter/Breed/Mixed_Chkbx"), 5): Object 'Object Repository/Canine/Filter/Breed/Mixed_Chkbx' is present

2021-07-08 21:14:55 - [MESSAGE][PASSED] - Object 'Object Repository/Canine/Filter/Breed/Mixed_Chkbx' is present

2021-07-08 21:14:55 - [TEST_STEP][PASSED] - ctdc.utilities.runtestcaseforKatalon.clickTab("Object Repository/Canine/Filter/Breed/Mixed_Chkbx"): ctdc.utilities.runtestcaseforKatalon.clickTab is PASSED

2021-07-08 21:14:56 - [MESSAGE][PASSED] - ctdc.utilities.runtestcaseforKatalon.clickTab is PASSED

2021-07-08 21:14:56 - [TEST_STEP][PASSED] - ctdc.utilities.runtestcaseforKatalon.clickTab("Object Repository/Canine/Filter/Breed/BREED_Ddn"): ctdc.utilities.runtestcaseforKatalon.clickTab is PASSED

2021-07-08 21:14:56 - [MESSAGE][PASSED] - ctdc.utilities.runtestcaseforKatalon.clickTab is PASSED

2021-07-08 21:14:56 - [TEST_STEP][PASSED] - Thread.sleep(2000): null

2021-07-08 21:14:58 - [TEST_STEP][PASSED] - waitForElementPresent(findTestObject("Object Repository/Canine/Filter/Diagnosis/DIAGNOSIS_Ddn"), 30): Object 'Object Repository/Canine/Filter/Diagnosis/DIAGNOSIS_Ddn' is present

2021-07-08 21:14:59 - [MESSAGE][PASSED] - Object 'Object Repository/Canine/Filter/Diagnosis/DIAGNOSIS_Ddn' is present

2021-07-08 21:14:59 - [TEST_STEP][PASSED] - verifyElementPresent(findTestObject("Object Repository/Canine/Filter/Diagnosis/DIAGNOSIS_Ddn"), 5): Object 'Object Repository/Canine/Filter/Diagnosis/DIAGNOSIS_Ddn' is present

2021-07-08 21:14:59 - [MESSAGE][PASSED] - Object 'Object Repository/Canine/Filter/Diagnosis/DIAGNOSIS_Ddn' is present

2021-07-08 21:14:59 - [TEST_STEP][PASSED] - ctdc.utilities.runtestcaseforKatalon.clickTab("Object Repository/Canine/Filter/Diagnosis/DIAGNOSIS_Ddn"): ctdc.utilities.runtestcaseforKatalon.clickTab is PASSED

2021-07-08 21:14:59 - [MESSAGE][PASSED] - ctdc.utilities.runtestcaseforKatalon.clickTab is PASSED

2021-07-08 21:14:59 - [TEST_STEP][PASSED] - waitForElementPresent(findTestObject("Object Repository/Canine/Filter/Diagnosis/BladderCancer_Chkbx"), 30): Object 'Object Repository/Canine/Filter/Diagnosis/BladderCancer_Chkbx' is present

2021-07-08 21:14:59 - [MESSAGE][PASSED] - Object 'Object Repository/Canine/Filter/Diagnosis/BladderCancer_Chkbx' is present

2021-07-08 21:14:59 - [TEST_STEP][PASSED] - verifyElementPresent(findTestObject("Object Repository/Canine/Filter/Diagnosis/BladderCancer_Chkbx"), 5): Object 'Object Repository/Canine/Filter/Diagnosis/BladderCancer_Chkbx' is present

2021-07-08 21:15:00 - [MESSAGE][PASSED] - Object 'Object Repository/Canine/Filter/Diagnosis/BladderCancer_Chkbx' is present

2021-07-08 21:15:00 - [TEST_STEP][PASSED] - ctdc.utilities.runtestcaseforKatalon.clickTab("Object Repository/Canine/Filter/Diagnosis/BladderCancer_Chkbx"): ctdc.utilities.runtestcaseforKatalon.clickTab is PASSED

2021-07-08 21:15:00 - [MESSAGE][PASSED] - ctdc.utilities.runtestcaseforKatalon.clickTab is PASSED

2021-07-08 21:15:00 - [TEST_STEP][PASSED] - waitForElementPresent(findTestObject("Object Repository/Canine/Filter/Diagnosis/HealthyControl_Chkbx"), 30): Object 'Object Repository/Canine/Filter/Diagnosis/HealthyControl_Chkbx' is present

2021-07-08 21:15:01 - [MESSAGE][PASSED] - Object 'Object Repository/Canine/Filter/Diagnosis/HealthyControl_Chkbx' is present

2021-07-08 21:15:01 - [TEST_STEP][PASSED] - verifyElementPresent(findTestObject("Object Repository/Canine/Filter/Diagnosis/HealthyControl_Chkbx"), 5): Object 'Object Repository/Canine/Filter/Diagnosis/HealthyControl_Chkbx' is present

2021-07-08 21:15:01 - [MESSAGE][PASSED] - Object 'Object Repository/Canine/Filter/Diagnosis/HealthyControl_Chkbx' is present

2021-07-08 21:15:01 - [TEST_STEP][PASSED] - ctdc.utilities.runtestcaseforKatalon.clickTab("Object Repository/Canine/Filter/Diagnosis/HealthyControl_Chkbx"): ctdc.utilities.runtestcaseforKatalon.clickTab is PASSED

2021-07-08 21:15:01 - [MESSAGE][PASSED] - ctdc.utilities.runtestcaseforKatalon.clickTab is PASSED

2021-07-08 21:15:01 - [TEST_STEP][PASSED] - ctdc.utilities.runtestcaseforKatalon.clickTab("Object Repository/Canine/Filter/Diagnosis/DIAGNOSIS_Ddn"): ctdc.utilities.runtestcaseforKatalon.clickTab is PASSED

2021-07-08 21:15:02 - [MESSAGE][PASSED] - ctdc.utilities.runtestcaseforKatalon.clickTab is PASSED

2021-07-08 21:15:02 - [TEST_STEP][PASSED] - Thread.sleep(2000): null

2021-07-08 21:15:04 - [TEST_STEP][PASSED] - waitForElementPresent(findTestObject("Object Repository/Canine/Filter/PrimDiseaseSite/PRIMARYDISEASESITE_Ddn"), 30): Object 'Object Repository/Canine/Filter/PrimDiseaseSite/PRIMARYDISEASESITE_Ddn' is present

2021-07-08 21:15:04 - [MESSAGE][PASSED] - Object 'Object Repository/Canine/Filter/PrimDiseaseSite/PRIMARYDISEASESITE_Ddn' is present

2021-07-08 21:15:04 - [TEST_STEP][PASSED] - verifyElementPresent(findTestObject("Object Repository/Canine/Filter/PrimDiseaseSite/PRIMARYDISEASESITE_Ddn"), 5): Object 'Object Repository/Canine/Filter/PrimDiseaseSite/PRIMARYDISEASESITE_Ddn' is present

2021-07-08 21:15:04 - [MESSAGE][PASSED] - Object 'Object Repository/Canine/Filter/PrimDiseaseSite/PRIMARYDISEASESITE_Ddn' is present

2021-07-08 21:15:04 - [TEST_STEP][PASSED] - ctdc.utilities.runtestcaseforKatalon.clickTab("Object Repository/Canine/Filter/PrimDiseaseSite/PRIMARYDISEASESITE_Ddn"): ctdc.utilities.runtestcaseforKatalon.clickTab is PASSED

2021-07-08 21:15:04 - [MESSAGE][PASSED] - ctdc.utilities.runtestcaseforKatalon.clickTab is PASSED

2021-07-08 21:15:04 - [TEST_STEP][PASSED] - waitForElementPresent(findTestObject("Object Repository/Canine/Filter/PrimDiseaseSite/BladderUrethra_Chkbx"), 30): Object 'Object Repository/Canine/Filter/PrimDiseaseSite/BladderUrethra_Chkbx' is present

2021-07-08 21:15:04 - [MESSAGE][PASSED] - Object 'Object Repository/Canine/Filter/PrimDiseaseSite/BladderUrethra_Chkbx' is present

2021-07-08 21:15:04 - [TEST_STEP][PASSED] - verifyElementPresent(findTestObject("Object Repository/Canine/Filter/PrimDiseaseSite/BladderUrethra_Chkbx"), 5): Object 'Object Repository/Canine/Filter/PrimDiseaseSite/BladderUrethra_Chkbx' is present

2021-07-08 21:15:05 - [MESSAGE][PASSED] - Object 'Object Repository/Canine/Filter/PrimDiseaseSite/BladderUrethra_Chkbx' is present

2021-07-08 21:15:05 - [TEST_STEP][PASSED] - waitForElementClickable(findTestObject("Object Repository/Canine/Filter/PrimDiseaseSite/BladderUrethra_Chkbx"), 30): Object 'Object Repository/Canine/Filter/PrimDiseaseSite/BladderUrethra_Chkbx' is clickable

2021-07-08 21:15:05 - [MESSAGE][PASSED] - Object 'Object Repository/Canine/Filter/PrimDiseaseSite/BladderUrethra_Chkbx' is clickable

2021-07-08 21:15:05 - [TEST_STEP][PASSED] - ctdc.utilities.runtestcaseforKatalon.clickTab("Object Repository/Canine/Filter/PrimDiseaseSite/BladderUrethra_Chkbx"): ctdc.utilities.runtestcaseforKatalon.clickTab is PASSED

2021-07-08 21:15:05 - [MESSAGE][PASSED] - ctdc.utilities.runtestcaseforKatalon.clickTab is PASSED

2021-07-08 21:15:05 - [TEST_STEP][PASSED] - waitForElementPresent(findTestObject("Object Repository/Canine/Filter/PrimDiseaseSite/BladderProstate_Chkbx"), 30): Object 'Object Repository/Canine/Filter/PrimDiseaseSite/BladderProstate_Chkbx' is present

2021-07-08 21:15:06 - [MESSAGE][PASSED] - Object 'Object Repository/Canine/Filter/PrimDiseaseSite/BladderProstate_Chkbx' is present

2021-07-08 21:15:06 - [TEST_STEP][PASSED] - verifyElementPresent(findTestObject("Object Repository/Canine/Filter/PrimDiseaseSite/BladderProstate_Chkbx"), 5): Object 'Object Repository/Canine/Filter/PrimDiseaseSite/BladderProstate_Chkbx' is present

2021-07-08 21:15:06 - [MESSAGE][PASSED] - Object 'Object Repository/Canine/Filter/PrimDiseaseSite/BladderProstate_Chkbx' is present

2021-07-08 21:15:06 - [TEST_STEP][PASSED] - Thread.sleep(2000): null

2021-07-08 21:15:08 - [TEST_STEP][PASSED] - ctdc.utilities.runtestcaseforKatalon.clickTab("Object Repository/Canine/Filter/PrimDiseaseSite/BladderProstate_Chkbx"): ctdc.utilities.runtestcaseforKatalon.clickTab is PASSED

2021-07-08 21:15:08 - [MESSAGE][PASSED] - ctdc.utilities.runtestcaseforKatalon.clickTab is PASSED

2021-07-08 21:15:08 - [TEST_STEP][PASSED] - ctdc.utilities.runtestcaseforKatalon.clickTab("Object Repository/Canine/Filter/PrimDiseaseSite/PRIMARYDISEASESITE_Ddn"): ctdc.utilities.runtestcaseforKatalon.clickTab is PASSED

2021-07-08 21:15:09 - [MESSAGE][PASSED] - ctdc.utilities.runtestcaseforKatalon.clickTab is PASSED

2021-07-08 21:15:09 - [TEST_STEP][PASSED] - Thread.sleep(2000): null

2021-07-08 21:15:11 - [TEST_STEP][PASSED] - ctdc.utilities.runtestcaseforKatalon.readStatBarCanine("Object Repository/Canine/StatBar/Canine_StatBar-Studies", "Object Repository/Canine/StatBar/Canine_StatBar-Cases", "Object Repository/Canine/StatBar/Canine_StatBar-Samples", "Object Repository/Canine/StatBar/Canine_StatBar-Files", "Object Repository/Canine/StatBar/Canine_StatBar-Aliquots"): ctdc.utilities.runtestcaseforKatalon.readStatBarCanine is PASSED

2021-07-08 21:15:27 - [MESSAGE][PASSED] - ctdc.utilities.runtestcaseforKatalon.readStatBarCanine is PASSED

2021-07-08 21:15:27 - [TEST_STEP][PASSED] - waitForElementPresent(findTestObject("Object Repository/Canine/CanineResults_Cases_Tab"), 30): Object 'Object Repository/Canine/CanineResults_Cases_Tab' is present

2021-07-08 21:15:27 - [MESSAGE][PASSED] - Object 'Object Repository/Canine/CanineResults_Cases_Tab' is present

2021-07-08 21:15:27 - [TEST_STEP][PASSED] - verifyElementPresent(findTestObject("Object Repository/Canine/CanineResults_Cases_Tab"), 5): Object 'Object Repository/Canine/CanineResults_Cases_Tab' is present

2021-07-08 21:15:27 - [MESSAGE][PASSED] - Object 'Object Repository/Canine/CanineResults_Cases_Tab' is present

2021-07-08 21:15:27 - [TEST_STEP][PASSED] - ctdc.utilities.runtestcaseforKatalon.clickTab("Object Repository/Canine/CanineResults_Cases_Tab"): ctdc.utilities.runtestcaseforKatalon.clickTab is PASSED

2021-07-08 21:15:27 - [MESSAGE][PASSED] - ctdc.utilities.runtestcaseforKatalon.clickTab is PASSED

2021-07-08 21:15:27 - [TEST_STEP][PASSED] - ctdc.utilities.runtestcaseforKatalon.multiFunction("ICDC", G_StatBar_Cases, "Object Repository/Canine/Canine_CasesTable", "Object Repository/Canine/Canine_TableHeader", "Object Repository/Canine/Canine_CasesTabNextBtn", G_WebTabnameCases, G_CypherTabnameCases, G_QueryCasesTab): Statbar Arms count matches

2021-07-08 21:15:50 - [MESSAGE][PASSED] - Statbar Files count matches

2021-07-08 21:15:50 - [MESSAGE][PASSED] - Statbar Samples count matches

2021-07-08 21:15:50 - [MESSAGE][PASSED] - Statbar Cases count matches

2021-07-08 21:15:50 - [MESSAGE][PASSED] - Statbar Arms count matches]]></system-out>
         <system-err><![CDATA[]]></system-err>
      </testcase>
      <testcase name="Test Cases/Canine_TestCases/StudyCombinations/Study-Combinations-UBC01/TC02_Canine_StudyUBC-Breed_Diagnosis_PrimDiseaseSite" time="99.869" classname="Test Cases/Canine_TestCases/StudyCombinations/Study-Combinations-UBC01/TC02_Canine_StudyUBC-Breed_Diagnosis_PrimDiseaseSite" status="PASSED">
         <system-out><![CDATA[2021-07-08 21:15:50 - [TEST_CASE][PASSED] - Test Cases/Canine_TestCases/StudyCombinations/Study-Combinations-UBC01/TC02_Canine_StudyUBC-Breed_Diagnosis_PrimDiseaseSite: Test Cases/Canine_TestCases/StudyCombinations/Study-Combinations-UBC01/TC02_Canine_StudyUBC-Breed_Diagnosis_PrimDiseaseSite

2021-07-08 21:15:50 - [TEST_STEP][PASSED] - Start listener action : getTestScriptName: null

2021-07-08 21:15:50 - [TEST_STEP][PASSED] - TestCaseId = testCaseContext.getTestCaseId(): null

2021-07-08 21:15:50 - [TEST_STEP][PASSED] - out.println("**********this is the value of test case id string******** " + testCaseContext.getTestCaseId()): null

2021-07-08 21:15:50 - [TEST_STEP][PASSED] - G_currentTCName = TestCaseId.substring(TestCaseId.lastIndexOf("TC")): null

2021-07-08 21:15:50 - [TEST_STEP][PASSED] - out.println("This is the test case name : " + G_currentTCName): null

2021-07-08 21:15:51 - [TEST_STEP][PASSED] - closeBrowser(): Browser is closed

2021-07-08 21:15:52 - [MESSAGE][PASSED] - Browser is closed

2021-07-08 21:15:52 - [TEST_STEP][PASSED] - "Driver opened by Katalon is used in Selenium from this step.": null

2021-07-08 21:15:52 - [TEST_STEP][PASSED] - ctdc.utilities.runtestcaseforKatalon.RunKatalon("TC02_Canine_StudyUBC-Breed_Diagnosis_PrimDiseaseSite.xlsx"): Data loaded from input file for the test case. 

2021-07-08 21:15:52 - [MESSAGE][PASSED] - Test case file loaded This is the full filepath after converting to string :C:\Automation_master\InputFiles\TC02_Canine_StudyUBC-Breed_Diagnosis_PrimDiseaseSite.xlsx

2021-07-08 21:15:52 - [MESSAGE][INFO] - Global variable set for password file is :  C:\Automation_master\InputFiles\TC02_Canine_StudyUBC-Breed_Diagnosis_PrimDiseaseSite.xlsx

2021-07-08 21:15:56 - [MESSAGE][PASSED] - Data loaded from input file for the test case. 

2021-07-08 21:16:05 - [TEST_STEP][PASSED] - waitForElementPresent(findTestObject("Canine/NavBar/Canine_Cases_Btn"), 3): Object 'Object Repository/Canine/NavBar/Canine_Cases_Btn' is present

2021-07-08 21:16:05 - [MESSAGE][PASSED] - Object 'Object Repository/Canine/NavBar/Canine_Cases_Btn' is present

2021-07-08 21:16:05 - [TEST_STEP][PASSED] - verifyElementPresent(findTestObject("Canine/NavBar/Canine_Cases_Btn"), 5): Object 'Object Repository/Canine/NavBar/Canine_Cases_Btn' is present

2021-07-08 21:16:05 - [MESSAGE][PASSED] - Object 'Object Repository/Canine/NavBar/Canine_Cases_Btn' is present

2021-07-08 21:16:05 - [TEST_STEP][PASSED] - ctdc.utilities.runtestcaseforKatalon.clickTab("Canine/NavBar/Canine_Cases_Btn"): ctdc.utilities.runtestcaseforKatalon.clickTab is PASSED

2021-07-08 21:16:06 - [MESSAGE][PASSED] - ctdc.utilities.runtestcaseforKatalon.clickTab is PASSED

2021-07-08 21:16:06 - [TEST_STEP][PASSED] - waitForElementPresent(findTestObject("Object Repository/Canine/Filter/FilterByCases_Facet"), 3): Object 'Object Repository/Canine/Filter/FilterByCases_Facet' is present

2021-07-08 21:16:08 - [MESSAGE][PASSED] - Object 'Object Repository/Canine/Filter/FilterByCases_Facet' is present

2021-07-08 21:16:08 - [TEST_STEP][PASSED] - verifyElementPresent(findTestObject("Object Repository/Canine/Filter/FilterByCases_Facet"), 5): Object 'Object Repository/Canine/Filter/FilterByCases_Facet' is present

2021-07-08 21:16:09 - [MESSAGE][PASSED] - Object 'Object Repository/Canine/Filter/FilterByCases_Facet' is present

2021-07-08 21:16:09 - [TEST_STEP][PASSED] - ctdc.utilities.runtestcaseforKatalon.clickTab("Object Repository/Canine/Filter/FilterByCases_Facet"): ctdc.utilities.runtestcaseforKatalon.clickTab is PASSED

2021-07-08 21:16:10 - [MESSAGE][PASSED] - ctdc.utilities.runtestcaseforKatalon.clickTab is PASSED

2021-07-08 21:16:10 - [TEST_STEP][PASSED] - waitForElementPresent(findTestObject("Object Repository/Canine/Filter/Study/Canine_Filter_Study"), 5): Object 'Object Repository/Canine/Filter/Study/Canine_Filter_Study' is present

2021-07-08 21:16:10 - [MESSAGE][PASSED] - Object 'Object Repository/Canine/Filter/Study/Canine_Filter_Study' is present

2021-07-08 21:16:10 - [TEST_STEP][PASSED] - verifyElementPresent(findTestObject("Object Repository/Canine/Filter/Study/Canine_Filter_Study"), 5): Object 'Object Repository/Canine/Filter/Study/Canine_Filter_Study' is present

2021-07-08 21:16:10 - [MESSAGE][PASSED] - Object 'Object Repository/Canine/Filter/Study/Canine_Filter_Study' is present

2021-07-08 21:16:10 - [TEST_STEP][PASSED] - ctdc.utilities.runtestcaseforKatalon.clickTab("Object Repository/Canine/Filter/Study/Canine_Filter_Study"): ctdc.utilities.runtestcaseforKatalon.clickTab is PASSED

2021-07-08 21:16:10 - [MESSAGE][PASSED] - ctdc.utilities.runtestcaseforKatalon.clickTab is PASSED

2021-07-08 21:16:10 - [TEST_STEP][PASSED] - waitForElementPresent(findTestObject("Object Repository/Canine/Filter/Study/Canine_Filter_Study-UBC_Chkbx"), 5): Object 'Object Repository/Canine/Filter/Study/Canine_Filter_Study-UBC_Chkbx' is present

2021-07-08 21:16:10 - [MESSAGE][PASSED] - Object 'Object Repository/Canine/Filter/Study/Canine_Filter_Study-UBC_Chkbx' is present

2021-07-08 21:16:10 - [TEST_STEP][PASSED] - verifyElementPresent(findTestObject("Object Repository/Canine/Filter/Study/Canine_Filter_Study-UBC_Chkbx"), 5): Object 'Object Repository/Canine/Filter/Study/Canine_Filter_Study-UBC_Chkbx' is present

2021-07-08 21:16:11 - [MESSAGE][PASSED] - Object 'Object Repository/Canine/Filter/Study/Canine_Filter_Study-UBC_Chkbx' is present

2021-07-08 21:16:11 - [TEST_STEP][PASSED] - ctdc.utilities.runtestcaseforKatalon.clickTab("Object Repository/Canine/Filter/Study/Canine_Filter_Study-UBC_Chkbx"): ctdc.utilities.runtestcaseforKatalon.clickTab is PASSED

2021-07-08 21:16:11 - [MESSAGE][PASSED] - ctdc.utilities.runtestcaseforKatalon.clickTab is PASSED

2021-07-08 21:16:11 - [TEST_STEP][PASSED] - Thread.sleep(2000): null

2021-07-08 21:16:13 - [TEST_STEP][PASSED] - waitForElementPresent(findTestObject("Object Repository/Canine/Filter/Breed/BREED_Ddn"), 5): Object 'Object Repository/Canine/Filter/Breed/BREED_Ddn' is present

2021-07-08 21:16:13 - [MESSAGE][PASSED] - Object 'Object Repository/Canine/Filter/Breed/BREED_Ddn' is present

2021-07-08 21:16:13 - [TEST_STEP][PASSED] - verifyElementPresent(findTestObject("Object Repository/Canine/Filter/Breed/BREED_Ddn"), 5): Object 'Object Repository/Canine/Filter/Breed/BREED_Ddn' is present

2021-07-08 21:16:13 - [MESSAGE][PASSED] - Object 'Object Repository/Canine/Filter/Breed/BREED_Ddn' is present

2021-07-08 21:16:13 - [TEST_STEP][PASSED] - ctdc.utilities.runtestcaseforKatalon.clickTab("Object Repository/Canine/Filter/Breed/BREED_Ddn"): ctdc.utilities.runtestcaseforKatalon.clickTab is PASSED

2021-07-08 21:16:13 - [MESSAGE][PASSED] - ctdc.utilities.runtestcaseforKatalon.clickTab is PASSED

2021-07-08 21:16:13 - [TEST_STEP][PASSED] - Thread.sleep(2000): null

2021-07-08 21:16:15 - [TEST_STEP][PASSED] - waitForElementPresent(findTestObject("Object Repository/Canine/Filter/Breed/BorderCol_Chkbx"), 5): Object 'Object Repository/Canine/Filter/Breed/BorderCol_Chkbx' is present

2021-07-08 21:16:16 - [MESSAGE][PASSED] - Object 'Object Repository/Canine/Filter/Breed/BorderCol_Chkbx' is present

2021-07-08 21:16:16 - [TEST_STEP][PASSED] - verifyElementPresent(findTestObject("Object Repository/Canine/Filter/Breed/BorderCol_Chkbx"), 5): Object 'Object Repository/Canine/Filter/Breed/BorderCol_Chkbx' is present

2021-07-08 21:16:16 - [MESSAGE][PASSED] - Object 'Object Repository/Canine/Filter/Breed/BorderCol_Chkbx' is present

2021-07-08 21:16:16 - [TEST_STEP][PASSED] - ctdc.utilities.runtestcaseforKatalon.clickTab("Object Repository/Canine/Filter/Breed/BorderCol_Chkbx"): ctdc.utilities.runtestcaseforKatalon.clickTab is PASSED

2021-07-08 21:16:16 - [MESSAGE][PASSED] - ctdc.utilities.runtestcaseforKatalon.clickTab is PASSED

2021-07-08 21:16:16 - [TEST_STEP][PASSED] - waitForElementPresent(findTestObject("Object Repository/Canine/Filter/Breed/Chihuahua_Chkbx"), 5): Object 'Object Repository/Canine/Filter/Breed/Chihuahua_Chkbx' is present

2021-07-08 21:16:17 - [MESSAGE][PASSED] - Object 'Object Repository/Canine/Filter/Breed/Chihuahua_Chkbx' is present

2021-07-08 21:16:17 - [TEST_STEP][PASSED] - verifyElementPresent(findTestObject("Object Repository/Canine/Filter/Breed/Chihuahua_Chkbx"), 5): Object 'Object Repository/Canine/Filter/Breed/Chihuahua_Chkbx' is present

2021-07-08 21:16:17 - [MESSAGE][PASSED] - Object 'Object Repository/Canine/Filter/Breed/Chihuahua_Chkbx' is present

2021-07-08 21:16:17 - [TEST_STEP][PASSED] - ctdc.utilities.runtestcaseforKatalon.clickTab("Object Repository/Canine/Filter/Breed/Chihuahua_Chkbx"): ctdc.utilities.runtestcaseforKatalon.clickTab is PASSED

2021-07-08 21:16:17 - [MESSAGE][PASSED] - ctdc.utilities.runtestcaseforKatalon.clickTab is PASSED

2021-07-08 21:16:17 - [TEST_STEP][PASSED] - waitForElementPresent(findTestObject("Object Repository/Canine/Filter/Breed/Maltese_Chkbx"), 5): Object 'Object Repository/Canine/Filter/Breed/Maltese_Chkbx' is present

2021-07-08 21:16:18 - [MESSAGE][PASSED] - Object 'Object Repository/Canine/Filter/Breed/Maltese_Chkbx' is present

2021-07-08 21:16:18 - [TEST_STEP][PASSED] - verifyElementPresent(findTestObject("Object Repository/Canine/Filter/Breed/Maltese_Chkbx"), 5): Object 'Object Repository/Canine/Filter/Breed/Maltese_Chkbx' is present

2021-07-08 21:16:18 - [MESSAGE][PASSED] - Object 'Object Repository/Canine/Filter/Breed/Maltese_Chkbx' is present

2021-07-08 21:16:18 - [TEST_STEP][PASSED] - ctdc.utilities.runtestcaseforKatalon.clickTab("Object Repository/Canine/Filter/Breed/Maltese_Chkbx"): ctdc.utilities.runtestcaseforKatalon.clickTab is PASSED

2021-07-08 21:16:18 - [MESSAGE][PASSED] - ctdc.utilities.runtestcaseforKatalon.clickTab is PASSED

2021-07-08 21:16:18 - [TEST_STEP][PASSED] - waitForElementPresent(findTestObject("Object Repository/Canine/Filter/Breed/ScottTerr_Chkbx"), 5): Object 'Object Repository/Canine/Filter/Breed/ScottTerr_Chkbx' is present

2021-07-08 21:16:19 - [MESSAGE][PASSED] - Object 'Object Repository/Canine/Filter/Breed/ScottTerr_Chkbx' is present

2021-07-08 21:16:19 - [TEST_STEP][PASSED] - verifyElementPresent(findTestObject("Object Repository/Canine/Filter/Breed/ScottTerr_Chkbx"), 5): Object 'Object Repository/Canine/Filter/Breed/ScottTerr_Chkbx' is present

2021-07-08 21:16:19 - [MESSAGE][PASSED] - Object 'Object Repository/Canine/Filter/Breed/ScottTerr_Chkbx' is present

2021-07-08 21:16:19 - [TEST_STEP][PASSED] - ctdc.utilities.runtestcaseforKatalon.clickTab("Object Repository/Canine/Filter/Breed/ScottTerr_Chkbx"): ctdc.utilities.runtestcaseforKatalon.clickTab is PASSED

2021-07-08 21:16:19 - [MESSAGE][PASSED] - ctdc.utilities.runtestcaseforKatalon.clickTab is PASSED

2021-07-08 21:16:19 - [TEST_STEP][PASSED] - ctdc.utilities.runtestcaseforKatalon.clickTab("Object Repository/Canine/Filter/Breed/BREED_Ddn"): ctdc.utilities.runtestcaseforKatalon.clickTab is PASSED

2021-07-08 21:16:20 - [MESSAGE][PASSED] - ctdc.utilities.runtestcaseforKatalon.clickTab is PASSED

2021-07-08 21:16:20 - [TEST_STEP][PASSED] - Thread.sleep(2000): null

2021-07-08 21:16:22 - [TEST_STEP][PASSED] - waitForElementPresent(findTestObject("Object Repository/Canine/Filter/Diagnosis/DIAGNOSIS_Ddn"), 5): Object 'Object Repository/Canine/Filter/Diagnosis/DIAGNOSIS_Ddn' is present

2021-07-08 21:16:22 - [MESSAGE][PASSED] - Object 'Object Repository/Canine/Filter/Diagnosis/DIAGNOSIS_Ddn' is present

2021-07-08 21:16:22 - [TEST_STEP][PASSED] - verifyElementPresent(findTestObject("Object Repository/Canine/Filter/Diagnosis/DIAGNOSIS_Ddn"), 5): Object 'Object Repository/Canine/Filter/Diagnosis/DIAGNOSIS_Ddn' is present

2021-07-08 21:16:22 - [MESSAGE][PASSED] - Object 'Object Repository/Canine/Filter/Diagnosis/DIAGNOSIS_Ddn' is present

2021-07-08 21:16:22 - [TEST_STEP][PASSED] - ctdc.utilities.runtestcaseforKatalon.clickTab("Object Repository/Canine/Filter/Diagnosis/DIAGNOSIS_Ddn"): ctdc.utilities.runtestcaseforKatalon.clickTab is PASSED

2021-07-08 21:16:22 - [MESSAGE][PASSED] - ctdc.utilities.runtestcaseforKatalon.clickTab is PASSED

2021-07-08 21:16:22 - [TEST_STEP][PASSED] - waitForElementPresent(findTestObject("Object Repository/Canine/Filter/Diagnosis/BladderCancer_Chkbx"), 5): Object 'Object Repository/Canine/Filter/Diagnosis/BladderCancer_Chkbx' is present

2021-07-08 21:16:23 - [MESSAGE][PASSED] - Object 'Object Repository/Canine/Filter/Diagnosis/BladderCancer_Chkbx' is present

2021-07-08 21:16:23 - [TEST_STEP][PASSED] - verifyElementPresent(findTestObject("Object Repository/Canine/Filter/Diagnosis/BladderCancer_Chkbx"), 5): Object 'Object Repository/Canine/Filter/Diagnosis/BladderCancer_Chkbx' is present

2021-07-08 21:16:23 - [MESSAGE][PASSED] - Object 'Object Repository/Canine/Filter/Diagnosis/BladderCancer_Chkbx' is present

2021-07-08 21:16:23 - [TEST_STEP][PASSED] - ctdc.utilities.runtestcaseforKatalon.clickTab("Object Repository/Canine/Filter/Diagnosis/BladderCancer_Chkbx"): ctdc.utilities.runtestcaseforKatalon.clickTab is PASSED

2021-07-08 21:16:23 - [MESSAGE][PASSED] - ctdc.utilities.runtestcaseforKatalon.clickTab is PASSED

2021-07-08 21:16:23 - [TEST_STEP][PASSED] - ctdc.utilities.runtestcaseforKatalon.clickTab("Object Repository/Canine/Filter/Diagnosis/DIAGNOSIS_Ddn"): ctdc.utilities.runtestcaseforKatalon.clickTab is PASSED

2021-07-08 21:16:24 - [MESSAGE][PASSED] - ctdc.utilities.runtestcaseforKatalon.clickTab is PASSED

2021-07-08 21:16:24 - [TEST_STEP][PASSED] - waitForElementPresent(findTestObject("Object Repository/Canine/Filter/PrimDiseaseSite/PRIMARYDISEASESITE_Ddn"), 5): Object 'Object Repository/Canine/Filter/PrimDiseaseSite/PRIMARYDISEASESITE_Ddn' is present

2021-07-08 21:16:24 - [MESSAGE][PASSED] - Object 'Object Repository/Canine/Filter/PrimDiseaseSite/PRIMARYDISEASESITE_Ddn' is present

2021-07-08 21:16:24 - [TEST_STEP][PASSED] - verifyElementPresent(findTestObject("Object Repository/Canine/Filter/PrimDiseaseSite/PRIMARYDISEASESITE_Ddn"), 5): Object 'Object Repository/Canine/Filter/PrimDiseaseSite/PRIMARYDISEASESITE_Ddn' is present

2021-07-08 21:16:24 - [MESSAGE][PASSED] - Object 'Object Repository/Canine/Filter/PrimDiseaseSite/PRIMARYDISEASESITE_Ddn' is present

2021-07-08 21:16:24 - [TEST_STEP][PASSED] - ctdc.utilities.runtestcaseforKatalon.clickTab("Object Repository/Canine/Filter/PrimDiseaseSite/PRIMARYDISEASESITE_Ddn"): ctdc.utilities.runtestcaseforKatalon.clickTab is PASSED

2021-07-08 21:16:24 - [MESSAGE][PASSED] - ctdc.utilities.runtestcaseforKatalon.clickTab is PASSED

2021-07-08 21:16:24 - [TEST_STEP][PASSED] - waitForElementPresent(findTestObject("Object Repository/Canine/Filter/PrimDiseaseSite/BladderUrethra_Chkbx"), 5): Object 'Object Repository/Canine/Filter/PrimDiseaseSite/BladderUrethra_Chkbx' is present

2021-07-08 21:16:24 - [MESSAGE][PASSED] - Object 'Object Repository/Canine/Filter/PrimDiseaseSite/BladderUrethra_Chkbx' is present

2021-07-08 21:16:24 - [TEST_STEP][PASSED] - verifyElementPresent(findTestObject("Object Repository/Canine/Filter/PrimDiseaseSite/BladderUrethra_Chkbx"), 5): Object 'Object Repository/Canine/Filter/PrimDiseaseSite/BladderUrethra_Chkbx' is present

2021-07-08 21:16:24 - [MESSAGE][PASSED] - Object 'Object Repository/Canine/Filter/PrimDiseaseSite/BladderUrethra_Chkbx' is present

2021-07-08 21:16:24 - [TEST_STEP][PASSED] - waitForElementPresent(findTestObject("Object Repository/Canine/Filter/PrimDiseaseSite/BladderUrethra_Chkbx"), 5): Object 'Object Repository/Canine/Filter/PrimDiseaseSite/BladderUrethra_Chkbx' is present

2021-07-08 21:16:25 - [MESSAGE][PASSED] - Object 'Object Repository/Canine/Filter/PrimDiseaseSite/BladderUrethra_Chkbx' is present

2021-07-08 21:16:25 - [TEST_STEP][PASSED] - verifyElementPresent(findTestObject("Object Repository/Canine/Filter/PrimDiseaseSite/BladderUrethra_Chkbx"), 5): Object 'Object Repository/Canine/Filter/PrimDiseaseSite/BladderUrethra_Chkbx' is present

2021-07-08 21:16:25 - [MESSAGE][PASSED] - Object 'Object Repository/Canine/Filter/PrimDiseaseSite/BladderUrethra_Chkbx' is present

2021-07-08 21:16:25 - [TEST_STEP][PASSED] - Thread.sleep(2000): null

2021-07-08 21:16:27 - [TEST_STEP][PASSED] - ctdc.utilities.runtestcaseforKatalon.clickTab("Object Repository/Canine/Filter/PrimDiseaseSite/BladderUrethra_Chkbx"): ctdc.utilities.runtestcaseforKatalon.clickTab is PASSED

2021-07-08 21:16:27 - [MESSAGE][PASSED] - ctdc.utilities.runtestcaseforKatalon.clickTab is PASSED

2021-07-08 21:16:27 - [TEST_STEP][PASSED] - waitForElementPresent(findTestObject("Object Repository/Canine/Filter/PrimDiseaseSite/BladderUrethraProstate_Chkbx"), 5): Object 'Object Repository/Canine/Filter/PrimDiseaseSite/BladderUrethraProstate_Chkbx' is present

2021-07-08 21:16:27 - [MESSAGE][PASSED] - Object 'Object Repository/Canine/Filter/PrimDiseaseSite/BladderUrethraProstate_Chkbx' is present

2021-07-08 21:16:27 - [TEST_STEP][PASSED] - verifyElementPresent(findTestObject("Object Repository/Canine/Filter/PrimDiseaseSite/BladderUrethraProstate_Chkbx"), 5): Object 'Object Repository/Canine/Filter/PrimDiseaseSite/BladderUrethraProstate_Chkbx' is present

2021-07-08 21:16:28 - [MESSAGE][PASSED] - Object 'Object Repository/Canine/Filter/PrimDiseaseSite/BladderUrethraProstate_Chkbx' is present

2021-07-08 21:16:28 - [TEST_STEP][PASSED] - ctdc.utilities.runtestcaseforKatalon.clickTab("Object Repository/Canine/Filter/PrimDiseaseSite/BladderUrethraProstate_Chkbx"): ctdc.utilities.runtestcaseforKatalon.clickTab is PASSED

2021-07-08 21:16:28 - [MESSAGE][PASSED] - ctdc.utilities.runtestcaseforKatalon.clickTab is PASSED

2021-07-08 21:16:28 - [TEST_STEP][PASSED] - ctdc.utilities.runtestcaseforKatalon.clickTab("Object Repository/Canine/Filter/PrimDiseaseSite/PRIMARYDISEASESITE_Ddn"): ctdc.utilities.runtestcaseforKatalon.clickTab is PASSED

2021-07-08 21:16:28 - [MESSAGE][PASSED] - ctdc.utilities.runtestcaseforKatalon.clickTab is PASSED

2021-07-08 21:16:28 - [TEST_STEP][PASSED] - Thread.sleep(2000): null

2021-07-08 21:16:30 - [TEST_STEP][PASSED] - ctdc.utilities.runtestcaseforKatalon.readStatBarCanine("Object Repository/Canine/StatBar/Canine_StatBar-Studies", "Object Repository/Canine/StatBar/Canine_StatBar-Cases", "Object Repository/Canine/StatBar/Canine_StatBar-Samples", "Object Repository/Canine/StatBar/Canine_StatBar-Files", "Object Repository/Canine/StatBar/Canine_StatBar-Aliquots"): ctdc.utilities.runtestcaseforKatalon.readStatBarCanine is PASSED

2021-07-08 21:16:46 - [MESSAGE][PASSED] - ctdc.utilities.runtestcaseforKatalon.readStatBarCanine is PASSED

2021-07-08 21:16:46 - [TEST_STEP][PASSED] - waitForElementPresent(findTestObject("Object Repository/Canine/CanineResults_Files_Tab"), 5): Object 'Object Repository/Canine/CanineResults_Files_Tab' is present

2021-07-08 21:16:46 - [MESSAGE][PASSED] - Object 'Object Repository/Canine/CanineResults_Files_Tab' is present

2021-07-08 21:16:46 - [TEST_STEP][PASSED] - verifyElementPresent(findTestObject("Object Repository/Canine/CanineResults_Files_Tab"), 5): Object 'Object Repository/Canine/CanineResults_Files_Tab' is present

2021-07-08 21:16:46 - [MESSAGE][PASSED] - Object 'Object Repository/Canine/CanineResults_Files_Tab' is present

2021-07-08 21:16:46 - [TEST_STEP][PASSED] - ctdc.utilities.runtestcaseforKatalon.clickTab("Object Repository/Canine/CanineResults_Files_Tab"): ctdc.utilities.runtestcaseforKatalon.clickTab is PASSED

2021-07-08 21:16:46 - [MESSAGE][PASSED] - ctdc.utilities.runtestcaseforKatalon.clickTab is PASSED

2021-07-08 21:16:47 - [TEST_STEP][PASSED] - ctdc.utilities.runtestcaseforKatalon.multiFunction("ICDC", G_StatBar_Files, "Object Repository/Canine/Canine_Files_Table", "Object Repository/Canine/Canine_Files_TableHdr", "Object Repository/Canine/Canine_FilesTabNextBtn", G_WebTabnameFiles, G_CypherTabnameFiles, G_QueryFilesTab): Statbar Arms count matches

2021-07-08 21:17:30 - [MESSAGE][PASSED] - Statbar Files count matches

2021-07-08 21:17:30 - [MESSAGE][PASSED] - Statbar Samples count matches

2021-07-08 21:17:30 - [MESSAGE][PASSED] - Statbar Cases count matches

2021-07-08 21:17:30 - [MESSAGE][PASSED] - Statbar Arms count matches]]></system-out>
         <system-err><![CDATA[]]></system-err>
      </testcase>
      <system-out><![CDATA[2021-07-08 21:14:25 - [TEST_SUITE][PASSED] - ICDC_UBC01_2TC: Test Cases/Canine_TestCases/StudyCombinations/Study-Combinations-UBC01/TC02_Canine_StudyUBC-Breed_Diagnosis_PrimDiseaseSite]]></system-out>
      <system-err><![CDATA[]]></system-err>
   </testsuite>
</testsuites>
