<?xml version="1.0" encoding="UTF-8"?>
<testsuites name="CDS_QuickRun" time="97.618" tests="1" failures="0" errors="0">
   <testsuite name="CDS_QuickRun" tests="1" failures="0" errors="0" time="97.618" skipped="0" timestamp="2022-05-20 12:41:06" hostname="sohilz2 - host.docker.internal" id="Test Suites/CDS_QuickRun">
      <properties>
         <property name="deviceName" value=""/>
         <property name="devicePlatform" value=""/>
         <property name="logFolder" value="C:\\Users\\sohilz2\\Commons_Automation\\Reports\\20220520_124102\\CDS_QuickRun\\20220520_124102"/>
         <property name="logFiles" value="C:\\Users\\sohilz2\\Commons_Automation\\Reports\\20220520_124102\\CDS_QuickRun\\20220520_124102\\execution0.log"/>
         <property name="attachments" value=""/>
         <property name="hostName" value="sohilz2 - host.docker.internal"/>
         <property name="os" value="Windows 10 64bit"/>
         <property name="katalonVersion" value="8.2.0.208"/>
         <property name="browser" value="Chrome 101.0.4951.67"/>
         <property name="hostAddress" value="192.168.0.86"/>
         <property name="sessionId" value="a831f3b5d0b2685ec85ec1468de5338f"/>
         <property name="seleniumVersion" value="3.141.59"/>
         <property name="proxyInformation" value="ProxyInformation { proxyOption=NO_PROXY, proxyServerType=HTTP, username=, password=********, proxyServerAddress=, proxyServerPort=0, executionList=&quot;&quot;, isApplyToDesiredCapabilities=true }"/>
         <property name="platform" value="Windows 10"/>
      </properties>
      <testcase name="Test Cases/CDS_TestCases/Accesses/TC01_CDS_Filter_Acesses-Controlled" time="96.283" classname="Test Cases/CDS_TestCases/Accesses/TC01_CDS_Filter_Acesses-Controlled" status="PASSED">
         <system-out><![CDATA[2022-05-20 12:41:07 - [TEST_CASE][PASSED] - Test Cases/CDS_TestCases/Accesses/TC01_CDS_Filter_Acesses-Controlled: Test Cases/CDS_TestCases/Accesses/TC01_CDS_Filter_Acesses-Controlled

2022-05-20 12:41:07 - [TEST_STEP][PASSED] - Start listener action : getTestScriptName: null

2022-05-20 12:41:07 - [TEST_STEP][PASSED] - TestCaseId = testCaseContext.getTestCaseId(): null

2022-05-20 12:41:07 - [TEST_STEP][PASSED] - G_currentTCName = TestCaseId.substring(TestCaseId.lastIndexOf("TC")): null

2022-05-20 12:41:07 - [TEST_STEP][PASSED] - out.println("This is the test case name: " + G_currentTCName): null

2022-05-20 12:41:08 - [TEST_STEP][PASSED] - closeBrowser(): Browser is closed

2022-05-20 12:41:08 - [MESSAGE][PASSED] - Browser is closed

2022-05-20 12:41:08 - [TEST_STEP][PASSED] - ctdc.utilities.runtestcaseforKatalon.RunKatalon("TC01_CDS_Filter_Acesses-Controlled.xlsx"): Data loaded from input file for the test case. 

2022-05-20 12:41:08 - [MESSAGE][PASSED] - Test case file loaded This is the full filepath after converting to string :C:\Users\sohilz2\Commons_Automation\InputFiles\TC01_CDS_Filter_Acesses-Controlled.xlsx

2022-05-20 12:41:08 - [MESSAGE][INFO] - Global variable set for password file is :  C:\Users\sohilz2\Commons_Automation\InputFiles\TC01_CDS_Filter_Acesses-Controlled.xlsx

2022-05-20 12:41:13 - [MESSAGE][PASSED] - Data loaded from input file for the test case. 

2022-05-20 12:41:27 - [TEST_STEP][PASSED] - waitForElementPresent(findTestObject("Object Repository/CDS/NavBar/CDS_Data-Btn"), 5): Object 'Object Repository/CDS/NavBar/CDS_Data-Btn' is present

2022-05-20 12:41:28 - [MESSAGE][PASSED] - Object 'Object Repository/CDS/NavBar/CDS_Data-Btn' is present

2022-05-20 12:41:28 - [TEST_STEP][PASSED] - ctdc.utilities.runtestcaseforKatalon.clickTabCDSStat("Object Repository/CDS/NavBar/CDS_Data-Btn"): ctdc.utilities.runtestcaseforKatalon.clickTabCDSStat is PASSED

2022-05-20 12:41:31 - [MESSAGE][PASSED] - ctdc.utilities.runtestcaseforKatalon.clickTabCDSStat is PASSED

2022-05-20 12:41:31 - [TEST_STEP][PASSED] - waitForElementPresent(findTestObject("Object Repository/CDS/Filter/Accesses/Accesses_Ddn"), 5): Object 'Object Repository/CDS/Filter/Accesses/Accesses_Ddn' is present

2022-05-20 12:41:31 - [MESSAGE][PASSED] - Object 'Object Repository/CDS/Filter/Accesses/Accesses_Ddn' is present

2022-05-20 12:41:31 - [TEST_STEP][PASSED] - ctdc.utilities.runtestcaseforKatalon.clickTabCDSStat("Object Repository/CDS/Filter/Accesses/Accesses_Ddn"): ctdc.utilities.runtestcaseforKatalon.clickTabCDSStat is PASSED

2022-05-20 12:41:35 - [MESSAGE][PASSED] - ctdc.utilities.runtestcaseforKatalon.clickTabCDSStat is PASSED

2022-05-20 12:41:35 - [TEST_STEP][PASSED] - waitForElementPresent(findTestObject("CDS/Filter/Accesses/Controlled-Chkbx"), 5): Object 'Object Repository/CDS/Filter/Accesses/Controlled-Chkbx' is present

2022-05-20 12:41:35 - [MESSAGE][PASSED] - Object 'Object Repository/CDS/Filter/Accesses/Controlled-Chkbx' is present

2022-05-20 12:41:35 - [TEST_STEP][PASSED] - ctdc.utilities.runtestcaseforKatalon.clickTabCDSStat("Object Repository/CDS/Filter/Accesses/Controlled-Chkbx"): ctdc.utilities.runtestcaseforKatalon.clickTabCDSStat is PASSED

2022-05-20 12:41:38 - [MESSAGE][PASSED] - ctdc.utilities.runtestcaseforKatalon.clickTabCDSStat is PASSED

2022-05-20 12:41:38 - [TEST_STEP][PASSED] - ctdc.utilities.runtestcaseforKatalon.readStatBarCDS("Object Repository/CDS/StatBar/CDS_StatBar-Studies", "Object Repository/CDS/StatBar/CDS_StatBar-DiseaseSites", "Object Repository/CDS/StatBar/CDS_StatBar-Participants", "Object Repository/CDS/StatBar/CDS_StatBar-Samples", "Object Repository/CDS/StatBar/CDS_StatBar-Files"): ctdc.utilities.runtestcaseforKatalon.readStatBarCDS is PASSED

2022-05-20 12:41:54 - [MESSAGE][PASSED] - ctdc.utilities.runtestcaseforKatalon.readStatBarCDS is PASSED

2022-05-20 12:41:54 - [TEST_STEP][PASSED] - waitForElementPresent(findTestObject("CDS/Cases_page/CDSResults_Cases_Tab"), 5): Object 'Object Repository/CDS/Cases_page/CDSResults_Cases_Tab' is present

2022-05-20 12:41:54 - [MESSAGE][PASSED] - Object 'Object Repository/CDS/Cases_page/CDSResults_Cases_Tab' is present

2022-05-20 12:41:54 - [TEST_STEP][PASSED] - ctdc.utilities.runtestcaseforKatalon.clickTab("Object Repository/CDS/Cases_page/CDSResults_Cases_Tab"): ctdc.utilities.runtestcaseforKatalon.clickTab is PASSED

2022-05-20 12:41:54 - [MESSAGE][PASSED] - ctdc.utilities.runtestcaseforKatalon.clickTab is PASSED

2022-05-20 12:41:54 - [TEST_STEP][PASSED] - ctdc.utilities.runtestcaseforKatalon.multiFunction("CDS", G_StatBar_Studies, "Object Repository/CDS/Cases_page/CDS_CasesTable", "Object Repository/CDS/Cases_page/CDS_CasesTableHeader", "Object Repository/CDS/Cases_page/CDS_CasesTabNextBtn", G_WebTabnameCases, G_CypherTabnameCases, G_QueryCasesTab): Statbar Files count matches

2022-05-20 12:42:13 - [MESSAGE][PASSED] - Statbar Studies count matches

2022-05-20 12:42:13 - [MESSAGE][PASSED] - Statbar Disease Site count matches

2022-05-20 12:42:13 - [MESSAGE][PASSED] - Statbar Participants count matches

2022-05-20 12:42:13 - [MESSAGE][PASSED] - Statbar Samples count matches

2022-05-20 12:42:13 - [MESSAGE][PASSED] - Statbar Files count matches

2022-05-20 12:42:13 - [TEST_STEP][PASSED] - waitForElementPresent(findTestObject("Object Repository/CDS/Cases_page/CDSResults_Files_Tab"), 5): Object 'Object Repository/CDS/Cases_page/CDSResults_Files_Tab' is present

2022-05-20 12:42:13 - [MESSAGE][PASSED] - Object 'Object Repository/CDS/Cases_page/CDSResults_Files_Tab' is present

2022-05-20 12:42:13 - [TEST_STEP][PASSED] - ctdc.utilities.runtestcaseforKatalon.clickTab("Object Repository/CDS/Cases_page/CDSResults_Files_Tab"): ctdc.utilities.runtestcaseforKatalon.clickTab is PASSED

2022-05-20 12:42:13 - [MESSAGE][PASSED] - ctdc.utilities.runtestcaseforKatalon.clickTab is PASSED

2022-05-20 12:42:13 - [TEST_STEP][PASSED] - ctdc.utilities.runtestcaseforKatalon.multiFunction("CDS", G_StatBar_Files, "Object Repository/CDS/Cases_page/CDS_FilesTable", "Object Repository/CDS/Cases_page/CDS_FilesTableHeader", "Object Repository/CDS/Cases_page/CDS_FilesTabNextBtn", G_WebTabnameFiles, G_CypherTabnameFiles, G_QueryFilesTab): Statbar Files count matches

2022-05-20 12:42:43 - [MESSAGE][PASSED] - Statbar Studies count matches

2022-05-20 12:42:43 - [MESSAGE][PASSED] - Statbar Disease Site count matches

2022-05-20 12:42:43 - [MESSAGE][PASSED] - Statbar Participants count matches

2022-05-20 12:42:43 - [MESSAGE][PASSED] - Statbar Samples count matches

2022-05-20 12:42:43 - [MESSAGE][PASSED] - Statbar Files count matches

2022-05-20 12:42:43 - [TEST_STEP][PASSED] - closeBrowser(): Browser is closed

2022-05-20 12:42:43 - [MESSAGE][PASSED] - Browser is closed]]></system-out>
         <system-err><![CDATA[]]></system-err>
      </testcase>
      <system-out><![CDATA[2022-05-20 12:41:06 - [TEST_SUITE][PASSED] - CDS_QuickRun: Test Cases/CDS_TestCases/Accesses/TC01_CDS_Filter_Acesses-Controlled]]></system-out>
      <system-err><![CDATA[]]></system-err>
   </testsuite>
</testsuites>
