<?xml version="1.0" encoding="UTF-8"?>
<testsuites name="ICDC_Breed_Regression" time="4668.358" tests="47" failures="13" errors="1">
   <testsuite name="ICDC_Breed_Regression" tests="47" failures="13" errors="1" time="4668.358" skipped="0" timestamp="2021-07-22 10:17:15" hostname="sohilz2 - host.docker.internal" id="Test Suites/ICDC_Breed_Regression">
      <properties>
         <property name="deviceName" value=""/>
         <property name="devicePlatform" value=""/>
         <property name="logFolder" value="C:\\Users\\sohilz2\\Commons_Automation\\Reports\\20210722_101711\\ICDC_Breed_Regression\\20210722_101711"/>
         <property name="logFiles" value="C:\\Users\\sohilz2\\Commons_Automation\\Reports\\20210722_101711\\ICDC_Breed_Regression\\20210722_101711\\execution0.log"/>
         <property name="attachments" value=""/>
         <property name="hostName" value="sohilz2 - host.docker.internal"/>
         <property name="os" value="Windows 10 64bit"/>
         <property name="katalonVersion" value="8.0.5.208"/>
         <property name="browser" value="Chrome 91.0.4472.164"/>
         <property name="hostAddress" value="192.168.0.86"/>
         <property name="sessionId" value="c18aae0b4b3a7db88b2d1bd936a36808"/>
         <property name="seleniumVersion" value="3.141.59"/>
         <property name="proxyInformation" value="ProxyInformation { proxyOption=NO_PROXY, proxyServerType=HTTP, username=, password=********, proxyServerAddress=, proxyServerPort=0, executionList=&quot;&quot;, isApplyToDesiredCapabilities=true }"/>
         <property name="platform" value="Windows 10"/>
      </properties>
      <testcase name="Test Cases/Canine_TestCases/Breed/TC01_Canine_Filter_Breed-Akita" time="58.321" classname="Test Cases/Canine_TestCases/Breed/TC01_Canine_Filter_Breed-Akita" status="PASSED">
         <system-out><![CDATA[2021-07-22 10:17:16 - [TEST_CASE][PASSED] - Test Cases/Canine_TestCases/Breed/TC01_Canine_Filter_Breed-Akita: Test Cases/Canine_TestCases/Breed/TC01_Canine_Filter_Breed-Akita

2021-07-22 10:17:16 - [TEST_STEP][PASSED] - Start listener action : getTestScriptName: null

2021-07-22 10:17:16 - [TEST_STEP][PASSED] - TestCaseId = testCaseContext.getTestCaseId(): null

2021-07-22 10:17:16 - [TEST_STEP][PASSED] - out.println("**********this is the value of test case id string******** " + testCaseContext.getTestCaseId()): null

2021-07-22 10:17:16 - [TEST_STEP][PASSED] - G_currentTCName = TestCaseId.substring(TestCaseId.lastIndexOf("TC")): null

2021-07-22 10:17:16 - [TEST_STEP][PASSED] - out.println("This is the test case name : " + G_currentTCName): null

2021-07-22 10:17:16 - [TEST_STEP][PASSED] - closeBrowser(): Browser is closed

2021-07-22 10:17:17 - [MESSAGE][PASSED] - Browser is closed

2021-07-22 10:17:17 - [TEST_STEP][PASSED] - ctdc.utilities.runtestcaseforKatalon.RunKatalon("TC01_Canine_Filter_Breed-Akita.xlsx"): Data loaded from input file for the test case. 

2021-07-22 10:17:17 - [MESSAGE][PASSED] - Test case file loaded This is the full filepath after converting to string :C:\Users\sohilz2\Commons_Automation\InputFiles\TC01_Canine_Filter_Breed-Akita.xlsx

2021-07-22 10:17:17 - [MESSAGE][INFO] - Global variable set for password file is :  C:\Users\sohilz2\Commons_Automation\InputFiles\TC01_Canine_Filter_Breed-Akita.xlsx

2021-07-22 10:17:21 - [MESSAGE][PASSED] - Data loaded from input file for the test case. 

2021-07-22 10:17:41 - [TEST_STEP][PASSED] - waitForElementPresent(findTestObject("Canine/NavBar/Canine_Cases_Btn"), 5): Object 'Object Repository/Canine/NavBar/Canine_Cases_Btn' is present

2021-07-22 10:17:41 - [MESSAGE][PASSED] - Object 'Object Repository/Canine/NavBar/Canine_Cases_Btn' is present

2021-07-22 10:17:41 - [TEST_STEP][PASSED] - ctdc.utilities.runtestcaseforKatalon.clickTab("Canine/NavBar/Canine_Cases_Btn"): ctdc.utilities.runtestcaseforKatalon.clickTab is PASSED

2021-07-22 10:17:41 - [MESSAGE][PASSED] - ctdc.utilities.runtestcaseforKatalon.clickTab is PASSED

2021-07-22 10:17:41 - [TEST_STEP][PASSED] - waitForElementPresent(findTestObject("Bento/Cases_page/Filter/FilterByCases_Facet"), 5): Object 'Object Repository/Bento/Cases_page/Filter/FilterByCases_Facet' is present

2021-07-22 10:17:41 - [MESSAGE][PASSED] - Object 'Object Repository/Bento/Cases_page/Filter/FilterByCases_Facet' is present

2021-07-22 10:17:41 - [TEST_STEP][PASSED] - ctdc.utilities.runtestcaseforKatalon.clickTab("Bento/Cases_page/Filter/FilterByCases_Facet"): ctdc.utilities.runtestcaseforKatalon.clickTab is PASSED

2021-07-22 10:17:42 - [MESSAGE][PASSED] - ctdc.utilities.runtestcaseforKatalon.clickTab is PASSED

2021-07-22 10:17:42 - [TEST_STEP][PASSED] - waitForElementPresent(findTestObject("Object Repository/Canine/Filter/Breed/BREED_Ddn"), 5): Object 'Object Repository/Canine/Filter/Breed/BREED_Ddn' is present

2021-07-22 10:17:42 - [MESSAGE][PASSED] - Object 'Object Repository/Canine/Filter/Breed/BREED_Ddn' is present

2021-07-22 10:17:42 - [TEST_STEP][PASSED] - ctdc.utilities.runtestcaseforKatalon.clickTab("Object Repository/Canine/Filter/Breed/BREED_Ddn"): ctdc.utilities.runtestcaseforKatalon.clickTab is PASSED

2021-07-22 10:17:42 - [MESSAGE][PASSED] - ctdc.utilities.runtestcaseforKatalon.clickTab is PASSED

2021-07-22 10:17:42 - [TEST_STEP][PASSED] - ctdc.utilities.runtestcaseforKatalon.clickTab("Object Repository/Canine/Filter/Breed/Akita_Chkbx"): ctdc.utilities.runtestcaseforKatalon.clickTab is PASSED

2021-07-22 10:17:42 - [MESSAGE][PASSED] - ctdc.utilities.runtestcaseforKatalon.clickTab is PASSED

2021-07-22 10:17:42 - [TEST_STEP][PASSED] - ctdc.utilities.runtestcaseforKatalon.readStatBarCanine("Object Repository/Canine/StatBar/Canine_StatBar-Studies", "Object Repository/Canine/StatBar/Canine_StatBar-Cases", "Object Repository/Canine/StatBar/Canine_StatBar-Samples", "Object Repository/Canine/StatBar/Canine_StatBar-Files", "Object Repository/Canine/StatBar/Canine_StatBar-Aliquots"): ctdc.utilities.runtestcaseforKatalon.readStatBarCanine is PASSED

2021-07-22 10:17:58 - [MESSAGE][PASSED] - ctdc.utilities.runtestcaseforKatalon.readStatBarCanine is PASSED

2021-07-22 10:17:58 - [TEST_STEP][PASSED] - waitForElementPresent(findTestObject("Object Repository/Canine/CanineResults_Cases_Tab"), 5): Object 'Object Repository/Canine/CanineResults_Cases_Tab' is present

2021-07-22 10:17:58 - [MESSAGE][PASSED] - Object 'Object Repository/Canine/CanineResults_Cases_Tab' is present

2021-07-22 10:17:58 - [TEST_STEP][PASSED] - ctdc.utilities.runtestcaseforKatalon.clickTab("Object Repository/Canine/CanineResults_Cases_Tab"): ctdc.utilities.runtestcaseforKatalon.clickTab is PASSED

2021-07-22 10:17:58 - [MESSAGE][PASSED] - ctdc.utilities.runtestcaseforKatalon.clickTab is PASSED

2021-07-22 10:17:58 - [TEST_STEP][PASSED] - ctdc.utilities.runtestcaseforKatalon.multiFunction("ICDC", G_StatBar_Cases, "Object Repository/Canine/Canine_CasesTable", "Object Repository/Canine/Canine_TableHeader", "Object Repository/Canine/Canine_CasesTabNextBtn", G_WebTabnameCases, G_CypherTabnameCases, G_QueryCasesTab): Statbar Arms count matches

2021-07-22 10:18:14 - [MESSAGE][PASSED] - Statbar Files count matches

2021-07-22 10:18:14 - [MESSAGE][PASSED] - Statbar Samples count matches

2021-07-22 10:18:14 - [MESSAGE][PASSED] - Statbar Cases count matches

2021-07-22 10:18:14 - [MESSAGE][PASSED] - Statbar Arms count matches

2021-07-22 10:18:14 - [TEST_STEP][PASSED] - closeBrowser(): Browser is closed

2021-07-22 10:18:14 - [MESSAGE][PASSED] - Browser is closed]]></system-out>
         <system-err><![CDATA[]]></system-err>
      </testcase>
      <testcase name="Test Cases/Canine_TestCases/Breed/TC02_Canine_Filter_Breed-AmerStaffd" time="86.594" classname="Test Cases/Canine_TestCases/Breed/TC02_Canine_Filter_Breed-AmerStaffd" status="PASSED">
         <system-out><![CDATA[2021-07-22 10:18:14 - [TEST_CASE][PASSED] - Test Cases/Canine_TestCases/Breed/TC02_Canine_Filter_Breed-AmerStaffd: Test Cases/Canine_TestCases/Breed/TC02_Canine_Filter_Breed-AmerStaffd

2021-07-22 10:18:14 - [TEST_STEP][PASSED] - Start listener action : getTestScriptName: null

2021-07-22 10:18:14 - [TEST_STEP][PASSED] - TestCaseId = testCaseContext.getTestCaseId(): null

2021-07-22 10:18:14 - [TEST_STEP][PASSED] - out.println("**********this is the value of test case id string******** " + testCaseContext.getTestCaseId()): null

2021-07-22 10:18:14 - [TEST_STEP][PASSED] - G_currentTCName = TestCaseId.substring(TestCaseId.lastIndexOf("TC")): null

2021-07-22 10:18:14 - [TEST_STEP][PASSED] - out.println("This is the test case name : " + G_currentTCName): null

2021-07-22 10:18:15 - [TEST_STEP][PASSED] - closeBrowser(): Browser is closed

2021-07-22 10:18:15 - [MESSAGE][PASSED] - Browser is closed

2021-07-22 10:18:15 - [TEST_STEP][PASSED] - ctdc.utilities.runtestcaseforKatalon.RunKatalon("TC02_Canine_Filter_Breed-AmerStaffd.xlsx"): Data loaded from input file for the test case. 

2021-07-22 10:18:15 - [MESSAGE][PASSED] - Test case file loaded This is the full filepath after converting to string :C:\Users\sohilz2\Commons_Automation\InputFiles\TC02_Canine_Filter_Breed-AmerStaffd.xlsx

2021-07-22 10:18:15 - [MESSAGE][INFO] - Global variable set for password file is :  C:\Users\sohilz2\Commons_Automation\InputFiles\TC02_Canine_Filter_Breed-AmerStaffd.xlsx

2021-07-22 10:18:19 - [MESSAGE][PASSED] - Data loaded from input file for the test case. 

2021-07-22 10:18:25 - [TEST_STEP][PASSED] - waitForElementPresent(findTestObject("Canine/NavBar/Canine_Cases_Btn"), 5): Object 'Object Repository/Canine/NavBar/Canine_Cases_Btn' is present

2021-07-22 10:18:25 - [MESSAGE][PASSED] - Object 'Object Repository/Canine/NavBar/Canine_Cases_Btn' is present

2021-07-22 10:18:25 - [TEST_STEP][PASSED] - ctdc.utilities.runtestcaseforKatalon.clickTab("Canine/NavBar/Canine_Cases_Btn"): ctdc.utilities.runtestcaseforKatalon.clickTab is PASSED

2021-07-22 10:18:25 - [MESSAGE][PASSED] - ctdc.utilities.runtestcaseforKatalon.clickTab is PASSED

2021-07-22 10:18:25 - [TEST_STEP][PASSED] - waitForElementPresent(findTestObject("Bento/Cases_page/Filter/FilterByCases_Facet"), 5): Object 'Object Repository/Bento/Cases_page/Filter/FilterByCases_Facet' is present

2021-07-22 10:18:26 - [MESSAGE][PASSED] - Object 'Object Repository/Bento/Cases_page/Filter/FilterByCases_Facet' is present

2021-07-22 10:18:26 - [TEST_STEP][PASSED] - ctdc.utilities.runtestcaseforKatalon.clickTab("Bento/Cases_page/Filter/FilterByCases_Facet"): ctdc.utilities.runtestcaseforKatalon.clickTab is PASSED

2021-07-22 10:18:26 - [MESSAGE][PASSED] - ctdc.utilities.runtestcaseforKatalon.clickTab is PASSED

2021-07-22 10:18:26 - [TEST_STEP][PASSED] - waitForElementPresent(findTestObject("Object Repository/Canine/Filter/Breed/BREED_Ddn"), 5): Object 'Object Repository/Canine/Filter/Breed/BREED_Ddn' is present

2021-07-22 10:18:26 - [MESSAGE][PASSED] - Object 'Object Repository/Canine/Filter/Breed/BREED_Ddn' is present

2021-07-22 10:18:26 - [TEST_STEP][PASSED] - ctdc.utilities.runtestcaseforKatalon.clickTab("Object Repository/Canine/Filter/Breed/BREED_Ddn"): ctdc.utilities.runtestcaseforKatalon.clickTab is PASSED

2021-07-22 10:18:26 - [MESSAGE][PASSED] - ctdc.utilities.runtestcaseforKatalon.clickTab is PASSED

2021-07-22 10:18:26 - [TEST_STEP][PASSED] - ctdc.utilities.runtestcaseforKatalon.clickTab("Object Repository/Canine/Filter/Breed/AmerStaffd_Chkbx"): ctdc.utilities.runtestcaseforKatalon.clickTab is PASSED

2021-07-22 10:18:27 - [MESSAGE][PASSED] - ctdc.utilities.runtestcaseforKatalon.clickTab is PASSED

2021-07-22 10:18:27 - [TEST_STEP][PASSED] - ctdc.utilities.runtestcaseforKatalon.readStatBarCanine("Object Repository/Canine/StatBar/Canine_StatBar-Studies", "Object Repository/Canine/StatBar/Canine_StatBar-Cases", "Object Repository/Canine/StatBar/Canine_StatBar-Samples", "Object Repository/Canine/StatBar/Canine_StatBar-Files", "Object Repository/Canine/StatBar/Canine_StatBar-Aliquots"): ctdc.utilities.runtestcaseforKatalon.readStatBarCanine is PASSED

2021-07-22 10:18:42 - [MESSAGE][PASSED] - ctdc.utilities.runtestcaseforKatalon.readStatBarCanine is PASSED

2021-07-22 10:18:42 - [TEST_STEP][PASSED] - waitForElementPresent(findTestObject("Object Repository/Canine/CanineResults_Cases_Tab"), 5): Object 'Object Repository/Canine/CanineResults_Cases_Tab' is present

2021-07-22 10:18:42 - [MESSAGE][PASSED] - Object 'Object Repository/Canine/CanineResults_Cases_Tab' is present

2021-07-22 10:18:42 - [TEST_STEP][PASSED] - ctdc.utilities.runtestcaseforKatalon.clickTab("Object Repository/Canine/CanineResults_Cases_Tab"): ctdc.utilities.runtestcaseforKatalon.clickTab is PASSED

2021-07-22 10:18:42 - [MESSAGE][PASSED] - ctdc.utilities.runtestcaseforKatalon.clickTab is PASSED

2021-07-22 10:18:42 - [TEST_STEP][PASSED] - ctdc.utilities.runtestcaseforKatalon.multiFunction("ICDC", G_StatBar_Cases, "Object Repository/Canine/Canine_CasesTable", "Object Repository/Canine/Canine_TableHeader", "Object Repository/Canine/Canine_CasesTabNextBtn", G_WebTabnameCases, G_CypherTabnameCases, G_QueryCasesTab): Statbar Arms count matches

2021-07-22 10:18:57 - [MESSAGE][PASSED] - Statbar Files count matches

2021-07-22 10:18:57 - [MESSAGE][PASSED] - Statbar Samples count matches

2021-07-22 10:18:57 - [MESSAGE][PASSED] - Statbar Cases count matches

2021-07-22 10:18:57 - [MESSAGE][PASSED] - Statbar Arms count matches

2021-07-22 10:18:57 - [TEST_STEP][PASSED] - waitForElementPresent(findTestObject("Object Repository/Canine/CanineResults_Samples_Tab"), 5): Object 'Object Repository/Canine/CanineResults_Samples_Tab' is present

2021-07-22 10:18:57 - [MESSAGE][PASSED] - Object 'Object Repository/Canine/CanineResults_Samples_Tab' is present

2021-07-22 10:18:57 - [TEST_STEP][PASSED] - ctdc.utilities.runtestcaseforKatalon.clickTab("Object Repository/Canine/CanineResults_Samples_Tab"): ctdc.utilities.runtestcaseforKatalon.clickTab is PASSED

2021-07-22 10:18:57 - [MESSAGE][PASSED] - ctdc.utilities.runtestcaseforKatalon.clickTab is PASSED

2021-07-22 10:18:57 - [TEST_STEP][PASSED] - ctdc.utilities.runtestcaseforKatalon.multiFunction("ICDC", G_StatBar_Samples, "Object Repository/Canine/Canine_Samples_Table", "Object Repository/Canine/Canine_Samples_TableHdr", "Object Repository/Canine/Canine_SamplesTabNextBtn", G_WebTabnameSamples, G_CypherTabnameSamples, G_QuerySamplesTab): Statbar Arms count matches

2021-07-22 10:19:14 - [MESSAGE][PASSED] - Statbar Files count matches

2021-07-22 10:19:14 - [MESSAGE][PASSED] - Statbar Samples count matches

2021-07-22 10:19:14 - [MESSAGE][PASSED] - Statbar Cases count matches

2021-07-22 10:19:15 - [MESSAGE][PASSED] - Statbar Arms count matches

2021-07-22 10:19:15 - [TEST_STEP][PASSED] - waitForElementPresent(findTestObject("Object Repository/Canine/CanineResults_Files_Tab"), 5): Object 'Object Repository/Canine/CanineResults_Files_Tab' is present

2021-07-22 10:19:15 - [MESSAGE][PASSED] - Object 'Object Repository/Canine/CanineResults_Files_Tab' is present

2021-07-22 10:19:15 - [TEST_STEP][PASSED] - ctdc.utilities.runtestcaseforKatalon.clickTab("Object Repository/Canine/CanineResults_Files_Tab"): ctdc.utilities.runtestcaseforKatalon.clickTab is PASSED

2021-07-22 10:19:15 - [MESSAGE][PASSED] - ctdc.utilities.runtestcaseforKatalon.clickTab is PASSED

2021-07-22 10:19:15 - [TEST_STEP][PASSED] - ctdc.utilities.runtestcaseforKatalon.multiFunction("ICDC", G_StatBar_Files, "Object Repository/Canine/Canine_Files_Table", "Object Repository/Canine/Canine_Files_TableHdr", "Object Repository/Canine/Canine_FilesTabNextBtn", G_WebTabnameFiles, G_CypherTabnameFiles, G_QueryFilesTab): Statbar Arms count matches

2021-07-22 10:19:40 - [MESSAGE][PASSED] - Statbar Files count matches

2021-07-22 10:19:40 - [MESSAGE][PASSED] - Statbar Samples count matches

2021-07-22 10:19:40 - [MESSAGE][PASSED] - Statbar Cases count matches

2021-07-22 10:19:40 - [MESSAGE][PASSED] - Statbar Arms count matches

2021-07-22 10:19:40 - [TEST_STEP][PASSED] - closeBrowser(): Browser is closed

2021-07-22 10:19:41 - [MESSAGE][PASSED] - Browser is closed]]></system-out>
         <system-err><![CDATA[]]></system-err>
      </testcase>
      <testcase name="Test Cases/Canine_TestCases/Breed/TC03_Canine_Filter_Breed-AusShephd" time="76.99" classname="Test Cases/Canine_TestCases/Breed/TC03_Canine_Filter_Breed-AusShephd" status="PASSED">
         <system-out><![CDATA[2021-07-22 10:19:41 - [TEST_CASE][PASSED] - Test Cases/Canine_TestCases/Breed/TC03_Canine_Filter_Breed-AusShephd: Test Cases/Canine_TestCases/Breed/TC03_Canine_Filter_Breed-AusShephd

2021-07-22 10:19:41 - [TEST_STEP][PASSED] - Start listener action : getTestScriptName: null

2021-07-22 10:19:41 - [TEST_STEP][PASSED] - TestCaseId = testCaseContext.getTestCaseId(): null

2021-07-22 10:19:41 - [TEST_STEP][PASSED] - out.println("**********this is the value of test case id string******** " + testCaseContext.getTestCaseId()): null

2021-07-22 10:19:41 - [TEST_STEP][PASSED] - G_currentTCName = TestCaseId.substring(TestCaseId.lastIndexOf("TC")): null

2021-07-22 10:19:41 - [TEST_STEP][PASSED] - out.println("This is the test case name : " + G_currentTCName): null

2021-07-22 10:19:41 - [TEST_STEP][PASSED] - closeBrowser(): Browser is closed

2021-07-22 10:19:41 - [MESSAGE][PASSED] - Browser is closed

2021-07-22 10:19:41 - [TEST_STEP][PASSED] - ctdc.utilities.runtestcaseforKatalon.RunKatalon("TC03_Canine_Filter_Breed-AusShephd.xlsx"): Data loaded from input file for the test case. 

2021-07-22 10:19:41 - [MESSAGE][PASSED] - Test case file loaded This is the full filepath after converting to string :C:\Users\sohilz2\Commons_Automation\InputFiles\TC03_Canine_Filter_Breed-AusShephd.xlsx

2021-07-22 10:19:41 - [MESSAGE][INFO] - Global variable set for password file is :  C:\Users\sohilz2\Commons_Automation\InputFiles\TC03_Canine_Filter_Breed-AusShephd.xlsx

2021-07-22 10:19:45 - [MESSAGE][PASSED] - Data loaded from input file for the test case. 

2021-07-22 10:19:51 - [TEST_STEP][PASSED] - waitForElementPresent(findTestObject("Canine/NavBar/Canine_Cases_Btn"), 5): Object 'Object Repository/Canine/NavBar/Canine_Cases_Btn' is present

2021-07-22 10:19:51 - [MESSAGE][PASSED] - Object 'Object Repository/Canine/NavBar/Canine_Cases_Btn' is present

2021-07-22 10:19:51 - [TEST_STEP][PASSED] - ctdc.utilities.runtestcaseforKatalon.clickTab("Canine/NavBar/Canine_Cases_Btn"): ctdc.utilities.runtestcaseforKatalon.clickTab is PASSED

2021-07-22 10:19:51 - [MESSAGE][PASSED] - ctdc.utilities.runtestcaseforKatalon.clickTab is PASSED

2021-07-22 10:19:51 - [TEST_STEP][PASSED] - waitForElementPresent(findTestObject("Bento/Cases_page/Filter/FilterByCases_Facet"), 5): Object 'Object Repository/Bento/Cases_page/Filter/FilterByCases_Facet' is present

2021-07-22 10:19:52 - [MESSAGE][PASSED] - Object 'Object Repository/Bento/Cases_page/Filter/FilterByCases_Facet' is present

2021-07-22 10:19:52 - [TEST_STEP][PASSED] - ctdc.utilities.runtestcaseforKatalon.clickTab("Bento/Cases_page/Filter/FilterByCases_Facet"): ctdc.utilities.runtestcaseforKatalon.clickTab is PASSED

2021-07-22 10:19:52 - [MESSAGE][PASSED] - ctdc.utilities.runtestcaseforKatalon.clickTab is PASSED

2021-07-22 10:19:52 - [TEST_STEP][PASSED] - waitForElementPresent(findTestObject("Object Repository/Canine/Filter/Breed/BREED_Ddn"), 5): Object 'Object Repository/Canine/Filter/Breed/BREED_Ddn' is present

2021-07-22 10:19:53 - [MESSAGE][PASSED] - Object 'Object Repository/Canine/Filter/Breed/BREED_Ddn' is present

2021-07-22 10:19:53 - [TEST_STEP][PASSED] - ctdc.utilities.runtestcaseforKatalon.clickTab("Object Repository/Canine/Filter/Breed/BREED_Ddn"): ctdc.utilities.runtestcaseforKatalon.clickTab is PASSED

2021-07-22 10:19:53 - [MESSAGE][PASSED] - ctdc.utilities.runtestcaseforKatalon.clickTab is PASSED

2021-07-22 10:19:53 - [TEST_STEP][PASSED] - ctdc.utilities.runtestcaseforKatalon.clickTab("Object Repository/Canine/Filter/Breed/AusShephd_Chkbx"): ctdc.utilities.runtestcaseforKatalon.clickTab is PASSED

2021-07-22 10:19:53 - [MESSAGE][PASSED] - ctdc.utilities.runtestcaseforKatalon.clickTab is PASSED

2021-07-22 10:19:53 - [TEST_STEP][PASSED] - ctdc.utilities.runtestcaseforKatalon.readStatBarCanine("Object Repository/Canine/StatBar/Canine_StatBar-Studies", "Object Repository/Canine/StatBar/Canine_StatBar-Cases", "Object Repository/Canine/StatBar/Canine_StatBar-Samples", "Object Repository/Canine/StatBar/Canine_StatBar-Files", "Object Repository/Canine/StatBar/Canine_StatBar-Aliquots"): ctdc.utilities.runtestcaseforKatalon.readStatBarCanine is PASSED

2021-07-22 10:20:09 - [MESSAGE][PASSED] - ctdc.utilities.runtestcaseforKatalon.readStatBarCanine is PASSED

2021-07-22 10:20:09 - [TEST_STEP][PASSED] - waitForElementPresent(findTestObject("Object Repository/Canine/CanineResults_Cases_Tab"), 5): Object 'Object Repository/Canine/CanineResults_Cases_Tab' is present

2021-07-22 10:20:09 - [MESSAGE][PASSED] - Object 'Object Repository/Canine/CanineResults_Cases_Tab' is present

2021-07-22 10:20:09 - [TEST_STEP][PASSED] - ctdc.utilities.runtestcaseforKatalon.clickTab("Object Repository/Canine/CanineResults_Cases_Tab"): ctdc.utilities.runtestcaseforKatalon.clickTab is PASSED

2021-07-22 10:20:09 - [MESSAGE][PASSED] - ctdc.utilities.runtestcaseforKatalon.clickTab is PASSED

2021-07-22 10:20:09 - [TEST_STEP][PASSED] - ctdc.utilities.runtestcaseforKatalon.multiFunction("ICDC", G_StatBar_Cases, "Object Repository/Canine/Canine_CasesTable", "Object Repository/Canine/Canine_TableHeader", "Object Repository/Canine/Canine_CasesTabNextBtn", G_WebTabnameCases, G_CypherTabnameCases, G_QueryCasesTab): Statbar Arms count matches

2021-07-22 10:20:24 - [MESSAGE][PASSED] - Statbar Files count matches

2021-07-22 10:20:24 - [MESSAGE][PASSED] - Statbar Samples count matches

2021-07-22 10:20:24 - [MESSAGE][PASSED] - Statbar Cases count matches

2021-07-22 10:20:24 - [MESSAGE][PASSED] - Statbar Arms count matches

2021-07-22 10:20:24 - [TEST_STEP][PASSED] - waitForElementPresent(findTestObject("Object Repository/Canine/CanineResults_Samples_Tab"), 5): Object 'Object Repository/Canine/CanineResults_Samples_Tab' is present

2021-07-22 10:20:24 - [MESSAGE][PASSED] - Object 'Object Repository/Canine/CanineResults_Samples_Tab' is present

2021-07-22 10:20:24 - [TEST_STEP][PASSED] - ctdc.utilities.runtestcaseforKatalon.clickTab("Object Repository/Canine/CanineResults_Samples_Tab"): ctdc.utilities.runtestcaseforKatalon.clickTab is PASSED

2021-07-22 10:20:24 - [MESSAGE][PASSED] - ctdc.utilities.runtestcaseforKatalon.clickTab is PASSED

2021-07-22 10:20:24 - [TEST_STEP][PASSED] - ctdc.utilities.runtestcaseforKatalon.multiFunction("ICDC", G_StatBar_Samples, "Object Repository/Canine/Canine_Samples_Table", "Object Repository/Canine/Canine_Samples_TableHdr", "Object Repository/Canine/Canine_SamplesTabNextBtn", G_WebTabnameSamples, G_CypherTabnameSamples, G_QuerySamplesTab): Statbar Arms count matches

2021-07-22 10:20:40 - [MESSAGE][PASSED] - Statbar Files count matches

2021-07-22 10:20:40 - [MESSAGE][PASSED] - Statbar Samples count matches

2021-07-22 10:20:40 - [MESSAGE][PASSED] - Statbar Cases count matches

2021-07-22 10:20:40 - [MESSAGE][PASSED] - Statbar Arms count matches

2021-07-22 10:20:40 - [TEST_STEP][PASSED] - waitForElementPresent(findTestObject("Object Repository/Canine/CanineResults_Files_Tab"), 5): Object 'Object Repository/Canine/CanineResults_Files_Tab' is present

2021-07-22 10:20:40 - [MESSAGE][PASSED] - Object 'Object Repository/Canine/CanineResults_Files_Tab' is present

2021-07-22 10:20:40 - [TEST_STEP][PASSED] - ctdc.utilities.runtestcaseforKatalon.clickTab("Object Repository/Canine/CanineResults_Files_Tab"): ctdc.utilities.runtestcaseforKatalon.clickTab is PASSED

2021-07-22 10:20:40 - [MESSAGE][PASSED] - ctdc.utilities.runtestcaseforKatalon.clickTab is PASSED

2021-07-22 10:20:40 - [TEST_STEP][PASSED] - ctdc.utilities.runtestcaseforKatalon.multiFunction("ICDC", G_StatBar_Files, "Object Repository/Canine/Canine_Files_Table", "Object Repository/Canine/Canine_Files_TableHdr", "Object Repository/Canine/Canine_FilesTabNextBtn", G_WebTabnameFiles, G_CypherTabnameFiles, G_QueryFilesTab): Statbar Arms count matches

2021-07-22 10:20:57 - [MESSAGE][PASSED] - Statbar Files count matches

2021-07-22 10:20:57 - [MESSAGE][PASSED] - Statbar Samples count matches

2021-07-22 10:20:57 - [MESSAGE][PASSED] - Statbar Cases count matches

2021-07-22 10:20:57 - [MESSAGE][PASSED] - Statbar Arms count matches

2021-07-22 10:20:57 - [TEST_STEP][PASSED] - closeBrowser(): Browser is closed

2021-07-22 10:20:58 - [MESSAGE][PASSED] - Browser is closed]]></system-out>
         <system-err><![CDATA[]]></system-err>
      </testcase>
      <testcase name="Test Cases/Canine_TestCases/Breed/TC04_Canine_Filter_Breed-BassHnd" time="76.913" classname="Test Cases/Canine_TestCases/Breed/TC04_Canine_Filter_Breed-BassHnd" status="PASSED">
         <system-out><![CDATA[2021-07-22 10:20:58 - [TEST_CASE][PASSED] - Test Cases/Canine_TestCases/Breed/TC04_Canine_Filter_Breed-BassHnd: Test Cases/Canine_TestCases/Breed/TC04_Canine_Filter_Breed-BassHnd

2021-07-22 10:20:58 - [TEST_STEP][PASSED] - Start listener action : getTestScriptName: null

2021-07-22 10:20:58 - [TEST_STEP][PASSED] - TestCaseId = testCaseContext.getTestCaseId(): null

2021-07-22 10:20:58 - [TEST_STEP][PASSED] - out.println("**********this is the value of test case id string******** " + testCaseContext.getTestCaseId()): null

2021-07-22 10:20:58 - [TEST_STEP][PASSED] - G_currentTCName = TestCaseId.substring(TestCaseId.lastIndexOf("TC")): null

2021-07-22 10:20:58 - [TEST_STEP][PASSED] - out.println("This is the test case name : " + G_currentTCName): null

2021-07-22 10:20:58 - [TEST_STEP][PASSED] - closeBrowser(): Browser is closed

2021-07-22 10:20:58 - [MESSAGE][PASSED] - Browser is closed

2021-07-22 10:20:58 - [TEST_STEP][PASSED] - ctdc.utilities.runtestcaseforKatalon.RunKatalon("TC04_Canine_Filter_Breed-BassHnd.xlsx"): Data loaded from input file for the test case. 

2021-07-22 10:20:58 - [MESSAGE][PASSED] - Test case file loaded This is the full filepath after converting to string :C:\Users\sohilz2\Commons_Automation\InputFiles\TC04_Canine_Filter_Breed-BassHnd.xlsx

2021-07-22 10:20:58 - [MESSAGE][INFO] - Global variable set for password file is :  C:\Users\sohilz2\Commons_Automation\InputFiles\TC04_Canine_Filter_Breed-BassHnd.xlsx

2021-07-22 10:21:02 - [MESSAGE][PASSED] - Data loaded from input file for the test case. 

2021-07-22 10:21:08 - [TEST_STEP][PASSED] - waitForElementPresent(findTestObject("Canine/NavBar/Canine_Cases_Btn"), 5): Object 'Object Repository/Canine/NavBar/Canine_Cases_Btn' is present

2021-07-22 10:21:09 - [MESSAGE][PASSED] - Object 'Object Repository/Canine/NavBar/Canine_Cases_Btn' is present

2021-07-22 10:21:09 - [TEST_STEP][PASSED] - ctdc.utilities.runtestcaseforKatalon.clickTab("Canine/NavBar/Canine_Cases_Btn"): ctdc.utilities.runtestcaseforKatalon.clickTab is PASSED

2021-07-22 10:21:09 - [MESSAGE][PASSED] - ctdc.utilities.runtestcaseforKatalon.clickTab is PASSED

2021-07-22 10:21:09 - [TEST_STEP][PASSED] - waitForElementPresent(findTestObject("Bento/Cases_page/Filter/FilterByCases_Facet"), 5): Object 'Object Repository/Bento/Cases_page/Filter/FilterByCases_Facet' is present

2021-07-22 10:21:09 - [MESSAGE][PASSED] - Object 'Object Repository/Bento/Cases_page/Filter/FilterByCases_Facet' is present

2021-07-22 10:21:09 - [TEST_STEP][PASSED] - ctdc.utilities.runtestcaseforKatalon.clickTab("Bento/Cases_page/Filter/FilterByCases_Facet"): ctdc.utilities.runtestcaseforKatalon.clickTab is PASSED

2021-07-22 10:21:10 - [MESSAGE][PASSED] - ctdc.utilities.runtestcaseforKatalon.clickTab is PASSED

2021-07-22 10:21:10 - [TEST_STEP][PASSED] - waitForElementPresent(findTestObject("Object Repository/Canine/Filter/Breed/BREED_Ddn"), 5): Object 'Object Repository/Canine/Filter/Breed/BREED_Ddn' is present

2021-07-22 10:21:10 - [MESSAGE][PASSED] - Object 'Object Repository/Canine/Filter/Breed/BREED_Ddn' is present

2021-07-22 10:21:10 - [TEST_STEP][PASSED] - ctdc.utilities.runtestcaseforKatalon.clickTab("Object Repository/Canine/Filter/Breed/BREED_Ddn"): ctdc.utilities.runtestcaseforKatalon.clickTab is PASSED

2021-07-22 10:21:10 - [MESSAGE][PASSED] - ctdc.utilities.runtestcaseforKatalon.clickTab is PASSED

2021-07-22 10:21:10 - [TEST_STEP][PASSED] - ctdc.utilities.runtestcaseforKatalon.clickTab("Object Repository/Canine/Filter/Breed/BassHnd_Chkbx"): ctdc.utilities.runtestcaseforKatalon.clickTab is PASSED

2021-07-22 10:21:10 - [MESSAGE][PASSED] - ctdc.utilities.runtestcaseforKatalon.clickTab is PASSED

2021-07-22 10:21:10 - [TEST_STEP][PASSED] - ctdc.utilities.runtestcaseforKatalon.readStatBarCanine("Object Repository/Canine/StatBar/Canine_StatBar-Studies", "Object Repository/Canine/StatBar/Canine_StatBar-Cases", "Object Repository/Canine/StatBar/Canine_StatBar-Samples", "Object Repository/Canine/StatBar/Canine_StatBar-Files", "Object Repository/Canine/StatBar/Canine_StatBar-Aliquots"): ctdc.utilities.runtestcaseforKatalon.readStatBarCanine is PASSED

2021-07-22 10:21:26 - [MESSAGE][PASSED] - ctdc.utilities.runtestcaseforKatalon.readStatBarCanine is PASSED

2021-07-22 10:21:26 - [TEST_STEP][PASSED] - waitForElementPresent(findTestObject("Object Repository/Canine/CanineResults_Cases_Tab"), 5): Object 'Object Repository/Canine/CanineResults_Cases_Tab' is present

2021-07-22 10:21:26 - [MESSAGE][PASSED] - Object 'Object Repository/Canine/CanineResults_Cases_Tab' is present

2021-07-22 10:21:26 - [TEST_STEP][PASSED] - ctdc.utilities.runtestcaseforKatalon.clickTab("Object Repository/Canine/CanineResults_Cases_Tab"): ctdc.utilities.runtestcaseforKatalon.clickTab is PASSED

2021-07-22 10:21:26 - [MESSAGE][PASSED] - ctdc.utilities.runtestcaseforKatalon.clickTab is PASSED

2021-07-22 10:21:26 - [TEST_STEP][PASSED] - ctdc.utilities.runtestcaseforKatalon.multiFunction("ICDC", G_StatBar_Cases, "Object Repository/Canine/Canine_CasesTable", "Object Repository/Canine/Canine_TableHeader", "Object Repository/Canine/Canine_CasesTabNextBtn", G_WebTabnameCases, G_CypherTabnameCases, G_QueryCasesTab): Statbar Arms count matches

2021-07-22 10:21:42 - [MESSAGE][PASSED] - Statbar Files count matches

2021-07-22 10:21:42 - [MESSAGE][PASSED] - Statbar Samples count matches

2021-07-22 10:21:42 - [MESSAGE][PASSED] - Statbar Cases count matches

2021-07-22 10:21:42 - [MESSAGE][PASSED] - Statbar Arms count matches

2021-07-22 10:21:42 - [TEST_STEP][PASSED] - waitForElementPresent(findTestObject("Object Repository/Canine/CanineResults_Samples_Tab"), 5): Object 'Object Repository/Canine/CanineResults_Samples_Tab' is present

2021-07-22 10:21:42 - [MESSAGE][PASSED] - Object 'Object Repository/Canine/CanineResults_Samples_Tab' is present

2021-07-22 10:21:42 - [TEST_STEP][PASSED] - ctdc.utilities.runtestcaseforKatalon.clickTab("Object Repository/Canine/CanineResults_Samples_Tab"): ctdc.utilities.runtestcaseforKatalon.clickTab is PASSED

2021-07-22 10:21:42 - [MESSAGE][PASSED] - ctdc.utilities.runtestcaseforKatalon.clickTab is PASSED

2021-07-22 10:21:42 - [TEST_STEP][PASSED] - ctdc.utilities.runtestcaseforKatalon.multiFunction("ICDC", G_StatBar_Samples, "Object Repository/Canine/Canine_Samples_Table", "Object Repository/Canine/Canine_Samples_TableHdr", "Object Repository/Canine/Canine_SamplesTabNextBtn", G_WebTabnameSamples, G_CypherTabnameSamples, G_QuerySamplesTab): Statbar Arms count matches

2021-07-22 10:21:57 - [MESSAGE][PASSED] - Statbar Files count matches

2021-07-22 10:21:57 - [MESSAGE][PASSED] - Statbar Samples count matches

2021-07-22 10:21:57 - [MESSAGE][PASSED] - Statbar Cases count matches

2021-07-22 10:21:57 - [MESSAGE][PASSED] - Statbar Arms count matches

2021-07-22 10:21:57 - [TEST_STEP][PASSED] - waitForElementPresent(findTestObject("Object Repository/Canine/CanineResults_Files_Tab"), 5): Object 'Object Repository/Canine/CanineResults_Files_Tab' is present

2021-07-22 10:21:57 - [MESSAGE][PASSED] - Object 'Object Repository/Canine/CanineResults_Files_Tab' is present

2021-07-22 10:21:57 - [TEST_STEP][PASSED] - ctdc.utilities.runtestcaseforKatalon.clickTab("Object Repository/Canine/CanineResults_Files_Tab"): ctdc.utilities.runtestcaseforKatalon.clickTab is PASSED

2021-07-22 10:21:58 - [MESSAGE][PASSED] - ctdc.utilities.runtestcaseforKatalon.clickTab is PASSED

2021-07-22 10:21:58 - [TEST_STEP][PASSED] - ctdc.utilities.runtestcaseforKatalon.multiFunction("ICDC", G_StatBar_Files, "Object Repository/Canine/Canine_Files_Table", "Object Repository/Canine/Canine_Files_TableHdr", "Object Repository/Canine/Canine_FilesTabNextBtn", G_WebTabnameFiles, G_CypherTabnameFiles, G_QueryFilesTab): Statbar Arms count matches

2021-07-22 10:22:14 - [MESSAGE][PASSED] - Statbar Files count matches

2021-07-22 10:22:14 - [MESSAGE][PASSED] - Statbar Samples count matches

2021-07-22 10:22:14 - [MESSAGE][PASSED] - Statbar Cases count matches

2021-07-22 10:22:14 - [MESSAGE][PASSED] - Statbar Arms count matches

2021-07-22 10:22:14 - [TEST_STEP][PASSED] - closeBrowser(): Browser is closed

2021-07-22 10:22:15 - [MESSAGE][PASSED] - Browser is closed]]></system-out>
         <system-err><![CDATA[]]></system-err>
      </testcase>
      <testcase name="Test Cases/Canine_TestCases/Breed/TC05_Canine_Filter_Breed-Beagle" time="171.966" classname="Test Cases/Canine_TestCases/Breed/TC05_Canine_Filter_Breed-Beagle" status="FAILED">
         <failure type="FAILED" message="Test Cases/Canine_TestCases/Breed/TC05_Canine_Filter_Breed-Beagle FAILED.
Reason:
com.kms.katalon.core.exception.StepFailedException: Mismatch in Stat Bar Files count
	at com.kms.katalon.core.util.KeywordUtil.markFailed(KeywordUtil.java:19)
	at com.kms.katalon.core.util.KeywordUtil$markFailed$1.call(Unknown Source)
	at ctdc.utilities.runtestcaseforKatalon.validateStatBar(runtestcaseforKatalon.groovy:964)
	at ctdc.utilities.runtestcaseforKatalon.multiFunction(runtestcaseforKatalon.groovy:254)
	at ctdc.utilities.runtestcaseforKatalon.invokeMethod(runtestcaseforKatalon.groovy)
	at com.kms.katalon.core.main.CustomKeywordDelegatingMetaClass.invokeStaticMethod(CustomKeywordDelegatingMetaClass.java:50)
	at TC05_Canine_Filter_Breed-Beagle.run(TC05_Canine_Filter_Breed-Beagle:70)
	at com.kms.katalon.core.main.ScriptEngine.run(ScriptEngine.java:194)
	at com.kms.katalon.core.main.ScriptEngine.runScriptAsRawText(ScriptEngine.java:119)
	at com.kms.katalon.core.main.TestCaseExecutor.runScript(TestCaseExecutor.java:369)
	at com.kms.katalon.core.main.TestCaseExecutor.doExecute(TestCaseExecutor.java:360)
	at com.kms.katalon.core.main.TestCaseExecutor.processExecutionPhase(TestCaseExecutor.java:339)
	at com.kms.katalon.core.main.TestCaseExecutor.accessMainPhase(TestCaseExecutor.java:331)
	at com.kms.katalon.core.main.TestCaseExecutor.execute(TestCaseExecutor.java:248)
	at com.kms.katalon.core.main.TestSuiteExecutor.accessTestCaseMainPhase(TestSuiteExecutor.java:191)
	at com.kms.katalon.core.main.TestSuiteExecutor.accessTestSuiteMainPhase(TestSuiteExecutor.java:140)
	at com.kms.katalon.core.main.TestSuiteExecutor.execute(TestSuiteExecutor.java:89)
	at com.kms.katalon.core.main.TestCaseMain.startTestSuite(TestCaseMain.java:185)
	at com.kms.katalon.core.main.TestCaseMain$startTestSuite$0.call(Unknown Source)
	at TempTestSuite1626963431420.run(TempTestSuite1626963431420.groovy:39)
"/>
         <system-out><![CDATA[2021-07-22 10:22:15 - [TEST_CASE][FAILED] - Test Cases/Canine_TestCases/Breed/TC05_Canine_Filter_Breed-Beagle: Test Cases/Canine_TestCases/Breed/TC05_Canine_Filter_Breed-Beagle FAILED.
Reason:
com.kms.katalon.core.exception.StepFailedException: Mismatch in Stat Bar Files count
	at com.kms.katalon.core.util.KeywordUtil.markFailed(KeywordUtil.java:19)
	at com.kms.katalon.core.util.KeywordUtil$markFailed$1.call(Unknown Source)
	at ctdc.utilities.runtestcaseforKatalon.validateStatBar(runtestcaseforKatalon.groovy:964)
	at ctdc.utilities.runtestcaseforKatalon.multiFunction(runtestcaseforKatalon.groovy:254)
	at ctdc.utilities.runtestcaseforKatalon.invokeMethod(runtestcaseforKatalon.groovy)
	at com.kms.katalon.core.main.CustomKeywordDelegatingMetaClass.invokeStaticMethod(CustomKeywordDelegatingMetaClass.java:50)
	at TC05_Canine_Filter_Breed-Beagle.run(TC05_Canine_Filter_Breed-Beagle:70)
	at com.kms.katalon.core.main.ScriptEngine.run(ScriptEngine.java:194)
	at com.kms.katalon.core.main.ScriptEngine.runScriptAsRawText(ScriptEngine.java:119)
	at com.kms.katalon.core.main.TestCaseExecutor.runScript(TestCaseExecutor.java:369)
	at com.kms.katalon.core.main.TestCaseExecutor.doExecute(TestCaseExecutor.java:360)
	at com.kms.katalon.core.main.TestCaseExecutor.processExecutionPhase(TestCaseExecutor.java:339)
	at com.kms.katalon.core.main.TestCaseExecutor.accessMainPhase(TestCaseExecutor.java:331)
	at com.kms.katalon.core.main.TestCaseExecutor.execute(TestCaseExecutor.java:248)
	at com.kms.katalon.core.main.TestSuiteExecutor.accessTestCaseMainPhase(TestSuiteExecutor.java:191)
	at com.kms.katalon.core.main.TestSuiteExecutor.accessTestSuiteMainPhase(TestSuiteExecutor.java:140)
	at com.kms.katalon.core.main.TestSuiteExecutor.execute(TestSuiteExecutor.java:89)
	at com.kms.katalon.core.main.TestCaseMain.startTestSuite(TestCaseMain.java:185)
	at com.kms.katalon.core.main.TestCaseMain$startTestSuite$0.call(Unknown Source)
	at TempTestSuite1626963431420.run(TempTestSuite1626963431420.groovy:39)


2021-07-22 10:22:15 - [TEST_STEP][PASSED] - Start listener action : getTestScriptName: null

2021-07-22 10:22:15 - [TEST_STEP][PASSED] - TestCaseId = testCaseContext.getTestCaseId(): null

2021-07-22 10:22:15 - [TEST_STEP][PASSED] - out.println("**********this is the value of test case id string******** " + testCaseContext.getTestCaseId()): null

2021-07-22 10:22:15 - [TEST_STEP][PASSED] - G_currentTCName = TestCaseId.substring(TestCaseId.lastIndexOf("TC")): null

2021-07-22 10:22:15 - [TEST_STEP][PASSED] - out.println("This is the test case name : " + G_currentTCName): null

2021-07-22 10:22:15 - [TEST_STEP][PASSED] - closeBrowser(): Browser is closed

2021-07-22 10:22:15 - [MESSAGE][PASSED] - Browser is closed

2021-07-22 10:22:15 - [TEST_STEP][PASSED] - ctdc.utilities.runtestcaseforKatalon.RunKatalon("TC05_Canine_Filter_Breed-Beagle.xlsx"): Data loaded from input file for the test case. 

2021-07-22 10:22:15 - [MESSAGE][PASSED] - Test case file loaded This is the full filepath after converting to string :C:\Users\sohilz2\Commons_Automation\InputFiles\TC05_Canine_Filter_Breed-Beagle.xlsx

2021-07-22 10:22:15 - [MESSAGE][INFO] - Global variable set for password file is :  C:\Users\sohilz2\Commons_Automation\InputFiles\TC05_Canine_Filter_Breed-Beagle.xlsx

2021-07-22 10:22:19 - [MESSAGE][PASSED] - Data loaded from input file for the test case. 

2021-07-22 10:22:25 - [TEST_STEP][PASSED] - waitForElementPresent(findTestObject("Canine/NavBar/Canine_Cases_Btn"), 5): Object 'Object Repository/Canine/NavBar/Canine_Cases_Btn' is present

2021-07-22 10:22:26 - [MESSAGE][PASSED] - Object 'Object Repository/Canine/NavBar/Canine_Cases_Btn' is present

2021-07-22 10:22:26 - [TEST_STEP][PASSED] - ctdc.utilities.runtestcaseforKatalon.clickTab("Canine/NavBar/Canine_Cases_Btn"): ctdc.utilities.runtestcaseforKatalon.clickTab is PASSED

2021-07-22 10:22:26 - [MESSAGE][PASSED] - ctdc.utilities.runtestcaseforKatalon.clickTab is PASSED

2021-07-22 10:22:26 - [TEST_STEP][PASSED] - waitForElementPresent(findTestObject("Bento/Cases_page/Filter/FilterByCases_Facet"), 5): Object 'Object Repository/Bento/Cases_page/Filter/FilterByCases_Facet' is present

2021-07-22 10:22:26 - [MESSAGE][PASSED] - Object 'Object Repository/Bento/Cases_page/Filter/FilterByCases_Facet' is present

2021-07-22 10:22:26 - [TEST_STEP][PASSED] - ctdc.utilities.runtestcaseforKatalon.clickTab("Bento/Cases_page/Filter/FilterByCases_Facet"): ctdc.utilities.runtestcaseforKatalon.clickTab is PASSED

2021-07-22 10:22:27 - [MESSAGE][PASSED] - ctdc.utilities.runtestcaseforKatalon.clickTab is PASSED

2021-07-22 10:22:27 - [TEST_STEP][PASSED] - waitForElementPresent(findTestObject("Object Repository/Canine/Filter/Breed/BREED_Ddn"), 5): Object 'Object Repository/Canine/Filter/Breed/BREED_Ddn' is present

2021-07-22 10:22:27 - [MESSAGE][PASSED] - Object 'Object Repository/Canine/Filter/Breed/BREED_Ddn' is present

2021-07-22 10:22:27 - [TEST_STEP][PASSED] - ctdc.utilities.runtestcaseforKatalon.clickTab("Object Repository/Canine/Filter/Breed/BREED_Ddn"): ctdc.utilities.runtestcaseforKatalon.clickTab is PASSED

2021-07-22 10:22:28 - [MESSAGE][PASSED] - ctdc.utilities.runtestcaseforKatalon.clickTab is PASSED

2021-07-22 10:22:28 - [TEST_STEP][PASSED] - ctdc.utilities.runtestcaseforKatalon.clickTab("Object Repository/Canine/Filter/Breed/Beagle_Chkbx"): ctdc.utilities.runtestcaseforKatalon.clickTab is PASSED

2021-07-22 10:22:28 - [MESSAGE][PASSED] - ctdc.utilities.runtestcaseforKatalon.clickTab is PASSED

2021-07-22 10:22:28 - [TEST_STEP][PASSED] - ctdc.utilities.runtestcaseforKatalon.readStatBarCanine("Object Repository/Canine/StatBar/Canine_StatBar-Studies", "Object Repository/Canine/StatBar/Canine_StatBar-Cases", "Object Repository/Canine/StatBar/Canine_StatBar-Samples", "Object Repository/Canine/StatBar/Canine_StatBar-Files", "Object Repository/Canine/StatBar/Canine_StatBar-Aliquots"): ctdc.utilities.runtestcaseforKatalon.readStatBarCanine is PASSED

2021-07-22 10:22:44 - [MESSAGE][PASSED] - ctdc.utilities.runtestcaseforKatalon.readStatBarCanine is PASSED

2021-07-22 10:22:44 - [TEST_STEP][PASSED] - waitForElementPresent(findTestObject("Object Repository/Canine/CanineResults_Cases_Tab"), 5): Object 'Object Repository/Canine/CanineResults_Cases_Tab' is present

2021-07-22 10:22:44 - [MESSAGE][PASSED] - Object 'Object Repository/Canine/CanineResults_Cases_Tab' is present

2021-07-22 10:22:44 - [TEST_STEP][PASSED] - ctdc.utilities.runtestcaseforKatalon.clickTab("Object Repository/Canine/CanineResults_Cases_Tab"): ctdc.utilities.runtestcaseforKatalon.clickTab is PASSED

2021-07-22 10:22:44 - [MESSAGE][PASSED] - ctdc.utilities.runtestcaseforKatalon.clickTab is PASSED

2021-07-22 10:22:44 - [TEST_STEP][FAILED] - ctdc.utilities.runtestcaseforKatalon.multiFunction("ICDC", G_StatBar_Cases, "Object Repository/Canine/Canine_CasesTable", "Object Repository/Canine/Canine_TableHeader", "Object Repository/Canine/Canine_CasesTabNextBtn", G_WebTabnameCases, G_CypherTabnameCases, G_QueryCasesTab): com.kms.katalon.core.exception.StepFailedException: Mismatch in Stat Bar Files count

2021-07-22 10:23:16 - [MESSAGE][FAILED] - Mismatch in Stat Bar Files count

2021-07-22 10:23:16 - [MESSAGE][FAILED] - Mismatch in Stat Bar Samples count

2021-07-22 10:23:16 - [MESSAGE][PASSED] - Statbar Cases count matches

2021-07-22 10:23:16 - [MESSAGE][PASSED] - Statbar Arms count matches

2021-07-22 10:23:16 - [MESSAGE][FAILED] - com.kms.katalon.core.exception.StepFailedException: Mismatch in Stat Bar Files count

2021-07-22 10:23:16 - [TEST_STEP][PASSED] - waitForElementPresent(findTestObject("Object Repository/Canine/CanineResults_Samples_Tab"), 5): Object 'Object Repository/Canine/CanineResults_Samples_Tab' is present

2021-07-22 10:23:16 - [MESSAGE][PASSED] - Object 'Object Repository/Canine/CanineResults_Samples_Tab' is present

2021-07-22 10:23:16 - [TEST_STEP][PASSED] - ctdc.utilities.runtestcaseforKatalon.clickTab("Object Repository/Canine/CanineResults_Samples_Tab"): ctdc.utilities.runtestcaseforKatalon.clickTab is PASSED

2021-07-22 10:23:16 - [MESSAGE][PASSED] - ctdc.utilities.runtestcaseforKatalon.clickTab is PASSED

2021-07-22 10:23:16 - [TEST_STEP][FAILED] - ctdc.utilities.runtestcaseforKatalon.multiFunction("ICDC", G_StatBar_Samples, "Object Repository/Canine/Canine_Samples_Table", "Object Repository/Canine/Canine_Samples_TableHdr", "Object Repository/Canine/Canine_SamplesTabNextBtn", G_WebTabnameSamples, G_CypherTabnameSamples, G_QuerySamplesTab): com.kms.katalon.core.exception.StepFailedException: Mismatch in Stat Bar Files count

2021-07-22 10:23:59 - [MESSAGE][FAILED] - Mismatch in Stat Bar Files count

2021-07-22 10:23:59 - [MESSAGE][FAILED] - Mismatch in Stat Bar Samples count

2021-07-22 10:23:59 - [MESSAGE][PASSED] - Statbar Cases count matches

2021-07-22 10:23:59 - [MESSAGE][PASSED] - Statbar Arms count matches

2021-07-22 10:23:59 - [MESSAGE][FAILED] - com.kms.katalon.core.exception.StepFailedException: Mismatch in Stat Bar Files count

2021-07-22 10:23:59 - [TEST_STEP][PASSED] - waitForElementPresent(findTestObject("Object Repository/Canine/CanineResults_Files_Tab"), 5): Object 'Object Repository/Canine/CanineResults_Files_Tab' is present

2021-07-22 10:23:59 - [MESSAGE][PASSED] - Object 'Object Repository/Canine/CanineResults_Files_Tab' is present

2021-07-22 10:23:59 - [TEST_STEP][PASSED] - ctdc.utilities.runtestcaseforKatalon.clickTab("Object Repository/Canine/CanineResults_Files_Tab"): ctdc.utilities.runtestcaseforKatalon.clickTab is PASSED

2021-07-22 10:23:59 - [MESSAGE][PASSED] - ctdc.utilities.runtestcaseforKatalon.clickTab is PASSED

2021-07-22 10:23:59 - [TEST_STEP][FAILED] - ctdc.utilities.runtestcaseforKatalon.multiFunction("ICDC", G_StatBar_Files, "Object Repository/Canine/Canine_Files_Table", "Object Repository/Canine/Canine_Files_TableHdr", "Object Repository/Canine/Canine_FilesTabNextBtn", G_WebTabnameFiles, G_CypherTabnameFiles, G_QueryFilesTab): com.kms.katalon.core.exception.StepFailedException: Mismatch in Stat Bar Files count

2021-07-22 10:25:06 - [MESSAGE][FAILED] - Mismatch in Stat Bar Files count

2021-07-22 10:25:06 - [MESSAGE][FAILED] - Mismatch in Stat Bar Samples count

2021-07-22 10:25:06 - [MESSAGE][PASSED] - Statbar Cases count matches

2021-07-22 10:25:06 - [MESSAGE][PASSED] - Statbar Arms count matches

2021-07-22 10:25:06 - [MESSAGE][FAILED] - com.kms.katalon.core.exception.StepFailedException: Mismatch in Stat Bar Files count

2021-07-22 10:25:06 - [TEST_STEP][PASSED] - closeBrowser(): Browser is closed

2021-07-22 10:25:07 - [MESSAGE][PASSED] - Browser is closed]]></system-out>
         <system-err><![CDATA[2021-07-22 10:22:15 - [TEST_CASE][FAILED] - Test Cases/Canine_TestCases/Breed/TC05_Canine_Filter_Breed-Beagle: Test Cases/Canine_TestCases/Breed/TC05_Canine_Filter_Breed-Beagle FAILED.
Reason:
com.kms.katalon.core.exception.StepFailedException: Mismatch in Stat Bar Files count
	at com.kms.katalon.core.util.KeywordUtil.markFailed(KeywordUtil.java:19)
	at com.kms.katalon.core.util.KeywordUtil$markFailed$1.call(Unknown Source)
	at ctdc.utilities.runtestcaseforKatalon.validateStatBar(runtestcaseforKatalon.groovy:964)
	at ctdc.utilities.runtestcaseforKatalon.multiFunction(runtestcaseforKatalon.groovy:254)
	at ctdc.utilities.runtestcaseforKatalon.invokeMethod(runtestcaseforKatalon.groovy)
	at com.kms.katalon.core.main.CustomKeywordDelegatingMetaClass.invokeStaticMethod(CustomKeywordDelegatingMetaClass.java:50)
	at TC05_Canine_Filter_Breed-Beagle.run(TC05_Canine_Filter_Breed-Beagle:70)
	at com.kms.katalon.core.main.ScriptEngine.run(ScriptEngine.java:194)
	at com.kms.katalon.core.main.ScriptEngine.runScriptAsRawText(ScriptEngine.java:119)
	at com.kms.katalon.core.main.TestCaseExecutor.runScript(TestCaseExecutor.java:369)
	at com.kms.katalon.core.main.TestCaseExecutor.doExecute(TestCaseExecutor.java:360)
	at com.kms.katalon.core.main.TestCaseExecutor.processExecutionPhase(TestCaseExecutor.java:339)
	at com.kms.katalon.core.main.TestCaseExecutor.accessMainPhase(TestCaseExecutor.java:331)
	at com.kms.katalon.core.main.TestCaseExecutor.execute(TestCaseExecutor.java:248)
	at com.kms.katalon.core.main.TestSuiteExecutor.accessTestCaseMainPhase(TestSuiteExecutor.java:191)
	at com.kms.katalon.core.main.TestSuiteExecutor.accessTestSuiteMainPhase(TestSuiteExecutor.java:140)
	at com.kms.katalon.core.main.TestSuiteExecutor.execute(TestSuiteExecutor.java:89)
	at com.kms.katalon.core.main.TestCaseMain.startTestSuite(TestCaseMain.java:185)
	at com.kms.katalon.core.main.TestCaseMain$startTestSuite$0.call(Unknown Source)
	at TempTestSuite1626963431420.run(TempTestSuite1626963431420.groovy:39)]]></system-err>
      </testcase>
      <testcase name="Test Cases/Canine_TestCases/Breed/TC06_Canine_Filter_Breed-BelgMalin" time="76.042" classname="Test Cases/Canine_TestCases/Breed/TC06_Canine_Filter_Breed-BelgMalin" status="PASSED">
         <system-out><![CDATA[2021-07-22 10:25:07 - [TEST_CASE][PASSED] - Test Cases/Canine_TestCases/Breed/TC06_Canine_Filter_Breed-BelgMalin: Test Cases/Canine_TestCases/Breed/TC06_Canine_Filter_Breed-BelgMalin

2021-07-22 10:25:07 - [TEST_STEP][PASSED] - Start listener action : getTestScriptName: null

2021-07-22 10:25:07 - [TEST_STEP][PASSED] - TestCaseId = testCaseContext.getTestCaseId(): null

2021-07-22 10:25:07 - [TEST_STEP][PASSED] - out.println("**********this is the value of test case id string******** " + testCaseContext.getTestCaseId()): null

2021-07-22 10:25:07 - [TEST_STEP][PASSED] - G_currentTCName = TestCaseId.substring(TestCaseId.lastIndexOf("TC")): null

2021-07-22 10:25:07 - [TEST_STEP][PASSED] - out.println("This is the test case name : " + G_currentTCName): null

2021-07-22 10:25:07 - [TEST_STEP][PASSED] - closeBrowser(): Browser is closed

2021-07-22 10:25:07 - [MESSAGE][PASSED] - Browser is closed

2021-07-22 10:25:07 - [TEST_STEP][PASSED] - ctdc.utilities.runtestcaseforKatalon.RunKatalon("TC06_Canine_Filter_Breed-BelgMalin.xlsx"): Data loaded from input file for the test case. 

2021-07-22 10:25:07 - [MESSAGE][PASSED] - Test case file loaded This is the full filepath after converting to string :C:\Users\sohilz2\Commons_Automation\InputFiles\TC06_Canine_Filter_Breed-BelgMalin.xlsx

2021-07-22 10:25:07 - [MESSAGE][INFO] - Global variable set for password file is :  C:\Users\sohilz2\Commons_Automation\InputFiles\TC06_Canine_Filter_Breed-BelgMalin.xlsx

2021-07-22 10:25:11 - [MESSAGE][PASSED] - Data loaded from input file for the test case. 

2021-07-22 10:25:19 - [TEST_STEP][PASSED] - click(findTestObject("Canine/NavBar/Canine_Cases_Btn")): Object: 'Object Repository/Canine/NavBar/Canine_Cases_Btn' is clicked on

2021-07-22 10:25:19 - [MESSAGE][PASSED] - Object: 'Object Repository/Canine/NavBar/Canine_Cases_Btn' is clicked on

2021-07-22 10:25:19 - [TEST_STEP][PASSED] - click(findTestObject("Bento/Cases_page/Filter/FilterByCases_Facet")): Object: 'Object Repository/Bento/Cases_page/Filter/FilterByCases_Facet' is clicked on

2021-07-22 10:25:20 - [MESSAGE][PASSED] - Object: 'Object Repository/Bento/Cases_page/Filter/FilterByCases_Facet' is clicked on

2021-07-22 10:25:20 - [TEST_STEP][PASSED] - waitForElementPresent(findTestObject("Object Repository/Canine/Filter/Breed/BREED_Ddn"), 5): Object 'Object Repository/Canine/Filter/Breed/BREED_Ddn' is present

2021-07-22 10:25:20 - [MESSAGE][PASSED] - Object 'Object Repository/Canine/Filter/Breed/BREED_Ddn' is present

2021-07-22 10:25:20 - [TEST_STEP][PASSED] - ctdc.utilities.runtestcaseforKatalon.clickTab("Object Repository/Canine/Filter/Breed/BREED_Ddn"): ctdc.utilities.runtestcaseforKatalon.clickTab is PASSED

2021-07-22 10:25:20 - [MESSAGE][PASSED] - ctdc.utilities.runtestcaseforKatalon.clickTab is PASSED

2021-07-22 10:25:20 - [TEST_STEP][PASSED] - ctdc.utilities.runtestcaseforKatalon.clickTab("Object Repository/Canine/Filter/Breed/BelgMalin_Chkbx"): ctdc.utilities.runtestcaseforKatalon.clickTab is PASSED

2021-07-22 10:25:20 - [MESSAGE][PASSED] - ctdc.utilities.runtestcaseforKatalon.clickTab is PASSED

2021-07-22 10:25:20 - [TEST_STEP][PASSED] - ctdc.utilities.runtestcaseforKatalon.readStatBarCanine("Object Repository/Canine/StatBar/Canine_StatBar-Studies", "Object Repository/Canine/StatBar/Canine_StatBar-Cases", "Object Repository/Canine/StatBar/Canine_StatBar-Samples", "Object Repository/Canine/StatBar/Canine_StatBar-Files", "Object Repository/Canine/StatBar/Canine_StatBar-Aliquots"): ctdc.utilities.runtestcaseforKatalon.readStatBarCanine is PASSED

2021-07-22 10:25:36 - [MESSAGE][PASSED] - ctdc.utilities.runtestcaseforKatalon.readStatBarCanine is PASSED

2021-07-22 10:25:36 - [TEST_STEP][PASSED] - waitForElementPresent(findTestObject("Object Repository/Canine/CanineResults_Cases_Tab"), 5): Object 'Object Repository/Canine/CanineResults_Cases_Tab' is present

2021-07-22 10:25:36 - [MESSAGE][PASSED] - Object 'Object Repository/Canine/CanineResults_Cases_Tab' is present

2021-07-22 10:25:36 - [TEST_STEP][PASSED] - ctdc.utilities.runtestcaseforKatalon.clickTab("Object Repository/Canine/CanineResults_Cases_Tab"): ctdc.utilities.runtestcaseforKatalon.clickTab is PASSED

2021-07-22 10:25:36 - [MESSAGE][PASSED] - ctdc.utilities.runtestcaseforKatalon.clickTab is PASSED

2021-07-22 10:25:36 - [TEST_STEP][PASSED] - ctdc.utilities.runtestcaseforKatalon.multiFunction("ICDC", G_StatBar_Cases, "Object Repository/Canine/Canine_CasesTable", "Object Repository/Canine/Canine_TableHeader", "Object Repository/Canine/Canine_CasesTabNextBtn", G_WebTabnameCases, G_CypherTabnameCases, G_QueryCasesTab): Statbar Arms count matches

2021-07-22 10:25:51 - [MESSAGE][PASSED] - Statbar Files count matches

2021-07-22 10:25:51 - [MESSAGE][PASSED] - Statbar Samples count matches

2021-07-22 10:25:51 - [MESSAGE][PASSED] - Statbar Cases count matches

2021-07-22 10:25:51 - [MESSAGE][PASSED] - Statbar Arms count matches

2021-07-22 10:25:51 - [TEST_STEP][PASSED] - waitForElementPresent(findTestObject("Object Repository/Canine/CanineResults_Samples_Tab"), 5): Object 'Object Repository/Canine/CanineResults_Samples_Tab' is present

2021-07-22 10:25:51 - [MESSAGE][PASSED] - Object 'Object Repository/Canine/CanineResults_Samples_Tab' is present

2021-07-22 10:25:51 - [TEST_STEP][PASSED] - ctdc.utilities.runtestcaseforKatalon.clickTab("Object Repository/Canine/CanineResults_Samples_Tab"): ctdc.utilities.runtestcaseforKatalon.clickTab is PASSED

2021-07-22 10:25:51 - [MESSAGE][PASSED] - ctdc.utilities.runtestcaseforKatalon.clickTab is PASSED

2021-07-22 10:25:51 - [TEST_STEP][PASSED] - ctdc.utilities.runtestcaseforKatalon.multiFunction("ICDC", G_StatBar_Samples, "Object Repository/Canine/Canine_Samples_Table", "Object Repository/Canine/Canine_Samples_TableHdr", "Object Repository/Canine/Canine_SamplesTabNextBtn", G_WebTabnameSamples, G_CypherTabnameSamples, G_QuerySamplesTab): Statbar Arms count matches

2021-07-22 10:26:06 - [MESSAGE][PASSED] - Statbar Files count matches

2021-07-22 10:26:06 - [MESSAGE][PASSED] - Statbar Samples count matches

2021-07-22 10:26:06 - [MESSAGE][PASSED] - Statbar Cases count matches

2021-07-22 10:26:06 - [MESSAGE][PASSED] - Statbar Arms count matches

2021-07-22 10:26:06 - [TEST_STEP][PASSED] - waitForElementPresent(findTestObject("Object Repository/Canine/CanineResults_Files_Tab"), 5): Object 'Object Repository/Canine/CanineResults_Files_Tab' is present

2021-07-22 10:26:06 - [MESSAGE][PASSED] - Object 'Object Repository/Canine/CanineResults_Files_Tab' is present

2021-07-22 10:26:06 - [TEST_STEP][PASSED] - ctdc.utilities.runtestcaseforKatalon.clickTab("Object Repository/Canine/CanineResults_Files_Tab"): ctdc.utilities.runtestcaseforKatalon.clickTab is PASSED

2021-07-22 10:26:06 - [MESSAGE][PASSED] - ctdc.utilities.runtestcaseforKatalon.clickTab is PASSED

2021-07-22 10:26:06 - [TEST_STEP][PASSED] - ctdc.utilities.runtestcaseforKatalon.multiFunction("ICDC", G_StatBar_Files, "Object Repository/Canine/Canine_Files_Table", "Object Repository/Canine/Canine_Files_TableHdr", "Object Repository/Canine/Canine_FilesTabNextBtn", G_WebTabnameFiles, G_CypherTabnameFiles, G_QueryFilesTab): Statbar Arms count matches

2021-07-22 10:26:22 - [MESSAGE][PASSED] - Statbar Files count matches

2021-07-22 10:26:22 - [MESSAGE][PASSED] - Statbar Samples count matches

2021-07-22 10:26:22 - [MESSAGE][PASSED] - Statbar Cases count matches

2021-07-22 10:26:22 - [MESSAGE][PASSED] - Statbar Arms count matches

2021-07-22 10:26:22 - [TEST_STEP][PASSED] - closeBrowser(): Browser is closed

2021-07-22 10:26:23 - [MESSAGE][PASSED] - Browser is closed]]></system-out>
         <system-err><![CDATA[]]></system-err>
      </testcase>
      <testcase name="Test Cases/Canine_TestCases/Breed/TC07_Canine_Filter_Breed-BrnMtnDog" time="75.812" classname="Test Cases/Canine_TestCases/Breed/TC07_Canine_Filter_Breed-BrnMtnDog" status="PASSED">
         <system-out><![CDATA[2021-07-22 10:26:23 - [TEST_CASE][PASSED] - Test Cases/Canine_TestCases/Breed/TC07_Canine_Filter_Breed-BrnMtnDog: Test Cases/Canine_TestCases/Breed/TC07_Canine_Filter_Breed-BrnMtnDog

2021-07-22 10:26:23 - [TEST_STEP][PASSED] - Start listener action : getTestScriptName: null

2021-07-22 10:26:23 - [TEST_STEP][PASSED] - TestCaseId = testCaseContext.getTestCaseId(): null

2021-07-22 10:26:23 - [TEST_STEP][PASSED] - out.println("**********this is the value of test case id string******** " + testCaseContext.getTestCaseId()): null

2021-07-22 10:26:23 - [TEST_STEP][PASSED] - G_currentTCName = TestCaseId.substring(TestCaseId.lastIndexOf("TC")): null

2021-07-22 10:26:23 - [TEST_STEP][PASSED] - out.println("This is the test case name : " + G_currentTCName): null

2021-07-22 10:26:23 - [TEST_STEP][PASSED] - closeBrowser(): Browser is closed

2021-07-22 10:26:23 - [MESSAGE][PASSED] - Browser is closed

2021-07-22 10:26:23 - [TEST_STEP][PASSED] - ctdc.utilities.runtestcaseforKatalon.RunKatalon("TC07_Canine_Filter_Breed-BrnMtnDog.xlsx"): Data loaded from input file for the test case. 

2021-07-22 10:26:23 - [MESSAGE][PASSED] - Test case file loaded This is the full filepath after converting to string :C:\Users\sohilz2\Commons_Automation\InputFiles\TC07_Canine_Filter_Breed-BrnMtnDog.xlsx

2021-07-22 10:26:23 - [MESSAGE][INFO] - Global variable set for password file is :  C:\Users\sohilz2\Commons_Automation\InputFiles\TC07_Canine_Filter_Breed-BrnMtnDog.xlsx

2021-07-22 10:26:27 - [MESSAGE][PASSED] - Data loaded from input file for the test case. 

2021-07-22 10:26:33 - [TEST_STEP][PASSED] - click(findTestObject("Canine/NavBar/Canine_Cases_Btn")): Object: 'Object Repository/Canine/NavBar/Canine_Cases_Btn' is clicked on

2021-07-22 10:26:34 - [MESSAGE][PASSED] - Object: 'Object Repository/Canine/NavBar/Canine_Cases_Btn' is clicked on

2021-07-22 10:26:34 - [TEST_STEP][PASSED] - click(findTestObject("Bento/Cases_page/Filter/FilterByCases_Facet")): Object: 'Object Repository/Bento/Cases_page/Filter/FilterByCases_Facet' is clicked on

2021-07-22 10:26:35 - [MESSAGE][PASSED] - Object: 'Object Repository/Bento/Cases_page/Filter/FilterByCases_Facet' is clicked on

2021-07-22 10:26:35 - [TEST_STEP][PASSED] - waitForElementPresent(findTestObject("Object Repository/Canine/Filter/Breed/BREED_Ddn"), 5): Object 'Object Repository/Canine/Filter/Breed/BREED_Ddn' is present

2021-07-22 10:26:35 - [MESSAGE][PASSED] - Object 'Object Repository/Canine/Filter/Breed/BREED_Ddn' is present

2021-07-22 10:26:35 - [TEST_STEP][PASSED] - ctdc.utilities.runtestcaseforKatalon.clickTab("Object Repository/Canine/Filter/Breed/BREED_Ddn"): ctdc.utilities.runtestcaseforKatalon.clickTab is PASSED

2021-07-22 10:26:35 - [MESSAGE][PASSED] - ctdc.utilities.runtestcaseforKatalon.clickTab is PASSED

2021-07-22 10:26:35 - [TEST_STEP][PASSED] - ctdc.utilities.runtestcaseforKatalon.clickTab("Object Repository/Canine/Filter/Breed/BernMtnDog_Chkbx"): ctdc.utilities.runtestcaseforKatalon.clickTab is PASSED

2021-07-22 10:26:35 - [MESSAGE][PASSED] - ctdc.utilities.runtestcaseforKatalon.clickTab is PASSED

2021-07-22 10:26:35 - [TEST_STEP][PASSED] - ctdc.utilities.runtestcaseforKatalon.readStatBarCanine("Object Repository/Canine/StatBar/Canine_StatBar-Studies", "Object Repository/Canine/StatBar/Canine_StatBar-Cases", "Object Repository/Canine/StatBar/Canine_StatBar-Samples", "Object Repository/Canine/StatBar/Canine_StatBar-Files", "Object Repository/Canine/StatBar/Canine_StatBar-Aliquots"): ctdc.utilities.runtestcaseforKatalon.readStatBarCanine is PASSED

2021-07-22 10:26:51 - [MESSAGE][PASSED] - ctdc.utilities.runtestcaseforKatalon.readStatBarCanine is PASSED

2021-07-22 10:26:51 - [TEST_STEP][PASSED] - waitForElementPresent(findTestObject("Object Repository/Canine/CanineResults_Cases_Tab"), 5): Object 'Object Repository/Canine/CanineResults_Cases_Tab' is present

2021-07-22 10:26:51 - [MESSAGE][PASSED] - Object 'Object Repository/Canine/CanineResults_Cases_Tab' is present

2021-07-22 10:26:51 - [TEST_STEP][PASSED] - ctdc.utilities.runtestcaseforKatalon.clickTab("Object Repository/Canine/CanineResults_Cases_Tab"): ctdc.utilities.runtestcaseforKatalon.clickTab is PASSED

2021-07-22 10:26:51 - [MESSAGE][PASSED] - ctdc.utilities.runtestcaseforKatalon.clickTab is PASSED

2021-07-22 10:26:51 - [TEST_STEP][PASSED] - ctdc.utilities.runtestcaseforKatalon.multiFunction("ICDC", G_StatBar_Cases, "Object Repository/Canine/Canine_CasesTable", "Object Repository/Canine/Canine_TableHeader", "Object Repository/Canine/Canine_CasesTabNextBtn", G_WebTabnameCases, G_CypherTabnameCases, G_QueryCasesTab): Statbar Arms count matches

2021-07-22 10:27:07 - [MESSAGE][PASSED] - Statbar Files count matches

2021-07-22 10:27:07 - [MESSAGE][PASSED] - Statbar Samples count matches

2021-07-22 10:27:07 - [MESSAGE][PASSED] - Statbar Cases count matches

2021-07-22 10:27:07 - [MESSAGE][PASSED] - Statbar Arms count matches

2021-07-22 10:27:07 - [TEST_STEP][PASSED] - waitForElementPresent(findTestObject("Object Repository/Canine/CanineResults_Samples_Tab"), 5): Object 'Object Repository/Canine/CanineResults_Samples_Tab' is present

2021-07-22 10:27:07 - [MESSAGE][PASSED] - Object 'Object Repository/Canine/CanineResults_Samples_Tab' is present

2021-07-22 10:27:07 - [TEST_STEP][PASSED] - ctdc.utilities.runtestcaseforKatalon.clickTab("Object Repository/Canine/CanineResults_Samples_Tab"): ctdc.utilities.runtestcaseforKatalon.clickTab is PASSED

2021-07-22 10:27:07 - [MESSAGE][PASSED] - ctdc.utilities.runtestcaseforKatalon.clickTab is PASSED

2021-07-22 10:27:07 - [TEST_STEP][PASSED] - ctdc.utilities.runtestcaseforKatalon.multiFunction("ICDC", G_StatBar_Samples, "Object Repository/Canine/Canine_Samples_Table", "Object Repository/Canine/Canine_Samples_TableHdr", "Object Repository/Canine/Canine_SamplesTabNextBtn", G_WebTabnameSamples, G_CypherTabnameSamples, G_QuerySamplesTab): Statbar Arms count matches

2021-07-22 10:27:22 - [MESSAGE][PASSED] - Statbar Files count matches

2021-07-22 10:27:22 - [MESSAGE][PASSED] - Statbar Samples count matches

2021-07-22 10:27:22 - [MESSAGE][PASSED] - Statbar Cases count matches

2021-07-22 10:27:22 - [MESSAGE][PASSED] - Statbar Arms count matches

2021-07-22 10:27:22 - [TEST_STEP][PASSED] - waitForElementPresent(findTestObject("Object Repository/Canine/CanineResults_Files_Tab"), 5): Object 'Object Repository/Canine/CanineResults_Files_Tab' is present

2021-07-22 10:27:22 - [MESSAGE][PASSED] - Object 'Object Repository/Canine/CanineResults_Files_Tab' is present

2021-07-22 10:27:22 - [TEST_STEP][PASSED] - ctdc.utilities.runtestcaseforKatalon.clickTab("Object Repository/Canine/CanineResults_Files_Tab"): ctdc.utilities.runtestcaseforKatalon.clickTab is PASSED

2021-07-22 10:27:23 - [MESSAGE][PASSED] - ctdc.utilities.runtestcaseforKatalon.clickTab is PASSED

2021-07-22 10:27:23 - [TEST_STEP][PASSED] - ctdc.utilities.runtestcaseforKatalon.multiFunction("ICDC", G_StatBar_Files, "Object Repository/Canine/Canine_Files_Table", "Object Repository/Canine/Canine_Files_TableHdr", "Object Repository/Canine/Canine_FilesTabNextBtn", G_WebTabnameFiles, G_CypherTabnameFiles, G_QueryFilesTab): Statbar Arms count matches

2021-07-22 10:27:38 - [MESSAGE][PASSED] - Statbar Files count matches

2021-07-22 10:27:38 - [MESSAGE][PASSED] - Statbar Samples count matches

2021-07-22 10:27:38 - [MESSAGE][PASSED] - Statbar Cases count matches

2021-07-22 10:27:38 - [MESSAGE][PASSED] - Statbar Arms count matches

2021-07-22 10:27:38 - [TEST_STEP][PASSED] - closeBrowser(): Browser is closed

2021-07-22 10:27:38 - [MESSAGE][PASSED] - Browser is closed]]></system-out>
         <system-err><![CDATA[]]></system-err>
      </testcase>
      <testcase name="Test Cases/Canine_TestCases/Breed/TC08_Canine_Filter_Breed-BlkTanCoon" time="74.984" classname="Test Cases/Canine_TestCases/Breed/TC08_Canine_Filter_Breed-BlkTanCoon" status="PASSED">
         <system-out><![CDATA[2021-07-22 10:27:38 - [TEST_CASE][PASSED] - Test Cases/Canine_TestCases/Breed/TC08_Canine_Filter_Breed-BlkTanCoon: Test Cases/Canine_TestCases/Breed/TC08_Canine_Filter_Breed-BlkTanCoon

2021-07-22 10:27:38 - [TEST_STEP][PASSED] - Start listener action : getTestScriptName: null

2021-07-22 10:27:38 - [TEST_STEP][PASSED] - TestCaseId = testCaseContext.getTestCaseId(): null

2021-07-22 10:27:38 - [TEST_STEP][PASSED] - out.println("**********this is the value of test case id string******** " + testCaseContext.getTestCaseId()): null

2021-07-22 10:27:38 - [TEST_STEP][PASSED] - G_currentTCName = TestCaseId.substring(TestCaseId.lastIndexOf("TC")): null

2021-07-22 10:27:38 - [TEST_STEP][PASSED] - out.println("This is the test case name : " + G_currentTCName): null

2021-07-22 10:27:39 - [TEST_STEP][PASSED] - closeBrowser(): Browser is closed

2021-07-22 10:27:39 - [MESSAGE][PASSED] - Browser is closed

2021-07-22 10:27:39 - [TEST_STEP][PASSED] - ctdc.utilities.runtestcaseforKatalon.RunKatalon("TC08_Canine_Filter_Breed-BlkTanCoon.xlsx"): Data loaded from input file for the test case. 

2021-07-22 10:27:39 - [MESSAGE][PASSED] - Test case file loaded This is the full filepath after converting to string :C:\Users\sohilz2\Commons_Automation\InputFiles\TC08_Canine_Filter_Breed-BlkTanCoon.xlsx

2021-07-22 10:27:39 - [MESSAGE][INFO] - Global variable set for password file is :  C:\Users\sohilz2\Commons_Automation\InputFiles\TC08_Canine_Filter_Breed-BlkTanCoon.xlsx

2021-07-22 10:27:43 - [MESSAGE][PASSED] - Data loaded from input file for the test case. 

2021-07-22 10:27:49 - [TEST_STEP][PASSED] - click(findTestObject("Canine/NavBar/Canine_Cases_Btn")): Object: 'Object Repository/Canine/NavBar/Canine_Cases_Btn' is clicked on

2021-07-22 10:27:49 - [MESSAGE][PASSED] - Object: 'Object Repository/Canine/NavBar/Canine_Cases_Btn' is clicked on

2021-07-22 10:27:49 - [TEST_STEP][PASSED] - click(findTestObject("Bento/Cases_page/Filter/FilterByCases_Facet")): Object: 'Object Repository/Bento/Cases_page/Filter/FilterByCases_Facet' is clicked on

2021-07-22 10:27:50 - [MESSAGE][PASSED] - Object: 'Object Repository/Bento/Cases_page/Filter/FilterByCases_Facet' is clicked on

2021-07-22 10:27:50 - [TEST_STEP][PASSED] - waitForElementPresent(findTestObject("Object Repository/Canine/Filter/Breed/BREED_Ddn"), 5): Object 'Object Repository/Canine/Filter/Breed/BREED_Ddn' is present

2021-07-22 10:27:50 - [MESSAGE][PASSED] - Object 'Object Repository/Canine/Filter/Breed/BREED_Ddn' is present

2021-07-22 10:27:50 - [TEST_STEP][PASSED] - ctdc.utilities.runtestcaseforKatalon.clickTab("Object Repository/Canine/Filter/Breed/BREED_Ddn"): ctdc.utilities.runtestcaseforKatalon.clickTab is PASSED

2021-07-22 10:27:51 - [MESSAGE][PASSED] - ctdc.utilities.runtestcaseforKatalon.clickTab is PASSED

2021-07-22 10:27:51 - [TEST_STEP][PASSED] - ctdc.utilities.runtestcaseforKatalon.clickTab("Object Repository/Canine/Filter/Breed/BlkTanCoon_Chkbx"): ctdc.utilities.runtestcaseforKatalon.clickTab is PASSED

2021-07-22 10:27:51 - [MESSAGE][PASSED] - ctdc.utilities.runtestcaseforKatalon.clickTab is PASSED

2021-07-22 10:27:51 - [TEST_STEP][PASSED] - ctdc.utilities.runtestcaseforKatalon.readStatBarCanine("Object Repository/Canine/StatBar/Canine_StatBar-Studies", "Object Repository/Canine/StatBar/Canine_StatBar-Cases", "Object Repository/Canine/StatBar/Canine_StatBar-Samples", "Object Repository/Canine/StatBar/Canine_StatBar-Files", "Object Repository/Canine/StatBar/Canine_StatBar-Aliquots"): ctdc.utilities.runtestcaseforKatalon.readStatBarCanine is PASSED

2021-07-22 10:28:06 - [MESSAGE][PASSED] - ctdc.utilities.runtestcaseforKatalon.readStatBarCanine is PASSED

2021-07-22 10:28:06 - [TEST_STEP][PASSED] - waitForElementPresent(findTestObject("Object Repository/Canine/CanineResults_Cases_Tab"), 5): Object 'Object Repository/Canine/CanineResults_Cases_Tab' is present

2021-07-22 10:28:06 - [MESSAGE][PASSED] - Object 'Object Repository/Canine/CanineResults_Cases_Tab' is present

2021-07-22 10:28:06 - [TEST_STEP][PASSED] - ctdc.utilities.runtestcaseforKatalon.clickTab("Object Repository/Canine/CanineResults_Cases_Tab"): ctdc.utilities.runtestcaseforKatalon.clickTab is PASSED

2021-07-22 10:28:07 - [MESSAGE][PASSED] - ctdc.utilities.runtestcaseforKatalon.clickTab is PASSED

2021-07-22 10:28:07 - [TEST_STEP][PASSED] - ctdc.utilities.runtestcaseforKatalon.multiFunction("ICDC", G_StatBar_Cases, "Object Repository/Canine/Canine_CasesTable", "Object Repository/Canine/Canine_TableHeader", "Object Repository/Canine/Canine_CasesTabNextBtn", G_WebTabnameCases, G_CypherTabnameCases, G_QueryCasesTab): Statbar Arms count matches

2021-07-22 10:28:21 - [MESSAGE][PASSED] - Statbar Files count matches

2021-07-22 10:28:21 - [MESSAGE][PASSED] - Statbar Samples count matches

2021-07-22 10:28:21 - [MESSAGE][PASSED] - Statbar Cases count matches

2021-07-22 10:28:21 - [MESSAGE][PASSED] - Statbar Arms count matches

2021-07-22 10:28:21 - [TEST_STEP][PASSED] - waitForElementPresent(findTestObject("Object Repository/Canine/CanineResults_Samples_Tab"), 5): Object 'Object Repository/Canine/CanineResults_Samples_Tab' is present

2021-07-22 10:28:21 - [MESSAGE][PASSED] - Object 'Object Repository/Canine/CanineResults_Samples_Tab' is present

2021-07-22 10:28:21 - [TEST_STEP][PASSED] - ctdc.utilities.runtestcaseforKatalon.clickTab("Object Repository/Canine/CanineResults_Samples_Tab"): ctdc.utilities.runtestcaseforKatalon.clickTab is PASSED

2021-07-22 10:28:21 - [MESSAGE][PASSED] - ctdc.utilities.runtestcaseforKatalon.clickTab is PASSED

2021-07-22 10:28:21 - [TEST_STEP][PASSED] - ctdc.utilities.runtestcaseforKatalon.multiFunction("ICDC", G_StatBar_Samples, "Object Repository/Canine/Canine_Samples_Table", "Object Repository/Canine/Canine_Samples_TableHdr", "Object Repository/Canine/Canine_SamplesTabNextBtn", G_WebTabnameSamples, G_CypherTabnameSamples, G_QuerySamplesTab): Statbar Arms count matches

2021-07-22 10:28:37 - [MESSAGE][PASSED] - Statbar Files count matches

2021-07-22 10:28:37 - [MESSAGE][PASSED] - Statbar Samples count matches

2021-07-22 10:28:37 - [MESSAGE][PASSED] - Statbar Cases count matches

2021-07-22 10:28:37 - [MESSAGE][PASSED] - Statbar Arms count matches

2021-07-22 10:28:37 - [TEST_STEP][PASSED] - waitForElementPresent(findTestObject("Object Repository/Canine/CanineResults_Files_Tab"), 5): Object 'Object Repository/Canine/CanineResults_Files_Tab' is present

2021-07-22 10:28:37 - [MESSAGE][PASSED] - Object 'Object Repository/Canine/CanineResults_Files_Tab' is present

2021-07-22 10:28:37 - [TEST_STEP][PASSED] - ctdc.utilities.runtestcaseforKatalon.clickTab("Object Repository/Canine/CanineResults_Files_Tab"): ctdc.utilities.runtestcaseforKatalon.clickTab is PASSED

2021-07-22 10:28:37 - [MESSAGE][PASSED] - ctdc.utilities.runtestcaseforKatalon.clickTab is PASSED

2021-07-22 10:28:37 - [TEST_STEP][PASSED] - ctdc.utilities.runtestcaseforKatalon.multiFunction("ICDC", G_StatBar_Files, "Object Repository/Canine/Canine_Files_Table", "Object Repository/Canine/Canine_Files_TableHdr", "Object Repository/Canine/Canine_FilesTabNextBtn", G_WebTabnameFiles, G_CypherTabnameFiles, G_QueryFilesTab): Statbar Arms count matches

2021-07-22 10:28:53 - [MESSAGE][PASSED] - Statbar Files count matches

2021-07-22 10:28:53 - [MESSAGE][PASSED] - Statbar Samples count matches

2021-07-22 10:28:53 - [MESSAGE][PASSED] - Statbar Cases count matches

2021-07-22 10:28:53 - [MESSAGE][PASSED] - Statbar Arms count matches

2021-07-22 10:28:53 - [TEST_STEP][PASSED] - closeBrowser(): Browser is closed

2021-07-22 10:28:53 - [MESSAGE][PASSED] - Browser is closed]]></system-out>
         <system-err><![CDATA[]]></system-err>
      </testcase>
      <testcase name="Test Cases/Canine_TestCases/Breed/TC09_Canine_Filter_Breed-BorderCol" time="89.512" classname="Test Cases/Canine_TestCases/Breed/TC09_Canine_Filter_Breed-BorderCol" status="FAILED">
         <failure type="FAILED" message="Test Cases/Canine_TestCases/Breed/TC09_Canine_Filter_Breed-BorderCol FAILED.
Reason:
com.kms.katalon.core.exception.StepFailedException: Mismatch in Stat Bar Files count
	at com.kms.katalon.core.util.KeywordUtil.markFailed(KeywordUtil.java:19)
	at com.kms.katalon.core.util.KeywordUtil$markFailed$1.call(Unknown Source)
	at ctdc.utilities.runtestcaseforKatalon.validateStatBar(runtestcaseforKatalon.groovy:964)
	at ctdc.utilities.runtestcaseforKatalon.multiFunction(runtestcaseforKatalon.groovy:254)
	at ctdc.utilities.runtestcaseforKatalon.invokeMethod(runtestcaseforKatalon.groovy)
	at com.kms.katalon.core.main.CustomKeywordDelegatingMetaClass.invokeStaticMethod(CustomKeywordDelegatingMetaClass.java:50)
	at TC09_Canine_Filter_Breed-BorderCol.run(TC09_Canine_Filter_Breed-BorderCol:66)
	at com.kms.katalon.core.main.ScriptEngine.run(ScriptEngine.java:194)
	at com.kms.katalon.core.main.ScriptEngine.runScriptAsRawText(ScriptEngine.java:119)
	at com.kms.katalon.core.main.TestCaseExecutor.runScript(TestCaseExecutor.java:369)
	at com.kms.katalon.core.main.TestCaseExecutor.doExecute(TestCaseExecutor.java:360)
	at com.kms.katalon.core.main.TestCaseExecutor.processExecutionPhase(TestCaseExecutor.java:339)
	at com.kms.katalon.core.main.TestCaseExecutor.accessMainPhase(TestCaseExecutor.java:331)
	at com.kms.katalon.core.main.TestCaseExecutor.execute(TestCaseExecutor.java:248)
	at com.kms.katalon.core.main.TestSuiteExecutor.accessTestCaseMainPhase(TestSuiteExecutor.java:191)
	at com.kms.katalon.core.main.TestSuiteExecutor.accessTestSuiteMainPhase(TestSuiteExecutor.java:140)
	at com.kms.katalon.core.main.TestSuiteExecutor.execute(TestSuiteExecutor.java:89)
	at com.kms.katalon.core.main.TestCaseMain.startTestSuite(TestCaseMain.java:185)
	at com.kms.katalon.core.main.TestCaseMain$startTestSuite$0.call(Unknown Source)
	at TempTestSuite1626963431420.run(TempTestSuite1626963431420.groovy:39)
"/>
         <system-out><![CDATA[2021-07-22 10:28:53 - [TEST_CASE][FAILED] - Test Cases/Canine_TestCases/Breed/TC09_Canine_Filter_Breed-BorderCol: Test Cases/Canine_TestCases/Breed/TC09_Canine_Filter_Breed-BorderCol FAILED.
Reason:
com.kms.katalon.core.exception.StepFailedException: Mismatch in Stat Bar Files count
	at com.kms.katalon.core.util.KeywordUtil.markFailed(KeywordUtil.java:19)
	at com.kms.katalon.core.util.KeywordUtil$markFailed$1.call(Unknown Source)
	at ctdc.utilities.runtestcaseforKatalon.validateStatBar(runtestcaseforKatalon.groovy:964)
	at ctdc.utilities.runtestcaseforKatalon.multiFunction(runtestcaseforKatalon.groovy:254)
	at ctdc.utilities.runtestcaseforKatalon.invokeMethod(runtestcaseforKatalon.groovy)
	at com.kms.katalon.core.main.CustomKeywordDelegatingMetaClass.invokeStaticMethod(CustomKeywordDelegatingMetaClass.java:50)
	at TC09_Canine_Filter_Breed-BorderCol.run(TC09_Canine_Filter_Breed-BorderCol:66)
	at com.kms.katalon.core.main.ScriptEngine.run(ScriptEngine.java:194)
	at com.kms.katalon.core.main.ScriptEngine.runScriptAsRawText(ScriptEngine.java:119)
	at com.kms.katalon.core.main.TestCaseExecutor.runScript(TestCaseExecutor.java:369)
	at com.kms.katalon.core.main.TestCaseExecutor.doExecute(TestCaseExecutor.java:360)
	at com.kms.katalon.core.main.TestCaseExecutor.processExecutionPhase(TestCaseExecutor.java:339)
	at com.kms.katalon.core.main.TestCaseExecutor.accessMainPhase(TestCaseExecutor.java:331)
	at com.kms.katalon.core.main.TestCaseExecutor.execute(TestCaseExecutor.java:248)
	at com.kms.katalon.core.main.TestSuiteExecutor.accessTestCaseMainPhase(TestSuiteExecutor.java:191)
	at com.kms.katalon.core.main.TestSuiteExecutor.accessTestSuiteMainPhase(TestSuiteExecutor.java:140)
	at com.kms.katalon.core.main.TestSuiteExecutor.execute(TestSuiteExecutor.java:89)
	at com.kms.katalon.core.main.TestCaseMain.startTestSuite(TestCaseMain.java:185)
	at com.kms.katalon.core.main.TestCaseMain$startTestSuite$0.call(Unknown Source)
	at TempTestSuite1626963431420.run(TempTestSuite1626963431420.groovy:39)


2021-07-22 10:28:53 - [TEST_STEP][PASSED] - Start listener action : getTestScriptName: null

2021-07-22 10:28:53 - [TEST_STEP][PASSED] - TestCaseId = testCaseContext.getTestCaseId(): null

2021-07-22 10:28:53 - [TEST_STEP][PASSED] - out.println("**********this is the value of test case id string******** " + testCaseContext.getTestCaseId()): null

2021-07-22 10:28:53 - [TEST_STEP][PASSED] - G_currentTCName = TestCaseId.substring(TestCaseId.lastIndexOf("TC")): null

2021-07-22 10:28:53 - [TEST_STEP][PASSED] - out.println("This is the test case name : " + G_currentTCName): null

2021-07-22 10:28:54 - [TEST_STEP][PASSED] - closeBrowser(): Browser is closed

2021-07-22 10:28:54 - [MESSAGE][PASSED] - Browser is closed

2021-07-22 10:28:54 - [TEST_STEP][PASSED] - ctdc.utilities.runtestcaseforKatalon.RunKatalon("TC09_Canine_Filter_Breed-BorderCol.xlsx"): Data loaded from input file for the test case. 

2021-07-22 10:28:54 - [MESSAGE][PASSED] - Test case file loaded This is the full filepath after converting to string :C:\Users\sohilz2\Commons_Automation\InputFiles\TC09_Canine_Filter_Breed-BorderCol.xlsx

2021-07-22 10:28:54 - [MESSAGE][INFO] - Global variable set for password file is :  C:\Users\sohilz2\Commons_Automation\InputFiles\TC09_Canine_Filter_Breed-BorderCol.xlsx

2021-07-22 10:28:58 - [MESSAGE][PASSED] - Data loaded from input file for the test case. 

2021-07-22 10:29:04 - [TEST_STEP][PASSED] - click(findTestObject("Canine/NavBar/Canine_Cases_Btn")): Object: 'Object Repository/Canine/NavBar/Canine_Cases_Btn' is clicked on

2021-07-22 10:29:04 - [MESSAGE][PASSED] - Object: 'Object Repository/Canine/NavBar/Canine_Cases_Btn' is clicked on

2021-07-22 10:29:04 - [TEST_STEP][PASSED] - click(findTestObject("Bento/Cases_page/Filter/FilterByCases_Facet")): Object: 'Object Repository/Bento/Cases_page/Filter/FilterByCases_Facet' is clicked on

2021-07-22 10:29:05 - [MESSAGE][PASSED] - Object: 'Object Repository/Bento/Cases_page/Filter/FilterByCases_Facet' is clicked on

2021-07-22 10:29:05 - [TEST_STEP][PASSED] - waitForElementPresent(findTestObject("Object Repository/Canine/Filter/Breed/BREED_Ddn"), 5): Object 'Object Repository/Canine/Filter/Breed/BREED_Ddn' is present

2021-07-22 10:29:05 - [MESSAGE][PASSED] - Object 'Object Repository/Canine/Filter/Breed/BREED_Ddn' is present

2021-07-22 10:29:05 - [TEST_STEP][PASSED] - ctdc.utilities.runtestcaseforKatalon.clickTab("Object Repository/Canine/Filter/Breed/BREED_Ddn"): ctdc.utilities.runtestcaseforKatalon.clickTab is PASSED

2021-07-22 10:29:05 - [MESSAGE][PASSED] - ctdc.utilities.runtestcaseforKatalon.clickTab is PASSED

2021-07-22 10:29:05 - [TEST_STEP][PASSED] - ctdc.utilities.runtestcaseforKatalon.clickTab("Object Repository/Canine/Filter/Breed/BorderCol_Chkbx"): ctdc.utilities.runtestcaseforKatalon.clickTab is PASSED

2021-07-22 10:29:06 - [MESSAGE][PASSED] - ctdc.utilities.runtestcaseforKatalon.clickTab is PASSED

2021-07-22 10:29:06 - [TEST_STEP][PASSED] - ctdc.utilities.runtestcaseforKatalon.readStatBarCanine("Object Repository/Canine/StatBar/Canine_StatBar-Studies", "Object Repository/Canine/StatBar/Canine_StatBar-Cases", "Object Repository/Canine/StatBar/Canine_StatBar-Samples", "Object Repository/Canine/StatBar/Canine_StatBar-Files", "Object Repository/Canine/StatBar/Canine_StatBar-Aliquots"): ctdc.utilities.runtestcaseforKatalon.readStatBarCanine is PASSED

2021-07-22 10:29:21 - [MESSAGE][PASSED] - ctdc.utilities.runtestcaseforKatalon.readStatBarCanine is PASSED

2021-07-22 10:29:21 - [TEST_STEP][PASSED] - waitForElementPresent(findTestObject("Object Repository/Canine/CanineResults_Cases_Tab"), 5): Object 'Object Repository/Canine/CanineResults_Cases_Tab' is present

2021-07-22 10:29:21 - [MESSAGE][PASSED] - Object 'Object Repository/Canine/CanineResults_Cases_Tab' is present

2021-07-22 10:29:21 - [TEST_STEP][PASSED] - ctdc.utilities.runtestcaseforKatalon.clickTab("Object Repository/Canine/CanineResults_Cases_Tab"): ctdc.utilities.runtestcaseforKatalon.clickTab is PASSED

2021-07-22 10:29:21 - [MESSAGE][PASSED] - ctdc.utilities.runtestcaseforKatalon.clickTab is PASSED

2021-07-22 10:29:21 - [TEST_STEP][FAILED] - ctdc.utilities.runtestcaseforKatalon.multiFunction("ICDC", G_StatBar_Cases, "Object Repository/Canine/Canine_CasesTable", "Object Repository/Canine/Canine_TableHeader", "Object Repository/Canine/Canine_CasesTabNextBtn", G_WebTabnameCases, G_CypherTabnameCases, G_QueryCasesTab): com.kms.katalon.core.exception.StepFailedException: Mismatch in Stat Bar Files count

2021-07-22 10:29:37 - [MESSAGE][FAILED] - Mismatch in Stat Bar Files count

2021-07-22 10:29:37 - [MESSAGE][FAILED] - Mismatch in Stat Bar Samples count

2021-07-22 10:29:37 - [MESSAGE][PASSED] - Statbar Cases count matches

2021-07-22 10:29:37 - [MESSAGE][PASSED] - Statbar Arms count matches

2021-07-22 10:29:37 - [MESSAGE][FAILED] - com.kms.katalon.core.exception.StepFailedException: Mismatch in Stat Bar Files count

2021-07-22 10:29:37 - [TEST_STEP][PASSED] - waitForElementPresent(findTestObject("Object Repository/Canine/CanineResults_Samples_Tab"), 5): Object 'Object Repository/Canine/CanineResults_Samples_Tab' is present

2021-07-22 10:29:37 - [MESSAGE][PASSED] - Object 'Object Repository/Canine/CanineResults_Samples_Tab' is present

2021-07-22 10:29:37 - [TEST_STEP][PASSED] - ctdc.utilities.runtestcaseforKatalon.clickTab("Object Repository/Canine/CanineResults_Samples_Tab"): ctdc.utilities.runtestcaseforKatalon.clickTab is PASSED

2021-07-22 10:29:37 - [MESSAGE][PASSED] - ctdc.utilities.runtestcaseforKatalon.clickTab is PASSED

2021-07-22 10:29:37 - [TEST_STEP][FAILED] - ctdc.utilities.runtestcaseforKatalon.multiFunction("ICDC", G_StatBar_Samples, "Object Repository/Canine/Canine_Samples_Table", "Object Repository/Canine/Canine_Samples_TableHdr", "Object Repository/Canine/Canine_SamplesTabNextBtn", G_WebTabnameSamples, G_CypherTabnameSamples, G_QuerySamplesTab): com.kms.katalon.core.exception.StepFailedException: Mismatch in Stat Bar Files count

2021-07-22 10:29:55 - [MESSAGE][FAILED] - Mismatch in Stat Bar Files count

2021-07-22 10:29:55 - [MESSAGE][FAILED] - Mismatch in Stat Bar Samples count

2021-07-22 10:29:55 - [MESSAGE][PASSED] - Statbar Cases count matches

2021-07-22 10:29:55 - [MESSAGE][PASSED] - Statbar Arms count matches

2021-07-22 10:29:55 - [MESSAGE][FAILED] - com.kms.katalon.core.exception.StepFailedException: Mismatch in Stat Bar Files count

2021-07-22 10:29:55 - [TEST_STEP][PASSED] - waitForElementPresent(findTestObject("Object Repository/Canine/CanineResults_Files_Tab"), 5): Object 'Object Repository/Canine/CanineResults_Files_Tab' is present

2021-07-22 10:29:55 - [MESSAGE][PASSED] - Object 'Object Repository/Canine/CanineResults_Files_Tab' is present

2021-07-22 10:29:55 - [TEST_STEP][PASSED] - ctdc.utilities.runtestcaseforKatalon.clickTab("Object Repository/Canine/CanineResults_Files_Tab"): ctdc.utilities.runtestcaseforKatalon.clickTab is PASSED

2021-07-22 10:29:55 - [MESSAGE][PASSED] - ctdc.utilities.runtestcaseforKatalon.clickTab is PASSED

2021-07-22 10:29:55 - [TEST_STEP][FAILED] - ctdc.utilities.runtestcaseforKatalon.multiFunction("ICDC", G_StatBar_Files, "Object Repository/Canine/Canine_Files_Table", "Object Repository/Canine/Canine_Files_TableHdr", "Object Repository/Canine/Canine_FilesTabNextBtn", G_WebTabnameFiles, G_CypherTabnameFiles, G_QueryFilesTab): com.kms.katalon.core.exception.StepFailedException: Mismatch in Stat Bar Files count

2021-07-22 10:30:22 - [MESSAGE][FAILED] - Mismatch in Stat Bar Files count

2021-07-22 10:30:22 - [MESSAGE][FAILED] - Mismatch in Stat Bar Samples count

2021-07-22 10:30:22 - [MESSAGE][PASSED] - Statbar Cases count matches

2021-07-22 10:30:22 - [MESSAGE][PASSED] - Statbar Arms count matches

2021-07-22 10:30:22 - [MESSAGE][FAILED] - com.kms.katalon.core.exception.StepFailedException: Mismatch in Stat Bar Files count

2021-07-22 10:30:22 - [TEST_STEP][PASSED] - closeBrowser(): Browser is closed

2021-07-22 10:30:23 - [MESSAGE][PASSED] - Browser is closed]]></system-out>
         <system-err><![CDATA[2021-07-22 10:28:53 - [TEST_CASE][FAILED] - Test Cases/Canine_TestCases/Breed/TC09_Canine_Filter_Breed-BorderCol: Test Cases/Canine_TestCases/Breed/TC09_Canine_Filter_Breed-BorderCol FAILED.
Reason:
com.kms.katalon.core.exception.StepFailedException: Mismatch in Stat Bar Files count
	at com.kms.katalon.core.util.KeywordUtil.markFailed(KeywordUtil.java:19)
	at com.kms.katalon.core.util.KeywordUtil$markFailed$1.call(Unknown Source)
	at ctdc.utilities.runtestcaseforKatalon.validateStatBar(runtestcaseforKatalon.groovy:964)
	at ctdc.utilities.runtestcaseforKatalon.multiFunction(runtestcaseforKatalon.groovy:254)
	at ctdc.utilities.runtestcaseforKatalon.invokeMethod(runtestcaseforKatalon.groovy)
	at com.kms.katalon.core.main.CustomKeywordDelegatingMetaClass.invokeStaticMethod(CustomKeywordDelegatingMetaClass.java:50)
	at TC09_Canine_Filter_Breed-BorderCol.run(TC09_Canine_Filter_Breed-BorderCol:66)
	at com.kms.katalon.core.main.ScriptEngine.run(ScriptEngine.java:194)
	at com.kms.katalon.core.main.ScriptEngine.runScriptAsRawText(ScriptEngine.java:119)
	at com.kms.katalon.core.main.TestCaseExecutor.runScript(TestCaseExecutor.java:369)
	at com.kms.katalon.core.main.TestCaseExecutor.doExecute(TestCaseExecutor.java:360)
	at com.kms.katalon.core.main.TestCaseExecutor.processExecutionPhase(TestCaseExecutor.java:339)
	at com.kms.katalon.core.main.TestCaseExecutor.accessMainPhase(TestCaseExecutor.java:331)
	at com.kms.katalon.core.main.TestCaseExecutor.execute(TestCaseExecutor.java:248)
	at com.kms.katalon.core.main.TestSuiteExecutor.accessTestCaseMainPhase(TestSuiteExecutor.java:191)
	at com.kms.katalon.core.main.TestSuiteExecutor.accessTestSuiteMainPhase(TestSuiteExecutor.java:140)
	at com.kms.katalon.core.main.TestSuiteExecutor.execute(TestSuiteExecutor.java:89)
	at com.kms.katalon.core.main.TestCaseMain.startTestSuite(TestCaseMain.java:185)
	at com.kms.katalon.core.main.TestCaseMain$startTestSuite$0.call(Unknown Source)
	at TempTestSuite1626963431420.run(TempTestSuite1626963431420.groovy:39)]]></system-err>
      </testcase>
      <testcase name="Test Cases/Canine_TestCases/Breed/TC10_Canine_Filter_Breed-BostonTerr" time="315.396" classname="Test Cases/Canine_TestCases/Breed/TC10_Canine_Filter_Breed-BostonTerr" status="PASSED">
         <system-out><![CDATA[2021-07-22 10:30:23 - [TEST_CASE][PASSED] - Test Cases/Canine_TestCases/Breed/TC10_Canine_Filter_Breed-BostonTerr: Test Cases/Canine_TestCases/Breed/TC10_Canine_Filter_Breed-BostonTerr

2021-07-22 10:30:23 - [TEST_STEP][PASSED] - Start listener action : getTestScriptName: null

2021-07-22 10:30:23 - [TEST_STEP][PASSED] - TestCaseId = testCaseContext.getTestCaseId(): null

2021-07-22 10:30:23 - [TEST_STEP][PASSED] - out.println("**********this is the value of test case id string******** " + testCaseContext.getTestCaseId()): null

2021-07-22 10:30:23 - [TEST_STEP][PASSED] - G_currentTCName = TestCaseId.substring(TestCaseId.lastIndexOf("TC")): null

2021-07-22 10:30:23 - [TEST_STEP][PASSED] - out.println("This is the test case name : " + G_currentTCName): null

2021-07-22 10:30:23 - [TEST_STEP][PASSED] - closeBrowser(): Browser is closed

2021-07-22 10:30:23 - [MESSAGE][PASSED] - Browser is closed

2021-07-22 10:30:23 - [TEST_STEP][PASSED] - ctdc.utilities.runtestcaseforKatalon.RunKatalon("TC10_Canine_Filter_Breed-BostonTerr.xlsx"): Data loaded from input file for the test case. 

2021-07-22 10:30:23 - [MESSAGE][PASSED] - Test case file loaded This is the full filepath after converting to string :C:\Users\sohilz2\Commons_Automation\InputFiles\TC10_Canine_Filter_Breed-BostonTerr.xlsx

2021-07-22 10:30:23 - [MESSAGE][INFO] - Global variable set for password file is :  C:\Users\sohilz2\Commons_Automation\InputFiles\TC10_Canine_Filter_Breed-BostonTerr.xlsx

2021-07-22 10:30:27 - [MESSAGE][PASSED] - Data loaded from input file for the test case. 

2021-07-22 10:30:33 - [TEST_STEP][PASSED] - click(findTestObject("Canine/NavBar/Canine_Cases_Btn")): Object: 'Object Repository/Canine/NavBar/Canine_Cases_Btn' is clicked on

2021-07-22 10:30:33 - [MESSAGE][PASSED] - Object: 'Object Repository/Canine/NavBar/Canine_Cases_Btn' is clicked on

2021-07-22 10:30:33 - [TEST_STEP][PASSED] - click(findTestObject("Bento/Cases_page/Filter/FilterByCases_Facet")): Object: 'Object Repository/Bento/Cases_page/Filter/FilterByCases_Facet' is clicked on

2021-07-22 10:30:34 - [MESSAGE][PASSED] - Object: 'Object Repository/Bento/Cases_page/Filter/FilterByCases_Facet' is clicked on

2021-07-22 10:30:34 - [TEST_STEP][PASSED] - waitForElementPresent(findTestObject("Object Repository/Canine/Filter/Breed/BREED_Ddn"), 5): Object 'Object Repository/Canine/Filter/Breed/BREED_Ddn' is present

2021-07-22 10:30:35 - [MESSAGE][PASSED] - Object 'Object Repository/Canine/Filter/Breed/BREED_Ddn' is present

2021-07-22 10:30:35 - [TEST_STEP][PASSED] - ctdc.utilities.runtestcaseforKatalon.clickTab("Object Repository/Canine/Filter/Breed/BREED_Ddn"): ctdc.utilities.runtestcaseforKatalon.clickTab is PASSED

2021-07-22 10:30:35 - [MESSAGE][PASSED] - ctdc.utilities.runtestcaseforKatalon.clickTab is PASSED

2021-07-22 10:30:35 - [TEST_STEP][PASSED] - ctdc.utilities.runtestcaseforKatalon.clickTab("Canine/Filter/Breed/Boston_Chkbx"): ctdc.utilities.runtestcaseforKatalon.clickTab is PASSED

2021-07-22 10:30:35 - [MESSAGE][PASSED] - ctdc.utilities.runtestcaseforKatalon.clickTab is PASSED

2021-07-22 10:30:35 - [TEST_STEP][PASSED] - ctdc.utilities.runtestcaseforKatalon.readStatBarCanine("Object Repository/Canine/StatBar/Canine_StatBar-Studies", "Object Repository/Canine/StatBar/Canine_StatBar-Cases", "Object Repository/Canine/StatBar/Canine_StatBar-Samples", "Object Repository/Canine/StatBar/Canine_StatBar-Files", "Object Repository/Canine/StatBar/Canine_StatBar-Aliquots"): ctdc.utilities.runtestcaseforKatalon.readStatBarCanine is PASSED

2021-07-22 10:30:50 - [MESSAGE][PASSED] - ctdc.utilities.runtestcaseforKatalon.readStatBarCanine is PASSED

2021-07-22 10:30:50 - [TEST_STEP][PASSED] - waitForElementPresent(findTestObject("Object Repository/Canine/CanineResults_Cases_Tab"), 5): Object 'Object Repository/Canine/CanineResults_Cases_Tab' is present

2021-07-22 10:30:50 - [MESSAGE][PASSED] - Object 'Object Repository/Canine/CanineResults_Cases_Tab' is present

2021-07-22 10:30:50 - [TEST_STEP][PASSED] - ctdc.utilities.runtestcaseforKatalon.clickTab("Object Repository/Canine/CanineResults_Cases_Tab"): ctdc.utilities.runtestcaseforKatalon.clickTab is PASSED

2021-07-22 10:30:51 - [MESSAGE][PASSED] - ctdc.utilities.runtestcaseforKatalon.clickTab is PASSED

2021-07-22 10:30:51 - [TEST_STEP][PASSED] - ctdc.utilities.runtestcaseforKatalon.multiFunction("ICDC", G_StatBar_Cases, "Object Repository/Canine/Canine_CasesTable", "Object Repository/Canine/Canine_TableHeader", "Object Repository/Canine/Canine_CasesTabNextBtn", G_WebTabnameCases, G_CypherTabnameCases, G_QueryCasesTab): Statbar Arms count matches

2021-07-22 10:31:18 - [MESSAGE][PASSED] - Statbar Files count matches

2021-07-22 10:31:18 - [MESSAGE][PASSED] - Statbar Samples count matches

2021-07-22 10:31:18 - [MESSAGE][PASSED] - Statbar Cases count matches

2021-07-22 10:31:18 - [MESSAGE][PASSED] - Statbar Arms count matches

2021-07-22 10:31:18 - [TEST_STEP][PASSED] - waitForElementPresent(findTestObject("Object Repository/Canine/CanineResults_Samples_Tab"), 5): Object 'Object Repository/Canine/CanineResults_Samples_Tab' is present

2021-07-22 10:31:18 - [MESSAGE][PASSED] - Object 'Object Repository/Canine/CanineResults_Samples_Tab' is present

2021-07-22 10:31:18 - [TEST_STEP][PASSED] - ctdc.utilities.runtestcaseforKatalon.clickTab("Object Repository/Canine/CanineResults_Samples_Tab"): ctdc.utilities.runtestcaseforKatalon.clickTab is PASSED

2021-07-22 10:31:18 - [MESSAGE][PASSED] - ctdc.utilities.runtestcaseforKatalon.clickTab is PASSED

2021-07-22 10:31:18 - [TEST_STEP][PASSED] - ctdc.utilities.runtestcaseforKatalon.multiFunction("ICDC", G_StatBar_Samples, "Object Repository/Canine/Canine_Samples_Table", "Object Repository/Canine/Canine_Samples_TableHdr", "Object Repository/Canine/Canine_SamplesTabNextBtn", G_WebTabnameSamples, G_CypherTabnameSamples, G_QuerySamplesTab): Statbar Arms count matches

2021-07-22 10:32:56 - [MESSAGE][PASSED] - Statbar Files count matches

2021-07-22 10:32:56 - [MESSAGE][PASSED] - Statbar Samples count matches

2021-07-22 10:32:56 - [MESSAGE][PASSED] - Statbar Cases count matches

2021-07-22 10:32:56 - [MESSAGE][PASSED] - Statbar Arms count matches

2021-07-22 10:32:56 - [TEST_STEP][PASSED] - waitForElementPresent(findTestObject("Object Repository/Canine/CanineResults_Files_Tab"), 5): Object 'Object Repository/Canine/CanineResults_Files_Tab' is present

2021-07-22 10:32:56 - [MESSAGE][PASSED] - Object 'Object Repository/Canine/CanineResults_Files_Tab' is present

2021-07-22 10:32:56 - [TEST_STEP][PASSED] - ctdc.utilities.runtestcaseforKatalon.clickTab("Object Repository/Canine/CanineResults_Files_Tab"): ctdc.utilities.runtestcaseforKatalon.clickTab is PASSED

2021-07-22 10:32:56 - [MESSAGE][PASSED] - ctdc.utilities.runtestcaseforKatalon.clickTab is PASSED

2021-07-22 10:32:56 - [TEST_STEP][PASSED] - ctdc.utilities.runtestcaseforKatalon.multiFunction("ICDC", G_StatBar_Files, "Object Repository/Canine/Canine_Files_Table", "Object Repository/Canine/Canine_Files_TableHdr", "Object Repository/Canine/Canine_FilesTabNextBtn", G_WebTabnameFiles, G_CypherTabnameFiles, G_QueryFilesTab): Statbar Arms count matches

2021-07-22 10:35:38 - [MESSAGE][PASSED] - Statbar Files count matches

2021-07-22 10:35:38 - [MESSAGE][PASSED] - Statbar Samples count matches

2021-07-22 10:35:38 - [MESSAGE][PASSED] - Statbar Cases count matches

2021-07-22 10:35:38 - [MESSAGE][PASSED] - Statbar Arms count matches

2021-07-22 10:35:38 - [TEST_STEP][PASSED] - closeBrowser(): Browser is closed

2021-07-22 10:35:38 - [MESSAGE][PASSED] - Browser is closed]]></system-out>
         <system-err><![CDATA[]]></system-err>
      </testcase>
      <testcase name="Test Cases/Canine_TestCases/Breed/TC11_Canine_Filter_Breed-Bouvier" time="73.324" classname="Test Cases/Canine_TestCases/Breed/TC11_Canine_Filter_Breed-Bouvier" status="PASSED">
         <system-out><![CDATA[2021-07-22 10:35:38 - [TEST_CASE][PASSED] - Test Cases/Canine_TestCases/Breed/TC11_Canine_Filter_Breed-Bouvier: Test Cases/Canine_TestCases/Breed/TC11_Canine_Filter_Breed-Bouvier

2021-07-22 10:35:38 - [TEST_STEP][PASSED] - Start listener action : getTestScriptName: null

2021-07-22 10:35:38 - [TEST_STEP][PASSED] - TestCaseId = testCaseContext.getTestCaseId(): null

2021-07-22 10:35:38 - [TEST_STEP][PASSED] - out.println("**********this is the value of test case id string******** " + testCaseContext.getTestCaseId()): null

2021-07-22 10:35:38 - [TEST_STEP][PASSED] - G_currentTCName = TestCaseId.substring(TestCaseId.lastIndexOf("TC")): null

2021-07-22 10:35:38 - [TEST_STEP][PASSED] - out.println("This is the test case name : " + G_currentTCName): null

2021-07-22 10:35:39 - [TEST_STEP][PASSED] - closeBrowser(): Browser is closed

2021-07-22 10:35:39 - [MESSAGE][PASSED] - Browser is closed

2021-07-22 10:35:39 - [TEST_STEP][PASSED] - ctdc.utilities.runtestcaseforKatalon.RunKatalon("TC11_Canine_Filter_Breed-Bouvier.xlsx"): Data loaded from input file for the test case. 

2021-07-22 10:35:39 - [MESSAGE][PASSED] - Test case file loaded This is the full filepath after converting to string :C:\Users\sohilz2\Commons_Automation\InputFiles\TC11_Canine_Filter_Breed-Bouvier.xlsx

2021-07-22 10:35:39 - [MESSAGE][INFO] - Global variable set for password file is :  C:\Users\sohilz2\Commons_Automation\InputFiles\TC11_Canine_Filter_Breed-Bouvier.xlsx

2021-07-22 10:35:43 - [MESSAGE][PASSED] - Data loaded from input file for the test case. 

2021-07-22 10:35:49 - [TEST_STEP][PASSED] - waitForElementPresent(findTestObject("Canine/NavBar/Canine_Cases_Btn"), 5): Object 'Object Repository/Canine/NavBar/Canine_Cases_Btn' is present

2021-07-22 10:35:49 - [MESSAGE][PASSED] - Object 'Object Repository/Canine/NavBar/Canine_Cases_Btn' is present

2021-07-22 10:35:49 - [TEST_STEP][PASSED] - ctdc.utilities.runtestcaseforKatalon.clickTab("Canine/NavBar/Canine_Cases_Btn"): ctdc.utilities.runtestcaseforKatalon.clickTab is PASSED

2021-07-22 10:35:49 - [MESSAGE][PASSED] - ctdc.utilities.runtestcaseforKatalon.clickTab is PASSED

2021-07-22 10:35:49 - [TEST_STEP][PASSED] - waitForElementPresent(findTestObject("Bento/Cases_page/Filter/FilterByCases_Facet"), 5): Object 'Object Repository/Bento/Cases_page/Filter/FilterByCases_Facet' is present

2021-07-22 10:35:50 - [MESSAGE][PASSED] - Object 'Object Repository/Bento/Cases_page/Filter/FilterByCases_Facet' is present

2021-07-22 10:35:50 - [TEST_STEP][PASSED] - ctdc.utilities.runtestcaseforKatalon.clickTab("Bento/Cases_page/Filter/FilterByCases_Facet"): ctdc.utilities.runtestcaseforKatalon.clickTab is PASSED

2021-07-22 10:35:50 - [MESSAGE][PASSED] - ctdc.utilities.runtestcaseforKatalon.clickTab is PASSED

2021-07-22 10:35:50 - [TEST_STEP][PASSED] - waitForElementPresent(findTestObject("Object Repository/Canine/Filter/Breed/BREED_Ddn"), 5): Object 'Object Repository/Canine/Filter/Breed/BREED_Ddn' is present

2021-07-22 10:35:50 - [MESSAGE][PASSED] - Object 'Object Repository/Canine/Filter/Breed/BREED_Ddn' is present

2021-07-22 10:35:50 - [TEST_STEP][PASSED] - ctdc.utilities.runtestcaseforKatalon.clickTab("Object Repository/Canine/Filter/Breed/BREED_Ddn"): ctdc.utilities.runtestcaseforKatalon.clickTab is PASSED

2021-07-22 10:35:50 - [MESSAGE][PASSED] - ctdc.utilities.runtestcaseforKatalon.clickTab is PASSED

2021-07-22 10:35:50 - [TEST_STEP][PASSED] - ctdc.utilities.runtestcaseforKatalon.clickTab("Object Repository/Canine/Filter/Breed/Bouvier_Chkbx"): ctdc.utilities.runtestcaseforKatalon.clickTab is PASSED

2021-07-22 10:35:51 - [MESSAGE][PASSED] - ctdc.utilities.runtestcaseforKatalon.clickTab is PASSED

2021-07-22 10:35:51 - [TEST_STEP][PASSED] - ctdc.utilities.runtestcaseforKatalon.readStatBarCanine("Object Repository/Canine/StatBar/Canine_StatBar-Studies", "Object Repository/Canine/StatBar/Canine_StatBar-Cases", "Object Repository/Canine/StatBar/Canine_StatBar-Samples", "Object Repository/Canine/StatBar/Canine_StatBar-Files", "Object Repository/Canine/StatBar/Canine_StatBar-Aliquots"): ctdc.utilities.runtestcaseforKatalon.readStatBarCanine is PASSED

2021-07-22 10:36:06 - [MESSAGE][PASSED] - ctdc.utilities.runtestcaseforKatalon.readStatBarCanine is PASSED

2021-07-22 10:36:06 - [TEST_STEP][PASSED] - waitForElementPresent(findTestObject("Object Repository/Canine/CanineResults_Cases_Tab"), 5): Object 'Object Repository/Canine/CanineResults_Cases_Tab' is present

2021-07-22 10:36:06 - [MESSAGE][PASSED] - Object 'Object Repository/Canine/CanineResults_Cases_Tab' is present

2021-07-22 10:36:06 - [TEST_STEP][PASSED] - ctdc.utilities.runtestcaseforKatalon.clickTab("Object Repository/Canine/CanineResults_Cases_Tab"): ctdc.utilities.runtestcaseforKatalon.clickTab is PASSED

2021-07-22 10:36:06 - [MESSAGE][PASSED] - ctdc.utilities.runtestcaseforKatalon.clickTab is PASSED

2021-07-22 10:36:06 - [TEST_STEP][PASSED] - ctdc.utilities.runtestcaseforKatalon.multiFunction("ICDC", G_StatBar_Cases, "Object Repository/Canine/Canine_CasesTable", "Object Repository/Canine/Canine_TableHeader", "Object Repository/Canine/Canine_CasesTabNextBtn", G_WebTabnameCases, G_CypherTabnameCases, G_QueryCasesTab): Statbar Arms count matches

2021-07-22 10:36:20 - [MESSAGE][PASSED] - Statbar Files count matches

2021-07-22 10:36:20 - [MESSAGE][PASSED] - Statbar Samples count matches

2021-07-22 10:36:20 - [MESSAGE][PASSED] - Statbar Cases count matches

2021-07-22 10:36:20 - [MESSAGE][PASSED] - Statbar Arms count matches

2021-07-22 10:36:20 - [TEST_STEP][PASSED] - waitForElementPresent(findTestObject("Object Repository/Canine/CanineResults_Samples_Tab"), 5): Object 'Object Repository/Canine/CanineResults_Samples_Tab' is present

2021-07-22 10:36:20 - [MESSAGE][PASSED] - Object 'Object Repository/Canine/CanineResults_Samples_Tab' is present

2021-07-22 10:36:20 - [TEST_STEP][PASSED] - ctdc.utilities.runtestcaseforKatalon.clickTab("Object Repository/Canine/CanineResults_Samples_Tab"): ctdc.utilities.runtestcaseforKatalon.clickTab is PASSED

2021-07-22 10:36:21 - [MESSAGE][PASSED] - ctdc.utilities.runtestcaseforKatalon.clickTab is PASSED

2021-07-22 10:36:21 - [TEST_STEP][PASSED] - ctdc.utilities.runtestcaseforKatalon.multiFunction("ICDC", G_StatBar_Samples, "Object Repository/Canine/Canine_Samples_Table", "Object Repository/Canine/Canine_Samples_TableHdr", "Object Repository/Canine/Canine_SamplesTabNextBtn", G_WebTabnameSamples, G_CypherTabnameSamples, G_QuerySamplesTab): Statbar Arms count matches

2021-07-22 10:36:36 - [MESSAGE][PASSED] - Statbar Files count matches

2021-07-22 10:36:36 - [MESSAGE][PASSED] - Statbar Samples count matches

2021-07-22 10:36:36 - [MESSAGE][PASSED] - Statbar Cases count matches

2021-07-22 10:36:36 - [MESSAGE][PASSED] - Statbar Arms count matches

2021-07-22 10:36:36 - [TEST_STEP][PASSED] - waitForElementPresent(findTestObject("Object Repository/Canine/CanineResults_Files_Tab"), 5): Object 'Object Repository/Canine/CanineResults_Files_Tab' is present

2021-07-22 10:36:36 - [MESSAGE][PASSED] - Object 'Object Repository/Canine/CanineResults_Files_Tab' is present

2021-07-22 10:36:36 - [TEST_STEP][PASSED] - ctdc.utilities.runtestcaseforKatalon.clickTab("Object Repository/Canine/CanineResults_Files_Tab"): ctdc.utilities.runtestcaseforKatalon.clickTab is PASSED

2021-07-22 10:36:36 - [MESSAGE][PASSED] - ctdc.utilities.runtestcaseforKatalon.clickTab is PASSED

2021-07-22 10:36:36 - [TEST_STEP][PASSED] - ctdc.utilities.runtestcaseforKatalon.multiFunction("ICDC", G_StatBar_Files, "Object Repository/Canine/Canine_Files_Table", "Object Repository/Canine/Canine_Files_TableHdr", "Object Repository/Canine/Canine_FilesTabNextBtn", G_WebTabnameFiles, G_CypherTabnameFiles, G_QueryFilesTab): Statbar Arms count matches

2021-07-22 10:36:51 - [MESSAGE][PASSED] - Statbar Files count matches

2021-07-22 10:36:51 - [MESSAGE][PASSED] - Statbar Samples count matches

2021-07-22 10:36:51 - [MESSAGE][PASSED] - Statbar Cases count matches

2021-07-22 10:36:51 - [MESSAGE][PASSED] - Statbar Arms count matches

2021-07-22 10:36:51 - [TEST_STEP][PASSED] - closeBrowser(): Browser is closed

2021-07-22 10:36:52 - [MESSAGE][PASSED] - Browser is closed]]></system-out>
         <system-err><![CDATA[]]></system-err>
      </testcase>
      <testcase name="Test Cases/Canine_TestCases/Breed/TC12_Canine_Filter_Breed-Boxer" time="249.504" classname="Test Cases/Canine_TestCases/Breed/TC12_Canine_Filter_Breed-Boxer" status="FAILED">
         <failure type="FAILED" message="Test Cases/Canine_TestCases/Breed/TC12_Canine_Filter_Breed-Boxer FAILED.
Reason:
com.kms.katalon.core.exception.StepFailedException: Mismatch in Stat Bar Files count
	at com.kms.katalon.core.util.KeywordUtil.markFailed(KeywordUtil.java:19)
	at com.kms.katalon.core.util.KeywordUtil$markFailed$1.call(Unknown Source)
	at ctdc.utilities.runtestcaseforKatalon.validateStatBar(runtestcaseforKatalon.groovy:964)
	at ctdc.utilities.runtestcaseforKatalon.multiFunction(runtestcaseforKatalon.groovy:254)
	at ctdc.utilities.runtestcaseforKatalon.invokeMethod(runtestcaseforKatalon.groovy)
	at com.kms.katalon.core.main.CustomKeywordDelegatingMetaClass.invokeStaticMethod(CustomKeywordDelegatingMetaClass.java:50)
	at TC12_Canine_Filter_Breed-Boxer.run(TC12_Canine_Filter_Breed-Boxer:69)
	at com.kms.katalon.core.main.ScriptEngine.run(ScriptEngine.java:194)
	at com.kms.katalon.core.main.ScriptEngine.runScriptAsRawText(ScriptEngine.java:119)
	at com.kms.katalon.core.main.TestCaseExecutor.runScript(TestCaseExecutor.java:369)
	at com.kms.katalon.core.main.TestCaseExecutor.doExecute(TestCaseExecutor.java:360)
	at com.kms.katalon.core.main.TestCaseExecutor.processExecutionPhase(TestCaseExecutor.java:339)
	at com.kms.katalon.core.main.TestCaseExecutor.accessMainPhase(TestCaseExecutor.java:331)
	at com.kms.katalon.core.main.TestCaseExecutor.execute(TestCaseExecutor.java:248)
	at com.kms.katalon.core.main.TestSuiteExecutor.accessTestCaseMainPhase(TestSuiteExecutor.java:191)
	at com.kms.katalon.core.main.TestSuiteExecutor.accessTestSuiteMainPhase(TestSuiteExecutor.java:140)
	at com.kms.katalon.core.main.TestSuiteExecutor.execute(TestSuiteExecutor.java:89)
	at com.kms.katalon.core.main.TestCaseMain.startTestSuite(TestCaseMain.java:185)
	at com.kms.katalon.core.main.TestCaseMain$startTestSuite$0.call(Unknown Source)
	at TempTestSuite1626963431420.run(TempTestSuite1626963431420.groovy:39)
"/>
         <system-out><![CDATA[2021-07-22 10:36:52 - [TEST_CASE][FAILED] - Test Cases/Canine_TestCases/Breed/TC12_Canine_Filter_Breed-Boxer: Test Cases/Canine_TestCases/Breed/TC12_Canine_Filter_Breed-Boxer FAILED.
Reason:
com.kms.katalon.core.exception.StepFailedException: Mismatch in Stat Bar Files count
	at com.kms.katalon.core.util.KeywordUtil.markFailed(KeywordUtil.java:19)
	at com.kms.katalon.core.util.KeywordUtil$markFailed$1.call(Unknown Source)
	at ctdc.utilities.runtestcaseforKatalon.validateStatBar(runtestcaseforKatalon.groovy:964)
	at ctdc.utilities.runtestcaseforKatalon.multiFunction(runtestcaseforKatalon.groovy:254)
	at ctdc.utilities.runtestcaseforKatalon.invokeMethod(runtestcaseforKatalon.groovy)
	at com.kms.katalon.core.main.CustomKeywordDelegatingMetaClass.invokeStaticMethod(CustomKeywordDelegatingMetaClass.java:50)
	at TC12_Canine_Filter_Breed-Boxer.run(TC12_Canine_Filter_Breed-Boxer:69)
	at com.kms.katalon.core.main.ScriptEngine.run(ScriptEngine.java:194)
	at com.kms.katalon.core.main.ScriptEngine.runScriptAsRawText(ScriptEngine.java:119)
	at com.kms.katalon.core.main.TestCaseExecutor.runScript(TestCaseExecutor.java:369)
	at com.kms.katalon.core.main.TestCaseExecutor.doExecute(TestCaseExecutor.java:360)
	at com.kms.katalon.core.main.TestCaseExecutor.processExecutionPhase(TestCaseExecutor.java:339)
	at com.kms.katalon.core.main.TestCaseExecutor.accessMainPhase(TestCaseExecutor.java:331)
	at com.kms.katalon.core.main.TestCaseExecutor.execute(TestCaseExecutor.java:248)
	at com.kms.katalon.core.main.TestSuiteExecutor.accessTestCaseMainPhase(TestSuiteExecutor.java:191)
	at com.kms.katalon.core.main.TestSuiteExecutor.accessTestSuiteMainPhase(TestSuiteExecutor.java:140)
	at com.kms.katalon.core.main.TestSuiteExecutor.execute(TestSuiteExecutor.java:89)
	at com.kms.katalon.core.main.TestCaseMain.startTestSuite(TestCaseMain.java:185)
	at com.kms.katalon.core.main.TestCaseMain$startTestSuite$0.call(Unknown Source)
	at TempTestSuite1626963431420.run(TempTestSuite1626963431420.groovy:39)


2021-07-22 10:36:52 - [TEST_STEP][PASSED] - Start listener action : getTestScriptName: null

2021-07-22 10:36:52 - [TEST_STEP][PASSED] - TestCaseId = testCaseContext.getTestCaseId(): null

2021-07-22 10:36:52 - [TEST_STEP][PASSED] - out.println("**********this is the value of test case id string******** " + testCaseContext.getTestCaseId()): null

2021-07-22 10:36:52 - [TEST_STEP][PASSED] - G_currentTCName = TestCaseId.substring(TestCaseId.lastIndexOf("TC")): null

2021-07-22 10:36:52 - [TEST_STEP][PASSED] - out.println("This is the test case name : " + G_currentTCName): null

2021-07-22 10:36:52 - [TEST_STEP][PASSED] - closeBrowser(): Browser is closed

2021-07-22 10:36:52 - [MESSAGE][PASSED] - Browser is closed

2021-07-22 10:36:52 - [TEST_STEP][PASSED] - ctdc.utilities.runtestcaseforKatalon.RunKatalon("TC12_Canine_Filter_Breed-Boxer.xlsx"): Data loaded from input file for the test case. 

2021-07-22 10:36:52 - [MESSAGE][PASSED] - Test case file loaded This is the full filepath after converting to string :C:\Users\sohilz2\Commons_Automation\InputFiles\TC12_Canine_Filter_Breed-Boxer.xlsx

2021-07-22 10:36:52 - [MESSAGE][INFO] - Global variable set for password file is :  C:\Users\sohilz2\Commons_Automation\InputFiles\TC12_Canine_Filter_Breed-Boxer.xlsx

2021-07-22 10:36:56 - [MESSAGE][PASSED] - Data loaded from input file for the test case. 

2021-07-22 10:37:02 - [TEST_STEP][PASSED] - waitForElementPresent(findTestObject("Canine/NavBar/Canine_Cases_Btn"), 5): Object 'Object Repository/Canine/NavBar/Canine_Cases_Btn' is present

2021-07-22 10:37:02 - [MESSAGE][PASSED] - Object 'Object Repository/Canine/NavBar/Canine_Cases_Btn' is present

2021-07-22 10:37:02 - [TEST_STEP][PASSED] - ctdc.utilities.runtestcaseforKatalon.clickTab("Canine/NavBar/Canine_Cases_Btn"): ctdc.utilities.runtestcaseforKatalon.clickTab is PASSED

2021-07-22 10:37:02 - [MESSAGE][PASSED] - ctdc.utilities.runtestcaseforKatalon.clickTab is PASSED

2021-07-22 10:37:02 - [TEST_STEP][PASSED] - waitForElementPresent(findTestObject("Bento/Cases_page/Filter/FilterByCases_Facet"), 5): Object 'Object Repository/Bento/Cases_page/Filter/FilterByCases_Facet' is present

2021-07-22 10:37:03 - [MESSAGE][PASSED] - Object 'Object Repository/Bento/Cases_page/Filter/FilterByCases_Facet' is present

2021-07-22 10:37:03 - [TEST_STEP][PASSED] - ctdc.utilities.runtestcaseforKatalon.clickTab("Bento/Cases_page/Filter/FilterByCases_Facet"): ctdc.utilities.runtestcaseforKatalon.clickTab is PASSED

2021-07-22 10:37:03 - [MESSAGE][PASSED] - ctdc.utilities.runtestcaseforKatalon.clickTab is PASSED

2021-07-22 10:37:03 - [TEST_STEP][PASSED] - waitForElementPresent(findTestObject("Object Repository/Canine/Filter/Breed/BREED_Ddn"), 5): Object 'Object Repository/Canine/Filter/Breed/BREED_Ddn' is present

2021-07-22 10:37:03 - [MESSAGE][PASSED] - Object 'Object Repository/Canine/Filter/Breed/BREED_Ddn' is present

2021-07-22 10:37:03 - [TEST_STEP][PASSED] - ctdc.utilities.runtestcaseforKatalon.clickTab("Object Repository/Canine/Filter/Breed/BREED_Ddn"): ctdc.utilities.runtestcaseforKatalon.clickTab is PASSED

2021-07-22 10:37:03 - [MESSAGE][PASSED] - ctdc.utilities.runtestcaseforKatalon.clickTab is PASSED

2021-07-22 10:37:03 - [TEST_STEP][PASSED] - ctdc.utilities.runtestcaseforKatalon.clickTab("Object Repository/Canine/Filter/Breed/Boxer_Chkbx"): ctdc.utilities.runtestcaseforKatalon.clickTab is PASSED

2021-07-22 10:37:04 - [MESSAGE][PASSED] - ctdc.utilities.runtestcaseforKatalon.clickTab is PASSED

2021-07-22 10:37:04 - [TEST_STEP][PASSED] - ctdc.utilities.runtestcaseforKatalon.readStatBarCanine("Object Repository/Canine/StatBar/Canine_StatBar-Studies", "Object Repository/Canine/StatBar/Canine_StatBar-Cases", "Object Repository/Canine/StatBar/Canine_StatBar-Samples", "Object Repository/Canine/StatBar/Canine_StatBar-Files", "Object Repository/Canine/StatBar/Canine_StatBar-Aliquots"): ctdc.utilities.runtestcaseforKatalon.readStatBarCanine is PASSED

2021-07-22 10:37:19 - [MESSAGE][PASSED] - ctdc.utilities.runtestcaseforKatalon.readStatBarCanine is PASSED

2021-07-22 10:37:19 - [TEST_STEP][PASSED] - waitForElementPresent(findTestObject("Object Repository/Canine/CanineResults_Cases_Tab"), 5): Object 'Object Repository/Canine/CanineResults_Cases_Tab' is present

2021-07-22 10:37:19 - [MESSAGE][PASSED] - Object 'Object Repository/Canine/CanineResults_Cases_Tab' is present

2021-07-22 10:37:19 - [TEST_STEP][PASSED] - ctdc.utilities.runtestcaseforKatalon.clickTab("Object Repository/Canine/CanineResults_Cases_Tab"): ctdc.utilities.runtestcaseforKatalon.clickTab is PASSED

2021-07-22 10:37:19 - [MESSAGE][PASSED] - ctdc.utilities.runtestcaseforKatalon.clickTab is PASSED

2021-07-22 10:37:19 - [TEST_STEP][FAILED] - ctdc.utilities.runtestcaseforKatalon.multiFunction("ICDC", G_StatBar_Cases, "Object Repository/Canine/Canine_CasesTable", "Object Repository/Canine/Canine_TableHeader", "Object Repository/Canine/Canine_CasesTabNextBtn", G_WebTabnameCases, G_CypherTabnameCases, G_QueryCasesTab): com.kms.katalon.core.exception.StepFailedException: Mismatch in Stat Bar Files count

2021-07-22 10:38:11 - [MESSAGE][FAILED] - Mismatch in Stat Bar Files count

2021-07-22 10:38:11 - [MESSAGE][FAILED] - Mismatch in Stat Bar Samples count

2021-07-22 10:38:11 - [MESSAGE][PASSED] - Statbar Cases count matches

2021-07-22 10:38:11 - [MESSAGE][PASSED] - Statbar Arms count matches

2021-07-22 10:38:11 - [MESSAGE][FAILED] - com.kms.katalon.core.exception.StepFailedException: Mismatch in Stat Bar Files count

2021-07-22 10:38:11 - [TEST_STEP][PASSED] - waitForElementPresent(findTestObject("Object Repository/Canine/CanineResults_Samples_Tab"), 5): Object 'Object Repository/Canine/CanineResults_Samples_Tab' is present

2021-07-22 10:38:11 - [MESSAGE][PASSED] - Object 'Object Repository/Canine/CanineResults_Samples_Tab' is present

2021-07-22 10:38:11 - [TEST_STEP][PASSED] - ctdc.utilities.runtestcaseforKatalon.clickTab("Object Repository/Canine/CanineResults_Samples_Tab"): ctdc.utilities.runtestcaseforKatalon.clickTab is PASSED

2021-07-22 10:38:11 - [MESSAGE][PASSED] - ctdc.utilities.runtestcaseforKatalon.clickTab is PASSED

2021-07-22 10:38:11 - [TEST_STEP][FAILED] - ctdc.utilities.runtestcaseforKatalon.multiFunction("ICDC", G_StatBar_Samples, "Object Repository/Canine/Canine_Samples_Table", "Object Repository/Canine/Canine_Samples_TableHdr", "Object Repository/Canine/Canine_SamplesTabNextBtn", G_WebTabnameSamples, G_CypherTabnameSamples, G_QuerySamplesTab): com.kms.katalon.core.exception.StepFailedException: Mismatch in Stat Bar Files count

2021-07-22 10:41:01 - [MESSAGE][FAILED] - Mismatch in Stat Bar Files count

2021-07-22 10:41:01 - [MESSAGE][FAILED] - Mismatch in Stat Bar Samples count

2021-07-22 10:41:01 - [MESSAGE][PASSED] - Statbar Cases count matches

2021-07-22 10:41:01 - [MESSAGE][PASSED] - Statbar Arms count matches

2021-07-22 10:41:01 - [MESSAGE][FAILED] - com.kms.katalon.core.exception.StepFailedException: Mismatch in Stat Bar Files count

2021-07-22 10:41:01 - [TEST_STEP][PASSED] - closeBrowser(): Browser is closed

2021-07-22 10:41:01 - [MESSAGE][PASSED] - Browser is closed]]></system-out>
         <system-err><![CDATA[2021-07-22 10:36:52 - [TEST_CASE][FAILED] - Test Cases/Canine_TestCases/Breed/TC12_Canine_Filter_Breed-Boxer: Test Cases/Canine_TestCases/Breed/TC12_Canine_Filter_Breed-Boxer FAILED.
Reason:
com.kms.katalon.core.exception.StepFailedException: Mismatch in Stat Bar Files count
	at com.kms.katalon.core.util.KeywordUtil.markFailed(KeywordUtil.java:19)
	at com.kms.katalon.core.util.KeywordUtil$markFailed$1.call(Unknown Source)
	at ctdc.utilities.runtestcaseforKatalon.validateStatBar(runtestcaseforKatalon.groovy:964)
	at ctdc.utilities.runtestcaseforKatalon.multiFunction(runtestcaseforKatalon.groovy:254)
	at ctdc.utilities.runtestcaseforKatalon.invokeMethod(runtestcaseforKatalon.groovy)
	at com.kms.katalon.core.main.CustomKeywordDelegatingMetaClass.invokeStaticMethod(CustomKeywordDelegatingMetaClass.java:50)
	at TC12_Canine_Filter_Breed-Boxer.run(TC12_Canine_Filter_Breed-Boxer:69)
	at com.kms.katalon.core.main.ScriptEngine.run(ScriptEngine.java:194)
	at com.kms.katalon.core.main.ScriptEngine.runScriptAsRawText(ScriptEngine.java:119)
	at com.kms.katalon.core.main.TestCaseExecutor.runScript(TestCaseExecutor.java:369)
	at com.kms.katalon.core.main.TestCaseExecutor.doExecute(TestCaseExecutor.java:360)
	at com.kms.katalon.core.main.TestCaseExecutor.processExecutionPhase(TestCaseExecutor.java:339)
	at com.kms.katalon.core.main.TestCaseExecutor.accessMainPhase(TestCaseExecutor.java:331)
	at com.kms.katalon.core.main.TestCaseExecutor.execute(TestCaseExecutor.java:248)
	at com.kms.katalon.core.main.TestSuiteExecutor.accessTestCaseMainPhase(TestSuiteExecutor.java:191)
	at com.kms.katalon.core.main.TestSuiteExecutor.accessTestSuiteMainPhase(TestSuiteExecutor.java:140)
	at com.kms.katalon.core.main.TestSuiteExecutor.execute(TestSuiteExecutor.java:89)
	at com.kms.katalon.core.main.TestCaseMain.startTestSuite(TestCaseMain.java:185)
	at com.kms.katalon.core.main.TestCaseMain$startTestSuite$0.call(Unknown Source)
	at TempTestSuite1626963431420.run(TempTestSuite1626963431420.groovy:39)]]></system-err>
      </testcase>
      <testcase name="Test Cases/Canine_TestCases/Breed/TC13_Canine_Filter_Breed-BullDog" time="72.609" classname="Test Cases/Canine_TestCases/Breed/TC13_Canine_Filter_Breed-BullDog" status="PASSED">
         <system-out><![CDATA[2021-07-22 10:41:01 - [TEST_CASE][PASSED] - Test Cases/Canine_TestCases/Breed/TC13_Canine_Filter_Breed-BullDog: Test Cases/Canine_TestCases/Breed/TC13_Canine_Filter_Breed-BullDog

2021-07-22 10:41:01 - [TEST_STEP][PASSED] - Start listener action : getTestScriptName: null

2021-07-22 10:41:01 - [TEST_STEP][PASSED] - TestCaseId = testCaseContext.getTestCaseId(): null

2021-07-22 10:41:01 - [TEST_STEP][PASSED] - out.println("**********this is the value of test case id string******** " + testCaseContext.getTestCaseId()): null

2021-07-22 10:41:01 - [TEST_STEP][PASSED] - G_currentTCName = TestCaseId.substring(TestCaseId.lastIndexOf("TC")): null

2021-07-22 10:41:01 - [TEST_STEP][PASSED] - out.println("This is the test case name : " + G_currentTCName): null

2021-07-22 10:41:02 - [TEST_STEP][PASSED] - closeBrowser(): Browser is closed

2021-07-22 10:41:02 - [MESSAGE][PASSED] - Browser is closed

2021-07-22 10:41:02 - [TEST_STEP][PASSED] - ctdc.utilities.runtestcaseforKatalon.RunKatalon("TC13_Canine_Filter_Breed-Bulldog.xlsx"): Data loaded from input file for the test case. 

2021-07-22 10:41:02 - [MESSAGE][PASSED] - Test case file loaded This is the full filepath after converting to string :C:\Users\sohilz2\Commons_Automation\InputFiles\TC13_Canine_Filter_Breed-Bulldog.xlsx

2021-07-22 10:41:02 - [MESSAGE][INFO] - Global variable set for password file is :  C:\Users\sohilz2\Commons_Automation\InputFiles\TC13_Canine_Filter_Breed-Bulldog.xlsx

2021-07-22 10:41:06 - [MESSAGE][PASSED] - Data loaded from input file for the test case. 

2021-07-22 10:41:12 - [TEST_STEP][PASSED] - waitForElementPresent(findTestObject("Canine/NavBar/Canine_Cases_Btn"), 5): Object 'Object Repository/Canine/NavBar/Canine_Cases_Btn' is present

2021-07-22 10:41:12 - [MESSAGE][PASSED] - Object 'Object Repository/Canine/NavBar/Canine_Cases_Btn' is present

2021-07-22 10:41:12 - [TEST_STEP][PASSED] - ctdc.utilities.runtestcaseforKatalon.clickTab("Canine/NavBar/Canine_Cases_Btn"): ctdc.utilities.runtestcaseforKatalon.clickTab is PASSED

2021-07-22 10:41:12 - [MESSAGE][PASSED] - ctdc.utilities.runtestcaseforKatalon.clickTab is PASSED

2021-07-22 10:41:12 - [TEST_STEP][PASSED] - waitForElementPresent(findTestObject("Bento/Cases_page/Filter/FilterByCases_Facet"), 5): Object 'Object Repository/Bento/Cases_page/Filter/FilterByCases_Facet' is present

2021-07-22 10:41:12 - [MESSAGE][PASSED] - Object 'Object Repository/Bento/Cases_page/Filter/FilterByCases_Facet' is present

2021-07-22 10:41:13 - [TEST_STEP][PASSED] - ctdc.utilities.runtestcaseforKatalon.clickTab("Bento/Cases_page/Filter/FilterByCases_Facet"): ctdc.utilities.runtestcaseforKatalon.clickTab is PASSED

2021-07-22 10:41:13 - [MESSAGE][PASSED] - ctdc.utilities.runtestcaseforKatalon.clickTab is PASSED

2021-07-22 10:41:13 - [TEST_STEP][PASSED] - waitForElementPresent(findTestObject("Object Repository/Canine/Filter/Breed/BREED_Ddn"), 5): Object 'Object Repository/Canine/Filter/Breed/BREED_Ddn' is present

2021-07-22 10:41:13 - [MESSAGE][PASSED] - Object 'Object Repository/Canine/Filter/Breed/BREED_Ddn' is present

2021-07-22 10:41:13 - [TEST_STEP][PASSED] - ctdc.utilities.runtestcaseforKatalon.clickTab("Object Repository/Canine/Filter/Breed/BREED_Ddn"): ctdc.utilities.runtestcaseforKatalon.clickTab is PASSED

2021-07-22 10:41:13 - [MESSAGE][PASSED] - ctdc.utilities.runtestcaseforKatalon.clickTab is PASSED

2021-07-22 10:41:13 - [TEST_STEP][PASSED] - ctdc.utilities.runtestcaseforKatalon.clickTab("Canine/Filter/Breed/BullDog_Chkbx"): ctdc.utilities.runtestcaseforKatalon.clickTab is PASSED

2021-07-22 10:41:13 - [MESSAGE][PASSED] - ctdc.utilities.runtestcaseforKatalon.clickTab is PASSED

2021-07-22 10:41:13 - [TEST_STEP][PASSED] - ctdc.utilities.runtestcaseforKatalon.readStatBarCanine("Object Repository/Canine/StatBar/Canine_StatBar-Studies", "Object Repository/Canine/StatBar/Canine_StatBar-Cases", "Object Repository/Canine/StatBar/Canine_StatBar-Samples", "Object Repository/Canine/StatBar/Canine_StatBar-Files", "Object Repository/Canine/StatBar/Canine_StatBar-Aliquots"): ctdc.utilities.runtestcaseforKatalon.readStatBarCanine is PASSED

2021-07-22 10:41:29 - [MESSAGE][PASSED] - ctdc.utilities.runtestcaseforKatalon.readStatBarCanine is PASSED

2021-07-22 10:41:29 - [TEST_STEP][PASSED] - waitForElementPresent(findTestObject("Object Repository/Canine/CanineResults_Cases_Tab"), 5): Object 'Object Repository/Canine/CanineResults_Cases_Tab' is present

2021-07-22 10:41:29 - [MESSAGE][PASSED] - Object 'Object Repository/Canine/CanineResults_Cases_Tab' is present

2021-07-22 10:41:29 - [TEST_STEP][PASSED] - ctdc.utilities.runtestcaseforKatalon.clickTab("Object Repository/Canine/CanineResults_Cases_Tab"): ctdc.utilities.runtestcaseforKatalon.clickTab is PASSED

2021-07-22 10:41:29 - [MESSAGE][PASSED] - ctdc.utilities.runtestcaseforKatalon.clickTab is PASSED

2021-07-22 10:41:29 - [TEST_STEP][PASSED] - ctdc.utilities.runtestcaseforKatalon.multiFunction("ICDC", G_StatBar_Cases, "Object Repository/Canine/Canine_CasesTable", "Object Repository/Canine/Canine_TableHeader", "Object Repository/Canine/Canine_CasesTabNextBtn", G_WebTabnameCases, G_CypherTabnameCases, G_QueryCasesTab): Statbar Arms count matches

2021-07-22 10:41:44 - [MESSAGE][PASSED] - Statbar Files count matches

2021-07-22 10:41:44 - [MESSAGE][PASSED] - Statbar Samples count matches

2021-07-22 10:41:44 - [MESSAGE][PASSED] - Statbar Cases count matches

2021-07-22 10:41:44 - [MESSAGE][PASSED] - Statbar Arms count matches

2021-07-22 10:41:44 - [TEST_STEP][PASSED] - waitForElementPresent(findTestObject("Object Repository/Canine/CanineResults_Samples_Tab"), 5): Object 'Object Repository/Canine/CanineResults_Samples_Tab' is present

2021-07-22 10:41:44 - [MESSAGE][PASSED] - Object 'Object Repository/Canine/CanineResults_Samples_Tab' is present

2021-07-22 10:41:44 - [TEST_STEP][PASSED] - ctdc.utilities.runtestcaseforKatalon.clickTab("Object Repository/Canine/CanineResults_Samples_Tab"): ctdc.utilities.runtestcaseforKatalon.clickTab is PASSED

2021-07-22 10:41:44 - [MESSAGE][PASSED] - ctdc.utilities.runtestcaseforKatalon.clickTab is PASSED

2021-07-22 10:41:44 - [TEST_STEP][PASSED] - ctdc.utilities.runtestcaseforKatalon.multiFunction("ICDC", G_StatBar_Samples, "Object Repository/Canine/Canine_Samples_Table", "Object Repository/Canine/Canine_Samples_TableHdr", "Object Repository/Canine/Canine_SamplesTabNextBtn", G_WebTabnameSamples, G_CypherTabnameSamples, G_QuerySamplesTab): Statbar Arms count matches

2021-07-22 10:42:13 - [MESSAGE][PASSED] - Statbar Files count matches

2021-07-22 10:42:13 - [MESSAGE][PASSED] - Statbar Samples count matches

2021-07-22 10:42:13 - [MESSAGE][PASSED] - Statbar Cases count matches

2021-07-22 10:42:13 - [MESSAGE][PASSED] - Statbar Arms count matches

2021-07-22 10:42:13 - [TEST_STEP][PASSED] - closeBrowser(): Browser is closed

2021-07-22 10:42:14 - [MESSAGE][PASSED] - Browser is closed]]></system-out>
         <system-err><![CDATA[]]></system-err>
      </testcase>
      <testcase name="Test Cases/Canine_TestCases/Breed/TC14_Canine_Filter_Breed-BullMastif" time="72.569" classname="Test Cases/Canine_TestCases/Breed/TC14_Canine_Filter_Breed-BullMastif" status="PASSED">
         <system-out><![CDATA[2021-07-22 10:42:14 - [TEST_CASE][PASSED] - Test Cases/Canine_TestCases/Breed/TC14_Canine_Filter_Breed-BullMastif: Test Cases/Canine_TestCases/Breed/TC14_Canine_Filter_Breed-BullMastif

2021-07-22 10:42:14 - [TEST_STEP][PASSED] - Start listener action : getTestScriptName: null

2021-07-22 10:42:14 - [TEST_STEP][PASSED] - TestCaseId = testCaseContext.getTestCaseId(): null

2021-07-22 10:42:14 - [TEST_STEP][PASSED] - out.println("**********this is the value of test case id string******** " + testCaseContext.getTestCaseId()): null

2021-07-22 10:42:14 - [TEST_STEP][PASSED] - G_currentTCName = TestCaseId.substring(TestCaseId.lastIndexOf("TC")): null

2021-07-22 10:42:14 - [TEST_STEP][PASSED] - out.println("This is the test case name : " + G_currentTCName): null

2021-07-22 10:42:14 - [TEST_STEP][PASSED] - closeBrowser(): Browser is closed

2021-07-22 10:42:14 - [MESSAGE][PASSED] - Browser is closed

2021-07-22 10:42:14 - [TEST_STEP][PASSED] - ctdc.utilities.runtestcaseforKatalon.RunKatalon("TC14_Canine_Filter_Breed-BullMastif.xlsx"): Data loaded from input file for the test case. 

2021-07-22 10:42:14 - [MESSAGE][PASSED] - Test case file loaded This is the full filepath after converting to string :C:\Users\sohilz2\Commons_Automation\InputFiles\TC14_Canine_Filter_Breed-BullMastif.xlsx

2021-07-22 10:42:14 - [MESSAGE][INFO] - Global variable set for password file is :  C:\Users\sohilz2\Commons_Automation\InputFiles\TC14_Canine_Filter_Breed-BullMastif.xlsx

2021-07-22 10:42:18 - [MESSAGE][PASSED] - Data loaded from input file for the test case. 

2021-07-22 10:42:24 - [TEST_STEP][PASSED] - waitForElementPresent(findTestObject("Canine/NavBar/Canine_Cases_Btn"), 5): Object 'Object Repository/Canine/NavBar/Canine_Cases_Btn' is present

2021-07-22 10:42:24 - [MESSAGE][PASSED] - Object 'Object Repository/Canine/NavBar/Canine_Cases_Btn' is present

2021-07-22 10:42:24 - [TEST_STEP][PASSED] - ctdc.utilities.runtestcaseforKatalon.clickTab("Canine/NavBar/Canine_Cases_Btn"): ctdc.utilities.runtestcaseforKatalon.clickTab is PASSED

2021-07-22 10:42:25 - [MESSAGE][PASSED] - ctdc.utilities.runtestcaseforKatalon.clickTab is PASSED

2021-07-22 10:42:25 - [TEST_STEP][PASSED] - waitForElementPresent(findTestObject("Bento/Cases_page/Filter/FilterByCases_Facet"), 5): Object 'Object Repository/Bento/Cases_page/Filter/FilterByCases_Facet' is present

2021-07-22 10:42:25 - [MESSAGE][PASSED] - Object 'Object Repository/Bento/Cases_page/Filter/FilterByCases_Facet' is present

2021-07-22 10:42:25 - [TEST_STEP][PASSED] - ctdc.utilities.runtestcaseforKatalon.clickTab("Bento/Cases_page/Filter/FilterByCases_Facet"): ctdc.utilities.runtestcaseforKatalon.clickTab is PASSED

2021-07-22 10:42:26 - [MESSAGE][PASSED] - ctdc.utilities.runtestcaseforKatalon.clickTab is PASSED

2021-07-22 10:42:26 - [TEST_STEP][PASSED] - waitForElementPresent(findTestObject("Object Repository/Canine/Filter/Breed/BREED_Ddn"), 5): Object 'Object Repository/Canine/Filter/Breed/BREED_Ddn' is present

2021-07-22 10:42:26 - [MESSAGE][PASSED] - Object 'Object Repository/Canine/Filter/Breed/BREED_Ddn' is present

2021-07-22 10:42:26 - [TEST_STEP][PASSED] - ctdc.utilities.runtestcaseforKatalon.clickTab("Object Repository/Canine/Filter/Breed/BREED_Ddn"): ctdc.utilities.runtestcaseforKatalon.clickTab is PASSED

2021-07-22 10:42:26 - [MESSAGE][PASSED] - ctdc.utilities.runtestcaseforKatalon.clickTab is PASSED

2021-07-22 10:42:26 - [TEST_STEP][PASSED] - ctdc.utilities.runtestcaseforKatalon.clickTab("Object Repository/Canine/Filter/Breed/Bullmastif_Chkbx"): ctdc.utilities.runtestcaseforKatalon.clickTab is PASSED

2021-07-22 10:42:26 - [MESSAGE][PASSED] - ctdc.utilities.runtestcaseforKatalon.clickTab is PASSED

2021-07-22 10:42:26 - [TEST_STEP][PASSED] - ctdc.utilities.runtestcaseforKatalon.readStatBarCanine("Object Repository/Canine/StatBar/Canine_StatBar-Studies", "Object Repository/Canine/StatBar/Canine_StatBar-Cases", "Object Repository/Canine/StatBar/Canine_StatBar-Samples", "Object Repository/Canine/StatBar/Canine_StatBar-Files", "Object Repository/Canine/StatBar/Canine_StatBar-Aliquots"): ctdc.utilities.runtestcaseforKatalon.readStatBarCanine is PASSED

2021-07-22 10:42:41 - [MESSAGE][PASSED] - ctdc.utilities.runtestcaseforKatalon.readStatBarCanine is PASSED

2021-07-22 10:42:41 - [TEST_STEP][PASSED] - waitForElementPresent(findTestObject("Object Repository/Canine/CanineResults_Cases_Tab"), 5): Object 'Object Repository/Canine/CanineResults_Cases_Tab' is present

2021-07-22 10:42:42 - [MESSAGE][PASSED] - Object 'Object Repository/Canine/CanineResults_Cases_Tab' is present

2021-07-22 10:42:42 - [TEST_STEP][PASSED] - ctdc.utilities.runtestcaseforKatalon.clickTab("Object Repository/Canine/CanineResults_Cases_Tab"): ctdc.utilities.runtestcaseforKatalon.clickTab is PASSED

2021-07-22 10:42:42 - [MESSAGE][PASSED] - ctdc.utilities.runtestcaseforKatalon.clickTab is PASSED

2021-07-22 10:42:42 - [TEST_STEP][PASSED] - ctdc.utilities.runtestcaseforKatalon.multiFunction("ICDC", G_StatBar_Cases, "Object Repository/Canine/Canine_CasesTable", "Object Repository/Canine/Canine_TableHeader", "Object Repository/Canine/Canine_CasesTabNextBtn", G_WebTabnameCases, G_CypherTabnameCases, G_QueryCasesTab): Statbar Arms count matches

2021-07-22 10:42:57 - [MESSAGE][PASSED] - Statbar Files count matches

2021-07-22 10:42:57 - [MESSAGE][PASSED] - Statbar Samples count matches

2021-07-22 10:42:57 - [MESSAGE][PASSED] - Statbar Cases count matches

2021-07-22 10:42:57 - [MESSAGE][PASSED] - Statbar Arms count matches

2021-07-22 10:42:57 - [TEST_STEP][PASSED] - waitForElementPresent(findTestObject("Object Repository/Canine/CanineResults_Samples_Tab"), 5): Object 'Object Repository/Canine/CanineResults_Samples_Tab' is present

2021-07-22 10:42:57 - [MESSAGE][PASSED] - Object 'Object Repository/Canine/CanineResults_Samples_Tab' is present

2021-07-22 10:42:57 - [TEST_STEP][PASSED] - ctdc.utilities.runtestcaseforKatalon.clickTab("Object Repository/Canine/CanineResults_Samples_Tab"): ctdc.utilities.runtestcaseforKatalon.clickTab is PASSED

2021-07-22 10:42:57 - [MESSAGE][PASSED] - ctdc.utilities.runtestcaseforKatalon.clickTab is PASSED

2021-07-22 10:42:57 - [TEST_STEP][PASSED] - ctdc.utilities.runtestcaseforKatalon.multiFunction("ICDC", G_StatBar_Samples, "Object Repository/Canine/Canine_Samples_Table", "Object Repository/Canine/Canine_Samples_TableHdr", "Object Repository/Canine/Canine_SamplesTabNextBtn", G_WebTabnameSamples, G_CypherTabnameSamples, G_QuerySamplesTab): Statbar Arms count matches

2021-07-22 10:43:11 - [MESSAGE][PASSED] - Statbar Files count matches

2021-07-22 10:43:11 - [MESSAGE][PASSED] - Statbar Samples count matches

2021-07-22 10:43:11 - [MESSAGE][PASSED] - Statbar Cases count matches

2021-07-22 10:43:11 - [MESSAGE][PASSED] - Statbar Arms count matches

2021-07-22 10:43:11 - [TEST_STEP][PASSED] - waitForElementPresent(findTestObject("Object Repository/Canine/CanineResults_Files_Tab"), 5): Object 'Object Repository/Canine/CanineResults_Files_Tab' is present

2021-07-22 10:43:11 - [MESSAGE][PASSED] - Object 'Object Repository/Canine/CanineResults_Files_Tab' is present

2021-07-22 10:43:11 - [TEST_STEP][PASSED] - ctdc.utilities.runtestcaseforKatalon.clickTab("Object Repository/Canine/CanineResults_Files_Tab"): ctdc.utilities.runtestcaseforKatalon.clickTab is PASSED

2021-07-22 10:43:11 - [MESSAGE][PASSED] - ctdc.utilities.runtestcaseforKatalon.clickTab is PASSED

2021-07-22 10:43:11 - [TEST_STEP][PASSED] - ctdc.utilities.runtestcaseforKatalon.multiFunction("ICDC", G_StatBar_Files, "Object Repository/Canine/Canine_Files_Table", "Object Repository/Canine/Canine_Files_TableHdr", "Object Repository/Canine/Canine_FilesTabNextBtn", G_WebTabnameFiles, G_CypherTabnameFiles, G_QueryFilesTab): Statbar Arms count matches

2021-07-22 10:43:26 - [MESSAGE][PASSED] - Statbar Files count matches

2021-07-22 10:43:26 - [MESSAGE][PASSED] - Statbar Samples count matches

2021-07-22 10:43:26 - [MESSAGE][PASSED] - Statbar Cases count matches

2021-07-22 10:43:26 - [MESSAGE][PASSED] - Statbar Arms count matches

2021-07-22 10:43:26 - [TEST_STEP][PASSED] - closeBrowser(): Browser is closed

2021-07-22 10:43:26 - [MESSAGE][PASSED] - Browser is closed]]></system-out>
         <system-err><![CDATA[]]></system-err>
      </testcase>
      <testcase name="Test Cases/Canine_TestCases/Breed/TC15_Canine_Filter_Breed-CavalierKing" time="71.248" classname="Test Cases/Canine_TestCases/Breed/TC15_Canine_Filter_Breed-CavalierKing" status="PASSED">
         <system-out><![CDATA[2021-07-22 10:43:26 - [TEST_CASE][PASSED] - Test Cases/Canine_TestCases/Breed/TC15_Canine_Filter_Breed-CavalierKing: Test Cases/Canine_TestCases/Breed/TC15_Canine_Filter_Breed-CavalierKing

2021-07-22 10:43:26 - [TEST_STEP][PASSED] - Start listener action : getTestScriptName: null

2021-07-22 10:43:26 - [TEST_STEP][PASSED] - TestCaseId = testCaseContext.getTestCaseId(): null

2021-07-22 10:43:26 - [TEST_STEP][PASSED] - out.println("**********this is the value of test case id string******** " + testCaseContext.getTestCaseId()): null

2021-07-22 10:43:26 - [TEST_STEP][PASSED] - G_currentTCName = TestCaseId.substring(TestCaseId.lastIndexOf("TC")): null

2021-07-22 10:43:26 - [TEST_STEP][PASSED] - out.println("This is the test case name : " + G_currentTCName): null

2021-07-22 10:43:27 - [TEST_STEP][PASSED] - closeBrowser(): Browser is closed

2021-07-22 10:43:27 - [MESSAGE][PASSED] - Browser is closed

2021-07-22 10:43:27 - [TEST_STEP][PASSED] - ctdc.utilities.runtestcaseforKatalon.RunKatalon("TC15_Canine_Filter_Breed-CavalierKing.xlsx"): Data loaded from input file for the test case. 

2021-07-22 10:43:27 - [MESSAGE][PASSED] - Test case file loaded This is the full filepath after converting to string :C:\Users\sohilz2\Commons_Automation\InputFiles\TC15_Canine_Filter_Breed-CavalierKing.xlsx

2021-07-22 10:43:27 - [MESSAGE][INFO] - Global variable set for password file is :  C:\Users\sohilz2\Commons_Automation\InputFiles\TC15_Canine_Filter_Breed-CavalierKing.xlsx

2021-07-22 10:43:31 - [MESSAGE][PASSED] - Data loaded from input file for the test case. 

2021-07-22 10:43:37 - [TEST_STEP][PASSED] - click(findTestObject("Canine/NavBar/Canine_Cases_Btn")): Object: 'Object Repository/Canine/NavBar/Canine_Cases_Btn' is clicked on

2021-07-22 10:43:37 - [MESSAGE][PASSED] - Object: 'Object Repository/Canine/NavBar/Canine_Cases_Btn' is clicked on

2021-07-22 10:43:37 - [TEST_STEP][PASSED] - click(findTestObject("Bento/Cases_page/Filter/FilterByCases_Facet")): Object: 'Object Repository/Bento/Cases_page/Filter/FilterByCases_Facet' is clicked on

2021-07-22 10:43:38 - [MESSAGE][PASSED] - Object: 'Object Repository/Bento/Cases_page/Filter/FilterByCases_Facet' is clicked on

2021-07-22 10:43:38 - [TEST_STEP][PASSED] - waitForElementPresent(findTestObject("Object Repository/Canine/Filter/Breed/BREED_Ddn"), 5): Object 'Object Repository/Canine/Filter/Breed/BREED_Ddn' is present

2021-07-22 10:43:38 - [MESSAGE][PASSED] - Object 'Object Repository/Canine/Filter/Breed/BREED_Ddn' is present

2021-07-22 10:43:38 - [TEST_STEP][PASSED] - ctdc.utilities.runtestcaseforKatalon.clickTab("Object Repository/Canine/Filter/Breed/BREED_Ddn"): ctdc.utilities.runtestcaseforKatalon.clickTab is PASSED

2021-07-22 10:43:38 - [MESSAGE][PASSED] - ctdc.utilities.runtestcaseforKatalon.clickTab is PASSED

2021-07-22 10:43:38 - [TEST_STEP][PASSED] - ctdc.utilities.runtestcaseforKatalon.clickTab("Object Repository/Canine/Filter/Breed/CavalierKing_Chkbx"): ctdc.utilities.runtestcaseforKatalon.clickTab is PASSED

2021-07-22 10:43:39 - [MESSAGE][PASSED] - ctdc.utilities.runtestcaseforKatalon.clickTab is PASSED

2021-07-22 10:43:39 - [TEST_STEP][PASSED] - ctdc.utilities.runtestcaseforKatalon.readStatBarCanine("Object Repository/Canine/StatBar/Canine_StatBar-Studies", "Object Repository/Canine/StatBar/Canine_StatBar-Cases", "Object Repository/Canine/StatBar/Canine_StatBar-Samples", "Object Repository/Canine/StatBar/Canine_StatBar-Files", "Object Repository/Canine/StatBar/Canine_StatBar-Aliquots"): ctdc.utilities.runtestcaseforKatalon.readStatBarCanine is PASSED

2021-07-22 10:43:54 - [MESSAGE][PASSED] - ctdc.utilities.runtestcaseforKatalon.readStatBarCanine is PASSED

2021-07-22 10:43:54 - [TEST_STEP][PASSED] - waitForElementPresent(findTestObject("Object Repository/Canine/CanineResults_Cases_Tab"), 5): Object 'Object Repository/Canine/CanineResults_Cases_Tab' is present

2021-07-22 10:43:54 - [MESSAGE][PASSED] - Object 'Object Repository/Canine/CanineResults_Cases_Tab' is present

2021-07-22 10:43:54 - [TEST_STEP][PASSED] - ctdc.utilities.runtestcaseforKatalon.clickTab("Object Repository/Canine/CanineResults_Cases_Tab"): ctdc.utilities.runtestcaseforKatalon.clickTab is PASSED

2021-07-22 10:43:54 - [MESSAGE][PASSED] - ctdc.utilities.runtestcaseforKatalon.clickTab is PASSED

2021-07-22 10:43:54 - [TEST_STEP][PASSED] - ctdc.utilities.runtestcaseforKatalon.multiFunction("ICDC", G_StatBar_Cases, "Object Repository/Canine/Canine_CasesTable", "Object Repository/Canine/Canine_TableHeader", "Object Repository/Canine/Canine_CasesTabNextBtn", G_WebTabnameCases, G_CypherTabnameCases, G_QueryCasesTab): Statbar Arms count matches

2021-07-22 10:44:08 - [MESSAGE][PASSED] - Statbar Files count matches

2021-07-22 10:44:08 - [MESSAGE][PASSED] - Statbar Samples count matches

2021-07-22 10:44:08 - [MESSAGE][PASSED] - Statbar Cases count matches

2021-07-22 10:44:08 - [MESSAGE][PASSED] - Statbar Arms count matches

2021-07-22 10:44:08 - [TEST_STEP][PASSED] - waitForElementPresent(findTestObject("Object Repository/Canine/CanineResults_Samples_Tab"), 5): Object 'Object Repository/Canine/CanineResults_Samples_Tab' is present

2021-07-22 10:44:08 - [MESSAGE][PASSED] - Object 'Object Repository/Canine/CanineResults_Samples_Tab' is present

2021-07-22 10:44:08 - [TEST_STEP][PASSED] - ctdc.utilities.runtestcaseforKatalon.clickTab("Object Repository/Canine/CanineResults_Samples_Tab"): ctdc.utilities.runtestcaseforKatalon.clickTab is PASSED

2021-07-22 10:44:08 - [MESSAGE][PASSED] - ctdc.utilities.runtestcaseforKatalon.clickTab is PASSED

2021-07-22 10:44:08 - [TEST_STEP][PASSED] - ctdc.utilities.runtestcaseforKatalon.multiFunction("ICDC", G_StatBar_Samples, "Object Repository/Canine/Canine_Samples_Table", "Object Repository/Canine/Canine_Samples_TableHdr", "Object Repository/Canine/Canine_SamplesTabNextBtn", G_WebTabnameSamples, G_CypherTabnameSamples, G_QuerySamplesTab): Statbar Arms count matches

2021-07-22 10:44:23 - [MESSAGE][PASSED] - Statbar Files count matches

2021-07-22 10:44:23 - [MESSAGE][PASSED] - Statbar Samples count matches

2021-07-22 10:44:23 - [MESSAGE][PASSED] - Statbar Cases count matches

2021-07-22 10:44:23 - [MESSAGE][PASSED] - Statbar Arms count matches

2021-07-22 10:44:23 - [TEST_STEP][PASSED] - waitForElementPresent(findTestObject("Object Repository/Canine/CanineResults_Files_Tab"), 5): Object 'Object Repository/Canine/CanineResults_Files_Tab' is present

2021-07-22 10:44:23 - [MESSAGE][PASSED] - Object 'Object Repository/Canine/CanineResults_Files_Tab' is present

2021-07-22 10:44:23 - [TEST_STEP][PASSED] - ctdc.utilities.runtestcaseforKatalon.clickTab("Object Repository/Canine/CanineResults_Files_Tab"): ctdc.utilities.runtestcaseforKatalon.clickTab is PASSED

2021-07-22 10:44:23 - [MESSAGE][PASSED] - ctdc.utilities.runtestcaseforKatalon.clickTab is PASSED

2021-07-22 10:44:23 - [TEST_STEP][PASSED] - ctdc.utilities.runtestcaseforKatalon.multiFunction("ICDC", G_StatBar_Files, "Object Repository/Canine/Canine_Files_Table", "Object Repository/Canine/Canine_Files_TableHdr", "Object Repository/Canine/Canine_FilesTabNextBtn", G_WebTabnameFiles, G_CypherTabnameFiles, G_QueryFilesTab): Statbar Arms count matches

2021-07-22 10:44:37 - [MESSAGE][PASSED] - Statbar Files count matches

2021-07-22 10:44:37 - [MESSAGE][PASSED] - Statbar Samples count matches

2021-07-22 10:44:37 - [MESSAGE][PASSED] - Statbar Cases count matches

2021-07-22 10:44:37 - [MESSAGE][PASSED] - Statbar Arms count matches

2021-07-22 10:44:37 - [TEST_STEP][PASSED] - closeBrowser(): Browser is closed

2021-07-22 10:44:38 - [MESSAGE][PASSED] - Browser is closed]]></system-out>
         <system-err><![CDATA[]]></system-err>
      </testcase>
      <testcase name="Test Cases/Canine_TestCases/Breed/TC16_Canine_Filter_Breed-Chesapeake" time="73.278" classname="Test Cases/Canine_TestCases/Breed/TC16_Canine_Filter_Breed-Chesapeake" status="FAILED">
         <failure type="FAILED" message="Test Cases/Canine_TestCases/Breed/TC16_Canine_Filter_Breed-Chesapeake FAILED.
Reason:
com.kms.katalon.core.exception.StepFailedException: Mismatch in Stat Bar Files count
	at com.kms.katalon.core.util.KeywordUtil.markFailed(KeywordUtil.java:19)
	at com.kms.katalon.core.util.KeywordUtil$markFailed$1.call(Unknown Source)
	at ctdc.utilities.runtestcaseforKatalon.validateStatBar(runtestcaseforKatalon.groovy:964)
	at ctdc.utilities.runtestcaseforKatalon.multiFunction(runtestcaseforKatalon.groovy:254)
	at ctdc.utilities.runtestcaseforKatalon.invokeMethod(runtestcaseforKatalon.groovy)
	at com.kms.katalon.core.main.CustomKeywordDelegatingMetaClass.invokeStaticMethod(CustomKeywordDelegatingMetaClass.java:50)
	at TC16_Canine_Filter_Breed-Chesapeake.run(TC16_Canine_Filter_Breed-Chesapeake:69)
	at com.kms.katalon.core.main.ScriptEngine.run(ScriptEngine.java:194)
	at com.kms.katalon.core.main.ScriptEngine.runScriptAsRawText(ScriptEngine.java:119)
	at com.kms.katalon.core.main.TestCaseExecutor.runScript(TestCaseExecutor.java:369)
	at com.kms.katalon.core.main.TestCaseExecutor.doExecute(TestCaseExecutor.java:360)
	at com.kms.katalon.core.main.TestCaseExecutor.processExecutionPhase(TestCaseExecutor.java:339)
	at com.kms.katalon.core.main.TestCaseExecutor.accessMainPhase(TestCaseExecutor.java:331)
	at com.kms.katalon.core.main.TestCaseExecutor.execute(TestCaseExecutor.java:248)
	at com.kms.katalon.core.main.TestSuiteExecutor.accessTestCaseMainPhase(TestSuiteExecutor.java:191)
	at com.kms.katalon.core.main.TestSuiteExecutor.accessTestSuiteMainPhase(TestSuiteExecutor.java:140)
	at com.kms.katalon.core.main.TestSuiteExecutor.execute(TestSuiteExecutor.java:89)
	at com.kms.katalon.core.main.TestCaseMain.startTestSuite(TestCaseMain.java:185)
	at com.kms.katalon.core.main.TestCaseMain$startTestSuite$0.call(Unknown Source)
	at TempTestSuite1626963431420.run(TempTestSuite1626963431420.groovy:39)
"/>
         <system-out><![CDATA[2021-07-22 10:44:38 - [TEST_CASE][FAILED] - Test Cases/Canine_TestCases/Breed/TC16_Canine_Filter_Breed-Chesapeake: Test Cases/Canine_TestCases/Breed/TC16_Canine_Filter_Breed-Chesapeake FAILED.
Reason:
com.kms.katalon.core.exception.StepFailedException: Mismatch in Stat Bar Files count
	at com.kms.katalon.core.util.KeywordUtil.markFailed(KeywordUtil.java:19)
	at com.kms.katalon.core.util.KeywordUtil$markFailed$1.call(Unknown Source)
	at ctdc.utilities.runtestcaseforKatalon.validateStatBar(runtestcaseforKatalon.groovy:964)
	at ctdc.utilities.runtestcaseforKatalon.multiFunction(runtestcaseforKatalon.groovy:254)
	at ctdc.utilities.runtestcaseforKatalon.invokeMethod(runtestcaseforKatalon.groovy)
	at com.kms.katalon.core.main.CustomKeywordDelegatingMetaClass.invokeStaticMethod(CustomKeywordDelegatingMetaClass.java:50)
	at TC16_Canine_Filter_Breed-Chesapeake.run(TC16_Canine_Filter_Breed-Chesapeake:69)
	at com.kms.katalon.core.main.ScriptEngine.run(ScriptEngine.java:194)
	at com.kms.katalon.core.main.ScriptEngine.runScriptAsRawText(ScriptEngine.java:119)
	at com.kms.katalon.core.main.TestCaseExecutor.runScript(TestCaseExecutor.java:369)
	at com.kms.katalon.core.main.TestCaseExecutor.doExecute(TestCaseExecutor.java:360)
	at com.kms.katalon.core.main.TestCaseExecutor.processExecutionPhase(TestCaseExecutor.java:339)
	at com.kms.katalon.core.main.TestCaseExecutor.accessMainPhase(TestCaseExecutor.java:331)
	at com.kms.katalon.core.main.TestCaseExecutor.execute(TestCaseExecutor.java:248)
	at com.kms.katalon.core.main.TestSuiteExecutor.accessTestCaseMainPhase(TestSuiteExecutor.java:191)
	at com.kms.katalon.core.main.TestSuiteExecutor.accessTestSuiteMainPhase(TestSuiteExecutor.java:140)
	at com.kms.katalon.core.main.TestSuiteExecutor.execute(TestSuiteExecutor.java:89)
	at com.kms.katalon.core.main.TestCaseMain.startTestSuite(TestCaseMain.java:185)
	at com.kms.katalon.core.main.TestCaseMain$startTestSuite$0.call(Unknown Source)
	at TempTestSuite1626963431420.run(TempTestSuite1626963431420.groovy:39)


2021-07-22 10:44:38 - [TEST_STEP][PASSED] - Start listener action : getTestScriptName: null

2021-07-22 10:44:38 - [TEST_STEP][PASSED] - TestCaseId = testCaseContext.getTestCaseId(): null

2021-07-22 10:44:38 - [TEST_STEP][PASSED] - out.println("**********this is the value of test case id string******** " + testCaseContext.getTestCaseId()): null

2021-07-22 10:44:38 - [TEST_STEP][PASSED] - G_currentTCName = TestCaseId.substring(TestCaseId.lastIndexOf("TC")): null

2021-07-22 10:44:38 - [TEST_STEP][PASSED] - out.println("This is the test case name : " + G_currentTCName): null

2021-07-22 10:44:38 - [TEST_STEP][PASSED] - closeBrowser(): Browser is closed

2021-07-22 10:44:38 - [MESSAGE][PASSED] - Browser is closed

2021-07-22 10:44:38 - [TEST_STEP][PASSED] - ctdc.utilities.runtestcaseforKatalon.RunKatalon("TC16_Canine_Filter_Breed-Chesapeake.xlsx"): Data loaded from input file for the test case. 

2021-07-22 10:44:38 - [MESSAGE][PASSED] - Test case file loaded This is the full filepath after converting to string :C:\Users\sohilz2\Commons_Automation\InputFiles\TC16_Canine_Filter_Breed-Chesapeake.xlsx

2021-07-22 10:44:38 - [MESSAGE][INFO] - Global variable set for password file is :  C:\Users\sohilz2\Commons_Automation\InputFiles\TC16_Canine_Filter_Breed-Chesapeake.xlsx

2021-07-22 10:44:42 - [MESSAGE][PASSED] - Data loaded from input file for the test case. 

2021-07-22 10:44:49 - [TEST_STEP][PASSED] - waitForElementPresent(findTestObject("Canine/NavBar/Canine_Cases_Btn"), 5): Object 'Object Repository/Canine/NavBar/Canine_Cases_Btn' is present

2021-07-22 10:44:49 - [MESSAGE][PASSED] - Object 'Object Repository/Canine/NavBar/Canine_Cases_Btn' is present

2021-07-22 10:44:49 - [TEST_STEP][PASSED] - ctdc.utilities.runtestcaseforKatalon.clickTab("Canine/NavBar/Canine_Cases_Btn"): ctdc.utilities.runtestcaseforKatalon.clickTab is PASSED

2021-07-22 10:44:49 - [MESSAGE][PASSED] - ctdc.utilities.runtestcaseforKatalon.clickTab is PASSED

2021-07-22 10:44:49 - [TEST_STEP][PASSED] - waitForElementPresent(findTestObject("Bento/Cases_page/Filter/FilterByCases_Facet"), 5): Object 'Object Repository/Bento/Cases_page/Filter/FilterByCases_Facet' is present

2021-07-22 10:44:49 - [MESSAGE][PASSED] - Object 'Object Repository/Bento/Cases_page/Filter/FilterByCases_Facet' is present

2021-07-22 10:44:49 - [TEST_STEP][PASSED] - ctdc.utilities.runtestcaseforKatalon.clickTab("Bento/Cases_page/Filter/FilterByCases_Facet"): ctdc.utilities.runtestcaseforKatalon.clickTab is PASSED

2021-07-22 10:44:50 - [MESSAGE][PASSED] - ctdc.utilities.runtestcaseforKatalon.clickTab is PASSED

2021-07-22 10:44:50 - [TEST_STEP][PASSED] - waitForElementPresent(findTestObject("Object Repository/Canine/Filter/Breed/BREED_Ddn"), 5): Object 'Object Repository/Canine/Filter/Breed/BREED_Ddn' is present

2021-07-22 10:44:50 - [MESSAGE][PASSED] - Object 'Object Repository/Canine/Filter/Breed/BREED_Ddn' is present

2021-07-22 10:44:50 - [TEST_STEP][PASSED] - ctdc.utilities.runtestcaseforKatalon.clickTab("Object Repository/Canine/Filter/Breed/BREED_Ddn"): ctdc.utilities.runtestcaseforKatalon.clickTab is PASSED

2021-07-22 10:44:50 - [MESSAGE][PASSED] - ctdc.utilities.runtestcaseforKatalon.clickTab is PASSED

2021-07-22 10:44:50 - [TEST_STEP][PASSED] - ctdc.utilities.runtestcaseforKatalon.clickTab("Object Repository/Canine/Filter/Breed/Chesapeake_Chkbx"): ctdc.utilities.runtestcaseforKatalon.clickTab is PASSED

2021-07-22 10:44:50 - [MESSAGE][PASSED] - ctdc.utilities.runtestcaseforKatalon.clickTab is PASSED

2021-07-22 10:44:50 - [TEST_STEP][PASSED] - ctdc.utilities.runtestcaseforKatalon.readStatBarCanine("Object Repository/Canine/StatBar/Canine_StatBar-Studies", "Object Repository/Canine/StatBar/Canine_StatBar-Cases", "Object Repository/Canine/StatBar/Canine_StatBar-Samples", "Object Repository/Canine/StatBar/Canine_StatBar-Files", "Object Repository/Canine/StatBar/Canine_StatBar-Aliquots"): ctdc.utilities.runtestcaseforKatalon.readStatBarCanine is PASSED

2021-07-22 10:45:05 - [MESSAGE][PASSED] - ctdc.utilities.runtestcaseforKatalon.readStatBarCanine is PASSED

2021-07-22 10:45:05 - [TEST_STEP][PASSED] - waitForElementPresent(findTestObject("Object Repository/Canine/CanineResults_Cases_Tab"), 5): Object 'Object Repository/Canine/CanineResults_Cases_Tab' is present

2021-07-22 10:45:06 - [MESSAGE][PASSED] - Object 'Object Repository/Canine/CanineResults_Cases_Tab' is present

2021-07-22 10:45:06 - [TEST_STEP][PASSED] - ctdc.utilities.runtestcaseforKatalon.clickTab("Object Repository/Canine/CanineResults_Cases_Tab"): ctdc.utilities.runtestcaseforKatalon.clickTab is PASSED

2021-07-22 10:45:06 - [MESSAGE][PASSED] - ctdc.utilities.runtestcaseforKatalon.clickTab is PASSED

2021-07-22 10:45:06 - [TEST_STEP][FAILED] - ctdc.utilities.runtestcaseforKatalon.multiFunction("ICDC", G_StatBar_Cases, "Object Repository/Canine/Canine_CasesTable", "Object Repository/Canine/Canine_TableHeader", "Object Repository/Canine/Canine_CasesTabNextBtn", G_WebTabnameCases, G_CypherTabnameCases, G_QueryCasesTab): com.kms.katalon.core.exception.StepFailedException: Mismatch in Stat Bar Files count

2021-07-22 10:45:20 - [MESSAGE][FAILED] - Mismatch in Stat Bar Files count

2021-07-22 10:45:20 - [MESSAGE][FAILED] - Mismatch in Stat Bar Samples count

2021-07-22 10:45:20 - [MESSAGE][PASSED] - Statbar Cases count matches

2021-07-22 10:45:20 - [MESSAGE][PASSED] - Statbar Arms count matches

2021-07-22 10:45:20 - [MESSAGE][FAILED] - com.kms.katalon.core.exception.StepFailedException: Mismatch in Stat Bar Files count

2021-07-22 10:45:20 - [TEST_STEP][PASSED] - waitForElementPresent(findTestObject("Object Repository/Canine/CanineResults_Samples_Tab"), 5): Object 'Object Repository/Canine/CanineResults_Samples_Tab' is present

2021-07-22 10:45:20 - [MESSAGE][PASSED] - Object 'Object Repository/Canine/CanineResults_Samples_Tab' is present

2021-07-22 10:45:20 - [TEST_STEP][PASSED] - ctdc.utilities.runtestcaseforKatalon.clickTab("Object Repository/Canine/CanineResults_Samples_Tab"): ctdc.utilities.runtestcaseforKatalon.clickTab is PASSED

2021-07-22 10:45:20 - [MESSAGE][PASSED] - ctdc.utilities.runtestcaseforKatalon.clickTab is PASSED

2021-07-22 10:45:20 - [TEST_STEP][FAILED] - ctdc.utilities.runtestcaseforKatalon.multiFunction("ICDC", G_StatBar_Samples, "Object Repository/Canine/Canine_Samples_Table", "Object Repository/Canine/Canine_Samples_TableHdr", "Object Repository/Canine/Canine_SamplesTabNextBtn", G_WebTabnameSamples, G_CypherTabnameSamples, G_QuerySamplesTab): com.kms.katalon.core.exception.StepFailedException: Mismatch in Stat Bar Files count

2021-07-22 10:45:35 - [MESSAGE][FAILED] - Mismatch in Stat Bar Files count

2021-07-22 10:45:35 - [MESSAGE][FAILED] - Mismatch in Stat Bar Samples count

2021-07-22 10:45:35 - [MESSAGE][PASSED] - Statbar Cases count matches

2021-07-22 10:45:35 - [MESSAGE][PASSED] - Statbar Arms count matches

2021-07-22 10:45:35 - [MESSAGE][FAILED] - com.kms.katalon.core.exception.StepFailedException: Mismatch in Stat Bar Files count

2021-07-22 10:45:35 - [TEST_STEP][PASSED] - waitForElementPresent(findTestObject("Object Repository/Canine/CanineResults_Files_Tab"), 5): Object 'Object Repository/Canine/CanineResults_Files_Tab' is present

2021-07-22 10:45:35 - [MESSAGE][PASSED] - Object 'Object Repository/Canine/CanineResults_Files_Tab' is present

2021-07-22 10:45:35 - [TEST_STEP][PASSED] - ctdc.utilities.runtestcaseforKatalon.clickTab("Object Repository/Canine/CanineResults_Files_Tab"): ctdc.utilities.runtestcaseforKatalon.clickTab is PASSED

2021-07-22 10:45:35 - [MESSAGE][PASSED] - ctdc.utilities.runtestcaseforKatalon.clickTab is PASSED

2021-07-22 10:45:35 - [TEST_STEP][FAILED] - ctdc.utilities.runtestcaseforKatalon.multiFunction("ICDC", G_StatBar_Files, "Object Repository/Canine/Canine_Files_Table", "Object Repository/Canine/Canine_Files_TableHdr", "Object Repository/Canine/Canine_FilesTabNextBtn", G_WebTabnameFiles, G_CypherTabnameFiles, G_QueryFilesTab): com.kms.katalon.core.exception.StepFailedException: Mismatch in Stat Bar Files count

2021-07-22 10:45:50 - [MESSAGE][FAILED] - Mismatch in Stat Bar Files count

2021-07-22 10:45:50 - [MESSAGE][FAILED] - Mismatch in Stat Bar Samples count

2021-07-22 10:45:50 - [MESSAGE][PASSED] - Statbar Cases count matches

2021-07-22 10:45:50 - [MESSAGE][PASSED] - Statbar Arms count matches

2021-07-22 10:45:50 - [MESSAGE][FAILED] - com.kms.katalon.core.exception.StepFailedException: Mismatch in Stat Bar Files count

2021-07-22 10:45:50 - [TEST_STEP][PASSED] - closeBrowser(): Browser is closed

2021-07-22 10:45:51 - [MESSAGE][PASSED] - Browser is closed]]></system-out>
         <system-err><![CDATA[2021-07-22 10:44:38 - [TEST_CASE][FAILED] - Test Cases/Canine_TestCases/Breed/TC16_Canine_Filter_Breed-Chesapeake: Test Cases/Canine_TestCases/Breed/TC16_Canine_Filter_Breed-Chesapeake FAILED.
Reason:
com.kms.katalon.core.exception.StepFailedException: Mismatch in Stat Bar Files count
	at com.kms.katalon.core.util.KeywordUtil.markFailed(KeywordUtil.java:19)
	at com.kms.katalon.core.util.KeywordUtil$markFailed$1.call(Unknown Source)
	at ctdc.utilities.runtestcaseforKatalon.validateStatBar(runtestcaseforKatalon.groovy:964)
	at ctdc.utilities.runtestcaseforKatalon.multiFunction(runtestcaseforKatalon.groovy:254)
	at ctdc.utilities.runtestcaseforKatalon.invokeMethod(runtestcaseforKatalon.groovy)
	at com.kms.katalon.core.main.CustomKeywordDelegatingMetaClass.invokeStaticMethod(CustomKeywordDelegatingMetaClass.java:50)
	at TC16_Canine_Filter_Breed-Chesapeake.run(TC16_Canine_Filter_Breed-Chesapeake:69)
	at com.kms.katalon.core.main.ScriptEngine.run(ScriptEngine.java:194)
	at com.kms.katalon.core.main.ScriptEngine.runScriptAsRawText(ScriptEngine.java:119)
	at com.kms.katalon.core.main.TestCaseExecutor.runScript(TestCaseExecutor.java:369)
	at com.kms.katalon.core.main.TestCaseExecutor.doExecute(TestCaseExecutor.java:360)
	at com.kms.katalon.core.main.TestCaseExecutor.processExecutionPhase(TestCaseExecutor.java:339)
	at com.kms.katalon.core.main.TestCaseExecutor.accessMainPhase(TestCaseExecutor.java:331)
	at com.kms.katalon.core.main.TestCaseExecutor.execute(TestCaseExecutor.java:248)
	at com.kms.katalon.core.main.TestSuiteExecutor.accessTestCaseMainPhase(TestSuiteExecutor.java:191)
	at com.kms.katalon.core.main.TestSuiteExecutor.accessTestSuiteMainPhase(TestSuiteExecutor.java:140)
	at com.kms.katalon.core.main.TestSuiteExecutor.execute(TestSuiteExecutor.java:89)
	at com.kms.katalon.core.main.TestCaseMain.startTestSuite(TestCaseMain.java:185)
	at com.kms.katalon.core.main.TestCaseMain$startTestSuite$0.call(Unknown Source)
	at TempTestSuite1626963431420.run(TempTestSuite1626963431420.groovy:39)]]></system-err>
      </testcase>
      <testcase name="Test Cases/Canine_TestCases/Breed/TC17_Canine_Filter_Breed-Chihuahua" time="75.229" classname="Test Cases/Canine_TestCases/Breed/TC17_Canine_Filter_Breed-Chihuahua" status="PASSED">
         <system-out><![CDATA[2021-07-22 10:45:51 - [TEST_CASE][PASSED] - Test Cases/Canine_TestCases/Breed/TC17_Canine_Filter_Breed-Chihuahua: Test Cases/Canine_TestCases/Breed/TC17_Canine_Filter_Breed-Chihuahua

2021-07-22 10:45:51 - [TEST_STEP][PASSED] - Start listener action : getTestScriptName: null

2021-07-22 10:45:51 - [TEST_STEP][PASSED] - TestCaseId = testCaseContext.getTestCaseId(): null

2021-07-22 10:45:51 - [TEST_STEP][PASSED] - out.println("**********this is the value of test case id string******** " + testCaseContext.getTestCaseId()): null

2021-07-22 10:45:51 - [TEST_STEP][PASSED] - G_currentTCName = TestCaseId.substring(TestCaseId.lastIndexOf("TC")): null

2021-07-22 10:45:51 - [TEST_STEP][PASSED] - out.println("This is the test case name : " + G_currentTCName): null

2021-07-22 10:45:51 - [TEST_STEP][PASSED] - closeBrowser(): Browser is closed

2021-07-22 10:45:51 - [MESSAGE][PASSED] - Browser is closed

2021-07-22 10:45:51 - [TEST_STEP][PASSED] - ctdc.utilities.runtestcaseforKatalon.RunKatalon("TC17_Canine_Filter_Breed-Chihuahua.xlsx"): Data loaded from input file for the test case. 

2021-07-22 10:45:51 - [MESSAGE][PASSED] - Test case file loaded This is the full filepath after converting to string :C:\Users\sohilz2\Commons_Automation\InputFiles\TC17_Canine_Filter_Breed-Chihuahua.xlsx

2021-07-22 10:45:51 - [MESSAGE][INFO] - Global variable set for password file is :  C:\Users\sohilz2\Commons_Automation\InputFiles\TC17_Canine_Filter_Breed-Chihuahua.xlsx

2021-07-22 10:45:55 - [MESSAGE][PASSED] - Data loaded from input file for the test case. 

2021-07-22 10:46:01 - [TEST_STEP][PASSED] - click(findTestObject("Canine/NavBar/Canine_Cases_Btn")): Object: 'Object Repository/Canine/NavBar/Canine_Cases_Btn' is clicked on

2021-07-22 10:46:02 - [MESSAGE][PASSED] - Object: 'Object Repository/Canine/NavBar/Canine_Cases_Btn' is clicked on

2021-07-22 10:46:02 - [TEST_STEP][PASSED] - click(findTestObject("Bento/Cases_page/Filter/FilterByCases_Facet")): Object: 'Object Repository/Bento/Cases_page/Filter/FilterByCases_Facet' is clicked on

2021-07-22 10:46:03 - [MESSAGE][PASSED] - Object: 'Object Repository/Bento/Cases_page/Filter/FilterByCases_Facet' is clicked on

2021-07-22 10:46:03 - [TEST_STEP][PASSED] - waitForElementPresent(findTestObject("Object Repository/Canine/Filter/Breed/BREED_Ddn"), 5): Object 'Object Repository/Canine/Filter/Breed/BREED_Ddn' is present

2021-07-22 10:46:03 - [MESSAGE][PASSED] - Object 'Object Repository/Canine/Filter/Breed/BREED_Ddn' is present

2021-07-22 10:46:03 - [TEST_STEP][PASSED] - ctdc.utilities.runtestcaseforKatalon.clickTab("Object Repository/Canine/Filter/Breed/BREED_Ddn"): ctdc.utilities.runtestcaseforKatalon.clickTab is PASSED

2021-07-22 10:46:03 - [MESSAGE][PASSED] - ctdc.utilities.runtestcaseforKatalon.clickTab is PASSED

2021-07-22 10:46:03 - [TEST_STEP][PASSED] - ctdc.utilities.runtestcaseforKatalon.clickTab("Canine/Filter/Breed/Chihuahua_Chkbx"): ctdc.utilities.runtestcaseforKatalon.clickTab is PASSED

2021-07-22 10:46:03 - [MESSAGE][PASSED] - ctdc.utilities.runtestcaseforKatalon.clickTab is PASSED

2021-07-22 10:46:03 - [TEST_STEP][PASSED] - ctdc.utilities.runtestcaseforKatalon.readStatBarCanine("Object Repository/Canine/StatBar/Canine_StatBar-Studies", "Object Repository/Canine/StatBar/Canine_StatBar-Cases", "Object Repository/Canine/StatBar/Canine_StatBar-Samples", "Object Repository/Canine/StatBar/Canine_StatBar-Files", "Object Repository/Canine/StatBar/Canine_StatBar-Aliquots"): ctdc.utilities.runtestcaseforKatalon.readStatBarCanine is PASSED

2021-07-22 10:46:19 - [MESSAGE][PASSED] - ctdc.utilities.runtestcaseforKatalon.readStatBarCanine is PASSED

2021-07-22 10:46:19 - [TEST_STEP][PASSED] - waitForElementPresent(findTestObject("Object Repository/Canine/CanineResults_Cases_Tab"), 5): Object 'Object Repository/Canine/CanineResults_Cases_Tab' is present

2021-07-22 10:46:19 - [MESSAGE][PASSED] - Object 'Object Repository/Canine/CanineResults_Cases_Tab' is present

2021-07-22 10:46:19 - [TEST_STEP][PASSED] - ctdc.utilities.runtestcaseforKatalon.clickTab("Object Repository/Canine/CanineResults_Cases_Tab"): ctdc.utilities.runtestcaseforKatalon.clickTab is PASSED

2021-07-22 10:46:19 - [MESSAGE][PASSED] - ctdc.utilities.runtestcaseforKatalon.clickTab is PASSED

2021-07-22 10:46:19 - [TEST_STEP][PASSED] - ctdc.utilities.runtestcaseforKatalon.multiFunction("ICDC", G_StatBar_Cases, "Object Repository/Canine/Canine_CasesTable", "Object Repository/Canine/Canine_TableHeader", "Object Repository/Canine/Canine_CasesTabNextBtn", G_WebTabnameCases, G_CypherTabnameCases, G_QueryCasesTab): Statbar Arms count matches

2021-07-22 10:46:33 - [MESSAGE][PASSED] - Statbar Files count matches

2021-07-22 10:46:33 - [MESSAGE][PASSED] - Statbar Samples count matches

2021-07-22 10:46:33 - [MESSAGE][PASSED] - Statbar Cases count matches

2021-07-22 10:46:33 - [MESSAGE][PASSED] - Statbar Arms count matches

2021-07-22 10:46:33 - [TEST_STEP][PASSED] - waitForElementPresent(findTestObject("Object Repository/Canine/CanineResults_Samples_Tab"), 5): Object 'Object Repository/Canine/CanineResults_Samples_Tab' is present

2021-07-22 10:46:34 - [MESSAGE][PASSED] - Object 'Object Repository/Canine/CanineResults_Samples_Tab' is present

2021-07-22 10:46:34 - [TEST_STEP][PASSED] - ctdc.utilities.runtestcaseforKatalon.clickTab("Object Repository/Canine/CanineResults_Samples_Tab"): ctdc.utilities.runtestcaseforKatalon.clickTab is PASSED

2021-07-22 10:46:34 - [MESSAGE][PASSED] - ctdc.utilities.runtestcaseforKatalon.clickTab is PASSED

2021-07-22 10:46:34 - [TEST_STEP][PASSED] - ctdc.utilities.runtestcaseforKatalon.multiFunction("ICDC", G_StatBar_Samples, "Object Repository/Canine/Canine_Samples_Table", "Object Repository/Canine/Canine_Samples_TableHdr", "Object Repository/Canine/Canine_SamplesTabNextBtn", G_WebTabnameSamples, G_CypherTabnameSamples, G_QuerySamplesTab): Statbar Arms count matches

2021-07-22 10:46:49 - [MESSAGE][PASSED] - Statbar Files count matches

2021-07-22 10:46:49 - [MESSAGE][PASSED] - Statbar Samples count matches

2021-07-22 10:46:49 - [MESSAGE][PASSED] - Statbar Cases count matches

2021-07-22 10:46:49 - [MESSAGE][PASSED] - Statbar Arms count matches

2021-07-22 10:46:49 - [TEST_STEP][PASSED] - waitForElementPresent(findTestObject("Object Repository/Canine/CanineResults_Files_Tab"), 5): Object 'Object Repository/Canine/CanineResults_Files_Tab' is present

2021-07-22 10:46:49 - [MESSAGE][PASSED] - Object 'Object Repository/Canine/CanineResults_Files_Tab' is present

2021-07-22 10:46:49 - [TEST_STEP][PASSED] - ctdc.utilities.runtestcaseforKatalon.clickTab("Object Repository/Canine/CanineResults_Files_Tab"): ctdc.utilities.runtestcaseforKatalon.clickTab is PASSED

2021-07-22 10:46:49 - [MESSAGE][PASSED] - ctdc.utilities.runtestcaseforKatalon.clickTab is PASSED

2021-07-22 10:46:49 - [TEST_STEP][PASSED] - ctdc.utilities.runtestcaseforKatalon.multiFunction("ICDC", G_StatBar_Files, "Object Repository/Canine/Canine_Files_Table", "Object Repository/Canine/Canine_Files_TableHdr", "Object Repository/Canine/Canine_FilesTabNextBtn", G_WebTabnameFiles, G_CypherTabnameFiles, G_QueryFilesTab): Statbar Arms count matches

2021-07-22 10:47:06 - [MESSAGE][PASSED] - Statbar Files count matches

2021-07-22 10:47:06 - [MESSAGE][PASSED] - Statbar Samples count matches

2021-07-22 10:47:06 - [MESSAGE][PASSED] - Statbar Cases count matches

2021-07-22 10:47:06 - [MESSAGE][PASSED] - Statbar Arms count matches

2021-07-22 10:47:06 - [TEST_STEP][PASSED] - closeBrowser(): Browser is closed

2021-07-22 10:47:06 - [MESSAGE][PASSED] - Browser is closed]]></system-out>
         <system-err><![CDATA[]]></system-err>
      </testcase>
      <testcase name="Test Cases/Canine_TestCases/Breed/TC18_Canine_Filter_Breed-Chinese" time="74.365" classname="Test Cases/Canine_TestCases/Breed/TC18_Canine_Filter_Breed-Chinese" status="PASSED">
         <system-out><![CDATA[2021-07-22 10:47:06 - [TEST_CASE][PASSED] - Test Cases/Canine_TestCases/Breed/TC18_Canine_Filter_Breed-Chinese: Test Cases/Canine_TestCases/Breed/TC18_Canine_Filter_Breed-Chinese

2021-07-22 10:47:06 - [TEST_STEP][PASSED] - Start listener action : getTestScriptName: null

2021-07-22 10:47:06 - [TEST_STEP][PASSED] - TestCaseId = testCaseContext.getTestCaseId(): null

2021-07-22 10:47:06 - [TEST_STEP][PASSED] - out.println("**********this is the value of test case id string******** " + testCaseContext.getTestCaseId()): null

2021-07-22 10:47:06 - [TEST_STEP][PASSED] - G_currentTCName = TestCaseId.substring(TestCaseId.lastIndexOf("TC")): null

2021-07-22 10:47:06 - [TEST_STEP][PASSED] - out.println("This is the test case name : " + G_currentTCName): null

2021-07-22 10:47:07 - [TEST_STEP][PASSED] - closeBrowser(): Browser is closed

2021-07-22 10:47:07 - [MESSAGE][PASSED] - Browser is closed

2021-07-22 10:47:07 - [TEST_STEP][PASSED] - ctdc.utilities.runtestcaseforKatalon.RunKatalon("TC18_Canine_Filter_Breed-Chinese.xlsx"): Data loaded from input file for the test case. 

2021-07-22 10:47:07 - [MESSAGE][PASSED] - Test case file loaded This is the full filepath after converting to string :C:\Users\sohilz2\Commons_Automation\InputFiles\TC18_Canine_Filter_Breed-Chinese.xlsx

2021-07-22 10:47:07 - [MESSAGE][INFO] - Global variable set for password file is :  C:\Users\sohilz2\Commons_Automation\InputFiles\TC18_Canine_Filter_Breed-Chinese.xlsx

2021-07-22 10:47:11 - [MESSAGE][PASSED] - Data loaded from input file for the test case. 

2021-07-22 10:47:17 - [TEST_STEP][PASSED] - click(findTestObject("Canine/NavBar/Canine_Cases_Btn")): Object: 'Object Repository/Canine/NavBar/Canine_Cases_Btn' is clicked on

2021-07-22 10:47:17 - [MESSAGE][PASSED] - Object: 'Object Repository/Canine/NavBar/Canine_Cases_Btn' is clicked on

2021-07-22 10:47:17 - [TEST_STEP][PASSED] - click(findTestObject("Bento/Cases_page/Filter/FilterByCases_Facet")): Object: 'Object Repository/Bento/Cases_page/Filter/FilterByCases_Facet' is clicked on

2021-07-22 10:47:18 - [MESSAGE][PASSED] - Object: 'Object Repository/Bento/Cases_page/Filter/FilterByCases_Facet' is clicked on

2021-07-22 10:47:18 - [TEST_STEP][PASSED] - waitForElementPresent(findTestObject("Object Repository/Canine/Filter/Breed/BREED_Ddn"), 5): Object 'Object Repository/Canine/Filter/Breed/BREED_Ddn' is present

2021-07-22 10:47:18 - [MESSAGE][PASSED] - Object 'Object Repository/Canine/Filter/Breed/BREED_Ddn' is present

2021-07-22 10:47:18 - [TEST_STEP][PASSED] - ctdc.utilities.runtestcaseforKatalon.clickTab("Object Repository/Canine/Filter/Breed/BREED_Ddn"): ctdc.utilities.runtestcaseforKatalon.clickTab is PASSED

2021-07-22 10:47:18 - [MESSAGE][PASSED] - ctdc.utilities.runtestcaseforKatalon.clickTab is PASSED

2021-07-22 10:47:18 - [TEST_STEP][PASSED] - ctdc.utilities.runtestcaseforKatalon.clickTab("Object Repository/Canine/Filter/Breed/Chinese_Chkbx"): ctdc.utilities.runtestcaseforKatalon.clickTab is PASSED

2021-07-22 10:47:18 - [MESSAGE][PASSED] - ctdc.utilities.runtestcaseforKatalon.clickTab is PASSED

2021-07-22 10:47:18 - [TEST_STEP][PASSED] - ctdc.utilities.runtestcaseforKatalon.readStatBarCanine("Object Repository/Canine/StatBar/Canine_StatBar-Studies", "Object Repository/Canine/StatBar/Canine_StatBar-Cases", "Object Repository/Canine/StatBar/Canine_StatBar-Samples", "Object Repository/Canine/StatBar/Canine_StatBar-Files", "Object Repository/Canine/StatBar/Canine_StatBar-Aliquots"): ctdc.utilities.runtestcaseforKatalon.readStatBarCanine is PASSED

2021-07-22 10:47:34 - [MESSAGE][PASSED] - ctdc.utilities.runtestcaseforKatalon.readStatBarCanine is PASSED

2021-07-22 10:47:34 - [TEST_STEP][PASSED] - waitForElementPresent(findTestObject("Object Repository/Canine/CanineResults_Cases_Tab"), 5): Object 'Object Repository/Canine/CanineResults_Cases_Tab' is present

2021-07-22 10:47:34 - [MESSAGE][PASSED] - Object 'Object Repository/Canine/CanineResults_Cases_Tab' is present

2021-07-22 10:47:34 - [TEST_STEP][PASSED] - ctdc.utilities.runtestcaseforKatalon.clickTab("Object Repository/Canine/CanineResults_Cases_Tab"): ctdc.utilities.runtestcaseforKatalon.clickTab is PASSED

2021-07-22 10:47:34 - [MESSAGE][PASSED] - ctdc.utilities.runtestcaseforKatalon.clickTab is PASSED

2021-07-22 10:47:34 - [TEST_STEP][PASSED] - ctdc.utilities.runtestcaseforKatalon.multiFunction("ICDC", G_StatBar_Cases, "Object Repository/Canine/Canine_CasesTable", "Object Repository/Canine/Canine_TableHeader", "Object Repository/Canine/Canine_CasesTabNextBtn", G_WebTabnameCases, G_CypherTabnameCases, G_QueryCasesTab): Statbar Arms count matches

2021-07-22 10:47:48 - [MESSAGE][PASSED] - Statbar Files count matches

2021-07-22 10:47:48 - [MESSAGE][PASSED] - Statbar Samples count matches

2021-07-22 10:47:48 - [MESSAGE][PASSED] - Statbar Cases count matches

2021-07-22 10:47:48 - [MESSAGE][PASSED] - Statbar Arms count matches

2021-07-22 10:47:48 - [TEST_STEP][PASSED] - waitForElementPresent(findTestObject("Object Repository/Canine/CanineResults_Samples_Tab"), 5): Object 'Object Repository/Canine/CanineResults_Samples_Tab' is present

2021-07-22 10:47:48 - [MESSAGE][PASSED] - Object 'Object Repository/Canine/CanineResults_Samples_Tab' is present

2021-07-22 10:47:48 - [TEST_STEP][PASSED] - ctdc.utilities.runtestcaseforKatalon.clickTab("Object Repository/Canine/CanineResults_Samples_Tab"): ctdc.utilities.runtestcaseforKatalon.clickTab is PASSED

2021-07-22 10:47:48 - [MESSAGE][PASSED] - ctdc.utilities.runtestcaseforKatalon.clickTab is PASSED

2021-07-22 10:47:48 - [TEST_STEP][PASSED] - ctdc.utilities.runtestcaseforKatalon.multiFunction("ICDC", G_StatBar_Samples, "Object Repository/Canine/Canine_Samples_Table", "Object Repository/Canine/Canine_Samples_TableHdr", "Object Repository/Canine/Canine_SamplesTabNextBtn", G_WebTabnameSamples, G_CypherTabnameSamples, G_QuerySamplesTab): Statbar Arms count matches

2021-07-22 10:48:04 - [MESSAGE][PASSED] - Statbar Files count matches

2021-07-22 10:48:04 - [MESSAGE][PASSED] - Statbar Samples count matches

2021-07-22 10:48:04 - [MESSAGE][PASSED] - Statbar Cases count matches

2021-07-22 10:48:04 - [MESSAGE][PASSED] - Statbar Arms count matches

2021-07-22 10:48:04 - [TEST_STEP][PASSED] - waitForElementPresent(findTestObject("Object Repository/Canine/CanineResults_Files_Tab"), 5): Object 'Object Repository/Canine/CanineResults_Files_Tab' is present

2021-07-22 10:48:04 - [MESSAGE][PASSED] - Object 'Object Repository/Canine/CanineResults_Files_Tab' is present

2021-07-22 10:48:04 - [TEST_STEP][PASSED] - ctdc.utilities.runtestcaseforKatalon.clickTab("Object Repository/Canine/CanineResults_Files_Tab"): ctdc.utilities.runtestcaseforKatalon.clickTab is PASSED

2021-07-22 10:48:04 - [MESSAGE][PASSED] - ctdc.utilities.runtestcaseforKatalon.clickTab is PASSED

2021-07-22 10:48:04 - [TEST_STEP][PASSED] - ctdc.utilities.runtestcaseforKatalon.multiFunction("ICDC", G_StatBar_Files, "Object Repository/Canine/Canine_Files_Table", "Object Repository/Canine/Canine_Files_TableHdr", "Object Repository/Canine/Canine_FilesTabNextBtn", G_WebTabnameFiles, G_CypherTabnameFiles, G_QueryFilesTab): Statbar Arms count matches

2021-07-22 10:48:20 - [MESSAGE][PASSED] - Statbar Files count matches

2021-07-22 10:48:20 - [MESSAGE][PASSED] - Statbar Samples count matches

2021-07-22 10:48:20 - [MESSAGE][PASSED] - Statbar Cases count matches

2021-07-22 10:48:20 - [MESSAGE][PASSED] - Statbar Arms count matches

2021-07-22 10:48:20 - [TEST_STEP][PASSED] - closeBrowser(): Browser is closed

2021-07-22 10:48:21 - [MESSAGE][PASSED] - Browser is closed]]></system-out>
         <system-err><![CDATA[]]></system-err>
      </testcase>
      <testcase name="Test Cases/Canine_TestCases/Breed/TC19_Canine_Filter_Breed-CockerSpan" time="87.274" classname="Test Cases/Canine_TestCases/Breed/TC19_Canine_Filter_Breed-CockerSpan" status="PASSED">
         <system-out><![CDATA[2021-07-22 10:48:21 - [TEST_CASE][PASSED] - Test Cases/Canine_TestCases/Breed/TC19_Canine_Filter_Breed-CockerSpan: Test Cases/Canine_TestCases/Breed/TC19_Canine_Filter_Breed-CockerSpan

2021-07-22 10:48:21 - [TEST_STEP][PASSED] - Start listener action : getTestScriptName: null

2021-07-22 10:48:21 - [TEST_STEP][PASSED] - TestCaseId = testCaseContext.getTestCaseId(): null

2021-07-22 10:48:21 - [TEST_STEP][PASSED] - out.println("**********this is the value of test case id string******** " + testCaseContext.getTestCaseId()): null

2021-07-22 10:48:21 - [TEST_STEP][PASSED] - G_currentTCName = TestCaseId.substring(TestCaseId.lastIndexOf("TC")): null

2021-07-22 10:48:21 - [TEST_STEP][PASSED] - out.println("This is the test case name : " + G_currentTCName): null

2021-07-22 10:48:21 - [TEST_STEP][PASSED] - closeBrowser(): Browser is closed

2021-07-22 10:48:21 - [MESSAGE][PASSED] - Browser is closed

2021-07-22 10:48:21 - [TEST_STEP][PASSED] - ctdc.utilities.runtestcaseforKatalon.RunKatalon("TC19_Canine_Filter_Breed-CockerSpan.xlsx"): Data loaded from input file for the test case. 

2021-07-22 10:48:21 - [MESSAGE][PASSED] - Test case file loaded This is the full filepath after converting to string :C:\Users\sohilz2\Commons_Automation\InputFiles\TC19_Canine_Filter_Breed-CockerSpan.xlsx

2021-07-22 10:48:21 - [MESSAGE][INFO] - Global variable set for password file is :  C:\Users\sohilz2\Commons_Automation\InputFiles\TC19_Canine_Filter_Breed-CockerSpan.xlsx

2021-07-22 10:48:25 - [MESSAGE][PASSED] - Data loaded from input file for the test case. 

2021-07-22 10:48:32 - [TEST_STEP][PASSED] - click(findTestObject("Canine/NavBar/Canine_Cases_Btn")): Object: 'Object Repository/Canine/NavBar/Canine_Cases_Btn' is clicked on

2021-07-22 10:48:32 - [MESSAGE][PASSED] - Object: 'Object Repository/Canine/NavBar/Canine_Cases_Btn' is clicked on

2021-07-22 10:48:32 - [TEST_STEP][PASSED] - click(findTestObject("Bento/Cases_page/Filter/FilterByCases_Facet")): Object: 'Object Repository/Bento/Cases_page/Filter/FilterByCases_Facet' is clicked on

2021-07-22 10:48:33 - [MESSAGE][PASSED] - Object: 'Object Repository/Bento/Cases_page/Filter/FilterByCases_Facet' is clicked on

2021-07-22 10:48:33 - [TEST_STEP][PASSED] - waitForElementPresent(findTestObject("Object Repository/Canine/Filter/Breed/BREED_Ddn"), 5): Object 'Object Repository/Canine/Filter/Breed/BREED_Ddn' is present

2021-07-22 10:48:33 - [MESSAGE][PASSED] - Object 'Object Repository/Canine/Filter/Breed/BREED_Ddn' is present

2021-07-22 10:48:33 - [TEST_STEP][PASSED] - ctdc.utilities.runtestcaseforKatalon.clickTab("Object Repository/Canine/Filter/Breed/BREED_Ddn"): ctdc.utilities.runtestcaseforKatalon.clickTab is PASSED

2021-07-22 10:48:33 - [MESSAGE][PASSED] - ctdc.utilities.runtestcaseforKatalon.clickTab is PASSED

2021-07-22 10:48:33 - [TEST_STEP][PASSED] - ctdc.utilities.runtestcaseforKatalon.clickTab("Object Repository/Canine/Filter/Breed/CockerSpan_Chkbx"): ctdc.utilities.runtestcaseforKatalon.clickTab is PASSED

2021-07-22 10:48:34 - [MESSAGE][PASSED] - ctdc.utilities.runtestcaseforKatalon.clickTab is PASSED

2021-07-22 10:48:34 - [TEST_STEP][PASSED] - ctdc.utilities.runtestcaseforKatalon.readStatBarCanine("Object Repository/Canine/StatBar/Canine_StatBar-Studies", "Object Repository/Canine/StatBar/Canine_StatBar-Cases", "Object Repository/Canine/StatBar/Canine_StatBar-Samples", "Object Repository/Canine/StatBar/Canine_StatBar-Files", "Object Repository/Canine/StatBar/Canine_StatBar-Aliquots"): ctdc.utilities.runtestcaseforKatalon.readStatBarCanine is PASSED

2021-07-22 10:48:49 - [MESSAGE][PASSED] - ctdc.utilities.runtestcaseforKatalon.readStatBarCanine is PASSED

2021-07-22 10:48:49 - [TEST_STEP][PASSED] - waitForElementPresent(findTestObject("Object Repository/Canine/CanineResults_Cases_Tab"), 5): Object 'Object Repository/Canine/CanineResults_Cases_Tab' is present

2021-07-22 10:48:49 - [MESSAGE][PASSED] - Object 'Object Repository/Canine/CanineResults_Cases_Tab' is present

2021-07-22 10:48:49 - [TEST_STEP][PASSED] - ctdc.utilities.runtestcaseforKatalon.clickTab("Object Repository/Canine/CanineResults_Cases_Tab"): ctdc.utilities.runtestcaseforKatalon.clickTab is PASSED

2021-07-22 10:48:49 - [MESSAGE][PASSED] - ctdc.utilities.runtestcaseforKatalon.clickTab is PASSED

2021-07-22 10:48:49 - [TEST_STEP][PASSED] - ctdc.utilities.runtestcaseforKatalon.multiFunction("ICDC", G_StatBar_Cases, "Object Repository/Canine/Canine_CasesTable", "Object Repository/Canine/Canine_TableHeader", "Object Repository/Canine/Canine_CasesTabNextBtn", G_WebTabnameCases, G_CypherTabnameCases, G_QueryCasesTab): Statbar Arms count matches

2021-07-22 10:49:04 - [MESSAGE][PASSED] - Statbar Files count matches

2021-07-22 10:49:04 - [MESSAGE][PASSED] - Statbar Samples count matches

2021-07-22 10:49:04 - [MESSAGE][PASSED] - Statbar Cases count matches

2021-07-22 10:49:04 - [MESSAGE][PASSED] - Statbar Arms count matches

2021-07-22 10:49:04 - [TEST_STEP][PASSED] - waitForElementPresent(findTestObject("Object Repository/Canine/CanineResults_Samples_Tab"), 5): Object 'Object Repository/Canine/CanineResults_Samples_Tab' is present

2021-07-22 10:49:04 - [MESSAGE][PASSED] - Object 'Object Repository/Canine/CanineResults_Samples_Tab' is present

2021-07-22 10:49:04 - [TEST_STEP][PASSED] - ctdc.utilities.runtestcaseforKatalon.clickTab("Object Repository/Canine/CanineResults_Samples_Tab"): ctdc.utilities.runtestcaseforKatalon.clickTab is PASSED

2021-07-22 10:49:04 - [MESSAGE][PASSED] - ctdc.utilities.runtestcaseforKatalon.clickTab is PASSED

2021-07-22 10:49:04 - [TEST_STEP][PASSED] - ctdc.utilities.runtestcaseforKatalon.multiFunction("ICDC", G_StatBar_Samples, "Object Repository/Canine/Canine_Samples_Table", "Object Repository/Canine/Canine_Samples_TableHdr", "Object Repository/Canine/Canine_SamplesTabNextBtn", G_WebTabnameSamples, G_CypherTabnameSamples, G_QuerySamplesTab): Statbar Arms count matches

2021-07-22 10:49:21 - [MESSAGE][PASSED] - Statbar Files count matches

2021-07-22 10:49:21 - [MESSAGE][PASSED] - Statbar Samples count matches

2021-07-22 10:49:21 - [MESSAGE][PASSED] - Statbar Cases count matches

2021-07-22 10:49:21 - [MESSAGE][PASSED] - Statbar Arms count matches

2021-07-22 10:49:21 - [TEST_STEP][PASSED] - waitForElementPresent(findTestObject("Object Repository/Canine/CanineResults_Files_Tab"), 5): Object 'Object Repository/Canine/CanineResults_Files_Tab' is present

2021-07-22 10:49:21 - [MESSAGE][PASSED] - Object 'Object Repository/Canine/CanineResults_Files_Tab' is present

2021-07-22 10:49:21 - [TEST_STEP][PASSED] - ctdc.utilities.runtestcaseforKatalon.clickTab("Object Repository/Canine/CanineResults_Files_Tab"): ctdc.utilities.runtestcaseforKatalon.clickTab is PASSED

2021-07-22 10:49:21 - [MESSAGE][PASSED] - ctdc.utilities.runtestcaseforKatalon.clickTab is PASSED

2021-07-22 10:49:21 - [TEST_STEP][PASSED] - ctdc.utilities.runtestcaseforKatalon.multiFunction("ICDC", G_StatBar_Files, "Object Repository/Canine/Canine_Files_Table", "Object Repository/Canine/Canine_Files_TableHdr", "Object Repository/Canine/Canine_FilesTabNextBtn", G_WebTabnameFiles, G_CypherTabnameFiles, G_QueryFilesTab): Statbar Arms count matches

2021-07-22 10:49:47 - [MESSAGE][PASSED] - Statbar Files count matches

2021-07-22 10:49:47 - [MESSAGE][PASSED] - Statbar Samples count matches

2021-07-22 10:49:47 - [MESSAGE][PASSED] - Statbar Cases count matches

2021-07-22 10:49:47 - [MESSAGE][PASSED] - Statbar Arms count matches

2021-07-22 10:49:47 - [TEST_STEP][PASSED] - closeBrowser(): Browser is closed

2021-07-22 10:49:48 - [MESSAGE][PASSED] - Browser is closed]]></system-out>
         <system-err><![CDATA[]]></system-err>
      </testcase>
      <testcase name="Test Cases/Canine_TestCases/Breed/TC20_Canine_Filter_Breed-Dalmatian" time="75.708" classname="Test Cases/Canine_TestCases/Breed/TC20_Canine_Filter_Breed-Dalmatian" status="PASSED">
         <system-out><![CDATA[2021-07-22 10:49:48 - [TEST_CASE][PASSED] - Test Cases/Canine_TestCases/Breed/TC20_Canine_Filter_Breed-Dalmatian: Test Cases/Canine_TestCases/Breed/TC20_Canine_Filter_Breed-Dalmatian

2021-07-22 10:49:48 - [TEST_STEP][PASSED] - Start listener action : getTestScriptName: null

2021-07-22 10:49:48 - [TEST_STEP][PASSED] - TestCaseId = testCaseContext.getTestCaseId(): null

2021-07-22 10:49:48 - [TEST_STEP][PASSED] - out.println("**********this is the value of test case id string******** " + testCaseContext.getTestCaseId()): null

2021-07-22 10:49:48 - [TEST_STEP][PASSED] - G_currentTCName = TestCaseId.substring(TestCaseId.lastIndexOf("TC")): null

2021-07-22 10:49:48 - [TEST_STEP][PASSED] - out.println("This is the test case name : " + G_currentTCName): null

2021-07-22 10:49:48 - [TEST_STEP][PASSED] - closeBrowser(): Browser is closed

2021-07-22 10:49:48 - [MESSAGE][PASSED] - Browser is closed

2021-07-22 10:49:48 - [TEST_STEP][PASSED] - ctdc.utilities.runtestcaseforKatalon.RunKatalon("TC20_Canine_Filter_Breed-Dalmatian.xlsx"): Data loaded from input file for the test case. 

2021-07-22 10:49:48 - [MESSAGE][PASSED] - Test case file loaded This is the full filepath after converting to string :C:\Users\sohilz2\Commons_Automation\InputFiles\TC20_Canine_Filter_Breed-Dalmatian.xlsx

2021-07-22 10:49:48 - [MESSAGE][INFO] - Global variable set for password file is :  C:\Users\sohilz2\Commons_Automation\InputFiles\TC20_Canine_Filter_Breed-Dalmatian.xlsx

2021-07-22 10:49:52 - [MESSAGE][PASSED] - Data loaded from input file for the test case. 

2021-07-22 10:49:59 - [TEST_STEP][PASSED] - waitForElementPresent(findTestObject("Canine/NavBar/Canine_Cases_Btn"), 5): Object 'Object Repository/Canine/NavBar/Canine_Cases_Btn' is present

2021-07-22 10:49:59 - [MESSAGE][PASSED] - Object 'Object Repository/Canine/NavBar/Canine_Cases_Btn' is present

2021-07-22 10:49:59 - [TEST_STEP][PASSED] - ctdc.utilities.runtestcaseforKatalon.clickTab("Canine/NavBar/Canine_Cases_Btn"): ctdc.utilities.runtestcaseforKatalon.clickTab is PASSED

2021-07-22 10:49:59 - [MESSAGE][PASSED] - ctdc.utilities.runtestcaseforKatalon.clickTab is PASSED

2021-07-22 10:49:59 - [TEST_STEP][PASSED] - waitForElementPresent(findTestObject("Bento/Cases_page/Filter/FilterByCases_Facet"), 5): Object 'Object Repository/Bento/Cases_page/Filter/FilterByCases_Facet' is present

2021-07-22 10:50:00 - [MESSAGE][PASSED] - Object 'Object Repository/Bento/Cases_page/Filter/FilterByCases_Facet' is present

2021-07-22 10:50:00 - [TEST_STEP][PASSED] - ctdc.utilities.runtestcaseforKatalon.clickTab("Bento/Cases_page/Filter/FilterByCases_Facet"): ctdc.utilities.runtestcaseforKatalon.clickTab is PASSED

2021-07-22 10:50:00 - [MESSAGE][PASSED] - ctdc.utilities.runtestcaseforKatalon.clickTab is PASSED

2021-07-22 10:50:00 - [TEST_STEP][PASSED] - waitForElementPresent(findTestObject("Object Repository/Canine/Filter/Breed/BREED_Ddn"), 5): Object 'Object Repository/Canine/Filter/Breed/BREED_Ddn' is present

2021-07-22 10:50:00 - [MESSAGE][PASSED] - Object 'Object Repository/Canine/Filter/Breed/BREED_Ddn' is present

2021-07-22 10:50:00 - [TEST_STEP][PASSED] - ctdc.utilities.runtestcaseforKatalon.clickTab("Object Repository/Canine/Filter/Breed/BREED_Ddn"): ctdc.utilities.runtestcaseforKatalon.clickTab is PASSED

2021-07-22 10:50:00 - [MESSAGE][PASSED] - ctdc.utilities.runtestcaseforKatalon.clickTab is PASSED

2021-07-22 10:50:00 - [TEST_STEP][PASSED] - ctdc.utilities.runtestcaseforKatalon.clickTab("Canine/Filter/Breed/Dalmatian_Chkbx"): ctdc.utilities.runtestcaseforKatalon.clickTab is PASSED

2021-07-22 10:50:00 - [MESSAGE][PASSED] - ctdc.utilities.runtestcaseforKatalon.clickTab is PASSED

2021-07-22 10:50:00 - [TEST_STEP][PASSED] - ctdc.utilities.runtestcaseforKatalon.readStatBarCanine("Object Repository/Canine/StatBar/Canine_StatBar-Studies", "Object Repository/Canine/StatBar/Canine_StatBar-Cases", "Object Repository/Canine/StatBar/Canine_StatBar-Samples", "Object Repository/Canine/StatBar/Canine_StatBar-Files", "Object Repository/Canine/StatBar/Canine_StatBar-Aliquots"): ctdc.utilities.runtestcaseforKatalon.readStatBarCanine is PASSED

2021-07-22 10:50:16 - [MESSAGE][PASSED] - ctdc.utilities.runtestcaseforKatalon.readStatBarCanine is PASSED

2021-07-22 10:50:16 - [TEST_STEP][PASSED] - waitForElementPresent(findTestObject("Object Repository/Canine/CanineResults_Cases_Tab"), 5): Object 'Object Repository/Canine/CanineResults_Cases_Tab' is present

2021-07-22 10:50:16 - [MESSAGE][PASSED] - Object 'Object Repository/Canine/CanineResults_Cases_Tab' is present

2021-07-22 10:50:16 - [TEST_STEP][PASSED] - ctdc.utilities.runtestcaseforKatalon.clickTab("Object Repository/Canine/CanineResults_Cases_Tab"): ctdc.utilities.runtestcaseforKatalon.clickTab is PASSED

2021-07-22 10:50:16 - [MESSAGE][PASSED] - ctdc.utilities.runtestcaseforKatalon.clickTab is PASSED

2021-07-22 10:50:16 - [TEST_STEP][PASSED] - ctdc.utilities.runtestcaseforKatalon.multiFunction("ICDC", G_StatBar_Cases, "Object Repository/Canine/Canine_CasesTable", "Object Repository/Canine/Canine_TableHeader", "Object Repository/Canine/Canine_CasesTabNextBtn", G_WebTabnameCases, G_CypherTabnameCases, G_QueryCasesTab): Statbar Arms count matches

2021-07-22 10:50:30 - [MESSAGE][PASSED] - Statbar Files count matches

2021-07-22 10:50:30 - [MESSAGE][PASSED] - Statbar Samples count matches

2021-07-22 10:50:30 - [MESSAGE][PASSED] - Statbar Cases count matches

2021-07-22 10:50:30 - [MESSAGE][PASSED] - Statbar Arms count matches

2021-07-22 10:50:30 - [TEST_STEP][PASSED] - waitForElementPresent(findTestObject("Object Repository/Canine/CanineResults_Samples_Tab"), 5): Object 'Object Repository/Canine/CanineResults_Samples_Tab' is present

2021-07-22 10:50:30 - [MESSAGE][PASSED] - Object 'Object Repository/Canine/CanineResults_Samples_Tab' is present

2021-07-22 10:50:30 - [TEST_STEP][PASSED] - ctdc.utilities.runtestcaseforKatalon.clickTab("Object Repository/Canine/CanineResults_Samples_Tab"): ctdc.utilities.runtestcaseforKatalon.clickTab is PASSED

2021-07-22 10:50:30 - [MESSAGE][PASSED] - ctdc.utilities.runtestcaseforKatalon.clickTab is PASSED

2021-07-22 10:50:30 - [TEST_STEP][PASSED] - ctdc.utilities.runtestcaseforKatalon.multiFunction("ICDC", G_StatBar_Samples, "Object Repository/Canine/Canine_Samples_Table", "Object Repository/Canine/Canine_Samples_TableHdr", "Object Repository/Canine/Canine_SamplesTabNextBtn", G_WebTabnameSamples, G_CypherTabnameSamples, G_QuerySamplesTab): Statbar Arms count matches

2021-07-22 10:50:46 - [MESSAGE][PASSED] - Statbar Files count matches

2021-07-22 10:50:46 - [MESSAGE][PASSED] - Statbar Samples count matches

2021-07-22 10:50:46 - [MESSAGE][PASSED] - Statbar Cases count matches

2021-07-22 10:50:46 - [MESSAGE][PASSED] - Statbar Arms count matches

2021-07-22 10:50:46 - [TEST_STEP][PASSED] - waitForElementPresent(findTestObject("Object Repository/Canine/CanineResults_Files_Tab"), 5): Object 'Object Repository/Canine/CanineResults_Files_Tab' is present

2021-07-22 10:50:46 - [MESSAGE][PASSED] - Object 'Object Repository/Canine/CanineResults_Files_Tab' is present

2021-07-22 10:50:46 - [TEST_STEP][PASSED] - ctdc.utilities.runtestcaseforKatalon.clickTab("Object Repository/Canine/CanineResults_Files_Tab"): ctdc.utilities.runtestcaseforKatalon.clickTab is PASSED

2021-07-22 10:50:46 - [MESSAGE][PASSED] - ctdc.utilities.runtestcaseforKatalon.clickTab is PASSED

2021-07-22 10:50:46 - [TEST_STEP][PASSED] - ctdc.utilities.runtestcaseforKatalon.multiFunction("ICDC", G_StatBar_Files, "Object Repository/Canine/Canine_Files_Table", "Object Repository/Canine/Canine_Files_TableHdr", "Object Repository/Canine/Canine_FilesTabNextBtn", G_WebTabnameFiles, G_CypherTabnameFiles, G_QueryFilesTab): Statbar Arms count matches

2021-07-22 10:51:03 - [MESSAGE][PASSED] - Statbar Files count matches

2021-07-22 10:51:03 - [MESSAGE][PASSED] - Statbar Samples count matches

2021-07-22 10:51:03 - [MESSAGE][PASSED] - Statbar Cases count matches

2021-07-22 10:51:03 - [MESSAGE][PASSED] - Statbar Arms count matches

2021-07-22 10:51:03 - [TEST_STEP][PASSED] - closeBrowser(): Browser is closed

2021-07-22 10:51:04 - [MESSAGE][PASSED] - Browser is closed]]></system-out>
         <system-err><![CDATA[]]></system-err>
      </testcase>
      <testcase name="Test Cases/Canine_TestCases/Breed/TC21_Canine_Filter_Breed-Doberman" time="104.846" classname="Test Cases/Canine_TestCases/Breed/TC21_Canine_Filter_Breed-Doberman" status="FAILED">
         <failure type="FAILED" message="Test Cases/Canine_TestCases/Breed/TC21_Canine_Filter_Breed-Doberman FAILED.
Reason:
com.kms.katalon.core.exception.StepFailedException: Mismatch in Stat Bar Samples count
	at com.kms.katalon.core.util.KeywordUtil.markFailed(KeywordUtil.java:19)
	at com.kms.katalon.core.util.KeywordUtil$markFailed$1.call(Unknown Source)
	at ctdc.utilities.runtestcaseforKatalon.validateStatBar(runtestcaseforKatalon.groovy:965)
	at ctdc.utilities.runtestcaseforKatalon.multiFunction(runtestcaseforKatalon.groovy:254)
	at ctdc.utilities.runtestcaseforKatalon.invokeMethod(runtestcaseforKatalon.groovy)
	at com.kms.katalon.core.main.CustomKeywordDelegatingMetaClass.invokeStaticMethod(CustomKeywordDelegatingMetaClass.java:50)
	at TC21_Canine_Filter_Breed-Doberman.run(TC21_Canine_Filter_Breed-Doberman:66)
	at com.kms.katalon.core.main.ScriptEngine.run(ScriptEngine.java:194)
	at com.kms.katalon.core.main.ScriptEngine.runScriptAsRawText(ScriptEngine.java:119)
	at com.kms.katalon.core.main.TestCaseExecutor.runScript(TestCaseExecutor.java:369)
	at com.kms.katalon.core.main.TestCaseExecutor.doExecute(TestCaseExecutor.java:360)
	at com.kms.katalon.core.main.TestCaseExecutor.processExecutionPhase(TestCaseExecutor.java:339)
	at com.kms.katalon.core.main.TestCaseExecutor.accessMainPhase(TestCaseExecutor.java:331)
	at com.kms.katalon.core.main.TestCaseExecutor.execute(TestCaseExecutor.java:248)
	at com.kms.katalon.core.main.TestSuiteExecutor.accessTestCaseMainPhase(TestSuiteExecutor.java:191)
	at com.kms.katalon.core.main.TestSuiteExecutor.accessTestSuiteMainPhase(TestSuiteExecutor.java:140)
	at com.kms.katalon.core.main.TestSuiteExecutor.execute(TestSuiteExecutor.java:89)
	at com.kms.katalon.core.main.TestCaseMain.startTestSuite(TestCaseMain.java:185)
	at com.kms.katalon.core.main.TestCaseMain$startTestSuite$0.call(Unknown Source)
	at TempTestSuite1626963431420.run(TempTestSuite1626963431420.groovy:39)
"/>
         <system-out><![CDATA[2021-07-22 10:51:04 - [TEST_CASE][FAILED] - Test Cases/Canine_TestCases/Breed/TC21_Canine_Filter_Breed-Doberman: Test Cases/Canine_TestCases/Breed/TC21_Canine_Filter_Breed-Doberman FAILED.
Reason:
com.kms.katalon.core.exception.StepFailedException: Mismatch in Stat Bar Samples count
	at com.kms.katalon.core.util.KeywordUtil.markFailed(KeywordUtil.java:19)
	at com.kms.katalon.core.util.KeywordUtil$markFailed$1.call(Unknown Source)
	at ctdc.utilities.runtestcaseforKatalon.validateStatBar(runtestcaseforKatalon.groovy:965)
	at ctdc.utilities.runtestcaseforKatalon.multiFunction(runtestcaseforKatalon.groovy:254)
	at ctdc.utilities.runtestcaseforKatalon.invokeMethod(runtestcaseforKatalon.groovy)
	at com.kms.katalon.core.main.CustomKeywordDelegatingMetaClass.invokeStaticMethod(CustomKeywordDelegatingMetaClass.java:50)
	at TC21_Canine_Filter_Breed-Doberman.run(TC21_Canine_Filter_Breed-Doberman:66)
	at com.kms.katalon.core.main.ScriptEngine.run(ScriptEngine.java:194)
	at com.kms.katalon.core.main.ScriptEngine.runScriptAsRawText(ScriptEngine.java:119)
	at com.kms.katalon.core.main.TestCaseExecutor.runScript(TestCaseExecutor.java:369)
	at com.kms.katalon.core.main.TestCaseExecutor.doExecute(TestCaseExecutor.java:360)
	at com.kms.katalon.core.main.TestCaseExecutor.processExecutionPhase(TestCaseExecutor.java:339)
	at com.kms.katalon.core.main.TestCaseExecutor.accessMainPhase(TestCaseExecutor.java:331)
	at com.kms.katalon.core.main.TestCaseExecutor.execute(TestCaseExecutor.java:248)
	at com.kms.katalon.core.main.TestSuiteExecutor.accessTestCaseMainPhase(TestSuiteExecutor.java:191)
	at com.kms.katalon.core.main.TestSuiteExecutor.accessTestSuiteMainPhase(TestSuiteExecutor.java:140)
	at com.kms.katalon.core.main.TestSuiteExecutor.execute(TestSuiteExecutor.java:89)
	at com.kms.katalon.core.main.TestCaseMain.startTestSuite(TestCaseMain.java:185)
	at com.kms.katalon.core.main.TestCaseMain$startTestSuite$0.call(Unknown Source)
	at TempTestSuite1626963431420.run(TempTestSuite1626963431420.groovy:39)


2021-07-22 10:51:04 - [TEST_STEP][PASSED] - Start listener action : getTestScriptName: null

2021-07-22 10:51:04 - [TEST_STEP][PASSED] - TestCaseId = testCaseContext.getTestCaseId(): null

2021-07-22 10:51:04 - [TEST_STEP][PASSED] - out.println("**********this is the value of test case id string******** " + testCaseContext.getTestCaseId()): null

2021-07-22 10:51:04 - [TEST_STEP][PASSED] - G_currentTCName = TestCaseId.substring(TestCaseId.lastIndexOf("TC")): null

2021-07-22 10:51:04 - [TEST_STEP][PASSED] - out.println("This is the test case name : " + G_currentTCName): null

2021-07-22 10:51:04 - [TEST_STEP][PASSED] - closeBrowser(): Browser is closed

2021-07-22 10:51:04 - [MESSAGE][PASSED] - Browser is closed

2021-07-22 10:51:04 - [TEST_STEP][PASSED] - ctdc.utilities.runtestcaseforKatalon.RunKatalon("TC21_Canine_Filter_Breed-Doberman.xlsx"): Data loaded from input file for the test case. 

2021-07-22 10:51:04 - [MESSAGE][PASSED] - Test case file loaded This is the full filepath after converting to string :C:\Users\sohilz2\Commons_Automation\InputFiles\TC21_Canine_Filter_Breed-Doberman.xlsx

2021-07-22 10:51:04 - [MESSAGE][INFO] - Global variable set for password file is :  C:\Users\sohilz2\Commons_Automation\InputFiles\TC21_Canine_Filter_Breed-Doberman.xlsx

2021-07-22 10:51:08 - [MESSAGE][PASSED] - Data loaded from input file for the test case. 

2021-07-22 10:51:15 - [TEST_STEP][PASSED] - waitForElementPresent(findTestObject("Canine/NavBar/Canine_Cases_Btn"), 5): Object 'Object Repository/Canine/NavBar/Canine_Cases_Btn' is present

2021-07-22 10:51:15 - [MESSAGE][PASSED] - Object 'Object Repository/Canine/NavBar/Canine_Cases_Btn' is present

2021-07-22 10:51:15 - [TEST_STEP][PASSED] - ctdc.utilities.runtestcaseforKatalon.clickTab("Canine/NavBar/Canine_Cases_Btn"): ctdc.utilities.runtestcaseforKatalon.clickTab is PASSED

2021-07-22 10:51:15 - [MESSAGE][PASSED] - ctdc.utilities.runtestcaseforKatalon.clickTab is PASSED

2021-07-22 10:51:15 - [TEST_STEP][PASSED] - waitForElementPresent(findTestObject("Bento/Cases_page/Filter/FilterByCases_Facet"), 5): Object 'Object Repository/Bento/Cases_page/Filter/FilterByCases_Facet' is present

2021-07-22 10:51:16 - [MESSAGE][PASSED] - Object 'Object Repository/Bento/Cases_page/Filter/FilterByCases_Facet' is present

2021-07-22 10:51:16 - [TEST_STEP][PASSED] - ctdc.utilities.runtestcaseforKatalon.clickTab("Bento/Cases_page/Filter/FilterByCases_Facet"): ctdc.utilities.runtestcaseforKatalon.clickTab is PASSED

2021-07-22 10:51:16 - [MESSAGE][PASSED] - ctdc.utilities.runtestcaseforKatalon.clickTab is PASSED

2021-07-22 10:51:16 - [TEST_STEP][PASSED] - waitForElementPresent(findTestObject("Object Repository/Canine/Filter/Breed/BREED_Ddn"), 5): Object 'Object Repository/Canine/Filter/Breed/BREED_Ddn' is present

2021-07-22 10:51:16 - [MESSAGE][PASSED] - Object 'Object Repository/Canine/Filter/Breed/BREED_Ddn' is present

2021-07-22 10:51:16 - [TEST_STEP][PASSED] - ctdc.utilities.runtestcaseforKatalon.clickTab("Object Repository/Canine/Filter/Breed/BREED_Ddn"): ctdc.utilities.runtestcaseforKatalon.clickTab is PASSED

2021-07-22 10:51:16 - [MESSAGE][PASSED] - ctdc.utilities.runtestcaseforKatalon.clickTab is PASSED

2021-07-22 10:51:16 - [TEST_STEP][PASSED] - ctdc.utilities.runtestcaseforKatalon.clickTab("Object Repository/Canine/Filter/Breed/Doberman_Chkbx"): ctdc.utilities.runtestcaseforKatalon.clickTab is PASSED

2021-07-22 10:51:17 - [MESSAGE][PASSED] - ctdc.utilities.runtestcaseforKatalon.clickTab is PASSED

2021-07-22 10:51:17 - [TEST_STEP][PASSED] - ctdc.utilities.runtestcaseforKatalon.readStatBarCanine("Object Repository/Canine/StatBar/Canine_StatBar-Studies", "Object Repository/Canine/StatBar/Canine_StatBar-Cases", "Object Repository/Canine/StatBar/Canine_StatBar-Samples", "Object Repository/Canine/StatBar/Canine_StatBar-Files", "Object Repository/Canine/StatBar/Canine_StatBar-Aliquots"): ctdc.utilities.runtestcaseforKatalon.readStatBarCanine is PASSED

2021-07-22 10:51:32 - [MESSAGE][PASSED] - ctdc.utilities.runtestcaseforKatalon.readStatBarCanine is PASSED

2021-07-22 10:51:32 - [TEST_STEP][PASSED] - waitForElementPresent(findTestObject("Object Repository/Canine/CanineResults_Cases_Tab"), 5): Object 'Object Repository/Canine/CanineResults_Cases_Tab' is present

2021-07-22 10:51:32 - [MESSAGE][PASSED] - Object 'Object Repository/Canine/CanineResults_Cases_Tab' is present

2021-07-22 10:51:32 - [TEST_STEP][PASSED] - ctdc.utilities.runtestcaseforKatalon.clickTab("Object Repository/Canine/CanineResults_Cases_Tab"): ctdc.utilities.runtestcaseforKatalon.clickTab is PASSED

2021-07-22 10:51:32 - [MESSAGE][PASSED] - ctdc.utilities.runtestcaseforKatalon.clickTab is PASSED

2021-07-22 10:51:32 - [TEST_STEP][FAILED] - ctdc.utilities.runtestcaseforKatalon.multiFunction("ICDC", G_StatBar_Cases, "Object Repository/Canine/Canine_CasesTable", "Object Repository/Canine/Canine_TableHeader", "Object Repository/Canine/Canine_CasesTabNextBtn", G_WebTabnameCases, G_CypherTabnameCases, G_QueryCasesTab): com.kms.katalon.core.exception.StepFailedException: Mismatch in Stat Bar Samples count

2021-07-22 10:51:49 - [MESSAGE][PASSED] - Statbar Files count matches

2021-07-22 10:51:49 - [MESSAGE][FAILED] - Mismatch in Stat Bar Samples count

2021-07-22 10:51:49 - [MESSAGE][PASSED] - Statbar Cases count matches

2021-07-22 10:51:49 - [MESSAGE][PASSED] - Statbar Arms count matches

2021-07-22 10:51:49 - [MESSAGE][FAILED] - com.kms.katalon.core.exception.StepFailedException: Mismatch in Stat Bar Samples count

2021-07-22 10:51:49 - [TEST_STEP][PASSED] - waitForElementPresent(findTestObject("Object Repository/Canine/CanineResults_Samples_Tab"), 5): Object 'Object Repository/Canine/CanineResults_Samples_Tab' is present

2021-07-22 10:51:49 - [MESSAGE][PASSED] - Object 'Object Repository/Canine/CanineResults_Samples_Tab' is present

2021-07-22 10:51:49 - [TEST_STEP][PASSED] - ctdc.utilities.runtestcaseforKatalon.clickTab("Object Repository/Canine/CanineResults_Samples_Tab"): ctdc.utilities.runtestcaseforKatalon.clickTab is PASSED

2021-07-22 10:51:49 - [MESSAGE][PASSED] - ctdc.utilities.runtestcaseforKatalon.clickTab is PASSED

2021-07-22 10:51:49 - [TEST_STEP][FAILED] - ctdc.utilities.runtestcaseforKatalon.multiFunction("ICDC", G_StatBar_Samples, "Object Repository/Canine/Canine_Samples_Table", "Object Repository/Canine/Canine_Samples_TableHdr", "Object Repository/Canine/Canine_SamplesTabNextBtn", G_WebTabnameSamples, G_CypherTabnameSamples, G_QuerySamplesTab): com.kms.katalon.core.exception.StepFailedException: Mismatch in Stat Bar Samples count

2021-07-22 10:52:18 - [MESSAGE][PASSED] - Statbar Files count matches

2021-07-22 10:52:18 - [MESSAGE][FAILED] - Mismatch in Stat Bar Samples count

2021-07-22 10:52:18 - [MESSAGE][PASSED] - Statbar Cases count matches

2021-07-22 10:52:18 - [MESSAGE][PASSED] - Statbar Arms count matches

2021-07-22 10:52:18 - [MESSAGE][FAILED] - com.kms.katalon.core.exception.StepFailedException: Mismatch in Stat Bar Samples count

2021-07-22 10:52:18 - [TEST_STEP][PASSED] - waitForElementPresent(findTestObject("Object Repository/Canine/CanineResults_Files_Tab"), 5): Object 'Object Repository/Canine/CanineResults_Files_Tab' is present

2021-07-22 10:52:18 - [MESSAGE][PASSED] - Object 'Object Repository/Canine/CanineResults_Files_Tab' is present

2021-07-22 10:52:18 - [TEST_STEP][PASSED] - ctdc.utilities.runtestcaseforKatalon.clickTab("Object Repository/Canine/CanineResults_Files_Tab"): ctdc.utilities.runtestcaseforKatalon.clickTab is PASSED

2021-07-22 10:52:19 - [MESSAGE][PASSED] - ctdc.utilities.runtestcaseforKatalon.clickTab is PASSED

2021-07-22 10:52:19 - [TEST_STEP][FAILED] - ctdc.utilities.runtestcaseforKatalon.multiFunction("ICDC", G_StatBar_Files, "Object Repository/Canine/Canine_Files_Table", "Object Repository/Canine/Canine_Files_TableHdr", "Object Repository/Canine/Canine_FilesTabNextBtn", G_WebTabnameFiles, G_CypherTabnameFiles, G_QueryFilesTab): com.kms.katalon.core.exception.StepFailedException: Mismatch in Stat Bar Samples count

2021-07-22 10:52:48 - [MESSAGE][PASSED] - Statbar Files count matches

2021-07-22 10:52:48 - [MESSAGE][FAILED] - Mismatch in Stat Bar Samples count

2021-07-22 10:52:48 - [MESSAGE][PASSED] - Statbar Cases count matches

2021-07-22 10:52:48 - [MESSAGE][PASSED] - Statbar Arms count matches

2021-07-22 10:52:48 - [MESSAGE][FAILED] - com.kms.katalon.core.exception.StepFailedException: Mismatch in Stat Bar Samples count

2021-07-22 10:52:48 - [TEST_STEP][PASSED] - closeBrowser(): Browser is closed

2021-07-22 10:52:48 - [MESSAGE][PASSED] - Browser is closed]]></system-out>
         <system-err><![CDATA[2021-07-22 10:51:04 - [TEST_CASE][FAILED] - Test Cases/Canine_TestCases/Breed/TC21_Canine_Filter_Breed-Doberman: Test Cases/Canine_TestCases/Breed/TC21_Canine_Filter_Breed-Doberman FAILED.
Reason:
com.kms.katalon.core.exception.StepFailedException: Mismatch in Stat Bar Samples count
	at com.kms.katalon.core.util.KeywordUtil.markFailed(KeywordUtil.java:19)
	at com.kms.katalon.core.util.KeywordUtil$markFailed$1.call(Unknown Source)
	at ctdc.utilities.runtestcaseforKatalon.validateStatBar(runtestcaseforKatalon.groovy:965)
	at ctdc.utilities.runtestcaseforKatalon.multiFunction(runtestcaseforKatalon.groovy:254)
	at ctdc.utilities.runtestcaseforKatalon.invokeMethod(runtestcaseforKatalon.groovy)
	at com.kms.katalon.core.main.CustomKeywordDelegatingMetaClass.invokeStaticMethod(CustomKeywordDelegatingMetaClass.java:50)
	at TC21_Canine_Filter_Breed-Doberman.run(TC21_Canine_Filter_Breed-Doberman:66)
	at com.kms.katalon.core.main.ScriptEngine.run(ScriptEngine.java:194)
	at com.kms.katalon.core.main.ScriptEngine.runScriptAsRawText(ScriptEngine.java:119)
	at com.kms.katalon.core.main.TestCaseExecutor.runScript(TestCaseExecutor.java:369)
	at com.kms.katalon.core.main.TestCaseExecutor.doExecute(TestCaseExecutor.java:360)
	at com.kms.katalon.core.main.TestCaseExecutor.processExecutionPhase(TestCaseExecutor.java:339)
	at com.kms.katalon.core.main.TestCaseExecutor.accessMainPhase(TestCaseExecutor.java:331)
	at com.kms.katalon.core.main.TestCaseExecutor.execute(TestCaseExecutor.java:248)
	at com.kms.katalon.core.main.TestSuiteExecutor.accessTestCaseMainPhase(TestSuiteExecutor.java:191)
	at com.kms.katalon.core.main.TestSuiteExecutor.accessTestSuiteMainPhase(TestSuiteExecutor.java:140)
	at com.kms.katalon.core.main.TestSuiteExecutor.execute(TestSuiteExecutor.java:89)
	at com.kms.katalon.core.main.TestCaseMain.startTestSuite(TestCaseMain.java:185)
	at com.kms.katalon.core.main.TestCaseMain$startTestSuite$0.call(Unknown Source)
	at TempTestSuite1626963431420.run(TempTestSuite1626963431420.groovy:39)]]></system-err>
      </testcase>
      <testcase name="Test Cases/Canine_TestCases/Breed/TC22_Canine_Filter_Breed-English" time="73.096" classname="Test Cases/Canine_TestCases/Breed/TC22_Canine_Filter_Breed-English" status="PASSED">
         <system-out><![CDATA[2021-07-22 10:52:48 - [TEST_CASE][PASSED] - Test Cases/Canine_TestCases/Breed/TC22_Canine_Filter_Breed-English: Test Cases/Canine_TestCases/Breed/TC22_Canine_Filter_Breed-English

2021-07-22 10:52:48 - [TEST_STEP][PASSED] - Start listener action : getTestScriptName: null

2021-07-22 10:52:48 - [TEST_STEP][PASSED] - TestCaseId = testCaseContext.getTestCaseId(): null

2021-07-22 10:52:48 - [TEST_STEP][PASSED] - out.println("**********this is the value of test case id string******** " + testCaseContext.getTestCaseId()): null

2021-07-22 10:52:48 - [TEST_STEP][PASSED] - G_currentTCName = TestCaseId.substring(TestCaseId.lastIndexOf("TC")): null

2021-07-22 10:52:48 - [TEST_STEP][PASSED] - out.println("This is the test case name : " + G_currentTCName): null

2021-07-22 10:52:49 - [TEST_STEP][PASSED] - closeBrowser(): Browser is closed

2021-07-22 10:52:49 - [MESSAGE][PASSED] - Browser is closed

2021-07-22 10:52:49 - [TEST_STEP][PASSED] - ctdc.utilities.runtestcaseforKatalon.RunKatalon("TC22_Canine_Filter_Breed-English.xlsx"): Data loaded from input file for the test case. 

2021-07-22 10:52:49 - [MESSAGE][PASSED] - Test case file loaded This is the full filepath after converting to string :C:\Users\sohilz2\Commons_Automation\InputFiles\TC22_Canine_Filter_Breed-English.xlsx

2021-07-22 10:52:49 - [MESSAGE][INFO] - Global variable set for password file is :  C:\Users\sohilz2\Commons_Automation\InputFiles\TC22_Canine_Filter_Breed-English.xlsx

2021-07-22 10:52:53 - [MESSAGE][PASSED] - Data loaded from input file for the test case. 

2021-07-22 10:52:59 - [TEST_STEP][PASSED] - click(findTestObject("Canine/NavBar/Canine_Cases_Btn")): Object: 'Object Repository/Canine/NavBar/Canine_Cases_Btn' is clicked on

2021-07-22 10:52:59 - [MESSAGE][PASSED] - Object: 'Object Repository/Canine/NavBar/Canine_Cases_Btn' is clicked on

2021-07-22 10:52:59 - [TEST_STEP][PASSED] - click(findTestObject("Bento/Cases_page/Filter/FilterByCases_Facet")): Object: 'Object Repository/Bento/Cases_page/Filter/FilterByCases_Facet' is clicked on

2021-07-22 10:53:00 - [MESSAGE][PASSED] - Object: 'Object Repository/Bento/Cases_page/Filter/FilterByCases_Facet' is clicked on

2021-07-22 10:53:00 - [TEST_STEP][PASSED] - waitForElementPresent(findTestObject("Object Repository/Canine/Filter/Breed/BREED_Ddn"), 5): Object 'Object Repository/Canine/Filter/Breed/BREED_Ddn' is present

2021-07-22 10:53:01 - [MESSAGE][PASSED] - Object 'Object Repository/Canine/Filter/Breed/BREED_Ddn' is present

2021-07-22 10:53:01 - [TEST_STEP][PASSED] - ctdc.utilities.runtestcaseforKatalon.clickTab("Object Repository/Canine/Filter/Breed/BREED_Ddn"): ctdc.utilities.runtestcaseforKatalon.clickTab is PASSED

2021-07-22 10:53:01 - [MESSAGE][PASSED] - ctdc.utilities.runtestcaseforKatalon.clickTab is PASSED

2021-07-22 10:53:01 - [TEST_STEP][PASSED] - ctdc.utilities.runtestcaseforKatalon.clickTab("Object Repository/Canine/Filter/Breed/English_Chkbx"): ctdc.utilities.runtestcaseforKatalon.clickTab is PASSED

2021-07-22 10:53:01 - [MESSAGE][PASSED] - ctdc.utilities.runtestcaseforKatalon.clickTab is PASSED

2021-07-22 10:53:01 - [TEST_STEP][PASSED] - ctdc.utilities.runtestcaseforKatalon.readStatBarCanine("Object Repository/Canine/StatBar/Canine_StatBar-Studies", "Object Repository/Canine/StatBar/Canine_StatBar-Cases", "Object Repository/Canine/StatBar/Canine_StatBar-Samples", "Object Repository/Canine/StatBar/Canine_StatBar-Files", "Object Repository/Canine/StatBar/Canine_StatBar-Aliquots"): ctdc.utilities.runtestcaseforKatalon.readStatBarCanine is PASSED

2021-07-22 10:53:17 - [MESSAGE][PASSED] - ctdc.utilities.runtestcaseforKatalon.readStatBarCanine is PASSED

2021-07-22 10:53:17 - [TEST_STEP][PASSED] - waitForElementPresent(findTestObject("Object Repository/Canine/CanineResults_Cases_Tab"), 5): Object 'Object Repository/Canine/CanineResults_Cases_Tab' is present

2021-07-22 10:53:17 - [MESSAGE][PASSED] - Object 'Object Repository/Canine/CanineResults_Cases_Tab' is present

2021-07-22 10:53:17 - [TEST_STEP][PASSED] - ctdc.utilities.runtestcaseforKatalon.clickTab("Object Repository/Canine/CanineResults_Cases_Tab"): ctdc.utilities.runtestcaseforKatalon.clickTab is PASSED

2021-07-22 10:53:17 - [MESSAGE][PASSED] - ctdc.utilities.runtestcaseforKatalon.clickTab is PASSED

2021-07-22 10:53:17 - [TEST_STEP][PASSED] - ctdc.utilities.runtestcaseforKatalon.multiFunction("ICDC", G_StatBar_Cases, "Object Repository/Canine/Canine_CasesTable", "Object Repository/Canine/Canine_TableHeader", "Object Repository/Canine/Canine_CasesTabNextBtn", G_WebTabnameCases, G_CypherTabnameCases, G_QueryCasesTab): Statbar Arms count matches

2021-07-22 10:53:31 - [MESSAGE][PASSED] - Statbar Files count matches

2021-07-22 10:53:31 - [MESSAGE][PASSED] - Statbar Samples count matches

2021-07-22 10:53:31 - [MESSAGE][PASSED] - Statbar Cases count matches

2021-07-22 10:53:31 - [MESSAGE][PASSED] - Statbar Arms count matches

2021-07-22 10:53:31 - [TEST_STEP][PASSED] - waitForElementPresent(findTestObject("Object Repository/Canine/CanineResults_Samples_Tab"), 5): Object 'Object Repository/Canine/CanineResults_Samples_Tab' is present

2021-07-22 10:53:31 - [MESSAGE][PASSED] - Object 'Object Repository/Canine/CanineResults_Samples_Tab' is present

2021-07-22 10:53:31 - [TEST_STEP][PASSED] - ctdc.utilities.runtestcaseforKatalon.clickTab("Object Repository/Canine/CanineResults_Samples_Tab"): ctdc.utilities.runtestcaseforKatalon.clickTab is PASSED

2021-07-22 10:53:31 - [MESSAGE][PASSED] - ctdc.utilities.runtestcaseforKatalon.clickTab is PASSED

2021-07-22 10:53:31 - [TEST_STEP][PASSED] - ctdc.utilities.runtestcaseforKatalon.multiFunction("ICDC", G_StatBar_Samples, "Object Repository/Canine/Canine_Samples_Table", "Object Repository/Canine/Canine_Samples_TableHdr", "Object Repository/Canine/Canine_SamplesTabNextBtn", G_WebTabnameSamples, G_CypherTabnameSamples, G_QuerySamplesTab): Statbar Arms count matches

2021-07-22 10:53:46 - [MESSAGE][PASSED] - Statbar Files count matches

2021-07-22 10:53:46 - [MESSAGE][PASSED] - Statbar Samples count matches

2021-07-22 10:53:46 - [MESSAGE][PASSED] - Statbar Cases count matches

2021-07-22 10:53:46 - [MESSAGE][PASSED] - Statbar Arms count matches

2021-07-22 10:53:46 - [TEST_STEP][PASSED] - waitForElementPresent(findTestObject("Object Repository/Canine/CanineResults_Files_Tab"), 5): Object 'Object Repository/Canine/CanineResults_Files_Tab' is present

2021-07-22 10:53:46 - [MESSAGE][PASSED] - Object 'Object Repository/Canine/CanineResults_Files_Tab' is present

2021-07-22 10:53:46 - [TEST_STEP][PASSED] - ctdc.utilities.runtestcaseforKatalon.clickTab("Object Repository/Canine/CanineResults_Files_Tab"): ctdc.utilities.runtestcaseforKatalon.clickTab is PASSED

2021-07-22 10:53:46 - [MESSAGE][PASSED] - ctdc.utilities.runtestcaseforKatalon.clickTab is PASSED

2021-07-22 10:53:46 - [TEST_STEP][PASSED] - ctdc.utilities.runtestcaseforKatalon.multiFunction("ICDC", G_StatBar_Files, "Object Repository/Canine/Canine_Files_Table", "Object Repository/Canine/Canine_Files_TableHdr", "Object Repository/Canine/Canine_FilesTabNextBtn", G_WebTabnameFiles, G_CypherTabnameFiles, G_QueryFilesTab): Statbar Arms count matches

2021-07-22 10:54:01 - [MESSAGE][PASSED] - Statbar Files count matches

2021-07-22 10:54:01 - [MESSAGE][PASSED] - Statbar Samples count matches

2021-07-22 10:54:01 - [MESSAGE][PASSED] - Statbar Cases count matches

2021-07-22 10:54:01 - [MESSAGE][PASSED] - Statbar Arms count matches

2021-07-22 10:54:01 - [TEST_STEP][PASSED] - closeBrowser(): Browser is closed

2021-07-22 10:54:02 - [MESSAGE][PASSED] - Browser is closed]]></system-out>
         <system-err><![CDATA[]]></system-err>
      </testcase>
      <testcase name="Test Cases/Canine_TestCases/Breed/TC23_Canine_Filter_Breed-Flat" time="73.147" classname="Test Cases/Canine_TestCases/Breed/TC23_Canine_Filter_Breed-Flat" status="PASSED">
         <system-out><![CDATA[2021-07-22 10:54:02 - [TEST_CASE][PASSED] - Test Cases/Canine_TestCases/Breed/TC23_Canine_Filter_Breed-Flat: Test Cases/Canine_TestCases/Breed/TC23_Canine_Filter_Breed-Flat

2021-07-22 10:54:02 - [TEST_STEP][PASSED] - Start listener action : getTestScriptName: null

2021-07-22 10:54:02 - [TEST_STEP][PASSED] - TestCaseId = testCaseContext.getTestCaseId(): null

2021-07-22 10:54:02 - [TEST_STEP][PASSED] - out.println("**********this is the value of test case id string******** " + testCaseContext.getTestCaseId()): null

2021-07-22 10:54:02 - [TEST_STEP][PASSED] - G_currentTCName = TestCaseId.substring(TestCaseId.lastIndexOf("TC")): null

2021-07-22 10:54:02 - [TEST_STEP][PASSED] - out.println("This is the test case name : " + G_currentTCName): null

2021-07-22 10:54:02 - [TEST_STEP][PASSED] - closeBrowser(): Browser is closed

2021-07-22 10:54:02 - [MESSAGE][PASSED] - Browser is closed

2021-07-22 10:54:02 - [TEST_STEP][PASSED] - ctdc.utilities.runtestcaseforKatalon.RunKatalon("TC23_Canine_Filter_Breed-Flat.xlsx"): Data loaded from input file for the test case. 

2021-07-22 10:54:02 - [MESSAGE][PASSED] - Test case file loaded This is the full filepath after converting to string :C:\Users\sohilz2\Commons_Automation\InputFiles\TC23_Canine_Filter_Breed-Flat.xlsx

2021-07-22 10:54:02 - [MESSAGE][INFO] - Global variable set for password file is :  C:\Users\sohilz2\Commons_Automation\InputFiles\TC23_Canine_Filter_Breed-Flat.xlsx

2021-07-22 10:54:06 - [MESSAGE][PASSED] - Data loaded from input file for the test case. 

2021-07-22 10:54:12 - [TEST_STEP][PASSED] - click(findTestObject("Canine/NavBar/Canine_Cases_Btn")): Object: 'Object Repository/Canine/NavBar/Canine_Cases_Btn' is clicked on

2021-07-22 10:54:12 - [MESSAGE][PASSED] - Object: 'Object Repository/Canine/NavBar/Canine_Cases_Btn' is clicked on

2021-07-22 10:54:12 - [TEST_STEP][PASSED] - click(findTestObject("Bento/Cases_page/Filter/FilterByCases_Facet")): Object: 'Object Repository/Bento/Cases_page/Filter/FilterByCases_Facet' is clicked on

2021-07-22 10:54:14 - [MESSAGE][PASSED] - Object: 'Object Repository/Bento/Cases_page/Filter/FilterByCases_Facet' is clicked on

2021-07-22 10:54:14 - [TEST_STEP][PASSED] - waitForElementPresent(findTestObject("Object Repository/Canine/Filter/Breed/BREED_Ddn"), 5): Object 'Object Repository/Canine/Filter/Breed/BREED_Ddn' is present

2021-07-22 10:54:14 - [MESSAGE][PASSED] - Object 'Object Repository/Canine/Filter/Breed/BREED_Ddn' is present

2021-07-22 10:54:14 - [TEST_STEP][PASSED] - ctdc.utilities.runtestcaseforKatalon.clickTab("Object Repository/Canine/Filter/Breed/BREED_Ddn"): ctdc.utilities.runtestcaseforKatalon.clickTab is PASSED

2021-07-22 10:54:14 - [MESSAGE][PASSED] - ctdc.utilities.runtestcaseforKatalon.clickTab is PASSED

2021-07-22 10:54:14 - [TEST_STEP][PASSED] - ctdc.utilities.runtestcaseforKatalon.clickTab("Object Repository/Canine/Filter/Breed/Flat_Chkbx"): ctdc.utilities.runtestcaseforKatalon.clickTab is PASSED

2021-07-22 10:54:15 - [MESSAGE][PASSED] - ctdc.utilities.runtestcaseforKatalon.clickTab is PASSED

2021-07-22 10:54:15 - [TEST_STEP][PASSED] - ctdc.utilities.runtestcaseforKatalon.readStatBarCanine("Object Repository/Canine/StatBar/Canine_StatBar-Studies", "Object Repository/Canine/StatBar/Canine_StatBar-Cases", "Object Repository/Canine/StatBar/Canine_StatBar-Samples", "Object Repository/Canine/StatBar/Canine_StatBar-Files", "Object Repository/Canine/StatBar/Canine_StatBar-Aliquots"): ctdc.utilities.runtestcaseforKatalon.readStatBarCanine is PASSED

2021-07-22 10:54:30 - [MESSAGE][PASSED] - ctdc.utilities.runtestcaseforKatalon.readStatBarCanine is PASSED

2021-07-22 10:54:30 - [TEST_STEP][PASSED] - waitForElementPresent(findTestObject("Object Repository/Canine/CanineResults_Cases_Tab"), 5): Object 'Object Repository/Canine/CanineResults_Cases_Tab' is present

2021-07-22 10:54:30 - [MESSAGE][PASSED] - Object 'Object Repository/Canine/CanineResults_Cases_Tab' is present

2021-07-22 10:54:30 - [TEST_STEP][PASSED] - ctdc.utilities.runtestcaseforKatalon.clickTab("Object Repository/Canine/CanineResults_Cases_Tab"): ctdc.utilities.runtestcaseforKatalon.clickTab is PASSED

2021-07-22 10:54:30 - [MESSAGE][PASSED] - ctdc.utilities.runtestcaseforKatalon.clickTab is PASSED

2021-07-22 10:54:30 - [TEST_STEP][PASSED] - ctdc.utilities.runtestcaseforKatalon.multiFunction("ICDC", G_StatBar_Cases, "Object Repository/Canine/Canine_CasesTable", "Object Repository/Canine/Canine_TableHeader", "Object Repository/Canine/Canine_CasesTabNextBtn", G_WebTabnameCases, G_CypherTabnameCases, G_QueryCasesTab): Statbar Arms count matches

2021-07-22 10:54:45 - [MESSAGE][PASSED] - Statbar Files count matches

2021-07-22 10:54:45 - [MESSAGE][PASSED] - Statbar Samples count matches

2021-07-22 10:54:45 - [MESSAGE][PASSED] - Statbar Cases count matches

2021-07-22 10:54:45 - [MESSAGE][PASSED] - Statbar Arms count matches

2021-07-22 10:54:45 - [TEST_STEP][PASSED] - waitForElementPresent(findTestObject("Object Repository/Canine/CanineResults_Samples_Tab"), 5): Object 'Object Repository/Canine/CanineResults_Samples_Tab' is present

2021-07-22 10:54:45 - [MESSAGE][PASSED] - Object 'Object Repository/Canine/CanineResults_Samples_Tab' is present

2021-07-22 10:54:45 - [TEST_STEP][PASSED] - ctdc.utilities.runtestcaseforKatalon.clickTab("Object Repository/Canine/CanineResults_Samples_Tab"): ctdc.utilities.runtestcaseforKatalon.clickTab is PASSED

2021-07-22 10:54:45 - [MESSAGE][PASSED] - ctdc.utilities.runtestcaseforKatalon.clickTab is PASSED

2021-07-22 10:54:45 - [TEST_STEP][PASSED] - ctdc.utilities.runtestcaseforKatalon.multiFunction("ICDC", G_StatBar_Samples, "Object Repository/Canine/Canine_Samples_Table", "Object Repository/Canine/Canine_Samples_TableHdr", "Object Repository/Canine/Canine_SamplesTabNextBtn", G_WebTabnameSamples, G_CypherTabnameSamples, G_QuerySamplesTab): Statbar Arms count matches

2021-07-22 10:54:59 - [MESSAGE][PASSED] - Statbar Files count matches

2021-07-22 10:54:59 - [MESSAGE][PASSED] - Statbar Samples count matches

2021-07-22 10:54:59 - [MESSAGE][PASSED] - Statbar Cases count matches

2021-07-22 10:54:59 - [MESSAGE][PASSED] - Statbar Arms count matches

2021-07-22 10:54:59 - [TEST_STEP][PASSED] - waitForElementPresent(findTestObject("Object Repository/Canine/CanineResults_Files_Tab"), 5): Object 'Object Repository/Canine/CanineResults_Files_Tab' is present

2021-07-22 10:54:59 - [MESSAGE][PASSED] - Object 'Object Repository/Canine/CanineResults_Files_Tab' is present

2021-07-22 10:54:59 - [TEST_STEP][PASSED] - ctdc.utilities.runtestcaseforKatalon.clickTab("Object Repository/Canine/CanineResults_Files_Tab"): ctdc.utilities.runtestcaseforKatalon.clickTab is PASSED

2021-07-22 10:55:00 - [MESSAGE][PASSED] - ctdc.utilities.runtestcaseforKatalon.clickTab is PASSED

2021-07-22 10:55:00 - [TEST_STEP][PASSED] - ctdc.utilities.runtestcaseforKatalon.multiFunction("ICDC", G_StatBar_Files, "Object Repository/Canine/Canine_Files_Table", "Object Repository/Canine/Canine_Files_TableHdr", "Object Repository/Canine/Canine_FilesTabNextBtn", G_WebTabnameFiles, G_CypherTabnameFiles, G_QueryFilesTab): Statbar Arms count matches

2021-07-22 10:55:14 - [MESSAGE][PASSED] - Statbar Files count matches

2021-07-22 10:55:14 - [MESSAGE][PASSED] - Statbar Samples count matches

2021-07-22 10:55:14 - [MESSAGE][PASSED] - Statbar Cases count matches

2021-07-22 10:55:14 - [MESSAGE][PASSED] - Statbar Arms count matches

2021-07-22 10:55:14 - [TEST_STEP][PASSED] - closeBrowser(): Browser is closed

2021-07-22 10:55:15 - [MESSAGE][PASSED] - Browser is closed]]></system-out>
         <system-err><![CDATA[]]></system-err>
      </testcase>
      <testcase name="Test Cases/Canine_TestCases/Breed/TC24_Canine_Filter_Breed-FrenchBullDg" time="149.558" classname="Test Cases/Canine_TestCases/Breed/TC24_Canine_Filter_Breed-FrenchBullDg" status="PASSED">
         <system-out><![CDATA[2021-07-22 10:55:15 - [TEST_CASE][PASSED] - Test Cases/Canine_TestCases/Breed/TC24_Canine_Filter_Breed-FrenchBullDg: Test Cases/Canine_TestCases/Breed/TC24_Canine_Filter_Breed-FrenchBullDg

2021-07-22 10:55:15 - [TEST_STEP][PASSED] - Start listener action : getTestScriptName: null

2021-07-22 10:55:15 - [TEST_STEP][PASSED] - TestCaseId = testCaseContext.getTestCaseId(): null

2021-07-22 10:55:15 - [TEST_STEP][PASSED] - out.println("**********this is the value of test case id string******** " + testCaseContext.getTestCaseId()): null

2021-07-22 10:55:15 - [TEST_STEP][PASSED] - G_currentTCName = TestCaseId.substring(TestCaseId.lastIndexOf("TC")): null

2021-07-22 10:55:15 - [TEST_STEP][PASSED] - out.println("This is the test case name : " + G_currentTCName): null

2021-07-22 10:55:15 - [TEST_STEP][PASSED] - closeBrowser(): Browser is closed

2021-07-22 10:55:15 - [MESSAGE][PASSED] - Browser is closed

2021-07-22 10:55:15 - [TEST_STEP][PASSED] - ctdc.utilities.runtestcaseforKatalon.RunKatalon("TC24_Canine_Filter_Breed-FrenchBullDg.xlsx"): Data loaded from input file for the test case. 

2021-07-22 10:55:15 - [MESSAGE][PASSED] - Test case file loaded This is the full filepath after converting to string :C:\Users\sohilz2\Commons_Automation\InputFiles\TC24_Canine_Filter_Breed-FrenchBullDg.xlsx

2021-07-22 10:55:15 - [MESSAGE][INFO] - Global variable set for password file is :  C:\Users\sohilz2\Commons_Automation\InputFiles\TC24_Canine_Filter_Breed-FrenchBullDg.xlsx

2021-07-22 10:55:19 - [MESSAGE][PASSED] - Data loaded from input file for the test case. 

2021-07-22 10:55:25 - [TEST_STEP][PASSED] - waitForElementPresent(findTestObject("Canine/NavBar/Canine_Cases_Btn"), 5): Object 'Object Repository/Canine/NavBar/Canine_Cases_Btn' is present

2021-07-22 10:55:25 - [MESSAGE][PASSED] - Object 'Object Repository/Canine/NavBar/Canine_Cases_Btn' is present

2021-07-22 10:55:25 - [TEST_STEP][PASSED] - ctdc.utilities.runtestcaseforKatalon.clickTab("Canine/NavBar/Canine_Cases_Btn"): ctdc.utilities.runtestcaseforKatalon.clickTab is PASSED

2021-07-22 10:55:25 - [MESSAGE][PASSED] - ctdc.utilities.runtestcaseforKatalon.clickTab is PASSED

2021-07-22 10:55:25 - [TEST_STEP][PASSED] - waitForElementPresent(findTestObject("Bento/Cases_page/Filter/FilterByCases_Facet"), 5): Object 'Object Repository/Bento/Cases_page/Filter/FilterByCases_Facet' is present

2021-07-22 10:55:26 - [MESSAGE][PASSED] - Object 'Object Repository/Bento/Cases_page/Filter/FilterByCases_Facet' is present

2021-07-22 10:55:26 - [TEST_STEP][PASSED] - ctdc.utilities.runtestcaseforKatalon.clickTab("Bento/Cases_page/Filter/FilterByCases_Facet"): ctdc.utilities.runtestcaseforKatalon.clickTab is PASSED

2021-07-22 10:55:27 - [MESSAGE][PASSED] - ctdc.utilities.runtestcaseforKatalon.clickTab is PASSED

2021-07-22 10:55:27 - [TEST_STEP][PASSED] - waitForElementPresent(findTestObject("Object Repository/Canine/Filter/Breed/BREED_Ddn"), 5): Object 'Object Repository/Canine/Filter/Breed/BREED_Ddn' is present

2021-07-22 10:55:27 - [MESSAGE][PASSED] - Object 'Object Repository/Canine/Filter/Breed/BREED_Ddn' is present

2021-07-22 10:55:27 - [TEST_STEP][PASSED] - ctdc.utilities.runtestcaseforKatalon.clickTab("Object Repository/Canine/Filter/Breed/BREED_Ddn"): ctdc.utilities.runtestcaseforKatalon.clickTab is PASSED

2021-07-22 10:55:27 - [MESSAGE][PASSED] - ctdc.utilities.runtestcaseforKatalon.clickTab is PASSED

2021-07-22 10:55:27 - [TEST_STEP][PASSED] - ctdc.utilities.runtestcaseforKatalon.clickTab("Canine/Filter/Breed/FrenchBulldog_Chkbx"): ctdc.utilities.runtestcaseforKatalon.clickTab is PASSED

2021-07-22 10:55:28 - [MESSAGE][PASSED] - ctdc.utilities.runtestcaseforKatalon.clickTab is PASSED

2021-07-22 10:55:28 - [TEST_STEP][PASSED] - ctdc.utilities.runtestcaseforKatalon.readStatBarCanine("Object Repository/Canine/StatBar/Canine_StatBar-Studies", "Object Repository/Canine/StatBar/Canine_StatBar-Cases", "Object Repository/Canine/StatBar/Canine_StatBar-Samples", "Object Repository/Canine/StatBar/Canine_StatBar-Files", "Object Repository/Canine/StatBar/Canine_StatBar-Aliquots"): ctdc.utilities.runtestcaseforKatalon.readStatBarCanine is PASSED

2021-07-22 10:55:43 - [MESSAGE][PASSED] - ctdc.utilities.runtestcaseforKatalon.readStatBarCanine is PASSED

2021-07-22 10:55:43 - [TEST_STEP][PASSED] - waitForElementPresent(findTestObject("Object Repository/Canine/CanineResults_Cases_Tab"), 5): Object 'Object Repository/Canine/CanineResults_Cases_Tab' is present

2021-07-22 10:55:43 - [MESSAGE][PASSED] - Object 'Object Repository/Canine/CanineResults_Cases_Tab' is present

2021-07-22 10:55:43 - [TEST_STEP][PASSED] - ctdc.utilities.runtestcaseforKatalon.clickTab("Object Repository/Canine/CanineResults_Cases_Tab"): ctdc.utilities.runtestcaseforKatalon.clickTab is PASSED

2021-07-22 10:55:43 - [MESSAGE][PASSED] - ctdc.utilities.runtestcaseforKatalon.clickTab is PASSED

2021-07-22 10:55:43 - [TEST_STEP][PASSED] - ctdc.utilities.runtestcaseforKatalon.multiFunction("ICDC", G_StatBar_Cases, "Object Repository/Canine/Canine_CasesTable", "Object Repository/Canine/Canine_TableHeader", "Object Repository/Canine/Canine_CasesTabNextBtn", G_WebTabnameCases, G_CypherTabnameCases, G_QueryCasesTab): Statbar Arms count matches

2021-07-22 10:55:59 - [MESSAGE][PASSED] - Statbar Files count matches

2021-07-22 10:55:59 - [MESSAGE][PASSED] - Statbar Samples count matches

2021-07-22 10:55:59 - [MESSAGE][PASSED] - Statbar Cases count matches

2021-07-22 10:55:59 - [MESSAGE][PASSED] - Statbar Arms count matches

2021-07-22 10:55:59 - [TEST_STEP][PASSED] - waitForElementPresent(findTestObject("Object Repository/Canine/CanineResults_Samples_Tab"), 5): Object 'Object Repository/Canine/CanineResults_Samples_Tab' is present

2021-07-22 10:55:59 - [MESSAGE][PASSED] - Object 'Object Repository/Canine/CanineResults_Samples_Tab' is present

2021-07-22 10:55:59 - [TEST_STEP][PASSED] - ctdc.utilities.runtestcaseforKatalon.clickTab("Object Repository/Canine/CanineResults_Samples_Tab"): ctdc.utilities.runtestcaseforKatalon.clickTab is PASSED

2021-07-22 10:56:00 - [MESSAGE][PASSED] - ctdc.utilities.runtestcaseforKatalon.clickTab is PASSED

2021-07-22 10:56:00 - [TEST_STEP][PASSED] - ctdc.utilities.runtestcaseforKatalon.multiFunction("ICDC", G_StatBar_Samples, "Object Repository/Canine/Canine_Samples_Table", "Object Repository/Canine/Canine_Samples_TableHdr", "Object Repository/Canine/Canine_SamplesTabNextBtn", G_WebTabnameSamples, G_CypherTabnameSamples, G_QuerySamplesTab): Statbar Arms count matches

2021-07-22 10:56:41 - [MESSAGE][PASSED] - Statbar Files count matches

2021-07-22 10:56:41 - [MESSAGE][PASSED] - Statbar Samples count matches

2021-07-22 10:56:41 - [MESSAGE][PASSED] - Statbar Cases count matches

2021-07-22 10:56:41 - [MESSAGE][PASSED] - Statbar Arms count matches

2021-07-22 10:56:41 - [TEST_STEP][PASSED] - waitForElementPresent(findTestObject("Object Repository/Canine/CanineResults_Files_Tab"), 5): Object 'Object Repository/Canine/CanineResults_Files_Tab' is present

2021-07-22 10:56:42 - [MESSAGE][PASSED] - Object 'Object Repository/Canine/CanineResults_Files_Tab' is present

2021-07-22 10:56:42 - [TEST_STEP][PASSED] - ctdc.utilities.runtestcaseforKatalon.clickTab("Object Repository/Canine/CanineResults_Files_Tab"): ctdc.utilities.runtestcaseforKatalon.clickTab is PASSED

2021-07-22 10:56:42 - [MESSAGE][PASSED] - ctdc.utilities.runtestcaseforKatalon.clickTab is PASSED

2021-07-22 10:56:42 - [TEST_STEP][PASSED] - ctdc.utilities.runtestcaseforKatalon.multiFunction("ICDC", G_StatBar_Files, "Object Repository/Canine/Canine_Files_Table", "Object Repository/Canine/Canine_Files_TableHdr", "Object Repository/Canine/Canine_FilesTabNextBtn", G_WebTabnameFiles, G_CypherTabnameFiles, G_QueryFilesTab): Statbar Arms count matches

2021-07-22 10:57:44 - [MESSAGE][PASSED] - Statbar Files count matches

2021-07-22 10:57:44 - [MESSAGE][PASSED] - Statbar Samples count matches

2021-07-22 10:57:44 - [MESSAGE][PASSED] - Statbar Cases count matches

2021-07-22 10:57:44 - [MESSAGE][PASSED] - Statbar Arms count matches

2021-07-22 10:57:44 - [TEST_STEP][PASSED] - closeBrowser(): Browser is closed

2021-07-22 10:57:44 - [MESSAGE][PASSED] - Browser is closed]]></system-out>
         <system-err><![CDATA[]]></system-err>
      </testcase>
      <testcase name="Test Cases/Canine_TestCases/Breed/TC25_Canine_Filter_Breed-GermanShphd" time="76.119" classname="Test Cases/Canine_TestCases/Breed/TC25_Canine_Filter_Breed-GermanShphd" status="PASSED">
         <system-out><![CDATA[2021-07-22 10:57:44 - [TEST_CASE][PASSED] - Test Cases/Canine_TestCases/Breed/TC25_Canine_Filter_Breed-GermanShphd: Test Cases/Canine_TestCases/Breed/TC25_Canine_Filter_Breed-GermanShphd

2021-07-22 10:57:44 - [TEST_STEP][PASSED] - Start listener action : getTestScriptName: null

2021-07-22 10:57:44 - [TEST_STEP][PASSED] - TestCaseId = testCaseContext.getTestCaseId(): null

2021-07-22 10:57:44 - [TEST_STEP][PASSED] - out.println("**********this is the value of test case id string******** " + testCaseContext.getTestCaseId()): null

2021-07-22 10:57:44 - [TEST_STEP][PASSED] - G_currentTCName = TestCaseId.substring(TestCaseId.lastIndexOf("TC")): null

2021-07-22 10:57:44 - [TEST_STEP][PASSED] - out.println("This is the test case name : " + G_currentTCName): null

2021-07-22 10:57:45 - [TEST_STEP][PASSED] - closeBrowser(): Browser is closed

2021-07-22 10:57:45 - [MESSAGE][PASSED] - Browser is closed

2021-07-22 10:57:45 - [TEST_STEP][PASSED] - ctdc.utilities.runtestcaseforKatalon.RunKatalon("TC25_Canine_Filter_Breed-GermanShphd.xlsx"): Data loaded from input file for the test case. 

2021-07-22 10:57:45 - [MESSAGE][PASSED] - Test case file loaded This is the full filepath after converting to string :C:\Users\sohilz2\Commons_Automation\InputFiles\TC25_Canine_Filter_Breed-GermanShphd.xlsx

2021-07-22 10:57:45 - [MESSAGE][INFO] - Global variable set for password file is :  C:\Users\sohilz2\Commons_Automation\InputFiles\TC25_Canine_Filter_Breed-GermanShphd.xlsx

2021-07-22 10:57:49 - [MESSAGE][PASSED] - Data loaded from input file for the test case. 

2021-07-22 10:57:55 - [TEST_STEP][PASSED] - click(findTestObject("Canine/NavBar/Canine_Cases_Btn")): Object: 'Object Repository/Canine/NavBar/Canine_Cases_Btn' is clicked on

2021-07-22 10:57:55 - [MESSAGE][PASSED] - Object: 'Object Repository/Canine/NavBar/Canine_Cases_Btn' is clicked on

2021-07-22 10:57:55 - [TEST_STEP][PASSED] - click(findTestObject("Bento/Cases_page/Filter/FilterByCases_Facet")): Object: 'Object Repository/Bento/Cases_page/Filter/FilterByCases_Facet' is clicked on

2021-07-22 10:57:56 - [MESSAGE][PASSED] - Object: 'Object Repository/Bento/Cases_page/Filter/FilterByCases_Facet' is clicked on

2021-07-22 10:57:56 - [TEST_STEP][PASSED] - waitForElementPresent(findTestObject("Object Repository/Canine/Filter/Breed/BREED_Ddn"), 5): Object 'Object Repository/Canine/Filter/Breed/BREED_Ddn' is present

2021-07-22 10:57:56 - [MESSAGE][PASSED] - Object 'Object Repository/Canine/Filter/Breed/BREED_Ddn' is present

2021-07-22 10:57:56 - [TEST_STEP][PASSED] - ctdc.utilities.runtestcaseforKatalon.clickTab("Object Repository/Canine/Filter/Breed/BREED_Ddn"): ctdc.utilities.runtestcaseforKatalon.clickTab is PASSED

2021-07-22 10:57:56 - [MESSAGE][PASSED] - ctdc.utilities.runtestcaseforKatalon.clickTab is PASSED

2021-07-22 10:57:56 - [TEST_STEP][PASSED] - ctdc.utilities.runtestcaseforKatalon.clickTab("Object Repository/Canine/Filter/Breed/GermanShphd_Chkbx"): ctdc.utilities.runtestcaseforKatalon.clickTab is PASSED

2021-07-22 10:57:57 - [MESSAGE][PASSED] - ctdc.utilities.runtestcaseforKatalon.clickTab is PASSED

2021-07-22 10:57:57 - [TEST_STEP][PASSED] - ctdc.utilities.runtestcaseforKatalon.readStatBarCanine("Object Repository/Canine/StatBar/Canine_StatBar-Studies", "Object Repository/Canine/StatBar/Canine_StatBar-Cases", "Object Repository/Canine/StatBar/Canine_StatBar-Samples", "Object Repository/Canine/StatBar/Canine_StatBar-Files", "Object Repository/Canine/StatBar/Canine_StatBar-Aliquots"): ctdc.utilities.runtestcaseforKatalon.readStatBarCanine is PASSED

2021-07-22 10:58:12 - [MESSAGE][PASSED] - ctdc.utilities.runtestcaseforKatalon.readStatBarCanine is PASSED

2021-07-22 10:58:12 - [TEST_STEP][PASSED] - waitForElementPresent(findTestObject("Object Repository/Canine/CanineResults_Cases_Tab"), 5): Object 'Object Repository/Canine/CanineResults_Cases_Tab' is present

2021-07-22 10:58:12 - [MESSAGE][PASSED] - Object 'Object Repository/Canine/CanineResults_Cases_Tab' is present

2021-07-22 10:58:12 - [TEST_STEP][PASSED] - ctdc.utilities.runtestcaseforKatalon.clickTab("Object Repository/Canine/CanineResults_Cases_Tab"): ctdc.utilities.runtestcaseforKatalon.clickTab is PASSED

2021-07-22 10:58:12 - [MESSAGE][PASSED] - ctdc.utilities.runtestcaseforKatalon.clickTab is PASSED

2021-07-22 10:58:12 - [TEST_STEP][PASSED] - ctdc.utilities.runtestcaseforKatalon.multiFunction("ICDC", G_StatBar_Cases, "Object Repository/Canine/Canine_CasesTable", "Object Repository/Canine/Canine_TableHeader", "Object Repository/Canine/Canine_CasesTabNextBtn", G_WebTabnameCases, G_CypherTabnameCases, G_QueryCasesTab): Statbar Arms count matches

2021-07-22 10:58:27 - [MESSAGE][PASSED] - Statbar Files count matches

2021-07-22 10:58:27 - [MESSAGE][PASSED] - Statbar Samples count matches

2021-07-22 10:58:27 - [MESSAGE][PASSED] - Statbar Cases count matches

2021-07-22 10:58:27 - [MESSAGE][PASSED] - Statbar Arms count matches

2021-07-22 10:58:27 - [TEST_STEP][PASSED] - waitForElementPresent(findTestObject("Object Repository/Canine/CanineResults_Samples_Tab"), 5): Object 'Object Repository/Canine/CanineResults_Samples_Tab' is present

2021-07-22 10:58:27 - [MESSAGE][PASSED] - Object 'Object Repository/Canine/CanineResults_Samples_Tab' is present

2021-07-22 10:58:27 - [TEST_STEP][PASSED] - ctdc.utilities.runtestcaseforKatalon.clickTab("Object Repository/Canine/CanineResults_Samples_Tab"): ctdc.utilities.runtestcaseforKatalon.clickTab is PASSED

2021-07-22 10:58:27 - [MESSAGE][PASSED] - ctdc.utilities.runtestcaseforKatalon.clickTab is PASSED

2021-07-22 10:58:27 - [TEST_STEP][PASSED] - ctdc.utilities.runtestcaseforKatalon.multiFunction("ICDC", G_StatBar_Samples, "Object Repository/Canine/Canine_Samples_Table", "Object Repository/Canine/Canine_Samples_TableHdr", "Object Repository/Canine/Canine_SamplesTabNextBtn", G_WebTabnameSamples, G_CypherTabnameSamples, G_QuerySamplesTab): Statbar Arms count matches

2021-07-22 10:58:43 - [MESSAGE][PASSED] - Statbar Files count matches

2021-07-22 10:58:43 - [MESSAGE][PASSED] - Statbar Samples count matches

2021-07-22 10:58:43 - [MESSAGE][PASSED] - Statbar Cases count matches

2021-07-22 10:58:43 - [MESSAGE][PASSED] - Statbar Arms count matches

2021-07-22 10:58:43 - [TEST_STEP][PASSED] - waitForElementPresent(findTestObject("Object Repository/Canine/CanineResults_Files_Tab"), 5): Object 'Object Repository/Canine/CanineResults_Files_Tab' is present

2021-07-22 10:58:43 - [MESSAGE][PASSED] - Object 'Object Repository/Canine/CanineResults_Files_Tab' is present

2021-07-22 10:58:43 - [TEST_STEP][PASSED] - ctdc.utilities.runtestcaseforKatalon.clickTab("Object Repository/Canine/CanineResults_Files_Tab"): ctdc.utilities.runtestcaseforKatalon.clickTab is PASSED

2021-07-22 10:58:44 - [MESSAGE][PASSED] - ctdc.utilities.runtestcaseforKatalon.clickTab is PASSED

2021-07-22 10:58:44 - [TEST_STEP][PASSED] - ctdc.utilities.runtestcaseforKatalon.multiFunction("ICDC", G_StatBar_Files, "Object Repository/Canine/Canine_Files_Table", "Object Repository/Canine/Canine_Files_TableHdr", "Object Repository/Canine/Canine_FilesTabNextBtn", G_WebTabnameFiles, G_CypherTabnameFiles, G_QueryFilesTab): Statbar Arms count matches

2021-07-22 10:59:00 - [MESSAGE][PASSED] - Statbar Files count matches

2021-07-22 10:59:00 - [MESSAGE][PASSED] - Statbar Samples count matches

2021-07-22 10:59:00 - [MESSAGE][PASSED] - Statbar Cases count matches

2021-07-22 10:59:00 - [MESSAGE][PASSED] - Statbar Arms count matches

2021-07-22 10:59:00 - [TEST_STEP][PASSED] - closeBrowser(): Browser is closed

2021-07-22 10:59:00 - [MESSAGE][PASSED] - Browser is closed]]></system-out>
         <system-err><![CDATA[]]></system-err>
      </testcase>
      <testcase name="Test Cases/Canine_TestCases/Breed/TC26_Canine_Filter_Breed-GermanShthrPtr" time="76.556" classname="Test Cases/Canine_TestCases/Breed/TC26_Canine_Filter_Breed-GermanShthrPtr" status="FAILED">
         <failure type="FAILED" message="Test Cases/Canine_TestCases/Breed/TC26_Canine_Filter_Breed-GermanShthrPtr FAILED.
Reason:
com.kms.katalon.core.exception.StepFailedException: Mismatch in Stat Bar Files count
	at com.kms.katalon.core.util.KeywordUtil.markFailed(KeywordUtil.java:19)
	at com.kms.katalon.core.util.KeywordUtil$markFailed$1.call(Unknown Source)
	at ctdc.utilities.runtestcaseforKatalon.validateStatBar(runtestcaseforKatalon.groovy:964)
	at ctdc.utilities.runtestcaseforKatalon.multiFunction(runtestcaseforKatalon.groovy:254)
	at ctdc.utilities.runtestcaseforKatalon.invokeMethod(runtestcaseforKatalon.groovy)
	at com.kms.katalon.core.main.CustomKeywordDelegatingMetaClass.invokeStaticMethod(CustomKeywordDelegatingMetaClass.java:50)
	at TC26_Canine_Filter_Breed-GermanShthrPtr.run(TC26_Canine_Filter_Breed-GermanShthrPtr:64)
	at com.kms.katalon.core.main.ScriptEngine.run(ScriptEngine.java:194)
	at com.kms.katalon.core.main.ScriptEngine.runScriptAsRawText(ScriptEngine.java:119)
	at com.kms.katalon.core.main.TestCaseExecutor.runScript(TestCaseExecutor.java:369)
	at com.kms.katalon.core.main.TestCaseExecutor.doExecute(TestCaseExecutor.java:360)
	at com.kms.katalon.core.main.TestCaseExecutor.processExecutionPhase(TestCaseExecutor.java:339)
	at com.kms.katalon.core.main.TestCaseExecutor.accessMainPhase(TestCaseExecutor.java:331)
	at com.kms.katalon.core.main.TestCaseExecutor.execute(TestCaseExecutor.java:248)
	at com.kms.katalon.core.main.TestSuiteExecutor.accessTestCaseMainPhase(TestSuiteExecutor.java:191)
	at com.kms.katalon.core.main.TestSuiteExecutor.accessTestSuiteMainPhase(TestSuiteExecutor.java:140)
	at com.kms.katalon.core.main.TestSuiteExecutor.execute(TestSuiteExecutor.java:89)
	at com.kms.katalon.core.main.TestCaseMain.startTestSuite(TestCaseMain.java:185)
	at com.kms.katalon.core.main.TestCaseMain$startTestSuite$0.call(Unknown Source)
	at TempTestSuite1626963431420.run(TempTestSuite1626963431420.groovy:39)
"/>
         <system-out><![CDATA[2021-07-22 10:59:00 - [TEST_CASE][FAILED] - Test Cases/Canine_TestCases/Breed/TC26_Canine_Filter_Breed-GermanShthrPtr: Test Cases/Canine_TestCases/Breed/TC26_Canine_Filter_Breed-GermanShthrPtr FAILED.
Reason:
com.kms.katalon.core.exception.StepFailedException: Mismatch in Stat Bar Files count
	at com.kms.katalon.core.util.KeywordUtil.markFailed(KeywordUtil.java:19)
	at com.kms.katalon.core.util.KeywordUtil$markFailed$1.call(Unknown Source)
	at ctdc.utilities.runtestcaseforKatalon.validateStatBar(runtestcaseforKatalon.groovy:964)
	at ctdc.utilities.runtestcaseforKatalon.multiFunction(runtestcaseforKatalon.groovy:254)
	at ctdc.utilities.runtestcaseforKatalon.invokeMethod(runtestcaseforKatalon.groovy)
	at com.kms.katalon.core.main.CustomKeywordDelegatingMetaClass.invokeStaticMethod(CustomKeywordDelegatingMetaClass.java:50)
	at TC26_Canine_Filter_Breed-GermanShthrPtr.run(TC26_Canine_Filter_Breed-GermanShthrPtr:64)
	at com.kms.katalon.core.main.ScriptEngine.run(ScriptEngine.java:194)
	at com.kms.katalon.core.main.ScriptEngine.runScriptAsRawText(ScriptEngine.java:119)
	at com.kms.katalon.core.main.TestCaseExecutor.runScript(TestCaseExecutor.java:369)
	at com.kms.katalon.core.main.TestCaseExecutor.doExecute(TestCaseExecutor.java:360)
	at com.kms.katalon.core.main.TestCaseExecutor.processExecutionPhase(TestCaseExecutor.java:339)
	at com.kms.katalon.core.main.TestCaseExecutor.accessMainPhase(TestCaseExecutor.java:331)
	at com.kms.katalon.core.main.TestCaseExecutor.execute(TestCaseExecutor.java:248)
	at com.kms.katalon.core.main.TestSuiteExecutor.accessTestCaseMainPhase(TestSuiteExecutor.java:191)
	at com.kms.katalon.core.main.TestSuiteExecutor.accessTestSuiteMainPhase(TestSuiteExecutor.java:140)
	at com.kms.katalon.core.main.TestSuiteExecutor.execute(TestSuiteExecutor.java:89)
	at com.kms.katalon.core.main.TestCaseMain.startTestSuite(TestCaseMain.java:185)
	at com.kms.katalon.core.main.TestCaseMain$startTestSuite$0.call(Unknown Source)
	at TempTestSuite1626963431420.run(TempTestSuite1626963431420.groovy:39)


2021-07-22 10:59:00 - [TEST_STEP][PASSED] - Start listener action : getTestScriptName: null

2021-07-22 10:59:00 - [TEST_STEP][PASSED] - TestCaseId = testCaseContext.getTestCaseId(): null

2021-07-22 10:59:00 - [TEST_STEP][PASSED] - out.println("**********this is the value of test case id string******** " + testCaseContext.getTestCaseId()): null

2021-07-22 10:59:00 - [TEST_STEP][PASSED] - G_currentTCName = TestCaseId.substring(TestCaseId.lastIndexOf("TC")): null

2021-07-22 10:59:00 - [TEST_STEP][PASSED] - out.println("This is the test case name : " + G_currentTCName): null

2021-07-22 10:59:01 - [TEST_STEP][PASSED] - closeBrowser(): Browser is closed

2021-07-22 10:59:01 - [MESSAGE][PASSED] - Browser is closed

2021-07-22 10:59:01 - [TEST_STEP][PASSED] - ctdc.utilities.runtestcaseforKatalon.RunKatalon("TC26_Canine_Filter_Breed-GermanShthrPtr.xlsx"): Data loaded from input file for the test case. 

2021-07-22 10:59:01 - [MESSAGE][PASSED] - Test case file loaded This is the full filepath after converting to string :C:\Users\sohilz2\Commons_Automation\InputFiles\TC26_Canine_Filter_Breed-GermanShthrPtr.xlsx

2021-07-22 10:59:01 - [MESSAGE][INFO] - Global variable set for password file is :  C:\Users\sohilz2\Commons_Automation\InputFiles\TC26_Canine_Filter_Breed-GermanShthrPtr.xlsx

2021-07-22 10:59:05 - [MESSAGE][PASSED] - Data loaded from input file for the test case. 

2021-07-22 10:59:11 - [TEST_STEP][PASSED] - click(findTestObject("Canine/NavBar/Canine_Cases_Btn")): Object: 'Object Repository/Canine/NavBar/Canine_Cases_Btn' is clicked on

2021-07-22 10:59:11 - [MESSAGE][PASSED] - Object: 'Object Repository/Canine/NavBar/Canine_Cases_Btn' is clicked on

2021-07-22 10:59:11 - [TEST_STEP][PASSED] - click(findTestObject("Bento/Cases_page/Filter/FilterByCases_Facet")): Object: 'Object Repository/Bento/Cases_page/Filter/FilterByCases_Facet' is clicked on

2021-07-22 10:59:12 - [MESSAGE][PASSED] - Object: 'Object Repository/Bento/Cases_page/Filter/FilterByCases_Facet' is clicked on

2021-07-22 10:59:12 - [TEST_STEP][PASSED] - waitForElementPresent(findTestObject("Object Repository/Canine/Filter/Breed/BREED_Ddn"), 5): Object 'Object Repository/Canine/Filter/Breed/BREED_Ddn' is present

2021-07-22 10:59:12 - [MESSAGE][PASSED] - Object 'Object Repository/Canine/Filter/Breed/BREED_Ddn' is present

2021-07-22 10:59:12 - [TEST_STEP][PASSED] - ctdc.utilities.runtestcaseforKatalon.clickTab("Object Repository/Canine/Filter/Breed/BREED_Ddn"): ctdc.utilities.runtestcaseforKatalon.clickTab is PASSED

2021-07-22 10:59:12 - [MESSAGE][PASSED] - ctdc.utilities.runtestcaseforKatalon.clickTab is PASSED

2021-07-22 10:59:12 - [TEST_STEP][PASSED] - ctdc.utilities.runtestcaseforKatalon.clickTab("Object Repository/Canine/Filter/Breed/GermanShthrPntr_Chkbx"): ctdc.utilities.runtestcaseforKatalon.clickTab is PASSED

2021-07-22 10:59:13 - [MESSAGE][PASSED] - ctdc.utilities.runtestcaseforKatalon.clickTab is PASSED

2021-07-22 10:59:13 - [TEST_STEP][PASSED] - ctdc.utilities.runtestcaseforKatalon.readStatBarCanine("Object Repository/Canine/StatBar/Canine_StatBar-Studies", "Object Repository/Canine/StatBar/Canine_StatBar-Cases", "Object Repository/Canine/StatBar/Canine_StatBar-Samples", "Object Repository/Canine/StatBar/Canine_StatBar-Files", "Object Repository/Canine/StatBar/Canine_StatBar-Aliquots"): ctdc.utilities.runtestcaseforKatalon.readStatBarCanine is PASSED

2021-07-22 10:59:28 - [MESSAGE][PASSED] - ctdc.utilities.runtestcaseforKatalon.readStatBarCanine is PASSED

2021-07-22 10:59:28 - [TEST_STEP][PASSED] - waitForElementPresent(findTestObject("Object Repository/Canine/CanineResults_Cases_Tab"), 5): Object 'Object Repository/Canine/CanineResults_Cases_Tab' is present

2021-07-22 10:59:28 - [MESSAGE][PASSED] - Object 'Object Repository/Canine/CanineResults_Cases_Tab' is present

2021-07-22 10:59:28 - [TEST_STEP][PASSED] - ctdc.utilities.runtestcaseforKatalon.clickTab("Object Repository/Canine/CanineResults_Cases_Tab"): ctdc.utilities.runtestcaseforKatalon.clickTab is PASSED

2021-07-22 10:59:28 - [MESSAGE][PASSED] - ctdc.utilities.runtestcaseforKatalon.clickTab is PASSED

2021-07-22 10:59:28 - [TEST_STEP][FAILED] - ctdc.utilities.runtestcaseforKatalon.multiFunction("ICDC", G_StatBar_Cases, "Object Repository/Canine/Canine_CasesTable", "Object Repository/Canine/Canine_TableHeader", "Object Repository/Canine/Canine_CasesTabNextBtn", G_WebTabnameCases, G_CypherTabnameCases, G_QueryCasesTab): com.kms.katalon.core.exception.StepFailedException: Mismatch in Stat Bar Files count

2021-07-22 10:59:43 - [MESSAGE][FAILED] - Mismatch in Stat Bar Files count

2021-07-22 10:59:43 - [MESSAGE][FAILED] - Mismatch in Stat Bar Samples count

2021-07-22 10:59:43 - [MESSAGE][PASSED] - Statbar Cases count matches

2021-07-22 10:59:43 - [MESSAGE][PASSED] - Statbar Arms count matches

2021-07-22 10:59:43 - [MESSAGE][FAILED] - com.kms.katalon.core.exception.StepFailedException: Mismatch in Stat Bar Files count

2021-07-22 10:59:43 - [TEST_STEP][PASSED] - waitForElementPresent(findTestObject("Object Repository/Canine/CanineResults_Samples_Tab"), 5): Object 'Object Repository/Canine/CanineResults_Samples_Tab' is present

2021-07-22 10:59:43 - [MESSAGE][PASSED] - Object 'Object Repository/Canine/CanineResults_Samples_Tab' is present

2021-07-22 10:59:43 - [TEST_STEP][PASSED] - ctdc.utilities.runtestcaseforKatalon.clickTab("Object Repository/Canine/CanineResults_Samples_Tab"): ctdc.utilities.runtestcaseforKatalon.clickTab is PASSED

2021-07-22 10:59:43 - [MESSAGE][PASSED] - ctdc.utilities.runtestcaseforKatalon.clickTab is PASSED

2021-07-22 10:59:43 - [TEST_STEP][FAILED] - ctdc.utilities.runtestcaseforKatalon.multiFunction("ICDC", G_StatBar_Samples, "Object Repository/Canine/Canine_Samples_Table", "Object Repository/Canine/Canine_Samples_TableHdr", "Object Repository/Canine/Canine_SamplesTabNextBtn", G_WebTabnameSamples, G_CypherTabnameSamples, G_QuerySamplesTab): com.kms.katalon.core.exception.StepFailedException: Mismatch in Stat Bar Files count

2021-07-22 10:59:59 - [MESSAGE][FAILED] - Mismatch in Stat Bar Files count

2021-07-22 10:59:59 - [MESSAGE][FAILED] - Mismatch in Stat Bar Samples count

2021-07-22 10:59:59 - [MESSAGE][PASSED] - Statbar Cases count matches

2021-07-22 10:59:59 - [MESSAGE][PASSED] - Statbar Arms count matches

2021-07-22 10:59:59 - [MESSAGE][FAILED] - com.kms.katalon.core.exception.StepFailedException: Mismatch in Stat Bar Files count

2021-07-22 10:59:59 - [TEST_STEP][PASSED] - waitForElementPresent(findTestObject("Object Repository/Canine/CanineResults_Files_Tab"), 5): Object 'Object Repository/Canine/CanineResults_Files_Tab' is present

2021-07-22 10:59:59 - [MESSAGE][PASSED] - Object 'Object Repository/Canine/CanineResults_Files_Tab' is present

2021-07-22 10:59:59 - [TEST_STEP][PASSED] - ctdc.utilities.runtestcaseforKatalon.clickTab("Object Repository/Canine/CanineResults_Files_Tab"): ctdc.utilities.runtestcaseforKatalon.clickTab is PASSED

2021-07-22 10:59:59 - [MESSAGE][PASSED] - ctdc.utilities.runtestcaseforKatalon.clickTab is PASSED

2021-07-22 10:59:59 - [TEST_STEP][FAILED] - ctdc.utilities.runtestcaseforKatalon.multiFunction("ICDC", G_StatBar_Files, "Object Repository/Canine/Canine_Files_Table", "Object Repository/Canine/Canine_Files_TableHdr", "Object Repository/Canine/Canine_FilesTabNextBtn", G_WebTabnameFiles, G_CypherTabnameFiles, G_QueryFilesTab): com.kms.katalon.core.exception.StepFailedException: Mismatch in Stat Bar Files count

2021-07-22 11:00:16 - [MESSAGE][FAILED] - Mismatch in Stat Bar Files count

2021-07-22 11:00:16 - [MESSAGE][FAILED] - Mismatch in Stat Bar Samples count

2021-07-22 11:00:16 - [MESSAGE][PASSED] - Statbar Cases count matches

2021-07-22 11:00:16 - [MESSAGE][PASSED] - Statbar Arms count matches

2021-07-22 11:00:16 - [MESSAGE][FAILED] - com.kms.katalon.core.exception.StepFailedException: Mismatch in Stat Bar Files count

2021-07-22 11:00:16 - [TEST_STEP][PASSED] - closeBrowser(): Browser is closed

2021-07-22 11:00:17 - [MESSAGE][PASSED] - Browser is closed]]></system-out>
         <system-err><![CDATA[2021-07-22 10:59:00 - [TEST_CASE][FAILED] - Test Cases/Canine_TestCases/Breed/TC26_Canine_Filter_Breed-GermanShthrPtr: Test Cases/Canine_TestCases/Breed/TC26_Canine_Filter_Breed-GermanShthrPtr FAILED.
Reason:
com.kms.katalon.core.exception.StepFailedException: Mismatch in Stat Bar Files count
	at com.kms.katalon.core.util.KeywordUtil.markFailed(KeywordUtil.java:19)
	at com.kms.katalon.core.util.KeywordUtil$markFailed$1.call(Unknown Source)
	at ctdc.utilities.runtestcaseforKatalon.validateStatBar(runtestcaseforKatalon.groovy:964)
	at ctdc.utilities.runtestcaseforKatalon.multiFunction(runtestcaseforKatalon.groovy:254)
	at ctdc.utilities.runtestcaseforKatalon.invokeMethod(runtestcaseforKatalon.groovy)
	at com.kms.katalon.core.main.CustomKeywordDelegatingMetaClass.invokeStaticMethod(CustomKeywordDelegatingMetaClass.java:50)
	at TC26_Canine_Filter_Breed-GermanShthrPtr.run(TC26_Canine_Filter_Breed-GermanShthrPtr:64)
	at com.kms.katalon.core.main.ScriptEngine.run(ScriptEngine.java:194)
	at com.kms.katalon.core.main.ScriptEngine.runScriptAsRawText(ScriptEngine.java:119)
	at com.kms.katalon.core.main.TestCaseExecutor.runScript(TestCaseExecutor.java:369)
	at com.kms.katalon.core.main.TestCaseExecutor.doExecute(TestCaseExecutor.java:360)
	at com.kms.katalon.core.main.TestCaseExecutor.processExecutionPhase(TestCaseExecutor.java:339)
	at com.kms.katalon.core.main.TestCaseExecutor.accessMainPhase(TestCaseExecutor.java:331)
	at com.kms.katalon.core.main.TestCaseExecutor.execute(TestCaseExecutor.java:248)
	at com.kms.katalon.core.main.TestSuiteExecutor.accessTestCaseMainPhase(TestSuiteExecutor.java:191)
	at com.kms.katalon.core.main.TestSuiteExecutor.accessTestSuiteMainPhase(TestSuiteExecutor.java:140)
	at com.kms.katalon.core.main.TestSuiteExecutor.execute(TestSuiteExecutor.java:89)
	at com.kms.katalon.core.main.TestCaseMain.startTestSuite(TestCaseMain.java:185)
	at com.kms.katalon.core.main.TestCaseMain$startTestSuite$0.call(Unknown Source)
	at TempTestSuite1626963431420.run(TempTestSuite1626963431420.groovy:39)]]></system-err>
      </testcase>
      <testcase name="Test Cases/Canine_TestCases/Breed/TC27_Canine_Filter_Breed-Giant" time="73.993" classname="Test Cases/Canine_TestCases/Breed/TC27_Canine_Filter_Breed-Giant" status="PASSED">
         <system-out><![CDATA[2021-07-22 11:00:17 - [TEST_CASE][PASSED] - Test Cases/Canine_TestCases/Breed/TC27_Canine_Filter_Breed-Giant: Test Cases/Canine_TestCases/Breed/TC27_Canine_Filter_Breed-Giant

2021-07-22 11:00:17 - [TEST_STEP][PASSED] - Start listener action : getTestScriptName: null

2021-07-22 11:00:17 - [TEST_STEP][PASSED] - TestCaseId = testCaseContext.getTestCaseId(): null

2021-07-22 11:00:17 - [TEST_STEP][PASSED] - out.println("**********this is the value of test case id string******** " + testCaseContext.getTestCaseId()): null

2021-07-22 11:00:17 - [TEST_STEP][PASSED] - G_currentTCName = TestCaseId.substring(TestCaseId.lastIndexOf("TC")): null

2021-07-22 11:00:17 - [TEST_STEP][PASSED] - out.println("This is the test case name : " + G_currentTCName): null

2021-07-22 11:00:17 - [TEST_STEP][PASSED] - closeBrowser(): Browser is closed

2021-07-22 11:00:17 - [MESSAGE][PASSED] - Browser is closed

2021-07-22 11:00:17 - [TEST_STEP][PASSED] - ctdc.utilities.runtestcaseforKatalon.RunKatalon("TC27_Canine_Filter_Breed-Giant.xlsx"): Data loaded from input file for the test case. 

2021-07-22 11:00:17 - [MESSAGE][PASSED] - Test case file loaded This is the full filepath after converting to string :C:\Users\sohilz2\Commons_Automation\InputFiles\TC27_Canine_Filter_Breed-Giant.xlsx

2021-07-22 11:00:17 - [MESSAGE][INFO] - Global variable set for password file is :  C:\Users\sohilz2\Commons_Automation\InputFiles\TC27_Canine_Filter_Breed-Giant.xlsx

2021-07-22 11:00:21 - [MESSAGE][PASSED] - Data loaded from input file for the test case. 

2021-07-22 11:00:27 - [TEST_STEP][PASSED] - click(findTestObject("Canine/NavBar/Canine_Cases_Btn")): Object: 'Object Repository/Canine/NavBar/Canine_Cases_Btn' is clicked on

2021-07-22 11:00:28 - [MESSAGE][PASSED] - Object: 'Object Repository/Canine/NavBar/Canine_Cases_Btn' is clicked on

2021-07-22 11:00:28 - [TEST_STEP][PASSED] - click(findTestObject("Bento/Cases_page/Filter/FilterByCases_Facet")): Object: 'Object Repository/Bento/Cases_page/Filter/FilterByCases_Facet' is clicked on

2021-07-22 11:00:29 - [MESSAGE][PASSED] - Object: 'Object Repository/Bento/Cases_page/Filter/FilterByCases_Facet' is clicked on

2021-07-22 11:00:29 - [TEST_STEP][PASSED] - waitForElementPresent(findTestObject("Object Repository/Canine/Filter/Breed/BREED_Ddn"), 5): Object 'Object Repository/Canine/Filter/Breed/BREED_Ddn' is present

2021-07-22 11:00:29 - [MESSAGE][PASSED] - Object 'Object Repository/Canine/Filter/Breed/BREED_Ddn' is present

2021-07-22 11:00:29 - [TEST_STEP][PASSED] - ctdc.utilities.runtestcaseforKatalon.clickTab("Object Repository/Canine/Filter/Breed/BREED_Ddn"): ctdc.utilities.runtestcaseforKatalon.clickTab is PASSED

2021-07-22 11:00:29 - [MESSAGE][PASSED] - ctdc.utilities.runtestcaseforKatalon.clickTab is PASSED

2021-07-22 11:00:29 - [TEST_STEP][PASSED] - ctdc.utilities.runtestcaseforKatalon.clickTab("Object Repository/Canine/Filter/Breed/Giant_Chkbx"): ctdc.utilities.runtestcaseforKatalon.clickTab is PASSED

2021-07-22 11:00:29 - [MESSAGE][PASSED] - ctdc.utilities.runtestcaseforKatalon.clickTab is PASSED

2021-07-22 11:00:29 - [TEST_STEP][PASSED] - ctdc.utilities.runtestcaseforKatalon.readStatBarCanine("Object Repository/Canine/StatBar/Canine_StatBar-Studies", "Object Repository/Canine/StatBar/Canine_StatBar-Cases", "Object Repository/Canine/StatBar/Canine_StatBar-Samples", "Object Repository/Canine/StatBar/Canine_StatBar-Files", "Object Repository/Canine/StatBar/Canine_StatBar-Aliquots"): ctdc.utilities.runtestcaseforKatalon.readStatBarCanine is PASSED

2021-07-22 11:00:45 - [MESSAGE][PASSED] - ctdc.utilities.runtestcaseforKatalon.readStatBarCanine is PASSED

2021-07-22 11:00:45 - [TEST_STEP][PASSED] - waitForElementPresent(findTestObject("Object Repository/Canine/CanineResults_Cases_Tab"), 5): Object 'Object Repository/Canine/CanineResults_Cases_Tab' is present

2021-07-22 11:00:45 - [MESSAGE][PASSED] - Object 'Object Repository/Canine/CanineResults_Cases_Tab' is present

2021-07-22 11:00:45 - [TEST_STEP][PASSED] - ctdc.utilities.runtestcaseforKatalon.clickTab("Object Repository/Canine/CanineResults_Cases_Tab"): ctdc.utilities.runtestcaseforKatalon.clickTab is PASSED

2021-07-22 11:00:45 - [MESSAGE][PASSED] - ctdc.utilities.runtestcaseforKatalon.clickTab is PASSED

2021-07-22 11:00:45 - [TEST_STEP][PASSED] - ctdc.utilities.runtestcaseforKatalon.multiFunction("ICDC", G_StatBar_Cases, "Object Repository/Canine/Canine_CasesTable", "Object Repository/Canine/Canine_TableHeader", "Object Repository/Canine/Canine_CasesTabNextBtn", G_WebTabnameCases, G_CypherTabnameCases, G_QueryCasesTab): Statbar Arms count matches

2021-07-22 11:00:59 - [MESSAGE][PASSED] - Statbar Files count matches

2021-07-22 11:00:59 - [MESSAGE][PASSED] - Statbar Samples count matches

2021-07-22 11:00:59 - [MESSAGE][PASSED] - Statbar Cases count matches

2021-07-22 11:00:59 - [MESSAGE][PASSED] - Statbar Arms count matches

2021-07-22 11:00:59 - [TEST_STEP][PASSED] - waitForElementPresent(findTestObject("Object Repository/Canine/CanineResults_Samples_Tab"), 5): Object 'Object Repository/Canine/CanineResults_Samples_Tab' is present

2021-07-22 11:00:59 - [MESSAGE][PASSED] - Object 'Object Repository/Canine/CanineResults_Samples_Tab' is present

2021-07-22 11:00:59 - [TEST_STEP][PASSED] - ctdc.utilities.runtestcaseforKatalon.clickTab("Object Repository/Canine/CanineResults_Samples_Tab"): ctdc.utilities.runtestcaseforKatalon.clickTab is PASSED

2021-07-22 11:00:59 - [MESSAGE][PASSED] - ctdc.utilities.runtestcaseforKatalon.clickTab is PASSED

2021-07-22 11:00:59 - [TEST_STEP][PASSED] - ctdc.utilities.runtestcaseforKatalon.multiFunction("ICDC", G_StatBar_Samples, "Object Repository/Canine/Canine_Samples_Table", "Object Repository/Canine/Canine_Samples_TableHdr", "Object Repository/Canine/Canine_SamplesTabNextBtn", G_WebTabnameSamples, G_CypherTabnameSamples, G_QuerySamplesTab): Statbar Arms count matches

2021-07-22 11:01:15 - [MESSAGE][PASSED] - Statbar Files count matches

2021-07-22 11:01:15 - [MESSAGE][PASSED] - Statbar Samples count matches

2021-07-22 11:01:15 - [MESSAGE][PASSED] - Statbar Cases count matches

2021-07-22 11:01:15 - [MESSAGE][PASSED] - Statbar Arms count matches

2021-07-22 11:01:15 - [TEST_STEP][PASSED] - waitForElementPresent(findTestObject("Object Repository/Canine/CanineResults_Files_Tab"), 5): Object 'Object Repository/Canine/CanineResults_Files_Tab' is present

2021-07-22 11:01:15 - [MESSAGE][PASSED] - Object 'Object Repository/Canine/CanineResults_Files_Tab' is present

2021-07-22 11:01:15 - [TEST_STEP][PASSED] - ctdc.utilities.runtestcaseforKatalon.clickTab("Object Repository/Canine/CanineResults_Files_Tab"): ctdc.utilities.runtestcaseforKatalon.clickTab is PASSED

2021-07-22 11:01:15 - [MESSAGE][PASSED] - ctdc.utilities.runtestcaseforKatalon.clickTab is PASSED

2021-07-22 11:01:15 - [TEST_STEP][PASSED] - ctdc.utilities.runtestcaseforKatalon.multiFunction("ICDC", G_StatBar_Files, "Object Repository/Canine/Canine_Files_Table", "Object Repository/Canine/Canine_Files_TableHdr", "Object Repository/Canine/Canine_FilesTabNextBtn", G_WebTabnameFiles, G_CypherTabnameFiles, G_QueryFilesTab): Statbar Arms count matches

2021-07-22 11:01:30 - [MESSAGE][PASSED] - Statbar Files count matches

2021-07-22 11:01:30 - [MESSAGE][PASSED] - Statbar Samples count matches

2021-07-22 11:01:30 - [MESSAGE][PASSED] - Statbar Cases count matches

2021-07-22 11:01:30 - [MESSAGE][PASSED] - Statbar Arms count matches

2021-07-22 11:01:30 - [TEST_STEP][PASSED] - closeBrowser(): Browser is closed

2021-07-22 11:01:31 - [MESSAGE][PASSED] - Browser is closed]]></system-out>
         <system-err><![CDATA[]]></system-err>
      </testcase>
      <testcase name="Test Cases/Canine_TestCases/Breed/TC28_Canine_Filter_Breed-GoldenRtrv" time="83.614" classname="Test Cases/Canine_TestCases/Breed/TC28_Canine_Filter_Breed-GoldenRtrv" status="FAILED">
         <failure type="FAILED" message="Test Cases/Canine_TestCases/Breed/TC28_Canine_Filter_Breed-GoldenRtrv FAILED.
Reason:
com.kms.katalon.core.exception.StepFailedException: Mismatch in Stat Bar Samples count
	at com.kms.katalon.core.util.KeywordUtil.markFailed(KeywordUtil.java:19)
	at com.kms.katalon.core.util.KeywordUtil$markFailed$1.call(Unknown Source)
	at ctdc.utilities.runtestcaseforKatalon.validateStatBar(runtestcaseforKatalon.groovy:965)
	at ctdc.utilities.runtestcaseforKatalon.multiFunction(runtestcaseforKatalon.groovy:254)
	at ctdc.utilities.runtestcaseforKatalon.invokeMethod(runtestcaseforKatalon.groovy)
	at com.kms.katalon.core.main.CustomKeywordDelegatingMetaClass.invokeStaticMethod(CustomKeywordDelegatingMetaClass.java:50)
	at TC28_Canine_Filter_Breed-GoldenRtrv.run(TC28_Canine_Filter_Breed-GoldenRtrv:70)
	at com.kms.katalon.core.main.ScriptEngine.run(ScriptEngine.java:194)
	at com.kms.katalon.core.main.ScriptEngine.runScriptAsRawText(ScriptEngine.java:119)
	at com.kms.katalon.core.main.TestCaseExecutor.runScript(TestCaseExecutor.java:369)
	at com.kms.katalon.core.main.TestCaseExecutor.doExecute(TestCaseExecutor.java:360)
	at com.kms.katalon.core.main.TestCaseExecutor.processExecutionPhase(TestCaseExecutor.java:339)
	at com.kms.katalon.core.main.TestCaseExecutor.accessMainPhase(TestCaseExecutor.java:331)
	at com.kms.katalon.core.main.TestCaseExecutor.execute(TestCaseExecutor.java:248)
	at com.kms.katalon.core.main.TestSuiteExecutor.accessTestCaseMainPhase(TestSuiteExecutor.java:191)
	at com.kms.katalon.core.main.TestSuiteExecutor.accessTestSuiteMainPhase(TestSuiteExecutor.java:140)
	at com.kms.katalon.core.main.TestSuiteExecutor.execute(TestSuiteExecutor.java:89)
	at com.kms.katalon.core.main.TestCaseMain.startTestSuite(TestCaseMain.java:185)
	at com.kms.katalon.core.main.TestCaseMain$startTestSuite$0.call(Unknown Source)
	at TempTestSuite1626963431420.run(TempTestSuite1626963431420.groovy:39)
"/>
         <system-out><![CDATA[2021-07-22 11:01:31 - [TEST_CASE][FAILED] - Test Cases/Canine_TestCases/Breed/TC28_Canine_Filter_Breed-GoldenRtrv: Test Cases/Canine_TestCases/Breed/TC28_Canine_Filter_Breed-GoldenRtrv FAILED.
Reason:
com.kms.katalon.core.exception.StepFailedException: Mismatch in Stat Bar Samples count
	at com.kms.katalon.core.util.KeywordUtil.markFailed(KeywordUtil.java:19)
	at com.kms.katalon.core.util.KeywordUtil$markFailed$1.call(Unknown Source)
	at ctdc.utilities.runtestcaseforKatalon.validateStatBar(runtestcaseforKatalon.groovy:965)
	at ctdc.utilities.runtestcaseforKatalon.multiFunction(runtestcaseforKatalon.groovy:254)
	at ctdc.utilities.runtestcaseforKatalon.invokeMethod(runtestcaseforKatalon.groovy)
	at com.kms.katalon.core.main.CustomKeywordDelegatingMetaClass.invokeStaticMethod(CustomKeywordDelegatingMetaClass.java:50)
	at TC28_Canine_Filter_Breed-GoldenRtrv.run(TC28_Canine_Filter_Breed-GoldenRtrv:70)
	at com.kms.katalon.core.main.ScriptEngine.run(ScriptEngine.java:194)
	at com.kms.katalon.core.main.ScriptEngine.runScriptAsRawText(ScriptEngine.java:119)
	at com.kms.katalon.core.main.TestCaseExecutor.runScript(TestCaseExecutor.java:369)
	at com.kms.katalon.core.main.TestCaseExecutor.doExecute(TestCaseExecutor.java:360)
	at com.kms.katalon.core.main.TestCaseExecutor.processExecutionPhase(TestCaseExecutor.java:339)
	at com.kms.katalon.core.main.TestCaseExecutor.accessMainPhase(TestCaseExecutor.java:331)
	at com.kms.katalon.core.main.TestCaseExecutor.execute(TestCaseExecutor.java:248)
	at com.kms.katalon.core.main.TestSuiteExecutor.accessTestCaseMainPhase(TestSuiteExecutor.java:191)
	at com.kms.katalon.core.main.TestSuiteExecutor.accessTestSuiteMainPhase(TestSuiteExecutor.java:140)
	at com.kms.katalon.core.main.TestSuiteExecutor.execute(TestSuiteExecutor.java:89)
	at com.kms.katalon.core.main.TestCaseMain.startTestSuite(TestCaseMain.java:185)
	at com.kms.katalon.core.main.TestCaseMain$startTestSuite$0.call(Unknown Source)
	at TempTestSuite1626963431420.run(TempTestSuite1626963431420.groovy:39)


2021-07-22 11:01:31 - [TEST_STEP][PASSED] - Start listener action : getTestScriptName: null

2021-07-22 11:01:31 - [TEST_STEP][PASSED] - TestCaseId = testCaseContext.getTestCaseId(): null

2021-07-22 11:01:31 - [TEST_STEP][PASSED] - out.println("**********this is the value of test case id string******** " + testCaseContext.getTestCaseId()): null

2021-07-22 11:01:31 - [TEST_STEP][PASSED] - G_currentTCName = TestCaseId.substring(TestCaseId.lastIndexOf("TC")): null

2021-07-22 11:01:31 - [TEST_STEP][PASSED] - out.println("This is the test case name : " + G_currentTCName): null

2021-07-22 11:01:31 - [TEST_STEP][PASSED] - closeBrowser(): Browser is closed

2021-07-22 11:01:31 - [MESSAGE][PASSED] - Browser is closed

2021-07-22 11:01:31 - [TEST_STEP][PASSED] - ctdc.utilities.runtestcaseforKatalon.RunKatalon("TC28_Canine_Filter_Breed-GoldenRtrv.xlsx"): Data loaded from input file for the test case. 

2021-07-22 11:01:31 - [MESSAGE][PASSED] - Test case file loaded This is the full filepath after converting to string :C:\Users\sohilz2\Commons_Automation\InputFiles\TC28_Canine_Filter_Breed-GoldenRtrv.xlsx

2021-07-22 11:01:31 - [MESSAGE][INFO] - Global variable set for password file is :  C:\Users\sohilz2\Commons_Automation\InputFiles\TC28_Canine_Filter_Breed-GoldenRtrv.xlsx

2021-07-22 11:01:35 - [MESSAGE][PASSED] - Data loaded from input file for the test case. 

2021-07-22 11:01:42 - [TEST_STEP][PASSED] - waitForElementPresent(findTestObject("Canine/NavBar/Canine_Cases_Btn"), 5): Object 'Object Repository/Canine/NavBar/Canine_Cases_Btn' is present

2021-07-22 11:01:42 - [MESSAGE][PASSED] - Object 'Object Repository/Canine/NavBar/Canine_Cases_Btn' is present

2021-07-22 11:01:42 - [TEST_STEP][PASSED] - ctdc.utilities.runtestcaseforKatalon.clickTab("Canine/NavBar/Canine_Cases_Btn"): ctdc.utilities.runtestcaseforKatalon.clickTab is PASSED

2021-07-22 11:01:42 - [MESSAGE][PASSED] - ctdc.utilities.runtestcaseforKatalon.clickTab is PASSED

2021-07-22 11:01:42 - [TEST_STEP][PASSED] - waitForElementPresent(findTestObject("Bento/Cases_page/Filter/FilterByCases_Facet"), 5): Object 'Object Repository/Bento/Cases_page/Filter/FilterByCases_Facet' is present

2021-07-22 11:01:43 - [MESSAGE][PASSED] - Object 'Object Repository/Bento/Cases_page/Filter/FilterByCases_Facet' is present

2021-07-22 11:01:43 - [TEST_STEP][PASSED] - ctdc.utilities.runtestcaseforKatalon.clickTab("Bento/Cases_page/Filter/FilterByCases_Facet"): ctdc.utilities.runtestcaseforKatalon.clickTab is PASSED

2021-07-22 11:01:43 - [MESSAGE][PASSED] - ctdc.utilities.runtestcaseforKatalon.clickTab is PASSED

2021-07-22 11:01:43 - [TEST_STEP][PASSED] - waitForElementPresent(findTestObject("Object Repository/Canine/Filter/Breed/BREED_Ddn"), 5): Object 'Object Repository/Canine/Filter/Breed/BREED_Ddn' is present

2021-07-22 11:01:43 - [MESSAGE][PASSED] - Object 'Object Repository/Canine/Filter/Breed/BREED_Ddn' is present

2021-07-22 11:01:43 - [TEST_STEP][PASSED] - ctdc.utilities.runtestcaseforKatalon.clickTab("Object Repository/Canine/Filter/Breed/BREED_Ddn"): ctdc.utilities.runtestcaseforKatalon.clickTab is PASSED

2021-07-22 11:01:43 - [MESSAGE][PASSED] - ctdc.utilities.runtestcaseforKatalon.clickTab is PASSED

2021-07-22 11:01:43 - [TEST_STEP][PASSED] - ctdc.utilities.runtestcaseforKatalon.clickTab("Object Repository/Canine/Filter/Breed/GoldenRetr_Chkbx"): ctdc.utilities.runtestcaseforKatalon.clickTab is PASSED

2021-07-22 11:01:44 - [MESSAGE][PASSED] - ctdc.utilities.runtestcaseforKatalon.clickTab is PASSED

2021-07-22 11:01:44 - [TEST_STEP][PASSED] - ctdc.utilities.runtestcaseforKatalon.readStatBarCanine("Object Repository/Canine/StatBar/Canine_StatBar-Studies", "Object Repository/Canine/StatBar/Canine_StatBar-Cases", "Object Repository/Canine/StatBar/Canine_StatBar-Samples", "Object Repository/Canine/StatBar/Canine_StatBar-Files", "Object Repository/Canine/StatBar/Canine_StatBar-Aliquots"): ctdc.utilities.runtestcaseforKatalon.readStatBarCanine is PASSED

2021-07-22 11:01:59 - [MESSAGE][PASSED] - ctdc.utilities.runtestcaseforKatalon.readStatBarCanine is PASSED

2021-07-22 11:01:59 - [TEST_STEP][PASSED] - waitForElementPresent(findTestObject("Object Repository/Canine/CanineResults_Cases_Tab"), 5): Object 'Object Repository/Canine/CanineResults_Cases_Tab' is present

2021-07-22 11:02:00 - [MESSAGE][PASSED] - Object 'Object Repository/Canine/CanineResults_Cases_Tab' is present

2021-07-22 11:02:00 - [TEST_STEP][PASSED] - ctdc.utilities.runtestcaseforKatalon.clickTab("Object Repository/Canine/CanineResults_Cases_Tab"): ctdc.utilities.runtestcaseforKatalon.clickTab is PASSED

2021-07-22 11:02:00 - [MESSAGE][PASSED] - ctdc.utilities.runtestcaseforKatalon.clickTab is PASSED

2021-07-22 11:02:00 - [TEST_STEP][FAILED] - ctdc.utilities.runtestcaseforKatalon.multiFunction("ICDC", G_StatBar_Cases, "Object Repository/Canine/Canine_CasesTable", "Object Repository/Canine/Canine_TableHeader", "Object Repository/Canine/Canine_CasesTabNextBtn", G_WebTabnameCases, G_CypherTabnameCases, G_QueryCasesTab): com.kms.katalon.core.exception.StepFailedException: Mismatch in Stat Bar Samples count

2021-07-22 11:02:54 - [MESSAGE][PASSED] - Statbar Files count matches

2021-07-22 11:02:54 - [MESSAGE][FAILED] - Mismatch in Stat Bar Samples count

2021-07-22 11:02:54 - [MESSAGE][PASSED] - Statbar Cases count matches

2021-07-22 11:02:54 - [MESSAGE][PASSED] - Statbar Arms count matches

2021-07-22 11:02:54 - [MESSAGE][FAILED] - com.kms.katalon.core.exception.StepFailedException: Mismatch in Stat Bar Samples count

2021-07-22 11:02:54 - [TEST_STEP][PASSED] - closeBrowser(): Browser is closed

2021-07-22 11:02:55 - [MESSAGE][PASSED] - Browser is closed]]></system-out>
         <system-err><![CDATA[2021-07-22 11:01:31 - [TEST_CASE][FAILED] - Test Cases/Canine_TestCases/Breed/TC28_Canine_Filter_Breed-GoldenRtrv: Test Cases/Canine_TestCases/Breed/TC28_Canine_Filter_Breed-GoldenRtrv FAILED.
Reason:
com.kms.katalon.core.exception.StepFailedException: Mismatch in Stat Bar Samples count
	at com.kms.katalon.core.util.KeywordUtil.markFailed(KeywordUtil.java:19)
	at com.kms.katalon.core.util.KeywordUtil$markFailed$1.call(Unknown Source)
	at ctdc.utilities.runtestcaseforKatalon.validateStatBar(runtestcaseforKatalon.groovy:965)
	at ctdc.utilities.runtestcaseforKatalon.multiFunction(runtestcaseforKatalon.groovy:254)
	at ctdc.utilities.runtestcaseforKatalon.invokeMethod(runtestcaseforKatalon.groovy)
	at com.kms.katalon.core.main.CustomKeywordDelegatingMetaClass.invokeStaticMethod(CustomKeywordDelegatingMetaClass.java:50)
	at TC28_Canine_Filter_Breed-GoldenRtrv.run(TC28_Canine_Filter_Breed-GoldenRtrv:70)
	at com.kms.katalon.core.main.ScriptEngine.run(ScriptEngine.java:194)
	at com.kms.katalon.core.main.ScriptEngine.runScriptAsRawText(ScriptEngine.java:119)
	at com.kms.katalon.core.main.TestCaseExecutor.runScript(TestCaseExecutor.java:369)
	at com.kms.katalon.core.main.TestCaseExecutor.doExecute(TestCaseExecutor.java:360)
	at com.kms.katalon.core.main.TestCaseExecutor.processExecutionPhase(TestCaseExecutor.java:339)
	at com.kms.katalon.core.main.TestCaseExecutor.accessMainPhase(TestCaseExecutor.java:331)
	at com.kms.katalon.core.main.TestCaseExecutor.execute(TestCaseExecutor.java:248)
	at com.kms.katalon.core.main.TestSuiteExecutor.accessTestCaseMainPhase(TestSuiteExecutor.java:191)
	at com.kms.katalon.core.main.TestSuiteExecutor.accessTestSuiteMainPhase(TestSuiteExecutor.java:140)
	at com.kms.katalon.core.main.TestSuiteExecutor.execute(TestSuiteExecutor.java:89)
	at com.kms.katalon.core.main.TestCaseMain.startTestSuite(TestCaseMain.java:185)
	at com.kms.katalon.core.main.TestCaseMain$startTestSuite$0.call(Unknown Source)
	at TempTestSuite1626963431420.run(TempTestSuite1626963431420.groovy:39)]]></system-err>
      </testcase>
      <testcase name="Test Cases/Canine_TestCases/Breed/TC29_Canine_Filter_Breed-Gordon" time="75.357" classname="Test Cases/Canine_TestCases/Breed/TC29_Canine_Filter_Breed-Gordon" status="PASSED">
         <system-out><![CDATA[2021-07-22 11:02:55 - [TEST_CASE][PASSED] - Test Cases/Canine_TestCases/Breed/TC29_Canine_Filter_Breed-Gordon: Test Cases/Canine_TestCases/Breed/TC29_Canine_Filter_Breed-Gordon

2021-07-22 11:02:55 - [TEST_STEP][PASSED] - Start listener action : getTestScriptName: null

2021-07-22 11:02:55 - [TEST_STEP][PASSED] - TestCaseId = testCaseContext.getTestCaseId(): null

2021-07-22 11:02:55 - [TEST_STEP][PASSED] - out.println("**********this is the value of test case id string******** " + testCaseContext.getTestCaseId()): null

2021-07-22 11:02:55 - [TEST_STEP][PASSED] - G_currentTCName = TestCaseId.substring(TestCaseId.lastIndexOf("TC")): null

2021-07-22 11:02:55 - [TEST_STEP][PASSED] - out.println("This is the test case name : " + G_currentTCName): null

2021-07-22 11:02:55 - [TEST_STEP][PASSED] - closeBrowser(): Browser is closed

2021-07-22 11:02:55 - [MESSAGE][PASSED] - Browser is closed

2021-07-22 11:02:55 - [TEST_STEP][PASSED] - ctdc.utilities.runtestcaseforKatalon.RunKatalon("TC29_Canine_Filter_Breed-Gordon.xlsx"): Data loaded from input file for the test case. 

2021-07-22 11:02:55 - [MESSAGE][PASSED] - Test case file loaded This is the full filepath after converting to string :C:\Users\sohilz2\Commons_Automation\InputFiles\TC29_Canine_Filter_Breed-Gordon.xlsx

2021-07-22 11:02:55 - [MESSAGE][INFO] - Global variable set for password file is :  C:\Users\sohilz2\Commons_Automation\InputFiles\TC29_Canine_Filter_Breed-Gordon.xlsx

2021-07-22 11:02:59 - [MESSAGE][PASSED] - Data loaded from input file for the test case. 

2021-07-22 11:03:05 - [TEST_STEP][PASSED] - click(findTestObject("Canine/NavBar/Canine_Cases_Btn")): Object: 'Object Repository/Canine/NavBar/Canine_Cases_Btn' is clicked on

2021-07-22 11:03:05 - [MESSAGE][PASSED] - Object: 'Object Repository/Canine/NavBar/Canine_Cases_Btn' is clicked on

2021-07-22 11:03:05 - [TEST_STEP][PASSED] - click(findTestObject("Bento/Cases_page/Filter/FilterByCases_Facet")): Object: 'Object Repository/Bento/Cases_page/Filter/FilterByCases_Facet' is clicked on

2021-07-22 11:03:06 - [MESSAGE][PASSED] - Object: 'Object Repository/Bento/Cases_page/Filter/FilterByCases_Facet' is clicked on

2021-07-22 11:03:06 - [TEST_STEP][PASSED] - waitForElementPresent(findTestObject("Object Repository/Canine/Filter/Breed/BREED_Ddn"), 5): Object 'Object Repository/Canine/Filter/Breed/BREED_Ddn' is present

2021-07-22 11:03:06 - [MESSAGE][PASSED] - Object 'Object Repository/Canine/Filter/Breed/BREED_Ddn' is present

2021-07-22 11:03:06 - [TEST_STEP][PASSED] - ctdc.utilities.runtestcaseforKatalon.clickTab("Object Repository/Canine/Filter/Breed/BREED_Ddn"): ctdc.utilities.runtestcaseforKatalon.clickTab is PASSED

2021-07-22 11:03:07 - [MESSAGE][PASSED] - ctdc.utilities.runtestcaseforKatalon.clickTab is PASSED

2021-07-22 11:03:07 - [TEST_STEP][PASSED] - ctdc.utilities.runtestcaseforKatalon.clickTab("Object Repository/Canine/Filter/Breed/Gordon_Chkbx"): ctdc.utilities.runtestcaseforKatalon.clickTab is PASSED

2021-07-22 11:03:07 - [MESSAGE][PASSED] - ctdc.utilities.runtestcaseforKatalon.clickTab is PASSED

2021-07-22 11:03:07 - [TEST_STEP][PASSED] - ctdc.utilities.runtestcaseforKatalon.readStatBarCanine("Object Repository/Canine/StatBar/Canine_StatBar-Studies", "Object Repository/Canine/StatBar/Canine_StatBar-Cases", "Object Repository/Canine/StatBar/Canine_StatBar-Samples", "Object Repository/Canine/StatBar/Canine_StatBar-Files", "Object Repository/Canine/StatBar/Canine_StatBar-Aliquots"): ctdc.utilities.runtestcaseforKatalon.readStatBarCanine is PASSED

2021-07-22 11:03:23 - [MESSAGE][PASSED] - ctdc.utilities.runtestcaseforKatalon.readStatBarCanine is PASSED

2021-07-22 11:03:23 - [TEST_STEP][PASSED] - waitForElementPresent(findTestObject("Object Repository/Canine/CanineResults_Cases_Tab"), 5): Object 'Object Repository/Canine/CanineResults_Cases_Tab' is present

2021-07-22 11:03:23 - [MESSAGE][PASSED] - Object 'Object Repository/Canine/CanineResults_Cases_Tab' is present

2021-07-22 11:03:23 - [TEST_STEP][PASSED] - ctdc.utilities.runtestcaseforKatalon.clickTab("Object Repository/Canine/CanineResults_Cases_Tab"): ctdc.utilities.runtestcaseforKatalon.clickTab is PASSED

2021-07-22 11:03:23 - [MESSAGE][PASSED] - ctdc.utilities.runtestcaseforKatalon.clickTab is PASSED

2021-07-22 11:03:23 - [TEST_STEP][PASSED] - ctdc.utilities.runtestcaseforKatalon.multiFunction("ICDC", G_StatBar_Cases, "Object Repository/Canine/Canine_CasesTable", "Object Repository/Canine/Canine_TableHeader", "Object Repository/Canine/Canine_CasesTabNextBtn", G_WebTabnameCases, G_CypherTabnameCases, G_QueryCasesTab): Statbar Arms count matches

2021-07-22 11:03:38 - [MESSAGE][PASSED] - Statbar Files count matches

2021-07-22 11:03:38 - [MESSAGE][PASSED] - Statbar Samples count matches

2021-07-22 11:03:38 - [MESSAGE][PASSED] - Statbar Cases count matches

2021-07-22 11:03:38 - [MESSAGE][PASSED] - Statbar Arms count matches

2021-07-22 11:03:38 - [TEST_STEP][PASSED] - waitForElementPresent(findTestObject("Object Repository/Canine/CanineResults_Samples_Tab"), 5): Object 'Object Repository/Canine/CanineResults_Samples_Tab' is present

2021-07-22 11:03:38 - [MESSAGE][PASSED] - Object 'Object Repository/Canine/CanineResults_Samples_Tab' is present

2021-07-22 11:03:38 - [TEST_STEP][PASSED] - ctdc.utilities.runtestcaseforKatalon.clickTab("Object Repository/Canine/CanineResults_Samples_Tab"): ctdc.utilities.runtestcaseforKatalon.clickTab is PASSED

2021-07-22 11:03:38 - [MESSAGE][PASSED] - ctdc.utilities.runtestcaseforKatalon.clickTab is PASSED

2021-07-22 11:03:38 - [TEST_STEP][PASSED] - ctdc.utilities.runtestcaseforKatalon.multiFunction("ICDC", G_StatBar_Samples, "Object Repository/Canine/Canine_Samples_Table", "Object Repository/Canine/Canine_Samples_TableHdr", "Object Repository/Canine/Canine_SamplesTabNextBtn", G_WebTabnameSamples, G_CypherTabnameSamples, G_QuerySamplesTab): Statbar Arms count matches

2021-07-22 11:03:53 - [MESSAGE][PASSED] - Statbar Files count matches

2021-07-22 11:03:53 - [MESSAGE][PASSED] - Statbar Samples count matches

2021-07-22 11:03:53 - [MESSAGE][PASSED] - Statbar Cases count matches

2021-07-22 11:03:53 - [MESSAGE][PASSED] - Statbar Arms count matches

2021-07-22 11:03:53 - [TEST_STEP][PASSED] - waitForElementPresent(findTestObject("Object Repository/Canine/CanineResults_Files_Tab"), 5): Object 'Object Repository/Canine/CanineResults_Files_Tab' is present

2021-07-22 11:03:53 - [MESSAGE][PASSED] - Object 'Object Repository/Canine/CanineResults_Files_Tab' is present

2021-07-22 11:03:53 - [TEST_STEP][PASSED] - ctdc.utilities.runtestcaseforKatalon.clickTab("Object Repository/Canine/CanineResults_Files_Tab"): ctdc.utilities.runtestcaseforKatalon.clickTab is PASSED

2021-07-22 11:03:53 - [MESSAGE][PASSED] - ctdc.utilities.runtestcaseforKatalon.clickTab is PASSED

2021-07-22 11:03:53 - [TEST_STEP][PASSED] - ctdc.utilities.runtestcaseforKatalon.multiFunction("ICDC", G_StatBar_Files, "Object Repository/Canine/Canine_Files_Table", "Object Repository/Canine/Canine_Files_TableHdr", "Object Repository/Canine/Canine_FilesTabNextBtn", G_WebTabnameFiles, G_CypherTabnameFiles, G_QueryFilesTab): Statbar Arms count matches

2021-07-22 11:04:09 - [MESSAGE][PASSED] - Statbar Files count matches

2021-07-22 11:04:09 - [MESSAGE][PASSED] - Statbar Samples count matches

2021-07-22 11:04:09 - [MESSAGE][PASSED] - Statbar Cases count matches

2021-07-22 11:04:09 - [MESSAGE][PASSED] - Statbar Arms count matches

2021-07-22 11:04:09 - [TEST_STEP][PASSED] - closeBrowser(): Browser is closed

2021-07-22 11:04:10 - [MESSAGE][PASSED] - Browser is closed]]></system-out>
         <system-err><![CDATA[]]></system-err>
      </testcase>
      <testcase name="Test Cases/Canine_TestCases/Breed/TC30_Canine_Filter_Breed-Greyhnd" time="111.052" classname="Test Cases/Canine_TestCases/Breed/TC30_Canine_Filter_Breed-Greyhnd" status="FAILED">
         <failure type="FAILED" message="Test Cases/Canine_TestCases/Breed/TC30_Canine_Filter_Breed-Greyhnd FAILED.
Reason:
com.kms.katalon.core.exception.StepFailedException: Mismatch in Stat Bar Samples count
	at com.kms.katalon.core.util.KeywordUtil.markFailed(KeywordUtil.java:19)
	at com.kms.katalon.core.util.KeywordUtil$markFailed$1.call(Unknown Source)
	at ctdc.utilities.runtestcaseforKatalon.validateStatBar(runtestcaseforKatalon.groovy:965)
	at ctdc.utilities.runtestcaseforKatalon.multiFunction(runtestcaseforKatalon.groovy:254)
	at ctdc.utilities.runtestcaseforKatalon.invokeMethod(runtestcaseforKatalon.groovy)
	at com.kms.katalon.core.main.CustomKeywordDelegatingMetaClass.invokeStaticMethod(CustomKeywordDelegatingMetaClass.java:50)
	at TC30_Canine_Filter_Breed-Greyhnd.run(TC30_Canine_Filter_Breed-Greyhnd:65)
	at com.kms.katalon.core.main.ScriptEngine.run(ScriptEngine.java:194)
	at com.kms.katalon.core.main.ScriptEngine.runScriptAsRawText(ScriptEngine.java:119)
	at com.kms.katalon.core.main.TestCaseExecutor.runScript(TestCaseExecutor.java:369)
	at com.kms.katalon.core.main.TestCaseExecutor.doExecute(TestCaseExecutor.java:360)
	at com.kms.katalon.core.main.TestCaseExecutor.processExecutionPhase(TestCaseExecutor.java:339)
	at com.kms.katalon.core.main.TestCaseExecutor.accessMainPhase(TestCaseExecutor.java:331)
	at com.kms.katalon.core.main.TestCaseExecutor.execute(TestCaseExecutor.java:248)
	at com.kms.katalon.core.main.TestSuiteExecutor.accessTestCaseMainPhase(TestSuiteExecutor.java:191)
	at com.kms.katalon.core.main.TestSuiteExecutor.accessTestSuiteMainPhase(TestSuiteExecutor.java:140)
	at com.kms.katalon.core.main.TestSuiteExecutor.execute(TestSuiteExecutor.java:89)
	at com.kms.katalon.core.main.TestCaseMain.startTestSuite(TestCaseMain.java:185)
	at com.kms.katalon.core.main.TestCaseMain$startTestSuite$0.call(Unknown Source)
	at TempTestSuite1626963431420.run(TempTestSuite1626963431420.groovy:39)
"/>
         <system-out><![CDATA[2021-07-22 11:04:10 - [TEST_CASE][FAILED] - Test Cases/Canine_TestCases/Breed/TC30_Canine_Filter_Breed-Greyhnd: Test Cases/Canine_TestCases/Breed/TC30_Canine_Filter_Breed-Greyhnd FAILED.
Reason:
com.kms.katalon.core.exception.StepFailedException: Mismatch in Stat Bar Samples count
	at com.kms.katalon.core.util.KeywordUtil.markFailed(KeywordUtil.java:19)
	at com.kms.katalon.core.util.KeywordUtil$markFailed$1.call(Unknown Source)
	at ctdc.utilities.runtestcaseforKatalon.validateStatBar(runtestcaseforKatalon.groovy:965)
	at ctdc.utilities.runtestcaseforKatalon.multiFunction(runtestcaseforKatalon.groovy:254)
	at ctdc.utilities.runtestcaseforKatalon.invokeMethod(runtestcaseforKatalon.groovy)
	at com.kms.katalon.core.main.CustomKeywordDelegatingMetaClass.invokeStaticMethod(CustomKeywordDelegatingMetaClass.java:50)
	at TC30_Canine_Filter_Breed-Greyhnd.run(TC30_Canine_Filter_Breed-Greyhnd:65)
	at com.kms.katalon.core.main.ScriptEngine.run(ScriptEngine.java:194)
	at com.kms.katalon.core.main.ScriptEngine.runScriptAsRawText(ScriptEngine.java:119)
	at com.kms.katalon.core.main.TestCaseExecutor.runScript(TestCaseExecutor.java:369)
	at com.kms.katalon.core.main.TestCaseExecutor.doExecute(TestCaseExecutor.java:360)
	at com.kms.katalon.core.main.TestCaseExecutor.processExecutionPhase(TestCaseExecutor.java:339)
	at com.kms.katalon.core.main.TestCaseExecutor.accessMainPhase(TestCaseExecutor.java:331)
	at com.kms.katalon.core.main.TestCaseExecutor.execute(TestCaseExecutor.java:248)
	at com.kms.katalon.core.main.TestSuiteExecutor.accessTestCaseMainPhase(TestSuiteExecutor.java:191)
	at com.kms.katalon.core.main.TestSuiteExecutor.accessTestSuiteMainPhase(TestSuiteExecutor.java:140)
	at com.kms.katalon.core.main.TestSuiteExecutor.execute(TestSuiteExecutor.java:89)
	at com.kms.katalon.core.main.TestCaseMain.startTestSuite(TestCaseMain.java:185)
	at com.kms.katalon.core.main.TestCaseMain$startTestSuite$0.call(Unknown Source)
	at TempTestSuite1626963431420.run(TempTestSuite1626963431420.groovy:39)


2021-07-22 11:04:10 - [TEST_STEP][PASSED] - Start listener action : getTestScriptName: null

2021-07-22 11:04:10 - [TEST_STEP][PASSED] - TestCaseId = testCaseContext.getTestCaseId(): null

2021-07-22 11:04:10 - [TEST_STEP][PASSED] - out.println("**********this is the value of test case id string******** " + testCaseContext.getTestCaseId()): null

2021-07-22 11:04:10 - [TEST_STEP][PASSED] - G_currentTCName = TestCaseId.substring(TestCaseId.lastIndexOf("TC")): null

2021-07-22 11:04:10 - [TEST_STEP][PASSED] - out.println("This is the test case name : " + G_currentTCName): null

2021-07-22 11:04:10 - [TEST_STEP][PASSED] - closeBrowser(): Browser is closed

2021-07-22 11:04:10 - [MESSAGE][PASSED] - Browser is closed

2021-07-22 11:04:10 - [TEST_STEP][PASSED] - ctdc.utilities.runtestcaseforKatalon.RunKatalon("TC30_Canine_Filter_Breed-Greyhnd.xlsx"): Data loaded from input file for the test case. 

2021-07-22 11:04:10 - [MESSAGE][PASSED] - Test case file loaded This is the full filepath after converting to string :C:\Users\sohilz2\Commons_Automation\InputFiles\TC30_Canine_Filter_Breed-Greyhnd.xlsx

2021-07-22 11:04:10 - [MESSAGE][INFO] - Global variable set for password file is :  C:\Users\sohilz2\Commons_Automation\InputFiles\TC30_Canine_Filter_Breed-Greyhnd.xlsx

2021-07-22 11:04:14 - [MESSAGE][PASSED] - Data loaded from input file for the test case. 

2021-07-22 11:04:21 - [TEST_STEP][PASSED] - click(findTestObject("Canine/NavBar/Canine_Cases_Btn")): Object: 'Object Repository/Canine/NavBar/Canine_Cases_Btn' is clicked on

2021-07-22 11:04:21 - [MESSAGE][PASSED] - Object: 'Object Repository/Canine/NavBar/Canine_Cases_Btn' is clicked on

2021-07-22 11:04:21 - [TEST_STEP][PASSED] - click(findTestObject("Bento/Cases_page/Filter/FilterByCases_Facet")): Object: 'Object Repository/Bento/Cases_page/Filter/FilterByCases_Facet' is clicked on

2021-07-22 11:04:22 - [MESSAGE][PASSED] - Object: 'Object Repository/Bento/Cases_page/Filter/FilterByCases_Facet' is clicked on

2021-07-22 11:04:22 - [TEST_STEP][PASSED] - waitForElementPresent(findTestObject("Object Repository/Canine/Filter/Breed/BREED_Ddn"), 5): Object 'Object Repository/Canine/Filter/Breed/BREED_Ddn' is present

2021-07-22 11:04:22 - [MESSAGE][PASSED] - Object 'Object Repository/Canine/Filter/Breed/BREED_Ddn' is present

2021-07-22 11:04:22 - [TEST_STEP][PASSED] - ctdc.utilities.runtestcaseforKatalon.clickTab("Object Repository/Canine/Filter/Breed/BREED_Ddn"): ctdc.utilities.runtestcaseforKatalon.clickTab is PASSED

2021-07-22 11:04:22 - [MESSAGE][PASSED] - ctdc.utilities.runtestcaseforKatalon.clickTab is PASSED

2021-07-22 11:04:22 - [TEST_STEP][PASSED] - ctdc.utilities.runtestcaseforKatalon.clickTab("Object Repository/Canine/Filter/Breed/Greyhnd_Chkbx"): ctdc.utilities.runtestcaseforKatalon.clickTab is PASSED

2021-07-22 11:04:22 - [MESSAGE][PASSED] - ctdc.utilities.runtestcaseforKatalon.clickTab is PASSED

2021-07-22 11:04:22 - [TEST_STEP][PASSED] - ctdc.utilities.runtestcaseforKatalon.readStatBarCanine("Object Repository/Canine/StatBar/Canine_StatBar-Studies", "Object Repository/Canine/StatBar/Canine_StatBar-Cases", "Object Repository/Canine/StatBar/Canine_StatBar-Samples", "Object Repository/Canine/StatBar/Canine_StatBar-Files", "Object Repository/Canine/StatBar/Canine_StatBar-Aliquots"): ctdc.utilities.runtestcaseforKatalon.readStatBarCanine is PASSED

2021-07-22 11:04:38 - [MESSAGE][PASSED] - ctdc.utilities.runtestcaseforKatalon.readStatBarCanine is PASSED

2021-07-22 11:04:38 - [TEST_STEP][PASSED] - waitForElementPresent(findTestObject("Object Repository/Canine/CanineResults_Cases_Tab"), 5): Object 'Object Repository/Canine/CanineResults_Cases_Tab' is present

2021-07-22 11:04:38 - [MESSAGE][PASSED] - Object 'Object Repository/Canine/CanineResults_Cases_Tab' is present

2021-07-22 11:04:38 - [TEST_STEP][PASSED] - ctdc.utilities.runtestcaseforKatalon.clickTab("Object Repository/Canine/CanineResults_Cases_Tab"): ctdc.utilities.runtestcaseforKatalon.clickTab is PASSED

2021-07-22 11:04:38 - [MESSAGE][PASSED] - ctdc.utilities.runtestcaseforKatalon.clickTab is PASSED

2021-07-22 11:04:38 - [TEST_STEP][FAILED] - ctdc.utilities.runtestcaseforKatalon.multiFunction("ICDC", G_StatBar_Cases, "Object Repository/Canine/Canine_CasesTable", "Object Repository/Canine/Canine_TableHeader", "Object Repository/Canine/Canine_CasesTabNextBtn", G_WebTabnameCases, G_CypherTabnameCases, G_QueryCasesTab): com.kms.katalon.core.exception.StepFailedException: Mismatch in Stat Bar Samples count

2021-07-22 11:05:04 - [MESSAGE][PASSED] - Statbar Files count matches

2021-07-22 11:05:04 - [MESSAGE][FAILED] - Mismatch in Stat Bar Samples count

2021-07-22 11:05:04 - [MESSAGE][PASSED] - Statbar Cases count matches

2021-07-22 11:05:04 - [MESSAGE][PASSED] - Statbar Arms count matches

2021-07-22 11:05:04 - [MESSAGE][FAILED] - com.kms.katalon.core.exception.StepFailedException: Mismatch in Stat Bar Samples count

2021-07-22 11:05:04 - [TEST_STEP][PASSED] - waitForElementPresent(findTestObject("Object Repository/Canine/CanineResults_Samples_Tab"), 5): Object 'Object Repository/Canine/CanineResults_Samples_Tab' is present

2021-07-22 11:05:04 - [MESSAGE][PASSED] - Object 'Object Repository/Canine/CanineResults_Samples_Tab' is present

2021-07-22 11:05:04 - [TEST_STEP][PASSED] - ctdc.utilities.runtestcaseforKatalon.clickTab("Object Repository/Canine/CanineResults_Samples_Tab"): ctdc.utilities.runtestcaseforKatalon.clickTab is PASSED

2021-07-22 11:05:04 - [MESSAGE][PASSED] - ctdc.utilities.runtestcaseforKatalon.clickTab is PASSED

2021-07-22 11:05:04 - [TEST_STEP][FAILED] - ctdc.utilities.runtestcaseforKatalon.multiFunction("ICDC", G_StatBar_Samples, "Object Repository/Canine/Canine_Samples_Table", "Object Repository/Canine/Canine_Samples_TableHdr", "Object Repository/Canine/Canine_SamplesTabNextBtn", G_WebTabnameSamples, G_CypherTabnameSamples, G_QuerySamplesTab): com.kms.katalon.core.exception.StepFailedException: Mismatch in Stat Bar Samples count

2021-07-22 11:05:43 - [MESSAGE][PASSED] - Statbar Files count matches

2021-07-22 11:05:43 - [MESSAGE][FAILED] - Mismatch in Stat Bar Samples count

2021-07-22 11:05:43 - [MESSAGE][PASSED] - Statbar Cases count matches

2021-07-22 11:05:43 - [MESSAGE][PASSED] - Statbar Arms count matches

2021-07-22 11:05:43 - [MESSAGE][FAILED] - com.kms.katalon.core.exception.StepFailedException: Mismatch in Stat Bar Samples count

2021-07-22 11:05:43 - [TEST_STEP][PASSED] - waitForElementPresent(findTestObject("Object Repository/Canine/CanineResults_Files_Tab"), 5): Object 'Object Repository/Canine/CanineResults_Files_Tab' is present

2021-07-22 11:05:43 - [MESSAGE][PASSED] - Object 'Object Repository/Canine/CanineResults_Files_Tab' is present

2021-07-22 11:05:43 - [TEST_STEP][PASSED] - ctdc.utilities.runtestcaseforKatalon.clickTab("Object Repository/Canine/CanineResults_Files_Tab"): ctdc.utilities.runtestcaseforKatalon.clickTab is PASSED

2021-07-22 11:05:44 - [MESSAGE][PASSED] - ctdc.utilities.runtestcaseforKatalon.clickTab is PASSED

2021-07-22 11:05:44 - [TEST_STEP][FAILED] - ctdc.utilities.runtestcaseforKatalon.multiFunction("ICDC", G_StatBar_Files, "Object Repository/Canine/Canine_Files_Table", "Object Repository/Canine/Canine_Files_TableHdr", "Object Repository/Canine/Canine_FilesTabNextBtn", G_WebTabnameFiles, G_CypherTabnameFiles, G_QueryFilesTab): com.kms.katalon.core.exception.StepFailedException: Mismatch in Stat Bar Samples count

2021-07-22 11:06:00 - [MESSAGE][PASSED] - Statbar Files count matches

2021-07-22 11:06:00 - [MESSAGE][FAILED] - Mismatch in Stat Bar Samples count

2021-07-22 11:06:00 - [MESSAGE][PASSED] - Statbar Cases count matches

2021-07-22 11:06:00 - [MESSAGE][PASSED] - Statbar Arms count matches

2021-07-22 11:06:00 - [MESSAGE][FAILED] - com.kms.katalon.core.exception.StepFailedException: Mismatch in Stat Bar Samples count

2021-07-22 11:06:00 - [TEST_STEP][PASSED] - closeBrowser(): Browser is closed

2021-07-22 11:06:01 - [MESSAGE][PASSED] - Browser is closed]]></system-out>
         <system-err><![CDATA[2021-07-22 11:04:10 - [TEST_CASE][FAILED] - Test Cases/Canine_TestCases/Breed/TC30_Canine_Filter_Breed-Greyhnd: Test Cases/Canine_TestCases/Breed/TC30_Canine_Filter_Breed-Greyhnd FAILED.
Reason:
com.kms.katalon.core.exception.StepFailedException: Mismatch in Stat Bar Samples count
	at com.kms.katalon.core.util.KeywordUtil.markFailed(KeywordUtil.java:19)
	at com.kms.katalon.core.util.KeywordUtil$markFailed$1.call(Unknown Source)
	at ctdc.utilities.runtestcaseforKatalon.validateStatBar(runtestcaseforKatalon.groovy:965)
	at ctdc.utilities.runtestcaseforKatalon.multiFunction(runtestcaseforKatalon.groovy:254)
	at ctdc.utilities.runtestcaseforKatalon.invokeMethod(runtestcaseforKatalon.groovy)
	at com.kms.katalon.core.main.CustomKeywordDelegatingMetaClass.invokeStaticMethod(CustomKeywordDelegatingMetaClass.java:50)
	at TC30_Canine_Filter_Breed-Greyhnd.run(TC30_Canine_Filter_Breed-Greyhnd:65)
	at com.kms.katalon.core.main.ScriptEngine.run(ScriptEngine.java:194)
	at com.kms.katalon.core.main.ScriptEngine.runScriptAsRawText(ScriptEngine.java:119)
	at com.kms.katalon.core.main.TestCaseExecutor.runScript(TestCaseExecutor.java:369)
	at com.kms.katalon.core.main.TestCaseExecutor.doExecute(TestCaseExecutor.java:360)
	at com.kms.katalon.core.main.TestCaseExecutor.processExecutionPhase(TestCaseExecutor.java:339)
	at com.kms.katalon.core.main.TestCaseExecutor.accessMainPhase(TestCaseExecutor.java:331)
	at com.kms.katalon.core.main.TestCaseExecutor.execute(TestCaseExecutor.java:248)
	at com.kms.katalon.core.main.TestSuiteExecutor.accessTestCaseMainPhase(TestSuiteExecutor.java:191)
	at com.kms.katalon.core.main.TestSuiteExecutor.accessTestSuiteMainPhase(TestSuiteExecutor.java:140)
	at com.kms.katalon.core.main.TestSuiteExecutor.execute(TestSuiteExecutor.java:89)
	at com.kms.katalon.core.main.TestCaseMain.startTestSuite(TestCaseMain.java:185)
	at com.kms.katalon.core.main.TestCaseMain$startTestSuite$0.call(Unknown Source)
	at TempTestSuite1626963431420.run(TempTestSuite1626963431420.groovy:39)]]></system-err>
      </testcase>
      <testcase name="Test Cases/Canine_TestCases/Breed/TC31_Canine_Filter_Breed-IrishSettr" time="73.171" classname="Test Cases/Canine_TestCases/Breed/TC31_Canine_Filter_Breed-IrishSettr" status="PASSED">
         <system-out><![CDATA[2021-07-22 11:06:01 - [TEST_CASE][PASSED] - Test Cases/Canine_TestCases/Breed/TC31_Canine_Filter_Breed-IrishSettr: Test Cases/Canine_TestCases/Breed/TC31_Canine_Filter_Breed-IrishSettr

2021-07-22 11:06:01 - [TEST_STEP][PASSED] - Start listener action : getTestScriptName: null

2021-07-22 11:06:01 - [TEST_STEP][PASSED] - TestCaseId = testCaseContext.getTestCaseId(): null

2021-07-22 11:06:01 - [TEST_STEP][PASSED] - out.println("**********this is the value of test case id string******** " + testCaseContext.getTestCaseId()): null

2021-07-22 11:06:01 - [TEST_STEP][PASSED] - G_currentTCName = TestCaseId.substring(TestCaseId.lastIndexOf("TC")): null

2021-07-22 11:06:01 - [TEST_STEP][PASSED] - out.println("This is the test case name : " + G_currentTCName): null

2021-07-22 11:06:02 - [TEST_STEP][PASSED] - closeBrowser(): Browser is closed

2021-07-22 11:06:02 - [MESSAGE][PASSED] - Browser is closed

2021-07-22 11:06:02 - [TEST_STEP][PASSED] - ctdc.utilities.runtestcaseforKatalon.RunKatalon("TC31_Canine_Filter_Breed-IrishSettr.xlsx"): Data loaded from input file for the test case. 

2021-07-22 11:06:02 - [MESSAGE][PASSED] - Test case file loaded This is the full filepath after converting to string :C:\Users\sohilz2\Commons_Automation\InputFiles\TC31_Canine_Filter_Breed-IrishSettr.xlsx

2021-07-22 11:06:02 - [MESSAGE][INFO] - Global variable set for password file is :  C:\Users\sohilz2\Commons_Automation\InputFiles\TC31_Canine_Filter_Breed-IrishSettr.xlsx

2021-07-22 11:06:06 - [MESSAGE][PASSED] - Data loaded from input file for the test case. 

2021-07-22 11:06:12 - [TEST_STEP][PASSED] - click(findTestObject("Canine/NavBar/Canine_Cases_Btn")): Object: 'Object Repository/Canine/NavBar/Canine_Cases_Btn' is clicked on

2021-07-22 11:06:12 - [MESSAGE][PASSED] - Object: 'Object Repository/Canine/NavBar/Canine_Cases_Btn' is clicked on

2021-07-22 11:06:12 - [TEST_STEP][PASSED] - click(findTestObject("Bento/Cases_page/Filter/FilterByCases_Facet")): Object: 'Object Repository/Bento/Cases_page/Filter/FilterByCases_Facet' is clicked on

2021-07-22 11:06:13 - [MESSAGE][PASSED] - Object: 'Object Repository/Bento/Cases_page/Filter/FilterByCases_Facet' is clicked on

2021-07-22 11:06:13 - [TEST_STEP][PASSED] - waitForElementPresent(findTestObject("Object Repository/Canine/Filter/Breed/BREED_Ddn"), 5): Object 'Object Repository/Canine/Filter/Breed/BREED_Ddn' is present

2021-07-22 11:06:13 - [MESSAGE][PASSED] - Object 'Object Repository/Canine/Filter/Breed/BREED_Ddn' is present

2021-07-22 11:06:13 - [TEST_STEP][PASSED] - ctdc.utilities.runtestcaseforKatalon.clickTab("Object Repository/Canine/Filter/Breed/BREED_Ddn"): ctdc.utilities.runtestcaseforKatalon.clickTab is PASSED

2021-07-22 11:06:13 - [MESSAGE][PASSED] - ctdc.utilities.runtestcaseforKatalon.clickTab is PASSED

2021-07-22 11:06:13 - [TEST_STEP][PASSED] - ctdc.utilities.runtestcaseforKatalon.clickTab("Object Repository/Canine/Filter/Breed/IrishSetter_Chkbx"): ctdc.utilities.runtestcaseforKatalon.clickTab is PASSED

2021-07-22 11:06:13 - [MESSAGE][PASSED] - ctdc.utilities.runtestcaseforKatalon.clickTab is PASSED

2021-07-22 11:06:13 - [TEST_STEP][PASSED] - ctdc.utilities.runtestcaseforKatalon.readStatBarCanine("Object Repository/Canine/StatBar/Canine_StatBar-Studies", "Object Repository/Canine/StatBar/Canine_StatBar-Cases", "Object Repository/Canine/StatBar/Canine_StatBar-Samples", "Object Repository/Canine/StatBar/Canine_StatBar-Files", "Object Repository/Canine/StatBar/Canine_StatBar-Aliquots"): ctdc.utilities.runtestcaseforKatalon.readStatBarCanine is PASSED

2021-07-22 11:06:29 - [MESSAGE][PASSED] - ctdc.utilities.runtestcaseforKatalon.readStatBarCanine is PASSED

2021-07-22 11:06:29 - [TEST_STEP][PASSED] - waitForElementPresent(findTestObject("Object Repository/Canine/CanineResults_Cases_Tab"), 5): Object 'Object Repository/Canine/CanineResults_Cases_Tab' is present

2021-07-22 11:06:29 - [MESSAGE][PASSED] - Object 'Object Repository/Canine/CanineResults_Cases_Tab' is present

2021-07-22 11:06:29 - [TEST_STEP][PASSED] - ctdc.utilities.runtestcaseforKatalon.clickTab("Object Repository/Canine/CanineResults_Cases_Tab"): ctdc.utilities.runtestcaseforKatalon.clickTab is PASSED

2021-07-22 11:06:30 - [MESSAGE][PASSED] - ctdc.utilities.runtestcaseforKatalon.clickTab is PASSED

2021-07-22 11:06:30 - [TEST_STEP][PASSED] - ctdc.utilities.runtestcaseforKatalon.multiFunction("ICDC", G_StatBar_Cases, "Object Repository/Canine/Canine_CasesTable", "Object Repository/Canine/Canine_TableHeader", "Object Repository/Canine/Canine_CasesTabNextBtn", G_WebTabnameCases, G_CypherTabnameCases, G_QueryCasesTab): Statbar Arms count matches

2021-07-22 11:06:44 - [MESSAGE][PASSED] - Statbar Files count matches

2021-07-22 11:06:44 - [MESSAGE][PASSED] - Statbar Samples count matches

2021-07-22 11:06:44 - [MESSAGE][PASSED] - Statbar Cases count matches

2021-07-22 11:06:44 - [MESSAGE][PASSED] - Statbar Arms count matches

2021-07-22 11:06:44 - [TEST_STEP][PASSED] - waitForElementPresent(findTestObject("Object Repository/Canine/CanineResults_Samples_Tab"), 5): Object 'Object Repository/Canine/CanineResults_Samples_Tab' is present

2021-07-22 11:06:44 - [MESSAGE][PASSED] - Object 'Object Repository/Canine/CanineResults_Samples_Tab' is present

2021-07-22 11:06:44 - [TEST_STEP][PASSED] - ctdc.utilities.runtestcaseforKatalon.clickTab("Object Repository/Canine/CanineResults_Samples_Tab"): ctdc.utilities.runtestcaseforKatalon.clickTab is PASSED

2021-07-22 11:06:45 - [MESSAGE][PASSED] - ctdc.utilities.runtestcaseforKatalon.clickTab is PASSED

2021-07-22 11:06:45 - [TEST_STEP][PASSED] - ctdc.utilities.runtestcaseforKatalon.multiFunction("ICDC", G_StatBar_Samples, "Object Repository/Canine/Canine_Samples_Table", "Object Repository/Canine/Canine_Samples_TableHdr", "Object Repository/Canine/Canine_SamplesTabNextBtn", G_WebTabnameSamples, G_CypherTabnameSamples, G_QuerySamplesTab): Statbar Arms count matches

2021-07-22 11:06:59 - [MESSAGE][PASSED] - Statbar Files count matches

2021-07-22 11:06:59 - [MESSAGE][PASSED] - Statbar Samples count matches

2021-07-22 11:06:59 - [MESSAGE][PASSED] - Statbar Cases count matches

2021-07-22 11:06:59 - [MESSAGE][PASSED] - Statbar Arms count matches

2021-07-22 11:06:59 - [TEST_STEP][PASSED] - waitForElementPresent(findTestObject("Object Repository/Canine/CanineResults_Files_Tab"), 5): Object 'Object Repository/Canine/CanineResults_Files_Tab' is present

2021-07-22 11:06:59 - [MESSAGE][PASSED] - Object 'Object Repository/Canine/CanineResults_Files_Tab' is present

2021-07-22 11:06:59 - [TEST_STEP][PASSED] - ctdc.utilities.runtestcaseforKatalon.clickTab("Object Repository/Canine/CanineResults_Files_Tab"): ctdc.utilities.runtestcaseforKatalon.clickTab is PASSED

2021-07-22 11:06:59 - [MESSAGE][PASSED] - ctdc.utilities.runtestcaseforKatalon.clickTab is PASSED

2021-07-22 11:06:59 - [TEST_STEP][PASSED] - ctdc.utilities.runtestcaseforKatalon.multiFunction("ICDC", G_StatBar_Files, "Object Repository/Canine/Canine_Files_Table", "Object Repository/Canine/Canine_Files_TableHdr", "Object Repository/Canine/Canine_FilesTabNextBtn", G_WebTabnameFiles, G_CypherTabnameFiles, G_QueryFilesTab): Statbar Arms count matches

2021-07-22 11:07:14 - [MESSAGE][PASSED] - Statbar Files count matches

2021-07-22 11:07:14 - [MESSAGE][PASSED] - Statbar Samples count matches

2021-07-22 11:07:14 - [MESSAGE][PASSED] - Statbar Cases count matches

2021-07-22 11:07:14 - [MESSAGE][PASSED] - Statbar Arms count matches

2021-07-22 11:07:14 - [TEST_STEP][PASSED] - closeBrowser(): Browser is closed

2021-07-22 11:07:14 - [MESSAGE][PASSED] - Browser is closed]]></system-out>
         <system-err><![CDATA[]]></system-err>
      </testcase>
      <testcase name="Test Cases/Canine_TestCases/Breed/TC32_Canine_Filter_Breed-IrishWlfhnd" time="72.517" classname="Test Cases/Canine_TestCases/Breed/TC32_Canine_Filter_Breed-IrishWlfhnd" status="PASSED">
         <system-out><![CDATA[2021-07-22 11:07:14 - [TEST_CASE][PASSED] - Test Cases/Canine_TestCases/Breed/TC32_Canine_Filter_Breed-IrishWlfhnd: Test Cases/Canine_TestCases/Breed/TC32_Canine_Filter_Breed-IrishWlfhnd

2021-07-22 11:07:14 - [TEST_STEP][PASSED] - Start listener action : getTestScriptName: null

2021-07-22 11:07:14 - [TEST_STEP][PASSED] - TestCaseId = testCaseContext.getTestCaseId(): null

2021-07-22 11:07:14 - [TEST_STEP][PASSED] - out.println("**********this is the value of test case id string******** " + testCaseContext.getTestCaseId()): null

2021-07-22 11:07:14 - [TEST_STEP][PASSED] - G_currentTCName = TestCaseId.substring(TestCaseId.lastIndexOf("TC")): null

2021-07-22 11:07:14 - [TEST_STEP][PASSED] - out.println("This is the test case name : " + G_currentTCName): null

2021-07-22 11:07:15 - [TEST_STEP][PASSED] - closeBrowser(): Browser is closed

2021-07-22 11:07:15 - [MESSAGE][PASSED] - Browser is closed

2021-07-22 11:07:15 - [TEST_STEP][PASSED] - ctdc.utilities.runtestcaseforKatalon.RunKatalon("TC32_Canine_Filter_Breed-IrishWlfhnd.xlsx"): Data loaded from input file for the test case. 

2021-07-22 11:07:15 - [MESSAGE][PASSED] - Test case file loaded This is the full filepath after converting to string :C:\Users\sohilz2\Commons_Automation\InputFiles\TC32_Canine_Filter_Breed-IrishWlfhnd.xlsx

2021-07-22 11:07:15 - [MESSAGE][INFO] - Global variable set for password file is :  C:\Users\sohilz2\Commons_Automation\InputFiles\TC32_Canine_Filter_Breed-IrishWlfhnd.xlsx

2021-07-22 11:07:19 - [MESSAGE][PASSED] - Data loaded from input file for the test case. 

2021-07-22 11:07:25 - [TEST_STEP][PASSED] - click(findTestObject("Canine/NavBar/Canine_Cases_Btn")): Object: 'Object Repository/Canine/NavBar/Canine_Cases_Btn' is clicked on

2021-07-22 11:07:25 - [MESSAGE][PASSED] - Object: 'Object Repository/Canine/NavBar/Canine_Cases_Btn' is clicked on

2021-07-22 11:07:25 - [TEST_STEP][PASSED] - click(findTestObject("Bento/Cases_page/Filter/FilterByCases_Facet")): Object: 'Object Repository/Bento/Cases_page/Filter/FilterByCases_Facet' is clicked on

2021-07-22 11:07:26 - [MESSAGE][PASSED] - Object: 'Object Repository/Bento/Cases_page/Filter/FilterByCases_Facet' is clicked on

2021-07-22 11:07:26 - [TEST_STEP][PASSED] - waitForElementPresent(findTestObject("Object Repository/Canine/Filter/Breed/BREED_Ddn"), 5): Object 'Object Repository/Canine/Filter/Breed/BREED_Ddn' is present

2021-07-22 11:07:26 - [MESSAGE][PASSED] - Object 'Object Repository/Canine/Filter/Breed/BREED_Ddn' is present

2021-07-22 11:07:26 - [TEST_STEP][PASSED] - ctdc.utilities.runtestcaseforKatalon.clickTab("Object Repository/Canine/Filter/Breed/BREED_Ddn"): ctdc.utilities.runtestcaseforKatalon.clickTab is PASSED

2021-07-22 11:07:26 - [MESSAGE][PASSED] - ctdc.utilities.runtestcaseforKatalon.clickTab is PASSED

2021-07-22 11:07:26 - [TEST_STEP][PASSED] - ctdc.utilities.runtestcaseforKatalon.clickTab("Object Repository/Canine/Filter/Breed/IrishWolfhnd_Chkbx"): ctdc.utilities.runtestcaseforKatalon.clickTab is PASSED

2021-07-22 11:07:26 - [MESSAGE][PASSED] - ctdc.utilities.runtestcaseforKatalon.clickTab is PASSED

2021-07-22 11:07:26 - [TEST_STEP][PASSED] - ctdc.utilities.runtestcaseforKatalon.readStatBarCanine("Object Repository/Canine/StatBar/Canine_StatBar-Studies", "Object Repository/Canine/StatBar/Canine_StatBar-Cases", "Object Repository/Canine/StatBar/Canine_StatBar-Samples", "Object Repository/Canine/StatBar/Canine_StatBar-Files", "Object Repository/Canine/StatBar/Canine_StatBar-Aliquots"): ctdc.utilities.runtestcaseforKatalon.readStatBarCanine is PASSED

2021-07-22 11:07:42 - [MESSAGE][PASSED] - ctdc.utilities.runtestcaseforKatalon.readStatBarCanine is PASSED

2021-07-22 11:07:42 - [TEST_STEP][PASSED] - waitForElementPresent(findTestObject("Object Repository/Canine/CanineResults_Cases_Tab"), 5): Object 'Object Repository/Canine/CanineResults_Cases_Tab' is present

2021-07-22 11:07:42 - [MESSAGE][PASSED] - Object 'Object Repository/Canine/CanineResults_Cases_Tab' is present

2021-07-22 11:07:42 - [TEST_STEP][PASSED] - ctdc.utilities.runtestcaseforKatalon.clickTab("Object Repository/Canine/CanineResults_Cases_Tab"): ctdc.utilities.runtestcaseforKatalon.clickTab is PASSED

2021-07-22 11:07:42 - [MESSAGE][PASSED] - ctdc.utilities.runtestcaseforKatalon.clickTab is PASSED

2021-07-22 11:07:42 - [TEST_STEP][PASSED] - ctdc.utilities.runtestcaseforKatalon.multiFunction("ICDC", G_StatBar_Cases, "Object Repository/Canine/Canine_CasesTable", "Object Repository/Canine/Canine_TableHeader", "Object Repository/Canine/Canine_CasesTabNextBtn", G_WebTabnameCases, G_CypherTabnameCases, G_QueryCasesTab): Statbar Arms count matches

2021-07-22 11:07:57 - [MESSAGE][PASSED] - Statbar Files count matches

2021-07-22 11:07:57 - [MESSAGE][PASSED] - Statbar Samples count matches

2021-07-22 11:07:57 - [MESSAGE][PASSED] - Statbar Cases count matches

2021-07-22 11:07:57 - [MESSAGE][PASSED] - Statbar Arms count matches

2021-07-22 11:07:57 - [TEST_STEP][PASSED] - waitForElementPresent(findTestObject("Object Repository/Canine/CanineResults_Samples_Tab"), 5): Object 'Object Repository/Canine/CanineResults_Samples_Tab' is present

2021-07-22 11:07:57 - [MESSAGE][PASSED] - Object 'Object Repository/Canine/CanineResults_Samples_Tab' is present

2021-07-22 11:07:57 - [TEST_STEP][PASSED] - ctdc.utilities.runtestcaseforKatalon.clickTab("Object Repository/Canine/CanineResults_Samples_Tab"): ctdc.utilities.runtestcaseforKatalon.clickTab is PASSED

2021-07-22 11:07:57 - [MESSAGE][PASSED] - ctdc.utilities.runtestcaseforKatalon.clickTab is PASSED

2021-07-22 11:07:57 - [TEST_STEP][PASSED] - ctdc.utilities.runtestcaseforKatalon.multiFunction("ICDC", G_StatBar_Samples, "Object Repository/Canine/Canine_Samples_Table", "Object Repository/Canine/Canine_Samples_TableHdr", "Object Repository/Canine/Canine_SamplesTabNextBtn", G_WebTabnameSamples, G_CypherTabnameSamples, G_QuerySamplesTab): Statbar Arms count matches

2021-07-22 11:08:11 - [MESSAGE][PASSED] - Statbar Files count matches

2021-07-22 11:08:11 - [MESSAGE][PASSED] - Statbar Samples count matches

2021-07-22 11:08:11 - [MESSAGE][PASSED] - Statbar Cases count matches

2021-07-22 11:08:11 - [MESSAGE][PASSED] - Statbar Arms count matches

2021-07-22 11:08:11 - [TEST_STEP][PASSED] - waitForElementPresent(findTestObject("Object Repository/Canine/CanineResults_Files_Tab"), 5): Object 'Object Repository/Canine/CanineResults_Files_Tab' is present

2021-07-22 11:08:12 - [MESSAGE][PASSED] - Object 'Object Repository/Canine/CanineResults_Files_Tab' is present

2021-07-22 11:08:12 - [TEST_STEP][PASSED] - ctdc.utilities.runtestcaseforKatalon.clickTab("Object Repository/Canine/CanineResults_Files_Tab"): ctdc.utilities.runtestcaseforKatalon.clickTab is PASSED

2021-07-22 11:08:12 - [MESSAGE][PASSED] - ctdc.utilities.runtestcaseforKatalon.clickTab is PASSED

2021-07-22 11:08:12 - [TEST_STEP][PASSED] - ctdc.utilities.runtestcaseforKatalon.multiFunction("ICDC", G_StatBar_Files, "Object Repository/Canine/Canine_Files_Table", "Object Repository/Canine/Canine_Files_TableHdr", "Object Repository/Canine/Canine_FilesTabNextBtn", G_WebTabnameFiles, G_CypherTabnameFiles, G_QueryFilesTab): Statbar Arms count matches

2021-07-22 11:08:26 - [MESSAGE][PASSED] - Statbar Files count matches

2021-07-22 11:08:26 - [MESSAGE][PASSED] - Statbar Samples count matches

2021-07-22 11:08:26 - [MESSAGE][PASSED] - Statbar Cases count matches

2021-07-22 11:08:26 - [MESSAGE][PASSED] - Statbar Arms count matches

2021-07-22 11:08:26 - [TEST_STEP][PASSED] - closeBrowser(): Browser is closed

2021-07-22 11:08:27 - [MESSAGE][PASSED] - Browser is closed]]></system-out>
         <system-err><![CDATA[]]></system-err>
      </testcase>
      <testcase name="Test Cases/Canine_TestCases/Breed/TC33_Canine_Filter_Breed-Labrador" time="72.829" classname="Test Cases/Canine_TestCases/Breed/TC33_Canine_Filter_Breed-Labrador" status="PASSED">
         <system-out><![CDATA[2021-07-22 11:08:27 - [TEST_CASE][PASSED] - Test Cases/Canine_TestCases/Breed/TC33_Canine_Filter_Breed-Labrador: Test Cases/Canine_TestCases/Breed/TC33_Canine_Filter_Breed-Labrador

2021-07-22 11:08:27 - [TEST_STEP][PASSED] - Start listener action : getTestScriptName: null

2021-07-22 11:08:27 - [TEST_STEP][PASSED] - TestCaseId = testCaseContext.getTestCaseId(): null

2021-07-22 11:08:27 - [TEST_STEP][PASSED] - out.println("**********this is the value of test case id string******** " + testCaseContext.getTestCaseId()): null

2021-07-22 11:08:27 - [TEST_STEP][PASSED] - G_currentTCName = TestCaseId.substring(TestCaseId.lastIndexOf("TC")): null

2021-07-22 11:08:27 - [TEST_STEP][PASSED] - out.println("This is the test case name : " + G_currentTCName): null

2021-07-22 11:08:27 - [TEST_STEP][PASSED] - closeBrowser(): Browser is closed

2021-07-22 11:08:27 - [MESSAGE][PASSED] - Browser is closed

2021-07-22 11:08:27 - [TEST_STEP][PASSED] - ctdc.utilities.runtestcaseforKatalon.RunKatalon("TC33_Canine_Filter_Breed-Labrador.xlsx"): Data loaded from input file for the test case. 

2021-07-22 11:08:27 - [MESSAGE][PASSED] - Test case file loaded This is the full filepath after converting to string :C:\Users\sohilz2\Commons_Automation\InputFiles\TC33_Canine_Filter_Breed-Labrador.xlsx

2021-07-22 11:08:27 - [MESSAGE][INFO] - Global variable set for password file is :  C:\Users\sohilz2\Commons_Automation\InputFiles\TC33_Canine_Filter_Breed-Labrador.xlsx

2021-07-22 11:08:31 - [MESSAGE][PASSED] - Data loaded from input file for the test case. 

2021-07-22 11:08:37 - [TEST_STEP][PASSED] - waitForElementPresent(findTestObject("Canine/NavBar/Canine_Cases_Btn"), 5): Object 'Object Repository/Canine/NavBar/Canine_Cases_Btn' is present

2021-07-22 11:08:37 - [MESSAGE][PASSED] - Object 'Object Repository/Canine/NavBar/Canine_Cases_Btn' is present

2021-07-22 11:08:37 - [TEST_STEP][PASSED] - ctdc.utilities.runtestcaseforKatalon.clickTab("Canine/NavBar/Canine_Cases_Btn"): ctdc.utilities.runtestcaseforKatalon.clickTab is PASSED

2021-07-22 11:08:37 - [MESSAGE][PASSED] - ctdc.utilities.runtestcaseforKatalon.clickTab is PASSED

2021-07-22 11:08:37 - [TEST_STEP][PASSED] - waitForElementPresent(findTestObject("Bento/Cases_page/Filter/FilterByCases_Facet"), 5): Object 'Object Repository/Bento/Cases_page/Filter/FilterByCases_Facet' is present

2021-07-22 11:08:38 - [MESSAGE][PASSED] - Object 'Object Repository/Bento/Cases_page/Filter/FilterByCases_Facet' is present

2021-07-22 11:08:38 - [TEST_STEP][PASSED] - ctdc.utilities.runtestcaseforKatalon.clickTab("Bento/Cases_page/Filter/FilterByCases_Facet"): ctdc.utilities.runtestcaseforKatalon.clickTab is PASSED

2021-07-22 11:08:38 - [MESSAGE][PASSED] - ctdc.utilities.runtestcaseforKatalon.clickTab is PASSED

2021-07-22 11:08:38 - [TEST_STEP][PASSED] - waitForElementPresent(findTestObject("Object Repository/Canine/Filter/Breed/BREED_Ddn"), 5): Object 'Object Repository/Canine/Filter/Breed/BREED_Ddn' is present

2021-07-22 11:08:39 - [MESSAGE][PASSED] - Object 'Object Repository/Canine/Filter/Breed/BREED_Ddn' is present

2021-07-22 11:08:39 - [TEST_STEP][PASSED] - ctdc.utilities.runtestcaseforKatalon.clickTab("Object Repository/Canine/Filter/Breed/BREED_Ddn"): ctdc.utilities.runtestcaseforKatalon.clickTab is PASSED

2021-07-22 11:08:39 - [MESSAGE][PASSED] - ctdc.utilities.runtestcaseforKatalon.clickTab is PASSED

2021-07-22 11:08:39 - [TEST_STEP][PASSED] - ctdc.utilities.runtestcaseforKatalon.clickTab("Object Repository/Canine/Filter/Breed/Labrador_Chkbx"): ctdc.utilities.runtestcaseforKatalon.clickTab is PASSED

2021-07-22 11:08:39 - [MESSAGE][PASSED] - ctdc.utilities.runtestcaseforKatalon.clickTab is PASSED

2021-07-22 11:08:39 - [TEST_STEP][PASSED] - ctdc.utilities.runtestcaseforKatalon.readStatBarCanine("Object Repository/Canine/StatBar/Canine_StatBar-Studies", "Object Repository/Canine/StatBar/Canine_StatBar-Cases", "Object Repository/Canine/StatBar/Canine_StatBar-Samples", "Object Repository/Canine/StatBar/Canine_StatBar-Files", "Object Repository/Canine/StatBar/Canine_StatBar-Aliquots"): ctdc.utilities.runtestcaseforKatalon.readStatBarCanine is PASSED

2021-07-22 11:08:55 - [MESSAGE][PASSED] - ctdc.utilities.runtestcaseforKatalon.readStatBarCanine is PASSED

2021-07-22 11:08:55 - [TEST_STEP][PASSED] - waitForElementPresent(findTestObject("Object Repository/Canine/CanineResults_Cases_Tab"), 5): Object 'Object Repository/Canine/CanineResults_Cases_Tab' is present

2021-07-22 11:08:55 - [MESSAGE][PASSED] - Object 'Object Repository/Canine/CanineResults_Cases_Tab' is present

2021-07-22 11:08:55 - [TEST_STEP][PASSED] - ctdc.utilities.runtestcaseforKatalon.clickTab("Object Repository/Canine/CanineResults_Cases_Tab"): ctdc.utilities.runtestcaseforKatalon.clickTab is PASSED

2021-07-22 11:08:55 - [MESSAGE][PASSED] - ctdc.utilities.runtestcaseforKatalon.clickTab is PASSED

2021-07-22 11:08:55 - [TEST_STEP][PASSED] - ctdc.utilities.runtestcaseforKatalon.multiFunction("ICDC", G_StatBar_Cases, "Object Repository/Canine/Canine_CasesTable", "Object Repository/Canine/Canine_TableHeader", "Object Repository/Canine/Canine_CasesTabNextBtn", G_WebTabnameCases, G_CypherTabnameCases, G_QueryCasesTab): Statbar Arms count matches

2021-07-22 11:09:39 - [MESSAGE][PASSED] - Statbar Files count matches

2021-07-22 11:09:39 - [MESSAGE][PASSED] - Statbar Samples count matches

2021-07-22 11:09:39 - [MESSAGE][PASSED] - Statbar Cases count matches

2021-07-22 11:09:39 - [MESSAGE][PASSED] - Statbar Arms count matches

2021-07-22 11:09:39 - [TEST_STEP][PASSED] - closeBrowser(): Browser is closed

2021-07-22 11:09:40 - [MESSAGE][PASSED] - Browser is closed]]></system-out>
         <system-err><![CDATA[]]></system-err>
      </testcase>
      <testcase name="Test Cases/Canine_TestCases/Breed/TC34_Canine_Filter_Breed-Mastiff" time="80.83" classname="Test Cases/Canine_TestCases/Breed/TC34_Canine_Filter_Breed-Mastiff" status="PASSED">
         <system-out><![CDATA[2021-07-22 11:09:40 - [TEST_CASE][PASSED] - Test Cases/Canine_TestCases/Breed/TC34_Canine_Filter_Breed-Mastiff: Test Cases/Canine_TestCases/Breed/TC34_Canine_Filter_Breed-Mastiff

2021-07-22 11:09:40 - [TEST_STEP][PASSED] - Start listener action : getTestScriptName: null

2021-07-22 11:09:40 - [TEST_STEP][PASSED] - TestCaseId = testCaseContext.getTestCaseId(): null

2021-07-22 11:09:40 - [TEST_STEP][PASSED] - out.println("**********this is the value of test case id string******** " + testCaseContext.getTestCaseId()): null

2021-07-22 11:09:40 - [TEST_STEP][PASSED] - G_currentTCName = TestCaseId.substring(TestCaseId.lastIndexOf("TC")): null

2021-07-22 11:09:40 - [TEST_STEP][PASSED] - out.println("This is the test case name : " + G_currentTCName): null

2021-07-22 11:09:40 - [TEST_STEP][PASSED] - closeBrowser(): Browser is closed

2021-07-22 11:09:40 - [MESSAGE][PASSED] - Browser is closed

2021-07-22 11:09:40 - [TEST_STEP][PASSED] - ctdc.utilities.runtestcaseforKatalon.RunKatalon("TC34_Canine_Filter_Breed-Mastiff.xlsx"): Data loaded from input file for the test case. 

2021-07-22 11:09:40 - [MESSAGE][PASSED] - Test case file loaded This is the full filepath after converting to string :C:\Users\sohilz2\Commons_Automation\InputFiles\TC34_Canine_Filter_Breed-Mastiff.xlsx

2021-07-22 11:09:40 - [MESSAGE][INFO] - Global variable set for password file is :  C:\Users\sohilz2\Commons_Automation\InputFiles\TC34_Canine_Filter_Breed-Mastiff.xlsx

2021-07-22 11:09:44 - [MESSAGE][PASSED] - Data loaded from input file for the test case. 

2021-07-22 11:09:50 - [TEST_STEP][PASSED] - click(findTestObject("Canine/NavBar/Canine_Cases_Btn")): Object: 'Object Repository/Canine/NavBar/Canine_Cases_Btn' is clicked on

2021-07-22 11:09:50 - [MESSAGE][PASSED] - Object: 'Object Repository/Canine/NavBar/Canine_Cases_Btn' is clicked on

2021-07-22 11:09:50 - [TEST_STEP][PASSED] - click(findTestObject("Bento/Cases_page/Filter/FilterByCases_Facet")): Object: 'Object Repository/Bento/Cases_page/Filter/FilterByCases_Facet' is clicked on

2021-07-22 11:09:52 - [MESSAGE][PASSED] - Object: 'Object Repository/Bento/Cases_page/Filter/FilterByCases_Facet' is clicked on

2021-07-22 11:09:52 - [TEST_STEP][PASSED] - waitForElementPresent(findTestObject("Object Repository/Canine/Filter/Breed/BREED_Ddn"), 5): Object 'Object Repository/Canine/Filter/Breed/BREED_Ddn' is present

2021-07-22 11:09:52 - [MESSAGE][PASSED] - Object 'Object Repository/Canine/Filter/Breed/BREED_Ddn' is present

2021-07-22 11:09:52 - [TEST_STEP][PASSED] - ctdc.utilities.runtestcaseforKatalon.clickTab("Object Repository/Canine/Filter/Breed/BREED_Ddn"): ctdc.utilities.runtestcaseforKatalon.clickTab is PASSED

2021-07-22 11:09:52 - [MESSAGE][PASSED] - ctdc.utilities.runtestcaseforKatalon.clickTab is PASSED

2021-07-22 11:09:52 - [TEST_STEP][PASSED] - ctdc.utilities.runtestcaseforKatalon.clickTab("Object Repository/Canine/Filter/Breed/Mastiff_Chkbx"): ctdc.utilities.runtestcaseforKatalon.clickTab is PASSED

2021-07-22 11:09:52 - [MESSAGE][PASSED] - ctdc.utilities.runtestcaseforKatalon.clickTab is PASSED

2021-07-22 11:09:52 - [TEST_STEP][PASSED] - ctdc.utilities.runtestcaseforKatalon.readStatBarCanine("Object Repository/Canine/StatBar/Canine_StatBar-Studies", "Object Repository/Canine/StatBar/Canine_StatBar-Cases", "Object Repository/Canine/StatBar/Canine_StatBar-Samples", "Object Repository/Canine/StatBar/Canine_StatBar-Files", "Object Repository/Canine/StatBar/Canine_StatBar-Aliquots"): ctdc.utilities.runtestcaseforKatalon.readStatBarCanine is PASSED

2021-07-22 11:10:08 - [MESSAGE][PASSED] - ctdc.utilities.runtestcaseforKatalon.readStatBarCanine is PASSED

2021-07-22 11:10:08 - [TEST_STEP][PASSED] - waitForElementPresent(findTestObject("Object Repository/Canine/CanineResults_Cases_Tab"), 5): Object 'Object Repository/Canine/CanineResults_Cases_Tab' is present

2021-07-22 11:10:08 - [MESSAGE][PASSED] - Object 'Object Repository/Canine/CanineResults_Cases_Tab' is present

2021-07-22 11:10:08 - [TEST_STEP][PASSED] - ctdc.utilities.runtestcaseforKatalon.clickTab("Object Repository/Canine/CanineResults_Cases_Tab"): ctdc.utilities.runtestcaseforKatalon.clickTab is PASSED

2021-07-22 11:10:08 - [MESSAGE][PASSED] - ctdc.utilities.runtestcaseforKatalon.clickTab is PASSED

2021-07-22 11:10:08 - [TEST_STEP][PASSED] - ctdc.utilities.runtestcaseforKatalon.multiFunction("ICDC", G_StatBar_Cases, "Object Repository/Canine/Canine_CasesTable", "Object Repository/Canine/Canine_TableHeader", "Object Repository/Canine/Canine_CasesTabNextBtn", G_WebTabnameCases, G_CypherTabnameCases, G_QueryCasesTab): Statbar Arms count matches

2021-07-22 11:10:23 - [MESSAGE][PASSED] - Statbar Files count matches

2021-07-22 11:10:23 - [MESSAGE][PASSED] - Statbar Samples count matches

2021-07-22 11:10:23 - [MESSAGE][PASSED] - Statbar Cases count matches

2021-07-22 11:10:23 - [MESSAGE][PASSED] - Statbar Arms count matches

2021-07-22 11:10:23 - [TEST_STEP][PASSED] - waitForElementPresent(findTestObject("Object Repository/Canine/CanineResults_Samples_Tab"), 5): Object 'Object Repository/Canine/CanineResults_Samples_Tab' is present

2021-07-22 11:10:23 - [MESSAGE][PASSED] - Object 'Object Repository/Canine/CanineResults_Samples_Tab' is present

2021-07-22 11:10:23 - [TEST_STEP][PASSED] - ctdc.utilities.runtestcaseforKatalon.clickTab("Object Repository/Canine/CanineResults_Samples_Tab"): ctdc.utilities.runtestcaseforKatalon.clickTab is PASSED

2021-07-22 11:10:24 - [MESSAGE][PASSED] - ctdc.utilities.runtestcaseforKatalon.clickTab is PASSED

2021-07-22 11:10:24 - [TEST_STEP][PASSED] - ctdc.utilities.runtestcaseforKatalon.multiFunction("ICDC", G_StatBar_Samples, "Object Repository/Canine/Canine_Samples_Table", "Object Repository/Canine/Canine_Samples_TableHdr", "Object Repository/Canine/Canine_SamplesTabNextBtn", G_WebTabnameSamples, G_CypherTabnameSamples, G_QuerySamplesTab): Statbar Arms count matches

2021-07-22 11:10:41 - [MESSAGE][PASSED] - Statbar Files count matches

2021-07-22 11:10:41 - [MESSAGE][PASSED] - Statbar Samples count matches

2021-07-22 11:10:41 - [MESSAGE][PASSED] - Statbar Cases count matches

2021-07-22 11:10:41 - [MESSAGE][PASSED] - Statbar Arms count matches

2021-07-22 11:10:41 - [TEST_STEP][PASSED] - waitForElementPresent(findTestObject("Object Repository/Canine/CanineResults_Files_Tab"), 5): Object 'Object Repository/Canine/CanineResults_Files_Tab' is present

2021-07-22 11:10:41 - [MESSAGE][PASSED] - Object 'Object Repository/Canine/CanineResults_Files_Tab' is present

2021-07-22 11:10:41 - [TEST_STEP][PASSED] - ctdc.utilities.runtestcaseforKatalon.clickTab("Object Repository/Canine/CanineResults_Files_Tab"): ctdc.utilities.runtestcaseforKatalon.clickTab is PASSED

2021-07-22 11:10:41 - [MESSAGE][PASSED] - ctdc.utilities.runtestcaseforKatalon.clickTab is PASSED

2021-07-22 11:10:41 - [TEST_STEP][PASSED] - ctdc.utilities.runtestcaseforKatalon.multiFunction("ICDC", G_StatBar_Files, "Object Repository/Canine/Canine_Files_Table", "Object Repository/Canine/Canine_Files_TableHdr", "Object Repository/Canine/Canine_FilesTabNextBtn", G_WebTabnameFiles, G_CypherTabnameFiles, G_QueryFilesTab): Statbar Arms count matches

2021-07-22 11:11:00 - [MESSAGE][PASSED] - Statbar Files count matches

2021-07-22 11:11:00 - [MESSAGE][PASSED] - Statbar Samples count matches

2021-07-22 11:11:00 - [MESSAGE][PASSED] - Statbar Cases count matches

2021-07-22 11:11:00 - [MESSAGE][PASSED] - Statbar Arms count matches

2021-07-22 11:11:00 - [TEST_STEP][PASSED] - closeBrowser(): Browser is closed

2021-07-22 11:11:00 - [MESSAGE][PASSED] - Browser is closed]]></system-out>
         <system-err><![CDATA[]]></system-err>
      </testcase>
      <testcase name="Test Cases/Canine_TestCases/Breed/TC35_Canine_Filter_Breed-Miniature" time="13.58" classname="Test Cases/Canine_TestCases/Breed/TC35_Canine_Filter_Breed-Miniature" status="ERROR">
         <error type="ERROR" message="Test Cases/Canine_TestCases/Breed/TC35_Canine_Filter_Breed-Miniature FAILED.
Reason:
java.lang.NullPointerException: Cannot invoke method findPropertyValue() on null object
	at com.kms.katalon.core.testobject.TestObject$findPropertyValue.call(Unknown Source)
	at ctdc.utilities.runtestcaseforKatalon.givexpath(runtestcaseforKatalon.groovy:687)
	at ctdc.utilities.runtestcaseforKatalon.clickTab(runtestcaseforKatalon.groovy:1045)
	at ctdc.utilities.runtestcaseforKatalon.invokeMethod(runtestcaseforKatalon.groovy)
	at com.kms.katalon.core.main.CustomKeywordDelegatingMetaClass.invokeStaticMethod(CustomKeywordDelegatingMetaClass.java:50)
	at TC35_Canine_Filter_Breed-Miniature.run(TC35_Canine_Filter_Breed-Miniature:54)
	at com.kms.katalon.core.main.ScriptEngine.run(ScriptEngine.java:194)
	at com.kms.katalon.core.main.ScriptEngine.runScriptAsRawText(ScriptEngine.java:119)
	at com.kms.katalon.core.main.TestCaseExecutor.runScript(TestCaseExecutor.java:369)
	at com.kms.katalon.core.main.TestCaseExecutor.doExecute(TestCaseExecutor.java:360)
	at com.kms.katalon.core.main.TestCaseExecutor.processExecutionPhase(TestCaseExecutor.java:339)
	at com.kms.katalon.core.main.TestCaseExecutor.accessMainPhase(TestCaseExecutor.java:331)
	at com.kms.katalon.core.main.TestCaseExecutor.execute(TestCaseExecutor.java:248)
	at com.kms.katalon.core.main.TestSuiteExecutor.accessTestCaseMainPhase(TestSuiteExecutor.java:191)
	at com.kms.katalon.core.main.TestSuiteExecutor.accessTestSuiteMainPhase(TestSuiteExecutor.java:140)
	at com.kms.katalon.core.main.TestSuiteExecutor.execute(TestSuiteExecutor.java:89)
	at com.kms.katalon.core.main.TestCaseMain.startTestSuite(TestCaseMain.java:185)
	at com.kms.katalon.core.main.TestCaseMain$startTestSuite$0.call(Unknown Source)
	at TempTestSuite1626963431420.run(TempTestSuite1626963431420.groovy:39)
"/>
         <system-out><![CDATA[2021-07-22 11:11:00 - [TEST_CASE][ERROR] - Test Cases/Canine_TestCases/Breed/TC35_Canine_Filter_Breed-Miniature: Test Cases/Canine_TestCases/Breed/TC35_Canine_Filter_Breed-Miniature FAILED.
Reason:
java.lang.NullPointerException: Cannot invoke method findPropertyValue() on null object
	at com.kms.katalon.core.testobject.TestObject$findPropertyValue.call(Unknown Source)
	at ctdc.utilities.runtestcaseforKatalon.givexpath(runtestcaseforKatalon.groovy:687)
	at ctdc.utilities.runtestcaseforKatalon.clickTab(runtestcaseforKatalon.groovy:1045)
	at ctdc.utilities.runtestcaseforKatalon.invokeMethod(runtestcaseforKatalon.groovy)
	at com.kms.katalon.core.main.CustomKeywordDelegatingMetaClass.invokeStaticMethod(CustomKeywordDelegatingMetaClass.java:50)
	at TC35_Canine_Filter_Breed-Miniature.run(TC35_Canine_Filter_Breed-Miniature:54)
	at com.kms.katalon.core.main.ScriptEngine.run(ScriptEngine.java:194)
	at com.kms.katalon.core.main.ScriptEngine.runScriptAsRawText(ScriptEngine.java:119)
	at com.kms.katalon.core.main.TestCaseExecutor.runScript(TestCaseExecutor.java:369)
	at com.kms.katalon.core.main.TestCaseExecutor.doExecute(TestCaseExecutor.java:360)
	at com.kms.katalon.core.main.TestCaseExecutor.processExecutionPhase(TestCaseExecutor.java:339)
	at com.kms.katalon.core.main.TestCaseExecutor.accessMainPhase(TestCaseExecutor.java:331)
	at com.kms.katalon.core.main.TestCaseExecutor.execute(TestCaseExecutor.java:248)
	at com.kms.katalon.core.main.TestSuiteExecutor.accessTestCaseMainPhase(TestSuiteExecutor.java:191)
	at com.kms.katalon.core.main.TestSuiteExecutor.accessTestSuiteMainPhase(TestSuiteExecutor.java:140)
	at com.kms.katalon.core.main.TestSuiteExecutor.execute(TestSuiteExecutor.java:89)
	at com.kms.katalon.core.main.TestCaseMain.startTestSuite(TestCaseMain.java:185)
	at com.kms.katalon.core.main.TestCaseMain$startTestSuite$0.call(Unknown Source)
	at TempTestSuite1626963431420.run(TempTestSuite1626963431420.groovy:39)


2021-07-22 11:11:00 - [TEST_STEP][PASSED] - Start listener action : getTestScriptName: null

2021-07-22 11:11:00 - [TEST_STEP][PASSED] - TestCaseId = testCaseContext.getTestCaseId(): null

2021-07-22 11:11:00 - [TEST_STEP][PASSED] - out.println("**********this is the value of test case id string******** " + testCaseContext.getTestCaseId()): null

2021-07-22 11:11:00 - [TEST_STEP][PASSED] - G_currentTCName = TestCaseId.substring(TestCaseId.lastIndexOf("TC")): null

2021-07-22 11:11:00 - [TEST_STEP][PASSED] - out.println("This is the test case name : " + G_currentTCName): null

2021-07-22 11:11:02 - [TEST_STEP][PASSED] - closeBrowser(): Browser is closed

2021-07-22 11:11:02 - [MESSAGE][PASSED] - Browser is closed

2021-07-22 11:11:02 - [TEST_STEP][PASSED] - ctdc.utilities.runtestcaseforKatalon.RunKatalon("TC35_Canine_Filter_Breed-Miniature.xlsx"): Data loaded from input file for the test case. 

2021-07-22 11:11:02 - [MESSAGE][PASSED] - Test case file loaded This is the full filepath after converting to string :C:\Users\sohilz2\Commons_Automation\InputFiles\TC35_Canine_Filter_Breed-Miniature.xlsx

2021-07-22 11:11:02 - [MESSAGE][INFO] - Global variable set for password file is :  C:\Users\sohilz2\Commons_Automation\InputFiles\TC35_Canine_Filter_Breed-Miniature.xlsx

2021-07-22 11:11:06 - [MESSAGE][PASSED] - Data loaded from input file for the test case. 

2021-07-22 11:11:12 - [TEST_STEP][PASSED] - click(findTestObject("Canine/NavBar/Canine_Cases_Btn")): Object: 'Object Repository/Canine/NavBar/Canine_Cases_Btn' is clicked on

2021-07-22 11:11:12 - [MESSAGE][PASSED] - Object: 'Object Repository/Canine/NavBar/Canine_Cases_Btn' is clicked on

2021-07-22 11:11:12 - [TEST_STEP][PASSED] - click(findTestObject("Bento/Cases_page/Filter/FilterByCases_Facet")): Object: 'Object Repository/Bento/Cases_page/Filter/FilterByCases_Facet' is clicked on

2021-07-22 11:11:13 - [MESSAGE][PASSED] - Object: 'Object Repository/Bento/Cases_page/Filter/FilterByCases_Facet' is clicked on

2021-07-22 11:11:13 - [TEST_STEP][PASSED] - waitForElementPresent(findTestObject("Object Repository/Canine/Filter/Breed/BREED_Ddn"), 5): Object 'Object Repository/Canine/Filter/Breed/BREED_Ddn' is present

2021-07-22 11:11:14 - [MESSAGE][PASSED] - Object 'Object Repository/Canine/Filter/Breed/BREED_Ddn' is present

2021-07-22 11:11:14 - [TEST_STEP][PASSED] - ctdc.utilities.runtestcaseforKatalon.clickTab("Object Repository/Canine/Filter/Breed/BREED_Ddn"): ctdc.utilities.runtestcaseforKatalon.clickTab is PASSED

2021-07-22 11:11:14 - [MESSAGE][PASSED] - ctdc.utilities.runtestcaseforKatalon.clickTab is PASSED

2021-07-22 11:11:14 - [TEST_STEP][ERROR] - ctdc.utilities.runtestcaseforKatalon.clickTab("Object Repository/Canine/Filter/Breed/Miniature_Chkbx"): Cannot invoke method findPropertyValue() on null object

2021-07-22 11:11:14 - [MESSAGE][WARNING] - Test object with id 'Object Repository/Canine/Filter/Breed/Miniature_Chkbx' does not exist

2021-07-22 11:11:14 - [MESSAGE][ERROR] - Cannot invoke method findPropertyValue() on null object]]></system-out>
         <system-err><![CDATA[2021-07-22 11:11:00 - [TEST_CASE][ERROR] - Test Cases/Canine_TestCases/Breed/TC35_Canine_Filter_Breed-Miniature: Test Cases/Canine_TestCases/Breed/TC35_Canine_Filter_Breed-Miniature FAILED.
Reason:
java.lang.NullPointerException: Cannot invoke method findPropertyValue() on null object
	at com.kms.katalon.core.testobject.TestObject$findPropertyValue.call(Unknown Source)
	at ctdc.utilities.runtestcaseforKatalon.givexpath(runtestcaseforKatalon.groovy:687)
	at ctdc.utilities.runtestcaseforKatalon.clickTab(runtestcaseforKatalon.groovy:1045)
	at ctdc.utilities.runtestcaseforKatalon.invokeMethod(runtestcaseforKatalon.groovy)
	at com.kms.katalon.core.main.CustomKeywordDelegatingMetaClass.invokeStaticMethod(CustomKeywordDelegatingMetaClass.java:50)
	at TC35_Canine_Filter_Breed-Miniature.run(TC35_Canine_Filter_Breed-Miniature:54)
	at com.kms.katalon.core.main.ScriptEngine.run(ScriptEngine.java:194)
	at com.kms.katalon.core.main.ScriptEngine.runScriptAsRawText(ScriptEngine.java:119)
	at com.kms.katalon.core.main.TestCaseExecutor.runScript(TestCaseExecutor.java:369)
	at com.kms.katalon.core.main.TestCaseExecutor.doExecute(TestCaseExecutor.java:360)
	at com.kms.katalon.core.main.TestCaseExecutor.processExecutionPhase(TestCaseExecutor.java:339)
	at com.kms.katalon.core.main.TestCaseExecutor.accessMainPhase(TestCaseExecutor.java:331)
	at com.kms.katalon.core.main.TestCaseExecutor.execute(TestCaseExecutor.java:248)
	at com.kms.katalon.core.main.TestSuiteExecutor.accessTestCaseMainPhase(TestSuiteExecutor.java:191)
	at com.kms.katalon.core.main.TestSuiteExecutor.accessTestSuiteMainPhase(TestSuiteExecutor.java:140)
	at com.kms.katalon.core.main.TestSuiteExecutor.execute(TestSuiteExecutor.java:89)
	at com.kms.katalon.core.main.TestCaseMain.startTestSuite(TestCaseMain.java:185)
	at com.kms.katalon.core.main.TestCaseMain$startTestSuite$0.call(Unknown Source)
	at TempTestSuite1626963431420.run(TempTestSuite1626963431420.groovy:39)]]></system-err>
      </testcase>
      <testcase name="Test Cases/Canine_TestCases/Breed/TC36_Canine_Filter_Breed-Mixed" time="546.814" classname="Test Cases/Canine_TestCases/Breed/TC36_Canine_Filter_Breed-Mixed" status="FAILED">
         <failure type="FAILED" message="Test Cases/Canine_TestCases/Breed/TC36_Canine_Filter_Breed-Mixed FAILED.
Reason:
com.kms.katalon.core.exception.StepFailedException: Mismatch in Stat Bar Files count
	at com.kms.katalon.core.util.KeywordUtil.markFailed(KeywordUtil.java:19)
	at com.kms.katalon.core.util.KeywordUtil$markFailed$1.call(Unknown Source)
	at ctdc.utilities.runtestcaseforKatalon.validateStatBar(runtestcaseforKatalon.groovy:964)
	at ctdc.utilities.runtestcaseforKatalon.multiFunction(runtestcaseforKatalon.groovy:254)
	at ctdc.utilities.runtestcaseforKatalon.invokeMethod(runtestcaseforKatalon.groovy)
	at com.kms.katalon.core.main.CustomKeywordDelegatingMetaClass.invokeStaticMethod(CustomKeywordDelegatingMetaClass.java:50)
	at TC36_Canine_Filter_Breed-Mixed.run(TC36_Canine_Filter_Breed-Mixed:63)
	at com.kms.katalon.core.main.ScriptEngine.run(ScriptEngine.java:194)
	at com.kms.katalon.core.main.ScriptEngine.runScriptAsRawText(ScriptEngine.java:119)
	at com.kms.katalon.core.main.TestCaseExecutor.runScript(TestCaseExecutor.java:369)
	at com.kms.katalon.core.main.TestCaseExecutor.doExecute(TestCaseExecutor.java:360)
	at com.kms.katalon.core.main.TestCaseExecutor.processExecutionPhase(TestCaseExecutor.java:339)
	at com.kms.katalon.core.main.TestCaseExecutor.accessMainPhase(TestCaseExecutor.java:331)
	at com.kms.katalon.core.main.TestCaseExecutor.execute(TestCaseExecutor.java:248)
	at com.kms.katalon.core.main.TestSuiteExecutor.accessTestCaseMainPhase(TestSuiteExecutor.java:191)
	at com.kms.katalon.core.main.TestSuiteExecutor.accessTestSuiteMainPhase(TestSuiteExecutor.java:140)
	at com.kms.katalon.core.main.TestSuiteExecutor.execute(TestSuiteExecutor.java:89)
	at com.kms.katalon.core.main.TestCaseMain.startTestSuite(TestCaseMain.java:185)
	at com.kms.katalon.core.main.TestCaseMain$startTestSuite$0.call(Unknown Source)
	at TempTestSuite1626963431420.run(TempTestSuite1626963431420.groovy:39)
"/>
         <system-out><![CDATA[2021-07-22 11:11:14 - [TEST_CASE][FAILED] - Test Cases/Canine_TestCases/Breed/TC36_Canine_Filter_Breed-Mixed: Test Cases/Canine_TestCases/Breed/TC36_Canine_Filter_Breed-Mixed FAILED.
Reason:
com.kms.katalon.core.exception.StepFailedException: Mismatch in Stat Bar Files count
	at com.kms.katalon.core.util.KeywordUtil.markFailed(KeywordUtil.java:19)
	at com.kms.katalon.core.util.KeywordUtil$markFailed$1.call(Unknown Source)
	at ctdc.utilities.runtestcaseforKatalon.validateStatBar(runtestcaseforKatalon.groovy:964)
	at ctdc.utilities.runtestcaseforKatalon.multiFunction(runtestcaseforKatalon.groovy:254)
	at ctdc.utilities.runtestcaseforKatalon.invokeMethod(runtestcaseforKatalon.groovy)
	at com.kms.katalon.core.main.CustomKeywordDelegatingMetaClass.invokeStaticMethod(CustomKeywordDelegatingMetaClass.java:50)
	at TC36_Canine_Filter_Breed-Mixed.run(TC36_Canine_Filter_Breed-Mixed:63)
	at com.kms.katalon.core.main.ScriptEngine.run(ScriptEngine.java:194)
	at com.kms.katalon.core.main.ScriptEngine.runScriptAsRawText(ScriptEngine.java:119)
	at com.kms.katalon.core.main.TestCaseExecutor.runScript(TestCaseExecutor.java:369)
	at com.kms.katalon.core.main.TestCaseExecutor.doExecute(TestCaseExecutor.java:360)
	at com.kms.katalon.core.main.TestCaseExecutor.processExecutionPhase(TestCaseExecutor.java:339)
	at com.kms.katalon.core.main.TestCaseExecutor.accessMainPhase(TestCaseExecutor.java:331)
	at com.kms.katalon.core.main.TestCaseExecutor.execute(TestCaseExecutor.java:248)
	at com.kms.katalon.core.main.TestSuiteExecutor.accessTestCaseMainPhase(TestSuiteExecutor.java:191)
	at com.kms.katalon.core.main.TestSuiteExecutor.accessTestSuiteMainPhase(TestSuiteExecutor.java:140)
	at com.kms.katalon.core.main.TestSuiteExecutor.execute(TestSuiteExecutor.java:89)
	at com.kms.katalon.core.main.TestCaseMain.startTestSuite(TestCaseMain.java:185)
	at com.kms.katalon.core.main.TestCaseMain$startTestSuite$0.call(Unknown Source)
	at TempTestSuite1626963431420.run(TempTestSuite1626963431420.groovy:39)


2021-07-22 11:11:14 - [TEST_STEP][PASSED] - Start listener action : getTestScriptName: null

2021-07-22 11:11:14 - [TEST_STEP][PASSED] - TestCaseId = testCaseContext.getTestCaseId(): null

2021-07-22 11:11:14 - [TEST_STEP][PASSED] - out.println("**********this is the value of test case id string******** " + testCaseContext.getTestCaseId()): null

2021-07-22 11:11:14 - [TEST_STEP][PASSED] - G_currentTCName = TestCaseId.substring(TestCaseId.lastIndexOf("TC")): null

2021-07-22 11:11:14 - [TEST_STEP][PASSED] - out.println("This is the test case name : " + G_currentTCName): null

2021-07-22 11:11:15 - [TEST_STEP][PASSED] - closeBrowser(): Browser is closed

2021-07-22 11:11:16 - [MESSAGE][PASSED] - Browser is closed

2021-07-22 11:11:16 - [TEST_STEP][PASSED] - ctdc.utilities.runtestcaseforKatalon.RunKatalon("TC36_Canine_Filter_Breed-Mixed.xlsx"): Data loaded from input file for the test case. 

2021-07-22 11:11:16 - [MESSAGE][PASSED] - Test case file loaded This is the full filepath after converting to string :C:\Users\sohilz2\Commons_Automation\InputFiles\TC36_Canine_Filter_Breed-Mixed.xlsx

2021-07-22 11:11:16 - [MESSAGE][INFO] - Global variable set for password file is :  C:\Users\sohilz2\Commons_Automation\InputFiles\TC36_Canine_Filter_Breed-Mixed.xlsx

2021-07-22 11:11:20 - [MESSAGE][PASSED] - Data loaded from input file for the test case. 

2021-07-22 11:11:26 - [TEST_STEP][PASSED] - click(findTestObject("Canine/NavBar/Canine_Cases_Btn")): Object: 'Object Repository/Canine/NavBar/Canine_Cases_Btn' is clicked on

2021-07-22 11:11:26 - [MESSAGE][PASSED] - Object: 'Object Repository/Canine/NavBar/Canine_Cases_Btn' is clicked on

2021-07-22 11:11:26 - [TEST_STEP][PASSED] - click(findTestObject("Bento/Cases_page/Filter/FilterByCases_Facet")): Object: 'Object Repository/Bento/Cases_page/Filter/FilterByCases_Facet' is clicked on

2021-07-22 11:11:27 - [MESSAGE][PASSED] - Object: 'Object Repository/Bento/Cases_page/Filter/FilterByCases_Facet' is clicked on

2021-07-22 11:11:27 - [TEST_STEP][PASSED] - waitForElementPresent(findTestObject("Object Repository/Canine/Filter/Breed/BREED_Ddn"), 5): Object 'Object Repository/Canine/Filter/Breed/BREED_Ddn' is present

2021-07-22 11:11:27 - [MESSAGE][PASSED] - Object 'Object Repository/Canine/Filter/Breed/BREED_Ddn' is present

2021-07-22 11:11:27 - [TEST_STEP][PASSED] - ctdc.utilities.runtestcaseforKatalon.clickTab("Object Repository/Canine/Filter/Breed/BREED_Ddn"): ctdc.utilities.runtestcaseforKatalon.clickTab is PASSED

2021-07-22 11:11:28 - [MESSAGE][PASSED] - ctdc.utilities.runtestcaseforKatalon.clickTab is PASSED

2021-07-22 11:11:28 - [TEST_STEP][PASSED] - ctdc.utilities.runtestcaseforKatalon.clickTab("Object Repository/Canine/Filter/Breed/Mixed_Chkbx"): ctdc.utilities.runtestcaseforKatalon.clickTab is PASSED

2021-07-22 11:11:28 - [MESSAGE][PASSED] - ctdc.utilities.runtestcaseforKatalon.clickTab is PASSED

2021-07-22 11:11:28 - [TEST_STEP][PASSED] - ctdc.utilities.runtestcaseforKatalon.readStatBarCanine("Object Repository/Canine/StatBar/Canine_StatBar-Studies", "Object Repository/Canine/StatBar/Canine_StatBar-Cases", "Object Repository/Canine/StatBar/Canine_StatBar-Samples", "Object Repository/Canine/StatBar/Canine_StatBar-Files", "Object Repository/Canine/StatBar/Canine_StatBar-Aliquots"): ctdc.utilities.runtestcaseforKatalon.readStatBarCanine is PASSED

2021-07-22 11:11:43 - [MESSAGE][PASSED] - ctdc.utilities.runtestcaseforKatalon.readStatBarCanine is PASSED

2021-07-22 11:11:43 - [TEST_STEP][PASSED] - waitForElementPresent(findTestObject("Object Repository/Canine/CanineResults_Cases_Tab"), 5): Object 'Object Repository/Canine/CanineResults_Cases_Tab' is present

2021-07-22 11:11:44 - [MESSAGE][PASSED] - Object 'Object Repository/Canine/CanineResults_Cases_Tab' is present

2021-07-22 11:11:44 - [TEST_STEP][PASSED] - ctdc.utilities.runtestcaseforKatalon.clickTab("Object Repository/Canine/CanineResults_Cases_Tab"): ctdc.utilities.runtestcaseforKatalon.clickTab is PASSED

2021-07-22 11:11:44 - [MESSAGE][PASSED] - ctdc.utilities.runtestcaseforKatalon.clickTab is PASSED

2021-07-22 11:11:44 - [TEST_STEP][FAILED] - ctdc.utilities.runtestcaseforKatalon.multiFunction("ICDC", G_StatBar_Cases, "Object Repository/Canine/Canine_CasesTable", "Object Repository/Canine/Canine_TableHeader", "Object Repository/Canine/Canine_CasesTabNextBtn", G_WebTabnameCases, G_CypherTabnameCases, G_QueryCasesTab): com.kms.katalon.core.exception.StepFailedException: Mismatch in Stat Bar Files count

2021-07-22 11:13:30 - [MESSAGE][FAILED] - Mismatch in Stat Bar Files count

2021-07-22 11:13:30 - [MESSAGE][FAILED] - Mismatch in Stat Bar Samples count

2021-07-22 11:13:30 - [MESSAGE][PASSED] - Statbar Cases count matches

2021-07-22 11:13:30 - [MESSAGE][PASSED] - Statbar Arms count matches

2021-07-22 11:13:30 - [MESSAGE][FAILED] - com.kms.katalon.core.exception.StepFailedException: Mismatch in Stat Bar Files count

2021-07-22 11:13:30 - [TEST_STEP][PASSED] - waitForElementPresent(findTestObject("Object Repository/Canine/CanineResults_Samples_Tab"), 5): Object 'Object Repository/Canine/CanineResults_Samples_Tab' is present

2021-07-22 11:13:30 - [MESSAGE][PASSED] - Object 'Object Repository/Canine/CanineResults_Samples_Tab' is present

2021-07-22 11:13:30 - [TEST_STEP][PASSED] - ctdc.utilities.runtestcaseforKatalon.clickTab("Object Repository/Canine/CanineResults_Samples_Tab"): ctdc.utilities.runtestcaseforKatalon.clickTab is PASSED

2021-07-22 11:13:30 - [MESSAGE][PASSED] - ctdc.utilities.runtestcaseforKatalon.clickTab is PASSED

2021-07-22 11:13:30 - [TEST_STEP][FAILED] - ctdc.utilities.runtestcaseforKatalon.multiFunction("ICDC", G_StatBar_Samples, "Object Repository/Canine/Canine_Samples_Table", "Object Repository/Canine/Canine_Samples_TableHdr", "Object Repository/Canine/Canine_SamplesTabNextBtn", G_WebTabnameSamples, G_CypherTabnameSamples, G_QuerySamplesTab): com.kms.katalon.core.exception.StepFailedException: Mismatch in Stat Bar Files count

2021-07-22 11:16:25 - [MESSAGE][FAILED] - Mismatch in Stat Bar Files count

2021-07-22 11:16:25 - [MESSAGE][FAILED] - Mismatch in Stat Bar Samples count

2021-07-22 11:16:25 - [MESSAGE][PASSED] - Statbar Cases count matches

2021-07-22 11:16:25 - [MESSAGE][PASSED] - Statbar Arms count matches

2021-07-22 11:16:25 - [MESSAGE][FAILED] - com.kms.katalon.core.exception.StepFailedException: Mismatch in Stat Bar Files count

2021-07-22 11:16:25 - [TEST_STEP][PASSED] - waitForElementPresent(findTestObject("Object Repository/Canine/CanineResults_Files_Tab"), 5): Object 'Object Repository/Canine/CanineResults_Files_Tab' is present

2021-07-22 11:16:25 - [MESSAGE][PASSED] - Object 'Object Repository/Canine/CanineResults_Files_Tab' is present

2021-07-22 11:16:25 - [TEST_STEP][PASSED] - ctdc.utilities.runtestcaseforKatalon.clickTab("Object Repository/Canine/CanineResults_Files_Tab"): ctdc.utilities.runtestcaseforKatalon.clickTab is PASSED

2021-07-22 11:16:26 - [MESSAGE][PASSED] - ctdc.utilities.runtestcaseforKatalon.clickTab is PASSED

2021-07-22 11:16:26 - [TEST_STEP][FAILED] - ctdc.utilities.runtestcaseforKatalon.multiFunction("ICDC", G_StatBar_Files, "Object Repository/Canine/Canine_Files_Table", "Object Repository/Canine/Canine_Files_TableHdr", "Object Repository/Canine/Canine_FilesTabNextBtn", G_WebTabnameFiles, G_CypherTabnameFiles, G_QueryFilesTab): com.kms.katalon.core.exception.StepFailedException: Mismatch in Stat Bar Files count

2021-07-22 11:20:20 - [MESSAGE][FAILED] - Mismatch in Stat Bar Files count

2021-07-22 11:20:20 - [MESSAGE][FAILED] - Mismatch in Stat Bar Samples count

2021-07-22 11:20:20 - [MESSAGE][PASSED] - Statbar Cases count matches

2021-07-22 11:20:20 - [MESSAGE][PASSED] - Statbar Arms count matches

2021-07-22 11:20:20 - [MESSAGE][FAILED] - com.kms.katalon.core.exception.StepFailedException: Mismatch in Stat Bar Files count

2021-07-22 11:20:20 - [TEST_STEP][PASSED] - closeBrowser(): Browser is closed

2021-07-22 11:20:21 - [MESSAGE][PASSED] - Browser is closed]]></system-out>
         <system-err><![CDATA[2021-07-22 11:11:14 - [TEST_CASE][FAILED] - Test Cases/Canine_TestCases/Breed/TC36_Canine_Filter_Breed-Mixed: Test Cases/Canine_TestCases/Breed/TC36_Canine_Filter_Breed-Mixed FAILED.
Reason:
com.kms.katalon.core.exception.StepFailedException: Mismatch in Stat Bar Files count
	at com.kms.katalon.core.util.KeywordUtil.markFailed(KeywordUtil.java:19)
	at com.kms.katalon.core.util.KeywordUtil$markFailed$1.call(Unknown Source)
	at ctdc.utilities.runtestcaseforKatalon.validateStatBar(runtestcaseforKatalon.groovy:964)
	at ctdc.utilities.runtestcaseforKatalon.multiFunction(runtestcaseforKatalon.groovy:254)
	at ctdc.utilities.runtestcaseforKatalon.invokeMethod(runtestcaseforKatalon.groovy)
	at com.kms.katalon.core.main.CustomKeywordDelegatingMetaClass.invokeStaticMethod(CustomKeywordDelegatingMetaClass.java:50)
	at TC36_Canine_Filter_Breed-Mixed.run(TC36_Canine_Filter_Breed-Mixed:63)
	at com.kms.katalon.core.main.ScriptEngine.run(ScriptEngine.java:194)
	at com.kms.katalon.core.main.ScriptEngine.runScriptAsRawText(ScriptEngine.java:119)
	at com.kms.katalon.core.main.TestCaseExecutor.runScript(TestCaseExecutor.java:369)
	at com.kms.katalon.core.main.TestCaseExecutor.doExecute(TestCaseExecutor.java:360)
	at com.kms.katalon.core.main.TestCaseExecutor.processExecutionPhase(TestCaseExecutor.java:339)
	at com.kms.katalon.core.main.TestCaseExecutor.accessMainPhase(TestCaseExecutor.java:331)
	at com.kms.katalon.core.main.TestCaseExecutor.execute(TestCaseExecutor.java:248)
	at com.kms.katalon.core.main.TestSuiteExecutor.accessTestCaseMainPhase(TestSuiteExecutor.java:191)
	at com.kms.katalon.core.main.TestSuiteExecutor.accessTestSuiteMainPhase(TestSuiteExecutor.java:140)
	at com.kms.katalon.core.main.TestSuiteExecutor.execute(TestSuiteExecutor.java:89)
	at com.kms.katalon.core.main.TestCaseMain.startTestSuite(TestCaseMain.java:185)
	at com.kms.katalon.core.main.TestCaseMain$startTestSuite$0.call(Unknown Source)
	at TempTestSuite1626963431420.run(TempTestSuite1626963431420.groovy:39)]]></system-err>
      </testcase>
      <testcase name="Test Cases/Canine_TestCases/Breed/TC37_Canine_Filter_Breed-ParsonRussTerr" time="88.94" classname="Test Cases/Canine_TestCases/Breed/TC37_Canine_Filter_Breed-ParsonRussTerr" status="PASSED">
         <system-out><![CDATA[2021-07-22 11:20:21 - [TEST_CASE][PASSED] - Test Cases/Canine_TestCases/Breed/TC37_Canine_Filter_Breed-ParsonRussTerr: Test Cases/Canine_TestCases/Breed/TC37_Canine_Filter_Breed-ParsonRussTerr

2021-07-22 11:20:21 - [TEST_STEP][PASSED] - Start listener action : getTestScriptName: null

2021-07-22 11:20:21 - [TEST_STEP][PASSED] - TestCaseId = testCaseContext.getTestCaseId(): null

2021-07-22 11:20:21 - [TEST_STEP][PASSED] - out.println("**********this is the value of test case id string******** " + testCaseContext.getTestCaseId()): null

2021-07-22 11:20:21 - [TEST_STEP][PASSED] - G_currentTCName = TestCaseId.substring(TestCaseId.lastIndexOf("TC")): null

2021-07-22 11:20:21 - [TEST_STEP][PASSED] - out.println("This is the test case name : " + G_currentTCName): null

2021-07-22 11:20:21 - [TEST_STEP][PASSED] - closeBrowser(): Browser is closed

2021-07-22 11:20:21 - [MESSAGE][PASSED] - Browser is closed

2021-07-22 11:20:21 - [TEST_STEP][PASSED] - ctdc.utilities.runtestcaseforKatalon.RunKatalon("TC37_Canine_Filter_Breed-ParsonRussTerr.xlsx"): Data loaded from input file for the test case. 

2021-07-22 11:20:21 - [MESSAGE][PASSED] - Test case file loaded This is the full filepath after converting to string :C:\Users\sohilz2\Commons_Automation\InputFiles\TC37_Canine_Filter_Breed-ParsonRussTerr.xlsx

2021-07-22 11:20:21 - [MESSAGE][INFO] - Global variable set for password file is :  C:\Users\sohilz2\Commons_Automation\InputFiles\TC37_Canine_Filter_Breed-ParsonRussTerr.xlsx

2021-07-22 11:20:25 - [MESSAGE][PASSED] - Data loaded from input file for the test case. 

2021-07-22 11:20:33 - [TEST_STEP][PASSED] - click(findTestObject("Canine/NavBar/Canine_Cases_Btn")): Object: 'Object Repository/Canine/NavBar/Canine_Cases_Btn' is clicked on

2021-07-22 11:20:33 - [MESSAGE][PASSED] - Object: 'Object Repository/Canine/NavBar/Canine_Cases_Btn' is clicked on

2021-07-22 11:20:33 - [TEST_STEP][PASSED] - click(findTestObject("Bento/Cases_page/Filter/FilterByCases_Facet")): Object: 'Object Repository/Bento/Cases_page/Filter/FilterByCases_Facet' is clicked on

2021-07-22 11:20:35 - [MESSAGE][PASSED] - Object: 'Object Repository/Bento/Cases_page/Filter/FilterByCases_Facet' is clicked on

2021-07-22 11:20:35 - [TEST_STEP][PASSED] - waitForElementPresent(findTestObject("Object Repository/Canine/Filter/Breed/BREED_Ddn"), 5): Object 'Object Repository/Canine/Filter/Breed/BREED_Ddn' is present

2021-07-22 11:20:35 - [MESSAGE][PASSED] - Object 'Object Repository/Canine/Filter/Breed/BREED_Ddn' is present

2021-07-22 11:20:35 - [TEST_STEP][PASSED] - ctdc.utilities.runtestcaseforKatalon.clickTab("Object Repository/Canine/Filter/Breed/BREED_Ddn"): ctdc.utilities.runtestcaseforKatalon.clickTab is PASSED

2021-07-22 11:20:36 - [MESSAGE][PASSED] - ctdc.utilities.runtestcaseforKatalon.clickTab is PASSED

2021-07-22 11:20:36 - [TEST_STEP][PASSED] - ctdc.utilities.runtestcaseforKatalon.clickTab("Canine/Filter/Breed/Parson_Chkbx"): ctdc.utilities.runtestcaseforKatalon.clickTab is PASSED

2021-07-22 11:20:36 - [MESSAGE][PASSED] - ctdc.utilities.runtestcaseforKatalon.clickTab is PASSED

2021-07-22 11:20:36 - [TEST_STEP][PASSED] - ctdc.utilities.runtestcaseforKatalon.readStatBarCanine("Object Repository/Canine/StatBar/Canine_StatBar-Studies", "Object Repository/Canine/StatBar/Canine_StatBar-Cases", "Object Repository/Canine/StatBar/Canine_StatBar-Samples", "Object Repository/Canine/StatBar/Canine_StatBar-Files", "Object Repository/Canine/StatBar/Canine_StatBar-Aliquots"): ctdc.utilities.runtestcaseforKatalon.readStatBarCanine is PASSED

2021-07-22 11:20:52 - [MESSAGE][PASSED] - ctdc.utilities.runtestcaseforKatalon.readStatBarCanine is PASSED

2021-07-22 11:20:52 - [TEST_STEP][PASSED] - waitForElementPresent(findTestObject("Object Repository/Canine/CanineResults_Cases_Tab"), 5): Object 'Object Repository/Canine/CanineResults_Cases_Tab' is present

2021-07-22 11:20:52 - [MESSAGE][PASSED] - Object 'Object Repository/Canine/CanineResults_Cases_Tab' is present

2021-07-22 11:20:52 - [TEST_STEP][PASSED] - ctdc.utilities.runtestcaseforKatalon.clickTab("Object Repository/Canine/CanineResults_Cases_Tab"): ctdc.utilities.runtestcaseforKatalon.clickTab is PASSED

2021-07-22 11:20:52 - [MESSAGE][PASSED] - ctdc.utilities.runtestcaseforKatalon.clickTab is PASSED

2021-07-22 11:20:52 - [TEST_STEP][PASSED] - ctdc.utilities.runtestcaseforKatalon.multiFunction("ICDC", G_StatBar_Cases, "Object Repository/Canine/Canine_CasesTable", "Object Repository/Canine/Canine_TableHeader", "Object Repository/Canine/Canine_CasesTabNextBtn", G_WebTabnameCases, G_CypherTabnameCases, G_QueryCasesTab): Statbar Arms count matches

2021-07-22 11:21:06 - [MESSAGE][PASSED] - Statbar Files count matches

2021-07-22 11:21:06 - [MESSAGE][PASSED] - Statbar Samples count matches

2021-07-22 11:21:06 - [MESSAGE][PASSED] - Statbar Cases count matches

2021-07-22 11:21:06 - [MESSAGE][PASSED] - Statbar Arms count matches

2021-07-22 11:21:06 - [TEST_STEP][PASSED] - waitForElementPresent(findTestObject("Object Repository/Canine/CanineResults_Samples_Tab"), 5): Object 'Object Repository/Canine/CanineResults_Samples_Tab' is present

2021-07-22 11:21:06 - [MESSAGE][PASSED] - Object 'Object Repository/Canine/CanineResults_Samples_Tab' is present

2021-07-22 11:21:06 - [TEST_STEP][PASSED] - ctdc.utilities.runtestcaseforKatalon.clickTab("Object Repository/Canine/CanineResults_Samples_Tab"): ctdc.utilities.runtestcaseforKatalon.clickTab is PASSED

2021-07-22 11:21:06 - [MESSAGE][PASSED] - ctdc.utilities.runtestcaseforKatalon.clickTab is PASSED

2021-07-22 11:21:06 - [TEST_STEP][PASSED] - ctdc.utilities.runtestcaseforKatalon.multiFunction("ICDC", G_StatBar_Samples, "Object Repository/Canine/Canine_Samples_Table", "Object Repository/Canine/Canine_Samples_TableHdr", "Object Repository/Canine/Canine_SamplesTabNextBtn", G_WebTabnameSamples, G_CypherTabnameSamples, G_QuerySamplesTab): Statbar Arms count matches

2021-07-22 11:21:23 - [MESSAGE][PASSED] - Statbar Files count matches

2021-07-22 11:21:23 - [MESSAGE][PASSED] - Statbar Samples count matches

2021-07-22 11:21:23 - [MESSAGE][PASSED] - Statbar Cases count matches

2021-07-22 11:21:23 - [MESSAGE][PASSED] - Statbar Arms count matches

2021-07-22 11:21:23 - [TEST_STEP][PASSED] - waitForElementPresent(findTestObject("Object Repository/Canine/CanineResults_Files_Tab"), 5): Object 'Object Repository/Canine/CanineResults_Files_Tab' is present

2021-07-22 11:21:23 - [MESSAGE][PASSED] - Object 'Object Repository/Canine/CanineResults_Files_Tab' is present

2021-07-22 11:21:23 - [TEST_STEP][PASSED] - ctdc.utilities.runtestcaseforKatalon.clickTab("Object Repository/Canine/CanineResults_Files_Tab"): ctdc.utilities.runtestcaseforKatalon.clickTab is PASSED

2021-07-22 11:21:23 - [MESSAGE][PASSED] - ctdc.utilities.runtestcaseforKatalon.clickTab is PASSED

2021-07-22 11:21:23 - [TEST_STEP][PASSED] - ctdc.utilities.runtestcaseforKatalon.multiFunction("ICDC", G_StatBar_Files, "Object Repository/Canine/Canine_Files_Table", "Object Repository/Canine/Canine_Files_TableHdr", "Object Repository/Canine/Canine_FilesTabNextBtn", G_WebTabnameFiles, G_CypherTabnameFiles, G_QueryFilesTab): Statbar Arms count matches

2021-07-22 11:21:49 - [MESSAGE][PASSED] - Statbar Files count matches

2021-07-22 11:21:49 - [MESSAGE][PASSED] - Statbar Samples count matches

2021-07-22 11:21:49 - [MESSAGE][PASSED] - Statbar Cases count matches

2021-07-22 11:21:49 - [MESSAGE][PASSED] - Statbar Arms count matches

2021-07-22 11:21:49 - [TEST_STEP][PASSED] - closeBrowser(): Browser is closed

2021-07-22 11:21:50 - [MESSAGE][PASSED] - Browser is closed]]></system-out>
         <system-err><![CDATA[]]></system-err>
      </testcase>
      <testcase name="Test Cases/Canine_TestCases/Breed/TC38_Canine_Filter_Breed-Poodle" time="90.16" classname="Test Cases/Canine_TestCases/Breed/TC38_Canine_Filter_Breed-Poodle" status="PASSED">
         <system-out><![CDATA[2021-07-22 11:21:50 - [TEST_CASE][PASSED] - Test Cases/Canine_TestCases/Breed/TC38_Canine_Filter_Breed-Poodle: Test Cases/Canine_TestCases/Breed/TC38_Canine_Filter_Breed-Poodle

2021-07-22 11:21:50 - [TEST_STEP][PASSED] - Start listener action : getTestScriptName: null

2021-07-22 11:21:50 - [TEST_STEP][PASSED] - TestCaseId = testCaseContext.getTestCaseId(): null

2021-07-22 11:21:50 - [TEST_STEP][PASSED] - out.println("**********this is the value of test case id string******** " + testCaseContext.getTestCaseId()): null

2021-07-22 11:21:50 - [TEST_STEP][PASSED] - G_currentTCName = TestCaseId.substring(TestCaseId.lastIndexOf("TC")): null

2021-07-22 11:21:50 - [TEST_STEP][PASSED] - out.println("This is the test case name : " + G_currentTCName): null

2021-07-22 11:21:50 - [TEST_STEP][PASSED] - closeBrowser(): Browser is closed

2021-07-22 11:21:50 - [MESSAGE][PASSED] - Browser is closed

2021-07-22 11:21:50 - [TEST_STEP][PASSED] - ctdc.utilities.runtestcaseforKatalon.RunKatalon("TC38_Canine_Filter_Breed-Poodle.xlsx"): Data loaded from input file for the test case. 

2021-07-22 11:21:50 - [MESSAGE][PASSED] - Test case file loaded This is the full filepath after converting to string :C:\Users\sohilz2\Commons_Automation\InputFiles\TC38_Canine_Filter_Breed-Poodle.xlsx

2021-07-22 11:21:50 - [MESSAGE][INFO] - Global variable set for password file is :  C:\Users\sohilz2\Commons_Automation\InputFiles\TC38_Canine_Filter_Breed-Poodle.xlsx

2021-07-22 11:21:54 - [MESSAGE][PASSED] - Data loaded from input file for the test case. 

2021-07-22 11:22:00 - [TEST_STEP][PASSED] - click(findTestObject("Canine/NavBar/Canine_Cases_Btn")): Object: 'Object Repository/Canine/NavBar/Canine_Cases_Btn' is clicked on

2021-07-22 11:22:01 - [MESSAGE][PASSED] - Object: 'Object Repository/Canine/NavBar/Canine_Cases_Btn' is clicked on

2021-07-22 11:22:01 - [TEST_STEP][PASSED] - click(findTestObject("Bento/Cases_page/Filter/FilterByCases_Facet")): Object: 'Object Repository/Bento/Cases_page/Filter/FilterByCases_Facet' is clicked on

2021-07-22 11:22:02 - [MESSAGE][PASSED] - Object: 'Object Repository/Bento/Cases_page/Filter/FilterByCases_Facet' is clicked on

2021-07-22 11:22:02 - [TEST_STEP][PASSED] - waitForElementPresent(findTestObject("Object Repository/Canine/Filter/Breed/BREED_Ddn"), 5): Object 'Object Repository/Canine/Filter/Breed/BREED_Ddn' is present

2021-07-22 11:22:02 - [MESSAGE][PASSED] - Object 'Object Repository/Canine/Filter/Breed/BREED_Ddn' is present

2021-07-22 11:22:02 - [TEST_STEP][PASSED] - ctdc.utilities.runtestcaseforKatalon.clickTab("Object Repository/Canine/Filter/Breed/BREED_Ddn"): ctdc.utilities.runtestcaseforKatalon.clickTab is PASSED

2021-07-22 11:22:03 - [MESSAGE][PASSED] - ctdc.utilities.runtestcaseforKatalon.clickTab is PASSED

2021-07-22 11:22:03 - [TEST_STEP][PASSED] - ctdc.utilities.runtestcaseforKatalon.clickTab("Canine/Filter/Breed/Poodle_Chkbx"): ctdc.utilities.runtestcaseforKatalon.clickTab is PASSED

2021-07-22 11:22:03 - [MESSAGE][PASSED] - ctdc.utilities.runtestcaseforKatalon.clickTab is PASSED

2021-07-22 11:22:03 - [TEST_STEP][PASSED] - ctdc.utilities.runtestcaseforKatalon.readStatBarCanine("Object Repository/Canine/StatBar/Canine_StatBar-Studies", "Object Repository/Canine/StatBar/Canine_StatBar-Cases", "Object Repository/Canine/StatBar/Canine_StatBar-Samples", "Object Repository/Canine/StatBar/Canine_StatBar-Files", "Object Repository/Canine/StatBar/Canine_StatBar-Aliquots"): ctdc.utilities.runtestcaseforKatalon.readStatBarCanine is PASSED

2021-07-22 11:22:19 - [MESSAGE][PASSED] - ctdc.utilities.runtestcaseforKatalon.readStatBarCanine is PASSED

2021-07-22 11:22:19 - [TEST_STEP][PASSED] - waitForElementPresent(findTestObject("Object Repository/Canine/CanineResults_Cases_Tab"), 5): Object 'Object Repository/Canine/CanineResults_Cases_Tab' is present

2021-07-22 11:22:19 - [MESSAGE][PASSED] - Object 'Object Repository/Canine/CanineResults_Cases_Tab' is present

2021-07-22 11:22:19 - [TEST_STEP][PASSED] - ctdc.utilities.runtestcaseforKatalon.clickTab("Object Repository/Canine/CanineResults_Cases_Tab"): ctdc.utilities.runtestcaseforKatalon.clickTab is PASSED

2021-07-22 11:22:19 - [MESSAGE][PASSED] - ctdc.utilities.runtestcaseforKatalon.clickTab is PASSED

2021-07-22 11:22:19 - [TEST_STEP][PASSED] - ctdc.utilities.runtestcaseforKatalon.multiFunction("ICDC", G_StatBar_Cases, "Object Repository/Canine/Canine_CasesTable", "Object Repository/Canine/Canine_TableHeader", "Object Repository/Canine/Canine_CasesTabNextBtn", G_WebTabnameCases, G_CypherTabnameCases, G_QueryCasesTab): Statbar Arms count matches

2021-07-22 11:22:34 - [MESSAGE][PASSED] - Statbar Files count matches

2021-07-22 11:22:34 - [MESSAGE][PASSED] - Statbar Samples count matches

2021-07-22 11:22:34 - [MESSAGE][PASSED] - Statbar Cases count matches

2021-07-22 11:22:34 - [MESSAGE][PASSED] - Statbar Arms count matches

2021-07-22 11:22:34 - [TEST_STEP][PASSED] - waitForElementPresent(findTestObject("Object Repository/Canine/CanineResults_Samples_Tab"), 5): Object 'Object Repository/Canine/CanineResults_Samples_Tab' is present

2021-07-22 11:22:34 - [MESSAGE][PASSED] - Object 'Object Repository/Canine/CanineResults_Samples_Tab' is present

2021-07-22 11:22:34 - [TEST_STEP][PASSED] - ctdc.utilities.runtestcaseforKatalon.clickTab("Object Repository/Canine/CanineResults_Samples_Tab"): ctdc.utilities.runtestcaseforKatalon.clickTab is PASSED

2021-07-22 11:22:34 - [MESSAGE][PASSED] - ctdc.utilities.runtestcaseforKatalon.clickTab is PASSED

2021-07-22 11:22:34 - [TEST_STEP][PASSED] - ctdc.utilities.runtestcaseforKatalon.multiFunction("ICDC", G_StatBar_Samples, "Object Repository/Canine/Canine_Samples_Table", "Object Repository/Canine/Canine_Samples_TableHdr", "Object Repository/Canine/Canine_SamplesTabNextBtn", G_WebTabnameSamples, G_CypherTabnameSamples, G_QuerySamplesTab): Statbar Arms count matches

2021-07-22 11:22:51 - [MESSAGE][PASSED] - Statbar Files count matches

2021-07-22 11:22:51 - [MESSAGE][PASSED] - Statbar Samples count matches

2021-07-22 11:22:51 - [MESSAGE][PASSED] - Statbar Cases count matches

2021-07-22 11:22:51 - [MESSAGE][PASSED] - Statbar Arms count matches

2021-07-22 11:22:51 - [TEST_STEP][PASSED] - waitForElementPresent(findTestObject("Object Repository/Canine/CanineResults_Files_Tab"), 5): Object 'Object Repository/Canine/CanineResults_Files_Tab' is present

2021-07-22 11:22:51 - [MESSAGE][PASSED] - Object 'Object Repository/Canine/CanineResults_Files_Tab' is present

2021-07-22 11:22:51 - [TEST_STEP][PASSED] - ctdc.utilities.runtestcaseforKatalon.clickTab("Object Repository/Canine/CanineResults_Files_Tab"): ctdc.utilities.runtestcaseforKatalon.clickTab is PASSED

2021-07-22 11:22:52 - [MESSAGE][PASSED] - ctdc.utilities.runtestcaseforKatalon.clickTab is PASSED

2021-07-22 11:22:52 - [TEST_STEP][PASSED] - ctdc.utilities.runtestcaseforKatalon.multiFunction("ICDC", G_StatBar_Files, "Object Repository/Canine/Canine_Files_Table", "Object Repository/Canine/Canine_Files_TableHdr", "Object Repository/Canine/Canine_FilesTabNextBtn", G_WebTabnameFiles, G_CypherTabnameFiles, G_QueryFilesTab): Statbar Arms count matches

2021-07-22 11:23:19 - [MESSAGE][PASSED] - Statbar Files count matches

2021-07-22 11:23:19 - [MESSAGE][PASSED] - Statbar Samples count matches

2021-07-22 11:23:19 - [MESSAGE][PASSED] - Statbar Cases count matches

2021-07-22 11:23:19 - [MESSAGE][PASSED] - Statbar Arms count matches

2021-07-22 11:23:19 - [TEST_STEP][PASSED] - closeBrowser(): Browser is closed

2021-07-22 11:23:20 - [MESSAGE][PASSED] - Browser is closed]]></system-out>
         <system-err><![CDATA[]]></system-err>
      </testcase>
      <testcase name="Test Cases/Canine_TestCases/Breed/TC39_Canine_Filter_Breed-Rottweiler" time="89.142" classname="Test Cases/Canine_TestCases/Breed/TC39_Canine_Filter_Breed-Rottweiler" status="FAILED">
         <failure type="FAILED" message="Test Cases/Canine_TestCases/Breed/TC39_Canine_Filter_Breed-Rottweiler FAILED.
Reason:
com.kms.katalon.core.exception.StepFailedException: Mismatch in Stat Bar Samples count
	at com.kms.katalon.core.util.KeywordUtil.markFailed(KeywordUtil.java:19)
	at com.kms.katalon.core.util.KeywordUtil$markFailed$1.call(Unknown Source)
	at ctdc.utilities.runtestcaseforKatalon.validateStatBar(runtestcaseforKatalon.groovy:965)
	at ctdc.utilities.runtestcaseforKatalon.multiFunction(runtestcaseforKatalon.groovy:254)
	at ctdc.utilities.runtestcaseforKatalon.invokeMethod(runtestcaseforKatalon.groovy)
	at com.kms.katalon.core.main.CustomKeywordDelegatingMetaClass.invokeStaticMethod(CustomKeywordDelegatingMetaClass.java:50)
	at TC39_Canine_Filter_Breed-Rottweiler.run(TC39_Canine_Filter_Breed-Rottweiler:65)
	at com.kms.katalon.core.main.ScriptEngine.run(ScriptEngine.java:194)
	at com.kms.katalon.core.main.ScriptEngine.runScriptAsRawText(ScriptEngine.java:119)
	at com.kms.katalon.core.main.TestCaseExecutor.runScript(TestCaseExecutor.java:369)
	at com.kms.katalon.core.main.TestCaseExecutor.doExecute(TestCaseExecutor.java:360)
	at com.kms.katalon.core.main.TestCaseExecutor.processExecutionPhase(TestCaseExecutor.java:339)
	at com.kms.katalon.core.main.TestCaseExecutor.accessMainPhase(TestCaseExecutor.java:331)
	at com.kms.katalon.core.main.TestCaseExecutor.execute(TestCaseExecutor.java:248)
	at com.kms.katalon.core.main.TestSuiteExecutor.accessTestCaseMainPhase(TestSuiteExecutor.java:191)
	at com.kms.katalon.core.main.TestSuiteExecutor.accessTestSuiteMainPhase(TestSuiteExecutor.java:140)
	at com.kms.katalon.core.main.TestSuiteExecutor.execute(TestSuiteExecutor.java:89)
	at com.kms.katalon.core.main.TestCaseMain.startTestSuite(TestCaseMain.java:185)
	at com.kms.katalon.core.main.TestCaseMain$startTestSuite$0.call(Unknown Source)
	at TempTestSuite1626963431420.run(TempTestSuite1626963431420.groovy:39)
"/>
         <system-out><![CDATA[2021-07-22 11:23:20 - [TEST_CASE][FAILED] - Test Cases/Canine_TestCases/Breed/TC39_Canine_Filter_Breed-Rottweiler: Test Cases/Canine_TestCases/Breed/TC39_Canine_Filter_Breed-Rottweiler FAILED.
Reason:
com.kms.katalon.core.exception.StepFailedException: Mismatch in Stat Bar Samples count
	at com.kms.katalon.core.util.KeywordUtil.markFailed(KeywordUtil.java:19)
	at com.kms.katalon.core.util.KeywordUtil$markFailed$1.call(Unknown Source)
	at ctdc.utilities.runtestcaseforKatalon.validateStatBar(runtestcaseforKatalon.groovy:965)
	at ctdc.utilities.runtestcaseforKatalon.multiFunction(runtestcaseforKatalon.groovy:254)
	at ctdc.utilities.runtestcaseforKatalon.invokeMethod(runtestcaseforKatalon.groovy)
	at com.kms.katalon.core.main.CustomKeywordDelegatingMetaClass.invokeStaticMethod(CustomKeywordDelegatingMetaClass.java:50)
	at TC39_Canine_Filter_Breed-Rottweiler.run(TC39_Canine_Filter_Breed-Rottweiler:65)
	at com.kms.katalon.core.main.ScriptEngine.run(ScriptEngine.java:194)
	at com.kms.katalon.core.main.ScriptEngine.runScriptAsRawText(ScriptEngine.java:119)
	at com.kms.katalon.core.main.TestCaseExecutor.runScript(TestCaseExecutor.java:369)
	at com.kms.katalon.core.main.TestCaseExecutor.doExecute(TestCaseExecutor.java:360)
	at com.kms.katalon.core.main.TestCaseExecutor.processExecutionPhase(TestCaseExecutor.java:339)
	at com.kms.katalon.core.main.TestCaseExecutor.accessMainPhase(TestCaseExecutor.java:331)
	at com.kms.katalon.core.main.TestCaseExecutor.execute(TestCaseExecutor.java:248)
	at com.kms.katalon.core.main.TestSuiteExecutor.accessTestCaseMainPhase(TestSuiteExecutor.java:191)
	at com.kms.katalon.core.main.TestSuiteExecutor.accessTestSuiteMainPhase(TestSuiteExecutor.java:140)
	at com.kms.katalon.core.main.TestSuiteExecutor.execute(TestSuiteExecutor.java:89)
	at com.kms.katalon.core.main.TestCaseMain.startTestSuite(TestCaseMain.java:185)
	at com.kms.katalon.core.main.TestCaseMain$startTestSuite$0.call(Unknown Source)
	at TempTestSuite1626963431420.run(TempTestSuite1626963431420.groovy:39)


2021-07-22 11:23:20 - [TEST_STEP][PASSED] - Start listener action : getTestScriptName: null

2021-07-22 11:23:20 - [TEST_STEP][PASSED] - TestCaseId = testCaseContext.getTestCaseId(): null

2021-07-22 11:23:20 - [TEST_STEP][PASSED] - out.println("**********this is the value of test case id string******** " + testCaseContext.getTestCaseId()): null

2021-07-22 11:23:20 - [TEST_STEP][PASSED] - G_currentTCName = TestCaseId.substring(TestCaseId.lastIndexOf("TC")): null

2021-07-22 11:23:20 - [TEST_STEP][PASSED] - out.println("This is the test case name : " + G_currentTCName): null

2021-07-22 11:23:20 - [TEST_STEP][PASSED] - closeBrowser(): Browser is closed

2021-07-22 11:23:20 - [MESSAGE][PASSED] - Browser is closed

2021-07-22 11:23:20 - [TEST_STEP][PASSED] - ctdc.utilities.runtestcaseforKatalon.RunKatalon("TC39_Canine_Filter_Breed-Rottweiler.xlsx"): Data loaded from input file for the test case. 

2021-07-22 11:23:20 - [MESSAGE][PASSED] - Test case file loaded This is the full filepath after converting to string :C:\Users\sohilz2\Commons_Automation\InputFiles\TC39_Canine_Filter_Breed-Rottweiler.xlsx

2021-07-22 11:23:20 - [MESSAGE][INFO] - Global variable set for password file is :  C:\Users\sohilz2\Commons_Automation\InputFiles\TC39_Canine_Filter_Breed-Rottweiler.xlsx

2021-07-22 11:23:24 - [MESSAGE][PASSED] - Data loaded from input file for the test case. 

2021-07-22 11:23:30 - [TEST_STEP][PASSED] - click(findTestObject("Canine/NavBar/Canine_Cases_Btn")): Object: 'Object Repository/Canine/NavBar/Canine_Cases_Btn' is clicked on

2021-07-22 11:23:30 - [MESSAGE][PASSED] - Object: 'Object Repository/Canine/NavBar/Canine_Cases_Btn' is clicked on

2021-07-22 11:23:30 - [TEST_STEP][PASSED] - click(findTestObject("Bento/Cases_page/Filter/FilterByCases_Facet")): Object: 'Object Repository/Bento/Cases_page/Filter/FilterByCases_Facet' is clicked on

2021-07-22 11:23:32 - [MESSAGE][PASSED] - Object: 'Object Repository/Bento/Cases_page/Filter/FilterByCases_Facet' is clicked on

2021-07-22 11:23:32 - [TEST_STEP][PASSED] - waitForElementPresent(findTestObject("Object Repository/Canine/Filter/Breed/BREED_Ddn"), 5): Object 'Object Repository/Canine/Filter/Breed/BREED_Ddn' is present

2021-07-22 11:23:32 - [MESSAGE][PASSED] - Object 'Object Repository/Canine/Filter/Breed/BREED_Ddn' is present

2021-07-22 11:23:32 - [TEST_STEP][PASSED] - ctdc.utilities.runtestcaseforKatalon.clickTab("Object Repository/Canine/Filter/Breed/BREED_Ddn"): ctdc.utilities.runtestcaseforKatalon.clickTab is PASSED

2021-07-22 11:23:32 - [MESSAGE][PASSED] - ctdc.utilities.runtestcaseforKatalon.clickTab is PASSED

2021-07-22 11:23:32 - [TEST_STEP][PASSED] - ctdc.utilities.runtestcaseforKatalon.clickTab("Object Repository/Canine/Filter/Breed/Rottweiler_Chkbx"): ctdc.utilities.runtestcaseforKatalon.clickTab is PASSED

2021-07-22 11:23:32 - [MESSAGE][PASSED] - ctdc.utilities.runtestcaseforKatalon.clickTab is PASSED

2021-07-22 11:23:32 - [TEST_STEP][PASSED] - ctdc.utilities.runtestcaseforKatalon.readStatBarCanine("Object Repository/Canine/StatBar/Canine_StatBar-Studies", "Object Repository/Canine/StatBar/Canine_StatBar-Cases", "Object Repository/Canine/StatBar/Canine_StatBar-Samples", "Object Repository/Canine/StatBar/Canine_StatBar-Files", "Object Repository/Canine/StatBar/Canine_StatBar-Aliquots"): ctdc.utilities.runtestcaseforKatalon.readStatBarCanine is PASSED

2021-07-22 11:23:47 - [MESSAGE][PASSED] - ctdc.utilities.runtestcaseforKatalon.readStatBarCanine is PASSED

2021-07-22 11:23:47 - [TEST_STEP][PASSED] - waitForElementPresent(findTestObject("Object Repository/Canine/CanineResults_Cases_Tab"), 5): Object 'Object Repository/Canine/CanineResults_Cases_Tab' is present

2021-07-22 11:23:48 - [MESSAGE][PASSED] - Object 'Object Repository/Canine/CanineResults_Cases_Tab' is present

2021-07-22 11:23:48 - [TEST_STEP][PASSED] - ctdc.utilities.runtestcaseforKatalon.clickTab("Object Repository/Canine/CanineResults_Cases_Tab"): ctdc.utilities.runtestcaseforKatalon.clickTab is PASSED

2021-07-22 11:23:48 - [MESSAGE][PASSED] - ctdc.utilities.runtestcaseforKatalon.clickTab is PASSED

2021-07-22 11:23:48 - [TEST_STEP][FAILED] - ctdc.utilities.runtestcaseforKatalon.multiFunction("ICDC", G_StatBar_Cases, "Object Repository/Canine/Canine_CasesTable", "Object Repository/Canine/Canine_TableHeader", "Object Repository/Canine/Canine_CasesTabNextBtn", G_WebTabnameCases, G_CypherTabnameCases, G_QueryCasesTab): com.kms.katalon.core.exception.StepFailedException: Mismatch in Stat Bar Samples count

2021-07-22 11:24:05 - [MESSAGE][PASSED] - Statbar Files count matches

2021-07-22 11:24:05 - [MESSAGE][FAILED] - Mismatch in Stat Bar Samples count

2021-07-22 11:24:05 - [MESSAGE][PASSED] - Statbar Cases count matches

2021-07-22 11:24:05 - [MESSAGE][PASSED] - Statbar Arms count matches

2021-07-22 11:24:05 - [MESSAGE][FAILED] - com.kms.katalon.core.exception.StepFailedException: Mismatch in Stat Bar Samples count

2021-07-22 11:24:05 - [TEST_STEP][PASSED] - waitForElementPresent(findTestObject("Object Repository/Canine/CanineResults_Samples_Tab"), 5): Object 'Object Repository/Canine/CanineResults_Samples_Tab' is present

2021-07-22 11:24:05 - [MESSAGE][PASSED] - Object 'Object Repository/Canine/CanineResults_Samples_Tab' is present

2021-07-22 11:24:05 - [TEST_STEP][PASSED] - ctdc.utilities.runtestcaseforKatalon.clickTab("Object Repository/Canine/CanineResults_Samples_Tab"): ctdc.utilities.runtestcaseforKatalon.clickTab is PASSED

2021-07-22 11:24:05 - [MESSAGE][PASSED] - ctdc.utilities.runtestcaseforKatalon.clickTab is PASSED

2021-07-22 11:24:05 - [TEST_STEP][FAILED] - ctdc.utilities.runtestcaseforKatalon.multiFunction("ICDC", G_StatBar_Samples, "Object Repository/Canine/Canine_Samples_Table", "Object Repository/Canine/Canine_Samples_TableHdr", "Object Repository/Canine/Canine_SamplesTabNextBtn", G_WebTabnameSamples, G_CypherTabnameSamples, G_QuerySamplesTab): com.kms.katalon.core.exception.StepFailedException: Mismatch in Stat Bar Samples count

2021-07-22 11:24:32 - [MESSAGE][PASSED] - Statbar Files count matches

2021-07-22 11:24:32 - [MESSAGE][FAILED] - Mismatch in Stat Bar Samples count

2021-07-22 11:24:32 - [MESSAGE][PASSED] - Statbar Cases count matches

2021-07-22 11:24:32 - [MESSAGE][PASSED] - Statbar Arms count matches

2021-07-22 11:24:32 - [MESSAGE][FAILED] - com.kms.katalon.core.exception.StepFailedException: Mismatch in Stat Bar Samples count

2021-07-22 11:24:32 - [TEST_STEP][PASSED] - waitForElementPresent(findTestObject("Object Repository/Canine/CanineResults_Files_Tab"), 5): Object 'Object Repository/Canine/CanineResults_Files_Tab' is present

2021-07-22 11:24:32 - [MESSAGE][PASSED] - Object 'Object Repository/Canine/CanineResults_Files_Tab' is present

2021-07-22 11:24:32 - [TEST_STEP][PASSED] - ctdc.utilities.runtestcaseforKatalon.clickTab("Object Repository/Canine/CanineResults_Files_Tab"): ctdc.utilities.runtestcaseforKatalon.clickTab is PASSED

2021-07-22 11:24:32 - [MESSAGE][PASSED] - ctdc.utilities.runtestcaseforKatalon.clickTab is PASSED

2021-07-22 11:24:32 - [TEST_STEP][FAILED] - ctdc.utilities.runtestcaseforKatalon.multiFunction("ICDC", G_StatBar_Files, "Object Repository/Canine/Canine_Files_Table", "Object Repository/Canine/Canine_Files_TableHdr", "Object Repository/Canine/Canine_FilesTabNextBtn", G_WebTabnameFiles, G_CypherTabnameFiles, G_QueryFilesTab): com.kms.katalon.core.exception.StepFailedException: Mismatch in Stat Bar Samples count

2021-07-22 11:24:48 - [MESSAGE][PASSED] - Statbar Files count matches

2021-07-22 11:24:48 - [MESSAGE][FAILED] - Mismatch in Stat Bar Samples count

2021-07-22 11:24:48 - [MESSAGE][PASSED] - Statbar Cases count matches

2021-07-22 11:24:48 - [MESSAGE][PASSED] - Statbar Arms count matches

2021-07-22 11:24:48 - [MESSAGE][FAILED] - com.kms.katalon.core.exception.StepFailedException: Mismatch in Stat Bar Samples count

2021-07-22 11:24:48 - [TEST_STEP][PASSED] - closeBrowser(): Browser is closed

2021-07-22 11:24:49 - [MESSAGE][PASSED] - Browser is closed]]></system-out>
         <system-err><![CDATA[2021-07-22 11:23:20 - [TEST_CASE][FAILED] - Test Cases/Canine_TestCases/Breed/TC39_Canine_Filter_Breed-Rottweiler: Test Cases/Canine_TestCases/Breed/TC39_Canine_Filter_Breed-Rottweiler FAILED.
Reason:
com.kms.katalon.core.exception.StepFailedException: Mismatch in Stat Bar Samples count
	at com.kms.katalon.core.util.KeywordUtil.markFailed(KeywordUtil.java:19)
	at com.kms.katalon.core.util.KeywordUtil$markFailed$1.call(Unknown Source)
	at ctdc.utilities.runtestcaseforKatalon.validateStatBar(runtestcaseforKatalon.groovy:965)
	at ctdc.utilities.runtestcaseforKatalon.multiFunction(runtestcaseforKatalon.groovy:254)
	at ctdc.utilities.runtestcaseforKatalon.invokeMethod(runtestcaseforKatalon.groovy)
	at com.kms.katalon.core.main.CustomKeywordDelegatingMetaClass.invokeStaticMethod(CustomKeywordDelegatingMetaClass.java:50)
	at TC39_Canine_Filter_Breed-Rottweiler.run(TC39_Canine_Filter_Breed-Rottweiler:65)
	at com.kms.katalon.core.main.ScriptEngine.run(ScriptEngine.java:194)
	at com.kms.katalon.core.main.ScriptEngine.runScriptAsRawText(ScriptEngine.java:119)
	at com.kms.katalon.core.main.TestCaseExecutor.runScript(TestCaseExecutor.java:369)
	at com.kms.katalon.core.main.TestCaseExecutor.doExecute(TestCaseExecutor.java:360)
	at com.kms.katalon.core.main.TestCaseExecutor.processExecutionPhase(TestCaseExecutor.java:339)
	at com.kms.katalon.core.main.TestCaseExecutor.accessMainPhase(TestCaseExecutor.java:331)
	at com.kms.katalon.core.main.TestCaseExecutor.execute(TestCaseExecutor.java:248)
	at com.kms.katalon.core.main.TestSuiteExecutor.accessTestCaseMainPhase(TestSuiteExecutor.java:191)
	at com.kms.katalon.core.main.TestSuiteExecutor.accessTestSuiteMainPhase(TestSuiteExecutor.java:140)
	at com.kms.katalon.core.main.TestSuiteExecutor.execute(TestSuiteExecutor.java:89)
	at com.kms.katalon.core.main.TestCaseMain.startTestSuite(TestCaseMain.java:185)
	at com.kms.katalon.core.main.TestCaseMain$startTestSuite$0.call(Unknown Source)
	at TempTestSuite1626963431420.run(TempTestSuite1626963431420.groovy:39)]]></system-err>
      </testcase>
      <testcase name="Test Cases/Canine_TestCases/Breed/TC40_Canine_Filter_Breed-SaintBnd" time="80.068" classname="Test Cases/Canine_TestCases/Breed/TC40_Canine_Filter_Breed-SaintBnd" status="FAILED">
         <failure type="FAILED" message="Test Cases/Canine_TestCases/Breed/TC40_Canine_Filter_Breed-SaintBnd FAILED.
Reason:
com.kms.katalon.core.exception.StepFailedException: Mismatch in Stat Bar Samples count
	at com.kms.katalon.core.util.KeywordUtil.markFailed(KeywordUtil.java:19)
	at com.kms.katalon.core.util.KeywordUtil$markFailed$1.call(Unknown Source)
	at ctdc.utilities.runtestcaseforKatalon.validateStatBar(runtestcaseforKatalon.groovy:965)
	at ctdc.utilities.runtestcaseforKatalon.multiFunction(runtestcaseforKatalon.groovy:254)
	at ctdc.utilities.runtestcaseforKatalon.invokeMethod(runtestcaseforKatalon.groovy)
	at com.kms.katalon.core.main.CustomKeywordDelegatingMetaClass.invokeStaticMethod(CustomKeywordDelegatingMetaClass.java:50)
	at TC40_Canine_Filter_Breed-SaintBnd.run(TC40_Canine_Filter_Breed-SaintBnd:65)
	at com.kms.katalon.core.main.ScriptEngine.run(ScriptEngine.java:194)
	at com.kms.katalon.core.main.ScriptEngine.runScriptAsRawText(ScriptEngine.java:119)
	at com.kms.katalon.core.main.TestCaseExecutor.runScript(TestCaseExecutor.java:369)
	at com.kms.katalon.core.main.TestCaseExecutor.doExecute(TestCaseExecutor.java:360)
	at com.kms.katalon.core.main.TestCaseExecutor.processExecutionPhase(TestCaseExecutor.java:339)
	at com.kms.katalon.core.main.TestCaseExecutor.accessMainPhase(TestCaseExecutor.java:331)
	at com.kms.katalon.core.main.TestCaseExecutor.execute(TestCaseExecutor.java:248)
	at com.kms.katalon.core.main.TestSuiteExecutor.accessTestCaseMainPhase(TestSuiteExecutor.java:191)
	at com.kms.katalon.core.main.TestSuiteExecutor.accessTestSuiteMainPhase(TestSuiteExecutor.java:140)
	at com.kms.katalon.core.main.TestSuiteExecutor.execute(TestSuiteExecutor.java:89)
	at com.kms.katalon.core.main.TestCaseMain.startTestSuite(TestCaseMain.java:185)
	at com.kms.katalon.core.main.TestCaseMain$startTestSuite$0.call(Unknown Source)
	at TempTestSuite1626963431420.run(TempTestSuite1626963431420.groovy:39)
"/>
         <system-out><![CDATA[2021-07-22 11:24:49 - [TEST_CASE][FAILED] - Test Cases/Canine_TestCases/Breed/TC40_Canine_Filter_Breed-SaintBnd: Test Cases/Canine_TestCases/Breed/TC40_Canine_Filter_Breed-SaintBnd FAILED.
Reason:
com.kms.katalon.core.exception.StepFailedException: Mismatch in Stat Bar Samples count
	at com.kms.katalon.core.util.KeywordUtil.markFailed(KeywordUtil.java:19)
	at com.kms.katalon.core.util.KeywordUtil$markFailed$1.call(Unknown Source)
	at ctdc.utilities.runtestcaseforKatalon.validateStatBar(runtestcaseforKatalon.groovy:965)
	at ctdc.utilities.runtestcaseforKatalon.multiFunction(runtestcaseforKatalon.groovy:254)
	at ctdc.utilities.runtestcaseforKatalon.invokeMethod(runtestcaseforKatalon.groovy)
	at com.kms.katalon.core.main.CustomKeywordDelegatingMetaClass.invokeStaticMethod(CustomKeywordDelegatingMetaClass.java:50)
	at TC40_Canine_Filter_Breed-SaintBnd.run(TC40_Canine_Filter_Breed-SaintBnd:65)
	at com.kms.katalon.core.main.ScriptEngine.run(ScriptEngine.java:194)
	at com.kms.katalon.core.main.ScriptEngine.runScriptAsRawText(ScriptEngine.java:119)
	at com.kms.katalon.core.main.TestCaseExecutor.runScript(TestCaseExecutor.java:369)
	at com.kms.katalon.core.main.TestCaseExecutor.doExecute(TestCaseExecutor.java:360)
	at com.kms.katalon.core.main.TestCaseExecutor.processExecutionPhase(TestCaseExecutor.java:339)
	at com.kms.katalon.core.main.TestCaseExecutor.accessMainPhase(TestCaseExecutor.java:331)
	at com.kms.katalon.core.main.TestCaseExecutor.execute(TestCaseExecutor.java:248)
	at com.kms.katalon.core.main.TestSuiteExecutor.accessTestCaseMainPhase(TestSuiteExecutor.java:191)
	at com.kms.katalon.core.main.TestSuiteExecutor.accessTestSuiteMainPhase(TestSuiteExecutor.java:140)
	at com.kms.katalon.core.main.TestSuiteExecutor.execute(TestSuiteExecutor.java:89)
	at com.kms.katalon.core.main.TestCaseMain.startTestSuite(TestCaseMain.java:185)
	at com.kms.katalon.core.main.TestCaseMain$startTestSuite$0.call(Unknown Source)
	at TempTestSuite1626963431420.run(TempTestSuite1626963431420.groovy:39)


2021-07-22 11:24:49 - [TEST_STEP][PASSED] - Start listener action : getTestScriptName: null

2021-07-22 11:24:49 - [TEST_STEP][PASSED] - TestCaseId = testCaseContext.getTestCaseId(): null

2021-07-22 11:24:49 - [TEST_STEP][PASSED] - out.println("**********this is the value of test case id string******** " + testCaseContext.getTestCaseId()): null

2021-07-22 11:24:49 - [TEST_STEP][PASSED] - G_currentTCName = TestCaseId.substring(TestCaseId.lastIndexOf("TC")): null

2021-07-22 11:24:49 - [TEST_STEP][PASSED] - out.println("This is the test case name : " + G_currentTCName): null

2021-07-22 11:24:49 - [TEST_STEP][PASSED] - closeBrowser(): Browser is closed

2021-07-22 11:24:49 - [MESSAGE][PASSED] - Browser is closed

2021-07-22 11:24:49 - [TEST_STEP][PASSED] - ctdc.utilities.runtestcaseforKatalon.RunKatalon("TC40_Canine_Filter_Breed-SaintBnd.xlsx"): Data loaded from input file for the test case. 

2021-07-22 11:24:49 - [MESSAGE][PASSED] - Test case file loaded This is the full filepath after converting to string :C:\Users\sohilz2\Commons_Automation\InputFiles\TC40_Canine_Filter_Breed-SaintBnd.xlsx

2021-07-22 11:24:49 - [MESSAGE][INFO] - Global variable set for password file is :  C:\Users\sohilz2\Commons_Automation\InputFiles\TC40_Canine_Filter_Breed-SaintBnd.xlsx

2021-07-22 11:24:53 - [MESSAGE][PASSED] - Data loaded from input file for the test case. 

2021-07-22 11:24:59 - [TEST_STEP][PASSED] - click(findTestObject("Canine/NavBar/Canine_Cases_Btn")): Object: 'Object Repository/Canine/NavBar/Canine_Cases_Btn' is clicked on

2021-07-22 11:25:00 - [MESSAGE][PASSED] - Object: 'Object Repository/Canine/NavBar/Canine_Cases_Btn' is clicked on

2021-07-22 11:25:00 - [TEST_STEP][PASSED] - click(findTestObject("Bento/Cases_page/Filter/FilterByCases_Facet")): Object: 'Object Repository/Bento/Cases_page/Filter/FilterByCases_Facet' is clicked on

2021-07-22 11:25:01 - [MESSAGE][PASSED] - Object: 'Object Repository/Bento/Cases_page/Filter/FilterByCases_Facet' is clicked on

2021-07-22 11:25:01 - [TEST_STEP][PASSED] - waitForElementPresent(findTestObject("Object Repository/Canine/Filter/Breed/BREED_Ddn"), 5): Object 'Object Repository/Canine/Filter/Breed/BREED_Ddn' is present

2021-07-22 11:25:01 - [MESSAGE][PASSED] - Object 'Object Repository/Canine/Filter/Breed/BREED_Ddn' is present

2021-07-22 11:25:01 - [TEST_STEP][PASSED] - ctdc.utilities.runtestcaseforKatalon.clickTab("Object Repository/Canine/Filter/Breed/BREED_Ddn"): ctdc.utilities.runtestcaseforKatalon.clickTab is PASSED

2021-07-22 11:25:01 - [MESSAGE][PASSED] - ctdc.utilities.runtestcaseforKatalon.clickTab is PASSED

2021-07-22 11:25:01 - [TEST_STEP][PASSED] - ctdc.utilities.runtestcaseforKatalon.clickTab("Object Repository/Canine/Filter/Breed/SaintBnd_Chkbx"): ctdc.utilities.runtestcaseforKatalon.clickTab is PASSED

2021-07-22 11:25:01 - [MESSAGE][PASSED] - ctdc.utilities.runtestcaseforKatalon.clickTab is PASSED

2021-07-22 11:25:01 - [TEST_STEP][PASSED] - ctdc.utilities.runtestcaseforKatalon.readStatBarCanine("Object Repository/Canine/StatBar/Canine_StatBar-Studies", "Object Repository/Canine/StatBar/Canine_StatBar-Cases", "Object Repository/Canine/StatBar/Canine_StatBar-Samples", "Object Repository/Canine/StatBar/Canine_StatBar-Files", "Object Repository/Canine/StatBar/Canine_StatBar-Aliquots"): ctdc.utilities.runtestcaseforKatalon.readStatBarCanine is PASSED

2021-07-22 11:25:17 - [MESSAGE][PASSED] - ctdc.utilities.runtestcaseforKatalon.readStatBarCanine is PASSED

2021-07-22 11:25:17 - [TEST_STEP][PASSED] - waitForElementPresent(findTestObject("Object Repository/Canine/CanineResults_Cases_Tab"), 5): Object 'Object Repository/Canine/CanineResults_Cases_Tab' is present

2021-07-22 11:25:17 - [MESSAGE][PASSED] - Object 'Object Repository/Canine/CanineResults_Cases_Tab' is present

2021-07-22 11:25:17 - [TEST_STEP][PASSED] - ctdc.utilities.runtestcaseforKatalon.clickTab("Object Repository/Canine/CanineResults_Cases_Tab"): ctdc.utilities.runtestcaseforKatalon.clickTab is PASSED

2021-07-22 11:25:17 - [MESSAGE][PASSED] - ctdc.utilities.runtestcaseforKatalon.clickTab is PASSED

2021-07-22 11:25:17 - [TEST_STEP][FAILED] - ctdc.utilities.runtestcaseforKatalon.multiFunction("ICDC", G_StatBar_Cases, "Object Repository/Canine/Canine_CasesTable", "Object Repository/Canine/Canine_TableHeader", "Object Repository/Canine/Canine_CasesTabNextBtn", G_WebTabnameCases, G_CypherTabnameCases, G_QueryCasesTab): com.kms.katalon.core.exception.StepFailedException: Mismatch in Stat Bar Samples count

2021-07-22 11:25:33 - [MESSAGE][PASSED] - Statbar Files count matches

2021-07-22 11:25:33 - [MESSAGE][FAILED] - Mismatch in Stat Bar Samples count

2021-07-22 11:25:33 - [MESSAGE][PASSED] - Statbar Cases count matches

2021-07-22 11:25:33 - [MESSAGE][PASSED] - Statbar Arms count matches

2021-07-22 11:25:33 - [MESSAGE][FAILED] - com.kms.katalon.core.exception.StepFailedException: Mismatch in Stat Bar Samples count

2021-07-22 11:25:33 - [TEST_STEP][PASSED] - waitForElementPresent(findTestObject("Object Repository/Canine/CanineResults_Samples_Tab"), 5): Object 'Object Repository/Canine/CanineResults_Samples_Tab' is present

2021-07-22 11:25:33 - [MESSAGE][PASSED] - Object 'Object Repository/Canine/CanineResults_Samples_Tab' is present

2021-07-22 11:25:33 - [TEST_STEP][PASSED] - ctdc.utilities.runtestcaseforKatalon.clickTab("Object Repository/Canine/CanineResults_Samples_Tab"): ctdc.utilities.runtestcaseforKatalon.clickTab is PASSED

2021-07-22 11:25:33 - [MESSAGE][PASSED] - ctdc.utilities.runtestcaseforKatalon.clickTab is PASSED

2021-07-22 11:25:33 - [TEST_STEP][FAILED] - ctdc.utilities.runtestcaseforKatalon.multiFunction("ICDC", G_StatBar_Samples, "Object Repository/Canine/Canine_Samples_Table", "Object Repository/Canine/Canine_Samples_TableHdr", "Object Repository/Canine/Canine_SamplesTabNextBtn", G_WebTabnameSamples, G_CypherTabnameSamples, G_QuerySamplesTab): com.kms.katalon.core.exception.StepFailedException: Mismatch in Stat Bar Samples count

2021-07-22 11:25:51 - [MESSAGE][PASSED] - Statbar Files count matches

2021-07-22 11:25:51 - [MESSAGE][FAILED] - Mismatch in Stat Bar Samples count

2021-07-22 11:25:51 - [MESSAGE][PASSED] - Statbar Cases count matches

2021-07-22 11:25:51 - [MESSAGE][PASSED] - Statbar Arms count matches

2021-07-22 11:25:51 - [MESSAGE][FAILED] - com.kms.katalon.core.exception.StepFailedException: Mismatch in Stat Bar Samples count

2021-07-22 11:25:51 - [TEST_STEP][PASSED] - waitForElementPresent(findTestObject("Object Repository/Canine/CanineResults_Files_Tab"), 5): Object 'Object Repository/Canine/CanineResults_Files_Tab' is present

2021-07-22 11:25:51 - [MESSAGE][PASSED] - Object 'Object Repository/Canine/CanineResults_Files_Tab' is present

2021-07-22 11:25:51 - [TEST_STEP][PASSED] - ctdc.utilities.runtestcaseforKatalon.clickTab("Object Repository/Canine/CanineResults_Files_Tab"): ctdc.utilities.runtestcaseforKatalon.clickTab is PASSED

2021-07-22 11:25:51 - [MESSAGE][PASSED] - ctdc.utilities.runtestcaseforKatalon.clickTab is PASSED

2021-07-22 11:25:51 - [TEST_STEP][FAILED] - ctdc.utilities.runtestcaseforKatalon.multiFunction("ICDC", G_StatBar_Files, "Object Repository/Canine/Canine_Files_Table", "Object Repository/Canine/Canine_Files_TableHdr", "Object Repository/Canine/Canine_FilesTabNextBtn", G_WebTabnameFiles, G_CypherTabnameFiles, G_QueryFilesTab): com.kms.katalon.core.exception.StepFailedException: Mismatch in Stat Bar Samples count

2021-07-22 11:26:09 - [MESSAGE][PASSED] - Statbar Files count matches

2021-07-22 11:26:09 - [MESSAGE][FAILED] - Mismatch in Stat Bar Samples count

2021-07-22 11:26:09 - [MESSAGE][PASSED] - Statbar Cases count matches

2021-07-22 11:26:09 - [MESSAGE][PASSED] - Statbar Arms count matches

2021-07-22 11:26:09 - [MESSAGE][FAILED] - com.kms.katalon.core.exception.StepFailedException: Mismatch in Stat Bar Samples count

2021-07-22 11:26:09 - [TEST_STEP][PASSED] - closeBrowser(): Browser is closed

2021-07-22 11:26:09 - [MESSAGE][PASSED] - Browser is closed]]></system-out>
         <system-err><![CDATA[2021-07-22 11:24:49 - [TEST_CASE][FAILED] - Test Cases/Canine_TestCases/Breed/TC40_Canine_Filter_Breed-SaintBnd: Test Cases/Canine_TestCases/Breed/TC40_Canine_Filter_Breed-SaintBnd FAILED.
Reason:
com.kms.katalon.core.exception.StepFailedException: Mismatch in Stat Bar Samples count
	at com.kms.katalon.core.util.KeywordUtil.markFailed(KeywordUtil.java:19)
	at com.kms.katalon.core.util.KeywordUtil$markFailed$1.call(Unknown Source)
	at ctdc.utilities.runtestcaseforKatalon.validateStatBar(runtestcaseforKatalon.groovy:965)
	at ctdc.utilities.runtestcaseforKatalon.multiFunction(runtestcaseforKatalon.groovy:254)
	at ctdc.utilities.runtestcaseforKatalon.invokeMethod(runtestcaseforKatalon.groovy)
	at com.kms.katalon.core.main.CustomKeywordDelegatingMetaClass.invokeStaticMethod(CustomKeywordDelegatingMetaClass.java:50)
	at TC40_Canine_Filter_Breed-SaintBnd.run(TC40_Canine_Filter_Breed-SaintBnd:65)
	at com.kms.katalon.core.main.ScriptEngine.run(ScriptEngine.java:194)
	at com.kms.katalon.core.main.ScriptEngine.runScriptAsRawText(ScriptEngine.java:119)
	at com.kms.katalon.core.main.TestCaseExecutor.runScript(TestCaseExecutor.java:369)
	at com.kms.katalon.core.main.TestCaseExecutor.doExecute(TestCaseExecutor.java:360)
	at com.kms.katalon.core.main.TestCaseExecutor.processExecutionPhase(TestCaseExecutor.java:339)
	at com.kms.katalon.core.main.TestCaseExecutor.accessMainPhase(TestCaseExecutor.java:331)
	at com.kms.katalon.core.main.TestCaseExecutor.execute(TestCaseExecutor.java:248)
	at com.kms.katalon.core.main.TestSuiteExecutor.accessTestCaseMainPhase(TestSuiteExecutor.java:191)
	at com.kms.katalon.core.main.TestSuiteExecutor.accessTestSuiteMainPhase(TestSuiteExecutor.java:140)
	at com.kms.katalon.core.main.TestSuiteExecutor.execute(TestSuiteExecutor.java:89)
	at com.kms.katalon.core.main.TestCaseMain.startTestSuite(TestCaseMain.java:185)
	at com.kms.katalon.core.main.TestCaseMain$startTestSuite$0.call(Unknown Source)
	at TempTestSuite1626963431420.run(TempTestSuite1626963431420.groovy:39)]]></system-err>
      </testcase>
      <testcase name="Test Cases/Canine_TestCases/Breed/TC41_Canine_Filter_Breed-Samoyed" time="88.335" classname="Test Cases/Canine_TestCases/Breed/TC41_Canine_Filter_Breed-Samoyed" status="PASSED">
         <system-out><![CDATA[2021-07-22 11:26:09 - [TEST_CASE][PASSED] - Test Cases/Canine_TestCases/Breed/TC41_Canine_Filter_Breed-Samoyed: Test Cases/Canine_TestCases/Breed/TC41_Canine_Filter_Breed-Samoyed

2021-07-22 11:26:09 - [TEST_STEP][PASSED] - Start listener action : getTestScriptName: null

2021-07-22 11:26:09 - [TEST_STEP][PASSED] - TestCaseId = testCaseContext.getTestCaseId(): null

2021-07-22 11:26:09 - [TEST_STEP][PASSED] - out.println("**********this is the value of test case id string******** " + testCaseContext.getTestCaseId()): null

2021-07-22 11:26:09 - [TEST_STEP][PASSED] - G_currentTCName = TestCaseId.substring(TestCaseId.lastIndexOf("TC")): null

2021-07-22 11:26:09 - [TEST_STEP][PASSED] - out.println("This is the test case name : " + G_currentTCName): null

2021-07-22 11:26:10 - [TEST_STEP][PASSED] - closeBrowser(): Browser is closed

2021-07-22 11:26:10 - [MESSAGE][PASSED] - Browser is closed

2021-07-22 11:26:10 - [TEST_STEP][PASSED] - ctdc.utilities.runtestcaseforKatalon.RunKatalon("TC41_Canine_Filter_Breed-Samoyed.xlsx"): Data loaded from input file for the test case. 

2021-07-22 11:26:10 - [MESSAGE][PASSED] - Test case file loaded This is the full filepath after converting to string :C:\Users\sohilz2\Commons_Automation\InputFiles\TC41_Canine_Filter_Breed-Samoyed.xlsx

2021-07-22 11:26:10 - [MESSAGE][INFO] - Global variable set for password file is :  C:\Users\sohilz2\Commons_Automation\InputFiles\TC41_Canine_Filter_Breed-Samoyed.xlsx

2021-07-22 11:26:14 - [MESSAGE][PASSED] - Data loaded from input file for the test case. 

2021-07-22 11:26:20 - [TEST_STEP][PASSED] - click(findTestObject("Canine/NavBar/Canine_Cases_Btn")): Object: 'Object Repository/Canine/NavBar/Canine_Cases_Btn' is clicked on

2021-07-22 11:26:20 - [MESSAGE][PASSED] - Object: 'Object Repository/Canine/NavBar/Canine_Cases_Btn' is clicked on

2021-07-22 11:26:20 - [TEST_STEP][PASSED] - click(findTestObject("Bento/Cases_page/Filter/FilterByCases_Facet")): Object: 'Object Repository/Bento/Cases_page/Filter/FilterByCases_Facet' is clicked on

2021-07-22 11:26:22 - [MESSAGE][PASSED] - Object: 'Object Repository/Bento/Cases_page/Filter/FilterByCases_Facet' is clicked on

2021-07-22 11:26:22 - [TEST_STEP][PASSED] - waitForElementPresent(findTestObject("Object Repository/Canine/Filter/Breed/BREED_Ddn"), 5): Object 'Object Repository/Canine/Filter/Breed/BREED_Ddn' is present

2021-07-22 11:26:22 - [MESSAGE][PASSED] - Object 'Object Repository/Canine/Filter/Breed/BREED_Ddn' is present

2021-07-22 11:26:22 - [TEST_STEP][PASSED] - ctdc.utilities.runtestcaseforKatalon.clickTab("Object Repository/Canine/Filter/Breed/BREED_Ddn"): ctdc.utilities.runtestcaseforKatalon.clickTab is PASSED

2021-07-22 11:26:22 - [MESSAGE][PASSED] - ctdc.utilities.runtestcaseforKatalon.clickTab is PASSED

2021-07-22 11:26:22 - [TEST_STEP][PASSED] - ctdc.utilities.runtestcaseforKatalon.clickTab("Object Repository/Canine/Filter/Breed/Samoyed_Chkbx"): ctdc.utilities.runtestcaseforKatalon.clickTab is PASSED

2021-07-22 11:26:23 - [MESSAGE][PASSED] - ctdc.utilities.runtestcaseforKatalon.clickTab is PASSED

2021-07-22 11:26:23 - [TEST_STEP][PASSED] - ctdc.utilities.runtestcaseforKatalon.readStatBarCanine("Object Repository/Canine/StatBar/Canine_StatBar-Studies", "Object Repository/Canine/StatBar/Canine_StatBar-Cases", "Object Repository/Canine/StatBar/Canine_StatBar-Samples", "Object Repository/Canine/StatBar/Canine_StatBar-Files", "Object Repository/Canine/StatBar/Canine_StatBar-Aliquots"): ctdc.utilities.runtestcaseforKatalon.readStatBarCanine is PASSED

2021-07-22 11:26:38 - [MESSAGE][PASSED] - ctdc.utilities.runtestcaseforKatalon.readStatBarCanine is PASSED

2021-07-22 11:26:38 - [TEST_STEP][PASSED] - waitForElementPresent(findTestObject("Object Repository/Canine/CanineResults_Cases_Tab"), 5): Object 'Object Repository/Canine/CanineResults_Cases_Tab' is present

2021-07-22 11:26:38 - [MESSAGE][PASSED] - Object 'Object Repository/Canine/CanineResults_Cases_Tab' is present

2021-07-22 11:26:38 - [TEST_STEP][PASSED] - ctdc.utilities.runtestcaseforKatalon.clickTab("Object Repository/Canine/CanineResults_Cases_Tab"): ctdc.utilities.runtestcaseforKatalon.clickTab is PASSED

2021-07-22 11:26:38 - [MESSAGE][PASSED] - ctdc.utilities.runtestcaseforKatalon.clickTab is PASSED

2021-07-22 11:26:38 - [TEST_STEP][PASSED] - ctdc.utilities.runtestcaseforKatalon.multiFunction("ICDC", G_StatBar_Cases, "Object Repository/Canine/Canine_CasesTable", "Object Repository/Canine/Canine_TableHeader", "Object Repository/Canine/Canine_CasesTabNextBtn", G_WebTabnameCases, G_CypherTabnameCases, G_QueryCasesTab): Statbar Arms count matches

2021-07-22 11:26:53 - [MESSAGE][PASSED] - Statbar Files count matches

2021-07-22 11:26:53 - [MESSAGE][PASSED] - Statbar Samples count matches

2021-07-22 11:26:53 - [MESSAGE][PASSED] - Statbar Cases count matches

2021-07-22 11:26:53 - [MESSAGE][PASSED] - Statbar Arms count matches

2021-07-22 11:26:53 - [TEST_STEP][PASSED] - waitForElementPresent(findTestObject("Object Repository/Canine/CanineResults_Samples_Tab"), 5): Object 'Object Repository/Canine/CanineResults_Samples_Tab' is present

2021-07-22 11:26:53 - [MESSAGE][PASSED] - Object 'Object Repository/Canine/CanineResults_Samples_Tab' is present

2021-07-22 11:26:53 - [TEST_STEP][PASSED] - ctdc.utilities.runtestcaseforKatalon.clickTab("Object Repository/Canine/CanineResults_Samples_Tab"): ctdc.utilities.runtestcaseforKatalon.clickTab is PASSED

2021-07-22 11:26:53 - [MESSAGE][PASSED] - ctdc.utilities.runtestcaseforKatalon.clickTab is PASSED

2021-07-22 11:26:53 - [TEST_STEP][PASSED] - ctdc.utilities.runtestcaseforKatalon.multiFunction("ICDC", G_StatBar_Samples, "Object Repository/Canine/Canine_Samples_Table", "Object Repository/Canine/Canine_Samples_TableHdr", "Object Repository/Canine/Canine_SamplesTabNextBtn", G_WebTabnameSamples, G_CypherTabnameCases, G_QuerySamplesTab): Statbar Arms count matches

2021-07-22 11:27:10 - [MESSAGE][PASSED] - Statbar Files count matches

2021-07-22 11:27:10 - [MESSAGE][PASSED] - Statbar Samples count matches

2021-07-22 11:27:10 - [MESSAGE][PASSED] - Statbar Cases count matches

2021-07-22 11:27:10 - [MESSAGE][PASSED] - Statbar Arms count matches

2021-07-22 11:27:10 - [TEST_STEP][PASSED] - waitForElementPresent(findTestObject("Object Repository/Canine/CanineResults_Files_Tab"), 5): Object 'Object Repository/Canine/CanineResults_Files_Tab' is present

2021-07-22 11:27:10 - [MESSAGE][PASSED] - Object 'Object Repository/Canine/CanineResults_Files_Tab' is present

2021-07-22 11:27:10 - [TEST_STEP][PASSED] - ctdc.utilities.runtestcaseforKatalon.clickTab("Object Repository/Canine/CanineResults_Files_Tab"): ctdc.utilities.runtestcaseforKatalon.clickTab is PASSED

2021-07-22 11:27:10 - [MESSAGE][PASSED] - ctdc.utilities.runtestcaseforKatalon.clickTab is PASSED

2021-07-22 11:27:10 - [TEST_STEP][PASSED] - ctdc.utilities.runtestcaseforKatalon.multiFunction("ICDC", G_StatBar_Files, "Object Repository/Canine/Canine_Files_Table", "Object Repository/Canine/Canine_Files_TableHdr", "Object Repository/Canine/Canine_FilesTabNextBtn", G_WebTabnameFiles, G_CypherTabnameFiles, G_QueryFilesTab): Statbar Arms count matches

2021-07-22 11:27:37 - [MESSAGE][PASSED] - Statbar Files count matches

2021-07-22 11:27:37 - [MESSAGE][PASSED] - Statbar Samples count matches

2021-07-22 11:27:37 - [MESSAGE][PASSED] - Statbar Cases count matches

2021-07-22 11:27:37 - [MESSAGE][PASSED] - Statbar Arms count matches

2021-07-22 11:27:37 - [TEST_STEP][PASSED] - closeBrowser(): Browser is closed

2021-07-22 11:27:37 - [MESSAGE][PASSED] - Browser is closed]]></system-out>
         <system-err><![CDATA[]]></system-err>
      </testcase>
      <testcase name="Test Cases/Canine_TestCases/Breed/TC42_Canine_Filter_Breed-ShihTzu" time="87.202" classname="Test Cases/Canine_TestCases/Breed/TC42_Canine_Filter_Breed-ShihTzu" status="FAILED">
         <failure type="FAILED" message="Test Cases/Canine_TestCases/Breed/TC42_Canine_Filter_Breed-ShihTzu FAILED.
Reason:
com.kms.katalon.core.exception.StepFailedException: Mismatch in Stat Bar Files count
	at com.kms.katalon.core.util.KeywordUtil.markFailed(KeywordUtil.java:19)
	at com.kms.katalon.core.util.KeywordUtil$markFailed$1.call(Unknown Source)
	at ctdc.utilities.runtestcaseforKatalon.validateStatBar(runtestcaseforKatalon.groovy:964)
	at ctdc.utilities.runtestcaseforKatalon.multiFunction(runtestcaseforKatalon.groovy:254)
	at ctdc.utilities.runtestcaseforKatalon.invokeMethod(runtestcaseforKatalon.groovy)
	at com.kms.katalon.core.main.CustomKeywordDelegatingMetaClass.invokeStaticMethod(CustomKeywordDelegatingMetaClass.java:50)
	at TC42_Canine_Filter_Breed-ShihTzu.run(TC42_Canine_Filter_Breed-ShihTzu:69)
	at com.kms.katalon.core.main.ScriptEngine.run(ScriptEngine.java:194)
	at com.kms.katalon.core.main.ScriptEngine.runScriptAsRawText(ScriptEngine.java:119)
	at com.kms.katalon.core.main.TestCaseExecutor.runScript(TestCaseExecutor.java:369)
	at com.kms.katalon.core.main.TestCaseExecutor.doExecute(TestCaseExecutor.java:360)
	at com.kms.katalon.core.main.TestCaseExecutor.processExecutionPhase(TestCaseExecutor.java:339)
	at com.kms.katalon.core.main.TestCaseExecutor.accessMainPhase(TestCaseExecutor.java:331)
	at com.kms.katalon.core.main.TestCaseExecutor.execute(TestCaseExecutor.java:248)
	at com.kms.katalon.core.main.TestSuiteExecutor.accessTestCaseMainPhase(TestSuiteExecutor.java:191)
	at com.kms.katalon.core.main.TestSuiteExecutor.accessTestSuiteMainPhase(TestSuiteExecutor.java:140)
	at com.kms.katalon.core.main.TestSuiteExecutor.execute(TestSuiteExecutor.java:89)
	at com.kms.katalon.core.main.TestCaseMain.startTestSuite(TestCaseMain.java:185)
	at com.kms.katalon.core.main.TestCaseMain$startTestSuite$0.call(Unknown Source)
	at TempTestSuite1626963431420.run(TempTestSuite1626963431420.groovy:39)
"/>
         <system-out><![CDATA[2021-07-22 11:27:37 - [TEST_CASE][FAILED] - Test Cases/Canine_TestCases/Breed/TC42_Canine_Filter_Breed-ShihTzu: Test Cases/Canine_TestCases/Breed/TC42_Canine_Filter_Breed-ShihTzu FAILED.
Reason:
com.kms.katalon.core.exception.StepFailedException: Mismatch in Stat Bar Files count
	at com.kms.katalon.core.util.KeywordUtil.markFailed(KeywordUtil.java:19)
	at com.kms.katalon.core.util.KeywordUtil$markFailed$1.call(Unknown Source)
	at ctdc.utilities.runtestcaseforKatalon.validateStatBar(runtestcaseforKatalon.groovy:964)
	at ctdc.utilities.runtestcaseforKatalon.multiFunction(runtestcaseforKatalon.groovy:254)
	at ctdc.utilities.runtestcaseforKatalon.invokeMethod(runtestcaseforKatalon.groovy)
	at com.kms.katalon.core.main.CustomKeywordDelegatingMetaClass.invokeStaticMethod(CustomKeywordDelegatingMetaClass.java:50)
	at TC42_Canine_Filter_Breed-ShihTzu.run(TC42_Canine_Filter_Breed-ShihTzu:69)
	at com.kms.katalon.core.main.ScriptEngine.run(ScriptEngine.java:194)
	at com.kms.katalon.core.main.ScriptEngine.runScriptAsRawText(ScriptEngine.java:119)
	at com.kms.katalon.core.main.TestCaseExecutor.runScript(TestCaseExecutor.java:369)
	at com.kms.katalon.core.main.TestCaseExecutor.doExecute(TestCaseExecutor.java:360)
	at com.kms.katalon.core.main.TestCaseExecutor.processExecutionPhase(TestCaseExecutor.java:339)
	at com.kms.katalon.core.main.TestCaseExecutor.accessMainPhase(TestCaseExecutor.java:331)
	at com.kms.katalon.core.main.TestCaseExecutor.execute(TestCaseExecutor.java:248)
	at com.kms.katalon.core.main.TestSuiteExecutor.accessTestCaseMainPhase(TestSuiteExecutor.java:191)
	at com.kms.katalon.core.main.TestSuiteExecutor.accessTestSuiteMainPhase(TestSuiteExecutor.java:140)
	at com.kms.katalon.core.main.TestSuiteExecutor.execute(TestSuiteExecutor.java:89)
	at com.kms.katalon.core.main.TestCaseMain.startTestSuite(TestCaseMain.java:185)
	at com.kms.katalon.core.main.TestCaseMain$startTestSuite$0.call(Unknown Source)
	at TempTestSuite1626963431420.run(TempTestSuite1626963431420.groovy:39)


2021-07-22 11:27:37 - [TEST_STEP][PASSED] - Start listener action : getTestScriptName: null

2021-07-22 11:27:37 - [TEST_STEP][PASSED] - TestCaseId = testCaseContext.getTestCaseId(): null

2021-07-22 11:27:37 - [TEST_STEP][PASSED] - out.println("**********this is the value of test case id string******** " + testCaseContext.getTestCaseId()): null

2021-07-22 11:27:37 - [TEST_STEP][PASSED] - G_currentTCName = TestCaseId.substring(TestCaseId.lastIndexOf("TC")): null

2021-07-22 11:27:37 - [TEST_STEP][PASSED] - out.println("This is the test case name : " + G_currentTCName): null

2021-07-22 11:27:38 - [TEST_STEP][PASSED] - closeBrowser(): Browser is closed

2021-07-22 11:27:38 - [MESSAGE][PASSED] - Browser is closed

2021-07-22 11:27:38 - [TEST_STEP][PASSED] - ctdc.utilities.runtestcaseforKatalon.RunKatalon("TC42_Canine_Filter_Breed-ShihTzu.xlsx"): Data loaded from input file for the test case. 

2021-07-22 11:27:38 - [MESSAGE][PASSED] - Test case file loaded This is the full filepath after converting to string :C:\Users\sohilz2\Commons_Automation\InputFiles\TC42_Canine_Filter_Breed-ShihTzu.xlsx

2021-07-22 11:27:38 - [MESSAGE][INFO] - Global variable set for password file is :  C:\Users\sohilz2\Commons_Automation\InputFiles\TC42_Canine_Filter_Breed-ShihTzu.xlsx

2021-07-22 11:27:42 - [MESSAGE][PASSED] - Data loaded from input file for the test case. 

2021-07-22 11:27:48 - [TEST_STEP][PASSED] - waitForElementPresent(findTestObject("Canine/NavBar/Canine_Cases_Btn"), 5): Object 'Object Repository/Canine/NavBar/Canine_Cases_Btn' is present

2021-07-22 11:27:48 - [MESSAGE][PASSED] - Object 'Object Repository/Canine/NavBar/Canine_Cases_Btn' is present

2021-07-22 11:27:48 - [TEST_STEP][PASSED] - ctdc.utilities.runtestcaseforKatalon.clickTab("Canine/NavBar/Canine_Cases_Btn"): ctdc.utilities.runtestcaseforKatalon.clickTab is PASSED

2021-07-22 11:27:48 - [MESSAGE][PASSED] - ctdc.utilities.runtestcaseforKatalon.clickTab is PASSED

2021-07-22 11:27:48 - [TEST_STEP][PASSED] - waitForElementPresent(findTestObject("Bento/Cases_page/Filter/FilterByCases_Facet"), 5): Object 'Object Repository/Bento/Cases_page/Filter/FilterByCases_Facet' is present

2021-07-22 11:27:49 - [MESSAGE][PASSED] - Object 'Object Repository/Bento/Cases_page/Filter/FilterByCases_Facet' is present

2021-07-22 11:27:49 - [TEST_STEP][PASSED] - ctdc.utilities.runtestcaseforKatalon.clickTab("Bento/Cases_page/Filter/FilterByCases_Facet"): ctdc.utilities.runtestcaseforKatalon.clickTab is PASSED

2021-07-22 11:27:49 - [MESSAGE][PASSED] - ctdc.utilities.runtestcaseforKatalon.clickTab is PASSED

2021-07-22 11:27:49 - [TEST_STEP][PASSED] - waitForElementPresent(findTestObject("Object Repository/Canine/Filter/Breed/BREED_Ddn"), 5): Object 'Object Repository/Canine/Filter/Breed/BREED_Ddn' is present

2021-07-22 11:27:49 - [MESSAGE][PASSED] - Object 'Object Repository/Canine/Filter/Breed/BREED_Ddn' is present

2021-07-22 11:27:49 - [TEST_STEP][PASSED] - ctdc.utilities.runtestcaseforKatalon.clickTab("Object Repository/Canine/Filter/Breed/BREED_Ddn"): ctdc.utilities.runtestcaseforKatalon.clickTab is PASSED

2021-07-22 11:27:49 - [MESSAGE][PASSED] - ctdc.utilities.runtestcaseforKatalon.clickTab is PASSED

2021-07-22 11:27:49 - [TEST_STEP][PASSED] - ctdc.utilities.runtestcaseforKatalon.clickTab("Canine/Filter/Breed/ShihTzu_Chkbx"): ctdc.utilities.runtestcaseforKatalon.clickTab is PASSED

2021-07-22 11:27:50 - [MESSAGE][PASSED] - ctdc.utilities.runtestcaseforKatalon.clickTab is PASSED

2021-07-22 11:27:50 - [TEST_STEP][PASSED] - ctdc.utilities.runtestcaseforKatalon.readStatBarCanine("Object Repository/Canine/StatBar/Canine_StatBar-Studies", "Object Repository/Canine/StatBar/Canine_StatBar-Cases", "Object Repository/Canine/StatBar/Canine_StatBar-Samples", "Object Repository/Canine/StatBar/Canine_StatBar-Files", "Object Repository/Canine/StatBar/Canine_StatBar-Aliquots"): ctdc.utilities.runtestcaseforKatalon.readStatBarCanine is PASSED

2021-07-22 11:28:05 - [MESSAGE][PASSED] - ctdc.utilities.runtestcaseforKatalon.readStatBarCanine is PASSED

2021-07-22 11:28:05 - [TEST_STEP][PASSED] - waitForElementPresent(findTestObject("Object Repository/Canine/CanineResults_Cases_Tab"), 5): Object 'Object Repository/Canine/CanineResults_Cases_Tab' is present

2021-07-22 11:28:05 - [MESSAGE][PASSED] - Object 'Object Repository/Canine/CanineResults_Cases_Tab' is present

2021-07-22 11:28:05 - [TEST_STEP][PASSED] - ctdc.utilities.runtestcaseforKatalon.clickTab("Object Repository/Canine/CanineResults_Cases_Tab"): ctdc.utilities.runtestcaseforKatalon.clickTab is PASSED

2021-07-22 11:28:05 - [MESSAGE][PASSED] - ctdc.utilities.runtestcaseforKatalon.clickTab is PASSED

2021-07-22 11:28:05 - [TEST_STEP][FAILED] - ctdc.utilities.runtestcaseforKatalon.multiFunction("ICDC", G_StatBar_Cases, "Object Repository/Canine/Canine_CasesTable", "Object Repository/Canine/Canine_TableHeader", "Object Repository/Canine/Canine_CasesTabNextBtn", G_WebTabnameCases, G_CypherTabnameCases, G_QueryCasesTab): com.kms.katalon.core.exception.StepFailedException: Mismatch in Stat Bar Files count

2021-07-22 11:28:20 - [MESSAGE][FAILED] - Mismatch in Stat Bar Files count

2021-07-22 11:28:20 - [MESSAGE][FAILED] - Mismatch in Stat Bar Samples count

2021-07-22 11:28:20 - [MESSAGE][PASSED] - Statbar Cases count matches

2021-07-22 11:28:20 - [MESSAGE][PASSED] - Statbar Arms count matches

2021-07-22 11:28:20 - [MESSAGE][FAILED] - com.kms.katalon.core.exception.StepFailedException: Mismatch in Stat Bar Files count

2021-07-22 11:28:20 - [TEST_STEP][PASSED] - waitForElementPresent(findTestObject("Object Repository/Canine/CanineResults_Samples_Tab"), 5): Object 'Object Repository/Canine/CanineResults_Samples_Tab' is present

2021-07-22 11:28:20 - [MESSAGE][PASSED] - Object 'Object Repository/Canine/CanineResults_Samples_Tab' is present

2021-07-22 11:28:20 - [TEST_STEP][PASSED] - ctdc.utilities.runtestcaseforKatalon.clickTab("Object Repository/Canine/CanineResults_Samples_Tab"): ctdc.utilities.runtestcaseforKatalon.clickTab is PASSED

2021-07-22 11:28:20 - [MESSAGE][PASSED] - ctdc.utilities.runtestcaseforKatalon.clickTab is PASSED

2021-07-22 11:28:20 - [TEST_STEP][FAILED] - ctdc.utilities.runtestcaseforKatalon.multiFunction("ICDC", G_StatBar_Samples, "Object Repository/Canine/Canine_Samples_Table", "Object Repository/Canine/Canine_Samples_TableHdr", "Object Repository/Canine/Canine_SamplesTabNextBtn", G_WebTabnameSamples, G_CypherTabnameSamples, G_QuerySamplesTab): com.kms.katalon.core.exception.StepFailedException: Mismatch in Stat Bar Files count

2021-07-22 11:28:37 - [MESSAGE][FAILED] - Mismatch in Stat Bar Files count

2021-07-22 11:28:37 - [MESSAGE][FAILED] - Mismatch in Stat Bar Samples count

2021-07-22 11:28:37 - [MESSAGE][PASSED] - Statbar Cases count matches

2021-07-22 11:28:37 - [MESSAGE][PASSED] - Statbar Arms count matches

2021-07-22 11:28:37 - [MESSAGE][FAILED] - com.kms.katalon.core.exception.StepFailedException: Mismatch in Stat Bar Files count

2021-07-22 11:28:37 - [TEST_STEP][PASSED] - waitForElementPresent(findTestObject("Object Repository/Canine/CanineResults_Files_Tab"), 5): Object 'Object Repository/Canine/CanineResults_Files_Tab' is present

2021-07-22 11:28:37 - [MESSAGE][PASSED] - Object 'Object Repository/Canine/CanineResults_Files_Tab' is present

2021-07-22 11:28:37 - [TEST_STEP][PASSED] - ctdc.utilities.runtestcaseforKatalon.clickTab("Object Repository/Canine/CanineResults_Files_Tab"): ctdc.utilities.runtestcaseforKatalon.clickTab is PASSED

2021-07-22 11:28:37 - [MESSAGE][PASSED] - ctdc.utilities.runtestcaseforKatalon.clickTab is PASSED

2021-07-22 11:28:37 - [TEST_STEP][FAILED] - ctdc.utilities.runtestcaseforKatalon.multiFunction("ICDC", G_StatBar_Files, "Object Repository/Canine/Canine_Files_Table", "Object Repository/Canine/Canine_Files_TableHdr", "Object Repository/Canine/Canine_FilesTabNextBtn", G_WebTabnameFiles, G_CypherTabnameFiles, G_QueryFilesTab): com.kms.katalon.core.exception.StepFailedException: Mismatch in Stat Bar Files count

2021-07-22 11:29:04 - [MESSAGE][FAILED] - Mismatch in Stat Bar Files count

2021-07-22 11:29:04 - [MESSAGE][FAILED] - Mismatch in Stat Bar Samples count

2021-07-22 11:29:04 - [MESSAGE][PASSED] - Statbar Cases count matches

2021-07-22 11:29:04 - [MESSAGE][PASSED] - Statbar Arms count matches

2021-07-22 11:29:04 - [MESSAGE][FAILED] - com.kms.katalon.core.exception.StepFailedException: Mismatch in Stat Bar Files count

2021-07-22 11:29:04 - [TEST_STEP][PASSED] - closeBrowser(): Browser is closed

2021-07-22 11:29:05 - [MESSAGE][PASSED] - Browser is closed]]></system-out>
         <system-err><![CDATA[2021-07-22 11:27:37 - [TEST_CASE][FAILED] - Test Cases/Canine_TestCases/Breed/TC42_Canine_Filter_Breed-ShihTzu: Test Cases/Canine_TestCases/Breed/TC42_Canine_Filter_Breed-ShihTzu FAILED.
Reason:
com.kms.katalon.core.exception.StepFailedException: Mismatch in Stat Bar Files count
	at com.kms.katalon.core.util.KeywordUtil.markFailed(KeywordUtil.java:19)
	at com.kms.katalon.core.util.KeywordUtil$markFailed$1.call(Unknown Source)
	at ctdc.utilities.runtestcaseforKatalon.validateStatBar(runtestcaseforKatalon.groovy:964)
	at ctdc.utilities.runtestcaseforKatalon.multiFunction(runtestcaseforKatalon.groovy:254)
	at ctdc.utilities.runtestcaseforKatalon.invokeMethod(runtestcaseforKatalon.groovy)
	at com.kms.katalon.core.main.CustomKeywordDelegatingMetaClass.invokeStaticMethod(CustomKeywordDelegatingMetaClass.java:50)
	at TC42_Canine_Filter_Breed-ShihTzu.run(TC42_Canine_Filter_Breed-ShihTzu:69)
	at com.kms.katalon.core.main.ScriptEngine.run(ScriptEngine.java:194)
	at com.kms.katalon.core.main.ScriptEngine.runScriptAsRawText(ScriptEngine.java:119)
	at com.kms.katalon.core.main.TestCaseExecutor.runScript(TestCaseExecutor.java:369)
	at com.kms.katalon.core.main.TestCaseExecutor.doExecute(TestCaseExecutor.java:360)
	at com.kms.katalon.core.main.TestCaseExecutor.processExecutionPhase(TestCaseExecutor.java:339)
	at com.kms.katalon.core.main.TestCaseExecutor.accessMainPhase(TestCaseExecutor.java:331)
	at com.kms.katalon.core.main.TestCaseExecutor.execute(TestCaseExecutor.java:248)
	at com.kms.katalon.core.main.TestSuiteExecutor.accessTestCaseMainPhase(TestSuiteExecutor.java:191)
	at com.kms.katalon.core.main.TestSuiteExecutor.accessTestSuiteMainPhase(TestSuiteExecutor.java:140)
	at com.kms.katalon.core.main.TestSuiteExecutor.execute(TestSuiteExecutor.java:89)
	at com.kms.katalon.core.main.TestCaseMain.startTestSuite(TestCaseMain.java:185)
	at com.kms.katalon.core.main.TestCaseMain$startTestSuite$0.call(Unknown Source)
	at TempTestSuite1626963431420.run(TempTestSuite1626963431420.groovy:39)]]></system-err>
      </testcase>
      <testcase name="Test Cases/Canine_TestCases/Breed/TC43_Canine_Filter_Breed-StaffdshrBull" time="60.973" classname="Test Cases/Canine_TestCases/Breed/TC43_Canine_Filter_Breed-StaffdshrBull" status="PASSED">
         <system-out><![CDATA[2021-07-22 11:29:05 - [TEST_CASE][PASSED] - Test Cases/Canine_TestCases/Breed/TC43_Canine_Filter_Breed-StaffdshrBull: Test Cases/Canine_TestCases/Breed/TC43_Canine_Filter_Breed-StaffdshrBull

2021-07-22 11:29:05 - [TEST_STEP][PASSED] - Start listener action : getTestScriptName: null

2021-07-22 11:29:05 - [TEST_STEP][PASSED] - TestCaseId = testCaseContext.getTestCaseId(): null

2021-07-22 11:29:05 - [TEST_STEP][PASSED] - out.println("**********this is the value of test case id string******** " + testCaseContext.getTestCaseId()): null

2021-07-22 11:29:05 - [TEST_STEP][PASSED] - G_currentTCName = TestCaseId.substring(TestCaseId.lastIndexOf("TC")): null

2021-07-22 11:29:05 - [TEST_STEP][PASSED] - out.println("This is the test case name : " + G_currentTCName): null

2021-07-22 11:29:05 - [TEST_STEP][PASSED] - closeBrowser(): Browser is closed

2021-07-22 11:29:05 - [MESSAGE][PASSED] - Browser is closed

2021-07-22 11:29:05 - [TEST_STEP][PASSED] - ctdc.utilities.runtestcaseforKatalon.RunKatalon("TC43_Canine_Filter_Breed-StaffdshrBull.xlsx"): Data loaded from input file for the test case. 

2021-07-22 11:29:05 - [MESSAGE][PASSED] - Test case file loaded This is the full filepath after converting to string :C:\Users\sohilz2\Commons_Automation\InputFiles\TC43_Canine_Filter_Breed-StaffdshrBull.xlsx

2021-07-22 11:29:05 - [MESSAGE][INFO] - Global variable set for password file is :  C:\Users\sohilz2\Commons_Automation\InputFiles\TC43_Canine_Filter_Breed-StaffdshrBull.xlsx

2021-07-22 11:29:09 - [MESSAGE][PASSED] - Data loaded from input file for the test case. 

2021-07-22 11:29:15 - [TEST_STEP][PASSED] - waitForElementPresent(findTestObject("Canine/NavBar/Canine_Cases_Btn"), 5): Object 'Object Repository/Canine/NavBar/Canine_Cases_Btn' is present

2021-07-22 11:29:15 - [MESSAGE][PASSED] - Object 'Object Repository/Canine/NavBar/Canine_Cases_Btn' is present

2021-07-22 11:29:15 - [TEST_STEP][PASSED] - ctdc.utilities.runtestcaseforKatalon.clickTab("Canine/NavBar/Canine_Cases_Btn"): ctdc.utilities.runtestcaseforKatalon.clickTab is PASSED

2021-07-22 11:29:15 - [MESSAGE][PASSED] - ctdc.utilities.runtestcaseforKatalon.clickTab is PASSED

2021-07-22 11:29:15 - [TEST_STEP][PASSED] - waitForElementPresent(findTestObject("Bento/Cases_page/Filter/FilterByCases_Facet"), 5): Object 'Object Repository/Bento/Cases_page/Filter/FilterByCases_Facet' is present

2021-07-22 11:29:16 - [MESSAGE][PASSED] - Object 'Object Repository/Bento/Cases_page/Filter/FilterByCases_Facet' is present

2021-07-22 11:29:16 - [TEST_STEP][PASSED] - ctdc.utilities.runtestcaseforKatalon.clickTab("Bento/Cases_page/Filter/FilterByCases_Facet"): ctdc.utilities.runtestcaseforKatalon.clickTab is PASSED

2021-07-22 11:29:16 - [MESSAGE][PASSED] - ctdc.utilities.runtestcaseforKatalon.clickTab is PASSED

2021-07-22 11:29:16 - [TEST_STEP][PASSED] - waitForElementPresent(findTestObject("Object Repository/Canine/Filter/Breed/BREED_Ddn"), 5): Object 'Object Repository/Canine/Filter/Breed/BREED_Ddn' is present

2021-07-22 11:29:17 - [MESSAGE][PASSED] - Object 'Object Repository/Canine/Filter/Breed/BREED_Ddn' is present

2021-07-22 11:29:17 - [TEST_STEP][PASSED] - ctdc.utilities.runtestcaseforKatalon.clickTab("Object Repository/Canine/Filter/Breed/BREED_Ddn"): ctdc.utilities.runtestcaseforKatalon.clickTab is PASSED

2021-07-22 11:29:17 - [MESSAGE][PASSED] - ctdc.utilities.runtestcaseforKatalon.clickTab is PASSED

2021-07-22 11:29:17 - [TEST_STEP][PASSED] - ctdc.utilities.runtestcaseforKatalon.clickTab("Object Repository/Canine/Filter/Breed/StaffdshrBull_Chkbx"): ctdc.utilities.runtestcaseforKatalon.clickTab is PASSED

2021-07-22 11:29:17 - [MESSAGE][PASSED] - ctdc.utilities.runtestcaseforKatalon.clickTab is PASSED

2021-07-22 11:29:17 - [TEST_STEP][PASSED] - ctdc.utilities.runtestcaseforKatalon.readStatBarCanine("Object Repository/Canine/StatBar/Canine_StatBar-Studies", "Object Repository/Canine/StatBar/Canine_StatBar-Cases", "Object Repository/Canine/StatBar/Canine_StatBar-Samples", "Object Repository/Canine/StatBar/Canine_StatBar-Files", "Object Repository/Canine/StatBar/Canine_StatBar-Aliquots"): ctdc.utilities.runtestcaseforKatalon.readStatBarCanine is PASSED

2021-07-22 11:29:32 - [MESSAGE][PASSED] - ctdc.utilities.runtestcaseforKatalon.readStatBarCanine is PASSED

2021-07-22 11:29:32 - [TEST_STEP][PASSED] - waitForElementPresent(findTestObject("Object Repository/Canine/CanineResults_Cases_Tab"), 5): Object 'Object Repository/Canine/CanineResults_Cases_Tab' is present

2021-07-22 11:29:32 - [MESSAGE][PASSED] - Object 'Object Repository/Canine/CanineResults_Cases_Tab' is present

2021-07-22 11:29:32 - [TEST_STEP][PASSED] - ctdc.utilities.runtestcaseforKatalon.clickTab("Object Repository/Canine/CanineResults_Cases_Tab"): ctdc.utilities.runtestcaseforKatalon.clickTab is PASSED

2021-07-22 11:29:33 - [MESSAGE][PASSED] - ctdc.utilities.runtestcaseforKatalon.clickTab is PASSED

2021-07-22 11:29:33 - [TEST_STEP][PASSED] - ctdc.utilities.runtestcaseforKatalon.multiFunction("ICDC", G_StatBar_Cases, "Object Repository/Canine/Canine_CasesTable", "Object Repository/Canine/Canine_TableHeader", "Object Repository/Canine/Canine_CasesTabNextBtn", G_WebTabnameCases, G_CypherTabnameCases, G_QueryCasesTab): Statbar Arms count matches

2021-07-22 11:29:47 - [MESSAGE][PASSED] - Statbar Files count matches

2021-07-22 11:29:47 - [MESSAGE][PASSED] - Statbar Samples count matches

2021-07-22 11:29:47 - [MESSAGE][PASSED] - Statbar Cases count matches

2021-07-22 11:29:47 - [MESSAGE][PASSED] - Statbar Arms count matches

2021-07-22 11:29:47 - [TEST_STEP][PASSED] - waitForElementPresent(findTestObject("Object Repository/Canine/CanineResults_Samples_Tab"), 5): Object 'Object Repository/Canine/CanineResults_Samples_Tab' is present

2021-07-22 11:29:47 - [MESSAGE][PASSED] - Object 'Object Repository/Canine/CanineResults_Samples_Tab' is present

2021-07-22 11:29:47 - [TEST_STEP][PASSED] - ctdc.utilities.runtestcaseforKatalon.clickTab("Object Repository/Canine/CanineResults_Samples_Tab"): ctdc.utilities.runtestcaseforKatalon.clickTab is PASSED

2021-07-22 11:29:47 - [MESSAGE][PASSED] - ctdc.utilities.runtestcaseforKatalon.clickTab is PASSED

2021-07-22 11:29:47 - [TEST_STEP][PASSED] - ctdc.utilities.runtestcaseforKatalon.multiFunction("ICDC", G_StatBar_Samples, "Object Repository/Canine/Canine_Samples_Table", "Object Repository/Canine/Canine_Samples_TableHdr", "Object Repository/Canine/Canine_SamplesTabNextBtn", G_WebTabnameSamples, G_CypherTabnameSamples, G_QuerySamplesTab): Statbar Arms count matches

2021-07-22 11:30:05 - [MESSAGE][PASSED] - Statbar Files count matches

2021-07-22 11:30:05 - [MESSAGE][PASSED] - Statbar Samples count matches

2021-07-22 11:30:05 - [MESSAGE][PASSED] - Statbar Cases count matches

2021-07-22 11:30:05 - [MESSAGE][PASSED] - Statbar Arms count matches

2021-07-22 11:30:05 - [TEST_STEP][PASSED] - closeBrowser(): Browser is closed

2021-07-22 11:30:06 - [MESSAGE][PASSED] - Browser is closed]]></system-out>
         <system-err><![CDATA[]]></system-err>
      </testcase>
      <testcase name="Test Cases/Canine_TestCases/Breed/TC44_Canine_Filter_Breed-Vizsla" time="75.85" classname="Test Cases/Canine_TestCases/Breed/TC44_Canine_Filter_Breed-Vizsla" status="PASSED">
         <system-out><![CDATA[2021-07-22 11:30:06 - [TEST_CASE][PASSED] - Test Cases/Canine_TestCases/Breed/TC44_Canine_Filter_Breed-Vizsla: Test Cases/Canine_TestCases/Breed/TC44_Canine_Filter_Breed-Vizsla

2021-07-22 11:30:06 - [TEST_STEP][PASSED] - Start listener action : getTestScriptName: null

2021-07-22 11:30:06 - [TEST_STEP][PASSED] - TestCaseId = testCaseContext.getTestCaseId(): null

2021-07-22 11:30:06 - [TEST_STEP][PASSED] - out.println("**********this is the value of test case id string******** " + testCaseContext.getTestCaseId()): null

2021-07-22 11:30:06 - [TEST_STEP][PASSED] - G_currentTCName = TestCaseId.substring(TestCaseId.lastIndexOf("TC")): null

2021-07-22 11:30:06 - [TEST_STEP][PASSED] - out.println("This is the test case name : " + G_currentTCName): null

2021-07-22 11:30:06 - [TEST_STEP][PASSED] - closeBrowser(): Browser is closed

2021-07-22 11:30:06 - [MESSAGE][PASSED] - Browser is closed

2021-07-22 11:30:06 - [TEST_STEP][PASSED] - ctdc.utilities.runtestcaseforKatalon.RunKatalon("TC44_Canine_Filter_Breed-Vizsla.xlsx"): Data loaded from input file for the test case. 

2021-07-22 11:30:06 - [MESSAGE][PASSED] - Test case file loaded This is the full filepath after converting to string :C:\Users\sohilz2\Commons_Automation\InputFiles\TC44_Canine_Filter_Breed-Vizsla.xlsx

2021-07-22 11:30:06 - [MESSAGE][INFO] - Global variable set for password file is :  C:\Users\sohilz2\Commons_Automation\InputFiles\TC44_Canine_Filter_Breed-Vizsla.xlsx

2021-07-22 11:30:10 - [MESSAGE][PASSED] - Data loaded from input file for the test case. 

2021-07-22 11:30:17 - [TEST_STEP][PASSED] - click(findTestObject("Canine/NavBar/Canine_Cases_Btn")): Object: 'Object Repository/Canine/NavBar/Canine_Cases_Btn' is clicked on

2021-07-22 11:30:17 - [MESSAGE][PASSED] - Object: 'Object Repository/Canine/NavBar/Canine_Cases_Btn' is clicked on

2021-07-22 11:30:17 - [TEST_STEP][PASSED] - click(findTestObject("Bento/Cases_page/Filter/FilterByCases_Facet")): Object: 'Object Repository/Bento/Cases_page/Filter/FilterByCases_Facet' is clicked on

2021-07-22 11:30:18 - [MESSAGE][PASSED] - Object: 'Object Repository/Bento/Cases_page/Filter/FilterByCases_Facet' is clicked on

2021-07-22 11:30:18 - [TEST_STEP][PASSED] - waitForElementPresent(findTestObject("Object Repository/Canine/Filter/Breed/BREED_Ddn"), 5): Object 'Object Repository/Canine/Filter/Breed/BREED_Ddn' is present

2021-07-22 11:30:19 - [MESSAGE][PASSED] - Object 'Object Repository/Canine/Filter/Breed/BREED_Ddn' is present

2021-07-22 11:30:19 - [TEST_STEP][PASSED] - ctdc.utilities.runtestcaseforKatalon.clickTab("Object Repository/Canine/Filter/Breed/BREED_Ddn"): ctdc.utilities.runtestcaseforKatalon.clickTab is PASSED

2021-07-22 11:30:19 - [MESSAGE][PASSED] - ctdc.utilities.runtestcaseforKatalon.clickTab is PASSED

2021-07-22 11:30:19 - [TEST_STEP][PASSED] - ctdc.utilities.runtestcaseforKatalon.clickTab("Object Repository/Canine/Filter/Breed/Vizsla_Chkbx"): ctdc.utilities.runtestcaseforKatalon.clickTab is PASSED

2021-07-22 11:30:20 - [MESSAGE][PASSED] - ctdc.utilities.runtestcaseforKatalon.clickTab is PASSED

2021-07-22 11:30:20 - [TEST_STEP][PASSED] - ctdc.utilities.runtestcaseforKatalon.readStatBarCanine("Object Repository/Canine/StatBar/Canine_StatBar-Studies", "Object Repository/Canine/StatBar/Canine_StatBar-Cases", "Object Repository/Canine/StatBar/Canine_StatBar-Samples", "Object Repository/Canine/StatBar/Canine_StatBar-Files", "Object Repository/Canine/StatBar/Canine_StatBar-Aliquots"): ctdc.utilities.runtestcaseforKatalon.readStatBarCanine is PASSED

2021-07-22 11:30:35 - [MESSAGE][PASSED] - ctdc.utilities.runtestcaseforKatalon.readStatBarCanine is PASSED

2021-07-22 11:30:35 - [TEST_STEP][PASSED] - waitForElementPresent(findTestObject("Object Repository/Canine/CanineResults_Cases_Tab"), 5): Object 'Object Repository/Canine/CanineResults_Cases_Tab' is present

2021-07-22 11:30:35 - [MESSAGE][PASSED] - Object 'Object Repository/Canine/CanineResults_Cases_Tab' is present

2021-07-22 11:30:35 - [TEST_STEP][PASSED] - ctdc.utilities.runtestcaseforKatalon.clickTab("Object Repository/Canine/CanineResults_Cases_Tab"): ctdc.utilities.runtestcaseforKatalon.clickTab is PASSED

2021-07-22 11:30:35 - [MESSAGE][PASSED] - ctdc.utilities.runtestcaseforKatalon.clickTab is PASSED

2021-07-22 11:30:35 - [TEST_STEP][PASSED] - ctdc.utilities.runtestcaseforKatalon.multiFunction("ICDC", G_StatBar_Cases, "Object Repository/Canine/Canine_CasesTable", "Object Repository/Canine/Canine_TableHeader", "Object Repository/Canine/Canine_CasesTabNextBtn", G_WebTabnameCases, G_CypherTabnameCases, G_QueryCasesTab): Statbar Arms count matches

2021-07-22 11:30:50 - [MESSAGE][PASSED] - Statbar Files count matches

2021-07-22 11:30:50 - [MESSAGE][PASSED] - Statbar Samples count matches

2021-07-22 11:30:50 - [MESSAGE][PASSED] - Statbar Cases count matches

2021-07-22 11:30:50 - [MESSAGE][PASSED] - Statbar Arms count matches

2021-07-22 11:30:50 - [TEST_STEP][PASSED] - waitForElementPresent(findTestObject("Object Repository/Canine/CanineResults_Samples_Tab"), 5): Object 'Object Repository/Canine/CanineResults_Samples_Tab' is present

2021-07-22 11:30:50 - [MESSAGE][PASSED] - Object 'Object Repository/Canine/CanineResults_Samples_Tab' is present

2021-07-22 11:30:50 - [TEST_STEP][PASSED] - ctdc.utilities.runtestcaseforKatalon.clickTab("Object Repository/Canine/CanineResults_Samples_Tab"): ctdc.utilities.runtestcaseforKatalon.clickTab is PASSED

2021-07-22 11:30:50 - [MESSAGE][PASSED] - ctdc.utilities.runtestcaseforKatalon.clickTab is PASSED

2021-07-22 11:30:50 - [TEST_STEP][PASSED] - ctdc.utilities.runtestcaseforKatalon.multiFunction("ICDC", G_StatBar_Samples, "Object Repository/Canine/Canine_Samples_Table", "Object Repository/Canine/Canine_Samples_TableHdr", "Object Repository/Canine/Canine_SamplesTabNextBtn", G_WebTabnameSamples, G_CypherTabnameSamples, G_QuerySamplesTab): Statbar Arms count matches

2021-07-22 11:31:05 - [MESSAGE][PASSED] - Statbar Files count matches

2021-07-22 11:31:05 - [MESSAGE][PASSED] - Statbar Samples count matches

2021-07-22 11:31:05 - [MESSAGE][PASSED] - Statbar Cases count matches

2021-07-22 11:31:05 - [MESSAGE][PASSED] - Statbar Arms count matches

2021-07-22 11:31:05 - [TEST_STEP][PASSED] - waitForElementPresent(findTestObject("Object Repository/Canine/CanineResults_Files_Tab"), 5): Object 'Object Repository/Canine/CanineResults_Files_Tab' is present

2021-07-22 11:31:05 - [MESSAGE][PASSED] - Object 'Object Repository/Canine/CanineResults_Files_Tab' is present

2021-07-22 11:31:05 - [TEST_STEP][PASSED] - ctdc.utilities.runtestcaseforKatalon.clickTab("Object Repository/Canine/CanineResults_Files_Tab"): ctdc.utilities.runtestcaseforKatalon.clickTab is PASSED

2021-07-22 11:31:06 - [MESSAGE][PASSED] - ctdc.utilities.runtestcaseforKatalon.clickTab is PASSED

2021-07-22 11:31:06 - [TEST_STEP][PASSED] - ctdc.utilities.runtestcaseforKatalon.multiFunction("ICDC", G_StatBar_Files, "Object Repository/Canine/Canine_Files_Table", "Object Repository/Canine/Canine_Files_TableHdr", "Object Repository/Canine/Canine_FilesTabNextBtn", G_WebTabnameFiles, G_CypherTabnameFiles, G_QueryFilesTab): Statbar Arms count matches

2021-07-22 11:31:21 - [MESSAGE][PASSED] - Statbar Files count matches

2021-07-22 11:31:21 - [MESSAGE][PASSED] - Statbar Samples count matches

2021-07-22 11:31:21 - [MESSAGE][PASSED] - Statbar Cases count matches

2021-07-22 11:31:21 - [MESSAGE][PASSED] - Statbar Arms count matches

2021-07-22 11:31:21 - [TEST_STEP][PASSED] - closeBrowser(): Browser is closed

2021-07-22 11:31:21 - [MESSAGE][PASSED] - Browser is closed]]></system-out>
         <system-err><![CDATA[]]></system-err>
      </testcase>
      <testcase name="Test Cases/Canine_TestCases/Breed/TC45_Canine_Filter_Breed-Weimrnr" time="73.673" classname="Test Cases/Canine_TestCases/Breed/TC45_Canine_Filter_Breed-Weimrnr" status="PASSED">
         <system-out><![CDATA[2021-07-22 11:31:21 - [TEST_CASE][PASSED] - Test Cases/Canine_TestCases/Breed/TC45_Canine_Filter_Breed-Weimrnr: Test Cases/Canine_TestCases/Breed/TC45_Canine_Filter_Breed-Weimrnr

2021-07-22 11:31:21 - [TEST_STEP][PASSED] - Start listener action : getTestScriptName: null

2021-07-22 11:31:21 - [TEST_STEP][PASSED] - TestCaseId = testCaseContext.getTestCaseId(): null

2021-07-22 11:31:21 - [TEST_STEP][PASSED] - out.println("**********this is the value of test case id string******** " + testCaseContext.getTestCaseId()): null

2021-07-22 11:31:21 - [TEST_STEP][PASSED] - G_currentTCName = TestCaseId.substring(TestCaseId.lastIndexOf("TC")): null

2021-07-22 11:31:21 - [TEST_STEP][PASSED] - out.println("This is the test case name : " + G_currentTCName): null

2021-07-22 11:31:22 - [TEST_STEP][PASSED] - closeBrowser(): Browser is closed

2021-07-22 11:31:22 - [MESSAGE][PASSED] - Browser is closed

2021-07-22 11:31:22 - [TEST_STEP][PASSED] - ctdc.utilities.runtestcaseforKatalon.RunKatalon("TC45_Canine_Filter_Breed-Weimrnr.xlsx"): Data loaded from input file for the test case. 

2021-07-22 11:31:22 - [MESSAGE][PASSED] - Test case file loaded This is the full filepath after converting to string :C:\Users\sohilz2\Commons_Automation\InputFiles\TC45_Canine_Filter_Breed-Weimrnr.xlsx

2021-07-22 11:31:22 - [MESSAGE][INFO] - Global variable set for password file is :  C:\Users\sohilz2\Commons_Automation\InputFiles\TC45_Canine_Filter_Breed-Weimrnr.xlsx

2021-07-22 11:31:26 - [MESSAGE][PASSED] - Data loaded from input file for the test case. 

2021-07-22 11:31:32 - [TEST_STEP][PASSED] - click(findTestObject("Canine/NavBar/Canine_Cases_Btn")): Object: 'Object Repository/Canine/NavBar/Canine_Cases_Btn' is clicked on

2021-07-22 11:31:32 - [MESSAGE][PASSED] - Object: 'Object Repository/Canine/NavBar/Canine_Cases_Btn' is clicked on

2021-07-22 11:31:32 - [TEST_STEP][PASSED] - click(findTestObject("Bento/Cases_page/Filter/FilterByCases_Facet")): Object: 'Object Repository/Bento/Cases_page/Filter/FilterByCases_Facet' is clicked on

2021-07-22 11:31:33 - [MESSAGE][PASSED] - Object: 'Object Repository/Bento/Cases_page/Filter/FilterByCases_Facet' is clicked on

2021-07-22 11:31:33 - [TEST_STEP][PASSED] - waitForElementPresent(findTestObject("Object Repository/Canine/Filter/Breed/BREED_Ddn"), 5): Object 'Object Repository/Canine/Filter/Breed/BREED_Ddn' is present

2021-07-22 11:31:33 - [MESSAGE][PASSED] - Object 'Object Repository/Canine/Filter/Breed/BREED_Ddn' is present

2021-07-22 11:31:33 - [TEST_STEP][PASSED] - ctdc.utilities.runtestcaseforKatalon.clickTab("Object Repository/Canine/Filter/Breed/BREED_Ddn"): ctdc.utilities.runtestcaseforKatalon.clickTab is PASSED

2021-07-22 11:31:34 - [MESSAGE][PASSED] - ctdc.utilities.runtestcaseforKatalon.clickTab is PASSED

2021-07-22 11:31:34 - [TEST_STEP][PASSED] - ctdc.utilities.runtestcaseforKatalon.clickTab("Object Repository/Canine/Filter/Breed/Weimrnr_Chkbx"): ctdc.utilities.runtestcaseforKatalon.clickTab is PASSED

2021-07-22 11:31:34 - [MESSAGE][PASSED] - ctdc.utilities.runtestcaseforKatalon.clickTab is PASSED

2021-07-22 11:31:34 - [TEST_STEP][PASSED] - ctdc.utilities.runtestcaseforKatalon.readStatBarCanine("Object Repository/Canine/StatBar/Canine_StatBar-Studies", "Object Repository/Canine/StatBar/Canine_StatBar-Cases", "Object Repository/Canine/StatBar/Canine_StatBar-Samples", "Object Repository/Canine/StatBar/Canine_StatBar-Files", "Object Repository/Canine/StatBar/Canine_StatBar-Aliquots"): ctdc.utilities.runtestcaseforKatalon.readStatBarCanine is PASSED

2021-07-22 11:31:49 - [MESSAGE][PASSED] - ctdc.utilities.runtestcaseforKatalon.readStatBarCanine is PASSED

2021-07-22 11:31:49 - [TEST_STEP][PASSED] - waitForElementPresent(findTestObject("Object Repository/Canine/CanineResults_Cases_Tab"), 5): Object 'Object Repository/Canine/CanineResults_Cases_Tab' is present

2021-07-22 11:31:49 - [MESSAGE][PASSED] - Object 'Object Repository/Canine/CanineResults_Cases_Tab' is present

2021-07-22 11:31:49 - [TEST_STEP][PASSED] - ctdc.utilities.runtestcaseforKatalon.clickTab("Object Repository/Canine/CanineResults_Cases_Tab"): ctdc.utilities.runtestcaseforKatalon.clickTab is PASSED

2021-07-22 11:31:50 - [MESSAGE][PASSED] - ctdc.utilities.runtestcaseforKatalon.clickTab is PASSED

2021-07-22 11:31:50 - [TEST_STEP][PASSED] - ctdc.utilities.runtestcaseforKatalon.multiFunction("ICDC", G_StatBar_Cases, "Object Repository/Canine/Canine_CasesTable", "Object Repository/Canine/Canine_TableHeader", "Object Repository/Canine/Canine_CasesTabNextBtn", G_WebTabnameCases, G_CypherTabnameCases, G_QueryCasesTab): Statbar Arms count matches

2021-07-22 11:32:04 - [MESSAGE][PASSED] - Statbar Files count matches

2021-07-22 11:32:04 - [MESSAGE][PASSED] - Statbar Samples count matches

2021-07-22 11:32:04 - [MESSAGE][PASSED] - Statbar Cases count matches

2021-07-22 11:32:04 - [MESSAGE][PASSED] - Statbar Arms count matches

2021-07-22 11:32:04 - [TEST_STEP][PASSED] - waitForElementPresent(findTestObject("Object Repository/Canine/CanineResults_Samples_Tab"), 5): Object 'Object Repository/Canine/CanineResults_Samples_Tab' is present

2021-07-22 11:32:04 - [MESSAGE][PASSED] - Object 'Object Repository/Canine/CanineResults_Samples_Tab' is present

2021-07-22 11:32:04 - [TEST_STEP][PASSED] - ctdc.utilities.runtestcaseforKatalon.clickTab("Object Repository/Canine/CanineResults_Samples_Tab"): ctdc.utilities.runtestcaseforKatalon.clickTab is PASSED

2021-07-22 11:32:04 - [MESSAGE][PASSED] - ctdc.utilities.runtestcaseforKatalon.clickTab is PASSED

2021-07-22 11:32:04 - [TEST_STEP][PASSED] - ctdc.utilities.runtestcaseforKatalon.multiFunction("ICDC", G_StatBar_Samples, "Object Repository/Canine/Canine_Samples_Table", "Object Repository/Canine/Canine_Samples_TableHdr", "Object Repository/Canine/Canine_SamplesTabNextBtn", G_WebTabnameSamples, G_CypherTabnameSamples, G_QuerySamplesTab): Statbar Arms count matches

2021-07-22 11:32:19 - [MESSAGE][PASSED] - Statbar Files count matches

2021-07-22 11:32:19 - [MESSAGE][PASSED] - Statbar Samples count matches

2021-07-22 11:32:19 - [MESSAGE][PASSED] - Statbar Cases count matches

2021-07-22 11:32:19 - [MESSAGE][PASSED] - Statbar Arms count matches

2021-07-22 11:32:19 - [TEST_STEP][PASSED] - waitForElementPresent(findTestObject("Object Repository/Canine/CanineResults_Files_Tab"), 5): Object 'Object Repository/Canine/CanineResults_Files_Tab' is present

2021-07-22 11:32:19 - [MESSAGE][PASSED] - Object 'Object Repository/Canine/CanineResults_Files_Tab' is present

2021-07-22 11:32:19 - [TEST_STEP][PASSED] - ctdc.utilities.runtestcaseforKatalon.clickTab("Object Repository/Canine/CanineResults_Files_Tab"): ctdc.utilities.runtestcaseforKatalon.clickTab is PASSED

2021-07-22 11:32:19 - [MESSAGE][PASSED] - ctdc.utilities.runtestcaseforKatalon.clickTab is PASSED

2021-07-22 11:32:19 - [TEST_STEP][PASSED] - ctdc.utilities.runtestcaseforKatalon.multiFunction("ICDC", G_StatBar_Files, "Object Repository/Canine/Canine_Files_Table", "Object Repository/Canine/Canine_Files_TableHdr", "Object Repository/Canine/Canine_FilesTabNextBtn", G_WebTabnameFiles, G_CypherTabnameFiles, G_QueryFilesTab): Statbar Arms count matches

2021-07-22 11:32:35 - [MESSAGE][PASSED] - Statbar Files count matches

2021-07-22 11:32:35 - [MESSAGE][PASSED] - Statbar Samples count matches

2021-07-22 11:32:35 - [MESSAGE][PASSED] - Statbar Cases count matches

2021-07-22 11:32:35 - [MESSAGE][PASSED] - Statbar Arms count matches

2021-07-22 11:32:35 - [TEST_STEP][PASSED] - closeBrowser(): Browser is closed

2021-07-22 11:32:35 - [MESSAGE][PASSED] - Browser is closed]]></system-out>
         <system-err><![CDATA[]]></system-err>
      </testcase>
      <testcase name="Test Cases/Canine_TestCases/Breed/TC46_Canine_Filter_Breed-WestHlnd" time="89.799" classname="Test Cases/Canine_TestCases/Breed/TC46_Canine_Filter_Breed-WestHlnd" status="FAILED">
         <failure type="FAILED" message="Test Cases/Canine_TestCases/Breed/TC46_Canine_Filter_Breed-WestHlnd FAILED.
Reason:
com.kms.katalon.core.exception.StepFailedException: Mismatch in Stat Bar Files count
	at com.kms.katalon.core.util.KeywordUtil.markFailed(KeywordUtil.java:19)
	at com.kms.katalon.core.util.KeywordUtil$markFailed$1.call(Unknown Source)
	at ctdc.utilities.runtestcaseforKatalon.validateStatBar(runtestcaseforKatalon.groovy:964)
	at ctdc.utilities.runtestcaseforKatalon.multiFunction(runtestcaseforKatalon.groovy:254)
	at ctdc.utilities.runtestcaseforKatalon.invokeMethod(runtestcaseforKatalon.groovy)
	at com.kms.katalon.core.main.CustomKeywordDelegatingMetaClass.invokeStaticMethod(CustomKeywordDelegatingMetaClass.java:50)
	at TC46_Canine_Filter_Breed-WestHlnd.run(TC46_Canine_Filter_Breed-WestHlnd:65)
	at com.kms.katalon.core.main.ScriptEngine.run(ScriptEngine.java:194)
	at com.kms.katalon.core.main.ScriptEngine.runScriptAsRawText(ScriptEngine.java:119)
	at com.kms.katalon.core.main.TestCaseExecutor.runScript(TestCaseExecutor.java:369)
	at com.kms.katalon.core.main.TestCaseExecutor.doExecute(TestCaseExecutor.java:360)
	at com.kms.katalon.core.main.TestCaseExecutor.processExecutionPhase(TestCaseExecutor.java:339)
	at com.kms.katalon.core.main.TestCaseExecutor.accessMainPhase(TestCaseExecutor.java:331)
	at com.kms.katalon.core.main.TestCaseExecutor.execute(TestCaseExecutor.java:248)
	at com.kms.katalon.core.main.TestSuiteExecutor.accessTestCaseMainPhase(TestSuiteExecutor.java:191)
	at com.kms.katalon.core.main.TestSuiteExecutor.accessTestSuiteMainPhase(TestSuiteExecutor.java:140)
	at com.kms.katalon.core.main.TestSuiteExecutor.execute(TestSuiteExecutor.java:89)
	at com.kms.katalon.core.main.TestCaseMain.startTestSuite(TestCaseMain.java:185)
	at com.kms.katalon.core.main.TestCaseMain$startTestSuite$0.call(Unknown Source)
	at TempTestSuite1626963431420.run(TempTestSuite1626963431420.groovy:39)
"/>
         <system-out><![CDATA[2021-07-22 11:32:35 - [TEST_CASE][FAILED] - Test Cases/Canine_TestCases/Breed/TC46_Canine_Filter_Breed-WestHlnd: Test Cases/Canine_TestCases/Breed/TC46_Canine_Filter_Breed-WestHlnd FAILED.
Reason:
com.kms.katalon.core.exception.StepFailedException: Mismatch in Stat Bar Files count
	at com.kms.katalon.core.util.KeywordUtil.markFailed(KeywordUtil.java:19)
	at com.kms.katalon.core.util.KeywordUtil$markFailed$1.call(Unknown Source)
	at ctdc.utilities.runtestcaseforKatalon.validateStatBar(runtestcaseforKatalon.groovy:964)
	at ctdc.utilities.runtestcaseforKatalon.multiFunction(runtestcaseforKatalon.groovy:254)
	at ctdc.utilities.runtestcaseforKatalon.invokeMethod(runtestcaseforKatalon.groovy)
	at com.kms.katalon.core.main.CustomKeywordDelegatingMetaClass.invokeStaticMethod(CustomKeywordDelegatingMetaClass.java:50)
	at TC46_Canine_Filter_Breed-WestHlnd.run(TC46_Canine_Filter_Breed-WestHlnd:65)
	at com.kms.katalon.core.main.ScriptEngine.run(ScriptEngine.java:194)
	at com.kms.katalon.core.main.ScriptEngine.runScriptAsRawText(ScriptEngine.java:119)
	at com.kms.katalon.core.main.TestCaseExecutor.runScript(TestCaseExecutor.java:369)
	at com.kms.katalon.core.main.TestCaseExecutor.doExecute(TestCaseExecutor.java:360)
	at com.kms.katalon.core.main.TestCaseExecutor.processExecutionPhase(TestCaseExecutor.java:339)
	at com.kms.katalon.core.main.TestCaseExecutor.accessMainPhase(TestCaseExecutor.java:331)
	at com.kms.katalon.core.main.TestCaseExecutor.execute(TestCaseExecutor.java:248)
	at com.kms.katalon.core.main.TestSuiteExecutor.accessTestCaseMainPhase(TestSuiteExecutor.java:191)
	at com.kms.katalon.core.main.TestSuiteExecutor.accessTestSuiteMainPhase(TestSuiteExecutor.java:140)
	at com.kms.katalon.core.main.TestSuiteExecutor.execute(TestSuiteExecutor.java:89)
	at com.kms.katalon.core.main.TestCaseMain.startTestSuite(TestCaseMain.java:185)
	at com.kms.katalon.core.main.TestCaseMain$startTestSuite$0.call(Unknown Source)
	at TempTestSuite1626963431420.run(TempTestSuite1626963431420.groovy:39)


2021-07-22 11:32:35 - [TEST_STEP][PASSED] - Start listener action : getTestScriptName: null

2021-07-22 11:32:35 - [TEST_STEP][PASSED] - TestCaseId = testCaseContext.getTestCaseId(): null

2021-07-22 11:32:35 - [TEST_STEP][PASSED] - out.println("**********this is the value of test case id string******** " + testCaseContext.getTestCaseId()): null

2021-07-22 11:32:35 - [TEST_STEP][PASSED] - G_currentTCName = TestCaseId.substring(TestCaseId.lastIndexOf("TC")): null

2021-07-22 11:32:35 - [TEST_STEP][PASSED] - out.println("This is the test case name : " + G_currentTCName): null

2021-07-22 11:32:36 - [TEST_STEP][PASSED] - closeBrowser(): Browser is closed

2021-07-22 11:32:36 - [MESSAGE][PASSED] - Browser is closed

2021-07-22 11:32:36 - [TEST_STEP][PASSED] - ctdc.utilities.runtestcaseforKatalon.RunKatalon("TC46_Canine_Filter_Breed-WestHlnd.xlsx"): Data loaded from input file for the test case. 

2021-07-22 11:32:36 - [MESSAGE][PASSED] - Test case file loaded This is the full filepath after converting to string :C:\Users\sohilz2\Commons_Automation\InputFiles\TC46_Canine_Filter_Breed-WestHlnd.xlsx

2021-07-22 11:32:36 - [MESSAGE][INFO] - Global variable set for password file is :  C:\Users\sohilz2\Commons_Automation\InputFiles\TC46_Canine_Filter_Breed-WestHlnd.xlsx

2021-07-22 11:32:40 - [MESSAGE][PASSED] - Data loaded from input file for the test case. 

2021-07-22 11:32:46 - [TEST_STEP][PASSED] - click(findTestObject("Canine/NavBar/Canine_Cases_Btn")): Object: 'Object Repository/Canine/NavBar/Canine_Cases_Btn' is clicked on

2021-07-22 11:32:46 - [MESSAGE][PASSED] - Object: 'Object Repository/Canine/NavBar/Canine_Cases_Btn' is clicked on

2021-07-22 11:32:46 - [TEST_STEP][PASSED] - click(findTestObject("Bento/Cases_page/Filter/FilterByCases_Facet")): Object: 'Object Repository/Bento/Cases_page/Filter/FilterByCases_Facet' is clicked on

2021-07-22 11:32:47 - [MESSAGE][PASSED] - Object: 'Object Repository/Bento/Cases_page/Filter/FilterByCases_Facet' is clicked on

2021-07-22 11:32:47 - [TEST_STEP][PASSED] - waitForElementPresent(findTestObject("Object Repository/Canine/Filter/Breed/BREED_Ddn"), 5): Object 'Object Repository/Canine/Filter/Breed/BREED_Ddn' is present

2021-07-22 11:32:47 - [MESSAGE][PASSED] - Object 'Object Repository/Canine/Filter/Breed/BREED_Ddn' is present

2021-07-22 11:32:47 - [TEST_STEP][PASSED] - ctdc.utilities.runtestcaseforKatalon.clickTab("Object Repository/Canine/Filter/Breed/BREED_Ddn"): ctdc.utilities.runtestcaseforKatalon.clickTab is PASSED

2021-07-22 11:32:47 - [MESSAGE][PASSED] - ctdc.utilities.runtestcaseforKatalon.clickTab is PASSED

2021-07-22 11:32:47 - [TEST_STEP][PASSED] - ctdc.utilities.runtestcaseforKatalon.clickTab("Object Repository/Canine/Filter/Breed/WestHland_Chkbx"): ctdc.utilities.runtestcaseforKatalon.clickTab is PASSED

2021-07-22 11:32:47 - [MESSAGE][PASSED] - ctdc.utilities.runtestcaseforKatalon.clickTab is PASSED

2021-07-22 11:32:47 - [TEST_STEP][PASSED] - ctdc.utilities.runtestcaseforKatalon.readStatBarCanine("Object Repository/Canine/StatBar/Canine_StatBar-Studies", "Object Repository/Canine/StatBar/Canine_StatBar-Cases", "Object Repository/Canine/StatBar/Canine_StatBar-Samples", "Object Repository/Canine/StatBar/Canine_StatBar-Files", "Object Repository/Canine/StatBar/Canine_StatBar-Aliquots"): ctdc.utilities.runtestcaseforKatalon.readStatBarCanine is PASSED

2021-07-22 11:33:03 - [MESSAGE][PASSED] - ctdc.utilities.runtestcaseforKatalon.readStatBarCanine is PASSED

2021-07-22 11:33:03 - [TEST_STEP][PASSED] - waitForElementPresent(findTestObject("Object Repository/Canine/CanineResults_Cases_Tab"), 5): Object 'Object Repository/Canine/CanineResults_Cases_Tab' is present

2021-07-22 11:33:03 - [MESSAGE][PASSED] - Object 'Object Repository/Canine/CanineResults_Cases_Tab' is present

2021-07-22 11:33:03 - [TEST_STEP][PASSED] - ctdc.utilities.runtestcaseforKatalon.clickTab("Object Repository/Canine/CanineResults_Cases_Tab"): ctdc.utilities.runtestcaseforKatalon.clickTab is PASSED

2021-07-22 11:33:03 - [MESSAGE][PASSED] - ctdc.utilities.runtestcaseforKatalon.clickTab is PASSED

2021-07-22 11:33:03 - [TEST_STEP][FAILED] - ctdc.utilities.runtestcaseforKatalon.multiFunction("ICDC", G_StatBar_Cases, "Object Repository/Canine/Canine_CasesTable", "Object Repository/Canine/Canine_TableHeader", "Object Repository/Canine/Canine_CasesTabNextBtn", G_WebTabnameCases, G_CypherTabnameCases, G_QueryCasesTab): com.kms.katalon.core.exception.StepFailedException: Mismatch in Stat Bar Files count

2021-07-22 11:33:18 - [MESSAGE][FAILED] - Mismatch in Stat Bar Files count

2021-07-22 11:33:18 - [MESSAGE][FAILED] - Mismatch in Stat Bar Samples count

2021-07-22 11:33:18 - [MESSAGE][PASSED] - Statbar Cases count matches

2021-07-22 11:33:18 - [MESSAGE][PASSED] - Statbar Arms count matches

2021-07-22 11:33:18 - [MESSAGE][FAILED] - com.kms.katalon.core.exception.StepFailedException: Mismatch in Stat Bar Files count

2021-07-22 11:33:18 - [TEST_STEP][PASSED] - waitForElementPresent(findTestObject("Object Repository/Canine/CanineResults_Samples_Tab"), 5): Object 'Object Repository/Canine/CanineResults_Samples_Tab' is present

2021-07-22 11:33:19 - [MESSAGE][PASSED] - Object 'Object Repository/Canine/CanineResults_Samples_Tab' is present

2021-07-22 11:33:19 - [TEST_STEP][PASSED] - ctdc.utilities.runtestcaseforKatalon.clickTab("Object Repository/Canine/CanineResults_Samples_Tab"): ctdc.utilities.runtestcaseforKatalon.clickTab is PASSED

2021-07-22 11:33:19 - [MESSAGE][PASSED] - ctdc.utilities.runtestcaseforKatalon.clickTab is PASSED

2021-07-22 11:33:19 - [TEST_STEP][FAILED] - ctdc.utilities.runtestcaseforKatalon.multiFunction("ICDC", G_StatBar_Samples, "Object Repository/Canine/Canine_Samples_Table", "Object Repository/Canine/Canine_Samples_TableHdr", "Object Repository/Canine/Canine_SamplesTabNextBtn", G_WebTabnameSamples, G_CypherTabnameSamples, G_QuerySamplesTab): com.kms.katalon.core.exception.StepFailedException: Mismatch in Stat Bar Files count

2021-07-22 11:33:36 - [MESSAGE][FAILED] - Mismatch in Stat Bar Files count

2021-07-22 11:33:36 - [MESSAGE][FAILED] - Mismatch in Stat Bar Samples count

2021-07-22 11:33:36 - [MESSAGE][PASSED] - Statbar Cases count matches

2021-07-22 11:33:36 - [MESSAGE][PASSED] - Statbar Arms count matches

2021-07-22 11:33:36 - [MESSAGE][FAILED] - com.kms.katalon.core.exception.StepFailedException: Mismatch in Stat Bar Files count

2021-07-22 11:33:36 - [TEST_STEP][PASSED] - waitForElementPresent(findTestObject("Object Repository/Canine/CanineResults_Files_Tab"), 5): Object 'Object Repository/Canine/CanineResults_Files_Tab' is present

2021-07-22 11:33:36 - [MESSAGE][PASSED] - Object 'Object Repository/Canine/CanineResults_Files_Tab' is present

2021-07-22 11:33:36 - [TEST_STEP][PASSED] - ctdc.utilities.runtestcaseforKatalon.clickTab("Object Repository/Canine/CanineResults_Files_Tab"): ctdc.utilities.runtestcaseforKatalon.clickTab is PASSED

2021-07-22 11:33:37 - [MESSAGE][PASSED] - ctdc.utilities.runtestcaseforKatalon.clickTab is PASSED

2021-07-22 11:33:37 - [TEST_STEP][FAILED] - ctdc.utilities.runtestcaseforKatalon.multiFunction("ICDC", G_StatBar_Files, "Object Repository/Canine/Canine_Files_Table", "Object Repository/Canine/Canine_Files_TableHdr", "Object Repository/Canine/Canine_FilesTabNextBtn", G_WebTabnameFiles, G_CypherTabnameFiles, G_QueryFilesTab): com.kms.katalon.core.exception.StepFailedException: Mismatch in Stat Bar Files count

2021-07-22 11:34:04 - [MESSAGE][FAILED] - Mismatch in Stat Bar Files count

2021-07-22 11:34:04 - [MESSAGE][FAILED] - Mismatch in Stat Bar Samples count

2021-07-22 11:34:04 - [MESSAGE][PASSED] - Statbar Cases count matches

2021-07-22 11:34:04 - [MESSAGE][PASSED] - Statbar Arms count matches

2021-07-22 11:34:04 - [MESSAGE][FAILED] - com.kms.katalon.core.exception.StepFailedException: Mismatch in Stat Bar Files count

2021-07-22 11:34:04 - [TEST_STEP][PASSED] - closeBrowser(): Browser is closed

2021-07-22 11:34:05 - [MESSAGE][PASSED] - Browser is closed]]></system-out>
         <system-err><![CDATA[2021-07-22 11:32:35 - [TEST_CASE][FAILED] - Test Cases/Canine_TestCases/Breed/TC46_Canine_Filter_Breed-WestHlnd: Test Cases/Canine_TestCases/Breed/TC46_Canine_Filter_Breed-WestHlnd FAILED.
Reason:
com.kms.katalon.core.exception.StepFailedException: Mismatch in Stat Bar Files count
	at com.kms.katalon.core.util.KeywordUtil.markFailed(KeywordUtil.java:19)
	at com.kms.katalon.core.util.KeywordUtil$markFailed$1.call(Unknown Source)
	at ctdc.utilities.runtestcaseforKatalon.validateStatBar(runtestcaseforKatalon.groovy:964)
	at ctdc.utilities.runtestcaseforKatalon.multiFunction(runtestcaseforKatalon.groovy:254)
	at ctdc.utilities.runtestcaseforKatalon.invokeMethod(runtestcaseforKatalon.groovy)
	at com.kms.katalon.core.main.CustomKeywordDelegatingMetaClass.invokeStaticMethod(CustomKeywordDelegatingMetaClass.java:50)
	at TC46_Canine_Filter_Breed-WestHlnd.run(TC46_Canine_Filter_Breed-WestHlnd:65)
	at com.kms.katalon.core.main.ScriptEngine.run(ScriptEngine.java:194)
	at com.kms.katalon.core.main.ScriptEngine.runScriptAsRawText(ScriptEngine.java:119)
	at com.kms.katalon.core.main.TestCaseExecutor.runScript(TestCaseExecutor.java:369)
	at com.kms.katalon.core.main.TestCaseExecutor.doExecute(TestCaseExecutor.java:360)
	at com.kms.katalon.core.main.TestCaseExecutor.processExecutionPhase(TestCaseExecutor.java:339)
	at com.kms.katalon.core.main.TestCaseExecutor.accessMainPhase(TestCaseExecutor.java:331)
	at com.kms.katalon.core.main.TestCaseExecutor.execute(TestCaseExecutor.java:248)
	at com.kms.katalon.core.main.TestSuiteExecutor.accessTestCaseMainPhase(TestSuiteExecutor.java:191)
	at com.kms.katalon.core.main.TestSuiteExecutor.accessTestSuiteMainPhase(TestSuiteExecutor.java:140)
	at com.kms.katalon.core.main.TestSuiteExecutor.execute(TestSuiteExecutor.java:89)
	at com.kms.katalon.core.main.TestCaseMain.startTestSuite(TestCaseMain.java:185)
	at com.kms.katalon.core.main.TestCaseMain$startTestSuite$0.call(Unknown Source)
	at TempTestSuite1626963431420.run(TempTestSuite1626963431420.groovy:39)]]></system-err>
      </testcase>
      <testcase name="Test Cases/Canine_TestCases/Breed/TC47_Canine_Filter_Breed-YorkshireTerr" time="57.542" classname="Test Cases/Canine_TestCases/Breed/TC47_Canine_Filter_Breed-YorkshireTerr" status="PASSED">
         <system-out><![CDATA[2021-07-22 11:34:05 - [TEST_CASE][PASSED] - Test Cases/Canine_TestCases/Breed/TC47_Canine_Filter_Breed-YorkshireTerr: Test Cases/Canine_TestCases/Breed/TC47_Canine_Filter_Breed-YorkshireTerr

2021-07-22 11:34:05 - [TEST_STEP][PASSED] - Start listener action : getTestScriptName: null

2021-07-22 11:34:05 - [TEST_STEP][PASSED] - TestCaseId = testCaseContext.getTestCaseId(): null

2021-07-22 11:34:05 - [TEST_STEP][PASSED] - out.println("**********this is the value of test case id string******** " + testCaseContext.getTestCaseId()): null

2021-07-22 11:34:05 - [TEST_STEP][PASSED] - G_currentTCName = TestCaseId.substring(TestCaseId.lastIndexOf("TC")): null

2021-07-22 11:34:05 - [TEST_STEP][PASSED] - out.println("This is the test case name : " + G_currentTCName): null

2021-07-22 11:34:05 - [TEST_STEP][PASSED] - closeBrowser(): Browser is closed

2021-07-22 11:34:05 - [MESSAGE][PASSED] - Browser is closed

2021-07-22 11:34:05 - [TEST_STEP][PASSED] - ctdc.utilities.runtestcaseforKatalon.RunKatalon("TC47_Canine_Filter_Breed-YorkshireTerr.xlsx"): Data loaded from input file for the test case. 

2021-07-22 11:34:05 - [MESSAGE][PASSED] - Test case file loaded This is the full filepath after converting to string :C:\Users\sohilz2\Commons_Automation\InputFiles\TC47_Canine_Filter_Breed-YorkshireTerr.xlsx

2021-07-22 11:34:05 - [MESSAGE][INFO] - Global variable set for password file is :  C:\Users\sohilz2\Commons_Automation\InputFiles\TC47_Canine_Filter_Breed-YorkshireTerr.xlsx

2021-07-22 11:34:09 - [MESSAGE][PASSED] - Data loaded from input file for the test case. 

2021-07-22 11:34:15 - [TEST_STEP][PASSED] - waitForElementPresent(findTestObject("Canine/NavBar/Canine_Cases_Btn"), 5): Object 'Object Repository/Canine/NavBar/Canine_Cases_Btn' is present

2021-07-22 11:34:16 - [MESSAGE][PASSED] - Object 'Object Repository/Canine/NavBar/Canine_Cases_Btn' is present

2021-07-22 11:34:16 - [TEST_STEP][PASSED] - ctdc.utilities.runtestcaseforKatalon.clickTab("Canine/NavBar/Canine_Cases_Btn"): ctdc.utilities.runtestcaseforKatalon.clickTab is PASSED

2021-07-22 11:34:16 - [MESSAGE][PASSED] - ctdc.utilities.runtestcaseforKatalon.clickTab is PASSED

2021-07-22 11:34:16 - [TEST_STEP][PASSED] - waitForElementPresent(findTestObject("Bento/Cases_page/Filter/FilterByCases_Facet"), 5): Object 'Object Repository/Bento/Cases_page/Filter/FilterByCases_Facet' is present

2021-07-22 11:34:16 - [MESSAGE][PASSED] - Object 'Object Repository/Bento/Cases_page/Filter/FilterByCases_Facet' is present

2021-07-22 11:34:16 - [TEST_STEP][PASSED] - ctdc.utilities.runtestcaseforKatalon.clickTab("Bento/Cases_page/Filter/FilterByCases_Facet"): ctdc.utilities.runtestcaseforKatalon.clickTab is PASSED

2021-07-22 11:34:17 - [MESSAGE][PASSED] - ctdc.utilities.runtestcaseforKatalon.clickTab is PASSED

2021-07-22 11:34:17 - [TEST_STEP][PASSED] - waitForElementPresent(findTestObject("Object Repository/Canine/Filter/Breed/BREED_Ddn"), 5): Object 'Object Repository/Canine/Filter/Breed/BREED_Ddn' is present

2021-07-22 11:34:17 - [MESSAGE][PASSED] - Object 'Object Repository/Canine/Filter/Breed/BREED_Ddn' is present

2021-07-22 11:34:17 - [TEST_STEP][PASSED] - ctdc.utilities.runtestcaseforKatalon.clickTab("Object Repository/Canine/Filter/Breed/BREED_Ddn"): ctdc.utilities.runtestcaseforKatalon.clickTab is PASSED

2021-07-22 11:34:17 - [MESSAGE][PASSED] - ctdc.utilities.runtestcaseforKatalon.clickTab is PASSED

2021-07-22 11:34:17 - [TEST_STEP][PASSED] - ctdc.utilities.runtestcaseforKatalon.clickTab("Canine/Filter/Breed/Yorkshire_Chkbx"): ctdc.utilities.runtestcaseforKatalon.clickTab is PASSED

2021-07-22 11:34:17 - [MESSAGE][PASSED] - ctdc.utilities.runtestcaseforKatalon.clickTab is PASSED

2021-07-22 11:34:17 - [TEST_STEP][PASSED] - ctdc.utilities.runtestcaseforKatalon.readStatBarCanine("Object Repository/Canine/StatBar/Canine_StatBar-Studies", "Object Repository/Canine/StatBar/Canine_StatBar-Cases", "Object Repository/Canine/StatBar/Canine_StatBar-Samples", "Object Repository/Canine/StatBar/Canine_StatBar-Files", "Object Repository/Canine/StatBar/Canine_StatBar-Aliquots"): ctdc.utilities.runtestcaseforKatalon.readStatBarCanine is PASSED

2021-07-22 11:34:33 - [MESSAGE][PASSED] - ctdc.utilities.runtestcaseforKatalon.readStatBarCanine is PASSED

2021-07-22 11:34:33 - [TEST_STEP][PASSED] - waitForElementPresent(findTestObject("Object Repository/Canine/CanineResults_Cases_Tab"), 5): Object 'Object Repository/Canine/CanineResults_Cases_Tab' is present

2021-07-22 11:34:33 - [MESSAGE][PASSED] - Object 'Object Repository/Canine/CanineResults_Cases_Tab' is present

2021-07-22 11:34:33 - [TEST_STEP][PASSED] - ctdc.utilities.runtestcaseforKatalon.clickTab("Object Repository/Canine/CanineResults_Cases_Tab"): ctdc.utilities.runtestcaseforKatalon.clickTab is PASSED

2021-07-22 11:34:33 - [MESSAGE][PASSED] - ctdc.utilities.runtestcaseforKatalon.clickTab is PASSED

2021-07-22 11:34:33 - [TEST_STEP][PASSED] - ctdc.utilities.runtestcaseforKatalon.multiFunction("ICDC", G_StatBar_Cases, "Object Repository/Canine/Canine_CasesTable", "Object Repository/Canine/Canine_TableHeader", "Object Repository/Canine/Canine_CasesTabNextBtn", G_WebTabnameCases, G_CypherTabnameCases, G_QueryCasesTab): Statbar Arms count matches

2021-07-22 11:34:47 - [MESSAGE][PASSED] - Statbar Files count matches

2021-07-22 11:34:47 - [MESSAGE][PASSED] - Statbar Samples count matches

2021-07-22 11:34:47 - [MESSAGE][PASSED] - Statbar Cases count matches

2021-07-22 11:34:47 - [MESSAGE][PASSED] - Statbar Arms count matches

2021-07-22 11:34:47 - [TEST_STEP][PASSED] - waitForElementPresent(findTestObject("Object Repository/Canine/CanineResults_Samples_Tab"), 5): Object 'Object Repository/Canine/CanineResults_Samples_Tab' is present

2021-07-22 11:34:47 - [MESSAGE][PASSED] - Object 'Object Repository/Canine/CanineResults_Samples_Tab' is present

2021-07-22 11:34:47 - [TEST_STEP][PASSED] - ctdc.utilities.runtestcaseforKatalon.clickTab("Object Repository/Canine/CanineResults_Samples_Tab"): ctdc.utilities.runtestcaseforKatalon.clickTab is PASSED

2021-07-22 11:34:47 - [MESSAGE][PASSED] - ctdc.utilities.runtestcaseforKatalon.clickTab is PASSED

2021-07-22 11:34:47 - [TEST_STEP][PASSED] - ctdc.utilities.runtestcaseforKatalon.multiFunction("ICDC", G_StatBar_Samples, "Object Repository/Canine/Canine_Samples_Table", "Object Repository/Canine/Canine_Samples_TableHdr", "Object Repository/Canine/Canine_SamplesTabNextBtn", G_WebTabnameSamples, G_CypherTabnameSamples, G_QuerySamplesTab): Statbar Arms count matches

2021-07-22 11:35:02 - [MESSAGE][PASSED] - Statbar Files count matches

2021-07-22 11:35:02 - [MESSAGE][PASSED] - Statbar Samples count matches

2021-07-22 11:35:02 - [MESSAGE][PASSED] - Statbar Cases count matches

2021-07-22 11:35:02 - [MESSAGE][PASSED] - Statbar Arms count matches

2021-07-22 11:35:02 - [TEST_STEP][PASSED] - closeBrowser(): Browser is closed

2021-07-22 11:35:03 - [MESSAGE][PASSED] - Browser is closed]]></system-out>
         <system-err><![CDATA[]]></system-err>
      </testcase>
      <system-out><![CDATA[2021-07-22 10:17:15 - [TEST_SUITE][FAILED] - ICDC_Breed_Regression: Test Cases/Canine_TestCases/Breed/TC05_Canine_Filter_Breed-Beagle FAILED.
Reason:
com.kms.katalon.core.exception.StepFailedException: Mismatch in Stat Bar Files count
	at com.kms.katalon.core.util.KeywordUtil.markFailed(KeywordUtil.java:19)
	at com.kms.katalon.core.util.KeywordUtil$markFailed$1.call(Unknown Source)
	at ctdc.utilities.runtestcaseforKatalon.validateStatBar(runtestcaseforKatalon.groovy:964)
	at ctdc.utilities.runtestcaseforKatalon.multiFunction(runtestcaseforKatalon.groovy:254)
	at ctdc.utilities.runtestcaseforKatalon.invokeMethod(runtestcaseforKatalon.groovy)
	at com.kms.katalon.core.main.CustomKeywordDelegatingMetaClass.invokeStaticMethod(CustomKeywordDelegatingMetaClass.java:50)
	at TC05_Canine_Filter_Breed-Beagle.run(TC05_Canine_Filter_Breed-Beagle:70)
	at com.kms.katalon.core.main.ScriptEngine.run(ScriptEngine.java:194)
	at com.kms.katalon.core.main.ScriptEngine.runScriptAsRawText(ScriptEngine.java:119)
	at com.kms.katalon.core.main.TestCaseExecutor.runScript(TestCaseExecutor.java:369)
	at com.kms.katalon.core.main.TestCaseExecutor.doExecute(TestCaseExecutor.java:360)
	at com.kms.katalon.core.main.TestCaseExecutor.processExecutionPhase(TestCaseExecutor.java:339)
	at com.kms.katalon.core.main.TestCaseExecutor.accessMainPhase(TestCaseExecutor.java:331)
	at com.kms.katalon.core.main.TestCaseExecutor.execute(TestCaseExecutor.java:248)
	at com.kms.katalon.core.main.TestSuiteExecutor.accessTestCaseMainPhase(TestSuiteExecutor.java:191)
	at com.kms.katalon.core.main.TestSuiteExecutor.accessTestSuiteMainPhase(TestSuiteExecutor.java:140)
	at com.kms.katalon.core.main.TestSuiteExecutor.execute(TestSuiteExecutor.java:89)
	at com.kms.katalon.core.main.TestCaseMain.startTestSuite(TestCaseMain.java:185)
	at com.kms.katalon.core.main.TestCaseMain$startTestSuite$0.call(Unknown Source)
	at TempTestSuite1626963431420.run(TempTestSuite1626963431420.groovy:39)]]></system-out>
      <system-err><![CDATA[2021-07-22 10:17:15 - [TEST_SUITE][FAILED] - ICDC_Breed_Regression: Test Cases/Canine_TestCases/Breed/TC05_Canine_Filter_Breed-Beagle FAILED.
Reason:
com.kms.katalon.core.exception.StepFailedException: Mismatch in Stat Bar Files count
	at com.kms.katalon.core.util.KeywordUtil.markFailed(KeywordUtil.java:19)
	at com.kms.katalon.core.util.KeywordUtil$markFailed$1.call(Unknown Source)
	at ctdc.utilities.runtestcaseforKatalon.validateStatBar(runtestcaseforKatalon.groovy:964)
	at ctdc.utilities.runtestcaseforKatalon.multiFunction(runtestcaseforKatalon.groovy:254)
	at ctdc.utilities.runtestcaseforKatalon.invokeMethod(runtestcaseforKatalon.groovy)
	at com.kms.katalon.core.main.CustomKeywordDelegatingMetaClass.invokeStaticMethod(CustomKeywordDelegatingMetaClass.java:50)
	at TC05_Canine_Filter_Breed-Beagle.run(TC05_Canine_Filter_Breed-Beagle:70)
	at com.kms.katalon.core.main.ScriptEngine.run(ScriptEngine.java:194)
	at com.kms.katalon.core.main.ScriptEngine.runScriptAsRawText(ScriptEngine.java:119)
	at com.kms.katalon.core.main.TestCaseExecutor.runScript(TestCaseExecutor.java:369)
	at com.kms.katalon.core.main.TestCaseExecutor.doExecute(TestCaseExecutor.java:360)
	at com.kms.katalon.core.main.TestCaseExecutor.processExecutionPhase(TestCaseExecutor.java:339)
	at com.kms.katalon.core.main.TestCaseExecutor.accessMainPhase(TestCaseExecutor.java:331)
	at com.kms.katalon.core.main.TestCaseExecutor.execute(TestCaseExecutor.java:248)
	at com.kms.katalon.core.main.TestSuiteExecutor.accessTestCaseMainPhase(TestSuiteExecutor.java:191)
	at com.kms.katalon.core.main.TestSuiteExecutor.accessTestSuiteMainPhase(TestSuiteExecutor.java:140)
	at com.kms.katalon.core.main.TestSuiteExecutor.execute(TestSuiteExecutor.java:89)
	at com.kms.katalon.core.main.TestCaseMain.startTestSuite(TestCaseMain.java:185)
	at com.kms.katalon.core.main.TestCaseMain$startTestSuite$0.call(Unknown Source)
	at TempTestSuite1626963431420.run(TempTestSuite1626963431420.groovy:39)]]></system-err>
   </testsuite>
</testsuites>
