<?xml version="1.0" encoding="UTF-8"?>
<testsuites name="Canine_TestSuite" time="451.506" tests="6" failures="0" errors="0">
   <testsuite name="Canine_TestSuite" tests="6" failures="0" errors="0" time="451.506" timestamp="2020-05-29 10:46:51" hostname="radhakrishnang2 - NCI-02150368-L.nci.nih.gov" id="Test Suites/Canine_TestSuite">
      <properties>
         <property name="deviceName" value=""/>
         <property name="devicePlatform" value=""/>
         <property name="logFolder" value="C:\\Users\\radhakrishnang2\\Desktop\\Commons_Automation\\Reports\\20200529_104649\\Canine_TestSuite\\20200529_104649"/>
         <property name="logFiles" value="C:\\Users\\radhakrishnang2\\Desktop\\Commons_Automation\\Reports\\20200529_104649\\Canine_TestSuite\\20200529_104649\\execution0.log"/>
         <property name="attachments" value=""/>
         <property name="hostName" value="radhakrishnang2 - NCI-02150368-L.nci.nih.gov"/>
         <property name="os" value="Windows 10 64bit"/>
         <property name="katalonVersion" value="7.4.0.1"/>
         <property name="browser" value="Firefox 68.0"/>
         <property name="hostAddress" value="10.242.75.94"/>
         <property name="sessionId" value="e80002ab-890d-4040-ab32-8d17b34e23aa"/>
         <property name="seleniumVersion" value="3.141.59"/>
         <property name="proxyInformation" value="ProxyInformation{proxyOption=NO_PROXY, proxyServerType=HTTP, password=, proxyServerAddress=, proxyServerPort=0, executionList=}"/>
         <property name="platform" value="Windows 10"/>
      </properties>
      <testcase name="Test Cases/Canine_TestCases/Sex/TC01_Canine_Filter_Sex-CastratedMale" time="85.213" classname="Test Cases/Canine_TestCases/Sex/TC01_Canine_Filter_Sex-CastratedMale" status="PASSED">
         <system-out><![CDATA[2020-05-29 10:46:51 - [TEST_CASE][PASSED] - Test Cases/Canine_TestCases/Sex/TC01_Canine_Filter_Sex-CastratedMale: Test Cases/Canine_TestCases/Sex/TC01_Canine_Filter_Sex-CastratedMale

2020-05-29 10:46:51 - [TEST_STEP][PASSED] - closeBrowser(): Browser is closed

2020-05-29 10:46:52 - [MESSAGE][PASSED] - Browser is closed

2020-05-29 10:46:52 - [TEST_STEP][PASSED] - openBrowser(""): Browser is opened with url: ''

2020-05-29 10:46:52 - [MESSAGE][INFO] - Starting 'Firefox (headless)' driver

2020-05-29 10:46:52 - [MESSAGE][INFO] - User set preference: ['args', '[--no-sandbox]']

2020-05-29 10:46:52 - [MESSAGE][INFO] - Action delay is set to 5,000 milliseconds

2020-05-29 10:46:56 - [MESSAGE][PASSED] - Browser is opened with url: ''

2020-05-29 10:46:56 - [TEST_STEP][PASSED] - ctdc.utilities.runtestcaseforKatalon.browserDriver(""): ctdc.utilities.runtestcaseforKatalon.browserDriver is PASSED

2020-05-29 10:46:56 - [MESSAGE][PASSED] - ctdc.utilities.runtestcaseforKatalon.browserDriver is PASSED

2020-05-29 10:46:56 - [TEST_STEP][PASSED] - ctdc.utilities.runtestcaseforKatalon.RunKatalon("TC01_Canine_Filter_Sex-CastratedMale.xlsx"): Data loaded from input file for the test case. 

2020-05-29 10:46:56 - [MESSAGE][PASSED] - Test case file loaded This is the full filepath after converting to string :C:\Users\radhakrishnang2\Desktop\Commons_Automation\InputFiles\TC01_Canine_Filter_Sex-CastratedMale.xlsx

2020-05-29 10:46:56 - [MESSAGE][INFO] - Global variable set for password file is :  C:\Users\radhakrishnang2\Desktop\Commons_Automation\InputFiles\TC01_Canine_Filter_Sex-CastratedMale.xlsx

2020-05-29 10:46:57 - [MESSAGE][PASSED] - Data loaded from input file for the test case. 

2020-05-29 10:47:19 - [TEST_STEP][PASSED] - click(findTestObject("Object Repository/Canine/Canine_Cases_Btn")): Object: 'Object Repository/Canine/Canine_Cases_Btn' is clicked on

2020-05-29 10:47:24 - [MESSAGE][PASSED] - Object: 'Object Repository/Canine/Canine_Cases_Btn' is clicked on

2020-05-29 10:47:24 - [TEST_STEP][PASSED] - click(findTestObject("Canine/Filter/Sex/SEX_Ddn")): Object: 'Object Repository/Canine/Filter/Sex/SEX_Ddn' is clicked on

2020-05-29 10:47:31 - [MESSAGE][PASSED] - Object: 'Object Repository/Canine/Filter/Sex/SEX_Ddn' is clicked on

2020-05-29 10:47:31 - [TEST_STEP][PASSED] - click(findTestObject("Canine/Filter/Sex/CastratedMale_Chkbx")): Object: 'Object Repository/Canine/Filter/Sex/CastratedMale_Chkbx' is clicked on

2020-05-29 10:47:36 - [MESSAGE][PASSED] - Object: 'Object Repository/Canine/Filter/Sex/CastratedMale_Chkbx' is clicked on

2020-05-29 10:47:36 - [TEST_STEP][PASSED] - ctdc.utilities.runtestcaseforKatalon.ReadCasesTableKatalon("Object Repository/Canine/Canine_CasesTable", "Object Repository/Canine/Canine_TableHeader", "Object Repository/Canine/Canine_NextBtn"): ctdc.utilities.runtestcaseforKatalon.ReadCasesTableKatalon is PASSED

2020-05-29 10:48:08 - [MESSAGE][PASSED] - ctdc.utilities.runtestcaseforKatalon.ReadCasesTableKatalon is PASSED

2020-05-29 10:48:08 - [TEST_STEP][PASSED] - ctdc.utilities.runtestcaseforKatalon.readStatBar("Object Repository/Canine/Canine_StatBar-Files", "Object Repository/Canine/Canine_StatBar-Samples", "Object Repository/Canine/Canine_StatBar-Cases", "Object Repository/Canine/Canine_StatBar-Studies"): ctdc.utilities.runtestcaseforKatalon.readStatBar is PASSED

2020-05-29 10:48:08 - [MESSAGE][PASSED] - ctdc.utilities.runtestcaseforKatalon.readStatBar is PASSED

2020-05-29 10:48:08 - [TEST_STEP][PASSED] - ctdc.utilities.ReadExcel.Neo4j(): ctdc.utilities.ReadExcel.Neo4j is PASSED

2020-05-29 10:48:16 - [MESSAGE][PASSED] - ctdc.utilities.ReadExcel.Neo4j is PASSED

2020-05-29 10:48:16 - [TEST_STEP][PASSED] - ctdc.utilities.runtestcaseforKatalon.compareLists(): ctdc.utilities.runtestcaseforKatalon.compareLists is PASSED

2020-05-29 10:48:16 - [MESSAGE][PASSED] - ctdc.utilities.runtestcaseforKatalon.compareLists is PASSED

2020-05-29 10:48:16 - [TEST_STEP][PASSED] - ctdc.utilities.runtestcaseforKatalon.validateStatBar(): Statbar Studies count matches

2020-05-29 10:48:16 - [MESSAGE][PASSED] - Statbar Files count matches

2020-05-29 10:48:16 - [MESSAGE][PASSED] - Statbar Samples count matches

2020-05-29 10:48:16 - [MESSAGE][PASSED] - Statbar Cases count matches

2020-05-29 10:48:16 - [MESSAGE][PASSED] - Statbar Studies count matches]]></system-out>
         <system-err><![CDATA[]]></system-err>
      </testcase>
      <testcase name="Test Cases/Canine_TestCases/Sex/TC02_Canine_Filter_Sex-Female" time="76.802" classname="Test Cases/Canine_TestCases/Sex/TC02_Canine_Filter_Sex-Female" status="PASSED">
         <system-out><![CDATA[2020-05-29 10:48:16 - [TEST_CASE][PASSED] - Test Cases/Canine_TestCases/Sex/TC02_Canine_Filter_Sex-Female: Test Cases/Canine_TestCases/Sex/TC02_Canine_Filter_Sex-Female

2020-05-29 10:48:17 - [TEST_STEP][PASSED] - closeBrowser(): Browser is closed

2020-05-29 10:48:18 - [MESSAGE][PASSED] - Browser is closed

2020-05-29 10:48:18 - [TEST_STEP][PASSED] - openBrowser(""): Browser is opened with url: ''

2020-05-29 10:48:18 - [MESSAGE][INFO] - Starting 'Firefox (headless)' driver

2020-05-29 10:48:18 - [MESSAGE][INFO] - User set preference: ['args', '[--no-sandbox]']

2020-05-29 10:48:18 - [MESSAGE][INFO] - Action delay is set to 5,000 milliseconds

2020-05-29 10:48:21 - [MESSAGE][PASSED] - Browser is opened with url: ''

2020-05-29 10:48:21 - [TEST_STEP][PASSED] - ctdc.utilities.runtestcaseforKatalon.browserDriver(""): ctdc.utilities.runtestcaseforKatalon.browserDriver is PASSED

2020-05-29 10:48:21 - [MESSAGE][PASSED] - ctdc.utilities.runtestcaseforKatalon.browserDriver is PASSED

2020-05-29 10:48:21 - [TEST_STEP][PASSED] - ctdc.utilities.runtestcaseforKatalon.RunKatalon("TC02_Canine_Filter_Sex-Female.xlsx"): Data loaded from input file for the test case. 

2020-05-29 10:48:21 - [MESSAGE][PASSED] - Test case file loaded This is the full filepath after converting to string :C:\Users\radhakrishnang2\Desktop\Commons_Automation\InputFiles\TC02_Canine_Filter_Sex-Female.xlsx

2020-05-29 10:48:21 - [MESSAGE][INFO] - Global variable set for password file is :  C:\Users\radhakrishnang2\Desktop\Commons_Automation\InputFiles\TC02_Canine_Filter_Sex-Female.xlsx

2020-05-29 10:48:21 - [MESSAGE][PASSED] - Data loaded from input file for the test case. 

2020-05-29 10:48:41 - [TEST_STEP][PASSED] - click(findTestObject("Object Repository/Canine/Canine_Cases_Btn")): Object: 'Object Repository/Canine/Canine_Cases_Btn' is clicked on

2020-05-29 10:48:47 - [MESSAGE][PASSED] - Object: 'Object Repository/Canine/Canine_Cases_Btn' is clicked on

2020-05-29 10:48:47 - [TEST_STEP][PASSED] - click(findTestObject("Canine/Filter/Sex/SEX_Ddn")): Object: 'Object Repository/Canine/Filter/Sex/SEX_Ddn' is clicked on

2020-05-29 10:48:54 - [MESSAGE][PASSED] - Object: 'Object Repository/Canine/Filter/Sex/SEX_Ddn' is clicked on

2020-05-29 10:48:54 - [TEST_STEP][PASSED] - click(findTestObject("Canine/Filter/Sex/Female_Chkbx")): Object: 'Object Repository/Canine/Filter/Sex/Female_Chkbx' is clicked on

2020-05-29 10:49:00 - [MESSAGE][PASSED] - Object: 'Object Repository/Canine/Filter/Sex/Female_Chkbx' is clicked on

2020-05-29 10:49:00 - [TEST_STEP][PASSED] - ctdc.utilities.runtestcaseforKatalon.ReadCasesTableKatalon("Object Repository/Canine/Canine_CasesTable", "Object Repository/Canine/Canine_TableHeader", "Object Repository/Canine/Canine_NextBtn"): ctdc.utilities.runtestcaseforKatalon.ReadCasesTableKatalon is PASSED

2020-05-29 10:49:25 - [MESSAGE][PASSED] - ctdc.utilities.runtestcaseforKatalon.ReadCasesTableKatalon is PASSED

2020-05-29 10:49:25 - [TEST_STEP][PASSED] - ctdc.utilities.runtestcaseforKatalon.readStatBar("Object Repository/Canine/Canine_StatBar-Files", "Object Repository/Canine/Canine_StatBar-Samples", "Object Repository/Canine/Canine_StatBar-Cases", "Object Repository/Canine/Canine_StatBar-Studies"): ctdc.utilities.runtestcaseforKatalon.readStatBar is PASSED

2020-05-29 10:49:26 - [MESSAGE][PASSED] - ctdc.utilities.runtestcaseforKatalon.readStatBar is PASSED

2020-05-29 10:49:26 - [TEST_STEP][PASSED] - ctdc.utilities.ReadExcel.Neo4j(): ctdc.utilities.ReadExcel.Neo4j is PASSED

2020-05-29 10:49:33 - [MESSAGE][PASSED] - ctdc.utilities.ReadExcel.Neo4j is PASSED

2020-05-29 10:49:33 - [TEST_STEP][PASSED] - ctdc.utilities.runtestcaseforKatalon.compareLists(): ctdc.utilities.runtestcaseforKatalon.compareLists is PASSED

2020-05-29 10:49:33 - [MESSAGE][PASSED] - ctdc.utilities.runtestcaseforKatalon.compareLists is PASSED

2020-05-29 10:49:33 - [TEST_STEP][PASSED] - ctdc.utilities.runtestcaseforKatalon.validateStatBar(): Statbar Studies count matches

2020-05-29 10:49:33 - [MESSAGE][PASSED] - Statbar Files count matches

2020-05-29 10:49:33 - [MESSAGE][PASSED] - Statbar Samples count matches

2020-05-29 10:49:33 - [MESSAGE][PASSED] - Statbar Cases count matches

2020-05-29 10:49:33 - [MESSAGE][PASSED] - Statbar Studies count matches]]></system-out>
         <system-err><![CDATA[]]></system-err>
      </testcase>
      <testcase name="Test Cases/Canine_TestCases/Sex/TC03_Canine_Filter_Sex-FemalePheno" time="57.738" classname="Test Cases/Canine_TestCases/Sex/TC03_Canine_Filter_Sex-FemalePheno" status="PASSED">
         <system-out><![CDATA[2020-05-29 10:49:33 - [TEST_CASE][PASSED] - Test Cases/Canine_TestCases/Sex/TC03_Canine_Filter_Sex-FemalePheno: Test Cases/Canine_TestCases/Sex/TC03_Canine_Filter_Sex-FemalePheno

2020-05-29 10:49:34 - [TEST_STEP][PASSED] - closeBrowser(): Browser is closed

2020-05-29 10:49:35 - [MESSAGE][PASSED] - Browser is closed

2020-05-29 10:49:35 - [TEST_STEP][PASSED] - openBrowser(""): Browser is opened with url: ''

2020-05-29 10:49:35 - [MESSAGE][INFO] - Starting 'Firefox (headless)' driver

2020-05-29 10:49:35 - [MESSAGE][INFO] - User set preference: ['args', '[--no-sandbox]']

2020-05-29 10:49:35 - [MESSAGE][INFO] - Action delay is set to 5,000 milliseconds

2020-05-29 10:49:40 - [MESSAGE][PASSED] - Browser is opened with url: ''

2020-05-29 10:49:40 - [TEST_STEP][PASSED] - ctdc.utilities.runtestcaseforKatalon.browserDriver(""): ctdc.utilities.runtestcaseforKatalon.browserDriver is PASSED

2020-05-29 10:49:40 - [MESSAGE][PASSED] - ctdc.utilities.runtestcaseforKatalon.browserDriver is PASSED

2020-05-29 10:49:40 - [TEST_STEP][PASSED] - ctdc.utilities.runtestcaseforKatalon.RunKatalon("TC03_Canine_Filter_Sex-FemalePheno.xlsx"): Data loaded from input file for the test case. 

2020-05-29 10:49:40 - [MESSAGE][PASSED] - Test case file loaded This is the full filepath after converting to string :C:\Users\radhakrishnang2\Desktop\Commons_Automation\InputFiles\TC03_Canine_Filter_Sex-FemalePheno.xlsx

2020-05-29 10:49:40 - [MESSAGE][INFO] - Global variable set for password file is :  C:\Users\radhakrishnang2\Desktop\Commons_Automation\InputFiles\TC03_Canine_Filter_Sex-FemalePheno.xlsx

2020-05-29 10:49:40 - [MESSAGE][PASSED] - Data loaded from input file for the test case. 

2020-05-29 10:50:02 - [TEST_STEP][PASSED] - click(findTestObject("Object Repository/Canine/Canine_Cases_Btn")): Object: 'Object Repository/Canine/Canine_Cases_Btn' is clicked on

2020-05-29 10:50:07 - [MESSAGE][PASSED] - Object: 'Object Repository/Canine/Canine_Cases_Btn' is clicked on

2020-05-29 10:50:07 - [TEST_STEP][PASSED] - click(findTestObject("Canine/Filter/Sex/SEX_Ddn")): Object: 'Object Repository/Canine/Filter/Sex/SEX_Ddn' is clicked on

2020-05-29 10:50:15 - [MESSAGE][PASSED] - Object: 'Object Repository/Canine/Filter/Sex/SEX_Ddn' is clicked on

2020-05-29 10:50:15 - [TEST_STEP][PASSED] - click(findTestObject("Canine/Filter/Sex/FemalePhenotype_Chkbx")): Object: 'Object Repository/Canine/Filter/Sex/FemalePhenotype_Chkbx' is clicked on

2020-05-29 10:50:21 - [MESSAGE][PASSED] - Object: 'Object Repository/Canine/Filter/Sex/FemalePhenotype_Chkbx' is clicked on

2020-05-29 10:50:21 - [TEST_STEP][PASSED] - ctdc.utilities.runtestcaseforKatalon.ReadCasesTableKatalon("Object Repository/Canine/Canine_CasesTable", "Object Repository/Canine/Canine_TableHeader", "Object Repository/Canine/Canine_NextBtn"): ctdc.utilities.runtestcaseforKatalon.ReadCasesTableKatalon is PASSED

2020-05-29 10:50:23 - [MESSAGE][PASSED] - ctdc.utilities.runtestcaseforKatalon.ReadCasesTableKatalon is PASSED

2020-05-29 10:50:23 - [TEST_STEP][PASSED] - ctdc.utilities.runtestcaseforKatalon.readStatBar("Object Repository/Canine/Canine_StatBar-Files", "Object Repository/Canine/Canine_StatBar-Samples", "Object Repository/Canine/Canine_StatBar-Cases", "Object Repository/Canine/Canine_StatBar-Studies"): ctdc.utilities.runtestcaseforKatalon.readStatBar is PASSED

2020-05-29 10:50:24 - [MESSAGE][PASSED] - ctdc.utilities.runtestcaseforKatalon.readStatBar is PASSED

2020-05-29 10:50:24 - [TEST_STEP][PASSED] - ctdc.utilities.ReadExcel.Neo4j(): ctdc.utilities.ReadExcel.Neo4j is PASSED

2020-05-29 10:50:31 - [MESSAGE][PASSED] - ctdc.utilities.ReadExcel.Neo4j is PASSED

2020-05-29 10:50:31 - [TEST_STEP][PASSED] - ctdc.utilities.runtestcaseforKatalon.compareLists(): ctdc.utilities.runtestcaseforKatalon.compareLists is PASSED

2020-05-29 10:50:31 - [MESSAGE][PASSED] - ctdc.utilities.runtestcaseforKatalon.compareLists is PASSED

2020-05-29 10:50:31 - [TEST_STEP][PASSED] - ctdc.utilities.runtestcaseforKatalon.validateStatBar(): Statbar Studies count matches

2020-05-29 10:50:31 - [MESSAGE][PASSED] - Statbar Files count matches

2020-05-29 10:50:31 - [MESSAGE][PASSED] - Statbar Samples count matches

2020-05-29 10:50:31 - [MESSAGE][PASSED] - Statbar Cases count matches

2020-05-29 10:50:31 - [MESSAGE][PASSED] - Statbar Studies count matches]]></system-out>
         <system-err><![CDATA[]]></system-err>
      </testcase>
      <testcase name="Test Cases/Canine_TestCases/Sex/TC04_Canine_Filter_Sex-Male" time="87.535" classname="Test Cases/Canine_TestCases/Sex/TC04_Canine_Filter_Sex-Male" status="PASSED">
         <system-out><![CDATA[2020-05-29 10:50:31 - [TEST_CASE][PASSED] - Test Cases/Canine_TestCases/Sex/TC04_Canine_Filter_Sex-Male: Test Cases/Canine_TestCases/Sex/TC04_Canine_Filter_Sex-Male

2020-05-29 10:50:31 - [TEST_STEP][PASSED] - closeBrowser(): Browser is closed

2020-05-29 10:50:33 - [MESSAGE][PASSED] - Browser is closed

2020-05-29 10:50:33 - [TEST_STEP][PASSED] - openBrowser(""): Browser is opened with url: ''

2020-05-29 10:50:33 - [MESSAGE][INFO] - Starting 'Firefox (headless)' driver

2020-05-29 10:50:33 - [MESSAGE][INFO] - User set preference: ['args', '[--no-sandbox]']

2020-05-29 10:50:33 - [MESSAGE][INFO] - Action delay is set to 5,000 milliseconds

2020-05-29 10:50:38 - [MESSAGE][PASSED] - Browser is opened with url: ''

2020-05-29 10:50:38 - [TEST_STEP][PASSED] - ctdc.utilities.runtestcaseforKatalon.browserDriver(""): ctdc.utilities.runtestcaseforKatalon.browserDriver is PASSED

2020-05-29 10:50:38 - [MESSAGE][PASSED] - ctdc.utilities.runtestcaseforKatalon.browserDriver is PASSED

2020-05-29 10:50:38 - [TEST_STEP][PASSED] - ctdc.utilities.runtestcaseforKatalon.RunKatalon("TC04_Canine_Filter_Sex-Male.xlsx"): Data loaded from input file for the test case. 

2020-05-29 10:50:38 - [MESSAGE][PASSED] - Test case file loaded This is the full filepath after converting to string :C:\Users\radhakrishnang2\Desktop\Commons_Automation\InputFiles\TC04_Canine_Filter_Sex-Male.xlsx

2020-05-29 10:50:38 - [MESSAGE][INFO] - Global variable set for password file is :  C:\Users\radhakrishnang2\Desktop\Commons_Automation\InputFiles\TC04_Canine_Filter_Sex-Male.xlsx

2020-05-29 10:50:38 - [MESSAGE][PASSED] - Data loaded from input file for the test case. 

2020-05-29 10:51:11 - [TEST_STEP][PASSED] - click(findTestObject("Object Repository/Canine/Canine_Cases_Btn")): Object: 'Object Repository/Canine/Canine_Cases_Btn' is clicked on

2020-05-29 10:51:17 - [MESSAGE][PASSED] - Object: 'Object Repository/Canine/Canine_Cases_Btn' is clicked on

2020-05-29 10:51:17 - [TEST_STEP][PASSED] - click(findTestObject("Canine/Filter/Sex/SEX_Ddn")): Object: 'Object Repository/Canine/Filter/Sex/SEX_Ddn' is clicked on

2020-05-29 10:51:25 - [MESSAGE][PASSED] - Object: 'Object Repository/Canine/Filter/Sex/SEX_Ddn' is clicked on

2020-05-29 10:51:25 - [TEST_STEP][PASSED] - click(findTestObject("Canine/Filter/Sex/Male_Chkbx")): Object: 'Object Repository/Canine/Filter/Sex/Male_Chkbx' is clicked on

2020-05-29 10:51:31 - [MESSAGE][PASSED] - Object: 'Object Repository/Canine/Filter/Sex/Male_Chkbx' is clicked on

2020-05-29 10:51:31 - [TEST_STEP][PASSED] - ctdc.utilities.runtestcaseforKatalon.ReadCasesTableKatalon("Object Repository/Canine/Canine_CasesTable", "Object Repository/Canine/Canine_TableHeader", "Object Repository/Canine/Canine_NextBtn"): ctdc.utilities.runtestcaseforKatalon.ReadCasesTableKatalon is PASSED

2020-05-29 10:51:51 - [MESSAGE][PASSED] - ctdc.utilities.runtestcaseforKatalon.ReadCasesTableKatalon is PASSED

2020-05-29 10:51:51 - [TEST_STEP][PASSED] - ctdc.utilities.runtestcaseforKatalon.readStatBar("Object Repository/Canine/Canine_StatBar-Files", "Object Repository/Canine/Canine_StatBar-Samples", "Object Repository/Canine/Canine_StatBar-Cases", "Object Repository/Canine/Canine_StatBar-Studies"): ctdc.utilities.runtestcaseforKatalon.readStatBar is PASSED

2020-05-29 10:51:51 - [MESSAGE][PASSED] - ctdc.utilities.runtestcaseforKatalon.readStatBar is PASSED

2020-05-29 10:51:51 - [TEST_STEP][PASSED] - ctdc.utilities.ReadExcel.Neo4j(): ctdc.utilities.ReadExcel.Neo4j is PASSED

2020-05-29 10:51:58 - [MESSAGE][PASSED] - ctdc.utilities.ReadExcel.Neo4j is PASSED

2020-05-29 10:51:58 - [TEST_STEP][PASSED] - ctdc.utilities.runtestcaseforKatalon.compareLists(): ctdc.utilities.runtestcaseforKatalon.compareLists is PASSED

2020-05-29 10:51:58 - [MESSAGE][PASSED] - ctdc.utilities.runtestcaseforKatalon.compareLists is PASSED

2020-05-29 10:51:58 - [TEST_STEP][PASSED] - ctdc.utilities.runtestcaseforKatalon.validateStatBar(): Statbar Studies count matches

2020-05-29 10:51:58 - [MESSAGE][PASSED] - Statbar Files count matches

2020-05-29 10:51:58 - [MESSAGE][PASSED] - Statbar Samples count matches

2020-05-29 10:51:58 - [MESSAGE][PASSED] - Statbar Cases count matches

2020-05-29 10:51:58 - [MESSAGE][PASSED] - Statbar Studies count matches]]></system-out>
         <system-err><![CDATA[]]></system-err>
      </testcase>
      <testcase name="Test Cases/Canine_TestCases/Sex/TC05_Canine_Filter_Sex-MalePheno" time="64.488" classname="Test Cases/Canine_TestCases/Sex/TC05_Canine_Filter_Sex-MalePheno" status="PASSED">
         <system-out><![CDATA[2020-05-29 10:51:58 - [TEST_CASE][PASSED] - Test Cases/Canine_TestCases/Sex/TC05_Canine_Filter_Sex-MalePheno: Test Cases/Canine_TestCases/Sex/TC05_Canine_Filter_Sex-MalePheno

2020-05-29 10:51:59 - [TEST_STEP][PASSED] - closeBrowser(): Browser is closed

2020-05-29 10:52:01 - [MESSAGE][PASSED] - Browser is closed

2020-05-29 10:52:01 - [TEST_STEP][PASSED] - openBrowser(""): Browser is opened with url: ''

2020-05-29 10:52:01 - [MESSAGE][INFO] - Starting 'Firefox (headless)' driver

2020-05-29 10:52:01 - [MESSAGE][INFO] - User set preference: ['args', '[--no-sandbox]']

2020-05-29 10:52:01 - [MESSAGE][INFO] - Action delay is set to 5,000 milliseconds

2020-05-29 10:52:06 - [MESSAGE][PASSED] - Browser is opened with url: ''

2020-05-29 10:52:06 - [TEST_STEP][PASSED] - ctdc.utilities.runtestcaseforKatalon.browserDriver(""): ctdc.utilities.runtestcaseforKatalon.browserDriver is PASSED

2020-05-29 10:52:06 - [MESSAGE][PASSED] - ctdc.utilities.runtestcaseforKatalon.browserDriver is PASSED

2020-05-29 10:52:06 - [TEST_STEP][PASSED] - ctdc.utilities.runtestcaseforKatalon.RunKatalon("TC05_Canine_Filter_Sex-MalePheno.xlsx"): Data loaded from input file for the test case. 

2020-05-29 10:52:06 - [MESSAGE][PASSED] - Test case file loaded This is the full filepath after converting to string :C:\Users\radhakrishnang2\Desktop\Commons_Automation\InputFiles\TC05_Canine_Filter_Sex-MalePheno.xlsx

2020-05-29 10:52:06 - [MESSAGE][INFO] - Global variable set for password file is :  C:\Users\radhakrishnang2\Desktop\Commons_Automation\InputFiles\TC05_Canine_Filter_Sex-MalePheno.xlsx

2020-05-29 10:52:06 - [MESSAGE][PASSED] - Data loaded from input file for the test case. 

2020-05-29 10:52:31 - [TEST_STEP][PASSED] - click(findTestObject("Object Repository/Canine/Canine_Cases_Btn")): Object: 'Object Repository/Canine/Canine_Cases_Btn' is clicked on

2020-05-29 10:52:37 - [MESSAGE][PASSED] - Object: 'Object Repository/Canine/Canine_Cases_Btn' is clicked on

2020-05-29 10:52:37 - [TEST_STEP][PASSED] - click(findTestObject("Canine/Filter/Sex/SEX_Ddn")): Object: 'Object Repository/Canine/Filter/Sex/SEX_Ddn' is clicked on

2020-05-29 10:52:45 - [MESSAGE][PASSED] - Object: 'Object Repository/Canine/Filter/Sex/SEX_Ddn' is clicked on

2020-05-29 10:52:45 - [TEST_STEP][PASSED] - click(findTestObject("Canine/Filter/Sex/MalePhenotype_Chkbx")): Object: 'Object Repository/Canine/Filter/Sex/MalePhenotype_Chkbx' is clicked on

2020-05-29 10:52:51 - [MESSAGE][PASSED] - Object: 'Object Repository/Canine/Filter/Sex/MalePhenotype_Chkbx' is clicked on

2020-05-29 10:52:51 - [TEST_STEP][PASSED] - ctdc.utilities.runtestcaseforKatalon.ReadCasesTableKatalon("Object Repository/Canine/Canine_CasesTable", "Object Repository/Canine/Canine_TableHeader", "Object Repository/Canine/Canine_NextBtn"): ctdc.utilities.runtestcaseforKatalon.ReadCasesTableKatalon is PASSED

2020-05-29 10:52:55 - [MESSAGE][PASSED] - ctdc.utilities.runtestcaseforKatalon.ReadCasesTableKatalon is PASSED

2020-05-29 10:52:55 - [TEST_STEP][PASSED] - ctdc.utilities.runtestcaseforKatalon.readStatBar("Object Repository/Canine/Canine_StatBar-Files", "Object Repository/Canine/Canine_StatBar-Samples", "Object Repository/Canine/Canine_StatBar-Cases", "Object Repository/Canine/Canine_StatBar-Studies"): ctdc.utilities.runtestcaseforKatalon.readStatBar is PASSED

2020-05-29 10:52:56 - [MESSAGE][PASSED] - ctdc.utilities.runtestcaseforKatalon.readStatBar is PASSED

2020-05-29 10:52:56 - [TEST_STEP][PASSED] - ctdc.utilities.ReadExcel.Neo4j(): ctdc.utilities.ReadExcel.Neo4j is PASSED

2020-05-29 10:53:03 - [MESSAGE][PASSED] - ctdc.utilities.ReadExcel.Neo4j is PASSED

2020-05-29 10:53:03 - [TEST_STEP][PASSED] - ctdc.utilities.runtestcaseforKatalon.compareLists(): ctdc.utilities.runtestcaseforKatalon.compareLists is PASSED

2020-05-29 10:53:03 - [MESSAGE][PASSED] - ctdc.utilities.runtestcaseforKatalon.compareLists is PASSED

2020-05-29 10:53:03 - [TEST_STEP][PASSED] - ctdc.utilities.runtestcaseforKatalon.validateStatBar(): Statbar Studies count matches

2020-05-29 10:53:03 - [MESSAGE][PASSED] - Statbar Files count matches

2020-05-29 10:53:03 - [MESSAGE][PASSED] - Statbar Samples count matches

2020-05-29 10:53:03 - [MESSAGE][PASSED] - Statbar Cases count matches

2020-05-29 10:53:03 - [MESSAGE][PASSED] - Statbar Studies count matches]]></system-out>
         <system-err><![CDATA[]]></system-err>
      </testcase>
      <testcase name="Test Cases/Canine_TestCases/Sex/TC06_Canine_Filter_Sex-SpayedFemale" time="77.67" classname="Test Cases/Canine_TestCases/Sex/TC06_Canine_Filter_Sex-SpayedFemale" status="PASSED">
         <system-out><![CDATA[2020-05-29 10:53:03 - [TEST_CASE][PASSED] - Test Cases/Canine_TestCases/Sex/TC06_Canine_Filter_Sex-SpayedFemale: Test Cases/Canine_TestCases/Sex/TC06_Canine_Filter_Sex-SpayedFemale

2020-05-29 10:53:04 - [TEST_STEP][PASSED] - closeBrowser(): Browser is closed

2020-05-29 10:53:05 - [MESSAGE][PASSED] - Browser is closed

2020-05-29 10:53:05 - [TEST_STEP][PASSED] - openBrowser(""): Browser is opened with url: ''

2020-05-29 10:53:05 - [MESSAGE][INFO] - Starting 'Firefox (headless)' driver

2020-05-29 10:53:05 - [MESSAGE][INFO] - User set preference: ['args', '[--no-sandbox]']

2020-05-29 10:53:05 - [MESSAGE][INFO] - Action delay is set to 5,000 milliseconds

2020-05-29 10:53:11 - [MESSAGE][PASSED] - Browser is opened with url: ''

2020-05-29 10:53:11 - [TEST_STEP][PASSED] - ctdc.utilities.runtestcaseforKatalon.browserDriver(""): ctdc.utilities.runtestcaseforKatalon.browserDriver is PASSED

2020-05-29 10:53:11 - [MESSAGE][PASSED] - ctdc.utilities.runtestcaseforKatalon.browserDriver is PASSED

2020-05-29 10:53:11 - [TEST_STEP][PASSED] - ctdc.utilities.runtestcaseforKatalon.RunKatalon("TC06_Canine_Filter_Sex-SpayedFemale.xlsx"): Data loaded from input file for the test case. 

2020-05-29 10:53:11 - [MESSAGE][PASSED] - Test case file loaded This is the full filepath after converting to string :C:\Users\radhakrishnang2\Desktop\Commons_Automation\InputFiles\TC06_Canine_Filter_Sex-SpayedFemale.xlsx

2020-05-29 10:53:11 - [MESSAGE][INFO] - Global variable set for password file is :  C:\Users\radhakrishnang2\Desktop\Commons_Automation\InputFiles\TC06_Canine_Filter_Sex-SpayedFemale.xlsx

2020-05-29 10:53:11 - [MESSAGE][PASSED] - Data loaded from input file for the test case. 

2020-05-29 10:53:34 - [TEST_STEP][PASSED] - click(findTestObject("Object Repository/Canine/Canine_Cases_Btn")): Object: 'Object Repository/Canine/Canine_Cases_Btn' is clicked on

2020-05-29 10:53:40 - [MESSAGE][PASSED] - Object: 'Object Repository/Canine/Canine_Cases_Btn' is clicked on

2020-05-29 10:53:40 - [TEST_STEP][PASSED] - click(findTestObject("Canine/Filter/Sex/SEX_Ddn")): Object: 'Object Repository/Canine/Filter/Sex/SEX_Ddn' is clicked on

2020-05-29 10:53:47 - [MESSAGE][PASSED] - Object: 'Object Repository/Canine/Filter/Sex/SEX_Ddn' is clicked on

2020-05-29 10:53:47 - [TEST_STEP][PASSED] - click(findTestObject("Canine/Filter/Sex/SpayedFemale_Chkbx")): Object: 'Object Repository/Canine/Filter/Sex/SpayedFemale_Chkbx' is clicked on

2020-05-29 10:53:53 - [MESSAGE][PASSED] - Object: 'Object Repository/Canine/Filter/Sex/SpayedFemale_Chkbx' is clicked on

2020-05-29 10:53:53 - [TEST_STEP][PASSED] - ctdc.utilities.runtestcaseforKatalon.ReadCasesTableKatalon("Object Repository/Canine/Canine_CasesTable", "Object Repository/Canine/Canine_TableHeader", "Object Repository/Canine/Canine_NextBtn"): ctdc.utilities.runtestcaseforKatalon.ReadCasesTableKatalon is PASSED

2020-05-29 10:54:13 - [MESSAGE][PASSED] - ctdc.utilities.runtestcaseforKatalon.ReadCasesTableKatalon is PASSED

2020-05-29 10:54:13 - [TEST_STEP][PASSED] - ctdc.utilities.runtestcaseforKatalon.readStatBar("Object Repository/Canine/Canine_StatBar-Files", "Object Repository/Canine/Canine_StatBar-Samples", "Object Repository/Canine/Canine_StatBar-Cases", "Object Repository/Canine/Canine_StatBar-Studies"): ctdc.utilities.runtestcaseforKatalon.readStatBar is PASSED

2020-05-29 10:54:13 - [MESSAGE][PASSED] - ctdc.utilities.runtestcaseforKatalon.readStatBar is PASSED

2020-05-29 10:54:13 - [TEST_STEP][PASSED] - ctdc.utilities.ReadExcel.Neo4j(): ctdc.utilities.ReadExcel.Neo4j is PASSED

2020-05-29 10:54:20 - [MESSAGE][PASSED] - ctdc.utilities.ReadExcel.Neo4j is PASSED

2020-05-29 10:54:20 - [TEST_STEP][PASSED] - ctdc.utilities.runtestcaseforKatalon.compareLists(): ctdc.utilities.runtestcaseforKatalon.compareLists is PASSED

2020-05-29 10:54:20 - [MESSAGE][PASSED] - ctdc.utilities.runtestcaseforKatalon.compareLists is PASSED

2020-05-29 10:54:20 - [TEST_STEP][PASSED] - ctdc.utilities.runtestcaseforKatalon.validateStatBar(): Statbar Studies count matches

2020-05-29 10:54:20 - [MESSAGE][PASSED] - Statbar Files count matches

2020-05-29 10:54:20 - [MESSAGE][PASSED] - Statbar Samples count matches

2020-05-29 10:54:20 - [MESSAGE][PASSED] - Statbar Cases count matches

2020-05-29 10:54:20 - [MESSAGE][PASSED] - Statbar Studies count matches]]></system-out>
         <system-err><![CDATA[]]></system-err>
      </testcase>
      <system-out><![CDATA[2020-05-29 10:46:51 - [TEST_SUITE][PASSED] - Canine_TestSuite: Test Cases/Canine_TestCases/Sex/TC06_Canine_Filter_Sex-SpayedFemale]]></system-out>
      <system-err><![CDATA[]]></system-err>
   </testsuite>
</testsuites>
