<?xml version="1.0" encoding="UTF-8"?>
<testsuites name="Bento_TestSuite" time="1351.494" tests="7" failures="0" errors="7">
   <testsuite name="Bento_TestSuite" tests="7" failures="0" errors="7" time="1351.494" skipped="0" timestamp="2021-07-27 16:33:21" hostname="radhakrishnang2 - NCI-02150368-L.nci.nih.gov" id="Test Suites/Bento_TestSuite">
      <properties>
         <property name="deviceName" value=""/>
         <property name="devicePlatform" value=""/>
         <property name="logFolder" value="C:\\Users\\radhakrishnang2\\Commons_Automation\\Reports\\20210727_163317\\Bento_TestSuite\\20210727_163317"/>
         <property name="logFiles" value="C:\\Users\\radhakrishnang2\\Commons_Automation\\Reports\\20210727_163317\\Bento_TestSuite\\20210727_163317\\execution0.log"/>
         <property name="attachments" value=""/>
         <property name="hostName" value="radhakrishnang2 - NCI-02150368-L.nci.nih.gov"/>
         <property name="os" value="Windows 10 64bit"/>
         <property name="katalonVersion" value="8.0.5.208"/>
         <property name="browser" value="Chrome 92.0.4515.107"/>
         <property name="hostAddress" value="10.242.19.222"/>
         <property name="sessionId" value="1184246a45939a386381e4edd3bdf8ef"/>
         <property name="seleniumVersion" value="3.141.59"/>
         <property name="proxyInformation" value="ProxyInformation { proxyOption=NO_PROXY, proxyServerType=HTTP, username=, password=********, proxyServerAddress=, proxyServerPort=0, executionList=&quot;&quot;, isApplyToDesiredCapabilities=true }"/>
         <property name="platform" value="Windows 10"/>
      </properties>
      <testcase name="Test Cases/Bento_TestCases/EndocrineTherapy/TC01_Bento_Filter_EndocrineTherapy-AI" time="599.376" classname="Test Cases/Bento_TestCases/EndocrineTherapy/TC01_Bento_Filter_EndocrineTherapy-AI" status="ERROR">
         <error type="ERROR" message="Test Cases/Bento_TestCases/EndocrineTherapy/TC01_Bento_Filter_EndocrineTherapy-AI FAILED.
Reason:
java.lang.IllegalArgumentException: The workbook already contains a sheet named 'WebDataCases'
	at org.apache.poi.xssf.usermodel.XSSFWorkbook.validateSheetName(XSSFWorkbook.java:890)
	at org.apache.poi.xssf.usermodel.XSSFWorkbook.createSheet(XSSFWorkbook.java:843)
	at org.apache.poi.xssf.usermodel.XSSFWorkbook.createSheet(XSSFWorkbook.java:122)
	at org.apache.poi.ss.usermodel.Workbook$createSheet$1.call(Unknown Source)
	at ctdc.utilities.runtestcaseforKatalon.writeToExcel(runtestcaseforKatalon.groovy:708)
	at ctdc.utilities.runtestcaseforKatalon.ReadCasesTableKatalon(runtestcaseforKatalon.groovy:593)
	at ctdc.utilities.runtestcaseforKatalon.multiFunction(runtestcaseforKatalon.groovy:251)
	at ctdc.utilities.runtestcaseforKatalon.invokeMethod(runtestcaseforKatalon.groovy)
	at com.kms.katalon.core.main.CustomKeywordDelegatingMetaClass.invokeStaticMethod(CustomKeywordDelegatingMetaClass.java:50)
	at TC01_Bento_Filter_EndocrineTherapy-AI.run(TC01_Bento_Filter_EndocrineTherapy-AI:63)
	at com.kms.katalon.core.main.ScriptEngine.run(ScriptEngine.java:194)
	at com.kms.katalon.core.main.ScriptEngine.runScriptAsRawText(ScriptEngine.java:119)
	at com.kms.katalon.core.main.TestCaseExecutor.runScript(TestCaseExecutor.java:369)
	at com.kms.katalon.core.main.TestCaseExecutor.doExecute(TestCaseExecutor.java:360)
	at com.kms.katalon.core.main.TestCaseExecutor.processExecutionPhase(TestCaseExecutor.java:339)
	at com.kms.katalon.core.main.TestCaseExecutor.accessMainPhase(TestCaseExecutor.java:331)
	at com.kms.katalon.core.main.TestCaseExecutor.execute(TestCaseExecutor.java:248)
	at com.kms.katalon.core.main.TestSuiteExecutor.accessTestCaseMainPhase(TestSuiteExecutor.java:191)
	at com.kms.katalon.core.main.TestSuiteExecutor.accessTestSuiteMainPhase(TestSuiteExecutor.java:140)
	at com.kms.katalon.core.main.TestSuiteExecutor.execute(TestSuiteExecutor.java:89)
	at com.kms.katalon.core.main.TestCaseMain.startTestSuite(TestCaseMain.java:185)
	at com.kms.katalon.core.main.TestCaseMain$startTestSuite$0.call(Unknown Source)
	at TempTestSuite1627428797059.run(TempTestSuite1627428797059.groovy:39)
"/>
         <system-out><![CDATA[2021-07-27 16:33:23 - [TEST_CASE][ERROR] - Test Cases/Bento_TestCases/EndocrineTherapy/TC01_Bento_Filter_EndocrineTherapy-AI: Test Cases/Bento_TestCases/EndocrineTherapy/TC01_Bento_Filter_EndocrineTherapy-AI FAILED.
Reason:
java.lang.IllegalArgumentException: The workbook already contains a sheet named 'WebDataCases'
	at org.apache.poi.xssf.usermodel.XSSFWorkbook.validateSheetName(XSSFWorkbook.java:890)
	at org.apache.poi.xssf.usermodel.XSSFWorkbook.createSheet(XSSFWorkbook.java:843)
	at org.apache.poi.xssf.usermodel.XSSFWorkbook.createSheet(XSSFWorkbook.java:122)
	at org.apache.poi.ss.usermodel.Workbook$createSheet$1.call(Unknown Source)
	at ctdc.utilities.runtestcaseforKatalon.writeToExcel(runtestcaseforKatalon.groovy:708)
	at ctdc.utilities.runtestcaseforKatalon.ReadCasesTableKatalon(runtestcaseforKatalon.groovy:593)
	at ctdc.utilities.runtestcaseforKatalon.multiFunction(runtestcaseforKatalon.groovy:251)
	at ctdc.utilities.runtestcaseforKatalon.invokeMethod(runtestcaseforKatalon.groovy)
	at com.kms.katalon.core.main.CustomKeywordDelegatingMetaClass.invokeStaticMethod(CustomKeywordDelegatingMetaClass.java:50)
	at TC01_Bento_Filter_EndocrineTherapy-AI.run(TC01_Bento_Filter_EndocrineTherapy-AI:63)
	at com.kms.katalon.core.main.ScriptEngine.run(ScriptEngine.java:194)
	at com.kms.katalon.core.main.ScriptEngine.runScriptAsRawText(ScriptEngine.java:119)
	at com.kms.katalon.core.main.TestCaseExecutor.runScript(TestCaseExecutor.java:369)
	at com.kms.katalon.core.main.TestCaseExecutor.doExecute(TestCaseExecutor.java:360)
	at com.kms.katalon.core.main.TestCaseExecutor.processExecutionPhase(TestCaseExecutor.java:339)
	at com.kms.katalon.core.main.TestCaseExecutor.accessMainPhase(TestCaseExecutor.java:331)
	at com.kms.katalon.core.main.TestCaseExecutor.execute(TestCaseExecutor.java:248)
	at com.kms.katalon.core.main.TestSuiteExecutor.accessTestCaseMainPhase(TestSuiteExecutor.java:191)
	at com.kms.katalon.core.main.TestSuiteExecutor.accessTestSuiteMainPhase(TestSuiteExecutor.java:140)
	at com.kms.katalon.core.main.TestSuiteExecutor.execute(TestSuiteExecutor.java:89)
	at com.kms.katalon.core.main.TestCaseMain.startTestSuite(TestCaseMain.java:185)
	at com.kms.katalon.core.main.TestCaseMain$startTestSuite$0.call(Unknown Source)
	at TempTestSuite1627428797059.run(TempTestSuite1627428797059.groovy:39)


2021-07-27 16:33:23 - [TEST_STEP][PASSED] - Start listener action : getTestScriptName: null

2021-07-27 16:33:23 - [TEST_STEP][PASSED] - TestCaseId = testCaseContext.getTestCaseId(): null

2021-07-27 16:33:23 - [TEST_STEP][PASSED] - out.println("**********this is the value of test case id string******** " + testCaseContext.getTestCaseId()): null

2021-07-27 16:33:23 - [TEST_STEP][PASSED] - G_currentTCName = TestCaseId.substring(TestCaseId.lastIndexOf("TC")): null

2021-07-27 16:33:23 - [TEST_STEP][PASSED] - out.println("This is the test case name : " + G_currentTCName): null

2021-07-27 16:33:24 - [TEST_STEP][PASSED] - closeBrowser(): Browser is closed

2021-07-27 16:33:24 - [MESSAGE][PASSED] - Browser is closed

2021-07-27 16:33:24 - [TEST_STEP][PASSED] - ctdc.utilities.runtestcaseforKatalon.RunKatalon("TC01_Bento_Filter_EndocrineTherapy-AI.xlsx"): Data loaded from input file for the test case. 

2021-07-27 16:33:24 - [MESSAGE][PASSED] - Test case file loaded This is the full filepath after converting to string :C:\Users\radhakrishnang2\Commons_Automation\InputFiles\TC01_Bento_Filter_EndocrineTherapy-AI.xlsx

2021-07-27 16:33:24 - [MESSAGE][INFO] - Global variable set for password file is :  C:\Users\radhakrishnang2\Commons_Automation\InputFiles\TC01_Bento_Filter_EndocrineTherapy-AI.xlsx

2021-07-27 16:33:29 - [MESSAGE][PASSED] - Data loaded from input file for the test case. 

2021-07-27 16:33:45 - [TEST_STEP][PASSED] - waitForElementClickable(findTestObject("Object Repository/Bento/NavBar/Bento_Cases-Btn"), 5): Object 'Object Repository/Bento/NavBar/Bento_Cases-Btn' is clickable

2021-07-27 16:33:45 - [MESSAGE][PASSED] - Object 'Object Repository/Bento/NavBar/Bento_Cases-Btn' is clickable

2021-07-27 16:33:45 - [TEST_STEP][PASSED] - ctdc.utilities.runtestcaseforKatalon.clickTab("Object Repository/Bento/NavBar/Bento_Cases-Btn"): ctdc.utilities.runtestcaseforKatalon.clickTab is PASSED

2021-07-27 16:33:46 - [MESSAGE][PASSED] - ctdc.utilities.runtestcaseforKatalon.clickTab is PASSED

2021-07-27 16:33:46 - [TEST_STEP][PASSED] - waitForElementClickable(findTestObject("Bento/Cases_page/Filter/FilterByCases_Facet"), 5): Object 'Object Repository/Bento/Cases_page/Filter/FilterByCases_Facet' is clickable

2021-07-27 16:33:47 - [MESSAGE][PASSED] - Object 'Object Repository/Bento/Cases_page/Filter/FilterByCases_Facet' is clickable

2021-07-27 16:33:47 - [TEST_STEP][PASSED] - ctdc.utilities.runtestcaseforKatalon.clickTab("Bento/Cases_page/Filter/FilterByCases_Facet"): ctdc.utilities.runtestcaseforKatalon.clickTab is PASSED

2021-07-27 16:33:47 - [MESSAGE][PASSED] - ctdc.utilities.runtestcaseforKatalon.clickTab is PASSED

2021-07-27 16:33:47 - [TEST_STEP][PASSED] - waitForElementClickable(findTestObject("Bento/Cases_page/Filter/EndocrineTherapy/ENDOCRINETHERAPY_Ddn"), 5): Object 'Object Repository/Bento/Cases_page/Filter/EndocrineTherapy/ENDOCRINETHERAPY_Ddn' is clickable

2021-07-27 16:33:48 - [MESSAGE][PASSED] - Object 'Object Repository/Bento/Cases_page/Filter/EndocrineTherapy/ENDOCRINETHERAPY_Ddn' is clickable

2021-07-27 16:33:48 - [TEST_STEP][PASSED] - ctdc.utilities.runtestcaseforKatalon.clickTab("Bento/Cases_page/Filter/EndocrineTherapy/ENDOCRINETHERAPY_Ddn"): ctdc.utilities.runtestcaseforKatalon.clickTab is PASSED

2021-07-27 16:33:48 - [MESSAGE][PASSED] - ctdc.utilities.runtestcaseforKatalon.clickTab is PASSED

2021-07-27 16:33:48 - [TEST_STEP][PASSED] - ctdc.utilities.runtestcaseforKatalon.clickTab("Object Repository/Bento/Cases_page/Filter/EndocrineTherapy/AI_Chkbx"): ctdc.utilities.runtestcaseforKatalon.clickTab is PASSED

2021-07-27 16:33:49 - [MESSAGE][PASSED] - ctdc.utilities.runtestcaseforKatalon.clickTab is PASSED

2021-07-27 16:33:49 - [TEST_STEP][PASSED] - ctdc.utilities.runtestcaseforKatalon.clickTab("Object Repository/Bento/Cases_page/Filter/EndocrineTherapy/ENDOCRINETHERAPY_Ddn"): ctdc.utilities.runtestcaseforKatalon.clickTab is PASSED

2021-07-27 16:33:49 - [MESSAGE][PASSED] - ctdc.utilities.runtestcaseforKatalon.clickTab is PASSED

2021-07-27 16:33:49 - [TEST_STEP][PASSED] - ctdc.utilities.runtestcaseforKatalon.readStatBarBento("Object Repository/Bento/StatBar/Bento_StatBar-Programs", "Object Repository/Bento/StatBar/Bento_StatBar-Arms", "Object Repository/Bento/StatBar/Bento_StatBar-Cases", "Object Repository/Bento/StatBar/Bento_StatBar-Samples", "Object Repository/Bento/StatBar/Bento_StatBar-Assays", "Object Repository/Bento/StatBar/Bento_StatBar-Files"): ctdc.utilities.runtestcaseforKatalon.readStatBarBento is PASSED

2021-07-27 16:33:58 - [MESSAGE][PASSED] - ctdc.utilities.runtestcaseforKatalon.readStatBarBento is PASSED

2021-07-27 16:33:58 - [TEST_STEP][PASSED] - waitForElementPresent(findTestObject("Object Repository/Bento/Cases_page/BentoResults_Cases_Tab"), 5): Object 'Object Repository/Bento/Cases_page/BentoResults_Cases_Tab' is present

2021-07-27 16:33:58 - [MESSAGE][PASSED] - Object 'Object Repository/Bento/Cases_page/BentoResults_Cases_Tab' is present

2021-07-27 16:33:58 - [TEST_STEP][PASSED] - ctdc.utilities.runtestcaseforKatalon.clickTab("Object Repository/Bento/Cases_page/BentoResults_Cases_Tab"): ctdc.utilities.runtestcaseforKatalon.clickTab is PASSED

2021-07-27 16:33:59 - [MESSAGE][PASSED] - ctdc.utilities.runtestcaseforKatalon.clickTab is PASSED

2021-07-27 16:33:59 - [TEST_STEP][ERROR] - ctdc.utilities.runtestcaseforKatalon.multiFunction("Bento", G_StatBar_Cases, "Object Repository/Bento/Cases_page/Bento_CasesTable", "Object Repository/Bento/Cases_page/Bento_CasesTableHeader", "Object Repository/Bento/Cases_page/Bento_CasesTabNextBtn", G_WebTabnameCases, G_CypherTabnameCases, G_QueryCasesTab): The workbook already contains a sheet named 'WebDataCases'

2021-07-27 16:43:22 - [MESSAGE][ERROR] - The workbook already contains a sheet named 'WebDataCases']]></system-out>
         <system-err><![CDATA[2021-07-27 16:33:23 - [TEST_CASE][ERROR] - Test Cases/Bento_TestCases/EndocrineTherapy/TC01_Bento_Filter_EndocrineTherapy-AI: Test Cases/Bento_TestCases/EndocrineTherapy/TC01_Bento_Filter_EndocrineTherapy-AI FAILED.
Reason:
java.lang.IllegalArgumentException: The workbook already contains a sheet named 'WebDataCases'
	at org.apache.poi.xssf.usermodel.XSSFWorkbook.validateSheetName(XSSFWorkbook.java:890)
	at org.apache.poi.xssf.usermodel.XSSFWorkbook.createSheet(XSSFWorkbook.java:843)
	at org.apache.poi.xssf.usermodel.XSSFWorkbook.createSheet(XSSFWorkbook.java:122)
	at org.apache.poi.ss.usermodel.Workbook$createSheet$1.call(Unknown Source)
	at ctdc.utilities.runtestcaseforKatalon.writeToExcel(runtestcaseforKatalon.groovy:708)
	at ctdc.utilities.runtestcaseforKatalon.ReadCasesTableKatalon(runtestcaseforKatalon.groovy:593)
	at ctdc.utilities.runtestcaseforKatalon.multiFunction(runtestcaseforKatalon.groovy:251)
	at ctdc.utilities.runtestcaseforKatalon.invokeMethod(runtestcaseforKatalon.groovy)
	at com.kms.katalon.core.main.CustomKeywordDelegatingMetaClass.invokeStaticMethod(CustomKeywordDelegatingMetaClass.java:50)
	at TC01_Bento_Filter_EndocrineTherapy-AI.run(TC01_Bento_Filter_EndocrineTherapy-AI:63)
	at com.kms.katalon.core.main.ScriptEngine.run(ScriptEngine.java:194)
	at com.kms.katalon.core.main.ScriptEngine.runScriptAsRawText(ScriptEngine.java:119)
	at com.kms.katalon.core.main.TestCaseExecutor.runScript(TestCaseExecutor.java:369)
	at com.kms.katalon.core.main.TestCaseExecutor.doExecute(TestCaseExecutor.java:360)
	at com.kms.katalon.core.main.TestCaseExecutor.processExecutionPhase(TestCaseExecutor.java:339)
	at com.kms.katalon.core.main.TestCaseExecutor.accessMainPhase(TestCaseExecutor.java:331)
	at com.kms.katalon.core.main.TestCaseExecutor.execute(TestCaseExecutor.java:248)
	at com.kms.katalon.core.main.TestSuiteExecutor.accessTestCaseMainPhase(TestSuiteExecutor.java:191)
	at com.kms.katalon.core.main.TestSuiteExecutor.accessTestSuiteMainPhase(TestSuiteExecutor.java:140)
	at com.kms.katalon.core.main.TestSuiteExecutor.execute(TestSuiteExecutor.java:89)
	at com.kms.katalon.core.main.TestCaseMain.startTestSuite(TestCaseMain.java:185)
	at com.kms.katalon.core.main.TestCaseMain$startTestSuite$0.call(Unknown Source)
	at TempTestSuite1627428797059.run(TempTestSuite1627428797059.groovy:39)]]></system-err>
      </testcase>
      <testcase name="Test Cases/Bento_TestCases/EndocrineTherapy/TC02_Bento_Filter_EndocrineTherapy-None" time="92.893" classname="Test Cases/Bento_TestCases/EndocrineTherapy/TC02_Bento_Filter_EndocrineTherapy-None" status="ERROR">
         <error type="ERROR" message="Test Cases/Bento_TestCases/EndocrineTherapy/TC02_Bento_Filter_EndocrineTherapy-None FAILED.
Reason:
java.lang.IllegalArgumentException: The workbook already contains a sheet named 'WebDataCases'
	at org.apache.poi.xssf.usermodel.XSSFWorkbook.validateSheetName(XSSFWorkbook.java:890)
	at org.apache.poi.xssf.usermodel.XSSFWorkbook.createSheet(XSSFWorkbook.java:843)
	at org.apache.poi.xssf.usermodel.XSSFWorkbook.createSheet(XSSFWorkbook.java:122)
	at org.apache.poi.ss.usermodel.Workbook$createSheet$1.call(Unknown Source)
	at ctdc.utilities.runtestcaseforKatalon.writeToExcel(runtestcaseforKatalon.groovy:708)
	at ctdc.utilities.runtestcaseforKatalon.ReadCasesTableKatalon(runtestcaseforKatalon.groovy:593)
	at ctdc.utilities.runtestcaseforKatalon.multiFunction(runtestcaseforKatalon.groovy:251)
	at ctdc.utilities.runtestcaseforKatalon.invokeMethod(runtestcaseforKatalon.groovy)
	at com.kms.katalon.core.main.CustomKeywordDelegatingMetaClass.invokeStaticMethod(CustomKeywordDelegatingMetaClass.java:50)
	at TC02_Bento_Filter_EndocrineTherapy-None.run(TC02_Bento_Filter_EndocrineTherapy-None:64)
	at com.kms.katalon.core.main.ScriptEngine.run(ScriptEngine.java:194)
	at com.kms.katalon.core.main.ScriptEngine.runScriptAsRawText(ScriptEngine.java:119)
	at com.kms.katalon.core.main.TestCaseExecutor.runScript(TestCaseExecutor.java:369)
	at com.kms.katalon.core.main.TestCaseExecutor.doExecute(TestCaseExecutor.java:360)
	at com.kms.katalon.core.main.TestCaseExecutor.processExecutionPhase(TestCaseExecutor.java:339)
	at com.kms.katalon.core.main.TestCaseExecutor.accessMainPhase(TestCaseExecutor.java:331)
	at com.kms.katalon.core.main.TestCaseExecutor.execute(TestCaseExecutor.java:248)
	at com.kms.katalon.core.main.TestSuiteExecutor.accessTestCaseMainPhase(TestSuiteExecutor.java:191)
	at com.kms.katalon.core.main.TestSuiteExecutor.accessTestSuiteMainPhase(TestSuiteExecutor.java:140)
	at com.kms.katalon.core.main.TestSuiteExecutor.execute(TestSuiteExecutor.java:89)
	at com.kms.katalon.core.main.TestCaseMain.startTestSuite(TestCaseMain.java:185)
	at com.kms.katalon.core.main.TestCaseMain$startTestSuite$0.call(Unknown Source)
	at TempTestSuite1627428797059.run(TempTestSuite1627428797059.groovy:39)
"/>
         <system-out><![CDATA[2021-07-27 16:43:22 - [TEST_CASE][ERROR] - Test Cases/Bento_TestCases/EndocrineTherapy/TC02_Bento_Filter_EndocrineTherapy-None: Test Cases/Bento_TestCases/EndocrineTherapy/TC02_Bento_Filter_EndocrineTherapy-None FAILED.
Reason:
java.lang.IllegalArgumentException: The workbook already contains a sheet named 'WebDataCases'
	at org.apache.poi.xssf.usermodel.XSSFWorkbook.validateSheetName(XSSFWorkbook.java:890)
	at org.apache.poi.xssf.usermodel.XSSFWorkbook.createSheet(XSSFWorkbook.java:843)
	at org.apache.poi.xssf.usermodel.XSSFWorkbook.createSheet(XSSFWorkbook.java:122)
	at org.apache.poi.ss.usermodel.Workbook$createSheet$1.call(Unknown Source)
	at ctdc.utilities.runtestcaseforKatalon.writeToExcel(runtestcaseforKatalon.groovy:708)
	at ctdc.utilities.runtestcaseforKatalon.ReadCasesTableKatalon(runtestcaseforKatalon.groovy:593)
	at ctdc.utilities.runtestcaseforKatalon.multiFunction(runtestcaseforKatalon.groovy:251)
	at ctdc.utilities.runtestcaseforKatalon.invokeMethod(runtestcaseforKatalon.groovy)
	at com.kms.katalon.core.main.CustomKeywordDelegatingMetaClass.invokeStaticMethod(CustomKeywordDelegatingMetaClass.java:50)
	at TC02_Bento_Filter_EndocrineTherapy-None.run(TC02_Bento_Filter_EndocrineTherapy-None:64)
	at com.kms.katalon.core.main.ScriptEngine.run(ScriptEngine.java:194)
	at com.kms.katalon.core.main.ScriptEngine.runScriptAsRawText(ScriptEngine.java:119)
	at com.kms.katalon.core.main.TestCaseExecutor.runScript(TestCaseExecutor.java:369)
	at com.kms.katalon.core.main.TestCaseExecutor.doExecute(TestCaseExecutor.java:360)
	at com.kms.katalon.core.main.TestCaseExecutor.processExecutionPhase(TestCaseExecutor.java:339)
	at com.kms.katalon.core.main.TestCaseExecutor.accessMainPhase(TestCaseExecutor.java:331)
	at com.kms.katalon.core.main.TestCaseExecutor.execute(TestCaseExecutor.java:248)
	at com.kms.katalon.core.main.TestSuiteExecutor.accessTestCaseMainPhase(TestSuiteExecutor.java:191)
	at com.kms.katalon.core.main.TestSuiteExecutor.accessTestSuiteMainPhase(TestSuiteExecutor.java:140)
	at com.kms.katalon.core.main.TestSuiteExecutor.execute(TestSuiteExecutor.java:89)
	at com.kms.katalon.core.main.TestCaseMain.startTestSuite(TestCaseMain.java:185)
	at com.kms.katalon.core.main.TestCaseMain$startTestSuite$0.call(Unknown Source)
	at TempTestSuite1627428797059.run(TempTestSuite1627428797059.groovy:39)


2021-07-27 16:43:22 - [TEST_STEP][PASSED] - Start listener action : getTestScriptName: null

2021-07-27 16:43:22 - [TEST_STEP][PASSED] - TestCaseId = testCaseContext.getTestCaseId(): null

2021-07-27 16:43:22 - [TEST_STEP][PASSED] - out.println("**********this is the value of test case id string******** " + testCaseContext.getTestCaseId()): null

2021-07-27 16:43:22 - [TEST_STEP][PASSED] - G_currentTCName = TestCaseId.substring(TestCaseId.lastIndexOf("TC")): null

2021-07-27 16:43:22 - [TEST_STEP][PASSED] - out.println("This is the test case name : " + G_currentTCName): null

2021-07-27 16:43:23 - [TEST_STEP][PASSED] - closeBrowser(): Browser is closed

2021-07-27 16:43:24 - [MESSAGE][PASSED] - Browser is closed

2021-07-27 16:43:24 - [TEST_STEP][PASSED] - ctdc.utilities.runtestcaseforKatalon.RunKatalon("TC02_Bento_Filter_EndocrineTherapy-None.xlsx"): Data loaded from input file for the test case. 

2021-07-27 16:43:24 - [MESSAGE][PASSED] - Test case file loaded This is the full filepath after converting to string :C:\Users\radhakrishnang2\Commons_Automation\InputFiles\TC02_Bento_Filter_EndocrineTherapy-None.xlsx

2021-07-27 16:43:24 - [MESSAGE][INFO] - Global variable set for password file is :  C:\Users\radhakrishnang2\Commons_Automation\InputFiles\TC02_Bento_Filter_EndocrineTherapy-None.xlsx

2021-07-27 16:43:28 - [MESSAGE][PASSED] - Data loaded from input file for the test case. 

2021-07-27 16:43:41 - [TEST_STEP][PASSED] - waitForElementClickable(findTestObject("Object Repository/Bento/NavBar/Bento_Cases-Btn"), 5): Object 'Object Repository/Bento/NavBar/Bento_Cases-Btn' is clickable

2021-07-27 16:43:41 - [MESSAGE][PASSED] - Object 'Object Repository/Bento/NavBar/Bento_Cases-Btn' is clickable

2021-07-27 16:43:41 - [TEST_STEP][PASSED] - ctdc.utilities.runtestcaseforKatalon.clickTab("Object Repository/Bento/NavBar/Bento_Cases-Btn"): ctdc.utilities.runtestcaseforKatalon.clickTab is PASSED

2021-07-27 16:43:42 - [MESSAGE][PASSED] - ctdc.utilities.runtestcaseforKatalon.clickTab is PASSED

2021-07-27 16:43:42 - [TEST_STEP][PASSED] - waitForElementClickable(findTestObject("Bento/Cases_page/Filter/FilterByCases_Facet"), 5): Object 'Object Repository/Bento/Cases_page/Filter/FilterByCases_Facet' is clickable

2021-07-27 16:43:43 - [MESSAGE][PASSED] - Object 'Object Repository/Bento/Cases_page/Filter/FilterByCases_Facet' is clickable

2021-07-27 16:43:43 - [TEST_STEP][PASSED] - ctdc.utilities.runtestcaseforKatalon.clickTab("Bento/Cases_page/Filter/FilterByCases_Facet"): ctdc.utilities.runtestcaseforKatalon.clickTab is PASSED

2021-07-27 16:43:43 - [MESSAGE][PASSED] - ctdc.utilities.runtestcaseforKatalon.clickTab is PASSED

2021-07-27 16:43:43 - [TEST_STEP][PASSED] - waitForElementClickable(findTestObject("Bento/Cases_page/Filter/EndocrineTherapy/ENDOCRINETHERAPY_Ddn"), 5): Object 'Object Repository/Bento/Cases_page/Filter/EndocrineTherapy/ENDOCRINETHERAPY_Ddn' is clickable

2021-07-27 16:43:43 - [MESSAGE][PASSED] - Object 'Object Repository/Bento/Cases_page/Filter/EndocrineTherapy/ENDOCRINETHERAPY_Ddn' is clickable

2021-07-27 16:43:43 - [TEST_STEP][PASSED] - ctdc.utilities.runtestcaseforKatalon.clickTab("Bento/Cases_page/Filter/EndocrineTherapy/ENDOCRINETHERAPY_Ddn"): ctdc.utilities.runtestcaseforKatalon.clickTab is PASSED

2021-07-27 16:43:44 - [MESSAGE][PASSED] - ctdc.utilities.runtestcaseforKatalon.clickTab is PASSED

2021-07-27 16:43:44 - [TEST_STEP][PASSED] - ctdc.utilities.runtestcaseforKatalon.clickTab("Object Repository/Bento/Cases_page/Filter/EndocrineTherapy/None_Chkbx"): ctdc.utilities.runtestcaseforKatalon.clickTab is PASSED

2021-07-27 16:43:44 - [MESSAGE][PASSED] - ctdc.utilities.runtestcaseforKatalon.clickTab is PASSED

2021-07-27 16:43:44 - [TEST_STEP][PASSED] - ctdc.utilities.runtestcaseforKatalon.clickTab("Object Repository/Bento/Cases_page/Filter/EndocrineTherapy/ENDOCRINETHERAPY_Ddn"): ctdc.utilities.runtestcaseforKatalon.clickTab is PASSED

2021-07-27 16:43:44 - [MESSAGE][PASSED] - ctdc.utilities.runtestcaseforKatalon.clickTab is PASSED

2021-07-27 16:43:44 - [TEST_STEP][PASSED] - ctdc.utilities.runtestcaseforKatalon.readStatBarBento("Object Repository/Bento/StatBar/Bento_StatBar-Programs", "Object Repository/Bento/StatBar/Bento_StatBar-Arms", "Object Repository/Bento/StatBar/Bento_StatBar-Cases", "Object Repository/Bento/StatBar/Bento_StatBar-Samples", "Object Repository/Bento/StatBar/Bento_StatBar-Assays", "Object Repository/Bento/StatBar/Bento_StatBar-Files"): ctdc.utilities.runtestcaseforKatalon.readStatBarBento is PASSED

2021-07-27 16:43:53 - [MESSAGE][PASSED] - ctdc.utilities.runtestcaseforKatalon.readStatBarBento is PASSED

2021-07-27 16:43:53 - [TEST_STEP][PASSED] - waitForElementPresent(findTestObject("Object Repository/Bento/Cases_page/BentoResults_Cases_Tab"), 5): Object 'Object Repository/Bento/Cases_page/BentoResults_Cases_Tab' is present

2021-07-27 16:43:53 - [MESSAGE][PASSED] - Object 'Object Repository/Bento/Cases_page/BentoResults_Cases_Tab' is present

2021-07-27 16:43:53 - [TEST_STEP][PASSED] - ctdc.utilities.runtestcaseforKatalon.clickTab("Object Repository/Bento/Cases_page/BentoResults_Cases_Tab"): ctdc.utilities.runtestcaseforKatalon.clickTab is PASSED

2021-07-27 16:43:53 - [MESSAGE][PASSED] - ctdc.utilities.runtestcaseforKatalon.clickTab is PASSED

2021-07-27 16:43:53 - [TEST_STEP][ERROR] - ctdc.utilities.runtestcaseforKatalon.multiFunction("Bento", G_StatBar_Cases, "Object Repository/Bento/Cases_page/Bento_CasesTable", "Object Repository/Bento/Cases_page/Bento_CasesTableHeader", "Object Repository/Bento/Cases_page/Bento_CasesTabNextBtn", G_WebTabnameCases, G_CypherTabnameCases, G_QueryCasesTab): The workbook already contains a sheet named 'WebDataCases'

2021-07-27 16:44:55 - [MESSAGE][ERROR] - The workbook already contains a sheet named 'WebDataCases']]></system-out>
         <system-err><![CDATA[2021-07-27 16:43:22 - [TEST_CASE][ERROR] - Test Cases/Bento_TestCases/EndocrineTherapy/TC02_Bento_Filter_EndocrineTherapy-None: Test Cases/Bento_TestCases/EndocrineTherapy/TC02_Bento_Filter_EndocrineTherapy-None FAILED.
Reason:
java.lang.IllegalArgumentException: The workbook already contains a sheet named 'WebDataCases'
	at org.apache.poi.xssf.usermodel.XSSFWorkbook.validateSheetName(XSSFWorkbook.java:890)
	at org.apache.poi.xssf.usermodel.XSSFWorkbook.createSheet(XSSFWorkbook.java:843)
	at org.apache.poi.xssf.usermodel.XSSFWorkbook.createSheet(XSSFWorkbook.java:122)
	at org.apache.poi.ss.usermodel.Workbook$createSheet$1.call(Unknown Source)
	at ctdc.utilities.runtestcaseforKatalon.writeToExcel(runtestcaseforKatalon.groovy:708)
	at ctdc.utilities.runtestcaseforKatalon.ReadCasesTableKatalon(runtestcaseforKatalon.groovy:593)
	at ctdc.utilities.runtestcaseforKatalon.multiFunction(runtestcaseforKatalon.groovy:251)
	at ctdc.utilities.runtestcaseforKatalon.invokeMethod(runtestcaseforKatalon.groovy)
	at com.kms.katalon.core.main.CustomKeywordDelegatingMetaClass.invokeStaticMethod(CustomKeywordDelegatingMetaClass.java:50)
	at TC02_Bento_Filter_EndocrineTherapy-None.run(TC02_Bento_Filter_EndocrineTherapy-None:64)
	at com.kms.katalon.core.main.ScriptEngine.run(ScriptEngine.java:194)
	at com.kms.katalon.core.main.ScriptEngine.runScriptAsRawText(ScriptEngine.java:119)
	at com.kms.katalon.core.main.TestCaseExecutor.runScript(TestCaseExecutor.java:369)
	at com.kms.katalon.core.main.TestCaseExecutor.doExecute(TestCaseExecutor.java:360)
	at com.kms.katalon.core.main.TestCaseExecutor.processExecutionPhase(TestCaseExecutor.java:339)
	at com.kms.katalon.core.main.TestCaseExecutor.accessMainPhase(TestCaseExecutor.java:331)
	at com.kms.katalon.core.main.TestCaseExecutor.execute(TestCaseExecutor.java:248)
	at com.kms.katalon.core.main.TestSuiteExecutor.accessTestCaseMainPhase(TestSuiteExecutor.java:191)
	at com.kms.katalon.core.main.TestSuiteExecutor.accessTestSuiteMainPhase(TestSuiteExecutor.java:140)
	at com.kms.katalon.core.main.TestSuiteExecutor.execute(TestSuiteExecutor.java:89)
	at com.kms.katalon.core.main.TestCaseMain.startTestSuite(TestCaseMain.java:185)
	at com.kms.katalon.core.main.TestCaseMain$startTestSuite$0.call(Unknown Source)
	at TempTestSuite1627428797059.run(TempTestSuite1627428797059.groovy:39)]]></system-err>
      </testcase>
      <testcase name="Test Cases/Bento_TestCases/EndocrineTherapy/TC03_Bento_Filter_EndocrineTherapy-OFS" time="50.647" classname="Test Cases/Bento_TestCases/EndocrineTherapy/TC03_Bento_Filter_EndocrineTherapy-OFS" status="ERROR">
         <error type="ERROR" message="Test Cases/Bento_TestCases/EndocrineTherapy/TC03_Bento_Filter_EndocrineTherapy-OFS FAILED.
Reason:
java.lang.IllegalArgumentException: The workbook already contains a sheet named 'WebDataCases'
	at org.apache.poi.xssf.usermodel.XSSFWorkbook.validateSheetName(XSSFWorkbook.java:890)
	at org.apache.poi.xssf.usermodel.XSSFWorkbook.createSheet(XSSFWorkbook.java:843)
	at org.apache.poi.xssf.usermodel.XSSFWorkbook.createSheet(XSSFWorkbook.java:122)
	at org.apache.poi.ss.usermodel.Workbook$createSheet$1.call(Unknown Source)
	at ctdc.utilities.runtestcaseforKatalon.writeToExcel(runtestcaseforKatalon.groovy:708)
	at ctdc.utilities.runtestcaseforKatalon.ReadCasesTableKatalon(runtestcaseforKatalon.groovy:593)
	at ctdc.utilities.runtestcaseforKatalon.multiFunction(runtestcaseforKatalon.groovy:251)
	at ctdc.utilities.runtestcaseforKatalon.invokeMethod(runtestcaseforKatalon.groovy)
	at com.kms.katalon.core.main.CustomKeywordDelegatingMetaClass.invokeStaticMethod(CustomKeywordDelegatingMetaClass.java:50)
	at TC03_Bento_Filter_EndocrineTherapy-OFS.run(TC03_Bento_Filter_EndocrineTherapy-OFS:64)
	at com.kms.katalon.core.main.ScriptEngine.run(ScriptEngine.java:194)
	at com.kms.katalon.core.main.ScriptEngine.runScriptAsRawText(ScriptEngine.java:119)
	at com.kms.katalon.core.main.TestCaseExecutor.runScript(TestCaseExecutor.java:369)
	at com.kms.katalon.core.main.TestCaseExecutor.doExecute(TestCaseExecutor.java:360)
	at com.kms.katalon.core.main.TestCaseExecutor.processExecutionPhase(TestCaseExecutor.java:339)
	at com.kms.katalon.core.main.TestCaseExecutor.accessMainPhase(TestCaseExecutor.java:331)
	at com.kms.katalon.core.main.TestCaseExecutor.execute(TestCaseExecutor.java:248)
	at com.kms.katalon.core.main.TestSuiteExecutor.accessTestCaseMainPhase(TestSuiteExecutor.java:191)
	at com.kms.katalon.core.main.TestSuiteExecutor.accessTestSuiteMainPhase(TestSuiteExecutor.java:140)
	at com.kms.katalon.core.main.TestSuiteExecutor.execute(TestSuiteExecutor.java:89)
	at com.kms.katalon.core.main.TestCaseMain.startTestSuite(TestCaseMain.java:185)
	at com.kms.katalon.core.main.TestCaseMain$startTestSuite$0.call(Unknown Source)
	at TempTestSuite1627428797059.run(TempTestSuite1627428797059.groovy:39)
"/>
         <system-out><![CDATA[2021-07-27 16:44:55 - [TEST_CASE][ERROR] - Test Cases/Bento_TestCases/EndocrineTherapy/TC03_Bento_Filter_EndocrineTherapy-OFS: Test Cases/Bento_TestCases/EndocrineTherapy/TC03_Bento_Filter_EndocrineTherapy-OFS FAILED.
Reason:
java.lang.IllegalArgumentException: The workbook already contains a sheet named 'WebDataCases'
	at org.apache.poi.xssf.usermodel.XSSFWorkbook.validateSheetName(XSSFWorkbook.java:890)
	at org.apache.poi.xssf.usermodel.XSSFWorkbook.createSheet(XSSFWorkbook.java:843)
	at org.apache.poi.xssf.usermodel.XSSFWorkbook.createSheet(XSSFWorkbook.java:122)
	at org.apache.poi.ss.usermodel.Workbook$createSheet$1.call(Unknown Source)
	at ctdc.utilities.runtestcaseforKatalon.writeToExcel(runtestcaseforKatalon.groovy:708)
	at ctdc.utilities.runtestcaseforKatalon.ReadCasesTableKatalon(runtestcaseforKatalon.groovy:593)
	at ctdc.utilities.runtestcaseforKatalon.multiFunction(runtestcaseforKatalon.groovy:251)
	at ctdc.utilities.runtestcaseforKatalon.invokeMethod(runtestcaseforKatalon.groovy)
	at com.kms.katalon.core.main.CustomKeywordDelegatingMetaClass.invokeStaticMethod(CustomKeywordDelegatingMetaClass.java:50)
	at TC03_Bento_Filter_EndocrineTherapy-OFS.run(TC03_Bento_Filter_EndocrineTherapy-OFS:64)
	at com.kms.katalon.core.main.ScriptEngine.run(ScriptEngine.java:194)
	at com.kms.katalon.core.main.ScriptEngine.runScriptAsRawText(ScriptEngine.java:119)
	at com.kms.katalon.core.main.TestCaseExecutor.runScript(TestCaseExecutor.java:369)
	at com.kms.katalon.core.main.TestCaseExecutor.doExecute(TestCaseExecutor.java:360)
	at com.kms.katalon.core.main.TestCaseExecutor.processExecutionPhase(TestCaseExecutor.java:339)
	at com.kms.katalon.core.main.TestCaseExecutor.accessMainPhase(TestCaseExecutor.java:331)
	at com.kms.katalon.core.main.TestCaseExecutor.execute(TestCaseExecutor.java:248)
	at com.kms.katalon.core.main.TestSuiteExecutor.accessTestCaseMainPhase(TestSuiteExecutor.java:191)
	at com.kms.katalon.core.main.TestSuiteExecutor.accessTestSuiteMainPhase(TestSuiteExecutor.java:140)
	at com.kms.katalon.core.main.TestSuiteExecutor.execute(TestSuiteExecutor.java:89)
	at com.kms.katalon.core.main.TestCaseMain.startTestSuite(TestCaseMain.java:185)
	at com.kms.katalon.core.main.TestCaseMain$startTestSuite$0.call(Unknown Source)
	at TempTestSuite1627428797059.run(TempTestSuite1627428797059.groovy:39)


2021-07-27 16:44:55 - [TEST_STEP][PASSED] - Start listener action : getTestScriptName: null

2021-07-27 16:44:55 - [TEST_STEP][PASSED] - TestCaseId = testCaseContext.getTestCaseId(): null

2021-07-27 16:44:55 - [TEST_STEP][PASSED] - out.println("**********this is the value of test case id string******** " + testCaseContext.getTestCaseId()): null

2021-07-27 16:44:55 - [TEST_STEP][PASSED] - G_currentTCName = TestCaseId.substring(TestCaseId.lastIndexOf("TC")): null

2021-07-27 16:44:55 - [TEST_STEP][PASSED] - out.println("This is the test case name : " + G_currentTCName): null

2021-07-27 16:44:56 - [TEST_STEP][PASSED] - closeBrowser(): Browser is closed

2021-07-27 16:44:56 - [MESSAGE][PASSED] - Browser is closed

2021-07-27 16:44:56 - [TEST_STEP][PASSED] - ctdc.utilities.runtestcaseforKatalon.RunKatalon("TC03_Bento_Filter_EndocrineTherapy-OFS.xlsx"): Data loaded from input file for the test case. 

2021-07-27 16:44:56 - [MESSAGE][PASSED] - Test case file loaded This is the full filepath after converting to string :C:\Users\radhakrishnang2\Commons_Automation\InputFiles\TC03_Bento_Filter_EndocrineTherapy-OFS.xlsx

2021-07-27 16:44:56 - [MESSAGE][INFO] - Global variable set for password file is :  C:\Users\radhakrishnang2\Commons_Automation\InputFiles\TC03_Bento_Filter_EndocrineTherapy-OFS.xlsx

2021-07-27 16:45:00 - [MESSAGE][PASSED] - Data loaded from input file for the test case. 

2021-07-27 16:45:15 - [TEST_STEP][PASSED] - waitForElementClickable(findTestObject("Object Repository/Bento/NavBar/Bento_Cases-Btn"), 5): Object 'Object Repository/Bento/NavBar/Bento_Cases-Btn' is clickable

2021-07-27 16:45:15 - [MESSAGE][PASSED] - Object 'Object Repository/Bento/NavBar/Bento_Cases-Btn' is clickable

2021-07-27 16:45:15 - [TEST_STEP][PASSED] - ctdc.utilities.runtestcaseforKatalon.clickTab("Object Repository/Bento/NavBar/Bento_Cases-Btn"): ctdc.utilities.runtestcaseforKatalon.clickTab is PASSED

2021-07-27 16:45:15 - [MESSAGE][PASSED] - ctdc.utilities.runtestcaseforKatalon.clickTab is PASSED

2021-07-27 16:45:15 - [TEST_STEP][PASSED] - waitForElementClickable(findTestObject("Bento/Cases_page/Filter/FilterByCases_Facet"), 5): Object 'Object Repository/Bento/Cases_page/Filter/FilterByCases_Facet' is clickable

2021-07-27 16:45:16 - [MESSAGE][PASSED] - Object 'Object Repository/Bento/Cases_page/Filter/FilterByCases_Facet' is clickable

2021-07-27 16:45:16 - [TEST_STEP][PASSED] - ctdc.utilities.runtestcaseforKatalon.clickTab("Bento/Cases_page/Filter/FilterByCases_Facet"): ctdc.utilities.runtestcaseforKatalon.clickTab is PASSED

2021-07-27 16:45:16 - [MESSAGE][PASSED] - ctdc.utilities.runtestcaseforKatalon.clickTab is PASSED

2021-07-27 16:45:16 - [TEST_STEP][PASSED] - waitForElementClickable(findTestObject("Bento/Cases_page/Filter/EndocrineTherapy/ENDOCRINETHERAPY_Ddn"), 5): Object 'Object Repository/Bento/Cases_page/Filter/EndocrineTherapy/ENDOCRINETHERAPY_Ddn' is clickable

2021-07-27 16:45:16 - [MESSAGE][PASSED] - Object 'Object Repository/Bento/Cases_page/Filter/EndocrineTherapy/ENDOCRINETHERAPY_Ddn' is clickable

2021-07-27 16:45:16 - [TEST_STEP][PASSED] - ctdc.utilities.runtestcaseforKatalon.clickTab("Bento/Cases_page/Filter/EndocrineTherapy/ENDOCRINETHERAPY_Ddn"): ctdc.utilities.runtestcaseforKatalon.clickTab is PASSED

2021-07-27 16:45:16 - [MESSAGE][PASSED] - ctdc.utilities.runtestcaseforKatalon.clickTab is PASSED

2021-07-27 16:45:16 - [TEST_STEP][PASSED] - ctdc.utilities.runtestcaseforKatalon.clickTab("Object Repository/Bento/Cases_page/Filter/EndocrineTherapy/OFS_Chkbx"): ctdc.utilities.runtestcaseforKatalon.clickTab is PASSED

2021-07-27 16:45:16 - [MESSAGE][PASSED] - ctdc.utilities.runtestcaseforKatalon.clickTab is PASSED

2021-07-27 16:45:16 - [TEST_STEP][PASSED] - ctdc.utilities.runtestcaseforKatalon.clickTab("Object Repository/Bento/Cases_page/Filter/EndocrineTherapy/ENDOCRINETHERAPY_Ddn"): ctdc.utilities.runtestcaseforKatalon.clickTab is PASSED

2021-07-27 16:45:16 - [MESSAGE][PASSED] - ctdc.utilities.runtestcaseforKatalon.clickTab is PASSED

2021-07-27 16:45:16 - [TEST_STEP][PASSED] - ctdc.utilities.runtestcaseforKatalon.readStatBarBento("Object Repository/Bento/StatBar/Bento_StatBar-Programs", "Object Repository/Bento/StatBar/Bento_StatBar-Arms", "Object Repository/Bento/StatBar/Bento_StatBar-Cases", "Object Repository/Bento/StatBar/Bento_StatBar-Samples", "Object Repository/Bento/StatBar/Bento_StatBar-Assays", "Object Repository/Bento/StatBar/Bento_StatBar-Files"): ctdc.utilities.runtestcaseforKatalon.readStatBarBento is PASSED

2021-07-27 16:45:25 - [MESSAGE][PASSED] - ctdc.utilities.runtestcaseforKatalon.readStatBarBento is PASSED

2021-07-27 16:45:25 - [TEST_STEP][PASSED] - waitForElementPresent(findTestObject("Object Repository/Bento/Cases_page/BentoResults_Cases_Tab"), 5): Object 'Object Repository/Bento/Cases_page/BentoResults_Cases_Tab' is present

2021-07-27 16:45:25 - [MESSAGE][PASSED] - Object 'Object Repository/Bento/Cases_page/BentoResults_Cases_Tab' is present

2021-07-27 16:45:25 - [TEST_STEP][PASSED] - ctdc.utilities.runtestcaseforKatalon.clickTab("Object Repository/Bento/Cases_page/BentoResults_Cases_Tab"): ctdc.utilities.runtestcaseforKatalon.clickTab is PASSED

2021-07-27 16:45:25 - [MESSAGE][PASSED] - ctdc.utilities.runtestcaseforKatalon.clickTab is PASSED

2021-07-27 16:45:25 - [TEST_STEP][ERROR] - ctdc.utilities.runtestcaseforKatalon.multiFunction("Bento", G_StatBar_Cases, "Object Repository/Bento/Cases_page/Bento_CasesTable", "Object Repository/Bento/Cases_page/Bento_CasesTableHeader", "Object Repository/Bento/Cases_page/Bento_CasesTabNextBtn", G_WebTabnameCases, G_CypherTabnameCases, G_QueryCasesTab): The workbook already contains a sheet named 'WebDataCases'

2021-07-27 16:45:46 - [MESSAGE][ERROR] - The workbook already contains a sheet named 'WebDataCases']]></system-out>
         <system-err><![CDATA[2021-07-27 16:44:55 - [TEST_CASE][ERROR] - Test Cases/Bento_TestCases/EndocrineTherapy/TC03_Bento_Filter_EndocrineTherapy-OFS: Test Cases/Bento_TestCases/EndocrineTherapy/TC03_Bento_Filter_EndocrineTherapy-OFS FAILED.
Reason:
java.lang.IllegalArgumentException: The workbook already contains a sheet named 'WebDataCases'
	at org.apache.poi.xssf.usermodel.XSSFWorkbook.validateSheetName(XSSFWorkbook.java:890)
	at org.apache.poi.xssf.usermodel.XSSFWorkbook.createSheet(XSSFWorkbook.java:843)
	at org.apache.poi.xssf.usermodel.XSSFWorkbook.createSheet(XSSFWorkbook.java:122)
	at org.apache.poi.ss.usermodel.Workbook$createSheet$1.call(Unknown Source)
	at ctdc.utilities.runtestcaseforKatalon.writeToExcel(runtestcaseforKatalon.groovy:708)
	at ctdc.utilities.runtestcaseforKatalon.ReadCasesTableKatalon(runtestcaseforKatalon.groovy:593)
	at ctdc.utilities.runtestcaseforKatalon.multiFunction(runtestcaseforKatalon.groovy:251)
	at ctdc.utilities.runtestcaseforKatalon.invokeMethod(runtestcaseforKatalon.groovy)
	at com.kms.katalon.core.main.CustomKeywordDelegatingMetaClass.invokeStaticMethod(CustomKeywordDelegatingMetaClass.java:50)
	at TC03_Bento_Filter_EndocrineTherapy-OFS.run(TC03_Bento_Filter_EndocrineTherapy-OFS:64)
	at com.kms.katalon.core.main.ScriptEngine.run(ScriptEngine.java:194)
	at com.kms.katalon.core.main.ScriptEngine.runScriptAsRawText(ScriptEngine.java:119)
	at com.kms.katalon.core.main.TestCaseExecutor.runScript(TestCaseExecutor.java:369)
	at com.kms.katalon.core.main.TestCaseExecutor.doExecute(TestCaseExecutor.java:360)
	at com.kms.katalon.core.main.TestCaseExecutor.processExecutionPhase(TestCaseExecutor.java:339)
	at com.kms.katalon.core.main.TestCaseExecutor.accessMainPhase(TestCaseExecutor.java:331)
	at com.kms.katalon.core.main.TestCaseExecutor.execute(TestCaseExecutor.java:248)
	at com.kms.katalon.core.main.TestSuiteExecutor.accessTestCaseMainPhase(TestSuiteExecutor.java:191)
	at com.kms.katalon.core.main.TestSuiteExecutor.accessTestSuiteMainPhase(TestSuiteExecutor.java:140)
	at com.kms.katalon.core.main.TestSuiteExecutor.execute(TestSuiteExecutor.java:89)
	at com.kms.katalon.core.main.TestCaseMain.startTestSuite(TestCaseMain.java:185)
	at com.kms.katalon.core.main.TestCaseMain$startTestSuite$0.call(Unknown Source)
	at TempTestSuite1627428797059.run(TempTestSuite1627428797059.groovy:39)]]></system-err>
      </testcase>
      <testcase name="Test Cases/Bento_TestCases/EndocrineTherapy/TC04_Bento_Filter_EndocrineTherapy-OFS_AI" time="61.471" classname="Test Cases/Bento_TestCases/EndocrineTherapy/TC04_Bento_Filter_EndocrineTherapy-OFS_AI" status="ERROR">
         <error type="ERROR" message="Test Cases/Bento_TestCases/EndocrineTherapy/TC04_Bento_Filter_EndocrineTherapy-OFS_AI FAILED.
Reason:
java.lang.IllegalArgumentException: The workbook already contains a sheet named 'WebDataCases'
	at org.apache.poi.xssf.usermodel.XSSFWorkbook.validateSheetName(XSSFWorkbook.java:890)
	at org.apache.poi.xssf.usermodel.XSSFWorkbook.createSheet(XSSFWorkbook.java:843)
	at org.apache.poi.xssf.usermodel.XSSFWorkbook.createSheet(XSSFWorkbook.java:122)
	at org.apache.poi.ss.usermodel.Workbook$createSheet$1.call(Unknown Source)
	at ctdc.utilities.runtestcaseforKatalon.writeToExcel(runtestcaseforKatalon.groovy:708)
	at ctdc.utilities.runtestcaseforKatalon.ReadCasesTableKatalon(runtestcaseforKatalon.groovy:593)
	at ctdc.utilities.runtestcaseforKatalon.multiFunction(runtestcaseforKatalon.groovy:251)
	at ctdc.utilities.runtestcaseforKatalon.invokeMethod(runtestcaseforKatalon.groovy)
	at com.kms.katalon.core.main.CustomKeywordDelegatingMetaClass.invokeStaticMethod(CustomKeywordDelegatingMetaClass.java:50)
	at TC04_Bento_Filter_EndocrineTherapy-OFS_AI.run(TC04_Bento_Filter_EndocrineTherapy-OFS_AI:63)
	at com.kms.katalon.core.main.ScriptEngine.run(ScriptEngine.java:194)
	at com.kms.katalon.core.main.ScriptEngine.runScriptAsRawText(ScriptEngine.java:119)
	at com.kms.katalon.core.main.TestCaseExecutor.runScript(TestCaseExecutor.java:369)
	at com.kms.katalon.core.main.TestCaseExecutor.doExecute(TestCaseExecutor.java:360)
	at com.kms.katalon.core.main.TestCaseExecutor.processExecutionPhase(TestCaseExecutor.java:339)
	at com.kms.katalon.core.main.TestCaseExecutor.accessMainPhase(TestCaseExecutor.java:331)
	at com.kms.katalon.core.main.TestCaseExecutor.execute(TestCaseExecutor.java:248)
	at com.kms.katalon.core.main.TestSuiteExecutor.accessTestCaseMainPhase(TestSuiteExecutor.java:191)
	at com.kms.katalon.core.main.TestSuiteExecutor.accessTestSuiteMainPhase(TestSuiteExecutor.java:140)
	at com.kms.katalon.core.main.TestSuiteExecutor.execute(TestSuiteExecutor.java:89)
	at com.kms.katalon.core.main.TestCaseMain.startTestSuite(TestCaseMain.java:185)
	at com.kms.katalon.core.main.TestCaseMain$startTestSuite$0.call(Unknown Source)
	at TempTestSuite1627428797059.run(TempTestSuite1627428797059.groovy:39)
"/>
         <system-out><![CDATA[2021-07-27 16:45:46 - [TEST_CASE][ERROR] - Test Cases/Bento_TestCases/EndocrineTherapy/TC04_Bento_Filter_EndocrineTherapy-OFS_AI: Test Cases/Bento_TestCases/EndocrineTherapy/TC04_Bento_Filter_EndocrineTherapy-OFS_AI FAILED.
Reason:
java.lang.IllegalArgumentException: The workbook already contains a sheet named 'WebDataCases'
	at org.apache.poi.xssf.usermodel.XSSFWorkbook.validateSheetName(XSSFWorkbook.java:890)
	at org.apache.poi.xssf.usermodel.XSSFWorkbook.createSheet(XSSFWorkbook.java:843)
	at org.apache.poi.xssf.usermodel.XSSFWorkbook.createSheet(XSSFWorkbook.java:122)
	at org.apache.poi.ss.usermodel.Workbook$createSheet$1.call(Unknown Source)
	at ctdc.utilities.runtestcaseforKatalon.writeToExcel(runtestcaseforKatalon.groovy:708)
	at ctdc.utilities.runtestcaseforKatalon.ReadCasesTableKatalon(runtestcaseforKatalon.groovy:593)
	at ctdc.utilities.runtestcaseforKatalon.multiFunction(runtestcaseforKatalon.groovy:251)
	at ctdc.utilities.runtestcaseforKatalon.invokeMethod(runtestcaseforKatalon.groovy)
	at com.kms.katalon.core.main.CustomKeywordDelegatingMetaClass.invokeStaticMethod(CustomKeywordDelegatingMetaClass.java:50)
	at TC04_Bento_Filter_EndocrineTherapy-OFS_AI.run(TC04_Bento_Filter_EndocrineTherapy-OFS_AI:63)
	at com.kms.katalon.core.main.ScriptEngine.run(ScriptEngine.java:194)
	at com.kms.katalon.core.main.ScriptEngine.runScriptAsRawText(ScriptEngine.java:119)
	at com.kms.katalon.core.main.TestCaseExecutor.runScript(TestCaseExecutor.java:369)
	at com.kms.katalon.core.main.TestCaseExecutor.doExecute(TestCaseExecutor.java:360)
	at com.kms.katalon.core.main.TestCaseExecutor.processExecutionPhase(TestCaseExecutor.java:339)
	at com.kms.katalon.core.main.TestCaseExecutor.accessMainPhase(TestCaseExecutor.java:331)
	at com.kms.katalon.core.main.TestCaseExecutor.execute(TestCaseExecutor.java:248)
	at com.kms.katalon.core.main.TestSuiteExecutor.accessTestCaseMainPhase(TestSuiteExecutor.java:191)
	at com.kms.katalon.core.main.TestSuiteExecutor.accessTestSuiteMainPhase(TestSuiteExecutor.java:140)
	at com.kms.katalon.core.main.TestSuiteExecutor.execute(TestSuiteExecutor.java:89)
	at com.kms.katalon.core.main.TestCaseMain.startTestSuite(TestCaseMain.java:185)
	at com.kms.katalon.core.main.TestCaseMain$startTestSuite$0.call(Unknown Source)
	at TempTestSuite1627428797059.run(TempTestSuite1627428797059.groovy:39)


2021-07-27 16:45:46 - [TEST_STEP][PASSED] - Start listener action : getTestScriptName: null

2021-07-27 16:45:46 - [TEST_STEP][PASSED] - TestCaseId = testCaseContext.getTestCaseId(): null

2021-07-27 16:45:46 - [TEST_STEP][PASSED] - out.println("**********this is the value of test case id string******** " + testCaseContext.getTestCaseId()): null

2021-07-27 16:45:46 - [TEST_STEP][PASSED] - G_currentTCName = TestCaseId.substring(TestCaseId.lastIndexOf("TC")): null

2021-07-27 16:45:46 - [TEST_STEP][PASSED] - out.println("This is the test case name : " + G_currentTCName): null

2021-07-27 16:45:46 - [TEST_STEP][PASSED] - closeBrowser(): Browser is closed

2021-07-27 16:45:47 - [MESSAGE][PASSED] - Browser is closed

2021-07-27 16:45:47 - [TEST_STEP][PASSED] - ctdc.utilities.runtestcaseforKatalon.RunKatalon("TC04_Bento_Filter_EndocrineTherapy-OFS_AI.xlsx"): Data loaded from input file for the test case. 

2021-07-27 16:45:47 - [MESSAGE][PASSED] - Test case file loaded This is the full filepath after converting to string :C:\Users\radhakrishnang2\Commons_Automation\InputFiles\TC04_Bento_Filter_EndocrineTherapy-OFS_AI.xlsx

2021-07-27 16:45:47 - [MESSAGE][INFO] - Global variable set for password file is :  C:\Users\radhakrishnang2\Commons_Automation\InputFiles\TC04_Bento_Filter_EndocrineTherapy-OFS_AI.xlsx

2021-07-27 16:45:51 - [MESSAGE][PASSED] - Data loaded from input file for the test case. 

2021-07-27 16:46:06 - [TEST_STEP][PASSED] - waitForElementClickable(findTestObject("Object Repository/Bento/NavBar/Bento_Cases-Btn"), 5): Object 'Object Repository/Bento/NavBar/Bento_Cases-Btn' is clickable

2021-07-27 16:46:06 - [MESSAGE][PASSED] - Object 'Object Repository/Bento/NavBar/Bento_Cases-Btn' is clickable

2021-07-27 16:46:06 - [TEST_STEP][PASSED] - ctdc.utilities.runtestcaseforKatalon.clickTab("Object Repository/Bento/NavBar/Bento_Cases-Btn"): ctdc.utilities.runtestcaseforKatalon.clickTab is PASSED

2021-07-27 16:46:06 - [MESSAGE][PASSED] - ctdc.utilities.runtestcaseforKatalon.clickTab is PASSED

2021-07-27 16:46:06 - [TEST_STEP][PASSED] - waitForElementClickable(findTestObject("Bento/Cases_page/Filter/FilterByCases_Facet"), 5): Object 'Object Repository/Bento/Cases_page/Filter/FilterByCases_Facet' is clickable

2021-07-27 16:46:07 - [MESSAGE][PASSED] - Object 'Object Repository/Bento/Cases_page/Filter/FilterByCases_Facet' is clickable

2021-07-27 16:46:07 - [TEST_STEP][PASSED] - ctdc.utilities.runtestcaseforKatalon.clickTab("Bento/Cases_page/Filter/FilterByCases_Facet"): ctdc.utilities.runtestcaseforKatalon.clickTab is PASSED

2021-07-27 16:46:07 - [MESSAGE][PASSED] - ctdc.utilities.runtestcaseforKatalon.clickTab is PASSED

2021-07-27 16:46:07 - [TEST_STEP][PASSED] - waitForElementClickable(findTestObject("Bento/Cases_page/Filter/EndocrineTherapy/ENDOCRINETHERAPY_Ddn"), 5): Object 'Object Repository/Bento/Cases_page/Filter/EndocrineTherapy/ENDOCRINETHERAPY_Ddn' is clickable

2021-07-27 16:46:07 - [MESSAGE][PASSED] - Object 'Object Repository/Bento/Cases_page/Filter/EndocrineTherapy/ENDOCRINETHERAPY_Ddn' is clickable

2021-07-27 16:46:07 - [TEST_STEP][PASSED] - ctdc.utilities.runtestcaseforKatalon.clickTab("Bento/Cases_page/Filter/EndocrineTherapy/ENDOCRINETHERAPY_Ddn"): ctdc.utilities.runtestcaseforKatalon.clickTab is PASSED

2021-07-27 16:46:07 - [MESSAGE][PASSED] - ctdc.utilities.runtestcaseforKatalon.clickTab is PASSED

2021-07-27 16:46:07 - [TEST_STEP][PASSED] - ctdc.utilities.runtestcaseforKatalon.clickTab("Object Repository/Bento/Cases_page/Filter/EndocrineTherapy/OFS-AI_Chkbx"): ctdc.utilities.runtestcaseforKatalon.clickTab is PASSED

2021-07-27 16:46:07 - [MESSAGE][PASSED] - ctdc.utilities.runtestcaseforKatalon.clickTab is PASSED

2021-07-27 16:46:07 - [TEST_STEP][PASSED] - ctdc.utilities.runtestcaseforKatalon.clickTab("Object Repository/Bento/Cases_page/Filter/EndocrineTherapy/ENDOCRINETHERAPY_Ddn"): ctdc.utilities.runtestcaseforKatalon.clickTab is PASSED

2021-07-27 16:46:07 - [MESSAGE][PASSED] - ctdc.utilities.runtestcaseforKatalon.clickTab is PASSED

2021-07-27 16:46:07 - [TEST_STEP][PASSED] - ctdc.utilities.runtestcaseforKatalon.readStatBarBento("Object Repository/Bento/StatBar/Bento_StatBar-Programs", "Object Repository/Bento/StatBar/Bento_StatBar-Arms", "Object Repository/Bento/StatBar/Bento_StatBar-Cases", "Object Repository/Bento/StatBar/Bento_StatBar-Samples", "Object Repository/Bento/StatBar/Bento_StatBar-Assays", "Object Repository/Bento/StatBar/Bento_StatBar-Files"): ctdc.utilities.runtestcaseforKatalon.readStatBarBento is PASSED

2021-07-27 16:46:16 - [MESSAGE][PASSED] - ctdc.utilities.runtestcaseforKatalon.readStatBarBento is PASSED

2021-07-27 16:46:16 - [TEST_STEP][PASSED] - waitForElementPresent(findTestObject("Object Repository/Bento/Cases_page/BentoResults_Cases_Tab"), 5): Object 'Object Repository/Bento/Cases_page/BentoResults_Cases_Tab' is present

2021-07-27 16:46:16 - [MESSAGE][PASSED] - Object 'Object Repository/Bento/Cases_page/BentoResults_Cases_Tab' is present

2021-07-27 16:46:16 - [TEST_STEP][PASSED] - ctdc.utilities.runtestcaseforKatalon.clickTab("Object Repository/Bento/Cases_page/BentoResults_Cases_Tab"): ctdc.utilities.runtestcaseforKatalon.clickTab is PASSED

2021-07-27 16:46:16 - [MESSAGE][PASSED] - ctdc.utilities.runtestcaseforKatalon.clickTab is PASSED

2021-07-27 16:46:16 - [TEST_STEP][ERROR] - ctdc.utilities.runtestcaseforKatalon.multiFunction("Bento", G_StatBar_Cases, "Object Repository/Bento/Cases_page/Bento_CasesTable", "Object Repository/Bento/Cases_page/Bento_CasesTableHeader", "Object Repository/Bento/Cases_page/Bento_CasesTabNextBtn", G_WebTabnameCases, G_CypherTabnameCases, G_QueryCasesTab): The workbook already contains a sheet named 'WebDataCases'

2021-07-27 16:46:47 - [MESSAGE][ERROR] - The workbook already contains a sheet named 'WebDataCases']]></system-out>
         <system-err><![CDATA[2021-07-27 16:45:46 - [TEST_CASE][ERROR] - Test Cases/Bento_TestCases/EndocrineTherapy/TC04_Bento_Filter_EndocrineTherapy-OFS_AI: Test Cases/Bento_TestCases/EndocrineTherapy/TC04_Bento_Filter_EndocrineTherapy-OFS_AI FAILED.
Reason:
java.lang.IllegalArgumentException: The workbook already contains a sheet named 'WebDataCases'
	at org.apache.poi.xssf.usermodel.XSSFWorkbook.validateSheetName(XSSFWorkbook.java:890)
	at org.apache.poi.xssf.usermodel.XSSFWorkbook.createSheet(XSSFWorkbook.java:843)
	at org.apache.poi.xssf.usermodel.XSSFWorkbook.createSheet(XSSFWorkbook.java:122)
	at org.apache.poi.ss.usermodel.Workbook$createSheet$1.call(Unknown Source)
	at ctdc.utilities.runtestcaseforKatalon.writeToExcel(runtestcaseforKatalon.groovy:708)
	at ctdc.utilities.runtestcaseforKatalon.ReadCasesTableKatalon(runtestcaseforKatalon.groovy:593)
	at ctdc.utilities.runtestcaseforKatalon.multiFunction(runtestcaseforKatalon.groovy:251)
	at ctdc.utilities.runtestcaseforKatalon.invokeMethod(runtestcaseforKatalon.groovy)
	at com.kms.katalon.core.main.CustomKeywordDelegatingMetaClass.invokeStaticMethod(CustomKeywordDelegatingMetaClass.java:50)
	at TC04_Bento_Filter_EndocrineTherapy-OFS_AI.run(TC04_Bento_Filter_EndocrineTherapy-OFS_AI:63)
	at com.kms.katalon.core.main.ScriptEngine.run(ScriptEngine.java:194)
	at com.kms.katalon.core.main.ScriptEngine.runScriptAsRawText(ScriptEngine.java:119)
	at com.kms.katalon.core.main.TestCaseExecutor.runScript(TestCaseExecutor.java:369)
	at com.kms.katalon.core.main.TestCaseExecutor.doExecute(TestCaseExecutor.java:360)
	at com.kms.katalon.core.main.TestCaseExecutor.processExecutionPhase(TestCaseExecutor.java:339)
	at com.kms.katalon.core.main.TestCaseExecutor.accessMainPhase(TestCaseExecutor.java:331)
	at com.kms.katalon.core.main.TestCaseExecutor.execute(TestCaseExecutor.java:248)
	at com.kms.katalon.core.main.TestSuiteExecutor.accessTestCaseMainPhase(TestSuiteExecutor.java:191)
	at com.kms.katalon.core.main.TestSuiteExecutor.accessTestSuiteMainPhase(TestSuiteExecutor.java:140)
	at com.kms.katalon.core.main.TestSuiteExecutor.execute(TestSuiteExecutor.java:89)
	at com.kms.katalon.core.main.TestCaseMain.startTestSuite(TestCaseMain.java:185)
	at com.kms.katalon.core.main.TestCaseMain$startTestSuite$0.call(Unknown Source)
	at TempTestSuite1627428797059.run(TempTestSuite1627428797059.groovy:39)]]></system-err>
      </testcase>
      <testcase name="Test Cases/Bento_TestCases/EndocrineTherapy/TC05_Bento_Filter_EndocrineTherapy-Other" time="47.608" classname="Test Cases/Bento_TestCases/EndocrineTherapy/TC05_Bento_Filter_EndocrineTherapy-Other" status="ERROR">
         <error type="ERROR" message="Test Cases/Bento_TestCases/EndocrineTherapy/TC05_Bento_Filter_EndocrineTherapy-Other FAILED.
Reason:
org.openqa.selenium.NoSuchElementException: no such element: Unable to locate element: {&quot;method&quot;:&quot;xpath&quot;,&quot;selector&quot;:&quot;//input[@id=&quot;checkbox_Endocrine Therapy_Other&quot;]&quot;}
  (Session info: headless chrome=92.0.4515.107)
For documentation on this error, please visit: https://www.seleniumhq.org/exceptions/no_such_element.html
Build info: version: '3.141.59', revision: 'e82be7d358', time: '2018-11-14T08:25:53'
System info: host: 'NCI-02150368-L', ip: '10.242.19.222', os.name: 'Windows 10', os.arch: 'amd64', os.version: '10.0', java.version: '1.8.0_181'
Driver info: org.openqa.selenium.chrome.ChromeDriver
Capabilities {acceptInsecureCerts: false, browserName: chrome, browserVersion: 92.0.4515.107, chrome: {chromedriverVersion: 91.0.4472.101 (af52a90bf870..., userDataDir: C:\Users\RADHAK~1\AppData\L...}, goog:chromeOptions: {debuggerAddress: localhost:59658}, javascriptEnabled: true, networkConnectionEnabled: false, pageLoadStrategy: normal, platform: WINDOWS, platformName: WINDOWS, proxy: Proxy(), setWindowRect: true, strictFileInteractability: false, timeouts: {implicit: 0, pageLoad: 300000, script: 30000}, unhandledPromptBehavior: dismiss and notify, webauthn:extension:largeBlob: true, webauthn:virtualAuthenticators: true}
Session ID: 951d5b234e3ee62936d40124b26c902b
*** Element info: {Using=xpath, value=//input[@id=&quot;checkbox_Endocrine Therapy_Other&quot;]}
	at org.openqa.selenium.remote.http.W3CHttpResponseCodec.createException(W3CHttpResponseCodec.java:187)
	at org.openqa.selenium.remote.http.W3CHttpResponseCodec.decode(W3CHttpResponseCodec.java:122)
	at org.openqa.selenium.remote.http.W3CHttpResponseCodec.decode(W3CHttpResponseCodec.java:49)
	at org.openqa.selenium.remote.HttpCommandExecutor.execute(HttpCommandExecutor.java:158)
	at org.openqa.selenium.remote.service.DriverCommandExecutor.execute(DriverCommandExecutor.java:83)
	at org.openqa.selenium.remote.RemoteWebDriver.execute(RemoteWebDriver.java:552)
	at org.openqa.selenium.remote.RemoteWebDriver.findElement(RemoteWebDriver.java:323)
	at org.openqa.selenium.remote.RemoteWebDriver.findElementByXPath(RemoteWebDriver.java:428)
	at org.openqa.selenium.By$ByXPath.findElement(By.java:353)
	at org.openqa.selenium.remote.RemoteWebDriver.findElement(RemoteWebDriver.java:315)
	at org.openqa.selenium.WebDriver$findElement$1.call(Unknown Source)
	at ctdc.utilities.runtestcaseforKatalon.clickTab(runtestcaseforKatalon.groovy:1048)
	at ctdc.utilities.runtestcaseforKatalon.invokeMethod(runtestcaseforKatalon.groovy)
	at com.kms.katalon.core.main.CustomKeywordDelegatingMetaClass.invokeStaticMethod(CustomKeywordDelegatingMetaClass.java:50)
	at TC05_Bento_Filter_EndocrineTherapy-Other.run(TC05_Bento_Filter_EndocrineTherapy-Other:54)
	at com.kms.katalon.core.main.ScriptEngine.run(ScriptEngine.java:194)
	at com.kms.katalon.core.main.ScriptEngine.runScriptAsRawText(ScriptEngine.java:119)
	at com.kms.katalon.core.main.TestCaseExecutor.runScript(TestCaseExecutor.java:369)
	at com.kms.katalon.core.main.TestCaseExecutor.doExecute(TestCaseExecutor.java:360)
	at com.kms.katalon.core.main.TestCaseExecutor.processExecutionPhase(TestCaseExecutor.java:339)
	at com.kms.katalon.core.main.TestCaseExecutor.accessMainPhase(TestCaseExecutor.java:331)
	at com.kms.katalon.core.main.TestCaseExecutor.execute(TestCaseExecutor.java:248)
	at com.kms.katalon.core.main.TestSuiteExecutor.accessTestCaseMainPhase(TestSuiteExecutor.java:191)
	at com.kms.katalon.core.main.TestSuiteExecutor.accessTestSuiteMainPhase(TestSuiteExecutor.java:140)
	at com.kms.katalon.core.main.TestSuiteExecutor.execute(TestSuiteExecutor.java:89)
	at com.kms.katalon.core.main.TestCaseMain.startTestSuite(TestCaseMain.java:185)
	at com.kms.katalon.core.main.TestCaseMain$startTestSuite$0.call(Unknown Source)
	at TempTestSuite1627428797059.run(TempTestSuite1627428797059.groovy:39)
"/>
         <system-out><![CDATA[2021-07-27 16:46:47 - [TEST_CASE][ERROR] - Test Cases/Bento_TestCases/EndocrineTherapy/TC05_Bento_Filter_EndocrineTherapy-Other: Test Cases/Bento_TestCases/EndocrineTherapy/TC05_Bento_Filter_EndocrineTherapy-Other FAILED.
Reason:
org.openqa.selenium.NoSuchElementException: no such element: Unable to locate element: {"method":"xpath","selector":"//input[@id="checkbox_Endocrine Therapy_Other"]"}
  (Session info: headless chrome=92.0.4515.107)
For documentation on this error, please visit: https://www.seleniumhq.org/exceptions/no_such_element.html
Build info: version: '3.141.59', revision: 'e82be7d358', time: '2018-11-14T08:25:53'
System info: host: 'NCI-02150368-L', ip: '10.242.19.222', os.name: 'Windows 10', os.arch: 'amd64', os.version: '10.0', java.version: '1.8.0_181'
Driver info: org.openqa.selenium.chrome.ChromeDriver
Capabilities {acceptInsecureCerts: false, browserName: chrome, browserVersion: 92.0.4515.107, chrome: {chromedriverVersion: 91.0.4472.101 (af52a90bf870..., userDataDir: C:\Users\RADHAK~1\AppData\L...}, goog:chromeOptions: {debuggerAddress: localhost:59658}, javascriptEnabled: true, networkConnectionEnabled: false, pageLoadStrategy: normal, platform: WINDOWS, platformName: WINDOWS, proxy: Proxy(), setWindowRect: true, strictFileInteractability: false, timeouts: {implicit: 0, pageLoad: 300000, script: 30000}, unhandledPromptBehavior: dismiss and notify, webauthn:extension:largeBlob: true, webauthn:virtualAuthenticators: true}
Session ID: 951d5b234e3ee62936d40124b26c902b
*** Element info: {Using=xpath, value=//input[@id="checkbox_Endocrine Therapy_Other"]}
	at org.openqa.selenium.remote.http.W3CHttpResponseCodec.createException(W3CHttpResponseCodec.java:187)
	at org.openqa.selenium.remote.http.W3CHttpResponseCodec.decode(W3CHttpResponseCodec.java:122)
	at org.openqa.selenium.remote.http.W3CHttpResponseCodec.decode(W3CHttpResponseCodec.java:49)
	at org.openqa.selenium.remote.HttpCommandExecutor.execute(HttpCommandExecutor.java:158)
	at org.openqa.selenium.remote.service.DriverCommandExecutor.execute(DriverCommandExecutor.java:83)
	at org.openqa.selenium.remote.RemoteWebDriver.execute(RemoteWebDriver.java:552)
	at org.openqa.selenium.remote.RemoteWebDriver.findElement(RemoteWebDriver.java:323)
	at org.openqa.selenium.remote.RemoteWebDriver.findElementByXPath(RemoteWebDriver.java:428)
	at org.openqa.selenium.By$ByXPath.findElement(By.java:353)
	at org.openqa.selenium.remote.RemoteWebDriver.findElement(RemoteWebDriver.java:315)
	at org.openqa.selenium.WebDriver$findElement$1.call(Unknown Source)
	at ctdc.utilities.runtestcaseforKatalon.clickTab(runtestcaseforKatalon.groovy:1048)
	at ctdc.utilities.runtestcaseforKatalon.invokeMethod(runtestcaseforKatalon.groovy)
	at com.kms.katalon.core.main.CustomKeywordDelegatingMetaClass.invokeStaticMethod(CustomKeywordDelegatingMetaClass.java:50)
	at TC05_Bento_Filter_EndocrineTherapy-Other.run(TC05_Bento_Filter_EndocrineTherapy-Other:54)
	at com.kms.katalon.core.main.ScriptEngine.run(ScriptEngine.java:194)
	at com.kms.katalon.core.main.ScriptEngine.runScriptAsRawText(ScriptEngine.java:119)
	at com.kms.katalon.core.main.TestCaseExecutor.runScript(TestCaseExecutor.java:369)
	at com.kms.katalon.core.main.TestCaseExecutor.doExecute(TestCaseExecutor.java:360)
	at com.kms.katalon.core.main.TestCaseExecutor.processExecutionPhase(TestCaseExecutor.java:339)
	at com.kms.katalon.core.main.TestCaseExecutor.accessMainPhase(TestCaseExecutor.java:331)
	at com.kms.katalon.core.main.TestCaseExecutor.execute(TestCaseExecutor.java:248)
	at com.kms.katalon.core.main.TestSuiteExecutor.accessTestCaseMainPhase(TestSuiteExecutor.java:191)
	at com.kms.katalon.core.main.TestSuiteExecutor.accessTestSuiteMainPhase(TestSuiteExecutor.java:140)
	at com.kms.katalon.core.main.TestSuiteExecutor.execute(TestSuiteExecutor.java:89)
	at com.kms.katalon.core.main.TestCaseMain.startTestSuite(TestCaseMain.java:185)
	at com.kms.katalon.core.main.TestCaseMain$startTestSuite$0.call(Unknown Source)
	at TempTestSuite1627428797059.run(TempTestSuite1627428797059.groovy:39)


2021-07-27 16:46:47 - [TEST_STEP][PASSED] - Start listener action : getTestScriptName: null

2021-07-27 16:46:47 - [TEST_STEP][PASSED] - TestCaseId = testCaseContext.getTestCaseId(): null

2021-07-27 16:46:47 - [TEST_STEP][PASSED] - out.println("**********this is the value of test case id string******** " + testCaseContext.getTestCaseId()): null

2021-07-27 16:46:47 - [TEST_STEP][PASSED] - G_currentTCName = TestCaseId.substring(TestCaseId.lastIndexOf("TC")): null

2021-07-27 16:46:47 - [TEST_STEP][PASSED] - out.println("This is the test case name : " + G_currentTCName): null

2021-07-27 16:46:48 - [TEST_STEP][PASSED] - closeBrowser(): Browser is closed

2021-07-27 16:46:48 - [MESSAGE][PASSED] - Browser is closed

2021-07-27 16:46:48 - [TEST_STEP][PASSED] - ctdc.utilities.runtestcaseforKatalon.RunKatalon("TC05_Bento_Filter_EndocrineTherapy-Other.xlsx"): Data loaded from input file for the test case. 

2021-07-27 16:46:48 - [MESSAGE][PASSED] - Test case file loaded This is the full filepath after converting to string :C:\Users\radhakrishnang2\Commons_Automation\InputFiles\TC05_Bento_Filter_EndocrineTherapy-Other.xlsx

2021-07-27 16:46:48 - [MESSAGE][INFO] - Global variable set for password file is :  C:\Users\radhakrishnang2\Commons_Automation\InputFiles\TC05_Bento_Filter_EndocrineTherapy-Other.xlsx

2021-07-27 16:46:52 - [MESSAGE][PASSED] - Data loaded from input file for the test case. 

2021-07-27 16:47:03 - [TEST_STEP][PASSED] - waitForElementClickable(findTestObject("Object Repository/Bento/NavBar/Bento_Cases-Btn"), 5): Object 'Object Repository/Bento/NavBar/Bento_Cases-Btn' is clickable

2021-07-27 16:47:03 - [MESSAGE][PASSED] - Object 'Object Repository/Bento/NavBar/Bento_Cases-Btn' is clickable

2021-07-27 16:47:03 - [TEST_STEP][PASSED] - ctdc.utilities.runtestcaseforKatalon.clickTab("Object Repository/Bento/NavBar/Bento_Cases-Btn"): ctdc.utilities.runtestcaseforKatalon.clickTab is PASSED

2021-07-27 16:47:03 - [MESSAGE][PASSED] - ctdc.utilities.runtestcaseforKatalon.clickTab is PASSED

2021-07-27 16:47:03 - [TEST_STEP][PASSED] - waitForElementClickable(findTestObject("Bento/Cases_page/Filter/FilterByCases_Facet"), 5): Object 'Object Repository/Bento/Cases_page/Filter/FilterByCases_Facet' is clickable

2021-07-27 16:47:04 - [MESSAGE][PASSED] - Object 'Object Repository/Bento/Cases_page/Filter/FilterByCases_Facet' is clickable

2021-07-27 16:47:04 - [TEST_STEP][PASSED] - ctdc.utilities.runtestcaseforKatalon.clickTab("Bento/Cases_page/Filter/FilterByCases_Facet"): ctdc.utilities.runtestcaseforKatalon.clickTab is PASSED

2021-07-27 16:47:04 - [MESSAGE][PASSED] - ctdc.utilities.runtestcaseforKatalon.clickTab is PASSED

2021-07-27 16:47:04 - [TEST_STEP][PASSED] - waitForElementClickable(findTestObject("Bento/Cases_page/Filter/EndocrineTherapy/ENDOCRINETHERAPY_Ddn"), 5): Object 'Object Repository/Bento/Cases_page/Filter/EndocrineTherapy/ENDOCRINETHERAPY_Ddn' is clickable

2021-07-27 16:47:04 - [MESSAGE][PASSED] - Object 'Object Repository/Bento/Cases_page/Filter/EndocrineTherapy/ENDOCRINETHERAPY_Ddn' is clickable

2021-07-27 16:47:04 - [TEST_STEP][PASSED] - ctdc.utilities.runtestcaseforKatalon.clickTab("Bento/Cases_page/Filter/EndocrineTherapy/ENDOCRINETHERAPY_Ddn"): ctdc.utilities.runtestcaseforKatalon.clickTab is PASSED

2021-07-27 16:47:05 - [MESSAGE][PASSED] - ctdc.utilities.runtestcaseforKatalon.clickTab is PASSED

2021-07-27 16:47:05 - [TEST_STEP][ERROR] - ctdc.utilities.runtestcaseforKatalon.clickTab("Object Repository/Bento/Cases_page/Filter/EndocrineTherapy/Other_Chkbx"): no such element: Unable to locate element: {"method":"xpath","selector":"//input[@id="checkbox_Endocrine Therapy_Other"]"}
  (Session info: headless chrome=92.0.4515.107)
For documentation on this error, please visit: https://www.seleniumhq.org/exceptions/no_such_element.html
Build info: version: '3.141.59', revision: 'e82be7d358', time: '2018-11-14T08:25:53'
System info: host: 'NCI-02150368-L', ip: '10.242.19.222', os.name: 'Windows 10', os.arch: 'amd64', os.version: '10.0', java.version: '1.8.0_181'
Driver info: org.openqa.selenium.chrome.ChromeDriver
Capabilities {acceptInsecureCerts: false, browserName: chrome, browserVersion: 92.0.4515.107, chrome: {chromedriverVersion: 91.0.4472.101 (af52a90bf870..., userDataDir: C:\Users\RADHAK~1\AppData\L...}, goog:chromeOptions: {debuggerAddress: localhost:59658}, javascriptEnabled: true, networkConnectionEnabled: false, pageLoadStrategy: normal, platform: WINDOWS, platformName: WINDOWS, proxy: Proxy(), setWindowRect: true, strictFileInteractability: false, timeouts: {implicit: 0, pageLoad: 300000, script: 30000}, unhandledPromptBehavior: dismiss and notify, webauthn:extension:largeBlob: true, webauthn:virtualAuthenticators: true}
Session ID: 951d5b234e3ee62936d40124b26c902b
*** Element info: {Using=xpath, value=//input[@id="checkbox_Endocrine Therapy_Other"]}

2021-07-27 16:47:35 - [MESSAGE][ERROR] - no such element: Unable to locate element: {"method":"xpath","selector":"//input[@id="checkbox_Endocrine Therapy_Other"]"}
  (Session info: headless chrome=92.0.4515.107)
For documentation on this error, please visit: https://www.seleniumhq.org/exceptions/no_such_element.html
Build info: version: '3.141.59', revision: 'e82be7d358', time: '2018-11-14T08:25:53'
System info: host: 'NCI-02150368-L', ip: '10.242.19.222', os.name: 'Windows 10', os.arch: 'amd64', os.version: '10.0', java.version: '1.8.0_181'
Driver info: org.openqa.selenium.chrome.ChromeDriver
Capabilities {acceptInsecureCerts: false, browserName: chrome, browserVersion: 92.0.4515.107, chrome: {chromedriverVersion: 91.0.4472.101 (af52a90bf870..., userDataDir: C:\Users\RADHAK~1\AppData\L...}, goog:chromeOptions: {debuggerAddress: localhost:59658}, javascriptEnabled: true, networkConnectionEnabled: false, pageLoadStrategy: normal, platform: WINDOWS, platformName: WINDOWS, proxy: Proxy(), setWindowRect: true, strictFileInteractability: false, timeouts: {implicit: 0, pageLoad: 300000, script: 30000}, unhandledPromptBehavior: dismiss and notify, webauthn:extension:largeBlob: true, webauthn:virtualAuthenticators: true}
Session ID: 951d5b234e3ee62936d40124b26c902b
*** Element info: {Using=xpath, value=//input[@id="checkbox_Endocrine Therapy_Other"]}]]></system-out>
         <system-err><![CDATA[2021-07-27 16:46:47 - [TEST_CASE][ERROR] - Test Cases/Bento_TestCases/EndocrineTherapy/TC05_Bento_Filter_EndocrineTherapy-Other: Test Cases/Bento_TestCases/EndocrineTherapy/TC05_Bento_Filter_EndocrineTherapy-Other FAILED.
Reason:
org.openqa.selenium.NoSuchElementException: no such element: Unable to locate element: {"method":"xpath","selector":"//input[@id="checkbox_Endocrine Therapy_Other"]"}
  (Session info: headless chrome=92.0.4515.107)
For documentation on this error, please visit: https://www.seleniumhq.org/exceptions/no_such_element.html
Build info: version: '3.141.59', revision: 'e82be7d358', time: '2018-11-14T08:25:53'
System info: host: 'NCI-02150368-L', ip: '10.242.19.222', os.name: 'Windows 10', os.arch: 'amd64', os.version: '10.0', java.version: '1.8.0_181'
Driver info: org.openqa.selenium.chrome.ChromeDriver
Capabilities {acceptInsecureCerts: false, browserName: chrome, browserVersion: 92.0.4515.107, chrome: {chromedriverVersion: 91.0.4472.101 (af52a90bf870..., userDataDir: C:\Users\RADHAK~1\AppData\L...}, goog:chromeOptions: {debuggerAddress: localhost:59658}, javascriptEnabled: true, networkConnectionEnabled: false, pageLoadStrategy: normal, platform: WINDOWS, platformName: WINDOWS, proxy: Proxy(), setWindowRect: true, strictFileInteractability: false, timeouts: {implicit: 0, pageLoad: 300000, script: 30000}, unhandledPromptBehavior: dismiss and notify, webauthn:extension:largeBlob: true, webauthn:virtualAuthenticators: true}
Session ID: 951d5b234e3ee62936d40124b26c902b
*** Element info: {Using=xpath, value=//input[@id="checkbox_Endocrine Therapy_Other"]}
	at org.openqa.selenium.remote.http.W3CHttpResponseCodec.createException(W3CHttpResponseCodec.java:187)
	at org.openqa.selenium.remote.http.W3CHttpResponseCodec.decode(W3CHttpResponseCodec.java:122)
	at org.openqa.selenium.remote.http.W3CHttpResponseCodec.decode(W3CHttpResponseCodec.java:49)
	at org.openqa.selenium.remote.HttpCommandExecutor.execute(HttpCommandExecutor.java:158)
	at org.openqa.selenium.remote.service.DriverCommandExecutor.execute(DriverCommandExecutor.java:83)
	at org.openqa.selenium.remote.RemoteWebDriver.execute(RemoteWebDriver.java:552)
	at org.openqa.selenium.remote.RemoteWebDriver.findElement(RemoteWebDriver.java:323)
	at org.openqa.selenium.remote.RemoteWebDriver.findElementByXPath(RemoteWebDriver.java:428)
	at org.openqa.selenium.By$ByXPath.findElement(By.java:353)
	at org.openqa.selenium.remote.RemoteWebDriver.findElement(RemoteWebDriver.java:315)
	at org.openqa.selenium.WebDriver$findElement$1.call(Unknown Source)
	at ctdc.utilities.runtestcaseforKatalon.clickTab(runtestcaseforKatalon.groovy:1048)
	at ctdc.utilities.runtestcaseforKatalon.invokeMethod(runtestcaseforKatalon.groovy)
	at com.kms.katalon.core.main.CustomKeywordDelegatingMetaClass.invokeStaticMethod(CustomKeywordDelegatingMetaClass.java:50)
	at TC05_Bento_Filter_EndocrineTherapy-Other.run(TC05_Bento_Filter_EndocrineTherapy-Other:54)
	at com.kms.katalon.core.main.ScriptEngine.run(ScriptEngine.java:194)
	at com.kms.katalon.core.main.ScriptEngine.runScriptAsRawText(ScriptEngine.java:119)
	at com.kms.katalon.core.main.TestCaseExecutor.runScript(TestCaseExecutor.java:369)
	at com.kms.katalon.core.main.TestCaseExecutor.doExecute(TestCaseExecutor.java:360)
	at com.kms.katalon.core.main.TestCaseExecutor.processExecutionPhase(TestCaseExecutor.java:339)
	at com.kms.katalon.core.main.TestCaseExecutor.accessMainPhase(TestCaseExecutor.java:331)
	at com.kms.katalon.core.main.TestCaseExecutor.execute(TestCaseExecutor.java:248)
	at com.kms.katalon.core.main.TestSuiteExecutor.accessTestCaseMainPhase(TestSuiteExecutor.java:191)
	at com.kms.katalon.core.main.TestSuiteExecutor.accessTestSuiteMainPhase(TestSuiteExecutor.java:140)
	at com.kms.katalon.core.main.TestSuiteExecutor.execute(TestSuiteExecutor.java:89)
	at com.kms.katalon.core.main.TestCaseMain.startTestSuite(TestCaseMain.java:185)
	at com.kms.katalon.core.main.TestCaseMain$startTestSuite$0.call(Unknown Source)
	at TempTestSuite1627428797059.run(TempTestSuite1627428797059.groovy:39)]]></system-err>
      </testcase>
      <testcase name="Test Cases/Bento_TestCases/EndocrineTherapy/TC06_Bento_Filter_EndocrineTherapy-Tam" time="212.976" classname="Test Cases/Bento_TestCases/EndocrineTherapy/TC06_Bento_Filter_EndocrineTherapy-Tam" status="ERROR">
         <error type="ERROR" message="Test Cases/Bento_TestCases/EndocrineTherapy/TC06_Bento_Filter_EndocrineTherapy-Tam FAILED.
Reason:
java.lang.IllegalArgumentException: The workbook already contains a sheet named 'WebDataCases'
	at org.apache.poi.xssf.usermodel.XSSFWorkbook.validateSheetName(XSSFWorkbook.java:890)
	at org.apache.poi.xssf.usermodel.XSSFWorkbook.createSheet(XSSFWorkbook.java:843)
	at org.apache.poi.xssf.usermodel.XSSFWorkbook.createSheet(XSSFWorkbook.java:122)
	at org.apache.poi.ss.usermodel.Workbook$createSheet$1.call(Unknown Source)
	at ctdc.utilities.runtestcaseforKatalon.writeToExcel(runtestcaseforKatalon.groovy:708)
	at ctdc.utilities.runtestcaseforKatalon.ReadCasesTableKatalon(runtestcaseforKatalon.groovy:593)
	at ctdc.utilities.runtestcaseforKatalon.multiFunction(runtestcaseforKatalon.groovy:251)
	at ctdc.utilities.runtestcaseforKatalon.invokeMethod(runtestcaseforKatalon.groovy)
	at com.kms.katalon.core.main.CustomKeywordDelegatingMetaClass.invokeStaticMethod(CustomKeywordDelegatingMetaClass.java:50)
	at TC06_Bento_Filter_EndocrineTherapy-Tam.run(TC06_Bento_Filter_EndocrineTherapy-Tam:63)
	at com.kms.katalon.core.main.ScriptEngine.run(ScriptEngine.java:194)
	at com.kms.katalon.core.main.ScriptEngine.runScriptAsRawText(ScriptEngine.java:119)
	at com.kms.katalon.core.main.TestCaseExecutor.runScript(TestCaseExecutor.java:369)
	at com.kms.katalon.core.main.TestCaseExecutor.doExecute(TestCaseExecutor.java:360)
	at com.kms.katalon.core.main.TestCaseExecutor.processExecutionPhase(TestCaseExecutor.java:339)
	at com.kms.katalon.core.main.TestCaseExecutor.accessMainPhase(TestCaseExecutor.java:331)
	at com.kms.katalon.core.main.TestCaseExecutor.execute(TestCaseExecutor.java:248)
	at com.kms.katalon.core.main.TestSuiteExecutor.accessTestCaseMainPhase(TestSuiteExecutor.java:191)
	at com.kms.katalon.core.main.TestSuiteExecutor.accessTestSuiteMainPhase(TestSuiteExecutor.java:140)
	at com.kms.katalon.core.main.TestSuiteExecutor.execute(TestSuiteExecutor.java:89)
	at com.kms.katalon.core.main.TestCaseMain.startTestSuite(TestCaseMain.java:185)
	at com.kms.katalon.core.main.TestCaseMain$startTestSuite$0.call(Unknown Source)
	at TempTestSuite1627428797059.run(TempTestSuite1627428797059.groovy:39)
"/>
         <system-out><![CDATA[2021-07-27 16:47:35 - [TEST_CASE][ERROR] - Test Cases/Bento_TestCases/EndocrineTherapy/TC06_Bento_Filter_EndocrineTherapy-Tam: Test Cases/Bento_TestCases/EndocrineTherapy/TC06_Bento_Filter_EndocrineTherapy-Tam FAILED.
Reason:
java.lang.IllegalArgumentException: The workbook already contains a sheet named 'WebDataCases'
	at org.apache.poi.xssf.usermodel.XSSFWorkbook.validateSheetName(XSSFWorkbook.java:890)
	at org.apache.poi.xssf.usermodel.XSSFWorkbook.createSheet(XSSFWorkbook.java:843)
	at org.apache.poi.xssf.usermodel.XSSFWorkbook.createSheet(XSSFWorkbook.java:122)
	at org.apache.poi.ss.usermodel.Workbook$createSheet$1.call(Unknown Source)
	at ctdc.utilities.runtestcaseforKatalon.writeToExcel(runtestcaseforKatalon.groovy:708)
	at ctdc.utilities.runtestcaseforKatalon.ReadCasesTableKatalon(runtestcaseforKatalon.groovy:593)
	at ctdc.utilities.runtestcaseforKatalon.multiFunction(runtestcaseforKatalon.groovy:251)
	at ctdc.utilities.runtestcaseforKatalon.invokeMethod(runtestcaseforKatalon.groovy)
	at com.kms.katalon.core.main.CustomKeywordDelegatingMetaClass.invokeStaticMethod(CustomKeywordDelegatingMetaClass.java:50)
	at TC06_Bento_Filter_EndocrineTherapy-Tam.run(TC06_Bento_Filter_EndocrineTherapy-Tam:63)
	at com.kms.katalon.core.main.ScriptEngine.run(ScriptEngine.java:194)
	at com.kms.katalon.core.main.ScriptEngine.runScriptAsRawText(ScriptEngine.java:119)
	at com.kms.katalon.core.main.TestCaseExecutor.runScript(TestCaseExecutor.java:369)
	at com.kms.katalon.core.main.TestCaseExecutor.doExecute(TestCaseExecutor.java:360)
	at com.kms.katalon.core.main.TestCaseExecutor.processExecutionPhase(TestCaseExecutor.java:339)
	at com.kms.katalon.core.main.TestCaseExecutor.accessMainPhase(TestCaseExecutor.java:331)
	at com.kms.katalon.core.main.TestCaseExecutor.execute(TestCaseExecutor.java:248)
	at com.kms.katalon.core.main.TestSuiteExecutor.accessTestCaseMainPhase(TestSuiteExecutor.java:191)
	at com.kms.katalon.core.main.TestSuiteExecutor.accessTestSuiteMainPhase(TestSuiteExecutor.java:140)
	at com.kms.katalon.core.main.TestSuiteExecutor.execute(TestSuiteExecutor.java:89)
	at com.kms.katalon.core.main.TestCaseMain.startTestSuite(TestCaseMain.java:185)
	at com.kms.katalon.core.main.TestCaseMain$startTestSuite$0.call(Unknown Source)
	at TempTestSuite1627428797059.run(TempTestSuite1627428797059.groovy:39)


2021-07-27 16:47:35 - [TEST_STEP][PASSED] - Start listener action : getTestScriptName: null

2021-07-27 16:47:35 - [TEST_STEP][PASSED] - TestCaseId = testCaseContext.getTestCaseId(): null

2021-07-27 16:47:35 - [TEST_STEP][PASSED] - out.println("**********this is the value of test case id string******** " + testCaseContext.getTestCaseId()): null

2021-07-27 16:47:35 - [TEST_STEP][PASSED] - G_currentTCName = TestCaseId.substring(TestCaseId.lastIndexOf("TC")): null

2021-07-27 16:47:35 - [TEST_STEP][PASSED] - out.println("This is the test case name : " + G_currentTCName): null

2021-07-27 16:47:35 - [TEST_STEP][PASSED] - closeBrowser(): Browser is closed

2021-07-27 16:47:36 - [MESSAGE][PASSED] - Browser is closed

2021-07-27 16:47:36 - [TEST_STEP][PASSED] - ctdc.utilities.runtestcaseforKatalon.RunKatalon("TC06_Bento_Filter_EndocrineTherapy-Tam.xlsx"): Data loaded from input file for the test case. 

2021-07-27 16:47:36 - [MESSAGE][PASSED] - Test case file loaded This is the full filepath after converting to string :C:\Users\radhakrishnang2\Commons_Automation\InputFiles\TC06_Bento_Filter_EndocrineTherapy-Tam.xlsx

2021-07-27 16:47:36 - [MESSAGE][INFO] - Global variable set for password file is :  C:\Users\radhakrishnang2\Commons_Automation\InputFiles\TC06_Bento_Filter_EndocrineTherapy-Tam.xlsx

2021-07-27 16:47:40 - [MESSAGE][PASSED] - Data loaded from input file for the test case. 

2021-07-27 16:47:50 - [TEST_STEP][PASSED] - waitForElementClickable(findTestObject("Object Repository/Bento/NavBar/Bento_Cases-Btn"), 5): Object 'Object Repository/Bento/NavBar/Bento_Cases-Btn' is clickable

2021-07-27 16:47:51 - [MESSAGE][PASSED] - Object 'Object Repository/Bento/NavBar/Bento_Cases-Btn' is clickable

2021-07-27 16:47:51 - [TEST_STEP][PASSED] - ctdc.utilities.runtestcaseforKatalon.clickTab("Object Repository/Bento/NavBar/Bento_Cases-Btn"): ctdc.utilities.runtestcaseforKatalon.clickTab is PASSED

2021-07-27 16:47:51 - [MESSAGE][PASSED] - ctdc.utilities.runtestcaseforKatalon.clickTab is PASSED

2021-07-27 16:47:51 - [TEST_STEP][PASSED] - waitForElementClickable(findTestObject("Bento/Cases_page/Filter/FilterByCases_Facet"), 5): Object 'Object Repository/Bento/Cases_page/Filter/FilterByCases_Facet' is clickable

2021-07-27 16:47:51 - [MESSAGE][PASSED] - Object 'Object Repository/Bento/Cases_page/Filter/FilterByCases_Facet' is clickable

2021-07-27 16:47:51 - [TEST_STEP][PASSED] - ctdc.utilities.runtestcaseforKatalon.clickTab("Bento/Cases_page/Filter/FilterByCases_Facet"): ctdc.utilities.runtestcaseforKatalon.clickTab is PASSED

2021-07-27 16:47:52 - [MESSAGE][PASSED] - ctdc.utilities.runtestcaseforKatalon.clickTab is PASSED

2021-07-27 16:47:52 - [TEST_STEP][PASSED] - waitForElementClickable(findTestObject("Bento/Cases_page/Filter/EndocrineTherapy/ENDOCRINETHERAPY_Ddn"), 5): Object 'Object Repository/Bento/Cases_page/Filter/EndocrineTherapy/ENDOCRINETHERAPY_Ddn' is clickable

2021-07-27 16:47:52 - [MESSAGE][PASSED] - Object 'Object Repository/Bento/Cases_page/Filter/EndocrineTherapy/ENDOCRINETHERAPY_Ddn' is clickable

2021-07-27 16:47:52 - [TEST_STEP][PASSED] - ctdc.utilities.runtestcaseforKatalon.clickTab("Bento/Cases_page/Filter/EndocrineTherapy/ENDOCRINETHERAPY_Ddn"): ctdc.utilities.runtestcaseforKatalon.clickTab is PASSED

2021-07-27 16:47:52 - [MESSAGE][PASSED] - ctdc.utilities.runtestcaseforKatalon.clickTab is PASSED

2021-07-27 16:47:52 - [TEST_STEP][PASSED] - ctdc.utilities.runtestcaseforKatalon.clickTab("Object Repository/Bento/Cases_page/Filter/EndocrineTherapy/Tam_Chkbx"): ctdc.utilities.runtestcaseforKatalon.clickTab is PASSED

2021-07-27 16:47:52 - [MESSAGE][PASSED] - ctdc.utilities.runtestcaseforKatalon.clickTab is PASSED

2021-07-27 16:47:52 - [TEST_STEP][PASSED] - ctdc.utilities.runtestcaseforKatalon.clickTab("Object Repository/Bento/Cases_page/Filter/EndocrineTherapy/ENDOCRINETHERAPY_Ddn"): ctdc.utilities.runtestcaseforKatalon.clickTab is PASSED

2021-07-27 16:47:52 - [MESSAGE][PASSED] - ctdc.utilities.runtestcaseforKatalon.clickTab is PASSED

2021-07-27 16:47:52 - [TEST_STEP][PASSED] - ctdc.utilities.runtestcaseforKatalon.readStatBarBento("Object Repository/Bento/StatBar/Bento_StatBar-Programs", "Object Repository/Bento/StatBar/Bento_StatBar-Arms", "Object Repository/Bento/StatBar/Bento_StatBar-Cases", "Object Repository/Bento/StatBar/Bento_StatBar-Samples", "Object Repository/Bento/StatBar/Bento_StatBar-Assays", "Object Repository/Bento/StatBar/Bento_StatBar-Files"): ctdc.utilities.runtestcaseforKatalon.readStatBarBento is PASSED

2021-07-27 16:48:01 - [MESSAGE][PASSED] - ctdc.utilities.runtestcaseforKatalon.readStatBarBento is PASSED

2021-07-27 16:48:01 - [TEST_STEP][PASSED] - waitForElementPresent(findTestObject("Object Repository/Bento/Cases_page/BentoResults_Cases_Tab"), 5): Object 'Object Repository/Bento/Cases_page/BentoResults_Cases_Tab' is present

2021-07-27 16:48:01 - [MESSAGE][PASSED] - Object 'Object Repository/Bento/Cases_page/BentoResults_Cases_Tab' is present

2021-07-27 16:48:01 - [TEST_STEP][PASSED] - ctdc.utilities.runtestcaseforKatalon.clickTab("Object Repository/Bento/Cases_page/BentoResults_Cases_Tab"): ctdc.utilities.runtestcaseforKatalon.clickTab is PASSED

2021-07-27 16:48:01 - [MESSAGE][PASSED] - ctdc.utilities.runtestcaseforKatalon.clickTab is PASSED

2021-07-27 16:48:01 - [TEST_STEP][ERROR] - ctdc.utilities.runtestcaseforKatalon.multiFunction("Bento", G_StatBar_Cases, "Object Repository/Bento/Cases_page/Bento_CasesTable", "Object Repository/Bento/Cases_page/Bento_CasesTableHeader", "Object Repository/Bento/Cases_page/Bento_CasesTabNextBtn", G_WebTabnameCases, G_CypherTabnameCases, G_QueryCasesTab): The workbook already contains a sheet named 'WebDataCases'

2021-07-27 16:51:08 - [MESSAGE][ERROR] - The workbook already contains a sheet named 'WebDataCases']]></system-out>
         <system-err><![CDATA[2021-07-27 16:47:35 - [TEST_CASE][ERROR] - Test Cases/Bento_TestCases/EndocrineTherapy/TC06_Bento_Filter_EndocrineTherapy-Tam: Test Cases/Bento_TestCases/EndocrineTherapy/TC06_Bento_Filter_EndocrineTherapy-Tam FAILED.
Reason:
java.lang.IllegalArgumentException: The workbook already contains a sheet named 'WebDataCases'
	at org.apache.poi.xssf.usermodel.XSSFWorkbook.validateSheetName(XSSFWorkbook.java:890)
	at org.apache.poi.xssf.usermodel.XSSFWorkbook.createSheet(XSSFWorkbook.java:843)
	at org.apache.poi.xssf.usermodel.XSSFWorkbook.createSheet(XSSFWorkbook.java:122)
	at org.apache.poi.ss.usermodel.Workbook$createSheet$1.call(Unknown Source)
	at ctdc.utilities.runtestcaseforKatalon.writeToExcel(runtestcaseforKatalon.groovy:708)
	at ctdc.utilities.runtestcaseforKatalon.ReadCasesTableKatalon(runtestcaseforKatalon.groovy:593)
	at ctdc.utilities.runtestcaseforKatalon.multiFunction(runtestcaseforKatalon.groovy:251)
	at ctdc.utilities.runtestcaseforKatalon.invokeMethod(runtestcaseforKatalon.groovy)
	at com.kms.katalon.core.main.CustomKeywordDelegatingMetaClass.invokeStaticMethod(CustomKeywordDelegatingMetaClass.java:50)
	at TC06_Bento_Filter_EndocrineTherapy-Tam.run(TC06_Bento_Filter_EndocrineTherapy-Tam:63)
	at com.kms.katalon.core.main.ScriptEngine.run(ScriptEngine.java:194)
	at com.kms.katalon.core.main.ScriptEngine.runScriptAsRawText(ScriptEngine.java:119)
	at com.kms.katalon.core.main.TestCaseExecutor.runScript(TestCaseExecutor.java:369)
	at com.kms.katalon.core.main.TestCaseExecutor.doExecute(TestCaseExecutor.java:360)
	at com.kms.katalon.core.main.TestCaseExecutor.processExecutionPhase(TestCaseExecutor.java:339)
	at com.kms.katalon.core.main.TestCaseExecutor.accessMainPhase(TestCaseExecutor.java:331)
	at com.kms.katalon.core.main.TestCaseExecutor.execute(TestCaseExecutor.java:248)
	at com.kms.katalon.core.main.TestSuiteExecutor.accessTestCaseMainPhase(TestSuiteExecutor.java:191)
	at com.kms.katalon.core.main.TestSuiteExecutor.accessTestSuiteMainPhase(TestSuiteExecutor.java:140)
	at com.kms.katalon.core.main.TestSuiteExecutor.execute(TestSuiteExecutor.java:89)
	at com.kms.katalon.core.main.TestCaseMain.startTestSuite(TestCaseMain.java:185)
	at com.kms.katalon.core.main.TestCaseMain$startTestSuite$0.call(Unknown Source)
	at TempTestSuite1627428797059.run(TempTestSuite1627428797059.groovy:39)]]></system-err>
      </testcase>
      <testcase name="Test Cases/Bento_TestCases/EndocrineTherapy/TC07_Bento_Filter_EndocrineTherapy-Tam_AI" time="284.043" classname="Test Cases/Bento_TestCases/EndocrineTherapy/TC07_Bento_Filter_EndocrineTherapy-Tam_AI" status="ERROR">
         <error type="ERROR" message="Test Cases/Bento_TestCases/EndocrineTherapy/TC07_Bento_Filter_EndocrineTherapy-Tam_AI FAILED.
Reason:
java.lang.IllegalArgumentException: The workbook already contains a sheet named 'WebDataCases'
	at org.apache.poi.xssf.usermodel.XSSFWorkbook.validateSheetName(XSSFWorkbook.java:890)
	at org.apache.poi.xssf.usermodel.XSSFWorkbook.createSheet(XSSFWorkbook.java:843)
	at org.apache.poi.xssf.usermodel.XSSFWorkbook.createSheet(XSSFWorkbook.java:122)
	at org.apache.poi.ss.usermodel.Workbook$createSheet$1.call(Unknown Source)
	at ctdc.utilities.runtestcaseforKatalon.writeToExcel(runtestcaseforKatalon.groovy:708)
	at ctdc.utilities.runtestcaseforKatalon.ReadCasesTableKatalon(runtestcaseforKatalon.groovy:593)
	at ctdc.utilities.runtestcaseforKatalon.multiFunction(runtestcaseforKatalon.groovy:251)
	at ctdc.utilities.runtestcaseforKatalon.invokeMethod(runtestcaseforKatalon.groovy)
	at com.kms.katalon.core.main.CustomKeywordDelegatingMetaClass.invokeStaticMethod(CustomKeywordDelegatingMetaClass.java:50)
	at TC07_Bento_Filter_EndocrineTherapy-Tam_AI.run(TC07_Bento_Filter_EndocrineTherapy-Tam_AI:64)
	at com.kms.katalon.core.main.ScriptEngine.run(ScriptEngine.java:194)
	at com.kms.katalon.core.main.ScriptEngine.runScriptAsRawText(ScriptEngine.java:119)
	at com.kms.katalon.core.main.TestCaseExecutor.runScript(TestCaseExecutor.java:369)
	at com.kms.katalon.core.main.TestCaseExecutor.doExecute(TestCaseExecutor.java:360)
	at com.kms.katalon.core.main.TestCaseExecutor.processExecutionPhase(TestCaseExecutor.java:339)
	at com.kms.katalon.core.main.TestCaseExecutor.accessMainPhase(TestCaseExecutor.java:331)
	at com.kms.katalon.core.main.TestCaseExecutor.execute(TestCaseExecutor.java:248)
	at com.kms.katalon.core.main.TestSuiteExecutor.accessTestCaseMainPhase(TestSuiteExecutor.java:191)
	at com.kms.katalon.core.main.TestSuiteExecutor.accessTestSuiteMainPhase(TestSuiteExecutor.java:140)
	at com.kms.katalon.core.main.TestSuiteExecutor.execute(TestSuiteExecutor.java:89)
	at com.kms.katalon.core.main.TestCaseMain.startTestSuite(TestCaseMain.java:185)
	at com.kms.katalon.core.main.TestCaseMain$startTestSuite$0.call(Unknown Source)
	at TempTestSuite1627428797059.run(TempTestSuite1627428797059.groovy:39)
"/>
         <system-out><![CDATA[2021-07-27 16:51:08 - [TEST_CASE][ERROR] - Test Cases/Bento_TestCases/EndocrineTherapy/TC07_Bento_Filter_EndocrineTherapy-Tam_AI: Test Cases/Bento_TestCases/EndocrineTherapy/TC07_Bento_Filter_EndocrineTherapy-Tam_AI FAILED.
Reason:
java.lang.IllegalArgumentException: The workbook already contains a sheet named 'WebDataCases'
	at org.apache.poi.xssf.usermodel.XSSFWorkbook.validateSheetName(XSSFWorkbook.java:890)
	at org.apache.poi.xssf.usermodel.XSSFWorkbook.createSheet(XSSFWorkbook.java:843)
	at org.apache.poi.xssf.usermodel.XSSFWorkbook.createSheet(XSSFWorkbook.java:122)
	at org.apache.poi.ss.usermodel.Workbook$createSheet$1.call(Unknown Source)
	at ctdc.utilities.runtestcaseforKatalon.writeToExcel(runtestcaseforKatalon.groovy:708)
	at ctdc.utilities.runtestcaseforKatalon.ReadCasesTableKatalon(runtestcaseforKatalon.groovy:593)
	at ctdc.utilities.runtestcaseforKatalon.multiFunction(runtestcaseforKatalon.groovy:251)
	at ctdc.utilities.runtestcaseforKatalon.invokeMethod(runtestcaseforKatalon.groovy)
	at com.kms.katalon.core.main.CustomKeywordDelegatingMetaClass.invokeStaticMethod(CustomKeywordDelegatingMetaClass.java:50)
	at TC07_Bento_Filter_EndocrineTherapy-Tam_AI.run(TC07_Bento_Filter_EndocrineTherapy-Tam_AI:64)
	at com.kms.katalon.core.main.ScriptEngine.run(ScriptEngine.java:194)
	at com.kms.katalon.core.main.ScriptEngine.runScriptAsRawText(ScriptEngine.java:119)
	at com.kms.katalon.core.main.TestCaseExecutor.runScript(TestCaseExecutor.java:369)
	at com.kms.katalon.core.main.TestCaseExecutor.doExecute(TestCaseExecutor.java:360)
	at com.kms.katalon.core.main.TestCaseExecutor.processExecutionPhase(TestCaseExecutor.java:339)
	at com.kms.katalon.core.main.TestCaseExecutor.accessMainPhase(TestCaseExecutor.java:331)
	at com.kms.katalon.core.main.TestCaseExecutor.execute(TestCaseExecutor.java:248)
	at com.kms.katalon.core.main.TestSuiteExecutor.accessTestCaseMainPhase(TestSuiteExecutor.java:191)
	at com.kms.katalon.core.main.TestSuiteExecutor.accessTestSuiteMainPhase(TestSuiteExecutor.java:140)
	at com.kms.katalon.core.main.TestSuiteExecutor.execute(TestSuiteExecutor.java:89)
	at com.kms.katalon.core.main.TestCaseMain.startTestSuite(TestCaseMain.java:185)
	at com.kms.katalon.core.main.TestCaseMain$startTestSuite$0.call(Unknown Source)
	at TempTestSuite1627428797059.run(TempTestSuite1627428797059.groovy:39)


2021-07-27 16:51:08 - [TEST_STEP][PASSED] - Start listener action : getTestScriptName: null

2021-07-27 16:51:08 - [TEST_STEP][PASSED] - TestCaseId = testCaseContext.getTestCaseId(): null

2021-07-27 16:51:08 - [TEST_STEP][PASSED] - out.println("**********this is the value of test case id string******** " + testCaseContext.getTestCaseId()): null

2021-07-27 16:51:08 - [TEST_STEP][PASSED] - G_currentTCName = TestCaseId.substring(TestCaseId.lastIndexOf("TC")): null

2021-07-27 16:51:08 - [TEST_STEP][PASSED] - out.println("This is the test case name : " + G_currentTCName): null

2021-07-27 16:51:08 - [TEST_STEP][PASSED] - closeBrowser(): Browser is closed

2021-07-27 16:51:09 - [MESSAGE][PASSED] - Browser is closed

2021-07-27 16:51:09 - [TEST_STEP][PASSED] - ctdc.utilities.runtestcaseforKatalon.RunKatalon("TC07_Bento_Filter_EndocrineTherapy-Tam_AI.xlsx"): Data loaded from input file for the test case. 

2021-07-27 16:51:09 - [MESSAGE][PASSED] - Test case file loaded This is the full filepath after converting to string :C:\Users\radhakrishnang2\Commons_Automation\InputFiles\TC07_Bento_Filter_EndocrineTherapy-Tam_AI.xlsx

2021-07-27 16:51:09 - [MESSAGE][INFO] - Global variable set for password file is :  C:\Users\radhakrishnang2\Commons_Automation\InputFiles\TC07_Bento_Filter_EndocrineTherapy-Tam_AI.xlsx

2021-07-27 16:51:13 - [MESSAGE][PASSED] - Data loaded from input file for the test case. 

2021-07-27 16:51:25 - [TEST_STEP][PASSED] - waitForElementClickable(findTestObject("Object Repository/Bento/NavBar/Bento_Cases-Btn"), 5): Object 'Object Repository/Bento/NavBar/Bento_Cases-Btn' is clickable

2021-07-27 16:51:25 - [MESSAGE][PASSED] - Object 'Object Repository/Bento/NavBar/Bento_Cases-Btn' is clickable

2021-07-27 16:51:25 - [TEST_STEP][PASSED] - ctdc.utilities.runtestcaseforKatalon.clickTab("Object Repository/Bento/NavBar/Bento_Cases-Btn"): ctdc.utilities.runtestcaseforKatalon.clickTab is PASSED

2021-07-27 16:51:25 - [MESSAGE][PASSED] - ctdc.utilities.runtestcaseforKatalon.clickTab is PASSED

2021-07-27 16:51:25 - [TEST_STEP][PASSED] - waitForElementClickable(findTestObject("Bento/Cases_page/Filter/FilterByCases_Facet"), 5): Object 'Object Repository/Bento/Cases_page/Filter/FilterByCases_Facet' is clickable

2021-07-27 16:51:26 - [MESSAGE][PASSED] - Object 'Object Repository/Bento/Cases_page/Filter/FilterByCases_Facet' is clickable

2021-07-27 16:51:26 - [TEST_STEP][PASSED] - ctdc.utilities.runtestcaseforKatalon.clickTab("Bento/Cases_page/Filter/FilterByCases_Facet"): ctdc.utilities.runtestcaseforKatalon.clickTab is PASSED

2021-07-27 16:51:26 - [MESSAGE][PASSED] - ctdc.utilities.runtestcaseforKatalon.clickTab is PASSED

2021-07-27 16:51:26 - [TEST_STEP][PASSED] - waitForElementClickable(findTestObject("Bento/Cases_page/Filter/EndocrineTherapy/ENDOCRINETHERAPY_Ddn"), 5): Object 'Object Repository/Bento/Cases_page/Filter/EndocrineTherapy/ENDOCRINETHERAPY_Ddn' is clickable

2021-07-27 16:51:26 - [MESSAGE][PASSED] - Object 'Object Repository/Bento/Cases_page/Filter/EndocrineTherapy/ENDOCRINETHERAPY_Ddn' is clickable

2021-07-27 16:51:26 - [TEST_STEP][PASSED] - ctdc.utilities.runtestcaseforKatalon.clickTab("Bento/Cases_page/Filter/EndocrineTherapy/ENDOCRINETHERAPY_Ddn"): ctdc.utilities.runtestcaseforKatalon.clickTab is PASSED

2021-07-27 16:51:27 - [MESSAGE][PASSED] - ctdc.utilities.runtestcaseforKatalon.clickTab is PASSED

2021-07-27 16:51:27 - [TEST_STEP][PASSED] - ctdc.utilities.runtestcaseforKatalon.clickTab("Object Repository/Bento/Cases_page/Filter/EndocrineTherapy/Tam-AI_chkbx"): ctdc.utilities.runtestcaseforKatalon.clickTab is PASSED

2021-07-27 16:51:27 - [MESSAGE][PASSED] - ctdc.utilities.runtestcaseforKatalon.clickTab is PASSED

2021-07-27 16:51:27 - [TEST_STEP][PASSED] - ctdc.utilities.runtestcaseforKatalon.clickTab("Object Repository/Bento/Cases_page/Filter/EndocrineTherapy/ENDOCRINETHERAPY_Ddn"): ctdc.utilities.runtestcaseforKatalon.clickTab is PASSED

2021-07-27 16:51:27 - [MESSAGE][PASSED] - ctdc.utilities.runtestcaseforKatalon.clickTab is PASSED

2021-07-27 16:51:27 - [TEST_STEP][PASSED] - ctdc.utilities.runtestcaseforKatalon.readStatBarBento("Object Repository/Bento/StatBar/Bento_StatBar-Programs", "Object Repository/Bento/StatBar/Bento_StatBar-Arms", "Object Repository/Bento/StatBar/Bento_StatBar-Cases", "Object Repository/Bento/StatBar/Bento_StatBar-Samples", "Object Repository/Bento/StatBar/Bento_StatBar-Assays", "Object Repository/Bento/StatBar/Bento_StatBar-Files"): ctdc.utilities.runtestcaseforKatalon.readStatBarBento is PASSED

2021-07-27 16:51:36 - [MESSAGE][PASSED] - ctdc.utilities.runtestcaseforKatalon.readStatBarBento is PASSED

2021-07-27 16:51:36 - [TEST_STEP][PASSED] - waitForElementPresent(findTestObject("Object Repository/Bento/Cases_page/BentoResults_Cases_Tab"), 5): Object 'Object Repository/Bento/Cases_page/BentoResults_Cases_Tab' is present

2021-07-27 16:51:36 - [MESSAGE][PASSED] - Object 'Object Repository/Bento/Cases_page/BentoResults_Cases_Tab' is present

2021-07-27 16:51:36 - [TEST_STEP][PASSED] - ctdc.utilities.runtestcaseforKatalon.clickTab("Object Repository/Bento/Cases_page/BentoResults_Cases_Tab"): ctdc.utilities.runtestcaseforKatalon.clickTab is PASSED

2021-07-27 16:51:36 - [MESSAGE][PASSED] - ctdc.utilities.runtestcaseforKatalon.clickTab is PASSED

2021-07-27 16:51:36 - [TEST_STEP][ERROR] - ctdc.utilities.runtestcaseforKatalon.multiFunction("Bento", G_StatBar_Cases, "Object Repository/Bento/Cases_page/Bento_CasesTable", "Object Repository/Bento/Cases_page/Bento_CasesTableHeader", "Object Repository/Bento/Cases_page/Bento_CasesTabNextBtn", G_WebTabnameCases, G_CypherTabnameCases, G_QueryCasesTab): The workbook already contains a sheet named 'WebDataCases'

2021-07-27 16:55:52 - [MESSAGE][ERROR] - The workbook already contains a sheet named 'WebDataCases']]></system-out>
         <system-err><![CDATA[2021-07-27 16:51:08 - [TEST_CASE][ERROR] - Test Cases/Bento_TestCases/EndocrineTherapy/TC07_Bento_Filter_EndocrineTherapy-Tam_AI: Test Cases/Bento_TestCases/EndocrineTherapy/TC07_Bento_Filter_EndocrineTherapy-Tam_AI FAILED.
Reason:
java.lang.IllegalArgumentException: The workbook already contains a sheet named 'WebDataCases'
	at org.apache.poi.xssf.usermodel.XSSFWorkbook.validateSheetName(XSSFWorkbook.java:890)
	at org.apache.poi.xssf.usermodel.XSSFWorkbook.createSheet(XSSFWorkbook.java:843)
	at org.apache.poi.xssf.usermodel.XSSFWorkbook.createSheet(XSSFWorkbook.java:122)
	at org.apache.poi.ss.usermodel.Workbook$createSheet$1.call(Unknown Source)
	at ctdc.utilities.runtestcaseforKatalon.writeToExcel(runtestcaseforKatalon.groovy:708)
	at ctdc.utilities.runtestcaseforKatalon.ReadCasesTableKatalon(runtestcaseforKatalon.groovy:593)
	at ctdc.utilities.runtestcaseforKatalon.multiFunction(runtestcaseforKatalon.groovy:251)
	at ctdc.utilities.runtestcaseforKatalon.invokeMethod(runtestcaseforKatalon.groovy)
	at com.kms.katalon.core.main.CustomKeywordDelegatingMetaClass.invokeStaticMethod(CustomKeywordDelegatingMetaClass.java:50)
	at TC07_Bento_Filter_EndocrineTherapy-Tam_AI.run(TC07_Bento_Filter_EndocrineTherapy-Tam_AI:64)
	at com.kms.katalon.core.main.ScriptEngine.run(ScriptEngine.java:194)
	at com.kms.katalon.core.main.ScriptEngine.runScriptAsRawText(ScriptEngine.java:119)
	at com.kms.katalon.core.main.TestCaseExecutor.runScript(TestCaseExecutor.java:369)
	at com.kms.katalon.core.main.TestCaseExecutor.doExecute(TestCaseExecutor.java:360)
	at com.kms.katalon.core.main.TestCaseExecutor.processExecutionPhase(TestCaseExecutor.java:339)
	at com.kms.katalon.core.main.TestCaseExecutor.accessMainPhase(TestCaseExecutor.java:331)
	at com.kms.katalon.core.main.TestCaseExecutor.execute(TestCaseExecutor.java:248)
	at com.kms.katalon.core.main.TestSuiteExecutor.accessTestCaseMainPhase(TestSuiteExecutor.java:191)
	at com.kms.katalon.core.main.TestSuiteExecutor.accessTestSuiteMainPhase(TestSuiteExecutor.java:140)
	at com.kms.katalon.core.main.TestSuiteExecutor.execute(TestSuiteExecutor.java:89)
	at com.kms.katalon.core.main.TestCaseMain.startTestSuite(TestCaseMain.java:185)
	at com.kms.katalon.core.main.TestCaseMain$startTestSuite$0.call(Unknown Source)
	at TempTestSuite1627428797059.run(TempTestSuite1627428797059.groovy:39)]]></system-err>
      </testcase>
      <system-out><![CDATA[2021-07-27 16:33:21 - [TEST_SUITE][ERROR] - Bento_TestSuite: Test Cases/Bento_TestCases/EndocrineTherapy/TC01_Bento_Filter_EndocrineTherapy-AI FAILED.
Reason:
java.lang.IllegalArgumentException: The workbook already contains a sheet named 'WebDataCases'
	at org.apache.poi.xssf.usermodel.XSSFWorkbook.validateSheetName(XSSFWorkbook.java:890)
	at org.apache.poi.xssf.usermodel.XSSFWorkbook.createSheet(XSSFWorkbook.java:843)
	at org.apache.poi.xssf.usermodel.XSSFWorkbook.createSheet(XSSFWorkbook.java:122)
	at org.apache.poi.ss.usermodel.Workbook$createSheet$1.call(Unknown Source)
	at ctdc.utilities.runtestcaseforKatalon.writeToExcel(runtestcaseforKatalon.groovy:708)
	at ctdc.utilities.runtestcaseforKatalon.ReadCasesTableKatalon(runtestcaseforKatalon.groovy:593)
	at ctdc.utilities.runtestcaseforKatalon.multiFunction(runtestcaseforKatalon.groovy:251)
	at ctdc.utilities.runtestcaseforKatalon.invokeMethod(runtestcaseforKatalon.groovy)
	at com.kms.katalon.core.main.CustomKeywordDelegatingMetaClass.invokeStaticMethod(CustomKeywordDelegatingMetaClass.java:50)
	at TC01_Bento_Filter_EndocrineTherapy-AI.run(TC01_Bento_Filter_EndocrineTherapy-AI:63)
	at com.kms.katalon.core.main.ScriptEngine.run(ScriptEngine.java:194)
	at com.kms.katalon.core.main.ScriptEngine.runScriptAsRawText(ScriptEngine.java:119)
	at com.kms.katalon.core.main.TestCaseExecutor.runScript(TestCaseExecutor.java:369)
	at com.kms.katalon.core.main.TestCaseExecutor.doExecute(TestCaseExecutor.java:360)
	at com.kms.katalon.core.main.TestCaseExecutor.processExecutionPhase(TestCaseExecutor.java:339)
	at com.kms.katalon.core.main.TestCaseExecutor.accessMainPhase(TestCaseExecutor.java:331)
	at com.kms.katalon.core.main.TestCaseExecutor.execute(TestCaseExecutor.java:248)
	at com.kms.katalon.core.main.TestSuiteExecutor.accessTestCaseMainPhase(TestSuiteExecutor.java:191)
	at com.kms.katalon.core.main.TestSuiteExecutor.accessTestSuiteMainPhase(TestSuiteExecutor.java:140)
	at com.kms.katalon.core.main.TestSuiteExecutor.execute(TestSuiteExecutor.java:89)
	at com.kms.katalon.core.main.TestCaseMain.startTestSuite(TestCaseMain.java:185)
	at com.kms.katalon.core.main.TestCaseMain$startTestSuite$0.call(Unknown Source)
	at TempTestSuite1627428797059.run(TempTestSuite1627428797059.groovy:39)]]></system-out>
      <system-err><![CDATA[2021-07-27 16:33:21 - [TEST_SUITE][ERROR] - Bento_TestSuite: Test Cases/Bento_TestCases/EndocrineTherapy/TC01_Bento_Filter_EndocrineTherapy-AI FAILED.
Reason:
java.lang.IllegalArgumentException: The workbook already contains a sheet named 'WebDataCases'
	at org.apache.poi.xssf.usermodel.XSSFWorkbook.validateSheetName(XSSFWorkbook.java:890)
	at org.apache.poi.xssf.usermodel.XSSFWorkbook.createSheet(XSSFWorkbook.java:843)
	at org.apache.poi.xssf.usermodel.XSSFWorkbook.createSheet(XSSFWorkbook.java:122)
	at org.apache.poi.ss.usermodel.Workbook$createSheet$1.call(Unknown Source)
	at ctdc.utilities.runtestcaseforKatalon.writeToExcel(runtestcaseforKatalon.groovy:708)
	at ctdc.utilities.runtestcaseforKatalon.ReadCasesTableKatalon(runtestcaseforKatalon.groovy:593)
	at ctdc.utilities.runtestcaseforKatalon.multiFunction(runtestcaseforKatalon.groovy:251)
	at ctdc.utilities.runtestcaseforKatalon.invokeMethod(runtestcaseforKatalon.groovy)
	at com.kms.katalon.core.main.CustomKeywordDelegatingMetaClass.invokeStaticMethod(CustomKeywordDelegatingMetaClass.java:50)
	at TC01_Bento_Filter_EndocrineTherapy-AI.run(TC01_Bento_Filter_EndocrineTherapy-AI:63)
	at com.kms.katalon.core.main.ScriptEngine.run(ScriptEngine.java:194)
	at com.kms.katalon.core.main.ScriptEngine.runScriptAsRawText(ScriptEngine.java:119)
	at com.kms.katalon.core.main.TestCaseExecutor.runScript(TestCaseExecutor.java:369)
	at com.kms.katalon.core.main.TestCaseExecutor.doExecute(TestCaseExecutor.java:360)
	at com.kms.katalon.core.main.TestCaseExecutor.processExecutionPhase(TestCaseExecutor.java:339)
	at com.kms.katalon.core.main.TestCaseExecutor.accessMainPhase(TestCaseExecutor.java:331)
	at com.kms.katalon.core.main.TestCaseExecutor.execute(TestCaseExecutor.java:248)
	at com.kms.katalon.core.main.TestSuiteExecutor.accessTestCaseMainPhase(TestSuiteExecutor.java:191)
	at com.kms.katalon.core.main.TestSuiteExecutor.accessTestSuiteMainPhase(TestSuiteExecutor.java:140)
	at com.kms.katalon.core.main.TestSuiteExecutor.execute(TestSuiteExecutor.java:89)
	at com.kms.katalon.core.main.TestCaseMain.startTestSuite(TestCaseMain.java:185)
	at com.kms.katalon.core.main.TestCaseMain$startTestSuite$0.call(Unknown Source)
	at TempTestSuite1627428797059.run(TempTestSuite1627428797059.groovy:39)]]></system-err>
   </testsuite>
</testsuites>
