<?xml version="1.0" encoding="UTF-8"?>
<testsuites name="COTC022_Study_TestSuite" time="513.369" tests="5" failures="0" errors="0">
   <testsuite name="COTC022_Study_TestSuite" tests="5" failures="0" errors="0" time="513.369" skipped="0" timestamp="2021-11-18 20:34:03" hostname="radhakrishnang2 - nibib02040709lt.nibib.nih.gov" id="Test Suites/COTC022_Study_TestSuite">
      <properties>
         <property name="deviceName" value=""/>
         <property name="devicePlatform" value=""/>
         <property name="logFolder" value="C:\\Users\\radhakrishnang2\\Commons_Automation\\Reports\\20211118_203353\\COTC022_Study_TestSuite\\20211118_203353"/>
         <property name="logFiles" value="C:\\Users\\radhakrishnang2\\Commons_Automation\\Reports\\20211118_203353\\COTC022_Study_TestSuite\\20211118_203353\\execution0.log"/>
         <property name="attachments" value=""/>
         <property name="hostName" value="radhakrishnang2 - nibib02040709lt.nibib.nih.gov"/>
         <property name="os" value="Windows 10 64bit"/>
         <property name="katalonVersion" value="8.0.5.208"/>
         <property name="browser" value="Chrome 95.0.4638.69"/>
         <property name="hostAddress" value="10.243.141.224"/>
         <property name="sessionId" value="e1db67530f08e5f008700191e010ee61"/>
         <property name="seleniumVersion" value="3.141.59"/>
         <property name="proxyInformation" value="ProxyInformation { proxyOption=NO_PROXY, proxyServerType=HTTP, username=, password=********, proxyServerAddress=, proxyServerPort=0, executionList=&quot;&quot;, isApplyToDesiredCapabilities=true }"/>
         <property name="platform" value="Windows 10"/>
      </properties>
      <testcase name="Test Cases/Canine_TestCases/StudyCombinations/Study-Combinations-COTC022/TC03_Canine_StudyCOTC022-StudyType_Breed" time="127.021" classname="Test Cases/Canine_TestCases/StudyCombinations/Study-Combinations-COTC022/TC03_Canine_StudyCOTC022-StudyType_Breed" status="PASSED">
         <system-out><![CDATA[2021-11-18 20:34:04 - [TEST_CASE][PASSED] - Test Cases/Canine_TestCases/StudyCombinations/Study-Combinations-COTC022/TC03_Canine_StudyCOTC022-StudyType_Breed: Test Cases/Canine_TestCases/StudyCombinations/Study-Combinations-COTC022/TC03_Canine_StudyCOTC022-StudyType_Breed

2021-11-18 20:34:04 - [TEST_STEP][PASSED] - Start listener action : getTestScriptName: null

2021-11-18 20:34:04 - [TEST_STEP][PASSED] - TestCaseId = testCaseContext.getTestCaseId(): null

2021-11-18 20:34:05 - [TEST_STEP][PASSED] - out.println("**********this is the value of test case id string******** " + testCaseContext.getTestCaseId()): null

2021-11-18 20:34:05 - [TEST_STEP][PASSED] - G_currentTCName = TestCaseId.substring(TestCaseId.lastIndexOf("TC")): null

2021-11-18 20:34:05 - [TEST_STEP][PASSED] - out.println("This is the test case name : " + G_currentTCName): null

2021-11-18 20:34:05 - [TEST_STEP][PASSED] - closeBrowser(): Browser is closed

2021-11-18 20:34:05 - [MESSAGE][PASSED] - Browser is closed

2021-11-18 20:34:05 - [TEST_STEP][PASSED] - ctdc.utilities.runtestcaseforKatalon.RunKatalon("TC03_Canine_StudyCOTC022-StudyType_Breed.xlsx"): Data loaded from input file for the test case. 

2021-11-18 20:34:05 - [MESSAGE][PASSED] - Test case file loaded This is the full filepath after converting to string :C:\Users\radhakrishnang2\Commons_Automation\InputFiles\TC03_Canine_StudyCOTC022-StudyType_Breed.xlsx

2021-11-18 20:34:05 - [MESSAGE][INFO] - Global variable set for password file is :  C:\Users\radhakrishnang2\Commons_Automation\InputFiles\TC03_Canine_StudyCOTC022-StudyType_Breed.xlsx

2021-11-18 20:34:10 - [MESSAGE][PASSED] - Data loaded from input file for the test case. 

2021-11-18 20:34:23 - [TEST_STEP][PASSED] - ctdc.utilities.runtestcaseforKatalon.clickTab("Object Repository/Canine/Canine_PopUp_Continue_Btn"): ctdc.utilities.runtestcaseforKatalon.clickTab is PASSED

2021-11-18 20:34:23 - [MESSAGE][PASSED] - ctdc.utilities.runtestcaseforKatalon.clickTab is PASSED

2021-11-18 20:34:23 - [TEST_STEP][PASSED] - out.println("Closed the popup window"): null

2021-11-18 20:34:23 - [TEST_STEP][PASSED] - waitForElementPresent(findTestObject("Canine/NavBar/Canine_Cases_Btn"), 20): Object 'Object Repository/Canine/NavBar/Canine_Cases_Btn' is present

2021-11-18 20:34:23 - [MESSAGE][PASSED] - Object 'Object Repository/Canine/NavBar/Canine_Cases_Btn' is present

2021-11-18 20:34:23 - [TEST_STEP][PASSED] - ctdc.utilities.runtestcaseforKatalon.clickTab("Canine/NavBar/Canine_Cases_Btn"): ctdc.utilities.runtestcaseforKatalon.clickTab is PASSED

2021-11-18 20:34:23 - [MESSAGE][PASSED] - ctdc.utilities.runtestcaseforKatalon.clickTab is PASSED

2021-11-18 20:34:23 - [TEST_STEP][PASSED] - waitForElementPresent(findTestObject("Object Repository/Canine/Filter/FilterByCases_Facet"), 20): Object 'Object Repository/Canine/Filter/FilterByCases_Facet' is present

2021-11-18 20:34:24 - [MESSAGE][PASSED] - Object 'Object Repository/Canine/Filter/FilterByCases_Facet' is present

2021-11-18 20:34:24 - [TEST_STEP][PASSED] - ctdc.utilities.runtestcaseforKatalon.clickTab("Object Repository/Canine/Filter/FilterByCases_Facet"): ctdc.utilities.runtestcaseforKatalon.clickTab is PASSED

2021-11-18 20:34:25 - [MESSAGE][PASSED] - ctdc.utilities.runtestcaseforKatalon.clickTab is PASSED

2021-11-18 20:34:25 - [TEST_STEP][PASSED] - waitForElementPresent(findTestObject("Object Repository/Canine/Filter/Study/Canine_Filter_Study"), 30): Object 'Object Repository/Canine/Filter/Study/Canine_Filter_Study' is present

2021-11-18 20:34:26 - [MESSAGE][PASSED] - Object 'Object Repository/Canine/Filter/Study/Canine_Filter_Study' is present

2021-11-18 20:34:26 - [TEST_STEP][PASSED] - ctdc.utilities.runtestcaseforKatalon.clickTab("Object Repository/Canine/Filter/Study/Canine_Filter_Study"): ctdc.utilities.runtestcaseforKatalon.clickTab is PASSED

2021-11-18 20:34:26 - [MESSAGE][PASSED] - ctdc.utilities.runtestcaseforKatalon.clickTab is PASSED

2021-11-18 20:34:26 - [TEST_STEP][PASSED] - waitForElementPresent(findTestObject("Object Repository/Canine/Filter/Study/Canine_Filter_Study-COTC022_Chkbx"), 30): Object 'Object Repository/Canine/Filter/Study/Canine_Filter_Study-COTC022_Chkbx' is present

2021-11-18 20:34:26 - [MESSAGE][PASSED] - Object 'Object Repository/Canine/Filter/Study/Canine_Filter_Study-COTC022_Chkbx' is present

2021-11-18 20:34:26 - [TEST_STEP][PASSED] - ctdc.utilities.runtestcaseforKatalon.clickTabCanineStat("Object Repository/Canine/Filter/Study/Canine_Filter_Study-COTC022_Chkbx"): ctdc.utilities.runtestcaseforKatalon.clickTabCanineStat is PASSED

2021-11-18 20:34:28 - [MESSAGE][PASSED] - ctdc.utilities.runtestcaseforKatalon.clickTabCanineStat is PASSED

2021-11-18 20:34:28 - [TEST_STEP][PASSED] - ctdc.utilities.runtestcaseforKatalon.clickTab("Object Repository/Canine/Filter/Study/Canine_Filter_Study"): ctdc.utilities.runtestcaseforKatalon.clickTab is PASSED

2021-11-18 20:34:28 - [MESSAGE][PASSED] - ctdc.utilities.runtestcaseforKatalon.clickTab is PASSED

2021-11-18 20:34:28 - [TEST_STEP][PASSED] - waitForElementPresent(findTestObject("Object Repository/Canine/Filter/StudyType/Canine_Filter_StudyType"), 30): Object 'Object Repository/Canine/Filter/StudyType/Canine_Filter_StudyType' is present

2021-11-18 20:34:28 - [MESSAGE][PASSED] - Object 'Object Repository/Canine/Filter/StudyType/Canine_Filter_StudyType' is present

2021-11-18 20:34:28 - [TEST_STEP][PASSED] - verifyElementPresent(findTestObject("Object Repository/Canine/Filter/StudyType/Canine_Filter_StudyType"), 5): Object 'Object Repository/Canine/Filter/StudyType/Canine_Filter_StudyType' is present

2021-11-18 20:34:28 - [MESSAGE][PASSED] - Object 'Object Repository/Canine/Filter/StudyType/Canine_Filter_StudyType' is present

2021-11-18 20:34:28 - [TEST_STEP][PASSED] - ctdc.utilities.runtestcaseforKatalon.clickTabCanineStat("Object Repository/Canine/Filter/StudyType/Canine_Filter_StudyType"): ctdc.utilities.runtestcaseforKatalon.clickTabCanineStat is PASSED

2021-11-18 20:34:30 - [MESSAGE][PASSED] - ctdc.utilities.runtestcaseforKatalon.clickTabCanineStat is PASSED

2021-11-18 20:34:30 - [TEST_STEP][PASSED] - waitForElementPresent(findTestObject("Canine/Filter/StudyType/Canine_Filter_StudyType-ClinTrials_Chkbx"), 30): Object 'Object Repository/Canine/Filter/StudyType/Canine_Filter_StudyType-ClinTrials_Chkbx' is present

2021-11-18 20:34:30 - [MESSAGE][PASSED] - Object 'Object Repository/Canine/Filter/StudyType/Canine_Filter_StudyType-ClinTrials_Chkbx' is present

2021-11-18 20:34:30 - [TEST_STEP][PASSED] - verifyElementPresent(findTestObject("Canine/Filter/StudyType/Canine_Filter_StudyType-ClinTrials_Chkbx"), 5): Object 'Object Repository/Canine/Filter/StudyType/Canine_Filter_StudyType-ClinTrials_Chkbx' is present

2021-11-18 20:34:30 - [MESSAGE][PASSED] - Object 'Object Repository/Canine/Filter/StudyType/Canine_Filter_StudyType-ClinTrials_Chkbx' is present

2021-11-18 20:34:30 - [TEST_STEP][PASSED] - ctdc.utilities.runtestcaseforKatalon.clickTabCanineStat("Canine/Filter/StudyType/Canine_Filter_StudyType-ClinTrials_Chkbx"): ctdc.utilities.runtestcaseforKatalon.clickTabCanineStat is PASSED

2021-11-18 20:34:31 - [MESSAGE][PASSED] - ctdc.utilities.runtestcaseforKatalon.clickTabCanineStat is PASSED

2021-11-18 20:34:31 - [TEST_STEP][PASSED] - waitForElementPresent(findTestObject("Object Repository/Canine/Filter/Breed/BREED_Ddn"), 30): Object 'Object Repository/Canine/Filter/Breed/BREED_Ddn' is present

2021-11-18 20:34:31 - [MESSAGE][PASSED] - Object 'Object Repository/Canine/Filter/Breed/BREED_Ddn' is present

2021-11-18 20:34:31 - [TEST_STEP][PASSED] - verifyElementPresent(findTestObject("Object Repository/Canine/Filter/Breed/BREED_Ddn"), 5): Object 'Object Repository/Canine/Filter/Breed/BREED_Ddn' is present

2021-11-18 20:34:31 - [MESSAGE][PASSED] - Object 'Object Repository/Canine/Filter/Breed/BREED_Ddn' is present

2021-11-18 20:34:31 - [TEST_STEP][PASSED] - ctdc.utilities.runtestcaseforKatalon.clickTabCanineStat("Object Repository/Canine/Filter/Breed/BREED_Ddn"): ctdc.utilities.runtestcaseforKatalon.clickTabCanineStat is PASSED

2021-11-18 20:34:33 - [MESSAGE][PASSED] - ctdc.utilities.runtestcaseforKatalon.clickTabCanineStat is PASSED

2021-11-18 20:34:33 - [TEST_STEP][PASSED] - waitForElementPresent(findTestObject("Object Repository/Canine/Filter/Breed/ChowChow_Chkbx"), 30): Object 'Object Repository/Canine/Filter/Breed/ChowChow_Chkbx' is present

2021-11-18 20:34:33 - [MESSAGE][PASSED] - Object 'Object Repository/Canine/Filter/Breed/ChowChow_Chkbx' is present

2021-11-18 20:34:33 - [TEST_STEP][PASSED] - verifyElementPresent(findTestObject("Object Repository/Canine/Filter/Breed/ChowChow_Chkbx"), 5): Object 'Object Repository/Canine/Filter/Breed/ChowChow_Chkbx' is present

2021-11-18 20:34:33 - [MESSAGE][PASSED] - Object 'Object Repository/Canine/Filter/Breed/ChowChow_Chkbx' is present

2021-11-18 20:34:33 - [TEST_STEP][PASSED] - ctdc.utilities.runtestcaseforKatalon.clickTabCanineStat("Object Repository/Canine/Filter/Breed/ChowChow_Chkbx"): ctdc.utilities.runtestcaseforKatalon.clickTabCanineStat is PASSED

2021-11-18 20:34:34 - [MESSAGE][PASSED] - ctdc.utilities.runtestcaseforKatalon.clickTabCanineStat is PASSED

2021-11-18 20:34:34 - [TEST_STEP][PASSED] - delay(3): Delayed 3 second(s)

2021-11-18 20:34:37 - [MESSAGE][PASSED] - Delayed 3 second(s)

2021-11-18 20:34:37 - [TEST_STEP][PASSED] - waitForElementPresent(findTestObject("Object Repository/Canine/Filter/Breed/Labrador_Chkbx"), 30): Object 'Object Repository/Canine/Filter/Breed/Labrador_Chkbx' is present

2021-11-18 20:34:37 - [MESSAGE][PASSED] - Object 'Object Repository/Canine/Filter/Breed/Labrador_Chkbx' is present

2021-11-18 20:34:37 - [TEST_STEP][PASSED] - verifyElementPresent(findTestObject("Object Repository/Canine/Filter/Breed/Labrador_Chkbx"), 5): Object 'Object Repository/Canine/Filter/Breed/Labrador_Chkbx' is present

2021-11-18 20:34:37 - [MESSAGE][PASSED] - Object 'Object Repository/Canine/Filter/Breed/Labrador_Chkbx' is present

2021-11-18 20:34:37 - [TEST_STEP][PASSED] - ctdc.utilities.runtestcaseforKatalon.clickTabCanineStat("Object Repository/Canine/Filter/Breed/Labrador_Chkbx"): ctdc.utilities.runtestcaseforKatalon.clickTabCanineStat is PASSED

2021-11-18 20:34:39 - [MESSAGE][PASSED] - ctdc.utilities.runtestcaseforKatalon.clickTabCanineStat is PASSED

2021-11-18 20:34:39 - [TEST_STEP][PASSED] - ctdc.utilities.runtestcaseforKatalon.clickTabCanineStat("Object Repository/Canine/Filter/Breed/BREED_Ddn"): ctdc.utilities.runtestcaseforKatalon.clickTabCanineStat is PASSED

2021-11-18 20:34:40 - [MESSAGE][PASSED] - ctdc.utilities.runtestcaseforKatalon.clickTabCanineStat is PASSED

2021-11-18 20:34:40 - [TEST_STEP][PASSED] - ctdc.utilities.runtestcaseforKatalon.readStatBarCanine("Object Repository/Canine/StatBar/Canine_StatBar-Studies", "Object Repository/Canine/StatBar/Canine_StatBar-Cases", "Object Repository/Canine/StatBar/Canine_StatBar-Samples", "Object Repository/Canine/StatBar/Canine_StatBar-CaseFiles", "Object Repository/Canine/StatBar/Canine_StatBar-StudyFiles"): ctdc.utilities.runtestcaseforKatalon.readStatBarCanine is PASSED

2021-11-18 20:34:56 - [MESSAGE][PASSED] - ctdc.utilities.runtestcaseforKatalon.readStatBarCanine is PASSED

2021-11-18 20:34:56 - [TEST_STEP][PASSED] - waitForElementPresent(findTestObject("Object Repository/Canine/CanineResults_Cases_Tab"), 30): Object 'Object Repository/Canine/CanineResults_Cases_Tab' is present

2021-11-18 20:34:56 - [MESSAGE][PASSED] - Object 'Object Repository/Canine/CanineResults_Cases_Tab' is present

2021-11-18 20:34:56 - [TEST_STEP][PASSED] - verifyElementPresent(findTestObject("Object Repository/Canine/CanineResults_Cases_Tab"), 5): Object 'Object Repository/Canine/CanineResults_Cases_Tab' is present

2021-11-18 20:34:56 - [MESSAGE][PASSED] - Object 'Object Repository/Canine/CanineResults_Cases_Tab' is present

2021-11-18 20:34:56 - [TEST_STEP][PASSED] - ctdc.utilities.runtestcaseforKatalon.clickTab("Object Repository/Canine/CanineResults_Cases_Tab"): ctdc.utilities.runtestcaseforKatalon.clickTab is PASSED

2021-11-18 20:34:56 - [MESSAGE][PASSED] - ctdc.utilities.runtestcaseforKatalon.clickTab is PASSED

2021-11-18 20:34:56 - [TEST_STEP][PASSED] - ctdc.utilities.runtestcaseforKatalon.multiFunction("ICDC", G_StatBar_Cases, "Object Repository/Canine/Canine_CasesTable", "Object Repository/Canine/Canine_TableHeader", "Object Repository/Canine/Canine_CasesTabNextBtn", G_WebTabnameCases, G_CypherTabnameCases, G_QueryCasesTab): Statbar Studies count matches

2021-11-18 20:35:39 - [MESSAGE][PASSED] - Statbar Case Files count matches

2021-11-18 20:35:39 - [MESSAGE][PASSED] - Statbar Samples count matches

2021-11-18 20:35:39 - [MESSAGE][PASSED] - Statbar Cases count matches

2021-11-18 20:35:39 - [MESSAGE][PASSED] - Statbar Studies count matches

2021-11-18 20:35:39 - [TEST_STEP][PASSED] - waitForElementPresent(findTestObject("Object Repository/Canine/CanineResults_Samples_Tab"), 30): Object 'Object Repository/Canine/CanineResults_Samples_Tab' is present

2021-11-18 20:35:39 - [MESSAGE][PASSED] - Object 'Object Repository/Canine/CanineResults_Samples_Tab' is present

2021-11-18 20:35:39 - [TEST_STEP][PASSED] - verifyElementPresent(findTestObject("Object Repository/Canine/CanineResults_Samples_Tab"), 5): Object 'Object Repository/Canine/CanineResults_Samples_Tab' is present

2021-11-18 20:35:40 - [MESSAGE][PASSED] - Object 'Object Repository/Canine/CanineResults_Samples_Tab' is present

2021-11-18 20:35:40 - [TEST_STEP][PASSED] - ctdc.utilities.runtestcaseforKatalon.clickTab("Object Repository/Canine/CanineResults_Samples_Tab"): ctdc.utilities.runtestcaseforKatalon.clickTab is PASSED

2021-11-18 20:35:40 - [MESSAGE][PASSED] - ctdc.utilities.runtestcaseforKatalon.clickTab is PASSED

2021-11-18 20:35:40 - [TEST_STEP][PASSED] - ctdc.utilities.runtestcaseforKatalon.multiFunction("ICDC", G_StatBar_Samples, "Object Repository/Canine/Canine_Samples_Table", "Object Repository/Canine/Canine_Samples_TableHdr", "Object Repository/Canine/Canine_SamplesTabNextBtn", G_WebTabnameSamples, G_CypherTabnameSamples, G_QuerySamplesTab): Statbar Studies count matches

2021-11-18 20:35:55 - [MESSAGE][PASSED] - Statbar Case Files count matches

2021-11-18 20:35:55 - [MESSAGE][PASSED] - Statbar Samples count matches

2021-11-18 20:35:55 - [MESSAGE][PASSED] - Statbar Cases count matches

2021-11-18 20:35:55 - [MESSAGE][PASSED] - Statbar Studies count matches

2021-11-18 20:35:55 - [TEST_STEP][PASSED] - waitForElementPresent(findTestObject("Canine/CanineResults_CaseFiles_Tab"), 30): Object 'Object Repository/Canine/CanineResults_CaseFiles_Tab' is present

2021-11-18 20:35:56 - [MESSAGE][PASSED] - Object 'Object Repository/Canine/CanineResults_CaseFiles_Tab' is present

2021-11-18 20:35:56 - [TEST_STEP][PASSED] - verifyElementPresent(findTestObject("Canine/CanineResults_CaseFiles_Tab"), 5): Object 'Object Repository/Canine/CanineResults_CaseFiles_Tab' is present

2021-11-18 20:35:56 - [MESSAGE][PASSED] - Object 'Object Repository/Canine/CanineResults_CaseFiles_Tab' is present

2021-11-18 20:35:56 - [TEST_STEP][PASSED] - ctdc.utilities.runtestcaseforKatalon.clickTab("Object Repository/Canine/CanineResults_CaseFiles_Tab"): ctdc.utilities.runtestcaseforKatalon.clickTab is PASSED

2021-11-18 20:35:56 - [MESSAGE][PASSED] - ctdc.utilities.runtestcaseforKatalon.clickTab is PASSED

2021-11-18 20:35:56 - [TEST_STEP][PASSED] - ctdc.utilities.runtestcaseforKatalon.multiFunction("ICDC", G_StatBar_Files, "Object Repository/Canine/Canine_Files_Table", "Object Repository/Canine/Canine_Files_TableHdr", "Object Repository/Canine/Canine_FilesTabNextBtn", G_WebTabnameFiles, G_CypherTabnameFiles, G_QueryFilesTab): Statbar Studies count matches

2021-11-18 20:36:11 - [MESSAGE][PASSED] - Statbar Case Files count matches

2021-11-18 20:36:11 - [MESSAGE][PASSED] - Statbar Samples count matches

2021-11-18 20:36:11 - [MESSAGE][PASSED] - Statbar Cases count matches

2021-11-18 20:36:11 - [MESSAGE][PASSED] - Statbar Studies count matches]]></system-out>
         <system-err><![CDATA[]]></system-err>
      </testcase>
      <testcase name="Test Cases/Canine_TestCases/StudyCombinations/Study-Combinations-COTC022/TC05_Canine_StudyCOTC022-Breed_RespToTrmt_Sex" time="101.538" classname="Test Cases/Canine_TestCases/StudyCombinations/Study-Combinations-COTC022/TC05_Canine_StudyCOTC022-Breed_RespToTrmt_Sex" status="PASSED">
         <system-out><![CDATA[2021-11-18 20:36:11 - [TEST_CASE][PASSED] - Test Cases/Canine_TestCases/StudyCombinations/Study-Combinations-COTC022/TC05_Canine_StudyCOTC022-Breed_RespToTrmt_Sex: Test Cases/Canine_TestCases/StudyCombinations/Study-Combinations-COTC022/TC05_Canine_StudyCOTC022-Breed_RespToTrmt_Sex

2021-11-18 20:36:11 - [TEST_STEP][PASSED] - Start listener action : getTestScriptName: null

2021-11-18 20:36:11 - [TEST_STEP][PASSED] - TestCaseId = testCaseContext.getTestCaseId(): null

2021-11-18 20:36:11 - [TEST_STEP][PASSED] - out.println("**********this is the value of test case id string******** " + testCaseContext.getTestCaseId()): null

2021-11-18 20:36:11 - [TEST_STEP][PASSED] - G_currentTCName = TestCaseId.substring(TestCaseId.lastIndexOf("TC")): null

2021-11-18 20:36:11 - [TEST_STEP][PASSED] - out.println("This is the test case name : " + G_currentTCName): null

2021-11-18 20:36:12 - [TEST_STEP][PASSED] - closeBrowser(): Browser is closed

2021-11-18 20:36:13 - [MESSAGE][PASSED] - Browser is closed

2021-11-18 20:36:13 - [TEST_STEP][PASSED] - ctdc.utilities.runtestcaseforKatalon.RunKatalon("TC05_Canine_StudyCOTC022-Breed_RespToTrmt_Sex.xlsx"): Data loaded from input file for the test case. 

2021-11-18 20:36:13 - [MESSAGE][PASSED] - Test case file loaded This is the full filepath after converting to string :C:\Users\radhakrishnang2\Commons_Automation\InputFiles\TC05_Canine_StudyCOTC022-Breed_RespToTrmt_Sex.xlsx

2021-11-18 20:36:13 - [MESSAGE][INFO] - Global variable set for password file is :  C:\Users\radhakrishnang2\Commons_Automation\InputFiles\TC05_Canine_StudyCOTC022-Breed_RespToTrmt_Sex.xlsx

2021-11-18 20:36:17 - [MESSAGE][PASSED] - Data loaded from input file for the test case. 

2021-11-18 20:36:24 - [TEST_STEP][PASSED] - ctdc.utilities.runtestcaseforKatalon.clickTab("Object Repository/Canine/Canine_PopUp_Continue_Btn"): ctdc.utilities.runtestcaseforKatalon.clickTab is PASSED

2021-11-18 20:36:24 - [MESSAGE][PASSED] - ctdc.utilities.runtestcaseforKatalon.clickTab is PASSED

2021-11-18 20:36:24 - [TEST_STEP][PASSED] - out.println("Closed the popup window"): null

2021-11-18 20:36:24 - [TEST_STEP][PASSED] - waitForElementPresent(findTestObject("Canine/NavBar/Canine_Cases_Btn"), 20): Object 'Object Repository/Canine/NavBar/Canine_Cases_Btn' is present

2021-11-18 20:36:24 - [MESSAGE][PASSED] - Object 'Object Repository/Canine/NavBar/Canine_Cases_Btn' is present

2021-11-18 20:36:24 - [TEST_STEP][PASSED] - ctdc.utilities.runtestcaseforKatalon.clickTab("Canine/NavBar/Canine_Cases_Btn"): ctdc.utilities.runtestcaseforKatalon.clickTab is PASSED

2021-11-18 20:36:24 - [MESSAGE][PASSED] - ctdc.utilities.runtestcaseforKatalon.clickTab is PASSED

2021-11-18 20:36:24 - [TEST_STEP][PASSED] - waitForElementPresent(findTestObject("Object Repository/Canine/Filter/FilterByCases_Facet"), 20): Object 'Object Repository/Canine/Filter/FilterByCases_Facet' is present

2021-11-18 20:36:25 - [MESSAGE][PASSED] - Object 'Object Repository/Canine/Filter/FilterByCases_Facet' is present

2021-11-18 20:36:25 - [TEST_STEP][PASSED] - ctdc.utilities.runtestcaseforKatalon.clickTab("Object Repository/Canine/Filter/FilterByCases_Facet"): ctdc.utilities.runtestcaseforKatalon.clickTab is PASSED

2021-11-18 20:36:26 - [MESSAGE][PASSED] - ctdc.utilities.runtestcaseforKatalon.clickTab is PASSED

2021-11-18 20:36:26 - [TEST_STEP][PASSED] - waitForElementPresent(findTestObject("Object Repository/Canine/Filter/Study/Canine_Filter_Study"), 30): Object 'Object Repository/Canine/Filter/Study/Canine_Filter_Study' is present

2021-11-18 20:36:26 - [MESSAGE][PASSED] - Object 'Object Repository/Canine/Filter/Study/Canine_Filter_Study' is present

2021-11-18 20:36:26 - [TEST_STEP][PASSED] - ctdc.utilities.runtestcaseforKatalon.clickTab("Object Repository/Canine/Filter/Study/Canine_Filter_Study"): ctdc.utilities.runtestcaseforKatalon.clickTab is PASSED

2021-11-18 20:36:27 - [MESSAGE][PASSED] - ctdc.utilities.runtestcaseforKatalon.clickTab is PASSED

2021-11-18 20:36:27 - [TEST_STEP][PASSED] - waitForElementPresent(findTestObject("Object Repository/Canine/Filter/Study/Canine_Filter_Study-COTC022_Chkbx"), 30): Object 'Object Repository/Canine/Filter/Study/Canine_Filter_Study-COTC022_Chkbx' is present

2021-11-18 20:36:27 - [MESSAGE][PASSED] - Object 'Object Repository/Canine/Filter/Study/Canine_Filter_Study-COTC022_Chkbx' is present

2021-11-18 20:36:27 - [TEST_STEP][PASSED] - ctdc.utilities.runtestcaseforKatalon.clickTabCanineStat("Object Repository/Canine/Filter/Study/Canine_Filter_Study-COTC022_Chkbx"): ctdc.utilities.runtestcaseforKatalon.clickTabCanineStat is PASSED

2021-11-18 20:36:28 - [MESSAGE][PASSED] - ctdc.utilities.runtestcaseforKatalon.clickTabCanineStat is PASSED

2021-11-18 20:36:28 - [TEST_STEP][PASSED] - ctdc.utilities.runtestcaseforKatalon.clickTab("Object Repository/Canine/Filter/Study/Canine_Filter_Study"): ctdc.utilities.runtestcaseforKatalon.clickTab is PASSED

2021-11-18 20:36:28 - [MESSAGE][PASSED] - ctdc.utilities.runtestcaseforKatalon.clickTab is PASSED

2021-11-18 20:36:28 - [TEST_STEP][PASSED] - waitForElementPresent(findTestObject("Object Repository/Canine/Filter/Breed/BREED_Ddn"), 30): Object 'Object Repository/Canine/Filter/Breed/BREED_Ddn' is present

2021-11-18 20:36:29 - [MESSAGE][PASSED] - Object 'Object Repository/Canine/Filter/Breed/BREED_Ddn' is present

2021-11-18 20:36:29 - [TEST_STEP][PASSED] - verifyElementPresent(findTestObject("Object Repository/Canine/Filter/Breed/BREED_Ddn"), 5): Object 'Object Repository/Canine/Filter/Breed/BREED_Ddn' is present

2021-11-18 20:36:29 - [MESSAGE][PASSED] - Object 'Object Repository/Canine/Filter/Breed/BREED_Ddn' is present

2021-11-18 20:36:29 - [TEST_STEP][PASSED] - ctdc.utilities.runtestcaseforKatalon.clickTabCanineStat("Object Repository/Canine/Filter/Breed/BREED_Ddn"): ctdc.utilities.runtestcaseforKatalon.clickTabCanineStat is PASSED

2021-11-18 20:36:30 - [MESSAGE][PASSED] - ctdc.utilities.runtestcaseforKatalon.clickTabCanineStat is PASSED

2021-11-18 20:36:30 - [TEST_STEP][PASSED] - waitForElementPresent(findTestObject("Object Repository/Canine/Filter/Breed/GreatPyrenees_Chkbx"), 30): Object 'Object Repository/Canine/Filter/Breed/GreatPyrenees_Chkbx' is present

2021-11-18 20:36:30 - [MESSAGE][PASSED] - Object 'Object Repository/Canine/Filter/Breed/GreatPyrenees_Chkbx' is present

2021-11-18 20:36:30 - [TEST_STEP][PASSED] - verifyElementPresent(findTestObject("Object Repository/Canine/Filter/Breed/GreatPyrenees_Chkbx"), 5): Object 'Object Repository/Canine/Filter/Breed/GreatPyrenees_Chkbx' is present

2021-11-18 20:36:30 - [MESSAGE][PASSED] - Object 'Object Repository/Canine/Filter/Breed/GreatPyrenees_Chkbx' is present

2021-11-18 20:36:30 - [TEST_STEP][PASSED] - ctdc.utilities.runtestcaseforKatalon.clickTabCanineStat("Object Repository/Canine/Filter/Breed/GreatPyrenees_Chkbx"): ctdc.utilities.runtestcaseforKatalon.clickTabCanineStat is PASSED

2021-11-18 20:36:31 - [MESSAGE][PASSED] - ctdc.utilities.runtestcaseforKatalon.clickTabCanineStat is PASSED

2021-11-18 20:36:31 - [TEST_STEP][PASSED] - delay(3): Delayed 3 second(s)

2021-11-18 20:36:34 - [MESSAGE][PASSED] - Delayed 3 second(s)

2021-11-18 20:36:34 - [TEST_STEP][PASSED] - waitForElementPresent(findTestObject("Object Repository/Canine/Filter/Breed/SaintBnd_Chkbx"), 30): Object 'Object Repository/Canine/Filter/Breed/SaintBnd_Chkbx' is present

2021-11-18 20:36:34 - [MESSAGE][PASSED] - Object 'Object Repository/Canine/Filter/Breed/SaintBnd_Chkbx' is present

2021-11-18 20:36:34 - [TEST_STEP][PASSED] - verifyElementPresent(findTestObject("Object Repository/Canine/Filter/Breed/SaintBnd_Chkbx"), 5): Object 'Object Repository/Canine/Filter/Breed/SaintBnd_Chkbx' is present

2021-11-18 20:36:35 - [MESSAGE][PASSED] - Object 'Object Repository/Canine/Filter/Breed/SaintBnd_Chkbx' is present

2021-11-18 20:36:35 - [TEST_STEP][PASSED] - ctdc.utilities.runtestcaseforKatalon.clickTabCanineStat("Object Repository/Canine/Filter/Breed/SaintBnd_Chkbx"): ctdc.utilities.runtestcaseforKatalon.clickTabCanineStat is PASSED

2021-11-18 20:36:36 - [MESSAGE][PASSED] - ctdc.utilities.runtestcaseforKatalon.clickTabCanineStat is PASSED

2021-11-18 20:36:36 - [TEST_STEP][PASSED] - delay(3): Delayed 3 second(s)

2021-11-18 20:36:39 - [MESSAGE][PASSED] - Delayed 3 second(s)

2021-11-18 20:36:39 - [TEST_STEP][PASSED] - waitForElementPresent(findTestObject("Object Repository/Canine/Filter/Breed/SiberianHusky_Chkbx"), 30): Object 'Object Repository/Canine/Filter/Breed/SiberianHusky_Chkbx' is present

2021-11-18 20:36:39 - [MESSAGE][PASSED] - Object 'Object Repository/Canine/Filter/Breed/SiberianHusky_Chkbx' is present

2021-11-18 20:36:39 - [TEST_STEP][PASSED] - verifyElementPresent(findTestObject("Object Repository/Canine/Filter/Breed/SiberianHusky_Chkbx"), 5): Object 'Object Repository/Canine/Filter/Breed/SiberianHusky_Chkbx' is present

2021-11-18 20:36:39 - [MESSAGE][PASSED] - Object 'Object Repository/Canine/Filter/Breed/SiberianHusky_Chkbx' is present

2021-11-18 20:36:39 - [TEST_STEP][PASSED] - ctdc.utilities.runtestcaseforKatalon.clickTabCanineStat("Object Repository/Canine/Filter/Breed/SiberianHusky_Chkbx"): ctdc.utilities.runtestcaseforKatalon.clickTabCanineStat is PASSED

2021-11-18 20:36:40 - [MESSAGE][PASSED] - ctdc.utilities.runtestcaseforKatalon.clickTabCanineStat is PASSED

2021-11-18 20:36:40 - [TEST_STEP][PASSED] - ctdc.utilities.runtestcaseforKatalon.clickTabCanineStat("Object Repository/Canine/Filter/Breed/BREED_Ddn"): ctdc.utilities.runtestcaseforKatalon.clickTabCanineStat is PASSED

2021-11-18 20:36:41 - [MESSAGE][PASSED] - ctdc.utilities.runtestcaseforKatalon.clickTabCanineStat is PASSED

2021-11-18 20:36:41 - [TEST_STEP][PASSED] - waitForElementPresent(findTestObject("Object Repository/Canine/Filter/ResponseToTreatment/RESPONSETOTREATMENT_Ddn"), 30): Object 'Object Repository/Canine/Filter/ResponseToTreatment/RESPONSETOTREATMENT_Ddn' is present

2021-11-18 20:36:42 - [MESSAGE][PASSED] - Object 'Object Repository/Canine/Filter/ResponseToTreatment/RESPONSETOTREATMENT_Ddn' is present

2021-11-18 20:36:42 - [TEST_STEP][PASSED] - verifyElementPresent(findTestObject("Object Repository/Canine/Filter/ResponseToTreatment/RESPONSETOTREATMENT_Ddn"), 5): Object 'Object Repository/Canine/Filter/ResponseToTreatment/RESPONSETOTREATMENT_Ddn' is present

2021-11-18 20:36:42 - [MESSAGE][PASSED] - Object 'Object Repository/Canine/Filter/ResponseToTreatment/RESPONSETOTREATMENT_Ddn' is present

2021-11-18 20:36:42 - [TEST_STEP][PASSED] - ctdc.utilities.runtestcaseforKatalon.clickTabCanineStat("Object Repository/Canine/Filter/ResponseToTreatment/RESPONSETOTREATMENT_Ddn"): ctdc.utilities.runtestcaseforKatalon.clickTabCanineStat is PASSED

2021-11-18 20:36:43 - [MESSAGE][PASSED] - ctdc.utilities.runtestcaseforKatalon.clickTabCanineStat is PASSED

2021-11-18 20:36:43 - [TEST_STEP][PASSED] - waitForElementPresent(findTestObject("Canine/Filter/ResponseToTreatment/CompResponse_Chkbx"), 30): Object 'Object Repository/Canine/Filter/ResponseToTreatment/CompResponse_Chkbx' is present

2021-11-18 20:36:43 - [MESSAGE][PASSED] - Object 'Object Repository/Canine/Filter/ResponseToTreatment/CompResponse_Chkbx' is present

2021-11-18 20:36:43 - [TEST_STEP][PASSED] - verifyElementPresent(findTestObject("Canine/Filter/ResponseToTreatment/CompResponse_Chkbx"), 5): Object 'Object Repository/Canine/Filter/ResponseToTreatment/CompResponse_Chkbx' is present

2021-11-18 20:36:43 - [MESSAGE][PASSED] - Object 'Object Repository/Canine/Filter/ResponseToTreatment/CompResponse_Chkbx' is present

2021-11-18 20:36:43 - [TEST_STEP][PASSED] - ctdc.utilities.runtestcaseforKatalon.clickTabCanineStat("Canine/Filter/ResponseToTreatment/CompResponse_Chkbx"): ctdc.utilities.runtestcaseforKatalon.clickTabCanineStat is PASSED

2021-11-18 20:36:44 - [MESSAGE][PASSED] - ctdc.utilities.runtestcaseforKatalon.clickTabCanineStat is PASSED

2021-11-18 20:36:44 - [TEST_STEP][PASSED] - ctdc.utilities.runtestcaseforKatalon.clickTabCanineStat("Canine/Filter/ResponseToTreatment/RESPONSETOTREATMENT_Ddn"): ctdc.utilities.runtestcaseforKatalon.clickTabCanineStat is PASSED

2021-11-18 20:36:45 - [MESSAGE][PASSED] - ctdc.utilities.runtestcaseforKatalon.clickTabCanineStat is PASSED

2021-11-18 20:36:45 - [TEST_STEP][PASSED] - waitForElementPresent(findTestObject("Object Repository/Canine/Filter/Sex/SEX_Ddn"), 30): Object 'Object Repository/Canine/Filter/Sex/SEX_Ddn' is present

2021-11-18 20:36:45 - [MESSAGE][PASSED] - Object 'Object Repository/Canine/Filter/Sex/SEX_Ddn' is present

2021-11-18 20:36:45 - [TEST_STEP][PASSED] - verifyElementPresent(findTestObject("Object Repository/Canine/Filter/Sex/SEX_Ddn"), 5): Object 'Object Repository/Canine/Filter/Sex/SEX_Ddn' is present

2021-11-18 20:36:46 - [MESSAGE][PASSED] - Object 'Object Repository/Canine/Filter/Sex/SEX_Ddn' is present

2021-11-18 20:36:46 - [TEST_STEP][PASSED] - ctdc.utilities.runtestcaseforKatalon.clickTabCanineStat("Object Repository/Canine/Filter/Sex/SEX_Ddn"): ctdc.utilities.runtestcaseforKatalon.clickTabCanineStat is PASSED

2021-11-18 20:36:47 - [MESSAGE][PASSED] - ctdc.utilities.runtestcaseforKatalon.clickTabCanineStat is PASSED

2021-11-18 20:36:47 - [TEST_STEP][PASSED] - waitForElementPresent(findTestObject("Canine/Filter/Sex/Female_Chkbx"), 30): Object 'Object Repository/Canine/Filter/Sex/Female_Chkbx' is present

2021-11-18 20:36:47 - [MESSAGE][PASSED] - Object 'Object Repository/Canine/Filter/Sex/Female_Chkbx' is present

2021-11-18 20:36:47 - [TEST_STEP][PASSED] - verifyElementPresent(findTestObject("Canine/Filter/Sex/Female_Chkbx"), 5): Object 'Object Repository/Canine/Filter/Sex/Female_Chkbx' is present

2021-11-18 20:36:47 - [MESSAGE][PASSED] - Object 'Object Repository/Canine/Filter/Sex/Female_Chkbx' is present

2021-11-18 20:36:47 - [TEST_STEP][PASSED] - ctdc.utilities.runtestcaseforKatalon.clickTabCanineStat("Canine/Filter/Sex/Female_Chkbx"): ctdc.utilities.runtestcaseforKatalon.clickTabCanineStat is PASSED

2021-11-18 20:36:48 - [MESSAGE][PASSED] - ctdc.utilities.runtestcaseforKatalon.clickTabCanineStat is PASSED

2021-11-18 20:36:48 - [TEST_STEP][PASSED] - ctdc.utilities.runtestcaseforKatalon.clickTabCanineStat("Canine/Filter/Sex/SEX_Ddn"): ctdc.utilities.runtestcaseforKatalon.clickTabCanineStat is PASSED

2021-11-18 20:36:49 - [MESSAGE][PASSED] - ctdc.utilities.runtestcaseforKatalon.clickTabCanineStat is PASSED

2021-11-18 20:36:49 - [TEST_STEP][PASSED] - ctdc.utilities.runtestcaseforKatalon.readStatBarCanine("Object Repository/Canine/StatBar/Canine_StatBar-Studies", "Object Repository/Canine/StatBar/Canine_StatBar-Cases", "Object Repository/Canine/StatBar/Canine_StatBar-Samples", "Object Repository/Canine/StatBar/Canine_StatBar-CaseFiles", "Object Repository/Canine/StatBar/Canine_StatBar-StudyFiles"): ctdc.utilities.runtestcaseforKatalon.readStatBarCanine is PASSED

2021-11-18 20:37:05 - [MESSAGE][PASSED] - ctdc.utilities.runtestcaseforKatalon.readStatBarCanine is PASSED

2021-11-18 20:37:05 - [TEST_STEP][PASSED] - waitForElementPresent(findTestObject("Object Repository/Canine/CanineResults_Cases_Tab"), 30): Object 'Object Repository/Canine/CanineResults_Cases_Tab' is present

2021-11-18 20:37:05 - [MESSAGE][PASSED] - Object 'Object Repository/Canine/CanineResults_Cases_Tab' is present

2021-11-18 20:37:05 - [TEST_STEP][PASSED] - verifyElementPresent(findTestObject("Object Repository/Canine/CanineResults_Cases_Tab"), 5): Object 'Object Repository/Canine/CanineResults_Cases_Tab' is present

2021-11-18 20:37:05 - [MESSAGE][PASSED] - Object 'Object Repository/Canine/CanineResults_Cases_Tab' is present

2021-11-18 20:37:05 - [TEST_STEP][PASSED] - ctdc.utilities.runtestcaseforKatalon.clickTab("Object Repository/Canine/CanineResults_Cases_Tab"): ctdc.utilities.runtestcaseforKatalon.clickTab is PASSED

2021-11-18 20:37:05 - [MESSAGE][PASSED] - ctdc.utilities.runtestcaseforKatalon.clickTab is PASSED

2021-11-18 20:37:05 - [TEST_STEP][PASSED] - ctdc.utilities.runtestcaseforKatalon.multiFunction("ICDC", G_StatBar_Cases, "Object Repository/Canine/Canine_CasesTable", "Object Repository/Canine/Canine_TableHeader", "Object Repository/Canine/Canine_CasesTabNextBtn", G_WebTabnameCases, G_CypherTabnameCases, G_QueryCasesTab): Statbar Studies count matches

2021-11-18 20:37:21 - [MESSAGE][PASSED] - Statbar Case Files count matches

2021-11-18 20:37:21 - [MESSAGE][PASSED] - Statbar Samples count matches

2021-11-18 20:37:21 - [MESSAGE][PASSED] - Statbar Cases count matches

2021-11-18 20:37:21 - [MESSAGE][PASSED] - Statbar Studies count matches

2021-11-18 20:37:21 - [TEST_STEP][PASSED] - waitForElementPresent(findTestObject("Object Repository/Canine/CanineResults_Samples_Tab"), 30): Object 'Object Repository/Canine/CanineResults_Samples_Tab' is present

2021-11-18 20:37:22 - [MESSAGE][PASSED] - Object 'Object Repository/Canine/CanineResults_Samples_Tab' is present

2021-11-18 20:37:22 - [TEST_STEP][PASSED] - verifyElementPresent(findTestObject("Object Repository/Canine/CanineResults_Samples_Tab"), 5): Object 'Object Repository/Canine/CanineResults_Samples_Tab' is present

2021-11-18 20:37:22 - [MESSAGE][PASSED] - Object 'Object Repository/Canine/CanineResults_Samples_Tab' is present

2021-11-18 20:37:22 - [TEST_STEP][PASSED] - ctdc.utilities.runtestcaseforKatalon.clickTab("Object Repository/Canine/CanineResults_Samples_Tab"): ctdc.utilities.runtestcaseforKatalon.clickTab is PASSED

2021-11-18 20:37:22 - [MESSAGE][PASSED] - ctdc.utilities.runtestcaseforKatalon.clickTab is PASSED

2021-11-18 20:37:22 - [TEST_STEP][PASSED] - ctdc.utilities.runtestcaseforKatalon.multiFunction("ICDC", G_StatBar_Samples, "Object Repository/Canine/Canine_Samples_Table", "Object Repository/Canine/Canine_Samples_TableHdr", "Object Repository/Canine/Canine_SamplesTabNextBtn", G_WebTabnameSamples, G_CypherTabnameSamples, G_QuerySamplesTab): Statbar Studies count matches

2021-11-18 20:37:37 - [MESSAGE][PASSED] - Statbar Case Files count matches

2021-11-18 20:37:37 - [MESSAGE][PASSED] - Statbar Samples count matches

2021-11-18 20:37:37 - [MESSAGE][PASSED] - Statbar Cases count matches

2021-11-18 20:37:37 - [MESSAGE][PASSED] - Statbar Studies count matches

2021-11-18 20:37:37 - [TEST_STEP][PASSED] - waitForElementPresent(findTestObject("Canine/CanineResults_CaseFiles_Tab"), 30): Object 'Object Repository/Canine/CanineResults_CaseFiles_Tab' is present

2021-11-18 20:37:37 - [MESSAGE][PASSED] - Object 'Object Repository/Canine/CanineResults_CaseFiles_Tab' is present

2021-11-18 20:37:37 - [TEST_STEP][PASSED] - verifyElementPresent(findTestObject("Canine/CanineResults_CaseFiles_Tab"), 5): Object 'Object Repository/Canine/CanineResults_CaseFiles_Tab' is present

2021-11-18 20:37:37 - [MESSAGE][PASSED] - Object 'Object Repository/Canine/CanineResults_CaseFiles_Tab' is present

2021-11-18 20:37:37 - [TEST_STEP][PASSED] - ctdc.utilities.runtestcaseforKatalon.clickTab("Object Repository/Canine/CanineResults_CaseFiles_Tab"): ctdc.utilities.runtestcaseforKatalon.clickTab is PASSED

2021-11-18 20:37:38 - [MESSAGE][PASSED] - ctdc.utilities.runtestcaseforKatalon.clickTab is PASSED

2021-11-18 20:37:38 - [TEST_STEP][PASSED] - ctdc.utilities.runtestcaseforKatalon.multiFunction("ICDC", G_StatBar_Files, "Object Repository/Canine/Canine_Files_Table", "Object Repository/Canine/Canine_Files_TableHdr", "Object Repository/Canine/Canine_FilesTabNextBtn", G_WebTabnameFiles, G_CypherTabnameFiles, G_QueryFilesTab): Statbar Studies count matches

2021-11-18 20:37:53 - [MESSAGE][PASSED] - Statbar Case Files count matches

2021-11-18 20:37:53 - [MESSAGE][PASSED] - Statbar Samples count matches

2021-11-18 20:37:53 - [MESSAGE][PASSED] - Statbar Cases count matches

2021-11-18 20:37:53 - [MESSAGE][PASSED] - Statbar Studies count matches]]></system-out>
         <system-err><![CDATA[]]></system-err>
      </testcase>
      <testcase name="Test Cases/Canine_TestCases/StudyCombinations/Study-Combinations-COTC022/TC07_Canine_StudyCOTC022-PrimDisSite_StageOfDisease" time="89.987" classname="Test Cases/Canine_TestCases/StudyCombinations/Study-Combinations-COTC022/TC07_Canine_StudyCOTC022-PrimDisSite_StageOfDisease" status="PASSED">
         <system-out><![CDATA[2021-11-18 20:37:53 - [TEST_CASE][PASSED] - Test Cases/Canine_TestCases/StudyCombinations/Study-Combinations-COTC022/TC07_Canine_StudyCOTC022-PrimDisSite_StageOfDisease: Test Cases/Canine_TestCases/StudyCombinations/Study-Combinations-COTC022/TC07_Canine_StudyCOTC022-PrimDisSite_StageOfDisease

2021-11-18 20:37:53 - [TEST_STEP][PASSED] - Start listener action : getTestScriptName: null

2021-11-18 20:37:53 - [TEST_STEP][PASSED] - TestCaseId = testCaseContext.getTestCaseId(): null

2021-11-18 20:37:53 - [TEST_STEP][PASSED] - out.println("**********this is the value of test case id string******** " + testCaseContext.getTestCaseId()): null

2021-11-18 20:37:53 - [TEST_STEP][PASSED] - G_currentTCName = TestCaseId.substring(TestCaseId.lastIndexOf("TC")): null

2021-11-18 20:37:53 - [TEST_STEP][PASSED] - out.println("This is the test case name : " + G_currentTCName): null

2021-11-18 20:37:54 - [TEST_STEP][PASSED] - closeBrowser(): Browser is closed

2021-11-18 20:37:54 - [MESSAGE][PASSED] - Browser is closed

2021-11-18 20:37:54 - [TEST_STEP][PASSED] - ctdc.utilities.runtestcaseforKatalon.RunKatalon("TC07_Canine_StudyCOTC022-PrimDisSite_StageOfDisease.xlsx"): Data loaded from input file for the test case. 

2021-11-18 20:37:54 - [MESSAGE][PASSED] - Test case file loaded This is the full filepath after converting to string :C:\Users\radhakrishnang2\Commons_Automation\InputFiles\TC07_Canine_StudyCOTC022-PrimDisSite_StageOfDisease.xlsx

2021-11-18 20:37:54 - [MESSAGE][INFO] - Global variable set for password file is :  C:\Users\radhakrishnang2\Commons_Automation\InputFiles\TC07_Canine_StudyCOTC022-PrimDisSite_StageOfDisease.xlsx

2021-11-18 20:37:58 - [MESSAGE][PASSED] - Data loaded from input file for the test case. 

2021-11-18 20:38:06 - [TEST_STEP][PASSED] - ctdc.utilities.runtestcaseforKatalon.clickTab("Object Repository/Canine/Canine_PopUp_Continue_Btn"): ctdc.utilities.runtestcaseforKatalon.clickTab is PASSED

2021-11-18 20:38:06 - [MESSAGE][PASSED] - ctdc.utilities.runtestcaseforKatalon.clickTab is PASSED

2021-11-18 20:38:06 - [TEST_STEP][PASSED] - out.println("Closed the popup window"): null

2021-11-18 20:38:06 - [TEST_STEP][PASSED] - waitForElementPresent(findTestObject("Canine/NavBar/Canine_Cases_Btn"), 20): Object 'Object Repository/Canine/NavBar/Canine_Cases_Btn' is present

2021-11-18 20:38:06 - [MESSAGE][PASSED] - Object 'Object Repository/Canine/NavBar/Canine_Cases_Btn' is present

2021-11-18 20:38:06 - [TEST_STEP][PASSED] - ctdc.utilities.runtestcaseforKatalon.clickTab("Canine/NavBar/Canine_Cases_Btn"): ctdc.utilities.runtestcaseforKatalon.clickTab is PASSED

2021-11-18 20:38:07 - [MESSAGE][PASSED] - ctdc.utilities.runtestcaseforKatalon.clickTab is PASSED

2021-11-18 20:38:07 - [TEST_STEP][PASSED] - waitForElementPresent(findTestObject("Object Repository/Canine/Filter/FilterByCases_Facet"), 20): Object 'Object Repository/Canine/Filter/FilterByCases_Facet' is present

2021-11-18 20:38:08 - [MESSAGE][PASSED] - Object 'Object Repository/Canine/Filter/FilterByCases_Facet' is present

2021-11-18 20:38:08 - [TEST_STEP][PASSED] - ctdc.utilities.runtestcaseforKatalon.clickTab("Object Repository/Canine/Filter/FilterByCases_Facet"): ctdc.utilities.runtestcaseforKatalon.clickTab is PASSED

2021-11-18 20:38:08 - [MESSAGE][PASSED] - ctdc.utilities.runtestcaseforKatalon.clickTab is PASSED

2021-11-18 20:38:08 - [TEST_STEP][PASSED] - waitForElementPresent(findTestObject("Object Repository/Canine/Filter/Study/Canine_Filter_Study"), 30): Object 'Object Repository/Canine/Filter/Study/Canine_Filter_Study' is present

2021-11-18 20:38:08 - [MESSAGE][PASSED] - Object 'Object Repository/Canine/Filter/Study/Canine_Filter_Study' is present

2021-11-18 20:38:08 - [TEST_STEP][PASSED] - ctdc.utilities.runtestcaseforKatalon.clickTab("Object Repository/Canine/Filter/Study/Canine_Filter_Study"): ctdc.utilities.runtestcaseforKatalon.clickTab is PASSED

2021-11-18 20:38:09 - [MESSAGE][PASSED] - ctdc.utilities.runtestcaseforKatalon.clickTab is PASSED

2021-11-18 20:38:09 - [TEST_STEP][PASSED] - waitForElementPresent(findTestObject("Object Repository/Canine/Filter/Study/Canine_Filter_Study-COTC022_Chkbx"), 30): Object 'Object Repository/Canine/Filter/Study/Canine_Filter_Study-COTC022_Chkbx' is present

2021-11-18 20:38:09 - [MESSAGE][PASSED] - Object 'Object Repository/Canine/Filter/Study/Canine_Filter_Study-COTC022_Chkbx' is present

2021-11-18 20:38:09 - [TEST_STEP][PASSED] - ctdc.utilities.runtestcaseforKatalon.clickTabCanineStat("Object Repository/Canine/Filter/Study/Canine_Filter_Study-COTC022_Chkbx"): ctdc.utilities.runtestcaseforKatalon.clickTabCanineStat is PASSED

2021-11-18 20:38:11 - [MESSAGE][PASSED] - ctdc.utilities.runtestcaseforKatalon.clickTabCanineStat is PASSED

2021-11-18 20:38:11 - [TEST_STEP][PASSED] - ctdc.utilities.runtestcaseforKatalon.clickTab("Object Repository/Canine/Filter/Study/Canine_Filter_Study"): ctdc.utilities.runtestcaseforKatalon.clickTab is PASSED

2021-11-18 20:38:11 - [MESSAGE][PASSED] - ctdc.utilities.runtestcaseforKatalon.clickTab is PASSED

2021-11-18 20:38:11 - [TEST_STEP][PASSED] - waitForElementPresent(findTestObject("Object Repository/Canine/Filter/PrimDiseaseSite/PRIMARYDISEASESITE_Ddn"), 30): Object 'Object Repository/Canine/Filter/PrimDiseaseSite/PRIMARYDISEASESITE_Ddn' is present

2021-11-18 20:38:11 - [MESSAGE][PASSED] - Object 'Object Repository/Canine/Filter/PrimDiseaseSite/PRIMARYDISEASESITE_Ddn' is present

2021-11-18 20:38:11 - [TEST_STEP][PASSED] - verifyElementPresent(findTestObject("Object Repository/Canine/Filter/PrimDiseaseSite/PRIMARYDISEASESITE_Ddn"), 5): Object 'Object Repository/Canine/Filter/PrimDiseaseSite/PRIMARYDISEASESITE_Ddn' is present

2021-11-18 20:38:11 - [MESSAGE][PASSED] - Object 'Object Repository/Canine/Filter/PrimDiseaseSite/PRIMARYDISEASESITE_Ddn' is present

2021-11-18 20:38:11 - [TEST_STEP][PASSED] - ctdc.utilities.runtestcaseforKatalon.clickTabCanineStat("Object Repository/Canine/Filter/PrimDiseaseSite/PRIMARYDISEASESITE_Ddn"): ctdc.utilities.runtestcaseforKatalon.clickTabCanineStat is PASSED

2021-11-18 20:38:12 - [MESSAGE][PASSED] - ctdc.utilities.runtestcaseforKatalon.clickTabCanineStat is PASSED

2021-11-18 20:38:12 - [TEST_STEP][PASSED] - waitForElementPresent(findTestObject("Canine/Filter/PrimDiseaseSite/BoneAxial_Chkbx"), 30): Object 'Object Repository/Canine/Filter/PrimDiseaseSite/BoneAxial_Chkbx' is present

2021-11-18 20:38:12 - [MESSAGE][PASSED] - Object 'Object Repository/Canine/Filter/PrimDiseaseSite/BoneAxial_Chkbx' is present

2021-11-18 20:38:12 - [TEST_STEP][PASSED] - verifyElementPresent(findTestObject("Canine/Filter/PrimDiseaseSite/BoneAxial_Chkbx"), 5): Object 'Object Repository/Canine/Filter/PrimDiseaseSite/BoneAxial_Chkbx' is present

2021-11-18 20:38:12 - [MESSAGE][PASSED] - Object 'Object Repository/Canine/Filter/PrimDiseaseSite/BoneAxial_Chkbx' is present

2021-11-18 20:38:12 - [TEST_STEP][PASSED] - ctdc.utilities.runtestcaseforKatalon.clickTabCanineStat("Canine/Filter/PrimDiseaseSite/BoneAxial_Chkbx"): ctdc.utilities.runtestcaseforKatalon.clickTabCanineStat is PASSED

2021-11-18 20:38:13 - [MESSAGE][PASSED] - ctdc.utilities.runtestcaseforKatalon.clickTabCanineStat is PASSED

2021-11-18 20:38:13 - [TEST_STEP][PASSED] - ctdc.utilities.runtestcaseforKatalon.clickTabCanineStat("Canine/Filter/PrimDiseaseSite/PRIMARYDISEASESITE_Ddn"): ctdc.utilities.runtestcaseforKatalon.clickTabCanineStat is PASSED

2021-11-18 20:38:15 - [MESSAGE][PASSED] - ctdc.utilities.runtestcaseforKatalon.clickTabCanineStat is PASSED

2021-11-18 20:38:15 - [TEST_STEP][PASSED] - findTestObject("Object Repository/Canine/Filter/StageOfDisease/STAGEOFDISEASE_Ddn"): null

2021-11-18 20:38:15 - [TEST_STEP][PASSED] - findTestObject("Object Repository/Canine/Filter/StageOfDisease/NotDetermined_Chkbx"): null

2021-11-18 20:38:15 - [TEST_STEP][PASSED] - waitForElementPresent(findTestObject("Object Repository/Canine/Filter/StageOfDisease/STAGEOFDISEASE_Ddn"), 30): Object 'Object Repository/Canine/Filter/StageOfDisease/STAGEOFDISEASE_Ddn' is present

2021-11-18 20:38:15 - [MESSAGE][PASSED] - Object 'Object Repository/Canine/Filter/StageOfDisease/STAGEOFDISEASE_Ddn' is present

2021-11-18 20:38:15 - [TEST_STEP][PASSED] - verifyElementPresent(findTestObject("Object Repository/Canine/Filter/StageOfDisease/STAGEOFDISEASE_Ddn"), 5): Object 'Object Repository/Canine/Filter/StageOfDisease/STAGEOFDISEASE_Ddn' is present

2021-11-18 20:38:15 - [MESSAGE][PASSED] - Object 'Object Repository/Canine/Filter/StageOfDisease/STAGEOFDISEASE_Ddn' is present

2021-11-18 20:38:15 - [TEST_STEP][PASSED] - ctdc.utilities.runtestcaseforKatalon.clickTabCanineStat("Object Repository/Canine/Filter/StageOfDisease/STAGEOFDISEASE_Ddn"): ctdc.utilities.runtestcaseforKatalon.clickTabCanineStat is PASSED

2021-11-18 20:38:16 - [MESSAGE][PASSED] - ctdc.utilities.runtestcaseforKatalon.clickTabCanineStat is PASSED

2021-11-18 20:38:16 - [TEST_STEP][PASSED] - waitForElementPresent(findTestObject("Canine/Filter/StageOfDisease/NotDetermined_Chkbx"), 30): Object 'Object Repository/Canine/Filter/StageOfDisease/NotDetermined_Chkbx' is present

2021-11-18 20:38:16 - [MESSAGE][PASSED] - Object 'Object Repository/Canine/Filter/StageOfDisease/NotDetermined_Chkbx' is present

2021-11-18 20:38:16 - [TEST_STEP][PASSED] - verifyElementPresent(findTestObject("Canine/Filter/StageOfDisease/NotDetermined_Chkbx"), 5): Object 'Object Repository/Canine/Filter/StageOfDisease/NotDetermined_Chkbx' is present

2021-11-18 20:38:16 - [MESSAGE][PASSED] - Object 'Object Repository/Canine/Filter/StageOfDisease/NotDetermined_Chkbx' is present

2021-11-18 20:38:16 - [TEST_STEP][PASSED] - ctdc.utilities.runtestcaseforKatalon.clickTabCanineStat("Canine/Filter/StageOfDisease/NotDetermined_Chkbx"): ctdc.utilities.runtestcaseforKatalon.clickTabCanineStat is PASSED

2021-11-18 20:38:18 - [MESSAGE][PASSED] - ctdc.utilities.runtestcaseforKatalon.clickTabCanineStat is PASSED

2021-11-18 20:38:18 - [TEST_STEP][PASSED] - ctdc.utilities.runtestcaseforKatalon.clickTabCanineStat("Canine/Filter/StageOfDisease/STAGEOFDISEASE_Ddn"): ctdc.utilities.runtestcaseforKatalon.clickTabCanineStat is PASSED

2021-11-18 20:38:19 - [MESSAGE][PASSED] - ctdc.utilities.runtestcaseforKatalon.clickTabCanineStat is PASSED

2021-11-18 20:38:19 - [TEST_STEP][PASSED] - ctdc.utilities.runtestcaseforKatalon.readStatBarCanine("Object Repository/Canine/StatBar/Canine_StatBar-Studies", "Object Repository/Canine/StatBar/Canine_StatBar-Cases", "Object Repository/Canine/StatBar/Canine_StatBar-Samples", "Object Repository/Canine/StatBar/Canine_StatBar-CaseFiles", "Object Repository/Canine/StatBar/Canine_StatBar-StudyFiles"): ctdc.utilities.runtestcaseforKatalon.readStatBarCanine is PASSED

2021-11-18 20:38:35 - [MESSAGE][PASSED] - ctdc.utilities.runtestcaseforKatalon.readStatBarCanine is PASSED

2021-11-18 20:38:35 - [TEST_STEP][PASSED] - waitForElementPresent(findTestObject("Object Repository/Canine/CanineResults_Cases_Tab"), 30): Object 'Object Repository/Canine/CanineResults_Cases_Tab' is present

2021-11-18 20:38:35 - [MESSAGE][PASSED] - Object 'Object Repository/Canine/CanineResults_Cases_Tab' is present

2021-11-18 20:38:35 - [TEST_STEP][PASSED] - verifyElementPresent(findTestObject("Object Repository/Canine/CanineResults_Cases_Tab"), 5): Object 'Object Repository/Canine/CanineResults_Cases_Tab' is present

2021-11-18 20:38:35 - [MESSAGE][PASSED] - Object 'Object Repository/Canine/CanineResults_Cases_Tab' is present

2021-11-18 20:38:35 - [TEST_STEP][PASSED] - ctdc.utilities.runtestcaseforKatalon.clickTab("Object Repository/Canine/CanineResults_Cases_Tab"): ctdc.utilities.runtestcaseforKatalon.clickTab is PASSED

2021-11-18 20:38:35 - [MESSAGE][PASSED] - ctdc.utilities.runtestcaseforKatalon.clickTab is PASSED

2021-11-18 20:38:35 - [TEST_STEP][PASSED] - ctdc.utilities.runtestcaseforKatalon.multiFunction("ICDC", G_StatBar_Cases, "Object Repository/Canine/Canine_CasesTable", "Object Repository/Canine/Canine_TableHeader", "Object Repository/Canine/Canine_CasesTabNextBtn", G_WebTabnameCases, G_CypherTabnameCases, G_QueryCasesTab): Statbar Studies count matches

2021-11-18 20:38:51 - [MESSAGE][PASSED] - Statbar Case Files count matches

2021-11-18 20:38:51 - [MESSAGE][PASSED] - Statbar Samples count matches

2021-11-18 20:38:51 - [MESSAGE][PASSED] - Statbar Cases count matches

2021-11-18 20:38:51 - [MESSAGE][PASSED] - Statbar Studies count matches

2021-11-18 20:38:51 - [TEST_STEP][PASSED] - waitForElementPresent(findTestObject("Object Repository/Canine/CanineResults_Samples_Tab"), 30): Object 'Object Repository/Canine/CanineResults_Samples_Tab' is present

2021-11-18 20:38:51 - [MESSAGE][PASSED] - Object 'Object Repository/Canine/CanineResults_Samples_Tab' is present

2021-11-18 20:38:51 - [TEST_STEP][PASSED] - verifyElementPresent(findTestObject("Object Repository/Canine/CanineResults_Samples_Tab"), 5): Object 'Object Repository/Canine/CanineResults_Samples_Tab' is present

2021-11-18 20:38:51 - [MESSAGE][PASSED] - Object 'Object Repository/Canine/CanineResults_Samples_Tab' is present

2021-11-18 20:38:51 - [TEST_STEP][PASSED] - ctdc.utilities.runtestcaseforKatalon.clickTab("Object Repository/Canine/CanineResults_Samples_Tab"): ctdc.utilities.runtestcaseforKatalon.clickTab is PASSED

2021-11-18 20:38:52 - [MESSAGE][PASSED] - ctdc.utilities.runtestcaseforKatalon.clickTab is PASSED

2021-11-18 20:38:52 - [TEST_STEP][PASSED] - ctdc.utilities.runtestcaseforKatalon.multiFunction("ICDC", G_StatBar_Samples, "Object Repository/Canine/Canine_Samples_Table", "Object Repository/Canine/Canine_Samples_TableHdr", "Object Repository/Canine/Canine_SamplesTabNextBtn", G_WebTabnameSamples, G_CypherTabnameSamples, G_QuerySamplesTab): Statbar Studies count matches

2021-11-18 20:39:07 - [MESSAGE][PASSED] - Statbar Case Files count matches

2021-11-18 20:39:07 - [MESSAGE][PASSED] - Statbar Samples count matches

2021-11-18 20:39:07 - [MESSAGE][PASSED] - Statbar Cases count matches

2021-11-18 20:39:07 - [MESSAGE][PASSED] - Statbar Studies count matches

2021-11-18 20:39:07 - [TEST_STEP][PASSED] - waitForElementPresent(findTestObject("Canine/CanineResults_CaseFiles_Tab"), 30): Object 'Object Repository/Canine/CanineResults_CaseFiles_Tab' is present

2021-11-18 20:39:07 - [MESSAGE][PASSED] - Object 'Object Repository/Canine/CanineResults_CaseFiles_Tab' is present

2021-11-18 20:39:07 - [TEST_STEP][PASSED] - verifyElementPresent(findTestObject("Canine/CanineResults_CaseFiles_Tab"), 5): Object 'Object Repository/Canine/CanineResults_CaseFiles_Tab' is present

2021-11-18 20:39:07 - [MESSAGE][PASSED] - Object 'Object Repository/Canine/CanineResults_CaseFiles_Tab' is present

2021-11-18 20:39:07 - [TEST_STEP][PASSED] - ctdc.utilities.runtestcaseforKatalon.clickTab("Object Repository/Canine/CanineResults_CaseFiles_Tab"): ctdc.utilities.runtestcaseforKatalon.clickTab is PASSED

2021-11-18 20:39:08 - [MESSAGE][PASSED] - ctdc.utilities.runtestcaseforKatalon.clickTab is PASSED

2021-11-18 20:39:08 - [TEST_STEP][PASSED] - ctdc.utilities.runtestcaseforKatalon.multiFunction("ICDC", G_StatBar_Files, "Object Repository/Canine/Canine_Files_Table", "Object Repository/Canine/Canine_Files_TableHdr", "Object Repository/Canine/Canine_FilesTabNextBtn", G_WebTabnameFiles, G_CypherTabnameFiles, G_QueryFilesTab): Statbar Studies count matches

2021-11-18 20:39:23 - [MESSAGE][PASSED] - Statbar Case Files count matches

2021-11-18 20:39:23 - [MESSAGE][PASSED] - Statbar Samples count matches

2021-11-18 20:39:23 - [MESSAGE][PASSED] - Statbar Cases count matches

2021-11-18 20:39:23 - [MESSAGE][PASSED] - Statbar Studies count matches]]></system-out>
         <system-err><![CDATA[]]></system-err>
      </testcase>
      <testcase name="Test Cases/Canine_TestCases/StudyCombinations/Study-Combinations-COTC022/TC09_Canine_StudyCOTC022-Breed_RespToTrtmt" time="95.718" classname="Test Cases/Canine_TestCases/StudyCombinations/Study-Combinations-COTC022/TC09_Canine_StudyCOTC022-Breed_RespToTrtmt" status="PASSED">
         <system-out><![CDATA[2021-11-18 20:39:23 - [TEST_CASE][PASSED] - Test Cases/Canine_TestCases/StudyCombinations/Study-Combinations-COTC022/TC09_Canine_StudyCOTC022-Breed_RespToTrtmt: Test Cases/Canine_TestCases/StudyCombinations/Study-Combinations-COTC022/TC09_Canine_StudyCOTC022-Breed_RespToTrtmt

2021-11-18 20:39:23 - [TEST_STEP][PASSED] - Start listener action : getTestScriptName: null

2021-11-18 20:39:23 - [TEST_STEP][PASSED] - TestCaseId = testCaseContext.getTestCaseId(): null

2021-11-18 20:39:23 - [TEST_STEP][PASSED] - out.println("**********this is the value of test case id string******** " + testCaseContext.getTestCaseId()): null

2021-11-18 20:39:23 - [TEST_STEP][PASSED] - G_currentTCName = TestCaseId.substring(TestCaseId.lastIndexOf("TC")): null

2021-11-18 20:39:23 - [TEST_STEP][PASSED] - out.println("This is the test case name : " + G_currentTCName): null

2021-11-18 20:39:24 - [TEST_STEP][PASSED] - closeBrowser(): Browser is closed

2021-11-18 20:39:24 - [MESSAGE][PASSED] - Browser is closed

2021-11-18 20:39:24 - [TEST_STEP][PASSED] - ctdc.utilities.runtestcaseforKatalon.RunKatalon("TC09_Canine_StudyCOTC022-Breed_RespToTrtmt.xlsx"): Data loaded from input file for the test case. 

2021-11-18 20:39:24 - [MESSAGE][PASSED] - Test case file loaded This is the full filepath after converting to string :C:\Users\radhakrishnang2\Commons_Automation\InputFiles\TC09_Canine_StudyCOTC022-Breed_RespToTrtmt.xlsx

2021-11-18 20:39:24 - [MESSAGE][INFO] - Global variable set for password file is :  C:\Users\radhakrishnang2\Commons_Automation\InputFiles\TC09_Canine_StudyCOTC022-Breed_RespToTrtmt.xlsx

2021-11-18 20:39:28 - [MESSAGE][PASSED] - Data loaded from input file for the test case. 

2021-11-18 20:39:36 - [TEST_STEP][PASSED] - ctdc.utilities.runtestcaseforKatalon.clickTab("Object Repository/Canine/Canine_PopUp_Continue_Btn"): ctdc.utilities.runtestcaseforKatalon.clickTab is PASSED

2021-11-18 20:39:36 - [MESSAGE][PASSED] - ctdc.utilities.runtestcaseforKatalon.clickTab is PASSED

2021-11-18 20:39:36 - [TEST_STEP][PASSED] - out.println("Closed the popup window"): null

2021-11-18 20:39:36 - [TEST_STEP][PASSED] - waitForElementPresent(findTestObject("Canine/NavBar/Canine_Cases_Btn"), 20): Object 'Object Repository/Canine/NavBar/Canine_Cases_Btn' is present

2021-11-18 20:39:36 - [MESSAGE][PASSED] - Object 'Object Repository/Canine/NavBar/Canine_Cases_Btn' is present

2021-11-18 20:39:36 - [TEST_STEP][PASSED] - ctdc.utilities.runtestcaseforKatalon.clickTab("Canine/NavBar/Canine_Cases_Btn"): ctdc.utilities.runtestcaseforKatalon.clickTab is PASSED

2021-11-18 20:39:36 - [MESSAGE][PASSED] - ctdc.utilities.runtestcaseforKatalon.clickTab is PASSED

2021-11-18 20:39:36 - [TEST_STEP][PASSED] - waitForElementPresent(findTestObject("Object Repository/Canine/Filter/FilterByCases_Facet"), 20): Object 'Object Repository/Canine/Filter/FilterByCases_Facet' is present

2021-11-18 20:39:37 - [MESSAGE][PASSED] - Object 'Object Repository/Canine/Filter/FilterByCases_Facet' is present

2021-11-18 20:39:37 - [TEST_STEP][PASSED] - ctdc.utilities.runtestcaseforKatalon.clickTab("Object Repository/Canine/Filter/FilterByCases_Facet"): ctdc.utilities.runtestcaseforKatalon.clickTab is PASSED

2021-11-18 20:39:38 - [MESSAGE][PASSED] - ctdc.utilities.runtestcaseforKatalon.clickTab is PASSED

2021-11-18 20:39:38 - [TEST_STEP][PASSED] - waitForElementPresent(findTestObject("Object Repository/Canine/Filter/Study/Canine_Filter_Study"), 30): Object 'Object Repository/Canine/Filter/Study/Canine_Filter_Study' is present

2021-11-18 20:39:39 - [MESSAGE][PASSED] - Object 'Object Repository/Canine/Filter/Study/Canine_Filter_Study' is present

2021-11-18 20:39:39 - [TEST_STEP][PASSED] - ctdc.utilities.runtestcaseforKatalon.clickTab("Object Repository/Canine/Filter/Study/Canine_Filter_Study"): ctdc.utilities.runtestcaseforKatalon.clickTab is PASSED

2021-11-18 20:39:39 - [MESSAGE][PASSED] - ctdc.utilities.runtestcaseforKatalon.clickTab is PASSED

2021-11-18 20:39:39 - [TEST_STEP][PASSED] - waitForElementPresent(findTestObject("Object Repository/Canine/Filter/Study/Canine_Filter_Study-COTC022_Chkbx"), 30): Object 'Object Repository/Canine/Filter/Study/Canine_Filter_Study-COTC022_Chkbx' is present

2021-11-18 20:39:40 - [MESSAGE][PASSED] - Object 'Object Repository/Canine/Filter/Study/Canine_Filter_Study-COTC022_Chkbx' is present

2021-11-18 20:39:40 - [TEST_STEP][PASSED] - ctdc.utilities.runtestcaseforKatalon.clickTabCanineStat("Object Repository/Canine/Filter/Study/Canine_Filter_Study-COTC022_Chkbx"): ctdc.utilities.runtestcaseforKatalon.clickTabCanineStat is PASSED

2021-11-18 20:39:41 - [MESSAGE][PASSED] - ctdc.utilities.runtestcaseforKatalon.clickTabCanineStat is PASSED

2021-11-18 20:39:41 - [TEST_STEP][PASSED] - ctdc.utilities.runtestcaseforKatalon.clickTab("Object Repository/Canine/Filter/Study/Canine_Filter_Study"): ctdc.utilities.runtestcaseforKatalon.clickTab is PASSED

2021-11-18 20:39:41 - [MESSAGE][PASSED] - ctdc.utilities.runtestcaseforKatalon.clickTab is PASSED

2021-11-18 20:39:41 - [TEST_STEP][PASSED] - waitForElementPresent(findTestObject("Object Repository/Canine/Filter/Breed/BREED_Ddn"), 30): Object 'Object Repository/Canine/Filter/Breed/BREED_Ddn' is present

2021-11-18 20:39:41 - [MESSAGE][PASSED] - Object 'Object Repository/Canine/Filter/Breed/BREED_Ddn' is present

2021-11-18 20:39:41 - [TEST_STEP][PASSED] - verifyElementPresent(findTestObject("Object Repository/Canine/Filter/Breed/BREED_Ddn"), 5): Object 'Object Repository/Canine/Filter/Breed/BREED_Ddn' is present

2021-11-18 20:39:41 - [MESSAGE][PASSED] - Object 'Object Repository/Canine/Filter/Breed/BREED_Ddn' is present

2021-11-18 20:39:41 - [TEST_STEP][PASSED] - ctdc.utilities.runtestcaseforKatalon.clickTabCanineStat("Object Repository/Canine/Filter/Breed/BREED_Ddn"): ctdc.utilities.runtestcaseforKatalon.clickTabCanineStat is PASSED

2021-11-18 20:39:43 - [MESSAGE][PASSED] - ctdc.utilities.runtestcaseforKatalon.clickTabCanineStat is PASSED

2021-11-18 20:39:43 - [TEST_STEP][PASSED] - waitForElementPresent(findTestObject("Object Repository/Canine/Filter/Breed/ChowChow_Chkbx"), 30): Object 'Object Repository/Canine/Filter/Breed/ChowChow_Chkbx' is present

2021-11-18 20:39:43 - [MESSAGE][PASSED] - Object 'Object Repository/Canine/Filter/Breed/ChowChow_Chkbx' is present

2021-11-18 20:39:43 - [TEST_STEP][PASSED] - verifyElementPresent(findTestObject("Object Repository/Canine/Filter/Breed/ChowChow_Chkbx"), 5): Object 'Object Repository/Canine/Filter/Breed/ChowChow_Chkbx' is present

2021-11-18 20:39:43 - [MESSAGE][PASSED] - Object 'Object Repository/Canine/Filter/Breed/ChowChow_Chkbx' is present

2021-11-18 20:39:43 - [TEST_STEP][PASSED] - ctdc.utilities.runtestcaseforKatalon.clickTabCanineStat("Object Repository/Canine/Filter/Breed/ChowChow_Chkbx"): ctdc.utilities.runtestcaseforKatalon.clickTabCanineStat is PASSED

2021-11-18 20:39:44 - [MESSAGE][PASSED] - ctdc.utilities.runtestcaseforKatalon.clickTabCanineStat is PASSED

2021-11-18 20:39:44 - [TEST_STEP][PASSED] - delay(3): Delayed 3 second(s)

2021-11-18 20:39:47 - [MESSAGE][PASSED] - Delayed 3 second(s)

2021-11-18 20:39:47 - [TEST_STEP][PASSED] - waitForElementPresent(findTestObject("Object Repository/Canine/Filter/Breed/Doberman_Chkbx"), 30): Object 'Object Repository/Canine/Filter/Breed/Doberman_Chkbx' is present

2021-11-18 20:39:47 - [MESSAGE][PASSED] - Object 'Object Repository/Canine/Filter/Breed/Doberman_Chkbx' is present

2021-11-18 20:39:47 - [TEST_STEP][PASSED] - verifyElementPresent(findTestObject("Object Repository/Canine/Filter/Breed/Doberman_Chkbx"), 5): Object 'Object Repository/Canine/Filter/Breed/Doberman_Chkbx' is present

2021-11-18 20:39:47 - [MESSAGE][PASSED] - Object 'Object Repository/Canine/Filter/Breed/Doberman_Chkbx' is present

2021-11-18 20:39:47 - [TEST_STEP][PASSED] - ctdc.utilities.runtestcaseforKatalon.clickTabCanineStat("Object Repository/Canine/Filter/Breed/Doberman_Chkbx"): ctdc.utilities.runtestcaseforKatalon.clickTabCanineStat is PASSED

2021-11-18 20:39:49 - [MESSAGE][PASSED] - ctdc.utilities.runtestcaseforKatalon.clickTabCanineStat is PASSED

2021-11-18 20:39:49 - [TEST_STEP][PASSED] - ctdc.utilities.runtestcaseforKatalon.clickTabCanineStat("Object Repository/Canine/Filter/Breed/BREED_Ddn"): ctdc.utilities.runtestcaseforKatalon.clickTabCanineStat is PASSED

2021-11-18 20:39:50 - [MESSAGE][PASSED] - ctdc.utilities.runtestcaseforKatalon.clickTabCanineStat is PASSED

2021-11-18 20:39:50 - [TEST_STEP][PASSED] - waitForElementPresent(findTestObject("Object Repository/Canine/Filter/ResponseToTreatment/RESPONSETOTREATMENT_Ddn"), 30): Object 'Object Repository/Canine/Filter/ResponseToTreatment/RESPONSETOTREATMENT_Ddn' is present

2021-11-18 20:39:50 - [MESSAGE][PASSED] - Object 'Object Repository/Canine/Filter/ResponseToTreatment/RESPONSETOTREATMENT_Ddn' is present

2021-11-18 20:39:50 - [TEST_STEP][PASSED] - verifyElementPresent(findTestObject("Object Repository/Canine/Filter/ResponseToTreatment/RESPONSETOTREATMENT_Ddn"), 5): Object 'Object Repository/Canine/Filter/ResponseToTreatment/RESPONSETOTREATMENT_Ddn' is present

2021-11-18 20:39:50 - [MESSAGE][PASSED] - Object 'Object Repository/Canine/Filter/ResponseToTreatment/RESPONSETOTREATMENT_Ddn' is present

2021-11-18 20:39:50 - [TEST_STEP][PASSED] - ctdc.utilities.runtestcaseforKatalon.clickTabCanineStat("Object Repository/Canine/Filter/ResponseToTreatment/RESPONSETOTREATMENT_Ddn"): ctdc.utilities.runtestcaseforKatalon.clickTabCanineStat is PASSED

2021-11-18 20:39:51 - [MESSAGE][PASSED] - ctdc.utilities.runtestcaseforKatalon.clickTabCanineStat is PASSED

2021-11-18 20:39:51 - [TEST_STEP][PASSED] - waitForElementPresent(findTestObject("Canine/Filter/ResponseToTreatment/ProgrDisease_Chkbx"), 30): Object 'Object Repository/Canine/Filter/ResponseToTreatment/ProgrDisease_Chkbx' is present

2021-11-18 20:39:51 - [MESSAGE][PASSED] - Object 'Object Repository/Canine/Filter/ResponseToTreatment/ProgrDisease_Chkbx' is present

2021-11-18 20:39:51 - [TEST_STEP][PASSED] - verifyElementPresent(findTestObject("Canine/Filter/ResponseToTreatment/ProgrDisease_Chkbx"), 5): Object 'Object Repository/Canine/Filter/ResponseToTreatment/ProgrDisease_Chkbx' is present

2021-11-18 20:39:51 - [MESSAGE][PASSED] - Object 'Object Repository/Canine/Filter/ResponseToTreatment/ProgrDisease_Chkbx' is present

2021-11-18 20:39:51 - [TEST_STEP][PASSED] - ctdc.utilities.runtestcaseforKatalon.clickTabCanineStat("Canine/Filter/ResponseToTreatment/ProgrDisease_Chkbx"): ctdc.utilities.runtestcaseforKatalon.clickTabCanineStat is PASSED

2021-11-18 20:39:53 - [MESSAGE][PASSED] - ctdc.utilities.runtestcaseforKatalon.clickTabCanineStat is PASSED

2021-11-18 20:39:53 - [TEST_STEP][PASSED] - ctdc.utilities.runtestcaseforKatalon.clickTabCanineStat("Canine/Filter/ResponseToTreatment/RESPONSETOTREATMENT_Ddn"): ctdc.utilities.runtestcaseforKatalon.clickTabCanineStat is PASSED

2021-11-18 20:39:54 - [MESSAGE][PASSED] - ctdc.utilities.runtestcaseforKatalon.clickTabCanineStat is PASSED

2021-11-18 20:39:54 - [TEST_STEP][PASSED] - ctdc.utilities.runtestcaseforKatalon.readStatBarCanine("Object Repository/Canine/StatBar/Canine_StatBar-Studies", "Object Repository/Canine/StatBar/Canine_StatBar-Cases", "Object Repository/Canine/StatBar/Canine_StatBar-Samples", "Object Repository/Canine/StatBar/Canine_StatBar-CaseFiles", "Object Repository/Canine/StatBar/Canine_StatBar-StudyFiles"): ctdc.utilities.runtestcaseforKatalon.readStatBarCanine is PASSED

2021-11-18 20:40:09 - [MESSAGE][PASSED] - ctdc.utilities.runtestcaseforKatalon.readStatBarCanine is PASSED

2021-11-18 20:40:09 - [TEST_STEP][PASSED] - waitForElementPresent(findTestObject("Object Repository/Canine/CanineResults_Cases_Tab"), 30): Object 'Object Repository/Canine/CanineResults_Cases_Tab' is present

2021-11-18 20:40:09 - [MESSAGE][PASSED] - Object 'Object Repository/Canine/CanineResults_Cases_Tab' is present

2021-11-18 20:40:09 - [TEST_STEP][PASSED] - verifyElementPresent(findTestObject("Object Repository/Canine/CanineResults_Cases_Tab"), 5): Object 'Object Repository/Canine/CanineResults_Cases_Tab' is present

2021-11-18 20:40:09 - [MESSAGE][PASSED] - Object 'Object Repository/Canine/CanineResults_Cases_Tab' is present

2021-11-18 20:40:09 - [TEST_STEP][PASSED] - ctdc.utilities.runtestcaseforKatalon.clickTab("Object Repository/Canine/CanineResults_Cases_Tab"): ctdc.utilities.runtestcaseforKatalon.clickTab is PASSED

2021-11-18 20:40:10 - [MESSAGE][PASSED] - ctdc.utilities.runtestcaseforKatalon.clickTab is PASSED

2021-11-18 20:40:10 - [TEST_STEP][PASSED] - ctdc.utilities.runtestcaseforKatalon.multiFunction("ICDC", G_StatBar_Cases, "Object Repository/Canine/Canine_CasesTable", "Object Repository/Canine/Canine_TableHeader", "Object Repository/Canine/Canine_CasesTabNextBtn", G_WebTabnameCases, G_CypherTabnameCases, G_QueryCasesTab): Statbar Studies count matches

2021-11-18 20:40:27 - [MESSAGE][PASSED] - Statbar Case Files count matches

2021-11-18 20:40:27 - [MESSAGE][PASSED] - Statbar Samples count matches

2021-11-18 20:40:27 - [MESSAGE][PASSED] - Statbar Cases count matches

2021-11-18 20:40:27 - [MESSAGE][PASSED] - Statbar Studies count matches

2021-11-18 20:40:27 - [TEST_STEP][PASSED] - waitForElementPresent(findTestObject("Object Repository/Canine/CanineResults_Samples_Tab"), 30): Object 'Object Repository/Canine/CanineResults_Samples_Tab' is present

2021-11-18 20:40:27 - [MESSAGE][PASSED] - Object 'Object Repository/Canine/CanineResults_Samples_Tab' is present

2021-11-18 20:40:27 - [TEST_STEP][PASSED] - verifyElementPresent(findTestObject("Object Repository/Canine/CanineResults_Samples_Tab"), 5): Object 'Object Repository/Canine/CanineResults_Samples_Tab' is present

2021-11-18 20:40:27 - [MESSAGE][PASSED] - Object 'Object Repository/Canine/CanineResults_Samples_Tab' is present

2021-11-18 20:40:27 - [TEST_STEP][PASSED] - ctdc.utilities.runtestcaseforKatalon.clickTab("Object Repository/Canine/CanineResults_Samples_Tab"): ctdc.utilities.runtestcaseforKatalon.clickTab is PASSED

2021-11-18 20:40:27 - [MESSAGE][PASSED] - ctdc.utilities.runtestcaseforKatalon.clickTab is PASSED

2021-11-18 20:40:27 - [TEST_STEP][PASSED] - ctdc.utilities.runtestcaseforKatalon.multiFunction("ICDC", G_StatBar_Samples, "Object Repository/Canine/Canine_Samples_Table", "Object Repository/Canine/Canine_Samples_TableHdr", "Object Repository/Canine/Canine_SamplesTabNextBtn", G_WebTabnameSamples, G_CypherTabnameSamples, G_QuerySamplesTab): Statbar Studies count matches

2021-11-18 20:40:43 - [MESSAGE][PASSED] - Statbar Case Files count matches

2021-11-18 20:40:43 - [MESSAGE][PASSED] - Statbar Samples count matches

2021-11-18 20:40:43 - [MESSAGE][PASSED] - Statbar Cases count matches

2021-11-18 20:40:43 - [MESSAGE][PASSED] - Statbar Studies count matches

2021-11-18 20:40:43 - [TEST_STEP][PASSED] - waitForElementPresent(findTestObject("Canine/CanineResults_CaseFiles_Tab"), 30): Object 'Object Repository/Canine/CanineResults_CaseFiles_Tab' is present

2021-11-18 20:40:43 - [MESSAGE][PASSED] - Object 'Object Repository/Canine/CanineResults_CaseFiles_Tab' is present

2021-11-18 20:40:43 - [TEST_STEP][PASSED] - verifyElementPresent(findTestObject("Canine/CanineResults_CaseFiles_Tab"), 5): Object 'Object Repository/Canine/CanineResults_CaseFiles_Tab' is present

2021-11-18 20:40:43 - [MESSAGE][PASSED] - Object 'Object Repository/Canine/CanineResults_CaseFiles_Tab' is present

2021-11-18 20:40:43 - [TEST_STEP][PASSED] - ctdc.utilities.runtestcaseforKatalon.clickTab("Object Repository/Canine/CanineResults_CaseFiles_Tab"): ctdc.utilities.runtestcaseforKatalon.clickTab is PASSED

2021-11-18 20:40:43 - [MESSAGE][PASSED] - ctdc.utilities.runtestcaseforKatalon.clickTab is PASSED

2021-11-18 20:40:43 - [TEST_STEP][PASSED] - ctdc.utilities.runtestcaseforKatalon.multiFunction("ICDC", G_StatBar_Files, "Object Repository/Canine/Canine_Files_Table", "Object Repository/Canine/Canine_Files_TableHdr", "Object Repository/Canine/Canine_FilesTabNextBtn", G_WebTabnameFiles, G_CypherTabnameFiles, G_QueryFilesTab): Statbar Studies count matches

2021-11-18 20:40:59 - [MESSAGE][PASSED] - Statbar Case Files count matches

2021-11-18 20:40:59 - [MESSAGE][PASSED] - Statbar Samples count matches

2021-11-18 20:40:59 - [MESSAGE][PASSED] - Statbar Cases count matches

2021-11-18 20:40:59 - [MESSAGE][PASSED] - Statbar Studies count matches]]></system-out>
         <system-err><![CDATA[]]></system-err>
      </testcase>
      <testcase name="Test Cases/Canine_TestCases/StudyCombinations/Study-Combinations-COTC022/TC11_Canine_StudyCOTC022-RespToTrtmt_Sex_NeutStatus" time="96.279" classname="Test Cases/Canine_TestCases/StudyCombinations/Study-Combinations-COTC022/TC11_Canine_StudyCOTC022-RespToTrtmt_Sex_NeutStatus" status="PASSED">
         <system-out><![CDATA[2021-11-18 20:40:59 - [TEST_CASE][PASSED] - Test Cases/Canine_TestCases/StudyCombinations/Study-Combinations-COTC022/TC11_Canine_StudyCOTC022-RespToTrtmt_Sex_NeutStatus: Test Cases/Canine_TestCases/StudyCombinations/Study-Combinations-COTC022/TC11_Canine_StudyCOTC022-RespToTrtmt_Sex_NeutStatus

2021-11-18 20:40:59 - [TEST_STEP][PASSED] - Start listener action : getTestScriptName: null

2021-11-18 20:40:59 - [TEST_STEP][PASSED] - TestCaseId = testCaseContext.getTestCaseId(): null

2021-11-18 20:40:59 - [TEST_STEP][PASSED] - out.println("**********this is the value of test case id string******** " + testCaseContext.getTestCaseId()): null

2021-11-18 20:40:59 - [TEST_STEP][PASSED] - G_currentTCName = TestCaseId.substring(TestCaseId.lastIndexOf("TC")): null

2021-11-18 20:40:59 - [TEST_STEP][PASSED] - out.println("This is the test case name : " + G_currentTCName): null

2021-11-18 20:40:59 - [TEST_STEP][PASSED] - closeBrowser(): Browser is closed

2021-11-18 20:41:00 - [MESSAGE][PASSED] - Browser is closed

2021-11-18 20:41:00 - [TEST_STEP][PASSED] - ctdc.utilities.runtestcaseforKatalon.RunKatalon("TC11_Canine_StudyCOTC022-RespToTrtmt_Sex_NeutStatus.xlsx"): Data loaded from input file for the test case. 

2021-11-18 20:41:00 - [MESSAGE][PASSED] - Test case file loaded This is the full filepath after converting to string :C:\Users\radhakrishnang2\Commons_Automation\InputFiles\TC11_Canine_StudyCOTC022-RespToTrtmt_Sex_NeutStatus.xlsx

2021-11-18 20:41:00 - [MESSAGE][INFO] - Global variable set for password file is :  C:\Users\radhakrishnang2\Commons_Automation\InputFiles\TC11_Canine_StudyCOTC022-RespToTrtmt_Sex_NeutStatus.xlsx

2021-11-18 20:41:04 - [MESSAGE][PASSED] - Data loaded from input file for the test case. 

2021-11-18 20:41:13 - [TEST_STEP][PASSED] - ctdc.utilities.runtestcaseforKatalon.clickTab("Object Repository/Canine/Canine_PopUp_Continue_Btn"): ctdc.utilities.runtestcaseforKatalon.clickTab is PASSED

2021-11-18 20:41:14 - [MESSAGE][PASSED] - ctdc.utilities.runtestcaseforKatalon.clickTab is PASSED

2021-11-18 20:41:14 - [TEST_STEP][PASSED] - out.println("Closed the popup window"): null

2021-11-18 20:41:14 - [TEST_STEP][PASSED] - waitForElementPresent(findTestObject("Canine/NavBar/Canine_Cases_Btn"), 20): Object 'Object Repository/Canine/NavBar/Canine_Cases_Btn' is present

2021-11-18 20:41:14 - [MESSAGE][PASSED] - Object 'Object Repository/Canine/NavBar/Canine_Cases_Btn' is present

2021-11-18 20:41:14 - [TEST_STEP][PASSED] - ctdc.utilities.runtestcaseforKatalon.clickTab("Canine/NavBar/Canine_Cases_Btn"): ctdc.utilities.runtestcaseforKatalon.clickTab is PASSED

2021-11-18 20:41:14 - [MESSAGE][PASSED] - ctdc.utilities.runtestcaseforKatalon.clickTab is PASSED

2021-11-18 20:41:14 - [TEST_STEP][PASSED] - waitForElementPresent(findTestObject("Object Repository/Canine/Filter/FilterByCases_Facet"), 20): Object 'Object Repository/Canine/Filter/FilterByCases_Facet' is present

2021-11-18 20:41:15 - [MESSAGE][PASSED] - Object 'Object Repository/Canine/Filter/FilterByCases_Facet' is present

2021-11-18 20:41:15 - [TEST_STEP][PASSED] - ctdc.utilities.runtestcaseforKatalon.clickTab("Object Repository/Canine/Filter/FilterByCases_Facet"): ctdc.utilities.runtestcaseforKatalon.clickTab is PASSED

2021-11-18 20:41:15 - [MESSAGE][PASSED] - ctdc.utilities.runtestcaseforKatalon.clickTab is PASSED

2021-11-18 20:41:15 - [TEST_STEP][PASSED] - waitForElementPresent(findTestObject("Object Repository/Canine/Filter/Study/Canine_Filter_Study"), 30): Object 'Object Repository/Canine/Filter/Study/Canine_Filter_Study' is present

2021-11-18 20:41:16 - [MESSAGE][PASSED] - Object 'Object Repository/Canine/Filter/Study/Canine_Filter_Study' is present

2021-11-18 20:41:16 - [TEST_STEP][PASSED] - ctdc.utilities.runtestcaseforKatalon.clickTab("Object Repository/Canine/Filter/Study/Canine_Filter_Study"): ctdc.utilities.runtestcaseforKatalon.clickTab is PASSED

2021-11-18 20:41:16 - [MESSAGE][PASSED] - ctdc.utilities.runtestcaseforKatalon.clickTab is PASSED

2021-11-18 20:41:16 - [TEST_STEP][PASSED] - waitForElementPresent(findTestObject("Object Repository/Canine/Filter/Study/Canine_Filter_Study-COTC022_Chkbx"), 30): Object 'Object Repository/Canine/Filter/Study/Canine_Filter_Study-COTC022_Chkbx' is present

2021-11-18 20:41:16 - [MESSAGE][PASSED] - Object 'Object Repository/Canine/Filter/Study/Canine_Filter_Study-COTC022_Chkbx' is present

2021-11-18 20:41:16 - [TEST_STEP][PASSED] - ctdc.utilities.runtestcaseforKatalon.clickTabCanineStat("Object Repository/Canine/Filter/Study/Canine_Filter_Study-COTC022_Chkbx"): ctdc.utilities.runtestcaseforKatalon.clickTabCanineStat is PASSED

2021-11-18 20:41:18 - [MESSAGE][PASSED] - ctdc.utilities.runtestcaseforKatalon.clickTabCanineStat is PASSED

2021-11-18 20:41:18 - [TEST_STEP][PASSED] - ctdc.utilities.runtestcaseforKatalon.clickTab("Object Repository/Canine/Filter/Study/Canine_Filter_Study"): ctdc.utilities.runtestcaseforKatalon.clickTab is PASSED

2021-11-18 20:41:18 - [MESSAGE][PASSED] - ctdc.utilities.runtestcaseforKatalon.clickTab is PASSED

2021-11-18 20:41:18 - [TEST_STEP][PASSED] - waitForElementPresent(findTestObject("Object Repository/Canine/Filter/ResponseToTreatment/RESPONSETOTREATMENT_Ddn"), 30): Object 'Object Repository/Canine/Filter/ResponseToTreatment/RESPONSETOTREATMENT_Ddn' is present

2021-11-18 20:41:18 - [MESSAGE][PASSED] - Object 'Object Repository/Canine/Filter/ResponseToTreatment/RESPONSETOTREATMENT_Ddn' is present

2021-11-18 20:41:18 - [TEST_STEP][PASSED] - verifyElementPresent(findTestObject("Object Repository/Canine/Filter/ResponseToTreatment/RESPONSETOTREATMENT_Ddn"), 5): Object 'Object Repository/Canine/Filter/ResponseToTreatment/RESPONSETOTREATMENT_Ddn' is present

2021-11-18 20:41:18 - [MESSAGE][PASSED] - Object 'Object Repository/Canine/Filter/ResponseToTreatment/RESPONSETOTREATMENT_Ddn' is present

2021-11-18 20:41:18 - [TEST_STEP][PASSED] - ctdc.utilities.runtestcaseforKatalon.clickTabCanineStat("Object Repository/Canine/Filter/ResponseToTreatment/RESPONSETOTREATMENT_Ddn"): ctdc.utilities.runtestcaseforKatalon.clickTabCanineStat is PASSED

2021-11-18 20:41:20 - [MESSAGE][PASSED] - ctdc.utilities.runtestcaseforKatalon.clickTabCanineStat is PASSED

2021-11-18 20:41:20 - [TEST_STEP][PASSED] - waitForElementPresent(findTestObject("Canine/Filter/ResponseToTreatment/NotDetermined_Chkbx"), 30): Object 'Object Repository/Canine/Filter/ResponseToTreatment/NotDetermined_Chkbx' is present

2021-11-18 20:41:20 - [MESSAGE][PASSED] - Object 'Object Repository/Canine/Filter/ResponseToTreatment/NotDetermined_Chkbx' is present

2021-11-18 20:41:20 - [TEST_STEP][PASSED] - verifyElementPresent(findTestObject("Canine/Filter/ResponseToTreatment/NotDetermined_Chkbx"), 5): Object 'Object Repository/Canine/Filter/ResponseToTreatment/NotDetermined_Chkbx' is present

2021-11-18 20:41:20 - [MESSAGE][PASSED] - Object 'Object Repository/Canine/Filter/ResponseToTreatment/NotDetermined_Chkbx' is present

2021-11-18 20:41:20 - [TEST_STEP][PASSED] - ctdc.utilities.runtestcaseforKatalon.clickTabCanineStat("Canine/Filter/ResponseToTreatment/NotDetermined_Chkbx"): ctdc.utilities.runtestcaseforKatalon.clickTabCanineStat is PASSED

2021-11-18 20:41:21 - [MESSAGE][PASSED] - ctdc.utilities.runtestcaseforKatalon.clickTabCanineStat is PASSED

2021-11-18 20:41:21 - [TEST_STEP][PASSED] - ctdc.utilities.runtestcaseforKatalon.clickTabCanineStat("Canine/Filter/ResponseToTreatment/RESPONSETOTREATMENT_Ddn"): ctdc.utilities.runtestcaseforKatalon.clickTabCanineStat is PASSED

2021-11-18 20:41:22 - [MESSAGE][PASSED] - ctdc.utilities.runtestcaseforKatalon.clickTabCanineStat is PASSED

2021-11-18 20:41:22 - [TEST_STEP][PASSED] - waitForElementPresent(findTestObject("Object Repository/Canine/Filter/Sex/SEX_Ddn"), 30): Object 'Object Repository/Canine/Filter/Sex/SEX_Ddn' is present

2021-11-18 20:41:22 - [MESSAGE][PASSED] - Object 'Object Repository/Canine/Filter/Sex/SEX_Ddn' is present

2021-11-18 20:41:22 - [TEST_STEP][PASSED] - verifyElementPresent(findTestObject("Object Repository/Canine/Filter/Sex/SEX_Ddn"), 5): Object 'Object Repository/Canine/Filter/Sex/SEX_Ddn' is present

2021-11-18 20:41:23 - [MESSAGE][PASSED] - Object 'Object Repository/Canine/Filter/Sex/SEX_Ddn' is present

2021-11-18 20:41:23 - [TEST_STEP][PASSED] - ctdc.utilities.runtestcaseforKatalon.clickTabCanineStat("Object Repository/Canine/Filter/Sex/SEX_Ddn"): ctdc.utilities.runtestcaseforKatalon.clickTabCanineStat is PASSED

2021-11-18 20:41:24 - [MESSAGE][PASSED] - ctdc.utilities.runtestcaseforKatalon.clickTabCanineStat is PASSED

2021-11-18 20:41:24 - [TEST_STEP][PASSED] - waitForElementPresent(findTestObject("Canine/Filter/Sex/Male_Chkbx"), 30): Object 'Object Repository/Canine/Filter/Sex/Male_Chkbx' is present

2021-11-18 20:41:24 - [MESSAGE][PASSED] - Object 'Object Repository/Canine/Filter/Sex/Male_Chkbx' is present

2021-11-18 20:41:24 - [TEST_STEP][PASSED] - verifyElementPresent(findTestObject("Canine/Filter/Sex/Male_Chkbx"), 5): Object 'Object Repository/Canine/Filter/Sex/Male_Chkbx' is present

2021-11-18 20:41:24 - [MESSAGE][PASSED] - Object 'Object Repository/Canine/Filter/Sex/Male_Chkbx' is present

2021-11-18 20:41:24 - [TEST_STEP][PASSED] - ctdc.utilities.runtestcaseforKatalon.clickTabCanineStat("Canine/Filter/Sex/Male_Chkbx"): ctdc.utilities.runtestcaseforKatalon.clickTabCanineStat is PASSED

2021-11-18 20:41:25 - [MESSAGE][PASSED] - ctdc.utilities.runtestcaseforKatalon.clickTabCanineStat is PASSED

2021-11-18 20:41:25 - [TEST_STEP][PASSED] - ctdc.utilities.runtestcaseforKatalon.clickTabCanineStat("Canine/Filter/Sex/SEX_Ddn"): ctdc.utilities.runtestcaseforKatalon.clickTabCanineStat is PASSED

2021-11-18 20:41:26 - [MESSAGE][PASSED] - ctdc.utilities.runtestcaseforKatalon.clickTabCanineStat is PASSED

2021-11-18 20:41:26 - [TEST_STEP][PASSED] - waitForElementPresent(findTestObject("Object Repository/Canine/Filter/NeuteredStatus/NEUTEREDSTATUS_Ddn"), 30): Object 'Object Repository/Canine/Filter/NeuteredStatus/NEUTEREDSTATUS_Ddn' is present

2021-11-18 20:41:26 - [MESSAGE][PASSED] - Object 'Object Repository/Canine/Filter/NeuteredStatus/NEUTEREDSTATUS_Ddn' is present

2021-11-18 20:41:26 - [TEST_STEP][PASSED] - verifyElementPresent(findTestObject("Object Repository/Canine/Filter/NeuteredStatus/NEUTEREDSTATUS_Ddn"), 5): Object 'Object Repository/Canine/Filter/NeuteredStatus/NEUTEREDSTATUS_Ddn' is present

2021-11-18 20:41:27 - [MESSAGE][PASSED] - Object 'Object Repository/Canine/Filter/NeuteredStatus/NEUTEREDSTATUS_Ddn' is present

2021-11-18 20:41:27 - [TEST_STEP][PASSED] - ctdc.utilities.runtestcaseforKatalon.clickTabCanineStat("Object Repository/Canine/Filter/NeuteredStatus/NEUTEREDSTATUS_Ddn"): ctdc.utilities.runtestcaseforKatalon.clickTabCanineStat is PASSED

2021-11-18 20:41:28 - [MESSAGE][PASSED] - ctdc.utilities.runtestcaseforKatalon.clickTabCanineStat is PASSED

2021-11-18 20:41:28 - [TEST_STEP][PASSED] - waitForElementPresent(findTestObject("Canine/Filter/NeuteredStatus/Yes_Chkbx"), 30): Object 'Object Repository/Canine/Filter/NeuteredStatus/Yes_Chkbx' is present

2021-11-18 20:41:28 - [MESSAGE][PASSED] - Object 'Object Repository/Canine/Filter/NeuteredStatus/Yes_Chkbx' is present

2021-11-18 20:41:28 - [TEST_STEP][PASSED] - verifyElementPresent(findTestObject("Canine/Filter/NeuteredStatus/Yes_Chkbx"), 5): Object 'Object Repository/Canine/Filter/NeuteredStatus/Yes_Chkbx' is present

2021-11-18 20:41:28 - [MESSAGE][PASSED] - Object 'Object Repository/Canine/Filter/NeuteredStatus/Yes_Chkbx' is present

2021-11-18 20:41:28 - [TEST_STEP][PASSED] - ctdc.utilities.runtestcaseforKatalon.clickTabCanineStat("Canine/Filter/NeuteredStatus/Yes_Chkbx"): ctdc.utilities.runtestcaseforKatalon.clickTabCanineStat is PASSED

2021-11-18 20:41:29 - [MESSAGE][PASSED] - ctdc.utilities.runtestcaseforKatalon.clickTabCanineStat is PASSED

2021-11-18 20:41:29 - [TEST_STEP][PASSED] - ctdc.utilities.runtestcaseforKatalon.clickTabCanineStat("Canine/Filter/NeuteredStatus/NEUTEREDSTATUS_Ddn"): ctdc.utilities.runtestcaseforKatalon.clickTabCanineStat is PASSED

2021-11-18 20:41:30 - [MESSAGE][PASSED] - ctdc.utilities.runtestcaseforKatalon.clickTabCanineStat is PASSED

2021-11-18 20:41:30 - [TEST_STEP][PASSED] - ctdc.utilities.runtestcaseforKatalon.readStatBarCanine("Object Repository/Canine/StatBar/Canine_StatBar-Studies", "Object Repository/Canine/StatBar/Canine_StatBar-Cases", "Object Repository/Canine/StatBar/Canine_StatBar-Samples", "Object Repository/Canine/StatBar/Canine_StatBar-CaseFiles", "Object Repository/Canine/StatBar/Canine_StatBar-StudyFiles"): ctdc.utilities.runtestcaseforKatalon.readStatBarCanine is PASSED

2021-11-18 20:41:46 - [MESSAGE][PASSED] - ctdc.utilities.runtestcaseforKatalon.readStatBarCanine is PASSED

2021-11-18 20:41:46 - [TEST_STEP][PASSED] - waitForElementPresent(findTestObject("Object Repository/Canine/CanineResults_Cases_Tab"), 30): Object 'Object Repository/Canine/CanineResults_Cases_Tab' is present

2021-11-18 20:41:46 - [MESSAGE][PASSED] - Object 'Object Repository/Canine/CanineResults_Cases_Tab' is present

2021-11-18 20:41:46 - [TEST_STEP][PASSED] - verifyElementPresent(findTestObject("Object Repository/Canine/CanineResults_Cases_Tab"), 5): Object 'Object Repository/Canine/CanineResults_Cases_Tab' is present

2021-11-18 20:41:46 - [MESSAGE][PASSED] - Object 'Object Repository/Canine/CanineResults_Cases_Tab' is present

2021-11-18 20:41:46 - [TEST_STEP][PASSED] - ctdc.utilities.runtestcaseforKatalon.clickTab("Object Repository/Canine/CanineResults_Cases_Tab"): ctdc.utilities.runtestcaseforKatalon.clickTab is PASSED

2021-11-18 20:41:46 - [MESSAGE][PASSED] - ctdc.utilities.runtestcaseforKatalon.clickTab is PASSED

2021-11-18 20:41:46 - [TEST_STEP][PASSED] - ctdc.utilities.runtestcaseforKatalon.multiFunction("ICDC", G_StatBar_Cases, "Object Repository/Canine/Canine_CasesTable", "Object Repository/Canine/Canine_TableHeader", "Object Repository/Canine/Canine_CasesTabNextBtn", G_WebTabnameCases, G_CypherTabnameCases, G_QueryCasesTab): Statbar Studies count matches

2021-11-18 20:42:03 - [MESSAGE][PASSED] - Statbar Case Files count matches

2021-11-18 20:42:03 - [MESSAGE][PASSED] - Statbar Samples count matches

2021-11-18 20:42:03 - [MESSAGE][PASSED] - Statbar Cases count matches

2021-11-18 20:42:03 - [MESSAGE][PASSED] - Statbar Studies count matches

2021-11-18 20:42:03 - [TEST_STEP][PASSED] - waitForElementPresent(findTestObject("Object Repository/Canine/CanineResults_Samples_Tab"), 30): Object 'Object Repository/Canine/CanineResults_Samples_Tab' is present

2021-11-18 20:42:04 - [MESSAGE][PASSED] - Object 'Object Repository/Canine/CanineResults_Samples_Tab' is present

2021-11-18 20:42:04 - [TEST_STEP][PASSED] - verifyElementPresent(findTestObject("Object Repository/Canine/CanineResults_Samples_Tab"), 5): Object 'Object Repository/Canine/CanineResults_Samples_Tab' is present

2021-11-18 20:42:04 - [MESSAGE][PASSED] - Object 'Object Repository/Canine/CanineResults_Samples_Tab' is present

2021-11-18 20:42:04 - [TEST_STEP][PASSED] - ctdc.utilities.runtestcaseforKatalon.clickTab("Object Repository/Canine/CanineResults_Samples_Tab"): ctdc.utilities.runtestcaseforKatalon.clickTab is PASSED

2021-11-18 20:42:04 - [MESSAGE][PASSED] - ctdc.utilities.runtestcaseforKatalon.clickTab is PASSED

2021-11-18 20:42:04 - [TEST_STEP][PASSED] - ctdc.utilities.runtestcaseforKatalon.multiFunction("ICDC", G_StatBar_Samples, "Object Repository/Canine/Canine_Samples_Table", "Object Repository/Canine/Canine_Samples_TableHdr", "Object Repository/Canine/Canine_SamplesTabNextBtn", G_WebTabnameSamples, G_CypherTabnameSamples, G_QuerySamplesTab): Statbar Studies count matches

2021-11-18 20:42:19 - [MESSAGE][PASSED] - Statbar Case Files count matches

2021-11-18 20:42:19 - [MESSAGE][PASSED] - Statbar Samples count matches

2021-11-18 20:42:19 - [MESSAGE][PASSED] - Statbar Cases count matches

2021-11-18 20:42:19 - [MESSAGE][PASSED] - Statbar Studies count matches

2021-11-18 20:42:19 - [TEST_STEP][PASSED] - waitForElementPresent(findTestObject("Canine/CanineResults_CaseFiles_Tab"), 30): Object 'Object Repository/Canine/CanineResults_CaseFiles_Tab' is present

2021-11-18 20:42:19 - [MESSAGE][PASSED] - Object 'Object Repository/Canine/CanineResults_CaseFiles_Tab' is present

2021-11-18 20:42:19 - [TEST_STEP][PASSED] - verifyElementPresent(findTestObject("Canine/CanineResults_CaseFiles_Tab"), 5): Object 'Object Repository/Canine/CanineResults_CaseFiles_Tab' is present

2021-11-18 20:42:19 - [MESSAGE][PASSED] - Object 'Object Repository/Canine/CanineResults_CaseFiles_Tab' is present

2021-11-18 20:42:19 - [TEST_STEP][PASSED] - ctdc.utilities.runtestcaseforKatalon.clickTab("Object Repository/Canine/CanineResults_CaseFiles_Tab"): ctdc.utilities.runtestcaseforKatalon.clickTab is PASSED

2021-11-18 20:42:20 - [MESSAGE][PASSED] - ctdc.utilities.runtestcaseforKatalon.clickTab is PASSED

2021-11-18 20:42:20 - [TEST_STEP][PASSED] - ctdc.utilities.runtestcaseforKatalon.multiFunction("ICDC", G_StatBar_Files, "Object Repository/Canine/Canine_Files_Table", "Object Repository/Canine/Canine_Files_TableHdr", "Object Repository/Canine/Canine_FilesTabNextBtn", G_WebTabnameFiles, G_CypherTabnameFiles, G_QueryFilesTab): Statbar Studies count matches

2021-11-18 20:42:35 - [MESSAGE][PASSED] - Statbar Case Files count matches

2021-11-18 20:42:35 - [MESSAGE][PASSED] - Statbar Samples count matches

2021-11-18 20:42:35 - [MESSAGE][PASSED] - Statbar Cases count matches

2021-11-18 20:42:35 - [MESSAGE][PASSED] - Statbar Studies count matches]]></system-out>
         <system-err><![CDATA[]]></system-err>
      </testcase>
      <system-out><![CDATA[2021-11-18 20:34:03 - [TEST_SUITE][PASSED] - COTC022_Study_TestSuite: Test Cases/Canine_TestCases/StudyCombinations/Study-Combinations-COTC022/TC11_Canine_StudyCOTC022-RespToTrtmt_Sex_NeutStatus]]></system-out>
      <system-err><![CDATA[]]></system-err>
   </testsuite>
</testsuites>
