<?xml version="1.0" encoding="UTF-8"?>
<testsuites name="Canine_TestSuite" time="1586.201" tests="74" failures="2" errors="0">
   <testsuite name="Canine_TestSuite" tests="74" failures="2" errors="0" time="1586.201" timestamp="2020-05-12 13:33:37" hostname="radhakrishnang2 - NCI-02150368-L.nci.nih.gov" id="Test Suites/Canine_TestSuite">
      <properties>
         <property name="deviceName" value=""/>
         <property name="devicePlatform" value=""/>
         <property name="logFolder" value="C:\\Users\\radhakrishnang2\\Desktop\\Commons_Automation\\Reports\\20200512_133335\\Canine_TestSuite\\20200512_133335"/>
         <property name="logFiles" value="C:\\Users\\radhakrishnang2\\Desktop\\Commons_Automation\\Reports\\20200512_133335\\Canine_TestSuite\\20200512_133335\\execution0.log"/>
         <property name="attachments" value="C:\\Users\\radhakrishnang2\\Desktop\\Commons_Automation\\Reports\\20200512_133335\\Canine_TestSuite\\20200512_133335/videos\\test_1.avi, C:\\Users\\radhakrishnang2\\Desktop\\Commons_Automation\\Reports\\20200512_133335\\Canine_TestSuite\\20200512_133335/videos\\test_2.avi, C:\\Users\\radhakrishnang2\\Desktop\\Commons_Automation\\Reports\\20200512_133335\\Canine_TestSuite\\20200512_133335/videos\\test_3.avi, C:\\Users\\radhakrishnang2\\Desktop\\Commons_Automation\\Reports\\20200512_133335\\Canine_TestSuite\\20200512_133335/videos\\test_4.avi, C:\\Users\\radhakrishnang2\\Desktop\\Commons_Automation\\Reports\\20200512_133335\\Canine_TestSuite\\20200512_133335/videos\\test_5.avi, C:\\Users\\radhakrishnang2\\Desktop\\Commons_Automation\\Reports\\20200512_133335\\Canine_TestSuite\\20200512_133335/videos\\test_6.avi, C:\\Users\\radhakrishnang2\\Desktop\\Commons_Automation\\Reports\\20200512_133335\\Canine_TestSuite\\20200512_133335/videos\\test_7.avi, C:\\Users\\radhakrishnang2\\Desktop\\Commons_Automation\\Reports\\20200512_133335\\Canine_TestSuite\\20200512_133335/videos\\test_8.avi, C:\\Users\\radhakrishnang2\\Desktop\\Commons_Automation\\Reports\\20200512_133335\\Canine_TestSuite\\20200512_133335/videos\\test_9.avi, C:\\Users\\radhakrishnang2\\Desktop\\Commons_Automation\\Reports\\20200512_133335\\Canine_TestSuite\\20200512_133335/videos\\test_10.avi, C:\\Users\\radhakrishnang2\\Desktop\\Commons_Automation\\Reports\\20200512_133335\\Canine_TestSuite\\20200512_133335/videos\\test_11.avi, C:\\Users\\radhakrishnang2\\Desktop\\Commons_Automation\\Reports\\20200512_133335\\Canine_TestSuite\\20200512_133335/videos\\test_12.avi, C:\\Users\\radhakrishnang2\\Desktop\\Commons_Automation\\Reports\\20200512_133335\\Canine_TestSuite\\20200512_133335/videos\\test_13.avi, C:\\Users\\radhakrishnang2\\Desktop\\Commons_Automation\\Reports\\20200512_133335\\Canine_TestSuite\\20200512_133335/videos\\test_14.avi, C:\\Users\\radhakrishnang2\\Desktop\\Commons_Automation\\Reports\\20200512_133335\\Canine_TestSuite\\20200512_133335/videos\\test_15.avi, C:\\Users\\radhakrishnang2\\Desktop\\Commons_Automation\\Reports\\20200512_133335\\Canine_TestSuite\\20200512_133335\\1589316035602.png, C:\\Users\\radhakrishnang2\\Desktop\\Commons_Automation\\Reports\\20200512_133335\\Canine_TestSuite\\20200512_133335/videos\\test_16.avi, C:\\Users\\radhakrishnang2\\Desktop\\Commons_Automation\\Reports\\20200512_133335\\Canine_TestSuite\\20200512_133335/videos\\test_17.avi, C:\\Users\\radhakrishnang2\\Desktop\\Commons_Automation\\Reports\\20200512_133335\\Canine_TestSuite\\20200512_133335/videos\\test_18.avi, C:\\Users\\radhakrishnang2\\Desktop\\Commons_Automation\\Reports\\20200512_133335\\Canine_TestSuite\\20200512_133335/videos\\test_19.avi, C:\\Users\\radhakrishnang2\\Desktop\\Commons_Automation\\Reports\\20200512_133335\\Canine_TestSuite\\20200512_133335/videos\\test_20.avi, C:\\Users\\radhakrishnang2\\Desktop\\Commons_Automation\\Reports\\20200512_133335\\Canine_TestSuite\\20200512_133335/videos\\test_21.avi, C:\\Users\\radhakrishnang2\\Desktop\\Commons_Automation\\Reports\\20200512_133335\\Canine_TestSuite\\20200512_133335/videos\\test_22.avi, C:\\Users\\radhakrishnang2\\Desktop\\Commons_Automation\\Reports\\20200512_133335\\Canine_TestSuite\\20200512_133335/videos\\test_23.avi, C:\\Users\\radhakrishnang2\\Desktop\\Commons_Automation\\Reports\\20200512_133335\\Canine_TestSuite\\20200512_133335/videos\\test_24.avi, C:\\Users\\radhakrishnang2\\Desktop\\Commons_Automation\\Reports\\20200512_133335\\Canine_TestSuite\\20200512_133335/videos\\test_25.avi, C:\\Users\\radhakrishnang2\\Desktop\\Commons_Automation\\Reports\\20200512_133335\\Canine_TestSuite\\20200512_133335/videos\\test_26.avi, C:\\Users\\radhakrishnang2\\Desktop\\Commons_Automation\\Reports\\20200512_133335\\Canine_TestSuite\\20200512_133335/videos\\test_27.avi, C:\\Users\\radhakrishnang2\\Desktop\\Commons_Automation\\Reports\\20200512_133335\\Canine_TestSuite\\20200512_133335/videos\\test_28.avi, C:\\Users\\radhakrishnang2\\Desktop\\Commons_Automation\\Reports\\20200512_133335\\Canine_TestSuite\\20200512_133335/videos\\test_29.avi, C:\\Users\\radhakrishnang2\\Desktop\\Commons_Automation\\Reports\\20200512_133335\\Canine_TestSuite\\20200512_133335/videos\\test_30.avi, C:\\Users\\radhakrishnang2\\Desktop\\Commons_Automation\\Reports\\20200512_133335\\Canine_TestSuite\\20200512_133335/videos\\test_31.avi, C:\\Users\\radhakrishnang2\\Desktop\\Commons_Automation\\Reports\\20200512_133335\\Canine_TestSuite\\20200512_133335/videos\\test_32.avi, C:\\Users\\radhakrishnang2\\Desktop\\Commons_Automation\\Reports\\20200512_133335\\Canine_TestSuite\\20200512_133335/videos\\test_33.avi, C:\\Users\\radhakrishnang2\\Desktop\\Commons_Automation\\Reports\\20200512_133335\\Canine_TestSuite\\20200512_133335/videos\\test_34.avi, C:\\Users\\radhakrishnang2\\Desktop\\Commons_Automation\\Reports\\20200512_133335\\Canine_TestSuite\\20200512_133335/videos\\test_35.avi, C:\\Users\\radhakrishnang2\\Desktop\\Commons_Automation\\Reports\\20200512_133335\\Canine_TestSuite\\20200512_133335/videos\\test_36.avi, C:\\Users\\radhakrishnang2\\Desktop\\Commons_Automation\\Reports\\20200512_133335\\Canine_TestSuite\\20200512_133335/videos\\test_37.avi, C:\\Users\\radhakrishnang2\\Desktop\\Commons_Automation\\Reports\\20200512_133335\\Canine_TestSuite\\20200512_133335/videos\\test_38.avi, C:\\Users\\radhakrishnang2\\Desktop\\Commons_Automation\\Reports\\20200512_133335\\Canine_TestSuite\\20200512_133335/videos\\test_39.avi, C:\\Users\\radhakrishnang2\\Desktop\\Commons_Automation\\Reports\\20200512_133335\\Canine_TestSuite\\20200512_133335/videos\\test_40.avi, C:\\Users\\radhakrishnang2\\Desktop\\Commons_Automation\\Reports\\20200512_133335\\Canine_TestSuite\\20200512_133335/videos\\test_41.avi, C:\\Users\\radhakrishnang2\\Desktop\\Commons_Automation\\Reports\\20200512_133335\\Canine_TestSuite\\20200512_133335/videos\\test_42.avi, C:\\Users\\radhakrishnang2\\Desktop\\Commons_Automation\\Reports\\20200512_133335\\Canine_TestSuite\\20200512_133335/videos\\test_43.avi, C:\\Users\\radhakrishnang2\\Desktop\\Commons_Automation\\Reports\\20200512_133335\\Canine_TestSuite\\20200512_133335/videos\\test_44.avi, C:\\Users\\radhakrishnang2\\Desktop\\Commons_Automation\\Reports\\20200512_133335\\Canine_TestSuite\\20200512_133335/videos\\test_45.avi, C:\\Users\\radhakrishnang2\\Desktop\\Commons_Automation\\Reports\\20200512_133335\\Canine_TestSuite\\20200512_133335/videos\\test_46.avi, C:\\Users\\radhakrishnang2\\Desktop\\Commons_Automation\\Reports\\20200512_133335\\Canine_TestSuite\\20200512_133335/videos\\test_47.avi, C:\\Users\\radhakrishnang2\\Desktop\\Commons_Automation\\Reports\\20200512_133335\\Canine_TestSuite\\20200512_133335/videos\\test_48.avi, C:\\Users\\radhakrishnang2\\Desktop\\Commons_Automation\\Reports\\20200512_133335\\Canine_TestSuite\\20200512_133335/videos\\test_49.avi, C:\\Users\\radhakrishnang2\\Desktop\\Commons_Automation\\Reports\\20200512_133335\\Canine_TestSuite\\20200512_133335/videos\\test_50.avi, C:\\Users\\radhakrishnang2\\Desktop\\Commons_Automation\\Reports\\20200512_133335\\Canine_TestSuite\\20200512_133335/videos\\test_51.avi, C:\\Users\\radhakrishnang2\\Desktop\\Commons_Automation\\Reports\\20200512_133335\\Canine_TestSuite\\20200512_133335/videos\\test_52.avi, C:\\Users\\radhakrishnang2\\Desktop\\Commons_Automation\\Reports\\20200512_133335\\Canine_TestSuite\\20200512_133335/videos\\test_53.avi, C:\\Users\\radhakrishnang2\\Desktop\\Commons_Automation\\Reports\\20200512_133335\\Canine_TestSuite\\20200512_133335/videos\\test_54.avi, C:\\Users\\radhakrishnang2\\Desktop\\Commons_Automation\\Reports\\20200512_133335\\Canine_TestSuite\\20200512_133335/videos\\test_55.avi, C:\\Users\\radhakrishnang2\\Desktop\\Commons_Automation\\Reports\\20200512_133335\\Canine_TestSuite\\20200512_133335/videos\\test_56.avi, C:\\Users\\radhakrishnang2\\Desktop\\Commons_Automation\\Reports\\20200512_133335\\Canine_TestSuite\\20200512_133335/videos\\test_57.avi, C:\\Users\\radhakrishnang2\\Desktop\\Commons_Automation\\Reports\\20200512_133335\\Canine_TestSuite\\20200512_133335/videos\\test_58.avi, C:\\Users\\radhakrishnang2\\Desktop\\Commons_Automation\\Reports\\20200512_133335\\Canine_TestSuite\\20200512_133335/videos\\test_59.avi, C:\\Users\\radhakrishnang2\\Desktop\\Commons_Automation\\Reports\\20200512_133335\\Canine_TestSuite\\20200512_133335/videos\\test_60.avi, C:\\Users\\radhakrishnang2\\Desktop\\Commons_Automation\\Reports\\20200512_133335\\Canine_TestSuite\\20200512_133335\\1589316922504.png, C:\\Users\\radhakrishnang2\\Desktop\\Commons_Automation\\Reports\\20200512_133335\\Canine_TestSuite\\20200512_133335/videos\\test_61.avi, C:\\Users\\radhakrishnang2\\Desktop\\Commons_Automation\\Reports\\20200512_133335\\Canine_TestSuite\\20200512_133335/videos\\test_62.avi, C:\\Users\\radhakrishnang2\\Desktop\\Commons_Automation\\Reports\\20200512_133335\\Canine_TestSuite\\20200512_133335/videos\\test_63.avi, C:\\Users\\radhakrishnang2\\Desktop\\Commons_Automation\\Reports\\20200512_133335\\Canine_TestSuite\\20200512_133335/videos\\test_64.avi, C:\\Users\\radhakrishnang2\\Desktop\\Commons_Automation\\Reports\\20200512_133335\\Canine_TestSuite\\20200512_133335/videos\\test_65.avi, C:\\Users\\radhakrishnang2\\Desktop\\Commons_Automation\\Reports\\20200512_133335\\Canine_TestSuite\\20200512_133335/videos\\test_66.avi, C:\\Users\\radhakrishnang2\\Desktop\\Commons_Automation\\Reports\\20200512_133335\\Canine_TestSuite\\20200512_133335/videos\\test_67.avi, C:\\Users\\radhakrishnang2\\Desktop\\Commons_Automation\\Reports\\20200512_133335\\Canine_TestSuite\\20200512_133335/videos\\test_68.avi, C:\\Users\\radhakrishnang2\\Desktop\\Commons_Automation\\Reports\\20200512_133335\\Canine_TestSuite\\20200512_133335/videos\\test_69.avi, C:\\Users\\radhakrishnang2\\Desktop\\Commons_Automation\\Reports\\20200512_133335\\Canine_TestSuite\\20200512_133335/videos\\test_70.avi, C:\\Users\\radhakrishnang2\\Desktop\\Commons_Automation\\Reports\\20200512_133335\\Canine_TestSuite\\20200512_133335/videos\\test_71.avi, C:\\Users\\radhakrishnang2\\Desktop\\Commons_Automation\\Reports\\20200512_133335\\Canine_TestSuite\\20200512_133335/videos\\test_72.avi, C:\\Users\\radhakrishnang2\\Desktop\\Commons_Automation\\Reports\\20200512_133335\\Canine_TestSuite\\20200512_133335/videos\\test_73.avi, C:\\Users\\radhakrishnang2\\Desktop\\Commons_Automation\\Reports\\20200512_133335\\Canine_TestSuite\\20200512_133335/videos\\test_74.avi"/>
         <property name="hostName" value="radhakrishnang2 - NCI-02150368-L.nci.nih.gov"/>
         <property name="os" value="Windows 10 64bit"/>
         <property name="katalonVersion" value="7.2.6.1"/>
         <property name="browser" value="Firefox 68.0"/>
         <property name="hostAddress" value="10.243.143.95"/>
         <property name="sessionId" value="114dde7d-8fb3-460e-aee3-7de51757a906"/>
         <property name="seleniumVersion" value="3.141.59"/>
         <property name="proxyInformation" value="ProxyInformation{proxyOption=NO_PROXY, proxyServerType=HTTP, password=, proxyServerAddress=, proxyServerPort=0, executionList=}"/>
         <property name="platform" value="Windows 10"/>
      </properties>
      <testcase name="Test Cases/Canine_TestCases/Study/TC01_Canine_Filter_Study-COTB" time="36.471" classname="Test Cases/Canine_TestCases/Study/TC01_Canine_Filter_Study-COTB" status="PASSED">
         <system-out><![CDATA[2020-05-12 13:33:37 - [TEST_CASE][PASSED] - Test Cases/Canine_TestCases/Study/TC01_Canine_Filter_Study-COTB: Test Cases/Canine_TestCases/Study/TC01_Canine_Filter_Study-COTB

2020-05-12 13:33:38 - [TEST_STEP][PASSED] - openBrowser(""): Browser is opened with url: ''

2020-05-12 13:33:38 - [MESSAGE][INFO] - Starting 'Firefox (headless)' driver

2020-05-12 13:33:39 - [MESSAGE][INFO] - Action delay is set to 0 seconds

2020-05-12 13:33:43 - [MESSAGE][PASSED] - Browser is opened with url: ''

2020-05-12 13:33:43 - [TEST_STEP][PASSED] - ctdc.utilities.runtestcaseforKatalon.browserDriver(""): ctdc.utilities.runtestcaseforKatalon.browserDriver is PASSED

2020-05-12 13:33:43 - [MESSAGE][PASSED] - ctdc.utilities.runtestcaseforKatalon.browserDriver is PASSED

2020-05-12 13:33:43 - [TEST_STEP][PASSED] - ctdc.utilities.runtestcaseforKatalon.RunKatalon("TC01_Canine_Filter_Study-COTB.xlsx"): Data loaded from input file for the test case. 

2020-05-12 13:33:43 - [MESSAGE][PASSED] - Test case file loaded This is the full filepath after converting to string :C:\Users\radhakrishnang2\Desktop\Commons_Automation\InputFiles\TC01_Canine_Filter_Study-COTB.xlsx

2020-05-12 13:33:44 - [MESSAGE][INFO] - Global variable set for password file is :  C:\Users\radhakrishnang2\Desktop\Commons_Automation\InputFiles\TC01_Canine_Filter_Study-COTB.xlsx

2020-05-12 13:33:44 - [MESSAGE][PASSED] - Data loaded from input file for the test case. 

2020-05-12 13:33:48 - [TEST_STEP][PASSED] - click(findTestObject("Object Repository/Canine/Canine_Cases_Btn")): Object: 'Object Repository/Canine/Canine_Cases_Btn' is clicked on

2020-05-12 13:33:48 - [MESSAGE][PASSED] - Object: 'Object Repository/Canine/Canine_Cases_Btn' is clicked on

2020-05-12 13:33:48 - [TEST_STEP][PASSED] - click(findTestObject("Canine/Filter/Study/Canine_Filter_Study")): Object: 'Object Repository/Canine/Filter/Study/Canine_Filter_Study' is clicked on

2020-05-12 13:33:50 - [MESSAGE][PASSED] - Object: 'Object Repository/Canine/Filter/Study/Canine_Filter_Study' is clicked on

2020-05-12 13:33:50 - [TEST_STEP][PASSED] - click(findTestObject("Canine/Filter/Study/Canine_Filter_Study-COTB_Chkbx")): Object: 'Object Repository/Canine/Filter/Study/Canine_Filter_Study-COTB_Chkbx' is clicked on

2020-05-12 13:33:51 - [MESSAGE][PASSED] - Object: 'Object Repository/Canine/Filter/Study/Canine_Filter_Study-COTB_Chkbx' is clicked on

2020-05-12 13:33:51 - [TEST_STEP][PASSED] - ctdc.utilities.runtestcaseforKatalon.ReadCasesTableKatalon("Object Repository/Canine/Canine_CasesTable", "Object Repository/Canine/Canine_TableHeader", "Object Repository/Canine/Canine_NextBtn"): ctdc.utilities.runtestcaseforKatalon.ReadCasesTableKatalon is PASSED

2020-05-12 13:34:07 - [MESSAGE][PASSED] - ctdc.utilities.runtestcaseforKatalon.ReadCasesTableKatalon is PASSED

2020-05-12 13:34:07 - [TEST_STEP][PASSED] - ctdc.utilities.ReadExcel.Neo4j(): ctdc.utilities.ReadExcel.Neo4j is PASSED

2020-05-12 13:34:12 - [MESSAGE][PASSED] - ctdc.utilities.ReadExcel.Neo4j is PASSED

2020-05-12 13:34:12 - [TEST_STEP][PASSED] - ctdc.utilities.runtestcaseforKatalon.compareLists(): ctdc.utilities.runtestcaseforKatalon.compareLists is PASSED

2020-05-12 13:34:12 - [MESSAGE][PASSED] - ctdc.utilities.runtestcaseforKatalon.compareLists is PASSED

2020-05-12 13:34:14 - [TEST_STEP][PASSED] - Video: Video recording for test case 'Test Cases/Canine_TestCases/Study/TC01_Canine_Filter_Study-COTB' .

2020-05-12 13:34:14 - [MESSAGE][INFO] - Video recording for test case 'Test Cases/Canine_TestCases/Study/TC01_Canine_Filter_Study-COTB' .
[[ATTACHMENT|C:\\Users\\radhakrishnang2\\Desktop\\Commons_Automation\\Reports\\20200512_133335\\Canine_TestSuite\\20200512_133335/videos\\test_1.avi]]]]></system-out>
         <system-err><![CDATA[]]></system-err>
      </testcase>
      <testcase name="Test Cases/Canine_TestCases/Study/TC02_Canine_Filter_Study-NCATS" time="26.747" classname="Test Cases/Canine_TestCases/Study/TC02_Canine_Filter_Study-NCATS" status="PASSED">
         <system-out><![CDATA[2020-05-12 13:34:14 - [TEST_CASE][PASSED] - Test Cases/Canine_TestCases/Study/TC02_Canine_Filter_Study-NCATS: Test Cases/Canine_TestCases/Study/TC02_Canine_Filter_Study-NCATS

2020-05-12 13:34:14 - [TEST_STEP][PASSED] - openBrowser(""): Browser is opened with url: ''

2020-05-12 13:34:14 - [MESSAGE][WARNING] - A browser is already opened. Closing browser and opening a new one

2020-05-12 13:34:15 - [MESSAGE][INFO] - Starting 'Firefox (headless)' driver

2020-05-12 13:34:18 - [MESSAGE][PASSED] - Browser is opened with url: ''

2020-05-12 13:34:18 - [TEST_STEP][PASSED] - ctdc.utilities.runtestcaseforKatalon.browserDriver(""): ctdc.utilities.runtestcaseforKatalon.browserDriver is PASSED

2020-05-12 13:34:18 - [MESSAGE][PASSED] - ctdc.utilities.runtestcaseforKatalon.browserDriver is PASSED

2020-05-12 13:34:18 - [TEST_STEP][PASSED] - ctdc.utilities.runtestcaseforKatalon.RunKatalon("TC02_Canine_Filter_Study-NCATS.xlsx"): Data loaded from input file for the test case. 

2020-05-12 13:34:18 - [MESSAGE][PASSED] - Test case file loaded This is the full filepath after converting to string :C:\Users\radhakrishnang2\Desktop\Commons_Automation\InputFiles\TC02_Canine_Filter_Study-NCATS.xlsx

2020-05-12 13:34:18 - [MESSAGE][INFO] - Global variable set for password file is :  C:\Users\radhakrishnang2\Desktop\Commons_Automation\InputFiles\TC02_Canine_Filter_Study-NCATS.xlsx

2020-05-12 13:34:18 - [MESSAGE][PASSED] - Data loaded from input file for the test case. 

2020-05-12 13:34:22 - [TEST_STEP][PASSED] - click(findTestObject("Object Repository/Canine/Canine_Cases_Btn")): Object: 'Object Repository/Canine/Canine_Cases_Btn' is clicked on

2020-05-12 13:34:22 - [MESSAGE][PASSED] - Object: 'Object Repository/Canine/Canine_Cases_Btn' is clicked on

2020-05-12 13:34:22 - [TEST_STEP][PASSED] - click(findTestObject("Canine/Filter/Study/Canine_Filter_Study")): Object: 'Object Repository/Canine/Filter/Study/Canine_Filter_Study' is clicked on

2020-05-12 13:34:24 - [MESSAGE][PASSED] - Object: 'Object Repository/Canine/Filter/Study/Canine_Filter_Study' is clicked on

2020-05-12 13:34:24 - [TEST_STEP][PASSED] - click(findTestObject("Canine/Filter/Study/Canine_Filter_Study-NCATS_Chkbx")): Object: 'Object Repository/Canine/Filter/Study/Canine_Filter_Study-NCATS_Chkbx' is clicked on

2020-05-12 13:34:24 - [MESSAGE][PASSED] - Object: 'Object Repository/Canine/Filter/Study/Canine_Filter_Study-NCATS_Chkbx' is clicked on

2020-05-12 13:34:24 - [TEST_STEP][PASSED] - ctdc.utilities.runtestcaseforKatalon.ReadCasesTableKatalon("Object Repository/Canine/Canine_CasesTable", "Object Repository/Canine/Canine_TableHeader", "Object Repository/Canine/Canine_NextBtn"): ctdc.utilities.runtestcaseforKatalon.ReadCasesTableKatalon is PASSED

2020-05-12 13:34:35 - [MESSAGE][PASSED] - ctdc.utilities.runtestcaseforKatalon.ReadCasesTableKatalon is PASSED

2020-05-12 13:34:35 - [TEST_STEP][PASSED] - ctdc.utilities.ReadExcel.Neo4j(): ctdc.utilities.ReadExcel.Neo4j is PASSED

2020-05-12 13:34:38 - [MESSAGE][PASSED] - ctdc.utilities.ReadExcel.Neo4j is PASSED

2020-05-12 13:34:38 - [TEST_STEP][PASSED] - ctdc.utilities.runtestcaseforKatalon.compareLists(): ctdc.utilities.runtestcaseforKatalon.compareLists is PASSED

2020-05-12 13:34:39 - [MESSAGE][PASSED] - ctdc.utilities.runtestcaseforKatalon.compareLists is PASSED

2020-05-12 13:34:41 - [TEST_STEP][PASSED] - Video: Video recording for test case 'Test Cases/Canine_TestCases/Study/TC02_Canine_Filter_Study-NCATS' .

2020-05-12 13:34:41 - [MESSAGE][INFO] - Video recording for test case 'Test Cases/Canine_TestCases/Study/TC02_Canine_Filter_Study-NCATS' .
[[ATTACHMENT|C:\\Users\\radhakrishnang2\\Desktop\\Commons_Automation\\Reports\\20200512_133335\\Canine_TestSuite\\20200512_133335/videos\\test_2.avi]]]]></system-out>
         <system-err><![CDATA[]]></system-err>
      </testcase>
      <testcase name="Test Cases/Canine_TestCases/Study/TC03_Canine_Filter_Study-ALL" time="42.614" classname="Test Cases/Canine_TestCases/Study/TC03_Canine_Filter_Study-ALL" status="PASSED">
         <system-out><![CDATA[2020-05-12 13:34:41 - [TEST_CASE][PASSED] - Test Cases/Canine_TestCases/Study/TC03_Canine_Filter_Study-ALL: Test Cases/Canine_TestCases/Study/TC03_Canine_Filter_Study-ALL

2020-05-12 13:34:41 - [TEST_STEP][PASSED] - openBrowser(""): Browser is opened with url: ''

2020-05-12 13:34:41 - [MESSAGE][WARNING] - A browser is already opened. Closing browser and opening a new one

2020-05-12 13:34:42 - [MESSAGE][INFO] - Starting 'Firefox (headless)' driver

2020-05-12 13:34:45 - [MESSAGE][PASSED] - Browser is opened with url: ''

2020-05-12 13:34:45 - [TEST_STEP][PASSED] - ctdc.utilities.runtestcaseforKatalon.browserDriver(""): ctdc.utilities.runtestcaseforKatalon.browserDriver is PASSED

2020-05-12 13:34:45 - [MESSAGE][PASSED] - ctdc.utilities.runtestcaseforKatalon.browserDriver is PASSED

2020-05-12 13:34:45 - [TEST_STEP][PASSED] - ctdc.utilities.runtestcaseforKatalon.RunKatalon("TC03_Canine_Filter_Study-ALL.xlsx"): Data loaded from input file for the test case. 

2020-05-12 13:34:45 - [MESSAGE][PASSED] - Test case file loaded This is the full filepath after converting to string :C:\Users\radhakrishnang2\Desktop\Commons_Automation\InputFiles\TC03_Canine_Filter_Study-ALL.xlsx

2020-05-12 13:34:45 - [MESSAGE][INFO] - Global variable set for password file is :  C:\Users\radhakrishnang2\Desktop\Commons_Automation\InputFiles\TC03_Canine_Filter_Study-ALL.xlsx

2020-05-12 13:34:45 - [MESSAGE][PASSED] - Data loaded from input file for the test case. 

2020-05-12 13:34:48 - [TEST_STEP][PASSED] - click(findTestObject("Object Repository/Canine/Canine_Cases_Btn")): Object: 'Object Repository/Canine/Canine_Cases_Btn' is clicked on

2020-05-12 13:34:48 - [MESSAGE][PASSED] - Object: 'Object Repository/Canine/Canine_Cases_Btn' is clicked on

2020-05-12 13:34:48 - [TEST_STEP][PASSED] - click(findTestObject("Canine/Filter/Study/Canine_Filter_Study")): Object: 'Object Repository/Canine/Filter/Study/Canine_Filter_Study' is clicked on

2020-05-12 13:34:50 - [MESSAGE][PASSED] - Object: 'Object Repository/Canine/Filter/Study/Canine_Filter_Study' is clicked on

2020-05-12 13:34:50 - [TEST_STEP][PASSED] - click(findTestObject("Canine/Filter/Study/Canine_Filter_Study-COTB_Chkbx")): Object: 'Object Repository/Canine/Filter/Study/Canine_Filter_Study-COTB_Chkbx' is clicked on

2020-05-12 13:34:51 - [MESSAGE][PASSED] - Object: 'Object Repository/Canine/Filter/Study/Canine_Filter_Study-COTB_Chkbx' is clicked on

2020-05-12 13:34:51 - [TEST_STEP][PASSED] - click(findTestObject("Canine/Filter/Study/Canine_Filter_Study-NCATS_Chkbx")): Object: 'Object Repository/Canine/Filter/Study/Canine_Filter_Study-NCATS_Chkbx' is clicked on

2020-05-12 13:34:51 - [MESSAGE][PASSED] - Object: 'Object Repository/Canine/Filter/Study/Canine_Filter_Study-NCATS_Chkbx' is clicked on

2020-05-12 13:34:51 - [TEST_STEP][PASSED] - ctdc.utilities.runtestcaseforKatalon.ReadCasesTableKatalon("Object Repository/Canine/Canine_CasesTable", "Object Repository/Canine/Canine_TableHeader", "Object Repository/Canine/Canine_NextBtn"): ctdc.utilities.runtestcaseforKatalon.ReadCasesTableKatalon is PASSED

2020-05-12 13:35:18 - [MESSAGE][PASSED] - ctdc.utilities.runtestcaseforKatalon.ReadCasesTableKatalon is PASSED

2020-05-12 13:35:18 - [TEST_STEP][PASSED] - ctdc.utilities.ReadExcel.Neo4j(): ctdc.utilities.ReadExcel.Neo4j is PASSED

2020-05-12 13:35:21 - [MESSAGE][PASSED] - ctdc.utilities.ReadExcel.Neo4j is PASSED

2020-05-12 13:35:21 - [TEST_STEP][PASSED] - ctdc.utilities.runtestcaseforKatalon.compareLists(): ctdc.utilities.runtestcaseforKatalon.compareLists is PASSED

2020-05-12 13:35:21 - [MESSAGE][PASSED] - ctdc.utilities.runtestcaseforKatalon.compareLists is PASSED

2020-05-12 13:35:23 - [TEST_STEP][PASSED] - Video: Video recording for test case 'Test Cases/Canine_TestCases/Study/TC03_Canine_Filter_Study-ALL' .

2020-05-12 13:35:23 - [MESSAGE][INFO] - Video recording for test case 'Test Cases/Canine_TestCases/Study/TC03_Canine_Filter_Study-ALL' .
[[ATTACHMENT|C:\\Users\\radhakrishnang2\\Desktop\\Commons_Automation\\Reports\\20200512_133335\\Canine_TestSuite\\20200512_133335/videos\\test_3.avi]]]]></system-out>
         <system-err><![CDATA[]]></system-err>
      </testcase>
      <testcase name="Test Cases/Canine_TestCases/StudyType/TC01_Canine_Filter_StudyType-ClinicalTrial" time="34.288" classname="Test Cases/Canine_TestCases/StudyType/TC01_Canine_Filter_StudyType-ClinicalTrial" status="PASSED">
         <system-out><![CDATA[2020-05-12 13:35:23 - [TEST_CASE][PASSED] - Test Cases/Canine_TestCases/StudyType/TC01_Canine_Filter_StudyType-ClinicalTrial: Test Cases/Canine_TestCases/StudyType/TC01_Canine_Filter_StudyType-ClinicalTrial

2020-05-12 13:35:24 - [TEST_STEP][PASSED] - openBrowser(""): Browser is opened with url: ''

2020-05-12 13:35:24 - [MESSAGE][WARNING] - A browser is already opened. Closing browser and opening a new one

2020-05-12 13:35:25 - [MESSAGE][INFO] - Starting 'Firefox (headless)' driver

2020-05-12 13:35:28 - [MESSAGE][PASSED] - Browser is opened with url: ''

2020-05-12 13:35:28 - [TEST_STEP][PASSED] - ctdc.utilities.runtestcaseforKatalon.browserDriver(""): ctdc.utilities.runtestcaseforKatalon.browserDriver is PASSED

2020-05-12 13:35:28 - [MESSAGE][PASSED] - ctdc.utilities.runtestcaseforKatalon.browserDriver is PASSED

2020-05-12 13:35:28 - [TEST_STEP][PASSED] - ctdc.utilities.runtestcaseforKatalon.RunKatalon("TC02_Canine_Filter_Diagnosis-LipLingual.xlsx"): Data loaded from input file for the test case. 

2020-05-12 13:35:28 - [MESSAGE][PASSED] - Test case file loaded This is the full filepath after converting to string :C:\Users\radhakrishnang2\Desktop\Commons_Automation\InputFiles\TC02_Canine_Filter_Diagnosis-LipLingual.xlsx

2020-05-12 13:35:28 - [MESSAGE][INFO] - Global variable set for password file is :  C:\Users\radhakrishnang2\Desktop\Commons_Automation\InputFiles\TC02_Canine_Filter_Diagnosis-LipLingual.xlsx

2020-05-12 13:35:28 - [MESSAGE][PASSED] - Data loaded from input file for the test case. 

2020-05-12 13:35:34 - [TEST_STEP][PASSED] - click(findTestObject("Object Repository/Canine/Canine_Cases_Btn")): Object: 'Object Repository/Canine/Canine_Cases_Btn' is clicked on

2020-05-12 13:35:34 - [MESSAGE][PASSED] - Object: 'Object Repository/Canine/Canine_Cases_Btn' is clicked on

2020-05-12 13:35:34 - [TEST_STEP][PASSED] - click(findTestObject("Canine/Filter/StudyType/Canine_Filter_StudyType")): Object: 'Object Repository/Canine/Filter/StudyType/Canine_Filter_StudyType' is clicked on

2020-05-12 13:35:36 - [MESSAGE][PASSED] - Object: 'Object Repository/Canine/Filter/StudyType/Canine_Filter_StudyType' is clicked on

2020-05-12 13:35:36 - [TEST_STEP][PASSED] - click(findTestObject("Canine/Filter/StudyType/Canine_Filter_StudyType-ClinTrials_Chkbx")): Object: 'Object Repository/Canine/Filter/StudyType/Canine_Filter_StudyType-ClinTrials_Chkbx' is clicked on

2020-05-12 13:35:36 - [MESSAGE][PASSED] - Object: 'Object Repository/Canine/Filter/StudyType/Canine_Filter_StudyType-ClinTrials_Chkbx' is clicked on

2020-05-12 13:35:36 - [TEST_STEP][PASSED] - ctdc.utilities.runtestcaseforKatalon.ReadCasesTableKatalon("Object Repository/Canine/Canine_CasesTable", "Object Repository/Canine/Canine_TableHeader", "Object Repository/Canine/Canine_NextBtn"): ctdc.utilities.runtestcaseforKatalon.ReadCasesTableKatalon is PASSED

2020-05-12 13:35:52 - [MESSAGE][PASSED] - ctdc.utilities.runtestcaseforKatalon.ReadCasesTableKatalon is PASSED

2020-05-12 13:35:52 - [TEST_STEP][PASSED] - ctdc.utilities.ReadExcel.Neo4j(): ctdc.utilities.ReadExcel.Neo4j is PASSED

2020-05-12 13:35:55 - [MESSAGE][PASSED] - ctdc.utilities.ReadExcel.Neo4j is PASSED

2020-05-12 13:35:55 - [TEST_STEP][PASSED] - ctdc.utilities.runtestcaseforKatalon.compareLists(): ctdc.utilities.runtestcaseforKatalon.compareLists is PASSED

2020-05-12 13:35:55 - [MESSAGE][PASSED] - ctdc.utilities.runtestcaseforKatalon.compareLists is PASSED

2020-05-12 13:35:58 - [TEST_STEP][PASSED] - Video: Video recording for test case 'Test Cases/Canine_TestCases/StudyType/TC01_Canine_Filter_StudyType-ClinicalTrial' .

2020-05-12 13:35:58 - [MESSAGE][INFO] - Video recording for test case 'Test Cases/Canine_TestCases/StudyType/TC01_Canine_Filter_StudyType-ClinicalTrial' .
[[ATTACHMENT|C:\\Users\\radhakrishnang2\\Desktop\\Commons_Automation\\Reports\\20200512_133335\\Canine_TestSuite\\20200512_133335/videos\\test_4.avi]]]]></system-out>
         <system-err><![CDATA[]]></system-err>
      </testcase>
      <testcase name="Test Cases/Canine_TestCases/StudyType/TC02_Canine_Filter_StudyType-Transcriptomics" time="32.435" classname="Test Cases/Canine_TestCases/StudyType/TC02_Canine_Filter_StudyType-Transcriptomics" status="PASSED">
         <system-out><![CDATA[2020-05-12 13:35:58 - [TEST_CASE][PASSED] - Test Cases/Canine_TestCases/StudyType/TC02_Canine_Filter_StudyType-Transcriptomics: Test Cases/Canine_TestCases/StudyType/TC02_Canine_Filter_StudyType-Transcriptomics

2020-05-12 13:35:58 - [TEST_STEP][PASSED] - openBrowser(""): Browser is opened with url: ''

2020-05-12 13:35:58 - [MESSAGE][WARNING] - A browser is already opened. Closing browser and opening a new one

2020-05-12 13:35:59 - [MESSAGE][INFO] - Starting 'Firefox (headless)' driver

2020-05-12 13:36:02 - [MESSAGE][PASSED] - Browser is opened with url: ''

2020-05-12 13:36:02 - [TEST_STEP][PASSED] - ctdc.utilities.runtestcaseforKatalon.browserDriver(""): ctdc.utilities.runtestcaseforKatalon.browserDriver is PASSED

2020-05-12 13:36:02 - [MESSAGE][PASSED] - ctdc.utilities.runtestcaseforKatalon.browserDriver is PASSED

2020-05-12 13:36:02 - [TEST_STEP][PASSED] - ctdc.utilities.runtestcaseforKatalon.RunKatalon("TC02_Canine_Filter_StudyType-Transcriptomics.xlsx"): Data loaded from input file for the test case. 

2020-05-12 13:36:02 - [MESSAGE][PASSED] - Test case file loaded This is the full filepath after converting to string :C:\Users\radhakrishnang2\Desktop\Commons_Automation\InputFiles\TC02_Canine_Filter_StudyType-Transcriptomics.xlsx

2020-05-12 13:36:02 - [MESSAGE][INFO] - Global variable set for password file is :  C:\Users\radhakrishnang2\Desktop\Commons_Automation\InputFiles\TC02_Canine_Filter_StudyType-Transcriptomics.xlsx

2020-05-12 13:36:02 - [MESSAGE][PASSED] - Data loaded from input file for the test case. 

2020-05-12 13:36:06 - [TEST_STEP][PASSED] - click(findTestObject("Object Repository/Canine/Canine_Cases_Btn")): Object: 'Object Repository/Canine/Canine_Cases_Btn' is clicked on

2020-05-12 13:36:06 - [MESSAGE][PASSED] - Object: 'Object Repository/Canine/Canine_Cases_Btn' is clicked on

2020-05-12 13:36:06 - [TEST_STEP][PASSED] - click(findTestObject("Canine/Filter/StudyType/Canine_Filter_StudyType")): Object: 'Object Repository/Canine/Filter/StudyType/Canine_Filter_StudyType' is clicked on

2020-05-12 13:36:08 - [MESSAGE][PASSED] - Object: 'Object Repository/Canine/Filter/StudyType/Canine_Filter_StudyType' is clicked on

2020-05-12 13:36:08 - [TEST_STEP][PASSED] - click(findTestObject("Canine/Filter/StudyType/Canine_Filter_StudyType-ClinTrials_Chkbx")): Object: 'Object Repository/Canine/Filter/StudyType/Canine_Filter_StudyType-ClinTrials_Chkbx' is clicked on

2020-05-12 13:36:08 - [MESSAGE][PASSED] - Object: 'Object Repository/Canine/Filter/StudyType/Canine_Filter_StudyType-ClinTrials_Chkbx' is clicked on

2020-05-12 13:36:08 - [TEST_STEP][PASSED] - ctdc.utilities.runtestcaseforKatalon.ReadCasesTableKatalon("Object Repository/Canine/Canine_CasesTable", "Object Repository/Canine/Canine_TableHeader", "Object Repository/Canine/Canine_NextBtn"): ctdc.utilities.runtestcaseforKatalon.ReadCasesTableKatalon is PASSED

2020-05-12 13:36:25 - [MESSAGE][PASSED] - ctdc.utilities.runtestcaseforKatalon.ReadCasesTableKatalon is PASSED

2020-05-12 13:36:25 - [TEST_STEP][PASSED] - ctdc.utilities.ReadExcel.Neo4j(): ctdc.utilities.ReadExcel.Neo4j is PASSED

2020-05-12 13:36:28 - [MESSAGE][PASSED] - ctdc.utilities.ReadExcel.Neo4j is PASSED

2020-05-12 13:36:28 - [TEST_STEP][PASSED] - ctdc.utilities.runtestcaseforKatalon.compareLists(): ctdc.utilities.runtestcaseforKatalon.compareLists is PASSED

2020-05-12 13:36:28 - [MESSAGE][PASSED] - ctdc.utilities.runtestcaseforKatalon.compareLists is PASSED

2020-05-12 13:36:30 - [TEST_STEP][PASSED] - Video: Video recording for test case 'Test Cases/Canine_TestCases/StudyType/TC02_Canine_Filter_StudyType-Transcriptomics' .

2020-05-12 13:36:30 - [MESSAGE][INFO] - Video recording for test case 'Test Cases/Canine_TestCases/StudyType/TC02_Canine_Filter_StudyType-Transcriptomics' .
[[ATTACHMENT|C:\\Users\\radhakrishnang2\\Desktop\\Commons_Automation\\Reports\\20200512_133335\\Canine_TestSuite\\20200512_133335/videos\\test_5.avi]]]]></system-out>
         <system-err><![CDATA[]]></system-err>
      </testcase>
      <testcase name="Test Cases/Canine_TestCases/StudyType/TC03_Canine_Filter_StudyType-ALL" time="33.626" classname="Test Cases/Canine_TestCases/StudyType/TC03_Canine_Filter_StudyType-ALL" status="PASSED">
         <system-out><![CDATA[2020-05-12 13:36:30 - [TEST_CASE][PASSED] - Test Cases/Canine_TestCases/StudyType/TC03_Canine_Filter_StudyType-ALL: Test Cases/Canine_TestCases/StudyType/TC03_Canine_Filter_StudyType-ALL

2020-05-12 13:36:30 - [TEST_STEP][PASSED] - openBrowser(""): Browser is opened with url: ''

2020-05-12 13:36:30 - [MESSAGE][WARNING] - A browser is already opened. Closing browser and opening a new one

2020-05-12 13:36:31 - [MESSAGE][INFO] - Starting 'Firefox (headless)' driver

2020-05-12 13:36:35 - [MESSAGE][PASSED] - Browser is opened with url: ''

2020-05-12 13:36:35 - [TEST_STEP][PASSED] - ctdc.utilities.runtestcaseforKatalon.browserDriver(""): ctdc.utilities.runtestcaseforKatalon.browserDriver is PASSED

2020-05-12 13:36:35 - [MESSAGE][PASSED] - ctdc.utilities.runtestcaseforKatalon.browserDriver is PASSED

2020-05-12 13:36:35 - [TEST_STEP][PASSED] - ctdc.utilities.runtestcaseforKatalon.RunKatalon("TC03_Canine_Filter_StudyType-ALL.xlsx"): Data loaded from input file for the test case. 

2020-05-12 13:36:35 - [MESSAGE][PASSED] - Test case file loaded This is the full filepath after converting to string :C:\Users\radhakrishnang2\Desktop\Commons_Automation\InputFiles\TC03_Canine_Filter_StudyType-ALL.xlsx

2020-05-12 13:36:35 - [MESSAGE][INFO] - Global variable set for password file is :  C:\Users\radhakrishnang2\Desktop\Commons_Automation\InputFiles\TC03_Canine_Filter_StudyType-ALL.xlsx

2020-05-12 13:36:35 - [MESSAGE][PASSED] - Data loaded from input file for the test case. 

2020-05-12 13:36:39 - [TEST_STEP][PASSED] - click(findTestObject("Object Repository/Canine/Canine_Cases_Btn")): Object: 'Object Repository/Canine/Canine_Cases_Btn' is clicked on

2020-05-12 13:36:39 - [MESSAGE][PASSED] - Object: 'Object Repository/Canine/Canine_Cases_Btn' is clicked on

2020-05-12 13:36:39 - [TEST_STEP][PASSED] - click(findTestObject("Canine/Filter/StudyType/Canine_Filter_StudyType")): Object: 'Object Repository/Canine/Filter/StudyType/Canine_Filter_StudyType' is clicked on

2020-05-12 13:36:41 - [MESSAGE][PASSED] - Object: 'Object Repository/Canine/Filter/StudyType/Canine_Filter_StudyType' is clicked on

2020-05-12 13:36:41 - [TEST_STEP][PASSED] - click(findTestObject("Canine/Filter/StudyType/Canine_Filter_StudyType-ClinTrials_Chkbx")): Object: 'Object Repository/Canine/Filter/StudyType/Canine_Filter_StudyType-ClinTrials_Chkbx' is clicked on

2020-05-12 13:36:42 - [MESSAGE][PASSED] - Object: 'Object Repository/Canine/Filter/StudyType/Canine_Filter_StudyType-ClinTrials_Chkbx' is clicked on

2020-05-12 13:36:42 - [TEST_STEP][PASSED] - ctdc.utilities.runtestcaseforKatalon.ReadCasesTableKatalon("Object Repository/Canine/Canine_CasesTable", "Object Repository/Canine/Canine_TableHeader", "Object Repository/Canine/Canine_NextBtn"): ctdc.utilities.runtestcaseforKatalon.ReadCasesTableKatalon is PASSED

2020-05-12 13:36:58 - [MESSAGE][PASSED] - ctdc.utilities.runtestcaseforKatalon.ReadCasesTableKatalon is PASSED

2020-05-12 13:36:58 - [TEST_STEP][PASSED] - ctdc.utilities.ReadExcel.Neo4j(): ctdc.utilities.ReadExcel.Neo4j is PASSED

2020-05-12 13:37:01 - [MESSAGE][PASSED] - ctdc.utilities.ReadExcel.Neo4j is PASSED

2020-05-12 13:37:01 - [TEST_STEP][PASSED] - ctdc.utilities.runtestcaseforKatalon.compareLists(): ctdc.utilities.runtestcaseforKatalon.compareLists is PASSED

2020-05-12 13:37:02 - [MESSAGE][PASSED] - ctdc.utilities.runtestcaseforKatalon.compareLists is PASSED

2020-05-12 13:37:04 - [TEST_STEP][PASSED] - Video: Video recording for test case 'Test Cases/Canine_TestCases/StudyType/TC03_Canine_Filter_StudyType-ALL' .

2020-05-12 13:37:04 - [MESSAGE][INFO] - Video recording for test case 'Test Cases/Canine_TestCases/StudyType/TC03_Canine_Filter_StudyType-ALL' .
[[ATTACHMENT|C:\\Users\\radhakrishnang2\\Desktop\\Commons_Automation\\Reports\\20200512_133335\\Canine_TestSuite\\20200512_133335/videos\\test_6.avi]]]]></system-out>
         <system-err><![CDATA[]]></system-err>
      </testcase>
      <testcase name="Test Cases/Canine_TestCases/Breed/TC01_Canine_Filter_Breed-Akita" time="21.762" classname="Test Cases/Canine_TestCases/Breed/TC01_Canine_Filter_Breed-Akita" status="PASSED">
         <system-out><![CDATA[2020-05-12 13:37:04 - [TEST_CASE][PASSED] - Test Cases/Canine_TestCases/Breed/TC01_Canine_Filter_Breed-Akita: Test Cases/Canine_TestCases/Breed/TC01_Canine_Filter_Breed-Akita

2020-05-12 13:37:04 - [TEST_STEP][PASSED] - openBrowser(""): Browser is opened with url: ''

2020-05-12 13:37:04 - [MESSAGE][WARNING] - A browser is already opened. Closing browser and opening a new one

2020-05-12 13:37:06 - [MESSAGE][INFO] - Starting 'Firefox (headless)' driver

2020-05-12 13:37:10 - [MESSAGE][PASSED] - Browser is opened with url: ''

2020-05-12 13:37:10 - [TEST_STEP][PASSED] - ctdc.utilities.runtestcaseforKatalon.browserDriver(""): ctdc.utilities.runtestcaseforKatalon.browserDriver is PASSED

2020-05-12 13:37:10 - [MESSAGE][PASSED] - ctdc.utilities.runtestcaseforKatalon.browserDriver is PASSED

2020-05-12 13:37:10 - [TEST_STEP][PASSED] - ctdc.utilities.runtestcaseforKatalon.RunKatalon("TC01_Canine_Filter_Breed-Akita.xlsx"): Data loaded from input file for the test case. 

2020-05-12 13:37:10 - [MESSAGE][PASSED] - Test case file loaded This is the full filepath after converting to string :C:\Users\radhakrishnang2\Desktop\Commons_Automation\InputFiles\TC01_Canine_Filter_Breed-Akita.xlsx

2020-05-12 13:37:10 - [MESSAGE][INFO] - Global variable set for password file is :  C:\Users\radhakrishnang2\Desktop\Commons_Automation\InputFiles\TC01_Canine_Filter_Breed-Akita.xlsx

2020-05-12 13:37:10 - [MESSAGE][PASSED] - Data loaded from input file for the test case. 

2020-05-12 13:37:14 - [TEST_STEP][PASSED] - click(findTestObject("Object Repository/Canine/Canine_Cases_Btn")): Object: 'Object Repository/Canine/Canine_Cases_Btn' is clicked on

2020-05-12 13:37:14 - [MESSAGE][PASSED] - Object: 'Object Repository/Canine/Canine_Cases_Btn' is clicked on

2020-05-12 13:37:14 - [TEST_STEP][PASSED] - click(findTestObject("Object Repository/Canine/Filter/Breed/BREED_Ddn")): Object: 'Object Repository/Canine/Filter/Breed/BREED_Ddn' is clicked on

2020-05-12 13:37:17 - [MESSAGE][PASSED] - Object: 'Object Repository/Canine/Filter/Breed/BREED_Ddn' is clicked on

2020-05-12 13:37:17 - [TEST_STEP][PASSED] - click(findTestObject("Object Repository/Canine/Filter/Breed/Akita_Chkbx")): Object: 'Object Repository/Canine/Filter/Breed/Akita_Chkbx' is clicked on

2020-05-12 13:37:19 - [MESSAGE][PASSED] - Object: 'Object Repository/Canine/Filter/Breed/Akita_Chkbx' is clicked on

2020-05-12 13:37:19 - [TEST_STEP][PASSED] - ctdc.utilities.runtestcaseforKatalon.ReadCasesTableKatalon("Object Repository/Canine/Canine_CasesTable", "Object Repository/Canine/Canine_TableHeader", "Object Repository/Canine/Canine_NextBtn"): ctdc.utilities.runtestcaseforKatalon.ReadCasesTableKatalon is PASSED

2020-05-12 13:37:20 - [MESSAGE][PASSED] - ctdc.utilities.runtestcaseforKatalon.ReadCasesTableKatalon is PASSED

2020-05-12 13:37:20 - [TEST_STEP][PASSED] - ctdc.utilities.ReadExcel.Neo4j(): ctdc.utilities.ReadExcel.Neo4j is PASSED

2020-05-12 13:37:23 - [MESSAGE][PASSED] - ctdc.utilities.ReadExcel.Neo4j is PASSED

2020-05-12 13:37:23 - [TEST_STEP][PASSED] - ctdc.utilities.runtestcaseforKatalon.compareLists(): ctdc.utilities.runtestcaseforKatalon.compareLists is PASSED

2020-05-12 13:37:23 - [MESSAGE][PASSED] - ctdc.utilities.runtestcaseforKatalon.compareLists is PASSED

2020-05-12 13:37:25 - [TEST_STEP][PASSED] - Video: Video recording for test case 'Test Cases/Canine_TestCases/Breed/TC01_Canine_Filter_Breed-Akita' .

2020-05-12 13:37:25 - [MESSAGE][INFO] - Video recording for test case 'Test Cases/Canine_TestCases/Breed/TC01_Canine_Filter_Breed-Akita' .
[[ATTACHMENT|C:\\Users\\radhakrishnang2\\Desktop\\Commons_Automation\\Reports\\20200512_133335\\Canine_TestSuite\\20200512_133335/videos\\test_7.avi]]]]></system-out>
         <system-err><![CDATA[]]></system-err>
      </testcase>
      <testcase name="Test Cases/Canine_TestCases/Breed/TC02_Canine_Filter_Breed-AmerStaffd" time="18.642" classname="Test Cases/Canine_TestCases/Breed/TC02_Canine_Filter_Breed-AmerStaffd" status="PASSED">
         <system-out><![CDATA[2020-05-12 13:37:25 - [TEST_CASE][PASSED] - Test Cases/Canine_TestCases/Breed/TC02_Canine_Filter_Breed-AmerStaffd: Test Cases/Canine_TestCases/Breed/TC02_Canine_Filter_Breed-AmerStaffd

2020-05-12 13:37:26 - [TEST_STEP][PASSED] - openBrowser(""): Browser is opened with url: ''

2020-05-12 13:37:26 - [MESSAGE][WARNING] - A browser is already opened. Closing browser and opening a new one

2020-05-12 13:37:27 - [MESSAGE][INFO] - Starting 'Firefox (headless)' driver

2020-05-12 13:37:31 - [MESSAGE][PASSED] - Browser is opened with url: ''

2020-05-12 13:37:31 - [TEST_STEP][PASSED] - ctdc.utilities.runtestcaseforKatalon.browserDriver(""): ctdc.utilities.runtestcaseforKatalon.browserDriver is PASSED

2020-05-12 13:37:31 - [MESSAGE][PASSED] - ctdc.utilities.runtestcaseforKatalon.browserDriver is PASSED

2020-05-12 13:37:31 - [TEST_STEP][PASSED] - ctdc.utilities.runtestcaseforKatalon.RunKatalon("TC02_Canine_Filter_Breed-AmerStaffd.xlsx"): Data loaded from input file for the test case. 

2020-05-12 13:37:31 - [MESSAGE][PASSED] - Test case file loaded This is the full filepath after converting to string :C:\Users\radhakrishnang2\Desktop\Commons_Automation\InputFiles\TC02_Canine_Filter_Breed-AmerStaffd.xlsx

2020-05-12 13:37:31 - [MESSAGE][INFO] - Global variable set for password file is :  C:\Users\radhakrishnang2\Desktop\Commons_Automation\InputFiles\TC02_Canine_Filter_Breed-AmerStaffd.xlsx

2020-05-12 13:37:31 - [MESSAGE][PASSED] - Data loaded from input file for the test case. 

2020-05-12 13:37:35 - [TEST_STEP][PASSED] - click(findTestObject("Object Repository/Canine/Canine_Cases_Btn")): Object: 'Object Repository/Canine/Canine_Cases_Btn' is clicked on

2020-05-12 13:37:35 - [MESSAGE][PASSED] - Object: 'Object Repository/Canine/Canine_Cases_Btn' is clicked on

2020-05-12 13:37:35 - [TEST_STEP][PASSED] - click(findTestObject("Object Repository/Canine/Filter/Breed/BREED_Ddn")): Object: 'Object Repository/Canine/Filter/Breed/BREED_Ddn' is clicked on

2020-05-12 13:37:37 - [MESSAGE][PASSED] - Object: 'Object Repository/Canine/Filter/Breed/BREED_Ddn' is clicked on

2020-05-12 13:37:37 - [TEST_STEP][PASSED] - click(findTestObject("Object Repository/Canine/Filter/Breed/AmerStaffd_Chkbx")): Object: 'Object Repository/Canine/Filter/Breed/AmerStaffd_Chkbx' is clicked on

2020-05-12 13:37:37 - [MESSAGE][PASSED] - Object: 'Object Repository/Canine/Filter/Breed/AmerStaffd_Chkbx' is clicked on

2020-05-12 13:37:37 - [TEST_STEP][PASSED] - ctdc.utilities.runtestcaseforKatalon.ReadCasesTableKatalon("Object Repository/Canine/Canine_CasesTable", "Object Repository/Canine/Canine_TableHeader", "Object Repository/Canine/Canine_NextBtn"): ctdc.utilities.runtestcaseforKatalon.ReadCasesTableKatalon is PASSED

2020-05-12 13:37:39 - [MESSAGE][PASSED] - ctdc.utilities.runtestcaseforKatalon.ReadCasesTableKatalon is PASSED

2020-05-12 13:37:39 - [TEST_STEP][PASSED] - ctdc.utilities.ReadExcel.Neo4j(): ctdc.utilities.ReadExcel.Neo4j is PASSED

2020-05-12 13:37:42 - [MESSAGE][PASSED] - ctdc.utilities.ReadExcel.Neo4j is PASSED

2020-05-12 13:37:42 - [TEST_STEP][PASSED] - ctdc.utilities.runtestcaseforKatalon.compareLists(): ctdc.utilities.runtestcaseforKatalon.compareLists is PASSED

2020-05-12 13:37:42 - [MESSAGE][PASSED] - ctdc.utilities.runtestcaseforKatalon.compareLists is PASSED

2020-05-12 13:37:44 - [TEST_STEP][PASSED] - Video: Video recording for test case 'Test Cases/Canine_TestCases/Breed/TC02_Canine_Filter_Breed-AmerStaffd' .

2020-05-12 13:37:44 - [MESSAGE][INFO] - Video recording for test case 'Test Cases/Canine_TestCases/Breed/TC02_Canine_Filter_Breed-AmerStaffd' .
[[ATTACHMENT|C:\\Users\\radhakrishnang2\\Desktop\\Commons_Automation\\Reports\\20200512_133335\\Canine_TestSuite\\20200512_133335/videos\\test_8.avi]]]]></system-out>
         <system-err><![CDATA[]]></system-err>
      </testcase>
      <testcase name="Test Cases/Canine_TestCases/Breed/TC03_Canine_Filter_Breed-AusShephd" time="18.616" classname="Test Cases/Canine_TestCases/Breed/TC03_Canine_Filter_Breed-AusShephd" status="PASSED">
         <system-out><![CDATA[2020-05-12 13:37:44 - [TEST_CASE][PASSED] - Test Cases/Canine_TestCases/Breed/TC03_Canine_Filter_Breed-AusShephd: Test Cases/Canine_TestCases/Breed/TC03_Canine_Filter_Breed-AusShephd

2020-05-12 13:37:44 - [TEST_STEP][PASSED] - openBrowser(""): Browser is opened with url: ''

2020-05-12 13:37:44 - [MESSAGE][WARNING] - A browser is already opened. Closing browser and opening a new one

2020-05-12 13:37:45 - [MESSAGE][INFO] - Starting 'Firefox (headless)' driver

2020-05-12 13:37:49 - [MESSAGE][PASSED] - Browser is opened with url: ''

2020-05-12 13:37:49 - [TEST_STEP][PASSED] - ctdc.utilities.runtestcaseforKatalon.browserDriver(""): ctdc.utilities.runtestcaseforKatalon.browserDriver is PASSED

2020-05-12 13:37:49 - [MESSAGE][PASSED] - ctdc.utilities.runtestcaseforKatalon.browserDriver is PASSED

2020-05-12 13:37:49 - [TEST_STEP][PASSED] - ctdc.utilities.runtestcaseforKatalon.RunKatalon("TC03_Canine_Filter_Breed-AusShephd.xlsx"): Data loaded from input file for the test case. 

2020-05-12 13:37:49 - [MESSAGE][PASSED] - Test case file loaded This is the full filepath after converting to string :C:\Users\radhakrishnang2\Desktop\Commons_Automation\InputFiles\TC03_Canine_Filter_Breed-AusShephd.xlsx

2020-05-12 13:37:49 - [MESSAGE][INFO] - Global variable set for password file is :  C:\Users\radhakrishnang2\Desktop\Commons_Automation\InputFiles\TC03_Canine_Filter_Breed-AusShephd.xlsx

2020-05-12 13:37:49 - [MESSAGE][PASSED] - Data loaded from input file for the test case. 

2020-05-12 13:37:54 - [TEST_STEP][PASSED] - click(findTestObject("Object Repository/Canine/Canine_Cases_Btn")): Object: 'Object Repository/Canine/Canine_Cases_Btn' is clicked on

2020-05-12 13:37:54 - [MESSAGE][PASSED] - Object: 'Object Repository/Canine/Canine_Cases_Btn' is clicked on

2020-05-12 13:37:54 - [TEST_STEP][PASSED] - click(findTestObject("Object Repository/Canine/Filter/Breed/BREED_Ddn")): Object: 'Object Repository/Canine/Filter/Breed/BREED_Ddn' is clicked on

2020-05-12 13:37:56 - [MESSAGE][PASSED] - Object: 'Object Repository/Canine/Filter/Breed/BREED_Ddn' is clicked on

2020-05-12 13:37:56 - [TEST_STEP][PASSED] - click(findTestObject("Object Repository/Canine/Filter/Breed/AusShephd_Chkbx")): Object: 'Object Repository/Canine/Filter/Breed/AusShephd_Chkbx' is clicked on

2020-05-12 13:37:56 - [MESSAGE][PASSED] - Object: 'Object Repository/Canine/Filter/Breed/AusShephd_Chkbx' is clicked on

2020-05-12 13:37:56 - [TEST_STEP][PASSED] - ctdc.utilities.runtestcaseforKatalon.ReadCasesTableKatalon("Object Repository/Canine/Canine_CasesTable", "Object Repository/Canine/Canine_TableHeader", "Object Repository/Canine/Canine_NextBtn"): ctdc.utilities.runtestcaseforKatalon.ReadCasesTableKatalon is PASSED

2020-05-12 13:37:57 - [MESSAGE][PASSED] - ctdc.utilities.runtestcaseforKatalon.ReadCasesTableKatalon is PASSED

2020-05-12 13:37:57 - [TEST_STEP][PASSED] - ctdc.utilities.ReadExcel.Neo4j(): ctdc.utilities.ReadExcel.Neo4j is PASSED

2020-05-12 13:38:01 - [MESSAGE][PASSED] - ctdc.utilities.ReadExcel.Neo4j is PASSED

2020-05-12 13:38:01 - [TEST_STEP][PASSED] - ctdc.utilities.runtestcaseforKatalon.compareLists(): ctdc.utilities.runtestcaseforKatalon.compareLists is PASSED

2020-05-12 13:38:01 - [MESSAGE][PASSED] - ctdc.utilities.runtestcaseforKatalon.compareLists is PASSED

2020-05-12 13:38:03 - [TEST_STEP][PASSED] - Video: Video recording for test case 'Test Cases/Canine_TestCases/Breed/TC03_Canine_Filter_Breed-AusShephd' .

2020-05-12 13:38:03 - [MESSAGE][INFO] - Video recording for test case 'Test Cases/Canine_TestCases/Breed/TC03_Canine_Filter_Breed-AusShephd' .
[[ATTACHMENT|C:\\Users\\radhakrishnang2\\Desktop\\Commons_Automation\\Reports\\20200512_133335\\Canine_TestSuite\\20200512_133335/videos\\test_9.avi]]]]></system-out>
         <system-err><![CDATA[]]></system-err>
      </testcase>
      <testcase name="Test Cases/Canine_TestCases/Breed/TC04_Canine_Filter_Breed-BassHnd" time="18.099" classname="Test Cases/Canine_TestCases/Breed/TC04_Canine_Filter_Breed-BassHnd" status="PASSED">
         <system-out><![CDATA[2020-05-12 13:38:03 - [TEST_CASE][PASSED] - Test Cases/Canine_TestCases/Breed/TC04_Canine_Filter_Breed-BassHnd: Test Cases/Canine_TestCases/Breed/TC04_Canine_Filter_Breed-BassHnd

2020-05-12 13:38:03 - [TEST_STEP][PASSED] - openBrowser(""): Browser is opened with url: ''

2020-05-12 13:38:03 - [MESSAGE][WARNING] - A browser is already opened. Closing browser and opening a new one

2020-05-12 13:38:04 - [MESSAGE][INFO] - Starting 'Firefox (headless)' driver

2020-05-12 13:38:07 - [MESSAGE][PASSED] - Browser is opened with url: ''

2020-05-12 13:38:07 - [TEST_STEP][PASSED] - ctdc.utilities.runtestcaseforKatalon.browserDriver(""): ctdc.utilities.runtestcaseforKatalon.browserDriver is PASSED

2020-05-12 13:38:07 - [MESSAGE][PASSED] - ctdc.utilities.runtestcaseforKatalon.browserDriver is PASSED

2020-05-12 13:38:07 - [TEST_STEP][PASSED] - ctdc.utilities.runtestcaseforKatalon.RunKatalon("TC04_Canine_Filter_Breed-BassHnd.xlsx"): Data loaded from input file for the test case. 

2020-05-12 13:38:07 - [MESSAGE][PASSED] - Test case file loaded This is the full filepath after converting to string :C:\Users\radhakrishnang2\Desktop\Commons_Automation\InputFiles\TC04_Canine_Filter_Breed-BassHnd.xlsx

2020-05-12 13:38:07 - [MESSAGE][INFO] - Global variable set for password file is :  C:\Users\radhakrishnang2\Desktop\Commons_Automation\InputFiles\TC04_Canine_Filter_Breed-BassHnd.xlsx

2020-05-12 13:38:07 - [MESSAGE][PASSED] - Data loaded from input file for the test case. 

2020-05-12 13:38:12 - [TEST_STEP][PASSED] - click(findTestObject("Object Repository/Canine/Canine_Cases_Btn")): Object: 'Object Repository/Canine/Canine_Cases_Btn' is clicked on

2020-05-12 13:38:12 - [MESSAGE][PASSED] - Object: 'Object Repository/Canine/Canine_Cases_Btn' is clicked on

2020-05-12 13:38:12 - [TEST_STEP][PASSED] - click(findTestObject("Object Repository/Canine/Filter/Breed/BREED_Ddn")): Object: 'Object Repository/Canine/Filter/Breed/BREED_Ddn' is clicked on

2020-05-12 13:38:14 - [MESSAGE][PASSED] - Object: 'Object Repository/Canine/Filter/Breed/BREED_Ddn' is clicked on

2020-05-12 13:38:14 - [TEST_STEP][PASSED] - click(findTestObject("Object Repository/Canine/Filter/Breed/BassHnd_Chkbx")): Object: 'Object Repository/Canine/Filter/Breed/BassHnd_Chkbx' is clicked on

2020-05-12 13:38:15 - [MESSAGE][PASSED] - Object: 'Object Repository/Canine/Filter/Breed/BassHnd_Chkbx' is clicked on

2020-05-12 13:38:15 - [TEST_STEP][PASSED] - ctdc.utilities.runtestcaseforKatalon.ReadCasesTableKatalon("Object Repository/Canine/Canine_CasesTable", "Object Repository/Canine/Canine_TableHeader", "Object Repository/Canine/Canine_NextBtn"): ctdc.utilities.runtestcaseforKatalon.ReadCasesTableKatalon is PASSED

2020-05-12 13:38:15 - [MESSAGE][PASSED] - ctdc.utilities.runtestcaseforKatalon.ReadCasesTableKatalon is PASSED

2020-05-12 13:38:15 - [TEST_STEP][PASSED] - ctdc.utilities.ReadExcel.Neo4j(): ctdc.utilities.ReadExcel.Neo4j is PASSED

2020-05-12 13:38:19 - [MESSAGE][PASSED] - ctdc.utilities.ReadExcel.Neo4j is PASSED

2020-05-12 13:38:19 - [TEST_STEP][PASSED] - ctdc.utilities.runtestcaseforKatalon.compareLists(): ctdc.utilities.runtestcaseforKatalon.compareLists is PASSED

2020-05-12 13:38:19 - [MESSAGE][PASSED] - ctdc.utilities.runtestcaseforKatalon.compareLists is PASSED

2020-05-12 13:38:21 - [TEST_STEP][PASSED] - Video: Video recording for test case 'Test Cases/Canine_TestCases/Breed/TC04_Canine_Filter_Breed-BassHnd' .

2020-05-12 13:38:21 - [MESSAGE][INFO] - Video recording for test case 'Test Cases/Canine_TestCases/Breed/TC04_Canine_Filter_Breed-BassHnd' .
[[ATTACHMENT|C:\\Users\\radhakrishnang2\\Desktop\\Commons_Automation\\Reports\\20200512_133335\\Canine_TestSuite\\20200512_133335/videos\\test_10.avi]]]]></system-out>
         <system-err><![CDATA[]]></system-err>
      </testcase>
      <testcase name="Test Cases/Canine_TestCases/Breed/TC05_Canine_Filter_Breed-Beagle" time="23.182" classname="Test Cases/Canine_TestCases/Breed/TC05_Canine_Filter_Breed-Beagle" status="PASSED">
         <system-out><![CDATA[2020-05-12 13:38:21 - [TEST_CASE][PASSED] - Test Cases/Canine_TestCases/Breed/TC05_Canine_Filter_Breed-Beagle: Test Cases/Canine_TestCases/Breed/TC05_Canine_Filter_Breed-Beagle

2020-05-12 13:38:21 - [TEST_STEP][PASSED] - openBrowser(""): Browser is opened with url: ''

2020-05-12 13:38:21 - [MESSAGE][WARNING] - A browser is already opened. Closing browser and opening a new one

2020-05-12 13:38:22 - [MESSAGE][INFO] - Starting 'Firefox (headless)' driver

2020-05-12 13:38:26 - [MESSAGE][PASSED] - Browser is opened with url: ''

2020-05-12 13:38:26 - [TEST_STEP][PASSED] - ctdc.utilities.runtestcaseforKatalon.browserDriver(""): ctdc.utilities.runtestcaseforKatalon.browserDriver is PASSED

2020-05-12 13:38:26 - [MESSAGE][PASSED] - ctdc.utilities.runtestcaseforKatalon.browserDriver is PASSED

2020-05-12 13:38:26 - [TEST_STEP][PASSED] - ctdc.utilities.runtestcaseforKatalon.RunKatalon("TC05_Canine_Filter_Breed-Beagle.xlsx"): Data loaded from input file for the test case. 

2020-05-12 13:38:26 - [MESSAGE][PASSED] - Test case file loaded This is the full filepath after converting to string :C:\Users\radhakrishnang2\Desktop\Commons_Automation\InputFiles\TC05_Canine_Filter_Breed-Beagle.xlsx

2020-05-12 13:38:26 - [MESSAGE][INFO] - Global variable set for password file is :  C:\Users\radhakrishnang2\Desktop\Commons_Automation\InputFiles\TC05_Canine_Filter_Breed-Beagle.xlsx

2020-05-12 13:38:26 - [MESSAGE][PASSED] - Data loaded from input file for the test case. 

2020-05-12 13:38:35 - [TEST_STEP][PASSED] - click(findTestObject("Object Repository/Canine/Canine_Cases_Btn")): Object: 'Object Repository/Canine/Canine_Cases_Btn' is clicked on

2020-05-12 13:38:35 - [MESSAGE][PASSED] - Object: 'Object Repository/Canine/Canine_Cases_Btn' is clicked on

2020-05-12 13:38:35 - [TEST_STEP][PASSED] - click(findTestObject("Object Repository/Canine/Filter/Breed/BREED_Ddn")): Object: 'Object Repository/Canine/Filter/Breed/BREED_Ddn' is clicked on

2020-05-12 13:38:37 - [MESSAGE][PASSED] - Object: 'Object Repository/Canine/Filter/Breed/BREED_Ddn' is clicked on

2020-05-12 13:38:37 - [TEST_STEP][PASSED] - click(findTestObject("Object Repository/Canine/Filter/Breed/Beagle_Chkbx")): Object: 'Object Repository/Canine/Filter/Breed/Beagle_Chkbx' is clicked on

2020-05-12 13:38:37 - [MESSAGE][PASSED] - Object: 'Object Repository/Canine/Filter/Breed/Beagle_Chkbx' is clicked on

2020-05-12 13:38:37 - [TEST_STEP][PASSED] - ctdc.utilities.runtestcaseforKatalon.ReadCasesTableKatalon("Object Repository/Canine/Canine_CasesTable", "Object Repository/Canine/Canine_TableHeader", "Object Repository/Canine/Canine_NextBtn"): ctdc.utilities.runtestcaseforKatalon.ReadCasesTableKatalon is PASSED

2020-05-12 13:38:38 - [MESSAGE][PASSED] - ctdc.utilities.runtestcaseforKatalon.ReadCasesTableKatalon is PASSED

2020-05-12 13:38:38 - [TEST_STEP][PASSED] - ctdc.utilities.ReadExcel.Neo4j(): ctdc.utilities.ReadExcel.Neo4j is PASSED

2020-05-12 13:38:42 - [MESSAGE][PASSED] - ctdc.utilities.ReadExcel.Neo4j is PASSED

2020-05-12 13:38:42 - [TEST_STEP][PASSED] - ctdc.utilities.runtestcaseforKatalon.compareLists(): ctdc.utilities.runtestcaseforKatalon.compareLists is PASSED

2020-05-12 13:38:42 - [MESSAGE][PASSED] - ctdc.utilities.runtestcaseforKatalon.compareLists is PASSED

2020-05-12 13:38:44 - [TEST_STEP][PASSED] - Video: Video recording for test case 'Test Cases/Canine_TestCases/Breed/TC05_Canine_Filter_Breed-Beagle' .

2020-05-12 13:38:44 - [MESSAGE][INFO] - Video recording for test case 'Test Cases/Canine_TestCases/Breed/TC05_Canine_Filter_Breed-Beagle' .
[[ATTACHMENT|C:\\Users\\radhakrishnang2\\Desktop\\Commons_Automation\\Reports\\20200512_133335\\Canine_TestSuite\\20200512_133335/videos\\test_11.avi]]]]></system-out>
         <system-err><![CDATA[]]></system-err>
      </testcase>
      <testcase name="Test Cases/Canine_TestCases/Breed/TC06_Canine_Filter_Breed-BelgMalin" time="17.629" classname="Test Cases/Canine_TestCases/Breed/TC06_Canine_Filter_Breed-BelgMalin" status="PASSED">
         <system-out><![CDATA[2020-05-12 13:38:44 - [TEST_CASE][PASSED] - Test Cases/Canine_TestCases/Breed/TC06_Canine_Filter_Breed-BelgMalin: Test Cases/Canine_TestCases/Breed/TC06_Canine_Filter_Breed-BelgMalin

2020-05-12 13:38:44 - [TEST_STEP][PASSED] - openBrowser(""): Browser is opened with url: ''

2020-05-12 13:38:44 - [MESSAGE][WARNING] - A browser is already opened. Closing browser and opening a new one

2020-05-12 13:38:45 - [MESSAGE][INFO] - Starting 'Firefox (headless)' driver

2020-05-12 13:38:49 - [MESSAGE][PASSED] - Browser is opened with url: ''

2020-05-12 13:38:49 - [TEST_STEP][PASSED] - ctdc.utilities.runtestcaseforKatalon.browserDriver(""): ctdc.utilities.runtestcaseforKatalon.browserDriver is PASSED

2020-05-12 13:38:49 - [MESSAGE][PASSED] - ctdc.utilities.runtestcaseforKatalon.browserDriver is PASSED

2020-05-12 13:38:49 - [TEST_STEP][PASSED] - ctdc.utilities.runtestcaseforKatalon.RunKatalon("TC06_Canine_Filter_Breed-BelgMalin.xlsx"): Data loaded from input file for the test case. 

2020-05-12 13:38:49 - [MESSAGE][PASSED] - Test case file loaded This is the full filepath after converting to string :C:\Users\radhakrishnang2\Desktop\Commons_Automation\InputFiles\TC06_Canine_Filter_Breed-BelgMalin.xlsx

2020-05-12 13:38:49 - [MESSAGE][INFO] - Global variable set for password file is :  C:\Users\radhakrishnang2\Desktop\Commons_Automation\InputFiles\TC06_Canine_Filter_Breed-BelgMalin.xlsx

2020-05-12 13:38:49 - [MESSAGE][PASSED] - Data loaded from input file for the test case. 

2020-05-12 13:38:53 - [TEST_STEP][PASSED] - click(findTestObject("Object Repository/Canine/Canine_Cases_Btn")): Object: 'Object Repository/Canine/Canine_Cases_Btn' is clicked on

2020-05-12 13:38:53 - [MESSAGE][PASSED] - Object: 'Object Repository/Canine/Canine_Cases_Btn' is clicked on

2020-05-12 13:38:53 - [TEST_STEP][PASSED] - click(findTestObject("Object Repository/Canine/Filter/Breed/BREED_Ddn")): Object: 'Object Repository/Canine/Filter/Breed/BREED_Ddn' is clicked on

2020-05-12 13:38:55 - [MESSAGE][PASSED] - Object: 'Object Repository/Canine/Filter/Breed/BREED_Ddn' is clicked on

2020-05-12 13:38:55 - [TEST_STEP][PASSED] - click(findTestObject("Object Repository/Canine/Filter/Breed/BelgMalin_Chkbx")): Object: 'Object Repository/Canine/Filter/Breed/BelgMalin_Chkbx' is clicked on

2020-05-12 13:38:55 - [MESSAGE][PASSED] - Object: 'Object Repository/Canine/Filter/Breed/BelgMalin_Chkbx' is clicked on

2020-05-12 13:38:55 - [TEST_STEP][PASSED] - ctdc.utilities.runtestcaseforKatalon.ReadCasesTableKatalon("Object Repository/Canine/Canine_CasesTable", "Object Repository/Canine/Canine_TableHeader", "Object Repository/Canine/Canine_NextBtn"): ctdc.utilities.runtestcaseforKatalon.ReadCasesTableKatalon is PASSED

2020-05-12 13:38:56 - [MESSAGE][PASSED] - ctdc.utilities.runtestcaseforKatalon.ReadCasesTableKatalon is PASSED

2020-05-12 13:38:56 - [TEST_STEP][PASSED] - ctdc.utilities.ReadExcel.Neo4j(): ctdc.utilities.ReadExcel.Neo4j is PASSED

2020-05-12 13:38:59 - [MESSAGE][PASSED] - ctdc.utilities.ReadExcel.Neo4j is PASSED

2020-05-12 13:38:59 - [TEST_STEP][PASSED] - ctdc.utilities.runtestcaseforKatalon.compareLists(): ctdc.utilities.runtestcaseforKatalon.compareLists is PASSED

2020-05-12 13:39:00 - [MESSAGE][PASSED] - ctdc.utilities.runtestcaseforKatalon.compareLists is PASSED

2020-05-12 13:39:02 - [TEST_STEP][PASSED] - Video: Video recording for test case 'Test Cases/Canine_TestCases/Breed/TC06_Canine_Filter_Breed-BelgMalin' .

2020-05-12 13:39:02 - [MESSAGE][INFO] - Video recording for test case 'Test Cases/Canine_TestCases/Breed/TC06_Canine_Filter_Breed-BelgMalin' .
[[ATTACHMENT|C:\\Users\\radhakrishnang2\\Desktop\\Commons_Automation\\Reports\\20200512_133335\\Canine_TestSuite\\20200512_133335/videos\\test_12.avi]]]]></system-out>
         <system-err><![CDATA[]]></system-err>
      </testcase>
      <testcase name="Test Cases/Canine_TestCases/Breed/TC07_Canine_Filter_Breed-BrnMtnDog" time="17.965" classname="Test Cases/Canine_TestCases/Breed/TC07_Canine_Filter_Breed-BrnMtnDog" status="PASSED">
         <system-out><![CDATA[2020-05-12 13:39:02 - [TEST_CASE][PASSED] - Test Cases/Canine_TestCases/Breed/TC07_Canine_Filter_Breed-BrnMtnDog: Test Cases/Canine_TestCases/Breed/TC07_Canine_Filter_Breed-BrnMtnDog

2020-05-12 13:39:02 - [TEST_STEP][PASSED] - openBrowser(""): Browser is opened with url: ''

2020-05-12 13:39:02 - [MESSAGE][WARNING] - A browser is already opened. Closing browser and opening a new one

2020-05-12 13:39:03 - [MESSAGE][INFO] - Starting 'Firefox (headless)' driver

2020-05-12 13:39:06 - [MESSAGE][PASSED] - Browser is opened with url: ''

2020-05-12 13:39:06 - [TEST_STEP][PASSED] - ctdc.utilities.runtestcaseforKatalon.browserDriver(""): ctdc.utilities.runtestcaseforKatalon.browserDriver is PASSED

2020-05-12 13:39:06 - [MESSAGE][PASSED] - ctdc.utilities.runtestcaseforKatalon.browserDriver is PASSED

2020-05-12 13:39:06 - [TEST_STEP][PASSED] - ctdc.utilities.runtestcaseforKatalon.RunKatalon("TC07_Canine_Filter_Breed-BrnMtnDog.xlsx"): Data loaded from input file for the test case. 

2020-05-12 13:39:06 - [MESSAGE][PASSED] - Test case file loaded This is the full filepath after converting to string :C:\Users\radhakrishnang2\Desktop\Commons_Automation\InputFiles\TC07_Canine_Filter_Breed-BrnMtnDog.xlsx

2020-05-12 13:39:06 - [MESSAGE][INFO] - Global variable set for password file is :  C:\Users\radhakrishnang2\Desktop\Commons_Automation\InputFiles\TC07_Canine_Filter_Breed-BrnMtnDog.xlsx

2020-05-12 13:39:06 - [MESSAGE][PASSED] - Data loaded from input file for the test case. 

2020-05-12 13:39:10 - [TEST_STEP][PASSED] - click(findTestObject("Object Repository/Canine/Canine_Cases_Btn")): Object: 'Object Repository/Canine/Canine_Cases_Btn' is clicked on

2020-05-12 13:39:10 - [MESSAGE][PASSED] - Object: 'Object Repository/Canine/Canine_Cases_Btn' is clicked on

2020-05-12 13:39:10 - [TEST_STEP][PASSED] - click(findTestObject("Object Repository/Canine/Filter/Breed/BREED_Ddn")): Object: 'Object Repository/Canine/Filter/Breed/BREED_Ddn' is clicked on

2020-05-12 13:39:12 - [MESSAGE][PASSED] - Object: 'Object Repository/Canine/Filter/Breed/BREED_Ddn' is clicked on

2020-05-12 13:39:12 - [TEST_STEP][PASSED] - click(findTestObject("Object Repository/Canine/Filter/Breed/BernMtnDog_Chkbx")): Object: 'Object Repository/Canine/Filter/Breed/BernMtnDog_Chkbx' is clicked on

2020-05-12 13:39:12 - [MESSAGE][PASSED] - Object: 'Object Repository/Canine/Filter/Breed/BernMtnDog_Chkbx' is clicked on

2020-05-12 13:39:12 - [TEST_STEP][PASSED] - ctdc.utilities.runtestcaseforKatalon.ReadCasesTableKatalon("Object Repository/Canine/Canine_CasesTable", "Object Repository/Canine/Canine_TableHeader", "Object Repository/Canine/Canine_NextBtn"): ctdc.utilities.runtestcaseforKatalon.ReadCasesTableKatalon is PASSED

2020-05-12 13:39:14 - [MESSAGE][PASSED] - ctdc.utilities.runtestcaseforKatalon.ReadCasesTableKatalon is PASSED

2020-05-12 13:39:14 - [TEST_STEP][PASSED] - ctdc.utilities.ReadExcel.Neo4j(): ctdc.utilities.ReadExcel.Neo4j is PASSED

2020-05-12 13:39:17 - [MESSAGE][PASSED] - ctdc.utilities.ReadExcel.Neo4j is PASSED

2020-05-12 13:39:17 - [TEST_STEP][PASSED] - ctdc.utilities.runtestcaseforKatalon.compareLists(): ctdc.utilities.runtestcaseforKatalon.compareLists is PASSED

2020-05-12 13:39:17 - [MESSAGE][PASSED] - ctdc.utilities.runtestcaseforKatalon.compareLists is PASSED

2020-05-12 13:39:20 - [TEST_STEP][PASSED] - Video: Video recording for test case 'Test Cases/Canine_TestCases/Breed/TC07_Canine_Filter_Breed-BrnMtnDog' .

2020-05-12 13:39:20 - [MESSAGE][INFO] - Video recording for test case 'Test Cases/Canine_TestCases/Breed/TC07_Canine_Filter_Breed-BrnMtnDog' .
[[ATTACHMENT|C:\\Users\\radhakrishnang2\\Desktop\\Commons_Automation\\Reports\\20200512_133335\\Canine_TestSuite\\20200512_133335/videos\\test_13.avi]]]]></system-out>
         <system-err><![CDATA[]]></system-err>
      </testcase>
      <testcase name="Test Cases/Canine_TestCases/Breed/TC08_Canine_Filter_Breed-BlkTanCoon" time="17.565" classname="Test Cases/Canine_TestCases/Breed/TC08_Canine_Filter_Breed-BlkTanCoon" status="PASSED">
         <system-out><![CDATA[2020-05-12 13:39:20 - [TEST_CASE][PASSED] - Test Cases/Canine_TestCases/Breed/TC08_Canine_Filter_Breed-BlkTanCoon: Test Cases/Canine_TestCases/Breed/TC08_Canine_Filter_Breed-BlkTanCoon

2020-05-12 13:39:20 - [TEST_STEP][PASSED] - openBrowser(""): Browser is opened with url: ''

2020-05-12 13:39:20 - [MESSAGE][WARNING] - A browser is already opened. Closing browser and opening a new one

2020-05-12 13:39:21 - [MESSAGE][INFO] - Starting 'Firefox (headless)' driver

2020-05-12 13:39:24 - [MESSAGE][PASSED] - Browser is opened with url: ''

2020-05-12 13:39:24 - [TEST_STEP][PASSED] - ctdc.utilities.runtestcaseforKatalon.browserDriver(""): ctdc.utilities.runtestcaseforKatalon.browserDriver is PASSED

2020-05-12 13:39:24 - [MESSAGE][PASSED] - ctdc.utilities.runtestcaseforKatalon.browserDriver is PASSED

2020-05-12 13:39:24 - [TEST_STEP][PASSED] - ctdc.utilities.runtestcaseforKatalon.RunKatalon("TC08_Canine_Filter_Breed-BlkTanCoon.xlsx"): Data loaded from input file for the test case. 

2020-05-12 13:39:24 - [MESSAGE][PASSED] - Test case file loaded This is the full filepath after converting to string :C:\Users\radhakrishnang2\Desktop\Commons_Automation\InputFiles\TC08_Canine_Filter_Breed-BlkTanCoon.xlsx

2020-05-12 13:39:24 - [MESSAGE][INFO] - Global variable set for password file is :  C:\Users\radhakrishnang2\Desktop\Commons_Automation\InputFiles\TC08_Canine_Filter_Breed-BlkTanCoon.xlsx

2020-05-12 13:39:24 - [MESSAGE][PASSED] - Data loaded from input file for the test case. 

2020-05-12 13:39:28 - [TEST_STEP][PASSED] - click(findTestObject("Object Repository/Canine/Canine_Cases_Btn")): Object: 'Object Repository/Canine/Canine_Cases_Btn' is clicked on

2020-05-12 13:39:28 - [MESSAGE][PASSED] - Object: 'Object Repository/Canine/Canine_Cases_Btn' is clicked on

2020-05-12 13:39:28 - [TEST_STEP][PASSED] - click(findTestObject("Object Repository/Canine/Filter/Breed/BREED_Ddn")): Object: 'Object Repository/Canine/Filter/Breed/BREED_Ddn' is clicked on

2020-05-12 13:39:30 - [MESSAGE][PASSED] - Object: 'Object Repository/Canine/Filter/Breed/BREED_Ddn' is clicked on

2020-05-12 13:39:30 - [TEST_STEP][PASSED] - click(findTestObject("Object Repository/Canine/Filter/Breed/BlkTanCoon_Chkbx")): Object: 'Object Repository/Canine/Filter/Breed/BlkTanCoon_Chkbx' is clicked on

2020-05-12 13:39:31 - [MESSAGE][PASSED] - Object: 'Object Repository/Canine/Filter/Breed/BlkTanCoon_Chkbx' is clicked on

2020-05-12 13:39:31 - [TEST_STEP][PASSED] - ctdc.utilities.runtestcaseforKatalon.ReadCasesTableKatalon("Object Repository/Canine/Canine_CasesTable", "Object Repository/Canine/Canine_TableHeader", "Object Repository/Canine/Canine_NextBtn"): ctdc.utilities.runtestcaseforKatalon.ReadCasesTableKatalon is PASSED

2020-05-12 13:39:32 - [MESSAGE][PASSED] - ctdc.utilities.runtestcaseforKatalon.ReadCasesTableKatalon is PASSED

2020-05-12 13:39:32 - [TEST_STEP][PASSED] - ctdc.utilities.ReadExcel.Neo4j(): ctdc.utilities.ReadExcel.Neo4j is PASSED

2020-05-12 13:39:35 - [MESSAGE][PASSED] - ctdc.utilities.ReadExcel.Neo4j is PASSED

2020-05-12 13:39:35 - [TEST_STEP][PASSED] - ctdc.utilities.runtestcaseforKatalon.compareLists(): ctdc.utilities.runtestcaseforKatalon.compareLists is PASSED

2020-05-12 13:39:35 - [MESSAGE][PASSED] - ctdc.utilities.runtestcaseforKatalon.compareLists is PASSED

2020-05-12 13:39:37 - [TEST_STEP][PASSED] - Video: Video recording for test case 'Test Cases/Canine_TestCases/Breed/TC08_Canine_Filter_Breed-BlkTanCoon' .

2020-05-12 13:39:37 - [MESSAGE][INFO] - Video recording for test case 'Test Cases/Canine_TestCases/Breed/TC08_Canine_Filter_Breed-BlkTanCoon' .
[[ATTACHMENT|C:\\Users\\radhakrishnang2\\Desktop\\Commons_Automation\\Reports\\20200512_133335\\Canine_TestSuite\\20200512_133335/videos\\test_14.avi]]]]></system-out>
         <system-err><![CDATA[]]></system-err>
      </testcase>
      <testcase name="Test Cases/Canine_TestCases/Breed/TC09_Canine_Filter_Breed-BorderCol" time="16.913" classname="Test Cases/Canine_TestCases/Breed/TC09_Canine_Filter_Breed-BorderCol" status="PASSED">
         <system-out><![CDATA[2020-05-12 13:39:37 - [TEST_CASE][PASSED] - Test Cases/Canine_TestCases/Breed/TC09_Canine_Filter_Breed-BorderCol: Test Cases/Canine_TestCases/Breed/TC09_Canine_Filter_Breed-BorderCol

2020-05-12 13:39:37 - [TEST_STEP][PASSED] - openBrowser(""): Browser is opened with url: ''

2020-05-12 13:39:37 - [MESSAGE][WARNING] - A browser is already opened. Closing browser and opening a new one

2020-05-12 13:39:38 - [MESSAGE][INFO] - Starting 'Firefox (headless)' driver

2020-05-12 13:39:42 - [MESSAGE][PASSED] - Browser is opened with url: ''

2020-05-12 13:39:42 - [TEST_STEP][PASSED] - ctdc.utilities.runtestcaseforKatalon.browserDriver(""): ctdc.utilities.runtestcaseforKatalon.browserDriver is PASSED

2020-05-12 13:39:42 - [MESSAGE][PASSED] - ctdc.utilities.runtestcaseforKatalon.browserDriver is PASSED

2020-05-12 13:39:42 - [TEST_STEP][PASSED] - ctdc.utilities.runtestcaseforKatalon.RunKatalon("TC09_Canine_Filter_Breed-BorderCol.xlsx"): Data loaded from input file for the test case. 

2020-05-12 13:39:42 - [MESSAGE][PASSED] - Test case file loaded This is the full filepath after converting to string :C:\Users\radhakrishnang2\Desktop\Commons_Automation\InputFiles\TC09_Canine_Filter_Breed-BorderCol.xlsx

2020-05-12 13:39:42 - [MESSAGE][INFO] - Global variable set for password file is :  C:\Users\radhakrishnang2\Desktop\Commons_Automation\InputFiles\TC09_Canine_Filter_Breed-BorderCol.xlsx

2020-05-12 13:39:42 - [MESSAGE][PASSED] - Data loaded from input file for the test case. 

2020-05-12 13:39:45 - [TEST_STEP][PASSED] - click(findTestObject("Object Repository/Canine/Canine_Cases_Btn")): Object: 'Object Repository/Canine/Canine_Cases_Btn' is clicked on

2020-05-12 13:39:45 - [MESSAGE][PASSED] - Object: 'Object Repository/Canine/Canine_Cases_Btn' is clicked on

2020-05-12 13:39:45 - [TEST_STEP][PASSED] - click(findTestObject("Object Repository/Canine/Filter/Breed/BREED_Ddn")): Object: 'Object Repository/Canine/Filter/Breed/BREED_Ddn' is clicked on

2020-05-12 13:39:47 - [MESSAGE][PASSED] - Object: 'Object Repository/Canine/Filter/Breed/BREED_Ddn' is clicked on

2020-05-12 13:39:47 - [TEST_STEP][PASSED] - click(findTestObject("Object Repository/Canine/Filter/Breed/BorderCol_Chkbx")): Object: 'Object Repository/Canine/Filter/Breed/BorderCol_Chkbx' is clicked on

2020-05-12 13:39:48 - [MESSAGE][PASSED] - Object: 'Object Repository/Canine/Filter/Breed/BorderCol_Chkbx' is clicked on

2020-05-12 13:39:48 - [TEST_STEP][PASSED] - ctdc.utilities.runtestcaseforKatalon.ReadCasesTableKatalon("Object Repository/Canine/Canine_CasesTable", "Object Repository/Canine/Canine_TableHeader", "Object Repository/Canine/Canine_NextBtn"): ctdc.utilities.runtestcaseforKatalon.ReadCasesTableKatalon is PASSED

2020-05-12 13:39:49 - [MESSAGE][PASSED] - ctdc.utilities.runtestcaseforKatalon.ReadCasesTableKatalon is PASSED

2020-05-12 13:39:49 - [TEST_STEP][PASSED] - ctdc.utilities.ReadExcel.Neo4j(): ctdc.utilities.ReadExcel.Neo4j is PASSED

2020-05-12 13:39:52 - [MESSAGE][PASSED] - ctdc.utilities.ReadExcel.Neo4j is PASSED

2020-05-12 13:39:52 - [TEST_STEP][PASSED] - ctdc.utilities.runtestcaseforKatalon.compareLists(): ctdc.utilities.runtestcaseforKatalon.compareLists is PASSED

2020-05-12 13:39:52 - [MESSAGE][PASSED] - ctdc.utilities.runtestcaseforKatalon.compareLists is PASSED

2020-05-12 13:39:54 - [TEST_STEP][PASSED] - Video: Video recording for test case 'Test Cases/Canine_TestCases/Breed/TC09_Canine_Filter_Breed-BorderCol' .

2020-05-12 13:39:54 - [MESSAGE][INFO] - Video recording for test case 'Test Cases/Canine_TestCases/Breed/TC09_Canine_Filter_Breed-BorderCol' .
[[ATTACHMENT|C:\\Users\\radhakrishnang2\\Desktop\\Commons_Automation\\Reports\\20200512_133335\\Canine_TestSuite\\20200512_133335/videos\\test_15.avi]]]]></system-out>
         <system-err><![CDATA[]]></system-err>
      </testcase>
      <testcase name="Test Cases/Canine_TestCases/Breed/TC10_Canine_Filter_Breed-Bouvier" time="43.267" classname="Test Cases/Canine_TestCases/Breed/TC10_Canine_Filter_Breed-Bouvier" status="FAILED">
         <failure type="FAILED" message="Test Cases/Canine_TestCases/Breed/TC10_Canine_Filter_Breed-Bouvier FAILED.
Reason:
com.kms.katalon.core.exception.StepFailedException: Unable to click on object 'Object Repository/Canine/Filter/Breed/Bouvier_Chkbx'
	at com.kms.katalon.core.webui.keyword.internal.WebUIKeywordMain.stepFailed(WebUIKeywordMain.groovy:64)
	at com.kms.katalon.core.webui.keyword.internal.WebUIKeywordMain.runKeyword(WebUIKeywordMain.groovy:26)
	at com.kms.katalon.core.webui.keyword.builtin.ClickKeyword.click(ClickKeyword.groovy:76)
	at com.kms.katalon.core.webui.keyword.builtin.ClickKeyword.execute(ClickKeyword.groovy:43)
	at com.kms.katalon.core.keyword.internal.KeywordExecutor.executeKeywordForPlatform(KeywordExecutor.groovy:72)
	at com.kms.katalon.core.webui.keyword.WebUiBuiltInKeywords.click(WebUiBuiltInKeywords.groovy:616)
	at com.kms.katalon.core.webui.keyword.WebUiBuiltInKeywords$click$0.call(Unknown Source)
	at TC10_Canine_Filter_Breed-Bouvier.run(TC10_Canine_Filter_Breed-Bouvier:51)
	at com.kms.katalon.core.main.ScriptEngine.run(ScriptEngine.java:194)
	at com.kms.katalon.core.main.ScriptEngine.runScriptAsRawText(ScriptEngine.java:119)
	at com.kms.katalon.core.main.TestCaseExecutor.runScript(TestCaseExecutor.java:337)
	at com.kms.katalon.core.main.TestCaseExecutor.doExecute(TestCaseExecutor.java:328)
	at com.kms.katalon.core.main.TestCaseExecutor.processExecutionPhase(TestCaseExecutor.java:307)
	at com.kms.katalon.core.main.TestCaseExecutor.accessMainPhase(TestCaseExecutor.java:299)
	at com.kms.katalon.core.main.TestCaseExecutor.execute(TestCaseExecutor.java:233)
	at com.kms.katalon.core.main.TestSuiteExecutor.accessTestCaseMainPhase(TestSuiteExecutor.java:169)
	at com.kms.katalon.core.main.TestSuiteExecutor.accessTestSuiteMainPhase(TestSuiteExecutor.java:142)
	at com.kms.katalon.core.main.TestSuiteExecutor.execute(TestSuiteExecutor.java:91)
	at com.kms.katalon.core.main.TestCaseMain.startTestSuite(TestCaseMain.java:157)
	at com.kms.katalon.core.main.TestCaseMain$startTestSuite$0.call(Unknown Source)
	at TempTestSuite1589315615572.run(TempTestSuite1589315615572.groovy:36)
Caused by: com.kms.katalon.core.webui.exception.WebElementNotFoundException: Web element with id: 'Object Repository/Canine/Filter/Breed/Bouvier_Chkbx' located by 'By.xpath: //span[contains(text(),'Bouvier des Flandres')]//parent::div//parent::divadded12345' not found
	at com.kms.katalon.core.webui.common.WebUiCommonHelper.findWebElement(WebUiCommonHelper.java:1154)
	at com.kms.katalon.core.webui.keyword.internal.WebUIAbstractKeyword.findWebElement(WebUIAbstractKeyword.groovy:27)
	at com.kms.katalon.core.webui.keyword.internal.WebUIAbstractKeyword.findWebElement(WebUIAbstractKeyword.groovy:26)
	at com.kms.katalon.core.webui.keyword.builtin.ClickKeyword$_click_closure1.doCall(ClickKeyword.groovy:67)
	at com.kms.katalon.core.webui.keyword.builtin.ClickKeyword$_click_closure1.call(ClickKeyword.groovy)
	at com.kms.katalon.core.webui.keyword.internal.WebUIKeywordMain.runKeyword(WebUIKeywordMain.groovy:20)
	... 19 more
"/>
         <system-out><![CDATA[2020-05-12 13:39:54 - [TEST_CASE][FAILED] - Test Cases/Canine_TestCases/Breed/TC10_Canine_Filter_Breed-Bouvier: Test Cases/Canine_TestCases/Breed/TC10_Canine_Filter_Breed-Bouvier FAILED.
Reason:
com.kms.katalon.core.exception.StepFailedException: Unable to click on object 'Object Repository/Canine/Filter/Breed/Bouvier_Chkbx'
	at com.kms.katalon.core.webui.keyword.internal.WebUIKeywordMain.stepFailed(WebUIKeywordMain.groovy:64)
	at com.kms.katalon.core.webui.keyword.internal.WebUIKeywordMain.runKeyword(WebUIKeywordMain.groovy:26)
	at com.kms.katalon.core.webui.keyword.builtin.ClickKeyword.click(ClickKeyword.groovy:76)
	at com.kms.katalon.core.webui.keyword.builtin.ClickKeyword.execute(ClickKeyword.groovy:43)
	at com.kms.katalon.core.keyword.internal.KeywordExecutor.executeKeywordForPlatform(KeywordExecutor.groovy:72)
	at com.kms.katalon.core.webui.keyword.WebUiBuiltInKeywords.click(WebUiBuiltInKeywords.groovy:616)
	at com.kms.katalon.core.webui.keyword.WebUiBuiltInKeywords$click$0.call(Unknown Source)
	at TC10_Canine_Filter_Breed-Bouvier.run(TC10_Canine_Filter_Breed-Bouvier:51)
	at com.kms.katalon.core.main.ScriptEngine.run(ScriptEngine.java:194)
	at com.kms.katalon.core.main.ScriptEngine.runScriptAsRawText(ScriptEngine.java:119)
	at com.kms.katalon.core.main.TestCaseExecutor.runScript(TestCaseExecutor.java:337)
	at com.kms.katalon.core.main.TestCaseExecutor.doExecute(TestCaseExecutor.java:328)
	at com.kms.katalon.core.main.TestCaseExecutor.processExecutionPhase(TestCaseExecutor.java:307)
	at com.kms.katalon.core.main.TestCaseExecutor.accessMainPhase(TestCaseExecutor.java:299)
	at com.kms.katalon.core.main.TestCaseExecutor.execute(TestCaseExecutor.java:233)
	at com.kms.katalon.core.main.TestSuiteExecutor.accessTestCaseMainPhase(TestSuiteExecutor.java:169)
	at com.kms.katalon.core.main.TestSuiteExecutor.accessTestSuiteMainPhase(TestSuiteExecutor.java:142)
	at com.kms.katalon.core.main.TestSuiteExecutor.execute(TestSuiteExecutor.java:91)
	at com.kms.katalon.core.main.TestCaseMain.startTestSuite(TestCaseMain.java:157)
	at com.kms.katalon.core.main.TestCaseMain$startTestSuite$0.call(Unknown Source)
	at TempTestSuite1589315615572.run(TempTestSuite1589315615572.groovy:36)
Caused by: com.kms.katalon.core.webui.exception.WebElementNotFoundException: Web element with id: 'Object Repository/Canine/Filter/Breed/Bouvier_Chkbx' located by 'By.xpath: //span[contains(text(),'Bouvier des Flandres')]//parent::div//parent::divadded12345' not found
	at com.kms.katalon.core.webui.common.WebUiCommonHelper.findWebElement(WebUiCommonHelper.java:1154)
	at com.kms.katalon.core.webui.keyword.internal.WebUIAbstractKeyword.findWebElement(WebUIAbstractKeyword.groovy:27)
	at com.kms.katalon.core.webui.keyword.internal.WebUIAbstractKeyword.findWebElement(WebUIAbstractKeyword.groovy:26)
	at com.kms.katalon.core.webui.keyword.builtin.ClickKeyword$_click_closure1.doCall(ClickKeyword.groovy:67)
	at com.kms.katalon.core.webui.keyword.builtin.ClickKeyword$_click_closure1.call(ClickKeyword.groovy)
	at com.kms.katalon.core.webui.keyword.internal.WebUIKeywordMain.runKeyword(WebUIKeywordMain.groovy:20)
	... 19 more


2020-05-12 13:39:54 - [TEST_STEP][PASSED] - openBrowser(""): Browser is opened with url: ''

2020-05-12 13:39:54 - [MESSAGE][WARNING] - A browser is already opened. Closing browser and opening a new one

2020-05-12 13:39:55 - [MESSAGE][INFO] - Starting 'Firefox (headless)' driver

2020-05-12 13:39:59 - [MESSAGE][PASSED] - Browser is opened with url: ''

2020-05-12 13:39:59 - [TEST_STEP][PASSED] - ctdc.utilities.runtestcaseforKatalon.browserDriver(""): ctdc.utilities.runtestcaseforKatalon.browserDriver is PASSED

2020-05-12 13:39:59 - [MESSAGE][PASSED] - ctdc.utilities.runtestcaseforKatalon.browserDriver is PASSED

2020-05-12 13:39:59 - [TEST_STEP][PASSED] - ctdc.utilities.runtestcaseforKatalon.RunKatalon("TC10_Canine_Filter_Breed-Bouvier.xlsx"): Data loaded from input file for the test case. 

2020-05-12 13:39:59 - [MESSAGE][PASSED] - Test case file loaded This is the full filepath after converting to string :C:\Users\radhakrishnang2\Desktop\Commons_Automation\InputFiles\TC10_Canine_Filter_Breed-Bouvier.xlsx

2020-05-12 13:39:59 - [MESSAGE][INFO] - Global variable set for password file is :  C:\Users\radhakrishnang2\Desktop\Commons_Automation\InputFiles\TC10_Canine_Filter_Breed-Bouvier.xlsx

2020-05-12 13:39:59 - [MESSAGE][PASSED] - Data loaded from input file for the test case. 

2020-05-12 13:40:03 - [TEST_STEP][PASSED] - click(findTestObject("Object Repository/Canine/Canine_Cases_Btn")): Object: 'Object Repository/Canine/Canine_Cases_Btn' is clicked on

2020-05-12 13:40:03 - [MESSAGE][PASSED] - Object: 'Object Repository/Canine/Canine_Cases_Btn' is clicked on

2020-05-12 13:40:03 - [TEST_STEP][PASSED] - click(findTestObject("Object Repository/Canine/Filter/Breed/BREED_Ddn")): Object: 'Object Repository/Canine/Filter/Breed/BREED_Ddn' is clicked on

2020-05-12 13:40:04 - [MESSAGE][PASSED] - Object: 'Object Repository/Canine/Filter/Breed/BREED_Ddn' is clicked on

2020-05-12 13:40:04 - [TEST_STEP][FAILED] - click(findTestObject("Object Repository/Canine/Filter/Breed/Bouvier_Chkbx")): Unable to click on object 'Object Repository/Canine/Filter/Breed/Bouvier_Chkbx' (Root cause: com.kms.katalon.core.exception.StepFailedException: Unable to click on object 'Object Repository/Canine/Filter/Breed/Bouvier_Chkbx'
	at com.kms.katalon.core.webui.keyword.internal.WebUIKeywordMain.stepFailed(WebUIKeywordMain.groovy:64)
	at com.kms.katalon.core.webui.keyword.internal.WebUIKeywordMain.runKeyword(WebUIKeywordMain.groovy:26)
	at com.kms.katalon.core.webui.keyword.builtin.ClickKeyword.click(ClickKeyword.groovy:76)
	at com.kms.katalon.core.webui.keyword.builtin.ClickKeyword.execute(ClickKeyword.groovy:43)
	at com.kms.katalon.core.keyword.internal.KeywordExecutor.executeKeywordForPlatform(KeywordExecutor.groovy:72)
	at com.kms.katalon.core.webui.keyword.WebUiBuiltInKeywords.click(WebUiBuiltInKeywords.groovy:616)
	at com.kms.katalon.core.webui.keyword.WebUiBuiltInKeywords$click$0.call(Unknown Source)
	at TC10_Canine_Filter_Breed-Bouvier.run(TC10_Canine_Filter_Breed-Bouvier:51)
	at com.kms.katalon.core.main.ScriptEngine.run(ScriptEngine.java:194)
	at com.kms.katalon.core.main.ScriptEngine.runScriptAsRawText(ScriptEngine.java:119)
	at com.kms.katalon.core.main.TestCaseExecutor.runScript(TestCaseExecutor.java:337)
	at com.kms.katalon.core.main.TestCaseExecutor.doExecute(TestCaseExecutor.java:328)
	at com.kms.katalon.core.main.TestCaseExecutor.processExecutionPhase(TestCaseExecutor.java:307)
	at com.kms.katalon.core.main.TestCaseExecutor.accessMainPhase(TestCaseExecutor.java:299)
	at com.kms.katalon.core.main.TestCaseExecutor.execute(TestCaseExecutor.java:233)
	at com.kms.katalon.core.main.TestSuiteExecutor.accessTestCaseMainPhase(TestSuiteExecutor.java:169)
	at com.kms.katalon.core.main.TestSuiteExecutor.accessTestSuiteMainPhase(TestSuiteExecutor.java:142)
	at com.kms.katalon.core.main.TestSuiteExecutor.execute(TestSuiteExecutor.java:91)
	at com.kms.katalon.core.main.TestCaseMain.startTestSuite(TestCaseMain.java:157)
	at com.kms.katalon.core.main.TestCaseMain$startTestSuite$0.call(Unknown Source)
	at TempTestSuite1589315615572.run(TempTestSuite1589315615572.groovy:36)
Caused by: com.kms.katalon.core.webui.exception.WebElementNotFoundException: Web element with id: 'Object Repository/Canine/Filter/Breed/Bouvier_Chkbx' located by 'By.xpath: //span[contains(text(),'Bouvier des Flandres')]//parent::div//parent::divadded12345' not found
	at com.kms.katalon.core.webui.common.WebUiCommonHelper.findWebElement(WebUiCommonHelper.java:1154)
	at com.kms.katalon.core.webui.keyword.internal.WebUIAbstractKeyword.findWebElement(WebUIAbstractKeyword.groovy:27)
	at com.kms.katalon.core.webui.keyword.internal.WebUIAbstractKeyword.findWebElement(WebUIAbstractKeyword.groovy:26)
	at com.kms.katalon.core.webui.keyword.builtin.ClickKeyword$_click_closure1.doCall(ClickKeyword.groovy:67)
	at com.kms.katalon.core.webui.keyword.builtin.ClickKeyword$_click_closure1.call(ClickKeyword.groovy)
	at com.kms.katalon.core.webui.keyword.internal.WebUIKeywordMain.runKeyword(WebUIKeywordMain.groovy:20)
	at com.kms.katalon.core.webui.keyword.builtin.ClickKeyword.click(ClickKeyword.groovy:76)
	at com.kms.katalon.core.webui.keyword.builtin.ClickKeyword.execute(ClickKeyword.groovy:43)
	at com.kms.katalon.core.keyword.internal.KeywordExecutor.executeKeywordForPlatform(KeywordExecutor.groovy:72)
	at com.kms.katalon.core.webui.keyword.WebUiBuiltInKeywords.click(WebUiBuiltInKeywords.groovy:616)
	at com.kms.katalon.core.webui.keyword.WebUiBuiltInKeywords$click$0.call(Unknown Source)
	at Script1589136608130.run(Script1589136608130.groovy:51)
	... 13 more
)

2020-05-12 13:40:35 - [MESSAGE][INFO] - Unable to find the element located by 'By.xpath: //span[contains(text(),'Bouvier des Flandres')]//parent::div//parent::divadded12345'. Please recheck the objects properties to make sure the desired element is located. 

2020-05-12 13:40:35 - [MESSAGE][FAILED] - Unable to click on object 'Object Repository/Canine/Filter/Breed/Bouvier_Chkbx' (Root cause: com.kms.katalon.core.exception.StepFailedException: Unable to click on object 'Object Repository/Canine/Filter/Breed/Bouvier_Chkbx'
	at com.kms.katalon.core.webui.keyword.internal.WebUIKeywordMain.stepFailed(WebUIKeywordMain.groovy:64)
	at com.kms.katalon.core.webui.keyword.internal.WebUIKeywordMain.runKeyword(WebUIKeywordMain.groovy:26)
	at com.kms.katalon.core.webui.keyword.builtin.ClickKeyword.click(ClickKeyword.groovy:76)
	at com.kms.katalon.core.webui.keyword.builtin.ClickKeyword.execute(ClickKeyword.groovy:43)
	at com.kms.katalon.core.keyword.internal.KeywordExecutor.executeKeywordForPlatform(KeywordExecutor.groovy:72)
	at com.kms.katalon.core.webui.keyword.WebUiBuiltInKeywords.click(WebUiBuiltInKeywords.groovy:616)
	at com.kms.katalon.core.webui.keyword.WebUiBuiltInKeywords$click$0.call(Unknown Source)
	at TC10_Canine_Filter_Breed-Bouvier.run(TC10_Canine_Filter_Breed-Bouvier:51)
	at com.kms.katalon.core.main.ScriptEngine.run(ScriptEngine.java:194)
	at com.kms.katalon.core.main.ScriptEngine.runScriptAsRawText(ScriptEngine.java:119)
	at com.kms.katalon.core.main.TestCaseExecutor.runScript(TestCaseExecutor.java:337)
	at com.kms.katalon.core.main.TestCaseExecutor.doExecute(TestCaseExecutor.java:328)
	at com.kms.katalon.core.main.TestCaseExecutor.processExecutionPhase(TestCaseExecutor.java:307)
	at com.kms.katalon.core.main.TestCaseExecutor.accessMainPhase(TestCaseExecutor.java:299)
	at com.kms.katalon.core.main.TestCaseExecutor.execute(TestCaseExecutor.java:233)
	at com.kms.katalon.core.main.TestSuiteExecutor.accessTestCaseMainPhase(TestSuiteExecutor.java:169)
	at com.kms.katalon.core.main.TestSuiteExecutor.accessTestSuiteMainPhase(TestSuiteExecutor.java:142)
	at com.kms.katalon.core.main.TestSuiteExecutor.execute(TestSuiteExecutor.java:91)
	at com.kms.katalon.core.main.TestCaseMain.startTestSuite(TestCaseMain.java:157)
	at com.kms.katalon.core.main.TestCaseMain$startTestSuite$0.call(Unknown Source)
	at TempTestSuite1589315615572.run(TempTestSuite1589315615572.groovy:36)
Caused by: com.kms.katalon.core.webui.exception.WebElementNotFoundException: Web element with id: 'Object Repository/Canine/Filter/Breed/Bouvier_Chkbx' located by 'By.xpath: //span[contains(text(),'Bouvier des Flandres')]//parent::div//parent::divadded12345' not found
	at com.kms.katalon.core.webui.common.WebUiCommonHelper.findWebElement(WebUiCommonHelper.java:1154)
	at com.kms.katalon.core.webui.keyword.internal.WebUIAbstractKeyword.findWebElement(WebUIAbstractKeyword.groovy:27)
	at com.kms.katalon.core.webui.keyword.internal.WebUIAbstractKeyword.findWebElement(WebUIAbstractKeyword.groovy:26)
	at com.kms.katalon.core.webui.keyword.builtin.ClickKeyword$_click_closure1.doCall(ClickKeyword.groovy:67)
	at com.kms.katalon.core.webui.keyword.builtin.ClickKeyword$_click_closure1.call(ClickKeyword.groovy)
	at com.kms.katalon.core.webui.keyword.internal.WebUIKeywordMain.runKeyword(WebUIKeywordMain.groovy:20)
	at com.kms.katalon.core.webui.keyword.builtin.ClickKeyword.click(ClickKeyword.groovy:76)
	at com.kms.katalon.core.webui.keyword.builtin.ClickKeyword.execute(ClickKeyword.groovy:43)
	at com.kms.katalon.core.keyword.internal.KeywordExecutor.executeKeywordForPlatform(KeywordExecutor.groovy:72)
	at com.kms.katalon.core.webui.keyword.WebUiBuiltInKeywords.click(WebUiBuiltInKeywords.groovy:616)
	at com.kms.katalon.core.webui.keyword.WebUiBuiltInKeywords$click$0.call(Unknown Source)
	at Script1589136608130.run(Script1589136608130.groovy:51)
	... 13 more
)
[[ATTACHMENT|C:\\Users\\radhakrishnang2\\Desktop\\Commons_Automation\\Reports\\20200512_133335\\Canine_TestSuite\\20200512_133335\\1589316035602.png]]

2020-05-12 13:40:37 - [TEST_STEP][PASSED] - Video: Video recording for test case 'Test Cases/Canine_TestCases/Breed/TC10_Canine_Filter_Breed-Bouvier' .

2020-05-12 13:40:37 - [MESSAGE][INFO] - Video recording for test case 'Test Cases/Canine_TestCases/Breed/TC10_Canine_Filter_Breed-Bouvier' .
[[ATTACHMENT|C:\\Users\\radhakrishnang2\\Desktop\\Commons_Automation\\Reports\\20200512_133335\\Canine_TestSuite\\20200512_133335/videos\\test_16.avi]]]]></system-out>
         <system-err><![CDATA[2020-05-12 13:39:54 - [TEST_CASE][FAILED] - Test Cases/Canine_TestCases/Breed/TC10_Canine_Filter_Breed-Bouvier: Test Cases/Canine_TestCases/Breed/TC10_Canine_Filter_Breed-Bouvier FAILED.
Reason:
com.kms.katalon.core.exception.StepFailedException: Unable to click on object 'Object Repository/Canine/Filter/Breed/Bouvier_Chkbx'
	at com.kms.katalon.core.webui.keyword.internal.WebUIKeywordMain.stepFailed(WebUIKeywordMain.groovy:64)
	at com.kms.katalon.core.webui.keyword.internal.WebUIKeywordMain.runKeyword(WebUIKeywordMain.groovy:26)
	at com.kms.katalon.core.webui.keyword.builtin.ClickKeyword.click(ClickKeyword.groovy:76)
	at com.kms.katalon.core.webui.keyword.builtin.ClickKeyword.execute(ClickKeyword.groovy:43)
	at com.kms.katalon.core.keyword.internal.KeywordExecutor.executeKeywordForPlatform(KeywordExecutor.groovy:72)
	at com.kms.katalon.core.webui.keyword.WebUiBuiltInKeywords.click(WebUiBuiltInKeywords.groovy:616)
	at com.kms.katalon.core.webui.keyword.WebUiBuiltInKeywords$click$0.call(Unknown Source)
	at TC10_Canine_Filter_Breed-Bouvier.run(TC10_Canine_Filter_Breed-Bouvier:51)
	at com.kms.katalon.core.main.ScriptEngine.run(ScriptEngine.java:194)
	at com.kms.katalon.core.main.ScriptEngine.runScriptAsRawText(ScriptEngine.java:119)
	at com.kms.katalon.core.main.TestCaseExecutor.runScript(TestCaseExecutor.java:337)
	at com.kms.katalon.core.main.TestCaseExecutor.doExecute(TestCaseExecutor.java:328)
	at com.kms.katalon.core.main.TestCaseExecutor.processExecutionPhase(TestCaseExecutor.java:307)
	at com.kms.katalon.core.main.TestCaseExecutor.accessMainPhase(TestCaseExecutor.java:299)
	at com.kms.katalon.core.main.TestCaseExecutor.execute(TestCaseExecutor.java:233)
	at com.kms.katalon.core.main.TestSuiteExecutor.accessTestCaseMainPhase(TestSuiteExecutor.java:169)
	at com.kms.katalon.core.main.TestSuiteExecutor.accessTestSuiteMainPhase(TestSuiteExecutor.java:142)
	at com.kms.katalon.core.main.TestSuiteExecutor.execute(TestSuiteExecutor.java:91)
	at com.kms.katalon.core.main.TestCaseMain.startTestSuite(TestCaseMain.java:157)
	at com.kms.katalon.core.main.TestCaseMain$startTestSuite$0.call(Unknown Source)
	at TempTestSuite1589315615572.run(TempTestSuite1589315615572.groovy:36)
Caused by: com.kms.katalon.core.webui.exception.WebElementNotFoundException: Web element with id: 'Object Repository/Canine/Filter/Breed/Bouvier_Chkbx' located by 'By.xpath: //span[contains(text(),'Bouvier des Flandres')]//parent::div//parent::divadded12345' not found
	at com.kms.katalon.core.webui.common.WebUiCommonHelper.findWebElement(WebUiCommonHelper.java:1154)
	at com.kms.katalon.core.webui.keyword.internal.WebUIAbstractKeyword.findWebElement(WebUIAbstractKeyword.groovy:27)
	at com.kms.katalon.core.webui.keyword.internal.WebUIAbstractKeyword.findWebElement(WebUIAbstractKeyword.groovy:26)
	at com.kms.katalon.core.webui.keyword.builtin.ClickKeyword$_click_closure1.doCall(ClickKeyword.groovy:67)
	at com.kms.katalon.core.webui.keyword.builtin.ClickKeyword$_click_closure1.call(ClickKeyword.groovy)
	at com.kms.katalon.core.webui.keyword.internal.WebUIKeywordMain.runKeyword(WebUIKeywordMain.groovy:20)
	... 19 more]]></system-err>
      </testcase>
      <testcase name="Test Cases/Canine_TestCases/Breed/TC11_Canine_Filter_Breed-Boxer" time="17.246" classname="Test Cases/Canine_TestCases/Breed/TC11_Canine_Filter_Breed-Boxer" status="PASSED">
         <system-out><![CDATA[2020-05-12 13:40:37 - [TEST_CASE][PASSED] - Test Cases/Canine_TestCases/Breed/TC11_Canine_Filter_Breed-Boxer: Test Cases/Canine_TestCases/Breed/TC11_Canine_Filter_Breed-Boxer

2020-05-12 13:40:38 - [TEST_STEP][PASSED] - openBrowser(""): Browser is opened with url: ''

2020-05-12 13:40:38 - [MESSAGE][WARNING] - A browser is already opened. Closing browser and opening a new one

2020-05-12 13:40:38 - [MESSAGE][INFO] - Starting 'Firefox (headless)' driver

2020-05-12 13:40:41 - [MESSAGE][PASSED] - Browser is opened with url: ''

2020-05-12 13:40:41 - [TEST_STEP][PASSED] - ctdc.utilities.runtestcaseforKatalon.browserDriver(""): ctdc.utilities.runtestcaseforKatalon.browserDriver is PASSED

2020-05-12 13:40:41 - [MESSAGE][PASSED] - ctdc.utilities.runtestcaseforKatalon.browserDriver is PASSED

2020-05-12 13:40:41 - [TEST_STEP][PASSED] - ctdc.utilities.runtestcaseforKatalon.RunKatalon("TC11_Canine_Filter_Breed-Boxer.xlsx"): Data loaded from input file for the test case. 

2020-05-12 13:40:41 - [MESSAGE][PASSED] - Test case file loaded This is the full filepath after converting to string :C:\Users\radhakrishnang2\Desktop\Commons_Automation\InputFiles\TC11_Canine_Filter_Breed-Boxer.xlsx

2020-05-12 13:40:41 - [MESSAGE][INFO] - Global variable set for password file is :  C:\Users\radhakrishnang2\Desktop\Commons_Automation\InputFiles\TC11_Canine_Filter_Breed-Boxer.xlsx

2020-05-12 13:40:41 - [MESSAGE][PASSED] - Data loaded from input file for the test case. 

2020-05-12 13:40:45 - [TEST_STEP][PASSED] - click(findTestObject("Object Repository/Canine/Canine_Cases_Btn")): Object: 'Object Repository/Canine/Canine_Cases_Btn' is clicked on

2020-05-12 13:40:45 - [MESSAGE][PASSED] - Object: 'Object Repository/Canine/Canine_Cases_Btn' is clicked on

2020-05-12 13:40:45 - [TEST_STEP][PASSED] - click(findTestObject("Object Repository/Canine/Filter/Breed/BREED_Ddn")): Object: 'Object Repository/Canine/Filter/Breed/BREED_Ddn' is clicked on

2020-05-12 13:40:46 - [MESSAGE][PASSED] - Object: 'Object Repository/Canine/Filter/Breed/BREED_Ddn' is clicked on

2020-05-12 13:40:46 - [TEST_STEP][PASSED] - click(findTestObject("Object Repository/Canine/Filter/Breed/Boxer_Chkbx")): Object: 'Object Repository/Canine/Filter/Breed/Boxer_Chkbx' is clicked on

2020-05-12 13:40:47 - [MESSAGE][PASSED] - Object: 'Object Repository/Canine/Filter/Breed/Boxer_Chkbx' is clicked on

2020-05-12 13:40:47 - [TEST_STEP][PASSED] - ctdc.utilities.runtestcaseforKatalon.ReadCasesTableKatalon("Object Repository/Canine/Canine_CasesTable", "Object Repository/Canine/Canine_TableHeader", "Object Repository/Canine/Canine_NextBtn"): ctdc.utilities.runtestcaseforKatalon.ReadCasesTableKatalon is PASSED

2020-05-12 13:40:49 - [MESSAGE][PASSED] - ctdc.utilities.runtestcaseforKatalon.ReadCasesTableKatalon is PASSED

2020-05-12 13:40:49 - [TEST_STEP][PASSED] - ctdc.utilities.ReadExcel.Neo4j(): ctdc.utilities.ReadExcel.Neo4j is PASSED

2020-05-12 13:40:52 - [MESSAGE][PASSED] - ctdc.utilities.ReadExcel.Neo4j is PASSED

2020-05-12 13:40:52 - [TEST_STEP][PASSED] - ctdc.utilities.runtestcaseforKatalon.compareLists(): ctdc.utilities.runtestcaseforKatalon.compareLists is PASSED

2020-05-12 13:40:52 - [MESSAGE][PASSED] - ctdc.utilities.runtestcaseforKatalon.compareLists is PASSED

2020-05-12 13:40:55 - [TEST_STEP][PASSED] - Video: Video recording for test case 'Test Cases/Canine_TestCases/Breed/TC11_Canine_Filter_Breed-Boxer' .

2020-05-12 13:40:55 - [MESSAGE][INFO] - Video recording for test case 'Test Cases/Canine_TestCases/Breed/TC11_Canine_Filter_Breed-Boxer' .
[[ATTACHMENT|C:\\Users\\radhakrishnang2\\Desktop\\Commons_Automation\\Reports\\20200512_133335\\Canine_TestSuite\\20200512_133335/videos\\test_17.avi]]]]></system-out>
         <system-err><![CDATA[]]></system-err>
      </testcase>
      <testcase name="Test Cases/Canine_TestCases/Breed/TC12_Canine_Filter_Breed-BullMastif" time="16.965" classname="Test Cases/Canine_TestCases/Breed/TC12_Canine_Filter_Breed-BullMastif" status="PASSED">
         <system-out><![CDATA[2020-05-12 13:40:55 - [TEST_CASE][PASSED] - Test Cases/Canine_TestCases/Breed/TC12_Canine_Filter_Breed-BullMastif: Test Cases/Canine_TestCases/Breed/TC12_Canine_Filter_Breed-BullMastif

2020-05-12 13:40:55 - [TEST_STEP][PASSED] - openBrowser(""): Browser is opened with url: ''

2020-05-12 13:40:55 - [MESSAGE][WARNING] - A browser is already opened. Closing browser and opening a new one

2020-05-12 13:40:56 - [MESSAGE][INFO] - Starting 'Firefox (headless)' driver

2020-05-12 13:40:59 - [MESSAGE][PASSED] - Browser is opened with url: ''

2020-05-12 13:40:59 - [TEST_STEP][PASSED] - ctdc.utilities.runtestcaseforKatalon.browserDriver(""): ctdc.utilities.runtestcaseforKatalon.browserDriver is PASSED

2020-05-12 13:40:59 - [MESSAGE][PASSED] - ctdc.utilities.runtestcaseforKatalon.browserDriver is PASSED

2020-05-12 13:40:59 - [TEST_STEP][PASSED] - ctdc.utilities.runtestcaseforKatalon.RunKatalon("TC12_Canine_Filter_Breed-BullMastif.xlsx"): Data loaded from input file for the test case. 

2020-05-12 13:40:59 - [MESSAGE][PASSED] - Test case file loaded This is the full filepath after converting to string :C:\Users\radhakrishnang2\Desktop\Commons_Automation\InputFiles\TC12_Canine_Filter_Breed-BullMastif.xlsx

2020-05-12 13:40:59 - [MESSAGE][INFO] - Global variable set for password file is :  C:\Users\radhakrishnang2\Desktop\Commons_Automation\InputFiles\TC12_Canine_Filter_Breed-BullMastif.xlsx

2020-05-12 13:40:59 - [MESSAGE][PASSED] - Data loaded from input file for the test case. 

2020-05-12 13:41:03 - [TEST_STEP][PASSED] - click(findTestObject("Object Repository/Canine/Canine_Cases_Btn")): Object: 'Object Repository/Canine/Canine_Cases_Btn' is clicked on

2020-05-12 13:41:03 - [MESSAGE][PASSED] - Object: 'Object Repository/Canine/Canine_Cases_Btn' is clicked on

2020-05-12 13:41:03 - [TEST_STEP][PASSED] - click(findTestObject("Object Repository/Canine/Filter/Breed/BREED_Ddn")): Object: 'Object Repository/Canine/Filter/Breed/BREED_Ddn' is clicked on

2020-05-12 13:41:04 - [MESSAGE][PASSED] - Object: 'Object Repository/Canine/Filter/Breed/BREED_Ddn' is clicked on

2020-05-12 13:41:04 - [TEST_STEP][PASSED] - click(findTestObject("Object Repository/Canine/Filter/Breed/Bullmastif_Chkbx")): Object: 'Object Repository/Canine/Filter/Breed/Bullmastif_Chkbx' is clicked on

2020-05-12 13:41:05 - [MESSAGE][PASSED] - Object: 'Object Repository/Canine/Filter/Breed/Bullmastif_Chkbx' is clicked on

2020-05-12 13:41:05 - [TEST_STEP][PASSED] - ctdc.utilities.runtestcaseforKatalon.ReadCasesTableKatalon("Object Repository/Canine/Canine_CasesTable", "Object Repository/Canine/Canine_TableHeader", "Object Repository/Canine/Canine_NextBtn"): ctdc.utilities.runtestcaseforKatalon.ReadCasesTableKatalon is PASSED

2020-05-12 13:41:06 - [MESSAGE][PASSED] - ctdc.utilities.runtestcaseforKatalon.ReadCasesTableKatalon is PASSED

2020-05-12 13:41:06 - [TEST_STEP][PASSED] - ctdc.utilities.ReadExcel.Neo4j(): ctdc.utilities.ReadExcel.Neo4j is PASSED

2020-05-12 13:41:09 - [MESSAGE][PASSED] - ctdc.utilities.ReadExcel.Neo4j is PASSED

2020-05-12 13:41:09 - [TEST_STEP][PASSED] - ctdc.utilities.runtestcaseforKatalon.compareLists(): ctdc.utilities.runtestcaseforKatalon.compareLists is PASSED

2020-05-12 13:41:09 - [MESSAGE][PASSED] - ctdc.utilities.runtestcaseforKatalon.compareLists is PASSED

2020-05-12 13:41:12 - [TEST_STEP][PASSED] - Video: Video recording for test case 'Test Cases/Canine_TestCases/Breed/TC12_Canine_Filter_Breed-BullMastif' .

2020-05-12 13:41:12 - [MESSAGE][INFO] - Video recording for test case 'Test Cases/Canine_TestCases/Breed/TC12_Canine_Filter_Breed-BullMastif' .
[[ATTACHMENT|C:\\Users\\radhakrishnang2\\Desktop\\Commons_Automation\\Reports\\20200512_133335\\Canine_TestSuite\\20200512_133335/videos\\test_18.avi]]]]></system-out>
         <system-err><![CDATA[]]></system-err>
      </testcase>
      <testcase name="Test Cases/Canine_TestCases/Breed/TC13_Canine_Filter_Breed-CavalierKing" time="18.038" classname="Test Cases/Canine_TestCases/Breed/TC13_Canine_Filter_Breed-CavalierKing" status="PASSED">
         <system-out><![CDATA[2020-05-12 13:41:12 - [TEST_CASE][PASSED] - Test Cases/Canine_TestCases/Breed/TC13_Canine_Filter_Breed-CavalierKing: Test Cases/Canine_TestCases/Breed/TC13_Canine_Filter_Breed-CavalierKing

2020-05-12 13:41:12 - [TEST_STEP][PASSED] - openBrowser(""): Browser is opened with url: ''

2020-05-12 13:41:12 - [MESSAGE][WARNING] - A browser is already opened. Closing browser and opening a new one

2020-05-12 13:41:13 - [MESSAGE][INFO] - Starting 'Firefox (headless)' driver

2020-05-12 13:41:17 - [MESSAGE][PASSED] - Browser is opened with url: ''

2020-05-12 13:41:17 - [TEST_STEP][PASSED] - ctdc.utilities.runtestcaseforKatalon.browserDriver(""): ctdc.utilities.runtestcaseforKatalon.browserDriver is PASSED

2020-05-12 13:41:17 - [MESSAGE][PASSED] - ctdc.utilities.runtestcaseforKatalon.browserDriver is PASSED

2020-05-12 13:41:17 - [TEST_STEP][PASSED] - ctdc.utilities.runtestcaseforKatalon.RunKatalon("TC13_Canine_Filter_Breed-CavalierKing.xlsx"): Data loaded from input file for the test case. 

2020-05-12 13:41:17 - [MESSAGE][PASSED] - Test case file loaded This is the full filepath after converting to string :C:\Users\radhakrishnang2\Desktop\Commons_Automation\InputFiles\TC13_Canine_Filter_Breed-CavalierKing.xlsx

2020-05-12 13:41:17 - [MESSAGE][INFO] - Global variable set for password file is :  C:\Users\radhakrishnang2\Desktop\Commons_Automation\InputFiles\TC13_Canine_Filter_Breed-CavalierKing.xlsx

2020-05-12 13:41:17 - [MESSAGE][PASSED] - Data loaded from input file for the test case. 

2020-05-12 13:41:21 - [TEST_STEP][PASSED] - click(findTestObject("Object Repository/Canine/Canine_Cases_Btn")): Object: 'Object Repository/Canine/Canine_Cases_Btn' is clicked on

2020-05-12 13:41:21 - [MESSAGE][PASSED] - Object: 'Object Repository/Canine/Canine_Cases_Btn' is clicked on

2020-05-12 13:41:21 - [TEST_STEP][PASSED] - click(findTestObject("Object Repository/Canine/Filter/Breed/BREED_Ddn")): Object: 'Object Repository/Canine/Filter/Breed/BREED_Ddn' is clicked on

2020-05-12 13:41:23 - [MESSAGE][PASSED] - Object: 'Object Repository/Canine/Filter/Breed/BREED_Ddn' is clicked on

2020-05-12 13:41:23 - [TEST_STEP][PASSED] - click(findTestObject("Object Repository/Canine/Filter/Breed/CavalierKing_Chkbx")): Object: 'Object Repository/Canine/Filter/Breed/CavalierKing_Chkbx' is clicked on

2020-05-12 13:41:23 - [MESSAGE][PASSED] - Object: 'Object Repository/Canine/Filter/Breed/CavalierKing_Chkbx' is clicked on

2020-05-12 13:41:23 - [TEST_STEP][PASSED] - ctdc.utilities.runtestcaseforKatalon.ReadCasesTableKatalon("Object Repository/Canine/Canine_CasesTable", "Object Repository/Canine/Canine_TableHeader", "Object Repository/Canine/Canine_NextBtn"): ctdc.utilities.runtestcaseforKatalon.ReadCasesTableKatalon is PASSED

2020-05-12 13:41:24 - [MESSAGE][PASSED] - ctdc.utilities.runtestcaseforKatalon.ReadCasesTableKatalon is PASSED

2020-05-12 13:41:24 - [TEST_STEP][PASSED] - ctdc.utilities.ReadExcel.Neo4j(): ctdc.utilities.ReadExcel.Neo4j is PASSED

2020-05-12 13:41:27 - [MESSAGE][PASSED] - ctdc.utilities.ReadExcel.Neo4j is PASSED

2020-05-12 13:41:27 - [TEST_STEP][PASSED] - ctdc.utilities.runtestcaseforKatalon.compareLists(): ctdc.utilities.runtestcaseforKatalon.compareLists is PASSED

2020-05-12 13:41:28 - [MESSAGE][PASSED] - ctdc.utilities.runtestcaseforKatalon.compareLists is PASSED

2020-05-12 13:41:30 - [TEST_STEP][PASSED] - Video: Video recording for test case 'Test Cases/Canine_TestCases/Breed/TC13_Canine_Filter_Breed-CavalierKing' .

2020-05-12 13:41:30 - [MESSAGE][INFO] - Video recording for test case 'Test Cases/Canine_TestCases/Breed/TC13_Canine_Filter_Breed-CavalierKing' .
[[ATTACHMENT|C:\\Users\\radhakrishnang2\\Desktop\\Commons_Automation\\Reports\\20200512_133335\\Canine_TestSuite\\20200512_133335/videos\\test_19.avi]]]]></system-out>
         <system-err><![CDATA[]]></system-err>
      </testcase>
      <testcase name="Test Cases/Canine_TestCases/Breed/TC14_Canine_Filter_Breed-Chesapeake" time="16.441" classname="Test Cases/Canine_TestCases/Breed/TC14_Canine_Filter_Breed-Chesapeake" status="PASSED">
         <system-out><![CDATA[2020-05-12 13:41:30 - [TEST_CASE][PASSED] - Test Cases/Canine_TestCases/Breed/TC14_Canine_Filter_Breed-Chesapeake: Test Cases/Canine_TestCases/Breed/TC14_Canine_Filter_Breed-Chesapeake

2020-05-12 13:41:30 - [TEST_STEP][PASSED] - openBrowser(""): Browser is opened with url: ''

2020-05-12 13:41:30 - [MESSAGE][WARNING] - A browser is already opened. Closing browser and opening a new one

2020-05-12 13:41:31 - [MESSAGE][INFO] - Starting 'Firefox (headless)' driver

2020-05-12 13:41:34 - [MESSAGE][PASSED] - Browser is opened with url: ''

2020-05-12 13:41:34 - [TEST_STEP][PASSED] - ctdc.utilities.runtestcaseforKatalon.browserDriver(""): ctdc.utilities.runtestcaseforKatalon.browserDriver is PASSED

2020-05-12 13:41:34 - [MESSAGE][PASSED] - ctdc.utilities.runtestcaseforKatalon.browserDriver is PASSED

2020-05-12 13:41:34 - [TEST_STEP][PASSED] - ctdc.utilities.runtestcaseforKatalon.RunKatalon("TC14_Canine_Filter_Breed-Chesapeake.xlsx"): Data loaded from input file for the test case. 

2020-05-12 13:41:34 - [MESSAGE][PASSED] - Test case file loaded This is the full filepath after converting to string :C:\Users\radhakrishnang2\Desktop\Commons_Automation\InputFiles\TC14_Canine_Filter_Breed-Chesapeake.xlsx

2020-05-12 13:41:34 - [MESSAGE][INFO] - Global variable set for password file is :  C:\Users\radhakrishnang2\Desktop\Commons_Automation\InputFiles\TC14_Canine_Filter_Breed-Chesapeake.xlsx

2020-05-12 13:41:34 - [MESSAGE][PASSED] - Data loaded from input file for the test case. 

2020-05-12 13:41:37 - [TEST_STEP][PASSED] - click(findTestObject("Object Repository/Canine/Canine_Cases_Btn")): Object: 'Object Repository/Canine/Canine_Cases_Btn' is clicked on

2020-05-12 13:41:38 - [MESSAGE][PASSED] - Object: 'Object Repository/Canine/Canine_Cases_Btn' is clicked on

2020-05-12 13:41:38 - [TEST_STEP][PASSED] - click(findTestObject("Object Repository/Canine/Filter/Breed/BREED_Ddn")): Object: 'Object Repository/Canine/Filter/Breed/BREED_Ddn' is clicked on

2020-05-12 13:41:39 - [MESSAGE][PASSED] - Object: 'Object Repository/Canine/Filter/Breed/BREED_Ddn' is clicked on

2020-05-12 13:41:39 - [TEST_STEP][PASSED] - click(findTestObject("Object Repository/Canine/Filter/Breed/Chesapeake_Chkbx")): Object: 'Object Repository/Canine/Filter/Breed/Chesapeake_Chkbx' is clicked on

2020-05-12 13:41:40 - [MESSAGE][PASSED] - Object: 'Object Repository/Canine/Filter/Breed/Chesapeake_Chkbx' is clicked on

2020-05-12 13:41:40 - [TEST_STEP][PASSED] - ctdc.utilities.runtestcaseforKatalon.ReadCasesTableKatalon("Object Repository/Canine/Canine_CasesTable", "Object Repository/Canine/Canine_TableHeader", "Object Repository/Canine/Canine_NextBtn"): ctdc.utilities.runtestcaseforKatalon.ReadCasesTableKatalon is PASSED

2020-05-12 13:41:41 - [MESSAGE][PASSED] - ctdc.utilities.runtestcaseforKatalon.ReadCasesTableKatalon is PASSED

2020-05-12 13:41:41 - [TEST_STEP][PASSED] - ctdc.utilities.ReadExcel.Neo4j(): ctdc.utilities.ReadExcel.Neo4j is PASSED

2020-05-12 13:41:44 - [MESSAGE][PASSED] - ctdc.utilities.ReadExcel.Neo4j is PASSED

2020-05-12 13:41:44 - [TEST_STEP][PASSED] - ctdc.utilities.runtestcaseforKatalon.compareLists(): ctdc.utilities.runtestcaseforKatalon.compareLists is PASSED

2020-05-12 13:41:44 - [MESSAGE][PASSED] - ctdc.utilities.runtestcaseforKatalon.compareLists is PASSED

2020-05-12 13:41:46 - [TEST_STEP][PASSED] - Video: Video recording for test case 'Test Cases/Canine_TestCases/Breed/TC14_Canine_Filter_Breed-Chesapeake' .

2020-05-12 13:41:46 - [MESSAGE][INFO] - Video recording for test case 'Test Cases/Canine_TestCases/Breed/TC14_Canine_Filter_Breed-Chesapeake' .
[[ATTACHMENT|C:\\Users\\radhakrishnang2\\Desktop\\Commons_Automation\\Reports\\20200512_133335\\Canine_TestSuite\\20200512_133335/videos\\test_20.avi]]]]></system-out>
         <system-err><![CDATA[]]></system-err>
      </testcase>
      <testcase name="Test Cases/Canine_TestCases/Breed/TC15_Canine_Filter_Breed-Chinese" time="17.435" classname="Test Cases/Canine_TestCases/Breed/TC15_Canine_Filter_Breed-Chinese" status="PASSED">
         <system-out><![CDATA[2020-05-12 13:41:46 - [TEST_CASE][PASSED] - Test Cases/Canine_TestCases/Breed/TC15_Canine_Filter_Breed-Chinese: Test Cases/Canine_TestCases/Breed/TC15_Canine_Filter_Breed-Chinese

2020-05-12 13:41:46 - [TEST_STEP][PASSED] - openBrowser(""): Browser is opened with url: ''

2020-05-12 13:41:46 - [MESSAGE][WARNING] - A browser is already opened. Closing browser and opening a new one

2020-05-12 13:41:48 - [MESSAGE][INFO] - Starting 'Firefox (headless)' driver

2020-05-12 13:41:51 - [MESSAGE][PASSED] - Browser is opened with url: ''

2020-05-12 13:41:51 - [TEST_STEP][PASSED] - ctdc.utilities.runtestcaseforKatalon.browserDriver(""): ctdc.utilities.runtestcaseforKatalon.browserDriver is PASSED

2020-05-12 13:41:51 - [MESSAGE][PASSED] - ctdc.utilities.runtestcaseforKatalon.browserDriver is PASSED

2020-05-12 13:41:51 - [TEST_STEP][PASSED] - ctdc.utilities.runtestcaseforKatalon.RunKatalon("TC15_Canine_Filter_Breed-Chinese.xlsx"): Data loaded from input file for the test case. 

2020-05-12 13:41:51 - [MESSAGE][PASSED] - Test case file loaded This is the full filepath after converting to string :C:\Users\radhakrishnang2\Desktop\Commons_Automation\InputFiles\TC15_Canine_Filter_Breed-Chinese.xlsx

2020-05-12 13:41:51 - [MESSAGE][INFO] - Global variable set for password file is :  C:\Users\radhakrishnang2\Desktop\Commons_Automation\InputFiles\TC15_Canine_Filter_Breed-Chinese.xlsx

2020-05-12 13:41:51 - [MESSAGE][PASSED] - Data loaded from input file for the test case. 

2020-05-12 13:41:55 - [TEST_STEP][PASSED] - click(findTestObject("Object Repository/Canine/Canine_Cases_Btn")): Object: 'Object Repository/Canine/Canine_Cases_Btn' is clicked on

2020-05-12 13:41:55 - [MESSAGE][PASSED] - Object: 'Object Repository/Canine/Canine_Cases_Btn' is clicked on

2020-05-12 13:41:55 - [TEST_STEP][PASSED] - click(findTestObject("Object Repository/Canine/Filter/Breed/BREED_Ddn")): Object: 'Object Repository/Canine/Filter/Breed/BREED_Ddn' is clicked on

2020-05-12 13:41:57 - [MESSAGE][PASSED] - Object: 'Object Repository/Canine/Filter/Breed/BREED_Ddn' is clicked on

2020-05-12 13:41:57 - [TEST_STEP][PASSED] - click(findTestObject("Object Repository/Canine/Filter/Breed/Chinese_Chkbx")): Object: 'Object Repository/Canine/Filter/Breed/Chinese_Chkbx' is clicked on

2020-05-12 13:41:57 - [MESSAGE][PASSED] - Object: 'Object Repository/Canine/Filter/Breed/Chinese_Chkbx' is clicked on

2020-05-12 13:41:57 - [TEST_STEP][PASSED] - ctdc.utilities.runtestcaseforKatalon.ReadCasesTableKatalon("Object Repository/Canine/Canine_CasesTable", "Object Repository/Canine/Canine_TableHeader", "Object Repository/Canine/Canine_NextBtn"): ctdc.utilities.runtestcaseforKatalon.ReadCasesTableKatalon is PASSED

2020-05-12 13:41:58 - [MESSAGE][PASSED] - ctdc.utilities.runtestcaseforKatalon.ReadCasesTableKatalon is PASSED

2020-05-12 13:41:58 - [TEST_STEP][PASSED] - ctdc.utilities.ReadExcel.Neo4j(): ctdc.utilities.ReadExcel.Neo4j is PASSED

2020-05-12 13:42:01 - [MESSAGE][PASSED] - ctdc.utilities.ReadExcel.Neo4j is PASSED

2020-05-12 13:42:01 - [TEST_STEP][PASSED] - ctdc.utilities.runtestcaseforKatalon.compareLists(): ctdc.utilities.runtestcaseforKatalon.compareLists is PASSED

2020-05-12 13:42:01 - [MESSAGE][PASSED] - ctdc.utilities.runtestcaseforKatalon.compareLists is PASSED

2020-05-12 13:42:03 - [TEST_STEP][PASSED] - Video: Video recording for test case 'Test Cases/Canine_TestCases/Breed/TC15_Canine_Filter_Breed-Chinese' .

2020-05-12 13:42:03 - [MESSAGE][INFO] - Video recording for test case 'Test Cases/Canine_TestCases/Breed/TC15_Canine_Filter_Breed-Chinese' .
[[ATTACHMENT|C:\\Users\\radhakrishnang2\\Desktop\\Commons_Automation\\Reports\\20200512_133335\\Canine_TestSuite\\20200512_133335/videos\\test_21.avi]]]]></system-out>
         <system-err><![CDATA[]]></system-err>
      </testcase>
      <testcase name="Test Cases/Canine_TestCases/Breed/TC16_Canine_Filter_Breed-CockerSpan" time="23.965" classname="Test Cases/Canine_TestCases/Breed/TC16_Canine_Filter_Breed-CockerSpan" status="PASSED">
         <system-out><![CDATA[2020-05-12 13:42:03 - [TEST_CASE][PASSED] - Test Cases/Canine_TestCases/Breed/TC16_Canine_Filter_Breed-CockerSpan: Test Cases/Canine_TestCases/Breed/TC16_Canine_Filter_Breed-CockerSpan

2020-05-12 13:42:04 - [TEST_STEP][PASSED] - openBrowser(""): Browser is opened with url: ''

2020-05-12 13:42:04 - [MESSAGE][WARNING] - A browser is already opened. Closing browser and opening a new one

2020-05-12 13:42:05 - [MESSAGE][INFO] - Starting 'Firefox (headless)' driver

2020-05-12 13:42:08 - [MESSAGE][PASSED] - Browser is opened with url: ''

2020-05-12 13:42:08 - [TEST_STEP][PASSED] - ctdc.utilities.runtestcaseforKatalon.browserDriver(""): ctdc.utilities.runtestcaseforKatalon.browserDriver is PASSED

2020-05-12 13:42:08 - [MESSAGE][PASSED] - ctdc.utilities.runtestcaseforKatalon.browserDriver is PASSED

2020-05-12 13:42:08 - [TEST_STEP][PASSED] - ctdc.utilities.runtestcaseforKatalon.RunKatalon("TC16_Canine_Filter_Breed-CockerSpan.xlsx"): Data loaded from input file for the test case. 

2020-05-12 13:42:08 - [MESSAGE][PASSED] - Test case file loaded This is the full filepath after converting to string :C:\Users\radhakrishnang2\Desktop\Commons_Automation\InputFiles\TC16_Canine_Filter_Breed-CockerSpan.xlsx

2020-05-12 13:42:08 - [MESSAGE][INFO] - Global variable set for password file is :  C:\Users\radhakrishnang2\Desktop\Commons_Automation\InputFiles\TC16_Canine_Filter_Breed-CockerSpan.xlsx

2020-05-12 13:42:08 - [MESSAGE][PASSED] - Data loaded from input file for the test case. 

2020-05-12 13:42:19 - [TEST_STEP][PASSED] - click(findTestObject("Object Repository/Canine/Canine_Cases_Btn")): Object: 'Object Repository/Canine/Canine_Cases_Btn' is clicked on

2020-05-12 13:42:19 - [MESSAGE][PASSED] - Object: 'Object Repository/Canine/Canine_Cases_Btn' is clicked on

2020-05-12 13:42:19 - [TEST_STEP][PASSED] - click(findTestObject("Object Repository/Canine/Filter/Breed/BREED_Ddn")): Object: 'Object Repository/Canine/Filter/Breed/BREED_Ddn' is clicked on

2020-05-12 13:42:21 - [MESSAGE][PASSED] - Object: 'Object Repository/Canine/Filter/Breed/BREED_Ddn' is clicked on

2020-05-12 13:42:21 - [TEST_STEP][PASSED] - click(findTestObject("Object Repository/Canine/Filter/Breed/CockerSpan_Chkbx")): Object: 'Object Repository/Canine/Filter/Breed/CockerSpan_Chkbx' is clicked on

2020-05-12 13:42:21 - [MESSAGE][PASSED] - Object: 'Object Repository/Canine/Filter/Breed/CockerSpan_Chkbx' is clicked on

2020-05-12 13:42:21 - [TEST_STEP][PASSED] - ctdc.utilities.runtestcaseforKatalon.ReadCasesTableKatalon("Object Repository/Canine/Canine_CasesTable", "Object Repository/Canine/Canine_TableHeader", "Object Repository/Canine/Canine_NextBtn"): ctdc.utilities.runtestcaseforKatalon.ReadCasesTableKatalon is PASSED

2020-05-12 13:42:22 - [MESSAGE][PASSED] - ctdc.utilities.runtestcaseforKatalon.ReadCasesTableKatalon is PASSED

2020-05-12 13:42:22 - [TEST_STEP][PASSED] - ctdc.utilities.ReadExcel.Neo4j(): ctdc.utilities.ReadExcel.Neo4j is PASSED

2020-05-12 13:42:25 - [MESSAGE][PASSED] - ctdc.utilities.ReadExcel.Neo4j is PASSED

2020-05-12 13:42:25 - [TEST_STEP][PASSED] - ctdc.utilities.runtestcaseforKatalon.compareLists(): ctdc.utilities.runtestcaseforKatalon.compareLists is PASSED

2020-05-12 13:42:25 - [MESSAGE][PASSED] - ctdc.utilities.runtestcaseforKatalon.compareLists is PASSED

2020-05-12 13:42:27 - [TEST_STEP][PASSED] - Video: Video recording for test case 'Test Cases/Canine_TestCases/Breed/TC16_Canine_Filter_Breed-CockerSpan' .

2020-05-12 13:42:27 - [MESSAGE][INFO] - Video recording for test case 'Test Cases/Canine_TestCases/Breed/TC16_Canine_Filter_Breed-CockerSpan' .
[[ATTACHMENT|C:\\Users\\radhakrishnang2\\Desktop\\Commons_Automation\\Reports\\20200512_133335\\Canine_TestSuite\\20200512_133335/videos\\test_22.avi]]]]></system-out>
         <system-err><![CDATA[]]></system-err>
      </testcase>
      <testcase name="Test Cases/Canine_TestCases/Breed/TC17_Canine_Filter_Breed-Doberman" time="23.978" classname="Test Cases/Canine_TestCases/Breed/TC17_Canine_Filter_Breed-Doberman" status="PASSED">
         <system-out><![CDATA[2020-05-12 13:42:27 - [TEST_CASE][PASSED] - Test Cases/Canine_TestCases/Breed/TC17_Canine_Filter_Breed-Doberman: Test Cases/Canine_TestCases/Breed/TC17_Canine_Filter_Breed-Doberman

2020-05-12 13:42:28 - [TEST_STEP][PASSED] - openBrowser(""): Browser is opened with url: ''

2020-05-12 13:42:28 - [MESSAGE][WARNING] - A browser is already opened. Closing browser and opening a new one

2020-05-12 13:42:29 - [MESSAGE][INFO] - Starting 'Firefox (headless)' driver

2020-05-12 13:42:32 - [MESSAGE][PASSED] - Browser is opened with url: ''

2020-05-12 13:42:32 - [TEST_STEP][PASSED] - ctdc.utilities.runtestcaseforKatalon.browserDriver(""): ctdc.utilities.runtestcaseforKatalon.browserDriver is PASSED

2020-05-12 13:42:32 - [MESSAGE][PASSED] - ctdc.utilities.runtestcaseforKatalon.browserDriver is PASSED

2020-05-12 13:42:32 - [TEST_STEP][PASSED] - ctdc.utilities.runtestcaseforKatalon.RunKatalon("TC17_Canine_Filter_Breed-Doberman.xlsx"): Data loaded from input file for the test case. 

2020-05-12 13:42:32 - [MESSAGE][PASSED] - Test case file loaded This is the full filepath after converting to string :C:\Users\radhakrishnang2\Desktop\Commons_Automation\InputFiles\TC17_Canine_Filter_Breed-Doberman.xlsx

2020-05-12 13:42:32 - [MESSAGE][INFO] - Global variable set for password file is :  C:\Users\radhakrishnang2\Desktop\Commons_Automation\InputFiles\TC17_Canine_Filter_Breed-Doberman.xlsx

2020-05-12 13:42:32 - [MESSAGE][PASSED] - Data loaded from input file for the test case. 

2020-05-12 13:42:42 - [TEST_STEP][PASSED] - click(findTestObject("Object Repository/Canine/Canine_Cases_Btn")): Object: 'Object Repository/Canine/Canine_Cases_Btn' is clicked on

2020-05-12 13:42:42 - [MESSAGE][PASSED] - Object: 'Object Repository/Canine/Canine_Cases_Btn' is clicked on

2020-05-12 13:42:42 - [TEST_STEP][PASSED] - click(findTestObject("Object Repository/Canine/Filter/Breed/BREED_Ddn")): Object: 'Object Repository/Canine/Filter/Breed/BREED_Ddn' is clicked on

2020-05-12 13:42:44 - [MESSAGE][PASSED] - Object: 'Object Repository/Canine/Filter/Breed/BREED_Ddn' is clicked on

2020-05-12 13:42:44 - [TEST_STEP][PASSED] - click(findTestObject("Object Repository/Canine/Filter/Breed/Doberman_Chkbx")): Object: 'Object Repository/Canine/Filter/Breed/Doberman_Chkbx' is clicked on

2020-05-12 13:42:45 - [MESSAGE][PASSED] - Object: 'Object Repository/Canine/Filter/Breed/Doberman_Chkbx' is clicked on

2020-05-12 13:42:45 - [TEST_STEP][PASSED] - ctdc.utilities.runtestcaseforKatalon.ReadCasesTableKatalon("Object Repository/Canine/Canine_CasesTable", "Object Repository/Canine/Canine_TableHeader", "Object Repository/Canine/Canine_NextBtn"): ctdc.utilities.runtestcaseforKatalon.ReadCasesTableKatalon is PASSED

2020-05-12 13:42:46 - [MESSAGE][PASSED] - ctdc.utilities.runtestcaseforKatalon.ReadCasesTableKatalon is PASSED

2020-05-12 13:42:46 - [TEST_STEP][PASSED] - ctdc.utilities.ReadExcel.Neo4j(): ctdc.utilities.ReadExcel.Neo4j is PASSED

2020-05-12 13:42:49 - [MESSAGE][PASSED] - ctdc.utilities.ReadExcel.Neo4j is PASSED

2020-05-12 13:42:49 - [TEST_STEP][PASSED] - ctdc.utilities.runtestcaseforKatalon.compareLists(): ctdc.utilities.runtestcaseforKatalon.compareLists is PASSED

2020-05-12 13:42:49 - [MESSAGE][PASSED] - ctdc.utilities.runtestcaseforKatalon.compareLists is PASSED

2020-05-12 13:42:51 - [TEST_STEP][PASSED] - Video: Video recording for test case 'Test Cases/Canine_TestCases/Breed/TC17_Canine_Filter_Breed-Doberman' .

2020-05-12 13:42:51 - [MESSAGE][INFO] - Video recording for test case 'Test Cases/Canine_TestCases/Breed/TC17_Canine_Filter_Breed-Doberman' .
[[ATTACHMENT|C:\\Users\\radhakrishnang2\\Desktop\\Commons_Automation\\Reports\\20200512_133335\\Canine_TestSuite\\20200512_133335/videos\\test_23.avi]]]]></system-out>
         <system-err><![CDATA[]]></system-err>
      </testcase>
      <testcase name="Test Cases/Canine_TestCases/Breed/TC18_Canine_Filter_Breed-English" time="18.761" classname="Test Cases/Canine_TestCases/Breed/TC18_Canine_Filter_Breed-English" status="PASSED">
         <system-out><![CDATA[2020-05-12 13:42:51 - [TEST_CASE][PASSED] - Test Cases/Canine_TestCases/Breed/TC18_Canine_Filter_Breed-English: Test Cases/Canine_TestCases/Breed/TC18_Canine_Filter_Breed-English

2020-05-12 13:42:52 - [TEST_STEP][PASSED] - openBrowser(""): Browser is opened with url: ''

2020-05-12 13:42:52 - [MESSAGE][WARNING] - A browser is already opened. Closing browser and opening a new one

2020-05-12 13:42:53 - [MESSAGE][INFO] - Starting 'Firefox (headless)' driver

2020-05-12 13:42:56 - [MESSAGE][PASSED] - Browser is opened with url: ''

2020-05-12 13:42:56 - [TEST_STEP][PASSED] - ctdc.utilities.runtestcaseforKatalon.browserDriver(""): ctdc.utilities.runtestcaseforKatalon.browserDriver is PASSED

2020-05-12 13:42:56 - [MESSAGE][PASSED] - ctdc.utilities.runtestcaseforKatalon.browserDriver is PASSED

2020-05-12 13:42:56 - [TEST_STEP][PASSED] - ctdc.utilities.runtestcaseforKatalon.RunKatalon("TC18_Canine_Filter_Breed-English.xlsx"): Data loaded from input file for the test case. 

2020-05-12 13:42:56 - [MESSAGE][PASSED] - Test case file loaded This is the full filepath after converting to string :C:\Users\radhakrishnang2\Desktop\Commons_Automation\InputFiles\TC18_Canine_Filter_Breed-English.xlsx

2020-05-12 13:42:56 - [MESSAGE][INFO] - Global variable set for password file is :  C:\Users\radhakrishnang2\Desktop\Commons_Automation\InputFiles\TC18_Canine_Filter_Breed-English.xlsx

2020-05-12 13:42:56 - [MESSAGE][PASSED] - Data loaded from input file for the test case. 

2020-05-12 13:43:01 - [TEST_STEP][PASSED] - click(findTestObject("Object Repository/Canine/Canine_Cases_Btn")): Object: 'Object Repository/Canine/Canine_Cases_Btn' is clicked on

2020-05-12 13:43:02 - [MESSAGE][PASSED] - Object: 'Object Repository/Canine/Canine_Cases_Btn' is clicked on

2020-05-12 13:43:02 - [TEST_STEP][PASSED] - click(findTestObject("Object Repository/Canine/Filter/Breed/BREED_Ddn")): Object: 'Object Repository/Canine/Filter/Breed/BREED_Ddn' is clicked on

2020-05-12 13:43:03 - [MESSAGE][PASSED] - Object: 'Object Repository/Canine/Filter/Breed/BREED_Ddn' is clicked on

2020-05-12 13:43:03 - [TEST_STEP][PASSED] - click(findTestObject("Object Repository/Canine/Filter/Breed/English_Chkbx")): Object: 'Object Repository/Canine/Filter/Breed/English_Chkbx' is clicked on

2020-05-12 13:43:04 - [MESSAGE][PASSED] - Object: 'Object Repository/Canine/Filter/Breed/English_Chkbx' is clicked on

2020-05-12 13:43:04 - [TEST_STEP][PASSED] - ctdc.utilities.runtestcaseforKatalon.ReadCasesTableKatalon("Object Repository/Canine/Canine_CasesTable", "Object Repository/Canine/Canine_TableHeader", "Object Repository/Canine/Canine_NextBtn"): ctdc.utilities.runtestcaseforKatalon.ReadCasesTableKatalon is PASSED

2020-05-12 13:43:05 - [MESSAGE][PASSED] - ctdc.utilities.runtestcaseforKatalon.ReadCasesTableKatalon is PASSED

2020-05-12 13:43:05 - [TEST_STEP][PASSED] - ctdc.utilities.ReadExcel.Neo4j(): ctdc.utilities.ReadExcel.Neo4j is PASSED

2020-05-12 13:43:08 - [MESSAGE][PASSED] - ctdc.utilities.ReadExcel.Neo4j is PASSED

2020-05-12 13:43:08 - [TEST_STEP][PASSED] - ctdc.utilities.runtestcaseforKatalon.compareLists(): ctdc.utilities.runtestcaseforKatalon.compareLists is PASSED

2020-05-12 13:43:08 - [MESSAGE][PASSED] - ctdc.utilities.runtestcaseforKatalon.compareLists is PASSED

2020-05-12 13:43:10 - [TEST_STEP][PASSED] - Video: Video recording for test case 'Test Cases/Canine_TestCases/Breed/TC18_Canine_Filter_Breed-English' .

2020-05-12 13:43:10 - [MESSAGE][INFO] - Video recording for test case 'Test Cases/Canine_TestCases/Breed/TC18_Canine_Filter_Breed-English' .
[[ATTACHMENT|C:\\Users\\radhakrishnang2\\Desktop\\Commons_Automation\\Reports\\20200512_133335\\Canine_TestSuite\\20200512_133335/videos\\test_24.avi]]]]></system-out>
         <system-err><![CDATA[]]></system-err>
      </testcase>
      <testcase name="Test Cases/Canine_TestCases/Breed/TC19_Canine_Filter_Breed-Flat" time="17.709" classname="Test Cases/Canine_TestCases/Breed/TC19_Canine_Filter_Breed-Flat" status="PASSED">
         <system-out><![CDATA[2020-05-12 13:43:10 - [TEST_CASE][PASSED] - Test Cases/Canine_TestCases/Breed/TC19_Canine_Filter_Breed-Flat: Test Cases/Canine_TestCases/Breed/TC19_Canine_Filter_Breed-Flat

2020-05-12 13:43:11 - [TEST_STEP][PASSED] - openBrowser(""): Browser is opened with url: ''

2020-05-12 13:43:11 - [MESSAGE][WARNING] - A browser is already opened. Closing browser and opening a new one

2020-05-12 13:43:12 - [MESSAGE][INFO] - Starting 'Firefox (headless)' driver

2020-05-12 13:43:16 - [MESSAGE][PASSED] - Browser is opened with url: ''

2020-05-12 13:43:16 - [TEST_STEP][PASSED] - ctdc.utilities.runtestcaseforKatalon.browserDriver(""): ctdc.utilities.runtestcaseforKatalon.browserDriver is PASSED

2020-05-12 13:43:16 - [MESSAGE][PASSED] - ctdc.utilities.runtestcaseforKatalon.browserDriver is PASSED

2020-05-12 13:43:16 - [TEST_STEP][PASSED] - ctdc.utilities.runtestcaseforKatalon.RunKatalon("TC19_Canine_Filter_Breed-Flat.xlsx"): Data loaded from input file for the test case. 

2020-05-12 13:43:16 - [MESSAGE][PASSED] - Test case file loaded This is the full filepath after converting to string :C:\Users\radhakrishnang2\Desktop\Commons_Automation\InputFiles\TC19_Canine_Filter_Breed-Flat.xlsx

2020-05-12 13:43:16 - [MESSAGE][INFO] - Global variable set for password file is :  C:\Users\radhakrishnang2\Desktop\Commons_Automation\InputFiles\TC19_Canine_Filter_Breed-Flat.xlsx

2020-05-12 13:43:16 - [MESSAGE][PASSED] - Data loaded from input file for the test case. 

2020-05-12 13:43:20 - [TEST_STEP][PASSED] - click(findTestObject("Object Repository/Canine/Canine_Cases_Btn")): Object: 'Object Repository/Canine/Canine_Cases_Btn' is clicked on

2020-05-12 13:43:20 - [MESSAGE][PASSED] - Object: 'Object Repository/Canine/Canine_Cases_Btn' is clicked on

2020-05-12 13:43:20 - [TEST_STEP][PASSED] - click(findTestObject("Object Repository/Canine/Filter/Breed/BREED_Ddn")): Object: 'Object Repository/Canine/Filter/Breed/BREED_Ddn' is clicked on

2020-05-12 13:43:22 - [MESSAGE][PASSED] - Object: 'Object Repository/Canine/Filter/Breed/BREED_Ddn' is clicked on

2020-05-12 13:43:22 - [TEST_STEP][PASSED] - click(findTestObject("Object Repository/Canine/Filter/Breed/Flat_Chkbx")): Object: 'Object Repository/Canine/Filter/Breed/Flat_Chkbx' is clicked on

2020-05-12 13:43:22 - [MESSAGE][PASSED] - Object: 'Object Repository/Canine/Filter/Breed/Flat_Chkbx' is clicked on

2020-05-12 13:43:22 - [TEST_STEP][PASSED] - ctdc.utilities.runtestcaseforKatalon.ReadCasesTableKatalon("Object Repository/Canine/Canine_CasesTable", "Object Repository/Canine/Canine_TableHeader", "Object Repository/Canine/Canine_NextBtn"): ctdc.utilities.runtestcaseforKatalon.ReadCasesTableKatalon is PASSED

2020-05-12 13:43:23 - [MESSAGE][PASSED] - ctdc.utilities.runtestcaseforKatalon.ReadCasesTableKatalon is PASSED

2020-05-12 13:43:23 - [TEST_STEP][PASSED] - ctdc.utilities.ReadExcel.Neo4j(): ctdc.utilities.ReadExcel.Neo4j is PASSED

2020-05-12 13:43:26 - [MESSAGE][PASSED] - ctdc.utilities.ReadExcel.Neo4j is PASSED

2020-05-12 13:43:26 - [TEST_STEP][PASSED] - ctdc.utilities.runtestcaseforKatalon.compareLists(): ctdc.utilities.runtestcaseforKatalon.compareLists is PASSED

2020-05-12 13:43:26 - [MESSAGE][PASSED] - ctdc.utilities.runtestcaseforKatalon.compareLists is PASSED

2020-05-12 13:43:28 - [TEST_STEP][PASSED] - Video: Video recording for test case 'Test Cases/Canine_TestCases/Breed/TC19_Canine_Filter_Breed-Flat' .

2020-05-12 13:43:28 - [MESSAGE][INFO] - Video recording for test case 'Test Cases/Canine_TestCases/Breed/TC19_Canine_Filter_Breed-Flat' .
[[ATTACHMENT|C:\\Users\\radhakrishnang2\\Desktop\\Commons_Automation\\Reports\\20200512_133335\\Canine_TestSuite\\20200512_133335/videos\\test_25.avi]]]]></system-out>
         <system-err><![CDATA[]]></system-err>
      </testcase>
      <testcase name="Test Cases/Canine_TestCases/Breed/TC20_Canine_Filter_Breed-GermanShphd" time="18.034" classname="Test Cases/Canine_TestCases/Breed/TC20_Canine_Filter_Breed-GermanShphd" status="PASSED">
         <system-out><![CDATA[2020-05-12 13:43:28 - [TEST_CASE][PASSED] - Test Cases/Canine_TestCases/Breed/TC20_Canine_Filter_Breed-GermanShphd: Test Cases/Canine_TestCases/Breed/TC20_Canine_Filter_Breed-GermanShphd

2020-05-12 13:43:28 - [TEST_STEP][PASSED] - openBrowser(""): Browser is opened with url: ''

2020-05-12 13:43:28 - [MESSAGE][WARNING] - A browser is already opened. Closing browser and opening a new one

2020-05-12 13:43:29 - [MESSAGE][INFO] - Starting 'Firefox (headless)' driver

2020-05-12 13:43:33 - [MESSAGE][PASSED] - Browser is opened with url: ''

2020-05-12 13:43:33 - [TEST_STEP][PASSED] - ctdc.utilities.runtestcaseforKatalon.browserDriver(""): ctdc.utilities.runtestcaseforKatalon.browserDriver is PASSED

2020-05-12 13:43:33 - [MESSAGE][PASSED] - ctdc.utilities.runtestcaseforKatalon.browserDriver is PASSED

2020-05-12 13:43:33 - [TEST_STEP][PASSED] - ctdc.utilities.runtestcaseforKatalon.RunKatalon("TC20_Canine_Filter_Breed-GermanShphd.xlsx"): Data loaded from input file for the test case. 

2020-05-12 13:43:33 - [MESSAGE][PASSED] - Test case file loaded This is the full filepath after converting to string :C:\Users\radhakrishnang2\Desktop\Commons_Automation\InputFiles\TC20_Canine_Filter_Breed-GermanShphd.xlsx

2020-05-12 13:43:33 - [MESSAGE][INFO] - Global variable set for password file is :  C:\Users\radhakrishnang2\Desktop\Commons_Automation\InputFiles\TC20_Canine_Filter_Breed-GermanShphd.xlsx

2020-05-12 13:43:33 - [MESSAGE][PASSED] - Data loaded from input file for the test case. 

2020-05-12 13:43:37 - [TEST_STEP][PASSED] - click(findTestObject("Object Repository/Canine/Canine_Cases_Btn")): Object: 'Object Repository/Canine/Canine_Cases_Btn' is clicked on

2020-05-12 13:43:37 - [MESSAGE][PASSED] - Object: 'Object Repository/Canine/Canine_Cases_Btn' is clicked on

2020-05-12 13:43:37 - [TEST_STEP][PASSED] - click(findTestObject("Object Repository/Canine/Filter/Breed/BREED_Ddn")): Object: 'Object Repository/Canine/Filter/Breed/BREED_Ddn' is clicked on

2020-05-12 13:43:39 - [MESSAGE][PASSED] - Object: 'Object Repository/Canine/Filter/Breed/BREED_Ddn' is clicked on

2020-05-12 13:43:39 - [TEST_STEP][PASSED] - click(findTestObject("Object Repository/Canine/Filter/Breed/GermanShphd_Chkbx")): Object: 'Object Repository/Canine/Filter/Breed/GermanShphd_Chkbx' is clicked on

2020-05-12 13:43:39 - [MESSAGE][PASSED] - Object: 'Object Repository/Canine/Filter/Breed/GermanShphd_Chkbx' is clicked on

2020-05-12 13:43:39 - [TEST_STEP][PASSED] - ctdc.utilities.runtestcaseforKatalon.ReadCasesTableKatalon("Object Repository/Canine/Canine_CasesTable", "Object Repository/Canine/Canine_TableHeader", "Object Repository/Canine/Canine_NextBtn"): ctdc.utilities.runtestcaseforKatalon.ReadCasesTableKatalon is PASSED

2020-05-12 13:43:41 - [MESSAGE][PASSED] - ctdc.utilities.runtestcaseforKatalon.ReadCasesTableKatalon is PASSED

2020-05-12 13:43:41 - [TEST_STEP][PASSED] - ctdc.utilities.ReadExcel.Neo4j(): ctdc.utilities.ReadExcel.Neo4j is PASSED

2020-05-12 13:43:44 - [MESSAGE][PASSED] - ctdc.utilities.ReadExcel.Neo4j is PASSED

2020-05-12 13:43:44 - [TEST_STEP][PASSED] - ctdc.utilities.runtestcaseforKatalon.compareLists(): ctdc.utilities.runtestcaseforKatalon.compareLists is PASSED

2020-05-12 13:43:44 - [MESSAGE][PASSED] - ctdc.utilities.runtestcaseforKatalon.compareLists is PASSED

2020-05-12 13:43:46 - [TEST_STEP][PASSED] - Video: Video recording for test case 'Test Cases/Canine_TestCases/Breed/TC20_Canine_Filter_Breed-GermanShphd' .

2020-05-12 13:43:46 - [MESSAGE][INFO] - Video recording for test case 'Test Cases/Canine_TestCases/Breed/TC20_Canine_Filter_Breed-GermanShphd' .
[[ATTACHMENT|C:\\Users\\radhakrishnang2\\Desktop\\Commons_Automation\\Reports\\20200512_133335\\Canine_TestSuite\\20200512_133335/videos\\test_26.avi]]]]></system-out>
         <system-err><![CDATA[]]></system-err>
      </testcase>
      <testcase name="Test Cases/Canine_TestCases/Breed/TC21_Canine_Filter_Breed-GermanShthrPtr" time="16.704" classname="Test Cases/Canine_TestCases/Breed/TC21_Canine_Filter_Breed-GermanShthrPtr" status="PASSED">
         <system-out><![CDATA[2020-05-12 13:43:46 - [TEST_CASE][PASSED] - Test Cases/Canine_TestCases/Breed/TC21_Canine_Filter_Breed-GermanShthrPtr: Test Cases/Canine_TestCases/Breed/TC21_Canine_Filter_Breed-GermanShthrPtr

2020-05-12 13:43:46 - [TEST_STEP][PASSED] - openBrowser(""): Browser is opened with url: ''

2020-05-12 13:43:46 - [MESSAGE][WARNING] - A browser is already opened. Closing browser and opening a new one

2020-05-12 13:43:47 - [MESSAGE][INFO] - Starting 'Firefox (headless)' driver

2020-05-12 13:43:51 - [MESSAGE][PASSED] - Browser is opened with url: ''

2020-05-12 13:43:51 - [TEST_STEP][PASSED] - ctdc.utilities.runtestcaseforKatalon.browserDriver(""): ctdc.utilities.runtestcaseforKatalon.browserDriver is PASSED

2020-05-12 13:43:51 - [MESSAGE][PASSED] - ctdc.utilities.runtestcaseforKatalon.browserDriver is PASSED

2020-05-12 13:43:51 - [TEST_STEP][PASSED] - ctdc.utilities.runtestcaseforKatalon.RunKatalon("TC21_Canine_Filter_Breed-GermanShthrPtr.xlsx"): Data loaded from input file for the test case. 

2020-05-12 13:43:51 - [MESSAGE][PASSED] - Test case file loaded This is the full filepath after converting to string :C:\Users\radhakrishnang2\Desktop\Commons_Automation\InputFiles\TC21_Canine_Filter_Breed-GermanShthrPtr.xlsx

2020-05-12 13:43:51 - [MESSAGE][INFO] - Global variable set for password file is :  C:\Users\radhakrishnang2\Desktop\Commons_Automation\InputFiles\TC21_Canine_Filter_Breed-GermanShthrPtr.xlsx

2020-05-12 13:43:51 - [MESSAGE][PASSED] - Data loaded from input file for the test case. 

2020-05-12 13:43:54 - [TEST_STEP][PASSED] - click(findTestObject("Object Repository/Canine/Canine_Cases_Btn")): Object: 'Object Repository/Canine/Canine_Cases_Btn' is clicked on

2020-05-12 13:43:54 - [MESSAGE][PASSED] - Object: 'Object Repository/Canine/Canine_Cases_Btn' is clicked on

2020-05-12 13:43:54 - [TEST_STEP][PASSED] - click(findTestObject("Object Repository/Canine/Filter/Breed/BREED_Ddn")): Object: 'Object Repository/Canine/Filter/Breed/BREED_Ddn' is clicked on

2020-05-12 13:43:56 - [MESSAGE][PASSED] - Object: 'Object Repository/Canine/Filter/Breed/BREED_Ddn' is clicked on

2020-05-12 13:43:56 - [TEST_STEP][PASSED] - click(findTestObject("Object Repository/Canine/Filter/Breed/GermanShthrPntr_Chkbx")): Object: 'Object Repository/Canine/Filter/Breed/GermanShthrPntr_Chkbx' is clicked on

2020-05-12 13:43:57 - [MESSAGE][PASSED] - Object: 'Object Repository/Canine/Filter/Breed/GermanShthrPntr_Chkbx' is clicked on

2020-05-12 13:43:57 - [TEST_STEP][PASSED] - ctdc.utilities.runtestcaseforKatalon.ReadCasesTableKatalon("Object Repository/Canine/Canine_CasesTable", "Object Repository/Canine/Canine_TableHeader", "Object Repository/Canine/Canine_NextBtn"): ctdc.utilities.runtestcaseforKatalon.ReadCasesTableKatalon is PASSED

2020-05-12 13:43:57 - [MESSAGE][PASSED] - ctdc.utilities.runtestcaseforKatalon.ReadCasesTableKatalon is PASSED

2020-05-12 13:43:57 - [TEST_STEP][PASSED] - ctdc.utilities.ReadExcel.Neo4j(): ctdc.utilities.ReadExcel.Neo4j is PASSED

2020-05-12 13:44:01 - [MESSAGE][PASSED] - ctdc.utilities.ReadExcel.Neo4j is PASSED

2020-05-12 13:44:01 - [TEST_STEP][PASSED] - ctdc.utilities.runtestcaseforKatalon.compareLists(): ctdc.utilities.runtestcaseforKatalon.compareLists is PASSED

2020-05-12 13:44:01 - [MESSAGE][PASSED] - ctdc.utilities.runtestcaseforKatalon.compareLists is PASSED

2020-05-12 13:44:03 - [TEST_STEP][PASSED] - Video: Video recording for test case 'Test Cases/Canine_TestCases/Breed/TC21_Canine_Filter_Breed-GermanShthrPtr' .

2020-05-12 13:44:03 - [MESSAGE][INFO] - Video recording for test case 'Test Cases/Canine_TestCases/Breed/TC21_Canine_Filter_Breed-GermanShthrPtr' .
[[ATTACHMENT|C:\\Users\\radhakrishnang2\\Desktop\\Commons_Automation\\Reports\\20200512_133335\\Canine_TestSuite\\20200512_133335/videos\\test_27.avi]]]]></system-out>
         <system-err><![CDATA[]]></system-err>
      </testcase>
      <testcase name="Test Cases/Canine_TestCases/Breed/TC22_Canine_Filter_Breed-Giant" time="16.846" classname="Test Cases/Canine_TestCases/Breed/TC22_Canine_Filter_Breed-Giant" status="PASSED">
         <system-out><![CDATA[2020-05-12 13:44:03 - [TEST_CASE][PASSED] - Test Cases/Canine_TestCases/Breed/TC22_Canine_Filter_Breed-Giant: Test Cases/Canine_TestCases/Breed/TC22_Canine_Filter_Breed-Giant

2020-05-12 13:44:03 - [TEST_STEP][PASSED] - openBrowser(""): Browser is opened with url: ''

2020-05-12 13:44:03 - [MESSAGE][WARNING] - A browser is already opened. Closing browser and opening a new one

2020-05-12 13:44:04 - [MESSAGE][INFO] - Starting 'Firefox (headless)' driver

2020-05-12 13:44:07 - [MESSAGE][PASSED] - Browser is opened with url: ''

2020-05-12 13:44:07 - [TEST_STEP][PASSED] - ctdc.utilities.runtestcaseforKatalon.browserDriver(""): ctdc.utilities.runtestcaseforKatalon.browserDriver is PASSED

2020-05-12 13:44:07 - [MESSAGE][PASSED] - ctdc.utilities.runtestcaseforKatalon.browserDriver is PASSED

2020-05-12 13:44:07 - [TEST_STEP][PASSED] - ctdc.utilities.runtestcaseforKatalon.RunKatalon("TC22_Canine_Filter_Breed-Giant.xlsx"): Data loaded from input file for the test case. 

2020-05-12 13:44:07 - [MESSAGE][PASSED] - Test case file loaded This is the full filepath after converting to string :C:\Users\radhakrishnang2\Desktop\Commons_Automation\InputFiles\TC22_Canine_Filter_Breed-Giant.xlsx

2020-05-12 13:44:07 - [MESSAGE][INFO] - Global variable set for password file is :  C:\Users\radhakrishnang2\Desktop\Commons_Automation\InputFiles\TC22_Canine_Filter_Breed-Giant.xlsx

2020-05-12 13:44:07 - [MESSAGE][PASSED] - Data loaded from input file for the test case. 

2020-05-12 13:44:11 - [TEST_STEP][PASSED] - click(findTestObject("Object Repository/Canine/Canine_Cases_Btn")): Object: 'Object Repository/Canine/Canine_Cases_Btn' is clicked on

2020-05-12 13:44:11 - [MESSAGE][PASSED] - Object: 'Object Repository/Canine/Canine_Cases_Btn' is clicked on

2020-05-12 13:44:11 - [TEST_STEP][PASSED] - click(findTestObject("Object Repository/Canine/Filter/Breed/BREED_Ddn")): Object: 'Object Repository/Canine/Filter/Breed/BREED_Ddn' is clicked on

2020-05-12 13:44:13 - [MESSAGE][PASSED] - Object: 'Object Repository/Canine/Filter/Breed/BREED_Ddn' is clicked on

2020-05-12 13:44:13 - [TEST_STEP][PASSED] - click(findTestObject("Object Repository/Canine/Filter/Breed/Giant_Chkbx")): Object: 'Object Repository/Canine/Filter/Breed/Giant_Chkbx' is clicked on

2020-05-12 13:44:13 - [MESSAGE][PASSED] - Object: 'Object Repository/Canine/Filter/Breed/Giant_Chkbx' is clicked on

2020-05-12 13:44:13 - [TEST_STEP][PASSED] - ctdc.utilities.runtestcaseforKatalon.ReadCasesTableKatalon("Object Repository/Canine/Canine_CasesTable", "Object Repository/Canine/Canine_TableHeader", "Object Repository/Canine/Canine_NextBtn"): ctdc.utilities.runtestcaseforKatalon.ReadCasesTableKatalon is PASSED

2020-05-12 13:44:14 - [MESSAGE][PASSED] - ctdc.utilities.runtestcaseforKatalon.ReadCasesTableKatalon is PASSED

2020-05-12 13:44:14 - [TEST_STEP][PASSED] - ctdc.utilities.ReadExcel.Neo4j(): ctdc.utilities.ReadExcel.Neo4j is PASSED

2020-05-12 13:44:17 - [MESSAGE][PASSED] - ctdc.utilities.ReadExcel.Neo4j is PASSED

2020-05-12 13:44:17 - [TEST_STEP][PASSED] - ctdc.utilities.runtestcaseforKatalon.compareLists(): ctdc.utilities.runtestcaseforKatalon.compareLists is PASSED

2020-05-12 13:44:17 - [MESSAGE][PASSED] - ctdc.utilities.runtestcaseforKatalon.compareLists is PASSED

2020-05-12 13:44:19 - [TEST_STEP][PASSED] - Video: Video recording for test case 'Test Cases/Canine_TestCases/Breed/TC22_Canine_Filter_Breed-Giant' .

2020-05-12 13:44:19 - [MESSAGE][INFO] - Video recording for test case 'Test Cases/Canine_TestCases/Breed/TC22_Canine_Filter_Breed-Giant' .
[[ATTACHMENT|C:\\Users\\radhakrishnang2\\Desktop\\Commons_Automation\\Reports\\20200512_133335\\Canine_TestSuite\\20200512_133335/videos\\test_28.avi]]]]></system-out>
         <system-err><![CDATA[]]></system-err>
      </testcase>
      <testcase name="Test Cases/Canine_TestCases/Breed/TC23_Canine_Filter_Breed-GoldenRtrv" time="21.333" classname="Test Cases/Canine_TestCases/Breed/TC23_Canine_Filter_Breed-GoldenRtrv" status="PASSED">
         <system-out><![CDATA[2020-05-12 13:44:19 - [TEST_CASE][PASSED] - Test Cases/Canine_TestCases/Breed/TC23_Canine_Filter_Breed-GoldenRtrv: Test Cases/Canine_TestCases/Breed/TC23_Canine_Filter_Breed-GoldenRtrv

2020-05-12 13:44:20 - [TEST_STEP][PASSED] - openBrowser(""): Browser is opened with url: ''

2020-05-12 13:44:20 - [MESSAGE][WARNING] - A browser is already opened. Closing browser and opening a new one

2020-05-12 13:44:21 - [MESSAGE][INFO] - Starting 'Firefox (headless)' driver

2020-05-12 13:44:24 - [MESSAGE][PASSED] - Browser is opened with url: ''

2020-05-12 13:44:24 - [TEST_STEP][PASSED] - ctdc.utilities.runtestcaseforKatalon.browserDriver(""): ctdc.utilities.runtestcaseforKatalon.browserDriver is PASSED

2020-05-12 13:44:24 - [MESSAGE][PASSED] - ctdc.utilities.runtestcaseforKatalon.browserDriver is PASSED

2020-05-12 13:44:24 - [TEST_STEP][PASSED] - ctdc.utilities.runtestcaseforKatalon.RunKatalon("TC23_Canine_Filter_Breed-GoldenRtrv.xlsx"): Data loaded from input file for the test case. 

2020-05-12 13:44:24 - [MESSAGE][PASSED] - Test case file loaded This is the full filepath after converting to string :C:\Users\radhakrishnang2\Desktop\Commons_Automation\InputFiles\TC23_Canine_Filter_Breed-GoldenRtrv.xlsx

2020-05-12 13:44:24 - [MESSAGE][INFO] - Global variable set for password file is :  C:\Users\radhakrishnang2\Desktop\Commons_Automation\InputFiles\TC23_Canine_Filter_Breed-GoldenRtrv.xlsx

2020-05-12 13:44:24 - [MESSAGE][PASSED] - Data loaded from input file for the test case. 

2020-05-12 13:44:28 - [TEST_STEP][PASSED] - click(findTestObject("Object Repository/Canine/Canine_Cases_Btn")): Object: 'Object Repository/Canine/Canine_Cases_Btn' is clicked on

2020-05-12 13:44:28 - [MESSAGE][PASSED] - Object: 'Object Repository/Canine/Canine_Cases_Btn' is clicked on

2020-05-12 13:44:28 - [TEST_STEP][PASSED] - click(findTestObject("Object Repository/Canine/Filter/Breed/BREED_Ddn")): Object: 'Object Repository/Canine/Filter/Breed/BREED_Ddn' is clicked on

2020-05-12 13:44:30 - [MESSAGE][PASSED] - Object: 'Object Repository/Canine/Filter/Breed/BREED_Ddn' is clicked on

2020-05-12 13:44:30 - [TEST_STEP][PASSED] - click(findTestObject("Object Repository/Canine/Filter/Breed/GoldenRetr_Chkbx")): Object: 'Object Repository/Canine/Filter/Breed/GoldenRetr_Chkbx' is clicked on

2020-05-12 13:44:31 - [MESSAGE][PASSED] - Object: 'Object Repository/Canine/Filter/Breed/GoldenRetr_Chkbx' is clicked on

2020-05-12 13:44:31 - [TEST_STEP][PASSED] - ctdc.utilities.runtestcaseforKatalon.ReadCasesTableKatalon("Object Repository/Canine/Canine_CasesTable", "Object Repository/Canine/Canine_TableHeader", "Object Repository/Canine/Canine_NextBtn"): ctdc.utilities.runtestcaseforKatalon.ReadCasesTableKatalon is PASSED

2020-05-12 13:44:35 - [MESSAGE][PASSED] - ctdc.utilities.runtestcaseforKatalon.ReadCasesTableKatalon is PASSED

2020-05-12 13:44:35 - [TEST_STEP][PASSED] - ctdc.utilities.ReadExcel.Neo4j(): ctdc.utilities.ReadExcel.Neo4j is PASSED

2020-05-12 13:44:39 - [MESSAGE][PASSED] - ctdc.utilities.ReadExcel.Neo4j is PASSED

2020-05-12 13:44:39 - [TEST_STEP][PASSED] - ctdc.utilities.runtestcaseforKatalon.compareLists(): ctdc.utilities.runtestcaseforKatalon.compareLists is PASSED

2020-05-12 13:44:39 - [MESSAGE][PASSED] - ctdc.utilities.runtestcaseforKatalon.compareLists is PASSED

2020-05-12 13:44:41 - [TEST_STEP][PASSED] - Video: Video recording for test case 'Test Cases/Canine_TestCases/Breed/TC23_Canine_Filter_Breed-GoldenRtrv' .

2020-05-12 13:44:41 - [MESSAGE][INFO] - Video recording for test case 'Test Cases/Canine_TestCases/Breed/TC23_Canine_Filter_Breed-GoldenRtrv' .
[[ATTACHMENT|C:\\Users\\radhakrishnang2\\Desktop\\Commons_Automation\\Reports\\20200512_133335\\Canine_TestSuite\\20200512_133335/videos\\test_29.avi]]]]></system-out>
         <system-err><![CDATA[]]></system-err>
      </testcase>
      <testcase name="Test Cases/Canine_TestCases/Breed/TC24_Canine_Filter_Breed-Gordon" time="17.048" classname="Test Cases/Canine_TestCases/Breed/TC24_Canine_Filter_Breed-Gordon" status="PASSED">
         <system-out><![CDATA[2020-05-12 13:44:41 - [TEST_CASE][PASSED] - Test Cases/Canine_TestCases/Breed/TC24_Canine_Filter_Breed-Gordon: Test Cases/Canine_TestCases/Breed/TC24_Canine_Filter_Breed-Gordon

2020-05-12 13:44:41 - [TEST_STEP][PASSED] - openBrowser(""): Browser is opened with url: ''

2020-05-12 13:44:41 - [MESSAGE][WARNING] - A browser is already opened. Closing browser and opening a new one

2020-05-12 13:44:42 - [MESSAGE][INFO] - Starting 'Firefox (headless)' driver

2020-05-12 13:44:46 - [MESSAGE][PASSED] - Browser is opened with url: ''

2020-05-12 13:44:46 - [TEST_STEP][PASSED] - ctdc.utilities.runtestcaseforKatalon.browserDriver(""): ctdc.utilities.runtestcaseforKatalon.browserDriver is PASSED

2020-05-12 13:44:46 - [MESSAGE][PASSED] - ctdc.utilities.runtestcaseforKatalon.browserDriver is PASSED

2020-05-12 13:44:46 - [TEST_STEP][PASSED] - ctdc.utilities.runtestcaseforKatalon.RunKatalon("TC24_Canine_Filter_Breed-Gordon.xlsx"): Data loaded from input file for the test case. 

2020-05-12 13:44:46 - [MESSAGE][PASSED] - Test case file loaded This is the full filepath after converting to string :C:\Users\radhakrishnang2\Desktop\Commons_Automation\InputFiles\TC24_Canine_Filter_Breed-Gordon.xlsx

2020-05-12 13:44:46 - [MESSAGE][INFO] - Global variable set for password file is :  C:\Users\radhakrishnang2\Desktop\Commons_Automation\InputFiles\TC24_Canine_Filter_Breed-Gordon.xlsx

2020-05-12 13:44:46 - [MESSAGE][PASSED] - Data loaded from input file for the test case. 

2020-05-12 13:44:49 - [TEST_STEP][PASSED] - click(findTestObject("Object Repository/Canine/Canine_Cases_Btn")): Object: 'Object Repository/Canine/Canine_Cases_Btn' is clicked on

2020-05-12 13:44:49 - [MESSAGE][PASSED] - Object: 'Object Repository/Canine/Canine_Cases_Btn' is clicked on

2020-05-12 13:44:49 - [TEST_STEP][PASSED] - click(findTestObject("Object Repository/Canine/Filter/Breed/BREED_Ddn")): Object: 'Object Repository/Canine/Filter/Breed/BREED_Ddn' is clicked on

2020-05-12 13:44:51 - [MESSAGE][PASSED] - Object: 'Object Repository/Canine/Filter/Breed/BREED_Ddn' is clicked on

2020-05-12 13:44:51 - [TEST_STEP][PASSED] - click(findTestObject("Object Repository/Canine/Filter/Breed/Gordon_Chkbx")): Object: 'Object Repository/Canine/Filter/Breed/Gordon_Chkbx' is clicked on

2020-05-12 13:44:52 - [MESSAGE][PASSED] - Object: 'Object Repository/Canine/Filter/Breed/Gordon_Chkbx' is clicked on

2020-05-12 13:44:52 - [TEST_STEP][PASSED] - ctdc.utilities.runtestcaseforKatalon.ReadCasesTableKatalon("Object Repository/Canine/Canine_CasesTable", "Object Repository/Canine/Canine_TableHeader", "Object Repository/Canine/Canine_NextBtn"): ctdc.utilities.runtestcaseforKatalon.ReadCasesTableKatalon is PASSED

2020-05-12 13:44:53 - [MESSAGE][PASSED] - ctdc.utilities.runtestcaseforKatalon.ReadCasesTableKatalon is PASSED

2020-05-12 13:44:53 - [TEST_STEP][PASSED] - ctdc.utilities.ReadExcel.Neo4j(): ctdc.utilities.ReadExcel.Neo4j is PASSED

2020-05-12 13:44:56 - [MESSAGE][PASSED] - ctdc.utilities.ReadExcel.Neo4j is PASSED

2020-05-12 13:44:56 - [TEST_STEP][PASSED] - ctdc.utilities.runtestcaseforKatalon.compareLists(): ctdc.utilities.runtestcaseforKatalon.compareLists is PASSED

2020-05-12 13:44:56 - [MESSAGE][PASSED] - ctdc.utilities.runtestcaseforKatalon.compareLists is PASSED

2020-05-12 13:44:58 - [TEST_STEP][PASSED] - Video: Video recording for test case 'Test Cases/Canine_TestCases/Breed/TC24_Canine_Filter_Breed-Gordon' .

2020-05-12 13:44:58 - [MESSAGE][INFO] - Video recording for test case 'Test Cases/Canine_TestCases/Breed/TC24_Canine_Filter_Breed-Gordon' .
[[ATTACHMENT|C:\\Users\\radhakrishnang2\\Desktop\\Commons_Automation\\Reports\\20200512_133335\\Canine_TestSuite\\20200512_133335/videos\\test_30.avi]]]]></system-out>
         <system-err><![CDATA[]]></system-err>
      </testcase>
      <testcase name="Test Cases/Canine_TestCases/Breed/TC25_Canine_Filter_Breed-Greyhnd" time="16.902" classname="Test Cases/Canine_TestCases/Breed/TC25_Canine_Filter_Breed-Greyhnd" status="PASSED">
         <system-out><![CDATA[2020-05-12 13:44:58 - [TEST_CASE][PASSED] - Test Cases/Canine_TestCases/Breed/TC25_Canine_Filter_Breed-Greyhnd: Test Cases/Canine_TestCases/Breed/TC25_Canine_Filter_Breed-Greyhnd

2020-05-12 13:44:58 - [TEST_STEP][PASSED] - openBrowser(""): Browser is opened with url: ''

2020-05-12 13:44:58 - [MESSAGE][WARNING] - A browser is already opened. Closing browser and opening a new one

2020-05-12 13:44:59 - [MESSAGE][INFO] - Starting 'Firefox (headless)' driver

2020-05-12 13:45:03 - [MESSAGE][PASSED] - Browser is opened with url: ''

2020-05-12 13:45:03 - [TEST_STEP][PASSED] - ctdc.utilities.runtestcaseforKatalon.browserDriver(""): ctdc.utilities.runtestcaseforKatalon.browserDriver is PASSED

2020-05-12 13:45:03 - [MESSAGE][PASSED] - ctdc.utilities.runtestcaseforKatalon.browserDriver is PASSED

2020-05-12 13:45:03 - [TEST_STEP][PASSED] - ctdc.utilities.runtestcaseforKatalon.RunKatalon("TC25_Canine_Filter_Breed-Greyhnd.xlsx"): Data loaded from input file for the test case. 

2020-05-12 13:45:03 - [MESSAGE][PASSED] - Test case file loaded This is the full filepath after converting to string :C:\Users\radhakrishnang2\Desktop\Commons_Automation\InputFiles\TC25_Canine_Filter_Breed-Greyhnd.xlsx

2020-05-12 13:45:03 - [MESSAGE][INFO] - Global variable set for password file is :  C:\Users\radhakrishnang2\Desktop\Commons_Automation\InputFiles\TC25_Canine_Filter_Breed-Greyhnd.xlsx

2020-05-12 13:45:03 - [MESSAGE][PASSED] - Data loaded from input file for the test case. 

2020-05-12 13:45:06 - [TEST_STEP][PASSED] - click(findTestObject("Object Repository/Canine/Canine_Cases_Btn")): Object: 'Object Repository/Canine/Canine_Cases_Btn' is clicked on

2020-05-12 13:45:06 - [MESSAGE][PASSED] - Object: 'Object Repository/Canine/Canine_Cases_Btn' is clicked on

2020-05-12 13:45:06 - [TEST_STEP][PASSED] - click(findTestObject("Object Repository/Canine/Filter/Breed/BREED_Ddn")): Object: 'Object Repository/Canine/Filter/Breed/BREED_Ddn' is clicked on

2020-05-12 13:45:08 - [MESSAGE][PASSED] - Object: 'Object Repository/Canine/Filter/Breed/BREED_Ddn' is clicked on

2020-05-12 13:45:08 - [TEST_STEP][PASSED] - click(findTestObject("Object Repository/Canine/Filter/Breed/Greyhnd_Chkbx")): Object: 'Object Repository/Canine/Filter/Breed/Greyhnd_Chkbx' is clicked on

2020-05-12 13:45:08 - [MESSAGE][PASSED] - Object: 'Object Repository/Canine/Filter/Breed/Greyhnd_Chkbx' is clicked on

2020-05-12 13:45:08 - [TEST_STEP][PASSED] - ctdc.utilities.runtestcaseforKatalon.ReadCasesTableKatalon("Object Repository/Canine/Canine_CasesTable", "Object Repository/Canine/Canine_TableHeader", "Object Repository/Canine/Canine_NextBtn"): ctdc.utilities.runtestcaseforKatalon.ReadCasesTableKatalon is PASSED

2020-05-12 13:45:09 - [MESSAGE][PASSED] - ctdc.utilities.runtestcaseforKatalon.ReadCasesTableKatalon is PASSED

2020-05-12 13:45:09 - [TEST_STEP][PASSED] - ctdc.utilities.ReadExcel.Neo4j(): ctdc.utilities.ReadExcel.Neo4j is PASSED

2020-05-12 13:45:13 - [MESSAGE][PASSED] - ctdc.utilities.ReadExcel.Neo4j is PASSED

2020-05-12 13:45:13 - [TEST_STEP][PASSED] - ctdc.utilities.runtestcaseforKatalon.compareLists(): ctdc.utilities.runtestcaseforKatalon.compareLists is PASSED

2020-05-12 13:45:13 - [MESSAGE][PASSED] - ctdc.utilities.runtestcaseforKatalon.compareLists is PASSED

2020-05-12 13:45:15 - [TEST_STEP][PASSED] - Video: Video recording for test case 'Test Cases/Canine_TestCases/Breed/TC25_Canine_Filter_Breed-Greyhnd' .

2020-05-12 13:45:15 - [MESSAGE][INFO] - Video recording for test case 'Test Cases/Canine_TestCases/Breed/TC25_Canine_Filter_Breed-Greyhnd' .
[[ATTACHMENT|C:\\Users\\radhakrishnang2\\Desktop\\Commons_Automation\\Reports\\20200512_133335\\Canine_TestSuite\\20200512_133335/videos\\test_31.avi]]]]></system-out>
         <system-err><![CDATA[]]></system-err>
      </testcase>
      <testcase name="Test Cases/Canine_TestCases/Breed/TC26_Canine_Filter_Breed-IrishSettr" time="17.25" classname="Test Cases/Canine_TestCases/Breed/TC26_Canine_Filter_Breed-IrishSettr" status="PASSED">
         <system-out><![CDATA[2020-05-12 13:45:15 - [TEST_CASE][PASSED] - Test Cases/Canine_TestCases/Breed/TC26_Canine_Filter_Breed-IrishSettr: Test Cases/Canine_TestCases/Breed/TC26_Canine_Filter_Breed-IrishSettr

2020-05-12 13:45:15 - [TEST_STEP][PASSED] - openBrowser(""): Browser is opened with url: ''

2020-05-12 13:45:15 - [MESSAGE][WARNING] - A browser is already opened. Closing browser and opening a new one

2020-05-12 13:45:16 - [MESSAGE][INFO] - Starting 'Firefox (headless)' driver

2020-05-12 13:45:20 - [MESSAGE][PASSED] - Browser is opened with url: ''

2020-05-12 13:45:20 - [TEST_STEP][PASSED] - ctdc.utilities.runtestcaseforKatalon.browserDriver(""): ctdc.utilities.runtestcaseforKatalon.browserDriver is PASSED

2020-05-12 13:45:20 - [MESSAGE][PASSED] - ctdc.utilities.runtestcaseforKatalon.browserDriver is PASSED

2020-05-12 13:45:20 - [TEST_STEP][PASSED] - ctdc.utilities.runtestcaseforKatalon.RunKatalon("TC26_Canine_Filter_Breed-IrishSettr.xlsx"): Data loaded from input file for the test case. 

2020-05-12 13:45:20 - [MESSAGE][PASSED] - Test case file loaded This is the full filepath after converting to string :C:\Users\radhakrishnang2\Desktop\Commons_Automation\InputFiles\TC26_Canine_Filter_Breed-IrishSettr.xlsx

2020-05-12 13:45:20 - [MESSAGE][INFO] - Global variable set for password file is :  C:\Users\radhakrishnang2\Desktop\Commons_Automation\InputFiles\TC26_Canine_Filter_Breed-IrishSettr.xlsx

2020-05-12 13:45:20 - [MESSAGE][PASSED] - Data loaded from input file for the test case. 

2020-05-12 13:45:24 - [TEST_STEP][PASSED] - click(findTestObject("Object Repository/Canine/Canine_Cases_Btn")): Object: 'Object Repository/Canine/Canine_Cases_Btn' is clicked on

2020-05-12 13:45:24 - [MESSAGE][PASSED] - Object: 'Object Repository/Canine/Canine_Cases_Btn' is clicked on

2020-05-12 13:45:24 - [TEST_STEP][PASSED] - click(findTestObject("Object Repository/Canine/Filter/Breed/BREED_Ddn")): Object: 'Object Repository/Canine/Filter/Breed/BREED_Ddn' is clicked on

2020-05-12 13:45:26 - [MESSAGE][PASSED] - Object: 'Object Repository/Canine/Filter/Breed/BREED_Ddn' is clicked on

2020-05-12 13:45:26 - [TEST_STEP][PASSED] - click(findTestObject("Object Repository/Canine/Filter/Breed/IrishSetter_Chkbx")): Object: 'Object Repository/Canine/Filter/Breed/IrishSetter_Chkbx' is clicked on

2020-05-12 13:45:26 - [MESSAGE][PASSED] - Object: 'Object Repository/Canine/Filter/Breed/IrishSetter_Chkbx' is clicked on

2020-05-12 13:45:26 - [TEST_STEP][PASSED] - ctdc.utilities.runtestcaseforKatalon.ReadCasesTableKatalon("Object Repository/Canine/Canine_CasesTable", "Object Repository/Canine/Canine_TableHeader", "Object Repository/Canine/Canine_NextBtn"): ctdc.utilities.runtestcaseforKatalon.ReadCasesTableKatalon is PASSED

2020-05-12 13:45:27 - [MESSAGE][PASSED] - ctdc.utilities.runtestcaseforKatalon.ReadCasesTableKatalon is PASSED

2020-05-12 13:45:27 - [TEST_STEP][PASSED] - ctdc.utilities.ReadExcel.Neo4j(): ctdc.utilities.ReadExcel.Neo4j is PASSED

2020-05-12 13:45:30 - [MESSAGE][PASSED] - ctdc.utilities.ReadExcel.Neo4j is PASSED

2020-05-12 13:45:30 - [TEST_STEP][PASSED] - ctdc.utilities.runtestcaseforKatalon.compareLists(): ctdc.utilities.runtestcaseforKatalon.compareLists is PASSED

2020-05-12 13:45:30 - [MESSAGE][PASSED] - ctdc.utilities.runtestcaseforKatalon.compareLists is PASSED

2020-05-12 13:45:32 - [TEST_STEP][PASSED] - Video: Video recording for test case 'Test Cases/Canine_TestCases/Breed/TC26_Canine_Filter_Breed-IrishSettr' .

2020-05-12 13:45:32 - [MESSAGE][INFO] - Video recording for test case 'Test Cases/Canine_TestCases/Breed/TC26_Canine_Filter_Breed-IrishSettr' .
[[ATTACHMENT|C:\\Users\\radhakrishnang2\\Desktop\\Commons_Automation\\Reports\\20200512_133335\\Canine_TestSuite\\20200512_133335/videos\\test_32.avi]]]]></system-out>
         <system-err><![CDATA[]]></system-err>
      </testcase>
      <testcase name="Test Cases/Canine_TestCases/Breed/TC27_Canine_Filter_Breed-IrishWlfhnd" time="16.808" classname="Test Cases/Canine_TestCases/Breed/TC27_Canine_Filter_Breed-IrishWlfhnd" status="PASSED">
         <system-out><![CDATA[2020-05-12 13:45:32 - [TEST_CASE][PASSED] - Test Cases/Canine_TestCases/Breed/TC27_Canine_Filter_Breed-IrishWlfhnd: Test Cases/Canine_TestCases/Breed/TC27_Canine_Filter_Breed-IrishWlfhnd

2020-05-12 13:45:32 - [TEST_STEP][PASSED] - openBrowser(""): Browser is opened with url: ''

2020-05-12 13:45:32 - [MESSAGE][WARNING] - A browser is already opened. Closing browser and opening a new one

2020-05-12 13:45:33 - [MESSAGE][INFO] - Starting 'Firefox (headless)' driver

2020-05-12 13:45:37 - [MESSAGE][PASSED] - Browser is opened with url: ''

2020-05-12 13:45:37 - [TEST_STEP][PASSED] - ctdc.utilities.runtestcaseforKatalon.browserDriver(""): ctdc.utilities.runtestcaseforKatalon.browserDriver is PASSED

2020-05-12 13:45:37 - [MESSAGE][PASSED] - ctdc.utilities.runtestcaseforKatalon.browserDriver is PASSED

2020-05-12 13:45:37 - [TEST_STEP][PASSED] - ctdc.utilities.runtestcaseforKatalon.RunKatalon("TC27_Canine_Filter_Breed-IrishWlfhnd.xlsx"): Data loaded from input file for the test case. 

2020-05-12 13:45:37 - [MESSAGE][PASSED] - Test case file loaded This is the full filepath after converting to string :C:\Users\radhakrishnang2\Desktop\Commons_Automation\InputFiles\TC27_Canine_Filter_Breed-IrishWlfhnd.xlsx

2020-05-12 13:45:37 - [MESSAGE][INFO] - Global variable set for password file is :  C:\Users\radhakrishnang2\Desktop\Commons_Automation\InputFiles\TC27_Canine_Filter_Breed-IrishWlfhnd.xlsx

2020-05-12 13:45:37 - [MESSAGE][PASSED] - Data loaded from input file for the test case. 

2020-05-12 13:45:40 - [TEST_STEP][PASSED] - click(findTestObject("Object Repository/Canine/Canine_Cases_Btn")): Object: 'Object Repository/Canine/Canine_Cases_Btn' is clicked on

2020-05-12 13:45:40 - [MESSAGE][PASSED] - Object: 'Object Repository/Canine/Canine_Cases_Btn' is clicked on

2020-05-12 13:45:40 - [TEST_STEP][PASSED] - click(findTestObject("Object Repository/Canine/Filter/Breed/BREED_Ddn")): Object: 'Object Repository/Canine/Filter/Breed/BREED_Ddn' is clicked on

2020-05-12 13:45:42 - [MESSAGE][PASSED] - Object: 'Object Repository/Canine/Filter/Breed/BREED_Ddn' is clicked on

2020-05-12 13:45:42 - [TEST_STEP][PASSED] - click(findTestObject("Object Repository/Canine/Filter/Breed/IrishWolfhnd_Chkbx")): Object: 'Object Repository/Canine/Filter/Breed/IrishWolfhnd_Chkbx' is clicked on

2020-05-12 13:45:43 - [MESSAGE][PASSED] - Object: 'Object Repository/Canine/Filter/Breed/IrishWolfhnd_Chkbx' is clicked on

2020-05-12 13:45:43 - [TEST_STEP][PASSED] - ctdc.utilities.runtestcaseforKatalon.ReadCasesTableKatalon("Object Repository/Canine/Canine_CasesTable", "Object Repository/Canine/Canine_TableHeader", "Object Repository/Canine/Canine_NextBtn"): ctdc.utilities.runtestcaseforKatalon.ReadCasesTableKatalon is PASSED

2020-05-12 13:45:43 - [MESSAGE][PASSED] - ctdc.utilities.runtestcaseforKatalon.ReadCasesTableKatalon is PASSED

2020-05-12 13:45:43 - [TEST_STEP][PASSED] - ctdc.utilities.ReadExcel.Neo4j(): ctdc.utilities.ReadExcel.Neo4j is PASSED

2020-05-12 13:45:47 - [MESSAGE][PASSED] - ctdc.utilities.ReadExcel.Neo4j is PASSED

2020-05-12 13:45:47 - [TEST_STEP][PASSED] - ctdc.utilities.runtestcaseforKatalon.compareLists(): ctdc.utilities.runtestcaseforKatalon.compareLists is PASSED

2020-05-12 13:45:47 - [MESSAGE][PASSED] - ctdc.utilities.runtestcaseforKatalon.compareLists is PASSED

2020-05-12 13:45:49 - [TEST_STEP][PASSED] - Video: Video recording for test case 'Test Cases/Canine_TestCases/Breed/TC27_Canine_Filter_Breed-IrishWlfhnd' .

2020-05-12 13:45:49 - [MESSAGE][INFO] - Video recording for test case 'Test Cases/Canine_TestCases/Breed/TC27_Canine_Filter_Breed-IrishWlfhnd' .
[[ATTACHMENT|C:\\Users\\radhakrishnang2\\Desktop\\Commons_Automation\\Reports\\20200512_133335\\Canine_TestSuite\\20200512_133335/videos\\test_33.avi]]]]></system-out>
         <system-err><![CDATA[]]></system-err>
      </testcase>
      <testcase name="Test Cases/Canine_TestCases/Breed/TC28_Canine_Filter_Breed-Labrador" time="19.362" classname="Test Cases/Canine_TestCases/Breed/TC28_Canine_Filter_Breed-Labrador" status="PASSED">
         <system-out><![CDATA[2020-05-12 13:45:49 - [TEST_CASE][PASSED] - Test Cases/Canine_TestCases/Breed/TC28_Canine_Filter_Breed-Labrador: Test Cases/Canine_TestCases/Breed/TC28_Canine_Filter_Breed-Labrador

2020-05-12 13:45:49 - [TEST_STEP][PASSED] - openBrowser(""): Browser is opened with url: ''

2020-05-12 13:45:49 - [MESSAGE][WARNING] - A browser is already opened. Closing browser and opening a new one

2020-05-12 13:45:51 - [MESSAGE][INFO] - Starting 'Firefox (headless)' driver

2020-05-12 13:45:54 - [MESSAGE][PASSED] - Browser is opened with url: ''

2020-05-12 13:45:54 - [TEST_STEP][PASSED] - ctdc.utilities.runtestcaseforKatalon.browserDriver(""): ctdc.utilities.runtestcaseforKatalon.browserDriver is PASSED

2020-05-12 13:45:54 - [MESSAGE][PASSED] - ctdc.utilities.runtestcaseforKatalon.browserDriver is PASSED

2020-05-12 13:45:54 - [TEST_STEP][PASSED] - ctdc.utilities.runtestcaseforKatalon.RunKatalon("TC28_Canine_Filter_Breed-Labrador.xlsx"): Data loaded from input file for the test case. 

2020-05-12 13:45:54 - [MESSAGE][PASSED] - Test case file loaded This is the full filepath after converting to string :C:\Users\radhakrishnang2\Desktop\Commons_Automation\InputFiles\TC28_Canine_Filter_Breed-Labrador.xlsx

2020-05-12 13:45:54 - [MESSAGE][INFO] - Global variable set for password file is :  C:\Users\radhakrishnang2\Desktop\Commons_Automation\InputFiles\TC28_Canine_Filter_Breed-Labrador.xlsx

2020-05-12 13:45:54 - [MESSAGE][PASSED] - Data loaded from input file for the test case. 

2020-05-12 13:45:57 - [TEST_STEP][PASSED] - click(findTestObject("Object Repository/Canine/Canine_Cases_Btn")): Object: 'Object Repository/Canine/Canine_Cases_Btn' is clicked on

2020-05-12 13:45:57 - [MESSAGE][PASSED] - Object: 'Object Repository/Canine/Canine_Cases_Btn' is clicked on

2020-05-12 13:45:57 - [TEST_STEP][PASSED] - click(findTestObject("Object Repository/Canine/Filter/Breed/BREED_Ddn")): Object: 'Object Repository/Canine/Filter/Breed/BREED_Ddn' is clicked on

2020-05-12 13:46:00 - [MESSAGE][PASSED] - Object: 'Object Repository/Canine/Filter/Breed/BREED_Ddn' is clicked on

2020-05-12 13:46:00 - [TEST_STEP][PASSED] - click(findTestObject("Object Repository/Canine/Filter/Breed/Labrador_Chkbx")): Object: 'Object Repository/Canine/Filter/Breed/Labrador_Chkbx' is clicked on

2020-05-12 13:46:00 - [MESSAGE][PASSED] - Object: 'Object Repository/Canine/Filter/Breed/Labrador_Chkbx' is clicked on

2020-05-12 13:46:00 - [TEST_STEP][PASSED] - ctdc.utilities.runtestcaseforKatalon.ReadCasesTableKatalon("Object Repository/Canine/Canine_CasesTable", "Object Repository/Canine/Canine_TableHeader", "Object Repository/Canine/Canine_NextBtn"): ctdc.utilities.runtestcaseforKatalon.ReadCasesTableKatalon is PASSED

2020-05-12 13:46:03 - [MESSAGE][PASSED] - ctdc.utilities.runtestcaseforKatalon.ReadCasesTableKatalon is PASSED

2020-05-12 13:46:03 - [TEST_STEP][PASSED] - ctdc.utilities.ReadExcel.Neo4j(): ctdc.utilities.ReadExcel.Neo4j is PASSED

2020-05-12 13:46:06 - [MESSAGE][PASSED] - ctdc.utilities.ReadExcel.Neo4j is PASSED

2020-05-12 13:46:06 - [TEST_STEP][PASSED] - ctdc.utilities.runtestcaseforKatalon.compareLists(): ctdc.utilities.runtestcaseforKatalon.compareLists is PASSED

2020-05-12 13:46:06 - [MESSAGE][PASSED] - ctdc.utilities.runtestcaseforKatalon.compareLists is PASSED

2020-05-12 13:46:08 - [TEST_STEP][PASSED] - Video: Video recording for test case 'Test Cases/Canine_TestCases/Breed/TC28_Canine_Filter_Breed-Labrador' .

2020-05-12 13:46:08 - [MESSAGE][INFO] - Video recording for test case 'Test Cases/Canine_TestCases/Breed/TC28_Canine_Filter_Breed-Labrador' .
[[ATTACHMENT|C:\\Users\\radhakrishnang2\\Desktop\\Commons_Automation\\Reports\\20200512_133335\\Canine_TestSuite\\20200512_133335/videos\\test_34.avi]]]]></system-out>
         <system-err><![CDATA[]]></system-err>
      </testcase>
      <testcase name="Test Cases/Canine_TestCases/Breed/TC29_Canine_Filter_Breed-Mastiff" time="16.316" classname="Test Cases/Canine_TestCases/Breed/TC29_Canine_Filter_Breed-Mastiff" status="PASSED">
         <system-out><![CDATA[2020-05-12 13:46:08 - [TEST_CASE][PASSED] - Test Cases/Canine_TestCases/Breed/TC29_Canine_Filter_Breed-Mastiff: Test Cases/Canine_TestCases/Breed/TC29_Canine_Filter_Breed-Mastiff

2020-05-12 13:46:09 - [TEST_STEP][PASSED] - openBrowser(""): Browser is opened with url: ''

2020-05-12 13:46:09 - [MESSAGE][WARNING] - A browser is already opened. Closing browser and opening a new one

2020-05-12 13:46:10 - [MESSAGE][INFO] - Starting 'Firefox (headless)' driver

2020-05-12 13:46:13 - [MESSAGE][PASSED] - Browser is opened with url: ''

2020-05-12 13:46:13 - [TEST_STEP][PASSED] - ctdc.utilities.runtestcaseforKatalon.browserDriver(""): ctdc.utilities.runtestcaseforKatalon.browserDriver is PASSED

2020-05-12 13:46:13 - [MESSAGE][PASSED] - ctdc.utilities.runtestcaseforKatalon.browserDriver is PASSED

2020-05-12 13:46:13 - [TEST_STEP][PASSED] - ctdc.utilities.runtestcaseforKatalon.RunKatalon("TC29_Canine_Filter_Breed-Mastiff.xlsx"): Data loaded from input file for the test case. 

2020-05-12 13:46:13 - [MESSAGE][PASSED] - Test case file loaded This is the full filepath after converting to string :C:\Users\radhakrishnang2\Desktop\Commons_Automation\InputFiles\TC29_Canine_Filter_Breed-Mastiff.xlsx

2020-05-12 13:46:13 - [MESSAGE][INFO] - Global variable set for password file is :  C:\Users\radhakrishnang2\Desktop\Commons_Automation\InputFiles\TC29_Canine_Filter_Breed-Mastiff.xlsx

2020-05-12 13:46:13 - [MESSAGE][PASSED] - Data loaded from input file for the test case. 

2020-05-12 13:46:16 - [TEST_STEP][PASSED] - click(findTestObject("Object Repository/Canine/Canine_Cases_Btn")): Object: 'Object Repository/Canine/Canine_Cases_Btn' is clicked on

2020-05-12 13:46:16 - [MESSAGE][PASSED] - Object: 'Object Repository/Canine/Canine_Cases_Btn' is clicked on

2020-05-12 13:46:16 - [TEST_STEP][PASSED] - click(findTestObject("Object Repository/Canine/Filter/Breed/BREED_Ddn")): Object: 'Object Repository/Canine/Filter/Breed/BREED_Ddn' is clicked on

2020-05-12 13:46:18 - [MESSAGE][PASSED] - Object: 'Object Repository/Canine/Filter/Breed/BREED_Ddn' is clicked on

2020-05-12 13:46:18 - [TEST_STEP][PASSED] - click(findTestObject("Object Repository/Canine/Filter/Breed/Mastiff_Chkbx")): Object: 'Object Repository/Canine/Filter/Breed/Mastiff_Chkbx' is clicked on

2020-05-12 13:46:18 - [MESSAGE][PASSED] - Object: 'Object Repository/Canine/Filter/Breed/Mastiff_Chkbx' is clicked on

2020-05-12 13:46:18 - [TEST_STEP][PASSED] - ctdc.utilities.runtestcaseforKatalon.ReadCasesTableKatalon("Object Repository/Canine/Canine_CasesTable", "Object Repository/Canine/Canine_TableHeader", "Object Repository/Canine/Canine_NextBtn"): ctdc.utilities.runtestcaseforKatalon.ReadCasesTableKatalon is PASSED

2020-05-12 13:46:19 - [MESSAGE][PASSED] - ctdc.utilities.runtestcaseforKatalon.ReadCasesTableKatalon is PASSED

2020-05-12 13:46:19 - [TEST_STEP][PASSED] - ctdc.utilities.ReadExcel.Neo4j(): ctdc.utilities.ReadExcel.Neo4j is PASSED

2020-05-12 13:46:22 - [MESSAGE][PASSED] - ctdc.utilities.ReadExcel.Neo4j is PASSED

2020-05-12 13:46:22 - [TEST_STEP][PASSED] - ctdc.utilities.runtestcaseforKatalon.compareLists(): ctdc.utilities.runtestcaseforKatalon.compareLists is PASSED

2020-05-12 13:46:22 - [MESSAGE][PASSED] - ctdc.utilities.runtestcaseforKatalon.compareLists is PASSED

2020-05-12 13:46:24 - [TEST_STEP][PASSED] - Video: Video recording for test case 'Test Cases/Canine_TestCases/Breed/TC29_Canine_Filter_Breed-Mastiff' .

2020-05-12 13:46:24 - [MESSAGE][INFO] - Video recording for test case 'Test Cases/Canine_TestCases/Breed/TC29_Canine_Filter_Breed-Mastiff' .
[[ATTACHMENT|C:\\Users\\radhakrishnang2\\Desktop\\Commons_Automation\\Reports\\20200512_133335\\Canine_TestSuite\\20200512_133335/videos\\test_35.avi]]]]></system-out>
         <system-err><![CDATA[]]></system-err>
      </testcase>
      <testcase name="Test Cases/Canine_TestCases/Breed/TC30_Canine_Filter_Breed-Miniature" time="17.376" classname="Test Cases/Canine_TestCases/Breed/TC30_Canine_Filter_Breed-Miniature" status="PASSED">
         <system-out><![CDATA[2020-05-12 13:46:24 - [TEST_CASE][PASSED] - Test Cases/Canine_TestCases/Breed/TC30_Canine_Filter_Breed-Miniature: Test Cases/Canine_TestCases/Breed/TC30_Canine_Filter_Breed-Miniature

2020-05-12 13:46:25 - [TEST_STEP][PASSED] - openBrowser(""): Browser is opened with url: ''

2020-05-12 13:46:25 - [MESSAGE][WARNING] - A browser is already opened. Closing browser and opening a new one

2020-05-12 13:46:26 - [MESSAGE][INFO] - Starting 'Firefox (headless)' driver

2020-05-12 13:46:29 - [MESSAGE][PASSED] - Browser is opened with url: ''

2020-05-12 13:46:29 - [TEST_STEP][PASSED] - ctdc.utilities.runtestcaseforKatalon.browserDriver(""): ctdc.utilities.runtestcaseforKatalon.browserDriver is PASSED

2020-05-12 13:46:29 - [MESSAGE][PASSED] - ctdc.utilities.runtestcaseforKatalon.browserDriver is PASSED

2020-05-12 13:46:29 - [TEST_STEP][PASSED] - ctdc.utilities.runtestcaseforKatalon.RunKatalon("TC30_Canine_Filter_Breed-Miniature.xlsx"): Data loaded from input file for the test case. 

2020-05-12 13:46:29 - [MESSAGE][PASSED] - Test case file loaded This is the full filepath after converting to string :C:\Users\radhakrishnang2\Desktop\Commons_Automation\InputFiles\TC30_Canine_Filter_Breed-Miniature.xlsx

2020-05-12 13:46:29 - [MESSAGE][INFO] - Global variable set for password file is :  C:\Users\radhakrishnang2\Desktop\Commons_Automation\InputFiles\TC30_Canine_Filter_Breed-Miniature.xlsx

2020-05-12 13:46:29 - [MESSAGE][PASSED] - Data loaded from input file for the test case. 

2020-05-12 13:46:33 - [TEST_STEP][PASSED] - click(findTestObject("Object Repository/Canine/Canine_Cases_Btn")): Object: 'Object Repository/Canine/Canine_Cases_Btn' is clicked on

2020-05-12 13:46:33 - [MESSAGE][PASSED] - Object: 'Object Repository/Canine/Canine_Cases_Btn' is clicked on

2020-05-12 13:46:33 - [TEST_STEP][PASSED] - click(findTestObject("Object Repository/Canine/Filter/Breed/BREED_Ddn")): Object: 'Object Repository/Canine/Filter/Breed/BREED_Ddn' is clicked on

2020-05-12 13:46:35 - [MESSAGE][PASSED] - Object: 'Object Repository/Canine/Filter/Breed/BREED_Ddn' is clicked on

2020-05-12 13:46:35 - [TEST_STEP][PASSED] - click(findTestObject("Object Repository/Canine/Filter/Breed/Miniature_Chkbx")): Object: 'Object Repository/Canine/Filter/Breed/Miniature_Chkbx' is clicked on

2020-05-12 13:46:36 - [MESSAGE][PASSED] - Object: 'Object Repository/Canine/Filter/Breed/Miniature_Chkbx' is clicked on

2020-05-12 13:46:36 - [TEST_STEP][PASSED] - ctdc.utilities.runtestcaseforKatalon.ReadCasesTableKatalon("Object Repository/Canine/Canine_CasesTable", "Object Repository/Canine/Canine_TableHeader", "Object Repository/Canine/Canine_NextBtn"): ctdc.utilities.runtestcaseforKatalon.ReadCasesTableKatalon is PASSED

2020-05-12 13:46:36 - [MESSAGE][PASSED] - ctdc.utilities.runtestcaseforKatalon.ReadCasesTableKatalon is PASSED

2020-05-12 13:46:36 - [TEST_STEP][PASSED] - ctdc.utilities.ReadExcel.Neo4j(): ctdc.utilities.ReadExcel.Neo4j is PASSED

2020-05-12 13:46:40 - [MESSAGE][PASSED] - ctdc.utilities.ReadExcel.Neo4j is PASSED

2020-05-12 13:46:40 - [TEST_STEP][PASSED] - ctdc.utilities.runtestcaseforKatalon.compareLists(): ctdc.utilities.runtestcaseforKatalon.compareLists is PASSED

2020-05-12 13:46:40 - [MESSAGE][PASSED] - ctdc.utilities.runtestcaseforKatalon.compareLists is PASSED

2020-05-12 13:46:42 - [TEST_STEP][PASSED] - Video: Video recording for test case 'Test Cases/Canine_TestCases/Breed/TC30_Canine_Filter_Breed-Miniature' .

2020-05-12 13:46:42 - [MESSAGE][INFO] - Video recording for test case 'Test Cases/Canine_TestCases/Breed/TC30_Canine_Filter_Breed-Miniature' .
[[ATTACHMENT|C:\\Users\\radhakrishnang2\\Desktop\\Commons_Automation\\Reports\\20200512_133335\\Canine_TestSuite\\20200512_133335/videos\\test_36.avi]]]]></system-out>
         <system-err><![CDATA[]]></system-err>
      </testcase>
      <testcase name="Test Cases/Canine_TestCases/Breed/TC31_Canine_Filter_Breed-Mixed" time="21.47" classname="Test Cases/Canine_TestCases/Breed/TC31_Canine_Filter_Breed-Mixed" status="PASSED">
         <system-out><![CDATA[2020-05-12 13:46:42 - [TEST_CASE][PASSED] - Test Cases/Canine_TestCases/Breed/TC31_Canine_Filter_Breed-Mixed: Test Cases/Canine_TestCases/Breed/TC31_Canine_Filter_Breed-Mixed

2020-05-12 13:46:42 - [TEST_STEP][PASSED] - openBrowser(""): Browser is opened with url: ''

2020-05-12 13:46:42 - [MESSAGE][WARNING] - A browser is already opened. Closing browser and opening a new one

2020-05-12 13:46:43 - [MESSAGE][INFO] - Starting 'Firefox (headless)' driver

2020-05-12 13:46:47 - [MESSAGE][PASSED] - Browser is opened with url: ''

2020-05-12 13:46:47 - [TEST_STEP][PASSED] - ctdc.utilities.runtestcaseforKatalon.browserDriver(""): ctdc.utilities.runtestcaseforKatalon.browserDriver is PASSED

2020-05-12 13:46:47 - [MESSAGE][PASSED] - ctdc.utilities.runtestcaseforKatalon.browserDriver is PASSED

2020-05-12 13:46:47 - [TEST_STEP][PASSED] - ctdc.utilities.runtestcaseforKatalon.RunKatalon("TC31_Canine_Filter_Breed-Mixed.xlsx"): Data loaded from input file for the test case. 

2020-05-12 13:46:47 - [MESSAGE][PASSED] - Test case file loaded This is the full filepath after converting to string :C:\Users\radhakrishnang2\Desktop\Commons_Automation\InputFiles\TC31_Canine_Filter_Breed-Mixed.xlsx

2020-05-12 13:46:47 - [MESSAGE][INFO] - Global variable set for password file is :  C:\Users\radhakrishnang2\Desktop\Commons_Automation\InputFiles\TC31_Canine_Filter_Breed-Mixed.xlsx

2020-05-12 13:46:47 - [MESSAGE][PASSED] - Data loaded from input file for the test case. 

2020-05-12 13:46:50 - [TEST_STEP][PASSED] - click(findTestObject("Object Repository/Canine/Canine_Cases_Btn")): Object: 'Object Repository/Canine/Canine_Cases_Btn' is clicked on

2020-05-12 13:46:50 - [MESSAGE][PASSED] - Object: 'Object Repository/Canine/Canine_Cases_Btn' is clicked on

2020-05-12 13:46:50 - [TEST_STEP][PASSED] - click(findTestObject("Object Repository/Canine/Filter/Breed/BREED_Ddn")): Object: 'Object Repository/Canine/Filter/Breed/BREED_Ddn' is clicked on

2020-05-12 13:46:52 - [MESSAGE][PASSED] - Object: 'Object Repository/Canine/Filter/Breed/BREED_Ddn' is clicked on

2020-05-12 13:46:52 - [TEST_STEP][PASSED] - click(findTestObject("Object Repository/Canine/Filter/Breed/Mixed_Chkbx")): Object: 'Object Repository/Canine/Filter/Breed/Mixed_Chkbx' is clicked on

2020-05-12 13:46:53 - [MESSAGE][PASSED] - Object: 'Object Repository/Canine/Filter/Breed/Mixed_Chkbx' is clicked on

2020-05-12 13:46:53 - [TEST_STEP][PASSED] - ctdc.utilities.runtestcaseforKatalon.ReadCasesTableKatalon("Object Repository/Canine/Canine_CasesTable", "Object Repository/Canine/Canine_TableHeader", "Object Repository/Canine/Canine_NextBtn"): ctdc.utilities.runtestcaseforKatalon.ReadCasesTableKatalon is PASSED

2020-05-12 13:46:58 - [MESSAGE][PASSED] - ctdc.utilities.runtestcaseforKatalon.ReadCasesTableKatalon is PASSED

2020-05-12 13:46:58 - [TEST_STEP][PASSED] - ctdc.utilities.ReadExcel.Neo4j(): ctdc.utilities.ReadExcel.Neo4j is PASSED

2020-05-12 13:47:01 - [MESSAGE][PASSED] - ctdc.utilities.ReadExcel.Neo4j is PASSED

2020-05-12 13:47:01 - [TEST_STEP][PASSED] - ctdc.utilities.runtestcaseforKatalon.compareLists(): ctdc.utilities.runtestcaseforKatalon.compareLists is PASSED

2020-05-12 13:47:01 - [MESSAGE][PASSED] - ctdc.utilities.runtestcaseforKatalon.compareLists is PASSED

2020-05-12 13:47:03 - [TEST_STEP][PASSED] - Video: Video recording for test case 'Test Cases/Canine_TestCases/Breed/TC31_Canine_Filter_Breed-Mixed' .

2020-05-12 13:47:03 - [MESSAGE][INFO] - Video recording for test case 'Test Cases/Canine_TestCases/Breed/TC31_Canine_Filter_Breed-Mixed' .
[[ATTACHMENT|C:\\Users\\radhakrishnang2\\Desktop\\Commons_Automation\\Reports\\20200512_133335\\Canine_TestSuite\\20200512_133335/videos\\test_37.avi]]]]></system-out>
         <system-err><![CDATA[]]></system-err>
      </testcase>
      <testcase name="Test Cases/Canine_TestCases/Breed/TC32_Canine_Filter_Breed-Other" time="16.837" classname="Test Cases/Canine_TestCases/Breed/TC32_Canine_Filter_Breed-Other" status="PASSED">
         <system-out><![CDATA[2020-05-12 13:47:03 - [TEST_CASE][PASSED] - Test Cases/Canine_TestCases/Breed/TC32_Canine_Filter_Breed-Other: Test Cases/Canine_TestCases/Breed/TC32_Canine_Filter_Breed-Other

2020-05-12 13:47:04 - [TEST_STEP][PASSED] - openBrowser(""): Browser is opened with url: ''

2020-05-12 13:47:04 - [MESSAGE][WARNING] - A browser is already opened. Closing browser and opening a new one

2020-05-12 13:47:05 - [MESSAGE][INFO] - Starting 'Firefox (headless)' driver

2020-05-12 13:47:08 - [MESSAGE][PASSED] - Browser is opened with url: ''

2020-05-12 13:47:08 - [TEST_STEP][PASSED] - ctdc.utilities.runtestcaseforKatalon.browserDriver(""): ctdc.utilities.runtestcaseforKatalon.browserDriver is PASSED

2020-05-12 13:47:08 - [MESSAGE][PASSED] - ctdc.utilities.runtestcaseforKatalon.browserDriver is PASSED

2020-05-12 13:47:08 - [TEST_STEP][PASSED] - ctdc.utilities.runtestcaseforKatalon.RunKatalon("TC32_Canine_Filter_Breed-Other.xlsx"): Data loaded from input file for the test case. 

2020-05-12 13:47:08 - [MESSAGE][PASSED] - Test case file loaded This is the full filepath after converting to string :C:\Users\radhakrishnang2\Desktop\Commons_Automation\InputFiles\TC32_Canine_Filter_Breed-Other.xlsx

2020-05-12 13:47:08 - [MESSAGE][INFO] - Global variable set for password file is :  C:\Users\radhakrishnang2\Desktop\Commons_Automation\InputFiles\TC32_Canine_Filter_Breed-Other.xlsx

2020-05-12 13:47:08 - [MESSAGE][PASSED] - Data loaded from input file for the test case. 

2020-05-12 13:47:11 - [TEST_STEP][PASSED] - click(findTestObject("Object Repository/Canine/Canine_Cases_Btn")): Object: 'Object Repository/Canine/Canine_Cases_Btn' is clicked on

2020-05-12 13:47:11 - [MESSAGE][PASSED] - Object: 'Object Repository/Canine/Canine_Cases_Btn' is clicked on

2020-05-12 13:47:11 - [TEST_STEP][PASSED] - click(findTestObject("Object Repository/Canine/Filter/Breed/BREED_Ddn")): Object: 'Object Repository/Canine/Filter/Breed/BREED_Ddn' is clicked on

2020-05-12 13:47:13 - [MESSAGE][PASSED] - Object: 'Object Repository/Canine/Filter/Breed/BREED_Ddn' is clicked on

2020-05-12 13:47:13 - [TEST_STEP][PASSED] - click(findTestObject("Object Repository/Canine/Filter/Breed/Other_Chkbx")): Object: 'Object Repository/Canine/Filter/Breed/Other_Chkbx' is clicked on

2020-05-12 13:47:14 - [MESSAGE][PASSED] - Object: 'Object Repository/Canine/Filter/Breed/Other_Chkbx' is clicked on

2020-05-12 13:47:14 - [TEST_STEP][PASSED] - ctdc.utilities.runtestcaseforKatalon.ReadCasesTableKatalon("Object Repository/Canine/Canine_CasesTable", "Object Repository/Canine/Canine_TableHeader", "Object Repository/Canine/Canine_NextBtn"): ctdc.utilities.runtestcaseforKatalon.ReadCasesTableKatalon is PASSED

2020-05-12 13:47:15 - [MESSAGE][PASSED] - ctdc.utilities.runtestcaseforKatalon.ReadCasesTableKatalon is PASSED

2020-05-12 13:47:15 - [TEST_STEP][PASSED] - ctdc.utilities.ReadExcel.Neo4j(): ctdc.utilities.ReadExcel.Neo4j is PASSED

2020-05-12 13:47:18 - [MESSAGE][PASSED] - ctdc.utilities.ReadExcel.Neo4j is PASSED

2020-05-12 13:47:18 - [TEST_STEP][PASSED] - ctdc.utilities.runtestcaseforKatalon.compareLists(): ctdc.utilities.runtestcaseforKatalon.compareLists is PASSED

2020-05-12 13:47:18 - [MESSAGE][PASSED] - ctdc.utilities.runtestcaseforKatalon.compareLists is PASSED

2020-05-12 13:47:20 - [TEST_STEP][PASSED] - Video: Video recording for test case 'Test Cases/Canine_TestCases/Breed/TC32_Canine_Filter_Breed-Other' .

2020-05-12 13:47:20 - [MESSAGE][INFO] - Video recording for test case 'Test Cases/Canine_TestCases/Breed/TC32_Canine_Filter_Breed-Other' .
[[ATTACHMENT|C:\\Users\\radhakrishnang2\\Desktop\\Commons_Automation\\Reports\\20200512_133335\\Canine_TestSuite\\20200512_133335/videos\\test_38.avi]]]]></system-out>
         <system-err><![CDATA[]]></system-err>
      </testcase>
      <testcase name="Test Cases/Canine_TestCases/Breed/TC33_Canine_Filter_Breed-Rottweiler" time="18.351" classname="Test Cases/Canine_TestCases/Breed/TC33_Canine_Filter_Breed-Rottweiler" status="PASSED">
         <system-out><![CDATA[2020-05-12 13:47:20 - [TEST_CASE][PASSED] - Test Cases/Canine_TestCases/Breed/TC33_Canine_Filter_Breed-Rottweiler: Test Cases/Canine_TestCases/Breed/TC33_Canine_Filter_Breed-Rottweiler

2020-05-12 13:47:21 - [TEST_STEP][PASSED] - openBrowser(""): Browser is opened with url: ''

2020-05-12 13:47:21 - [MESSAGE][WARNING] - A browser is already opened. Closing browser and opening a new one

2020-05-12 13:47:22 - [MESSAGE][INFO] - Starting 'Firefox (headless)' driver

2020-05-12 13:47:25 - [MESSAGE][PASSED] - Browser is opened with url: ''

2020-05-12 13:47:25 - [TEST_STEP][PASSED] - ctdc.utilities.runtestcaseforKatalon.browserDriver(""): ctdc.utilities.runtestcaseforKatalon.browserDriver is PASSED

2020-05-12 13:47:25 - [MESSAGE][PASSED] - ctdc.utilities.runtestcaseforKatalon.browserDriver is PASSED

2020-05-12 13:47:25 - [TEST_STEP][PASSED] - ctdc.utilities.runtestcaseforKatalon.RunKatalon("TC33_Canine_Filter_Breed-Rottweiler.xlsx"): Data loaded from input file for the test case. 

2020-05-12 13:47:25 - [MESSAGE][PASSED] - Test case file loaded This is the full filepath after converting to string :C:\Users\radhakrishnang2\Desktop\Commons_Automation\InputFiles\TC33_Canine_Filter_Breed-Rottweiler.xlsx

2020-05-12 13:47:25 - [MESSAGE][INFO] - Global variable set for password file is :  C:\Users\radhakrishnang2\Desktop\Commons_Automation\InputFiles\TC33_Canine_Filter_Breed-Rottweiler.xlsx

2020-05-12 13:47:25 - [MESSAGE][PASSED] - Data loaded from input file for the test case. 

2020-05-12 13:47:29 - [TEST_STEP][PASSED] - click(findTestObject("Object Repository/Canine/Canine_Cases_Btn")): Object: 'Object Repository/Canine/Canine_Cases_Btn' is clicked on

2020-05-12 13:47:29 - [MESSAGE][PASSED] - Object: 'Object Repository/Canine/Canine_Cases_Btn' is clicked on

2020-05-12 13:47:29 - [TEST_STEP][PASSED] - click(findTestObject("Object Repository/Canine/Filter/Breed/BREED_Ddn")): Object: 'Object Repository/Canine/Filter/Breed/BREED_Ddn' is clicked on

2020-05-12 13:47:31 - [MESSAGE][PASSED] - Object: 'Object Repository/Canine/Filter/Breed/BREED_Ddn' is clicked on

2020-05-12 13:47:31 - [TEST_STEP][PASSED] - click(findTestObject("Object Repository/Canine/Filter/Breed/Rottweiler_Chkbx")): Object: 'Object Repository/Canine/Filter/Breed/Rottweiler_Chkbx' is clicked on

2020-05-12 13:47:31 - [MESSAGE][PASSED] - Object: 'Object Repository/Canine/Filter/Breed/Rottweiler_Chkbx' is clicked on

2020-05-12 13:47:31 - [TEST_STEP][PASSED] - ctdc.utilities.runtestcaseforKatalon.ReadCasesTableKatalon("Object Repository/Canine/Canine_CasesTable", "Object Repository/Canine/Canine_TableHeader", "Object Repository/Canine/Canine_NextBtn"): ctdc.utilities.runtestcaseforKatalon.ReadCasesTableKatalon is PASSED

2020-05-12 13:47:33 - [MESSAGE][PASSED] - ctdc.utilities.runtestcaseforKatalon.ReadCasesTableKatalon is PASSED

2020-05-12 13:47:33 - [TEST_STEP][PASSED] - ctdc.utilities.ReadExcel.Neo4j(): ctdc.utilities.ReadExcel.Neo4j is PASSED

2020-05-12 13:47:36 - [MESSAGE][PASSED] - ctdc.utilities.ReadExcel.Neo4j is PASSED

2020-05-12 13:47:36 - [TEST_STEP][PASSED] - ctdc.utilities.runtestcaseforKatalon.compareLists(): ctdc.utilities.runtestcaseforKatalon.compareLists is PASSED

2020-05-12 13:47:36 - [MESSAGE][PASSED] - ctdc.utilities.runtestcaseforKatalon.compareLists is PASSED

2020-05-12 13:47:39 - [TEST_STEP][PASSED] - Video: Video recording for test case 'Test Cases/Canine_TestCases/Breed/TC33_Canine_Filter_Breed-Rottweiler' .

2020-05-12 13:47:39 - [MESSAGE][INFO] - Video recording for test case 'Test Cases/Canine_TestCases/Breed/TC33_Canine_Filter_Breed-Rottweiler' .
[[ATTACHMENT|C:\\Users\\radhakrishnang2\\Desktop\\Commons_Automation\\Reports\\20200512_133335\\Canine_TestSuite\\20200512_133335/videos\\test_39.avi]]]]></system-out>
         <system-err><![CDATA[]]></system-err>
      </testcase>
      <testcase name="Test Cases/Canine_TestCases/Breed/TC34_Canine_Filter_Breed-SaintBnd" time="16.764" classname="Test Cases/Canine_TestCases/Breed/TC34_Canine_Filter_Breed-SaintBnd" status="PASSED">
         <system-out><![CDATA[2020-05-12 13:47:39 - [TEST_CASE][PASSED] - Test Cases/Canine_TestCases/Breed/TC34_Canine_Filter_Breed-SaintBnd: Test Cases/Canine_TestCases/Breed/TC34_Canine_Filter_Breed-SaintBnd

2020-05-12 13:47:39 - [TEST_STEP][PASSED] - openBrowser(""): Browser is opened with url: ''

2020-05-12 13:47:39 - [MESSAGE][WARNING] - A browser is already opened. Closing browser and opening a new one

2020-05-12 13:47:40 - [MESSAGE][INFO] - Starting 'Firefox (headless)' driver

2020-05-12 13:47:43 - [MESSAGE][PASSED] - Browser is opened with url: ''

2020-05-12 13:47:43 - [TEST_STEP][PASSED] - ctdc.utilities.runtestcaseforKatalon.browserDriver(""): ctdc.utilities.runtestcaseforKatalon.browserDriver is PASSED

2020-05-12 13:47:43 - [MESSAGE][PASSED] - ctdc.utilities.runtestcaseforKatalon.browserDriver is PASSED

2020-05-12 13:47:43 - [TEST_STEP][PASSED] - ctdc.utilities.runtestcaseforKatalon.RunKatalon("TC34_Canine_Filter_Breed-SaintBnd.xlsx"): Data loaded from input file for the test case. 

2020-05-12 13:47:43 - [MESSAGE][PASSED] - Test case file loaded This is the full filepath after converting to string :C:\Users\radhakrishnang2\Desktop\Commons_Automation\InputFiles\TC34_Canine_Filter_Breed-SaintBnd.xlsx

2020-05-12 13:47:43 - [MESSAGE][INFO] - Global variable set for password file is :  C:\Users\radhakrishnang2\Desktop\Commons_Automation\InputFiles\TC34_Canine_Filter_Breed-SaintBnd.xlsx

2020-05-12 13:47:43 - [MESSAGE][PASSED] - Data loaded from input file for the test case. 

2020-05-12 13:47:46 - [TEST_STEP][PASSED] - click(findTestObject("Object Repository/Canine/Canine_Cases_Btn")): Object: 'Object Repository/Canine/Canine_Cases_Btn' is clicked on

2020-05-12 13:47:46 - [MESSAGE][PASSED] - Object: 'Object Repository/Canine/Canine_Cases_Btn' is clicked on

2020-05-12 13:47:46 - [TEST_STEP][PASSED] - click(findTestObject("Object Repository/Canine/Filter/Breed/BREED_Ddn")): Object: 'Object Repository/Canine/Filter/Breed/BREED_Ddn' is clicked on

2020-05-12 13:47:48 - [MESSAGE][PASSED] - Object: 'Object Repository/Canine/Filter/Breed/BREED_Ddn' is clicked on

2020-05-12 13:47:48 - [TEST_STEP][PASSED] - click(findTestObject("Object Repository/Canine/Filter/Breed/SaintBnd_Chkbx")): Object: 'Object Repository/Canine/Filter/Breed/SaintBnd_Chkbx' is clicked on

2020-05-12 13:47:49 - [MESSAGE][PASSED] - Object: 'Object Repository/Canine/Filter/Breed/SaintBnd_Chkbx' is clicked on

2020-05-12 13:47:49 - [TEST_STEP][PASSED] - ctdc.utilities.runtestcaseforKatalon.ReadCasesTableKatalon("Object Repository/Canine/Canine_CasesTable", "Object Repository/Canine/Canine_TableHeader", "Object Repository/Canine/Canine_NextBtn"): ctdc.utilities.runtestcaseforKatalon.ReadCasesTableKatalon is PASSED

2020-05-12 13:47:50 - [MESSAGE][PASSED] - ctdc.utilities.runtestcaseforKatalon.ReadCasesTableKatalon is PASSED

2020-05-12 13:47:50 - [TEST_STEP][PASSED] - ctdc.utilities.ReadExcel.Neo4j(): ctdc.utilities.ReadExcel.Neo4j is PASSED

2020-05-12 13:47:53 - [MESSAGE][PASSED] - ctdc.utilities.ReadExcel.Neo4j is PASSED

2020-05-12 13:47:53 - [TEST_STEP][PASSED] - ctdc.utilities.runtestcaseforKatalon.compareLists(): ctdc.utilities.runtestcaseforKatalon.compareLists is PASSED

2020-05-12 13:47:53 - [MESSAGE][PASSED] - ctdc.utilities.runtestcaseforKatalon.compareLists is PASSED

2020-05-12 13:47:55 - [TEST_STEP][PASSED] - Video: Video recording for test case 'Test Cases/Canine_TestCases/Breed/TC34_Canine_Filter_Breed-SaintBnd' .

2020-05-12 13:47:55 - [MESSAGE][INFO] - Video recording for test case 'Test Cases/Canine_TestCases/Breed/TC34_Canine_Filter_Breed-SaintBnd' .
[[ATTACHMENT|C:\\Users\\radhakrishnang2\\Desktop\\Commons_Automation\\Reports\\20200512_133335\\Canine_TestSuite\\20200512_133335/videos\\test_40.avi]]]]></system-out>
         <system-err><![CDATA[]]></system-err>
      </testcase>
      <testcase name="Test Cases/Canine_TestCases/Breed/TC35_Canine_Filter_Breed-Samoyed" time="17.9" classname="Test Cases/Canine_TestCases/Breed/TC35_Canine_Filter_Breed-Samoyed" status="PASSED">
         <system-out><![CDATA[2020-05-12 13:47:55 - [TEST_CASE][PASSED] - Test Cases/Canine_TestCases/Breed/TC35_Canine_Filter_Breed-Samoyed: Test Cases/Canine_TestCases/Breed/TC35_Canine_Filter_Breed-Samoyed

2020-05-12 13:47:56 - [TEST_STEP][PASSED] - openBrowser(""): Browser is opened with url: ''

2020-05-12 13:47:56 - [MESSAGE][WARNING] - A browser is already opened. Closing browser and opening a new one

2020-05-12 13:47:57 - [MESSAGE][INFO] - Starting 'Firefox (headless)' driver

2020-05-12 13:48:00 - [MESSAGE][PASSED] - Browser is opened with url: ''

2020-05-12 13:48:00 - [TEST_STEP][PASSED] - ctdc.utilities.runtestcaseforKatalon.browserDriver(""): ctdc.utilities.runtestcaseforKatalon.browserDriver is PASSED

2020-05-12 13:48:00 - [MESSAGE][PASSED] - ctdc.utilities.runtestcaseforKatalon.browserDriver is PASSED

2020-05-12 13:48:00 - [TEST_STEP][PASSED] - ctdc.utilities.runtestcaseforKatalon.RunKatalon("TC35_Canine_Filter_Breed-Samoyed.xlsx"): Data loaded from input file for the test case. 

2020-05-12 13:48:00 - [MESSAGE][PASSED] - Test case file loaded This is the full filepath after converting to string :C:\Users\radhakrishnang2\Desktop\Commons_Automation\InputFiles\TC35_Canine_Filter_Breed-Samoyed.xlsx

2020-05-12 13:48:00 - [MESSAGE][INFO] - Global variable set for password file is :  C:\Users\radhakrishnang2\Desktop\Commons_Automation\InputFiles\TC35_Canine_Filter_Breed-Samoyed.xlsx

2020-05-12 13:48:00 - [MESSAGE][PASSED] - Data loaded from input file for the test case. 

2020-05-12 13:48:05 - [TEST_STEP][PASSED] - click(findTestObject("Object Repository/Canine/Canine_Cases_Btn")): Object: 'Object Repository/Canine/Canine_Cases_Btn' is clicked on

2020-05-12 13:48:05 - [MESSAGE][PASSED] - Object: 'Object Repository/Canine/Canine_Cases_Btn' is clicked on

2020-05-12 13:48:05 - [TEST_STEP][PASSED] - click(findTestObject("Object Repository/Canine/Filter/Breed/BREED_Ddn")): Object: 'Object Repository/Canine/Filter/Breed/BREED_Ddn' is clicked on

2020-05-12 13:48:07 - [MESSAGE][PASSED] - Object: 'Object Repository/Canine/Filter/Breed/BREED_Ddn' is clicked on

2020-05-12 13:48:07 - [TEST_STEP][PASSED] - click(findTestObject("Object Repository/Canine/Filter/Breed/Samoyed_Chkbx")): Object: 'Object Repository/Canine/Filter/Breed/Samoyed_Chkbx' is clicked on

2020-05-12 13:48:07 - [MESSAGE][PASSED] - Object: 'Object Repository/Canine/Filter/Breed/Samoyed_Chkbx' is clicked on

2020-05-12 13:48:07 - [TEST_STEP][PASSED] - ctdc.utilities.runtestcaseforKatalon.ReadCasesTableKatalon("Object Repository/Canine/Canine_CasesTable", "Object Repository/Canine/Canine_TableHeader", "Object Repository/Canine/Canine_NextBtn"): ctdc.utilities.runtestcaseforKatalon.ReadCasesTableKatalon is PASSED

2020-05-12 13:48:08 - [MESSAGE][PASSED] - ctdc.utilities.runtestcaseforKatalon.ReadCasesTableKatalon is PASSED

2020-05-12 13:48:08 - [TEST_STEP][PASSED] - ctdc.utilities.ReadExcel.Neo4j(): ctdc.utilities.ReadExcel.Neo4j is PASSED

2020-05-12 13:48:11 - [MESSAGE][PASSED] - ctdc.utilities.ReadExcel.Neo4j is PASSED

2020-05-12 13:48:11 - [TEST_STEP][PASSED] - ctdc.utilities.runtestcaseforKatalon.compareLists(): ctdc.utilities.runtestcaseforKatalon.compareLists is PASSED

2020-05-12 13:48:11 - [MESSAGE][PASSED] - ctdc.utilities.runtestcaseforKatalon.compareLists is PASSED

2020-05-12 13:48:13 - [TEST_STEP][PASSED] - Video: Video recording for test case 'Test Cases/Canine_TestCases/Breed/TC35_Canine_Filter_Breed-Samoyed' .

2020-05-12 13:48:13 - [MESSAGE][INFO] - Video recording for test case 'Test Cases/Canine_TestCases/Breed/TC35_Canine_Filter_Breed-Samoyed' .
[[ATTACHMENT|C:\\Users\\radhakrishnang2\\Desktop\\Commons_Automation\\Reports\\20200512_133335\\Canine_TestSuite\\20200512_133335/videos\\test_41.avi]]]]></system-out>
         <system-err><![CDATA[]]></system-err>
      </testcase>
      <testcase name="Test Cases/Canine_TestCases/Breed/TC36_Canine_Filter_Breed-StaffdshrBull" time="17.05" classname="Test Cases/Canine_TestCases/Breed/TC36_Canine_Filter_Breed-StaffdshrBull" status="PASSED">
         <system-out><![CDATA[2020-05-12 13:48:13 - [TEST_CASE][PASSED] - Test Cases/Canine_TestCases/Breed/TC36_Canine_Filter_Breed-StaffdshrBull: Test Cases/Canine_TestCases/Breed/TC36_Canine_Filter_Breed-StaffdshrBull

2020-05-12 13:48:14 - [TEST_STEP][PASSED] - openBrowser(""): Browser is opened with url: ''

2020-05-12 13:48:14 - [MESSAGE][WARNING] - A browser is already opened. Closing browser and opening a new one

2020-05-12 13:48:15 - [MESSAGE][INFO] - Starting 'Firefox (headless)' driver

2020-05-12 13:48:18 - [MESSAGE][PASSED] - Browser is opened with url: ''

2020-05-12 13:48:18 - [TEST_STEP][PASSED] - ctdc.utilities.runtestcaseforKatalon.browserDriver(""): ctdc.utilities.runtestcaseforKatalon.browserDriver is PASSED

2020-05-12 13:48:18 - [MESSAGE][PASSED] - ctdc.utilities.runtestcaseforKatalon.browserDriver is PASSED

2020-05-12 13:48:18 - [TEST_STEP][PASSED] - ctdc.utilities.runtestcaseforKatalon.RunKatalon("TC36_Canine_Filter_Breed-StaffdshrBull.xlsx"): Data loaded from input file for the test case. 

2020-05-12 13:48:18 - [MESSAGE][PASSED] - Test case file loaded This is the full filepath after converting to string :C:\Users\radhakrishnang2\Desktop\Commons_Automation\InputFiles\TC36_Canine_Filter_Breed-StaffdshrBull.xlsx

2020-05-12 13:48:18 - [MESSAGE][INFO] - Global variable set for password file is :  C:\Users\radhakrishnang2\Desktop\Commons_Automation\InputFiles\TC36_Canine_Filter_Breed-StaffdshrBull.xlsx

2020-05-12 13:48:18 - [MESSAGE][PASSED] - Data loaded from input file for the test case. 

2020-05-12 13:48:22 - [TEST_STEP][PASSED] - click(findTestObject("Object Repository/Canine/Canine_Cases_Btn")): Object: 'Object Repository/Canine/Canine_Cases_Btn' is clicked on

2020-05-12 13:48:22 - [MESSAGE][PASSED] - Object: 'Object Repository/Canine/Canine_Cases_Btn' is clicked on

2020-05-12 13:48:22 - [TEST_STEP][PASSED] - click(findTestObject("Object Repository/Canine/Filter/Breed/BREED_Ddn")): Object: 'Object Repository/Canine/Filter/Breed/BREED_Ddn' is clicked on

2020-05-12 13:48:24 - [MESSAGE][PASSED] - Object: 'Object Repository/Canine/Filter/Breed/BREED_Ddn' is clicked on

2020-05-12 13:48:24 - [TEST_STEP][PASSED] - click(findTestObject("Object Repository/Canine/Filter/Breed/StaffdshrBull_Chkbx")): Object: 'Object Repository/Canine/Filter/Breed/StaffdshrBull_Chkbx' is clicked on

2020-05-12 13:48:24 - [MESSAGE][PASSED] - Object: 'Object Repository/Canine/Filter/Breed/StaffdshrBull_Chkbx' is clicked on

2020-05-12 13:48:24 - [TEST_STEP][PASSED] - ctdc.utilities.runtestcaseforKatalon.ReadCasesTableKatalon("Object Repository/Canine/Canine_CasesTable", "Object Repository/Canine/Canine_TableHeader", "Object Repository/Canine/Canine_NextBtn"): ctdc.utilities.runtestcaseforKatalon.ReadCasesTableKatalon is PASSED

2020-05-12 13:48:25 - [MESSAGE][PASSED] - ctdc.utilities.runtestcaseforKatalon.ReadCasesTableKatalon is PASSED

2020-05-12 13:48:25 - [TEST_STEP][PASSED] - ctdc.utilities.ReadExcel.Neo4j(): ctdc.utilities.ReadExcel.Neo4j is PASSED

2020-05-12 13:48:28 - [MESSAGE][PASSED] - ctdc.utilities.ReadExcel.Neo4j is PASSED

2020-05-12 13:48:28 - [TEST_STEP][PASSED] - ctdc.utilities.runtestcaseforKatalon.compareLists(): ctdc.utilities.runtestcaseforKatalon.compareLists is PASSED

2020-05-12 13:48:28 - [MESSAGE][PASSED] - ctdc.utilities.runtestcaseforKatalon.compareLists is PASSED

2020-05-12 13:48:30 - [TEST_STEP][PASSED] - Video: Video recording for test case 'Test Cases/Canine_TestCases/Breed/TC36_Canine_Filter_Breed-StaffdshrBull' .

2020-05-12 13:48:30 - [MESSAGE][INFO] - Video recording for test case 'Test Cases/Canine_TestCases/Breed/TC36_Canine_Filter_Breed-StaffdshrBull' .
[[ATTACHMENT|C:\\Users\\radhakrishnang2\\Desktop\\Commons_Automation\\Reports\\20200512_133335\\Canine_TestSuite\\20200512_133335/videos\\test_42.avi]]]]></system-out>
         <system-err><![CDATA[]]></system-err>
      </testcase>
      <testcase name="Test Cases/Canine_TestCases/Breed/TC37_Canine_Filter_Breed-Vizsla" time="17.508" classname="Test Cases/Canine_TestCases/Breed/TC37_Canine_Filter_Breed-Vizsla" status="PASSED">
         <system-out><![CDATA[2020-05-12 13:48:30 - [TEST_CASE][PASSED] - Test Cases/Canine_TestCases/Breed/TC37_Canine_Filter_Breed-Vizsla: Test Cases/Canine_TestCases/Breed/TC37_Canine_Filter_Breed-Vizsla

2020-05-12 13:48:31 - [TEST_STEP][PASSED] - openBrowser(""): Browser is opened with url: ''

2020-05-12 13:48:31 - [MESSAGE][WARNING] - A browser is already opened. Closing browser and opening a new one

2020-05-12 13:48:32 - [MESSAGE][INFO] - Starting 'Firefox (headless)' driver

2020-05-12 13:48:35 - [MESSAGE][PASSED] - Browser is opened with url: ''

2020-05-12 13:48:35 - [TEST_STEP][PASSED] - ctdc.utilities.runtestcaseforKatalon.browserDriver(""): ctdc.utilities.runtestcaseforKatalon.browserDriver is PASSED

2020-05-12 13:48:35 - [MESSAGE][PASSED] - ctdc.utilities.runtestcaseforKatalon.browserDriver is PASSED

2020-05-12 13:48:35 - [TEST_STEP][PASSED] - ctdc.utilities.runtestcaseforKatalon.RunKatalon("TC37_Canine_Filter_Breed-Vizsla.xlsx"): Data loaded from input file for the test case. 

2020-05-12 13:48:35 - [MESSAGE][PASSED] - Test case file loaded This is the full filepath after converting to string :C:\Users\radhakrishnang2\Desktop\Commons_Automation\InputFiles\TC37_Canine_Filter_Breed-Vizsla.xlsx

2020-05-12 13:48:35 - [MESSAGE][INFO] - Global variable set for password file is :  C:\Users\radhakrishnang2\Desktop\Commons_Automation\InputFiles\TC37_Canine_Filter_Breed-Vizsla.xlsx

2020-05-12 13:48:35 - [MESSAGE][PASSED] - Data loaded from input file for the test case. 

2020-05-12 13:48:39 - [TEST_STEP][PASSED] - click(findTestObject("Object Repository/Canine/Canine_Cases_Btn")): Object: 'Object Repository/Canine/Canine_Cases_Btn' is clicked on

2020-05-12 13:48:39 - [MESSAGE][PASSED] - Object: 'Object Repository/Canine/Canine_Cases_Btn' is clicked on

2020-05-12 13:48:39 - [TEST_STEP][PASSED] - click(findTestObject("Object Repository/Canine/Filter/Breed/BREED_Ddn")): Object: 'Object Repository/Canine/Filter/Breed/BREED_Ddn' is clicked on

2020-05-12 13:48:41 - [MESSAGE][PASSED] - Object: 'Object Repository/Canine/Filter/Breed/BREED_Ddn' is clicked on

2020-05-12 13:48:41 - [TEST_STEP][PASSED] - click(findTestObject("Object Repository/Canine/Filter/Breed/Vizsla_Chkbx")): Object: 'Object Repository/Canine/Filter/Breed/Vizsla_Chkbx' is clicked on

2020-05-12 13:48:42 - [MESSAGE][PASSED] - Object: 'Object Repository/Canine/Filter/Breed/Vizsla_Chkbx' is clicked on

2020-05-12 13:48:42 - [TEST_STEP][PASSED] - ctdc.utilities.runtestcaseforKatalon.ReadCasesTableKatalon("Object Repository/Canine/Canine_CasesTable", "Object Repository/Canine/Canine_TableHeader", "Object Repository/Canine/Canine_NextBtn"): ctdc.utilities.runtestcaseforKatalon.ReadCasesTableKatalon is PASSED

2020-05-12 13:48:42 - [MESSAGE][PASSED] - ctdc.utilities.runtestcaseforKatalon.ReadCasesTableKatalon is PASSED

2020-05-12 13:48:42 - [TEST_STEP][PASSED] - ctdc.utilities.ReadExcel.Neo4j(): ctdc.utilities.ReadExcel.Neo4j is PASSED

2020-05-12 13:48:46 - [MESSAGE][PASSED] - ctdc.utilities.ReadExcel.Neo4j is PASSED

2020-05-12 13:48:46 - [TEST_STEP][PASSED] - ctdc.utilities.runtestcaseforKatalon.compareLists(): ctdc.utilities.runtestcaseforKatalon.compareLists is PASSED

2020-05-12 13:48:46 - [MESSAGE][PASSED] - ctdc.utilities.runtestcaseforKatalon.compareLists is PASSED

2020-05-12 13:48:48 - [TEST_STEP][PASSED] - Video: Video recording for test case 'Test Cases/Canine_TestCases/Breed/TC37_Canine_Filter_Breed-Vizsla' .

2020-05-12 13:48:48 - [MESSAGE][INFO] - Video recording for test case 'Test Cases/Canine_TestCases/Breed/TC37_Canine_Filter_Breed-Vizsla' .
[[ATTACHMENT|C:\\Users\\radhakrishnang2\\Desktop\\Commons_Automation\\Reports\\20200512_133335\\Canine_TestSuite\\20200512_133335/videos\\test_43.avi]]]]></system-out>
         <system-err><![CDATA[]]></system-err>
      </testcase>
      <testcase name="Test Cases/Canine_TestCases/Breed/TC38_Canine_Filter_Breed-Weimrnr" time="16.77" classname="Test Cases/Canine_TestCases/Breed/TC38_Canine_Filter_Breed-Weimrnr" status="PASSED">
         <system-out><![CDATA[2020-05-12 13:48:48 - [TEST_CASE][PASSED] - Test Cases/Canine_TestCases/Breed/TC38_Canine_Filter_Breed-Weimrnr: Test Cases/Canine_TestCases/Breed/TC38_Canine_Filter_Breed-Weimrnr

2020-05-12 13:48:48 - [TEST_STEP][PASSED] - openBrowser(""): Browser is opened with url: ''

2020-05-12 13:48:48 - [MESSAGE][WARNING] - A browser is already opened. Closing browser and opening a new one

2020-05-12 13:48:49 - [MESSAGE][INFO] - Starting 'Firefox (headless)' driver

2020-05-12 13:48:53 - [MESSAGE][PASSED] - Browser is opened with url: ''

2020-05-12 13:48:53 - [TEST_STEP][PASSED] - ctdc.utilities.runtestcaseforKatalon.browserDriver(""): ctdc.utilities.runtestcaseforKatalon.browserDriver is PASSED

2020-05-12 13:48:53 - [MESSAGE][PASSED] - ctdc.utilities.runtestcaseforKatalon.browserDriver is PASSED

2020-05-12 13:48:53 - [TEST_STEP][PASSED] - ctdc.utilities.runtestcaseforKatalon.RunKatalon("TC38_Canine_Filter_Breed-Weimrnr.xlsx"): Data loaded from input file for the test case. 

2020-05-12 13:48:53 - [MESSAGE][PASSED] - Test case file loaded This is the full filepath after converting to string :C:\Users\radhakrishnang2\Desktop\Commons_Automation\InputFiles\TC38_Canine_Filter_Breed-Weimrnr.xlsx

2020-05-12 13:48:53 - [MESSAGE][INFO] - Global variable set for password file is :  C:\Users\radhakrishnang2\Desktop\Commons_Automation\InputFiles\TC38_Canine_Filter_Breed-Weimrnr.xlsx

2020-05-12 13:48:53 - [MESSAGE][PASSED] - Data loaded from input file for the test case. 

2020-05-12 13:48:56 - [TEST_STEP][PASSED] - click(findTestObject("Object Repository/Canine/Canine_Cases_Btn")): Object: 'Object Repository/Canine/Canine_Cases_Btn' is clicked on

2020-05-12 13:48:56 - [MESSAGE][PASSED] - Object: 'Object Repository/Canine/Canine_Cases_Btn' is clicked on

2020-05-12 13:48:56 - [TEST_STEP][PASSED] - click(findTestObject("Object Repository/Canine/Filter/Breed/BREED_Ddn")): Object: 'Object Repository/Canine/Filter/Breed/BREED_Ddn' is clicked on

2020-05-12 13:48:58 - [MESSAGE][PASSED] - Object: 'Object Repository/Canine/Filter/Breed/BREED_Ddn' is clicked on

2020-05-12 13:48:58 - [TEST_STEP][PASSED] - click(findTestObject("Object Repository/Canine/Filter/Breed/Weimrnr_Chkbx")): Object: 'Object Repository/Canine/Filter/Breed/Weimrnr_Chkbx' is clicked on

2020-05-12 13:48:58 - [MESSAGE][PASSED] - Object: 'Object Repository/Canine/Filter/Breed/Weimrnr_Chkbx' is clicked on

2020-05-12 13:48:58 - [TEST_STEP][PASSED] - ctdc.utilities.runtestcaseforKatalon.ReadCasesTableKatalon("Object Repository/Canine/Canine_CasesTable", "Object Repository/Canine/Canine_TableHeader", "Object Repository/Canine/Canine_NextBtn"): ctdc.utilities.runtestcaseforKatalon.ReadCasesTableKatalon is PASSED

2020-05-12 13:48:59 - [MESSAGE][PASSED] - ctdc.utilities.runtestcaseforKatalon.ReadCasesTableKatalon is PASSED

2020-05-12 13:48:59 - [TEST_STEP][PASSED] - ctdc.utilities.ReadExcel.Neo4j(): ctdc.utilities.ReadExcel.Neo4j is PASSED

2020-05-12 13:49:02 - [MESSAGE][PASSED] - ctdc.utilities.ReadExcel.Neo4j is PASSED

2020-05-12 13:49:02 - [TEST_STEP][PASSED] - ctdc.utilities.runtestcaseforKatalon.compareLists(): ctdc.utilities.runtestcaseforKatalon.compareLists is PASSED

2020-05-12 13:49:03 - [MESSAGE][PASSED] - ctdc.utilities.runtestcaseforKatalon.compareLists is PASSED

2020-05-12 13:49:05 - [TEST_STEP][PASSED] - Video: Video recording for test case 'Test Cases/Canine_TestCases/Breed/TC38_Canine_Filter_Breed-Weimrnr' .

2020-05-12 13:49:05 - [MESSAGE][INFO] - Video recording for test case 'Test Cases/Canine_TestCases/Breed/TC38_Canine_Filter_Breed-Weimrnr' .
[[ATTACHMENT|C:\\Users\\radhakrishnang2\\Desktop\\Commons_Automation\\Reports\\20200512_133335\\Canine_TestSuite\\20200512_133335/videos\\test_44.avi]]]]></system-out>
         <system-err><![CDATA[]]></system-err>
      </testcase>
      <testcase name="Test Cases/Canine_TestCases/Breed/TC39_Canine_Filter_Breed-WestHlnd" time="16.439" classname="Test Cases/Canine_TestCases/Breed/TC39_Canine_Filter_Breed-WestHlnd" status="PASSED">
         <system-out><![CDATA[2020-05-12 13:49:05 - [TEST_CASE][PASSED] - Test Cases/Canine_TestCases/Breed/TC39_Canine_Filter_Breed-WestHlnd: Test Cases/Canine_TestCases/Breed/TC39_Canine_Filter_Breed-WestHlnd

2020-05-12 13:49:05 - [TEST_STEP][PASSED] - openBrowser(""): Browser is opened with url: ''

2020-05-12 13:49:05 - [MESSAGE][WARNING] - A browser is already opened. Closing browser and opening a new one

2020-05-12 13:49:06 - [MESSAGE][INFO] - Starting 'Firefox (headless)' driver

2020-05-12 13:49:09 - [MESSAGE][PASSED] - Browser is opened with url: ''

2020-05-12 13:49:09 - [TEST_STEP][PASSED] - ctdc.utilities.runtestcaseforKatalon.browserDriver(""): ctdc.utilities.runtestcaseforKatalon.browserDriver is PASSED

2020-05-12 13:49:09 - [MESSAGE][PASSED] - ctdc.utilities.runtestcaseforKatalon.browserDriver is PASSED

2020-05-12 13:49:09 - [TEST_STEP][PASSED] - ctdc.utilities.runtestcaseforKatalon.RunKatalon("TC39_Canine_Filter_Breed-WestHlnd.xlsx"): Data loaded from input file for the test case. 

2020-05-12 13:49:09 - [MESSAGE][PASSED] - Test case file loaded This is the full filepath after converting to string :C:\Users\radhakrishnang2\Desktop\Commons_Automation\InputFiles\TC39_Canine_Filter_Breed-WestHlnd.xlsx

2020-05-12 13:49:09 - [MESSAGE][INFO] - Global variable set for password file is :  C:\Users\radhakrishnang2\Desktop\Commons_Automation\InputFiles\TC39_Canine_Filter_Breed-WestHlnd.xlsx

2020-05-12 13:49:09 - [MESSAGE][PASSED] - Data loaded from input file for the test case. 

2020-05-12 13:49:13 - [TEST_STEP][PASSED] - click(findTestObject("Object Repository/Canine/Canine_Cases_Btn")): Object: 'Object Repository/Canine/Canine_Cases_Btn' is clicked on

2020-05-12 13:49:13 - [MESSAGE][PASSED] - Object: 'Object Repository/Canine/Canine_Cases_Btn' is clicked on

2020-05-12 13:49:13 - [TEST_STEP][PASSED] - click(findTestObject("Object Repository/Canine/Filter/Breed/BREED_Ddn")): Object: 'Object Repository/Canine/Filter/Breed/BREED_Ddn' is clicked on

2020-05-12 13:49:15 - [MESSAGE][PASSED] - Object: 'Object Repository/Canine/Filter/Breed/BREED_Ddn' is clicked on

2020-05-12 13:49:15 - [TEST_STEP][PASSED] - click(findTestObject("Object Repository/Canine/Filter/Breed/WestHland_Chkbx")): Object: 'Object Repository/Canine/Filter/Breed/WestHland_Chkbx' is clicked on

2020-05-12 13:49:15 - [MESSAGE][PASSED] - Object: 'Object Repository/Canine/Filter/Breed/WestHland_Chkbx' is clicked on

2020-05-12 13:49:15 - [TEST_STEP][PASSED] - ctdc.utilities.runtestcaseforKatalon.ReadCasesTableKatalon("Object Repository/Canine/Canine_CasesTable", "Object Repository/Canine/Canine_TableHeader", "Object Repository/Canine/Canine_NextBtn"): ctdc.utilities.runtestcaseforKatalon.ReadCasesTableKatalon is PASSED

2020-05-12 13:49:16 - [MESSAGE][PASSED] - ctdc.utilities.runtestcaseforKatalon.ReadCasesTableKatalon is PASSED

2020-05-12 13:49:16 - [TEST_STEP][PASSED] - ctdc.utilities.ReadExcel.Neo4j(): ctdc.utilities.ReadExcel.Neo4j is PASSED

2020-05-12 13:49:19 - [MESSAGE][PASSED] - ctdc.utilities.ReadExcel.Neo4j is PASSED

2020-05-12 13:49:19 - [TEST_STEP][PASSED] - ctdc.utilities.runtestcaseforKatalon.compareLists(): ctdc.utilities.runtestcaseforKatalon.compareLists is PASSED

2020-05-12 13:49:19 - [MESSAGE][PASSED] - ctdc.utilities.runtestcaseforKatalon.compareLists is PASSED

2020-05-12 13:49:21 - [TEST_STEP][PASSED] - Video: Video recording for test case 'Test Cases/Canine_TestCases/Breed/TC39_Canine_Filter_Breed-WestHlnd' .

2020-05-12 13:49:21 - [MESSAGE][INFO] - Video recording for test case 'Test Cases/Canine_TestCases/Breed/TC39_Canine_Filter_Breed-WestHlnd' .
[[ATTACHMENT|C:\\Users\\radhakrishnang2\\Desktop\\Commons_Automation\\Reports\\20200512_133335\\Canine_TestSuite\\20200512_133335/videos\\test_45.avi]]]]></system-out>
         <system-err><![CDATA[]]></system-err>
      </testcase>
      <testcase name="Test Cases/Canine_TestCases/Breed/TC40_Canine_Filter_Breed-NotSpecified" time="42.53" classname="Test Cases/Canine_TestCases/Breed/TC40_Canine_Filter_Breed-NotSpecified" status="PASSED">
         <system-out><![CDATA[2020-05-12 13:49:21 - [TEST_CASE][PASSED] - Test Cases/Canine_TestCases/Breed/TC40_Canine_Filter_Breed-NotSpecified: Test Cases/Canine_TestCases/Breed/TC40_Canine_Filter_Breed-NotSpecified

2020-05-12 13:49:21 - [TEST_STEP][PASSED] - openBrowser(""): Browser is opened with url: ''

2020-05-12 13:49:21 - [MESSAGE][WARNING] - A browser is already opened. Closing browser and opening a new one

2020-05-12 13:49:22 - [MESSAGE][INFO] - Starting 'Firefox (headless)' driver

2020-05-12 13:49:26 - [MESSAGE][PASSED] - Browser is opened with url: ''

2020-05-12 13:49:26 - [TEST_STEP][PASSED] - ctdc.utilities.runtestcaseforKatalon.browserDriver(""): ctdc.utilities.runtestcaseforKatalon.browserDriver is PASSED

2020-05-12 13:49:26 - [MESSAGE][PASSED] - ctdc.utilities.runtestcaseforKatalon.browserDriver is PASSED

2020-05-12 13:49:26 - [TEST_STEP][PASSED] - ctdc.utilities.runtestcaseforKatalon.RunKatalon("TC40_Canine_Filter_Breed-NotSpecified.xlsx"): Data loaded from input file for the test case. 

2020-05-12 13:49:26 - [MESSAGE][PASSED] - Test case file loaded This is the full filepath after converting to string :C:\Users\radhakrishnang2\Desktop\Commons_Automation\InputFiles\TC40_Canine_Filter_Breed-NotSpecified.xlsx

2020-05-12 13:49:26 - [MESSAGE][INFO] - Global variable set for password file is :  C:\Users\radhakrishnang2\Desktop\Commons_Automation\InputFiles\TC40_Canine_Filter_Breed-NotSpecified.xlsx

2020-05-12 13:49:26 - [MESSAGE][PASSED] - Data loaded from input file for the test case. 

2020-05-12 13:49:30 - [TEST_STEP][PASSED] - click(findTestObject("Object Repository/Canine/Canine_Cases_Btn")): Object: 'Object Repository/Canine/Canine_Cases_Btn' is clicked on

2020-05-12 13:49:30 - [MESSAGE][PASSED] - Object: 'Object Repository/Canine/Canine_Cases_Btn' is clicked on

2020-05-12 13:49:30 - [TEST_STEP][PASSED] - click(findTestObject("Object Repository/Canine/Filter/Breed/BREED_Ddn")): Object: 'Object Repository/Canine/Filter/Breed/BREED_Ddn' is clicked on

2020-05-12 13:49:32 - [MESSAGE][PASSED] - Object: 'Object Repository/Canine/Filter/Breed/BREED_Ddn' is clicked on

2020-05-12 13:49:32 - [TEST_STEP][PASSED] - click(findTestObject("Object Repository/Canine/Filter/Breed/NotSpecified_Chkbx")): Object: 'Object Repository/Canine/Filter/Breed/NotSpecified_Chkbx' is clicked on

2020-05-12 13:49:33 - [MESSAGE][PASSED] - Object: 'Object Repository/Canine/Filter/Breed/NotSpecified_Chkbx' is clicked on

2020-05-12 13:49:33 - [TEST_STEP][PASSED] - ctdc.utilities.runtestcaseforKatalon.ReadCasesTableKatalon("Object Repository/Canine/Canine_CasesTable", "Object Repository/Canine/Canine_TableHeader", "Object Repository/Canine/Canine_NextBtn"): ctdc.utilities.runtestcaseforKatalon.ReadCasesTableKatalon is PASSED

2020-05-12 13:49:58 - [MESSAGE][PASSED] - ctdc.utilities.runtestcaseforKatalon.ReadCasesTableKatalon is PASSED

2020-05-12 13:49:58 - [TEST_STEP][PASSED] - ctdc.utilities.ReadExcel.Neo4j(): ctdc.utilities.ReadExcel.Neo4j is PASSED

2020-05-12 13:50:01 - [MESSAGE][PASSED] - ctdc.utilities.ReadExcel.Neo4j is PASSED

2020-05-12 13:50:01 - [TEST_STEP][PASSED] - ctdc.utilities.runtestcaseforKatalon.compareLists(): ctdc.utilities.runtestcaseforKatalon.compareLists is PASSED

2020-05-12 13:50:01 - [MESSAGE][PASSED] - ctdc.utilities.runtestcaseforKatalon.compareLists is PASSED

2020-05-12 13:50:04 - [TEST_STEP][PASSED] - Video: Video recording for test case 'Test Cases/Canine_TestCases/Breed/TC40_Canine_Filter_Breed-NotSpecified' .

2020-05-12 13:50:04 - [MESSAGE][INFO] - Video recording for test case 'Test Cases/Canine_TestCases/Breed/TC40_Canine_Filter_Breed-NotSpecified' .
[[ATTACHMENT|C:\\Users\\radhakrishnang2\\Desktop\\Commons_Automation\\Reports\\20200512_133335\\Canine_TestSuite\\20200512_133335/videos\\test_46.avi]]]]></system-out>
         <system-err><![CDATA[]]></system-err>
      </testcase>
      <testcase name="Test Cases/Canine_TestCases/Diagnosis/TC01_Canine_Filter_Diagnosis-BoneSarcoma" time="21.402" classname="Test Cases/Canine_TestCases/Diagnosis/TC01_Canine_Filter_Diagnosis-BoneSarcoma" status="PASSED">
         <system-out><![CDATA[2020-05-12 13:50:04 - [TEST_CASE][PASSED] - Test Cases/Canine_TestCases/Diagnosis/TC01_Canine_Filter_Diagnosis-BoneSarcoma: Test Cases/Canine_TestCases/Diagnosis/TC01_Canine_Filter_Diagnosis-BoneSarcoma

2020-05-12 13:50:04 - [TEST_STEP][PASSED] - openBrowser(""): Browser is opened with url: ''

2020-05-12 13:50:04 - [MESSAGE][WARNING] - A browser is already opened. Closing browser and opening a new one

2020-05-12 13:50:05 - [MESSAGE][INFO] - Starting 'Firefox (headless)' driver

2020-05-12 13:50:08 - [MESSAGE][PASSED] - Browser is opened with url: ''

2020-05-12 13:50:08 - [TEST_STEP][PASSED] - ctdc.utilities.runtestcaseforKatalon.browserDriver(""): ctdc.utilities.runtestcaseforKatalon.browserDriver is PASSED

2020-05-12 13:50:08 - [MESSAGE][PASSED] - ctdc.utilities.runtestcaseforKatalon.browserDriver is PASSED

2020-05-12 13:50:08 - [TEST_STEP][PASSED] - ctdc.utilities.runtestcaseforKatalon.RunKatalon("TC01_Canine_Filter_Diagnosis-BoneSarcoma.xlsx"): Data loaded from input file for the test case. 

2020-05-12 13:50:08 - [MESSAGE][PASSED] - Test case file loaded This is the full filepath after converting to string :C:\Users\radhakrishnang2\Desktop\Commons_Automation\InputFiles\TC01_Canine_Filter_Diagnosis-BoneSarcoma.xlsx

2020-05-12 13:50:08 - [MESSAGE][INFO] - Global variable set for password file is :  C:\Users\radhakrishnang2\Desktop\Commons_Automation\InputFiles\TC01_Canine_Filter_Diagnosis-BoneSarcoma.xlsx

2020-05-12 13:50:08 - [MESSAGE][PASSED] - Data loaded from input file for the test case. 

2020-05-12 13:50:14 - [TEST_STEP][PASSED] - click(findTestObject("Object Repository/Canine/Canine_Cases_Btn")): Object: 'Object Repository/Canine/Canine_Cases_Btn' is clicked on

2020-05-12 13:50:15 - [MESSAGE][PASSED] - Object: 'Object Repository/Canine/Canine_Cases_Btn' is clicked on

2020-05-12 13:50:15 - [TEST_STEP][PASSED] - click(findTestObject("Object Repository/Canine/Filter/Diagnosis/DIAGNOSIS_Ddn")): Object: 'Object Repository/Canine/Filter/Diagnosis/DIAGNOSIS_Ddn' is clicked on

2020-05-12 13:50:16 - [MESSAGE][PASSED] - Object: 'Object Repository/Canine/Filter/Diagnosis/DIAGNOSIS_Ddn' is clicked on

2020-05-12 13:50:16 - [TEST_STEP][PASSED] - click(findTestObject("Object Repository/Canine/Filter/Diagnosis/BoneSarcoma_Chkbx")): Object: 'Object Repository/Canine/Filter/Diagnosis/BoneSarcoma_Chkbx' is clicked on

2020-05-12 13:50:17 - [MESSAGE][PASSED] - Object: 'Object Repository/Canine/Filter/Diagnosis/BoneSarcoma_Chkbx' is clicked on

2020-05-12 13:50:17 - [TEST_STEP][PASSED] - ctdc.utilities.runtestcaseforKatalon.ReadCasesTableKatalon("Object Repository/Canine/Canine_CasesTable", "Object Repository/Canine/Canine_TableHeader", "Object Repository/Canine/Canine_NextBtn"): ctdc.utilities.runtestcaseforKatalon.ReadCasesTableKatalon is PASSED

2020-05-12 13:50:20 - [MESSAGE][PASSED] - ctdc.utilities.runtestcaseforKatalon.ReadCasesTableKatalon is PASSED

2020-05-12 13:50:20 - [TEST_STEP][PASSED] - ctdc.utilities.ReadExcel.Neo4j(): ctdc.utilities.ReadExcel.Neo4j is PASSED

2020-05-12 13:50:23 - [MESSAGE][PASSED] - ctdc.utilities.ReadExcel.Neo4j is PASSED

2020-05-12 13:50:23 - [TEST_STEP][PASSED] - ctdc.utilities.runtestcaseforKatalon.compareLists(): ctdc.utilities.runtestcaseforKatalon.compareLists is PASSED

2020-05-12 13:50:23 - [MESSAGE][PASSED] - ctdc.utilities.runtestcaseforKatalon.compareLists is PASSED

2020-05-12 13:50:25 - [TEST_STEP][PASSED] - Video: Video recording for test case 'Test Cases/Canine_TestCases/Diagnosis/TC01_Canine_Filter_Diagnosis-BoneSarcoma' .

2020-05-12 13:50:25 - [MESSAGE][INFO] - Video recording for test case 'Test Cases/Canine_TestCases/Diagnosis/TC01_Canine_Filter_Diagnosis-BoneSarcoma' .
[[ATTACHMENT|C:\\Users\\radhakrishnang2\\Desktop\\Commons_Automation\\Reports\\20200512_133335\\Canine_TestSuite\\20200512_133335/videos\\test_47.avi]]]]></system-out>
         <system-err><![CDATA[]]></system-err>
      </testcase>
      <testcase name="Test Cases/Canine_TestCases/Diagnosis/TC02_Canine_Filter_Diagnosis-LipLingual" time="25.564" classname="Test Cases/Canine_TestCases/Diagnosis/TC02_Canine_Filter_Diagnosis-LipLingual" status="PASSED">
         <system-out><![CDATA[2020-05-12 13:50:25 - [TEST_CASE][PASSED] - Test Cases/Canine_TestCases/Diagnosis/TC02_Canine_Filter_Diagnosis-LipLingual: Test Cases/Canine_TestCases/Diagnosis/TC02_Canine_Filter_Diagnosis-LipLingual

2020-05-12 13:50:25 - [TEST_STEP][PASSED] - openBrowser(""): Browser is opened with url: ''

2020-05-12 13:50:25 - [MESSAGE][WARNING] - A browser is already opened. Closing browser and opening a new one

2020-05-12 13:50:26 - [MESSAGE][INFO] - Starting 'Firefox (headless)' driver

2020-05-12 13:50:30 - [MESSAGE][PASSED] - Browser is opened with url: ''

2020-05-12 13:50:30 - [TEST_STEP][PASSED] - ctdc.utilities.runtestcaseforKatalon.browserDriver(""): ctdc.utilities.runtestcaseforKatalon.browserDriver is PASSED

2020-05-12 13:50:30 - [MESSAGE][PASSED] - ctdc.utilities.runtestcaseforKatalon.browserDriver is PASSED

2020-05-12 13:50:30 - [TEST_STEP][PASSED] - ctdc.utilities.runtestcaseforKatalon.RunKatalon("TC02_Canine_Filter_Diagnosis-LipLingual.xlsx"): Data loaded from input file for the test case. 

2020-05-12 13:50:30 - [MESSAGE][PASSED] - Test case file loaded This is the full filepath after converting to string :C:\Users\radhakrishnang2\Desktop\Commons_Automation\InputFiles\TC02_Canine_Filter_Diagnosis-LipLingual.xlsx

2020-05-12 13:50:30 - [MESSAGE][INFO] - Global variable set for password file is :  C:\Users\radhakrishnang2\Desktop\Commons_Automation\InputFiles\TC02_Canine_Filter_Diagnosis-LipLingual.xlsx

2020-05-12 13:50:30 - [MESSAGE][PASSED] - Data loaded from input file for the test case. 

2020-05-12 13:50:42 - [TEST_STEP][PASSED] - click(findTestObject("Object Repository/Canine/Canine_Cases_Btn")): Object: 'Object Repository/Canine/Canine_Cases_Btn' is clicked on

2020-05-12 13:50:42 - [MESSAGE][PASSED] - Object: 'Object Repository/Canine/Canine_Cases_Btn' is clicked on

2020-05-12 13:50:42 - [TEST_STEP][PASSED] - click(findTestObject("Object Repository/Canine/Filter/Diagnosis/DIAGNOSIS_Ddn")): Object: 'Object Repository/Canine/Filter/Diagnosis/DIAGNOSIS_Ddn' is clicked on

2020-05-12 13:50:44 - [MESSAGE][PASSED] - Object: 'Object Repository/Canine/Filter/Diagnosis/DIAGNOSIS_Ddn' is clicked on

2020-05-12 13:50:44 - [TEST_STEP][PASSED] - click(findTestObject("Object Repository/Canine/Filter/Diagnosis/LipLingual_Chkbx")): Object: 'Object Repository/Canine/Filter/Diagnosis/LipLingual_Chkbx' is clicked on

2020-05-12 13:50:45 - [MESSAGE][PASSED] - Object: 'Object Repository/Canine/Filter/Diagnosis/LipLingual_Chkbx' is clicked on

2020-05-12 13:50:45 - [TEST_STEP][PASSED] - ctdc.utilities.runtestcaseforKatalon.ReadCasesTableKatalon("Object Repository/Canine/Canine_CasesTable", "Object Repository/Canine/Canine_TableHeader", "Object Repository/Canine/Canine_NextBtn"): ctdc.utilities.runtestcaseforKatalon.ReadCasesTableKatalon is PASSED

2020-05-12 13:50:45 - [MESSAGE][PASSED] - ctdc.utilities.runtestcaseforKatalon.ReadCasesTableKatalon is PASSED

2020-05-12 13:50:45 - [TEST_STEP][PASSED] - ctdc.utilities.ReadExcel.Neo4j(): ctdc.utilities.ReadExcel.Neo4j is PASSED

2020-05-12 13:50:48 - [MESSAGE][PASSED] - ctdc.utilities.ReadExcel.Neo4j is PASSED

2020-05-12 13:50:48 - [TEST_STEP][PASSED] - ctdc.utilities.runtestcaseforKatalon.compareLists(): ctdc.utilities.runtestcaseforKatalon.compareLists is PASSED

2020-05-12 13:50:48 - [MESSAGE][PASSED] - ctdc.utilities.runtestcaseforKatalon.compareLists is PASSED

2020-05-12 13:50:50 - [TEST_STEP][PASSED] - Video: Video recording for test case 'Test Cases/Canine_TestCases/Diagnosis/TC02_Canine_Filter_Diagnosis-LipLingual' .

2020-05-12 13:50:50 - [MESSAGE][INFO] - Video recording for test case 'Test Cases/Canine_TestCases/Diagnosis/TC02_Canine_Filter_Diagnosis-LipLingual' .
[[ATTACHMENT|C:\\Users\\radhakrishnang2\\Desktop\\Commons_Automation\\Reports\\20200512_133335\\Canine_TestSuite\\20200512_133335/videos\\test_48.avi]]]]></system-out>
         <system-err><![CDATA[]]></system-err>
      </testcase>
      <testcase name="Test Cases/Canine_TestCases/Diagnosis/TC03_Canine_Filter_Diagnosis-LipMandible" time="21.069" classname="Test Cases/Canine_TestCases/Diagnosis/TC03_Canine_Filter_Diagnosis-LipMandible" status="PASSED">
         <system-out><![CDATA[2020-05-12 13:50:51 - [TEST_CASE][PASSED] - Test Cases/Canine_TestCases/Diagnosis/TC03_Canine_Filter_Diagnosis-LipMandible: Test Cases/Canine_TestCases/Diagnosis/TC03_Canine_Filter_Diagnosis-LipMandible

2020-05-12 13:50:51 - [TEST_STEP][PASSED] - openBrowser(""): Browser is opened with url: ''

2020-05-12 13:50:51 - [MESSAGE][WARNING] - A browser is already opened. Closing browser and opening a new one

2020-05-12 13:50:52 - [MESSAGE][INFO] - Starting 'Firefox (headless)' driver

2020-05-12 13:50:55 - [MESSAGE][PASSED] - Browser is opened with url: ''

2020-05-12 13:50:55 - [TEST_STEP][PASSED] - ctdc.utilities.runtestcaseforKatalon.browserDriver(""): ctdc.utilities.runtestcaseforKatalon.browserDriver is PASSED

2020-05-12 13:50:55 - [MESSAGE][PASSED] - ctdc.utilities.runtestcaseforKatalon.browserDriver is PASSED

2020-05-12 13:50:55 - [TEST_STEP][PASSED] - ctdc.utilities.runtestcaseforKatalon.RunKatalon("TC03_Canine_Filter_Diagnosis-LipMandible.xlsx"): Data loaded from input file for the test case. 

2020-05-12 13:50:55 - [MESSAGE][PASSED] - Test case file loaded This is the full filepath after converting to string :C:\Users\radhakrishnang2\Desktop\Commons_Automation\InputFiles\TC03_Canine_Filter_Diagnosis-LipMandible.xlsx

2020-05-12 13:50:55 - [MESSAGE][INFO] - Global variable set for password file is :  C:\Users\radhakrishnang2\Desktop\Commons_Automation\InputFiles\TC03_Canine_Filter_Diagnosis-LipMandible.xlsx

2020-05-12 13:50:55 - [MESSAGE][PASSED] - Data loaded from input file for the test case. 

2020-05-12 13:51:02 - [TEST_STEP][PASSED] - click(findTestObject("Object Repository/Canine/Canine_Cases_Btn")): Object: 'Object Repository/Canine/Canine_Cases_Btn' is clicked on

2020-05-12 13:51:02 - [MESSAGE][PASSED] - Object: 'Object Repository/Canine/Canine_Cases_Btn' is clicked on

2020-05-12 13:51:02 - [TEST_STEP][PASSED] - click(findTestObject("Object Repository/Canine/Filter/Diagnosis/DIAGNOSIS_Ddn")): Object: 'Object Repository/Canine/Filter/Diagnosis/DIAGNOSIS_Ddn' is clicked on

2020-05-12 13:51:04 - [MESSAGE][PASSED] - Object: 'Object Repository/Canine/Filter/Diagnosis/DIAGNOSIS_Ddn' is clicked on

2020-05-12 13:51:04 - [TEST_STEP][PASSED] - click(findTestObject("Object Repository/Canine/Filter/Diagnosis/LipMandible_Chkbx")): Object: 'Object Repository/Canine/Filter/Diagnosis/LipMandible_Chkbx' is clicked on

2020-05-12 13:51:04 - [MESSAGE][PASSED] - Object: 'Object Repository/Canine/Filter/Diagnosis/LipMandible_Chkbx' is clicked on

2020-05-12 13:51:04 - [TEST_STEP][PASSED] - ctdc.utilities.runtestcaseforKatalon.ReadCasesTableKatalon("Object Repository/Canine/Canine_CasesTable", "Object Repository/Canine/Canine_TableHeader", "Object Repository/Canine/Canine_NextBtn"): ctdc.utilities.runtestcaseforKatalon.ReadCasesTableKatalon is PASSED

2020-05-12 13:51:06 - [MESSAGE][PASSED] - ctdc.utilities.runtestcaseforKatalon.ReadCasesTableKatalon is PASSED

2020-05-12 13:51:06 - [TEST_STEP][PASSED] - ctdc.utilities.ReadExcel.Neo4j(): ctdc.utilities.ReadExcel.Neo4j is PASSED

2020-05-12 13:51:09 - [MESSAGE][PASSED] - ctdc.utilities.ReadExcel.Neo4j is PASSED

2020-05-12 13:51:09 - [TEST_STEP][PASSED] - ctdc.utilities.runtestcaseforKatalon.compareLists(): ctdc.utilities.runtestcaseforKatalon.compareLists is PASSED

2020-05-12 13:51:10 - [MESSAGE][PASSED] - ctdc.utilities.runtestcaseforKatalon.compareLists is PASSED

2020-05-12 13:51:12 - [TEST_STEP][PASSED] - Video: Video recording for test case 'Test Cases/Canine_TestCases/Diagnosis/TC03_Canine_Filter_Diagnosis-LipMandible' .

2020-05-12 13:51:12 - [MESSAGE][INFO] - Video recording for test case 'Test Cases/Canine_TestCases/Diagnosis/TC03_Canine_Filter_Diagnosis-LipMandible' .
[[ATTACHMENT|C:\\Users\\radhakrishnang2\\Desktop\\Commons_Automation\\Reports\\20200512_133335\\Canine_TestSuite\\20200512_133335/videos\\test_49.avi]]]]></system-out>
         <system-err><![CDATA[]]></system-err>
      </testcase>
      <testcase name="Test Cases/Canine_TestCases/Diagnosis/TC04_Canine_Filter_Diagnosis-LipMaxilla" time="28.927" classname="Test Cases/Canine_TestCases/Diagnosis/TC04_Canine_Filter_Diagnosis-LipMaxilla" status="PASSED">
         <system-out><![CDATA[2020-05-12 13:51:12 - [TEST_CASE][PASSED] - Test Cases/Canine_TestCases/Diagnosis/TC04_Canine_Filter_Diagnosis-LipMaxilla: Test Cases/Canine_TestCases/Diagnosis/TC04_Canine_Filter_Diagnosis-LipMaxilla

2020-05-12 13:51:12 - [TEST_STEP][PASSED] - openBrowser(""): Browser is opened with url: ''

2020-05-12 13:51:12 - [MESSAGE][WARNING] - A browser is already opened. Closing browser and opening a new one

2020-05-12 13:51:13 - [MESSAGE][INFO] - Starting 'Firefox (headless)' driver

2020-05-12 13:51:16 - [MESSAGE][PASSED] - Browser is opened with url: ''

2020-05-12 13:51:16 - [TEST_STEP][PASSED] - ctdc.utilities.runtestcaseforKatalon.browserDriver(""): ctdc.utilities.runtestcaseforKatalon.browserDriver is PASSED

2020-05-12 13:51:16 - [MESSAGE][PASSED] - ctdc.utilities.runtestcaseforKatalon.browserDriver is PASSED

2020-05-12 13:51:16 - [TEST_STEP][PASSED] - ctdc.utilities.runtestcaseforKatalon.RunKatalon("TC04_Canine_Filter_Diagnosis-LipMaxilla.xlsx"): Data loaded from input file for the test case. 

2020-05-12 13:51:16 - [MESSAGE][PASSED] - Test case file loaded This is the full filepath after converting to string :C:\Users\radhakrishnang2\Desktop\Commons_Automation\InputFiles\TC04_Canine_Filter_Diagnosis-LipMaxilla.xlsx

2020-05-12 13:51:16 - [MESSAGE][INFO] - Global variable set for password file is :  C:\Users\radhakrishnang2\Desktop\Commons_Automation\InputFiles\TC04_Canine_Filter_Diagnosis-LipMaxilla.xlsx

2020-05-12 13:51:16 - [MESSAGE][PASSED] - Data loaded from input file for the test case. 

2020-05-12 13:51:31 - [TEST_STEP][PASSED] - click(findTestObject("Object Repository/Canine/Canine_Cases_Btn")): Object: 'Object Repository/Canine/Canine_Cases_Btn' is clicked on

2020-05-12 13:51:31 - [MESSAGE][PASSED] - Object: 'Object Repository/Canine/Canine_Cases_Btn' is clicked on

2020-05-12 13:51:31 - [TEST_STEP][PASSED] - click(findTestObject("Object Repository/Canine/Filter/Diagnosis/DIAGNOSIS_Ddn")): Object: 'Object Repository/Canine/Filter/Diagnosis/DIAGNOSIS_Ddn' is clicked on

2020-05-12 13:51:34 - [MESSAGE][PASSED] - Object: 'Object Repository/Canine/Filter/Diagnosis/DIAGNOSIS_Ddn' is clicked on

2020-05-12 13:51:34 - [TEST_STEP][PASSED] - click(findTestObject("Object Repository/Canine/Filter/Diagnosis/LipMaxilla_Chkbx")): Object: 'Object Repository/Canine/Filter/Diagnosis/LipMaxilla_Chkbx' is clicked on

2020-05-12 13:51:34 - [MESSAGE][PASSED] - Object: 'Object Repository/Canine/Filter/Diagnosis/LipMaxilla_Chkbx' is clicked on

2020-05-12 13:51:34 - [TEST_STEP][PASSED] - ctdc.utilities.runtestcaseforKatalon.ReadCasesTableKatalon("Object Repository/Canine/Canine_CasesTable", "Object Repository/Canine/Canine_TableHeader", "Object Repository/Canine/Canine_NextBtn"): ctdc.utilities.runtestcaseforKatalon.ReadCasesTableKatalon is PASSED

2020-05-12 13:51:35 - [MESSAGE][PASSED] - ctdc.utilities.runtestcaseforKatalon.ReadCasesTableKatalon is PASSED

2020-05-12 13:51:35 - [TEST_STEP][PASSED] - ctdc.utilities.ReadExcel.Neo4j(): ctdc.utilities.ReadExcel.Neo4j is PASSED

2020-05-12 13:51:38 - [MESSAGE][PASSED] - ctdc.utilities.ReadExcel.Neo4j is PASSED

2020-05-12 13:51:38 - [TEST_STEP][PASSED] - ctdc.utilities.runtestcaseforKatalon.compareLists(): ctdc.utilities.runtestcaseforKatalon.compareLists is PASSED

2020-05-12 13:51:38 - [MESSAGE][PASSED] - ctdc.utilities.runtestcaseforKatalon.compareLists is PASSED

2020-05-12 13:51:41 - [TEST_STEP][PASSED] - Video: Video recording for test case 'Test Cases/Canine_TestCases/Diagnosis/TC04_Canine_Filter_Diagnosis-LipMaxilla' .

2020-05-12 13:51:41 - [MESSAGE][INFO] - Video recording for test case 'Test Cases/Canine_TestCases/Diagnosis/TC04_Canine_Filter_Diagnosis-LipMaxilla' .
[[ATTACHMENT|C:\\Users\\radhakrishnang2\\Desktop\\Commons_Automation\\Reports\\20200512_133335\\Canine_TestSuite\\20200512_133335/videos\\test_50.avi]]]]></system-out>
         <system-err><![CDATA[]]></system-err>
      </testcase>
      <testcase name="Test Cases/Canine_TestCases/Diagnosis/TC05_Canine_Filter_Diagnosis-Lymphoma" time="24.756" classname="Test Cases/Canine_TestCases/Diagnosis/TC05_Canine_Filter_Diagnosis-Lymphoma" status="PASSED">
         <system-out><![CDATA[2020-05-12 13:51:41 - [TEST_CASE][PASSED] - Test Cases/Canine_TestCases/Diagnosis/TC05_Canine_Filter_Diagnosis-Lymphoma: Test Cases/Canine_TestCases/Diagnosis/TC05_Canine_Filter_Diagnosis-Lymphoma

2020-05-12 13:51:41 - [TEST_STEP][PASSED] - openBrowser(""): Browser is opened with url: ''

2020-05-12 13:51:41 - [MESSAGE][WARNING] - A browser is already opened. Closing browser and opening a new one

2020-05-12 13:51:42 - [MESSAGE][INFO] - Starting 'Firefox (headless)' driver

2020-05-12 13:51:45 - [MESSAGE][PASSED] - Browser is opened with url: ''

2020-05-12 13:51:45 - [TEST_STEP][PASSED] - ctdc.utilities.runtestcaseforKatalon.browserDriver(""): ctdc.utilities.runtestcaseforKatalon.browserDriver is PASSED

2020-05-12 13:51:45 - [MESSAGE][PASSED] - ctdc.utilities.runtestcaseforKatalon.browserDriver is PASSED

2020-05-12 13:51:45 - [TEST_STEP][PASSED] - ctdc.utilities.runtestcaseforKatalon.RunKatalon("TC05_Canine_Filter_Diagnosis-Lymphoma.xlsx"): Data loaded from input file for the test case. 

2020-05-12 13:51:45 - [MESSAGE][PASSED] - Test case file loaded This is the full filepath after converting to string :C:\Users\radhakrishnang2\Desktop\Commons_Automation\InputFiles\TC05_Canine_Filter_Diagnosis-Lymphoma.xlsx

2020-05-12 13:51:45 - [MESSAGE][INFO] - Global variable set for password file is :  C:\Users\radhakrishnang2\Desktop\Commons_Automation\InputFiles\TC05_Canine_Filter_Diagnosis-Lymphoma.xlsx

2020-05-12 13:51:45 - [MESSAGE][PASSED] - Data loaded from input file for the test case. 

2020-05-12 13:51:54 - [TEST_STEP][PASSED] - click(findTestObject("Object Repository/Canine/Canine_Cases_Btn")): Object: 'Object Repository/Canine/Canine_Cases_Btn' is clicked on

2020-05-12 13:51:54 - [MESSAGE][PASSED] - Object: 'Object Repository/Canine/Canine_Cases_Btn' is clicked on

2020-05-12 13:51:54 - [TEST_STEP][PASSED] - click(findTestObject("Object Repository/Canine/Filter/Diagnosis/DIAGNOSIS_Ddn")): Object: 'Object Repository/Canine/Filter/Diagnosis/DIAGNOSIS_Ddn' is clicked on

2020-05-12 13:51:56 - [MESSAGE][PASSED] - Object: 'Object Repository/Canine/Filter/Diagnosis/DIAGNOSIS_Ddn' is clicked on

2020-05-12 13:51:56 - [TEST_STEP][PASSED] - click(findTestObject("Object Repository/Canine/Filter/Diagnosis/Lymphoma_Chkbx")): Object: 'Object Repository/Canine/Filter/Diagnosis/Lymphoma_Chkbx' is clicked on

2020-05-12 13:51:56 - [MESSAGE][PASSED] - Object: 'Object Repository/Canine/Filter/Diagnosis/Lymphoma_Chkbx' is clicked on

2020-05-12 13:51:56 - [TEST_STEP][PASSED] - ctdc.utilities.runtestcaseforKatalon.ReadCasesTableKatalon("Object Repository/Canine/Canine_CasesTable", "Object Repository/Canine/Canine_TableHeader", "Object Repository/Canine/Canine_NextBtn"): ctdc.utilities.runtestcaseforKatalon.ReadCasesTableKatalon is PASSED

2020-05-12 13:52:00 - [MESSAGE][PASSED] - ctdc.utilities.runtestcaseforKatalon.ReadCasesTableKatalon is PASSED

2020-05-12 13:52:00 - [TEST_STEP][PASSED] - ctdc.utilities.ReadExcel.Neo4j(): ctdc.utilities.ReadExcel.Neo4j is PASSED

2020-05-12 13:52:03 - [MESSAGE][PASSED] - ctdc.utilities.ReadExcel.Neo4j is PASSED

2020-05-12 13:52:03 - [TEST_STEP][PASSED] - ctdc.utilities.runtestcaseforKatalon.compareLists(): ctdc.utilities.runtestcaseforKatalon.compareLists is PASSED

2020-05-12 13:52:03 - [MESSAGE][PASSED] - ctdc.utilities.runtestcaseforKatalon.compareLists is PASSED

2020-05-12 13:52:05 - [TEST_STEP][PASSED] - Video: Video recording for test case 'Test Cases/Canine_TestCases/Diagnosis/TC05_Canine_Filter_Diagnosis-Lymphoma' .

2020-05-12 13:52:05 - [MESSAGE][INFO] - Video recording for test case 'Test Cases/Canine_TestCases/Diagnosis/TC05_Canine_Filter_Diagnosis-Lymphoma' .
[[ATTACHMENT|C:\\Users\\radhakrishnang2\\Desktop\\Commons_Automation\\Reports\\20200512_133335\\Canine_TestSuite\\20200512_133335/videos\\test_51.avi]]]]></system-out>
         <system-err><![CDATA[]]></system-err>
      </testcase>
      <testcase name="Test Cases/Canine_TestCases/Diagnosis/TC06_Canine_Filter_Diagnosis-LymphStg2" time="27.68" classname="Test Cases/Canine_TestCases/Diagnosis/TC06_Canine_Filter_Diagnosis-LymphStg2" status="PASSED">
         <system-out><![CDATA[2020-05-12 13:52:05 - [TEST_CASE][PASSED] - Test Cases/Canine_TestCases/Diagnosis/TC06_Canine_Filter_Diagnosis-LymphStg2: Test Cases/Canine_TestCases/Diagnosis/TC06_Canine_Filter_Diagnosis-LymphStg2

2020-05-12 13:52:06 - [TEST_STEP][PASSED] - openBrowser(""): Browser is opened with url: ''

2020-05-12 13:52:06 - [MESSAGE][WARNING] - A browser is already opened. Closing browser and opening a new one

2020-05-12 13:52:07 - [MESSAGE][INFO] - Starting 'Firefox (headless)' driver

2020-05-12 13:52:10 - [MESSAGE][PASSED] - Browser is opened with url: ''

2020-05-12 13:52:10 - [TEST_STEP][PASSED] - ctdc.utilities.runtestcaseforKatalon.browserDriver(""): ctdc.utilities.runtestcaseforKatalon.browserDriver is PASSED

2020-05-12 13:52:10 - [MESSAGE][PASSED] - ctdc.utilities.runtestcaseforKatalon.browserDriver is PASSED

2020-05-12 13:52:10 - [TEST_STEP][PASSED] - ctdc.utilities.runtestcaseforKatalon.RunKatalon("TC06_Canine_Filter_Diagnosis-LymphStg2.xlsx"): Data loaded from input file for the test case. 

2020-05-12 13:52:10 - [MESSAGE][PASSED] - Test case file loaded This is the full filepath after converting to string :C:\Users\radhakrishnang2\Desktop\Commons_Automation\InputFiles\TC06_Canine_Filter_Diagnosis-LymphStg2.xlsx

2020-05-12 13:52:10 - [MESSAGE][INFO] - Global variable set for password file is :  C:\Users\radhakrishnang2\Desktop\Commons_Automation\InputFiles\TC06_Canine_Filter_Diagnosis-LymphStg2.xlsx

2020-05-12 13:52:10 - [MESSAGE][PASSED] - Data loaded from input file for the test case. 

2020-05-12 13:52:25 - [TEST_STEP][PASSED] - click(findTestObject("Object Repository/Canine/Canine_Cases_Btn")): Object: 'Object Repository/Canine/Canine_Cases_Btn' is clicked on

2020-05-12 13:52:25 - [MESSAGE][PASSED] - Object: 'Object Repository/Canine/Canine_Cases_Btn' is clicked on

2020-05-12 13:52:25 - [TEST_STEP][PASSED] - click(findTestObject("Object Repository/Canine/Filter/Diagnosis/DIAGNOSIS_Ddn")): Object: 'Object Repository/Canine/Filter/Diagnosis/DIAGNOSIS_Ddn' is clicked on

2020-05-12 13:52:26 - [MESSAGE][PASSED] - Object: 'Object Repository/Canine/Filter/Diagnosis/DIAGNOSIS_Ddn' is clicked on

2020-05-12 13:52:26 - [TEST_STEP][PASSED] - click(findTestObject("Object Repository/Canine/Filter/Diagnosis/LymphStage2_Chkbx")): Object: 'Object Repository/Canine/Filter/Diagnosis/LymphStage2_Chkbx' is clicked on

2020-05-12 13:52:27 - [MESSAGE][PASSED] - Object: 'Object Repository/Canine/Filter/Diagnosis/LymphStage2_Chkbx' is clicked on

2020-05-12 13:52:27 - [TEST_STEP][PASSED] - ctdc.utilities.runtestcaseforKatalon.ReadCasesTableKatalon("Object Repository/Canine/Canine_CasesTable", "Object Repository/Canine/Canine_TableHeader", "Object Repository/Canine/Canine_NextBtn"): ctdc.utilities.runtestcaseforKatalon.ReadCasesTableKatalon is PASSED

2020-05-12 13:52:28 - [MESSAGE][PASSED] - ctdc.utilities.runtestcaseforKatalon.ReadCasesTableKatalon is PASSED

2020-05-12 13:52:28 - [TEST_STEP][PASSED] - ctdc.utilities.ReadExcel.Neo4j(): ctdc.utilities.ReadExcel.Neo4j is PASSED

2020-05-12 13:52:31 - [MESSAGE][PASSED] - ctdc.utilities.ReadExcel.Neo4j is PASSED

2020-05-12 13:52:31 - [TEST_STEP][PASSED] - ctdc.utilities.runtestcaseforKatalon.compareLists(): ctdc.utilities.runtestcaseforKatalon.compareLists is PASSED

2020-05-12 13:52:31 - [MESSAGE][PASSED] - ctdc.utilities.runtestcaseforKatalon.compareLists is PASSED

2020-05-12 13:52:33 - [TEST_STEP][PASSED] - Video: Video recording for test case 'Test Cases/Canine_TestCases/Diagnosis/TC06_Canine_Filter_Diagnosis-LymphStg2' .

2020-05-12 13:52:33 - [MESSAGE][INFO] - Video recording for test case 'Test Cases/Canine_TestCases/Diagnosis/TC06_Canine_Filter_Diagnosis-LymphStg2' .
[[ATTACHMENT|C:\\Users\\radhakrishnang2\\Desktop\\Commons_Automation\\Reports\\20200512_133335\\Canine_TestSuite\\20200512_133335/videos\\test_52.avi]]]]></system-out>
         <system-err><![CDATA[]]></system-err>
      </testcase>
      <testcase name="Test Cases/Canine_TestCases/Diagnosis/TC07_Canine_Filter_Diagnosis-LymphStg3" time="21.587" classname="Test Cases/Canine_TestCases/Diagnosis/TC07_Canine_Filter_Diagnosis-LymphStg3" status="PASSED">
         <system-out><![CDATA[2020-05-12 13:52:33 - [TEST_CASE][PASSED] - Test Cases/Canine_TestCases/Diagnosis/TC07_Canine_Filter_Diagnosis-LymphStg3: Test Cases/Canine_TestCases/Diagnosis/TC07_Canine_Filter_Diagnosis-LymphStg3

2020-05-12 13:52:33 - [TEST_STEP][PASSED] - openBrowser(""): Browser is opened with url: ''

2020-05-12 13:52:33 - [MESSAGE][WARNING] - A browser is already opened. Closing browser and opening a new one

2020-05-12 13:52:34 - [MESSAGE][INFO] - Starting 'Firefox (headless)' driver

2020-05-12 13:52:38 - [MESSAGE][PASSED] - Browser is opened with url: ''

2020-05-12 13:52:38 - [TEST_STEP][PASSED] - ctdc.utilities.runtestcaseforKatalon.browserDriver(""): ctdc.utilities.runtestcaseforKatalon.browserDriver is PASSED

2020-05-12 13:52:38 - [MESSAGE][PASSED] - ctdc.utilities.runtestcaseforKatalon.browserDriver is PASSED

2020-05-12 13:52:38 - [TEST_STEP][PASSED] - ctdc.utilities.runtestcaseforKatalon.RunKatalon("TC07_Canine_Filter_Diagnosis-LymphStg3.xlsx"): Data loaded from input file for the test case. 

2020-05-12 13:52:38 - [MESSAGE][PASSED] - Test case file loaded This is the full filepath after converting to string :C:\Users\radhakrishnang2\Desktop\Commons_Automation\InputFiles\TC07_Canine_Filter_Diagnosis-LymphStg3.xlsx

2020-05-12 13:52:38 - [MESSAGE][INFO] - Global variable set for password file is :  C:\Users\radhakrishnang2\Desktop\Commons_Automation\InputFiles\TC07_Canine_Filter_Diagnosis-LymphStg3.xlsx

2020-05-12 13:52:38 - [MESSAGE][PASSED] - Data loaded from input file for the test case. 

2020-05-12 13:52:43 - [TEST_STEP][PASSED] - click(findTestObject("Object Repository/Canine/Canine_Cases_Btn")): Object: 'Object Repository/Canine/Canine_Cases_Btn' is clicked on

2020-05-12 13:52:43 - [MESSAGE][PASSED] - Object: 'Object Repository/Canine/Canine_Cases_Btn' is clicked on

2020-05-12 13:52:43 - [TEST_STEP][PASSED] - click(findTestObject("Object Repository/Canine/Filter/Diagnosis/DIAGNOSIS_Ddn")): Object: 'Object Repository/Canine/Filter/Diagnosis/DIAGNOSIS_Ddn' is clicked on

2020-05-12 13:52:45 - [MESSAGE][PASSED] - Object: 'Object Repository/Canine/Filter/Diagnosis/DIAGNOSIS_Ddn' is clicked on

2020-05-12 13:52:45 - [TEST_STEP][PASSED] - click(findTestObject("Object Repository/Canine/Filter/Diagnosis/LymphStage3_Chkbx")): Object: 'Object Repository/Canine/Filter/Diagnosis/LymphStage3_Chkbx' is clicked on

2020-05-12 13:52:46 - [MESSAGE][PASSED] - Object: 'Object Repository/Canine/Filter/Diagnosis/LymphStage3_Chkbx' is clicked on

2020-05-12 13:52:46 - [TEST_STEP][PASSED] - ctdc.utilities.runtestcaseforKatalon.ReadCasesTableKatalon("Object Repository/Canine/Canine_CasesTable", "Object Repository/Canine/Canine_TableHeader", "Object Repository/Canine/Canine_NextBtn"): ctdc.utilities.runtestcaseforKatalon.ReadCasesTableKatalon is PASSED

2020-05-12 13:52:49 - [MESSAGE][PASSED] - ctdc.utilities.runtestcaseforKatalon.ReadCasesTableKatalon is PASSED

2020-05-12 13:52:49 - [TEST_STEP][PASSED] - ctdc.utilities.ReadExcel.Neo4j(): ctdc.utilities.ReadExcel.Neo4j is PASSED

2020-05-12 13:52:52 - [MESSAGE][PASSED] - ctdc.utilities.ReadExcel.Neo4j is PASSED

2020-05-12 13:52:52 - [TEST_STEP][PASSED] - ctdc.utilities.runtestcaseforKatalon.compareLists(): ctdc.utilities.runtestcaseforKatalon.compareLists is PASSED

2020-05-12 13:52:52 - [MESSAGE][PASSED] - ctdc.utilities.runtestcaseforKatalon.compareLists is PASSED

2020-05-12 13:52:55 - [TEST_STEP][PASSED] - Video: Video recording for test case 'Test Cases/Canine_TestCases/Diagnosis/TC07_Canine_Filter_Diagnosis-LymphStg3' .

2020-05-12 13:52:55 - [MESSAGE][INFO] - Video recording for test case 'Test Cases/Canine_TestCases/Diagnosis/TC07_Canine_Filter_Diagnosis-LymphStg3' .
[[ATTACHMENT|C:\\Users\\radhakrishnang2\\Desktop\\Commons_Automation\\Reports\\20200512_133335\\Canine_TestSuite\\20200512_133335/videos\\test_53.avi]]]]></system-out>
         <system-err><![CDATA[]]></system-err>
      </testcase>
      <testcase name="Test Cases/Canine_TestCases/Diagnosis/TC08_Canine_Filter_Diagnosis-LymphStg4" time="17.698" classname="Test Cases/Canine_TestCases/Diagnosis/TC08_Canine_Filter_Diagnosis-LymphStg4" status="PASSED">
         <system-out><![CDATA[2020-05-12 13:52:55 - [TEST_CASE][PASSED] - Test Cases/Canine_TestCases/Diagnosis/TC08_Canine_Filter_Diagnosis-LymphStg4: Test Cases/Canine_TestCases/Diagnosis/TC08_Canine_Filter_Diagnosis-LymphStg4

2020-05-12 13:52:55 - [TEST_STEP][PASSED] - openBrowser(""): Browser is opened with url: ''

2020-05-12 13:52:55 - [MESSAGE][WARNING] - A browser is already opened. Closing browser and opening a new one

2020-05-12 13:52:56 - [MESSAGE][INFO] - Starting 'Firefox (headless)' driver

2020-05-12 13:52:59 - [MESSAGE][PASSED] - Browser is opened with url: ''

2020-05-12 13:52:59 - [TEST_STEP][PASSED] - ctdc.utilities.runtestcaseforKatalon.browserDriver(""): ctdc.utilities.runtestcaseforKatalon.browserDriver is PASSED

2020-05-12 13:52:59 - [MESSAGE][PASSED] - ctdc.utilities.runtestcaseforKatalon.browserDriver is PASSED

2020-05-12 13:52:59 - [TEST_STEP][PASSED] - ctdc.utilities.runtestcaseforKatalon.RunKatalon("TC08_Canine_Filter_Diagnosis-LymphStg4.xlsx"): Data loaded from input file for the test case. 

2020-05-12 13:52:59 - [MESSAGE][PASSED] - Test case file loaded This is the full filepath after converting to string :C:\Users\radhakrishnang2\Desktop\Commons_Automation\InputFiles\TC08_Canine_Filter_Diagnosis-LymphStg4.xlsx

2020-05-12 13:52:59 - [MESSAGE][INFO] - Global variable set for password file is :  C:\Users\radhakrishnang2\Desktop\Commons_Automation\InputFiles\TC08_Canine_Filter_Diagnosis-LymphStg4.xlsx

2020-05-12 13:52:59 - [MESSAGE][PASSED] - Data loaded from input file for the test case. 

2020-05-12 13:53:03 - [TEST_STEP][PASSED] - click(findTestObject("Object Repository/Canine/Canine_Cases_Btn")): Object: 'Object Repository/Canine/Canine_Cases_Btn' is clicked on

2020-05-12 13:53:03 - [MESSAGE][PASSED] - Object: 'Object Repository/Canine/Canine_Cases_Btn' is clicked on

2020-05-12 13:53:03 - [TEST_STEP][PASSED] - click(findTestObject("Object Repository/Canine/Filter/Diagnosis/DIAGNOSIS_Ddn")): Object: 'Object Repository/Canine/Filter/Diagnosis/DIAGNOSIS_Ddn' is clicked on

2020-05-12 13:53:05 - [MESSAGE][PASSED] - Object: 'Object Repository/Canine/Filter/Diagnosis/DIAGNOSIS_Ddn' is clicked on

2020-05-12 13:53:05 - [TEST_STEP][PASSED] - click(findTestObject("Object Repository/Canine/Filter/Diagnosis/LymphStage4_Chkbx")): Object: 'Object Repository/Canine/Filter/Diagnosis/LymphStage4_Chkbx' is clicked on

2020-05-12 13:53:05 - [MESSAGE][PASSED] - Object: 'Object Repository/Canine/Filter/Diagnosis/LymphStage4_Chkbx' is clicked on

2020-05-12 13:53:05 - [TEST_STEP][PASSED] - ctdc.utilities.runtestcaseforKatalon.ReadCasesTableKatalon("Object Repository/Canine/Canine_CasesTable", "Object Repository/Canine/Canine_TableHeader", "Object Repository/Canine/Canine_NextBtn"): ctdc.utilities.runtestcaseforKatalon.ReadCasesTableKatalon is PASSED

2020-05-12 13:53:07 - [MESSAGE][PASSED] - ctdc.utilities.runtestcaseforKatalon.ReadCasesTableKatalon is PASSED

2020-05-12 13:53:07 - [TEST_STEP][PASSED] - ctdc.utilities.ReadExcel.Neo4j(): ctdc.utilities.ReadExcel.Neo4j is PASSED

2020-05-12 13:53:10 - [MESSAGE][PASSED] - ctdc.utilities.ReadExcel.Neo4j is PASSED

2020-05-12 13:53:10 - [TEST_STEP][PASSED] - ctdc.utilities.runtestcaseforKatalon.compareLists(): ctdc.utilities.runtestcaseforKatalon.compareLists is PASSED

2020-05-12 13:53:10 - [MESSAGE][PASSED] - ctdc.utilities.runtestcaseforKatalon.compareLists is PASSED

2020-05-12 13:53:12 - [TEST_STEP][PASSED] - Video: Video recording for test case 'Test Cases/Canine_TestCases/Diagnosis/TC08_Canine_Filter_Diagnosis-LymphStg4' .

2020-05-12 13:53:12 - [MESSAGE][INFO] - Video recording for test case 'Test Cases/Canine_TestCases/Diagnosis/TC08_Canine_Filter_Diagnosis-LymphStg4' .
[[ATTACHMENT|C:\\Users\\radhakrishnang2\\Desktop\\Commons_Automation\\Reports\\20200512_133335\\Canine_TestSuite\\20200512_133335/videos\\test_54.avi]]]]></system-out>
         <system-err><![CDATA[]]></system-err>
      </testcase>
      <testcase name="Test Cases/Canine_TestCases/Diagnosis/TC09_Canine_Filter_Diagnosis-LymphStg5" time="16.97" classname="Test Cases/Canine_TestCases/Diagnosis/TC09_Canine_Filter_Diagnosis-LymphStg5" status="PASSED">
         <system-out><![CDATA[2020-05-12 13:53:12 - [TEST_CASE][PASSED] - Test Cases/Canine_TestCases/Diagnosis/TC09_Canine_Filter_Diagnosis-LymphStg5: Test Cases/Canine_TestCases/Diagnosis/TC09_Canine_Filter_Diagnosis-LymphStg5

2020-05-12 13:53:13 - [TEST_STEP][PASSED] - openBrowser(""): Browser is opened with url: ''

2020-05-12 13:53:13 - [MESSAGE][WARNING] - A browser is already opened. Closing browser and opening a new one

2020-05-12 13:53:14 - [MESSAGE][INFO] - Starting 'Firefox (headless)' driver

2020-05-12 13:53:17 - [MESSAGE][PASSED] - Browser is opened with url: ''

2020-05-12 13:53:17 - [TEST_STEP][PASSED] - ctdc.utilities.runtestcaseforKatalon.browserDriver(""): ctdc.utilities.runtestcaseforKatalon.browserDriver is PASSED

2020-05-12 13:53:17 - [MESSAGE][PASSED] - ctdc.utilities.runtestcaseforKatalon.browserDriver is PASSED

2020-05-12 13:53:17 - [TEST_STEP][PASSED] - ctdc.utilities.runtestcaseforKatalon.RunKatalon("TC09_Canine_Filter_Diagnosis-LymphStg5.xlsx"): Data loaded from input file for the test case. 

2020-05-12 13:53:17 - [MESSAGE][PASSED] - Test case file loaded This is the full filepath after converting to string :C:\Users\radhakrishnang2\Desktop\Commons_Automation\InputFiles\TC09_Canine_Filter_Diagnosis-LymphStg5.xlsx

2020-05-12 13:53:17 - [MESSAGE][INFO] - Global variable set for password file is :  C:\Users\radhakrishnang2\Desktop\Commons_Automation\InputFiles\TC09_Canine_Filter_Diagnosis-LymphStg5.xlsx

2020-05-12 13:53:17 - [MESSAGE][PASSED] - Data loaded from input file for the test case. 

2020-05-12 13:53:20 - [TEST_STEP][PASSED] - click(findTestObject("Object Repository/Canine/Canine_Cases_Btn")): Object: 'Object Repository/Canine/Canine_Cases_Btn' is clicked on

2020-05-12 13:53:20 - [MESSAGE][PASSED] - Object: 'Object Repository/Canine/Canine_Cases_Btn' is clicked on

2020-05-12 13:53:20 - [TEST_STEP][PASSED] - click(findTestObject("Object Repository/Canine/Filter/Diagnosis/DIAGNOSIS_Ddn")): Object: 'Object Repository/Canine/Filter/Diagnosis/DIAGNOSIS_Ddn' is clicked on

2020-05-12 13:53:23 - [MESSAGE][PASSED] - Object: 'Object Repository/Canine/Filter/Diagnosis/DIAGNOSIS_Ddn' is clicked on

2020-05-12 13:53:23 - [TEST_STEP][PASSED] - click(findTestObject("Object Repository/Canine/Filter/Diagnosis/LymphStage5_Chkbx")): Object: 'Object Repository/Canine/Filter/Diagnosis/LymphStage5_Chkbx' is clicked on

2020-05-12 13:53:23 - [MESSAGE][PASSED] - Object: 'Object Repository/Canine/Filter/Diagnosis/LymphStage5_Chkbx' is clicked on

2020-05-12 13:53:23 - [TEST_STEP][PASSED] - ctdc.utilities.runtestcaseforKatalon.ReadCasesTableKatalon("Object Repository/Canine/Canine_CasesTable", "Object Repository/Canine/Canine_TableHeader", "Object Repository/Canine/Canine_NextBtn"): ctdc.utilities.runtestcaseforKatalon.ReadCasesTableKatalon is PASSED

2020-05-12 13:53:24 - [MESSAGE][PASSED] - ctdc.utilities.runtestcaseforKatalon.ReadCasesTableKatalon is PASSED

2020-05-12 13:53:24 - [TEST_STEP][PASSED] - ctdc.utilities.ReadExcel.Neo4j(): ctdc.utilities.ReadExcel.Neo4j is PASSED

2020-05-12 13:53:27 - [MESSAGE][PASSED] - ctdc.utilities.ReadExcel.Neo4j is PASSED

2020-05-12 13:53:27 - [TEST_STEP][PASSED] - ctdc.utilities.runtestcaseforKatalon.compareLists(): ctdc.utilities.runtestcaseforKatalon.compareLists is PASSED

2020-05-12 13:53:27 - [MESSAGE][PASSED] - ctdc.utilities.runtestcaseforKatalon.compareLists is PASSED

2020-05-12 13:53:29 - [TEST_STEP][PASSED] - Video: Video recording for test case 'Test Cases/Canine_TestCases/Diagnosis/TC09_Canine_Filter_Diagnosis-LymphStg5' .

2020-05-12 13:53:29 - [MESSAGE][INFO] - Video recording for test case 'Test Cases/Canine_TestCases/Diagnosis/TC09_Canine_Filter_Diagnosis-LymphStg5' .
[[ATTACHMENT|C:\\Users\\radhakrishnang2\\Desktop\\Commons_Automation\\Reports\\20200512_133335\\Canine_TestSuite\\20200512_133335/videos\\test_55.avi]]]]></system-out>
         <system-err><![CDATA[]]></system-err>
      </testcase>
      <testcase name="Test Cases/Canine_TestCases/Diagnosis/TC10_Canine_Filter_Diagnosis-LymphGranulo" time="16.786" classname="Test Cases/Canine_TestCases/Diagnosis/TC10_Canine_Filter_Diagnosis-LymphGranulo" status="PASSED">
         <system-out><![CDATA[2020-05-12 13:53:29 - [TEST_CASE][PASSED] - Test Cases/Canine_TestCases/Diagnosis/TC10_Canine_Filter_Diagnosis-LymphGranulo: Test Cases/Canine_TestCases/Diagnosis/TC10_Canine_Filter_Diagnosis-LymphGranulo

2020-05-12 13:53:30 - [TEST_STEP][PASSED] - openBrowser(""): Browser is opened with url: ''

2020-05-12 13:53:30 - [MESSAGE][WARNING] - A browser is already opened. Closing browser and opening a new one

2020-05-12 13:53:31 - [MESSAGE][INFO] - Starting 'Firefox (headless)' driver

2020-05-12 13:53:34 - [MESSAGE][PASSED] - Browser is opened with url: ''

2020-05-12 13:53:34 - [TEST_STEP][PASSED] - ctdc.utilities.runtestcaseforKatalon.browserDriver(""): ctdc.utilities.runtestcaseforKatalon.browserDriver is PASSED

2020-05-12 13:53:34 - [MESSAGE][PASSED] - ctdc.utilities.runtestcaseforKatalon.browserDriver is PASSED

2020-05-12 13:53:34 - [TEST_STEP][PASSED] - ctdc.utilities.runtestcaseforKatalon.RunKatalon("TC10_Canine_Filter_Diagnosis-LymphGranulo.xlsx"): Data loaded from input file for the test case. 

2020-05-12 13:53:34 - [MESSAGE][PASSED] - Test case file loaded This is the full filepath after converting to string :C:\Users\radhakrishnang2\Desktop\Commons_Automation\InputFiles\TC10_Canine_Filter_Diagnosis-LymphGranulo.xlsx

2020-05-12 13:53:34 - [MESSAGE][INFO] - Global variable set for password file is :  C:\Users\radhakrishnang2\Desktop\Commons_Automation\InputFiles\TC10_Canine_Filter_Diagnosis-LymphGranulo.xlsx

2020-05-12 13:53:34 - [MESSAGE][PASSED] - Data loaded from input file for the test case. 

2020-05-12 13:53:37 - [TEST_STEP][PASSED] - click(findTestObject("Object Repository/Canine/Canine_Cases_Btn")): Object: 'Object Repository/Canine/Canine_Cases_Btn' is clicked on

2020-05-12 13:53:37 - [MESSAGE][PASSED] - Object: 'Object Repository/Canine/Canine_Cases_Btn' is clicked on

2020-05-12 13:53:37 - [TEST_STEP][PASSED] - click(findTestObject("Object Repository/Canine/Filter/Diagnosis/DIAGNOSIS_Ddn")): Object: 'Object Repository/Canine/Filter/Diagnosis/DIAGNOSIS_Ddn' is clicked on

2020-05-12 13:53:39 - [MESSAGE][PASSED] - Object: 'Object Repository/Canine/Filter/Diagnosis/DIAGNOSIS_Ddn' is clicked on

2020-05-12 13:53:39 - [TEST_STEP][PASSED] - click(findTestObject("Object Repository/Canine/Filter/Diagnosis/LymphoGranulo_Chkbx")): Object: 'Object Repository/Canine/Filter/Diagnosis/LymphoGranulo_Chkbx' is clicked on

2020-05-12 13:53:39 - [MESSAGE][PASSED] - Object: 'Object Repository/Canine/Filter/Diagnosis/LymphoGranulo_Chkbx' is clicked on

2020-05-12 13:53:39 - [TEST_STEP][PASSED] - ctdc.utilities.runtestcaseforKatalon.ReadCasesTableKatalon("Object Repository/Canine/Canine_CasesTable", "Object Repository/Canine/Canine_TableHeader", "Object Repository/Canine/Canine_NextBtn"): ctdc.utilities.runtestcaseforKatalon.ReadCasesTableKatalon is PASSED

2020-05-12 13:53:41 - [MESSAGE][PASSED] - ctdc.utilities.runtestcaseforKatalon.ReadCasesTableKatalon is PASSED

2020-05-12 13:53:41 - [TEST_STEP][PASSED] - ctdc.utilities.ReadExcel.Neo4j(): ctdc.utilities.ReadExcel.Neo4j is PASSED

2020-05-12 13:53:44 - [MESSAGE][PASSED] - ctdc.utilities.ReadExcel.Neo4j is PASSED

2020-05-12 13:53:44 - [TEST_STEP][PASSED] - ctdc.utilities.runtestcaseforKatalon.compareLists(): ctdc.utilities.runtestcaseforKatalon.compareLists is PASSED

2020-05-12 13:53:44 - [MESSAGE][PASSED] - ctdc.utilities.runtestcaseforKatalon.compareLists is PASSED

2020-05-12 13:53:46 - [TEST_STEP][PASSED] - Video: Video recording for test case 'Test Cases/Canine_TestCases/Diagnosis/TC10_Canine_Filter_Diagnosis-LymphGranulo' .

2020-05-12 13:53:46 - [MESSAGE][INFO] - Video recording for test case 'Test Cases/Canine_TestCases/Diagnosis/TC10_Canine_Filter_Diagnosis-LymphGranulo' .
[[ATTACHMENT|C:\\Users\\radhakrishnang2\\Desktop\\Commons_Automation\\Reports\\20200512_133335\\Canine_TestSuite\\20200512_133335/videos\\test_56.avi]]]]></system-out>
         <system-err><![CDATA[]]></system-err>
      </testcase>
      <testcase name="Test Cases/Canine_TestCases/Diagnosis/TC11_Canine_Filter_Diagnosis-MaligLymph" time="27.141" classname="Test Cases/Canine_TestCases/Diagnosis/TC11_Canine_Filter_Diagnosis-MaligLymph" status="PASSED">
         <system-out><![CDATA[2020-05-12 13:53:46 - [TEST_CASE][PASSED] - Test Cases/Canine_TestCases/Diagnosis/TC11_Canine_Filter_Diagnosis-MaligLymph: Test Cases/Canine_TestCases/Diagnosis/TC11_Canine_Filter_Diagnosis-MaligLymph

2020-05-12 13:53:46 - [TEST_STEP][PASSED] - openBrowser(""): Browser is opened with url: ''

2020-05-12 13:53:46 - [MESSAGE][WARNING] - A browser is already opened. Closing browser and opening a new one

2020-05-12 13:53:47 - [MESSAGE][INFO] - Starting 'Firefox (headless)' driver

2020-05-12 13:53:51 - [MESSAGE][PASSED] - Browser is opened with url: ''

2020-05-12 13:53:51 - [TEST_STEP][PASSED] - ctdc.utilities.runtestcaseforKatalon.browserDriver(""): ctdc.utilities.runtestcaseforKatalon.browserDriver is PASSED

2020-05-12 13:53:51 - [MESSAGE][PASSED] - ctdc.utilities.runtestcaseforKatalon.browserDriver is PASSED

2020-05-12 13:53:51 - [TEST_STEP][PASSED] - ctdc.utilities.runtestcaseforKatalon.RunKatalon("TC11_Canine_Filter_Diagnosis-MaligLymph.xlsx"): Data loaded from input file for the test case. 

2020-05-12 13:53:51 - [MESSAGE][PASSED] - Test case file loaded This is the full filepath after converting to string :C:\Users\radhakrishnang2\Desktop\Commons_Automation\InputFiles\TC11_Canine_Filter_Diagnosis-MaligLymph.xlsx

2020-05-12 13:53:51 - [MESSAGE][INFO] - Global variable set for password file is :  C:\Users\radhakrishnang2\Desktop\Commons_Automation\InputFiles\TC11_Canine_Filter_Diagnosis-MaligLymph.xlsx

2020-05-12 13:53:51 - [MESSAGE][PASSED] - Data loaded from input file for the test case. 

2020-05-12 13:54:03 - [TEST_STEP][PASSED] - click(findTestObject("Object Repository/Canine/Canine_Cases_Btn")): Object: 'Object Repository/Canine/Canine_Cases_Btn' is clicked on

2020-05-12 13:54:03 - [MESSAGE][PASSED] - Object: 'Object Repository/Canine/Canine_Cases_Btn' is clicked on

2020-05-12 13:54:03 - [TEST_STEP][PASSED] - click(findTestObject("Object Repository/Canine/Filter/Diagnosis/DIAGNOSIS_Ddn")): Object: 'Object Repository/Canine/Filter/Diagnosis/DIAGNOSIS_Ddn' is clicked on

2020-05-12 13:54:06 - [MESSAGE][PASSED] - Object: 'Object Repository/Canine/Filter/Diagnosis/DIAGNOSIS_Ddn' is clicked on

2020-05-12 13:54:06 - [TEST_STEP][PASSED] - click(findTestObject("Object Repository/Canine/Filter/Diagnosis/MaligLympho_Chkbx")): Object: 'Object Repository/Canine/Filter/Diagnosis/MaligLympho_Chkbx' is clicked on

2020-05-12 13:54:06 - [MESSAGE][PASSED] - Object: 'Object Repository/Canine/Filter/Diagnosis/MaligLympho_Chkbx' is clicked on

2020-05-12 13:54:06 - [TEST_STEP][PASSED] - ctdc.utilities.runtestcaseforKatalon.ReadCasesTableKatalon("Object Repository/Canine/Canine_CasesTable", "Object Repository/Canine/Canine_TableHeader", "Object Repository/Canine/Canine_NextBtn"): ctdc.utilities.runtestcaseforKatalon.ReadCasesTableKatalon is PASSED

2020-05-12 13:54:08 - [MESSAGE][PASSED] - ctdc.utilities.runtestcaseforKatalon.ReadCasesTableKatalon is PASSED

2020-05-12 13:54:08 - [TEST_STEP][PASSED] - ctdc.utilities.ReadExcel.Neo4j(): ctdc.utilities.ReadExcel.Neo4j is PASSED

2020-05-12 13:54:11 - [MESSAGE][PASSED] - ctdc.utilities.ReadExcel.Neo4j is PASSED

2020-05-12 13:54:11 - [TEST_STEP][PASSED] - ctdc.utilities.runtestcaseforKatalon.compareLists(): ctdc.utilities.runtestcaseforKatalon.compareLists is PASSED

2020-05-12 13:54:11 - [MESSAGE][PASSED] - ctdc.utilities.runtestcaseforKatalon.compareLists is PASSED

2020-05-12 13:54:13 - [TEST_STEP][PASSED] - Video: Video recording for test case 'Test Cases/Canine_TestCases/Diagnosis/TC11_Canine_Filter_Diagnosis-MaligLymph' .

2020-05-12 13:54:13 - [MESSAGE][INFO] - Video recording for test case 'Test Cases/Canine_TestCases/Diagnosis/TC11_Canine_Filter_Diagnosis-MaligLymph' .
[[ATTACHMENT|C:\\Users\\radhakrishnang2\\Desktop\\Commons_Automation\\Reports\\20200512_133335\\Canine_TestSuite\\20200512_133335/videos\\test_57.avi]]]]></system-out>
         <system-err><![CDATA[]]></system-err>
      </testcase>
      <testcase name="Test Cases/Canine_TestCases/Diagnosis/TC12_Canine_Filter_Diagnosis-MaligMetastatic" time="19.942" classname="Test Cases/Canine_TestCases/Diagnosis/TC12_Canine_Filter_Diagnosis-MaligMetastatic" status="PASSED">
         <system-out><![CDATA[2020-05-12 13:54:13 - [TEST_CASE][PASSED] - Test Cases/Canine_TestCases/Diagnosis/TC12_Canine_Filter_Diagnosis-MaligMetastatic: Test Cases/Canine_TestCases/Diagnosis/TC12_Canine_Filter_Diagnosis-MaligMetastatic

2020-05-12 13:54:14 - [TEST_STEP][PASSED] - openBrowser(""): Browser is opened with url: ''

2020-05-12 13:54:14 - [MESSAGE][WARNING] - A browser is already opened. Closing browser and opening a new one

2020-05-12 13:54:15 - [MESSAGE][INFO] - Starting 'Firefox (headless)' driver

2020-05-12 13:54:18 - [MESSAGE][PASSED] - Browser is opened with url: ''

2020-05-12 13:54:18 - [TEST_STEP][PASSED] - ctdc.utilities.runtestcaseforKatalon.browserDriver(""): ctdc.utilities.runtestcaseforKatalon.browserDriver is PASSED

2020-05-12 13:54:18 - [MESSAGE][PASSED] - ctdc.utilities.runtestcaseforKatalon.browserDriver is PASSED

2020-05-12 13:54:18 - [TEST_STEP][PASSED] - ctdc.utilities.runtestcaseforKatalon.RunKatalon("TC12_Canine_Filter_Diagnosis-MaligMetastatic.xlsx"): Data loaded from input file for the test case. 

2020-05-12 13:54:18 - [MESSAGE][PASSED] - Test case file loaded This is the full filepath after converting to string :C:\Users\radhakrishnang2\Desktop\Commons_Automation\InputFiles\TC12_Canine_Filter_Diagnosis-MaligMetastatic.xlsx

2020-05-12 13:54:18 - [MESSAGE][INFO] - Global variable set for password file is :  C:\Users\radhakrishnang2\Desktop\Commons_Automation\InputFiles\TC12_Canine_Filter_Diagnosis-MaligMetastatic.xlsx

2020-05-12 13:54:18 - [MESSAGE][PASSED] - Data loaded from input file for the test case. 

2020-05-12 13:54:24 - [TEST_STEP][PASSED] - click(findTestObject("Object Repository/Canine/Canine_Cases_Btn")): Object: 'Object Repository/Canine/Canine_Cases_Btn' is clicked on

2020-05-12 13:54:25 - [MESSAGE][PASSED] - Object: 'Object Repository/Canine/Canine_Cases_Btn' is clicked on

2020-05-12 13:54:25 - [TEST_STEP][PASSED] - click(findTestObject("Object Repository/Canine/Filter/Diagnosis/DIAGNOSIS_Ddn")): Object: 'Object Repository/Canine/Filter/Diagnosis/DIAGNOSIS_Ddn' is clicked on

2020-05-12 13:54:26 - [MESSAGE][PASSED] - Object: 'Object Repository/Canine/Filter/Diagnosis/DIAGNOSIS_Ddn' is clicked on

2020-05-12 13:54:26 - [TEST_STEP][PASSED] - click(findTestObject("Object Repository/Canine/Filter/Diagnosis/MaligNeoMetastatic_Chkbx")): Object: 'Object Repository/Canine/Filter/Diagnosis/MaligNeoMetastatic_Chkbx' is clicked on

2020-05-12 13:54:27 - [MESSAGE][PASSED] - Object: 'Object Repository/Canine/Filter/Diagnosis/MaligNeoMetastatic_Chkbx' is clicked on

2020-05-12 13:54:27 - [TEST_STEP][PASSED] - ctdc.utilities.runtestcaseforKatalon.ReadCasesTableKatalon("Object Repository/Canine/Canine_CasesTable", "Object Repository/Canine/Canine_TableHeader", "Object Repository/Canine/Canine_NextBtn"): ctdc.utilities.runtestcaseforKatalon.ReadCasesTableKatalon is PASSED

2020-05-12 13:54:28 - [MESSAGE][PASSED] - ctdc.utilities.runtestcaseforKatalon.ReadCasesTableKatalon is PASSED

2020-05-12 13:54:28 - [TEST_STEP][PASSED] - ctdc.utilities.ReadExcel.Neo4j(): ctdc.utilities.ReadExcel.Neo4j is PASSED

2020-05-12 13:54:31 - [MESSAGE][PASSED] - ctdc.utilities.ReadExcel.Neo4j is PASSED

2020-05-12 13:54:31 - [TEST_STEP][PASSED] - ctdc.utilities.runtestcaseforKatalon.compareLists(): ctdc.utilities.runtestcaseforKatalon.compareLists is PASSED

2020-05-12 13:54:31 - [MESSAGE][PASSED] - ctdc.utilities.runtestcaseforKatalon.compareLists is PASSED

2020-05-12 13:54:33 - [TEST_STEP][PASSED] - Video: Video recording for test case 'Test Cases/Canine_TestCases/Diagnosis/TC12_Canine_Filter_Diagnosis-MaligMetastatic' .

2020-05-12 13:54:33 - [MESSAGE][INFO] - Video recording for test case 'Test Cases/Canine_TestCases/Diagnosis/TC12_Canine_Filter_Diagnosis-MaligMetastatic' .
[[ATTACHMENT|C:\\Users\\radhakrishnang2\\Desktop\\Commons_Automation\\Reports\\20200512_133335\\Canine_TestSuite\\20200512_133335/videos\\test_58.avi]]]]></system-out>
         <system-err><![CDATA[]]></system-err>
      </testcase>
      <testcase name="Test Cases/Canine_TestCases/Diagnosis/TC13_Canine_Filter_Diagnosis-MaligSingle" time="19.013" classname="Test Cases/Canine_TestCases/Diagnosis/TC13_Canine_Filter_Diagnosis-MaligSingle" status="PASSED">
         <system-out><![CDATA[2020-05-12 13:54:33 - [TEST_CASE][PASSED] - Test Cases/Canine_TestCases/Diagnosis/TC13_Canine_Filter_Diagnosis-MaligSingle: Test Cases/Canine_TestCases/Diagnosis/TC13_Canine_Filter_Diagnosis-MaligSingle

2020-05-12 13:54:33 - [TEST_STEP][PASSED] - openBrowser(""): Browser is opened with url: ''

2020-05-12 13:54:33 - [MESSAGE][WARNING] - A browser is already opened. Closing browser and opening a new one

2020-05-12 13:54:34 - [MESSAGE][INFO] - Starting 'Firefox (headless)' driver

2020-05-12 13:54:38 - [MESSAGE][PASSED] - Browser is opened with url: ''

2020-05-12 13:54:38 - [TEST_STEP][PASSED] - ctdc.utilities.runtestcaseforKatalon.browserDriver(""): ctdc.utilities.runtestcaseforKatalon.browserDriver is PASSED

2020-05-12 13:54:38 - [MESSAGE][PASSED] - ctdc.utilities.runtestcaseforKatalon.browserDriver is PASSED

2020-05-12 13:54:38 - [TEST_STEP][PASSED] - ctdc.utilities.runtestcaseforKatalon.RunKatalon("TC13_Canine_Filter_Diagnosis-MaligSingle.xlsx"): Data loaded from input file for the test case. 

2020-05-12 13:54:38 - [MESSAGE][PASSED] - Test case file loaded This is the full filepath after converting to string :C:\Users\radhakrishnang2\Desktop\Commons_Automation\InputFiles\TC13_Canine_Filter_Diagnosis-MaligSingle.xlsx

2020-05-12 13:54:38 - [MESSAGE][INFO] - Global variable set for password file is :  C:\Users\radhakrishnang2\Desktop\Commons_Automation\InputFiles\TC13_Canine_Filter_Diagnosis-MaligSingle.xlsx

2020-05-12 13:54:38 - [MESSAGE][PASSED] - Data loaded from input file for the test case. 

2020-05-12 13:54:42 - [TEST_STEP][PASSED] - click(findTestObject("Object Repository/Canine/Canine_Cases_Btn")): Object: 'Object Repository/Canine/Canine_Cases_Btn' is clicked on

2020-05-12 13:54:42 - [MESSAGE][PASSED] - Object: 'Object Repository/Canine/Canine_Cases_Btn' is clicked on

2020-05-12 13:54:42 - [TEST_STEP][PASSED] - click(findTestObject("Object Repository/Canine/Filter/Diagnosis/DIAGNOSIS_Ddn")): Object: 'Object Repository/Canine/Filter/Diagnosis/DIAGNOSIS_Ddn' is clicked on

2020-05-12 13:54:44 - [MESSAGE][PASSED] - Object: 'Object Repository/Canine/Filter/Diagnosis/DIAGNOSIS_Ddn' is clicked on

2020-05-12 13:54:44 - [TEST_STEP][PASSED] - click(findTestObject("Object Repository/Canine/Filter/Diagnosis/MaligNeoSingle_Chkbx")): Object: 'Object Repository/Canine/Filter/Diagnosis/MaligNeoSingle_Chkbx' is clicked on

2020-05-12 13:54:45 - [MESSAGE][PASSED] - Object: 'Object Repository/Canine/Filter/Diagnosis/MaligNeoSingle_Chkbx' is clicked on

2020-05-12 13:54:45 - [TEST_STEP][PASSED] - ctdc.utilities.runtestcaseforKatalon.ReadCasesTableKatalon("Object Repository/Canine/Canine_CasesTable", "Object Repository/Canine/Canine_TableHeader", "Object Repository/Canine/Canine_NextBtn"): ctdc.utilities.runtestcaseforKatalon.ReadCasesTableKatalon is PASSED

2020-05-12 13:54:47 - [MESSAGE][PASSED] - ctdc.utilities.runtestcaseforKatalon.ReadCasesTableKatalon is PASSED

2020-05-12 13:54:47 - [TEST_STEP][PASSED] - ctdc.utilities.ReadExcel.Neo4j(): ctdc.utilities.ReadExcel.Neo4j is PASSED

2020-05-12 13:54:50 - [MESSAGE][PASSED] - ctdc.utilities.ReadExcel.Neo4j is PASSED

2020-05-12 13:54:50 - [TEST_STEP][PASSED] - ctdc.utilities.runtestcaseforKatalon.compareLists(): ctdc.utilities.runtestcaseforKatalon.compareLists is PASSED

2020-05-12 13:54:50 - [MESSAGE][PASSED] - ctdc.utilities.runtestcaseforKatalon.compareLists is PASSED

2020-05-12 13:54:52 - [TEST_STEP][PASSED] - Video: Video recording for test case 'Test Cases/Canine_TestCases/Diagnosis/TC13_Canine_Filter_Diagnosis-MaligSingle' .

2020-05-12 13:54:52 - [MESSAGE][INFO] - Video recording for test case 'Test Cases/Canine_TestCases/Diagnosis/TC13_Canine_Filter_Diagnosis-MaligSingle' .
[[ATTACHMENT|C:\\Users\\radhakrishnang2\\Desktop\\Commons_Automation\\Reports\\20200512_133335\\Canine_TestSuite\\20200512_133335/videos\\test_59.avi]]]]></system-out>
         <system-err><![CDATA[]]></system-err>
      </testcase>
      <testcase name="Test Cases/Canine_TestCases/Diagnosis/TC14_Canine_Filter_Diagnosis-MultiLymph" time="18.749" classname="Test Cases/Canine_TestCases/Diagnosis/TC14_Canine_Filter_Diagnosis-MultiLymph" status="PASSED">
         <system-out><![CDATA[2020-05-12 13:54:52 - [TEST_CASE][PASSED] - Test Cases/Canine_TestCases/Diagnosis/TC14_Canine_Filter_Diagnosis-MultiLymph: Test Cases/Canine_TestCases/Diagnosis/TC14_Canine_Filter_Diagnosis-MultiLymph

2020-05-12 13:54:53 - [TEST_STEP][PASSED] - openBrowser(""): Browser is opened with url: ''

2020-05-12 13:54:53 - [MESSAGE][WARNING] - A browser is already opened. Closing browser and opening a new one

2020-05-12 13:54:54 - [MESSAGE][INFO] - Starting 'Firefox (headless)' driver

2020-05-12 13:54:57 - [MESSAGE][PASSED] - Browser is opened with url: ''

2020-05-12 13:54:57 - [TEST_STEP][PASSED] - ctdc.utilities.runtestcaseforKatalon.browserDriver(""): ctdc.utilities.runtestcaseforKatalon.browserDriver is PASSED

2020-05-12 13:54:57 - [MESSAGE][PASSED] - ctdc.utilities.runtestcaseforKatalon.browserDriver is PASSED

2020-05-12 13:54:57 - [TEST_STEP][PASSED] - ctdc.utilities.runtestcaseforKatalon.RunKatalon("TC14_Canine_Filter_Diagnosis-MultiLymph.xlsx"): Data loaded from input file for the test case. 

2020-05-12 13:54:57 - [MESSAGE][PASSED] - Test case file loaded This is the full filepath after converting to string :C:\Users\radhakrishnang2\Desktop\Commons_Automation\InputFiles\TC14_Canine_Filter_Diagnosis-MultiLymph.xlsx

2020-05-12 13:54:57 - [MESSAGE][INFO] - Global variable set for password file is :  C:\Users\radhakrishnang2\Desktop\Commons_Automation\InputFiles\TC14_Canine_Filter_Diagnosis-MultiLymph.xlsx

2020-05-12 13:54:57 - [MESSAGE][PASSED] - Data loaded from input file for the test case. 

2020-05-12 13:55:01 - [TEST_STEP][PASSED] - click(findTestObject("Object Repository/Canine/Canine_Cases_Btn")): Object: 'Object Repository/Canine/Canine_Cases_Btn' is clicked on

2020-05-12 13:55:01 - [MESSAGE][PASSED] - Object: 'Object Repository/Canine/Canine_Cases_Btn' is clicked on

2020-05-12 13:55:01 - [TEST_STEP][PASSED] - click(findTestObject("Object Repository/Canine/Filter/Diagnosis/DIAGNOSIS_Ddn")): Object: 'Object Repository/Canine/Filter/Diagnosis/DIAGNOSIS_Ddn' is clicked on

2020-05-12 13:55:03 - [MESSAGE][PASSED] - Object: 'Object Repository/Canine/Filter/Diagnosis/DIAGNOSIS_Ddn' is clicked on

2020-05-12 13:55:03 - [TEST_STEP][PASSED] - click(findTestObject("Object Repository/Canine/Filter/Diagnosis/MulticenLympho_Chkbx")): Object: 'Object Repository/Canine/Filter/Diagnosis/MulticenLympho_Chkbx' is clicked on

2020-05-12 13:55:04 - [MESSAGE][PASSED] - Object: 'Object Repository/Canine/Filter/Diagnosis/MulticenLympho_Chkbx' is clicked on

2020-05-12 13:55:04 - [TEST_STEP][PASSED] - ctdc.utilities.runtestcaseforKatalon.ReadCasesTableKatalon("Object Repository/Canine/Canine_CasesTable", "Object Repository/Canine/Canine_TableHeader", "Object Repository/Canine/Canine_NextBtn"): ctdc.utilities.runtestcaseforKatalon.ReadCasesTableKatalon is PASSED

2020-05-12 13:55:06 - [MESSAGE][PASSED] - ctdc.utilities.runtestcaseforKatalon.ReadCasesTableKatalon is PASSED

2020-05-12 13:55:06 - [TEST_STEP][PASSED] - ctdc.utilities.ReadExcel.Neo4j(): ctdc.utilities.ReadExcel.Neo4j is PASSED

2020-05-12 13:55:09 - [MESSAGE][PASSED] - ctdc.utilities.ReadExcel.Neo4j is PASSED

2020-05-12 13:55:09 - [TEST_STEP][PASSED] - ctdc.utilities.runtestcaseforKatalon.compareLists(): ctdc.utilities.runtestcaseforKatalon.compareLists is PASSED

2020-05-12 13:55:09 - [MESSAGE][PASSED] - ctdc.utilities.runtestcaseforKatalon.compareLists is PASSED

2020-05-12 13:55:11 - [TEST_STEP][PASSED] - Video: Video recording for test case 'Test Cases/Canine_TestCases/Diagnosis/TC14_Canine_Filter_Diagnosis-MultiLymph' .

2020-05-12 13:55:11 - [MESSAGE][INFO] - Video recording for test case 'Test Cases/Canine_TestCases/Diagnosis/TC14_Canine_Filter_Diagnosis-MultiLymph' .
[[ATTACHMENT|C:\\Users\\radhakrishnang2\\Desktop\\Commons_Automation\\Reports\\20200512_133335\\Canine_TestSuite\\20200512_133335/videos\\test_60.avi]]]]></system-out>
         <system-err><![CDATA[]]></system-err>
      </testcase>
      <testcase name="Test Cases/Canine_TestCases/Diagnosis/TC15_Canine_Filter_Diagnosis-NotSpecified" time="13.281" classname="Test Cases/Canine_TestCases/Diagnosis/TC15_Canine_Filter_Diagnosis-NotSpecified" status="FAILED">
         <failure type="FAILED" message="Test Cases/Canine_TestCases/Diagnosis/TC15_Canine_Filter_Diagnosis-NotSpecified FAILED.
Reason:
com.kms.katalon.core.exception.StepFailedException: Unable to click on object 'Object Repository/Canine/Filter/Diagnosis/NotSpecified_Chkbx'
	at com.kms.katalon.core.webui.keyword.internal.WebUIKeywordMain.stepFailed(WebUIKeywordMain.groovy:64)
	at com.kms.katalon.core.webui.keyword.internal.WebUIKeywordMain.runKeyword(WebUIKeywordMain.groovy:26)
	at com.kms.katalon.core.webui.keyword.builtin.ClickKeyword.click(ClickKeyword.groovy:76)
	at com.kms.katalon.core.webui.keyword.builtin.ClickKeyword.execute(ClickKeyword.groovy:43)
	at com.kms.katalon.core.keyword.internal.KeywordExecutor.executeKeywordForPlatform(KeywordExecutor.groovy:72)
	at com.kms.katalon.core.webui.keyword.WebUiBuiltInKeywords.click(WebUiBuiltInKeywords.groovy:616)
	at com.kms.katalon.core.webui.keyword.WebUiBuiltInKeywords$click$0.call(Unknown Source)
	at TC15_Canine_Filter_Diagnosis-NotSpecified.run(TC15_Canine_Filter_Diagnosis-NotSpecified:51)
	at com.kms.katalon.core.main.ScriptEngine.run(ScriptEngine.java:194)
	at com.kms.katalon.core.main.ScriptEngine.runScriptAsRawText(ScriptEngine.java:119)
	at com.kms.katalon.core.main.TestCaseExecutor.runScript(TestCaseExecutor.java:337)
	at com.kms.katalon.core.main.TestCaseExecutor.doExecute(TestCaseExecutor.java:328)
	at com.kms.katalon.core.main.TestCaseExecutor.processExecutionPhase(TestCaseExecutor.java:307)
	at com.kms.katalon.core.main.TestCaseExecutor.accessMainPhase(TestCaseExecutor.java:299)
	at com.kms.katalon.core.main.TestCaseExecutor.execute(TestCaseExecutor.java:233)
	at com.kms.katalon.core.main.TestSuiteExecutor.accessTestCaseMainPhase(TestSuiteExecutor.java:169)
	at com.kms.katalon.core.main.TestSuiteExecutor.accessTestSuiteMainPhase(TestSuiteExecutor.java:142)
	at com.kms.katalon.core.main.TestSuiteExecutor.execute(TestSuiteExecutor.java:91)
	at com.kms.katalon.core.main.TestCaseMain.startTestSuite(TestCaseMain.java:157)
	at com.kms.katalon.core.main.TestCaseMain$startTestSuite$0.call(Unknown Source)
	at TempTestSuite1589315615572.run(TempTestSuite1589315615572.groovy:36)
Caused by: org.openqa.selenium.ElementNotInteractableException: Element &lt;span class=&quot;jss91&quot;> could not be scrolled into view
Build info: version: '3.141.59', revision: 'e82be7d358', time: '2018-11-14T08:25:53'
System info: host: 'NCI-02150368-L', ip: '10.243.143.95', os.name: 'Windows 10', os.arch: 'amd64', os.version: '10.0', java.version: '1.8.0_181'
Driver info: com.kms.katalon.core.webui.driver.firefox.CGeckoDriver
Capabilities {acceptInsecureCerts: true, browserName: firefox, browserVersion: 68.8.0, javascriptEnabled: true, moz:accessibilityChecks: false, moz:buildID: 20200429190206, moz:geckodriverVersion: 0.23.0, moz:headless: true, moz:processID: 13120, moz:profile: C:\Users\radhakrishnang2\Ap..., moz:shutdownTimeout: 60000, moz:useNonSpecCompliantPointerOrigin: false, moz:webdriverClick: true, pageLoadStrategy: normal, platform: WINDOWS, platformName: WINDOWS, platformVersion: 10.0, proxy: Proxy(direct), rotatable: false, setWindowRect: true, strictFileInteractability: false, timeouts: {implicit: 0, pageLoad: 300000, script: 30000}, unhandledPromptBehavior: dismiss and notify}
Session ID: 4f571f79-522e-4a17-9e51-5935b73a33ef
	at org.openqa.selenium.remote.http.W3CHttpResponseCodec.createException(W3CHttpResponseCodec.java:187)
	at org.openqa.selenium.remote.http.W3CHttpResponseCodec.decode(W3CHttpResponseCodec.java:122)
	at org.openqa.selenium.remote.http.W3CHttpResponseCodec.decode(W3CHttpResponseCodec.java:49)
	at org.openqa.selenium.remote.HttpCommandExecutor.execute(HttpCommandExecutor.java:158)
	at org.openqa.selenium.remote.service.DriverCommandExecutor.execute(DriverCommandExecutor.java:83)
	at org.openqa.selenium.remote.RemoteWebDriver.execute(RemoteWebDriver.java:552)
	at com.kms.katalon.selenium.driver.CFirefoxDriver.execute(CFirefoxDriver.java:27)
	at org.openqa.selenium.remote.RemoteWebElement.execute(RemoteWebElement.java:285)
	at org.openqa.selenium.remote.RemoteWebElement.click(RemoteWebElement.java:84)
	at org.openqa.selenium.support.events.EventFiringWebDriver$EventFiringWebElement.lambda$new$0(EventFiringWebDriver.java:404)
	at com.sun.proxy.$Proxy12.click(Unknown Source)
	at org.openqa.selenium.support.events.EventFiringWebDriver$EventFiringWebElement.click(EventFiringWebDriver.java:417)
	at com.kms.katalon.core.webui.keyword.builtin.ClickKeyword$_click_closure1.doCall(ClickKeyword.groovy:69)
	at com.kms.katalon.core.webui.keyword.builtin.ClickKeyword$_click_closure1.call(ClickKeyword.groovy)
	at com.kms.katalon.core.webui.keyword.internal.WebUIKeywordMain.runKeyword(WebUIKeywordMain.groovy:20)
	... 19 more
"/>
         <system-out><![CDATA[2020-05-12 13:55:11 - [TEST_CASE][FAILED] - Test Cases/Canine_TestCases/Diagnosis/TC15_Canine_Filter_Diagnosis-NotSpecified: Test Cases/Canine_TestCases/Diagnosis/TC15_Canine_Filter_Diagnosis-NotSpecified FAILED.
Reason:
com.kms.katalon.core.exception.StepFailedException: Unable to click on object 'Object Repository/Canine/Filter/Diagnosis/NotSpecified_Chkbx'
	at com.kms.katalon.core.webui.keyword.internal.WebUIKeywordMain.stepFailed(WebUIKeywordMain.groovy:64)
	at com.kms.katalon.core.webui.keyword.internal.WebUIKeywordMain.runKeyword(WebUIKeywordMain.groovy:26)
	at com.kms.katalon.core.webui.keyword.builtin.ClickKeyword.click(ClickKeyword.groovy:76)
	at com.kms.katalon.core.webui.keyword.builtin.ClickKeyword.execute(ClickKeyword.groovy:43)
	at com.kms.katalon.core.keyword.internal.KeywordExecutor.executeKeywordForPlatform(KeywordExecutor.groovy:72)
	at com.kms.katalon.core.webui.keyword.WebUiBuiltInKeywords.click(WebUiBuiltInKeywords.groovy:616)
	at com.kms.katalon.core.webui.keyword.WebUiBuiltInKeywords$click$0.call(Unknown Source)
	at TC15_Canine_Filter_Diagnosis-NotSpecified.run(TC15_Canine_Filter_Diagnosis-NotSpecified:51)
	at com.kms.katalon.core.main.ScriptEngine.run(ScriptEngine.java:194)
	at com.kms.katalon.core.main.ScriptEngine.runScriptAsRawText(ScriptEngine.java:119)
	at com.kms.katalon.core.main.TestCaseExecutor.runScript(TestCaseExecutor.java:337)
	at com.kms.katalon.core.main.TestCaseExecutor.doExecute(TestCaseExecutor.java:328)
	at com.kms.katalon.core.main.TestCaseExecutor.processExecutionPhase(TestCaseExecutor.java:307)
	at com.kms.katalon.core.main.TestCaseExecutor.accessMainPhase(TestCaseExecutor.java:299)
	at com.kms.katalon.core.main.TestCaseExecutor.execute(TestCaseExecutor.java:233)
	at com.kms.katalon.core.main.TestSuiteExecutor.accessTestCaseMainPhase(TestSuiteExecutor.java:169)
	at com.kms.katalon.core.main.TestSuiteExecutor.accessTestSuiteMainPhase(TestSuiteExecutor.java:142)
	at com.kms.katalon.core.main.TestSuiteExecutor.execute(TestSuiteExecutor.java:91)
	at com.kms.katalon.core.main.TestCaseMain.startTestSuite(TestCaseMain.java:157)
	at com.kms.katalon.core.main.TestCaseMain$startTestSuite$0.call(Unknown Source)
	at TempTestSuite1589315615572.run(TempTestSuite1589315615572.groovy:36)
Caused by: org.openqa.selenium.ElementNotInteractableException: Element <span class="jss91"> could not be scrolled into view
Build info: version: '3.141.59', revision: 'e82be7d358', time: '2018-11-14T08:25:53'
System info: host: 'NCI-02150368-L', ip: '10.243.143.95', os.name: 'Windows 10', os.arch: 'amd64', os.version: '10.0', java.version: '1.8.0_181'
Driver info: com.kms.katalon.core.webui.driver.firefox.CGeckoDriver
Capabilities {acceptInsecureCerts: true, browserName: firefox, browserVersion: 68.8.0, javascriptEnabled: true, moz:accessibilityChecks: false, moz:buildID: 20200429190206, moz:geckodriverVersion: 0.23.0, moz:headless: true, moz:processID: 13120, moz:profile: C:\Users\radhakrishnang2\Ap..., moz:shutdownTimeout: 60000, moz:useNonSpecCompliantPointerOrigin: false, moz:webdriverClick: true, pageLoadStrategy: normal, platform: WINDOWS, platformName: WINDOWS, platformVersion: 10.0, proxy: Proxy(direct), rotatable: false, setWindowRect: true, strictFileInteractability: false, timeouts: {implicit: 0, pageLoad: 300000, script: 30000}, unhandledPromptBehavior: dismiss and notify}
Session ID: 4f571f79-522e-4a17-9e51-5935b73a33ef
	at org.openqa.selenium.remote.http.W3CHttpResponseCodec.createException(W3CHttpResponseCodec.java:187)
	at org.openqa.selenium.remote.http.W3CHttpResponseCodec.decode(W3CHttpResponseCodec.java:122)
	at org.openqa.selenium.remote.http.W3CHttpResponseCodec.decode(W3CHttpResponseCodec.java:49)
	at org.openqa.selenium.remote.HttpCommandExecutor.execute(HttpCommandExecutor.java:158)
	at org.openqa.selenium.remote.service.DriverCommandExecutor.execute(DriverCommandExecutor.java:83)
	at org.openqa.selenium.remote.RemoteWebDriver.execute(RemoteWebDriver.java:552)
	at com.kms.katalon.selenium.driver.CFirefoxDriver.execute(CFirefoxDriver.java:27)
	at org.openqa.selenium.remote.RemoteWebElement.execute(RemoteWebElement.java:285)
	at org.openqa.selenium.remote.RemoteWebElement.click(RemoteWebElement.java:84)
	at org.openqa.selenium.support.events.EventFiringWebDriver$EventFiringWebElement.lambda$new$0(EventFiringWebDriver.java:404)
	at com.sun.proxy.$Proxy12.click(Unknown Source)
	at org.openqa.selenium.support.events.EventFiringWebDriver$EventFiringWebElement.click(EventFiringWebDriver.java:417)
	at com.kms.katalon.core.webui.keyword.builtin.ClickKeyword$_click_closure1.doCall(ClickKeyword.groovy:69)
	at com.kms.katalon.core.webui.keyword.builtin.ClickKeyword$_click_closure1.call(ClickKeyword.groovy)
	at com.kms.katalon.core.webui.keyword.internal.WebUIKeywordMain.runKeyword(WebUIKeywordMain.groovy:20)
	... 19 more


2020-05-12 13:55:11 - [TEST_STEP][PASSED] - openBrowser(""): Browser is opened with url: ''

2020-05-12 13:55:11 - [MESSAGE][WARNING] - A browser is already opened. Closing browser and opening a new one

2020-05-12 13:55:12 - [MESSAGE][INFO] - Starting 'Firefox (headless)' driver

2020-05-12 13:55:16 - [MESSAGE][PASSED] - Browser is opened with url: ''

2020-05-12 13:55:16 - [TEST_STEP][PASSED] - ctdc.utilities.runtestcaseforKatalon.browserDriver(""): ctdc.utilities.runtestcaseforKatalon.browserDriver is PASSED

2020-05-12 13:55:16 - [MESSAGE][PASSED] - ctdc.utilities.runtestcaseforKatalon.browserDriver is PASSED

2020-05-12 13:55:16 - [TEST_STEP][PASSED] - ctdc.utilities.runtestcaseforKatalon.RunKatalon("TC15_Canine_Filter_Diagnosis-NotSpecified.xlsx"): Data loaded from input file for the test case. 

2020-05-12 13:55:16 - [MESSAGE][PASSED] - Test case file loaded This is the full filepath after converting to string :C:\Users\radhakrishnang2\Desktop\Commons_Automation\InputFiles\TC15_Canine_Filter_Diagnosis-NotSpecified.xlsx

2020-05-12 13:55:16 - [MESSAGE][INFO] - Global variable set for password file is :  C:\Users\radhakrishnang2\Desktop\Commons_Automation\InputFiles\TC15_Canine_Filter_Diagnosis-NotSpecified.xlsx

2020-05-12 13:55:16 - [MESSAGE][PASSED] - Data loaded from input file for the test case. 

2020-05-12 13:55:20 - [TEST_STEP][PASSED] - click(findTestObject("Object Repository/Canine/Canine_Cases_Btn")): Object: 'Object Repository/Canine/Canine_Cases_Btn' is clicked on

2020-05-12 13:55:20 - [MESSAGE][PASSED] - Object: 'Object Repository/Canine/Canine_Cases_Btn' is clicked on

2020-05-12 13:55:20 - [TEST_STEP][PASSED] - click(findTestObject("Object Repository/Canine/Filter/Diagnosis/DIAGNOSIS_Ddn")): Object: 'Object Repository/Canine/Filter/Diagnosis/DIAGNOSIS_Ddn' is clicked on

2020-05-12 13:55:22 - [MESSAGE][PASSED] - Object: 'Object Repository/Canine/Filter/Diagnosis/DIAGNOSIS_Ddn' is clicked on

2020-05-12 13:55:22 - [TEST_STEP][FAILED] - click(findTestObject("Object Repository/Canine/Filter/Diagnosis/NotSpecified_Chkbx")): Unable to click on object 'Object Repository/Canine/Filter/Diagnosis/NotSpecified_Chkbx' (Root cause: com.kms.katalon.core.exception.StepFailedException: Unable to click on object 'Object Repository/Canine/Filter/Diagnosis/NotSpecified_Chkbx'
	at com.kms.katalon.core.webui.keyword.internal.WebUIKeywordMain.stepFailed(WebUIKeywordMain.groovy:64)
	at com.kms.katalon.core.webui.keyword.internal.WebUIKeywordMain.runKeyword(WebUIKeywordMain.groovy:26)
	at com.kms.katalon.core.webui.keyword.builtin.ClickKeyword.click(ClickKeyword.groovy:76)
	at com.kms.katalon.core.webui.keyword.builtin.ClickKeyword.execute(ClickKeyword.groovy:43)
	at com.kms.katalon.core.keyword.internal.KeywordExecutor.executeKeywordForPlatform(KeywordExecutor.groovy:72)
	at com.kms.katalon.core.webui.keyword.WebUiBuiltInKeywords.click(WebUiBuiltInKeywords.groovy:616)
	at com.kms.katalon.core.webui.keyword.WebUiBuiltInKeywords$click$0.call(Unknown Source)
	at TC15_Canine_Filter_Diagnosis-NotSpecified.run(TC15_Canine_Filter_Diagnosis-NotSpecified:51)
	at com.kms.katalon.core.main.ScriptEngine.run(ScriptEngine.java:194)
	at com.kms.katalon.core.main.ScriptEngine.runScriptAsRawText(ScriptEngine.java:119)
	at com.kms.katalon.core.main.TestCaseExecutor.runScript(TestCaseExecutor.java:337)
	at com.kms.katalon.core.main.TestCaseExecutor.doExecute(TestCaseExecutor.java:328)
	at com.kms.katalon.core.main.TestCaseExecutor.processExecutionPhase(TestCaseExecutor.java:307)
	at com.kms.katalon.core.main.TestCaseExecutor.accessMainPhase(TestCaseExecutor.java:299)
	at com.kms.katalon.core.main.TestCaseExecutor.execute(TestCaseExecutor.java:233)
	at com.kms.katalon.core.main.TestSuiteExecutor.accessTestCaseMainPhase(TestSuiteExecutor.java:169)
	at com.kms.katalon.core.main.TestSuiteExecutor.accessTestSuiteMainPhase(TestSuiteExecutor.java:142)
	at com.kms.katalon.core.main.TestSuiteExecutor.execute(TestSuiteExecutor.java:91)
	at com.kms.katalon.core.main.TestCaseMain.startTestSuite(TestCaseMain.java:157)
	at com.kms.katalon.core.main.TestCaseMain$startTestSuite$0.call(Unknown Source)
	at TempTestSuite1589315615572.run(TempTestSuite1589315615572.groovy:36)
Caused by: org.openqa.selenium.ElementNotInteractableException: Element <span class="jss91"> could not be scrolled into view
Build info: version: '3.141.59', revision: 'e82be7d358', time: '2018-11-14T08:25:53'
System info: host: 'NCI-02150368-L', ip: '10.243.143.95', os.name: 'Windows 10', os.arch: 'amd64', os.version: '10.0', java.version: '1.8.0_181'
Driver info: com.kms.katalon.core.webui.driver.firefox.CGeckoDriver
Capabilities {acceptInsecureCerts: true, browserName: firefox, browserVersion: 68.8.0, javascriptEnabled: true, moz:accessibilityChecks: false, moz:buildID: 20200429190206, moz:geckodriverVersion: 0.23.0, moz:headless: true, moz:processID: 13120, moz:profile: C:\Users\radhakrishnang2\Ap..., moz:shutdownTimeout: 60000, moz:useNonSpecCompliantPointerOrigin: false, moz:webdriverClick: true, pageLoadStrategy: normal, platform: WINDOWS, platformName: WINDOWS, platformVersion: 10.0, proxy: Proxy(direct), rotatable: false, setWindowRect: true, strictFileInteractability: false, timeouts: {implicit: 0, pageLoad: 300000, script: 30000}, unhandledPromptBehavior: dismiss and notify}
Session ID: 4f571f79-522e-4a17-9e51-5935b73a33ef
	at org.openqa.selenium.remote.http.W3CHttpResponseCodec.createException(W3CHttpResponseCodec.java:187)
	at org.openqa.selenium.remote.http.W3CHttpResponseCodec.decode(W3CHttpResponseCodec.java:122)
	at org.openqa.selenium.remote.http.W3CHttpResponseCodec.decode(W3CHttpResponseCodec.java:49)
	at org.openqa.selenium.remote.HttpCommandExecutor.execute(HttpCommandExecutor.java:158)
	at org.openqa.selenium.remote.service.DriverCommandExecutor.execute(DriverCommandExecutor.java:83)
	at org.openqa.selenium.remote.RemoteWebDriver.execute(RemoteWebDriver.java:552)
	at com.kms.katalon.selenium.driver.CFirefoxDriver.execute(CFirefoxDriver.java:27)
	at org.openqa.selenium.remote.RemoteWebElement.execute(RemoteWebElement.java:285)
	at org.openqa.selenium.remote.RemoteWebElement.click(RemoteWebElement.java:84)
	at org.openqa.selenium.support.events.EventFiringWebDriver$EventFiringWebElement.lambda$new$0(EventFiringWebDriver.java:404)
	at com.sun.proxy.$Proxy12.click(Unknown Source)
	at org.openqa.selenium.support.events.EventFiringWebDriver$EventFiringWebElement.click(EventFiringWebDriver.java:417)
	at com.kms.katalon.core.webui.keyword.builtin.ClickKeyword$_click_closure1.doCall(ClickKeyword.groovy:69)
	at com.kms.katalon.core.webui.keyword.builtin.ClickKeyword$_click_closure1.call(ClickKeyword.groovy)
	at com.kms.katalon.core.webui.keyword.internal.WebUIKeywordMain.runKeyword(WebUIKeywordMain.groovy:20)
	at com.kms.katalon.core.webui.keyword.builtin.ClickKeyword.click(ClickKeyword.groovy:76)
	at com.kms.katalon.core.webui.keyword.builtin.ClickKeyword.execute(ClickKeyword.groovy:43)
	at com.kms.katalon.core.keyword.internal.KeywordExecutor.executeKeywordForPlatform(KeywordExecutor.groovy:72)
	at com.kms.katalon.core.webui.keyword.WebUiBuiltInKeywords.click(WebUiBuiltInKeywords.groovy:616)
	at com.kms.katalon.core.webui.keyword.WebUiBuiltInKeywords$click$0.call(Unknown Source)
	at Script1589153472656.run(Script1589153472656.groovy:51)
	... 13 more
)

2020-05-12 13:55:22 - [MESSAGE][FAILED] - Unable to click on object 'Object Repository/Canine/Filter/Diagnosis/NotSpecified_Chkbx' (Root cause: com.kms.katalon.core.exception.StepFailedException: Unable to click on object 'Object Repository/Canine/Filter/Diagnosis/NotSpecified_Chkbx'
	at com.kms.katalon.core.webui.keyword.internal.WebUIKeywordMain.stepFailed(WebUIKeywordMain.groovy:64)
	at com.kms.katalon.core.webui.keyword.internal.WebUIKeywordMain.runKeyword(WebUIKeywordMain.groovy:26)
	at com.kms.katalon.core.webui.keyword.builtin.ClickKeyword.click(ClickKeyword.groovy:76)
	at com.kms.katalon.core.webui.keyword.builtin.ClickKeyword.execute(ClickKeyword.groovy:43)
	at com.kms.katalon.core.keyword.internal.KeywordExecutor.executeKeywordForPlatform(KeywordExecutor.groovy:72)
	at com.kms.katalon.core.webui.keyword.WebUiBuiltInKeywords.click(WebUiBuiltInKeywords.groovy:616)
	at com.kms.katalon.core.webui.keyword.WebUiBuiltInKeywords$click$0.call(Unknown Source)
	at TC15_Canine_Filter_Diagnosis-NotSpecified.run(TC15_Canine_Filter_Diagnosis-NotSpecified:51)
	at com.kms.katalon.core.main.ScriptEngine.run(ScriptEngine.java:194)
	at com.kms.katalon.core.main.ScriptEngine.runScriptAsRawText(ScriptEngine.java:119)
	at com.kms.katalon.core.main.TestCaseExecutor.runScript(TestCaseExecutor.java:337)
	at com.kms.katalon.core.main.TestCaseExecutor.doExecute(TestCaseExecutor.java:328)
	at com.kms.katalon.core.main.TestCaseExecutor.processExecutionPhase(TestCaseExecutor.java:307)
	at com.kms.katalon.core.main.TestCaseExecutor.accessMainPhase(TestCaseExecutor.java:299)
	at com.kms.katalon.core.main.TestCaseExecutor.execute(TestCaseExecutor.java:233)
	at com.kms.katalon.core.main.TestSuiteExecutor.accessTestCaseMainPhase(TestSuiteExecutor.java:169)
	at com.kms.katalon.core.main.TestSuiteExecutor.accessTestSuiteMainPhase(TestSuiteExecutor.java:142)
	at com.kms.katalon.core.main.TestSuiteExecutor.execute(TestSuiteExecutor.java:91)
	at com.kms.katalon.core.main.TestCaseMain.startTestSuite(TestCaseMain.java:157)
	at com.kms.katalon.core.main.TestCaseMain$startTestSuite$0.call(Unknown Source)
	at TempTestSuite1589315615572.run(TempTestSuite1589315615572.groovy:36)
Caused by: org.openqa.selenium.ElementNotInteractableException: Element <span class="jss91"> could not be scrolled into view
Build info: version: '3.141.59', revision: 'e82be7d358', time: '2018-11-14T08:25:53'
System info: host: 'NCI-02150368-L', ip: '10.243.143.95', os.name: 'Windows 10', os.arch: 'amd64', os.version: '10.0', java.version: '1.8.0_181'
Driver info: com.kms.katalon.core.webui.driver.firefox.CGeckoDriver
Capabilities {acceptInsecureCerts: true, browserName: firefox, browserVersion: 68.8.0, javascriptEnabled: true, moz:accessibilityChecks: false, moz:buildID: 20200429190206, moz:geckodriverVersion: 0.23.0, moz:headless: true, moz:processID: 13120, moz:profile: C:\Users\radhakrishnang2\Ap..., moz:shutdownTimeout: 60000, moz:useNonSpecCompliantPointerOrigin: false, moz:webdriverClick: true, pageLoadStrategy: normal, platform: WINDOWS, platformName: WINDOWS, platformVersion: 10.0, proxy: Proxy(direct), rotatable: false, setWindowRect: true, strictFileInteractability: false, timeouts: {implicit: 0, pageLoad: 300000, script: 30000}, unhandledPromptBehavior: dismiss and notify}
Session ID: 4f571f79-522e-4a17-9e51-5935b73a33ef
	at org.openqa.selenium.remote.http.W3CHttpResponseCodec.createException(W3CHttpResponseCodec.java:187)
	at org.openqa.selenium.remote.http.W3CHttpResponseCodec.decode(W3CHttpResponseCodec.java:122)
	at org.openqa.selenium.remote.http.W3CHttpResponseCodec.decode(W3CHttpResponseCodec.java:49)
	at org.openqa.selenium.remote.HttpCommandExecutor.execute(HttpCommandExecutor.java:158)
	at org.openqa.selenium.remote.service.DriverCommandExecutor.execute(DriverCommandExecutor.java:83)
	at org.openqa.selenium.remote.RemoteWebDriver.execute(RemoteWebDriver.java:552)
	at com.kms.katalon.selenium.driver.CFirefoxDriver.execute(CFirefoxDriver.java:27)
	at org.openqa.selenium.remote.RemoteWebElement.execute(RemoteWebElement.java:285)
	at org.openqa.selenium.remote.RemoteWebElement.click(RemoteWebElement.java:84)
	at org.openqa.selenium.support.events.EventFiringWebDriver$EventFiringWebElement.lambda$new$0(EventFiringWebDriver.java:404)
	at com.sun.proxy.$Proxy12.click(Unknown Source)
	at org.openqa.selenium.support.events.EventFiringWebDriver$EventFiringWebElement.click(EventFiringWebDriver.java:417)
	at com.kms.katalon.core.webui.keyword.builtin.ClickKeyword$_click_closure1.doCall(ClickKeyword.groovy:69)
	at com.kms.katalon.core.webui.keyword.builtin.ClickKeyword$_click_closure1.call(ClickKeyword.groovy)
	at com.kms.katalon.core.webui.keyword.internal.WebUIKeywordMain.runKeyword(WebUIKeywordMain.groovy:20)
	at com.kms.katalon.core.webui.keyword.builtin.ClickKeyword.click(ClickKeyword.groovy:76)
	at com.kms.katalon.core.webui.keyword.builtin.ClickKeyword.execute(ClickKeyword.groovy:43)
	at com.kms.katalon.core.keyword.internal.KeywordExecutor.executeKeywordForPlatform(KeywordExecutor.groovy:72)
	at com.kms.katalon.core.webui.keyword.WebUiBuiltInKeywords.click(WebUiBuiltInKeywords.groovy:616)
	at com.kms.katalon.core.webui.keyword.WebUiBuiltInKeywords$click$0.call(Unknown Source)
	at Script1589153472656.run(Script1589153472656.groovy:51)
	... 13 more
)
[[ATTACHMENT|C:\\Users\\radhakrishnang2\\Desktop\\Commons_Automation\\Reports\\20200512_133335\\Canine_TestSuite\\20200512_133335\\1589316922504.png]]

2020-05-12 13:55:24 - [TEST_STEP][PASSED] - Video: Video recording for test case 'Test Cases/Canine_TestCases/Diagnosis/TC15_Canine_Filter_Diagnosis-NotSpecified' .

2020-05-12 13:55:24 - [MESSAGE][INFO] - Video recording for test case 'Test Cases/Canine_TestCases/Diagnosis/TC15_Canine_Filter_Diagnosis-NotSpecified' .
[[ATTACHMENT|C:\\Users\\radhakrishnang2\\Desktop\\Commons_Automation\\Reports\\20200512_133335\\Canine_TestSuite\\20200512_133335/videos\\test_61.avi]]]]></system-out>
         <system-err><![CDATA[2020-05-12 13:55:11 - [TEST_CASE][FAILED] - Test Cases/Canine_TestCases/Diagnosis/TC15_Canine_Filter_Diagnosis-NotSpecified: Test Cases/Canine_TestCases/Diagnosis/TC15_Canine_Filter_Diagnosis-NotSpecified FAILED.
Reason:
com.kms.katalon.core.exception.StepFailedException: Unable to click on object 'Object Repository/Canine/Filter/Diagnosis/NotSpecified_Chkbx'
	at com.kms.katalon.core.webui.keyword.internal.WebUIKeywordMain.stepFailed(WebUIKeywordMain.groovy:64)
	at com.kms.katalon.core.webui.keyword.internal.WebUIKeywordMain.runKeyword(WebUIKeywordMain.groovy:26)
	at com.kms.katalon.core.webui.keyword.builtin.ClickKeyword.click(ClickKeyword.groovy:76)
	at com.kms.katalon.core.webui.keyword.builtin.ClickKeyword.execute(ClickKeyword.groovy:43)
	at com.kms.katalon.core.keyword.internal.KeywordExecutor.executeKeywordForPlatform(KeywordExecutor.groovy:72)
	at com.kms.katalon.core.webui.keyword.WebUiBuiltInKeywords.click(WebUiBuiltInKeywords.groovy:616)
	at com.kms.katalon.core.webui.keyword.WebUiBuiltInKeywords$click$0.call(Unknown Source)
	at TC15_Canine_Filter_Diagnosis-NotSpecified.run(TC15_Canine_Filter_Diagnosis-NotSpecified:51)
	at com.kms.katalon.core.main.ScriptEngine.run(ScriptEngine.java:194)
	at com.kms.katalon.core.main.ScriptEngine.runScriptAsRawText(ScriptEngine.java:119)
	at com.kms.katalon.core.main.TestCaseExecutor.runScript(TestCaseExecutor.java:337)
	at com.kms.katalon.core.main.TestCaseExecutor.doExecute(TestCaseExecutor.java:328)
	at com.kms.katalon.core.main.TestCaseExecutor.processExecutionPhase(TestCaseExecutor.java:307)
	at com.kms.katalon.core.main.TestCaseExecutor.accessMainPhase(TestCaseExecutor.java:299)
	at com.kms.katalon.core.main.TestCaseExecutor.execute(TestCaseExecutor.java:233)
	at com.kms.katalon.core.main.TestSuiteExecutor.accessTestCaseMainPhase(TestSuiteExecutor.java:169)
	at com.kms.katalon.core.main.TestSuiteExecutor.accessTestSuiteMainPhase(TestSuiteExecutor.java:142)
	at com.kms.katalon.core.main.TestSuiteExecutor.execute(TestSuiteExecutor.java:91)
	at com.kms.katalon.core.main.TestCaseMain.startTestSuite(TestCaseMain.java:157)
	at com.kms.katalon.core.main.TestCaseMain$startTestSuite$0.call(Unknown Source)
	at TempTestSuite1589315615572.run(TempTestSuite1589315615572.groovy:36)
Caused by: org.openqa.selenium.ElementNotInteractableException: Element <span class="jss91"> could not be scrolled into view
Build info: version: '3.141.59', revision: 'e82be7d358', time: '2018-11-14T08:25:53'
System info: host: 'NCI-02150368-L', ip: '10.243.143.95', os.name: 'Windows 10', os.arch: 'amd64', os.version: '10.0', java.version: '1.8.0_181'
Driver info: com.kms.katalon.core.webui.driver.firefox.CGeckoDriver
Capabilities {acceptInsecureCerts: true, browserName: firefox, browserVersion: 68.8.0, javascriptEnabled: true, moz:accessibilityChecks: false, moz:buildID: 20200429190206, moz:geckodriverVersion: 0.23.0, moz:headless: true, moz:processID: 13120, moz:profile: C:\Users\radhakrishnang2\Ap..., moz:shutdownTimeout: 60000, moz:useNonSpecCompliantPointerOrigin: false, moz:webdriverClick: true, pageLoadStrategy: normal, platform: WINDOWS, platformName: WINDOWS, platformVersion: 10.0, proxy: Proxy(direct), rotatable: false, setWindowRect: true, strictFileInteractability: false, timeouts: {implicit: 0, pageLoad: 300000, script: 30000}, unhandledPromptBehavior: dismiss and notify}
Session ID: 4f571f79-522e-4a17-9e51-5935b73a33ef
	at org.openqa.selenium.remote.http.W3CHttpResponseCodec.createException(W3CHttpResponseCodec.java:187)
	at org.openqa.selenium.remote.http.W3CHttpResponseCodec.decode(W3CHttpResponseCodec.java:122)
	at org.openqa.selenium.remote.http.W3CHttpResponseCodec.decode(W3CHttpResponseCodec.java:49)
	at org.openqa.selenium.remote.HttpCommandExecutor.execute(HttpCommandExecutor.java:158)
	at org.openqa.selenium.remote.service.DriverCommandExecutor.execute(DriverCommandExecutor.java:83)
	at org.openqa.selenium.remote.RemoteWebDriver.execute(RemoteWebDriver.java:552)
	at com.kms.katalon.selenium.driver.CFirefoxDriver.execute(CFirefoxDriver.java:27)
	at org.openqa.selenium.remote.RemoteWebElement.execute(RemoteWebElement.java:285)
	at org.openqa.selenium.remote.RemoteWebElement.click(RemoteWebElement.java:84)
	at org.openqa.selenium.support.events.EventFiringWebDriver$EventFiringWebElement.lambda$new$0(EventFiringWebDriver.java:404)
	at com.sun.proxy.$Proxy12.click(Unknown Source)
	at org.openqa.selenium.support.events.EventFiringWebDriver$EventFiringWebElement.click(EventFiringWebDriver.java:417)
	at com.kms.katalon.core.webui.keyword.builtin.ClickKeyword$_click_closure1.doCall(ClickKeyword.groovy:69)
	at com.kms.katalon.core.webui.keyword.builtin.ClickKeyword$_click_closure1.call(ClickKeyword.groovy)
	at com.kms.katalon.core.webui.keyword.internal.WebUIKeywordMain.runKeyword(WebUIKeywordMain.groovy:20)
	... 19 more]]></system-err>
      </testcase>
      <testcase name="Test Cases/Canine_TestCases/Diagnosis/TC16_Canine_Filter_Diagnosis-RespCarci" time="27.023" classname="Test Cases/Canine_TestCases/Diagnosis/TC16_Canine_Filter_Diagnosis-RespCarci" status="PASSED">
         <system-out><![CDATA[2020-05-12 13:55:24 - [TEST_CASE][PASSED] - Test Cases/Canine_TestCases/Diagnosis/TC16_Canine_Filter_Diagnosis-RespCarci: Test Cases/Canine_TestCases/Diagnosis/TC16_Canine_Filter_Diagnosis-RespCarci

2020-05-12 13:55:25 - [TEST_STEP][PASSED] - openBrowser(""): Browser is opened with url: ''

2020-05-12 13:55:25 - [MESSAGE][WARNING] - A browser is already opened. Closing browser and opening a new one

2020-05-12 13:55:26 - [MESSAGE][INFO] - Starting 'Firefox (headless)' driver

2020-05-12 13:55:29 - [MESSAGE][PASSED] - Browser is opened with url: ''

2020-05-12 13:55:29 - [TEST_STEP][PASSED] - ctdc.utilities.runtestcaseforKatalon.browserDriver(""): ctdc.utilities.runtestcaseforKatalon.browserDriver is PASSED

2020-05-12 13:55:29 - [MESSAGE][PASSED] - ctdc.utilities.runtestcaseforKatalon.browserDriver is PASSED

2020-05-12 13:55:29 - [TEST_STEP][PASSED] - ctdc.utilities.runtestcaseforKatalon.RunKatalon("TC16_Canine_Filter_Diagnosis-RespCarci.xlsx"): Data loaded from input file for the test case. 

2020-05-12 13:55:29 - [MESSAGE][PASSED] - Test case file loaded This is the full filepath after converting to string :C:\Users\radhakrishnang2\Desktop\Commons_Automation\InputFiles\TC16_Canine_Filter_Diagnosis-RespCarci.xlsx

2020-05-12 13:55:29 - [MESSAGE][INFO] - Global variable set for password file is :  C:\Users\radhakrishnang2\Desktop\Commons_Automation\InputFiles\TC16_Canine_Filter_Diagnosis-RespCarci.xlsx

2020-05-12 13:55:29 - [MESSAGE][PASSED] - Data loaded from input file for the test case. 

2020-05-12 13:55:43 - [TEST_STEP][PASSED] - click(findTestObject("Object Repository/Canine/Canine_Cases_Btn")): Object: 'Object Repository/Canine/Canine_Cases_Btn' is clicked on

2020-05-12 13:55:43 - [MESSAGE][PASSED] - Object: 'Object Repository/Canine/Canine_Cases_Btn' is clicked on

2020-05-12 13:55:43 - [TEST_STEP][PASSED] - click(findTestObject("Object Repository/Canine/Filter/Diagnosis/DIAGNOSIS_Ddn")): Object: 'Object Repository/Canine/Filter/Diagnosis/DIAGNOSIS_Ddn' is clicked on

2020-05-12 13:55:45 - [MESSAGE][PASSED] - Object: 'Object Repository/Canine/Filter/Diagnosis/DIAGNOSIS_Ddn' is clicked on

2020-05-12 13:55:45 - [TEST_STEP][PASSED] - click(findTestObject("Object Repository/Canine/Filter/Diagnosis/RespiratoryCarci_Chkbx")): Object: 'Object Repository/Canine/Filter/Diagnosis/RespiratoryCarci_Chkbx' is clicked on

2020-05-12 13:55:45 - [MESSAGE][PASSED] - Object: 'Object Repository/Canine/Filter/Diagnosis/RespiratoryCarci_Chkbx' is clicked on

2020-05-12 13:55:45 - [TEST_STEP][PASSED] - ctdc.utilities.runtestcaseforKatalon.ReadCasesTableKatalon("Object Repository/Canine/Canine_CasesTable", "Object Repository/Canine/Canine_TableHeader", "Object Repository/Canine/Canine_NextBtn"): ctdc.utilities.runtestcaseforKatalon.ReadCasesTableKatalon is PASSED

2020-05-12 13:55:46 - [MESSAGE][PASSED] - ctdc.utilities.runtestcaseforKatalon.ReadCasesTableKatalon is PASSED

2020-05-12 13:55:46 - [TEST_STEP][PASSED] - ctdc.utilities.ReadExcel.Neo4j(): ctdc.utilities.ReadExcel.Neo4j is PASSED

2020-05-12 13:55:49 - [MESSAGE][PASSED] - ctdc.utilities.ReadExcel.Neo4j is PASSED

2020-05-12 13:55:49 - [TEST_STEP][PASSED] - ctdc.utilities.runtestcaseforKatalon.compareLists(): ctdc.utilities.runtestcaseforKatalon.compareLists is PASSED

2020-05-12 13:55:49 - [MESSAGE][PASSED] - ctdc.utilities.runtestcaseforKatalon.compareLists is PASSED

2020-05-12 13:55:51 - [TEST_STEP][PASSED] - Video: Video recording for test case 'Test Cases/Canine_TestCases/Diagnosis/TC16_Canine_Filter_Diagnosis-RespCarci' .

2020-05-12 13:55:51 - [MESSAGE][INFO] - Video recording for test case 'Test Cases/Canine_TestCases/Diagnosis/TC16_Canine_Filter_Diagnosis-RespCarci' .
[[ATTACHMENT|C:\\Users\\radhakrishnang2\\Desktop\\Commons_Automation\\Reports\\20200512_133335\\Canine_TestSuite\\20200512_133335/videos\\test_62.avi]]]]></system-out>
         <system-err><![CDATA[]]></system-err>
      </testcase>
      <testcase name="Test Cases/Canine_TestCases/Diagnosis/TC17_Canine_Filter_Diagnosis-RespCarciStg2" time="16.904" classname="Test Cases/Canine_TestCases/Diagnosis/TC17_Canine_Filter_Diagnosis-RespCarciStg2" status="PASSED">
         <system-out><![CDATA[2020-05-12 13:55:51 - [TEST_CASE][PASSED] - Test Cases/Canine_TestCases/Diagnosis/TC17_Canine_Filter_Diagnosis-RespCarciStg2: Test Cases/Canine_TestCases/Diagnosis/TC17_Canine_Filter_Diagnosis-RespCarciStg2

2020-05-12 13:55:52 - [TEST_STEP][PASSED] - openBrowser(""): Browser is opened with url: ''

2020-05-12 13:55:52 - [MESSAGE][WARNING] - A browser is already opened. Closing browser and opening a new one

2020-05-12 13:55:53 - [MESSAGE][INFO] - Starting 'Firefox (headless)' driver

2020-05-12 13:55:56 - [MESSAGE][PASSED] - Browser is opened with url: ''

2020-05-12 13:55:56 - [TEST_STEP][PASSED] - ctdc.utilities.runtestcaseforKatalon.browserDriver(""): ctdc.utilities.runtestcaseforKatalon.browserDriver is PASSED

2020-05-12 13:55:56 - [MESSAGE][PASSED] - ctdc.utilities.runtestcaseforKatalon.browserDriver is PASSED

2020-05-12 13:55:56 - [TEST_STEP][PASSED] - ctdc.utilities.runtestcaseforKatalon.RunKatalon("TC17_Canine_Filter_Diagnosis-RespCarciStg2.xlsx"): Data loaded from input file for the test case. 

2020-05-12 13:55:56 - [MESSAGE][PASSED] - Test case file loaded This is the full filepath after converting to string :C:\Users\radhakrishnang2\Desktop\Commons_Automation\InputFiles\TC17_Canine_Filter_Diagnosis-RespCarciStg2.xlsx

2020-05-12 13:55:56 - [MESSAGE][INFO] - Global variable set for password file is :  C:\Users\radhakrishnang2\Desktop\Commons_Automation\InputFiles\TC17_Canine_Filter_Diagnosis-RespCarciStg2.xlsx

2020-05-12 13:55:56 - [MESSAGE][PASSED] - Data loaded from input file for the test case. 

2020-05-12 13:56:00 - [TEST_STEP][PASSED] - click(findTestObject("Object Repository/Canine/Canine_Cases_Btn")): Object: 'Object Repository/Canine/Canine_Cases_Btn' is clicked on

2020-05-12 13:56:00 - [MESSAGE][PASSED] - Object: 'Object Repository/Canine/Canine_Cases_Btn' is clicked on

2020-05-12 13:56:00 - [TEST_STEP][PASSED] - click(findTestObject("Object Repository/Canine/Filter/Diagnosis/DIAGNOSIS_Ddn")): Object: 'Object Repository/Canine/Filter/Diagnosis/DIAGNOSIS_Ddn' is clicked on

2020-05-12 13:56:01 - [MESSAGE][PASSED] - Object: 'Object Repository/Canine/Filter/Diagnosis/DIAGNOSIS_Ddn' is clicked on

2020-05-12 13:56:01 - [TEST_STEP][PASSED] - click(findTestObject("Object Repository/Canine/Filter/Diagnosis/RespiratoryCarciStg2_Chkbx")): Object: 'Object Repository/Canine/Filter/Diagnosis/RespiratoryCarciStg2_Chkbx' is clicked on

2020-05-12 13:56:02 - [MESSAGE][PASSED] - Object: 'Object Repository/Canine/Filter/Diagnosis/RespiratoryCarciStg2_Chkbx' is clicked on

2020-05-12 13:56:02 - [TEST_STEP][PASSED] - ctdc.utilities.runtestcaseforKatalon.ReadCasesTableKatalon("Object Repository/Canine/Canine_CasesTable", "Object Repository/Canine/Canine_TableHeader", "Object Repository/Canine/Canine_NextBtn"): ctdc.utilities.runtestcaseforKatalon.ReadCasesTableKatalon is PASSED

2020-05-12 13:56:03 - [MESSAGE][PASSED] - ctdc.utilities.runtestcaseforKatalon.ReadCasesTableKatalon is PASSED

2020-05-12 13:56:03 - [TEST_STEP][PASSED] - ctdc.utilities.ReadExcel.Neo4j(): ctdc.utilities.ReadExcel.Neo4j is PASSED

2020-05-12 13:56:06 - [MESSAGE][PASSED] - ctdc.utilities.ReadExcel.Neo4j is PASSED

2020-05-12 13:56:06 - [TEST_STEP][PASSED] - ctdc.utilities.runtestcaseforKatalon.compareLists(): ctdc.utilities.runtestcaseforKatalon.compareLists is PASSED

2020-05-12 13:56:06 - [MESSAGE][PASSED] - ctdc.utilities.runtestcaseforKatalon.compareLists is PASSED

2020-05-12 13:56:08 - [TEST_STEP][PASSED] - Video: Video recording for test case 'Test Cases/Canine_TestCases/Diagnosis/TC17_Canine_Filter_Diagnosis-RespCarciStg2' .

2020-05-12 13:56:08 - [MESSAGE][INFO] - Video recording for test case 'Test Cases/Canine_TestCases/Diagnosis/TC17_Canine_Filter_Diagnosis-RespCarciStg2' .
[[ATTACHMENT|C:\\Users\\radhakrishnang2\\Desktop\\Commons_Automation\\Reports\\20200512_133335\\Canine_TestSuite\\20200512_133335/videos\\test_63.avi]]]]></system-out>
         <system-err><![CDATA[]]></system-err>
      </testcase>
      <testcase name="Test Cases/Canine_TestCases/Diagnosis/TC18_Canine_Filter_Diagnosis-RespCarciStg3" time="20.666" classname="Test Cases/Canine_TestCases/Diagnosis/TC18_Canine_Filter_Diagnosis-RespCarciStg3" status="PASSED">
         <system-out><![CDATA[2020-05-12 13:56:08 - [TEST_CASE][PASSED] - Test Cases/Canine_TestCases/Diagnosis/TC18_Canine_Filter_Diagnosis-RespCarciStg3: Test Cases/Canine_TestCases/Diagnosis/TC18_Canine_Filter_Diagnosis-RespCarciStg3

2020-05-12 13:56:08 - [TEST_STEP][PASSED] - openBrowser(""): Browser is opened with url: ''

2020-05-12 13:56:08 - [MESSAGE][WARNING] - A browser is already opened. Closing browser and opening a new one

2020-05-12 13:56:09 - [MESSAGE][INFO] - Starting 'Firefox (headless)' driver

2020-05-12 13:56:13 - [MESSAGE][PASSED] - Browser is opened with url: ''

2020-05-12 13:56:13 - [TEST_STEP][PASSED] - ctdc.utilities.runtestcaseforKatalon.browserDriver(""): ctdc.utilities.runtestcaseforKatalon.browserDriver is PASSED

2020-05-12 13:56:13 - [MESSAGE][PASSED] - ctdc.utilities.runtestcaseforKatalon.browserDriver is PASSED

2020-05-12 13:56:13 - [TEST_STEP][PASSED] - ctdc.utilities.runtestcaseforKatalon.RunKatalon("TC18_Canine_Filter_Diagnosis-RespCarciStg3.xlsx"): Data loaded from input file for the test case. 

2020-05-12 13:56:13 - [MESSAGE][PASSED] - Test case file loaded This is the full filepath after converting to string :C:\Users\radhakrishnang2\Desktop\Commons_Automation\InputFiles\TC18_Canine_Filter_Diagnosis-RespCarciStg3.xlsx

2020-05-12 13:56:13 - [MESSAGE][INFO] - Global variable set for password file is :  C:\Users\radhakrishnang2\Desktop\Commons_Automation\InputFiles\TC18_Canine_Filter_Diagnosis-RespCarciStg3.xlsx

2020-05-12 13:56:13 - [MESSAGE][PASSED] - Data loaded from input file for the test case. 

2020-05-12 13:56:18 - [TEST_STEP][PASSED] - click(findTestObject("Object Repository/Canine/Canine_Cases_Btn")): Object: 'Object Repository/Canine/Canine_Cases_Btn' is clicked on

2020-05-12 13:56:18 - [MESSAGE][PASSED] - Object: 'Object Repository/Canine/Canine_Cases_Btn' is clicked on

2020-05-12 13:56:18 - [TEST_STEP][PASSED] - click(findTestObject("Object Repository/Canine/Filter/Diagnosis/DIAGNOSIS_Ddn")): Object: 'Object Repository/Canine/Filter/Diagnosis/DIAGNOSIS_Ddn' is clicked on

2020-05-12 13:56:20 - [MESSAGE][PASSED] - Object: 'Object Repository/Canine/Filter/Diagnosis/DIAGNOSIS_Ddn' is clicked on

2020-05-12 13:56:20 - [TEST_STEP][PASSED] - click(findTestObject("Object Repository/Canine/Filter/Diagnosis/RespiratoryCarciStg3_Chkbx")): Object: 'Object Repository/Canine/Filter/Diagnosis/RespiratoryCarciStg3_Chkbx' is clicked on

2020-05-12 13:56:20 - [MESSAGE][PASSED] - Object: 'Object Repository/Canine/Filter/Diagnosis/RespiratoryCarciStg3_Chkbx' is clicked on

2020-05-12 13:56:20 - [TEST_STEP][PASSED] - ctdc.utilities.runtestcaseforKatalon.ReadCasesTableKatalon("Object Repository/Canine/Canine_CasesTable", "Object Repository/Canine/Canine_TableHeader", "Object Repository/Canine/Canine_NextBtn"): ctdc.utilities.runtestcaseforKatalon.ReadCasesTableKatalon is PASSED

2020-05-12 13:56:23 - [MESSAGE][PASSED] - ctdc.utilities.runtestcaseforKatalon.ReadCasesTableKatalon is PASSED

2020-05-12 13:56:23 - [TEST_STEP][PASSED] - ctdc.utilities.ReadExcel.Neo4j(): ctdc.utilities.ReadExcel.Neo4j is PASSED

2020-05-12 13:56:27 - [MESSAGE][PASSED] - ctdc.utilities.ReadExcel.Neo4j is PASSED

2020-05-12 13:56:27 - [TEST_STEP][PASSED] - ctdc.utilities.runtestcaseforKatalon.compareLists(): ctdc.utilities.runtestcaseforKatalon.compareLists is PASSED

2020-05-12 13:56:27 - [MESSAGE][PASSED] - ctdc.utilities.runtestcaseforKatalon.compareLists is PASSED

2020-05-12 13:56:29 - [TEST_STEP][PASSED] - Video: Video recording for test case 'Test Cases/Canine_TestCases/Diagnosis/TC18_Canine_Filter_Diagnosis-RespCarciStg3' .

2020-05-12 13:56:29 - [MESSAGE][INFO] - Video recording for test case 'Test Cases/Canine_TestCases/Diagnosis/TC18_Canine_Filter_Diagnosis-RespCarciStg3' .
[[ATTACHMENT|C:\\Users\\radhakrishnang2\\Desktop\\Commons_Automation\\Reports\\20200512_133335\\Canine_TestSuite\\20200512_133335/videos\\test_64.avi]]]]></system-out>
         <system-err><![CDATA[]]></system-err>
      </testcase>
      <testcase name="Test Cases/Canine_TestCases/Diagnosis/TC19_Canine_Filter_Diagnosis-RespCarciStg4" time="18.226" classname="Test Cases/Canine_TestCases/Diagnosis/TC19_Canine_Filter_Diagnosis-RespCarciStg4" status="PASSED">
         <system-out><![CDATA[2020-05-12 13:56:29 - [TEST_CASE][PASSED] - Test Cases/Canine_TestCases/Diagnosis/TC19_Canine_Filter_Diagnosis-RespCarciStg4: Test Cases/Canine_TestCases/Diagnosis/TC19_Canine_Filter_Diagnosis-RespCarciStg4

2020-05-12 13:56:29 - [TEST_STEP][PASSED] - openBrowser(""): Browser is opened with url: ''

2020-05-12 13:56:29 - [MESSAGE][WARNING] - A browser is already opened. Closing browser and opening a new one

2020-05-12 13:56:30 - [MESSAGE][INFO] - Starting 'Firefox (headless)' driver

2020-05-12 13:56:34 - [MESSAGE][PASSED] - Browser is opened with url: ''

2020-05-12 13:56:34 - [TEST_STEP][PASSED] - ctdc.utilities.runtestcaseforKatalon.browserDriver(""): ctdc.utilities.runtestcaseforKatalon.browserDriver is PASSED

2020-05-12 13:56:34 - [MESSAGE][PASSED] - ctdc.utilities.runtestcaseforKatalon.browserDriver is PASSED

2020-05-12 13:56:34 - [TEST_STEP][PASSED] - ctdc.utilities.runtestcaseforKatalon.RunKatalon("TC19_Canine_Filter_Diagnosis-RespCarciStg4.xlsx"): Data loaded from input file for the test case. 

2020-05-12 13:56:34 - [MESSAGE][PASSED] - Test case file loaded This is the full filepath after converting to string :C:\Users\radhakrishnang2\Desktop\Commons_Automation\InputFiles\TC19_Canine_Filter_Diagnosis-RespCarciStg4.xlsx

2020-05-12 13:56:34 - [MESSAGE][INFO] - Global variable set for password file is :  C:\Users\radhakrishnang2\Desktop\Commons_Automation\InputFiles\TC19_Canine_Filter_Diagnosis-RespCarciStg4.xlsx

2020-05-12 13:56:34 - [MESSAGE][PASSED] - Data loaded from input file for the test case. 

2020-05-12 13:56:38 - [TEST_STEP][PASSED] - click(findTestObject("Object Repository/Canine/Canine_Cases_Btn")): Object: 'Object Repository/Canine/Canine_Cases_Btn' is clicked on

2020-05-12 13:56:38 - [MESSAGE][PASSED] - Object: 'Object Repository/Canine/Canine_Cases_Btn' is clicked on

2020-05-12 13:56:38 - [TEST_STEP][PASSED] - click(findTestObject("Object Repository/Canine/Filter/Diagnosis/DIAGNOSIS_Ddn")): Object: 'Object Repository/Canine/Filter/Diagnosis/DIAGNOSIS_Ddn' is clicked on

2020-05-12 13:56:39 - [MESSAGE][PASSED] - Object: 'Object Repository/Canine/Filter/Diagnosis/DIAGNOSIS_Ddn' is clicked on

2020-05-12 13:56:39 - [TEST_STEP][PASSED] - click(findTestObject("Object Repository/Canine/Filter/Diagnosis/RespiratoryCarciStg4_Chkbx")): Object: 'Object Repository/Canine/Filter/Diagnosis/RespiratoryCarciStg4_Chkbx' is clicked on

2020-05-12 13:56:40 - [MESSAGE][PASSED] - Object: 'Object Repository/Canine/Filter/Diagnosis/RespiratoryCarciStg4_Chkbx' is clicked on

2020-05-12 13:56:40 - [TEST_STEP][PASSED] - ctdc.utilities.runtestcaseforKatalon.ReadCasesTableKatalon("Object Repository/Canine/Canine_CasesTable", "Object Repository/Canine/Canine_TableHeader", "Object Repository/Canine/Canine_NextBtn"): ctdc.utilities.runtestcaseforKatalon.ReadCasesTableKatalon is PASSED

2020-05-12 13:56:41 - [MESSAGE][PASSED] - ctdc.utilities.runtestcaseforKatalon.ReadCasesTableKatalon is PASSED

2020-05-12 13:56:41 - [TEST_STEP][PASSED] - ctdc.utilities.ReadExcel.Neo4j(): ctdc.utilities.ReadExcel.Neo4j is PASSED

2020-05-12 13:56:45 - [MESSAGE][PASSED] - ctdc.utilities.ReadExcel.Neo4j is PASSED

2020-05-12 13:56:45 - [TEST_STEP][PASSED] - ctdc.utilities.runtestcaseforKatalon.compareLists(): ctdc.utilities.runtestcaseforKatalon.compareLists is PASSED

2020-05-12 13:56:45 - [MESSAGE][PASSED] - ctdc.utilities.runtestcaseforKatalon.compareLists is PASSED

2020-05-12 13:56:47 - [TEST_STEP][PASSED] - Video: Video recording for test case 'Test Cases/Canine_TestCases/Diagnosis/TC19_Canine_Filter_Diagnosis-RespCarciStg4' .

2020-05-12 13:56:47 - [MESSAGE][INFO] - Video recording for test case 'Test Cases/Canine_TestCases/Diagnosis/TC19_Canine_Filter_Diagnosis-RespCarciStg4' .
[[ATTACHMENT|C:\\Users\\radhakrishnang2\\Desktop\\Commons_Automation\\Reports\\20200512_133335\\Canine_TestSuite\\20200512_133335/videos\\test_65.avi]]]]></system-out>
         <system-err><![CDATA[]]></system-err>
      </testcase>
      <testcase name="Test Cases/Canine_TestCases/Diagnosis/TC20_Canine_Filter_Diagnosis-RespCarciStg5" time="32.164" classname="Test Cases/Canine_TestCases/Diagnosis/TC20_Canine_Filter_Diagnosis-RespCarciStg5" status="PASSED">
         <system-out><![CDATA[2020-05-12 13:56:47 - [TEST_CASE][PASSED] - Test Cases/Canine_TestCases/Diagnosis/TC20_Canine_Filter_Diagnosis-RespCarciStg5: Test Cases/Canine_TestCases/Diagnosis/TC20_Canine_Filter_Diagnosis-RespCarciStg5

2020-05-12 13:56:47 - [TEST_STEP][PASSED] - openBrowser(""): Browser is opened with url: ''

2020-05-12 13:56:47 - [MESSAGE][WARNING] - A browser is already opened. Closing browser and opening a new one

2020-05-12 13:56:48 - [MESSAGE][INFO] - Starting 'Firefox (headless)' driver

2020-05-12 13:56:52 - [MESSAGE][PASSED] - Browser is opened with url: ''

2020-05-12 13:56:52 - [TEST_STEP][PASSED] - ctdc.utilities.runtestcaseforKatalon.browserDriver(""): ctdc.utilities.runtestcaseforKatalon.browserDriver is PASSED

2020-05-12 13:56:52 - [MESSAGE][PASSED] - ctdc.utilities.runtestcaseforKatalon.browserDriver is PASSED

2020-05-12 13:56:52 - [TEST_STEP][PASSED] - ctdc.utilities.runtestcaseforKatalon.RunKatalon("TC01_Canine_Filter_Gender-CastratedMale.xlsx"): Data loaded from input file for the test case. 

2020-05-12 13:56:52 - [MESSAGE][PASSED] - Test case file loaded This is the full filepath after converting to string :C:\Users\radhakrishnang2\Desktop\Commons_Automation\InputFiles\TC01_Canine_Filter_Gender-CastratedMale.xlsx

2020-05-12 13:56:52 - [MESSAGE][INFO] - Global variable set for password file is :  C:\Users\radhakrishnang2\Desktop\Commons_Automation\InputFiles\TC01_Canine_Filter_Gender-CastratedMale.xlsx

2020-05-12 13:56:52 - [MESSAGE][PASSED] - Data loaded from input file for the test case. 

2020-05-12 13:57:03 - [TEST_STEP][PASSED] - click(findTestObject("Object Repository/Canine/Canine_Cases_Btn")): Object: 'Object Repository/Canine/Canine_Cases_Btn' is clicked on

2020-05-12 13:57:04 - [MESSAGE][PASSED] - Object: 'Object Repository/Canine/Canine_Cases_Btn' is clicked on

2020-05-12 13:57:04 - [TEST_STEP][PASSED] - click(findTestObject("Object Repository/Canine/Filter/Gender/GENDER_Ddn")): Object: 'Object Repository/Canine/Filter/Gender/GENDER_Ddn' is clicked on

2020-05-12 13:57:05 - [MESSAGE][PASSED] - Object: 'Object Repository/Canine/Filter/Gender/GENDER_Ddn' is clicked on

2020-05-12 13:57:05 - [TEST_STEP][PASSED] - click(findTestObject("Object Repository/Canine/Filter/Gender/CastratedMale_Chkbx")): Object: 'Object Repository/Canine/Filter/Gender/CastratedMale_Chkbx' is clicked on

2020-05-12 13:57:06 - [MESSAGE][PASSED] - Object: 'Object Repository/Canine/Filter/Gender/CastratedMale_Chkbx' is clicked on

2020-05-12 13:57:06 - [TEST_STEP][PASSED] - ctdc.utilities.runtestcaseforKatalon.ReadCasesTableKatalon("Object Repository/Canine/Canine_CasesTable", "Object Repository/Canine/Canine_TableHeader", "Object Repository/Canine/Canine_NextBtn"): ctdc.utilities.runtestcaseforKatalon.ReadCasesTableKatalon is PASSED

2020-05-12 13:57:14 - [MESSAGE][PASSED] - ctdc.utilities.runtestcaseforKatalon.ReadCasesTableKatalon is PASSED

2020-05-12 13:57:14 - [TEST_STEP][PASSED] - ctdc.utilities.ReadExcel.Neo4j(): ctdc.utilities.ReadExcel.Neo4j is PASSED

2020-05-12 13:57:17 - [MESSAGE][PASSED] - ctdc.utilities.ReadExcel.Neo4j is PASSED

2020-05-12 13:57:17 - [TEST_STEP][PASSED] - ctdc.utilities.runtestcaseforKatalon.compareLists(): ctdc.utilities.runtestcaseforKatalon.compareLists is PASSED

2020-05-12 13:57:17 - [MESSAGE][PASSED] - ctdc.utilities.runtestcaseforKatalon.compareLists is PASSED

2020-05-12 13:57:19 - [TEST_STEP][PASSED] - Video: Video recording for test case 'Test Cases/Canine_TestCases/Diagnosis/TC20_Canine_Filter_Diagnosis-RespCarciStg5' .

2020-05-12 13:57:19 - [MESSAGE][INFO] - Video recording for test case 'Test Cases/Canine_TestCases/Diagnosis/TC20_Canine_Filter_Diagnosis-RespCarciStg5' .
[[ATTACHMENT|C:\\Users\\radhakrishnang2\\Desktop\\Commons_Automation\\Reports\\20200512_133335\\Canine_TestSuite\\20200512_133335/videos\\test_66.avi]]]]></system-out>
         <system-err><![CDATA[]]></system-err>
      </testcase>
      <testcase name="Test Cases/Canine_TestCases/Gender/TC01_Canine_Filter_Gender-CastratedMale" time="26.804" classname="Test Cases/Canine_TestCases/Gender/TC01_Canine_Filter_Gender-CastratedMale" status="PASSED">
         <system-out><![CDATA[2020-05-12 13:57:19 - [TEST_CASE][PASSED] - Test Cases/Canine_TestCases/Gender/TC01_Canine_Filter_Gender-CastratedMale: Test Cases/Canine_TestCases/Gender/TC01_Canine_Filter_Gender-CastratedMale

2020-05-12 13:57:20 - [TEST_STEP][PASSED] - openBrowser(""): Browser is opened with url: ''

2020-05-12 13:57:20 - [MESSAGE][WARNING] - A browser is already opened. Closing browser and opening a new one

2020-05-12 13:57:21 - [MESSAGE][INFO] - Starting 'Firefox (headless)' driver

2020-05-12 13:57:24 - [MESSAGE][PASSED] - Browser is opened with url: ''

2020-05-12 13:57:24 - [TEST_STEP][PASSED] - ctdc.utilities.runtestcaseforKatalon.browserDriver(""): ctdc.utilities.runtestcaseforKatalon.browserDriver is PASSED

2020-05-12 13:57:24 - [MESSAGE][PASSED] - ctdc.utilities.runtestcaseforKatalon.browserDriver is PASSED

2020-05-12 13:57:24 - [TEST_STEP][PASSED] - ctdc.utilities.runtestcaseforKatalon.RunKatalon("TC01_Canine_Filter_Gender-CastratedMale.xlsx"): Data loaded from input file for the test case. 

2020-05-12 13:57:24 - [MESSAGE][PASSED] - Test case file loaded This is the full filepath after converting to string :C:\Users\radhakrishnang2\Desktop\Commons_Automation\InputFiles\TC01_Canine_Filter_Gender-CastratedMale.xlsx

2020-05-12 13:57:24 - [MESSAGE][INFO] - Global variable set for password file is :  C:\Users\radhakrishnang2\Desktop\Commons_Automation\InputFiles\TC01_Canine_Filter_Gender-CastratedMale.xlsx

2020-05-12 13:57:24 - [MESSAGE][PASSED] - Data loaded from input file for the test case. 

2020-05-12 13:57:30 - [TEST_STEP][PASSED] - click(findTestObject("Object Repository/Canine/Canine_Cases_Btn")): Object: 'Object Repository/Canine/Canine_Cases_Btn' is clicked on

2020-05-12 13:57:30 - [MESSAGE][PASSED] - Object: 'Object Repository/Canine/Canine_Cases_Btn' is clicked on

2020-05-12 13:57:30 - [TEST_STEP][PASSED] - click(findTestObject("Object Repository/Canine/Filter/Gender/GENDER_Ddn")): Object: 'Object Repository/Canine/Filter/Gender/GENDER_Ddn' is clicked on

2020-05-12 13:57:32 - [MESSAGE][PASSED] - Object: 'Object Repository/Canine/Filter/Gender/GENDER_Ddn' is clicked on

2020-05-12 13:57:32 - [TEST_STEP][PASSED] - click(findTestObject("Object Repository/Canine/Filter/Gender/CastratedMale_Chkbx")): Object: 'Object Repository/Canine/Filter/Gender/CastratedMale_Chkbx' is clicked on

2020-05-12 13:57:33 - [MESSAGE][PASSED] - Object: 'Object Repository/Canine/Filter/Gender/CastratedMale_Chkbx' is clicked on

2020-05-12 13:57:33 - [TEST_STEP][PASSED] - ctdc.utilities.runtestcaseforKatalon.ReadCasesTableKatalon("Object Repository/Canine/Canine_CasesTable", "Object Repository/Canine/Canine_TableHeader", "Object Repository/Canine/Canine_NextBtn"): ctdc.utilities.runtestcaseforKatalon.ReadCasesTableKatalon is PASSED

2020-05-12 13:57:41 - [MESSAGE][PASSED] - ctdc.utilities.runtestcaseforKatalon.ReadCasesTableKatalon is PASSED

2020-05-12 13:57:41 - [TEST_STEP][PASSED] - ctdc.utilities.ReadExcel.Neo4j(): ctdc.utilities.ReadExcel.Neo4j is PASSED

2020-05-12 13:57:44 - [MESSAGE][PASSED] - ctdc.utilities.ReadExcel.Neo4j is PASSED

2020-05-12 13:57:44 - [TEST_STEP][PASSED] - ctdc.utilities.runtestcaseforKatalon.compareLists(): ctdc.utilities.runtestcaseforKatalon.compareLists is PASSED

2020-05-12 13:57:44 - [MESSAGE][PASSED] - ctdc.utilities.runtestcaseforKatalon.compareLists is PASSED

2020-05-12 13:57:46 - [TEST_STEP][PASSED] - Video: Video recording for test case 'Test Cases/Canine_TestCases/Gender/TC01_Canine_Filter_Gender-CastratedMale' .

2020-05-12 13:57:46 - [MESSAGE][INFO] - Video recording for test case 'Test Cases/Canine_TestCases/Gender/TC01_Canine_Filter_Gender-CastratedMale' .
[[ATTACHMENT|C:\\Users\\radhakrishnang2\\Desktop\\Commons_Automation\\Reports\\20200512_133335\\Canine_TestSuite\\20200512_133335/videos\\test_67.avi]]]]></system-out>
         <system-err><![CDATA[]]></system-err>
      </testcase>
      <testcase name="Test Cases/Canine_TestCases/Gender/TC02_Canine_Filter_Gender-Female" time="25.028" classname="Test Cases/Canine_TestCases/Gender/TC02_Canine_Filter_Gender-Female" status="PASSED">
         <system-out><![CDATA[2020-05-12 13:57:46 - [TEST_CASE][PASSED] - Test Cases/Canine_TestCases/Gender/TC02_Canine_Filter_Gender-Female: Test Cases/Canine_TestCases/Gender/TC02_Canine_Filter_Gender-Female

2020-05-12 13:57:46 - [TEST_STEP][PASSED] - openBrowser(""): Browser is opened with url: ''

2020-05-12 13:57:46 - [MESSAGE][WARNING] - A browser is already opened. Closing browser and opening a new one

2020-05-12 13:57:47 - [MESSAGE][INFO] - Starting 'Firefox (headless)' driver

2020-05-12 13:57:51 - [MESSAGE][PASSED] - Browser is opened with url: ''

2020-05-12 13:57:51 - [TEST_STEP][PASSED] - ctdc.utilities.runtestcaseforKatalon.browserDriver(""): ctdc.utilities.runtestcaseforKatalon.browserDriver is PASSED

2020-05-12 13:57:51 - [MESSAGE][PASSED] - ctdc.utilities.runtestcaseforKatalon.browserDriver is PASSED

2020-05-12 13:57:51 - [TEST_STEP][PASSED] - ctdc.utilities.runtestcaseforKatalon.RunKatalon("TC02_Canine_Filter_Gender-Female.xlsx"): Data loaded from input file for the test case. 

2020-05-12 13:57:51 - [MESSAGE][PASSED] - Test case file loaded This is the full filepath after converting to string :C:\Users\radhakrishnang2\Desktop\Commons_Automation\InputFiles\TC02_Canine_Filter_Gender-Female.xlsx

2020-05-12 13:57:51 - [MESSAGE][INFO] - Global variable set for password file is :  C:\Users\radhakrishnang2\Desktop\Commons_Automation\InputFiles\TC02_Canine_Filter_Gender-Female.xlsx

2020-05-12 13:57:51 - [MESSAGE][PASSED] - Data loaded from input file for the test case. 

2020-05-12 13:57:57 - [TEST_STEP][PASSED] - click(findTestObject("Object Repository/Canine/Canine_Cases_Btn")): Object: 'Object Repository/Canine/Canine_Cases_Btn' is clicked on

2020-05-12 13:57:57 - [MESSAGE][PASSED] - Object: 'Object Repository/Canine/Canine_Cases_Btn' is clicked on

2020-05-12 13:57:57 - [TEST_STEP][PASSED] - click(findTestObject("Object Repository/Canine/Filter/Gender/GENDER_Ddn")): Object: 'Object Repository/Canine/Filter/Gender/GENDER_Ddn' is clicked on

2020-05-12 13:57:59 - [MESSAGE][PASSED] - Object: 'Object Repository/Canine/Filter/Gender/GENDER_Ddn' is clicked on

2020-05-12 13:57:59 - [TEST_STEP][PASSED] - click(findTestObject("Object Repository/Canine/Filter/Gender/Female_Chkbx")): Object: 'Object Repository/Canine/Filter/Gender/Female_Chkbx' is clicked on

2020-05-12 13:57:59 - [MESSAGE][PASSED] - Object: 'Object Repository/Canine/Filter/Gender/Female_Chkbx' is clicked on

2020-05-12 13:57:59 - [TEST_STEP][PASSED] - ctdc.utilities.runtestcaseforKatalon.ReadCasesTableKatalon("Object Repository/Canine/Canine_CasesTable", "Object Repository/Canine/Canine_TableHeader", "Object Repository/Canine/Canine_NextBtn"): ctdc.utilities.runtestcaseforKatalon.ReadCasesTableKatalon is PASSED

2020-05-12 13:58:06 - [MESSAGE][PASSED] - ctdc.utilities.runtestcaseforKatalon.ReadCasesTableKatalon is PASSED

2020-05-12 13:58:06 - [TEST_STEP][PASSED] - ctdc.utilities.ReadExcel.Neo4j(): ctdc.utilities.ReadExcel.Neo4j is PASSED

2020-05-12 13:58:09 - [MESSAGE][PASSED] - ctdc.utilities.ReadExcel.Neo4j is PASSED

2020-05-12 13:58:09 - [TEST_STEP][PASSED] - ctdc.utilities.runtestcaseforKatalon.compareLists(): ctdc.utilities.runtestcaseforKatalon.compareLists is PASSED

2020-05-12 13:58:09 - [MESSAGE][PASSED] - ctdc.utilities.runtestcaseforKatalon.compareLists is PASSED

2020-05-12 13:58:11 - [TEST_STEP][PASSED] - Video: Video recording for test case 'Test Cases/Canine_TestCases/Gender/TC02_Canine_Filter_Gender-Female' .

2020-05-12 13:58:11 - [MESSAGE][INFO] - Video recording for test case 'Test Cases/Canine_TestCases/Gender/TC02_Canine_Filter_Gender-Female' .
[[ATTACHMENT|C:\\Users\\radhakrishnang2\\Desktop\\Commons_Automation\\Reports\\20200512_133335\\Canine_TestSuite\\20200512_133335/videos\\test_68.avi]]]]></system-out>
         <system-err><![CDATA[]]></system-err>
      </testcase>
      <testcase name="Test Cases/Canine_TestCases/Gender/TC03_Canine_Filter_Gender-FemalePheno" time="22.462" classname="Test Cases/Canine_TestCases/Gender/TC03_Canine_Filter_Gender-FemalePheno" status="PASSED">
         <system-out><![CDATA[2020-05-12 13:58:11 - [TEST_CASE][PASSED] - Test Cases/Canine_TestCases/Gender/TC03_Canine_Filter_Gender-FemalePheno: Test Cases/Canine_TestCases/Gender/TC03_Canine_Filter_Gender-FemalePheno

2020-05-12 13:58:11 - [TEST_STEP][PASSED] - openBrowser(""): Browser is opened with url: ''

2020-05-12 13:58:11 - [MESSAGE][WARNING] - A browser is already opened. Closing browser and opening a new one

2020-05-12 13:58:12 - [MESSAGE][INFO] - Starting 'Firefox (headless)' driver

2020-05-12 13:58:16 - [MESSAGE][PASSED] - Browser is opened with url: ''

2020-05-12 13:58:16 - [TEST_STEP][PASSED] - ctdc.utilities.runtestcaseforKatalon.browserDriver(""): ctdc.utilities.runtestcaseforKatalon.browserDriver is PASSED

2020-05-12 13:58:16 - [MESSAGE][PASSED] - ctdc.utilities.runtestcaseforKatalon.browserDriver is PASSED

2020-05-12 13:58:16 - [TEST_STEP][PASSED] - ctdc.utilities.runtestcaseforKatalon.RunKatalon("TC03_Canine_Filter_Gender-FemalePheno.xlsx"): Data loaded from input file for the test case. 

2020-05-12 13:58:16 - [MESSAGE][PASSED] - Test case file loaded This is the full filepath after converting to string :C:\Users\radhakrishnang2\Desktop\Commons_Automation\InputFiles\TC03_Canine_Filter_Gender-FemalePheno.xlsx

2020-05-12 13:58:16 - [MESSAGE][INFO] - Global variable set for password file is :  C:\Users\radhakrishnang2\Desktop\Commons_Automation\InputFiles\TC03_Canine_Filter_Gender-FemalePheno.xlsx

2020-05-12 13:58:16 - [MESSAGE][PASSED] - Data loaded from input file for the test case. 

2020-05-12 13:58:24 - [TEST_STEP][PASSED] - click(findTestObject("Object Repository/Canine/Canine_Cases_Btn")): Object: 'Object Repository/Canine/Canine_Cases_Btn' is clicked on

2020-05-12 13:58:24 - [MESSAGE][PASSED] - Object: 'Object Repository/Canine/Canine_Cases_Btn' is clicked on

2020-05-12 13:58:24 - [TEST_STEP][PASSED] - click(findTestObject("Object Repository/Canine/Filter/Gender/GENDER_Ddn")): Object: 'Object Repository/Canine/Filter/Gender/GENDER_Ddn' is clicked on

2020-05-12 13:58:26 - [MESSAGE][PASSED] - Object: 'Object Repository/Canine/Filter/Gender/GENDER_Ddn' is clicked on

2020-05-12 13:58:26 - [TEST_STEP][PASSED] - click(findTestObject("Object Repository/Canine/Filter/Gender/FemalePhenotype_Chkbx")): Object: 'Object Repository/Canine/Filter/Gender/FemalePhenotype_Chkbx' is clicked on

2020-05-12 13:58:27 - [MESSAGE][PASSED] - Object: 'Object Repository/Canine/Filter/Gender/FemalePhenotype_Chkbx' is clicked on

2020-05-12 13:58:27 - [TEST_STEP][PASSED] - ctdc.utilities.runtestcaseforKatalon.ReadCasesTableKatalon("Object Repository/Canine/Canine_CasesTable", "Object Repository/Canine/Canine_TableHeader", "Object Repository/Canine/Canine_NextBtn"): ctdc.utilities.runtestcaseforKatalon.ReadCasesTableKatalon is PASSED

2020-05-12 13:58:28 - [MESSAGE][PASSED] - ctdc.utilities.runtestcaseforKatalon.ReadCasesTableKatalon is PASSED

2020-05-12 13:58:28 - [TEST_STEP][PASSED] - ctdc.utilities.ReadExcel.Neo4j(): ctdc.utilities.ReadExcel.Neo4j is PASSED

2020-05-12 13:58:31 - [MESSAGE][PASSED] - ctdc.utilities.ReadExcel.Neo4j is PASSED

2020-05-12 13:58:31 - [TEST_STEP][PASSED] - ctdc.utilities.runtestcaseforKatalon.compareLists(): ctdc.utilities.runtestcaseforKatalon.compareLists is PASSED

2020-05-12 13:58:31 - [MESSAGE][PASSED] - ctdc.utilities.runtestcaseforKatalon.compareLists is PASSED

2020-05-12 13:58:33 - [TEST_STEP][PASSED] - Video: Video recording for test case 'Test Cases/Canine_TestCases/Gender/TC03_Canine_Filter_Gender-FemalePheno' .

2020-05-12 13:58:33 - [MESSAGE][INFO] - Video recording for test case 'Test Cases/Canine_TestCases/Gender/TC03_Canine_Filter_Gender-FemalePheno' .
[[ATTACHMENT|C:\\Users\\radhakrishnang2\\Desktop\\Commons_Automation\\Reports\\20200512_133335\\Canine_TestSuite\\20200512_133335/videos\\test_69.avi]]]]></system-out>
         <system-err><![CDATA[]]></system-err>
      </testcase>
      <testcase name="Test Cases/Canine_TestCases/Gender/TC04_Canine_Filter_Gender-Male" time="23.306" classname="Test Cases/Canine_TestCases/Gender/TC04_Canine_Filter_Gender-Male" status="PASSED">
         <system-out><![CDATA[2020-05-12 13:58:33 - [TEST_CASE][PASSED] - Test Cases/Canine_TestCases/Gender/TC04_Canine_Filter_Gender-Male: Test Cases/Canine_TestCases/Gender/TC04_Canine_Filter_Gender-Male

2020-05-12 13:58:34 - [TEST_STEP][PASSED] - openBrowser(""): Browser is opened with url: ''

2020-05-12 13:58:34 - [MESSAGE][WARNING] - A browser is already opened. Closing browser and opening a new one

2020-05-12 13:58:35 - [MESSAGE][INFO] - Starting 'Firefox (headless)' driver

2020-05-12 13:58:38 - [MESSAGE][PASSED] - Browser is opened with url: ''

2020-05-12 13:58:38 - [TEST_STEP][PASSED] - ctdc.utilities.runtestcaseforKatalon.browserDriver(""): ctdc.utilities.runtestcaseforKatalon.browserDriver is PASSED

2020-05-12 13:58:38 - [MESSAGE][PASSED] - ctdc.utilities.runtestcaseforKatalon.browserDriver is PASSED

2020-05-12 13:58:38 - [TEST_STEP][PASSED] - ctdc.utilities.runtestcaseforKatalon.RunKatalon("TC04_Canine_Filter_Gender-Male.xlsx"): Data loaded from input file for the test case. 

2020-05-12 13:58:38 - [MESSAGE][PASSED] - Test case file loaded This is the full filepath after converting to string :C:\Users\radhakrishnang2\Desktop\Commons_Automation\InputFiles\TC04_Canine_Filter_Gender-Male.xlsx

2020-05-12 13:58:38 - [MESSAGE][INFO] - Global variable set for password file is :  C:\Users\radhakrishnang2\Desktop\Commons_Automation\InputFiles\TC04_Canine_Filter_Gender-Male.xlsx

2020-05-12 13:58:38 - [MESSAGE][PASSED] - Data loaded from input file for the test case. 

2020-05-12 13:58:44 - [TEST_STEP][PASSED] - click(findTestObject("Object Repository/Canine/Canine_Cases_Btn")): Object: 'Object Repository/Canine/Canine_Cases_Btn' is clicked on

2020-05-12 13:58:44 - [MESSAGE][PASSED] - Object: 'Object Repository/Canine/Canine_Cases_Btn' is clicked on

2020-05-12 13:58:44 - [TEST_STEP][PASSED] - click(findTestObject("Object Repository/Canine/Filter/Gender/GENDER_Ddn")): Object: 'Object Repository/Canine/Filter/Gender/GENDER_Ddn' is clicked on

2020-05-12 13:58:45 - [MESSAGE][PASSED] - Object: 'Object Repository/Canine/Filter/Gender/GENDER_Ddn' is clicked on

2020-05-12 13:58:45 - [TEST_STEP][PASSED] - click(findTestObject("Object Repository/Canine/Filter/Gender/Male_Chkbx")): Object: 'Object Repository/Canine/Filter/Gender/Male_Chkbx' is clicked on

2020-05-12 13:58:46 - [MESSAGE][PASSED] - Object: 'Object Repository/Canine/Filter/Gender/Male_Chkbx' is clicked on

2020-05-12 13:58:46 - [TEST_STEP][PASSED] - ctdc.utilities.runtestcaseforKatalon.ReadCasesTableKatalon("Object Repository/Canine/Canine_CasesTable", "Object Repository/Canine/Canine_TableHeader", "Object Repository/Canine/Canine_NextBtn"): ctdc.utilities.runtestcaseforKatalon.ReadCasesTableKatalon is PASSED

2020-05-12 13:58:51 - [MESSAGE][PASSED] - ctdc.utilities.runtestcaseforKatalon.ReadCasesTableKatalon is PASSED

2020-05-12 13:58:51 - [TEST_STEP][PASSED] - ctdc.utilities.ReadExcel.Neo4j(): ctdc.utilities.ReadExcel.Neo4j is PASSED

2020-05-12 13:58:55 - [MESSAGE][PASSED] - ctdc.utilities.ReadExcel.Neo4j is PASSED

2020-05-12 13:58:55 - [TEST_STEP][PASSED] - ctdc.utilities.runtestcaseforKatalon.compareLists(): ctdc.utilities.runtestcaseforKatalon.compareLists is PASSED

2020-05-12 13:58:55 - [MESSAGE][PASSED] - ctdc.utilities.runtestcaseforKatalon.compareLists is PASSED

2020-05-12 13:58:57 - [TEST_STEP][PASSED] - Video: Video recording for test case 'Test Cases/Canine_TestCases/Gender/TC04_Canine_Filter_Gender-Male' .

2020-05-12 13:58:57 - [MESSAGE][INFO] - Video recording for test case 'Test Cases/Canine_TestCases/Gender/TC04_Canine_Filter_Gender-Male' .
[[ATTACHMENT|C:\\Users\\radhakrishnang2\\Desktop\\Commons_Automation\\Reports\\20200512_133335\\Canine_TestSuite\\20200512_133335/videos\\test_70.avi]]]]></system-out>
         <system-err><![CDATA[]]></system-err>
      </testcase>
      <testcase name="Test Cases/Canine_TestCases/Gender/TC05_Canine_Filter_Gender-MalePheno" time="17.844" classname="Test Cases/Canine_TestCases/Gender/TC05_Canine_Filter_Gender-MalePheno" status="PASSED">
         <system-out><![CDATA[2020-05-12 13:58:57 - [TEST_CASE][PASSED] - Test Cases/Canine_TestCases/Gender/TC05_Canine_Filter_Gender-MalePheno: Test Cases/Canine_TestCases/Gender/TC05_Canine_Filter_Gender-MalePheno

2020-05-12 13:58:57 - [TEST_STEP][PASSED] - openBrowser(""): Browser is opened with url: ''

2020-05-12 13:58:57 - [MESSAGE][WARNING] - A browser is already opened. Closing browser and opening a new one

2020-05-12 13:58:58 - [MESSAGE][INFO] - Starting 'Firefox (headless)' driver

2020-05-12 13:59:01 - [MESSAGE][PASSED] - Browser is opened with url: ''

2020-05-12 13:59:01 - [TEST_STEP][PASSED] - ctdc.utilities.runtestcaseforKatalon.browserDriver(""): ctdc.utilities.runtestcaseforKatalon.browserDriver is PASSED

2020-05-12 13:59:02 - [MESSAGE][PASSED] - ctdc.utilities.runtestcaseforKatalon.browserDriver is PASSED

2020-05-12 13:59:02 - [TEST_STEP][PASSED] - ctdc.utilities.runtestcaseforKatalon.RunKatalon("TC05_Canine_Filter_Gender-MalePheno.xlsx"): Data loaded from input file for the test case. 

2020-05-12 13:59:02 - [MESSAGE][PASSED] - Test case file loaded This is the full filepath after converting to string :C:\Users\radhakrishnang2\Desktop\Commons_Automation\InputFiles\TC05_Canine_Filter_Gender-MalePheno.xlsx

2020-05-12 13:59:02 - [MESSAGE][INFO] - Global variable set for password file is :  C:\Users\radhakrishnang2\Desktop\Commons_Automation\InputFiles\TC05_Canine_Filter_Gender-MalePheno.xlsx

2020-05-12 13:59:02 - [MESSAGE][PASSED] - Data loaded from input file for the test case. 

2020-05-12 13:59:05 - [TEST_STEP][PASSED] - click(findTestObject("Object Repository/Canine/Canine_Cases_Btn")): Object: 'Object Repository/Canine/Canine_Cases_Btn' is clicked on

2020-05-12 13:59:05 - [MESSAGE][PASSED] - Object: 'Object Repository/Canine/Canine_Cases_Btn' is clicked on

2020-05-12 13:59:05 - [TEST_STEP][PASSED] - click(findTestObject("Object Repository/Canine/Filter/Gender/GENDER_Ddn")): Object: 'Object Repository/Canine/Filter/Gender/GENDER_Ddn' is clicked on

2020-05-12 13:59:07 - [MESSAGE][PASSED] - Object: 'Object Repository/Canine/Filter/Gender/GENDER_Ddn' is clicked on

2020-05-12 13:59:07 - [TEST_STEP][PASSED] - click(findTestObject("Object Repository/Canine/Filter/Gender/MalePhenotype_Chkbx")): Object: 'Object Repository/Canine/Filter/Gender/MalePhenotype_Chkbx' is clicked on

2020-05-12 13:59:07 - [MESSAGE][PASSED] - Object: 'Object Repository/Canine/Filter/Gender/MalePhenotype_Chkbx' is clicked on

2020-05-12 13:59:07 - [TEST_STEP][PASSED] - ctdc.utilities.runtestcaseforKatalon.ReadCasesTableKatalon("Object Repository/Canine/Canine_CasesTable", "Object Repository/Canine/Canine_TableHeader", "Object Repository/Canine/Canine_NextBtn"): ctdc.utilities.runtestcaseforKatalon.ReadCasesTableKatalon is PASSED

2020-05-12 13:59:09 - [MESSAGE][PASSED] - ctdc.utilities.runtestcaseforKatalon.ReadCasesTableKatalon is PASSED

2020-05-12 13:59:09 - [TEST_STEP][PASSED] - ctdc.utilities.ReadExcel.Neo4j(): ctdc.utilities.ReadExcel.Neo4j is PASSED

2020-05-12 13:59:13 - [MESSAGE][PASSED] - ctdc.utilities.ReadExcel.Neo4j is PASSED

2020-05-12 13:59:13 - [TEST_STEP][PASSED] - ctdc.utilities.runtestcaseforKatalon.compareLists(): ctdc.utilities.runtestcaseforKatalon.compareLists is PASSED

2020-05-12 13:59:13 - [MESSAGE][PASSED] - ctdc.utilities.runtestcaseforKatalon.compareLists is PASSED

2020-05-12 13:59:15 - [TEST_STEP][PASSED] - Video: Video recording for test case 'Test Cases/Canine_TestCases/Gender/TC05_Canine_Filter_Gender-MalePheno' .

2020-05-12 13:59:15 - [MESSAGE][INFO] - Video recording for test case 'Test Cases/Canine_TestCases/Gender/TC05_Canine_Filter_Gender-MalePheno' .
[[ATTACHMENT|C:\\Users\\radhakrishnang2\\Desktop\\Commons_Automation\\Reports\\20200512_133335\\Canine_TestSuite\\20200512_133335/videos\\test_71.avi]]]]></system-out>
         <system-err><![CDATA[]]></system-err>
      </testcase>
      <testcase name="Test Cases/Canine_TestCases/Gender/TC06_Canine_Filter_Gender-SpayedFemale" time="21.402" classname="Test Cases/Canine_TestCases/Gender/TC06_Canine_Filter_Gender-SpayedFemale" status="PASSED">
         <system-out><![CDATA[2020-05-12 13:59:15 - [TEST_CASE][PASSED] - Test Cases/Canine_TestCases/Gender/TC06_Canine_Filter_Gender-SpayedFemale: Test Cases/Canine_TestCases/Gender/TC06_Canine_Filter_Gender-SpayedFemale

2020-05-12 13:59:15 - [TEST_STEP][PASSED] - openBrowser(""): Browser is opened with url: ''

2020-05-12 13:59:15 - [MESSAGE][WARNING] - A browser is already opened. Closing browser and opening a new one

2020-05-12 13:59:16 - [MESSAGE][INFO] - Starting 'Firefox (headless)' driver

2020-05-12 13:59:20 - [MESSAGE][PASSED] - Browser is opened with url: ''

2020-05-12 13:59:20 - [TEST_STEP][PASSED] - ctdc.utilities.runtestcaseforKatalon.browserDriver(""): ctdc.utilities.runtestcaseforKatalon.browserDriver is PASSED

2020-05-12 13:59:20 - [MESSAGE][PASSED] - ctdc.utilities.runtestcaseforKatalon.browserDriver is PASSED

2020-05-12 13:59:20 - [TEST_STEP][PASSED] - ctdc.utilities.runtestcaseforKatalon.RunKatalon("TC06_Canine_Filter_Gender-SpayedFemale.xlsx"): Data loaded from input file for the test case. 

2020-05-12 13:59:20 - [MESSAGE][PASSED] - Test case file loaded This is the full filepath after converting to string :C:\Users\radhakrishnang2\Desktop\Commons_Automation\InputFiles\TC06_Canine_Filter_Gender-SpayedFemale.xlsx

2020-05-12 13:59:20 - [MESSAGE][INFO] - Global variable set for password file is :  C:\Users\radhakrishnang2\Desktop\Commons_Automation\InputFiles\TC06_Canine_Filter_Gender-SpayedFemale.xlsx

2020-05-12 13:59:20 - [MESSAGE][PASSED] - Data loaded from input file for the test case. 

2020-05-12 13:59:23 - [TEST_STEP][PASSED] - click(findTestObject("Object Repository/Canine/Canine_Cases_Btn")): Object: 'Object Repository/Canine/Canine_Cases_Btn' is clicked on

2020-05-12 13:59:23 - [MESSAGE][PASSED] - Object: 'Object Repository/Canine/Canine_Cases_Btn' is clicked on

2020-05-12 13:59:23 - [TEST_STEP][PASSED] - click(findTestObject("Object Repository/Canine/Filter/Gender/GENDER_Ddn")): Object: 'Object Repository/Canine/Filter/Gender/GENDER_Ddn' is clicked on

2020-05-12 13:59:25 - [MESSAGE][PASSED] - Object: 'Object Repository/Canine/Filter/Gender/GENDER_Ddn' is clicked on

2020-05-12 13:59:25 - [TEST_STEP][PASSED] - click(findTestObject("Object Repository/Canine/Filter/Gender/SpayedFemale_Chkbx")): Object: 'Object Repository/Canine/Filter/Gender/SpayedFemale_Chkbx' is clicked on

2020-05-12 13:59:25 - [MESSAGE][PASSED] - Object: 'Object Repository/Canine/Filter/Gender/SpayedFemale_Chkbx' is clicked on

2020-05-12 13:59:25 - [TEST_STEP][PASSED] - ctdc.utilities.runtestcaseforKatalon.ReadCasesTableKatalon("Object Repository/Canine/Canine_CasesTable", "Object Repository/Canine/Canine_TableHeader", "Object Repository/Canine/Canine_NextBtn"): ctdc.utilities.runtestcaseforKatalon.ReadCasesTableKatalon is PASSED

2020-05-12 13:59:31 - [MESSAGE][PASSED] - ctdc.utilities.runtestcaseforKatalon.ReadCasesTableKatalon is PASSED

2020-05-12 13:59:31 - [TEST_STEP][PASSED] - ctdc.utilities.ReadExcel.Neo4j(): ctdc.utilities.ReadExcel.Neo4j is PASSED

2020-05-12 13:59:34 - [MESSAGE][PASSED] - ctdc.utilities.ReadExcel.Neo4j is PASSED

2020-05-12 13:59:34 - [TEST_STEP][PASSED] - ctdc.utilities.runtestcaseforKatalon.compareLists(): ctdc.utilities.runtestcaseforKatalon.compareLists is PASSED

2020-05-12 13:59:34 - [MESSAGE][PASSED] - ctdc.utilities.runtestcaseforKatalon.compareLists is PASSED

2020-05-12 13:59:36 - [TEST_STEP][PASSED] - Video: Video recording for test case 'Test Cases/Canine_TestCases/Gender/TC06_Canine_Filter_Gender-SpayedFemale' .

2020-05-12 13:59:36 - [MESSAGE][INFO] - Video recording for test case 'Test Cases/Canine_TestCases/Gender/TC06_Canine_Filter_Gender-SpayedFemale' .
[[ATTACHMENT|C:\\Users\\radhakrishnang2\\Desktop\\Commons_Automation\\Reports\\20200512_133335\\Canine_TestSuite\\20200512_133335/videos\\test_72.avi]]]]></system-out>
         <system-err><![CDATA[]]></system-err>
      </testcase>
      <testcase name="Test Cases/Canine_TestCases/TC_Filter_canine_END_TO_END_Sanbox" time="12.349" classname="Test Cases/Canine_TestCases/TC_Filter_canine_END_TO_END_Sanbox" status="PASSED">
         <system-out><![CDATA[2020-05-12 13:59:36 - [TEST_CASE][PASSED] - Test Cases/Canine_TestCases/TC_Filter_canine_END_TO_END_Sanbox: Test Cases/Canine_TestCases/TC_Filter_canine_END_TO_END_Sanbox

2020-05-12 13:59:36 - [TEST_STEP][PASSED] - openBrowser(""): Browser is opened with url: ''

2020-05-12 13:59:36 - [MESSAGE][WARNING] - A browser is already opened. Closing browser and opening a new one

2020-05-12 13:59:37 - [MESSAGE][INFO] - Starting 'Firefox (headless)' driver

2020-05-12 13:59:40 - [MESSAGE][PASSED] - Browser is opened with url: ''

2020-05-12 13:59:40 - [TEST_STEP][PASSED] - ctdc.utilities.runtestcaseforKatalon.browserDriver(""): ctdc.utilities.runtestcaseforKatalon.browserDriver is PASSED

2020-05-12 13:59:40 - [MESSAGE][PASSED] - ctdc.utilities.runtestcaseforKatalon.browserDriver is PASSED

2020-05-12 13:59:40 - [TEST_STEP][PASSED] - ctdc.utilities.runtestcaseforKatalon.RunKatalon("Password_canine.xlsx"): Data loaded from input file for the test case. 

2020-05-12 13:59:40 - [MESSAGE][PASSED] - Test case file loaded This is the full filepath after converting to string :C:\Users\radhakrishnang2\Desktop\Commons_Automation\InputFiles\Password_canine.xlsx

2020-05-12 13:59:40 - [MESSAGE][INFO] - Global variable set for password file is :  C:\Users\radhakrishnang2\Desktop\Commons_Automation\InputFiles\Password_canine.xlsx

2020-05-12 13:59:40 - [MESSAGE][PASSED] - Data loaded from input file for the test case. 

2020-05-12 13:59:43 - [TEST_STEP][PASSED] - click(findTestObject("Canine/Canine_Cases_Btn")): Object: 'Object Repository/Canine/Canine_Cases_Btn' is clicked on

2020-05-12 13:59:43 - [MESSAGE][PASSED] - Object: 'Object Repository/Canine/Canine_Cases_Btn' is clicked on

2020-05-12 13:59:43 - [TEST_STEP][PASSED] - waitForElementPresent(findTestObject("Canine/Canine_CasesTable"), 5): Object 'Object Repository/Canine/Canine_CasesTable' is present

2020-05-12 13:59:44 - [MESSAGE][PASSED] - Object 'Object Repository/Canine/Canine_CasesTable' is present

2020-05-12 13:59:44 - [TEST_STEP][PASSED] - click(findTestObject("Canine/Canine_SelectAll")): Object: 'Object Repository/Canine/Canine_SelectAll' is clicked on

2020-05-12 13:59:45 - [MESSAGE][PASSED] - Object: 'Object Repository/Canine/Canine_SelectAll' is clicked on

2020-05-12 13:59:45 - [TEST_STEP][PASSED] - click(findTestObject("Canine/Canine_SaveToMycases")): Object: 'Object Repository/Canine/Canine_SaveToMycases' is clicked on

2020-05-12 13:59:45 - [MESSAGE][PASSED] - Object: 'Object Repository/Canine/Canine_SaveToMycases' is clicked on

2020-05-12 13:59:45 - [TEST_STEP][PASSED] - click(findTestObject("Canine/Canine_MyCases")): Object: 'Object Repository/Canine/Canine_MyCases' is clicked on

2020-05-12 13:59:45 - [MESSAGE][PASSED] - Object: 'Object Repository/Canine/Canine_MyCases' is clicked on

2020-05-12 13:59:45 - [TEST_STEP][PASSED] - click(findTestObject("Canine/Canine_GoToFiles")): Object: 'Object Repository/Canine/Canine_GoToFiles' is clicked on

2020-05-12 13:59:45 - [MESSAGE][PASSED] - Object: 'Object Repository/Canine/Canine_GoToFiles' is clicked on

2020-05-12 13:59:45 - [TEST_STEP][PASSED] - click(findTestObject("Canine/Canine_SelectAll")): Object: 'Object Repository/Canine/Canine_SelectAll' is clicked on

2020-05-12 13:59:46 - [MESSAGE][PASSED] - Object: 'Object Repository/Canine/Canine_SelectAll' is clicked on

2020-05-12 13:59:46 - [TEST_STEP][PASSED] - click(findTestObject("Canine/Canine_DownloadManifest")): Object: 'Object Repository/Canine/Canine_DownloadManifest' is clicked on

2020-05-12 13:59:46 - [MESSAGE][PASSED] - Object: 'Object Repository/Canine/Canine_DownloadManifest' is clicked on

2020-05-12 13:59:48 - [TEST_STEP][PASSED] - Video: Video recording for test case 'Test Cases/Canine_TestCases/TC_Filter_canine_END_TO_END_Sanbox' .

2020-05-12 13:59:48 - [MESSAGE][INFO] - Video recording for test case 'Test Cases/Canine_TestCases/TC_Filter_canine_END_TO_END_Sanbox' .
[[ATTACHMENT|C:\\Users\\radhakrishnang2\\Desktop\\Commons_Automation\\Reports\\20200512_133335\\Canine_TestSuite\\20200512_133335/videos\\test_73.avi]]]]></system-out>
         <system-err><![CDATA[]]></system-err>
      </testcase>
      <testcase name="Test Cases/Canine_TestCases/TC_Filter_canine_END_TO_END_TWOCASES_Sanbox" time="14.007" classname="Test Cases/Canine_TestCases/TC_Filter_canine_END_TO_END_TWOCASES_Sanbox" status="PASSED">
         <system-out><![CDATA[2020-05-12 13:59:48 - [TEST_CASE][PASSED] - Test Cases/Canine_TestCases/TC_Filter_canine_END_TO_END_TWOCASES_Sanbox: Test Cases/Canine_TestCases/TC_Filter_canine_END_TO_END_TWOCASES_Sanbox

2020-05-12 13:59:49 - [TEST_STEP][PASSED] - openBrowser(""): Browser is opened with url: ''

2020-05-12 13:59:49 - [MESSAGE][WARNING] - A browser is already opened. Closing browser and opening a new one

2020-05-12 13:59:50 - [MESSAGE][INFO] - Starting 'Firefox (headless)' driver

2020-05-12 13:59:53 - [MESSAGE][PASSED] - Browser is opened with url: ''

2020-05-12 13:59:53 - [TEST_STEP][PASSED] - ctdc.utilities.runtestcaseforKatalon.browserDriver(""): ctdc.utilities.runtestcaseforKatalon.browserDriver is PASSED

2020-05-12 13:59:53 - [MESSAGE][PASSED] - ctdc.utilities.runtestcaseforKatalon.browserDriver is PASSED

2020-05-12 13:59:53 - [TEST_STEP][PASSED] - ctdc.utilities.runtestcaseforKatalon.RunKatalon("Password_canine.xlsx"): Data loaded from input file for the test case. 

2020-05-12 13:59:53 - [MESSAGE][PASSED] - Test case file loaded This is the full filepath after converting to string :C:\Users\radhakrishnang2\Desktop\Commons_Automation\InputFiles\Password_canine.xlsx

2020-05-12 13:59:53 - [MESSAGE][INFO] - Global variable set for password file is :  C:\Users\radhakrishnang2\Desktop\Commons_Automation\InputFiles\Password_canine.xlsx

2020-05-12 13:59:53 - [MESSAGE][PASSED] - Data loaded from input file for the test case. 

2020-05-12 13:59:57 - [TEST_STEP][PASSED] - click(findTestObject("Canine/Canine_Cases_Btn")): Object: 'Object Repository/Canine/Canine_Cases_Btn' is clicked on

2020-05-12 13:59:57 - [MESSAGE][PASSED] - Object: 'Object Repository/Canine/Canine_Cases_Btn' is clicked on

2020-05-12 13:59:57 - [TEST_STEP][PASSED] - waitForElementPresent(findTestObject("Canine/Canine_CasesTable"), 5): Object 'Object Repository/Canine/Canine_CasesTable' is present

2020-05-12 13:59:58 - [MESSAGE][PASSED] - Object 'Object Repository/Canine/Canine_CasesTable' is present

2020-05-12 13:59:58 - [TEST_STEP][PASSED] - click(findTestObject("Canine/Filter/StudyType/Canine_Filter_StudyType")): Object: 'Object Repository/Canine/Filter/StudyType/Canine_Filter_StudyType' is clicked on

2020-05-12 13:59:59 - [MESSAGE][PASSED] - Object: 'Object Repository/Canine/Filter/StudyType/Canine_Filter_StudyType' is clicked on

2020-05-12 13:59:59 - [TEST_STEP][PASSED] - click(findTestObject("Canine/Filter/StudyType/Canine_Filter_StudyType-Transcrip_Chkbx")): Object: 'Object Repository/Canine/Filter/StudyType/Canine_Filter_StudyType-Transcrip_Chkbx' is clicked on

2020-05-12 13:59:59 - [MESSAGE][PASSED] - Object: 'Object Repository/Canine/Filter/StudyType/Canine_Filter_StudyType-Transcrip_Chkbx' is clicked on

2020-05-12 13:59:59 - [TEST_STEP][PASSED] - ctdc.utilities.runtestcaseforKatalon.Select_case_checkbox("NCATS-COP01CCB010072", "one"): ctdc.utilities.runtestcaseforKatalon.Select_case_checkbox is PASSED

2020-05-12 13:59:59 - [MESSAGE][PASSED] - ctdc.utilities.runtestcaseforKatalon.Select_case_checkbox is PASSED

2020-05-12 13:59:59 - [TEST_STEP][PASSED] - waitForElementPresent(findTestObject("Canine/Canine_SaveToMycases"), 0): Object 'Object Repository/Canine/Canine_SaveToMycases' is present

2020-05-12 13:59:59 - [MESSAGE][WARNING] - Timeout '0' is invalid. Using default page load timeout: '30'

2020-05-12 13:59:59 - [MESSAGE][PASSED] - Object 'Object Repository/Canine/Canine_SaveToMycases' is present

2020-05-12 13:59:59 - [TEST_STEP][PASSED] - click(findTestObject("Canine/Canine_SaveToMycases")): Object: 'Object Repository/Canine/Canine_SaveToMycases' is clicked on

2020-05-12 14:00:00 - [MESSAGE][PASSED] - Object: 'Object Repository/Canine/Canine_SaveToMycases' is clicked on

2020-05-12 14:00:00 - [TEST_STEP][PASSED] - click(findTestObject("Canine/Canine_MyCases")): Object: 'Object Repository/Canine/Canine_MyCases' is clicked on

2020-05-12 14:00:00 - [MESSAGE][PASSED] - Object: 'Object Repository/Canine/Canine_MyCases' is clicked on

2020-05-12 14:00:00 - [TEST_STEP][PASSED] - click(findTestObject("Canine/Canine_GoToFiles")): Object: 'Object Repository/Canine/Canine_GoToFiles' is clicked on

2020-05-12 14:00:00 - [MESSAGE][PASSED] - Object: 'Object Repository/Canine/Canine_GoToFiles' is clicked on

2020-05-12 14:00:00 - [TEST_STEP][PASSED] - click(findTestObject("Canine/Canine_SelectAll")): Object: 'Object Repository/Canine/Canine_SelectAll' is clicked on

2020-05-12 14:00:00 - [MESSAGE][PASSED] - Object: 'Object Repository/Canine/Canine_SelectAll' is clicked on

2020-05-12 14:00:02 - [TEST_STEP][PASSED] - Video: Video recording for test case 'Test Cases/Canine_TestCases/TC_Filter_canine_END_TO_END_TWOCASES_Sanbox' .

2020-05-12 14:00:02 - [MESSAGE][INFO] - Video recording for test case 'Test Cases/Canine_TestCases/TC_Filter_canine_END_TO_END_TWOCASES_Sanbox' .
[[ATTACHMENT|C:\\Users\\radhakrishnang2\\Desktop\\Commons_Automation\\Reports\\20200512_133335\\Canine_TestSuite\\20200512_133335/videos\\test_74.avi]]]]></system-out>
         <system-err><![CDATA[]]></system-err>
      </testcase>
      <system-out><![CDATA[2020-05-12 13:33:37 - [TEST_SUITE][FAILED] - Canine_TestSuite: Test Cases/Canine_TestCases/Breed/TC10_Canine_Filter_Breed-Bouvier FAILED.
Reason:
com.kms.katalon.core.exception.StepFailedException: Unable to click on object 'Object Repository/Canine/Filter/Breed/Bouvier_Chkbx'
	at com.kms.katalon.core.webui.keyword.internal.WebUIKeywordMain.stepFailed(WebUIKeywordMain.groovy:64)
	at com.kms.katalon.core.webui.keyword.internal.WebUIKeywordMain.runKeyword(WebUIKeywordMain.groovy:26)
	at com.kms.katalon.core.webui.keyword.builtin.ClickKeyword.click(ClickKeyword.groovy:76)
	at com.kms.katalon.core.webui.keyword.builtin.ClickKeyword.execute(ClickKeyword.groovy:43)
	at com.kms.katalon.core.keyword.internal.KeywordExecutor.executeKeywordForPlatform(KeywordExecutor.groovy:72)
	at com.kms.katalon.core.webui.keyword.WebUiBuiltInKeywords.click(WebUiBuiltInKeywords.groovy:616)
	at com.kms.katalon.core.webui.keyword.WebUiBuiltInKeywords$click$0.call(Unknown Source)
	at TC10_Canine_Filter_Breed-Bouvier.run(TC10_Canine_Filter_Breed-Bouvier:51)
	at com.kms.katalon.core.main.ScriptEngine.run(ScriptEngine.java:194)
	at com.kms.katalon.core.main.ScriptEngine.runScriptAsRawText(ScriptEngine.java:119)
	at com.kms.katalon.core.main.TestCaseExecutor.runScript(TestCaseExecutor.java:337)
	at com.kms.katalon.core.main.TestCaseExecutor.doExecute(TestCaseExecutor.java:328)
	at com.kms.katalon.core.main.TestCaseExecutor.processExecutionPhase(TestCaseExecutor.java:307)
	at com.kms.katalon.core.main.TestCaseExecutor.accessMainPhase(TestCaseExecutor.java:299)
	at com.kms.katalon.core.main.TestCaseExecutor.execute(TestCaseExecutor.java:233)
	at com.kms.katalon.core.main.TestSuiteExecutor.accessTestCaseMainPhase(TestSuiteExecutor.java:169)
	at com.kms.katalon.core.main.TestSuiteExecutor.accessTestSuiteMainPhase(TestSuiteExecutor.java:142)
	at com.kms.katalon.core.main.TestSuiteExecutor.execute(TestSuiteExecutor.java:91)
	at com.kms.katalon.core.main.TestCaseMain.startTestSuite(TestCaseMain.java:157)
	at com.kms.katalon.core.main.TestCaseMain$startTestSuite$0.call(Unknown Source)
	at TempTestSuite1589315615572.run(TempTestSuite1589315615572.groovy:36)
Caused by: com.kms.katalon.core.webui.exception.WebElementNotFoundException: Web element with id: 'Object Repository/Canine/Filter/Breed/Bouvier_Chkbx' located by 'By.xpath: //span[contains(text(),'Bouvier des Flandres')]//parent::div//parent::divadded12345' not found
	at com.kms.katalon.core.webui.common.WebUiCommonHelper.findWebElement(WebUiCommonHelper.java:1154)
	at com.kms.katalon.core.webui.keyword.internal.WebUIAbstractKeyword.findWebElement(WebUIAbstractKeyword.groovy:27)
	at com.kms.katalon.core.webui.keyword.internal.WebUIAbstractKeyword.findWebElement(WebUIAbstractKeyword.groovy:26)
	at com.kms.katalon.core.webui.keyword.builtin.ClickKeyword$_click_closure1.doCall(ClickKeyword.groovy:67)
	at com.kms.katalon.core.webui.keyword.builtin.ClickKeyword$_click_closure1.call(ClickKeyword.groovy)
	at com.kms.katalon.core.webui.keyword.internal.WebUIKeywordMain.runKeyword(WebUIKeywordMain.groovy:20)
	... 19 more]]></system-out>
      <system-err><![CDATA[2020-05-12 13:33:37 - [TEST_SUITE][FAILED] - Canine_TestSuite: Test Cases/Canine_TestCases/Breed/TC10_Canine_Filter_Breed-Bouvier FAILED.
Reason:
com.kms.katalon.core.exception.StepFailedException: Unable to click on object 'Object Repository/Canine/Filter/Breed/Bouvier_Chkbx'
	at com.kms.katalon.core.webui.keyword.internal.WebUIKeywordMain.stepFailed(WebUIKeywordMain.groovy:64)
	at com.kms.katalon.core.webui.keyword.internal.WebUIKeywordMain.runKeyword(WebUIKeywordMain.groovy:26)
	at com.kms.katalon.core.webui.keyword.builtin.ClickKeyword.click(ClickKeyword.groovy:76)
	at com.kms.katalon.core.webui.keyword.builtin.ClickKeyword.execute(ClickKeyword.groovy:43)
	at com.kms.katalon.core.keyword.internal.KeywordExecutor.executeKeywordForPlatform(KeywordExecutor.groovy:72)
	at com.kms.katalon.core.webui.keyword.WebUiBuiltInKeywords.click(WebUiBuiltInKeywords.groovy:616)
	at com.kms.katalon.core.webui.keyword.WebUiBuiltInKeywords$click$0.call(Unknown Source)
	at TC10_Canine_Filter_Breed-Bouvier.run(TC10_Canine_Filter_Breed-Bouvier:51)
	at com.kms.katalon.core.main.ScriptEngine.run(ScriptEngine.java:194)
	at com.kms.katalon.core.main.ScriptEngine.runScriptAsRawText(ScriptEngine.java:119)
	at com.kms.katalon.core.main.TestCaseExecutor.runScript(TestCaseExecutor.java:337)
	at com.kms.katalon.core.main.TestCaseExecutor.doExecute(TestCaseExecutor.java:328)
	at com.kms.katalon.core.main.TestCaseExecutor.processExecutionPhase(TestCaseExecutor.java:307)
	at com.kms.katalon.core.main.TestCaseExecutor.accessMainPhase(TestCaseExecutor.java:299)
	at com.kms.katalon.core.main.TestCaseExecutor.execute(TestCaseExecutor.java:233)
	at com.kms.katalon.core.main.TestSuiteExecutor.accessTestCaseMainPhase(TestSuiteExecutor.java:169)
	at com.kms.katalon.core.main.TestSuiteExecutor.accessTestSuiteMainPhase(TestSuiteExecutor.java:142)
	at com.kms.katalon.core.main.TestSuiteExecutor.execute(TestSuiteExecutor.java:91)
	at com.kms.katalon.core.main.TestCaseMain.startTestSuite(TestCaseMain.java:157)
	at com.kms.katalon.core.main.TestCaseMain$startTestSuite$0.call(Unknown Source)
	at TempTestSuite1589315615572.run(TempTestSuite1589315615572.groovy:36)
Caused by: com.kms.katalon.core.webui.exception.WebElementNotFoundException: Web element with id: 'Object Repository/Canine/Filter/Breed/Bouvier_Chkbx' located by 'By.xpath: //span[contains(text(),'Bouvier des Flandres')]//parent::div//parent::divadded12345' not found
	at com.kms.katalon.core.webui.common.WebUiCommonHelper.findWebElement(WebUiCommonHelper.java:1154)
	at com.kms.katalon.core.webui.keyword.internal.WebUIAbstractKeyword.findWebElement(WebUIAbstractKeyword.groovy:27)
	at com.kms.katalon.core.webui.keyword.internal.WebUIAbstractKeyword.findWebElement(WebUIAbstractKeyword.groovy:26)
	at com.kms.katalon.core.webui.keyword.builtin.ClickKeyword$_click_closure1.doCall(ClickKeyword.groovy:67)
	at com.kms.katalon.core.webui.keyword.builtin.ClickKeyword$_click_closure1.call(ClickKeyword.groovy)
	at com.kms.katalon.core.webui.keyword.internal.WebUIKeywordMain.runKeyword(WebUIKeywordMain.groovy:20)
	... 19 more]]></system-err>
   </testsuite>
</testsuites>
