<?xml version="1.0" encoding="UTF-8"?>
<testsuites name="Canine_TestSuite" time="197.228" tests="5" failures="0" errors="0">
   <testsuite name="Canine_TestSuite" tests="5" failures="0" errors="0" time="197.228" timestamp="2020-05-28 12:07:26" hostname="radhakrishnang2 - NCI-02150368-L.nci.nih.gov" id="Test Suites/Canine_TestSuite">
      <properties>
         <property name="deviceName" value=""/>
         <property name="devicePlatform" value=""/>
         <property name="logFolder" value="C:\\Users\\radhakrishnang2\\Desktop\\Commons_Automation\\Reports\\20200528_120724\\Canine_TestSuite\\20200528_120724"/>
         <property name="logFiles" value="C:\\Users\\radhakrishnang2\\Desktop\\Commons_Automation\\Reports\\20200528_120724\\Canine_TestSuite\\20200528_120724\\execution0.log"/>
         <property name="attachments" value=""/>
         <property name="hostName" value="radhakrishnang2 - NCI-02150368-L.nci.nih.gov"/>
         <property name="os" value="Windows 10 64bit"/>
         <property name="katalonVersion" value="7.4.0.1"/>
         <property name="browser" value="Firefox 68.0"/>
         <property name="hostAddress" value="10.243.91.113"/>
         <property name="sessionId" value="c9411f00-c74b-46eb-be95-abe8198022c3"/>
         <property name="seleniumVersion" value="3.141.59"/>
         <property name="proxyInformation" value="ProxyInformation{proxyOption=NO_PROXY, proxyServerType=HTTP, password=, proxyServerAddress=, proxyServerPort=0, executionList=}"/>
         <property name="platform" value="Windows 10"/>
      </properties>
      <testcase name="Test Cases/Canine_TestCases/Breed/TC01_Canine_Filter_Breed-Akita" time="40.452" classname="Test Cases/Canine_TestCases/Breed/TC01_Canine_Filter_Breed-Akita" status="PASSED">
         <system-out><![CDATA[2020-05-28 12:07:26 - [TEST_CASE][PASSED] - Test Cases/Canine_TestCases/Breed/TC01_Canine_Filter_Breed-Akita: Test Cases/Canine_TestCases/Breed/TC01_Canine_Filter_Breed-Akita

2020-05-28 12:07:27 - [TEST_STEP][PASSED] - closeBrowser(): Browser is closed

2020-05-28 12:07:27 - [MESSAGE][PASSED] - Browser is closed

2020-05-28 12:07:27 - [TEST_STEP][PASSED] - openBrowser(""): Browser is opened with url: ''

2020-05-28 12:07:27 - [MESSAGE][INFO] - Starting 'Firefox (headless)' driver

2020-05-28 12:07:27 - [MESSAGE][INFO] - User set preference: ['args', '[--no-sandbox]']

2020-05-28 12:07:27 - [MESSAGE][INFO] - Action delay is set to 5,000 milliseconds

2020-05-28 12:07:31 - [MESSAGE][PASSED] - Browser is opened with url: ''

2020-05-28 12:07:31 - [TEST_STEP][PASSED] - maximizeWindow(): Current window maximized

2020-05-28 12:07:31 - [MESSAGE][PASSED] - Current window maximized

2020-05-28 12:07:31 - [TEST_STEP][PASSED] - ctdc.utilities.runtestcaseforKatalon.browserDriver(""): ctdc.utilities.runtestcaseforKatalon.browserDriver is PASSED

2020-05-28 12:07:31 - [MESSAGE][PASSED] - ctdc.utilities.runtestcaseforKatalon.browserDriver is PASSED

2020-05-28 12:07:31 - [TEST_STEP][PASSED] - ctdc.utilities.runtestcaseforKatalon.RunKatalon("TC01_Canine_Filter_Breed-Akita.xlsx"): Data loaded from input file for the test case. 

2020-05-28 12:07:31 - [MESSAGE][PASSED] - Test case file loaded This is the full filepath after converting to string :C:\Users\radhakrishnang2\Desktop\Commons_Automation\InputFiles\TC01_Canine_Filter_Breed-Akita.xlsx

2020-05-28 12:07:31 - [MESSAGE][INFO] - Global variable set for password file is :  C:\Users\radhakrishnang2\Desktop\Commons_Automation\InputFiles\TC01_Canine_Filter_Breed-Akita.xlsx

2020-05-28 12:07:32 - [MESSAGE][PASSED] - Data loaded from input file for the test case. 

2020-05-28 12:07:40 - [TEST_STEP][PASSED] - waitForElementPresent(findTestObject("Object Repository/Canine/Canine_Cases_Btn"), 5): Object 'Object Repository/Canine/Canine_Cases_Btn' is present

2020-05-28 12:07:40 - [MESSAGE][PASSED] - Object 'Object Repository/Canine/Canine_Cases_Btn' is present

2020-05-28 12:07:40 - [TEST_STEP][PASSED] - click(findTestObject("Object Repository/Canine/Canine_Cases_Btn")): Object: 'Object Repository/Canine/Canine_Cases_Btn' is clicked on

2020-05-28 12:07:45 - [MESSAGE][PASSED] - Object: 'Object Repository/Canine/Canine_Cases_Btn' is clicked on

2020-05-28 12:07:45 - [TEST_STEP][PASSED] - waitForElementPresent(findTestObject("Object Repository/Canine/Filter/Breed/BREED_Ddn"), 5): Object 'Object Repository/Canine/Filter/Breed/BREED_Ddn' is present

2020-05-28 12:07:47 - [MESSAGE][PASSED] - Object 'Object Repository/Canine/Filter/Breed/BREED_Ddn' is present

2020-05-28 12:07:47 - [TEST_STEP][PASSED] - click(findTestObject("Object Repository/Canine/Filter/Breed/BREED_Ddn")): Object: 'Object Repository/Canine/Filter/Breed/BREED_Ddn' is clicked on

2020-05-28 12:07:52 - [MESSAGE][PASSED] - Object: 'Object Repository/Canine/Filter/Breed/BREED_Ddn' is clicked on

2020-05-28 12:07:52 - [TEST_STEP][PASSED] - click(findTestObject("Object Repository/Canine/Filter/Breed/Akita_Chkbx")): Object: 'Object Repository/Canine/Filter/Breed/Akita_Chkbx' is clicked on

2020-05-28 12:07:58 - [MESSAGE][PASSED] - Object: 'Object Repository/Canine/Filter/Breed/Akita_Chkbx' is clicked on

2020-05-28 12:07:58 - [TEST_STEP][PASSED] - ctdc.utilities.runtestcaseforKatalon.ReadCasesTableKatalon("Object Repository/Canine/Canine_CasesTable", "Object Repository/Canine/Canine_TableHeader", "Object Repository/Canine/Canine_NextBtn"): ctdc.utilities.runtestcaseforKatalon.ReadCasesTableKatalon is PASSED

2020-05-28 12:07:58 - [MESSAGE][PASSED] - ctdc.utilities.runtestcaseforKatalon.ReadCasesTableKatalon is PASSED

2020-05-28 12:07:58 - [TEST_STEP][PASSED] - ctdc.utilities.runtestcaseforKatalon.readStatBar("Object Repository/Canine/Canine_StatBar-Files", "Object Repository/Canine/Canine_StatBar-Samples", "Object Repository/Canine/Canine_StatBar-Cases", "Object Repository/Canine/Canine_StatBar-Studies"): ctdc.utilities.runtestcaseforKatalon.readStatBar is PASSED

2020-05-28 12:07:59 - [MESSAGE][PASSED] - ctdc.utilities.runtestcaseforKatalon.readStatBar is PASSED

2020-05-28 12:07:59 - [TEST_STEP][PASSED] - ctdc.utilities.ReadExcel.Neo4j(): ctdc.utilities.ReadExcel.Neo4j is PASSED

2020-05-28 12:08:07 - [MESSAGE][PASSED] - ctdc.utilities.ReadExcel.Neo4j is PASSED

2020-05-28 12:08:07 - [TEST_STEP][PASSED] - ctdc.utilities.runtestcaseforKatalon.compareLists(): ctdc.utilities.runtestcaseforKatalon.compareLists is PASSED

2020-05-28 12:08:07 - [MESSAGE][PASSED] - ctdc.utilities.runtestcaseforKatalon.compareLists is PASSED

2020-05-28 12:08:07 - [TEST_STEP][PASSED] - ctdc.utilities.runtestcaseforKatalon.validateStatBar(): Statbar Studies count matches

2020-05-28 12:08:07 - [MESSAGE][PASSED] - Statbar Files count matches

2020-05-28 12:08:07 - [MESSAGE][PASSED] - Statbar Samples count matches

2020-05-28 12:08:07 - [MESSAGE][PASSED] - Statbar Cases count matches

2020-05-28 12:08:07 - [MESSAGE][PASSED] - Statbar Studies count matches]]></system-out>
         <system-err><![CDATA[]]></system-err>
      </testcase>
      <testcase name="Test Cases/Canine_TestCases/Breed/TC02_Canine_Filter_Breed-AmerStaffd" time="37.933" classname="Test Cases/Canine_TestCases/Breed/TC02_Canine_Filter_Breed-AmerStaffd" status="PASSED">
         <system-out><![CDATA[2020-05-28 12:08:07 - [TEST_CASE][PASSED] - Test Cases/Canine_TestCases/Breed/TC02_Canine_Filter_Breed-AmerStaffd: Test Cases/Canine_TestCases/Breed/TC02_Canine_Filter_Breed-AmerStaffd

2020-05-28 12:08:07 - [TEST_STEP][PASSED] - closeBrowser(): Browser is closed

2020-05-28 12:08:08 - [MESSAGE][PASSED] - Browser is closed

2020-05-28 12:08:08 - [TEST_STEP][PASSED] - openBrowser(""): Browser is opened with url: ''

2020-05-28 12:08:08 - [MESSAGE][INFO] - Starting 'Firefox (headless)' driver

2020-05-28 12:08:08 - [MESSAGE][INFO] - User set preference: ['args', '[--no-sandbox]']

2020-05-28 12:08:08 - [MESSAGE][INFO] - Action delay is set to 5,000 milliseconds

2020-05-28 12:08:11 - [MESSAGE][PASSED] - Browser is opened with url: ''

2020-05-28 12:08:11 - [TEST_STEP][PASSED] - maximizeWindow(): Current window maximized

2020-05-28 12:08:11 - [MESSAGE][PASSED] - Current window maximized

2020-05-28 12:08:11 - [TEST_STEP][PASSED] - ctdc.utilities.runtestcaseforKatalon.browserDriver(""): ctdc.utilities.runtestcaseforKatalon.browserDriver is PASSED

2020-05-28 12:08:11 - [MESSAGE][PASSED] - ctdc.utilities.runtestcaseforKatalon.browserDriver is PASSED

2020-05-28 12:08:11 - [TEST_STEP][PASSED] - ctdc.utilities.runtestcaseforKatalon.RunKatalon("TC02_Canine_Filter_Breed-AmerStaffd.xlsx"): Data loaded from input file for the test case. 

2020-05-28 12:08:11 - [MESSAGE][PASSED] - Test case file loaded This is the full filepath after converting to string :C:\Users\radhakrishnang2\Desktop\Commons_Automation\InputFiles\TC02_Canine_Filter_Breed-AmerStaffd.xlsx

2020-05-28 12:08:11 - [MESSAGE][INFO] - Global variable set for password file is :  C:\Users\radhakrishnang2\Desktop\Commons_Automation\InputFiles\TC02_Canine_Filter_Breed-AmerStaffd.xlsx

2020-05-28 12:08:11 - [MESSAGE][PASSED] - Data loaded from input file for the test case. 

2020-05-28 12:08:19 - [TEST_STEP][PASSED] - click(findTestObject("Object Repository/Canine/Canine_Cases_Btn")): Object: 'Object Repository/Canine/Canine_Cases_Btn' is clicked on

2020-05-28 12:08:24 - [MESSAGE][PASSED] - Object: 'Object Repository/Canine/Canine_Cases_Btn' is clicked on

2020-05-28 12:08:24 - [TEST_STEP][PASSED] - click(findTestObject("Object Repository/Canine/Filter/Breed/BREED_Ddn")): Object: 'Object Repository/Canine/Filter/Breed/BREED_Ddn' is clicked on

2020-05-28 12:08:31 - [MESSAGE][PASSED] - Object: 'Object Repository/Canine/Filter/Breed/BREED_Ddn' is clicked on

2020-05-28 12:08:31 - [TEST_STEP][PASSED] - click(findTestObject("Object Repository/Canine/Filter/Breed/AmerStaffd_Chkbx")): Object: 'Object Repository/Canine/Filter/Breed/AmerStaffd_Chkbx' is clicked on

2020-05-28 12:08:36 - [MESSAGE][PASSED] - Object: 'Object Repository/Canine/Filter/Breed/AmerStaffd_Chkbx' is clicked on

2020-05-28 12:08:36 - [TEST_STEP][PASSED] - ctdc.utilities.runtestcaseforKatalon.ReadCasesTableKatalon("Object Repository/Canine/Canine_CasesTable", "Object Repository/Canine/Canine_TableHeader", "Object Repository/Canine/Canine_NextBtn"): ctdc.utilities.runtestcaseforKatalon.ReadCasesTableKatalon is PASSED

2020-05-28 12:08:38 - [MESSAGE][PASSED] - ctdc.utilities.runtestcaseforKatalon.ReadCasesTableKatalon is PASSED

2020-05-28 12:08:38 - [TEST_STEP][PASSED] - ctdc.utilities.runtestcaseforKatalon.readStatBar("Object Repository/Canine/Canine_StatBar-Files", "Object Repository/Canine/Canine_StatBar-Samples", "Object Repository/Canine/Canine_StatBar-Cases", "Object Repository/Canine/Canine_StatBar-Studies"): ctdc.utilities.runtestcaseforKatalon.readStatBar is PASSED

2020-05-28 12:08:38 - [MESSAGE][PASSED] - ctdc.utilities.runtestcaseforKatalon.readStatBar is PASSED

2020-05-28 12:08:38 - [TEST_STEP][PASSED] - ctdc.utilities.ReadExcel.Neo4j(): ctdc.utilities.ReadExcel.Neo4j is PASSED

2020-05-28 12:08:45 - [MESSAGE][PASSED] - ctdc.utilities.ReadExcel.Neo4j is PASSED

2020-05-28 12:08:45 - [TEST_STEP][PASSED] - ctdc.utilities.runtestcaseforKatalon.compareLists(): ctdc.utilities.runtestcaseforKatalon.compareLists is PASSED

2020-05-28 12:08:45 - [MESSAGE][PASSED] - ctdc.utilities.runtestcaseforKatalon.compareLists is PASSED

2020-05-28 12:08:45 - [TEST_STEP][PASSED] - ctdc.utilities.runtestcaseforKatalon.validateStatBar(): Statbar Studies count matches

2020-05-28 12:08:45 - [MESSAGE][PASSED] - Statbar Files count matches

2020-05-28 12:08:45 - [MESSAGE][PASSED] - Statbar Samples count matches

2020-05-28 12:08:45 - [MESSAGE][PASSED] - Statbar Cases count matches

2020-05-28 12:08:45 - [MESSAGE][PASSED] - Statbar Studies count matches]]></system-out>
         <system-err><![CDATA[]]></system-err>
      </testcase>
      <testcase name="Test Cases/Canine_TestCases/Breed/TC03_Canine_Filter_Breed-AusShephd" time="36.644" classname="Test Cases/Canine_TestCases/Breed/TC03_Canine_Filter_Breed-AusShephd" status="PASSED">
         <system-out><![CDATA[2020-05-28 12:08:45 - [TEST_CASE][PASSED] - Test Cases/Canine_TestCases/Breed/TC03_Canine_Filter_Breed-AusShephd: Test Cases/Canine_TestCases/Breed/TC03_Canine_Filter_Breed-AusShephd

2020-05-28 12:08:45 - [TEST_STEP][PASSED] - closeBrowser(): Browser is closed

2020-05-28 12:08:46 - [MESSAGE][PASSED] - Browser is closed

2020-05-28 12:08:46 - [TEST_STEP][PASSED] - openBrowser(""): Browser is opened with url: ''

2020-05-28 12:08:46 - [MESSAGE][INFO] - Starting 'Firefox (headless)' driver

2020-05-28 12:08:46 - [MESSAGE][INFO] - User set preference: ['args', '[--no-sandbox]']

2020-05-28 12:08:46 - [MESSAGE][INFO] - Action delay is set to 5,000 milliseconds

2020-05-28 12:08:49 - [MESSAGE][PASSED] - Browser is opened with url: ''

2020-05-28 12:08:49 - [TEST_STEP][PASSED] - maximizeWindow(): Current window maximized

2020-05-28 12:08:49 - [MESSAGE][PASSED] - Current window maximized

2020-05-28 12:08:49 - [TEST_STEP][PASSED] - ctdc.utilities.runtestcaseforKatalon.browserDriver(""): ctdc.utilities.runtestcaseforKatalon.browserDriver is PASSED

2020-05-28 12:08:49 - [MESSAGE][PASSED] - ctdc.utilities.runtestcaseforKatalon.browserDriver is PASSED

2020-05-28 12:08:49 - [TEST_STEP][PASSED] - ctdc.utilities.runtestcaseforKatalon.RunKatalon("TC03_Canine_Filter_Breed-AusShephd.xlsx"): Data loaded from input file for the test case. 

2020-05-28 12:08:49 - [MESSAGE][PASSED] - Test case file loaded This is the full filepath after converting to string :C:\Users\radhakrishnang2\Desktop\Commons_Automation\InputFiles\TC03_Canine_Filter_Breed-AusShephd.xlsx

2020-05-28 12:08:49 - [MESSAGE][INFO] - Global variable set for password file is :  C:\Users\radhakrishnang2\Desktop\Commons_Automation\InputFiles\TC03_Canine_Filter_Breed-AusShephd.xlsx

2020-05-28 12:08:49 - [MESSAGE][PASSED] - Data loaded from input file for the test case. 

2020-05-28 12:08:56 - [TEST_STEP][PASSED] - click(findTestObject("Object Repository/Canine/Canine_Cases_Btn")): Object: 'Object Repository/Canine/Canine_Cases_Btn' is clicked on

2020-05-28 12:09:02 - [MESSAGE][PASSED] - Object: 'Object Repository/Canine/Canine_Cases_Btn' is clicked on

2020-05-28 12:09:02 - [TEST_STEP][PASSED] - click(findTestObject("Object Repository/Canine/Filter/Breed/BREED_Ddn")): Object: 'Object Repository/Canine/Filter/Breed/BREED_Ddn' is clicked on

2020-05-28 12:09:08 - [MESSAGE][PASSED] - Object: 'Object Repository/Canine/Filter/Breed/BREED_Ddn' is clicked on

2020-05-28 12:09:08 - [TEST_STEP][PASSED] - click(findTestObject("Object Repository/Canine/Filter/Breed/AusShephd_Chkbx")): Object: 'Object Repository/Canine/Filter/Breed/AusShephd_Chkbx' is clicked on

2020-05-28 12:09:14 - [MESSAGE][PASSED] - Object: 'Object Repository/Canine/Filter/Breed/AusShephd_Chkbx' is clicked on

2020-05-28 12:09:14 - [TEST_STEP][PASSED] - ctdc.utilities.runtestcaseforKatalon.ReadCasesTableKatalon("Object Repository/Canine/Canine_CasesTable", "Object Repository/Canine/Canine_TableHeader", "Object Repository/Canine/Canine_NextBtn"): ctdc.utilities.runtestcaseforKatalon.ReadCasesTableKatalon is PASSED

2020-05-28 12:09:14 - [MESSAGE][PASSED] - ctdc.utilities.runtestcaseforKatalon.ReadCasesTableKatalon is PASSED

2020-05-28 12:09:14 - [TEST_STEP][PASSED] - ctdc.utilities.runtestcaseforKatalon.readStatBar("Object Repository/Canine/Canine_StatBar-Files", "Object Repository/Canine/Canine_StatBar-Samples", "Object Repository/Canine/Canine_StatBar-Cases", "Object Repository/Canine/Canine_StatBar-Studies"): ctdc.utilities.runtestcaseforKatalon.readStatBar is PASSED

2020-05-28 12:09:15 - [MESSAGE][PASSED] - ctdc.utilities.runtestcaseforKatalon.readStatBar is PASSED

2020-05-28 12:09:15 - [TEST_STEP][PASSED] - ctdc.utilities.ReadExcel.Neo4j(): ctdc.utilities.ReadExcel.Neo4j is PASSED

2020-05-28 12:09:21 - [MESSAGE][PASSED] - ctdc.utilities.ReadExcel.Neo4j is PASSED

2020-05-28 12:09:21 - [TEST_STEP][PASSED] - ctdc.utilities.runtestcaseforKatalon.compareLists(): ctdc.utilities.runtestcaseforKatalon.compareLists is PASSED

2020-05-28 12:09:21 - [MESSAGE][PASSED] - ctdc.utilities.runtestcaseforKatalon.compareLists is PASSED

2020-05-28 12:09:21 - [TEST_STEP][PASSED] - ctdc.utilities.runtestcaseforKatalon.validateStatBar(): Statbar Studies count matches

2020-05-28 12:09:21 - [MESSAGE][PASSED] - Statbar Files count matches

2020-05-28 12:09:21 - [MESSAGE][PASSED] - Statbar Samples count matches

2020-05-28 12:09:21 - [MESSAGE][PASSED] - Statbar Cases count matches

2020-05-28 12:09:21 - [MESSAGE][PASSED] - Statbar Studies count matches]]></system-out>
         <system-err><![CDATA[]]></system-err>
      </testcase>
      <testcase name="Test Cases/Canine_TestCases/Breed/TC04_Canine_Filter_Breed-BassHnd" time="36.495" classname="Test Cases/Canine_TestCases/Breed/TC04_Canine_Filter_Breed-BassHnd" status="PASSED">
         <system-out><![CDATA[2020-05-28 12:09:21 - [TEST_CASE][PASSED] - Test Cases/Canine_TestCases/Breed/TC04_Canine_Filter_Breed-BassHnd: Test Cases/Canine_TestCases/Breed/TC04_Canine_Filter_Breed-BassHnd

2020-05-28 12:09:22 - [TEST_STEP][PASSED] - closeBrowser(): Browser is closed

2020-05-28 12:09:23 - [MESSAGE][PASSED] - Browser is closed

2020-05-28 12:09:23 - [TEST_STEP][PASSED] - openBrowser(""): Browser is opened with url: ''

2020-05-28 12:09:23 - [MESSAGE][INFO] - Starting 'Firefox (headless)' driver

2020-05-28 12:09:23 - [MESSAGE][INFO] - User set preference: ['args', '[--no-sandbox]']

2020-05-28 12:09:23 - [MESSAGE][INFO] - Action delay is set to 5,000 milliseconds

2020-05-28 12:09:25 - [MESSAGE][PASSED] - Browser is opened with url: ''

2020-05-28 12:09:25 - [TEST_STEP][PASSED] - maximizeWindow(): Current window maximized

2020-05-28 12:09:25 - [MESSAGE][PASSED] - Current window maximized

2020-05-28 12:09:25 - [TEST_STEP][PASSED] - ctdc.utilities.runtestcaseforKatalon.browserDriver(""): ctdc.utilities.runtestcaseforKatalon.browserDriver is PASSED

2020-05-28 12:09:25 - [MESSAGE][PASSED] - ctdc.utilities.runtestcaseforKatalon.browserDriver is PASSED

2020-05-28 12:09:25 - [TEST_STEP][PASSED] - ctdc.utilities.runtestcaseforKatalon.RunKatalon("TC04_Canine_Filter_Breed-BassHnd.xlsx"): Data loaded from input file for the test case. 

2020-05-28 12:09:25 - [MESSAGE][PASSED] - Test case file loaded This is the full filepath after converting to string :C:\Users\radhakrishnang2\Desktop\Commons_Automation\InputFiles\TC04_Canine_Filter_Breed-BassHnd.xlsx

2020-05-28 12:09:25 - [MESSAGE][INFO] - Global variable set for password file is :  C:\Users\radhakrishnang2\Desktop\Commons_Automation\InputFiles\TC04_Canine_Filter_Breed-BassHnd.xlsx

2020-05-28 12:09:25 - [MESSAGE][PASSED] - Data loaded from input file for the test case. 

2020-05-28 12:09:33 - [TEST_STEP][PASSED] - click(findTestObject("Object Repository/Canine/Canine_Cases_Btn")): Object: 'Object Repository/Canine/Canine_Cases_Btn' is clicked on

2020-05-28 12:09:38 - [MESSAGE][PASSED] - Object: 'Object Repository/Canine/Canine_Cases_Btn' is clicked on

2020-05-28 12:09:38 - [TEST_STEP][PASSED] - click(findTestObject("Object Repository/Canine/Filter/Breed/BREED_Ddn")): Object: 'Object Repository/Canine/Filter/Breed/BREED_Ddn' is clicked on

2020-05-28 12:09:45 - [MESSAGE][PASSED] - Object: 'Object Repository/Canine/Filter/Breed/BREED_Ddn' is clicked on

2020-05-28 12:09:45 - [TEST_STEP][PASSED] - click(findTestObject("Object Repository/Canine/Filter/Breed/BassHnd_Chkbx")): Object: 'Object Repository/Canine/Filter/Breed/BassHnd_Chkbx' is clicked on

2020-05-28 12:09:50 - [MESSAGE][PASSED] - Object: 'Object Repository/Canine/Filter/Breed/BassHnd_Chkbx' is clicked on

2020-05-28 12:09:50 - [TEST_STEP][PASSED] - ctdc.utilities.runtestcaseforKatalon.ReadCasesTableKatalon("Object Repository/Canine/Canine_CasesTable", "Object Repository/Canine/Canine_TableHeader", "Object Repository/Canine/Canine_NextBtn"): ctdc.utilities.runtestcaseforKatalon.ReadCasesTableKatalon is PASSED

2020-05-28 12:09:51 - [MESSAGE][PASSED] - ctdc.utilities.runtestcaseforKatalon.ReadCasesTableKatalon is PASSED

2020-05-28 12:09:51 - [TEST_STEP][PASSED] - ctdc.utilities.runtestcaseforKatalon.readStatBar("Object Repository/Canine/Canine_StatBar-Files", "Object Repository/Canine/Canine_StatBar-Samples", "Object Repository/Canine/Canine_StatBar-Cases", "Object Repository/Canine/Canine_StatBar-Studies"): ctdc.utilities.runtestcaseforKatalon.readStatBar is PASSED

2020-05-28 12:09:51 - [MESSAGE][PASSED] - ctdc.utilities.runtestcaseforKatalon.readStatBar is PASSED

2020-05-28 12:09:51 - [TEST_STEP][PASSED] - ctdc.utilities.ReadExcel.Neo4j(): ctdc.utilities.ReadExcel.Neo4j is PASSED

2020-05-28 12:09:58 - [MESSAGE][PASSED] - ctdc.utilities.ReadExcel.Neo4j is PASSED

2020-05-28 12:09:58 - [TEST_STEP][PASSED] - ctdc.utilities.runtestcaseforKatalon.compareLists(): ctdc.utilities.runtestcaseforKatalon.compareLists is PASSED

2020-05-28 12:09:58 - [MESSAGE][PASSED] - ctdc.utilities.runtestcaseforKatalon.compareLists is PASSED

2020-05-28 12:09:58 - [TEST_STEP][PASSED] - ctdc.utilities.runtestcaseforKatalon.validateStatBar(): Statbar Studies count matches

2020-05-28 12:09:58 - [MESSAGE][PASSED] - Statbar Files count matches

2020-05-28 12:09:58 - [MESSAGE][PASSED] - Statbar Samples count matches

2020-05-28 12:09:58 - [MESSAGE][PASSED] - Statbar Cases count matches

2020-05-28 12:09:58 - [MESSAGE][PASSED] - Statbar Studies count matches]]></system-out>
         <system-err><![CDATA[]]></system-err>
      </testcase>
      <testcase name="Test Cases/Canine_TestCases/Breed/TC05_Canine_Filter_Breed-Beagle" time="44.617" classname="Test Cases/Canine_TestCases/Breed/TC05_Canine_Filter_Breed-Beagle" status="PASSED">
         <system-out><![CDATA[2020-05-28 12:09:58 - [TEST_CASE][PASSED] - Test Cases/Canine_TestCases/Breed/TC05_Canine_Filter_Breed-Beagle: Test Cases/Canine_TestCases/Breed/TC05_Canine_Filter_Breed-Beagle

2020-05-28 12:09:58 - [TEST_STEP][PASSED] - closeBrowser(): Browser is closed

2020-05-28 12:09:59 - [MESSAGE][PASSED] - Browser is closed

2020-05-28 12:09:59 - [TEST_STEP][PASSED] - openBrowser(""): Browser is opened with url: ''

2020-05-28 12:09:59 - [MESSAGE][INFO] - Starting 'Firefox (headless)' driver

2020-05-28 12:09:59 - [MESSAGE][INFO] - User set preference: ['args', '[--no-sandbox]']

2020-05-28 12:09:59 - [MESSAGE][INFO] - Action delay is set to 5,000 milliseconds

2020-05-28 12:10:02 - [MESSAGE][PASSED] - Browser is opened with url: ''

2020-05-28 12:10:02 - [TEST_STEP][PASSED] - maximizeWindow(): Current window maximized

2020-05-28 12:10:02 - [MESSAGE][PASSED] - Current window maximized

2020-05-28 12:10:02 - [TEST_STEP][PASSED] - ctdc.utilities.runtestcaseforKatalon.browserDriver(""): ctdc.utilities.runtestcaseforKatalon.browserDriver is PASSED

2020-05-28 12:10:02 - [MESSAGE][PASSED] - ctdc.utilities.runtestcaseforKatalon.browserDriver is PASSED

2020-05-28 12:10:02 - [TEST_STEP][PASSED] - ctdc.utilities.runtestcaseforKatalon.RunKatalon("TC05_Canine_Filter_Breed-Beagle.xlsx"): Data loaded from input file for the test case. 

2020-05-28 12:10:02 - [MESSAGE][PASSED] - Test case file loaded This is the full filepath after converting to string :C:\Users\radhakrishnang2\Desktop\Commons_Automation\InputFiles\TC05_Canine_Filter_Breed-Beagle.xlsx

2020-05-28 12:10:02 - [MESSAGE][INFO] - Global variable set for password file is :  C:\Users\radhakrishnang2\Desktop\Commons_Automation\InputFiles\TC05_Canine_Filter_Breed-Beagle.xlsx

2020-05-28 12:10:02 - [MESSAGE][PASSED] - Data loaded from input file for the test case. 

2020-05-28 12:10:10 - [TEST_STEP][PASSED] - click(findTestObject("Object Repository/Canine/Canine_Cases_Btn")): Object: 'Object Repository/Canine/Canine_Cases_Btn' is clicked on

2020-05-28 12:10:15 - [MESSAGE][PASSED] - Object: 'Object Repository/Canine/Canine_Cases_Btn' is clicked on

2020-05-28 12:10:15 - [TEST_STEP][PASSED] - click(findTestObject("Object Repository/Canine/Filter/Breed/BREED_Ddn")): Object: 'Object Repository/Canine/Filter/Breed/BREED_Ddn' is clicked on

2020-05-28 12:10:22 - [MESSAGE][PASSED] - Object: 'Object Repository/Canine/Filter/Breed/BREED_Ddn' is clicked on

2020-05-28 12:10:22 - [TEST_STEP][PASSED] - click(findTestObject("Object Repository/Canine/Filter/Breed/Beagle_Chkbx")): Object: 'Object Repository/Canine/Filter/Breed/Beagle_Chkbx' is clicked on

2020-05-28 12:10:27 - [MESSAGE][PASSED] - Object: 'Object Repository/Canine/Filter/Breed/Beagle_Chkbx' is clicked on

2020-05-28 12:10:27 - [TEST_STEP][PASSED] - ctdc.utilities.runtestcaseforKatalon.ReadCasesTableKatalon("Object Repository/Canine/Canine_CasesTable", "Object Repository/Canine/Canine_TableHeader", "Object Repository/Canine/Canine_NextBtn"): ctdc.utilities.runtestcaseforKatalon.ReadCasesTableKatalon is PASSED

2020-05-28 12:10:29 - [MESSAGE][PASSED] - ctdc.utilities.runtestcaseforKatalon.ReadCasesTableKatalon is PASSED

2020-05-28 12:10:29 - [TEST_STEP][PASSED] - ctdc.utilities.runtestcaseforKatalon.readStatBar("Object Repository/Canine/Canine_StatBar-Files", "Object Repository/Canine/Canine_StatBar-Samples", "Object Repository/Canine/Canine_StatBar-Cases", "Object Repository/Canine/Canine_StatBar-Studies"): ctdc.utilities.runtestcaseforKatalon.readStatBar is PASSED

2020-05-28 12:10:29 - [MESSAGE][PASSED] - ctdc.utilities.runtestcaseforKatalon.readStatBar is PASSED

2020-05-28 12:10:29 - [TEST_STEP][PASSED] - ctdc.utilities.ReadExcel.Neo4j(): ctdc.utilities.ReadExcel.Neo4j is PASSED

2020-05-28 12:10:36 - [MESSAGE][PASSED] - ctdc.utilities.ReadExcel.Neo4j is PASSED

2020-05-28 12:10:36 - [TEST_STEP][PASSED] - ctdc.utilities.runtestcaseforKatalon.compareLists(): ctdc.utilities.runtestcaseforKatalon.compareLists is PASSED

2020-05-28 12:10:36 - [MESSAGE][PASSED] - ctdc.utilities.runtestcaseforKatalon.compareLists is PASSED

2020-05-28 12:10:36 - [TEST_STEP][PASSED] - ctdc.utilities.runtestcaseforKatalon.validateStatBar(): Statbar Studies count matches

2020-05-28 12:10:36 - [MESSAGE][PASSED] - Statbar Files count matches

2020-05-28 12:10:36 - [MESSAGE][PASSED] - Statbar Samples count matches

2020-05-28 12:10:36 - [MESSAGE][PASSED] - Statbar Cases count matches

2020-05-28 12:10:36 - [MESSAGE][PASSED] - Statbar Studies count matches

2020-05-28 12:10:36 - [TEST_STEP][PASSED] - ctdc.utilities.ReadExcel.Neo4j(): ctdc.utilities.ReadExcel.Neo4j is PASSED

2020-05-28 12:10:42 - [MESSAGE][PASSED] - ctdc.utilities.ReadExcel.Neo4j is PASSED

2020-05-28 12:10:42 - [TEST_STEP][PASSED] - ctdc.utilities.runtestcaseforKatalon.compareLists(): ctdc.utilities.runtestcaseforKatalon.compareLists is PASSED

2020-05-28 12:10:42 - [MESSAGE][PASSED] - ctdc.utilities.runtestcaseforKatalon.compareLists is PASSED]]></system-out>
         <system-err><![CDATA[]]></system-err>
      </testcase>
      <system-out><![CDATA[2020-05-28 12:07:26 - [TEST_SUITE][PASSED] - Canine_TestSuite: Test Cases/Canine_TestCases/Breed/TC05_Canine_Filter_Breed-Beagle]]></system-out>
      <system-err><![CDATA[]]></system-err>
   </testsuite>
</testsuites>
