<?xml version="1.0" encoding="UTF-8"?>
<testsuites name="Canine_TestSuite" time="242.604" tests="8" failures="0" errors="0">
   <testsuite name="Canine_TestSuite" tests="8" failures="0" errors="0" time="242.604" timestamp="2020-05-08 16:06:28" hostname="radhakrishnang2 - NCI-02150368-L.nci.nih.gov" id="Test Suites/Canine_TestSuite">
      <properties>
         <property name="deviceName" value=""/>
         <property name="devicePlatform" value=""/>
         <property name="logFolder" value="C:\\Users\\radhakrishnang2\\Desktop\\DataCommons_Automation\\ICDC_Automation\\Reports\\20200508_160626\\Canine_TestSuite\\20200508_160626"/>
         <property name="logFiles" value="C:\\Users\\radhakrishnang2\\Desktop\\DataCommons_Automation\\ICDC_Automation\\Reports\\20200508_160626\\Canine_TestSuite\\20200508_160626\\execution0.log"/>
         <property name="attachments" value="C:\\Users\\radhakrishnang2\\Desktop\\DataCommons_Automation\\ICDC_Automation\\Reports\\20200508_160626\\Canine_TestSuite\\20200508_160626/videos\\test_1.avi, C:\\Users\\radhakrishnang2\\Desktop\\DataCommons_Automation\\ICDC_Automation\\Reports\\20200508_160626\\Canine_TestSuite\\20200508_160626/videos\\test_2.avi, C:\\Users\\radhakrishnang2\\Desktop\\DataCommons_Automation\\ICDC_Automation\\Reports\\20200508_160626\\Canine_TestSuite\\20200508_160626/videos\\test_3.avi, C:\\Users\\radhakrishnang2\\Desktop\\DataCommons_Automation\\ICDC_Automation\\Reports\\20200508_160626\\Canine_TestSuite\\20200508_160626/videos\\test_4.avi, C:\\Users\\radhakrishnang2\\Desktop\\DataCommons_Automation\\ICDC_Automation\\Reports\\20200508_160626\\Canine_TestSuite\\20200508_160626/videos\\test_5.avi, C:\\Users\\radhakrishnang2\\Desktop\\DataCommons_Automation\\ICDC_Automation\\Reports\\20200508_160626\\Canine_TestSuite\\20200508_160626/videos\\test_6.avi, C:\\Users\\radhakrishnang2\\Desktop\\DataCommons_Automation\\ICDC_Automation\\Reports\\20200508_160626\\Canine_TestSuite\\20200508_160626/videos\\test_7.avi, C:\\Users\\radhakrishnang2\\Desktop\\DataCommons_Automation\\ICDC_Automation\\Reports\\20200508_160626\\Canine_TestSuite\\20200508_160626/videos\\test_8.avi"/>
         <property name="hostName" value="radhakrishnang2 - NCI-02150368-L.nci.nih.gov"/>
         <property name="os" value="Windows 10 64bit"/>
         <property name="katalonVersion" value="7.2.6.1"/>
         <property name="browser" value="Firefox 68.0"/>
         <property name="hostAddress" value="10.243.141.198"/>
         <property name="sessionId" value="223db5f9-933d-4780-9ce4-49fc1da1953f"/>
         <property name="seleniumVersion" value="3.141.59"/>
         <property name="proxyInformation" value="ProxyInformation{proxyOption=NO_PROXY, proxyServerType=HTTP, password=, proxyServerAddress=, proxyServerPort=0, executionList=}"/>
         <property name="platform" value="Windows 10"/>
      </properties>
      <testcase name="Test Cases/Study/TC01_Canine_Filter_Study-COTB" time="39.07" classname="Test Cases/Study/TC01_Canine_Filter_Study-COTB" status="PASSED">
         <system-out><![CDATA[2020-05-08 16:06:29 - [TEST_CASE][PASSED] - Test Cases/Study/TC01_Canine_Filter_Study-COTB: Test Cases/Study/TC01_Canine_Filter_Study-COTB

2020-05-08 16:06:30 - [TEST_STEP][PASSED] - openBrowser(""): Browser is opened with url: ''

2020-05-08 16:06:30 - [MESSAGE][INFO] - Starting 'Firefox (headless)' driver

2020-05-08 16:06:30 - [MESSAGE][INFO] - Action delay is set to 0 seconds

2020-05-08 16:06:34 - [MESSAGE][PASSED] - Browser is opened with url: ''

2020-05-08 16:06:34 - [TEST_STEP][PASSED] - ctdc.utilities.runtestcaseforKatalon.browserDriver(""): ctdc.utilities.runtestcaseforKatalon.browserDriver is PASSED

2020-05-08 16:06:34 - [MESSAGE][PASSED] - ctdc.utilities.runtestcaseforKatalon.browserDriver is PASSED

2020-05-08 16:06:34 - [TEST_STEP][PASSED] - ctdc.utilities.runtestcaseforKatalon.RunKatalon("TC01_Canine_Filter_Study-COTB.xlsx"): Data loaded from input file for the test case. 

2020-05-08 16:06:34 - [MESSAGE][PASSED] - Test case file loaded This is the full filepath after converting to string :C:\Users\radhakrishnang2\Desktop\DataCommons_Automation\ICDC_Automation\InputFiles\TC01_Canine_Filter_Study-COTB.xlsx

2020-05-08 16:06:35 - [MESSAGE][INFO] - Global variable set for password file is :  C:\Users\radhakrishnang2\Desktop\DataCommons_Automation\ICDC_Automation\InputFiles\TC01_Canine_Filter_Study-COTB.xlsx

2020-05-08 16:06:36 - [MESSAGE][PASSED] - Data loaded from input file for the test case. 

2020-05-08 16:06:38 - [TEST_STEP][PASSED] - click(findTestObject("Object Repository/Canine/Canine_Cases_Btn")): Object: 'Object Repository/Canine/Canine_Cases_Btn' is clicked on

2020-05-08 16:06:39 - [MESSAGE][PASSED] - Object: 'Object Repository/Canine/Canine_Cases_Btn' is clicked on

2020-05-08 16:06:39 - [TEST_STEP][PASSED] - click(findTestObject("Canine/Filter/Study/Canine_Filter_Study")): Object: 'Object Repository/Canine/Filter/Study/Canine_Filter_Study' is clicked on

2020-05-08 16:06:40 - [MESSAGE][PASSED] - Object: 'Object Repository/Canine/Filter/Study/Canine_Filter_Study' is clicked on

2020-05-08 16:06:40 - [TEST_STEP][PASSED] - click(findTestObject("Canine/Filter/Study/Canine_Filter_Study-COTB_Chkbx")): Object: 'Object Repository/Canine/Filter/Study/Canine_Filter_Study-COTB_Chkbx' is clicked on

2020-05-08 16:06:41 - [MESSAGE][PASSED] - Object: 'Object Repository/Canine/Filter/Study/Canine_Filter_Study-COTB_Chkbx' is clicked on

2020-05-08 16:06:41 - [TEST_STEP][PASSED] - ctdc.utilities.runtestcaseforKatalon.ReadCasesTableKatalon("Object Repository/Canine/Canine_CasesTable", "Object Repository/Canine/Canine_TableHeader", "Object Repository/Canine/Canine_NextBtn"): ctdc.utilities.runtestcaseforKatalon.ReadCasesTableKatalon is PASSED

2020-05-08 16:07:00 - [MESSAGE][PASSED] - ctdc.utilities.runtestcaseforKatalon.ReadCasesTableKatalon is PASSED

2020-05-08 16:07:00 - [TEST_STEP][PASSED] - ctdc.utilities.ReadExcel.Neo4j(): ctdc.utilities.ReadExcel.Neo4j is PASSED

2020-05-08 16:07:05 - [MESSAGE][PASSED] - ctdc.utilities.ReadExcel.Neo4j is PASSED

2020-05-08 16:07:05 - [TEST_STEP][PASSED] - ctdc.utilities.runtestcaseforKatalon.compareLists(): ctdc.utilities.runtestcaseforKatalon.compareLists is PASSED

2020-05-08 16:07:06 - [MESSAGE][PASSED] - ctdc.utilities.runtestcaseforKatalon.compareLists is PASSED

2020-05-08 16:07:08 - [TEST_STEP][PASSED] - Video: Video recording for test case 'Test Cases/Study/TC01_Canine_Filter_Study-COTB' .

2020-05-08 16:07:08 - [MESSAGE][INFO] - Video recording for test case 'Test Cases/Study/TC01_Canine_Filter_Study-COTB' .
[[ATTACHMENT|C:\\Users\\radhakrishnang2\\Desktop\\DataCommons_Automation\\ICDC_Automation\\Reports\\20200508_160626\\Canine_TestSuite\\20200508_160626/videos\\test_1.avi]]]]></system-out>
         <system-err><![CDATA[]]></system-err>
      </testcase>
      <testcase name="Test Cases/Study/TC02_Canine_Filter_Study-NCATS" time="30.853" classname="Test Cases/Study/TC02_Canine_Filter_Study-NCATS" status="PASSED">
         <system-out><![CDATA[2020-05-08 16:07:08 - [TEST_CASE][PASSED] - Test Cases/Study/TC02_Canine_Filter_Study-NCATS: Test Cases/Study/TC02_Canine_Filter_Study-NCATS

2020-05-08 16:07:08 - [TEST_STEP][PASSED] - openBrowser(""): Browser is opened with url: ''

2020-05-08 16:07:08 - [MESSAGE][WARNING] - A browser is already opened. Closing browser and opening a new one

2020-05-08 16:07:10 - [MESSAGE][INFO] - Starting 'Firefox (headless)' driver

2020-05-08 16:07:14 - [MESSAGE][PASSED] - Browser is opened with url: ''

2020-05-08 16:07:14 - [TEST_STEP][PASSED] - ctdc.utilities.runtestcaseforKatalon.browserDriver(""): ctdc.utilities.runtestcaseforKatalon.browserDriver is PASSED

2020-05-08 16:07:14 - [MESSAGE][PASSED] - ctdc.utilities.runtestcaseforKatalon.browserDriver is PASSED

2020-05-08 16:07:14 - [TEST_STEP][PASSED] - ctdc.utilities.runtestcaseforKatalon.RunKatalon("TC02_Canine_Filter_Study-NCATS.xlsx"): Data loaded from input file for the test case. 

2020-05-08 16:07:14 - [MESSAGE][PASSED] - Test case file loaded This is the full filepath after converting to string :C:\Users\radhakrishnang2\Desktop\DataCommons_Automation\ICDC_Automation\InputFiles\TC02_Canine_Filter_Study-NCATS.xlsx

2020-05-08 16:07:14 - [MESSAGE][INFO] - Global variable set for password file is :  C:\Users\radhakrishnang2\Desktop\DataCommons_Automation\ICDC_Automation\InputFiles\TC02_Canine_Filter_Study-NCATS.xlsx

2020-05-08 16:07:14 - [MESSAGE][PASSED] - Data loaded from input file for the test case. 

2020-05-08 16:07:17 - [TEST_STEP][PASSED] - click(findTestObject("Object Repository/Canine/Canine_Cases_Btn")): Object: 'Object Repository/Canine/Canine_Cases_Btn' is clicked on

2020-05-08 16:07:17 - [MESSAGE][PASSED] - Object: 'Object Repository/Canine/Canine_Cases_Btn' is clicked on

2020-05-08 16:07:17 - [TEST_STEP][PASSED] - click(findTestObject("Canine/Filter/Study/Canine_Filter_Study")): Object: 'Object Repository/Canine/Filter/Study/Canine_Filter_Study' is clicked on

2020-05-08 16:07:19 - [MESSAGE][PASSED] - Object: 'Object Repository/Canine/Filter/Study/Canine_Filter_Study' is clicked on

2020-05-08 16:07:19 - [TEST_STEP][PASSED] - click(findTestObject("Canine/Filter/Study/Canine_Filter_Study-NCATS_Chkbx")): Object: 'Object Repository/Canine/Filter/Study/Canine_Filter_Study-NCATS_Chkbx' is clicked on

2020-05-08 16:07:20 - [MESSAGE][PASSED] - Object: 'Object Repository/Canine/Filter/Study/Canine_Filter_Study-NCATS_Chkbx' is clicked on

2020-05-08 16:07:20 - [TEST_STEP][PASSED] - ctdc.utilities.runtestcaseforKatalon.ReadCasesTableKatalon("Object Repository/Canine/Canine_CasesTable", "Object Repository/Canine/Canine_TableHeader", "Object Repository/Canine/Canine_NextBtn"): ctdc.utilities.runtestcaseforKatalon.ReadCasesTableKatalon is PASSED

2020-05-08 16:07:33 - [MESSAGE][PASSED] - ctdc.utilities.runtestcaseforKatalon.ReadCasesTableKatalon is PASSED

2020-05-08 16:07:33 - [TEST_STEP][PASSED] - ctdc.utilities.ReadExcel.Neo4j(): ctdc.utilities.ReadExcel.Neo4j is PASSED

2020-05-08 16:07:36 - [MESSAGE][PASSED] - ctdc.utilities.ReadExcel.Neo4j is PASSED

2020-05-08 16:07:36 - [TEST_STEP][PASSED] - ctdc.utilities.runtestcaseforKatalon.compareLists(): ctdc.utilities.runtestcaseforKatalon.compareLists is PASSED

2020-05-08 16:07:37 - [MESSAGE][PASSED] - ctdc.utilities.runtestcaseforKatalon.compareLists is PASSED

2020-05-08 16:07:39 - [TEST_STEP][PASSED] - Video: Video recording for test case 'Test Cases/Study/TC02_Canine_Filter_Study-NCATS' .

2020-05-08 16:07:39 - [MESSAGE][INFO] - Video recording for test case 'Test Cases/Study/TC02_Canine_Filter_Study-NCATS' .
[[ATTACHMENT|C:\\Users\\radhakrishnang2\\Desktop\\DataCommons_Automation\\ICDC_Automation\\Reports\\20200508_160626\\Canine_TestSuite\\20200508_160626/videos\\test_2.avi]]]]></system-out>
         <system-err><![CDATA[]]></system-err>
      </testcase>
      <testcase name="Test Cases/Study/TC03_Canine_Filter_Study-ALL" time="44.398" classname="Test Cases/Study/TC03_Canine_Filter_Study-ALL" status="PASSED">
         <system-out><![CDATA[2020-05-08 16:07:39 - [TEST_CASE][PASSED] - Test Cases/Study/TC03_Canine_Filter_Study-ALL: Test Cases/Study/TC03_Canine_Filter_Study-ALL

2020-05-08 16:07:39 - [TEST_STEP][PASSED] - openBrowser(""): Browser is opened with url: ''

2020-05-08 16:07:39 - [MESSAGE][WARNING] - A browser is already opened. Closing browser and opening a new one

2020-05-08 16:07:40 - [MESSAGE][INFO] - Starting 'Firefox (headless)' driver

2020-05-08 16:07:44 - [MESSAGE][PASSED] - Browser is opened with url: ''

2020-05-08 16:07:44 - [TEST_STEP][PASSED] - ctdc.utilities.runtestcaseforKatalon.browserDriver(""): ctdc.utilities.runtestcaseforKatalon.browserDriver is PASSED

2020-05-08 16:07:44 - [MESSAGE][PASSED] - ctdc.utilities.runtestcaseforKatalon.browserDriver is PASSED

2020-05-08 16:07:44 - [TEST_STEP][PASSED] - ctdc.utilities.runtestcaseforKatalon.RunKatalon("TC03_Canine_Filter_Study-ALL.xlsx"): Data loaded from input file for the test case. 

2020-05-08 16:07:44 - [MESSAGE][PASSED] - Test case file loaded This is the full filepath after converting to string :C:\Users\radhakrishnang2\Desktop\DataCommons_Automation\ICDC_Automation\InputFiles\TC03_Canine_Filter_Study-ALL.xlsx

2020-05-08 16:07:44 - [MESSAGE][INFO] - Global variable set for password file is :  C:\Users\radhakrishnang2\Desktop\DataCommons_Automation\ICDC_Automation\InputFiles\TC03_Canine_Filter_Study-ALL.xlsx

2020-05-08 16:07:44 - [MESSAGE][PASSED] - Data loaded from input file for the test case. 

2020-05-08 16:07:46 - [TEST_STEP][PASSED] - click(findTestObject("Object Repository/Canine/Canine_Cases_Btn")): Object: 'Object Repository/Canine/Canine_Cases_Btn' is clicked on

2020-05-08 16:07:47 - [MESSAGE][PASSED] - Object: 'Object Repository/Canine/Canine_Cases_Btn' is clicked on

2020-05-08 16:07:47 - [TEST_STEP][PASSED] - click(findTestObject("Canine/Filter/Study/Canine_Filter_Study")): Object: 'Object Repository/Canine/Filter/Study/Canine_Filter_Study' is clicked on

2020-05-08 16:07:48 - [MESSAGE][PASSED] - Object: 'Object Repository/Canine/Filter/Study/Canine_Filter_Study' is clicked on

2020-05-08 16:07:48 - [TEST_STEP][PASSED] - click(findTestObject("Canine/Filter/Study/Canine_Filter_Study-COTB_Chkbx")): Object: 'Object Repository/Canine/Filter/Study/Canine_Filter_Study-COTB_Chkbx' is clicked on

2020-05-08 16:07:49 - [MESSAGE][PASSED] - Object: 'Object Repository/Canine/Filter/Study/Canine_Filter_Study-COTB_Chkbx' is clicked on

2020-05-08 16:07:49 - [TEST_STEP][PASSED] - click(findTestObject("Canine/Filter/Study/Canine_Filter_Study-NCATS_Chkbx")): Object: 'Object Repository/Canine/Filter/Study/Canine_Filter_Study-NCATS_Chkbx' is clicked on

2020-05-08 16:07:49 - [MESSAGE][PASSED] - Object: 'Object Repository/Canine/Filter/Study/Canine_Filter_Study-NCATS_Chkbx' is clicked on

2020-05-08 16:07:49 - [TEST_STEP][PASSED] - ctdc.utilities.runtestcaseforKatalon.ReadCasesTableKatalon("Object Repository/Canine/Canine_CasesTable", "Object Repository/Canine/Canine_TableHeader", "Object Repository/Canine/Canine_NextBtn"): ctdc.utilities.runtestcaseforKatalon.ReadCasesTableKatalon is PASSED

2020-05-08 16:08:17 - [MESSAGE][PASSED] - ctdc.utilities.runtestcaseforKatalon.ReadCasesTableKatalon is PASSED

2020-05-08 16:08:17 - [TEST_STEP][PASSED] - ctdc.utilities.ReadExcel.Neo4j(): ctdc.utilities.ReadExcel.Neo4j is PASSED

2020-05-08 16:08:21 - [MESSAGE][PASSED] - ctdc.utilities.ReadExcel.Neo4j is PASSED

2020-05-08 16:08:21 - [TEST_STEP][PASSED] - ctdc.utilities.runtestcaseforKatalon.compareLists(): ctdc.utilities.runtestcaseforKatalon.compareLists is PASSED

2020-05-08 16:08:21 - [MESSAGE][PASSED] - ctdc.utilities.runtestcaseforKatalon.compareLists is PASSED

2020-05-08 16:08:23 - [TEST_STEP][PASSED] - Video: Video recording for test case 'Test Cases/Study/TC03_Canine_Filter_Study-ALL' .

2020-05-08 16:08:23 - [MESSAGE][INFO] - Video recording for test case 'Test Cases/Study/TC03_Canine_Filter_Study-ALL' .
[[ATTACHMENT|C:\\Users\\radhakrishnang2\\Desktop\\DataCommons_Automation\\ICDC_Automation\\Reports\\20200508_160626\\Canine_TestSuite\\20200508_160626/videos\\test_3.avi]]]]></system-out>
         <system-err><![CDATA[]]></system-err>
      </testcase>
      <testcase name="Test Cases/StudyType/TC01_Canine_Filter_StudyType-ClinicalTrial" time="31.371" classname="Test Cases/StudyType/TC01_Canine_Filter_StudyType-ClinicalTrial" status="PASSED">
         <system-out><![CDATA[2020-05-08 16:08:23 - [TEST_CASE][PASSED] - Test Cases/StudyType/TC01_Canine_Filter_StudyType-ClinicalTrial: Test Cases/StudyType/TC01_Canine_Filter_StudyType-ClinicalTrial

2020-05-08 16:08:24 - [TEST_STEP][PASSED] - openBrowser(""): Browser is opened with url: ''

2020-05-08 16:08:24 - [MESSAGE][WARNING] - A browser is already opened. Closing browser and opening a new one

2020-05-08 16:08:25 - [MESSAGE][INFO] - Starting 'Firefox (headless)' driver

2020-05-08 16:08:27 - [MESSAGE][PASSED] - Browser is opened with url: ''

2020-05-08 16:08:27 - [TEST_STEP][PASSED] - ctdc.utilities.runtestcaseforKatalon.browserDriver(""): ctdc.utilities.runtestcaseforKatalon.browserDriver is PASSED

2020-05-08 16:08:27 - [MESSAGE][PASSED] - ctdc.utilities.runtestcaseforKatalon.browserDriver is PASSED

2020-05-08 16:08:27 - [TEST_STEP][PASSED] - ctdc.utilities.runtestcaseforKatalon.RunKatalon("TC01_Canine_Filter_StudyType-ClinicalTrial.xlsx"): Data loaded from input file for the test case. 

2020-05-08 16:08:27 - [MESSAGE][PASSED] - Test case file loaded This is the full filepath after converting to string :C:\Users\radhakrishnang2\Desktop\DataCommons_Automation\ICDC_Automation\InputFiles\TC01_Canine_Filter_StudyType-ClinicalTrial.xlsx

2020-05-08 16:08:27 - [MESSAGE][INFO] - Global variable set for password file is :  C:\Users\radhakrishnang2\Desktop\DataCommons_Automation\ICDC_Automation\InputFiles\TC01_Canine_Filter_StudyType-ClinicalTrial.xlsx

2020-05-08 16:08:28 - [MESSAGE][PASSED] - Data loaded from input file for the test case. 

2020-05-08 16:08:30 - [TEST_STEP][PASSED] - click(findTestObject("Object Repository/Canine/Canine_Cases_Btn")): Object: 'Object Repository/Canine/Canine_Cases_Btn' is clicked on

2020-05-08 16:08:31 - [MESSAGE][PASSED] - Object: 'Object Repository/Canine/Canine_Cases_Btn' is clicked on

2020-05-08 16:08:31 - [TEST_STEP][PASSED] - click(findTestObject("Canine/Filter/StudyType/Canine_Filter_StudyType")): Object: 'Object Repository/Canine/Filter/StudyType/Canine_Filter_StudyType' is clicked on

2020-05-08 16:08:32 - [MESSAGE][PASSED] - Object: 'Object Repository/Canine/Filter/StudyType/Canine_Filter_StudyType' is clicked on

2020-05-08 16:08:33 - [TEST_STEP][PASSED] - click(findTestObject("Canine/Filter/StudyType/Canine_Filter_StudyType-ClinTrials_Chkbx")): Object: 'Object Repository/Canine/Filter/StudyType/Canine_Filter_StudyType-ClinTrials_Chkbx' is clicked on

2020-05-08 16:08:33 - [MESSAGE][PASSED] - Object: 'Object Repository/Canine/Filter/StudyType/Canine_Filter_StudyType-ClinTrials_Chkbx' is clicked on

2020-05-08 16:08:33 - [TEST_STEP][PASSED] - ctdc.utilities.runtestcaseforKatalon.ReadCasesTableKatalon("Object Repository/Canine/Canine_CasesTable", "Object Repository/Canine/Canine_TableHeader", "Object Repository/Canine/Canine_NextBtn"): ctdc.utilities.runtestcaseforKatalon.ReadCasesTableKatalon is PASSED

2020-05-08 16:08:49 - [MESSAGE][PASSED] - ctdc.utilities.runtestcaseforKatalon.ReadCasesTableKatalon is PASSED

2020-05-08 16:08:49 - [TEST_STEP][PASSED] - ctdc.utilities.ReadExcel.Neo4j(): ctdc.utilities.ReadExcel.Neo4j is PASSED

2020-05-08 16:08:52 - [MESSAGE][PASSED] - ctdc.utilities.ReadExcel.Neo4j is PASSED

2020-05-08 16:08:52 - [TEST_STEP][PASSED] - ctdc.utilities.runtestcaseforKatalon.compareLists(): ctdc.utilities.runtestcaseforKatalon.compareLists is PASSED

2020-05-08 16:08:52 - [MESSAGE][PASSED] - ctdc.utilities.runtestcaseforKatalon.compareLists is PASSED

2020-05-08 16:08:54 - [TEST_STEP][PASSED] - Video: Video recording for test case 'Test Cases/StudyType/TC01_Canine_Filter_StudyType-ClinicalTrial' .

2020-05-08 16:08:54 - [MESSAGE][INFO] - Video recording for test case 'Test Cases/StudyType/TC01_Canine_Filter_StudyType-ClinicalTrial' .
[[ATTACHMENT|C:\\Users\\radhakrishnang2\\Desktop\\DataCommons_Automation\\ICDC_Automation\\Reports\\20200508_160626\\Canine_TestSuite\\20200508_160626/videos\\test_4.avi]]]]></system-out>
         <system-err><![CDATA[]]></system-err>
      </testcase>
      <testcase name="Test Cases/StudyType/TC02_Canine_Filter_StudyType-Transcriptomics" time="33.106" classname="Test Cases/StudyType/TC02_Canine_Filter_StudyType-Transcriptomics" status="PASSED">
         <system-out><![CDATA[2020-05-08 16:08:54 - [TEST_CASE][PASSED] - Test Cases/StudyType/TC02_Canine_Filter_StudyType-Transcriptomics: Test Cases/StudyType/TC02_Canine_Filter_StudyType-Transcriptomics

2020-05-08 16:08:55 - [TEST_STEP][PASSED] - openBrowser(""): Browser is opened with url: ''

2020-05-08 16:08:55 - [MESSAGE][WARNING] - A browser is already opened. Closing browser and opening a new one

2020-05-08 16:08:56 - [MESSAGE][INFO] - Starting 'Firefox (headless)' driver

2020-05-08 16:08:59 - [MESSAGE][PASSED] - Browser is opened with url: ''

2020-05-08 16:08:59 - [TEST_STEP][PASSED] - ctdc.utilities.runtestcaseforKatalon.browserDriver(""): ctdc.utilities.runtestcaseforKatalon.browserDriver is PASSED

2020-05-08 16:08:59 - [MESSAGE][PASSED] - ctdc.utilities.runtestcaseforKatalon.browserDriver is PASSED

2020-05-08 16:08:59 - [TEST_STEP][PASSED] - ctdc.utilities.runtestcaseforKatalon.RunKatalon("TC02_Canine_Filter_StudyType-Transcriptomics.xlsx"): Data loaded from input file for the test case. 

2020-05-08 16:08:59 - [MESSAGE][PASSED] - Test case file loaded This is the full filepath after converting to string :C:\Users\radhakrishnang2\Desktop\DataCommons_Automation\ICDC_Automation\InputFiles\TC02_Canine_Filter_StudyType-Transcriptomics.xlsx

2020-05-08 16:08:59 - [MESSAGE][INFO] - Global variable set for password file is :  C:\Users\radhakrishnang2\Desktop\DataCommons_Automation\ICDC_Automation\InputFiles\TC02_Canine_Filter_StudyType-Transcriptomics.xlsx

2020-05-08 16:09:00 - [MESSAGE][PASSED] - Data loaded from input file for the test case. 

2020-05-08 16:09:04 - [TEST_STEP][PASSED] - click(findTestObject("Object Repository/Canine/Canine_Cases_Btn")): Object: 'Object Repository/Canine/Canine_Cases_Btn' is clicked on

2020-05-08 16:09:04 - [MESSAGE][PASSED] - Object: 'Object Repository/Canine/Canine_Cases_Btn' is clicked on

2020-05-08 16:09:04 - [TEST_STEP][PASSED] - click(findTestObject("Canine/Filter/StudyType/Canine_Filter_StudyType")): Object: 'Object Repository/Canine/Filter/StudyType/Canine_Filter_StudyType' is clicked on

2020-05-08 16:09:06 - [MESSAGE][PASSED] - Object: 'Object Repository/Canine/Filter/StudyType/Canine_Filter_StudyType' is clicked on

2020-05-08 16:09:06 - [TEST_STEP][PASSED] - click(findTestObject("Canine/Filter/StudyType/Canine_Filter_StudyType-ClinTrials_Chkbx")): Object: 'Object Repository/Canine/Filter/StudyType/Canine_Filter_StudyType-ClinTrials_Chkbx' is clicked on

2020-05-08 16:09:06 - [MESSAGE][PASSED] - Object: 'Object Repository/Canine/Filter/StudyType/Canine_Filter_StudyType-ClinTrials_Chkbx' is clicked on

2020-05-08 16:09:06 - [TEST_STEP][PASSED] - ctdc.utilities.runtestcaseforKatalon.ReadCasesTableKatalon("Object Repository/Canine/Canine_CasesTable", "Object Repository/Canine/Canine_TableHeader", "Object Repository/Canine/Canine_NextBtn"): ctdc.utilities.runtestcaseforKatalon.ReadCasesTableKatalon is PASSED

2020-05-08 16:09:22 - [MESSAGE][PASSED] - ctdc.utilities.runtestcaseforKatalon.ReadCasesTableKatalon is PASSED

2020-05-08 16:09:22 - [TEST_STEP][PASSED] - ctdc.utilities.ReadExcel.Neo4j(): ctdc.utilities.ReadExcel.Neo4j is PASSED

2020-05-08 16:09:25 - [MESSAGE][PASSED] - ctdc.utilities.ReadExcel.Neo4j is PASSED

2020-05-08 16:09:25 - [TEST_STEP][PASSED] - ctdc.utilities.runtestcaseforKatalon.compareLists(): ctdc.utilities.runtestcaseforKatalon.compareLists is PASSED

2020-05-08 16:09:25 - [MESSAGE][PASSED] - ctdc.utilities.runtestcaseforKatalon.compareLists is PASSED

2020-05-08 16:09:27 - [TEST_STEP][PASSED] - Video: Video recording for test case 'Test Cases/StudyType/TC02_Canine_Filter_StudyType-Transcriptomics' .

2020-05-08 16:09:27 - [MESSAGE][INFO] - Video recording for test case 'Test Cases/StudyType/TC02_Canine_Filter_StudyType-Transcriptomics' .
[[ATTACHMENT|C:\\Users\\radhakrishnang2\\Desktop\\DataCommons_Automation\\ICDC_Automation\\Reports\\20200508_160626\\Canine_TestSuite\\20200508_160626/videos\\test_5.avi]]]]></system-out>
         <system-err><![CDATA[]]></system-err>
      </testcase>
      <testcase name="Test Cases/StudyType/TC03_Canine_Filter_StudyType-ALL" time="32.372" classname="Test Cases/StudyType/TC03_Canine_Filter_StudyType-ALL" status="PASSED">
         <system-out><![CDATA[2020-05-08 16:09:27 - [TEST_CASE][PASSED] - Test Cases/StudyType/TC03_Canine_Filter_StudyType-ALL: Test Cases/StudyType/TC03_Canine_Filter_StudyType-ALL

2020-05-08 16:09:28 - [TEST_STEP][PASSED] - openBrowser(""): Browser is opened with url: ''

2020-05-08 16:09:28 - [MESSAGE][WARNING] - A browser is already opened. Closing browser and opening a new one

2020-05-08 16:09:29 - [MESSAGE][INFO] - Starting 'Firefox (headless)' driver

2020-05-08 16:09:33 - [MESSAGE][PASSED] - Browser is opened with url: ''

2020-05-08 16:09:33 - [TEST_STEP][PASSED] - ctdc.utilities.runtestcaseforKatalon.browserDriver(""): ctdc.utilities.runtestcaseforKatalon.browserDriver is PASSED

2020-05-08 16:09:33 - [MESSAGE][PASSED] - ctdc.utilities.runtestcaseforKatalon.browserDriver is PASSED

2020-05-08 16:09:33 - [TEST_STEP][PASSED] - ctdc.utilities.runtestcaseforKatalon.RunKatalon("TC03_Canine_Filter_StudyType-ALL.xlsx"): Data loaded from input file for the test case. 

2020-05-08 16:09:33 - [MESSAGE][PASSED] - Test case file loaded This is the full filepath after converting to string :C:\Users\radhakrishnang2\Desktop\DataCommons_Automation\ICDC_Automation\InputFiles\TC03_Canine_Filter_StudyType-ALL.xlsx

2020-05-08 16:09:33 - [MESSAGE][INFO] - Global variable set for password file is :  C:\Users\radhakrishnang2\Desktop\DataCommons_Automation\ICDC_Automation\InputFiles\TC03_Canine_Filter_StudyType-ALL.xlsx

2020-05-08 16:09:33 - [MESSAGE][PASSED] - Data loaded from input file for the test case. 

2020-05-08 16:09:36 - [TEST_STEP][PASSED] - click(findTestObject("Object Repository/Canine/Canine_Cases_Btn")): Object: 'Object Repository/Canine/Canine_Cases_Btn' is clicked on

2020-05-08 16:09:36 - [MESSAGE][PASSED] - Object: 'Object Repository/Canine/Canine_Cases_Btn' is clicked on

2020-05-08 16:09:36 - [TEST_STEP][PASSED] - click(findTestObject("Canine/Filter/StudyType/Canine_Filter_StudyType")): Object: 'Object Repository/Canine/Filter/StudyType/Canine_Filter_StudyType' is clicked on

2020-05-08 16:09:38 - [MESSAGE][PASSED] - Object: 'Object Repository/Canine/Filter/StudyType/Canine_Filter_StudyType' is clicked on

2020-05-08 16:09:38 - [TEST_STEP][PASSED] - click(findTestObject("Canine/Filter/StudyType/Canine_Filter_StudyType-ClinTrials_Chkbx")): Object: 'Object Repository/Canine/Filter/StudyType/Canine_Filter_StudyType-ClinTrials_Chkbx' is clicked on

2020-05-08 16:09:38 - [MESSAGE][PASSED] - Object: 'Object Repository/Canine/Filter/StudyType/Canine_Filter_StudyType-ClinTrials_Chkbx' is clicked on

2020-05-08 16:09:38 - [TEST_STEP][PASSED] - ctdc.utilities.runtestcaseforKatalon.ReadCasesTableKatalon("Object Repository/Canine/Canine_CasesTable", "Object Repository/Canine/Canine_TableHeader", "Object Repository/Canine/Canine_NextBtn"): ctdc.utilities.runtestcaseforKatalon.ReadCasesTableKatalon is PASSED

2020-05-08 16:09:54 - [MESSAGE][PASSED] - ctdc.utilities.runtestcaseforKatalon.ReadCasesTableKatalon is PASSED

2020-05-08 16:09:54 - [TEST_STEP][PASSED] - ctdc.utilities.ReadExcel.Neo4j(): ctdc.utilities.ReadExcel.Neo4j is PASSED

2020-05-08 16:09:58 - [MESSAGE][PASSED] - ctdc.utilities.ReadExcel.Neo4j is PASSED

2020-05-08 16:09:58 - [TEST_STEP][PASSED] - ctdc.utilities.runtestcaseforKatalon.compareLists(): ctdc.utilities.runtestcaseforKatalon.compareLists is PASSED

2020-05-08 16:09:58 - [MESSAGE][PASSED] - ctdc.utilities.runtestcaseforKatalon.compareLists is PASSED

2020-05-08 16:10:00 - [TEST_STEP][PASSED] - Video: Video recording for test case 'Test Cases/StudyType/TC03_Canine_Filter_StudyType-ALL' .

2020-05-08 16:10:00 - [MESSAGE][INFO] - Video recording for test case 'Test Cases/StudyType/TC03_Canine_Filter_StudyType-ALL' .
[[ATTACHMENT|C:\\Users\\radhakrishnang2\\Desktop\\DataCommons_Automation\\ICDC_Automation\\Reports\\20200508_160626\\Canine_TestSuite\\20200508_160626/videos\\test_6.avi]]]]></system-out>
         <system-err><![CDATA[]]></system-err>
      </testcase>
      <testcase name="Test Cases/TC_Filter_canine_END_TO_END_Sanbox" time="13.666" classname="Test Cases/TC_Filter_canine_END_TO_END_Sanbox" status="PASSED">
         <system-out><![CDATA[2020-05-08 16:10:00 - [TEST_CASE][PASSED] - Test Cases/TC_Filter_canine_END_TO_END_Sanbox: Test Cases/TC_Filter_canine_END_TO_END_Sanbox

2020-05-08 16:10:00 - [TEST_STEP][PASSED] - openBrowser(""): Browser is opened with url: ''

2020-05-08 16:10:00 - [MESSAGE][WARNING] - A browser is already opened. Closing browser and opening a new one

2020-05-08 16:10:01 - [MESSAGE][INFO] - Starting 'Firefox (headless)' driver

2020-05-08 16:10:04 - [MESSAGE][PASSED] - Browser is opened with url: ''

2020-05-08 16:10:04 - [TEST_STEP][PASSED] - ctdc.utilities.runtestcaseforKatalon.browserDriver(""): ctdc.utilities.runtestcaseforKatalon.browserDriver is PASSED

2020-05-08 16:10:04 - [MESSAGE][PASSED] - ctdc.utilities.runtestcaseforKatalon.browserDriver is PASSED

2020-05-08 16:10:04 - [TEST_STEP][PASSED] - ctdc.utilities.runtestcaseforKatalon.RunKatalon("Password_canine.xlsx"): Data loaded from input file for the test case. 

2020-05-08 16:10:04 - [MESSAGE][PASSED] - Test case file loaded This is the full filepath after converting to string :C:\Users\radhakrishnang2\Desktop\DataCommons_Automation\ICDC_Automation\InputFiles\Password_canine.xlsx

2020-05-08 16:10:04 - [MESSAGE][INFO] - Global variable set for password file is :  C:\Users\radhakrishnang2\Desktop\DataCommons_Automation\ICDC_Automation\InputFiles\Password_canine.xlsx

2020-05-08 16:10:04 - [MESSAGE][PASSED] - Data loaded from input file for the test case. 

2020-05-08 16:10:07 - [TEST_STEP][PASSED] - click(findTestObject("Canine/Canine_Cases_Btn")): Object: 'Object Repository/Canine/Canine_Cases_Btn' is clicked on

2020-05-08 16:10:07 - [MESSAGE][PASSED] - Object: 'Object Repository/Canine/Canine_Cases_Btn' is clicked on

2020-05-08 16:10:07 - [TEST_STEP][PASSED] - waitForElementPresent(findTestObject("Canine/Canine_CasesTable"), 5): Object 'Object Repository/Canine/Canine_CasesTable' is present

2020-05-08 16:10:09 - [MESSAGE][PASSED] - Object 'Object Repository/Canine/Canine_CasesTable' is present

2020-05-08 16:10:09 - [TEST_STEP][PASSED] - click(findTestObject("Canine/Canine_SelectAll")): Object: 'Object Repository/Canine/Canine_SelectAll' is clicked on

2020-05-08 16:10:09 - [MESSAGE][PASSED] - Object: 'Object Repository/Canine/Canine_SelectAll' is clicked on

2020-05-08 16:10:09 - [TEST_STEP][PASSED] - click(findTestObject("Canine/Canine_SaveToMycases")): Object: 'Object Repository/Canine/Canine_SaveToMycases' is clicked on

2020-05-08 16:10:10 - [MESSAGE][PASSED] - Object: 'Object Repository/Canine/Canine_SaveToMycases' is clicked on

2020-05-08 16:10:10 - [TEST_STEP][PASSED] - click(findTestObject("Canine/Canine_MyCases")): Object: 'Object Repository/Canine/Canine_MyCases' is clicked on

2020-05-08 16:10:10 - [MESSAGE][PASSED] - Object: 'Object Repository/Canine/Canine_MyCases' is clicked on

2020-05-08 16:10:10 - [TEST_STEP][PASSED] - click(findTestObject("Canine/Canine_GoToFiles")): Object: 'Object Repository/Canine/Canine_GoToFiles' is clicked on

2020-05-08 16:10:10 - [MESSAGE][PASSED] - Object: 'Object Repository/Canine/Canine_GoToFiles' is clicked on

2020-05-08 16:10:10 - [TEST_STEP][PASSED] - click(findTestObject("Canine/Canine_SelectAll")): Object: 'Object Repository/Canine/Canine_SelectAll' is clicked on

2020-05-08 16:10:11 - [MESSAGE][PASSED] - Object: 'Object Repository/Canine/Canine_SelectAll' is clicked on

2020-05-08 16:10:11 - [TEST_STEP][PASSED] - click(findTestObject("Canine/Canine_DownloadManifest")): Object: 'Object Repository/Canine/Canine_DownloadManifest' is clicked on

2020-05-08 16:10:11 - [MESSAGE][PASSED] - Object: 'Object Repository/Canine/Canine_DownloadManifest' is clicked on

2020-05-08 16:10:13 - [TEST_STEP][PASSED] - Video: Video recording for test case 'Test Cases/TC_Filter_canine_END_TO_END_Sanbox' .

2020-05-08 16:10:13 - [MESSAGE][INFO] - Video recording for test case 'Test Cases/TC_Filter_canine_END_TO_END_Sanbox' .
[[ATTACHMENT|C:\\Users\\radhakrishnang2\\Desktop\\DataCommons_Automation\\ICDC_Automation\\Reports\\20200508_160626\\Canine_TestSuite\\20200508_160626/videos\\test_7.avi]]]]></system-out>
         <system-err><![CDATA[]]></system-err>
      </testcase>
      <testcase name="Test Cases/TC_Filter_canine_END_TO_END_TWOCASES_Sanbox" time="16.258" classname="Test Cases/TC_Filter_canine_END_TO_END_TWOCASES_Sanbox" status="PASSED">
         <system-out><![CDATA[2020-05-08 16:10:13 - [TEST_CASE][PASSED] - Test Cases/TC_Filter_canine_END_TO_END_TWOCASES_Sanbox: Test Cases/TC_Filter_canine_END_TO_END_TWOCASES_Sanbox

2020-05-08 16:10:14 - [TEST_STEP][PASSED] - openBrowser(""): Browser is opened with url: ''

2020-05-08 16:10:14 - [MESSAGE][WARNING] - A browser is already opened. Closing browser and opening a new one

2020-05-08 16:10:15 - [MESSAGE][INFO] - Starting 'Firefox (headless)' driver

2020-05-08 16:10:18 - [MESSAGE][PASSED] - Browser is opened with url: ''

2020-05-08 16:10:18 - [TEST_STEP][PASSED] - ctdc.utilities.runtestcaseforKatalon.browserDriver(""): ctdc.utilities.runtestcaseforKatalon.browserDriver is PASSED

2020-05-08 16:10:18 - [MESSAGE][PASSED] - ctdc.utilities.runtestcaseforKatalon.browserDriver is PASSED

2020-05-08 16:10:18 - [TEST_STEP][PASSED] - ctdc.utilities.runtestcaseforKatalon.RunKatalon("Password_canine.xlsx"): Data loaded from input file for the test case. 

2020-05-08 16:10:18 - [MESSAGE][PASSED] - Test case file loaded This is the full filepath after converting to string :C:\Users\radhakrishnang2\Desktop\DataCommons_Automation\ICDC_Automation\InputFiles\Password_canine.xlsx

2020-05-08 16:10:18 - [MESSAGE][INFO] - Global variable set for password file is :  C:\Users\radhakrishnang2\Desktop\DataCommons_Automation\ICDC_Automation\InputFiles\Password_canine.xlsx

2020-05-08 16:10:18 - [MESSAGE][PASSED] - Data loaded from input file for the test case. 

2020-05-08 16:10:24 - [TEST_STEP][PASSED] - click(findTestObject("Canine/Canine_Cases_Btn")): Object: 'Object Repository/Canine/Canine_Cases_Btn' is clicked on

2020-05-08 16:10:24 - [MESSAGE][PASSED] - Object: 'Object Repository/Canine/Canine_Cases_Btn' is clicked on

2020-05-08 16:10:24 - [TEST_STEP][PASSED] - waitForElementPresent(findTestObject("Canine/Canine_CasesTable"), 5): Object 'Object Repository/Canine/Canine_CasesTable' is present

2020-05-08 16:10:25 - [MESSAGE][PASSED] - Object 'Object Repository/Canine/Canine_CasesTable' is present

2020-05-08 16:10:25 - [TEST_STEP][PASSED] - click(findTestObject("Canine/Filter/StudyType/Canine_Filter_StudyType")): Object: 'Object Repository/Canine/Filter/StudyType/Canine_Filter_StudyType' is clicked on

2020-05-08 16:10:26 - [MESSAGE][PASSED] - Object: 'Object Repository/Canine/Filter/StudyType/Canine_Filter_StudyType' is clicked on

2020-05-08 16:10:26 - [TEST_STEP][PASSED] - click(findTestObject("Canine/Filter/StudyType/Canine_Filter_StudyType-Transcrip_Chkbx")): Object: 'Object Repository/Canine/Filter/StudyType/Canine_Filter_StudyType-Transcrip_Chkbx' is clicked on

2020-05-08 16:10:26 - [MESSAGE][PASSED] - Object: 'Object Repository/Canine/Filter/StudyType/Canine_Filter_StudyType-Transcrip_Chkbx' is clicked on

2020-05-08 16:10:26 - [TEST_STEP][PASSED] - ctdc.utilities.runtestcaseforKatalon.Select_case_checkbox("NCATS-COP01CCB010072", "one"): ctdc.utilities.runtestcaseforKatalon.Select_case_checkbox is PASSED

2020-05-08 16:10:27 - [MESSAGE][PASSED] - ctdc.utilities.runtestcaseforKatalon.Select_case_checkbox is PASSED

2020-05-08 16:10:27 - [TEST_STEP][PASSED] - waitForElementPresent(findTestObject("Canine/Canine_SaveToMycases"), 0): Object 'Object Repository/Canine/Canine_SaveToMycases' is present

2020-05-08 16:10:27 - [MESSAGE][WARNING] - Timeout '0' is invalid. Using default page load timeout: '30'

2020-05-08 16:10:27 - [MESSAGE][PASSED] - Object 'Object Repository/Canine/Canine_SaveToMycases' is present

2020-05-08 16:10:27 - [TEST_STEP][PASSED] - click(findTestObject("Canine/Canine_SaveToMycases")): Object: 'Object Repository/Canine/Canine_SaveToMycases' is clicked on

2020-05-08 16:10:27 - [MESSAGE][PASSED] - Object: 'Object Repository/Canine/Canine_SaveToMycases' is clicked on

2020-05-08 16:10:27 - [TEST_STEP][PASSED] - click(findTestObject("Canine/Canine_MyCases")): Object: 'Object Repository/Canine/Canine_MyCases' is clicked on

2020-05-08 16:10:27 - [MESSAGE][PASSED] - Object: 'Object Repository/Canine/Canine_MyCases' is clicked on

2020-05-08 16:10:27 - [TEST_STEP][PASSED] - click(findTestObject("Canine/Canine_GoToFiles")): Object: 'Object Repository/Canine/Canine_GoToFiles' is clicked on

2020-05-08 16:10:27 - [MESSAGE][PASSED] - Object: 'Object Repository/Canine/Canine_GoToFiles' is clicked on

2020-05-08 16:10:27 - [TEST_STEP][PASSED] - click(findTestObject("Canine/Canine_SelectAll")): Object: 'Object Repository/Canine/Canine_SelectAll' is clicked on

2020-05-08 16:10:28 - [MESSAGE][PASSED] - Object: 'Object Repository/Canine/Canine_SelectAll' is clicked on

2020-05-08 16:10:30 - [TEST_STEP][PASSED] - Video: Video recording for test case 'Test Cases/TC_Filter_canine_END_TO_END_TWOCASES_Sanbox' .

2020-05-08 16:10:30 - [MESSAGE][INFO] - Video recording for test case 'Test Cases/TC_Filter_canine_END_TO_END_TWOCASES_Sanbox' .
[[ATTACHMENT|C:\\Users\\radhakrishnang2\\Desktop\\DataCommons_Automation\\ICDC_Automation\\Reports\\20200508_160626\\Canine_TestSuite\\20200508_160626/videos\\test_8.avi]]]]></system-out>
         <system-err><![CDATA[]]></system-err>
      </testcase>
      <system-out><![CDATA[2020-05-08 16:06:28 - [TEST_SUITE][PASSED] - Canine_TestSuite: Test Cases/TC_Filter_canine_END_TO_END_TWOCASES_Sanbox]]></system-out>
      <system-err><![CDATA[]]></system-err>
   </testsuite>
</testsuites>
