<?xml version="1.0" encoding="UTF-8"?>
<testsuites name="OSA01" time="2750.848" tests="12" failures="0" errors="0">
   <testsuite name="OSA01" tests="12" failures="0" errors="0" time="2750.848" skipped="0" timestamp="2022-04-05 06:37:14" hostname="sohilz2 - host.docker.internal" id="Test Suites/OSA01">
      <properties>
         <property name="deviceName" value=""/>
         <property name="devicePlatform" value=""/>
         <property name="logFolder" value="C:\\Users\\sohilz2\\Commons_Automation\\Reports\\20220405_063707\\OSA01\\20220405_063707"/>
         <property name="logFiles" value="C:\\Users\\sohilz2\\Commons_Automation\\Reports\\20220405_063707\\OSA01\\20220405_063707\\execution0.log"/>
         <property name="attachments" value=""/>
         <property name="hostName" value="sohilz2 - host.docker.internal"/>
         <property name="os" value="Windows 10 64bit"/>
         <property name="katalonVersion" value="8.2.0.208"/>
         <property name="browser" value="Chrome 99.0.4844.84"/>
         <property name="hostAddress" value="192.168.0.86"/>
         <property name="sessionId" value="1b452d5f8708821108654e383cb7b1ba"/>
         <property name="seleniumVersion" value="3.141.59"/>
         <property name="proxyInformation" value="ProxyInformation { proxyOption=NO_PROXY, proxyServerType=HTTP, username=, password=********, proxyServerAddress=, proxyServerPort=0, executionList=&quot;&quot;, isApplyToDesiredCapabilities=true }"/>
         <property name="platform" value="Windows 10"/>
      </properties>
      <testcase name="Test Cases/Canine_TestCases/StudyCombinations/Study-Combinations-OSA01/TC03_Canine_StudyOSA01-Breed_Sex_Male" time="140.186" classname="Test Cases/Canine_TestCases/StudyCombinations/Study-Combinations-OSA01/TC03_Canine_StudyOSA01-Breed_Sex_Male" status="PASSED">
         <system-out><![CDATA[2022-04-05 06:37:16 - [TEST_CASE][PASSED] - Test Cases/Canine_TestCases/StudyCombinations/Study-Combinations-OSA01/TC03_Canine_StudyOSA01-Breed_Sex_Male: Test Cases/Canine_TestCases/StudyCombinations/Study-Combinations-OSA01/TC03_Canine_StudyOSA01-Breed_Sex_Male

2022-04-05 06:37:16 - [TEST_STEP][PASSED] - Start listener action : getTestScriptName: null

2022-04-05 06:37:16 - [TEST_STEP][PASSED] - TestCaseId = testCaseContext.getTestCaseId(): null

2022-04-05 06:37:16 - [TEST_STEP][PASSED] - out.println("**********this is the value of test case id string******** " + testCaseContext.getTestCaseId()): null

2022-04-05 06:37:16 - [TEST_STEP][PASSED] - G_currentTCName = TestCaseId.substring(TestCaseId.lastIndexOf("TC")): null

2022-04-05 06:37:16 - [TEST_STEP][PASSED] - out.println("This is the test case name : " + G_currentTCName): null

2022-04-05 06:37:17 - [TEST_STEP][PASSED] - closeBrowser(): Browser is closed

2022-04-05 06:37:17 - [MESSAGE][PASSED] - Browser is closed

2022-04-05 06:37:17 - [TEST_STEP][PASSED] - "Driver opened by Katalon is used in Selenium from this step.": null

2022-04-05 06:37:17 - [TEST_STEP][PASSED] - ctdc.utilities.runtestcaseforKatalon.RunKatalon("TC03_Canine_StudyOSA01-Breed_Sex_Male.xlsx"): Data loaded from input file for the test case. 

2022-04-05 06:37:18 - [MESSAGE][PASSED] - Test case file loaded This is the full filepath after converting to string :C:\Users\sohilz2\Commons_Automation\InputFiles\TC03_Canine_StudyOSA01-Breed_Sex_Male.xlsx

2022-04-05 06:37:18 - [MESSAGE][INFO] - Global variable set for password file is :  C:\Users\sohilz2\Commons_Automation\InputFiles\TC03_Canine_StudyOSA01-Breed_Sex_Male.xlsx

2022-04-05 06:37:22 - [MESSAGE][PASSED] - Data loaded from input file for the test case. 

2022-04-05 06:38:01 - [TEST_STEP][PASSED] - waitForElementPresent(findTestObject("Canine/NavBar/Canine_Cases_Btn"), 20): Object 'Object Repository/Canine/NavBar/Canine_Cases_Btn' is present

2022-04-05 06:38:01 - [MESSAGE][PASSED] - Object 'Object Repository/Canine/NavBar/Canine_Cases_Btn' is present

2022-04-05 06:38:01 - [TEST_STEP][PASSED] - ctdc.utilities.runtestcaseforKatalon.clickTab("Object Repository/Canine/Canine_PopUp_Continue_Btn"): ctdc.utilities.runtestcaseforKatalon.clickTab is PASSED

2022-04-05 06:38:01 - [MESSAGE][PASSED] - ctdc.utilities.runtestcaseforKatalon.clickTab is PASSED

2022-04-05 06:38:01 - [TEST_STEP][PASSED] - out.println("Closed the popup window"): null

2022-04-05 06:38:01 - [TEST_STEP][PASSED] - waitForElementPresent(findTestObject("Canine/NavBar/Canine_Cases_Btn"), 20): Object 'Object Repository/Canine/NavBar/Canine_Cases_Btn' is present

2022-04-05 06:38:02 - [MESSAGE][PASSED] - Object 'Object Repository/Canine/NavBar/Canine_Cases_Btn' is present

2022-04-05 06:38:02 - [TEST_STEP][PASSED] - ctdc.utilities.runtestcaseforKatalon.clickTab("Canine/NavBar/Canine_Cases_Btn"): ctdc.utilities.runtestcaseforKatalon.clickTab is PASSED

2022-04-05 06:38:02 - [MESSAGE][PASSED] - ctdc.utilities.runtestcaseforKatalon.clickTab is PASSED

2022-04-05 06:38:02 - [TEST_STEP][PASSED] - waitForElementPresent(findTestObject("Object Repository/Canine/Filter/Study/Canine_Filter_Study"), 30): Object 'Object Repository/Canine/Filter/Study/Canine_Filter_Study' is present

2022-04-05 06:38:03 - [MESSAGE][PASSED] - Object 'Object Repository/Canine/Filter/Study/Canine_Filter_Study' is present

2022-04-05 06:38:03 - [TEST_STEP][PASSED] - verifyElementPresent(findTestObject("Object Repository/Canine/Filter/Study/Canine_Filter_Study"), 5): Object 'Object Repository/Canine/Filter/Study/Canine_Filter_Study' is present

2022-04-05 06:38:04 - [MESSAGE][PASSED] - Object 'Object Repository/Canine/Filter/Study/Canine_Filter_Study' is present

2022-04-05 06:38:04 - [TEST_STEP][PASSED] - ctdc.utilities.runtestcaseforKatalon.clickTab("Object Repository/Canine/Filter/Study/Canine_Filter_Study"): ctdc.utilities.runtestcaseforKatalon.clickTab is PASSED

2022-04-05 06:38:04 - [MESSAGE][PASSED] - ctdc.utilities.runtestcaseforKatalon.clickTab is PASSED

2022-04-05 06:38:04 - [TEST_STEP][PASSED] - waitForElementPresent(findTestObject("Object Repository/Canine/Filter/Study/Canine_Filter_Study-OSA01_Chkbx"), 30): Object 'Object Repository/Canine/Filter/Study/Canine_Filter_Study-OSA01_Chkbx' is present

2022-04-05 06:38:05 - [MESSAGE][PASSED] - Object 'Object Repository/Canine/Filter/Study/Canine_Filter_Study-OSA01_Chkbx' is present

2022-04-05 06:38:05 - [TEST_STEP][PASSED] - verifyElementPresent(findTestObject("Object Repository/Canine/Filter/Study/Canine_Filter_Study-OSA01_Chkbx"), 5): Object 'Object Repository/Canine/Filter/Study/Canine_Filter_Study-OSA01_Chkbx' is present

2022-04-05 06:38:05 - [MESSAGE][PASSED] - Object 'Object Repository/Canine/Filter/Study/Canine_Filter_Study-OSA01_Chkbx' is present

2022-04-05 06:38:05 - [TEST_STEP][PASSED] - ctdc.utilities.runtestcaseforKatalon.clickTab("Object Repository/Canine/Filter/Study/Canine_Filter_Study-OSA01_Chkbx"): ctdc.utilities.runtestcaseforKatalon.clickTab is PASSED

2022-04-05 06:38:05 - [MESSAGE][PASSED] - ctdc.utilities.runtestcaseforKatalon.clickTab is PASSED

2022-04-05 06:38:05 - [TEST_STEP][PASSED] - waitForElementPresent(findTestObject("Object Repository/Canine/Filter/Breed/BREED_Ddn"), 30): Object 'Object Repository/Canine/Filter/Breed/BREED_Ddn' is present

2022-04-05 06:38:06 - [MESSAGE][PASSED] - Object 'Object Repository/Canine/Filter/Breed/BREED_Ddn' is present

2022-04-05 06:38:06 - [TEST_STEP][PASSED] - verifyElementPresent(findTestObject("Object Repository/Canine/Filter/Breed/BREED_Ddn"), 5): Object 'Object Repository/Canine/Filter/Breed/BREED_Ddn' is present

2022-04-05 06:38:06 - [MESSAGE][PASSED] - Object 'Object Repository/Canine/Filter/Breed/BREED_Ddn' is present

2022-04-05 06:38:06 - [TEST_STEP][PASSED] - ctdc.utilities.runtestcaseforKatalon.clickTabCanineStat("Object Repository/Canine/Filter/Breed/BREED_Ddn"): ctdc.utilities.runtestcaseforKatalon.clickTabCanineStat is PASSED

2022-04-05 06:38:08 - [MESSAGE][PASSED] - ctdc.utilities.runtestcaseforKatalon.clickTabCanineStat is PASSED

2022-04-05 06:38:08 - [TEST_STEP][PASSED] - Thread.sleep(2000): null

2022-04-05 06:38:10 - [TEST_STEP][PASSED] - waitForElementPresent(findTestObject("Object Repository/Canine/Filter/Breed/Greyhnd_Chkbx"), 30): Object 'Object Repository/Canine/Filter/Breed/Greyhnd_Chkbx' is present

2022-04-05 06:38:10 - [MESSAGE][PASSED] - Object 'Object Repository/Canine/Filter/Breed/Greyhnd_Chkbx' is present

2022-04-05 06:38:10 - [TEST_STEP][PASSED] - verifyElementPresent(findTestObject("Object Repository/Canine/Filter/Breed/Greyhnd_Chkbx"), 5): Object 'Object Repository/Canine/Filter/Breed/Greyhnd_Chkbx' is present

2022-04-05 06:38:11 - [MESSAGE][PASSED] - Object 'Object Repository/Canine/Filter/Breed/Greyhnd_Chkbx' is present

2022-04-05 06:38:11 - [TEST_STEP][PASSED] - ctdc.utilities.runtestcaseforKatalon.clickTabCanineStat("Object Repository/Canine/Filter/Breed/Greyhnd_Chkbx"): ctdc.utilities.runtestcaseforKatalon.clickTabCanineStat is PASSED

2022-04-05 06:38:12 - [MESSAGE][PASSED] - ctdc.utilities.runtestcaseforKatalon.clickTabCanineStat is PASSED

2022-04-05 06:38:12 - [TEST_STEP][PASSED] - Thread.sleep(2000): null

2022-04-05 06:38:14 - [TEST_STEP][PASSED] - waitForElementPresent(findTestObject("Object Repository/Canine/Filter/Sex/SEX_Ddn"), 30): Object 'Object Repository/Canine/Filter/Sex/SEX_Ddn' is present

2022-04-05 06:38:14 - [MESSAGE][PASSED] - Object 'Object Repository/Canine/Filter/Sex/SEX_Ddn' is present

2022-04-05 06:38:14 - [TEST_STEP][PASSED] - verifyElementPresent(findTestObject("Object Repository/Canine/Filter/Sex/SEX_Ddn"), 5): Object 'Object Repository/Canine/Filter/Sex/SEX_Ddn' is present

2022-04-05 06:38:15 - [MESSAGE][PASSED] - Object 'Object Repository/Canine/Filter/Sex/SEX_Ddn' is present

2022-04-05 06:38:15 - [TEST_STEP][PASSED] - ctdc.utilities.runtestcaseforKatalon.clickTabCanineStat("Object Repository/Canine/Filter/Sex/SEX_Ddn"): ctdc.utilities.runtestcaseforKatalon.clickTabCanineStat is PASSED

2022-04-05 06:38:16 - [MESSAGE][PASSED] - ctdc.utilities.runtestcaseforKatalon.clickTabCanineStat is PASSED

2022-04-05 06:38:16 - [TEST_STEP][PASSED] - waitForElementPresent(findTestObject("Object Repository/Canine/Filter/Sex/Male_Chkbx"), 30): Object 'Object Repository/Canine/Filter/Sex/Male_Chkbx' is present

2022-04-05 06:38:16 - [MESSAGE][PASSED] - Object 'Object Repository/Canine/Filter/Sex/Male_Chkbx' is present

2022-04-05 06:38:16 - [TEST_STEP][PASSED] - verifyElementPresent(findTestObject("Object Repository/Canine/Filter/Sex/Male_Chkbx"), 5): Object 'Object Repository/Canine/Filter/Sex/Male_Chkbx' is present

2022-04-05 06:38:16 - [MESSAGE][PASSED] - Object 'Object Repository/Canine/Filter/Sex/Male_Chkbx' is present

2022-04-05 06:38:16 - [TEST_STEP][PASSED] - waitForElementClickable(findTestObject("Object Repository/Canine/Filter/Sex/Male_Chkbx"), 30): Object 'Object Repository/Canine/Filter/Sex/Male_Chkbx' is clickable

2022-04-05 06:38:16 - [MESSAGE][PASSED] - Object 'Object Repository/Canine/Filter/Sex/Male_Chkbx' is clickable

2022-04-05 06:38:16 - [TEST_STEP][PASSED] - ctdc.utilities.runtestcaseforKatalon.clickTabCanineStat("Object Repository/Canine/Filter/Sex/Male_Chkbx"): ctdc.utilities.runtestcaseforKatalon.clickTabCanineStat is PASSED

2022-04-05 06:38:18 - [MESSAGE][PASSED] - ctdc.utilities.runtestcaseforKatalon.clickTabCanineStat is PASSED

2022-04-05 06:38:18 - [TEST_STEP][PASSED] - ctdc.utilities.runtestcaseforKatalon.clickTab("Object Repository/Canine/Filter/Sex/SEX_Ddn"): ctdc.utilities.runtestcaseforKatalon.clickTab is PASSED

2022-04-05 06:38:18 - [MESSAGE][PASSED] - ctdc.utilities.runtestcaseforKatalon.clickTab is PASSED

2022-04-05 06:38:18 - [TEST_STEP][PASSED] - ctdc.utilities.runtestcaseforKatalon.readStatBarCanine("Object Repository/Canine/StatBar/Canine_StatBar-Programs", "Object Repository/Canine/StatBar/Canine_StatBar-Studies", "Object Repository/Canine/StatBar/Canine_StatBar-Cases", "Object Repository/Canine/StatBar/Canine_StatBar-Samples", "Object Repository/Canine/StatBar/Canine_StatBar-CaseFiles", "Object Repository/Canine/StatBar/Canine_StatBar-StudyFiles"): ctdc.utilities.runtestcaseforKatalon.readStatBarCanine is PASSED

2022-04-05 06:38:36 - [MESSAGE][PASSED] - ctdc.utilities.runtestcaseforKatalon.readStatBarCanine is PASSED

2022-04-05 06:38:36 - [TEST_STEP][PASSED] - waitForElementPresent(findTestObject("Object Repository/Canine/CanineResults_Cases_Tab"), 30): Object 'Object Repository/Canine/CanineResults_Cases_Tab' is present

2022-04-05 06:38:36 - [MESSAGE][PASSED] - Object 'Object Repository/Canine/CanineResults_Cases_Tab' is present

2022-04-05 06:38:36 - [TEST_STEP][PASSED] - verifyElementPresent(findTestObject("Object Repository/Canine/CanineResults_Cases_Tab"), 5): Object 'Object Repository/Canine/CanineResults_Cases_Tab' is present

2022-04-05 06:38:36 - [MESSAGE][PASSED] - Object 'Object Repository/Canine/CanineResults_Cases_Tab' is present

2022-04-05 06:38:36 - [TEST_STEP][PASSED] - ctdc.utilities.runtestcaseforKatalon.clickTab("Object Repository/Canine/CanineResults_Cases_Tab"): ctdc.utilities.runtestcaseforKatalon.clickTab is PASSED

2022-04-05 06:38:37 - [MESSAGE][PASSED] - ctdc.utilities.runtestcaseforKatalon.clickTab is PASSED

2022-04-05 06:38:37 - [TEST_STEP][PASSED] - ctdc.utilities.runtestcaseforKatalon.multiFunction("ICDC", G_StatBar_Cases, "Object Repository/Canine/Canine_CasesTable", "Object Repository/Canine/Canine_TableHeader", "Object Repository/Canine/Canine_CasesTabNextBtn", G_WebTabnameCases, G_CypherTabnameCases, G_QueryCasesTab): Statbar Study Files count matches

2022-04-05 06:38:59 - [MESSAGE][PASSED] - Statbar Programs count matches

2022-04-05 06:38:59 - [MESSAGE][PASSED] - Statbar Studies count matches

2022-04-05 06:38:59 - [MESSAGE][PASSED] - Statbar Cases count matches

2022-04-05 06:38:59 - [MESSAGE][PASSED] - Statbar Samples count matches

2022-04-05 06:38:59 - [MESSAGE][PASSED] - Statbar Case Files count matches

2022-04-05 06:38:59 - [MESSAGE][PASSED] - Statbar Study Files count matches

2022-04-05 06:38:59 - [TEST_STEP][PASSED] - waitForElementPresent(findTestObject("Object Repository/Canine/CanineResults_Samples_Tab"), 30): Object 'Object Repository/Canine/CanineResults_Samples_Tab' is present

2022-04-05 06:38:59 - [MESSAGE][PASSED] - Object 'Object Repository/Canine/CanineResults_Samples_Tab' is present

2022-04-05 06:38:59 - [TEST_STEP][PASSED] - verifyElementPresent(findTestObject("Object Repository/Canine/CanineResults_Samples_Tab"), 5): Object 'Object Repository/Canine/CanineResults_Samples_Tab' is present

2022-04-05 06:39:00 - [MESSAGE][PASSED] - Object 'Object Repository/Canine/CanineResults_Samples_Tab' is present

2022-04-05 06:39:00 - [TEST_STEP][PASSED] - ctdc.utilities.runtestcaseforKatalon.clickTab("Object Repository/Canine/CanineResults_Samples_Tab"): ctdc.utilities.runtestcaseforKatalon.clickTab is PASSED

2022-04-05 06:39:00 - [MESSAGE][PASSED] - ctdc.utilities.runtestcaseforKatalon.clickTab is PASSED

2022-04-05 06:39:00 - [TEST_STEP][PASSED] - ctdc.utilities.runtestcaseforKatalon.multiFunction("ICDC", G_StatBar_Samples, "Object Repository/Canine/Canine_Samples_Table", "Object Repository/Canine/Canine_Samples_TableHdr", "Object Repository/Canine/Canine_SamplesTabNextBtn", G_WebTabnameSamples, G_CypherTabnameSamples, G_QuerySamplesTab): Statbar Study Files count matches

2022-04-05 06:39:36 - [MESSAGE][PASSED] - Statbar Programs count matches

2022-04-05 06:39:36 - [MESSAGE][PASSED] - Statbar Studies count matches

2022-04-05 06:39:36 - [MESSAGE][PASSED] - Statbar Cases count matches

2022-04-05 06:39:36 - [MESSAGE][PASSED] - Statbar Samples count matches

2022-04-05 06:39:36 - [MESSAGE][PASSED] - Statbar Case Files count matches

2022-04-05 06:39:36 - [MESSAGE][PASSED] - Statbar Study Files count matches]]></system-out>
         <system-err><![CDATA[]]></system-err>
      </testcase>
      <testcase name="Test Cases/Canine_TestCases/StudyCombinations/Study-Combinations-OSA01/TC04_Canine_StudyOSA01-Breed_Sex_Female" time="116.955" classname="Test Cases/Canine_TestCases/StudyCombinations/Study-Combinations-OSA01/TC04_Canine_StudyOSA01-Breed_Sex_Female" status="PASSED">
         <system-out><![CDATA[2022-04-05 06:39:36 - [TEST_CASE][PASSED] - Test Cases/Canine_TestCases/StudyCombinations/Study-Combinations-OSA01/TC04_Canine_StudyOSA01-Breed_Sex_Female: Test Cases/Canine_TestCases/StudyCombinations/Study-Combinations-OSA01/TC04_Canine_StudyOSA01-Breed_Sex_Female

2022-04-05 06:39:36 - [TEST_STEP][PASSED] - Start listener action : getTestScriptName: null

2022-04-05 06:39:36 - [TEST_STEP][PASSED] - TestCaseId = testCaseContext.getTestCaseId(): null

2022-04-05 06:39:36 - [TEST_STEP][PASSED] - out.println("**********this is the value of test case id string******** " + testCaseContext.getTestCaseId()): null

2022-04-05 06:39:36 - [TEST_STEP][PASSED] - G_currentTCName = TestCaseId.substring(TestCaseId.lastIndexOf("TC")): null

2022-04-05 06:39:36 - [TEST_STEP][PASSED] - out.println("This is the test case name : " + G_currentTCName): null

2022-04-05 06:39:37 - [TEST_STEP][PASSED] - closeBrowser(): Browser is closed

2022-04-05 06:39:37 - [MESSAGE][PASSED] - Browser is closed

2022-04-05 06:39:37 - [TEST_STEP][PASSED] - "Driver opened by Katalon is used in Selenium from this step.": null

2022-04-05 06:39:37 - [TEST_STEP][PASSED] - ctdc.utilities.runtestcaseforKatalon.RunKatalon("TC04_Canine_StudyOSA01-Breed_Sex_Female.xlsx"): Data loaded from input file for the test case. 

2022-04-05 06:39:37 - [MESSAGE][PASSED] - Test case file loaded This is the full filepath after converting to string :C:\Users\sohilz2\Commons_Automation\InputFiles\TC04_Canine_StudyOSA01-Breed_Sex_Female.xlsx

2022-04-05 06:39:37 - [MESSAGE][INFO] - Global variable set for password file is :  C:\Users\sohilz2\Commons_Automation\InputFiles\TC04_Canine_StudyOSA01-Breed_Sex_Female.xlsx

2022-04-05 06:39:41 - [MESSAGE][PASSED] - Data loaded from input file for the test case. 

2022-04-05 06:40:14 - [TEST_STEP][PASSED] - waitForElementPresent(findTestObject("Canine/NavBar/Canine_Cases_Btn"), 20): Object 'Object Repository/Canine/NavBar/Canine_Cases_Btn' is present

2022-04-05 06:40:14 - [MESSAGE][PASSED] - Object 'Object Repository/Canine/NavBar/Canine_Cases_Btn' is present

2022-04-05 06:40:14 - [TEST_STEP][PASSED] - ctdc.utilities.runtestcaseforKatalon.clickTab("Object Repository/Canine/Canine_PopUp_Continue_Btn"): ctdc.utilities.runtestcaseforKatalon.clickTab is PASSED

2022-04-05 06:40:14 - [MESSAGE][PASSED] - ctdc.utilities.runtestcaseforKatalon.clickTab is PASSED

2022-04-05 06:40:14 - [TEST_STEP][PASSED] - out.println("Closed the popup window"): null

2022-04-05 06:40:14 - [TEST_STEP][PASSED] - waitForElementPresent(findTestObject("Canine/NavBar/Canine_Cases_Btn"), 20): Object 'Object Repository/Canine/NavBar/Canine_Cases_Btn' is present

2022-04-05 06:40:14 - [MESSAGE][PASSED] - Object 'Object Repository/Canine/NavBar/Canine_Cases_Btn' is present

2022-04-05 06:40:14 - [TEST_STEP][PASSED] - ctdc.utilities.runtestcaseforKatalon.clickTab("Canine/NavBar/Canine_Cases_Btn"): ctdc.utilities.runtestcaseforKatalon.clickTab is PASSED

2022-04-05 06:40:14 - [MESSAGE][PASSED] - ctdc.utilities.runtestcaseforKatalon.clickTab is PASSED

2022-04-05 06:40:14 - [TEST_STEP][PASSED] - waitForElementPresent(findTestObject("Object Repository/Canine/Filter/Study/Canine_Filter_Study"), 30): Object 'Object Repository/Canine/Filter/Study/Canine_Filter_Study' is present

2022-04-05 06:40:16 - [MESSAGE][PASSED] - Object 'Object Repository/Canine/Filter/Study/Canine_Filter_Study' is present

2022-04-05 06:40:16 - [TEST_STEP][PASSED] - verifyElementPresent(findTestObject("Object Repository/Canine/Filter/Study/Canine_Filter_Study"), 5): Object 'Object Repository/Canine/Filter/Study/Canine_Filter_Study' is present

2022-04-05 06:40:16 - [MESSAGE][PASSED] - Object 'Object Repository/Canine/Filter/Study/Canine_Filter_Study' is present

2022-04-05 06:40:16 - [TEST_STEP][PASSED] - ctdc.utilities.runtestcaseforKatalon.clickTab("Object Repository/Canine/Filter/Study/Canine_Filter_Study"): ctdc.utilities.runtestcaseforKatalon.clickTab is PASSED

2022-04-05 06:40:17 - [MESSAGE][PASSED] - ctdc.utilities.runtestcaseforKatalon.clickTab is PASSED

2022-04-05 06:40:17 - [TEST_STEP][PASSED] - waitForElementPresent(findTestObject("Object Repository/Canine/Filter/Study/Canine_Filter_Study-OSA01_Chkbx"), 30): Object 'Object Repository/Canine/Filter/Study/Canine_Filter_Study-OSA01_Chkbx' is present

2022-04-05 06:40:17 - [MESSAGE][PASSED] - Object 'Object Repository/Canine/Filter/Study/Canine_Filter_Study-OSA01_Chkbx' is present

2022-04-05 06:40:17 - [TEST_STEP][PASSED] - verifyElementPresent(findTestObject("Object Repository/Canine/Filter/Study/Canine_Filter_Study-OSA01_Chkbx"), 5): Object 'Object Repository/Canine/Filter/Study/Canine_Filter_Study-OSA01_Chkbx' is present

2022-04-05 06:40:17 - [MESSAGE][PASSED] - Object 'Object Repository/Canine/Filter/Study/Canine_Filter_Study-OSA01_Chkbx' is present

2022-04-05 06:40:17 - [TEST_STEP][PASSED] - ctdc.utilities.runtestcaseforKatalon.clickTab("Object Repository/Canine/Filter/Study/Canine_Filter_Study-OSA01_Chkbx"): ctdc.utilities.runtestcaseforKatalon.clickTab is PASSED

2022-04-05 06:40:18 - [MESSAGE][PASSED] - ctdc.utilities.runtestcaseforKatalon.clickTab is PASSED

2022-04-05 06:40:18 - [TEST_STEP][PASSED] - waitForElementPresent(findTestObject("Object Repository/Canine/Filter/Breed/BREED_Ddn"), 30): Object 'Object Repository/Canine/Filter/Breed/BREED_Ddn' is present

2022-04-05 06:40:18 - [MESSAGE][PASSED] - Object 'Object Repository/Canine/Filter/Breed/BREED_Ddn' is present

2022-04-05 06:40:18 - [TEST_STEP][PASSED] - verifyElementPresent(findTestObject("Object Repository/Canine/Filter/Breed/BREED_Ddn"), 5): Object 'Object Repository/Canine/Filter/Breed/BREED_Ddn' is present

2022-04-05 06:40:18 - [MESSAGE][PASSED] - Object 'Object Repository/Canine/Filter/Breed/BREED_Ddn' is present

2022-04-05 06:40:18 - [TEST_STEP][PASSED] - ctdc.utilities.runtestcaseforKatalon.clickTabCanineStat("Object Repository/Canine/Filter/Breed/BREED_Ddn"): ctdc.utilities.runtestcaseforKatalon.clickTabCanineStat is PASSED

2022-04-05 06:40:20 - [MESSAGE][PASSED] - ctdc.utilities.runtestcaseforKatalon.clickTabCanineStat is PASSED

2022-04-05 06:40:20 - [TEST_STEP][PASSED] - Thread.sleep(2000): null

2022-04-05 06:40:22 - [TEST_STEP][PASSED] - waitForElementPresent(findTestObject("Object Repository/Canine/Filter/Breed/GoldenRetr_Chkbx"), 30): Object 'Object Repository/Canine/Filter/Breed/GoldenRetr_Chkbx' is present

2022-04-05 06:40:22 - [MESSAGE][PASSED] - Object 'Object Repository/Canine/Filter/Breed/GoldenRetr_Chkbx' is present

2022-04-05 06:40:22 - [TEST_STEP][PASSED] - verifyElementPresent(findTestObject("Object Repository/Canine/Filter/Breed/GoldenRetr_Chkbx"), 5): Object 'Object Repository/Canine/Filter/Breed/GoldenRetr_Chkbx' is present

2022-04-05 06:40:23 - [MESSAGE][PASSED] - Object 'Object Repository/Canine/Filter/Breed/GoldenRetr_Chkbx' is present

2022-04-05 06:40:23 - [TEST_STEP][PASSED] - ctdc.utilities.runtestcaseforKatalon.clickTabCanineStat("Object Repository/Canine/Filter/Breed/GoldenRetr_Chkbx"): ctdc.utilities.runtestcaseforKatalon.clickTabCanineStat is PASSED

2022-04-05 06:40:24 - [MESSAGE][PASSED] - ctdc.utilities.runtestcaseforKatalon.clickTabCanineStat is PASSED

2022-04-05 06:40:24 - [TEST_STEP][PASSED] - waitForElementPresent(findTestObject("Object Repository/Canine/Filter/Sex/SEX_Ddn"), 30): Object 'Object Repository/Canine/Filter/Sex/SEX_Ddn' is present

2022-04-05 06:40:24 - [MESSAGE][PASSED] - Object 'Object Repository/Canine/Filter/Sex/SEX_Ddn' is present

2022-04-05 06:40:24 - [TEST_STEP][PASSED] - verifyElementPresent(findTestObject("Object Repository/Canine/Filter/Sex/SEX_Ddn"), 5): Object 'Object Repository/Canine/Filter/Sex/SEX_Ddn' is present

2022-04-05 06:40:24 - [MESSAGE][PASSED] - Object 'Object Repository/Canine/Filter/Sex/SEX_Ddn' is present

2022-04-05 06:40:24 - [TEST_STEP][PASSED] - ctdc.utilities.runtestcaseforKatalon.clickTabCanineStat("Object Repository/Canine/Filter/Sex/SEX_Ddn"): ctdc.utilities.runtestcaseforKatalon.clickTabCanineStat is PASSED

2022-04-05 06:40:26 - [MESSAGE][PASSED] - ctdc.utilities.runtestcaseforKatalon.clickTabCanineStat is PASSED

2022-04-05 06:40:26 - [TEST_STEP][PASSED] - waitForElementPresent(findTestObject("Object Repository/Canine/Filter/Sex/Female_Chkbx"), 30): Object 'Object Repository/Canine/Filter/Sex/Female_Chkbx' is present

2022-04-05 06:40:26 - [MESSAGE][PASSED] - Object 'Object Repository/Canine/Filter/Sex/Female_Chkbx' is present

2022-04-05 06:40:26 - [TEST_STEP][PASSED] - verifyElementPresent(findTestObject("Object Repository/Canine/Filter/Sex/Female_Chkbx"), 5): Object 'Object Repository/Canine/Filter/Sex/Female_Chkbx' is present

2022-04-05 06:40:26 - [MESSAGE][PASSED] - Object 'Object Repository/Canine/Filter/Sex/Female_Chkbx' is present

2022-04-05 06:40:26 - [TEST_STEP][PASSED] - waitForElementClickable(findTestObject("Object Repository/Canine/Filter/Sex/Female_Chkbx"), 30): Object 'Object Repository/Canine/Filter/Sex/Female_Chkbx' is clickable

2022-04-05 06:40:26 - [MESSAGE][PASSED] - Object 'Object Repository/Canine/Filter/Sex/Female_Chkbx' is clickable

2022-04-05 06:40:26 - [TEST_STEP][PASSED] - ctdc.utilities.runtestcaseforKatalon.clickTabCanineStat("Object Repository/Canine/Filter/Sex/Female_Chkbx"): ctdc.utilities.runtestcaseforKatalon.clickTabCanineStat is PASSED

2022-04-05 06:40:27 - [MESSAGE][PASSED] - ctdc.utilities.runtestcaseforKatalon.clickTabCanineStat is PASSED

2022-04-05 06:40:27 - [TEST_STEP][PASSED] - ctdc.utilities.runtestcaseforKatalon.clickTab("Object Repository/Canine/Filter/Sex/SEX_Ddn"): ctdc.utilities.runtestcaseforKatalon.clickTab is PASSED

2022-04-05 06:40:28 - [MESSAGE][PASSED] - ctdc.utilities.runtestcaseforKatalon.clickTab is PASSED

2022-04-05 06:40:28 - [TEST_STEP][PASSED] - ctdc.utilities.runtestcaseforKatalon.readStatBarCanine("Object Repository/Canine/StatBar/Canine_StatBar-Programs", "Object Repository/Canine/StatBar/Canine_StatBar-Studies", "Object Repository/Canine/StatBar/Canine_StatBar-Cases", "Object Repository/Canine/StatBar/Canine_StatBar-Samples", "Object Repository/Canine/StatBar/Canine_StatBar-CaseFiles", "Object Repository/Canine/StatBar/Canine_StatBar-StudyFiles"): ctdc.utilities.runtestcaseforKatalon.readStatBarCanine is PASSED

2022-04-05 06:40:45 - [MESSAGE][PASSED] - ctdc.utilities.runtestcaseforKatalon.readStatBarCanine is PASSED

2022-04-05 06:40:45 - [TEST_STEP][PASSED] - waitForElementPresent(findTestObject("Object Repository/Canine/CanineResults_Cases_Tab"), 30): Object 'Object Repository/Canine/CanineResults_Cases_Tab' is present

2022-04-05 06:40:45 - [MESSAGE][PASSED] - Object 'Object Repository/Canine/CanineResults_Cases_Tab' is present

2022-04-05 06:40:45 - [TEST_STEP][PASSED] - verifyElementPresent(findTestObject("Object Repository/Canine/CanineResults_Cases_Tab"), 5): Object 'Object Repository/Canine/CanineResults_Cases_Tab' is present

2022-04-05 06:40:46 - [MESSAGE][PASSED] - Object 'Object Repository/Canine/CanineResults_Cases_Tab' is present

2022-04-05 06:40:46 - [TEST_STEP][PASSED] - ctdc.utilities.runtestcaseforKatalon.clickTab("Object Repository/Canine/CanineResults_Cases_Tab"): ctdc.utilities.runtestcaseforKatalon.clickTab is PASSED

2022-04-05 06:40:46 - [MESSAGE][PASSED] - ctdc.utilities.runtestcaseforKatalon.clickTab is PASSED

2022-04-05 06:40:46 - [TEST_STEP][PASSED] - ctdc.utilities.runtestcaseforKatalon.multiFunction("ICDC", G_StatBar_Cases, "Object Repository/Canine/Canine_CasesTable", "Object Repository/Canine/Canine_TableHeader", "Object Repository/Canine/Canine_CasesTabNextBtn", G_WebTabnameCases, G_CypherTabnameCases, G_QueryCasesTab): Statbar Study Files count matches

2022-04-05 06:41:06 - [MESSAGE][PASSED] - Statbar Programs count matches

2022-04-05 06:41:06 - [MESSAGE][PASSED] - Statbar Studies count matches

2022-04-05 06:41:06 - [MESSAGE][PASSED] - Statbar Cases count matches

2022-04-05 06:41:06 - [MESSAGE][PASSED] - Statbar Samples count matches

2022-04-05 06:41:06 - [MESSAGE][PASSED] - Statbar Case Files count matches

2022-04-05 06:41:06 - [MESSAGE][PASSED] - Statbar Study Files count matches

2022-04-05 06:41:06 - [TEST_STEP][PASSED] - waitForElementPresent(findTestObject("Object Repository/Canine/CanineResults_Samples_Tab"), 30): Object 'Object Repository/Canine/CanineResults_Samples_Tab' is present

2022-04-05 06:41:06 - [MESSAGE][PASSED] - Object 'Object Repository/Canine/CanineResults_Samples_Tab' is present

2022-04-05 06:41:06 - [TEST_STEP][PASSED] - verifyElementPresent(findTestObject("Object Repository/Canine/CanineResults_Samples_Tab"), 5): Object 'Object Repository/Canine/CanineResults_Samples_Tab' is present

2022-04-05 06:41:06 - [MESSAGE][PASSED] - Object 'Object Repository/Canine/CanineResults_Samples_Tab' is present

2022-04-05 06:41:06 - [TEST_STEP][PASSED] - ctdc.utilities.runtestcaseforKatalon.clickTab("Object Repository/Canine/CanineResults_Samples_Tab"): ctdc.utilities.runtestcaseforKatalon.clickTab is PASSED

2022-04-05 06:41:07 - [MESSAGE][PASSED] - ctdc.utilities.runtestcaseforKatalon.clickTab is PASSED

2022-04-05 06:41:07 - [TEST_STEP][PASSED] - ctdc.utilities.runtestcaseforKatalon.multiFunction("ICDC", G_StatBar_Samples, "Object Repository/Canine/Canine_Samples_Table", "Object Repository/Canine/Canine_Samples_TableHdr", "Object Repository/Canine/Canine_SamplesTabNextBtn", G_WebTabnameSamples, G_CypherTabnameSamples, G_QuerySamplesTab): Statbar Study Files count matches

2022-04-05 06:41:33 - [MESSAGE][PASSED] - Statbar Programs count matches

2022-04-05 06:41:33 - [MESSAGE][PASSED] - Statbar Studies count matches

2022-04-05 06:41:33 - [MESSAGE][PASSED] - Statbar Cases count matches

2022-04-05 06:41:33 - [MESSAGE][PASSED] - Statbar Samples count matches

2022-04-05 06:41:33 - [MESSAGE][PASSED] - Statbar Case Files count matches

2022-04-05 06:41:33 - [MESSAGE][PASSED] - Statbar Study Files count matches]]></system-out>
         <system-err><![CDATA[]]></system-err>
      </testcase>
      <testcase name="Test Cases/Canine_TestCases/StudyCombinations/Study-Combinations-OSA01/TC31_Canine_StudyOSA01-StageOfDisease-NeutStatus" time="411.966" classname="Test Cases/Canine_TestCases/StudyCombinations/Study-Combinations-OSA01/TC31_Canine_StudyOSA01-StageOfDisease-NeutStatus" status="PASSED">
         <system-out><![CDATA[2022-04-05 06:41:33 - [TEST_CASE][PASSED] - Test Cases/Canine_TestCases/StudyCombinations/Study-Combinations-OSA01/TC31_Canine_StudyOSA01-StageOfDisease-NeutStatus: Test Cases/Canine_TestCases/StudyCombinations/Study-Combinations-OSA01/TC31_Canine_StudyOSA01-StageOfDisease-NeutStatus

2022-04-05 06:41:33 - [TEST_STEP][PASSED] - Start listener action : getTestScriptName: null

2022-04-05 06:41:33 - [TEST_STEP][PASSED] - TestCaseId = testCaseContext.getTestCaseId(): null

2022-04-05 06:41:33 - [TEST_STEP][PASSED] - out.println("**********this is the value of test case id string******** " + testCaseContext.getTestCaseId()): null

2022-04-05 06:41:33 - [TEST_STEP][PASSED] - G_currentTCName = TestCaseId.substring(TestCaseId.lastIndexOf("TC")): null

2022-04-05 06:41:33 - [TEST_STEP][PASSED] - out.println("This is the test case name : " + G_currentTCName): null

2022-04-05 06:41:34 - [TEST_STEP][PASSED] - closeBrowser(): Browser is closed

2022-04-05 06:41:35 - [MESSAGE][PASSED] - Browser is closed

2022-04-05 06:41:35 - [TEST_STEP][PASSED] - "Driver opened by Katalon is used in Selenium from this step.": null

2022-04-05 06:41:35 - [TEST_STEP][PASSED] - ctdc.utilities.runtestcaseforKatalon.RunKatalon("TC31_Canine_StudyOSA01-StageOfDisease-NeutStatus.xlsx"): Data loaded from input file for the test case. 

2022-04-05 06:41:35 - [MESSAGE][PASSED] - Test case file loaded This is the full filepath after converting to string :C:\Users\sohilz2\Commons_Automation\InputFiles\TC31_Canine_StudyOSA01-StageOfDisease-NeutStatus.xlsx

2022-04-05 06:41:35 - [MESSAGE][INFO] - Global variable set for password file is :  C:\Users\sohilz2\Commons_Automation\InputFiles\TC31_Canine_StudyOSA01-StageOfDisease-NeutStatus.xlsx

2022-04-05 06:41:39 - [MESSAGE][PASSED] - Data loaded from input file for the test case. 

2022-04-05 06:42:07 - [TEST_STEP][PASSED] - waitForElementPresent(findTestObject("Canine/NavBar/Canine_Cases_Btn"), 20): Object 'Object Repository/Canine/NavBar/Canine_Cases_Btn' is present

2022-04-05 06:42:07 - [MESSAGE][PASSED] - Object 'Object Repository/Canine/NavBar/Canine_Cases_Btn' is present

2022-04-05 06:42:07 - [TEST_STEP][PASSED] - ctdc.utilities.runtestcaseforKatalon.clickTab("Object Repository/Canine/Canine_PopUp_Continue_Btn"): ctdc.utilities.runtestcaseforKatalon.clickTab is PASSED

2022-04-05 06:42:08 - [MESSAGE][PASSED] - ctdc.utilities.runtestcaseforKatalon.clickTab is PASSED

2022-04-05 06:42:08 - [TEST_STEP][PASSED] - out.println("Closed the popup window"): null

2022-04-05 06:42:08 - [TEST_STEP][PASSED] - waitForElementPresent(findTestObject("Canine/NavBar/Canine_Cases_Btn"), 20): Object 'Object Repository/Canine/NavBar/Canine_Cases_Btn' is present

2022-04-05 06:42:08 - [MESSAGE][PASSED] - Object 'Object Repository/Canine/NavBar/Canine_Cases_Btn' is present

2022-04-05 06:42:08 - [TEST_STEP][PASSED] - ctdc.utilities.runtestcaseforKatalon.clickTab("Canine/NavBar/Canine_Cases_Btn"): ctdc.utilities.runtestcaseforKatalon.clickTab is PASSED

2022-04-05 06:42:08 - [MESSAGE][PASSED] - ctdc.utilities.runtestcaseforKatalon.clickTab is PASSED

2022-04-05 06:42:08 - [TEST_STEP][PASSED] - waitForElementPresent(findTestObject("Object Repository/Canine/Filter/Study/Canine_Filter_Study"), 30): Object 'Object Repository/Canine/Filter/Study/Canine_Filter_Study' is present

2022-04-05 06:42:09 - [MESSAGE][PASSED] - Object 'Object Repository/Canine/Filter/Study/Canine_Filter_Study' is present

2022-04-05 06:42:09 - [TEST_STEP][PASSED] - verifyElementPresent(findTestObject("Object Repository/Canine/Filter/Study/Canine_Filter_Study"), 5): Object 'Object Repository/Canine/Filter/Study/Canine_Filter_Study' is present

2022-04-05 06:42:10 - [MESSAGE][PASSED] - Object 'Object Repository/Canine/Filter/Study/Canine_Filter_Study' is present

2022-04-05 06:42:10 - [TEST_STEP][PASSED] - ctdc.utilities.runtestcaseforKatalon.clickTab("Object Repository/Canine/Filter/Study/Canine_Filter_Study"): ctdc.utilities.runtestcaseforKatalon.clickTab is PASSED

2022-04-05 06:42:11 - [MESSAGE][PASSED] - ctdc.utilities.runtestcaseforKatalon.clickTab is PASSED

2022-04-05 06:42:11 - [TEST_STEP][PASSED] - waitForElementPresent(findTestObject("Object Repository/Canine/Filter/Study/Canine_Filter_Study-OSA01_Chkbx"), 30): Object 'Object Repository/Canine/Filter/Study/Canine_Filter_Study-OSA01_Chkbx' is present

2022-04-05 06:42:11 - [MESSAGE][PASSED] - Object 'Object Repository/Canine/Filter/Study/Canine_Filter_Study-OSA01_Chkbx' is present

2022-04-05 06:42:11 - [TEST_STEP][PASSED] - verifyElementPresent(findTestObject("Object Repository/Canine/Filter/Study/Canine_Filter_Study-OSA01_Chkbx"), 5): Object 'Object Repository/Canine/Filter/Study/Canine_Filter_Study-OSA01_Chkbx' is present

2022-04-05 06:42:12 - [MESSAGE][PASSED] - Object 'Object Repository/Canine/Filter/Study/Canine_Filter_Study-OSA01_Chkbx' is present

2022-04-05 06:42:12 - [TEST_STEP][PASSED] - ctdc.utilities.runtestcaseforKatalon.clickTab("Object Repository/Canine/Filter/Study/Canine_Filter_Study-OSA01_Chkbx"): ctdc.utilities.runtestcaseforKatalon.clickTab is PASSED

2022-04-05 06:42:12 - [MESSAGE][PASSED] - ctdc.utilities.runtestcaseforKatalon.clickTab is PASSED

2022-04-05 06:42:12 - [TEST_STEP][PASSED] - waitForElementPresent(findTestObject("Object Repository/Canine/Filter/StageOfDisease/STAGEOFDISEASE_Ddn"), 30): Object 'Object Repository/Canine/Filter/StageOfDisease/STAGEOFDISEASE_Ddn' is present

2022-04-05 06:42:12 - [MESSAGE][PASSED] - Object 'Object Repository/Canine/Filter/StageOfDisease/STAGEOFDISEASE_Ddn' is present

2022-04-05 06:42:12 - [TEST_STEP][PASSED] - verifyElementPresent(findTestObject("Object Repository/Canine/Filter/StageOfDisease/STAGEOFDISEASE_Ddn"), 5): Object 'Object Repository/Canine/Filter/StageOfDisease/STAGEOFDISEASE_Ddn' is present

2022-04-05 06:42:12 - [MESSAGE][PASSED] - Object 'Object Repository/Canine/Filter/StageOfDisease/STAGEOFDISEASE_Ddn' is present

2022-04-05 06:42:12 - [TEST_STEP][PASSED] - ctdc.utilities.runtestcaseforKatalon.clickTabCanineStat("Object Repository/Canine/Filter/StageOfDisease/STAGEOFDISEASE_Ddn"): ctdc.utilities.runtestcaseforKatalon.clickTabCanineStat is PASSED

2022-04-05 06:42:15 - [MESSAGE][PASSED] - ctdc.utilities.runtestcaseforKatalon.clickTabCanineStat is PASSED

2022-04-05 06:42:15 - [TEST_STEP][PASSED] - waitForElementPresent(findTestObject("Object Repository/Canine/Filter/StageOfDisease/2_Chkbx"), 30): Object 'Object Repository/Canine/Filter/StageOfDisease/2_Chkbx' is present

2022-04-05 06:42:15 - [MESSAGE][PASSED] - Object 'Object Repository/Canine/Filter/StageOfDisease/2_Chkbx' is present

2022-04-05 06:42:15 - [TEST_STEP][PASSED] - verifyElementPresent(findTestObject("Object Repository/Canine/Filter/StageOfDisease/2_Chkbx"), 5): Object 'Object Repository/Canine/Filter/StageOfDisease/2_Chkbx' is present

2022-04-05 06:42:15 - [MESSAGE][PASSED] - Object 'Object Repository/Canine/Filter/StageOfDisease/2_Chkbx' is present

2022-04-05 06:42:15 - [TEST_STEP][PASSED] - ctdc.utilities.runtestcaseforKatalon.clickTabCanineStat("Object Repository/Canine/Filter/StageOfDisease/2_Chkbx"): ctdc.utilities.runtestcaseforKatalon.clickTabCanineStat is PASSED

2022-04-05 06:42:16 - [MESSAGE][PASSED] - ctdc.utilities.runtestcaseforKatalon.clickTabCanineStat is PASSED

2022-04-05 06:42:16 - [TEST_STEP][PASSED] - waitForElementPresent(findTestObject("Object Repository/Canine/Filter/StageOfDisease/3_Chkbx"), 30): Object 'Object Repository/Canine/Filter/StageOfDisease/3_Chkbx' is present

2022-04-05 06:42:17 - [MESSAGE][PASSED] - Object 'Object Repository/Canine/Filter/StageOfDisease/3_Chkbx' is present

2022-04-05 06:42:17 - [TEST_STEP][PASSED] - verifyElementPresent(findTestObject("Object Repository/Canine/Filter/StageOfDisease/3_Chkbx"), 5): Object 'Object Repository/Canine/Filter/StageOfDisease/3_Chkbx' is present

2022-04-05 06:42:17 - [MESSAGE][PASSED] - Object 'Object Repository/Canine/Filter/StageOfDisease/3_Chkbx' is present

2022-04-05 06:42:17 - [TEST_STEP][PASSED] - ctdc.utilities.runtestcaseforKatalon.clickTabCanineStat("Object Repository/Canine/Filter/StageOfDisease/3_Chkbx"): ctdc.utilities.runtestcaseforKatalon.clickTabCanineStat is PASSED

2022-04-05 06:42:18 - [MESSAGE][PASSED] - ctdc.utilities.runtestcaseforKatalon.clickTabCanineStat is PASSED

2022-04-05 06:42:18 - [TEST_STEP][PASSED] - waitForElementPresent(findTestObject("Object Repository/Canine/Filter/NeuteredStatus/NEUTEREDSTATUS_Ddn"), 30): Object 'Object Repository/Canine/Filter/NeuteredStatus/NEUTEREDSTATUS_Ddn' is present

2022-04-05 06:42:18 - [MESSAGE][PASSED] - Object 'Object Repository/Canine/Filter/NeuteredStatus/NEUTEREDSTATUS_Ddn' is present

2022-04-05 06:42:18 - [TEST_STEP][PASSED] - verifyElementPresent(findTestObject("Object Repository/Canine/Filter/NeuteredStatus/NEUTEREDSTATUS_Ddn"), 5): Object 'Object Repository/Canine/Filter/NeuteredStatus/NEUTEREDSTATUS_Ddn' is present

2022-04-05 06:42:18 - [MESSAGE][PASSED] - Object 'Object Repository/Canine/Filter/NeuteredStatus/NEUTEREDSTATUS_Ddn' is present

2022-04-05 06:42:18 - [TEST_STEP][PASSED] - ctdc.utilities.runtestcaseforKatalon.clickTabCanineStat("Object Repository/Canine/Filter/NeuteredStatus/NEUTEREDSTATUS_Ddn"): ctdc.utilities.runtestcaseforKatalon.clickTabCanineStat is PASSED

2022-04-05 06:42:20 - [MESSAGE][PASSED] - ctdc.utilities.runtestcaseforKatalon.clickTabCanineStat is PASSED

2022-04-05 06:42:20 - [TEST_STEP][PASSED] - waitForElementPresent(findTestObject("Object Repository/Canine/Filter/NeuteredStatus/Yes_Chkbx"), 30): Object 'Object Repository/Canine/Filter/NeuteredStatus/Yes_Chkbx' is present

2022-04-05 06:42:20 - [MESSAGE][PASSED] - Object 'Object Repository/Canine/Filter/NeuteredStatus/Yes_Chkbx' is present

2022-04-05 06:42:20 - [TEST_STEP][PASSED] - verifyElementPresent(findTestObject("Object Repository/Canine/Filter/NeuteredStatus/Yes_Chkbx"), 5): Object 'Object Repository/Canine/Filter/NeuteredStatus/Yes_Chkbx' is present

2022-04-05 06:42:20 - [MESSAGE][PASSED] - Object 'Object Repository/Canine/Filter/NeuteredStatus/Yes_Chkbx' is present

2022-04-05 06:42:20 - [TEST_STEP][PASSED] - ctdc.utilities.runtestcaseforKatalon.clickTabCanineStat("Object Repository/Canine/Filter/NeuteredStatus/Yes_Chkbx"): ctdc.utilities.runtestcaseforKatalon.clickTabCanineStat is PASSED

2022-04-05 06:42:21 - [MESSAGE][PASSED] - ctdc.utilities.runtestcaseforKatalon.clickTabCanineStat is PASSED

2022-04-05 06:42:21 - [TEST_STEP][PASSED] - ctdc.utilities.runtestcaseforKatalon.readStatBarCanine("Object Repository/Canine/StatBar/Canine_StatBar-Programs", "Object Repository/Canine/StatBar/Canine_StatBar-Studies", "Object Repository/Canine/StatBar/Canine_StatBar-Cases", "Object Repository/Canine/StatBar/Canine_StatBar-Samples", "Object Repository/Canine/StatBar/Canine_StatBar-CaseFiles", "Object Repository/Canine/StatBar/Canine_StatBar-StudyFiles"): ctdc.utilities.runtestcaseforKatalon.readStatBarCanine is PASSED

2022-04-05 06:42:39 - [MESSAGE][PASSED] - ctdc.utilities.runtestcaseforKatalon.readStatBarCanine is PASSED

2022-04-05 06:42:39 - [TEST_STEP][PASSED] - waitForElementPresent(findTestObject("Object Repository/Canine/CanineResults_Cases_Tab"), 5): Object 'Object Repository/Canine/CanineResults_Cases_Tab' is present

2022-04-05 06:42:39 - [MESSAGE][PASSED] - Object 'Object Repository/Canine/CanineResults_Cases_Tab' is present

2022-04-05 06:42:39 - [TEST_STEP][PASSED] - ctdc.utilities.runtestcaseforKatalon.clickTab("Object Repository/Canine/CanineResults_Cases_Tab"): ctdc.utilities.runtestcaseforKatalon.clickTab is PASSED

2022-04-05 06:42:40 - [MESSAGE][PASSED] - ctdc.utilities.runtestcaseforKatalon.clickTab is PASSED

2022-04-05 06:42:40 - [TEST_STEP][PASSED] - ctdc.utilities.runtestcaseforKatalon.multiFunction("ICDC", G_StatBar_Cases, "Object Repository/Canine/Canine_CasesTable", "Object Repository/Canine/Canine_TableHeader", "Object Repository/Canine/Canine_CasesTabNextBtn", G_WebTabnameCases, G_CypherTabnameCases, G_QueryCasesTab): Statbar Study Files count matches

2022-04-05 06:44:24 - [MESSAGE][PASSED] - Statbar Programs count matches

2022-04-05 06:44:24 - [MESSAGE][PASSED] - Statbar Studies count matches

2022-04-05 06:44:24 - [MESSAGE][PASSED] - Statbar Cases count matches

2022-04-05 06:44:24 - [MESSAGE][PASSED] - Statbar Samples count matches

2022-04-05 06:44:24 - [MESSAGE][PASSED] - Statbar Case Files count matches

2022-04-05 06:44:24 - [MESSAGE][PASSED] - Statbar Study Files count matches

2022-04-05 06:44:24 - [TEST_STEP][PASSED] - waitForElementPresent(findTestObject("Object Repository/Canine/CanineResults_Samples_Tab"), 5): Object 'Object Repository/Canine/CanineResults_Samples_Tab' is present

2022-04-05 06:44:24 - [MESSAGE][PASSED] - Object 'Object Repository/Canine/CanineResults_Samples_Tab' is present

2022-04-05 06:44:24 - [TEST_STEP][PASSED] - ctdc.utilities.runtestcaseforKatalon.clickTab("Object Repository/Canine/CanineResults_Samples_Tab"): ctdc.utilities.runtestcaseforKatalon.clickTab is PASSED

2022-04-05 06:44:24 - [MESSAGE][PASSED] - ctdc.utilities.runtestcaseforKatalon.clickTab is PASSED

2022-04-05 06:44:24 - [TEST_STEP][PASSED] - ctdc.utilities.runtestcaseforKatalon.multiFunction("ICDC", G_StatBar_Samples, "Object Repository/Canine/Canine_Samples_Table", "Object Repository/Canine/Canine_Samples_TableHdr", "Object Repository/Canine/Canine_SamplesTabNextBtn", G_WebTabnameSamples, G_CypherTabnameSamples, G_QuerySamplesTab): Statbar Study Files count matches

2022-04-05 06:48:24 - [MESSAGE][PASSED] - Statbar Programs count matches

2022-04-05 06:48:24 - [MESSAGE][PASSED] - Statbar Studies count matches

2022-04-05 06:48:24 - [MESSAGE][PASSED] - Statbar Cases count matches

2022-04-05 06:48:24 - [MESSAGE][PASSED] - Statbar Samples count matches

2022-04-05 06:48:24 - [MESSAGE][PASSED] - Statbar Case Files count matches

2022-04-05 06:48:24 - [MESSAGE][PASSED] - Statbar Study Files count matches

2022-04-05 06:48:24 - [TEST_STEP][PASSED] - closeBrowser(): Browser is closed

2022-04-05 06:48:25 - [MESSAGE][PASSED] - Browser is closed]]></system-out>
         <system-err><![CDATA[]]></system-err>
      </testcase>
      <testcase name="Test Cases/Canine_TestCases/StudyCombinations/Study-Combinations-OSA01/TC32_Canine_StudyOSA01-StageOfDisease" time="101.218" classname="Test Cases/Canine_TestCases/StudyCombinations/Study-Combinations-OSA01/TC32_Canine_StudyOSA01-StageOfDisease" status="PASSED">
         <system-out><![CDATA[2022-04-05 06:48:25 - [TEST_CASE][PASSED] - Test Cases/Canine_TestCases/StudyCombinations/Study-Combinations-OSA01/TC32_Canine_StudyOSA01-StageOfDisease: Test Cases/Canine_TestCases/StudyCombinations/Study-Combinations-OSA01/TC32_Canine_StudyOSA01-StageOfDisease

2022-04-05 06:48:25 - [TEST_STEP][PASSED] - Start listener action : getTestScriptName: null

2022-04-05 06:48:25 - [TEST_STEP][PASSED] - TestCaseId = testCaseContext.getTestCaseId(): null

2022-04-05 06:48:25 - [TEST_STEP][PASSED] - out.println("**********this is the value of test case id string******** " + testCaseContext.getTestCaseId()): null

2022-04-05 06:48:25 - [TEST_STEP][PASSED] - G_currentTCName = TestCaseId.substring(TestCaseId.lastIndexOf("TC")): null

2022-04-05 06:48:25 - [TEST_STEP][PASSED] - out.println("This is the test case name : " + G_currentTCName): null

2022-04-05 06:48:25 - [TEST_STEP][PASSED] - closeBrowser(): Browser is closed

2022-04-05 06:48:25 - [MESSAGE][PASSED] - Browser is closed

2022-04-05 06:48:25 - [TEST_STEP][PASSED] - "Driver opened by Katalon is used in Selenium from this step.": null

2022-04-05 06:48:25 - [TEST_STEP][PASSED] - ctdc.utilities.runtestcaseforKatalon.RunKatalon("TC32_Canine_StudyOSA01-StageOfDisease.xlsx"): Data loaded from input file for the test case. 

2022-04-05 06:48:25 - [MESSAGE][PASSED] - Test case file loaded This is the full filepath after converting to string :C:\Users\sohilz2\Commons_Automation\InputFiles\TC32_Canine_StudyOSA01-StageOfDisease.xlsx

2022-04-05 06:48:25 - [MESSAGE][INFO] - Global variable set for password file is :  C:\Users\sohilz2\Commons_Automation\InputFiles\TC32_Canine_StudyOSA01-StageOfDisease.xlsx

2022-04-05 06:48:29 - [MESSAGE][PASSED] - Data loaded from input file for the test case. 

2022-04-05 06:48:57 - [TEST_STEP][PASSED] - waitForElementPresent(findTestObject("Canine/NavBar/Canine_Cases_Btn"), 20): Object 'Object Repository/Canine/NavBar/Canine_Cases_Btn' is present

2022-04-05 06:48:57 - [MESSAGE][PASSED] - Object 'Object Repository/Canine/NavBar/Canine_Cases_Btn' is present

2022-04-05 06:48:57 - [TEST_STEP][PASSED] - ctdc.utilities.runtestcaseforKatalon.clickTab("Object Repository/Canine/Canine_PopUp_Continue_Btn"): ctdc.utilities.runtestcaseforKatalon.clickTab is PASSED

2022-04-05 06:48:57 - [MESSAGE][PASSED] - ctdc.utilities.runtestcaseforKatalon.clickTab is PASSED

2022-04-05 06:48:57 - [TEST_STEP][PASSED] - out.println("Closed the popup window"): null

2022-04-05 06:48:57 - [TEST_STEP][PASSED] - waitForElementPresent(findTestObject("Canine/NavBar/Canine_Cases_Btn"), 20): Object 'Object Repository/Canine/NavBar/Canine_Cases_Btn' is present

2022-04-05 06:48:57 - [MESSAGE][PASSED] - Object 'Object Repository/Canine/NavBar/Canine_Cases_Btn' is present

2022-04-05 06:48:57 - [TEST_STEP][PASSED] - ctdc.utilities.runtestcaseforKatalon.clickTab("Canine/NavBar/Canine_Cases_Btn"): ctdc.utilities.runtestcaseforKatalon.clickTab is PASSED

2022-04-05 06:48:58 - [MESSAGE][PASSED] - ctdc.utilities.runtestcaseforKatalon.clickTab is PASSED

2022-04-05 06:48:58 - [TEST_STEP][PASSED] - waitForElementPresent(findTestObject("Object Repository/Canine/Filter/Study/Canine_Filter_Study"), 30): Object 'Object Repository/Canine/Filter/Study/Canine_Filter_Study' is present

2022-04-05 06:48:59 - [MESSAGE][PASSED] - Object 'Object Repository/Canine/Filter/Study/Canine_Filter_Study' is present

2022-04-05 06:48:59 - [TEST_STEP][PASSED] - verifyElementPresent(findTestObject("Object Repository/Canine/Filter/Study/Canine_Filter_Study"), 5): Object 'Object Repository/Canine/Filter/Study/Canine_Filter_Study' is present

2022-04-05 06:48:59 - [MESSAGE][PASSED] - Object 'Object Repository/Canine/Filter/Study/Canine_Filter_Study' is present

2022-04-05 06:48:59 - [TEST_STEP][PASSED] - ctdc.utilities.runtestcaseforKatalon.clickTab("Object Repository/Canine/Filter/Study/Canine_Filter_Study"): ctdc.utilities.runtestcaseforKatalon.clickTab is PASSED

2022-04-05 06:49:00 - [MESSAGE][PASSED] - ctdc.utilities.runtestcaseforKatalon.clickTab is PASSED

2022-04-05 06:49:00 - [TEST_STEP][PASSED] - waitForElementPresent(findTestObject("Object Repository/Canine/Filter/Study/Canine_Filter_Study-OSA01_Chkbx"), 30): Object 'Object Repository/Canine/Filter/Study/Canine_Filter_Study-OSA01_Chkbx' is present

2022-04-05 06:49:01 - [MESSAGE][PASSED] - Object 'Object Repository/Canine/Filter/Study/Canine_Filter_Study-OSA01_Chkbx' is present

2022-04-05 06:49:01 - [TEST_STEP][PASSED] - verifyElementPresent(findTestObject("Object Repository/Canine/Filter/Study/Canine_Filter_Study-OSA01_Chkbx"), 5): Object 'Object Repository/Canine/Filter/Study/Canine_Filter_Study-OSA01_Chkbx' is present

2022-04-05 06:49:01 - [MESSAGE][PASSED] - Object 'Object Repository/Canine/Filter/Study/Canine_Filter_Study-OSA01_Chkbx' is present

2022-04-05 06:49:01 - [TEST_STEP][PASSED] - ctdc.utilities.runtestcaseforKatalon.clickTab("Object Repository/Canine/Filter/Study/Canine_Filter_Study-OSA01_Chkbx"): ctdc.utilities.runtestcaseforKatalon.clickTab is PASSED

2022-04-05 06:49:01 - [MESSAGE][PASSED] - ctdc.utilities.runtestcaseforKatalon.clickTab is PASSED

2022-04-05 06:49:01 - [TEST_STEP][PASSED] - waitForElementPresent(findTestObject("Object Repository/Canine/Filter/StageOfDisease/STAGEOFDISEASE_Ddn"), 30): Object 'Object Repository/Canine/Filter/StageOfDisease/STAGEOFDISEASE_Ddn' is present

2022-04-05 06:49:01 - [MESSAGE][PASSED] - Object 'Object Repository/Canine/Filter/StageOfDisease/STAGEOFDISEASE_Ddn' is present

2022-04-05 06:49:01 - [TEST_STEP][PASSED] - verifyElementPresent(findTestObject("Object Repository/Canine/Filter/StageOfDisease/STAGEOFDISEASE_Ddn"), 5): Object 'Object Repository/Canine/Filter/StageOfDisease/STAGEOFDISEASE_Ddn' is present

2022-04-05 06:49:02 - [MESSAGE][PASSED] - Object 'Object Repository/Canine/Filter/StageOfDisease/STAGEOFDISEASE_Ddn' is present

2022-04-05 06:49:02 - [TEST_STEP][PASSED] - ctdc.utilities.runtestcaseforKatalon.clickTabCanineStat("Object Repository/Canine/Filter/StageOfDisease/STAGEOFDISEASE_Ddn"): ctdc.utilities.runtestcaseforKatalon.clickTabCanineStat is PASSED

2022-04-05 06:49:04 - [MESSAGE][PASSED] - ctdc.utilities.runtestcaseforKatalon.clickTabCanineStat is PASSED

2022-04-05 06:49:04 - [TEST_STEP][PASSED] - waitForElementPresent(findTestObject("Object Repository/Canine/Filter/StageOfDisease/Unknown_Chkbx"), 30): Object 'Object Repository/Canine/Filter/StageOfDisease/Unknown_Chkbx' is present

2022-04-05 06:49:04 - [MESSAGE][PASSED] - Object 'Object Repository/Canine/Filter/StageOfDisease/Unknown_Chkbx' is present

2022-04-05 06:49:04 - [TEST_STEP][PASSED] - verifyElementPresent(findTestObject("Object Repository/Canine/Filter/StageOfDisease/Unknown_Chkbx"), 5): Object 'Object Repository/Canine/Filter/StageOfDisease/Unknown_Chkbx' is present

2022-04-05 06:49:04 - [MESSAGE][PASSED] - Object 'Object Repository/Canine/Filter/StageOfDisease/Unknown_Chkbx' is present

2022-04-05 06:49:04 - [TEST_STEP][PASSED] - ctdc.utilities.runtestcaseforKatalon.clickTabCanineStat("Object Repository/Canine/Filter/StageOfDisease/Unknown_Chkbx"): ctdc.utilities.runtestcaseforKatalon.clickTabCanineStat is PASSED

2022-04-05 06:49:05 - [MESSAGE][PASSED] - ctdc.utilities.runtestcaseforKatalon.clickTabCanineStat is PASSED

2022-04-05 06:49:05 - [TEST_STEP][PASSED] - ctdc.utilities.runtestcaseforKatalon.readStatBarCanine("Object Repository/Canine/StatBar/Canine_StatBar-Programs", "Object Repository/Canine/StatBar/Canine_StatBar-Studies", "Object Repository/Canine/StatBar/Canine_StatBar-Cases", "Object Repository/Canine/StatBar/Canine_StatBar-Samples", "Object Repository/Canine/StatBar/Canine_StatBar-CaseFiles", "Object Repository/Canine/StatBar/Canine_StatBar-StudyFiles"): ctdc.utilities.runtestcaseforKatalon.readStatBarCanine is PASSED

2022-04-05 06:49:23 - [MESSAGE][PASSED] - ctdc.utilities.runtestcaseforKatalon.readStatBarCanine is PASSED

2022-04-05 06:49:23 - [TEST_STEP][PASSED] - waitForElementPresent(findTestObject("Object Repository/Canine/CanineResults_Cases_Tab"), 5): Object 'Object Repository/Canine/CanineResults_Cases_Tab' is present

2022-04-05 06:49:23 - [MESSAGE][PASSED] - Object 'Object Repository/Canine/CanineResults_Cases_Tab' is present

2022-04-05 06:49:23 - [TEST_STEP][PASSED] - ctdc.utilities.runtestcaseforKatalon.clickTab("Object Repository/Canine/CanineResults_Cases_Tab"): ctdc.utilities.runtestcaseforKatalon.clickTab is PASSED

2022-04-05 06:49:24 - [MESSAGE][PASSED] - ctdc.utilities.runtestcaseforKatalon.clickTab is PASSED

2022-04-05 06:49:24 - [TEST_STEP][PASSED] - ctdc.utilities.runtestcaseforKatalon.multiFunction("ICDC", G_StatBar_Cases, "Object Repository/Canine/Canine_CasesTable", "Object Repository/Canine/Canine_TableHeader", "Object Repository/Canine/Canine_CasesTabNextBtn", G_WebTabnameCases, G_CypherTabnameCases, G_QueryCasesTab): Statbar Study Files count matches

2022-04-05 06:49:44 - [MESSAGE][PASSED] - Statbar Programs count matches

2022-04-05 06:49:44 - [MESSAGE][PASSED] - Statbar Studies count matches

2022-04-05 06:49:44 - [MESSAGE][PASSED] - Statbar Cases count matches

2022-04-05 06:49:44 - [MESSAGE][PASSED] - Statbar Samples count matches

2022-04-05 06:49:44 - [MESSAGE][PASSED] - Statbar Case Files count matches

2022-04-05 06:49:44 - [MESSAGE][PASSED] - Statbar Study Files count matches

2022-04-05 06:49:44 - [TEST_STEP][PASSED] - waitForElementPresent(findTestObject("Object Repository/Canine/CanineResults_Samples_Tab"), 5): Object 'Object Repository/Canine/CanineResults_Samples_Tab' is present

2022-04-05 06:49:44 - [MESSAGE][PASSED] - Object 'Object Repository/Canine/CanineResults_Samples_Tab' is present

2022-04-05 06:49:44 - [TEST_STEP][PASSED] - ctdc.utilities.runtestcaseforKatalon.clickTab("Object Repository/Canine/CanineResults_Samples_Tab"): ctdc.utilities.runtestcaseforKatalon.clickTab is PASSED

2022-04-05 06:49:44 - [MESSAGE][PASSED] - ctdc.utilities.runtestcaseforKatalon.clickTab is PASSED

2022-04-05 06:49:44 - [TEST_STEP][PASSED] - ctdc.utilities.runtestcaseforKatalon.multiFunction("ICDC", G_StatBar_Samples, "Object Repository/Canine/Canine_Samples_Table", "Object Repository/Canine/Canine_Samples_TableHdr", "Object Repository/Canine/Canine_SamplesTabNextBtn", G_WebTabnameSamples, G_CypherTabnameSamples, G_QuerySamplesTab): Statbar Study Files count matches

2022-04-05 06:50:05 - [MESSAGE][PASSED] - Statbar Programs count matches

2022-04-05 06:50:05 - [MESSAGE][PASSED] - Statbar Studies count matches

2022-04-05 06:50:05 - [MESSAGE][PASSED] - Statbar Cases count matches

2022-04-05 06:50:05 - [MESSAGE][PASSED] - Statbar Samples count matches

2022-04-05 06:50:05 - [MESSAGE][PASSED] - Statbar Case Files count matches

2022-04-05 06:50:05 - [MESSAGE][PASSED] - Statbar Study Files count matches

2022-04-05 06:50:05 - [TEST_STEP][PASSED] - closeBrowser(): Browser is closed

2022-04-05 06:50:06 - [MESSAGE][PASSED] - Browser is closed]]></system-out>
         <system-err><![CDATA[]]></system-err>
      </testcase>
      <testcase name="Test Cases/Canine_TestCases/StudyCombinations/Study-Combinations-OSA01/TC33_Canine_StudyOSA01-StageOfDisease" time="443.137" classname="Test Cases/Canine_TestCases/StudyCombinations/Study-Combinations-OSA01/TC33_Canine_StudyOSA01-StageOfDisease" status="PASSED">
         <system-out><![CDATA[2022-04-05 06:50:06 - [TEST_CASE][PASSED] - Test Cases/Canine_TestCases/StudyCombinations/Study-Combinations-OSA01/TC33_Canine_StudyOSA01-StageOfDisease: Test Cases/Canine_TestCases/StudyCombinations/Study-Combinations-OSA01/TC33_Canine_StudyOSA01-StageOfDisease

2022-04-05 06:50:06 - [TEST_STEP][PASSED] - Start listener action : getTestScriptName: null

2022-04-05 06:50:06 - [TEST_STEP][PASSED] - TestCaseId = testCaseContext.getTestCaseId(): null

2022-04-05 06:50:06 - [TEST_STEP][PASSED] - out.println("**********this is the value of test case id string******** " + testCaseContext.getTestCaseId()): null

2022-04-05 06:50:06 - [TEST_STEP][PASSED] - G_currentTCName = TestCaseId.substring(TestCaseId.lastIndexOf("TC")): null

2022-04-05 06:50:06 - [TEST_STEP][PASSED] - out.println("This is the test case name : " + G_currentTCName): null

2022-04-05 06:50:07 - [TEST_STEP][PASSED] - closeBrowser(): Browser is closed

2022-04-05 06:50:07 - [MESSAGE][PASSED] - Browser is closed

2022-04-05 06:50:07 - [TEST_STEP][PASSED] - "Driver opened by Katalon is used in Selenium from this step.": null

2022-04-05 06:50:07 - [TEST_STEP][PASSED] - ctdc.utilities.runtestcaseforKatalon.RunKatalon("TC33_Canine_StudyOSA01-StageOfDisease.xlsx"): Data loaded from input file for the test case. 

2022-04-05 06:50:07 - [MESSAGE][PASSED] - Test case file loaded This is the full filepath after converting to string :C:\Users\sohilz2\Commons_Automation\InputFiles\TC33_Canine_StudyOSA01-StageOfDisease.xlsx

2022-04-05 06:50:07 - [MESSAGE][INFO] - Global variable set for password file is :  C:\Users\sohilz2\Commons_Automation\InputFiles\TC33_Canine_StudyOSA01-StageOfDisease.xlsx

2022-04-05 06:50:11 - [MESSAGE][PASSED] - Data loaded from input file for the test case. 

2022-04-05 06:50:39 - [TEST_STEP][PASSED] - waitForElementPresent(findTestObject("Canine/NavBar/Canine_Cases_Btn"), 20): Object 'Object Repository/Canine/NavBar/Canine_Cases_Btn' is present

2022-04-05 06:50:40 - [MESSAGE][PASSED] - Object 'Object Repository/Canine/NavBar/Canine_Cases_Btn' is present

2022-04-05 06:50:40 - [TEST_STEP][PASSED] - ctdc.utilities.runtestcaseforKatalon.clickTab("Object Repository/Canine/Canine_PopUp_Continue_Btn"): ctdc.utilities.runtestcaseforKatalon.clickTab is PASSED

2022-04-05 06:50:40 - [MESSAGE][PASSED] - ctdc.utilities.runtestcaseforKatalon.clickTab is PASSED

2022-04-05 06:50:40 - [TEST_STEP][PASSED] - out.println("Closed the popup window"): null

2022-04-05 06:50:40 - [TEST_STEP][PASSED] - waitForElementPresent(findTestObject("Canine/NavBar/Canine_Cases_Btn"), 20): Object 'Object Repository/Canine/NavBar/Canine_Cases_Btn' is present

2022-04-05 06:50:40 - [MESSAGE][PASSED] - Object 'Object Repository/Canine/NavBar/Canine_Cases_Btn' is present

2022-04-05 06:50:40 - [TEST_STEP][PASSED] - ctdc.utilities.runtestcaseforKatalon.clickTab("Canine/NavBar/Canine_Cases_Btn"): ctdc.utilities.runtestcaseforKatalon.clickTab is PASSED

2022-04-05 06:50:40 - [MESSAGE][PASSED] - ctdc.utilities.runtestcaseforKatalon.clickTab is PASSED

2022-04-05 06:50:40 - [TEST_STEP][PASSED] - waitForElementPresent(findTestObject("Object Repository/Canine/Filter/Study/Canine_Filter_Study"), 30): Object 'Object Repository/Canine/Filter/Study/Canine_Filter_Study' is present

2022-04-05 06:50:41 - [MESSAGE][PASSED] - Object 'Object Repository/Canine/Filter/Study/Canine_Filter_Study' is present

2022-04-05 06:50:41 - [TEST_STEP][PASSED] - verifyElementPresent(findTestObject("Object Repository/Canine/Filter/Study/Canine_Filter_Study"), 5): Object 'Object Repository/Canine/Filter/Study/Canine_Filter_Study' is present

2022-04-05 06:50:42 - [MESSAGE][PASSED] - Object 'Object Repository/Canine/Filter/Study/Canine_Filter_Study' is present

2022-04-05 06:50:42 - [TEST_STEP][PASSED] - ctdc.utilities.runtestcaseforKatalon.clickTab("Object Repository/Canine/Filter/Study/Canine_Filter_Study"): ctdc.utilities.runtestcaseforKatalon.clickTab is PASSED

2022-04-05 06:50:43 - [MESSAGE][PASSED] - ctdc.utilities.runtestcaseforKatalon.clickTab is PASSED

2022-04-05 06:50:43 - [TEST_STEP][PASSED] - waitForElementPresent(findTestObject("Object Repository/Canine/Filter/Study/Canine_Filter_Study-OSA01_Chkbx"), 30): Object 'Object Repository/Canine/Filter/Study/Canine_Filter_Study-OSA01_Chkbx' is present

2022-04-05 06:50:43 - [MESSAGE][PASSED] - Object 'Object Repository/Canine/Filter/Study/Canine_Filter_Study-OSA01_Chkbx' is present

2022-04-05 06:50:43 - [TEST_STEP][PASSED] - verifyElementPresent(findTestObject("Object Repository/Canine/Filter/Study/Canine_Filter_Study-OSA01_Chkbx"), 5): Object 'Object Repository/Canine/Filter/Study/Canine_Filter_Study-OSA01_Chkbx' is present

2022-04-05 06:50:43 - [MESSAGE][PASSED] - Object 'Object Repository/Canine/Filter/Study/Canine_Filter_Study-OSA01_Chkbx' is present

2022-04-05 06:50:43 - [TEST_STEP][PASSED] - ctdc.utilities.runtestcaseforKatalon.clickTab("Object Repository/Canine/Filter/Study/Canine_Filter_Study-OSA01_Chkbx"): ctdc.utilities.runtestcaseforKatalon.clickTab is PASSED

2022-04-05 06:50:44 - [MESSAGE][PASSED] - ctdc.utilities.runtestcaseforKatalon.clickTab is PASSED

2022-04-05 06:50:44 - [TEST_STEP][PASSED] - waitForElementPresent(findTestObject("Object Repository/Canine/Filter/StageOfDisease/STAGEOFDISEASE_Ddn"), 30): Object 'Object Repository/Canine/Filter/StageOfDisease/STAGEOFDISEASE_Ddn' is present

2022-04-05 06:50:44 - [MESSAGE][PASSED] - Object 'Object Repository/Canine/Filter/StageOfDisease/STAGEOFDISEASE_Ddn' is present

2022-04-05 06:50:44 - [TEST_STEP][PASSED] - verifyElementPresent(findTestObject("Object Repository/Canine/Filter/StageOfDisease/STAGEOFDISEASE_Ddn"), 5): Object 'Object Repository/Canine/Filter/StageOfDisease/STAGEOFDISEASE_Ddn' is present

2022-04-05 06:50:44 - [MESSAGE][PASSED] - Object 'Object Repository/Canine/Filter/StageOfDisease/STAGEOFDISEASE_Ddn' is present

2022-04-05 06:50:44 - [TEST_STEP][PASSED] - ctdc.utilities.runtestcaseforKatalon.clickTabCanineStat("Object Repository/Canine/Filter/StageOfDisease/STAGEOFDISEASE_Ddn"): ctdc.utilities.runtestcaseforKatalon.clickTabCanineStat is PASSED

2022-04-05 06:50:47 - [MESSAGE][PASSED] - ctdc.utilities.runtestcaseforKatalon.clickTabCanineStat is PASSED

2022-04-05 06:50:47 - [TEST_STEP][PASSED] - waitForElementPresent(findTestObject("Object Repository/Canine/Filter/StageOfDisease/Unknown_Chkbx"), 30): Object 'Object Repository/Canine/Filter/StageOfDisease/Unknown_Chkbx' is present

2022-04-05 06:50:47 - [MESSAGE][PASSED] - Object 'Object Repository/Canine/Filter/StageOfDisease/Unknown_Chkbx' is present

2022-04-05 06:50:47 - [TEST_STEP][PASSED] - verifyElementPresent(findTestObject("Object Repository/Canine/Filter/StageOfDisease/Unknown_Chkbx"), 5): Object 'Object Repository/Canine/Filter/StageOfDisease/Unknown_Chkbx' is present

2022-04-05 06:50:47 - [MESSAGE][PASSED] - Object 'Object Repository/Canine/Filter/StageOfDisease/Unknown_Chkbx' is present

2022-04-05 06:50:47 - [TEST_STEP][PASSED] - ctdc.utilities.runtestcaseforKatalon.clickTabCanineStat("Object Repository/Canine/Filter/StageOfDisease/Unknown_Chkbx"): ctdc.utilities.runtestcaseforKatalon.clickTabCanineStat is PASSED

2022-04-05 06:50:48 - [MESSAGE][PASSED] - ctdc.utilities.runtestcaseforKatalon.clickTabCanineStat is PASSED

2022-04-05 06:50:48 - [TEST_STEP][PASSED] - waitForElementPresent(findTestObject("Object Repository/Canine/Filter/StageOfDisease/2_Chkbx"), 30): Object 'Object Repository/Canine/Filter/StageOfDisease/2_Chkbx' is present

2022-04-05 06:50:49 - [MESSAGE][PASSED] - Object 'Object Repository/Canine/Filter/StageOfDisease/2_Chkbx' is present

2022-04-05 06:50:49 - [TEST_STEP][PASSED] - verifyElementPresent(findTestObject("Object Repository/Canine/Filter/StageOfDisease/2_Chkbx"), 5): Object 'Object Repository/Canine/Filter/StageOfDisease/2_Chkbx' is present

2022-04-05 06:50:49 - [MESSAGE][PASSED] - Object 'Object Repository/Canine/Filter/StageOfDisease/2_Chkbx' is present

2022-04-05 06:50:49 - [TEST_STEP][PASSED] - ctdc.utilities.runtestcaseforKatalon.clickTabCanineStat("Object Repository/Canine/Filter/StageOfDisease/2_Chkbx"): ctdc.utilities.runtestcaseforKatalon.clickTabCanineStat is PASSED

2022-04-05 06:50:50 - [MESSAGE][PASSED] - ctdc.utilities.runtestcaseforKatalon.clickTabCanineStat is PASSED

2022-04-05 06:50:50 - [TEST_STEP][PASSED] - ctdc.utilities.runtestcaseforKatalon.readStatBarCanine("Object Repository/Canine/StatBar/Canine_StatBar-Programs", "Object Repository/Canine/StatBar/Canine_StatBar-Studies", "Object Repository/Canine/StatBar/Canine_StatBar-Cases", "Object Repository/Canine/StatBar/Canine_StatBar-Samples", "Object Repository/Canine/StatBar/Canine_StatBar-CaseFiles", "Object Repository/Canine/StatBar/Canine_StatBar-StudyFiles"): ctdc.utilities.runtestcaseforKatalon.readStatBarCanine is PASSED

2022-04-05 06:51:08 - [MESSAGE][PASSED] - ctdc.utilities.runtestcaseforKatalon.readStatBarCanine is PASSED

2022-04-05 06:51:08 - [TEST_STEP][PASSED] - waitForElementPresent(findTestObject("Object Repository/Canine/CanineResults_Cases_Tab"), 5): Object 'Object Repository/Canine/CanineResults_Cases_Tab' is present

2022-04-05 06:51:08 - [MESSAGE][PASSED] - Object 'Object Repository/Canine/CanineResults_Cases_Tab' is present

2022-04-05 06:51:08 - [TEST_STEP][PASSED] - ctdc.utilities.runtestcaseforKatalon.clickTab("Object Repository/Canine/CanineResults_Cases_Tab"): ctdc.utilities.runtestcaseforKatalon.clickTab is PASSED

2022-04-05 06:51:08 - [MESSAGE][PASSED] - ctdc.utilities.runtestcaseforKatalon.clickTab is PASSED

2022-04-05 06:51:08 - [TEST_STEP][PASSED] - ctdc.utilities.runtestcaseforKatalon.multiFunction("ICDC", G_StatBar_Cases, "Object Repository/Canine/Canine_CasesTable", "Object Repository/Canine/Canine_TableHeader", "Object Repository/Canine/Canine_CasesTabNextBtn", G_WebTabnameCases, G_CypherTabnameCases, G_QueryCasesTab): Statbar Study Files count matches

2022-04-05 06:52:58 - [MESSAGE][PASSED] - Statbar Programs count matches

2022-04-05 06:52:58 - [MESSAGE][PASSED] - Statbar Studies count matches

2022-04-05 06:52:58 - [MESSAGE][PASSED] - Statbar Cases count matches

2022-04-05 06:52:58 - [MESSAGE][PASSED] - Statbar Samples count matches

2022-04-05 06:52:58 - [MESSAGE][PASSED] - Statbar Case Files count matches

2022-04-05 06:52:58 - [MESSAGE][PASSED] - Statbar Study Files count matches

2022-04-05 06:52:58 - [TEST_STEP][PASSED] - waitForElementPresent(findTestObject("Object Repository/Canine/CanineResults_Samples_Tab"), 5): Object 'Object Repository/Canine/CanineResults_Samples_Tab' is present

2022-04-05 06:52:58 - [MESSAGE][PASSED] - Object 'Object Repository/Canine/CanineResults_Samples_Tab' is present

2022-04-05 06:52:58 - [TEST_STEP][PASSED] - ctdc.utilities.runtestcaseforKatalon.clickTab("Object Repository/Canine/CanineResults_Samples_Tab"): ctdc.utilities.runtestcaseforKatalon.clickTab is PASSED

2022-04-05 06:52:58 - [MESSAGE][PASSED] - ctdc.utilities.runtestcaseforKatalon.clickTab is PASSED

2022-04-05 06:52:58 - [TEST_STEP][PASSED] - ctdc.utilities.runtestcaseforKatalon.multiFunction("ICDC", G_StatBar_Samples, "Object Repository/Canine/Canine_Samples_Table", "Object Repository/Canine/Canine_Samples_TableHdr", "Object Repository/Canine/Canine_SamplesTabNextBtn", G_WebTabnameSamples, G_CypherTabnameSamples, G_QuerySamplesTab): Statbar Study Files count matches

2022-04-05 06:57:28 - [MESSAGE][PASSED] - Statbar Programs count matches

2022-04-05 06:57:28 - [MESSAGE][PASSED] - Statbar Studies count matches

2022-04-05 06:57:28 - [MESSAGE][PASSED] - Statbar Cases count matches

2022-04-05 06:57:28 - [MESSAGE][PASSED] - Statbar Samples count matches

2022-04-05 06:57:28 - [MESSAGE][PASSED] - Statbar Case Files count matches

2022-04-05 06:57:28 - [MESSAGE][PASSED] - Statbar Study Files count matches

2022-04-05 06:57:28 - [TEST_STEP][PASSED] - closeBrowser(): Browser is closed

2022-04-05 06:57:29 - [MESSAGE][PASSED] - Browser is closed]]></system-out>
         <system-err><![CDATA[]]></system-err>
      </testcase>
      <testcase name="Test Cases/Canine_TestCases/StudyCombinations/Study-Combinations-OSA01/TC34_Canine_StudyOSA01-StageOfDisease-Sex" time="236.105" classname="Test Cases/Canine_TestCases/StudyCombinations/Study-Combinations-OSA01/TC34_Canine_StudyOSA01-StageOfDisease-Sex" status="PASSED">
         <system-out><![CDATA[2022-04-05 06:57:29 - [TEST_CASE][PASSED] - Test Cases/Canine_TestCases/StudyCombinations/Study-Combinations-OSA01/TC34_Canine_StudyOSA01-StageOfDisease-Sex: Test Cases/Canine_TestCases/StudyCombinations/Study-Combinations-OSA01/TC34_Canine_StudyOSA01-StageOfDisease-Sex

2022-04-05 06:57:29 - [TEST_STEP][PASSED] - Start listener action : getTestScriptName: null

2022-04-05 06:57:29 - [TEST_STEP][PASSED] - TestCaseId = testCaseContext.getTestCaseId(): null

2022-04-05 06:57:29 - [TEST_STEP][PASSED] - out.println("**********this is the value of test case id string******** " + testCaseContext.getTestCaseId()): null

2022-04-05 06:57:29 - [TEST_STEP][PASSED] - G_currentTCName = TestCaseId.substring(TestCaseId.lastIndexOf("TC")): null

2022-04-05 06:57:29 - [TEST_STEP][PASSED] - out.println("This is the test case name : " + G_currentTCName): null

2022-04-05 06:57:30 - [TEST_STEP][PASSED] - closeBrowser(): Browser is closed

2022-04-05 06:57:30 - [MESSAGE][PASSED] - Browser is closed

2022-04-05 06:57:30 - [TEST_STEP][PASSED] - "Driver opened by Katalon is used in Selenium from this step.": null

2022-04-05 06:57:30 - [TEST_STEP][PASSED] - ctdc.utilities.runtestcaseforKatalon.RunKatalon("TC34_Canine_StudyOSA01-StageOfDisease-Sex.xlsx"): Data loaded from input file for the test case. 

2022-04-05 06:57:30 - [MESSAGE][PASSED] - Test case file loaded This is the full filepath after converting to string :C:\Users\sohilz2\Commons_Automation\InputFiles\TC34_Canine_StudyOSA01-StageOfDisease-Sex.xlsx

2022-04-05 06:57:30 - [MESSAGE][INFO] - Global variable set for password file is :  C:\Users\sohilz2\Commons_Automation\InputFiles\TC34_Canine_StudyOSA01-StageOfDisease-Sex.xlsx

2022-04-05 06:57:34 - [MESSAGE][PASSED] - Data loaded from input file for the test case. 

2022-04-05 06:58:01 - [TEST_STEP][PASSED] - waitForElementPresent(findTestObject("Canine/NavBar/Canine_Cases_Btn"), 20): Object 'Object Repository/Canine/NavBar/Canine_Cases_Btn' is present

2022-04-05 06:58:01 - [MESSAGE][PASSED] - Object 'Object Repository/Canine/NavBar/Canine_Cases_Btn' is present

2022-04-05 06:58:01 - [TEST_STEP][PASSED] - ctdc.utilities.runtestcaseforKatalon.clickTab("Object Repository/Canine/Canine_PopUp_Continue_Btn"): ctdc.utilities.runtestcaseforKatalon.clickTab is PASSED

2022-04-05 06:58:01 - [MESSAGE][PASSED] - ctdc.utilities.runtestcaseforKatalon.clickTab is PASSED

2022-04-05 06:58:01 - [TEST_STEP][PASSED] - out.println("Closed the popup window"): null

2022-04-05 06:58:01 - [TEST_STEP][PASSED] - waitForElementPresent(findTestObject("Canine/NavBar/Canine_Cases_Btn"), 20): Object 'Object Repository/Canine/NavBar/Canine_Cases_Btn' is present

2022-04-05 06:58:02 - [MESSAGE][PASSED] - Object 'Object Repository/Canine/NavBar/Canine_Cases_Btn' is present

2022-04-05 06:58:02 - [TEST_STEP][PASSED] - ctdc.utilities.runtestcaseforKatalon.clickTab("Canine/NavBar/Canine_Cases_Btn"): ctdc.utilities.runtestcaseforKatalon.clickTab is PASSED

2022-04-05 06:58:02 - [MESSAGE][PASSED] - ctdc.utilities.runtestcaseforKatalon.clickTab is PASSED

2022-04-05 06:58:02 - [TEST_STEP][PASSED] - waitForElementPresent(findTestObject("Object Repository/Canine/Filter/Study/Canine_Filter_Study"), 30): Object 'Object Repository/Canine/Filter/Study/Canine_Filter_Study' is present

2022-04-05 06:58:03 - [MESSAGE][PASSED] - Object 'Object Repository/Canine/Filter/Study/Canine_Filter_Study' is present

2022-04-05 06:58:03 - [TEST_STEP][PASSED] - verifyElementPresent(findTestObject("Object Repository/Canine/Filter/Study/Canine_Filter_Study"), 5): Object 'Object Repository/Canine/Filter/Study/Canine_Filter_Study' is present

2022-04-05 06:58:04 - [MESSAGE][PASSED] - Object 'Object Repository/Canine/Filter/Study/Canine_Filter_Study' is present

2022-04-05 06:58:04 - [TEST_STEP][PASSED] - ctdc.utilities.runtestcaseforKatalon.clickTab("Object Repository/Canine/Filter/Study/Canine_Filter_Study"): ctdc.utilities.runtestcaseforKatalon.clickTab is PASSED

2022-04-05 06:58:04 - [MESSAGE][PASSED] - ctdc.utilities.runtestcaseforKatalon.clickTab is PASSED

2022-04-05 06:58:04 - [TEST_STEP][PASSED] - waitForElementPresent(findTestObject("Object Repository/Canine/Filter/Study/Canine_Filter_Study-OSA01_Chkbx"), 30): Object 'Object Repository/Canine/Filter/Study/Canine_Filter_Study-OSA01_Chkbx' is present

2022-04-05 06:58:05 - [MESSAGE][PASSED] - Object 'Object Repository/Canine/Filter/Study/Canine_Filter_Study-OSA01_Chkbx' is present

2022-04-05 06:58:05 - [TEST_STEP][PASSED] - verifyElementPresent(findTestObject("Object Repository/Canine/Filter/Study/Canine_Filter_Study-OSA01_Chkbx"), 5): Object 'Object Repository/Canine/Filter/Study/Canine_Filter_Study-OSA01_Chkbx' is present

2022-04-05 06:58:05 - [MESSAGE][PASSED] - Object 'Object Repository/Canine/Filter/Study/Canine_Filter_Study-OSA01_Chkbx' is present

2022-04-05 06:58:05 - [TEST_STEP][PASSED] - ctdc.utilities.runtestcaseforKatalon.clickTab("Object Repository/Canine/Filter/Study/Canine_Filter_Study-OSA01_Chkbx"): ctdc.utilities.runtestcaseforKatalon.clickTab is PASSED

2022-04-05 06:58:05 - [MESSAGE][PASSED] - ctdc.utilities.runtestcaseforKatalon.clickTab is PASSED

2022-04-05 06:58:05 - [TEST_STEP][PASSED] - waitForElementPresent(findTestObject("Object Repository/Canine/Filter/StageOfDisease/STAGEOFDISEASE_Ddn"), 30): Object 'Object Repository/Canine/Filter/StageOfDisease/STAGEOFDISEASE_Ddn' is present

2022-04-05 06:58:05 - [MESSAGE][PASSED] - Object 'Object Repository/Canine/Filter/StageOfDisease/STAGEOFDISEASE_Ddn' is present

2022-04-05 06:58:05 - [TEST_STEP][PASSED] - verifyElementPresent(findTestObject("Object Repository/Canine/Filter/StageOfDisease/STAGEOFDISEASE_Ddn"), 5): Object 'Object Repository/Canine/Filter/StageOfDisease/STAGEOFDISEASE_Ddn' is present

2022-04-05 06:58:05 - [MESSAGE][PASSED] - Object 'Object Repository/Canine/Filter/StageOfDisease/STAGEOFDISEASE_Ddn' is present

2022-04-05 06:58:05 - [TEST_STEP][PASSED] - ctdc.utilities.runtestcaseforKatalon.clickTabCanineStat("Object Repository/Canine/Filter/StageOfDisease/STAGEOFDISEASE_Ddn"): ctdc.utilities.runtestcaseforKatalon.clickTabCanineStat is PASSED

2022-04-05 06:58:08 - [MESSAGE][PASSED] - ctdc.utilities.runtestcaseforKatalon.clickTabCanineStat is PASSED

2022-04-05 06:58:08 - [TEST_STEP][PASSED] - waitForElementPresent(findTestObject("Object Repository/Canine/Filter/StageOfDisease/Unknown_Chkbx"), 30): Object 'Object Repository/Canine/Filter/StageOfDisease/Unknown_Chkbx' is present

2022-04-05 06:58:08 - [MESSAGE][PASSED] - Object 'Object Repository/Canine/Filter/StageOfDisease/Unknown_Chkbx' is present

2022-04-05 06:58:08 - [TEST_STEP][PASSED] - verifyElementPresent(findTestObject("Object Repository/Canine/Filter/StageOfDisease/Unknown_Chkbx"), 5): Object 'Object Repository/Canine/Filter/StageOfDisease/Unknown_Chkbx' is present

2022-04-05 06:58:08 - [MESSAGE][PASSED] - Object 'Object Repository/Canine/Filter/StageOfDisease/Unknown_Chkbx' is present

2022-04-05 06:58:08 - [TEST_STEP][PASSED] - ctdc.utilities.runtestcaseforKatalon.clickTabCanineStat("Object Repository/Canine/Filter/StageOfDisease/Unknown_Chkbx"): ctdc.utilities.runtestcaseforKatalon.clickTabCanineStat is PASSED

2022-04-05 06:58:09 - [MESSAGE][PASSED] - ctdc.utilities.runtestcaseforKatalon.clickTabCanineStat is PASSED

2022-04-05 06:58:09 - [TEST_STEP][PASSED] - waitForElementPresent(findTestObject("Object Repository/Canine/Filter/StageOfDisease/2_Chkbx"), 30): Object 'Object Repository/Canine/Filter/StageOfDisease/2_Chkbx' is present

2022-04-05 06:58:09 - [MESSAGE][PASSED] - Object 'Object Repository/Canine/Filter/StageOfDisease/2_Chkbx' is present

2022-04-05 06:58:09 - [TEST_STEP][PASSED] - verifyElementPresent(findTestObject("Object Repository/Canine/Filter/StageOfDisease/2_Chkbx"), 5): Object 'Object Repository/Canine/Filter/StageOfDisease/2_Chkbx' is present

2022-04-05 06:58:09 - [MESSAGE][PASSED] - Object 'Object Repository/Canine/Filter/StageOfDisease/2_Chkbx' is present

2022-04-05 06:58:09 - [TEST_STEP][PASSED] - ctdc.utilities.runtestcaseforKatalon.clickTabCanineStat("Object Repository/Canine/Filter/StageOfDisease/2_Chkbx"): ctdc.utilities.runtestcaseforKatalon.clickTabCanineStat is PASSED

2022-04-05 06:58:11 - [MESSAGE][PASSED] - ctdc.utilities.runtestcaseforKatalon.clickTabCanineStat is PASSED

2022-04-05 06:58:11 - [TEST_STEP][PASSED] - waitForElementPresent(findTestObject("Object Repository/Canine/Filter/Sex/SEX_Ddn"), 30): Object 'Object Repository/Canine/Filter/Sex/SEX_Ddn' is present

2022-04-05 06:58:11 - [MESSAGE][PASSED] - Object 'Object Repository/Canine/Filter/Sex/SEX_Ddn' is present

2022-04-05 06:58:11 - [TEST_STEP][PASSED] - verifyElementPresent(findTestObject("Object Repository/Canine/Filter/Sex/SEX_Ddn"), 5): Object 'Object Repository/Canine/Filter/Sex/SEX_Ddn' is present

2022-04-05 06:58:11 - [MESSAGE][PASSED] - Object 'Object Repository/Canine/Filter/Sex/SEX_Ddn' is present

2022-04-05 06:58:11 - [TEST_STEP][PASSED] - ctdc.utilities.runtestcaseforKatalon.clickTabCanineStat("Object Repository/Canine/Filter/Sex/SEX_Ddn"): ctdc.utilities.runtestcaseforKatalon.clickTabCanineStat is PASSED

2022-04-05 06:58:12 - [MESSAGE][PASSED] - ctdc.utilities.runtestcaseforKatalon.clickTabCanineStat is PASSED

2022-04-05 06:58:12 - [TEST_STEP][PASSED] - waitForElementPresent(findTestObject("Object Repository/Canine/Filter/Sex/Female_Chkbx"), 30): Object 'Object Repository/Canine/Filter/Sex/Female_Chkbx' is present

2022-04-05 06:58:13 - [MESSAGE][PASSED] - Object 'Object Repository/Canine/Filter/Sex/Female_Chkbx' is present

2022-04-05 06:58:13 - [TEST_STEP][PASSED] - verifyElementPresent(findTestObject("Object Repository/Canine/Filter/Sex/Female_Chkbx"), 5): Object 'Object Repository/Canine/Filter/Sex/Female_Chkbx' is present

2022-04-05 06:58:13 - [MESSAGE][PASSED] - Object 'Object Repository/Canine/Filter/Sex/Female_Chkbx' is present

2022-04-05 06:58:13 - [TEST_STEP][PASSED] - ctdc.utilities.runtestcaseforKatalon.clickTabCanineStat("Object Repository/Canine/Filter/Sex/Female_Chkbx"): ctdc.utilities.runtestcaseforKatalon.clickTabCanineStat is PASSED

2022-04-05 06:58:14 - [MESSAGE][PASSED] - ctdc.utilities.runtestcaseforKatalon.clickTabCanineStat is PASSED

2022-04-05 06:58:14 - [TEST_STEP][PASSED] - ctdc.utilities.runtestcaseforKatalon.readStatBarCanine("Object Repository/Canine/StatBar/Canine_StatBar-Programs", "Object Repository/Canine/StatBar/Canine_StatBar-Studies", "Object Repository/Canine/StatBar/Canine_StatBar-Cases", "Object Repository/Canine/StatBar/Canine_StatBar-Samples", "Object Repository/Canine/StatBar/Canine_StatBar-CaseFiles", "Object Repository/Canine/StatBar/Canine_StatBar-StudyFiles"): ctdc.utilities.runtestcaseforKatalon.readStatBarCanine is PASSED

2022-04-05 06:58:32 - [MESSAGE][PASSED] - ctdc.utilities.runtestcaseforKatalon.readStatBarCanine is PASSED

2022-04-05 06:58:32 - [TEST_STEP][PASSED] - waitForElementPresent(findTestObject("Object Repository/Canine/CanineResults_Cases_Tab"), 5): Object 'Object Repository/Canine/CanineResults_Cases_Tab' is present

2022-04-05 06:58:32 - [MESSAGE][PASSED] - Object 'Object Repository/Canine/CanineResults_Cases_Tab' is present

2022-04-05 06:58:32 - [TEST_STEP][PASSED] - ctdc.utilities.runtestcaseforKatalon.clickTab("Object Repository/Canine/CanineResults_Cases_Tab"): ctdc.utilities.runtestcaseforKatalon.clickTab is PASSED

2022-04-05 06:58:32 - [MESSAGE][PASSED] - ctdc.utilities.runtestcaseforKatalon.clickTab is PASSED

2022-04-05 06:58:32 - [TEST_STEP][PASSED] - ctdc.utilities.runtestcaseforKatalon.multiFunction("ICDC", G_StatBar_Cases, "Object Repository/Canine/Canine_CasesTable", "Object Repository/Canine/Canine_TableHeader", "Object Repository/Canine/Canine_CasesTabNextBtn", G_WebTabnameCases, G_CypherTabnameCases, G_QueryCasesTab): Statbar Study Files count matches

2022-04-05 06:59:28 - [MESSAGE][PASSED] - Statbar Programs count matches

2022-04-05 06:59:28 - [MESSAGE][PASSED] - Statbar Studies count matches

2022-04-05 06:59:28 - [MESSAGE][PASSED] - Statbar Cases count matches

2022-04-05 06:59:28 - [MESSAGE][PASSED] - Statbar Samples count matches

2022-04-05 06:59:28 - [MESSAGE][PASSED] - Statbar Case Files count matches

2022-04-05 06:59:28 - [MESSAGE][PASSED] - Statbar Study Files count matches

2022-04-05 06:59:28 - [TEST_STEP][PASSED] - waitForElementPresent(findTestObject("Object Repository/Canine/CanineResults_Samples_Tab"), 5): Object 'Object Repository/Canine/CanineResults_Samples_Tab' is present

2022-04-05 06:59:29 - [MESSAGE][PASSED] - Object 'Object Repository/Canine/CanineResults_Samples_Tab' is present

2022-04-05 06:59:29 - [TEST_STEP][PASSED] - ctdc.utilities.runtestcaseforKatalon.clickTab("Object Repository/Canine/CanineResults_Samples_Tab"): ctdc.utilities.runtestcaseforKatalon.clickTab is PASSED

2022-04-05 06:59:29 - [MESSAGE][PASSED] - ctdc.utilities.runtestcaseforKatalon.clickTab is PASSED

2022-04-05 06:59:29 - [TEST_STEP][PASSED] - ctdc.utilities.runtestcaseforKatalon.multiFunction("ICDC", G_StatBar_Samples, "Object Repository/Canine/Canine_Samples_Table", "Object Repository/Canine/Canine_Samples_TableHdr", "Object Repository/Canine/Canine_SamplesTabNextBtn", G_WebTabnameSamples, G_CypherTabnameSamples, G_QuerySamplesTab): Statbar Study Files count matches

2022-04-05 07:01:25 - [MESSAGE][PASSED] - Statbar Programs count matches

2022-04-05 07:01:25 - [MESSAGE][PASSED] - Statbar Studies count matches

2022-04-05 07:01:25 - [MESSAGE][PASSED] - Statbar Cases count matches

2022-04-05 07:01:25 - [MESSAGE][PASSED] - Statbar Samples count matches

2022-04-05 07:01:25 - [MESSAGE][PASSED] - Statbar Case Files count matches

2022-04-05 07:01:25 - [MESSAGE][PASSED] - Statbar Study Files count matches

2022-04-05 07:01:25 - [TEST_STEP][PASSED] - closeBrowser(): Browser is closed

2022-04-05 07:01:25 - [MESSAGE][PASSED] - Browser is closed]]></system-out>
         <system-err><![CDATA[]]></system-err>
      </testcase>
      <testcase name="Test Cases/Canine_TestCases/StudyCombinations/Study-Combinations-OSA01/TC35_Canine_StudyOSA01-ResponseToTreatment-NeutStatus" time="88.867" classname="Test Cases/Canine_TestCases/StudyCombinations/Study-Combinations-OSA01/TC35_Canine_StudyOSA01-ResponseToTreatment-NeutStatus" status="PASSED">
         <system-out><![CDATA[2022-04-05 07:01:25 - [TEST_CASE][PASSED] - Test Cases/Canine_TestCases/StudyCombinations/Study-Combinations-OSA01/TC35_Canine_StudyOSA01-ResponseToTreatment-NeutStatus: Test Cases/Canine_TestCases/StudyCombinations/Study-Combinations-OSA01/TC35_Canine_StudyOSA01-ResponseToTreatment-NeutStatus

2022-04-05 07:01:25 - [TEST_STEP][PASSED] - Start listener action : getTestScriptName: null

2022-04-05 07:01:25 - [TEST_STEP][PASSED] - TestCaseId = testCaseContext.getTestCaseId(): null

2022-04-05 07:01:25 - [TEST_STEP][PASSED] - out.println("**********this is the value of test case id string******** " + testCaseContext.getTestCaseId()): null

2022-04-05 07:01:25 - [TEST_STEP][PASSED] - G_currentTCName = TestCaseId.substring(TestCaseId.lastIndexOf("TC")): null

2022-04-05 07:01:25 - [TEST_STEP][PASSED] - out.println("This is the test case name : " + G_currentTCName): null

2022-04-05 07:01:26 - [TEST_STEP][PASSED] - closeBrowser(): Browser is closed

2022-04-05 07:01:26 - [MESSAGE][PASSED] - Browser is closed

2022-04-05 07:01:26 - [TEST_STEP][PASSED] - "Driver opened by Katalon is used in Selenium from this step.": null

2022-04-05 07:01:26 - [TEST_STEP][PASSED] - ctdc.utilities.runtestcaseforKatalon.RunKatalon("TC35_Canine_StudyOSA01-ResponseToTreatment-NeutStatus.xlsx"): Data loaded from input file for the test case. 

2022-04-05 07:01:26 - [MESSAGE][PASSED] - Test case file loaded This is the full filepath after converting to string :C:\Users\sohilz2\Commons_Automation\InputFiles\TC35_Canine_StudyOSA01-ResponseToTreatment-NeutStatus.xlsx

2022-04-05 07:01:26 - [MESSAGE][INFO] - Global variable set for password file is :  C:\Users\sohilz2\Commons_Automation\InputFiles\TC35_Canine_StudyOSA01-ResponseToTreatment-NeutStatus.xlsx

2022-04-05 07:01:30 - [MESSAGE][PASSED] - Data loaded from input file for the test case. 

2022-04-05 07:02:03 - [TEST_STEP][PASSED] - waitForElementPresent(findTestObject("Canine/NavBar/Canine_Cases_Btn"), 20): Object 'Object Repository/Canine/NavBar/Canine_Cases_Btn' is present

2022-04-05 07:02:03 - [MESSAGE][PASSED] - Object 'Object Repository/Canine/NavBar/Canine_Cases_Btn' is present

2022-04-05 07:02:03 - [TEST_STEP][PASSED] - ctdc.utilities.runtestcaseforKatalon.clickTab("Object Repository/Canine/Canine_PopUp_Continue_Btn"): ctdc.utilities.runtestcaseforKatalon.clickTab is PASSED

2022-04-05 07:02:03 - [MESSAGE][PASSED] - ctdc.utilities.runtestcaseforKatalon.clickTab is PASSED

2022-04-05 07:02:03 - [TEST_STEP][PASSED] - out.println("Closed the popup window"): null

2022-04-05 07:02:03 - [TEST_STEP][PASSED] - waitForElementPresent(findTestObject("Canine/NavBar/Canine_Cases_Btn"), 20): Object 'Object Repository/Canine/NavBar/Canine_Cases_Btn' is present

2022-04-05 07:02:03 - [MESSAGE][PASSED] - Object 'Object Repository/Canine/NavBar/Canine_Cases_Btn' is present

2022-04-05 07:02:03 - [TEST_STEP][PASSED] - ctdc.utilities.runtestcaseforKatalon.clickTab("Canine/NavBar/Canine_Cases_Btn"): ctdc.utilities.runtestcaseforKatalon.clickTab is PASSED

2022-04-05 07:02:04 - [MESSAGE][PASSED] - ctdc.utilities.runtestcaseforKatalon.clickTab is PASSED

2022-04-05 07:02:04 - [TEST_STEP][PASSED] - waitForElementPresent(findTestObject("Object Repository/Canine/Filter/Study/Canine_Filter_Study"), 30): Object 'Object Repository/Canine/Filter/Study/Canine_Filter_Study' is present

2022-04-05 07:02:05 - [MESSAGE][PASSED] - Object 'Object Repository/Canine/Filter/Study/Canine_Filter_Study' is present

2022-04-05 07:02:05 - [TEST_STEP][PASSED] - verifyElementPresent(findTestObject("Object Repository/Canine/Filter/Study/Canine_Filter_Study"), 5): Object 'Object Repository/Canine/Filter/Study/Canine_Filter_Study' is present

2022-04-05 07:02:05 - [MESSAGE][PASSED] - Object 'Object Repository/Canine/Filter/Study/Canine_Filter_Study' is present

2022-04-05 07:02:05 - [TEST_STEP][PASSED] - ctdc.utilities.runtestcaseforKatalon.clickTab("Object Repository/Canine/Filter/Study/Canine_Filter_Study"): ctdc.utilities.runtestcaseforKatalon.clickTab is PASSED

2022-04-05 07:02:06 - [MESSAGE][PASSED] - ctdc.utilities.runtestcaseforKatalon.clickTab is PASSED

2022-04-05 07:02:06 - [TEST_STEP][PASSED] - waitForElementPresent(findTestObject("Object Repository/Canine/Filter/Study/Canine_Filter_Study-OSA01_Chkbx"), 30): Object 'Object Repository/Canine/Filter/Study/Canine_Filter_Study-OSA01_Chkbx' is present

2022-04-05 07:02:06 - [MESSAGE][PASSED] - Object 'Object Repository/Canine/Filter/Study/Canine_Filter_Study-OSA01_Chkbx' is present

2022-04-05 07:02:06 - [TEST_STEP][PASSED] - verifyElementPresent(findTestObject("Object Repository/Canine/Filter/Study/Canine_Filter_Study-OSA01_Chkbx"), 5): Object 'Object Repository/Canine/Filter/Study/Canine_Filter_Study-OSA01_Chkbx' is present

2022-04-05 07:02:07 - [MESSAGE][PASSED] - Object 'Object Repository/Canine/Filter/Study/Canine_Filter_Study-OSA01_Chkbx' is present

2022-04-05 07:02:07 - [TEST_STEP][PASSED] - ctdc.utilities.runtestcaseforKatalon.clickTab("Object Repository/Canine/Filter/Study/Canine_Filter_Study-OSA01_Chkbx"): ctdc.utilities.runtestcaseforKatalon.clickTab is PASSED

2022-04-05 07:02:07 - [MESSAGE][PASSED] - ctdc.utilities.runtestcaseforKatalon.clickTab is PASSED

2022-04-05 07:02:07 - [TEST_STEP][PASSED] - waitForElementPresent(findTestObject("Object Repository/Canine/Filter/ResponseToTreatment/RESPONSETOTREATMENT_Ddn"), 30): Object 'Object Repository/Canine/Filter/ResponseToTreatment/RESPONSETOTREATMENT_Ddn' is present

2022-04-05 07:02:07 - [MESSAGE][PASSED] - Object 'Object Repository/Canine/Filter/ResponseToTreatment/RESPONSETOTREATMENT_Ddn' is present

2022-04-05 07:02:07 - [TEST_STEP][PASSED] - verifyElementPresent(findTestObject("Object Repository/Canine/Filter/ResponseToTreatment/RESPONSETOTREATMENT_Ddn"), 5): Object 'Object Repository/Canine/Filter/ResponseToTreatment/RESPONSETOTREATMENT_Ddn' is present

2022-04-05 07:02:07 - [MESSAGE][PASSED] - Object 'Object Repository/Canine/Filter/ResponseToTreatment/RESPONSETOTREATMENT_Ddn' is present

2022-04-05 07:02:07 - [TEST_STEP][PASSED] - ctdc.utilities.runtestcaseforKatalon.clickTabCanineStat("Object Repository/Canine/Filter/ResponseToTreatment/RESPONSETOTREATMENT_Ddn"): ctdc.utilities.runtestcaseforKatalon.clickTabCanineStat is PASSED

2022-04-05 07:02:09 - [MESSAGE][PASSED] - ctdc.utilities.runtestcaseforKatalon.clickTabCanineStat is PASSED

2022-04-05 07:02:09 - [TEST_STEP][PASSED] - waitForElementPresent(findTestObject("Object Repository/Canine/Filter/ResponseToTreatment/NotDetermined_Chkbx"), 30): Object 'Object Repository/Canine/Filter/ResponseToTreatment/NotDetermined_Chkbx' is present

2022-04-05 07:02:09 - [MESSAGE][PASSED] - Object 'Object Repository/Canine/Filter/ResponseToTreatment/NotDetermined_Chkbx' is present

2022-04-05 07:02:09 - [TEST_STEP][PASSED] - verifyElementPresent(findTestObject("Object Repository/Canine/Filter/ResponseToTreatment/NotDetermined_Chkbx"), 5): Object 'Object Repository/Canine/Filter/ResponseToTreatment/NotDetermined_Chkbx' is present

2022-04-05 07:02:09 - [MESSAGE][PASSED] - Object 'Object Repository/Canine/Filter/ResponseToTreatment/NotDetermined_Chkbx' is present

2022-04-05 07:02:09 - [TEST_STEP][PASSED] - ctdc.utilities.runtestcaseforKatalon.clickTabCanineStat("Object Repository/Canine/Filter/ResponseToTreatment/NotDetermined_Chkbx"): ctdc.utilities.runtestcaseforKatalon.clickTabCanineStat is PASSED

2022-04-05 07:02:11 - [MESSAGE][PASSED] - ctdc.utilities.runtestcaseforKatalon.clickTabCanineStat is PASSED

2022-04-05 07:02:11 - [TEST_STEP][PASSED] - waitForElementPresent(findTestObject("Object Repository/Canine/Filter/NeuteredStatus/NEUTEREDSTATUS_Ddn"), 30): Object 'Object Repository/Canine/Filter/NeuteredStatus/NEUTEREDSTATUS_Ddn' is present

2022-04-05 07:02:12 - [MESSAGE][PASSED] - Object 'Object Repository/Canine/Filter/NeuteredStatus/NEUTEREDSTATUS_Ddn' is present

2022-04-05 07:02:12 - [TEST_STEP][PASSED] - verifyElementPresent(findTestObject("Object Repository/Canine/Filter/NeuteredStatus/NEUTEREDSTATUS_Ddn"), 5): Object 'Object Repository/Canine/Filter/NeuteredStatus/NEUTEREDSTATUS_Ddn' is present

2022-04-05 07:02:12 - [MESSAGE][PASSED] - Object 'Object Repository/Canine/Filter/NeuteredStatus/NEUTEREDSTATUS_Ddn' is present

2022-04-05 07:02:12 - [TEST_STEP][PASSED] - ctdc.utilities.runtestcaseforKatalon.clickTabCanineStat("Object Repository/Canine/Filter/NeuteredStatus/NEUTEREDSTATUS_Ddn"): ctdc.utilities.runtestcaseforKatalon.clickTabCanineStat is PASSED

2022-04-05 07:02:13 - [MESSAGE][PASSED] - ctdc.utilities.runtestcaseforKatalon.clickTabCanineStat is PASSED

2022-04-05 07:02:13 - [TEST_STEP][PASSED] - waitForElementPresent(findTestObject("Object Repository/Canine/Filter/NeuteredStatus/No_Chkbx"), 30): Object 'Object Repository/Canine/Filter/NeuteredStatus/No_Chkbx' is present

2022-04-05 07:02:13 - [MESSAGE][PASSED] - Object 'Object Repository/Canine/Filter/NeuteredStatus/No_Chkbx' is present

2022-04-05 07:02:13 - [TEST_STEP][PASSED] - verifyElementPresent(findTestObject("Object Repository/Canine/Filter/NeuteredStatus/No_Chkbx"), 5): Object 'Object Repository/Canine/Filter/NeuteredStatus/No_Chkbx' is present

2022-04-05 07:02:14 - [MESSAGE][PASSED] - Object 'Object Repository/Canine/Filter/NeuteredStatus/No_Chkbx' is present

2022-04-05 07:02:14 - [TEST_STEP][PASSED] - ctdc.utilities.runtestcaseforKatalon.clickTabCanineStat("Object Repository/Canine/Filter/NeuteredStatus/No_Chkbx"): ctdc.utilities.runtestcaseforKatalon.clickTabCanineStat is PASSED

2022-04-05 07:02:16 - [MESSAGE][PASSED] - ctdc.utilities.runtestcaseforKatalon.clickTabCanineStat is PASSED

2022-04-05 07:02:16 - [TEST_STEP][PASSED] - ctdc.utilities.runtestcaseforKatalon.readStatBarCanine("Object Repository/Canine/StatBar/Canine_StatBar-Programs", "Object Repository/Canine/StatBar/Canine_StatBar-Studies", "Object Repository/Canine/StatBar/Canine_StatBar-Cases", "Object Repository/Canine/StatBar/Canine_StatBar-Samples", "Object Repository/Canine/StatBar/Canine_StatBar-CaseFiles", "Object Repository/Canine/StatBar/Canine_StatBar-StudyFiles"): ctdc.utilities.runtestcaseforKatalon.readStatBarCanine is PASSED

2022-04-05 07:02:33 - [MESSAGE][PASSED] - ctdc.utilities.runtestcaseforKatalon.readStatBarCanine is PASSED

2022-04-05 07:02:33 - [TEST_STEP][PASSED] - waitForElementPresent(findTestObject("Object Repository/Canine/CanineResults_Cases_Tab"), 5): Object 'Object Repository/Canine/CanineResults_Cases_Tab' is present

2022-04-05 07:02:33 - [MESSAGE][PASSED] - Object 'Object Repository/Canine/CanineResults_Cases_Tab' is present

2022-04-05 07:02:33 - [TEST_STEP][PASSED] - ctdc.utilities.runtestcaseforKatalon.clickTab("Object Repository/Canine/CanineResults_Cases_Tab"): ctdc.utilities.runtestcaseforKatalon.clickTab is PASSED

2022-04-05 07:02:34 - [MESSAGE][PASSED] - ctdc.utilities.runtestcaseforKatalon.clickTab is PASSED

2022-04-05 07:02:34 - [TEST_STEP][PASSED] - ctdc.utilities.runtestcaseforKatalon.multiFunction("ICDC", G_StatBar_Cases, "Object Repository/Canine/Canine_CasesTable", "Object Repository/Canine/Canine_TableHeader", "Object Repository/Canine/Canine_CasesTabNextBtn", G_WebTabnameCases, G_CypherTabnameCases, G_QueryCasesTab): Statbar Study Files count matches

2022-04-05 07:02:53 - [MESSAGE][PASSED] - Statbar Programs count matches

2022-04-05 07:02:53 - [MESSAGE][PASSED] - Statbar Studies count matches

2022-04-05 07:02:53 - [MESSAGE][PASSED] - Statbar Cases count matches

2022-04-05 07:02:53 - [MESSAGE][PASSED] - Statbar Samples count matches

2022-04-05 07:02:53 - [MESSAGE][PASSED] - Statbar Case Files count matches

2022-04-05 07:02:53 - [MESSAGE][PASSED] - Statbar Study Files count matches

2022-04-05 07:02:53 - [TEST_STEP][PASSED] - closeBrowser(): Browser is closed

2022-04-05 07:02:54 - [MESSAGE][PASSED] - Browser is closed]]></system-out>
         <system-err><![CDATA[]]></system-err>
      </testcase>
      <testcase name="Test Cases/Canine_TestCases/StudyCombinations/Study-Combinations-OSA01/TC36_Canine_StudyOSA01-NeutStatus" time="91.365" classname="Test Cases/Canine_TestCases/StudyCombinations/Study-Combinations-OSA01/TC36_Canine_StudyOSA01-NeutStatus" status="PASSED">
         <system-out><![CDATA[2022-04-05 07:02:54 - [TEST_CASE][PASSED] - Test Cases/Canine_TestCases/StudyCombinations/Study-Combinations-OSA01/TC36_Canine_StudyOSA01-NeutStatus: Test Cases/Canine_TestCases/StudyCombinations/Study-Combinations-OSA01/TC36_Canine_StudyOSA01-NeutStatus

2022-04-05 07:02:54 - [TEST_STEP][PASSED] - Start listener action : getTestScriptName: null

2022-04-05 07:02:54 - [TEST_STEP][PASSED] - TestCaseId = testCaseContext.getTestCaseId(): null

2022-04-05 07:02:54 - [TEST_STEP][PASSED] - out.println("**********this is the value of test case id string******** " + testCaseContext.getTestCaseId()): null

2022-04-05 07:02:54 - [TEST_STEP][PASSED] - G_currentTCName = TestCaseId.substring(TestCaseId.lastIndexOf("TC")): null

2022-04-05 07:02:54 - [TEST_STEP][PASSED] - out.println("This is the test case name : " + G_currentTCName): null

2022-04-05 07:02:55 - [TEST_STEP][PASSED] - closeBrowser(): Browser is closed

2022-04-05 07:02:55 - [MESSAGE][PASSED] - Browser is closed

2022-04-05 07:02:55 - [TEST_STEP][PASSED] - "Driver opened by Katalon is used in Selenium from this step.": null

2022-04-05 07:02:55 - [TEST_STEP][PASSED] - ctdc.utilities.runtestcaseforKatalon.RunKatalon("TC36_Canine_StudyOSA01-NeutStatus.xlsx"): Data loaded from input file for the test case. 

2022-04-05 07:02:55 - [MESSAGE][PASSED] - Test case file loaded This is the full filepath after converting to string :C:\Users\sohilz2\Commons_Automation\InputFiles\TC36_Canine_StudyOSA01-NeutStatus.xlsx

2022-04-05 07:02:55 - [MESSAGE][INFO] - Global variable set for password file is :  C:\Users\sohilz2\Commons_Automation\InputFiles\TC36_Canine_StudyOSA01-NeutStatus.xlsx

2022-04-05 07:02:59 - [MESSAGE][PASSED] - Data loaded from input file for the test case. 

2022-04-05 07:03:36 - [TEST_STEP][PASSED] - waitForElementPresent(findTestObject("Canine/NavBar/Canine_Cases_Btn"), 20): Object 'Object Repository/Canine/NavBar/Canine_Cases_Btn' is present

2022-04-05 07:03:36 - [MESSAGE][PASSED] - Object 'Object Repository/Canine/NavBar/Canine_Cases_Btn' is present

2022-04-05 07:03:36 - [TEST_STEP][PASSED] - ctdc.utilities.runtestcaseforKatalon.clickTab("Object Repository/Canine/Canine_PopUp_Continue_Btn"): ctdc.utilities.runtestcaseforKatalon.clickTab is PASSED

2022-04-05 07:03:36 - [MESSAGE][PASSED] - ctdc.utilities.runtestcaseforKatalon.clickTab is PASSED

2022-04-05 07:03:36 - [TEST_STEP][PASSED] - out.println("Closed the popup window"): null

2022-04-05 07:03:36 - [TEST_STEP][PASSED] - waitForElementPresent(findTestObject("Canine/NavBar/Canine_Cases_Btn"), 20): Object 'Object Repository/Canine/NavBar/Canine_Cases_Btn' is present

2022-04-05 07:03:36 - [MESSAGE][PASSED] - Object 'Object Repository/Canine/NavBar/Canine_Cases_Btn' is present

2022-04-05 07:03:36 - [TEST_STEP][PASSED] - ctdc.utilities.runtestcaseforKatalon.clickTab("Canine/NavBar/Canine_Cases_Btn"): ctdc.utilities.runtestcaseforKatalon.clickTab is PASSED

2022-04-05 07:03:36 - [MESSAGE][PASSED] - ctdc.utilities.runtestcaseforKatalon.clickTab is PASSED

2022-04-05 07:03:36 - [TEST_STEP][PASSED] - waitForElementPresent(findTestObject("Object Repository/Canine/Filter/Study/Canine_Filter_Study"), 30): Object 'Object Repository/Canine/Filter/Study/Canine_Filter_Study' is present

2022-04-05 07:03:38 - [MESSAGE][PASSED] - Object 'Object Repository/Canine/Filter/Study/Canine_Filter_Study' is present

2022-04-05 07:03:38 - [TEST_STEP][PASSED] - verifyElementPresent(findTestObject("Object Repository/Canine/Filter/Study/Canine_Filter_Study"), 5): Object 'Object Repository/Canine/Filter/Study/Canine_Filter_Study' is present

2022-04-05 07:03:38 - [MESSAGE][PASSED] - Object 'Object Repository/Canine/Filter/Study/Canine_Filter_Study' is present

2022-04-05 07:03:38 - [TEST_STEP][PASSED] - ctdc.utilities.runtestcaseforKatalon.clickTab("Object Repository/Canine/Filter/Study/Canine_Filter_Study"): ctdc.utilities.runtestcaseforKatalon.clickTab is PASSED

2022-04-05 07:03:39 - [MESSAGE][PASSED] - ctdc.utilities.runtestcaseforKatalon.clickTab is PASSED

2022-04-05 07:03:39 - [TEST_STEP][PASSED] - waitForElementPresent(findTestObject("Object Repository/Canine/Filter/Study/Canine_Filter_Study-OSA01_Chkbx"), 30): Object 'Object Repository/Canine/Filter/Study/Canine_Filter_Study-OSA01_Chkbx' is present

2022-04-05 07:03:39 - [MESSAGE][PASSED] - Object 'Object Repository/Canine/Filter/Study/Canine_Filter_Study-OSA01_Chkbx' is present

2022-04-05 07:03:39 - [TEST_STEP][PASSED] - verifyElementPresent(findTestObject("Object Repository/Canine/Filter/Study/Canine_Filter_Study-OSA01_Chkbx"), 5): Object 'Object Repository/Canine/Filter/Study/Canine_Filter_Study-OSA01_Chkbx' is present

2022-04-05 07:03:40 - [MESSAGE][PASSED] - Object 'Object Repository/Canine/Filter/Study/Canine_Filter_Study-OSA01_Chkbx' is present

2022-04-05 07:03:40 - [TEST_STEP][PASSED] - ctdc.utilities.runtestcaseforKatalon.clickTab("Object Repository/Canine/Filter/Study/Canine_Filter_Study-OSA01_Chkbx"): ctdc.utilities.runtestcaseforKatalon.clickTab is PASSED

2022-04-05 07:03:40 - [MESSAGE][PASSED] - ctdc.utilities.runtestcaseforKatalon.clickTab is PASSED

2022-04-05 07:03:40 - [TEST_STEP][PASSED] - waitForElementPresent(findTestObject("Object Repository/Canine/Filter/NeuteredStatus/NEUTEREDSTATUS_Ddn"), 30): Object 'Object Repository/Canine/Filter/NeuteredStatus/NEUTEREDSTATUS_Ddn' is present

2022-04-05 07:03:40 - [MESSAGE][PASSED] - Object 'Object Repository/Canine/Filter/NeuteredStatus/NEUTEREDSTATUS_Ddn' is present

2022-04-05 07:03:40 - [TEST_STEP][PASSED] - verifyElementPresent(findTestObject("Object Repository/Canine/Filter/NeuteredStatus/NEUTEREDSTATUS_Ddn"), 5): Object 'Object Repository/Canine/Filter/NeuteredStatus/NEUTEREDSTATUS_Ddn' is present

2022-04-05 07:03:40 - [MESSAGE][PASSED] - Object 'Object Repository/Canine/Filter/NeuteredStatus/NEUTEREDSTATUS_Ddn' is present

2022-04-05 07:03:40 - [TEST_STEP][PASSED] - ctdc.utilities.runtestcaseforKatalon.clickTabCanineStat("Object Repository/Canine/Filter/NeuteredStatus/NEUTEREDSTATUS_Ddn"): ctdc.utilities.runtestcaseforKatalon.clickTabCanineStat is PASSED

2022-04-05 07:03:42 - [MESSAGE][PASSED] - ctdc.utilities.runtestcaseforKatalon.clickTabCanineStat is PASSED

2022-04-05 07:03:42 - [TEST_STEP][PASSED] - waitForElementPresent(findTestObject("Object Repository/Canine/Filter/NeuteredStatus/Unknown_Chkbx"), 30): Object 'Object Repository/Canine/Filter/NeuteredStatus/Unknown_Chkbx' is present

2022-04-05 07:03:43 - [MESSAGE][PASSED] - Object 'Object Repository/Canine/Filter/NeuteredStatus/Unknown_Chkbx' is present

2022-04-05 07:03:43 - [TEST_STEP][PASSED] - verifyElementPresent(findTestObject("Object Repository/Canine/Filter/NeuteredStatus/Unknown_Chkbx"), 5): Object 'Object Repository/Canine/Filter/NeuteredStatus/Unknown_Chkbx' is present

2022-04-05 07:03:43 - [MESSAGE][PASSED] - Object 'Object Repository/Canine/Filter/NeuteredStatus/Unknown_Chkbx' is present

2022-04-05 07:03:43 - [TEST_STEP][PASSED] - ctdc.utilities.runtestcaseforKatalon.clickTabCanineStat("Object Repository/Canine/Filter/NeuteredStatus/Unknown_Chkbx"): ctdc.utilities.runtestcaseforKatalon.clickTabCanineStat is PASSED

2022-04-05 07:03:44 - [MESSAGE][PASSED] - ctdc.utilities.runtestcaseforKatalon.clickTabCanineStat is PASSED

2022-04-05 07:03:44 - [TEST_STEP][PASSED] - waitForElementPresent(findTestObject("Object Repository/Canine/Filter/NeuteredStatus/No_Chkbx"), 30): Object 'Object Repository/Canine/Filter/NeuteredStatus/No_Chkbx' is present

2022-04-05 07:03:44 - [MESSAGE][PASSED] - Object 'Object Repository/Canine/Filter/NeuteredStatus/No_Chkbx' is present

2022-04-05 07:03:44 - [TEST_STEP][PASSED] - verifyElementPresent(findTestObject("Object Repository/Canine/Filter/NeuteredStatus/No_Chkbx"), 5): Object 'Object Repository/Canine/Filter/NeuteredStatus/No_Chkbx' is present

2022-04-05 07:03:44 - [MESSAGE][PASSED] - Object 'Object Repository/Canine/Filter/NeuteredStatus/No_Chkbx' is present

2022-04-05 07:03:44 - [TEST_STEP][PASSED] - ctdc.utilities.runtestcaseforKatalon.clickTabCanineStat("Object Repository/Canine/Filter/NeuteredStatus/No_Chkbx"): ctdc.utilities.runtestcaseforKatalon.clickTabCanineStat is PASSED

2022-04-05 07:03:46 - [MESSAGE][PASSED] - ctdc.utilities.runtestcaseforKatalon.clickTabCanineStat is PASSED

2022-04-05 07:03:46 - [TEST_STEP][PASSED] - ctdc.utilities.runtestcaseforKatalon.readStatBarCanine("Object Repository/Canine/StatBar/Canine_StatBar-Programs", "Object Repository/Canine/StatBar/Canine_StatBar-Studies", "Object Repository/Canine/StatBar/Canine_StatBar-Cases", "Object Repository/Canine/StatBar/Canine_StatBar-Samples", "Object Repository/Canine/StatBar/Canine_StatBar-CaseFiles", "Object Repository/Canine/StatBar/Canine_StatBar-StudyFiles"): ctdc.utilities.runtestcaseforKatalon.readStatBarCanine is PASSED

2022-04-05 07:04:03 - [MESSAGE][PASSED] - ctdc.utilities.runtestcaseforKatalon.readStatBarCanine is PASSED

2022-04-05 07:04:03 - [TEST_STEP][PASSED] - waitForElementPresent(findTestObject("Object Repository/Canine/CanineResults_Cases_Tab"), 5): Object 'Object Repository/Canine/CanineResults_Cases_Tab' is present

2022-04-05 07:04:04 - [MESSAGE][PASSED] - Object 'Object Repository/Canine/CanineResults_Cases_Tab' is present

2022-04-05 07:04:04 - [TEST_STEP][PASSED] - ctdc.utilities.runtestcaseforKatalon.clickTab("Object Repository/Canine/CanineResults_Cases_Tab"): ctdc.utilities.runtestcaseforKatalon.clickTab is PASSED

2022-04-05 07:04:04 - [MESSAGE][PASSED] - ctdc.utilities.runtestcaseforKatalon.clickTab is PASSED

2022-04-05 07:04:04 - [TEST_STEP][PASSED] - ctdc.utilities.runtestcaseforKatalon.multiFunction("ICDC", G_StatBar_Cases, "Object Repository/Canine/Canine_CasesTable", "Object Repository/Canine/Canine_TableHeader", "Object Repository/Canine/Canine_CasesTabNextBtn", G_WebTabnameCases, G_CypherTabnameCases, G_QueryCasesTab): Statbar Study Files count matches

2022-04-05 07:04:25 - [MESSAGE][PASSED] - Statbar Programs count matches

2022-04-05 07:04:25 - [MESSAGE][PASSED] - Statbar Studies count matches

2022-04-05 07:04:25 - [MESSAGE][PASSED] - Statbar Cases count matches

2022-04-05 07:04:25 - [MESSAGE][PASSED] - Statbar Samples count matches

2022-04-05 07:04:25 - [MESSAGE][PASSED] - Statbar Case Files count matches

2022-04-05 07:04:25 - [MESSAGE][PASSED] - Statbar Study Files count matches

2022-04-05 07:04:25 - [TEST_STEP][PASSED] - closeBrowser(): Browser is closed

2022-04-05 07:04:25 - [MESSAGE][PASSED] - Browser is closed]]></system-out>
         <system-err><![CDATA[]]></system-err>
      </testcase>
      <testcase name="Test Cases/Canine_TestCases/StudyCombinations/Study-Combinations-OSA01/TC37_Canine_StudyOSA01-Breed-PrimaryDiseaseSite" time="158.484" classname="Test Cases/Canine_TestCases/StudyCombinations/Study-Combinations-OSA01/TC37_Canine_StudyOSA01-Breed-PrimaryDiseaseSite" status="PASSED">
         <system-out><![CDATA[2022-04-05 07:04:25 - [TEST_CASE][PASSED] - Test Cases/Canine_TestCases/StudyCombinations/Study-Combinations-OSA01/TC37_Canine_StudyOSA01-Breed-PrimaryDiseaseSite: Test Cases/Canine_TestCases/StudyCombinations/Study-Combinations-OSA01/TC37_Canine_StudyOSA01-Breed-PrimaryDiseaseSite

2022-04-05 07:04:25 - [TEST_STEP][PASSED] - Start listener action : getTestScriptName: null

2022-04-05 07:04:25 - [TEST_STEP][PASSED] - TestCaseId = testCaseContext.getTestCaseId(): null

2022-04-05 07:04:25 - [TEST_STEP][PASSED] - out.println("**********this is the value of test case id string******** " + testCaseContext.getTestCaseId()): null

2022-04-05 07:04:25 - [TEST_STEP][PASSED] - G_currentTCName = TestCaseId.substring(TestCaseId.lastIndexOf("TC")): null

2022-04-05 07:04:25 - [TEST_STEP][PASSED] - out.println("This is the test case name : " + G_currentTCName): null

2022-04-05 07:04:26 - [TEST_STEP][PASSED] - closeBrowser(): Browser is closed

2022-04-05 07:04:26 - [MESSAGE][PASSED] - Browser is closed

2022-04-05 07:04:26 - [TEST_STEP][PASSED] - "Driver opened by Katalon is used in Selenium from this step.": null

2022-04-05 07:04:26 - [TEST_STEP][PASSED] - ctdc.utilities.runtestcaseforKatalon.RunKatalon("TC37_Canine_StudyOSA01-Breed-PrimaryDiseaseSite.xlsx"): Data loaded from input file for the test case. 

2022-04-05 07:04:26 - [MESSAGE][PASSED] - Test case file loaded This is the full filepath after converting to string :C:\Users\sohilz2\Commons_Automation\InputFiles\TC37_Canine_StudyOSA01-Breed-PrimaryDiseaseSite.xlsx

2022-04-05 07:04:26 - [MESSAGE][INFO] - Global variable set for password file is :  C:\Users\sohilz2\Commons_Automation\InputFiles\TC37_Canine_StudyOSA01-Breed-PrimaryDiseaseSite.xlsx

2022-04-05 07:04:30 - [MESSAGE][PASSED] - Data loaded from input file for the test case. 

2022-04-05 07:04:59 - [TEST_STEP][PASSED] - waitForElementPresent(findTestObject("Canine/NavBar/Canine_Cases_Btn"), 20): Object 'Object Repository/Canine/NavBar/Canine_Cases_Btn' is present

2022-04-05 07:04:59 - [MESSAGE][PASSED] - Object 'Object Repository/Canine/NavBar/Canine_Cases_Btn' is present

2022-04-05 07:04:59 - [TEST_STEP][PASSED] - ctdc.utilities.runtestcaseforKatalon.clickTab("Object Repository/Canine/Canine_PopUp_Continue_Btn"): ctdc.utilities.runtestcaseforKatalon.clickTab is PASSED

2022-04-05 07:04:59 - [MESSAGE][PASSED] - ctdc.utilities.runtestcaseforKatalon.clickTab is PASSED

2022-04-05 07:04:59 - [TEST_STEP][PASSED] - out.println("Closed the popup window"): null

2022-04-05 07:04:59 - [TEST_STEP][PASSED] - waitForElementPresent(findTestObject("Canine/NavBar/Canine_Cases_Btn"), 20): Object 'Object Repository/Canine/NavBar/Canine_Cases_Btn' is present

2022-04-05 07:04:59 - [MESSAGE][PASSED] - Object 'Object Repository/Canine/NavBar/Canine_Cases_Btn' is present

2022-04-05 07:04:59 - [TEST_STEP][PASSED] - ctdc.utilities.runtestcaseforKatalon.clickTab("Canine/NavBar/Canine_Cases_Btn"): ctdc.utilities.runtestcaseforKatalon.clickTab is PASSED

2022-04-05 07:04:59 - [MESSAGE][PASSED] - ctdc.utilities.runtestcaseforKatalon.clickTab is PASSED

2022-04-05 07:04:59 - [TEST_STEP][PASSED] - waitForElementPresent(findTestObject("Object Repository/Canine/Filter/Study/Canine_Filter_Study"), 30): Object 'Object Repository/Canine/Filter/Study/Canine_Filter_Study' is present

2022-04-05 07:05:01 - [MESSAGE][PASSED] - Object 'Object Repository/Canine/Filter/Study/Canine_Filter_Study' is present

2022-04-05 07:05:01 - [TEST_STEP][PASSED] - verifyElementPresent(findTestObject("Object Repository/Canine/Filter/Study/Canine_Filter_Study"), 5): Object 'Object Repository/Canine/Filter/Study/Canine_Filter_Study' is present

2022-04-05 07:05:01 - [MESSAGE][PASSED] - Object 'Object Repository/Canine/Filter/Study/Canine_Filter_Study' is present

2022-04-05 07:05:01 - [TEST_STEP][PASSED] - ctdc.utilities.runtestcaseforKatalon.clickTab("Object Repository/Canine/Filter/Study/Canine_Filter_Study"): ctdc.utilities.runtestcaseforKatalon.clickTab is PASSED

2022-04-05 07:05:02 - [MESSAGE][PASSED] - ctdc.utilities.runtestcaseforKatalon.clickTab is PASSED

2022-04-05 07:05:02 - [TEST_STEP][PASSED] - waitForElementPresent(findTestObject("Object Repository/Canine/Filter/Study/Canine_Filter_Study-OSA01_Chkbx"), 30): Object 'Object Repository/Canine/Filter/Study/Canine_Filter_Study-OSA01_Chkbx' is present

2022-04-05 07:05:02 - [MESSAGE][PASSED] - Object 'Object Repository/Canine/Filter/Study/Canine_Filter_Study-OSA01_Chkbx' is present

2022-04-05 07:05:02 - [TEST_STEP][PASSED] - verifyElementPresent(findTestObject("Object Repository/Canine/Filter/Study/Canine_Filter_Study-OSA01_Chkbx"), 5): Object 'Object Repository/Canine/Filter/Study/Canine_Filter_Study-OSA01_Chkbx' is present

2022-04-05 07:05:03 - [MESSAGE][PASSED] - Object 'Object Repository/Canine/Filter/Study/Canine_Filter_Study-OSA01_Chkbx' is present

2022-04-05 07:05:03 - [TEST_STEP][PASSED] - ctdc.utilities.runtestcaseforKatalon.clickTab("Object Repository/Canine/Filter/Study/Canine_Filter_Study-OSA01_Chkbx"): ctdc.utilities.runtestcaseforKatalon.clickTab is PASSED

2022-04-05 07:05:03 - [MESSAGE][PASSED] - ctdc.utilities.runtestcaseforKatalon.clickTab is PASSED

2022-04-05 07:05:03 - [TEST_STEP][PASSED] - waitForElementPresent(findTestObject("Object Repository/Canine/Filter/Breed/BREED_Ddn"), 30): Object 'Object Repository/Canine/Filter/Breed/BREED_Ddn' is present

2022-04-05 07:05:03 - [MESSAGE][PASSED] - Object 'Object Repository/Canine/Filter/Breed/BREED_Ddn' is present

2022-04-05 07:05:03 - [TEST_STEP][PASSED] - verifyElementPresent(findTestObject("Object Repository/Canine/Filter/Breed/BREED_Ddn"), 5): Object 'Object Repository/Canine/Filter/Breed/BREED_Ddn' is present

2022-04-05 07:05:03 - [MESSAGE][PASSED] - Object 'Object Repository/Canine/Filter/Breed/BREED_Ddn' is present

2022-04-05 07:05:03 - [TEST_STEP][PASSED] - ctdc.utilities.runtestcaseforKatalon.clickTab("Object Repository/Canine/Filter/Breed/BREED_Ddn"): ctdc.utilities.runtestcaseforKatalon.clickTab is PASSED

2022-04-05 07:05:04 - [MESSAGE][PASSED] - ctdc.utilities.runtestcaseforKatalon.clickTab is PASSED

2022-04-05 07:05:04 - [TEST_STEP][PASSED] - waitForElementPresent(findTestObject("Object Repository/Canine/Filter/Breed/GoldenRetr_Chkbx"), 30): Object 'Object Repository/Canine/Filter/Breed/GoldenRetr_Chkbx' is present

2022-04-05 07:05:04 - [MESSAGE][PASSED] - Object 'Object Repository/Canine/Filter/Breed/GoldenRetr_Chkbx' is present

2022-04-05 07:05:04 - [TEST_STEP][PASSED] - verifyElementPresent(findTestObject("Object Repository/Canine/Filter/Breed/GoldenRetr_Chkbx"), 5): Object 'Object Repository/Canine/Filter/Breed/GoldenRetr_Chkbx' is present

2022-04-05 07:05:05 - [MESSAGE][PASSED] - Object 'Object Repository/Canine/Filter/Breed/GoldenRetr_Chkbx' is present

2022-04-05 07:05:05 - [TEST_STEP][PASSED] - ctdc.utilities.runtestcaseforKatalon.clickTabCanineStat("Object Repository/Canine/Filter/Breed/GoldenRetr_Chkbx"): ctdc.utilities.runtestcaseforKatalon.clickTabCanineStat is PASSED

2022-04-05 07:05:06 - [MESSAGE][PASSED] - ctdc.utilities.runtestcaseforKatalon.clickTabCanineStat is PASSED

2022-04-05 07:05:06 - [TEST_STEP][PASSED] - waitForElementPresent(findTestObject("Object Repository/Canine/Filter/Breed/Rottweiler_Chkbx"), 30): Object 'Object Repository/Canine/Filter/Breed/Rottweiler_Chkbx' is present

2022-04-05 07:05:06 - [MESSAGE][PASSED] - Object 'Object Repository/Canine/Filter/Breed/Rottweiler_Chkbx' is present

2022-04-05 07:05:06 - [TEST_STEP][PASSED] - verifyElementPresent(findTestObject("Object Repository/Canine/Filter/Breed/Rottweiler_Chkbx"), 5): Object 'Object Repository/Canine/Filter/Breed/Rottweiler_Chkbx' is present

2022-04-05 07:05:07 - [MESSAGE][PASSED] - Object 'Object Repository/Canine/Filter/Breed/Rottweiler_Chkbx' is present

2022-04-05 07:05:07 - [TEST_STEP][PASSED] - ctdc.utilities.runtestcaseforKatalon.clickTabCanineStat("Object Repository/Canine/Filter/Breed/Rottweiler_Chkbx"): ctdc.utilities.runtestcaseforKatalon.clickTabCanineStat is PASSED

2022-04-05 07:05:08 - [MESSAGE][PASSED] - ctdc.utilities.runtestcaseforKatalon.clickTabCanineStat is PASSED

2022-04-05 07:05:08 - [TEST_STEP][PASSED] - waitForElementPresent(findTestObject("Object Repository/Canine/Filter/PrimDiseaseSite/PRIMARYDISEASESITE_Ddn"), 30): Object 'Object Repository/Canine/Filter/PrimDiseaseSite/PRIMARYDISEASESITE_Ddn' is present

2022-04-05 07:05:08 - [MESSAGE][PASSED] - Object 'Object Repository/Canine/Filter/PrimDiseaseSite/PRIMARYDISEASESITE_Ddn' is present

2022-04-05 07:05:08 - [TEST_STEP][PASSED] - verifyElementPresent(findTestObject("Object Repository/Canine/Filter/PrimDiseaseSite/PRIMARYDISEASESITE_Ddn"), 5): Object 'Object Repository/Canine/Filter/PrimDiseaseSite/PRIMARYDISEASESITE_Ddn' is present

2022-04-05 07:05:08 - [MESSAGE][PASSED] - Object 'Object Repository/Canine/Filter/PrimDiseaseSite/PRIMARYDISEASESITE_Ddn' is present

2022-04-05 07:05:08 - [TEST_STEP][PASSED] - ctdc.utilities.runtestcaseforKatalon.clickTab("Object Repository/Canine/Filter/PrimDiseaseSite/PRIMARYDISEASESITE_Ddn"): ctdc.utilities.runtestcaseforKatalon.clickTab is PASSED

2022-04-05 07:05:08 - [MESSAGE][PASSED] - ctdc.utilities.runtestcaseforKatalon.clickTab is PASSED

2022-04-05 07:05:08 - [TEST_STEP][PASSED] - waitForElementPresent(findTestObject("Object Repository/Canine/Filter/PrimDiseaseSite/BoneApendicular_Chkbx"), 30): Object 'Object Repository/Canine/Filter/PrimDiseaseSite/BoneApendicular_Chkbx' is present

2022-04-05 07:05:09 - [MESSAGE][PASSED] - Object 'Object Repository/Canine/Filter/PrimDiseaseSite/BoneApendicular_Chkbx' is present

2022-04-05 07:05:09 - [TEST_STEP][PASSED] - verifyElementPresent(findTestObject("Object Repository/Canine/Filter/PrimDiseaseSite/BoneApendicular_Chkbx"), 5): Object 'Object Repository/Canine/Filter/PrimDiseaseSite/BoneApendicular_Chkbx' is present

2022-04-05 07:05:09 - [MESSAGE][PASSED] - Object 'Object Repository/Canine/Filter/PrimDiseaseSite/BoneApendicular_Chkbx' is present

2022-04-05 07:05:09 - [TEST_STEP][PASSED] - ctdc.utilities.runtestcaseforKatalon.clickTabCanineStat("Object Repository/Canine/Filter/PrimDiseaseSite/BoneApendicular_Chkbx"): ctdc.utilities.runtestcaseforKatalon.clickTabCanineStat is PASSED

2022-04-05 07:05:11 - [MESSAGE][PASSED] - ctdc.utilities.runtestcaseforKatalon.clickTabCanineStat is PASSED

2022-04-05 07:05:11 - [TEST_STEP][PASSED] - ctdc.utilities.runtestcaseforKatalon.readStatBarCanine("Object Repository/Canine/StatBar/Canine_StatBar-Programs", "Object Repository/Canine/StatBar/Canine_StatBar-Studies", "Object Repository/Canine/StatBar/Canine_StatBar-Cases", "Object Repository/Canine/StatBar/Canine_StatBar-Samples", "Object Repository/Canine/StatBar/Canine_StatBar-CaseFiles", "Object Repository/Canine/StatBar/Canine_StatBar-StudyFiles"): ctdc.utilities.runtestcaseforKatalon.readStatBarCanine is PASSED

2022-04-05 07:05:28 - [MESSAGE][PASSED] - ctdc.utilities.runtestcaseforKatalon.readStatBarCanine is PASSED

2022-04-05 07:05:28 - [TEST_STEP][PASSED] - waitForElementPresent(findTestObject("Object Repository/Canine/CanineResults_Cases_Tab"), 5): Object 'Object Repository/Canine/CanineResults_Cases_Tab' is present

2022-04-05 07:05:29 - [MESSAGE][PASSED] - Object 'Object Repository/Canine/CanineResults_Cases_Tab' is present

2022-04-05 07:05:29 - [TEST_STEP][PASSED] - ctdc.utilities.runtestcaseforKatalon.clickTab("Object Repository/Canine/CanineResults_Cases_Tab"): ctdc.utilities.runtestcaseforKatalon.clickTab is PASSED

2022-04-05 07:05:29 - [MESSAGE][PASSED] - ctdc.utilities.runtestcaseforKatalon.clickTab is PASSED

2022-04-05 07:05:29 - [TEST_STEP][PASSED] - ctdc.utilities.runtestcaseforKatalon.multiFunction("ICDC", G_StatBar_Cases, "Object Repository/Canine/Canine_CasesTable", "Object Repository/Canine/Canine_TableHeader", "Object Repository/Canine/Canine_CasesTabNextBtn", G_WebTabnameCases, G_CypherTabnameCases, G_QueryCasesTab): Statbar Study Files count matches

2022-04-05 07:06:04 - [MESSAGE][PASSED] - Statbar Programs count matches

2022-04-05 07:06:04 - [MESSAGE][PASSED] - Statbar Studies count matches

2022-04-05 07:06:04 - [MESSAGE][PASSED] - Statbar Cases count matches

2022-04-05 07:06:04 - [MESSAGE][PASSED] - Statbar Samples count matches

2022-04-05 07:06:04 - [MESSAGE][PASSED] - Statbar Case Files count matches

2022-04-05 07:06:04 - [MESSAGE][PASSED] - Statbar Study Files count matches

2022-04-05 07:06:04 - [TEST_STEP][PASSED] - waitForElementPresent(findTestObject("Object Repository/Canine/CanineResults_Samples_Tab"), 5): Object 'Object Repository/Canine/CanineResults_Samples_Tab' is present

2022-04-05 07:06:04 - [MESSAGE][PASSED] - Object 'Object Repository/Canine/CanineResults_Samples_Tab' is present

2022-04-05 07:06:04 - [TEST_STEP][PASSED] - ctdc.utilities.runtestcaseforKatalon.clickTab("Object Repository/Canine/CanineResults_Samples_Tab"): ctdc.utilities.runtestcaseforKatalon.clickTab is PASSED

2022-04-05 07:06:04 - [MESSAGE][PASSED] - ctdc.utilities.runtestcaseforKatalon.clickTab is PASSED

2022-04-05 07:06:04 - [TEST_STEP][PASSED] - ctdc.utilities.runtestcaseforKatalon.multiFunction("ICDC", G_StatBar_Samples, "Object Repository/Canine/Canine_Samples_Table", "Object Repository/Canine/Canine_Samples_TableHdr", "Object Repository/Canine/Canine_SamplesTabNextBtn", G_WebTabnameSamples, G_CypherTabnameSamples, G_QuerySamplesTab): Statbar Study Files count matches

2022-04-05 07:07:03 - [MESSAGE][PASSED] - Statbar Programs count matches

2022-04-05 07:07:03 - [MESSAGE][PASSED] - Statbar Studies count matches

2022-04-05 07:07:03 - [MESSAGE][PASSED] - Statbar Cases count matches

2022-04-05 07:07:03 - [MESSAGE][PASSED] - Statbar Samples count matches

2022-04-05 07:07:03 - [MESSAGE][PASSED] - Statbar Case Files count matches

2022-04-05 07:07:03 - [MESSAGE][PASSED] - Statbar Study Files count matches

2022-04-05 07:07:03 - [TEST_STEP][PASSED] - closeBrowser(): Browser is closed

2022-04-05 07:07:04 - [MESSAGE][PASSED] - Browser is closed]]></system-out>
         <system-err><![CDATA[]]></system-err>
      </testcase>
      <testcase name="Test Cases/Canine_TestCases/StudyCombinations/Study-Combinations-OSA01/TC38_Canine_StudyOSA01-PrimaryDiseaseSite" time="438.369" classname="Test Cases/Canine_TestCases/StudyCombinations/Study-Combinations-OSA01/TC38_Canine_StudyOSA01-PrimaryDiseaseSite" status="PASSED">
         <system-out><![CDATA[2022-04-05 07:07:04 - [TEST_CASE][PASSED] - Test Cases/Canine_TestCases/StudyCombinations/Study-Combinations-OSA01/TC38_Canine_StudyOSA01-PrimaryDiseaseSite: Test Cases/Canine_TestCases/StudyCombinations/Study-Combinations-OSA01/TC38_Canine_StudyOSA01-PrimaryDiseaseSite

2022-04-05 07:07:04 - [TEST_STEP][PASSED] - Start listener action : getTestScriptName: null

2022-04-05 07:07:04 - [TEST_STEP][PASSED] - TestCaseId = testCaseContext.getTestCaseId(): null

2022-04-05 07:07:04 - [TEST_STEP][PASSED] - out.println("**********this is the value of test case id string******** " + testCaseContext.getTestCaseId()): null

2022-04-05 07:07:04 - [TEST_STEP][PASSED] - G_currentTCName = TestCaseId.substring(TestCaseId.lastIndexOf("TC")): null

2022-04-05 07:07:04 - [TEST_STEP][PASSED] - out.println("This is the test case name : " + G_currentTCName): null

2022-04-05 07:07:05 - [TEST_STEP][PASSED] - closeBrowser(): Browser is closed

2022-04-05 07:07:05 - [MESSAGE][PASSED] - Browser is closed

2022-04-05 07:07:05 - [TEST_STEP][PASSED] - "Driver opened by Katalon is used in Selenium from this step.": null

2022-04-05 07:07:05 - [TEST_STEP][PASSED] - ctdc.utilities.runtestcaseforKatalon.RunKatalon("TC38_Canine_StudyOSA01-PrimaryDiseaseSite.xlsx"): Data loaded from input file for the test case. 

2022-04-05 07:07:05 - [MESSAGE][PASSED] - Test case file loaded This is the full filepath after converting to string :C:\Users\sohilz2\Commons_Automation\InputFiles\TC38_Canine_StudyOSA01-PrimaryDiseaseSite.xlsx

2022-04-05 07:07:05 - [MESSAGE][INFO] - Global variable set for password file is :  C:\Users\sohilz2\Commons_Automation\InputFiles\TC38_Canine_StudyOSA01-PrimaryDiseaseSite.xlsx

2022-04-05 07:07:09 - [MESSAGE][PASSED] - Data loaded from input file for the test case. 

2022-04-05 07:07:39 - [TEST_STEP][PASSED] - waitForElementPresent(findTestObject("Canine/NavBar/Canine_Cases_Btn"), 20): Object 'Object Repository/Canine/NavBar/Canine_Cases_Btn' is present

2022-04-05 07:07:39 - [MESSAGE][PASSED] - Object 'Object Repository/Canine/NavBar/Canine_Cases_Btn' is present

2022-04-05 07:07:39 - [TEST_STEP][PASSED] - ctdc.utilities.runtestcaseforKatalon.clickTab("Object Repository/Canine/Canine_PopUp_Continue_Btn"): ctdc.utilities.runtestcaseforKatalon.clickTab is PASSED

2022-04-05 07:07:39 - [MESSAGE][PASSED] - ctdc.utilities.runtestcaseforKatalon.clickTab is PASSED

2022-04-05 07:07:39 - [TEST_STEP][PASSED] - out.println("Closed the popup window"): null

2022-04-05 07:07:39 - [TEST_STEP][PASSED] - waitForElementPresent(findTestObject("Canine/NavBar/Canine_Cases_Btn"), 20): Object 'Object Repository/Canine/NavBar/Canine_Cases_Btn' is present

2022-04-05 07:07:39 - [MESSAGE][PASSED] - Object 'Object Repository/Canine/NavBar/Canine_Cases_Btn' is present

2022-04-05 07:07:39 - [TEST_STEP][PASSED] - ctdc.utilities.runtestcaseforKatalon.clickTab("Canine/NavBar/Canine_Cases_Btn"): ctdc.utilities.runtestcaseforKatalon.clickTab is PASSED

2022-04-05 07:07:39 - [MESSAGE][PASSED] - ctdc.utilities.runtestcaseforKatalon.clickTab is PASSED

2022-04-05 07:07:39 - [TEST_STEP][PASSED] - waitForElementPresent(findTestObject("Object Repository/Canine/Filter/Study/Canine_Filter_Study"), 30): Object 'Object Repository/Canine/Filter/Study/Canine_Filter_Study' is present

2022-04-05 07:07:41 - [MESSAGE][PASSED] - Object 'Object Repository/Canine/Filter/Study/Canine_Filter_Study' is present

2022-04-05 07:07:41 - [TEST_STEP][PASSED] - verifyElementPresent(findTestObject("Object Repository/Canine/Filter/Study/Canine_Filter_Study"), 5): Object 'Object Repository/Canine/Filter/Study/Canine_Filter_Study' is present

2022-04-05 07:07:41 - [MESSAGE][PASSED] - Object 'Object Repository/Canine/Filter/Study/Canine_Filter_Study' is present

2022-04-05 07:07:41 - [TEST_STEP][PASSED] - ctdc.utilities.runtestcaseforKatalon.clickTab("Object Repository/Canine/Filter/Study/Canine_Filter_Study"): ctdc.utilities.runtestcaseforKatalon.clickTab is PASSED

2022-04-05 07:07:42 - [MESSAGE][PASSED] - ctdc.utilities.runtestcaseforKatalon.clickTab is PASSED

2022-04-05 07:07:42 - [TEST_STEP][PASSED] - waitForElementPresent(findTestObject("Object Repository/Canine/Filter/Study/Canine_Filter_Study-OSA01_Chkbx"), 30): Object 'Object Repository/Canine/Filter/Study/Canine_Filter_Study-OSA01_Chkbx' is present

2022-04-05 07:07:42 - [MESSAGE][PASSED] - Object 'Object Repository/Canine/Filter/Study/Canine_Filter_Study-OSA01_Chkbx' is present

2022-04-05 07:07:42 - [TEST_STEP][PASSED] - verifyElementPresent(findTestObject("Object Repository/Canine/Filter/Study/Canine_Filter_Study-OSA01_Chkbx"), 5): Object 'Object Repository/Canine/Filter/Study/Canine_Filter_Study-OSA01_Chkbx' is present

2022-04-05 07:07:43 - [MESSAGE][PASSED] - Object 'Object Repository/Canine/Filter/Study/Canine_Filter_Study-OSA01_Chkbx' is present

2022-04-05 07:07:43 - [TEST_STEP][PASSED] - ctdc.utilities.runtestcaseforKatalon.clickTab("Object Repository/Canine/Filter/Study/Canine_Filter_Study-OSA01_Chkbx"): ctdc.utilities.runtestcaseforKatalon.clickTab is PASSED

2022-04-05 07:07:43 - [MESSAGE][PASSED] - ctdc.utilities.runtestcaseforKatalon.clickTab is PASSED

2022-04-05 07:07:43 - [TEST_STEP][PASSED] - waitForElementPresent(findTestObject("Object Repository/Canine/Filter/PrimDiseaseSite/PRIMARYDISEASESITE_Ddn"), 30): Object 'Object Repository/Canine/Filter/PrimDiseaseSite/PRIMARYDISEASESITE_Ddn' is present

2022-04-05 07:07:43 - [MESSAGE][PASSED] - Object 'Object Repository/Canine/Filter/PrimDiseaseSite/PRIMARYDISEASESITE_Ddn' is present

2022-04-05 07:07:43 - [TEST_STEP][PASSED] - verifyElementPresent(findTestObject("Object Repository/Canine/Filter/PrimDiseaseSite/PRIMARYDISEASESITE_Ddn"), 5): Object 'Object Repository/Canine/Filter/PrimDiseaseSite/PRIMARYDISEASESITE_Ddn' is present

2022-04-05 07:07:43 - [MESSAGE][PASSED] - Object 'Object Repository/Canine/Filter/PrimDiseaseSite/PRIMARYDISEASESITE_Ddn' is present

2022-04-05 07:07:43 - [TEST_STEP][PASSED] - ctdc.utilities.runtestcaseforKatalon.clickTab("Object Repository/Canine/Filter/PrimDiseaseSite/PRIMARYDISEASESITE_Ddn"): ctdc.utilities.runtestcaseforKatalon.clickTab is PASSED

2022-04-05 07:07:44 - [MESSAGE][PASSED] - ctdc.utilities.runtestcaseforKatalon.clickTab is PASSED

2022-04-05 07:07:44 - [TEST_STEP][PASSED] - waitForElementPresent(findTestObject("Object Repository/Canine/Filter/PrimDiseaseSite/BoneApendicular_Chkbx"), 30): Object 'Object Repository/Canine/Filter/PrimDiseaseSite/BoneApendicular_Chkbx' is present

2022-04-05 07:07:45 - [MESSAGE][PASSED] - Object 'Object Repository/Canine/Filter/PrimDiseaseSite/BoneApendicular_Chkbx' is present

2022-04-05 07:07:45 - [TEST_STEP][PASSED] - verifyElementPresent(findTestObject("Object Repository/Canine/Filter/PrimDiseaseSite/BoneApendicular_Chkbx"), 5): Object 'Object Repository/Canine/Filter/PrimDiseaseSite/BoneApendicular_Chkbx' is present

2022-04-05 07:07:45 - [MESSAGE][PASSED] - Object 'Object Repository/Canine/Filter/PrimDiseaseSite/BoneApendicular_Chkbx' is present

2022-04-05 07:07:45 - [TEST_STEP][PASSED] - ctdc.utilities.runtestcaseforKatalon.clickTabCanineStat("Object Repository/Canine/Filter/PrimDiseaseSite/BoneApendicular_Chkbx"): ctdc.utilities.runtestcaseforKatalon.clickTabCanineStat is PASSED

2022-04-05 07:07:47 - [MESSAGE][PASSED] - ctdc.utilities.runtestcaseforKatalon.clickTabCanineStat is PASSED

2022-04-05 07:07:47 - [TEST_STEP][PASSED] - ctdc.utilities.runtestcaseforKatalon.readStatBarCanine("Object Repository/Canine/StatBar/Canine_StatBar-Programs", "Object Repository/Canine/StatBar/Canine_StatBar-Studies", "Object Repository/Canine/StatBar/Canine_StatBar-Cases", "Object Repository/Canine/StatBar/Canine_StatBar-Samples", "Object Repository/Canine/StatBar/Canine_StatBar-CaseFiles", "Object Repository/Canine/StatBar/Canine_StatBar-StudyFiles"): ctdc.utilities.runtestcaseforKatalon.readStatBarCanine is PASSED

2022-04-05 07:08:04 - [MESSAGE][PASSED] - ctdc.utilities.runtestcaseforKatalon.readStatBarCanine is PASSED

2022-04-05 07:08:04 - [TEST_STEP][PASSED] - waitForElementPresent(findTestObject("Object Repository/Canine/CanineResults_Cases_Tab"), 5): Object 'Object Repository/Canine/CanineResults_Cases_Tab' is present

2022-04-05 07:08:04 - [MESSAGE][PASSED] - Object 'Object Repository/Canine/CanineResults_Cases_Tab' is present

2022-04-05 07:08:04 - [TEST_STEP][PASSED] - ctdc.utilities.runtestcaseforKatalon.clickTab("Object Repository/Canine/CanineResults_Cases_Tab"): ctdc.utilities.runtestcaseforKatalon.clickTab is PASSED

2022-04-05 07:08:05 - [MESSAGE][PASSED] - ctdc.utilities.runtestcaseforKatalon.clickTab is PASSED

2022-04-05 07:08:05 - [TEST_STEP][PASSED] - ctdc.utilities.runtestcaseforKatalon.multiFunction("ICDC", G_StatBar_Cases, "Object Repository/Canine/Canine_CasesTable", "Object Repository/Canine/Canine_TableHeader", "Object Repository/Canine/Canine_CasesTabNextBtn", G_WebTabnameCases, G_CypherTabnameCases, G_QueryCasesTab): Statbar Study Files count matches

2022-04-05 07:09:55 - [MESSAGE][PASSED] - Statbar Programs count matches

2022-04-05 07:09:55 - [MESSAGE][PASSED] - Statbar Studies count matches

2022-04-05 07:09:55 - [MESSAGE][PASSED] - Statbar Cases count matches

2022-04-05 07:09:55 - [MESSAGE][PASSED] - Statbar Samples count matches

2022-04-05 07:09:55 - [MESSAGE][PASSED] - Statbar Case Files count matches

2022-04-05 07:09:55 - [MESSAGE][PASSED] - Statbar Study Files count matches

2022-04-05 07:09:55 - [TEST_STEP][PASSED] - waitForElementPresent(findTestObject("Object Repository/Canine/CanineResults_Samples_Tab"), 5): Object 'Object Repository/Canine/CanineResults_Samples_Tab' is present

2022-04-05 07:09:55 - [MESSAGE][PASSED] - Object 'Object Repository/Canine/CanineResults_Samples_Tab' is present

2022-04-05 07:09:55 - [TEST_STEP][PASSED] - ctdc.utilities.runtestcaseforKatalon.clickTab("Object Repository/Canine/CanineResults_Samples_Tab"): ctdc.utilities.runtestcaseforKatalon.clickTab is PASSED

2022-04-05 07:09:55 - [MESSAGE][PASSED] - ctdc.utilities.runtestcaseforKatalon.clickTab is PASSED

2022-04-05 07:09:55 - [TEST_STEP][PASSED] - ctdc.utilities.runtestcaseforKatalon.multiFunction("ICDC", G_StatBar_Samples, "Object Repository/Canine/Canine_Samples_Table", "Object Repository/Canine/Canine_Samples_TableHdr", "Object Repository/Canine/Canine_SamplesTabNextBtn", G_WebTabnameSamples, G_CypherTabnameSamples, G_QuerySamplesTab): Statbar Study Files count matches

2022-04-05 07:14:22 - [MESSAGE][PASSED] - Statbar Programs count matches

2022-04-05 07:14:22 - [MESSAGE][PASSED] - Statbar Studies count matches

2022-04-05 07:14:22 - [MESSAGE][PASSED] - Statbar Cases count matches

2022-04-05 07:14:22 - [MESSAGE][PASSED] - Statbar Samples count matches

2022-04-05 07:14:22 - [MESSAGE][PASSED] - Statbar Case Files count matches

2022-04-05 07:14:22 - [MESSAGE][PASSED] - Statbar Study Files count matches

2022-04-05 07:14:22 - [TEST_STEP][PASSED] - closeBrowser(): Browser is closed

2022-04-05 07:14:22 - [MESSAGE][PASSED] - Browser is closed]]></system-out>
         <system-err><![CDATA[]]></system-err>
      </testcase>
      <testcase name="Test Cases/Canine_TestCases/StudyCombinations/Study-Combinations-OSA01/TC39_Canine_StudyOSA01-PrimaryDiseaseSite-StageOfDisease" time="406.753" classname="Test Cases/Canine_TestCases/StudyCombinations/Study-Combinations-OSA01/TC39_Canine_StudyOSA01-PrimaryDiseaseSite-StageOfDisease" status="PASSED">
         <system-out><![CDATA[2022-04-05 07:14:22 - [TEST_CASE][PASSED] - Test Cases/Canine_TestCases/StudyCombinations/Study-Combinations-OSA01/TC39_Canine_StudyOSA01-PrimaryDiseaseSite-StageOfDisease: Test Cases/Canine_TestCases/StudyCombinations/Study-Combinations-OSA01/TC39_Canine_StudyOSA01-PrimaryDiseaseSite-StageOfDisease

2022-04-05 07:14:22 - [TEST_STEP][PASSED] - Start listener action : getTestScriptName: null

2022-04-05 07:14:22 - [TEST_STEP][PASSED] - TestCaseId = testCaseContext.getTestCaseId(): null

2022-04-05 07:14:22 - [TEST_STEP][PASSED] - out.println("**********this is the value of test case id string******** " + testCaseContext.getTestCaseId()): null

2022-04-05 07:14:22 - [TEST_STEP][PASSED] - G_currentTCName = TestCaseId.substring(TestCaseId.lastIndexOf("TC")): null

2022-04-05 07:14:22 - [TEST_STEP][PASSED] - out.println("This is the test case name : " + G_currentTCName): null

2022-04-05 07:14:23 - [TEST_STEP][PASSED] - closeBrowser(): Browser is closed

2022-04-05 07:14:23 - [MESSAGE][PASSED] - Browser is closed

2022-04-05 07:14:23 - [TEST_STEP][PASSED] - "Driver opened by Katalon is used in Selenium from this step.": null

2022-04-05 07:14:23 - [TEST_STEP][PASSED] - ctdc.utilities.runtestcaseforKatalon.RunKatalon("TC39_Canine_StudyOSA01-PrimaryDiseaseSite-StageOfDisease.xlsx"): Data loaded from input file for the test case. 

2022-04-05 07:14:23 - [MESSAGE][PASSED] - Test case file loaded This is the full filepath after converting to string :C:\Users\sohilz2\Commons_Automation\InputFiles\TC39_Canine_StudyOSA01-PrimaryDiseaseSite-StageOfDisease.xlsx

2022-04-05 07:14:23 - [MESSAGE][INFO] - Global variable set for password file is :  C:\Users\sohilz2\Commons_Automation\InputFiles\TC39_Canine_StudyOSA01-PrimaryDiseaseSite-StageOfDisease.xlsx

2022-04-05 07:14:27 - [MESSAGE][PASSED] - Data loaded from input file for the test case. 

2022-04-05 07:14:56 - [TEST_STEP][PASSED] - waitForElementPresent(findTestObject("Canine/NavBar/Canine_Cases_Btn"), 20): Object 'Object Repository/Canine/NavBar/Canine_Cases_Btn' is present

2022-04-05 07:14:56 - [MESSAGE][PASSED] - Object 'Object Repository/Canine/NavBar/Canine_Cases_Btn' is present

2022-04-05 07:14:56 - [TEST_STEP][PASSED] - ctdc.utilities.runtestcaseforKatalon.clickTab("Object Repository/Canine/Canine_PopUp_Continue_Btn"): ctdc.utilities.runtestcaseforKatalon.clickTab is PASSED

2022-04-05 07:14:56 - [MESSAGE][PASSED] - ctdc.utilities.runtestcaseforKatalon.clickTab is PASSED

2022-04-05 07:14:56 - [TEST_STEP][PASSED] - out.println("Closed the popup window"): null

2022-04-05 07:14:56 - [TEST_STEP][PASSED] - waitForElementPresent(findTestObject("Canine/NavBar/Canine_Cases_Btn"), 20): Object 'Object Repository/Canine/NavBar/Canine_Cases_Btn' is present

2022-04-05 07:14:56 - [MESSAGE][PASSED] - Object 'Object Repository/Canine/NavBar/Canine_Cases_Btn' is present

2022-04-05 07:14:56 - [TEST_STEP][PASSED] - ctdc.utilities.runtestcaseforKatalon.clickTab("Canine/NavBar/Canine_Cases_Btn"): ctdc.utilities.runtestcaseforKatalon.clickTab is PASSED

2022-04-05 07:14:56 - [MESSAGE][PASSED] - ctdc.utilities.runtestcaseforKatalon.clickTab is PASSED

2022-04-05 07:14:56 - [TEST_STEP][PASSED] - waitForElementPresent(findTestObject("Object Repository/Canine/Filter/Study/Canine_Filter_Study"), 30): Object 'Object Repository/Canine/Filter/Study/Canine_Filter_Study' is present

2022-04-05 07:14:57 - [MESSAGE][PASSED] - Object 'Object Repository/Canine/Filter/Study/Canine_Filter_Study' is present

2022-04-05 07:14:57 - [TEST_STEP][PASSED] - verifyElementPresent(findTestObject("Object Repository/Canine/Filter/Study/Canine_Filter_Study"), 5): Object 'Object Repository/Canine/Filter/Study/Canine_Filter_Study' is present

2022-04-05 07:14:58 - [MESSAGE][PASSED] - Object 'Object Repository/Canine/Filter/Study/Canine_Filter_Study' is present

2022-04-05 07:14:58 - [TEST_STEP][PASSED] - ctdc.utilities.runtestcaseforKatalon.clickTab("Object Repository/Canine/Filter/Study/Canine_Filter_Study"): ctdc.utilities.runtestcaseforKatalon.clickTab is PASSED

2022-04-05 07:14:59 - [MESSAGE][PASSED] - ctdc.utilities.runtestcaseforKatalon.clickTab is PASSED

2022-04-05 07:14:59 - [TEST_STEP][PASSED] - waitForElementPresent(findTestObject("Object Repository/Canine/Filter/Study/Canine_Filter_Study-OSA01_Chkbx"), 30): Object 'Object Repository/Canine/Filter/Study/Canine_Filter_Study-OSA01_Chkbx' is present

2022-04-05 07:14:59 - [MESSAGE][PASSED] - Object 'Object Repository/Canine/Filter/Study/Canine_Filter_Study-OSA01_Chkbx' is present

2022-04-05 07:14:59 - [TEST_STEP][PASSED] - verifyElementPresent(findTestObject("Object Repository/Canine/Filter/Study/Canine_Filter_Study-OSA01_Chkbx"), 5): Object 'Object Repository/Canine/Filter/Study/Canine_Filter_Study-OSA01_Chkbx' is present

2022-04-05 07:14:59 - [MESSAGE][PASSED] - Object 'Object Repository/Canine/Filter/Study/Canine_Filter_Study-OSA01_Chkbx' is present

2022-04-05 07:14:59 - [TEST_STEP][PASSED] - ctdc.utilities.runtestcaseforKatalon.clickTab("Object Repository/Canine/Filter/Study/Canine_Filter_Study-OSA01_Chkbx"): ctdc.utilities.runtestcaseforKatalon.clickTab is PASSED

2022-04-05 07:15:00 - [MESSAGE][PASSED] - ctdc.utilities.runtestcaseforKatalon.clickTab is PASSED

2022-04-05 07:15:00 - [TEST_STEP][PASSED] - waitForElementPresent(findTestObject("Object Repository/Canine/Filter/PrimDiseaseSite/PRIMARYDISEASESITE_Ddn"), 30): Object 'Object Repository/Canine/Filter/PrimDiseaseSite/PRIMARYDISEASESITE_Ddn' is present

2022-04-05 07:15:00 - [MESSAGE][PASSED] - Object 'Object Repository/Canine/Filter/PrimDiseaseSite/PRIMARYDISEASESITE_Ddn' is present

2022-04-05 07:15:00 - [TEST_STEP][PASSED] - verifyElementPresent(findTestObject("Object Repository/Canine/Filter/PrimDiseaseSite/PRIMARYDISEASESITE_Ddn"), 5): Object 'Object Repository/Canine/Filter/PrimDiseaseSite/PRIMARYDISEASESITE_Ddn' is present

2022-04-05 07:15:00 - [MESSAGE][PASSED] - Object 'Object Repository/Canine/Filter/PrimDiseaseSite/PRIMARYDISEASESITE_Ddn' is present

2022-04-05 07:15:00 - [TEST_STEP][PASSED] - ctdc.utilities.runtestcaseforKatalon.clickTab("Object Repository/Canine/Filter/PrimDiseaseSite/PRIMARYDISEASESITE_Ddn"): ctdc.utilities.runtestcaseforKatalon.clickTab is PASSED

2022-04-05 07:15:01 - [MESSAGE][PASSED] - ctdc.utilities.runtestcaseforKatalon.clickTab is PASSED

2022-04-05 07:15:01 - [TEST_STEP][PASSED] - waitForElementPresent(findTestObject("Object Repository/Canine/Filter/PrimDiseaseSite/BoneApendicular_Chkbx"), 30): Object 'Object Repository/Canine/Filter/PrimDiseaseSite/BoneApendicular_Chkbx' is present

2022-04-05 07:15:01 - [MESSAGE][PASSED] - Object 'Object Repository/Canine/Filter/PrimDiseaseSite/BoneApendicular_Chkbx' is present

2022-04-05 07:15:01 - [TEST_STEP][PASSED] - verifyElementPresent(findTestObject("Object Repository/Canine/Filter/PrimDiseaseSite/BoneApendicular_Chkbx"), 5): Object 'Object Repository/Canine/Filter/PrimDiseaseSite/BoneApendicular_Chkbx' is present

2022-04-05 07:15:01 - [MESSAGE][PASSED] - Object 'Object Repository/Canine/Filter/PrimDiseaseSite/BoneApendicular_Chkbx' is present

2022-04-05 07:15:01 - [TEST_STEP][PASSED] - ctdc.utilities.runtestcaseforKatalon.clickTabCanineStat("Object Repository/Canine/Filter/PrimDiseaseSite/BoneApendicular_Chkbx"): ctdc.utilities.runtestcaseforKatalon.clickTabCanineStat is PASSED

2022-04-05 07:15:03 - [MESSAGE][PASSED] - ctdc.utilities.runtestcaseforKatalon.clickTabCanineStat is PASSED

2022-04-05 07:15:03 - [TEST_STEP][PASSED] - waitForElementPresent(findTestObject("Object Repository/Canine/Filter/StageOfDisease/STAGEOFDISEASE_Ddn"), 30): Object 'Object Repository/Canine/Filter/StageOfDisease/STAGEOFDISEASE_Ddn' is present

2022-04-05 07:15:03 - [MESSAGE][PASSED] - Object 'Object Repository/Canine/Filter/StageOfDisease/STAGEOFDISEASE_Ddn' is present

2022-04-05 07:15:03 - [TEST_STEP][PASSED] - verifyElementPresent(findTestObject("Object Repository/Canine/Filter/StageOfDisease/STAGEOFDISEASE_Ddn"), 5): Object 'Object Repository/Canine/Filter/StageOfDisease/STAGEOFDISEASE_Ddn' is present

2022-04-05 07:15:03 - [MESSAGE][PASSED] - Object 'Object Repository/Canine/Filter/StageOfDisease/STAGEOFDISEASE_Ddn' is present

2022-04-05 07:15:03 - [TEST_STEP][PASSED] - ctdc.utilities.runtestcaseforKatalon.clickTabCanineStat("Object Repository/Canine/Filter/StageOfDisease/STAGEOFDISEASE_Ddn"): ctdc.utilities.runtestcaseforKatalon.clickTabCanineStat is PASSED

2022-04-05 07:15:04 - [MESSAGE][PASSED] - ctdc.utilities.runtestcaseforKatalon.clickTabCanineStat is PASSED

2022-04-05 07:15:04 - [TEST_STEP][PASSED] - waitForElementPresent(findTestObject("Object Repository/Canine/Filter/StageOfDisease/2_Chkbx"), 30): Object 'Object Repository/Canine/Filter/StageOfDisease/2_Chkbx' is present

2022-04-05 07:15:04 - [MESSAGE][PASSED] - Object 'Object Repository/Canine/Filter/StageOfDisease/2_Chkbx' is present

2022-04-05 07:15:04 - [TEST_STEP][PASSED] - verifyElementPresent(findTestObject("Object Repository/Canine/Filter/StageOfDisease/2_Chkbx"), 5): Object 'Object Repository/Canine/Filter/StageOfDisease/2_Chkbx' is present

2022-04-05 07:15:05 - [MESSAGE][PASSED] - Object 'Object Repository/Canine/Filter/StageOfDisease/2_Chkbx' is present

2022-04-05 07:15:05 - [TEST_STEP][PASSED] - ctdc.utilities.runtestcaseforKatalon.clickTabCanineStat("Object Repository/Canine/Filter/StageOfDisease/2_Chkbx"): ctdc.utilities.runtestcaseforKatalon.clickTabCanineStat is PASSED

2022-04-05 07:15:06 - [MESSAGE][PASSED] - ctdc.utilities.runtestcaseforKatalon.clickTabCanineStat is PASSED

2022-04-05 07:15:06 - [TEST_STEP][PASSED] - ctdc.utilities.runtestcaseforKatalon.readStatBarCanine("Object Repository/Canine/StatBar/Canine_StatBar-Programs", "Object Repository/Canine/StatBar/Canine_StatBar-Studies", "Object Repository/Canine/StatBar/Canine_StatBar-Cases", "Object Repository/Canine/StatBar/Canine_StatBar-Samples", "Object Repository/Canine/StatBar/Canine_StatBar-CaseFiles", "Object Repository/Canine/StatBar/Canine_StatBar-StudyFiles"): ctdc.utilities.runtestcaseforKatalon.readStatBarCanine is PASSED

2022-04-05 07:15:24 - [MESSAGE][PASSED] - ctdc.utilities.runtestcaseforKatalon.readStatBarCanine is PASSED

2022-04-05 07:15:24 - [TEST_STEP][PASSED] - waitForElementPresent(findTestObject("Object Repository/Canine/CanineResults_Cases_Tab"), 5): Object 'Object Repository/Canine/CanineResults_Cases_Tab' is present

2022-04-05 07:15:24 - [MESSAGE][PASSED] - Object 'Object Repository/Canine/CanineResults_Cases_Tab' is present

2022-04-05 07:15:24 - [TEST_STEP][PASSED] - ctdc.utilities.runtestcaseforKatalon.clickTab("Object Repository/Canine/CanineResults_Cases_Tab"): ctdc.utilities.runtestcaseforKatalon.clickTab is PASSED

2022-04-05 07:15:24 - [MESSAGE][PASSED] - ctdc.utilities.runtestcaseforKatalon.clickTab is PASSED

2022-04-05 07:15:24 - [TEST_STEP][PASSED] - ctdc.utilities.runtestcaseforKatalon.multiFunction("ICDC", G_StatBar_Cases, "Object Repository/Canine/Canine_CasesTable", "Object Repository/Canine/Canine_TableHeader", "Object Repository/Canine/Canine_CasesTabNextBtn", G_WebTabnameCases, G_CypherTabnameCases, G_QueryCasesTab): Statbar Study Files count matches

2022-04-05 07:17:10 - [MESSAGE][PASSED] - Statbar Programs count matches

2022-04-05 07:17:10 - [MESSAGE][PASSED] - Statbar Studies count matches

2022-04-05 07:17:10 - [MESSAGE][PASSED] - Statbar Cases count matches

2022-04-05 07:17:10 - [MESSAGE][PASSED] - Statbar Samples count matches

2022-04-05 07:17:10 - [MESSAGE][PASSED] - Statbar Case Files count matches

2022-04-05 07:17:10 - [MESSAGE][PASSED] - Statbar Study Files count matches

2022-04-05 07:17:10 - [TEST_STEP][PASSED] - waitForElementPresent(findTestObject("Object Repository/Canine/CanineResults_Samples_Tab"), 5): Object 'Object Repository/Canine/CanineResults_Samples_Tab' is present

2022-04-05 07:17:10 - [MESSAGE][PASSED] - Object 'Object Repository/Canine/CanineResults_Samples_Tab' is present

2022-04-05 07:17:10 - [TEST_STEP][PASSED] - ctdc.utilities.runtestcaseforKatalon.clickTab("Object Repository/Canine/CanineResults_Samples_Tab"): ctdc.utilities.runtestcaseforKatalon.clickTab is PASSED

2022-04-05 07:17:11 - [MESSAGE][PASSED] - ctdc.utilities.runtestcaseforKatalon.clickTab is PASSED

2022-04-05 07:17:11 - [TEST_STEP][PASSED] - ctdc.utilities.runtestcaseforKatalon.multiFunction("ICDC", G_StatBar_Samples, "Object Repository/Canine/Canine_Samples_Table", "Object Repository/Canine/Canine_Samples_TableHdr", "Object Repository/Canine/Canine_SamplesTabNextBtn", G_WebTabnameSamples, G_CypherTabnameSamples, G_QuerySamplesTab): Statbar Study Files count matches

2022-04-05 07:21:08 - [MESSAGE][PASSED] - Statbar Programs count matches

2022-04-05 07:21:08 - [MESSAGE][PASSED] - Statbar Studies count matches

2022-04-05 07:21:08 - [MESSAGE][PASSED] - Statbar Cases count matches

2022-04-05 07:21:08 - [MESSAGE][PASSED] - Statbar Samples count matches

2022-04-05 07:21:08 - [MESSAGE][PASSED] - Statbar Case Files count matches

2022-04-05 07:21:08 - [MESSAGE][PASSED] - Statbar Study Files count matches

2022-04-05 07:21:08 - [TEST_STEP][PASSED] - closeBrowser(): Browser is closed

2022-04-05 07:21:09 - [MESSAGE][PASSED] - Browser is closed]]></system-out>
         <system-err><![CDATA[]]></system-err>
      </testcase>
      <testcase name="Test Cases/Canine_TestCases/StudyCombinations/Study-Combinations-OSA01/TC40_Canine_StudyOSA01-PrimaryDiseaseSite-NeutStatus" time="115.409" classname="Test Cases/Canine_TestCases/StudyCombinations/Study-Combinations-OSA01/TC40_Canine_StudyOSA01-PrimaryDiseaseSite-NeutStatus" status="PASSED">
         <system-out><![CDATA[2022-04-05 07:21:09 - [TEST_CASE][PASSED] - Test Cases/Canine_TestCases/StudyCombinations/Study-Combinations-OSA01/TC40_Canine_StudyOSA01-PrimaryDiseaseSite-NeutStatus: Test Cases/Canine_TestCases/StudyCombinations/Study-Combinations-OSA01/TC40_Canine_StudyOSA01-PrimaryDiseaseSite-NeutStatus

2022-04-05 07:21:09 - [TEST_STEP][PASSED] - Start listener action : getTestScriptName: null

2022-04-05 07:21:09 - [TEST_STEP][PASSED] - TestCaseId = testCaseContext.getTestCaseId(): null

2022-04-05 07:21:09 - [TEST_STEP][PASSED] - out.println("**********this is the value of test case id string******** " + testCaseContext.getTestCaseId()): null

2022-04-05 07:21:09 - [TEST_STEP][PASSED] - G_currentTCName = TestCaseId.substring(TestCaseId.lastIndexOf("TC")): null

2022-04-05 07:21:09 - [TEST_STEP][PASSED] - out.println("This is the test case name : " + G_currentTCName): null

2022-04-05 07:21:10 - [TEST_STEP][PASSED] - closeBrowser(): Browser is closed

2022-04-05 07:21:10 - [MESSAGE][PASSED] - Browser is closed

2022-04-05 07:21:10 - [TEST_STEP][PASSED] - "Driver opened by Katalon is used in Selenium from this step.": null

2022-04-05 07:21:10 - [TEST_STEP][PASSED] - ctdc.utilities.runtestcaseforKatalon.RunKatalon("TC40_Canine_StudyOSA01-PrimaryDiseaseSite-NeutStatus.xlsx"): Data loaded from input file for the test case. 

2022-04-05 07:21:10 - [MESSAGE][PASSED] - Test case file loaded This is the full filepath after converting to string :C:\Users\sohilz2\Commons_Automation\InputFiles\TC40_Canine_StudyOSA01-PrimaryDiseaseSite-NeutStatus.xlsx

2022-04-05 07:21:10 - [MESSAGE][INFO] - Global variable set for password file is :  C:\Users\sohilz2\Commons_Automation\InputFiles\TC40_Canine_StudyOSA01-PrimaryDiseaseSite-NeutStatus.xlsx

2022-04-05 07:21:14 - [MESSAGE][PASSED] - Data loaded from input file for the test case. 

2022-04-05 07:21:47 - [TEST_STEP][PASSED] - waitForElementPresent(findTestObject("Canine/NavBar/Canine_Cases_Btn"), 20): Object 'Object Repository/Canine/NavBar/Canine_Cases_Btn' is present

2022-04-05 07:21:47 - [MESSAGE][PASSED] - Object 'Object Repository/Canine/NavBar/Canine_Cases_Btn' is present

2022-04-05 07:21:47 - [TEST_STEP][PASSED] - ctdc.utilities.runtestcaseforKatalon.clickTab("Object Repository/Canine/Canine_PopUp_Continue_Btn"): ctdc.utilities.runtestcaseforKatalon.clickTab is PASSED

2022-04-05 07:21:47 - [MESSAGE][PASSED] - ctdc.utilities.runtestcaseforKatalon.clickTab is PASSED

2022-04-05 07:21:47 - [TEST_STEP][PASSED] - out.println("Closed the popup window"): null

2022-04-05 07:21:47 - [TEST_STEP][PASSED] - waitForElementPresent(findTestObject("Canine/NavBar/Canine_Cases_Btn"), 20): Object 'Object Repository/Canine/NavBar/Canine_Cases_Btn' is present

2022-04-05 07:21:47 - [MESSAGE][PASSED] - Object 'Object Repository/Canine/NavBar/Canine_Cases_Btn' is present

2022-04-05 07:21:47 - [TEST_STEP][PASSED] - ctdc.utilities.runtestcaseforKatalon.clickTab("Canine/NavBar/Canine_Cases_Btn"): ctdc.utilities.runtestcaseforKatalon.clickTab is PASSED

2022-04-05 07:21:47 - [MESSAGE][PASSED] - ctdc.utilities.runtestcaseforKatalon.clickTab is PASSED

2022-04-05 07:21:47 - [TEST_STEP][PASSED] - waitForElementPresent(findTestObject("Object Repository/Canine/Filter/Study/Canine_Filter_Study"), 30): Object 'Object Repository/Canine/Filter/Study/Canine_Filter_Study' is present

2022-04-05 07:21:50 - [MESSAGE][PASSED] - Object 'Object Repository/Canine/Filter/Study/Canine_Filter_Study' is present

2022-04-05 07:21:50 - [TEST_STEP][PASSED] - verifyElementPresent(findTestObject("Object Repository/Canine/Filter/Study/Canine_Filter_Study"), 5): Object 'Object Repository/Canine/Filter/Study/Canine_Filter_Study' is present

2022-04-05 07:21:50 - [MESSAGE][PASSED] - Object 'Object Repository/Canine/Filter/Study/Canine_Filter_Study' is present

2022-04-05 07:21:51 - [TEST_STEP][PASSED] - ctdc.utilities.runtestcaseforKatalon.clickTab("Object Repository/Canine/Filter/Study/Canine_Filter_Study"): ctdc.utilities.runtestcaseforKatalon.clickTab is PASSED

2022-04-05 07:21:51 - [MESSAGE][PASSED] - ctdc.utilities.runtestcaseforKatalon.clickTab is PASSED

2022-04-05 07:21:51 - [TEST_STEP][PASSED] - waitForElementPresent(findTestObject("Object Repository/Canine/Filter/Study/Canine_Filter_Study-OSA01_Chkbx"), 30): Object 'Object Repository/Canine/Filter/Study/Canine_Filter_Study-OSA01_Chkbx' is present

2022-04-05 07:21:52 - [MESSAGE][PASSED] - Object 'Object Repository/Canine/Filter/Study/Canine_Filter_Study-OSA01_Chkbx' is present

2022-04-05 07:21:52 - [TEST_STEP][PASSED] - verifyElementPresent(findTestObject("Object Repository/Canine/Filter/Study/Canine_Filter_Study-OSA01_Chkbx"), 5): Object 'Object Repository/Canine/Filter/Study/Canine_Filter_Study-OSA01_Chkbx' is present

2022-04-05 07:21:52 - [MESSAGE][PASSED] - Object 'Object Repository/Canine/Filter/Study/Canine_Filter_Study-OSA01_Chkbx' is present

2022-04-05 07:21:52 - [TEST_STEP][PASSED] - ctdc.utilities.runtestcaseforKatalon.clickTab("Object Repository/Canine/Filter/Study/Canine_Filter_Study-OSA01_Chkbx"): ctdc.utilities.runtestcaseforKatalon.clickTab is PASSED

2022-04-05 07:21:52 - [MESSAGE][PASSED] - ctdc.utilities.runtestcaseforKatalon.clickTab is PASSED

2022-04-05 07:21:52 - [TEST_STEP][PASSED] - waitForElementPresent(findTestObject("Object Repository/Canine/Filter/PrimDiseaseSite/PRIMARYDISEASESITE_Ddn"), 30): Object 'Object Repository/Canine/Filter/PrimDiseaseSite/PRIMARYDISEASESITE_Ddn' is present

2022-04-05 07:21:53 - [MESSAGE][PASSED] - Object 'Object Repository/Canine/Filter/PrimDiseaseSite/PRIMARYDISEASESITE_Ddn' is present

2022-04-05 07:21:53 - [TEST_STEP][PASSED] - verifyElementPresent(findTestObject("Object Repository/Canine/Filter/PrimDiseaseSite/PRIMARYDISEASESITE_Ddn"), 5): Object 'Object Repository/Canine/Filter/PrimDiseaseSite/PRIMARYDISEASESITE_Ddn' is present

2022-04-05 07:21:53 - [MESSAGE][PASSED] - Object 'Object Repository/Canine/Filter/PrimDiseaseSite/PRIMARYDISEASESITE_Ddn' is present

2022-04-05 07:21:53 - [TEST_STEP][PASSED] - ctdc.utilities.runtestcaseforKatalon.clickTab("Object Repository/Canine/Filter/PrimDiseaseSite/PRIMARYDISEASESITE_Ddn"): ctdc.utilities.runtestcaseforKatalon.clickTab is PASSED

2022-04-05 07:21:53 - [MESSAGE][PASSED] - ctdc.utilities.runtestcaseforKatalon.clickTab is PASSED

2022-04-05 07:21:53 - [TEST_STEP][PASSED] - waitForElementPresent(findTestObject("Object Repository/Canine/Filter/PrimDiseaseSite/BoneApendicular_Chkbx"), 30): Object 'Object Repository/Canine/Filter/PrimDiseaseSite/BoneApendicular_Chkbx' is present

2022-04-05 07:21:53 - [MESSAGE][PASSED] - Object 'Object Repository/Canine/Filter/PrimDiseaseSite/BoneApendicular_Chkbx' is present

2022-04-05 07:21:53 - [TEST_STEP][PASSED] - verifyElementPresent(findTestObject("Object Repository/Canine/Filter/PrimDiseaseSite/BoneApendicular_Chkbx"), 5): Object 'Object Repository/Canine/Filter/PrimDiseaseSite/BoneApendicular_Chkbx' is present

2022-04-05 07:21:54 - [MESSAGE][PASSED] - Object 'Object Repository/Canine/Filter/PrimDiseaseSite/BoneApendicular_Chkbx' is present

2022-04-05 07:21:54 - [TEST_STEP][PASSED] - ctdc.utilities.runtestcaseforKatalon.clickTabCanineStat("Object Repository/Canine/Filter/PrimDiseaseSite/BoneApendicular_Chkbx"): ctdc.utilities.runtestcaseforKatalon.clickTabCanineStat is PASSED

2022-04-05 07:21:56 - [MESSAGE][PASSED] - ctdc.utilities.runtestcaseforKatalon.clickTabCanineStat is PASSED

2022-04-05 07:21:56 - [TEST_STEP][PASSED] - waitForElementPresent(findTestObject("Object Repository/Canine/Filter/NeuteredStatus/NEUTEREDSTATUS_Ddn"), 30): Object 'Object Repository/Canine/Filter/NeuteredStatus/NEUTEREDSTATUS_Ddn' is present

2022-04-05 07:21:56 - [MESSAGE][PASSED] - Object 'Object Repository/Canine/Filter/NeuteredStatus/NEUTEREDSTATUS_Ddn' is present

2022-04-05 07:21:56 - [TEST_STEP][PASSED] - verifyElementPresent(findTestObject("Object Repository/Canine/Filter/NeuteredStatus/NEUTEREDSTATUS_Ddn"), 5): Object 'Object Repository/Canine/Filter/NeuteredStatus/NEUTEREDSTATUS_Ddn' is present

2022-04-05 07:21:56 - [MESSAGE][PASSED] - Object 'Object Repository/Canine/Filter/NeuteredStatus/NEUTEREDSTATUS_Ddn' is present

2022-04-05 07:21:56 - [TEST_STEP][PASSED] - ctdc.utilities.runtestcaseforKatalon.clickTabCanineStat("Object Repository/Canine/Filter/NeuteredStatus/NEUTEREDSTATUS_Ddn"): ctdc.utilities.runtestcaseforKatalon.clickTabCanineStat is PASSED

2022-04-05 07:21:57 - [MESSAGE][PASSED] - ctdc.utilities.runtestcaseforKatalon.clickTabCanineStat is PASSED

2022-04-05 07:21:57 - [TEST_STEP][PASSED] - waitForElementPresent(findTestObject("Object Repository/Canine/Filter/NeuteredStatus/No_Chkbx"), 30): Object 'Object Repository/Canine/Filter/NeuteredStatus/No_Chkbx' is present

2022-04-05 07:21:57 - [MESSAGE][PASSED] - Object 'Object Repository/Canine/Filter/NeuteredStatus/No_Chkbx' is present

2022-04-05 07:21:57 - [TEST_STEP][PASSED] - verifyElementPresent(findTestObject("Object Repository/Canine/Filter/NeuteredStatus/No_Chkbx"), 5): Object 'Object Repository/Canine/Filter/NeuteredStatus/No_Chkbx' is present

2022-04-05 07:21:57 - [MESSAGE][PASSED] - Object 'Object Repository/Canine/Filter/NeuteredStatus/No_Chkbx' is present

2022-04-05 07:21:57 - [TEST_STEP][PASSED] - ctdc.utilities.runtestcaseforKatalon.clickTabCanineStat("Object Repository/Canine/Filter/NeuteredStatus/No_Chkbx"): ctdc.utilities.runtestcaseforKatalon.clickTabCanineStat is PASSED

2022-04-05 07:21:59 - [MESSAGE][PASSED] - ctdc.utilities.runtestcaseforKatalon.clickTabCanineStat is PASSED

2022-04-05 07:21:59 - [TEST_STEP][PASSED] - ctdc.utilities.runtestcaseforKatalon.readStatBarCanine("Object Repository/Canine/StatBar/Canine_StatBar-Programs", "Object Repository/Canine/StatBar/Canine_StatBar-Studies", "Object Repository/Canine/StatBar/Canine_StatBar-Cases", "Object Repository/Canine/StatBar/Canine_StatBar-Samples", "Object Repository/Canine/StatBar/Canine_StatBar-CaseFiles", "Object Repository/Canine/StatBar/Canine_StatBar-StudyFiles"): ctdc.utilities.runtestcaseforKatalon.readStatBarCanine is PASSED

2022-04-05 07:22:17 - [MESSAGE][PASSED] - ctdc.utilities.runtestcaseforKatalon.readStatBarCanine is PASSED

2022-04-05 07:22:17 - [TEST_STEP][PASSED] - waitForElementPresent(findTestObject("Object Repository/Canine/CanineResults_Cases_Tab"), 5): Object 'Object Repository/Canine/CanineResults_Cases_Tab' is present

2022-04-05 07:22:17 - [MESSAGE][PASSED] - Object 'Object Repository/Canine/CanineResults_Cases_Tab' is present

2022-04-05 07:22:17 - [TEST_STEP][PASSED] - ctdc.utilities.runtestcaseforKatalon.clickTab("Object Repository/Canine/CanineResults_Cases_Tab"): ctdc.utilities.runtestcaseforKatalon.clickTab is PASSED

2022-04-05 07:22:17 - [MESSAGE][PASSED] - ctdc.utilities.runtestcaseforKatalon.clickTab is PASSED

2022-04-05 07:22:17 - [TEST_STEP][PASSED] - ctdc.utilities.runtestcaseforKatalon.multiFunction("ICDC", G_StatBar_Cases, "Object Repository/Canine/Canine_CasesTable", "Object Repository/Canine/Canine_TableHeader", "Object Repository/Canine/Canine_CasesTabNextBtn", G_WebTabnameCases, G_CypherTabnameCases, G_QueryCasesTab): Statbar Study Files count matches

2022-04-05 07:22:37 - [MESSAGE][PASSED] - Statbar Programs count matches

2022-04-05 07:22:37 - [MESSAGE][PASSED] - Statbar Studies count matches

2022-04-05 07:22:37 - [MESSAGE][PASSED] - Statbar Cases count matches

2022-04-05 07:22:37 - [MESSAGE][PASSED] - Statbar Samples count matches

2022-04-05 07:22:37 - [MESSAGE][PASSED] - Statbar Case Files count matches

2022-04-05 07:22:37 - [MESSAGE][PASSED] - Statbar Study Files count matches

2022-04-05 07:22:37 - [TEST_STEP][PASSED] - waitForElementPresent(findTestObject("Object Repository/Canine/CanineResults_Samples_Tab"), 5): Object 'Object Repository/Canine/CanineResults_Samples_Tab' is present

2022-04-05 07:22:37 - [MESSAGE][PASSED] - Object 'Object Repository/Canine/CanineResults_Samples_Tab' is present

2022-04-05 07:22:37 - [TEST_STEP][PASSED] - ctdc.utilities.runtestcaseforKatalon.clickTab("Object Repository/Canine/CanineResults_Samples_Tab"): ctdc.utilities.runtestcaseforKatalon.clickTab is PASSED

2022-04-05 07:22:38 - [MESSAGE][PASSED] - ctdc.utilities.runtestcaseforKatalon.clickTab is PASSED

2022-04-05 07:22:38 - [TEST_STEP][PASSED] - ctdc.utilities.runtestcaseforKatalon.multiFunction("ICDC", G_StatBar_Samples, "Object Repository/Canine/Canine_Samples_Table", "Object Repository/Canine/Canine_Samples_TableHdr", "Object Repository/Canine/Canine_SamplesTabNextBtn", G_WebTabnameSamples, G_CypherTabnameSamples, G_QuerySamplesTab): Statbar Study Files count matches

2022-04-05 07:23:04 - [MESSAGE][PASSED] - Statbar Programs count matches

2022-04-05 07:23:04 - [MESSAGE][PASSED] - Statbar Studies count matches

2022-04-05 07:23:04 - [MESSAGE][PASSED] - Statbar Cases count matches

2022-04-05 07:23:04 - [MESSAGE][PASSED] - Statbar Samples count matches

2022-04-05 07:23:04 - [MESSAGE][PASSED] - Statbar Case Files count matches

2022-04-05 07:23:04 - [MESSAGE][PASSED] - Statbar Study Files count matches

2022-04-05 07:23:04 - [TEST_STEP][PASSED] - closeBrowser(): Browser is closed

2022-04-05 07:23:05 - [MESSAGE][PASSED] - Browser is closed]]></system-out>
         <system-err><![CDATA[]]></system-err>
      </testcase>
      <system-out><![CDATA[2022-04-05 06:37:14 - [TEST_SUITE][PASSED] - OSA01: Test Cases/Canine_TestCases/StudyCombinations/Study-Combinations-OSA01/TC40_Canine_StudyOSA01-PrimaryDiseaseSite-NeutStatus]]></system-out>
      <system-err><![CDATA[]]></system-err>
   </testsuite>
</testsuites>
