<?xml version="1.0" encoding="UTF-8"?>
<testsuites name="COTC022_Study_TestSuite" time="1148.181" tests="17" failures="0" errors="8">
   <testsuite name="COTC022_Study_TestSuite" tests="17" failures="0" errors="8" time="1148.181" skipped="0" timestamp="2021-11-30 22:05:19" hostname="sohilz2 - host.docker.internal" id="Test Suites/COTC022_Study_TestSuite">
      <properties>
         <property name="deviceName" value=""/>
         <property name="devicePlatform" value=""/>
         <property name="logFolder" value="C:\\Users\\sohilz2\\Commons_Automation\\Reports\\20211130_220515\\COTC022_Study_TestSuite\\20211130_220515"/>
         <property name="logFiles" value="C:\\Users\\sohilz2\\Commons_Automation\\Reports\\20211130_220515\\COTC022_Study_TestSuite\\20211130_220515\\execution0.log"/>
         <property name="attachments" value=""/>
         <property name="hostName" value="sohilz2 - host.docker.internal"/>
         <property name="os" value="Windows 10 64bit"/>
         <property name="katalonVersion" value="8.2.0.208"/>
         <property name="browser" value="Chrome 96.0.4664.45"/>
         <property name="hostAddress" value="192.168.0.86"/>
         <property name="sessionId" value="8f2d8c3b4b085e2af7dcab2151d95cc9"/>
         <property name="seleniumVersion" value="3.141.59"/>
         <property name="proxyInformation" value="ProxyInformation { proxyOption=NO_PROXY, proxyServerType=HTTP, username=, password=********, proxyServerAddress=, proxyServerPort=0, executionList=&quot;&quot;, isApplyToDesiredCapabilities=true }"/>
         <property name="platform" value="Windows 10"/>
      </properties>
      <testcase name="Test Cases/Canine_TestCases/StudyCombinations/Study-Combinations-COTC022/TC01_Canine_StudyCOTC022-Breed_Diagnosis_PrimDiseaseSite" time="169.98" classname="Test Cases/Canine_TestCases/StudyCombinations/Study-Combinations-COTC022/TC01_Canine_StudyCOTC022-Breed_Diagnosis_PrimDiseaseSite" status="ERROR">
         <error type="ERROR" message="Test Cases/Canine_TestCases/StudyCombinations/Study-Combinations-COTC022/TC01_Canine_StudyCOTC022-Breed_Diagnosis_PrimDiseaseSite FAILED.
Reason:
org.openqa.selenium.NoSuchElementException: no such element: Unable to locate element: {&quot;method&quot;:&quot;xpath&quot;,&quot;selector&quot;:&quot;(//*[@id=&quot;file_tab_table&quot;])[2]//tbody/tr[1]/*[10]/*[2]&quot;}
  (Session info: headless chrome=96.0.4664.45)
For documentation on this error, please visit: https://www.seleniumhq.org/exceptions/no_such_element.html
Build info: version: '3.141.59', revision: 'e82be7d358', time: '2018-11-14T08:25:53'
System info: host: 'NCI-02195104-L', ip: '192.168.0.86', os.name: 'Windows 10', os.arch: 'amd64', os.version: '10.0', java.version: '1.8.0_181'
Driver info: org.openqa.selenium.chrome.ChromeDriver
Capabilities {acceptInsecureCerts: false, browserName: chrome, browserVersion: 96.0.4664.45, chrome: {chromedriverVersion: 95.0.4638.17 (a9d0719444d4b..., userDataDir: C:\Users\sohilz2\AppData\Lo...}, goog:chromeOptions: {debuggerAddress: localhost:56469}, javascriptEnabled: true, networkConnectionEnabled: false, pageLoadStrategy: normal, platform: WINDOWS, platformName: WINDOWS, proxy: Proxy(), setWindowRect: true, strictFileInteractability: false, timeouts: {implicit: 0, pageLoad: 300000, script: 30000}, unhandledPromptBehavior: dismiss and notify, webauthn:extension:credBlob: true, webauthn:extension:largeBlob: true, webauthn:virtualAuthenticators: true}
Session ID: 478941ee266b366c9c25095e0f00b553
*** Element info: {Using=xpath, value=(//*[@id=&quot;file_tab_table&quot;])[2]//tbody/tr[1]/*[10]/*[2]}
	at org.openqa.selenium.remote.http.W3CHttpResponseCodec.createException(W3CHttpResponseCodec.java:187)
	at org.openqa.selenium.remote.http.W3CHttpResponseCodec.decode(W3CHttpResponseCodec.java:122)
	at org.openqa.selenium.remote.http.W3CHttpResponseCodec.decode(W3CHttpResponseCodec.java:49)
	at org.openqa.selenium.remote.HttpCommandExecutor.execute(HttpCommandExecutor.java:158)
	at org.openqa.selenium.remote.service.DriverCommandExecutor.execute(DriverCommandExecutor.java:83)
	at org.openqa.selenium.remote.RemoteWebDriver.execute(RemoteWebDriver.java:552)
	at org.openqa.selenium.remote.RemoteWebDriver.findElement(RemoteWebDriver.java:323)
	at org.openqa.selenium.remote.RemoteWebDriver.findElementByXPath(RemoteWebDriver.java:428)
	at org.openqa.selenium.By$ByXPath.findElement(By.java:353)
	at org.openqa.selenium.remote.RemoteWebDriver.findElement(RemoteWebDriver.java:315)
	at org.openqa.selenium.WebDriver$findElement$1.call(Unknown Source)
	at ctdc.utilities.runtestcaseforKatalon.ReadCasesTableKatalon(runtestcaseforKatalon.groovy:501)
	at ctdc.utilities.runtestcaseforKatalon.multiFunction(runtestcaseforKatalon.groovy:254)
	at ctdc.utilities.runtestcaseforKatalon.invokeMethod(runtestcaseforKatalon.groovy)
	at com.kms.katalon.core.main.CustomKeywordDelegatingMetaClass.invokeStaticMethod(CustomKeywordDelegatingMetaClass.java:50)
	at TC01_Canine_StudyCOTC022-Breed_Diagnosis_PrimDiseaseSite.run(TC01_Canine_StudyCOTC022-Breed_Diagnosis_PrimDiseaseSite:104)
	at com.kms.katalon.core.main.ScriptEngine.run(ScriptEngine.java:194)
	at com.kms.katalon.core.main.ScriptEngine.runScriptAsRawText(ScriptEngine.java:119)
	at com.kms.katalon.core.main.TestCaseExecutor.runScript(TestCaseExecutor.java:442)
	at com.kms.katalon.core.main.TestCaseExecutor.doExecute(TestCaseExecutor.java:433)
	at com.kms.katalon.core.main.TestCaseExecutor.processExecutionPhase(TestCaseExecutor.java:412)
	at com.kms.katalon.core.main.TestCaseExecutor.accessMainPhase(TestCaseExecutor.java:404)
	at com.kms.katalon.core.main.TestCaseExecutor.execute(TestCaseExecutor.java:281)
	at com.kms.katalon.core.main.TestSuiteExecutor.accessTestCaseMainPhase(TestSuiteExecutor.java:202)
	at com.kms.katalon.core.main.TestSuiteExecutor.accessTestSuiteMainPhase(TestSuiteExecutor.java:164)
	at com.kms.katalon.core.main.TestSuiteExecutor.execute(TestSuiteExecutor.java:105)
	at com.kms.katalon.core.main.TestCaseMain.startTestSuite(TestCaseMain.java:181)
	at com.kms.katalon.core.main.TestCaseMain$startTestSuite$0.call(Unknown Source)
	at TempTestSuite1638327915632.run(TempTestSuite1638327915632.groovy:36)
"/>
         <system-out><![CDATA[2021-11-30 22:05:20 - [TEST_CASE][ERROR] - Test Cases/Canine_TestCases/StudyCombinations/Study-Combinations-COTC022/TC01_Canine_StudyCOTC022-Breed_Diagnosis_PrimDiseaseSite: Test Cases/Canine_TestCases/StudyCombinations/Study-Combinations-COTC022/TC01_Canine_StudyCOTC022-Breed_Diagnosis_PrimDiseaseSite FAILED.
Reason:
org.openqa.selenium.NoSuchElementException: no such element: Unable to locate element: {"method":"xpath","selector":"(//*[@id="file_tab_table"])[2]//tbody/tr[1]/*[10]/*[2]"}
  (Session info: headless chrome=96.0.4664.45)
For documentation on this error, please visit: https://www.seleniumhq.org/exceptions/no_such_element.html
Build info: version: '3.141.59', revision: 'e82be7d358', time: '2018-11-14T08:25:53'
System info: host: 'NCI-02195104-L', ip: '192.168.0.86', os.name: 'Windows 10', os.arch: 'amd64', os.version: '10.0', java.version: '1.8.0_181'
Driver info: org.openqa.selenium.chrome.ChromeDriver
Capabilities {acceptInsecureCerts: false, browserName: chrome, browserVersion: 96.0.4664.45, chrome: {chromedriverVersion: 95.0.4638.17 (a9d0719444d4b..., userDataDir: C:\Users\sohilz2\AppData\Lo...}, goog:chromeOptions: {debuggerAddress: localhost:56469}, javascriptEnabled: true, networkConnectionEnabled: false, pageLoadStrategy: normal, platform: WINDOWS, platformName: WINDOWS, proxy: Proxy(), setWindowRect: true, strictFileInteractability: false, timeouts: {implicit: 0, pageLoad: 300000, script: 30000}, unhandledPromptBehavior: dismiss and notify, webauthn:extension:credBlob: true, webauthn:extension:largeBlob: true, webauthn:virtualAuthenticators: true}
Session ID: 478941ee266b366c9c25095e0f00b553
*** Element info: {Using=xpath, value=(//*[@id="file_tab_table"])[2]//tbody/tr[1]/*[10]/*[2]}
	at org.openqa.selenium.remote.http.W3CHttpResponseCodec.createException(W3CHttpResponseCodec.java:187)
	at org.openqa.selenium.remote.http.W3CHttpResponseCodec.decode(W3CHttpResponseCodec.java:122)
	at org.openqa.selenium.remote.http.W3CHttpResponseCodec.decode(W3CHttpResponseCodec.java:49)
	at org.openqa.selenium.remote.HttpCommandExecutor.execute(HttpCommandExecutor.java:158)
	at org.openqa.selenium.remote.service.DriverCommandExecutor.execute(DriverCommandExecutor.java:83)
	at org.openqa.selenium.remote.RemoteWebDriver.execute(RemoteWebDriver.java:552)
	at org.openqa.selenium.remote.RemoteWebDriver.findElement(RemoteWebDriver.java:323)
	at org.openqa.selenium.remote.RemoteWebDriver.findElementByXPath(RemoteWebDriver.java:428)
	at org.openqa.selenium.By$ByXPath.findElement(By.java:353)
	at org.openqa.selenium.remote.RemoteWebDriver.findElement(RemoteWebDriver.java:315)
	at org.openqa.selenium.WebDriver$findElement$1.call(Unknown Source)
	at ctdc.utilities.runtestcaseforKatalon.ReadCasesTableKatalon(runtestcaseforKatalon.groovy:501)
	at ctdc.utilities.runtestcaseforKatalon.multiFunction(runtestcaseforKatalon.groovy:254)
	at ctdc.utilities.runtestcaseforKatalon.invokeMethod(runtestcaseforKatalon.groovy)
	at com.kms.katalon.core.main.CustomKeywordDelegatingMetaClass.invokeStaticMethod(CustomKeywordDelegatingMetaClass.java:50)
	at TC01_Canine_StudyCOTC022-Breed_Diagnosis_PrimDiseaseSite.run(TC01_Canine_StudyCOTC022-Breed_Diagnosis_PrimDiseaseSite:104)
	at com.kms.katalon.core.main.ScriptEngine.run(ScriptEngine.java:194)
	at com.kms.katalon.core.main.ScriptEngine.runScriptAsRawText(ScriptEngine.java:119)
	at com.kms.katalon.core.main.TestCaseExecutor.runScript(TestCaseExecutor.java:442)
	at com.kms.katalon.core.main.TestCaseExecutor.doExecute(TestCaseExecutor.java:433)
	at com.kms.katalon.core.main.TestCaseExecutor.processExecutionPhase(TestCaseExecutor.java:412)
	at com.kms.katalon.core.main.TestCaseExecutor.accessMainPhase(TestCaseExecutor.java:404)
	at com.kms.katalon.core.main.TestCaseExecutor.execute(TestCaseExecutor.java:281)
	at com.kms.katalon.core.main.TestSuiteExecutor.accessTestCaseMainPhase(TestSuiteExecutor.java:202)
	at com.kms.katalon.core.main.TestSuiteExecutor.accessTestSuiteMainPhase(TestSuiteExecutor.java:164)
	at com.kms.katalon.core.main.TestSuiteExecutor.execute(TestSuiteExecutor.java:105)
	at com.kms.katalon.core.main.TestCaseMain.startTestSuite(TestCaseMain.java:181)
	at com.kms.katalon.core.main.TestCaseMain$startTestSuite$0.call(Unknown Source)
	at TempTestSuite1638327915632.run(TempTestSuite1638327915632.groovy:36)


2021-11-30 22:05:20 - [TEST_STEP][PASSED] - Start listener action : getTestScriptName: null

2021-11-30 22:05:20 - [TEST_STEP][PASSED] - TestCaseId = testCaseContext.getTestCaseId(): null

2021-11-30 22:05:20 - [TEST_STEP][PASSED] - out.println("**********this is the value of test case id string******** " + testCaseContext.getTestCaseId()): null

2021-11-30 22:05:20 - [TEST_STEP][PASSED] - G_currentTCName = TestCaseId.substring(TestCaseId.lastIndexOf("TC")): null

2021-11-30 22:05:20 - [TEST_STEP][PASSED] - out.println("This is the test case name : " + G_currentTCName): null

2021-11-30 22:05:21 - [TEST_STEP][PASSED] - closeBrowser(): Browser is closed

2021-11-30 22:05:21 - [MESSAGE][PASSED] - Browser is closed

2021-11-30 22:05:21 - [TEST_STEP][PASSED] - ctdc.utilities.runtestcaseforKatalon.RunKatalon("TC01_Canine_StudyCOTC022-Breed_Diagnosis_PrimDiseaseSite.xlsx"): Data loaded from input file for the test case. 

2021-11-30 22:05:21 - [MESSAGE][PASSED] - Test case file loaded This is the full filepath after converting to string :C:\Users\sohilz2\Commons_Automation\InputFiles\TC01_Canine_StudyCOTC022-Breed_Diagnosis_PrimDiseaseSite.xlsx

2021-11-30 22:05:21 - [MESSAGE][INFO] - Global variable set for password file is :  C:\Users\sohilz2\Commons_Automation\InputFiles\TC01_Canine_StudyCOTC022-Breed_Diagnosis_PrimDiseaseSite.xlsx

2021-11-30 22:05:26 - [MESSAGE][PASSED] - Data loaded from input file for the test case. 

2021-11-30 22:05:40 - [TEST_STEP][PASSED] - ctdc.utilities.runtestcaseforKatalon.clickTab("Object Repository/Canine/Canine_PopUp_Continue_Btn"): ctdc.utilities.runtestcaseforKatalon.clickTab is PASSED

2021-11-30 22:05:40 - [MESSAGE][PASSED] - ctdc.utilities.runtestcaseforKatalon.clickTab is PASSED

2021-11-30 22:05:40 - [TEST_STEP][PASSED] - out.println("Closed the popup window"): null

2021-11-30 22:05:40 - [TEST_STEP][PASSED] - waitForElementPresent(findTestObject("Canine/NavBar/Canine_Cases_Btn"), 20): Object 'Object Repository/Canine/NavBar/Canine_Cases_Btn' is present

2021-11-30 22:05:40 - [MESSAGE][PASSED] - Object 'Object Repository/Canine/NavBar/Canine_Cases_Btn' is present

2021-11-30 22:05:40 - [TEST_STEP][PASSED] - ctdc.utilities.runtestcaseforKatalon.clickTab("Canine/NavBar/Canine_Cases_Btn"): ctdc.utilities.runtestcaseforKatalon.clickTab is PASSED

2021-11-30 22:05:41 - [MESSAGE][PASSED] - ctdc.utilities.runtestcaseforKatalon.clickTab is PASSED

2021-11-30 22:05:41 - [TEST_STEP][PASSED] - waitForElementPresent(findTestObject("Object Repository/Canine/Filter/FilterByCases_Facet"), 20): Object 'Object Repository/Canine/Filter/FilterByCases_Facet' is present

2021-11-30 22:05:41 - [MESSAGE][PASSED] - Object 'Object Repository/Canine/Filter/FilterByCases_Facet' is present

2021-11-30 22:05:41 - [TEST_STEP][PASSED] - ctdc.utilities.runtestcaseforKatalon.clickTab("Object Repository/Canine/Filter/FilterByCases_Facet"): ctdc.utilities.runtestcaseforKatalon.clickTab is PASSED

2021-11-30 22:05:42 - [MESSAGE][PASSED] - ctdc.utilities.runtestcaseforKatalon.clickTab is PASSED

2021-11-30 22:05:42 - [TEST_STEP][PASSED] - waitForElementPresent(findTestObject("Object Repository/Canine/Filter/Study/Canine_Filter_Study"), 30): Object 'Object Repository/Canine/Filter/Study/Canine_Filter_Study' is present

2021-11-30 22:05:42 - [MESSAGE][PASSED] - Object 'Object Repository/Canine/Filter/Study/Canine_Filter_Study' is present

2021-11-30 22:05:42 - [TEST_STEP][PASSED] - ctdc.utilities.runtestcaseforKatalon.clickTab("Object Repository/Canine/Filter/Study/Canine_Filter_Study"): ctdc.utilities.runtestcaseforKatalon.clickTab is PASSED

2021-11-30 22:05:43 - [MESSAGE][PASSED] - ctdc.utilities.runtestcaseforKatalon.clickTab is PASSED

2021-11-30 22:05:43 - [TEST_STEP][PASSED] - waitForElementPresent(findTestObject("Object Repository/Canine/Filter/Study/Canine_Filter_Study-COTC022_Chkbx"), 30): Object 'Object Repository/Canine/Filter/Study/Canine_Filter_Study-COTC022_Chkbx' is present

2021-11-30 22:05:43 - [MESSAGE][PASSED] - Object 'Object Repository/Canine/Filter/Study/Canine_Filter_Study-COTC022_Chkbx' is present

2021-11-30 22:05:43 - [TEST_STEP][PASSED] - ctdc.utilities.runtestcaseforKatalon.clickTabCanineStat("Object Repository/Canine/Filter/Study/Canine_Filter_Study-COTC022_Chkbx"): ctdc.utilities.runtestcaseforKatalon.clickTabCanineStat is PASSED

2021-11-30 22:05:44 - [MESSAGE][PASSED] - ctdc.utilities.runtestcaseforKatalon.clickTabCanineStat is PASSED

2021-11-30 22:05:44 - [TEST_STEP][PASSED] - waitForElementPresent(findTestObject("Object Repository/Canine/Filter/Breed/BREED_Ddn"), 30): Object 'Object Repository/Canine/Filter/Breed/BREED_Ddn' is present

2021-11-30 22:05:45 - [MESSAGE][PASSED] - Object 'Object Repository/Canine/Filter/Breed/BREED_Ddn' is present

2021-11-30 22:05:45 - [TEST_STEP][PASSED] - verifyElementPresent(findTestObject("Object Repository/Canine/Filter/Breed/BREED_Ddn"), 5): Object 'Object Repository/Canine/Filter/Breed/BREED_Ddn' is present

2021-11-30 22:05:45 - [MESSAGE][PASSED] - Object 'Object Repository/Canine/Filter/Breed/BREED_Ddn' is present

2021-11-30 22:05:45 - [TEST_STEP][PASSED] - ctdc.utilities.runtestcaseforKatalon.clickTabCanineStat("Object Repository/Canine/Filter/Breed/BREED_Ddn"): ctdc.utilities.runtestcaseforKatalon.clickTabCanineStat is PASSED

2021-11-30 22:05:46 - [MESSAGE][PASSED] - ctdc.utilities.runtestcaseforKatalon.clickTabCanineStat is PASSED

2021-11-30 22:05:46 - [TEST_STEP][PASSED] - waitForElementPresent(findTestObject("Object Repository/Canine/Filter/Breed/AmerStaffd_Chkbx"), 30): Object 'Object Repository/Canine/Filter/Breed/AmerStaffd_Chkbx' is present

2021-11-30 22:05:46 - [MESSAGE][PASSED] - Object 'Object Repository/Canine/Filter/Breed/AmerStaffd_Chkbx' is present

2021-11-30 22:05:46 - [TEST_STEP][PASSED] - verifyElementPresent(findTestObject("Object Repository/Canine/Filter/Breed/AmerStaffd_Chkbx"), 5): Object 'Object Repository/Canine/Filter/Breed/AmerStaffd_Chkbx' is present

2021-11-30 22:05:46 - [MESSAGE][PASSED] - Object 'Object Repository/Canine/Filter/Breed/AmerStaffd_Chkbx' is present

2021-11-30 22:05:46 - [TEST_STEP][PASSED] - ctdc.utilities.runtestcaseforKatalon.clickTabCanineStat("Object Repository/Canine/Filter/Breed/AmerStaffd_Chkbx"): ctdc.utilities.runtestcaseforKatalon.clickTabCanineStat is PASSED

2021-11-30 22:05:47 - [MESSAGE][PASSED] - ctdc.utilities.runtestcaseforKatalon.clickTabCanineStat is PASSED

2021-11-30 22:05:47 - [TEST_STEP][PASSED] - waitForElementPresent(findTestObject("Object Repository/Canine/Filter/Breed/Mixed_Chkbx"), 30): Object 'Object Repository/Canine/Filter/Breed/Mixed_Chkbx' is present

2021-11-30 22:05:48 - [MESSAGE][PASSED] - Object 'Object Repository/Canine/Filter/Breed/Mixed_Chkbx' is present

2021-11-30 22:05:48 - [TEST_STEP][PASSED] - verifyElementPresent(findTestObject("Object Repository/Canine/Filter/Breed/Mixed_Chkbx"), 5): Object 'Object Repository/Canine/Filter/Breed/Mixed_Chkbx' is present

2021-11-30 22:05:48 - [MESSAGE][PASSED] - Object 'Object Repository/Canine/Filter/Breed/Mixed_Chkbx' is present

2021-11-30 22:05:48 - [TEST_STEP][PASSED] - ctdc.utilities.runtestcaseforKatalon.clickTabCanineStat("Object Repository/Canine/Filter/Breed/Mixed_Chkbx"): ctdc.utilities.runtestcaseforKatalon.clickTabCanineStat is PASSED

2021-11-30 22:05:49 - [MESSAGE][PASSED] - ctdc.utilities.runtestcaseforKatalon.clickTabCanineStat is PASSED

2021-11-30 22:05:49 - [TEST_STEP][PASSED] - waitForElementPresent(findTestObject("Object Repository/Canine/Filter/PrimDiseaseSite/PRIMARYDISEASESITE_Ddn"), 30): Object 'Object Repository/Canine/Filter/PrimDiseaseSite/PRIMARYDISEASESITE_Ddn' is present

2021-11-30 22:05:49 - [MESSAGE][PASSED] - Object 'Object Repository/Canine/Filter/PrimDiseaseSite/PRIMARYDISEASESITE_Ddn' is present

2021-11-30 22:05:49 - [TEST_STEP][PASSED] - verifyElementPresent(findTestObject("Object Repository/Canine/Filter/PrimDiseaseSite/PRIMARYDISEASESITE_Ddn"), 5): Object 'Object Repository/Canine/Filter/PrimDiseaseSite/PRIMARYDISEASESITE_Ddn' is present

2021-11-30 22:05:49 - [MESSAGE][PASSED] - Object 'Object Repository/Canine/Filter/PrimDiseaseSite/PRIMARYDISEASESITE_Ddn' is present

2021-11-30 22:05:49 - [TEST_STEP][PASSED] - ctdc.utilities.runtestcaseforKatalon.clickTabCanineStat("Canine/Filter/PrimDiseaseSite/PRIMARYDISEASESITE_Ddn"): ctdc.utilities.runtestcaseforKatalon.clickTabCanineStat is PASSED

2021-11-30 22:05:50 - [MESSAGE][PASSED] - ctdc.utilities.runtestcaseforKatalon.clickTabCanineStat is PASSED

2021-11-30 22:05:50 - [TEST_STEP][PASSED] - waitForElementPresent(findTestObject("Object Repository/Canine/Filter/PrimDiseaseSite/BoneApendicular_Chkbx"), 30): Object 'Object Repository/Canine/Filter/PrimDiseaseSite/BoneApendicular_Chkbx' is present

2021-11-30 22:05:50 - [MESSAGE][PASSED] - Object 'Object Repository/Canine/Filter/PrimDiseaseSite/BoneApendicular_Chkbx' is present

2021-11-30 22:05:50 - [TEST_STEP][PASSED] - ctdc.utilities.runtestcaseforKatalon.clickTabCanineStat("Object Repository/Canine/Filter/PrimDiseaseSite/BoneApendicular_Chkbx"): ctdc.utilities.runtestcaseforKatalon.clickTabCanineStat is PASSED

2021-11-30 22:05:52 - [MESSAGE][PASSED] - ctdc.utilities.runtestcaseforKatalon.clickTabCanineStat is PASSED

2021-11-30 22:05:52 - [TEST_STEP][PASSED] - ctdc.utilities.runtestcaseforKatalon.readStatBarCanine("Object Repository/Canine/StatBar/Canine_StatBar-Studies", "Object Repository/Canine/StatBar/Canine_StatBar-Cases", "Object Repository/Canine/StatBar/Canine_StatBar-Samples", "Object Repository/Canine/StatBar/Canine_StatBar-CaseFiles", "Object Repository/Canine/StatBar/Canine_StatBar-StudyFiles"): ctdc.utilities.runtestcaseforKatalon.readStatBarCanine is PASSED

2021-11-30 22:06:07 - [MESSAGE][PASSED] - ctdc.utilities.runtestcaseforKatalon.readStatBarCanine is PASSED

2021-11-30 22:06:07 - [TEST_STEP][PASSED] - waitForElementPresent(findTestObject("Object Repository/Canine/CanineResults_Cases_Tab"), 30): Object 'Object Repository/Canine/CanineResults_Cases_Tab' is present

2021-11-30 22:06:07 - [MESSAGE][PASSED] - Object 'Object Repository/Canine/CanineResults_Cases_Tab' is present

2021-11-30 22:06:07 - [TEST_STEP][PASSED] - verifyElementPresent(findTestObject("Object Repository/Canine/CanineResults_Cases_Tab"), 5): Object 'Object Repository/Canine/CanineResults_Cases_Tab' is present

2021-11-30 22:06:07 - [MESSAGE][PASSED] - Object 'Object Repository/Canine/CanineResults_Cases_Tab' is present

2021-11-30 22:06:07 - [TEST_STEP][PASSED] - ctdc.utilities.runtestcaseforKatalon.clickTab("Object Repository/Canine/CanineResults_Cases_Tab"): ctdc.utilities.runtestcaseforKatalon.clickTab is PASSED

2021-11-30 22:06:07 - [MESSAGE][PASSED] - ctdc.utilities.runtestcaseforKatalon.clickTab is PASSED

2021-11-30 22:06:07 - [TEST_STEP][PASSED] - ctdc.utilities.runtestcaseforKatalon.multiFunction("ICDC", G_StatBar_Cases, "Object Repository/Canine/Canine_CasesTable", "Object Repository/Canine/Canine_TableHeader", "Object Repository/Canine/Canine_CasesTabNextBtn", G_WebTabnameCases, G_CypherTabnameCases, G_QueryCasesTab): Statbar Studies count matches

2021-11-30 22:07:01 - [MESSAGE][PASSED] - Statbar Case Files count matches

2021-11-30 22:07:01 - [MESSAGE][PASSED] - Statbar Samples count matches

2021-11-30 22:07:01 - [MESSAGE][PASSED] - Statbar Cases count matches

2021-11-30 22:07:01 - [MESSAGE][PASSED] - Statbar Studies count matches

2021-11-30 22:07:01 - [TEST_STEP][PASSED] - waitForElementPresent(findTestObject("Object Repository/Canine/CanineResults_Samples_Tab"), 30): Object 'Object Repository/Canine/CanineResults_Samples_Tab' is present

2021-11-30 22:07:01 - [MESSAGE][PASSED] - Object 'Object Repository/Canine/CanineResults_Samples_Tab' is present

2021-11-30 22:07:01 - [TEST_STEP][PASSED] - verifyElementPresent(findTestObject("Object Repository/Canine/CanineResults_Samples_Tab"), 5): Object 'Object Repository/Canine/CanineResults_Samples_Tab' is present

2021-11-30 22:07:01 - [MESSAGE][PASSED] - Object 'Object Repository/Canine/CanineResults_Samples_Tab' is present

2021-11-30 22:07:01 - [TEST_STEP][PASSED] - ctdc.utilities.runtestcaseforKatalon.clickTab("Object Repository/Canine/CanineResults_Samples_Tab"): ctdc.utilities.runtestcaseforKatalon.clickTab is PASSED

2021-11-30 22:07:01 - [MESSAGE][PASSED] - ctdc.utilities.runtestcaseforKatalon.clickTab is PASSED

2021-11-30 22:07:01 - [TEST_STEP][PASSED] - ctdc.utilities.runtestcaseforKatalon.multiFunction("ICDC", G_StatBar_Samples, "Object Repository/Canine/Canine_Samples_Table", "Object Repository/Canine/Canine_Samples_TableHdr", "Object Repository/Canine/Canine_SamplesTabNextBtn", G_WebTabnameSamples, G_CypherTabnameSamples, G_QuerySamplesTab): Statbar Studies count matches

2021-11-30 22:07:16 - [MESSAGE][PASSED] - Statbar Case Files count matches

2021-11-30 22:07:16 - [MESSAGE][PASSED] - Statbar Samples count matches

2021-11-30 22:07:16 - [MESSAGE][PASSED] - Statbar Cases count matches

2021-11-30 22:07:16 - [MESSAGE][PASSED] - Statbar Studies count matches

2021-11-30 22:07:16 - [TEST_STEP][PASSED] - waitForElementPresent(findTestObject("Canine/CanineResults_CaseFiles_Tab"), 30): Object 'Object Repository/Canine/CanineResults_CaseFiles_Tab' is present

2021-11-30 22:07:16 - [MESSAGE][PASSED] - Object 'Object Repository/Canine/CanineResults_CaseFiles_Tab' is present

2021-11-30 22:07:16 - [TEST_STEP][PASSED] - verifyElementPresent(findTestObject("Canine/CanineResults_CaseFiles_Tab"), 5): Object 'Object Repository/Canine/CanineResults_CaseFiles_Tab' is present

2021-11-30 22:07:16 - [MESSAGE][PASSED] - Object 'Object Repository/Canine/CanineResults_CaseFiles_Tab' is present

2021-11-30 22:07:16 - [TEST_STEP][PASSED] - ctdc.utilities.runtestcaseforKatalon.clickTab("Object Repository/Canine/CanineResults_CaseFiles_Tab"): ctdc.utilities.runtestcaseforKatalon.clickTab is PASSED

2021-11-30 22:07:16 - [MESSAGE][PASSED] - ctdc.utilities.runtestcaseforKatalon.clickTab is PASSED

2021-11-30 22:07:16 - [TEST_STEP][PASSED] - ctdc.utilities.runtestcaseforKatalon.multiFunction("ICDC", G_StatBar_Files, "Object Repository/Canine/Canine_Files_Table", "Object Repository/Canine/Canine_Files_TableHdr", "Object Repository/Canine/Canine_FilesTabNextBtn", G_WebTabnameFiles, G_CypherTabnameFiles, G_QueryFilesTab): Statbar Studies count matches

2021-11-30 22:07:31 - [MESSAGE][PASSED] - Statbar Case Files count matches

2021-11-30 22:07:31 - [MESSAGE][PASSED] - Statbar Samples count matches

2021-11-30 22:07:31 - [MESSAGE][PASSED] - Statbar Cases count matches

2021-11-30 22:07:31 - [MESSAGE][PASSED] - Statbar Studies count matches

2021-11-30 22:07:31 - [TEST_STEP][PASSED] - waitForElementPresent(findTestObject("Canine/CanineResults_StudyFiles_Tab"), 30): Object 'Object Repository/Canine/CanineResults_StudyFiles_Tab' is present

2021-11-30 22:07:31 - [MESSAGE][PASSED] - Object 'Object Repository/Canine/CanineResults_StudyFiles_Tab' is present

2021-11-30 22:07:31 - [TEST_STEP][PASSED] - verifyElementPresent(findTestObject("Canine/CanineResults_StudyFiles_Tab"), 5): Object 'Object Repository/Canine/CanineResults_StudyFiles_Tab' is present

2021-11-30 22:07:31 - [MESSAGE][PASSED] - Object 'Object Repository/Canine/CanineResults_StudyFiles_Tab' is present

2021-11-30 22:07:31 - [TEST_STEP][PASSED] - ctdc.utilities.runtestcaseforKatalon.clickTab("Object Repository/Canine/CanineResults_StudyFiles_Tab"): ctdc.utilities.runtestcaseforKatalon.clickTab is PASSED

2021-11-30 22:07:31 - [MESSAGE][PASSED] - ctdc.utilities.runtestcaseforKatalon.clickTab is PASSED

2021-11-30 22:07:31 - [TEST_STEP][ERROR] - ctdc.utilities.runtestcaseforKatalon.multiFunction("ICDC", G_StatBar_StudyFiles, "Object Repository/Canine/Canine_StudyFiles_Table", "Object Repository/Canine/Canine_StudyFiles_TableHdr", "Object Repository/Canine/Canine_StudyFilesTabNextBtn", G_WebTabnameStudyFiles, G_CypherTabnameStudyFiles, G_QueryStudyFilesTab): Test Cases/Canine_TestCases/StudyCombinations/Study-Combinations-COTC022/TC01_Canine_StudyCOTC022-Breed_Diagnosis_PrimDiseaseSite FAILED.
Reason:
com.kms.katalon.core.exception.StepErrorException: org.openqa.selenium.NoSuchElementException: no such element: Unable to locate element: {"method":"xpath","selector":"(//*[@id="file_tab_table"])[2]//tbody/tr[1]/*[10]/*[2]"}
  (Session info: headless chrome=96.0.4664.45)
For documentation on this error, please visit: https://www.seleniumhq.org/exceptions/no_such_element.html
Build info: version: '3.141.59', revision: 'e82be7d358', time: '2018-11-14T08:25:53'
System info: host: 'NCI-02195104-L', ip: '192.168.0.86', os.name: 'Windows 10', os.arch: 'amd64', os.version: '10.0', java.version: '1.8.0_181'
Driver info: org.openqa.selenium.chrome.ChromeDriver
Capabilities {acceptInsecureCerts: false, browserName: chrome, browserVersion: 96.0.4664.45, chrome: {chromedriverVersion: 95.0.4638.17 (a9d0719444d4b..., userDataDir: C:\Users\sohilz2\AppData\Lo...}, goog:chromeOptions: {debuggerAddress: localhost:56469}, javascriptEnabled: true, networkConnectionEnabled: false, pageLoadStrategy: normal, platform: WINDOWS, platformName: WINDOWS, proxy: Proxy(), setWindowRect: true, strictFileInteractability: false, timeouts: {implicit: 0, pageLoad: 300000, script: 30000}, unhandledPromptBehavior: dismiss and notify, webauthn:extension:credBlob: true, webauthn:extension:largeBlob: true, webauthn:virtualAuthenticators: true}
Session ID: 478941ee266b366c9c25095e0f00b553
*** Element info: {Using=xpath, value=(//*[@id="file_tab_table"])[2]//tbody/tr[1]/*[10]/*[2]}
	at com.kms.katalon.core.main.CustomKeywordDelegatingMetaClass.throwError(CustomKeywordDelegatingMetaClass.java:96)
	at com.kms.katalon.core.main.CustomKeywordDelegatingMetaClass.invokeStaticMethod(CustomKeywordDelegatingMetaClass.java:68)
	at TC01_Canine_StudyCOTC022-Breed_Diagnosis_PrimDiseaseSite.run(TC01_Canine_StudyCOTC022-Breed_Diagnosis_PrimDiseaseSite:104)
	at com.kms.katalon.core.main.ScriptEngine.run(ScriptEngine.java:194)
	at com.kms.katalon.core.main.ScriptEngine.runScriptAsRawText(ScriptEngine.java:119)
	at com.kms.katalon.core.main.TestCaseExecutor.runScript(TestCaseExecutor.java:442)
	at com.kms.katalon.core.main.TestCaseExecutor.doExecute(TestCaseExecutor.java:433)
	at com.kms.katalon.core.main.TestCaseExecutor.processExecutionPhase(TestCaseExecutor.java:412)
	at com.kms.katalon.core.main.TestCaseExecutor.accessMainPhase(TestCaseExecutor.java:404)
	at com.kms.katalon.core.main.TestCaseExecutor.execute(TestCaseExecutor.java:281)
	at com.kms.katalon.core.main.TestSuiteExecutor.accessTestCaseMainPhase(TestSuiteExecutor.java:202)
	at com.kms.katalon.core.main.TestSuiteExecutor.accessTestSuiteMainPhase(TestSuiteExecutor.java:164)
	at com.kms.katalon.core.main.TestSuiteExecutor.execute(TestSuiteExecutor.java:105)
	at com.kms.katalon.core.main.TestCaseMain.startTestSuite(TestCaseMain.java:181)
	at com.kms.katalon.core.main.TestCaseMain$startTestSuite$0.call(Unknown Source)
	at TempTestSuite1638327915632.run(TempTestSuite1638327915632.groovy:36)
Caused by: org.openqa.selenium.NoSuchElementException: no such element: Unable to locate element: {"method":"xpath","selector":"(//*[@id="file_tab_table"])[2]//tbody/tr[1]/*[10]/*[2]"}
  (Session info: headless chrome=96.0.4664.45)
For documentation on this error, please visit: https://www.seleniumhq.org/exceptions/no_such_element.html
Build info: version: '3.141.59', revision: 'e82be7d358', time: '2018-11-14T08:25:53'
System info: host: 'NCI-02195104-L', ip: '192.168.0.86', os.name: 'Windows 10', os.arch: 'amd64', os.version: '10.0', java.version: '1.8.0_181'
Driver info: org.openqa.selenium.chrome.ChromeDriver
Capabilities {acceptInsecureCerts: false, browserName: chrome, browserVersion: 96.0.4664.45, chrome: {chromedriverVersion: 95.0.4638.17 (a9d0719444d4b..., userDataDir: C:\Users\sohilz2\AppData\Lo...}, goog:chromeOptions: {debuggerAddress: localhost:56469}, javascriptEnabled: true, networkConnectionEnabled: false, pageLoadStrategy: normal, platform: WINDOWS, platformName: WINDOWS, proxy: Proxy(), setWindowRect: true, strictFileInteractability: false, timeouts: {implicit: 0, pageLoad: 300000, script: 30000}, unhandledPromptBehavior: dismiss and notify, webauthn:extension:credBlob: true, webauthn:extension:largeBlob: true, webauthn:virtualAuthenticators: true}
Session ID: 478941ee266b366c9c25095e0f00b553
*** Element info: {Using=xpath, value=(//*[@id="file_tab_table"])[2]//tbody/tr[1]/*[10]/*[2]}
	at org.openqa.selenium.remote.http.W3CHttpResponseCodec.createException(W3CHttpResponseCodec.java:187)
	at org.openqa.selenium.remote.http.W3CHttpResponseCodec.decode(W3CHttpResponseCodec.java:122)
	at org.openqa.selenium.remote.http.W3CHttpResponseCodec.decode(W3CHttpResponseCodec.java:49)
	at org.openqa.selenium.remote.HttpCommandExecutor.execute(HttpCommandExecutor.java:158)
	at org.openqa.selenium.remote.service.DriverCommandExecutor.execute(DriverCommandExecutor.java:83)
	at org.openqa.selenium.remote.RemoteWebDriver.execute(RemoteWebDriver.java:552)
	at org.openqa.selenium.remote.RemoteWebDriver.findElement(RemoteWebDriver.java:323)
	at org.openqa.selenium.remote.RemoteWebDriver.findElementByXPath(RemoteWebDriver.java:428)
	at org.openqa.selenium.By$ByXPath.findElement(By.java:353)
	at org.openqa.selenium.remote.RemoteWebDriver.findElement(RemoteWebDriver.java:315)
	at org.openqa.selenium.WebDriver$findElement$1.call(Unknown Source)
	at ctdc.utilities.runtestcaseforKatalon.ReadCasesTableKatalon(runtestcaseforKatalon.groovy:501)
	at ctdc.utilities.runtestcaseforKatalon.multiFunction(runtestcaseforKatalon.groovy:254)
	at ctdc.utilities.runtestcaseforKatalon.invokeMethod(runtestcaseforKatalon.groovy)
	at com.kms.katalon.core.main.CustomKeywordDelegatingMetaClass.invokeStaticMethod(CustomKeywordDelegatingMetaClass.java:50)
	... 14 more


2021-11-30 22:08:10 - [MESSAGE][ERROR] - no such element: Unable to locate element: {"method":"xpath","selector":"(//*[@id="file_tab_table"])[2]//tbody/tr[1]/*[10]/*[2]"}
  (Session info: headless chrome=96.0.4664.45)
For documentation on this error, please visit: https://www.seleniumhq.org/exceptions/no_such_element.html
Build info: version: '3.141.59', revision: 'e82be7d358', time: '2018-11-14T08:25:53'
System info: host: 'NCI-02195104-L', ip: '192.168.0.86', os.name: 'Windows 10', os.arch: 'amd64', os.version: '10.0', java.version: '1.8.0_181'
Driver info: org.openqa.selenium.chrome.ChromeDriver
Capabilities {acceptInsecureCerts: false, browserName: chrome, browserVersion: 96.0.4664.45, chrome: {chromedriverVersion: 95.0.4638.17 (a9d0719444d4b..., userDataDir: C:\Users\sohilz2\AppData\Lo...}, goog:chromeOptions: {debuggerAddress: localhost:56469}, javascriptEnabled: true, networkConnectionEnabled: false, pageLoadStrategy: normal, platform: WINDOWS, platformName: WINDOWS, proxy: Proxy(), setWindowRect: true, strictFileInteractability: false, timeouts: {implicit: 0, pageLoad: 300000, script: 30000}, unhandledPromptBehavior: dismiss and notify, webauthn:extension:credBlob: true, webauthn:extension:largeBlob: true, webauthn:virtualAuthenticators: true}
Session ID: 478941ee266b366c9c25095e0f00b553
*** Element info: {Using=xpath, value=(//*[@id="file_tab_table"])[2]//tbody/tr[1]/*[10]/*[2]}

2021-11-30 22:08:10 - [MESSAGE][ERROR] - Test Cases/Canine_TestCases/StudyCombinations/Study-Combinations-COTC022/TC01_Canine_StudyCOTC022-Breed_Diagnosis_PrimDiseaseSite FAILED.
Reason:
com.kms.katalon.core.exception.StepErrorException: org.openqa.selenium.NoSuchElementException: no such element: Unable to locate element: {"method":"xpath","selector":"(//*[@id="file_tab_table"])[2]//tbody/tr[1]/*[10]/*[2]"}
  (Session info: headless chrome=96.0.4664.45)
For documentation on this error, please visit: https://www.seleniumhq.org/exceptions/no_such_element.html
Build info: version: '3.141.59', revision: 'e82be7d358', time: '2018-11-14T08:25:53'
System info: host: 'NCI-02195104-L', ip: '192.168.0.86', os.name: 'Windows 10', os.arch: 'amd64', os.version: '10.0', java.version: '1.8.0_181'
Driver info: org.openqa.selenium.chrome.ChromeDriver
Capabilities {acceptInsecureCerts: false, browserName: chrome, browserVersion: 96.0.4664.45, chrome: {chromedriverVersion: 95.0.4638.17 (a9d0719444d4b..., userDataDir: C:\Users\sohilz2\AppData\Lo...}, goog:chromeOptions: {debuggerAddress: localhost:56469}, javascriptEnabled: true, networkConnectionEnabled: false, pageLoadStrategy: normal, platform: WINDOWS, platformName: WINDOWS, proxy: Proxy(), setWindowRect: true, strictFileInteractability: false, timeouts: {implicit: 0, pageLoad: 300000, script: 30000}, unhandledPromptBehavior: dismiss and notify, webauthn:extension:credBlob: true, webauthn:extension:largeBlob: true, webauthn:virtualAuthenticators: true}
Session ID: 478941ee266b366c9c25095e0f00b553
*** Element info: {Using=xpath, value=(//*[@id="file_tab_table"])[2]//tbody/tr[1]/*[10]/*[2]}
	at com.kms.katalon.core.main.CustomKeywordDelegatingMetaClass.throwError(CustomKeywordDelegatingMetaClass.java:96)
	at com.kms.katalon.core.main.CustomKeywordDelegatingMetaClass.invokeStaticMethod(CustomKeywordDelegatingMetaClass.java:68)
	at TC01_Canine_StudyCOTC022-Breed_Diagnosis_PrimDiseaseSite.run(TC01_Canine_StudyCOTC022-Breed_Diagnosis_PrimDiseaseSite:104)
	at com.kms.katalon.core.main.ScriptEngine.run(ScriptEngine.java:194)
	at com.kms.katalon.core.main.ScriptEngine.runScriptAsRawText(ScriptEngine.java:119)
	at com.kms.katalon.core.main.TestCaseExecutor.runScript(TestCaseExecutor.java:442)
	at com.kms.katalon.core.main.TestCaseExecutor.doExecute(TestCaseExecutor.java:433)
	at com.kms.katalon.core.main.TestCaseExecutor.processExecutionPhase(TestCaseExecutor.java:412)
	at com.kms.katalon.core.main.TestCaseExecutor.accessMainPhase(TestCaseExecutor.java:404)
	at com.kms.katalon.core.main.TestCaseExecutor.execute(TestCaseExecutor.java:281)
	at com.kms.katalon.core.main.TestSuiteExecutor.accessTestCaseMainPhase(TestSuiteExecutor.java:202)
	at com.kms.katalon.core.main.TestSuiteExecutor.accessTestSuiteMainPhase(TestSuiteExecutor.java:164)
	at com.kms.katalon.core.main.TestSuiteExecutor.execute(TestSuiteExecutor.java:105)
	at com.kms.katalon.core.main.TestCaseMain.startTestSuite(TestCaseMain.java:181)
	at com.kms.katalon.core.main.TestCaseMain$startTestSuite$0.call(Unknown Source)
	at TempTestSuite1638327915632.run(TempTestSuite1638327915632.groovy:36)
Caused by: org.openqa.selenium.NoSuchElementException: no such element: Unable to locate element: {"method":"xpath","selector":"(//*[@id="file_tab_table"])[2]//tbody/tr[1]/*[10]/*[2]"}
  (Session info: headless chrome=96.0.4664.45)
For documentation on this error, please visit: https://www.seleniumhq.org/exceptions/no_such_element.html
Build info: version: '3.141.59', revision: 'e82be7d358', time: '2018-11-14T08:25:53'
System info: host: 'NCI-02195104-L', ip: '192.168.0.86', os.name: 'Windows 10', os.arch: 'amd64', os.version: '10.0', java.version: '1.8.0_181'
Driver info: org.openqa.selenium.chrome.ChromeDriver
Capabilities {acceptInsecureCerts: false, browserName: chrome, browserVersion: 96.0.4664.45, chrome: {chromedriverVersion: 95.0.4638.17 (a9d0719444d4b..., userDataDir: C:\Users\sohilz2\AppData\Lo...}, goog:chromeOptions: {debuggerAddress: localhost:56469}, javascriptEnabled: true, networkConnectionEnabled: false, pageLoadStrategy: normal, platform: WINDOWS, platformName: WINDOWS, proxy: Proxy(), setWindowRect: true, strictFileInteractability: false, timeouts: {implicit: 0, pageLoad: 300000, script: 30000}, unhandledPromptBehavior: dismiss and notify, webauthn:extension:credBlob: true, webauthn:extension:largeBlob: true, webauthn:virtualAuthenticators: true}
Session ID: 478941ee266b366c9c25095e0f00b553
*** Element info: {Using=xpath, value=(//*[@id="file_tab_table"])[2]//tbody/tr[1]/*[10]/*[2]}
	at org.openqa.selenium.remote.http.W3CHttpResponseCodec.createException(W3CHttpResponseCodec.java:187)
	at org.openqa.selenium.remote.http.W3CHttpResponseCodec.decode(W3CHttpResponseCodec.java:122)
	at org.openqa.selenium.remote.http.W3CHttpResponseCodec.decode(W3CHttpResponseCodec.java:49)
	at org.openqa.selenium.remote.HttpCommandExecutor.execute(HttpCommandExecutor.java:158)
	at org.openqa.selenium.remote.service.DriverCommandExecutor.execute(DriverCommandExecutor.java:83)
	at org.openqa.selenium.remote.RemoteWebDriver.execute(RemoteWebDriver.java:552)
	at org.openqa.selenium.remote.RemoteWebDriver.findElement(RemoteWebDriver.java:323)
	at org.openqa.selenium.remote.RemoteWebDriver.findElementByXPath(RemoteWebDriver.java:428)
	at org.openqa.selenium.By$ByXPath.findElement(By.java:353)
	at org.openqa.selenium.remote.RemoteWebDriver.findElement(RemoteWebDriver.java:315)
	at org.openqa.selenium.WebDriver$findElement$1.call(Unknown Source)
	at ctdc.utilities.runtestcaseforKatalon.ReadCasesTableKatalon(runtestcaseforKatalon.groovy:501)
	at ctdc.utilities.runtestcaseforKatalon.multiFunction(runtestcaseforKatalon.groovy:254)
	at ctdc.utilities.runtestcaseforKatalon.invokeMethod(runtestcaseforKatalon.groovy)
	at com.kms.katalon.core.main.CustomKeywordDelegatingMetaClass.invokeStaticMethod(CustomKeywordDelegatingMetaClass.java:50)
	... 14 more]]></system-out>
         <system-err><![CDATA[2021-11-30 22:05:20 - [TEST_CASE][ERROR] - Test Cases/Canine_TestCases/StudyCombinations/Study-Combinations-COTC022/TC01_Canine_StudyCOTC022-Breed_Diagnosis_PrimDiseaseSite: Test Cases/Canine_TestCases/StudyCombinations/Study-Combinations-COTC022/TC01_Canine_StudyCOTC022-Breed_Diagnosis_PrimDiseaseSite FAILED.
Reason:
org.openqa.selenium.NoSuchElementException: no such element: Unable to locate element: {"method":"xpath","selector":"(//*[@id="file_tab_table"])[2]//tbody/tr[1]/*[10]/*[2]"}
  (Session info: headless chrome=96.0.4664.45)
For documentation on this error, please visit: https://www.seleniumhq.org/exceptions/no_such_element.html
Build info: version: '3.141.59', revision: 'e82be7d358', time: '2018-11-14T08:25:53'
System info: host: 'NCI-02195104-L', ip: '192.168.0.86', os.name: 'Windows 10', os.arch: 'amd64', os.version: '10.0', java.version: '1.8.0_181'
Driver info: org.openqa.selenium.chrome.ChromeDriver
Capabilities {acceptInsecureCerts: false, browserName: chrome, browserVersion: 96.0.4664.45, chrome: {chromedriverVersion: 95.0.4638.17 (a9d0719444d4b..., userDataDir: C:\Users\sohilz2\AppData\Lo...}, goog:chromeOptions: {debuggerAddress: localhost:56469}, javascriptEnabled: true, networkConnectionEnabled: false, pageLoadStrategy: normal, platform: WINDOWS, platformName: WINDOWS, proxy: Proxy(), setWindowRect: true, strictFileInteractability: false, timeouts: {implicit: 0, pageLoad: 300000, script: 30000}, unhandledPromptBehavior: dismiss and notify, webauthn:extension:credBlob: true, webauthn:extension:largeBlob: true, webauthn:virtualAuthenticators: true}
Session ID: 478941ee266b366c9c25095e0f00b553
*** Element info: {Using=xpath, value=(//*[@id="file_tab_table"])[2]//tbody/tr[1]/*[10]/*[2]}
	at org.openqa.selenium.remote.http.W3CHttpResponseCodec.createException(W3CHttpResponseCodec.java:187)
	at org.openqa.selenium.remote.http.W3CHttpResponseCodec.decode(W3CHttpResponseCodec.java:122)
	at org.openqa.selenium.remote.http.W3CHttpResponseCodec.decode(W3CHttpResponseCodec.java:49)
	at org.openqa.selenium.remote.HttpCommandExecutor.execute(HttpCommandExecutor.java:158)
	at org.openqa.selenium.remote.service.DriverCommandExecutor.execute(DriverCommandExecutor.java:83)
	at org.openqa.selenium.remote.RemoteWebDriver.execute(RemoteWebDriver.java:552)
	at org.openqa.selenium.remote.RemoteWebDriver.findElement(RemoteWebDriver.java:323)
	at org.openqa.selenium.remote.RemoteWebDriver.findElementByXPath(RemoteWebDriver.java:428)
	at org.openqa.selenium.By$ByXPath.findElement(By.java:353)
	at org.openqa.selenium.remote.RemoteWebDriver.findElement(RemoteWebDriver.java:315)
	at org.openqa.selenium.WebDriver$findElement$1.call(Unknown Source)
	at ctdc.utilities.runtestcaseforKatalon.ReadCasesTableKatalon(runtestcaseforKatalon.groovy:501)
	at ctdc.utilities.runtestcaseforKatalon.multiFunction(runtestcaseforKatalon.groovy:254)
	at ctdc.utilities.runtestcaseforKatalon.invokeMethod(runtestcaseforKatalon.groovy)
	at com.kms.katalon.core.main.CustomKeywordDelegatingMetaClass.invokeStaticMethod(CustomKeywordDelegatingMetaClass.java:50)
	at TC01_Canine_StudyCOTC022-Breed_Diagnosis_PrimDiseaseSite.run(TC01_Canine_StudyCOTC022-Breed_Diagnosis_PrimDiseaseSite:104)
	at com.kms.katalon.core.main.ScriptEngine.run(ScriptEngine.java:194)
	at com.kms.katalon.core.main.ScriptEngine.runScriptAsRawText(ScriptEngine.java:119)
	at com.kms.katalon.core.main.TestCaseExecutor.runScript(TestCaseExecutor.java:442)
	at com.kms.katalon.core.main.TestCaseExecutor.doExecute(TestCaseExecutor.java:433)
	at com.kms.katalon.core.main.TestCaseExecutor.processExecutionPhase(TestCaseExecutor.java:412)
	at com.kms.katalon.core.main.TestCaseExecutor.accessMainPhase(TestCaseExecutor.java:404)
	at com.kms.katalon.core.main.TestCaseExecutor.execute(TestCaseExecutor.java:281)
	at com.kms.katalon.core.main.TestSuiteExecutor.accessTestCaseMainPhase(TestSuiteExecutor.java:202)
	at com.kms.katalon.core.main.TestSuiteExecutor.accessTestSuiteMainPhase(TestSuiteExecutor.java:164)
	at com.kms.katalon.core.main.TestSuiteExecutor.execute(TestSuiteExecutor.java:105)
	at com.kms.katalon.core.main.TestCaseMain.startTestSuite(TestCaseMain.java:181)
	at com.kms.katalon.core.main.TestCaseMain$startTestSuite$0.call(Unknown Source)
	at TempTestSuite1638327915632.run(TempTestSuite1638327915632.groovy:36)]]></system-err>
      </testcase>
      <testcase name="Test Cases/Canine_TestCases/StudyCombinations/Study-Combinations-COTC022/TC02_Canine_StudyCOTC022-Breed_Diagnosis_PrimDiseaseSite" time="82.148" classname="Test Cases/Canine_TestCases/StudyCombinations/Study-Combinations-COTC022/TC02_Canine_StudyCOTC022-Breed_Diagnosis_PrimDiseaseSite" status="PASSED">
         <system-out><![CDATA[2021-11-30 22:08:10 - [TEST_CASE][PASSED] - Test Cases/Canine_TestCases/StudyCombinations/Study-Combinations-COTC022/TC02_Canine_StudyCOTC022-Breed_Diagnosis_PrimDiseaseSite: Test Cases/Canine_TestCases/StudyCombinations/Study-Combinations-COTC022/TC02_Canine_StudyCOTC022-Breed_Diagnosis_PrimDiseaseSite

2021-11-30 22:08:10 - [TEST_STEP][PASSED] - Start listener action : getTestScriptName: null

2021-11-30 22:08:10 - [TEST_STEP][PASSED] - TestCaseId = testCaseContext.getTestCaseId(): null

2021-11-30 22:08:10 - [TEST_STEP][PASSED] - out.println("**********this is the value of test case id string******** " + testCaseContext.getTestCaseId()): null

2021-11-30 22:08:10 - [TEST_STEP][PASSED] - G_currentTCName = TestCaseId.substring(TestCaseId.lastIndexOf("TC")): null

2021-11-30 22:08:10 - [TEST_STEP][PASSED] - out.println("This is the test case name : " + G_currentTCName): null

2021-11-30 22:08:11 - [TEST_STEP][PASSED] - closeBrowser(): Browser is closed

2021-11-30 22:08:11 - [MESSAGE][PASSED] - Browser is closed

2021-11-30 22:08:11 - [TEST_STEP][PASSED] - ctdc.utilities.runtestcaseforKatalon.RunKatalon("TC02_Canine_StudyCOTC022-Breed_Diagnosis_PrimDiseaseSite.xlsx"): Data loaded from input file for the test case. 

2021-11-30 22:08:11 - [MESSAGE][PASSED] - Test case file loaded This is the full filepath after converting to string :C:\Users\sohilz2\Commons_Automation\InputFiles\TC02_Canine_StudyCOTC022-Breed_Diagnosis_PrimDiseaseSite.xlsx

2021-11-30 22:08:11 - [MESSAGE][INFO] - Global variable set for password file is :  C:\Users\sohilz2\Commons_Automation\InputFiles\TC02_Canine_StudyCOTC022-Breed_Diagnosis_PrimDiseaseSite.xlsx

2021-11-30 22:08:15 - [MESSAGE][PASSED] - Data loaded from input file for the test case. 

2021-11-30 22:08:29 - [TEST_STEP][PASSED] - ctdc.utilities.runtestcaseforKatalon.clickTab("Object Repository/Canine/Canine_PopUp_Continue_Btn"): ctdc.utilities.runtestcaseforKatalon.clickTab is PASSED

2021-11-30 22:08:29 - [MESSAGE][PASSED] - ctdc.utilities.runtestcaseforKatalon.clickTab is PASSED

2021-11-30 22:08:29 - [TEST_STEP][PASSED] - out.println("Closed the popup window"): null

2021-11-30 22:08:29 - [TEST_STEP][PASSED] - waitForElementPresent(findTestObject("Canine/NavBar/Canine_Cases_Btn"), 20): Object 'Object Repository/Canine/NavBar/Canine_Cases_Btn' is present

2021-11-30 22:08:29 - [MESSAGE][PASSED] - Object 'Object Repository/Canine/NavBar/Canine_Cases_Btn' is present

2021-11-30 22:08:29 - [TEST_STEP][PASSED] - ctdc.utilities.runtestcaseforKatalon.clickTab("Canine/NavBar/Canine_Cases_Btn"): ctdc.utilities.runtestcaseforKatalon.clickTab is PASSED

2021-11-30 22:08:29 - [MESSAGE][PASSED] - ctdc.utilities.runtestcaseforKatalon.clickTab is PASSED

2021-11-30 22:08:29 - [TEST_STEP][PASSED] - waitForElementPresent(findTestObject("Object Repository/Canine/Filter/FilterByCases_Facet"), 20): Object 'Object Repository/Canine/Filter/FilterByCases_Facet' is present

2021-11-30 22:08:30 - [MESSAGE][PASSED] - Object 'Object Repository/Canine/Filter/FilterByCases_Facet' is present

2021-11-30 22:08:30 - [TEST_STEP][PASSED] - ctdc.utilities.runtestcaseforKatalon.clickTab("Object Repository/Canine/Filter/FilterByCases_Facet"): ctdc.utilities.runtestcaseforKatalon.clickTab is PASSED

2021-11-30 22:08:31 - [MESSAGE][PASSED] - ctdc.utilities.runtestcaseforKatalon.clickTab is PASSED

2021-11-30 22:08:31 - [TEST_STEP][PASSED] - waitForElementPresent(findTestObject("Object Repository/Canine/Filter/Study/Canine_Filter_Study"), 30): Object 'Object Repository/Canine/Filter/Study/Canine_Filter_Study' is present

2021-11-30 22:08:31 - [MESSAGE][PASSED] - Object 'Object Repository/Canine/Filter/Study/Canine_Filter_Study' is present

2021-11-30 22:08:31 - [TEST_STEP][PASSED] - ctdc.utilities.runtestcaseforKatalon.clickTab("Object Repository/Canine/Filter/Study/Canine_Filter_Study"): ctdc.utilities.runtestcaseforKatalon.clickTab is PASSED

2021-11-30 22:08:32 - [MESSAGE][PASSED] - ctdc.utilities.runtestcaseforKatalon.clickTab is PASSED

2021-11-30 22:08:32 - [TEST_STEP][PASSED] - waitForElementPresent(findTestObject("Object Repository/Canine/Filter/Study/Canine_Filter_Study-COTC022_Chkbx"), 30): Object 'Object Repository/Canine/Filter/Study/Canine_Filter_Study-COTC022_Chkbx' is present

2021-11-30 22:08:32 - [MESSAGE][PASSED] - Object 'Object Repository/Canine/Filter/Study/Canine_Filter_Study-COTC022_Chkbx' is present

2021-11-30 22:08:32 - [TEST_STEP][PASSED] - ctdc.utilities.runtestcaseforKatalon.clickTabCanineStat("Object Repository/Canine/Filter/Study/Canine_Filter_Study-COTC022_Chkbx"): ctdc.utilities.runtestcaseforKatalon.clickTabCanineStat is PASSED

2021-11-30 22:08:33 - [MESSAGE][PASSED] - ctdc.utilities.runtestcaseforKatalon.clickTabCanineStat is PASSED

2021-11-30 22:08:33 - [TEST_STEP][PASSED] - waitForElementPresent(findTestObject("Object Repository/Canine/Filter/Breed/BREED_Ddn"), 30): Object 'Object Repository/Canine/Filter/Breed/BREED_Ddn' is present

2021-11-30 22:08:33 - [MESSAGE][PASSED] - Object 'Object Repository/Canine/Filter/Breed/BREED_Ddn' is present

2021-11-30 22:08:33 - [TEST_STEP][PASSED] - verifyElementPresent(findTestObject("Object Repository/Canine/Filter/Breed/BREED_Ddn"), 5): Object 'Object Repository/Canine/Filter/Breed/BREED_Ddn' is present

2021-11-30 22:08:34 - [MESSAGE][PASSED] - Object 'Object Repository/Canine/Filter/Breed/BREED_Ddn' is present

2021-11-30 22:08:34 - [TEST_STEP][PASSED] - ctdc.utilities.runtestcaseforKatalon.clickTabCanineStat("Object Repository/Canine/Filter/Breed/BREED_Ddn"): ctdc.utilities.runtestcaseforKatalon.clickTabCanineStat is PASSED

2021-11-30 22:08:35 - [MESSAGE][PASSED] - ctdc.utilities.runtestcaseforKatalon.clickTabCanineStat is PASSED

2021-11-30 22:08:35 - [TEST_STEP][PASSED] - waitForElementPresent(findTestObject("Object Repository/Canine/Filter/Breed/Anatolin_Shphrd_Dog_Chkbx"), 30): Object 'Object Repository/Canine/Filter/Breed/Anatolin_Shphrd_Dog_Chkbx' is present

2021-11-30 22:08:35 - [MESSAGE][PASSED] - Object 'Object Repository/Canine/Filter/Breed/Anatolin_Shphrd_Dog_Chkbx' is present

2021-11-30 22:08:35 - [TEST_STEP][PASSED] - verifyElementPresent(findTestObject("Object Repository/Canine/Filter/Breed/Anatolin_Shphrd_Dog_Chkbx"), 5): Object 'Object Repository/Canine/Filter/Breed/Anatolin_Shphrd_Dog_Chkbx' is present

2021-11-30 22:08:35 - [MESSAGE][PASSED] - Object 'Object Repository/Canine/Filter/Breed/Anatolin_Shphrd_Dog_Chkbx' is present

2021-11-30 22:08:35 - [TEST_STEP][PASSED] - ctdc.utilities.runtestcaseforKatalon.clickTabCanineStat("Object Repository/Canine/Filter/Breed/Anatolin_Shphrd_Dog_Chkbx"): ctdc.utilities.runtestcaseforKatalon.clickTabCanineStat is PASSED

2021-11-30 22:08:36 - [MESSAGE][PASSED] - ctdc.utilities.runtestcaseforKatalon.clickTabCanineStat is PASSED

2021-11-30 22:08:36 - [TEST_STEP][PASSED] - waitForElementPresent(findTestObject("Object Repository/Canine/Filter/Breed/SaintBnd_Chkbx"), 30): Object 'Object Repository/Canine/Filter/Breed/SaintBnd_Chkbx' is present

2021-11-30 22:08:36 - [MESSAGE][PASSED] - Object 'Object Repository/Canine/Filter/Breed/SaintBnd_Chkbx' is present

2021-11-30 22:08:36 - [TEST_STEP][PASSED] - verifyElementPresent(findTestObject("Object Repository/Canine/Filter/Breed/SaintBnd_Chkbx"), 5): Object 'Object Repository/Canine/Filter/Breed/SaintBnd_Chkbx' is present

2021-11-30 22:08:37 - [MESSAGE][PASSED] - Object 'Object Repository/Canine/Filter/Breed/SaintBnd_Chkbx' is present

2021-11-30 22:08:37 - [TEST_STEP][PASSED] - ctdc.utilities.runtestcaseforKatalon.clickTabCanineStat("Object Repository/Canine/Filter/Breed/SaintBnd_Chkbx"): ctdc.utilities.runtestcaseforKatalon.clickTabCanineStat is PASSED

2021-11-30 22:08:38 - [MESSAGE][PASSED] - ctdc.utilities.runtestcaseforKatalon.clickTabCanineStat is PASSED

2021-11-30 22:08:38 - [TEST_STEP][PASSED] - waitForElementPresent(findTestObject("Object Repository/Canine/Filter/Diagnosis/DIAGNOSIS_Ddn"), 30): Object 'Object Repository/Canine/Filter/Diagnosis/DIAGNOSIS_Ddn' is present

2021-11-30 22:08:38 - [MESSAGE][PASSED] - Object 'Object Repository/Canine/Filter/Diagnosis/DIAGNOSIS_Ddn' is present

2021-11-30 22:08:38 - [TEST_STEP][PASSED] - verifyElementPresent(findTestObject("Object Repository/Canine/Filter/Diagnosis/DIAGNOSIS_Ddn"), 5): Object 'Object Repository/Canine/Filter/Diagnosis/DIAGNOSIS_Ddn' is present

2021-11-30 22:08:38 - [MESSAGE][PASSED] - Object 'Object Repository/Canine/Filter/Diagnosis/DIAGNOSIS_Ddn' is present

2021-11-30 22:08:38 - [TEST_STEP][PASSED] - ctdc.utilities.runtestcaseforKatalon.clickTabCanineStat("Object Repository/Canine/Filter/Diagnosis/DIAGNOSIS_Ddn"): ctdc.utilities.runtestcaseforKatalon.clickTabCanineStat is PASSED

2021-11-30 22:08:39 - [MESSAGE][PASSED] - ctdc.utilities.runtestcaseforKatalon.clickTabCanineStat is PASSED

2021-11-30 22:08:39 - [TEST_STEP][PASSED] - waitForElementPresent(findTestObject("Canine/Filter/Diagnosis/OsteoSarcoma_Chkbx"), 30): Object 'Object Repository/Canine/Filter/Diagnosis/OsteoSarcoma_Chkbx' is present

2021-11-30 22:08:39 - [MESSAGE][PASSED] - Object 'Object Repository/Canine/Filter/Diagnosis/OsteoSarcoma_Chkbx' is present

2021-11-30 22:08:39 - [TEST_STEP][PASSED] - verifyElementPresent(findTestObject("Canine/Filter/Diagnosis/OsteoSarcoma_Chkbx"), 5): Object 'Object Repository/Canine/Filter/Diagnosis/OsteoSarcoma_Chkbx' is present

2021-11-30 22:08:39 - [MESSAGE][PASSED] - Object 'Object Repository/Canine/Filter/Diagnosis/OsteoSarcoma_Chkbx' is present

2021-11-30 22:08:39 - [TEST_STEP][PASSED] - ctdc.utilities.runtestcaseforKatalon.clickTabCanineStat("Canine/Filter/Diagnosis/OsteoSarcoma_Chkbx"): ctdc.utilities.runtestcaseforKatalon.clickTabCanineStat is PASSED

2021-11-30 22:08:41 - [MESSAGE][PASSED] - ctdc.utilities.runtestcaseforKatalon.clickTabCanineStat is PASSED

2021-11-30 22:08:41 - [TEST_STEP][PASSED] - waitForElementPresent(findTestObject("Object Repository/Canine/Filter/PrimDiseaseSite/PRIMARYDISEASESITE_Ddn"), 30): Object 'Object Repository/Canine/Filter/PrimDiseaseSite/PRIMARYDISEASESITE_Ddn' is present

2021-11-30 22:08:41 - [MESSAGE][PASSED] - Object 'Object Repository/Canine/Filter/PrimDiseaseSite/PRIMARYDISEASESITE_Ddn' is present

2021-11-30 22:08:41 - [TEST_STEP][PASSED] - verifyElementPresent(findTestObject("Object Repository/Canine/Filter/PrimDiseaseSite/PRIMARYDISEASESITE_Ddn"), 5): Object 'Object Repository/Canine/Filter/PrimDiseaseSite/PRIMARYDISEASESITE_Ddn' is present

2021-11-30 22:08:41 - [MESSAGE][PASSED] - Object 'Object Repository/Canine/Filter/PrimDiseaseSite/PRIMARYDISEASESITE_Ddn' is present

2021-11-30 22:08:41 - [TEST_STEP][PASSED] - ctdc.utilities.runtestcaseforKatalon.clickTabCanineStat("Canine/Filter/PrimDiseaseSite/PRIMARYDISEASESITE_Ddn"): ctdc.utilities.runtestcaseforKatalon.clickTabCanineStat is PASSED

2021-11-30 22:08:42 - [MESSAGE][PASSED] - ctdc.utilities.runtestcaseforKatalon.clickTabCanineStat is PASSED

2021-11-30 22:08:42 - [TEST_STEP][PASSED] - waitForElementPresent(findTestObject("Object Repository/Canine/Filter/PrimDiseaseSite/BoneApendicular_Chkbx"), 30): Object 'Object Repository/Canine/Filter/PrimDiseaseSite/BoneApendicular_Chkbx' is present

2021-11-30 22:08:42 - [MESSAGE][PASSED] - Object 'Object Repository/Canine/Filter/PrimDiseaseSite/BoneApendicular_Chkbx' is present

2021-11-30 22:08:42 - [TEST_STEP][PASSED] - ctdc.utilities.runtestcaseforKatalon.clickTabCanineStat("Object Repository/Canine/Filter/PrimDiseaseSite/BoneApendicular_Chkbx"): ctdc.utilities.runtestcaseforKatalon.clickTabCanineStat is PASSED

2021-11-30 22:08:43 - [MESSAGE][PASSED] - ctdc.utilities.runtestcaseforKatalon.clickTabCanineStat is PASSED

2021-11-30 22:08:43 - [TEST_STEP][PASSED] - ctdc.utilities.runtestcaseforKatalon.readStatBarCanine("Object Repository/Canine/StatBar/Canine_StatBar-Studies", "Object Repository/Canine/StatBar/Canine_StatBar-Cases", "Object Repository/Canine/StatBar/Canine_StatBar-Samples", "Object Repository/Canine/StatBar/Canine_StatBar-CaseFiles", "Object Repository/Canine/StatBar/Canine_StatBar-StudyFiles"): ctdc.utilities.runtestcaseforKatalon.readStatBarCanine is PASSED

2021-11-30 22:08:59 - [MESSAGE][PASSED] - ctdc.utilities.runtestcaseforKatalon.readStatBarCanine is PASSED

2021-11-30 22:08:59 - [TEST_STEP][PASSED] - waitForElementPresent(findTestObject("Object Repository/Canine/CanineResults_Cases_Tab"), 30): Object 'Object Repository/Canine/CanineResults_Cases_Tab' is present

2021-11-30 22:08:59 - [MESSAGE][PASSED] - Object 'Object Repository/Canine/CanineResults_Cases_Tab' is present

2021-11-30 22:08:59 - [TEST_STEP][PASSED] - verifyElementPresent(findTestObject("Object Repository/Canine/CanineResults_Cases_Tab"), 5): Object 'Object Repository/Canine/CanineResults_Cases_Tab' is present

2021-11-30 22:08:59 - [MESSAGE][PASSED] - Object 'Object Repository/Canine/CanineResults_Cases_Tab' is present

2021-11-30 22:08:59 - [TEST_STEP][PASSED] - ctdc.utilities.runtestcaseforKatalon.clickTab("Object Repository/Canine/CanineResults_Cases_Tab"): ctdc.utilities.runtestcaseforKatalon.clickTab is PASSED

2021-11-30 22:08:59 - [MESSAGE][PASSED] - ctdc.utilities.runtestcaseforKatalon.clickTab is PASSED

2021-11-30 22:08:59 - [TEST_STEP][PASSED] - ctdc.utilities.runtestcaseforKatalon.multiFunction("ICDC", G_StatBar_Cases, "Object Repository/Canine/Canine_CasesTable", "Object Repository/Canine/Canine_TableHeader", "Object Repository/Canine/Canine_CasesTabNextBtn", G_WebTabnameCases, G_CypherTabnameCases, G_QueryCasesTab): Statbar Studies count matches

2021-11-30 22:09:17 - [MESSAGE][PASSED] - Statbar Case Files count matches

2021-11-30 22:09:17 - [MESSAGE][PASSED] - Statbar Samples count matches

2021-11-30 22:09:17 - [MESSAGE][PASSED] - Statbar Cases count matches

2021-11-30 22:09:17 - [MESSAGE][PASSED] - Statbar Studies count matches

2021-11-30 22:09:17 - [TEST_STEP][PASSED] - waitForElementPresent(findTestObject("Object Repository/Canine/CanineResults_Samples_Tab"), 30): Object 'Object Repository/Canine/CanineResults_Samples_Tab' is present

2021-11-30 22:09:17 - [MESSAGE][PASSED] - Object 'Object Repository/Canine/CanineResults_Samples_Tab' is present

2021-11-30 22:09:17 - [TEST_STEP][PASSED] - verifyElementPresent(findTestObject("Object Repository/Canine/CanineResults_Samples_Tab"), 5): Object 'Object Repository/Canine/CanineResults_Samples_Tab' is present

2021-11-30 22:09:18 - [MESSAGE][PASSED] - Object 'Object Repository/Canine/CanineResults_Samples_Tab' is present

2021-11-30 22:09:18 - [TEST_STEP][PASSED] - ctdc.utilities.runtestcaseforKatalon.clickTab("Object Repository/Canine/CanineResults_Samples_Tab"): ctdc.utilities.runtestcaseforKatalon.clickTab is PASSED

2021-11-30 22:09:18 - [MESSAGE][PASSED] - ctdc.utilities.runtestcaseforKatalon.clickTab is PASSED

2021-11-30 22:09:18 - [TEST_STEP][PASSED] - ctdc.utilities.runtestcaseforKatalon.multiFunction("ICDC", G_StatBar_Samples, "Object Repository/Canine/Canine_Samples_Table", "Object Repository/Canine/Canine_Samples_TableHdr", "Object Repository/Canine/Canine_SamplesTabNextBtn", G_WebTabnameSamples, G_CypherTabnameSamples, G_QuerySamplesTab): Statbar Studies count matches

2021-11-30 22:09:33 - [MESSAGE][PASSED] - Statbar Case Files count matches

2021-11-30 22:09:33 - [MESSAGE][PASSED] - Statbar Samples count matches

2021-11-30 22:09:33 - [MESSAGE][PASSED] - Statbar Cases count matches

2021-11-30 22:09:33 - [MESSAGE][PASSED] - Statbar Studies count matches]]></system-out>
         <system-err><![CDATA[]]></system-err>
      </testcase>
      <testcase name="Test Cases/Canine_TestCases/StudyCombinations/Study-Combinations-COTC022/TC03_Canine_StudyCOTC022-Breed_Diagnosis_PrimDiseaseSite" time="84.408" classname="Test Cases/Canine_TestCases/StudyCombinations/Study-Combinations-COTC022/TC03_Canine_StudyCOTC022-Breed_Diagnosis_PrimDiseaseSite" status="PASSED">
         <system-out><![CDATA[2021-11-30 22:09:33 - [TEST_CASE][PASSED] - Test Cases/Canine_TestCases/StudyCombinations/Study-Combinations-COTC022/TC03_Canine_StudyCOTC022-Breed_Diagnosis_PrimDiseaseSite: Test Cases/Canine_TestCases/StudyCombinations/Study-Combinations-COTC022/TC03_Canine_StudyCOTC022-Breed_Diagnosis_PrimDiseaseSite

2021-11-30 22:09:33 - [TEST_STEP][PASSED] - Start listener action : getTestScriptName: null

2021-11-30 22:09:33 - [TEST_STEP][PASSED] - TestCaseId = testCaseContext.getTestCaseId(): null

2021-11-30 22:09:33 - [TEST_STEP][PASSED] - out.println("**********this is the value of test case id string******** " + testCaseContext.getTestCaseId()): null

2021-11-30 22:09:33 - [TEST_STEP][PASSED] - G_currentTCName = TestCaseId.substring(TestCaseId.lastIndexOf("TC")): null

2021-11-30 22:09:33 - [TEST_STEP][PASSED] - out.println("This is the test case name : " + G_currentTCName): null

2021-11-30 22:09:33 - [TEST_STEP][PASSED] - closeBrowser(): Browser is closed

2021-11-30 22:09:34 - [MESSAGE][PASSED] - Browser is closed

2021-11-30 22:09:34 - [TEST_STEP][PASSED] - ctdc.utilities.runtestcaseforKatalon.RunKatalon("TC03_Canine_StudyCOTC022-Breed_Diagnosis_PrimDiseaseSite.xlsx"): Data loaded from input file for the test case. 

2021-11-30 22:09:34 - [MESSAGE][PASSED] - Test case file loaded This is the full filepath after converting to string :C:\Users\sohilz2\Commons_Automation\InputFiles\TC03_Canine_StudyCOTC022-Breed_Diagnosis_PrimDiseaseSite.xlsx

2021-11-30 22:09:34 - [MESSAGE][INFO] - Global variable set for password file is :  C:\Users\sohilz2\Commons_Automation\InputFiles\TC03_Canine_StudyCOTC022-Breed_Diagnosis_PrimDiseaseSite.xlsx

2021-11-30 22:09:38 - [MESSAGE][PASSED] - Data loaded from input file for the test case. 

2021-11-30 22:09:52 - [TEST_STEP][PASSED] - ctdc.utilities.runtestcaseforKatalon.clickTab("Object Repository/Canine/Canine_PopUp_Continue_Btn"): ctdc.utilities.runtestcaseforKatalon.clickTab is PASSED

2021-11-30 22:09:52 - [MESSAGE][PASSED] - ctdc.utilities.runtestcaseforKatalon.clickTab is PASSED

2021-11-30 22:09:52 - [TEST_STEP][PASSED] - out.println("Closed the popup window"): null

2021-11-30 22:09:52 - [TEST_STEP][PASSED] - waitForElementPresent(findTestObject("Canine/NavBar/Canine_Cases_Btn"), 20): Object 'Object Repository/Canine/NavBar/Canine_Cases_Btn' is present

2021-11-30 22:09:52 - [MESSAGE][PASSED] - Object 'Object Repository/Canine/NavBar/Canine_Cases_Btn' is present

2021-11-30 22:09:52 - [TEST_STEP][PASSED] - ctdc.utilities.runtestcaseforKatalon.clickTab("Canine/NavBar/Canine_Cases_Btn"): ctdc.utilities.runtestcaseforKatalon.clickTab is PASSED

2021-11-30 22:09:52 - [MESSAGE][PASSED] - ctdc.utilities.runtestcaseforKatalon.clickTab is PASSED

2021-11-30 22:09:52 - [TEST_STEP][PASSED] - waitForElementPresent(findTestObject("Object Repository/Canine/Filter/FilterByCases_Facet"), 20): Object 'Object Repository/Canine/Filter/FilterByCases_Facet' is present

2021-11-30 22:09:54 - [MESSAGE][PASSED] - Object 'Object Repository/Canine/Filter/FilterByCases_Facet' is present

2021-11-30 22:09:54 - [TEST_STEP][PASSED] - ctdc.utilities.runtestcaseforKatalon.clickTab("Object Repository/Canine/Filter/FilterByCases_Facet"): ctdc.utilities.runtestcaseforKatalon.clickTab is PASSED

2021-11-30 22:09:54 - [MESSAGE][PASSED] - ctdc.utilities.runtestcaseforKatalon.clickTab is PASSED

2021-11-30 22:09:54 - [TEST_STEP][PASSED] - waitForElementPresent(findTestObject("Object Repository/Canine/Filter/Study/Canine_Filter_Study"), 30): Object 'Object Repository/Canine/Filter/Study/Canine_Filter_Study' is present

2021-11-30 22:09:55 - [MESSAGE][PASSED] - Object 'Object Repository/Canine/Filter/Study/Canine_Filter_Study' is present

2021-11-30 22:09:55 - [TEST_STEP][PASSED] - ctdc.utilities.runtestcaseforKatalon.clickTab("Object Repository/Canine/Filter/Study/Canine_Filter_Study"): ctdc.utilities.runtestcaseforKatalon.clickTab is PASSED

2021-11-30 22:09:55 - [MESSAGE][PASSED] - ctdc.utilities.runtestcaseforKatalon.clickTab is PASSED

2021-11-30 22:09:55 - [TEST_STEP][PASSED] - waitForElementPresent(findTestObject("Object Repository/Canine/Filter/Study/Canine_Filter_Study-COTC022_Chkbx"), 30): Object 'Object Repository/Canine/Filter/Study/Canine_Filter_Study-COTC022_Chkbx' is present

2021-11-30 22:09:56 - [MESSAGE][PASSED] - Object 'Object Repository/Canine/Filter/Study/Canine_Filter_Study-COTC022_Chkbx' is present

2021-11-30 22:09:56 - [TEST_STEP][PASSED] - ctdc.utilities.runtestcaseforKatalon.clickTabCanineStat("Object Repository/Canine/Filter/Study/Canine_Filter_Study-COTC022_Chkbx"): ctdc.utilities.runtestcaseforKatalon.clickTabCanineStat is PASSED

2021-11-30 22:09:58 - [MESSAGE][PASSED] - ctdc.utilities.runtestcaseforKatalon.clickTabCanineStat is PASSED

2021-11-30 22:09:58 - [TEST_STEP][PASSED] - waitForElementPresent(findTestObject("Object Repository/Canine/Filter/Breed/BREED_Ddn"), 30): Object 'Object Repository/Canine/Filter/Breed/BREED_Ddn' is present

2021-11-30 22:09:58 - [MESSAGE][PASSED] - Object 'Object Repository/Canine/Filter/Breed/BREED_Ddn' is present

2021-11-30 22:09:58 - [TEST_STEP][PASSED] - verifyElementPresent(findTestObject("Object Repository/Canine/Filter/Breed/BREED_Ddn"), 5): Object 'Object Repository/Canine/Filter/Breed/BREED_Ddn' is present

2021-11-30 22:09:58 - [MESSAGE][PASSED] - Object 'Object Repository/Canine/Filter/Breed/BREED_Ddn' is present

2021-11-30 22:09:58 - [TEST_STEP][PASSED] - ctdc.utilities.runtestcaseforKatalon.clickTabCanineStat("Object Repository/Canine/Filter/Breed/BREED_Ddn"): ctdc.utilities.runtestcaseforKatalon.clickTabCanineStat is PASSED

2021-11-30 22:09:59 - [MESSAGE][PASSED] - ctdc.utilities.runtestcaseforKatalon.clickTabCanineStat is PASSED

2021-11-30 22:09:59 - [TEST_STEP][PASSED] - waitForElementPresent(findTestObject("Object Repository/Canine/Filter/Breed/AusShephd_Chkbx"), 30): Object 'Object Repository/Canine/Filter/Breed/AusShephd_Chkbx' is present

2021-11-30 22:09:59 - [MESSAGE][PASSED] - Object 'Object Repository/Canine/Filter/Breed/AusShephd_Chkbx' is present

2021-11-30 22:09:59 - [TEST_STEP][PASSED] - verifyElementPresent(findTestObject("Object Repository/Canine/Filter/Breed/AusShephd_Chkbx"), 5): Object 'Object Repository/Canine/Filter/Breed/AusShephd_Chkbx' is present

2021-11-30 22:09:59 - [MESSAGE][PASSED] - Object 'Object Repository/Canine/Filter/Breed/AusShephd_Chkbx' is present

2021-11-30 22:09:59 - [TEST_STEP][PASSED] - ctdc.utilities.runtestcaseforKatalon.clickTabCanineStat("Object Repository/Canine/Filter/Breed/AusShephd_Chkbx"): ctdc.utilities.runtestcaseforKatalon.clickTabCanineStat is PASSED

2021-11-30 22:10:01 - [MESSAGE][PASSED] - ctdc.utilities.runtestcaseforKatalon.clickTabCanineStat is PASSED

2021-11-30 22:10:01 - [TEST_STEP][PASSED] - waitForElementPresent(findTestObject("Object Repository/Canine/Filter/Breed/Newfoundland_Chkbx"), 30): Object 'Object Repository/Canine/Filter/Breed/Newfoundland_Chkbx' is present

2021-11-30 22:10:01 - [MESSAGE][PASSED] - Object 'Object Repository/Canine/Filter/Breed/Newfoundland_Chkbx' is present

2021-11-30 22:10:01 - [TEST_STEP][PASSED] - verifyElementPresent(findTestObject("Object Repository/Canine/Filter/Breed/Newfoundland_Chkbx"), 5): Object 'Object Repository/Canine/Filter/Breed/Newfoundland_Chkbx' is present

2021-11-30 22:10:01 - [MESSAGE][PASSED] - Object 'Object Repository/Canine/Filter/Breed/Newfoundland_Chkbx' is present

2021-11-30 22:10:01 - [TEST_STEP][PASSED] - ctdc.utilities.runtestcaseforKatalon.clickTabCanineStat("Object Repository/Canine/Filter/Breed/Newfoundland_Chkbx"): ctdc.utilities.runtestcaseforKatalon.clickTabCanineStat is PASSED

2021-11-30 22:10:02 - [MESSAGE][PASSED] - ctdc.utilities.runtestcaseforKatalon.clickTabCanineStat is PASSED

2021-11-30 22:10:02 - [TEST_STEP][PASSED] - waitForElementPresent(findTestObject("Object Repository/Canine/Filter/Diagnosis/DIAGNOSIS_Ddn"), 30): Object 'Object Repository/Canine/Filter/Diagnosis/DIAGNOSIS_Ddn' is present

2021-11-30 22:10:02 - [MESSAGE][PASSED] - Object 'Object Repository/Canine/Filter/Diagnosis/DIAGNOSIS_Ddn' is present

2021-11-30 22:10:02 - [TEST_STEP][PASSED] - verifyElementPresent(findTestObject("Object Repository/Canine/Filter/Diagnosis/DIAGNOSIS_Ddn"), 5): Object 'Object Repository/Canine/Filter/Diagnosis/DIAGNOSIS_Ddn' is present

2021-11-30 22:10:02 - [MESSAGE][PASSED] - Object 'Object Repository/Canine/Filter/Diagnosis/DIAGNOSIS_Ddn' is present

2021-11-30 22:10:02 - [TEST_STEP][PASSED] - ctdc.utilities.runtestcaseforKatalon.clickTabCanineStat("Object Repository/Canine/Filter/Diagnosis/DIAGNOSIS_Ddn"): ctdc.utilities.runtestcaseforKatalon.clickTabCanineStat is PASSED

2021-11-30 22:10:04 - [MESSAGE][PASSED] - ctdc.utilities.runtestcaseforKatalon.clickTabCanineStat is PASSED

2021-11-30 22:10:04 - [TEST_STEP][PASSED] - waitForElementPresent(findTestObject("Canine/Filter/Diagnosis/OsteoSarcoma_Chkbx"), 30): Object 'Object Repository/Canine/Filter/Diagnosis/OsteoSarcoma_Chkbx' is present

2021-11-30 22:10:04 - [MESSAGE][PASSED] - Object 'Object Repository/Canine/Filter/Diagnosis/OsteoSarcoma_Chkbx' is present

2021-11-30 22:10:04 - [TEST_STEP][PASSED] - verifyElementPresent(findTestObject("Canine/Filter/Diagnosis/OsteoSarcoma_Chkbx"), 5): Object 'Object Repository/Canine/Filter/Diagnosis/OsteoSarcoma_Chkbx' is present

2021-11-30 22:10:04 - [MESSAGE][PASSED] - Object 'Object Repository/Canine/Filter/Diagnosis/OsteoSarcoma_Chkbx' is present

2021-11-30 22:10:04 - [TEST_STEP][PASSED] - ctdc.utilities.runtestcaseforKatalon.clickTabCanineStat("Canine/Filter/Diagnosis/OsteoSarcoma_Chkbx"): ctdc.utilities.runtestcaseforKatalon.clickTabCanineStat is PASSED

2021-11-30 22:10:05 - [MESSAGE][PASSED] - ctdc.utilities.runtestcaseforKatalon.clickTabCanineStat is PASSED

2021-11-30 22:10:05 - [TEST_STEP][PASSED] - waitForElementPresent(findTestObject("Object Repository/Canine/Filter/PrimDiseaseSite/PRIMARYDISEASESITE_Ddn"), 30): Object 'Object Repository/Canine/Filter/PrimDiseaseSite/PRIMARYDISEASESITE_Ddn' is present

2021-11-30 22:10:05 - [MESSAGE][PASSED] - Object 'Object Repository/Canine/Filter/PrimDiseaseSite/PRIMARYDISEASESITE_Ddn' is present

2021-11-30 22:10:05 - [TEST_STEP][PASSED] - verifyElementPresent(findTestObject("Object Repository/Canine/Filter/PrimDiseaseSite/PRIMARYDISEASESITE_Ddn"), 5): Object 'Object Repository/Canine/Filter/PrimDiseaseSite/PRIMARYDISEASESITE_Ddn' is present

2021-11-30 22:10:05 - [MESSAGE][PASSED] - Object 'Object Repository/Canine/Filter/PrimDiseaseSite/PRIMARYDISEASESITE_Ddn' is present

2021-11-30 22:10:05 - [TEST_STEP][PASSED] - ctdc.utilities.runtestcaseforKatalon.clickTabCanineStat("Canine/Filter/PrimDiseaseSite/PRIMARYDISEASESITE_Ddn"): ctdc.utilities.runtestcaseforKatalon.clickTabCanineStat is PASSED

2021-11-30 22:10:07 - [MESSAGE][PASSED] - ctdc.utilities.runtestcaseforKatalon.clickTabCanineStat is PASSED

2021-11-30 22:10:07 - [TEST_STEP][PASSED] - waitForElementPresent(findTestObject("Object Repository/Canine/Filter/PrimDiseaseSite/BoneApendicular_Chkbx"), 30): Object 'Object Repository/Canine/Filter/PrimDiseaseSite/BoneApendicular_Chkbx' is present

2021-11-30 22:10:07 - [MESSAGE][PASSED] - Object 'Object Repository/Canine/Filter/PrimDiseaseSite/BoneApendicular_Chkbx' is present

2021-11-30 22:10:07 - [TEST_STEP][PASSED] - ctdc.utilities.runtestcaseforKatalon.clickTabCanineStat("Object Repository/Canine/Filter/PrimDiseaseSite/BoneApendicular_Chkbx"): ctdc.utilities.runtestcaseforKatalon.clickTabCanineStat is PASSED

2021-11-30 22:10:08 - [MESSAGE][PASSED] - ctdc.utilities.runtestcaseforKatalon.clickTabCanineStat is PASSED

2021-11-30 22:10:08 - [TEST_STEP][PASSED] - ctdc.utilities.runtestcaseforKatalon.readStatBarCanine("Object Repository/Canine/StatBar/Canine_StatBar-Studies", "Object Repository/Canine/StatBar/Canine_StatBar-Cases", "Object Repository/Canine/StatBar/Canine_StatBar-Samples", "Object Repository/Canine/StatBar/Canine_StatBar-CaseFiles", "Object Repository/Canine/StatBar/Canine_StatBar-StudyFiles"): ctdc.utilities.runtestcaseforKatalon.readStatBarCanine is PASSED

2021-11-30 22:10:23 - [MESSAGE][PASSED] - ctdc.utilities.runtestcaseforKatalon.readStatBarCanine is PASSED

2021-11-30 22:10:23 - [TEST_STEP][PASSED] - waitForElementPresent(findTestObject("Object Repository/Canine/CanineResults_Cases_Tab"), 30): Object 'Object Repository/Canine/CanineResults_Cases_Tab' is present

2021-11-30 22:10:23 - [MESSAGE][PASSED] - Object 'Object Repository/Canine/CanineResults_Cases_Tab' is present

2021-11-30 22:10:23 - [TEST_STEP][PASSED] - verifyElementPresent(findTestObject("Object Repository/Canine/CanineResults_Cases_Tab"), 5): Object 'Object Repository/Canine/CanineResults_Cases_Tab' is present

2021-11-30 22:10:23 - [MESSAGE][PASSED] - Object 'Object Repository/Canine/CanineResults_Cases_Tab' is present

2021-11-30 22:10:23 - [TEST_STEP][PASSED] - ctdc.utilities.runtestcaseforKatalon.clickTab("Object Repository/Canine/CanineResults_Cases_Tab"): ctdc.utilities.runtestcaseforKatalon.clickTab is PASSED

2021-11-30 22:10:24 - [MESSAGE][PASSED] - ctdc.utilities.runtestcaseforKatalon.clickTab is PASSED

2021-11-30 22:10:24 - [TEST_STEP][PASSED] - ctdc.utilities.runtestcaseforKatalon.multiFunction("ICDC", G_StatBar_Cases, "Object Repository/Canine/Canine_CasesTable", "Object Repository/Canine/Canine_TableHeader", "Object Repository/Canine/Canine_CasesTabNextBtn", G_WebTabnameCases, G_CypherTabnameCases, G_QueryCasesTab): Statbar Studies count matches

2021-11-30 22:10:42 - [MESSAGE][PASSED] - Statbar Case Files count matches

2021-11-30 22:10:42 - [MESSAGE][PASSED] - Statbar Samples count matches

2021-11-30 22:10:42 - [MESSAGE][PASSED] - Statbar Cases count matches

2021-11-30 22:10:42 - [MESSAGE][PASSED] - Statbar Studies count matches

2021-11-30 22:10:42 - [TEST_STEP][PASSED] - waitForElementPresent(findTestObject("Object Repository/Canine/CanineResults_Samples_Tab"), 30): Object 'Object Repository/Canine/CanineResults_Samples_Tab' is present

2021-11-30 22:10:42 - [MESSAGE][PASSED] - Object 'Object Repository/Canine/CanineResults_Samples_Tab' is present

2021-11-30 22:10:42 - [TEST_STEP][PASSED] - verifyElementPresent(findTestObject("Object Repository/Canine/CanineResults_Samples_Tab"), 5): Object 'Object Repository/Canine/CanineResults_Samples_Tab' is present

2021-11-30 22:10:42 - [MESSAGE][PASSED] - Object 'Object Repository/Canine/CanineResults_Samples_Tab' is present

2021-11-30 22:10:42 - [TEST_STEP][PASSED] - ctdc.utilities.runtestcaseforKatalon.clickTab("Object Repository/Canine/CanineResults_Samples_Tab"): ctdc.utilities.runtestcaseforKatalon.clickTab is PASSED

2021-11-30 22:10:42 - [MESSAGE][PASSED] - ctdc.utilities.runtestcaseforKatalon.clickTab is PASSED

2021-11-30 22:10:42 - [TEST_STEP][PASSED] - ctdc.utilities.runtestcaseforKatalon.multiFunction("ICDC", G_StatBar_Samples, "Object Repository/Canine/Canine_Samples_Table", "Object Repository/Canine/Canine_Samples_TableHdr", "Object Repository/Canine/Canine_SamplesTabNextBtn", G_WebTabnameSamples, G_CypherTabnameSamples, G_QuerySamplesTab): Statbar Studies count matches

2021-11-30 22:10:57 - [MESSAGE][PASSED] - Statbar Case Files count matches

2021-11-30 22:10:57 - [MESSAGE][PASSED] - Statbar Samples count matches

2021-11-30 22:10:57 - [MESSAGE][PASSED] - Statbar Cases count matches

2021-11-30 22:10:57 - [MESSAGE][PASSED] - Statbar Studies count matches]]></system-out>
         <system-err><![CDATA[]]></system-err>
      </testcase>
      <testcase name="Test Cases/Canine_TestCases/StudyCombinations/Study-Combinations-COTC022/TC03_Canine_StudyCOTC022-StudyType_Breed" time="123.361" classname="Test Cases/Canine_TestCases/StudyCombinations/Study-Combinations-COTC022/TC03_Canine_StudyCOTC022-StudyType_Breed" status="PASSED">
         <system-out><![CDATA[2021-11-30 22:10:57 - [TEST_CASE][PASSED] - Test Cases/Canine_TestCases/StudyCombinations/Study-Combinations-COTC022/TC03_Canine_StudyCOTC022-StudyType_Breed: Test Cases/Canine_TestCases/StudyCombinations/Study-Combinations-COTC022/TC03_Canine_StudyCOTC022-StudyType_Breed

2021-11-30 22:10:57 - [TEST_STEP][PASSED] - Start listener action : getTestScriptName: null

2021-11-30 22:10:57 - [TEST_STEP][PASSED] - TestCaseId = testCaseContext.getTestCaseId(): null

2021-11-30 22:10:57 - [TEST_STEP][PASSED] - out.println("**********this is the value of test case id string******** " + testCaseContext.getTestCaseId()): null

2021-11-30 22:10:57 - [TEST_STEP][PASSED] - G_currentTCName = TestCaseId.substring(TestCaseId.lastIndexOf("TC")): null

2021-11-30 22:10:57 - [TEST_STEP][PASSED] - out.println("This is the test case name : " + G_currentTCName): null

2021-11-30 22:10:58 - [TEST_STEP][PASSED] - closeBrowser(): Browser is closed

2021-11-30 22:10:58 - [MESSAGE][PASSED] - Browser is closed

2021-11-30 22:10:58 - [TEST_STEP][PASSED] - ctdc.utilities.runtestcaseforKatalon.RunKatalon("TC03_Canine_StudyCOTC022-StudyType_Breed.xlsx"): Data loaded from input file for the test case. 

2021-11-30 22:10:58 - [MESSAGE][PASSED] - Test case file loaded This is the full filepath after converting to string :C:\Users\sohilz2\Commons_Automation\InputFiles\TC03_Canine_StudyCOTC022-StudyType_Breed.xlsx

2021-11-30 22:10:58 - [MESSAGE][INFO] - Global variable set for password file is :  C:\Users\sohilz2\Commons_Automation\InputFiles\TC03_Canine_StudyCOTC022-StudyType_Breed.xlsx

2021-11-30 22:11:02 - [MESSAGE][PASSED] - Data loaded from input file for the test case. 

2021-11-30 22:11:15 - [TEST_STEP][PASSED] - ctdc.utilities.runtestcaseforKatalon.clickTab("Object Repository/Canine/Canine_PopUp_Continue_Btn"): ctdc.utilities.runtestcaseforKatalon.clickTab is PASSED

2021-11-30 22:11:15 - [MESSAGE][PASSED] - ctdc.utilities.runtestcaseforKatalon.clickTab is PASSED

2021-11-30 22:11:15 - [TEST_STEP][PASSED] - out.println("Closed the popup window"): null

2021-11-30 22:11:15 - [TEST_STEP][PASSED] - waitForElementPresent(findTestObject("Canine/NavBar/Canine_Cases_Btn"), 20): Object 'Object Repository/Canine/NavBar/Canine_Cases_Btn' is present

2021-11-30 22:11:15 - [MESSAGE][PASSED] - Object 'Object Repository/Canine/NavBar/Canine_Cases_Btn' is present

2021-11-30 22:11:15 - [TEST_STEP][PASSED] - ctdc.utilities.runtestcaseforKatalon.clickTab("Canine/NavBar/Canine_Cases_Btn"): ctdc.utilities.runtestcaseforKatalon.clickTab is PASSED

2021-11-30 22:11:15 - [MESSAGE][PASSED] - ctdc.utilities.runtestcaseforKatalon.clickTab is PASSED

2021-11-30 22:11:15 - [TEST_STEP][PASSED] - waitForElementPresent(findTestObject("Object Repository/Canine/Filter/FilterByCases_Facet"), 20): Object 'Object Repository/Canine/Filter/FilterByCases_Facet' is present

2021-11-30 22:11:16 - [MESSAGE][PASSED] - Object 'Object Repository/Canine/Filter/FilterByCases_Facet' is present

2021-11-30 22:11:16 - [TEST_STEP][PASSED] - ctdc.utilities.runtestcaseforKatalon.clickTab("Object Repository/Canine/Filter/FilterByCases_Facet"): ctdc.utilities.runtestcaseforKatalon.clickTab is PASSED

2021-11-30 22:11:17 - [MESSAGE][PASSED] - ctdc.utilities.runtestcaseforKatalon.clickTab is PASSED

2021-11-30 22:11:17 - [TEST_STEP][PASSED] - waitForElementPresent(findTestObject("Object Repository/Canine/Filter/Study/Canine_Filter_Study"), 30): Object 'Object Repository/Canine/Filter/Study/Canine_Filter_Study' is present

2021-11-30 22:11:18 - [MESSAGE][PASSED] - Object 'Object Repository/Canine/Filter/Study/Canine_Filter_Study' is present

2021-11-30 22:11:18 - [TEST_STEP][PASSED] - ctdc.utilities.runtestcaseforKatalon.clickTab("Object Repository/Canine/Filter/Study/Canine_Filter_Study"): ctdc.utilities.runtestcaseforKatalon.clickTab is PASSED

2021-11-30 22:11:18 - [MESSAGE][PASSED] - ctdc.utilities.runtestcaseforKatalon.clickTab is PASSED

2021-11-30 22:11:18 - [TEST_STEP][PASSED] - waitForElementPresent(findTestObject("Object Repository/Canine/Filter/Study/Canine_Filter_Study-COTC022_Chkbx"), 30): Object 'Object Repository/Canine/Filter/Study/Canine_Filter_Study-COTC022_Chkbx' is present

2021-11-30 22:11:18 - [MESSAGE][PASSED] - Object 'Object Repository/Canine/Filter/Study/Canine_Filter_Study-COTC022_Chkbx' is present

2021-11-30 22:11:18 - [TEST_STEP][PASSED] - ctdc.utilities.runtestcaseforKatalon.clickTabCanineStat("Object Repository/Canine/Filter/Study/Canine_Filter_Study-COTC022_Chkbx"): ctdc.utilities.runtestcaseforKatalon.clickTabCanineStat is PASSED

2021-11-30 22:11:20 - [MESSAGE][PASSED] - ctdc.utilities.runtestcaseforKatalon.clickTabCanineStat is PASSED

2021-11-30 22:11:20 - [TEST_STEP][PASSED] - ctdc.utilities.runtestcaseforKatalon.clickTab("Object Repository/Canine/Filter/Study/Canine_Filter_Study"): ctdc.utilities.runtestcaseforKatalon.clickTab is PASSED

2021-11-30 22:11:20 - [MESSAGE][PASSED] - ctdc.utilities.runtestcaseforKatalon.clickTab is PASSED

2021-11-30 22:11:20 - [TEST_STEP][PASSED] - waitForElementPresent(findTestObject("Object Repository/Canine/Filter/StudyType/Canine_Filter_StudyType"), 30): Object 'Object Repository/Canine/Filter/StudyType/Canine_Filter_StudyType' is present

2021-11-30 22:11:21 - [MESSAGE][PASSED] - Object 'Object Repository/Canine/Filter/StudyType/Canine_Filter_StudyType' is present

2021-11-30 22:11:21 - [TEST_STEP][PASSED] - verifyElementPresent(findTestObject("Object Repository/Canine/Filter/StudyType/Canine_Filter_StudyType"), 5): Object 'Object Repository/Canine/Filter/StudyType/Canine_Filter_StudyType' is present

2021-11-30 22:11:21 - [MESSAGE][PASSED] - Object 'Object Repository/Canine/Filter/StudyType/Canine_Filter_StudyType' is present

2021-11-30 22:11:21 - [TEST_STEP][PASSED] - ctdc.utilities.runtestcaseforKatalon.clickTabCanineStat("Object Repository/Canine/Filter/StudyType/Canine_Filter_StudyType"): ctdc.utilities.runtestcaseforKatalon.clickTabCanineStat is PASSED

2021-11-30 22:11:22 - [MESSAGE][PASSED] - ctdc.utilities.runtestcaseforKatalon.clickTabCanineStat is PASSED

2021-11-30 22:11:22 - [TEST_STEP][PASSED] - waitForElementPresent(findTestObject("Canine/Filter/StudyType/Canine_Filter_StudyType-ClinTrials_Chkbx"), 30): Object 'Object Repository/Canine/Filter/StudyType/Canine_Filter_StudyType-ClinTrials_Chkbx' is present

2021-11-30 22:11:22 - [MESSAGE][PASSED] - Object 'Object Repository/Canine/Filter/StudyType/Canine_Filter_StudyType-ClinTrials_Chkbx' is present

2021-11-30 22:11:22 - [TEST_STEP][PASSED] - verifyElementPresent(findTestObject("Canine/Filter/StudyType/Canine_Filter_StudyType-ClinTrials_Chkbx"), 5): Object 'Object Repository/Canine/Filter/StudyType/Canine_Filter_StudyType-ClinTrials_Chkbx' is present

2021-11-30 22:11:22 - [MESSAGE][PASSED] - Object 'Object Repository/Canine/Filter/StudyType/Canine_Filter_StudyType-ClinTrials_Chkbx' is present

2021-11-30 22:11:22 - [TEST_STEP][PASSED] - ctdc.utilities.runtestcaseforKatalon.clickTabCanineStat("Canine/Filter/StudyType/Canine_Filter_StudyType-ClinTrials_Chkbx"): ctdc.utilities.runtestcaseforKatalon.clickTabCanineStat is PASSED

2021-11-30 22:11:23 - [MESSAGE][PASSED] - ctdc.utilities.runtestcaseforKatalon.clickTabCanineStat is PASSED

2021-11-30 22:11:23 - [TEST_STEP][PASSED] - waitForElementPresent(findTestObject("Object Repository/Canine/Filter/Breed/BREED_Ddn"), 30): Object 'Object Repository/Canine/Filter/Breed/BREED_Ddn' is present

2021-11-30 22:11:24 - [MESSAGE][PASSED] - Object 'Object Repository/Canine/Filter/Breed/BREED_Ddn' is present

2021-11-30 22:11:24 - [TEST_STEP][PASSED] - verifyElementPresent(findTestObject("Object Repository/Canine/Filter/Breed/BREED_Ddn"), 5): Object 'Object Repository/Canine/Filter/Breed/BREED_Ddn' is present

2021-11-30 22:11:24 - [MESSAGE][PASSED] - Object 'Object Repository/Canine/Filter/Breed/BREED_Ddn' is present

2021-11-30 22:11:24 - [TEST_STEP][PASSED] - ctdc.utilities.runtestcaseforKatalon.clickTabCanineStat("Object Repository/Canine/Filter/Breed/BREED_Ddn"): ctdc.utilities.runtestcaseforKatalon.clickTabCanineStat is PASSED

2021-11-30 22:11:25 - [MESSAGE][PASSED] - ctdc.utilities.runtestcaseforKatalon.clickTabCanineStat is PASSED

2021-11-30 22:11:25 - [TEST_STEP][PASSED] - waitForElementPresent(findTestObject("Object Repository/Canine/Filter/Breed/ChowChow_Chkbx"), 30): Object 'Object Repository/Canine/Filter/Breed/ChowChow_Chkbx' is present

2021-11-30 22:11:25 - [MESSAGE][PASSED] - Object 'Object Repository/Canine/Filter/Breed/ChowChow_Chkbx' is present

2021-11-30 22:11:25 - [TEST_STEP][PASSED] - verifyElementPresent(findTestObject("Object Repository/Canine/Filter/Breed/ChowChow_Chkbx"), 5): Object 'Object Repository/Canine/Filter/Breed/ChowChow_Chkbx' is present

2021-11-30 22:11:25 - [MESSAGE][PASSED] - Object 'Object Repository/Canine/Filter/Breed/ChowChow_Chkbx' is present

2021-11-30 22:11:25 - [TEST_STEP][PASSED] - ctdc.utilities.runtestcaseforKatalon.clickTabCanineStat("Object Repository/Canine/Filter/Breed/ChowChow_Chkbx"): ctdc.utilities.runtestcaseforKatalon.clickTabCanineStat is PASSED

2021-11-30 22:11:26 - [MESSAGE][PASSED] - ctdc.utilities.runtestcaseforKatalon.clickTabCanineStat is PASSED

2021-11-30 22:11:26 - [TEST_STEP][PASSED] - delay(3): Delayed 3 second(s)

2021-11-30 22:11:29 - [MESSAGE][PASSED] - Delayed 3 second(s)

2021-11-30 22:11:29 - [TEST_STEP][PASSED] - waitForElementPresent(findTestObject("Object Repository/Canine/Filter/Breed/Labrador_Chkbx"), 30): Object 'Object Repository/Canine/Filter/Breed/Labrador_Chkbx' is present

2021-11-30 22:11:29 - [MESSAGE][PASSED] - Object 'Object Repository/Canine/Filter/Breed/Labrador_Chkbx' is present

2021-11-30 22:11:29 - [TEST_STEP][PASSED] - verifyElementPresent(findTestObject("Object Repository/Canine/Filter/Breed/Labrador_Chkbx"), 5): Object 'Object Repository/Canine/Filter/Breed/Labrador_Chkbx' is present

2021-11-30 22:11:29 - [MESSAGE][PASSED] - Object 'Object Repository/Canine/Filter/Breed/Labrador_Chkbx' is present

2021-11-30 22:11:29 - [TEST_STEP][PASSED] - ctdc.utilities.runtestcaseforKatalon.clickTabCanineStat("Object Repository/Canine/Filter/Breed/Labrador_Chkbx"): ctdc.utilities.runtestcaseforKatalon.clickTabCanineStat is PASSED

2021-11-30 22:11:31 - [MESSAGE][PASSED] - ctdc.utilities.runtestcaseforKatalon.clickTabCanineStat is PASSED

2021-11-30 22:11:31 - [TEST_STEP][PASSED] - ctdc.utilities.runtestcaseforKatalon.clickTabCanineStat("Object Repository/Canine/Filter/Breed/BREED_Ddn"): ctdc.utilities.runtestcaseforKatalon.clickTabCanineStat is PASSED

2021-11-30 22:11:32 - [MESSAGE][PASSED] - ctdc.utilities.runtestcaseforKatalon.clickTabCanineStat is PASSED

2021-11-30 22:11:32 - [TEST_STEP][PASSED] - ctdc.utilities.runtestcaseforKatalon.readStatBarCanine("Object Repository/Canine/StatBar/Canine_StatBar-Studies", "Object Repository/Canine/StatBar/Canine_StatBar-Cases", "Object Repository/Canine/StatBar/Canine_StatBar-Samples", "Object Repository/Canine/StatBar/Canine_StatBar-CaseFiles", "Object Repository/Canine/StatBar/Canine_StatBar-StudyFiles"): ctdc.utilities.runtestcaseforKatalon.readStatBarCanine is PASSED

2021-11-30 22:11:47 - [MESSAGE][PASSED] - ctdc.utilities.runtestcaseforKatalon.readStatBarCanine is PASSED

2021-11-30 22:11:47 - [TEST_STEP][PASSED] - waitForElementPresent(findTestObject("Object Repository/Canine/CanineResults_Cases_Tab"), 30): Object 'Object Repository/Canine/CanineResults_Cases_Tab' is present

2021-11-30 22:11:47 - [MESSAGE][PASSED] - Object 'Object Repository/Canine/CanineResults_Cases_Tab' is present

2021-11-30 22:11:47 - [TEST_STEP][PASSED] - verifyElementPresent(findTestObject("Object Repository/Canine/CanineResults_Cases_Tab"), 5): Object 'Object Repository/Canine/CanineResults_Cases_Tab' is present

2021-11-30 22:11:47 - [MESSAGE][PASSED] - Object 'Object Repository/Canine/CanineResults_Cases_Tab' is present

2021-11-30 22:11:47 - [TEST_STEP][PASSED] - ctdc.utilities.runtestcaseforKatalon.clickTab("Object Repository/Canine/CanineResults_Cases_Tab"): ctdc.utilities.runtestcaseforKatalon.clickTab is PASSED

2021-11-30 22:11:48 - [MESSAGE][PASSED] - ctdc.utilities.runtestcaseforKatalon.clickTab is PASSED

2021-11-30 22:11:48 - [TEST_STEP][PASSED] - ctdc.utilities.runtestcaseforKatalon.multiFunction("ICDC", G_StatBar_Cases, "Object Repository/Canine/Canine_CasesTable", "Object Repository/Canine/Canine_TableHeader", "Object Repository/Canine/Canine_CasesTabNextBtn", G_WebTabnameCases, G_CypherTabnameCases, G_QueryCasesTab): Statbar Studies count matches

2021-11-30 22:12:30 - [MESSAGE][PASSED] - Statbar Case Files count matches

2021-11-30 22:12:30 - [MESSAGE][PASSED] - Statbar Samples count matches

2021-11-30 22:12:30 - [MESSAGE][PASSED] - Statbar Cases count matches

2021-11-30 22:12:30 - [MESSAGE][PASSED] - Statbar Studies count matches

2021-11-30 22:12:30 - [TEST_STEP][PASSED] - waitForElementPresent(findTestObject("Object Repository/Canine/CanineResults_Samples_Tab"), 30): Object 'Object Repository/Canine/CanineResults_Samples_Tab' is present

2021-11-30 22:12:31 - [MESSAGE][PASSED] - Object 'Object Repository/Canine/CanineResults_Samples_Tab' is present

2021-11-30 22:12:31 - [TEST_STEP][PASSED] - verifyElementPresent(findTestObject("Object Repository/Canine/CanineResults_Samples_Tab"), 5): Object 'Object Repository/Canine/CanineResults_Samples_Tab' is present

2021-11-30 22:12:31 - [MESSAGE][PASSED] - Object 'Object Repository/Canine/CanineResults_Samples_Tab' is present

2021-11-30 22:12:31 - [TEST_STEP][PASSED] - ctdc.utilities.runtestcaseforKatalon.clickTab("Object Repository/Canine/CanineResults_Samples_Tab"): ctdc.utilities.runtestcaseforKatalon.clickTab is PASSED

2021-11-30 22:12:31 - [MESSAGE][PASSED] - ctdc.utilities.runtestcaseforKatalon.clickTab is PASSED

2021-11-30 22:12:31 - [TEST_STEP][PASSED] - ctdc.utilities.runtestcaseforKatalon.multiFunction("ICDC", G_StatBar_Samples, "Object Repository/Canine/Canine_Samples_Table", "Object Repository/Canine/Canine_Samples_TableHdr", "Object Repository/Canine/Canine_SamplesTabNextBtn", G_WebTabnameSamples, G_CypherTabnameSamples, G_QuerySamplesTab): Statbar Studies count matches

2021-11-30 22:12:45 - [MESSAGE][PASSED] - Statbar Case Files count matches

2021-11-30 22:12:45 - [MESSAGE][PASSED] - Statbar Samples count matches

2021-11-30 22:12:45 - [MESSAGE][PASSED] - Statbar Cases count matches

2021-11-30 22:12:45 - [MESSAGE][PASSED] - Statbar Studies count matches

2021-11-30 22:12:45 - [TEST_STEP][PASSED] - waitForElementPresent(findTestObject("Canine/CanineResults_CaseFiles_Tab"), 30): Object 'Object Repository/Canine/CanineResults_CaseFiles_Tab' is present

2021-11-30 22:12:45 - [MESSAGE][PASSED] - Object 'Object Repository/Canine/CanineResults_CaseFiles_Tab' is present

2021-11-30 22:12:45 - [TEST_STEP][PASSED] - verifyElementPresent(findTestObject("Canine/CanineResults_CaseFiles_Tab"), 5): Object 'Object Repository/Canine/CanineResults_CaseFiles_Tab' is present

2021-11-30 22:12:45 - [MESSAGE][PASSED] - Object 'Object Repository/Canine/CanineResults_CaseFiles_Tab' is present

2021-11-30 22:12:45 - [TEST_STEP][PASSED] - ctdc.utilities.runtestcaseforKatalon.clickTab("Object Repository/Canine/CanineResults_CaseFiles_Tab"): ctdc.utilities.runtestcaseforKatalon.clickTab is PASSED

2021-11-30 22:12:46 - [MESSAGE][PASSED] - ctdc.utilities.runtestcaseforKatalon.clickTab is PASSED

2021-11-30 22:12:46 - [TEST_STEP][PASSED] - ctdc.utilities.runtestcaseforKatalon.multiFunction("ICDC", G_StatBar_Files, "Object Repository/Canine/Canine_Files_Table", "Object Repository/Canine/Canine_Files_TableHdr", "Object Repository/Canine/Canine_FilesTabNextBtn", G_WebTabnameFiles, G_CypherTabnameFiles, G_QueryFilesTab): Statbar Studies count matches

2021-11-30 22:13:00 - [MESSAGE][PASSED] - Statbar Case Files count matches

2021-11-30 22:13:00 - [MESSAGE][PASSED] - Statbar Samples count matches

2021-11-30 22:13:00 - [MESSAGE][PASSED] - Statbar Cases count matches

2021-11-30 22:13:00 - [MESSAGE][PASSED] - Statbar Studies count matches]]></system-out>
         <system-err><![CDATA[]]></system-err>
      </testcase>
      <testcase name="Test Cases/Canine_TestCases/StudyCombinations/Study-Combinations-COTC022/TC04_Canine_StudyCOTC022-Breed_Diagnosis_PrimDiseaseSite" time="88.488" classname="Test Cases/Canine_TestCases/StudyCombinations/Study-Combinations-COTC022/TC04_Canine_StudyCOTC022-Breed_Diagnosis_PrimDiseaseSite" status="PASSED">
         <system-out><![CDATA[2021-11-30 22:13:00 - [TEST_CASE][PASSED] - Test Cases/Canine_TestCases/StudyCombinations/Study-Combinations-COTC022/TC04_Canine_StudyCOTC022-Breed_Diagnosis_PrimDiseaseSite: Test Cases/Canine_TestCases/StudyCombinations/Study-Combinations-COTC022/TC04_Canine_StudyCOTC022-Breed_Diagnosis_PrimDiseaseSite

2021-11-30 22:13:00 - [TEST_STEP][PASSED] - Start listener action : getTestScriptName: null

2021-11-30 22:13:00 - [TEST_STEP][PASSED] - TestCaseId = testCaseContext.getTestCaseId(): null

2021-11-30 22:13:00 - [TEST_STEP][PASSED] - out.println("**********this is the value of test case id string******** " + testCaseContext.getTestCaseId()): null

2021-11-30 22:13:00 - [TEST_STEP][PASSED] - G_currentTCName = TestCaseId.substring(TestCaseId.lastIndexOf("TC")): null

2021-11-30 22:13:00 - [TEST_STEP][PASSED] - out.println("This is the test case name : " + G_currentTCName): null

2021-11-30 22:13:01 - [TEST_STEP][PASSED] - closeBrowser(): Browser is closed

2021-11-30 22:13:01 - [MESSAGE][PASSED] - Browser is closed

2021-11-30 22:13:01 - [TEST_STEP][PASSED] - ctdc.utilities.runtestcaseforKatalon.RunKatalon("TC04_Canine_StudyCOTC022-Breed_Diagnosis_PrimDiseaseSite.xlsx"): Data loaded from input file for the test case. 

2021-11-30 22:13:01 - [MESSAGE][PASSED] - Test case file loaded This is the full filepath after converting to string :C:\Users\sohilz2\Commons_Automation\InputFiles\TC04_Canine_StudyCOTC022-Breed_Diagnosis_PrimDiseaseSite.xlsx

2021-11-30 22:13:01 - [MESSAGE][INFO] - Global variable set for password file is :  C:\Users\sohilz2\Commons_Automation\InputFiles\TC04_Canine_StudyCOTC022-Breed_Diagnosis_PrimDiseaseSite.xlsx

2021-11-30 22:13:05 - [MESSAGE][PASSED] - Data loaded from input file for the test case. 

2021-11-30 22:13:23 - [TEST_STEP][PASSED] - ctdc.utilities.runtestcaseforKatalon.clickTab("Object Repository/Canine/Canine_PopUp_Continue_Btn"): ctdc.utilities.runtestcaseforKatalon.clickTab is PASSED

2021-11-30 22:13:23 - [MESSAGE][PASSED] - ctdc.utilities.runtestcaseforKatalon.clickTab is PASSED

2021-11-30 22:13:23 - [TEST_STEP][PASSED] - out.println("Closed the popup window"): null

2021-11-30 22:13:23 - [TEST_STEP][PASSED] - waitForElementPresent(findTestObject("Canine/NavBar/Canine_Cases_Btn"), 20): Object 'Object Repository/Canine/NavBar/Canine_Cases_Btn' is present

2021-11-30 22:13:23 - [MESSAGE][PASSED] - Object 'Object Repository/Canine/NavBar/Canine_Cases_Btn' is present

2021-11-30 22:13:23 - [TEST_STEP][PASSED] - ctdc.utilities.runtestcaseforKatalon.clickTab("Canine/NavBar/Canine_Cases_Btn"): ctdc.utilities.runtestcaseforKatalon.clickTab is PASSED

2021-11-30 22:13:23 - [MESSAGE][PASSED] - ctdc.utilities.runtestcaseforKatalon.clickTab is PASSED

2021-11-30 22:13:23 - [TEST_STEP][PASSED] - waitForElementPresent(findTestObject("Object Repository/Canine/Filter/FilterByCases_Facet"), 20): Object 'Object Repository/Canine/Filter/FilterByCases_Facet' is present

2021-11-30 22:13:25 - [MESSAGE][PASSED] - Object 'Object Repository/Canine/Filter/FilterByCases_Facet' is present

2021-11-30 22:13:25 - [TEST_STEP][PASSED] - ctdc.utilities.runtestcaseforKatalon.clickTab("Object Repository/Canine/Filter/FilterByCases_Facet"): ctdc.utilities.runtestcaseforKatalon.clickTab is PASSED

2021-11-30 22:13:25 - [MESSAGE][PASSED] - ctdc.utilities.runtestcaseforKatalon.clickTab is PASSED

2021-11-30 22:13:25 - [TEST_STEP][PASSED] - waitForElementPresent(findTestObject("Object Repository/Canine/Filter/Study/Canine_Filter_Study"), 30): Object 'Object Repository/Canine/Filter/Study/Canine_Filter_Study' is present

2021-11-30 22:13:26 - [MESSAGE][PASSED] - Object 'Object Repository/Canine/Filter/Study/Canine_Filter_Study' is present

2021-11-30 22:13:26 - [TEST_STEP][PASSED] - ctdc.utilities.runtestcaseforKatalon.clickTab("Object Repository/Canine/Filter/Study/Canine_Filter_Study"): ctdc.utilities.runtestcaseforKatalon.clickTab is PASSED

2021-11-30 22:13:26 - [MESSAGE][PASSED] - ctdc.utilities.runtestcaseforKatalon.clickTab is PASSED

2021-11-30 22:13:26 - [TEST_STEP][PASSED] - waitForElementPresent(findTestObject("Object Repository/Canine/Filter/Study/Canine_Filter_Study-COTC022_Chkbx"), 30): Object 'Object Repository/Canine/Filter/Study/Canine_Filter_Study-COTC022_Chkbx' is present

2021-11-30 22:13:27 - [MESSAGE][PASSED] - Object 'Object Repository/Canine/Filter/Study/Canine_Filter_Study-COTC022_Chkbx' is present

2021-11-30 22:13:27 - [TEST_STEP][PASSED] - ctdc.utilities.runtestcaseforKatalon.clickTabCanineStat("Object Repository/Canine/Filter/Study/Canine_Filter_Study-COTC022_Chkbx"): ctdc.utilities.runtestcaseforKatalon.clickTabCanineStat is PASSED

2021-11-30 22:13:28 - [MESSAGE][PASSED] - ctdc.utilities.runtestcaseforKatalon.clickTabCanineStat is PASSED

2021-11-30 22:13:28 - [TEST_STEP][PASSED] - waitForElementPresent(findTestObject("Object Repository/Canine/Filter/Breed/BREED_Ddn"), 30): Object 'Object Repository/Canine/Filter/Breed/BREED_Ddn' is present

2021-11-30 22:13:28 - [MESSAGE][PASSED] - Object 'Object Repository/Canine/Filter/Breed/BREED_Ddn' is present

2021-11-30 22:13:28 - [TEST_STEP][PASSED] - verifyElementPresent(findTestObject("Object Repository/Canine/Filter/Breed/BREED_Ddn"), 5): Object 'Object Repository/Canine/Filter/Breed/BREED_Ddn' is present

2021-11-30 22:13:28 - [MESSAGE][PASSED] - Object 'Object Repository/Canine/Filter/Breed/BREED_Ddn' is present

2021-11-30 22:13:28 - [TEST_STEP][PASSED] - ctdc.utilities.runtestcaseforKatalon.clickTabCanineStat("Object Repository/Canine/Filter/Breed/BREED_Ddn"): ctdc.utilities.runtestcaseforKatalon.clickTabCanineStat is PASSED

2021-11-30 22:13:30 - [MESSAGE][PASSED] - ctdc.utilities.runtestcaseforKatalon.clickTabCanineStat is PASSED

2021-11-30 22:13:30 - [TEST_STEP][PASSED] - waitForElementPresent(findTestObject("Object Repository/Canine/Filter/Breed/Borzoi_Chkbx"), 30): Object 'Object Repository/Canine/Filter/Breed/Borzoi_Chkbx' is present

2021-11-30 22:13:30 - [MESSAGE][PASSED] - Object 'Object Repository/Canine/Filter/Breed/Borzoi_Chkbx' is present

2021-11-30 22:13:30 - [TEST_STEP][PASSED] - verifyElementPresent(findTestObject("Object Repository/Canine/Filter/Breed/Borzoi_Chkbx"), 5): Object 'Object Repository/Canine/Filter/Breed/Borzoi_Chkbx' is present

2021-11-30 22:13:30 - [MESSAGE][PASSED] - Object 'Object Repository/Canine/Filter/Breed/Borzoi_Chkbx' is present

2021-11-30 22:13:30 - [TEST_STEP][PASSED] - ctdc.utilities.runtestcaseforKatalon.clickTabCanineStat("Object Repository/Canine/Filter/Breed/Borzoi_Chkbx"): ctdc.utilities.runtestcaseforKatalon.clickTabCanineStat is PASSED

2021-11-30 22:13:31 - [MESSAGE][PASSED] - ctdc.utilities.runtestcaseforKatalon.clickTabCanineStat is PASSED

2021-11-30 22:13:31 - [TEST_STEP][PASSED] - waitForElementPresent(findTestObject("Object Repository/Canine/Filter/Breed/GreatPyrenees_Chkbx"), 30): Object 'Object Repository/Canine/Filter/Breed/GreatPyrenees_Chkbx' is present

2021-11-30 22:13:31 - [MESSAGE][PASSED] - Object 'Object Repository/Canine/Filter/Breed/GreatPyrenees_Chkbx' is present

2021-11-30 22:13:31 - [TEST_STEP][PASSED] - verifyElementPresent(findTestObject("Object Repository/Canine/Filter/Breed/GreatPyrenees_Chkbx"), 5): Object 'Object Repository/Canine/Filter/Breed/GreatPyrenees_Chkbx' is present

2021-11-30 22:13:31 - [MESSAGE][PASSED] - Object 'Object Repository/Canine/Filter/Breed/GreatPyrenees_Chkbx' is present

2021-11-30 22:13:31 - [TEST_STEP][PASSED] - ctdc.utilities.runtestcaseforKatalon.clickTabCanineStat("Object Repository/Canine/Filter/Breed/GreatPyrenees_Chkbx"): ctdc.utilities.runtestcaseforKatalon.clickTabCanineStat is PASSED

2021-11-30 22:13:33 - [MESSAGE][PASSED] - ctdc.utilities.runtestcaseforKatalon.clickTabCanineStat is PASSED

2021-11-30 22:13:33 - [TEST_STEP][PASSED] - waitForElementPresent(findTestObject("Object Repository/Canine/Filter/Diagnosis/DIAGNOSIS_Ddn"), 30): Object 'Object Repository/Canine/Filter/Diagnosis/DIAGNOSIS_Ddn' is present

2021-11-30 22:13:33 - [MESSAGE][PASSED] - Object 'Object Repository/Canine/Filter/Diagnosis/DIAGNOSIS_Ddn' is present

2021-11-30 22:13:33 - [TEST_STEP][PASSED] - verifyElementPresent(findTestObject("Object Repository/Canine/Filter/Diagnosis/DIAGNOSIS_Ddn"), 5): Object 'Object Repository/Canine/Filter/Diagnosis/DIAGNOSIS_Ddn' is present

2021-11-30 22:13:33 - [MESSAGE][PASSED] - Object 'Object Repository/Canine/Filter/Diagnosis/DIAGNOSIS_Ddn' is present

2021-11-30 22:13:33 - [TEST_STEP][PASSED] - ctdc.utilities.runtestcaseforKatalon.clickTabCanineStat("Object Repository/Canine/Filter/Diagnosis/DIAGNOSIS_Ddn"): ctdc.utilities.runtestcaseforKatalon.clickTabCanineStat is PASSED

2021-11-30 22:13:34 - [MESSAGE][PASSED] - ctdc.utilities.runtestcaseforKatalon.clickTabCanineStat is PASSED

2021-11-30 22:13:34 - [TEST_STEP][PASSED] - waitForElementPresent(findTestObject("Canine/Filter/Diagnosis/OsteoSarcoma_Chkbx"), 30): Object 'Object Repository/Canine/Filter/Diagnosis/OsteoSarcoma_Chkbx' is present

2021-11-30 22:13:34 - [MESSAGE][PASSED] - Object 'Object Repository/Canine/Filter/Diagnosis/OsteoSarcoma_Chkbx' is present

2021-11-30 22:13:34 - [TEST_STEP][PASSED] - verifyElementPresent(findTestObject("Canine/Filter/Diagnosis/OsteoSarcoma_Chkbx"), 5): Object 'Object Repository/Canine/Filter/Diagnosis/OsteoSarcoma_Chkbx' is present

2021-11-30 22:13:34 - [MESSAGE][PASSED] - Object 'Object Repository/Canine/Filter/Diagnosis/OsteoSarcoma_Chkbx' is present

2021-11-30 22:13:34 - [TEST_STEP][PASSED] - ctdc.utilities.runtestcaseforKatalon.clickTabCanineStat("Canine/Filter/Diagnosis/OsteoSarcoma_Chkbx"): ctdc.utilities.runtestcaseforKatalon.clickTabCanineStat is PASSED

2021-11-30 22:13:36 - [MESSAGE][PASSED] - ctdc.utilities.runtestcaseforKatalon.clickTabCanineStat is PASSED

2021-11-30 22:13:36 - [TEST_STEP][PASSED] - waitForElementPresent(findTestObject("Object Repository/Canine/Filter/PrimDiseaseSite/PRIMARYDISEASESITE_Ddn"), 30): Object 'Object Repository/Canine/Filter/PrimDiseaseSite/PRIMARYDISEASESITE_Ddn' is present

2021-11-30 22:13:36 - [MESSAGE][PASSED] - Object 'Object Repository/Canine/Filter/PrimDiseaseSite/PRIMARYDISEASESITE_Ddn' is present

2021-11-30 22:13:36 - [TEST_STEP][PASSED] - verifyElementPresent(findTestObject("Object Repository/Canine/Filter/PrimDiseaseSite/PRIMARYDISEASESITE_Ddn"), 5): Object 'Object Repository/Canine/Filter/PrimDiseaseSite/PRIMARYDISEASESITE_Ddn' is present

2021-11-30 22:13:36 - [MESSAGE][PASSED] - Object 'Object Repository/Canine/Filter/PrimDiseaseSite/PRIMARYDISEASESITE_Ddn' is present

2021-11-30 22:13:36 - [TEST_STEP][PASSED] - ctdc.utilities.runtestcaseforKatalon.clickTabCanineStat("Canine/Filter/PrimDiseaseSite/PRIMARYDISEASESITE_Ddn"): ctdc.utilities.runtestcaseforKatalon.clickTabCanineStat is PASSED

2021-11-30 22:13:37 - [MESSAGE][PASSED] - ctdc.utilities.runtestcaseforKatalon.clickTabCanineStat is PASSED

2021-11-30 22:13:37 - [TEST_STEP][PASSED] - waitForElementPresent(findTestObject("Object Repository/Canine/Filter/PrimDiseaseSite/BoneApendicular_Chkbx"), 30): Object 'Object Repository/Canine/Filter/PrimDiseaseSite/BoneApendicular_Chkbx' is present

2021-11-30 22:13:37 - [MESSAGE][PASSED] - Object 'Object Repository/Canine/Filter/PrimDiseaseSite/BoneApendicular_Chkbx' is present

2021-11-30 22:13:37 - [TEST_STEP][PASSED] - ctdc.utilities.runtestcaseforKatalon.clickTabCanineStat("Object Repository/Canine/Filter/PrimDiseaseSite/BoneApendicular_Chkbx"): ctdc.utilities.runtestcaseforKatalon.clickTabCanineStat is PASSED

2021-11-30 22:13:38 - [MESSAGE][PASSED] - ctdc.utilities.runtestcaseforKatalon.clickTabCanineStat is PASSED

2021-11-30 22:13:38 - [TEST_STEP][PASSED] - ctdc.utilities.runtestcaseforKatalon.readStatBarCanine("Object Repository/Canine/StatBar/Canine_StatBar-Studies", "Object Repository/Canine/StatBar/Canine_StatBar-Cases", "Object Repository/Canine/StatBar/Canine_StatBar-Samples", "Object Repository/Canine/StatBar/Canine_StatBar-CaseFiles", "Object Repository/Canine/StatBar/Canine_StatBar-StudyFiles"): ctdc.utilities.runtestcaseforKatalon.readStatBarCanine is PASSED

2021-11-30 22:13:54 - [MESSAGE][PASSED] - ctdc.utilities.runtestcaseforKatalon.readStatBarCanine is PASSED

2021-11-30 22:13:54 - [TEST_STEP][PASSED] - waitForElementPresent(findTestObject("Object Repository/Canine/CanineResults_Cases_Tab"), 30): Object 'Object Repository/Canine/CanineResults_Cases_Tab' is present

2021-11-30 22:13:54 - [MESSAGE][PASSED] - Object 'Object Repository/Canine/CanineResults_Cases_Tab' is present

2021-11-30 22:13:54 - [TEST_STEP][PASSED] - verifyElementPresent(findTestObject("Object Repository/Canine/CanineResults_Cases_Tab"), 5): Object 'Object Repository/Canine/CanineResults_Cases_Tab' is present

2021-11-30 22:13:54 - [MESSAGE][PASSED] - Object 'Object Repository/Canine/CanineResults_Cases_Tab' is present

2021-11-30 22:13:54 - [TEST_STEP][PASSED] - ctdc.utilities.runtestcaseforKatalon.clickTab("Object Repository/Canine/CanineResults_Cases_Tab"): ctdc.utilities.runtestcaseforKatalon.clickTab is PASSED

2021-11-30 22:13:54 - [MESSAGE][PASSED] - ctdc.utilities.runtestcaseforKatalon.clickTab is PASSED

2021-11-30 22:13:54 - [TEST_STEP][PASSED] - ctdc.utilities.runtestcaseforKatalon.multiFunction("ICDC", G_StatBar_Cases, "Object Repository/Canine/Canine_CasesTable", "Object Repository/Canine/Canine_TableHeader", "Object Repository/Canine/Canine_CasesTabNextBtn", G_WebTabnameCases, G_CypherTabnameCases, G_QueryCasesTab): Statbar Studies count matches

2021-11-30 22:14:14 - [MESSAGE][PASSED] - Statbar Case Files count matches

2021-11-30 22:14:14 - [MESSAGE][PASSED] - Statbar Samples count matches

2021-11-30 22:14:14 - [MESSAGE][PASSED] - Statbar Cases count matches

2021-11-30 22:14:14 - [MESSAGE][PASSED] - Statbar Studies count matches

2021-11-30 22:14:14 - [TEST_STEP][PASSED] - waitForElementPresent(findTestObject("Object Repository/Canine/CanineResults_Samples_Tab"), 30): Object 'Object Repository/Canine/CanineResults_Samples_Tab' is present

2021-11-30 22:14:14 - [MESSAGE][PASSED] - Object 'Object Repository/Canine/CanineResults_Samples_Tab' is present

2021-11-30 22:14:14 - [TEST_STEP][PASSED] - verifyElementPresent(findTestObject("Object Repository/Canine/CanineResults_Samples_Tab"), 5): Object 'Object Repository/Canine/CanineResults_Samples_Tab' is present

2021-11-30 22:14:14 - [MESSAGE][PASSED] - Object 'Object Repository/Canine/CanineResults_Samples_Tab' is present

2021-11-30 22:14:14 - [TEST_STEP][PASSED] - ctdc.utilities.runtestcaseforKatalon.clickTab("Object Repository/Canine/CanineResults_Samples_Tab"): ctdc.utilities.runtestcaseforKatalon.clickTab is PASSED

2021-11-30 22:14:14 - [MESSAGE][PASSED] - ctdc.utilities.runtestcaseforKatalon.clickTab is PASSED

2021-11-30 22:14:14 - [TEST_STEP][PASSED] - ctdc.utilities.runtestcaseforKatalon.multiFunction("ICDC", G_StatBar_Samples, "Object Repository/Canine/Canine_Samples_Table", "Object Repository/Canine/Canine_Samples_TableHdr", "Object Repository/Canine/Canine_SamplesTabNextBtn", G_WebTabnameSamples, G_CypherTabnameSamples, G_QuerySamplesTab): Statbar Studies count matches

2021-11-30 22:14:29 - [MESSAGE][PASSED] - Statbar Case Files count matches

2021-11-30 22:14:29 - [MESSAGE][PASSED] - Statbar Samples count matches

2021-11-30 22:14:29 - [MESSAGE][PASSED] - Statbar Cases count matches

2021-11-30 22:14:29 - [MESSAGE][PASSED] - Statbar Studies count matches]]></system-out>
         <system-err><![CDATA[]]></system-err>
      </testcase>
      <testcase name="Test Cases/Canine_TestCases/StudyCombinations/Study-Combinations-COTC022/TC05_Canine_StudyCOTC022-Breed_Diagnosis_PrimDiseaseSite" time="95.091" classname="Test Cases/Canine_TestCases/StudyCombinations/Study-Combinations-COTC022/TC05_Canine_StudyCOTC022-Breed_Diagnosis_PrimDiseaseSite" status="PASSED">
         <system-out><![CDATA[2021-11-30 22:14:29 - [TEST_CASE][PASSED] - Test Cases/Canine_TestCases/StudyCombinations/Study-Combinations-COTC022/TC05_Canine_StudyCOTC022-Breed_Diagnosis_PrimDiseaseSite: Test Cases/Canine_TestCases/StudyCombinations/Study-Combinations-COTC022/TC05_Canine_StudyCOTC022-Breed_Diagnosis_PrimDiseaseSite

2021-11-30 22:14:29 - [TEST_STEP][PASSED] - Start listener action : getTestScriptName: null

2021-11-30 22:14:29 - [TEST_STEP][PASSED] - TestCaseId = testCaseContext.getTestCaseId(): null

2021-11-30 22:14:29 - [TEST_STEP][PASSED] - out.println("**********this is the value of test case id string******** " + testCaseContext.getTestCaseId()): null

2021-11-30 22:14:29 - [TEST_STEP][PASSED] - G_currentTCName = TestCaseId.substring(TestCaseId.lastIndexOf("TC")): null

2021-11-30 22:14:29 - [TEST_STEP][PASSED] - out.println("This is the test case name : " + G_currentTCName): null

2021-11-30 22:14:29 - [TEST_STEP][PASSED] - closeBrowser(): Browser is closed

2021-11-30 22:14:30 - [MESSAGE][PASSED] - Browser is closed

2021-11-30 22:14:30 - [TEST_STEP][PASSED] - ctdc.utilities.runtestcaseforKatalon.RunKatalon("TC05_Canine_StudyCOTC022-Breed_Diagnosis_PrimDiseaseSite.xlsx"): Data loaded from input file for the test case. 

2021-11-30 22:14:30 - [MESSAGE][PASSED] - Test case file loaded This is the full filepath after converting to string :C:\Users\sohilz2\Commons_Automation\InputFiles\TC05_Canine_StudyCOTC022-Breed_Diagnosis_PrimDiseaseSite.xlsx

2021-11-30 22:14:30 - [MESSAGE][INFO] - Global variable set for password file is :  C:\Users\sohilz2\Commons_Automation\InputFiles\TC05_Canine_StudyCOTC022-Breed_Diagnosis_PrimDiseaseSite.xlsx

2021-11-30 22:14:34 - [MESSAGE][PASSED] - Data loaded from input file for the test case. 

2021-11-30 22:14:47 - [TEST_STEP][PASSED] - ctdc.utilities.runtestcaseforKatalon.clickTab("Object Repository/Canine/Canine_PopUp_Continue_Btn"): ctdc.utilities.runtestcaseforKatalon.clickTab is PASSED

2021-11-30 22:14:47 - [MESSAGE][PASSED] - ctdc.utilities.runtestcaseforKatalon.clickTab is PASSED

2021-11-30 22:14:47 - [TEST_STEP][PASSED] - out.println("Closed the popup window"): null

2021-11-30 22:14:47 - [TEST_STEP][PASSED] - waitForElementPresent(findTestObject("Canine/NavBar/Canine_Cases_Btn"), 20): Object 'Object Repository/Canine/NavBar/Canine_Cases_Btn' is present

2021-11-30 22:14:48 - [MESSAGE][PASSED] - Object 'Object Repository/Canine/NavBar/Canine_Cases_Btn' is present

2021-11-30 22:14:48 - [TEST_STEP][PASSED] - ctdc.utilities.runtestcaseforKatalon.clickTab("Canine/NavBar/Canine_Cases_Btn"): ctdc.utilities.runtestcaseforKatalon.clickTab is PASSED

2021-11-30 22:14:48 - [MESSAGE][PASSED] - ctdc.utilities.runtestcaseforKatalon.clickTab is PASSED

2021-11-30 22:14:48 - [TEST_STEP][PASSED] - waitForElementPresent(findTestObject("Object Repository/Canine/Filter/FilterByCases_Facet"), 20): Object 'Object Repository/Canine/Filter/FilterByCases_Facet' is present

2021-11-30 22:14:49 - [MESSAGE][PASSED] - Object 'Object Repository/Canine/Filter/FilterByCases_Facet' is present

2021-11-30 22:14:49 - [TEST_STEP][PASSED] - ctdc.utilities.runtestcaseforKatalon.clickTab("Object Repository/Canine/Filter/FilterByCases_Facet"): ctdc.utilities.runtestcaseforKatalon.clickTab is PASSED

2021-11-30 22:14:50 - [MESSAGE][PASSED] - ctdc.utilities.runtestcaseforKatalon.clickTab is PASSED

2021-11-30 22:14:50 - [TEST_STEP][PASSED] - waitForElementPresent(findTestObject("Object Repository/Canine/Filter/Study/Canine_Filter_Study"), 30): Object 'Object Repository/Canine/Filter/Study/Canine_Filter_Study' is present

2021-11-30 22:14:50 - [MESSAGE][PASSED] - Object 'Object Repository/Canine/Filter/Study/Canine_Filter_Study' is present

2021-11-30 22:14:50 - [TEST_STEP][PASSED] - ctdc.utilities.runtestcaseforKatalon.clickTab("Object Repository/Canine/Filter/Study/Canine_Filter_Study"): ctdc.utilities.runtestcaseforKatalon.clickTab is PASSED

2021-11-30 22:14:51 - [MESSAGE][PASSED] - ctdc.utilities.runtestcaseforKatalon.clickTab is PASSED

2021-11-30 22:14:51 - [TEST_STEP][PASSED] - waitForElementPresent(findTestObject("Object Repository/Canine/Filter/Study/Canine_Filter_Study-COTC022_Chkbx"), 30): Object 'Object Repository/Canine/Filter/Study/Canine_Filter_Study-COTC022_Chkbx' is present

2021-11-30 22:14:51 - [MESSAGE][PASSED] - Object 'Object Repository/Canine/Filter/Study/Canine_Filter_Study-COTC022_Chkbx' is present

2021-11-30 22:14:51 - [TEST_STEP][PASSED] - ctdc.utilities.runtestcaseforKatalon.clickTabCanineStat("Object Repository/Canine/Filter/Study/Canine_Filter_Study-COTC022_Chkbx"): ctdc.utilities.runtestcaseforKatalon.clickTabCanineStat is PASSED

2021-11-30 22:14:53 - [MESSAGE][PASSED] - ctdc.utilities.runtestcaseforKatalon.clickTabCanineStat is PASSED

2021-11-30 22:14:53 - [TEST_STEP][PASSED] - waitForElementPresent(findTestObject("Object Repository/Canine/Filter/Breed/BREED_Ddn"), 30): Object 'Object Repository/Canine/Filter/Breed/BREED_Ddn' is present

2021-11-30 22:14:53 - [MESSAGE][PASSED] - Object 'Object Repository/Canine/Filter/Breed/BREED_Ddn' is present

2021-11-30 22:14:53 - [TEST_STEP][PASSED] - verifyElementPresent(findTestObject("Object Repository/Canine/Filter/Breed/BREED_Ddn"), 5): Object 'Object Repository/Canine/Filter/Breed/BREED_Ddn' is present

2021-11-30 22:14:54 - [MESSAGE][PASSED] - Object 'Object Repository/Canine/Filter/Breed/BREED_Ddn' is present

2021-11-30 22:14:54 - [TEST_STEP][PASSED] - ctdc.utilities.runtestcaseforKatalon.clickTabCanineStat("Object Repository/Canine/Filter/Breed/BREED_Ddn"): ctdc.utilities.runtestcaseforKatalon.clickTabCanineStat is PASSED

2021-11-30 22:14:55 - [MESSAGE][PASSED] - ctdc.utilities.runtestcaseforKatalon.clickTabCanineStat is PASSED

2021-11-30 22:14:55 - [TEST_STEP][PASSED] - waitForElementPresent(findTestObject("Object Repository/Canine/Filter/Breed/Boxer_Chkbx"), 30): Object 'Object Repository/Canine/Filter/Breed/Boxer_Chkbx' is present

2021-11-30 22:14:55 - [MESSAGE][PASSED] - Object 'Object Repository/Canine/Filter/Breed/Boxer_Chkbx' is present

2021-11-30 22:14:55 - [TEST_STEP][PASSED] - verifyElementPresent(findTestObject("Object Repository/Canine/Filter/Breed/Boxer_Chkbx"), 5): Object 'Object Repository/Canine/Filter/Breed/Boxer_Chkbx' is present

2021-11-30 22:14:55 - [MESSAGE][PASSED] - Object 'Object Repository/Canine/Filter/Breed/Boxer_Chkbx' is present

2021-11-30 22:14:55 - [TEST_STEP][PASSED] - ctdc.utilities.runtestcaseforKatalon.clickTabCanineStat("Object Repository/Canine/Filter/Breed/Boxer_Chkbx"): ctdc.utilities.runtestcaseforKatalon.clickTabCanineStat is PASSED

2021-11-30 22:14:56 - [MESSAGE][PASSED] - ctdc.utilities.runtestcaseforKatalon.clickTabCanineStat is PASSED

2021-11-30 22:14:56 - [TEST_STEP][PASSED] - waitForElementPresent(findTestObject("Object Repository/Canine/Filter/Breed/GreatDane_Chkbx"), 30): Object 'Object Repository/Canine/Filter/Breed/GreatDane_Chkbx' is present

2021-11-30 22:14:56 - [MESSAGE][PASSED] - Object 'Object Repository/Canine/Filter/Breed/GreatDane_Chkbx' is present

2021-11-30 22:14:56 - [TEST_STEP][PASSED] - verifyElementPresent(findTestObject("Object Repository/Canine/Filter/Breed/GreatDane_Chkbx"), 5): Object 'Object Repository/Canine/Filter/Breed/GreatDane_Chkbx' is present

2021-11-30 22:14:57 - [MESSAGE][PASSED] - Object 'Object Repository/Canine/Filter/Breed/GreatDane_Chkbx' is present

2021-11-30 22:14:57 - [TEST_STEP][PASSED] - ctdc.utilities.runtestcaseforKatalon.clickTabCanineStat("Object Repository/Canine/Filter/Breed/GreatDane_Chkbx"): ctdc.utilities.runtestcaseforKatalon.clickTabCanineStat is PASSED

2021-11-30 22:14:58 - [MESSAGE][PASSED] - ctdc.utilities.runtestcaseforKatalon.clickTabCanineStat is PASSED

2021-11-30 22:14:58 - [TEST_STEP][PASSED] - waitForElementPresent(findTestObject("Object Repository/Canine/Filter/Diagnosis/DIAGNOSIS_Ddn"), 30): Object 'Object Repository/Canine/Filter/Diagnosis/DIAGNOSIS_Ddn' is present

2021-11-30 22:14:58 - [MESSAGE][PASSED] - Object 'Object Repository/Canine/Filter/Diagnosis/DIAGNOSIS_Ddn' is present

2021-11-30 22:14:58 - [TEST_STEP][PASSED] - verifyElementPresent(findTestObject("Object Repository/Canine/Filter/Diagnosis/DIAGNOSIS_Ddn"), 5): Object 'Object Repository/Canine/Filter/Diagnosis/DIAGNOSIS_Ddn' is present

2021-11-30 22:14:58 - [MESSAGE][PASSED] - Object 'Object Repository/Canine/Filter/Diagnosis/DIAGNOSIS_Ddn' is present

2021-11-30 22:14:58 - [TEST_STEP][PASSED] - ctdc.utilities.runtestcaseforKatalon.clickTabCanineStat("Object Repository/Canine/Filter/Diagnosis/DIAGNOSIS_Ddn"): ctdc.utilities.runtestcaseforKatalon.clickTabCanineStat is PASSED

2021-11-30 22:14:59 - [MESSAGE][PASSED] - ctdc.utilities.runtestcaseforKatalon.clickTabCanineStat is PASSED

2021-11-30 22:14:59 - [TEST_STEP][PASSED] - waitForElementPresent(findTestObject("Canine/Filter/Diagnosis/OsteoSarcoma_Chkbx"), 30): Object 'Object Repository/Canine/Filter/Diagnosis/OsteoSarcoma_Chkbx' is present

2021-11-30 22:15:00 - [MESSAGE][PASSED] - Object 'Object Repository/Canine/Filter/Diagnosis/OsteoSarcoma_Chkbx' is present

2021-11-30 22:15:00 - [TEST_STEP][PASSED] - verifyElementPresent(findTestObject("Canine/Filter/Diagnosis/OsteoSarcoma_Chkbx"), 5): Object 'Object Repository/Canine/Filter/Diagnosis/OsteoSarcoma_Chkbx' is present

2021-11-30 22:15:00 - [MESSAGE][PASSED] - Object 'Object Repository/Canine/Filter/Diagnosis/OsteoSarcoma_Chkbx' is present

2021-11-30 22:15:00 - [TEST_STEP][PASSED] - ctdc.utilities.runtestcaseforKatalon.clickTabCanineStat("Canine/Filter/Diagnosis/OsteoSarcoma_Chkbx"): ctdc.utilities.runtestcaseforKatalon.clickTabCanineStat is PASSED

2021-11-30 22:15:01 - [MESSAGE][PASSED] - ctdc.utilities.runtestcaseforKatalon.clickTabCanineStat is PASSED

2021-11-30 22:15:01 - [TEST_STEP][PASSED] - waitForElementPresent(findTestObject("Object Repository/Canine/Filter/PrimDiseaseSite/PRIMARYDISEASESITE_Ddn"), 30): Object 'Object Repository/Canine/Filter/PrimDiseaseSite/PRIMARYDISEASESITE_Ddn' is present

2021-11-30 22:15:01 - [MESSAGE][PASSED] - Object 'Object Repository/Canine/Filter/PrimDiseaseSite/PRIMARYDISEASESITE_Ddn' is present

2021-11-30 22:15:01 - [TEST_STEP][PASSED] - verifyElementPresent(findTestObject("Object Repository/Canine/Filter/PrimDiseaseSite/PRIMARYDISEASESITE_Ddn"), 5): Object 'Object Repository/Canine/Filter/PrimDiseaseSite/PRIMARYDISEASESITE_Ddn' is present

2021-11-30 22:15:01 - [MESSAGE][PASSED] - Object 'Object Repository/Canine/Filter/PrimDiseaseSite/PRIMARYDISEASESITE_Ddn' is present

2021-11-30 22:15:01 - [TEST_STEP][PASSED] - ctdc.utilities.runtestcaseforKatalon.clickTabCanineStat("Canine/Filter/PrimDiseaseSite/PRIMARYDISEASESITE_Ddn"): ctdc.utilities.runtestcaseforKatalon.clickTabCanineStat is PASSED

2021-11-30 22:15:02 - [MESSAGE][PASSED] - ctdc.utilities.runtestcaseforKatalon.clickTabCanineStat is PASSED

2021-11-30 22:15:02 - [TEST_STEP][PASSED] - waitForElementPresent(findTestObject("Object Repository/Canine/Filter/PrimDiseaseSite/BoneApendicular_Chkbx"), 30): Object 'Object Repository/Canine/Filter/PrimDiseaseSite/BoneApendicular_Chkbx' is present

2021-11-30 22:15:02 - [MESSAGE][PASSED] - Object 'Object Repository/Canine/Filter/PrimDiseaseSite/BoneApendicular_Chkbx' is present

2021-11-30 22:15:02 - [TEST_STEP][PASSED] - ctdc.utilities.runtestcaseforKatalon.clickTabCanineStat("Object Repository/Canine/Filter/PrimDiseaseSite/BoneApendicular_Chkbx"): ctdc.utilities.runtestcaseforKatalon.clickTabCanineStat is PASSED

2021-11-30 22:15:04 - [MESSAGE][PASSED] - ctdc.utilities.runtestcaseforKatalon.clickTabCanineStat is PASSED

2021-11-30 22:15:04 - [TEST_STEP][PASSED] - ctdc.utilities.runtestcaseforKatalon.readStatBarCanine("Object Repository/Canine/StatBar/Canine_StatBar-Studies", "Object Repository/Canine/StatBar/Canine_StatBar-Cases", "Object Repository/Canine/StatBar/Canine_StatBar-Samples", "Object Repository/Canine/StatBar/Canine_StatBar-CaseFiles", "Object Repository/Canine/StatBar/Canine_StatBar-StudyFiles"): ctdc.utilities.runtestcaseforKatalon.readStatBarCanine is PASSED

2021-11-30 22:15:19 - [MESSAGE][PASSED] - ctdc.utilities.runtestcaseforKatalon.readStatBarCanine is PASSED

2021-11-30 22:15:19 - [TEST_STEP][PASSED] - waitForElementPresent(findTestObject("Object Repository/Canine/CanineResults_Cases_Tab"), 30): Object 'Object Repository/Canine/CanineResults_Cases_Tab' is present

2021-11-30 22:15:19 - [MESSAGE][PASSED] - Object 'Object Repository/Canine/CanineResults_Cases_Tab' is present

2021-11-30 22:15:19 - [TEST_STEP][PASSED] - verifyElementPresent(findTestObject("Object Repository/Canine/CanineResults_Cases_Tab"), 5): Object 'Object Repository/Canine/CanineResults_Cases_Tab' is present

2021-11-30 22:15:19 - [MESSAGE][PASSED] - Object 'Object Repository/Canine/CanineResults_Cases_Tab' is present

2021-11-30 22:15:19 - [TEST_STEP][PASSED] - ctdc.utilities.runtestcaseforKatalon.clickTab("Object Repository/Canine/CanineResults_Cases_Tab"): ctdc.utilities.runtestcaseforKatalon.clickTab is PASSED

2021-11-30 22:15:19 - [MESSAGE][PASSED] - ctdc.utilities.runtestcaseforKatalon.clickTab is PASSED

2021-11-30 22:15:19 - [TEST_STEP][PASSED] - ctdc.utilities.runtestcaseforKatalon.multiFunction("ICDC", G_StatBar_Cases, "Object Repository/Canine/Canine_CasesTable", "Object Repository/Canine/Canine_TableHeader", "Object Repository/Canine/Canine_CasesTabNextBtn", G_WebTabnameCases, G_CypherTabnameCases, G_QueryCasesTab): Statbar Studies count matches

2021-11-30 22:15:49 - [MESSAGE][PASSED] - Statbar Case Files count matches

2021-11-30 22:15:49 - [MESSAGE][PASSED] - Statbar Samples count matches

2021-11-30 22:15:49 - [MESSAGE][PASSED] - Statbar Cases count matches

2021-11-30 22:15:49 - [MESSAGE][PASSED] - Statbar Studies count matches

2021-11-30 22:15:49 - [TEST_STEP][PASSED] - waitForElementPresent(findTestObject("Object Repository/Canine/CanineResults_Samples_Tab"), 30): Object 'Object Repository/Canine/CanineResults_Samples_Tab' is present

2021-11-30 22:15:49 - [MESSAGE][PASSED] - Object 'Object Repository/Canine/CanineResults_Samples_Tab' is present

2021-11-30 22:15:49 - [TEST_STEP][PASSED] - verifyElementPresent(findTestObject("Object Repository/Canine/CanineResults_Samples_Tab"), 5): Object 'Object Repository/Canine/CanineResults_Samples_Tab' is present

2021-11-30 22:15:49 - [MESSAGE][PASSED] - Object 'Object Repository/Canine/CanineResults_Samples_Tab' is present

2021-11-30 22:15:49 - [TEST_STEP][PASSED] - ctdc.utilities.runtestcaseforKatalon.clickTab("Object Repository/Canine/CanineResults_Samples_Tab"): ctdc.utilities.runtestcaseforKatalon.clickTab is PASSED

2021-11-30 22:15:49 - [MESSAGE][PASSED] - ctdc.utilities.runtestcaseforKatalon.clickTab is PASSED

2021-11-30 22:15:49 - [TEST_STEP][PASSED] - ctdc.utilities.runtestcaseforKatalon.multiFunction("ICDC", G_StatBar_Samples, "Object Repository/Canine/Canine_Samples_Table", "Object Repository/Canine/Canine_Samples_TableHdr", "Object Repository/Canine/Canine_SamplesTabNextBtn", G_WebTabnameSamples, G_CypherTabnameSamples, G_QuerySamplesTab): Statbar Studies count matches

2021-11-30 22:16:04 - [MESSAGE][PASSED] - Statbar Case Files count matches

2021-11-30 22:16:04 - [MESSAGE][PASSED] - Statbar Samples count matches

2021-11-30 22:16:04 - [MESSAGE][PASSED] - Statbar Cases count matches

2021-11-30 22:16:04 - [MESSAGE][PASSED] - Statbar Studies count matches]]></system-out>
         <system-err><![CDATA[]]></system-err>
      </testcase>
      <testcase name="Test Cases/Canine_TestCases/StudyCombinations/Study-Combinations-COTC022/TC05_Canine_StudyCOTC022-Breed_RespToTrmt_Sex" time="74.144" classname="Test Cases/Canine_TestCases/StudyCombinations/Study-Combinations-COTC022/TC05_Canine_StudyCOTC022-Breed_RespToTrmt_Sex" status="ERROR">
         <error type="ERROR" message="Test Cases/Canine_TestCases/StudyCombinations/Study-Combinations-COTC022/TC05_Canine_StudyCOTC022-Breed_RespToTrmt_Sex FAILED.
Reason:
java.lang.IllegalArgumentException: The workbook already contains a sheet named 'WebDataCases'
	at org.apache.poi.xssf.usermodel.XSSFWorkbook.validateSheetName(XSSFWorkbook.java:890)
	at org.apache.poi.xssf.usermodel.XSSFWorkbook.createSheet(XSSFWorkbook.java:843)
	at org.apache.poi.xssf.usermodel.XSSFWorkbook.createSheet(XSSFWorkbook.java:122)
	at org.apache.poi.ss.usermodel.Workbook$createSheet$1.call(Unknown Source)
	at ctdc.utilities.runtestcaseforKatalon.writeToExcel(runtestcaseforKatalon.groovy:726)
	at ctdc.utilities.runtestcaseforKatalon.ReadCasesTableKatalon(runtestcaseforKatalon.groovy:611)
	at ctdc.utilities.runtestcaseforKatalon.multiFunction(runtestcaseforKatalon.groovy:254)
	at ctdc.utilities.runtestcaseforKatalon.invokeMethod(runtestcaseforKatalon.groovy)
	at com.kms.katalon.core.main.CustomKeywordDelegatingMetaClass.invokeStaticMethod(CustomKeywordDelegatingMetaClass.java:50)
	at TC05_Canine_StudyCOTC022-Breed_RespToTrmt_Sex.run(TC05_Canine_StudyCOTC022-Breed_RespToTrmt_Sex:91)
	at com.kms.katalon.core.main.ScriptEngine.run(ScriptEngine.java:194)
	at com.kms.katalon.core.main.ScriptEngine.runScriptAsRawText(ScriptEngine.java:119)
	at com.kms.katalon.core.main.TestCaseExecutor.runScript(TestCaseExecutor.java:442)
	at com.kms.katalon.core.main.TestCaseExecutor.doExecute(TestCaseExecutor.java:433)
	at com.kms.katalon.core.main.TestCaseExecutor.processExecutionPhase(TestCaseExecutor.java:412)
	at com.kms.katalon.core.main.TestCaseExecutor.accessMainPhase(TestCaseExecutor.java:404)
	at com.kms.katalon.core.main.TestCaseExecutor.execute(TestCaseExecutor.java:281)
	at com.kms.katalon.core.main.TestSuiteExecutor.accessTestCaseMainPhase(TestSuiteExecutor.java:202)
	at com.kms.katalon.core.main.TestSuiteExecutor.accessTestSuiteMainPhase(TestSuiteExecutor.java:164)
	at com.kms.katalon.core.main.TestSuiteExecutor.execute(TestSuiteExecutor.java:105)
	at com.kms.katalon.core.main.TestCaseMain.startTestSuite(TestCaseMain.java:181)
	at com.kms.katalon.core.main.TestCaseMain$startTestSuite$0.call(Unknown Source)
	at TempTestSuite1638327915632.run(TempTestSuite1638327915632.groovy:36)
"/>
         <system-out><![CDATA[2021-11-30 22:16:04 - [TEST_CASE][ERROR] - Test Cases/Canine_TestCases/StudyCombinations/Study-Combinations-COTC022/TC05_Canine_StudyCOTC022-Breed_RespToTrmt_Sex: Test Cases/Canine_TestCases/StudyCombinations/Study-Combinations-COTC022/TC05_Canine_StudyCOTC022-Breed_RespToTrmt_Sex FAILED.
Reason:
java.lang.IllegalArgumentException: The workbook already contains a sheet named 'WebDataCases'
	at org.apache.poi.xssf.usermodel.XSSFWorkbook.validateSheetName(XSSFWorkbook.java:890)
	at org.apache.poi.xssf.usermodel.XSSFWorkbook.createSheet(XSSFWorkbook.java:843)
	at org.apache.poi.xssf.usermodel.XSSFWorkbook.createSheet(XSSFWorkbook.java:122)
	at org.apache.poi.ss.usermodel.Workbook$createSheet$1.call(Unknown Source)
	at ctdc.utilities.runtestcaseforKatalon.writeToExcel(runtestcaseforKatalon.groovy:726)
	at ctdc.utilities.runtestcaseforKatalon.ReadCasesTableKatalon(runtestcaseforKatalon.groovy:611)
	at ctdc.utilities.runtestcaseforKatalon.multiFunction(runtestcaseforKatalon.groovy:254)
	at ctdc.utilities.runtestcaseforKatalon.invokeMethod(runtestcaseforKatalon.groovy)
	at com.kms.katalon.core.main.CustomKeywordDelegatingMetaClass.invokeStaticMethod(CustomKeywordDelegatingMetaClass.java:50)
	at TC05_Canine_StudyCOTC022-Breed_RespToTrmt_Sex.run(TC05_Canine_StudyCOTC022-Breed_RespToTrmt_Sex:91)
	at com.kms.katalon.core.main.ScriptEngine.run(ScriptEngine.java:194)
	at com.kms.katalon.core.main.ScriptEngine.runScriptAsRawText(ScriptEngine.java:119)
	at com.kms.katalon.core.main.TestCaseExecutor.runScript(TestCaseExecutor.java:442)
	at com.kms.katalon.core.main.TestCaseExecutor.doExecute(TestCaseExecutor.java:433)
	at com.kms.katalon.core.main.TestCaseExecutor.processExecutionPhase(TestCaseExecutor.java:412)
	at com.kms.katalon.core.main.TestCaseExecutor.accessMainPhase(TestCaseExecutor.java:404)
	at com.kms.katalon.core.main.TestCaseExecutor.execute(TestCaseExecutor.java:281)
	at com.kms.katalon.core.main.TestSuiteExecutor.accessTestCaseMainPhase(TestSuiteExecutor.java:202)
	at com.kms.katalon.core.main.TestSuiteExecutor.accessTestSuiteMainPhase(TestSuiteExecutor.java:164)
	at com.kms.katalon.core.main.TestSuiteExecutor.execute(TestSuiteExecutor.java:105)
	at com.kms.katalon.core.main.TestCaseMain.startTestSuite(TestCaseMain.java:181)
	at com.kms.katalon.core.main.TestCaseMain$startTestSuite$0.call(Unknown Source)
	at TempTestSuite1638327915632.run(TempTestSuite1638327915632.groovy:36)


2021-11-30 22:16:04 - [TEST_STEP][PASSED] - Start listener action : getTestScriptName: null

2021-11-30 22:16:04 - [TEST_STEP][PASSED] - TestCaseId = testCaseContext.getTestCaseId(): null

2021-11-30 22:16:04 - [TEST_STEP][PASSED] - out.println("**********this is the value of test case id string******** " + testCaseContext.getTestCaseId()): null

2021-11-30 22:16:04 - [TEST_STEP][PASSED] - G_currentTCName = TestCaseId.substring(TestCaseId.lastIndexOf("TC")): null

2021-11-30 22:16:04 - [TEST_STEP][PASSED] - out.println("This is the test case name : " + G_currentTCName): null

2021-11-30 22:16:04 - [TEST_STEP][PASSED] - closeBrowser(): Browser is closed

2021-11-30 22:16:05 - [MESSAGE][PASSED] - Browser is closed

2021-11-30 22:16:05 - [TEST_STEP][PASSED] - ctdc.utilities.runtestcaseforKatalon.RunKatalon("TC05_Canine_StudyCOTC022-Breed_RespToTrmt_Sex.xlsx"): Data loaded from input file for the test case. 

2021-11-30 22:16:05 - [MESSAGE][PASSED] - Test case file loaded This is the full filepath after converting to string :C:\Users\sohilz2\Commons_Automation\InputFiles\TC05_Canine_StudyCOTC022-Breed_RespToTrmt_Sex.xlsx

2021-11-30 22:16:05 - [MESSAGE][INFO] - Global variable set for password file is :  C:\Users\sohilz2\Commons_Automation\InputFiles\TC05_Canine_StudyCOTC022-Breed_RespToTrmt_Sex.xlsx

2021-11-30 22:16:09 - [MESSAGE][PASSED] - Data loaded from input file for the test case. 

2021-11-30 22:16:24 - [TEST_STEP][PASSED] - ctdc.utilities.runtestcaseforKatalon.clickTab("Object Repository/Canine/Canine_PopUp_Continue_Btn"): ctdc.utilities.runtestcaseforKatalon.clickTab is PASSED

2021-11-30 22:16:24 - [MESSAGE][PASSED] - ctdc.utilities.runtestcaseforKatalon.clickTab is PASSED

2021-11-30 22:16:24 - [TEST_STEP][PASSED] - out.println("Closed the popup window"): null

2021-11-30 22:16:24 - [TEST_STEP][PASSED] - waitForElementPresent(findTestObject("Canine/NavBar/Canine_Cases_Btn"), 20): Object 'Object Repository/Canine/NavBar/Canine_Cases_Btn' is present

2021-11-30 22:16:24 - [MESSAGE][PASSED] - Object 'Object Repository/Canine/NavBar/Canine_Cases_Btn' is present

2021-11-30 22:16:24 - [TEST_STEP][PASSED] - ctdc.utilities.runtestcaseforKatalon.clickTab("Canine/NavBar/Canine_Cases_Btn"): ctdc.utilities.runtestcaseforKatalon.clickTab is PASSED

2021-11-30 22:16:25 - [MESSAGE][PASSED] - ctdc.utilities.runtestcaseforKatalon.clickTab is PASSED

2021-11-30 22:16:25 - [TEST_STEP][PASSED] - waitForElementPresent(findTestObject("Object Repository/Canine/Filter/FilterByCases_Facet"), 20): Object 'Object Repository/Canine/Filter/FilterByCases_Facet' is present

2021-11-30 22:16:26 - [MESSAGE][PASSED] - Object 'Object Repository/Canine/Filter/FilterByCases_Facet' is present

2021-11-30 22:16:26 - [TEST_STEP][PASSED] - ctdc.utilities.runtestcaseforKatalon.clickTab("Object Repository/Canine/Filter/FilterByCases_Facet"): ctdc.utilities.runtestcaseforKatalon.clickTab is PASSED

2021-11-30 22:16:27 - [MESSAGE][PASSED] - ctdc.utilities.runtestcaseforKatalon.clickTab is PASSED

2021-11-30 22:16:27 - [TEST_STEP][PASSED] - waitForElementPresent(findTestObject("Object Repository/Canine/Filter/Study/Canine_Filter_Study"), 30): Object 'Object Repository/Canine/Filter/Study/Canine_Filter_Study' is present

2021-11-30 22:16:27 - [MESSAGE][PASSED] - Object 'Object Repository/Canine/Filter/Study/Canine_Filter_Study' is present

2021-11-30 22:16:27 - [TEST_STEP][PASSED] - ctdc.utilities.runtestcaseforKatalon.clickTab("Object Repository/Canine/Filter/Study/Canine_Filter_Study"): ctdc.utilities.runtestcaseforKatalon.clickTab is PASSED

2021-11-30 22:16:28 - [MESSAGE][PASSED] - ctdc.utilities.runtestcaseforKatalon.clickTab is PASSED

2021-11-30 22:16:28 - [TEST_STEP][PASSED] - waitForElementPresent(findTestObject("Object Repository/Canine/Filter/Study/Canine_Filter_Study-COTC022_Chkbx"), 30): Object 'Object Repository/Canine/Filter/Study/Canine_Filter_Study-COTC022_Chkbx' is present

2021-11-30 22:16:28 - [MESSAGE][PASSED] - Object 'Object Repository/Canine/Filter/Study/Canine_Filter_Study-COTC022_Chkbx' is present

2021-11-30 22:16:28 - [TEST_STEP][PASSED] - ctdc.utilities.runtestcaseforKatalon.clickTabCanineStat("Object Repository/Canine/Filter/Study/Canine_Filter_Study-COTC022_Chkbx"): ctdc.utilities.runtestcaseforKatalon.clickTabCanineStat is PASSED

2021-11-30 22:16:29 - [MESSAGE][PASSED] - ctdc.utilities.runtestcaseforKatalon.clickTabCanineStat is PASSED

2021-11-30 22:16:29 - [TEST_STEP][PASSED] - ctdc.utilities.runtestcaseforKatalon.clickTab("Object Repository/Canine/Filter/Study/Canine_Filter_Study"): ctdc.utilities.runtestcaseforKatalon.clickTab is PASSED

2021-11-30 22:16:30 - [MESSAGE][PASSED] - ctdc.utilities.runtestcaseforKatalon.clickTab is PASSED

2021-11-30 22:16:30 - [TEST_STEP][PASSED] - waitForElementPresent(findTestObject("Object Repository/Canine/Filter/Breed/BREED_Ddn"), 30): Object 'Object Repository/Canine/Filter/Breed/BREED_Ddn' is present

2021-11-30 22:16:30 - [MESSAGE][PASSED] - Object 'Object Repository/Canine/Filter/Breed/BREED_Ddn' is present

2021-11-30 22:16:30 - [TEST_STEP][PASSED] - verifyElementPresent(findTestObject("Object Repository/Canine/Filter/Breed/BREED_Ddn"), 5): Object 'Object Repository/Canine/Filter/Breed/BREED_Ddn' is present

2021-11-30 22:16:30 - [MESSAGE][PASSED] - Object 'Object Repository/Canine/Filter/Breed/BREED_Ddn' is present

2021-11-30 22:16:30 - [TEST_STEP][PASSED] - ctdc.utilities.runtestcaseforKatalon.clickTabCanineStat("Object Repository/Canine/Filter/Breed/BREED_Ddn"): ctdc.utilities.runtestcaseforKatalon.clickTabCanineStat is PASSED

2021-11-30 22:16:31 - [MESSAGE][PASSED] - ctdc.utilities.runtestcaseforKatalon.clickTabCanineStat is PASSED

2021-11-30 22:16:31 - [TEST_STEP][PASSED] - waitForElementPresent(findTestObject("Object Repository/Canine/Filter/Breed/GreatPyrenees_Chkbx"), 30): Object 'Object Repository/Canine/Filter/Breed/GreatPyrenees_Chkbx' is present

2021-11-30 22:16:31 - [MESSAGE][PASSED] - Object 'Object Repository/Canine/Filter/Breed/GreatPyrenees_Chkbx' is present

2021-11-30 22:16:31 - [TEST_STEP][PASSED] - verifyElementPresent(findTestObject("Object Repository/Canine/Filter/Breed/GreatPyrenees_Chkbx"), 5): Object 'Object Repository/Canine/Filter/Breed/GreatPyrenees_Chkbx' is present

2021-11-30 22:16:32 - [MESSAGE][PASSED] - Object 'Object Repository/Canine/Filter/Breed/GreatPyrenees_Chkbx' is present

2021-11-30 22:16:32 - [TEST_STEP][PASSED] - ctdc.utilities.runtestcaseforKatalon.clickTabCanineStat("Object Repository/Canine/Filter/Breed/GreatPyrenees_Chkbx"): ctdc.utilities.runtestcaseforKatalon.clickTabCanineStat is PASSED

2021-11-30 22:16:33 - [MESSAGE][PASSED] - ctdc.utilities.runtestcaseforKatalon.clickTabCanineStat is PASSED

2021-11-30 22:16:33 - [TEST_STEP][PASSED] - delay(3): Delayed 3 second(s)

2021-11-30 22:16:36 - [MESSAGE][PASSED] - Delayed 3 second(s)

2021-11-30 22:16:36 - [TEST_STEP][PASSED] - waitForElementPresent(findTestObject("Object Repository/Canine/Filter/Breed/SaintBnd_Chkbx"), 30): Object 'Object Repository/Canine/Filter/Breed/SaintBnd_Chkbx' is present

2021-11-30 22:16:36 - [MESSAGE][PASSED] - Object 'Object Repository/Canine/Filter/Breed/SaintBnd_Chkbx' is present

2021-11-30 22:16:36 - [TEST_STEP][PASSED] - verifyElementPresent(findTestObject("Object Repository/Canine/Filter/Breed/SaintBnd_Chkbx"), 5): Object 'Object Repository/Canine/Filter/Breed/SaintBnd_Chkbx' is present

2021-11-30 22:16:36 - [MESSAGE][PASSED] - Object 'Object Repository/Canine/Filter/Breed/SaintBnd_Chkbx' is present

2021-11-30 22:16:36 - [TEST_STEP][PASSED] - ctdc.utilities.runtestcaseforKatalon.clickTabCanineStat("Object Repository/Canine/Filter/Breed/SaintBnd_Chkbx"): ctdc.utilities.runtestcaseforKatalon.clickTabCanineStat is PASSED

2021-11-30 22:16:37 - [MESSAGE][PASSED] - ctdc.utilities.runtestcaseforKatalon.clickTabCanineStat is PASSED

2021-11-30 22:16:37 - [TEST_STEP][PASSED] - delay(3): Delayed 3 second(s)

2021-11-30 22:16:40 - [MESSAGE][PASSED] - Delayed 3 second(s)

2021-11-30 22:16:40 - [TEST_STEP][PASSED] - waitForElementPresent(findTestObject("Object Repository/Canine/Filter/Breed/SiberianHusky_Chkbx"), 30): Object 'Object Repository/Canine/Filter/Breed/SiberianHusky_Chkbx' is present

2021-11-30 22:16:40 - [MESSAGE][PASSED] - Object 'Object Repository/Canine/Filter/Breed/SiberianHusky_Chkbx' is present

2021-11-30 22:16:40 - [TEST_STEP][PASSED] - verifyElementPresent(findTestObject("Object Repository/Canine/Filter/Breed/SiberianHusky_Chkbx"), 5): Object 'Object Repository/Canine/Filter/Breed/SiberianHusky_Chkbx' is present

2021-11-30 22:16:40 - [MESSAGE][PASSED] - Object 'Object Repository/Canine/Filter/Breed/SiberianHusky_Chkbx' is present

2021-11-30 22:16:40 - [TEST_STEP][PASSED] - ctdc.utilities.runtestcaseforKatalon.clickTabCanineStat("Object Repository/Canine/Filter/Breed/SiberianHusky_Chkbx"): ctdc.utilities.runtestcaseforKatalon.clickTabCanineStat is PASSED

2021-11-30 22:16:42 - [MESSAGE][PASSED] - ctdc.utilities.runtestcaseforKatalon.clickTabCanineStat is PASSED

2021-11-30 22:16:42 - [TEST_STEP][PASSED] - ctdc.utilities.runtestcaseforKatalon.clickTabCanineStat("Object Repository/Canine/Filter/Breed/BREED_Ddn"): ctdc.utilities.runtestcaseforKatalon.clickTabCanineStat is PASSED

2021-11-30 22:16:43 - [MESSAGE][PASSED] - ctdc.utilities.runtestcaseforKatalon.clickTabCanineStat is PASSED

2021-11-30 22:16:43 - [TEST_STEP][PASSED] - waitForElementPresent(findTestObject("Object Repository/Canine/Filter/ResponseToTreatment/RESPONSETOTREATMENT_Ddn"), 30): Object 'Object Repository/Canine/Filter/ResponseToTreatment/RESPONSETOTREATMENT_Ddn' is present

2021-11-30 22:16:43 - [MESSAGE][PASSED] - Object 'Object Repository/Canine/Filter/ResponseToTreatment/RESPONSETOTREATMENT_Ddn' is present

2021-11-30 22:16:43 - [TEST_STEP][PASSED] - verifyElementPresent(findTestObject("Object Repository/Canine/Filter/ResponseToTreatment/RESPONSETOTREATMENT_Ddn"), 5): Object 'Object Repository/Canine/Filter/ResponseToTreatment/RESPONSETOTREATMENT_Ddn' is present

2021-11-30 22:16:43 - [MESSAGE][PASSED] - Object 'Object Repository/Canine/Filter/ResponseToTreatment/RESPONSETOTREATMENT_Ddn' is present

2021-11-30 22:16:43 - [TEST_STEP][PASSED] - ctdc.utilities.runtestcaseforKatalon.clickTabCanineStat("Object Repository/Canine/Filter/ResponseToTreatment/RESPONSETOTREATMENT_Ddn"): ctdc.utilities.runtestcaseforKatalon.clickTabCanineStat is PASSED

2021-11-30 22:16:44 - [MESSAGE][PASSED] - ctdc.utilities.runtestcaseforKatalon.clickTabCanineStat is PASSED

2021-11-30 22:16:44 - [TEST_STEP][PASSED] - waitForElementPresent(findTestObject("Canine/Filter/ResponseToTreatment/CompResponse_Chkbx"), 30): Object 'Object Repository/Canine/Filter/ResponseToTreatment/CompResponse_Chkbx' is present

2021-11-30 22:16:44 - [MESSAGE][PASSED] - Object 'Object Repository/Canine/Filter/ResponseToTreatment/CompResponse_Chkbx' is present

2021-11-30 22:16:44 - [TEST_STEP][PASSED] - verifyElementPresent(findTestObject("Canine/Filter/ResponseToTreatment/CompResponse_Chkbx"), 5): Object 'Object Repository/Canine/Filter/ResponseToTreatment/CompResponse_Chkbx' is present

2021-11-30 22:16:44 - [MESSAGE][PASSED] - Object 'Object Repository/Canine/Filter/ResponseToTreatment/CompResponse_Chkbx' is present

2021-11-30 22:16:44 - [TEST_STEP][PASSED] - ctdc.utilities.runtestcaseforKatalon.clickTabCanineStat("Canine/Filter/ResponseToTreatment/CompResponse_Chkbx"): ctdc.utilities.runtestcaseforKatalon.clickTabCanineStat is PASSED

2021-11-30 22:16:46 - [MESSAGE][PASSED] - ctdc.utilities.runtestcaseforKatalon.clickTabCanineStat is PASSED

2021-11-30 22:16:46 - [TEST_STEP][PASSED] - ctdc.utilities.runtestcaseforKatalon.clickTabCanineStat("Canine/Filter/ResponseToTreatment/RESPONSETOTREATMENT_Ddn"): ctdc.utilities.runtestcaseforKatalon.clickTabCanineStat is PASSED

2021-11-30 22:16:47 - [MESSAGE][PASSED] - ctdc.utilities.runtestcaseforKatalon.clickTabCanineStat is PASSED

2021-11-30 22:16:47 - [TEST_STEP][PASSED] - waitForElementPresent(findTestObject("Object Repository/Canine/Filter/Sex/SEX_Ddn"), 30): Object 'Object Repository/Canine/Filter/Sex/SEX_Ddn' is present

2021-11-30 22:16:47 - [MESSAGE][PASSED] - Object 'Object Repository/Canine/Filter/Sex/SEX_Ddn' is present

2021-11-30 22:16:47 - [TEST_STEP][PASSED] - verifyElementPresent(findTestObject("Object Repository/Canine/Filter/Sex/SEX_Ddn"), 5): Object 'Object Repository/Canine/Filter/Sex/SEX_Ddn' is present

2021-11-30 22:16:47 - [MESSAGE][PASSED] - Object 'Object Repository/Canine/Filter/Sex/SEX_Ddn' is present

2021-11-30 22:16:47 - [TEST_STEP][PASSED] - ctdc.utilities.runtestcaseforKatalon.clickTabCanineStat("Object Repository/Canine/Filter/Sex/SEX_Ddn"): ctdc.utilities.runtestcaseforKatalon.clickTabCanineStat is PASSED

2021-11-30 22:16:48 - [MESSAGE][PASSED] - ctdc.utilities.runtestcaseforKatalon.clickTabCanineStat is PASSED

2021-11-30 22:16:48 - [TEST_STEP][PASSED] - waitForElementPresent(findTestObject("Canine/Filter/Sex/Female_Chkbx"), 30): Object 'Object Repository/Canine/Filter/Sex/Female_Chkbx' is present

2021-11-30 22:16:48 - [MESSAGE][PASSED] - Object 'Object Repository/Canine/Filter/Sex/Female_Chkbx' is present

2021-11-30 22:16:48 - [TEST_STEP][PASSED] - verifyElementPresent(findTestObject("Canine/Filter/Sex/Female_Chkbx"), 5): Object 'Object Repository/Canine/Filter/Sex/Female_Chkbx' is present

2021-11-30 22:16:48 - [MESSAGE][PASSED] - Object 'Object Repository/Canine/Filter/Sex/Female_Chkbx' is present

2021-11-30 22:16:48 - [TEST_STEP][PASSED] - ctdc.utilities.runtestcaseforKatalon.clickTabCanineStat("Canine/Filter/Sex/Female_Chkbx"): ctdc.utilities.runtestcaseforKatalon.clickTabCanineStat is PASSED

2021-11-30 22:16:50 - [MESSAGE][PASSED] - ctdc.utilities.runtestcaseforKatalon.clickTabCanineStat is PASSED

2021-11-30 22:16:50 - [TEST_STEP][PASSED] - ctdc.utilities.runtestcaseforKatalon.clickTabCanineStat("Canine/Filter/Sex/SEX_Ddn"): ctdc.utilities.runtestcaseforKatalon.clickTabCanineStat is PASSED

2021-11-30 22:16:51 - [MESSAGE][PASSED] - ctdc.utilities.runtestcaseforKatalon.clickTabCanineStat is PASSED

2021-11-30 22:16:51 - [TEST_STEP][PASSED] - ctdc.utilities.runtestcaseforKatalon.readStatBarCanine("Object Repository/Canine/StatBar/Canine_StatBar-Studies", "Object Repository/Canine/StatBar/Canine_StatBar-Cases", "Object Repository/Canine/StatBar/Canine_StatBar-Samples", "Object Repository/Canine/StatBar/Canine_StatBar-CaseFiles", "Object Repository/Canine/StatBar/Canine_StatBar-StudyFiles"): ctdc.utilities.runtestcaseforKatalon.readStatBarCanine is PASSED

2021-11-30 22:17:07 - [MESSAGE][PASSED] - ctdc.utilities.runtestcaseforKatalon.readStatBarCanine is PASSED

2021-11-30 22:17:07 - [TEST_STEP][PASSED] - waitForElementPresent(findTestObject("Object Repository/Canine/CanineResults_Cases_Tab"), 30): Object 'Object Repository/Canine/CanineResults_Cases_Tab' is present

2021-11-30 22:17:07 - [MESSAGE][PASSED] - Object 'Object Repository/Canine/CanineResults_Cases_Tab' is present

2021-11-30 22:17:07 - [TEST_STEP][PASSED] - verifyElementPresent(findTestObject("Object Repository/Canine/CanineResults_Cases_Tab"), 5): Object 'Object Repository/Canine/CanineResults_Cases_Tab' is present

2021-11-30 22:17:07 - [MESSAGE][PASSED] - Object 'Object Repository/Canine/CanineResults_Cases_Tab' is present

2021-11-30 22:17:07 - [TEST_STEP][PASSED] - ctdc.utilities.runtestcaseforKatalon.clickTab("Object Repository/Canine/CanineResults_Cases_Tab"): ctdc.utilities.runtestcaseforKatalon.clickTab is PASSED

2021-11-30 22:17:07 - [MESSAGE][PASSED] - ctdc.utilities.runtestcaseforKatalon.clickTab is PASSED

2021-11-30 22:17:07 - [TEST_STEP][ERROR] - ctdc.utilities.runtestcaseforKatalon.multiFunction("ICDC", G_StatBar_Cases, "Object Repository/Canine/Canine_CasesTable", "Object Repository/Canine/Canine_TableHeader", "Object Repository/Canine/Canine_CasesTabNextBtn", G_WebTabnameCases, G_CypherTabnameCases, G_QueryCasesTab): Test Cases/Canine_TestCases/StudyCombinations/Study-Combinations-COTC022/TC05_Canine_StudyCOTC022-Breed_RespToTrmt_Sex FAILED.
Reason:
com.kms.katalon.core.exception.StepErrorException: java.lang.IllegalArgumentException: The workbook already contains a sheet named 'WebDataCases'
	at com.kms.katalon.core.main.CustomKeywordDelegatingMetaClass.throwError(CustomKeywordDelegatingMetaClass.java:96)
	at com.kms.katalon.core.main.CustomKeywordDelegatingMetaClass.invokeStaticMethod(CustomKeywordDelegatingMetaClass.java:68)
	at TC05_Canine_StudyCOTC022-Breed_RespToTrmt_Sex.run(TC05_Canine_StudyCOTC022-Breed_RespToTrmt_Sex:91)
	at com.kms.katalon.core.main.ScriptEngine.run(ScriptEngine.java:194)
	at com.kms.katalon.core.main.ScriptEngine.runScriptAsRawText(ScriptEngine.java:119)
	at com.kms.katalon.core.main.TestCaseExecutor.runScript(TestCaseExecutor.java:442)
	at com.kms.katalon.core.main.TestCaseExecutor.doExecute(TestCaseExecutor.java:433)
	at com.kms.katalon.core.main.TestCaseExecutor.processExecutionPhase(TestCaseExecutor.java:412)
	at com.kms.katalon.core.main.TestCaseExecutor.accessMainPhase(TestCaseExecutor.java:404)
	at com.kms.katalon.core.main.TestCaseExecutor.execute(TestCaseExecutor.java:281)
	at com.kms.katalon.core.main.TestSuiteExecutor.accessTestCaseMainPhase(TestSuiteExecutor.java:202)
	at com.kms.katalon.core.main.TestSuiteExecutor.accessTestSuiteMainPhase(TestSuiteExecutor.java:164)
	at com.kms.katalon.core.main.TestSuiteExecutor.execute(TestSuiteExecutor.java:105)
	at com.kms.katalon.core.main.TestCaseMain.startTestSuite(TestCaseMain.java:181)
	at com.kms.katalon.core.main.TestCaseMain$startTestSuite$0.call(Unknown Source)
	at TempTestSuite1638327915632.run(TempTestSuite1638327915632.groovy:36)
Caused by: java.lang.IllegalArgumentException: The workbook already contains a sheet named 'WebDataCases'
	at org.apache.poi.xssf.usermodel.XSSFWorkbook.validateSheetName(XSSFWorkbook.java:890)
	at org.apache.poi.xssf.usermodel.XSSFWorkbook.createSheet(XSSFWorkbook.java:843)
	at org.apache.poi.xssf.usermodel.XSSFWorkbook.createSheet(XSSFWorkbook.java:122)
	at org.apache.poi.ss.usermodel.Workbook$createSheet$1.call(Unknown Source)
	at ctdc.utilities.runtestcaseforKatalon.writeToExcel(runtestcaseforKatalon.groovy:726)
	at ctdc.utilities.runtestcaseforKatalon.ReadCasesTableKatalon(runtestcaseforKatalon.groovy:611)
	at ctdc.utilities.runtestcaseforKatalon.multiFunction(runtestcaseforKatalon.groovy:254)
	at ctdc.utilities.runtestcaseforKatalon.invokeMethod(runtestcaseforKatalon.groovy)
	at com.kms.katalon.core.main.CustomKeywordDelegatingMetaClass.invokeStaticMethod(CustomKeywordDelegatingMetaClass.java:50)
	... 14 more


2021-11-30 22:17:18 - [MESSAGE][ERROR] - The workbook already contains a sheet named 'WebDataCases'

2021-11-30 22:17:18 - [MESSAGE][ERROR] - Test Cases/Canine_TestCases/StudyCombinations/Study-Combinations-COTC022/TC05_Canine_StudyCOTC022-Breed_RespToTrmt_Sex FAILED.
Reason:
com.kms.katalon.core.exception.StepErrorException: java.lang.IllegalArgumentException: The workbook already contains a sheet named 'WebDataCases'
	at com.kms.katalon.core.main.CustomKeywordDelegatingMetaClass.throwError(CustomKeywordDelegatingMetaClass.java:96)
	at com.kms.katalon.core.main.CustomKeywordDelegatingMetaClass.invokeStaticMethod(CustomKeywordDelegatingMetaClass.java:68)
	at TC05_Canine_StudyCOTC022-Breed_RespToTrmt_Sex.run(TC05_Canine_StudyCOTC022-Breed_RespToTrmt_Sex:91)
	at com.kms.katalon.core.main.ScriptEngine.run(ScriptEngine.java:194)
	at com.kms.katalon.core.main.ScriptEngine.runScriptAsRawText(ScriptEngine.java:119)
	at com.kms.katalon.core.main.TestCaseExecutor.runScript(TestCaseExecutor.java:442)
	at com.kms.katalon.core.main.TestCaseExecutor.doExecute(TestCaseExecutor.java:433)
	at com.kms.katalon.core.main.TestCaseExecutor.processExecutionPhase(TestCaseExecutor.java:412)
	at com.kms.katalon.core.main.TestCaseExecutor.accessMainPhase(TestCaseExecutor.java:404)
	at com.kms.katalon.core.main.TestCaseExecutor.execute(TestCaseExecutor.java:281)
	at com.kms.katalon.core.main.TestSuiteExecutor.accessTestCaseMainPhase(TestSuiteExecutor.java:202)
	at com.kms.katalon.core.main.TestSuiteExecutor.accessTestSuiteMainPhase(TestSuiteExecutor.java:164)
	at com.kms.katalon.core.main.TestSuiteExecutor.execute(TestSuiteExecutor.java:105)
	at com.kms.katalon.core.main.TestCaseMain.startTestSuite(TestCaseMain.java:181)
	at com.kms.katalon.core.main.TestCaseMain$startTestSuite$0.call(Unknown Source)
	at TempTestSuite1638327915632.run(TempTestSuite1638327915632.groovy:36)
Caused by: java.lang.IllegalArgumentException: The workbook already contains a sheet named 'WebDataCases'
	at org.apache.poi.xssf.usermodel.XSSFWorkbook.validateSheetName(XSSFWorkbook.java:890)
	at org.apache.poi.xssf.usermodel.XSSFWorkbook.createSheet(XSSFWorkbook.java:843)
	at org.apache.poi.xssf.usermodel.XSSFWorkbook.createSheet(XSSFWorkbook.java:122)
	at org.apache.poi.ss.usermodel.Workbook$createSheet$1.call(Unknown Source)
	at ctdc.utilities.runtestcaseforKatalon.writeToExcel(runtestcaseforKatalon.groovy:726)
	at ctdc.utilities.runtestcaseforKatalon.ReadCasesTableKatalon(runtestcaseforKatalon.groovy:611)
	at ctdc.utilities.runtestcaseforKatalon.multiFunction(runtestcaseforKatalon.groovy:254)
	at ctdc.utilities.runtestcaseforKatalon.invokeMethod(runtestcaseforKatalon.groovy)
	at com.kms.katalon.core.main.CustomKeywordDelegatingMetaClass.invokeStaticMethod(CustomKeywordDelegatingMetaClass.java:50)
	... 14 more]]></system-out>
         <system-err><![CDATA[2021-11-30 22:16:04 - [TEST_CASE][ERROR] - Test Cases/Canine_TestCases/StudyCombinations/Study-Combinations-COTC022/TC05_Canine_StudyCOTC022-Breed_RespToTrmt_Sex: Test Cases/Canine_TestCases/StudyCombinations/Study-Combinations-COTC022/TC05_Canine_StudyCOTC022-Breed_RespToTrmt_Sex FAILED.
Reason:
java.lang.IllegalArgumentException: The workbook already contains a sheet named 'WebDataCases'
	at org.apache.poi.xssf.usermodel.XSSFWorkbook.validateSheetName(XSSFWorkbook.java:890)
	at org.apache.poi.xssf.usermodel.XSSFWorkbook.createSheet(XSSFWorkbook.java:843)
	at org.apache.poi.xssf.usermodel.XSSFWorkbook.createSheet(XSSFWorkbook.java:122)
	at org.apache.poi.ss.usermodel.Workbook$createSheet$1.call(Unknown Source)
	at ctdc.utilities.runtestcaseforKatalon.writeToExcel(runtestcaseforKatalon.groovy:726)
	at ctdc.utilities.runtestcaseforKatalon.ReadCasesTableKatalon(runtestcaseforKatalon.groovy:611)
	at ctdc.utilities.runtestcaseforKatalon.multiFunction(runtestcaseforKatalon.groovy:254)
	at ctdc.utilities.runtestcaseforKatalon.invokeMethod(runtestcaseforKatalon.groovy)
	at com.kms.katalon.core.main.CustomKeywordDelegatingMetaClass.invokeStaticMethod(CustomKeywordDelegatingMetaClass.java:50)
	at TC05_Canine_StudyCOTC022-Breed_RespToTrmt_Sex.run(TC05_Canine_StudyCOTC022-Breed_RespToTrmt_Sex:91)
	at com.kms.katalon.core.main.ScriptEngine.run(ScriptEngine.java:194)
	at com.kms.katalon.core.main.ScriptEngine.runScriptAsRawText(ScriptEngine.java:119)
	at com.kms.katalon.core.main.TestCaseExecutor.runScript(TestCaseExecutor.java:442)
	at com.kms.katalon.core.main.TestCaseExecutor.doExecute(TestCaseExecutor.java:433)
	at com.kms.katalon.core.main.TestCaseExecutor.processExecutionPhase(TestCaseExecutor.java:412)
	at com.kms.katalon.core.main.TestCaseExecutor.accessMainPhase(TestCaseExecutor.java:404)
	at com.kms.katalon.core.main.TestCaseExecutor.execute(TestCaseExecutor.java:281)
	at com.kms.katalon.core.main.TestSuiteExecutor.accessTestCaseMainPhase(TestSuiteExecutor.java:202)
	at com.kms.katalon.core.main.TestSuiteExecutor.accessTestSuiteMainPhase(TestSuiteExecutor.java:164)
	at com.kms.katalon.core.main.TestSuiteExecutor.execute(TestSuiteExecutor.java:105)
	at com.kms.katalon.core.main.TestCaseMain.startTestSuite(TestCaseMain.java:181)
	at com.kms.katalon.core.main.TestCaseMain$startTestSuite$0.call(Unknown Source)
	at TempTestSuite1638327915632.run(TempTestSuite1638327915632.groovy:36)]]></system-err>
      </testcase>
      <testcase name="Test Cases/Canine_TestCases/StudyCombinations/Study-Combinations-COTC022/TC06_Canine_StudyCOTC022-Breed_Diagnosis_PrimDiseaseSite" time="85.12" classname="Test Cases/Canine_TestCases/StudyCombinations/Study-Combinations-COTC022/TC06_Canine_StudyCOTC022-Breed_Diagnosis_PrimDiseaseSite" status="PASSED">
         <system-out><![CDATA[2021-11-30 22:17:18 - [TEST_CASE][PASSED] - Test Cases/Canine_TestCases/StudyCombinations/Study-Combinations-COTC022/TC06_Canine_StudyCOTC022-Breed_Diagnosis_PrimDiseaseSite: Test Cases/Canine_TestCases/StudyCombinations/Study-Combinations-COTC022/TC06_Canine_StudyCOTC022-Breed_Diagnosis_PrimDiseaseSite

2021-11-30 22:17:18 - [TEST_STEP][PASSED] - Start listener action : getTestScriptName: null

2021-11-30 22:17:18 - [TEST_STEP][PASSED] - TestCaseId = testCaseContext.getTestCaseId(): null

2021-11-30 22:17:18 - [TEST_STEP][PASSED] - out.println("**********this is the value of test case id string******** " + testCaseContext.getTestCaseId()): null

2021-11-30 22:17:18 - [TEST_STEP][PASSED] - G_currentTCName = TestCaseId.substring(TestCaseId.lastIndexOf("TC")): null

2021-11-30 22:17:18 - [TEST_STEP][PASSED] - out.println("This is the test case name : " + G_currentTCName): null

2021-11-30 22:17:19 - [TEST_STEP][PASSED] - closeBrowser(): Browser is closed

2021-11-30 22:17:19 - [MESSAGE][PASSED] - Browser is closed

2021-11-30 22:17:19 - [TEST_STEP][PASSED] - ctdc.utilities.runtestcaseforKatalon.RunKatalon("TC06_Canine_StudyCOTC022-Breed_Diagnosis_PrimDiseaseSite.xlsx"): Data loaded from input file for the test case. 

2021-11-30 22:17:19 - [MESSAGE][PASSED] - Test case file loaded This is the full filepath after converting to string :C:\Users\sohilz2\Commons_Automation\InputFiles\TC06_Canine_StudyCOTC022-Breed_Diagnosis_PrimDiseaseSite.xlsx

2021-11-30 22:17:19 - [MESSAGE][INFO] - Global variable set for password file is :  C:\Users\sohilz2\Commons_Automation\InputFiles\TC06_Canine_StudyCOTC022-Breed_Diagnosis_PrimDiseaseSite.xlsx

2021-11-30 22:17:23 - [MESSAGE][PASSED] - Data loaded from input file for the test case. 

2021-11-30 22:17:37 - [TEST_STEP][PASSED] - ctdc.utilities.runtestcaseforKatalon.clickTab("Object Repository/Canine/Canine_PopUp_Continue_Btn"): ctdc.utilities.runtestcaseforKatalon.clickTab is PASSED

2021-11-30 22:17:38 - [MESSAGE][PASSED] - ctdc.utilities.runtestcaseforKatalon.clickTab is PASSED

2021-11-30 22:17:38 - [TEST_STEP][PASSED] - out.println("Closed the popup window"): null

2021-11-30 22:17:38 - [TEST_STEP][PASSED] - waitForElementPresent(findTestObject("Canine/NavBar/Canine_Cases_Btn"), 20): Object 'Object Repository/Canine/NavBar/Canine_Cases_Btn' is present

2021-11-30 22:17:38 - [MESSAGE][PASSED] - Object 'Object Repository/Canine/NavBar/Canine_Cases_Btn' is present

2021-11-30 22:17:38 - [TEST_STEP][PASSED] - ctdc.utilities.runtestcaseforKatalon.clickTab("Canine/NavBar/Canine_Cases_Btn"): ctdc.utilities.runtestcaseforKatalon.clickTab is PASSED

2021-11-30 22:17:38 - [MESSAGE][PASSED] - ctdc.utilities.runtestcaseforKatalon.clickTab is PASSED

2021-11-30 22:17:38 - [TEST_STEP][PASSED] - waitForElementPresent(findTestObject("Object Repository/Canine/Filter/FilterByCases_Facet"), 20): Object 'Object Repository/Canine/Filter/FilterByCases_Facet' is present

2021-11-30 22:17:39 - [MESSAGE][PASSED] - Object 'Object Repository/Canine/Filter/FilterByCases_Facet' is present

2021-11-30 22:17:39 - [TEST_STEP][PASSED] - ctdc.utilities.runtestcaseforKatalon.clickTab("Object Repository/Canine/Filter/FilterByCases_Facet"): ctdc.utilities.runtestcaseforKatalon.clickTab is PASSED

2021-11-30 22:17:40 - [MESSAGE][PASSED] - ctdc.utilities.runtestcaseforKatalon.clickTab is PASSED

2021-11-30 22:17:40 - [TEST_STEP][PASSED] - waitForElementPresent(findTestObject("Object Repository/Canine/Filter/Study/Canine_Filter_Study"), 30): Object 'Object Repository/Canine/Filter/Study/Canine_Filter_Study' is present

2021-11-30 22:17:40 - [MESSAGE][PASSED] - Object 'Object Repository/Canine/Filter/Study/Canine_Filter_Study' is present

2021-11-30 22:17:40 - [TEST_STEP][PASSED] - ctdc.utilities.runtestcaseforKatalon.clickTab("Object Repository/Canine/Filter/Study/Canine_Filter_Study"): ctdc.utilities.runtestcaseforKatalon.clickTab is PASSED

2021-11-30 22:17:41 - [MESSAGE][PASSED] - ctdc.utilities.runtestcaseforKatalon.clickTab is PASSED

2021-11-30 22:17:41 - [TEST_STEP][PASSED] - waitForElementPresent(findTestObject("Object Repository/Canine/Filter/Study/Canine_Filter_Study-COTC022_Chkbx"), 30): Object 'Object Repository/Canine/Filter/Study/Canine_Filter_Study-COTC022_Chkbx' is present

2021-11-30 22:17:41 - [MESSAGE][PASSED] - Object 'Object Repository/Canine/Filter/Study/Canine_Filter_Study-COTC022_Chkbx' is present

2021-11-30 22:17:41 - [TEST_STEP][PASSED] - ctdc.utilities.runtestcaseforKatalon.clickTabCanineStat("Object Repository/Canine/Filter/Study/Canine_Filter_Study-COTC022_Chkbx"): ctdc.utilities.runtestcaseforKatalon.clickTabCanineStat is PASSED

2021-11-30 22:17:43 - [MESSAGE][PASSED] - ctdc.utilities.runtestcaseforKatalon.clickTabCanineStat is PASSED

2021-11-30 22:17:43 - [TEST_STEP][PASSED] - waitForElementPresent(findTestObject("Object Repository/Canine/Filter/Breed/BREED_Ddn"), 30): Object 'Object Repository/Canine/Filter/Breed/BREED_Ddn' is present

2021-11-30 22:17:43 - [MESSAGE][PASSED] - Object 'Object Repository/Canine/Filter/Breed/BREED_Ddn' is present

2021-11-30 22:17:43 - [TEST_STEP][PASSED] - verifyElementPresent(findTestObject("Object Repository/Canine/Filter/Breed/BREED_Ddn"), 5): Object 'Object Repository/Canine/Filter/Breed/BREED_Ddn' is present

2021-11-30 22:17:43 - [MESSAGE][PASSED] - Object 'Object Repository/Canine/Filter/Breed/BREED_Ddn' is present

2021-11-30 22:17:43 - [TEST_STEP][PASSED] - ctdc.utilities.runtestcaseforKatalon.clickTabCanineStat("Object Repository/Canine/Filter/Breed/BREED_Ddn"): ctdc.utilities.runtestcaseforKatalon.clickTabCanineStat is PASSED

2021-11-30 22:17:44 - [MESSAGE][PASSED] - ctdc.utilities.runtestcaseforKatalon.clickTabCanineStat is PASSED

2021-11-30 22:17:44 - [TEST_STEP][PASSED] - waitForElementPresent(findTestObject("Object Repository/Canine/Filter/Breed/BullDog_Chkbx"), 30): Object 'Object Repository/Canine/Filter/Breed/BullDog_Chkbx' is present

2021-11-30 22:17:44 - [MESSAGE][PASSED] - Object 'Object Repository/Canine/Filter/Breed/BullDog_Chkbx' is present

2021-11-30 22:17:44 - [TEST_STEP][PASSED] - verifyElementPresent(findTestObject("Object Repository/Canine/Filter/Breed/BullDog_Chkbx"), 5): Object 'Object Repository/Canine/Filter/Breed/BullDog_Chkbx' is present

2021-11-30 22:17:44 - [MESSAGE][PASSED] - Object 'Object Repository/Canine/Filter/Breed/BullDog_Chkbx' is present

2021-11-30 22:17:44 - [TEST_STEP][PASSED] - ctdc.utilities.runtestcaseforKatalon.clickTabCanineStat("Object Repository/Canine/Filter/Breed/BullDog_Chkbx"): ctdc.utilities.runtestcaseforKatalon.clickTabCanineStat is PASSED

2021-11-30 22:17:46 - [MESSAGE][PASSED] - ctdc.utilities.runtestcaseforKatalon.clickTabCanineStat is PASSED

2021-11-30 22:17:46 - [TEST_STEP][PASSED] - waitForElementPresent(findTestObject("Object Repository/Canine/Filter/Breed/GoldenRetr_Chkbx"), 30): Object 'Object Repository/Canine/Filter/Breed/GoldenRetr_Chkbx' is present

2021-11-30 22:17:46 - [MESSAGE][PASSED] - Object 'Object Repository/Canine/Filter/Breed/GoldenRetr_Chkbx' is present

2021-11-30 22:17:46 - [TEST_STEP][PASSED] - verifyElementPresent(findTestObject("Object Repository/Canine/Filter/Breed/GoldenRetr_Chkbx"), 5): Object 'Object Repository/Canine/Filter/Breed/GoldenRetr_Chkbx' is present

2021-11-30 22:17:46 - [MESSAGE][PASSED] - Object 'Object Repository/Canine/Filter/Breed/GoldenRetr_Chkbx' is present

2021-11-30 22:17:46 - [TEST_STEP][PASSED] - ctdc.utilities.runtestcaseforKatalon.clickTabCanineStat("Object Repository/Canine/Filter/Breed/GoldenRetr_Chkbx"): ctdc.utilities.runtestcaseforKatalon.clickTabCanineStat is PASSED

2021-11-30 22:17:47 - [MESSAGE][PASSED] - ctdc.utilities.runtestcaseforKatalon.clickTabCanineStat is PASSED

2021-11-30 22:17:47 - [TEST_STEP][PASSED] - waitForElementPresent(findTestObject("Object Repository/Canine/Filter/Diagnosis/DIAGNOSIS_Ddn"), 30): Object 'Object Repository/Canine/Filter/Diagnosis/DIAGNOSIS_Ddn' is present

2021-11-30 22:17:48 - [MESSAGE][PASSED] - Object 'Object Repository/Canine/Filter/Diagnosis/DIAGNOSIS_Ddn' is present

2021-11-30 22:17:48 - [TEST_STEP][PASSED] - verifyElementPresent(findTestObject("Object Repository/Canine/Filter/Diagnosis/DIAGNOSIS_Ddn"), 5): Object 'Object Repository/Canine/Filter/Diagnosis/DIAGNOSIS_Ddn' is present

2021-11-30 22:17:48 - [MESSAGE][PASSED] - Object 'Object Repository/Canine/Filter/Diagnosis/DIAGNOSIS_Ddn' is present

2021-11-30 22:17:48 - [TEST_STEP][PASSED] - ctdc.utilities.runtestcaseforKatalon.clickTabCanineStat("Object Repository/Canine/Filter/Diagnosis/DIAGNOSIS_Ddn"): ctdc.utilities.runtestcaseforKatalon.clickTabCanineStat is PASSED

2021-11-30 22:17:49 - [MESSAGE][PASSED] - ctdc.utilities.runtestcaseforKatalon.clickTabCanineStat is PASSED

2021-11-30 22:17:49 - [TEST_STEP][PASSED] - waitForElementPresent(findTestObject("Canine/Filter/Diagnosis/OsteoSarcoma_Chkbx"), 30): Object 'Object Repository/Canine/Filter/Diagnosis/OsteoSarcoma_Chkbx' is present

2021-11-30 22:17:49 - [MESSAGE][PASSED] - Object 'Object Repository/Canine/Filter/Diagnosis/OsteoSarcoma_Chkbx' is present

2021-11-30 22:17:49 - [TEST_STEP][PASSED] - verifyElementPresent(findTestObject("Canine/Filter/Diagnosis/OsteoSarcoma_Chkbx"), 5): Object 'Object Repository/Canine/Filter/Diagnosis/OsteoSarcoma_Chkbx' is present

2021-11-30 22:17:49 - [MESSAGE][PASSED] - Object 'Object Repository/Canine/Filter/Diagnosis/OsteoSarcoma_Chkbx' is present

2021-11-30 22:17:49 - [TEST_STEP][PASSED] - ctdc.utilities.runtestcaseforKatalon.clickTabCanineStat("Canine/Filter/Diagnosis/OsteoSarcoma_Chkbx"): ctdc.utilities.runtestcaseforKatalon.clickTabCanineStat is PASSED

2021-11-30 22:17:50 - [MESSAGE][PASSED] - ctdc.utilities.runtestcaseforKatalon.clickTabCanineStat is PASSED

2021-11-30 22:17:50 - [TEST_STEP][PASSED] - waitForElementPresent(findTestObject("Object Repository/Canine/Filter/PrimDiseaseSite/PRIMARYDISEASESITE_Ddn"), 30): Object 'Object Repository/Canine/Filter/PrimDiseaseSite/PRIMARYDISEASESITE_Ddn' is present

2021-11-30 22:17:50 - [MESSAGE][PASSED] - Object 'Object Repository/Canine/Filter/PrimDiseaseSite/PRIMARYDISEASESITE_Ddn' is present

2021-11-30 22:17:50 - [TEST_STEP][PASSED] - verifyElementPresent(findTestObject("Object Repository/Canine/Filter/PrimDiseaseSite/PRIMARYDISEASESITE_Ddn"), 5): Object 'Object Repository/Canine/Filter/PrimDiseaseSite/PRIMARYDISEASESITE_Ddn' is present

2021-11-30 22:17:51 - [MESSAGE][PASSED] - Object 'Object Repository/Canine/Filter/PrimDiseaseSite/PRIMARYDISEASESITE_Ddn' is present

2021-11-30 22:17:51 - [TEST_STEP][PASSED] - ctdc.utilities.runtestcaseforKatalon.clickTabCanineStat("Canine/Filter/PrimDiseaseSite/PRIMARYDISEASESITE_Ddn"): ctdc.utilities.runtestcaseforKatalon.clickTabCanineStat is PASSED

2021-11-30 22:17:52 - [MESSAGE][PASSED] - ctdc.utilities.runtestcaseforKatalon.clickTabCanineStat is PASSED

2021-11-30 22:17:52 - [TEST_STEP][PASSED] - waitForElementPresent(findTestObject("Object Repository/Canine/Filter/PrimDiseaseSite/BoneApendicular_Chkbx"), 30): Object 'Object Repository/Canine/Filter/PrimDiseaseSite/BoneApendicular_Chkbx' is present

2021-11-30 22:17:52 - [MESSAGE][PASSED] - Object 'Object Repository/Canine/Filter/PrimDiseaseSite/BoneApendicular_Chkbx' is present

2021-11-30 22:17:52 - [TEST_STEP][PASSED] - ctdc.utilities.runtestcaseforKatalon.clickTabCanineStat("Object Repository/Canine/Filter/PrimDiseaseSite/BoneApendicular_Chkbx"): ctdc.utilities.runtestcaseforKatalon.clickTabCanineStat is PASSED

2021-11-30 22:17:53 - [MESSAGE][PASSED] - ctdc.utilities.runtestcaseforKatalon.clickTabCanineStat is PASSED

2021-11-30 22:17:53 - [TEST_STEP][PASSED] - ctdc.utilities.runtestcaseforKatalon.readStatBarCanine("Object Repository/Canine/StatBar/Canine_StatBar-Studies", "Object Repository/Canine/StatBar/Canine_StatBar-Cases", "Object Repository/Canine/StatBar/Canine_StatBar-Samples", "Object Repository/Canine/StatBar/Canine_StatBar-CaseFiles", "Object Repository/Canine/StatBar/Canine_StatBar-StudyFiles"): ctdc.utilities.runtestcaseforKatalon.readStatBarCanine is PASSED

2021-11-30 22:18:08 - [MESSAGE][PASSED] - ctdc.utilities.runtestcaseforKatalon.readStatBarCanine is PASSED

2021-11-30 22:18:08 - [TEST_STEP][PASSED] - waitForElementPresent(findTestObject("Object Repository/Canine/CanineResults_Cases_Tab"), 30): Object 'Object Repository/Canine/CanineResults_Cases_Tab' is present

2021-11-30 22:18:09 - [MESSAGE][PASSED] - Object 'Object Repository/Canine/CanineResults_Cases_Tab' is present

2021-11-30 22:18:09 - [TEST_STEP][PASSED] - verifyElementPresent(findTestObject("Object Repository/Canine/CanineResults_Cases_Tab"), 5): Object 'Object Repository/Canine/CanineResults_Cases_Tab' is present

2021-11-30 22:18:09 - [MESSAGE][PASSED] - Object 'Object Repository/Canine/CanineResults_Cases_Tab' is present

2021-11-30 22:18:09 - [TEST_STEP][PASSED] - ctdc.utilities.runtestcaseforKatalon.clickTab("Object Repository/Canine/CanineResults_Cases_Tab"): ctdc.utilities.runtestcaseforKatalon.clickTab is PASSED

2021-11-30 22:18:09 - [MESSAGE][PASSED] - ctdc.utilities.runtestcaseforKatalon.clickTab is PASSED

2021-11-30 22:18:09 - [TEST_STEP][PASSED] - ctdc.utilities.runtestcaseforKatalon.multiFunction("ICDC", G_StatBar_Cases, "Object Repository/Canine/Canine_CasesTable", "Object Repository/Canine/Canine_TableHeader", "Object Repository/Canine/Canine_CasesTabNextBtn", G_WebTabnameCases, G_CypherTabnameCases, G_QueryCasesTab): Statbar Studies count matches

2021-11-30 22:18:28 - [MESSAGE][PASSED] - Statbar Case Files count matches

2021-11-30 22:18:28 - [MESSAGE][PASSED] - Statbar Samples count matches

2021-11-30 22:18:28 - [MESSAGE][PASSED] - Statbar Cases count matches

2021-11-30 22:18:28 - [MESSAGE][PASSED] - Statbar Studies count matches

2021-11-30 22:18:28 - [TEST_STEP][PASSED] - waitForElementPresent(findTestObject("Object Repository/Canine/CanineResults_Samples_Tab"), 30): Object 'Object Repository/Canine/CanineResults_Samples_Tab' is present

2021-11-30 22:18:28 - [MESSAGE][PASSED] - Object 'Object Repository/Canine/CanineResults_Samples_Tab' is present

2021-11-30 22:18:28 - [TEST_STEP][PASSED] - verifyElementPresent(findTestObject("Object Repository/Canine/CanineResults_Samples_Tab"), 5): Object 'Object Repository/Canine/CanineResults_Samples_Tab' is present

2021-11-30 22:18:28 - [MESSAGE][PASSED] - Object 'Object Repository/Canine/CanineResults_Samples_Tab' is present

2021-11-30 22:18:28 - [TEST_STEP][PASSED] - ctdc.utilities.runtestcaseforKatalon.clickTab("Object Repository/Canine/CanineResults_Samples_Tab"): ctdc.utilities.runtestcaseforKatalon.clickTab is PASSED

2021-11-30 22:18:28 - [MESSAGE][PASSED] - ctdc.utilities.runtestcaseforKatalon.clickTab is PASSED

2021-11-30 22:18:28 - [TEST_STEP][PASSED] - ctdc.utilities.runtestcaseforKatalon.multiFunction("ICDC", G_StatBar_Samples, "Object Repository/Canine/Canine_Samples_Table", "Object Repository/Canine/Canine_Samples_TableHdr", "Object Repository/Canine/Canine_SamplesTabNextBtn", G_WebTabnameSamples, G_CypherTabnameSamples, G_QuerySamplesTab): Statbar Studies count matches

2021-11-30 22:18:43 - [MESSAGE][PASSED] - Statbar Case Files count matches

2021-11-30 22:18:43 - [MESSAGE][PASSED] - Statbar Samples count matches

2021-11-30 22:18:43 - [MESSAGE][PASSED] - Statbar Cases count matches

2021-11-30 22:18:43 - [MESSAGE][PASSED] - Statbar Studies count matches]]></system-out>
         <system-err><![CDATA[]]></system-err>
      </testcase>
      <testcase name="Test Cases/Canine_TestCases/StudyCombinations/Study-Combinations-COTC022/TC07_Canine_StudyCOTC022-Breed_Diagnosis_PrimDiseaseSite" time="81.828" classname="Test Cases/Canine_TestCases/StudyCombinations/Study-Combinations-COTC022/TC07_Canine_StudyCOTC022-Breed_Diagnosis_PrimDiseaseSite" status="PASSED">
         <system-out><![CDATA[2021-11-30 22:18:43 - [TEST_CASE][PASSED] - Test Cases/Canine_TestCases/StudyCombinations/Study-Combinations-COTC022/TC07_Canine_StudyCOTC022-Breed_Diagnosis_PrimDiseaseSite: Test Cases/Canine_TestCases/StudyCombinations/Study-Combinations-COTC022/TC07_Canine_StudyCOTC022-Breed_Diagnosis_PrimDiseaseSite

2021-11-30 22:18:43 - [TEST_STEP][PASSED] - Start listener action : getTestScriptName: null

2021-11-30 22:18:43 - [TEST_STEP][PASSED] - TestCaseId = testCaseContext.getTestCaseId(): null

2021-11-30 22:18:43 - [TEST_STEP][PASSED] - out.println("**********this is the value of test case id string******** " + testCaseContext.getTestCaseId()): null

2021-11-30 22:18:43 - [TEST_STEP][PASSED] - G_currentTCName = TestCaseId.substring(TestCaseId.lastIndexOf("TC")): null

2021-11-30 22:18:43 - [TEST_STEP][PASSED] - out.println("This is the test case name : " + G_currentTCName): null

2021-11-30 22:18:44 - [TEST_STEP][PASSED] - closeBrowser(): Browser is closed

2021-11-30 22:18:45 - [MESSAGE][PASSED] - Browser is closed

2021-11-30 22:18:45 - [TEST_STEP][PASSED] - ctdc.utilities.runtestcaseforKatalon.RunKatalon("TC07_Canine_StudyCOTC022-Breed_Diagnosis_PrimDiseaseSite.xlsx"): Data loaded from input file for the test case. 

2021-11-30 22:18:45 - [MESSAGE][PASSED] - Test case file loaded This is the full filepath after converting to string :C:\Users\sohilz2\Commons_Automation\InputFiles\TC07_Canine_StudyCOTC022-Breed_Diagnosis_PrimDiseaseSite.xlsx

2021-11-30 22:18:45 - [MESSAGE][INFO] - Global variable set for password file is :  C:\Users\sohilz2\Commons_Automation\InputFiles\TC07_Canine_StudyCOTC022-Breed_Diagnosis_PrimDiseaseSite.xlsx

2021-11-30 22:18:49 - [MESSAGE][PASSED] - Data loaded from input file for the test case. 

2021-11-30 22:19:03 - [TEST_STEP][PASSED] - ctdc.utilities.runtestcaseforKatalon.clickTab("Object Repository/Canine/Canine_PopUp_Continue_Btn"): ctdc.utilities.runtestcaseforKatalon.clickTab is PASSED

2021-11-30 22:19:03 - [MESSAGE][PASSED] - ctdc.utilities.runtestcaseforKatalon.clickTab is PASSED

2021-11-30 22:19:03 - [TEST_STEP][PASSED] - out.println("Closed the popup window"): null

2021-11-30 22:19:03 - [TEST_STEP][PASSED] - waitForElementPresent(findTestObject("Canine/NavBar/Canine_Cases_Btn"), 20): Object 'Object Repository/Canine/NavBar/Canine_Cases_Btn' is present

2021-11-30 22:19:04 - [MESSAGE][PASSED] - Object 'Object Repository/Canine/NavBar/Canine_Cases_Btn' is present

2021-11-30 22:19:04 - [TEST_STEP][PASSED] - ctdc.utilities.runtestcaseforKatalon.clickTab("Canine/NavBar/Canine_Cases_Btn"): ctdc.utilities.runtestcaseforKatalon.clickTab is PASSED

2021-11-30 22:19:04 - [MESSAGE][PASSED] - ctdc.utilities.runtestcaseforKatalon.clickTab is PASSED

2021-11-30 22:19:04 - [TEST_STEP][PASSED] - waitForElementPresent(findTestObject("Object Repository/Canine/Filter/FilterByCases_Facet"), 20): Object 'Object Repository/Canine/Filter/FilterByCases_Facet' is present

2021-11-30 22:19:05 - [MESSAGE][PASSED] - Object 'Object Repository/Canine/Filter/FilterByCases_Facet' is present

2021-11-30 22:19:05 - [TEST_STEP][PASSED] - ctdc.utilities.runtestcaseforKatalon.clickTab("Object Repository/Canine/Filter/FilterByCases_Facet"): ctdc.utilities.runtestcaseforKatalon.clickTab is PASSED

2021-11-30 22:19:06 - [MESSAGE][PASSED] - ctdc.utilities.runtestcaseforKatalon.clickTab is PASSED

2021-11-30 22:19:06 - [TEST_STEP][PASSED] - waitForElementPresent(findTestObject("Object Repository/Canine/Filter/Study/Canine_Filter_Study"), 30): Object 'Object Repository/Canine/Filter/Study/Canine_Filter_Study' is present

2021-11-30 22:19:06 - [MESSAGE][PASSED] - Object 'Object Repository/Canine/Filter/Study/Canine_Filter_Study' is present

2021-11-30 22:19:06 - [TEST_STEP][PASSED] - ctdc.utilities.runtestcaseforKatalon.clickTab("Object Repository/Canine/Filter/Study/Canine_Filter_Study"): ctdc.utilities.runtestcaseforKatalon.clickTab is PASSED

2021-11-30 22:19:07 - [MESSAGE][PASSED] - ctdc.utilities.runtestcaseforKatalon.clickTab is PASSED

2021-11-30 22:19:07 - [TEST_STEP][PASSED] - waitForElementPresent(findTestObject("Object Repository/Canine/Filter/Study/Canine_Filter_Study-COTC022_Chkbx"), 30): Object 'Object Repository/Canine/Filter/Study/Canine_Filter_Study-COTC022_Chkbx' is present

2021-11-30 22:19:07 - [MESSAGE][PASSED] - Object 'Object Repository/Canine/Filter/Study/Canine_Filter_Study-COTC022_Chkbx' is present

2021-11-30 22:19:07 - [TEST_STEP][PASSED] - ctdc.utilities.runtestcaseforKatalon.clickTabCanineStat("Object Repository/Canine/Filter/Study/Canine_Filter_Study-COTC022_Chkbx"): ctdc.utilities.runtestcaseforKatalon.clickTabCanineStat is PASSED

2021-11-30 22:19:09 - [MESSAGE][PASSED] - ctdc.utilities.runtestcaseforKatalon.clickTabCanineStat is PASSED

2021-11-30 22:19:09 - [TEST_STEP][PASSED] - waitForElementPresent(findTestObject("Object Repository/Canine/Filter/Breed/BREED_Ddn"), 30): Object 'Object Repository/Canine/Filter/Breed/BREED_Ddn' is present

2021-11-30 22:19:09 - [MESSAGE][PASSED] - Object 'Object Repository/Canine/Filter/Breed/BREED_Ddn' is present

2021-11-30 22:19:09 - [TEST_STEP][PASSED] - verifyElementPresent(findTestObject("Object Repository/Canine/Filter/Breed/BREED_Ddn"), 5): Object 'Object Repository/Canine/Filter/Breed/BREED_Ddn' is present

2021-11-30 22:19:09 - [MESSAGE][PASSED] - Object 'Object Repository/Canine/Filter/Breed/BREED_Ddn' is present

2021-11-30 22:19:09 - [TEST_STEP][PASSED] - ctdc.utilities.runtestcaseforKatalon.clickTabCanineStat("Object Repository/Canine/Filter/Breed/BREED_Ddn"): ctdc.utilities.runtestcaseforKatalon.clickTabCanineStat is PASSED

2021-11-30 22:19:10 - [MESSAGE][PASSED] - ctdc.utilities.runtestcaseforKatalon.clickTabCanineStat is PASSED

2021-11-30 22:19:10 - [TEST_STEP][PASSED] - waitForElementPresent(findTestObject("Object Repository/Canine/Filter/Breed/Bullmastif_Chkbx"), 30): Object 'Object Repository/Canine/Filter/Breed/Bullmastif_Chkbx' is present

2021-11-30 22:19:10 - [MESSAGE][PASSED] - Object 'Object Repository/Canine/Filter/Breed/Bullmastif_Chkbx' is present

2021-11-30 22:19:10 - [TEST_STEP][PASSED] - verifyElementPresent(findTestObject("Object Repository/Canine/Filter/Breed/Bullmastif_Chkbx"), 5): Object 'Object Repository/Canine/Filter/Breed/Bullmastif_Chkbx' is present

2021-11-30 22:19:10 - [MESSAGE][PASSED] - Object 'Object Repository/Canine/Filter/Breed/Bullmastif_Chkbx' is present

2021-11-30 22:19:10 - [TEST_STEP][PASSED] - ctdc.utilities.runtestcaseforKatalon.clickTabCanineStat("Object Repository/Canine/Filter/Breed/Bullmastif_Chkbx"): ctdc.utilities.runtestcaseforKatalon.clickTabCanineStat is PASSED

2021-11-30 22:19:12 - [MESSAGE][PASSED] - ctdc.utilities.runtestcaseforKatalon.clickTabCanineStat is PASSED

2021-11-30 22:19:12 - [TEST_STEP][PASSED] - waitForElementPresent(findTestObject("Object Repository/Canine/Filter/Breed/Weimrnr_Chkbx"), 30): Object 'Object Repository/Canine/Filter/Breed/Weimrnr_Chkbx' is present

2021-11-30 22:19:12 - [MESSAGE][PASSED] - Object 'Object Repository/Canine/Filter/Breed/Weimrnr_Chkbx' is present

2021-11-30 22:19:12 - [TEST_STEP][PASSED] - verifyElementPresent(findTestObject("Object Repository/Canine/Filter/Breed/Weimrnr_Chkbx"), 5): Object 'Object Repository/Canine/Filter/Breed/Weimrnr_Chkbx' is present

2021-11-30 22:19:12 - [MESSAGE][PASSED] - Object 'Object Repository/Canine/Filter/Breed/Weimrnr_Chkbx' is present

2021-11-30 22:19:12 - [TEST_STEP][PASSED] - ctdc.utilities.runtestcaseforKatalon.clickTabCanineStat("Object Repository/Canine/Filter/Breed/Weimrnr_Chkbx"): ctdc.utilities.runtestcaseforKatalon.clickTabCanineStat is PASSED

2021-11-30 22:19:13 - [MESSAGE][PASSED] - ctdc.utilities.runtestcaseforKatalon.clickTabCanineStat is PASSED

2021-11-30 22:19:13 - [TEST_STEP][PASSED] - waitForElementPresent(findTestObject("Object Repository/Canine/Filter/Diagnosis/DIAGNOSIS_Ddn"), 30): Object 'Object Repository/Canine/Filter/Diagnosis/DIAGNOSIS_Ddn' is present

2021-11-30 22:19:13 - [MESSAGE][PASSED] - Object 'Object Repository/Canine/Filter/Diagnosis/DIAGNOSIS_Ddn' is present

2021-11-30 22:19:13 - [TEST_STEP][PASSED] - verifyElementPresent(findTestObject("Object Repository/Canine/Filter/Diagnosis/DIAGNOSIS_Ddn"), 5): Object 'Object Repository/Canine/Filter/Diagnosis/DIAGNOSIS_Ddn' is present

2021-11-30 22:19:14 - [MESSAGE][PASSED] - Object 'Object Repository/Canine/Filter/Diagnosis/DIAGNOSIS_Ddn' is present

2021-11-30 22:19:14 - [TEST_STEP][PASSED] - ctdc.utilities.runtestcaseforKatalon.clickTabCanineStat("Object Repository/Canine/Filter/Diagnosis/DIAGNOSIS_Ddn"): ctdc.utilities.runtestcaseforKatalon.clickTabCanineStat is PASSED

2021-11-30 22:19:15 - [MESSAGE][PASSED] - ctdc.utilities.runtestcaseforKatalon.clickTabCanineStat is PASSED

2021-11-30 22:19:15 - [TEST_STEP][PASSED] - waitForElementPresent(findTestObject("Canine/Filter/Diagnosis/OsteoSarcoma_Chkbx"), 30): Object 'Object Repository/Canine/Filter/Diagnosis/OsteoSarcoma_Chkbx' is present

2021-11-30 22:19:15 - [MESSAGE][PASSED] - Object 'Object Repository/Canine/Filter/Diagnosis/OsteoSarcoma_Chkbx' is present

2021-11-30 22:19:15 - [TEST_STEP][PASSED] - verifyElementPresent(findTestObject("Canine/Filter/Diagnosis/OsteoSarcoma_Chkbx"), 5): Object 'Object Repository/Canine/Filter/Diagnosis/OsteoSarcoma_Chkbx' is present

2021-11-30 22:19:15 - [MESSAGE][PASSED] - Object 'Object Repository/Canine/Filter/Diagnosis/OsteoSarcoma_Chkbx' is present

2021-11-30 22:19:15 - [TEST_STEP][PASSED] - ctdc.utilities.runtestcaseforKatalon.clickTabCanineStat("Canine/Filter/Diagnosis/OsteoSarcoma_Chkbx"): ctdc.utilities.runtestcaseforKatalon.clickTabCanineStat is PASSED

2021-11-30 22:19:16 - [MESSAGE][PASSED] - ctdc.utilities.runtestcaseforKatalon.clickTabCanineStat is PASSED

2021-11-30 22:19:16 - [TEST_STEP][PASSED] - waitForElementPresent(findTestObject("Object Repository/Canine/Filter/PrimDiseaseSite/PRIMARYDISEASESITE_Ddn"), 30): Object 'Object Repository/Canine/Filter/PrimDiseaseSite/PRIMARYDISEASESITE_Ddn' is present

2021-11-30 22:19:16 - [MESSAGE][PASSED] - Object 'Object Repository/Canine/Filter/PrimDiseaseSite/PRIMARYDISEASESITE_Ddn' is present

2021-11-30 22:19:16 - [TEST_STEP][PASSED] - verifyElementPresent(findTestObject("Object Repository/Canine/Filter/PrimDiseaseSite/PRIMARYDISEASESITE_Ddn"), 5): Object 'Object Repository/Canine/Filter/PrimDiseaseSite/PRIMARYDISEASESITE_Ddn' is present

2021-11-30 22:19:16 - [MESSAGE][PASSED] - Object 'Object Repository/Canine/Filter/PrimDiseaseSite/PRIMARYDISEASESITE_Ddn' is present

2021-11-30 22:19:16 - [TEST_STEP][PASSED] - ctdc.utilities.runtestcaseforKatalon.clickTabCanineStat("Canine/Filter/PrimDiseaseSite/PRIMARYDISEASESITE_Ddn"): ctdc.utilities.runtestcaseforKatalon.clickTabCanineStat is PASSED

2021-11-30 22:19:18 - [MESSAGE][PASSED] - ctdc.utilities.runtestcaseforKatalon.clickTabCanineStat is PASSED

2021-11-30 22:19:18 - [TEST_STEP][PASSED] - waitForElementPresent(findTestObject("Object Repository/Canine/Filter/PrimDiseaseSite/BoneApendicular_Chkbx"), 30): Object 'Object Repository/Canine/Filter/PrimDiseaseSite/BoneApendicular_Chkbx' is present

2021-11-30 22:19:18 - [MESSAGE][PASSED] - Object 'Object Repository/Canine/Filter/PrimDiseaseSite/BoneApendicular_Chkbx' is present

2021-11-30 22:19:18 - [TEST_STEP][PASSED] - ctdc.utilities.runtestcaseforKatalon.clickTabCanineStat("Object Repository/Canine/Filter/PrimDiseaseSite/BoneApendicular_Chkbx"): ctdc.utilities.runtestcaseforKatalon.clickTabCanineStat is PASSED

2021-11-30 22:19:19 - [MESSAGE][PASSED] - ctdc.utilities.runtestcaseforKatalon.clickTabCanineStat is PASSED

2021-11-30 22:19:19 - [TEST_STEP][PASSED] - ctdc.utilities.runtestcaseforKatalon.readStatBarCanine("Object Repository/Canine/StatBar/Canine_StatBar-Studies", "Object Repository/Canine/StatBar/Canine_StatBar-Cases", "Object Repository/Canine/StatBar/Canine_StatBar-Samples", "Object Repository/Canine/StatBar/Canine_StatBar-CaseFiles", "Object Repository/Canine/StatBar/Canine_StatBar-StudyFiles"): ctdc.utilities.runtestcaseforKatalon.readStatBarCanine is PASSED

2021-11-30 22:19:34 - [MESSAGE][PASSED] - ctdc.utilities.runtestcaseforKatalon.readStatBarCanine is PASSED

2021-11-30 22:19:34 - [TEST_STEP][PASSED] - waitForElementPresent(findTestObject("Object Repository/Canine/CanineResults_Cases_Tab"), 30): Object 'Object Repository/Canine/CanineResults_Cases_Tab' is present

2021-11-30 22:19:34 - [MESSAGE][PASSED] - Object 'Object Repository/Canine/CanineResults_Cases_Tab' is present

2021-11-30 22:19:34 - [TEST_STEP][PASSED] - verifyElementPresent(findTestObject("Object Repository/Canine/CanineResults_Cases_Tab"), 5): Object 'Object Repository/Canine/CanineResults_Cases_Tab' is present

2021-11-30 22:19:34 - [MESSAGE][PASSED] - Object 'Object Repository/Canine/CanineResults_Cases_Tab' is present

2021-11-30 22:19:34 - [TEST_STEP][PASSED] - ctdc.utilities.runtestcaseforKatalon.clickTab("Object Repository/Canine/CanineResults_Cases_Tab"): ctdc.utilities.runtestcaseforKatalon.clickTab is PASSED

2021-11-30 22:19:35 - [MESSAGE][PASSED] - ctdc.utilities.runtestcaseforKatalon.clickTab is PASSED

2021-11-30 22:19:35 - [TEST_STEP][PASSED] - ctdc.utilities.runtestcaseforKatalon.multiFunction("ICDC", G_StatBar_Cases, "Object Repository/Canine/Canine_CasesTable", "Object Repository/Canine/Canine_TableHeader", "Object Repository/Canine/Canine_CasesTabNextBtn", G_WebTabnameCases, G_CypherTabnameCases, G_QueryCasesTab): Statbar Studies count matches

2021-11-30 22:19:50 - [MESSAGE][PASSED] - Statbar Case Files count matches

2021-11-30 22:19:50 - [MESSAGE][PASSED] - Statbar Samples count matches

2021-11-30 22:19:50 - [MESSAGE][PASSED] - Statbar Cases count matches

2021-11-30 22:19:50 - [MESSAGE][PASSED] - Statbar Studies count matches

2021-11-30 22:19:50 - [TEST_STEP][PASSED] - waitForElementPresent(findTestObject("Object Repository/Canine/CanineResults_Samples_Tab"), 30): Object 'Object Repository/Canine/CanineResults_Samples_Tab' is present

2021-11-30 22:19:50 - [MESSAGE][PASSED] - Object 'Object Repository/Canine/CanineResults_Samples_Tab' is present

2021-11-30 22:19:50 - [TEST_STEP][PASSED] - verifyElementPresent(findTestObject("Object Repository/Canine/CanineResults_Samples_Tab"), 5): Object 'Object Repository/Canine/CanineResults_Samples_Tab' is present

2021-11-30 22:19:50 - [MESSAGE][PASSED] - Object 'Object Repository/Canine/CanineResults_Samples_Tab' is present

2021-11-30 22:19:50 - [TEST_STEP][PASSED] - ctdc.utilities.runtestcaseforKatalon.clickTab("Object Repository/Canine/CanineResults_Samples_Tab"): ctdc.utilities.runtestcaseforKatalon.clickTab is PASSED

2021-11-30 22:19:50 - [MESSAGE][PASSED] - ctdc.utilities.runtestcaseforKatalon.clickTab is PASSED

2021-11-30 22:19:50 - [TEST_STEP][PASSED] - ctdc.utilities.runtestcaseforKatalon.multiFunction("ICDC", G_StatBar_Samples, "Object Repository/Canine/Canine_Samples_Table", "Object Repository/Canine/Canine_Samples_TableHdr", "Object Repository/Canine/Canine_SamplesTabNextBtn", G_WebTabnameSamples, G_CypherTabnameSamples, G_QuerySamplesTab): Statbar Studies count matches

2021-11-30 22:20:05 - [MESSAGE][PASSED] - Statbar Case Files count matches

2021-11-30 22:20:05 - [MESSAGE][PASSED] - Statbar Samples count matches

2021-11-30 22:20:05 - [MESSAGE][PASSED] - Statbar Cases count matches

2021-11-30 22:20:05 - [MESSAGE][PASSED] - Statbar Studies count matches]]></system-out>
         <system-err><![CDATA[]]></system-err>
      </testcase>
      <testcase name="Test Cases/Canine_TestCases/StudyCombinations/Study-Combinations-COTC022/TC08_Canine_StudyCOTC022-Breed_StageOfDisease_PrimDiseaseSite" time="63.437" classname="Test Cases/Canine_TestCases/StudyCombinations/Study-Combinations-COTC022/TC08_Canine_StudyCOTC022-Breed_StageOfDisease_PrimDiseaseSite" status="ERROR">
         <error type="ERROR" message="Test Cases/Canine_TestCases/StudyCombinations/Study-Combinations-COTC022/TC08_Canine_StudyCOTC022-Breed_StageOfDisease_PrimDiseaseSite FAILED.
Reason:
java.lang.IllegalArgumentException: The workbook already contains a sheet named 'WebDataCases'
	at org.apache.poi.xssf.usermodel.XSSFWorkbook.validateSheetName(XSSFWorkbook.java:890)
	at org.apache.poi.xssf.usermodel.XSSFWorkbook.createSheet(XSSFWorkbook.java:843)
	at org.apache.poi.xssf.usermodel.XSSFWorkbook.createSheet(XSSFWorkbook.java:122)
	at org.apache.poi.ss.usermodel.Workbook$createSheet$1.call(Unknown Source)
	at ctdc.utilities.runtestcaseforKatalon.writeToExcel(runtestcaseforKatalon.groovy:726)
	at ctdc.utilities.runtestcaseforKatalon.ReadCasesTableKatalon(runtestcaseforKatalon.groovy:611)
	at ctdc.utilities.runtestcaseforKatalon.multiFunction(runtestcaseforKatalon.groovy:254)
	at ctdc.utilities.runtestcaseforKatalon.invokeMethod(runtestcaseforKatalon.groovy)
	at com.kms.katalon.core.main.CustomKeywordDelegatingMetaClass.invokeStaticMethod(CustomKeywordDelegatingMetaClass.java:50)
	at TC08_Canine_StudyCOTC022-Breed_StageOfDisease_PrimDiseaseSite.run(TC08_Canine_StudyCOTC022-Breed_StageOfDisease_PrimDiseaseSite:102)
	at com.kms.katalon.core.main.ScriptEngine.run(ScriptEngine.java:194)
	at com.kms.katalon.core.main.ScriptEngine.runScriptAsRawText(ScriptEngine.java:119)
	at com.kms.katalon.core.main.TestCaseExecutor.runScript(TestCaseExecutor.java:442)
	at com.kms.katalon.core.main.TestCaseExecutor.doExecute(TestCaseExecutor.java:433)
	at com.kms.katalon.core.main.TestCaseExecutor.processExecutionPhase(TestCaseExecutor.java:412)
	at com.kms.katalon.core.main.TestCaseExecutor.accessMainPhase(TestCaseExecutor.java:404)
	at com.kms.katalon.core.main.TestCaseExecutor.execute(TestCaseExecutor.java:281)
	at com.kms.katalon.core.main.TestSuiteExecutor.accessTestCaseMainPhase(TestSuiteExecutor.java:202)
	at com.kms.katalon.core.main.TestSuiteExecutor.accessTestSuiteMainPhase(TestSuiteExecutor.java:164)
	at com.kms.katalon.core.main.TestSuiteExecutor.execute(TestSuiteExecutor.java:105)
	at com.kms.katalon.core.main.TestCaseMain.startTestSuite(TestCaseMain.java:181)
	at com.kms.katalon.core.main.TestCaseMain$startTestSuite$0.call(Unknown Source)
	at TempTestSuite1638327915632.run(TempTestSuite1638327915632.groovy:36)
"/>
         <system-out><![CDATA[2021-11-30 22:20:05 - [TEST_CASE][ERROR] - Test Cases/Canine_TestCases/StudyCombinations/Study-Combinations-COTC022/TC08_Canine_StudyCOTC022-Breed_StageOfDisease_PrimDiseaseSite: Test Cases/Canine_TestCases/StudyCombinations/Study-Combinations-COTC022/TC08_Canine_StudyCOTC022-Breed_StageOfDisease_PrimDiseaseSite FAILED.
Reason:
java.lang.IllegalArgumentException: The workbook already contains a sheet named 'WebDataCases'
	at org.apache.poi.xssf.usermodel.XSSFWorkbook.validateSheetName(XSSFWorkbook.java:890)
	at org.apache.poi.xssf.usermodel.XSSFWorkbook.createSheet(XSSFWorkbook.java:843)
	at org.apache.poi.xssf.usermodel.XSSFWorkbook.createSheet(XSSFWorkbook.java:122)
	at org.apache.poi.ss.usermodel.Workbook$createSheet$1.call(Unknown Source)
	at ctdc.utilities.runtestcaseforKatalon.writeToExcel(runtestcaseforKatalon.groovy:726)
	at ctdc.utilities.runtestcaseforKatalon.ReadCasesTableKatalon(runtestcaseforKatalon.groovy:611)
	at ctdc.utilities.runtestcaseforKatalon.multiFunction(runtestcaseforKatalon.groovy:254)
	at ctdc.utilities.runtestcaseforKatalon.invokeMethod(runtestcaseforKatalon.groovy)
	at com.kms.katalon.core.main.CustomKeywordDelegatingMetaClass.invokeStaticMethod(CustomKeywordDelegatingMetaClass.java:50)
	at TC08_Canine_StudyCOTC022-Breed_StageOfDisease_PrimDiseaseSite.run(TC08_Canine_StudyCOTC022-Breed_StageOfDisease_PrimDiseaseSite:102)
	at com.kms.katalon.core.main.ScriptEngine.run(ScriptEngine.java:194)
	at com.kms.katalon.core.main.ScriptEngine.runScriptAsRawText(ScriptEngine.java:119)
	at com.kms.katalon.core.main.TestCaseExecutor.runScript(TestCaseExecutor.java:442)
	at com.kms.katalon.core.main.TestCaseExecutor.doExecute(TestCaseExecutor.java:433)
	at com.kms.katalon.core.main.TestCaseExecutor.processExecutionPhase(TestCaseExecutor.java:412)
	at com.kms.katalon.core.main.TestCaseExecutor.accessMainPhase(TestCaseExecutor.java:404)
	at com.kms.katalon.core.main.TestCaseExecutor.execute(TestCaseExecutor.java:281)
	at com.kms.katalon.core.main.TestSuiteExecutor.accessTestCaseMainPhase(TestSuiteExecutor.java:202)
	at com.kms.katalon.core.main.TestSuiteExecutor.accessTestSuiteMainPhase(TestSuiteExecutor.java:164)
	at com.kms.katalon.core.main.TestSuiteExecutor.execute(TestSuiteExecutor.java:105)
	at com.kms.katalon.core.main.TestCaseMain.startTestSuite(TestCaseMain.java:181)
	at com.kms.katalon.core.main.TestCaseMain$startTestSuite$0.call(Unknown Source)
	at TempTestSuite1638327915632.run(TempTestSuite1638327915632.groovy:36)


2021-11-30 22:20:05 - [TEST_STEP][PASSED] - Start listener action : getTestScriptName: null

2021-11-30 22:20:05 - [TEST_STEP][PASSED] - TestCaseId = testCaseContext.getTestCaseId(): null

2021-11-30 22:20:05 - [TEST_STEP][PASSED] - out.println("**********this is the value of test case id string******** " + testCaseContext.getTestCaseId()): null

2021-11-30 22:20:05 - [TEST_STEP][PASSED] - G_currentTCName = TestCaseId.substring(TestCaseId.lastIndexOf("TC")): null

2021-11-30 22:20:05 - [TEST_STEP][PASSED] - out.println("This is the test case name : " + G_currentTCName): null

2021-11-30 22:20:05 - [TEST_STEP][PASSED] - closeBrowser(): Browser is closed

2021-11-30 22:20:06 - [MESSAGE][PASSED] - Browser is closed

2021-11-30 22:20:06 - [TEST_STEP][PASSED] - ctdc.utilities.runtestcaseforKatalon.RunKatalon("TC08_Canine_StudyCOTC022-Breed_StageOfDisease_PrimDiseaseSite.xlsx"): Data loaded from input file for the test case. 

2021-11-30 22:20:06 - [MESSAGE][PASSED] - Test case file loaded This is the full filepath after converting to string :C:\Users\sohilz2\Commons_Automation\InputFiles\TC08_Canine_StudyCOTC022-Breed_StageOfDisease_PrimDiseaseSite.xlsx

2021-11-30 22:20:06 - [MESSAGE][INFO] - Global variable set for password file is :  C:\Users\sohilz2\Commons_Automation\InputFiles\TC08_Canine_StudyCOTC022-Breed_StageOfDisease_PrimDiseaseSite.xlsx

2021-11-30 22:20:10 - [MESSAGE][PASSED] - Data loaded from input file for the test case. 

2021-11-30 22:20:24 - [TEST_STEP][PASSED] - ctdc.utilities.runtestcaseforKatalon.clickTab("Object Repository/Canine/Canine_PopUp_Continue_Btn"): ctdc.utilities.runtestcaseforKatalon.clickTab is PASSED

2021-11-30 22:20:24 - [MESSAGE][PASSED] - ctdc.utilities.runtestcaseforKatalon.clickTab is PASSED

2021-11-30 22:20:24 - [TEST_STEP][PASSED] - out.println("Closed the popup window"): null

2021-11-30 22:20:24 - [TEST_STEP][PASSED] - waitForElementPresent(findTestObject("Canine/NavBar/Canine_Cases_Btn"), 20): Object 'Object Repository/Canine/NavBar/Canine_Cases_Btn' is present

2021-11-30 22:20:24 - [MESSAGE][PASSED] - Object 'Object Repository/Canine/NavBar/Canine_Cases_Btn' is present

2021-11-30 22:20:24 - [TEST_STEP][PASSED] - ctdc.utilities.runtestcaseforKatalon.clickTab("Canine/NavBar/Canine_Cases_Btn"): ctdc.utilities.runtestcaseforKatalon.clickTab is PASSED

2021-11-30 22:20:24 - [MESSAGE][PASSED] - ctdc.utilities.runtestcaseforKatalon.clickTab is PASSED

2021-11-30 22:20:24 - [TEST_STEP][PASSED] - waitForElementPresent(findTestObject("Object Repository/Canine/Filter/FilterByCases_Facet"), 20): Object 'Object Repository/Canine/Filter/FilterByCases_Facet' is present

2021-11-30 22:20:25 - [MESSAGE][PASSED] - Object 'Object Repository/Canine/Filter/FilterByCases_Facet' is present

2021-11-30 22:20:25 - [TEST_STEP][PASSED] - ctdc.utilities.runtestcaseforKatalon.clickTab("Object Repository/Canine/Filter/FilterByCases_Facet"): ctdc.utilities.runtestcaseforKatalon.clickTab is PASSED

2021-11-30 22:20:26 - [MESSAGE][PASSED] - ctdc.utilities.runtestcaseforKatalon.clickTab is PASSED

2021-11-30 22:20:26 - [TEST_STEP][PASSED] - waitForElementPresent(findTestObject("Object Repository/Canine/Filter/Study/Canine_Filter_Study"), 30): Object 'Object Repository/Canine/Filter/Study/Canine_Filter_Study' is present

2021-11-30 22:20:27 - [MESSAGE][PASSED] - Object 'Object Repository/Canine/Filter/Study/Canine_Filter_Study' is present

2021-11-30 22:20:27 - [TEST_STEP][PASSED] - ctdc.utilities.runtestcaseforKatalon.clickTab("Object Repository/Canine/Filter/Study/Canine_Filter_Study"): ctdc.utilities.runtestcaseforKatalon.clickTab is PASSED

2021-11-30 22:20:27 - [MESSAGE][PASSED] - ctdc.utilities.runtestcaseforKatalon.clickTab is PASSED

2021-11-30 22:20:27 - [TEST_STEP][PASSED] - waitForElementPresent(findTestObject("Object Repository/Canine/Filter/Study/Canine_Filter_Study-COTC022_Chkbx"), 30): Object 'Object Repository/Canine/Filter/Study/Canine_Filter_Study-COTC022_Chkbx' is present

2021-11-30 22:20:28 - [MESSAGE][PASSED] - Object 'Object Repository/Canine/Filter/Study/Canine_Filter_Study-COTC022_Chkbx' is present

2021-11-30 22:20:28 - [TEST_STEP][PASSED] - ctdc.utilities.runtestcaseforKatalon.clickTabCanineStat("Object Repository/Canine/Filter/Study/Canine_Filter_Study-COTC022_Chkbx"): ctdc.utilities.runtestcaseforKatalon.clickTabCanineStat is PASSED

2021-11-30 22:20:29 - [MESSAGE][PASSED] - ctdc.utilities.runtestcaseforKatalon.clickTabCanineStat is PASSED

2021-11-30 22:20:29 - [TEST_STEP][PASSED] - waitForElementPresent(findTestObject("Object Repository/Canine/Filter/Breed/BREED_Ddn"), 30): Object 'Object Repository/Canine/Filter/Breed/BREED_Ddn' is present

2021-11-30 22:20:29 - [MESSAGE][PASSED] - Object 'Object Repository/Canine/Filter/Breed/BREED_Ddn' is present

2021-11-30 22:20:29 - [TEST_STEP][PASSED] - verifyElementPresent(findTestObject("Object Repository/Canine/Filter/Breed/BREED_Ddn"), 5): Object 'Object Repository/Canine/Filter/Breed/BREED_Ddn' is present

2021-11-30 22:20:29 - [MESSAGE][PASSED] - Object 'Object Repository/Canine/Filter/Breed/BREED_Ddn' is present

2021-11-30 22:20:29 - [TEST_STEP][PASSED] - ctdc.utilities.runtestcaseforKatalon.clickTabCanineStat("Object Repository/Canine/Filter/Breed/BREED_Ddn"): ctdc.utilities.runtestcaseforKatalon.clickTabCanineStat is PASSED

2021-11-30 22:20:31 - [MESSAGE][PASSED] - ctdc.utilities.runtestcaseforKatalon.clickTabCanineStat is PASSED

2021-11-30 22:20:31 - [TEST_STEP][PASSED] - waitForElementPresent(findTestObject("Object Repository/Canine/Filter/Breed/Borzoi_Chkbx"), 30): Object 'Object Repository/Canine/Filter/Breed/Borzoi_Chkbx' is present

2021-11-30 22:20:31 - [MESSAGE][PASSED] - Object 'Object Repository/Canine/Filter/Breed/Borzoi_Chkbx' is present

2021-11-30 22:20:31 - [TEST_STEP][PASSED] - verifyElementPresent(findTestObject("Object Repository/Canine/Filter/Breed/Borzoi_Chkbx"), 5): Object 'Object Repository/Canine/Filter/Breed/Borzoi_Chkbx' is present

2021-11-30 22:20:31 - [MESSAGE][PASSED] - Object 'Object Repository/Canine/Filter/Breed/Borzoi_Chkbx' is present

2021-11-30 22:20:31 - [TEST_STEP][PASSED] - ctdc.utilities.runtestcaseforKatalon.clickTabCanineStat("Object Repository/Canine/Filter/Breed/Borzoi_Chkbx"): ctdc.utilities.runtestcaseforKatalon.clickTabCanineStat is PASSED

2021-11-30 22:20:32 - [MESSAGE][PASSED] - ctdc.utilities.runtestcaseforKatalon.clickTabCanineStat is PASSED

2021-11-30 22:20:32 - [TEST_STEP][PASSED] - waitForElementPresent(findTestObject("Object Repository/Canine/Filter/Breed/GreatPyrenees_Chkbx"), 30): Object 'Object Repository/Canine/Filter/Breed/GreatPyrenees_Chkbx' is present

2021-11-30 22:20:32 - [MESSAGE][PASSED] - Object 'Object Repository/Canine/Filter/Breed/GreatPyrenees_Chkbx' is present

2021-11-30 22:20:32 - [TEST_STEP][PASSED] - verifyElementPresent(findTestObject("Object Repository/Canine/Filter/Breed/GreatPyrenees_Chkbx"), 5): Object 'Object Repository/Canine/Filter/Breed/GreatPyrenees_Chkbx' is present

2021-11-30 22:20:32 - [MESSAGE][PASSED] - Object 'Object Repository/Canine/Filter/Breed/GreatPyrenees_Chkbx' is present

2021-11-30 22:20:32 - [TEST_STEP][PASSED] - ctdc.utilities.runtestcaseforKatalon.clickTabCanineStat("Object Repository/Canine/Filter/Breed/GreatPyrenees_Chkbx"): ctdc.utilities.runtestcaseforKatalon.clickTabCanineStat is PASSED

2021-11-30 22:20:34 - [MESSAGE][PASSED] - ctdc.utilities.runtestcaseforKatalon.clickTabCanineStat is PASSED

2021-11-30 22:20:34 - [TEST_STEP][PASSED] - waitForElementPresent(findTestObject("Canine/Filter/StageOfDisease/STAGEOFDISEASE_Ddn"), 30): Object 'Object Repository/Canine/Filter/StageOfDisease/STAGEOFDISEASE_Ddn' is present

2021-11-30 22:20:34 - [MESSAGE][PASSED] - Object 'Object Repository/Canine/Filter/StageOfDisease/STAGEOFDISEASE_Ddn' is present

2021-11-30 22:20:34 - [TEST_STEP][PASSED] - waitForElementPresent(findTestObject("Canine/Filter/StageOfDisease/STAGEOFDISEASE_Ddn"), 5): Object 'Object Repository/Canine/Filter/StageOfDisease/STAGEOFDISEASE_Ddn' is present

2021-11-30 22:20:34 - [MESSAGE][PASSED] - Object 'Object Repository/Canine/Filter/StageOfDisease/STAGEOFDISEASE_Ddn' is present

2021-11-30 22:20:34 - [TEST_STEP][PASSED] - ctdc.utilities.runtestcaseforKatalon.clickTabCanineStat("Canine/Filter/StageOfDisease/STAGEOFDISEASE_Ddn"): ctdc.utilities.runtestcaseforKatalon.clickTabCanineStat is PASSED

2021-11-30 22:20:35 - [MESSAGE][PASSED] - ctdc.utilities.runtestcaseforKatalon.clickTabCanineStat is PASSED

2021-11-30 22:20:35 - [TEST_STEP][PASSED] - waitForElementPresent(findTestObject("Canine/Filter/StageOfDisease/NotDetermined_Chkbx"), 30): Object 'Object Repository/Canine/Filter/StageOfDisease/NotDetermined_Chkbx' is present

2021-11-30 22:20:35 - [MESSAGE][PASSED] - Object 'Object Repository/Canine/Filter/StageOfDisease/NotDetermined_Chkbx' is present

2021-11-30 22:20:35 - [TEST_STEP][PASSED] - waitForElementPresent(findTestObject("Canine/Filter/StageOfDisease/NotDetermined_Chkbx"), 5): Object 'Object Repository/Canine/Filter/StageOfDisease/NotDetermined_Chkbx' is present

2021-11-30 22:20:35 - [MESSAGE][PASSED] - Object 'Object Repository/Canine/Filter/StageOfDisease/NotDetermined_Chkbx' is present

2021-11-30 22:20:35 - [TEST_STEP][PASSED] - ctdc.utilities.runtestcaseforKatalon.clickTabCanineStat("Canine/Filter/StageOfDisease/NotDetermined_Chkbx"): ctdc.utilities.runtestcaseforKatalon.clickTabCanineStat is PASSED

2021-11-30 22:20:36 - [MESSAGE][PASSED] - ctdc.utilities.runtestcaseforKatalon.clickTabCanineStat is PASSED

2021-11-30 22:20:36 - [TEST_STEP][PASSED] - waitForElementPresent(findTestObject("Object Repository/Canine/Filter/PrimDiseaseSite/PRIMARYDISEASESITE_Ddn"), 30): Object 'Object Repository/Canine/Filter/PrimDiseaseSite/PRIMARYDISEASESITE_Ddn' is present

2021-11-30 22:20:37 - [MESSAGE][PASSED] - Object 'Object Repository/Canine/Filter/PrimDiseaseSite/PRIMARYDISEASESITE_Ddn' is present

2021-11-30 22:20:37 - [TEST_STEP][PASSED] - verifyElementPresent(findTestObject("Object Repository/Canine/Filter/PrimDiseaseSite/PRIMARYDISEASESITE_Ddn"), 5): Object 'Object Repository/Canine/Filter/PrimDiseaseSite/PRIMARYDISEASESITE_Ddn' is present

2021-11-30 22:20:37 - [MESSAGE][PASSED] - Object 'Object Repository/Canine/Filter/PrimDiseaseSite/PRIMARYDISEASESITE_Ddn' is present

2021-11-30 22:20:37 - [TEST_STEP][PASSED] - ctdc.utilities.runtestcaseforKatalon.clickTabCanineStat("Canine/Filter/PrimDiseaseSite/PRIMARYDISEASESITE_Ddn"): ctdc.utilities.runtestcaseforKatalon.clickTabCanineStat is PASSED

2021-11-30 22:20:38 - [MESSAGE][PASSED] - ctdc.utilities.runtestcaseforKatalon.clickTabCanineStat is PASSED

2021-11-30 22:20:38 - [TEST_STEP][PASSED] - waitForElementPresent(findTestObject("Object Repository/Canine/Filter/PrimDiseaseSite/BoneApendicular_Chkbx"), 30): Object 'Object Repository/Canine/Filter/PrimDiseaseSite/BoneApendicular_Chkbx' is present

2021-11-30 22:20:38 - [MESSAGE][PASSED] - Object 'Object Repository/Canine/Filter/PrimDiseaseSite/BoneApendicular_Chkbx' is present

2021-11-30 22:20:38 - [TEST_STEP][PASSED] - ctdc.utilities.runtestcaseforKatalon.clickTabCanineStat("Object Repository/Canine/Filter/PrimDiseaseSite/BoneApendicular_Chkbx"): ctdc.utilities.runtestcaseforKatalon.clickTabCanineStat is PASSED

2021-11-30 22:20:39 - [MESSAGE][PASSED] - ctdc.utilities.runtestcaseforKatalon.clickTabCanineStat is PASSED

2021-11-30 22:20:39 - [TEST_STEP][PASSED] - ctdc.utilities.runtestcaseforKatalon.readStatBarCanine("Object Repository/Canine/StatBar/Canine_StatBar-Studies", "Object Repository/Canine/StatBar/Canine_StatBar-Cases", "Object Repository/Canine/StatBar/Canine_StatBar-Samples", "Object Repository/Canine/StatBar/Canine_StatBar-CaseFiles", "Object Repository/Canine/StatBar/Canine_StatBar-StudyFiles"): ctdc.utilities.runtestcaseforKatalon.readStatBarCanine is PASSED

2021-11-30 22:20:55 - [MESSAGE][PASSED] - ctdc.utilities.runtestcaseforKatalon.readStatBarCanine is PASSED

2021-11-30 22:20:55 - [TEST_STEP][PASSED] - waitForElementPresent(findTestObject("Object Repository/Canine/CanineResults_Cases_Tab"), 30): Object 'Object Repository/Canine/CanineResults_Cases_Tab' is present

2021-11-30 22:20:55 - [MESSAGE][PASSED] - Object 'Object Repository/Canine/CanineResults_Cases_Tab' is present

2021-11-30 22:20:55 - [TEST_STEP][PASSED] - verifyElementPresent(findTestObject("Object Repository/Canine/CanineResults_Cases_Tab"), 5): Object 'Object Repository/Canine/CanineResults_Cases_Tab' is present

2021-11-30 22:20:55 - [MESSAGE][PASSED] - Object 'Object Repository/Canine/CanineResults_Cases_Tab' is present

2021-11-30 22:20:55 - [TEST_STEP][PASSED] - ctdc.utilities.runtestcaseforKatalon.clickTab("Object Repository/Canine/CanineResults_Cases_Tab"): ctdc.utilities.runtestcaseforKatalon.clickTab is PASSED

2021-11-30 22:20:55 - [MESSAGE][PASSED] - ctdc.utilities.runtestcaseforKatalon.clickTab is PASSED

2021-11-30 22:20:55 - [TEST_STEP][ERROR] - ctdc.utilities.runtestcaseforKatalon.multiFunction("ICDC", G_StatBar_Cases, "Object Repository/Canine/Canine_CasesTable", "Object Repository/Canine/Canine_TableHeader", "Object Repository/Canine/Canine_CasesTabNextBtn", G_WebTabnameCases, G_CypherTabnameCases, G_QueryCasesTab): Test Cases/Canine_TestCases/StudyCombinations/Study-Combinations-COTC022/TC08_Canine_StudyCOTC022-Breed_StageOfDisease_PrimDiseaseSite FAILED.
Reason:
com.kms.katalon.core.exception.StepErrorException: java.lang.IllegalArgumentException: The workbook already contains a sheet named 'WebDataCases'
	at com.kms.katalon.core.main.CustomKeywordDelegatingMetaClass.throwError(CustomKeywordDelegatingMetaClass.java:96)
	at com.kms.katalon.core.main.CustomKeywordDelegatingMetaClass.invokeStaticMethod(CustomKeywordDelegatingMetaClass.java:68)
	at TC08_Canine_StudyCOTC022-Breed_StageOfDisease_PrimDiseaseSite.run(TC08_Canine_StudyCOTC022-Breed_StageOfDisease_PrimDiseaseSite:102)
	at com.kms.katalon.core.main.ScriptEngine.run(ScriptEngine.java:194)
	at com.kms.katalon.core.main.ScriptEngine.runScriptAsRawText(ScriptEngine.java:119)
	at com.kms.katalon.core.main.TestCaseExecutor.runScript(TestCaseExecutor.java:442)
	at com.kms.katalon.core.main.TestCaseExecutor.doExecute(TestCaseExecutor.java:433)
	at com.kms.katalon.core.main.TestCaseExecutor.processExecutionPhase(TestCaseExecutor.java:412)
	at com.kms.katalon.core.main.TestCaseExecutor.accessMainPhase(TestCaseExecutor.java:404)
	at com.kms.katalon.core.main.TestCaseExecutor.execute(TestCaseExecutor.java:281)
	at com.kms.katalon.core.main.TestSuiteExecutor.accessTestCaseMainPhase(TestSuiteExecutor.java:202)
	at com.kms.katalon.core.main.TestSuiteExecutor.accessTestSuiteMainPhase(TestSuiteExecutor.java:164)
	at com.kms.katalon.core.main.TestSuiteExecutor.execute(TestSuiteExecutor.java:105)
	at com.kms.katalon.core.main.TestCaseMain.startTestSuite(TestCaseMain.java:181)
	at com.kms.katalon.core.main.TestCaseMain$startTestSuite$0.call(Unknown Source)
	at TempTestSuite1638327915632.run(TempTestSuite1638327915632.groovy:36)
Caused by: java.lang.IllegalArgumentException: The workbook already contains a sheet named 'WebDataCases'
	at org.apache.poi.xssf.usermodel.XSSFWorkbook.validateSheetName(XSSFWorkbook.java:890)
	at org.apache.poi.xssf.usermodel.XSSFWorkbook.createSheet(XSSFWorkbook.java:843)
	at org.apache.poi.xssf.usermodel.XSSFWorkbook.createSheet(XSSFWorkbook.java:122)
	at org.apache.poi.ss.usermodel.Workbook$createSheet$1.call(Unknown Source)
	at ctdc.utilities.runtestcaseforKatalon.writeToExcel(runtestcaseforKatalon.groovy:726)
	at ctdc.utilities.runtestcaseforKatalon.ReadCasesTableKatalon(runtestcaseforKatalon.groovy:611)
	at ctdc.utilities.runtestcaseforKatalon.multiFunction(runtestcaseforKatalon.groovy:254)
	at ctdc.utilities.runtestcaseforKatalon.invokeMethod(runtestcaseforKatalon.groovy)
	at com.kms.katalon.core.main.CustomKeywordDelegatingMetaClass.invokeStaticMethod(CustomKeywordDelegatingMetaClass.java:50)
	... 14 more


2021-11-30 22:21:08 - [MESSAGE][ERROR] - The workbook already contains a sheet named 'WebDataCases'

2021-11-30 22:21:08 - [MESSAGE][ERROR] - Test Cases/Canine_TestCases/StudyCombinations/Study-Combinations-COTC022/TC08_Canine_StudyCOTC022-Breed_StageOfDisease_PrimDiseaseSite FAILED.
Reason:
com.kms.katalon.core.exception.StepErrorException: java.lang.IllegalArgumentException: The workbook already contains a sheet named 'WebDataCases'
	at com.kms.katalon.core.main.CustomKeywordDelegatingMetaClass.throwError(CustomKeywordDelegatingMetaClass.java:96)
	at com.kms.katalon.core.main.CustomKeywordDelegatingMetaClass.invokeStaticMethod(CustomKeywordDelegatingMetaClass.java:68)
	at TC08_Canine_StudyCOTC022-Breed_StageOfDisease_PrimDiseaseSite.run(TC08_Canine_StudyCOTC022-Breed_StageOfDisease_PrimDiseaseSite:102)
	at com.kms.katalon.core.main.ScriptEngine.run(ScriptEngine.java:194)
	at com.kms.katalon.core.main.ScriptEngine.runScriptAsRawText(ScriptEngine.java:119)
	at com.kms.katalon.core.main.TestCaseExecutor.runScript(TestCaseExecutor.java:442)
	at com.kms.katalon.core.main.TestCaseExecutor.doExecute(TestCaseExecutor.java:433)
	at com.kms.katalon.core.main.TestCaseExecutor.processExecutionPhase(TestCaseExecutor.java:412)
	at com.kms.katalon.core.main.TestCaseExecutor.accessMainPhase(TestCaseExecutor.java:404)
	at com.kms.katalon.core.main.TestCaseExecutor.execute(TestCaseExecutor.java:281)
	at com.kms.katalon.core.main.TestSuiteExecutor.accessTestCaseMainPhase(TestSuiteExecutor.java:202)
	at com.kms.katalon.core.main.TestSuiteExecutor.accessTestSuiteMainPhase(TestSuiteExecutor.java:164)
	at com.kms.katalon.core.main.TestSuiteExecutor.execute(TestSuiteExecutor.java:105)
	at com.kms.katalon.core.main.TestCaseMain.startTestSuite(TestCaseMain.java:181)
	at com.kms.katalon.core.main.TestCaseMain$startTestSuite$0.call(Unknown Source)
	at TempTestSuite1638327915632.run(TempTestSuite1638327915632.groovy:36)
Caused by: java.lang.IllegalArgumentException: The workbook already contains a sheet named 'WebDataCases'
	at org.apache.poi.xssf.usermodel.XSSFWorkbook.validateSheetName(XSSFWorkbook.java:890)
	at org.apache.poi.xssf.usermodel.XSSFWorkbook.createSheet(XSSFWorkbook.java:843)
	at org.apache.poi.xssf.usermodel.XSSFWorkbook.createSheet(XSSFWorkbook.java:122)
	at org.apache.poi.ss.usermodel.Workbook$createSheet$1.call(Unknown Source)
	at ctdc.utilities.runtestcaseforKatalon.writeToExcel(runtestcaseforKatalon.groovy:726)
	at ctdc.utilities.runtestcaseforKatalon.ReadCasesTableKatalon(runtestcaseforKatalon.groovy:611)
	at ctdc.utilities.runtestcaseforKatalon.multiFunction(runtestcaseforKatalon.groovy:254)
	at ctdc.utilities.runtestcaseforKatalon.invokeMethod(runtestcaseforKatalon.groovy)
	at com.kms.katalon.core.main.CustomKeywordDelegatingMetaClass.invokeStaticMethod(CustomKeywordDelegatingMetaClass.java:50)
	... 14 more]]></system-out>
         <system-err><![CDATA[2021-11-30 22:20:05 - [TEST_CASE][ERROR] - Test Cases/Canine_TestCases/StudyCombinations/Study-Combinations-COTC022/TC08_Canine_StudyCOTC022-Breed_StageOfDisease_PrimDiseaseSite: Test Cases/Canine_TestCases/StudyCombinations/Study-Combinations-COTC022/TC08_Canine_StudyCOTC022-Breed_StageOfDisease_PrimDiseaseSite FAILED.
Reason:
java.lang.IllegalArgumentException: The workbook already contains a sheet named 'WebDataCases'
	at org.apache.poi.xssf.usermodel.XSSFWorkbook.validateSheetName(XSSFWorkbook.java:890)
	at org.apache.poi.xssf.usermodel.XSSFWorkbook.createSheet(XSSFWorkbook.java:843)
	at org.apache.poi.xssf.usermodel.XSSFWorkbook.createSheet(XSSFWorkbook.java:122)
	at org.apache.poi.ss.usermodel.Workbook$createSheet$1.call(Unknown Source)
	at ctdc.utilities.runtestcaseforKatalon.writeToExcel(runtestcaseforKatalon.groovy:726)
	at ctdc.utilities.runtestcaseforKatalon.ReadCasesTableKatalon(runtestcaseforKatalon.groovy:611)
	at ctdc.utilities.runtestcaseforKatalon.multiFunction(runtestcaseforKatalon.groovy:254)
	at ctdc.utilities.runtestcaseforKatalon.invokeMethod(runtestcaseforKatalon.groovy)
	at com.kms.katalon.core.main.CustomKeywordDelegatingMetaClass.invokeStaticMethod(CustomKeywordDelegatingMetaClass.java:50)
	at TC08_Canine_StudyCOTC022-Breed_StageOfDisease_PrimDiseaseSite.run(TC08_Canine_StudyCOTC022-Breed_StageOfDisease_PrimDiseaseSite:102)
	at com.kms.katalon.core.main.ScriptEngine.run(ScriptEngine.java:194)
	at com.kms.katalon.core.main.ScriptEngine.runScriptAsRawText(ScriptEngine.java:119)
	at com.kms.katalon.core.main.TestCaseExecutor.runScript(TestCaseExecutor.java:442)
	at com.kms.katalon.core.main.TestCaseExecutor.doExecute(TestCaseExecutor.java:433)
	at com.kms.katalon.core.main.TestCaseExecutor.processExecutionPhase(TestCaseExecutor.java:412)
	at com.kms.katalon.core.main.TestCaseExecutor.accessMainPhase(TestCaseExecutor.java:404)
	at com.kms.katalon.core.main.TestCaseExecutor.execute(TestCaseExecutor.java:281)
	at com.kms.katalon.core.main.TestSuiteExecutor.accessTestCaseMainPhase(TestSuiteExecutor.java:202)
	at com.kms.katalon.core.main.TestSuiteExecutor.accessTestSuiteMainPhase(TestSuiteExecutor.java:164)
	at com.kms.katalon.core.main.TestSuiteExecutor.execute(TestSuiteExecutor.java:105)
	at com.kms.katalon.core.main.TestCaseMain.startTestSuite(TestCaseMain.java:181)
	at com.kms.katalon.core.main.TestCaseMain$startTestSuite$0.call(Unknown Source)
	at TempTestSuite1638327915632.run(TempTestSuite1638327915632.groovy:36)]]></system-err>
      </testcase>
      <testcase name="Test Cases/Canine_TestCases/StudyCombinations/Study-Combinations-COTC022/TC09_Canine_StudyCOTC022-Breed_RespToTrtmt" time="98.473" classname="Test Cases/Canine_TestCases/StudyCombinations/Study-Combinations-COTC022/TC09_Canine_StudyCOTC022-Breed_RespToTrtmt" status="PASSED">
         <system-out><![CDATA[2021-11-30 22:21:08 - [TEST_CASE][PASSED] - Test Cases/Canine_TestCases/StudyCombinations/Study-Combinations-COTC022/TC09_Canine_StudyCOTC022-Breed_RespToTrtmt: Test Cases/Canine_TestCases/StudyCombinations/Study-Combinations-COTC022/TC09_Canine_StudyCOTC022-Breed_RespToTrtmt

2021-11-30 22:21:08 - [TEST_STEP][PASSED] - Start listener action : getTestScriptName: null

2021-11-30 22:21:08 - [TEST_STEP][PASSED] - TestCaseId = testCaseContext.getTestCaseId(): null

2021-11-30 22:21:08 - [TEST_STEP][PASSED] - out.println("**********this is the value of test case id string******** " + testCaseContext.getTestCaseId()): null

2021-11-30 22:21:08 - [TEST_STEP][PASSED] - G_currentTCName = TestCaseId.substring(TestCaseId.lastIndexOf("TC")): null

2021-11-30 22:21:08 - [TEST_STEP][PASSED] - out.println("This is the test case name : " + G_currentTCName): null

2021-11-30 22:21:09 - [TEST_STEP][PASSED] - closeBrowser(): Browser is closed

2021-11-30 22:21:10 - [MESSAGE][PASSED] - Browser is closed

2021-11-30 22:21:10 - [TEST_STEP][PASSED] - ctdc.utilities.runtestcaseforKatalon.RunKatalon("TC09_Canine_StudyCOTC022-Breed_RespToTrtmt.xlsx"): Data loaded from input file for the test case. 

2021-11-30 22:21:10 - [MESSAGE][PASSED] - Test case file loaded This is the full filepath after converting to string :C:\Users\sohilz2\Commons_Automation\InputFiles\TC09_Canine_StudyCOTC022-Breed_RespToTrtmt.xlsx

2021-11-30 22:21:10 - [MESSAGE][INFO] - Global variable set for password file is :  C:\Users\sohilz2\Commons_Automation\InputFiles\TC09_Canine_StudyCOTC022-Breed_RespToTrtmt.xlsx

2021-11-30 22:21:14 - [MESSAGE][PASSED] - Data loaded from input file for the test case. 

2021-11-30 22:21:26 - [TEST_STEP][PASSED] - ctdc.utilities.runtestcaseforKatalon.clickTab("Object Repository/Canine/Canine_PopUp_Continue_Btn"): ctdc.utilities.runtestcaseforKatalon.clickTab is PASSED

2021-11-30 22:21:26 - [MESSAGE][PASSED] - ctdc.utilities.runtestcaseforKatalon.clickTab is PASSED

2021-11-30 22:21:26 - [TEST_STEP][PASSED] - out.println("Closed the popup window"): null

2021-11-30 22:21:26 - [TEST_STEP][PASSED] - waitForElementPresent(findTestObject("Canine/NavBar/Canine_Cases_Btn"), 20): Object 'Object Repository/Canine/NavBar/Canine_Cases_Btn' is present

2021-11-30 22:21:26 - [MESSAGE][PASSED] - Object 'Object Repository/Canine/NavBar/Canine_Cases_Btn' is present

2021-11-30 22:21:26 - [TEST_STEP][PASSED] - ctdc.utilities.runtestcaseforKatalon.clickTab("Canine/NavBar/Canine_Cases_Btn"): ctdc.utilities.runtestcaseforKatalon.clickTab is PASSED

2021-11-30 22:21:26 - [MESSAGE][PASSED] - ctdc.utilities.runtestcaseforKatalon.clickTab is PASSED

2021-11-30 22:21:26 - [TEST_STEP][PASSED] - waitForElementPresent(findTestObject("Object Repository/Canine/Filter/FilterByCases_Facet"), 20): Object 'Object Repository/Canine/Filter/FilterByCases_Facet' is present

2021-11-30 22:21:28 - [MESSAGE][PASSED] - Object 'Object Repository/Canine/Filter/FilterByCases_Facet' is present

2021-11-30 22:21:28 - [TEST_STEP][PASSED] - ctdc.utilities.runtestcaseforKatalon.clickTab("Object Repository/Canine/Filter/FilterByCases_Facet"): ctdc.utilities.runtestcaseforKatalon.clickTab is PASSED

2021-11-30 22:21:29 - [MESSAGE][PASSED] - ctdc.utilities.runtestcaseforKatalon.clickTab is PASSED

2021-11-30 22:21:29 - [TEST_STEP][PASSED] - waitForElementPresent(findTestObject("Object Repository/Canine/Filter/Study/Canine_Filter_Study"), 30): Object 'Object Repository/Canine/Filter/Study/Canine_Filter_Study' is present

2021-11-30 22:21:29 - [MESSAGE][PASSED] - Object 'Object Repository/Canine/Filter/Study/Canine_Filter_Study' is present

2021-11-30 22:21:29 - [TEST_STEP][PASSED] - ctdc.utilities.runtestcaseforKatalon.clickTab("Object Repository/Canine/Filter/Study/Canine_Filter_Study"): ctdc.utilities.runtestcaseforKatalon.clickTab is PASSED

2021-11-30 22:21:30 - [MESSAGE][PASSED] - ctdc.utilities.runtestcaseforKatalon.clickTab is PASSED

2021-11-30 22:21:30 - [TEST_STEP][PASSED] - waitForElementPresent(findTestObject("Object Repository/Canine/Filter/Study/Canine_Filter_Study-COTC022_Chkbx"), 30): Object 'Object Repository/Canine/Filter/Study/Canine_Filter_Study-COTC022_Chkbx' is present

2021-11-30 22:21:30 - [MESSAGE][PASSED] - Object 'Object Repository/Canine/Filter/Study/Canine_Filter_Study-COTC022_Chkbx' is present

2021-11-30 22:21:30 - [TEST_STEP][PASSED] - ctdc.utilities.runtestcaseforKatalon.clickTabCanineStat("Object Repository/Canine/Filter/Study/Canine_Filter_Study-COTC022_Chkbx"): ctdc.utilities.runtestcaseforKatalon.clickTabCanineStat is PASSED

2021-11-30 22:21:32 - [MESSAGE][PASSED] - ctdc.utilities.runtestcaseforKatalon.clickTabCanineStat is PASSED

2021-11-30 22:21:32 - [TEST_STEP][PASSED] - ctdc.utilities.runtestcaseforKatalon.clickTab("Object Repository/Canine/Filter/Study/Canine_Filter_Study"): ctdc.utilities.runtestcaseforKatalon.clickTab is PASSED

2021-11-30 22:21:32 - [MESSAGE][PASSED] - ctdc.utilities.runtestcaseforKatalon.clickTab is PASSED

2021-11-30 22:21:32 - [TEST_STEP][PASSED] - waitForElementPresent(findTestObject("Object Repository/Canine/Filter/Breed/BREED_Ddn"), 30): Object 'Object Repository/Canine/Filter/Breed/BREED_Ddn' is present

2021-11-30 22:21:32 - [MESSAGE][PASSED] - Object 'Object Repository/Canine/Filter/Breed/BREED_Ddn' is present

2021-11-30 22:21:32 - [TEST_STEP][PASSED] - verifyElementPresent(findTestObject("Object Repository/Canine/Filter/Breed/BREED_Ddn"), 5): Object 'Object Repository/Canine/Filter/Breed/BREED_Ddn' is present

2021-11-30 22:21:32 - [MESSAGE][PASSED] - Object 'Object Repository/Canine/Filter/Breed/BREED_Ddn' is present

2021-11-30 22:21:32 - [TEST_STEP][PASSED] - ctdc.utilities.runtestcaseforKatalon.clickTabCanineStat("Object Repository/Canine/Filter/Breed/BREED_Ddn"): ctdc.utilities.runtestcaseforKatalon.clickTabCanineStat is PASSED

2021-11-30 22:21:34 - [MESSAGE][PASSED] - ctdc.utilities.runtestcaseforKatalon.clickTabCanineStat is PASSED

2021-11-30 22:21:34 - [TEST_STEP][PASSED] - waitForElementPresent(findTestObject("Object Repository/Canine/Filter/Breed/ChowChow_Chkbx"), 30): Object 'Object Repository/Canine/Filter/Breed/ChowChow_Chkbx' is present

2021-11-30 22:21:34 - [MESSAGE][PASSED] - Object 'Object Repository/Canine/Filter/Breed/ChowChow_Chkbx' is present

2021-11-30 22:21:34 - [TEST_STEP][PASSED] - verifyElementPresent(findTestObject("Object Repository/Canine/Filter/Breed/ChowChow_Chkbx"), 5): Object 'Object Repository/Canine/Filter/Breed/ChowChow_Chkbx' is present

2021-11-30 22:21:34 - [MESSAGE][PASSED] - Object 'Object Repository/Canine/Filter/Breed/ChowChow_Chkbx' is present

2021-11-30 22:21:34 - [TEST_STEP][PASSED] - ctdc.utilities.runtestcaseforKatalon.clickTabCanineStat("Object Repository/Canine/Filter/Breed/ChowChow_Chkbx"): ctdc.utilities.runtestcaseforKatalon.clickTabCanineStat is PASSED

2021-11-30 22:21:35 - [MESSAGE][PASSED] - ctdc.utilities.runtestcaseforKatalon.clickTabCanineStat is PASSED

2021-11-30 22:21:35 - [TEST_STEP][PASSED] - delay(3): Delayed 3 second(s)

2021-11-30 22:21:38 - [MESSAGE][PASSED] - Delayed 3 second(s)

2021-11-30 22:21:38 - [TEST_STEP][PASSED] - waitForElementPresent(findTestObject("Object Repository/Canine/Filter/Breed/Doberman_Chkbx"), 30): Object 'Object Repository/Canine/Filter/Breed/Doberman_Chkbx' is present

2021-11-30 22:21:38 - [MESSAGE][PASSED] - Object 'Object Repository/Canine/Filter/Breed/Doberman_Chkbx' is present

2021-11-30 22:21:38 - [TEST_STEP][PASSED] - verifyElementPresent(findTestObject("Object Repository/Canine/Filter/Breed/Doberman_Chkbx"), 5): Object 'Object Repository/Canine/Filter/Breed/Doberman_Chkbx' is present

2021-11-30 22:21:38 - [MESSAGE][PASSED] - Object 'Object Repository/Canine/Filter/Breed/Doberman_Chkbx' is present

2021-11-30 22:21:38 - [TEST_STEP][PASSED] - ctdc.utilities.runtestcaseforKatalon.clickTabCanineStat("Object Repository/Canine/Filter/Breed/Doberman_Chkbx"): ctdc.utilities.runtestcaseforKatalon.clickTabCanineStat is PASSED

2021-11-30 22:21:40 - [MESSAGE][PASSED] - ctdc.utilities.runtestcaseforKatalon.clickTabCanineStat is PASSED

2021-11-30 22:21:40 - [TEST_STEP][PASSED] - ctdc.utilities.runtestcaseforKatalon.clickTabCanineStat("Object Repository/Canine/Filter/Breed/BREED_Ddn"): ctdc.utilities.runtestcaseforKatalon.clickTabCanineStat is PASSED

2021-11-30 22:21:41 - [MESSAGE][PASSED] - ctdc.utilities.runtestcaseforKatalon.clickTabCanineStat is PASSED

2021-11-30 22:21:41 - [TEST_STEP][PASSED] - waitForElementPresent(findTestObject("Object Repository/Canine/Filter/ResponseToTreatment/RESPONSETOTREATMENT_Ddn"), 30): Object 'Object Repository/Canine/Filter/ResponseToTreatment/RESPONSETOTREATMENT_Ddn' is present

2021-11-30 22:21:41 - [MESSAGE][PASSED] - Object 'Object Repository/Canine/Filter/ResponseToTreatment/RESPONSETOTREATMENT_Ddn' is present

2021-11-30 22:21:41 - [TEST_STEP][PASSED] - verifyElementPresent(findTestObject("Object Repository/Canine/Filter/ResponseToTreatment/RESPONSETOTREATMENT_Ddn"), 5): Object 'Object Repository/Canine/Filter/ResponseToTreatment/RESPONSETOTREATMENT_Ddn' is present

2021-11-30 22:21:41 - [MESSAGE][PASSED] - Object 'Object Repository/Canine/Filter/ResponseToTreatment/RESPONSETOTREATMENT_Ddn' is present

2021-11-30 22:21:41 - [TEST_STEP][PASSED] - ctdc.utilities.runtestcaseforKatalon.clickTabCanineStat("Object Repository/Canine/Filter/ResponseToTreatment/RESPONSETOTREATMENT_Ddn"): ctdc.utilities.runtestcaseforKatalon.clickTabCanineStat is PASSED

2021-11-30 22:21:42 - [MESSAGE][PASSED] - ctdc.utilities.runtestcaseforKatalon.clickTabCanineStat is PASSED

2021-11-30 22:21:42 - [TEST_STEP][PASSED] - waitForElementPresent(findTestObject("Canine/Filter/ResponseToTreatment/ProgrDisease_Chkbx"), 30): Object 'Object Repository/Canine/Filter/ResponseToTreatment/ProgrDisease_Chkbx' is present

2021-11-30 22:21:42 - [MESSAGE][PASSED] - Object 'Object Repository/Canine/Filter/ResponseToTreatment/ProgrDisease_Chkbx' is present

2021-11-30 22:21:42 - [TEST_STEP][PASSED] - verifyElementPresent(findTestObject("Canine/Filter/ResponseToTreatment/ProgrDisease_Chkbx"), 5): Object 'Object Repository/Canine/Filter/ResponseToTreatment/ProgrDisease_Chkbx' is present

2021-11-30 22:21:43 - [MESSAGE][PASSED] - Object 'Object Repository/Canine/Filter/ResponseToTreatment/ProgrDisease_Chkbx' is present

2021-11-30 22:21:43 - [TEST_STEP][PASSED] - ctdc.utilities.runtestcaseforKatalon.clickTabCanineStat("Canine/Filter/ResponseToTreatment/ProgrDisease_Chkbx"): ctdc.utilities.runtestcaseforKatalon.clickTabCanineStat is PASSED

2021-11-30 22:21:44 - [MESSAGE][PASSED] - ctdc.utilities.runtestcaseforKatalon.clickTabCanineStat is PASSED

2021-11-30 22:21:44 - [TEST_STEP][PASSED] - ctdc.utilities.runtestcaseforKatalon.clickTabCanineStat("Canine/Filter/ResponseToTreatment/RESPONSETOTREATMENT_Ddn"): ctdc.utilities.runtestcaseforKatalon.clickTabCanineStat is PASSED

2021-11-30 22:21:45 - [MESSAGE][PASSED] - ctdc.utilities.runtestcaseforKatalon.clickTabCanineStat is PASSED

2021-11-30 22:21:45 - [TEST_STEP][PASSED] - ctdc.utilities.runtestcaseforKatalon.readStatBarCanine("Object Repository/Canine/StatBar/Canine_StatBar-Studies", "Object Repository/Canine/StatBar/Canine_StatBar-Cases", "Object Repository/Canine/StatBar/Canine_StatBar-Samples", "Object Repository/Canine/StatBar/Canine_StatBar-CaseFiles", "Object Repository/Canine/StatBar/Canine_StatBar-StudyFiles"): ctdc.utilities.runtestcaseforKatalon.readStatBarCanine is PASSED

2021-11-30 22:22:01 - [MESSAGE][PASSED] - ctdc.utilities.runtestcaseforKatalon.readStatBarCanine is PASSED

2021-11-30 22:22:01 - [TEST_STEP][PASSED] - waitForElementPresent(findTestObject("Object Repository/Canine/CanineResults_Cases_Tab"), 30): Object 'Object Repository/Canine/CanineResults_Cases_Tab' is present

2021-11-30 22:22:01 - [MESSAGE][PASSED] - Object 'Object Repository/Canine/CanineResults_Cases_Tab' is present

2021-11-30 22:22:01 - [TEST_STEP][PASSED] - verifyElementPresent(findTestObject("Object Repository/Canine/CanineResults_Cases_Tab"), 5): Object 'Object Repository/Canine/CanineResults_Cases_Tab' is present

2021-11-30 22:22:01 - [MESSAGE][PASSED] - Object 'Object Repository/Canine/CanineResults_Cases_Tab' is present

2021-11-30 22:22:01 - [TEST_STEP][PASSED] - ctdc.utilities.runtestcaseforKatalon.clickTab("Object Repository/Canine/CanineResults_Cases_Tab"): ctdc.utilities.runtestcaseforKatalon.clickTab is PASSED

2021-11-30 22:22:01 - [MESSAGE][PASSED] - ctdc.utilities.runtestcaseforKatalon.clickTab is PASSED

2021-11-30 22:22:01 - [TEST_STEP][PASSED] - ctdc.utilities.runtestcaseforKatalon.multiFunction("ICDC", G_StatBar_Cases, "Object Repository/Canine/Canine_CasesTable", "Object Repository/Canine/Canine_TableHeader", "Object Repository/Canine/Canine_CasesTabNextBtn", G_WebTabnameCases, G_CypherTabnameCases, G_QueryCasesTab): Statbar Studies count matches

2021-11-30 22:22:17 - [MESSAGE][PASSED] - Statbar Case Files count matches

2021-11-30 22:22:17 - [MESSAGE][PASSED] - Statbar Samples count matches

2021-11-30 22:22:17 - [MESSAGE][PASSED] - Statbar Cases count matches

2021-11-30 22:22:17 - [MESSAGE][PASSED] - Statbar Studies count matches

2021-11-30 22:22:17 - [TEST_STEP][PASSED] - waitForElementPresent(findTestObject("Object Repository/Canine/CanineResults_Samples_Tab"), 30): Object 'Object Repository/Canine/CanineResults_Samples_Tab' is present

2021-11-30 22:22:17 - [MESSAGE][PASSED] - Object 'Object Repository/Canine/CanineResults_Samples_Tab' is present

2021-11-30 22:22:17 - [TEST_STEP][PASSED] - verifyElementPresent(findTestObject("Object Repository/Canine/CanineResults_Samples_Tab"), 5): Object 'Object Repository/Canine/CanineResults_Samples_Tab' is present

2021-11-30 22:22:18 - [MESSAGE][PASSED] - Object 'Object Repository/Canine/CanineResults_Samples_Tab' is present

2021-11-30 22:22:18 - [TEST_STEP][PASSED] - ctdc.utilities.runtestcaseforKatalon.clickTab("Object Repository/Canine/CanineResults_Samples_Tab"): ctdc.utilities.runtestcaseforKatalon.clickTab is PASSED

2021-11-30 22:22:18 - [MESSAGE][PASSED] - ctdc.utilities.runtestcaseforKatalon.clickTab is PASSED

2021-11-30 22:22:18 - [TEST_STEP][PASSED] - ctdc.utilities.runtestcaseforKatalon.multiFunction("ICDC", G_StatBar_Samples, "Object Repository/Canine/Canine_Samples_Table", "Object Repository/Canine/Canine_Samples_TableHdr", "Object Repository/Canine/Canine_SamplesTabNextBtn", G_WebTabnameSamples, G_CypherTabnameSamples, G_QuerySamplesTab): Statbar Studies count matches

2021-11-30 22:22:32 - [MESSAGE][PASSED] - Statbar Case Files count matches

2021-11-30 22:22:32 - [MESSAGE][PASSED] - Statbar Samples count matches

2021-11-30 22:22:32 - [MESSAGE][PASSED] - Statbar Cases count matches

2021-11-30 22:22:32 - [MESSAGE][PASSED] - Statbar Studies count matches

2021-11-30 22:22:32 - [TEST_STEP][PASSED] - waitForElementPresent(findTestObject("Canine/CanineResults_CaseFiles_Tab"), 30): Object 'Object Repository/Canine/CanineResults_CaseFiles_Tab' is present

2021-11-30 22:22:32 - [MESSAGE][PASSED] - Object 'Object Repository/Canine/CanineResults_CaseFiles_Tab' is present

2021-11-30 22:22:32 - [TEST_STEP][PASSED] - verifyElementPresent(findTestObject("Canine/CanineResults_CaseFiles_Tab"), 5): Object 'Object Repository/Canine/CanineResults_CaseFiles_Tab' is present

2021-11-30 22:22:32 - [MESSAGE][PASSED] - Object 'Object Repository/Canine/CanineResults_CaseFiles_Tab' is present

2021-11-30 22:22:32 - [TEST_STEP][PASSED] - ctdc.utilities.runtestcaseforKatalon.clickTab("Object Repository/Canine/CanineResults_CaseFiles_Tab"): ctdc.utilities.runtestcaseforKatalon.clickTab is PASSED

2021-11-30 22:22:33 - [MESSAGE][PASSED] - ctdc.utilities.runtestcaseforKatalon.clickTab is PASSED

2021-11-30 22:22:33 - [TEST_STEP][PASSED] - ctdc.utilities.runtestcaseforKatalon.multiFunction("ICDC", G_StatBar_Files, "Object Repository/Canine/Canine_Files_Table", "Object Repository/Canine/Canine_Files_TableHdr", "Object Repository/Canine/Canine_FilesTabNextBtn", G_WebTabnameFiles, G_CypherTabnameFiles, G_QueryFilesTab): Statbar Studies count matches

2021-11-30 22:22:47 - [MESSAGE][PASSED] - Statbar Case Files count matches

2021-11-30 22:22:47 - [MESSAGE][PASSED] - Statbar Samples count matches

2021-11-30 22:22:47 - [MESSAGE][PASSED] - Statbar Cases count matches

2021-11-30 22:22:47 - [MESSAGE][PASSED] - Statbar Studies count matches]]></system-out>
         <system-err><![CDATA[]]></system-err>
      </testcase>
      <testcase name="Test Cases/Canine_TestCases/StudyCombinations/Study-Combinations-COTC022/TC11_Canine_StudyCOTC022-RespToTrtmt_Sex_NeutStatus" time="97.323" classname="Test Cases/Canine_TestCases/StudyCombinations/Study-Combinations-COTC022/TC11_Canine_StudyCOTC022-RespToTrtmt_Sex_NeutStatus" status="PASSED">
         <system-out><![CDATA[2021-11-30 22:22:47 - [TEST_CASE][PASSED] - Test Cases/Canine_TestCases/StudyCombinations/Study-Combinations-COTC022/TC11_Canine_StudyCOTC022-RespToTrtmt_Sex_NeutStatus: Test Cases/Canine_TestCases/StudyCombinations/Study-Combinations-COTC022/TC11_Canine_StudyCOTC022-RespToTrtmt_Sex_NeutStatus

2021-11-30 22:22:47 - [TEST_STEP][PASSED] - Start listener action : getTestScriptName: null

2021-11-30 22:22:47 - [TEST_STEP][PASSED] - TestCaseId = testCaseContext.getTestCaseId(): null

2021-11-30 22:22:47 - [TEST_STEP][PASSED] - out.println("**********this is the value of test case id string******** " + testCaseContext.getTestCaseId()): null

2021-11-30 22:22:47 - [TEST_STEP][PASSED] - G_currentTCName = TestCaseId.substring(TestCaseId.lastIndexOf("TC")): null

2021-11-30 22:22:47 - [TEST_STEP][PASSED] - out.println("This is the test case name : " + G_currentTCName): null

2021-11-30 22:22:47 - [TEST_STEP][PASSED] - closeBrowser(): Browser is closed

2021-11-30 22:22:48 - [MESSAGE][PASSED] - Browser is closed

2021-11-30 22:22:48 - [TEST_STEP][PASSED] - ctdc.utilities.runtestcaseforKatalon.RunKatalon("TC11_Canine_StudyCOTC022-RespToTrtmt_Sex_NeutStatus.xlsx"): Data loaded from input file for the test case. 

2021-11-30 22:22:48 - [MESSAGE][PASSED] - Test case file loaded This is the full filepath after converting to string :C:\Users\sohilz2\Commons_Automation\InputFiles\TC11_Canine_StudyCOTC022-RespToTrtmt_Sex_NeutStatus.xlsx

2021-11-30 22:22:48 - [MESSAGE][INFO] - Global variable set for password file is :  C:\Users\sohilz2\Commons_Automation\InputFiles\TC11_Canine_StudyCOTC022-RespToTrtmt_Sex_NeutStatus.xlsx

2021-11-30 22:22:52 - [MESSAGE][PASSED] - Data loaded from input file for the test case. 

2021-11-30 22:23:04 - [TEST_STEP][PASSED] - ctdc.utilities.runtestcaseforKatalon.clickTab("Object Repository/Canine/Canine_PopUp_Continue_Btn"): ctdc.utilities.runtestcaseforKatalon.clickTab is PASSED

2021-11-30 22:23:04 - [MESSAGE][PASSED] - ctdc.utilities.runtestcaseforKatalon.clickTab is PASSED

2021-11-30 22:23:04 - [TEST_STEP][PASSED] - out.println("Closed the popup window"): null

2021-11-30 22:23:04 - [TEST_STEP][PASSED] - waitForElementPresent(findTestObject("Canine/NavBar/Canine_Cases_Btn"), 20): Object 'Object Repository/Canine/NavBar/Canine_Cases_Btn' is present

2021-11-30 22:23:04 - [MESSAGE][PASSED] - Object 'Object Repository/Canine/NavBar/Canine_Cases_Btn' is present

2021-11-30 22:23:04 - [TEST_STEP][PASSED] - ctdc.utilities.runtestcaseforKatalon.clickTab("Canine/NavBar/Canine_Cases_Btn"): ctdc.utilities.runtestcaseforKatalon.clickTab is PASSED

2021-11-30 22:23:04 - [MESSAGE][PASSED] - ctdc.utilities.runtestcaseforKatalon.clickTab is PASSED

2021-11-30 22:23:04 - [TEST_STEP][PASSED] - waitForElementPresent(findTestObject("Object Repository/Canine/Filter/FilterByCases_Facet"), 20): Object 'Object Repository/Canine/Filter/FilterByCases_Facet' is present

2021-11-30 22:23:05 - [MESSAGE][PASSED] - Object 'Object Repository/Canine/Filter/FilterByCases_Facet' is present

2021-11-30 22:23:05 - [TEST_STEP][PASSED] - ctdc.utilities.runtestcaseforKatalon.clickTab("Object Repository/Canine/Filter/FilterByCases_Facet"): ctdc.utilities.runtestcaseforKatalon.clickTab is PASSED

2021-11-30 22:23:06 - [MESSAGE][PASSED] - ctdc.utilities.runtestcaseforKatalon.clickTab is PASSED

2021-11-30 22:23:06 - [TEST_STEP][PASSED] - waitForElementPresent(findTestObject("Object Repository/Canine/Filter/Study/Canine_Filter_Study"), 30): Object 'Object Repository/Canine/Filter/Study/Canine_Filter_Study' is present

2021-11-30 22:23:06 - [MESSAGE][PASSED] - Object 'Object Repository/Canine/Filter/Study/Canine_Filter_Study' is present

2021-11-30 22:23:06 - [TEST_STEP][PASSED] - ctdc.utilities.runtestcaseforKatalon.clickTab("Object Repository/Canine/Filter/Study/Canine_Filter_Study"): ctdc.utilities.runtestcaseforKatalon.clickTab is PASSED

2021-11-30 22:23:07 - [MESSAGE][PASSED] - ctdc.utilities.runtestcaseforKatalon.clickTab is PASSED

2021-11-30 22:23:07 - [TEST_STEP][PASSED] - waitForElementPresent(findTestObject("Object Repository/Canine/Filter/Study/Canine_Filter_Study-COTC022_Chkbx"), 30): Object 'Object Repository/Canine/Filter/Study/Canine_Filter_Study-COTC022_Chkbx' is present

2021-11-30 22:23:07 - [MESSAGE][PASSED] - Object 'Object Repository/Canine/Filter/Study/Canine_Filter_Study-COTC022_Chkbx' is present

2021-11-30 22:23:07 - [TEST_STEP][PASSED] - ctdc.utilities.runtestcaseforKatalon.clickTabCanineStat("Object Repository/Canine/Filter/Study/Canine_Filter_Study-COTC022_Chkbx"): ctdc.utilities.runtestcaseforKatalon.clickTabCanineStat is PASSED

2021-11-30 22:23:10 - [MESSAGE][PASSED] - ctdc.utilities.runtestcaseforKatalon.clickTabCanineStat is PASSED

2021-11-30 22:23:10 - [TEST_STEP][PASSED] - ctdc.utilities.runtestcaseforKatalon.clickTab("Object Repository/Canine/Filter/Study/Canine_Filter_Study"): ctdc.utilities.runtestcaseforKatalon.clickTab is PASSED

2021-11-30 22:23:10 - [MESSAGE][PASSED] - ctdc.utilities.runtestcaseforKatalon.clickTab is PASSED

2021-11-30 22:23:10 - [TEST_STEP][PASSED] - waitForElementPresent(findTestObject("Object Repository/Canine/Filter/ResponseToTreatment/RESPONSETOTREATMENT_Ddn"), 30): Object 'Object Repository/Canine/Filter/ResponseToTreatment/RESPONSETOTREATMENT_Ddn' is present

2021-11-30 22:23:10 - [MESSAGE][PASSED] - Object 'Object Repository/Canine/Filter/ResponseToTreatment/RESPONSETOTREATMENT_Ddn' is present

2021-11-30 22:23:10 - [TEST_STEP][PASSED] - verifyElementPresent(findTestObject("Object Repository/Canine/Filter/ResponseToTreatment/RESPONSETOTREATMENT_Ddn"), 5): Object 'Object Repository/Canine/Filter/ResponseToTreatment/RESPONSETOTREATMENT_Ddn' is present

2021-11-30 22:23:10 - [MESSAGE][PASSED] - Object 'Object Repository/Canine/Filter/ResponseToTreatment/RESPONSETOTREATMENT_Ddn' is present

2021-11-30 22:23:10 - [TEST_STEP][PASSED] - ctdc.utilities.runtestcaseforKatalon.clickTabCanineStat("Object Repository/Canine/Filter/ResponseToTreatment/RESPONSETOTREATMENT_Ddn"): ctdc.utilities.runtestcaseforKatalon.clickTabCanineStat is PASSED

2021-11-30 22:23:11 - [MESSAGE][PASSED] - ctdc.utilities.runtestcaseforKatalon.clickTabCanineStat is PASSED

2021-11-30 22:23:11 - [TEST_STEP][PASSED] - waitForElementPresent(findTestObject("Canine/Filter/ResponseToTreatment/NotDetermined_Chkbx"), 30): Object 'Object Repository/Canine/Filter/ResponseToTreatment/NotDetermined_Chkbx' is present

2021-11-30 22:23:12 - [MESSAGE][PASSED] - Object 'Object Repository/Canine/Filter/ResponseToTreatment/NotDetermined_Chkbx' is present

2021-11-30 22:23:12 - [TEST_STEP][PASSED] - verifyElementPresent(findTestObject("Canine/Filter/ResponseToTreatment/NotDetermined_Chkbx"), 5): Object 'Object Repository/Canine/Filter/ResponseToTreatment/NotDetermined_Chkbx' is present

2021-11-30 22:23:12 - [MESSAGE][PASSED] - Object 'Object Repository/Canine/Filter/ResponseToTreatment/NotDetermined_Chkbx' is present

2021-11-30 22:23:12 - [TEST_STEP][PASSED] - ctdc.utilities.runtestcaseforKatalon.clickTabCanineStat("Canine/Filter/ResponseToTreatment/NotDetermined_Chkbx"): ctdc.utilities.runtestcaseforKatalon.clickTabCanineStat is PASSED

2021-11-30 22:23:13 - [MESSAGE][PASSED] - ctdc.utilities.runtestcaseforKatalon.clickTabCanineStat is PASSED

2021-11-30 22:23:13 - [TEST_STEP][PASSED] - ctdc.utilities.runtestcaseforKatalon.clickTabCanineStat("Canine/Filter/ResponseToTreatment/RESPONSETOTREATMENT_Ddn"): ctdc.utilities.runtestcaseforKatalon.clickTabCanineStat is PASSED

2021-11-30 22:23:14 - [MESSAGE][PASSED] - ctdc.utilities.runtestcaseforKatalon.clickTabCanineStat is PASSED

2021-11-30 22:23:14 - [TEST_STEP][PASSED] - waitForElementPresent(findTestObject("Object Repository/Canine/Filter/Sex/SEX_Ddn"), 30): Object 'Object Repository/Canine/Filter/Sex/SEX_Ddn' is present

2021-11-30 22:23:14 - [MESSAGE][PASSED] - Object 'Object Repository/Canine/Filter/Sex/SEX_Ddn' is present

2021-11-30 22:23:14 - [TEST_STEP][PASSED] - verifyElementPresent(findTestObject("Object Repository/Canine/Filter/Sex/SEX_Ddn"), 5): Object 'Object Repository/Canine/Filter/Sex/SEX_Ddn' is present

2021-11-30 22:23:14 - [MESSAGE][PASSED] - Object 'Object Repository/Canine/Filter/Sex/SEX_Ddn' is present

2021-11-30 22:23:14 - [TEST_STEP][PASSED] - ctdc.utilities.runtestcaseforKatalon.clickTabCanineStat("Object Repository/Canine/Filter/Sex/SEX_Ddn"): ctdc.utilities.runtestcaseforKatalon.clickTabCanineStat is PASSED

2021-11-30 22:23:16 - [MESSAGE][PASSED] - ctdc.utilities.runtestcaseforKatalon.clickTabCanineStat is PASSED

2021-11-30 22:23:16 - [TEST_STEP][PASSED] - waitForElementPresent(findTestObject("Canine/Filter/Sex/Male_Chkbx"), 30): Object 'Object Repository/Canine/Filter/Sex/Male_Chkbx' is present

2021-11-30 22:23:16 - [MESSAGE][PASSED] - Object 'Object Repository/Canine/Filter/Sex/Male_Chkbx' is present

2021-11-30 22:23:16 - [TEST_STEP][PASSED] - verifyElementPresent(findTestObject("Canine/Filter/Sex/Male_Chkbx"), 5): Object 'Object Repository/Canine/Filter/Sex/Male_Chkbx' is present

2021-11-30 22:23:16 - [MESSAGE][PASSED] - Object 'Object Repository/Canine/Filter/Sex/Male_Chkbx' is present

2021-11-30 22:23:16 - [TEST_STEP][PASSED] - ctdc.utilities.runtestcaseforKatalon.clickTabCanineStat("Canine/Filter/Sex/Male_Chkbx"): ctdc.utilities.runtestcaseforKatalon.clickTabCanineStat is PASSED

2021-11-30 22:23:17 - [MESSAGE][PASSED] - ctdc.utilities.runtestcaseforKatalon.clickTabCanineStat is PASSED

2021-11-30 22:23:17 - [TEST_STEP][PASSED] - ctdc.utilities.runtestcaseforKatalon.clickTabCanineStat("Canine/Filter/Sex/SEX_Ddn"): ctdc.utilities.runtestcaseforKatalon.clickTabCanineStat is PASSED

2021-11-30 22:23:18 - [MESSAGE][PASSED] - ctdc.utilities.runtestcaseforKatalon.clickTabCanineStat is PASSED

2021-11-30 22:23:18 - [TEST_STEP][PASSED] - waitForElementPresent(findTestObject("Object Repository/Canine/Filter/NeuteredStatus/NEUTEREDSTATUS_Ddn"), 30): Object 'Object Repository/Canine/Filter/NeuteredStatus/NEUTEREDSTATUS_Ddn' is present

2021-11-30 22:23:18 - [MESSAGE][PASSED] - Object 'Object Repository/Canine/Filter/NeuteredStatus/NEUTEREDSTATUS_Ddn' is present

2021-11-30 22:23:18 - [TEST_STEP][PASSED] - verifyElementPresent(findTestObject("Object Repository/Canine/Filter/NeuteredStatus/NEUTEREDSTATUS_Ddn"), 5): Object 'Object Repository/Canine/Filter/NeuteredStatus/NEUTEREDSTATUS_Ddn' is present

2021-11-30 22:23:18 - [MESSAGE][PASSED] - Object 'Object Repository/Canine/Filter/NeuteredStatus/NEUTEREDSTATUS_Ddn' is present

2021-11-30 22:23:18 - [TEST_STEP][PASSED] - ctdc.utilities.runtestcaseforKatalon.clickTabCanineStat("Object Repository/Canine/Filter/NeuteredStatus/NEUTEREDSTATUS_Ddn"): ctdc.utilities.runtestcaseforKatalon.clickTabCanineStat is PASSED

2021-11-30 22:23:20 - [MESSAGE][PASSED] - ctdc.utilities.runtestcaseforKatalon.clickTabCanineStat is PASSED

2021-11-30 22:23:20 - [TEST_STEP][PASSED] - waitForElementPresent(findTestObject("Canine/Filter/NeuteredStatus/Yes_Chkbx"), 30): Object 'Object Repository/Canine/Filter/NeuteredStatus/Yes_Chkbx' is present

2021-11-30 22:23:20 - [MESSAGE][PASSED] - Object 'Object Repository/Canine/Filter/NeuteredStatus/Yes_Chkbx' is present

2021-11-30 22:23:20 - [TEST_STEP][PASSED] - verifyElementPresent(findTestObject("Canine/Filter/NeuteredStatus/Yes_Chkbx"), 5): Object 'Object Repository/Canine/Filter/NeuteredStatus/Yes_Chkbx' is present

2021-11-30 22:23:20 - [MESSAGE][PASSED] - Object 'Object Repository/Canine/Filter/NeuteredStatus/Yes_Chkbx' is present

2021-11-30 22:23:20 - [TEST_STEP][PASSED] - ctdc.utilities.runtestcaseforKatalon.clickTabCanineStat("Canine/Filter/NeuteredStatus/Yes_Chkbx"): ctdc.utilities.runtestcaseforKatalon.clickTabCanineStat is PASSED

2021-11-30 22:23:21 - [MESSAGE][PASSED] - ctdc.utilities.runtestcaseforKatalon.clickTabCanineStat is PASSED

2021-11-30 22:23:21 - [TEST_STEP][PASSED] - ctdc.utilities.runtestcaseforKatalon.clickTabCanineStat("Canine/Filter/NeuteredStatus/NEUTEREDSTATUS_Ddn"): ctdc.utilities.runtestcaseforKatalon.clickTabCanineStat is PASSED

2021-11-30 22:23:22 - [MESSAGE][PASSED] - ctdc.utilities.runtestcaseforKatalon.clickTabCanineStat is PASSED

2021-11-30 22:23:22 - [TEST_STEP][PASSED] - ctdc.utilities.runtestcaseforKatalon.readStatBarCanine("Object Repository/Canine/StatBar/Canine_StatBar-Studies", "Object Repository/Canine/StatBar/Canine_StatBar-Cases", "Object Repository/Canine/StatBar/Canine_StatBar-Samples", "Object Repository/Canine/StatBar/Canine_StatBar-CaseFiles", "Object Repository/Canine/StatBar/Canine_StatBar-StudyFiles"): ctdc.utilities.runtestcaseforKatalon.readStatBarCanine is PASSED

2021-11-30 22:23:37 - [MESSAGE][PASSED] - ctdc.utilities.runtestcaseforKatalon.readStatBarCanine is PASSED

2021-11-30 22:23:37 - [TEST_STEP][PASSED] - waitForElementPresent(findTestObject("Object Repository/Canine/CanineResults_Cases_Tab"), 30): Object 'Object Repository/Canine/CanineResults_Cases_Tab' is present

2021-11-30 22:23:38 - [MESSAGE][PASSED] - Object 'Object Repository/Canine/CanineResults_Cases_Tab' is present

2021-11-30 22:23:38 - [TEST_STEP][PASSED] - verifyElementPresent(findTestObject("Object Repository/Canine/CanineResults_Cases_Tab"), 5): Object 'Object Repository/Canine/CanineResults_Cases_Tab' is present

2021-11-30 22:23:38 - [MESSAGE][PASSED] - Object 'Object Repository/Canine/CanineResults_Cases_Tab' is present

2021-11-30 22:23:38 - [TEST_STEP][PASSED] - ctdc.utilities.runtestcaseforKatalon.clickTab("Object Repository/Canine/CanineResults_Cases_Tab"): ctdc.utilities.runtestcaseforKatalon.clickTab is PASSED

2021-11-30 22:23:38 - [MESSAGE][PASSED] - ctdc.utilities.runtestcaseforKatalon.clickTab is PASSED

2021-11-30 22:23:38 - [TEST_STEP][PASSED] - ctdc.utilities.runtestcaseforKatalon.multiFunction("ICDC", G_StatBar_Cases, "Object Repository/Canine/Canine_CasesTable", "Object Repository/Canine/Canine_TableHeader", "Object Repository/Canine/Canine_CasesTabNextBtn", G_WebTabnameCases, G_CypherTabnameCases, G_QueryCasesTab): Statbar Studies count matches

2021-11-30 22:23:55 - [MESSAGE][PASSED] - Statbar Case Files count matches

2021-11-30 22:23:55 - [MESSAGE][PASSED] - Statbar Samples count matches

2021-11-30 22:23:55 - [MESSAGE][PASSED] - Statbar Cases count matches

2021-11-30 22:23:55 - [MESSAGE][PASSED] - Statbar Studies count matches

2021-11-30 22:23:55 - [TEST_STEP][PASSED] - waitForElementPresent(findTestObject("Object Repository/Canine/CanineResults_Samples_Tab"), 30): Object 'Object Repository/Canine/CanineResults_Samples_Tab' is present

2021-11-30 22:23:55 - [MESSAGE][PASSED] - Object 'Object Repository/Canine/CanineResults_Samples_Tab' is present

2021-11-30 22:23:55 - [TEST_STEP][PASSED] - verifyElementPresent(findTestObject("Object Repository/Canine/CanineResults_Samples_Tab"), 5): Object 'Object Repository/Canine/CanineResults_Samples_Tab' is present

2021-11-30 22:23:55 - [MESSAGE][PASSED] - Object 'Object Repository/Canine/CanineResults_Samples_Tab' is present

2021-11-30 22:23:55 - [TEST_STEP][PASSED] - ctdc.utilities.runtestcaseforKatalon.clickTab("Object Repository/Canine/CanineResults_Samples_Tab"): ctdc.utilities.runtestcaseforKatalon.clickTab is PASSED

2021-11-30 22:23:55 - [MESSAGE][PASSED] - ctdc.utilities.runtestcaseforKatalon.clickTab is PASSED

2021-11-30 22:23:55 - [TEST_STEP][PASSED] - ctdc.utilities.runtestcaseforKatalon.multiFunction("ICDC", G_StatBar_Samples, "Object Repository/Canine/Canine_Samples_Table", "Object Repository/Canine/Canine_Samples_TableHdr", "Object Repository/Canine/Canine_SamplesTabNextBtn", G_WebTabnameSamples, G_CypherTabnameSamples, G_QuerySamplesTab): Statbar Studies count matches

2021-11-30 22:24:10 - [MESSAGE][PASSED] - Statbar Case Files count matches

2021-11-30 22:24:10 - [MESSAGE][PASSED] - Statbar Samples count matches

2021-11-30 22:24:10 - [MESSAGE][PASSED] - Statbar Cases count matches

2021-11-30 22:24:10 - [MESSAGE][PASSED] - Statbar Studies count matches

2021-11-30 22:24:10 - [TEST_STEP][PASSED] - waitForElementPresent(findTestObject("Canine/CanineResults_CaseFiles_Tab"), 30): Object 'Object Repository/Canine/CanineResults_CaseFiles_Tab' is present

2021-11-30 22:24:10 - [MESSAGE][PASSED] - Object 'Object Repository/Canine/CanineResults_CaseFiles_Tab' is present

2021-11-30 22:24:10 - [TEST_STEP][PASSED] - verifyElementPresent(findTestObject("Canine/CanineResults_CaseFiles_Tab"), 5): Object 'Object Repository/Canine/CanineResults_CaseFiles_Tab' is present

2021-11-30 22:24:10 - [MESSAGE][PASSED] - Object 'Object Repository/Canine/CanineResults_CaseFiles_Tab' is present

2021-11-30 22:24:10 - [TEST_STEP][PASSED] - ctdc.utilities.runtestcaseforKatalon.clickTab("Object Repository/Canine/CanineResults_CaseFiles_Tab"): ctdc.utilities.runtestcaseforKatalon.clickTab is PASSED

2021-11-30 22:24:10 - [MESSAGE][PASSED] - ctdc.utilities.runtestcaseforKatalon.clickTab is PASSED

2021-11-30 22:24:10 - [TEST_STEP][PASSED] - ctdc.utilities.runtestcaseforKatalon.multiFunction("ICDC", G_StatBar_Files, "Object Repository/Canine/Canine_Files_Table", "Object Repository/Canine/Canine_Files_TableHdr", "Object Repository/Canine/Canine_FilesTabNextBtn", G_WebTabnameFiles, G_CypherTabnameFiles, G_QueryFilesTab): Statbar Studies count matches

2021-11-30 22:24:24 - [MESSAGE][PASSED] - Statbar Case Files count matches

2021-11-30 22:24:24 - [MESSAGE][PASSED] - Statbar Samples count matches

2021-11-30 22:24:24 - [MESSAGE][PASSED] - Statbar Cases count matches

2021-11-30 22:24:24 - [MESSAGE][PASSED] - Statbar Studies count matches]]></system-out>
         <system-err><![CDATA[]]></system-err>
      </testcase>
      <testcase name="Test Cases/Canine_TestCases/StudyCombinations/Study-Combinations-COTC022/TC12_Canine_StudyCOTC022-Breed_ResponseToTreatment" time="0.001" classname="Test Cases/Canine_TestCases/StudyCombinations/Study-Combinations-COTC022/TC12_Canine_StudyCOTC022-Breed_ResponseToTreatment" status="ERROR">
         <error type="ERROR" message="Test Cases/Canine_TestCases/StudyCombinations/Study-Combinations-COTC022/TC12_Canine_StudyCOTC022-Breed_ResponseToTreatment has ERROR(s).
Reason:
java.io.FileNotFoundException: File '' does not exist"/>
         <system-out><![CDATA[2021-11-30 22:24:24 - [TEST_CASE][ERROR] - Test Cases/Canine_TestCases/StudyCombinations/Study-Combinations-COTC022/TC12_Canine_StudyCOTC022-Breed_ResponseToTreatment: Test Cases/Canine_TestCases/StudyCombinations/Study-Combinations-COTC022/TC12_Canine_StudyCOTC022-Breed_ResponseToTreatment has ERROR(s).
Reason:
java.io.FileNotFoundException: File '' does not exist]]></system-out>
         <system-err><![CDATA[2021-11-30 22:24:24 - [TEST_CASE][ERROR] - Test Cases/Canine_TestCases/StudyCombinations/Study-Combinations-COTC022/TC12_Canine_StudyCOTC022-Breed_ResponseToTreatment: Test Cases/Canine_TestCases/StudyCombinations/Study-Combinations-COTC022/TC12_Canine_StudyCOTC022-Breed_ResponseToTreatment has ERROR(s).
Reason:
java.io.FileNotFoundException: File '' does not exist]]></system-err>
      </testcase>
      <testcase name="Test Cases/Canine_TestCases/StudyCombinations/Study-Combinations-COTC022/TC13_Canine_StudyCOTC022-Breed_ResponseToTreatment" time="0.001" classname="Test Cases/Canine_TestCases/StudyCombinations/Study-Combinations-COTC022/TC13_Canine_StudyCOTC022-Breed_ResponseToTreatment" status="ERROR">
         <error type="ERROR" message="Test Cases/Canine_TestCases/StudyCombinations/Study-Combinations-COTC022/TC13_Canine_StudyCOTC022-Breed_ResponseToTreatment has ERROR(s).
Reason:
java.io.FileNotFoundException: File '' does not exist"/>
         <system-out><![CDATA[2021-11-30 22:24:24 - [TEST_CASE][ERROR] - Test Cases/Canine_TestCases/StudyCombinations/Study-Combinations-COTC022/TC13_Canine_StudyCOTC022-Breed_ResponseToTreatment: Test Cases/Canine_TestCases/StudyCombinations/Study-Combinations-COTC022/TC13_Canine_StudyCOTC022-Breed_ResponseToTreatment has ERROR(s).
Reason:
java.io.FileNotFoundException: File '' does not exist]]></system-out>
         <system-err><![CDATA[2021-11-30 22:24:24 - [TEST_CASE][ERROR] - Test Cases/Canine_TestCases/StudyCombinations/Study-Combinations-COTC022/TC13_Canine_StudyCOTC022-Breed_ResponseToTreatment: Test Cases/Canine_TestCases/StudyCombinations/Study-Combinations-COTC022/TC13_Canine_StudyCOTC022-Breed_ResponseToTreatment has ERROR(s).
Reason:
java.io.FileNotFoundException: File '' does not exist]]></system-err>
      </testcase>
      <testcase name="Test Cases/Canine_TestCases/StudyCombinations/Study-Combinations-COTC022/TC14_Canine_StudyCOTC022-Breed_NeuteredStatus" time="0.001" classname="Test Cases/Canine_TestCases/StudyCombinations/Study-Combinations-COTC022/TC14_Canine_StudyCOTC022-Breed_NeuteredStatus" status="ERROR">
         <error type="ERROR" message="Test Cases/Canine_TestCases/StudyCombinations/Study-Combinations-COTC022/TC14_Canine_StudyCOTC022-Breed_NeuteredStatus has ERROR(s).
Reason:
java.io.FileNotFoundException: File '' does not exist"/>
         <system-out><![CDATA[2021-11-30 22:24:24 - [TEST_CASE][ERROR] - Test Cases/Canine_TestCases/StudyCombinations/Study-Combinations-COTC022/TC14_Canine_StudyCOTC022-Breed_NeuteredStatus: Test Cases/Canine_TestCases/StudyCombinations/Study-Combinations-COTC022/TC14_Canine_StudyCOTC022-Breed_NeuteredStatus has ERROR(s).
Reason:
java.io.FileNotFoundException: File '' does not exist]]></system-out>
         <system-err><![CDATA[2021-11-30 22:24:24 - [TEST_CASE][ERROR] - Test Cases/Canine_TestCases/StudyCombinations/Study-Combinations-COTC022/TC14_Canine_StudyCOTC022-Breed_NeuteredStatus: Test Cases/Canine_TestCases/StudyCombinations/Study-Combinations-COTC022/TC14_Canine_StudyCOTC022-Breed_NeuteredStatus has ERROR(s).
Reason:
java.io.FileNotFoundException: File '' does not exist]]></system-err>
      </testcase>
      <testcase name="Test Cases/Canine_TestCases/StudyCombinations/Study-Combinations-COTC022/TC15_Canine_StudyCOTC022-Breed_NeuteredStatus" time="0.001" classname="Test Cases/Canine_TestCases/StudyCombinations/Study-Combinations-COTC022/TC15_Canine_StudyCOTC022-Breed_NeuteredStatus" status="ERROR">
         <error type="ERROR" message="Test Cases/Canine_TestCases/StudyCombinations/Study-Combinations-COTC022/TC15_Canine_StudyCOTC022-Breed_NeuteredStatus has ERROR(s).
Reason:
java.io.FileNotFoundException: File '' does not exist"/>
         <system-out><![CDATA[2021-11-30 22:24:24 - [TEST_CASE][ERROR] - Test Cases/Canine_TestCases/StudyCombinations/Study-Combinations-COTC022/TC15_Canine_StudyCOTC022-Breed_NeuteredStatus: Test Cases/Canine_TestCases/StudyCombinations/Study-Combinations-COTC022/TC15_Canine_StudyCOTC022-Breed_NeuteredStatus has ERROR(s).
Reason:
java.io.FileNotFoundException: File '' does not exist]]></system-out>
         <system-err><![CDATA[2021-11-30 22:24:24 - [TEST_CASE][ERROR] - Test Cases/Canine_TestCases/StudyCombinations/Study-Combinations-COTC022/TC15_Canine_StudyCOTC022-Breed_NeuteredStatus: Test Cases/Canine_TestCases/StudyCombinations/Study-Combinations-COTC022/TC15_Canine_StudyCOTC022-Breed_NeuteredStatus has ERROR(s).
Reason:
java.io.FileNotFoundException: File '' does not exist]]></system-err>
      </testcase>
      <testcase name="Test Cases/Canine_TestCases/StudyCombinations/Study-Combinations-COTC022/TC16_Canine_StudyCOTC022-PrimDisSite_StageOfDisease" time="2.881" classname="Test Cases/Canine_TestCases/StudyCombinations/Study-Combinations-COTC022/TC16_Canine_StudyCOTC022-PrimDisSite_StageOfDisease" status="ERROR">
         <error type="ERROR" message="Test Cases/Canine_TestCases/StudyCombinations/Study-Combinations-COTC022/TC16_Canine_StudyCOTC022-PrimDisSite_StageOfDisease FAILED.
Reason:
org.codehaus.groovy.runtime.InvokerInvocationException: java.io.FileNotFoundException: C:\Users\sohilz2\Commons_Automation\InputFiles\TC16_Canine_StudyCOTC022-PrimDisSite_StageOfDisease.xlsx (The system cannot find the file specified)
	at ctdc.utilities.runtestcaseforKatalon.invokeMethod(runtestcaseforKatalon.groovy)
	at com.kms.katalon.core.main.CustomKeywordDelegatingMetaClass.invokeStaticMethod(CustomKeywordDelegatingMetaClass.java:50)
	at TC16_Canine_StudyCOTC022-PrimDisSite_StageOfDisease.run(TC16_Canine_StudyCOTC022-PrimDisSite_StageOfDisease:23)
	at com.kms.katalon.core.main.ScriptEngine.run(ScriptEngine.java:194)
	at com.kms.katalon.core.main.ScriptEngine.runScriptAsRawText(ScriptEngine.java:119)
	at com.kms.katalon.core.main.TestCaseExecutor.runScript(TestCaseExecutor.java:442)
	at com.kms.katalon.core.main.TestCaseExecutor.doExecute(TestCaseExecutor.java:433)
	at com.kms.katalon.core.main.TestCaseExecutor.processExecutionPhase(TestCaseExecutor.java:412)
	at com.kms.katalon.core.main.TestCaseExecutor.accessMainPhase(TestCaseExecutor.java:404)
	at com.kms.katalon.core.main.TestCaseExecutor.execute(TestCaseExecutor.java:281)
	at com.kms.katalon.core.main.TestSuiteExecutor.accessTestCaseMainPhase(TestSuiteExecutor.java:202)
	at com.kms.katalon.core.main.TestSuiteExecutor.accessTestSuiteMainPhase(TestSuiteExecutor.java:164)
	at com.kms.katalon.core.main.TestSuiteExecutor.execute(TestSuiteExecutor.java:105)
	at com.kms.katalon.core.main.TestCaseMain.startTestSuite(TestCaseMain.java:181)
	at com.kms.katalon.core.main.TestCaseMain$startTestSuite$0.call(Unknown Source)
	at TempTestSuite1638327915632.run(TempTestSuite1638327915632.groovy:36)
Caused by: java.io.FileNotFoundException: C:\Users\sohilz2\Commons_Automation\InputFiles\TC16_Canine_StudyCOTC022-PrimDisSite_StageOfDisease.xlsx (The system cannot find the file specified)
	at ctdc.utilities.runtestcaseforKatalon.RunKatalon(runtestcaseforKatalon.groovy:77)
	... 16 more
"/>
         <system-out><![CDATA[2021-11-30 22:24:24 - [TEST_CASE][ERROR] - Test Cases/Canine_TestCases/StudyCombinations/Study-Combinations-COTC022/TC16_Canine_StudyCOTC022-PrimDisSite_StageOfDisease: Test Cases/Canine_TestCases/StudyCombinations/Study-Combinations-COTC022/TC16_Canine_StudyCOTC022-PrimDisSite_StageOfDisease FAILED.
Reason:
org.codehaus.groovy.runtime.InvokerInvocationException: java.io.FileNotFoundException: C:\Users\sohilz2\Commons_Automation\InputFiles\TC16_Canine_StudyCOTC022-PrimDisSite_StageOfDisease.xlsx (The system cannot find the file specified)
	at ctdc.utilities.runtestcaseforKatalon.invokeMethod(runtestcaseforKatalon.groovy)
	at com.kms.katalon.core.main.CustomKeywordDelegatingMetaClass.invokeStaticMethod(CustomKeywordDelegatingMetaClass.java:50)
	at TC16_Canine_StudyCOTC022-PrimDisSite_StageOfDisease.run(TC16_Canine_StudyCOTC022-PrimDisSite_StageOfDisease:23)
	at com.kms.katalon.core.main.ScriptEngine.run(ScriptEngine.java:194)
	at com.kms.katalon.core.main.ScriptEngine.runScriptAsRawText(ScriptEngine.java:119)
	at com.kms.katalon.core.main.TestCaseExecutor.runScript(TestCaseExecutor.java:442)
	at com.kms.katalon.core.main.TestCaseExecutor.doExecute(TestCaseExecutor.java:433)
	at com.kms.katalon.core.main.TestCaseExecutor.processExecutionPhase(TestCaseExecutor.java:412)
	at com.kms.katalon.core.main.TestCaseExecutor.accessMainPhase(TestCaseExecutor.java:404)
	at com.kms.katalon.core.main.TestCaseExecutor.execute(TestCaseExecutor.java:281)
	at com.kms.katalon.core.main.TestSuiteExecutor.accessTestCaseMainPhase(TestSuiteExecutor.java:202)
	at com.kms.katalon.core.main.TestSuiteExecutor.accessTestSuiteMainPhase(TestSuiteExecutor.java:164)
	at com.kms.katalon.core.main.TestSuiteExecutor.execute(TestSuiteExecutor.java:105)
	at com.kms.katalon.core.main.TestCaseMain.startTestSuite(TestCaseMain.java:181)
	at com.kms.katalon.core.main.TestCaseMain$startTestSuite$0.call(Unknown Source)
	at TempTestSuite1638327915632.run(TempTestSuite1638327915632.groovy:36)
Caused by: java.io.FileNotFoundException: C:\Users\sohilz2\Commons_Automation\InputFiles\TC16_Canine_StudyCOTC022-PrimDisSite_StageOfDisease.xlsx (The system cannot find the file specified)
	at ctdc.utilities.runtestcaseforKatalon.RunKatalon(runtestcaseforKatalon.groovy:77)
	... 16 more


2021-11-30 22:24:24 - [TEST_STEP][PASSED] - Start listener action : getTestScriptName: null

2021-11-30 22:24:24 - [TEST_STEP][PASSED] - TestCaseId = testCaseContext.getTestCaseId(): null

2021-11-30 22:24:24 - [TEST_STEP][PASSED] - out.println("**********this is the value of test case id string******** " + testCaseContext.getTestCaseId()): null

2021-11-30 22:24:24 - [TEST_STEP][PASSED] - G_currentTCName = TestCaseId.substring(TestCaseId.lastIndexOf("TC")): null

2021-11-30 22:24:24 - [TEST_STEP][PASSED] - out.println("This is the test case name : " + G_currentTCName): null

2021-11-30 22:24:25 - [TEST_STEP][PASSED] - closeBrowser(): Browser is closed

2021-11-30 22:24:25 - [MESSAGE][PASSED] - Browser is closed

2021-11-30 22:24:25 - [TEST_STEP][ERROR] - ctdc.utilities.runtestcaseforKatalon.RunKatalon("TC16_Canine_StudyCOTC022-PrimDisSite_StageOfDisease.xlsx"): Test Cases/Canine_TestCases/StudyCombinations/Study-Combinations-COTC022/TC16_Canine_StudyCOTC022-PrimDisSite_StageOfDisease FAILED.
Reason:
com.kms.katalon.core.exception.StepErrorException: org.codehaus.groovy.runtime.InvokerInvocationException: java.io.FileNotFoundException: C:\Users\sohilz2\Commons_Automation\InputFiles\TC16_Canine_StudyCOTC022-PrimDisSite_StageOfDisease.xlsx (The system cannot find the file specified)
	at com.kms.katalon.core.main.CustomKeywordDelegatingMetaClass.throwError(CustomKeywordDelegatingMetaClass.java:96)
	at com.kms.katalon.core.main.CustomKeywordDelegatingMetaClass.invokeStaticMethod(CustomKeywordDelegatingMetaClass.java:68)
	at TC16_Canine_StudyCOTC022-PrimDisSite_StageOfDisease.run(TC16_Canine_StudyCOTC022-PrimDisSite_StageOfDisease:23)
	at com.kms.katalon.core.main.ScriptEngine.run(ScriptEngine.java:194)
	at com.kms.katalon.core.main.ScriptEngine.runScriptAsRawText(ScriptEngine.java:119)
	at com.kms.katalon.core.main.TestCaseExecutor.runScript(TestCaseExecutor.java:442)
	at com.kms.katalon.core.main.TestCaseExecutor.doExecute(TestCaseExecutor.java:433)
	at com.kms.katalon.core.main.TestCaseExecutor.processExecutionPhase(TestCaseExecutor.java:412)
	at com.kms.katalon.core.main.TestCaseExecutor.accessMainPhase(TestCaseExecutor.java:404)
	at com.kms.katalon.core.main.TestCaseExecutor.execute(TestCaseExecutor.java:281)
	at com.kms.katalon.core.main.TestSuiteExecutor.accessTestCaseMainPhase(TestSuiteExecutor.java:202)
	at com.kms.katalon.core.main.TestSuiteExecutor.accessTestSuiteMainPhase(TestSuiteExecutor.java:164)
	at com.kms.katalon.core.main.TestSuiteExecutor.execute(TestSuiteExecutor.java:105)
	at com.kms.katalon.core.main.TestCaseMain.startTestSuite(TestCaseMain.java:181)
	at com.kms.katalon.core.main.TestCaseMain$startTestSuite$0.call(Unknown Source)
	at TempTestSuite1638327915632.run(TempTestSuite1638327915632.groovy:36)
Caused by: org.codehaus.groovy.runtime.InvokerInvocationException: java.io.FileNotFoundException: C:\Users\sohilz2\Commons_Automation\InputFiles\TC16_Canine_StudyCOTC022-PrimDisSite_StageOfDisease.xlsx (The system cannot find the file specified)
	at ctdc.utilities.runtestcaseforKatalon.invokeMethod(runtestcaseforKatalon.groovy)
	at com.kms.katalon.core.main.CustomKeywordDelegatingMetaClass.invokeStaticMethod(CustomKeywordDelegatingMetaClass.java:50)
	at Script1638311576014.run(Script1638311576014.groovy:23)
	... 13 more
Caused by: java.io.FileNotFoundException: C:\Users\sohilz2\Commons_Automation\InputFiles\TC16_Canine_StudyCOTC022-PrimDisSite_StageOfDisease.xlsx (The system cannot find the file specified)
	at ctdc.utilities.runtestcaseforKatalon.RunKatalon(runtestcaseforKatalon.groovy:77)
	at ctdc.utilities.runtestcaseforKatalon.invokeMethod(runtestcaseforKatalon.groovy)
	at com.kms.katalon.core.main.CustomKeywordDelegatingMetaClass.invokeStaticMethod(CustomKeywordDelegatingMetaClass.java:50)
	at TC16_Canine_StudyCOTC022-PrimDisSite_StageOfDisease.run(TC16_Canine_StudyCOTC022-PrimDisSite_StageOfDisease:23)
	... 13 more


2021-11-30 22:24:25 - [MESSAGE][PASSED] - Test case file loaded This is the full filepath after converting to string :C:\Users\sohilz2\Commons_Automation\InputFiles\TC16_Canine_StudyCOTC022-PrimDisSite_StageOfDisease.xlsx

2021-11-30 22:24:25 - [MESSAGE][INFO] - Global variable set for password file is :  C:\Users\sohilz2\Commons_Automation\InputFiles\TC16_Canine_StudyCOTC022-PrimDisSite_StageOfDisease.xlsx

2021-11-30 22:24:27 - [MESSAGE][ERROR] - java.io.FileNotFoundException: C:\Users\sohilz2\Commons_Automation\InputFiles\TC16_Canine_StudyCOTC022-PrimDisSite_StageOfDisease.xlsx (The system cannot find the file specified)

2021-11-30 22:24:27 - [MESSAGE][ERROR] - Test Cases/Canine_TestCases/StudyCombinations/Study-Combinations-COTC022/TC16_Canine_StudyCOTC022-PrimDisSite_StageOfDisease FAILED.
Reason:
com.kms.katalon.core.exception.StepErrorException: org.codehaus.groovy.runtime.InvokerInvocationException: java.io.FileNotFoundException: C:\Users\sohilz2\Commons_Automation\InputFiles\TC16_Canine_StudyCOTC022-PrimDisSite_StageOfDisease.xlsx (The system cannot find the file specified)
	at com.kms.katalon.core.main.CustomKeywordDelegatingMetaClass.throwError(CustomKeywordDelegatingMetaClass.java:96)
	at com.kms.katalon.core.main.CustomKeywordDelegatingMetaClass.invokeStaticMethod(CustomKeywordDelegatingMetaClass.java:68)
	at TC16_Canine_StudyCOTC022-PrimDisSite_StageOfDisease.run(TC16_Canine_StudyCOTC022-PrimDisSite_StageOfDisease:23)
	at com.kms.katalon.core.main.ScriptEngine.run(ScriptEngine.java:194)
	at com.kms.katalon.core.main.ScriptEngine.runScriptAsRawText(ScriptEngine.java:119)
	at com.kms.katalon.core.main.TestCaseExecutor.runScript(TestCaseExecutor.java:442)
	at com.kms.katalon.core.main.TestCaseExecutor.doExecute(TestCaseExecutor.java:433)
	at com.kms.katalon.core.main.TestCaseExecutor.processExecutionPhase(TestCaseExecutor.java:412)
	at com.kms.katalon.core.main.TestCaseExecutor.accessMainPhase(TestCaseExecutor.java:404)
	at com.kms.katalon.core.main.TestCaseExecutor.execute(TestCaseExecutor.java:281)
	at com.kms.katalon.core.main.TestSuiteExecutor.accessTestCaseMainPhase(TestSuiteExecutor.java:202)
	at com.kms.katalon.core.main.TestSuiteExecutor.accessTestSuiteMainPhase(TestSuiteExecutor.java:164)
	at com.kms.katalon.core.main.TestSuiteExecutor.execute(TestSuiteExecutor.java:105)
	at com.kms.katalon.core.main.TestCaseMain.startTestSuite(TestCaseMain.java:181)
	at com.kms.katalon.core.main.TestCaseMain$startTestSuite$0.call(Unknown Source)
	at TempTestSuite1638327915632.run(TempTestSuite1638327915632.groovy:36)
Caused by: org.codehaus.groovy.runtime.InvokerInvocationException: java.io.FileNotFoundException: C:\Users\sohilz2\Commons_Automation\InputFiles\TC16_Canine_StudyCOTC022-PrimDisSite_StageOfDisease.xlsx (The system cannot find the file specified)
	at ctdc.utilities.runtestcaseforKatalon.invokeMethod(runtestcaseforKatalon.groovy)
	at com.kms.katalon.core.main.CustomKeywordDelegatingMetaClass.invokeStaticMethod(CustomKeywordDelegatingMetaClass.java:50)
	at Script1638311576014.run(Script1638311576014.groovy:23)
	... 13 more
Caused by: java.io.FileNotFoundException: C:\Users\sohilz2\Commons_Automation\InputFiles\TC16_Canine_StudyCOTC022-PrimDisSite_StageOfDisease.xlsx (The system cannot find the file specified)
	at ctdc.utilities.runtestcaseforKatalon.RunKatalon(runtestcaseforKatalon.groovy:77)
	at ctdc.utilities.runtestcaseforKatalon.invokeMethod(runtestcaseforKatalon.groovy)
	at com.kms.katalon.core.main.CustomKeywordDelegatingMetaClass.invokeStaticMethod(CustomKeywordDelegatingMetaClass.java:50)
	at TC16_Canine_StudyCOTC022-PrimDisSite_StageOfDisease.run(TC16_Canine_StudyCOTC022-PrimDisSite_StageOfDisease:23)
	... 13 more]]></system-out>
         <system-err><![CDATA[2021-11-30 22:24:24 - [TEST_CASE][ERROR] - Test Cases/Canine_TestCases/StudyCombinations/Study-Combinations-COTC022/TC16_Canine_StudyCOTC022-PrimDisSite_StageOfDisease: Test Cases/Canine_TestCases/StudyCombinations/Study-Combinations-COTC022/TC16_Canine_StudyCOTC022-PrimDisSite_StageOfDisease FAILED.
Reason:
org.codehaus.groovy.runtime.InvokerInvocationException: java.io.FileNotFoundException: C:\Users\sohilz2\Commons_Automation\InputFiles\TC16_Canine_StudyCOTC022-PrimDisSite_StageOfDisease.xlsx (The system cannot find the file specified)
	at ctdc.utilities.runtestcaseforKatalon.invokeMethod(runtestcaseforKatalon.groovy)
	at com.kms.katalon.core.main.CustomKeywordDelegatingMetaClass.invokeStaticMethod(CustomKeywordDelegatingMetaClass.java:50)
	at TC16_Canine_StudyCOTC022-PrimDisSite_StageOfDisease.run(TC16_Canine_StudyCOTC022-PrimDisSite_StageOfDisease:23)
	at com.kms.katalon.core.main.ScriptEngine.run(ScriptEngine.java:194)
	at com.kms.katalon.core.main.ScriptEngine.runScriptAsRawText(ScriptEngine.java:119)
	at com.kms.katalon.core.main.TestCaseExecutor.runScript(TestCaseExecutor.java:442)
	at com.kms.katalon.core.main.TestCaseExecutor.doExecute(TestCaseExecutor.java:433)
	at com.kms.katalon.core.main.TestCaseExecutor.processExecutionPhase(TestCaseExecutor.java:412)
	at com.kms.katalon.core.main.TestCaseExecutor.accessMainPhase(TestCaseExecutor.java:404)
	at com.kms.katalon.core.main.TestCaseExecutor.execute(TestCaseExecutor.java:281)
	at com.kms.katalon.core.main.TestSuiteExecutor.accessTestCaseMainPhase(TestSuiteExecutor.java:202)
	at com.kms.katalon.core.main.TestSuiteExecutor.accessTestSuiteMainPhase(TestSuiteExecutor.java:164)
	at com.kms.katalon.core.main.TestSuiteExecutor.execute(TestSuiteExecutor.java:105)
	at com.kms.katalon.core.main.TestCaseMain.startTestSuite(TestCaseMain.java:181)
	at com.kms.katalon.core.main.TestCaseMain$startTestSuite$0.call(Unknown Source)
	at TempTestSuite1638327915632.run(TempTestSuite1638327915632.groovy:36)
Caused by: java.io.FileNotFoundException: C:\Users\sohilz2\Commons_Automation\InputFiles\TC16_Canine_StudyCOTC022-PrimDisSite_StageOfDisease.xlsx (The system cannot find the file specified)
	at ctdc.utilities.runtestcaseforKatalon.RunKatalon(runtestcaseforKatalon.groovy:77)
	... 16 more]]></system-err>
      </testcase>
      <system-out><![CDATA[2021-11-30 22:05:19 - [TEST_SUITE][ERROR] - COTC022_Study_TestSuite: Test Cases/Canine_TestCases/StudyCombinations/Study-Combinations-COTC022/TC01_Canine_StudyCOTC022-Breed_Diagnosis_PrimDiseaseSite FAILED.
Reason:
org.openqa.selenium.NoSuchElementException: no such element: Unable to locate element: {"method":"xpath","selector":"(//*[@id="file_tab_table"])[2]//tbody/tr[1]/*[10]/*[2]"}
  (Session info: headless chrome=96.0.4664.45)
For documentation on this error, please visit: https://www.seleniumhq.org/exceptions/no_such_element.html
Build info: version: '3.141.59', revision: 'e82be7d358', time: '2018-11-14T08:25:53'
System info: host: 'NCI-02195104-L', ip: '192.168.0.86', os.name: 'Windows 10', os.arch: 'amd64', os.version: '10.0', java.version: '1.8.0_181'
Driver info: org.openqa.selenium.chrome.ChromeDriver
Capabilities {acceptInsecureCerts: false, browserName: chrome, browserVersion: 96.0.4664.45, chrome: {chromedriverVersion: 95.0.4638.17 (a9d0719444d4b..., userDataDir: C:\Users\sohilz2\AppData\Lo...}, goog:chromeOptions: {debuggerAddress: localhost:56469}, javascriptEnabled: true, networkConnectionEnabled: false, pageLoadStrategy: normal, platform: WINDOWS, platformName: WINDOWS, proxy: Proxy(), setWindowRect: true, strictFileInteractability: false, timeouts: {implicit: 0, pageLoad: 300000, script: 30000}, unhandledPromptBehavior: dismiss and notify, webauthn:extension:credBlob: true, webauthn:extension:largeBlob: true, webauthn:virtualAuthenticators: true}
Session ID: 478941ee266b366c9c25095e0f00b553
*** Element info: {Using=xpath, value=(//*[@id="file_tab_table"])[2]//tbody/tr[1]/*[10]/*[2]}
	at org.openqa.selenium.remote.http.W3CHttpResponseCodec.createException(W3CHttpResponseCodec.java:187)
	at org.openqa.selenium.remote.http.W3CHttpResponseCodec.decode(W3CHttpResponseCodec.java:122)
	at org.openqa.selenium.remote.http.W3CHttpResponseCodec.decode(W3CHttpResponseCodec.java:49)
	at org.openqa.selenium.remote.HttpCommandExecutor.execute(HttpCommandExecutor.java:158)
	at org.openqa.selenium.remote.service.DriverCommandExecutor.execute(DriverCommandExecutor.java:83)
	at org.openqa.selenium.remote.RemoteWebDriver.execute(RemoteWebDriver.java:552)
	at org.openqa.selenium.remote.RemoteWebDriver.findElement(RemoteWebDriver.java:323)
	at org.openqa.selenium.remote.RemoteWebDriver.findElementByXPath(RemoteWebDriver.java:428)
	at org.openqa.selenium.By$ByXPath.findElement(By.java:353)
	at org.openqa.selenium.remote.RemoteWebDriver.findElement(RemoteWebDriver.java:315)
	at org.openqa.selenium.WebDriver$findElement$1.call(Unknown Source)
	at ctdc.utilities.runtestcaseforKatalon.ReadCasesTableKatalon(runtestcaseforKatalon.groovy:501)
	at ctdc.utilities.runtestcaseforKatalon.multiFunction(runtestcaseforKatalon.groovy:254)
	at ctdc.utilities.runtestcaseforKatalon.invokeMethod(runtestcaseforKatalon.groovy)
	at com.kms.katalon.core.main.CustomKeywordDelegatingMetaClass.invokeStaticMethod(CustomKeywordDelegatingMetaClass.java:50)
	at TC01_Canine_StudyCOTC022-Breed_Diagnosis_PrimDiseaseSite.run(TC01_Canine_StudyCOTC022-Breed_Diagnosis_PrimDiseaseSite:104)
	at com.kms.katalon.core.main.ScriptEngine.run(ScriptEngine.java:194)
	at com.kms.katalon.core.main.ScriptEngine.runScriptAsRawText(ScriptEngine.java:119)
	at com.kms.katalon.core.main.TestCaseExecutor.runScript(TestCaseExecutor.java:442)
	at com.kms.katalon.core.main.TestCaseExecutor.doExecute(TestCaseExecutor.java:433)
	at com.kms.katalon.core.main.TestCaseExecutor.processExecutionPhase(TestCaseExecutor.java:412)
	at com.kms.katalon.core.main.TestCaseExecutor.accessMainPhase(TestCaseExecutor.java:404)
	at com.kms.katalon.core.main.TestCaseExecutor.execute(TestCaseExecutor.java:281)
	at com.kms.katalon.core.main.TestSuiteExecutor.accessTestCaseMainPhase(TestSuiteExecutor.java:202)
	at com.kms.katalon.core.main.TestSuiteExecutor.accessTestSuiteMainPhase(TestSuiteExecutor.java:164)
	at com.kms.katalon.core.main.TestSuiteExecutor.execute(TestSuiteExecutor.java:105)
	at com.kms.katalon.core.main.TestCaseMain.startTestSuite(TestCaseMain.java:181)
	at com.kms.katalon.core.main.TestCaseMain$startTestSuite$0.call(Unknown Source)
	at TempTestSuite1638327915632.run(TempTestSuite1638327915632.groovy:36)]]></system-out>
      <system-err><![CDATA[2021-11-30 22:05:19 - [TEST_SUITE][ERROR] - COTC022_Study_TestSuite: Test Cases/Canine_TestCases/StudyCombinations/Study-Combinations-COTC022/TC01_Canine_StudyCOTC022-Breed_Diagnosis_PrimDiseaseSite FAILED.
Reason:
org.openqa.selenium.NoSuchElementException: no such element: Unable to locate element: {"method":"xpath","selector":"(//*[@id="file_tab_table"])[2]//tbody/tr[1]/*[10]/*[2]"}
  (Session info: headless chrome=96.0.4664.45)
For documentation on this error, please visit: https://www.seleniumhq.org/exceptions/no_such_element.html
Build info: version: '3.141.59', revision: 'e82be7d358', time: '2018-11-14T08:25:53'
System info: host: 'NCI-02195104-L', ip: '192.168.0.86', os.name: 'Windows 10', os.arch: 'amd64', os.version: '10.0', java.version: '1.8.0_181'
Driver info: org.openqa.selenium.chrome.ChromeDriver
Capabilities {acceptInsecureCerts: false, browserName: chrome, browserVersion: 96.0.4664.45, chrome: {chromedriverVersion: 95.0.4638.17 (a9d0719444d4b..., userDataDir: C:\Users\sohilz2\AppData\Lo...}, goog:chromeOptions: {debuggerAddress: localhost:56469}, javascriptEnabled: true, networkConnectionEnabled: false, pageLoadStrategy: normal, platform: WINDOWS, platformName: WINDOWS, proxy: Proxy(), setWindowRect: true, strictFileInteractability: false, timeouts: {implicit: 0, pageLoad: 300000, script: 30000}, unhandledPromptBehavior: dismiss and notify, webauthn:extension:credBlob: true, webauthn:extension:largeBlob: true, webauthn:virtualAuthenticators: true}
Session ID: 478941ee266b366c9c25095e0f00b553
*** Element info: {Using=xpath, value=(//*[@id="file_tab_table"])[2]//tbody/tr[1]/*[10]/*[2]}
	at org.openqa.selenium.remote.http.W3CHttpResponseCodec.createException(W3CHttpResponseCodec.java:187)
	at org.openqa.selenium.remote.http.W3CHttpResponseCodec.decode(W3CHttpResponseCodec.java:122)
	at org.openqa.selenium.remote.http.W3CHttpResponseCodec.decode(W3CHttpResponseCodec.java:49)
	at org.openqa.selenium.remote.HttpCommandExecutor.execute(HttpCommandExecutor.java:158)
	at org.openqa.selenium.remote.service.DriverCommandExecutor.execute(DriverCommandExecutor.java:83)
	at org.openqa.selenium.remote.RemoteWebDriver.execute(RemoteWebDriver.java:552)
	at org.openqa.selenium.remote.RemoteWebDriver.findElement(RemoteWebDriver.java:323)
	at org.openqa.selenium.remote.RemoteWebDriver.findElementByXPath(RemoteWebDriver.java:428)
	at org.openqa.selenium.By$ByXPath.findElement(By.java:353)
	at org.openqa.selenium.remote.RemoteWebDriver.findElement(RemoteWebDriver.java:315)
	at org.openqa.selenium.WebDriver$findElement$1.call(Unknown Source)
	at ctdc.utilities.runtestcaseforKatalon.ReadCasesTableKatalon(runtestcaseforKatalon.groovy:501)
	at ctdc.utilities.runtestcaseforKatalon.multiFunction(runtestcaseforKatalon.groovy:254)
	at ctdc.utilities.runtestcaseforKatalon.invokeMethod(runtestcaseforKatalon.groovy)
	at com.kms.katalon.core.main.CustomKeywordDelegatingMetaClass.invokeStaticMethod(CustomKeywordDelegatingMetaClass.java:50)
	at TC01_Canine_StudyCOTC022-Breed_Diagnosis_PrimDiseaseSite.run(TC01_Canine_StudyCOTC022-Breed_Diagnosis_PrimDiseaseSite:104)
	at com.kms.katalon.core.main.ScriptEngine.run(ScriptEngine.java:194)
	at com.kms.katalon.core.main.ScriptEngine.runScriptAsRawText(ScriptEngine.java:119)
	at com.kms.katalon.core.main.TestCaseExecutor.runScript(TestCaseExecutor.java:442)
	at com.kms.katalon.core.main.TestCaseExecutor.doExecute(TestCaseExecutor.java:433)
	at com.kms.katalon.core.main.TestCaseExecutor.processExecutionPhase(TestCaseExecutor.java:412)
	at com.kms.katalon.core.main.TestCaseExecutor.accessMainPhase(TestCaseExecutor.java:404)
	at com.kms.katalon.core.main.TestCaseExecutor.execute(TestCaseExecutor.java:281)
	at com.kms.katalon.core.main.TestSuiteExecutor.accessTestCaseMainPhase(TestSuiteExecutor.java:202)
	at com.kms.katalon.core.main.TestSuiteExecutor.accessTestSuiteMainPhase(TestSuiteExecutor.java:164)
	at com.kms.katalon.core.main.TestSuiteExecutor.execute(TestSuiteExecutor.java:105)
	at com.kms.katalon.core.main.TestCaseMain.startTestSuite(TestCaseMain.java:181)
	at com.kms.katalon.core.main.TestCaseMain$startTestSuite$0.call(Unknown Source)
	at TempTestSuite1638327915632.run(TempTestSuite1638327915632.groovy:36)]]></system-err>
   </testsuite>
</testsuites>
