<?xml version="1.0" encoding="UTF-8"?>
<testsuites name="Bento_TestSuite" time="205.407" tests="2" failures="0" errors="0">
   <testsuite name="Bento_TestSuite" tests="2" failures="0" errors="0" time="205.407" timestamp="2020-12-30 17:40:14" hostname="radhakrishnang2 - NCI-02150368-L.nci.nih.gov" id="Test Suites/Bento_TestSuite">
      <properties>
         <property name="deviceName" value=""/>
         <property name="devicePlatform" value=""/>
         <property name="logFolder" value="C:\\Users\\radhakrishnang2\\Desktop\\Commons_Automation\\Reports\\20201230_174010\\Bento_TestSuite\\20201230_174010"/>
         <property name="logFiles" value="C:\\Users\\radhakrishnang2\\Desktop\\Commons_Automation\\Reports\\20201230_174010\\Bento_TestSuite\\20201230_174010\\execution0.log"/>
         <property name="attachments" value=""/>
         <property name="hostName" value="radhakrishnang2 - NCI-02150368-L.nci.nih.gov"/>
         <property name="os" value="Windows 10 64bit"/>
         <property name="katalonVersion" value="7.7.0.205"/>
         <property name="browser" value="Firefox 78.0"/>
         <property name="hostAddress" value="10.243.91.154"/>
         <property name="sessionId" value="1dbcd7a1-9304-4619-8e57-0bef07543b84"/>
         <property name="seleniumVersion" value="3.141.59"/>
         <property name="proxyInformation" value="ProxyInformation { proxyOption=NO_PROXY, proxyServerType=HTTP, username=, password=********, proxyServerAddress=, proxyServerPort=0, executionList=&quot;&quot;, isApplyToDesiredCapabilities=true }"/>
         <property name="platform" value="Windows 10"/>
      </properties>
      <testcase name="Test Cases/Bento_TestCases/MultipleFilters/TC03_Bento_MultiFilter_Diagnosis-Recurrence-TumorSize-TumorGrade" time="93.017" classname="Test Cases/Bento_TestCases/MultipleFilters/TC03_Bento_MultiFilter_Diagnosis-Recurrence-TumorSize-TumorGrade" status="PASSED">
         <system-out><![CDATA[2020-12-30 17:40:15 - [TEST_CASE][PASSED] - Test Cases/Bento_TestCases/MultipleFilters/TC03_Bento_MultiFilter_Diagnosis-Recurrence-TumorSize-TumorGrade: Test Cases/Bento_TestCases/MultipleFilters/TC03_Bento_MultiFilter_Diagnosis-Recurrence-TumorSize-TumorGrade

2020-12-30 17:40:17 - [TEST_STEP][PASSED] - closeBrowser(): Browser is closed

2020-12-30 17:40:17 - [MESSAGE][PASSED] - Browser is closed

2020-12-30 17:40:17 - [TEST_STEP][PASSED] - openBrowser(""): Browser is opened with url: ''

2020-12-30 17:40:17 - [MESSAGE][INFO] - Starting 'Firefox (headless)' driver

2020-12-30 17:40:18 - [MESSAGE][INFO] - User set preference: ['args', '[--no-sandbox]']

2020-12-30 17:40:18 - [MESSAGE][INFO] - Action delay is set to 5,000 milliseconds

2020-12-30 17:40:26 - [MESSAGE][PASSED] - Browser is opened with url: ''

2020-12-30 17:40:26 - [TEST_STEP][PASSED] - maximizeWindow(): Current window maximized

2020-12-30 17:40:26 - [MESSAGE][PASSED] - Current window maximized

2020-12-30 17:40:26 - [TEST_STEP][PASSED] - ctdc.utilities.runtestcaseforKatalon.testSetup(""): ctdc.utilities.runtestcaseforKatalon.testSetup is PASSED

2020-12-30 17:40:26 - [MESSAGE][PASSED] - ctdc.utilities.runtestcaseforKatalon.testSetup is PASSED

2020-12-30 17:40:26 - [TEST_STEP][PASSED] - ctdc.utilities.runtestcaseforKatalon.RunKatalon("TC03_Bento_MultiFilter_Diagnosis-Recurrence-TumorSize-TumorGrade.xlsx"): Data loaded from input file for the test case. 

2020-12-30 17:40:26 - [MESSAGE][PASSED] - Test case file loaded This is the full filepath after converting to string :C:\Users\radhakrishnang2\Desktop\Commons_Automation\InputFiles\TC03_Bento_MultiFilter_Diagnosis-Recurrence-TumorSize-TumorGrade.xlsx

2020-12-30 17:40:28 - [MESSAGE][WARNING] - Test object id is null

2020-12-30 17:40:28 - [MESSAGE][INFO] - Global variable set for password file is :  C:\Users\radhakrishnang2\Desktop\Commons_Automation\InputFiles\TC03_Bento_MultiFilter_Diagnosis-Recurrence-TumorSize-TumorGrade.xlsx

2020-12-30 17:40:30 - [MESSAGE][PASSED] - Data loaded from input file for the test case. 

2020-12-30 17:40:40 - [TEST_STEP][PASSED] - click(findTestObject("Bento/NavBar/Bento_Cases-Btn")): Object: 'Object Repository/Bento/NavBar/Bento_Cases-Btn' is clicked on

2020-12-30 17:40:45 - [MESSAGE][PASSED] - Object: 'Object Repository/Bento/NavBar/Bento_Cases-Btn' is clicked on

2020-12-30 17:40:45 - [TEST_STEP][PASSED] - click(findTestObject("Object Repository/Bento/Filter/FilterByCases_Facet")): Object: 'Object Repository/Bento/Filter/FilterByCases_Facet' is clicked on

2020-12-30 17:40:52 - [MESSAGE][PASSED] - Object: 'Object Repository/Bento/Filter/FilterByCases_Facet' is clicked on

2020-12-30 17:40:52 - [TEST_STEP][PASSED] - click(findTestObject("Bento/Filter/Diagnosis/DIAGNOSIS_Ddn")): Object: 'Object Repository/Bento/Filter/Diagnosis/DIAGNOSIS_Ddn' is clicked on

2020-12-30 17:40:58 - [MESSAGE][PASSED] - Object: 'Object Repository/Bento/Filter/Diagnosis/DIAGNOSIS_Ddn' is clicked on

2020-12-30 17:40:58 - [TEST_STEP][PASSED] - click(findTestObject("Bento/Filter/Diagnosis/MedullaryCarcinoma_Chkbx")): Object: 'Object Repository/Bento/Filter/Diagnosis/MedullaryCarcinoma_Chkbx' is clicked on

2020-12-30 17:41:03 - [MESSAGE][PASSED] - Object: 'Object Repository/Bento/Filter/Diagnosis/MedullaryCarcinoma_Chkbx' is clicked on

2020-12-30 17:41:03 - [TEST_STEP][PASSED] - click(findTestObject("Object Repository/Bento/Filter/Recurrence Score/RecurrScore_Ddn")): Object: 'Object Repository/Bento/Filter/Recurrence Score/RecurrScore_Ddn' is clicked on

2020-12-30 17:41:09 - [MESSAGE][PASSED] - Object: 'Object Repository/Bento/Filter/Recurrence Score/RecurrScore_Ddn' is clicked on

2020-12-30 17:41:09 - [TEST_STEP][PASSED] - ctdc.utilities.runtestcaseforKatalon.clickTab("Object Repository/Bento/Filter/Recurrence Score/16_to_20_Chkbx"): ctdc.utilities.runtestcaseforKatalon.clickTab is PASSED

2020-12-30 17:41:09 - [MESSAGE][PASSED] - ctdc.utilities.runtestcaseforKatalon.clickTab is PASSED

2020-12-30 17:41:09 - [TEST_STEP][PASSED] - ctdc.utilities.runtestcaseforKatalon.clickTab("Object Repository/Bento/Filter/TumorSize/TumorSize_Ddn"): ctdc.utilities.runtestcaseforKatalon.clickTab is PASSED

2020-12-30 17:41:09 - [MESSAGE][PASSED] - ctdc.utilities.runtestcaseforKatalon.clickTab is PASSED

2020-12-30 17:41:09 - [TEST_STEP][PASSED] - ctdc.utilities.runtestcaseforKatalon.clickTab("Object Repository/Bento/Filter/TumorSize/2_to_3_Chkbx"): ctdc.utilities.runtestcaseforKatalon.clickTab is PASSED

2020-12-30 17:41:10 - [MESSAGE][PASSED] - ctdc.utilities.runtestcaseforKatalon.clickTab is PASSED

2020-12-30 17:41:10 - [TEST_STEP][PASSED] - ctdc.utilities.runtestcaseforKatalon.clickTab("Object Repository/Bento/Filter/TumorGrade/TumorGrade_Ddn"): ctdc.utilities.runtestcaseforKatalon.clickTab is PASSED

2020-12-30 17:41:11 - [MESSAGE][PASSED] - ctdc.utilities.runtestcaseforKatalon.clickTab is PASSED

2020-12-30 17:41:11 - [TEST_STEP][PASSED] - ctdc.utilities.runtestcaseforKatalon.clickTab("Object Repository/Bento/Filter/TumorGrade/NotReported_Chkbx"): ctdc.utilities.runtestcaseforKatalon.clickTab is PASSED

2020-12-30 17:41:12 - [MESSAGE][PASSED] - ctdc.utilities.runtestcaseforKatalon.clickTab is PASSED

2020-12-30 17:41:12 - [TEST_STEP][PASSED] - ctdc.utilities.runtestcaseforKatalon.readStatBarBento("Object Repository/Bento/StatBar/Bento_StatBar-Programs", "Object Repository/Bento/StatBar/Bento_StatBar-Arms", "Object Repository/Bento/StatBar/Bento_StatBar-Cases", "Object Repository/Bento/StatBar/Bento_StatBar-Samples", "Object Repository/Bento/StatBar/Bento_StatBar-Assays", "Object Repository/Bento/StatBar/Bento_StatBar-Files"): ctdc.utilities.runtestcaseforKatalon.readStatBarBento is PASSED

2020-12-30 17:41:14 - [MESSAGE][PASSED] - ctdc.utilities.runtestcaseforKatalon.readStatBarBento is PASSED

2020-12-30 17:41:14 - [TEST_STEP][PASSED] - waitForElementPresent(findTestObject("Bento/BentoResults_Cases_Tab"), 5): Object 'Object Repository/Bento/BentoResults_Cases_Tab' is present

2020-12-30 17:41:14 - [MESSAGE][PASSED] - Object 'Object Repository/Bento/BentoResults_Cases_Tab' is present

2020-12-30 17:41:14 - [TEST_STEP][PASSED] - ctdc.utilities.runtestcaseforKatalon.clickTab("Bento/BentoResults_Cases_Tab"): ctdc.utilities.runtestcaseforKatalon.clickTab is PASSED

2020-12-30 17:41:15 - [MESSAGE][PASSED] - ctdc.utilities.runtestcaseforKatalon.clickTab is PASSED

2020-12-30 17:41:15 - [TEST_STEP][PASSED] - ctdc.utilities.runtestcaseforKatalon.multiFunction(G_StatBar_Cases, "Object Repository/Bento/Bento_CasesTable", "Object Repository/Bento/Bento_CasesTableHeader", "Object Repository/Bento/Bento_CasesTabNextBtn", G_WebTabnameCases, G_CypherTabnameCases, G_QueryCasesTab): Statbar Files count matches

2020-12-30 17:41:48 - [MESSAGE][PASSED] - Statbar Programs count matches

2020-12-30 17:41:48 - [MESSAGE][PASSED] - Statbar Arms count matches

2020-12-30 17:41:48 - [MESSAGE][PASSED] - Statbar Cases count matches

2020-12-30 17:41:48 - [MESSAGE][PASSED] - Statbar Samples count matches

2020-12-30 17:41:48 - [MESSAGE][PASSED] - Statbar Assays count matches

2020-12-30 17:41:48 - [MESSAGE][PASSED] - Statbar Files count matches]]></system-out>
         <system-err><![CDATA[]]></system-err>
      </testcase>
      <testcase name="Test Cases/Bento_TestCases/MultipleFilters/TC04_Bento_MultiFilter_Diagnosis-Recurrence-TumorSize-Chemo-TumorGrade" time="109.577" classname="Test Cases/Bento_TestCases/MultipleFilters/TC04_Bento_MultiFilter_Diagnosis-Recurrence-TumorSize-Chemo-TumorGrade" status="PASSED">
         <system-out><![CDATA[2020-12-30 17:41:48 - [TEST_CASE][PASSED] - Test Cases/Bento_TestCases/MultipleFilters/TC04_Bento_MultiFilter_Diagnosis-Recurrence-TumorSize-Chemo-TumorGrade: Test Cases/Bento_TestCases/MultipleFilters/TC04_Bento_MultiFilter_Diagnosis-Recurrence-TumorSize-Chemo-TumorGrade

2020-12-30 17:41:49 - [TEST_STEP][PASSED] - closeBrowser(): Browser is closed

2020-12-30 17:41:51 - [MESSAGE][PASSED] - Browser is closed

2020-12-30 17:41:51 - [TEST_STEP][PASSED] - openBrowser(""): Browser is opened with url: ''

2020-12-30 17:41:51 - [MESSAGE][INFO] - Starting 'Firefox (headless)' driver

2020-12-30 17:41:51 - [MESSAGE][INFO] - User set preference: ['args', '[--no-sandbox]']

2020-12-30 17:41:51 - [MESSAGE][INFO] - Action delay is set to 5,000 milliseconds

2020-12-30 17:41:57 - [MESSAGE][PASSED] - Browser is opened with url: ''

2020-12-30 17:41:57 - [TEST_STEP][PASSED] - maximizeWindow(): Current window maximized

2020-12-30 17:41:57 - [MESSAGE][PASSED] - Current window maximized

2020-12-30 17:41:57 - [TEST_STEP][PASSED] - ctdc.utilities.runtestcaseforKatalon.testSetup(""): ctdc.utilities.runtestcaseforKatalon.testSetup is PASSED

2020-12-30 17:41:57 - [MESSAGE][PASSED] - ctdc.utilities.runtestcaseforKatalon.testSetup is PASSED

2020-12-30 17:41:57 - [TEST_STEP][PASSED] - ctdc.utilities.runtestcaseforKatalon.RunKatalon("TC04_Bento_MultiFilter_Diagnosis-Recurrence-TumorSize-Chemo-TumorGrade.xlsx"): Data loaded from input file for the test case. 

2020-12-30 17:41:57 - [MESSAGE][PASSED] - Test case file loaded This is the full filepath after converting to string :C:\Users\radhakrishnang2\Desktop\Commons_Automation\InputFiles\TC04_Bento_MultiFilter_Diagnosis-Recurrence-TumorSize-Chemo-TumorGrade.xlsx

2020-12-30 17:41:57 - [MESSAGE][INFO] - Global variable set for password file is :  C:\Users\radhakrishnang2\Desktop\Commons_Automation\InputFiles\TC04_Bento_MultiFilter_Diagnosis-Recurrence-TumorSize-Chemo-TumorGrade.xlsx

2020-12-30 17:41:58 - [MESSAGE][PASSED] - Data loaded from input file for the test case. 

2020-12-30 17:42:10 - [TEST_STEP][PASSED] - click(findTestObject("Bento/NavBar/Bento_Cases-Btn")): Object: 'Object Repository/Bento/NavBar/Bento_Cases-Btn' is clicked on

2020-12-30 17:42:15 - [MESSAGE][PASSED] - Object: 'Object Repository/Bento/NavBar/Bento_Cases-Btn' is clicked on

2020-12-30 17:42:15 - [TEST_STEP][PASSED] - click(findTestObject("Object Repository/Bento/Filter/FilterByCases_Facet")): Object: 'Object Repository/Bento/Filter/FilterByCases_Facet' is clicked on

2020-12-30 17:42:22 - [MESSAGE][PASSED] - Object: 'Object Repository/Bento/Filter/FilterByCases_Facet' is clicked on

2020-12-30 17:42:22 - [TEST_STEP][PASSED] - click(findTestObject("Bento/Filter/Diagnosis/DIAGNOSIS_Ddn")): Object: 'Object Repository/Bento/Filter/Diagnosis/DIAGNOSIS_Ddn' is clicked on

2020-12-30 17:42:27 - [MESSAGE][PASSED] - Object: 'Object Repository/Bento/Filter/Diagnosis/DIAGNOSIS_Ddn' is clicked on

2020-12-30 17:42:27 - [TEST_STEP][PASSED] - click(findTestObject("Object Repository/Bento/Filter/Diagnosis/MucinousCollCarcinoma_Chkbx")): Object: 'Object Repository/Bento/Filter/Diagnosis/MucinousCollCarcinoma_Chkbx' is clicked on

2020-12-30 17:42:33 - [MESSAGE][PASSED] - Object: 'Object Repository/Bento/Filter/Diagnosis/MucinousCollCarcinoma_Chkbx' is clicked on

2020-12-30 17:42:33 - [TEST_STEP][PASSED] - click(findTestObject("Object Repository/Bento/Filter/Recurrence Score/RecurrScore_Ddn")): Object: 'Object Repository/Bento/Filter/Recurrence Score/RecurrScore_Ddn' is clicked on

2020-12-30 17:42:39 - [MESSAGE][PASSED] - Object: 'Object Repository/Bento/Filter/Recurrence Score/RecurrScore_Ddn' is clicked on

2020-12-30 17:42:39 - [TEST_STEP][PASSED] - ctdc.utilities.runtestcaseforKatalon.clickTab("Object Repository/Bento/Filter/Recurrence Score/51_to_100_Chkbx"): ctdc.utilities.runtestcaseforKatalon.clickTab is PASSED

2020-12-30 17:42:39 - [MESSAGE][PASSED] - ctdc.utilities.runtestcaseforKatalon.clickTab is PASSED

2020-12-30 17:42:39 - [TEST_STEP][PASSED] - ctdc.utilities.runtestcaseforKatalon.clickTab("Object Repository/Bento/Filter/TumorSize/TumorSize_Ddn"): ctdc.utilities.runtestcaseforKatalon.clickTab is PASSED

2020-12-30 17:42:41 - [MESSAGE][PASSED] - ctdc.utilities.runtestcaseforKatalon.clickTab is PASSED

2020-12-30 17:42:41 - [TEST_STEP][PASSED] - ctdc.utilities.runtestcaseforKatalon.clickTab("Object Repository/Bento/Filter/TumorSize/Above_4_Chkbx"): ctdc.utilities.runtestcaseforKatalon.clickTab is PASSED

2020-12-30 17:42:43 - [MESSAGE][PASSED] - ctdc.utilities.runtestcaseforKatalon.clickTab is PASSED

2020-12-30 17:42:43 - [TEST_STEP][PASSED] - ctdc.utilities.runtestcaseforKatalon.clickTab("Object Repository/Bento/Filter/Chemotherapy/Chemotherapy_Ddn"): ctdc.utilities.runtestcaseforKatalon.clickTab is PASSED

2020-12-30 17:42:44 - [MESSAGE][PASSED] - ctdc.utilities.runtestcaseforKatalon.clickTab is PASSED

2020-12-30 17:42:44 - [TEST_STEP][PASSED] - ctdc.utilities.runtestcaseforKatalon.clickTab("Object Repository/Bento/Filter/Chemotherapy/OtherTreatment_Chkbx"): ctdc.utilities.runtestcaseforKatalon.clickTab is PASSED

2020-12-30 17:42:44 - [MESSAGE][PASSED] - ctdc.utilities.runtestcaseforKatalon.clickTab is PASSED

2020-12-30 17:42:44 - [TEST_STEP][PASSED] - ctdc.utilities.runtestcaseforKatalon.clickTab("Object Repository/Bento/Filter/TumorGrade/TumorGrade_Ddn"): ctdc.utilities.runtestcaseforKatalon.clickTab is PASSED

2020-12-30 17:42:45 - [MESSAGE][PASSED] - ctdc.utilities.runtestcaseforKatalon.clickTab is PASSED

2020-12-30 17:42:45 - [TEST_STEP][PASSED] - ctdc.utilities.runtestcaseforKatalon.clickTab("Object Repository/Bento/Filter/TumorGrade/Intermediate_Chkbx"): ctdc.utilities.runtestcaseforKatalon.clickTab is PASSED

2020-12-30 17:42:46 - [MESSAGE][PASSED] - ctdc.utilities.runtestcaseforKatalon.clickTab is PASSED

2020-12-30 17:42:46 - [TEST_STEP][PASSED] - ctdc.utilities.runtestcaseforKatalon.readStatBarBento("Object Repository/Bento/StatBar/Bento_StatBar-Programs", "Object Repository/Bento/StatBar/Bento_StatBar-Arms", "Object Repository/Bento/StatBar/Bento_StatBar-Cases", "Object Repository/Bento/StatBar/Bento_StatBar-Samples", "Object Repository/Bento/StatBar/Bento_StatBar-Assays", "Object Repository/Bento/StatBar/Bento_StatBar-Files"): ctdc.utilities.runtestcaseforKatalon.readStatBarBento is PASSED

2020-12-30 17:42:48 - [MESSAGE][PASSED] - ctdc.utilities.runtestcaseforKatalon.readStatBarBento is PASSED

2020-12-30 17:42:48 - [TEST_STEP][PASSED] - waitForElementPresent(findTestObject("Bento/BentoResults_Cases_Tab"), 5): Object 'Object Repository/Bento/BentoResults_Cases_Tab' is present

2020-12-30 17:42:48 - [MESSAGE][PASSED] - Object 'Object Repository/Bento/BentoResults_Cases_Tab' is present

2020-12-30 17:42:48 - [TEST_STEP][PASSED] - ctdc.utilities.runtestcaseforKatalon.clickTab("Bento/BentoResults_Cases_Tab"): ctdc.utilities.runtestcaseforKatalon.clickTab is PASSED

2020-12-30 17:42:48 - [MESSAGE][PASSED] - ctdc.utilities.runtestcaseforKatalon.clickTab is PASSED

2020-12-30 17:42:48 - [TEST_STEP][PASSED] - ctdc.utilities.runtestcaseforKatalon.multiFunction(G_StatBar_Cases, "Object Repository/Bento/Bento_CasesTable", "Object Repository/Bento/Bento_CasesTableHeader", "Object Repository/Bento/Bento_CasesTabNextBtn", G_WebTabnameCases, G_CypherTabnameCases, G_QueryCasesTab): Statbar Files count matches

2020-12-30 17:43:01 - [MESSAGE][PASSED] - Statbar Programs count matches

2020-12-30 17:43:01 - [MESSAGE][PASSED] - Statbar Arms count matches

2020-12-30 17:43:01 - [MESSAGE][PASSED] - Statbar Cases count matches

2020-12-30 17:43:01 - [MESSAGE][PASSED] - Statbar Samples count matches

2020-12-30 17:43:01 - [MESSAGE][PASSED] - Statbar Assays count matches

2020-12-30 17:43:01 - [MESSAGE][PASSED] - Statbar Files count matches

2020-12-30 17:43:01 - [TEST_STEP][PASSED] - waitForElementPresent(findTestObject("Bento/BentoResults_Samples_Tab"), 5): Object 'Object Repository/Bento/BentoResults_Samples_Tab' is present

2020-12-30 17:43:01 - [MESSAGE][PASSED] - Object 'Object Repository/Bento/BentoResults_Samples_Tab' is present

2020-12-30 17:43:01 - [TEST_STEP][PASSED] - ctdc.utilities.runtestcaseforKatalon.clickTab("Object Repository/Bento/BentoResults_Samples_Tab"): ctdc.utilities.runtestcaseforKatalon.clickTab is PASSED

2020-12-30 17:43:02 - [MESSAGE][PASSED] - ctdc.utilities.runtestcaseforKatalon.clickTab is PASSED

2020-12-30 17:43:02 - [TEST_STEP][PASSED] - ctdc.utilities.runtestcaseforKatalon.multiFunction(G_StatBar_Samples, "Object Repository/Bento/Bento_SamplesTable", "Object Repository/Bento/Bento_SamplesTableHeader", "Object Repository/Bento/Bento_SamplesTabNextBtn", G_WebTabnameSamples, G_CypherTabnameSamples, G_QuerySamplesTab): Statbar Files count matches

2020-12-30 17:43:17 - [MESSAGE][PASSED] - Statbar Programs count matches

2020-12-30 17:43:17 - [MESSAGE][PASSED] - Statbar Arms count matches

2020-12-30 17:43:17 - [MESSAGE][PASSED] - Statbar Cases count matches

2020-12-30 17:43:17 - [MESSAGE][PASSED] - Statbar Samples count matches

2020-12-30 17:43:17 - [MESSAGE][PASSED] - Statbar Assays count matches

2020-12-30 17:43:17 - [MESSAGE][PASSED] - Statbar Files count matches

2020-12-30 17:43:17 - [TEST_STEP][PASSED] - waitForElementPresent(findTestObject("Bento/BentoResults_Files_Tab"), 5): Object 'Object Repository/Bento/BentoResults_Files_Tab' is present

2020-12-30 17:43:18 - [MESSAGE][PASSED] - Object 'Object Repository/Bento/BentoResults_Files_Tab' is present

2020-12-30 17:43:18 - [TEST_STEP][PASSED] - ctdc.utilities.runtestcaseforKatalon.clickTab("Object Repository/Bento/BentoResults_Files_Tab"): ctdc.utilities.runtestcaseforKatalon.clickTab is PASSED

2020-12-30 17:43:18 - [MESSAGE][PASSED] - ctdc.utilities.runtestcaseforKatalon.clickTab is PASSED

2020-12-30 17:43:18 - [TEST_STEP][PASSED] - ctdc.utilities.runtestcaseforKatalon.multiFunction(G_StatBar_Files, "Object Repository/Bento/Bento_FilesTable", "Object Repository/Bento/Bento_FilesTableHeader", "Object Repository/Bento/Bento_FilesTabNextBtn", G_WebTabnameFiles, G_CypherTabnameFiles, G_QueryFilesTab): Statbar Files count matches

2020-12-30 17:43:38 - [MESSAGE][PASSED] - Statbar Programs count matches

2020-12-30 17:43:38 - [MESSAGE][PASSED] - Statbar Arms count matches

2020-12-30 17:43:38 - [MESSAGE][PASSED] - Statbar Cases count matches

2020-12-30 17:43:38 - [MESSAGE][PASSED] - Statbar Samples count matches

2020-12-30 17:43:38 - [MESSAGE][PASSED] - Statbar Assays count matches

2020-12-30 17:43:38 - [MESSAGE][PASSED] - Statbar Files count matches]]></system-out>
         <system-err><![CDATA[]]></system-err>
      </testcase>
      <system-out><![CDATA[2020-12-30 17:40:14 - [TEST_SUITE][PASSED] - Bento_TestSuite: Test Cases/Bento_TestCases/MultipleFilters/TC04_Bento_MultiFilter_Diagnosis-Recurrence-TumorSize-Chemo-TumorGrade]]></system-out>
      <system-err><![CDATA[]]></system-err>
   </testsuite>
</testsuites>
