<?xml version="1.0" encoding="UTF-8"?>
<testsuites name="ICDC_Breed_Regression" time="4081.568" tests="34" failures="0" errors="1">
   <testsuite name="ICDC_Breed_Regression" tests="34" failures="0" errors="1" time="4081.568" skipped="0" timestamp="2021-07-22 14:02:36" hostname="sohilz2 - host.docker.internal" id="Test Suites/ICDC_Breed_Regression">
      <properties>
         <property name="deviceName" value=""/>
         <property name="devicePlatform" value=""/>
         <property name="logFolder" value="C:\\Users\\sohilz2\\Commons_Automation\\Reports\\20210722_140233\\ICDC_Breed_Regression\\20210722_140233"/>
         <property name="logFiles" value="C:\\Users\\sohilz2\\Commons_Automation\\Reports\\20210722_140233\\ICDC_Breed_Regression\\20210722_140233\\execution0.log"/>
         <property name="attachments" value=""/>
         <property name="hostName" value="sohilz2 - host.docker.internal"/>
         <property name="os" value="Windows 10 64bit"/>
         <property name="katalonVersion" value="8.0.5.208"/>
         <property name="browser" value="Chrome 91.0.4472.164"/>
         <property name="hostAddress" value="192.168.0.86"/>
         <property name="sessionId" value="2c25387ecec0c50b65f712f5990aa674"/>
         <property name="seleniumVersion" value="3.141.59"/>
         <property name="proxyInformation" value="ProxyInformation { proxyOption=NO_PROXY, proxyServerType=HTTP, username=, password=********, proxyServerAddress=, proxyServerPort=0, executionList=&quot;&quot;, isApplyToDesiredCapabilities=true }"/>
         <property name="platform" value="Windows 10"/>
      </properties>
      <testcase name="Test Cases/Canine_TestCases/Breed/TC01_Canine_Filter_Breed-Akita" time="75.52" classname="Test Cases/Canine_TestCases/Breed/TC01_Canine_Filter_Breed-Akita" status="PASSED">
         <system-out><![CDATA[2021-07-22 14:02:37 - [TEST_CASE][PASSED] - Test Cases/Canine_TestCases/Breed/TC01_Canine_Filter_Breed-Akita: Test Cases/Canine_TestCases/Breed/TC01_Canine_Filter_Breed-Akita

2021-07-22 14:02:37 - [TEST_STEP][PASSED] - Start listener action : getTestScriptName: null

2021-07-22 14:02:37 - [TEST_STEP][PASSED] - TestCaseId = testCaseContext.getTestCaseId(): null

2021-07-22 14:02:37 - [TEST_STEP][PASSED] - out.println("**********this is the value of test case id string******** " + testCaseContext.getTestCaseId()): null

2021-07-22 14:02:37 - [TEST_STEP][PASSED] - G_currentTCName = TestCaseId.substring(TestCaseId.lastIndexOf("TC")): null

2021-07-22 14:02:37 - [TEST_STEP][PASSED] - out.println("This is the test case name : " + G_currentTCName): null

2021-07-22 14:02:38 - [TEST_STEP][PASSED] - closeBrowser(): Browser is closed

2021-07-22 14:02:38 - [MESSAGE][PASSED] - Browser is closed

2021-07-22 14:02:38 - [TEST_STEP][PASSED] - ctdc.utilities.runtestcaseforKatalon.RunKatalon("TC01_Canine_Filter_Breed-Akita.xlsx"): Data loaded from input file for the test case. 

2021-07-22 14:02:38 - [MESSAGE][PASSED] - Test case file loaded This is the full filepath after converting to string :C:\Users\sohilz2\Commons_Automation\InputFiles\TC01_Canine_Filter_Breed-Akita.xlsx

2021-07-22 14:02:38 - [MESSAGE][INFO] - Global variable set for password file is :  C:\Users\sohilz2\Commons_Automation\InputFiles\TC01_Canine_Filter_Breed-Akita.xlsx

2021-07-22 14:02:43 - [MESSAGE][PASSED] - Data loaded from input file for the test case. 

2021-07-22 14:03:02 - [TEST_STEP][PASSED] - waitForElementPresent(findTestObject("Canine/NavBar/Canine_Cases_Btn"), 5): Object 'Object Repository/Canine/NavBar/Canine_Cases_Btn' is present

2021-07-22 14:03:02 - [MESSAGE][PASSED] - Object 'Object Repository/Canine/NavBar/Canine_Cases_Btn' is present

2021-07-22 14:03:02 - [TEST_STEP][PASSED] - ctdc.utilities.runtestcaseforKatalon.clickTab("Canine/NavBar/Canine_Cases_Btn"): ctdc.utilities.runtestcaseforKatalon.clickTab is PASSED

2021-07-22 14:03:02 - [MESSAGE][PASSED] - ctdc.utilities.runtestcaseforKatalon.clickTab is PASSED

2021-07-22 14:03:02 - [TEST_STEP][PASSED] - waitForElementPresent(findTestObject("Bento/Cases_page/Filter/FilterByCases_Facet"), 5): Object 'Object Repository/Bento/Cases_page/Filter/FilterByCases_Facet' is present

2021-07-22 14:03:03 - [MESSAGE][PASSED] - Object 'Object Repository/Bento/Cases_page/Filter/FilterByCases_Facet' is present

2021-07-22 14:03:03 - [TEST_STEP][PASSED] - ctdc.utilities.runtestcaseforKatalon.clickTab("Bento/Cases_page/Filter/FilterByCases_Facet"): ctdc.utilities.runtestcaseforKatalon.clickTab is PASSED

2021-07-22 14:03:03 - [MESSAGE][PASSED] - ctdc.utilities.runtestcaseforKatalon.clickTab is PASSED

2021-07-22 14:03:03 - [TEST_STEP][PASSED] - waitForElementPresent(findTestObject("Object Repository/Canine/Filter/Breed/BREED_Ddn"), 5): Object 'Object Repository/Canine/Filter/Breed/BREED_Ddn' is present

2021-07-22 14:03:03 - [MESSAGE][PASSED] - Object 'Object Repository/Canine/Filter/Breed/BREED_Ddn' is present

2021-07-22 14:03:03 - [TEST_STEP][PASSED] - ctdc.utilities.runtestcaseforKatalon.clickTabCanineStat("Object Repository/Canine/Filter/Breed/BREED_Ddn"): ctdc.utilities.runtestcaseforKatalon.clickTabCanineStat is PASSED

2021-07-22 14:03:12 - [MESSAGE][PASSED] - ctdc.utilities.runtestcaseforKatalon.clickTabCanineStat is PASSED

2021-07-22 14:03:12 - [TEST_STEP][PASSED] - ctdc.utilities.runtestcaseforKatalon.clickTabCanineStat("Object Repository/Canine/Filter/Breed/Akita_Chkbx"): ctdc.utilities.runtestcaseforKatalon.clickTabCanineStat is PASSED

2021-07-22 14:03:21 - [MESSAGE][PASSED] - ctdc.utilities.runtestcaseforKatalon.clickTabCanineStat is PASSED

2021-07-22 14:03:21 - [TEST_STEP][PASSED] - ctdc.utilities.runtestcaseforKatalon.readStatBarCanine("Object Repository/Canine/StatBar/Canine_StatBar-Studies", "Object Repository/Canine/StatBar/Canine_StatBar-Cases", "Object Repository/Canine/StatBar/Canine_StatBar-Samples", "Object Repository/Canine/StatBar/Canine_StatBar-Files", "Object Repository/Canine/StatBar/Canine_StatBar-Aliquots"): ctdc.utilities.runtestcaseforKatalon.readStatBarCanine is PASSED

2021-07-22 14:03:36 - [MESSAGE][PASSED] - ctdc.utilities.runtestcaseforKatalon.readStatBarCanine is PASSED

2021-07-22 14:03:36 - [TEST_STEP][PASSED] - waitForElementPresent(findTestObject("Object Repository/Canine/CanineResults_Cases_Tab"), 5): Object 'Object Repository/Canine/CanineResults_Cases_Tab' is present

2021-07-22 14:03:37 - [MESSAGE][PASSED] - Object 'Object Repository/Canine/CanineResults_Cases_Tab' is present

2021-07-22 14:03:37 - [TEST_STEP][PASSED] - ctdc.utilities.runtestcaseforKatalon.clickTab("Object Repository/Canine/CanineResults_Cases_Tab"): ctdc.utilities.runtestcaseforKatalon.clickTab is PASSED

2021-07-22 14:03:37 - [MESSAGE][PASSED] - ctdc.utilities.runtestcaseforKatalon.clickTab is PASSED

2021-07-22 14:03:37 - [TEST_STEP][PASSED] - ctdc.utilities.runtestcaseforKatalon.multiFunction("ICDC", G_StatBar_Cases, "Object Repository/Canine/Canine_CasesTable", "Object Repository/Canine/Canine_TableHeader", "Object Repository/Canine/Canine_CasesTabNextBtn", G_WebTabnameCases, G_CypherTabnameCases, G_QueryCasesTab): Statbar Arms count matches

2021-07-22 14:03:52 - [MESSAGE][PASSED] - Statbar Files count matches

2021-07-22 14:03:52 - [MESSAGE][PASSED] - Statbar Samples count matches

2021-07-22 14:03:52 - [MESSAGE][PASSED] - Statbar Cases count matches

2021-07-22 14:03:52 - [MESSAGE][PASSED] - Statbar Arms count matches

2021-07-22 14:03:52 - [TEST_STEP][PASSED] - closeBrowser(): Browser is closed

2021-07-22 14:03:53 - [MESSAGE][PASSED] - Browser is closed]]></system-out>
         <system-err><![CDATA[]]></system-err>
      </testcase>
      <testcase name="Test Cases/Canine_TestCases/Breed/TC02_Canine_Filter_Breed-AmerStaffd" time="108.577" classname="Test Cases/Canine_TestCases/Breed/TC02_Canine_Filter_Breed-AmerStaffd" status="PASSED">
         <system-out><![CDATA[2021-07-22 14:03:53 - [TEST_CASE][PASSED] - Test Cases/Canine_TestCases/Breed/TC02_Canine_Filter_Breed-AmerStaffd: Test Cases/Canine_TestCases/Breed/TC02_Canine_Filter_Breed-AmerStaffd

2021-07-22 14:03:53 - [TEST_STEP][PASSED] - Start listener action : getTestScriptName: null

2021-07-22 14:03:53 - [TEST_STEP][PASSED] - TestCaseId = testCaseContext.getTestCaseId(): null

2021-07-22 14:03:53 - [TEST_STEP][PASSED] - out.println("**********this is the value of test case id string******** " + testCaseContext.getTestCaseId()): null

2021-07-22 14:03:53 - [TEST_STEP][PASSED] - G_currentTCName = TestCaseId.substring(TestCaseId.lastIndexOf("TC")): null

2021-07-22 14:03:53 - [TEST_STEP][PASSED] - out.println("This is the test case name : " + G_currentTCName): null

2021-07-22 14:03:53 - [TEST_STEP][PASSED] - closeBrowser(): Browser is closed

2021-07-22 14:03:53 - [MESSAGE][PASSED] - Browser is closed

2021-07-22 14:03:53 - [TEST_STEP][PASSED] - ctdc.utilities.runtestcaseforKatalon.RunKatalon("TC02_Canine_Filter_Breed-AmerStaffd.xlsx"): Data loaded from input file for the test case. 

2021-07-22 14:03:53 - [MESSAGE][PASSED] - Test case file loaded This is the full filepath after converting to string :C:\Users\sohilz2\Commons_Automation\InputFiles\TC02_Canine_Filter_Breed-AmerStaffd.xlsx

2021-07-22 14:03:53 - [MESSAGE][INFO] - Global variable set for password file is :  C:\Users\sohilz2\Commons_Automation\InputFiles\TC02_Canine_Filter_Breed-AmerStaffd.xlsx

2021-07-22 14:03:57 - [MESSAGE][PASSED] - Data loaded from input file for the test case. 

2021-07-22 14:04:05 - [TEST_STEP][PASSED] - waitForElementPresent(findTestObject("Canine/NavBar/Canine_Cases_Btn"), 5): Object 'Object Repository/Canine/NavBar/Canine_Cases_Btn' is present

2021-07-22 14:04:05 - [MESSAGE][PASSED] - Object 'Object Repository/Canine/NavBar/Canine_Cases_Btn' is present

2021-07-22 14:04:05 - [TEST_STEP][PASSED] - ctdc.utilities.runtestcaseforKatalon.clickTab("Canine/NavBar/Canine_Cases_Btn"): ctdc.utilities.runtestcaseforKatalon.clickTab is PASSED

2021-07-22 14:04:05 - [MESSAGE][PASSED] - ctdc.utilities.runtestcaseforKatalon.clickTab is PASSED

2021-07-22 14:04:05 - [TEST_STEP][PASSED] - waitForElementPresent(findTestObject("Bento/Cases_page/Filter/FilterByCases_Facet"), 5): Object 'Object Repository/Bento/Cases_page/Filter/FilterByCases_Facet' is present

2021-07-22 14:04:06 - [MESSAGE][PASSED] - Object 'Object Repository/Bento/Cases_page/Filter/FilterByCases_Facet' is present

2021-07-22 14:04:06 - [TEST_STEP][PASSED] - ctdc.utilities.runtestcaseforKatalon.clickTab("Bento/Cases_page/Filter/FilterByCases_Facet"): ctdc.utilities.runtestcaseforKatalon.clickTab is PASSED

2021-07-22 14:04:06 - [MESSAGE][PASSED] - ctdc.utilities.runtestcaseforKatalon.clickTab is PASSED

2021-07-22 14:04:06 - [TEST_STEP][PASSED] - waitForElementPresent(findTestObject("Object Repository/Canine/Filter/Breed/BREED_Ddn"), 5): Object 'Object Repository/Canine/Filter/Breed/BREED_Ddn' is present

2021-07-22 14:04:07 - [MESSAGE][PASSED] - Object 'Object Repository/Canine/Filter/Breed/BREED_Ddn' is present

2021-07-22 14:04:07 - [TEST_STEP][PASSED] - ctdc.utilities.runtestcaseforKatalon.clickTabCanineStat("Object Repository/Canine/Filter/Breed/BREED_Ddn"): ctdc.utilities.runtestcaseforKatalon.clickTabCanineStat is PASSED

2021-07-22 14:04:16 - [MESSAGE][PASSED] - ctdc.utilities.runtestcaseforKatalon.clickTabCanineStat is PASSED

2021-07-22 14:04:16 - [TEST_STEP][PASSED] - ctdc.utilities.runtestcaseforKatalon.clickTabCanineStat("Object Repository/Canine/Filter/Breed/AmerStaffd_Chkbx"): ctdc.utilities.runtestcaseforKatalon.clickTabCanineStat is PASSED

2021-07-22 14:04:24 - [MESSAGE][PASSED] - ctdc.utilities.runtestcaseforKatalon.clickTabCanineStat is PASSED

2021-07-22 14:04:24 - [TEST_STEP][PASSED] - ctdc.utilities.runtestcaseforKatalon.readStatBarCanine("Object Repository/Canine/StatBar/Canine_StatBar-Studies", "Object Repository/Canine/StatBar/Canine_StatBar-Cases", "Object Repository/Canine/StatBar/Canine_StatBar-Samples", "Object Repository/Canine/StatBar/Canine_StatBar-Files", "Object Repository/Canine/StatBar/Canine_StatBar-Aliquots"): ctdc.utilities.runtestcaseforKatalon.readStatBarCanine is PASSED

2021-07-22 14:04:40 - [MESSAGE][PASSED] - ctdc.utilities.runtestcaseforKatalon.readStatBarCanine is PASSED

2021-07-22 14:04:40 - [TEST_STEP][PASSED] - waitForElementPresent(findTestObject("Object Repository/Canine/CanineResults_Cases_Tab"), 5): Object 'Object Repository/Canine/CanineResults_Cases_Tab' is present

2021-07-22 14:04:40 - [MESSAGE][PASSED] - Object 'Object Repository/Canine/CanineResults_Cases_Tab' is present

2021-07-22 14:04:40 - [TEST_STEP][PASSED] - ctdc.utilities.runtestcaseforKatalon.clickTab("Object Repository/Canine/CanineResults_Cases_Tab"): ctdc.utilities.runtestcaseforKatalon.clickTab is PASSED

2021-07-22 14:04:40 - [MESSAGE][PASSED] - ctdc.utilities.runtestcaseforKatalon.clickTab is PASSED

2021-07-22 14:04:40 - [TEST_STEP][PASSED] - ctdc.utilities.runtestcaseforKatalon.multiFunction("ICDC", G_StatBar_Cases, "Object Repository/Canine/Canine_CasesTable", "Object Repository/Canine/Canine_TableHeader", "Object Repository/Canine/Canine_CasesTabNextBtn", G_WebTabnameCases, G_CypherTabnameCases, G_QueryCasesTab): Statbar Arms count matches

2021-07-22 14:04:54 - [MESSAGE][PASSED] - Statbar Files count matches

2021-07-22 14:04:54 - [MESSAGE][PASSED] - Statbar Samples count matches

2021-07-22 14:04:54 - [MESSAGE][PASSED] - Statbar Cases count matches

2021-07-22 14:04:54 - [MESSAGE][PASSED] - Statbar Arms count matches

2021-07-22 14:04:54 - [TEST_STEP][PASSED] - waitForElementPresent(findTestObject("Object Repository/Canine/CanineResults_Samples_Tab"), 5): Object 'Object Repository/Canine/CanineResults_Samples_Tab' is present

2021-07-22 14:04:54 - [MESSAGE][PASSED] - Object 'Object Repository/Canine/CanineResults_Samples_Tab' is present

2021-07-22 14:04:54 - [TEST_STEP][PASSED] - ctdc.utilities.runtestcaseforKatalon.clickTab("Object Repository/Canine/CanineResults_Samples_Tab"): ctdc.utilities.runtestcaseforKatalon.clickTab is PASSED

2021-07-22 14:04:55 - [MESSAGE][PASSED] - ctdc.utilities.runtestcaseforKatalon.clickTab is PASSED

2021-07-22 14:04:55 - [TEST_STEP][PASSED] - ctdc.utilities.runtestcaseforKatalon.multiFunction("ICDC", G_StatBar_Samples, "Object Repository/Canine/Canine_Samples_Table", "Object Repository/Canine/Canine_Samples_TableHdr", "Object Repository/Canine/Canine_SamplesTabNextBtn", G_WebTabnameSamples, G_CypherTabnameSamples, G_QuerySamplesTab): Statbar Arms count matches

2021-07-22 14:05:13 - [MESSAGE][PASSED] - Statbar Files count matches

2021-07-22 14:05:13 - [MESSAGE][PASSED] - Statbar Samples count matches

2021-07-22 14:05:13 - [MESSAGE][PASSED] - Statbar Cases count matches

2021-07-22 14:05:13 - [MESSAGE][PASSED] - Statbar Arms count matches

2021-07-22 14:05:13 - [TEST_STEP][PASSED] - waitForElementPresent(findTestObject("Object Repository/Canine/CanineResults_Files_Tab"), 5): Object 'Object Repository/Canine/CanineResults_Files_Tab' is present

2021-07-22 14:05:14 - [MESSAGE][PASSED] - Object 'Object Repository/Canine/CanineResults_Files_Tab' is present

2021-07-22 14:05:14 - [TEST_STEP][PASSED] - ctdc.utilities.runtestcaseforKatalon.clickTab("Object Repository/Canine/CanineResults_Files_Tab"): ctdc.utilities.runtestcaseforKatalon.clickTab is PASSED

2021-07-22 14:05:14 - [MESSAGE][PASSED] - ctdc.utilities.runtestcaseforKatalon.clickTab is PASSED

2021-07-22 14:05:14 - [TEST_STEP][PASSED] - ctdc.utilities.runtestcaseforKatalon.multiFunction("ICDC", G_StatBar_Files, "Object Repository/Canine/Canine_Files_Table", "Object Repository/Canine/Canine_Files_TableHdr", "Object Repository/Canine/Canine_FilesTabNextBtn", G_WebTabnameFiles, G_CypherTabnameFiles, G_QueryFilesTab): Statbar Arms count matches

2021-07-22 14:05:41 - [MESSAGE][PASSED] - Statbar Files count matches

2021-07-22 14:05:41 - [MESSAGE][PASSED] - Statbar Samples count matches

2021-07-22 14:05:41 - [MESSAGE][PASSED] - Statbar Cases count matches

2021-07-22 14:05:41 - [MESSAGE][PASSED] - Statbar Arms count matches

2021-07-22 14:05:41 - [TEST_STEP][PASSED] - closeBrowser(): Browser is closed

2021-07-22 14:05:41 - [MESSAGE][PASSED] - Browser is closed]]></system-out>
         <system-err><![CDATA[]]></system-err>
      </testcase>
      <testcase name="Test Cases/Canine_TestCases/Breed/TC03_Canine_Filter_Breed-AusShephd" time="94.055" classname="Test Cases/Canine_TestCases/Breed/TC03_Canine_Filter_Breed-AusShephd" status="PASSED">
         <system-out><![CDATA[2021-07-22 14:05:41 - [TEST_CASE][PASSED] - Test Cases/Canine_TestCases/Breed/TC03_Canine_Filter_Breed-AusShephd: Test Cases/Canine_TestCases/Breed/TC03_Canine_Filter_Breed-AusShephd

2021-07-22 14:05:41 - [TEST_STEP][PASSED] - Start listener action : getTestScriptName: null

2021-07-22 14:05:41 - [TEST_STEP][PASSED] - TestCaseId = testCaseContext.getTestCaseId(): null

2021-07-22 14:05:41 - [TEST_STEP][PASSED] - out.println("**********this is the value of test case id string******** " + testCaseContext.getTestCaseId()): null

2021-07-22 14:05:41 - [TEST_STEP][PASSED] - G_currentTCName = TestCaseId.substring(TestCaseId.lastIndexOf("TC")): null

2021-07-22 14:05:41 - [TEST_STEP][PASSED] - out.println("This is the test case name : " + G_currentTCName): null

2021-07-22 14:05:42 - [TEST_STEP][PASSED] - closeBrowser(): Browser is closed

2021-07-22 14:05:42 - [MESSAGE][PASSED] - Browser is closed

2021-07-22 14:05:42 - [TEST_STEP][PASSED] - ctdc.utilities.runtestcaseforKatalon.RunKatalon("TC03_Canine_Filter_Breed-AusShephd.xlsx"): Data loaded from input file for the test case. 

2021-07-22 14:05:42 - [MESSAGE][PASSED] - Test case file loaded This is the full filepath after converting to string :C:\Users\sohilz2\Commons_Automation\InputFiles\TC03_Canine_Filter_Breed-AusShephd.xlsx

2021-07-22 14:05:42 - [MESSAGE][INFO] - Global variable set for password file is :  C:\Users\sohilz2\Commons_Automation\InputFiles\TC03_Canine_Filter_Breed-AusShephd.xlsx

2021-07-22 14:05:46 - [MESSAGE][PASSED] - Data loaded from input file for the test case. 

2021-07-22 14:05:52 - [TEST_STEP][PASSED] - waitForElementPresent(findTestObject("Canine/NavBar/Canine_Cases_Btn"), 5): Object 'Object Repository/Canine/NavBar/Canine_Cases_Btn' is present

2021-07-22 14:05:52 - [MESSAGE][PASSED] - Object 'Object Repository/Canine/NavBar/Canine_Cases_Btn' is present

2021-07-22 14:05:52 - [TEST_STEP][PASSED] - ctdc.utilities.runtestcaseforKatalon.clickTab("Canine/NavBar/Canine_Cases_Btn"): ctdc.utilities.runtestcaseforKatalon.clickTab is PASSED

2021-07-22 14:05:52 - [MESSAGE][PASSED] - ctdc.utilities.runtestcaseforKatalon.clickTab is PASSED

2021-07-22 14:05:52 - [TEST_STEP][PASSED] - waitForElementPresent(findTestObject("Bento/Cases_page/Filter/FilterByCases_Facet"), 5): Object 'Object Repository/Bento/Cases_page/Filter/FilterByCases_Facet' is present

2021-07-22 14:05:53 - [MESSAGE][PASSED] - Object 'Object Repository/Bento/Cases_page/Filter/FilterByCases_Facet' is present

2021-07-22 14:05:53 - [TEST_STEP][PASSED] - ctdc.utilities.runtestcaseforKatalon.clickTab("Bento/Cases_page/Filter/FilterByCases_Facet"): ctdc.utilities.runtestcaseforKatalon.clickTab is PASSED

2021-07-22 14:05:53 - [MESSAGE][PASSED] - ctdc.utilities.runtestcaseforKatalon.clickTab is PASSED

2021-07-22 14:05:53 - [TEST_STEP][PASSED] - waitForElementPresent(findTestObject("Object Repository/Canine/Filter/Breed/BREED_Ddn"), 5): Object 'Object Repository/Canine/Filter/Breed/BREED_Ddn' is present

2021-07-22 14:05:54 - [MESSAGE][PASSED] - Object 'Object Repository/Canine/Filter/Breed/BREED_Ddn' is present

2021-07-22 14:05:54 - [TEST_STEP][PASSED] - ctdc.utilities.runtestcaseforKatalon.clickTabCanineStat("Object Repository/Canine/Filter/Breed/BREED_Ddn"): ctdc.utilities.runtestcaseforKatalon.clickTabCanineStat is PASSED

2021-07-22 14:06:03 - [MESSAGE][PASSED] - ctdc.utilities.runtestcaseforKatalon.clickTabCanineStat is PASSED

2021-07-22 14:06:03 - [TEST_STEP][PASSED] - ctdc.utilities.runtestcaseforKatalon.clickTabCanineStat("Object Repository/Canine/Filter/Breed/AusShephd_Chkbx"): ctdc.utilities.runtestcaseforKatalon.clickTabCanineStat is PASSED

2021-07-22 14:06:12 - [MESSAGE][PASSED] - ctdc.utilities.runtestcaseforKatalon.clickTabCanineStat is PASSED

2021-07-22 14:06:12 - [TEST_STEP][PASSED] - ctdc.utilities.runtestcaseforKatalon.readStatBarCanine("Object Repository/Canine/StatBar/Canine_StatBar-Studies", "Object Repository/Canine/StatBar/Canine_StatBar-Cases", "Object Repository/Canine/StatBar/Canine_StatBar-Samples", "Object Repository/Canine/StatBar/Canine_StatBar-Files", "Object Repository/Canine/StatBar/Canine_StatBar-Aliquots"): ctdc.utilities.runtestcaseforKatalon.readStatBarCanine is PASSED

2021-07-22 14:06:27 - [MESSAGE][PASSED] - ctdc.utilities.runtestcaseforKatalon.readStatBarCanine is PASSED

2021-07-22 14:06:27 - [TEST_STEP][PASSED] - waitForElementPresent(findTestObject("Object Repository/Canine/CanineResults_Cases_Tab"), 5): Object 'Object Repository/Canine/CanineResults_Cases_Tab' is present

2021-07-22 14:06:27 - [MESSAGE][PASSED] - Object 'Object Repository/Canine/CanineResults_Cases_Tab' is present

2021-07-22 14:06:27 - [TEST_STEP][PASSED] - ctdc.utilities.runtestcaseforKatalon.clickTab("Object Repository/Canine/CanineResults_Cases_Tab"): ctdc.utilities.runtestcaseforKatalon.clickTab is PASSED

2021-07-22 14:06:27 - [MESSAGE][PASSED] - ctdc.utilities.runtestcaseforKatalon.clickTab is PASSED

2021-07-22 14:06:27 - [TEST_STEP][PASSED] - ctdc.utilities.runtestcaseforKatalon.multiFunction("ICDC", G_StatBar_Cases, "Object Repository/Canine/Canine_CasesTable", "Object Repository/Canine/Canine_TableHeader", "Object Repository/Canine/Canine_CasesTabNextBtn", G_WebTabnameCases, G_CypherTabnameCases, G_QueryCasesTab): Statbar Arms count matches

2021-07-22 14:06:42 - [MESSAGE][PASSED] - Statbar Files count matches

2021-07-22 14:06:42 - [MESSAGE][PASSED] - Statbar Samples count matches

2021-07-22 14:06:42 - [MESSAGE][PASSED] - Statbar Cases count matches

2021-07-22 14:06:42 - [MESSAGE][PASSED] - Statbar Arms count matches

2021-07-22 14:06:42 - [TEST_STEP][PASSED] - waitForElementPresent(findTestObject("Object Repository/Canine/CanineResults_Samples_Tab"), 5): Object 'Object Repository/Canine/CanineResults_Samples_Tab' is present

2021-07-22 14:06:42 - [MESSAGE][PASSED] - Object 'Object Repository/Canine/CanineResults_Samples_Tab' is present

2021-07-22 14:06:42 - [TEST_STEP][PASSED] - ctdc.utilities.runtestcaseforKatalon.clickTab("Object Repository/Canine/CanineResults_Samples_Tab"): ctdc.utilities.runtestcaseforKatalon.clickTab is PASSED

2021-07-22 14:06:42 - [MESSAGE][PASSED] - ctdc.utilities.runtestcaseforKatalon.clickTab is PASSED

2021-07-22 14:06:42 - [TEST_STEP][PASSED] - ctdc.utilities.runtestcaseforKatalon.multiFunction("ICDC", G_StatBar_Samples, "Object Repository/Canine/Canine_Samples_Table", "Object Repository/Canine/Canine_Samples_TableHdr", "Object Repository/Canine/Canine_SamplesTabNextBtn", G_WebTabnameSamples, G_CypherTabnameSamples, G_QuerySamplesTab): Statbar Arms count matches

2021-07-22 14:06:58 - [MESSAGE][PASSED] - Statbar Files count matches

2021-07-22 14:06:58 - [MESSAGE][PASSED] - Statbar Samples count matches

2021-07-22 14:06:58 - [MESSAGE][PASSED] - Statbar Cases count matches

2021-07-22 14:06:58 - [MESSAGE][PASSED] - Statbar Arms count matches

2021-07-22 14:06:58 - [TEST_STEP][PASSED] - waitForElementPresent(findTestObject("Object Repository/Canine/CanineResults_Files_Tab"), 5): Object 'Object Repository/Canine/CanineResults_Files_Tab' is present

2021-07-22 14:06:58 - [MESSAGE][PASSED] - Object 'Object Repository/Canine/CanineResults_Files_Tab' is present

2021-07-22 14:06:58 - [TEST_STEP][PASSED] - ctdc.utilities.runtestcaseforKatalon.clickTab("Object Repository/Canine/CanineResults_Files_Tab"): ctdc.utilities.runtestcaseforKatalon.clickTab is PASSED

2021-07-22 14:06:58 - [MESSAGE][PASSED] - ctdc.utilities.runtestcaseforKatalon.clickTab is PASSED

2021-07-22 14:06:58 - [TEST_STEP][PASSED] - ctdc.utilities.runtestcaseforKatalon.multiFunction("ICDC", G_StatBar_Files, "Object Repository/Canine/Canine_Files_Table", "Object Repository/Canine/Canine_Files_TableHdr", "Object Repository/Canine/Canine_FilesTabNextBtn", G_WebTabnameFiles, G_CypherTabnameFiles, G_QueryFilesTab): Statbar Arms count matches

2021-07-22 14:07:15 - [MESSAGE][PASSED] - Statbar Files count matches

2021-07-22 14:07:15 - [MESSAGE][PASSED] - Statbar Samples count matches

2021-07-22 14:07:15 - [MESSAGE][PASSED] - Statbar Cases count matches

2021-07-22 14:07:15 - [MESSAGE][PASSED] - Statbar Arms count matches

2021-07-22 14:07:15 - [TEST_STEP][PASSED] - closeBrowser(): Browser is closed

2021-07-22 14:07:15 - [MESSAGE][PASSED] - Browser is closed]]></system-out>
         <system-err><![CDATA[]]></system-err>
      </testcase>
      <testcase name="Test Cases/Canine_TestCases/Breed/TC04_Canine_Filter_Breed-BassHnd" time="94.271" classname="Test Cases/Canine_TestCases/Breed/TC04_Canine_Filter_Breed-BassHnd" status="PASSED">
         <system-out><![CDATA[2021-07-22 14:07:15 - [TEST_CASE][PASSED] - Test Cases/Canine_TestCases/Breed/TC04_Canine_Filter_Breed-BassHnd: Test Cases/Canine_TestCases/Breed/TC04_Canine_Filter_Breed-BassHnd

2021-07-22 14:07:16 - [TEST_STEP][PASSED] - Start listener action : getTestScriptName: null

2021-07-22 14:07:16 - [TEST_STEP][PASSED] - TestCaseId = testCaseContext.getTestCaseId(): null

2021-07-22 14:07:16 - [TEST_STEP][PASSED] - out.println("**********this is the value of test case id string******** " + testCaseContext.getTestCaseId()): null

2021-07-22 14:07:16 - [TEST_STEP][PASSED] - G_currentTCName = TestCaseId.substring(TestCaseId.lastIndexOf("TC")): null

2021-07-22 14:07:16 - [TEST_STEP][PASSED] - out.println("This is the test case name : " + G_currentTCName): null

2021-07-22 14:07:16 - [TEST_STEP][PASSED] - closeBrowser(): Browser is closed

2021-07-22 14:07:16 - [MESSAGE][PASSED] - Browser is closed

2021-07-22 14:07:16 - [TEST_STEP][PASSED] - ctdc.utilities.runtestcaseforKatalon.RunKatalon("TC04_Canine_Filter_Breed-BassHnd.xlsx"): Data loaded from input file for the test case. 

2021-07-22 14:07:16 - [MESSAGE][PASSED] - Test case file loaded This is the full filepath after converting to string :C:\Users\sohilz2\Commons_Automation\InputFiles\TC04_Canine_Filter_Breed-BassHnd.xlsx

2021-07-22 14:07:16 - [MESSAGE][INFO] - Global variable set for password file is :  C:\Users\sohilz2\Commons_Automation\InputFiles\TC04_Canine_Filter_Breed-BassHnd.xlsx

2021-07-22 14:07:20 - [MESSAGE][PASSED] - Data loaded from input file for the test case. 

2021-07-22 14:07:27 - [TEST_STEP][PASSED] - waitForElementPresent(findTestObject("Canine/NavBar/Canine_Cases_Btn"), 5): Object 'Object Repository/Canine/NavBar/Canine_Cases_Btn' is present

2021-07-22 14:07:27 - [MESSAGE][PASSED] - Object 'Object Repository/Canine/NavBar/Canine_Cases_Btn' is present

2021-07-22 14:07:27 - [TEST_STEP][PASSED] - ctdc.utilities.runtestcaseforKatalon.clickTab("Canine/NavBar/Canine_Cases_Btn"): ctdc.utilities.runtestcaseforKatalon.clickTab is PASSED

2021-07-22 14:07:27 - [MESSAGE][PASSED] - ctdc.utilities.runtestcaseforKatalon.clickTab is PASSED

2021-07-22 14:07:27 - [TEST_STEP][PASSED] - waitForElementPresent(findTestObject("Bento/Cases_page/Filter/FilterByCases_Facet"), 5): Object 'Object Repository/Bento/Cases_page/Filter/FilterByCases_Facet' is present

2021-07-22 14:07:29 - [MESSAGE][PASSED] - Object 'Object Repository/Bento/Cases_page/Filter/FilterByCases_Facet' is present

2021-07-22 14:07:29 - [TEST_STEP][PASSED] - ctdc.utilities.runtestcaseforKatalon.clickTab("Bento/Cases_page/Filter/FilterByCases_Facet"): ctdc.utilities.runtestcaseforKatalon.clickTab is PASSED

2021-07-22 14:07:29 - [MESSAGE][PASSED] - ctdc.utilities.runtestcaseforKatalon.clickTab is PASSED

2021-07-22 14:07:29 - [TEST_STEP][PASSED] - waitForElementPresent(findTestObject("Object Repository/Canine/Filter/Breed/BREED_Ddn"), 5): Object 'Object Repository/Canine/Filter/Breed/BREED_Ddn' is present

2021-07-22 14:07:29 - [MESSAGE][PASSED] - Object 'Object Repository/Canine/Filter/Breed/BREED_Ddn' is present

2021-07-22 14:07:29 - [TEST_STEP][PASSED] - ctdc.utilities.runtestcaseforKatalon.clickTabCanineStat("Object Repository/Canine/Filter/Breed/BREED_Ddn"): ctdc.utilities.runtestcaseforKatalon.clickTabCanineStat is PASSED

2021-07-22 14:07:39 - [MESSAGE][PASSED] - ctdc.utilities.runtestcaseforKatalon.clickTabCanineStat is PASSED

2021-07-22 14:07:39 - [TEST_STEP][PASSED] - ctdc.utilities.runtestcaseforKatalon.clickTabCanineStat("Object Repository/Canine/Filter/Breed/BassHnd_Chkbx"): ctdc.utilities.runtestcaseforKatalon.clickTabCanineStat is PASSED

2021-07-22 14:07:47 - [MESSAGE][PASSED] - ctdc.utilities.runtestcaseforKatalon.clickTabCanineStat is PASSED

2021-07-22 14:07:47 - [TEST_STEP][PASSED] - ctdc.utilities.runtestcaseforKatalon.readStatBarCanine("Object Repository/Canine/StatBar/Canine_StatBar-Studies", "Object Repository/Canine/StatBar/Canine_StatBar-Cases", "Object Repository/Canine/StatBar/Canine_StatBar-Samples", "Object Repository/Canine/StatBar/Canine_StatBar-Files", "Object Repository/Canine/StatBar/Canine_StatBar-Aliquots"): ctdc.utilities.runtestcaseforKatalon.readStatBarCanine is PASSED

2021-07-22 14:08:03 - [MESSAGE][PASSED] - ctdc.utilities.runtestcaseforKatalon.readStatBarCanine is PASSED

2021-07-22 14:08:03 - [TEST_STEP][PASSED] - waitForElementPresent(findTestObject("Object Repository/Canine/CanineResults_Cases_Tab"), 5): Object 'Object Repository/Canine/CanineResults_Cases_Tab' is present

2021-07-22 14:08:03 - [MESSAGE][PASSED] - Object 'Object Repository/Canine/CanineResults_Cases_Tab' is present

2021-07-22 14:08:03 - [TEST_STEP][PASSED] - ctdc.utilities.runtestcaseforKatalon.clickTab("Object Repository/Canine/CanineResults_Cases_Tab"): ctdc.utilities.runtestcaseforKatalon.clickTab is PASSED

2021-07-22 14:08:03 - [MESSAGE][PASSED] - ctdc.utilities.runtestcaseforKatalon.clickTab is PASSED

2021-07-22 14:08:03 - [TEST_STEP][PASSED] - ctdc.utilities.runtestcaseforKatalon.multiFunction("ICDC", G_StatBar_Cases, "Object Repository/Canine/Canine_CasesTable", "Object Repository/Canine/Canine_TableHeader", "Object Repository/Canine/Canine_CasesTabNextBtn", G_WebTabnameCases, G_CypherTabnameCases, G_QueryCasesTab): Statbar Arms count matches

2021-07-22 14:08:18 - [MESSAGE][PASSED] - Statbar Files count matches

2021-07-22 14:08:18 - [MESSAGE][PASSED] - Statbar Samples count matches

2021-07-22 14:08:18 - [MESSAGE][PASSED] - Statbar Cases count matches

2021-07-22 14:08:18 - [MESSAGE][PASSED] - Statbar Arms count matches

2021-07-22 14:08:18 - [TEST_STEP][PASSED] - waitForElementPresent(findTestObject("Object Repository/Canine/CanineResults_Samples_Tab"), 5): Object 'Object Repository/Canine/CanineResults_Samples_Tab' is present

2021-07-22 14:08:18 - [MESSAGE][PASSED] - Object 'Object Repository/Canine/CanineResults_Samples_Tab' is present

2021-07-22 14:08:18 - [TEST_STEP][PASSED] - ctdc.utilities.runtestcaseforKatalon.clickTab("Object Repository/Canine/CanineResults_Samples_Tab"): ctdc.utilities.runtestcaseforKatalon.clickTab is PASSED

2021-07-22 14:08:18 - [MESSAGE][PASSED] - ctdc.utilities.runtestcaseforKatalon.clickTab is PASSED

2021-07-22 14:08:18 - [TEST_STEP][PASSED] - ctdc.utilities.runtestcaseforKatalon.multiFunction("ICDC", G_StatBar_Samples, "Object Repository/Canine/Canine_Samples_Table", "Object Repository/Canine/Canine_Samples_TableHdr", "Object Repository/Canine/Canine_SamplesTabNextBtn", G_WebTabnameSamples, G_CypherTabnameSamples, G_QuerySamplesTab): Statbar Arms count matches

2021-07-22 14:08:33 - [MESSAGE][PASSED] - Statbar Files count matches

2021-07-22 14:08:33 - [MESSAGE][PASSED] - Statbar Samples count matches

2021-07-22 14:08:33 - [MESSAGE][PASSED] - Statbar Cases count matches

2021-07-22 14:08:33 - [MESSAGE][PASSED] - Statbar Arms count matches

2021-07-22 14:08:33 - [TEST_STEP][PASSED] - waitForElementPresent(findTestObject("Object Repository/Canine/CanineResults_Files_Tab"), 5): Object 'Object Repository/Canine/CanineResults_Files_Tab' is present

2021-07-22 14:08:33 - [MESSAGE][PASSED] - Object 'Object Repository/Canine/CanineResults_Files_Tab' is present

2021-07-22 14:08:33 - [TEST_STEP][PASSED] - ctdc.utilities.runtestcaseforKatalon.clickTab("Object Repository/Canine/CanineResults_Files_Tab"): ctdc.utilities.runtestcaseforKatalon.clickTab is PASSED

2021-07-22 14:08:34 - [MESSAGE][PASSED] - ctdc.utilities.runtestcaseforKatalon.clickTab is PASSED

2021-07-22 14:08:34 - [TEST_STEP][PASSED] - ctdc.utilities.runtestcaseforKatalon.multiFunction("ICDC", G_StatBar_Files, "Object Repository/Canine/Canine_Files_Table", "Object Repository/Canine/Canine_Files_TableHdr", "Object Repository/Canine/Canine_FilesTabNextBtn", G_WebTabnameFiles, G_CypherTabnameFiles, G_QueryFilesTab): Statbar Arms count matches

2021-07-22 14:08:49 - [MESSAGE][PASSED] - Statbar Files count matches

2021-07-22 14:08:49 - [MESSAGE][PASSED] - Statbar Samples count matches

2021-07-22 14:08:49 - [MESSAGE][PASSED] - Statbar Cases count matches

2021-07-22 14:08:49 - [MESSAGE][PASSED] - Statbar Arms count matches

2021-07-22 14:08:49 - [TEST_STEP][PASSED] - closeBrowser(): Browser is closed

2021-07-22 14:08:50 - [MESSAGE][PASSED] - Browser is closed]]></system-out>
         <system-err><![CDATA[]]></system-err>
      </testcase>
      <testcase name="Test Cases/Canine_TestCases/Breed/TC06_Canine_Filter_Breed-BelgMalin" time="115.184" classname="Test Cases/Canine_TestCases/Breed/TC06_Canine_Filter_Breed-BelgMalin" status="PASSED">
         <system-out><![CDATA[2021-07-22 14:08:50 - [TEST_CASE][PASSED] - Test Cases/Canine_TestCases/Breed/TC06_Canine_Filter_Breed-BelgMalin: Test Cases/Canine_TestCases/Breed/TC06_Canine_Filter_Breed-BelgMalin

2021-07-22 14:08:50 - [TEST_STEP][PASSED] - Start listener action : getTestScriptName: null

2021-07-22 14:08:50 - [TEST_STEP][PASSED] - TestCaseId = testCaseContext.getTestCaseId(): null

2021-07-22 14:08:50 - [TEST_STEP][PASSED] - out.println("**********this is the value of test case id string******** " + testCaseContext.getTestCaseId()): null

2021-07-22 14:08:50 - [TEST_STEP][PASSED] - G_currentTCName = TestCaseId.substring(TestCaseId.lastIndexOf("TC")): null

2021-07-22 14:08:50 - [TEST_STEP][PASSED] - out.println("This is the test case name : " + G_currentTCName): null

2021-07-22 14:08:50 - [TEST_STEP][PASSED] - closeBrowser(): Browser is closed

2021-07-22 14:08:50 - [MESSAGE][PASSED] - Browser is closed

2021-07-22 14:08:50 - [TEST_STEP][PASSED] - ctdc.utilities.runtestcaseforKatalon.RunKatalon("TC06_Canine_Filter_Breed-BelgMalin.xlsx"): Data loaded from input file for the test case. 

2021-07-22 14:08:50 - [MESSAGE][PASSED] - Test case file loaded This is the full filepath after converting to string :C:\Users\sohilz2\Commons_Automation\InputFiles\TC06_Canine_Filter_Breed-BelgMalin.xlsx

2021-07-22 14:08:50 - [MESSAGE][INFO] - Global variable set for password file is :  C:\Users\sohilz2\Commons_Automation\InputFiles\TC06_Canine_Filter_Breed-BelgMalin.xlsx

2021-07-22 14:08:54 - [MESSAGE][PASSED] - Data loaded from input file for the test case. 

2021-07-22 14:09:00 - [TEST_STEP][PASSED] - click(findTestObject("Canine/NavBar/Canine_Cases_Btn")): Object: 'Object Repository/Canine/NavBar/Canine_Cases_Btn' is clicked on

2021-07-22 14:09:01 - [MESSAGE][PASSED] - Object: 'Object Repository/Canine/NavBar/Canine_Cases_Btn' is clicked on

2021-07-22 14:09:01 - [TEST_STEP][PASSED] - click(findTestObject("Bento/Cases_page/Filter/FilterByCases_Facet")): Object: 'Object Repository/Bento/Cases_page/Filter/FilterByCases_Facet' is clicked on

2021-07-22 14:09:02 - [MESSAGE][PASSED] - Object: 'Object Repository/Bento/Cases_page/Filter/FilterByCases_Facet' is clicked on

2021-07-22 14:09:02 - [TEST_STEP][PASSED] - waitForElementPresent(findTestObject("Object Repository/Canine/Filter/Breed/BREED_Ddn"), 5): Object 'Object Repository/Canine/Filter/Breed/BREED_Ddn' is present

2021-07-22 14:09:02 - [MESSAGE][PASSED] - Object 'Object Repository/Canine/Filter/Breed/BREED_Ddn' is present

2021-07-22 14:09:02 - [TEST_STEP][PASSED] - ctdc.utilities.runtestcaseforKatalon.clickTabCanineStat("Object Repository/Canine/Filter/Breed/BREED_Ddn"): ctdc.utilities.runtestcaseforKatalon.clickTabCanineStat is PASSED

2021-07-22 14:09:10 - [MESSAGE][PASSED] - ctdc.utilities.runtestcaseforKatalon.clickTabCanineStat is PASSED

2021-07-22 14:09:10 - [TEST_STEP][PASSED] - ctdc.utilities.runtestcaseforKatalon.clickTabCanineStat("Object Repository/Canine/Filter/Breed/BelgMalin_Chkbx"): ctdc.utilities.runtestcaseforKatalon.clickTabCanineStat is PASSED

2021-07-22 14:09:19 - [MESSAGE][PASSED] - ctdc.utilities.runtestcaseforKatalon.clickTabCanineStat is PASSED

2021-07-22 14:09:19 - [TEST_STEP][PASSED] - ctdc.utilities.runtestcaseforKatalon.readStatBarCanine("Object Repository/Canine/StatBar/Canine_StatBar-Studies", "Object Repository/Canine/StatBar/Canine_StatBar-Cases", "Object Repository/Canine/StatBar/Canine_StatBar-Samples", "Object Repository/Canine/StatBar/Canine_StatBar-Files", "Object Repository/Canine/StatBar/Canine_StatBar-Aliquots"): ctdc.utilities.runtestcaseforKatalon.readStatBarCanine is PASSED

2021-07-22 14:09:34 - [MESSAGE][PASSED] - ctdc.utilities.runtestcaseforKatalon.readStatBarCanine is PASSED

2021-07-22 14:09:34 - [TEST_STEP][PASSED] - waitForElementPresent(findTestObject("Object Repository/Canine/CanineResults_Cases_Tab"), 5): Object 'Object Repository/Canine/CanineResults_Cases_Tab' is present

2021-07-22 14:09:35 - [MESSAGE][PASSED] - Object 'Object Repository/Canine/CanineResults_Cases_Tab' is present

2021-07-22 14:09:35 - [TEST_STEP][PASSED] - ctdc.utilities.runtestcaseforKatalon.clickTabCanineStat("Object Repository/Canine/CanineResults_Cases_Tab"): ctdc.utilities.runtestcaseforKatalon.clickTabCanineStat is PASSED

2021-07-22 14:09:43 - [MESSAGE][PASSED] - ctdc.utilities.runtestcaseforKatalon.clickTabCanineStat is PASSED

2021-07-22 14:09:43 - [TEST_STEP][PASSED] - ctdc.utilities.runtestcaseforKatalon.multiFunction("ICDC", G_StatBar_Cases, "Object Repository/Canine/Canine_CasesTable", "Object Repository/Canine/Canine_TableHeader", "Object Repository/Canine/Canine_CasesTabNextBtn", G_WebTabnameCases, G_CypherTabnameCases, G_QueryCasesTab): Statbar Arms count matches

2021-07-22 14:09:57 - [MESSAGE][PASSED] - Statbar Files count matches

2021-07-22 14:09:57 - [MESSAGE][PASSED] - Statbar Samples count matches

2021-07-22 14:09:57 - [MESSAGE][PASSED] - Statbar Cases count matches

2021-07-22 14:09:57 - [MESSAGE][PASSED] - Statbar Arms count matches

2021-07-22 14:09:57 - [TEST_STEP][PASSED] - waitForElementPresent(findTestObject("Object Repository/Canine/CanineResults_Samples_Tab"), 5): Object 'Object Repository/Canine/CanineResults_Samples_Tab' is present

2021-07-22 14:09:57 - [MESSAGE][PASSED] - Object 'Object Repository/Canine/CanineResults_Samples_Tab' is present

2021-07-22 14:09:57 - [TEST_STEP][PASSED] - ctdc.utilities.runtestcaseforKatalon.clickTabCanineStat("Object Repository/Canine/CanineResults_Samples_Tab"): ctdc.utilities.runtestcaseforKatalon.clickTabCanineStat is PASSED

2021-07-22 14:10:06 - [MESSAGE][PASSED] - ctdc.utilities.runtestcaseforKatalon.clickTabCanineStat is PASSED

2021-07-22 14:10:06 - [TEST_STEP][PASSED] - ctdc.utilities.runtestcaseforKatalon.multiFunction("ICDC", G_StatBar_Samples, "Object Repository/Canine/Canine_Samples_Table", "Object Repository/Canine/Canine_Samples_TableHdr", "Object Repository/Canine/Canine_SamplesTabNextBtn", G_WebTabnameSamples, G_CypherTabnameSamples, G_QuerySamplesTab): Statbar Arms count matches

2021-07-22 14:10:21 - [MESSAGE][PASSED] - Statbar Files count matches

2021-07-22 14:10:21 - [MESSAGE][PASSED] - Statbar Samples count matches

2021-07-22 14:10:21 - [MESSAGE][PASSED] - Statbar Cases count matches

2021-07-22 14:10:21 - [MESSAGE][PASSED] - Statbar Arms count matches

2021-07-22 14:10:21 - [TEST_STEP][PASSED] - waitForElementPresent(findTestObject("Object Repository/Canine/CanineResults_Files_Tab"), 5): Object 'Object Repository/Canine/CanineResults_Files_Tab' is present

2021-07-22 14:10:21 - [MESSAGE][PASSED] - Object 'Object Repository/Canine/CanineResults_Files_Tab' is present

2021-07-22 14:10:21 - [TEST_STEP][PASSED] - ctdc.utilities.runtestcaseforKatalon.clickTabCanineStat("Object Repository/Canine/CanineResults_Files_Tab"): ctdc.utilities.runtestcaseforKatalon.clickTabCanineStat is PASSED

2021-07-22 14:10:29 - [MESSAGE][PASSED] - ctdc.utilities.runtestcaseforKatalon.clickTabCanineStat is PASSED

2021-07-22 14:10:29 - [TEST_STEP][PASSED] - ctdc.utilities.runtestcaseforKatalon.multiFunction("ICDC", G_StatBar_Files, "Object Repository/Canine/Canine_Files_Table", "Object Repository/Canine/Canine_Files_TableHdr", "Object Repository/Canine/Canine_FilesTabNextBtn", G_WebTabnameFiles, G_CypherTabnameFiles, G_QueryFilesTab): Statbar Arms count matches

2021-07-22 14:10:44 - [MESSAGE][PASSED] - Statbar Files count matches

2021-07-22 14:10:44 - [MESSAGE][PASSED] - Statbar Samples count matches

2021-07-22 14:10:44 - [MESSAGE][PASSED] - Statbar Cases count matches

2021-07-22 14:10:44 - [MESSAGE][PASSED] - Statbar Arms count matches

2021-07-22 14:10:44 - [TEST_STEP][PASSED] - closeBrowser(): Browser is closed

2021-07-22 14:10:45 - [MESSAGE][PASSED] - Browser is closed]]></system-out>
         <system-err><![CDATA[]]></system-err>
      </testcase>
      <testcase name="Test Cases/Canine_TestCases/Breed/TC07_Canine_Filter_Breed-BrnMtnDog" time="118.167" classname="Test Cases/Canine_TestCases/Breed/TC07_Canine_Filter_Breed-BrnMtnDog" status="PASSED">
         <system-out><![CDATA[2021-07-22 14:10:45 - [TEST_CASE][PASSED] - Test Cases/Canine_TestCases/Breed/TC07_Canine_Filter_Breed-BrnMtnDog: Test Cases/Canine_TestCases/Breed/TC07_Canine_Filter_Breed-BrnMtnDog

2021-07-22 14:10:45 - [TEST_STEP][PASSED] - Start listener action : getTestScriptName: null

2021-07-22 14:10:45 - [TEST_STEP][PASSED] - TestCaseId = testCaseContext.getTestCaseId(): null

2021-07-22 14:10:45 - [TEST_STEP][PASSED] - out.println("**********this is the value of test case id string******** " + testCaseContext.getTestCaseId()): null

2021-07-22 14:10:45 - [TEST_STEP][PASSED] - G_currentTCName = TestCaseId.substring(TestCaseId.lastIndexOf("TC")): null

2021-07-22 14:10:45 - [TEST_STEP][PASSED] - out.println("This is the test case name : " + G_currentTCName): null

2021-07-22 14:10:46 - [TEST_STEP][PASSED] - closeBrowser(): Browser is closed

2021-07-22 14:10:46 - [MESSAGE][PASSED] - Browser is closed

2021-07-22 14:10:46 - [TEST_STEP][PASSED] - ctdc.utilities.runtestcaseforKatalon.RunKatalon("TC07_Canine_Filter_Breed-BrnMtnDog.xlsx"): Data loaded from input file for the test case. 

2021-07-22 14:10:46 - [MESSAGE][PASSED] - Test case file loaded This is the full filepath after converting to string :C:\Users\sohilz2\Commons_Automation\InputFiles\TC07_Canine_Filter_Breed-BrnMtnDog.xlsx

2021-07-22 14:10:46 - [MESSAGE][INFO] - Global variable set for password file is :  C:\Users\sohilz2\Commons_Automation\InputFiles\TC07_Canine_Filter_Breed-BrnMtnDog.xlsx

2021-07-22 14:10:50 - [MESSAGE][PASSED] - Data loaded from input file for the test case. 

2021-07-22 14:10:56 - [TEST_STEP][PASSED] - click(findTestObject("Canine/NavBar/Canine_Cases_Btn")): Object: 'Object Repository/Canine/NavBar/Canine_Cases_Btn' is clicked on

2021-07-22 14:10:56 - [MESSAGE][PASSED] - Object: 'Object Repository/Canine/NavBar/Canine_Cases_Btn' is clicked on

2021-07-22 14:10:56 - [TEST_STEP][PASSED] - click(findTestObject("Bento/Cases_page/Filter/FilterByCases_Facet")): Object: 'Object Repository/Bento/Cases_page/Filter/FilterByCases_Facet' is clicked on

2021-07-22 14:10:57 - [MESSAGE][PASSED] - Object: 'Object Repository/Bento/Cases_page/Filter/FilterByCases_Facet' is clicked on

2021-07-22 14:10:57 - [TEST_STEP][PASSED] - waitForElementPresent(findTestObject("Object Repository/Canine/Filter/Breed/BREED_Ddn"), 5): Object 'Object Repository/Canine/Filter/Breed/BREED_Ddn' is present

2021-07-22 14:10:57 - [MESSAGE][PASSED] - Object 'Object Repository/Canine/Filter/Breed/BREED_Ddn' is present

2021-07-22 14:10:57 - [TEST_STEP][PASSED] - ctdc.utilities.runtestcaseforKatalon.clickTabCanineStat("Object Repository/Canine/Filter/Breed/BREED_Ddn"): ctdc.utilities.runtestcaseforKatalon.clickTabCanineStat is PASSED

2021-07-22 14:11:06 - [MESSAGE][PASSED] - ctdc.utilities.runtestcaseforKatalon.clickTabCanineStat is PASSED

2021-07-22 14:11:06 - [TEST_STEP][PASSED] - ctdc.utilities.runtestcaseforKatalon.clickTabCanineStat("Object Repository/Canine/Filter/Breed/BernMtnDog_Chkbx"): ctdc.utilities.runtestcaseforKatalon.clickTabCanineStat is PASSED

2021-07-22 14:11:15 - [MESSAGE][PASSED] - ctdc.utilities.runtestcaseforKatalon.clickTabCanineStat is PASSED

2021-07-22 14:11:15 - [TEST_STEP][PASSED] - ctdc.utilities.runtestcaseforKatalon.readStatBarCanine("Object Repository/Canine/StatBar/Canine_StatBar-Studies", "Object Repository/Canine/StatBar/Canine_StatBar-Cases", "Object Repository/Canine/StatBar/Canine_StatBar-Samples", "Object Repository/Canine/StatBar/Canine_StatBar-Files", "Object Repository/Canine/StatBar/Canine_StatBar-Aliquots"): ctdc.utilities.runtestcaseforKatalon.readStatBarCanine is PASSED

2021-07-22 14:11:31 - [MESSAGE][PASSED] - ctdc.utilities.runtestcaseforKatalon.readStatBarCanine is PASSED

2021-07-22 14:11:31 - [TEST_STEP][PASSED] - waitForElementPresent(findTestObject("Object Repository/Canine/CanineResults_Cases_Tab"), 5): Object 'Object Repository/Canine/CanineResults_Cases_Tab' is present

2021-07-22 14:11:31 - [MESSAGE][PASSED] - Object 'Object Repository/Canine/CanineResults_Cases_Tab' is present

2021-07-22 14:11:31 - [TEST_STEP][PASSED] - ctdc.utilities.runtestcaseforKatalon.clickTabCanineStat("Object Repository/Canine/CanineResults_Cases_Tab"): ctdc.utilities.runtestcaseforKatalon.clickTabCanineStat is PASSED

2021-07-22 14:11:39 - [MESSAGE][PASSED] - ctdc.utilities.runtestcaseforKatalon.clickTabCanineStat is PASSED

2021-07-22 14:11:39 - [TEST_STEP][PASSED] - ctdc.utilities.runtestcaseforKatalon.multiFunction("ICDC", G_StatBar_Cases, "Object Repository/Canine/Canine_CasesTable", "Object Repository/Canine/Canine_TableHeader", "Object Repository/Canine/Canine_CasesTabNextBtn", G_WebTabnameCases, G_CypherTabnameCases, G_QueryCasesTab): Statbar Arms count matches

2021-07-22 14:11:55 - [MESSAGE][PASSED] - Statbar Files count matches

2021-07-22 14:11:55 - [MESSAGE][PASSED] - Statbar Samples count matches

2021-07-22 14:11:55 - [MESSAGE][PASSED] - Statbar Cases count matches

2021-07-22 14:11:55 - [MESSAGE][PASSED] - Statbar Arms count matches

2021-07-22 14:11:55 - [TEST_STEP][PASSED] - waitForElementPresent(findTestObject("Object Repository/Canine/CanineResults_Samples_Tab"), 5): Object 'Object Repository/Canine/CanineResults_Samples_Tab' is present

2021-07-22 14:11:55 - [MESSAGE][PASSED] - Object 'Object Repository/Canine/CanineResults_Samples_Tab' is present

2021-07-22 14:11:55 - [TEST_STEP][PASSED] - ctdc.utilities.runtestcaseforKatalon.clickTabCanineStat("Object Repository/Canine/CanineResults_Samples_Tab"): ctdc.utilities.runtestcaseforKatalon.clickTabCanineStat is PASSED

2021-07-22 14:12:04 - [MESSAGE][PASSED] - ctdc.utilities.runtestcaseforKatalon.clickTabCanineStat is PASSED

2021-07-22 14:12:04 - [TEST_STEP][PASSED] - ctdc.utilities.runtestcaseforKatalon.multiFunction("ICDC", G_StatBar_Samples, "Object Repository/Canine/Canine_Samples_Table", "Object Repository/Canine/Canine_Samples_TableHdr", "Object Repository/Canine/Canine_SamplesTabNextBtn", G_WebTabnameSamples, G_CypherTabnameSamples, G_QuerySamplesTab): Statbar Arms count matches

2021-07-22 14:12:19 - [MESSAGE][PASSED] - Statbar Files count matches

2021-07-22 14:12:19 - [MESSAGE][PASSED] - Statbar Samples count matches

2021-07-22 14:12:19 - [MESSAGE][PASSED] - Statbar Cases count matches

2021-07-22 14:12:19 - [MESSAGE][PASSED] - Statbar Arms count matches

2021-07-22 14:12:19 - [TEST_STEP][PASSED] - waitForElementPresent(findTestObject("Object Repository/Canine/CanineResults_Files_Tab"), 5): Object 'Object Repository/Canine/CanineResults_Files_Tab' is present

2021-07-22 14:12:19 - [MESSAGE][PASSED] - Object 'Object Repository/Canine/CanineResults_Files_Tab' is present

2021-07-22 14:12:19 - [TEST_STEP][PASSED] - ctdc.utilities.runtestcaseforKatalon.clickTabCanineStat("Object Repository/Canine/CanineResults_Files_Tab"): ctdc.utilities.runtestcaseforKatalon.clickTabCanineStat is PASSED

2021-07-22 14:12:28 - [MESSAGE][PASSED] - ctdc.utilities.runtestcaseforKatalon.clickTabCanineStat is PASSED

2021-07-22 14:12:28 - [TEST_STEP][PASSED] - ctdc.utilities.runtestcaseforKatalon.multiFunction("ICDC", G_StatBar_Files, "Object Repository/Canine/Canine_Files_Table", "Object Repository/Canine/Canine_Files_TableHdr", "Object Repository/Canine/Canine_FilesTabNextBtn", G_WebTabnameFiles, G_CypherTabnameFiles, G_QueryFilesTab): Statbar Arms count matches

2021-07-22 14:12:43 - [MESSAGE][PASSED] - Statbar Files count matches

2021-07-22 14:12:43 - [MESSAGE][PASSED] - Statbar Samples count matches

2021-07-22 14:12:43 - [MESSAGE][PASSED] - Statbar Cases count matches

2021-07-22 14:12:43 - [MESSAGE][PASSED] - Statbar Arms count matches

2021-07-22 14:12:43 - [TEST_STEP][PASSED] - closeBrowser(): Browser is closed

2021-07-22 14:12:43 - [MESSAGE][PASSED] - Browser is closed]]></system-out>
         <system-err><![CDATA[]]></system-err>
      </testcase>
      <testcase name="Test Cases/Canine_TestCases/Breed/TC08_Canine_Filter_Breed-BlkTanCoon" time="118.723" classname="Test Cases/Canine_TestCases/Breed/TC08_Canine_Filter_Breed-BlkTanCoon" status="PASSED">
         <system-out><![CDATA[2021-07-22 14:12:43 - [TEST_CASE][PASSED] - Test Cases/Canine_TestCases/Breed/TC08_Canine_Filter_Breed-BlkTanCoon: Test Cases/Canine_TestCases/Breed/TC08_Canine_Filter_Breed-BlkTanCoon

2021-07-22 14:12:43 - [TEST_STEP][PASSED] - Start listener action : getTestScriptName: null

2021-07-22 14:12:43 - [TEST_STEP][PASSED] - TestCaseId = testCaseContext.getTestCaseId(): null

2021-07-22 14:12:43 - [TEST_STEP][PASSED] - out.println("**********this is the value of test case id string******** " + testCaseContext.getTestCaseId()): null

2021-07-22 14:12:43 - [TEST_STEP][PASSED] - G_currentTCName = TestCaseId.substring(TestCaseId.lastIndexOf("TC")): null

2021-07-22 14:12:43 - [TEST_STEP][PASSED] - out.println("This is the test case name : " + G_currentTCName): null

2021-07-22 14:12:44 - [TEST_STEP][PASSED] - closeBrowser(): Browser is closed

2021-07-22 14:12:44 - [MESSAGE][PASSED] - Browser is closed

2021-07-22 14:12:44 - [TEST_STEP][PASSED] - ctdc.utilities.runtestcaseforKatalon.RunKatalon("TC08_Canine_Filter_Breed-BlkTanCoon.xlsx"): Data loaded from input file for the test case. 

2021-07-22 14:12:44 - [MESSAGE][PASSED] - Test case file loaded This is the full filepath after converting to string :C:\Users\sohilz2\Commons_Automation\InputFiles\TC08_Canine_Filter_Breed-BlkTanCoon.xlsx

2021-07-22 14:12:44 - [MESSAGE][INFO] - Global variable set for password file is :  C:\Users\sohilz2\Commons_Automation\InputFiles\TC08_Canine_Filter_Breed-BlkTanCoon.xlsx

2021-07-22 14:12:48 - [MESSAGE][PASSED] - Data loaded from input file for the test case. 

2021-07-22 14:12:54 - [TEST_STEP][PASSED] - click(findTestObject("Canine/NavBar/Canine_Cases_Btn")): Object: 'Object Repository/Canine/NavBar/Canine_Cases_Btn' is clicked on

2021-07-22 14:12:54 - [MESSAGE][PASSED] - Object: 'Object Repository/Canine/NavBar/Canine_Cases_Btn' is clicked on

2021-07-22 14:12:54 - [TEST_STEP][PASSED] - click(findTestObject("Bento/Cases_page/Filter/FilterByCases_Facet")): Object: 'Object Repository/Bento/Cases_page/Filter/FilterByCases_Facet' is clicked on

2021-07-22 14:12:56 - [MESSAGE][PASSED] - Object: 'Object Repository/Bento/Cases_page/Filter/FilterByCases_Facet' is clicked on

2021-07-22 14:12:56 - [TEST_STEP][PASSED] - waitForElementPresent(findTestObject("Object Repository/Canine/Filter/Breed/BREED_Ddn"), 5): Object 'Object Repository/Canine/Filter/Breed/BREED_Ddn' is present

2021-07-22 14:12:56 - [MESSAGE][PASSED] - Object 'Object Repository/Canine/Filter/Breed/BREED_Ddn' is present

2021-07-22 14:12:56 - [TEST_STEP][PASSED] - ctdc.utilities.runtestcaseforKatalon.clickTabCanineStat("Object Repository/Canine/Filter/Breed/BREED_Ddn"): ctdc.utilities.runtestcaseforKatalon.clickTabCanineStat is PASSED

2021-07-22 14:13:05 - [MESSAGE][PASSED] - ctdc.utilities.runtestcaseforKatalon.clickTabCanineStat is PASSED

2021-07-22 14:13:05 - [TEST_STEP][PASSED] - ctdc.utilities.runtestcaseforKatalon.clickTabCanineStat("Object Repository/Canine/Filter/Breed/BlkTanCoon_Chkbx"): ctdc.utilities.runtestcaseforKatalon.clickTabCanineStat is PASSED

2021-07-22 14:13:14 - [MESSAGE][PASSED] - ctdc.utilities.runtestcaseforKatalon.clickTabCanineStat is PASSED

2021-07-22 14:13:14 - [TEST_STEP][PASSED] - ctdc.utilities.runtestcaseforKatalon.readStatBarCanine("Object Repository/Canine/StatBar/Canine_StatBar-Studies", "Object Repository/Canine/StatBar/Canine_StatBar-Cases", "Object Repository/Canine/StatBar/Canine_StatBar-Samples", "Object Repository/Canine/StatBar/Canine_StatBar-Files", "Object Repository/Canine/StatBar/Canine_StatBar-Aliquots"): ctdc.utilities.runtestcaseforKatalon.readStatBarCanine is PASSED

2021-07-22 14:13:29 - [MESSAGE][PASSED] - ctdc.utilities.runtestcaseforKatalon.readStatBarCanine is PASSED

2021-07-22 14:13:29 - [TEST_STEP][PASSED] - waitForElementPresent(findTestObject("Object Repository/Canine/CanineResults_Cases_Tab"), 5): Object 'Object Repository/Canine/CanineResults_Cases_Tab' is present

2021-07-22 14:13:29 - [MESSAGE][PASSED] - Object 'Object Repository/Canine/CanineResults_Cases_Tab' is present

2021-07-22 14:13:29 - [TEST_STEP][PASSED] - ctdc.utilities.runtestcaseforKatalon.clickTabCanineStat("Object Repository/Canine/CanineResults_Cases_Tab"): ctdc.utilities.runtestcaseforKatalon.clickTabCanineStat is PASSED

2021-07-22 14:13:38 - [MESSAGE][PASSED] - ctdc.utilities.runtestcaseforKatalon.clickTabCanineStat is PASSED

2021-07-22 14:13:38 - [TEST_STEP][PASSED] - ctdc.utilities.runtestcaseforKatalon.multiFunction("ICDC", G_StatBar_Cases, "Object Repository/Canine/Canine_CasesTable", "Object Repository/Canine/Canine_TableHeader", "Object Repository/Canine/Canine_CasesTabNextBtn", G_WebTabnameCases, G_CypherTabnameCases, G_QueryCasesTab): Statbar Arms count matches

2021-07-22 14:13:52 - [MESSAGE][PASSED] - Statbar Files count matches

2021-07-22 14:13:52 - [MESSAGE][PASSED] - Statbar Samples count matches

2021-07-22 14:13:52 - [MESSAGE][PASSED] - Statbar Cases count matches

2021-07-22 14:13:52 - [MESSAGE][PASSED] - Statbar Arms count matches

2021-07-22 14:13:52 - [TEST_STEP][PASSED] - waitForElementPresent(findTestObject("Object Repository/Canine/CanineResults_Samples_Tab"), 5): Object 'Object Repository/Canine/CanineResults_Samples_Tab' is present

2021-07-22 14:13:52 - [MESSAGE][PASSED] - Object 'Object Repository/Canine/CanineResults_Samples_Tab' is present

2021-07-22 14:13:52 - [TEST_STEP][PASSED] - ctdc.utilities.runtestcaseforKatalon.clickTabCanineStat("Object Repository/Canine/CanineResults_Samples_Tab"): ctdc.utilities.runtestcaseforKatalon.clickTabCanineStat is PASSED

2021-07-22 14:14:01 - [MESSAGE][PASSED] - ctdc.utilities.runtestcaseforKatalon.clickTabCanineStat is PASSED

2021-07-22 14:14:01 - [TEST_STEP][PASSED] - ctdc.utilities.runtestcaseforKatalon.multiFunction("ICDC", G_StatBar_Samples, "Object Repository/Canine/Canine_Samples_Table", "Object Repository/Canine/Canine_Samples_TableHdr", "Object Repository/Canine/Canine_SamplesTabNextBtn", G_WebTabnameSamples, G_CypherTabnameSamples, G_QuerySamplesTab): Statbar Arms count matches

2021-07-22 14:14:17 - [MESSAGE][PASSED] - Statbar Files count matches

2021-07-22 14:14:17 - [MESSAGE][PASSED] - Statbar Samples count matches

2021-07-22 14:14:17 - [MESSAGE][PASSED] - Statbar Cases count matches

2021-07-22 14:14:17 - [MESSAGE][PASSED] - Statbar Arms count matches

2021-07-22 14:14:17 - [TEST_STEP][PASSED] - waitForElementPresent(findTestObject("Object Repository/Canine/CanineResults_Files_Tab"), 5): Object 'Object Repository/Canine/CanineResults_Files_Tab' is present

2021-07-22 14:14:17 - [MESSAGE][PASSED] - Object 'Object Repository/Canine/CanineResults_Files_Tab' is present

2021-07-22 14:14:17 - [TEST_STEP][PASSED] - ctdc.utilities.runtestcaseforKatalon.clickTabCanineStat("Object Repository/Canine/CanineResults_Files_Tab"): ctdc.utilities.runtestcaseforKatalon.clickTabCanineStat is PASSED

2021-07-22 14:14:26 - [MESSAGE][PASSED] - ctdc.utilities.runtestcaseforKatalon.clickTabCanineStat is PASSED

2021-07-22 14:14:26 - [TEST_STEP][PASSED] - ctdc.utilities.runtestcaseforKatalon.multiFunction("ICDC", G_StatBar_Files, "Object Repository/Canine/Canine_Files_Table", "Object Repository/Canine/Canine_Files_TableHdr", "Object Repository/Canine/Canine_FilesTabNextBtn", G_WebTabnameFiles, G_CypherTabnameFiles, G_QueryFilesTab): Statbar Arms count matches

2021-07-22 14:14:41 - [MESSAGE][PASSED] - Statbar Files count matches

2021-07-22 14:14:41 - [MESSAGE][PASSED] - Statbar Samples count matches

2021-07-22 14:14:41 - [MESSAGE][PASSED] - Statbar Cases count matches

2021-07-22 14:14:41 - [MESSAGE][PASSED] - Statbar Arms count matches

2021-07-22 14:14:41 - [TEST_STEP][PASSED] - closeBrowser(): Browser is closed

2021-07-22 14:14:42 - [MESSAGE][PASSED] - Browser is closed]]></system-out>
         <system-err><![CDATA[]]></system-err>
      </testcase>
      <testcase name="Test Cases/Canine_TestCases/Breed/TC10_Canine_Filter_Breed-BostonTerr" time="378.875" classname="Test Cases/Canine_TestCases/Breed/TC10_Canine_Filter_Breed-BostonTerr" status="PASSED">
         <system-out><![CDATA[2021-07-22 14:14:42 - [TEST_CASE][PASSED] - Test Cases/Canine_TestCases/Breed/TC10_Canine_Filter_Breed-BostonTerr: Test Cases/Canine_TestCases/Breed/TC10_Canine_Filter_Breed-BostonTerr

2021-07-22 14:14:42 - [TEST_STEP][PASSED] - Start listener action : getTestScriptName: null

2021-07-22 14:14:42 - [TEST_STEP][PASSED] - TestCaseId = testCaseContext.getTestCaseId(): null

2021-07-22 14:14:42 - [TEST_STEP][PASSED] - out.println("**********this is the value of test case id string******** " + testCaseContext.getTestCaseId()): null

2021-07-22 14:14:42 - [TEST_STEP][PASSED] - G_currentTCName = TestCaseId.substring(TestCaseId.lastIndexOf("TC")): null

2021-07-22 14:14:42 - [TEST_STEP][PASSED] - out.println("This is the test case name : " + G_currentTCName): null

2021-07-22 14:14:42 - [TEST_STEP][PASSED] - closeBrowser(): Browser is closed

2021-07-22 14:14:42 - [MESSAGE][PASSED] - Browser is closed

2021-07-22 14:14:42 - [TEST_STEP][PASSED] - ctdc.utilities.runtestcaseforKatalon.RunKatalon("TC10_Canine_Filter_Breed-BostonTerr.xlsx"): Data loaded from input file for the test case. 

2021-07-22 14:14:42 - [MESSAGE][PASSED] - Test case file loaded This is the full filepath after converting to string :C:\Users\sohilz2\Commons_Automation\InputFiles\TC10_Canine_Filter_Breed-BostonTerr.xlsx

2021-07-22 14:14:42 - [MESSAGE][INFO] - Global variable set for password file is :  C:\Users\sohilz2\Commons_Automation\InputFiles\TC10_Canine_Filter_Breed-BostonTerr.xlsx

2021-07-22 14:14:46 - [MESSAGE][PASSED] - Data loaded from input file for the test case. 

2021-07-22 14:14:53 - [TEST_STEP][PASSED] - click(findTestObject("Canine/NavBar/Canine_Cases_Btn")): Object: 'Object Repository/Canine/NavBar/Canine_Cases_Btn' is clicked on

2021-07-22 14:14:53 - [MESSAGE][PASSED] - Object: 'Object Repository/Canine/NavBar/Canine_Cases_Btn' is clicked on

2021-07-22 14:14:53 - [TEST_STEP][PASSED] - click(findTestObject("Bento/Cases_page/Filter/FilterByCases_Facet")): Object: 'Object Repository/Bento/Cases_page/Filter/FilterByCases_Facet' is clicked on

2021-07-22 14:14:54 - [MESSAGE][PASSED] - Object: 'Object Repository/Bento/Cases_page/Filter/FilterByCases_Facet' is clicked on

2021-07-22 14:14:54 - [TEST_STEP][PASSED] - waitForElementPresent(findTestObject("Object Repository/Canine/Filter/Breed/BREED_Ddn"), 5): Object 'Object Repository/Canine/Filter/Breed/BREED_Ddn' is present

2021-07-22 14:14:54 - [MESSAGE][PASSED] - Object 'Object Repository/Canine/Filter/Breed/BREED_Ddn' is present

2021-07-22 14:14:54 - [TEST_STEP][PASSED] - ctdc.utilities.runtestcaseforKatalon.clickTabCanineStat("Object Repository/Canine/Filter/Breed/BREED_Ddn"): ctdc.utilities.runtestcaseforKatalon.clickTabCanineStat is PASSED

2021-07-22 14:15:03 - [MESSAGE][PASSED] - ctdc.utilities.runtestcaseforKatalon.clickTabCanineStat is PASSED

2021-07-22 14:15:03 - [TEST_STEP][PASSED] - ctdc.utilities.runtestcaseforKatalon.clickTabCanineStat("Canine/Filter/Breed/Boston_Chkbx"): ctdc.utilities.runtestcaseforKatalon.clickTabCanineStat is PASSED

2021-07-22 14:15:12 - [MESSAGE][PASSED] - ctdc.utilities.runtestcaseforKatalon.clickTabCanineStat is PASSED

2021-07-22 14:15:12 - [TEST_STEP][PASSED] - ctdc.utilities.runtestcaseforKatalon.readStatBarCanine("Object Repository/Canine/StatBar/Canine_StatBar-Studies", "Object Repository/Canine/StatBar/Canine_StatBar-Cases", "Object Repository/Canine/StatBar/Canine_StatBar-Samples", "Object Repository/Canine/StatBar/Canine_StatBar-Files", "Object Repository/Canine/StatBar/Canine_StatBar-Aliquots"): ctdc.utilities.runtestcaseforKatalon.readStatBarCanine is PASSED

2021-07-22 14:15:27 - [MESSAGE][PASSED] - ctdc.utilities.runtestcaseforKatalon.readStatBarCanine is PASSED

2021-07-22 14:15:27 - [TEST_STEP][PASSED] - waitForElementPresent(findTestObject("Object Repository/Canine/CanineResults_Cases_Tab"), 5): Object 'Object Repository/Canine/CanineResults_Cases_Tab' is present

2021-07-22 14:15:27 - [MESSAGE][PASSED] - Object 'Object Repository/Canine/CanineResults_Cases_Tab' is present

2021-07-22 14:15:27 - [TEST_STEP][PASSED] - ctdc.utilities.runtestcaseforKatalon.clickTab("Object Repository/Canine/CanineResults_Cases_Tab"): ctdc.utilities.runtestcaseforKatalon.clickTab is PASSED

2021-07-22 14:15:28 - [MESSAGE][PASSED] - ctdc.utilities.runtestcaseforKatalon.clickTab is PASSED

2021-07-22 14:15:28 - [TEST_STEP][PASSED] - ctdc.utilities.runtestcaseforKatalon.multiFunction("ICDC", G_StatBar_Cases, "Object Repository/Canine/Canine_CasesTable", "Object Repository/Canine/Canine_TableHeader", "Object Repository/Canine/Canine_CasesTabNextBtn", G_WebTabnameCases, G_CypherTabnameCases, G_QueryCasesTab): Statbar Arms count matches

2021-07-22 14:15:55 - [MESSAGE][PASSED] - Statbar Files count matches

2021-07-22 14:15:55 - [MESSAGE][PASSED] - Statbar Samples count matches

2021-07-22 14:15:55 - [MESSAGE][PASSED] - Statbar Cases count matches

2021-07-22 14:15:55 - [MESSAGE][PASSED] - Statbar Arms count matches

2021-07-22 14:15:55 - [TEST_STEP][PASSED] - waitForElementPresent(findTestObject("Object Repository/Canine/CanineResults_Samples_Tab"), 5): Object 'Object Repository/Canine/CanineResults_Samples_Tab' is present

2021-07-22 14:15:56 - [MESSAGE][PASSED] - Object 'Object Repository/Canine/CanineResults_Samples_Tab' is present

2021-07-22 14:15:56 - [TEST_STEP][PASSED] - ctdc.utilities.runtestcaseforKatalon.clickTabCanineStat("Object Repository/Canine/CanineResults_Samples_Tab"): ctdc.utilities.runtestcaseforKatalon.clickTabCanineStat is PASSED

2021-07-22 14:16:04 - [MESSAGE][PASSED] - ctdc.utilities.runtestcaseforKatalon.clickTabCanineStat is PASSED

2021-07-22 14:16:04 - [TEST_STEP][PASSED] - ctdc.utilities.runtestcaseforKatalon.multiFunction("ICDC", G_StatBar_Samples, "Object Repository/Canine/Canine_Samples_Table", "Object Repository/Canine/Canine_Samples_TableHdr", "Object Repository/Canine/Canine_SamplesTabNextBtn", G_WebTabnameSamples, G_CypherTabnameSamples, G_QuerySamplesTab): Statbar Arms count matches

2021-07-22 14:17:55 - [MESSAGE][PASSED] - Statbar Files count matches

2021-07-22 14:17:55 - [MESSAGE][PASSED] - Statbar Samples count matches

2021-07-22 14:17:55 - [MESSAGE][PASSED] - Statbar Cases count matches

2021-07-22 14:17:55 - [MESSAGE][PASSED] - Statbar Arms count matches

2021-07-22 14:17:55 - [TEST_STEP][PASSED] - waitForElementPresent(findTestObject("Object Repository/Canine/CanineResults_Files_Tab"), 5): Object 'Object Repository/Canine/CanineResults_Files_Tab' is present

2021-07-22 14:17:55 - [MESSAGE][PASSED] - Object 'Object Repository/Canine/CanineResults_Files_Tab' is present

2021-07-22 14:17:55 - [TEST_STEP][PASSED] - ctdc.utilities.runtestcaseforKatalon.clickTabCanineStat("Object Repository/Canine/CanineResults_Files_Tab"): ctdc.utilities.runtestcaseforKatalon.clickTabCanineStat is PASSED

2021-07-22 14:18:04 - [MESSAGE][PASSED] - ctdc.utilities.runtestcaseforKatalon.clickTabCanineStat is PASSED

2021-07-22 14:18:04 - [TEST_STEP][PASSED] - ctdc.utilities.runtestcaseforKatalon.multiFunction("ICDC", G_StatBar_Files, "Object Repository/Canine/Canine_Files_Table", "Object Repository/Canine/Canine_Files_TableHdr", "Object Repository/Canine/Canine_FilesTabNextBtn", G_WebTabnameFiles, G_CypherTabnameFiles, G_QueryFilesTab): Statbar Arms count matches

2021-07-22 14:21:00 - [MESSAGE][PASSED] - Statbar Files count matches

2021-07-22 14:21:00 - [MESSAGE][PASSED] - Statbar Samples count matches

2021-07-22 14:21:00 - [MESSAGE][PASSED] - Statbar Cases count matches

2021-07-22 14:21:00 - [MESSAGE][PASSED] - Statbar Arms count matches

2021-07-22 14:21:00 - [TEST_STEP][PASSED] - closeBrowser(): Browser is closed

2021-07-22 14:21:01 - [MESSAGE][PASSED] - Browser is closed]]></system-out>
         <system-err><![CDATA[]]></system-err>
      </testcase>
      <testcase name="Test Cases/Canine_TestCases/Breed/TC11_Canine_Filter_Breed-Bouvier" time="133.756" classname="Test Cases/Canine_TestCases/Breed/TC11_Canine_Filter_Breed-Bouvier" status="PASSED">
         <system-out><![CDATA[2021-07-22 14:21:01 - [TEST_CASE][PASSED] - Test Cases/Canine_TestCases/Breed/TC11_Canine_Filter_Breed-Bouvier: Test Cases/Canine_TestCases/Breed/TC11_Canine_Filter_Breed-Bouvier

2021-07-22 14:21:01 - [TEST_STEP][PASSED] - Start listener action : getTestScriptName: null

2021-07-22 14:21:01 - [TEST_STEP][PASSED] - TestCaseId = testCaseContext.getTestCaseId(): null

2021-07-22 14:21:01 - [TEST_STEP][PASSED] - out.println("**********this is the value of test case id string******** " + testCaseContext.getTestCaseId()): null

2021-07-22 14:21:01 - [TEST_STEP][PASSED] - G_currentTCName = TestCaseId.substring(TestCaseId.lastIndexOf("TC")): null

2021-07-22 14:21:01 - [TEST_STEP][PASSED] - out.println("This is the test case name : " + G_currentTCName): null

2021-07-22 14:21:01 - [TEST_STEP][PASSED] - closeBrowser(): Browser is closed

2021-07-22 14:21:01 - [MESSAGE][PASSED] - Browser is closed

2021-07-22 14:21:01 - [TEST_STEP][PASSED] - ctdc.utilities.runtestcaseforKatalon.RunKatalon("TC11_Canine_Filter_Breed-Bouvier.xlsx"): Data loaded from input file for the test case. 

2021-07-22 14:21:01 - [MESSAGE][PASSED] - Test case file loaded This is the full filepath after converting to string :C:\Users\sohilz2\Commons_Automation\InputFiles\TC11_Canine_Filter_Breed-Bouvier.xlsx

2021-07-22 14:21:01 - [MESSAGE][INFO] - Global variable set for password file is :  C:\Users\sohilz2\Commons_Automation\InputFiles\TC11_Canine_Filter_Breed-Bouvier.xlsx

2021-07-22 14:21:05 - [MESSAGE][PASSED] - Data loaded from input file for the test case. 

2021-07-22 14:21:12 - [TEST_STEP][PASSED] - waitForElementPresent(findTestObject("Canine/NavBar/Canine_Cases_Btn"), 5): Object 'Object Repository/Canine/NavBar/Canine_Cases_Btn' is present

2021-07-22 14:21:12 - [MESSAGE][PASSED] - Object 'Object Repository/Canine/NavBar/Canine_Cases_Btn' is present

2021-07-22 14:21:12 - [TEST_STEP][PASSED] - ctdc.utilities.runtestcaseforKatalon.clickTabCanineStat("Canine/NavBar/Canine_Cases_Btn"): ctdc.utilities.runtestcaseforKatalon.clickTabCanineStat is PASSED

2021-07-22 14:21:21 - [MESSAGE][PASSED] - ctdc.utilities.runtestcaseforKatalon.clickTabCanineStat is PASSED

2021-07-22 14:21:21 - [TEST_STEP][PASSED] - waitForElementPresent(findTestObject("Bento/Cases_page/Filter/FilterByCases_Facet"), 5): Object 'Object Repository/Bento/Cases_page/Filter/FilterByCases_Facet' is present

2021-07-22 14:21:21 - [MESSAGE][PASSED] - Object 'Object Repository/Bento/Cases_page/Filter/FilterByCases_Facet' is present

2021-07-22 14:21:21 - [TEST_STEP][PASSED] - ctdc.utilities.runtestcaseforKatalon.clickTabCanineStat("Bento/Cases_page/Filter/FilterByCases_Facet"): ctdc.utilities.runtestcaseforKatalon.clickTabCanineStat is PASSED

2021-07-22 14:21:30 - [MESSAGE][PASSED] - ctdc.utilities.runtestcaseforKatalon.clickTabCanineStat is PASSED

2021-07-22 14:21:30 - [TEST_STEP][PASSED] - waitForElementPresent(findTestObject("Object Repository/Canine/Filter/Breed/BREED_Ddn"), 5): Object 'Object Repository/Canine/Filter/Breed/BREED_Ddn' is present

2021-07-22 14:21:30 - [MESSAGE][PASSED] - Object 'Object Repository/Canine/Filter/Breed/BREED_Ddn' is present

2021-07-22 14:21:30 - [TEST_STEP][PASSED] - ctdc.utilities.runtestcaseforKatalon.clickTabCanineStat("Object Repository/Canine/Filter/Breed/BREED_Ddn"): ctdc.utilities.runtestcaseforKatalon.clickTabCanineStat is PASSED

2021-07-22 14:21:39 - [MESSAGE][PASSED] - ctdc.utilities.runtestcaseforKatalon.clickTabCanineStat is PASSED

2021-07-22 14:21:39 - [TEST_STEP][PASSED] - ctdc.utilities.runtestcaseforKatalon.clickTabCanineStat("Object Repository/Canine/Filter/Breed/Bouvier_Chkbx"): ctdc.utilities.runtestcaseforKatalon.clickTabCanineStat is PASSED

2021-07-22 14:21:48 - [MESSAGE][PASSED] - ctdc.utilities.runtestcaseforKatalon.clickTabCanineStat is PASSED

2021-07-22 14:21:48 - [TEST_STEP][PASSED] - ctdc.utilities.runtestcaseforKatalon.readStatBarCanine("Object Repository/Canine/StatBar/Canine_StatBar-Studies", "Object Repository/Canine/StatBar/Canine_StatBar-Cases", "Object Repository/Canine/StatBar/Canine_StatBar-Samples", "Object Repository/Canine/StatBar/Canine_StatBar-Files", "Object Repository/Canine/StatBar/Canine_StatBar-Aliquots"): ctdc.utilities.runtestcaseforKatalon.readStatBarCanine is PASSED

2021-07-22 14:22:03 - [MESSAGE][PASSED] - ctdc.utilities.runtestcaseforKatalon.readStatBarCanine is PASSED

2021-07-22 14:22:03 - [TEST_STEP][PASSED] - waitForElementPresent(findTestObject("Object Repository/Canine/CanineResults_Cases_Tab"), 5): Object 'Object Repository/Canine/CanineResults_Cases_Tab' is present

2021-07-22 14:22:03 - [MESSAGE][PASSED] - Object 'Object Repository/Canine/CanineResults_Cases_Tab' is present

2021-07-22 14:22:03 - [TEST_STEP][PASSED] - ctdc.utilities.runtestcaseforKatalon.clickTabCanineStat("Object Repository/Canine/CanineResults_Cases_Tab"): ctdc.utilities.runtestcaseforKatalon.clickTabCanineStat is PASSED

2021-07-22 14:22:12 - [MESSAGE][PASSED] - ctdc.utilities.runtestcaseforKatalon.clickTabCanineStat is PASSED

2021-07-22 14:22:12 - [TEST_STEP][PASSED] - ctdc.utilities.runtestcaseforKatalon.multiFunction("ICDC", G_StatBar_Cases, "Object Repository/Canine/Canine_CasesTable", "Object Repository/Canine/Canine_TableHeader", "Object Repository/Canine/Canine_CasesTabNextBtn", G_WebTabnameCases, G_CypherTabnameCases, G_QueryCasesTab): Statbar Arms count matches

2021-07-22 14:22:27 - [MESSAGE][PASSED] - Statbar Files count matches

2021-07-22 14:22:27 - [MESSAGE][PASSED] - Statbar Samples count matches

2021-07-22 14:22:27 - [MESSAGE][PASSED] - Statbar Cases count matches

2021-07-22 14:22:27 - [MESSAGE][PASSED] - Statbar Arms count matches

2021-07-22 14:22:27 - [TEST_STEP][PASSED] - waitForElementPresent(findTestObject("Object Repository/Canine/CanineResults_Samples_Tab"), 5): Object 'Object Repository/Canine/CanineResults_Samples_Tab' is present

2021-07-22 14:22:27 - [MESSAGE][PASSED] - Object 'Object Repository/Canine/CanineResults_Samples_Tab' is present

2021-07-22 14:22:27 - [TEST_STEP][PASSED] - ctdc.utilities.runtestcaseforKatalon.clickTabCanineStat("Object Repository/Canine/CanineResults_Samples_Tab"): ctdc.utilities.runtestcaseforKatalon.clickTabCanineStat is PASSED

2021-07-22 14:22:35 - [MESSAGE][PASSED] - ctdc.utilities.runtestcaseforKatalon.clickTabCanineStat is PASSED

2021-07-22 14:22:35 - [TEST_STEP][PASSED] - ctdc.utilities.runtestcaseforKatalon.multiFunction("ICDC", G_StatBar_Samples, "Object Repository/Canine/Canine_Samples_Table", "Object Repository/Canine/Canine_Samples_TableHdr", "Object Repository/Canine/Canine_SamplesTabNextBtn", G_WebTabnameSamples, G_CypherTabnameSamples, G_QuerySamplesTab): Statbar Arms count matches

2021-07-22 14:22:50 - [MESSAGE][PASSED] - Statbar Files count matches

2021-07-22 14:22:50 - [MESSAGE][PASSED] - Statbar Samples count matches

2021-07-22 14:22:50 - [MESSAGE][PASSED] - Statbar Cases count matches

2021-07-22 14:22:50 - [MESSAGE][PASSED] - Statbar Arms count matches

2021-07-22 14:22:50 - [TEST_STEP][PASSED] - waitForElementPresent(findTestObject("Object Repository/Canine/CanineResults_Files_Tab"), 5): Object 'Object Repository/Canine/CanineResults_Files_Tab' is present

2021-07-22 14:22:50 - [MESSAGE][PASSED] - Object 'Object Repository/Canine/CanineResults_Files_Tab' is present

2021-07-22 14:22:50 - [TEST_STEP][PASSED] - ctdc.utilities.runtestcaseforKatalon.clickTabCanineStat("Object Repository/Canine/CanineResults_Files_Tab"): ctdc.utilities.runtestcaseforKatalon.clickTabCanineStat is PASSED

2021-07-22 14:22:59 - [MESSAGE][PASSED] - ctdc.utilities.runtestcaseforKatalon.clickTabCanineStat is PASSED

2021-07-22 14:22:59 - [TEST_STEP][PASSED] - ctdc.utilities.runtestcaseforKatalon.multiFunction("ICDC", G_StatBar_Files, "Object Repository/Canine/Canine_Files_Table", "Object Repository/Canine/Canine_Files_TableHdr", "Object Repository/Canine/Canine_FilesTabNextBtn", G_WebTabnameFiles, G_CypherTabnameFiles, G_QueryFilesTab): Statbar Arms count matches

2021-07-22 14:23:14 - [MESSAGE][PASSED] - Statbar Files count matches

2021-07-22 14:23:14 - [MESSAGE][PASSED] - Statbar Samples count matches

2021-07-22 14:23:14 - [MESSAGE][PASSED] - Statbar Cases count matches

2021-07-22 14:23:14 - [MESSAGE][PASSED] - Statbar Arms count matches

2021-07-22 14:23:14 - [TEST_STEP][PASSED] - closeBrowser(): Browser is closed

2021-07-22 14:23:14 - [MESSAGE][PASSED] - Browser is closed]]></system-out>
         <system-err><![CDATA[]]></system-err>
      </testcase>
      <testcase name="Test Cases/Canine_TestCases/Breed/TC13_Canine_Filter_Breed-BullDog" time="122.941" classname="Test Cases/Canine_TestCases/Breed/TC13_Canine_Filter_Breed-BullDog" status="PASSED">
         <system-out><![CDATA[2021-07-22 14:23:15 - [TEST_CASE][PASSED] - Test Cases/Canine_TestCases/Breed/TC13_Canine_Filter_Breed-BullDog: Test Cases/Canine_TestCases/Breed/TC13_Canine_Filter_Breed-BullDog

2021-07-22 14:23:15 - [TEST_STEP][PASSED] - Start listener action : getTestScriptName: null

2021-07-22 14:23:15 - [TEST_STEP][PASSED] - TestCaseId = testCaseContext.getTestCaseId(): null

2021-07-22 14:23:15 - [TEST_STEP][PASSED] - out.println("**********this is the value of test case id string******** " + testCaseContext.getTestCaseId()): null

2021-07-22 14:23:15 - [TEST_STEP][PASSED] - G_currentTCName = TestCaseId.substring(TestCaseId.lastIndexOf("TC")): null

2021-07-22 14:23:15 - [TEST_STEP][PASSED] - out.println("This is the test case name : " + G_currentTCName): null

2021-07-22 14:23:15 - [TEST_STEP][PASSED] - closeBrowser(): Browser is closed

2021-07-22 14:23:15 - [MESSAGE][PASSED] - Browser is closed

2021-07-22 14:23:15 - [TEST_STEP][PASSED] - ctdc.utilities.runtestcaseforKatalon.RunKatalon("TC13_Canine_Filter_Breed-Bulldog.xlsx"): Data loaded from input file for the test case. 

2021-07-22 14:23:15 - [MESSAGE][PASSED] - Test case file loaded This is the full filepath after converting to string :C:\Users\sohilz2\Commons_Automation\InputFiles\TC13_Canine_Filter_Breed-Bulldog.xlsx

2021-07-22 14:23:15 - [MESSAGE][INFO] - Global variable set for password file is :  C:\Users\sohilz2\Commons_Automation\InputFiles\TC13_Canine_Filter_Breed-Bulldog.xlsx

2021-07-22 14:23:19 - [MESSAGE][PASSED] - Data loaded from input file for the test case. 

2021-07-22 14:23:26 - [TEST_STEP][PASSED] - waitForElementPresent(findTestObject("Canine/NavBar/Canine_Cases_Btn"), 5): Object 'Object Repository/Canine/NavBar/Canine_Cases_Btn' is present

2021-07-22 14:23:26 - [MESSAGE][PASSED] - Object 'Object Repository/Canine/NavBar/Canine_Cases_Btn' is present

2021-07-22 14:23:26 - [TEST_STEP][PASSED] - ctdc.utilities.runtestcaseforKatalon.clickTabCanineStat("Canine/NavBar/Canine_Cases_Btn"): ctdc.utilities.runtestcaseforKatalon.clickTabCanineStat is PASSED

2021-07-22 14:23:35 - [MESSAGE][PASSED] - ctdc.utilities.runtestcaseforKatalon.clickTabCanineStat is PASSED

2021-07-22 14:23:35 - [TEST_STEP][PASSED] - waitForElementPresent(findTestObject("Bento/Cases_page/Filter/FilterByCases_Facet"), 5): Object 'Object Repository/Bento/Cases_page/Filter/FilterByCases_Facet' is present

2021-07-22 14:23:35 - [MESSAGE][PASSED] - Object 'Object Repository/Bento/Cases_page/Filter/FilterByCases_Facet' is present

2021-07-22 14:23:35 - [TEST_STEP][PASSED] - ctdc.utilities.runtestcaseforKatalon.clickTabCanineStat("Bento/Cases_page/Filter/FilterByCases_Facet"): ctdc.utilities.runtestcaseforKatalon.clickTabCanineStat is PASSED

2021-07-22 14:23:43 - [MESSAGE][PASSED] - ctdc.utilities.runtestcaseforKatalon.clickTabCanineStat is PASSED

2021-07-22 14:23:43 - [TEST_STEP][PASSED] - waitForElementPresent(findTestObject("Object Repository/Canine/Filter/Breed/BREED_Ddn"), 5): Object 'Object Repository/Canine/Filter/Breed/BREED_Ddn' is present

2021-07-22 14:23:44 - [MESSAGE][PASSED] - Object 'Object Repository/Canine/Filter/Breed/BREED_Ddn' is present

2021-07-22 14:23:44 - [TEST_STEP][PASSED] - ctdc.utilities.runtestcaseforKatalon.clickTabCanineStat("Object Repository/Canine/Filter/Breed/BREED_Ddn"): ctdc.utilities.runtestcaseforKatalon.clickTabCanineStat is PASSED

2021-07-22 14:23:52 - [MESSAGE][PASSED] - ctdc.utilities.runtestcaseforKatalon.clickTabCanineStat is PASSED

2021-07-22 14:23:52 - [TEST_STEP][PASSED] - ctdc.utilities.runtestcaseforKatalon.clickTabCanineStat("Canine/Filter/Breed/BullDog_Chkbx"): ctdc.utilities.runtestcaseforKatalon.clickTabCanineStat is PASSED

2021-07-22 14:24:01 - [MESSAGE][PASSED] - ctdc.utilities.runtestcaseforKatalon.clickTabCanineStat is PASSED

2021-07-22 14:24:01 - [TEST_STEP][PASSED] - ctdc.utilities.runtestcaseforKatalon.readStatBarCanine("Object Repository/Canine/StatBar/Canine_StatBar-Studies", "Object Repository/Canine/StatBar/Canine_StatBar-Cases", "Object Repository/Canine/StatBar/Canine_StatBar-Samples", "Object Repository/Canine/StatBar/Canine_StatBar-Files", "Object Repository/Canine/StatBar/Canine_StatBar-Aliquots"): ctdc.utilities.runtestcaseforKatalon.readStatBarCanine is PASSED

2021-07-22 14:24:16 - [MESSAGE][PASSED] - ctdc.utilities.runtestcaseforKatalon.readStatBarCanine is PASSED

2021-07-22 14:24:16 - [TEST_STEP][PASSED] - waitForElementPresent(findTestObject("Object Repository/Canine/CanineResults_Cases_Tab"), 5): Object 'Object Repository/Canine/CanineResults_Cases_Tab' is present

2021-07-22 14:24:16 - [MESSAGE][PASSED] - Object 'Object Repository/Canine/CanineResults_Cases_Tab' is present

2021-07-22 14:24:16 - [TEST_STEP][PASSED] - ctdc.utilities.runtestcaseforKatalon.clickTabCanineStat("Object Repository/Canine/CanineResults_Cases_Tab"): ctdc.utilities.runtestcaseforKatalon.clickTabCanineStat is PASSED

2021-07-22 14:24:25 - [MESSAGE][PASSED] - ctdc.utilities.runtestcaseforKatalon.clickTabCanineStat is PASSED

2021-07-22 14:24:25 - [TEST_STEP][PASSED] - ctdc.utilities.runtestcaseforKatalon.multiFunction("ICDC", G_StatBar_Cases, "Object Repository/Canine/Canine_CasesTable", "Object Repository/Canine/Canine_TableHeader", "Object Repository/Canine/Canine_CasesTabNextBtn", G_WebTabnameCases, G_CypherTabnameCases, G_QueryCasesTab): Statbar Arms count matches

2021-07-22 14:24:40 - [MESSAGE][PASSED] - Statbar Files count matches

2021-07-22 14:24:40 - [MESSAGE][PASSED] - Statbar Samples count matches

2021-07-22 14:24:40 - [MESSAGE][PASSED] - Statbar Cases count matches

2021-07-22 14:24:40 - [MESSAGE][PASSED] - Statbar Arms count matches

2021-07-22 14:24:40 - [TEST_STEP][PASSED] - waitForElementPresent(findTestObject("Object Repository/Canine/CanineResults_Samples_Tab"), 5): Object 'Object Repository/Canine/CanineResults_Samples_Tab' is present

2021-07-22 14:24:40 - [MESSAGE][PASSED] - Object 'Object Repository/Canine/CanineResults_Samples_Tab' is present

2021-07-22 14:24:40 - [TEST_STEP][PASSED] - ctdc.utilities.runtestcaseforKatalon.clickTabCanineStat("Object Repository/Canine/CanineResults_Samples_Tab"): ctdc.utilities.runtestcaseforKatalon.clickTabCanineStat is PASSED

2021-07-22 14:24:48 - [MESSAGE][PASSED] - ctdc.utilities.runtestcaseforKatalon.clickTabCanineStat is PASSED

2021-07-22 14:24:48 - [TEST_STEP][PASSED] - ctdc.utilities.runtestcaseforKatalon.multiFunction("ICDC", G_StatBar_Samples, "Object Repository/Canine/Canine_Samples_Table", "Object Repository/Canine/Canine_Samples_TableHdr", "Object Repository/Canine/Canine_SamplesTabNextBtn", G_WebTabnameSamples, G_CypherTabnameSamples, G_QuerySamplesTab): Statbar Arms count matches

2021-07-22 14:25:17 - [MESSAGE][PASSED] - Statbar Files count matches

2021-07-22 14:25:17 - [MESSAGE][PASSED] - Statbar Samples count matches

2021-07-22 14:25:17 - [MESSAGE][PASSED] - Statbar Cases count matches

2021-07-22 14:25:17 - [MESSAGE][PASSED] - Statbar Arms count matches

2021-07-22 14:25:17 - [TEST_STEP][PASSED] - closeBrowser(): Browser is closed

2021-07-22 14:25:17 - [MESSAGE][PASSED] - Browser is closed]]></system-out>
         <system-err><![CDATA[]]></system-err>
      </testcase>
      <testcase name="Test Cases/Canine_TestCases/Breed/TC14_Canine_Filter_Breed-BullMastif" time="130.011" classname="Test Cases/Canine_TestCases/Breed/TC14_Canine_Filter_Breed-BullMastif" status="PASSED">
         <system-out><![CDATA[2021-07-22 14:25:17 - [TEST_CASE][PASSED] - Test Cases/Canine_TestCases/Breed/TC14_Canine_Filter_Breed-BullMastif: Test Cases/Canine_TestCases/Breed/TC14_Canine_Filter_Breed-BullMastif

2021-07-22 14:25:17 - [TEST_STEP][PASSED] - Start listener action : getTestScriptName: null

2021-07-22 14:25:17 - [TEST_STEP][PASSED] - TestCaseId = testCaseContext.getTestCaseId(): null

2021-07-22 14:25:17 - [TEST_STEP][PASSED] - out.println("**********this is the value of test case id string******** " + testCaseContext.getTestCaseId()): null

2021-07-22 14:25:17 - [TEST_STEP][PASSED] - G_currentTCName = TestCaseId.substring(TestCaseId.lastIndexOf("TC")): null

2021-07-22 14:25:17 - [TEST_STEP][PASSED] - out.println("This is the test case name : " + G_currentTCName): null

2021-07-22 14:25:18 - [TEST_STEP][PASSED] - closeBrowser(): Browser is closed

2021-07-22 14:25:18 - [MESSAGE][PASSED] - Browser is closed

2021-07-22 14:25:18 - [TEST_STEP][PASSED] - ctdc.utilities.runtestcaseforKatalon.RunKatalon("TC14_Canine_Filter_Breed-BullMastif.xlsx"): Data loaded from input file for the test case. 

2021-07-22 14:25:18 - [MESSAGE][PASSED] - Test case file loaded This is the full filepath after converting to string :C:\Users\sohilz2\Commons_Automation\InputFiles\TC14_Canine_Filter_Breed-BullMastif.xlsx

2021-07-22 14:25:18 - [MESSAGE][INFO] - Global variable set for password file is :  C:\Users\sohilz2\Commons_Automation\InputFiles\TC14_Canine_Filter_Breed-BullMastif.xlsx

2021-07-22 14:25:22 - [MESSAGE][PASSED] - Data loaded from input file for the test case. 

2021-07-22 14:25:28 - [TEST_STEP][PASSED] - waitForElementPresent(findTestObject("Canine/NavBar/Canine_Cases_Btn"), 5): Object 'Object Repository/Canine/NavBar/Canine_Cases_Btn' is present

2021-07-22 14:25:28 - [MESSAGE][PASSED] - Object 'Object Repository/Canine/NavBar/Canine_Cases_Btn' is present

2021-07-22 14:25:28 - [TEST_STEP][PASSED] - ctdc.utilities.runtestcaseforKatalon.clickTabCanineStat("Canine/NavBar/Canine_Cases_Btn"): ctdc.utilities.runtestcaseforKatalon.clickTabCanineStat is PASSED

2021-07-22 14:25:38 - [MESSAGE][PASSED] - ctdc.utilities.runtestcaseforKatalon.clickTabCanineStat is PASSED

2021-07-22 14:25:38 - [TEST_STEP][PASSED] - waitForElementPresent(findTestObject("Bento/Cases_page/Filter/FilterByCases_Facet"), 5): Object 'Object Repository/Bento/Cases_page/Filter/FilterByCases_Facet' is present

2021-07-22 14:25:38 - [MESSAGE][PASSED] - Object 'Object Repository/Bento/Cases_page/Filter/FilterByCases_Facet' is present

2021-07-22 14:25:38 - [TEST_STEP][PASSED] - ctdc.utilities.runtestcaseforKatalon.clickTabCanineStat("Bento/Cases_page/Filter/FilterByCases_Facet"): ctdc.utilities.runtestcaseforKatalon.clickTabCanineStat is PASSED

2021-07-22 14:25:46 - [MESSAGE][PASSED] - ctdc.utilities.runtestcaseforKatalon.clickTabCanineStat is PASSED

2021-07-22 14:25:46 - [TEST_STEP][PASSED] - waitForElementPresent(findTestObject("Object Repository/Canine/Filter/Breed/BREED_Ddn"), 5): Object 'Object Repository/Canine/Filter/Breed/BREED_Ddn' is present

2021-07-22 14:25:46 - [MESSAGE][PASSED] - Object 'Object Repository/Canine/Filter/Breed/BREED_Ddn' is present

2021-07-22 14:25:46 - [TEST_STEP][PASSED] - ctdc.utilities.runtestcaseforKatalon.clickTabCanineStat("Object Repository/Canine/Filter/Breed/BREED_Ddn"): ctdc.utilities.runtestcaseforKatalon.clickTabCanineStat is PASSED

2021-07-22 14:25:55 - [MESSAGE][PASSED] - ctdc.utilities.runtestcaseforKatalon.clickTabCanineStat is PASSED

2021-07-22 14:25:55 - [TEST_STEP][PASSED] - ctdc.utilities.runtestcaseforKatalon.clickTabCanineStat("Object Repository/Canine/Filter/Breed/Bullmastif_Chkbx"): ctdc.utilities.runtestcaseforKatalon.clickTabCanineStat is PASSED

2021-07-22 14:26:03 - [MESSAGE][PASSED] - ctdc.utilities.runtestcaseforKatalon.clickTabCanineStat is PASSED

2021-07-22 14:26:03 - [TEST_STEP][PASSED] - ctdc.utilities.runtestcaseforKatalon.readStatBarCanine("Object Repository/Canine/StatBar/Canine_StatBar-Studies", "Object Repository/Canine/StatBar/Canine_StatBar-Cases", "Object Repository/Canine/StatBar/Canine_StatBar-Samples", "Object Repository/Canine/StatBar/Canine_StatBar-Files", "Object Repository/Canine/StatBar/Canine_StatBar-Aliquots"): ctdc.utilities.runtestcaseforKatalon.readStatBarCanine is PASSED

2021-07-22 14:26:19 - [MESSAGE][PASSED] - ctdc.utilities.runtestcaseforKatalon.readStatBarCanine is PASSED

2021-07-22 14:26:19 - [TEST_STEP][PASSED] - waitForElementPresent(findTestObject("Object Repository/Canine/CanineResults_Cases_Tab"), 5): Object 'Object Repository/Canine/CanineResults_Cases_Tab' is present

2021-07-22 14:26:19 - [MESSAGE][PASSED] - Object 'Object Repository/Canine/CanineResults_Cases_Tab' is present

2021-07-22 14:26:19 - [TEST_STEP][PASSED] - ctdc.utilities.runtestcaseforKatalon.clickTabCanineStat("Object Repository/Canine/CanineResults_Cases_Tab"): ctdc.utilities.runtestcaseforKatalon.clickTabCanineStat is PASSED

2021-07-22 14:26:27 - [MESSAGE][PASSED] - ctdc.utilities.runtestcaseforKatalon.clickTabCanineStat is PASSED

2021-07-22 14:26:27 - [TEST_STEP][PASSED] - ctdc.utilities.runtestcaseforKatalon.multiFunction("ICDC", G_StatBar_Cases, "Object Repository/Canine/Canine_CasesTable", "Object Repository/Canine/Canine_TableHeader", "Object Repository/Canine/Canine_CasesTabNextBtn", G_WebTabnameCases, G_CypherTabnameCases, G_QueryCasesTab): Statbar Arms count matches

2021-07-22 14:26:42 - [MESSAGE][PASSED] - Statbar Files count matches

2021-07-22 14:26:42 - [MESSAGE][PASSED] - Statbar Samples count matches

2021-07-22 14:26:42 - [MESSAGE][PASSED] - Statbar Cases count matches

2021-07-22 14:26:42 - [MESSAGE][PASSED] - Statbar Arms count matches

2021-07-22 14:26:42 - [TEST_STEP][PASSED] - waitForElementPresent(findTestObject("Object Repository/Canine/CanineResults_Samples_Tab"), 5): Object 'Object Repository/Canine/CanineResults_Samples_Tab' is present

2021-07-22 14:26:42 - [MESSAGE][PASSED] - Object 'Object Repository/Canine/CanineResults_Samples_Tab' is present

2021-07-22 14:26:42 - [TEST_STEP][PASSED] - ctdc.utilities.runtestcaseforKatalon.clickTabCanineStat("Object Repository/Canine/CanineResults_Samples_Tab"): ctdc.utilities.runtestcaseforKatalon.clickTabCanineStat is PASSED

2021-07-22 14:26:51 - [MESSAGE][PASSED] - ctdc.utilities.runtestcaseforKatalon.clickTabCanineStat is PASSED

2021-07-22 14:26:51 - [TEST_STEP][PASSED] - ctdc.utilities.runtestcaseforKatalon.multiFunction("ICDC", G_StatBar_Samples, "Object Repository/Canine/Canine_Samples_Table", "Object Repository/Canine/Canine_Samples_TableHdr", "Object Repository/Canine/Canine_SamplesTabNextBtn", G_WebTabnameSamples, G_CypherTabnameSamples, G_QuerySamplesTab): Statbar Arms count matches

2021-07-22 14:27:05 - [MESSAGE][PASSED] - Statbar Files count matches

2021-07-22 14:27:05 - [MESSAGE][PASSED] - Statbar Samples count matches

2021-07-22 14:27:05 - [MESSAGE][PASSED] - Statbar Cases count matches

2021-07-22 14:27:05 - [MESSAGE][PASSED] - Statbar Arms count matches

2021-07-22 14:27:05 - [TEST_STEP][PASSED] - waitForElementPresent(findTestObject("Object Repository/Canine/CanineResults_Files_Tab"), 5): Object 'Object Repository/Canine/CanineResults_Files_Tab' is present

2021-07-22 14:27:05 - [MESSAGE][PASSED] - Object 'Object Repository/Canine/CanineResults_Files_Tab' is present

2021-07-22 14:27:05 - [TEST_STEP][PASSED] - ctdc.utilities.runtestcaseforKatalon.clickTabCanineStat("Object Repository/Canine/CanineResults_Files_Tab"): ctdc.utilities.runtestcaseforKatalon.clickTabCanineStat is PASSED

2021-07-22 14:27:13 - [MESSAGE][PASSED] - ctdc.utilities.runtestcaseforKatalon.clickTabCanineStat is PASSED

2021-07-22 14:27:13 - [TEST_STEP][PASSED] - ctdc.utilities.runtestcaseforKatalon.multiFunction("ICDC", G_StatBar_Files, "Object Repository/Canine/Canine_Files_Table", "Object Repository/Canine/Canine_Files_TableHdr", "Object Repository/Canine/Canine_FilesTabNextBtn", G_WebTabnameFiles, G_CypherTabnameFiles, G_QueryFilesTab): Statbar Arms count matches

2021-07-22 14:27:27 - [MESSAGE][PASSED] - Statbar Files count matches

2021-07-22 14:27:27 - [MESSAGE][PASSED] - Statbar Samples count matches

2021-07-22 14:27:27 - [MESSAGE][PASSED] - Statbar Cases count matches

2021-07-22 14:27:27 - [MESSAGE][PASSED] - Statbar Arms count matches

2021-07-22 14:27:27 - [TEST_STEP][PASSED] - closeBrowser(): Browser is closed

2021-07-22 14:27:27 - [MESSAGE][PASSED] - Browser is closed]]></system-out>
         <system-err><![CDATA[]]></system-err>
      </testcase>
      <testcase name="Test Cases/Canine_TestCases/Breed/TC15_Canine_Filter_Breed-CavalierKing" time="115.351" classname="Test Cases/Canine_TestCases/Breed/TC15_Canine_Filter_Breed-CavalierKing" status="PASSED">
         <system-out><![CDATA[2021-07-22 14:27:27 - [TEST_CASE][PASSED] - Test Cases/Canine_TestCases/Breed/TC15_Canine_Filter_Breed-CavalierKing: Test Cases/Canine_TestCases/Breed/TC15_Canine_Filter_Breed-CavalierKing

2021-07-22 14:27:27 - [TEST_STEP][PASSED] - Start listener action : getTestScriptName: null

2021-07-22 14:27:27 - [TEST_STEP][PASSED] - TestCaseId = testCaseContext.getTestCaseId(): null

2021-07-22 14:27:27 - [TEST_STEP][PASSED] - out.println("**********this is the value of test case id string******** " + testCaseContext.getTestCaseId()): null

2021-07-22 14:27:27 - [TEST_STEP][PASSED] - G_currentTCName = TestCaseId.substring(TestCaseId.lastIndexOf("TC")): null

2021-07-22 14:27:27 - [TEST_STEP][PASSED] - out.println("This is the test case name : " + G_currentTCName): null

2021-07-22 14:27:28 - [TEST_STEP][PASSED] - closeBrowser(): Browser is closed

2021-07-22 14:27:28 - [MESSAGE][PASSED] - Browser is closed

2021-07-22 14:27:28 - [TEST_STEP][PASSED] - ctdc.utilities.runtestcaseforKatalon.RunKatalon("TC15_Canine_Filter_Breed-CavalierKing.xlsx"): Data loaded from input file for the test case. 

2021-07-22 14:27:28 - [MESSAGE][PASSED] - Test case file loaded This is the full filepath after converting to string :C:\Users\sohilz2\Commons_Automation\InputFiles\TC15_Canine_Filter_Breed-CavalierKing.xlsx

2021-07-22 14:27:28 - [MESSAGE][INFO] - Global variable set for password file is :  C:\Users\sohilz2\Commons_Automation\InputFiles\TC15_Canine_Filter_Breed-CavalierKing.xlsx

2021-07-22 14:27:32 - [MESSAGE][PASSED] - Data loaded from input file for the test case. 

2021-07-22 14:27:39 - [TEST_STEP][PASSED] - click(findTestObject("Canine/NavBar/Canine_Cases_Btn")): Object: 'Object Repository/Canine/NavBar/Canine_Cases_Btn' is clicked on

2021-07-22 14:27:39 - [MESSAGE][PASSED] - Object: 'Object Repository/Canine/NavBar/Canine_Cases_Btn' is clicked on

2021-07-22 14:27:39 - [TEST_STEP][PASSED] - click(findTestObject("Bento/Cases_page/Filter/FilterByCases_Facet")): Object: 'Object Repository/Bento/Cases_page/Filter/FilterByCases_Facet' is clicked on

2021-07-22 14:27:40 - [MESSAGE][PASSED] - Object: 'Object Repository/Bento/Cases_page/Filter/FilterByCases_Facet' is clicked on

2021-07-22 14:27:40 - [TEST_STEP][PASSED] - waitForElementPresent(findTestObject("Object Repository/Canine/Filter/Breed/BREED_Ddn"), 5): Object 'Object Repository/Canine/Filter/Breed/BREED_Ddn' is present

2021-07-22 14:27:40 - [MESSAGE][PASSED] - Object 'Object Repository/Canine/Filter/Breed/BREED_Ddn' is present

2021-07-22 14:27:40 - [TEST_STEP][PASSED] - ctdc.utilities.runtestcaseforKatalon.clickTabCanineStat("Object Repository/Canine/Filter/Breed/BREED_Ddn"): ctdc.utilities.runtestcaseforKatalon.clickTabCanineStat is PASSED

2021-07-22 14:27:49 - [MESSAGE][PASSED] - ctdc.utilities.runtestcaseforKatalon.clickTabCanineStat is PASSED

2021-07-22 14:27:49 - [TEST_STEP][PASSED] - ctdc.utilities.runtestcaseforKatalon.clickTabCanineStat("Object Repository/Canine/Filter/Breed/CavalierKing_Chkbx"): ctdc.utilities.runtestcaseforKatalon.clickTabCanineStat is PASSED

2021-07-22 14:27:58 - [MESSAGE][PASSED] - ctdc.utilities.runtestcaseforKatalon.clickTabCanineStat is PASSED

2021-07-22 14:27:58 - [TEST_STEP][PASSED] - ctdc.utilities.runtestcaseforKatalon.readStatBarCanine("Object Repository/Canine/StatBar/Canine_StatBar-Studies", "Object Repository/Canine/StatBar/Canine_StatBar-Cases", "Object Repository/Canine/StatBar/Canine_StatBar-Samples", "Object Repository/Canine/StatBar/Canine_StatBar-Files", "Object Repository/Canine/StatBar/Canine_StatBar-Aliquots"): ctdc.utilities.runtestcaseforKatalon.readStatBarCanine is PASSED

2021-07-22 14:28:13 - [MESSAGE][PASSED] - ctdc.utilities.runtestcaseforKatalon.readStatBarCanine is PASSED

2021-07-22 14:28:13 - [TEST_STEP][PASSED] - waitForElementPresent(findTestObject("Object Repository/Canine/CanineResults_Cases_Tab"), 5): Object 'Object Repository/Canine/CanineResults_Cases_Tab' is present

2021-07-22 14:28:13 - [MESSAGE][PASSED] - Object 'Object Repository/Canine/CanineResults_Cases_Tab' is present

2021-07-22 14:28:13 - [TEST_STEP][PASSED] - ctdc.utilities.runtestcaseforKatalon.clickTabCanineStat("Object Repository/Canine/CanineResults_Cases_Tab"): ctdc.utilities.runtestcaseforKatalon.clickTabCanineStat is PASSED

2021-07-22 14:28:21 - [MESSAGE][PASSED] - ctdc.utilities.runtestcaseforKatalon.clickTabCanineStat is PASSED

2021-07-22 14:28:21 - [TEST_STEP][PASSED] - ctdc.utilities.runtestcaseforKatalon.multiFunction("ICDC", G_StatBar_Cases, "Object Repository/Canine/Canine_CasesTable", "Object Repository/Canine/Canine_TableHeader", "Object Repository/Canine/Canine_CasesTabNextBtn", G_WebTabnameCases, G_CypherTabnameCases, G_QueryCasesTab): Statbar Arms count matches

2021-07-22 14:28:36 - [MESSAGE][PASSED] - Statbar Files count matches

2021-07-22 14:28:36 - [MESSAGE][PASSED] - Statbar Samples count matches

2021-07-22 14:28:36 - [MESSAGE][PASSED] - Statbar Cases count matches

2021-07-22 14:28:36 - [MESSAGE][PASSED] - Statbar Arms count matches

2021-07-22 14:28:36 - [TEST_STEP][PASSED] - waitForElementPresent(findTestObject("Object Repository/Canine/CanineResults_Samples_Tab"), 5): Object 'Object Repository/Canine/CanineResults_Samples_Tab' is present

2021-07-22 14:28:36 - [MESSAGE][PASSED] - Object 'Object Repository/Canine/CanineResults_Samples_Tab' is present

2021-07-22 14:28:36 - [TEST_STEP][PASSED] - ctdc.utilities.runtestcaseforKatalon.clickTabCanineStat("Object Repository/Canine/CanineResults_Samples_Tab"): ctdc.utilities.runtestcaseforKatalon.clickTabCanineStat is PASSED

2021-07-22 14:28:46 - [MESSAGE][PASSED] - ctdc.utilities.runtestcaseforKatalon.clickTabCanineStat is PASSED

2021-07-22 14:28:46 - [TEST_STEP][PASSED] - ctdc.utilities.runtestcaseforKatalon.multiFunction("ICDC", G_StatBar_Samples, "Object Repository/Canine/Canine_Samples_Table", "Object Repository/Canine/Canine_Samples_TableHdr", "Object Repository/Canine/Canine_SamplesTabNextBtn", G_WebTabnameSamples, G_CypherTabnameSamples, G_QuerySamplesTab): Statbar Arms count matches

2021-07-22 14:29:00 - [MESSAGE][PASSED] - Statbar Files count matches

2021-07-22 14:29:00 - [MESSAGE][PASSED] - Statbar Samples count matches

2021-07-22 14:29:00 - [MESSAGE][PASSED] - Statbar Cases count matches

2021-07-22 14:29:00 - [MESSAGE][PASSED] - Statbar Arms count matches

2021-07-22 14:29:00 - [TEST_STEP][PASSED] - waitForElementPresent(findTestObject("Object Repository/Canine/CanineResults_Files_Tab"), 5): Object 'Object Repository/Canine/CanineResults_Files_Tab' is present

2021-07-22 14:29:00 - [MESSAGE][PASSED] - Object 'Object Repository/Canine/CanineResults_Files_Tab' is present

2021-07-22 14:29:00 - [TEST_STEP][PASSED] - ctdc.utilities.runtestcaseforKatalon.clickTabCanineStat("Object Repository/Canine/CanineResults_Files_Tab"): ctdc.utilities.runtestcaseforKatalon.clickTabCanineStat is PASSED

2021-07-22 14:29:08 - [MESSAGE][PASSED] - ctdc.utilities.runtestcaseforKatalon.clickTabCanineStat is PASSED

2021-07-22 14:29:08 - [TEST_STEP][PASSED] - ctdc.utilities.runtestcaseforKatalon.multiFunction("ICDC", G_StatBar_Files, "Object Repository/Canine/Canine_Files_Table", "Object Repository/Canine/Canine_Files_TableHdr", "Object Repository/Canine/Canine_FilesTabNextBtn", G_WebTabnameFiles, G_CypherTabnameFiles, G_QueryFilesTab): Statbar Arms count matches

2021-07-22 14:29:22 - [MESSAGE][PASSED] - Statbar Files count matches

2021-07-22 14:29:22 - [MESSAGE][PASSED] - Statbar Samples count matches

2021-07-22 14:29:22 - [MESSAGE][PASSED] - Statbar Cases count matches

2021-07-22 14:29:22 - [MESSAGE][PASSED] - Statbar Arms count matches

2021-07-22 14:29:22 - [TEST_STEP][PASSED] - closeBrowser(): Browser is closed

2021-07-22 14:29:23 - [MESSAGE][PASSED] - Browser is closed]]></system-out>
         <system-err><![CDATA[]]></system-err>
      </testcase>
      <testcase name="Test Cases/Canine_TestCases/Breed/TC17_Canine_Filter_Breed-Chihuahua" time="111.618" classname="Test Cases/Canine_TestCases/Breed/TC17_Canine_Filter_Breed-Chihuahua" status="PASSED">
         <system-out><![CDATA[2021-07-22 14:29:23 - [TEST_CASE][PASSED] - Test Cases/Canine_TestCases/Breed/TC17_Canine_Filter_Breed-Chihuahua: Test Cases/Canine_TestCases/Breed/TC17_Canine_Filter_Breed-Chihuahua

2021-07-22 14:29:23 - [TEST_STEP][PASSED] - Start listener action : getTestScriptName: null

2021-07-22 14:29:23 - [TEST_STEP][PASSED] - TestCaseId = testCaseContext.getTestCaseId(): null

2021-07-22 14:29:23 - [TEST_STEP][PASSED] - out.println("**********this is the value of test case id string******** " + testCaseContext.getTestCaseId()): null

2021-07-22 14:29:23 - [TEST_STEP][PASSED] - G_currentTCName = TestCaseId.substring(TestCaseId.lastIndexOf("TC")): null

2021-07-22 14:29:23 - [TEST_STEP][PASSED] - out.println("This is the test case name : " + G_currentTCName): null

2021-07-22 14:29:23 - [TEST_STEP][PASSED] - closeBrowser(): Browser is closed

2021-07-22 14:29:23 - [MESSAGE][PASSED] - Browser is closed

2021-07-22 14:29:23 - [TEST_STEP][PASSED] - ctdc.utilities.runtestcaseforKatalon.RunKatalon("TC17_Canine_Filter_Breed-Chihuahua.xlsx"): Data loaded from input file for the test case. 

2021-07-22 14:29:23 - [MESSAGE][PASSED] - Test case file loaded This is the full filepath after converting to string :C:\Users\sohilz2\Commons_Automation\InputFiles\TC17_Canine_Filter_Breed-Chihuahua.xlsx

2021-07-22 14:29:23 - [MESSAGE][INFO] - Global variable set for password file is :  C:\Users\sohilz2\Commons_Automation\InputFiles\TC17_Canine_Filter_Breed-Chihuahua.xlsx

2021-07-22 14:29:27 - [MESSAGE][PASSED] - Data loaded from input file for the test case. 

2021-07-22 14:29:37 - [TEST_STEP][PASSED] - click(findTestObject("Canine/NavBar/Canine_Cases_Btn")): Object: 'Object Repository/Canine/NavBar/Canine_Cases_Btn' is clicked on

2021-07-22 14:29:37 - [MESSAGE][PASSED] - Object: 'Object Repository/Canine/NavBar/Canine_Cases_Btn' is clicked on

2021-07-22 14:29:37 - [TEST_STEP][PASSED] - click(findTestObject("Bento/Cases_page/Filter/FilterByCases_Facet")): Object: 'Object Repository/Bento/Cases_page/Filter/FilterByCases_Facet' is clicked on

2021-07-22 14:29:38 - [MESSAGE][PASSED] - Object: 'Object Repository/Bento/Cases_page/Filter/FilterByCases_Facet' is clicked on

2021-07-22 14:29:38 - [TEST_STEP][PASSED] - waitForElementPresent(findTestObject("Object Repository/Canine/Filter/Breed/BREED_Ddn"), 5): Object 'Object Repository/Canine/Filter/Breed/BREED_Ddn' is present

2021-07-22 14:29:38 - [MESSAGE][PASSED] - Object 'Object Repository/Canine/Filter/Breed/BREED_Ddn' is present

2021-07-22 14:29:38 - [TEST_STEP][PASSED] - ctdc.utilities.runtestcaseforKatalon.clickTabCanineStat("Object Repository/Canine/Filter/Breed/BREED_Ddn"): ctdc.utilities.runtestcaseforKatalon.clickTabCanineStat is PASSED

2021-07-22 14:29:47 - [MESSAGE][PASSED] - ctdc.utilities.runtestcaseforKatalon.clickTabCanineStat is PASSED

2021-07-22 14:29:47 - [TEST_STEP][PASSED] - ctdc.utilities.runtestcaseforKatalon.clickTabCanineStat("Canine/Filter/Breed/Chihuahua_Chkbx"): ctdc.utilities.runtestcaseforKatalon.clickTabCanineStat is PASSED

2021-07-22 14:29:56 - [MESSAGE][PASSED] - ctdc.utilities.runtestcaseforKatalon.clickTabCanineStat is PASSED

2021-07-22 14:29:56 - [TEST_STEP][PASSED] - ctdc.utilities.runtestcaseforKatalon.readStatBarCanine("Object Repository/Canine/StatBar/Canine_StatBar-Studies", "Object Repository/Canine/StatBar/Canine_StatBar-Cases", "Object Repository/Canine/StatBar/Canine_StatBar-Samples", "Object Repository/Canine/StatBar/Canine_StatBar-Files", "Object Repository/Canine/StatBar/Canine_StatBar-Aliquots"): ctdc.utilities.runtestcaseforKatalon.readStatBarCanine is PASSED

2021-07-22 14:30:11 - [MESSAGE][PASSED] - ctdc.utilities.runtestcaseforKatalon.readStatBarCanine is PASSED

2021-07-22 14:30:11 - [TEST_STEP][PASSED] - waitForElementPresent(findTestObject("Object Repository/Canine/CanineResults_Cases_Tab"), 5): Object 'Object Repository/Canine/CanineResults_Cases_Tab' is present

2021-07-22 14:30:11 - [MESSAGE][PASSED] - Object 'Object Repository/Canine/CanineResults_Cases_Tab' is present

2021-07-22 14:30:11 - [TEST_STEP][PASSED] - ctdc.utilities.runtestcaseforKatalon.clickTabCanineStat("Object Repository/Canine/CanineResults_Cases_Tab"): ctdc.utilities.runtestcaseforKatalon.clickTabCanineStat is PASSED

2021-07-22 14:30:19 - [MESSAGE][PASSED] - ctdc.utilities.runtestcaseforKatalon.clickTabCanineStat is PASSED

2021-07-22 14:30:19 - [TEST_STEP][PASSED] - ctdc.utilities.runtestcaseforKatalon.multiFunction("ICDC", G_StatBar_Cases, "Object Repository/Canine/Canine_CasesTable", "Object Repository/Canine/Canine_TableHeader", "Object Repository/Canine/Canine_CasesTabNextBtn", G_WebTabnameCases, G_CypherTabnameCases, G_QueryCasesTab): Statbar Arms count matches

2021-07-22 14:30:34 - [MESSAGE][PASSED] - Statbar Files count matches

2021-07-22 14:30:34 - [MESSAGE][PASSED] - Statbar Samples count matches

2021-07-22 14:30:34 - [MESSAGE][PASSED] - Statbar Cases count matches

2021-07-22 14:30:34 - [MESSAGE][PASSED] - Statbar Arms count matches

2021-07-22 14:30:34 - [TEST_STEP][PASSED] - waitForElementPresent(findTestObject("Object Repository/Canine/CanineResults_Samples_Tab"), 5): Object 'Object Repository/Canine/CanineResults_Samples_Tab' is present

2021-07-22 14:30:34 - [MESSAGE][PASSED] - Object 'Object Repository/Canine/CanineResults_Samples_Tab' is present

2021-07-22 14:30:34 - [TEST_STEP][PASSED] - ctdc.utilities.runtestcaseforKatalon.clickTabCanineStat("Object Repository/Canine/CanineResults_Samples_Tab"): ctdc.utilities.runtestcaseforKatalon.clickTabCanineStat is PASSED

2021-07-22 14:30:43 - [MESSAGE][PASSED] - ctdc.utilities.runtestcaseforKatalon.clickTabCanineStat is PASSED

2021-07-22 14:30:43 - [TEST_STEP][PASSED] - ctdc.utilities.runtestcaseforKatalon.multiFunction("ICDC", G_StatBar_Samples, "Object Repository/Canine/Canine_Samples_Table", "Object Repository/Canine/Canine_Samples_TableHdr", "Object Repository/Canine/Canine_SamplesTabNextBtn", G_WebTabnameSamples, G_CypherTabnameSamples, G_QuerySamplesTab): Statbar Arms count matches

2021-07-22 14:30:57 - [MESSAGE][PASSED] - Statbar Files count matches

2021-07-22 14:30:57 - [MESSAGE][PASSED] - Statbar Samples count matches

2021-07-22 14:30:57 - [MESSAGE][PASSED] - Statbar Cases count matches

2021-07-22 14:30:57 - [MESSAGE][PASSED] - Statbar Arms count matches

2021-07-22 14:30:57 - [TEST_STEP][PASSED] - waitForElementPresent(findTestObject("Object Repository/Canine/CanineResults_Files_Tab"), 5): Object 'Object Repository/Canine/CanineResults_Files_Tab' is present

2021-07-22 14:30:57 - [MESSAGE][PASSED] - Object 'Object Repository/Canine/CanineResults_Files_Tab' is present

2021-07-22 14:30:57 - [TEST_STEP][PASSED] - ctdc.utilities.runtestcaseforKatalon.clickTab("Object Repository/Canine/CanineResults_Files_Tab"): ctdc.utilities.runtestcaseforKatalon.clickTab is PASSED

2021-07-22 14:30:58 - [MESSAGE][PASSED] - ctdc.utilities.runtestcaseforKatalon.clickTab is PASSED

2021-07-22 14:30:58 - [TEST_STEP][PASSED] - ctdc.utilities.runtestcaseforKatalon.multiFunction("ICDC", G_StatBar_Files, "Object Repository/Canine/Canine_Files_Table", "Object Repository/Canine/Canine_Files_TableHdr", "Object Repository/Canine/Canine_FilesTabNextBtn", G_WebTabnameFiles, G_CypherTabnameFiles, G_QueryFilesTab): Statbar Arms count matches

2021-07-22 14:31:14 - [MESSAGE][PASSED] - Statbar Files count matches

2021-07-22 14:31:14 - [MESSAGE][PASSED] - Statbar Samples count matches

2021-07-22 14:31:14 - [MESSAGE][PASSED] - Statbar Cases count matches

2021-07-22 14:31:14 - [MESSAGE][PASSED] - Statbar Arms count matches

2021-07-22 14:31:14 - [TEST_STEP][PASSED] - closeBrowser(): Browser is closed

2021-07-22 14:31:14 - [MESSAGE][PASSED] - Browser is closed]]></system-out>
         <system-err><![CDATA[]]></system-err>
      </testcase>
      <testcase name="Test Cases/Canine_TestCases/Breed/TC18_Canine_Filter_Breed-Chinese" time="107.679" classname="Test Cases/Canine_TestCases/Breed/TC18_Canine_Filter_Breed-Chinese" status="PASSED">
         <system-out><![CDATA[2021-07-22 14:31:14 - [TEST_CASE][PASSED] - Test Cases/Canine_TestCases/Breed/TC18_Canine_Filter_Breed-Chinese: Test Cases/Canine_TestCases/Breed/TC18_Canine_Filter_Breed-Chinese

2021-07-22 14:31:14 - [TEST_STEP][PASSED] - Start listener action : getTestScriptName: null

2021-07-22 14:31:14 - [TEST_STEP][PASSED] - TestCaseId = testCaseContext.getTestCaseId(): null

2021-07-22 14:31:14 - [TEST_STEP][PASSED] - out.println("**********this is the value of test case id string******** " + testCaseContext.getTestCaseId()): null

2021-07-22 14:31:14 - [TEST_STEP][PASSED] - G_currentTCName = TestCaseId.substring(TestCaseId.lastIndexOf("TC")): null

2021-07-22 14:31:14 - [TEST_STEP][PASSED] - out.println("This is the test case name : " + G_currentTCName): null

2021-07-22 14:31:15 - [TEST_STEP][PASSED] - closeBrowser(): Browser is closed

2021-07-22 14:31:15 - [MESSAGE][PASSED] - Browser is closed

2021-07-22 14:31:15 - [TEST_STEP][PASSED] - ctdc.utilities.runtestcaseforKatalon.RunKatalon("TC18_Canine_Filter_Breed-Chinese.xlsx"): Data loaded from input file for the test case. 

2021-07-22 14:31:15 - [MESSAGE][PASSED] - Test case file loaded This is the full filepath after converting to string :C:\Users\sohilz2\Commons_Automation\InputFiles\TC18_Canine_Filter_Breed-Chinese.xlsx

2021-07-22 14:31:15 - [MESSAGE][INFO] - Global variable set for password file is :  C:\Users\sohilz2\Commons_Automation\InputFiles\TC18_Canine_Filter_Breed-Chinese.xlsx

2021-07-22 14:31:19 - [MESSAGE][PASSED] - Data loaded from input file for the test case. 

2021-07-22 14:31:25 - [TEST_STEP][PASSED] - click(findTestObject("Canine/NavBar/Canine_Cases_Btn")): Object: 'Object Repository/Canine/NavBar/Canine_Cases_Btn' is clicked on

2021-07-22 14:31:25 - [MESSAGE][PASSED] - Object: 'Object Repository/Canine/NavBar/Canine_Cases_Btn' is clicked on

2021-07-22 14:31:25 - [TEST_STEP][PASSED] - click(findTestObject("Bento/Cases_page/Filter/FilterByCases_Facet")): Object: 'Object Repository/Bento/Cases_page/Filter/FilterByCases_Facet' is clicked on

2021-07-22 14:31:26 - [MESSAGE][PASSED] - Object: 'Object Repository/Bento/Cases_page/Filter/FilterByCases_Facet' is clicked on

2021-07-22 14:31:26 - [TEST_STEP][PASSED] - waitForElementPresent(findTestObject("Object Repository/Canine/Filter/Breed/BREED_Ddn"), 5): Object 'Object Repository/Canine/Filter/Breed/BREED_Ddn' is present

2021-07-22 14:31:26 - [MESSAGE][PASSED] - Object 'Object Repository/Canine/Filter/Breed/BREED_Ddn' is present

2021-07-22 14:31:26 - [TEST_STEP][PASSED] - ctdc.utilities.runtestcaseforKatalon.clickTabCanineStat("Object Repository/Canine/Filter/Breed/BREED_Ddn"): ctdc.utilities.runtestcaseforKatalon.clickTabCanineStat is PASSED

2021-07-22 14:31:35 - [MESSAGE][PASSED] - ctdc.utilities.runtestcaseforKatalon.clickTabCanineStat is PASSED

2021-07-22 14:31:35 - [TEST_STEP][PASSED] - ctdc.utilities.runtestcaseforKatalon.clickTabCanineStat("Object Repository/Canine/Filter/Breed/Chinese_Chkbx"): ctdc.utilities.runtestcaseforKatalon.clickTabCanineStat is PASSED

2021-07-22 14:31:44 - [MESSAGE][PASSED] - ctdc.utilities.runtestcaseforKatalon.clickTabCanineStat is PASSED

2021-07-22 14:31:44 - [TEST_STEP][PASSED] - ctdc.utilities.runtestcaseforKatalon.readStatBarCanine("Object Repository/Canine/StatBar/Canine_StatBar-Studies", "Object Repository/Canine/StatBar/Canine_StatBar-Cases", "Object Repository/Canine/StatBar/Canine_StatBar-Samples", "Object Repository/Canine/StatBar/Canine_StatBar-Files", "Object Repository/Canine/StatBar/Canine_StatBar-Aliquots"): ctdc.utilities.runtestcaseforKatalon.readStatBarCanine is PASSED

2021-07-22 14:31:59 - [MESSAGE][PASSED] - ctdc.utilities.runtestcaseforKatalon.readStatBarCanine is PASSED

2021-07-22 14:31:59 - [TEST_STEP][PASSED] - waitForElementPresent(findTestObject("Object Repository/Canine/CanineResults_Cases_Tab"), 5): Object 'Object Repository/Canine/CanineResults_Cases_Tab' is present

2021-07-22 14:31:59 - [MESSAGE][PASSED] - Object 'Object Repository/Canine/CanineResults_Cases_Tab' is present

2021-07-22 14:31:59 - [TEST_STEP][PASSED] - ctdc.utilities.runtestcaseforKatalon.clickTabCanineStat("Object Repository/Canine/CanineResults_Cases_Tab"): ctdc.utilities.runtestcaseforKatalon.clickTabCanineStat is PASSED

2021-07-22 14:32:08 - [MESSAGE][PASSED] - ctdc.utilities.runtestcaseforKatalon.clickTabCanineStat is PASSED

2021-07-22 14:32:08 - [TEST_STEP][PASSED] - ctdc.utilities.runtestcaseforKatalon.multiFunction("ICDC", G_StatBar_Cases, "Object Repository/Canine/Canine_CasesTable", "Object Repository/Canine/Canine_TableHeader", "Object Repository/Canine/Canine_CasesTabNextBtn", G_WebTabnameCases, G_CypherTabnameCases, G_QueryCasesTab): Statbar Arms count matches

2021-07-22 14:32:22 - [MESSAGE][PASSED] - Statbar Files count matches

2021-07-22 14:32:22 - [MESSAGE][PASSED] - Statbar Samples count matches

2021-07-22 14:32:22 - [MESSAGE][PASSED] - Statbar Cases count matches

2021-07-22 14:32:22 - [MESSAGE][PASSED] - Statbar Arms count matches

2021-07-22 14:32:22 - [TEST_STEP][PASSED] - waitForElementPresent(findTestObject("Object Repository/Canine/CanineResults_Samples_Tab"), 5): Object 'Object Repository/Canine/CanineResults_Samples_Tab' is present

2021-07-22 14:32:22 - [MESSAGE][PASSED] - Object 'Object Repository/Canine/CanineResults_Samples_Tab' is present

2021-07-22 14:32:22 - [TEST_STEP][PASSED] - ctdc.utilities.runtestcaseforKatalon.clickTabCanineStat("Object Repository/Canine/CanineResults_Samples_Tab"): ctdc.utilities.runtestcaseforKatalon.clickTabCanineStat is PASSED

2021-07-22 14:32:31 - [MESSAGE][PASSED] - ctdc.utilities.runtestcaseforKatalon.clickTabCanineStat is PASSED

2021-07-22 14:32:31 - [TEST_STEP][PASSED] - ctdc.utilities.runtestcaseforKatalon.multiFunction("ICDC", G_StatBar_Samples, "Object Repository/Canine/Canine_Samples_Table", "Object Repository/Canine/Canine_Samples_TableHdr", "Object Repository/Canine/Canine_SamplesTabNextBtn", G_WebTabnameSamples, G_CypherTabnameSamples, G_QuerySamplesTab): Statbar Arms count matches

2021-07-22 14:32:45 - [MESSAGE][PASSED] - Statbar Files count matches

2021-07-22 14:32:45 - [MESSAGE][PASSED] - Statbar Samples count matches

2021-07-22 14:32:45 - [MESSAGE][PASSED] - Statbar Cases count matches

2021-07-22 14:32:45 - [MESSAGE][PASSED] - Statbar Arms count matches

2021-07-22 14:32:45 - [TEST_STEP][PASSED] - waitForElementPresent(findTestObject("Object Repository/Canine/CanineResults_Files_Tab"), 5): Object 'Object Repository/Canine/CanineResults_Files_Tab' is present

2021-07-22 14:32:45 - [MESSAGE][PASSED] - Object 'Object Repository/Canine/CanineResults_Files_Tab' is present

2021-07-22 14:32:45 - [TEST_STEP][PASSED] - ctdc.utilities.runtestcaseforKatalon.clickTab("Object Repository/Canine/CanineResults_Files_Tab"): ctdc.utilities.runtestcaseforKatalon.clickTab is PASSED

2021-07-22 14:32:46 - [MESSAGE][PASSED] - ctdc.utilities.runtestcaseforKatalon.clickTab is PASSED

2021-07-22 14:32:46 - [TEST_STEP][PASSED] - ctdc.utilities.runtestcaseforKatalon.multiFunction("ICDC", G_StatBar_Files, "Object Repository/Canine/Canine_Files_Table", "Object Repository/Canine/Canine_Files_TableHdr", "Object Repository/Canine/Canine_FilesTabNextBtn", G_WebTabnameFiles, G_CypherTabnameFiles, G_QueryFilesTab): Statbar Arms count matches

2021-07-22 14:33:02 - [MESSAGE][PASSED] - Statbar Files count matches

2021-07-22 14:33:02 - [MESSAGE][PASSED] - Statbar Samples count matches

2021-07-22 14:33:02 - [MESSAGE][PASSED] - Statbar Cases count matches

2021-07-22 14:33:02 - [MESSAGE][PASSED] - Statbar Arms count matches

2021-07-22 14:33:02 - [TEST_STEP][PASSED] - closeBrowser(): Browser is closed

2021-07-22 14:33:02 - [MESSAGE][PASSED] - Browser is closed]]></system-out>
         <system-err><![CDATA[]]></system-err>
      </testcase>
      <testcase name="Test Cases/Canine_TestCases/Breed/TC19_Canine_Filter_Breed-CockerSpan" time="128.017" classname="Test Cases/Canine_TestCases/Breed/TC19_Canine_Filter_Breed-CockerSpan" status="PASSED">
         <system-out><![CDATA[2021-07-22 14:33:02 - [TEST_CASE][PASSED] - Test Cases/Canine_TestCases/Breed/TC19_Canine_Filter_Breed-CockerSpan: Test Cases/Canine_TestCases/Breed/TC19_Canine_Filter_Breed-CockerSpan

2021-07-22 14:33:02 - [TEST_STEP][PASSED] - Start listener action : getTestScriptName: null

2021-07-22 14:33:02 - [TEST_STEP][PASSED] - TestCaseId = testCaseContext.getTestCaseId(): null

2021-07-22 14:33:02 - [TEST_STEP][PASSED] - out.println("**********this is the value of test case id string******** " + testCaseContext.getTestCaseId()): null

2021-07-22 14:33:02 - [TEST_STEP][PASSED] - G_currentTCName = TestCaseId.substring(TestCaseId.lastIndexOf("TC")): null

2021-07-22 14:33:02 - [TEST_STEP][PASSED] - out.println("This is the test case name : " + G_currentTCName): null

2021-07-22 14:33:03 - [TEST_STEP][PASSED] - closeBrowser(): Browser is closed

2021-07-22 14:33:03 - [MESSAGE][PASSED] - Browser is closed

2021-07-22 14:33:03 - [TEST_STEP][PASSED] - ctdc.utilities.runtestcaseforKatalon.RunKatalon("TC19_Canine_Filter_Breed-CockerSpan.xlsx"): Data loaded from input file for the test case. 

2021-07-22 14:33:03 - [MESSAGE][PASSED] - Test case file loaded This is the full filepath after converting to string :C:\Users\sohilz2\Commons_Automation\InputFiles\TC19_Canine_Filter_Breed-CockerSpan.xlsx

2021-07-22 14:33:03 - [MESSAGE][INFO] - Global variable set for password file is :  C:\Users\sohilz2\Commons_Automation\InputFiles\TC19_Canine_Filter_Breed-CockerSpan.xlsx

2021-07-22 14:33:07 - [MESSAGE][PASSED] - Data loaded from input file for the test case. 

2021-07-22 14:33:13 - [TEST_STEP][PASSED] - click(findTestObject("Canine/NavBar/Canine_Cases_Btn")): Object: 'Object Repository/Canine/NavBar/Canine_Cases_Btn' is clicked on

2021-07-22 14:33:13 - [MESSAGE][PASSED] - Object: 'Object Repository/Canine/NavBar/Canine_Cases_Btn' is clicked on

2021-07-22 14:33:13 - [TEST_STEP][PASSED] - click(findTestObject("Bento/Cases_page/Filter/FilterByCases_Facet")): Object: 'Object Repository/Bento/Cases_page/Filter/FilterByCases_Facet' is clicked on

2021-07-22 14:33:14 - [MESSAGE][PASSED] - Object: 'Object Repository/Bento/Cases_page/Filter/FilterByCases_Facet' is clicked on

2021-07-22 14:33:14 - [TEST_STEP][PASSED] - waitForElementPresent(findTestObject("Object Repository/Canine/Filter/Breed/BREED_Ddn"), 5): Object 'Object Repository/Canine/Filter/Breed/BREED_Ddn' is present

2021-07-22 14:33:14 - [MESSAGE][PASSED] - Object 'Object Repository/Canine/Filter/Breed/BREED_Ddn' is present

2021-07-22 14:33:14 - [TEST_STEP][PASSED] - ctdc.utilities.runtestcaseforKatalon.clickTabCanineStat("Object Repository/Canine/Filter/Breed/BREED_Ddn"): ctdc.utilities.runtestcaseforKatalon.clickTabCanineStat is PASSED

2021-07-22 14:33:23 - [MESSAGE][PASSED] - ctdc.utilities.runtestcaseforKatalon.clickTabCanineStat is PASSED

2021-07-22 14:33:23 - [TEST_STEP][PASSED] - ctdc.utilities.runtestcaseforKatalon.clickTabCanineStat("Object Repository/Canine/Filter/Breed/CockerSpan_Chkbx"): ctdc.utilities.runtestcaseforKatalon.clickTabCanineStat is PASSED

2021-07-22 14:33:32 - [MESSAGE][PASSED] - ctdc.utilities.runtestcaseforKatalon.clickTabCanineStat is PASSED

2021-07-22 14:33:32 - [TEST_STEP][PASSED] - ctdc.utilities.runtestcaseforKatalon.readStatBarCanine("Object Repository/Canine/StatBar/Canine_StatBar-Studies", "Object Repository/Canine/StatBar/Canine_StatBar-Cases", "Object Repository/Canine/StatBar/Canine_StatBar-Samples", "Object Repository/Canine/StatBar/Canine_StatBar-Files", "Object Repository/Canine/StatBar/Canine_StatBar-Aliquots"): ctdc.utilities.runtestcaseforKatalon.readStatBarCanine is PASSED

2021-07-22 14:33:47 - [MESSAGE][PASSED] - ctdc.utilities.runtestcaseforKatalon.readStatBarCanine is PASSED

2021-07-22 14:33:47 - [TEST_STEP][PASSED] - waitForElementPresent(findTestObject("Object Repository/Canine/CanineResults_Cases_Tab"), 5): Object 'Object Repository/Canine/CanineResults_Cases_Tab' is present

2021-07-22 14:33:47 - [MESSAGE][PASSED] - Object 'Object Repository/Canine/CanineResults_Cases_Tab' is present

2021-07-22 14:33:47 - [TEST_STEP][PASSED] - ctdc.utilities.runtestcaseforKatalon.clickTabCanineStat("Object Repository/Canine/CanineResults_Cases_Tab"): ctdc.utilities.runtestcaseforKatalon.clickTabCanineStat is PASSED

2021-07-22 14:33:56 - [MESSAGE][PASSED] - ctdc.utilities.runtestcaseforKatalon.clickTabCanineStat is PASSED

2021-07-22 14:33:56 - [TEST_STEP][PASSED] - ctdc.utilities.runtestcaseforKatalon.multiFunction("ICDC", G_StatBar_Cases, "Object Repository/Canine/Canine_CasesTable", "Object Repository/Canine/Canine_TableHeader", "Object Repository/Canine/Canine_CasesTabNextBtn", G_WebTabnameCases, G_CypherTabnameCases, G_QueryCasesTab): Statbar Arms count matches

2021-07-22 14:34:10 - [MESSAGE][PASSED] - Statbar Files count matches

2021-07-22 14:34:10 - [MESSAGE][PASSED] - Statbar Samples count matches

2021-07-22 14:34:10 - [MESSAGE][PASSED] - Statbar Cases count matches

2021-07-22 14:34:10 - [MESSAGE][PASSED] - Statbar Arms count matches

2021-07-22 14:34:10 - [TEST_STEP][PASSED] - waitForElementPresent(findTestObject("Object Repository/Canine/CanineResults_Samples_Tab"), 5): Object 'Object Repository/Canine/CanineResults_Samples_Tab' is present

2021-07-22 14:34:10 - [MESSAGE][PASSED] - Object 'Object Repository/Canine/CanineResults_Samples_Tab' is present

2021-07-22 14:34:10 - [TEST_STEP][PASSED] - ctdc.utilities.runtestcaseforKatalon.clickTabCanineStat("Object Repository/Canine/CanineResults_Samples_Tab"): ctdc.utilities.runtestcaseforKatalon.clickTabCanineStat is PASSED

2021-07-22 14:34:19 - [MESSAGE][PASSED] - ctdc.utilities.runtestcaseforKatalon.clickTabCanineStat is PASSED

2021-07-22 14:34:19 - [TEST_STEP][PASSED] - ctdc.utilities.runtestcaseforKatalon.multiFunction("ICDC", G_StatBar_Samples, "Object Repository/Canine/Canine_Samples_Table", "Object Repository/Canine/Canine_Samples_TableHdr", "Object Repository/Canine/Canine_SamplesTabNextBtn", G_WebTabnameSamples, G_CypherTabnameSamples, G_QuerySamplesTab): Statbar Arms count matches

2021-07-22 14:34:35 - [MESSAGE][PASSED] - Statbar Files count matches

2021-07-22 14:34:35 - [MESSAGE][PASSED] - Statbar Samples count matches

2021-07-22 14:34:35 - [MESSAGE][PASSED] - Statbar Cases count matches

2021-07-22 14:34:35 - [MESSAGE][PASSED] - Statbar Arms count matches

2021-07-22 14:34:35 - [TEST_STEP][PASSED] - waitForElementPresent(findTestObject("Object Repository/Canine/CanineResults_Files_Tab"), 5): Object 'Object Repository/Canine/CanineResults_Files_Tab' is present

2021-07-22 14:34:35 - [MESSAGE][PASSED] - Object 'Object Repository/Canine/CanineResults_Files_Tab' is present

2021-07-22 14:34:35 - [TEST_STEP][PASSED] - ctdc.utilities.runtestcaseforKatalon.clickTabCanineStat("Object Repository/Canine/CanineResults_Files_Tab"): ctdc.utilities.runtestcaseforKatalon.clickTabCanineStat is PASSED

2021-07-22 14:34:44 - [MESSAGE][PASSED] - ctdc.utilities.runtestcaseforKatalon.clickTabCanineStat is PASSED

2021-07-22 14:34:44 - [TEST_STEP][PASSED] - ctdc.utilities.runtestcaseforKatalon.multiFunction("ICDC", G_StatBar_Files, "Object Repository/Canine/Canine_Files_Table", "Object Repository/Canine/Canine_Files_TableHdr", "Object Repository/Canine/Canine_FilesTabNextBtn", G_WebTabnameFiles, G_CypherTabnameFiles, G_QueryFilesTab): Statbar Arms count matches

2021-07-22 14:35:10 - [MESSAGE][PASSED] - Statbar Files count matches

2021-07-22 14:35:10 - [MESSAGE][PASSED] - Statbar Samples count matches

2021-07-22 14:35:10 - [MESSAGE][PASSED] - Statbar Cases count matches

2021-07-22 14:35:10 - [MESSAGE][PASSED] - Statbar Arms count matches

2021-07-22 14:35:10 - [TEST_STEP][PASSED] - closeBrowser(): Browser is closed

2021-07-22 14:35:10 - [MESSAGE][PASSED] - Browser is closed]]></system-out>
         <system-err><![CDATA[]]></system-err>
      </testcase>
      <testcase name="Test Cases/Canine_TestCases/Breed/TC20_Canine_Filter_Breed-Dalmatian" time="109.626" classname="Test Cases/Canine_TestCases/Breed/TC20_Canine_Filter_Breed-Dalmatian" status="PASSED">
         <system-out><![CDATA[2021-07-22 14:35:10 - [TEST_CASE][PASSED] - Test Cases/Canine_TestCases/Breed/TC20_Canine_Filter_Breed-Dalmatian: Test Cases/Canine_TestCases/Breed/TC20_Canine_Filter_Breed-Dalmatian

2021-07-22 14:35:10 - [TEST_STEP][PASSED] - Start listener action : getTestScriptName: null

2021-07-22 14:35:10 - [TEST_STEP][PASSED] - TestCaseId = testCaseContext.getTestCaseId(): null

2021-07-22 14:35:10 - [TEST_STEP][PASSED] - out.println("**********this is the value of test case id string******** " + testCaseContext.getTestCaseId()): null

2021-07-22 14:35:10 - [TEST_STEP][PASSED] - G_currentTCName = TestCaseId.substring(TestCaseId.lastIndexOf("TC")): null

2021-07-22 14:35:10 - [TEST_STEP][PASSED] - out.println("This is the test case name : " + G_currentTCName): null

2021-07-22 14:35:11 - [TEST_STEP][PASSED] - closeBrowser(): Browser is closed

2021-07-22 14:35:11 - [MESSAGE][PASSED] - Browser is closed

2021-07-22 14:35:11 - [TEST_STEP][PASSED] - ctdc.utilities.runtestcaseforKatalon.RunKatalon("TC20_Canine_Filter_Breed-Dalmatian.xlsx"): Data loaded from input file for the test case. 

2021-07-22 14:35:11 - [MESSAGE][PASSED] - Test case file loaded This is the full filepath after converting to string :C:\Users\sohilz2\Commons_Automation\InputFiles\TC20_Canine_Filter_Breed-Dalmatian.xlsx

2021-07-22 14:35:11 - [MESSAGE][INFO] - Global variable set for password file is :  C:\Users\sohilz2\Commons_Automation\InputFiles\TC20_Canine_Filter_Breed-Dalmatian.xlsx

2021-07-22 14:35:15 - [MESSAGE][PASSED] - Data loaded from input file for the test case. 

2021-07-22 14:35:21 - [TEST_STEP][PASSED] - waitForElementPresent(findTestObject("Canine/NavBar/Canine_Cases_Btn"), 5): Object 'Object Repository/Canine/NavBar/Canine_Cases_Btn' is present

2021-07-22 14:35:21 - [MESSAGE][PASSED] - Object 'Object Repository/Canine/NavBar/Canine_Cases_Btn' is present

2021-07-22 14:35:21 - [TEST_STEP][PASSED] - ctdc.utilities.runtestcaseforKatalon.clickTab("Canine/NavBar/Canine_Cases_Btn"): ctdc.utilities.runtestcaseforKatalon.clickTab is PASSED

2021-07-22 14:35:21 - [MESSAGE][PASSED] - ctdc.utilities.runtestcaseforKatalon.clickTab is PASSED

2021-07-22 14:35:21 - [TEST_STEP][PASSED] - waitForElementPresent(findTestObject("Bento/Cases_page/Filter/FilterByCases_Facet"), 5): Object 'Object Repository/Bento/Cases_page/Filter/FilterByCases_Facet' is present

2021-07-22 14:35:22 - [MESSAGE][PASSED] - Object 'Object Repository/Bento/Cases_page/Filter/FilterByCases_Facet' is present

2021-07-22 14:35:22 - [TEST_STEP][PASSED] - ctdc.utilities.runtestcaseforKatalon.clickTabCanineStat("Bento/Cases_page/Filter/FilterByCases_Facet"): ctdc.utilities.runtestcaseforKatalon.clickTabCanineStat is PASSED

2021-07-22 14:35:31 - [MESSAGE][PASSED] - ctdc.utilities.runtestcaseforKatalon.clickTabCanineStat is PASSED

2021-07-22 14:35:31 - [TEST_STEP][PASSED] - waitForElementPresent(findTestObject("Object Repository/Canine/Filter/Breed/BREED_Ddn"), 5): Object 'Object Repository/Canine/Filter/Breed/BREED_Ddn' is present

2021-07-22 14:35:31 - [MESSAGE][PASSED] - Object 'Object Repository/Canine/Filter/Breed/BREED_Ddn' is present

2021-07-22 14:35:31 - [TEST_STEP][PASSED] - ctdc.utilities.runtestcaseforKatalon.clickTabCanineStat("Object Repository/Canine/Filter/Breed/BREED_Ddn"): ctdc.utilities.runtestcaseforKatalon.clickTabCanineStat is PASSED

2021-07-22 14:35:39 - [MESSAGE][PASSED] - ctdc.utilities.runtestcaseforKatalon.clickTabCanineStat is PASSED

2021-07-22 14:35:39 - [TEST_STEP][PASSED] - ctdc.utilities.runtestcaseforKatalon.clickTabCanineStat("Canine/Filter/Breed/Dalmatian_Chkbx"): ctdc.utilities.runtestcaseforKatalon.clickTabCanineStat is PASSED

2021-07-22 14:35:48 - [MESSAGE][PASSED] - ctdc.utilities.runtestcaseforKatalon.clickTabCanineStat is PASSED

2021-07-22 14:35:48 - [TEST_STEP][PASSED] - ctdc.utilities.runtestcaseforKatalon.readStatBarCanine("Object Repository/Canine/StatBar/Canine_StatBar-Studies", "Object Repository/Canine/StatBar/Canine_StatBar-Cases", "Object Repository/Canine/StatBar/Canine_StatBar-Samples", "Object Repository/Canine/StatBar/Canine_StatBar-Files", "Object Repository/Canine/StatBar/Canine_StatBar-Aliquots"): ctdc.utilities.runtestcaseforKatalon.readStatBarCanine is PASSED

2021-07-22 14:36:03 - [MESSAGE][PASSED] - ctdc.utilities.runtestcaseforKatalon.readStatBarCanine is PASSED

2021-07-22 14:36:03 - [TEST_STEP][PASSED] - waitForElementPresent(findTestObject("Object Repository/Canine/CanineResults_Cases_Tab"), 5): Object 'Object Repository/Canine/CanineResults_Cases_Tab' is present

2021-07-22 14:36:04 - [MESSAGE][PASSED] - Object 'Object Repository/Canine/CanineResults_Cases_Tab' is present

2021-07-22 14:36:04 - [TEST_STEP][PASSED] - ctdc.utilities.runtestcaseforKatalon.clickTabCanineStat("Object Repository/Canine/CanineResults_Cases_Tab"): ctdc.utilities.runtestcaseforKatalon.clickTabCanineStat is PASSED

2021-07-22 14:36:12 - [MESSAGE][PASSED] - ctdc.utilities.runtestcaseforKatalon.clickTabCanineStat is PASSED

2021-07-22 14:36:12 - [TEST_STEP][PASSED] - ctdc.utilities.runtestcaseforKatalon.multiFunction("ICDC", G_StatBar_Cases, "Object Repository/Canine/Canine_CasesTable", "Object Repository/Canine/Canine_TableHeader", "Object Repository/Canine/Canine_CasesTabNextBtn", G_WebTabnameCases, G_CypherTabnameCases, G_QueryCasesTab): Statbar Arms count matches

2021-07-22 14:36:26 - [MESSAGE][PASSED] - Statbar Files count matches

2021-07-22 14:36:26 - [MESSAGE][PASSED] - Statbar Samples count matches

2021-07-22 14:36:26 - [MESSAGE][PASSED] - Statbar Cases count matches

2021-07-22 14:36:26 - [MESSAGE][PASSED] - Statbar Arms count matches

2021-07-22 14:36:26 - [TEST_STEP][PASSED] - waitForElementPresent(findTestObject("Object Repository/Canine/CanineResults_Samples_Tab"), 5): Object 'Object Repository/Canine/CanineResults_Samples_Tab' is present

2021-07-22 14:36:26 - [MESSAGE][PASSED] - Object 'Object Repository/Canine/CanineResults_Samples_Tab' is present

2021-07-22 14:36:26 - [TEST_STEP][PASSED] - ctdc.utilities.runtestcaseforKatalon.clickTab("Object Repository/Canine/CanineResults_Samples_Tab"): ctdc.utilities.runtestcaseforKatalon.clickTab is PASSED

2021-07-22 14:36:27 - [MESSAGE][PASSED] - ctdc.utilities.runtestcaseforKatalon.clickTab is PASSED

2021-07-22 14:36:27 - [TEST_STEP][PASSED] - ctdc.utilities.runtestcaseforKatalon.multiFunction("ICDC", G_StatBar_Samples, "Object Repository/Canine/Canine_Samples_Table", "Object Repository/Canine/Canine_Samples_TableHdr", "Object Repository/Canine/Canine_SamplesTabNextBtn", G_WebTabnameSamples, G_CypherTabnameSamples, G_QuerySamplesTab): Statbar Arms count matches

2021-07-22 14:36:42 - [MESSAGE][PASSED] - Statbar Files count matches

2021-07-22 14:36:42 - [MESSAGE][PASSED] - Statbar Samples count matches

2021-07-22 14:36:42 - [MESSAGE][PASSED] - Statbar Cases count matches

2021-07-22 14:36:42 - [MESSAGE][PASSED] - Statbar Arms count matches

2021-07-22 14:36:42 - [TEST_STEP][PASSED] - waitForElementPresent(findTestObject("Object Repository/Canine/CanineResults_Files_Tab"), 5): Object 'Object Repository/Canine/CanineResults_Files_Tab' is present

2021-07-22 14:36:42 - [MESSAGE][PASSED] - Object 'Object Repository/Canine/CanineResults_Files_Tab' is present

2021-07-22 14:36:42 - [TEST_STEP][PASSED] - ctdc.utilities.runtestcaseforKatalon.clickTab("Object Repository/Canine/CanineResults_Files_Tab"): ctdc.utilities.runtestcaseforKatalon.clickTab is PASSED

2021-07-22 14:36:43 - [MESSAGE][PASSED] - ctdc.utilities.runtestcaseforKatalon.clickTab is PASSED

2021-07-22 14:36:43 - [TEST_STEP][PASSED] - ctdc.utilities.runtestcaseforKatalon.multiFunction("ICDC", G_StatBar_Files, "Object Repository/Canine/Canine_Files_Table", "Object Repository/Canine/Canine_Files_TableHdr", "Object Repository/Canine/Canine_FilesTabNextBtn", G_WebTabnameFiles, G_CypherTabnameFiles, G_QueryFilesTab): Statbar Arms count matches

2021-07-22 14:36:59 - [MESSAGE][PASSED] - Statbar Files count matches

2021-07-22 14:36:59 - [MESSAGE][PASSED] - Statbar Samples count matches

2021-07-22 14:36:59 - [MESSAGE][PASSED] - Statbar Cases count matches

2021-07-22 14:36:59 - [MESSAGE][PASSED] - Statbar Arms count matches

2021-07-22 14:36:59 - [TEST_STEP][PASSED] - closeBrowser(): Browser is closed

2021-07-22 14:37:00 - [MESSAGE][PASSED] - Browser is closed]]></system-out>
         <system-err><![CDATA[]]></system-err>
      </testcase>
      <testcase name="Test Cases/Canine_TestCases/Breed/TC22_Canine_Filter_Breed-English" time="112.42" classname="Test Cases/Canine_TestCases/Breed/TC22_Canine_Filter_Breed-English" status="PASSED">
         <system-out><![CDATA[2021-07-22 14:37:00 - [TEST_CASE][PASSED] - Test Cases/Canine_TestCases/Breed/TC22_Canine_Filter_Breed-English: Test Cases/Canine_TestCases/Breed/TC22_Canine_Filter_Breed-English

2021-07-22 14:37:00 - [TEST_STEP][PASSED] - Start listener action : getTestScriptName: null

2021-07-22 14:37:00 - [TEST_STEP][PASSED] - TestCaseId = testCaseContext.getTestCaseId(): null

2021-07-22 14:37:00 - [TEST_STEP][PASSED] - out.println("**********this is the value of test case id string******** " + testCaseContext.getTestCaseId()): null

2021-07-22 14:37:00 - [TEST_STEP][PASSED] - G_currentTCName = TestCaseId.substring(TestCaseId.lastIndexOf("TC")): null

2021-07-22 14:37:00 - [TEST_STEP][PASSED] - out.println("This is the test case name : " + G_currentTCName): null

2021-07-22 14:37:00 - [TEST_STEP][PASSED] - closeBrowser(): Browser is closed

2021-07-22 14:37:00 - [MESSAGE][PASSED] - Browser is closed

2021-07-22 14:37:00 - [TEST_STEP][PASSED] - ctdc.utilities.runtestcaseforKatalon.RunKatalon("TC22_Canine_Filter_Breed-English.xlsx"): Data loaded from input file for the test case. 

2021-07-22 14:37:00 - [MESSAGE][PASSED] - Test case file loaded This is the full filepath after converting to string :C:\Users\sohilz2\Commons_Automation\InputFiles\TC22_Canine_Filter_Breed-English.xlsx

2021-07-22 14:37:00 - [MESSAGE][INFO] - Global variable set for password file is :  C:\Users\sohilz2\Commons_Automation\InputFiles\TC22_Canine_Filter_Breed-English.xlsx

2021-07-22 14:37:04 - [MESSAGE][PASSED] - Data loaded from input file for the test case. 

2021-07-22 14:37:10 - [TEST_STEP][PASSED] - click(findTestObject("Canine/NavBar/Canine_Cases_Btn")): Object: 'Object Repository/Canine/NavBar/Canine_Cases_Btn' is clicked on

2021-07-22 14:37:11 - [MESSAGE][PASSED] - Object: 'Object Repository/Canine/NavBar/Canine_Cases_Btn' is clicked on

2021-07-22 14:37:11 - [TEST_STEP][PASSED] - click(findTestObject("Bento/Cases_page/Filter/FilterByCases_Facet")): Object: 'Object Repository/Bento/Cases_page/Filter/FilterByCases_Facet' is clicked on

2021-07-22 14:37:12 - [MESSAGE][PASSED] - Object: 'Object Repository/Bento/Cases_page/Filter/FilterByCases_Facet' is clicked on

2021-07-22 14:37:12 - [TEST_STEP][PASSED] - waitForElementPresent(findTestObject("Object Repository/Canine/Filter/Breed/BREED_Ddn"), 5): Object 'Object Repository/Canine/Filter/Breed/BREED_Ddn' is present

2021-07-22 14:37:12 - [MESSAGE][PASSED] - Object 'Object Repository/Canine/Filter/Breed/BREED_Ddn' is present

2021-07-22 14:37:12 - [TEST_STEP][PASSED] - ctdc.utilities.runtestcaseforKatalon.clickTabCanineStat("Object Repository/Canine/Filter/Breed/BREED_Ddn"): ctdc.utilities.runtestcaseforKatalon.clickTabCanineStat is PASSED

2021-07-22 14:37:20 - [MESSAGE][PASSED] - ctdc.utilities.runtestcaseforKatalon.clickTabCanineStat is PASSED

2021-07-22 14:37:20 - [TEST_STEP][PASSED] - ctdc.utilities.runtestcaseforKatalon.clickTabCanineStat("Object Repository/Canine/Filter/Breed/English_Chkbx"): ctdc.utilities.runtestcaseforKatalon.clickTabCanineStat is PASSED

2021-07-22 14:37:29 - [MESSAGE][PASSED] - ctdc.utilities.runtestcaseforKatalon.clickTabCanineStat is PASSED

2021-07-22 14:37:29 - [TEST_STEP][PASSED] - ctdc.utilities.runtestcaseforKatalon.readStatBarCanine("Object Repository/Canine/StatBar/Canine_StatBar-Studies", "Object Repository/Canine/StatBar/Canine_StatBar-Cases", "Object Repository/Canine/StatBar/Canine_StatBar-Samples", "Object Repository/Canine/StatBar/Canine_StatBar-Files", "Object Repository/Canine/StatBar/Canine_StatBar-Aliquots"): ctdc.utilities.runtestcaseforKatalon.readStatBarCanine is PASSED

2021-07-22 14:37:44 - [MESSAGE][PASSED] - ctdc.utilities.runtestcaseforKatalon.readStatBarCanine is PASSED

2021-07-22 14:37:44 - [TEST_STEP][PASSED] - waitForElementPresent(findTestObject("Object Repository/Canine/CanineResults_Cases_Tab"), 5): Object 'Object Repository/Canine/CanineResults_Cases_Tab' is present

2021-07-22 14:37:45 - [MESSAGE][PASSED] - Object 'Object Repository/Canine/CanineResults_Cases_Tab' is present

2021-07-22 14:37:45 - [TEST_STEP][PASSED] - ctdc.utilities.runtestcaseforKatalon.clickTabCanineStat("Object Repository/Canine/CanineResults_Cases_Tab"): ctdc.utilities.runtestcaseforKatalon.clickTabCanineStat is PASSED

2021-07-22 14:37:53 - [MESSAGE][PASSED] - ctdc.utilities.runtestcaseforKatalon.clickTabCanineStat is PASSED

2021-07-22 14:37:53 - [TEST_STEP][PASSED] - ctdc.utilities.runtestcaseforKatalon.multiFunction("ICDC", G_StatBar_Cases, "Object Repository/Canine/Canine_CasesTable", "Object Repository/Canine/Canine_TableHeader", "Object Repository/Canine/Canine_CasesTabNextBtn", G_WebTabnameCases, G_CypherTabnameCases, G_QueryCasesTab): Statbar Arms count matches

2021-07-22 14:38:07 - [MESSAGE][PASSED] - Statbar Files count matches

2021-07-22 14:38:07 - [MESSAGE][PASSED] - Statbar Samples count matches

2021-07-22 14:38:07 - [MESSAGE][PASSED] - Statbar Cases count matches

2021-07-22 14:38:07 - [MESSAGE][PASSED] - Statbar Arms count matches

2021-07-22 14:38:07 - [TEST_STEP][PASSED] - waitForElementPresent(findTestObject("Object Repository/Canine/CanineResults_Samples_Tab"), 5): Object 'Object Repository/Canine/CanineResults_Samples_Tab' is present

2021-07-22 14:38:07 - [MESSAGE][PASSED] - Object 'Object Repository/Canine/CanineResults_Samples_Tab' is present

2021-07-22 14:38:07 - [TEST_STEP][PASSED] - ctdc.utilities.runtestcaseforKatalon.clickTabCanineStat("Object Repository/Canine/CanineResults_Samples_Tab"): ctdc.utilities.runtestcaseforKatalon.clickTabCanineStat is PASSED

2021-07-22 14:38:16 - [MESSAGE][PASSED] - ctdc.utilities.runtestcaseforKatalon.clickTabCanineStat is PASSED

2021-07-22 14:38:16 - [TEST_STEP][PASSED] - ctdc.utilities.runtestcaseforKatalon.multiFunction("ICDC", G_StatBar_Samples, "Object Repository/Canine/Canine_Samples_Table", "Object Repository/Canine/Canine_Samples_TableHdr", "Object Repository/Canine/Canine_SamplesTabNextBtn", G_WebTabnameSamples, G_CypherTabnameSamples, G_QuerySamplesTab): Statbar Arms count matches

2021-07-22 14:38:29 - [MESSAGE][PASSED] - Statbar Files count matches

2021-07-22 14:38:29 - [MESSAGE][PASSED] - Statbar Samples count matches

2021-07-22 14:38:29 - [MESSAGE][PASSED] - Statbar Cases count matches

2021-07-22 14:38:29 - [MESSAGE][PASSED] - Statbar Arms count matches

2021-07-22 14:38:29 - [TEST_STEP][PASSED] - waitForElementPresent(findTestObject("Object Repository/Canine/CanineResults_Files_Tab"), 5): Object 'Object Repository/Canine/CanineResults_Files_Tab' is present

2021-07-22 14:38:29 - [MESSAGE][PASSED] - Object 'Object Repository/Canine/CanineResults_Files_Tab' is present

2021-07-22 14:38:29 - [TEST_STEP][PASSED] - ctdc.utilities.runtestcaseforKatalon.clickTabCanineStat("Object Repository/Canine/CanineResults_Files_Tab"): ctdc.utilities.runtestcaseforKatalon.clickTabCanineStat is PASSED

2021-07-22 14:38:38 - [MESSAGE][PASSED] - ctdc.utilities.runtestcaseforKatalon.clickTabCanineStat is PASSED

2021-07-22 14:38:38 - [TEST_STEP][PASSED] - ctdc.utilities.runtestcaseforKatalon.multiFunction("ICDC", G_StatBar_Files, "Object Repository/Canine/Canine_Files_Table", "Object Repository/Canine/Canine_Files_TableHdr", "Object Repository/Canine/Canine_FilesTabNextBtn", G_WebTabnameFiles, G_CypherTabnameFiles, G_QueryFilesTab): Statbar Arms count matches

2021-07-22 14:38:52 - [MESSAGE][PASSED] - Statbar Files count matches

2021-07-22 14:38:52 - [MESSAGE][PASSED] - Statbar Samples count matches

2021-07-22 14:38:52 - [MESSAGE][PASSED] - Statbar Cases count matches

2021-07-22 14:38:52 - [MESSAGE][PASSED] - Statbar Arms count matches

2021-07-22 14:38:52 - [TEST_STEP][PASSED] - closeBrowser(): Browser is closed

2021-07-22 14:38:52 - [MESSAGE][PASSED] - Browser is closed]]></system-out>
         <system-err><![CDATA[]]></system-err>
      </testcase>
      <testcase name="Test Cases/Canine_TestCases/Breed/TC23_Canine_Filter_Breed-Flat" time="112.822" classname="Test Cases/Canine_TestCases/Breed/TC23_Canine_Filter_Breed-Flat" status="PASSED">
         <system-out><![CDATA[2021-07-22 14:38:52 - [TEST_CASE][PASSED] - Test Cases/Canine_TestCases/Breed/TC23_Canine_Filter_Breed-Flat: Test Cases/Canine_TestCases/Breed/TC23_Canine_Filter_Breed-Flat

2021-07-22 14:38:52 - [TEST_STEP][PASSED] - Start listener action : getTestScriptName: null

2021-07-22 14:38:52 - [TEST_STEP][PASSED] - TestCaseId = testCaseContext.getTestCaseId(): null

2021-07-22 14:38:52 - [TEST_STEP][PASSED] - out.println("**********this is the value of test case id string******** " + testCaseContext.getTestCaseId()): null

2021-07-22 14:38:52 - [TEST_STEP][PASSED] - G_currentTCName = TestCaseId.substring(TestCaseId.lastIndexOf("TC")): null

2021-07-22 14:38:52 - [TEST_STEP][PASSED] - out.println("This is the test case name : " + G_currentTCName): null

2021-07-22 14:38:53 - [TEST_STEP][PASSED] - closeBrowser(): Browser is closed

2021-07-22 14:38:53 - [MESSAGE][PASSED] - Browser is closed

2021-07-22 14:38:53 - [TEST_STEP][PASSED] - ctdc.utilities.runtestcaseforKatalon.RunKatalon("TC23_Canine_Filter_Breed-Flat.xlsx"): Data loaded from input file for the test case. 

2021-07-22 14:38:53 - [MESSAGE][PASSED] - Test case file loaded This is the full filepath after converting to string :C:\Users\sohilz2\Commons_Automation\InputFiles\TC23_Canine_Filter_Breed-Flat.xlsx

2021-07-22 14:38:53 - [MESSAGE][INFO] - Global variable set for password file is :  C:\Users\sohilz2\Commons_Automation\InputFiles\TC23_Canine_Filter_Breed-Flat.xlsx

2021-07-22 14:38:57 - [MESSAGE][PASSED] - Data loaded from input file for the test case. 

2021-07-22 14:39:03 - [TEST_STEP][PASSED] - click(findTestObject("Canine/NavBar/Canine_Cases_Btn")): Object: 'Object Repository/Canine/NavBar/Canine_Cases_Btn' is clicked on

2021-07-22 14:39:03 - [MESSAGE][PASSED] - Object: 'Object Repository/Canine/NavBar/Canine_Cases_Btn' is clicked on

2021-07-22 14:39:03 - [TEST_STEP][PASSED] - click(findTestObject("Bento/Cases_page/Filter/FilterByCases_Facet")): Object: 'Object Repository/Bento/Cases_page/Filter/FilterByCases_Facet' is clicked on

2021-07-22 14:39:04 - [MESSAGE][PASSED] - Object: 'Object Repository/Bento/Cases_page/Filter/FilterByCases_Facet' is clicked on

2021-07-22 14:39:04 - [TEST_STEP][PASSED] - waitForElementPresent(findTestObject("Object Repository/Canine/Filter/Breed/BREED_Ddn"), 5): Object 'Object Repository/Canine/Filter/Breed/BREED_Ddn' is present

2021-07-22 14:39:04 - [MESSAGE][PASSED] - Object 'Object Repository/Canine/Filter/Breed/BREED_Ddn' is present

2021-07-22 14:39:04 - [TEST_STEP][PASSED] - ctdc.utilities.runtestcaseforKatalon.clickTabCanineStat("Object Repository/Canine/Filter/Breed/BREED_Ddn"): ctdc.utilities.runtestcaseforKatalon.clickTabCanineStat is PASSED

2021-07-22 14:39:13 - [MESSAGE][PASSED] - ctdc.utilities.runtestcaseforKatalon.clickTabCanineStat is PASSED

2021-07-22 14:39:13 - [TEST_STEP][PASSED] - ctdc.utilities.runtestcaseforKatalon.clickTabCanineStat("Object Repository/Canine/Filter/Breed/Flat_Chkbx"): ctdc.utilities.runtestcaseforKatalon.clickTabCanineStat is PASSED

2021-07-22 14:39:22 - [MESSAGE][PASSED] - ctdc.utilities.runtestcaseforKatalon.clickTabCanineStat is PASSED

2021-07-22 14:39:22 - [TEST_STEP][PASSED] - ctdc.utilities.runtestcaseforKatalon.readStatBarCanine("Object Repository/Canine/StatBar/Canine_StatBar-Studies", "Object Repository/Canine/StatBar/Canine_StatBar-Cases", "Object Repository/Canine/StatBar/Canine_StatBar-Samples", "Object Repository/Canine/StatBar/Canine_StatBar-Files", "Object Repository/Canine/StatBar/Canine_StatBar-Aliquots"): ctdc.utilities.runtestcaseforKatalon.readStatBarCanine is PASSED

2021-07-22 14:39:37 - [MESSAGE][PASSED] - ctdc.utilities.runtestcaseforKatalon.readStatBarCanine is PASSED

2021-07-22 14:39:37 - [TEST_STEP][PASSED] - waitForElementPresent(findTestObject("Object Repository/Canine/CanineResults_Cases_Tab"), 5): Object 'Object Repository/Canine/CanineResults_Cases_Tab' is present

2021-07-22 14:39:37 - [MESSAGE][PASSED] - Object 'Object Repository/Canine/CanineResults_Cases_Tab' is present

2021-07-22 14:39:37 - [TEST_STEP][PASSED] - ctdc.utilities.runtestcaseforKatalon.clickTabCanineStat("Object Repository/Canine/CanineResults_Cases_Tab"): ctdc.utilities.runtestcaseforKatalon.clickTabCanineStat is PASSED

2021-07-22 14:39:46 - [MESSAGE][PASSED] - ctdc.utilities.runtestcaseforKatalon.clickTabCanineStat is PASSED

2021-07-22 14:39:46 - [TEST_STEP][PASSED] - ctdc.utilities.runtestcaseforKatalon.multiFunction("ICDC", G_StatBar_Cases, "Object Repository/Canine/Canine_CasesTable", "Object Repository/Canine/Canine_TableHeader", "Object Repository/Canine/Canine_CasesTabNextBtn", G_WebTabnameCases, G_CypherTabnameCases, G_QueryCasesTab): Statbar Arms count matches

2021-07-22 14:40:00 - [MESSAGE][PASSED] - Statbar Files count matches

2021-07-22 14:40:00 - [MESSAGE][PASSED] - Statbar Samples count matches

2021-07-22 14:40:00 - [MESSAGE][PASSED] - Statbar Cases count matches

2021-07-22 14:40:00 - [MESSAGE][PASSED] - Statbar Arms count matches

2021-07-22 14:40:00 - [TEST_STEP][PASSED] - waitForElementPresent(findTestObject("Object Repository/Canine/CanineResults_Samples_Tab"), 5): Object 'Object Repository/Canine/CanineResults_Samples_Tab' is present

2021-07-22 14:40:00 - [MESSAGE][PASSED] - Object 'Object Repository/Canine/CanineResults_Samples_Tab' is present

2021-07-22 14:40:00 - [TEST_STEP][PASSED] - ctdc.utilities.runtestcaseforKatalon.clickTabCanineStat("Object Repository/Canine/CanineResults_Samples_Tab"): ctdc.utilities.runtestcaseforKatalon.clickTabCanineStat is PASSED

2021-07-22 14:40:08 - [MESSAGE][PASSED] - ctdc.utilities.runtestcaseforKatalon.clickTabCanineStat is PASSED

2021-07-22 14:40:08 - [TEST_STEP][PASSED] - ctdc.utilities.runtestcaseforKatalon.multiFunction("ICDC", G_StatBar_Samples, "Object Repository/Canine/Canine_Samples_Table", "Object Repository/Canine/Canine_Samples_TableHdr", "Object Repository/Canine/Canine_SamplesTabNextBtn", G_WebTabnameSamples, G_CypherTabnameSamples, G_QuerySamplesTab): Statbar Arms count matches

2021-07-22 14:40:22 - [MESSAGE][PASSED] - Statbar Files count matches

2021-07-22 14:40:22 - [MESSAGE][PASSED] - Statbar Samples count matches

2021-07-22 14:40:22 - [MESSAGE][PASSED] - Statbar Cases count matches

2021-07-22 14:40:22 - [MESSAGE][PASSED] - Statbar Arms count matches

2021-07-22 14:40:22 - [TEST_STEP][PASSED] - waitForElementPresent(findTestObject("Object Repository/Canine/CanineResults_Files_Tab"), 5): Object 'Object Repository/Canine/CanineResults_Files_Tab' is present

2021-07-22 14:40:22 - [MESSAGE][PASSED] - Object 'Object Repository/Canine/CanineResults_Files_Tab' is present

2021-07-22 14:40:22 - [TEST_STEP][PASSED] - ctdc.utilities.runtestcaseforKatalon.clickTabCanineStat("Object Repository/Canine/CanineResults_Files_Tab"): ctdc.utilities.runtestcaseforKatalon.clickTabCanineStat is PASSED

2021-07-22 14:40:31 - [MESSAGE][PASSED] - ctdc.utilities.runtestcaseforKatalon.clickTabCanineStat is PASSED

2021-07-22 14:40:31 - [TEST_STEP][PASSED] - ctdc.utilities.runtestcaseforKatalon.multiFunction("ICDC", G_StatBar_Files, "Object Repository/Canine/Canine_Files_Table", "Object Repository/Canine/Canine_Files_TableHdr", "Object Repository/Canine/Canine_FilesTabNextBtn", G_WebTabnameFiles, G_CypherTabnameFiles, G_QueryFilesTab): Statbar Arms count matches

2021-07-22 14:40:44 - [MESSAGE][PASSED] - Statbar Files count matches

2021-07-22 14:40:44 - [MESSAGE][PASSED] - Statbar Samples count matches

2021-07-22 14:40:44 - [MESSAGE][PASSED] - Statbar Cases count matches

2021-07-22 14:40:44 - [MESSAGE][PASSED] - Statbar Arms count matches

2021-07-22 14:40:44 - [TEST_STEP][PASSED] - closeBrowser(): Browser is closed

2021-07-22 14:40:45 - [MESSAGE][PASSED] - Browser is closed]]></system-out>
         <system-err><![CDATA[]]></system-err>
      </testcase>
      <testcase name="Test Cases/Canine_TestCases/Breed/TC24_Canine_Filter_Breed-FrenchBullDg" time="195.015" classname="Test Cases/Canine_TestCases/Breed/TC24_Canine_Filter_Breed-FrenchBullDg" status="PASSED">
         <system-out><![CDATA[2021-07-22 14:40:45 - [TEST_CASE][PASSED] - Test Cases/Canine_TestCases/Breed/TC24_Canine_Filter_Breed-FrenchBullDg: Test Cases/Canine_TestCases/Breed/TC24_Canine_Filter_Breed-FrenchBullDg

2021-07-22 14:40:45 - [TEST_STEP][PASSED] - Start listener action : getTestScriptName: null

2021-07-22 14:40:45 - [TEST_STEP][PASSED] - TestCaseId = testCaseContext.getTestCaseId(): null

2021-07-22 14:40:45 - [TEST_STEP][PASSED] - out.println("**********this is the value of test case id string******** " + testCaseContext.getTestCaseId()): null

2021-07-22 14:40:45 - [TEST_STEP][PASSED] - G_currentTCName = TestCaseId.substring(TestCaseId.lastIndexOf("TC")): null

2021-07-22 14:40:45 - [TEST_STEP][PASSED] - out.println("This is the test case name : " + G_currentTCName): null

2021-07-22 14:40:45 - [TEST_STEP][PASSED] - closeBrowser(): Browser is closed

2021-07-22 14:40:45 - [MESSAGE][PASSED] - Browser is closed

2021-07-22 14:40:45 - [TEST_STEP][PASSED] - ctdc.utilities.runtestcaseforKatalon.RunKatalon("TC24_Canine_Filter_Breed-FrenchBullDg.xlsx"): Data loaded from input file for the test case. 

2021-07-22 14:40:45 - [MESSAGE][PASSED] - Test case file loaded This is the full filepath after converting to string :C:\Users\sohilz2\Commons_Automation\InputFiles\TC24_Canine_Filter_Breed-FrenchBullDg.xlsx

2021-07-22 14:40:45 - [MESSAGE][INFO] - Global variable set for password file is :  C:\Users\sohilz2\Commons_Automation\InputFiles\TC24_Canine_Filter_Breed-FrenchBullDg.xlsx

2021-07-22 14:40:49 - [MESSAGE][PASSED] - Data loaded from input file for the test case. 

2021-07-22 14:40:56 - [TEST_STEP][PASSED] - waitForElementPresent(findTestObject("Canine/NavBar/Canine_Cases_Btn"), 5): Object 'Object Repository/Canine/NavBar/Canine_Cases_Btn' is present

2021-07-22 14:40:56 - [MESSAGE][PASSED] - Object 'Object Repository/Canine/NavBar/Canine_Cases_Btn' is present

2021-07-22 14:40:56 - [TEST_STEP][PASSED] - ctdc.utilities.runtestcaseforKatalon.clickTabCanineStat("Canine/NavBar/Canine_Cases_Btn"): ctdc.utilities.runtestcaseforKatalon.clickTabCanineStat is PASSED

2021-07-22 14:41:05 - [MESSAGE][PASSED] - ctdc.utilities.runtestcaseforKatalon.clickTabCanineStat is PASSED

2021-07-22 14:41:05 - [TEST_STEP][PASSED] - waitForElementPresent(findTestObject("Bento/Cases_page/Filter/FilterByCases_Facet"), 5): Object 'Object Repository/Bento/Cases_page/Filter/FilterByCases_Facet' is present

2021-07-22 14:41:05 - [MESSAGE][PASSED] - Object 'Object Repository/Bento/Cases_page/Filter/FilterByCases_Facet' is present

2021-07-22 14:41:05 - [TEST_STEP][PASSED] - ctdc.utilities.runtestcaseforKatalon.clickTabCanineStat("Bento/Cases_page/Filter/FilterByCases_Facet"): ctdc.utilities.runtestcaseforKatalon.clickTabCanineStat is PASSED

2021-07-22 14:41:13 - [MESSAGE][PASSED] - ctdc.utilities.runtestcaseforKatalon.clickTabCanineStat is PASSED

2021-07-22 14:41:13 - [TEST_STEP][PASSED] - waitForElementPresent(findTestObject("Object Repository/Canine/Filter/Breed/BREED_Ddn"), 5): Object 'Object Repository/Canine/Filter/Breed/BREED_Ddn' is present

2021-07-22 14:41:13 - [MESSAGE][PASSED] - Object 'Object Repository/Canine/Filter/Breed/BREED_Ddn' is present

2021-07-22 14:41:13 - [TEST_STEP][PASSED] - ctdc.utilities.runtestcaseforKatalon.clickTabCanineStat("Object Repository/Canine/Filter/Breed/BREED_Ddn"): ctdc.utilities.runtestcaseforKatalon.clickTabCanineStat is PASSED

2021-07-22 14:41:22 - [MESSAGE][PASSED] - ctdc.utilities.runtestcaseforKatalon.clickTabCanineStat is PASSED

2021-07-22 14:41:22 - [TEST_STEP][PASSED] - ctdc.utilities.runtestcaseforKatalon.clickTabCanineStat("Canine/Filter/Breed/FrenchBulldog_Chkbx"): ctdc.utilities.runtestcaseforKatalon.clickTabCanineStat is PASSED

2021-07-22 14:41:31 - [MESSAGE][PASSED] - ctdc.utilities.runtestcaseforKatalon.clickTabCanineStat is PASSED

2021-07-22 14:41:31 - [TEST_STEP][PASSED] - ctdc.utilities.runtestcaseforKatalon.readStatBarCanine("Object Repository/Canine/StatBar/Canine_StatBar-Studies", "Object Repository/Canine/StatBar/Canine_StatBar-Cases", "Object Repository/Canine/StatBar/Canine_StatBar-Samples", "Object Repository/Canine/StatBar/Canine_StatBar-Files", "Object Repository/Canine/StatBar/Canine_StatBar-Aliquots"): ctdc.utilities.runtestcaseforKatalon.readStatBarCanine is PASSED

2021-07-22 14:41:46 - [MESSAGE][PASSED] - ctdc.utilities.runtestcaseforKatalon.readStatBarCanine is PASSED

2021-07-22 14:41:46 - [TEST_STEP][PASSED] - waitForElementPresent(findTestObject("Object Repository/Canine/CanineResults_Cases_Tab"), 5): Object 'Object Repository/Canine/CanineResults_Cases_Tab' is present

2021-07-22 14:41:46 - [MESSAGE][PASSED] - Object 'Object Repository/Canine/CanineResults_Cases_Tab' is present

2021-07-22 14:41:46 - [TEST_STEP][PASSED] - ctdc.utilities.runtestcaseforKatalon.clickTabCanineStat("Object Repository/Canine/CanineResults_Cases_Tab"): ctdc.utilities.runtestcaseforKatalon.clickTabCanineStat is PASSED

2021-07-22 14:41:55 - [MESSAGE][PASSED] - ctdc.utilities.runtestcaseforKatalon.clickTabCanineStat is PASSED

2021-07-22 14:41:55 - [TEST_STEP][PASSED] - ctdc.utilities.runtestcaseforKatalon.multiFunction("ICDC", G_StatBar_Cases, "Object Repository/Canine/Canine_CasesTable", "Object Repository/Canine/Canine_TableHeader", "Object Repository/Canine/Canine_CasesTabNextBtn", G_WebTabnameCases, G_CypherTabnameCases, G_QueryCasesTab): Statbar Arms count matches

2021-07-22 14:42:10 - [MESSAGE][PASSED] - Statbar Files count matches

2021-07-22 14:42:10 - [MESSAGE][PASSED] - Statbar Samples count matches

2021-07-22 14:42:10 - [MESSAGE][PASSED] - Statbar Cases count matches

2021-07-22 14:42:10 - [MESSAGE][PASSED] - Statbar Arms count matches

2021-07-22 14:42:10 - [TEST_STEP][PASSED] - waitForElementPresent(findTestObject("Object Repository/Canine/CanineResults_Samples_Tab"), 5): Object 'Object Repository/Canine/CanineResults_Samples_Tab' is present

2021-07-22 14:42:10 - [MESSAGE][PASSED] - Object 'Object Repository/Canine/CanineResults_Samples_Tab' is present

2021-07-22 14:42:10 - [TEST_STEP][PASSED] - ctdc.utilities.runtestcaseforKatalon.clickTabCanineStat("Object Repository/Canine/CanineResults_Samples_Tab"): ctdc.utilities.runtestcaseforKatalon.clickTabCanineStat is PASSED

2021-07-22 14:42:19 - [MESSAGE][PASSED] - ctdc.utilities.runtestcaseforKatalon.clickTabCanineStat is PASSED

2021-07-22 14:42:19 - [TEST_STEP][PASSED] - ctdc.utilities.runtestcaseforKatalon.multiFunction("ICDC", G_StatBar_Samples, "Object Repository/Canine/Canine_Samples_Table", "Object Repository/Canine/Canine_Samples_TableHdr", "Object Repository/Canine/Canine_SamplesTabNextBtn", G_WebTabnameSamples, G_CypherTabnameSamples, G_QuerySamplesTab): Statbar Arms count matches

2021-07-22 14:42:58 - [MESSAGE][PASSED] - Statbar Files count matches

2021-07-22 14:42:58 - [MESSAGE][PASSED] - Statbar Samples count matches

2021-07-22 14:42:58 - [MESSAGE][PASSED] - Statbar Cases count matches

2021-07-22 14:42:58 - [MESSAGE][PASSED] - Statbar Arms count matches

2021-07-22 14:42:58 - [TEST_STEP][PASSED] - waitForElementPresent(findTestObject("Object Repository/Canine/CanineResults_Files_Tab"), 5): Object 'Object Repository/Canine/CanineResults_Files_Tab' is present

2021-07-22 14:42:58 - [MESSAGE][PASSED] - Object 'Object Repository/Canine/CanineResults_Files_Tab' is present

2021-07-22 14:42:58 - [TEST_STEP][PASSED] - ctdc.utilities.runtestcaseforKatalon.clickTab("Object Repository/Canine/CanineResults_Files_Tab"): ctdc.utilities.runtestcaseforKatalon.clickTab is PASSED

2021-07-22 14:42:58 - [MESSAGE][PASSED] - ctdc.utilities.runtestcaseforKatalon.clickTab is PASSED

2021-07-22 14:42:58 - [TEST_STEP][PASSED] - ctdc.utilities.runtestcaseforKatalon.multiFunction("ICDC", G_StatBar_Files, "Object Repository/Canine/Canine_Files_Table", "Object Repository/Canine/Canine_Files_TableHdr", "Object Repository/Canine/Canine_FilesTabNextBtn", G_WebTabnameFiles, G_CypherTabnameFiles, G_QueryFilesTab): Statbar Arms count matches

2021-07-22 14:44:00 - [MESSAGE][PASSED] - Statbar Files count matches

2021-07-22 14:44:00 - [MESSAGE][PASSED] - Statbar Samples count matches

2021-07-22 14:44:00 - [MESSAGE][PASSED] - Statbar Cases count matches

2021-07-22 14:44:00 - [MESSAGE][PASSED] - Statbar Arms count matches

2021-07-22 14:44:00 - [TEST_STEP][PASSED] - closeBrowser(): Browser is closed

2021-07-22 14:44:00 - [MESSAGE][PASSED] - Browser is closed]]></system-out>
         <system-err><![CDATA[]]></system-err>
      </testcase>
      <testcase name="Test Cases/Canine_TestCases/Breed/TC25_Canine_Filter_Breed-GermanShphd" time="110.115" classname="Test Cases/Canine_TestCases/Breed/TC25_Canine_Filter_Breed-GermanShphd" status="PASSED">
         <system-out><![CDATA[2021-07-22 14:44:00 - [TEST_CASE][PASSED] - Test Cases/Canine_TestCases/Breed/TC25_Canine_Filter_Breed-GermanShphd: Test Cases/Canine_TestCases/Breed/TC25_Canine_Filter_Breed-GermanShphd

2021-07-22 14:44:00 - [TEST_STEP][PASSED] - Start listener action : getTestScriptName: null

2021-07-22 14:44:00 - [TEST_STEP][PASSED] - TestCaseId = testCaseContext.getTestCaseId(): null

2021-07-22 14:44:00 - [TEST_STEP][PASSED] - out.println("**********this is the value of test case id string******** " + testCaseContext.getTestCaseId()): null

2021-07-22 14:44:00 - [TEST_STEP][PASSED] - G_currentTCName = TestCaseId.substring(TestCaseId.lastIndexOf("TC")): null

2021-07-22 14:44:00 - [TEST_STEP][PASSED] - out.println("This is the test case name : " + G_currentTCName): null

2021-07-22 14:44:00 - [TEST_STEP][PASSED] - closeBrowser(): Browser is closed

2021-07-22 14:44:00 - [MESSAGE][PASSED] - Browser is closed

2021-07-22 14:44:00 - [TEST_STEP][PASSED] - ctdc.utilities.runtestcaseforKatalon.RunKatalon("TC25_Canine_Filter_Breed-GermanShphd.xlsx"): Data loaded from input file for the test case. 

2021-07-22 14:44:00 - [MESSAGE][PASSED] - Test case file loaded This is the full filepath after converting to string :C:\Users\sohilz2\Commons_Automation\InputFiles\TC25_Canine_Filter_Breed-GermanShphd.xlsx

2021-07-22 14:44:00 - [MESSAGE][INFO] - Global variable set for password file is :  C:\Users\sohilz2\Commons_Automation\InputFiles\TC25_Canine_Filter_Breed-GermanShphd.xlsx

2021-07-22 14:44:05 - [MESSAGE][PASSED] - Data loaded from input file for the test case. 

2021-07-22 14:44:11 - [TEST_STEP][PASSED] - click(findTestObject("Canine/NavBar/Canine_Cases_Btn")): Object: 'Object Repository/Canine/NavBar/Canine_Cases_Btn' is clicked on

2021-07-22 14:44:11 - [MESSAGE][PASSED] - Object: 'Object Repository/Canine/NavBar/Canine_Cases_Btn' is clicked on

2021-07-22 14:44:11 - [TEST_STEP][PASSED] - click(findTestObject("Bento/Cases_page/Filter/FilterByCases_Facet")): Object: 'Object Repository/Bento/Cases_page/Filter/FilterByCases_Facet' is clicked on

2021-07-22 14:44:12 - [MESSAGE][PASSED] - Object: 'Object Repository/Bento/Cases_page/Filter/FilterByCases_Facet' is clicked on

2021-07-22 14:44:12 - [TEST_STEP][PASSED] - waitForElementPresent(findTestObject("Object Repository/Canine/Filter/Breed/BREED_Ddn"), 5): Object 'Object Repository/Canine/Filter/Breed/BREED_Ddn' is present

2021-07-22 14:44:13 - [MESSAGE][PASSED] - Object 'Object Repository/Canine/Filter/Breed/BREED_Ddn' is present

2021-07-22 14:44:13 - [TEST_STEP][PASSED] - ctdc.utilities.runtestcaseforKatalon.clickTabCanineStat("Object Repository/Canine/Filter/Breed/BREED_Ddn"): ctdc.utilities.runtestcaseforKatalon.clickTabCanineStat is PASSED

2021-07-22 14:44:21 - [MESSAGE][PASSED] - ctdc.utilities.runtestcaseforKatalon.clickTabCanineStat is PASSED

2021-07-22 14:44:21 - [TEST_STEP][PASSED] - ctdc.utilities.runtestcaseforKatalon.clickTabCanineStat("Object Repository/Canine/Filter/Breed/GermanShphd_Chkbx"): ctdc.utilities.runtestcaseforKatalon.clickTabCanineStat is PASSED

2021-07-22 14:44:30 - [MESSAGE][PASSED] - ctdc.utilities.runtestcaseforKatalon.clickTabCanineStat is PASSED

2021-07-22 14:44:30 - [TEST_STEP][PASSED] - ctdc.utilities.runtestcaseforKatalon.readStatBarCanine("Object Repository/Canine/StatBar/Canine_StatBar-Studies", "Object Repository/Canine/StatBar/Canine_StatBar-Cases", "Object Repository/Canine/StatBar/Canine_StatBar-Samples", "Object Repository/Canine/StatBar/Canine_StatBar-Files", "Object Repository/Canine/StatBar/Canine_StatBar-Aliquots"): ctdc.utilities.runtestcaseforKatalon.readStatBarCanine is PASSED

2021-07-22 14:44:45 - [MESSAGE][PASSED] - ctdc.utilities.runtestcaseforKatalon.readStatBarCanine is PASSED

2021-07-22 14:44:45 - [TEST_STEP][PASSED] - waitForElementPresent(findTestObject("Object Repository/Canine/CanineResults_Cases_Tab"), 5): Object 'Object Repository/Canine/CanineResults_Cases_Tab' is present

2021-07-22 14:44:46 - [MESSAGE][PASSED] - Object 'Object Repository/Canine/CanineResults_Cases_Tab' is present

2021-07-22 14:44:46 - [TEST_STEP][PASSED] - ctdc.utilities.runtestcaseforKatalon.clickTabCanineStat("Object Repository/Canine/CanineResults_Cases_Tab"): ctdc.utilities.runtestcaseforKatalon.clickTabCanineStat is PASSED

2021-07-22 14:44:54 - [MESSAGE][PASSED] - ctdc.utilities.runtestcaseforKatalon.clickTabCanineStat is PASSED

2021-07-22 14:44:54 - [TEST_STEP][PASSED] - ctdc.utilities.runtestcaseforKatalon.multiFunction("ICDC", G_StatBar_Cases, "Object Repository/Canine/Canine_CasesTable", "Object Repository/Canine/Canine_TableHeader", "Object Repository/Canine/Canine_CasesTabNextBtn", G_WebTabnameCases, G_CypherTabnameCases, G_QueryCasesTab): Statbar Arms count matches

2021-07-22 14:45:09 - [MESSAGE][PASSED] - Statbar Files count matches

2021-07-22 14:45:09 - [MESSAGE][PASSED] - Statbar Samples count matches

2021-07-22 14:45:09 - [MESSAGE][PASSED] - Statbar Cases count matches

2021-07-22 14:45:09 - [MESSAGE][PASSED] - Statbar Arms count matches

2021-07-22 14:45:09 - [TEST_STEP][PASSED] - waitForElementPresent(findTestObject("Object Repository/Canine/CanineResults_Samples_Tab"), 5): Object 'Object Repository/Canine/CanineResults_Samples_Tab' is present

2021-07-22 14:45:09 - [MESSAGE][PASSED] - Object 'Object Repository/Canine/CanineResults_Samples_Tab' is present

2021-07-22 14:45:09 - [TEST_STEP][PASSED] - ctdc.utilities.runtestcaseforKatalon.clickTab("Object Repository/Canine/CanineResults_Samples_Tab"): ctdc.utilities.runtestcaseforKatalon.clickTab is PASSED

2021-07-22 14:45:09 - [MESSAGE][PASSED] - ctdc.utilities.runtestcaseforKatalon.clickTab is PASSED

2021-07-22 14:45:09 - [TEST_STEP][PASSED] - ctdc.utilities.runtestcaseforKatalon.multiFunction("ICDC", G_StatBar_Samples, "Object Repository/Canine/Canine_Samples_Table", "Object Repository/Canine/Canine_Samples_TableHdr", "Object Repository/Canine/Canine_SamplesTabNextBtn", G_WebTabnameSamples, G_CypherTabnameSamples, G_QuerySamplesTab): Statbar Arms count matches

2021-07-22 14:45:25 - [MESSAGE][PASSED] - Statbar Files count matches

2021-07-22 14:45:25 - [MESSAGE][PASSED] - Statbar Samples count matches

2021-07-22 14:45:25 - [MESSAGE][PASSED] - Statbar Cases count matches

2021-07-22 14:45:25 - [MESSAGE][PASSED] - Statbar Arms count matches

2021-07-22 14:45:25 - [TEST_STEP][PASSED] - waitForElementPresent(findTestObject("Object Repository/Canine/CanineResults_Files_Tab"), 5): Object 'Object Repository/Canine/CanineResults_Files_Tab' is present

2021-07-22 14:45:25 - [MESSAGE][PASSED] - Object 'Object Repository/Canine/CanineResults_Files_Tab' is present

2021-07-22 14:45:25 - [TEST_STEP][PASSED] - ctdc.utilities.runtestcaseforKatalon.clickTabCanineStat("Object Repository/Canine/CanineResults_Files_Tab"): ctdc.utilities.runtestcaseforKatalon.clickTabCanineStat is PASSED

2021-07-22 14:45:34 - [MESSAGE][PASSED] - ctdc.utilities.runtestcaseforKatalon.clickTabCanineStat is PASSED

2021-07-22 14:45:34 - [TEST_STEP][PASSED] - ctdc.utilities.runtestcaseforKatalon.multiFunction("ICDC", G_StatBar_Files, "Object Repository/Canine/Canine_Files_Table", "Object Repository/Canine/Canine_Files_TableHdr", "Object Repository/Canine/Canine_FilesTabNextBtn", G_WebTabnameFiles, G_CypherTabnameFiles, G_QueryFilesTab): Statbar Arms count matches

2021-07-22 14:45:50 - [MESSAGE][PASSED] - Statbar Files count matches

2021-07-22 14:45:50 - [MESSAGE][PASSED] - Statbar Samples count matches

2021-07-22 14:45:50 - [MESSAGE][PASSED] - Statbar Cases count matches

2021-07-22 14:45:50 - [MESSAGE][PASSED] - Statbar Arms count matches

2021-07-22 14:45:50 - [TEST_STEP][PASSED] - closeBrowser(): Browser is closed

2021-07-22 14:45:50 - [MESSAGE][PASSED] - Browser is closed]]></system-out>
         <system-err><![CDATA[]]></system-err>
      </testcase>
      <testcase name="Test Cases/Canine_TestCases/Breed/TC27_Canine_Filter_Breed-Giant" time="106.788" classname="Test Cases/Canine_TestCases/Breed/TC27_Canine_Filter_Breed-Giant" status="PASSED">
         <system-out><![CDATA[2021-07-22 14:45:50 - [TEST_CASE][PASSED] - Test Cases/Canine_TestCases/Breed/TC27_Canine_Filter_Breed-Giant: Test Cases/Canine_TestCases/Breed/TC27_Canine_Filter_Breed-Giant

2021-07-22 14:45:50 - [TEST_STEP][PASSED] - Start listener action : getTestScriptName: null

2021-07-22 14:45:50 - [TEST_STEP][PASSED] - TestCaseId = testCaseContext.getTestCaseId(): null

2021-07-22 14:45:50 - [TEST_STEP][PASSED] - out.println("**********this is the value of test case id string******** " + testCaseContext.getTestCaseId()): null

2021-07-22 14:45:50 - [TEST_STEP][PASSED] - G_currentTCName = TestCaseId.substring(TestCaseId.lastIndexOf("TC")): null

2021-07-22 14:45:50 - [TEST_STEP][PASSED] - out.println("This is the test case name : " + G_currentTCName): null

2021-07-22 14:45:51 - [TEST_STEP][PASSED] - closeBrowser(): Browser is closed

2021-07-22 14:45:51 - [MESSAGE][PASSED] - Browser is closed

2021-07-22 14:45:51 - [TEST_STEP][PASSED] - ctdc.utilities.runtestcaseforKatalon.RunKatalon("TC27_Canine_Filter_Breed-Giant.xlsx"): Data loaded from input file for the test case. 

2021-07-22 14:45:51 - [MESSAGE][PASSED] - Test case file loaded This is the full filepath after converting to string :C:\Users\sohilz2\Commons_Automation\InputFiles\TC27_Canine_Filter_Breed-Giant.xlsx

2021-07-22 14:45:51 - [MESSAGE][INFO] - Global variable set for password file is :  C:\Users\sohilz2\Commons_Automation\InputFiles\TC27_Canine_Filter_Breed-Giant.xlsx

2021-07-22 14:45:55 - [MESSAGE][PASSED] - Data loaded from input file for the test case. 

2021-07-22 14:46:01 - [TEST_STEP][PASSED] - click(findTestObject("Canine/NavBar/Canine_Cases_Btn")): Object: 'Object Repository/Canine/NavBar/Canine_Cases_Btn' is clicked on

2021-07-22 14:46:01 - [MESSAGE][PASSED] - Object: 'Object Repository/Canine/NavBar/Canine_Cases_Btn' is clicked on

2021-07-22 14:46:01 - [TEST_STEP][PASSED] - click(findTestObject("Bento/Cases_page/Filter/FilterByCases_Facet")): Object: 'Object Repository/Bento/Cases_page/Filter/FilterByCases_Facet' is clicked on

2021-07-22 14:46:02 - [MESSAGE][PASSED] - Object: 'Object Repository/Bento/Cases_page/Filter/FilterByCases_Facet' is clicked on

2021-07-22 14:46:02 - [TEST_STEP][PASSED] - waitForElementPresent(findTestObject("Object Repository/Canine/Filter/Breed/BREED_Ddn"), 5): Object 'Object Repository/Canine/Filter/Breed/BREED_Ddn' is present

2021-07-22 14:46:02 - [MESSAGE][PASSED] - Object 'Object Repository/Canine/Filter/Breed/BREED_Ddn' is present

2021-07-22 14:46:02 - [TEST_STEP][PASSED] - ctdc.utilities.runtestcaseforKatalon.clickTabCanineStat("Object Repository/Canine/Filter/Breed/BREED_Ddn"): ctdc.utilities.runtestcaseforKatalon.clickTabCanineStat is PASSED

2021-07-22 14:46:11 - [MESSAGE][PASSED] - ctdc.utilities.runtestcaseforKatalon.clickTabCanineStat is PASSED

2021-07-22 14:46:11 - [TEST_STEP][PASSED] - ctdc.utilities.runtestcaseforKatalon.clickTabCanineStat("Object Repository/Canine/Filter/Breed/Giant_Chkbx"): ctdc.utilities.runtestcaseforKatalon.clickTabCanineStat is PASSED

2021-07-22 14:46:20 - [MESSAGE][PASSED] - ctdc.utilities.runtestcaseforKatalon.clickTabCanineStat is PASSED

2021-07-22 14:46:20 - [TEST_STEP][PASSED] - ctdc.utilities.runtestcaseforKatalon.readStatBarCanine("Object Repository/Canine/StatBar/Canine_StatBar-Studies", "Object Repository/Canine/StatBar/Canine_StatBar-Cases", "Object Repository/Canine/StatBar/Canine_StatBar-Samples", "Object Repository/Canine/StatBar/Canine_StatBar-Files", "Object Repository/Canine/StatBar/Canine_StatBar-Aliquots"): ctdc.utilities.runtestcaseforKatalon.readStatBarCanine is PASSED

2021-07-22 14:46:35 - [MESSAGE][PASSED] - ctdc.utilities.runtestcaseforKatalon.readStatBarCanine is PASSED

2021-07-22 14:46:35 - [TEST_STEP][PASSED] - waitForElementPresent(findTestObject("Object Repository/Canine/CanineResults_Cases_Tab"), 5): Object 'Object Repository/Canine/CanineResults_Cases_Tab' is present

2021-07-22 14:46:35 - [MESSAGE][PASSED] - Object 'Object Repository/Canine/CanineResults_Cases_Tab' is present

2021-07-22 14:46:35 - [TEST_STEP][PASSED] - ctdc.utilities.runtestcaseforKatalon.clickTabCanineStat("Object Repository/Canine/CanineResults_Cases_Tab"): ctdc.utilities.runtestcaseforKatalon.clickTabCanineStat is PASSED

2021-07-22 14:46:43 - [MESSAGE][PASSED] - ctdc.utilities.runtestcaseforKatalon.clickTabCanineStat is PASSED

2021-07-22 14:46:43 - [TEST_STEP][PASSED] - ctdc.utilities.runtestcaseforKatalon.multiFunction("ICDC", G_StatBar_Cases, "Object Repository/Canine/Canine_CasesTable", "Object Repository/Canine/Canine_TableHeader", "Object Repository/Canine/Canine_CasesTabNextBtn", G_WebTabnameCases, G_CypherTabnameCases, G_QueryCasesTab): Statbar Arms count matches

2021-07-22 14:46:58 - [MESSAGE][PASSED] - Statbar Files count matches

2021-07-22 14:46:58 - [MESSAGE][PASSED] - Statbar Samples count matches

2021-07-22 14:46:58 - [MESSAGE][PASSED] - Statbar Cases count matches

2021-07-22 14:46:58 - [MESSAGE][PASSED] - Statbar Arms count matches

2021-07-22 14:46:58 - [TEST_STEP][PASSED] - waitForElementPresent(findTestObject("Object Repository/Canine/CanineResults_Samples_Tab"), 5): Object 'Object Repository/Canine/CanineResults_Samples_Tab' is present

2021-07-22 14:46:58 - [MESSAGE][PASSED] - Object 'Object Repository/Canine/CanineResults_Samples_Tab' is present

2021-07-22 14:46:58 - [TEST_STEP][PASSED] - ctdc.utilities.runtestcaseforKatalon.clickTabCanineStat("Object Repository/Canine/CanineResults_Samples_Tab"): ctdc.utilities.runtestcaseforKatalon.clickTabCanineStat is PASSED

2021-07-22 14:47:06 - [MESSAGE][PASSED] - ctdc.utilities.runtestcaseforKatalon.clickTabCanineStat is PASSED

2021-07-22 14:47:06 - [TEST_STEP][PASSED] - ctdc.utilities.runtestcaseforKatalon.multiFunction("ICDC", G_StatBar_Samples, "Object Repository/Canine/Canine_Samples_Table", "Object Repository/Canine/Canine_Samples_TableHdr", "Object Repository/Canine/Canine_SamplesTabNextBtn", G_WebTabnameSamples, G_CypherTabnameSamples, G_QuerySamplesTab): Statbar Arms count matches

2021-07-22 14:47:21 - [MESSAGE][PASSED] - Statbar Files count matches

2021-07-22 14:47:21 - [MESSAGE][PASSED] - Statbar Samples count matches

2021-07-22 14:47:21 - [MESSAGE][PASSED] - Statbar Cases count matches

2021-07-22 14:47:21 - [MESSAGE][PASSED] - Statbar Arms count matches

2021-07-22 14:47:21 - [TEST_STEP][PASSED] - waitForElementPresent(findTestObject("Object Repository/Canine/CanineResults_Files_Tab"), 5): Object 'Object Repository/Canine/CanineResults_Files_Tab' is present

2021-07-22 14:47:21 - [MESSAGE][PASSED] - Object 'Object Repository/Canine/CanineResults_Files_Tab' is present

2021-07-22 14:47:21 - [TEST_STEP][PASSED] - ctdc.utilities.runtestcaseforKatalon.clickTab("Object Repository/Canine/CanineResults_Files_Tab"): ctdc.utilities.runtestcaseforKatalon.clickTab is PASSED

2021-07-22 14:47:21 - [MESSAGE][PASSED] - ctdc.utilities.runtestcaseforKatalon.clickTab is PASSED

2021-07-22 14:47:21 - [TEST_STEP][PASSED] - ctdc.utilities.runtestcaseforKatalon.multiFunction("ICDC", G_StatBar_Files, "Object Repository/Canine/Canine_Files_Table", "Object Repository/Canine/Canine_Files_TableHdr", "Object Repository/Canine/Canine_FilesTabNextBtn", G_WebTabnameFiles, G_CypherTabnameFiles, G_QueryFilesTab): Statbar Arms count matches

2021-07-22 14:47:36 - [MESSAGE][PASSED] - Statbar Files count matches

2021-07-22 14:47:36 - [MESSAGE][PASSED] - Statbar Samples count matches

2021-07-22 14:47:36 - [MESSAGE][PASSED] - Statbar Cases count matches

2021-07-22 14:47:36 - [MESSAGE][PASSED] - Statbar Arms count matches

2021-07-22 14:47:36 - [TEST_STEP][PASSED] - closeBrowser(): Browser is closed

2021-07-22 14:47:37 - [MESSAGE][PASSED] - Browser is closed]]></system-out>
         <system-err><![CDATA[]]></system-err>
      </testcase>
      <testcase name="Test Cases/Canine_TestCases/Breed/TC29_Canine_Filter_Breed-Gordon" time="116.013" classname="Test Cases/Canine_TestCases/Breed/TC29_Canine_Filter_Breed-Gordon" status="PASSED">
         <system-out><![CDATA[2021-07-22 14:47:37 - [TEST_CASE][PASSED] - Test Cases/Canine_TestCases/Breed/TC29_Canine_Filter_Breed-Gordon: Test Cases/Canine_TestCases/Breed/TC29_Canine_Filter_Breed-Gordon

2021-07-22 14:47:37 - [TEST_STEP][PASSED] - Start listener action : getTestScriptName: null

2021-07-22 14:47:37 - [TEST_STEP][PASSED] - TestCaseId = testCaseContext.getTestCaseId(): null

2021-07-22 14:47:37 - [TEST_STEP][PASSED] - out.println("**********this is the value of test case id string******** " + testCaseContext.getTestCaseId()): null

2021-07-22 14:47:37 - [TEST_STEP][PASSED] - G_currentTCName = TestCaseId.substring(TestCaseId.lastIndexOf("TC")): null

2021-07-22 14:47:37 - [TEST_STEP][PASSED] - out.println("This is the test case name : " + G_currentTCName): null

2021-07-22 14:47:37 - [TEST_STEP][PASSED] - closeBrowser(): Browser is closed

2021-07-22 14:47:37 - [MESSAGE][PASSED] - Browser is closed

2021-07-22 14:47:37 - [TEST_STEP][PASSED] - ctdc.utilities.runtestcaseforKatalon.RunKatalon("TC29_Canine_Filter_Breed-Gordon.xlsx"): Data loaded from input file for the test case. 

2021-07-22 14:47:37 - [MESSAGE][PASSED] - Test case file loaded This is the full filepath after converting to string :C:\Users\sohilz2\Commons_Automation\InputFiles\TC29_Canine_Filter_Breed-Gordon.xlsx

2021-07-22 14:47:37 - [MESSAGE][INFO] - Global variable set for password file is :  C:\Users\sohilz2\Commons_Automation\InputFiles\TC29_Canine_Filter_Breed-Gordon.xlsx

2021-07-22 14:47:41 - [MESSAGE][PASSED] - Data loaded from input file for the test case. 

2021-07-22 14:47:48 - [TEST_STEP][PASSED] - click(findTestObject("Canine/NavBar/Canine_Cases_Btn")): Object: 'Object Repository/Canine/NavBar/Canine_Cases_Btn' is clicked on

2021-07-22 14:47:48 - [MESSAGE][PASSED] - Object: 'Object Repository/Canine/NavBar/Canine_Cases_Btn' is clicked on

2021-07-22 14:47:48 - [TEST_STEP][PASSED] - click(findTestObject("Bento/Cases_page/Filter/FilterByCases_Facet")): Object: 'Object Repository/Bento/Cases_page/Filter/FilterByCases_Facet' is clicked on

2021-07-22 14:47:49 - [MESSAGE][PASSED] - Object: 'Object Repository/Bento/Cases_page/Filter/FilterByCases_Facet' is clicked on

2021-07-22 14:47:49 - [TEST_STEP][PASSED] - waitForElementPresent(findTestObject("Object Repository/Canine/Filter/Breed/BREED_Ddn"), 5): Object 'Object Repository/Canine/Filter/Breed/BREED_Ddn' is present

2021-07-22 14:47:49 - [MESSAGE][PASSED] - Object 'Object Repository/Canine/Filter/Breed/BREED_Ddn' is present

2021-07-22 14:47:49 - [TEST_STEP][PASSED] - ctdc.utilities.runtestcaseforKatalon.clickTabCanineStat("Object Repository/Canine/Filter/Breed/BREED_Ddn"): ctdc.utilities.runtestcaseforKatalon.clickTabCanineStat is PASSED

2021-07-22 14:47:58 - [MESSAGE][PASSED] - ctdc.utilities.runtestcaseforKatalon.clickTabCanineStat is PASSED

2021-07-22 14:47:58 - [TEST_STEP][PASSED] - ctdc.utilities.runtestcaseforKatalon.clickTabCanineStat("Object Repository/Canine/Filter/Breed/Gordon_Chkbx"): ctdc.utilities.runtestcaseforKatalon.clickTabCanineStat is PASSED

2021-07-22 14:48:06 - [MESSAGE][PASSED] - ctdc.utilities.runtestcaseforKatalon.clickTabCanineStat is PASSED

2021-07-22 14:48:06 - [TEST_STEP][PASSED] - ctdc.utilities.runtestcaseforKatalon.readStatBarCanine("Object Repository/Canine/StatBar/Canine_StatBar-Studies", "Object Repository/Canine/StatBar/Canine_StatBar-Cases", "Object Repository/Canine/StatBar/Canine_StatBar-Samples", "Object Repository/Canine/StatBar/Canine_StatBar-Files", "Object Repository/Canine/StatBar/Canine_StatBar-Aliquots"): ctdc.utilities.runtestcaseforKatalon.readStatBarCanine is PASSED

2021-07-22 14:48:22 - [MESSAGE][PASSED] - ctdc.utilities.runtestcaseforKatalon.readStatBarCanine is PASSED

2021-07-22 14:48:22 - [TEST_STEP][PASSED] - waitForElementPresent(findTestObject("Object Repository/Canine/CanineResults_Cases_Tab"), 5): Object 'Object Repository/Canine/CanineResults_Cases_Tab' is present

2021-07-22 14:48:22 - [MESSAGE][PASSED] - Object 'Object Repository/Canine/CanineResults_Cases_Tab' is present

2021-07-22 14:48:22 - [TEST_STEP][PASSED] - ctdc.utilities.runtestcaseforKatalon.clickTabCanineStat("Object Repository/Canine/CanineResults_Cases_Tab"): ctdc.utilities.runtestcaseforKatalon.clickTabCanineStat is PASSED

2021-07-22 14:48:30 - [MESSAGE][PASSED] - ctdc.utilities.runtestcaseforKatalon.clickTabCanineStat is PASSED

2021-07-22 14:48:30 - [TEST_STEP][PASSED] - ctdc.utilities.runtestcaseforKatalon.multiFunction("ICDC", G_StatBar_Cases, "Object Repository/Canine/Canine_CasesTable", "Object Repository/Canine/Canine_TableHeader", "Object Repository/Canine/Canine_CasesTabNextBtn", G_WebTabnameCases, G_CypherTabnameCases, G_QueryCasesTab): Statbar Arms count matches

2021-07-22 14:48:45 - [MESSAGE][PASSED] - Statbar Files count matches

2021-07-22 14:48:45 - [MESSAGE][PASSED] - Statbar Samples count matches

2021-07-22 14:48:45 - [MESSAGE][PASSED] - Statbar Cases count matches

2021-07-22 14:48:45 - [MESSAGE][PASSED] - Statbar Arms count matches

2021-07-22 14:48:45 - [TEST_STEP][PASSED] - waitForElementPresent(findTestObject("Object Repository/Canine/CanineResults_Samples_Tab"), 5): Object 'Object Repository/Canine/CanineResults_Samples_Tab' is present

2021-07-22 14:48:45 - [MESSAGE][PASSED] - Object 'Object Repository/Canine/CanineResults_Samples_Tab' is present

2021-07-22 14:48:45 - [TEST_STEP][PASSED] - ctdc.utilities.runtestcaseforKatalon.clickTabCanineStat("Object Repository/Canine/CanineResults_Samples_Tab"): ctdc.utilities.runtestcaseforKatalon.clickTabCanineStat is PASSED

2021-07-22 14:48:54 - [MESSAGE][PASSED] - ctdc.utilities.runtestcaseforKatalon.clickTabCanineStat is PASSED

2021-07-22 14:48:54 - [TEST_STEP][PASSED] - ctdc.utilities.runtestcaseforKatalon.multiFunction("ICDC", G_StatBar_Samples, "Object Repository/Canine/Canine_Samples_Table", "Object Repository/Canine/Canine_Samples_TableHdr", "Object Repository/Canine/Canine_SamplesTabNextBtn", G_WebTabnameSamples, G_CypherTabnameSamples, G_QuerySamplesTab): Statbar Arms count matches

2021-07-22 14:49:08 - [MESSAGE][PASSED] - Statbar Files count matches

2021-07-22 14:49:08 - [MESSAGE][PASSED] - Statbar Samples count matches

2021-07-22 14:49:08 - [MESSAGE][PASSED] - Statbar Cases count matches

2021-07-22 14:49:08 - [MESSAGE][PASSED] - Statbar Arms count matches

2021-07-22 14:49:08 - [TEST_STEP][PASSED] - waitForElementPresent(findTestObject("Object Repository/Canine/CanineResults_Files_Tab"), 5): Object 'Object Repository/Canine/CanineResults_Files_Tab' is present

2021-07-22 14:49:09 - [MESSAGE][PASSED] - Object 'Object Repository/Canine/CanineResults_Files_Tab' is present

2021-07-22 14:49:09 - [TEST_STEP][PASSED] - ctdc.utilities.runtestcaseforKatalon.clickTabCanineStat("Object Repository/Canine/CanineResults_Files_Tab"): ctdc.utilities.runtestcaseforKatalon.clickTabCanineStat is PASSED

2021-07-22 14:49:17 - [MESSAGE][PASSED] - ctdc.utilities.runtestcaseforKatalon.clickTabCanineStat is PASSED

2021-07-22 14:49:17 - [TEST_STEP][PASSED] - ctdc.utilities.runtestcaseforKatalon.multiFunction("ICDC", G_StatBar_Files, "Object Repository/Canine/Canine_Files_Table", "Object Repository/Canine/Canine_Files_TableHdr", "Object Repository/Canine/Canine_FilesTabNextBtn", G_WebTabnameFiles, G_CypherTabnameFiles, G_QueryFilesTab): Statbar Arms count matches

2021-07-22 14:49:32 - [MESSAGE][PASSED] - Statbar Files count matches

2021-07-22 14:49:32 - [MESSAGE][PASSED] - Statbar Samples count matches

2021-07-22 14:49:32 - [MESSAGE][PASSED] - Statbar Cases count matches

2021-07-22 14:49:32 - [MESSAGE][PASSED] - Statbar Arms count matches

2021-07-22 14:49:32 - [TEST_STEP][PASSED] - closeBrowser(): Browser is closed

2021-07-22 14:49:33 - [MESSAGE][PASSED] - Browser is closed]]></system-out>
         <system-err><![CDATA[]]></system-err>
      </testcase>
      <testcase name="Test Cases/Canine_TestCases/Breed/TC31_Canine_Filter_Breed-IrishSettr" time="112.799" classname="Test Cases/Canine_TestCases/Breed/TC31_Canine_Filter_Breed-IrishSettr" status="PASSED">
         <system-out><![CDATA[2021-07-22 14:49:33 - [TEST_CASE][PASSED] - Test Cases/Canine_TestCases/Breed/TC31_Canine_Filter_Breed-IrishSettr: Test Cases/Canine_TestCases/Breed/TC31_Canine_Filter_Breed-IrishSettr

2021-07-22 14:49:33 - [TEST_STEP][PASSED] - Start listener action : getTestScriptName: null

2021-07-22 14:49:33 - [TEST_STEP][PASSED] - TestCaseId = testCaseContext.getTestCaseId(): null

2021-07-22 14:49:33 - [TEST_STEP][PASSED] - out.println("**********this is the value of test case id string******** " + testCaseContext.getTestCaseId()): null

2021-07-22 14:49:33 - [TEST_STEP][PASSED] - G_currentTCName = TestCaseId.substring(TestCaseId.lastIndexOf("TC")): null

2021-07-22 14:49:33 - [TEST_STEP][PASSED] - out.println("This is the test case name : " + G_currentTCName): null

2021-07-22 14:49:33 - [TEST_STEP][PASSED] - closeBrowser(): Browser is closed

2021-07-22 14:49:33 - [MESSAGE][PASSED] - Browser is closed

2021-07-22 14:49:33 - [TEST_STEP][PASSED] - ctdc.utilities.runtestcaseforKatalon.RunKatalon("TC31_Canine_Filter_Breed-IrishSettr.xlsx"): Data loaded from input file for the test case. 

2021-07-22 14:49:33 - [MESSAGE][PASSED] - Test case file loaded This is the full filepath after converting to string :C:\Users\sohilz2\Commons_Automation\InputFiles\TC31_Canine_Filter_Breed-IrishSettr.xlsx

2021-07-22 14:49:33 - [MESSAGE][INFO] - Global variable set for password file is :  C:\Users\sohilz2\Commons_Automation\InputFiles\TC31_Canine_Filter_Breed-IrishSettr.xlsx

2021-07-22 14:49:37 - [MESSAGE][PASSED] - Data loaded from input file for the test case. 

2021-07-22 14:49:44 - [TEST_STEP][PASSED] - click(findTestObject("Canine/NavBar/Canine_Cases_Btn")): Object: 'Object Repository/Canine/NavBar/Canine_Cases_Btn' is clicked on

2021-07-22 14:49:44 - [MESSAGE][PASSED] - Object: 'Object Repository/Canine/NavBar/Canine_Cases_Btn' is clicked on

2021-07-22 14:49:44 - [TEST_STEP][PASSED] - click(findTestObject("Bento/Cases_page/Filter/FilterByCases_Facet")): Object: 'Object Repository/Bento/Cases_page/Filter/FilterByCases_Facet' is clicked on

2021-07-22 14:49:45 - [MESSAGE][PASSED] - Object: 'Object Repository/Bento/Cases_page/Filter/FilterByCases_Facet' is clicked on

2021-07-22 14:49:45 - [TEST_STEP][PASSED] - waitForElementPresent(findTestObject("Object Repository/Canine/Filter/Breed/BREED_Ddn"), 5): Object 'Object Repository/Canine/Filter/Breed/BREED_Ddn' is present

2021-07-22 14:49:45 - [MESSAGE][PASSED] - Object 'Object Repository/Canine/Filter/Breed/BREED_Ddn' is present

2021-07-22 14:49:45 - [TEST_STEP][PASSED] - ctdc.utilities.runtestcaseforKatalon.clickTabCanineStat("Object Repository/Canine/Filter/Breed/BREED_Ddn"): ctdc.utilities.runtestcaseforKatalon.clickTabCanineStat is PASSED

2021-07-22 14:49:54 - [MESSAGE][PASSED] - ctdc.utilities.runtestcaseforKatalon.clickTabCanineStat is PASSED

2021-07-22 14:49:54 - [TEST_STEP][PASSED] - ctdc.utilities.runtestcaseforKatalon.clickTabCanineStat("Object Repository/Canine/Filter/Breed/IrishSetter_Chkbx"): ctdc.utilities.runtestcaseforKatalon.clickTabCanineStat is PASSED

2021-07-22 14:50:02 - [MESSAGE][PASSED] - ctdc.utilities.runtestcaseforKatalon.clickTabCanineStat is PASSED

2021-07-22 14:50:02 - [TEST_STEP][PASSED] - ctdc.utilities.runtestcaseforKatalon.readStatBarCanine("Object Repository/Canine/StatBar/Canine_StatBar-Studies", "Object Repository/Canine/StatBar/Canine_StatBar-Cases", "Object Repository/Canine/StatBar/Canine_StatBar-Samples", "Object Repository/Canine/StatBar/Canine_StatBar-Files", "Object Repository/Canine/StatBar/Canine_StatBar-Aliquots"): ctdc.utilities.runtestcaseforKatalon.readStatBarCanine is PASSED

2021-07-22 14:50:18 - [MESSAGE][PASSED] - ctdc.utilities.runtestcaseforKatalon.readStatBarCanine is PASSED

2021-07-22 14:50:18 - [TEST_STEP][PASSED] - waitForElementPresent(findTestObject("Object Repository/Canine/CanineResults_Cases_Tab"), 5): Object 'Object Repository/Canine/CanineResults_Cases_Tab' is present

2021-07-22 14:50:18 - [MESSAGE][PASSED] - Object 'Object Repository/Canine/CanineResults_Cases_Tab' is present

2021-07-22 14:50:18 - [TEST_STEP][PASSED] - ctdc.utilities.runtestcaseforKatalon.clickTabCanineStat("Object Repository/Canine/CanineResults_Cases_Tab"): ctdc.utilities.runtestcaseforKatalon.clickTabCanineStat is PASSED

2021-07-22 14:50:26 - [MESSAGE][PASSED] - ctdc.utilities.runtestcaseforKatalon.clickTabCanineStat is PASSED

2021-07-22 14:50:26 - [TEST_STEP][PASSED] - ctdc.utilities.runtestcaseforKatalon.multiFunction("ICDC", G_StatBar_Cases, "Object Repository/Canine/Canine_CasesTable", "Object Repository/Canine/Canine_TableHeader", "Object Repository/Canine/Canine_CasesTabNextBtn", G_WebTabnameCases, G_CypherTabnameCases, G_QueryCasesTab): Statbar Arms count matches

2021-07-22 14:50:40 - [MESSAGE][PASSED] - Statbar Files count matches

2021-07-22 14:50:40 - [MESSAGE][PASSED] - Statbar Samples count matches

2021-07-22 14:50:40 - [MESSAGE][PASSED] - Statbar Cases count matches

2021-07-22 14:50:40 - [MESSAGE][PASSED] - Statbar Arms count matches

2021-07-22 14:50:40 - [TEST_STEP][PASSED] - waitForElementPresent(findTestObject("Object Repository/Canine/CanineResults_Samples_Tab"), 5): Object 'Object Repository/Canine/CanineResults_Samples_Tab' is present

2021-07-22 14:50:41 - [MESSAGE][PASSED] - Object 'Object Repository/Canine/CanineResults_Samples_Tab' is present

2021-07-22 14:50:41 - [TEST_STEP][PASSED] - ctdc.utilities.runtestcaseforKatalon.clickTabCanineStat("Object Repository/Canine/CanineResults_Samples_Tab"): ctdc.utilities.runtestcaseforKatalon.clickTabCanineStat is PASSED

2021-07-22 14:50:49 - [MESSAGE][PASSED] - ctdc.utilities.runtestcaseforKatalon.clickTabCanineStat is PASSED

2021-07-22 14:50:49 - [TEST_STEP][PASSED] - ctdc.utilities.runtestcaseforKatalon.multiFunction("ICDC", G_StatBar_Samples, "Object Repository/Canine/Canine_Samples_Table", "Object Repository/Canine/Canine_Samples_TableHdr", "Object Repository/Canine/Canine_SamplesTabNextBtn", G_WebTabnameSamples, G_CypherTabnameSamples, G_QuerySamplesTab): Statbar Arms count matches

2021-07-22 14:51:03 - [MESSAGE][PASSED] - Statbar Files count matches

2021-07-22 14:51:03 - [MESSAGE][PASSED] - Statbar Samples count matches

2021-07-22 14:51:03 - [MESSAGE][PASSED] - Statbar Cases count matches

2021-07-22 14:51:03 - [MESSAGE][PASSED] - Statbar Arms count matches

2021-07-22 14:51:03 - [TEST_STEP][PASSED] - waitForElementPresent(findTestObject("Object Repository/Canine/CanineResults_Files_Tab"), 5): Object 'Object Repository/Canine/CanineResults_Files_Tab' is present

2021-07-22 14:51:03 - [MESSAGE][PASSED] - Object 'Object Repository/Canine/CanineResults_Files_Tab' is present

2021-07-22 14:51:03 - [TEST_STEP][PASSED] - ctdc.utilities.runtestcaseforKatalon.clickTabCanineStat("Object Repository/Canine/CanineResults_Files_Tab"): ctdc.utilities.runtestcaseforKatalon.clickTabCanineStat is PASSED

2021-07-22 14:51:11 - [MESSAGE][PASSED] - ctdc.utilities.runtestcaseforKatalon.clickTabCanineStat is PASSED

2021-07-22 14:51:11 - [TEST_STEP][PASSED] - ctdc.utilities.runtestcaseforKatalon.multiFunction("ICDC", G_StatBar_Files, "Object Repository/Canine/Canine_Files_Table", "Object Repository/Canine/Canine_Files_TableHdr", "Object Repository/Canine/Canine_FilesTabNextBtn", G_WebTabnameFiles, G_CypherTabnameFiles, G_QueryFilesTab): Statbar Arms count matches

2021-07-22 14:51:25 - [MESSAGE][PASSED] - Statbar Files count matches

2021-07-22 14:51:25 - [MESSAGE][PASSED] - Statbar Samples count matches

2021-07-22 14:51:25 - [MESSAGE][PASSED] - Statbar Cases count matches

2021-07-22 14:51:25 - [MESSAGE][PASSED] - Statbar Arms count matches

2021-07-22 14:51:25 - [TEST_STEP][PASSED] - closeBrowser(): Browser is closed

2021-07-22 14:51:26 - [MESSAGE][PASSED] - Browser is closed]]></system-out>
         <system-err><![CDATA[]]></system-err>
      </testcase>
      <testcase name="Test Cases/Canine_TestCases/Breed/TC32_Canine_Filter_Breed-IrishWlfhnd" time="112.629" classname="Test Cases/Canine_TestCases/Breed/TC32_Canine_Filter_Breed-IrishWlfhnd" status="PASSED">
         <system-out><![CDATA[2021-07-22 14:51:26 - [TEST_CASE][PASSED] - Test Cases/Canine_TestCases/Breed/TC32_Canine_Filter_Breed-IrishWlfhnd: Test Cases/Canine_TestCases/Breed/TC32_Canine_Filter_Breed-IrishWlfhnd

2021-07-22 14:51:26 - [TEST_STEP][PASSED] - Start listener action : getTestScriptName: null

2021-07-22 14:51:26 - [TEST_STEP][PASSED] - TestCaseId = testCaseContext.getTestCaseId(): null

2021-07-22 14:51:26 - [TEST_STEP][PASSED] - out.println("**********this is the value of test case id string******** " + testCaseContext.getTestCaseId()): null

2021-07-22 14:51:26 - [TEST_STEP][PASSED] - G_currentTCName = TestCaseId.substring(TestCaseId.lastIndexOf("TC")): null

2021-07-22 14:51:26 - [TEST_STEP][PASSED] - out.println("This is the test case name : " + G_currentTCName): null

2021-07-22 14:51:26 - [TEST_STEP][PASSED] - closeBrowser(): Browser is closed

2021-07-22 14:51:26 - [MESSAGE][PASSED] - Browser is closed

2021-07-22 14:51:26 - [TEST_STEP][PASSED] - ctdc.utilities.runtestcaseforKatalon.RunKatalon("TC32_Canine_Filter_Breed-IrishWlfhnd.xlsx"): Data loaded from input file for the test case. 

2021-07-22 14:51:26 - [MESSAGE][PASSED] - Test case file loaded This is the full filepath after converting to string :C:\Users\sohilz2\Commons_Automation\InputFiles\TC32_Canine_Filter_Breed-IrishWlfhnd.xlsx

2021-07-22 14:51:26 - [MESSAGE][INFO] - Global variable set for password file is :  C:\Users\sohilz2\Commons_Automation\InputFiles\TC32_Canine_Filter_Breed-IrishWlfhnd.xlsx

2021-07-22 14:51:30 - [MESSAGE][PASSED] - Data loaded from input file for the test case. 

2021-07-22 14:51:37 - [TEST_STEP][PASSED] - click(findTestObject("Canine/NavBar/Canine_Cases_Btn")): Object: 'Object Repository/Canine/NavBar/Canine_Cases_Btn' is clicked on

2021-07-22 14:51:37 - [MESSAGE][PASSED] - Object: 'Object Repository/Canine/NavBar/Canine_Cases_Btn' is clicked on

2021-07-22 14:51:37 - [TEST_STEP][PASSED] - click(findTestObject("Bento/Cases_page/Filter/FilterByCases_Facet")): Object: 'Object Repository/Bento/Cases_page/Filter/FilterByCases_Facet' is clicked on

2021-07-22 14:51:38 - [MESSAGE][PASSED] - Object: 'Object Repository/Bento/Cases_page/Filter/FilterByCases_Facet' is clicked on

2021-07-22 14:51:38 - [TEST_STEP][PASSED] - waitForElementPresent(findTestObject("Object Repository/Canine/Filter/Breed/BREED_Ddn"), 5): Object 'Object Repository/Canine/Filter/Breed/BREED_Ddn' is present

2021-07-22 14:51:38 - [MESSAGE][PASSED] - Object 'Object Repository/Canine/Filter/Breed/BREED_Ddn' is present

2021-07-22 14:51:38 - [TEST_STEP][PASSED] - ctdc.utilities.runtestcaseforKatalon.clickTabCanineStat("Object Repository/Canine/Filter/Breed/BREED_Ddn"): ctdc.utilities.runtestcaseforKatalon.clickTabCanineStat is PASSED

2021-07-22 14:51:47 - [MESSAGE][PASSED] - ctdc.utilities.runtestcaseforKatalon.clickTabCanineStat is PASSED

2021-07-22 14:51:47 - [TEST_STEP][PASSED] - ctdc.utilities.runtestcaseforKatalon.clickTabCanineStat("Object Repository/Canine/Filter/Breed/IrishWolfhnd_Chkbx"): ctdc.utilities.runtestcaseforKatalon.clickTabCanineStat is PASSED

2021-07-22 14:51:55 - [MESSAGE][PASSED] - ctdc.utilities.runtestcaseforKatalon.clickTabCanineStat is PASSED

2021-07-22 14:51:55 - [TEST_STEP][PASSED] - ctdc.utilities.runtestcaseforKatalon.readStatBarCanine("Object Repository/Canine/StatBar/Canine_StatBar-Studies", "Object Repository/Canine/StatBar/Canine_StatBar-Cases", "Object Repository/Canine/StatBar/Canine_StatBar-Samples", "Object Repository/Canine/StatBar/Canine_StatBar-Files", "Object Repository/Canine/StatBar/Canine_StatBar-Aliquots"): ctdc.utilities.runtestcaseforKatalon.readStatBarCanine is PASSED

2021-07-22 14:52:10 - [MESSAGE][PASSED] - ctdc.utilities.runtestcaseforKatalon.readStatBarCanine is PASSED

2021-07-22 14:52:10 - [TEST_STEP][PASSED] - waitForElementPresent(findTestObject("Object Repository/Canine/CanineResults_Cases_Tab"), 5): Object 'Object Repository/Canine/CanineResults_Cases_Tab' is present

2021-07-22 14:52:10 - [MESSAGE][PASSED] - Object 'Object Repository/Canine/CanineResults_Cases_Tab' is present

2021-07-22 14:52:10 - [TEST_STEP][PASSED] - ctdc.utilities.runtestcaseforKatalon.clickTabCanineStat("Object Repository/Canine/CanineResults_Cases_Tab"): ctdc.utilities.runtestcaseforKatalon.clickTabCanineStat is PASSED

2021-07-22 14:52:19 - [MESSAGE][PASSED] - ctdc.utilities.runtestcaseforKatalon.clickTabCanineStat is PASSED

2021-07-22 14:52:19 - [TEST_STEP][PASSED] - ctdc.utilities.runtestcaseforKatalon.multiFunction("ICDC", G_StatBar_Cases, "Object Repository/Canine/Canine_CasesTable", "Object Repository/Canine/Canine_TableHeader", "Object Repository/Canine/Canine_CasesTabNextBtn", G_WebTabnameCases, G_CypherTabnameCases, G_QueryCasesTab): Statbar Arms count matches

2021-07-22 14:52:33 - [MESSAGE][PASSED] - Statbar Files count matches

2021-07-22 14:52:33 - [MESSAGE][PASSED] - Statbar Samples count matches

2021-07-22 14:52:33 - [MESSAGE][PASSED] - Statbar Cases count matches

2021-07-22 14:52:33 - [MESSAGE][PASSED] - Statbar Arms count matches

2021-07-22 14:52:33 - [TEST_STEP][PASSED] - waitForElementPresent(findTestObject("Object Repository/Canine/CanineResults_Samples_Tab"), 5): Object 'Object Repository/Canine/CanineResults_Samples_Tab' is present

2021-07-22 14:52:33 - [MESSAGE][PASSED] - Object 'Object Repository/Canine/CanineResults_Samples_Tab' is present

2021-07-22 14:52:33 - [TEST_STEP][PASSED] - ctdc.utilities.runtestcaseforKatalon.clickTabCanineStat("Object Repository/Canine/CanineResults_Samples_Tab"): ctdc.utilities.runtestcaseforKatalon.clickTabCanineStat is PASSED

2021-07-22 14:52:42 - [MESSAGE][PASSED] - ctdc.utilities.runtestcaseforKatalon.clickTabCanineStat is PASSED

2021-07-22 14:52:42 - [TEST_STEP][PASSED] - ctdc.utilities.runtestcaseforKatalon.multiFunction("ICDC", G_StatBar_Samples, "Object Repository/Canine/Canine_Samples_Table", "Object Repository/Canine/Canine_Samples_TableHdr", "Object Repository/Canine/Canine_SamplesTabNextBtn", G_WebTabnameSamples, G_CypherTabnameSamples, G_QuerySamplesTab): Statbar Arms count matches

2021-07-22 14:52:55 - [MESSAGE][PASSED] - Statbar Files count matches

2021-07-22 14:52:55 - [MESSAGE][PASSED] - Statbar Samples count matches

2021-07-22 14:52:55 - [MESSAGE][PASSED] - Statbar Cases count matches

2021-07-22 14:52:55 - [MESSAGE][PASSED] - Statbar Arms count matches

2021-07-22 14:52:55 - [TEST_STEP][PASSED] - waitForElementPresent(findTestObject("Object Repository/Canine/CanineResults_Files_Tab"), 5): Object 'Object Repository/Canine/CanineResults_Files_Tab' is present

2021-07-22 14:52:55 - [MESSAGE][PASSED] - Object 'Object Repository/Canine/CanineResults_Files_Tab' is present

2021-07-22 14:52:55 - [TEST_STEP][PASSED] - ctdc.utilities.runtestcaseforKatalon.clickTabCanineStat("Object Repository/Canine/CanineResults_Files_Tab"): ctdc.utilities.runtestcaseforKatalon.clickTabCanineStat is PASSED

2021-07-22 14:53:04 - [MESSAGE][PASSED] - ctdc.utilities.runtestcaseforKatalon.clickTabCanineStat is PASSED

2021-07-22 14:53:04 - [TEST_STEP][PASSED] - ctdc.utilities.runtestcaseforKatalon.multiFunction("ICDC", G_StatBar_Files, "Object Repository/Canine/Canine_Files_Table", "Object Repository/Canine/Canine_Files_TableHdr", "Object Repository/Canine/Canine_FilesTabNextBtn", G_WebTabnameFiles, G_CypherTabnameFiles, G_QueryFilesTab): Statbar Arms count matches

2021-07-22 14:53:18 - [MESSAGE][PASSED] - Statbar Files count matches

2021-07-22 14:53:18 - [MESSAGE][PASSED] - Statbar Samples count matches

2021-07-22 14:53:18 - [MESSAGE][PASSED] - Statbar Cases count matches

2021-07-22 14:53:18 - [MESSAGE][PASSED] - Statbar Arms count matches

2021-07-22 14:53:18 - [TEST_STEP][PASSED] - closeBrowser(): Browser is closed

2021-07-22 14:53:18 - [MESSAGE][PASSED] - Browser is closed]]></system-out>
         <system-err><![CDATA[]]></system-err>
      </testcase>
      <testcase name="Test Cases/Canine_TestCases/Breed/TC33_Canine_Filter_Breed-Labrador" time="110.232" classname="Test Cases/Canine_TestCases/Breed/TC33_Canine_Filter_Breed-Labrador" status="PASSED">
         <system-out><![CDATA[2021-07-22 14:53:18 - [TEST_CASE][PASSED] - Test Cases/Canine_TestCases/Breed/TC33_Canine_Filter_Breed-Labrador: Test Cases/Canine_TestCases/Breed/TC33_Canine_Filter_Breed-Labrador

2021-07-22 14:53:18 - [TEST_STEP][PASSED] - Start listener action : getTestScriptName: null

2021-07-22 14:53:18 - [TEST_STEP][PASSED] - TestCaseId = testCaseContext.getTestCaseId(): null

2021-07-22 14:53:18 - [TEST_STEP][PASSED] - out.println("**********this is the value of test case id string******** " + testCaseContext.getTestCaseId()): null

2021-07-22 14:53:18 - [TEST_STEP][PASSED] - G_currentTCName = TestCaseId.substring(TestCaseId.lastIndexOf("TC")): null

2021-07-22 14:53:18 - [TEST_STEP][PASSED] - out.println("This is the test case name : " + G_currentTCName): null

2021-07-22 14:53:19 - [TEST_STEP][PASSED] - closeBrowser(): Browser is closed

2021-07-22 14:53:19 - [MESSAGE][PASSED] - Browser is closed

2021-07-22 14:53:19 - [TEST_STEP][PASSED] - ctdc.utilities.runtestcaseforKatalon.RunKatalon("TC33_Canine_Filter_Breed-Labrador.xlsx"): Data loaded from input file for the test case. 

2021-07-22 14:53:19 - [MESSAGE][PASSED] - Test case file loaded This is the full filepath after converting to string :C:\Users\sohilz2\Commons_Automation\InputFiles\TC33_Canine_Filter_Breed-Labrador.xlsx

2021-07-22 14:53:19 - [MESSAGE][INFO] - Global variable set for password file is :  C:\Users\sohilz2\Commons_Automation\InputFiles\TC33_Canine_Filter_Breed-Labrador.xlsx

2021-07-22 14:53:23 - [MESSAGE][PASSED] - Data loaded from input file for the test case. 

2021-07-22 14:53:30 - [TEST_STEP][PASSED] - waitForElementPresent(findTestObject("Canine/NavBar/Canine_Cases_Btn"), 5): Object 'Object Repository/Canine/NavBar/Canine_Cases_Btn' is present

2021-07-22 14:53:30 - [MESSAGE][PASSED] - Object 'Object Repository/Canine/NavBar/Canine_Cases_Btn' is present

2021-07-22 14:53:30 - [TEST_STEP][PASSED] - ctdc.utilities.runtestcaseforKatalon.clickTabCanineStat("Canine/NavBar/Canine_Cases_Btn"): ctdc.utilities.runtestcaseforKatalon.clickTabCanineStat is PASSED

2021-07-22 14:53:39 - [MESSAGE][PASSED] - ctdc.utilities.runtestcaseforKatalon.clickTabCanineStat is PASSED

2021-07-22 14:53:39 - [TEST_STEP][PASSED] - waitForElementPresent(findTestObject("Bento/Cases_page/Filter/FilterByCases_Facet"), 5): Object 'Object Repository/Bento/Cases_page/Filter/FilterByCases_Facet' is present

2021-07-22 14:53:39 - [MESSAGE][PASSED] - Object 'Object Repository/Bento/Cases_page/Filter/FilterByCases_Facet' is present

2021-07-22 14:53:39 - [TEST_STEP][PASSED] - ctdc.utilities.runtestcaseforKatalon.clickTabCanineStat("Bento/Cases_page/Filter/FilterByCases_Facet"): ctdc.utilities.runtestcaseforKatalon.clickTabCanineStat is PASSED

2021-07-22 14:53:47 - [MESSAGE][PASSED] - ctdc.utilities.runtestcaseforKatalon.clickTabCanineStat is PASSED

2021-07-22 14:53:47 - [TEST_STEP][PASSED] - waitForElementPresent(findTestObject("Object Repository/Canine/Filter/Breed/BREED_Ddn"), 5): Object 'Object Repository/Canine/Filter/Breed/BREED_Ddn' is present

2021-07-22 14:53:47 - [MESSAGE][PASSED] - Object 'Object Repository/Canine/Filter/Breed/BREED_Ddn' is present

2021-07-22 14:53:47 - [TEST_STEP][PASSED] - ctdc.utilities.runtestcaseforKatalon.clickTabCanineStat("Object Repository/Canine/Filter/Breed/BREED_Ddn"): ctdc.utilities.runtestcaseforKatalon.clickTabCanineStat is PASSED

2021-07-22 14:53:56 - [MESSAGE][PASSED] - ctdc.utilities.runtestcaseforKatalon.clickTabCanineStat is PASSED

2021-07-22 14:53:56 - [TEST_STEP][PASSED] - ctdc.utilities.runtestcaseforKatalon.clickTabCanineStat("Object Repository/Canine/Filter/Breed/Labrador_Chkbx"): ctdc.utilities.runtestcaseforKatalon.clickTabCanineStat is PASSED

2021-07-22 14:54:04 - [MESSAGE][PASSED] - ctdc.utilities.runtestcaseforKatalon.clickTabCanineStat is PASSED

2021-07-22 14:54:04 - [TEST_STEP][PASSED] - ctdc.utilities.runtestcaseforKatalon.readStatBarCanine("Object Repository/Canine/StatBar/Canine_StatBar-Studies", "Object Repository/Canine/StatBar/Canine_StatBar-Cases", "Object Repository/Canine/StatBar/Canine_StatBar-Samples", "Object Repository/Canine/StatBar/Canine_StatBar-Files", "Object Repository/Canine/StatBar/Canine_StatBar-Aliquots"): ctdc.utilities.runtestcaseforKatalon.readStatBarCanine is PASSED

2021-07-22 14:54:20 - [MESSAGE][PASSED] - ctdc.utilities.runtestcaseforKatalon.readStatBarCanine is PASSED

2021-07-22 14:54:20 - [TEST_STEP][PASSED] - waitForElementPresent(findTestObject("Object Repository/Canine/CanineResults_Cases_Tab"), 5): Object 'Object Repository/Canine/CanineResults_Cases_Tab' is present

2021-07-22 14:54:20 - [MESSAGE][PASSED] - Object 'Object Repository/Canine/CanineResults_Cases_Tab' is present

2021-07-22 14:54:20 - [TEST_STEP][PASSED] - ctdc.utilities.runtestcaseforKatalon.clickTabCanineStat("Object Repository/Canine/CanineResults_Cases_Tab"): ctdc.utilities.runtestcaseforKatalon.clickTabCanineStat is PASSED

2021-07-22 14:54:28 - [MESSAGE][PASSED] - ctdc.utilities.runtestcaseforKatalon.clickTabCanineStat is PASSED

2021-07-22 14:54:28 - [TEST_STEP][PASSED] - ctdc.utilities.runtestcaseforKatalon.multiFunction("ICDC", G_StatBar_Cases, "Object Repository/Canine/Canine_CasesTable", "Object Repository/Canine/Canine_TableHeader", "Object Repository/Canine/Canine_CasesTabNextBtn", G_WebTabnameCases, G_CypherTabnameCases, G_QueryCasesTab): Statbar Arms count matches

2021-07-22 14:55:08 - [MESSAGE][PASSED] - Statbar Files count matches

2021-07-22 14:55:08 - [MESSAGE][PASSED] - Statbar Samples count matches

2021-07-22 14:55:08 - [MESSAGE][PASSED] - Statbar Cases count matches

2021-07-22 14:55:08 - [MESSAGE][PASSED] - Statbar Arms count matches

2021-07-22 14:55:08 - [TEST_STEP][PASSED] - closeBrowser(): Browser is closed

2021-07-22 14:55:09 - [MESSAGE][PASSED] - Browser is closed]]></system-out>
         <system-err><![CDATA[]]></system-err>
      </testcase>
      <testcase name="Test Cases/Canine_TestCases/Breed/TC34_Canine_Filter_Breed-Mastiff" time="109.649" classname="Test Cases/Canine_TestCases/Breed/TC34_Canine_Filter_Breed-Mastiff" status="PASSED">
         <system-out><![CDATA[2021-07-22 14:55:09 - [TEST_CASE][PASSED] - Test Cases/Canine_TestCases/Breed/TC34_Canine_Filter_Breed-Mastiff: Test Cases/Canine_TestCases/Breed/TC34_Canine_Filter_Breed-Mastiff

2021-07-22 14:55:09 - [TEST_STEP][PASSED] - Start listener action : getTestScriptName: null

2021-07-22 14:55:09 - [TEST_STEP][PASSED] - TestCaseId = testCaseContext.getTestCaseId(): null

2021-07-22 14:55:09 - [TEST_STEP][PASSED] - out.println("**********this is the value of test case id string******** " + testCaseContext.getTestCaseId()): null

2021-07-22 14:55:09 - [TEST_STEP][PASSED] - G_currentTCName = TestCaseId.substring(TestCaseId.lastIndexOf("TC")): null

2021-07-22 14:55:09 - [TEST_STEP][PASSED] - out.println("This is the test case name : " + G_currentTCName): null

2021-07-22 14:55:09 - [TEST_STEP][PASSED] - closeBrowser(): Browser is closed

2021-07-22 14:55:09 - [MESSAGE][PASSED] - Browser is closed

2021-07-22 14:55:09 - [TEST_STEP][PASSED] - ctdc.utilities.runtestcaseforKatalon.RunKatalon("TC34_Canine_Filter_Breed-Mastiff.xlsx"): Data loaded from input file for the test case. 

2021-07-22 14:55:09 - [MESSAGE][PASSED] - Test case file loaded This is the full filepath after converting to string :C:\Users\sohilz2\Commons_Automation\InputFiles\TC34_Canine_Filter_Breed-Mastiff.xlsx

2021-07-22 14:55:09 - [MESSAGE][INFO] - Global variable set for password file is :  C:\Users\sohilz2\Commons_Automation\InputFiles\TC34_Canine_Filter_Breed-Mastiff.xlsx

2021-07-22 14:55:13 - [MESSAGE][PASSED] - Data loaded from input file for the test case. 

2021-07-22 14:55:20 - [TEST_STEP][PASSED] - click(findTestObject("Canine/NavBar/Canine_Cases_Btn")): Object: 'Object Repository/Canine/NavBar/Canine_Cases_Btn' is clicked on

2021-07-22 14:55:20 - [MESSAGE][PASSED] - Object: 'Object Repository/Canine/NavBar/Canine_Cases_Btn' is clicked on

2021-07-22 14:55:20 - [TEST_STEP][PASSED] - click(findTestObject("Bento/Cases_page/Filter/FilterByCases_Facet")): Object: 'Object Repository/Bento/Cases_page/Filter/FilterByCases_Facet' is clicked on

2021-07-22 14:55:21 - [MESSAGE][PASSED] - Object: 'Object Repository/Bento/Cases_page/Filter/FilterByCases_Facet' is clicked on

2021-07-22 14:55:21 - [TEST_STEP][PASSED] - waitForElementPresent(findTestObject("Object Repository/Canine/Filter/Breed/BREED_Ddn"), 5): Object 'Object Repository/Canine/Filter/Breed/BREED_Ddn' is present

2021-07-22 14:55:21 - [MESSAGE][PASSED] - Object 'Object Repository/Canine/Filter/Breed/BREED_Ddn' is present

2021-07-22 14:55:21 - [TEST_STEP][PASSED] - ctdc.utilities.runtestcaseforKatalon.clickTabCanineStat("Object Repository/Canine/Filter/Breed/BREED_Ddn"): ctdc.utilities.runtestcaseforKatalon.clickTabCanineStat is PASSED

2021-07-22 14:55:30 - [MESSAGE][PASSED] - ctdc.utilities.runtestcaseforKatalon.clickTabCanineStat is PASSED

2021-07-22 14:55:30 - [TEST_STEP][PASSED] - ctdc.utilities.runtestcaseforKatalon.clickTabCanineStat("Object Repository/Canine/Filter/Breed/Mastiff_Chkbx"): ctdc.utilities.runtestcaseforKatalon.clickTabCanineStat is PASSED

2021-07-22 14:55:38 - [MESSAGE][PASSED] - ctdc.utilities.runtestcaseforKatalon.clickTabCanineStat is PASSED

2021-07-22 14:55:38 - [TEST_STEP][PASSED] - ctdc.utilities.runtestcaseforKatalon.readStatBarCanine("Object Repository/Canine/StatBar/Canine_StatBar-Studies", "Object Repository/Canine/StatBar/Canine_StatBar-Cases", "Object Repository/Canine/StatBar/Canine_StatBar-Samples", "Object Repository/Canine/StatBar/Canine_StatBar-Files", "Object Repository/Canine/StatBar/Canine_StatBar-Aliquots"): ctdc.utilities.runtestcaseforKatalon.readStatBarCanine is PASSED

2021-07-22 14:55:54 - [MESSAGE][PASSED] - ctdc.utilities.runtestcaseforKatalon.readStatBarCanine is PASSED

2021-07-22 14:55:54 - [TEST_STEP][PASSED] - waitForElementPresent(findTestObject("Object Repository/Canine/CanineResults_Cases_Tab"), 5): Object 'Object Repository/Canine/CanineResults_Cases_Tab' is present

2021-07-22 14:55:54 - [MESSAGE][PASSED] - Object 'Object Repository/Canine/CanineResults_Cases_Tab' is present

2021-07-22 14:55:54 - [TEST_STEP][PASSED] - ctdc.utilities.runtestcaseforKatalon.clickTabCanineStat("Object Repository/Canine/CanineResults_Cases_Tab"): ctdc.utilities.runtestcaseforKatalon.clickTabCanineStat is PASSED

2021-07-22 14:56:02 - [MESSAGE][PASSED] - ctdc.utilities.runtestcaseforKatalon.clickTabCanineStat is PASSED

2021-07-22 14:56:02 - [TEST_STEP][PASSED] - ctdc.utilities.runtestcaseforKatalon.multiFunction("ICDC", G_StatBar_Cases, "Object Repository/Canine/Canine_CasesTable", "Object Repository/Canine/Canine_TableHeader", "Object Repository/Canine/Canine_CasesTabNextBtn", G_WebTabnameCases, G_CypherTabnameCases, G_QueryCasesTab): Statbar Arms count matches

2021-07-22 14:56:17 - [MESSAGE][PASSED] - Statbar Files count matches

2021-07-22 14:56:17 - [MESSAGE][PASSED] - Statbar Samples count matches

2021-07-22 14:56:17 - [MESSAGE][PASSED] - Statbar Cases count matches

2021-07-22 14:56:17 - [MESSAGE][PASSED] - Statbar Arms count matches

2021-07-22 14:56:17 - [TEST_STEP][PASSED] - waitForElementPresent(findTestObject("Object Repository/Canine/CanineResults_Samples_Tab"), 5): Object 'Object Repository/Canine/CanineResults_Samples_Tab' is present

2021-07-22 14:56:17 - [MESSAGE][PASSED] - Object 'Object Repository/Canine/CanineResults_Samples_Tab' is present

2021-07-22 14:56:17 - [TEST_STEP][PASSED] - ctdc.utilities.runtestcaseforKatalon.clickTabCanineStat("Object Repository/Canine/CanineResults_Samples_Tab"): ctdc.utilities.runtestcaseforKatalon.clickTabCanineStat is PASSED

2021-07-22 14:56:25 - [MESSAGE][PASSED] - ctdc.utilities.runtestcaseforKatalon.clickTabCanineStat is PASSED

2021-07-22 14:56:25 - [TEST_STEP][PASSED] - ctdc.utilities.runtestcaseforKatalon.multiFunction("ICDC", G_StatBar_Samples, "Object Repository/Canine/Canine_Samples_Table", "Object Repository/Canine/Canine_Samples_TableHdr", "Object Repository/Canine/Canine_SamplesTabNextBtn", G_WebTabnameSamples, G_CypherTabnameSamples, G_QuerySamplesTab): Statbar Arms count matches

2021-07-22 14:56:41 - [MESSAGE][PASSED] - Statbar Files count matches

2021-07-22 14:56:41 - [MESSAGE][PASSED] - Statbar Samples count matches

2021-07-22 14:56:41 - [MESSAGE][PASSED] - Statbar Cases count matches

2021-07-22 14:56:41 - [MESSAGE][PASSED] - Statbar Arms count matches

2021-07-22 14:56:41 - [TEST_STEP][PASSED] - waitForElementPresent(findTestObject("Object Repository/Canine/CanineResults_Files_Tab"), 5): Object 'Object Repository/Canine/CanineResults_Files_Tab' is present

2021-07-22 14:56:41 - [MESSAGE][PASSED] - Object 'Object Repository/Canine/CanineResults_Files_Tab' is present

2021-07-22 14:56:41 - [TEST_STEP][PASSED] - ctdc.utilities.runtestcaseforKatalon.clickTab("Object Repository/Canine/CanineResults_Files_Tab"): ctdc.utilities.runtestcaseforKatalon.clickTab is PASSED

2021-07-22 14:56:41 - [MESSAGE][PASSED] - ctdc.utilities.runtestcaseforKatalon.clickTab is PASSED

2021-07-22 14:56:41 - [TEST_STEP][PASSED] - ctdc.utilities.runtestcaseforKatalon.multiFunction("ICDC", G_StatBar_Files, "Object Repository/Canine/Canine_Files_Table", "Object Repository/Canine/Canine_Files_TableHdr", "Object Repository/Canine/Canine_FilesTabNextBtn", G_WebTabnameFiles, G_CypherTabnameFiles, G_QueryFilesTab): Statbar Arms count matches

2021-07-22 14:56:58 - [MESSAGE][PASSED] - Statbar Files count matches

2021-07-22 14:56:58 - [MESSAGE][PASSED] - Statbar Samples count matches

2021-07-22 14:56:58 - [MESSAGE][PASSED] - Statbar Cases count matches

2021-07-22 14:56:58 - [MESSAGE][PASSED] - Statbar Arms count matches

2021-07-22 14:56:58 - [TEST_STEP][PASSED] - closeBrowser(): Browser is closed

2021-07-22 14:56:58 - [MESSAGE][PASSED] - Browser is closed]]></system-out>
         <system-err><![CDATA[]]></system-err>
      </testcase>
      <testcase name="Test Cases/Canine_TestCases/Breed/TC35_Canine_Filter_Breed-Miniature" time="20.567" classname="Test Cases/Canine_TestCases/Breed/TC35_Canine_Filter_Breed-Miniature" status="ERROR">
         <error type="ERROR" message="Test Cases/Canine_TestCases/Breed/TC35_Canine_Filter_Breed-Miniature FAILED.
Reason:
java.lang.NullPointerException: Cannot invoke method findPropertyValue() on null object
	at com.kms.katalon.core.testobject.TestObject$findPropertyValue.call(Unknown Source)
	at ctdc.utilities.runtestcaseforKatalon.givexpath(runtestcaseforKatalon.groovy:687)
	at ctdc.utilities.runtestcaseforKatalon.clickTabCanineStat(runtestcaseforKatalon.groovy:1060)
	at ctdc.utilities.runtestcaseforKatalon.invokeMethod(runtestcaseforKatalon.groovy)
	at com.kms.katalon.core.main.CustomKeywordDelegatingMetaClass.invokeStaticMethod(CustomKeywordDelegatingMetaClass.java:50)
	at TC35_Canine_Filter_Breed-Miniature.run(TC35_Canine_Filter_Breed-Miniature:54)
	at com.kms.katalon.core.main.ScriptEngine.run(ScriptEngine.java:194)
	at com.kms.katalon.core.main.ScriptEngine.runScriptAsRawText(ScriptEngine.java:119)
	at com.kms.katalon.core.main.TestCaseExecutor.runScript(TestCaseExecutor.java:369)
	at com.kms.katalon.core.main.TestCaseExecutor.doExecute(TestCaseExecutor.java:360)
	at com.kms.katalon.core.main.TestCaseExecutor.processExecutionPhase(TestCaseExecutor.java:339)
	at com.kms.katalon.core.main.TestCaseExecutor.accessMainPhase(TestCaseExecutor.java:331)
	at com.kms.katalon.core.main.TestCaseExecutor.execute(TestCaseExecutor.java:248)
	at com.kms.katalon.core.main.TestSuiteExecutor.accessTestCaseMainPhase(TestSuiteExecutor.java:191)
	at com.kms.katalon.core.main.TestSuiteExecutor.accessTestSuiteMainPhase(TestSuiteExecutor.java:140)
	at com.kms.katalon.core.main.TestSuiteExecutor.execute(TestSuiteExecutor.java:89)
	at com.kms.katalon.core.main.TestCaseMain.startTestSuite(TestCaseMain.java:185)
	at com.kms.katalon.core.main.TestCaseMain$startTestSuite$0.call(Unknown Source)
	at TempTestSuite1626976953430.run(TempTestSuite1626976953430.groovy:39)
"/>
         <system-out><![CDATA[2021-07-22 14:56:58 - [TEST_CASE][ERROR] - Test Cases/Canine_TestCases/Breed/TC35_Canine_Filter_Breed-Miniature: Test Cases/Canine_TestCases/Breed/TC35_Canine_Filter_Breed-Miniature FAILED.
Reason:
java.lang.NullPointerException: Cannot invoke method findPropertyValue() on null object
	at com.kms.katalon.core.testobject.TestObject$findPropertyValue.call(Unknown Source)
	at ctdc.utilities.runtestcaseforKatalon.givexpath(runtestcaseforKatalon.groovy:687)
	at ctdc.utilities.runtestcaseforKatalon.clickTabCanineStat(runtestcaseforKatalon.groovy:1060)
	at ctdc.utilities.runtestcaseforKatalon.invokeMethod(runtestcaseforKatalon.groovy)
	at com.kms.katalon.core.main.CustomKeywordDelegatingMetaClass.invokeStaticMethod(CustomKeywordDelegatingMetaClass.java:50)
	at TC35_Canine_Filter_Breed-Miniature.run(TC35_Canine_Filter_Breed-Miniature:54)
	at com.kms.katalon.core.main.ScriptEngine.run(ScriptEngine.java:194)
	at com.kms.katalon.core.main.ScriptEngine.runScriptAsRawText(ScriptEngine.java:119)
	at com.kms.katalon.core.main.TestCaseExecutor.runScript(TestCaseExecutor.java:369)
	at com.kms.katalon.core.main.TestCaseExecutor.doExecute(TestCaseExecutor.java:360)
	at com.kms.katalon.core.main.TestCaseExecutor.processExecutionPhase(TestCaseExecutor.java:339)
	at com.kms.katalon.core.main.TestCaseExecutor.accessMainPhase(TestCaseExecutor.java:331)
	at com.kms.katalon.core.main.TestCaseExecutor.execute(TestCaseExecutor.java:248)
	at com.kms.katalon.core.main.TestSuiteExecutor.accessTestCaseMainPhase(TestSuiteExecutor.java:191)
	at com.kms.katalon.core.main.TestSuiteExecutor.accessTestSuiteMainPhase(TestSuiteExecutor.java:140)
	at com.kms.katalon.core.main.TestSuiteExecutor.execute(TestSuiteExecutor.java:89)
	at com.kms.katalon.core.main.TestCaseMain.startTestSuite(TestCaseMain.java:185)
	at com.kms.katalon.core.main.TestCaseMain$startTestSuite$0.call(Unknown Source)
	at TempTestSuite1626976953430.run(TempTestSuite1626976953430.groovy:39)


2021-07-22 14:56:58 - [TEST_STEP][PASSED] - Start listener action : getTestScriptName: null

2021-07-22 14:56:58 - [TEST_STEP][PASSED] - TestCaseId = testCaseContext.getTestCaseId(): null

2021-07-22 14:56:58 - [TEST_STEP][PASSED] - out.println("**********this is the value of test case id string******** " + testCaseContext.getTestCaseId()): null

2021-07-22 14:56:58 - [TEST_STEP][PASSED] - G_currentTCName = TestCaseId.substring(TestCaseId.lastIndexOf("TC")): null

2021-07-22 14:56:58 - [TEST_STEP][PASSED] - out.println("This is the test case name : " + G_currentTCName): null

2021-07-22 14:56:59 - [TEST_STEP][PASSED] - closeBrowser(): Browser is closed

2021-07-22 14:56:59 - [MESSAGE][PASSED] - Browser is closed

2021-07-22 14:56:59 - [TEST_STEP][PASSED] - ctdc.utilities.runtestcaseforKatalon.RunKatalon("TC35_Canine_Filter_Breed-Miniature.xlsx"): Data loaded from input file for the test case. 

2021-07-22 14:56:59 - [MESSAGE][PASSED] - Test case file loaded This is the full filepath after converting to string :C:\Users\sohilz2\Commons_Automation\InputFiles\TC35_Canine_Filter_Breed-Miniature.xlsx

2021-07-22 14:56:59 - [MESSAGE][INFO] - Global variable set for password file is :  C:\Users\sohilz2\Commons_Automation\InputFiles\TC35_Canine_Filter_Breed-Miniature.xlsx

2021-07-22 14:57:03 - [MESSAGE][PASSED] - Data loaded from input file for the test case. 

2021-07-22 14:57:09 - [TEST_STEP][PASSED] - click(findTestObject("Canine/NavBar/Canine_Cases_Btn")): Object: 'Object Repository/Canine/NavBar/Canine_Cases_Btn' is clicked on

2021-07-22 14:57:09 - [MESSAGE][PASSED] - Object: 'Object Repository/Canine/NavBar/Canine_Cases_Btn' is clicked on

2021-07-22 14:57:09 - [TEST_STEP][PASSED] - click(findTestObject("Bento/Cases_page/Filter/FilterByCases_Facet")): Object: 'Object Repository/Bento/Cases_page/Filter/FilterByCases_Facet' is clicked on

2021-07-22 14:57:10 - [MESSAGE][PASSED] - Object: 'Object Repository/Bento/Cases_page/Filter/FilterByCases_Facet' is clicked on

2021-07-22 14:57:10 - [TEST_STEP][PASSED] - waitForElementPresent(findTestObject("Object Repository/Canine/Filter/Breed/BREED_Ddn"), 5): Object 'Object Repository/Canine/Filter/Breed/BREED_Ddn' is present

2021-07-22 14:57:10 - [MESSAGE][PASSED] - Object 'Object Repository/Canine/Filter/Breed/BREED_Ddn' is present

2021-07-22 14:57:10 - [TEST_STEP][PASSED] - ctdc.utilities.runtestcaseforKatalon.clickTabCanineStat("Object Repository/Canine/Filter/Breed/BREED_Ddn"): ctdc.utilities.runtestcaseforKatalon.clickTabCanineStat is PASSED

2021-07-22 14:57:19 - [MESSAGE][PASSED] - ctdc.utilities.runtestcaseforKatalon.clickTabCanineStat is PASSED

2021-07-22 14:57:19 - [TEST_STEP][ERROR] - ctdc.utilities.runtestcaseforKatalon.clickTabCanineStat("Object Repository/Canine/Filter/Breed/Miniature_Chkbx"): Cannot invoke method findPropertyValue() on null object

2021-07-22 14:57:19 - [MESSAGE][WARNING] - Test object with id 'Object Repository/Canine/Filter/Breed/Miniature_Chkbx' does not exist

2021-07-22 14:57:19 - [MESSAGE][ERROR] - Cannot invoke method findPropertyValue() on null object]]></system-out>
         <system-err><![CDATA[2021-07-22 14:56:58 - [TEST_CASE][ERROR] - Test Cases/Canine_TestCases/Breed/TC35_Canine_Filter_Breed-Miniature: Test Cases/Canine_TestCases/Breed/TC35_Canine_Filter_Breed-Miniature FAILED.
Reason:
java.lang.NullPointerException: Cannot invoke method findPropertyValue() on null object
	at com.kms.katalon.core.testobject.TestObject$findPropertyValue.call(Unknown Source)
	at ctdc.utilities.runtestcaseforKatalon.givexpath(runtestcaseforKatalon.groovy:687)
	at ctdc.utilities.runtestcaseforKatalon.clickTabCanineStat(runtestcaseforKatalon.groovy:1060)
	at ctdc.utilities.runtestcaseforKatalon.invokeMethod(runtestcaseforKatalon.groovy)
	at com.kms.katalon.core.main.CustomKeywordDelegatingMetaClass.invokeStaticMethod(CustomKeywordDelegatingMetaClass.java:50)
	at TC35_Canine_Filter_Breed-Miniature.run(TC35_Canine_Filter_Breed-Miniature:54)
	at com.kms.katalon.core.main.ScriptEngine.run(ScriptEngine.java:194)
	at com.kms.katalon.core.main.ScriptEngine.runScriptAsRawText(ScriptEngine.java:119)
	at com.kms.katalon.core.main.TestCaseExecutor.runScript(TestCaseExecutor.java:369)
	at com.kms.katalon.core.main.TestCaseExecutor.doExecute(TestCaseExecutor.java:360)
	at com.kms.katalon.core.main.TestCaseExecutor.processExecutionPhase(TestCaseExecutor.java:339)
	at com.kms.katalon.core.main.TestCaseExecutor.accessMainPhase(TestCaseExecutor.java:331)
	at com.kms.katalon.core.main.TestCaseExecutor.execute(TestCaseExecutor.java:248)
	at com.kms.katalon.core.main.TestSuiteExecutor.accessTestCaseMainPhase(TestSuiteExecutor.java:191)
	at com.kms.katalon.core.main.TestSuiteExecutor.accessTestSuiteMainPhase(TestSuiteExecutor.java:140)
	at com.kms.katalon.core.main.TestSuiteExecutor.execute(TestSuiteExecutor.java:89)
	at com.kms.katalon.core.main.TestCaseMain.startTestSuite(TestCaseMain.java:185)
	at com.kms.katalon.core.main.TestCaseMain$startTestSuite$0.call(Unknown Source)
	at TempTestSuite1626976953430.run(TempTestSuite1626976953430.groovy:39)]]></system-err>
      </testcase>
      <testcase name="Test Cases/Canine_TestCases/Breed/TC37_Canine_Filter_Breed-ParsonRussTerr" time="126.881" classname="Test Cases/Canine_TestCases/Breed/TC37_Canine_Filter_Breed-ParsonRussTerr" status="PASSED">
         <system-out><![CDATA[2021-07-22 14:57:19 - [TEST_CASE][PASSED] - Test Cases/Canine_TestCases/Breed/TC37_Canine_Filter_Breed-ParsonRussTerr: Test Cases/Canine_TestCases/Breed/TC37_Canine_Filter_Breed-ParsonRussTerr

2021-07-22 14:57:19 - [TEST_STEP][PASSED] - Start listener action : getTestScriptName: null

2021-07-22 14:57:19 - [TEST_STEP][PASSED] - TestCaseId = testCaseContext.getTestCaseId(): null

2021-07-22 14:57:19 - [TEST_STEP][PASSED] - out.println("**********this is the value of test case id string******** " + testCaseContext.getTestCaseId()): null

2021-07-22 14:57:19 - [TEST_STEP][PASSED] - G_currentTCName = TestCaseId.substring(TestCaseId.lastIndexOf("TC")): null

2021-07-22 14:57:19 - [TEST_STEP][PASSED] - out.println("This is the test case name : " + G_currentTCName): null

2021-07-22 14:57:19 - [TEST_STEP][PASSED] - closeBrowser(): Browser is closed

2021-07-22 14:57:20 - [MESSAGE][PASSED] - Browser is closed

2021-07-22 14:57:20 - [TEST_STEP][PASSED] - ctdc.utilities.runtestcaseforKatalon.RunKatalon("TC37_Canine_Filter_Breed-ParsonRussTerr.xlsx"): Data loaded from input file for the test case. 

2021-07-22 14:57:20 - [MESSAGE][PASSED] - Test case file loaded This is the full filepath after converting to string :C:\Users\sohilz2\Commons_Automation\InputFiles\TC37_Canine_Filter_Breed-ParsonRussTerr.xlsx

2021-07-22 14:57:20 - [MESSAGE][INFO] - Global variable set for password file is :  C:\Users\sohilz2\Commons_Automation\InputFiles\TC37_Canine_Filter_Breed-ParsonRussTerr.xlsx

2021-07-22 14:57:24 - [MESSAGE][PASSED] - Data loaded from input file for the test case. 

2021-07-22 14:57:30 - [TEST_STEP][PASSED] - click(findTestObject("Canine/NavBar/Canine_Cases_Btn")): Object: 'Object Repository/Canine/NavBar/Canine_Cases_Btn' is clicked on

2021-07-22 14:57:30 - [MESSAGE][PASSED] - Object: 'Object Repository/Canine/NavBar/Canine_Cases_Btn' is clicked on

2021-07-22 14:57:30 - [TEST_STEP][PASSED] - click(findTestObject("Bento/Cases_page/Filter/FilterByCases_Facet")): Object: 'Object Repository/Bento/Cases_page/Filter/FilterByCases_Facet' is clicked on

2021-07-22 14:57:32 - [MESSAGE][PASSED] - Object: 'Object Repository/Bento/Cases_page/Filter/FilterByCases_Facet' is clicked on

2021-07-22 14:57:32 - [TEST_STEP][PASSED] - waitForElementPresent(findTestObject("Object Repository/Canine/Filter/Breed/BREED_Ddn"), 5): Object 'Object Repository/Canine/Filter/Breed/BREED_Ddn' is present

2021-07-22 14:57:32 - [MESSAGE][PASSED] - Object 'Object Repository/Canine/Filter/Breed/BREED_Ddn' is present

2021-07-22 14:57:32 - [TEST_STEP][PASSED] - ctdc.utilities.runtestcaseforKatalon.clickTabCanineStat("Object Repository/Canine/Filter/Breed/BREED_Ddn"): ctdc.utilities.runtestcaseforKatalon.clickTabCanineStat is PASSED

2021-07-22 14:57:40 - [MESSAGE][PASSED] - ctdc.utilities.runtestcaseforKatalon.clickTabCanineStat is PASSED

2021-07-22 14:57:40 - [TEST_STEP][PASSED] - ctdc.utilities.runtestcaseforKatalon.clickTabCanineStat("Canine/Filter/Breed/Parson_Chkbx"): ctdc.utilities.runtestcaseforKatalon.clickTabCanineStat is PASSED

2021-07-22 14:57:49 - [MESSAGE][PASSED] - ctdc.utilities.runtestcaseforKatalon.clickTabCanineStat is PASSED

2021-07-22 14:57:49 - [TEST_STEP][PASSED] - ctdc.utilities.runtestcaseforKatalon.readStatBarCanine("Object Repository/Canine/StatBar/Canine_StatBar-Studies", "Object Repository/Canine/StatBar/Canine_StatBar-Cases", "Object Repository/Canine/StatBar/Canine_StatBar-Samples", "Object Repository/Canine/StatBar/Canine_StatBar-Files", "Object Repository/Canine/StatBar/Canine_StatBar-Aliquots"): ctdc.utilities.runtestcaseforKatalon.readStatBarCanine is PASSED

2021-07-22 14:58:04 - [MESSAGE][PASSED] - ctdc.utilities.runtestcaseforKatalon.readStatBarCanine is PASSED

2021-07-22 14:58:04 - [TEST_STEP][PASSED] - waitForElementPresent(findTestObject("Object Repository/Canine/CanineResults_Cases_Tab"), 5): Object 'Object Repository/Canine/CanineResults_Cases_Tab' is present

2021-07-22 14:58:04 - [MESSAGE][PASSED] - Object 'Object Repository/Canine/CanineResults_Cases_Tab' is present

2021-07-22 14:58:04 - [TEST_STEP][PASSED] - ctdc.utilities.runtestcaseforKatalon.clickTabCanineStat("Object Repository/Canine/CanineResults_Cases_Tab"): ctdc.utilities.runtestcaseforKatalon.clickTabCanineStat is PASSED

2021-07-22 14:58:13 - [MESSAGE][PASSED] - ctdc.utilities.runtestcaseforKatalon.clickTabCanineStat is PASSED

2021-07-22 14:58:13 - [TEST_STEP][PASSED] - ctdc.utilities.runtestcaseforKatalon.multiFunction("ICDC", G_StatBar_Cases, "Object Repository/Canine/Canine_CasesTable", "Object Repository/Canine/Canine_TableHeader", "Object Repository/Canine/Canine_CasesTabNextBtn", G_WebTabnameCases, G_CypherTabnameCases, G_QueryCasesTab): Statbar Arms count matches

2021-07-22 14:58:27 - [MESSAGE][PASSED] - Statbar Files count matches

2021-07-22 14:58:27 - [MESSAGE][PASSED] - Statbar Samples count matches

2021-07-22 14:58:27 - [MESSAGE][PASSED] - Statbar Cases count matches

2021-07-22 14:58:27 - [MESSAGE][PASSED] - Statbar Arms count matches

2021-07-22 14:58:27 - [TEST_STEP][PASSED] - waitForElementPresent(findTestObject("Object Repository/Canine/CanineResults_Samples_Tab"), 5): Object 'Object Repository/Canine/CanineResults_Samples_Tab' is present

2021-07-22 14:58:27 - [MESSAGE][PASSED] - Object 'Object Repository/Canine/CanineResults_Samples_Tab' is present

2021-07-22 14:58:27 - [TEST_STEP][PASSED] - ctdc.utilities.runtestcaseforKatalon.clickTabCanineStat("Object Repository/Canine/CanineResults_Samples_Tab"): ctdc.utilities.runtestcaseforKatalon.clickTabCanineStat is PASSED

2021-07-22 14:58:35 - [MESSAGE][PASSED] - ctdc.utilities.runtestcaseforKatalon.clickTabCanineStat is PASSED

2021-07-22 14:58:35 - [TEST_STEP][PASSED] - ctdc.utilities.runtestcaseforKatalon.multiFunction("ICDC", G_StatBar_Samples, "Object Repository/Canine/Canine_Samples_Table", "Object Repository/Canine/Canine_Samples_TableHdr", "Object Repository/Canine/Canine_SamplesTabNextBtn", G_WebTabnameSamples, G_CypherTabnameSamples, G_QuerySamplesTab): Statbar Arms count matches

2021-07-22 14:58:51 - [MESSAGE][PASSED] - Statbar Files count matches

2021-07-22 14:58:51 - [MESSAGE][PASSED] - Statbar Samples count matches

2021-07-22 14:58:51 - [MESSAGE][PASSED] - Statbar Cases count matches

2021-07-22 14:58:51 - [MESSAGE][PASSED] - Statbar Arms count matches

2021-07-22 14:58:51 - [TEST_STEP][PASSED] - waitForElementPresent(findTestObject("Object Repository/Canine/CanineResults_Files_Tab"), 5): Object 'Object Repository/Canine/CanineResults_Files_Tab' is present

2021-07-22 14:58:51 - [MESSAGE][PASSED] - Object 'Object Repository/Canine/CanineResults_Files_Tab' is present

2021-07-22 14:58:51 - [TEST_STEP][PASSED] - ctdc.utilities.runtestcaseforKatalon.clickTabCanineStat("Object Repository/Canine/CanineResults_Files_Tab"): ctdc.utilities.runtestcaseforKatalon.clickTabCanineStat is PASSED

2021-07-22 14:59:00 - [MESSAGE][PASSED] - ctdc.utilities.runtestcaseforKatalon.clickTabCanineStat is PASSED

2021-07-22 14:59:00 - [TEST_STEP][PASSED] - ctdc.utilities.runtestcaseforKatalon.multiFunction("ICDC", G_StatBar_Files, "Object Repository/Canine/Canine_Files_Table", "Object Repository/Canine/Canine_Files_TableHdr", "Object Repository/Canine/Canine_FilesTabNextBtn", G_WebTabnameFiles, G_CypherTabnameFiles, G_QueryFilesTab): Statbar Arms count matches

2021-07-22 14:59:25 - [MESSAGE][PASSED] - Statbar Files count matches

2021-07-22 14:59:25 - [MESSAGE][PASSED] - Statbar Samples count matches

2021-07-22 14:59:25 - [MESSAGE][PASSED] - Statbar Cases count matches

2021-07-22 14:59:25 - [MESSAGE][PASSED] - Statbar Arms count matches

2021-07-22 14:59:25 - [TEST_STEP][PASSED] - closeBrowser(): Browser is closed

2021-07-22 14:59:26 - [MESSAGE][PASSED] - Browser is closed]]></system-out>
         <system-err><![CDATA[]]></system-err>
      </testcase>
      <testcase name="Test Cases/Canine_TestCases/Breed/TC38_Canine_Filter_Breed-Poodle" time="120.739" classname="Test Cases/Canine_TestCases/Breed/TC38_Canine_Filter_Breed-Poodle" status="PASSED">
         <system-out><![CDATA[2021-07-22 14:59:26 - [TEST_CASE][PASSED] - Test Cases/Canine_TestCases/Breed/TC38_Canine_Filter_Breed-Poodle: Test Cases/Canine_TestCases/Breed/TC38_Canine_Filter_Breed-Poodle

2021-07-22 14:59:26 - [TEST_STEP][PASSED] - Start listener action : getTestScriptName: null

2021-07-22 14:59:26 - [TEST_STEP][PASSED] - TestCaseId = testCaseContext.getTestCaseId(): null

2021-07-22 14:59:26 - [TEST_STEP][PASSED] - out.println("**********this is the value of test case id string******** " + testCaseContext.getTestCaseId()): null

2021-07-22 14:59:26 - [TEST_STEP][PASSED] - G_currentTCName = TestCaseId.substring(TestCaseId.lastIndexOf("TC")): null

2021-07-22 14:59:26 - [TEST_STEP][PASSED] - out.println("This is the test case name : " + G_currentTCName): null

2021-07-22 14:59:26 - [TEST_STEP][PASSED] - closeBrowser(): Browser is closed

2021-07-22 14:59:26 - [MESSAGE][PASSED] - Browser is closed

2021-07-22 14:59:26 - [TEST_STEP][PASSED] - ctdc.utilities.runtestcaseforKatalon.RunKatalon("TC38_Canine_Filter_Breed-Poodle.xlsx"): Data loaded from input file for the test case. 

2021-07-22 14:59:26 - [MESSAGE][PASSED] - Test case file loaded This is the full filepath after converting to string :C:\Users\sohilz2\Commons_Automation\InputFiles\TC38_Canine_Filter_Breed-Poodle.xlsx

2021-07-22 14:59:26 - [MESSAGE][INFO] - Global variable set for password file is :  C:\Users\sohilz2\Commons_Automation\InputFiles\TC38_Canine_Filter_Breed-Poodle.xlsx

2021-07-22 14:59:30 - [MESSAGE][PASSED] - Data loaded from input file for the test case. 

2021-07-22 14:59:36 - [TEST_STEP][PASSED] - click(findTestObject("Canine/NavBar/Canine_Cases_Btn")): Object: 'Object Repository/Canine/NavBar/Canine_Cases_Btn' is clicked on

2021-07-22 14:59:37 - [MESSAGE][PASSED] - Object: 'Object Repository/Canine/NavBar/Canine_Cases_Btn' is clicked on

2021-07-22 14:59:37 - [TEST_STEP][PASSED] - click(findTestObject("Bento/Cases_page/Filter/FilterByCases_Facet")): Object: 'Object Repository/Bento/Cases_page/Filter/FilterByCases_Facet' is clicked on

2021-07-22 14:59:38 - [MESSAGE][PASSED] - Object: 'Object Repository/Bento/Cases_page/Filter/FilterByCases_Facet' is clicked on

2021-07-22 14:59:38 - [TEST_STEP][PASSED] - waitForElementPresent(findTestObject("Object Repository/Canine/Filter/Breed/BREED_Ddn"), 5): Object 'Object Repository/Canine/Filter/Breed/BREED_Ddn' is present

2021-07-22 14:59:38 - [MESSAGE][PASSED] - Object 'Object Repository/Canine/Filter/Breed/BREED_Ddn' is present

2021-07-22 14:59:38 - [TEST_STEP][PASSED] - ctdc.utilities.runtestcaseforKatalon.clickTabCanineStat("Object Repository/Canine/Filter/Breed/BREED_Ddn"): ctdc.utilities.runtestcaseforKatalon.clickTabCanineStat is PASSED

2021-07-22 14:59:46 - [MESSAGE][PASSED] - ctdc.utilities.runtestcaseforKatalon.clickTabCanineStat is PASSED

2021-07-22 14:59:46 - [TEST_STEP][PASSED] - ctdc.utilities.runtestcaseforKatalon.clickTabCanineStat("Canine/Filter/Breed/Poodle_Chkbx"): ctdc.utilities.runtestcaseforKatalon.clickTabCanineStat is PASSED

2021-07-22 14:59:55 - [MESSAGE][PASSED] - ctdc.utilities.runtestcaseforKatalon.clickTabCanineStat is PASSED

2021-07-22 14:59:55 - [TEST_STEP][PASSED] - ctdc.utilities.runtestcaseforKatalon.readStatBarCanine("Object Repository/Canine/StatBar/Canine_StatBar-Studies", "Object Repository/Canine/StatBar/Canine_StatBar-Cases", "Object Repository/Canine/StatBar/Canine_StatBar-Samples", "Object Repository/Canine/StatBar/Canine_StatBar-Files", "Object Repository/Canine/StatBar/Canine_StatBar-Aliquots"): ctdc.utilities.runtestcaseforKatalon.readStatBarCanine is PASSED

2021-07-22 15:00:10 - [MESSAGE][PASSED] - ctdc.utilities.runtestcaseforKatalon.readStatBarCanine is PASSED

2021-07-22 15:00:10 - [TEST_STEP][PASSED] - waitForElementPresent(findTestObject("Object Repository/Canine/CanineResults_Cases_Tab"), 5): Object 'Object Repository/Canine/CanineResults_Cases_Tab' is present

2021-07-22 15:00:10 - [MESSAGE][PASSED] - Object 'Object Repository/Canine/CanineResults_Cases_Tab' is present

2021-07-22 15:00:10 - [TEST_STEP][PASSED] - ctdc.utilities.runtestcaseforKatalon.clickTabCanineStat("Object Repository/Canine/CanineResults_Cases_Tab"): ctdc.utilities.runtestcaseforKatalon.clickTabCanineStat is PASSED

2021-07-22 15:00:18 - [MESSAGE][PASSED] - ctdc.utilities.runtestcaseforKatalon.clickTabCanineStat is PASSED

2021-07-22 15:00:18 - [TEST_STEP][PASSED] - ctdc.utilities.runtestcaseforKatalon.multiFunction("ICDC", G_StatBar_Cases, "Object Repository/Canine/Canine_CasesTable", "Object Repository/Canine/Canine_TableHeader", "Object Repository/Canine/Canine_CasesTabNextBtn", G_WebTabnameCases, G_CypherTabnameCases, G_QueryCasesTab): Statbar Arms count matches

2021-07-22 15:00:33 - [MESSAGE][PASSED] - Statbar Files count matches

2021-07-22 15:00:33 - [MESSAGE][PASSED] - Statbar Samples count matches

2021-07-22 15:00:33 - [MESSAGE][PASSED] - Statbar Cases count matches

2021-07-22 15:00:33 - [MESSAGE][PASSED] - Statbar Arms count matches

2021-07-22 15:00:33 - [TEST_STEP][PASSED] - waitForElementPresent(findTestObject("Object Repository/Canine/CanineResults_Samples_Tab"), 5): Object 'Object Repository/Canine/CanineResults_Samples_Tab' is present

2021-07-22 15:00:33 - [MESSAGE][PASSED] - Object 'Object Repository/Canine/CanineResults_Samples_Tab' is present

2021-07-22 15:00:33 - [TEST_STEP][PASSED] - ctdc.utilities.runtestcaseforKatalon.clickTabCanineStat("Object Repository/Canine/CanineResults_Samples_Tab"): ctdc.utilities.runtestcaseforKatalon.clickTabCanineStat is PASSED

2021-07-22 15:00:42 - [MESSAGE][PASSED] - ctdc.utilities.runtestcaseforKatalon.clickTabCanineStat is PASSED

2021-07-22 15:00:42 - [TEST_STEP][PASSED] - ctdc.utilities.runtestcaseforKatalon.multiFunction("ICDC", G_StatBar_Samples, "Object Repository/Canine/Canine_Samples_Table", "Object Repository/Canine/Canine_Samples_TableHdr", "Object Repository/Canine/Canine_SamplesTabNextBtn", G_WebTabnameSamples, G_CypherTabnameSamples, G_QuerySamplesTab): Statbar Arms count matches

2021-07-22 15:00:59 - [MESSAGE][PASSED] - Statbar Files count matches

2021-07-22 15:00:59 - [MESSAGE][PASSED] - Statbar Samples count matches

2021-07-22 15:00:59 - [MESSAGE][PASSED] - Statbar Cases count matches

2021-07-22 15:00:59 - [MESSAGE][PASSED] - Statbar Arms count matches

2021-07-22 15:00:59 - [TEST_STEP][PASSED] - waitForElementPresent(findTestObject("Object Repository/Canine/CanineResults_Files_Tab"), 5): Object 'Object Repository/Canine/CanineResults_Files_Tab' is present

2021-07-22 15:00:59 - [MESSAGE][PASSED] - Object 'Object Repository/Canine/CanineResults_Files_Tab' is present

2021-07-22 15:00:59 - [TEST_STEP][PASSED] - ctdc.utilities.runtestcaseforKatalon.clickTab("Object Repository/Canine/CanineResults_Files_Tab"): ctdc.utilities.runtestcaseforKatalon.clickTab is PASSED

2021-07-22 15:00:59 - [MESSAGE][PASSED] - ctdc.utilities.runtestcaseforKatalon.clickTab is PASSED

2021-07-22 15:00:59 - [TEST_STEP][PASSED] - ctdc.utilities.runtestcaseforKatalon.multiFunction("ICDC", G_StatBar_Files, "Object Repository/Canine/Canine_Files_Table", "Object Repository/Canine/Canine_Files_TableHdr", "Object Repository/Canine/Canine_FilesTabNextBtn", G_WebTabnameFiles, G_CypherTabnameFiles, G_QueryFilesTab): Statbar Arms count matches

2021-07-22 15:01:26 - [MESSAGE][PASSED] - Statbar Files count matches

2021-07-22 15:01:26 - [MESSAGE][PASSED] - Statbar Samples count matches

2021-07-22 15:01:26 - [MESSAGE][PASSED] - Statbar Cases count matches

2021-07-22 15:01:26 - [MESSAGE][PASSED] - Statbar Arms count matches

2021-07-22 15:01:26 - [TEST_STEP][PASSED] - closeBrowser(): Browser is closed

2021-07-22 15:01:27 - [MESSAGE][PASSED] - Browser is closed]]></system-out>
         <system-err><![CDATA[]]></system-err>
      </testcase>
      <testcase name="Test Cases/Canine_TestCases/Breed/TC41_Canine_Filter_Breed-Samoyed" time="119.471" classname="Test Cases/Canine_TestCases/Breed/TC41_Canine_Filter_Breed-Samoyed" status="PASSED">
         <system-out><![CDATA[2021-07-22 15:01:27 - [TEST_CASE][PASSED] - Test Cases/Canine_TestCases/Breed/TC41_Canine_Filter_Breed-Samoyed: Test Cases/Canine_TestCases/Breed/TC41_Canine_Filter_Breed-Samoyed

2021-07-22 15:01:27 - [TEST_STEP][PASSED] - Start listener action : getTestScriptName: null

2021-07-22 15:01:27 - [TEST_STEP][PASSED] - TestCaseId = testCaseContext.getTestCaseId(): null

2021-07-22 15:01:27 - [TEST_STEP][PASSED] - out.println("**********this is the value of test case id string******** " + testCaseContext.getTestCaseId()): null

2021-07-22 15:01:27 - [TEST_STEP][PASSED] - G_currentTCName = TestCaseId.substring(TestCaseId.lastIndexOf("TC")): null

2021-07-22 15:01:27 - [TEST_STEP][PASSED] - out.println("This is the test case name : " + G_currentTCName): null

2021-07-22 15:01:27 - [TEST_STEP][PASSED] - closeBrowser(): Browser is closed

2021-07-22 15:01:27 - [MESSAGE][PASSED] - Browser is closed

2021-07-22 15:01:27 - [TEST_STEP][PASSED] - ctdc.utilities.runtestcaseforKatalon.RunKatalon("TC41_Canine_Filter_Breed-Samoyed.xlsx"): Data loaded from input file for the test case. 

2021-07-22 15:01:27 - [MESSAGE][PASSED] - Test case file loaded This is the full filepath after converting to string :C:\Users\sohilz2\Commons_Automation\InputFiles\TC41_Canine_Filter_Breed-Samoyed.xlsx

2021-07-22 15:01:27 - [MESSAGE][INFO] - Global variable set for password file is :  C:\Users\sohilz2\Commons_Automation\InputFiles\TC41_Canine_Filter_Breed-Samoyed.xlsx

2021-07-22 15:01:31 - [MESSAGE][PASSED] - Data loaded from input file for the test case. 

2021-07-22 15:01:38 - [TEST_STEP][PASSED] - click(findTestObject("Canine/NavBar/Canine_Cases_Btn")): Object: 'Object Repository/Canine/NavBar/Canine_Cases_Btn' is clicked on

2021-07-22 15:01:38 - [MESSAGE][PASSED] - Object: 'Object Repository/Canine/NavBar/Canine_Cases_Btn' is clicked on

2021-07-22 15:01:38 - [TEST_STEP][PASSED] - click(findTestObject("Bento/Cases_page/Filter/FilterByCases_Facet")): Object: 'Object Repository/Bento/Cases_page/Filter/FilterByCases_Facet' is clicked on

2021-07-22 15:01:39 - [MESSAGE][PASSED] - Object: 'Object Repository/Bento/Cases_page/Filter/FilterByCases_Facet' is clicked on

2021-07-22 15:01:39 - [TEST_STEP][PASSED] - waitForElementPresent(findTestObject("Object Repository/Canine/Filter/Breed/BREED_Ddn"), 5): Object 'Object Repository/Canine/Filter/Breed/BREED_Ddn' is present

2021-07-22 15:01:39 - [MESSAGE][PASSED] - Object 'Object Repository/Canine/Filter/Breed/BREED_Ddn' is present

2021-07-22 15:01:39 - [TEST_STEP][PASSED] - ctdc.utilities.runtestcaseforKatalon.clickTabCanineStat("Object Repository/Canine/Filter/Breed/BREED_Ddn"): ctdc.utilities.runtestcaseforKatalon.clickTabCanineStat is PASSED

2021-07-22 15:01:48 - [MESSAGE][PASSED] - ctdc.utilities.runtestcaseforKatalon.clickTabCanineStat is PASSED

2021-07-22 15:01:48 - [TEST_STEP][PASSED] - ctdc.utilities.runtestcaseforKatalon.clickTabCanineStat("Object Repository/Canine/Filter/Breed/Samoyed_Chkbx"): ctdc.utilities.runtestcaseforKatalon.clickTabCanineStat is PASSED

2021-07-22 15:01:56 - [MESSAGE][PASSED] - ctdc.utilities.runtestcaseforKatalon.clickTabCanineStat is PASSED

2021-07-22 15:01:56 - [TEST_STEP][PASSED] - ctdc.utilities.runtestcaseforKatalon.readStatBarCanine("Object Repository/Canine/StatBar/Canine_StatBar-Studies", "Object Repository/Canine/StatBar/Canine_StatBar-Cases", "Object Repository/Canine/StatBar/Canine_StatBar-Samples", "Object Repository/Canine/StatBar/Canine_StatBar-Files", "Object Repository/Canine/StatBar/Canine_StatBar-Aliquots"): ctdc.utilities.runtestcaseforKatalon.readStatBarCanine is PASSED

2021-07-22 15:02:11 - [MESSAGE][PASSED] - ctdc.utilities.runtestcaseforKatalon.readStatBarCanine is PASSED

2021-07-22 15:02:11 - [TEST_STEP][PASSED] - waitForElementPresent(findTestObject("Object Repository/Canine/CanineResults_Cases_Tab"), 5): Object 'Object Repository/Canine/CanineResults_Cases_Tab' is present

2021-07-22 15:02:11 - [MESSAGE][PASSED] - Object 'Object Repository/Canine/CanineResults_Cases_Tab' is present

2021-07-22 15:02:11 - [TEST_STEP][PASSED] - ctdc.utilities.runtestcaseforKatalon.clickTabCanineStat("Object Repository/Canine/CanineResults_Cases_Tab"): ctdc.utilities.runtestcaseforKatalon.clickTabCanineStat is PASSED

2021-07-22 15:02:20 - [MESSAGE][PASSED] - ctdc.utilities.runtestcaseforKatalon.clickTabCanineStat is PASSED

2021-07-22 15:02:20 - [TEST_STEP][PASSED] - ctdc.utilities.runtestcaseforKatalon.multiFunction("ICDC", G_StatBar_Cases, "Object Repository/Canine/Canine_CasesTable", "Object Repository/Canine/Canine_TableHeader", "Object Repository/Canine/Canine_CasesTabNextBtn", G_WebTabnameCases, G_CypherTabnameCases, G_QueryCasesTab): Statbar Arms count matches

2021-07-22 15:02:35 - [MESSAGE][PASSED] - Statbar Files count matches

2021-07-22 15:02:35 - [MESSAGE][PASSED] - Statbar Samples count matches

2021-07-22 15:02:35 - [MESSAGE][PASSED] - Statbar Cases count matches

2021-07-22 15:02:35 - [MESSAGE][PASSED] - Statbar Arms count matches

2021-07-22 15:02:35 - [TEST_STEP][PASSED] - waitForElementPresent(findTestObject("Object Repository/Canine/CanineResults_Samples_Tab"), 5): Object 'Object Repository/Canine/CanineResults_Samples_Tab' is present

2021-07-22 15:02:35 - [MESSAGE][PASSED] - Object 'Object Repository/Canine/CanineResults_Samples_Tab' is present

2021-07-22 15:02:35 - [TEST_STEP][PASSED] - ctdc.utilities.runtestcaseforKatalon.clickTabCanineStat("Object Repository/Canine/CanineResults_Samples_Tab"): ctdc.utilities.runtestcaseforKatalon.clickTabCanineStat is PASSED

2021-07-22 15:02:43 - [MESSAGE][PASSED] - ctdc.utilities.runtestcaseforKatalon.clickTabCanineStat is PASSED

2021-07-22 15:02:43 - [TEST_STEP][PASSED] - ctdc.utilities.runtestcaseforKatalon.multiFunction("ICDC", G_StatBar_Samples, "Object Repository/Canine/Canine_Samples_Table", "Object Repository/Canine/Canine_Samples_TableHdr", "Object Repository/Canine/Canine_SamplesTabNextBtn", G_WebTabnameSamples, G_CypherTabnameCases, G_QuerySamplesTab): Statbar Arms count matches

2021-07-22 15:02:59 - [MESSAGE][PASSED] - Statbar Files count matches

2021-07-22 15:02:59 - [MESSAGE][PASSED] - Statbar Samples count matches

2021-07-22 15:02:59 - [MESSAGE][PASSED] - Statbar Cases count matches

2021-07-22 15:02:59 - [MESSAGE][PASSED] - Statbar Arms count matches

2021-07-22 15:02:59 - [TEST_STEP][PASSED] - waitForElementPresent(findTestObject("Object Repository/Canine/CanineResults_Files_Tab"), 5): Object 'Object Repository/Canine/CanineResults_Files_Tab' is present

2021-07-22 15:02:59 - [MESSAGE][PASSED] - Object 'Object Repository/Canine/CanineResults_Files_Tab' is present

2021-07-22 15:02:59 - [TEST_STEP][PASSED] - ctdc.utilities.runtestcaseforKatalon.clickTab("Object Repository/Canine/CanineResults_Files_Tab"): ctdc.utilities.runtestcaseforKatalon.clickTab is PASSED

2021-07-22 15:02:59 - [MESSAGE][PASSED] - ctdc.utilities.runtestcaseforKatalon.clickTab is PASSED

2021-07-22 15:02:59 - [TEST_STEP][PASSED] - ctdc.utilities.runtestcaseforKatalon.multiFunction("ICDC", G_StatBar_Files, "Object Repository/Canine/Canine_Files_Table", "Object Repository/Canine/Canine_Files_TableHdr", "Object Repository/Canine/Canine_FilesTabNextBtn", G_WebTabnameFiles, G_CypherTabnameFiles, G_QueryFilesTab): Statbar Arms count matches

2021-07-22 15:03:25 - [MESSAGE][PASSED] - Statbar Files count matches

2021-07-22 15:03:25 - [MESSAGE][PASSED] - Statbar Samples count matches

2021-07-22 15:03:25 - [MESSAGE][PASSED] - Statbar Cases count matches

2021-07-22 15:03:25 - [MESSAGE][PASSED] - Statbar Arms count matches

2021-07-22 15:03:25 - [TEST_STEP][PASSED] - closeBrowser(): Browser is closed

2021-07-22 15:03:26 - [MESSAGE][PASSED] - Browser is closed]]></system-out>
         <system-err><![CDATA[]]></system-err>
      </testcase>
      <testcase name="Test Cases/Canine_TestCases/Breed/TC43_Canine_Filter_Breed-StaffdshrBull" time="102.538" classname="Test Cases/Canine_TestCases/Breed/TC43_Canine_Filter_Breed-StaffdshrBull" status="PASSED">
         <system-out><![CDATA[2021-07-22 15:03:26 - [TEST_CASE][PASSED] - Test Cases/Canine_TestCases/Breed/TC43_Canine_Filter_Breed-StaffdshrBull: Test Cases/Canine_TestCases/Breed/TC43_Canine_Filter_Breed-StaffdshrBull

2021-07-22 15:03:26 - [TEST_STEP][PASSED] - Start listener action : getTestScriptName: null

2021-07-22 15:03:26 - [TEST_STEP][PASSED] - TestCaseId = testCaseContext.getTestCaseId(): null

2021-07-22 15:03:26 - [TEST_STEP][PASSED] - out.println("**********this is the value of test case id string******** " + testCaseContext.getTestCaseId()): null

2021-07-22 15:03:26 - [TEST_STEP][PASSED] - G_currentTCName = TestCaseId.substring(TestCaseId.lastIndexOf("TC")): null

2021-07-22 15:03:26 - [TEST_STEP][PASSED] - out.println("This is the test case name : " + G_currentTCName): null

2021-07-22 15:03:26 - [TEST_STEP][PASSED] - closeBrowser(): Browser is closed

2021-07-22 15:03:26 - [MESSAGE][PASSED] - Browser is closed

2021-07-22 15:03:26 - [TEST_STEP][PASSED] - ctdc.utilities.runtestcaseforKatalon.RunKatalon("TC43_Canine_Filter_Breed-StaffdshrBull.xlsx"): Data loaded from input file for the test case. 

2021-07-22 15:03:26 - [MESSAGE][PASSED] - Test case file loaded This is the full filepath after converting to string :C:\Users\sohilz2\Commons_Automation\InputFiles\TC43_Canine_Filter_Breed-StaffdshrBull.xlsx

2021-07-22 15:03:26 - [MESSAGE][INFO] - Global variable set for password file is :  C:\Users\sohilz2\Commons_Automation\InputFiles\TC43_Canine_Filter_Breed-StaffdshrBull.xlsx

2021-07-22 15:03:30 - [MESSAGE][PASSED] - Data loaded from input file for the test case. 

2021-07-22 15:03:37 - [TEST_STEP][PASSED] - waitForElementPresent(findTestObject("Canine/NavBar/Canine_Cases_Btn"), 5): Object 'Object Repository/Canine/NavBar/Canine_Cases_Btn' is present

2021-07-22 15:03:37 - [MESSAGE][PASSED] - Object 'Object Repository/Canine/NavBar/Canine_Cases_Btn' is present

2021-07-22 15:03:37 - [TEST_STEP][PASSED] - ctdc.utilities.runtestcaseforKatalon.clickTabCanineStat("Canine/NavBar/Canine_Cases_Btn"): ctdc.utilities.runtestcaseforKatalon.clickTabCanineStat is PASSED

2021-07-22 15:03:47 - [MESSAGE][PASSED] - ctdc.utilities.runtestcaseforKatalon.clickTabCanineStat is PASSED

2021-07-22 15:03:47 - [TEST_STEP][PASSED] - waitForElementPresent(findTestObject("Bento/Cases_page/Filter/FilterByCases_Facet"), 5): Object 'Object Repository/Bento/Cases_page/Filter/FilterByCases_Facet' is present

2021-07-22 15:03:47 - [MESSAGE][PASSED] - Object 'Object Repository/Bento/Cases_page/Filter/FilterByCases_Facet' is present

2021-07-22 15:03:47 - [TEST_STEP][PASSED] - ctdc.utilities.runtestcaseforKatalon.clickTabCanineStat("Bento/Cases_page/Filter/FilterByCases_Facet"): ctdc.utilities.runtestcaseforKatalon.clickTabCanineStat is PASSED

2021-07-22 15:03:55 - [MESSAGE][PASSED] - ctdc.utilities.runtestcaseforKatalon.clickTabCanineStat is PASSED

2021-07-22 15:03:55 - [TEST_STEP][PASSED] - waitForElementPresent(findTestObject("Object Repository/Canine/Filter/Breed/BREED_Ddn"), 5): Object 'Object Repository/Canine/Filter/Breed/BREED_Ddn' is present

2021-07-22 15:03:55 - [MESSAGE][PASSED] - Object 'Object Repository/Canine/Filter/Breed/BREED_Ddn' is present

2021-07-22 15:03:55 - [TEST_STEP][PASSED] - ctdc.utilities.runtestcaseforKatalon.clickTabCanineStat("Object Repository/Canine/Filter/Breed/BREED_Ddn"): ctdc.utilities.runtestcaseforKatalon.clickTabCanineStat is PASSED

2021-07-22 15:04:04 - [MESSAGE][PASSED] - ctdc.utilities.runtestcaseforKatalon.clickTabCanineStat is PASSED

2021-07-22 15:04:04 - [TEST_STEP][PASSED] - ctdc.utilities.runtestcaseforKatalon.clickTabCanineStat("Object Repository/Canine/Filter/Breed/StaffdshrBull_Chkbx"): ctdc.utilities.runtestcaseforKatalon.clickTabCanineStat is PASSED

2021-07-22 15:04:12 - [MESSAGE][PASSED] - ctdc.utilities.runtestcaseforKatalon.clickTabCanineStat is PASSED

2021-07-22 15:04:12 - [TEST_STEP][PASSED] - ctdc.utilities.runtestcaseforKatalon.readStatBarCanine("Object Repository/Canine/StatBar/Canine_StatBar-Studies", "Object Repository/Canine/StatBar/Canine_StatBar-Cases", "Object Repository/Canine/StatBar/Canine_StatBar-Samples", "Object Repository/Canine/StatBar/Canine_StatBar-Files", "Object Repository/Canine/StatBar/Canine_StatBar-Aliquots"): ctdc.utilities.runtestcaseforKatalon.readStatBarCanine is PASSED

2021-07-22 15:04:28 - [MESSAGE][PASSED] - ctdc.utilities.runtestcaseforKatalon.readStatBarCanine is PASSED

2021-07-22 15:04:28 - [TEST_STEP][PASSED] - waitForElementPresent(findTestObject("Object Repository/Canine/CanineResults_Cases_Tab"), 5): Object 'Object Repository/Canine/CanineResults_Cases_Tab' is present

2021-07-22 15:04:28 - [MESSAGE][PASSED] - Object 'Object Repository/Canine/CanineResults_Cases_Tab' is present

2021-07-22 15:04:28 - [TEST_STEP][PASSED] - ctdc.utilities.runtestcaseforKatalon.clickTabCanineStat("Object Repository/Canine/CanineResults_Cases_Tab"): ctdc.utilities.runtestcaseforKatalon.clickTabCanineStat is PASSED

2021-07-22 15:04:36 - [MESSAGE][PASSED] - ctdc.utilities.runtestcaseforKatalon.clickTabCanineStat is PASSED

2021-07-22 15:04:36 - [TEST_STEP][PASSED] - ctdc.utilities.runtestcaseforKatalon.multiFunction("ICDC", G_StatBar_Cases, "Object Repository/Canine/Canine_CasesTable", "Object Repository/Canine/Canine_TableHeader", "Object Repository/Canine/Canine_CasesTabNextBtn", G_WebTabnameCases, G_CypherTabnameCases, G_QueryCasesTab): Statbar Arms count matches

2021-07-22 15:04:51 - [MESSAGE][PASSED] - Statbar Files count matches

2021-07-22 15:04:51 - [MESSAGE][PASSED] - Statbar Samples count matches

2021-07-22 15:04:51 - [MESSAGE][PASSED] - Statbar Cases count matches

2021-07-22 15:04:51 - [MESSAGE][PASSED] - Statbar Arms count matches

2021-07-22 15:04:51 - [TEST_STEP][PASSED] - waitForElementPresent(findTestObject("Object Repository/Canine/CanineResults_Samples_Tab"), 5): Object 'Object Repository/Canine/CanineResults_Samples_Tab' is present

2021-07-22 15:04:51 - [MESSAGE][PASSED] - Object 'Object Repository/Canine/CanineResults_Samples_Tab' is present

2021-07-22 15:04:51 - [TEST_STEP][PASSED] - ctdc.utilities.runtestcaseforKatalon.clickTab("Object Repository/Canine/CanineResults_Samples_Tab"): ctdc.utilities.runtestcaseforKatalon.clickTab is PASSED

2021-07-22 15:04:51 - [MESSAGE][PASSED] - ctdc.utilities.runtestcaseforKatalon.clickTab is PASSED

2021-07-22 15:04:51 - [TEST_STEP][PASSED] - ctdc.utilities.runtestcaseforKatalon.multiFunction("ICDC", G_StatBar_Samples, "Object Repository/Canine/Canine_Samples_Table", "Object Repository/Canine/Canine_Samples_TableHdr", "Object Repository/Canine/Canine_SamplesTabNextBtn", G_WebTabnameSamples, G_CypherTabnameSamples, G_QuerySamplesTab): Statbar Arms count matches

2021-07-22 15:05:08 - [MESSAGE][PASSED] - Statbar Files count matches

2021-07-22 15:05:08 - [MESSAGE][PASSED] - Statbar Samples count matches

2021-07-22 15:05:08 - [MESSAGE][PASSED] - Statbar Cases count matches

2021-07-22 15:05:08 - [MESSAGE][PASSED] - Statbar Arms count matches

2021-07-22 15:05:08 - [TEST_STEP][PASSED] - closeBrowser(): Browser is closed

2021-07-22 15:05:09 - [MESSAGE][PASSED] - Browser is closed]]></system-out>
         <system-err><![CDATA[]]></system-err>
      </testcase>
      <testcase name="Test Cases/Canine_TestCases/Breed/TC44_Canine_Filter_Breed-Vizsla" time="115.521" classname="Test Cases/Canine_TestCases/Breed/TC44_Canine_Filter_Breed-Vizsla" status="PASSED">
         <system-out><![CDATA[2021-07-22 15:05:09 - [TEST_CASE][PASSED] - Test Cases/Canine_TestCases/Breed/TC44_Canine_Filter_Breed-Vizsla: Test Cases/Canine_TestCases/Breed/TC44_Canine_Filter_Breed-Vizsla

2021-07-22 15:05:09 - [TEST_STEP][PASSED] - Start listener action : getTestScriptName: null

2021-07-22 15:05:09 - [TEST_STEP][PASSED] - TestCaseId = testCaseContext.getTestCaseId(): null

2021-07-22 15:05:09 - [TEST_STEP][PASSED] - out.println("**********this is the value of test case id string******** " + testCaseContext.getTestCaseId()): null

2021-07-22 15:05:09 - [TEST_STEP][PASSED] - G_currentTCName = TestCaseId.substring(TestCaseId.lastIndexOf("TC")): null

2021-07-22 15:05:09 - [TEST_STEP][PASSED] - out.println("This is the test case name : " + G_currentTCName): null

2021-07-22 15:05:09 - [TEST_STEP][PASSED] - closeBrowser(): Browser is closed

2021-07-22 15:05:09 - [MESSAGE][PASSED] - Browser is closed

2021-07-22 15:05:09 - [TEST_STEP][PASSED] - ctdc.utilities.runtestcaseforKatalon.RunKatalon("TC44_Canine_Filter_Breed-Vizsla.xlsx"): Data loaded from input file for the test case. 

2021-07-22 15:05:09 - [MESSAGE][PASSED] - Test case file loaded This is the full filepath after converting to string :C:\Users\sohilz2\Commons_Automation\InputFiles\TC44_Canine_Filter_Breed-Vizsla.xlsx

2021-07-22 15:05:09 - [MESSAGE][INFO] - Global variable set for password file is :  C:\Users\sohilz2\Commons_Automation\InputFiles\TC44_Canine_Filter_Breed-Vizsla.xlsx

2021-07-22 15:05:13 - [MESSAGE][PASSED] - Data loaded from input file for the test case. 

2021-07-22 15:05:19 - [TEST_STEP][PASSED] - click(findTestObject("Canine/NavBar/Canine_Cases_Btn")): Object: 'Object Repository/Canine/NavBar/Canine_Cases_Btn' is clicked on

2021-07-22 15:05:19 - [MESSAGE][PASSED] - Object: 'Object Repository/Canine/NavBar/Canine_Cases_Btn' is clicked on

2021-07-22 15:05:19 - [TEST_STEP][PASSED] - click(findTestObject("Bento/Cases_page/Filter/FilterByCases_Facet")): Object: 'Object Repository/Bento/Cases_page/Filter/FilterByCases_Facet' is clicked on

2021-07-22 15:05:21 - [MESSAGE][PASSED] - Object: 'Object Repository/Bento/Cases_page/Filter/FilterByCases_Facet' is clicked on

2021-07-22 15:05:21 - [TEST_STEP][PASSED] - waitForElementPresent(findTestObject("Object Repository/Canine/Filter/Breed/BREED_Ddn"), 5): Object 'Object Repository/Canine/Filter/Breed/BREED_Ddn' is present

2021-07-22 15:05:21 - [MESSAGE][PASSED] - Object 'Object Repository/Canine/Filter/Breed/BREED_Ddn' is present

2021-07-22 15:05:21 - [TEST_STEP][PASSED] - ctdc.utilities.runtestcaseforKatalon.clickTabCanineStat("Object Repository/Canine/Filter/Breed/BREED_Ddn"): ctdc.utilities.runtestcaseforKatalon.clickTabCanineStat is PASSED

2021-07-22 15:05:30 - [MESSAGE][PASSED] - ctdc.utilities.runtestcaseforKatalon.clickTabCanineStat is PASSED

2021-07-22 15:05:30 - [TEST_STEP][PASSED] - ctdc.utilities.runtestcaseforKatalon.clickTabCanineStat("Object Repository/Canine/Filter/Breed/Vizsla_Chkbx"): ctdc.utilities.runtestcaseforKatalon.clickTabCanineStat is PASSED

2021-07-22 15:05:38 - [MESSAGE][PASSED] - ctdc.utilities.runtestcaseforKatalon.clickTabCanineStat is PASSED

2021-07-22 15:05:38 - [TEST_STEP][PASSED] - ctdc.utilities.runtestcaseforKatalon.readStatBarCanine("Object Repository/Canine/StatBar/Canine_StatBar-Studies", "Object Repository/Canine/StatBar/Canine_StatBar-Cases", "Object Repository/Canine/StatBar/Canine_StatBar-Samples", "Object Repository/Canine/StatBar/Canine_StatBar-Files", "Object Repository/Canine/StatBar/Canine_StatBar-Aliquots"): ctdc.utilities.runtestcaseforKatalon.readStatBarCanine is PASSED

2021-07-22 15:05:54 - [MESSAGE][PASSED] - ctdc.utilities.runtestcaseforKatalon.readStatBarCanine is PASSED

2021-07-22 15:05:54 - [TEST_STEP][PASSED] - waitForElementPresent(findTestObject("Object Repository/Canine/CanineResults_Cases_Tab"), 5): Object 'Object Repository/Canine/CanineResults_Cases_Tab' is present

2021-07-22 15:05:54 - [MESSAGE][PASSED] - Object 'Object Repository/Canine/CanineResults_Cases_Tab' is present

2021-07-22 15:05:54 - [TEST_STEP][PASSED] - ctdc.utilities.runtestcaseforKatalon.clickTabCanineStat("Object Repository/Canine/CanineResults_Cases_Tab"): ctdc.utilities.runtestcaseforKatalon.clickTabCanineStat is PASSED

2021-07-22 15:06:02 - [MESSAGE][PASSED] - ctdc.utilities.runtestcaseforKatalon.clickTabCanineStat is PASSED

2021-07-22 15:06:02 - [TEST_STEP][PASSED] - ctdc.utilities.runtestcaseforKatalon.multiFunction("ICDC", G_StatBar_Cases, "Object Repository/Canine/Canine_CasesTable", "Object Repository/Canine/Canine_TableHeader", "Object Repository/Canine/Canine_CasesTabNextBtn", G_WebTabnameCases, G_CypherTabnameCases, G_QueryCasesTab): Statbar Arms count matches

2021-07-22 15:06:17 - [MESSAGE][PASSED] - Statbar Files count matches

2021-07-22 15:06:17 - [MESSAGE][PASSED] - Statbar Samples count matches

2021-07-22 15:06:17 - [MESSAGE][PASSED] - Statbar Cases count matches

2021-07-22 15:06:17 - [MESSAGE][PASSED] - Statbar Arms count matches

2021-07-22 15:06:17 - [TEST_STEP][PASSED] - waitForElementPresent(findTestObject("Object Repository/Canine/CanineResults_Samples_Tab"), 5): Object 'Object Repository/Canine/CanineResults_Samples_Tab' is present

2021-07-22 15:06:17 - [MESSAGE][PASSED] - Object 'Object Repository/Canine/CanineResults_Samples_Tab' is present

2021-07-22 15:06:17 - [TEST_STEP][PASSED] - ctdc.utilities.runtestcaseforKatalon.clickTabCanineStat("Object Repository/Canine/CanineResults_Samples_Tab"): ctdc.utilities.runtestcaseforKatalon.clickTabCanineStat is PASSED

2021-07-22 15:06:25 - [MESSAGE][PASSED] - ctdc.utilities.runtestcaseforKatalon.clickTabCanineStat is PASSED

2021-07-22 15:06:25 - [TEST_STEP][PASSED] - ctdc.utilities.runtestcaseforKatalon.multiFunction("ICDC", G_StatBar_Samples, "Object Repository/Canine/Canine_Samples_Table", "Object Repository/Canine/Canine_Samples_TableHdr", "Object Repository/Canine/Canine_SamplesTabNextBtn", G_WebTabnameSamples, G_CypherTabnameSamples, G_QuerySamplesTab): Statbar Arms count matches

2021-07-22 15:06:40 - [MESSAGE][PASSED] - Statbar Files count matches

2021-07-22 15:06:40 - [MESSAGE][PASSED] - Statbar Samples count matches

2021-07-22 15:06:40 - [MESSAGE][PASSED] - Statbar Cases count matches

2021-07-22 15:06:40 - [MESSAGE][PASSED] - Statbar Arms count matches

2021-07-22 15:06:40 - [TEST_STEP][PASSED] - waitForElementPresent(findTestObject("Object Repository/Canine/CanineResults_Files_Tab"), 5): Object 'Object Repository/Canine/CanineResults_Files_Tab' is present

2021-07-22 15:06:40 - [MESSAGE][PASSED] - Object 'Object Repository/Canine/CanineResults_Files_Tab' is present

2021-07-22 15:06:40 - [TEST_STEP][PASSED] - ctdc.utilities.runtestcaseforKatalon.clickTabCanineStat("Object Repository/Canine/CanineResults_Files_Tab"): ctdc.utilities.runtestcaseforKatalon.clickTabCanineStat is PASSED

2021-07-22 15:06:49 - [MESSAGE][PASSED] - ctdc.utilities.runtestcaseforKatalon.clickTabCanineStat is PASSED

2021-07-22 15:06:49 - [TEST_STEP][PASSED] - ctdc.utilities.runtestcaseforKatalon.multiFunction("ICDC", G_StatBar_Files, "Object Repository/Canine/Canine_Files_Table", "Object Repository/Canine/Canine_Files_TableHdr", "Object Repository/Canine/Canine_FilesTabNextBtn", G_WebTabnameFiles, G_CypherTabnameFiles, G_QueryFilesTab): Statbar Arms count matches

2021-07-22 15:07:04 - [MESSAGE][PASSED] - Statbar Files count matches

2021-07-22 15:07:04 - [MESSAGE][PASSED] - Statbar Samples count matches

2021-07-22 15:07:04 - [MESSAGE][PASSED] - Statbar Cases count matches

2021-07-22 15:07:04 - [MESSAGE][PASSED] - Statbar Arms count matches

2021-07-22 15:07:04 - [TEST_STEP][PASSED] - closeBrowser(): Browser is closed

2021-07-22 15:07:04 - [MESSAGE][PASSED] - Browser is closed]]></system-out>
         <system-err><![CDATA[]]></system-err>
      </testcase>
      <testcase name="Test Cases/Canine_TestCases/Breed/TC45_Canine_Filter_Breed-Weimrnr" time="106.617" classname="Test Cases/Canine_TestCases/Breed/TC45_Canine_Filter_Breed-Weimrnr" status="PASSED">
         <system-out><![CDATA[2021-07-22 15:07:04 - [TEST_CASE][PASSED] - Test Cases/Canine_TestCases/Breed/TC45_Canine_Filter_Breed-Weimrnr: Test Cases/Canine_TestCases/Breed/TC45_Canine_Filter_Breed-Weimrnr

2021-07-22 15:07:04 - [TEST_STEP][PASSED] - Start listener action : getTestScriptName: null

2021-07-22 15:07:04 - [TEST_STEP][PASSED] - TestCaseId = testCaseContext.getTestCaseId(): null

2021-07-22 15:07:04 - [TEST_STEP][PASSED] - out.println("**********this is the value of test case id string******** " + testCaseContext.getTestCaseId()): null

2021-07-22 15:07:04 - [TEST_STEP][PASSED] - G_currentTCName = TestCaseId.substring(TestCaseId.lastIndexOf("TC")): null

2021-07-22 15:07:04 - [TEST_STEP][PASSED] - out.println("This is the test case name : " + G_currentTCName): null

2021-07-22 15:07:05 - [TEST_STEP][PASSED] - closeBrowser(): Browser is closed

2021-07-22 15:07:05 - [MESSAGE][PASSED] - Browser is closed

2021-07-22 15:07:05 - [TEST_STEP][PASSED] - ctdc.utilities.runtestcaseforKatalon.RunKatalon("TC45_Canine_Filter_Breed-Weimrnr.xlsx"): Data loaded from input file for the test case. 

2021-07-22 15:07:05 - [MESSAGE][PASSED] - Test case file loaded This is the full filepath after converting to string :C:\Users\sohilz2\Commons_Automation\InputFiles\TC45_Canine_Filter_Breed-Weimrnr.xlsx

2021-07-22 15:07:05 - [MESSAGE][INFO] - Global variable set for password file is :  C:\Users\sohilz2\Commons_Automation\InputFiles\TC45_Canine_Filter_Breed-Weimrnr.xlsx

2021-07-22 15:07:09 - [MESSAGE][PASSED] - Data loaded from input file for the test case. 

2021-07-22 15:07:15 - [TEST_STEP][PASSED] - click(findTestObject("Canine/NavBar/Canine_Cases_Btn")): Object: 'Object Repository/Canine/NavBar/Canine_Cases_Btn' is clicked on

2021-07-22 15:07:15 - [MESSAGE][PASSED] - Object: 'Object Repository/Canine/NavBar/Canine_Cases_Btn' is clicked on

2021-07-22 15:07:15 - [TEST_STEP][PASSED] - click(findTestObject("Bento/Cases_page/Filter/FilterByCases_Facet")): Object: 'Object Repository/Bento/Cases_page/Filter/FilterByCases_Facet' is clicked on

2021-07-22 15:07:16 - [MESSAGE][PASSED] - Object: 'Object Repository/Bento/Cases_page/Filter/FilterByCases_Facet' is clicked on

2021-07-22 15:07:16 - [TEST_STEP][PASSED] - waitForElementPresent(findTestObject("Object Repository/Canine/Filter/Breed/BREED_Ddn"), 5): Object 'Object Repository/Canine/Filter/Breed/BREED_Ddn' is present

2021-07-22 15:07:16 - [MESSAGE][PASSED] - Object 'Object Repository/Canine/Filter/Breed/BREED_Ddn' is present

2021-07-22 15:07:16 - [TEST_STEP][PASSED] - ctdc.utilities.runtestcaseforKatalon.clickTabCanineStat("Object Repository/Canine/Filter/Breed/BREED_Ddn"): ctdc.utilities.runtestcaseforKatalon.clickTabCanineStat is PASSED

2021-07-22 15:07:25 - [MESSAGE][PASSED] - ctdc.utilities.runtestcaseforKatalon.clickTabCanineStat is PASSED

2021-07-22 15:07:25 - [TEST_STEP][PASSED] - ctdc.utilities.runtestcaseforKatalon.clickTabCanineStat("Object Repository/Canine/Filter/Breed/Weimrnr_Chkbx"): ctdc.utilities.runtestcaseforKatalon.clickTabCanineStat is PASSED

2021-07-22 15:07:34 - [MESSAGE][PASSED] - ctdc.utilities.runtestcaseforKatalon.clickTabCanineStat is PASSED

2021-07-22 15:07:34 - [TEST_STEP][PASSED] - ctdc.utilities.runtestcaseforKatalon.readStatBarCanine("Object Repository/Canine/StatBar/Canine_StatBar-Studies", "Object Repository/Canine/StatBar/Canine_StatBar-Cases", "Object Repository/Canine/StatBar/Canine_StatBar-Samples", "Object Repository/Canine/StatBar/Canine_StatBar-Files", "Object Repository/Canine/StatBar/Canine_StatBar-Aliquots"): ctdc.utilities.runtestcaseforKatalon.readStatBarCanine is PASSED

2021-07-22 15:07:49 - [MESSAGE][PASSED] - ctdc.utilities.runtestcaseforKatalon.readStatBarCanine is PASSED

2021-07-22 15:07:49 - [TEST_STEP][PASSED] - waitForElementPresent(findTestObject("Object Repository/Canine/CanineResults_Cases_Tab"), 5): Object 'Object Repository/Canine/CanineResults_Cases_Tab' is present

2021-07-22 15:07:49 - [MESSAGE][PASSED] - Object 'Object Repository/Canine/CanineResults_Cases_Tab' is present

2021-07-22 15:07:49 - [TEST_STEP][PASSED] - ctdc.utilities.runtestcaseforKatalon.clickTabCanineStat("Object Repository/Canine/CanineResults_Cases_Tab"): ctdc.utilities.runtestcaseforKatalon.clickTabCanineStat is PASSED

2021-07-22 15:07:57 - [MESSAGE][PASSED] - ctdc.utilities.runtestcaseforKatalon.clickTabCanineStat is PASSED

2021-07-22 15:07:57 - [TEST_STEP][PASSED] - ctdc.utilities.runtestcaseforKatalon.multiFunction("ICDC", G_StatBar_Cases, "Object Repository/Canine/Canine_CasesTable", "Object Repository/Canine/Canine_TableHeader", "Object Repository/Canine/Canine_CasesTabNextBtn", G_WebTabnameCases, G_CypherTabnameCases, G_QueryCasesTab): Statbar Arms count matches

2021-07-22 15:08:12 - [MESSAGE][PASSED] - Statbar Files count matches

2021-07-22 15:08:12 - [MESSAGE][PASSED] - Statbar Samples count matches

2021-07-22 15:08:12 - [MESSAGE][PASSED] - Statbar Cases count matches

2021-07-22 15:08:12 - [MESSAGE][PASSED] - Statbar Arms count matches

2021-07-22 15:08:12 - [TEST_STEP][PASSED] - waitForElementPresent(findTestObject("Object Repository/Canine/CanineResults_Samples_Tab"), 5): Object 'Object Repository/Canine/CanineResults_Samples_Tab' is present

2021-07-22 15:08:12 - [MESSAGE][PASSED] - Object 'Object Repository/Canine/CanineResults_Samples_Tab' is present

2021-07-22 15:08:12 - [TEST_STEP][PASSED] - ctdc.utilities.runtestcaseforKatalon.clickTabCanineStat("Object Repository/Canine/CanineResults_Samples_Tab"): ctdc.utilities.runtestcaseforKatalon.clickTabCanineStat is PASSED

2021-07-22 15:08:20 - [MESSAGE][PASSED] - ctdc.utilities.runtestcaseforKatalon.clickTabCanineStat is PASSED

2021-07-22 15:08:20 - [TEST_STEP][PASSED] - ctdc.utilities.runtestcaseforKatalon.multiFunction("ICDC", G_StatBar_Samples, "Object Repository/Canine/Canine_Samples_Table", "Object Repository/Canine/Canine_Samples_TableHdr", "Object Repository/Canine/Canine_SamplesTabNextBtn", G_WebTabnameSamples, G_CypherTabnameSamples, G_QuerySamplesTab): Statbar Arms count matches

2021-07-22 15:08:35 - [MESSAGE][PASSED] - Statbar Files count matches

2021-07-22 15:08:35 - [MESSAGE][PASSED] - Statbar Samples count matches

2021-07-22 15:08:35 - [MESSAGE][PASSED] - Statbar Cases count matches

2021-07-22 15:08:35 - [MESSAGE][PASSED] - Statbar Arms count matches

2021-07-22 15:08:35 - [TEST_STEP][PASSED] - waitForElementPresent(findTestObject("Object Repository/Canine/CanineResults_Files_Tab"), 5): Object 'Object Repository/Canine/CanineResults_Files_Tab' is present

2021-07-22 15:08:35 - [MESSAGE][PASSED] - Object 'Object Repository/Canine/CanineResults_Files_Tab' is present

2021-07-22 15:08:35 - [TEST_STEP][PASSED] - ctdc.utilities.runtestcaseforKatalon.clickTab("Object Repository/Canine/CanineResults_Files_Tab"): ctdc.utilities.runtestcaseforKatalon.clickTab is PASSED

2021-07-22 15:08:35 - [MESSAGE][PASSED] - ctdc.utilities.runtestcaseforKatalon.clickTab is PASSED

2021-07-22 15:08:35 - [TEST_STEP][PASSED] - ctdc.utilities.runtestcaseforKatalon.multiFunction("ICDC", G_StatBar_Files, "Object Repository/Canine/Canine_Files_Table", "Object Repository/Canine/Canine_Files_TableHdr", "Object Repository/Canine/Canine_FilesTabNextBtn", G_WebTabnameFiles, G_CypherTabnameFiles, G_QueryFilesTab): Statbar Arms count matches

2021-07-22 15:08:50 - [MESSAGE][PASSED] - Statbar Files count matches

2021-07-22 15:08:50 - [MESSAGE][PASSED] - Statbar Samples count matches

2021-07-22 15:08:50 - [MESSAGE][PASSED] - Statbar Cases count matches

2021-07-22 15:08:50 - [MESSAGE][PASSED] - Statbar Arms count matches

2021-07-22 15:08:50 - [TEST_STEP][PASSED] - closeBrowser(): Browser is closed

2021-07-22 15:08:51 - [MESSAGE][PASSED] - Browser is closed]]></system-out>
         <system-err><![CDATA[]]></system-err>
      </testcase>
      <testcase name="Test Cases/Canine_TestCases/Breed/TC47_Canine_Filter_Breed-YorkshireTerr" time="106.518" classname="Test Cases/Canine_TestCases/Breed/TC47_Canine_Filter_Breed-YorkshireTerr" status="PASSED">
         <system-out><![CDATA[2021-07-22 15:08:51 - [TEST_CASE][PASSED] - Test Cases/Canine_TestCases/Breed/TC47_Canine_Filter_Breed-YorkshireTerr: Test Cases/Canine_TestCases/Breed/TC47_Canine_Filter_Breed-YorkshireTerr

2021-07-22 15:08:51 - [TEST_STEP][PASSED] - Start listener action : getTestScriptName: null

2021-07-22 15:08:51 - [TEST_STEP][PASSED] - TestCaseId = testCaseContext.getTestCaseId(): null

2021-07-22 15:08:51 - [TEST_STEP][PASSED] - out.println("**********this is the value of test case id string******** " + testCaseContext.getTestCaseId()): null

2021-07-22 15:08:51 - [TEST_STEP][PASSED] - G_currentTCName = TestCaseId.substring(TestCaseId.lastIndexOf("TC")): null

2021-07-22 15:08:51 - [TEST_STEP][PASSED] - out.println("This is the test case name : " + G_currentTCName): null

2021-07-22 15:08:51 - [TEST_STEP][PASSED] - closeBrowser(): Browser is closed

2021-07-22 15:08:51 - [MESSAGE][PASSED] - Browser is closed

2021-07-22 15:08:51 - [TEST_STEP][PASSED] - ctdc.utilities.runtestcaseforKatalon.RunKatalon("TC47_Canine_Filter_Breed-YorkshireTerr.xlsx"): Data loaded from input file for the test case. 

2021-07-22 15:08:51 - [MESSAGE][PASSED] - Test case file loaded This is the full filepath after converting to string :C:\Users\sohilz2\Commons_Automation\InputFiles\TC47_Canine_Filter_Breed-YorkshireTerr.xlsx

2021-07-22 15:08:51 - [MESSAGE][INFO] - Global variable set for password file is :  C:\Users\sohilz2\Commons_Automation\InputFiles\TC47_Canine_Filter_Breed-YorkshireTerr.xlsx

2021-07-22 15:08:55 - [MESSAGE][PASSED] - Data loaded from input file for the test case. 

2021-07-22 15:09:02 - [TEST_STEP][PASSED] - waitForElementPresent(findTestObject("Canine/NavBar/Canine_Cases_Btn"), 5): Object 'Object Repository/Canine/NavBar/Canine_Cases_Btn' is present

2021-07-22 15:09:02 - [MESSAGE][PASSED] - Object 'Object Repository/Canine/NavBar/Canine_Cases_Btn' is present

2021-07-22 15:09:02 - [TEST_STEP][PASSED] - ctdc.utilities.runtestcaseforKatalon.clickTabCanineStat("Canine/NavBar/Canine_Cases_Btn"): ctdc.utilities.runtestcaseforKatalon.clickTabCanineStat is PASSED

2021-07-22 15:09:11 - [MESSAGE][PASSED] - ctdc.utilities.runtestcaseforKatalon.clickTabCanineStat is PASSED

2021-07-22 15:09:11 - [TEST_STEP][PASSED] - waitForElementPresent(findTestObject("Bento/Cases_page/Filter/FilterByCases_Facet"), 5): Object 'Object Repository/Bento/Cases_page/Filter/FilterByCases_Facet' is present

2021-07-22 15:09:11 - [MESSAGE][PASSED] - Object 'Object Repository/Bento/Cases_page/Filter/FilterByCases_Facet' is present

2021-07-22 15:09:11 - [TEST_STEP][PASSED] - ctdc.utilities.runtestcaseforKatalon.clickTabCanineStat("Bento/Cases_page/Filter/FilterByCases_Facet"): ctdc.utilities.runtestcaseforKatalon.clickTabCanineStat is PASSED

2021-07-22 15:09:19 - [MESSAGE][PASSED] - ctdc.utilities.runtestcaseforKatalon.clickTabCanineStat is PASSED

2021-07-22 15:09:19 - [TEST_STEP][PASSED] - waitForElementPresent(findTestObject("Object Repository/Canine/Filter/Breed/BREED_Ddn"), 5): Object 'Object Repository/Canine/Filter/Breed/BREED_Ddn' is present

2021-07-22 15:09:19 - [MESSAGE][PASSED] - Object 'Object Repository/Canine/Filter/Breed/BREED_Ddn' is present

2021-07-22 15:09:19 - [TEST_STEP][PASSED] - ctdc.utilities.runtestcaseforKatalon.clickTabCanineStat("Object Repository/Canine/Filter/Breed/BREED_Ddn"): ctdc.utilities.runtestcaseforKatalon.clickTabCanineStat is PASSED

2021-07-22 15:09:28 - [MESSAGE][PASSED] - ctdc.utilities.runtestcaseforKatalon.clickTabCanineStat is PASSED

2021-07-22 15:09:28 - [TEST_STEP][PASSED] - ctdc.utilities.runtestcaseforKatalon.clickTabCanineStat("Canine/Filter/Breed/Yorkshire_Chkbx"): ctdc.utilities.runtestcaseforKatalon.clickTabCanineStat is PASSED

2021-07-22 15:09:36 - [MESSAGE][PASSED] - ctdc.utilities.runtestcaseforKatalon.clickTabCanineStat is PASSED

2021-07-22 15:09:36 - [TEST_STEP][PASSED] - ctdc.utilities.runtestcaseforKatalon.readStatBarCanine("Object Repository/Canine/StatBar/Canine_StatBar-Studies", "Object Repository/Canine/StatBar/Canine_StatBar-Cases", "Object Repository/Canine/StatBar/Canine_StatBar-Samples", "Object Repository/Canine/StatBar/Canine_StatBar-Files", "Object Repository/Canine/StatBar/Canine_StatBar-Aliquots"): ctdc.utilities.runtestcaseforKatalon.readStatBarCanine is PASSED

2021-07-22 15:09:52 - [MESSAGE][PASSED] - ctdc.utilities.runtestcaseforKatalon.readStatBarCanine is PASSED

2021-07-22 15:09:52 - [TEST_STEP][PASSED] - waitForElementPresent(findTestObject("Object Repository/Canine/CanineResults_Cases_Tab"), 5): Object 'Object Repository/Canine/CanineResults_Cases_Tab' is present

2021-07-22 15:09:52 - [MESSAGE][PASSED] - Object 'Object Repository/Canine/CanineResults_Cases_Tab' is present

2021-07-22 15:09:52 - [TEST_STEP][PASSED] - ctdc.utilities.runtestcaseforKatalon.clickTabCanineStat("Object Repository/Canine/CanineResults_Cases_Tab"): ctdc.utilities.runtestcaseforKatalon.clickTabCanineStat is PASSED

2021-07-22 15:10:00 - [MESSAGE][PASSED] - ctdc.utilities.runtestcaseforKatalon.clickTabCanineStat is PASSED

2021-07-22 15:10:00 - [TEST_STEP][PASSED] - ctdc.utilities.runtestcaseforKatalon.multiFunction("ICDC", G_StatBar_Cases, "Object Repository/Canine/Canine_CasesTable", "Object Repository/Canine/Canine_TableHeader", "Object Repository/Canine/Canine_CasesTabNextBtn", G_WebTabnameCases, G_CypherTabnameCases, G_QueryCasesTab): Statbar Arms count matches

2021-07-22 15:10:14 - [MESSAGE][PASSED] - Statbar Files count matches

2021-07-22 15:10:14 - [MESSAGE][PASSED] - Statbar Samples count matches

2021-07-22 15:10:14 - [MESSAGE][PASSED] - Statbar Cases count matches

2021-07-22 15:10:14 - [MESSAGE][PASSED] - Statbar Arms count matches

2021-07-22 15:10:14 - [TEST_STEP][PASSED] - waitForElementPresent(findTestObject("Object Repository/Canine/CanineResults_Samples_Tab"), 5): Object 'Object Repository/Canine/CanineResults_Samples_Tab' is present

2021-07-22 15:10:14 - [MESSAGE][PASSED] - Object 'Object Repository/Canine/CanineResults_Samples_Tab' is present

2021-07-22 15:10:14 - [TEST_STEP][PASSED] - ctdc.utilities.runtestcaseforKatalon.clickTabCanineStat("Object Repository/Canine/CanineResults_Samples_Tab"): ctdc.utilities.runtestcaseforKatalon.clickTabCanineStat is PASSED

2021-07-22 15:10:23 - [MESSAGE][PASSED] - ctdc.utilities.runtestcaseforKatalon.clickTabCanineStat is PASSED

2021-07-22 15:10:23 - [TEST_STEP][PASSED] - ctdc.utilities.runtestcaseforKatalon.multiFunction("ICDC", G_StatBar_Samples, "Object Repository/Canine/Canine_Samples_Table", "Object Repository/Canine/Canine_Samples_TableHdr", "Object Repository/Canine/Canine_SamplesTabNextBtn", G_WebTabnameSamples, G_CypherTabnameSamples, G_QuerySamplesTab): Statbar Arms count matches

2021-07-22 15:10:37 - [MESSAGE][PASSED] - Statbar Files count matches

2021-07-22 15:10:37 - [MESSAGE][PASSED] - Statbar Samples count matches

2021-07-22 15:10:37 - [MESSAGE][PASSED] - Statbar Cases count matches

2021-07-22 15:10:37 - [MESSAGE][PASSED] - Statbar Arms count matches

2021-07-22 15:10:37 - [TEST_STEP][PASSED] - closeBrowser(): Browser is closed

2021-07-22 15:10:37 - [MESSAGE][PASSED] - Browser is closed]]></system-out>
         <system-err><![CDATA[]]></system-err>
      </testcase>
      <system-out><![CDATA[2021-07-22 14:02:36 - [TEST_SUITE][ERROR] - ICDC_Breed_Regression: Test Cases/Canine_TestCases/Breed/TC35_Canine_Filter_Breed-Miniature FAILED.
Reason:
java.lang.NullPointerException: Cannot invoke method findPropertyValue() on null object
	at com.kms.katalon.core.testobject.TestObject$findPropertyValue.call(Unknown Source)
	at ctdc.utilities.runtestcaseforKatalon.givexpath(runtestcaseforKatalon.groovy:687)
	at ctdc.utilities.runtestcaseforKatalon.clickTabCanineStat(runtestcaseforKatalon.groovy:1060)
	at ctdc.utilities.runtestcaseforKatalon.invokeMethod(runtestcaseforKatalon.groovy)
	at com.kms.katalon.core.main.CustomKeywordDelegatingMetaClass.invokeStaticMethod(CustomKeywordDelegatingMetaClass.java:50)
	at TC35_Canine_Filter_Breed-Miniature.run(TC35_Canine_Filter_Breed-Miniature:54)
	at com.kms.katalon.core.main.ScriptEngine.run(ScriptEngine.java:194)
	at com.kms.katalon.core.main.ScriptEngine.runScriptAsRawText(ScriptEngine.java:119)
	at com.kms.katalon.core.main.TestCaseExecutor.runScript(TestCaseExecutor.java:369)
	at com.kms.katalon.core.main.TestCaseExecutor.doExecute(TestCaseExecutor.java:360)
	at com.kms.katalon.core.main.TestCaseExecutor.processExecutionPhase(TestCaseExecutor.java:339)
	at com.kms.katalon.core.main.TestCaseExecutor.accessMainPhase(TestCaseExecutor.java:331)
	at com.kms.katalon.core.main.TestCaseExecutor.execute(TestCaseExecutor.java:248)
	at com.kms.katalon.core.main.TestSuiteExecutor.accessTestCaseMainPhase(TestSuiteExecutor.java:191)
	at com.kms.katalon.core.main.TestSuiteExecutor.accessTestSuiteMainPhase(TestSuiteExecutor.java:140)
	at com.kms.katalon.core.main.TestSuiteExecutor.execute(TestSuiteExecutor.java:89)
	at com.kms.katalon.core.main.TestCaseMain.startTestSuite(TestCaseMain.java:185)
	at com.kms.katalon.core.main.TestCaseMain$startTestSuite$0.call(Unknown Source)
	at TempTestSuite1626976953430.run(TempTestSuite1626976953430.groovy:39)]]></system-out>
      <system-err><![CDATA[2021-07-22 14:02:36 - [TEST_SUITE][ERROR] - ICDC_Breed_Regression: Test Cases/Canine_TestCases/Breed/TC35_Canine_Filter_Breed-Miniature FAILED.
Reason:
java.lang.NullPointerException: Cannot invoke method findPropertyValue() on null object
	at com.kms.katalon.core.testobject.TestObject$findPropertyValue.call(Unknown Source)
	at ctdc.utilities.runtestcaseforKatalon.givexpath(runtestcaseforKatalon.groovy:687)
	at ctdc.utilities.runtestcaseforKatalon.clickTabCanineStat(runtestcaseforKatalon.groovy:1060)
	at ctdc.utilities.runtestcaseforKatalon.invokeMethod(runtestcaseforKatalon.groovy)
	at com.kms.katalon.core.main.CustomKeywordDelegatingMetaClass.invokeStaticMethod(CustomKeywordDelegatingMetaClass.java:50)
	at TC35_Canine_Filter_Breed-Miniature.run(TC35_Canine_Filter_Breed-Miniature:54)
	at com.kms.katalon.core.main.ScriptEngine.run(ScriptEngine.java:194)
	at com.kms.katalon.core.main.ScriptEngine.runScriptAsRawText(ScriptEngine.java:119)
	at com.kms.katalon.core.main.TestCaseExecutor.runScript(TestCaseExecutor.java:369)
	at com.kms.katalon.core.main.TestCaseExecutor.doExecute(TestCaseExecutor.java:360)
	at com.kms.katalon.core.main.TestCaseExecutor.processExecutionPhase(TestCaseExecutor.java:339)
	at com.kms.katalon.core.main.TestCaseExecutor.accessMainPhase(TestCaseExecutor.java:331)
	at com.kms.katalon.core.main.TestCaseExecutor.execute(TestCaseExecutor.java:248)
	at com.kms.katalon.core.main.TestSuiteExecutor.accessTestCaseMainPhase(TestSuiteExecutor.java:191)
	at com.kms.katalon.core.main.TestSuiteExecutor.accessTestSuiteMainPhase(TestSuiteExecutor.java:140)
	at com.kms.katalon.core.main.TestSuiteExecutor.execute(TestSuiteExecutor.java:89)
	at com.kms.katalon.core.main.TestCaseMain.startTestSuite(TestCaseMain.java:185)
	at com.kms.katalon.core.main.TestCaseMain$startTestSuite$0.call(Unknown Source)
	at TempTestSuite1626976953430.run(TempTestSuite1626976953430.groovy:39)]]></system-err>
   </testsuite>
</testsuites>
