<?xml version="1.0" encoding="UTF-8"?>
<testsuites name="ICDC_Breed_Regression" time="3112.757" tests="33" failures="0" errors="0">
   <testsuite name="ICDC_Breed_Regression" tests="33" failures="0" errors="0" time="3112.757" skipped="0" timestamp="2021-07-26 15:12:28" hostname="sohilz2 - host.docker.internal" id="Test Suites/ICDC_Breed_Regression">
      <properties>
         <property name="deviceName" value=""/>
         <property name="devicePlatform" value=""/>
         <property name="logFolder" value="C:\\Users\\sohilz2\\Commons_Automation\\Reports\\20210726_151223\\ICDC_Breed_Regression\\20210726_151223"/>
         <property name="logFiles" value="C:\\Users\\sohilz2\\Commons_Automation\\Reports\\20210726_151223\\ICDC_Breed_Regression\\20210726_151223\\execution0.log"/>
         <property name="attachments" value=""/>
         <property name="hostName" value="sohilz2 - host.docker.internal"/>
         <property name="os" value="Windows 10 64bit"/>
         <property name="katalonVersion" value="8.0.5.208"/>
         <property name="browser" value="Chrome 91.0.4472.164"/>
         <property name="hostAddress" value="192.168.0.86"/>
         <property name="sessionId" value="ce7c376d54e0d623d4cfcaf61fa6b494"/>
         <property name="seleniumVersion" value="3.141.59"/>
         <property name="proxyInformation" value="ProxyInformation { proxyOption=NO_PROXY, proxyServerType=HTTP, username=, password=********, proxyServerAddress=, proxyServerPort=0, executionList=&quot;&quot;, isApplyToDesiredCapabilities=true }"/>
         <property name="platform" value="Windows 10"/>
      </properties>
      <testcase name="Test Cases/Canine_TestCases/Breed/TC01_Canine_Filter_Breed-Akita" time="61.658" classname="Test Cases/Canine_TestCases/Breed/TC01_Canine_Filter_Breed-Akita" status="PASSED">
         <system-out><![CDATA[2021-07-26 15:12:29 - [TEST_CASE][PASSED] - Test Cases/Canine_TestCases/Breed/TC01_Canine_Filter_Breed-Akita: Test Cases/Canine_TestCases/Breed/TC01_Canine_Filter_Breed-Akita

2021-07-26 15:12:29 - [TEST_STEP][PASSED] - Start listener action : getTestScriptName: null

2021-07-26 15:12:29 - [TEST_STEP][PASSED] - TestCaseId = testCaseContext.getTestCaseId(): null

2021-07-26 15:12:29 - [TEST_STEP][PASSED] - out.println("**********this is the value of test case id string******** " + testCaseContext.getTestCaseId()): null

2021-07-26 15:12:29 - [TEST_STEP][PASSED] - G_currentTCName = TestCaseId.substring(TestCaseId.lastIndexOf("TC")): null

2021-07-26 15:12:29 - [TEST_STEP][PASSED] - out.println("This is the test case name : " + G_currentTCName): null

2021-07-26 15:12:30 - [TEST_STEP][PASSED] - closeBrowser(): Browser is closed

2021-07-26 15:12:30 - [MESSAGE][PASSED] - Browser is closed

2021-07-26 15:12:30 - [TEST_STEP][PASSED] - ctdc.utilities.runtestcaseforKatalon.RunKatalon("TC01_Canine_Filter_Breed-Akita.xlsx"): Data loaded from input file for the test case. 

2021-07-26 15:12:30 - [MESSAGE][PASSED] - Test case file loaded This is the full filepath after converting to string :C:\Users\sohilz2\Commons_Automation\InputFiles\TC01_Canine_Filter_Breed-Akita.xlsx

2021-07-26 15:12:30 - [MESSAGE][INFO] - Global variable set for password file is :  C:\Users\sohilz2\Commons_Automation\InputFiles\TC01_Canine_Filter_Breed-Akita.xlsx

2021-07-26 15:12:35 - [MESSAGE][PASSED] - Data loaded from input file for the test case. 

2021-07-26 15:12:54 - [TEST_STEP][PASSED] - waitForElementPresent(findTestObject("Canine/NavBar/Canine_Cases_Btn"), 5): Object 'Object Repository/Canine/NavBar/Canine_Cases_Btn' is present

2021-07-26 15:12:54 - [MESSAGE][PASSED] - Object 'Object Repository/Canine/NavBar/Canine_Cases_Btn' is present

2021-07-26 15:12:54 - [TEST_STEP][PASSED] - ctdc.utilities.runtestcaseforKatalon.clickTab("Canine/NavBar/Canine_Cases_Btn"): ctdc.utilities.runtestcaseforKatalon.clickTab is PASSED

2021-07-26 15:12:54 - [MESSAGE][PASSED] - ctdc.utilities.runtestcaseforKatalon.clickTab is PASSED

2021-07-26 15:12:54 - [TEST_STEP][PASSED] - waitForElementPresent(findTestObject("Bento/Cases_page/Filter/FilterByCases_Facet"), 5): Object 'Object Repository/Bento/Cases_page/Filter/FilterByCases_Facet' is present

2021-07-26 15:12:55 - [MESSAGE][PASSED] - Object 'Object Repository/Bento/Cases_page/Filter/FilterByCases_Facet' is present

2021-07-26 15:12:55 - [TEST_STEP][PASSED] - ctdc.utilities.runtestcaseforKatalon.clickTab("Bento/Cases_page/Filter/FilterByCases_Facet"): ctdc.utilities.runtestcaseforKatalon.clickTab is PASSED

2021-07-26 15:12:55 - [MESSAGE][PASSED] - ctdc.utilities.runtestcaseforKatalon.clickTab is PASSED

2021-07-26 15:12:55 - [TEST_STEP][PASSED] - waitForElementPresent(findTestObject("Object Repository/Canine/Filter/Breed/BREED_Ddn"), 5): Object 'Object Repository/Canine/Filter/Breed/BREED_Ddn' is present

2021-07-26 15:12:56 - [MESSAGE][PASSED] - Object 'Object Repository/Canine/Filter/Breed/BREED_Ddn' is present

2021-07-26 15:12:56 - [TEST_STEP][PASSED] - ctdc.utilities.runtestcaseforKatalon.clickTabCanineStat("Object Repository/Canine/Filter/Breed/BREED_Ddn"): ctdc.utilities.runtestcaseforKatalon.clickTabCanineStat is PASSED

2021-07-26 15:12:57 - [MESSAGE][PASSED] - ctdc.utilities.runtestcaseforKatalon.clickTabCanineStat is PASSED

2021-07-26 15:12:57 - [TEST_STEP][PASSED] - ctdc.utilities.runtestcaseforKatalon.clickTabCanineStat("Object Repository/Canine/Filter/Breed/Akita_Chkbx"): ctdc.utilities.runtestcaseforKatalon.clickTabCanineStat is PASSED

2021-07-26 15:12:59 - [MESSAGE][PASSED] - ctdc.utilities.runtestcaseforKatalon.clickTabCanineStat is PASSED

2021-07-26 15:12:59 - [TEST_STEP][PASSED] - ctdc.utilities.runtestcaseforKatalon.readStatBarCanine("Object Repository/Canine/StatBar/Canine_StatBar-Studies", "Object Repository/Canine/StatBar/Canine_StatBar-Cases", "Object Repository/Canine/StatBar/Canine_StatBar-Samples", "Object Repository/Canine/StatBar/Canine_StatBar-Files", "Object Repository/Canine/StatBar/Canine_StatBar-Aliquots"): ctdc.utilities.runtestcaseforKatalon.readStatBarCanine is PASSED

2021-07-26 15:13:14 - [MESSAGE][PASSED] - ctdc.utilities.runtestcaseforKatalon.readStatBarCanine is PASSED

2021-07-26 15:13:14 - [TEST_STEP][PASSED] - waitForElementPresent(findTestObject("Object Repository/Canine/CanineResults_Cases_Tab"), 5): Object 'Object Repository/Canine/CanineResults_Cases_Tab' is present

2021-07-26 15:13:14 - [MESSAGE][PASSED] - Object 'Object Repository/Canine/CanineResults_Cases_Tab' is present

2021-07-26 15:13:14 - [TEST_STEP][PASSED] - ctdc.utilities.runtestcaseforKatalon.clickTab("Object Repository/Canine/CanineResults_Cases_Tab"): ctdc.utilities.runtestcaseforKatalon.clickTab is PASSED

2021-07-26 15:13:14 - [MESSAGE][PASSED] - ctdc.utilities.runtestcaseforKatalon.clickTab is PASSED

2021-07-26 15:13:14 - [TEST_STEP][PASSED] - ctdc.utilities.runtestcaseforKatalon.multiFunction("ICDC", G_StatBar_Cases, "Object Repository/Canine/Canine_CasesTable", "Object Repository/Canine/Canine_TableHeader", "Object Repository/Canine/Canine_CasesTabNextBtn", G_WebTabnameCases, G_CypherTabnameCases, G_QueryCasesTab): Statbar Arms count matches

2021-07-26 15:13:30 - [MESSAGE][PASSED] - Statbar Files count matches

2021-07-26 15:13:30 - [MESSAGE][PASSED] - Statbar Samples count matches

2021-07-26 15:13:30 - [MESSAGE][PASSED] - Statbar Cases count matches

2021-07-26 15:13:30 - [MESSAGE][PASSED] - Statbar Arms count matches

2021-07-26 15:13:30 - [TEST_STEP][PASSED] - closeBrowser(): Browser is closed

2021-07-26 15:13:31 - [MESSAGE][PASSED] - Browser is closed]]></system-out>
         <system-err><![CDATA[]]></system-err>
      </testcase>
      <testcase name="Test Cases/Canine_TestCases/Breed/TC02_Canine_Filter_Breed-AmerStaffd" time="95.6" classname="Test Cases/Canine_TestCases/Breed/TC02_Canine_Filter_Breed-AmerStaffd" status="PASSED">
         <system-out><![CDATA[2021-07-26 15:13:31 - [TEST_CASE][PASSED] - Test Cases/Canine_TestCases/Breed/TC02_Canine_Filter_Breed-AmerStaffd: Test Cases/Canine_TestCases/Breed/TC02_Canine_Filter_Breed-AmerStaffd

2021-07-26 15:13:31 - [TEST_STEP][PASSED] - Start listener action : getTestScriptName: null

2021-07-26 15:13:31 - [TEST_STEP][PASSED] - TestCaseId = testCaseContext.getTestCaseId(): null

2021-07-26 15:13:31 - [TEST_STEP][PASSED] - out.println("**********this is the value of test case id string******** " + testCaseContext.getTestCaseId()): null

2021-07-26 15:13:31 - [TEST_STEP][PASSED] - G_currentTCName = TestCaseId.substring(TestCaseId.lastIndexOf("TC")): null

2021-07-26 15:13:31 - [TEST_STEP][PASSED] - out.println("This is the test case name : " + G_currentTCName): null

2021-07-26 15:13:31 - [TEST_STEP][PASSED] - closeBrowser(): Browser is closed

2021-07-26 15:13:31 - [MESSAGE][PASSED] - Browser is closed

2021-07-26 15:13:31 - [TEST_STEP][PASSED] - ctdc.utilities.runtestcaseforKatalon.RunKatalon("TC02_Canine_Filter_Breed-AmerStaffd.xlsx"): Data loaded from input file for the test case. 

2021-07-26 15:13:31 - [MESSAGE][PASSED] - Test case file loaded This is the full filepath after converting to string :C:\Users\sohilz2\Commons_Automation\InputFiles\TC02_Canine_Filter_Breed-AmerStaffd.xlsx

2021-07-26 15:13:31 - [MESSAGE][INFO] - Global variable set for password file is :  C:\Users\sohilz2\Commons_Automation\InputFiles\TC02_Canine_Filter_Breed-AmerStaffd.xlsx

2021-07-26 15:13:35 - [MESSAGE][PASSED] - Data loaded from input file for the test case. 

2021-07-26 15:13:42 - [TEST_STEP][PASSED] - waitForElementPresent(findTestObject("Canine/NavBar/Canine_Cases_Btn"), 5): Object 'Object Repository/Canine/NavBar/Canine_Cases_Btn' is present

2021-07-26 15:13:42 - [MESSAGE][PASSED] - Object 'Object Repository/Canine/NavBar/Canine_Cases_Btn' is present

2021-07-26 15:13:42 - [TEST_STEP][PASSED] - ctdc.utilities.runtestcaseforKatalon.clickTab("Canine/NavBar/Canine_Cases_Btn"): ctdc.utilities.runtestcaseforKatalon.clickTab is PASSED

2021-07-26 15:13:42 - [MESSAGE][PASSED] - ctdc.utilities.runtestcaseforKatalon.clickTab is PASSED

2021-07-26 15:13:42 - [TEST_STEP][PASSED] - waitForElementPresent(findTestObject("Bento/Cases_page/Filter/FilterByCases_Facet"), 5): Object 'Object Repository/Bento/Cases_page/Filter/FilterByCases_Facet' is present

2021-07-26 15:13:43 - [MESSAGE][PASSED] - Object 'Object Repository/Bento/Cases_page/Filter/FilterByCases_Facet' is present

2021-07-26 15:13:43 - [TEST_STEP][PASSED] - ctdc.utilities.runtestcaseforKatalon.clickTab("Bento/Cases_page/Filter/FilterByCases_Facet"): ctdc.utilities.runtestcaseforKatalon.clickTab is PASSED

2021-07-26 15:13:43 - [MESSAGE][PASSED] - ctdc.utilities.runtestcaseforKatalon.clickTab is PASSED

2021-07-26 15:13:43 - [TEST_STEP][PASSED] - waitForElementPresent(findTestObject("Object Repository/Canine/Filter/Breed/BREED_Ddn"), 5): Object 'Object Repository/Canine/Filter/Breed/BREED_Ddn' is present

2021-07-26 15:13:43 - [MESSAGE][PASSED] - Object 'Object Repository/Canine/Filter/Breed/BREED_Ddn' is present

2021-07-26 15:13:43 - [TEST_STEP][PASSED] - ctdc.utilities.runtestcaseforKatalon.clickTabCanineStat("Object Repository/Canine/Filter/Breed/BREED_Ddn"): ctdc.utilities.runtestcaseforKatalon.clickTabCanineStat is PASSED

2021-07-26 15:13:45 - [MESSAGE][PASSED] - ctdc.utilities.runtestcaseforKatalon.clickTabCanineStat is PASSED

2021-07-26 15:13:45 - [TEST_STEP][PASSED] - ctdc.utilities.runtestcaseforKatalon.clickTabCanineStat("Object Repository/Canine/Filter/Breed/AmerStaffd_Chkbx"): ctdc.utilities.runtestcaseforKatalon.clickTabCanineStat is PASSED

2021-07-26 15:13:46 - [MESSAGE][PASSED] - ctdc.utilities.runtestcaseforKatalon.clickTabCanineStat is PASSED

2021-07-26 15:13:46 - [TEST_STEP][PASSED] - ctdc.utilities.runtestcaseforKatalon.readStatBarCanine("Object Repository/Canine/StatBar/Canine_StatBar-Studies", "Object Repository/Canine/StatBar/Canine_StatBar-Cases", "Object Repository/Canine/StatBar/Canine_StatBar-Samples", "Object Repository/Canine/StatBar/Canine_StatBar-Files", "Object Repository/Canine/StatBar/Canine_StatBar-Aliquots"): ctdc.utilities.runtestcaseforKatalon.readStatBarCanine is PASSED

2021-07-26 15:14:01 - [MESSAGE][PASSED] - ctdc.utilities.runtestcaseforKatalon.readStatBarCanine is PASSED

2021-07-26 15:14:01 - [TEST_STEP][PASSED] - waitForElementPresent(findTestObject("Object Repository/Canine/CanineResults_Cases_Tab"), 5): Object 'Object Repository/Canine/CanineResults_Cases_Tab' is present

2021-07-26 15:14:01 - [MESSAGE][PASSED] - Object 'Object Repository/Canine/CanineResults_Cases_Tab' is present

2021-07-26 15:14:01 - [TEST_STEP][PASSED] - ctdc.utilities.runtestcaseforKatalon.clickTab("Object Repository/Canine/CanineResults_Cases_Tab"): ctdc.utilities.runtestcaseforKatalon.clickTab is PASSED

2021-07-26 15:14:02 - [MESSAGE][PASSED] - ctdc.utilities.runtestcaseforKatalon.clickTab is PASSED

2021-07-26 15:14:02 - [TEST_STEP][PASSED] - ctdc.utilities.runtestcaseforKatalon.multiFunction("ICDC", G_StatBar_Cases, "Object Repository/Canine/Canine_CasesTable", "Object Repository/Canine/Canine_TableHeader", "Object Repository/Canine/Canine_CasesTabNextBtn", G_WebTabnameCases, G_CypherTabnameCases, G_QueryCasesTab): Statbar Arms count matches

2021-07-26 15:14:17 - [MESSAGE][PASSED] - Statbar Files count matches

2021-07-26 15:14:17 - [MESSAGE][PASSED] - Statbar Samples count matches

2021-07-26 15:14:17 - [MESSAGE][PASSED] - Statbar Cases count matches

2021-07-26 15:14:17 - [MESSAGE][PASSED] - Statbar Arms count matches

2021-07-26 15:14:17 - [TEST_STEP][PASSED] - waitForElementPresent(findTestObject("Object Repository/Canine/CanineResults_Samples_Tab"), 5): Object 'Object Repository/Canine/CanineResults_Samples_Tab' is present

2021-07-26 15:14:17 - [MESSAGE][PASSED] - Object 'Object Repository/Canine/CanineResults_Samples_Tab' is present

2021-07-26 15:14:17 - [TEST_STEP][PASSED] - ctdc.utilities.runtestcaseforKatalon.clickTab("Object Repository/Canine/CanineResults_Samples_Tab"): ctdc.utilities.runtestcaseforKatalon.clickTab is PASSED

2021-07-26 15:14:17 - [MESSAGE][PASSED] - ctdc.utilities.runtestcaseforKatalon.clickTab is PASSED

2021-07-26 15:14:17 - [TEST_STEP][PASSED] - ctdc.utilities.runtestcaseforKatalon.multiFunction("ICDC", G_StatBar_Samples, "Object Repository/Canine/Canine_Samples_Table", "Object Repository/Canine/Canine_Samples_TableHdr", "Object Repository/Canine/Canine_SamplesTabNextBtn", G_WebTabnameSamples, G_CypherTabnameSamples, G_QuerySamplesTab): Statbar Arms count matches

2021-07-26 15:14:37 - [MESSAGE][PASSED] - Statbar Files count matches

2021-07-26 15:14:37 - [MESSAGE][PASSED] - Statbar Samples count matches

2021-07-26 15:14:37 - [MESSAGE][PASSED] - Statbar Cases count matches

2021-07-26 15:14:37 - [MESSAGE][PASSED] - Statbar Arms count matches

2021-07-26 15:14:37 - [TEST_STEP][PASSED] - waitForElementPresent(findTestObject("Object Repository/Canine/CanineResults_Files_Tab"), 5): Object 'Object Repository/Canine/CanineResults_Files_Tab' is present

2021-07-26 15:14:37 - [MESSAGE][PASSED] - Object 'Object Repository/Canine/CanineResults_Files_Tab' is present

2021-07-26 15:14:37 - [TEST_STEP][PASSED] - ctdc.utilities.runtestcaseforKatalon.clickTab("Object Repository/Canine/CanineResults_Files_Tab"): ctdc.utilities.runtestcaseforKatalon.clickTab is PASSED

2021-07-26 15:14:37 - [MESSAGE][PASSED] - ctdc.utilities.runtestcaseforKatalon.clickTab is PASSED

2021-07-26 15:14:37 - [TEST_STEP][PASSED] - ctdc.utilities.runtestcaseforKatalon.multiFunction("ICDC", G_StatBar_Files, "Object Repository/Canine/Canine_Files_Table", "Object Repository/Canine/Canine_Files_TableHdr", "Object Repository/Canine/Canine_FilesTabNextBtn", G_WebTabnameFiles, G_CypherTabnameFiles, G_QueryFilesTab): Statbar Arms count matches

2021-07-26 15:15:06 - [MESSAGE][PASSED] - Statbar Files count matches

2021-07-26 15:15:06 - [MESSAGE][PASSED] - Statbar Samples count matches

2021-07-26 15:15:06 - [MESSAGE][PASSED] - Statbar Cases count matches

2021-07-26 15:15:06 - [MESSAGE][PASSED] - Statbar Arms count matches

2021-07-26 15:15:06 - [TEST_STEP][PASSED] - closeBrowser(): Browser is closed

2021-07-26 15:15:06 - [MESSAGE][PASSED] - Browser is closed]]></system-out>
         <system-err><![CDATA[]]></system-err>
      </testcase>
      <testcase name="Test Cases/Canine_TestCases/Breed/TC03_Canine_Filter_Breed-AusShephd" time="87.678" classname="Test Cases/Canine_TestCases/Breed/TC03_Canine_Filter_Breed-AusShephd" status="PASSED">
         <system-out><![CDATA[2021-07-26 15:15:06 - [TEST_CASE][PASSED] - Test Cases/Canine_TestCases/Breed/TC03_Canine_Filter_Breed-AusShephd: Test Cases/Canine_TestCases/Breed/TC03_Canine_Filter_Breed-AusShephd

2021-07-26 15:15:06 - [TEST_STEP][PASSED] - Start listener action : getTestScriptName: null

2021-07-26 15:15:06 - [TEST_STEP][PASSED] - TestCaseId = testCaseContext.getTestCaseId(): null

2021-07-26 15:15:06 - [TEST_STEP][PASSED] - out.println("**********this is the value of test case id string******** " + testCaseContext.getTestCaseId()): null

2021-07-26 15:15:06 - [TEST_STEP][PASSED] - G_currentTCName = TestCaseId.substring(TestCaseId.lastIndexOf("TC")): null

2021-07-26 15:15:06 - [TEST_STEP][PASSED] - out.println("This is the test case name : " + G_currentTCName): null

2021-07-26 15:15:07 - [TEST_STEP][PASSED] - closeBrowser(): Browser is closed

2021-07-26 15:15:07 - [MESSAGE][PASSED] - Browser is closed

2021-07-26 15:15:07 - [TEST_STEP][PASSED] - ctdc.utilities.runtestcaseforKatalon.RunKatalon("TC03_Canine_Filter_Breed-AusShephd.xlsx"): Data loaded from input file for the test case. 

2021-07-26 15:15:07 - [MESSAGE][PASSED] - Test case file loaded This is the full filepath after converting to string :C:\Users\sohilz2\Commons_Automation\InputFiles\TC03_Canine_Filter_Breed-AusShephd.xlsx

2021-07-26 15:15:07 - [MESSAGE][INFO] - Global variable set for password file is :  C:\Users\sohilz2\Commons_Automation\InputFiles\TC03_Canine_Filter_Breed-AusShephd.xlsx

2021-07-26 15:15:11 - [MESSAGE][PASSED] - Data loaded from input file for the test case. 

2021-07-26 15:15:18 - [TEST_STEP][PASSED] - waitForElementPresent(findTestObject("Canine/NavBar/Canine_Cases_Btn"), 5): Object 'Object Repository/Canine/NavBar/Canine_Cases_Btn' is present

2021-07-26 15:15:18 - [MESSAGE][PASSED] - Object 'Object Repository/Canine/NavBar/Canine_Cases_Btn' is present

2021-07-26 15:15:18 - [TEST_STEP][PASSED] - ctdc.utilities.runtestcaseforKatalon.clickTab("Canine/NavBar/Canine_Cases_Btn"): ctdc.utilities.runtestcaseforKatalon.clickTab is PASSED

2021-07-26 15:15:18 - [MESSAGE][PASSED] - ctdc.utilities.runtestcaseforKatalon.clickTab is PASSED

2021-07-26 15:15:18 - [TEST_STEP][PASSED] - waitForElementPresent(findTestObject("Bento/Cases_page/Filter/FilterByCases_Facet"), 5): Object 'Object Repository/Bento/Cases_page/Filter/FilterByCases_Facet' is present

2021-07-26 15:15:20 - [MESSAGE][PASSED] - Object 'Object Repository/Bento/Cases_page/Filter/FilterByCases_Facet' is present

2021-07-26 15:15:20 - [TEST_STEP][PASSED] - ctdc.utilities.runtestcaseforKatalon.clickTab("Bento/Cases_page/Filter/FilterByCases_Facet"): ctdc.utilities.runtestcaseforKatalon.clickTab is PASSED

2021-07-26 15:15:21 - [MESSAGE][PASSED] - ctdc.utilities.runtestcaseforKatalon.clickTab is PASSED

2021-07-26 15:15:21 - [TEST_STEP][PASSED] - waitForElementPresent(findTestObject("Object Repository/Canine/Filter/Breed/BREED_Ddn"), 5): Object 'Object Repository/Canine/Filter/Breed/BREED_Ddn' is present

2021-07-26 15:15:21 - [MESSAGE][PASSED] - Object 'Object Repository/Canine/Filter/Breed/BREED_Ddn' is present

2021-07-26 15:15:21 - [TEST_STEP][PASSED] - ctdc.utilities.runtestcaseforKatalon.clickTabCanineStat("Object Repository/Canine/Filter/Breed/BREED_Ddn"): ctdc.utilities.runtestcaseforKatalon.clickTabCanineStat is PASSED

2021-07-26 15:15:23 - [MESSAGE][PASSED] - ctdc.utilities.runtestcaseforKatalon.clickTabCanineStat is PASSED

2021-07-26 15:15:23 - [TEST_STEP][PASSED] - ctdc.utilities.runtestcaseforKatalon.clickTabCanineStat("Object Repository/Canine/Filter/Breed/AusShephd_Chkbx"): ctdc.utilities.runtestcaseforKatalon.clickTabCanineStat is PASSED

2021-07-26 15:15:25 - [MESSAGE][PASSED] - ctdc.utilities.runtestcaseforKatalon.clickTabCanineStat is PASSED

2021-07-26 15:15:25 - [TEST_STEP][PASSED] - ctdc.utilities.runtestcaseforKatalon.readStatBarCanine("Object Repository/Canine/StatBar/Canine_StatBar-Studies", "Object Repository/Canine/StatBar/Canine_StatBar-Cases", "Object Repository/Canine/StatBar/Canine_StatBar-Samples", "Object Repository/Canine/StatBar/Canine_StatBar-Files", "Object Repository/Canine/StatBar/Canine_StatBar-Aliquots"): ctdc.utilities.runtestcaseforKatalon.readStatBarCanine is PASSED

2021-07-26 15:15:40 - [MESSAGE][PASSED] - ctdc.utilities.runtestcaseforKatalon.readStatBarCanine is PASSED

2021-07-26 15:15:40 - [TEST_STEP][PASSED] - waitForElementPresent(findTestObject("Object Repository/Canine/CanineResults_Cases_Tab"), 5): Object 'Object Repository/Canine/CanineResults_Cases_Tab' is present

2021-07-26 15:15:40 - [MESSAGE][PASSED] - Object 'Object Repository/Canine/CanineResults_Cases_Tab' is present

2021-07-26 15:15:40 - [TEST_STEP][PASSED] - ctdc.utilities.runtestcaseforKatalon.clickTab("Object Repository/Canine/CanineResults_Cases_Tab"): ctdc.utilities.runtestcaseforKatalon.clickTab is PASSED

2021-07-26 15:15:40 - [MESSAGE][PASSED] - ctdc.utilities.runtestcaseforKatalon.clickTab is PASSED

2021-07-26 15:15:40 - [TEST_STEP][PASSED] - ctdc.utilities.runtestcaseforKatalon.multiFunction("ICDC", G_StatBar_Cases, "Object Repository/Canine/Canine_CasesTable", "Object Repository/Canine/Canine_TableHeader", "Object Repository/Canine/Canine_CasesTabNextBtn", G_WebTabnameCases, G_CypherTabnameCases, G_QueryCasesTab): Statbar Arms count matches

2021-07-26 15:15:56 - [MESSAGE][PASSED] - Statbar Files count matches

2021-07-26 15:15:56 - [MESSAGE][PASSED] - Statbar Samples count matches

2021-07-26 15:15:56 - [MESSAGE][PASSED] - Statbar Cases count matches

2021-07-26 15:15:56 - [MESSAGE][PASSED] - Statbar Arms count matches

2021-07-26 15:15:56 - [TEST_STEP][PASSED] - waitForElementPresent(findTestObject("Object Repository/Canine/CanineResults_Samples_Tab"), 5): Object 'Object Repository/Canine/CanineResults_Samples_Tab' is present

2021-07-26 15:15:56 - [MESSAGE][PASSED] - Object 'Object Repository/Canine/CanineResults_Samples_Tab' is present

2021-07-26 15:15:56 - [TEST_STEP][PASSED] - ctdc.utilities.runtestcaseforKatalon.clickTab("Object Repository/Canine/CanineResults_Samples_Tab"): ctdc.utilities.runtestcaseforKatalon.clickTab is PASSED

2021-07-26 15:15:56 - [MESSAGE][PASSED] - ctdc.utilities.runtestcaseforKatalon.clickTab is PASSED

2021-07-26 15:15:56 - [TEST_STEP][PASSED] - ctdc.utilities.runtestcaseforKatalon.multiFunction("ICDC", G_StatBar_Samples, "Object Repository/Canine/Canine_Samples_Table", "Object Repository/Canine/Canine_Samples_TableHdr", "Object Repository/Canine/Canine_SamplesTabNextBtn", G_WebTabnameSamples, G_CypherTabnameSamples, G_QuerySamplesTab): Statbar Arms count matches

2021-07-26 15:16:15 - [MESSAGE][PASSED] - Statbar Files count matches

2021-07-26 15:16:15 - [MESSAGE][PASSED] - Statbar Samples count matches

2021-07-26 15:16:15 - [MESSAGE][PASSED] - Statbar Cases count matches

2021-07-26 15:16:15 - [MESSAGE][PASSED] - Statbar Arms count matches

2021-07-26 15:16:15 - [TEST_STEP][PASSED] - waitForElementPresent(findTestObject("Object Repository/Canine/CanineResults_Files_Tab"), 5): Object 'Object Repository/Canine/CanineResults_Files_Tab' is present

2021-07-26 15:16:15 - [MESSAGE][PASSED] - Object 'Object Repository/Canine/CanineResults_Files_Tab' is present

2021-07-26 15:16:15 - [TEST_STEP][PASSED] - ctdc.utilities.runtestcaseforKatalon.clickTab("Object Repository/Canine/CanineResults_Files_Tab"): ctdc.utilities.runtestcaseforKatalon.clickTab is PASSED

2021-07-26 15:16:15 - [MESSAGE][PASSED] - ctdc.utilities.runtestcaseforKatalon.clickTab is PASSED

2021-07-26 15:16:15 - [TEST_STEP][PASSED] - ctdc.utilities.runtestcaseforKatalon.multiFunction("ICDC", G_StatBar_Files, "Object Repository/Canine/Canine_Files_Table", "Object Repository/Canine/Canine_Files_TableHdr", "Object Repository/Canine/Canine_FilesTabNextBtn", G_WebTabnameFiles, G_CypherTabnameFiles, G_QueryFilesTab): Statbar Arms count matches

2021-07-26 15:16:33 - [MESSAGE][PASSED] - Statbar Files count matches

2021-07-26 15:16:33 - [MESSAGE][PASSED] - Statbar Samples count matches

2021-07-26 15:16:33 - [MESSAGE][PASSED] - Statbar Cases count matches

2021-07-26 15:16:33 - [MESSAGE][PASSED] - Statbar Arms count matches

2021-07-26 15:16:33 - [TEST_STEP][PASSED] - closeBrowser(): Browser is closed

2021-07-26 15:16:34 - [MESSAGE][PASSED] - Browser is closed]]></system-out>
         <system-err><![CDATA[]]></system-err>
      </testcase>
      <testcase name="Test Cases/Canine_TestCases/Breed/TC04_Canine_Filter_Breed-BassHnd" time="89.459" classname="Test Cases/Canine_TestCases/Breed/TC04_Canine_Filter_Breed-BassHnd" status="PASSED">
         <system-out><![CDATA[2021-07-26 15:16:34 - [TEST_CASE][PASSED] - Test Cases/Canine_TestCases/Breed/TC04_Canine_Filter_Breed-BassHnd: Test Cases/Canine_TestCases/Breed/TC04_Canine_Filter_Breed-BassHnd

2021-07-26 15:16:34 - [TEST_STEP][PASSED] - Start listener action : getTestScriptName: null

2021-07-26 15:16:34 - [TEST_STEP][PASSED] - TestCaseId = testCaseContext.getTestCaseId(): null

2021-07-26 15:16:34 - [TEST_STEP][PASSED] - out.println("**********this is the value of test case id string******** " + testCaseContext.getTestCaseId()): null

2021-07-26 15:16:34 - [TEST_STEP][PASSED] - G_currentTCName = TestCaseId.substring(TestCaseId.lastIndexOf("TC")): null

2021-07-26 15:16:34 - [TEST_STEP][PASSED] - out.println("This is the test case name : " + G_currentTCName): null

2021-07-26 15:16:35 - [TEST_STEP][PASSED] - closeBrowser(): Browser is closed

2021-07-26 15:16:35 - [MESSAGE][PASSED] - Browser is closed

2021-07-26 15:16:35 - [TEST_STEP][PASSED] - ctdc.utilities.runtestcaseforKatalon.RunKatalon("TC04_Canine_Filter_Breed-BassHnd.xlsx"): Data loaded from input file for the test case. 

2021-07-26 15:16:35 - [MESSAGE][PASSED] - Test case file loaded This is the full filepath after converting to string :C:\Users\sohilz2\Commons_Automation\InputFiles\TC04_Canine_Filter_Breed-BassHnd.xlsx

2021-07-26 15:16:35 - [MESSAGE][INFO] - Global variable set for password file is :  C:\Users\sohilz2\Commons_Automation\InputFiles\TC04_Canine_Filter_Breed-BassHnd.xlsx

2021-07-26 15:16:39 - [MESSAGE][PASSED] - Data loaded from input file for the test case. 

2021-07-26 15:16:46 - [TEST_STEP][PASSED] - waitForElementPresent(findTestObject("Canine/NavBar/Canine_Cases_Btn"), 5): Object 'Object Repository/Canine/NavBar/Canine_Cases_Btn' is present

2021-07-26 15:16:47 - [MESSAGE][PASSED] - Object 'Object Repository/Canine/NavBar/Canine_Cases_Btn' is present

2021-07-26 15:16:47 - [TEST_STEP][PASSED] - ctdc.utilities.runtestcaseforKatalon.clickTab("Canine/NavBar/Canine_Cases_Btn"): ctdc.utilities.runtestcaseforKatalon.clickTab is PASSED

2021-07-26 15:16:47 - [MESSAGE][PASSED] - ctdc.utilities.runtestcaseforKatalon.clickTab is PASSED

2021-07-26 15:16:47 - [TEST_STEP][PASSED] - waitForElementPresent(findTestObject("Bento/Cases_page/Filter/FilterByCases_Facet"), 5): Object 'Object Repository/Bento/Cases_page/Filter/FilterByCases_Facet' is present

2021-07-26 15:16:49 - [MESSAGE][PASSED] - Object 'Object Repository/Bento/Cases_page/Filter/FilterByCases_Facet' is present

2021-07-26 15:16:49 - [TEST_STEP][PASSED] - ctdc.utilities.runtestcaseforKatalon.clickTab("Bento/Cases_page/Filter/FilterByCases_Facet"): ctdc.utilities.runtestcaseforKatalon.clickTab is PASSED

2021-07-26 15:16:50 - [MESSAGE][PASSED] - ctdc.utilities.runtestcaseforKatalon.clickTab is PASSED

2021-07-26 15:16:50 - [TEST_STEP][PASSED] - waitForElementPresent(findTestObject("Object Repository/Canine/Filter/Breed/BREED_Ddn"), 5): Object 'Object Repository/Canine/Filter/Breed/BREED_Ddn' is present

2021-07-26 15:16:51 - [MESSAGE][PASSED] - Object 'Object Repository/Canine/Filter/Breed/BREED_Ddn' is present

2021-07-26 15:16:51 - [TEST_STEP][PASSED] - ctdc.utilities.runtestcaseforKatalon.clickTabCanineStat("Object Repository/Canine/Filter/Breed/BREED_Ddn"): ctdc.utilities.runtestcaseforKatalon.clickTabCanineStat is PASSED

2021-07-26 15:16:52 - [MESSAGE][PASSED] - ctdc.utilities.runtestcaseforKatalon.clickTabCanineStat is PASSED

2021-07-26 15:16:52 - [TEST_STEP][PASSED] - ctdc.utilities.runtestcaseforKatalon.clickTabCanineStat("Object Repository/Canine/Filter/Breed/BassHnd_Chkbx"): ctdc.utilities.runtestcaseforKatalon.clickTabCanineStat is PASSED

2021-07-26 15:16:55 - [MESSAGE][PASSED] - ctdc.utilities.runtestcaseforKatalon.clickTabCanineStat is PASSED

2021-07-26 15:16:55 - [TEST_STEP][PASSED] - ctdc.utilities.runtestcaseforKatalon.readStatBarCanine("Object Repository/Canine/StatBar/Canine_StatBar-Studies", "Object Repository/Canine/StatBar/Canine_StatBar-Cases", "Object Repository/Canine/StatBar/Canine_StatBar-Samples", "Object Repository/Canine/StatBar/Canine_StatBar-Files", "Object Repository/Canine/StatBar/Canine_StatBar-Aliquots"): ctdc.utilities.runtestcaseforKatalon.readStatBarCanine is PASSED

2021-07-26 15:17:10 - [MESSAGE][PASSED] - ctdc.utilities.runtestcaseforKatalon.readStatBarCanine is PASSED

2021-07-26 15:17:10 - [TEST_STEP][PASSED] - waitForElementPresent(findTestObject("Object Repository/Canine/CanineResults_Cases_Tab"), 5): Object 'Object Repository/Canine/CanineResults_Cases_Tab' is present

2021-07-26 15:17:11 - [MESSAGE][PASSED] - Object 'Object Repository/Canine/CanineResults_Cases_Tab' is present

2021-07-26 15:17:11 - [TEST_STEP][PASSED] - ctdc.utilities.runtestcaseforKatalon.clickTab("Object Repository/Canine/CanineResults_Cases_Tab"): ctdc.utilities.runtestcaseforKatalon.clickTab is PASSED

2021-07-26 15:17:11 - [MESSAGE][PASSED] - ctdc.utilities.runtestcaseforKatalon.clickTab is PASSED

2021-07-26 15:17:11 - [TEST_STEP][PASSED] - ctdc.utilities.runtestcaseforKatalon.multiFunction("ICDC", G_StatBar_Cases, "Object Repository/Canine/Canine_CasesTable", "Object Repository/Canine/Canine_TableHeader", "Object Repository/Canine/Canine_CasesTabNextBtn", G_WebTabnameCases, G_CypherTabnameCases, G_QueryCasesTab): Statbar Arms count matches

2021-07-26 15:17:28 - [MESSAGE][PASSED] - Statbar Files count matches

2021-07-26 15:17:28 - [MESSAGE][PASSED] - Statbar Samples count matches

2021-07-26 15:17:28 - [MESSAGE][PASSED] - Statbar Cases count matches

2021-07-26 15:17:28 - [MESSAGE][PASSED] - Statbar Arms count matches

2021-07-26 15:17:28 - [TEST_STEP][PASSED] - waitForElementPresent(findTestObject("Object Repository/Canine/CanineResults_Samples_Tab"), 5): Object 'Object Repository/Canine/CanineResults_Samples_Tab' is present

2021-07-26 15:17:28 - [MESSAGE][PASSED] - Object 'Object Repository/Canine/CanineResults_Samples_Tab' is present

2021-07-26 15:17:28 - [TEST_STEP][PASSED] - ctdc.utilities.runtestcaseforKatalon.clickTab("Object Repository/Canine/CanineResults_Samples_Tab"): ctdc.utilities.runtestcaseforKatalon.clickTab is PASSED

2021-07-26 15:17:28 - [MESSAGE][PASSED] - ctdc.utilities.runtestcaseforKatalon.clickTab is PASSED

2021-07-26 15:17:28 - [TEST_STEP][PASSED] - ctdc.utilities.runtestcaseforKatalon.multiFunction("ICDC", G_StatBar_Samples, "Object Repository/Canine/Canine_Samples_Table", "Object Repository/Canine/Canine_Samples_TableHdr", "Object Repository/Canine/Canine_SamplesTabNextBtn", G_WebTabnameSamples, G_CypherTabnameSamples, G_QuerySamplesTab): Statbar Arms count matches

2021-07-26 15:17:45 - [MESSAGE][PASSED] - Statbar Files count matches

2021-07-26 15:17:45 - [MESSAGE][PASSED] - Statbar Samples count matches

2021-07-26 15:17:45 - [MESSAGE][PASSED] - Statbar Cases count matches

2021-07-26 15:17:45 - [MESSAGE][PASSED] - Statbar Arms count matches

2021-07-26 15:17:45 - [TEST_STEP][PASSED] - waitForElementPresent(findTestObject("Object Repository/Canine/CanineResults_Files_Tab"), 5): Object 'Object Repository/Canine/CanineResults_Files_Tab' is present

2021-07-26 15:17:45 - [MESSAGE][PASSED] - Object 'Object Repository/Canine/CanineResults_Files_Tab' is present

2021-07-26 15:17:45 - [TEST_STEP][PASSED] - ctdc.utilities.runtestcaseforKatalon.clickTab("Object Repository/Canine/CanineResults_Files_Tab"): ctdc.utilities.runtestcaseforKatalon.clickTab is PASSED

2021-07-26 15:17:46 - [MESSAGE][PASSED] - ctdc.utilities.runtestcaseforKatalon.clickTab is PASSED

2021-07-26 15:17:46 - [TEST_STEP][PASSED] - ctdc.utilities.runtestcaseforKatalon.multiFunction("ICDC", G_StatBar_Files, "Object Repository/Canine/Canine_Files_Table", "Object Repository/Canine/Canine_Files_TableHdr", "Object Repository/Canine/Canine_FilesTabNextBtn", G_WebTabnameFiles, G_CypherTabnameFiles, G_QueryFilesTab): Statbar Arms count matches

2021-07-26 15:18:03 - [MESSAGE][PASSED] - Statbar Files count matches

2021-07-26 15:18:03 - [MESSAGE][PASSED] - Statbar Samples count matches

2021-07-26 15:18:03 - [MESSAGE][PASSED] - Statbar Cases count matches

2021-07-26 15:18:03 - [MESSAGE][PASSED] - Statbar Arms count matches

2021-07-26 15:18:03 - [TEST_STEP][PASSED] - closeBrowser(): Browser is closed

2021-07-26 15:18:03 - [MESSAGE][PASSED] - Browser is closed]]></system-out>
         <system-err><![CDATA[]]></system-err>
      </testcase>
      <testcase name="Test Cases/Canine_TestCases/Breed/TC06_Canine_Filter_Breed-BelgMalin" time="85.123" classname="Test Cases/Canine_TestCases/Breed/TC06_Canine_Filter_Breed-BelgMalin" status="PASSED">
         <system-out><![CDATA[2021-07-26 15:18:03 - [TEST_CASE][PASSED] - Test Cases/Canine_TestCases/Breed/TC06_Canine_Filter_Breed-BelgMalin: Test Cases/Canine_TestCases/Breed/TC06_Canine_Filter_Breed-BelgMalin

2021-07-26 15:18:03 - [TEST_STEP][PASSED] - Start listener action : getTestScriptName: null

2021-07-26 15:18:03 - [TEST_STEP][PASSED] - TestCaseId = testCaseContext.getTestCaseId(): null

2021-07-26 15:18:03 - [TEST_STEP][PASSED] - out.println("**********this is the value of test case id string******** " + testCaseContext.getTestCaseId()): null

2021-07-26 15:18:03 - [TEST_STEP][PASSED] - G_currentTCName = TestCaseId.substring(TestCaseId.lastIndexOf("TC")): null

2021-07-26 15:18:03 - [TEST_STEP][PASSED] - out.println("This is the test case name : " + G_currentTCName): null

2021-07-26 15:18:04 - [TEST_STEP][PASSED] - closeBrowser(): Browser is closed

2021-07-26 15:18:04 - [MESSAGE][PASSED] - Browser is closed

2021-07-26 15:18:04 - [TEST_STEP][PASSED] - ctdc.utilities.runtestcaseforKatalon.RunKatalon("TC06_Canine_Filter_Breed-BelgMalin.xlsx"): Data loaded from input file for the test case. 

2021-07-26 15:18:04 - [MESSAGE][PASSED] - Test case file loaded This is the full filepath after converting to string :C:\Users\sohilz2\Commons_Automation\InputFiles\TC06_Canine_Filter_Breed-BelgMalin.xlsx

2021-07-26 15:18:04 - [MESSAGE][INFO] - Global variable set for password file is :  C:\Users\sohilz2\Commons_Automation\InputFiles\TC06_Canine_Filter_Breed-BelgMalin.xlsx

2021-07-26 15:18:08 - [MESSAGE][PASSED] - Data loaded from input file for the test case. 

2021-07-26 15:18:16 - [TEST_STEP][PASSED] - click(findTestObject("Canine/NavBar/Canine_Cases_Btn")): Object: 'Object Repository/Canine/NavBar/Canine_Cases_Btn' is clicked on

2021-07-26 15:18:16 - [MESSAGE][PASSED] - Object: 'Object Repository/Canine/NavBar/Canine_Cases_Btn' is clicked on

2021-07-26 15:18:16 - [TEST_STEP][PASSED] - click(findTestObject("Bento/Cases_page/Filter/FilterByCases_Facet")): Object: 'Object Repository/Bento/Cases_page/Filter/FilterByCases_Facet' is clicked on

2021-07-26 15:18:19 - [MESSAGE][PASSED] - Object: 'Object Repository/Bento/Cases_page/Filter/FilterByCases_Facet' is clicked on

2021-07-26 15:18:19 - [TEST_STEP][PASSED] - waitForElementPresent(findTestObject("Object Repository/Canine/Filter/Breed/BREED_Ddn"), 5): Object 'Object Repository/Canine/Filter/Breed/BREED_Ddn' is present

2021-07-26 15:18:19 - [MESSAGE][PASSED] - Object 'Object Repository/Canine/Filter/Breed/BREED_Ddn' is present

2021-07-26 15:18:19 - [TEST_STEP][PASSED] - ctdc.utilities.runtestcaseforKatalon.clickTabCanineStat("Object Repository/Canine/Filter/Breed/BREED_Ddn"): ctdc.utilities.runtestcaseforKatalon.clickTabCanineStat is PASSED

2021-07-26 15:18:21 - [MESSAGE][PASSED] - ctdc.utilities.runtestcaseforKatalon.clickTabCanineStat is PASSED

2021-07-26 15:18:21 - [TEST_STEP][PASSED] - ctdc.utilities.runtestcaseforKatalon.clickTabCanineStat("Object Repository/Canine/Filter/Breed/BelgMalin_Chkbx"): ctdc.utilities.runtestcaseforKatalon.clickTabCanineStat is PASSED

2021-07-26 15:18:23 - [MESSAGE][PASSED] - ctdc.utilities.runtestcaseforKatalon.clickTabCanineStat is PASSED

2021-07-26 15:18:23 - [TEST_STEP][PASSED] - ctdc.utilities.runtestcaseforKatalon.readStatBarCanine("Object Repository/Canine/StatBar/Canine_StatBar-Studies", "Object Repository/Canine/StatBar/Canine_StatBar-Cases", "Object Repository/Canine/StatBar/Canine_StatBar-Samples", "Object Repository/Canine/StatBar/Canine_StatBar-Files", "Object Repository/Canine/StatBar/Canine_StatBar-Aliquots"): ctdc.utilities.runtestcaseforKatalon.readStatBarCanine is PASSED

2021-07-26 15:18:38 - [MESSAGE][PASSED] - ctdc.utilities.runtestcaseforKatalon.readStatBarCanine is PASSED

2021-07-26 15:18:38 - [TEST_STEP][PASSED] - waitForElementPresent(findTestObject("Object Repository/Canine/CanineResults_Cases_Tab"), 5): Object 'Object Repository/Canine/CanineResults_Cases_Tab' is present

2021-07-26 15:18:38 - [MESSAGE][PASSED] - Object 'Object Repository/Canine/CanineResults_Cases_Tab' is present

2021-07-26 15:18:38 - [TEST_STEP][PASSED] - ctdc.utilities.runtestcaseforKatalon.clickTabCanineStat("Object Repository/Canine/CanineResults_Cases_Tab"): ctdc.utilities.runtestcaseforKatalon.clickTabCanineStat is PASSED

2021-07-26 15:18:40 - [MESSAGE][PASSED] - ctdc.utilities.runtestcaseforKatalon.clickTabCanineStat is PASSED

2021-07-26 15:18:40 - [TEST_STEP][PASSED] - ctdc.utilities.runtestcaseforKatalon.multiFunction("ICDC", G_StatBar_Cases, "Object Repository/Canine/Canine_CasesTable", "Object Repository/Canine/Canine_TableHeader", "Object Repository/Canine/Canine_CasesTabNextBtn", G_WebTabnameCases, G_CypherTabnameCases, G_QueryCasesTab): Statbar Arms count matches

2021-07-26 15:18:54 - [MESSAGE][PASSED] - Statbar Files count matches

2021-07-26 15:18:54 - [MESSAGE][PASSED] - Statbar Samples count matches

2021-07-26 15:18:54 - [MESSAGE][PASSED] - Statbar Cases count matches

2021-07-26 15:18:54 - [MESSAGE][PASSED] - Statbar Arms count matches

2021-07-26 15:18:54 - [TEST_STEP][PASSED] - waitForElementPresent(findTestObject("Object Repository/Canine/CanineResults_Samples_Tab"), 5): Object 'Object Repository/Canine/CanineResults_Samples_Tab' is present

2021-07-26 15:18:55 - [MESSAGE][PASSED] - Object 'Object Repository/Canine/CanineResults_Samples_Tab' is present

2021-07-26 15:18:55 - [TEST_STEP][PASSED] - ctdc.utilities.runtestcaseforKatalon.clickTabCanineStat("Object Repository/Canine/CanineResults_Samples_Tab"): ctdc.utilities.runtestcaseforKatalon.clickTabCanineStat is PASSED

2021-07-26 15:18:56 - [MESSAGE][PASSED] - ctdc.utilities.runtestcaseforKatalon.clickTabCanineStat is PASSED

2021-07-26 15:18:56 - [TEST_STEP][PASSED] - ctdc.utilities.runtestcaseforKatalon.multiFunction("ICDC", G_StatBar_Samples, "Object Repository/Canine/Canine_Samples_Table", "Object Repository/Canine/Canine_Samples_TableHdr", "Object Repository/Canine/Canine_SamplesTabNextBtn", G_WebTabnameSamples, G_CypherTabnameSamples, G_QuerySamplesTab): Statbar Arms count matches

2021-07-26 15:19:11 - [MESSAGE][PASSED] - Statbar Files count matches

2021-07-26 15:19:11 - [MESSAGE][PASSED] - Statbar Samples count matches

2021-07-26 15:19:11 - [MESSAGE][PASSED] - Statbar Cases count matches

2021-07-26 15:19:11 - [MESSAGE][PASSED] - Statbar Arms count matches

2021-07-26 15:19:11 - [TEST_STEP][PASSED] - waitForElementPresent(findTestObject("Object Repository/Canine/CanineResults_Files_Tab"), 5): Object 'Object Repository/Canine/CanineResults_Files_Tab' is present

2021-07-26 15:19:11 - [MESSAGE][PASSED] - Object 'Object Repository/Canine/CanineResults_Files_Tab' is present

2021-07-26 15:19:11 - [TEST_STEP][PASSED] - ctdc.utilities.runtestcaseforKatalon.clickTabCanineStat("Object Repository/Canine/CanineResults_Files_Tab"): ctdc.utilities.runtestcaseforKatalon.clickTabCanineStat is PASSED

2021-07-26 15:19:12 - [MESSAGE][PASSED] - ctdc.utilities.runtestcaseforKatalon.clickTabCanineStat is PASSED

2021-07-26 15:19:12 - [TEST_STEP][PASSED] - ctdc.utilities.runtestcaseforKatalon.multiFunction("ICDC", G_StatBar_Files, "Object Repository/Canine/Canine_Files_Table", "Object Repository/Canine/Canine_Files_TableHdr", "Object Repository/Canine/Canine_FilesTabNextBtn", G_WebTabnameFiles, G_CypherTabnameFiles, G_QueryFilesTab): Statbar Arms count matches

2021-07-26 15:19:28 - [MESSAGE][PASSED] - Statbar Files count matches

2021-07-26 15:19:28 - [MESSAGE][PASSED] - Statbar Samples count matches

2021-07-26 15:19:28 - [MESSAGE][PASSED] - Statbar Cases count matches

2021-07-26 15:19:28 - [MESSAGE][PASSED] - Statbar Arms count matches

2021-07-26 15:19:28 - [TEST_STEP][PASSED] - closeBrowser(): Browser is closed

2021-07-26 15:19:29 - [MESSAGE][PASSED] - Browser is closed]]></system-out>
         <system-err><![CDATA[]]></system-err>
      </testcase>
      <testcase name="Test Cases/Canine_TestCases/Breed/TC07_Canine_Filter_Breed-BrnMtnDog" time="84.894" classname="Test Cases/Canine_TestCases/Breed/TC07_Canine_Filter_Breed-BrnMtnDog" status="PASSED">
         <system-out><![CDATA[2021-07-26 15:19:29 - [TEST_CASE][PASSED] - Test Cases/Canine_TestCases/Breed/TC07_Canine_Filter_Breed-BrnMtnDog: Test Cases/Canine_TestCases/Breed/TC07_Canine_Filter_Breed-BrnMtnDog

2021-07-26 15:19:29 - [TEST_STEP][PASSED] - Start listener action : getTestScriptName: null

2021-07-26 15:19:29 - [TEST_STEP][PASSED] - TestCaseId = testCaseContext.getTestCaseId(): null

2021-07-26 15:19:29 - [TEST_STEP][PASSED] - out.println("**********this is the value of test case id string******** " + testCaseContext.getTestCaseId()): null

2021-07-26 15:19:29 - [TEST_STEP][PASSED] - G_currentTCName = TestCaseId.substring(TestCaseId.lastIndexOf("TC")): null

2021-07-26 15:19:29 - [TEST_STEP][PASSED] - out.println("This is the test case name : " + G_currentTCName): null

2021-07-26 15:19:29 - [TEST_STEP][PASSED] - closeBrowser(): Browser is closed

2021-07-26 15:19:29 - [MESSAGE][PASSED] - Browser is closed

2021-07-26 15:19:29 - [TEST_STEP][PASSED] - ctdc.utilities.runtestcaseforKatalon.RunKatalon("TC07_Canine_Filter_Breed-BrnMtnDog.xlsx"): Data loaded from input file for the test case. 

2021-07-26 15:19:29 - [MESSAGE][PASSED] - Test case file loaded This is the full filepath after converting to string :C:\Users\sohilz2\Commons_Automation\InputFiles\TC07_Canine_Filter_Breed-BrnMtnDog.xlsx

2021-07-26 15:19:29 - [MESSAGE][INFO] - Global variable set for password file is :  C:\Users\sohilz2\Commons_Automation\InputFiles\TC07_Canine_Filter_Breed-BrnMtnDog.xlsx

2021-07-26 15:19:33 - [MESSAGE][PASSED] - Data loaded from input file for the test case. 

2021-07-26 15:19:40 - [TEST_STEP][PASSED] - click(findTestObject("Canine/NavBar/Canine_Cases_Btn")): Object: 'Object Repository/Canine/NavBar/Canine_Cases_Btn' is clicked on

2021-07-26 15:19:40 - [MESSAGE][PASSED] - Object: 'Object Repository/Canine/NavBar/Canine_Cases_Btn' is clicked on

2021-07-26 15:19:40 - [TEST_STEP][PASSED] - click(findTestObject("Bento/Cases_page/Filter/FilterByCases_Facet")): Object: 'Object Repository/Bento/Cases_page/Filter/FilterByCases_Facet' is clicked on

2021-07-26 15:19:42 - [MESSAGE][PASSED] - Object: 'Object Repository/Bento/Cases_page/Filter/FilterByCases_Facet' is clicked on

2021-07-26 15:19:42 - [TEST_STEP][PASSED] - waitForElementPresent(findTestObject("Object Repository/Canine/Filter/Breed/BREED_Ddn"), 5): Object 'Object Repository/Canine/Filter/Breed/BREED_Ddn' is present

2021-07-26 15:19:42 - [MESSAGE][PASSED] - Object 'Object Repository/Canine/Filter/Breed/BREED_Ddn' is present

2021-07-26 15:19:42 - [TEST_STEP][PASSED] - ctdc.utilities.runtestcaseforKatalon.clickTabCanineStat("Object Repository/Canine/Filter/Breed/BREED_Ddn"): ctdc.utilities.runtestcaseforKatalon.clickTabCanineStat is PASSED

2021-07-26 15:19:44 - [MESSAGE][PASSED] - ctdc.utilities.runtestcaseforKatalon.clickTabCanineStat is PASSED

2021-07-26 15:19:44 - [TEST_STEP][PASSED] - ctdc.utilities.runtestcaseforKatalon.clickTabCanineStat("Object Repository/Canine/Filter/Breed/BernMtnDog_Chkbx"): ctdc.utilities.runtestcaseforKatalon.clickTabCanineStat is PASSED

2021-07-26 15:19:46 - [MESSAGE][PASSED] - ctdc.utilities.runtestcaseforKatalon.clickTabCanineStat is PASSED

2021-07-26 15:19:46 - [TEST_STEP][PASSED] - ctdc.utilities.runtestcaseforKatalon.readStatBarCanine("Object Repository/Canine/StatBar/Canine_StatBar-Studies", "Object Repository/Canine/StatBar/Canine_StatBar-Cases", "Object Repository/Canine/StatBar/Canine_StatBar-Samples", "Object Repository/Canine/StatBar/Canine_StatBar-Files", "Object Repository/Canine/StatBar/Canine_StatBar-Aliquots"): ctdc.utilities.runtestcaseforKatalon.readStatBarCanine is PASSED

2021-07-26 15:20:01 - [MESSAGE][PASSED] - ctdc.utilities.runtestcaseforKatalon.readStatBarCanine is PASSED

2021-07-26 15:20:01 - [TEST_STEP][PASSED] - waitForElementPresent(findTestObject("Object Repository/Canine/CanineResults_Cases_Tab"), 5): Object 'Object Repository/Canine/CanineResults_Cases_Tab' is present

2021-07-26 15:20:01 - [MESSAGE][PASSED] - Object 'Object Repository/Canine/CanineResults_Cases_Tab' is present

2021-07-26 15:20:01 - [TEST_STEP][PASSED] - ctdc.utilities.runtestcaseforKatalon.clickTabCanineStat("Object Repository/Canine/CanineResults_Cases_Tab"): ctdc.utilities.runtestcaseforKatalon.clickTabCanineStat is PASSED

2021-07-26 15:20:02 - [MESSAGE][PASSED] - ctdc.utilities.runtestcaseforKatalon.clickTabCanineStat is PASSED

2021-07-26 15:20:02 - [TEST_STEP][PASSED] - ctdc.utilities.runtestcaseforKatalon.multiFunction("ICDC", G_StatBar_Cases, "Object Repository/Canine/Canine_CasesTable", "Object Repository/Canine/Canine_TableHeader", "Object Repository/Canine/Canine_CasesTabNextBtn", G_WebTabnameCases, G_CypherTabnameCases, G_QueryCasesTab): Statbar Arms count matches

2021-07-26 15:20:19 - [MESSAGE][PASSED] - Statbar Files count matches

2021-07-26 15:20:19 - [MESSAGE][PASSED] - Statbar Samples count matches

2021-07-26 15:20:19 - [MESSAGE][PASSED] - Statbar Cases count matches

2021-07-26 15:20:19 - [MESSAGE][PASSED] - Statbar Arms count matches

2021-07-26 15:20:19 - [TEST_STEP][PASSED] - waitForElementPresent(findTestObject("Object Repository/Canine/CanineResults_Samples_Tab"), 5): Object 'Object Repository/Canine/CanineResults_Samples_Tab' is present

2021-07-26 15:20:19 - [MESSAGE][PASSED] - Object 'Object Repository/Canine/CanineResults_Samples_Tab' is present

2021-07-26 15:20:19 - [TEST_STEP][PASSED] - ctdc.utilities.runtestcaseforKatalon.clickTabCanineStat("Object Repository/Canine/CanineResults_Samples_Tab"): ctdc.utilities.runtestcaseforKatalon.clickTabCanineStat is PASSED

2021-07-26 15:20:21 - [MESSAGE][PASSED] - ctdc.utilities.runtestcaseforKatalon.clickTabCanineStat is PASSED

2021-07-26 15:20:21 - [TEST_STEP][PASSED] - ctdc.utilities.runtestcaseforKatalon.multiFunction("ICDC", G_StatBar_Samples, "Object Repository/Canine/Canine_Samples_Table", "Object Repository/Canine/Canine_Samples_TableHdr", "Object Repository/Canine/Canine_SamplesTabNextBtn", G_WebTabnameSamples, G_CypherTabnameSamples, G_QuerySamplesTab): Statbar Arms count matches

2021-07-26 15:20:36 - [MESSAGE][PASSED] - Statbar Files count matches

2021-07-26 15:20:36 - [MESSAGE][PASSED] - Statbar Samples count matches

2021-07-26 15:20:36 - [MESSAGE][PASSED] - Statbar Cases count matches

2021-07-26 15:20:36 - [MESSAGE][PASSED] - Statbar Arms count matches

2021-07-26 15:20:36 - [TEST_STEP][PASSED] - waitForElementPresent(findTestObject("Object Repository/Canine/CanineResults_Files_Tab"), 5): Object 'Object Repository/Canine/CanineResults_Files_Tab' is present

2021-07-26 15:20:36 - [MESSAGE][PASSED] - Object 'Object Repository/Canine/CanineResults_Files_Tab' is present

2021-07-26 15:20:36 - [TEST_STEP][PASSED] - ctdc.utilities.runtestcaseforKatalon.clickTabCanineStat("Object Repository/Canine/CanineResults_Files_Tab"): ctdc.utilities.runtestcaseforKatalon.clickTabCanineStat is PASSED

2021-07-26 15:20:38 - [MESSAGE][PASSED] - ctdc.utilities.runtestcaseforKatalon.clickTabCanineStat is PASSED

2021-07-26 15:20:38 - [TEST_STEP][PASSED] - ctdc.utilities.runtestcaseforKatalon.multiFunction("ICDC", G_StatBar_Files, "Object Repository/Canine/Canine_Files_Table", "Object Repository/Canine/Canine_Files_TableHdr", "Object Repository/Canine/Canine_FilesTabNextBtn", G_WebTabnameFiles, G_CypherTabnameFiles, G_QueryFilesTab): Statbar Arms count matches

2021-07-26 15:20:53 - [MESSAGE][PASSED] - Statbar Files count matches

2021-07-26 15:20:53 - [MESSAGE][PASSED] - Statbar Samples count matches

2021-07-26 15:20:53 - [MESSAGE][PASSED] - Statbar Cases count matches

2021-07-26 15:20:53 - [MESSAGE][PASSED] - Statbar Arms count matches

2021-07-26 15:20:53 - [TEST_STEP][PASSED] - closeBrowser(): Browser is closed

2021-07-26 15:20:53 - [MESSAGE][PASSED] - Browser is closed]]></system-out>
         <system-err><![CDATA[]]></system-err>
      </testcase>
      <testcase name="Test Cases/Canine_TestCases/Breed/TC08_Canine_Filter_Breed-BlkTanCoon" time="84.262" classname="Test Cases/Canine_TestCases/Breed/TC08_Canine_Filter_Breed-BlkTanCoon" status="PASSED">
         <system-out><![CDATA[2021-07-26 15:20:53 - [TEST_CASE][PASSED] - Test Cases/Canine_TestCases/Breed/TC08_Canine_Filter_Breed-BlkTanCoon: Test Cases/Canine_TestCases/Breed/TC08_Canine_Filter_Breed-BlkTanCoon

2021-07-26 15:20:53 - [TEST_STEP][PASSED] - Start listener action : getTestScriptName: null

2021-07-26 15:20:53 - [TEST_STEP][PASSED] - TestCaseId = testCaseContext.getTestCaseId(): null

2021-07-26 15:20:53 - [TEST_STEP][PASSED] - out.println("**********this is the value of test case id string******** " + testCaseContext.getTestCaseId()): null

2021-07-26 15:20:53 - [TEST_STEP][PASSED] - G_currentTCName = TestCaseId.substring(TestCaseId.lastIndexOf("TC")): null

2021-07-26 15:20:53 - [TEST_STEP][PASSED] - out.println("This is the test case name : " + G_currentTCName): null

2021-07-26 15:20:54 - [TEST_STEP][PASSED] - closeBrowser(): Browser is closed

2021-07-26 15:20:54 - [MESSAGE][PASSED] - Browser is closed

2021-07-26 15:20:54 - [TEST_STEP][PASSED] - ctdc.utilities.runtestcaseforKatalon.RunKatalon("TC08_Canine_Filter_Breed-BlkTanCoon.xlsx"): Data loaded from input file for the test case. 

2021-07-26 15:20:54 - [MESSAGE][PASSED] - Test case file loaded This is the full filepath after converting to string :C:\Users\sohilz2\Commons_Automation\InputFiles\TC08_Canine_Filter_Breed-BlkTanCoon.xlsx

2021-07-26 15:20:54 - [MESSAGE][INFO] - Global variable set for password file is :  C:\Users\sohilz2\Commons_Automation\InputFiles\TC08_Canine_Filter_Breed-BlkTanCoon.xlsx

2021-07-26 15:20:58 - [MESSAGE][PASSED] - Data loaded from input file for the test case. 

2021-07-26 15:21:04 - [TEST_STEP][PASSED] - click(findTestObject("Canine/NavBar/Canine_Cases_Btn")): Object: 'Object Repository/Canine/NavBar/Canine_Cases_Btn' is clicked on

2021-07-26 15:21:05 - [MESSAGE][PASSED] - Object: 'Object Repository/Canine/NavBar/Canine_Cases_Btn' is clicked on

2021-07-26 15:21:05 - [TEST_STEP][PASSED] - click(findTestObject("Bento/Cases_page/Filter/FilterByCases_Facet")): Object: 'Object Repository/Bento/Cases_page/Filter/FilterByCases_Facet' is clicked on

2021-07-26 15:21:06 - [MESSAGE][PASSED] - Object: 'Object Repository/Bento/Cases_page/Filter/FilterByCases_Facet' is clicked on

2021-07-26 15:21:06 - [TEST_STEP][PASSED] - waitForElementPresent(findTestObject("Object Repository/Canine/Filter/Breed/BREED_Ddn"), 5): Object 'Object Repository/Canine/Filter/Breed/BREED_Ddn' is present

2021-07-26 15:21:07 - [MESSAGE][PASSED] - Object 'Object Repository/Canine/Filter/Breed/BREED_Ddn' is present

2021-07-26 15:21:07 - [TEST_STEP][PASSED] - ctdc.utilities.runtestcaseforKatalon.clickTabCanineStat("Object Repository/Canine/Filter/Breed/BREED_Ddn"): ctdc.utilities.runtestcaseforKatalon.clickTabCanineStat is PASSED

2021-07-26 15:21:08 - [MESSAGE][PASSED] - ctdc.utilities.runtestcaseforKatalon.clickTabCanineStat is PASSED

2021-07-26 15:21:08 - [TEST_STEP][PASSED] - ctdc.utilities.runtestcaseforKatalon.clickTabCanineStat("Object Repository/Canine/Filter/Breed/BlkTanCoon_Chkbx"): ctdc.utilities.runtestcaseforKatalon.clickTabCanineStat is PASSED

2021-07-26 15:21:10 - [MESSAGE][PASSED] - ctdc.utilities.runtestcaseforKatalon.clickTabCanineStat is PASSED

2021-07-26 15:21:10 - [TEST_STEP][PASSED] - ctdc.utilities.runtestcaseforKatalon.readStatBarCanine("Object Repository/Canine/StatBar/Canine_StatBar-Studies", "Object Repository/Canine/StatBar/Canine_StatBar-Cases", "Object Repository/Canine/StatBar/Canine_StatBar-Samples", "Object Repository/Canine/StatBar/Canine_StatBar-Files", "Object Repository/Canine/StatBar/Canine_StatBar-Aliquots"): ctdc.utilities.runtestcaseforKatalon.readStatBarCanine is PASSED

2021-07-26 15:21:26 - [MESSAGE][PASSED] - ctdc.utilities.runtestcaseforKatalon.readStatBarCanine is PASSED

2021-07-26 15:21:26 - [TEST_STEP][PASSED] - waitForElementPresent(findTestObject("Object Repository/Canine/CanineResults_Cases_Tab"), 5): Object 'Object Repository/Canine/CanineResults_Cases_Tab' is present

2021-07-26 15:21:26 - [MESSAGE][PASSED] - Object 'Object Repository/Canine/CanineResults_Cases_Tab' is present

2021-07-26 15:21:26 - [TEST_STEP][PASSED] - ctdc.utilities.runtestcaseforKatalon.clickTabCanineStat("Object Repository/Canine/CanineResults_Cases_Tab"): ctdc.utilities.runtestcaseforKatalon.clickTabCanineStat is PASSED

2021-07-26 15:21:27 - [MESSAGE][PASSED] - ctdc.utilities.runtestcaseforKatalon.clickTabCanineStat is PASSED

2021-07-26 15:21:27 - [TEST_STEP][PASSED] - ctdc.utilities.runtestcaseforKatalon.multiFunction("ICDC", G_StatBar_Cases, "Object Repository/Canine/Canine_CasesTable", "Object Repository/Canine/Canine_TableHeader", "Object Repository/Canine/Canine_CasesTabNextBtn", G_WebTabnameCases, G_CypherTabnameCases, G_QueryCasesTab): Statbar Arms count matches

2021-07-26 15:21:42 - [MESSAGE][PASSED] - Statbar Files count matches

2021-07-26 15:21:42 - [MESSAGE][PASSED] - Statbar Samples count matches

2021-07-26 15:21:42 - [MESSAGE][PASSED] - Statbar Cases count matches

2021-07-26 15:21:42 - [MESSAGE][PASSED] - Statbar Arms count matches

2021-07-26 15:21:42 - [TEST_STEP][PASSED] - waitForElementPresent(findTestObject("Object Repository/Canine/CanineResults_Samples_Tab"), 5): Object 'Object Repository/Canine/CanineResults_Samples_Tab' is present

2021-07-26 15:21:42 - [MESSAGE][PASSED] - Object 'Object Repository/Canine/CanineResults_Samples_Tab' is present

2021-07-26 15:21:42 - [TEST_STEP][PASSED] - ctdc.utilities.runtestcaseforKatalon.clickTabCanineStat("Object Repository/Canine/CanineResults_Samples_Tab"): ctdc.utilities.runtestcaseforKatalon.clickTabCanineStat is PASSED

2021-07-26 15:21:44 - [MESSAGE][PASSED] - ctdc.utilities.runtestcaseforKatalon.clickTabCanineStat is PASSED

2021-07-26 15:21:44 - [TEST_STEP][PASSED] - ctdc.utilities.runtestcaseforKatalon.multiFunction("ICDC", G_StatBar_Samples, "Object Repository/Canine/Canine_Samples_Table", "Object Repository/Canine/Canine_Samples_TableHdr", "Object Repository/Canine/Canine_SamplesTabNextBtn", G_WebTabnameSamples, G_CypherTabnameSamples, G_QuerySamplesTab): Statbar Arms count matches

2021-07-26 15:22:00 - [MESSAGE][PASSED] - Statbar Files count matches

2021-07-26 15:22:00 - [MESSAGE][PASSED] - Statbar Samples count matches

2021-07-26 15:22:00 - [MESSAGE][PASSED] - Statbar Cases count matches

2021-07-26 15:22:00 - [MESSAGE][PASSED] - Statbar Arms count matches

2021-07-26 15:22:00 - [TEST_STEP][PASSED] - waitForElementPresent(findTestObject("Object Repository/Canine/CanineResults_Files_Tab"), 5): Object 'Object Repository/Canine/CanineResults_Files_Tab' is present

2021-07-26 15:22:00 - [MESSAGE][PASSED] - Object 'Object Repository/Canine/CanineResults_Files_Tab' is present

2021-07-26 15:22:00 - [TEST_STEP][PASSED] - ctdc.utilities.runtestcaseforKatalon.clickTabCanineStat("Object Repository/Canine/CanineResults_Files_Tab"): ctdc.utilities.runtestcaseforKatalon.clickTabCanineStat is PASSED

2021-07-26 15:22:01 - [MESSAGE][PASSED] - ctdc.utilities.runtestcaseforKatalon.clickTabCanineStat is PASSED

2021-07-26 15:22:01 - [TEST_STEP][PASSED] - ctdc.utilities.runtestcaseforKatalon.multiFunction("ICDC", G_StatBar_Files, "Object Repository/Canine/Canine_Files_Table", "Object Repository/Canine/Canine_Files_TableHdr", "Object Repository/Canine/Canine_FilesTabNextBtn", G_WebTabnameFiles, G_CypherTabnameFiles, G_QueryFilesTab): Statbar Arms count matches

2021-07-26 15:22:17 - [MESSAGE][PASSED] - Statbar Files count matches

2021-07-26 15:22:17 - [MESSAGE][PASSED] - Statbar Samples count matches

2021-07-26 15:22:17 - [MESSAGE][PASSED] - Statbar Cases count matches

2021-07-26 15:22:17 - [MESSAGE][PASSED] - Statbar Arms count matches

2021-07-26 15:22:17 - [TEST_STEP][PASSED] - closeBrowser(): Browser is closed

2021-07-26 15:22:18 - [MESSAGE][PASSED] - Browser is closed]]></system-out>
         <system-err><![CDATA[]]></system-err>
      </testcase>
      <testcase name="Test Cases/Canine_TestCases/Breed/TC10_Canine_Filter_Breed-BostonTerr" time="353.504" classname="Test Cases/Canine_TestCases/Breed/TC10_Canine_Filter_Breed-BostonTerr" status="PASSED">
         <system-out><![CDATA[2021-07-26 15:22:18 - [TEST_CASE][PASSED] - Test Cases/Canine_TestCases/Breed/TC10_Canine_Filter_Breed-BostonTerr: Test Cases/Canine_TestCases/Breed/TC10_Canine_Filter_Breed-BostonTerr

2021-07-26 15:22:18 - [TEST_STEP][PASSED] - Start listener action : getTestScriptName: null

2021-07-26 15:22:18 - [TEST_STEP][PASSED] - TestCaseId = testCaseContext.getTestCaseId(): null

2021-07-26 15:22:18 - [TEST_STEP][PASSED] - out.println("**********this is the value of test case id string******** " + testCaseContext.getTestCaseId()): null

2021-07-26 15:22:18 - [TEST_STEP][PASSED] - G_currentTCName = TestCaseId.substring(TestCaseId.lastIndexOf("TC")): null

2021-07-26 15:22:18 - [TEST_STEP][PASSED] - out.println("This is the test case name : " + G_currentTCName): null

2021-07-26 15:22:18 - [TEST_STEP][PASSED] - closeBrowser(): Browser is closed

2021-07-26 15:22:18 - [MESSAGE][PASSED] - Browser is closed

2021-07-26 15:22:18 - [TEST_STEP][PASSED] - ctdc.utilities.runtestcaseforKatalon.RunKatalon("TC10_Canine_Filter_Breed-BostonTerr.xlsx"): Data loaded from input file for the test case. 

2021-07-26 15:22:18 - [MESSAGE][PASSED] - Test case file loaded This is the full filepath after converting to string :C:\Users\sohilz2\Commons_Automation\InputFiles\TC10_Canine_Filter_Breed-BostonTerr.xlsx

2021-07-26 15:22:18 - [MESSAGE][INFO] - Global variable set for password file is :  C:\Users\sohilz2\Commons_Automation\InputFiles\TC10_Canine_Filter_Breed-BostonTerr.xlsx

2021-07-26 15:22:22 - [MESSAGE][PASSED] - Data loaded from input file for the test case. 

2021-07-26 15:22:29 - [TEST_STEP][PASSED] - click(findTestObject("Canine/NavBar/Canine_Cases_Btn")): Object: 'Object Repository/Canine/NavBar/Canine_Cases_Btn' is clicked on

2021-07-26 15:22:29 - [MESSAGE][PASSED] - Object: 'Object Repository/Canine/NavBar/Canine_Cases_Btn' is clicked on

2021-07-26 15:22:29 - [TEST_STEP][PASSED] - click(findTestObject("Bento/Cases_page/Filter/FilterByCases_Facet")): Object: 'Object Repository/Bento/Cases_page/Filter/FilterByCases_Facet' is clicked on

2021-07-26 15:22:31 - [MESSAGE][PASSED] - Object: 'Object Repository/Bento/Cases_page/Filter/FilterByCases_Facet' is clicked on

2021-07-26 15:22:31 - [TEST_STEP][PASSED] - waitForElementPresent(findTestObject("Object Repository/Canine/Filter/Breed/BREED_Ddn"), 5): Object 'Object Repository/Canine/Filter/Breed/BREED_Ddn' is present

2021-07-26 15:22:31 - [MESSAGE][PASSED] - Object 'Object Repository/Canine/Filter/Breed/BREED_Ddn' is present

2021-07-26 15:22:31 - [TEST_STEP][PASSED] - ctdc.utilities.runtestcaseforKatalon.clickTabCanineStat("Object Repository/Canine/Filter/Breed/BREED_Ddn"): ctdc.utilities.runtestcaseforKatalon.clickTabCanineStat is PASSED

2021-07-26 15:22:33 - [MESSAGE][PASSED] - ctdc.utilities.runtestcaseforKatalon.clickTabCanineStat is PASSED

2021-07-26 15:22:33 - [TEST_STEP][PASSED] - ctdc.utilities.runtestcaseforKatalon.clickTabCanineStat("Canine/Filter/Breed/Boston_Chkbx"): ctdc.utilities.runtestcaseforKatalon.clickTabCanineStat is PASSED

2021-07-26 15:22:34 - [MESSAGE][PASSED] - ctdc.utilities.runtestcaseforKatalon.clickTabCanineStat is PASSED

2021-07-26 15:22:34 - [TEST_STEP][PASSED] - ctdc.utilities.runtestcaseforKatalon.readStatBarCanine("Object Repository/Canine/StatBar/Canine_StatBar-Studies", "Object Repository/Canine/StatBar/Canine_StatBar-Cases", "Object Repository/Canine/StatBar/Canine_StatBar-Samples", "Object Repository/Canine/StatBar/Canine_StatBar-Files", "Object Repository/Canine/StatBar/Canine_StatBar-Aliquots"): ctdc.utilities.runtestcaseforKatalon.readStatBarCanine is PASSED

2021-07-26 15:22:49 - [MESSAGE][PASSED] - ctdc.utilities.runtestcaseforKatalon.readStatBarCanine is PASSED

2021-07-26 15:22:49 - [TEST_STEP][PASSED] - waitForElementPresent(findTestObject("Object Repository/Canine/CanineResults_Cases_Tab"), 5): Object 'Object Repository/Canine/CanineResults_Cases_Tab' is present

2021-07-26 15:22:49 - [MESSAGE][PASSED] - Object 'Object Repository/Canine/CanineResults_Cases_Tab' is present

2021-07-26 15:22:49 - [TEST_STEP][PASSED] - ctdc.utilities.runtestcaseforKatalon.clickTab("Object Repository/Canine/CanineResults_Cases_Tab"): ctdc.utilities.runtestcaseforKatalon.clickTab is PASSED

2021-07-26 15:22:49 - [MESSAGE][PASSED] - ctdc.utilities.runtestcaseforKatalon.clickTab is PASSED

2021-07-26 15:22:49 - [TEST_STEP][PASSED] - ctdc.utilities.runtestcaseforKatalon.multiFunction("ICDC", G_StatBar_Cases, "Object Repository/Canine/Canine_CasesTable", "Object Repository/Canine/Canine_TableHeader", "Object Repository/Canine/Canine_CasesTabNextBtn", G_WebTabnameCases, G_CypherTabnameCases, G_QueryCasesTab): Statbar Arms count matches

2021-07-26 15:23:19 - [MESSAGE][PASSED] - Statbar Files count matches

2021-07-26 15:23:19 - [MESSAGE][PASSED] - Statbar Samples count matches

2021-07-26 15:23:19 - [MESSAGE][PASSED] - Statbar Cases count matches

2021-07-26 15:23:19 - [MESSAGE][PASSED] - Statbar Arms count matches

2021-07-26 15:23:19 - [TEST_STEP][PASSED] - waitForElementPresent(findTestObject("Object Repository/Canine/CanineResults_Samples_Tab"), 5): Object 'Object Repository/Canine/CanineResults_Samples_Tab' is present

2021-07-26 15:23:19 - [MESSAGE][PASSED] - Object 'Object Repository/Canine/CanineResults_Samples_Tab' is present

2021-07-26 15:23:19 - [TEST_STEP][PASSED] - ctdc.utilities.runtestcaseforKatalon.clickTabCanineStat("Object Repository/Canine/CanineResults_Samples_Tab"): ctdc.utilities.runtestcaseforKatalon.clickTabCanineStat is PASSED

2021-07-26 15:23:21 - [MESSAGE][PASSED] - ctdc.utilities.runtestcaseforKatalon.clickTabCanineStat is PASSED

2021-07-26 15:23:21 - [TEST_STEP][PASSED] - ctdc.utilities.runtestcaseforKatalon.multiFunction("ICDC", G_StatBar_Samples, "Object Repository/Canine/Canine_Samples_Table", "Object Repository/Canine/Canine_Samples_TableHdr", "Object Repository/Canine/Canine_SamplesTabNextBtn", G_WebTabnameSamples, G_CypherTabnameSamples, G_QuerySamplesTab): Statbar Arms count matches

2021-07-26 15:25:10 - [MESSAGE][PASSED] - Statbar Files count matches

2021-07-26 15:25:10 - [MESSAGE][PASSED] - Statbar Samples count matches

2021-07-26 15:25:10 - [MESSAGE][PASSED] - Statbar Cases count matches

2021-07-26 15:25:10 - [MESSAGE][PASSED] - Statbar Arms count matches

2021-07-26 15:25:10 - [TEST_STEP][PASSED] - waitForElementPresent(findTestObject("Object Repository/Canine/CanineResults_Files_Tab"), 5): Object 'Object Repository/Canine/CanineResults_Files_Tab' is present

2021-07-26 15:25:10 - [MESSAGE][PASSED] - Object 'Object Repository/Canine/CanineResults_Files_Tab' is present

2021-07-26 15:25:10 - [TEST_STEP][PASSED] - ctdc.utilities.runtestcaseforKatalon.clickTabCanineStat("Object Repository/Canine/CanineResults_Files_Tab"): ctdc.utilities.runtestcaseforKatalon.clickTabCanineStat is PASSED

2021-07-26 15:25:12 - [MESSAGE][PASSED] - ctdc.utilities.runtestcaseforKatalon.clickTabCanineStat is PASSED

2021-07-26 15:25:12 - [TEST_STEP][PASSED] - ctdc.utilities.runtestcaseforKatalon.multiFunction("ICDC", G_StatBar_Files, "Object Repository/Canine/Canine_Files_Table", "Object Repository/Canine/Canine_Files_TableHdr", "Object Repository/Canine/Canine_FilesTabNextBtn", G_WebTabnameFiles, G_CypherTabnameFiles, G_QueryFilesTab): Statbar Arms count matches

2021-07-26 15:28:11 - [MESSAGE][PASSED] - Statbar Files count matches

2021-07-26 15:28:11 - [MESSAGE][PASSED] - Statbar Samples count matches

2021-07-26 15:28:11 - [MESSAGE][PASSED] - Statbar Cases count matches

2021-07-26 15:28:11 - [MESSAGE][PASSED] - Statbar Arms count matches

2021-07-26 15:28:11 - [TEST_STEP][PASSED] - closeBrowser(): Browser is closed

2021-07-26 15:28:11 - [MESSAGE][PASSED] - Browser is closed]]></system-out>
         <system-err><![CDATA[]]></system-err>
      </testcase>
      <testcase name="Test Cases/Canine_TestCases/Breed/TC11_Canine_Filter_Breed-Bouvier" time="83.791" classname="Test Cases/Canine_TestCases/Breed/TC11_Canine_Filter_Breed-Bouvier" status="PASSED">
         <system-out><![CDATA[2021-07-26 15:28:11 - [TEST_CASE][PASSED] - Test Cases/Canine_TestCases/Breed/TC11_Canine_Filter_Breed-Bouvier: Test Cases/Canine_TestCases/Breed/TC11_Canine_Filter_Breed-Bouvier

2021-07-26 15:28:11 - [TEST_STEP][PASSED] - Start listener action : getTestScriptName: null

2021-07-26 15:28:11 - [TEST_STEP][PASSED] - TestCaseId = testCaseContext.getTestCaseId(): null

2021-07-26 15:28:11 - [TEST_STEP][PASSED] - out.println("**********this is the value of test case id string******** " + testCaseContext.getTestCaseId()): null

2021-07-26 15:28:11 - [TEST_STEP][PASSED] - G_currentTCName = TestCaseId.substring(TestCaseId.lastIndexOf("TC")): null

2021-07-26 15:28:11 - [TEST_STEP][PASSED] - out.println("This is the test case name : " + G_currentTCName): null

2021-07-26 15:28:12 - [TEST_STEP][PASSED] - closeBrowser(): Browser is closed

2021-07-26 15:28:12 - [MESSAGE][PASSED] - Browser is closed

2021-07-26 15:28:12 - [TEST_STEP][PASSED] - ctdc.utilities.runtestcaseforKatalon.RunKatalon("TC11_Canine_Filter_Breed-Bouvier.xlsx"): Data loaded from input file for the test case. 

2021-07-26 15:28:12 - [MESSAGE][PASSED] - Test case file loaded This is the full filepath after converting to string :C:\Users\sohilz2\Commons_Automation\InputFiles\TC11_Canine_Filter_Breed-Bouvier.xlsx

2021-07-26 15:28:12 - [MESSAGE][INFO] - Global variable set for password file is :  C:\Users\sohilz2\Commons_Automation\InputFiles\TC11_Canine_Filter_Breed-Bouvier.xlsx

2021-07-26 15:28:16 - [MESSAGE][PASSED] - Data loaded from input file for the test case. 

2021-07-26 15:28:23 - [TEST_STEP][PASSED] - waitForElementPresent(findTestObject("Canine/NavBar/Canine_Cases_Btn"), 5): Object 'Object Repository/Canine/NavBar/Canine_Cases_Btn' is present

2021-07-26 15:28:23 - [MESSAGE][PASSED] - Object 'Object Repository/Canine/NavBar/Canine_Cases_Btn' is present

2021-07-26 15:28:23 - [TEST_STEP][PASSED] - ctdc.utilities.runtestcaseforKatalon.clickTabCanineStat("Canine/NavBar/Canine_Cases_Btn"): ctdc.utilities.runtestcaseforKatalon.clickTabCanineStat is PASSED

2021-07-26 15:28:25 - [MESSAGE][PASSED] - ctdc.utilities.runtestcaseforKatalon.clickTabCanineStat is PASSED

2021-07-26 15:28:25 - [TEST_STEP][PASSED] - waitForElementPresent(findTestObject("Bento/Cases_page/Filter/FilterByCases_Facet"), 5): Object 'Object Repository/Bento/Cases_page/Filter/FilterByCases_Facet' is present

2021-07-26 15:28:25 - [MESSAGE][PASSED] - Object 'Object Repository/Bento/Cases_page/Filter/FilterByCases_Facet' is present

2021-07-26 15:28:25 - [TEST_STEP][PASSED] - ctdc.utilities.runtestcaseforKatalon.clickTabCanineStat("Bento/Cases_page/Filter/FilterByCases_Facet"): ctdc.utilities.runtestcaseforKatalon.clickTabCanineStat is PASSED

2021-07-26 15:28:27 - [MESSAGE][PASSED] - ctdc.utilities.runtestcaseforKatalon.clickTabCanineStat is PASSED

2021-07-26 15:28:27 - [TEST_STEP][PASSED] - waitForElementPresent(findTestObject("Object Repository/Canine/Filter/Breed/BREED_Ddn"), 5): Object 'Object Repository/Canine/Filter/Breed/BREED_Ddn' is present

2021-07-26 15:28:27 - [MESSAGE][PASSED] - Object 'Object Repository/Canine/Filter/Breed/BREED_Ddn' is present

2021-07-26 15:28:27 - [TEST_STEP][PASSED] - ctdc.utilities.runtestcaseforKatalon.clickTabCanineStat("Object Repository/Canine/Filter/Breed/BREED_Ddn"): ctdc.utilities.runtestcaseforKatalon.clickTabCanineStat is PASSED

2021-07-26 15:28:28 - [MESSAGE][PASSED] - ctdc.utilities.runtestcaseforKatalon.clickTabCanineStat is PASSED

2021-07-26 15:28:28 - [TEST_STEP][PASSED] - ctdc.utilities.runtestcaseforKatalon.clickTabCanineStat("Object Repository/Canine/Filter/Breed/Bouvier_Chkbx"): ctdc.utilities.runtestcaseforKatalon.clickTabCanineStat is PASSED

2021-07-26 15:28:30 - [MESSAGE][PASSED] - ctdc.utilities.runtestcaseforKatalon.clickTabCanineStat is PASSED

2021-07-26 15:28:30 - [TEST_STEP][PASSED] - ctdc.utilities.runtestcaseforKatalon.readStatBarCanine("Object Repository/Canine/StatBar/Canine_StatBar-Studies", "Object Repository/Canine/StatBar/Canine_StatBar-Cases", "Object Repository/Canine/StatBar/Canine_StatBar-Samples", "Object Repository/Canine/StatBar/Canine_StatBar-Files", "Object Repository/Canine/StatBar/Canine_StatBar-Aliquots"): ctdc.utilities.runtestcaseforKatalon.readStatBarCanine is PASSED

2021-07-26 15:28:46 - [MESSAGE][PASSED] - ctdc.utilities.runtestcaseforKatalon.readStatBarCanine is PASSED

2021-07-26 15:28:46 - [TEST_STEP][PASSED] - waitForElementPresent(findTestObject("Object Repository/Canine/CanineResults_Cases_Tab"), 5): Object 'Object Repository/Canine/CanineResults_Cases_Tab' is present

2021-07-26 15:28:46 - [MESSAGE][PASSED] - Object 'Object Repository/Canine/CanineResults_Cases_Tab' is present

2021-07-26 15:28:46 - [TEST_STEP][PASSED] - ctdc.utilities.runtestcaseforKatalon.clickTabCanineStat("Object Repository/Canine/CanineResults_Cases_Tab"): ctdc.utilities.runtestcaseforKatalon.clickTabCanineStat is PASSED

2021-07-26 15:28:47 - [MESSAGE][PASSED] - ctdc.utilities.runtestcaseforKatalon.clickTabCanineStat is PASSED

2021-07-26 15:28:47 - [TEST_STEP][PASSED] - ctdc.utilities.runtestcaseforKatalon.multiFunction("ICDC", G_StatBar_Cases, "Object Repository/Canine/Canine_CasesTable", "Object Repository/Canine/Canine_TableHeader", "Object Repository/Canine/Canine_CasesTabNextBtn", G_WebTabnameCases, G_CypherTabnameCases, G_QueryCasesTab): Statbar Arms count matches

2021-07-26 15:29:01 - [MESSAGE][PASSED] - Statbar Files count matches

2021-07-26 15:29:01 - [MESSAGE][PASSED] - Statbar Samples count matches

2021-07-26 15:29:01 - [MESSAGE][PASSED] - Statbar Cases count matches

2021-07-26 15:29:01 - [MESSAGE][PASSED] - Statbar Arms count matches

2021-07-26 15:29:01 - [TEST_STEP][PASSED] - waitForElementPresent(findTestObject("Object Repository/Canine/CanineResults_Samples_Tab"), 5): Object 'Object Repository/Canine/CanineResults_Samples_Tab' is present

2021-07-26 15:29:01 - [MESSAGE][PASSED] - Object 'Object Repository/Canine/CanineResults_Samples_Tab' is present

2021-07-26 15:29:01 - [TEST_STEP][PASSED] - ctdc.utilities.runtestcaseforKatalon.clickTabCanineStat("Object Repository/Canine/CanineResults_Samples_Tab"): ctdc.utilities.runtestcaseforKatalon.clickTabCanineStat is PASSED

2021-07-26 15:29:03 - [MESSAGE][PASSED] - ctdc.utilities.runtestcaseforKatalon.clickTabCanineStat is PASSED

2021-07-26 15:29:03 - [TEST_STEP][PASSED] - ctdc.utilities.runtestcaseforKatalon.multiFunction("ICDC", G_StatBar_Samples, "Object Repository/Canine/Canine_Samples_Table", "Object Repository/Canine/Canine_Samples_TableHdr", "Object Repository/Canine/Canine_SamplesTabNextBtn", G_WebTabnameSamples, G_CypherTabnameSamples, G_QuerySamplesTab): Statbar Arms count matches

2021-07-26 15:29:18 - [MESSAGE][PASSED] - Statbar Files count matches

2021-07-26 15:29:18 - [MESSAGE][PASSED] - Statbar Samples count matches

2021-07-26 15:29:18 - [MESSAGE][PASSED] - Statbar Cases count matches

2021-07-26 15:29:18 - [MESSAGE][PASSED] - Statbar Arms count matches

2021-07-26 15:29:18 - [TEST_STEP][PASSED] - waitForElementPresent(findTestObject("Object Repository/Canine/CanineResults_Files_Tab"), 5): Object 'Object Repository/Canine/CanineResults_Files_Tab' is present

2021-07-26 15:29:18 - [MESSAGE][PASSED] - Object 'Object Repository/Canine/CanineResults_Files_Tab' is present

2021-07-26 15:29:18 - [TEST_STEP][PASSED] - ctdc.utilities.runtestcaseforKatalon.clickTabCanineStat("Object Repository/Canine/CanineResults_Files_Tab"): ctdc.utilities.runtestcaseforKatalon.clickTabCanineStat is PASSED

2021-07-26 15:29:19 - [MESSAGE][PASSED] - ctdc.utilities.runtestcaseforKatalon.clickTabCanineStat is PASSED

2021-07-26 15:29:19 - [TEST_STEP][PASSED] - ctdc.utilities.runtestcaseforKatalon.multiFunction("ICDC", G_StatBar_Files, "Object Repository/Canine/Canine_Files_Table", "Object Repository/Canine/Canine_Files_TableHdr", "Object Repository/Canine/Canine_FilesTabNextBtn", G_WebTabnameFiles, G_CypherTabnameFiles, G_QueryFilesTab): Statbar Arms count matches

2021-07-26 15:29:34 - [MESSAGE][PASSED] - Statbar Files count matches

2021-07-26 15:29:34 - [MESSAGE][PASSED] - Statbar Samples count matches

2021-07-26 15:29:34 - [MESSAGE][PASSED] - Statbar Cases count matches

2021-07-26 15:29:34 - [MESSAGE][PASSED] - Statbar Arms count matches

2021-07-26 15:29:34 - [TEST_STEP][PASSED] - closeBrowser(): Browser is closed

2021-07-26 15:29:35 - [MESSAGE][PASSED] - Browser is closed]]></system-out>
         <system-err><![CDATA[]]></system-err>
      </testcase>
      <testcase name="Test Cases/Canine_TestCases/Breed/TC13_Canine_Filter_Breed-BullDog" time="85.127" classname="Test Cases/Canine_TestCases/Breed/TC13_Canine_Filter_Breed-BullDog" status="PASSED">
         <system-out><![CDATA[2021-07-26 15:29:35 - [TEST_CASE][PASSED] - Test Cases/Canine_TestCases/Breed/TC13_Canine_Filter_Breed-BullDog: Test Cases/Canine_TestCases/Breed/TC13_Canine_Filter_Breed-BullDog

2021-07-26 15:29:35 - [TEST_STEP][PASSED] - Start listener action : getTestScriptName: null

2021-07-26 15:29:35 - [TEST_STEP][PASSED] - TestCaseId = testCaseContext.getTestCaseId(): null

2021-07-26 15:29:35 - [TEST_STEP][PASSED] - out.println("**********this is the value of test case id string******** " + testCaseContext.getTestCaseId()): null

2021-07-26 15:29:35 - [TEST_STEP][PASSED] - G_currentTCName = TestCaseId.substring(TestCaseId.lastIndexOf("TC")): null

2021-07-26 15:29:35 - [TEST_STEP][PASSED] - out.println("This is the test case name : " + G_currentTCName): null

2021-07-26 15:29:36 - [TEST_STEP][PASSED] - closeBrowser(): Browser is closed

2021-07-26 15:29:36 - [MESSAGE][PASSED] - Browser is closed

2021-07-26 15:29:36 - [TEST_STEP][PASSED] - ctdc.utilities.runtestcaseforKatalon.RunKatalon("TC13_Canine_Filter_Breed-Bulldog.xlsx"): Data loaded from input file for the test case. 

2021-07-26 15:29:36 - [MESSAGE][PASSED] - Test case file loaded This is the full filepath after converting to string :C:\Users\sohilz2\Commons_Automation\InputFiles\TC13_Canine_Filter_Breed-Bulldog.xlsx

2021-07-26 15:29:36 - [MESSAGE][INFO] - Global variable set for password file is :  C:\Users\sohilz2\Commons_Automation\InputFiles\TC13_Canine_Filter_Breed-Bulldog.xlsx

2021-07-26 15:29:40 - [MESSAGE][PASSED] - Data loaded from input file for the test case. 

2021-07-26 15:29:46 - [TEST_STEP][PASSED] - waitForElementPresent(findTestObject("Canine/NavBar/Canine_Cases_Btn"), 5): Object 'Object Repository/Canine/NavBar/Canine_Cases_Btn' is present

2021-07-26 15:29:46 - [MESSAGE][PASSED] - Object 'Object Repository/Canine/NavBar/Canine_Cases_Btn' is present

2021-07-26 15:29:46 - [TEST_STEP][PASSED] - ctdc.utilities.runtestcaseforKatalon.clickTabCanineStat("Canine/NavBar/Canine_Cases_Btn"): ctdc.utilities.runtestcaseforKatalon.clickTabCanineStat is PASSED

2021-07-26 15:29:49 - [MESSAGE][PASSED] - ctdc.utilities.runtestcaseforKatalon.clickTabCanineStat is PASSED

2021-07-26 15:29:49 - [TEST_STEP][PASSED] - waitForElementPresent(findTestObject("Bento/Cases_page/Filter/FilterByCases_Facet"), 5): Object 'Object Repository/Bento/Cases_page/Filter/FilterByCases_Facet' is present

2021-07-26 15:29:49 - [MESSAGE][PASSED] - Object 'Object Repository/Bento/Cases_page/Filter/FilterByCases_Facet' is present

2021-07-26 15:29:49 - [TEST_STEP][PASSED] - ctdc.utilities.runtestcaseforKatalon.clickTabCanineStat("Bento/Cases_page/Filter/FilterByCases_Facet"): ctdc.utilities.runtestcaseforKatalon.clickTabCanineStat is PASSED

2021-07-26 15:29:50 - [MESSAGE][PASSED] - ctdc.utilities.runtestcaseforKatalon.clickTabCanineStat is PASSED

2021-07-26 15:29:50 - [TEST_STEP][PASSED] - waitForElementPresent(findTestObject("Object Repository/Canine/Filter/Breed/BREED_Ddn"), 5): Object 'Object Repository/Canine/Filter/Breed/BREED_Ddn' is present

2021-07-26 15:29:51 - [MESSAGE][PASSED] - Object 'Object Repository/Canine/Filter/Breed/BREED_Ddn' is present

2021-07-26 15:29:51 - [TEST_STEP][PASSED] - ctdc.utilities.runtestcaseforKatalon.clickTabCanineStat("Object Repository/Canine/Filter/Breed/BREED_Ddn"): ctdc.utilities.runtestcaseforKatalon.clickTabCanineStat is PASSED

2021-07-26 15:29:52 - [MESSAGE][PASSED] - ctdc.utilities.runtestcaseforKatalon.clickTabCanineStat is PASSED

2021-07-26 15:29:52 - [TEST_STEP][PASSED] - ctdc.utilities.runtestcaseforKatalon.clickTabCanineStat("Canine/Filter/Breed/BullDog_Chkbx"): ctdc.utilities.runtestcaseforKatalon.clickTabCanineStat is PASSED

2021-07-26 15:29:54 - [MESSAGE][PASSED] - ctdc.utilities.runtestcaseforKatalon.clickTabCanineStat is PASSED

2021-07-26 15:29:54 - [TEST_STEP][PASSED] - ctdc.utilities.runtestcaseforKatalon.readStatBarCanine("Object Repository/Canine/StatBar/Canine_StatBar-Studies", "Object Repository/Canine/StatBar/Canine_StatBar-Cases", "Object Repository/Canine/StatBar/Canine_StatBar-Samples", "Object Repository/Canine/StatBar/Canine_StatBar-Files", "Object Repository/Canine/StatBar/Canine_StatBar-Aliquots"): ctdc.utilities.runtestcaseforKatalon.readStatBarCanine is PASSED

2021-07-26 15:30:09 - [MESSAGE][PASSED] - ctdc.utilities.runtestcaseforKatalon.readStatBarCanine is PASSED

2021-07-26 15:30:09 - [TEST_STEP][PASSED] - waitForElementPresent(findTestObject("Object Repository/Canine/CanineResults_Cases_Tab"), 5): Object 'Object Repository/Canine/CanineResults_Cases_Tab' is present

2021-07-26 15:30:09 - [MESSAGE][PASSED] - Object 'Object Repository/Canine/CanineResults_Cases_Tab' is present

2021-07-26 15:30:09 - [TEST_STEP][PASSED] - ctdc.utilities.runtestcaseforKatalon.clickTabCanineStat("Object Repository/Canine/CanineResults_Cases_Tab"): ctdc.utilities.runtestcaseforKatalon.clickTabCanineStat is PASSED

2021-07-26 15:30:11 - [MESSAGE][PASSED] - ctdc.utilities.runtestcaseforKatalon.clickTabCanineStat is PASSED

2021-07-26 15:30:11 - [TEST_STEP][PASSED] - ctdc.utilities.runtestcaseforKatalon.multiFunction("ICDC", G_StatBar_Cases, "Object Repository/Canine/Canine_CasesTable", "Object Repository/Canine/Canine_TableHeader", "Object Repository/Canine/Canine_CasesTabNextBtn", G_WebTabnameCases, G_CypherTabnameCases, G_QueryCasesTab): Statbar Arms count matches

2021-07-26 15:30:26 - [MESSAGE][PASSED] - Statbar Files count matches

2021-07-26 15:30:26 - [MESSAGE][PASSED] - Statbar Samples count matches

2021-07-26 15:30:26 - [MESSAGE][PASSED] - Statbar Cases count matches

2021-07-26 15:30:26 - [MESSAGE][PASSED] - Statbar Arms count matches

2021-07-26 15:30:26 - [TEST_STEP][PASSED] - waitForElementPresent(findTestObject("Object Repository/Canine/CanineResults_Samples_Tab"), 5): Object 'Object Repository/Canine/CanineResults_Samples_Tab' is present

2021-07-26 15:30:27 - [MESSAGE][PASSED] - Object 'Object Repository/Canine/CanineResults_Samples_Tab' is present

2021-07-26 15:30:27 - [TEST_STEP][PASSED] - ctdc.utilities.runtestcaseforKatalon.clickTabCanineStat("Object Repository/Canine/CanineResults_Samples_Tab"): ctdc.utilities.runtestcaseforKatalon.clickTabCanineStat is PASSED

2021-07-26 15:30:28 - [MESSAGE][PASSED] - ctdc.utilities.runtestcaseforKatalon.clickTabCanineStat is PASSED

2021-07-26 15:30:28 - [TEST_STEP][PASSED] - ctdc.utilities.runtestcaseforKatalon.multiFunction("ICDC", G_StatBar_Samples, "Object Repository/Canine/Canine_Samples_Table", "Object Repository/Canine/Canine_Samples_TableHdr", "Object Repository/Canine/Canine_SamplesTabNextBtn", G_WebTabnameSamples, G_CypherTabnameSamples, G_QuerySamplesTab): Statbar Arms count matches

2021-07-26 15:31:00 - [MESSAGE][PASSED] - Statbar Files count matches

2021-07-26 15:31:00 - [MESSAGE][PASSED] - Statbar Samples count matches

2021-07-26 15:31:00 - [MESSAGE][PASSED] - Statbar Cases count matches

2021-07-26 15:31:00 - [MESSAGE][PASSED] - Statbar Arms count matches

2021-07-26 15:31:00 - [TEST_STEP][PASSED] - closeBrowser(): Browser is closed

2021-07-26 15:31:00 - [MESSAGE][PASSED] - Browser is closed]]></system-out>
         <system-err><![CDATA[]]></system-err>
      </testcase>
      <testcase name="Test Cases/Canine_TestCases/Breed/TC14_Canine_Filter_Breed-BullMastif" time="81.344" classname="Test Cases/Canine_TestCases/Breed/TC14_Canine_Filter_Breed-BullMastif" status="PASSED">
         <system-out><![CDATA[2021-07-26 15:31:00 - [TEST_CASE][PASSED] - Test Cases/Canine_TestCases/Breed/TC14_Canine_Filter_Breed-BullMastif: Test Cases/Canine_TestCases/Breed/TC14_Canine_Filter_Breed-BullMastif

2021-07-26 15:31:00 - [TEST_STEP][PASSED] - Start listener action : getTestScriptName: null

2021-07-26 15:31:00 - [TEST_STEP][PASSED] - TestCaseId = testCaseContext.getTestCaseId(): null

2021-07-26 15:31:00 - [TEST_STEP][PASSED] - out.println("**********this is the value of test case id string******** " + testCaseContext.getTestCaseId()): null

2021-07-26 15:31:00 - [TEST_STEP][PASSED] - G_currentTCName = TestCaseId.substring(TestCaseId.lastIndexOf("TC")): null

2021-07-26 15:31:00 - [TEST_STEP][PASSED] - out.println("This is the test case name : " + G_currentTCName): null

2021-07-26 15:31:01 - [TEST_STEP][PASSED] - closeBrowser(): Browser is closed

2021-07-26 15:31:01 - [MESSAGE][PASSED] - Browser is closed

2021-07-26 15:31:01 - [TEST_STEP][PASSED] - ctdc.utilities.runtestcaseforKatalon.RunKatalon("TC14_Canine_Filter_Breed-BullMastif.xlsx"): Data loaded from input file for the test case. 

2021-07-26 15:31:01 - [MESSAGE][PASSED] - Test case file loaded This is the full filepath after converting to string :C:\Users\sohilz2\Commons_Automation\InputFiles\TC14_Canine_Filter_Breed-BullMastif.xlsx

2021-07-26 15:31:01 - [MESSAGE][INFO] - Global variable set for password file is :  C:\Users\sohilz2\Commons_Automation\InputFiles\TC14_Canine_Filter_Breed-BullMastif.xlsx

2021-07-26 15:31:05 - [MESSAGE][PASSED] - Data loaded from input file for the test case. 

2021-07-26 15:31:11 - [TEST_STEP][PASSED] - waitForElementPresent(findTestObject("Canine/NavBar/Canine_Cases_Btn"), 5): Object 'Object Repository/Canine/NavBar/Canine_Cases_Btn' is present

2021-07-26 15:31:11 - [MESSAGE][PASSED] - Object 'Object Repository/Canine/NavBar/Canine_Cases_Btn' is present

2021-07-26 15:31:11 - [TEST_STEP][PASSED] - ctdc.utilities.runtestcaseforKatalon.clickTabCanineStat("Canine/NavBar/Canine_Cases_Btn"): ctdc.utilities.runtestcaseforKatalon.clickTabCanineStat is PASSED

2021-07-26 15:31:13 - [MESSAGE][PASSED] - ctdc.utilities.runtestcaseforKatalon.clickTabCanineStat is PASSED

2021-07-26 15:31:13 - [TEST_STEP][PASSED] - waitForElementPresent(findTestObject("Bento/Cases_page/Filter/FilterByCases_Facet"), 5): Object 'Object Repository/Bento/Cases_page/Filter/FilterByCases_Facet' is present

2021-07-26 15:31:14 - [MESSAGE][PASSED] - Object 'Object Repository/Bento/Cases_page/Filter/FilterByCases_Facet' is present

2021-07-26 15:31:14 - [TEST_STEP][PASSED] - ctdc.utilities.runtestcaseforKatalon.clickTabCanineStat("Bento/Cases_page/Filter/FilterByCases_Facet"): ctdc.utilities.runtestcaseforKatalon.clickTabCanineStat is PASSED

2021-07-26 15:31:15 - [MESSAGE][PASSED] - ctdc.utilities.runtestcaseforKatalon.clickTabCanineStat is PASSED

2021-07-26 15:31:15 - [TEST_STEP][PASSED] - waitForElementPresent(findTestObject("Object Repository/Canine/Filter/Breed/BREED_Ddn"), 5): Object 'Object Repository/Canine/Filter/Breed/BREED_Ddn' is present

2021-07-26 15:31:15 - [MESSAGE][PASSED] - Object 'Object Repository/Canine/Filter/Breed/BREED_Ddn' is present

2021-07-26 15:31:15 - [TEST_STEP][PASSED] - ctdc.utilities.runtestcaseforKatalon.clickTabCanineStat("Object Repository/Canine/Filter/Breed/BREED_Ddn"): ctdc.utilities.runtestcaseforKatalon.clickTabCanineStat is PASSED

2021-07-26 15:31:16 - [MESSAGE][PASSED] - ctdc.utilities.runtestcaseforKatalon.clickTabCanineStat is PASSED

2021-07-26 15:31:16 - [TEST_STEP][PASSED] - ctdc.utilities.runtestcaseforKatalon.clickTabCanineStat("Object Repository/Canine/Filter/Breed/Bullmastif_Chkbx"): ctdc.utilities.runtestcaseforKatalon.clickTabCanineStat is PASSED

2021-07-26 15:31:18 - [MESSAGE][PASSED] - ctdc.utilities.runtestcaseforKatalon.clickTabCanineStat is PASSED

2021-07-26 15:31:18 - [TEST_STEP][PASSED] - ctdc.utilities.runtestcaseforKatalon.readStatBarCanine("Object Repository/Canine/StatBar/Canine_StatBar-Studies", "Object Repository/Canine/StatBar/Canine_StatBar-Cases", "Object Repository/Canine/StatBar/Canine_StatBar-Samples", "Object Repository/Canine/StatBar/Canine_StatBar-Files", "Object Repository/Canine/StatBar/Canine_StatBar-Aliquots"): ctdc.utilities.runtestcaseforKatalon.readStatBarCanine is PASSED

2021-07-26 15:31:34 - [MESSAGE][PASSED] - ctdc.utilities.runtestcaseforKatalon.readStatBarCanine is PASSED

2021-07-26 15:31:34 - [TEST_STEP][PASSED] - waitForElementPresent(findTestObject("Object Repository/Canine/CanineResults_Cases_Tab"), 5): Object 'Object Repository/Canine/CanineResults_Cases_Tab' is present

2021-07-26 15:31:34 - [MESSAGE][PASSED] - Object 'Object Repository/Canine/CanineResults_Cases_Tab' is present

2021-07-26 15:31:34 - [TEST_STEP][PASSED] - ctdc.utilities.runtestcaseforKatalon.clickTabCanineStat("Object Repository/Canine/CanineResults_Cases_Tab"): ctdc.utilities.runtestcaseforKatalon.clickTabCanineStat is PASSED

2021-07-26 15:31:35 - [MESSAGE][PASSED] - ctdc.utilities.runtestcaseforKatalon.clickTabCanineStat is PASSED

2021-07-26 15:31:35 - [TEST_STEP][PASSED] - ctdc.utilities.runtestcaseforKatalon.multiFunction("ICDC", G_StatBar_Cases, "Object Repository/Canine/Canine_CasesTable", "Object Repository/Canine/Canine_TableHeader", "Object Repository/Canine/Canine_CasesTabNextBtn", G_WebTabnameCases, G_CypherTabnameCases, G_QueryCasesTab): Statbar Arms count matches

2021-07-26 15:31:50 - [MESSAGE][PASSED] - Statbar Files count matches

2021-07-26 15:31:50 - [MESSAGE][PASSED] - Statbar Samples count matches

2021-07-26 15:31:50 - [MESSAGE][PASSED] - Statbar Cases count matches

2021-07-26 15:31:50 - [MESSAGE][PASSED] - Statbar Arms count matches

2021-07-26 15:31:50 - [TEST_STEP][PASSED] - waitForElementPresent(findTestObject("Object Repository/Canine/CanineResults_Samples_Tab"), 5): Object 'Object Repository/Canine/CanineResults_Samples_Tab' is present

2021-07-26 15:31:50 - [MESSAGE][PASSED] - Object 'Object Repository/Canine/CanineResults_Samples_Tab' is present

2021-07-26 15:31:50 - [TEST_STEP][PASSED] - ctdc.utilities.runtestcaseforKatalon.clickTabCanineStat("Object Repository/Canine/CanineResults_Samples_Tab"): ctdc.utilities.runtestcaseforKatalon.clickTabCanineStat is PASSED

2021-07-26 15:31:52 - [MESSAGE][PASSED] - ctdc.utilities.runtestcaseforKatalon.clickTabCanineStat is PASSED

2021-07-26 15:31:52 - [TEST_STEP][PASSED] - ctdc.utilities.runtestcaseforKatalon.multiFunction("ICDC", G_StatBar_Samples, "Object Repository/Canine/Canine_Samples_Table", "Object Repository/Canine/Canine_Samples_TableHdr", "Object Repository/Canine/Canine_SamplesTabNextBtn", G_WebTabnameSamples, G_CypherTabnameSamples, G_QuerySamplesTab): Statbar Arms count matches

2021-07-26 15:32:06 - [MESSAGE][PASSED] - Statbar Files count matches

2021-07-26 15:32:06 - [MESSAGE][PASSED] - Statbar Samples count matches

2021-07-26 15:32:06 - [MESSAGE][PASSED] - Statbar Cases count matches

2021-07-26 15:32:06 - [MESSAGE][PASSED] - Statbar Arms count matches

2021-07-26 15:32:06 - [TEST_STEP][PASSED] - waitForElementPresent(findTestObject("Object Repository/Canine/CanineResults_Files_Tab"), 5): Object 'Object Repository/Canine/CanineResults_Files_Tab' is present

2021-07-26 15:32:06 - [MESSAGE][PASSED] - Object 'Object Repository/Canine/CanineResults_Files_Tab' is present

2021-07-26 15:32:06 - [TEST_STEP][PASSED] - ctdc.utilities.runtestcaseforKatalon.clickTabCanineStat("Object Repository/Canine/CanineResults_Files_Tab"): ctdc.utilities.runtestcaseforKatalon.clickTabCanineStat is PASSED

2021-07-26 15:32:07 - [MESSAGE][PASSED] - ctdc.utilities.runtestcaseforKatalon.clickTabCanineStat is PASSED

2021-07-26 15:32:07 - [TEST_STEP][PASSED] - ctdc.utilities.runtestcaseforKatalon.multiFunction("ICDC", G_StatBar_Files, "Object Repository/Canine/Canine_Files_Table", "Object Repository/Canine/Canine_Files_TableHdr", "Object Repository/Canine/Canine_FilesTabNextBtn", G_WebTabnameFiles, G_CypherTabnameFiles, G_QueryFilesTab): Statbar Arms count matches

2021-07-26 15:32:21 - [MESSAGE][PASSED] - Statbar Files count matches

2021-07-26 15:32:21 - [MESSAGE][PASSED] - Statbar Samples count matches

2021-07-26 15:32:21 - [MESSAGE][PASSED] - Statbar Cases count matches

2021-07-26 15:32:21 - [MESSAGE][PASSED] - Statbar Arms count matches

2021-07-26 15:32:21 - [TEST_STEP][PASSED] - closeBrowser(): Browser is closed

2021-07-26 15:32:22 - [MESSAGE][PASSED] - Browser is closed]]></system-out>
         <system-err><![CDATA[]]></system-err>
      </testcase>
      <testcase name="Test Cases/Canine_TestCases/Breed/TC15_Canine_Filter_Breed-CavalierKing" time="78.645" classname="Test Cases/Canine_TestCases/Breed/TC15_Canine_Filter_Breed-CavalierKing" status="PASSED">
         <system-out><![CDATA[2021-07-26 15:32:22 - [TEST_CASE][PASSED] - Test Cases/Canine_TestCases/Breed/TC15_Canine_Filter_Breed-CavalierKing: Test Cases/Canine_TestCases/Breed/TC15_Canine_Filter_Breed-CavalierKing

2021-07-26 15:32:22 - [TEST_STEP][PASSED] - Start listener action : getTestScriptName: null

2021-07-26 15:32:22 - [TEST_STEP][PASSED] - TestCaseId = testCaseContext.getTestCaseId(): null

2021-07-26 15:32:22 - [TEST_STEP][PASSED] - out.println("**********this is the value of test case id string******** " + testCaseContext.getTestCaseId()): null

2021-07-26 15:32:22 - [TEST_STEP][PASSED] - G_currentTCName = TestCaseId.substring(TestCaseId.lastIndexOf("TC")): null

2021-07-26 15:32:22 - [TEST_STEP][PASSED] - out.println("This is the test case name : " + G_currentTCName): null

2021-07-26 15:32:22 - [TEST_STEP][PASSED] - closeBrowser(): Browser is closed

2021-07-26 15:32:22 - [MESSAGE][PASSED] - Browser is closed

2021-07-26 15:32:22 - [TEST_STEP][PASSED] - ctdc.utilities.runtestcaseforKatalon.RunKatalon("TC15_Canine_Filter_Breed-CavalierKing.xlsx"): Data loaded from input file for the test case. 

2021-07-26 15:32:22 - [MESSAGE][PASSED] - Test case file loaded This is the full filepath after converting to string :C:\Users\sohilz2\Commons_Automation\InputFiles\TC15_Canine_Filter_Breed-CavalierKing.xlsx

2021-07-26 15:32:22 - [MESSAGE][INFO] - Global variable set for password file is :  C:\Users\sohilz2\Commons_Automation\InputFiles\TC15_Canine_Filter_Breed-CavalierKing.xlsx

2021-07-26 15:32:26 - [MESSAGE][PASSED] - Data loaded from input file for the test case. 

2021-07-26 15:32:33 - [TEST_STEP][PASSED] - click(findTestObject("Canine/NavBar/Canine_Cases_Btn")): Object: 'Object Repository/Canine/NavBar/Canine_Cases_Btn' is clicked on

2021-07-26 15:32:33 - [MESSAGE][PASSED] - Object: 'Object Repository/Canine/NavBar/Canine_Cases_Btn' is clicked on

2021-07-26 15:32:33 - [TEST_STEP][PASSED] - click(findTestObject("Bento/Cases_page/Filter/FilterByCases_Facet")): Object: 'Object Repository/Bento/Cases_page/Filter/FilterByCases_Facet' is clicked on

2021-07-26 15:32:34 - [MESSAGE][PASSED] - Object: 'Object Repository/Bento/Cases_page/Filter/FilterByCases_Facet' is clicked on

2021-07-26 15:32:34 - [TEST_STEP][PASSED] - waitForElementPresent(findTestObject("Object Repository/Canine/Filter/Breed/BREED_Ddn"), 5): Object 'Object Repository/Canine/Filter/Breed/BREED_Ddn' is present

2021-07-26 15:32:34 - [MESSAGE][PASSED] - Object 'Object Repository/Canine/Filter/Breed/BREED_Ddn' is present

2021-07-26 15:32:34 - [TEST_STEP][PASSED] - ctdc.utilities.runtestcaseforKatalon.clickTabCanineStat("Object Repository/Canine/Filter/Breed/BREED_Ddn"): ctdc.utilities.runtestcaseforKatalon.clickTabCanineStat is PASSED

2021-07-26 15:32:36 - [MESSAGE][PASSED] - ctdc.utilities.runtestcaseforKatalon.clickTabCanineStat is PASSED

2021-07-26 15:32:36 - [TEST_STEP][PASSED] - ctdc.utilities.runtestcaseforKatalon.clickTabCanineStat("Object Repository/Canine/Filter/Breed/CavalierKing_Chkbx"): ctdc.utilities.runtestcaseforKatalon.clickTabCanineStat is PASSED

2021-07-26 15:32:38 - [MESSAGE][PASSED] - ctdc.utilities.runtestcaseforKatalon.clickTabCanineStat is PASSED

2021-07-26 15:32:38 - [TEST_STEP][PASSED] - ctdc.utilities.runtestcaseforKatalon.readStatBarCanine("Object Repository/Canine/StatBar/Canine_StatBar-Studies", "Object Repository/Canine/StatBar/Canine_StatBar-Cases", "Object Repository/Canine/StatBar/Canine_StatBar-Samples", "Object Repository/Canine/StatBar/Canine_StatBar-Files", "Object Repository/Canine/StatBar/Canine_StatBar-Aliquots"): ctdc.utilities.runtestcaseforKatalon.readStatBarCanine is PASSED

2021-07-26 15:32:53 - [MESSAGE][PASSED] - ctdc.utilities.runtestcaseforKatalon.readStatBarCanine is PASSED

2021-07-26 15:32:53 - [TEST_STEP][PASSED] - waitForElementPresent(findTestObject("Object Repository/Canine/CanineResults_Cases_Tab"), 5): Object 'Object Repository/Canine/CanineResults_Cases_Tab' is present

2021-07-26 15:32:53 - [MESSAGE][PASSED] - Object 'Object Repository/Canine/CanineResults_Cases_Tab' is present

2021-07-26 15:32:53 - [TEST_STEP][PASSED] - ctdc.utilities.runtestcaseforKatalon.clickTabCanineStat("Object Repository/Canine/CanineResults_Cases_Tab"): ctdc.utilities.runtestcaseforKatalon.clickTabCanineStat is PASSED

2021-07-26 15:32:54 - [MESSAGE][PASSED] - ctdc.utilities.runtestcaseforKatalon.clickTabCanineStat is PASSED

2021-07-26 15:32:54 - [TEST_STEP][PASSED] - ctdc.utilities.runtestcaseforKatalon.multiFunction("ICDC", G_StatBar_Cases, "Object Repository/Canine/Canine_CasesTable", "Object Repository/Canine/Canine_TableHeader", "Object Repository/Canine/Canine_CasesTabNextBtn", G_WebTabnameCases, G_CypherTabnameCases, G_QueryCasesTab): Statbar Arms count matches

2021-07-26 15:33:09 - [MESSAGE][PASSED] - Statbar Files count matches

2021-07-26 15:33:09 - [MESSAGE][PASSED] - Statbar Samples count matches

2021-07-26 15:33:09 - [MESSAGE][PASSED] - Statbar Cases count matches

2021-07-26 15:33:09 - [MESSAGE][PASSED] - Statbar Arms count matches

2021-07-26 15:33:09 - [TEST_STEP][PASSED] - waitForElementPresent(findTestObject("Object Repository/Canine/CanineResults_Samples_Tab"), 5): Object 'Object Repository/Canine/CanineResults_Samples_Tab' is present

2021-07-26 15:33:09 - [MESSAGE][PASSED] - Object 'Object Repository/Canine/CanineResults_Samples_Tab' is present

2021-07-26 15:33:09 - [TEST_STEP][PASSED] - ctdc.utilities.runtestcaseforKatalon.clickTabCanineStat("Object Repository/Canine/CanineResults_Samples_Tab"): ctdc.utilities.runtestcaseforKatalon.clickTabCanineStat is PASSED

2021-07-26 15:33:10 - [MESSAGE][PASSED] - ctdc.utilities.runtestcaseforKatalon.clickTabCanineStat is PASSED

2021-07-26 15:33:10 - [TEST_STEP][PASSED] - ctdc.utilities.runtestcaseforKatalon.multiFunction("ICDC", G_StatBar_Samples, "Object Repository/Canine/Canine_Samples_Table", "Object Repository/Canine/Canine_Samples_TableHdr", "Object Repository/Canine/Canine_SamplesTabNextBtn", G_WebTabnameSamples, G_CypherTabnameSamples, G_QuerySamplesTab): Statbar Arms count matches

2021-07-26 15:33:24 - [MESSAGE][PASSED] - Statbar Files count matches

2021-07-26 15:33:24 - [MESSAGE][PASSED] - Statbar Samples count matches

2021-07-26 15:33:24 - [MESSAGE][PASSED] - Statbar Cases count matches

2021-07-26 15:33:24 - [MESSAGE][PASSED] - Statbar Arms count matches

2021-07-26 15:33:24 - [TEST_STEP][PASSED] - waitForElementPresent(findTestObject("Object Repository/Canine/CanineResults_Files_Tab"), 5): Object 'Object Repository/Canine/CanineResults_Files_Tab' is present

2021-07-26 15:33:24 - [MESSAGE][PASSED] - Object 'Object Repository/Canine/CanineResults_Files_Tab' is present

2021-07-26 15:33:24 - [TEST_STEP][PASSED] - ctdc.utilities.runtestcaseforKatalon.clickTabCanineStat("Object Repository/Canine/CanineResults_Files_Tab"): ctdc.utilities.runtestcaseforKatalon.clickTabCanineStat is PASSED

2021-07-26 15:33:26 - [MESSAGE][PASSED] - ctdc.utilities.runtestcaseforKatalon.clickTabCanineStat is PASSED

2021-07-26 15:33:26 - [TEST_STEP][PASSED] - ctdc.utilities.runtestcaseforKatalon.multiFunction("ICDC", G_StatBar_Files, "Object Repository/Canine/Canine_Files_Table", "Object Repository/Canine/Canine_Files_TableHdr", "Object Repository/Canine/Canine_FilesTabNextBtn", G_WebTabnameFiles, G_CypherTabnameFiles, G_QueryFilesTab): Statbar Arms count matches

2021-07-26 15:33:40 - [MESSAGE][PASSED] - Statbar Files count matches

2021-07-26 15:33:40 - [MESSAGE][PASSED] - Statbar Samples count matches

2021-07-26 15:33:40 - [MESSAGE][PASSED] - Statbar Cases count matches

2021-07-26 15:33:40 - [MESSAGE][PASSED] - Statbar Arms count matches

2021-07-26 15:33:40 - [TEST_STEP][PASSED] - closeBrowser(): Browser is closed

2021-07-26 15:33:40 - [MESSAGE][PASSED] - Browser is closed]]></system-out>
         <system-err><![CDATA[]]></system-err>
      </testcase>
      <testcase name="Test Cases/Canine_TestCases/Breed/TC17_Canine_Filter_Breed-Chihuahua" time="82.539" classname="Test Cases/Canine_TestCases/Breed/TC17_Canine_Filter_Breed-Chihuahua" status="PASSED">
         <system-out><![CDATA[2021-07-26 15:33:40 - [TEST_CASE][PASSED] - Test Cases/Canine_TestCases/Breed/TC17_Canine_Filter_Breed-Chihuahua: Test Cases/Canine_TestCases/Breed/TC17_Canine_Filter_Breed-Chihuahua

2021-07-26 15:33:40 - [TEST_STEP][PASSED] - Start listener action : getTestScriptName: null

2021-07-26 15:33:40 - [TEST_STEP][PASSED] - TestCaseId = testCaseContext.getTestCaseId(): null

2021-07-26 15:33:40 - [TEST_STEP][PASSED] - out.println("**********this is the value of test case id string******** " + testCaseContext.getTestCaseId()): null

2021-07-26 15:33:40 - [TEST_STEP][PASSED] - G_currentTCName = TestCaseId.substring(TestCaseId.lastIndexOf("TC")): null

2021-07-26 15:33:40 - [TEST_STEP][PASSED] - out.println("This is the test case name : " + G_currentTCName): null

2021-07-26 15:33:41 - [TEST_STEP][PASSED] - closeBrowser(): Browser is closed

2021-07-26 15:33:41 - [MESSAGE][PASSED] - Browser is closed

2021-07-26 15:33:41 - [TEST_STEP][PASSED] - ctdc.utilities.runtestcaseforKatalon.RunKatalon("TC17_Canine_Filter_Breed-Chihuahua.xlsx"): Data loaded from input file for the test case. 

2021-07-26 15:33:41 - [MESSAGE][PASSED] - Test case file loaded This is the full filepath after converting to string :C:\Users\sohilz2\Commons_Automation\InputFiles\TC17_Canine_Filter_Breed-Chihuahua.xlsx

2021-07-26 15:33:41 - [MESSAGE][INFO] - Global variable set for password file is :  C:\Users\sohilz2\Commons_Automation\InputFiles\TC17_Canine_Filter_Breed-Chihuahua.xlsx

2021-07-26 15:33:45 - [MESSAGE][PASSED] - Data loaded from input file for the test case. 

2021-07-26 15:33:51 - [TEST_STEP][PASSED] - click(findTestObject("Canine/NavBar/Canine_Cases_Btn")): Object: 'Object Repository/Canine/NavBar/Canine_Cases_Btn' is clicked on

2021-07-26 15:33:51 - [MESSAGE][PASSED] - Object: 'Object Repository/Canine/NavBar/Canine_Cases_Btn' is clicked on

2021-07-26 15:33:51 - [TEST_STEP][PASSED] - click(findTestObject("Bento/Cases_page/Filter/FilterByCases_Facet")): Object: 'Object Repository/Bento/Cases_page/Filter/FilterByCases_Facet' is clicked on

2021-07-26 15:33:52 - [MESSAGE][PASSED] - Object: 'Object Repository/Bento/Cases_page/Filter/FilterByCases_Facet' is clicked on

2021-07-26 15:33:52 - [TEST_STEP][PASSED] - waitForElementPresent(findTestObject("Object Repository/Canine/Filter/Breed/BREED_Ddn"), 5): Object 'Object Repository/Canine/Filter/Breed/BREED_Ddn' is present

2021-07-26 15:33:53 - [MESSAGE][PASSED] - Object 'Object Repository/Canine/Filter/Breed/BREED_Ddn' is present

2021-07-26 15:33:53 - [TEST_STEP][PASSED] - ctdc.utilities.runtestcaseforKatalon.clickTabCanineStat("Object Repository/Canine/Filter/Breed/BREED_Ddn"): ctdc.utilities.runtestcaseforKatalon.clickTabCanineStat is PASSED

2021-07-26 15:33:54 - [MESSAGE][PASSED] - ctdc.utilities.runtestcaseforKatalon.clickTabCanineStat is PASSED

2021-07-26 15:33:54 - [TEST_STEP][PASSED] - ctdc.utilities.runtestcaseforKatalon.clickTabCanineStat("Canine/Filter/Breed/Chihuahua_Chkbx"): ctdc.utilities.runtestcaseforKatalon.clickTabCanineStat is PASSED

2021-07-26 15:33:56 - [MESSAGE][PASSED] - ctdc.utilities.runtestcaseforKatalon.clickTabCanineStat is PASSED

2021-07-26 15:33:56 - [TEST_STEP][PASSED] - ctdc.utilities.runtestcaseforKatalon.readStatBarCanine("Object Repository/Canine/StatBar/Canine_StatBar-Studies", "Object Repository/Canine/StatBar/Canine_StatBar-Cases", "Object Repository/Canine/StatBar/Canine_StatBar-Samples", "Object Repository/Canine/StatBar/Canine_StatBar-Files", "Object Repository/Canine/StatBar/Canine_StatBar-Aliquots"): ctdc.utilities.runtestcaseforKatalon.readStatBarCanine is PASSED

2021-07-26 15:34:12 - [MESSAGE][PASSED] - ctdc.utilities.runtestcaseforKatalon.readStatBarCanine is PASSED

2021-07-26 15:34:12 - [TEST_STEP][PASSED] - waitForElementPresent(findTestObject("Object Repository/Canine/CanineResults_Cases_Tab"), 5): Object 'Object Repository/Canine/CanineResults_Cases_Tab' is present

2021-07-26 15:34:12 - [MESSAGE][PASSED] - Object 'Object Repository/Canine/CanineResults_Cases_Tab' is present

2021-07-26 15:34:12 - [TEST_STEP][PASSED] - ctdc.utilities.runtestcaseforKatalon.clickTabCanineStat("Object Repository/Canine/CanineResults_Cases_Tab"): ctdc.utilities.runtestcaseforKatalon.clickTabCanineStat is PASSED

2021-07-26 15:34:13 - [MESSAGE][PASSED] - ctdc.utilities.runtestcaseforKatalon.clickTabCanineStat is PASSED

2021-07-26 15:34:13 - [TEST_STEP][PASSED] - ctdc.utilities.runtestcaseforKatalon.multiFunction("ICDC", G_StatBar_Cases, "Object Repository/Canine/Canine_CasesTable", "Object Repository/Canine/Canine_TableHeader", "Object Repository/Canine/Canine_CasesTabNextBtn", G_WebTabnameCases, G_CypherTabnameCases, G_QueryCasesTab): Statbar Arms count matches

2021-07-26 15:34:28 - [MESSAGE][PASSED] - Statbar Files count matches

2021-07-26 15:34:28 - [MESSAGE][PASSED] - Statbar Samples count matches

2021-07-26 15:34:28 - [MESSAGE][PASSED] - Statbar Cases count matches

2021-07-26 15:34:28 - [MESSAGE][PASSED] - Statbar Arms count matches

2021-07-26 15:34:28 - [TEST_STEP][PASSED] - waitForElementPresent(findTestObject("Object Repository/Canine/CanineResults_Samples_Tab"), 5): Object 'Object Repository/Canine/CanineResults_Samples_Tab' is present

2021-07-26 15:34:28 - [MESSAGE][PASSED] - Object 'Object Repository/Canine/CanineResults_Samples_Tab' is present

2021-07-26 15:34:28 - [TEST_STEP][PASSED] - ctdc.utilities.runtestcaseforKatalon.clickTabCanineStat("Object Repository/Canine/CanineResults_Samples_Tab"): ctdc.utilities.runtestcaseforKatalon.clickTabCanineStat is PASSED

2021-07-26 15:34:29 - [MESSAGE][PASSED] - ctdc.utilities.runtestcaseforKatalon.clickTabCanineStat is PASSED

2021-07-26 15:34:29 - [TEST_STEP][PASSED] - ctdc.utilities.runtestcaseforKatalon.multiFunction("ICDC", G_StatBar_Samples, "Object Repository/Canine/Canine_Samples_Table", "Object Repository/Canine/Canine_Samples_TableHdr", "Object Repository/Canine/Canine_SamplesTabNextBtn", G_WebTabnameSamples, G_CypherTabnameSamples, G_QuerySamplesTab): Statbar Arms count matches

2021-07-26 15:34:45 - [MESSAGE][PASSED] - Statbar Files count matches

2021-07-26 15:34:45 - [MESSAGE][PASSED] - Statbar Samples count matches

2021-07-26 15:34:45 - [MESSAGE][PASSED] - Statbar Cases count matches

2021-07-26 15:34:45 - [MESSAGE][PASSED] - Statbar Arms count matches

2021-07-26 15:34:45 - [TEST_STEP][PASSED] - waitForElementPresent(findTestObject("Object Repository/Canine/CanineResults_Files_Tab"), 5): Object 'Object Repository/Canine/CanineResults_Files_Tab' is present

2021-07-26 15:34:45 - [MESSAGE][PASSED] - Object 'Object Repository/Canine/CanineResults_Files_Tab' is present

2021-07-26 15:34:45 - [TEST_STEP][PASSED] - ctdc.utilities.runtestcaseforKatalon.clickTab("Object Repository/Canine/CanineResults_Files_Tab"): ctdc.utilities.runtestcaseforKatalon.clickTab is PASSED

2021-07-26 15:34:45 - [MESSAGE][PASSED] - ctdc.utilities.runtestcaseforKatalon.clickTab is PASSED

2021-07-26 15:34:45 - [TEST_STEP][PASSED] - ctdc.utilities.runtestcaseforKatalon.multiFunction("ICDC", G_StatBar_Files, "Object Repository/Canine/Canine_Files_Table", "Object Repository/Canine/Canine_Files_TableHdr", "Object Repository/Canine/Canine_FilesTabNextBtn", G_WebTabnameFiles, G_CypherTabnameFiles, G_QueryFilesTab): Statbar Arms count matches

2021-07-26 15:35:02 - [MESSAGE][PASSED] - Statbar Files count matches

2021-07-26 15:35:02 - [MESSAGE][PASSED] - Statbar Samples count matches

2021-07-26 15:35:02 - [MESSAGE][PASSED] - Statbar Cases count matches

2021-07-26 15:35:02 - [MESSAGE][PASSED] - Statbar Arms count matches

2021-07-26 15:35:02 - [TEST_STEP][PASSED] - closeBrowser(): Browser is closed

2021-07-26 15:35:03 - [MESSAGE][PASSED] - Browser is closed]]></system-out>
         <system-err><![CDATA[]]></system-err>
      </testcase>
      <testcase name="Test Cases/Canine_TestCases/Breed/TC18_Canine_Filter_Breed-Chinese" time="82.721" classname="Test Cases/Canine_TestCases/Breed/TC18_Canine_Filter_Breed-Chinese" status="PASSED">
         <system-out><![CDATA[2021-07-26 15:35:03 - [TEST_CASE][PASSED] - Test Cases/Canine_TestCases/Breed/TC18_Canine_Filter_Breed-Chinese: Test Cases/Canine_TestCases/Breed/TC18_Canine_Filter_Breed-Chinese

2021-07-26 15:35:03 - [TEST_STEP][PASSED] - Start listener action : getTestScriptName: null

2021-07-26 15:35:03 - [TEST_STEP][PASSED] - TestCaseId = testCaseContext.getTestCaseId(): null

2021-07-26 15:35:03 - [TEST_STEP][PASSED] - out.println("**********this is the value of test case id string******** " + testCaseContext.getTestCaseId()): null

2021-07-26 15:35:03 - [TEST_STEP][PASSED] - G_currentTCName = TestCaseId.substring(TestCaseId.lastIndexOf("TC")): null

2021-07-26 15:35:03 - [TEST_STEP][PASSED] - out.println("This is the test case name : " + G_currentTCName): null

2021-07-26 15:35:03 - [TEST_STEP][PASSED] - closeBrowser(): Browser is closed

2021-07-26 15:35:03 - [MESSAGE][PASSED] - Browser is closed

2021-07-26 15:35:03 - [TEST_STEP][PASSED] - ctdc.utilities.runtestcaseforKatalon.RunKatalon("TC18_Canine_Filter_Breed-Chinese.xlsx"): Data loaded from input file for the test case. 

2021-07-26 15:35:03 - [MESSAGE][PASSED] - Test case file loaded This is the full filepath after converting to string :C:\Users\sohilz2\Commons_Automation\InputFiles\TC18_Canine_Filter_Breed-Chinese.xlsx

2021-07-26 15:35:03 - [MESSAGE][INFO] - Global variable set for password file is :  C:\Users\sohilz2\Commons_Automation\InputFiles\TC18_Canine_Filter_Breed-Chinese.xlsx

2021-07-26 15:35:07 - [MESSAGE][PASSED] - Data loaded from input file for the test case. 

2021-07-26 15:35:14 - [TEST_STEP][PASSED] - click(findTestObject("Canine/NavBar/Canine_Cases_Btn")): Object: 'Object Repository/Canine/NavBar/Canine_Cases_Btn' is clicked on

2021-07-26 15:35:14 - [MESSAGE][PASSED] - Object: 'Object Repository/Canine/NavBar/Canine_Cases_Btn' is clicked on

2021-07-26 15:35:14 - [TEST_STEP][PASSED] - click(findTestObject("Bento/Cases_page/Filter/FilterByCases_Facet")): Object: 'Object Repository/Bento/Cases_page/Filter/FilterByCases_Facet' is clicked on

2021-07-26 15:35:16 - [MESSAGE][PASSED] - Object: 'Object Repository/Bento/Cases_page/Filter/FilterByCases_Facet' is clicked on

2021-07-26 15:35:16 - [TEST_STEP][PASSED] - waitForElementPresent(findTestObject("Object Repository/Canine/Filter/Breed/BREED_Ddn"), 5): Object 'Object Repository/Canine/Filter/Breed/BREED_Ddn' is present

2021-07-26 15:35:16 - [MESSAGE][PASSED] - Object 'Object Repository/Canine/Filter/Breed/BREED_Ddn' is present

2021-07-26 15:35:16 - [TEST_STEP][PASSED] - ctdc.utilities.runtestcaseforKatalon.clickTabCanineStat("Object Repository/Canine/Filter/Breed/BREED_Ddn"): ctdc.utilities.runtestcaseforKatalon.clickTabCanineStat is PASSED

2021-07-26 15:35:18 - [MESSAGE][PASSED] - ctdc.utilities.runtestcaseforKatalon.clickTabCanineStat is PASSED

2021-07-26 15:35:18 - [TEST_STEP][PASSED] - ctdc.utilities.runtestcaseforKatalon.clickTabCanineStat("Object Repository/Canine/Filter/Breed/Chinese_Chkbx"): ctdc.utilities.runtestcaseforKatalon.clickTabCanineStat is PASSED

2021-07-26 15:35:20 - [MESSAGE][PASSED] - ctdc.utilities.runtestcaseforKatalon.clickTabCanineStat is PASSED

2021-07-26 15:35:20 - [TEST_STEP][PASSED] - ctdc.utilities.runtestcaseforKatalon.readStatBarCanine("Object Repository/Canine/StatBar/Canine_StatBar-Studies", "Object Repository/Canine/StatBar/Canine_StatBar-Cases", "Object Repository/Canine/StatBar/Canine_StatBar-Samples", "Object Repository/Canine/StatBar/Canine_StatBar-Files", "Object Repository/Canine/StatBar/Canine_StatBar-Aliquots"): ctdc.utilities.runtestcaseforKatalon.readStatBarCanine is PASSED

2021-07-26 15:35:35 - [MESSAGE][PASSED] - ctdc.utilities.runtestcaseforKatalon.readStatBarCanine is PASSED

2021-07-26 15:35:35 - [TEST_STEP][PASSED] - waitForElementPresent(findTestObject("Object Repository/Canine/CanineResults_Cases_Tab"), 5): Object 'Object Repository/Canine/CanineResults_Cases_Tab' is present

2021-07-26 15:35:35 - [MESSAGE][PASSED] - Object 'Object Repository/Canine/CanineResults_Cases_Tab' is present

2021-07-26 15:35:35 - [TEST_STEP][PASSED] - ctdc.utilities.runtestcaseforKatalon.clickTabCanineStat("Object Repository/Canine/CanineResults_Cases_Tab"): ctdc.utilities.runtestcaseforKatalon.clickTabCanineStat is PASSED

2021-07-26 15:35:36 - [MESSAGE][PASSED] - ctdc.utilities.runtestcaseforKatalon.clickTabCanineStat is PASSED

2021-07-26 15:35:36 - [TEST_STEP][PASSED] - ctdc.utilities.runtestcaseforKatalon.multiFunction("ICDC", G_StatBar_Cases, "Object Repository/Canine/Canine_CasesTable", "Object Repository/Canine/Canine_TableHeader", "Object Repository/Canine/Canine_CasesTabNextBtn", G_WebTabnameCases, G_CypherTabnameCases, G_QueryCasesTab): Statbar Arms count matches

2021-07-26 15:35:51 - [MESSAGE][PASSED] - Statbar Files count matches

2021-07-26 15:35:51 - [MESSAGE][PASSED] - Statbar Samples count matches

2021-07-26 15:35:51 - [MESSAGE][PASSED] - Statbar Cases count matches

2021-07-26 15:35:51 - [MESSAGE][PASSED] - Statbar Arms count matches

2021-07-26 15:35:51 - [TEST_STEP][PASSED] - waitForElementPresent(findTestObject("Object Repository/Canine/CanineResults_Samples_Tab"), 5): Object 'Object Repository/Canine/CanineResults_Samples_Tab' is present

2021-07-26 15:35:51 - [MESSAGE][PASSED] - Object 'Object Repository/Canine/CanineResults_Samples_Tab' is present

2021-07-26 15:35:51 - [TEST_STEP][PASSED] - ctdc.utilities.runtestcaseforKatalon.clickTabCanineStat("Object Repository/Canine/CanineResults_Samples_Tab"): ctdc.utilities.runtestcaseforKatalon.clickTabCanineStat is PASSED

2021-07-26 15:35:52 - [MESSAGE][PASSED] - ctdc.utilities.runtestcaseforKatalon.clickTabCanineStat is PASSED

2021-07-26 15:35:52 - [TEST_STEP][PASSED] - ctdc.utilities.runtestcaseforKatalon.multiFunction("ICDC", G_StatBar_Samples, "Object Repository/Canine/Canine_Samples_Table", "Object Repository/Canine/Canine_Samples_TableHdr", "Object Repository/Canine/Canine_SamplesTabNextBtn", G_WebTabnameSamples, G_CypherTabnameSamples, G_QuerySamplesTab): Statbar Arms count matches

2021-07-26 15:36:08 - [MESSAGE][PASSED] - Statbar Files count matches

2021-07-26 15:36:08 - [MESSAGE][PASSED] - Statbar Samples count matches

2021-07-26 15:36:08 - [MESSAGE][PASSED] - Statbar Cases count matches

2021-07-26 15:36:08 - [MESSAGE][PASSED] - Statbar Arms count matches

2021-07-26 15:36:08 - [TEST_STEP][PASSED] - waitForElementPresent(findTestObject("Object Repository/Canine/CanineResults_Files_Tab"), 5): Object 'Object Repository/Canine/CanineResults_Files_Tab' is present

2021-07-26 15:36:08 - [MESSAGE][PASSED] - Object 'Object Repository/Canine/CanineResults_Files_Tab' is present

2021-07-26 15:36:08 - [TEST_STEP][PASSED] - ctdc.utilities.runtestcaseforKatalon.clickTab("Object Repository/Canine/CanineResults_Files_Tab"): ctdc.utilities.runtestcaseforKatalon.clickTab is PASSED

2021-07-26 15:36:08 - [MESSAGE][PASSED] - ctdc.utilities.runtestcaseforKatalon.clickTab is PASSED

2021-07-26 15:36:08 - [TEST_STEP][PASSED] - ctdc.utilities.runtestcaseforKatalon.multiFunction("ICDC", G_StatBar_Files, "Object Repository/Canine/Canine_Files_Table", "Object Repository/Canine/Canine_Files_TableHdr", "Object Repository/Canine/Canine_FilesTabNextBtn", G_WebTabnameFiles, G_CypherTabnameFiles, G_QueryFilesTab): Statbar Arms count matches

2021-07-26 15:36:25 - [MESSAGE][PASSED] - Statbar Files count matches

2021-07-26 15:36:25 - [MESSAGE][PASSED] - Statbar Samples count matches

2021-07-26 15:36:25 - [MESSAGE][PASSED] - Statbar Cases count matches

2021-07-26 15:36:25 - [MESSAGE][PASSED] - Statbar Arms count matches

2021-07-26 15:36:25 - [TEST_STEP][PASSED] - closeBrowser(): Browser is closed

2021-07-26 15:36:25 - [MESSAGE][PASSED] - Browser is closed]]></system-out>
         <system-err><![CDATA[]]></system-err>
      </testcase>
      <testcase name="Test Cases/Canine_TestCases/Breed/TC19_Canine_Filter_Breed-CockerSpan" time="97.902" classname="Test Cases/Canine_TestCases/Breed/TC19_Canine_Filter_Breed-CockerSpan" status="PASSED">
         <system-out><![CDATA[2021-07-26 15:36:25 - [TEST_CASE][PASSED] - Test Cases/Canine_TestCases/Breed/TC19_Canine_Filter_Breed-CockerSpan: Test Cases/Canine_TestCases/Breed/TC19_Canine_Filter_Breed-CockerSpan

2021-07-26 15:36:25 - [TEST_STEP][PASSED] - Start listener action : getTestScriptName: null

2021-07-26 15:36:25 - [TEST_STEP][PASSED] - TestCaseId = testCaseContext.getTestCaseId(): null

2021-07-26 15:36:25 - [TEST_STEP][PASSED] - out.println("**********this is the value of test case id string******** " + testCaseContext.getTestCaseId()): null

2021-07-26 15:36:25 - [TEST_STEP][PASSED] - G_currentTCName = TestCaseId.substring(TestCaseId.lastIndexOf("TC")): null

2021-07-26 15:36:25 - [TEST_STEP][PASSED] - out.println("This is the test case name : " + G_currentTCName): null

2021-07-26 15:36:26 - [TEST_STEP][PASSED] - closeBrowser(): Browser is closed

2021-07-26 15:36:26 - [MESSAGE][PASSED] - Browser is closed

2021-07-26 15:36:26 - [TEST_STEP][PASSED] - ctdc.utilities.runtestcaseforKatalon.RunKatalon("TC19_Canine_Filter_Breed-CockerSpan.xlsx"): Data loaded from input file for the test case. 

2021-07-26 15:36:26 - [MESSAGE][PASSED] - Test case file loaded This is the full filepath after converting to string :C:\Users\sohilz2\Commons_Automation\InputFiles\TC19_Canine_Filter_Breed-CockerSpan.xlsx

2021-07-26 15:36:26 - [MESSAGE][INFO] - Global variable set for password file is :  C:\Users\sohilz2\Commons_Automation\InputFiles\TC19_Canine_Filter_Breed-CockerSpan.xlsx

2021-07-26 15:36:30 - [MESSAGE][PASSED] - Data loaded from input file for the test case. 

2021-07-26 15:36:36 - [TEST_STEP][PASSED] - click(findTestObject("Canine/NavBar/Canine_Cases_Btn")): Object: 'Object Repository/Canine/NavBar/Canine_Cases_Btn' is clicked on

2021-07-26 15:36:36 - [MESSAGE][PASSED] - Object: 'Object Repository/Canine/NavBar/Canine_Cases_Btn' is clicked on

2021-07-26 15:36:36 - [TEST_STEP][PASSED] - click(findTestObject("Bento/Cases_page/Filter/FilterByCases_Facet")): Object: 'Object Repository/Bento/Cases_page/Filter/FilterByCases_Facet' is clicked on

2021-07-26 15:36:38 - [MESSAGE][PASSED] - Object: 'Object Repository/Bento/Cases_page/Filter/FilterByCases_Facet' is clicked on

2021-07-26 15:36:38 - [TEST_STEP][PASSED] - waitForElementPresent(findTestObject("Object Repository/Canine/Filter/Breed/BREED_Ddn"), 5): Object 'Object Repository/Canine/Filter/Breed/BREED_Ddn' is present

2021-07-26 15:36:38 - [MESSAGE][PASSED] - Object 'Object Repository/Canine/Filter/Breed/BREED_Ddn' is present

2021-07-26 15:36:38 - [TEST_STEP][PASSED] - ctdc.utilities.runtestcaseforKatalon.clickTabCanineStat("Object Repository/Canine/Filter/Breed/BREED_Ddn"): ctdc.utilities.runtestcaseforKatalon.clickTabCanineStat is PASSED

2021-07-26 15:36:40 - [MESSAGE][PASSED] - ctdc.utilities.runtestcaseforKatalon.clickTabCanineStat is PASSED

2021-07-26 15:36:40 - [TEST_STEP][PASSED] - ctdc.utilities.runtestcaseforKatalon.clickTabCanineStat("Object Repository/Canine/Filter/Breed/CockerSpan_Chkbx"): ctdc.utilities.runtestcaseforKatalon.clickTabCanineStat is PASSED

2021-07-26 15:36:42 - [MESSAGE][PASSED] - ctdc.utilities.runtestcaseforKatalon.clickTabCanineStat is PASSED

2021-07-26 15:36:42 - [TEST_STEP][PASSED] - ctdc.utilities.runtestcaseforKatalon.readStatBarCanine("Object Repository/Canine/StatBar/Canine_StatBar-Studies", "Object Repository/Canine/StatBar/Canine_StatBar-Cases", "Object Repository/Canine/StatBar/Canine_StatBar-Samples", "Object Repository/Canine/StatBar/Canine_StatBar-Files", "Object Repository/Canine/StatBar/Canine_StatBar-Aliquots"): ctdc.utilities.runtestcaseforKatalon.readStatBarCanine is PASSED

2021-07-26 15:36:57 - [MESSAGE][PASSED] - ctdc.utilities.runtestcaseforKatalon.readStatBarCanine is PASSED

2021-07-26 15:36:57 - [TEST_STEP][PASSED] - waitForElementPresent(findTestObject("Object Repository/Canine/CanineResults_Cases_Tab"), 5): Object 'Object Repository/Canine/CanineResults_Cases_Tab' is present

2021-07-26 15:36:57 - [MESSAGE][PASSED] - Object 'Object Repository/Canine/CanineResults_Cases_Tab' is present

2021-07-26 15:36:57 - [TEST_STEP][PASSED] - ctdc.utilities.runtestcaseforKatalon.clickTabCanineStat("Object Repository/Canine/CanineResults_Cases_Tab"): ctdc.utilities.runtestcaseforKatalon.clickTabCanineStat is PASSED

2021-07-26 15:36:59 - [MESSAGE][PASSED] - ctdc.utilities.runtestcaseforKatalon.clickTabCanineStat is PASSED

2021-07-26 15:36:59 - [TEST_STEP][PASSED] - ctdc.utilities.runtestcaseforKatalon.multiFunction("ICDC", G_StatBar_Cases, "Object Repository/Canine/Canine_CasesTable", "Object Repository/Canine/Canine_TableHeader", "Object Repository/Canine/Canine_CasesTabNextBtn", G_WebTabnameCases, G_CypherTabnameCases, G_QueryCasesTab): Statbar Arms count matches

2021-07-26 15:37:14 - [MESSAGE][PASSED] - Statbar Files count matches

2021-07-26 15:37:14 - [MESSAGE][PASSED] - Statbar Samples count matches

2021-07-26 15:37:14 - [MESSAGE][PASSED] - Statbar Cases count matches

2021-07-26 15:37:14 - [MESSAGE][PASSED] - Statbar Arms count matches

2021-07-26 15:37:14 - [TEST_STEP][PASSED] - waitForElementPresent(findTestObject("Object Repository/Canine/CanineResults_Samples_Tab"), 5): Object 'Object Repository/Canine/CanineResults_Samples_Tab' is present

2021-07-26 15:37:14 - [MESSAGE][PASSED] - Object 'Object Repository/Canine/CanineResults_Samples_Tab' is present

2021-07-26 15:37:14 - [TEST_STEP][PASSED] - ctdc.utilities.runtestcaseforKatalon.clickTabCanineStat("Object Repository/Canine/CanineResults_Samples_Tab"): ctdc.utilities.runtestcaseforKatalon.clickTabCanineStat is PASSED

2021-07-26 15:37:15 - [MESSAGE][PASSED] - ctdc.utilities.runtestcaseforKatalon.clickTabCanineStat is PASSED

2021-07-26 15:37:15 - [TEST_STEP][PASSED] - ctdc.utilities.runtestcaseforKatalon.multiFunction("ICDC", G_StatBar_Samples, "Object Repository/Canine/Canine_Samples_Table", "Object Repository/Canine/Canine_Samples_TableHdr", "Object Repository/Canine/Canine_SamplesTabNextBtn", G_WebTabnameSamples, G_CypherTabnameSamples, G_QuerySamplesTab): Statbar Arms count matches

2021-07-26 15:37:33 - [MESSAGE][PASSED] - Statbar Files count matches

2021-07-26 15:37:33 - [MESSAGE][PASSED] - Statbar Samples count matches

2021-07-26 15:37:33 - [MESSAGE][PASSED] - Statbar Cases count matches

2021-07-26 15:37:33 - [MESSAGE][PASSED] - Statbar Arms count matches

2021-07-26 15:37:33 - [TEST_STEP][PASSED] - waitForElementPresent(findTestObject("Object Repository/Canine/CanineResults_Files_Tab"), 5): Object 'Object Repository/Canine/CanineResults_Files_Tab' is present

2021-07-26 15:37:33 - [MESSAGE][PASSED] - Object 'Object Repository/Canine/CanineResults_Files_Tab' is present

2021-07-26 15:37:33 - [TEST_STEP][PASSED] - ctdc.utilities.runtestcaseforKatalon.clickTabCanineStat("Object Repository/Canine/CanineResults_Files_Tab"): ctdc.utilities.runtestcaseforKatalon.clickTabCanineStat is PASSED

2021-07-26 15:37:35 - [MESSAGE][PASSED] - ctdc.utilities.runtestcaseforKatalon.clickTabCanineStat is PASSED

2021-07-26 15:37:35 - [TEST_STEP][PASSED] - ctdc.utilities.runtestcaseforKatalon.multiFunction("ICDC", G_StatBar_Files, "Object Repository/Canine/Canine_Files_Table", "Object Repository/Canine/Canine_Files_TableHdr", "Object Repository/Canine/Canine_FilesTabNextBtn", G_WebTabnameFiles, G_CypherTabnameFiles, G_QueryFilesTab): Statbar Arms count matches

2021-07-26 15:38:03 - [MESSAGE][PASSED] - Statbar Files count matches

2021-07-26 15:38:03 - [MESSAGE][PASSED] - Statbar Samples count matches

2021-07-26 15:38:03 - [MESSAGE][PASSED] - Statbar Cases count matches

2021-07-26 15:38:03 - [MESSAGE][PASSED] - Statbar Arms count matches

2021-07-26 15:38:03 - [TEST_STEP][PASSED] - closeBrowser(): Browser is closed

2021-07-26 15:38:03 - [MESSAGE][PASSED] - Browser is closed]]></system-out>
         <system-err><![CDATA[]]></system-err>
      </testcase>
      <testcase name="Test Cases/Canine_TestCases/Breed/TC20_Canine_Filter_Breed-Dalmatian" time="86.652" classname="Test Cases/Canine_TestCases/Breed/TC20_Canine_Filter_Breed-Dalmatian" status="PASSED">
         <system-out><![CDATA[2021-07-26 15:38:03 - [TEST_CASE][PASSED] - Test Cases/Canine_TestCases/Breed/TC20_Canine_Filter_Breed-Dalmatian: Test Cases/Canine_TestCases/Breed/TC20_Canine_Filter_Breed-Dalmatian

2021-07-26 15:38:03 - [TEST_STEP][PASSED] - Start listener action : getTestScriptName: null

2021-07-26 15:38:03 - [TEST_STEP][PASSED] - TestCaseId = testCaseContext.getTestCaseId(): null

2021-07-26 15:38:03 - [TEST_STEP][PASSED] - out.println("**********this is the value of test case id string******** " + testCaseContext.getTestCaseId()): null

2021-07-26 15:38:03 - [TEST_STEP][PASSED] - G_currentTCName = TestCaseId.substring(TestCaseId.lastIndexOf("TC")): null

2021-07-26 15:38:03 - [TEST_STEP][PASSED] - out.println("This is the test case name : " + G_currentTCName): null

2021-07-26 15:38:04 - [TEST_STEP][PASSED] - closeBrowser(): Browser is closed

2021-07-26 15:38:04 - [MESSAGE][PASSED] - Browser is closed

2021-07-26 15:38:04 - [TEST_STEP][PASSED] - ctdc.utilities.runtestcaseforKatalon.RunKatalon("TC20_Canine_Filter_Breed-Dalmatian.xlsx"): Data loaded from input file for the test case. 

2021-07-26 15:38:04 - [MESSAGE][PASSED] - Test case file loaded This is the full filepath after converting to string :C:\Users\sohilz2\Commons_Automation\InputFiles\TC20_Canine_Filter_Breed-Dalmatian.xlsx

2021-07-26 15:38:04 - [MESSAGE][INFO] - Global variable set for password file is :  C:\Users\sohilz2\Commons_Automation\InputFiles\TC20_Canine_Filter_Breed-Dalmatian.xlsx

2021-07-26 15:38:08 - [MESSAGE][PASSED] - Data loaded from input file for the test case. 

2021-07-26 15:38:15 - [TEST_STEP][PASSED] - waitForElementPresent(findTestObject("Canine/NavBar/Canine_Cases_Btn"), 5): Object 'Object Repository/Canine/NavBar/Canine_Cases_Btn' is present

2021-07-26 15:38:15 - [MESSAGE][PASSED] - Object 'Object Repository/Canine/NavBar/Canine_Cases_Btn' is present

2021-07-26 15:38:15 - [TEST_STEP][PASSED] - ctdc.utilities.runtestcaseforKatalon.clickTab("Canine/NavBar/Canine_Cases_Btn"): ctdc.utilities.runtestcaseforKatalon.clickTab is PASSED

2021-07-26 15:38:15 - [MESSAGE][PASSED] - ctdc.utilities.runtestcaseforKatalon.clickTab is PASSED

2021-07-26 15:38:15 - [TEST_STEP][PASSED] - waitForElementPresent(findTestObject("Bento/Cases_page/Filter/FilterByCases_Facet"), 5): Object 'Object Repository/Bento/Cases_page/Filter/FilterByCases_Facet' is present

2021-07-26 15:38:17 - [MESSAGE][PASSED] - Object 'Object Repository/Bento/Cases_page/Filter/FilterByCases_Facet' is present

2021-07-26 15:38:17 - [TEST_STEP][PASSED] - ctdc.utilities.runtestcaseforKatalon.clickTabCanineStat("Bento/Cases_page/Filter/FilterByCases_Facet"): ctdc.utilities.runtestcaseforKatalon.clickTabCanineStat is PASSED

2021-07-26 15:38:20 - [MESSAGE][PASSED] - ctdc.utilities.runtestcaseforKatalon.clickTabCanineStat is PASSED

2021-07-26 15:38:20 - [TEST_STEP][PASSED] - waitForElementPresent(findTestObject("Object Repository/Canine/Filter/Breed/BREED_Ddn"), 5): Object 'Object Repository/Canine/Filter/Breed/BREED_Ddn' is present

2021-07-26 15:38:20 - [MESSAGE][PASSED] - Object 'Object Repository/Canine/Filter/Breed/BREED_Ddn' is present

2021-07-26 15:38:20 - [TEST_STEP][PASSED] - ctdc.utilities.runtestcaseforKatalon.clickTabCanineStat("Object Repository/Canine/Filter/Breed/BREED_Ddn"): ctdc.utilities.runtestcaseforKatalon.clickTabCanineStat is PASSED

2021-07-26 15:38:21 - [MESSAGE][PASSED] - ctdc.utilities.runtestcaseforKatalon.clickTabCanineStat is PASSED

2021-07-26 15:38:21 - [TEST_STEP][PASSED] - ctdc.utilities.runtestcaseforKatalon.clickTabCanineStat("Canine/Filter/Breed/Dalmatian_Chkbx"): ctdc.utilities.runtestcaseforKatalon.clickTabCanineStat is PASSED

2021-07-26 15:38:23 - [MESSAGE][PASSED] - ctdc.utilities.runtestcaseforKatalon.clickTabCanineStat is PASSED

2021-07-26 15:38:23 - [TEST_STEP][PASSED] - ctdc.utilities.runtestcaseforKatalon.readStatBarCanine("Object Repository/Canine/StatBar/Canine_StatBar-Studies", "Object Repository/Canine/StatBar/Canine_StatBar-Cases", "Object Repository/Canine/StatBar/Canine_StatBar-Samples", "Object Repository/Canine/StatBar/Canine_StatBar-Files", "Object Repository/Canine/StatBar/Canine_StatBar-Aliquots"): ctdc.utilities.runtestcaseforKatalon.readStatBarCanine is PASSED

2021-07-26 15:38:39 - [MESSAGE][PASSED] - ctdc.utilities.runtestcaseforKatalon.readStatBarCanine is PASSED

2021-07-26 15:38:39 - [TEST_STEP][PASSED] - waitForElementPresent(findTestObject("Object Repository/Canine/CanineResults_Cases_Tab"), 5): Object 'Object Repository/Canine/CanineResults_Cases_Tab' is present

2021-07-26 15:38:39 - [MESSAGE][PASSED] - Object 'Object Repository/Canine/CanineResults_Cases_Tab' is present

2021-07-26 15:38:39 - [TEST_STEP][PASSED] - ctdc.utilities.runtestcaseforKatalon.clickTabCanineStat("Object Repository/Canine/CanineResults_Cases_Tab"): ctdc.utilities.runtestcaseforKatalon.clickTabCanineStat is PASSED

2021-07-26 15:38:40 - [MESSAGE][PASSED] - ctdc.utilities.runtestcaseforKatalon.clickTabCanineStat is PASSED

2021-07-26 15:38:40 - [TEST_STEP][PASSED] - ctdc.utilities.runtestcaseforKatalon.multiFunction("ICDC", G_StatBar_Cases, "Object Repository/Canine/Canine_CasesTable", "Object Repository/Canine/Canine_TableHeader", "Object Repository/Canine/Canine_CasesTabNextBtn", G_WebTabnameCases, G_CypherTabnameCases, G_QueryCasesTab): Statbar Arms count matches

2021-07-26 15:38:54 - [MESSAGE][PASSED] - Statbar Files count matches

2021-07-26 15:38:54 - [MESSAGE][PASSED] - Statbar Samples count matches

2021-07-26 15:38:54 - [MESSAGE][PASSED] - Statbar Cases count matches

2021-07-26 15:38:54 - [MESSAGE][PASSED] - Statbar Arms count matches

2021-07-26 15:38:54 - [TEST_STEP][PASSED] - waitForElementPresent(findTestObject("Object Repository/Canine/CanineResults_Samples_Tab"), 5): Object 'Object Repository/Canine/CanineResults_Samples_Tab' is present

2021-07-26 15:38:54 - [MESSAGE][PASSED] - Object 'Object Repository/Canine/CanineResults_Samples_Tab' is present

2021-07-26 15:38:54 - [TEST_STEP][PASSED] - ctdc.utilities.runtestcaseforKatalon.clickTab("Object Repository/Canine/CanineResults_Samples_Tab"): ctdc.utilities.runtestcaseforKatalon.clickTab is PASSED

2021-07-26 15:38:55 - [MESSAGE][PASSED] - ctdc.utilities.runtestcaseforKatalon.clickTab is PASSED

2021-07-26 15:38:55 - [TEST_STEP][PASSED] - ctdc.utilities.runtestcaseforKatalon.multiFunction("ICDC", G_StatBar_Samples, "Object Repository/Canine/Canine_Samples_Table", "Object Repository/Canine/Canine_Samples_TableHdr", "Object Repository/Canine/Canine_SamplesTabNextBtn", G_WebTabnameSamples, G_CypherTabnameSamples, G_QuerySamplesTab): Statbar Arms count matches

2021-07-26 15:39:11 - [MESSAGE][PASSED] - Statbar Files count matches

2021-07-26 15:39:11 - [MESSAGE][PASSED] - Statbar Samples count matches

2021-07-26 15:39:11 - [MESSAGE][PASSED] - Statbar Cases count matches

2021-07-26 15:39:11 - [MESSAGE][PASSED] - Statbar Arms count matches

2021-07-26 15:39:11 - [TEST_STEP][PASSED] - waitForElementPresent(findTestObject("Object Repository/Canine/CanineResults_Files_Tab"), 5): Object 'Object Repository/Canine/CanineResults_Files_Tab' is present

2021-07-26 15:39:11 - [MESSAGE][PASSED] - Object 'Object Repository/Canine/CanineResults_Files_Tab' is present

2021-07-26 15:39:11 - [TEST_STEP][PASSED] - ctdc.utilities.runtestcaseforKatalon.clickTab("Object Repository/Canine/CanineResults_Files_Tab"): ctdc.utilities.runtestcaseforKatalon.clickTab is PASSED

2021-07-26 15:39:12 - [MESSAGE][PASSED] - ctdc.utilities.runtestcaseforKatalon.clickTab is PASSED

2021-07-26 15:39:12 - [TEST_STEP][PASSED] - ctdc.utilities.runtestcaseforKatalon.multiFunction("ICDC", G_StatBar_Files, "Object Repository/Canine/Canine_Files_Table", "Object Repository/Canine/Canine_Files_TableHdr", "Object Repository/Canine/Canine_FilesTabNextBtn", G_WebTabnameFiles, G_CypherTabnameFiles, G_QueryFilesTab): Statbar Arms count matches

2021-07-26 15:39:29 - [MESSAGE][PASSED] - Statbar Files count matches

2021-07-26 15:39:29 - [MESSAGE][PASSED] - Statbar Samples count matches

2021-07-26 15:39:29 - [MESSAGE][PASSED] - Statbar Cases count matches

2021-07-26 15:39:29 - [MESSAGE][PASSED] - Statbar Arms count matches

2021-07-26 15:39:29 - [TEST_STEP][PASSED] - closeBrowser(): Browser is closed

2021-07-26 15:39:30 - [MESSAGE][PASSED] - Browser is closed]]></system-out>
         <system-err><![CDATA[]]></system-err>
      </testcase>
      <testcase name="Test Cases/Canine_TestCases/Breed/TC22_Canine_Filter_Breed-English" time="78.456" classname="Test Cases/Canine_TestCases/Breed/TC22_Canine_Filter_Breed-English" status="PASSED">
         <system-out><![CDATA[2021-07-26 15:39:30 - [TEST_CASE][PASSED] - Test Cases/Canine_TestCases/Breed/TC22_Canine_Filter_Breed-English: Test Cases/Canine_TestCases/Breed/TC22_Canine_Filter_Breed-English

2021-07-26 15:39:30 - [TEST_STEP][PASSED] - Start listener action : getTestScriptName: null

2021-07-26 15:39:30 - [TEST_STEP][PASSED] - TestCaseId = testCaseContext.getTestCaseId(): null

2021-07-26 15:39:30 - [TEST_STEP][PASSED] - out.println("**********this is the value of test case id string******** " + testCaseContext.getTestCaseId()): null

2021-07-26 15:39:30 - [TEST_STEP][PASSED] - G_currentTCName = TestCaseId.substring(TestCaseId.lastIndexOf("TC")): null

2021-07-26 15:39:30 - [TEST_STEP][PASSED] - out.println("This is the test case name : " + G_currentTCName): null

2021-07-26 15:39:31 - [TEST_STEP][PASSED] - closeBrowser(): Browser is closed

2021-07-26 15:39:31 - [MESSAGE][PASSED] - Browser is closed

2021-07-26 15:39:31 - [TEST_STEP][PASSED] - ctdc.utilities.runtestcaseforKatalon.RunKatalon("TC22_Canine_Filter_Breed-English.xlsx"): Data loaded from input file for the test case. 

2021-07-26 15:39:31 - [MESSAGE][PASSED] - Test case file loaded This is the full filepath after converting to string :C:\Users\sohilz2\Commons_Automation\InputFiles\TC22_Canine_Filter_Breed-English.xlsx

2021-07-26 15:39:31 - [MESSAGE][INFO] - Global variable set for password file is :  C:\Users\sohilz2\Commons_Automation\InputFiles\TC22_Canine_Filter_Breed-English.xlsx

2021-07-26 15:39:35 - [MESSAGE][PASSED] - Data loaded from input file for the test case. 

2021-07-26 15:39:41 - [TEST_STEP][PASSED] - click(findTestObject("Canine/NavBar/Canine_Cases_Btn")): Object: 'Object Repository/Canine/NavBar/Canine_Cases_Btn' is clicked on

2021-07-26 15:39:42 - [MESSAGE][PASSED] - Object: 'Object Repository/Canine/NavBar/Canine_Cases_Btn' is clicked on

2021-07-26 15:39:42 - [TEST_STEP][PASSED] - click(findTestObject("Bento/Cases_page/Filter/FilterByCases_Facet")): Object: 'Object Repository/Bento/Cases_page/Filter/FilterByCases_Facet' is clicked on

2021-07-26 15:39:43 - [MESSAGE][PASSED] - Object: 'Object Repository/Bento/Cases_page/Filter/FilterByCases_Facet' is clicked on

2021-07-26 15:39:43 - [TEST_STEP][PASSED] - waitForElementPresent(findTestObject("Object Repository/Canine/Filter/Breed/BREED_Ddn"), 5): Object 'Object Repository/Canine/Filter/Breed/BREED_Ddn' is present

2021-07-26 15:39:43 - [MESSAGE][PASSED] - Object 'Object Repository/Canine/Filter/Breed/BREED_Ddn' is present

2021-07-26 15:39:43 - [TEST_STEP][PASSED] - ctdc.utilities.runtestcaseforKatalon.clickTabCanineStat("Object Repository/Canine/Filter/Breed/BREED_Ddn"): ctdc.utilities.runtestcaseforKatalon.clickTabCanineStat is PASSED

2021-07-26 15:39:45 - [MESSAGE][PASSED] - ctdc.utilities.runtestcaseforKatalon.clickTabCanineStat is PASSED

2021-07-26 15:39:45 - [TEST_STEP][PASSED] - ctdc.utilities.runtestcaseforKatalon.clickTabCanineStat("Object Repository/Canine/Filter/Breed/English_Chkbx"): ctdc.utilities.runtestcaseforKatalon.clickTabCanineStat is PASSED

2021-07-26 15:39:46 - [MESSAGE][PASSED] - ctdc.utilities.runtestcaseforKatalon.clickTabCanineStat is PASSED

2021-07-26 15:39:46 - [TEST_STEP][PASSED] - ctdc.utilities.runtestcaseforKatalon.readStatBarCanine("Object Repository/Canine/StatBar/Canine_StatBar-Studies", "Object Repository/Canine/StatBar/Canine_StatBar-Cases", "Object Repository/Canine/StatBar/Canine_StatBar-Samples", "Object Repository/Canine/StatBar/Canine_StatBar-Files", "Object Repository/Canine/StatBar/Canine_StatBar-Aliquots"): ctdc.utilities.runtestcaseforKatalon.readStatBarCanine is PASSED

2021-07-26 15:40:02 - [MESSAGE][PASSED] - ctdc.utilities.runtestcaseforKatalon.readStatBarCanine is PASSED

2021-07-26 15:40:02 - [TEST_STEP][PASSED] - waitForElementPresent(findTestObject("Object Repository/Canine/CanineResults_Cases_Tab"), 5): Object 'Object Repository/Canine/CanineResults_Cases_Tab' is present

2021-07-26 15:40:02 - [MESSAGE][PASSED] - Object 'Object Repository/Canine/CanineResults_Cases_Tab' is present

2021-07-26 15:40:02 - [TEST_STEP][PASSED] - ctdc.utilities.runtestcaseforKatalon.clickTabCanineStat("Object Repository/Canine/CanineResults_Cases_Tab"): ctdc.utilities.runtestcaseforKatalon.clickTabCanineStat is PASSED

2021-07-26 15:40:03 - [MESSAGE][PASSED] - ctdc.utilities.runtestcaseforKatalon.clickTabCanineStat is PASSED

2021-07-26 15:40:03 - [TEST_STEP][PASSED] - ctdc.utilities.runtestcaseforKatalon.multiFunction("ICDC", G_StatBar_Cases, "Object Repository/Canine/Canine_CasesTable", "Object Repository/Canine/Canine_TableHeader", "Object Repository/Canine/Canine_CasesTabNextBtn", G_WebTabnameCases, G_CypherTabnameCases, G_QueryCasesTab): Statbar Arms count matches

2021-07-26 15:40:17 - [MESSAGE][PASSED] - Statbar Files count matches

2021-07-26 15:40:17 - [MESSAGE][PASSED] - Statbar Samples count matches

2021-07-26 15:40:17 - [MESSAGE][PASSED] - Statbar Cases count matches

2021-07-26 15:40:17 - [MESSAGE][PASSED] - Statbar Arms count matches

2021-07-26 15:40:17 - [TEST_STEP][PASSED] - waitForElementPresent(findTestObject("Object Repository/Canine/CanineResults_Samples_Tab"), 5): Object 'Object Repository/Canine/CanineResults_Samples_Tab' is present

2021-07-26 15:40:17 - [MESSAGE][PASSED] - Object 'Object Repository/Canine/CanineResults_Samples_Tab' is present

2021-07-26 15:40:17 - [TEST_STEP][PASSED] - ctdc.utilities.runtestcaseforKatalon.clickTabCanineStat("Object Repository/Canine/CanineResults_Samples_Tab"): ctdc.utilities.runtestcaseforKatalon.clickTabCanineStat is PASSED

2021-07-26 15:40:19 - [MESSAGE][PASSED] - ctdc.utilities.runtestcaseforKatalon.clickTabCanineStat is PASSED

2021-07-26 15:40:19 - [TEST_STEP][PASSED] - ctdc.utilities.runtestcaseforKatalon.multiFunction("ICDC", G_StatBar_Samples, "Object Repository/Canine/Canine_Samples_Table", "Object Repository/Canine/Canine_Samples_TableHdr", "Object Repository/Canine/Canine_SamplesTabNextBtn", G_WebTabnameSamples, G_CypherTabnameSamples, G_QuerySamplesTab): Statbar Arms count matches

2021-07-26 15:40:33 - [MESSAGE][PASSED] - Statbar Files count matches

2021-07-26 15:40:33 - [MESSAGE][PASSED] - Statbar Samples count matches

2021-07-26 15:40:33 - [MESSAGE][PASSED] - Statbar Cases count matches

2021-07-26 15:40:33 - [MESSAGE][PASSED] - Statbar Arms count matches

2021-07-26 15:40:33 - [TEST_STEP][PASSED] - waitForElementPresent(findTestObject("Object Repository/Canine/CanineResults_Files_Tab"), 5): Object 'Object Repository/Canine/CanineResults_Files_Tab' is present

2021-07-26 15:40:33 - [MESSAGE][PASSED] - Object 'Object Repository/Canine/CanineResults_Files_Tab' is present

2021-07-26 15:40:33 - [TEST_STEP][PASSED] - ctdc.utilities.runtestcaseforKatalon.clickTabCanineStat("Object Repository/Canine/CanineResults_Files_Tab"): ctdc.utilities.runtestcaseforKatalon.clickTabCanineStat is PASSED

2021-07-26 15:40:34 - [MESSAGE][PASSED] - ctdc.utilities.runtestcaseforKatalon.clickTabCanineStat is PASSED

2021-07-26 15:40:34 - [TEST_STEP][PASSED] - ctdc.utilities.runtestcaseforKatalon.multiFunction("ICDC", G_StatBar_Files, "Object Repository/Canine/Canine_Files_Table", "Object Repository/Canine/Canine_Files_TableHdr", "Object Repository/Canine/Canine_FilesTabNextBtn", G_WebTabnameFiles, G_CypherTabnameFiles, G_QueryFilesTab): Statbar Arms count matches

2021-07-26 15:40:48 - [MESSAGE][PASSED] - Statbar Files count matches

2021-07-26 15:40:48 - [MESSAGE][PASSED] - Statbar Samples count matches

2021-07-26 15:40:48 - [MESSAGE][PASSED] - Statbar Cases count matches

2021-07-26 15:40:48 - [MESSAGE][PASSED] - Statbar Arms count matches

2021-07-26 15:40:48 - [TEST_STEP][PASSED] - closeBrowser(): Browser is closed

2021-07-26 15:40:48 - [MESSAGE][PASSED] - Browser is closed]]></system-out>
         <system-err><![CDATA[]]></system-err>
      </testcase>
      <testcase name="Test Cases/Canine_TestCases/Breed/TC23_Canine_Filter_Breed-Flat" time="79.495" classname="Test Cases/Canine_TestCases/Breed/TC23_Canine_Filter_Breed-Flat" status="PASSED">
         <system-out><![CDATA[2021-07-26 15:40:48 - [TEST_CASE][PASSED] - Test Cases/Canine_TestCases/Breed/TC23_Canine_Filter_Breed-Flat: Test Cases/Canine_TestCases/Breed/TC23_Canine_Filter_Breed-Flat

2021-07-26 15:40:48 - [TEST_STEP][PASSED] - Start listener action : getTestScriptName: null

2021-07-26 15:40:48 - [TEST_STEP][PASSED] - TestCaseId = testCaseContext.getTestCaseId(): null

2021-07-26 15:40:48 - [TEST_STEP][PASSED] - out.println("**********this is the value of test case id string******** " + testCaseContext.getTestCaseId()): null

2021-07-26 15:40:48 - [TEST_STEP][PASSED] - G_currentTCName = TestCaseId.substring(TestCaseId.lastIndexOf("TC")): null

2021-07-26 15:40:48 - [TEST_STEP][PASSED] - out.println("This is the test case name : " + G_currentTCName): null

2021-07-26 15:40:49 - [TEST_STEP][PASSED] - closeBrowser(): Browser is closed

2021-07-26 15:40:49 - [MESSAGE][PASSED] - Browser is closed

2021-07-26 15:40:49 - [TEST_STEP][PASSED] - ctdc.utilities.runtestcaseforKatalon.RunKatalon("TC23_Canine_Filter_Breed-Flat.xlsx"): Data loaded from input file for the test case. 

2021-07-26 15:40:49 - [MESSAGE][PASSED] - Test case file loaded This is the full filepath after converting to string :C:\Users\sohilz2\Commons_Automation\InputFiles\TC23_Canine_Filter_Breed-Flat.xlsx

2021-07-26 15:40:49 - [MESSAGE][INFO] - Global variable set for password file is :  C:\Users\sohilz2\Commons_Automation\InputFiles\TC23_Canine_Filter_Breed-Flat.xlsx

2021-07-26 15:40:53 - [MESSAGE][PASSED] - Data loaded from input file for the test case. 

2021-07-26 15:41:00 - [TEST_STEP][PASSED] - click(findTestObject("Canine/NavBar/Canine_Cases_Btn")): Object: 'Object Repository/Canine/NavBar/Canine_Cases_Btn' is clicked on

2021-07-26 15:41:00 - [MESSAGE][PASSED] - Object: 'Object Repository/Canine/NavBar/Canine_Cases_Btn' is clicked on

2021-07-26 15:41:00 - [TEST_STEP][PASSED] - click(findTestObject("Bento/Cases_page/Filter/FilterByCases_Facet")): Object: 'Object Repository/Bento/Cases_page/Filter/FilterByCases_Facet' is clicked on

2021-07-26 15:41:02 - [MESSAGE][PASSED] - Object: 'Object Repository/Bento/Cases_page/Filter/FilterByCases_Facet' is clicked on

2021-07-26 15:41:02 - [TEST_STEP][PASSED] - waitForElementPresent(findTestObject("Object Repository/Canine/Filter/Breed/BREED_Ddn"), 5): Object 'Object Repository/Canine/Filter/Breed/BREED_Ddn' is present

2021-07-26 15:41:02 - [MESSAGE][PASSED] - Object 'Object Repository/Canine/Filter/Breed/BREED_Ddn' is present

2021-07-26 15:41:02 - [TEST_STEP][PASSED] - ctdc.utilities.runtestcaseforKatalon.clickTabCanineStat("Object Repository/Canine/Filter/Breed/BREED_Ddn"): ctdc.utilities.runtestcaseforKatalon.clickTabCanineStat is PASSED

2021-07-26 15:41:04 - [MESSAGE][PASSED] - ctdc.utilities.runtestcaseforKatalon.clickTabCanineStat is PASSED

2021-07-26 15:41:04 - [TEST_STEP][PASSED] - ctdc.utilities.runtestcaseforKatalon.clickTabCanineStat("Object Repository/Canine/Filter/Breed/Flat_Chkbx"): ctdc.utilities.runtestcaseforKatalon.clickTabCanineStat is PASSED

2021-07-26 15:41:05 - [MESSAGE][PASSED] - ctdc.utilities.runtestcaseforKatalon.clickTabCanineStat is PASSED

2021-07-26 15:41:05 - [TEST_STEP][PASSED] - ctdc.utilities.runtestcaseforKatalon.readStatBarCanine("Object Repository/Canine/StatBar/Canine_StatBar-Studies", "Object Repository/Canine/StatBar/Canine_StatBar-Cases", "Object Repository/Canine/StatBar/Canine_StatBar-Samples", "Object Repository/Canine/StatBar/Canine_StatBar-Files", "Object Repository/Canine/StatBar/Canine_StatBar-Aliquots"): ctdc.utilities.runtestcaseforKatalon.readStatBarCanine is PASSED

2021-07-26 15:41:21 - [MESSAGE][PASSED] - ctdc.utilities.runtestcaseforKatalon.readStatBarCanine is PASSED

2021-07-26 15:41:21 - [TEST_STEP][PASSED] - waitForElementPresent(findTestObject("Object Repository/Canine/CanineResults_Cases_Tab"), 5): Object 'Object Repository/Canine/CanineResults_Cases_Tab' is present

2021-07-26 15:41:21 - [MESSAGE][PASSED] - Object 'Object Repository/Canine/CanineResults_Cases_Tab' is present

2021-07-26 15:41:21 - [TEST_STEP][PASSED] - ctdc.utilities.runtestcaseforKatalon.clickTabCanineStat("Object Repository/Canine/CanineResults_Cases_Tab"): ctdc.utilities.runtestcaseforKatalon.clickTabCanineStat is PASSED

2021-07-26 15:41:22 - [MESSAGE][PASSED] - ctdc.utilities.runtestcaseforKatalon.clickTabCanineStat is PASSED

2021-07-26 15:41:22 - [TEST_STEP][PASSED] - ctdc.utilities.runtestcaseforKatalon.multiFunction("ICDC", G_StatBar_Cases, "Object Repository/Canine/Canine_CasesTable", "Object Repository/Canine/Canine_TableHeader", "Object Repository/Canine/Canine_CasesTabNextBtn", G_WebTabnameCases, G_CypherTabnameCases, G_QueryCasesTab): Statbar Arms count matches

2021-07-26 15:41:36 - [MESSAGE][PASSED] - Statbar Files count matches

2021-07-26 15:41:36 - [MESSAGE][PASSED] - Statbar Samples count matches

2021-07-26 15:41:36 - [MESSAGE][PASSED] - Statbar Cases count matches

2021-07-26 15:41:36 - [MESSAGE][PASSED] - Statbar Arms count matches

2021-07-26 15:41:36 - [TEST_STEP][PASSED] - waitForElementPresent(findTestObject("Object Repository/Canine/CanineResults_Samples_Tab"), 5): Object 'Object Repository/Canine/CanineResults_Samples_Tab' is present

2021-07-26 15:41:37 - [MESSAGE][PASSED] - Object 'Object Repository/Canine/CanineResults_Samples_Tab' is present

2021-07-26 15:41:37 - [TEST_STEP][PASSED] - ctdc.utilities.runtestcaseforKatalon.clickTabCanineStat("Object Repository/Canine/CanineResults_Samples_Tab"): ctdc.utilities.runtestcaseforKatalon.clickTabCanineStat is PASSED

2021-07-26 15:41:38 - [MESSAGE][PASSED] - ctdc.utilities.runtestcaseforKatalon.clickTabCanineStat is PASSED

2021-07-26 15:41:38 - [TEST_STEP][PASSED] - ctdc.utilities.runtestcaseforKatalon.multiFunction("ICDC", G_StatBar_Samples, "Object Repository/Canine/Canine_Samples_Table", "Object Repository/Canine/Canine_Samples_TableHdr", "Object Repository/Canine/Canine_SamplesTabNextBtn", G_WebTabnameSamples, G_CypherTabnameSamples, G_QuerySamplesTab): Statbar Arms count matches

2021-07-26 15:41:52 - [MESSAGE][PASSED] - Statbar Files count matches

2021-07-26 15:41:52 - [MESSAGE][PASSED] - Statbar Samples count matches

2021-07-26 15:41:52 - [MESSAGE][PASSED] - Statbar Cases count matches

2021-07-26 15:41:52 - [MESSAGE][PASSED] - Statbar Arms count matches

2021-07-26 15:41:52 - [TEST_STEP][PASSED] - waitForElementPresent(findTestObject("Object Repository/Canine/CanineResults_Files_Tab"), 5): Object 'Object Repository/Canine/CanineResults_Files_Tab' is present

2021-07-26 15:41:52 - [MESSAGE][PASSED] - Object 'Object Repository/Canine/CanineResults_Files_Tab' is present

2021-07-26 15:41:52 - [TEST_STEP][PASSED] - ctdc.utilities.runtestcaseforKatalon.clickTabCanineStat("Object Repository/Canine/CanineResults_Files_Tab"): ctdc.utilities.runtestcaseforKatalon.clickTabCanineStat is PASSED

2021-07-26 15:41:53 - [MESSAGE][PASSED] - ctdc.utilities.runtestcaseforKatalon.clickTabCanineStat is PASSED

2021-07-26 15:41:53 - [TEST_STEP][PASSED] - ctdc.utilities.runtestcaseforKatalon.multiFunction("ICDC", G_StatBar_Files, "Object Repository/Canine/Canine_Files_Table", "Object Repository/Canine/Canine_Files_TableHdr", "Object Repository/Canine/Canine_FilesTabNextBtn", G_WebTabnameFiles, G_CypherTabnameFiles, G_QueryFilesTab): Statbar Arms count matches

2021-07-26 15:42:07 - [MESSAGE][PASSED] - Statbar Files count matches

2021-07-26 15:42:07 - [MESSAGE][PASSED] - Statbar Samples count matches

2021-07-26 15:42:07 - [MESSAGE][PASSED] - Statbar Cases count matches

2021-07-26 15:42:07 - [MESSAGE][PASSED] - Statbar Arms count matches

2021-07-26 15:42:07 - [TEST_STEP][PASSED] - closeBrowser(): Browser is closed

2021-07-26 15:42:08 - [MESSAGE][PASSED] - Browser is closed]]></system-out>
         <system-err><![CDATA[]]></system-err>
      </testcase>
      <testcase name="Test Cases/Canine_TestCases/Breed/TC24_Canine_Filter_Breed-FrenchBullDg" time="167.637" classname="Test Cases/Canine_TestCases/Breed/TC24_Canine_Filter_Breed-FrenchBullDg" status="PASSED">
         <system-out><![CDATA[2021-07-26 15:42:08 - [TEST_CASE][PASSED] - Test Cases/Canine_TestCases/Breed/TC24_Canine_Filter_Breed-FrenchBullDg: Test Cases/Canine_TestCases/Breed/TC24_Canine_Filter_Breed-FrenchBullDg

2021-07-26 15:42:08 - [TEST_STEP][PASSED] - Start listener action : getTestScriptName: null

2021-07-26 15:42:08 - [TEST_STEP][PASSED] - TestCaseId = testCaseContext.getTestCaseId(): null

2021-07-26 15:42:08 - [TEST_STEP][PASSED] - out.println("**********this is the value of test case id string******** " + testCaseContext.getTestCaseId()): null

2021-07-26 15:42:08 - [TEST_STEP][PASSED] - G_currentTCName = TestCaseId.substring(TestCaseId.lastIndexOf("TC")): null

2021-07-26 15:42:08 - [TEST_STEP][PASSED] - out.println("This is the test case name : " + G_currentTCName): null

2021-07-26 15:42:09 - [TEST_STEP][PASSED] - closeBrowser(): Browser is closed

2021-07-26 15:42:09 - [MESSAGE][PASSED] - Browser is closed

2021-07-26 15:42:09 - [TEST_STEP][PASSED] - ctdc.utilities.runtestcaseforKatalon.RunKatalon("TC24_Canine_Filter_Breed-FrenchBullDg.xlsx"): Data loaded from input file for the test case. 

2021-07-26 15:42:09 - [MESSAGE][PASSED] - Test case file loaded This is the full filepath after converting to string :C:\Users\sohilz2\Commons_Automation\InputFiles\TC24_Canine_Filter_Breed-FrenchBullDg.xlsx

2021-07-26 15:42:09 - [MESSAGE][INFO] - Global variable set for password file is :  C:\Users\sohilz2\Commons_Automation\InputFiles\TC24_Canine_Filter_Breed-FrenchBullDg.xlsx

2021-07-26 15:42:13 - [MESSAGE][PASSED] - Data loaded from input file for the test case. 

2021-07-26 15:42:20 - [TEST_STEP][PASSED] - waitForElementPresent(findTestObject("Canine/NavBar/Canine_Cases_Btn"), 5): Object 'Object Repository/Canine/NavBar/Canine_Cases_Btn' is present

2021-07-26 15:42:20 - [MESSAGE][PASSED] - Object 'Object Repository/Canine/NavBar/Canine_Cases_Btn' is present

2021-07-26 15:42:20 - [TEST_STEP][PASSED] - ctdc.utilities.runtestcaseforKatalon.clickTabCanineStat("Canine/NavBar/Canine_Cases_Btn"): ctdc.utilities.runtestcaseforKatalon.clickTabCanineStat is PASSED

2021-07-26 15:42:23 - [MESSAGE][PASSED] - ctdc.utilities.runtestcaseforKatalon.clickTabCanineStat is PASSED

2021-07-26 15:42:23 - [TEST_STEP][PASSED] - waitForElementPresent(findTestObject("Bento/Cases_page/Filter/FilterByCases_Facet"), 5): Object 'Object Repository/Bento/Cases_page/Filter/FilterByCases_Facet' is present

2021-07-26 15:42:23 - [MESSAGE][PASSED] - Object 'Object Repository/Bento/Cases_page/Filter/FilterByCases_Facet' is present

2021-07-26 15:42:23 - [TEST_STEP][PASSED] - ctdc.utilities.runtestcaseforKatalon.clickTabCanineStat("Bento/Cases_page/Filter/FilterByCases_Facet"): ctdc.utilities.runtestcaseforKatalon.clickTabCanineStat is PASSED

2021-07-26 15:42:25 - [MESSAGE][PASSED] - ctdc.utilities.runtestcaseforKatalon.clickTabCanineStat is PASSED

2021-07-26 15:42:25 - [TEST_STEP][PASSED] - waitForElementPresent(findTestObject("Object Repository/Canine/Filter/Breed/BREED_Ddn"), 5): Object 'Object Repository/Canine/Filter/Breed/BREED_Ddn' is present

2021-07-26 15:42:25 - [MESSAGE][PASSED] - Object 'Object Repository/Canine/Filter/Breed/BREED_Ddn' is present

2021-07-26 15:42:25 - [TEST_STEP][PASSED] - ctdc.utilities.runtestcaseforKatalon.clickTabCanineStat("Object Repository/Canine/Filter/Breed/BREED_Ddn"): ctdc.utilities.runtestcaseforKatalon.clickTabCanineStat is PASSED

2021-07-26 15:42:26 - [MESSAGE][PASSED] - ctdc.utilities.runtestcaseforKatalon.clickTabCanineStat is PASSED

2021-07-26 15:42:26 - [TEST_STEP][PASSED] - ctdc.utilities.runtestcaseforKatalon.clickTabCanineStat("Canine/Filter/Breed/FrenchBulldog_Chkbx"): ctdc.utilities.runtestcaseforKatalon.clickTabCanineStat is PASSED

2021-07-26 15:42:28 - [MESSAGE][PASSED] - ctdc.utilities.runtestcaseforKatalon.clickTabCanineStat is PASSED

2021-07-26 15:42:28 - [TEST_STEP][PASSED] - ctdc.utilities.runtestcaseforKatalon.readStatBarCanine("Object Repository/Canine/StatBar/Canine_StatBar-Studies", "Object Repository/Canine/StatBar/Canine_StatBar-Cases", "Object Repository/Canine/StatBar/Canine_StatBar-Samples", "Object Repository/Canine/StatBar/Canine_StatBar-Files", "Object Repository/Canine/StatBar/Canine_StatBar-Aliquots"): ctdc.utilities.runtestcaseforKatalon.readStatBarCanine is PASSED

2021-07-26 15:42:44 - [MESSAGE][PASSED] - ctdc.utilities.runtestcaseforKatalon.readStatBarCanine is PASSED

2021-07-26 15:42:44 - [TEST_STEP][PASSED] - waitForElementPresent(findTestObject("Object Repository/Canine/CanineResults_Cases_Tab"), 5): Object 'Object Repository/Canine/CanineResults_Cases_Tab' is present

2021-07-26 15:42:44 - [MESSAGE][PASSED] - Object 'Object Repository/Canine/CanineResults_Cases_Tab' is present

2021-07-26 15:42:44 - [TEST_STEP][PASSED] - ctdc.utilities.runtestcaseforKatalon.clickTabCanineStat("Object Repository/Canine/CanineResults_Cases_Tab"): ctdc.utilities.runtestcaseforKatalon.clickTabCanineStat is PASSED

2021-07-26 15:42:45 - [MESSAGE][PASSED] - ctdc.utilities.runtestcaseforKatalon.clickTabCanineStat is PASSED

2021-07-26 15:42:45 - [TEST_STEP][PASSED] - ctdc.utilities.runtestcaseforKatalon.multiFunction("ICDC", G_StatBar_Cases, "Object Repository/Canine/Canine_CasesTable", "Object Repository/Canine/Canine_TableHeader", "Object Repository/Canine/Canine_CasesTabNextBtn", G_WebTabnameCases, G_CypherTabnameCases, G_QueryCasesTab): Statbar Arms count matches

2021-07-26 15:43:01 - [MESSAGE][PASSED] - Statbar Files count matches

2021-07-26 15:43:01 - [MESSAGE][PASSED] - Statbar Samples count matches

2021-07-26 15:43:01 - [MESSAGE][PASSED] - Statbar Cases count matches

2021-07-26 15:43:01 - [MESSAGE][PASSED] - Statbar Arms count matches

2021-07-26 15:43:01 - [TEST_STEP][PASSED] - waitForElementPresent(findTestObject("Object Repository/Canine/CanineResults_Samples_Tab"), 5): Object 'Object Repository/Canine/CanineResults_Samples_Tab' is present

2021-07-26 15:43:01 - [MESSAGE][PASSED] - Object 'Object Repository/Canine/CanineResults_Samples_Tab' is present

2021-07-26 15:43:01 - [TEST_STEP][PASSED] - ctdc.utilities.runtestcaseforKatalon.clickTabCanineStat("Object Repository/Canine/CanineResults_Samples_Tab"): ctdc.utilities.runtestcaseforKatalon.clickTabCanineStat is PASSED

2021-07-26 15:43:03 - [MESSAGE][PASSED] - ctdc.utilities.runtestcaseforKatalon.clickTabCanineStat is PASSED

2021-07-26 15:43:03 - [TEST_STEP][PASSED] - ctdc.utilities.runtestcaseforKatalon.multiFunction("ICDC", G_StatBar_Samples, "Object Repository/Canine/Canine_Samples_Table", "Object Repository/Canine/Canine_Samples_TableHdr", "Object Repository/Canine/Canine_SamplesTabNextBtn", G_WebTabnameSamples, G_CypherTabnameSamples, G_QuerySamplesTab): Statbar Arms count matches

2021-07-26 15:43:46 - [MESSAGE][PASSED] - Statbar Files count matches

2021-07-26 15:43:46 - [MESSAGE][PASSED] - Statbar Samples count matches

2021-07-26 15:43:46 - [MESSAGE][PASSED] - Statbar Cases count matches

2021-07-26 15:43:46 - [MESSAGE][PASSED] - Statbar Arms count matches

2021-07-26 15:43:46 - [TEST_STEP][PASSED] - waitForElementPresent(findTestObject("Object Repository/Canine/CanineResults_Files_Tab"), 5): Object 'Object Repository/Canine/CanineResults_Files_Tab' is present

2021-07-26 15:43:46 - [MESSAGE][PASSED] - Object 'Object Repository/Canine/CanineResults_Files_Tab' is present

2021-07-26 15:43:46 - [TEST_STEP][PASSED] - ctdc.utilities.runtestcaseforKatalon.clickTab("Object Repository/Canine/CanineResults_Files_Tab"): ctdc.utilities.runtestcaseforKatalon.clickTab is PASSED

2021-07-26 15:43:47 - [MESSAGE][PASSED] - ctdc.utilities.runtestcaseforKatalon.clickTab is PASSED

2021-07-26 15:43:47 - [TEST_STEP][PASSED] - ctdc.utilities.runtestcaseforKatalon.multiFunction("ICDC", G_StatBar_Files, "Object Repository/Canine/Canine_Files_Table", "Object Repository/Canine/Canine_Files_TableHdr", "Object Repository/Canine/Canine_FilesTabNextBtn", G_WebTabnameFiles, G_CypherTabnameFiles, G_QueryFilesTab): Statbar Arms count matches

2021-07-26 15:44:55 - [MESSAGE][PASSED] - Statbar Files count matches

2021-07-26 15:44:55 - [MESSAGE][PASSED] - Statbar Samples count matches

2021-07-26 15:44:55 - [MESSAGE][PASSED] - Statbar Cases count matches

2021-07-26 15:44:55 - [MESSAGE][PASSED] - Statbar Arms count matches

2021-07-26 15:44:55 - [TEST_STEP][PASSED] - closeBrowser(): Browser is closed

2021-07-26 15:44:56 - [MESSAGE][PASSED] - Browser is closed]]></system-out>
         <system-err><![CDATA[]]></system-err>
      </testcase>
      <testcase name="Test Cases/Canine_TestCases/Breed/TC25_Canine_Filter_Breed-GermanShphd" time="88.955" classname="Test Cases/Canine_TestCases/Breed/TC25_Canine_Filter_Breed-GermanShphd" status="PASSED">
         <system-out><![CDATA[2021-07-26 15:44:56 - [TEST_CASE][PASSED] - Test Cases/Canine_TestCases/Breed/TC25_Canine_Filter_Breed-GermanShphd: Test Cases/Canine_TestCases/Breed/TC25_Canine_Filter_Breed-GermanShphd

2021-07-26 15:44:56 - [TEST_STEP][PASSED] - Start listener action : getTestScriptName: null

2021-07-26 15:44:56 - [TEST_STEP][PASSED] - TestCaseId = testCaseContext.getTestCaseId(): null

2021-07-26 15:44:56 - [TEST_STEP][PASSED] - out.println("**********this is the value of test case id string******** " + testCaseContext.getTestCaseId()): null

2021-07-26 15:44:56 - [TEST_STEP][PASSED] - G_currentTCName = TestCaseId.substring(TestCaseId.lastIndexOf("TC")): null

2021-07-26 15:44:56 - [TEST_STEP][PASSED] - out.println("This is the test case name : " + G_currentTCName): null

2021-07-26 15:44:56 - [TEST_STEP][PASSED] - closeBrowser(): Browser is closed

2021-07-26 15:44:56 - [MESSAGE][PASSED] - Browser is closed

2021-07-26 15:44:56 - [TEST_STEP][PASSED] - ctdc.utilities.runtestcaseforKatalon.RunKatalon("TC25_Canine_Filter_Breed-GermanShphd.xlsx"): Data loaded from input file for the test case. 

2021-07-26 15:44:56 - [MESSAGE][PASSED] - Test case file loaded This is the full filepath after converting to string :C:\Users\sohilz2\Commons_Automation\InputFiles\TC25_Canine_Filter_Breed-GermanShphd.xlsx

2021-07-26 15:44:56 - [MESSAGE][INFO] - Global variable set for password file is :  C:\Users\sohilz2\Commons_Automation\InputFiles\TC25_Canine_Filter_Breed-GermanShphd.xlsx

2021-07-26 15:45:00 - [MESSAGE][PASSED] - Data loaded from input file for the test case. 

2021-07-26 15:45:07 - [TEST_STEP][PASSED] - click(findTestObject("Canine/NavBar/Canine_Cases_Btn")): Object: 'Object Repository/Canine/NavBar/Canine_Cases_Btn' is clicked on

2021-07-26 15:45:07 - [MESSAGE][PASSED] - Object: 'Object Repository/Canine/NavBar/Canine_Cases_Btn' is clicked on

2021-07-26 15:45:07 - [TEST_STEP][PASSED] - click(findTestObject("Bento/Cases_page/Filter/FilterByCases_Facet")): Object: 'Object Repository/Bento/Cases_page/Filter/FilterByCases_Facet' is clicked on

2021-07-26 15:45:09 - [MESSAGE][PASSED] - Object: 'Object Repository/Bento/Cases_page/Filter/FilterByCases_Facet' is clicked on

2021-07-26 15:45:09 - [TEST_STEP][PASSED] - waitForElementPresent(findTestObject("Object Repository/Canine/Filter/Breed/BREED_Ddn"), 5): Object 'Object Repository/Canine/Filter/Breed/BREED_Ddn' is present

2021-07-26 15:45:09 - [MESSAGE][PASSED] - Object 'Object Repository/Canine/Filter/Breed/BREED_Ddn' is present

2021-07-26 15:45:09 - [TEST_STEP][PASSED] - ctdc.utilities.runtestcaseforKatalon.clickTabCanineStat("Object Repository/Canine/Filter/Breed/BREED_Ddn"): ctdc.utilities.runtestcaseforKatalon.clickTabCanineStat is PASSED

2021-07-26 15:45:11 - [MESSAGE][PASSED] - ctdc.utilities.runtestcaseforKatalon.clickTabCanineStat is PASSED

2021-07-26 15:45:11 - [TEST_STEP][PASSED] - ctdc.utilities.runtestcaseforKatalon.clickTabCanineStat("Object Repository/Canine/Filter/Breed/GermanShphd_Chkbx"): ctdc.utilities.runtestcaseforKatalon.clickTabCanineStat is PASSED

2021-07-26 15:45:14 - [MESSAGE][PASSED] - ctdc.utilities.runtestcaseforKatalon.clickTabCanineStat is PASSED

2021-07-26 15:45:14 - [TEST_STEP][PASSED] - ctdc.utilities.runtestcaseforKatalon.readStatBarCanine("Object Repository/Canine/StatBar/Canine_StatBar-Studies", "Object Repository/Canine/StatBar/Canine_StatBar-Cases", "Object Repository/Canine/StatBar/Canine_StatBar-Samples", "Object Repository/Canine/StatBar/Canine_StatBar-Files", "Object Repository/Canine/StatBar/Canine_StatBar-Aliquots"): ctdc.utilities.runtestcaseforKatalon.readStatBarCanine is PASSED

2021-07-26 15:45:29 - [MESSAGE][PASSED] - ctdc.utilities.runtestcaseforKatalon.readStatBarCanine is PASSED

2021-07-26 15:45:29 - [TEST_STEP][PASSED] - waitForElementPresent(findTestObject("Object Repository/Canine/CanineResults_Cases_Tab"), 5): Object 'Object Repository/Canine/CanineResults_Cases_Tab' is present

2021-07-26 15:45:30 - [MESSAGE][PASSED] - Object 'Object Repository/Canine/CanineResults_Cases_Tab' is present

2021-07-26 15:45:30 - [TEST_STEP][PASSED] - ctdc.utilities.runtestcaseforKatalon.clickTabCanineStat("Object Repository/Canine/CanineResults_Cases_Tab"): ctdc.utilities.runtestcaseforKatalon.clickTabCanineStat is PASSED

2021-07-26 15:45:31 - [MESSAGE][PASSED] - ctdc.utilities.runtestcaseforKatalon.clickTabCanineStat is PASSED

2021-07-26 15:45:31 - [TEST_STEP][PASSED] - ctdc.utilities.runtestcaseforKatalon.multiFunction("ICDC", G_StatBar_Cases, "Object Repository/Canine/Canine_CasesTable", "Object Repository/Canine/Canine_TableHeader", "Object Repository/Canine/Canine_CasesTabNextBtn", G_WebTabnameCases, G_CypherTabnameCases, G_QueryCasesTab): Statbar Arms count matches

2021-07-26 15:45:47 - [MESSAGE][PASSED] - Statbar Files count matches

2021-07-26 15:45:47 - [MESSAGE][PASSED] - Statbar Samples count matches

2021-07-26 15:45:47 - [MESSAGE][PASSED] - Statbar Cases count matches

2021-07-26 15:45:47 - [MESSAGE][PASSED] - Statbar Arms count matches

2021-07-26 15:45:47 - [TEST_STEP][PASSED] - waitForElementPresent(findTestObject("Object Repository/Canine/CanineResults_Samples_Tab"), 5): Object 'Object Repository/Canine/CanineResults_Samples_Tab' is present

2021-07-26 15:45:47 - [MESSAGE][PASSED] - Object 'Object Repository/Canine/CanineResults_Samples_Tab' is present

2021-07-26 15:45:47 - [TEST_STEP][PASSED] - ctdc.utilities.runtestcaseforKatalon.clickTab("Object Repository/Canine/CanineResults_Samples_Tab"): ctdc.utilities.runtestcaseforKatalon.clickTab is PASSED

2021-07-26 15:45:47 - [MESSAGE][PASSED] - ctdc.utilities.runtestcaseforKatalon.clickTab is PASSED

2021-07-26 15:45:47 - [TEST_STEP][PASSED] - ctdc.utilities.runtestcaseforKatalon.multiFunction("ICDC", G_StatBar_Samples, "Object Repository/Canine/Canine_Samples_Table", "Object Repository/Canine/Canine_Samples_TableHdr", "Object Repository/Canine/Canine_SamplesTabNextBtn", G_WebTabnameSamples, G_CypherTabnameSamples, G_QuerySamplesTab): Statbar Arms count matches

2021-07-26 15:46:04 - [MESSAGE][PASSED] - Statbar Files count matches

2021-07-26 15:46:04 - [MESSAGE][PASSED] - Statbar Samples count matches

2021-07-26 15:46:04 - [MESSAGE][PASSED] - Statbar Cases count matches

2021-07-26 15:46:04 - [MESSAGE][PASSED] - Statbar Arms count matches

2021-07-26 15:46:04 - [TEST_STEP][PASSED] - waitForElementPresent(findTestObject("Object Repository/Canine/CanineResults_Files_Tab"), 5): Object 'Object Repository/Canine/CanineResults_Files_Tab' is present

2021-07-26 15:46:04 - [MESSAGE][PASSED] - Object 'Object Repository/Canine/CanineResults_Files_Tab' is present

2021-07-26 15:46:04 - [TEST_STEP][PASSED] - ctdc.utilities.runtestcaseforKatalon.clickTabCanineStat("Object Repository/Canine/CanineResults_Files_Tab"): ctdc.utilities.runtestcaseforKatalon.clickTabCanineStat is PASSED

2021-07-26 15:46:06 - [MESSAGE][PASSED] - ctdc.utilities.runtestcaseforKatalon.clickTabCanineStat is PASSED

2021-07-26 15:46:06 - [TEST_STEP][PASSED] - ctdc.utilities.runtestcaseforKatalon.multiFunction("ICDC", G_StatBar_Files, "Object Repository/Canine/Canine_Files_Table", "Object Repository/Canine/Canine_Files_TableHdr", "Object Repository/Canine/Canine_FilesTabNextBtn", G_WebTabnameFiles, G_CypherTabnameFiles, G_QueryFilesTab): Statbar Arms count matches

2021-07-26 15:46:24 - [MESSAGE][PASSED] - Statbar Files count matches

2021-07-26 15:46:24 - [MESSAGE][PASSED] - Statbar Samples count matches

2021-07-26 15:46:24 - [MESSAGE][PASSED] - Statbar Cases count matches

2021-07-26 15:46:24 - [MESSAGE][PASSED] - Statbar Arms count matches

2021-07-26 15:46:24 - [TEST_STEP][PASSED] - closeBrowser(): Browser is closed

2021-07-26 15:46:25 - [MESSAGE][PASSED] - Browser is closed]]></system-out>
         <system-err><![CDATA[]]></system-err>
      </testcase>
      <testcase name="Test Cases/Canine_TestCases/Breed/TC27_Canine_Filter_Breed-Giant" time="84.143" classname="Test Cases/Canine_TestCases/Breed/TC27_Canine_Filter_Breed-Giant" status="PASSED">
         <system-out><![CDATA[2021-07-26 15:46:25 - [TEST_CASE][PASSED] - Test Cases/Canine_TestCases/Breed/TC27_Canine_Filter_Breed-Giant: Test Cases/Canine_TestCases/Breed/TC27_Canine_Filter_Breed-Giant

2021-07-26 15:46:25 - [TEST_STEP][PASSED] - Start listener action : getTestScriptName: null

2021-07-26 15:46:25 - [TEST_STEP][PASSED] - TestCaseId = testCaseContext.getTestCaseId(): null

2021-07-26 15:46:25 - [TEST_STEP][PASSED] - out.println("**********this is the value of test case id string******** " + testCaseContext.getTestCaseId()): null

2021-07-26 15:46:25 - [TEST_STEP][PASSED] - G_currentTCName = TestCaseId.substring(TestCaseId.lastIndexOf("TC")): null

2021-07-26 15:46:25 - [TEST_STEP][PASSED] - out.println("This is the test case name : " + G_currentTCName): null

2021-07-26 15:46:25 - [TEST_STEP][PASSED] - closeBrowser(): Browser is closed

2021-07-26 15:46:25 - [MESSAGE][PASSED] - Browser is closed

2021-07-26 15:46:25 - [TEST_STEP][PASSED] - ctdc.utilities.runtestcaseforKatalon.RunKatalon("TC27_Canine_Filter_Breed-Giant.xlsx"): Data loaded from input file for the test case. 

2021-07-26 15:46:25 - [MESSAGE][PASSED] - Test case file loaded This is the full filepath after converting to string :C:\Users\sohilz2\Commons_Automation\InputFiles\TC27_Canine_Filter_Breed-Giant.xlsx

2021-07-26 15:46:25 - [MESSAGE][INFO] - Global variable set for password file is :  C:\Users\sohilz2\Commons_Automation\InputFiles\TC27_Canine_Filter_Breed-Giant.xlsx

2021-07-26 15:46:29 - [MESSAGE][PASSED] - Data loaded from input file for the test case. 

2021-07-26 15:46:36 - [TEST_STEP][PASSED] - click(findTestObject("Canine/NavBar/Canine_Cases_Btn")): Object: 'Object Repository/Canine/NavBar/Canine_Cases_Btn' is clicked on

2021-07-26 15:46:36 - [MESSAGE][PASSED] - Object: 'Object Repository/Canine/NavBar/Canine_Cases_Btn' is clicked on

2021-07-26 15:46:36 - [TEST_STEP][PASSED] - click(findTestObject("Bento/Cases_page/Filter/FilterByCases_Facet")): Object: 'Object Repository/Bento/Cases_page/Filter/FilterByCases_Facet' is clicked on

2021-07-26 15:46:38 - [MESSAGE][PASSED] - Object: 'Object Repository/Bento/Cases_page/Filter/FilterByCases_Facet' is clicked on

2021-07-26 15:46:38 - [TEST_STEP][PASSED] - waitForElementPresent(findTestObject("Object Repository/Canine/Filter/Breed/BREED_Ddn"), 5): Object 'Object Repository/Canine/Filter/Breed/BREED_Ddn' is present

2021-07-26 15:46:39 - [MESSAGE][PASSED] - Object 'Object Repository/Canine/Filter/Breed/BREED_Ddn' is present

2021-07-26 15:46:39 - [TEST_STEP][PASSED] - ctdc.utilities.runtestcaseforKatalon.clickTabCanineStat("Object Repository/Canine/Filter/Breed/BREED_Ddn"): ctdc.utilities.runtestcaseforKatalon.clickTabCanineStat is PASSED

2021-07-26 15:46:40 - [MESSAGE][PASSED] - ctdc.utilities.runtestcaseforKatalon.clickTabCanineStat is PASSED

2021-07-26 15:46:40 - [TEST_STEP][PASSED] - ctdc.utilities.runtestcaseforKatalon.clickTabCanineStat("Object Repository/Canine/Filter/Breed/Giant_Chkbx"): ctdc.utilities.runtestcaseforKatalon.clickTabCanineStat is PASSED

2021-07-26 15:46:43 - [MESSAGE][PASSED] - ctdc.utilities.runtestcaseforKatalon.clickTabCanineStat is PASSED

2021-07-26 15:46:43 - [TEST_STEP][PASSED] - ctdc.utilities.runtestcaseforKatalon.readStatBarCanine("Object Repository/Canine/StatBar/Canine_StatBar-Studies", "Object Repository/Canine/StatBar/Canine_StatBar-Cases", "Object Repository/Canine/StatBar/Canine_StatBar-Samples", "Object Repository/Canine/StatBar/Canine_StatBar-Files", "Object Repository/Canine/StatBar/Canine_StatBar-Aliquots"): ctdc.utilities.runtestcaseforKatalon.readStatBarCanine is PASSED

2021-07-26 15:46:58 - [MESSAGE][PASSED] - ctdc.utilities.runtestcaseforKatalon.readStatBarCanine is PASSED

2021-07-26 15:46:58 - [TEST_STEP][PASSED] - waitForElementPresent(findTestObject("Object Repository/Canine/CanineResults_Cases_Tab"), 5): Object 'Object Repository/Canine/CanineResults_Cases_Tab' is present

2021-07-26 15:46:58 - [MESSAGE][PASSED] - Object 'Object Repository/Canine/CanineResults_Cases_Tab' is present

2021-07-26 15:46:58 - [TEST_STEP][PASSED] - ctdc.utilities.runtestcaseforKatalon.clickTabCanineStat("Object Repository/Canine/CanineResults_Cases_Tab"): ctdc.utilities.runtestcaseforKatalon.clickTabCanineStat is PASSED

2021-07-26 15:47:00 - [MESSAGE][PASSED] - ctdc.utilities.runtestcaseforKatalon.clickTabCanineStat is PASSED

2021-07-26 15:47:00 - [TEST_STEP][PASSED] - ctdc.utilities.runtestcaseforKatalon.multiFunction("ICDC", G_StatBar_Cases, "Object Repository/Canine/Canine_CasesTable", "Object Repository/Canine/Canine_TableHeader", "Object Repository/Canine/Canine_CasesTabNextBtn", G_WebTabnameCases, G_CypherTabnameCases, G_QueryCasesTab): Statbar Arms count matches

2021-07-26 15:47:15 - [MESSAGE][PASSED] - Statbar Files count matches

2021-07-26 15:47:15 - [MESSAGE][PASSED] - Statbar Samples count matches

2021-07-26 15:47:15 - [MESSAGE][PASSED] - Statbar Cases count matches

2021-07-26 15:47:15 - [MESSAGE][PASSED] - Statbar Arms count matches

2021-07-26 15:47:15 - [TEST_STEP][PASSED] - waitForElementPresent(findTestObject("Object Repository/Canine/CanineResults_Samples_Tab"), 5): Object 'Object Repository/Canine/CanineResults_Samples_Tab' is present

2021-07-26 15:47:15 - [MESSAGE][PASSED] - Object 'Object Repository/Canine/CanineResults_Samples_Tab' is present

2021-07-26 15:47:15 - [TEST_STEP][PASSED] - ctdc.utilities.runtestcaseforKatalon.clickTabCanineStat("Object Repository/Canine/CanineResults_Samples_Tab"): ctdc.utilities.runtestcaseforKatalon.clickTabCanineStat is PASSED

2021-07-26 15:47:17 - [MESSAGE][PASSED] - ctdc.utilities.runtestcaseforKatalon.clickTabCanineStat is PASSED

2021-07-26 15:47:17 - [TEST_STEP][PASSED] - ctdc.utilities.runtestcaseforKatalon.multiFunction("ICDC", G_StatBar_Samples, "Object Repository/Canine/Canine_Samples_Table", "Object Repository/Canine/Canine_Samples_TableHdr", "Object Repository/Canine/Canine_SamplesTabNextBtn", G_WebTabnameSamples, G_CypherTabnameSamples, G_QuerySamplesTab): Statbar Arms count matches

2021-07-26 15:47:32 - [MESSAGE][PASSED] - Statbar Files count matches

2021-07-26 15:47:32 - [MESSAGE][PASSED] - Statbar Samples count matches

2021-07-26 15:47:32 - [MESSAGE][PASSED] - Statbar Cases count matches

2021-07-26 15:47:32 - [MESSAGE][PASSED] - Statbar Arms count matches

2021-07-26 15:47:32 - [TEST_STEP][PASSED] - waitForElementPresent(findTestObject("Object Repository/Canine/CanineResults_Files_Tab"), 5): Object 'Object Repository/Canine/CanineResults_Files_Tab' is present

2021-07-26 15:47:32 - [MESSAGE][PASSED] - Object 'Object Repository/Canine/CanineResults_Files_Tab' is present

2021-07-26 15:47:32 - [TEST_STEP][PASSED] - ctdc.utilities.runtestcaseforKatalon.clickTab("Object Repository/Canine/CanineResults_Files_Tab"): ctdc.utilities.runtestcaseforKatalon.clickTab is PASSED

2021-07-26 15:47:32 - [MESSAGE][PASSED] - ctdc.utilities.runtestcaseforKatalon.clickTab is PASSED

2021-07-26 15:47:32 - [TEST_STEP][PASSED] - ctdc.utilities.runtestcaseforKatalon.multiFunction("ICDC", G_StatBar_Files, "Object Repository/Canine/Canine_Files_Table", "Object Repository/Canine/Canine_Files_TableHdr", "Object Repository/Canine/Canine_FilesTabNextBtn", G_WebTabnameFiles, G_CypherTabnameFiles, G_QueryFilesTab): Statbar Arms count matches

2021-07-26 15:47:48 - [MESSAGE][PASSED] - Statbar Files count matches

2021-07-26 15:47:48 - [MESSAGE][PASSED] - Statbar Samples count matches

2021-07-26 15:47:48 - [MESSAGE][PASSED] - Statbar Cases count matches

2021-07-26 15:47:48 - [MESSAGE][PASSED] - Statbar Arms count matches

2021-07-26 15:47:48 - [TEST_STEP][PASSED] - closeBrowser(): Browser is closed

2021-07-26 15:47:49 - [MESSAGE][PASSED] - Browser is closed]]></system-out>
         <system-err><![CDATA[]]></system-err>
      </testcase>
      <testcase name="Test Cases/Canine_TestCases/Breed/TC29_Canine_Filter_Breed-Gordon" time="83.452" classname="Test Cases/Canine_TestCases/Breed/TC29_Canine_Filter_Breed-Gordon" status="PASSED">
         <system-out><![CDATA[2021-07-26 15:47:49 - [TEST_CASE][PASSED] - Test Cases/Canine_TestCases/Breed/TC29_Canine_Filter_Breed-Gordon: Test Cases/Canine_TestCases/Breed/TC29_Canine_Filter_Breed-Gordon

2021-07-26 15:47:49 - [TEST_STEP][PASSED] - Start listener action : getTestScriptName: null

2021-07-26 15:47:49 - [TEST_STEP][PASSED] - TestCaseId = testCaseContext.getTestCaseId(): null

2021-07-26 15:47:49 - [TEST_STEP][PASSED] - out.println("**********this is the value of test case id string******** " + testCaseContext.getTestCaseId()): null

2021-07-26 15:47:49 - [TEST_STEP][PASSED] - G_currentTCName = TestCaseId.substring(TestCaseId.lastIndexOf("TC")): null

2021-07-26 15:47:49 - [TEST_STEP][PASSED] - out.println("This is the test case name : " + G_currentTCName): null

2021-07-26 15:47:49 - [TEST_STEP][PASSED] - closeBrowser(): Browser is closed

2021-07-26 15:47:49 - [MESSAGE][PASSED] - Browser is closed

2021-07-26 15:47:49 - [TEST_STEP][PASSED] - ctdc.utilities.runtestcaseforKatalon.RunKatalon("TC29_Canine_Filter_Breed-Gordon.xlsx"): Data loaded from input file for the test case. 

2021-07-26 15:47:49 - [MESSAGE][PASSED] - Test case file loaded This is the full filepath after converting to string :C:\Users\sohilz2\Commons_Automation\InputFiles\TC29_Canine_Filter_Breed-Gordon.xlsx

2021-07-26 15:47:49 - [MESSAGE][INFO] - Global variable set for password file is :  C:\Users\sohilz2\Commons_Automation\InputFiles\TC29_Canine_Filter_Breed-Gordon.xlsx

2021-07-26 15:47:53 - [MESSAGE][PASSED] - Data loaded from input file for the test case. 

2021-07-26 15:48:00 - [TEST_STEP][PASSED] - click(findTestObject("Canine/NavBar/Canine_Cases_Btn")): Object: 'Object Repository/Canine/NavBar/Canine_Cases_Btn' is clicked on

2021-07-26 15:48:00 - [MESSAGE][PASSED] - Object: 'Object Repository/Canine/NavBar/Canine_Cases_Btn' is clicked on

2021-07-26 15:48:00 - [TEST_STEP][PASSED] - click(findTestObject("Bento/Cases_page/Filter/FilterByCases_Facet")): Object: 'Object Repository/Bento/Cases_page/Filter/FilterByCases_Facet' is clicked on

2021-07-26 15:48:02 - [MESSAGE][PASSED] - Object: 'Object Repository/Bento/Cases_page/Filter/FilterByCases_Facet' is clicked on

2021-07-26 15:48:02 - [TEST_STEP][PASSED] - waitForElementPresent(findTestObject("Object Repository/Canine/Filter/Breed/BREED_Ddn"), 5): Object 'Object Repository/Canine/Filter/Breed/BREED_Ddn' is present

2021-07-26 15:48:02 - [MESSAGE][PASSED] - Object 'Object Repository/Canine/Filter/Breed/BREED_Ddn' is present

2021-07-26 15:48:02 - [TEST_STEP][PASSED] - ctdc.utilities.runtestcaseforKatalon.clickTabCanineStat("Object Repository/Canine/Filter/Breed/BREED_Ddn"): ctdc.utilities.runtestcaseforKatalon.clickTabCanineStat is PASSED

2021-07-26 15:48:04 - [MESSAGE][PASSED] - ctdc.utilities.runtestcaseforKatalon.clickTabCanineStat is PASSED

2021-07-26 15:48:04 - [TEST_STEP][PASSED] - ctdc.utilities.runtestcaseforKatalon.clickTabCanineStat("Object Repository/Canine/Filter/Breed/Gordon_Chkbx"): ctdc.utilities.runtestcaseforKatalon.clickTabCanineStat is PASSED

2021-07-26 15:48:06 - [MESSAGE][PASSED] - ctdc.utilities.runtestcaseforKatalon.clickTabCanineStat is PASSED

2021-07-26 15:48:06 - [TEST_STEP][PASSED] - ctdc.utilities.runtestcaseforKatalon.readStatBarCanine("Object Repository/Canine/StatBar/Canine_StatBar-Studies", "Object Repository/Canine/StatBar/Canine_StatBar-Cases", "Object Repository/Canine/StatBar/Canine_StatBar-Samples", "Object Repository/Canine/StatBar/Canine_StatBar-Files", "Object Repository/Canine/StatBar/Canine_StatBar-Aliquots"): ctdc.utilities.runtestcaseforKatalon.readStatBarCanine is PASSED

2021-07-26 15:48:21 - [MESSAGE][PASSED] - ctdc.utilities.runtestcaseforKatalon.readStatBarCanine is PASSED

2021-07-26 15:48:21 - [TEST_STEP][PASSED] - waitForElementPresent(findTestObject("Object Repository/Canine/CanineResults_Cases_Tab"), 5): Object 'Object Repository/Canine/CanineResults_Cases_Tab' is present

2021-07-26 15:48:21 - [MESSAGE][PASSED] - Object 'Object Repository/Canine/CanineResults_Cases_Tab' is present

2021-07-26 15:48:21 - [TEST_STEP][PASSED] - ctdc.utilities.runtestcaseforKatalon.clickTabCanineStat("Object Repository/Canine/CanineResults_Cases_Tab"): ctdc.utilities.runtestcaseforKatalon.clickTabCanineStat is PASSED

2021-07-26 15:48:22 - [MESSAGE][PASSED] - ctdc.utilities.runtestcaseforKatalon.clickTabCanineStat is PASSED

2021-07-26 15:48:22 - [TEST_STEP][PASSED] - ctdc.utilities.runtestcaseforKatalon.multiFunction("ICDC", G_StatBar_Cases, "Object Repository/Canine/Canine_CasesTable", "Object Repository/Canine/Canine_TableHeader", "Object Repository/Canine/Canine_CasesTabNextBtn", G_WebTabnameCases, G_CypherTabnameCases, G_QueryCasesTab): Statbar Arms count matches

2021-07-26 15:48:37 - [MESSAGE][PASSED] - Statbar Files count matches

2021-07-26 15:48:37 - [MESSAGE][PASSED] - Statbar Samples count matches

2021-07-26 15:48:37 - [MESSAGE][PASSED] - Statbar Cases count matches

2021-07-26 15:48:37 - [MESSAGE][PASSED] - Statbar Arms count matches

2021-07-26 15:48:37 - [TEST_STEP][PASSED] - waitForElementPresent(findTestObject("Object Repository/Canine/CanineResults_Samples_Tab"), 5): Object 'Object Repository/Canine/CanineResults_Samples_Tab' is present

2021-07-26 15:48:37 - [MESSAGE][PASSED] - Object 'Object Repository/Canine/CanineResults_Samples_Tab' is present

2021-07-26 15:48:37 - [TEST_STEP][PASSED] - ctdc.utilities.runtestcaseforKatalon.clickTabCanineStat("Object Repository/Canine/CanineResults_Samples_Tab"): ctdc.utilities.runtestcaseforKatalon.clickTabCanineStat is PASSED

2021-07-26 15:48:39 - [MESSAGE][PASSED] - ctdc.utilities.runtestcaseforKatalon.clickTabCanineStat is PASSED

2021-07-26 15:48:39 - [TEST_STEP][PASSED] - ctdc.utilities.runtestcaseforKatalon.multiFunction("ICDC", G_StatBar_Samples, "Object Repository/Canine/Canine_Samples_Table", "Object Repository/Canine/Canine_Samples_TableHdr", "Object Repository/Canine/Canine_SamplesTabNextBtn", G_WebTabnameSamples, G_CypherTabnameSamples, G_QuerySamplesTab): Statbar Arms count matches

2021-07-26 15:48:54 - [MESSAGE][PASSED] - Statbar Files count matches

2021-07-26 15:48:54 - [MESSAGE][PASSED] - Statbar Samples count matches

2021-07-26 15:48:54 - [MESSAGE][PASSED] - Statbar Cases count matches

2021-07-26 15:48:54 - [MESSAGE][PASSED] - Statbar Arms count matches

2021-07-26 15:48:54 - [TEST_STEP][PASSED] - waitForElementPresent(findTestObject("Object Repository/Canine/CanineResults_Files_Tab"), 5): Object 'Object Repository/Canine/CanineResults_Files_Tab' is present

2021-07-26 15:48:54 - [MESSAGE][PASSED] - Object 'Object Repository/Canine/CanineResults_Files_Tab' is present

2021-07-26 15:48:54 - [TEST_STEP][PASSED] - ctdc.utilities.runtestcaseforKatalon.clickTabCanineStat("Object Repository/Canine/CanineResults_Files_Tab"): ctdc.utilities.runtestcaseforKatalon.clickTabCanineStat is PASSED

2021-07-26 15:48:55 - [MESSAGE][PASSED] - ctdc.utilities.runtestcaseforKatalon.clickTabCanineStat is PASSED

2021-07-26 15:48:55 - [TEST_STEP][PASSED] - ctdc.utilities.runtestcaseforKatalon.multiFunction("ICDC", G_StatBar_Files, "Object Repository/Canine/Canine_Files_Table", "Object Repository/Canine/Canine_Files_TableHdr", "Object Repository/Canine/Canine_FilesTabNextBtn", G_WebTabnameFiles, G_CypherTabnameFiles, G_QueryFilesTab): Statbar Arms count matches

2021-07-26 15:49:12 - [MESSAGE][PASSED] - Statbar Files count matches

2021-07-26 15:49:12 - [MESSAGE][PASSED] - Statbar Samples count matches

2021-07-26 15:49:12 - [MESSAGE][PASSED] - Statbar Cases count matches

2021-07-26 15:49:12 - [MESSAGE][PASSED] - Statbar Arms count matches

2021-07-26 15:49:12 - [TEST_STEP][PASSED] - closeBrowser(): Browser is closed

2021-07-26 15:49:12 - [MESSAGE][PASSED] - Browser is closed]]></system-out>
         <system-err><![CDATA[]]></system-err>
      </testcase>
      <testcase name="Test Cases/Canine_TestCases/Breed/TC31_Canine_Filter_Breed-IrishSettr" time="78.958" classname="Test Cases/Canine_TestCases/Breed/TC31_Canine_Filter_Breed-IrishSettr" status="PASSED">
         <system-out><![CDATA[2021-07-26 15:49:12 - [TEST_CASE][PASSED] - Test Cases/Canine_TestCases/Breed/TC31_Canine_Filter_Breed-IrishSettr: Test Cases/Canine_TestCases/Breed/TC31_Canine_Filter_Breed-IrishSettr

2021-07-26 15:49:12 - [TEST_STEP][PASSED] - Start listener action : getTestScriptName: null

2021-07-26 15:49:12 - [TEST_STEP][PASSED] - TestCaseId = testCaseContext.getTestCaseId(): null

2021-07-26 15:49:12 - [TEST_STEP][PASSED] - out.println("**********this is the value of test case id string******** " + testCaseContext.getTestCaseId()): null

2021-07-26 15:49:12 - [TEST_STEP][PASSED] - G_currentTCName = TestCaseId.substring(TestCaseId.lastIndexOf("TC")): null

2021-07-26 15:49:12 - [TEST_STEP][PASSED] - out.println("This is the test case name : " + G_currentTCName): null

2021-07-26 15:49:13 - [TEST_STEP][PASSED] - closeBrowser(): Browser is closed

2021-07-26 15:49:13 - [MESSAGE][PASSED] - Browser is closed

2021-07-26 15:49:13 - [TEST_STEP][PASSED] - ctdc.utilities.runtestcaseforKatalon.RunKatalon("TC31_Canine_Filter_Breed-IrishSettr.xlsx"): Data loaded from input file for the test case. 

2021-07-26 15:49:13 - [MESSAGE][PASSED] - Test case file loaded This is the full filepath after converting to string :C:\Users\sohilz2\Commons_Automation\InputFiles\TC31_Canine_Filter_Breed-IrishSettr.xlsx

2021-07-26 15:49:13 - [MESSAGE][INFO] - Global variable set for password file is :  C:\Users\sohilz2\Commons_Automation\InputFiles\TC31_Canine_Filter_Breed-IrishSettr.xlsx

2021-07-26 15:49:17 - [MESSAGE][PASSED] - Data loaded from input file for the test case. 

2021-07-26 15:49:23 - [TEST_STEP][PASSED] - click(findTestObject("Canine/NavBar/Canine_Cases_Btn")): Object: 'Object Repository/Canine/NavBar/Canine_Cases_Btn' is clicked on

2021-07-26 15:49:23 - [MESSAGE][PASSED] - Object: 'Object Repository/Canine/NavBar/Canine_Cases_Btn' is clicked on

2021-07-26 15:49:23 - [TEST_STEP][PASSED] - click(findTestObject("Bento/Cases_page/Filter/FilterByCases_Facet")): Object: 'Object Repository/Bento/Cases_page/Filter/FilterByCases_Facet' is clicked on

2021-07-26 15:49:25 - [MESSAGE][PASSED] - Object: 'Object Repository/Bento/Cases_page/Filter/FilterByCases_Facet' is clicked on

2021-07-26 15:49:25 - [TEST_STEP][PASSED] - waitForElementPresent(findTestObject("Object Repository/Canine/Filter/Breed/BREED_Ddn"), 5): Object 'Object Repository/Canine/Filter/Breed/BREED_Ddn' is present

2021-07-26 15:49:25 - [MESSAGE][PASSED] - Object 'Object Repository/Canine/Filter/Breed/BREED_Ddn' is present

2021-07-26 15:49:25 - [TEST_STEP][PASSED] - ctdc.utilities.runtestcaseforKatalon.clickTabCanineStat("Object Repository/Canine/Filter/Breed/BREED_Ddn"): ctdc.utilities.runtestcaseforKatalon.clickTabCanineStat is PASSED

2021-07-26 15:49:27 - [MESSAGE][PASSED] - ctdc.utilities.runtestcaseforKatalon.clickTabCanineStat is PASSED

2021-07-26 15:49:27 - [TEST_STEP][PASSED] - ctdc.utilities.runtestcaseforKatalon.clickTabCanineStat("Object Repository/Canine/Filter/Breed/IrishSetter_Chkbx"): ctdc.utilities.runtestcaseforKatalon.clickTabCanineStat is PASSED

2021-07-26 15:49:29 - [MESSAGE][PASSED] - ctdc.utilities.runtestcaseforKatalon.clickTabCanineStat is PASSED

2021-07-26 15:49:29 - [TEST_STEP][PASSED] - ctdc.utilities.runtestcaseforKatalon.readStatBarCanine("Object Repository/Canine/StatBar/Canine_StatBar-Studies", "Object Repository/Canine/StatBar/Canine_StatBar-Cases", "Object Repository/Canine/StatBar/Canine_StatBar-Samples", "Object Repository/Canine/StatBar/Canine_StatBar-Files", "Object Repository/Canine/StatBar/Canine_StatBar-Aliquots"): ctdc.utilities.runtestcaseforKatalon.readStatBarCanine is PASSED

2021-07-26 15:49:44 - [MESSAGE][PASSED] - ctdc.utilities.runtestcaseforKatalon.readStatBarCanine is PASSED

2021-07-26 15:49:44 - [TEST_STEP][PASSED] - waitForElementPresent(findTestObject("Object Repository/Canine/CanineResults_Cases_Tab"), 5): Object 'Object Repository/Canine/CanineResults_Cases_Tab' is present

2021-07-26 15:49:44 - [MESSAGE][PASSED] - Object 'Object Repository/Canine/CanineResults_Cases_Tab' is present

2021-07-26 15:49:44 - [TEST_STEP][PASSED] - ctdc.utilities.runtestcaseforKatalon.clickTabCanineStat("Object Repository/Canine/CanineResults_Cases_Tab"): ctdc.utilities.runtestcaseforKatalon.clickTabCanineStat is PASSED

2021-07-26 15:49:45 - [MESSAGE][PASSED] - ctdc.utilities.runtestcaseforKatalon.clickTabCanineStat is PASSED

2021-07-26 15:49:45 - [TEST_STEP][PASSED] - ctdc.utilities.runtestcaseforKatalon.multiFunction("ICDC", G_StatBar_Cases, "Object Repository/Canine/Canine_CasesTable", "Object Repository/Canine/Canine_TableHeader", "Object Repository/Canine/Canine_CasesTabNextBtn", G_WebTabnameCases, G_CypherTabnameCases, G_QueryCasesTab): Statbar Arms count matches

2021-07-26 15:50:00 - [MESSAGE][PASSED] - Statbar Files count matches

2021-07-26 15:50:00 - [MESSAGE][PASSED] - Statbar Samples count matches

2021-07-26 15:50:00 - [MESSAGE][PASSED] - Statbar Cases count matches

2021-07-26 15:50:00 - [MESSAGE][PASSED] - Statbar Arms count matches

2021-07-26 15:50:00 - [TEST_STEP][PASSED] - waitForElementPresent(findTestObject("Object Repository/Canine/CanineResults_Samples_Tab"), 5): Object 'Object Repository/Canine/CanineResults_Samples_Tab' is present

2021-07-26 15:50:00 - [MESSAGE][PASSED] - Object 'Object Repository/Canine/CanineResults_Samples_Tab' is present

2021-07-26 15:50:00 - [TEST_STEP][PASSED] - ctdc.utilities.runtestcaseforKatalon.clickTabCanineStat("Object Repository/Canine/CanineResults_Samples_Tab"): ctdc.utilities.runtestcaseforKatalon.clickTabCanineStat is PASSED

2021-07-26 15:50:01 - [MESSAGE][PASSED] - ctdc.utilities.runtestcaseforKatalon.clickTabCanineStat is PASSED

2021-07-26 15:50:01 - [TEST_STEP][PASSED] - ctdc.utilities.runtestcaseforKatalon.multiFunction("ICDC", G_StatBar_Samples, "Object Repository/Canine/Canine_Samples_Table", "Object Repository/Canine/Canine_Samples_TableHdr", "Object Repository/Canine/Canine_SamplesTabNextBtn", G_WebTabnameSamples, G_CypherTabnameSamples, G_QuerySamplesTab): Statbar Arms count matches

2021-07-26 15:50:15 - [MESSAGE][PASSED] - Statbar Files count matches

2021-07-26 15:50:15 - [MESSAGE][PASSED] - Statbar Samples count matches

2021-07-26 15:50:15 - [MESSAGE][PASSED] - Statbar Cases count matches

2021-07-26 15:50:15 - [MESSAGE][PASSED] - Statbar Arms count matches

2021-07-26 15:50:15 - [TEST_STEP][PASSED] - waitForElementPresent(findTestObject("Object Repository/Canine/CanineResults_Files_Tab"), 5): Object 'Object Repository/Canine/CanineResults_Files_Tab' is present

2021-07-26 15:50:15 - [MESSAGE][PASSED] - Object 'Object Repository/Canine/CanineResults_Files_Tab' is present

2021-07-26 15:50:15 - [TEST_STEP][PASSED] - ctdc.utilities.runtestcaseforKatalon.clickTabCanineStat("Object Repository/Canine/CanineResults_Files_Tab"): ctdc.utilities.runtestcaseforKatalon.clickTabCanineStat is PASSED

2021-07-26 15:50:17 - [MESSAGE][PASSED] - ctdc.utilities.runtestcaseforKatalon.clickTabCanineStat is PASSED

2021-07-26 15:50:17 - [TEST_STEP][PASSED] - ctdc.utilities.runtestcaseforKatalon.multiFunction("ICDC", G_StatBar_Files, "Object Repository/Canine/Canine_Files_Table", "Object Repository/Canine/Canine_Files_TableHdr", "Object Repository/Canine/Canine_FilesTabNextBtn", G_WebTabnameFiles, G_CypherTabnameFiles, G_QueryFilesTab): Statbar Arms count matches

2021-07-26 15:50:31 - [MESSAGE][PASSED] - Statbar Files count matches

2021-07-26 15:50:31 - [MESSAGE][PASSED] - Statbar Samples count matches

2021-07-26 15:50:31 - [MESSAGE][PASSED] - Statbar Cases count matches

2021-07-26 15:50:31 - [MESSAGE][PASSED] - Statbar Arms count matches

2021-07-26 15:50:31 - [TEST_STEP][PASSED] - closeBrowser(): Browser is closed

2021-07-26 15:50:31 - [MESSAGE][PASSED] - Browser is closed]]></system-out>
         <system-err><![CDATA[]]></system-err>
      </testcase>
      <testcase name="Test Cases/Canine_TestCases/Breed/TC32_Canine_Filter_Breed-IrishWlfhnd" time="79.152" classname="Test Cases/Canine_TestCases/Breed/TC32_Canine_Filter_Breed-IrishWlfhnd" status="PASSED">
         <system-out><![CDATA[2021-07-26 15:50:31 - [TEST_CASE][PASSED] - Test Cases/Canine_TestCases/Breed/TC32_Canine_Filter_Breed-IrishWlfhnd: Test Cases/Canine_TestCases/Breed/TC32_Canine_Filter_Breed-IrishWlfhnd

2021-07-26 15:50:31 - [TEST_STEP][PASSED] - Start listener action : getTestScriptName: null

2021-07-26 15:50:31 - [TEST_STEP][PASSED] - TestCaseId = testCaseContext.getTestCaseId(): null

2021-07-26 15:50:31 - [TEST_STEP][PASSED] - out.println("**********this is the value of test case id string******** " + testCaseContext.getTestCaseId()): null

2021-07-26 15:50:31 - [TEST_STEP][PASSED] - G_currentTCName = TestCaseId.substring(TestCaseId.lastIndexOf("TC")): null

2021-07-26 15:50:31 - [TEST_STEP][PASSED] - out.println("This is the test case name : " + G_currentTCName): null

2021-07-26 15:50:32 - [TEST_STEP][PASSED] - closeBrowser(): Browser is closed

2021-07-26 15:50:32 - [MESSAGE][PASSED] - Browser is closed

2021-07-26 15:50:32 - [TEST_STEP][PASSED] - ctdc.utilities.runtestcaseforKatalon.RunKatalon("TC32_Canine_Filter_Breed-IrishWlfhnd.xlsx"): Data loaded from input file for the test case. 

2021-07-26 15:50:32 - [MESSAGE][PASSED] - Test case file loaded This is the full filepath after converting to string :C:\Users\sohilz2\Commons_Automation\InputFiles\TC32_Canine_Filter_Breed-IrishWlfhnd.xlsx

2021-07-26 15:50:32 - [MESSAGE][INFO] - Global variable set for password file is :  C:\Users\sohilz2\Commons_Automation\InputFiles\TC32_Canine_Filter_Breed-IrishWlfhnd.xlsx

2021-07-26 15:50:36 - [MESSAGE][PASSED] - Data loaded from input file for the test case. 

2021-07-26 15:50:42 - [TEST_STEP][PASSED] - click(findTestObject("Canine/NavBar/Canine_Cases_Btn")): Object: 'Object Repository/Canine/NavBar/Canine_Cases_Btn' is clicked on

2021-07-26 15:50:42 - [MESSAGE][PASSED] - Object: 'Object Repository/Canine/NavBar/Canine_Cases_Btn' is clicked on

2021-07-26 15:50:42 - [TEST_STEP][PASSED] - click(findTestObject("Bento/Cases_page/Filter/FilterByCases_Facet")): Object: 'Object Repository/Bento/Cases_page/Filter/FilterByCases_Facet' is clicked on

2021-07-26 15:50:44 - [MESSAGE][PASSED] - Object: 'Object Repository/Bento/Cases_page/Filter/FilterByCases_Facet' is clicked on

2021-07-26 15:50:44 - [TEST_STEP][PASSED] - waitForElementPresent(findTestObject("Object Repository/Canine/Filter/Breed/BREED_Ddn"), 5): Object 'Object Repository/Canine/Filter/Breed/BREED_Ddn' is present

2021-07-26 15:50:44 - [MESSAGE][PASSED] - Object 'Object Repository/Canine/Filter/Breed/BREED_Ddn' is present

2021-07-26 15:50:44 - [TEST_STEP][PASSED] - ctdc.utilities.runtestcaseforKatalon.clickTabCanineStat("Object Repository/Canine/Filter/Breed/BREED_Ddn"): ctdc.utilities.runtestcaseforKatalon.clickTabCanineStat is PASSED

2021-07-26 15:50:46 - [MESSAGE][PASSED] - ctdc.utilities.runtestcaseforKatalon.clickTabCanineStat is PASSED

2021-07-26 15:50:46 - [TEST_STEP][PASSED] - ctdc.utilities.runtestcaseforKatalon.clickTabCanineStat("Object Repository/Canine/Filter/Breed/IrishWolfhnd_Chkbx"): ctdc.utilities.runtestcaseforKatalon.clickTabCanineStat is PASSED

2021-07-26 15:50:48 - [MESSAGE][PASSED] - ctdc.utilities.runtestcaseforKatalon.clickTabCanineStat is PASSED

2021-07-26 15:50:48 - [TEST_STEP][PASSED] - ctdc.utilities.runtestcaseforKatalon.readStatBarCanine("Object Repository/Canine/StatBar/Canine_StatBar-Studies", "Object Repository/Canine/StatBar/Canine_StatBar-Cases", "Object Repository/Canine/StatBar/Canine_StatBar-Samples", "Object Repository/Canine/StatBar/Canine_StatBar-Files", "Object Repository/Canine/StatBar/Canine_StatBar-Aliquots"): ctdc.utilities.runtestcaseforKatalon.readStatBarCanine is PASSED

2021-07-26 15:51:03 - [MESSAGE][PASSED] - ctdc.utilities.runtestcaseforKatalon.readStatBarCanine is PASSED

2021-07-26 15:51:03 - [TEST_STEP][PASSED] - waitForElementPresent(findTestObject("Object Repository/Canine/CanineResults_Cases_Tab"), 5): Object 'Object Repository/Canine/CanineResults_Cases_Tab' is present

2021-07-26 15:51:03 - [MESSAGE][PASSED] - Object 'Object Repository/Canine/CanineResults_Cases_Tab' is present

2021-07-26 15:51:03 - [TEST_STEP][PASSED] - ctdc.utilities.runtestcaseforKatalon.clickTabCanineStat("Object Repository/Canine/CanineResults_Cases_Tab"): ctdc.utilities.runtestcaseforKatalon.clickTabCanineStat is PASSED

2021-07-26 15:51:04 - [MESSAGE][PASSED] - ctdc.utilities.runtestcaseforKatalon.clickTabCanineStat is PASSED

2021-07-26 15:51:04 - [TEST_STEP][PASSED] - ctdc.utilities.runtestcaseforKatalon.multiFunction("ICDC", G_StatBar_Cases, "Object Repository/Canine/Canine_CasesTable", "Object Repository/Canine/Canine_TableHeader", "Object Repository/Canine/Canine_CasesTabNextBtn", G_WebTabnameCases, G_CypherTabnameCases, G_QueryCasesTab): Statbar Arms count matches

2021-07-26 15:51:19 - [MESSAGE][PASSED] - Statbar Files count matches

2021-07-26 15:51:19 - [MESSAGE][PASSED] - Statbar Samples count matches

2021-07-26 15:51:19 - [MESSAGE][PASSED] - Statbar Cases count matches

2021-07-26 15:51:19 - [MESSAGE][PASSED] - Statbar Arms count matches

2021-07-26 15:51:19 - [TEST_STEP][PASSED] - waitForElementPresent(findTestObject("Object Repository/Canine/CanineResults_Samples_Tab"), 5): Object 'Object Repository/Canine/CanineResults_Samples_Tab' is present

2021-07-26 15:51:19 - [MESSAGE][PASSED] - Object 'Object Repository/Canine/CanineResults_Samples_Tab' is present

2021-07-26 15:51:19 - [TEST_STEP][PASSED] - ctdc.utilities.runtestcaseforKatalon.clickTabCanineStat("Object Repository/Canine/CanineResults_Samples_Tab"): ctdc.utilities.runtestcaseforKatalon.clickTabCanineStat is PASSED

2021-07-26 15:51:20 - [MESSAGE][PASSED] - ctdc.utilities.runtestcaseforKatalon.clickTabCanineStat is PASSED

2021-07-26 15:51:20 - [TEST_STEP][PASSED] - ctdc.utilities.runtestcaseforKatalon.multiFunction("ICDC", G_StatBar_Samples, "Object Repository/Canine/Canine_Samples_Table", "Object Repository/Canine/Canine_Samples_TableHdr", "Object Repository/Canine/Canine_SamplesTabNextBtn", G_WebTabnameSamples, G_CypherTabnameSamples, G_QuerySamplesTab): Statbar Arms count matches

2021-07-26 15:51:34 - [MESSAGE][PASSED] - Statbar Files count matches

2021-07-26 15:51:34 - [MESSAGE][PASSED] - Statbar Samples count matches

2021-07-26 15:51:34 - [MESSAGE][PASSED] - Statbar Cases count matches

2021-07-26 15:51:34 - [MESSAGE][PASSED] - Statbar Arms count matches

2021-07-26 15:51:34 - [TEST_STEP][PASSED] - waitForElementPresent(findTestObject("Object Repository/Canine/CanineResults_Files_Tab"), 5): Object 'Object Repository/Canine/CanineResults_Files_Tab' is present

2021-07-26 15:51:34 - [MESSAGE][PASSED] - Object 'Object Repository/Canine/CanineResults_Files_Tab' is present

2021-07-26 15:51:34 - [TEST_STEP][PASSED] - ctdc.utilities.runtestcaseforKatalon.clickTabCanineStat("Object Repository/Canine/CanineResults_Files_Tab"): ctdc.utilities.runtestcaseforKatalon.clickTabCanineStat is PASSED

2021-07-26 15:51:36 - [MESSAGE][PASSED] - ctdc.utilities.runtestcaseforKatalon.clickTabCanineStat is PASSED

2021-07-26 15:51:36 - [TEST_STEP][PASSED] - ctdc.utilities.runtestcaseforKatalon.multiFunction("ICDC", G_StatBar_Files, "Object Repository/Canine/Canine_Files_Table", "Object Repository/Canine/Canine_Files_TableHdr", "Object Repository/Canine/Canine_FilesTabNextBtn", G_WebTabnameFiles, G_CypherTabnameFiles, G_QueryFilesTab): Statbar Arms count matches

2021-07-26 15:51:50 - [MESSAGE][PASSED] - Statbar Files count matches

2021-07-26 15:51:50 - [MESSAGE][PASSED] - Statbar Samples count matches

2021-07-26 15:51:50 - [MESSAGE][PASSED] - Statbar Cases count matches

2021-07-26 15:51:50 - [MESSAGE][PASSED] - Statbar Arms count matches

2021-07-26 15:51:50 - [TEST_STEP][PASSED] - closeBrowser(): Browser is closed

2021-07-26 15:51:50 - [MESSAGE][PASSED] - Browser is closed]]></system-out>
         <system-err><![CDATA[]]></system-err>
      </testcase>
      <testcase name="Test Cases/Canine_TestCases/Breed/TC33_Canine_Filter_Breed-Labrador" time="80.307" classname="Test Cases/Canine_TestCases/Breed/TC33_Canine_Filter_Breed-Labrador" status="PASSED">
         <system-out><![CDATA[2021-07-26 15:51:50 - [TEST_CASE][PASSED] - Test Cases/Canine_TestCases/Breed/TC33_Canine_Filter_Breed-Labrador: Test Cases/Canine_TestCases/Breed/TC33_Canine_Filter_Breed-Labrador

2021-07-26 15:51:50 - [TEST_STEP][PASSED] - Start listener action : getTestScriptName: null

2021-07-26 15:51:50 - [TEST_STEP][PASSED] - TestCaseId = testCaseContext.getTestCaseId(): null

2021-07-26 15:51:50 - [TEST_STEP][PASSED] - out.println("**********this is the value of test case id string******** " + testCaseContext.getTestCaseId()): null

2021-07-26 15:51:50 - [TEST_STEP][PASSED] - G_currentTCName = TestCaseId.substring(TestCaseId.lastIndexOf("TC")): null

2021-07-26 15:51:50 - [TEST_STEP][PASSED] - out.println("This is the test case name : " + G_currentTCName): null

2021-07-26 15:51:51 - [TEST_STEP][PASSED] - closeBrowser(): Browser is closed

2021-07-26 15:51:51 - [MESSAGE][PASSED] - Browser is closed

2021-07-26 15:51:51 - [TEST_STEP][PASSED] - ctdc.utilities.runtestcaseforKatalon.RunKatalon("TC33_Canine_Filter_Breed-Labrador.xlsx"): Data loaded from input file for the test case. 

2021-07-26 15:51:51 - [MESSAGE][PASSED] - Test case file loaded This is the full filepath after converting to string :C:\Users\sohilz2\Commons_Automation\InputFiles\TC33_Canine_Filter_Breed-Labrador.xlsx

2021-07-26 15:51:51 - [MESSAGE][INFO] - Global variable set for password file is :  C:\Users\sohilz2\Commons_Automation\InputFiles\TC33_Canine_Filter_Breed-Labrador.xlsx

2021-07-26 15:51:55 - [MESSAGE][PASSED] - Data loaded from input file for the test case. 

2021-07-26 15:52:01 - [TEST_STEP][PASSED] - waitForElementPresent(findTestObject("Canine/NavBar/Canine_Cases_Btn"), 5): Object 'Object Repository/Canine/NavBar/Canine_Cases_Btn' is present

2021-07-26 15:52:01 - [MESSAGE][PASSED] - Object 'Object Repository/Canine/NavBar/Canine_Cases_Btn' is present

2021-07-26 15:52:01 - [TEST_STEP][PASSED] - ctdc.utilities.runtestcaseforKatalon.clickTabCanineStat("Canine/NavBar/Canine_Cases_Btn"): ctdc.utilities.runtestcaseforKatalon.clickTabCanineStat is PASSED

2021-07-26 15:52:04 - [MESSAGE][PASSED] - ctdc.utilities.runtestcaseforKatalon.clickTabCanineStat is PASSED

2021-07-26 15:52:04 - [TEST_STEP][PASSED] - waitForElementPresent(findTestObject("Bento/Cases_page/Filter/FilterByCases_Facet"), 5): Object 'Object Repository/Bento/Cases_page/Filter/FilterByCases_Facet' is present

2021-07-26 15:52:04 - [MESSAGE][PASSED] - Object 'Object Repository/Bento/Cases_page/Filter/FilterByCases_Facet' is present

2021-07-26 15:52:04 - [TEST_STEP][PASSED] - ctdc.utilities.runtestcaseforKatalon.clickTabCanineStat("Bento/Cases_page/Filter/FilterByCases_Facet"): ctdc.utilities.runtestcaseforKatalon.clickTabCanineStat is PASSED

2021-07-26 15:52:06 - [MESSAGE][PASSED] - ctdc.utilities.runtestcaseforKatalon.clickTabCanineStat is PASSED

2021-07-26 15:52:06 - [TEST_STEP][PASSED] - waitForElementPresent(findTestObject("Object Repository/Canine/Filter/Breed/BREED_Ddn"), 5): Object 'Object Repository/Canine/Filter/Breed/BREED_Ddn' is present

2021-07-26 15:52:06 - [MESSAGE][PASSED] - Object 'Object Repository/Canine/Filter/Breed/BREED_Ddn' is present

2021-07-26 15:52:06 - [TEST_STEP][PASSED] - ctdc.utilities.runtestcaseforKatalon.clickTabCanineStat("Object Repository/Canine/Filter/Breed/BREED_Ddn"): ctdc.utilities.runtestcaseforKatalon.clickTabCanineStat is PASSED

2021-07-26 15:52:07 - [MESSAGE][PASSED] - ctdc.utilities.runtestcaseforKatalon.clickTabCanineStat is PASSED

2021-07-26 15:52:07 - [TEST_STEP][PASSED] - ctdc.utilities.runtestcaseforKatalon.clickTabCanineStat("Object Repository/Canine/Filter/Breed/Labrador_Chkbx"): ctdc.utilities.runtestcaseforKatalon.clickTabCanineStat is PASSED

2021-07-26 15:52:09 - [MESSAGE][PASSED] - ctdc.utilities.runtestcaseforKatalon.clickTabCanineStat is PASSED

2021-07-26 15:52:09 - [TEST_STEP][PASSED] - ctdc.utilities.runtestcaseforKatalon.readStatBarCanine("Object Repository/Canine/StatBar/Canine_StatBar-Studies", "Object Repository/Canine/StatBar/Canine_StatBar-Cases", "Object Repository/Canine/StatBar/Canine_StatBar-Samples", "Object Repository/Canine/StatBar/Canine_StatBar-Files", "Object Repository/Canine/StatBar/Canine_StatBar-Aliquots"): ctdc.utilities.runtestcaseforKatalon.readStatBarCanine is PASSED

2021-07-26 15:52:24 - [MESSAGE][PASSED] - ctdc.utilities.runtestcaseforKatalon.readStatBarCanine is PASSED

2021-07-26 15:52:24 - [TEST_STEP][PASSED] - waitForElementPresent(findTestObject("Object Repository/Canine/CanineResults_Cases_Tab"), 5): Object 'Object Repository/Canine/CanineResults_Cases_Tab' is present

2021-07-26 15:52:24 - [MESSAGE][PASSED] - Object 'Object Repository/Canine/CanineResults_Cases_Tab' is present

2021-07-26 15:52:24 - [TEST_STEP][PASSED] - ctdc.utilities.runtestcaseforKatalon.clickTabCanineStat("Object Repository/Canine/CanineResults_Cases_Tab"): ctdc.utilities.runtestcaseforKatalon.clickTabCanineStat is PASSED

2021-07-26 15:52:26 - [MESSAGE][PASSED] - ctdc.utilities.runtestcaseforKatalon.clickTabCanineStat is PASSED

2021-07-26 15:52:26 - [TEST_STEP][PASSED] - ctdc.utilities.runtestcaseforKatalon.multiFunction("ICDC", G_StatBar_Cases, "Object Repository/Canine/Canine_CasesTable", "Object Repository/Canine/Canine_TableHeader", "Object Repository/Canine/Canine_CasesTabNextBtn", G_WebTabnameCases, G_CypherTabnameCases, G_QueryCasesTab): Statbar Arms count matches

2021-07-26 15:53:10 - [MESSAGE][PASSED] - Statbar Files count matches

2021-07-26 15:53:10 - [MESSAGE][PASSED] - Statbar Samples count matches

2021-07-26 15:53:10 - [MESSAGE][PASSED] - Statbar Cases count matches

2021-07-26 15:53:10 - [MESSAGE][PASSED] - Statbar Arms count matches

2021-07-26 15:53:10 - [TEST_STEP][PASSED] - closeBrowser(): Browser is closed

2021-07-26 15:53:11 - [MESSAGE][PASSED] - Browser is closed]]></system-out>
         <system-err><![CDATA[]]></system-err>
      </testcase>
      <testcase name="Test Cases/Canine_TestCases/Breed/TC34_Canine_Filter_Breed-Mastiff" time="83.576" classname="Test Cases/Canine_TestCases/Breed/TC34_Canine_Filter_Breed-Mastiff" status="PASSED">
         <system-out><![CDATA[2021-07-26 15:53:11 - [TEST_CASE][PASSED] - Test Cases/Canine_TestCases/Breed/TC34_Canine_Filter_Breed-Mastiff: Test Cases/Canine_TestCases/Breed/TC34_Canine_Filter_Breed-Mastiff

2021-07-26 15:53:11 - [TEST_STEP][PASSED] - Start listener action : getTestScriptName: null

2021-07-26 15:53:11 - [TEST_STEP][PASSED] - TestCaseId = testCaseContext.getTestCaseId(): null

2021-07-26 15:53:11 - [TEST_STEP][PASSED] - out.println("**********this is the value of test case id string******** " + testCaseContext.getTestCaseId()): null

2021-07-26 15:53:11 - [TEST_STEP][PASSED] - G_currentTCName = TestCaseId.substring(TestCaseId.lastIndexOf("TC")): null

2021-07-26 15:53:11 - [TEST_STEP][PASSED] - out.println("This is the test case name : " + G_currentTCName): null

2021-07-26 15:53:11 - [TEST_STEP][PASSED] - closeBrowser(): Browser is closed

2021-07-26 15:53:11 - [MESSAGE][PASSED] - Browser is closed

2021-07-26 15:53:11 - [TEST_STEP][PASSED] - ctdc.utilities.runtestcaseforKatalon.RunKatalon("TC34_Canine_Filter_Breed-Mastiff.xlsx"): Data loaded from input file for the test case. 

2021-07-26 15:53:11 - [MESSAGE][PASSED] - Test case file loaded This is the full filepath after converting to string :C:\Users\sohilz2\Commons_Automation\InputFiles\TC34_Canine_Filter_Breed-Mastiff.xlsx

2021-07-26 15:53:11 - [MESSAGE][INFO] - Global variable set for password file is :  C:\Users\sohilz2\Commons_Automation\InputFiles\TC34_Canine_Filter_Breed-Mastiff.xlsx

2021-07-26 15:53:15 - [MESSAGE][PASSED] - Data loaded from input file for the test case. 

2021-07-26 15:53:21 - [TEST_STEP][PASSED] - click(findTestObject("Canine/NavBar/Canine_Cases_Btn")): Object: 'Object Repository/Canine/NavBar/Canine_Cases_Btn' is clicked on

2021-07-26 15:53:22 - [MESSAGE][PASSED] - Object: 'Object Repository/Canine/NavBar/Canine_Cases_Btn' is clicked on

2021-07-26 15:53:22 - [TEST_STEP][PASSED] - click(findTestObject("Bento/Cases_page/Filter/FilterByCases_Facet")): Object: 'Object Repository/Bento/Cases_page/Filter/FilterByCases_Facet' is clicked on

2021-07-26 15:53:23 - [MESSAGE][PASSED] - Object: 'Object Repository/Bento/Cases_page/Filter/FilterByCases_Facet' is clicked on

2021-07-26 15:53:23 - [TEST_STEP][PASSED] - waitForElementPresent(findTestObject("Object Repository/Canine/Filter/Breed/BREED_Ddn"), 5): Object 'Object Repository/Canine/Filter/Breed/BREED_Ddn' is present

2021-07-26 15:53:23 - [MESSAGE][PASSED] - Object 'Object Repository/Canine/Filter/Breed/BREED_Ddn' is present

2021-07-26 15:53:23 - [TEST_STEP][PASSED] - ctdc.utilities.runtestcaseforKatalon.clickTabCanineStat("Object Repository/Canine/Filter/Breed/BREED_Ddn"): ctdc.utilities.runtestcaseforKatalon.clickTabCanineStat is PASSED

2021-07-26 15:53:25 - [MESSAGE][PASSED] - ctdc.utilities.runtestcaseforKatalon.clickTabCanineStat is PASSED

2021-07-26 15:53:25 - [TEST_STEP][PASSED] - ctdc.utilities.runtestcaseforKatalon.clickTabCanineStat("Object Repository/Canine/Filter/Breed/Mastiff_Chkbx"): ctdc.utilities.runtestcaseforKatalon.clickTabCanineStat is PASSED

2021-07-26 15:53:26 - [MESSAGE][PASSED] - ctdc.utilities.runtestcaseforKatalon.clickTabCanineStat is PASSED

2021-07-26 15:53:26 - [TEST_STEP][PASSED] - ctdc.utilities.runtestcaseforKatalon.readStatBarCanine("Object Repository/Canine/StatBar/Canine_StatBar-Studies", "Object Repository/Canine/StatBar/Canine_StatBar-Cases", "Object Repository/Canine/StatBar/Canine_StatBar-Samples", "Object Repository/Canine/StatBar/Canine_StatBar-Files", "Object Repository/Canine/StatBar/Canine_StatBar-Aliquots"): ctdc.utilities.runtestcaseforKatalon.readStatBarCanine is PASSED

2021-07-26 15:53:42 - [MESSAGE][PASSED] - ctdc.utilities.runtestcaseforKatalon.readStatBarCanine is PASSED

2021-07-26 15:53:42 - [TEST_STEP][PASSED] - waitForElementPresent(findTestObject("Object Repository/Canine/CanineResults_Cases_Tab"), 5): Object 'Object Repository/Canine/CanineResults_Cases_Tab' is present

2021-07-26 15:53:42 - [MESSAGE][PASSED] - Object 'Object Repository/Canine/CanineResults_Cases_Tab' is present

2021-07-26 15:53:42 - [TEST_STEP][PASSED] - ctdc.utilities.runtestcaseforKatalon.clickTabCanineStat("Object Repository/Canine/CanineResults_Cases_Tab"): ctdc.utilities.runtestcaseforKatalon.clickTabCanineStat is PASSED

2021-07-26 15:53:43 - [MESSAGE][PASSED] - ctdc.utilities.runtestcaseforKatalon.clickTabCanineStat is PASSED

2021-07-26 15:53:43 - [TEST_STEP][PASSED] - ctdc.utilities.runtestcaseforKatalon.multiFunction("ICDC", G_StatBar_Cases, "Object Repository/Canine/Canine_CasesTable", "Object Repository/Canine/Canine_TableHeader", "Object Repository/Canine/Canine_CasesTabNextBtn", G_WebTabnameCases, G_CypherTabnameCases, G_QueryCasesTab): Statbar Arms count matches

2021-07-26 15:53:58 - [MESSAGE][PASSED] - Statbar Files count matches

2021-07-26 15:53:58 - [MESSAGE][PASSED] - Statbar Samples count matches

2021-07-26 15:53:58 - [MESSAGE][PASSED] - Statbar Cases count matches

2021-07-26 15:53:58 - [MESSAGE][PASSED] - Statbar Arms count matches

2021-07-26 15:53:58 - [TEST_STEP][PASSED] - waitForElementPresent(findTestObject("Object Repository/Canine/CanineResults_Samples_Tab"), 5): Object 'Object Repository/Canine/CanineResults_Samples_Tab' is present

2021-07-26 15:53:58 - [MESSAGE][PASSED] - Object 'Object Repository/Canine/CanineResults_Samples_Tab' is present

2021-07-26 15:53:58 - [TEST_STEP][PASSED] - ctdc.utilities.runtestcaseforKatalon.clickTabCanineStat("Object Repository/Canine/CanineResults_Samples_Tab"): ctdc.utilities.runtestcaseforKatalon.clickTabCanineStat is PASSED

2021-07-26 15:53:59 - [MESSAGE][PASSED] - ctdc.utilities.runtestcaseforKatalon.clickTabCanineStat is PASSED

2021-07-26 15:53:59 - [TEST_STEP][PASSED] - ctdc.utilities.runtestcaseforKatalon.multiFunction("ICDC", G_StatBar_Samples, "Object Repository/Canine/Canine_Samples_Table", "Object Repository/Canine/Canine_Samples_TableHdr", "Object Repository/Canine/Canine_SamplesTabNextBtn", G_WebTabnameSamples, G_CypherTabnameSamples, G_QuerySamplesTab): Statbar Arms count matches

2021-07-26 15:54:15 - [MESSAGE][PASSED] - Statbar Files count matches

2021-07-26 15:54:15 - [MESSAGE][PASSED] - Statbar Samples count matches

2021-07-26 15:54:15 - [MESSAGE][PASSED] - Statbar Cases count matches

2021-07-26 15:54:15 - [MESSAGE][PASSED] - Statbar Arms count matches

2021-07-26 15:54:15 - [TEST_STEP][PASSED] - waitForElementPresent(findTestObject("Object Repository/Canine/CanineResults_Files_Tab"), 5): Object 'Object Repository/Canine/CanineResults_Files_Tab' is present

2021-07-26 15:54:15 - [MESSAGE][PASSED] - Object 'Object Repository/Canine/CanineResults_Files_Tab' is present

2021-07-26 15:54:15 - [TEST_STEP][PASSED] - ctdc.utilities.runtestcaseforKatalon.clickTab("Object Repository/Canine/CanineResults_Files_Tab"): ctdc.utilities.runtestcaseforKatalon.clickTab is PASSED

2021-07-26 15:54:16 - [MESSAGE][PASSED] - ctdc.utilities.runtestcaseforKatalon.clickTab is PASSED

2021-07-26 15:54:16 - [TEST_STEP][PASSED] - ctdc.utilities.runtestcaseforKatalon.multiFunction("ICDC", G_StatBar_Files, "Object Repository/Canine/Canine_Files_Table", "Object Repository/Canine/Canine_Files_TableHdr", "Object Repository/Canine/Canine_FilesTabNextBtn", G_WebTabnameFiles, G_CypherTabnameFiles, G_QueryFilesTab): Statbar Arms count matches

2021-07-26 15:54:34 - [MESSAGE][PASSED] - Statbar Files count matches

2021-07-26 15:54:34 - [MESSAGE][PASSED] - Statbar Samples count matches

2021-07-26 15:54:34 - [MESSAGE][PASSED] - Statbar Cases count matches

2021-07-26 15:54:34 - [MESSAGE][PASSED] - Statbar Arms count matches

2021-07-26 15:54:34 - [TEST_STEP][PASSED] - closeBrowser(): Browser is closed

2021-07-26 15:54:34 - [MESSAGE][PASSED] - Browser is closed]]></system-out>
         <system-err><![CDATA[]]></system-err>
      </testcase>
      <testcase name="Test Cases/Canine_TestCases/Breed/TC37_Canine_Filter_Breed-ParsonRussTerr" time="95.289" classname="Test Cases/Canine_TestCases/Breed/TC37_Canine_Filter_Breed-ParsonRussTerr" status="PASSED">
         <system-out><![CDATA[2021-07-26 15:54:34 - [TEST_CASE][PASSED] - Test Cases/Canine_TestCases/Breed/TC37_Canine_Filter_Breed-ParsonRussTerr: Test Cases/Canine_TestCases/Breed/TC37_Canine_Filter_Breed-ParsonRussTerr

2021-07-26 15:54:34 - [TEST_STEP][PASSED] - Start listener action : getTestScriptName: null

2021-07-26 15:54:34 - [TEST_STEP][PASSED] - TestCaseId = testCaseContext.getTestCaseId(): null

2021-07-26 15:54:34 - [TEST_STEP][PASSED] - out.println("**********this is the value of test case id string******** " + testCaseContext.getTestCaseId()): null

2021-07-26 15:54:34 - [TEST_STEP][PASSED] - G_currentTCName = TestCaseId.substring(TestCaseId.lastIndexOf("TC")): null

2021-07-26 15:54:34 - [TEST_STEP][PASSED] - out.println("This is the test case name : " + G_currentTCName): null

2021-07-26 15:54:35 - [TEST_STEP][PASSED] - closeBrowser(): Browser is closed

2021-07-26 15:54:35 - [MESSAGE][PASSED] - Browser is closed

2021-07-26 15:54:35 - [TEST_STEP][PASSED] - ctdc.utilities.runtestcaseforKatalon.RunKatalon("TC37_Canine_Filter_Breed-ParsonRussTerr.xlsx"): Data loaded from input file for the test case. 

2021-07-26 15:54:35 - [MESSAGE][PASSED] - Test case file loaded This is the full filepath after converting to string :C:\Users\sohilz2\Commons_Automation\InputFiles\TC37_Canine_Filter_Breed-ParsonRussTerr.xlsx

2021-07-26 15:54:35 - [MESSAGE][INFO] - Global variable set for password file is :  C:\Users\sohilz2\Commons_Automation\InputFiles\TC37_Canine_Filter_Breed-ParsonRussTerr.xlsx

2021-07-26 15:54:39 - [MESSAGE][PASSED] - Data loaded from input file for the test case. 

2021-07-26 15:54:45 - [TEST_STEP][PASSED] - click(findTestObject("Canine/NavBar/Canine_Cases_Btn")): Object: 'Object Repository/Canine/NavBar/Canine_Cases_Btn' is clicked on

2021-07-26 15:54:45 - [MESSAGE][PASSED] - Object: 'Object Repository/Canine/NavBar/Canine_Cases_Btn' is clicked on

2021-07-26 15:54:45 - [TEST_STEP][PASSED] - click(findTestObject("Bento/Cases_page/Filter/FilterByCases_Facet")): Object: 'Object Repository/Bento/Cases_page/Filter/FilterByCases_Facet' is clicked on

2021-07-26 15:54:47 - [MESSAGE][PASSED] - Object: 'Object Repository/Bento/Cases_page/Filter/FilterByCases_Facet' is clicked on

2021-07-26 15:54:47 - [TEST_STEP][PASSED] - waitForElementPresent(findTestObject("Object Repository/Canine/Filter/Breed/BREED_Ddn"), 5): Object 'Object Repository/Canine/Filter/Breed/BREED_Ddn' is present

2021-07-26 15:54:47 - [MESSAGE][PASSED] - Object 'Object Repository/Canine/Filter/Breed/BREED_Ddn' is present

2021-07-26 15:54:47 - [TEST_STEP][PASSED] - ctdc.utilities.runtestcaseforKatalon.clickTabCanineStat("Object Repository/Canine/Filter/Breed/BREED_Ddn"): ctdc.utilities.runtestcaseforKatalon.clickTabCanineStat is PASSED

2021-07-26 15:54:49 - [MESSAGE][PASSED] - ctdc.utilities.runtestcaseforKatalon.clickTabCanineStat is PASSED

2021-07-26 15:54:49 - [TEST_STEP][PASSED] - ctdc.utilities.runtestcaseforKatalon.clickTabCanineStat("Canine/Filter/Breed/Parson_Chkbx"): ctdc.utilities.runtestcaseforKatalon.clickTabCanineStat is PASSED

2021-07-26 15:54:51 - [MESSAGE][PASSED] - ctdc.utilities.runtestcaseforKatalon.clickTabCanineStat is PASSED

2021-07-26 15:54:51 - [TEST_STEP][PASSED] - ctdc.utilities.runtestcaseforKatalon.readStatBarCanine("Object Repository/Canine/StatBar/Canine_StatBar-Studies", "Object Repository/Canine/StatBar/Canine_StatBar-Cases", "Object Repository/Canine/StatBar/Canine_StatBar-Samples", "Object Repository/Canine/StatBar/Canine_StatBar-Files", "Object Repository/Canine/StatBar/Canine_StatBar-Aliquots"): ctdc.utilities.runtestcaseforKatalon.readStatBarCanine is PASSED

2021-07-26 15:55:06 - [MESSAGE][PASSED] - ctdc.utilities.runtestcaseforKatalon.readStatBarCanine is PASSED

2021-07-26 15:55:06 - [TEST_STEP][PASSED] - waitForElementPresent(findTestObject("Object Repository/Canine/CanineResults_Cases_Tab"), 5): Object 'Object Repository/Canine/CanineResults_Cases_Tab' is present

2021-07-26 15:55:06 - [MESSAGE][PASSED] - Object 'Object Repository/Canine/CanineResults_Cases_Tab' is present

2021-07-26 15:55:06 - [TEST_STEP][PASSED] - ctdc.utilities.runtestcaseforKatalon.clickTabCanineStat("Object Repository/Canine/CanineResults_Cases_Tab"): ctdc.utilities.runtestcaseforKatalon.clickTabCanineStat is PASSED

2021-07-26 15:55:08 - [MESSAGE][PASSED] - ctdc.utilities.runtestcaseforKatalon.clickTabCanineStat is PASSED

2021-07-26 15:55:08 - [TEST_STEP][PASSED] - ctdc.utilities.runtestcaseforKatalon.multiFunction("ICDC", G_StatBar_Cases, "Object Repository/Canine/Canine_CasesTable", "Object Repository/Canine/Canine_TableHeader", "Object Repository/Canine/Canine_CasesTabNextBtn", G_WebTabnameCases, G_CypherTabnameCases, G_QueryCasesTab): Statbar Arms count matches

2021-07-26 15:55:22 - [MESSAGE][PASSED] - Statbar Files count matches

2021-07-26 15:55:22 - [MESSAGE][PASSED] - Statbar Samples count matches

2021-07-26 15:55:22 - [MESSAGE][PASSED] - Statbar Cases count matches

2021-07-26 15:55:22 - [MESSAGE][PASSED] - Statbar Arms count matches

2021-07-26 15:55:22 - [TEST_STEP][PASSED] - waitForElementPresent(findTestObject("Object Repository/Canine/CanineResults_Samples_Tab"), 5): Object 'Object Repository/Canine/CanineResults_Samples_Tab' is present

2021-07-26 15:55:22 - [MESSAGE][PASSED] - Object 'Object Repository/Canine/CanineResults_Samples_Tab' is present

2021-07-26 15:55:22 - [TEST_STEP][PASSED] - ctdc.utilities.runtestcaseforKatalon.clickTabCanineStat("Object Repository/Canine/CanineResults_Samples_Tab"): ctdc.utilities.runtestcaseforKatalon.clickTabCanineStat is PASSED

2021-07-26 15:55:24 - [MESSAGE][PASSED] - ctdc.utilities.runtestcaseforKatalon.clickTabCanineStat is PASSED

2021-07-26 15:55:24 - [TEST_STEP][PASSED] - ctdc.utilities.runtestcaseforKatalon.multiFunction("ICDC", G_StatBar_Samples, "Object Repository/Canine/Canine_Samples_Table", "Object Repository/Canine/Canine_Samples_TableHdr", "Object Repository/Canine/Canine_SamplesTabNextBtn", G_WebTabnameSamples, G_CypherTabnameSamples, G_QuerySamplesTab): Statbar Arms count matches

2021-07-26 15:55:40 - [MESSAGE][PASSED] - Statbar Files count matches

2021-07-26 15:55:40 - [MESSAGE][PASSED] - Statbar Samples count matches

2021-07-26 15:55:40 - [MESSAGE][PASSED] - Statbar Cases count matches

2021-07-26 15:55:40 - [MESSAGE][PASSED] - Statbar Arms count matches

2021-07-26 15:55:40 - [TEST_STEP][PASSED] - waitForElementPresent(findTestObject("Object Repository/Canine/CanineResults_Files_Tab"), 5): Object 'Object Repository/Canine/CanineResults_Files_Tab' is present

2021-07-26 15:55:40 - [MESSAGE][PASSED] - Object 'Object Repository/Canine/CanineResults_Files_Tab' is present

2021-07-26 15:55:40 - [TEST_STEP][PASSED] - ctdc.utilities.runtestcaseforKatalon.clickTabCanineStat("Object Repository/Canine/CanineResults_Files_Tab"): ctdc.utilities.runtestcaseforKatalon.clickTabCanineStat is PASSED

2021-07-26 15:55:42 - [MESSAGE][PASSED] - ctdc.utilities.runtestcaseforKatalon.clickTabCanineStat is PASSED

2021-07-26 15:55:42 - [TEST_STEP][PASSED] - ctdc.utilities.runtestcaseforKatalon.multiFunction("ICDC", G_StatBar_Files, "Object Repository/Canine/Canine_Files_Table", "Object Repository/Canine/Canine_Files_TableHdr", "Object Repository/Canine/Canine_FilesTabNextBtn", G_WebTabnameFiles, G_CypherTabnameFiles, G_QueryFilesTab): Statbar Arms count matches

2021-07-26 15:56:09 - [MESSAGE][PASSED] - Statbar Files count matches

2021-07-26 15:56:09 - [MESSAGE][PASSED] - Statbar Samples count matches

2021-07-26 15:56:09 - [MESSAGE][PASSED] - Statbar Cases count matches

2021-07-26 15:56:09 - [MESSAGE][PASSED] - Statbar Arms count matches

2021-07-26 15:56:09 - [TEST_STEP][PASSED] - closeBrowser(): Browser is closed

2021-07-26 15:56:09 - [MESSAGE][PASSED] - Browser is closed]]></system-out>
         <system-err><![CDATA[]]></system-err>
      </testcase>
      <testcase name="Test Cases/Canine_TestCases/Breed/TC38_Canine_Filter_Breed-Poodle" time="98.363" classname="Test Cases/Canine_TestCases/Breed/TC38_Canine_Filter_Breed-Poodle" status="PASSED">
         <system-out><![CDATA[2021-07-26 15:56:09 - [TEST_CASE][PASSED] - Test Cases/Canine_TestCases/Breed/TC38_Canine_Filter_Breed-Poodle: Test Cases/Canine_TestCases/Breed/TC38_Canine_Filter_Breed-Poodle

2021-07-26 15:56:09 - [TEST_STEP][PASSED] - Start listener action : getTestScriptName: null

2021-07-26 15:56:09 - [TEST_STEP][PASSED] - TestCaseId = testCaseContext.getTestCaseId(): null

2021-07-26 15:56:09 - [TEST_STEP][PASSED] - out.println("**********this is the value of test case id string******** " + testCaseContext.getTestCaseId()): null

2021-07-26 15:56:09 - [TEST_STEP][PASSED] - G_currentTCName = TestCaseId.substring(TestCaseId.lastIndexOf("TC")): null

2021-07-26 15:56:09 - [TEST_STEP][PASSED] - out.println("This is the test case name : " + G_currentTCName): null

2021-07-26 15:56:10 - [TEST_STEP][PASSED] - closeBrowser(): Browser is closed

2021-07-26 15:56:10 - [MESSAGE][PASSED] - Browser is closed

2021-07-26 15:56:10 - [TEST_STEP][PASSED] - ctdc.utilities.runtestcaseforKatalon.RunKatalon("TC38_Canine_Filter_Breed-Poodle.xlsx"): Data loaded from input file for the test case. 

2021-07-26 15:56:10 - [MESSAGE][PASSED] - Test case file loaded This is the full filepath after converting to string :C:\Users\sohilz2\Commons_Automation\InputFiles\TC38_Canine_Filter_Breed-Poodle.xlsx

2021-07-26 15:56:10 - [MESSAGE][INFO] - Global variable set for password file is :  C:\Users\sohilz2\Commons_Automation\InputFiles\TC38_Canine_Filter_Breed-Poodle.xlsx

2021-07-26 15:56:14 - [MESSAGE][PASSED] - Data loaded from input file for the test case. 

2021-07-26 15:56:21 - [TEST_STEP][PASSED] - click(findTestObject("Canine/NavBar/Canine_Cases_Btn")): Object: 'Object Repository/Canine/NavBar/Canine_Cases_Btn' is clicked on

2021-07-26 15:56:21 - [MESSAGE][PASSED] - Object: 'Object Repository/Canine/NavBar/Canine_Cases_Btn' is clicked on

2021-07-26 15:56:21 - [TEST_STEP][PASSED] - click(findTestObject("Bento/Cases_page/Filter/FilterByCases_Facet")): Object: 'Object Repository/Bento/Cases_page/Filter/FilterByCases_Facet' is clicked on

2021-07-26 15:56:22 - [MESSAGE][PASSED] - Object: 'Object Repository/Bento/Cases_page/Filter/FilterByCases_Facet' is clicked on

2021-07-26 15:56:22 - [TEST_STEP][PASSED] - waitForElementPresent(findTestObject("Object Repository/Canine/Filter/Breed/BREED_Ddn"), 5): Object 'Object Repository/Canine/Filter/Breed/BREED_Ddn' is present

2021-07-26 15:56:23 - [MESSAGE][PASSED] - Object 'Object Repository/Canine/Filter/Breed/BREED_Ddn' is present

2021-07-26 15:56:23 - [TEST_STEP][PASSED] - ctdc.utilities.runtestcaseforKatalon.clickTabCanineStat("Object Repository/Canine/Filter/Breed/BREED_Ddn"): ctdc.utilities.runtestcaseforKatalon.clickTabCanineStat is PASSED

2021-07-26 15:56:24 - [MESSAGE][PASSED] - ctdc.utilities.runtestcaseforKatalon.clickTabCanineStat is PASSED

2021-07-26 15:56:24 - [TEST_STEP][PASSED] - ctdc.utilities.runtestcaseforKatalon.clickTabCanineStat("Canine/Filter/Breed/Poodle_Chkbx"): ctdc.utilities.runtestcaseforKatalon.clickTabCanineStat is PASSED

2021-07-26 15:56:26 - [MESSAGE][PASSED] - ctdc.utilities.runtestcaseforKatalon.clickTabCanineStat is PASSED

2021-07-26 15:56:26 - [TEST_STEP][PASSED] - ctdc.utilities.runtestcaseforKatalon.readStatBarCanine("Object Repository/Canine/StatBar/Canine_StatBar-Studies", "Object Repository/Canine/StatBar/Canine_StatBar-Cases", "Object Repository/Canine/StatBar/Canine_StatBar-Samples", "Object Repository/Canine/StatBar/Canine_StatBar-Files", "Object Repository/Canine/StatBar/Canine_StatBar-Aliquots"): ctdc.utilities.runtestcaseforKatalon.readStatBarCanine is PASSED

2021-07-26 15:56:42 - [MESSAGE][PASSED] - ctdc.utilities.runtestcaseforKatalon.readStatBarCanine is PASSED

2021-07-26 15:56:42 - [TEST_STEP][PASSED] - waitForElementPresent(findTestObject("Object Repository/Canine/CanineResults_Cases_Tab"), 5): Object 'Object Repository/Canine/CanineResults_Cases_Tab' is present

2021-07-26 15:56:42 - [MESSAGE][PASSED] - Object 'Object Repository/Canine/CanineResults_Cases_Tab' is present

2021-07-26 15:56:42 - [TEST_STEP][PASSED] - ctdc.utilities.runtestcaseforKatalon.clickTabCanineStat("Object Repository/Canine/CanineResults_Cases_Tab"): ctdc.utilities.runtestcaseforKatalon.clickTabCanineStat is PASSED

2021-07-26 15:56:43 - [MESSAGE][PASSED] - ctdc.utilities.runtestcaseforKatalon.clickTabCanineStat is PASSED

2021-07-26 15:56:43 - [TEST_STEP][PASSED] - ctdc.utilities.runtestcaseforKatalon.multiFunction("ICDC", G_StatBar_Cases, "Object Repository/Canine/Canine_CasesTable", "Object Repository/Canine/Canine_TableHeader", "Object Repository/Canine/Canine_CasesTabNextBtn", G_WebTabnameCases, G_CypherTabnameCases, G_QueryCasesTab): Statbar Arms count matches

2021-07-26 15:56:58 - [MESSAGE][PASSED] - Statbar Files count matches

2021-07-26 15:56:58 - [MESSAGE][PASSED] - Statbar Samples count matches

2021-07-26 15:56:58 - [MESSAGE][PASSED] - Statbar Cases count matches

2021-07-26 15:56:58 - [MESSAGE][PASSED] - Statbar Arms count matches

2021-07-26 15:56:58 - [TEST_STEP][PASSED] - waitForElementPresent(findTestObject("Object Repository/Canine/CanineResults_Samples_Tab"), 5): Object 'Object Repository/Canine/CanineResults_Samples_Tab' is present

2021-07-26 15:56:58 - [MESSAGE][PASSED] - Object 'Object Repository/Canine/CanineResults_Samples_Tab' is present

2021-07-26 15:56:58 - [TEST_STEP][PASSED] - ctdc.utilities.runtestcaseforKatalon.clickTabCanineStat("Object Repository/Canine/CanineResults_Samples_Tab"): ctdc.utilities.runtestcaseforKatalon.clickTabCanineStat is PASSED

2021-07-26 15:57:00 - [MESSAGE][PASSED] - ctdc.utilities.runtestcaseforKatalon.clickTabCanineStat is PASSED

2021-07-26 15:57:00 - [TEST_STEP][PASSED] - ctdc.utilities.runtestcaseforKatalon.multiFunction("ICDC", G_StatBar_Samples, "Object Repository/Canine/Canine_Samples_Table", "Object Repository/Canine/Canine_Samples_TableHdr", "Object Repository/Canine/Canine_SamplesTabNextBtn", G_WebTabnameSamples, G_CypherTabnameSamples, G_QuerySamplesTab): Statbar Arms count matches

2021-07-26 15:57:18 - [MESSAGE][PASSED] - Statbar Files count matches

2021-07-26 15:57:18 - [MESSAGE][PASSED] - Statbar Samples count matches

2021-07-26 15:57:18 - [MESSAGE][PASSED] - Statbar Cases count matches

2021-07-26 15:57:18 - [MESSAGE][PASSED] - Statbar Arms count matches

2021-07-26 15:57:18 - [TEST_STEP][PASSED] - waitForElementPresent(findTestObject("Object Repository/Canine/CanineResults_Files_Tab"), 5): Object 'Object Repository/Canine/CanineResults_Files_Tab' is present

2021-07-26 15:57:18 - [MESSAGE][PASSED] - Object 'Object Repository/Canine/CanineResults_Files_Tab' is present

2021-07-26 15:57:18 - [TEST_STEP][PASSED] - ctdc.utilities.runtestcaseforKatalon.clickTab("Object Repository/Canine/CanineResults_Files_Tab"): ctdc.utilities.runtestcaseforKatalon.clickTab is PASSED

2021-07-26 15:57:18 - [MESSAGE][PASSED] - ctdc.utilities.runtestcaseforKatalon.clickTab is PASSED

2021-07-26 15:57:18 - [TEST_STEP][PASSED] - ctdc.utilities.runtestcaseforKatalon.multiFunction("ICDC", G_StatBar_Files, "Object Repository/Canine/Canine_Files_Table", "Object Repository/Canine/Canine_Files_TableHdr", "Object Repository/Canine/Canine_FilesTabNextBtn", G_WebTabnameFiles, G_CypherTabnameFiles, G_QueryFilesTab): Statbar Arms count matches

2021-07-26 15:57:47 - [MESSAGE][PASSED] - Statbar Files count matches

2021-07-26 15:57:47 - [MESSAGE][PASSED] - Statbar Samples count matches

2021-07-26 15:57:47 - [MESSAGE][PASSED] - Statbar Cases count matches

2021-07-26 15:57:47 - [MESSAGE][PASSED] - Statbar Arms count matches

2021-07-26 15:57:47 - [TEST_STEP][PASSED] - closeBrowser(): Browser is closed

2021-07-26 15:57:48 - [MESSAGE][PASSED] - Browser is closed]]></system-out>
         <system-err><![CDATA[]]></system-err>
      </testcase>
      <testcase name="Test Cases/Canine_TestCases/Breed/TC41_Canine_Filter_Breed-Samoyed" time="94.94" classname="Test Cases/Canine_TestCases/Breed/TC41_Canine_Filter_Breed-Samoyed" status="PASSED">
         <system-out><![CDATA[2021-07-26 15:57:48 - [TEST_CASE][PASSED] - Test Cases/Canine_TestCases/Breed/TC41_Canine_Filter_Breed-Samoyed: Test Cases/Canine_TestCases/Breed/TC41_Canine_Filter_Breed-Samoyed

2021-07-26 15:57:48 - [TEST_STEP][PASSED] - Start listener action : getTestScriptName: null

2021-07-26 15:57:48 - [TEST_STEP][PASSED] - TestCaseId = testCaseContext.getTestCaseId(): null

2021-07-26 15:57:48 - [TEST_STEP][PASSED] - out.println("**********this is the value of test case id string******** " + testCaseContext.getTestCaseId()): null

2021-07-26 15:57:48 - [TEST_STEP][PASSED] - G_currentTCName = TestCaseId.substring(TestCaseId.lastIndexOf("TC")): null

2021-07-26 15:57:48 - [TEST_STEP][PASSED] - out.println("This is the test case name : " + G_currentTCName): null

2021-07-26 15:57:48 - [TEST_STEP][PASSED] - closeBrowser(): Browser is closed

2021-07-26 15:57:48 - [MESSAGE][PASSED] - Browser is closed

2021-07-26 15:57:48 - [TEST_STEP][PASSED] - ctdc.utilities.runtestcaseforKatalon.RunKatalon("TC41_Canine_Filter_Breed-Samoyed.xlsx"): Data loaded from input file for the test case. 

2021-07-26 15:57:48 - [MESSAGE][PASSED] - Test case file loaded This is the full filepath after converting to string :C:\Users\sohilz2\Commons_Automation\InputFiles\TC41_Canine_Filter_Breed-Samoyed.xlsx

2021-07-26 15:57:48 - [MESSAGE][INFO] - Global variable set for password file is :  C:\Users\sohilz2\Commons_Automation\InputFiles\TC41_Canine_Filter_Breed-Samoyed.xlsx

2021-07-26 15:57:52 - [MESSAGE][PASSED] - Data loaded from input file for the test case. 

2021-07-26 15:57:59 - [TEST_STEP][PASSED] - click(findTestObject("Canine/NavBar/Canine_Cases_Btn")): Object: 'Object Repository/Canine/NavBar/Canine_Cases_Btn' is clicked on

2021-07-26 15:57:59 - [MESSAGE][PASSED] - Object: 'Object Repository/Canine/NavBar/Canine_Cases_Btn' is clicked on

2021-07-26 15:57:59 - [TEST_STEP][PASSED] - click(findTestObject("Bento/Cases_page/Filter/FilterByCases_Facet")): Object: 'Object Repository/Bento/Cases_page/Filter/FilterByCases_Facet' is clicked on

2021-07-26 15:58:01 - [MESSAGE][PASSED] - Object: 'Object Repository/Bento/Cases_page/Filter/FilterByCases_Facet' is clicked on

2021-07-26 15:58:01 - [TEST_STEP][PASSED] - waitForElementPresent(findTestObject("Object Repository/Canine/Filter/Breed/BREED_Ddn"), 5): Object 'Object Repository/Canine/Filter/Breed/BREED_Ddn' is present

2021-07-26 15:58:01 - [MESSAGE][PASSED] - Object 'Object Repository/Canine/Filter/Breed/BREED_Ddn' is present

2021-07-26 15:58:01 - [TEST_STEP][PASSED] - ctdc.utilities.runtestcaseforKatalon.clickTabCanineStat("Object Repository/Canine/Filter/Breed/BREED_Ddn"): ctdc.utilities.runtestcaseforKatalon.clickTabCanineStat is PASSED

2021-07-26 15:58:03 - [MESSAGE][PASSED] - ctdc.utilities.runtestcaseforKatalon.clickTabCanineStat is PASSED

2021-07-26 15:58:03 - [TEST_STEP][PASSED] - ctdc.utilities.runtestcaseforKatalon.clickTabCanineStat("Object Repository/Canine/Filter/Breed/Samoyed_Chkbx"): ctdc.utilities.runtestcaseforKatalon.clickTabCanineStat is PASSED

2021-07-26 15:58:04 - [MESSAGE][PASSED] - ctdc.utilities.runtestcaseforKatalon.clickTabCanineStat is PASSED

2021-07-26 15:58:04 - [TEST_STEP][PASSED] - ctdc.utilities.runtestcaseforKatalon.readStatBarCanine("Object Repository/Canine/StatBar/Canine_StatBar-Studies", "Object Repository/Canine/StatBar/Canine_StatBar-Cases", "Object Repository/Canine/StatBar/Canine_StatBar-Samples", "Object Repository/Canine/StatBar/Canine_StatBar-Files", "Object Repository/Canine/StatBar/Canine_StatBar-Aliquots"): ctdc.utilities.runtestcaseforKatalon.readStatBarCanine is PASSED

2021-07-26 15:58:19 - [MESSAGE][PASSED] - ctdc.utilities.runtestcaseforKatalon.readStatBarCanine is PASSED

2021-07-26 15:58:19 - [TEST_STEP][PASSED] - waitForElementPresent(findTestObject("Object Repository/Canine/CanineResults_Cases_Tab"), 5): Object 'Object Repository/Canine/CanineResults_Cases_Tab' is present

2021-07-26 15:58:19 - [MESSAGE][PASSED] - Object 'Object Repository/Canine/CanineResults_Cases_Tab' is present

2021-07-26 15:58:19 - [TEST_STEP][PASSED] - ctdc.utilities.runtestcaseforKatalon.clickTabCanineStat("Object Repository/Canine/CanineResults_Cases_Tab"): ctdc.utilities.runtestcaseforKatalon.clickTabCanineStat is PASSED

2021-07-26 15:58:21 - [MESSAGE][PASSED] - ctdc.utilities.runtestcaseforKatalon.clickTabCanineStat is PASSED

2021-07-26 15:58:21 - [TEST_STEP][PASSED] - ctdc.utilities.runtestcaseforKatalon.multiFunction("ICDC", G_StatBar_Cases, "Object Repository/Canine/Canine_CasesTable", "Object Repository/Canine/Canine_TableHeader", "Object Repository/Canine/Canine_CasesTabNextBtn", G_WebTabnameCases, G_CypherTabnameCases, G_QueryCasesTab): Statbar Arms count matches

2021-07-26 15:58:35 - [MESSAGE][PASSED] - Statbar Files count matches

2021-07-26 15:58:35 - [MESSAGE][PASSED] - Statbar Samples count matches

2021-07-26 15:58:35 - [MESSAGE][PASSED] - Statbar Cases count matches

2021-07-26 15:58:35 - [MESSAGE][PASSED] - Statbar Arms count matches

2021-07-26 15:58:35 - [TEST_STEP][PASSED] - waitForElementPresent(findTestObject("Object Repository/Canine/CanineResults_Samples_Tab"), 5): Object 'Object Repository/Canine/CanineResults_Samples_Tab' is present

2021-07-26 15:58:35 - [MESSAGE][PASSED] - Object 'Object Repository/Canine/CanineResults_Samples_Tab' is present

2021-07-26 15:58:35 - [TEST_STEP][PASSED] - ctdc.utilities.runtestcaseforKatalon.clickTabCanineStat("Object Repository/Canine/CanineResults_Samples_Tab"): ctdc.utilities.runtestcaseforKatalon.clickTabCanineStat is PASSED

2021-07-26 15:58:37 - [MESSAGE][PASSED] - ctdc.utilities.runtestcaseforKatalon.clickTabCanineStat is PASSED

2021-07-26 15:58:37 - [TEST_STEP][PASSED] - ctdc.utilities.runtestcaseforKatalon.multiFunction("ICDC", G_StatBar_Samples, "Object Repository/Canine/Canine_Samples_Table", "Object Repository/Canine/Canine_Samples_TableHdr", "Object Repository/Canine/Canine_SamplesTabNextBtn", G_WebTabnameSamples, G_CypherTabnameCases, G_QuerySamplesTab): Statbar Arms count matches

2021-07-26 15:58:54 - [MESSAGE][PASSED] - Statbar Files count matches

2021-07-26 15:58:54 - [MESSAGE][PASSED] - Statbar Samples count matches

2021-07-26 15:58:54 - [MESSAGE][PASSED] - Statbar Cases count matches

2021-07-26 15:58:54 - [MESSAGE][PASSED] - Statbar Arms count matches

2021-07-26 15:58:54 - [TEST_STEP][PASSED] - waitForElementPresent(findTestObject("Object Repository/Canine/CanineResults_Files_Tab"), 5): Object 'Object Repository/Canine/CanineResults_Files_Tab' is present

2021-07-26 15:58:54 - [MESSAGE][PASSED] - Object 'Object Repository/Canine/CanineResults_Files_Tab' is present

2021-07-26 15:58:54 - [TEST_STEP][PASSED] - ctdc.utilities.runtestcaseforKatalon.clickTab("Object Repository/Canine/CanineResults_Files_Tab"): ctdc.utilities.runtestcaseforKatalon.clickTab is PASSED

2021-07-26 15:58:55 - [MESSAGE][PASSED] - ctdc.utilities.runtestcaseforKatalon.clickTab is PASSED

2021-07-26 15:58:55 - [TEST_STEP][PASSED] - ctdc.utilities.runtestcaseforKatalon.multiFunction("ICDC", G_StatBar_Files, "Object Repository/Canine/Canine_Files_Table", "Object Repository/Canine/Canine_Files_TableHdr", "Object Repository/Canine/Canine_FilesTabNextBtn", G_WebTabnameFiles, G_CypherTabnameFiles, G_QueryFilesTab): Statbar Arms count matches

2021-07-26 15:59:22 - [MESSAGE][PASSED] - Statbar Files count matches

2021-07-26 15:59:22 - [MESSAGE][PASSED] - Statbar Samples count matches

2021-07-26 15:59:22 - [MESSAGE][PASSED] - Statbar Cases count matches

2021-07-26 15:59:22 - [MESSAGE][PASSED] - Statbar Arms count matches

2021-07-26 15:59:22 - [TEST_STEP][PASSED] - closeBrowser(): Browser is closed

2021-07-26 15:59:23 - [MESSAGE][PASSED] - Browser is closed]]></system-out>
         <system-err><![CDATA[]]></system-err>
      </testcase>
      <testcase name="Test Cases/Canine_TestCases/Breed/TC43_Canine_Filter_Breed-StaffdshrBull" time="71.305" classname="Test Cases/Canine_TestCases/Breed/TC43_Canine_Filter_Breed-StaffdshrBull" status="PASSED">
         <system-out><![CDATA[2021-07-26 15:59:23 - [TEST_CASE][PASSED] - Test Cases/Canine_TestCases/Breed/TC43_Canine_Filter_Breed-StaffdshrBull: Test Cases/Canine_TestCases/Breed/TC43_Canine_Filter_Breed-StaffdshrBull

2021-07-26 15:59:23 - [TEST_STEP][PASSED] - Start listener action : getTestScriptName: null

2021-07-26 15:59:23 - [TEST_STEP][PASSED] - TestCaseId = testCaseContext.getTestCaseId(): null

2021-07-26 15:59:23 - [TEST_STEP][PASSED] - out.println("**********this is the value of test case id string******** " + testCaseContext.getTestCaseId()): null

2021-07-26 15:59:23 - [TEST_STEP][PASSED] - G_currentTCName = TestCaseId.substring(TestCaseId.lastIndexOf("TC")): null

2021-07-26 15:59:23 - [TEST_STEP][PASSED] - out.println("This is the test case name : " + G_currentTCName): null

2021-07-26 15:59:23 - [TEST_STEP][PASSED] - closeBrowser(): Browser is closed

2021-07-26 15:59:23 - [MESSAGE][PASSED] - Browser is closed

2021-07-26 15:59:23 - [TEST_STEP][PASSED] - ctdc.utilities.runtestcaseforKatalon.RunKatalon("TC43_Canine_Filter_Breed-StaffdshrBull.xlsx"): Data loaded from input file for the test case. 

2021-07-26 15:59:23 - [MESSAGE][PASSED] - Test case file loaded This is the full filepath after converting to string :C:\Users\sohilz2\Commons_Automation\InputFiles\TC43_Canine_Filter_Breed-StaffdshrBull.xlsx

2021-07-26 15:59:23 - [MESSAGE][INFO] - Global variable set for password file is :  C:\Users\sohilz2\Commons_Automation\InputFiles\TC43_Canine_Filter_Breed-StaffdshrBull.xlsx

2021-07-26 15:59:27 - [MESSAGE][PASSED] - Data loaded from input file for the test case. 

2021-07-26 15:59:35 - [TEST_STEP][PASSED] - waitForElementPresent(findTestObject("Canine/NavBar/Canine_Cases_Btn"), 5): Object 'Object Repository/Canine/NavBar/Canine_Cases_Btn' is present

2021-07-26 15:59:35 - [MESSAGE][PASSED] - Object 'Object Repository/Canine/NavBar/Canine_Cases_Btn' is present

2021-07-26 15:59:35 - [TEST_STEP][PASSED] - ctdc.utilities.runtestcaseforKatalon.clickTabCanineStat("Canine/NavBar/Canine_Cases_Btn"): ctdc.utilities.runtestcaseforKatalon.clickTabCanineStat is PASSED

2021-07-26 15:59:37 - [MESSAGE][PASSED] - ctdc.utilities.runtestcaseforKatalon.clickTabCanineStat is PASSED

2021-07-26 15:59:37 - [TEST_STEP][PASSED] - waitForElementPresent(findTestObject("Bento/Cases_page/Filter/FilterByCases_Facet"), 5): Object 'Object Repository/Bento/Cases_page/Filter/FilterByCases_Facet' is present

2021-07-26 15:59:37 - [MESSAGE][PASSED] - Object 'Object Repository/Bento/Cases_page/Filter/FilterByCases_Facet' is present

2021-07-26 15:59:37 - [TEST_STEP][PASSED] - ctdc.utilities.runtestcaseforKatalon.clickTabCanineStat("Bento/Cases_page/Filter/FilterByCases_Facet"): ctdc.utilities.runtestcaseforKatalon.clickTabCanineStat is PASSED

2021-07-26 15:59:39 - [MESSAGE][PASSED] - ctdc.utilities.runtestcaseforKatalon.clickTabCanineStat is PASSED

2021-07-26 15:59:39 - [TEST_STEP][PASSED] - waitForElementPresent(findTestObject("Object Repository/Canine/Filter/Breed/BREED_Ddn"), 5): Object 'Object Repository/Canine/Filter/Breed/BREED_Ddn' is present

2021-07-26 15:59:39 - [MESSAGE][PASSED] - Object 'Object Repository/Canine/Filter/Breed/BREED_Ddn' is present

2021-07-26 15:59:39 - [TEST_STEP][PASSED] - ctdc.utilities.runtestcaseforKatalon.clickTabCanineStat("Object Repository/Canine/Filter/Breed/BREED_Ddn"): ctdc.utilities.runtestcaseforKatalon.clickTabCanineStat is PASSED

2021-07-26 15:59:40 - [MESSAGE][PASSED] - ctdc.utilities.runtestcaseforKatalon.clickTabCanineStat is PASSED

2021-07-26 15:59:40 - [TEST_STEP][PASSED] - ctdc.utilities.runtestcaseforKatalon.clickTabCanineStat("Object Repository/Canine/Filter/Breed/StaffdshrBull_Chkbx"): ctdc.utilities.runtestcaseforKatalon.clickTabCanineStat is PASSED

2021-07-26 15:59:42 - [MESSAGE][PASSED] - ctdc.utilities.runtestcaseforKatalon.clickTabCanineStat is PASSED

2021-07-26 15:59:42 - [TEST_STEP][PASSED] - ctdc.utilities.runtestcaseforKatalon.readStatBarCanine("Object Repository/Canine/StatBar/Canine_StatBar-Studies", "Object Repository/Canine/StatBar/Canine_StatBar-Cases", "Object Repository/Canine/StatBar/Canine_StatBar-Samples", "Object Repository/Canine/StatBar/Canine_StatBar-Files", "Object Repository/Canine/StatBar/Canine_StatBar-Aliquots"): ctdc.utilities.runtestcaseforKatalon.readStatBarCanine is PASSED

2021-07-26 15:59:57 - [MESSAGE][PASSED] - ctdc.utilities.runtestcaseforKatalon.readStatBarCanine is PASSED

2021-07-26 15:59:57 - [TEST_STEP][PASSED] - waitForElementPresent(findTestObject("Object Repository/Canine/CanineResults_Cases_Tab"), 5): Object 'Object Repository/Canine/CanineResults_Cases_Tab' is present

2021-07-26 15:59:57 - [MESSAGE][PASSED] - Object 'Object Repository/Canine/CanineResults_Cases_Tab' is present

2021-07-26 15:59:57 - [TEST_STEP][PASSED] - ctdc.utilities.runtestcaseforKatalon.clickTabCanineStat("Object Repository/Canine/CanineResults_Cases_Tab"): ctdc.utilities.runtestcaseforKatalon.clickTabCanineStat is PASSED

2021-07-26 15:59:58 - [MESSAGE][PASSED] - ctdc.utilities.runtestcaseforKatalon.clickTabCanineStat is PASSED

2021-07-26 15:59:58 - [TEST_STEP][PASSED] - ctdc.utilities.runtestcaseforKatalon.multiFunction("ICDC", G_StatBar_Cases, "Object Repository/Canine/Canine_CasesTable", "Object Repository/Canine/Canine_TableHeader", "Object Repository/Canine/Canine_CasesTabNextBtn", G_WebTabnameCases, G_CypherTabnameCases, G_QueryCasesTab): Statbar Arms count matches

2021-07-26 16:00:14 - [MESSAGE][PASSED] - Statbar Files count matches

2021-07-26 16:00:14 - [MESSAGE][PASSED] - Statbar Samples count matches

2021-07-26 16:00:14 - [MESSAGE][PASSED] - Statbar Cases count matches

2021-07-26 16:00:14 - [MESSAGE][PASSED] - Statbar Arms count matches

2021-07-26 16:00:14 - [TEST_STEP][PASSED] - waitForElementPresent(findTestObject("Object Repository/Canine/CanineResults_Samples_Tab"), 5): Object 'Object Repository/Canine/CanineResults_Samples_Tab' is present

2021-07-26 16:00:14 - [MESSAGE][PASSED] - Object 'Object Repository/Canine/CanineResults_Samples_Tab' is present

2021-07-26 16:00:14 - [TEST_STEP][PASSED] - ctdc.utilities.runtestcaseforKatalon.clickTab("Object Repository/Canine/CanineResults_Samples_Tab"): ctdc.utilities.runtestcaseforKatalon.clickTab is PASSED

2021-07-26 16:00:14 - [MESSAGE][PASSED] - ctdc.utilities.runtestcaseforKatalon.clickTab is PASSED

2021-07-26 16:00:14 - [TEST_STEP][PASSED] - ctdc.utilities.runtestcaseforKatalon.multiFunction("ICDC", G_StatBar_Samples, "Object Repository/Canine/Canine_Samples_Table", "Object Repository/Canine/Canine_Samples_TableHdr", "Object Repository/Canine/Canine_SamplesTabNextBtn", G_WebTabnameSamples, G_CypherTabnameSamples, G_QuerySamplesTab): Statbar Arms count matches

2021-07-26 16:00:34 - [MESSAGE][PASSED] - Statbar Files count matches

2021-07-26 16:00:34 - [MESSAGE][PASSED] - Statbar Samples count matches

2021-07-26 16:00:34 - [MESSAGE][PASSED] - Statbar Cases count matches

2021-07-26 16:00:34 - [MESSAGE][PASSED] - Statbar Arms count matches

2021-07-26 16:00:34 - [TEST_STEP][PASSED] - closeBrowser(): Browser is closed

2021-07-26 16:00:34 - [MESSAGE][PASSED] - Browser is closed]]></system-out>
         <system-err><![CDATA[]]></system-err>
      </testcase>
      <testcase name="Test Cases/Canine_TestCases/Breed/TC44_Canine_Filter_Breed-Vizsla" time="79.907" classname="Test Cases/Canine_TestCases/Breed/TC44_Canine_Filter_Breed-Vizsla" status="PASSED">
         <system-out><![CDATA[2021-07-26 16:00:34 - [TEST_CASE][PASSED] - Test Cases/Canine_TestCases/Breed/TC44_Canine_Filter_Breed-Vizsla: Test Cases/Canine_TestCases/Breed/TC44_Canine_Filter_Breed-Vizsla

2021-07-26 16:00:34 - [TEST_STEP][PASSED] - Start listener action : getTestScriptName: null

2021-07-26 16:00:34 - [TEST_STEP][PASSED] - TestCaseId = testCaseContext.getTestCaseId(): null

2021-07-26 16:00:34 - [TEST_STEP][PASSED] - out.println("**********this is the value of test case id string******** " + testCaseContext.getTestCaseId()): null

2021-07-26 16:00:34 - [TEST_STEP][PASSED] - G_currentTCName = TestCaseId.substring(TestCaseId.lastIndexOf("TC")): null

2021-07-26 16:00:34 - [TEST_STEP][PASSED] - out.println("This is the test case name : " + G_currentTCName): null

2021-07-26 16:00:35 - [TEST_STEP][PASSED] - closeBrowser(): Browser is closed

2021-07-26 16:00:35 - [MESSAGE][PASSED] - Browser is closed

2021-07-26 16:00:35 - [TEST_STEP][PASSED] - ctdc.utilities.runtestcaseforKatalon.RunKatalon("TC44_Canine_Filter_Breed-Vizsla.xlsx"): Data loaded from input file for the test case. 

2021-07-26 16:00:35 - [MESSAGE][PASSED] - Test case file loaded This is the full filepath after converting to string :C:\Users\sohilz2\Commons_Automation\InputFiles\TC44_Canine_Filter_Breed-Vizsla.xlsx

2021-07-26 16:00:35 - [MESSAGE][INFO] - Global variable set for password file is :  C:\Users\sohilz2\Commons_Automation\InputFiles\TC44_Canine_Filter_Breed-Vizsla.xlsx

2021-07-26 16:00:39 - [MESSAGE][PASSED] - Data loaded from input file for the test case. 

2021-07-26 16:00:45 - [TEST_STEP][PASSED] - click(findTestObject("Canine/NavBar/Canine_Cases_Btn")): Object: 'Object Repository/Canine/NavBar/Canine_Cases_Btn' is clicked on

2021-07-26 16:00:45 - [MESSAGE][PASSED] - Object: 'Object Repository/Canine/NavBar/Canine_Cases_Btn' is clicked on

2021-07-26 16:00:45 - [TEST_STEP][PASSED] - click(findTestObject("Bento/Cases_page/Filter/FilterByCases_Facet")): Object: 'Object Repository/Bento/Cases_page/Filter/FilterByCases_Facet' is clicked on

2021-07-26 16:00:46 - [MESSAGE][PASSED] - Object: 'Object Repository/Bento/Cases_page/Filter/FilterByCases_Facet' is clicked on

2021-07-26 16:00:46 - [TEST_STEP][PASSED] - waitForElementPresent(findTestObject("Object Repository/Canine/Filter/Breed/BREED_Ddn"), 5): Object 'Object Repository/Canine/Filter/Breed/BREED_Ddn' is present

2021-07-26 16:00:47 - [MESSAGE][PASSED] - Object 'Object Repository/Canine/Filter/Breed/BREED_Ddn' is present

2021-07-26 16:00:47 - [TEST_STEP][PASSED] - ctdc.utilities.runtestcaseforKatalon.clickTabCanineStat("Object Repository/Canine/Filter/Breed/BREED_Ddn"): ctdc.utilities.runtestcaseforKatalon.clickTabCanineStat is PASSED

2021-07-26 16:00:48 - [MESSAGE][PASSED] - ctdc.utilities.runtestcaseforKatalon.clickTabCanineStat is PASSED

2021-07-26 16:00:48 - [TEST_STEP][PASSED] - ctdc.utilities.runtestcaseforKatalon.clickTabCanineStat("Object Repository/Canine/Filter/Breed/Vizsla_Chkbx"): ctdc.utilities.runtestcaseforKatalon.clickTabCanineStat is PASSED

2021-07-26 16:00:50 - [MESSAGE][PASSED] - ctdc.utilities.runtestcaseforKatalon.clickTabCanineStat is PASSED

2021-07-26 16:00:50 - [TEST_STEP][PASSED] - ctdc.utilities.runtestcaseforKatalon.readStatBarCanine("Object Repository/Canine/StatBar/Canine_StatBar-Studies", "Object Repository/Canine/StatBar/Canine_StatBar-Cases", "Object Repository/Canine/StatBar/Canine_StatBar-Samples", "Object Repository/Canine/StatBar/Canine_StatBar-Files", "Object Repository/Canine/StatBar/Canine_StatBar-Aliquots"): ctdc.utilities.runtestcaseforKatalon.readStatBarCanine is PASSED

2021-07-26 16:01:05 - [MESSAGE][PASSED] - ctdc.utilities.runtestcaseforKatalon.readStatBarCanine is PASSED

2021-07-26 16:01:05 - [TEST_STEP][PASSED] - waitForElementPresent(findTestObject("Object Repository/Canine/CanineResults_Cases_Tab"), 5): Object 'Object Repository/Canine/CanineResults_Cases_Tab' is present

2021-07-26 16:01:05 - [MESSAGE][PASSED] - Object 'Object Repository/Canine/CanineResults_Cases_Tab' is present

2021-07-26 16:01:05 - [TEST_STEP][PASSED] - ctdc.utilities.runtestcaseforKatalon.clickTabCanineStat("Object Repository/Canine/CanineResults_Cases_Tab"): ctdc.utilities.runtestcaseforKatalon.clickTabCanineStat is PASSED

2021-07-26 16:01:07 - [MESSAGE][PASSED] - ctdc.utilities.runtestcaseforKatalon.clickTabCanineStat is PASSED

2021-07-26 16:01:07 - [TEST_STEP][PASSED] - ctdc.utilities.runtestcaseforKatalon.multiFunction("ICDC", G_StatBar_Cases, "Object Repository/Canine/Canine_CasesTable", "Object Repository/Canine/Canine_TableHeader", "Object Repository/Canine/Canine_CasesTabNextBtn", G_WebTabnameCases, G_CypherTabnameCases, G_QueryCasesTab): Statbar Arms count matches

2021-07-26 16:01:21 - [MESSAGE][PASSED] - Statbar Files count matches

2021-07-26 16:01:21 - [MESSAGE][PASSED] - Statbar Samples count matches

2021-07-26 16:01:21 - [MESSAGE][PASSED] - Statbar Cases count matches

2021-07-26 16:01:21 - [MESSAGE][PASSED] - Statbar Arms count matches

2021-07-26 16:01:21 - [TEST_STEP][PASSED] - waitForElementPresent(findTestObject("Object Repository/Canine/CanineResults_Samples_Tab"), 5): Object 'Object Repository/Canine/CanineResults_Samples_Tab' is present

2021-07-26 16:01:21 - [MESSAGE][PASSED] - Object 'Object Repository/Canine/CanineResults_Samples_Tab' is present

2021-07-26 16:01:21 - [TEST_STEP][PASSED] - ctdc.utilities.runtestcaseforKatalon.clickTabCanineStat("Object Repository/Canine/CanineResults_Samples_Tab"): ctdc.utilities.runtestcaseforKatalon.clickTabCanineStat is PASSED

2021-07-26 16:01:23 - [MESSAGE][PASSED] - ctdc.utilities.runtestcaseforKatalon.clickTabCanineStat is PASSED

2021-07-26 16:01:23 - [TEST_STEP][PASSED] - ctdc.utilities.runtestcaseforKatalon.multiFunction("ICDC", G_StatBar_Samples, "Object Repository/Canine/Canine_Samples_Table", "Object Repository/Canine/Canine_Samples_TableHdr", "Object Repository/Canine/Canine_SamplesTabNextBtn", G_WebTabnameSamples, G_CypherTabnameSamples, G_QuerySamplesTab): Statbar Arms count matches

2021-07-26 16:01:37 - [MESSAGE][PASSED] - Statbar Files count matches

2021-07-26 16:01:37 - [MESSAGE][PASSED] - Statbar Samples count matches

2021-07-26 16:01:37 - [MESSAGE][PASSED] - Statbar Cases count matches

2021-07-26 16:01:37 - [MESSAGE][PASSED] - Statbar Arms count matches

2021-07-26 16:01:37 - [TEST_STEP][PASSED] - waitForElementPresent(findTestObject("Object Repository/Canine/CanineResults_Files_Tab"), 5): Object 'Object Repository/Canine/CanineResults_Files_Tab' is present

2021-07-26 16:01:37 - [MESSAGE][PASSED] - Object 'Object Repository/Canine/CanineResults_Files_Tab' is present

2021-07-26 16:01:37 - [TEST_STEP][PASSED] - ctdc.utilities.runtestcaseforKatalon.clickTabCanineStat("Object Repository/Canine/CanineResults_Files_Tab"): ctdc.utilities.runtestcaseforKatalon.clickTabCanineStat is PASSED

2021-07-26 16:01:39 - [MESSAGE][PASSED] - ctdc.utilities.runtestcaseforKatalon.clickTabCanineStat is PASSED

2021-07-26 16:01:39 - [TEST_STEP][PASSED] - ctdc.utilities.runtestcaseforKatalon.multiFunction("ICDC", G_StatBar_Files, "Object Repository/Canine/Canine_Files_Table", "Object Repository/Canine/Canine_Files_TableHdr", "Object Repository/Canine/Canine_FilesTabNextBtn", G_WebTabnameFiles, G_CypherTabnameFiles, G_QueryFilesTab): Statbar Arms count matches

2021-07-26 16:01:53 - [MESSAGE][PASSED] - Statbar Files count matches

2021-07-26 16:01:53 - [MESSAGE][PASSED] - Statbar Samples count matches

2021-07-26 16:01:53 - [MESSAGE][PASSED] - Statbar Cases count matches

2021-07-26 16:01:53 - [MESSAGE][PASSED] - Statbar Arms count matches

2021-07-26 16:01:53 - [TEST_STEP][PASSED] - closeBrowser(): Browser is closed

2021-07-26 16:01:54 - [MESSAGE][PASSED] - Browser is closed]]></system-out>
         <system-err><![CDATA[]]></system-err>
      </testcase>
      <testcase name="Test Cases/Canine_TestCases/Breed/TC45_Canine_Filter_Breed-Weimrnr" time="80.292" classname="Test Cases/Canine_TestCases/Breed/TC45_Canine_Filter_Breed-Weimrnr" status="PASSED">
         <system-out><![CDATA[2021-07-26 16:01:54 - [TEST_CASE][PASSED] - Test Cases/Canine_TestCases/Breed/TC45_Canine_Filter_Breed-Weimrnr: Test Cases/Canine_TestCases/Breed/TC45_Canine_Filter_Breed-Weimrnr

2021-07-26 16:01:54 - [TEST_STEP][PASSED] - Start listener action : getTestScriptName: null

2021-07-26 16:01:54 - [TEST_STEP][PASSED] - TestCaseId = testCaseContext.getTestCaseId(): null

2021-07-26 16:01:54 - [TEST_STEP][PASSED] - out.println("**********this is the value of test case id string******** " + testCaseContext.getTestCaseId()): null

2021-07-26 16:01:54 - [TEST_STEP][PASSED] - G_currentTCName = TestCaseId.substring(TestCaseId.lastIndexOf("TC")): null

2021-07-26 16:01:54 - [TEST_STEP][PASSED] - out.println("This is the test case name : " + G_currentTCName): null

2021-07-26 16:01:54 - [TEST_STEP][PASSED] - closeBrowser(): Browser is closed

2021-07-26 16:01:54 - [MESSAGE][PASSED] - Browser is closed

2021-07-26 16:01:54 - [TEST_STEP][PASSED] - ctdc.utilities.runtestcaseforKatalon.RunKatalon("TC45_Canine_Filter_Breed-Weimrnr.xlsx"): Data loaded from input file for the test case. 

2021-07-26 16:01:54 - [MESSAGE][PASSED] - Test case file loaded This is the full filepath after converting to string :C:\Users\sohilz2\Commons_Automation\InputFiles\TC45_Canine_Filter_Breed-Weimrnr.xlsx

2021-07-26 16:01:54 - [MESSAGE][INFO] - Global variable set for password file is :  C:\Users\sohilz2\Commons_Automation\InputFiles\TC45_Canine_Filter_Breed-Weimrnr.xlsx

2021-07-26 16:01:58 - [MESSAGE][PASSED] - Data loaded from input file for the test case. 

2021-07-26 16:02:05 - [TEST_STEP][PASSED] - click(findTestObject("Canine/NavBar/Canine_Cases_Btn")): Object: 'Object Repository/Canine/NavBar/Canine_Cases_Btn' is clicked on

2021-07-26 16:02:05 - [MESSAGE][PASSED] - Object: 'Object Repository/Canine/NavBar/Canine_Cases_Btn' is clicked on

2021-07-26 16:02:05 - [TEST_STEP][PASSED] - click(findTestObject("Bento/Cases_page/Filter/FilterByCases_Facet")): Object: 'Object Repository/Bento/Cases_page/Filter/FilterByCases_Facet' is clicked on

2021-07-26 16:02:07 - [MESSAGE][PASSED] - Object: 'Object Repository/Bento/Cases_page/Filter/FilterByCases_Facet' is clicked on

2021-07-26 16:02:07 - [TEST_STEP][PASSED] - waitForElementPresent(findTestObject("Object Repository/Canine/Filter/Breed/BREED_Ddn"), 5): Object 'Object Repository/Canine/Filter/Breed/BREED_Ddn' is present

2021-07-26 16:02:07 - [MESSAGE][PASSED] - Object 'Object Repository/Canine/Filter/Breed/BREED_Ddn' is present

2021-07-26 16:02:07 - [TEST_STEP][PASSED] - ctdc.utilities.runtestcaseforKatalon.clickTabCanineStat("Object Repository/Canine/Filter/Breed/BREED_Ddn"): ctdc.utilities.runtestcaseforKatalon.clickTabCanineStat is PASSED

2021-07-26 16:02:09 - [MESSAGE][PASSED] - ctdc.utilities.runtestcaseforKatalon.clickTabCanineStat is PASSED

2021-07-26 16:02:09 - [TEST_STEP][PASSED] - ctdc.utilities.runtestcaseforKatalon.clickTabCanineStat("Object Repository/Canine/Filter/Breed/Weimrnr_Chkbx"): ctdc.utilities.runtestcaseforKatalon.clickTabCanineStat is PASSED

2021-07-26 16:02:10 - [MESSAGE][PASSED] - ctdc.utilities.runtestcaseforKatalon.clickTabCanineStat is PASSED

2021-07-26 16:02:10 - [TEST_STEP][PASSED] - ctdc.utilities.runtestcaseforKatalon.readStatBarCanine("Object Repository/Canine/StatBar/Canine_StatBar-Studies", "Object Repository/Canine/StatBar/Canine_StatBar-Cases", "Object Repository/Canine/StatBar/Canine_StatBar-Samples", "Object Repository/Canine/StatBar/Canine_StatBar-Files", "Object Repository/Canine/StatBar/Canine_StatBar-Aliquots"): ctdc.utilities.runtestcaseforKatalon.readStatBarCanine is PASSED

2021-07-26 16:02:26 - [MESSAGE][PASSED] - ctdc.utilities.runtestcaseforKatalon.readStatBarCanine is PASSED

2021-07-26 16:02:26 - [TEST_STEP][PASSED] - waitForElementPresent(findTestObject("Object Repository/Canine/CanineResults_Cases_Tab"), 5): Object 'Object Repository/Canine/CanineResults_Cases_Tab' is present

2021-07-26 16:02:26 - [MESSAGE][PASSED] - Object 'Object Repository/Canine/CanineResults_Cases_Tab' is present

2021-07-26 16:02:26 - [TEST_STEP][PASSED] - ctdc.utilities.runtestcaseforKatalon.clickTabCanineStat("Object Repository/Canine/CanineResults_Cases_Tab"): ctdc.utilities.runtestcaseforKatalon.clickTabCanineStat is PASSED

2021-07-26 16:02:27 - [MESSAGE][PASSED] - ctdc.utilities.runtestcaseforKatalon.clickTabCanineStat is PASSED

2021-07-26 16:02:27 - [TEST_STEP][PASSED] - ctdc.utilities.runtestcaseforKatalon.multiFunction("ICDC", G_StatBar_Cases, "Object Repository/Canine/Canine_CasesTable", "Object Repository/Canine/Canine_TableHeader", "Object Repository/Canine/Canine_CasesTabNextBtn", G_WebTabnameCases, G_CypherTabnameCases, G_QueryCasesTab): Statbar Arms count matches

2021-07-26 16:02:42 - [MESSAGE][PASSED] - Statbar Files count matches

2021-07-26 16:02:42 - [MESSAGE][PASSED] - Statbar Samples count matches

2021-07-26 16:02:42 - [MESSAGE][PASSED] - Statbar Cases count matches

2021-07-26 16:02:42 - [MESSAGE][PASSED] - Statbar Arms count matches

2021-07-26 16:02:42 - [TEST_STEP][PASSED] - waitForElementPresent(findTestObject("Object Repository/Canine/CanineResults_Samples_Tab"), 5): Object 'Object Repository/Canine/CanineResults_Samples_Tab' is present

2021-07-26 16:02:42 - [MESSAGE][PASSED] - Object 'Object Repository/Canine/CanineResults_Samples_Tab' is present

2021-07-26 16:02:42 - [TEST_STEP][PASSED] - ctdc.utilities.runtestcaseforKatalon.clickTabCanineStat("Object Repository/Canine/CanineResults_Samples_Tab"): ctdc.utilities.runtestcaseforKatalon.clickTabCanineStat is PASSED

2021-07-26 16:02:44 - [MESSAGE][PASSED] - ctdc.utilities.runtestcaseforKatalon.clickTabCanineStat is PASSED

2021-07-26 16:02:44 - [TEST_STEP][PASSED] - ctdc.utilities.runtestcaseforKatalon.multiFunction("ICDC", G_StatBar_Samples, "Object Repository/Canine/Canine_Samples_Table", "Object Repository/Canine/Canine_Samples_TableHdr", "Object Repository/Canine/Canine_SamplesTabNextBtn", G_WebTabnameSamples, G_CypherTabnameSamples, G_QuerySamplesTab): Statbar Arms count matches

2021-07-26 16:02:58 - [MESSAGE][PASSED] - Statbar Files count matches

2021-07-26 16:02:58 - [MESSAGE][PASSED] - Statbar Samples count matches

2021-07-26 16:02:58 - [MESSAGE][PASSED] - Statbar Cases count matches

2021-07-26 16:02:58 - [MESSAGE][PASSED] - Statbar Arms count matches

2021-07-26 16:02:58 - [TEST_STEP][PASSED] - waitForElementPresent(findTestObject("Object Repository/Canine/CanineResults_Files_Tab"), 5): Object 'Object Repository/Canine/CanineResults_Files_Tab' is present

2021-07-26 16:02:58 - [MESSAGE][PASSED] - Object 'Object Repository/Canine/CanineResults_Files_Tab' is present

2021-07-26 16:02:58 - [TEST_STEP][PASSED] - ctdc.utilities.runtestcaseforKatalon.clickTab("Object Repository/Canine/CanineResults_Files_Tab"): ctdc.utilities.runtestcaseforKatalon.clickTab is PASSED

2021-07-26 16:02:58 - [MESSAGE][PASSED] - ctdc.utilities.runtestcaseforKatalon.clickTab is PASSED

2021-07-26 16:02:58 - [TEST_STEP][PASSED] - ctdc.utilities.runtestcaseforKatalon.multiFunction("ICDC", G_StatBar_Files, "Object Repository/Canine/Canine_Files_Table", "Object Repository/Canine/Canine_Files_TableHdr", "Object Repository/Canine/Canine_FilesTabNextBtn", G_WebTabnameFiles, G_CypherTabnameFiles, G_QueryFilesTab): Statbar Arms count matches

2021-07-26 16:03:14 - [MESSAGE][PASSED] - Statbar Files count matches

2021-07-26 16:03:14 - [MESSAGE][PASSED] - Statbar Samples count matches

2021-07-26 16:03:14 - [MESSAGE][PASSED] - Statbar Cases count matches

2021-07-26 16:03:14 - [MESSAGE][PASSED] - Statbar Arms count matches

2021-07-26 16:03:14 - [TEST_STEP][PASSED] - closeBrowser(): Browser is closed

2021-07-26 16:03:14 - [MESSAGE][PASSED] - Browser is closed]]></system-out>
         <system-err><![CDATA[]]></system-err>
      </testcase>
      <testcase name="Test Cases/Canine_TestCases/Breed/TC47_Canine_Filter_Breed-YorkshireTerr" time="65.533" classname="Test Cases/Canine_TestCases/Breed/TC47_Canine_Filter_Breed-YorkshireTerr" status="PASSED">
         <system-out><![CDATA[2021-07-26 16:03:14 - [TEST_CASE][PASSED] - Test Cases/Canine_TestCases/Breed/TC47_Canine_Filter_Breed-YorkshireTerr: Test Cases/Canine_TestCases/Breed/TC47_Canine_Filter_Breed-YorkshireTerr

2021-07-26 16:03:14 - [TEST_STEP][PASSED] - Start listener action : getTestScriptName: null

2021-07-26 16:03:14 - [TEST_STEP][PASSED] - TestCaseId = testCaseContext.getTestCaseId(): null

2021-07-26 16:03:14 - [TEST_STEP][PASSED] - out.println("**********this is the value of test case id string******** " + testCaseContext.getTestCaseId()): null

2021-07-26 16:03:14 - [TEST_STEP][PASSED] - G_currentTCName = TestCaseId.substring(TestCaseId.lastIndexOf("TC")): null

2021-07-26 16:03:14 - [TEST_STEP][PASSED] - out.println("This is the test case name : " + G_currentTCName): null

2021-07-26 16:03:15 - [TEST_STEP][PASSED] - closeBrowser(): Browser is closed

2021-07-26 16:03:15 - [MESSAGE][PASSED] - Browser is closed

2021-07-26 16:03:15 - [TEST_STEP][PASSED] - ctdc.utilities.runtestcaseforKatalon.RunKatalon("TC47_Canine_Filter_Breed-YorkshireTerr.xlsx"): Data loaded from input file for the test case. 

2021-07-26 16:03:15 - [MESSAGE][PASSED] - Test case file loaded This is the full filepath after converting to string :C:\Users\sohilz2\Commons_Automation\InputFiles\TC47_Canine_Filter_Breed-YorkshireTerr.xlsx

2021-07-26 16:03:15 - [MESSAGE][INFO] - Global variable set for password file is :  C:\Users\sohilz2\Commons_Automation\InputFiles\TC47_Canine_Filter_Breed-YorkshireTerr.xlsx

2021-07-26 16:03:19 - [MESSAGE][PASSED] - Data loaded from input file for the test case. 

2021-07-26 16:03:25 - [TEST_STEP][PASSED] - waitForElementPresent(findTestObject("Canine/NavBar/Canine_Cases_Btn"), 5): Object 'Object Repository/Canine/NavBar/Canine_Cases_Btn' is present

2021-07-26 16:03:25 - [MESSAGE][PASSED] - Object 'Object Repository/Canine/NavBar/Canine_Cases_Btn' is present

2021-07-26 16:03:25 - [TEST_STEP][PASSED] - ctdc.utilities.runtestcaseforKatalon.clickTabCanineStat("Canine/NavBar/Canine_Cases_Btn"): ctdc.utilities.runtestcaseforKatalon.clickTabCanineStat is PASSED

2021-07-26 16:03:28 - [MESSAGE][PASSED] - ctdc.utilities.runtestcaseforKatalon.clickTabCanineStat is PASSED

2021-07-26 16:03:28 - [TEST_STEP][PASSED] - waitForElementPresent(findTestObject("Bento/Cases_page/Filter/FilterByCases_Facet"), 5): Object 'Object Repository/Bento/Cases_page/Filter/FilterByCases_Facet' is present

2021-07-26 16:03:28 - [MESSAGE][PASSED] - Object 'Object Repository/Bento/Cases_page/Filter/FilterByCases_Facet' is present

2021-07-26 16:03:28 - [TEST_STEP][PASSED] - ctdc.utilities.runtestcaseforKatalon.clickTabCanineStat("Bento/Cases_page/Filter/FilterByCases_Facet"): ctdc.utilities.runtestcaseforKatalon.clickTabCanineStat is PASSED

2021-07-26 16:03:29 - [MESSAGE][PASSED] - ctdc.utilities.runtestcaseforKatalon.clickTabCanineStat is PASSED

2021-07-26 16:03:29 - [TEST_STEP][PASSED] - waitForElementPresent(findTestObject("Object Repository/Canine/Filter/Breed/BREED_Ddn"), 5): Object 'Object Repository/Canine/Filter/Breed/BREED_Ddn' is present

2021-07-26 16:03:29 - [MESSAGE][PASSED] - Object 'Object Repository/Canine/Filter/Breed/BREED_Ddn' is present

2021-07-26 16:03:29 - [TEST_STEP][PASSED] - ctdc.utilities.runtestcaseforKatalon.clickTabCanineStat("Object Repository/Canine/Filter/Breed/BREED_Ddn"): ctdc.utilities.runtestcaseforKatalon.clickTabCanineStat is PASSED

2021-07-26 16:03:31 - [MESSAGE][PASSED] - ctdc.utilities.runtestcaseforKatalon.clickTabCanineStat is PASSED

2021-07-26 16:03:31 - [TEST_STEP][PASSED] - ctdc.utilities.runtestcaseforKatalon.clickTabCanineStat("Canine/Filter/Breed/Yorkshire_Chkbx"): ctdc.utilities.runtestcaseforKatalon.clickTabCanineStat is PASSED

2021-07-26 16:03:32 - [MESSAGE][PASSED] - ctdc.utilities.runtestcaseforKatalon.clickTabCanineStat is PASSED

2021-07-26 16:03:32 - [TEST_STEP][PASSED] - ctdc.utilities.runtestcaseforKatalon.readStatBarCanine("Object Repository/Canine/StatBar/Canine_StatBar-Studies", "Object Repository/Canine/StatBar/Canine_StatBar-Cases", "Object Repository/Canine/StatBar/Canine_StatBar-Samples", "Object Repository/Canine/StatBar/Canine_StatBar-Files", "Object Repository/Canine/StatBar/Canine_StatBar-Aliquots"): ctdc.utilities.runtestcaseforKatalon.readStatBarCanine is PASSED

2021-07-26 16:03:48 - [MESSAGE][PASSED] - ctdc.utilities.runtestcaseforKatalon.readStatBarCanine is PASSED

2021-07-26 16:03:48 - [TEST_STEP][PASSED] - waitForElementPresent(findTestObject("Object Repository/Canine/CanineResults_Cases_Tab"), 5): Object 'Object Repository/Canine/CanineResults_Cases_Tab' is present

2021-07-26 16:03:48 - [MESSAGE][PASSED] - Object 'Object Repository/Canine/CanineResults_Cases_Tab' is present

2021-07-26 16:03:48 - [TEST_STEP][PASSED] - ctdc.utilities.runtestcaseforKatalon.clickTabCanineStat("Object Repository/Canine/CanineResults_Cases_Tab"): ctdc.utilities.runtestcaseforKatalon.clickTabCanineStat is PASSED

2021-07-26 16:03:49 - [MESSAGE][PASSED] - ctdc.utilities.runtestcaseforKatalon.clickTabCanineStat is PASSED

2021-07-26 16:03:49 - [TEST_STEP][PASSED] - ctdc.utilities.runtestcaseforKatalon.multiFunction("ICDC", G_StatBar_Cases, "Object Repository/Canine/Canine_CasesTable", "Object Repository/Canine/Canine_TableHeader", "Object Repository/Canine/Canine_CasesTabNextBtn", G_WebTabnameCases, G_CypherTabnameCases, G_QueryCasesTab): Statbar Arms count matches

2021-07-26 16:04:04 - [MESSAGE][PASSED] - Statbar Files count matches

2021-07-26 16:04:04 - [MESSAGE][PASSED] - Statbar Samples count matches

2021-07-26 16:04:04 - [MESSAGE][PASSED] - Statbar Cases count matches

2021-07-26 16:04:04 - [MESSAGE][PASSED] - Statbar Arms count matches

2021-07-26 16:04:04 - [TEST_STEP][PASSED] - waitForElementPresent(findTestObject("Object Repository/Canine/CanineResults_Samples_Tab"), 5): Object 'Object Repository/Canine/CanineResults_Samples_Tab' is present

2021-07-26 16:04:04 - [MESSAGE][PASSED] - Object 'Object Repository/Canine/CanineResults_Samples_Tab' is present

2021-07-26 16:04:04 - [TEST_STEP][PASSED] - ctdc.utilities.runtestcaseforKatalon.clickTabCanineStat("Object Repository/Canine/CanineResults_Samples_Tab"): ctdc.utilities.runtestcaseforKatalon.clickTabCanineStat is PASSED

2021-07-26 16:04:05 - [MESSAGE][PASSED] - ctdc.utilities.runtestcaseforKatalon.clickTabCanineStat is PASSED

2021-07-26 16:04:05 - [TEST_STEP][PASSED] - ctdc.utilities.runtestcaseforKatalon.multiFunction("ICDC", G_StatBar_Samples, "Object Repository/Canine/Canine_Samples_Table", "Object Repository/Canine/Canine_Samples_TableHdr", "Object Repository/Canine/Canine_SamplesTabNextBtn", G_WebTabnameSamples, G_CypherTabnameSamples, G_QuerySamplesTab): Statbar Arms count matches

2021-07-26 16:04:19 - [MESSAGE][PASSED] - Statbar Files count matches

2021-07-26 16:04:19 - [MESSAGE][PASSED] - Statbar Samples count matches

2021-07-26 16:04:19 - [MESSAGE][PASSED] - Statbar Cases count matches

2021-07-26 16:04:19 - [MESSAGE][PASSED] - Statbar Arms count matches

2021-07-26 16:04:19 - [TEST_STEP][PASSED] - closeBrowser(): Browser is closed

2021-07-26 16:04:20 - [MESSAGE][PASSED] - Browser is closed]]></system-out>
         <system-err><![CDATA[]]></system-err>
      </testcase>
      <system-out><![CDATA[2021-07-26 15:12:28 - [TEST_SUITE][PASSED] - ICDC_Breed_Regression: Test Cases/Canine_TestCases/Breed/TC47_Canine_Filter_Breed-YorkshireTerr]]></system-out>
      <system-err><![CDATA[]]></system-err>
   </testsuite>
</testsuites>
