<?xml version="1.0" encoding="UTF-8"?>
<testsuites name="Canine_TestSuite" time="579.595" tests="2" failures="0" errors="0">
   <testsuite name="Canine_TestSuite" tests="2" failures="0" errors="0" time="579.595" timestamp="2020-06-10 17:26:55" hostname="radhakrishnang2 - NCI-02150368-L.nci.nih.gov" id="Test Suites/Canine_TestSuite">
      <properties>
         <property name="deviceName" value=""/>
         <property name="devicePlatform" value=""/>
         <property name="logFolder" value="C:\\Users\\radhakrishnang2\\Desktop\\Commons_Automation\\Reports\\20200610_172653\\Canine_TestSuite\\20200610_172653"/>
         <property name="logFiles" value="C:\\Users\\radhakrishnang2\\Desktop\\Commons_Automation\\Reports\\20200610_172653\\Canine_TestSuite\\20200610_172653\\execution0.log"/>
         <property name="attachments" value=""/>
         <property name="hostName" value="radhakrishnang2 - NCI-02150368-L.nci.nih.gov"/>
         <property name="os" value="Windows 10 64bit"/>
         <property name="katalonVersion" value="7.4.0.1"/>
         <property name="browser" value="Firefox 68.0"/>
         <property name="hostAddress" value="10.242.28.148"/>
         <property name="sessionId" value="54ed8889-74d2-4728-817d-9ab88c97312c"/>
         <property name="seleniumVersion" value="3.141.59"/>
         <property name="proxyInformation" value="ProxyInformation{proxyOption=NO_PROXY, proxyServerType=HTTP, password=, proxyServerAddress=, proxyServerPort=0, executionList=}"/>
         <property name="platform" value="Windows 10"/>
      </properties>
      <testcase name="Test Cases/Canine_TestCases/CaseFileDetails/TC01_Canine_CaseFiles_Study-COTB" time="283.355" classname="Test Cases/Canine_TestCases/CaseFileDetails/TC01_Canine_CaseFiles_Study-COTB" status="PASSED">
         <system-out><![CDATA[2020-06-10 17:26:55 - [TEST_CASE][PASSED] - Test Cases/Canine_TestCases/CaseFileDetails/TC01_Canine_CaseFiles_Study-COTB: Test Cases/Canine_TestCases/CaseFileDetails/TC01_Canine_CaseFiles_Study-COTB

2020-06-10 17:26:56 - [TEST_STEP][PASSED] - closeBrowser(): Browser is closed

2020-06-10 17:26:56 - [MESSAGE][PASSED] - Browser is closed

2020-06-10 17:26:56 - [TEST_STEP][PASSED] - openBrowser(""): Browser is opened with url: ''

2020-06-10 17:26:56 - [MESSAGE][INFO] - Starting 'Firefox' driver

2020-06-10 17:26:56 - [MESSAGE][INFO] - User set preference: ['args', '[--no-sandbox]']

2020-06-10 17:26:56 - [MESSAGE][INFO] - Action delay is set to 5,000 milliseconds

2020-06-10 17:27:01 - [MESSAGE][PASSED] - Browser is opened with url: ''

2020-06-10 17:27:01 - [TEST_STEP][PASSED] - maximizeWindow(): Current window maximized

2020-06-10 17:27:01 - [MESSAGE][PASSED] - Current window maximized

2020-06-10 17:27:01 - [TEST_STEP][PASSED] - ctdc.utilities.runtestcaseforKatalon.browserDriver(""): ctdc.utilities.runtestcaseforKatalon.browserDriver is PASSED

2020-06-10 17:27:01 - [MESSAGE][PASSED] - ctdc.utilities.runtestcaseforKatalon.browserDriver is PASSED

2020-06-10 17:27:01 - [TEST_STEP][PASSED] - ctdc.utilities.runtestcaseforKatalon.RunKatalon("TC01_Canine_CaseFiles_Study-COTB.xlsx"): Data loaded from input file for the test case. 

2020-06-10 17:27:02 - [MESSAGE][PASSED] - Test case file loaded This is the full filepath after converting to string :C:\Users\radhakrishnang2\Desktop\Commons_Automation\InputFiles\TC01_Canine_CaseFiles_Study-COTB.xlsx

2020-06-10 17:27:02 - [MESSAGE][WARNING] - Test object id is null

2020-06-10 17:27:02 - [MESSAGE][INFO] - Global variable set for password file is :  C:\Users\radhakrishnang2\Desktop\Commons_Automation\InputFiles\TC01_Canine_CaseFiles_Study-COTB.xlsx

2020-06-10 17:27:03 - [MESSAGE][PASSED] - Data loaded from input file for the test case. 

2020-06-10 17:27:11 - [TEST_STEP][PASSED] - waitForElementPresent(findTestObject("Object Repository/Canine/Canine_Cases_Btn"), 5): Object 'Object Repository/Canine/Canine_Cases_Btn' is present

2020-06-10 17:27:12 - [MESSAGE][PASSED] - Object 'Object Repository/Canine/Canine_Cases_Btn' is present

2020-06-10 17:27:12 - [TEST_STEP][PASSED] - click(findTestObject("Object Repository/Canine/Canine_Cases_Btn")): Object: 'Object Repository/Canine/Canine_Cases_Btn' is clicked on

2020-06-10 17:27:17 - [MESSAGE][PASSED] - Object: 'Object Repository/Canine/Canine_Cases_Btn' is clicked on

2020-06-10 17:27:17 - [TEST_STEP][PASSED] - waitForElementPresent(findTestObject("Canine/Filter/Study/Canine_Filter_Study"), 5): Object 'Object Repository/Canine/Filter/Study/Canine_Filter_Study' is present

2020-06-10 17:27:22 - [MESSAGE][PASSED] - Object 'Object Repository/Canine/Filter/Study/Canine_Filter_Study' is present

2020-06-10 17:27:22 - [TEST_STEP][PASSED] - click(findTestObject("Canine/Filter/Study/Canine_Filter_Study")): Object: 'Object Repository/Canine/Filter/Study/Canine_Filter_Study' is clicked on

2020-06-10 17:27:28 - [MESSAGE][PASSED] - Object: 'Object Repository/Canine/Filter/Study/Canine_Filter_Study' is clicked on

2020-06-10 17:27:28 - [TEST_STEP][PASSED] - click(findTestObject("Canine/Filter/Study/Canine_Filter_Study-COTB_Chkbx")): Object: 'Object Repository/Canine/Filter/Study/Canine_Filter_Study-COTB_Chkbx' is clicked on

2020-06-10 17:27:34 - [MESSAGE][PASSED] - Object: 'Object Repository/Canine/Filter/Study/Canine_Filter_Study-COTB_Chkbx' is clicked on

2020-06-10 17:27:34 - [TEST_STEP][PASSED] - ctdc.utilities.runtestcaseforKatalon.File_details("Object Repository/Canine/Canine_CasesTable", "Object Repository/Canine/Canine_TableHeader", "Object Repository/Canine/Canine_NextBtn"): ctdc.utilities.runtestcaseforKatalon.File_details is PASSED

2020-06-10 17:31:26 - [MESSAGE][PASSED] - ctdc.utilities.runtestcaseforKatalon.File_details is PASSED

2020-06-10 17:31:26 - [TEST_STEP][PASSED] - ctdc.utilities.ReadExcel.Neo4j(): ctdc.utilities.ReadExcel.Neo4j is PASSED

2020-06-10 17:31:39 - [MESSAGE][PASSED] - ctdc.utilities.ReadExcel.Neo4j is PASSED

2020-06-10 17:31:39 - [TEST_STEP][PASSED] - ctdc.utilities.runtestcaseforKatalon.compareLists(G_caseDetailsTabName, G_CaseDetailStatTabname): ctdc.utilities.runtestcaseforKatalon.compareLists is PASSED

2020-06-10 17:31:39 - [MESSAGE][PASSED] - ctdc.utilities.runtestcaseforKatalon.compareLists is PASSED]]></system-out>
         <system-err><![CDATA[]]></system-err>
      </testcase>
      <testcase name="Test Cases/Canine_TestCases/CaseFileDetails/TC02_Canine_CaseFiles_Study-NCATS" time="294.939" classname="Test Cases/Canine_TestCases/CaseFileDetails/TC02_Canine_CaseFiles_Study-NCATS" status="PASSED">
         <system-out><![CDATA[2020-06-10 17:31:39 - [TEST_CASE][PASSED] - Test Cases/Canine_TestCases/CaseFileDetails/TC02_Canine_CaseFiles_Study-NCATS: Test Cases/Canine_TestCases/CaseFileDetails/TC02_Canine_CaseFiles_Study-NCATS

2020-06-10 17:31:40 - [TEST_STEP][PASSED] - closeBrowser(): Browser is closed

2020-06-10 17:31:41 - [MESSAGE][PASSED] - Browser is closed

2020-06-10 17:31:41 - [TEST_STEP][PASSED] - openBrowser(""): Browser is opened with url: ''

2020-06-10 17:31:41 - [MESSAGE][INFO] - Starting 'Firefox' driver

2020-06-10 17:31:41 - [MESSAGE][INFO] - User set preference: ['args', '[--no-sandbox]']

2020-06-10 17:31:41 - [MESSAGE][INFO] - Action delay is set to 5,000 milliseconds

2020-06-10 17:31:45 - [MESSAGE][PASSED] - Browser is opened with url: ''

2020-06-10 17:31:45 - [TEST_STEP][PASSED] - maximizeWindow(): Current window maximized

2020-06-10 17:31:45 - [MESSAGE][PASSED] - Current window maximized

2020-06-10 17:31:45 - [TEST_STEP][PASSED] - ctdc.utilities.runtestcaseforKatalon.browserDriver(""): ctdc.utilities.runtestcaseforKatalon.browserDriver is PASSED

2020-06-10 17:31:45 - [MESSAGE][PASSED] - ctdc.utilities.runtestcaseforKatalon.browserDriver is PASSED

2020-06-10 17:31:45 - [TEST_STEP][PASSED] - ctdc.utilities.runtestcaseforKatalon.RunKatalon("TC02_Canine_CaseFiles_Study-NCATS.xlsx"): Data loaded from input file for the test case. 

2020-06-10 17:31:45 - [MESSAGE][PASSED] - Test case file loaded This is the full filepath after converting to string :C:\Users\radhakrishnang2\Desktop\Commons_Automation\InputFiles\TC02_Canine_CaseFiles_Study-NCATS.xlsx

2020-06-10 17:31:45 - [MESSAGE][INFO] - Global variable set for password file is :  C:\Users\radhakrishnang2\Desktop\Commons_Automation\InputFiles\TC02_Canine_CaseFiles_Study-NCATS.xlsx

2020-06-10 17:31:45 - [MESSAGE][PASSED] - Data loaded from input file for the test case. 

2020-06-10 17:31:53 - [TEST_STEP][PASSED] - waitForElementPresent(findTestObject("Object Repository/Canine/Canine_Cases_Btn"), 5): Object 'Object Repository/Canine/Canine_Cases_Btn' is present

2020-06-10 17:31:54 - [MESSAGE][PASSED] - Object 'Object Repository/Canine/Canine_Cases_Btn' is present

2020-06-10 17:31:54 - [TEST_STEP][PASSED] - click(findTestObject("Object Repository/Canine/Canine_Cases_Btn")): Object: 'Object Repository/Canine/Canine_Cases_Btn' is clicked on

2020-06-10 17:32:00 - [MESSAGE][PASSED] - Object: 'Object Repository/Canine/Canine_Cases_Btn' is clicked on

2020-06-10 17:32:00 - [TEST_STEP][PASSED] - waitForElementPresent(findTestObject("Canine/Filter/Study/Canine_Filter_Study"), 5): Object 'Object Repository/Canine/Filter/Study/Canine_Filter_Study' is present

2020-06-10 17:32:04 - [MESSAGE][PASSED] - Object 'Object Repository/Canine/Filter/Study/Canine_Filter_Study' is present

2020-06-10 17:32:04 - [TEST_STEP][PASSED] - click(findTestObject("Canine/Filter/Study/Canine_Filter_Study")): Object: 'Object Repository/Canine/Filter/Study/Canine_Filter_Study' is clicked on

2020-06-10 17:32:10 - [MESSAGE][PASSED] - Object: 'Object Repository/Canine/Filter/Study/Canine_Filter_Study' is clicked on

2020-06-10 17:32:10 - [TEST_STEP][PASSED] - click(findTestObject("Canine/Filter/Study/Canine_Filter_Study-NCATS_Chkbx")): Object: 'Object Repository/Canine/Filter/Study/Canine_Filter_Study-NCATS_Chkbx' is clicked on

2020-06-10 17:32:16 - [MESSAGE][PASSED] - Object: 'Object Repository/Canine/Filter/Study/Canine_Filter_Study-NCATS_Chkbx' is clicked on

2020-06-10 17:32:16 - [TEST_STEP][PASSED] - ctdc.utilities.runtestcaseforKatalon.File_details("Object Repository/Canine/Canine_CasesTable", "Object Repository/Canine/Canine_TableHeader", "Object Repository/Canine/Canine_NextBtn"): ctdc.utilities.runtestcaseforKatalon.File_details is PASSED

2020-06-10 17:36:23 - [MESSAGE][PASSED] - ctdc.utilities.runtestcaseforKatalon.File_details is PASSED

2020-06-10 17:36:23 - [TEST_STEP][PASSED] - ctdc.utilities.ReadExcel.Neo4j(): ctdc.utilities.ReadExcel.Neo4j is PASSED

2020-06-10 17:36:33 - [MESSAGE][PASSED] - ctdc.utilities.ReadExcel.Neo4j is PASSED

2020-06-10 17:36:33 - [TEST_STEP][PASSED] - ctdc.utilities.runtestcaseforKatalon.compareLists(G_caseDetailsTabName, G_CaseDetailStatTabname): ctdc.utilities.runtestcaseforKatalon.compareLists is PASSED

2020-06-10 17:36:34 - [MESSAGE][PASSED] - ctdc.utilities.runtestcaseforKatalon.compareLists is PASSED]]></system-out>
         <system-err><![CDATA[]]></system-err>
      </testcase>
      <system-out><![CDATA[2020-06-10 17:26:55 - [TEST_SUITE][PASSED] - Canine_TestSuite: Test Cases/Canine_TestCases/CaseFileDetails/TC02_Canine_CaseFiles_Study-NCATS]]></system-out>
      <system-err><![CDATA[]]></system-err>
   </testsuite>
</testsuites>
