<?xml version="1.0" encoding="UTF-8"?>
<testsuites name="TEST_ICDC" time="235.169" tests="1" failures="0" errors="0">
   <testsuite name="TEST_ICDC" tests="1" failures="0" errors="0" time="235.169" timestamp="2021-06-03 08:36:04" hostname="radhakrishnang2 - NCI-02150368-L.nci.nih.gov" id="Test Suites/TEST_ICDC">
      <properties>
         <property name="deviceName" value=""/>
         <property name="devicePlatform" value=""/>
         <property name="logFolder" value="C:\\Users\\radhakrishnang2\\Desktop\\Commons_Automation\\Reports\\20210603_083601\\TEST_ICDC\\20210603_083601"/>
         <property name="logFiles" value="C:\\Users\\radhakrishnang2\\Desktop\\Commons_Automation\\Reports\\20210603_083601\\TEST_ICDC\\20210603_083601\\execution0.log"/>
         <property name="attachments" value=""/>
         <property name="hostName" value="radhakrishnang2 - NCI-02150368-L.nci.nih.gov"/>
         <property name="os" value="Windows 10 64bit"/>
         <property name="katalonVersion" value="7.7.0.205"/>
         <property name="browser" value="Chrome 90.0.4430.212"/>
         <property name="hostAddress" value="10.243.140.12"/>
         <property name="sessionId" value="a0f3094d2eed877d9e5422f26496e2ab"/>
         <property name="seleniumVersion" value="3.141.59"/>
         <property name="proxyInformation" value="ProxyInformation { proxyOption=NO_PROXY, proxyServerType=HTTP, username=, password=********, proxyServerAddress=, proxyServerPort=0, executionList=&quot;&quot;, isApplyToDesiredCapabilities=true }"/>
         <property name="platform" value="Windows 10"/>
      </properties>
      <testcase name="Test Cases/Canine_TestCases/StudyCombinations/Study-Combinations-UBC01/TC02_Canine_StudyUBC-Breed_Diagnosis_PrimDiseaseSite" time="233.9" classname="Test Cases/Canine_TestCases/StudyCombinations/Study-Combinations-UBC01/TC02_Canine_StudyUBC-Breed_Diagnosis_PrimDiseaseSite" status="PASSED">
         <system-out><![CDATA[2021-06-03 08:36:05 - [TEST_CASE][PASSED] - Test Cases/Canine_TestCases/StudyCombinations/Study-Combinations-UBC01/TC02_Canine_StudyUBC-Breed_Diagnosis_PrimDiseaseSite: Test Cases/Canine_TestCases/StudyCombinations/Study-Combinations-UBC01/TC02_Canine_StudyUBC-Breed_Diagnosis_PrimDiseaseSite

2021-06-03 08:36:05 - [TEST_STEP][PASSED] - Start listener action : getTestScriptName: null

2021-06-03 08:36:05 - [TEST_STEP][PASSED] - TestCaseId = testCaseContext.getTestCaseId(): null

2021-06-03 08:36:05 - [TEST_STEP][PASSED] - out.println("**********this is the value of test case id string******** " + testCaseContext.getTestCaseId()): null

2021-06-03 08:36:05 - [TEST_STEP][PASSED] - G_currentTCName = TestCaseId.substring(TestCaseId.lastIndexOf("TC")): null

2021-06-03 08:36:05 - [TEST_STEP][PASSED] - out.println("This is the test case name : " + G_currentTCName): null

2021-06-03 08:36:06 - [TEST_STEP][PASSED] - closeBrowser(): Browser is closed

2021-06-03 08:36:06 - [MESSAGE][PASSED] - Browser is closed

2021-06-03 08:36:06 - [TEST_STEP][PASSED] - openBrowser(""): Browser is opened with url: ''

2021-06-03 08:36:06 - [MESSAGE][INFO] - Starting 'Chrome (headless)' driver

2021-06-03 08:36:06 - [MESSAGE][INFO] - User set preference: ['args', '[--no-sandbox]']

2021-06-03 08:36:06 - [MESSAGE][INFO] - Action delay is set to 5,000 milliseconds

2021-06-03 08:36:08 - [MESSAGE][PASSED] - Browser is opened with url: ''

2021-06-03 08:36:08 - [TEST_STEP][PASSED] - maximizeWindow(): Current window maximized

2021-06-03 08:36:09 - [MESSAGE][PASSED] - Current window maximized

2021-06-03 08:36:09 - [TEST_STEP][PASSED] - "Driver opened by Katalon is used in Selenium from this step.": null

2021-06-03 08:36:09 - [TEST_STEP][PASSED] - ctdc.utilities.runtestcaseforKatalon.RunKatalon("TC02_Canine_StudyUBC-Breed_Diagnosis_PrimDiseaseSite.xlsx"): Data loaded from input file for the test case. 

2021-06-03 08:36:09 - [MESSAGE][PASSED] - Test case file loaded This is the full filepath after converting to string :C:\Users\radhakrishnang2\Desktop\Commons_Automation\InputFiles\TC02_Canine_StudyUBC-Breed_Diagnosis_PrimDiseaseSite.xlsx

2021-06-03 08:36:09 - [MESSAGE][INFO] - Global variable set for password file is :  C:\Users\radhakrishnang2\Desktop\Commons_Automation\InputFiles\TC02_Canine_StudyUBC-Breed_Diagnosis_PrimDiseaseSite.xlsx

2021-06-03 08:36:09 - [MESSAGE][PASSED] - Data loaded from input file for the test case. 

2021-06-03 08:36:30 - [TEST_STEP][PASSED] - waitForElementPresent(findTestObject("Canine/NavBar/Canine_Cases_Btn"), 10): Object 'Object Repository/Canine/NavBar/Canine_Cases_Btn' is not present after 10 second(s)

2021-06-03 08:36:41 - [MESSAGE][INFO] - Unable to find the element located by 'By.xpath: //a[contains(@href,'cases')]'. Please recheck the objects properties to make sure the desired element is located. 

2021-06-03 08:36:41 - [MESSAGE][WARNING] - Object 'Object Repository/Canine/NavBar/Canine_Cases_Btn' is not present after 10 second(s)

2021-06-03 08:36:41 - [TEST_STEP][PASSED] - ctdc.utilities.runtestcaseforKatalon.clickTab("Canine/NavBar/Canine_Cases_Btn"): ctdc.utilities.runtestcaseforKatalon.clickTab is PASSED

2021-06-03 08:36:41 - [MESSAGE][PASSED] - ctdc.utilities.runtestcaseforKatalon.clickTab is PASSED

2021-06-03 08:36:41 - [TEST_STEP][PASSED] - waitForElementPresent(findTestObject("Object Repository/Canine/Filter/FilterByCases_Facet"), 10): Object 'Object Repository/Canine/Filter/FilterByCases_Facet' is not present after 10 second(s)

2021-06-03 08:36:52 - [MESSAGE][INFO] - Unable to find the element located by 'By.xpath: //*[contains(text(),'Filter By Cases')]'. Please recheck the objects properties to make sure the desired element is located. 

2021-06-03 08:36:52 - [MESSAGE][WARNING] - Object 'Object Repository/Canine/Filter/FilterByCases_Facet' is not present after 10 second(s)

2021-06-03 08:36:52 - [TEST_STEP][PASSED] - ctdc.utilities.runtestcaseforKatalon.clickTab("Object Repository/Canine/Filter/FilterByCases_Facet"): ctdc.utilities.runtestcaseforKatalon.clickTab is PASSED

2021-06-03 08:36:53 - [MESSAGE][PASSED] - ctdc.utilities.runtestcaseforKatalon.clickTab is PASSED

2021-06-03 08:36:53 - [TEST_STEP][PASSED] - waitForElementPresent(findTestObject("Object Repository/Canine/Filter/Study/Canine_Filter_Study"), 10): Object 'Object Repository/Canine/Filter/Study/Canine_Filter_Study' is not present after 10 second(s)

2021-06-03 08:37:04 - [MESSAGE][INFO] - Unable to find the element located by 'By.xpath: //*[@id='Study']'. Please recheck the objects properties to make sure the desired element is located. 

2021-06-03 08:37:04 - [MESSAGE][WARNING] - Object 'Object Repository/Canine/Filter/Study/Canine_Filter_Study' is not present after 10 second(s)

2021-06-03 08:37:04 - [TEST_STEP][PASSED] - ctdc.utilities.runtestcaseforKatalon.clickTab("Object Repository/Canine/Filter/Study/Canine_Filter_Study"): ctdc.utilities.runtestcaseforKatalon.clickTab is PASSED

2021-06-03 08:37:04 - [MESSAGE][PASSED] - ctdc.utilities.runtestcaseforKatalon.clickTab is PASSED

2021-06-03 08:37:04 - [TEST_STEP][PASSED] - waitForElementPresent(findTestObject("Object Repository/Canine/Filter/Study/Canine_Filter_Study-UBC_Chkbx"), 10): Object 'Object Repository/Canine/Filter/Study/Canine_Filter_Study-UBC_Chkbx' is not present after 10 second(s)

2021-06-03 08:37:15 - [MESSAGE][INFO] - Unable to find the element located by 'By.xpath: //*[@id='checkbox_Study_UBC01']'. Please recheck the objects properties to make sure the desired element is located. 

2021-06-03 08:37:15 - [MESSAGE][WARNING] - Object 'Object Repository/Canine/Filter/Study/Canine_Filter_Study-UBC_Chkbx' is not present after 10 second(s)

2021-06-03 08:37:15 - [TEST_STEP][PASSED] - ctdc.utilities.runtestcaseforKatalon.clickTab("Object Repository/Canine/Filter/Study/Canine_Filter_Study-UBC_Chkbx"): ctdc.utilities.runtestcaseforKatalon.clickTab is PASSED

2021-06-03 08:37:15 - [MESSAGE][PASSED] - ctdc.utilities.runtestcaseforKatalon.clickTab is PASSED

2021-06-03 08:37:15 - [TEST_STEP][PASSED] - Thread.sleep(2000): null

2021-06-03 08:37:17 - [TEST_STEP][PASSED] - waitForElementPresent(findTestObject("Object Repository/Canine/Filter/Breed/BREED_Ddn"), 10): Object 'Object Repository/Canine/Filter/Breed/BREED_Ddn' is not present after 10 second(s)

2021-06-03 08:37:28 - [MESSAGE][INFO] - Unable to find the element located by 'By.xpath: //*[@id='Breed']'. Please recheck the objects properties to make sure the desired element is located. 

2021-06-03 08:37:28 - [MESSAGE][WARNING] - Object 'Object Repository/Canine/Filter/Breed/BREED_Ddn' is not present after 10 second(s)

2021-06-03 08:37:28 - [TEST_STEP][PASSED] - ctdc.utilities.runtestcaseforKatalon.clickTab("Object Repository/Canine/Filter/Breed/BREED_Ddn"): ctdc.utilities.runtestcaseforKatalon.clickTab is PASSED

2021-06-03 08:37:28 - [MESSAGE][PASSED] - ctdc.utilities.runtestcaseforKatalon.clickTab is PASSED

2021-06-03 08:37:28 - [TEST_STEP][PASSED] - waitForElementPresent(findTestObject("Object Repository/Canine/Filter/Breed/BorderCol_Chkbx"), 10): Object 'Object Repository/Canine/Filter/Breed/BorderCol_Chkbx' is not present after 10 second(s)

2021-06-03 08:37:39 - [MESSAGE][INFO] - Unable to find the element located by 'By.xpath: //*[contains(text(),'Border Collie')]'. Please recheck the objects properties to make sure the desired element is located. 

2021-06-03 08:37:39 - [MESSAGE][WARNING] - Object 'Object Repository/Canine/Filter/Breed/BorderCol_Chkbx' is not present after 10 second(s)

2021-06-03 08:37:39 - [TEST_STEP][PASSED] - ctdc.utilities.runtestcaseforKatalon.clickTab("Object Repository/Canine/Filter/Breed/BorderCol_Chkbx"): ctdc.utilities.runtestcaseforKatalon.clickTab is PASSED

2021-06-03 08:37:39 - [MESSAGE][PASSED] - ctdc.utilities.runtestcaseforKatalon.clickTab is PASSED

2021-06-03 08:37:39 - [TEST_STEP][PASSED] - waitForElementPresent(findTestObject("Object Repository/Canine/Filter/Breed/Chihuahua_Chkbx"), 10): Object 'Object Repository/Canine/Filter/Breed/Chihuahua_Chkbx' is not present after 10 second(s)

2021-06-03 08:37:50 - [MESSAGE][INFO] - Unable to find the element located by 'By.xpath: //*[contains(text(),'Chihuahua')]'. Please recheck the objects properties to make sure the desired element is located. 

2021-06-03 08:37:50 - [MESSAGE][WARNING] - Object 'Object Repository/Canine/Filter/Breed/Chihuahua_Chkbx' is not present after 10 second(s)

2021-06-03 08:37:50 - [TEST_STEP][PASSED] - ctdc.utilities.runtestcaseforKatalon.clickTab("Object Repository/Canine/Filter/Breed/Chihuahua_Chkbx"): ctdc.utilities.runtestcaseforKatalon.clickTab is PASSED

2021-06-03 08:37:51 - [MESSAGE][PASSED] - ctdc.utilities.runtestcaseforKatalon.clickTab is PASSED

2021-06-03 08:37:51 - [TEST_STEP][PASSED] - waitForElementPresent(findTestObject("Object Repository/Canine/Filter/Breed/Maltese_Chkbx"), 10): Object 'Object Repository/Canine/Filter/Breed/Maltese_Chkbx' is not present after 10 second(s)

2021-06-03 08:38:02 - [MESSAGE][INFO] - Unable to find the element located by 'By.xpath: //*[contains(text(),'Maltese')]'. Please recheck the objects properties to make sure the desired element is located. 

2021-06-03 08:38:02 - [MESSAGE][WARNING] - Object 'Object Repository/Canine/Filter/Breed/Maltese_Chkbx' is not present after 10 second(s)

2021-06-03 08:38:02 - [TEST_STEP][PASSED] - ctdc.utilities.runtestcaseforKatalon.clickTab("Object Repository/Canine/Filter/Breed/Maltese_Chkbx"): ctdc.utilities.runtestcaseforKatalon.clickTab is PASSED

2021-06-03 08:38:02 - [MESSAGE][PASSED] - ctdc.utilities.runtestcaseforKatalon.clickTab is PASSED

2021-06-03 08:38:02 - [TEST_STEP][PASSED] - waitForElementPresent(findTestObject("Object Repository/Canine/Filter/Breed/ScottTerr_Chkbx"), 10): Object 'Object Repository/Canine/Filter/Breed/ScottTerr_Chkbx' is not present after 10 second(s)

2021-06-03 08:38:13 - [MESSAGE][INFO] - Unable to find the element located by 'By.xpath: //*[contains(text(),'Scottish Terrier')]'. Please recheck the objects properties to make sure the desired element is located. 

2021-06-03 08:38:13 - [MESSAGE][WARNING] - Object 'Object Repository/Canine/Filter/Breed/ScottTerr_Chkbx' is not present after 10 second(s)

2021-06-03 08:38:13 - [TEST_STEP][PASSED] - ctdc.utilities.runtestcaseforKatalon.clickTab("Object Repository/Canine/Filter/Breed/ScottTerr_Chkbx"): ctdc.utilities.runtestcaseforKatalon.clickTab is PASSED

2021-06-03 08:38:13 - [MESSAGE][PASSED] - ctdc.utilities.runtestcaseforKatalon.clickTab is PASSED

2021-06-03 08:38:13 - [TEST_STEP][PASSED] - ctdc.utilities.runtestcaseforKatalon.clickTab("Object Repository/Canine/Filter/Breed/BREED_Ddn"): ctdc.utilities.runtestcaseforKatalon.clickTab is PASSED

2021-06-03 08:38:13 - [MESSAGE][PASSED] - ctdc.utilities.runtestcaseforKatalon.clickTab is PASSED

2021-06-03 08:38:13 - [TEST_STEP][PASSED] - Thread.sleep(2000): null

2021-06-03 08:38:15 - [TEST_STEP][PASSED] - waitForElementPresent(findTestObject("Object Repository/Canine/Filter/Diagnosis/DIAGNOSIS_Ddn"), 10): Object 'Object Repository/Canine/Filter/Diagnosis/DIAGNOSIS_Ddn' is not present after 10 second(s)

2021-06-03 08:38:26 - [MESSAGE][INFO] - Unable to find the element located by 'By.xpath: (//*[@id='Diagnosis'])[1]'. Please recheck the objects properties to make sure the desired element is located. 

2021-06-03 08:38:26 - [MESSAGE][WARNING] - Object 'Object Repository/Canine/Filter/Diagnosis/DIAGNOSIS_Ddn' is not present after 10 second(s)

2021-06-03 08:38:26 - [TEST_STEP][PASSED] - ctdc.utilities.runtestcaseforKatalon.clickTab("Object Repository/Canine/Filter/Diagnosis/DIAGNOSIS_Ddn"): ctdc.utilities.runtestcaseforKatalon.clickTab is PASSED

2021-06-03 08:38:26 - [MESSAGE][PASSED] - ctdc.utilities.runtestcaseforKatalon.clickTab is PASSED

2021-06-03 08:38:26 - [TEST_STEP][PASSED] - waitForElementPresent(findTestObject("Object Repository/Canine/Filter/Diagnosis/BladderCancer_Chkbx"), 10): Object 'Object Repository/Canine/Filter/Diagnosis/BladderCancer_Chkbx' is not present after 10 second(s)

2021-06-03 08:38:37 - [MESSAGE][INFO] - Unable to find the element located by 'By.xpath: //*[contains(text(),'Bladder Cancer')]'. Please recheck the objects properties to make sure the desired element is located. 

2021-06-03 08:38:37 - [MESSAGE][WARNING] - Object 'Object Repository/Canine/Filter/Diagnosis/BladderCancer_Chkbx' is not present after 10 second(s)

2021-06-03 08:38:37 - [TEST_STEP][PASSED] - ctdc.utilities.runtestcaseforKatalon.clickTab("Object Repository/Canine/Filter/Diagnosis/BladderCancer_Chkbx"): ctdc.utilities.runtestcaseforKatalon.clickTab is PASSED

2021-06-03 08:38:37 - [MESSAGE][PASSED] - ctdc.utilities.runtestcaseforKatalon.clickTab is PASSED

2021-06-03 08:38:37 - [TEST_STEP][PASSED] - ctdc.utilities.runtestcaseforKatalon.clickTab("Object Repository/Canine/Filter/Diagnosis/DIAGNOSIS_Ddn"): ctdc.utilities.runtestcaseforKatalon.clickTab is PASSED

2021-06-03 08:38:38 - [MESSAGE][PASSED] - ctdc.utilities.runtestcaseforKatalon.clickTab is PASSED

2021-06-03 08:38:38 - [TEST_STEP][PASSED] - Thread.sleep(2000): null

2021-06-03 08:38:40 - [TEST_STEP][PASSED] - waitForElementPresent(findTestObject("Object Repository/Canine/Filter/PrimDiseaseSite/PRIMARYDISEASESITE_Ddn"), 10): Object 'Object Repository/Canine/Filter/PrimDiseaseSite/PRIMARYDISEASESITE_Ddn' is not present after 10 second(s)

2021-06-03 08:38:51 - [MESSAGE][INFO] - Unable to find the element located by 'By.xpath: //*[@id='Primary Disease Site']'. Please recheck the objects properties to make sure the desired element is located. 

2021-06-03 08:38:51 - [MESSAGE][WARNING] - Object 'Object Repository/Canine/Filter/PrimDiseaseSite/PRIMARYDISEASESITE_Ddn' is not present after 10 second(s)

2021-06-03 08:38:51 - [TEST_STEP][PASSED] - ctdc.utilities.runtestcaseforKatalon.clickTab("Object Repository/Canine/Filter/PrimDiseaseSite/PRIMARYDISEASESITE_Ddn"): ctdc.utilities.runtestcaseforKatalon.clickTab is PASSED

2021-06-03 08:38:51 - [MESSAGE][PASSED] - ctdc.utilities.runtestcaseforKatalon.clickTab is PASSED

2021-06-03 08:38:51 - [TEST_STEP][PASSED] - waitForElementPresent(findTestObject("Object Repository/Canine/Filter/PrimDiseaseSite/BladderUrethra_Chkbx"), 10): Object 'Object Repository/Canine/Filter/PrimDiseaseSite/BladderUrethra_Chkbx' is not present after 10 second(s)

2021-06-03 08:39:02 - [MESSAGE][INFO] - Unable to find the element located by 'By.xpath: (//*[contains(text(),'Bladder, Urethra')])[1]'. Please recheck the objects properties to make sure the desired element is located. 

2021-06-03 08:39:02 - [MESSAGE][WARNING] - Object 'Object Repository/Canine/Filter/PrimDiseaseSite/BladderUrethra_Chkbx' is not present after 10 second(s)

2021-06-03 08:39:02 - [TEST_STEP][PASSED] - ctdc.utilities.runtestcaseforKatalon.clickTab("Object Repository/Canine/Filter/PrimDiseaseSite/BladderUrethra_Chkbx"): ctdc.utilities.runtestcaseforKatalon.clickTab is PASSED

2021-06-03 08:39:02 - [MESSAGE][PASSED] - ctdc.utilities.runtestcaseforKatalon.clickTab is PASSED

2021-06-03 08:39:02 - [TEST_STEP][PASSED] - waitForElementPresent(findTestObject("Object Repository/Canine/Filter/PrimDiseaseSite/BladderUrethraProstate_Chkbx"), 10): Object 'Object Repository/Canine/Filter/PrimDiseaseSite/BladderUrethraProstate_Chkbx' is not present after 10 second(s)

2021-06-03 08:39:13 - [MESSAGE][INFO] - Unable to find the element located by 'By.xpath: //*[contains(text(),'Bladder, Urethra, Prostate')]'. Please recheck the objects properties to make sure the desired element is located. 

2021-06-03 08:39:13 - [MESSAGE][WARNING] - Object 'Object Repository/Canine/Filter/PrimDiseaseSite/BladderUrethraProstate_Chkbx' is not present after 10 second(s)

2021-06-03 08:39:13 - [TEST_STEP][PASSED] - ctdc.utilities.runtestcaseforKatalon.clickTab("Object Repository/Canine/Filter/PrimDiseaseSite/BladderUrethraProstate_Chkbx"): ctdc.utilities.runtestcaseforKatalon.clickTab is PASSED

2021-06-03 08:39:13 - [MESSAGE][PASSED] - ctdc.utilities.runtestcaseforKatalon.clickTab is PASSED

2021-06-03 08:39:13 - [TEST_STEP][PASSED] - ctdc.utilities.runtestcaseforKatalon.clickTab("Object Repository/Canine/Filter/PrimDiseaseSite/PRIMARYDISEASESITE_Ddn"): ctdc.utilities.runtestcaseforKatalon.clickTab is PASSED

2021-06-03 08:39:13 - [MESSAGE][PASSED] - ctdc.utilities.runtestcaseforKatalon.clickTab is PASSED

2021-06-03 08:39:13 - [TEST_STEP][PASSED] - Thread.sleep(2000): null

2021-06-03 08:39:15 - [TEST_STEP][PASSED] - ctdc.utilities.runtestcaseforKatalon.readStatBarCanine("Object Repository/Canine/StatBar/Canine_StatBar-Studies", "Object Repository/Canine/StatBar/Canine_StatBar-Cases", "Object Repository/Canine/StatBar/Canine_StatBar-Samples", "Object Repository/Canine/StatBar/Canine_StatBar-Files", "Object Repository/Canine/StatBar/Canine_StatBar-Aliquots"): ctdc.utilities.runtestcaseforKatalon.readStatBarCanine is PASSED

2021-06-03 08:39:31 - [MESSAGE][PASSED] - ctdc.utilities.runtestcaseforKatalon.readStatBarCanine is PASSED

2021-06-03 08:39:31 - [TEST_STEP][PASSED] - waitForElementPresent(findTestObject("Object Repository/Canine/CanineResults_Cases_Tab"), 5): Object 'Object Repository/Canine/CanineResults_Cases_Tab' is not present after 5 second(s)

2021-06-03 08:39:37 - [MESSAGE][INFO] - Unable to find the element located by 'By.xpath: //*[@id="case_tab"]'. Please recheck the objects properties to make sure the desired element is located. 

2021-06-03 08:39:37 - [MESSAGE][WARNING] - Object 'Object Repository/Canine/CanineResults_Cases_Tab' is not present after 5 second(s)

2021-06-03 08:39:37 - [TEST_STEP][PASSED] - ctdc.utilities.runtestcaseforKatalon.clickTab("Object Repository/Canine/CanineResults_Cases_Tab"): ctdc.utilities.runtestcaseforKatalon.clickTab is PASSED

2021-06-03 08:39:37 - [MESSAGE][PASSED] - ctdc.utilities.runtestcaseforKatalon.clickTab is PASSED

2021-06-03 08:39:37 - [TEST_STEP][PASSED] - ctdc.utilities.runtestcaseforKatalon.multiFunction("ICDC", G_StatBar_Cases, "Object Repository/Canine/Canine_CasesTable", "Object Repository/Canine/Canine_TableHeader", "Object Repository/Canine/Canine_CasesTabNextBtn", G_WebTabnameCases, G_CypherTabnameCases, G_QueryCasesTab): Statbar Arms count matches

2021-06-03 08:39:58 - [MESSAGE][PASSED] - Statbar Files count matches

2021-06-03 08:39:58 - [MESSAGE][PASSED] - Statbar Samples count matches

2021-06-03 08:39:58 - [MESSAGE][PASSED] - Statbar Cases count matches

2021-06-03 08:39:58 - [MESSAGE][PASSED] - Statbar Arms count matches

2021-06-03 08:39:58 - [TEST_STEP][PASSED] - closeBrowser(): Browser is closed

2021-06-03 08:39:59 - [MESSAGE][PASSED] - Browser is closed]]></system-out>
         <system-err><![CDATA[]]></system-err>
      </testcase>
      <system-out><![CDATA[2021-06-03 08:36:04 - [TEST_SUITE][PASSED] - TEST_ICDC: Test Cases/Canine_TestCases/StudyCombinations/Study-Combinations-UBC01/TC02_Canine_StudyUBC-Breed_Diagnosis_PrimDiseaseSite]]></system-out>
      <system-err><![CDATA[]]></system-err>
   </testsuite>
</testsuites>
