<?xml version="1.0" encoding="UTF-8"?>
<testsuites name="Bento_TestSuite" time="2310.419" tests="17" failures="0" errors="0">
   <testsuite name="Bento_TestSuite" tests="17" failures="0" errors="0" time="2310.419" skipped="0" timestamp="2021-07-29 09:42:14" hostname="radhakrishnang2 - NCI-02150368-L.nci.nih.gov" id="Test Suites/Bento_TestSuite">
      <properties>
         <property name="deviceName" value=""/>
         <property name="devicePlatform" value=""/>
         <property name="logFolder" value="C:\\Users\\radhakrishnang2\\Commons_Automation\\Reports\\20210729_094209\\Bento_TestSuite\\20210729_094209"/>
         <property name="logFiles" value="C:\\Users\\radhakrishnang2\\Commons_Automation\\Reports\\20210729_094209\\Bento_TestSuite\\20210729_094209\\execution0.log"/>
         <property name="attachments" value=""/>
         <property name="hostName" value="radhakrishnang2 - NCI-02150368-L.nci.nih.gov"/>
         <property name="os" value="Windows 10 64bit"/>
         <property name="katalonVersion" value="8.0.5.208"/>
         <property name="browser" value="Chrome 92.0.4515.107"/>
         <property name="hostAddress" value="10.243.79.42"/>
         <property name="sessionId" value="b181af4a0a644ca893395703d4e84eaa"/>
         <property name="seleniumVersion" value="3.141.59"/>
         <property name="proxyInformation" value="ProxyInformation { proxyOption=NO_PROXY, proxyServerType=HTTP, username=, password=********, proxyServerAddress=, proxyServerPort=0, executionList=&quot;&quot;, isApplyToDesiredCapabilities=true }"/>
         <property name="platform" value="Windows 10"/>
      </properties>
      <testcase name="Test Cases/Bento_TestCases/ERStatus/TC01_Bento_Filter_ERStatus-Negative" time="73.11" classname="Test Cases/Bento_TestCases/ERStatus/TC01_Bento_Filter_ERStatus-Negative" status="PASSED">
         <system-out><![CDATA[2021-07-29 09:42:15 - [TEST_CASE][PASSED] - Test Cases/Bento_TestCases/ERStatus/TC01_Bento_Filter_ERStatus-Negative: Test Cases/Bento_TestCases/ERStatus/TC01_Bento_Filter_ERStatus-Negative

2021-07-29 09:42:15 - [TEST_STEP][PASSED] - Start listener action : getTestScriptName: null

2021-07-29 09:42:15 - [TEST_STEP][PASSED] - TestCaseId = testCaseContext.getTestCaseId(): null

2021-07-29 09:42:15 - [TEST_STEP][PASSED] - out.println("**********this is the value of test case id string******** " + testCaseContext.getTestCaseId()): null

2021-07-29 09:42:15 - [TEST_STEP][PASSED] - G_currentTCName = TestCaseId.substring(TestCaseId.lastIndexOf("TC")): null

2021-07-29 09:42:15 - [TEST_STEP][PASSED] - out.println("This is the test case name : " + G_currentTCName): null

2021-07-29 09:42:16 - [TEST_STEP][PASSED] - closeBrowser(): Browser is closed

2021-07-29 09:42:16 - [MESSAGE][PASSED] - Browser is closed

2021-07-29 09:42:16 - [TEST_STEP][PASSED] - ctdc.utilities.runtestcaseforKatalon.RunKatalon("TC01_Bento_Filter_ERStatus-Negative.xlsx"): Data loaded from input file for the test case. 

2021-07-29 09:42:16 - [MESSAGE][PASSED] - Test case file loaded This is the full filepath after converting to string :C:\Users\radhakrishnang2\Commons_Automation\InputFiles\TC01_Bento_Filter_ERStatus-Negative.xlsx

2021-07-29 09:42:16 - [MESSAGE][INFO] - Global variable set for password file is :  C:\Users\radhakrishnang2\Commons_Automation\InputFiles\TC01_Bento_Filter_ERStatus-Negative.xlsx

2021-07-29 09:42:21 - [MESSAGE][PASSED] - Data loaded from input file for the test case. 

2021-07-29 09:42:47 - [TEST_STEP][PASSED] - waitForElementClickable(findTestObject("Object Repository/Bento/NavBar/Bento_Cases-Btn"), 5): Object 'Object Repository/Bento/NavBar/Bento_Cases-Btn' is clickable

2021-07-29 09:42:47 - [MESSAGE][PASSED] - Object 'Object Repository/Bento/NavBar/Bento_Cases-Btn' is clickable

2021-07-29 09:42:47 - [TEST_STEP][PASSED] - ctdc.utilities.runtestcaseforKatalon.clickTab("Object Repository/Bento/NavBar/Bento_Cases-Btn"): ctdc.utilities.runtestcaseforKatalon.clickTab is PASSED

2021-07-29 09:42:47 - [MESSAGE][PASSED] - ctdc.utilities.runtestcaseforKatalon.clickTab is PASSED

2021-07-29 09:42:47 - [TEST_STEP][PASSED] - waitForElementClickable(findTestObject("Bento/Cases_page/Filter/FilterByCases_Facet"), 5): Object 'Object Repository/Bento/Cases_page/Filter/FilterByCases_Facet' is clickable

2021-07-29 09:42:48 - [MESSAGE][PASSED] - Object 'Object Repository/Bento/Cases_page/Filter/FilterByCases_Facet' is clickable

2021-07-29 09:42:48 - [TEST_STEP][PASSED] - ctdc.utilities.runtestcaseforKatalon.clickTab("Bento/Cases_page/Filter/FilterByCases_Facet"): ctdc.utilities.runtestcaseforKatalon.clickTab is PASSED

2021-07-29 09:42:48 - [MESSAGE][PASSED] - ctdc.utilities.runtestcaseforKatalon.clickTab is PASSED

2021-07-29 09:42:48 - [TEST_STEP][PASSED] - waitForElementClickable(findTestObject("Bento/Cases_page/Filter/ERStatus/ERStatus_Ddn"), 5): Object 'Object Repository/Bento/Cases_page/Filter/ERStatus/ERStatus_Ddn' is clickable

2021-07-29 09:42:48 - [MESSAGE][PASSED] - Object 'Object Repository/Bento/Cases_page/Filter/ERStatus/ERStatus_Ddn' is clickable

2021-07-29 09:42:48 - [TEST_STEP][PASSED] - ctdc.utilities.runtestcaseforKatalon.clickTab("Bento/Cases_page/Filter/ERStatus/ERStatus_Ddn"): ctdc.utilities.runtestcaseforKatalon.clickTab is PASSED

2021-07-29 09:42:49 - [MESSAGE][PASSED] - ctdc.utilities.runtestcaseforKatalon.clickTab is PASSED

2021-07-29 09:42:49 - [TEST_STEP][PASSED] - ctdc.utilities.runtestcaseforKatalon.clickTab("Object Repository/Bento/Cases_page/Filter/ERStatus/Negative_Chkbx"): ctdc.utilities.runtestcaseforKatalon.clickTab is PASSED

2021-07-29 09:42:49 - [MESSAGE][PASSED] - ctdc.utilities.runtestcaseforKatalon.clickTab is PASSED

2021-07-29 09:42:49 - [TEST_STEP][PASSED] - ctdc.utilities.runtestcaseforKatalon.clickTab("Object Repository/Bento/Cases_page/Filter/ERStatus/ERStatus_Ddn"): ctdc.utilities.runtestcaseforKatalon.clickTab is PASSED

2021-07-29 09:42:49 - [MESSAGE][PASSED] - ctdc.utilities.runtestcaseforKatalon.clickTab is PASSED

2021-07-29 09:42:49 - [TEST_STEP][PASSED] - ctdc.utilities.runtestcaseforKatalon.readStatBarBento("Object Repository/Bento/StatBar/Bento_StatBar-Programs", "Object Repository/Bento/StatBar/Bento_StatBar-Arms", "Object Repository/Bento/StatBar/Bento_StatBar-Cases", "Object Repository/Bento/StatBar/Bento_StatBar-Samples", "Object Repository/Bento/StatBar/Bento_StatBar-Assays", "Object Repository/Bento/StatBar/Bento_StatBar-Files"): ctdc.utilities.runtestcaseforKatalon.readStatBarBento is PASSED

2021-07-29 09:42:58 - [MESSAGE][PASSED] - ctdc.utilities.runtestcaseforKatalon.readStatBarBento is PASSED

2021-07-29 09:42:58 - [TEST_STEP][PASSED] - waitForElementPresent(findTestObject("Object Repository/Bento/Cases_page/BentoResults_Cases_Tab"), 5): Object 'Object Repository/Bento/Cases_page/BentoResults_Cases_Tab' is present

2021-07-29 09:42:58 - [MESSAGE][PASSED] - Object 'Object Repository/Bento/Cases_page/BentoResults_Cases_Tab' is present

2021-07-29 09:42:58 - [TEST_STEP][PASSED] - ctdc.utilities.runtestcaseforKatalon.clickTab("Object Repository/Bento/Cases_page/BentoResults_Cases_Tab"): ctdc.utilities.runtestcaseforKatalon.clickTab is PASSED

2021-07-29 09:42:58 - [MESSAGE][PASSED] - ctdc.utilities.runtestcaseforKatalon.clickTab is PASSED

2021-07-29 09:42:58 - [TEST_STEP][PASSED] - ctdc.utilities.runtestcaseforKatalon.multiFunction("Bento", G_StatBar_Cases, "Object Repository/Bento/Cases_page/Bento_CasesTable", "Object Repository/Bento/Cases_page/Bento_CasesTableHeader", "Object Repository/Bento/Cases_page/Bento_CasesTabNextBtn", G_WebTabnameCases, G_CypherTabnameCases, G_QueryCasesTab): Statbar Files count matches

2021-07-29 09:43:28 - [MESSAGE][PASSED] - Statbar Programs count matches

2021-07-29 09:43:28 - [MESSAGE][PASSED] - Statbar Arms count matches

2021-07-29 09:43:28 - [MESSAGE][PASSED] - Statbar Cases count matches

2021-07-29 09:43:28 - [MESSAGE][PASSED] - Statbar Samples count matches

2021-07-29 09:43:28 - [MESSAGE][PASSED] - Statbar Assays count matches

2021-07-29 09:43:28 - [MESSAGE][PASSED] - Statbar Files count matches

2021-07-29 09:43:28 - [TEST_STEP][PASSED] - closeBrowser(): Browser is closed

2021-07-29 09:43:28 - [MESSAGE][PASSED] - Browser is closed]]></system-out>
         <system-err><![CDATA[]]></system-err>
      </testcase>
      <testcase name="Test Cases/Bento_TestCases/ERStatus/TC02_Bento_Filter_ERStatus-NotReported" time="58.418" classname="Test Cases/Bento_TestCases/ERStatus/TC02_Bento_Filter_ERStatus-NotReported" status="PASSED">
         <system-out><![CDATA[2021-07-29 09:43:28 - [TEST_CASE][PASSED] - Test Cases/Bento_TestCases/ERStatus/TC02_Bento_Filter_ERStatus-NotReported: Test Cases/Bento_TestCases/ERStatus/TC02_Bento_Filter_ERStatus-NotReported

2021-07-29 09:43:28 - [TEST_STEP][PASSED] - Start listener action : getTestScriptName: null

2021-07-29 09:43:28 - [TEST_STEP][PASSED] - TestCaseId = testCaseContext.getTestCaseId(): null

2021-07-29 09:43:28 - [TEST_STEP][PASSED] - out.println("**********this is the value of test case id string******** " + testCaseContext.getTestCaseId()): null

2021-07-29 09:43:28 - [TEST_STEP][PASSED] - G_currentTCName = TestCaseId.substring(TestCaseId.lastIndexOf("TC")): null

2021-07-29 09:43:28 - [TEST_STEP][PASSED] - out.println("This is the test case name : " + G_currentTCName): null

2021-07-29 09:43:29 - [TEST_STEP][PASSED] - closeBrowser(): Browser is closed

2021-07-29 09:43:29 - [MESSAGE][PASSED] - Browser is closed

2021-07-29 09:43:29 - [TEST_STEP][PASSED] - ctdc.utilities.runtestcaseforKatalon.RunKatalon("TC02_Bento_Filter_ERStatus-NotReported.xlsx"): Data loaded from input file for the test case. 

2021-07-29 09:43:29 - [MESSAGE][PASSED] - Test case file loaded This is the full filepath after converting to string :C:\Users\radhakrishnang2\Commons_Automation\InputFiles\TC02_Bento_Filter_ERStatus-NotReported.xlsx

2021-07-29 09:43:29 - [MESSAGE][INFO] - Global variable set for password file is :  C:\Users\radhakrishnang2\Commons_Automation\InputFiles\TC02_Bento_Filter_ERStatus-NotReported.xlsx

2021-07-29 09:43:33 - [MESSAGE][PASSED] - Data loaded from input file for the test case. 

2021-07-29 09:43:46 - [TEST_STEP][PASSED] - waitForElementClickable(findTestObject("Object Repository/Bento/NavBar/Bento_Cases-Btn"), 5): Object 'Object Repository/Bento/NavBar/Bento_Cases-Btn' is clickable

2021-07-29 09:43:47 - [MESSAGE][PASSED] - Object 'Object Repository/Bento/NavBar/Bento_Cases-Btn' is clickable

2021-07-29 09:43:47 - [TEST_STEP][PASSED] - ctdc.utilities.runtestcaseforKatalon.clickTab("Object Repository/Bento/NavBar/Bento_Cases-Btn"): ctdc.utilities.runtestcaseforKatalon.clickTab is PASSED

2021-07-29 09:43:47 - [MESSAGE][PASSED] - ctdc.utilities.runtestcaseforKatalon.clickTab is PASSED

2021-07-29 09:43:47 - [TEST_STEP][PASSED] - waitForElementClickable(findTestObject("Bento/Cases_page/Filter/FilterByCases_Facet"), 5): Object 'Object Repository/Bento/Cases_page/Filter/FilterByCases_Facet' is clickable

2021-07-29 09:43:47 - [MESSAGE][PASSED] - Object 'Object Repository/Bento/Cases_page/Filter/FilterByCases_Facet' is clickable

2021-07-29 09:43:47 - [TEST_STEP][PASSED] - ctdc.utilities.runtestcaseforKatalon.clickTab("Bento/Cases_page/Filter/FilterByCases_Facet"): ctdc.utilities.runtestcaseforKatalon.clickTab is PASSED

2021-07-29 09:43:48 - [MESSAGE][PASSED] - ctdc.utilities.runtestcaseforKatalon.clickTab is PASSED

2021-07-29 09:43:48 - [TEST_STEP][PASSED] - waitForElementClickable(findTestObject("Bento/Cases_page/Filter/ERStatus/ERStatus_Ddn"), 5): Object 'Object Repository/Bento/Cases_page/Filter/ERStatus/ERStatus_Ddn' is clickable

2021-07-29 09:43:48 - [MESSAGE][PASSED] - Object 'Object Repository/Bento/Cases_page/Filter/ERStatus/ERStatus_Ddn' is clickable

2021-07-29 09:43:48 - [TEST_STEP][PASSED] - ctdc.utilities.runtestcaseforKatalon.clickTab("Bento/Cases_page/Filter/ERStatus/ERStatus_Ddn"): ctdc.utilities.runtestcaseforKatalon.clickTab is PASSED

2021-07-29 09:43:48 - [MESSAGE][PASSED] - ctdc.utilities.runtestcaseforKatalon.clickTab is PASSED

2021-07-29 09:43:48 - [TEST_STEP][PASSED] - ctdc.utilities.runtestcaseforKatalon.clickTab("Object Repository/Bento/Cases_page/Filter/ERStatus/NotReported_Chkbx"): ctdc.utilities.runtestcaseforKatalon.clickTab is PASSED

2021-07-29 09:43:48 - [MESSAGE][PASSED] - ctdc.utilities.runtestcaseforKatalon.clickTab is PASSED

2021-07-29 09:43:48 - [TEST_STEP][PASSED] - ctdc.utilities.runtestcaseforKatalon.clickTab("Object Repository/Bento/Cases_page/Filter/ERStatus/ERStatus_Ddn"): ctdc.utilities.runtestcaseforKatalon.clickTab is PASSED

2021-07-29 09:43:48 - [MESSAGE][PASSED] - ctdc.utilities.runtestcaseforKatalon.clickTab is PASSED

2021-07-29 09:43:48 - [TEST_STEP][PASSED] - ctdc.utilities.runtestcaseforKatalon.readStatBarBento("Object Repository/Bento/StatBar/Bento_StatBar-Programs", "Object Repository/Bento/StatBar/Bento_StatBar-Arms", "Object Repository/Bento/StatBar/Bento_StatBar-Cases", "Object Repository/Bento/StatBar/Bento_StatBar-Samples", "Object Repository/Bento/StatBar/Bento_StatBar-Assays", "Object Repository/Bento/StatBar/Bento_StatBar-Files"): ctdc.utilities.runtestcaseforKatalon.readStatBarBento is PASSED

2021-07-29 09:43:57 - [MESSAGE][PASSED] - ctdc.utilities.runtestcaseforKatalon.readStatBarBento is PASSED

2021-07-29 09:43:57 - [TEST_STEP][PASSED] - waitForElementPresent(findTestObject("Object Repository/Bento/Cases_page/BentoResults_Cases_Tab"), 5): Object 'Object Repository/Bento/Cases_page/BentoResults_Cases_Tab' is present

2021-07-29 09:43:57 - [MESSAGE][PASSED] - Object 'Object Repository/Bento/Cases_page/BentoResults_Cases_Tab' is present

2021-07-29 09:43:57 - [TEST_STEP][PASSED] - ctdc.utilities.runtestcaseforKatalon.clickTab("Object Repository/Bento/Cases_page/BentoResults_Cases_Tab"): ctdc.utilities.runtestcaseforKatalon.clickTab is PASSED

2021-07-29 09:43:57 - [MESSAGE][PASSED] - ctdc.utilities.runtestcaseforKatalon.clickTab is PASSED

2021-07-29 09:43:57 - [TEST_STEP][PASSED] - ctdc.utilities.runtestcaseforKatalon.multiFunction("Bento", G_StatBar_Cases, "Object Repository/Bento/Cases_page/Bento_CasesTable", "Object Repository/Bento/Cases_page/Bento_CasesTableHeader", "Object Repository/Bento/Cases_page/Bento_CasesTabNextBtn", G_WebTabnameCases, G_CypherTabnameCases, G_QueryCasesTab): Statbar Files count matches

2021-07-29 09:44:25 - [MESSAGE][PASSED] - Statbar Programs count matches

2021-07-29 09:44:25 - [MESSAGE][PASSED] - Statbar Arms count matches

2021-07-29 09:44:25 - [MESSAGE][PASSED] - Statbar Cases count matches

2021-07-29 09:44:25 - [MESSAGE][PASSED] - Statbar Samples count matches

2021-07-29 09:44:25 - [MESSAGE][PASSED] - Statbar Assays count matches

2021-07-29 09:44:25 - [MESSAGE][PASSED] - Statbar Files count matches

2021-07-29 09:44:25 - [TEST_STEP][PASSED] - closeBrowser(): Browser is closed

2021-07-29 09:44:27 - [MESSAGE][PASSED] - Browser is closed]]></system-out>
         <system-err><![CDATA[]]></system-err>
      </testcase>
      <testcase name="Test Cases/Bento_TestCases/ERStatus/TC03_Bento_Filter_ERStatus-Positive" time="1044.74" classname="Test Cases/Bento_TestCases/ERStatus/TC03_Bento_Filter_ERStatus-Positive" status="PASSED">
         <system-out><![CDATA[2021-07-29 09:44:27 - [TEST_CASE][PASSED] - Test Cases/Bento_TestCases/ERStatus/TC03_Bento_Filter_ERStatus-Positive: Test Cases/Bento_TestCases/ERStatus/TC03_Bento_Filter_ERStatus-Positive

2021-07-29 09:44:27 - [TEST_STEP][PASSED] - Start listener action : getTestScriptName: null

2021-07-29 09:44:27 - [TEST_STEP][PASSED] - TestCaseId = testCaseContext.getTestCaseId(): null

2021-07-29 09:44:27 - [TEST_STEP][PASSED] - out.println("**********this is the value of test case id string******** " + testCaseContext.getTestCaseId()): null

2021-07-29 09:44:27 - [TEST_STEP][PASSED] - G_currentTCName = TestCaseId.substring(TestCaseId.lastIndexOf("TC")): null

2021-07-29 09:44:27 - [TEST_STEP][PASSED] - out.println("This is the test case name : " + G_currentTCName): null

2021-07-29 09:44:28 - [TEST_STEP][PASSED] - closeBrowser(): Browser is closed

2021-07-29 09:44:28 - [MESSAGE][PASSED] - Browser is closed

2021-07-29 09:44:28 - [TEST_STEP][PASSED] - ctdc.utilities.runtestcaseforKatalon.RunKatalon("TC03_Bento_Filter_ERStatus-Positive.xlsx"): Data loaded from input file for the test case. 

2021-07-29 09:44:28 - [MESSAGE][PASSED] - Test case file loaded This is the full filepath after converting to string :C:\Users\radhakrishnang2\Commons_Automation\InputFiles\TC03_Bento_Filter_ERStatus-Positive.xlsx

2021-07-29 09:44:28 - [MESSAGE][INFO] - Global variable set for password file is :  C:\Users\radhakrishnang2\Commons_Automation\InputFiles\TC03_Bento_Filter_ERStatus-Positive.xlsx

2021-07-29 09:44:32 - [MESSAGE][PASSED] - Data loaded from input file for the test case. 

2021-07-29 09:44:43 - [TEST_STEP][PASSED] - waitForElementClickable(findTestObject("Object Repository/Bento/NavBar/Bento_Cases-Btn"), 5): Object 'Object Repository/Bento/NavBar/Bento_Cases-Btn' is clickable

2021-07-29 09:44:43 - [MESSAGE][PASSED] - Object 'Object Repository/Bento/NavBar/Bento_Cases-Btn' is clickable

2021-07-29 09:44:43 - [TEST_STEP][PASSED] - ctdc.utilities.runtestcaseforKatalon.clickTab("Object Repository/Bento/NavBar/Bento_Cases-Btn"): ctdc.utilities.runtestcaseforKatalon.clickTab is PASSED

2021-07-29 09:44:43 - [MESSAGE][PASSED] - ctdc.utilities.runtestcaseforKatalon.clickTab is PASSED

2021-07-29 09:44:43 - [TEST_STEP][PASSED] - waitForElementClickable(findTestObject("Bento/Cases_page/Filter/FilterByCases_Facet"), 5): Object 'Object Repository/Bento/Cases_page/Filter/FilterByCases_Facet' is clickable

2021-07-29 09:44:43 - [MESSAGE][PASSED] - Object 'Object Repository/Bento/Cases_page/Filter/FilterByCases_Facet' is clickable

2021-07-29 09:44:44 - [TEST_STEP][PASSED] - ctdc.utilities.runtestcaseforKatalon.clickTab("Bento/Cases_page/Filter/FilterByCases_Facet"): ctdc.utilities.runtestcaseforKatalon.clickTab is PASSED

2021-07-29 09:44:44 - [MESSAGE][PASSED] - ctdc.utilities.runtestcaseforKatalon.clickTab is PASSED

2021-07-29 09:44:44 - [TEST_STEP][PASSED] - waitForElementClickable(findTestObject("Bento/Cases_page/Filter/ERStatus/ERStatus_Ddn"), 5): Object 'Object Repository/Bento/Cases_page/Filter/ERStatus/ERStatus_Ddn' is clickable

2021-07-29 09:44:44 - [MESSAGE][PASSED] - Object 'Object Repository/Bento/Cases_page/Filter/ERStatus/ERStatus_Ddn' is clickable

2021-07-29 09:44:44 - [TEST_STEP][PASSED] - ctdc.utilities.runtestcaseforKatalon.clickTab("Bento/Cases_page/Filter/ERStatus/ERStatus_Ddn"): ctdc.utilities.runtestcaseforKatalon.clickTab is PASSED

2021-07-29 09:44:44 - [MESSAGE][PASSED] - ctdc.utilities.runtestcaseforKatalon.clickTab is PASSED

2021-07-29 09:44:44 - [TEST_STEP][PASSED] - ctdc.utilities.runtestcaseforKatalon.clickTab("Object Repository/Bento/Cases_page/Filter/ERStatus/Positive_Chkbx"): ctdc.utilities.runtestcaseforKatalon.clickTab is PASSED

2021-07-29 09:44:44 - [MESSAGE][PASSED] - ctdc.utilities.runtestcaseforKatalon.clickTab is PASSED

2021-07-29 09:44:44 - [TEST_STEP][PASSED] - ctdc.utilities.runtestcaseforKatalon.clickTab("Object Repository/Bento/Cases_page/Filter/ERStatus/ERStatus_Ddn"): ctdc.utilities.runtestcaseforKatalon.clickTab is PASSED

2021-07-29 09:44:44 - [MESSAGE][PASSED] - ctdc.utilities.runtestcaseforKatalon.clickTab is PASSED

2021-07-29 09:44:44 - [TEST_STEP][PASSED] - ctdc.utilities.runtestcaseforKatalon.readStatBarBento("Object Repository/Bento/StatBar/Bento_StatBar-Programs", "Object Repository/Bento/StatBar/Bento_StatBar-Arms", "Object Repository/Bento/StatBar/Bento_StatBar-Cases", "Object Repository/Bento/StatBar/Bento_StatBar-Samples", "Object Repository/Bento/StatBar/Bento_StatBar-Assays", "Object Repository/Bento/StatBar/Bento_StatBar-Files"): ctdc.utilities.runtestcaseforKatalon.readStatBarBento is PASSED

2021-07-29 09:44:53 - [MESSAGE][PASSED] - ctdc.utilities.runtestcaseforKatalon.readStatBarBento is PASSED

2021-07-29 09:44:53 - [TEST_STEP][PASSED] - waitForElementPresent(findTestObject("Object Repository/Bento/Cases_page/BentoResults_Cases_Tab"), 5): Object 'Object Repository/Bento/Cases_page/BentoResults_Cases_Tab' is present

2021-07-29 09:44:53 - [MESSAGE][PASSED] - Object 'Object Repository/Bento/Cases_page/BentoResults_Cases_Tab' is present

2021-07-29 09:44:53 - [TEST_STEP][PASSED] - ctdc.utilities.runtestcaseforKatalon.clickTab("Object Repository/Bento/Cases_page/BentoResults_Cases_Tab"): ctdc.utilities.runtestcaseforKatalon.clickTab is PASSED

2021-07-29 09:44:53 - [MESSAGE][PASSED] - ctdc.utilities.runtestcaseforKatalon.clickTab is PASSED

2021-07-29 09:44:53 - [TEST_STEP][PASSED] - ctdc.utilities.runtestcaseforKatalon.multiFunction("Bento", G_StatBar_Cases, "Object Repository/Bento/Cases_page/Bento_CasesTable", "Object Repository/Bento/Cases_page/Bento_CasesTableHeader", "Object Repository/Bento/Cases_page/Bento_CasesTabNextBtn", G_WebTabnameCases, G_CypherTabnameCases, G_QueryCasesTab): Statbar Files count matches

2021-07-29 10:01:51 - [MESSAGE][PASSED] - Statbar Programs count matches

2021-07-29 10:01:51 - [MESSAGE][PASSED] - Statbar Arms count matches

2021-07-29 10:01:51 - [MESSAGE][PASSED] - Statbar Cases count matches

2021-07-29 10:01:51 - [MESSAGE][PASSED] - Statbar Samples count matches

2021-07-29 10:01:51 - [MESSAGE][PASSED] - Statbar Assays count matches

2021-07-29 10:01:51 - [MESSAGE][PASSED] - Statbar Files count matches

2021-07-29 10:01:51 - [TEST_STEP][PASSED] - closeBrowser(): Browser is closed

2021-07-29 10:01:51 - [MESSAGE][PASSED] - Browser is closed]]></system-out>
         <system-err><![CDATA[]]></system-err>
      </testcase>
      <testcase name="Test Cases/Bento_TestCases/TumorGrade/TC01_Bento_Filter_TumorGrade-HighGrade" time="35.862" classname="Test Cases/Bento_TestCases/TumorGrade/TC01_Bento_Filter_TumorGrade-HighGrade" status="PASSED">
         <system-out><![CDATA[2021-07-29 10:01:51 - [TEST_CASE][PASSED] - Test Cases/Bento_TestCases/TumorGrade/TC01_Bento_Filter_TumorGrade-HighGrade: Test Cases/Bento_TestCases/TumorGrade/TC01_Bento_Filter_TumorGrade-HighGrade

2021-07-29 10:01:51 - [TEST_STEP][PASSED] - Start listener action : getTestScriptName: null

2021-07-29 10:01:51 - [TEST_STEP][PASSED] - TestCaseId = testCaseContext.getTestCaseId(): null

2021-07-29 10:01:51 - [TEST_STEP][PASSED] - out.println("**********this is the value of test case id string******** " + testCaseContext.getTestCaseId()): null

2021-07-29 10:01:51 - [TEST_STEP][PASSED] - G_currentTCName = TestCaseId.substring(TestCaseId.lastIndexOf("TC")): null

2021-07-29 10:01:51 - [TEST_STEP][PASSED] - out.println("This is the test case name : " + G_currentTCName): null

2021-07-29 10:01:52 - [TEST_STEP][PASSED] - closeBrowser(): Browser is closed

2021-07-29 10:01:52 - [MESSAGE][PASSED] - Browser is closed

2021-07-29 10:01:52 - [TEST_STEP][PASSED] - openBrowser(""): Browser is opened with url: ''

2021-07-29 10:01:52 - [MESSAGE][INFO] - Starting 'Chrome (headless)' driver

2021-07-29 10:01:52 - [MESSAGE][INFO] - User set preference: ['args', '[--no-sandbox]']

2021-07-29 10:01:52 - [MESSAGE][INFO] - Action delay is set to 0 milliseconds

2021-07-29 10:01:53 - [MESSAGE][PASSED] - Browser is opened with url: ''

2021-07-29 10:01:53 - [TEST_STEP][PASSED] - maximizeWindow(): Current window maximized

2021-07-29 10:01:53 - [MESSAGE][PASSED] - Current window maximized

2021-07-29 10:01:53 - [TEST_STEP][PASSED] - ctdc.utilities.runtestcaseforKatalon.RunKatalon("TC01_Bento_Filter_TumorGrade-HighGrade.xlsx"): Data loaded from input file for the test case. 

2021-07-29 10:01:53 - [MESSAGE][PASSED] - Test case file loaded This is the full filepath after converting to string :C:\Users\radhakrishnang2\Commons_Automation\InputFiles\TC01_Bento_Filter_TumorGrade-HighGrade.xlsx

2021-07-29 10:01:53 - [MESSAGE][INFO] - Global variable set for password file is :  C:\Users\radhakrishnang2\Commons_Automation\InputFiles\TC01_Bento_Filter_TumorGrade-HighGrade.xlsx

2021-07-29 10:01:57 - [MESSAGE][PASSED] - Data loaded from input file for the test case. 

2021-07-29 10:02:08 - [TEST_STEP][PASSED] - waitForElementClickable(findTestObject("Object Repository/Bento/NavBar/Bento_Cases-Btn"), 5): Object 'Object Repository/Bento/NavBar/Bento_Cases-Btn' is clickable

2021-07-29 10:02:08 - [MESSAGE][PASSED] - Object 'Object Repository/Bento/NavBar/Bento_Cases-Btn' is clickable

2021-07-29 10:02:08 - [TEST_STEP][PASSED] - ctdc.utilities.runtestcaseforKatalon.clickTab("Object Repository/Bento/NavBar/Bento_Cases-Btn"): ctdc.utilities.runtestcaseforKatalon.clickTab is PASSED

2021-07-29 10:02:08 - [MESSAGE][PASSED] - ctdc.utilities.runtestcaseforKatalon.clickTab is PASSED

2021-07-29 10:02:08 - [TEST_STEP][PASSED] - waitForElementClickable(findTestObject("Bento/Cases_page/Filter/FilterByCases_Facet"), 5): Object 'Object Repository/Bento/Cases_page/Filter/FilterByCases_Facet' is clickable

2021-07-29 10:02:09 - [MESSAGE][PASSED] - Object 'Object Repository/Bento/Cases_page/Filter/FilterByCases_Facet' is clickable

2021-07-29 10:02:09 - [TEST_STEP][PASSED] - ctdc.utilities.runtestcaseforKatalon.clickTab("Bento/Cases_page/Filter/FilterByCases_Facet"): ctdc.utilities.runtestcaseforKatalon.clickTab is PASSED

2021-07-29 10:02:09 - [MESSAGE][PASSED] - ctdc.utilities.runtestcaseforKatalon.clickTab is PASSED

2021-07-29 10:02:09 - [TEST_STEP][PASSED] - waitForElementClickable(findTestObject("Bento/Cases_page/Filter/TumorGrade/TumorGrade_Ddn"), 5): Object 'Object Repository/Bento/Cases_page/Filter/TumorGrade/TumorGrade_Ddn' is clickable

2021-07-29 10:02:09 - [MESSAGE][PASSED] - Object 'Object Repository/Bento/Cases_page/Filter/TumorGrade/TumorGrade_Ddn' is clickable

2021-07-29 10:02:09 - [TEST_STEP][PASSED] - ctdc.utilities.runtestcaseforKatalon.clickTab("Bento/Cases_page/Filter/TumorGrade/TumorGrade_Ddn"): ctdc.utilities.runtestcaseforKatalon.clickTab is PASSED

2021-07-29 10:02:10 - [MESSAGE][PASSED] - ctdc.utilities.runtestcaseforKatalon.clickTab is PASSED

2021-07-29 10:02:10 - [TEST_STEP][PASSED] - ctdc.utilities.runtestcaseforKatalon.clickTab("Object Repository/Bento/Cases_page/Filter/TumorGrade/High_Chkbx"): ctdc.utilities.runtestcaseforKatalon.clickTab is PASSED

2021-07-29 10:02:10 - [MESSAGE][PASSED] - ctdc.utilities.runtestcaseforKatalon.clickTab is PASSED

2021-07-29 10:02:10 - [TEST_STEP][PASSED] - ctdc.utilities.runtestcaseforKatalon.clickTab("Object Repository/Bento/Cases_page/Filter/TumorGrade/TumorGrade_Ddn"): ctdc.utilities.runtestcaseforKatalon.clickTab is PASSED

2021-07-29 10:02:10 - [MESSAGE][PASSED] - ctdc.utilities.runtestcaseforKatalon.clickTab is PASSED

2021-07-29 10:02:10 - [TEST_STEP][PASSED] - ctdc.utilities.runtestcaseforKatalon.readStatBarBento("Object Repository/Bento/StatBar/Bento_StatBar-Programs", "Object Repository/Bento/StatBar/Bento_StatBar-Arms", "Object Repository/Bento/StatBar/Bento_StatBar-Cases", "Object Repository/Bento/StatBar/Bento_StatBar-Samples", "Object Repository/Bento/StatBar/Bento_StatBar-Assays", "Object Repository/Bento/StatBar/Bento_StatBar-Files"): ctdc.utilities.runtestcaseforKatalon.readStatBarBento is PASSED

2021-07-29 10:02:19 - [MESSAGE][PASSED] - ctdc.utilities.runtestcaseforKatalon.readStatBarBento is PASSED

2021-07-29 10:02:19 - [TEST_STEP][PASSED] - ctdc.utilities.ReadExcel.Neo4j(G_CypherTabnameCases, G_QueryCasesTab): ctdc.utilities.ReadExcel.Neo4j is PASSED

2021-07-29 10:02:27 - [MESSAGE][PASSED] - ctdc.utilities.ReadExcel.Neo4j is PASSED

2021-07-29 10:02:27 - [TEST_STEP][PASSED] - ctdc.utilities.runtestcaseforKatalon.validateStatBar("Bento"): Statbar Files count matches

2021-07-29 10:02:27 - [MESSAGE][PASSED] - Statbar Programs count matches

2021-07-29 10:02:27 - [MESSAGE][PASSED] - Statbar Arms count matches

2021-07-29 10:02:27 - [MESSAGE][PASSED] - Statbar Cases count matches

2021-07-29 10:02:27 - [MESSAGE][PASSED] - Statbar Samples count matches

2021-07-29 10:02:27 - [MESSAGE][PASSED] - Statbar Assays count matches

2021-07-29 10:02:27 - [MESSAGE][PASSED] - Statbar Files count matches

2021-07-29 10:02:27 - [TEST_STEP][PASSED] - closeBrowser(): Browser is closed

2021-07-29 10:02:27 - [MESSAGE][PASSED] - Browser is closed]]></system-out>
         <system-err><![CDATA[]]></system-err>
      </testcase>
      <testcase name="Test Cases/Bento_TestCases/TumorGrade/TC02_Bento_Filter_TumorGrade-IntermediateGrade" time="39.105" classname="Test Cases/Bento_TestCases/TumorGrade/TC02_Bento_Filter_TumorGrade-IntermediateGrade" status="PASSED">
         <system-out><![CDATA[2021-07-29 10:02:27 - [TEST_CASE][PASSED] - Test Cases/Bento_TestCases/TumorGrade/TC02_Bento_Filter_TumorGrade-IntermediateGrade: Test Cases/Bento_TestCases/TumorGrade/TC02_Bento_Filter_TumorGrade-IntermediateGrade

2021-07-29 10:02:27 - [TEST_STEP][PASSED] - Start listener action : getTestScriptName: null

2021-07-29 10:02:27 - [TEST_STEP][PASSED] - TestCaseId = testCaseContext.getTestCaseId(): null

2021-07-29 10:02:27 - [TEST_STEP][PASSED] - out.println("**********this is the value of test case id string******** " + testCaseContext.getTestCaseId()): null

2021-07-29 10:02:27 - [TEST_STEP][PASSED] - G_currentTCName = TestCaseId.substring(TestCaseId.lastIndexOf("TC")): null

2021-07-29 10:02:27 - [TEST_STEP][PASSED] - out.println("This is the test case name : " + G_currentTCName): null

2021-07-29 10:02:28 - [TEST_STEP][PASSED] - closeBrowser(): Browser is closed

2021-07-29 10:02:28 - [MESSAGE][PASSED] - Browser is closed

2021-07-29 10:02:28 - [TEST_STEP][PASSED] - openBrowser(""): Browser is opened with url: ''

2021-07-29 10:02:28 - [MESSAGE][INFO] - Starting 'Chrome (headless)' driver

2021-07-29 10:02:28 - [MESSAGE][INFO] - User set preference: ['args', '[--no-sandbox]']

2021-07-29 10:02:28 - [MESSAGE][INFO] - Action delay is set to 0 milliseconds

2021-07-29 10:02:29 - [MESSAGE][PASSED] - Browser is opened with url: ''

2021-07-29 10:02:29 - [TEST_STEP][PASSED] - maximizeWindow(): Current window maximized

2021-07-29 10:02:29 - [MESSAGE][PASSED] - Current window maximized

2021-07-29 10:02:29 - [TEST_STEP][PASSED] - ctdc.utilities.runtestcaseforKatalon.RunKatalon("TC02_Bento_Filter_TumorGrade-IntermediateGrade.xlsx"): Data loaded from input file for the test case. 

2021-07-29 10:02:29 - [MESSAGE][PASSED] - Test case file loaded This is the full filepath after converting to string :C:\Users\radhakrishnang2\Commons_Automation\InputFiles\TC02_Bento_Filter_TumorGrade-IntermediateGrade.xlsx

2021-07-29 10:02:29 - [MESSAGE][INFO] - Global variable set for password file is :  C:\Users\radhakrishnang2\Commons_Automation\InputFiles\TC02_Bento_Filter_TumorGrade-IntermediateGrade.xlsx

2021-07-29 10:02:33 - [MESSAGE][PASSED] - Data loaded from input file for the test case. 

2021-07-29 10:02:47 - [TEST_STEP][PASSED] - waitForElementClickable(findTestObject("Object Repository/Bento/NavBar/Bento_Cases-Btn"), 5): Object 'Object Repository/Bento/NavBar/Bento_Cases-Btn' is clickable

2021-07-29 10:02:47 - [MESSAGE][PASSED] - Object 'Object Repository/Bento/NavBar/Bento_Cases-Btn' is clickable

2021-07-29 10:02:47 - [TEST_STEP][PASSED] - ctdc.utilities.runtestcaseforKatalon.clickTab("Object Repository/Bento/NavBar/Bento_Cases-Btn"): ctdc.utilities.runtestcaseforKatalon.clickTab is PASSED

2021-07-29 10:02:47 - [MESSAGE][PASSED] - ctdc.utilities.runtestcaseforKatalon.clickTab is PASSED

2021-07-29 10:02:47 - [TEST_STEP][PASSED] - waitForElementClickable(findTestObject("Bento/Cases_page/Filter/FilterByCases_Facet"), 5): Object 'Object Repository/Bento/Cases_page/Filter/FilterByCases_Facet' is clickable

2021-07-29 10:02:48 - [MESSAGE][PASSED] - Object 'Object Repository/Bento/Cases_page/Filter/FilterByCases_Facet' is clickable

2021-07-29 10:02:48 - [TEST_STEP][PASSED] - ctdc.utilities.runtestcaseforKatalon.clickTab("Bento/Cases_page/Filter/FilterByCases_Facet"): ctdc.utilities.runtestcaseforKatalon.clickTab is PASSED

2021-07-29 10:02:48 - [MESSAGE][PASSED] - ctdc.utilities.runtestcaseforKatalon.clickTab is PASSED

2021-07-29 10:02:48 - [TEST_STEP][PASSED] - waitForElementClickable(findTestObject("Bento/Cases_page/Filter/TumorGrade/TumorGrade_Ddn"), 5): Object 'Object Repository/Bento/Cases_page/Filter/TumorGrade/TumorGrade_Ddn' is clickable

2021-07-29 10:02:48 - [MESSAGE][PASSED] - Object 'Object Repository/Bento/Cases_page/Filter/TumorGrade/TumorGrade_Ddn' is clickable

2021-07-29 10:02:48 - [TEST_STEP][PASSED] - ctdc.utilities.runtestcaseforKatalon.clickTab("Bento/Cases_page/Filter/TumorGrade/TumorGrade_Ddn"): ctdc.utilities.runtestcaseforKatalon.clickTab is PASSED

2021-07-29 10:02:49 - [MESSAGE][PASSED] - ctdc.utilities.runtestcaseforKatalon.clickTab is PASSED

2021-07-29 10:02:49 - [TEST_STEP][PASSED] - ctdc.utilities.runtestcaseforKatalon.clickTab("Object Repository/Bento/Cases_page/Filter/TumorGrade/Intermediate_Chkbx"): ctdc.utilities.runtestcaseforKatalon.clickTab is PASSED

2021-07-29 10:02:49 - [MESSAGE][PASSED] - ctdc.utilities.runtestcaseforKatalon.clickTab is PASSED

2021-07-29 10:02:49 - [TEST_STEP][PASSED] - ctdc.utilities.runtestcaseforKatalon.clickTab("Object Repository/Bento/Cases_page/Filter/TumorGrade/TumorGrade_Ddn"): ctdc.utilities.runtestcaseforKatalon.clickTab is PASSED

2021-07-29 10:02:49 - [MESSAGE][PASSED] - ctdc.utilities.runtestcaseforKatalon.clickTab is PASSED

2021-07-29 10:02:49 - [TEST_STEP][PASSED] - ctdc.utilities.runtestcaseforKatalon.readStatBarBento("Object Repository/Bento/StatBar/Bento_StatBar-Programs", "Object Repository/Bento/StatBar/Bento_StatBar-Arms", "Object Repository/Bento/StatBar/Bento_StatBar-Cases", "Object Repository/Bento/StatBar/Bento_StatBar-Samples", "Object Repository/Bento/StatBar/Bento_StatBar-Assays", "Object Repository/Bento/StatBar/Bento_StatBar-Files"): ctdc.utilities.runtestcaseforKatalon.readStatBarBento is PASSED

2021-07-29 10:02:57 - [MESSAGE][PASSED] - ctdc.utilities.runtestcaseforKatalon.readStatBarBento is PASSED

2021-07-29 10:02:57 - [TEST_STEP][PASSED] - ctdc.utilities.ReadExcel.Neo4j(G_CypherTabnameCases, G_QueryCasesTab): ctdc.utilities.ReadExcel.Neo4j is PASSED

2021-07-29 10:03:06 - [MESSAGE][PASSED] - ctdc.utilities.ReadExcel.Neo4j is PASSED

2021-07-29 10:03:06 - [TEST_STEP][PASSED] - ctdc.utilities.runtestcaseforKatalon.validateStatBar("Bento"): Statbar Files count matches

2021-07-29 10:03:06 - [MESSAGE][PASSED] - Statbar Programs count matches

2021-07-29 10:03:06 - [MESSAGE][PASSED] - Statbar Arms count matches

2021-07-29 10:03:06 - [MESSAGE][PASSED] - Statbar Cases count matches

2021-07-29 10:03:06 - [MESSAGE][PASSED] - Statbar Samples count matches

2021-07-29 10:03:06 - [MESSAGE][PASSED] - Statbar Assays count matches

2021-07-29 10:03:06 - [MESSAGE][PASSED] - Statbar Files count matches

2021-07-29 10:03:06 - [TEST_STEP][PASSED] - closeBrowser(): Browser is closed

2021-07-29 10:03:06 - [MESSAGE][PASSED] - Browser is closed]]></system-out>
         <system-err><![CDATA[]]></system-err>
      </testcase>
      <testcase name="Test Cases/Bento_TestCases/TumorGrade/TC03_Bento_Filter_TumorGrade-LowGrade" time="36.399" classname="Test Cases/Bento_TestCases/TumorGrade/TC03_Bento_Filter_TumorGrade-LowGrade" status="PASSED">
         <system-out><![CDATA[2021-07-29 10:03:06 - [TEST_CASE][PASSED] - Test Cases/Bento_TestCases/TumorGrade/TC03_Bento_Filter_TumorGrade-LowGrade: Test Cases/Bento_TestCases/TumorGrade/TC03_Bento_Filter_TumorGrade-LowGrade

2021-07-29 10:03:06 - [TEST_STEP][PASSED] - Start listener action : getTestScriptName: null

2021-07-29 10:03:06 - [TEST_STEP][PASSED] - TestCaseId = testCaseContext.getTestCaseId(): null

2021-07-29 10:03:06 - [TEST_STEP][PASSED] - out.println("**********this is the value of test case id string******** " + testCaseContext.getTestCaseId()): null

2021-07-29 10:03:06 - [TEST_STEP][PASSED] - G_currentTCName = TestCaseId.substring(TestCaseId.lastIndexOf("TC")): null

2021-07-29 10:03:06 - [TEST_STEP][PASSED] - out.println("This is the test case name : " + G_currentTCName): null

2021-07-29 10:03:07 - [TEST_STEP][PASSED] - closeBrowser(): Browser is closed

2021-07-29 10:03:07 - [MESSAGE][PASSED] - Browser is closed

2021-07-29 10:03:07 - [TEST_STEP][PASSED] - openBrowser(""): Browser is opened with url: ''

2021-07-29 10:03:07 - [MESSAGE][INFO] - Starting 'Chrome (headless)' driver

2021-07-29 10:03:07 - [MESSAGE][INFO] - User set preference: ['args', '[--no-sandbox]']

2021-07-29 10:03:07 - [MESSAGE][INFO] - Action delay is set to 0 milliseconds

2021-07-29 10:03:08 - [MESSAGE][PASSED] - Browser is opened with url: ''

2021-07-29 10:03:08 - [TEST_STEP][PASSED] - maximizeWindow(): Current window maximized

2021-07-29 10:03:08 - [MESSAGE][PASSED] - Current window maximized

2021-07-29 10:03:08 - [TEST_STEP][PASSED] - ctdc.utilities.runtestcaseforKatalon.RunKatalon("TC03_Bento_Filter_TumorGrade-LowGrade.xlsx"): Data loaded from input file for the test case. 

2021-07-29 10:03:08 - [MESSAGE][PASSED] - Test case file loaded This is the full filepath after converting to string :C:\Users\radhakrishnang2\Commons_Automation\InputFiles\TC03_Bento_Filter_TumorGrade-LowGrade.xlsx

2021-07-29 10:03:08 - [MESSAGE][INFO] - Global variable set for password file is :  C:\Users\radhakrishnang2\Commons_Automation\InputFiles\TC03_Bento_Filter_TumorGrade-LowGrade.xlsx

2021-07-29 10:03:12 - [MESSAGE][PASSED] - Data loaded from input file for the test case. 

2021-07-29 10:03:24 - [TEST_STEP][PASSED] - waitForElementClickable(findTestObject("Object Repository/Bento/NavBar/Bento_Cases-Btn"), 5): Object 'Object Repository/Bento/NavBar/Bento_Cases-Btn' is clickable

2021-07-29 10:03:24 - [MESSAGE][PASSED] - Object 'Object Repository/Bento/NavBar/Bento_Cases-Btn' is clickable

2021-07-29 10:03:24 - [TEST_STEP][PASSED] - ctdc.utilities.runtestcaseforKatalon.clickTab("Object Repository/Bento/NavBar/Bento_Cases-Btn"): ctdc.utilities.runtestcaseforKatalon.clickTab is PASSED

2021-07-29 10:03:24 - [MESSAGE][PASSED] - ctdc.utilities.runtestcaseforKatalon.clickTab is PASSED

2021-07-29 10:03:24 - [TEST_STEP][PASSED] - waitForElementClickable(findTestObject("Bento/Cases_page/Filter/FilterByCases_Facet"), 5): Object 'Object Repository/Bento/Cases_page/Filter/FilterByCases_Facet' is clickable

2021-07-29 10:03:25 - [MESSAGE][PASSED] - Object 'Object Repository/Bento/Cases_page/Filter/FilterByCases_Facet' is clickable

2021-07-29 10:03:25 - [TEST_STEP][PASSED] - ctdc.utilities.runtestcaseforKatalon.clickTab("Bento/Cases_page/Filter/FilterByCases_Facet"): ctdc.utilities.runtestcaseforKatalon.clickTab is PASSED

2021-07-29 10:03:25 - [MESSAGE][PASSED] - ctdc.utilities.runtestcaseforKatalon.clickTab is PASSED

2021-07-29 10:03:25 - [TEST_STEP][PASSED] - waitForElementClickable(findTestObject("Bento/Cases_page/Filter/TumorGrade/TumorGrade_Ddn"), 5): Object 'Object Repository/Bento/Cases_page/Filter/TumorGrade/TumorGrade_Ddn' is clickable

2021-07-29 10:03:25 - [MESSAGE][PASSED] - Object 'Object Repository/Bento/Cases_page/Filter/TumorGrade/TumorGrade_Ddn' is clickable

2021-07-29 10:03:25 - [TEST_STEP][PASSED] - ctdc.utilities.runtestcaseforKatalon.clickTab("Bento/Cases_page/Filter/TumorGrade/TumorGrade_Ddn"): ctdc.utilities.runtestcaseforKatalon.clickTab is PASSED

2021-07-29 10:03:26 - [MESSAGE][PASSED] - ctdc.utilities.runtestcaseforKatalon.clickTab is PASSED

2021-07-29 10:03:26 - [TEST_STEP][PASSED] - ctdc.utilities.runtestcaseforKatalon.clickTab("Object Repository/Bento/Cases_page/Filter/TumorGrade/Low_Chkbx"): ctdc.utilities.runtestcaseforKatalon.clickTab is PASSED

2021-07-29 10:03:26 - [MESSAGE][PASSED] - ctdc.utilities.runtestcaseforKatalon.clickTab is PASSED

2021-07-29 10:03:26 - [TEST_STEP][PASSED] - ctdc.utilities.runtestcaseforKatalon.clickTab("Object Repository/Bento/Cases_page/Filter/TumorGrade/TumorGrade_Ddn"): ctdc.utilities.runtestcaseforKatalon.clickTab is PASSED

2021-07-29 10:03:26 - [MESSAGE][PASSED] - ctdc.utilities.runtestcaseforKatalon.clickTab is PASSED

2021-07-29 10:03:26 - [TEST_STEP][PASSED] - ctdc.utilities.runtestcaseforKatalon.readStatBarBento("Object Repository/Bento/StatBar/Bento_StatBar-Programs", "Object Repository/Bento/StatBar/Bento_StatBar-Arms", "Object Repository/Bento/StatBar/Bento_StatBar-Cases", "Object Repository/Bento/StatBar/Bento_StatBar-Samples", "Object Repository/Bento/StatBar/Bento_StatBar-Assays", "Object Repository/Bento/StatBar/Bento_StatBar-Files"): ctdc.utilities.runtestcaseforKatalon.readStatBarBento is PASSED

2021-07-29 10:03:34 - [MESSAGE][PASSED] - ctdc.utilities.runtestcaseforKatalon.readStatBarBento is PASSED

2021-07-29 10:03:34 - [TEST_STEP][PASSED] - ctdc.utilities.ReadExcel.Neo4j(G_CypherTabnameCases, G_QueryCasesTab): ctdc.utilities.ReadExcel.Neo4j is PASSED

2021-07-29 10:03:42 - [MESSAGE][PASSED] - ctdc.utilities.ReadExcel.Neo4j is PASSED

2021-07-29 10:03:42 - [TEST_STEP][PASSED] - ctdc.utilities.runtestcaseforKatalon.validateStatBar("Bento"): Statbar Files count matches

2021-07-29 10:03:42 - [MESSAGE][PASSED] - Statbar Programs count matches

2021-07-29 10:03:42 - [MESSAGE][PASSED] - Statbar Arms count matches

2021-07-29 10:03:42 - [MESSAGE][PASSED] - Statbar Cases count matches

2021-07-29 10:03:42 - [MESSAGE][PASSED] - Statbar Samples count matches

2021-07-29 10:03:42 - [MESSAGE][PASSED] - Statbar Assays count matches

2021-07-29 10:03:42 - [MESSAGE][PASSED] - Statbar Files count matches

2021-07-29 10:03:42 - [TEST_STEP][PASSED] - closeBrowser(): Browser is closed

2021-07-29 10:03:43 - [MESSAGE][PASSED] - Browser is closed]]></system-out>
         <system-err><![CDATA[]]></system-err>
      </testcase>
      <testcase name="Test Cases/Bento_TestCases/TumorGrade/TC04_Bento_Filter_TumorGrade-NotReported" time="44.787" classname="Test Cases/Bento_TestCases/TumorGrade/TC04_Bento_Filter_TumorGrade-NotReported" status="PASSED">
         <system-out><![CDATA[2021-07-29 10:03:43 - [TEST_CASE][PASSED] - Test Cases/Bento_TestCases/TumorGrade/TC04_Bento_Filter_TumorGrade-NotReported: Test Cases/Bento_TestCases/TumorGrade/TC04_Bento_Filter_TumorGrade-NotReported

2021-07-29 10:03:43 - [TEST_STEP][PASSED] - Start listener action : getTestScriptName: null

2021-07-29 10:03:43 - [TEST_STEP][PASSED] - TestCaseId = testCaseContext.getTestCaseId(): null

2021-07-29 10:03:43 - [TEST_STEP][PASSED] - out.println("**********this is the value of test case id string******** " + testCaseContext.getTestCaseId()): null

2021-07-29 10:03:43 - [TEST_STEP][PASSED] - G_currentTCName = TestCaseId.substring(TestCaseId.lastIndexOf("TC")): null

2021-07-29 10:03:43 - [TEST_STEP][PASSED] - out.println("This is the test case name : " + G_currentTCName): null

2021-07-29 10:03:43 - [TEST_STEP][PASSED] - closeBrowser(): Browser is closed

2021-07-29 10:03:43 - [MESSAGE][PASSED] - Browser is closed

2021-07-29 10:03:43 - [TEST_STEP][PASSED] - openBrowser(""): Browser is opened with url: ''

2021-07-29 10:03:43 - [MESSAGE][INFO] - Starting 'Chrome (headless)' driver

2021-07-29 10:03:43 - [MESSAGE][INFO] - User set preference: ['args', '[--no-sandbox]']

2021-07-29 10:03:43 - [MESSAGE][INFO] - Action delay is set to 0 milliseconds

2021-07-29 10:03:44 - [MESSAGE][PASSED] - Browser is opened with url: ''

2021-07-29 10:03:44 - [TEST_STEP][PASSED] - maximizeWindow(): Current window maximized

2021-07-29 10:03:45 - [MESSAGE][PASSED] - Current window maximized

2021-07-29 10:03:45 - [TEST_STEP][PASSED] - ctdc.utilities.runtestcaseforKatalon.RunKatalon("TC04_Bento_Filter_TumorGrade-NotReported.xlsx"): Data loaded from input file for the test case. 

2021-07-29 10:03:45 - [MESSAGE][PASSED] - Test case file loaded This is the full filepath after converting to string :C:\Users\radhakrishnang2\Commons_Automation\InputFiles\TC04_Bento_Filter_TumorGrade-NotReported.xlsx

2021-07-29 10:03:45 - [MESSAGE][INFO] - Global variable set for password file is :  C:\Users\radhakrishnang2\Commons_Automation\InputFiles\TC04_Bento_Filter_TumorGrade-NotReported.xlsx

2021-07-29 10:03:49 - [MESSAGE][PASSED] - Data loaded from input file for the test case. 

2021-07-29 10:04:09 - [TEST_STEP][PASSED] - waitForElementClickable(findTestObject("Object Repository/Bento/NavBar/Bento_Cases-Btn"), 5): Object 'Object Repository/Bento/NavBar/Bento_Cases-Btn' is clickable

2021-07-29 10:04:09 - [MESSAGE][PASSED] - Object 'Object Repository/Bento/NavBar/Bento_Cases-Btn' is clickable

2021-07-29 10:04:09 - [TEST_STEP][PASSED] - ctdc.utilities.runtestcaseforKatalon.clickTab("Object Repository/Bento/NavBar/Bento_Cases-Btn"): ctdc.utilities.runtestcaseforKatalon.clickTab is PASSED

2021-07-29 10:04:09 - [MESSAGE][PASSED] - ctdc.utilities.runtestcaseforKatalon.clickTab is PASSED

2021-07-29 10:04:09 - [TEST_STEP][PASSED] - waitForElementClickable(findTestObject("Bento/Cases_page/Filter/FilterByCases_Facet"), 5): Object 'Object Repository/Bento/Cases_page/Filter/FilterByCases_Facet' is clickable

2021-07-29 10:04:10 - [MESSAGE][PASSED] - Object 'Object Repository/Bento/Cases_page/Filter/FilterByCases_Facet' is clickable

2021-07-29 10:04:10 - [TEST_STEP][PASSED] - ctdc.utilities.runtestcaseforKatalon.clickTab("Bento/Cases_page/Filter/FilterByCases_Facet"): ctdc.utilities.runtestcaseforKatalon.clickTab is PASSED

2021-07-29 10:04:10 - [MESSAGE][PASSED] - ctdc.utilities.runtestcaseforKatalon.clickTab is PASSED

2021-07-29 10:04:10 - [TEST_STEP][PASSED] - waitForElementClickable(findTestObject("Bento/Cases_page/Filter/TumorGrade/TumorGrade_Ddn"), 5): Object 'Object Repository/Bento/Cases_page/Filter/TumorGrade/TumorGrade_Ddn' is clickable

2021-07-29 10:04:10 - [MESSAGE][PASSED] - Object 'Object Repository/Bento/Cases_page/Filter/TumorGrade/TumorGrade_Ddn' is clickable

2021-07-29 10:04:10 - [TEST_STEP][PASSED] - ctdc.utilities.runtestcaseforKatalon.clickTab("Bento/Cases_page/Filter/TumorGrade/TumorGrade_Ddn"): ctdc.utilities.runtestcaseforKatalon.clickTab is PASSED

2021-07-29 10:04:10 - [MESSAGE][PASSED] - ctdc.utilities.runtestcaseforKatalon.clickTab is PASSED

2021-07-29 10:04:10 - [TEST_STEP][PASSED] - ctdc.utilities.runtestcaseforKatalon.clickTab("Object Repository/Bento/Cases_page/Filter/TumorGrade/NotReported_Chkbx"): ctdc.utilities.runtestcaseforKatalon.clickTab is PASSED

2021-07-29 10:04:10 - [MESSAGE][PASSED] - ctdc.utilities.runtestcaseforKatalon.clickTab is PASSED

2021-07-29 10:04:10 - [TEST_STEP][PASSED] - ctdc.utilities.runtestcaseforKatalon.clickTab("Object Repository/Bento/Cases_page/Filter/TumorGrade/TumorGrade_Ddn"): ctdc.utilities.runtestcaseforKatalon.clickTab is PASSED

2021-07-29 10:04:10 - [MESSAGE][PASSED] - ctdc.utilities.runtestcaseforKatalon.clickTab is PASSED

2021-07-29 10:04:10 - [TEST_STEP][PASSED] - ctdc.utilities.runtestcaseforKatalon.readStatBarBento("Object Repository/Bento/StatBar/Bento_StatBar-Programs", "Object Repository/Bento/StatBar/Bento_StatBar-Arms", "Object Repository/Bento/StatBar/Bento_StatBar-Cases", "Object Repository/Bento/StatBar/Bento_StatBar-Samples", "Object Repository/Bento/StatBar/Bento_StatBar-Assays", "Object Repository/Bento/StatBar/Bento_StatBar-Files"): ctdc.utilities.runtestcaseforKatalon.readStatBarBento is PASSED

2021-07-29 10:04:19 - [MESSAGE][PASSED] - ctdc.utilities.runtestcaseforKatalon.readStatBarBento is PASSED

2021-07-29 10:04:19 - [TEST_STEP][PASSED] - ctdc.utilities.ReadExcel.Neo4j(G_CypherTabnameCases, G_QueryCasesTab): ctdc.utilities.ReadExcel.Neo4j is PASSED

2021-07-29 10:04:27 - [MESSAGE][PASSED] - ctdc.utilities.ReadExcel.Neo4j is PASSED

2021-07-29 10:04:27 - [TEST_STEP][PASSED] - ctdc.utilities.runtestcaseforKatalon.validateStatBar("Bento"): Statbar Files count matches

2021-07-29 10:04:27 - [MESSAGE][PASSED] - Statbar Programs count matches

2021-07-29 10:04:27 - [MESSAGE][PASSED] - Statbar Arms count matches

2021-07-29 10:04:27 - [MESSAGE][PASSED] - Statbar Cases count matches

2021-07-29 10:04:27 - [MESSAGE][PASSED] - Statbar Samples count matches

2021-07-29 10:04:27 - [MESSAGE][PASSED] - Statbar Assays count matches

2021-07-29 10:04:27 - [MESSAGE][PASSED] - Statbar Files count matches

2021-07-29 10:04:27 - [TEST_STEP][PASSED] - closeBrowser(): Browser is closed

2021-07-29 10:04:28 - [MESSAGE][PASSED] - Browser is closed]]></system-out>
         <system-err><![CDATA[]]></system-err>
      </testcase>
      <testcase name="Test Cases/Bento_TestCases/TumorSize/TC01_Bento_Filter_TumorSize-1-2" time="38.195" classname="Test Cases/Bento_TestCases/TumorSize/TC01_Bento_Filter_TumorSize-1-2" status="PASSED">
         <system-out><![CDATA[2021-07-29 10:04:28 - [TEST_CASE][PASSED] - Test Cases/Bento_TestCases/TumorSize/TC01_Bento_Filter_TumorSize-1-2: Test Cases/Bento_TestCases/TumorSize/TC01_Bento_Filter_TumorSize-1-2

2021-07-29 10:04:28 - [TEST_STEP][PASSED] - Start listener action : getTestScriptName: null

2021-07-29 10:04:28 - [TEST_STEP][PASSED] - TestCaseId = testCaseContext.getTestCaseId(): null

2021-07-29 10:04:28 - [TEST_STEP][PASSED] - out.println("**********this is the value of test case id string******** " + testCaseContext.getTestCaseId()): null

2021-07-29 10:04:28 - [TEST_STEP][PASSED] - G_currentTCName = TestCaseId.substring(TestCaseId.lastIndexOf("TC")): null

2021-07-29 10:04:28 - [TEST_STEP][PASSED] - out.println("This is the test case name : " + G_currentTCName): null

2021-07-29 10:04:28 - [TEST_STEP][PASSED] - closeBrowser(): Browser is closed

2021-07-29 10:04:28 - [MESSAGE][PASSED] - Browser is closed

2021-07-29 10:04:28 - [TEST_STEP][PASSED] - openBrowser(""): Browser is opened with url: ''

2021-07-29 10:04:28 - [MESSAGE][INFO] - Starting 'Chrome (headless)' driver

2021-07-29 10:04:28 - [MESSAGE][INFO] - User set preference: ['args', '[--no-sandbox]']

2021-07-29 10:04:28 - [MESSAGE][INFO] - Action delay is set to 0 milliseconds

2021-07-29 10:04:29 - [MESSAGE][PASSED] - Browser is opened with url: ''

2021-07-29 10:04:29 - [TEST_STEP][PASSED] - maximizeWindow(): Current window maximized

2021-07-29 10:04:29 - [MESSAGE][PASSED] - Current window maximized

2021-07-29 10:04:29 - [TEST_STEP][PASSED] - ctdc.utilities.runtestcaseforKatalon.RunKatalon("TC01_Bento_Filter_TumorSize-1-2.xlsx"): Data loaded from input file for the test case. 

2021-07-29 10:04:29 - [MESSAGE][PASSED] - Test case file loaded This is the full filepath after converting to string :C:\Users\radhakrishnang2\Commons_Automation\InputFiles\TC01_Bento_Filter_TumorSize-1-2.xlsx

2021-07-29 10:04:29 - [MESSAGE][INFO] - Global variable set for password file is :  C:\Users\radhakrishnang2\Commons_Automation\InputFiles\TC01_Bento_Filter_TumorSize-1-2.xlsx

2021-07-29 10:04:34 - [MESSAGE][PASSED] - Data loaded from input file for the test case. 

2021-07-29 10:04:47 - [TEST_STEP][PASSED] - waitForElementClickable(findTestObject("Object Repository/Bento/NavBar/Bento_Cases-Btn"), 5): Object 'Object Repository/Bento/NavBar/Bento_Cases-Btn' is clickable

2021-07-29 10:04:47 - [MESSAGE][PASSED] - Object 'Object Repository/Bento/NavBar/Bento_Cases-Btn' is clickable

2021-07-29 10:04:47 - [TEST_STEP][PASSED] - ctdc.utilities.runtestcaseforKatalon.clickTab("Object Repository/Bento/NavBar/Bento_Cases-Btn"): ctdc.utilities.runtestcaseforKatalon.clickTab is PASSED

2021-07-29 10:04:47 - [MESSAGE][PASSED] - ctdc.utilities.runtestcaseforKatalon.clickTab is PASSED

2021-07-29 10:04:47 - [TEST_STEP][PASSED] - waitForElementClickable(findTestObject("Bento/Cases_page/Filter/FilterByCases_Facet"), 5): Object 'Object Repository/Bento/Cases_page/Filter/FilterByCases_Facet' is clickable

2021-07-29 10:04:48 - [MESSAGE][PASSED] - Object 'Object Repository/Bento/Cases_page/Filter/FilterByCases_Facet' is clickable

2021-07-29 10:04:48 - [TEST_STEP][PASSED] - ctdc.utilities.runtestcaseforKatalon.clickTab("Bento/Cases_page/Filter/FilterByCases_Facet"): ctdc.utilities.runtestcaseforKatalon.clickTab is PASSED

2021-07-29 10:04:48 - [MESSAGE][PASSED] - ctdc.utilities.runtestcaseforKatalon.clickTab is PASSED

2021-07-29 10:04:48 - [TEST_STEP][PASSED] - waitForElementClickable(findTestObject("Bento/Cases_page/Filter/TumorSize/TumorSize_Ddn"), 5): Object 'Object Repository/Bento/Cases_page/Filter/TumorSize/TumorSize_Ddn' is clickable

2021-07-29 10:04:48 - [MESSAGE][PASSED] - Object 'Object Repository/Bento/Cases_page/Filter/TumorSize/TumorSize_Ddn' is clickable

2021-07-29 10:04:48 - [TEST_STEP][PASSED] - ctdc.utilities.runtestcaseforKatalon.clickTab("Bento/Cases_page/Filter/TumorSize/TumorSize_Ddn"): ctdc.utilities.runtestcaseforKatalon.clickTab is PASSED

2021-07-29 10:04:48 - [MESSAGE][PASSED] - ctdc.utilities.runtestcaseforKatalon.clickTab is PASSED

2021-07-29 10:04:48 - [TEST_STEP][PASSED] - ctdc.utilities.runtestcaseforKatalon.clickTab("Object Repository/Bento/Cases_page/Filter/TumorSize/1_to_2_Chkbx"): ctdc.utilities.runtestcaseforKatalon.clickTab is PASSED

2021-07-29 10:04:48 - [MESSAGE][PASSED] - ctdc.utilities.runtestcaseforKatalon.clickTab is PASSED

2021-07-29 10:04:48 - [TEST_STEP][PASSED] - ctdc.utilities.runtestcaseforKatalon.clickTab("Object Repository/Bento/Cases_page/Filter/TumorSize/TumorSize_Ddn"): ctdc.utilities.runtestcaseforKatalon.clickTab is PASSED

2021-07-29 10:04:48 - [MESSAGE][PASSED] - ctdc.utilities.runtestcaseforKatalon.clickTab is PASSED

2021-07-29 10:04:48 - [TEST_STEP][PASSED] - ctdc.utilities.runtestcaseforKatalon.readStatBarBento("Object Repository/Bento/StatBar/Bento_StatBar-Programs", "Object Repository/Bento/StatBar/Bento_StatBar-Arms", "Object Repository/Bento/StatBar/Bento_StatBar-Cases", "Object Repository/Bento/StatBar/Bento_StatBar-Samples", "Object Repository/Bento/StatBar/Bento_StatBar-Assays", "Object Repository/Bento/StatBar/Bento_StatBar-Files"): ctdc.utilities.runtestcaseforKatalon.readStatBarBento is PASSED

2021-07-29 10:04:57 - [MESSAGE][PASSED] - ctdc.utilities.runtestcaseforKatalon.readStatBarBento is PASSED

2021-07-29 10:04:57 - [TEST_STEP][PASSED] - ctdc.utilities.ReadExcel.Neo4j(G_CypherTabnameCases, G_QueryCasesTab): ctdc.utilities.ReadExcel.Neo4j is PASSED

2021-07-29 10:05:05 - [MESSAGE][PASSED] - ctdc.utilities.ReadExcel.Neo4j is PASSED

2021-07-29 10:05:05 - [TEST_STEP][PASSED] - ctdc.utilities.runtestcaseforKatalon.validateStatBar("Bento"): Statbar Files count matches

2021-07-29 10:05:05 - [MESSAGE][PASSED] - Statbar Programs count matches

2021-07-29 10:05:05 - [MESSAGE][PASSED] - Statbar Arms count matches

2021-07-29 10:05:05 - [MESSAGE][PASSED] - Statbar Cases count matches

2021-07-29 10:05:05 - [MESSAGE][PASSED] - Statbar Samples count matches

2021-07-29 10:05:05 - [MESSAGE][PASSED] - Statbar Assays count matches

2021-07-29 10:05:05 - [MESSAGE][PASSED] - Statbar Files count matches

2021-07-29 10:05:05 - [TEST_STEP][PASSED] - closeBrowser(): Browser is closed

2021-07-29 10:05:06 - [MESSAGE][PASSED] - Browser is closed]]></system-out>
         <system-err><![CDATA[]]></system-err>
      </testcase>
      <testcase name="Test Cases/Bento_TestCases/TumorSize/TC02_Bento_Filter_TumorSize-2-3" time="35.534" classname="Test Cases/Bento_TestCases/TumorSize/TC02_Bento_Filter_TumorSize-2-3" status="PASSED">
         <system-out><![CDATA[2021-07-29 10:05:06 - [TEST_CASE][PASSED] - Test Cases/Bento_TestCases/TumorSize/TC02_Bento_Filter_TumorSize-2-3: Test Cases/Bento_TestCases/TumorSize/TC02_Bento_Filter_TumorSize-2-3

2021-07-29 10:05:06 - [TEST_STEP][PASSED] - Start listener action : getTestScriptName: null

2021-07-29 10:05:06 - [TEST_STEP][PASSED] - TestCaseId = testCaseContext.getTestCaseId(): null

2021-07-29 10:05:06 - [TEST_STEP][PASSED] - out.println("**********this is the value of test case id string******** " + testCaseContext.getTestCaseId()): null

2021-07-29 10:05:06 - [TEST_STEP][PASSED] - G_currentTCName = TestCaseId.substring(TestCaseId.lastIndexOf("TC")): null

2021-07-29 10:05:06 - [TEST_STEP][PASSED] - out.println("This is the test case name : " + G_currentTCName): null

2021-07-29 10:05:06 - [TEST_STEP][PASSED] - closeBrowser(): Browser is closed

2021-07-29 10:05:06 - [MESSAGE][PASSED] - Browser is closed

2021-07-29 10:05:06 - [TEST_STEP][PASSED] - openBrowser(""): Browser is opened with url: ''

2021-07-29 10:05:06 - [MESSAGE][INFO] - Starting 'Chrome (headless)' driver

2021-07-29 10:05:06 - [MESSAGE][INFO] - User set preference: ['args', '[--no-sandbox]']

2021-07-29 10:05:06 - [MESSAGE][INFO] - Action delay is set to 0 milliseconds

2021-07-29 10:05:07 - [MESSAGE][PASSED] - Browser is opened with url: ''

2021-07-29 10:05:07 - [TEST_STEP][PASSED] - maximizeWindow(): Current window maximized

2021-07-29 10:05:08 - [MESSAGE][PASSED] - Current window maximized

2021-07-29 10:05:08 - [TEST_STEP][PASSED] - ctdc.utilities.runtestcaseforKatalon.RunKatalon("TC02_Bento_Filter_TumorSize-2-3.xlsx"): Data loaded from input file for the test case. 

2021-07-29 10:05:08 - [MESSAGE][PASSED] - Test case file loaded This is the full filepath after converting to string :C:\Users\radhakrishnang2\Commons_Automation\InputFiles\TC02_Bento_Filter_TumorSize-2-3.xlsx

2021-07-29 10:05:08 - [MESSAGE][INFO] - Global variable set for password file is :  C:\Users\radhakrishnang2\Commons_Automation\InputFiles\TC02_Bento_Filter_TumorSize-2-3.xlsx

2021-07-29 10:05:12 - [MESSAGE][PASSED] - Data loaded from input file for the test case. 

2021-07-29 10:05:22 - [TEST_STEP][PASSED] - waitForElementClickable(findTestObject("Object Repository/Bento/NavBar/Bento_Cases-Btn"), 5): Object 'Object Repository/Bento/NavBar/Bento_Cases-Btn' is clickable

2021-07-29 10:05:22 - [MESSAGE][PASSED] - Object 'Object Repository/Bento/NavBar/Bento_Cases-Btn' is clickable

2021-07-29 10:05:22 - [TEST_STEP][PASSED] - ctdc.utilities.runtestcaseforKatalon.clickTab("Object Repository/Bento/NavBar/Bento_Cases-Btn"): ctdc.utilities.runtestcaseforKatalon.clickTab is PASSED

2021-07-29 10:05:22 - [MESSAGE][PASSED] - ctdc.utilities.runtestcaseforKatalon.clickTab is PASSED

2021-07-29 10:05:22 - [TEST_STEP][PASSED] - waitForElementClickable(findTestObject("Bento/Cases_page/Filter/FilterByCases_Facet"), 5): Object 'Object Repository/Bento/Cases_page/Filter/FilterByCases_Facet' is clickable

2021-07-29 10:05:23 - [MESSAGE][PASSED] - Object 'Object Repository/Bento/Cases_page/Filter/FilterByCases_Facet' is clickable

2021-07-29 10:05:23 - [TEST_STEP][PASSED] - ctdc.utilities.runtestcaseforKatalon.clickTab("Bento/Cases_page/Filter/FilterByCases_Facet"): ctdc.utilities.runtestcaseforKatalon.clickTab is PASSED

2021-07-29 10:05:23 - [MESSAGE][PASSED] - ctdc.utilities.runtestcaseforKatalon.clickTab is PASSED

2021-07-29 10:05:23 - [TEST_STEP][PASSED] - waitForElementClickable(findTestObject("Bento/Cases_page/Filter/TumorSize/TumorSize_Ddn"), 5): Object 'Object Repository/Bento/Cases_page/Filter/TumorSize/TumorSize_Ddn' is clickable

2021-07-29 10:05:23 - [MESSAGE][PASSED] - Object 'Object Repository/Bento/Cases_page/Filter/TumorSize/TumorSize_Ddn' is clickable

2021-07-29 10:05:23 - [TEST_STEP][PASSED] - ctdc.utilities.runtestcaseforKatalon.clickTab("Bento/Cases_page/Filter/TumorSize/TumorSize_Ddn"): ctdc.utilities.runtestcaseforKatalon.clickTab is PASSED

2021-07-29 10:05:23 - [MESSAGE][PASSED] - ctdc.utilities.runtestcaseforKatalon.clickTab is PASSED

2021-07-29 10:05:23 - [TEST_STEP][PASSED] - ctdc.utilities.runtestcaseforKatalon.clickTab("Object Repository/Bento/Cases_page/Filter/TumorSize/2_to_3_Chkbx"): ctdc.utilities.runtestcaseforKatalon.clickTab is PASSED

2021-07-29 10:05:24 - [MESSAGE][PASSED] - ctdc.utilities.runtestcaseforKatalon.clickTab is PASSED

2021-07-29 10:05:24 - [TEST_STEP][PASSED] - ctdc.utilities.runtestcaseforKatalon.clickTab("Object Repository/Bento/Cases_page/Filter/TumorSize/TumorSize_Ddn"): ctdc.utilities.runtestcaseforKatalon.clickTab is PASSED

2021-07-29 10:05:24 - [MESSAGE][PASSED] - ctdc.utilities.runtestcaseforKatalon.clickTab is PASSED

2021-07-29 10:05:24 - [TEST_STEP][PASSED] - ctdc.utilities.runtestcaseforKatalon.readStatBarBento("Object Repository/Bento/StatBar/Bento_StatBar-Programs", "Object Repository/Bento/StatBar/Bento_StatBar-Arms", "Object Repository/Bento/StatBar/Bento_StatBar-Cases", "Object Repository/Bento/StatBar/Bento_StatBar-Samples", "Object Repository/Bento/StatBar/Bento_StatBar-Assays", "Object Repository/Bento/StatBar/Bento_StatBar-Files"): ctdc.utilities.runtestcaseforKatalon.readStatBarBento is PASSED

2021-07-29 10:05:33 - [MESSAGE][PASSED] - ctdc.utilities.runtestcaseforKatalon.readStatBarBento is PASSED

2021-07-29 10:05:33 - [TEST_STEP][PASSED] - ctdc.utilities.ReadExcel.Neo4j(G_CypherTabnameCases, G_QueryCasesTab): ctdc.utilities.ReadExcel.Neo4j is PASSED

2021-07-29 10:05:41 - [MESSAGE][PASSED] - ctdc.utilities.ReadExcel.Neo4j is PASSED

2021-07-29 10:05:41 - [TEST_STEP][PASSED] - ctdc.utilities.runtestcaseforKatalon.validateStatBar("Bento"): Statbar Files count matches

2021-07-29 10:05:41 - [MESSAGE][PASSED] - Statbar Programs count matches

2021-07-29 10:05:41 - [MESSAGE][PASSED] - Statbar Arms count matches

2021-07-29 10:05:41 - [MESSAGE][PASSED] - Statbar Cases count matches

2021-07-29 10:05:41 - [MESSAGE][PASSED] - Statbar Samples count matches

2021-07-29 10:05:41 - [MESSAGE][PASSED] - Statbar Assays count matches

2021-07-29 10:05:41 - [MESSAGE][PASSED] - Statbar Files count matches

2021-07-29 10:05:41 - [TEST_STEP][PASSED] - closeBrowser(): Browser is closed

2021-07-29 10:05:41 - [MESSAGE][PASSED] - Browser is closed]]></system-out>
         <system-err><![CDATA[]]></system-err>
      </testcase>
      <testcase name="Test Cases/Bento_TestCases/TumorSize/TC03_Bento_Filter_TumorSize-3-4" time="35.955" classname="Test Cases/Bento_TestCases/TumorSize/TC03_Bento_Filter_TumorSize-3-4" status="PASSED">
         <system-out><![CDATA[2021-07-29 10:05:41 - [TEST_CASE][PASSED] - Test Cases/Bento_TestCases/TumorSize/TC03_Bento_Filter_TumorSize-3-4: Test Cases/Bento_TestCases/TumorSize/TC03_Bento_Filter_TumorSize-3-4

2021-07-29 10:05:41 - [TEST_STEP][PASSED] - Start listener action : getTestScriptName: null

2021-07-29 10:05:41 - [TEST_STEP][PASSED] - TestCaseId = testCaseContext.getTestCaseId(): null

2021-07-29 10:05:41 - [TEST_STEP][PASSED] - out.println("**********this is the value of test case id string******** " + testCaseContext.getTestCaseId()): null

2021-07-29 10:05:41 - [TEST_STEP][PASSED] - G_currentTCName = TestCaseId.substring(TestCaseId.lastIndexOf("TC")): null

2021-07-29 10:05:41 - [TEST_STEP][PASSED] - out.println("This is the test case name : " + G_currentTCName): null

2021-07-29 10:05:42 - [TEST_STEP][PASSED] - closeBrowser(): Browser is closed

2021-07-29 10:05:42 - [MESSAGE][PASSED] - Browser is closed

2021-07-29 10:05:42 - [TEST_STEP][PASSED] - openBrowser(""): Browser is opened with url: ''

2021-07-29 10:05:42 - [MESSAGE][INFO] - Starting 'Chrome (headless)' driver

2021-07-29 10:05:42 - [MESSAGE][INFO] - User set preference: ['args', '[--no-sandbox]']

2021-07-29 10:05:42 - [MESSAGE][INFO] - Action delay is set to 0 milliseconds

2021-07-29 10:05:43 - [MESSAGE][PASSED] - Browser is opened with url: ''

2021-07-29 10:05:43 - [TEST_STEP][PASSED] - maximizeWindow(): Current window maximized

2021-07-29 10:05:43 - [MESSAGE][PASSED] - Current window maximized

2021-07-29 10:05:43 - [TEST_STEP][PASSED] - ctdc.utilities.runtestcaseforKatalon.RunKatalon("TC03_Bento_Filter_TumorSize-3-4.xlsx"): Data loaded from input file for the test case. 

2021-07-29 10:05:43 - [MESSAGE][PASSED] - Test case file loaded This is the full filepath after converting to string :C:\Users\radhakrishnang2\Commons_Automation\InputFiles\TC03_Bento_Filter_TumorSize-3-4.xlsx

2021-07-29 10:05:43 - [MESSAGE][INFO] - Global variable set for password file is :  C:\Users\radhakrishnang2\Commons_Automation\InputFiles\TC03_Bento_Filter_TumorSize-3-4.xlsx

2021-07-29 10:05:47 - [MESSAGE][PASSED] - Data loaded from input file for the test case. 

2021-07-29 10:05:59 - [TEST_STEP][PASSED] - waitForElementClickable(findTestObject("Object Repository/Bento/NavBar/Bento_Cases-Btn"), 5): Object 'Object Repository/Bento/NavBar/Bento_Cases-Btn' is clickable

2021-07-29 10:05:59 - [MESSAGE][PASSED] - Object 'Object Repository/Bento/NavBar/Bento_Cases-Btn' is clickable

2021-07-29 10:05:59 - [TEST_STEP][PASSED] - ctdc.utilities.runtestcaseforKatalon.clickTab("Object Repository/Bento/NavBar/Bento_Cases-Btn"): ctdc.utilities.runtestcaseforKatalon.clickTab is PASSED

2021-07-29 10:05:59 - [MESSAGE][PASSED] - ctdc.utilities.runtestcaseforKatalon.clickTab is PASSED

2021-07-29 10:05:59 - [TEST_STEP][PASSED] - waitForElementClickable(findTestObject("Bento/Cases_page/Filter/FilterByCases_Facet"), 5): Object 'Object Repository/Bento/Cases_page/Filter/FilterByCases_Facet' is clickable

2021-07-29 10:06:00 - [MESSAGE][PASSED] - Object 'Object Repository/Bento/Cases_page/Filter/FilterByCases_Facet' is clickable

2021-07-29 10:06:00 - [TEST_STEP][PASSED] - ctdc.utilities.runtestcaseforKatalon.clickTab("Bento/Cases_page/Filter/FilterByCases_Facet"): ctdc.utilities.runtestcaseforKatalon.clickTab is PASSED

2021-07-29 10:06:00 - [MESSAGE][PASSED] - ctdc.utilities.runtestcaseforKatalon.clickTab is PASSED

2021-07-29 10:06:00 - [TEST_STEP][PASSED] - waitForElementClickable(findTestObject("Bento/Cases_page/Filter/TumorSize/TumorSize_Ddn"), 5): Object 'Object Repository/Bento/Cases_page/Filter/TumorSize/TumorSize_Ddn' is clickable

2021-07-29 10:06:00 - [MESSAGE][PASSED] - Object 'Object Repository/Bento/Cases_page/Filter/TumorSize/TumorSize_Ddn' is clickable

2021-07-29 10:06:00 - [TEST_STEP][PASSED] - ctdc.utilities.runtestcaseforKatalon.clickTab("Bento/Cases_page/Filter/TumorSize/TumorSize_Ddn"): ctdc.utilities.runtestcaseforKatalon.clickTab is PASSED

2021-07-29 10:06:00 - [MESSAGE][PASSED] - ctdc.utilities.runtestcaseforKatalon.clickTab is PASSED

2021-07-29 10:06:00 - [TEST_STEP][PASSED] - ctdc.utilities.runtestcaseforKatalon.clickTab("Object Repository/Bento/Cases_page/Filter/TumorSize/3_to_4_Chkbx"): ctdc.utilities.runtestcaseforKatalon.clickTab is PASSED

2021-07-29 10:06:01 - [MESSAGE][PASSED] - ctdc.utilities.runtestcaseforKatalon.clickTab is PASSED

2021-07-29 10:06:01 - [TEST_STEP][PASSED] - ctdc.utilities.runtestcaseforKatalon.clickTab("Object Repository/Bento/Cases_page/Filter/TumorSize/TumorSize_Ddn"): ctdc.utilities.runtestcaseforKatalon.clickTab is PASSED

2021-07-29 10:06:01 - [MESSAGE][PASSED] - ctdc.utilities.runtestcaseforKatalon.clickTab is PASSED

2021-07-29 10:06:01 - [TEST_STEP][PASSED] - ctdc.utilities.runtestcaseforKatalon.readStatBarBento("Object Repository/Bento/StatBar/Bento_StatBar-Programs", "Object Repository/Bento/StatBar/Bento_StatBar-Arms", "Object Repository/Bento/StatBar/Bento_StatBar-Cases", "Object Repository/Bento/StatBar/Bento_StatBar-Samples", "Object Repository/Bento/StatBar/Bento_StatBar-Assays", "Object Repository/Bento/StatBar/Bento_StatBar-Files"): ctdc.utilities.runtestcaseforKatalon.readStatBarBento is PASSED

2021-07-29 10:06:09 - [MESSAGE][PASSED] - ctdc.utilities.runtestcaseforKatalon.readStatBarBento is PASSED

2021-07-29 10:06:09 - [TEST_STEP][PASSED] - ctdc.utilities.ReadExcel.Neo4j(G_CypherTabnameCases, G_QueryCasesTab): ctdc.utilities.ReadExcel.Neo4j is PASSED

2021-07-29 10:06:17 - [MESSAGE][PASSED] - ctdc.utilities.ReadExcel.Neo4j is PASSED

2021-07-29 10:06:17 - [TEST_STEP][PASSED] - ctdc.utilities.runtestcaseforKatalon.validateStatBar("Bento"): Statbar Files count matches

2021-07-29 10:06:17 - [MESSAGE][PASSED] - Statbar Programs count matches

2021-07-29 10:06:17 - [MESSAGE][PASSED] - Statbar Arms count matches

2021-07-29 10:06:17 - [MESSAGE][PASSED] - Statbar Cases count matches

2021-07-29 10:06:17 - [MESSAGE][PASSED] - Statbar Samples count matches

2021-07-29 10:06:17 - [MESSAGE][PASSED] - Statbar Assays count matches

2021-07-29 10:06:17 - [MESSAGE][PASSED] - Statbar Files count matches

2021-07-29 10:06:17 - [TEST_STEP][PASSED] - closeBrowser(): Browser is closed

2021-07-29 10:06:17 - [MESSAGE][PASSED] - Browser is closed]]></system-out>
         <system-err><![CDATA[]]></system-err>
      </testcase>
      <testcase name="Test Cases/Bento_TestCases/TumorSize/TC04_Bento_Filter_TumorSize-Below_1" time="34.168" classname="Test Cases/Bento_TestCases/TumorSize/TC04_Bento_Filter_TumorSize-Below_1" status="PASSED">
         <system-out><![CDATA[2021-07-29 10:06:17 - [TEST_CASE][PASSED] - Test Cases/Bento_TestCases/TumorSize/TC04_Bento_Filter_TumorSize-Below_1: Test Cases/Bento_TestCases/TumorSize/TC04_Bento_Filter_TumorSize-Below_1

2021-07-29 10:06:17 - [TEST_STEP][PASSED] - Start listener action : getTestScriptName: null

2021-07-29 10:06:17 - [TEST_STEP][PASSED] - TestCaseId = testCaseContext.getTestCaseId(): null

2021-07-29 10:06:17 - [TEST_STEP][PASSED] - out.println("**********this is the value of test case id string******** " + testCaseContext.getTestCaseId()): null

2021-07-29 10:06:17 - [TEST_STEP][PASSED] - G_currentTCName = TestCaseId.substring(TestCaseId.lastIndexOf("TC")): null

2021-07-29 10:06:17 - [TEST_STEP][PASSED] - out.println("This is the test case name : " + G_currentTCName): null

2021-07-29 10:06:18 - [TEST_STEP][PASSED] - closeBrowser(): Browser is closed

2021-07-29 10:06:18 - [MESSAGE][PASSED] - Browser is closed

2021-07-29 10:06:18 - [TEST_STEP][PASSED] - openBrowser(""): Browser is opened with url: ''

2021-07-29 10:06:18 - [MESSAGE][INFO] - Starting 'Chrome (headless)' driver

2021-07-29 10:06:18 - [MESSAGE][INFO] - User set preference: ['args', '[--no-sandbox]']

2021-07-29 10:06:18 - [MESSAGE][INFO] - Action delay is set to 0 milliseconds

2021-07-29 10:06:19 - [MESSAGE][PASSED] - Browser is opened with url: ''

2021-07-29 10:06:19 - [TEST_STEP][PASSED] - maximizeWindow(): Current window maximized

2021-07-29 10:06:19 - [MESSAGE][PASSED] - Current window maximized

2021-07-29 10:06:19 - [TEST_STEP][PASSED] - ctdc.utilities.runtestcaseforKatalon.RunKatalon("TC04_Bento_Filter_TumorSize-Below_1.xlsx"): Data loaded from input file for the test case. 

2021-07-29 10:06:19 - [MESSAGE][PASSED] - Test case file loaded This is the full filepath after converting to string :C:\Users\radhakrishnang2\Commons_Automation\InputFiles\TC04_Bento_Filter_TumorSize-Below_1.xlsx

2021-07-29 10:06:19 - [MESSAGE][INFO] - Global variable set for password file is :  C:\Users\radhakrishnang2\Commons_Automation\InputFiles\TC04_Bento_Filter_TumorSize-Below_1.xlsx

2021-07-29 10:06:23 - [MESSAGE][PASSED] - Data loaded from input file for the test case. 

2021-07-29 10:06:32 - [TEST_STEP][PASSED] - waitForElementClickable(findTestObject("Object Repository/Bento/NavBar/Bento_Cases-Btn"), 5): Object 'Object Repository/Bento/NavBar/Bento_Cases-Btn' is clickable

2021-07-29 10:06:32 - [MESSAGE][PASSED] - Object 'Object Repository/Bento/NavBar/Bento_Cases-Btn' is clickable

2021-07-29 10:06:32 - [TEST_STEP][PASSED] - ctdc.utilities.runtestcaseforKatalon.clickTab("Object Repository/Bento/NavBar/Bento_Cases-Btn"): ctdc.utilities.runtestcaseforKatalon.clickTab is PASSED

2021-07-29 10:06:33 - [MESSAGE][PASSED] - ctdc.utilities.runtestcaseforKatalon.clickTab is PASSED

2021-07-29 10:06:33 - [TEST_STEP][PASSED] - waitForElementClickable(findTestObject("Bento/Cases_page/Filter/FilterByCases_Facet"), 5): Object 'Object Repository/Bento/Cases_page/Filter/FilterByCases_Facet' is clickable

2021-07-29 10:06:33 - [MESSAGE][PASSED] - Object 'Object Repository/Bento/Cases_page/Filter/FilterByCases_Facet' is clickable

2021-07-29 10:06:33 - [TEST_STEP][PASSED] - ctdc.utilities.runtestcaseforKatalon.clickTab("Bento/Cases_page/Filter/FilterByCases_Facet"): ctdc.utilities.runtestcaseforKatalon.clickTab is PASSED

2021-07-29 10:06:33 - [MESSAGE][PASSED] - ctdc.utilities.runtestcaseforKatalon.clickTab is PASSED

2021-07-29 10:06:33 - [TEST_STEP][PASSED] - waitForElementClickable(findTestObject("Bento/Cases_page/Filter/TumorSize/TumorSize_Ddn"), 5): Object 'Object Repository/Bento/Cases_page/Filter/TumorSize/TumorSize_Ddn' is clickable

2021-07-29 10:06:34 - [MESSAGE][PASSED] - Object 'Object Repository/Bento/Cases_page/Filter/TumorSize/TumorSize_Ddn' is clickable

2021-07-29 10:06:34 - [TEST_STEP][PASSED] - ctdc.utilities.runtestcaseforKatalon.clickTab("Bento/Cases_page/Filter/TumorSize/TumorSize_Ddn"): ctdc.utilities.runtestcaseforKatalon.clickTab is PASSED

2021-07-29 10:06:34 - [MESSAGE][PASSED] - ctdc.utilities.runtestcaseforKatalon.clickTab is PASSED

2021-07-29 10:06:34 - [TEST_STEP][PASSED] - ctdc.utilities.runtestcaseforKatalon.clickTab("Object Repository/Bento/Cases_page/Filter/TumorSize/Below_1_Chkbx"): ctdc.utilities.runtestcaseforKatalon.clickTab is PASSED

2021-07-29 10:06:34 - [MESSAGE][PASSED] - ctdc.utilities.runtestcaseforKatalon.clickTab is PASSED

2021-07-29 10:06:34 - [TEST_STEP][PASSED] - ctdc.utilities.runtestcaseforKatalon.clickTab("Object Repository/Bento/Cases_page/Filter/TumorSize/TumorSize_Ddn"): ctdc.utilities.runtestcaseforKatalon.clickTab is PASSED

2021-07-29 10:06:34 - [MESSAGE][PASSED] - ctdc.utilities.runtestcaseforKatalon.clickTab is PASSED

2021-07-29 10:06:34 - [TEST_STEP][PASSED] - ctdc.utilities.runtestcaseforKatalon.readStatBarBento("Object Repository/Bento/StatBar/Bento_StatBar-Programs", "Object Repository/Bento/StatBar/Bento_StatBar-Arms", "Object Repository/Bento/StatBar/Bento_StatBar-Cases", "Object Repository/Bento/StatBar/Bento_StatBar-Samples", "Object Repository/Bento/StatBar/Bento_StatBar-Assays", "Object Repository/Bento/StatBar/Bento_StatBar-Files"): ctdc.utilities.runtestcaseforKatalon.readStatBarBento is PASSED

2021-07-29 10:06:43 - [MESSAGE][PASSED] - ctdc.utilities.runtestcaseforKatalon.readStatBarBento is PASSED

2021-07-29 10:06:43 - [TEST_STEP][PASSED] - ctdc.utilities.ReadExcel.Neo4j(G_CypherTabnameCases, G_QueryCasesTab): ctdc.utilities.ReadExcel.Neo4j is PASSED

2021-07-29 10:06:51 - [MESSAGE][PASSED] - ctdc.utilities.ReadExcel.Neo4j is PASSED

2021-07-29 10:06:51 - [TEST_STEP][PASSED] - ctdc.utilities.runtestcaseforKatalon.validateStatBar("Bento"): Statbar Files count matches

2021-07-29 10:06:51 - [MESSAGE][PASSED] - Statbar Programs count matches

2021-07-29 10:06:51 - [MESSAGE][PASSED] - Statbar Arms count matches

2021-07-29 10:06:51 - [MESSAGE][PASSED] - Statbar Cases count matches

2021-07-29 10:06:51 - [MESSAGE][PASSED] - Statbar Samples count matches

2021-07-29 10:06:51 - [MESSAGE][PASSED] - Statbar Assays count matches

2021-07-29 10:06:51 - [MESSAGE][PASSED] - Statbar Files count matches

2021-07-29 10:06:51 - [TEST_STEP][PASSED] - closeBrowser(): Browser is closed

2021-07-29 10:06:51 - [MESSAGE][PASSED] - Browser is closed]]></system-out>
         <system-err><![CDATA[]]></system-err>
      </testcase>
      <testcase name="Test Cases/Bento_TestCases/TumorSize/TC05_Bento_Filter_TumorSize-Above_4" time="36.574" classname="Test Cases/Bento_TestCases/TumorSize/TC05_Bento_Filter_TumorSize-Above_4" status="PASSED">
         <system-out><![CDATA[2021-07-29 10:06:51 - [TEST_CASE][PASSED] - Test Cases/Bento_TestCases/TumorSize/TC05_Bento_Filter_TumorSize-Above_4: Test Cases/Bento_TestCases/TumorSize/TC05_Bento_Filter_TumorSize-Above_4

2021-07-29 10:06:51 - [TEST_STEP][PASSED] - Start listener action : getTestScriptName: null

2021-07-29 10:06:51 - [TEST_STEP][PASSED] - TestCaseId = testCaseContext.getTestCaseId(): null

2021-07-29 10:06:51 - [TEST_STEP][PASSED] - out.println("**********this is the value of test case id string******** " + testCaseContext.getTestCaseId()): null

2021-07-29 10:06:51 - [TEST_STEP][PASSED] - G_currentTCName = TestCaseId.substring(TestCaseId.lastIndexOf("TC")): null

2021-07-29 10:06:51 - [TEST_STEP][PASSED] - out.println("This is the test case name : " + G_currentTCName): null

2021-07-29 10:06:52 - [TEST_STEP][PASSED] - closeBrowser(): Browser is closed

2021-07-29 10:06:52 - [MESSAGE][PASSED] - Browser is closed

2021-07-29 10:06:52 - [TEST_STEP][PASSED] - openBrowser(""): Browser is opened with url: ''

2021-07-29 10:06:52 - [MESSAGE][INFO] - Starting 'Chrome (headless)' driver

2021-07-29 10:06:52 - [MESSAGE][INFO] - User set preference: ['args', '[--no-sandbox]']

2021-07-29 10:06:52 - [MESSAGE][INFO] - Action delay is set to 0 milliseconds

2021-07-29 10:06:53 - [MESSAGE][PASSED] - Browser is opened with url: ''

2021-07-29 10:06:53 - [TEST_STEP][PASSED] - maximizeWindow(): Current window maximized

2021-07-29 10:06:53 - [MESSAGE][PASSED] - Current window maximized

2021-07-29 10:06:53 - [TEST_STEP][PASSED] - ctdc.utilities.runtestcaseforKatalon.RunKatalon("TC05_Bento_Filter_TumorSize-Above_4.xlsx"): Data loaded from input file for the test case. 

2021-07-29 10:06:53 - [MESSAGE][PASSED] - Test case file loaded This is the full filepath after converting to string :C:\Users\radhakrishnang2\Commons_Automation\InputFiles\TC05_Bento_Filter_TumorSize-Above_4.xlsx

2021-07-29 10:06:53 - [MESSAGE][INFO] - Global variable set for password file is :  C:\Users\radhakrishnang2\Commons_Automation\InputFiles\TC05_Bento_Filter_TumorSize-Above_4.xlsx

2021-07-29 10:06:57 - [MESSAGE][PASSED] - Data loaded from input file for the test case. 

2021-07-29 10:07:10 - [TEST_STEP][PASSED] - waitForElementClickable(findTestObject("Object Repository/Bento/NavBar/Bento_Cases-Btn"), 5): Object 'Object Repository/Bento/NavBar/Bento_Cases-Btn' is clickable

2021-07-29 10:07:10 - [MESSAGE][PASSED] - Object 'Object Repository/Bento/NavBar/Bento_Cases-Btn' is clickable

2021-07-29 10:07:10 - [TEST_STEP][PASSED] - ctdc.utilities.runtestcaseforKatalon.clickTab("Object Repository/Bento/NavBar/Bento_Cases-Btn"): ctdc.utilities.runtestcaseforKatalon.clickTab is PASSED

2021-07-29 10:07:10 - [MESSAGE][PASSED] - ctdc.utilities.runtestcaseforKatalon.clickTab is PASSED

2021-07-29 10:07:10 - [TEST_STEP][PASSED] - waitForElementClickable(findTestObject("Bento/Cases_page/Filter/FilterByCases_Facet"), 5): Object 'Object Repository/Bento/Cases_page/Filter/FilterByCases_Facet' is clickable

2021-07-29 10:07:11 - [MESSAGE][PASSED] - Object 'Object Repository/Bento/Cases_page/Filter/FilterByCases_Facet' is clickable

2021-07-29 10:07:11 - [TEST_STEP][PASSED] - ctdc.utilities.runtestcaseforKatalon.clickTab("Bento/Cases_page/Filter/FilterByCases_Facet"): ctdc.utilities.runtestcaseforKatalon.clickTab is PASSED

2021-07-29 10:07:11 - [MESSAGE][PASSED] - ctdc.utilities.runtestcaseforKatalon.clickTab is PASSED

2021-07-29 10:07:11 - [TEST_STEP][PASSED] - waitForElementClickable(findTestObject("Bento/Cases_page/Filter/TumorSize/TumorSize_Ddn"), 5): Object 'Object Repository/Bento/Cases_page/Filter/TumorSize/TumorSize_Ddn' is clickable

2021-07-29 10:07:11 - [MESSAGE][PASSED] - Object 'Object Repository/Bento/Cases_page/Filter/TumorSize/TumorSize_Ddn' is clickable

2021-07-29 10:07:11 - [TEST_STEP][PASSED] - ctdc.utilities.runtestcaseforKatalon.clickTab("Bento/Cases_page/Filter/TumorSize/TumorSize_Ddn"): ctdc.utilities.runtestcaseforKatalon.clickTab is PASSED

2021-07-29 10:07:11 - [MESSAGE][PASSED] - ctdc.utilities.runtestcaseforKatalon.clickTab is PASSED

2021-07-29 10:07:11 - [TEST_STEP][PASSED] - ctdc.utilities.runtestcaseforKatalon.clickTab("Object Repository/Bento/Cases_page/Filter/TumorSize/Above_4_Chkbx"): ctdc.utilities.runtestcaseforKatalon.clickTab is PASSED

2021-07-29 10:07:11 - [MESSAGE][PASSED] - ctdc.utilities.runtestcaseforKatalon.clickTab is PASSED

2021-07-29 10:07:11 - [TEST_STEP][PASSED] - ctdc.utilities.runtestcaseforKatalon.clickTab("Object Repository/Bento/Cases_page/Filter/TumorSize/TumorSize_Ddn"): ctdc.utilities.runtestcaseforKatalon.clickTab is PASSED

2021-07-29 10:07:11 - [MESSAGE][PASSED] - ctdc.utilities.runtestcaseforKatalon.clickTab is PASSED

2021-07-29 10:07:12 - [TEST_STEP][PASSED] - ctdc.utilities.runtestcaseforKatalon.readStatBarBento("Object Repository/Bento/StatBar/Bento_StatBar-Programs", "Object Repository/Bento/StatBar/Bento_StatBar-Arms", "Object Repository/Bento/StatBar/Bento_StatBar-Cases", "Object Repository/Bento/StatBar/Bento_StatBar-Samples", "Object Repository/Bento/StatBar/Bento_StatBar-Assays", "Object Repository/Bento/StatBar/Bento_StatBar-Files"): ctdc.utilities.runtestcaseforKatalon.readStatBarBento is PASSED

2021-07-29 10:07:20 - [MESSAGE][PASSED] - ctdc.utilities.runtestcaseforKatalon.readStatBarBento is PASSED

2021-07-29 10:07:20 - [TEST_STEP][PASSED] - ctdc.utilities.ReadExcel.Neo4j(G_CypherTabnameCases, G_QueryCasesTab): ctdc.utilities.ReadExcel.Neo4j is PASSED

2021-07-29 10:07:27 - [MESSAGE][PASSED] - ctdc.utilities.ReadExcel.Neo4j is PASSED

2021-07-29 10:07:27 - [TEST_STEP][PASSED] - ctdc.utilities.runtestcaseforKatalon.validateStatBar("Bento"): Statbar Files count matches

2021-07-29 10:07:27 - [MESSAGE][PASSED] - Statbar Programs count matches

2021-07-29 10:07:27 - [MESSAGE][PASSED] - Statbar Arms count matches

2021-07-29 10:07:27 - [MESSAGE][PASSED] - Statbar Cases count matches

2021-07-29 10:07:27 - [MESSAGE][PASSED] - Statbar Samples count matches

2021-07-29 10:07:27 - [MESSAGE][PASSED] - Statbar Assays count matches

2021-07-29 10:07:27 - [MESSAGE][PASSED] - Statbar Files count matches

2021-07-29 10:07:27 - [TEST_STEP][PASSED] - closeBrowser(): Browser is closed

2021-07-29 10:07:28 - [MESSAGE][PASSED] - Browser is closed]]></system-out>
         <system-err><![CDATA[]]></system-err>
      </testcase>
      <testcase name="Test Cases/Bento_TestCases/TumorSize/TC06_Bento_Filter_TumorSize-NotReported" time="37.063" classname="Test Cases/Bento_TestCases/TumorSize/TC06_Bento_Filter_TumorSize-NotReported" status="PASSED">
         <system-out><![CDATA[2021-07-29 10:07:28 - [TEST_CASE][PASSED] - Test Cases/Bento_TestCases/TumorSize/TC06_Bento_Filter_TumorSize-NotReported: Test Cases/Bento_TestCases/TumorSize/TC06_Bento_Filter_TumorSize-NotReported

2021-07-29 10:07:28 - [TEST_STEP][PASSED] - Start listener action : getTestScriptName: null

2021-07-29 10:07:28 - [TEST_STEP][PASSED] - TestCaseId = testCaseContext.getTestCaseId(): null

2021-07-29 10:07:28 - [TEST_STEP][PASSED] - out.println("**********this is the value of test case id string******** " + testCaseContext.getTestCaseId()): null

2021-07-29 10:07:28 - [TEST_STEP][PASSED] - G_currentTCName = TestCaseId.substring(TestCaseId.lastIndexOf("TC")): null

2021-07-29 10:07:28 - [TEST_STEP][PASSED] - out.println("This is the test case name : " + G_currentTCName): null

2021-07-29 10:07:29 - [TEST_STEP][PASSED] - closeBrowser(): Browser is closed

2021-07-29 10:07:29 - [MESSAGE][PASSED] - Browser is closed

2021-07-29 10:07:29 - [TEST_STEP][PASSED] - openBrowser(""): Browser is opened with url: ''

2021-07-29 10:07:29 - [MESSAGE][INFO] - Starting 'Chrome (headless)' driver

2021-07-29 10:07:29 - [MESSAGE][INFO] - User set preference: ['args', '[--no-sandbox]']

2021-07-29 10:07:29 - [MESSAGE][INFO] - Action delay is set to 0 milliseconds

2021-07-29 10:07:30 - [MESSAGE][PASSED] - Browser is opened with url: ''

2021-07-29 10:07:30 - [TEST_STEP][PASSED] - maximizeWindow(): Current window maximized

2021-07-29 10:07:30 - [MESSAGE][PASSED] - Current window maximized

2021-07-29 10:07:30 - [TEST_STEP][PASSED] - ctdc.utilities.runtestcaseforKatalon.RunKatalon("TC06_Bento_Filter_TumorSize-NotReported.xlsx"): Data loaded from input file for the test case. 

2021-07-29 10:07:30 - [MESSAGE][PASSED] - Test case file loaded This is the full filepath after converting to string :C:\Users\radhakrishnang2\Commons_Automation\InputFiles\TC06_Bento_Filter_TumorSize-NotReported.xlsx

2021-07-29 10:07:30 - [MESSAGE][INFO] - Global variable set for password file is :  C:\Users\radhakrishnang2\Commons_Automation\InputFiles\TC06_Bento_Filter_TumorSize-NotReported.xlsx

2021-07-29 10:07:34 - [MESSAGE][PASSED] - Data loaded from input file for the test case. 

2021-07-29 10:07:47 - [TEST_STEP][PASSED] - waitForElementClickable(findTestObject("Object Repository/Bento/NavBar/Bento_Cases-Btn"), 5): Object 'Object Repository/Bento/NavBar/Bento_Cases-Btn' is clickable

2021-07-29 10:07:47 - [MESSAGE][PASSED] - Object 'Object Repository/Bento/NavBar/Bento_Cases-Btn' is clickable

2021-07-29 10:07:47 - [TEST_STEP][PASSED] - ctdc.utilities.runtestcaseforKatalon.clickTab("Object Repository/Bento/NavBar/Bento_Cases-Btn"): ctdc.utilities.runtestcaseforKatalon.clickTab is PASSED

2021-07-29 10:07:47 - [MESSAGE][PASSED] - ctdc.utilities.runtestcaseforKatalon.clickTab is PASSED

2021-07-29 10:07:47 - [TEST_STEP][PASSED] - waitForElementClickable(findTestObject("Bento/Cases_page/Filter/FilterByCases_Facet"), 5): Object 'Object Repository/Bento/Cases_page/Filter/FilterByCases_Facet' is clickable

2021-07-29 10:07:48 - [MESSAGE][PASSED] - Object 'Object Repository/Bento/Cases_page/Filter/FilterByCases_Facet' is clickable

2021-07-29 10:07:48 - [TEST_STEP][PASSED] - ctdc.utilities.runtestcaseforKatalon.clickTab("Bento/Cases_page/Filter/FilterByCases_Facet"): ctdc.utilities.runtestcaseforKatalon.clickTab is PASSED

2021-07-29 10:07:48 - [MESSAGE][PASSED] - ctdc.utilities.runtestcaseforKatalon.clickTab is PASSED

2021-07-29 10:07:48 - [TEST_STEP][PASSED] - waitForElementClickable(findTestObject("Bento/Cases_page/Filter/TumorSize/TumorSize_Ddn"), 5): Object 'Object Repository/Bento/Cases_page/Filter/TumorSize/TumorSize_Ddn' is clickable

2021-07-29 10:07:48 - [MESSAGE][PASSED] - Object 'Object Repository/Bento/Cases_page/Filter/TumorSize/TumorSize_Ddn' is clickable

2021-07-29 10:07:48 - [TEST_STEP][PASSED] - ctdc.utilities.runtestcaseforKatalon.clickTab("Bento/Cases_page/Filter/TumorSize/TumorSize_Ddn"): ctdc.utilities.runtestcaseforKatalon.clickTab is PASSED

2021-07-29 10:07:48 - [MESSAGE][PASSED] - ctdc.utilities.runtestcaseforKatalon.clickTab is PASSED

2021-07-29 10:07:48 - [TEST_STEP][PASSED] - ctdc.utilities.runtestcaseforKatalon.clickTab("Object Repository/Bento/Cases_page/Filter/TumorSize/NotReported_Chkbx"): ctdc.utilities.runtestcaseforKatalon.clickTab is PASSED

2021-07-29 10:07:48 - [MESSAGE][PASSED] - ctdc.utilities.runtestcaseforKatalon.clickTab is PASSED

2021-07-29 10:07:48 - [TEST_STEP][PASSED] - ctdc.utilities.runtestcaseforKatalon.clickTab("Object Repository/Bento/Cases_page/Filter/TumorSize/TumorSize_Ddn"): ctdc.utilities.runtestcaseforKatalon.clickTab is PASSED

2021-07-29 10:07:48 - [MESSAGE][PASSED] - ctdc.utilities.runtestcaseforKatalon.clickTab is PASSED

2021-07-29 10:07:48 - [TEST_STEP][PASSED] - ctdc.utilities.runtestcaseforKatalon.readStatBarBento("Object Repository/Bento/StatBar/Bento_StatBar-Programs", "Object Repository/Bento/StatBar/Bento_StatBar-Arms", "Object Repository/Bento/StatBar/Bento_StatBar-Cases", "Object Repository/Bento/StatBar/Bento_StatBar-Samples", "Object Repository/Bento/StatBar/Bento_StatBar-Assays", "Object Repository/Bento/StatBar/Bento_StatBar-Files"): ctdc.utilities.runtestcaseforKatalon.readStatBarBento is PASSED

2021-07-29 10:07:57 - [MESSAGE][PASSED] - ctdc.utilities.runtestcaseforKatalon.readStatBarBento is PASSED

2021-07-29 10:07:57 - [TEST_STEP][PASSED] - ctdc.utilities.ReadExcel.Neo4j(G_CypherTabnameCases, G_QueryCasesTab): ctdc.utilities.ReadExcel.Neo4j is PASSED

2021-07-29 10:08:05 - [MESSAGE][PASSED] - ctdc.utilities.ReadExcel.Neo4j is PASSED

2021-07-29 10:08:05 - [TEST_STEP][PASSED] - ctdc.utilities.runtestcaseforKatalon.validateStatBar("Bento"): Statbar Files count matches

2021-07-29 10:08:05 - [MESSAGE][PASSED] - Statbar Programs count matches

2021-07-29 10:08:05 - [MESSAGE][PASSED] - Statbar Arms count matches

2021-07-29 10:08:05 - [MESSAGE][PASSED] - Statbar Cases count matches

2021-07-29 10:08:05 - [MESSAGE][PASSED] - Statbar Samples count matches

2021-07-29 10:08:05 - [MESSAGE][PASSED] - Statbar Assays count matches

2021-07-29 10:08:05 - [MESSAGE][PASSED] - Statbar Files count matches

2021-07-29 10:08:05 - [TEST_STEP][PASSED] - closeBrowser(): Browser is closed

2021-07-29 10:08:05 - [MESSAGE][PASSED] - Browser is closed]]></system-out>
         <system-err><![CDATA[]]></system-err>
      </testcase>
      <testcase name="Test Cases/Bento_TestCases/RecurrenceScore/TC01_Bento_Filter_RecurrScore-00-05" time="95.96" classname="Test Cases/Bento_TestCases/RecurrenceScore/TC01_Bento_Filter_RecurrScore-00-05" status="PASSED">
         <system-out><![CDATA[2021-07-29 10:08:05 - [TEST_CASE][PASSED] - Test Cases/Bento_TestCases/RecurrenceScore/TC01_Bento_Filter_RecurrScore-00-05: Test Cases/Bento_TestCases/RecurrenceScore/TC01_Bento_Filter_RecurrScore-00-05

2021-07-29 10:08:05 - [TEST_STEP][PASSED] - Start listener action : getTestScriptName: null

2021-07-29 10:08:05 - [TEST_STEP][PASSED] - TestCaseId = testCaseContext.getTestCaseId(): null

2021-07-29 10:08:05 - [TEST_STEP][PASSED] - out.println("**********this is the value of test case id string******** " + testCaseContext.getTestCaseId()): null

2021-07-29 10:08:05 - [TEST_STEP][PASSED] - G_currentTCName = TestCaseId.substring(TestCaseId.lastIndexOf("TC")): null

2021-07-29 10:08:05 - [TEST_STEP][PASSED] - out.println("This is the test case name : " + G_currentTCName): null

2021-07-29 10:08:06 - [TEST_STEP][PASSED] - closeBrowser(): Browser is closed

2021-07-29 10:08:06 - [MESSAGE][PASSED] - Browser is closed

2021-07-29 10:08:06 - [TEST_STEP][PASSED] - ctdc.utilities.runtestcaseforKatalon.RunKatalon("TC01_Bento_Filter_RecurrScore-00-05.xlsx"): Data loaded from input file for the test case. 

2021-07-29 10:08:06 - [MESSAGE][PASSED] - Test case file loaded This is the full filepath after converting to string :C:\Users\radhakrishnang2\Commons_Automation\InputFiles\TC01_Bento_Filter_RecurrScore-00-05.xlsx

2021-07-29 10:08:06 - [MESSAGE][INFO] - Global variable set for password file is :  C:\Users\radhakrishnang2\Commons_Automation\InputFiles\TC01_Bento_Filter_RecurrScore-00-05.xlsx

2021-07-29 10:08:10 - [MESSAGE][PASSED] - Data loaded from input file for the test case. 

2021-07-29 10:08:22 - [TEST_STEP][PASSED] - waitForElementClickable(findTestObject("Object Repository/Bento/NavBar/Bento_Cases-Btn"), 5): Object 'Object Repository/Bento/NavBar/Bento_Cases-Btn' is clickable

2021-07-29 10:08:23 - [MESSAGE][PASSED] - Object 'Object Repository/Bento/NavBar/Bento_Cases-Btn' is clickable

2021-07-29 10:08:23 - [TEST_STEP][PASSED] - ctdc.utilities.runtestcaseforKatalon.clickTab("Object Repository/Bento/NavBar/Bento_Cases-Btn"): ctdc.utilities.runtestcaseforKatalon.clickTab is PASSED

2021-07-29 10:08:23 - [MESSAGE][PASSED] - ctdc.utilities.runtestcaseforKatalon.clickTab is PASSED

2021-07-29 10:08:23 - [TEST_STEP][PASSED] - waitForElementClickable(findTestObject("Bento/Cases_page/Filter/FilterByCases_Facet"), 5): Object 'Object Repository/Bento/Cases_page/Filter/FilterByCases_Facet' is clickable

2021-07-29 10:08:23 - [MESSAGE][PASSED] - Object 'Object Repository/Bento/Cases_page/Filter/FilterByCases_Facet' is clickable

2021-07-29 10:08:23 - [TEST_STEP][PASSED] - ctdc.utilities.runtestcaseforKatalon.clickTab("Bento/Cases_page/Filter/FilterByCases_Facet"): ctdc.utilities.runtestcaseforKatalon.clickTab is PASSED

2021-07-29 10:08:23 - [MESSAGE][PASSED] - ctdc.utilities.runtestcaseforKatalon.clickTab is PASSED

2021-07-29 10:08:23 - [TEST_STEP][PASSED] - waitForElementClickable(findTestObject("Bento/Cases_page/Filter/Recurrence Score/RecurrScore_Ddn"), 5): Object 'Object Repository/Bento/Cases_page/Filter/Recurrence Score/RecurrScore_Ddn' is clickable

2021-07-29 10:08:24 - [MESSAGE][PASSED] - Object 'Object Repository/Bento/Cases_page/Filter/Recurrence Score/RecurrScore_Ddn' is clickable

2021-07-29 10:08:24 - [TEST_STEP][PASSED] - ctdc.utilities.runtestcaseforKatalon.clickTab("Bento/Cases_page/Filter/Recurrence Score/RecurrScore_Ddn"): ctdc.utilities.runtestcaseforKatalon.clickTab is PASSED

2021-07-29 10:08:24 - [MESSAGE][PASSED] - ctdc.utilities.runtestcaseforKatalon.clickTab is PASSED

2021-07-29 10:08:24 - [TEST_STEP][PASSED] - waitForElementClickable(findTestObject("Bento/Cases_page/Filter/Recurrence Score/00_to_05_Chkbx"), 5): Object 'Object Repository/Bento/Cases_page/Filter/Recurrence Score/00_to_05_Chkbx' is clickable

2021-07-29 10:08:24 - [MESSAGE][PASSED] - Object 'Object Repository/Bento/Cases_page/Filter/Recurrence Score/00_to_05_Chkbx' is clickable

2021-07-29 10:08:24 - [TEST_STEP][PASSED] - ctdc.utilities.runtestcaseforKatalon.clickTab("Bento/Cases_page/Filter/Recurrence Score/00_to_05_Chkbx"): ctdc.utilities.runtestcaseforKatalon.clickTab is PASSED

2021-07-29 10:08:24 - [MESSAGE][PASSED] - ctdc.utilities.runtestcaseforKatalon.clickTab is PASSED

2021-07-29 10:08:24 - [TEST_STEP][PASSED] - ctdc.utilities.runtestcaseforKatalon.clickTab("Bento/Cases_page/Filter/Recurrence Score/RecurrScore_Ddn"): ctdc.utilities.runtestcaseforKatalon.clickTab is PASSED

2021-07-29 10:08:24 - [MESSAGE][PASSED] - ctdc.utilities.runtestcaseforKatalon.clickTab is PASSED

2021-07-29 10:08:24 - [TEST_STEP][PASSED] - ctdc.utilities.runtestcaseforKatalon.readStatBarBento("Object Repository/Bento/StatBar/Bento_StatBar-Programs", "Object Repository/Bento/StatBar/Bento_StatBar-Arms", "Object Repository/Bento/StatBar/Bento_StatBar-Cases", "Object Repository/Bento/StatBar/Bento_StatBar-Samples", "Object Repository/Bento/StatBar/Bento_StatBar-Assays", "Object Repository/Bento/StatBar/Bento_StatBar-Files"): ctdc.utilities.runtestcaseforKatalon.readStatBarBento is PASSED

2021-07-29 10:08:33 - [MESSAGE][PASSED] - ctdc.utilities.runtestcaseforKatalon.readStatBarBento is PASSED

2021-07-29 10:08:33 - [TEST_STEP][PASSED] - waitForElementPresent(findTestObject("Object Repository/Bento/Cases_page/BentoResults_Cases_Tab"), 5): Object 'Object Repository/Bento/Cases_page/BentoResults_Cases_Tab' is present

2021-07-29 10:08:33 - [MESSAGE][PASSED] - Object 'Object Repository/Bento/Cases_page/BentoResults_Cases_Tab' is present

2021-07-29 10:08:33 - [TEST_STEP][PASSED] - ctdc.utilities.runtestcaseforKatalon.clickTab("Object Repository/Bento/Cases_page/BentoResults_Cases_Tab"): ctdc.utilities.runtestcaseforKatalon.clickTab is PASSED

2021-07-29 10:08:33 - [MESSAGE][PASSED] - ctdc.utilities.runtestcaseforKatalon.clickTab is PASSED

2021-07-29 10:08:33 - [TEST_STEP][PASSED] - ctdc.utilities.runtestcaseforKatalon.multiFunction("Bento", G_StatBar_Cases, "Object Repository/Bento/Cases_page/Bento_CasesTable", "Object Repository/Bento/Cases_page/Bento_CasesTableHeader", "Object Repository/Bento/Cases_page/Bento_CasesTabNextBtn", G_WebTabnameCases, G_CypherTabnameCases, G_QueryCasesTab): Statbar Files count matches

2021-07-29 10:09:40 - [MESSAGE][PASSED] - Statbar Programs count matches

2021-07-29 10:09:40 - [MESSAGE][PASSED] - Statbar Arms count matches

2021-07-29 10:09:40 - [MESSAGE][PASSED] - Statbar Cases count matches

2021-07-29 10:09:40 - [MESSAGE][PASSED] - Statbar Samples count matches

2021-07-29 10:09:40 - [MESSAGE][PASSED] - Statbar Assays count matches

2021-07-29 10:09:40 - [MESSAGE][PASSED] - Statbar Files count matches

2021-07-29 10:09:41 - [TEST_STEP][PASSED] - closeBrowser(): Browser is closed

2021-07-29 10:09:41 - [MESSAGE][PASSED] - Browser is closed]]></system-out>
         <system-err><![CDATA[]]></system-err>
      </testcase>
      <testcase name="Test Cases/Bento_TestCases/RecurrenceScore/TC02_Bento_Filter_RecurrScore-11-15" time="294.201" classname="Test Cases/Bento_TestCases/RecurrenceScore/TC02_Bento_Filter_RecurrScore-11-15" status="PASSED">
         <system-out><![CDATA[2021-07-29 10:09:41 - [TEST_CASE][PASSED] - Test Cases/Bento_TestCases/RecurrenceScore/TC02_Bento_Filter_RecurrScore-11-15: Test Cases/Bento_TestCases/RecurrenceScore/TC02_Bento_Filter_RecurrScore-11-15

2021-07-29 10:09:41 - [TEST_STEP][PASSED] - Start listener action : getTestScriptName: null

2021-07-29 10:09:41 - [TEST_STEP][PASSED] - TestCaseId = testCaseContext.getTestCaseId(): null

2021-07-29 10:09:41 - [TEST_STEP][PASSED] - out.println("**********this is the value of test case id string******** " + testCaseContext.getTestCaseId()): null

2021-07-29 10:09:41 - [TEST_STEP][PASSED] - G_currentTCName = TestCaseId.substring(TestCaseId.lastIndexOf("TC")): null

2021-07-29 10:09:41 - [TEST_STEP][PASSED] - out.println("This is the test case name : " + G_currentTCName): null

2021-07-29 10:09:42 - [TEST_STEP][PASSED] - closeBrowser(): Browser is closed

2021-07-29 10:09:42 - [MESSAGE][PASSED] - Browser is closed

2021-07-29 10:09:42 - [TEST_STEP][PASSED] - ctdc.utilities.runtestcaseforKatalon.RunKatalon("TC02_Bento_Filter_RecurrScore-11-15.xlsx"): Data loaded from input file for the test case. 

2021-07-29 10:09:42 - [MESSAGE][PASSED] - Test case file loaded This is the full filepath after converting to string :C:\Users\radhakrishnang2\Commons_Automation\InputFiles\TC02_Bento_Filter_RecurrScore-11-15.xlsx

2021-07-29 10:09:42 - [MESSAGE][INFO] - Global variable set for password file is :  C:\Users\radhakrishnang2\Commons_Automation\InputFiles\TC02_Bento_Filter_RecurrScore-11-15.xlsx

2021-07-29 10:09:46 - [MESSAGE][PASSED] - Data loaded from input file for the test case. 

2021-07-29 10:09:59 - [TEST_STEP][PASSED] - waitForElementClickable(findTestObject("Object Repository/Bento/NavBar/Bento_Cases-Btn"), 5): Object 'Object Repository/Bento/NavBar/Bento_Cases-Btn' is clickable

2021-07-29 10:09:59 - [MESSAGE][PASSED] - Object 'Object Repository/Bento/NavBar/Bento_Cases-Btn' is clickable

2021-07-29 10:09:59 - [TEST_STEP][PASSED] - ctdc.utilities.runtestcaseforKatalon.clickTab("Object Repository/Bento/NavBar/Bento_Cases-Btn"): ctdc.utilities.runtestcaseforKatalon.clickTab is PASSED

2021-07-29 10:09:59 - [MESSAGE][PASSED] - ctdc.utilities.runtestcaseforKatalon.clickTab is PASSED

2021-07-29 10:09:59 - [TEST_STEP][PASSED] - waitForElementClickable(findTestObject("Bento/Cases_page/Filter/FilterByCases_Facet"), 5): Object 'Object Repository/Bento/Cases_page/Filter/FilterByCases_Facet' is clickable

2021-07-29 10:09:59 - [MESSAGE][PASSED] - Object 'Object Repository/Bento/Cases_page/Filter/FilterByCases_Facet' is clickable

2021-07-29 10:09:59 - [TEST_STEP][PASSED] - ctdc.utilities.runtestcaseforKatalon.clickTab("Bento/Cases_page/Filter/FilterByCases_Facet"): ctdc.utilities.runtestcaseforKatalon.clickTab is PASSED

2021-07-29 10:10:00 - [MESSAGE][PASSED] - ctdc.utilities.runtestcaseforKatalon.clickTab is PASSED

2021-07-29 10:10:00 - [TEST_STEP][PASSED] - waitForElementClickable(findTestObject("Bento/Cases_page/Filter/Recurrence Score/RecurrScore_Ddn"), 5): Object 'Object Repository/Bento/Cases_page/Filter/Recurrence Score/RecurrScore_Ddn' is clickable

2021-07-29 10:10:00 - [MESSAGE][PASSED] - Object 'Object Repository/Bento/Cases_page/Filter/Recurrence Score/RecurrScore_Ddn' is clickable

2021-07-29 10:10:00 - [TEST_STEP][PASSED] - ctdc.utilities.runtestcaseforKatalon.clickTab("Bento/Cases_page/Filter/Recurrence Score/RecurrScore_Ddn"): ctdc.utilities.runtestcaseforKatalon.clickTab is PASSED

2021-07-29 10:10:00 - [MESSAGE][PASSED] - ctdc.utilities.runtestcaseforKatalon.clickTab is PASSED

2021-07-29 10:10:00 - [TEST_STEP][PASSED] - waitForElementClickable(findTestObject("Bento/Cases_page/Filter/Recurrence Score/11_to_15_Chkbx"), 5): Object 'Object Repository/Bento/Cases_page/Filter/Recurrence Score/11_to_15_Chkbx' is clickable

2021-07-29 10:10:00 - [MESSAGE][PASSED] - Object 'Object Repository/Bento/Cases_page/Filter/Recurrence Score/11_to_15_Chkbx' is clickable

2021-07-29 10:10:00 - [TEST_STEP][PASSED] - ctdc.utilities.runtestcaseforKatalon.clickTab("Bento/Cases_page/Filter/Recurrence Score/11_to_15_Chkbx"): ctdc.utilities.runtestcaseforKatalon.clickTab is PASSED

2021-07-29 10:10:00 - [MESSAGE][PASSED] - ctdc.utilities.runtestcaseforKatalon.clickTab is PASSED

2021-07-29 10:10:00 - [TEST_STEP][PASSED] - ctdc.utilities.runtestcaseforKatalon.clickTab("Bento/Cases_page/Filter/Recurrence Score/RecurrScore_Ddn"): ctdc.utilities.runtestcaseforKatalon.clickTab is PASSED

2021-07-29 10:10:00 - [MESSAGE][PASSED] - ctdc.utilities.runtestcaseforKatalon.clickTab is PASSED

2021-07-29 10:10:00 - [TEST_STEP][PASSED] - ctdc.utilities.runtestcaseforKatalon.readStatBarBento("Object Repository/Bento/StatBar/Bento_StatBar-Programs", "Object Repository/Bento/StatBar/Bento_StatBar-Arms", "Object Repository/Bento/StatBar/Bento_StatBar-Cases", "Object Repository/Bento/StatBar/Bento_StatBar-Samples", "Object Repository/Bento/StatBar/Bento_StatBar-Assays", "Object Repository/Bento/StatBar/Bento_StatBar-Files"): ctdc.utilities.runtestcaseforKatalon.readStatBarBento is PASSED

2021-07-29 10:10:09 - [MESSAGE][PASSED] - ctdc.utilities.runtestcaseforKatalon.readStatBarBento is PASSED

2021-07-29 10:10:09 - [TEST_STEP][PASSED] - waitForElementPresent(findTestObject("Object Repository/Bento/Cases_page/BentoResults_Cases_Tab"), 5): Object 'Object Repository/Bento/Cases_page/BentoResults_Cases_Tab' is present

2021-07-29 10:10:09 - [MESSAGE][PASSED] - Object 'Object Repository/Bento/Cases_page/BentoResults_Cases_Tab' is present

2021-07-29 10:10:09 - [TEST_STEP][PASSED] - ctdc.utilities.runtestcaseforKatalon.clickTab("Object Repository/Bento/Cases_page/BentoResults_Cases_Tab"): ctdc.utilities.runtestcaseforKatalon.clickTab is PASSED

2021-07-29 10:10:09 - [MESSAGE][PASSED] - ctdc.utilities.runtestcaseforKatalon.clickTab is PASSED

2021-07-29 10:10:09 - [TEST_STEP][PASSED] - ctdc.utilities.runtestcaseforKatalon.multiFunction("Bento", G_StatBar_Cases, "Object Repository/Bento/Cases_page/Bento_CasesTable", "Object Repository/Bento/Cases_page/Bento_CasesTableHeader", "Object Repository/Bento/Cases_page/Bento_CasesTabNextBtn", G_WebTabnameCases, G_CypherTabnameCases, G_QueryCasesTab): Statbar Files count matches

2021-07-29 10:14:35 - [MESSAGE][PASSED] - Statbar Programs count matches

2021-07-29 10:14:35 - [MESSAGE][PASSED] - Statbar Arms count matches

2021-07-29 10:14:35 - [MESSAGE][PASSED] - Statbar Cases count matches

2021-07-29 10:14:35 - [MESSAGE][PASSED] - Statbar Samples count matches

2021-07-29 10:14:35 - [MESSAGE][PASSED] - Statbar Assays count matches

2021-07-29 10:14:35 - [MESSAGE][PASSED] - Statbar Files count matches

2021-07-29 10:14:35 - [TEST_STEP][PASSED] - closeBrowser(): Browser is closed

2021-07-29 10:14:35 - [MESSAGE][PASSED] - Browser is closed]]></system-out>
         <system-err><![CDATA[]]></system-err>
      </testcase>
      <testcase name="Test Cases/Bento_TestCases/RecurrenceScore/TC03_Bento_Filter_RecurrScore-16-20" time="313.388" classname="Test Cases/Bento_TestCases/RecurrenceScore/TC03_Bento_Filter_RecurrScore-16-20" status="PASSED">
         <system-out><![CDATA[2021-07-29 10:14:35 - [TEST_CASE][PASSED] - Test Cases/Bento_TestCases/RecurrenceScore/TC03_Bento_Filter_RecurrScore-16-20: Test Cases/Bento_TestCases/RecurrenceScore/TC03_Bento_Filter_RecurrScore-16-20

2021-07-29 10:14:35 - [TEST_STEP][PASSED] - Start listener action : getTestScriptName: null

2021-07-29 10:14:35 - [TEST_STEP][PASSED] - TestCaseId = testCaseContext.getTestCaseId(): null

2021-07-29 10:14:35 - [TEST_STEP][PASSED] - out.println("**********this is the value of test case id string******** " + testCaseContext.getTestCaseId()): null

2021-07-29 10:14:35 - [TEST_STEP][PASSED] - G_currentTCName = TestCaseId.substring(TestCaseId.lastIndexOf("TC")): null

2021-07-29 10:14:35 - [TEST_STEP][PASSED] - out.println("This is the test case name : " + G_currentTCName): null

2021-07-29 10:14:36 - [TEST_STEP][PASSED] - closeBrowser(): Browser is closed

2021-07-29 10:14:36 - [MESSAGE][PASSED] - Browser is closed

2021-07-29 10:14:36 - [TEST_STEP][PASSED] - ctdc.utilities.runtestcaseforKatalon.RunKatalon("TC03_Bento_Filter_RecurrScore-16-20.xlsx"): Data loaded from input file for the test case. 

2021-07-29 10:14:36 - [MESSAGE][PASSED] - Test case file loaded This is the full filepath after converting to string :C:\Users\radhakrishnang2\Commons_Automation\InputFiles\TC03_Bento_Filter_RecurrScore-16-20.xlsx

2021-07-29 10:14:36 - [MESSAGE][INFO] - Global variable set for password file is :  C:\Users\radhakrishnang2\Commons_Automation\InputFiles\TC03_Bento_Filter_RecurrScore-16-20.xlsx

2021-07-29 10:14:40 - [MESSAGE][PASSED] - Data loaded from input file for the test case. 

2021-07-29 10:14:52 - [TEST_STEP][PASSED] - waitForElementClickable(findTestObject("Object Repository/Bento/NavBar/Bento_Cases-Btn"), 5): Object 'Object Repository/Bento/NavBar/Bento_Cases-Btn' is clickable

2021-07-29 10:14:52 - [MESSAGE][PASSED] - Object 'Object Repository/Bento/NavBar/Bento_Cases-Btn' is clickable

2021-07-29 10:14:52 - [TEST_STEP][PASSED] - ctdc.utilities.runtestcaseforKatalon.clickTab("Object Repository/Bento/NavBar/Bento_Cases-Btn"): ctdc.utilities.runtestcaseforKatalon.clickTab is PASSED

2021-07-29 10:14:52 - [MESSAGE][PASSED] - ctdc.utilities.runtestcaseforKatalon.clickTab is PASSED

2021-07-29 10:14:52 - [TEST_STEP][PASSED] - waitForElementClickable(findTestObject("Bento/Cases_page/Filter/FilterByCases_Facet"), 5): Object 'Object Repository/Bento/Cases_page/Filter/FilterByCases_Facet' is clickable

2021-07-29 10:14:53 - [MESSAGE][PASSED] - Object 'Object Repository/Bento/Cases_page/Filter/FilterByCases_Facet' is clickable

2021-07-29 10:14:53 - [TEST_STEP][PASSED] - ctdc.utilities.runtestcaseforKatalon.clickTab("Bento/Cases_page/Filter/FilterByCases_Facet"): ctdc.utilities.runtestcaseforKatalon.clickTab is PASSED

2021-07-29 10:14:53 - [MESSAGE][PASSED] - ctdc.utilities.runtestcaseforKatalon.clickTab is PASSED

2021-07-29 10:14:53 - [TEST_STEP][PASSED] - waitForElementClickable(findTestObject("Bento/Cases_page/Filter/Recurrence Score/RecurrScore_Ddn"), 5): Object 'Object Repository/Bento/Cases_page/Filter/Recurrence Score/RecurrScore_Ddn' is clickable

2021-07-29 10:14:53 - [MESSAGE][PASSED] - Object 'Object Repository/Bento/Cases_page/Filter/Recurrence Score/RecurrScore_Ddn' is clickable

2021-07-29 10:14:53 - [TEST_STEP][PASSED] - ctdc.utilities.runtestcaseforKatalon.clickTab("Bento/Cases_page/Filter/Recurrence Score/RecurrScore_Ddn"): ctdc.utilities.runtestcaseforKatalon.clickTab is PASSED

2021-07-29 10:14:53 - [MESSAGE][PASSED] - ctdc.utilities.runtestcaseforKatalon.clickTab is PASSED

2021-07-29 10:14:53 - [TEST_STEP][PASSED] - waitForElementClickable(findTestObject("Bento/Cases_page/Filter/Recurrence Score/16_to_20_Chkbx"), 5): Object 'Object Repository/Bento/Cases_page/Filter/Recurrence Score/16_to_20_Chkbx' is clickable

2021-07-29 10:14:53 - [MESSAGE][PASSED] - Object 'Object Repository/Bento/Cases_page/Filter/Recurrence Score/16_to_20_Chkbx' is clickable

2021-07-29 10:14:53 - [TEST_STEP][PASSED] - ctdc.utilities.runtestcaseforKatalon.clickTab("Bento/Cases_page/Filter/Recurrence Score/16_to_20_Chkbx"): ctdc.utilities.runtestcaseforKatalon.clickTab is PASSED

2021-07-29 10:14:53 - [MESSAGE][PASSED] - ctdc.utilities.runtestcaseforKatalon.clickTab is PASSED

2021-07-29 10:14:53 - [TEST_STEP][PASSED] - ctdc.utilities.runtestcaseforKatalon.clickTab("Bento/Cases_page/Filter/Recurrence Score/RecurrScore_Ddn"): ctdc.utilities.runtestcaseforKatalon.clickTab is PASSED

2021-07-29 10:14:54 - [MESSAGE][PASSED] - ctdc.utilities.runtestcaseforKatalon.clickTab is PASSED

2021-07-29 10:14:54 - [TEST_STEP][PASSED] - ctdc.utilities.runtestcaseforKatalon.readStatBarBento("Object Repository/Bento/StatBar/Bento_StatBar-Programs", "Object Repository/Bento/StatBar/Bento_StatBar-Arms", "Object Repository/Bento/StatBar/Bento_StatBar-Cases", "Object Repository/Bento/StatBar/Bento_StatBar-Samples", "Object Repository/Bento/StatBar/Bento_StatBar-Assays", "Object Repository/Bento/StatBar/Bento_StatBar-Files"): ctdc.utilities.runtestcaseforKatalon.readStatBarBento is PASSED

2021-07-29 10:15:02 - [MESSAGE][PASSED] - ctdc.utilities.runtestcaseforKatalon.readStatBarBento is PASSED

2021-07-29 10:15:02 - [TEST_STEP][PASSED] - waitForElementPresent(findTestObject("Object Repository/Bento/Cases_page/BentoResults_Cases_Tab"), 5): Object 'Object Repository/Bento/Cases_page/BentoResults_Cases_Tab' is present

2021-07-29 10:15:02 - [MESSAGE][PASSED] - Object 'Object Repository/Bento/Cases_page/BentoResults_Cases_Tab' is present

2021-07-29 10:15:02 - [TEST_STEP][PASSED] - ctdc.utilities.runtestcaseforKatalon.clickTab("Object Repository/Bento/Cases_page/BentoResults_Cases_Tab"): ctdc.utilities.runtestcaseforKatalon.clickTab is PASSED

2021-07-29 10:15:02 - [MESSAGE][PASSED] - ctdc.utilities.runtestcaseforKatalon.clickTab is PASSED

2021-07-29 10:15:02 - [TEST_STEP][PASSED] - ctdc.utilities.runtestcaseforKatalon.multiFunction("Bento", G_StatBar_Cases, "Object Repository/Bento/Cases_page/Bento_CasesTable", "Object Repository/Bento/Cases_page/Bento_CasesTableHeader", "Object Repository/Bento/Cases_page/Bento_CasesTabNextBtn", G_WebTabnameCases, G_CypherTabnameCases, G_QueryCasesTab): Statbar Files count matches

2021-07-29 10:19:48 - [MESSAGE][PASSED] - Statbar Programs count matches

2021-07-29 10:19:48 - [MESSAGE][PASSED] - Statbar Arms count matches

2021-07-29 10:19:48 - [MESSAGE][PASSED] - Statbar Cases count matches

2021-07-29 10:19:48 - [MESSAGE][PASSED] - Statbar Samples count matches

2021-07-29 10:19:48 - [MESSAGE][PASSED] - Statbar Assays count matches

2021-07-29 10:19:48 - [MESSAGE][PASSED] - Statbar Files count matches

2021-07-29 10:19:48 - [TEST_STEP][PASSED] - closeBrowser(): Browser is closed

2021-07-29 10:19:49 - [MESSAGE][PASSED] - Browser is closed]]></system-out>
         <system-err><![CDATA[]]></system-err>
      </testcase>
      <testcase name="Test Cases/Bento_TestCases/RecurrenceScore/TC04_Bento_Filter_RecurrScore-51-100" time="54.847" classname="Test Cases/Bento_TestCases/RecurrenceScore/TC04_Bento_Filter_RecurrScore-51-100" status="PASSED">
         <system-out><![CDATA[2021-07-29 10:19:49 - [TEST_CASE][PASSED] - Test Cases/Bento_TestCases/RecurrenceScore/TC04_Bento_Filter_RecurrScore-51-100: Test Cases/Bento_TestCases/RecurrenceScore/TC04_Bento_Filter_RecurrScore-51-100

2021-07-29 10:19:49 - [TEST_STEP][PASSED] - Start listener action : getTestScriptName: null

2021-07-29 10:19:49 - [TEST_STEP][PASSED] - TestCaseId = testCaseContext.getTestCaseId(): null

2021-07-29 10:19:49 - [TEST_STEP][PASSED] - out.println("**********this is the value of test case id string******** " + testCaseContext.getTestCaseId()): null

2021-07-29 10:19:49 - [TEST_STEP][PASSED] - G_currentTCName = TestCaseId.substring(TestCaseId.lastIndexOf("TC")): null

2021-07-29 10:19:49 - [TEST_STEP][PASSED] - out.println("This is the test case name : " + G_currentTCName): null

2021-07-29 10:19:49 - [TEST_STEP][PASSED] - closeBrowser(): Browser is closed

2021-07-29 10:19:49 - [MESSAGE][PASSED] - Browser is closed

2021-07-29 10:19:49 - [TEST_STEP][PASSED] - ctdc.utilities.runtestcaseforKatalon.RunKatalon("TC04_Bento_Filter_RecurrScore-51-100.xlsx"): Data loaded from input file for the test case. 

2021-07-29 10:19:49 - [MESSAGE][PASSED] - Test case file loaded This is the full filepath after converting to string :C:\Users\radhakrishnang2\Commons_Automation\InputFiles\TC04_Bento_Filter_RecurrScore-51-100.xlsx

2021-07-29 10:19:49 - [MESSAGE][INFO] - Global variable set for password file is :  C:\Users\radhakrishnang2\Commons_Automation\InputFiles\TC04_Bento_Filter_RecurrScore-51-100.xlsx

2021-07-29 10:19:53 - [MESSAGE][PASSED] - Data loaded from input file for the test case. 

2021-07-29 10:20:03 - [TEST_STEP][PASSED] - waitForElementClickable(findTestObject("Object Repository/Bento/NavBar/Bento_Cases-Btn"), 5): Object 'Object Repository/Bento/NavBar/Bento_Cases-Btn' is clickable

2021-07-29 10:20:04 - [MESSAGE][PASSED] - Object 'Object Repository/Bento/NavBar/Bento_Cases-Btn' is clickable

2021-07-29 10:20:04 - [TEST_STEP][PASSED] - ctdc.utilities.runtestcaseforKatalon.clickTab("Object Repository/Bento/NavBar/Bento_Cases-Btn"): ctdc.utilities.runtestcaseforKatalon.clickTab is PASSED

2021-07-29 10:20:04 - [MESSAGE][PASSED] - ctdc.utilities.runtestcaseforKatalon.clickTab is PASSED

2021-07-29 10:20:04 - [TEST_STEP][PASSED] - waitForElementClickable(findTestObject("Bento/Cases_page/Filter/FilterByCases_Facet"), 5): Object 'Object Repository/Bento/Cases_page/Filter/FilterByCases_Facet' is clickable

2021-07-29 10:20:05 - [MESSAGE][PASSED] - Object 'Object Repository/Bento/Cases_page/Filter/FilterByCases_Facet' is clickable

2021-07-29 10:20:05 - [TEST_STEP][PASSED] - ctdc.utilities.runtestcaseforKatalon.clickTab("Bento/Cases_page/Filter/FilterByCases_Facet"): ctdc.utilities.runtestcaseforKatalon.clickTab is PASSED

2021-07-29 10:20:05 - [MESSAGE][PASSED] - ctdc.utilities.runtestcaseforKatalon.clickTab is PASSED

2021-07-29 10:20:05 - [TEST_STEP][PASSED] - waitForElementClickable(findTestObject("Bento/Cases_page/Filter/Recurrence Score/RecurrScore_Ddn"), 5): Object 'Object Repository/Bento/Cases_page/Filter/Recurrence Score/RecurrScore_Ddn' is clickable

2021-07-29 10:20:05 - [MESSAGE][PASSED] - Object 'Object Repository/Bento/Cases_page/Filter/Recurrence Score/RecurrScore_Ddn' is clickable

2021-07-29 10:20:05 - [TEST_STEP][PASSED] - ctdc.utilities.runtestcaseforKatalon.clickTab("Bento/Cases_page/Filter/Recurrence Score/RecurrScore_Ddn"): ctdc.utilities.runtestcaseforKatalon.clickTab is PASSED

2021-07-29 10:20:05 - [MESSAGE][PASSED] - ctdc.utilities.runtestcaseforKatalon.clickTab is PASSED

2021-07-29 10:20:05 - [TEST_STEP][PASSED] - waitForElementClickable(findTestObject("Bento/Cases_page/Filter/Recurrence Score/51_to_100_Chkbx"), 5): Object 'Object Repository/Bento/Cases_page/Filter/Recurrence Score/51_to_100_Chkbx' is clickable

2021-07-29 10:20:06 - [MESSAGE][PASSED] - Object 'Object Repository/Bento/Cases_page/Filter/Recurrence Score/51_to_100_Chkbx' is clickable

2021-07-29 10:20:06 - [TEST_STEP][PASSED] - ctdc.utilities.runtestcaseforKatalon.clickTab("Bento/Cases_page/Filter/Recurrence Score/51_to_100_Chkbx"): ctdc.utilities.runtestcaseforKatalon.clickTab is PASSED

2021-07-29 10:20:06 - [MESSAGE][PASSED] - ctdc.utilities.runtestcaseforKatalon.clickTab is PASSED

2021-07-29 10:20:06 - [TEST_STEP][PASSED] - ctdc.utilities.runtestcaseforKatalon.clickTab("Bento/Cases_page/Filter/Recurrence Score/RecurrScore_Ddn"): ctdc.utilities.runtestcaseforKatalon.clickTab is PASSED

2021-07-29 10:20:06 - [MESSAGE][PASSED] - ctdc.utilities.runtestcaseforKatalon.clickTab is PASSED

2021-07-29 10:20:06 - [TEST_STEP][PASSED] - ctdc.utilities.runtestcaseforKatalon.readStatBarBento("Object Repository/Bento/StatBar/Bento_StatBar-Programs", "Object Repository/Bento/StatBar/Bento_StatBar-Arms", "Object Repository/Bento/StatBar/Bento_StatBar-Cases", "Object Repository/Bento/StatBar/Bento_StatBar-Samples", "Object Repository/Bento/StatBar/Bento_StatBar-Assays", "Object Repository/Bento/StatBar/Bento_StatBar-Files"): ctdc.utilities.runtestcaseforKatalon.readStatBarBento is PASSED

2021-07-29 10:20:14 - [MESSAGE][PASSED] - ctdc.utilities.runtestcaseforKatalon.readStatBarBento is PASSED

2021-07-29 10:20:14 - [TEST_STEP][PASSED] - waitForElementPresent(findTestObject("Object Repository/Bento/Cases_page/BentoResults_Cases_Tab"), 5): Object 'Object Repository/Bento/Cases_page/BentoResults_Cases_Tab' is present

2021-07-29 10:20:15 - [MESSAGE][PASSED] - Object 'Object Repository/Bento/Cases_page/BentoResults_Cases_Tab' is present

2021-07-29 10:20:15 - [TEST_STEP][PASSED] - ctdc.utilities.runtestcaseforKatalon.clickTab("Object Repository/Bento/Cases_page/BentoResults_Cases_Tab"): ctdc.utilities.runtestcaseforKatalon.clickTab is PASSED

2021-07-29 10:20:15 - [MESSAGE][PASSED] - ctdc.utilities.runtestcaseforKatalon.clickTab is PASSED

2021-07-29 10:20:15 - [TEST_STEP][PASSED] - ctdc.utilities.runtestcaseforKatalon.multiFunction("Bento", G_StatBar_Cases, "Object Repository/Bento/Cases_page/Bento_CasesTable", "Object Repository/Bento/Cases_page/Bento_CasesTableHeader", "Object Repository/Bento/Cases_page/Bento_CasesTabNextBtn", G_WebTabnameCases, G_CypherTabnameCases, G_QueryCasesTab): Statbar Files count matches

2021-07-29 10:20:43 - [MESSAGE][PASSED] - Statbar Programs count matches

2021-07-29 10:20:43 - [MESSAGE][PASSED] - Statbar Arms count matches

2021-07-29 10:20:43 - [MESSAGE][PASSED] - Statbar Cases count matches

2021-07-29 10:20:43 - [MESSAGE][PASSED] - Statbar Samples count matches

2021-07-29 10:20:43 - [MESSAGE][PASSED] - Statbar Assays count matches

2021-07-29 10:20:43 - [MESSAGE][PASSED] - Statbar Files count matches

2021-07-29 10:20:43 - [TEST_STEP][PASSED] - closeBrowser(): Browser is closed

2021-07-29 10:20:44 - [MESSAGE][PASSED] - Browser is closed]]></system-out>
         <system-err><![CDATA[]]></system-err>
      </testcase>
      <system-out><![CDATA[2021-07-29 09:42:14 - [TEST_SUITE][PASSED] - Bento_TestSuite: Test Cases/Bento_TestCases/RecurrenceScore/TC04_Bento_Filter_RecurrScore-51-100]]></system-out>
      <system-err><![CDATA[]]></system-err>
   </testsuite>
</testsuites>
