<?xml version="1.0" encoding="UTF-8"?>
<testsuites name="BentoDev_TestSuite" time="2443.048" tests="5" failures="0" errors="0">
   <testsuite name="BentoDev_TestSuite" tests="5" failures="0" errors="0" time="2443.048" timestamp="2021-01-06 17:08:02" hostname="radhakrishnang2 - NCI-02150368-L.nci.nih.gov" id="Test Suites/BentoDev_TestSuite">
      <properties>
         <property name="deviceName" value=""/>
         <property name="devicePlatform" value=""/>
         <property name="logFolder" value="C:\\Users\\radhakrishnang2\\Desktop\\Commons_Automation\\Reports\\20210106_170747\\BentoDev_TestSuite\\20210106_170747"/>
         <property name="logFiles" value="C:\\Users\\radhakrishnang2\\Desktop\\Commons_Automation\\Reports\\20210106_170747\\BentoDev_TestSuite\\20210106_170747\\execution0.log"/>
         <property name="attachments" value=""/>
         <property name="hostName" value="radhakrishnang2 - NCI-02150368-L.nci.nih.gov"/>
         <property name="os" value="Windows 10 64bit"/>
         <property name="katalonVersion" value="7.7.0.205"/>
         <property name="browser" value="Chrome 87.0.4280.88"/>
         <property name="hostAddress" value="10.242.222.206"/>
         <property name="sessionId" value="b8b6bcc3dfb11f6045ae8aeb161cd496"/>
         <property name="seleniumVersion" value="3.141.59"/>
         <property name="proxyInformation" value="ProxyInformation { proxyOption=NO_PROXY, proxyServerType=HTTP, username=, password=********, proxyServerAddress=, proxyServerPort=0, executionList=&quot;&quot;, isApplyToDesiredCapabilities=true }"/>
         <property name="platform" value="Windows 10"/>
      </properties>
      <testcase name="Test Cases/Bento_TestCases/MultipleFilters/TC01_Bento_MultiFilter_Diagnosis-Recurrence-TumorSize-Chemo_1" time="508.235" classname="Test Cases/Bento_TestCases/MultipleFilters/TC01_Bento_MultiFilter_Diagnosis-Recurrence-TumorSize-Chemo_1" status="PASSED">
         <system-out><![CDATA[2021-01-06 17:08:03 - [TEST_CASE][PASSED] - Test Cases/Bento_TestCases/MultipleFilters/TC01_Bento_MultiFilter_Diagnosis-Recurrence-TumorSize-Chemo_1: Test Cases/Bento_TestCases/MultipleFilters/TC01_Bento_MultiFilter_Diagnosis-Recurrence-TumorSize-Chemo_1

2021-01-06 17:08:07 - [TEST_STEP][PASSED] - closeBrowser(): Browser is closed

2021-01-06 17:08:08 - [MESSAGE][PASSED] - Browser is closed

2021-01-06 17:08:08 - [TEST_STEP][PASSED] - openBrowser(""): Browser is opened with url: ''

2021-01-06 17:08:08 - [MESSAGE][INFO] - Starting 'Chrome (headless)' driver

2021-01-06 17:08:08 - [MESSAGE][INFO] - User set preference: ['args', '[--no-sandbox]']

2021-01-06 17:08:09 - [MESSAGE][INFO] - Action delay is set to 5,000 milliseconds

2021-01-06 17:08:20 - [MESSAGE][PASSED] - Browser is opened with url: ''

2021-01-06 17:08:20 - [TEST_STEP][PASSED] - maximizeWindow(): Current window maximized

2021-01-06 17:08:20 - [MESSAGE][PASSED] - Current window maximized

2021-01-06 17:08:20 - [TEST_STEP][PASSED] - ctdc.utilities.runtestcaseforKatalon.testSetup(""): ctdc.utilities.runtestcaseforKatalon.testSetup is PASSED

2021-01-06 17:08:20 - [MESSAGE][PASSED] - ctdc.utilities.runtestcaseforKatalon.testSetup is PASSED

2021-01-06 17:08:20 - [TEST_STEP][PASSED] - ctdc.utilities.runtestcaseforKatalon.RunKatalon("TC01_Bento_MultiFilter_Diagnosis-Recurrence-TumorSize-Chemo_1.xlsx"): Data loaded from input file for the test case. 

2021-01-06 17:08:21 - [MESSAGE][PASSED] - Test case file loaded This is the full filepath after converting to string :C:\Users\radhakrishnang2\Desktop\Commons_Automation\InputFiles\TC01_Bento_MultiFilter_Diagnosis-Recurrence-TumorSize-Chemo_1.xlsx

2021-01-06 17:08:24 - [MESSAGE][WARNING] - Test object id is null

2021-01-06 17:08:25 - [MESSAGE][INFO] - Global variable set for password file is :  C:\Users\radhakrishnang2\Desktop\Commons_Automation\InputFiles\TC01_Bento_MultiFilter_Diagnosis-Recurrence-TumorSize-Chemo_1.xlsx

2021-01-06 17:08:28 - [MESSAGE][PASSED] - Data loaded from input file for the test case. 

2021-01-06 17:08:41 - [TEST_STEP][PASSED] - click(findTestObject("Bento/NavBar/Bento_Cases-Btn")): Object: 'Object Repository/Bento/NavBar/Bento_Cases-Btn' is clicked on

2021-01-06 17:08:47 - [MESSAGE][PASSED] - Object: 'Object Repository/Bento/NavBar/Bento_Cases-Btn' is clicked on

2021-01-06 17:08:47 - [TEST_STEP][PASSED] - click(findTestObject("Object Repository/Bento/Filter/FilterByCases_Facet")): Object: 'Object Repository/Bento/Filter/FilterByCases_Facet' is clicked on

2021-01-06 17:08:58 - [MESSAGE][PASSED] - Object: 'Object Repository/Bento/Filter/FilterByCases_Facet' is clicked on

2021-01-06 17:08:58 - [TEST_STEP][PASSED] - waitForElementVisible(findTestObject("Bento/Filter/Diagnosis/DIAGNOSIS_Ddn"), 3): Object 'Object Repository/Bento/Filter/Diagnosis/DIAGNOSIS_Ddn' is visible

2021-01-06 17:08:59 - [MESSAGE][PASSED] - Object 'Object Repository/Bento/Filter/Diagnosis/DIAGNOSIS_Ddn' is visible

2021-01-06 17:08:59 - [TEST_STEP][PASSED] - ctdc.utilities.runtestcaseforKatalon.clickTab("Bento/Filter/Diagnosis/DIAGNOSIS_Ddn"): ctdc.utilities.runtestcaseforKatalon.clickTab is PASSED

2021-01-06 17:09:00 - [MESSAGE][PASSED] - ctdc.utilities.runtestcaseforKatalon.clickTab is PASSED

2021-01-06 17:09:00 - [TEST_STEP][PASSED] - ctdc.utilities.runtestcaseforKatalon.clickTab("Bento/Filter/Diagnosis/MedullaryCarcinoma_Chkbx"): ctdc.utilities.runtestcaseforKatalon.clickTab is PASSED

2021-01-06 17:09:02 - [MESSAGE][PASSED] - ctdc.utilities.runtestcaseforKatalon.clickTab is PASSED

2021-01-06 17:09:02 - [TEST_STEP][PASSED] - waitForElementVisible(findTestObject("Object Repository/Bento/Filter/Recurrence Score/RecurrScore_Ddn"), 3): Object 'Object Repository/Bento/Filter/Recurrence Score/RecurrScore_Ddn' is visible

2021-01-06 17:09:03 - [MESSAGE][PASSED] - Object 'Object Repository/Bento/Filter/Recurrence Score/RecurrScore_Ddn' is visible

2021-01-06 17:09:03 - [TEST_STEP][PASSED] - ctdc.utilities.runtestcaseforKatalon.clickTab("Object Repository/Bento/Filter/Recurrence Score/RecurrScore_Ddn"): ctdc.utilities.runtestcaseforKatalon.clickTab is PASSED

2021-01-06 17:09:08 - [MESSAGE][PASSED] - ctdc.utilities.runtestcaseforKatalon.clickTab is PASSED

2021-01-06 17:09:08 - [TEST_STEP][PASSED] - ctdc.utilities.runtestcaseforKatalon.clickTab("Object Repository/Bento/Filter/Recurrence Score/16_to_20_Chkbx"): ctdc.utilities.runtestcaseforKatalon.clickTab is PASSED

2021-01-06 17:09:09 - [MESSAGE][PASSED] - ctdc.utilities.runtestcaseforKatalon.clickTab is PASSED

2021-01-06 17:09:09 - [TEST_STEP][PASSED] - waitForElementVisible(findTestObject("Object Repository/Bento/Filter/TumorSize/TumorSize_Ddn"), 3): Object 'Object Repository/Bento/Filter/TumorSize/TumorSize_Ddn' is visible

2021-01-06 17:09:12 - [MESSAGE][PASSED] - Object 'Object Repository/Bento/Filter/TumorSize/TumorSize_Ddn' is visible

2021-01-06 17:09:12 - [TEST_STEP][PASSED] - ctdc.utilities.runtestcaseforKatalon.clickTab("Object Repository/Bento/Filter/TumorSize/TumorSize_Ddn"): ctdc.utilities.runtestcaseforKatalon.clickTab is PASSED

2021-01-06 17:09:14 - [MESSAGE][PASSED] - ctdc.utilities.runtestcaseforKatalon.clickTab is PASSED

2021-01-06 17:09:14 - [TEST_STEP][PASSED] - ctdc.utilities.runtestcaseforKatalon.clickTab("Object Repository/Bento/Filter/TumorSize/2_to_3_Chkbx"): ctdc.utilities.runtestcaseforKatalon.clickTab is PASSED

2021-01-06 17:09:15 - [MESSAGE][PASSED] - ctdc.utilities.runtestcaseforKatalon.clickTab is PASSED

2021-01-06 17:09:15 - [TEST_STEP][PASSED] - waitForElementVisible(findTestObject("Object Repository/Bento/Filter/Chemotherapy/Chemotherapy_Ddn"), 3): Object 'Object Repository/Bento/Filter/Chemotherapy/Chemotherapy_Ddn' is visible

2021-01-06 17:09:19 - [MESSAGE][PASSED] - Object 'Object Repository/Bento/Filter/Chemotherapy/Chemotherapy_Ddn' is visible

2021-01-06 17:09:19 - [TEST_STEP][PASSED] - ctdc.utilities.runtestcaseforKatalon.clickTab("Object Repository/Bento/Filter/Chemotherapy/Chemotherapy_Ddn"): ctdc.utilities.runtestcaseforKatalon.clickTab is PASSED

2021-01-06 17:09:21 - [MESSAGE][PASSED] - ctdc.utilities.runtestcaseforKatalon.clickTab is PASSED

2021-01-06 17:09:21 - [TEST_STEP][PASSED] - ctdc.utilities.runtestcaseforKatalon.clickTab("Object Repository/Bento/Filter/Chemotherapy/FEC3WkCycle_Chkbx"): ctdc.utilities.runtestcaseforKatalon.clickTab is PASSED

2021-01-06 17:09:22 - [MESSAGE][PASSED] - ctdc.utilities.runtestcaseforKatalon.clickTab is PASSED

2021-01-06 17:09:22 - [TEST_STEP][PASSED] - ctdc.utilities.runtestcaseforKatalon.readStatBarBento("Object Repository/Bento/StatBar/Bento_StatBar-Programs", "Object Repository/Bento/StatBar/Bento_StatBar-Arms", "Object Repository/Bento/StatBar/Bento_StatBar-Cases", "Object Repository/Bento/StatBar/Bento_StatBar-Samples", "Object Repository/Bento/StatBar/Bento_StatBar-Assays", "Object Repository/Bento/StatBar/Bento_StatBar-Files"): ctdc.utilities.runtestcaseforKatalon.readStatBarBento is PASSED

2021-01-06 17:09:29 - [MESSAGE][PASSED] - ctdc.utilities.runtestcaseforKatalon.readStatBarBento is PASSED

2021-01-06 17:09:29 - [TEST_STEP][PASSED] - waitForElementPresent(findTestObject("Bento/BentoResults_Cases_Tab"), 5): Object 'Object Repository/Bento/BentoResults_Cases_Tab' is present

2021-01-06 17:09:30 - [MESSAGE][PASSED] - Object 'Object Repository/Bento/BentoResults_Cases_Tab' is present

2021-01-06 17:09:30 - [TEST_STEP][PASSED] - ctdc.utilities.runtestcaseforKatalon.clickTab("Bento/BentoResults_Cases_Tab"): ctdc.utilities.runtestcaseforKatalon.clickTab is PASSED

2021-01-06 17:09:31 - [MESSAGE][PASSED] - ctdc.utilities.runtestcaseforKatalon.clickTab is PASSED

2021-01-06 17:09:31 - [TEST_STEP][PASSED] - ctdc.utilities.runtestcaseforKatalon.multiFunction(G_StatBar_Cases, "Object Repository/Bento/Bento_CasesTable", "Object Repository/Bento/Bento_CasesTableHeader", "Object Repository/Bento/Bento_CasesTabNextBtn", G_WebTabnameCases, G_CypherTabnameCases, G_QueryCasesTab): Statbar Files count matches

2021-01-06 17:10:49 - [MESSAGE][PASSED] - Statbar Programs count matches

2021-01-06 17:10:49 - [MESSAGE][PASSED] - Statbar Arms count matches

2021-01-06 17:10:49 - [MESSAGE][PASSED] - Statbar Cases count matches

2021-01-06 17:10:49 - [MESSAGE][PASSED] - Statbar Samples count matches

2021-01-06 17:10:49 - [MESSAGE][PASSED] - Statbar Assays count matches

2021-01-06 17:10:49 - [MESSAGE][PASSED] - Statbar Files count matches

2021-01-06 17:10:49 - [TEST_STEP][PASSED] - waitForElementPresent(findTestObject("Bento/BentoResults_Samples_Tab"), 5): Object 'Object Repository/Bento/BentoResults_Samples_Tab' is present

2021-01-06 17:10:49 - [MESSAGE][PASSED] - Object 'Object Repository/Bento/BentoResults_Samples_Tab' is present

2021-01-06 17:10:49 - [TEST_STEP][PASSED] - ctdc.utilities.runtestcaseforKatalon.clickTab("Object Repository/Bento/BentoResults_Samples_Tab"): ctdc.utilities.runtestcaseforKatalon.clickTab is PASSED

2021-01-06 17:10:51 - [MESSAGE][PASSED] - ctdc.utilities.runtestcaseforKatalon.clickTab is PASSED

2021-01-06 17:10:51 - [TEST_STEP][PASSED] - ctdc.utilities.runtestcaseforKatalon.multiFunction(G_StatBar_Samples, "Object Repository/Bento/Bento_SamplesTable", "Object Repository/Bento/Bento_SamplesTableHeader", "Object Repository/Bento/Bento_SamplesTabNextBtn", G_WebTabnameSamples, G_CypherTabnameSamples, G_QuerySamplesTab): Statbar Files count matches

2021-01-06 17:12:38 - [MESSAGE][PASSED] - Statbar Programs count matches

2021-01-06 17:12:38 - [MESSAGE][PASSED] - Statbar Arms count matches

2021-01-06 17:12:38 - [MESSAGE][PASSED] - Statbar Cases count matches

2021-01-06 17:12:38 - [MESSAGE][PASSED] - Statbar Samples count matches

2021-01-06 17:12:38 - [MESSAGE][PASSED] - Statbar Assays count matches

2021-01-06 17:12:38 - [MESSAGE][PASSED] - Statbar Files count matches

2021-01-06 17:12:38 - [TEST_STEP][PASSED] - waitForElementPresent(findTestObject("Bento/BentoResults_Files_Tab"), 5): Object 'Object Repository/Bento/BentoResults_Files_Tab' is present

2021-01-06 17:12:39 - [MESSAGE][PASSED] - Object 'Object Repository/Bento/BentoResults_Files_Tab' is present

2021-01-06 17:12:39 - [TEST_STEP][PASSED] - ctdc.utilities.runtestcaseforKatalon.clickTab("Object Repository/Bento/BentoResults_Files_Tab"): ctdc.utilities.runtestcaseforKatalon.clickTab is PASSED

2021-01-06 17:12:41 - [MESSAGE][PASSED] - ctdc.utilities.runtestcaseforKatalon.clickTab is PASSED

2021-01-06 17:12:41 - [TEST_STEP][PASSED] - ctdc.utilities.runtestcaseforKatalon.multiFunction(G_StatBar_Files, "Object Repository/Bento/Bento_FilesTable", "Object Repository/Bento/Bento_FilesTableHeader", "Object Repository/Bento/Bento_FilesTabNextBtn", G_WebTabnameFiles, G_CypherTabnameFiles, G_QueryFilesTab): Statbar Files count matches

2021-01-06 17:16:31 - [MESSAGE][PASSED] - Statbar Programs count matches

2021-01-06 17:16:31 - [MESSAGE][PASSED] - Statbar Arms count matches

2021-01-06 17:16:31 - [MESSAGE][PASSED] - Statbar Cases count matches

2021-01-06 17:16:31 - [MESSAGE][PASSED] - Statbar Samples count matches

2021-01-06 17:16:31 - [MESSAGE][PASSED] - Statbar Assays count matches

2021-01-06 17:16:31 - [MESSAGE][PASSED] - Statbar Files count matches]]></system-out>
         <system-err><![CDATA[]]></system-err>
      </testcase>
      <testcase name="Test Cases/Bento_TestCases/MultipleFilters/TC02_Bento_MultiFilter_Diagnosis-Recurrence-TumorSize-Chemo_2" time="352.134" classname="Test Cases/Bento_TestCases/MultipleFilters/TC02_Bento_MultiFilter_Diagnosis-Recurrence-TumorSize-Chemo_2" status="PASSED">
         <system-out><![CDATA[2021-01-06 17:16:31 - [TEST_CASE][PASSED] - Test Cases/Bento_TestCases/MultipleFilters/TC02_Bento_MultiFilter_Diagnosis-Recurrence-TumorSize-Chemo_2: Test Cases/Bento_TestCases/MultipleFilters/TC02_Bento_MultiFilter_Diagnosis-Recurrence-TumorSize-Chemo_2

2021-01-06 17:16:35 - [TEST_STEP][PASSED] - closeBrowser(): Browser is closed

2021-01-06 17:16:37 - [MESSAGE][PASSED] - Browser is closed

2021-01-06 17:16:37 - [TEST_STEP][PASSED] - openBrowser(""): Browser is opened with url: ''

2021-01-06 17:16:37 - [MESSAGE][INFO] - Starting 'Chrome (headless)' driver

2021-01-06 17:16:37 - [MESSAGE][INFO] - User set preference: ['args', '[--no-sandbox]']

2021-01-06 17:16:37 - [MESSAGE][INFO] - Action delay is set to 5,000 milliseconds

2021-01-06 17:16:41 - [MESSAGE][PASSED] - Browser is opened with url: ''

2021-01-06 17:16:41 - [TEST_STEP][PASSED] - maximizeWindow(): Current window maximized

2021-01-06 17:16:41 - [MESSAGE][PASSED] - Current window maximized

2021-01-06 17:16:41 - [TEST_STEP][PASSED] - ctdc.utilities.runtestcaseforKatalon.testSetup(""): ctdc.utilities.runtestcaseforKatalon.testSetup is PASSED

2021-01-06 17:16:41 - [MESSAGE][PASSED] - ctdc.utilities.runtestcaseforKatalon.testSetup is PASSED

2021-01-06 17:16:41 - [TEST_STEP][PASSED] - ctdc.utilities.runtestcaseforKatalon.RunKatalon("TC02_Bento_MultiFilter_Diagnosis-Recurrence-TumorSize-Chemo_2.xlsx"): Data loaded from input file for the test case. 

2021-01-06 17:16:41 - [MESSAGE][PASSED] - Test case file loaded This is the full filepath after converting to string :C:\Users\radhakrishnang2\Desktop\Commons_Automation\InputFiles\TC02_Bento_MultiFilter_Diagnosis-Recurrence-TumorSize-Chemo_2.xlsx

2021-01-06 17:16:41 - [MESSAGE][INFO] - Global variable set for password file is :  C:\Users\radhakrishnang2\Desktop\Commons_Automation\InputFiles\TC02_Bento_MultiFilter_Diagnosis-Recurrence-TumorSize-Chemo_2.xlsx

2021-01-06 17:16:41 - [MESSAGE][PASSED] - Data loaded from input file for the test case. 

2021-01-06 17:16:52 - [TEST_STEP][PASSED] - click(findTestObject("Bento/NavBar/Bento_Cases-Btn")): Object: 'Object Repository/Bento/NavBar/Bento_Cases-Btn' is clicked on

2021-01-06 17:16:58 - [MESSAGE][PASSED] - Object: 'Object Repository/Bento/NavBar/Bento_Cases-Btn' is clicked on

2021-01-06 17:16:58 - [TEST_STEP][PASSED] - click(findTestObject("Object Repository/Bento/Filter/FilterByCases_Facet")): Object: 'Object Repository/Bento/Filter/FilterByCases_Facet' is clicked on

2021-01-06 17:17:07 - [MESSAGE][PASSED] - Object: 'Object Repository/Bento/Filter/FilterByCases_Facet' is clicked on

2021-01-06 17:17:07 - [TEST_STEP][PASSED] - waitForElementVisible(findTestObject("Bento/Filter/Diagnosis/DIAGNOSIS_Ddn"), 3): Object 'Object Repository/Bento/Filter/Diagnosis/DIAGNOSIS_Ddn' is visible

2021-01-06 17:17:08 - [MESSAGE][PASSED] - Object 'Object Repository/Bento/Filter/Diagnosis/DIAGNOSIS_Ddn' is visible

2021-01-06 17:17:08 - [TEST_STEP][PASSED] - ctdc.utilities.runtestcaseforKatalon.clickTab("Bento/Filter/Diagnosis/DIAGNOSIS_Ddn"): ctdc.utilities.runtestcaseforKatalon.clickTab is PASSED

2021-01-06 17:17:09 - [MESSAGE][PASSED] - ctdc.utilities.runtestcaseforKatalon.clickTab is PASSED

2021-01-06 17:17:09 - [TEST_STEP][PASSED] - ctdc.utilities.runtestcaseforKatalon.clickTab("Bento/Filter/Diagnosis/MedullaryCarcinoma_Chkbx"): ctdc.utilities.runtestcaseforKatalon.clickTab is PASSED

2021-01-06 17:17:10 - [MESSAGE][PASSED] - ctdc.utilities.runtestcaseforKatalon.clickTab is PASSED

2021-01-06 17:17:10 - [TEST_STEP][PASSED] - waitForElementVisible(findTestObject("Object Repository/Bento/Filter/Recurrence Score/RecurrScore_Ddn"), 3): Object 'Object Repository/Bento/Filter/Recurrence Score/RecurrScore_Ddn' is visible

2021-01-06 17:17:13 - [MESSAGE][PASSED] - Object 'Object Repository/Bento/Filter/Recurrence Score/RecurrScore_Ddn' is visible

2021-01-06 17:17:13 - [TEST_STEP][PASSED] - ctdc.utilities.runtestcaseforKatalon.clickTab("Object Repository/Bento/Filter/Recurrence Score/RecurrScore_Ddn"): ctdc.utilities.runtestcaseforKatalon.clickTab is PASSED

2021-01-06 17:17:15 - [MESSAGE][PASSED] - ctdc.utilities.runtestcaseforKatalon.clickTab is PASSED

2021-01-06 17:17:15 - [TEST_STEP][PASSED] - ctdc.utilities.runtestcaseforKatalon.clickTab("Object Repository/Bento/Filter/Recurrence Score/16_to_20_Chkbx"): ctdc.utilities.runtestcaseforKatalon.clickTab is PASSED

2021-01-06 17:17:16 - [MESSAGE][PASSED] - ctdc.utilities.runtestcaseforKatalon.clickTab is PASSED

2021-01-06 17:17:16 - [TEST_STEP][PASSED] - waitForElementVisible(findTestObject("Object Repository/Bento/Filter/TumorSize/TumorSize_Ddn"), 3): Object 'Object Repository/Bento/Filter/TumorSize/TumorSize_Ddn' is visible

2021-01-06 17:17:20 - [MESSAGE][PASSED] - Object 'Object Repository/Bento/Filter/TumorSize/TumorSize_Ddn' is visible

2021-01-06 17:17:20 - [TEST_STEP][PASSED] - ctdc.utilities.runtestcaseforKatalon.clickTab("Object Repository/Bento/Filter/TumorSize/TumorSize_Ddn"): ctdc.utilities.runtestcaseforKatalon.clickTab is PASSED

2021-01-06 17:17:21 - [MESSAGE][PASSED] - ctdc.utilities.runtestcaseforKatalon.clickTab is PASSED

2021-01-06 17:17:21 - [TEST_STEP][PASSED] - ctdc.utilities.runtestcaseforKatalon.clickTab("Object Repository/Bento/Filter/TumorSize/2_to_3_Chkbx"): ctdc.utilities.runtestcaseforKatalon.clickTab is PASSED

2021-01-06 17:17:22 - [MESSAGE][PASSED] - ctdc.utilities.runtestcaseforKatalon.clickTab is PASSED

2021-01-06 17:17:22 - [TEST_STEP][PASSED] - waitForElementVisible(findTestObject("Object Repository/Bento/Filter/Chemotherapy/Chemotherapy_Ddn"), 3): Object 'Object Repository/Bento/Filter/Chemotherapy/Chemotherapy_Ddn' is visible

2021-01-06 17:17:25 - [MESSAGE][PASSED] - Object 'Object Repository/Bento/Filter/Chemotherapy/Chemotherapy_Ddn' is visible

2021-01-06 17:17:25 - [TEST_STEP][PASSED] - ctdc.utilities.runtestcaseforKatalon.clickTab("Object Repository/Bento/Filter/Chemotherapy/Chemotherapy_Ddn"): ctdc.utilities.runtestcaseforKatalon.clickTab is PASSED

2021-01-06 17:17:26 - [MESSAGE][PASSED] - ctdc.utilities.runtestcaseforKatalon.clickTab is PASSED

2021-01-06 17:17:26 - [TEST_STEP][PASSED] - ctdc.utilities.runtestcaseforKatalon.clickTab("Object Repository/Bento/Filter/Chemotherapy/IVCMF-3WkCycle_Chkbx"): ctdc.utilities.runtestcaseforKatalon.clickTab is PASSED

2021-01-06 17:17:27 - [MESSAGE][PASSED] - ctdc.utilities.runtestcaseforKatalon.clickTab is PASSED

2021-01-06 17:17:27 - [TEST_STEP][PASSED] - ctdc.utilities.runtestcaseforKatalon.readStatBarBento("Object Repository/Bento/StatBar/Bento_StatBar-Programs", "Object Repository/Bento/StatBar/Bento_StatBar-Arms", "Object Repository/Bento/StatBar/Bento_StatBar-Cases", "Object Repository/Bento/StatBar/Bento_StatBar-Samples", "Object Repository/Bento/StatBar/Bento_StatBar-Assays", "Object Repository/Bento/StatBar/Bento_StatBar-Files"): ctdc.utilities.runtestcaseforKatalon.readStatBarBento is PASSED

2021-01-06 17:17:34 - [MESSAGE][PASSED] - ctdc.utilities.runtestcaseforKatalon.readStatBarBento is PASSED

2021-01-06 17:17:34 - [TEST_STEP][PASSED] - waitForElementPresent(findTestObject("Bento/BentoResults_Cases_Tab"), 5): Object 'Object Repository/Bento/BentoResults_Cases_Tab' is present

2021-01-06 17:17:34 - [MESSAGE][PASSED] - Object 'Object Repository/Bento/BentoResults_Cases_Tab' is present

2021-01-06 17:17:34 - [TEST_STEP][PASSED] - ctdc.utilities.runtestcaseforKatalon.clickTab("Bento/BentoResults_Cases_Tab"): ctdc.utilities.runtestcaseforKatalon.clickTab is PASSED

2021-01-06 17:17:36 - [MESSAGE][PASSED] - ctdc.utilities.runtestcaseforKatalon.clickTab is PASSED

2021-01-06 17:17:36 - [TEST_STEP][PASSED] - ctdc.utilities.runtestcaseforKatalon.multiFunction(G_StatBar_Cases, "Object Repository/Bento/Bento_CasesTable", "Object Repository/Bento/Bento_CasesTableHeader", "Object Repository/Bento/Bento_CasesTabNextBtn", G_WebTabnameCases, G_CypherTabnameCases, G_QueryCasesTab): Statbar Files count matches

2021-01-06 17:18:24 - [MESSAGE][PASSED] - Statbar Programs count matches

2021-01-06 17:18:24 - [MESSAGE][PASSED] - Statbar Arms count matches

2021-01-06 17:18:24 - [MESSAGE][PASSED] - Statbar Cases count matches

2021-01-06 17:18:24 - [MESSAGE][PASSED] - Statbar Samples count matches

2021-01-06 17:18:24 - [MESSAGE][PASSED] - Statbar Assays count matches

2021-01-06 17:18:24 - [MESSAGE][PASSED] - Statbar Files count matches

2021-01-06 17:18:24 - [TEST_STEP][PASSED] - waitForElementPresent(findTestObject("Bento/BentoResults_Samples_Tab"), 5): Object 'Object Repository/Bento/BentoResults_Samples_Tab' is present

2021-01-06 17:18:25 - [MESSAGE][PASSED] - Object 'Object Repository/Bento/BentoResults_Samples_Tab' is present

2021-01-06 17:18:25 - [TEST_STEP][PASSED] - ctdc.utilities.runtestcaseforKatalon.clickTab("Object Repository/Bento/BentoResults_Samples_Tab"): ctdc.utilities.runtestcaseforKatalon.clickTab is PASSED

2021-01-06 17:18:26 - [MESSAGE][PASSED] - ctdc.utilities.runtestcaseforKatalon.clickTab is PASSED

2021-01-06 17:18:26 - [TEST_STEP][PASSED] - ctdc.utilities.runtestcaseforKatalon.multiFunction(G_StatBar_Samples, "Object Repository/Bento/Bento_SamplesTable", "Object Repository/Bento/Bento_SamplesTableHeader", "Object Repository/Bento/Bento_SamplesTabNextBtn", G_WebTabnameSamples, G_CypherTabnameSamples, G_QuerySamplesTab): Statbar Files count matches

2021-01-06 17:19:41 - [MESSAGE][PASSED] - Statbar Programs count matches

2021-01-06 17:19:41 - [MESSAGE][PASSED] - Statbar Arms count matches

2021-01-06 17:19:41 - [MESSAGE][PASSED] - Statbar Cases count matches

2021-01-06 17:19:41 - [MESSAGE][PASSED] - Statbar Samples count matches

2021-01-06 17:19:41 - [MESSAGE][PASSED] - Statbar Assays count matches

2021-01-06 17:19:41 - [MESSAGE][PASSED] - Statbar Files count matches

2021-01-06 17:19:41 - [TEST_STEP][PASSED] - waitForElementPresent(findTestObject("Bento/BentoResults_Files_Tab"), 5): Object 'Object Repository/Bento/BentoResults_Files_Tab' is present

2021-01-06 17:19:42 - [MESSAGE][PASSED] - Object 'Object Repository/Bento/BentoResults_Files_Tab' is present

2021-01-06 17:19:42 - [TEST_STEP][PASSED] - ctdc.utilities.runtestcaseforKatalon.clickTab("Object Repository/Bento/BentoResults_Files_Tab"): ctdc.utilities.runtestcaseforKatalon.clickTab is PASSED

2021-01-06 17:19:43 - [MESSAGE][PASSED] - ctdc.utilities.runtestcaseforKatalon.clickTab is PASSED

2021-01-06 17:19:43 - [TEST_STEP][PASSED] - ctdc.utilities.runtestcaseforKatalon.multiFunction(G_StatBar_Files, "Object Repository/Bento/Bento_FilesTable", "Object Repository/Bento/Bento_FilesTableHeader", "Object Repository/Bento/Bento_FilesTabNextBtn", G_WebTabnameFiles, G_CypherTabnameFiles, G_QueryFilesTab): Statbar Files count matches

2021-01-06 17:22:23 - [MESSAGE][PASSED] - Statbar Programs count matches

2021-01-06 17:22:23 - [MESSAGE][PASSED] - Statbar Arms count matches

2021-01-06 17:22:23 - [MESSAGE][PASSED] - Statbar Cases count matches

2021-01-06 17:22:23 - [MESSAGE][PASSED] - Statbar Samples count matches

2021-01-06 17:22:23 - [MESSAGE][PASSED] - Statbar Assays count matches

2021-01-06 17:22:23 - [MESSAGE][PASSED] - Statbar Files count matches]]></system-out>
         <system-err><![CDATA[]]></system-err>
      </testcase>
      <testcase name="Test Cases/Bento_TestCases/MultipleFilters/TC03_Bento_MultiFilter_Diagnosis-Recurrence-TumorSize-TumorGrade" time="948.904" classname="Test Cases/Bento_TestCases/MultipleFilters/TC03_Bento_MultiFilter_Diagnosis-Recurrence-TumorSize-TumorGrade" status="PASSED">
         <system-out><![CDATA[2021-01-06 17:22:23 - [TEST_CASE][PASSED] - Test Cases/Bento_TestCases/MultipleFilters/TC03_Bento_MultiFilter_Diagnosis-Recurrence-TumorSize-TumorGrade: Test Cases/Bento_TestCases/MultipleFilters/TC03_Bento_MultiFilter_Diagnosis-Recurrence-TumorSize-TumorGrade

2021-01-06 17:22:28 - [TEST_STEP][PASSED] - closeBrowser(): Browser is closed

2021-01-06 17:22:30 - [MESSAGE][PASSED] - Browser is closed

2021-01-06 17:22:30 - [TEST_STEP][PASSED] - openBrowser(""): Browser is opened with url: ''

2021-01-06 17:22:30 - [MESSAGE][INFO] - Starting 'Chrome (headless)' driver

2021-01-06 17:22:30 - [MESSAGE][INFO] - User set preference: ['args', '[--no-sandbox]']

2021-01-06 17:22:30 - [MESSAGE][INFO] - Action delay is set to 5,000 milliseconds

2021-01-06 17:22:34 - [MESSAGE][PASSED] - Browser is opened with url: ''

2021-01-06 17:22:34 - [TEST_STEP][PASSED] - maximizeWindow(): Current window maximized

2021-01-06 17:22:34 - [MESSAGE][PASSED] - Current window maximized

2021-01-06 17:22:34 - [TEST_STEP][PASSED] - ctdc.utilities.runtestcaseforKatalon.testSetup(""): ctdc.utilities.runtestcaseforKatalon.testSetup is PASSED

2021-01-06 17:22:34 - [MESSAGE][PASSED] - ctdc.utilities.runtestcaseforKatalon.testSetup is PASSED

2021-01-06 17:22:34 - [TEST_STEP][PASSED] - ctdc.utilities.runtestcaseforKatalon.RunKatalon("TC03_Bento_MultiFilter_Diagnosis-Recurrence-TumorSize-TumorGrade.xlsx"): Data loaded from input file for the test case. 

2021-01-06 17:22:34 - [MESSAGE][PASSED] - Test case file loaded This is the full filepath after converting to string :C:\Users\radhakrishnang2\Desktop\Commons_Automation\InputFiles\TC03_Bento_MultiFilter_Diagnosis-Recurrence-TumorSize-TumorGrade.xlsx

2021-01-06 17:22:34 - [MESSAGE][INFO] - Global variable set for password file is :  C:\Users\radhakrishnang2\Desktop\Commons_Automation\InputFiles\TC03_Bento_MultiFilter_Diagnosis-Recurrence-TumorSize-TumorGrade.xlsx

2021-01-06 17:22:34 - [MESSAGE][PASSED] - Data loaded from input file for the test case. 

2021-01-06 17:22:45 - [TEST_STEP][PASSED] - click(findTestObject("Bento/NavBar/Bento_Cases-Btn")): Object: 'Object Repository/Bento/NavBar/Bento_Cases-Btn' is clicked on

2021-01-06 17:22:51 - [MESSAGE][PASSED] - Object: 'Object Repository/Bento/NavBar/Bento_Cases-Btn' is clicked on

2021-01-06 17:22:51 - [TEST_STEP][PASSED] - click(findTestObject("Object Repository/Bento/Filter/FilterByCases_Facet")): Object: 'Object Repository/Bento/Filter/FilterByCases_Facet' is clicked on

2021-01-06 17:23:02 - [MESSAGE][PASSED] - Object: 'Object Repository/Bento/Filter/FilterByCases_Facet' is clicked on

2021-01-06 17:23:02 - [TEST_STEP][PASSED] - waitForElementVisible(findTestObject("Bento/Filter/Diagnosis/DIAGNOSIS_Ddn"), 3): Object 'Object Repository/Bento/Filter/Diagnosis/DIAGNOSIS_Ddn' is visible

2021-01-06 17:23:03 - [MESSAGE][PASSED] - Object 'Object Repository/Bento/Filter/Diagnosis/DIAGNOSIS_Ddn' is visible

2021-01-06 17:23:03 - [TEST_STEP][PASSED] - ctdc.utilities.runtestcaseforKatalon.clickTab("Bento/Filter/Diagnosis/DIAGNOSIS_Ddn"): ctdc.utilities.runtestcaseforKatalon.clickTab is PASSED

2021-01-06 17:23:04 - [MESSAGE][PASSED] - ctdc.utilities.runtestcaseforKatalon.clickTab is PASSED

2021-01-06 17:23:04 - [TEST_STEP][PASSED] - ctdc.utilities.runtestcaseforKatalon.clickTab("Bento/Filter/Diagnosis/MedullaryCarcinoma_Chkbx"): ctdc.utilities.runtestcaseforKatalon.clickTab is PASSED

2021-01-06 17:23:05 - [MESSAGE][PASSED] - ctdc.utilities.runtestcaseforKatalon.clickTab is PASSED

2021-01-06 17:23:05 - [TEST_STEP][PASSED] - waitForElementVisible(findTestObject("Object Repository/Bento/Filter/Recurrence Score/RecurrScore_Ddn"), 3): Object 'Object Repository/Bento/Filter/Recurrence Score/RecurrScore_Ddn' is visible

2021-01-06 17:23:09 - [MESSAGE][PASSED] - Object 'Object Repository/Bento/Filter/Recurrence Score/RecurrScore_Ddn' is visible

2021-01-06 17:23:09 - [TEST_STEP][PASSED] - ctdc.utilities.runtestcaseforKatalon.clickTab("Object Repository/Bento/Filter/Recurrence Score/RecurrScore_Ddn"): ctdc.utilities.runtestcaseforKatalon.clickTab is PASSED

2021-01-06 17:23:11 - [MESSAGE][PASSED] - ctdc.utilities.runtestcaseforKatalon.clickTab is PASSED

2021-01-06 17:23:11 - [TEST_STEP][PASSED] - ctdc.utilities.runtestcaseforKatalon.clickTab("Object Repository/Bento/Filter/Recurrence Score/16_to_20_Chkbx"): ctdc.utilities.runtestcaseforKatalon.clickTab is PASSED

2021-01-06 17:23:12 - [MESSAGE][PASSED] - ctdc.utilities.runtestcaseforKatalon.clickTab is PASSED

2021-01-06 17:23:12 - [TEST_STEP][PASSED] - waitForElementVisible(findTestObject("Object Repository/Bento/Filter/TumorSize/TumorSize_Ddn"), 3): Object 'Object Repository/Bento/Filter/TumorSize/TumorSize_Ddn' is visible

2021-01-06 17:23:13 - [MESSAGE][PASSED] - Object 'Object Repository/Bento/Filter/TumorSize/TumorSize_Ddn' is visible

2021-01-06 17:23:13 - [TEST_STEP][PASSED] - ctdc.utilities.runtestcaseforKatalon.clickTab("Object Repository/Bento/Filter/TumorSize/TumorSize_Ddn"): ctdc.utilities.runtestcaseforKatalon.clickTab is PASSED

2021-01-06 17:23:18 - [MESSAGE][PASSED] - ctdc.utilities.runtestcaseforKatalon.clickTab is PASSED

2021-01-06 17:23:18 - [TEST_STEP][PASSED] - ctdc.utilities.runtestcaseforKatalon.clickTab("Object Repository/Bento/Filter/TumorSize/2_to_3_Chkbx"): ctdc.utilities.runtestcaseforKatalon.clickTab is PASSED

2021-01-06 17:23:19 - [MESSAGE][PASSED] - ctdc.utilities.runtestcaseforKatalon.clickTab is PASSED

2021-01-06 17:23:19 - [TEST_STEP][PASSED] - waitForElementVisible(findTestObject("Object Repository/Bento/Filter/TumorGrade/TumorGrade_Ddn"), 3): Object 'Object Repository/Bento/Filter/TumorGrade/TumorGrade_Ddn' is visible

2021-01-06 17:23:23 - [MESSAGE][PASSED] - Object 'Object Repository/Bento/Filter/TumorGrade/TumorGrade_Ddn' is visible

2021-01-06 17:23:23 - [TEST_STEP][PASSED] - ctdc.utilities.runtestcaseforKatalon.clickTab("Object Repository/Bento/Filter/TumorGrade/TumorGrade_Ddn"): ctdc.utilities.runtestcaseforKatalon.clickTab is PASSED

2021-01-06 17:23:24 - [MESSAGE][PASSED] - ctdc.utilities.runtestcaseforKatalon.clickTab is PASSED

2021-01-06 17:23:24 - [TEST_STEP][PASSED] - ctdc.utilities.runtestcaseforKatalon.clickTab("Object Repository/Bento/Filter/TumorGrade/NotReported_Chkbx"): ctdc.utilities.runtestcaseforKatalon.clickTab is PASSED

2021-01-06 17:23:25 - [MESSAGE][PASSED] - ctdc.utilities.runtestcaseforKatalon.clickTab is PASSED

2021-01-06 17:23:25 - [TEST_STEP][PASSED] - ctdc.utilities.runtestcaseforKatalon.readStatBarBento("Object Repository/Bento/StatBar/Bento_StatBar-Programs", "Object Repository/Bento/StatBar/Bento_StatBar-Arms", "Object Repository/Bento/StatBar/Bento_StatBar-Cases", "Object Repository/Bento/StatBar/Bento_StatBar-Samples", "Object Repository/Bento/StatBar/Bento_StatBar-Assays", "Object Repository/Bento/StatBar/Bento_StatBar-Files"): ctdc.utilities.runtestcaseforKatalon.readStatBarBento is PASSED

2021-01-06 17:23:32 - [MESSAGE][PASSED] - ctdc.utilities.runtestcaseforKatalon.readStatBarBento is PASSED

2021-01-06 17:23:32 - [TEST_STEP][PASSED] - waitForElementPresent(findTestObject("Bento/BentoResults_Cases_Tab"), 5): Object 'Object Repository/Bento/BentoResults_Cases_Tab' is present

2021-01-06 17:23:33 - [MESSAGE][PASSED] - Object 'Object Repository/Bento/BentoResults_Cases_Tab' is present

2021-01-06 17:23:33 - [TEST_STEP][PASSED] - ctdc.utilities.runtestcaseforKatalon.clickTab("Bento/BentoResults_Cases_Tab"): ctdc.utilities.runtestcaseforKatalon.clickTab is PASSED

2021-01-06 17:23:34 - [MESSAGE][PASSED] - ctdc.utilities.runtestcaseforKatalon.clickTab is PASSED

2021-01-06 17:23:34 - [TEST_STEP][PASSED] - ctdc.utilities.runtestcaseforKatalon.multiFunction(G_StatBar_Cases, "Object Repository/Bento/Bento_CasesTable", "Object Repository/Bento/Bento_CasesTableHeader", "Object Repository/Bento/Bento_CasesTabNextBtn", G_WebTabnameCases, G_CypherTabnameCases, G_QueryCasesTab): Statbar Files count matches

2021-01-06 17:25:59 - [MESSAGE][PASSED] - Statbar Programs count matches

2021-01-06 17:25:59 - [MESSAGE][PASSED] - Statbar Arms count matches

2021-01-06 17:25:59 - [MESSAGE][PASSED] - Statbar Cases count matches

2021-01-06 17:25:59 - [MESSAGE][PASSED] - Statbar Samples count matches

2021-01-06 17:25:59 - [MESSAGE][PASSED] - Statbar Assays count matches

2021-01-06 17:25:59 - [MESSAGE][PASSED] - Statbar Files count matches

2021-01-06 17:25:59 - [TEST_STEP][PASSED] - waitForElementPresent(findTestObject("Bento/BentoResults_Samples_Tab"), 5): Object 'Object Repository/Bento/BentoResults_Samples_Tab' is present

2021-01-06 17:25:59 - [MESSAGE][PASSED] - Object 'Object Repository/Bento/BentoResults_Samples_Tab' is present

2021-01-06 17:25:59 - [TEST_STEP][PASSED] - ctdc.utilities.runtestcaseforKatalon.clickTab("Object Repository/Bento/BentoResults_Samples_Tab"): ctdc.utilities.runtestcaseforKatalon.clickTab is PASSED

2021-01-06 17:26:01 - [MESSAGE][PASSED] - ctdc.utilities.runtestcaseforKatalon.clickTab is PASSED

2021-01-06 17:26:01 - [TEST_STEP][PASSED] - ctdc.utilities.runtestcaseforKatalon.multiFunction(G_StatBar_Samples, "Object Repository/Bento/Bento_SamplesTable", "Object Repository/Bento/Bento_SamplesTableHeader", "Object Repository/Bento/Bento_SamplesTabNextBtn", G_WebTabnameSamples, G_CypherTabnameSamples, G_QuerySamplesTab): Statbar Files count matches

2021-01-06 17:30:06 - [MESSAGE][PASSED] - Statbar Programs count matches

2021-01-06 17:30:07 - [MESSAGE][PASSED] - Statbar Arms count matches

2021-01-06 17:30:07 - [MESSAGE][PASSED] - Statbar Cases count matches

2021-01-06 17:30:07 - [MESSAGE][PASSED] - Statbar Samples count matches

2021-01-06 17:30:07 - [MESSAGE][PASSED] - Statbar Assays count matches

2021-01-06 17:30:07 - [MESSAGE][PASSED] - Statbar Files count matches

2021-01-06 17:30:07 - [TEST_STEP][PASSED] - waitForElementPresent(findTestObject("Bento/BentoResults_Files_Tab"), 5): Object 'Object Repository/Bento/BentoResults_Files_Tab' is present

2021-01-06 17:30:07 - [MESSAGE][PASSED] - Object 'Object Repository/Bento/BentoResults_Files_Tab' is present

2021-01-06 17:30:07 - [TEST_STEP][PASSED] - ctdc.utilities.runtestcaseforKatalon.clickTab("Object Repository/Bento/BentoResults_Files_Tab"): ctdc.utilities.runtestcaseforKatalon.clickTab is PASSED

2021-01-06 17:30:08 - [MESSAGE][PASSED] - ctdc.utilities.runtestcaseforKatalon.clickTab is PASSED

2021-01-06 17:30:08 - [TEST_STEP][PASSED] - ctdc.utilities.runtestcaseforKatalon.multiFunction(G_StatBar_Files, "Object Repository/Bento/Bento_FilesTable", "Object Repository/Bento/Bento_FilesTableHeader", "Object Repository/Bento/Bento_FilesTabNextBtn", G_WebTabnameFiles, G_CypherTabnameFiles, G_QueryFilesTab): Statbar Files count matches

2021-01-06 17:38:12 - [MESSAGE][PASSED] - Statbar Programs count matches

2021-01-06 17:38:12 - [MESSAGE][PASSED] - Statbar Arms count matches

2021-01-06 17:38:12 - [MESSAGE][PASSED] - Statbar Cases count matches

2021-01-06 17:38:12 - [MESSAGE][PASSED] - Statbar Samples count matches

2021-01-06 17:38:12 - [MESSAGE][PASSED] - Statbar Assays count matches

2021-01-06 17:38:12 - [MESSAGE][PASSED] - Statbar Files count matches]]></system-out>
         <system-err><![CDATA[]]></system-err>
      </testcase>
      <testcase name="Test Cases/Bento_TestCases/MultipleFilters/TC04_Bento_MultiFilter_Diagnosis-Recurrence-TumorSize-Chemo-TumorGrade" time="327.146" classname="Test Cases/Bento_TestCases/MultipleFilters/TC04_Bento_MultiFilter_Diagnosis-Recurrence-TumorSize-Chemo-TumorGrade" status="PASSED">
         <system-out><![CDATA[2021-01-06 17:38:12 - [TEST_CASE][PASSED] - Test Cases/Bento_TestCases/MultipleFilters/TC04_Bento_MultiFilter_Diagnosis-Recurrence-TumorSize-Chemo-TumorGrade: Test Cases/Bento_TestCases/MultipleFilters/TC04_Bento_MultiFilter_Diagnosis-Recurrence-TumorSize-Chemo-TumorGrade

2021-01-06 17:38:15 - [TEST_STEP][PASSED] - closeBrowser(): Browser is closed

2021-01-06 17:38:17 - [MESSAGE][PASSED] - Browser is closed

2021-01-06 17:38:17 - [TEST_STEP][PASSED] - openBrowser(""): Browser is opened with url: ''

2021-01-06 17:38:17 - [MESSAGE][INFO] - Starting 'Chrome (headless)' driver

2021-01-06 17:38:17 - [MESSAGE][INFO] - User set preference: ['args', '[--no-sandbox]']

2021-01-06 17:38:17 - [MESSAGE][INFO] - Action delay is set to 5,000 milliseconds

2021-01-06 17:38:20 - [MESSAGE][PASSED] - Browser is opened with url: ''

2021-01-06 17:38:20 - [TEST_STEP][PASSED] - maximizeWindow(): Current window maximized

2021-01-06 17:38:20 - [MESSAGE][PASSED] - Current window maximized

2021-01-06 17:38:20 - [TEST_STEP][PASSED] - ctdc.utilities.runtestcaseforKatalon.testSetup(""): ctdc.utilities.runtestcaseforKatalon.testSetup is PASSED

2021-01-06 17:38:20 - [MESSAGE][PASSED] - ctdc.utilities.runtestcaseforKatalon.testSetup is PASSED

2021-01-06 17:38:20 - [TEST_STEP][PASSED] - ctdc.utilities.runtestcaseforKatalon.RunKatalon("TC04_Bento_MultiFilter_Diagnosis-Recurrence-TumorSize-Chemo-TumorGrade.xlsx"): Data loaded from input file for the test case. 

2021-01-06 17:38:20 - [MESSAGE][PASSED] - Test case file loaded This is the full filepath after converting to string :C:\Users\radhakrishnang2\Desktop\Commons_Automation\InputFiles\TC04_Bento_MultiFilter_Diagnosis-Recurrence-TumorSize-Chemo-TumorGrade.xlsx

2021-01-06 17:38:20 - [MESSAGE][INFO] - Global variable set for password file is :  C:\Users\radhakrishnang2\Desktop\Commons_Automation\InputFiles\TC04_Bento_MultiFilter_Diagnosis-Recurrence-TumorSize-Chemo-TumorGrade.xlsx

2021-01-06 17:38:20 - [MESSAGE][PASSED] - Data loaded from input file for the test case. 

2021-01-06 17:38:31 - [TEST_STEP][PASSED] - click(findTestObject("Bento/NavBar/Bento_Cases-Btn")): Object: 'Object Repository/Bento/NavBar/Bento_Cases-Btn' is clicked on

2021-01-06 17:38:37 - [MESSAGE][PASSED] - Object: 'Object Repository/Bento/NavBar/Bento_Cases-Btn' is clicked on

2021-01-06 17:38:37 - [TEST_STEP][PASSED] - click(findTestObject("Object Repository/Bento/Filter/FilterByCases_Facet")): Object: 'Object Repository/Bento/Filter/FilterByCases_Facet' is clicked on

2021-01-06 17:38:48 - [MESSAGE][PASSED] - Object: 'Object Repository/Bento/Filter/FilterByCases_Facet' is clicked on

2021-01-06 17:38:48 - [TEST_STEP][PASSED] - waitForElementVisible(findTestObject("Bento/Filter/Diagnosis/DIAGNOSIS_Ddn"), 3): Object 'Object Repository/Bento/Filter/Diagnosis/DIAGNOSIS_Ddn' is visible

2021-01-06 17:38:48 - [MESSAGE][PASSED] - Object 'Object Repository/Bento/Filter/Diagnosis/DIAGNOSIS_Ddn' is visible

2021-01-06 17:38:48 - [TEST_STEP][PASSED] - ctdc.utilities.runtestcaseforKatalon.clickTab("Bento/Filter/Diagnosis/DIAGNOSIS_Ddn"): ctdc.utilities.runtestcaseforKatalon.clickTab is PASSED

2021-01-06 17:38:49 - [MESSAGE][PASSED] - ctdc.utilities.runtestcaseforKatalon.clickTab is PASSED

2021-01-06 17:38:49 - [TEST_STEP][PASSED] - ctdc.utilities.runtestcaseforKatalon.clickTab("Object Repository/Bento/Filter/Diagnosis/MucinousCollCarcinoma_Chkbx"): ctdc.utilities.runtestcaseforKatalon.clickTab is PASSED

2021-01-06 17:38:50 - [MESSAGE][PASSED] - ctdc.utilities.runtestcaseforKatalon.clickTab is PASSED

2021-01-06 17:38:50 - [TEST_STEP][PASSED] - waitForElementVisible(findTestObject("Object Repository/Bento/Filter/Recurrence Score/RecurrScore_Ddn"), 3): Object 'Object Repository/Bento/Filter/Recurrence Score/RecurrScore_Ddn' is visible

2021-01-06 17:38:51 - [MESSAGE][PASSED] - Object 'Object Repository/Bento/Filter/Recurrence Score/RecurrScore_Ddn' is visible

2021-01-06 17:38:51 - [TEST_STEP][PASSED] - ctdc.utilities.runtestcaseforKatalon.clickTab("Object Repository/Bento/Filter/Recurrence Score/RecurrScore_Ddn"): ctdc.utilities.runtestcaseforKatalon.clickTab is PASSED

2021-01-06 17:38:56 - [MESSAGE][PASSED] - ctdc.utilities.runtestcaseforKatalon.clickTab is PASSED

2021-01-06 17:38:56 - [TEST_STEP][PASSED] - ctdc.utilities.runtestcaseforKatalon.clickTab("Object Repository/Bento/Filter/Recurrence Score/51_to_100_Chkbx"): ctdc.utilities.runtestcaseforKatalon.clickTab is PASSED

2021-01-06 17:38:57 - [MESSAGE][PASSED] - ctdc.utilities.runtestcaseforKatalon.clickTab is PASSED

2021-01-06 17:38:57 - [TEST_STEP][PASSED] - waitForElementVisible(findTestObject("Object Repository/Bento/Filter/TumorSize/TumorSize_Ddn"), 3): Object 'Object Repository/Bento/Filter/TumorSize/TumorSize_Ddn' is visible

2021-01-06 17:38:58 - [MESSAGE][PASSED] - Object 'Object Repository/Bento/Filter/TumorSize/TumorSize_Ddn' is visible

2021-01-06 17:38:58 - [TEST_STEP][PASSED] - ctdc.utilities.runtestcaseforKatalon.clickTab("Object Repository/Bento/Filter/TumorSize/TumorSize_Ddn"): ctdc.utilities.runtestcaseforKatalon.clickTab is PASSED

2021-01-06 17:39:02 - [MESSAGE][PASSED] - ctdc.utilities.runtestcaseforKatalon.clickTab is PASSED

2021-01-06 17:39:02 - [TEST_STEP][PASSED] - ctdc.utilities.runtestcaseforKatalon.clickTab("Object Repository/Bento/Filter/TumorSize/Above_4_Chkbx"): ctdc.utilities.runtestcaseforKatalon.clickTab is PASSED

2021-01-06 17:39:03 - [MESSAGE][PASSED] - ctdc.utilities.runtestcaseforKatalon.clickTab is PASSED

2021-01-06 17:39:03 - [TEST_STEP][PASSED] - waitForElementVisible(findTestObject("Object Repository/Bento/Filter/Chemotherapy/Chemotherapy_Ddn"), 3): Object 'Object Repository/Bento/Filter/Chemotherapy/Chemotherapy_Ddn' is visible

2021-01-06 17:39:06 - [MESSAGE][PASSED] - Object 'Object Repository/Bento/Filter/Chemotherapy/Chemotherapy_Ddn' is visible

2021-01-06 17:39:06 - [TEST_STEP][PASSED] - ctdc.utilities.runtestcaseforKatalon.clickTab("Object Repository/Bento/Filter/Chemotherapy/Chemotherapy_Ddn"): ctdc.utilities.runtestcaseforKatalon.clickTab is PASSED

2021-01-06 17:39:07 - [MESSAGE][PASSED] - ctdc.utilities.runtestcaseforKatalon.clickTab is PASSED

2021-01-06 17:39:07 - [TEST_STEP][PASSED] - ctdc.utilities.runtestcaseforKatalon.clickTab("Object Repository/Bento/Filter/Chemotherapy/OtherTreatment_Chkbx"): ctdc.utilities.runtestcaseforKatalon.clickTab is PASSED

2021-01-06 17:39:08 - [MESSAGE][PASSED] - ctdc.utilities.runtestcaseforKatalon.clickTab is PASSED

2021-01-06 17:39:08 - [TEST_STEP][PASSED] - waitForElementVisible(findTestObject("Object Repository/Bento/Filter/TumorGrade/TumorGrade_Ddn"), 3): Object 'Object Repository/Bento/Filter/TumorGrade/TumorGrade_Ddn' is visible

2021-01-06 17:39:11 - [MESSAGE][PASSED] - Object 'Object Repository/Bento/Filter/TumorGrade/TumorGrade_Ddn' is visible

2021-01-06 17:39:11 - [TEST_STEP][PASSED] - ctdc.utilities.runtestcaseforKatalon.clickTab("Object Repository/Bento/Filter/TumorGrade/TumorGrade_Ddn"): ctdc.utilities.runtestcaseforKatalon.clickTab is PASSED

2021-01-06 17:39:12 - [MESSAGE][PASSED] - ctdc.utilities.runtestcaseforKatalon.clickTab is PASSED

2021-01-06 17:39:12 - [TEST_STEP][PASSED] - ctdc.utilities.runtestcaseforKatalon.clickTab("Object Repository/Bento/Filter/TumorGrade/Intermediate_Chkbx"): ctdc.utilities.runtestcaseforKatalon.clickTab is PASSED

2021-01-06 17:39:13 - [MESSAGE][PASSED] - ctdc.utilities.runtestcaseforKatalon.clickTab is PASSED

2021-01-06 17:39:13 - [TEST_STEP][PASSED] - ctdc.utilities.runtestcaseforKatalon.readStatBarBento("Object Repository/Bento/StatBar/Bento_StatBar-Programs", "Object Repository/Bento/StatBar/Bento_StatBar-Arms", "Object Repository/Bento/StatBar/Bento_StatBar-Cases", "Object Repository/Bento/StatBar/Bento_StatBar-Samples", "Object Repository/Bento/StatBar/Bento_StatBar-Assays", "Object Repository/Bento/StatBar/Bento_StatBar-Files"): ctdc.utilities.runtestcaseforKatalon.readStatBarBento is PASSED

2021-01-06 17:39:21 - [MESSAGE][PASSED] - ctdc.utilities.runtestcaseforKatalon.readStatBarBento is PASSED

2021-01-06 17:39:21 - [TEST_STEP][PASSED] - waitForElementPresent(findTestObject("Bento/BentoResults_Cases_Tab"), 5): Object 'Object Repository/Bento/BentoResults_Cases_Tab' is present

2021-01-06 17:39:21 - [MESSAGE][PASSED] - Object 'Object Repository/Bento/BentoResults_Cases_Tab' is present

2021-01-06 17:39:21 - [TEST_STEP][PASSED] - ctdc.utilities.runtestcaseforKatalon.clickTab("Bento/BentoResults_Cases_Tab"): ctdc.utilities.runtestcaseforKatalon.clickTab is PASSED

2021-01-06 17:39:23 - [MESSAGE][PASSED] - ctdc.utilities.runtestcaseforKatalon.clickTab is PASSED

2021-01-06 17:39:23 - [TEST_STEP][PASSED] - ctdc.utilities.runtestcaseforKatalon.multiFunction(G_StatBar_Cases, "Object Repository/Bento/Bento_CasesTable", "Object Repository/Bento/Bento_CasesTableHeader", "Object Repository/Bento/Bento_CasesTabNextBtn", G_WebTabnameCases, G_CypherTabnameCases, G_QueryCasesTab): Statbar Files count matches

2021-01-06 17:40:05 - [MESSAGE][PASSED] - Statbar Programs count matches

2021-01-06 17:40:05 - [MESSAGE][PASSED] - Statbar Arms count matches

2021-01-06 17:40:05 - [MESSAGE][PASSED] - Statbar Cases count matches

2021-01-06 17:40:05 - [MESSAGE][PASSED] - Statbar Samples count matches

2021-01-06 17:40:05 - [MESSAGE][PASSED] - Statbar Assays count matches

2021-01-06 17:40:05 - [MESSAGE][PASSED] - Statbar Files count matches

2021-01-06 17:40:05 - [TEST_STEP][PASSED] - waitForElementPresent(findTestObject("Bento/BentoResults_Samples_Tab"), 5): Object 'Object Repository/Bento/BentoResults_Samples_Tab' is present

2021-01-06 17:40:05 - [MESSAGE][PASSED] - Object 'Object Repository/Bento/BentoResults_Samples_Tab' is present

2021-01-06 17:40:05 - [TEST_STEP][PASSED] - ctdc.utilities.runtestcaseforKatalon.clickTab("Object Repository/Bento/BentoResults_Samples_Tab"): ctdc.utilities.runtestcaseforKatalon.clickTab is PASSED

2021-01-06 17:40:07 - [MESSAGE][PASSED] - ctdc.utilities.runtestcaseforKatalon.clickTab is PASSED

2021-01-06 17:40:07 - [TEST_STEP][PASSED] - ctdc.utilities.runtestcaseforKatalon.multiFunction(G_StatBar_Samples, "Object Repository/Bento/Bento_SamplesTable", "Object Repository/Bento/Bento_SamplesTableHeader", "Object Repository/Bento/Bento_SamplesTabNextBtn", G_WebTabnameSamples, G_CypherTabnameSamples, G_QuerySamplesTab): Statbar Files count matches

2021-01-06 17:41:38 - [MESSAGE][PASSED] - Statbar Programs count matches

2021-01-06 17:41:38 - [MESSAGE][PASSED] - Statbar Arms count matches

2021-01-06 17:41:38 - [MESSAGE][PASSED] - Statbar Cases count matches

2021-01-06 17:41:38 - [MESSAGE][PASSED] - Statbar Samples count matches

2021-01-06 17:41:38 - [MESSAGE][PASSED] - Statbar Assays count matches

2021-01-06 17:41:38 - [MESSAGE][PASSED] - Statbar Files count matches

2021-01-06 17:41:38 - [TEST_STEP][PASSED] - waitForElementPresent(findTestObject("Bento/BentoResults_Files_Tab"), 5): Object 'Object Repository/Bento/BentoResults_Files_Tab' is present

2021-01-06 17:41:38 - [MESSAGE][PASSED] - Object 'Object Repository/Bento/BentoResults_Files_Tab' is present

2021-01-06 17:41:38 - [TEST_STEP][PASSED] - ctdc.utilities.runtestcaseforKatalon.clickTab("Object Repository/Bento/BentoResults_Files_Tab"): ctdc.utilities.runtestcaseforKatalon.clickTab is PASSED

2021-01-06 17:41:41 - [MESSAGE][PASSED] - ctdc.utilities.runtestcaseforKatalon.clickTab is PASSED

2021-01-06 17:41:41 - [TEST_STEP][PASSED] - ctdc.utilities.runtestcaseforKatalon.multiFunction(G_StatBar_Files, "Object Repository/Bento/Bento_FilesTable", "Object Repository/Bento/Bento_FilesTableHeader", "Object Repository/Bento/Bento_FilesTabNextBtn", G_WebTabnameFiles, G_CypherTabnameFiles, G_QueryFilesTab): Statbar Files count matches

2021-01-06 17:43:40 - [MESSAGE][PASSED] - Statbar Programs count matches

2021-01-06 17:43:40 - [MESSAGE][PASSED] - Statbar Arms count matches

2021-01-06 17:43:40 - [MESSAGE][PASSED] - Statbar Cases count matches

2021-01-06 17:43:40 - [MESSAGE][PASSED] - Statbar Samples count matches

2021-01-06 17:43:40 - [MESSAGE][PASSED] - Statbar Assays count matches

2021-01-06 17:43:40 - [MESSAGE][PASSED] - Statbar Files count matches]]></system-out>
         <system-err><![CDATA[]]></system-err>
      </testcase>
      <testcase name="Test Cases/Bento_TestCases/MultipleFilters/TC05_Bento_MultiFilter_Diagnosis-Recurrence-TumorSize-Chemo-ERStatus" time="301.738" classname="Test Cases/Bento_TestCases/MultipleFilters/TC05_Bento_MultiFilter_Diagnosis-Recurrence-TumorSize-Chemo-ERStatus" status="PASSED">
         <system-out><![CDATA[2021-01-06 17:43:40 - [TEST_CASE][PASSED] - Test Cases/Bento_TestCases/MultipleFilters/TC05_Bento_MultiFilter_Diagnosis-Recurrence-TumorSize-Chemo-ERStatus: Test Cases/Bento_TestCases/MultipleFilters/TC05_Bento_MultiFilter_Diagnosis-Recurrence-TumorSize-Chemo-ERStatus

2021-01-06 17:43:43 - [TEST_STEP][PASSED] - closeBrowser(): Browser is closed

2021-01-06 17:43:44 - [MESSAGE][PASSED] - Browser is closed

2021-01-06 17:43:44 - [TEST_STEP][PASSED] - openBrowser(""): Browser is opened with url: ''

2021-01-06 17:43:44 - [MESSAGE][INFO] - Starting 'Chrome (headless)' driver

2021-01-06 17:43:44 - [MESSAGE][INFO] - User set preference: ['args', '[--no-sandbox]']

2021-01-06 17:43:44 - [MESSAGE][INFO] - Action delay is set to 5,000 milliseconds

2021-01-06 17:43:47 - [MESSAGE][PASSED] - Browser is opened with url: ''

2021-01-06 17:43:47 - [TEST_STEP][PASSED] - maximizeWindow(): Current window maximized

2021-01-06 17:43:48 - [MESSAGE][PASSED] - Current window maximized

2021-01-06 17:43:48 - [TEST_STEP][PASSED] - ctdc.utilities.runtestcaseforKatalon.testSetup(""): ctdc.utilities.runtestcaseforKatalon.testSetup is PASSED

2021-01-06 17:43:48 - [MESSAGE][PASSED] - ctdc.utilities.runtestcaseforKatalon.testSetup is PASSED

2021-01-06 17:43:48 - [TEST_STEP][PASSED] - ctdc.utilities.runtestcaseforKatalon.RunKatalon("TC05_Bento_MultiFilter_Diagnosis-Recurrence-TumorSize-Chemo-ERStatus.xlsx"): Data loaded from input file for the test case. 

2021-01-06 17:43:48 - [MESSAGE][PASSED] - Test case file loaded This is the full filepath after converting to string :C:\Users\radhakrishnang2\Desktop\Commons_Automation\InputFiles\TC05_Bento_MultiFilter_Diagnosis-Recurrence-TumorSize-Chemo-ERStatus.xlsx

2021-01-06 17:43:48 - [MESSAGE][INFO] - Global variable set for password file is :  C:\Users\radhakrishnang2\Desktop\Commons_Automation\InputFiles\TC05_Bento_MultiFilter_Diagnosis-Recurrence-TumorSize-Chemo-ERStatus.xlsx

2021-01-06 17:43:48 - [MESSAGE][PASSED] - Data loaded from input file for the test case. 

2021-01-06 17:43:59 - [TEST_STEP][PASSED] - click(findTestObject("Bento/NavBar/Bento_Cases-Btn")): Object: 'Object Repository/Bento/NavBar/Bento_Cases-Btn' is clicked on

2021-01-06 17:44:04 - [MESSAGE][PASSED] - Object: 'Object Repository/Bento/NavBar/Bento_Cases-Btn' is clicked on

2021-01-06 17:44:04 - [TEST_STEP][PASSED] - click(findTestObject("Object Repository/Bento/Filter/FilterByCases_Facet")): Object: 'Object Repository/Bento/Filter/FilterByCases_Facet' is clicked on

2021-01-06 17:44:14 - [MESSAGE][PASSED] - Object: 'Object Repository/Bento/Filter/FilterByCases_Facet' is clicked on

2021-01-06 17:44:14 - [TEST_STEP][PASSED] - waitForElementVisible(findTestObject("Bento/Filter/Diagnosis/DIAGNOSIS_Ddn"), 3): Object 'Object Repository/Bento/Filter/Diagnosis/DIAGNOSIS_Ddn' is visible

2021-01-06 17:44:15 - [MESSAGE][PASSED] - Object 'Object Repository/Bento/Filter/Diagnosis/DIAGNOSIS_Ddn' is visible

2021-01-06 17:44:15 - [TEST_STEP][PASSED] - ctdc.utilities.runtestcaseforKatalon.clickTab("Bento/Filter/Diagnosis/DIAGNOSIS_Ddn"): ctdc.utilities.runtestcaseforKatalon.clickTab is PASSED

2021-01-06 17:44:16 - [MESSAGE][PASSED] - ctdc.utilities.runtestcaseforKatalon.clickTab is PASSED

2021-01-06 17:44:16 - [TEST_STEP][PASSED] - ctdc.utilities.runtestcaseforKatalon.clickTab("Object Repository/Bento/Filter/Diagnosis/MucinousCollCarcinoma_Chkbx"): ctdc.utilities.runtestcaseforKatalon.clickTab is PASSED

2021-01-06 17:44:17 - [MESSAGE][PASSED] - ctdc.utilities.runtestcaseforKatalon.clickTab is PASSED

2021-01-06 17:44:17 - [TEST_STEP][PASSED] - waitForElementVisible(findTestObject("Object Repository/Bento/Filter/Recurrence Score/RecurrScore_Ddn"), 3): Object 'Object Repository/Bento/Filter/Recurrence Score/RecurrScore_Ddn' is visible

2021-01-06 17:44:18 - [MESSAGE][PASSED] - Object 'Object Repository/Bento/Filter/Recurrence Score/RecurrScore_Ddn' is visible

2021-01-06 17:44:18 - [TEST_STEP][PASSED] - ctdc.utilities.runtestcaseforKatalon.clickTab("Object Repository/Bento/Filter/Recurrence Score/RecurrScore_Ddn"): ctdc.utilities.runtestcaseforKatalon.clickTab is PASSED

2021-01-06 17:44:22 - [MESSAGE][PASSED] - ctdc.utilities.runtestcaseforKatalon.clickTab is PASSED

2021-01-06 17:44:22 - [TEST_STEP][PASSED] - ctdc.utilities.runtestcaseforKatalon.clickTab("Object Repository/Bento/Filter/Recurrence Score/51_to_100_Chkbx"): ctdc.utilities.runtestcaseforKatalon.clickTab is PASSED

2021-01-06 17:44:23 - [MESSAGE][PASSED] - ctdc.utilities.runtestcaseforKatalon.clickTab is PASSED

2021-01-06 17:44:23 - [TEST_STEP][PASSED] - waitForElementVisible(findTestObject("Object Repository/Bento/Filter/TumorSize/TumorSize_Ddn"), 3): Object 'Object Repository/Bento/Filter/TumorSize/TumorSize_Ddn' is visible

2021-01-06 17:44:27 - [MESSAGE][PASSED] - Object 'Object Repository/Bento/Filter/TumorSize/TumorSize_Ddn' is visible

2021-01-06 17:44:27 - [TEST_STEP][PASSED] - ctdc.utilities.runtestcaseforKatalon.clickTab("Object Repository/Bento/Filter/TumorSize/TumorSize_Ddn"): ctdc.utilities.runtestcaseforKatalon.clickTab is PASSED

2021-01-06 17:44:28 - [MESSAGE][PASSED] - ctdc.utilities.runtestcaseforKatalon.clickTab is PASSED

2021-01-06 17:44:28 - [TEST_STEP][PASSED] - ctdc.utilities.runtestcaseforKatalon.clickTab("Object Repository/Bento/Filter/TumorSize/Above_4_Chkbx"): ctdc.utilities.runtestcaseforKatalon.clickTab is PASSED

2021-01-06 17:44:29 - [MESSAGE][PASSED] - ctdc.utilities.runtestcaseforKatalon.clickTab is PASSED

2021-01-06 17:44:29 - [TEST_STEP][PASSED] - waitForElementVisible(findTestObject("Object Repository/Bento/Filter/Chemotherapy/Chemotherapy_Ddn"), 3): Object 'Object Repository/Bento/Filter/Chemotherapy/Chemotherapy_Ddn' is visible

2021-01-06 17:44:32 - [MESSAGE][PASSED] - Object 'Object Repository/Bento/Filter/Chemotherapy/Chemotherapy_Ddn' is visible

2021-01-06 17:44:32 - [TEST_STEP][PASSED] - ctdc.utilities.runtestcaseforKatalon.clickTab("Object Repository/Bento/Filter/Chemotherapy/Chemotherapy_Ddn"): ctdc.utilities.runtestcaseforKatalon.clickTab is PASSED

2021-01-06 17:44:33 - [MESSAGE][PASSED] - ctdc.utilities.runtestcaseforKatalon.clickTab is PASSED

2021-01-06 17:44:33 - [TEST_STEP][PASSED] - ctdc.utilities.runtestcaseforKatalon.clickTab("Object Repository/Bento/Filter/Chemotherapy/OtherTreatment_Chkbx"): ctdc.utilities.runtestcaseforKatalon.clickTab is PASSED

2021-01-06 17:44:34 - [MESSAGE][PASSED] - ctdc.utilities.runtestcaseforKatalon.clickTab is PASSED

2021-01-06 17:44:34 - [TEST_STEP][PASSED] - waitForElementVisible(findTestObject("Object Repository/Bento/Filter/ERStatus/ERStatus_Ddn"), 3): Object 'Object Repository/Bento/Filter/ERStatus/ERStatus_Ddn' is visible

2021-01-06 17:44:37 - [MESSAGE][PASSED] - Object 'Object Repository/Bento/Filter/ERStatus/ERStatus_Ddn' is visible

2021-01-06 17:44:37 - [TEST_STEP][PASSED] - ctdc.utilities.runtestcaseforKatalon.clickTab("Object Repository/Bento/Filter/ERStatus/ERStatus_Ddn"): ctdc.utilities.runtestcaseforKatalon.clickTab is PASSED

2021-01-06 17:44:39 - [MESSAGE][PASSED] - ctdc.utilities.runtestcaseforKatalon.clickTab is PASSED

2021-01-06 17:44:39 - [TEST_STEP][PASSED] - ctdc.utilities.runtestcaseforKatalon.clickTab("Object Repository/Bento/Filter/ERStatus/Negative_Chkbx"): ctdc.utilities.runtestcaseforKatalon.clickTab is PASSED

2021-01-06 17:44:40 - [MESSAGE][PASSED] - ctdc.utilities.runtestcaseforKatalon.clickTab is PASSED

2021-01-06 17:44:40 - [TEST_STEP][PASSED] - ctdc.utilities.runtestcaseforKatalon.readStatBarBento("Object Repository/Bento/StatBar/Bento_StatBar-Programs", "Object Repository/Bento/StatBar/Bento_StatBar-Arms", "Object Repository/Bento/StatBar/Bento_StatBar-Cases", "Object Repository/Bento/StatBar/Bento_StatBar-Samples", "Object Repository/Bento/StatBar/Bento_StatBar-Assays", "Object Repository/Bento/StatBar/Bento_StatBar-Files"): ctdc.utilities.runtestcaseforKatalon.readStatBarBento is PASSED

2021-01-06 17:44:46 - [MESSAGE][PASSED] - ctdc.utilities.runtestcaseforKatalon.readStatBarBento is PASSED

2021-01-06 17:44:46 - [TEST_STEP][PASSED] - waitForElementPresent(findTestObject("Bento/BentoResults_Cases_Tab"), 5): Object 'Object Repository/Bento/BentoResults_Cases_Tab' is present

2021-01-06 17:44:47 - [MESSAGE][PASSED] - Object 'Object Repository/Bento/BentoResults_Cases_Tab' is present

2021-01-06 17:44:47 - [TEST_STEP][PASSED] - ctdc.utilities.runtestcaseforKatalon.clickTab("Bento/BentoResults_Cases_Tab"): ctdc.utilities.runtestcaseforKatalon.clickTab is PASSED

2021-01-06 17:44:48 - [MESSAGE][PASSED] - ctdc.utilities.runtestcaseforKatalon.clickTab is PASSED

2021-01-06 17:44:48 - [TEST_STEP][PASSED] - ctdc.utilities.runtestcaseforKatalon.multiFunction(G_StatBar_Cases, "Object Repository/Bento/Bento_CasesTable", "Object Repository/Bento/Bento_CasesTableHeader", "Object Repository/Bento/Bento_CasesTabNextBtn", G_WebTabnameCases, G_CypherTabnameCases, G_QueryCasesTab): Statbar Files count matches

2021-01-06 17:45:26 - [MESSAGE][PASSED] - Statbar Programs count matches

2021-01-06 17:45:26 - [MESSAGE][PASSED] - Statbar Arms count matches

2021-01-06 17:45:26 - [MESSAGE][PASSED] - Statbar Cases count matches

2021-01-06 17:45:26 - [MESSAGE][PASSED] - Statbar Samples count matches

2021-01-06 17:45:26 - [MESSAGE][PASSED] - Statbar Assays count matches

2021-01-06 17:45:26 - [MESSAGE][PASSED] - Statbar Files count matches

2021-01-06 17:45:26 - [TEST_STEP][PASSED] - waitForElementPresent(findTestObject("Bento/BentoResults_Samples_Tab"), 5): Object 'Object Repository/Bento/BentoResults_Samples_Tab' is present

2021-01-06 17:45:27 - [MESSAGE][PASSED] - Object 'Object Repository/Bento/BentoResults_Samples_Tab' is present

2021-01-06 17:45:27 - [TEST_STEP][PASSED] - ctdc.utilities.runtestcaseforKatalon.clickTab("Object Repository/Bento/BentoResults_Samples_Tab"): ctdc.utilities.runtestcaseforKatalon.clickTab is PASSED

2021-01-06 17:45:28 - [MESSAGE][PASSED] - ctdc.utilities.runtestcaseforKatalon.clickTab is PASSED

2021-01-06 17:45:28 - [TEST_STEP][PASSED] - ctdc.utilities.runtestcaseforKatalon.multiFunction(G_StatBar_Samples, "Object Repository/Bento/Bento_SamplesTable", "Object Repository/Bento/Bento_SamplesTableHeader", "Object Repository/Bento/Bento_SamplesTabNextBtn", G_WebTabnameSamples, G_CypherTabnameSamples, G_QuerySamplesTab): Statbar Files count matches

2021-01-06 17:46:39 - [MESSAGE][PASSED] - Statbar Programs count matches

2021-01-06 17:46:39 - [MESSAGE][PASSED] - Statbar Arms count matches

2021-01-06 17:46:39 - [MESSAGE][PASSED] - Statbar Cases count matches

2021-01-06 17:46:39 - [MESSAGE][PASSED] - Statbar Samples count matches

2021-01-06 17:46:39 - [MESSAGE][PASSED] - Statbar Assays count matches

2021-01-06 17:46:39 - [MESSAGE][PASSED] - Statbar Files count matches

2021-01-06 17:46:39 - [TEST_STEP][PASSED] - waitForElementPresent(findTestObject("Bento/BentoResults_Files_Tab"), 5): Object 'Object Repository/Bento/BentoResults_Files_Tab' is present

2021-01-06 17:46:40 - [MESSAGE][PASSED] - Object 'Object Repository/Bento/BentoResults_Files_Tab' is present

2021-01-06 17:46:40 - [TEST_STEP][PASSED] - ctdc.utilities.runtestcaseforKatalon.clickTab("Object Repository/Bento/BentoResults_Files_Tab"): ctdc.utilities.runtestcaseforKatalon.clickTab is PASSED

2021-01-06 17:46:41 - [MESSAGE][PASSED] - ctdc.utilities.runtestcaseforKatalon.clickTab is PASSED

2021-01-06 17:46:41 - [TEST_STEP][PASSED] - ctdc.utilities.runtestcaseforKatalon.multiFunction(G_StatBar_Files, "Object Repository/Bento/Bento_FilesTable", "Object Repository/Bento/Bento_FilesTableHeader", "Object Repository/Bento/Bento_FilesTabNextBtn", G_WebTabnameFiles, G_CypherTabnameFiles, G_QueryFilesTab): Statbar Files count matches

2021-01-06 17:48:41 - [MESSAGE][PASSED] - Statbar Programs count matches

2021-01-06 17:48:41 - [MESSAGE][PASSED] - Statbar Arms count matches

2021-01-06 17:48:41 - [MESSAGE][PASSED] - Statbar Cases count matches

2021-01-06 17:48:41 - [MESSAGE][PASSED] - Statbar Samples count matches

2021-01-06 17:48:41 - [MESSAGE][PASSED] - Statbar Assays count matches

2021-01-06 17:48:41 - [MESSAGE][PASSED] - Statbar Files count matches]]></system-out>
         <system-err><![CDATA[]]></system-err>
      </testcase>
      <system-out><![CDATA[2021-01-06 17:08:02 - [TEST_SUITE][PASSED] - BentoDev_TestSuite: Test Cases/Bento_TestCases/MultipleFilters/TC05_Bento_MultiFilter_Diagnosis-Recurrence-TumorSize-Chemo-ERStatus]]></system-out>
      <system-err><![CDATA[]]></system-err>
   </testsuite>
</testsuites>
