<?xml version="1.0" encoding="UTF-8"?>
<testsuites name="Canine_TestSuite" time="1522.169" tests="74" failures="3" errors="0">
   <testsuite name="Canine_TestSuite" tests="74" failures="3" errors="0" time="1522.169" timestamp="2020-05-12 12:23:16" hostname="radhakrishnang2 - NCI-02150368-L.nci.nih.gov" id="Test Suites/Canine_TestSuite">
      <properties>
         <property name="deviceName" value=""/>
         <property name="devicePlatform" value=""/>
         <property name="logFolder" value="C:\\Users\\radhakrishnang2\\Desktop\\Commons_Automation\\Reports\\20200512_122313\\Canine_TestSuite\\20200512_122313"/>
         <property name="logFiles" value="C:\\Users\\radhakrishnang2\\Desktop\\Commons_Automation\\Reports\\20200512_122313\\Canine_TestSuite\\20200512_122313\\execution0.log"/>
         <property name="attachments" value="C:\\Users\\radhakrishnang2\\Desktop\\Commons_Automation\\Reports\\20200512_122313\\Canine_TestSuite\\20200512_122313/videos\\test_1.avi, C:\\Users\\radhakrishnang2\\Desktop\\Commons_Automation\\Reports\\20200512_122313\\Canine_TestSuite\\20200512_122313/videos\\test_2.avi, C:\\Users\\radhakrishnang2\\Desktop\\Commons_Automation\\Reports\\20200512_122313\\Canine_TestSuite\\20200512_122313/videos\\test_3.avi, C:\\Users\\radhakrishnang2\\Desktop\\Commons_Automation\\Reports\\20200512_122313\\Canine_TestSuite\\20200512_122313/videos\\test_4.avi, C:\\Users\\radhakrishnang2\\Desktop\\Commons_Automation\\Reports\\20200512_122313\\Canine_TestSuite\\20200512_122313/videos\\test_5.avi, C:\\Users\\radhakrishnang2\\Desktop\\Commons_Automation\\Reports\\20200512_122313\\Canine_TestSuite\\20200512_122313/videos\\test_6.avi, C:\\Users\\radhakrishnang2\\Desktop\\Commons_Automation\\Reports\\20200512_122313\\Canine_TestSuite\\20200512_122313/videos\\test_7.avi, C:\\Users\\radhakrishnang2\\Desktop\\Commons_Automation\\Reports\\20200512_122313\\Canine_TestSuite\\20200512_122313/videos\\test_8.avi, C:\\Users\\radhakrishnang2\\Desktop\\Commons_Automation\\Reports\\20200512_122313\\Canine_TestSuite\\20200512_122313/videos\\test_9.avi, C:\\Users\\radhakrishnang2\\Desktop\\Commons_Automation\\Reports\\20200512_122313\\Canine_TestSuite\\20200512_122313/videos\\test_10.avi, C:\\Users\\radhakrishnang2\\Desktop\\Commons_Automation\\Reports\\20200512_122313\\Canine_TestSuite\\20200512_122313/videos\\test_11.avi, C:\\Users\\radhakrishnang2\\Desktop\\Commons_Automation\\Reports\\20200512_122313\\Canine_TestSuite\\20200512_122313/videos\\test_12.avi, C:\\Users\\radhakrishnang2\\Desktop\\Commons_Automation\\Reports\\20200512_122313\\Canine_TestSuite\\20200512_122313/videos\\test_13.avi, C:\\Users\\radhakrishnang2\\Desktop\\Commons_Automation\\Reports\\20200512_122313\\Canine_TestSuite\\20200512_122313/videos\\test_14.avi, C:\\Users\\radhakrishnang2\\Desktop\\Commons_Automation\\Reports\\20200512_122313\\Canine_TestSuite\\20200512_122313/videos\\test_15.avi, C:\\Users\\radhakrishnang2\\Desktop\\Commons_Automation\\Reports\\20200512_122313\\Canine_TestSuite\\20200512_122313\\1589311811936.png, C:\\Users\\radhakrishnang2\\Desktop\\Commons_Automation\\Reports\\20200512_122313\\Canine_TestSuite\\20200512_122313/videos\\test_16.avi, C:\\Users\\radhakrishnang2\\Desktop\\Commons_Automation\\Reports\\20200512_122313\\Canine_TestSuite\\20200512_122313/videos\\test_17.avi, C:\\Users\\radhakrishnang2\\Desktop\\Commons_Automation\\Reports\\20200512_122313\\Canine_TestSuite\\20200512_122313/videos\\test_18.avi, C:\\Users\\radhakrishnang2\\Desktop\\Commons_Automation\\Reports\\20200512_122313\\Canine_TestSuite\\20200512_122313/videos\\test_19.avi, C:\\Users\\radhakrishnang2\\Desktop\\Commons_Automation\\Reports\\20200512_122313\\Canine_TestSuite\\20200512_122313/videos\\test_20.avi, C:\\Users\\radhakrishnang2\\Desktop\\Commons_Automation\\Reports\\20200512_122313\\Canine_TestSuite\\20200512_122313/videos\\test_21.avi, C:\\Users\\radhakrishnang2\\Desktop\\Commons_Automation\\Reports\\20200512_122313\\Canine_TestSuite\\20200512_122313/videos\\test_22.avi, C:\\Users\\radhakrishnang2\\Desktop\\Commons_Automation\\Reports\\20200512_122313\\Canine_TestSuite\\20200512_122313/videos\\test_23.avi, C:\\Users\\radhakrishnang2\\Desktop\\Commons_Automation\\Reports\\20200512_122313\\Canine_TestSuite\\20200512_122313/videos\\test_24.avi, C:\\Users\\radhakrishnang2\\Desktop\\Commons_Automation\\Reports\\20200512_122313\\Canine_TestSuite\\20200512_122313/videos\\test_25.avi, C:\\Users\\radhakrishnang2\\Desktop\\Commons_Automation\\Reports\\20200512_122313\\Canine_TestSuite\\20200512_122313/videos\\test_26.avi, C:\\Users\\radhakrishnang2\\Desktop\\Commons_Automation\\Reports\\20200512_122313\\Canine_TestSuite\\20200512_122313/videos\\test_27.avi, C:\\Users\\radhakrishnang2\\Desktop\\Commons_Automation\\Reports\\20200512_122313\\Canine_TestSuite\\20200512_122313/videos\\test_28.avi, C:\\Users\\radhakrishnang2\\Desktop\\Commons_Automation\\Reports\\20200512_122313\\Canine_TestSuite\\20200512_122313/videos\\test_29.avi, C:\\Users\\radhakrishnang2\\Desktop\\Commons_Automation\\Reports\\20200512_122313\\Canine_TestSuite\\20200512_122313/videos\\test_30.avi, C:\\Users\\radhakrishnang2\\Desktop\\Commons_Automation\\Reports\\20200512_122313\\Canine_TestSuite\\20200512_122313/videos\\test_31.avi, C:\\Users\\radhakrishnang2\\Desktop\\Commons_Automation\\Reports\\20200512_122313\\Canine_TestSuite\\20200512_122313/videos\\test_32.avi, C:\\Users\\radhakrishnang2\\Desktop\\Commons_Automation\\Reports\\20200512_122313\\Canine_TestSuite\\20200512_122313/videos\\test_33.avi, C:\\Users\\radhakrishnang2\\Desktop\\Commons_Automation\\Reports\\20200512_122313\\Canine_TestSuite\\20200512_122313/videos\\test_34.avi, C:\\Users\\radhakrishnang2\\Desktop\\Commons_Automation\\Reports\\20200512_122313\\Canine_TestSuite\\20200512_122313/videos\\test_35.avi, C:\\Users\\radhakrishnang2\\Desktop\\Commons_Automation\\Reports\\20200512_122313\\Canine_TestSuite\\20200512_122313/videos\\test_36.avi, C:\\Users\\radhakrishnang2\\Desktop\\Commons_Automation\\Reports\\20200512_122313\\Canine_TestSuite\\20200512_122313/videos\\test_37.avi, C:\\Users\\radhakrishnang2\\Desktop\\Commons_Automation\\Reports\\20200512_122313\\Canine_TestSuite\\20200512_122313/videos\\test_38.avi, C:\\Users\\radhakrishnang2\\Desktop\\Commons_Automation\\Reports\\20200512_122313\\Canine_TestSuite\\20200512_122313/videos\\test_39.avi, C:\\Users\\radhakrishnang2\\Desktop\\Commons_Automation\\Reports\\20200512_122313\\Canine_TestSuite\\20200512_122313/videos\\test_40.avi, C:\\Users\\radhakrishnang2\\Desktop\\Commons_Automation\\Reports\\20200512_122313\\Canine_TestSuite\\20200512_122313/videos\\test_41.avi, C:\\Users\\radhakrishnang2\\Desktop\\Commons_Automation\\Reports\\20200512_122313\\Canine_TestSuite\\20200512_122313/videos\\test_42.avi, C:\\Users\\radhakrishnang2\\Desktop\\Commons_Automation\\Reports\\20200512_122313\\Canine_TestSuite\\20200512_122313/videos\\test_43.avi, C:\\Users\\radhakrishnang2\\Desktop\\Commons_Automation\\Reports\\20200512_122313\\Canine_TestSuite\\20200512_122313/videos\\test_44.avi, C:\\Users\\radhakrishnang2\\Desktop\\Commons_Automation\\Reports\\20200512_122313\\Canine_TestSuite\\20200512_122313/videos\\test_45.avi, C:\\Users\\radhakrishnang2\\Desktop\\Commons_Automation\\Reports\\20200512_122313\\Canine_TestSuite\\20200512_122313/videos\\test_46.avi, C:\\Users\\radhakrishnang2\\Desktop\\Commons_Automation\\Reports\\20200512_122313\\Canine_TestSuite\\20200512_122313/videos\\test_47.avi, C:\\Users\\radhakrishnang2\\Desktop\\Commons_Automation\\Reports\\20200512_122313\\Canine_TestSuite\\20200512_122313/videos\\test_48.avi, C:\\Users\\radhakrishnang2\\Desktop\\Commons_Automation\\Reports\\20200512_122313\\Canine_TestSuite\\20200512_122313/videos\\test_49.avi, C:\\Users\\radhakrishnang2\\Desktop\\Commons_Automation\\Reports\\20200512_122313\\Canine_TestSuite\\20200512_122313/videos\\test_50.avi, C:\\Users\\radhakrishnang2\\Desktop\\Commons_Automation\\Reports\\20200512_122313\\Canine_TestSuite\\20200512_122313/videos\\test_51.avi, C:\\Users\\radhakrishnang2\\Desktop\\Commons_Automation\\Reports\\20200512_122313\\Canine_TestSuite\\20200512_122313/videos\\test_52.avi, C:\\Users\\radhakrishnang2\\Desktop\\Commons_Automation\\Reports\\20200512_122313\\Canine_TestSuite\\20200512_122313/videos\\test_53.avi, C:\\Users\\radhakrishnang2\\Desktop\\Commons_Automation\\Reports\\20200512_122313\\Canine_TestSuite\\20200512_122313/videos\\test_54.avi, C:\\Users\\radhakrishnang2\\Desktop\\Commons_Automation\\Reports\\20200512_122313\\Canine_TestSuite\\20200512_122313/videos\\test_55.avi, C:\\Users\\radhakrishnang2\\Desktop\\Commons_Automation\\Reports\\20200512_122313\\Canine_TestSuite\\20200512_122313/videos\\test_56.avi, C:\\Users\\radhakrishnang2\\Desktop\\Commons_Automation\\Reports\\20200512_122313\\Canine_TestSuite\\20200512_122313/videos\\test_57.avi, C:\\Users\\radhakrishnang2\\Desktop\\Commons_Automation\\Reports\\20200512_122313\\Canine_TestSuite\\20200512_122313/videos\\test_58.avi, C:\\Users\\radhakrishnang2\\Desktop\\Commons_Automation\\Reports\\20200512_122313\\Canine_TestSuite\\20200512_122313/videos\\test_59.avi, C:\\Users\\radhakrishnang2\\Desktop\\Commons_Automation\\Reports\\20200512_122313\\Canine_TestSuite\\20200512_122313/videos\\test_60.avi, C:\\Users\\radhakrishnang2\\Desktop\\Commons_Automation\\Reports\\20200512_122313\\Canine_TestSuite\\20200512_122313\\1589312630488.png, C:\\Users\\radhakrishnang2\\Desktop\\Commons_Automation\\Reports\\20200512_122313\\Canine_TestSuite\\20200512_122313/videos\\test_61.avi, C:\\Users\\radhakrishnang2\\Desktop\\Commons_Automation\\Reports\\20200512_122313\\Canine_TestSuite\\20200512_122313/videos\\test_62.avi, C:\\Users\\radhakrishnang2\\Desktop\\Commons_Automation\\Reports\\20200512_122313\\Canine_TestSuite\\20200512_122313/videos\\test_63.avi, C:\\Users\\radhakrishnang2\\Desktop\\Commons_Automation\\Reports\\20200512_122313\\Canine_TestSuite\\20200512_122313/videos\\test_64.avi, C:\\Users\\radhakrishnang2\\Desktop\\Commons_Automation\\Reports\\20200512_122313\\Canine_TestSuite\\20200512_122313/videos\\test_65.avi, C:\\Users\\radhakrishnang2\\Desktop\\Commons_Automation\\Reports\\20200512_122313\\Canine_TestSuite\\20200512_122313/videos\\test_66.avi, C:\\Users\\radhakrishnang2\\Desktop\\Commons_Automation\\Reports\\20200512_122313\\Canine_TestSuite\\20200512_122313/videos\\test_67.avi, C:\\Users\\radhakrishnang2\\Desktop\\Commons_Automation\\Reports\\20200512_122313\\Canine_TestSuite\\20200512_122313/videos\\test_68.avi, C:\\Users\\radhakrishnang2\\Desktop\\Commons_Automation\\Reports\\20200512_122313\\Canine_TestSuite\\20200512_122313/videos\\test_69.avi, C:\\Users\\radhakrishnang2\\Desktop\\Commons_Automation\\Reports\\20200512_122313\\Canine_TestSuite\\20200512_122313/videos\\test_70.avi, C:\\Users\\radhakrishnang2\\Desktop\\Commons_Automation\\Reports\\20200512_122313\\Canine_TestSuite\\20200512_122313\\1589312867756.png, C:\\Users\\radhakrishnang2\\Desktop\\Commons_Automation\\Reports\\20200512_122313\\Canine_TestSuite\\20200512_122313/videos\\test_71.avi, C:\\Users\\radhakrishnang2\\Desktop\\Commons_Automation\\Reports\\20200512_122313\\Canine_TestSuite\\20200512_122313/videos\\test_72.avi, C:\\Users\\radhakrishnang2\\Desktop\\Commons_Automation\\Reports\\20200512_122313\\Canine_TestSuite\\20200512_122313/videos\\test_73.avi, C:\\Users\\radhakrishnang2\\Desktop\\Commons_Automation\\Reports\\20200512_122313\\Canine_TestSuite\\20200512_122313/videos\\test_74.avi"/>
         <property name="hostName" value="radhakrishnang2 - NCI-02150368-L.nci.nih.gov"/>
         <property name="os" value="Windows 10 64bit"/>
         <property name="katalonVersion" value="7.2.6.1"/>
         <property name="browser" value="Firefox 68.0"/>
         <property name="hostAddress" value="10.243.143.95"/>
         <property name="sessionId" value="9e19e335-b58f-43f2-870a-9cb34ccaea27"/>
         <property name="seleniumVersion" value="3.141.59"/>
         <property name="proxyInformation" value="ProxyInformation{proxyOption=NO_PROXY, proxyServerType=HTTP, password=, proxyServerAddress=, proxyServerPort=0, executionList=}"/>
         <property name="platform" value="Windows 10"/>
      </properties>
      <testcase name="Test Cases/Canine_TestCases/Study/TC01_Canine_Filter_Study-COTB" time="39.033" classname="Test Cases/Canine_TestCases/Study/TC01_Canine_Filter_Study-COTB" status="PASSED">
         <system-out><![CDATA[2020-05-12 12:23:16 - [TEST_CASE][PASSED] - Test Cases/Canine_TestCases/Study/TC01_Canine_Filter_Study-COTB: Test Cases/Canine_TestCases/Study/TC01_Canine_Filter_Study-COTB

2020-05-12 12:23:17 - [TEST_STEP][PASSED] - openBrowser(""): Browser is opened with url: ''

2020-05-12 12:23:17 - [MESSAGE][INFO] - Starting 'Firefox (headless)' driver

2020-05-12 12:23:17 - [MESSAGE][INFO] - Action delay is set to 0 seconds

2020-05-12 12:23:22 - [MESSAGE][PASSED] - Browser is opened with url: ''

2020-05-12 12:23:22 - [TEST_STEP][PASSED] - ctdc.utilities.runtestcaseforKatalon.browserDriver(""): ctdc.utilities.runtestcaseforKatalon.browserDriver is PASSED

2020-05-12 12:23:22 - [MESSAGE][PASSED] - ctdc.utilities.runtestcaseforKatalon.browserDriver is PASSED

2020-05-12 12:23:22 - [TEST_STEP][PASSED] - ctdc.utilities.runtestcaseforKatalon.RunKatalon("TC01_Canine_Filter_Study-COTB.xlsx"): Data loaded from input file for the test case. 

2020-05-12 12:23:22 - [MESSAGE][PASSED] - Test case file loaded This is the full filepath after converting to string :C:\Users\radhakrishnang2\Desktop\Commons_Automation\InputFiles\TC01_Canine_Filter_Study-COTB.xlsx

2020-05-12 12:23:23 - [MESSAGE][INFO] - Global variable set for password file is :  C:\Users\radhakrishnang2\Desktop\Commons_Automation\InputFiles\TC01_Canine_Filter_Study-COTB.xlsx

2020-05-12 12:23:24 - [MESSAGE][PASSED] - Data loaded from input file for the test case. 

2020-05-12 12:23:28 - [TEST_STEP][PASSED] - click(findTestObject("Object Repository/Canine/Canine_Cases_Btn")): Object: 'Object Repository/Canine/Canine_Cases_Btn' is clicked on

2020-05-12 12:23:29 - [MESSAGE][PASSED] - Object: 'Object Repository/Canine/Canine_Cases_Btn' is clicked on

2020-05-12 12:23:29 - [TEST_STEP][PASSED] - click(findTestObject("Canine/Filter/Study/Canine_Filter_Study")): Object: 'Object Repository/Canine/Filter/Study/Canine_Filter_Study' is clicked on

2020-05-12 12:23:30 - [MESSAGE][PASSED] - Object: 'Object Repository/Canine/Filter/Study/Canine_Filter_Study' is clicked on

2020-05-12 12:23:30 - [TEST_STEP][PASSED] - click(findTestObject("Canine/Filter/Study/Canine_Filter_Study-COTB_Chkbx")): Object: 'Object Repository/Canine/Filter/Study/Canine_Filter_Study-COTB_Chkbx' is clicked on

2020-05-12 12:23:31 - [MESSAGE][PASSED] - Object: 'Object Repository/Canine/Filter/Study/Canine_Filter_Study-COTB_Chkbx' is clicked on

2020-05-12 12:23:31 - [TEST_STEP][PASSED] - ctdc.utilities.runtestcaseforKatalon.ReadCasesTableKatalon("Object Repository/Canine/Canine_CasesTable", "Object Repository/Canine/Canine_TableHeader", "Object Repository/Canine/Canine_NextBtn"): ctdc.utilities.runtestcaseforKatalon.ReadCasesTableKatalon is PASSED

2020-05-12 12:23:48 - [MESSAGE][PASSED] - ctdc.utilities.runtestcaseforKatalon.ReadCasesTableKatalon is PASSED

2020-05-12 12:23:48 - [TEST_STEP][PASSED] - ctdc.utilities.ReadExcel.Neo4j(): ctdc.utilities.ReadExcel.Neo4j is PASSED

2020-05-12 12:23:53 - [MESSAGE][PASSED] - ctdc.utilities.ReadExcel.Neo4j is PASSED

2020-05-12 12:23:53 - [TEST_STEP][PASSED] - ctdc.utilities.runtestcaseforKatalon.compareLists(): ctdc.utilities.runtestcaseforKatalon.compareLists is PASSED

2020-05-12 12:23:53 - [MESSAGE][PASSED] - ctdc.utilities.runtestcaseforKatalon.compareLists is PASSED

2020-05-12 12:23:55 - [TEST_STEP][PASSED] - Video: Video recording for test case 'Test Cases/Canine_TestCases/Study/TC01_Canine_Filter_Study-COTB' .

2020-05-12 12:23:55 - [MESSAGE][INFO] - Video recording for test case 'Test Cases/Canine_TestCases/Study/TC01_Canine_Filter_Study-COTB' .
[[ATTACHMENT|C:\\Users\\radhakrishnang2\\Desktop\\Commons_Automation\\Reports\\20200512_122313\\Canine_TestSuite\\20200512_122313/videos\\test_1.avi]]]]></system-out>
         <system-err><![CDATA[]]></system-err>
      </testcase>
      <testcase name="Test Cases/Canine_TestCases/Study/TC02_Canine_Filter_Study-NCATS" time="27.418" classname="Test Cases/Canine_TestCases/Study/TC02_Canine_Filter_Study-NCATS" status="PASSED">
         <system-out><![CDATA[2020-05-12 12:23:55 - [TEST_CASE][PASSED] - Test Cases/Canine_TestCases/Study/TC02_Canine_Filter_Study-NCATS: Test Cases/Canine_TestCases/Study/TC02_Canine_Filter_Study-NCATS

2020-05-12 12:23:56 - [TEST_STEP][PASSED] - openBrowser(""): Browser is opened with url: ''

2020-05-12 12:23:56 - [MESSAGE][WARNING] - A browser is already opened. Closing browser and opening a new one

2020-05-12 12:23:57 - [MESSAGE][INFO] - Starting 'Firefox (headless)' driver

2020-05-12 12:24:00 - [MESSAGE][PASSED] - Browser is opened with url: ''

2020-05-12 12:24:00 - [TEST_STEP][PASSED] - ctdc.utilities.runtestcaseforKatalon.browserDriver(""): ctdc.utilities.runtestcaseforKatalon.browserDriver is PASSED

2020-05-12 12:24:00 - [MESSAGE][PASSED] - ctdc.utilities.runtestcaseforKatalon.browserDriver is PASSED

2020-05-12 12:24:00 - [TEST_STEP][PASSED] - ctdc.utilities.runtestcaseforKatalon.RunKatalon("TC02_Canine_Filter_Study-NCATS.xlsx"): Data loaded from input file for the test case. 

2020-05-12 12:24:00 - [MESSAGE][PASSED] - Test case file loaded This is the full filepath after converting to string :C:\Users\radhakrishnang2\Desktop\Commons_Automation\InputFiles\TC02_Canine_Filter_Study-NCATS.xlsx

2020-05-12 12:24:00 - [MESSAGE][INFO] - Global variable set for password file is :  C:\Users\radhakrishnang2\Desktop\Commons_Automation\InputFiles\TC02_Canine_Filter_Study-NCATS.xlsx

2020-05-12 12:24:00 - [MESSAGE][PASSED] - Data loaded from input file for the test case. 

2020-05-12 12:24:04 - [TEST_STEP][PASSED] - click(findTestObject("Object Repository/Canine/Canine_Cases_Btn")): Object: 'Object Repository/Canine/Canine_Cases_Btn' is clicked on

2020-05-12 12:24:04 - [MESSAGE][PASSED] - Object: 'Object Repository/Canine/Canine_Cases_Btn' is clicked on

2020-05-12 12:24:04 - [TEST_STEP][PASSED] - click(findTestObject("Canine/Filter/Study/Canine_Filter_Study")): Object: 'Object Repository/Canine/Filter/Study/Canine_Filter_Study' is clicked on

2020-05-12 12:24:05 - [MESSAGE][PASSED] - Object: 'Object Repository/Canine/Filter/Study/Canine_Filter_Study' is clicked on

2020-05-12 12:24:05 - [TEST_STEP][PASSED] - click(findTestObject("Canine/Filter/Study/Canine_Filter_Study-NCATS_Chkbx")): Object: 'Object Repository/Canine/Filter/Study/Canine_Filter_Study-NCATS_Chkbx' is clicked on

2020-05-12 12:24:06 - [MESSAGE][PASSED] - Object: 'Object Repository/Canine/Filter/Study/Canine_Filter_Study-NCATS_Chkbx' is clicked on

2020-05-12 12:24:06 - [TEST_STEP][PASSED] - ctdc.utilities.runtestcaseforKatalon.ReadCasesTableKatalon("Object Repository/Canine/Canine_CasesTable", "Object Repository/Canine/Canine_TableHeader", "Object Repository/Canine/Canine_NextBtn"): ctdc.utilities.runtestcaseforKatalon.ReadCasesTableKatalon is PASSED

2020-05-12 12:24:17 - [MESSAGE][PASSED] - ctdc.utilities.runtestcaseforKatalon.ReadCasesTableKatalon is PASSED

2020-05-12 12:24:17 - [TEST_STEP][PASSED] - ctdc.utilities.ReadExcel.Neo4j(): ctdc.utilities.ReadExcel.Neo4j is PASSED

2020-05-12 12:24:20 - [MESSAGE][PASSED] - ctdc.utilities.ReadExcel.Neo4j is PASSED

2020-05-12 12:24:20 - [TEST_STEP][PASSED] - ctdc.utilities.runtestcaseforKatalon.compareLists(): ctdc.utilities.runtestcaseforKatalon.compareLists is PASSED

2020-05-12 12:24:20 - [MESSAGE][PASSED] - ctdc.utilities.runtestcaseforKatalon.compareLists is PASSED

2020-05-12 12:24:22 - [TEST_STEP][PASSED] - Video: Video recording for test case 'Test Cases/Canine_TestCases/Study/TC02_Canine_Filter_Study-NCATS' .

2020-05-12 12:24:22 - [MESSAGE][INFO] - Video recording for test case 'Test Cases/Canine_TestCases/Study/TC02_Canine_Filter_Study-NCATS' .
[[ATTACHMENT|C:\\Users\\radhakrishnang2\\Desktop\\Commons_Automation\\Reports\\20200512_122313\\Canine_TestSuite\\20200512_122313/videos\\test_2.avi]]]]></system-out>
         <system-err><![CDATA[]]></system-err>
      </testcase>
      <testcase name="Test Cases/Canine_TestCases/Study/TC03_Canine_Filter_Study-ALL" time="44.466" classname="Test Cases/Canine_TestCases/Study/TC03_Canine_Filter_Study-ALL" status="PASSED">
         <system-out><![CDATA[2020-05-12 12:24:22 - [TEST_CASE][PASSED] - Test Cases/Canine_TestCases/Study/TC03_Canine_Filter_Study-ALL: Test Cases/Canine_TestCases/Study/TC03_Canine_Filter_Study-ALL

2020-05-12 12:24:23 - [TEST_STEP][PASSED] - openBrowser(""): Browser is opened with url: ''

2020-05-12 12:24:23 - [MESSAGE][WARNING] - A browser is already opened. Closing browser and opening a new one

2020-05-12 12:24:24 - [MESSAGE][INFO] - Starting 'Firefox (headless)' driver

2020-05-12 12:24:27 - [MESSAGE][PASSED] - Browser is opened with url: ''

2020-05-12 12:24:27 - [TEST_STEP][PASSED] - ctdc.utilities.runtestcaseforKatalon.browserDriver(""): ctdc.utilities.runtestcaseforKatalon.browserDriver is PASSED

2020-05-12 12:24:27 - [MESSAGE][PASSED] - ctdc.utilities.runtestcaseforKatalon.browserDriver is PASSED

2020-05-12 12:24:27 - [TEST_STEP][PASSED] - ctdc.utilities.runtestcaseforKatalon.RunKatalon("TC03_Canine_Filter_Study-ALL.xlsx"): Data loaded from input file for the test case. 

2020-05-12 12:24:27 - [MESSAGE][PASSED] - Test case file loaded This is the full filepath after converting to string :C:\Users\radhakrishnang2\Desktop\Commons_Automation\InputFiles\TC03_Canine_Filter_Study-ALL.xlsx

2020-05-12 12:24:27 - [MESSAGE][INFO] - Global variable set for password file is :  C:\Users\radhakrishnang2\Desktop\Commons_Automation\InputFiles\TC03_Canine_Filter_Study-ALL.xlsx

2020-05-12 12:24:27 - [MESSAGE][PASSED] - Data loaded from input file for the test case. 

2020-05-12 12:24:30 - [TEST_STEP][PASSED] - click(findTestObject("Object Repository/Canine/Canine_Cases_Btn")): Object: 'Object Repository/Canine/Canine_Cases_Btn' is clicked on

2020-05-12 12:24:30 - [MESSAGE][PASSED] - Object: 'Object Repository/Canine/Canine_Cases_Btn' is clicked on

2020-05-12 12:24:30 - [TEST_STEP][PASSED] - click(findTestObject("Canine/Filter/Study/Canine_Filter_Study")): Object: 'Object Repository/Canine/Filter/Study/Canine_Filter_Study' is clicked on

2020-05-12 12:24:32 - [MESSAGE][PASSED] - Object: 'Object Repository/Canine/Filter/Study/Canine_Filter_Study' is clicked on

2020-05-12 12:24:32 - [TEST_STEP][PASSED] - click(findTestObject("Canine/Filter/Study/Canine_Filter_Study-COTB_Chkbx")): Object: 'Object Repository/Canine/Filter/Study/Canine_Filter_Study-COTB_Chkbx' is clicked on

2020-05-12 12:24:33 - [MESSAGE][PASSED] - Object: 'Object Repository/Canine/Filter/Study/Canine_Filter_Study-COTB_Chkbx' is clicked on

2020-05-12 12:24:33 - [TEST_STEP][PASSED] - click(findTestObject("Canine/Filter/Study/Canine_Filter_Study-NCATS_Chkbx")): Object: 'Object Repository/Canine/Filter/Study/Canine_Filter_Study-NCATS_Chkbx' is clicked on

2020-05-12 12:24:33 - [MESSAGE][PASSED] - Object: 'Object Repository/Canine/Filter/Study/Canine_Filter_Study-NCATS_Chkbx' is clicked on

2020-05-12 12:24:33 - [TEST_STEP][PASSED] - ctdc.utilities.runtestcaseforKatalon.ReadCasesTableKatalon("Object Repository/Canine/Canine_CasesTable", "Object Repository/Canine/Canine_TableHeader", "Object Repository/Canine/Canine_NextBtn"): ctdc.utilities.runtestcaseforKatalon.ReadCasesTableKatalon is PASSED

2020-05-12 12:25:01 - [MESSAGE][PASSED] - ctdc.utilities.runtestcaseforKatalon.ReadCasesTableKatalon is PASSED

2020-05-12 12:25:01 - [TEST_STEP][PASSED] - ctdc.utilities.ReadExcel.Neo4j(): ctdc.utilities.ReadExcel.Neo4j is PASSED

2020-05-12 12:25:05 - [MESSAGE][PASSED] - ctdc.utilities.ReadExcel.Neo4j is PASSED

2020-05-12 12:25:05 - [TEST_STEP][PASSED] - ctdc.utilities.runtestcaseforKatalon.compareLists(): ctdc.utilities.runtestcaseforKatalon.compareLists is PASSED

2020-05-12 12:25:05 - [MESSAGE][PASSED] - ctdc.utilities.runtestcaseforKatalon.compareLists is PASSED

2020-05-12 12:25:07 - [TEST_STEP][PASSED] - Video: Video recording for test case 'Test Cases/Canine_TestCases/Study/TC03_Canine_Filter_Study-ALL' .

2020-05-12 12:25:07 - [MESSAGE][INFO] - Video recording for test case 'Test Cases/Canine_TestCases/Study/TC03_Canine_Filter_Study-ALL' .
[[ATTACHMENT|C:\\Users\\radhakrishnang2\\Desktop\\Commons_Automation\\Reports\\20200512_122313\\Canine_TestSuite\\20200512_122313/videos\\test_3.avi]]]]></system-out>
         <system-err><![CDATA[]]></system-err>
      </testcase>
      <testcase name="Test Cases/Canine_TestCases/StudyType/TC01_Canine_Filter_StudyType-ClinicalTrial" time="30.584" classname="Test Cases/Canine_TestCases/StudyType/TC01_Canine_Filter_StudyType-ClinicalTrial" status="PASSED">
         <system-out><![CDATA[2020-05-12 12:25:07 - [TEST_CASE][PASSED] - Test Cases/Canine_TestCases/StudyType/TC01_Canine_Filter_StudyType-ClinicalTrial: Test Cases/Canine_TestCases/StudyType/TC01_Canine_Filter_StudyType-ClinicalTrial

2020-05-12 12:25:07 - [TEST_STEP][PASSED] - openBrowser(""): Browser is opened with url: ''

2020-05-12 12:25:07 - [MESSAGE][WARNING] - A browser is already opened. Closing browser and opening a new one

2020-05-12 12:25:08 - [MESSAGE][INFO] - Starting 'Firefox (headless)' driver

2020-05-12 12:25:12 - [MESSAGE][PASSED] - Browser is opened with url: ''

2020-05-12 12:25:12 - [TEST_STEP][PASSED] - ctdc.utilities.runtestcaseforKatalon.browserDriver(""): ctdc.utilities.runtestcaseforKatalon.browserDriver is PASSED

2020-05-12 12:25:12 - [MESSAGE][PASSED] - ctdc.utilities.runtestcaseforKatalon.browserDriver is PASSED

2020-05-12 12:25:12 - [TEST_STEP][PASSED] - ctdc.utilities.runtestcaseforKatalon.RunKatalon("TC02_Canine_Filter_Diagnosis-LipLingual.xlsx"): Data loaded from input file for the test case. 

2020-05-12 12:25:12 - [MESSAGE][PASSED] - Test case file loaded This is the full filepath after converting to string :C:\Users\radhakrishnang2\Desktop\Commons_Automation\InputFiles\TC02_Canine_Filter_Diagnosis-LipLingual.xlsx

2020-05-12 12:25:12 - [MESSAGE][INFO] - Global variable set for password file is :  C:\Users\radhakrishnang2\Desktop\Commons_Automation\InputFiles\TC02_Canine_Filter_Diagnosis-LipLingual.xlsx

2020-05-12 12:25:12 - [MESSAGE][PASSED] - Data loaded from input file for the test case. 

2020-05-12 12:25:15 - [TEST_STEP][PASSED] - click(findTestObject("Object Repository/Canine/Canine_Cases_Btn")): Object: 'Object Repository/Canine/Canine_Cases_Btn' is clicked on

2020-05-12 12:25:15 - [MESSAGE][PASSED] - Object: 'Object Repository/Canine/Canine_Cases_Btn' is clicked on

2020-05-12 12:25:15 - [TEST_STEP][PASSED] - click(findTestObject("Canine/Filter/StudyType/Canine_Filter_StudyType")): Object: 'Object Repository/Canine/Filter/StudyType/Canine_Filter_StudyType' is clicked on

2020-05-12 12:25:17 - [MESSAGE][PASSED] - Object: 'Object Repository/Canine/Filter/StudyType/Canine_Filter_StudyType' is clicked on

2020-05-12 12:25:17 - [TEST_STEP][PASSED] - click(findTestObject("Canine/Filter/StudyType/Canine_Filter_StudyType-ClinTrials_Chkbx")): Object: 'Object Repository/Canine/Filter/StudyType/Canine_Filter_StudyType-ClinTrials_Chkbx' is clicked on

2020-05-12 12:25:17 - [MESSAGE][PASSED] - Object: 'Object Repository/Canine/Filter/StudyType/Canine_Filter_StudyType-ClinTrials_Chkbx' is clicked on

2020-05-12 12:25:17 - [TEST_STEP][PASSED] - ctdc.utilities.runtestcaseforKatalon.ReadCasesTableKatalon("Object Repository/Canine/Canine_CasesTable", "Object Repository/Canine/Canine_TableHeader", "Object Repository/Canine/Canine_NextBtn"): ctdc.utilities.runtestcaseforKatalon.ReadCasesTableKatalon is PASSED

2020-05-12 12:25:32 - [MESSAGE][PASSED] - ctdc.utilities.runtestcaseforKatalon.ReadCasesTableKatalon is PASSED

2020-05-12 12:25:32 - [TEST_STEP][PASSED] - ctdc.utilities.ReadExcel.Neo4j(): ctdc.utilities.ReadExcel.Neo4j is PASSED

2020-05-12 12:25:35 - [MESSAGE][PASSED] - ctdc.utilities.ReadExcel.Neo4j is PASSED

2020-05-12 12:25:35 - [TEST_STEP][PASSED] - ctdc.utilities.runtestcaseforKatalon.compareLists(): ctdc.utilities.runtestcaseforKatalon.compareLists is PASSED

2020-05-12 12:25:35 - [MESSAGE][PASSED] - ctdc.utilities.runtestcaseforKatalon.compareLists is PASSED

2020-05-12 12:25:38 - [TEST_STEP][PASSED] - Video: Video recording for test case 'Test Cases/Canine_TestCases/StudyType/TC01_Canine_Filter_StudyType-ClinicalTrial' .

2020-05-12 12:25:38 - [MESSAGE][INFO] - Video recording for test case 'Test Cases/Canine_TestCases/StudyType/TC01_Canine_Filter_StudyType-ClinicalTrial' .
[[ATTACHMENT|C:\\Users\\radhakrishnang2\\Desktop\\Commons_Automation\\Reports\\20200512_122313\\Canine_TestSuite\\20200512_122313/videos\\test_4.avi]]]]></system-out>
         <system-err><![CDATA[]]></system-err>
      </testcase>
      <testcase name="Test Cases/Canine_TestCases/StudyType/TC02_Canine_Filter_StudyType-Transcriptomics" time="31.106" classname="Test Cases/Canine_TestCases/StudyType/TC02_Canine_Filter_StudyType-Transcriptomics" status="PASSED">
         <system-out><![CDATA[2020-05-12 12:25:38 - [TEST_CASE][PASSED] - Test Cases/Canine_TestCases/StudyType/TC02_Canine_Filter_StudyType-Transcriptomics: Test Cases/Canine_TestCases/StudyType/TC02_Canine_Filter_StudyType-Transcriptomics

2020-05-12 12:25:38 - [TEST_STEP][PASSED] - openBrowser(""): Browser is opened with url: ''

2020-05-12 12:25:38 - [MESSAGE][WARNING] - A browser is already opened. Closing browser and opening a new one

2020-05-12 12:25:39 - [MESSAGE][INFO] - Starting 'Firefox (headless)' driver

2020-05-12 12:25:42 - [MESSAGE][PASSED] - Browser is opened with url: ''

2020-05-12 12:25:42 - [TEST_STEP][PASSED] - ctdc.utilities.runtestcaseforKatalon.browserDriver(""): ctdc.utilities.runtestcaseforKatalon.browserDriver is PASSED

2020-05-12 12:25:42 - [MESSAGE][PASSED] - ctdc.utilities.runtestcaseforKatalon.browserDriver is PASSED

2020-05-12 12:25:42 - [TEST_STEP][PASSED] - ctdc.utilities.runtestcaseforKatalon.RunKatalon("TC02_Canine_Filter_StudyType-Transcriptomics.xlsx"): Data loaded from input file for the test case. 

2020-05-12 12:25:42 - [MESSAGE][PASSED] - Test case file loaded This is the full filepath after converting to string :C:\Users\radhakrishnang2\Desktop\Commons_Automation\InputFiles\TC02_Canine_Filter_StudyType-Transcriptomics.xlsx

2020-05-12 12:25:42 - [MESSAGE][INFO] - Global variable set for password file is :  C:\Users\radhakrishnang2\Desktop\Commons_Automation\InputFiles\TC02_Canine_Filter_StudyType-Transcriptomics.xlsx

2020-05-12 12:25:42 - [MESSAGE][PASSED] - Data loaded from input file for the test case. 

2020-05-12 12:25:45 - [TEST_STEP][PASSED] - click(findTestObject("Object Repository/Canine/Canine_Cases_Btn")): Object: 'Object Repository/Canine/Canine_Cases_Btn' is clicked on

2020-05-12 12:25:45 - [MESSAGE][PASSED] - Object: 'Object Repository/Canine/Canine_Cases_Btn' is clicked on

2020-05-12 12:25:45 - [TEST_STEP][PASSED] - click(findTestObject("Canine/Filter/StudyType/Canine_Filter_StudyType")): Object: 'Object Repository/Canine/Filter/StudyType/Canine_Filter_StudyType' is clicked on

2020-05-12 12:25:47 - [MESSAGE][PASSED] - Object: 'Object Repository/Canine/Filter/StudyType/Canine_Filter_StudyType' is clicked on

2020-05-12 12:25:47 - [TEST_STEP][PASSED] - click(findTestObject("Canine/Filter/StudyType/Canine_Filter_StudyType-ClinTrials_Chkbx")): Object: 'Object Repository/Canine/Filter/StudyType/Canine_Filter_StudyType-ClinTrials_Chkbx' is clicked on

2020-05-12 12:25:48 - [MESSAGE][PASSED] - Object: 'Object Repository/Canine/Filter/StudyType/Canine_Filter_StudyType-ClinTrials_Chkbx' is clicked on

2020-05-12 12:25:48 - [TEST_STEP][PASSED] - ctdc.utilities.runtestcaseforKatalon.ReadCasesTableKatalon("Object Repository/Canine/Canine_CasesTable", "Object Repository/Canine/Canine_TableHeader", "Object Repository/Canine/Canine_NextBtn"): ctdc.utilities.runtestcaseforKatalon.ReadCasesTableKatalon is PASSED

2020-05-12 12:26:03 - [MESSAGE][PASSED] - ctdc.utilities.runtestcaseforKatalon.ReadCasesTableKatalon is PASSED

2020-05-12 12:26:03 - [TEST_STEP][PASSED] - ctdc.utilities.ReadExcel.Neo4j(): ctdc.utilities.ReadExcel.Neo4j is PASSED

2020-05-12 12:26:06 - [MESSAGE][PASSED] - ctdc.utilities.ReadExcel.Neo4j is PASSED

2020-05-12 12:26:06 - [TEST_STEP][PASSED] - ctdc.utilities.runtestcaseforKatalon.compareLists(): ctdc.utilities.runtestcaseforKatalon.compareLists is PASSED

2020-05-12 12:26:07 - [MESSAGE][PASSED] - ctdc.utilities.runtestcaseforKatalon.compareLists is PASSED

2020-05-12 12:26:09 - [TEST_STEP][PASSED] - Video: Video recording for test case 'Test Cases/Canine_TestCases/StudyType/TC02_Canine_Filter_StudyType-Transcriptomics' .

2020-05-12 12:26:09 - [MESSAGE][INFO] - Video recording for test case 'Test Cases/Canine_TestCases/StudyType/TC02_Canine_Filter_StudyType-Transcriptomics' .
[[ATTACHMENT|C:\\Users\\radhakrishnang2\\Desktop\\Commons_Automation\\Reports\\20200512_122313\\Canine_TestSuite\\20200512_122313/videos\\test_5.avi]]]]></system-out>
         <system-err><![CDATA[]]></system-err>
      </testcase>
      <testcase name="Test Cases/Canine_TestCases/StudyType/TC03_Canine_Filter_StudyType-ALL" time="30.705" classname="Test Cases/Canine_TestCases/StudyType/TC03_Canine_Filter_StudyType-ALL" status="PASSED">
         <system-out><![CDATA[2020-05-12 12:26:09 - [TEST_CASE][PASSED] - Test Cases/Canine_TestCases/StudyType/TC03_Canine_Filter_StudyType-ALL: Test Cases/Canine_TestCases/StudyType/TC03_Canine_Filter_StudyType-ALL

2020-05-12 12:26:09 - [TEST_STEP][PASSED] - openBrowser(""): Browser is opened with url: ''

2020-05-12 12:26:09 - [MESSAGE][WARNING] - A browser is already opened. Closing browser and opening a new one

2020-05-12 12:26:10 - [MESSAGE][INFO] - Starting 'Firefox (headless)' driver

2020-05-12 12:26:13 - [MESSAGE][PASSED] - Browser is opened with url: ''

2020-05-12 12:26:13 - [TEST_STEP][PASSED] - ctdc.utilities.runtestcaseforKatalon.browserDriver(""): ctdc.utilities.runtestcaseforKatalon.browserDriver is PASSED

2020-05-12 12:26:13 - [MESSAGE][PASSED] - ctdc.utilities.runtestcaseforKatalon.browserDriver is PASSED

2020-05-12 12:26:13 - [TEST_STEP][PASSED] - ctdc.utilities.runtestcaseforKatalon.RunKatalon("TC03_Canine_Filter_StudyType-ALL.xlsx"): Data loaded from input file for the test case. 

2020-05-12 12:26:13 - [MESSAGE][PASSED] - Test case file loaded This is the full filepath after converting to string :C:\Users\radhakrishnang2\Desktop\Commons_Automation\InputFiles\TC03_Canine_Filter_StudyType-ALL.xlsx

2020-05-12 12:26:13 - [MESSAGE][INFO] - Global variable set for password file is :  C:\Users\radhakrishnang2\Desktop\Commons_Automation\InputFiles\TC03_Canine_Filter_StudyType-ALL.xlsx

2020-05-12 12:26:14 - [MESSAGE][PASSED] - Data loaded from input file for the test case. 

2020-05-12 12:26:16 - [TEST_STEP][PASSED] - click(findTestObject("Object Repository/Canine/Canine_Cases_Btn")): Object: 'Object Repository/Canine/Canine_Cases_Btn' is clicked on

2020-05-12 12:26:16 - [MESSAGE][PASSED] - Object: 'Object Repository/Canine/Canine_Cases_Btn' is clicked on

2020-05-12 12:26:16 - [TEST_STEP][PASSED] - click(findTestObject("Canine/Filter/StudyType/Canine_Filter_StudyType")): Object: 'Object Repository/Canine/Filter/StudyType/Canine_Filter_StudyType' is clicked on

2020-05-12 12:26:18 - [MESSAGE][PASSED] - Object: 'Object Repository/Canine/Filter/StudyType/Canine_Filter_StudyType' is clicked on

2020-05-12 12:26:18 - [TEST_STEP][PASSED] - click(findTestObject("Canine/Filter/StudyType/Canine_Filter_StudyType-ClinTrials_Chkbx")): Object: 'Object Repository/Canine/Filter/StudyType/Canine_Filter_StudyType-ClinTrials_Chkbx' is clicked on

2020-05-12 12:26:18 - [MESSAGE][PASSED] - Object: 'Object Repository/Canine/Filter/StudyType/Canine_Filter_StudyType-ClinTrials_Chkbx' is clicked on

2020-05-12 12:26:18 - [TEST_STEP][PASSED] - ctdc.utilities.runtestcaseforKatalon.ReadCasesTableKatalon("Object Repository/Canine/Canine_CasesTable", "Object Repository/Canine/Canine_TableHeader", "Object Repository/Canine/Canine_NextBtn"): ctdc.utilities.runtestcaseforKatalon.ReadCasesTableKatalon is PASSED

2020-05-12 12:26:34 - [MESSAGE][PASSED] - ctdc.utilities.runtestcaseforKatalon.ReadCasesTableKatalon is PASSED

2020-05-12 12:26:34 - [TEST_STEP][PASSED] - ctdc.utilities.ReadExcel.Neo4j(): ctdc.utilities.ReadExcel.Neo4j is PASSED

2020-05-12 12:26:37 - [MESSAGE][PASSED] - ctdc.utilities.ReadExcel.Neo4j is PASSED

2020-05-12 12:26:37 - [TEST_STEP][PASSED] - ctdc.utilities.runtestcaseforKatalon.compareLists(): ctdc.utilities.runtestcaseforKatalon.compareLists is PASSED

2020-05-12 12:26:37 - [MESSAGE][PASSED] - ctdc.utilities.runtestcaseforKatalon.compareLists is PASSED

2020-05-12 12:26:39 - [TEST_STEP][PASSED] - Video: Video recording for test case 'Test Cases/Canine_TestCases/StudyType/TC03_Canine_Filter_StudyType-ALL' .

2020-05-12 12:26:39 - [MESSAGE][INFO] - Video recording for test case 'Test Cases/Canine_TestCases/StudyType/TC03_Canine_Filter_StudyType-ALL' .
[[ATTACHMENT|C:\\Users\\radhakrishnang2\\Desktop\\Commons_Automation\\Reports\\20200512_122313\\Canine_TestSuite\\20200512_122313/videos\\test_6.avi]]]]></system-out>
         <system-err><![CDATA[]]></system-err>
      </testcase>
      <testcase name="Test Cases/Canine_TestCases/Breed/TC01_Canine_Filter_Breed-Akita" time="22.983" classname="Test Cases/Canine_TestCases/Breed/TC01_Canine_Filter_Breed-Akita" status="PASSED">
         <system-out><![CDATA[2020-05-12 12:26:39 - [TEST_CASE][PASSED] - Test Cases/Canine_TestCases/Breed/TC01_Canine_Filter_Breed-Akita: Test Cases/Canine_TestCases/Breed/TC01_Canine_Filter_Breed-Akita

2020-05-12 12:26:40 - [TEST_STEP][PASSED] - openBrowser(""): Browser is opened with url: ''

2020-05-12 12:26:40 - [MESSAGE][WARNING] - A browser is already opened. Closing browser and opening a new one

2020-05-12 12:26:41 - [MESSAGE][INFO] - Starting 'Firefox (headless)' driver

2020-05-12 12:26:44 - [MESSAGE][PASSED] - Browser is opened with url: ''

2020-05-12 12:26:44 - [TEST_STEP][PASSED] - ctdc.utilities.runtestcaseforKatalon.browserDriver(""): ctdc.utilities.runtestcaseforKatalon.browserDriver is PASSED

2020-05-12 12:26:44 - [MESSAGE][PASSED] - ctdc.utilities.runtestcaseforKatalon.browserDriver is PASSED

2020-05-12 12:26:44 - [TEST_STEP][PASSED] - ctdc.utilities.runtestcaseforKatalon.RunKatalon("TC01_Canine_Filter_Breed-Akita.xlsx"): Data loaded from input file for the test case. 

2020-05-12 12:26:44 - [MESSAGE][PASSED] - Test case file loaded This is the full filepath after converting to string :C:\Users\radhakrishnang2\Desktop\Commons_Automation\InputFiles\TC01_Canine_Filter_Breed-Akita.xlsx

2020-05-12 12:26:44 - [MESSAGE][INFO] - Global variable set for password file is :  C:\Users\radhakrishnang2\Desktop\Commons_Automation\InputFiles\TC01_Canine_Filter_Breed-Akita.xlsx

2020-05-12 12:26:44 - [MESSAGE][PASSED] - Data loaded from input file for the test case. 

2020-05-12 12:26:54 - [TEST_STEP][PASSED] - click(findTestObject("Object Repository/Canine/Canine_Cases_Btn")): Object: 'Object Repository/Canine/Canine_Cases_Btn' is clicked on

2020-05-12 12:26:54 - [MESSAGE][PASSED] - Object: 'Object Repository/Canine/Canine_Cases_Btn' is clicked on

2020-05-12 12:26:54 - [TEST_STEP][PASSED] - click(findTestObject("Object Repository/Canine/Filter/Breed/BREED_Ddn")): Object: 'Object Repository/Canine/Filter/Breed/BREED_Ddn' is clicked on

2020-05-12 12:26:56 - [MESSAGE][PASSED] - Object: 'Object Repository/Canine/Filter/Breed/BREED_Ddn' is clicked on

2020-05-12 12:26:56 - [TEST_STEP][PASSED] - click(findTestObject("Object Repository/Canine/Filter/Breed/Akita_Chkbx")): Object: 'Object Repository/Canine/Filter/Breed/Akita_Chkbx' is clicked on

2020-05-12 12:26:56 - [MESSAGE][PASSED] - Object: 'Object Repository/Canine/Filter/Breed/Akita_Chkbx' is clicked on

2020-05-12 12:26:56 - [TEST_STEP][PASSED] - ctdc.utilities.runtestcaseforKatalon.ReadCasesTableKatalon("Object Repository/Canine/Canine_CasesTable", "Object Repository/Canine/Canine_TableHeader", "Object Repository/Canine/Canine_NextBtn"): ctdc.utilities.runtestcaseforKatalon.ReadCasesTableKatalon is PASSED

2020-05-12 12:26:57 - [MESSAGE][PASSED] - ctdc.utilities.runtestcaseforKatalon.ReadCasesTableKatalon is PASSED

2020-05-12 12:26:57 - [TEST_STEP][PASSED] - ctdc.utilities.ReadExcel.Neo4j(): ctdc.utilities.ReadExcel.Neo4j is PASSED

2020-05-12 12:27:00 - [MESSAGE][PASSED] - ctdc.utilities.ReadExcel.Neo4j is PASSED

2020-05-12 12:27:00 - [TEST_STEP][PASSED] - ctdc.utilities.runtestcaseforKatalon.compareLists(): ctdc.utilities.runtestcaseforKatalon.compareLists is PASSED

2020-05-12 12:27:00 - [MESSAGE][PASSED] - ctdc.utilities.runtestcaseforKatalon.compareLists is PASSED

2020-05-12 12:27:02 - [TEST_STEP][PASSED] - Video: Video recording for test case 'Test Cases/Canine_TestCases/Breed/TC01_Canine_Filter_Breed-Akita' .

2020-05-12 12:27:02 - [MESSAGE][INFO] - Video recording for test case 'Test Cases/Canine_TestCases/Breed/TC01_Canine_Filter_Breed-Akita' .
[[ATTACHMENT|C:\\Users\\radhakrishnang2\\Desktop\\Commons_Automation\\Reports\\20200512_122313\\Canine_TestSuite\\20200512_122313/videos\\test_7.avi]]]]></system-out>
         <system-err><![CDATA[]]></system-err>
      </testcase>
      <testcase name="Test Cases/Canine_TestCases/Breed/TC02_Canine_Filter_Breed-AmerStaffd" time="21.998" classname="Test Cases/Canine_TestCases/Breed/TC02_Canine_Filter_Breed-AmerStaffd" status="PASSED">
         <system-out><![CDATA[2020-05-12 12:27:02 - [TEST_CASE][PASSED] - Test Cases/Canine_TestCases/Breed/TC02_Canine_Filter_Breed-AmerStaffd: Test Cases/Canine_TestCases/Breed/TC02_Canine_Filter_Breed-AmerStaffd

2020-05-12 12:27:03 - [TEST_STEP][PASSED] - openBrowser(""): Browser is opened with url: ''

2020-05-12 12:27:03 - [MESSAGE][WARNING] - A browser is already opened. Closing browser and opening a new one

2020-05-12 12:27:04 - [MESSAGE][INFO] - Starting 'Firefox (headless)' driver

2020-05-12 12:27:07 - [MESSAGE][PASSED] - Browser is opened with url: ''

2020-05-12 12:27:07 - [TEST_STEP][PASSED] - ctdc.utilities.runtestcaseforKatalon.browserDriver(""): ctdc.utilities.runtestcaseforKatalon.browserDriver is PASSED

2020-05-12 12:27:07 - [MESSAGE][PASSED] - ctdc.utilities.runtestcaseforKatalon.browserDriver is PASSED

2020-05-12 12:27:07 - [TEST_STEP][PASSED] - ctdc.utilities.runtestcaseforKatalon.RunKatalon("TC02_Canine_Filter_Breed-AmerStaffd.xlsx"): Data loaded from input file for the test case. 

2020-05-12 12:27:07 - [MESSAGE][PASSED] - Test case file loaded This is the full filepath after converting to string :C:\Users\radhakrishnang2\Desktop\Commons_Automation\InputFiles\TC02_Canine_Filter_Breed-AmerStaffd.xlsx

2020-05-12 12:27:07 - [MESSAGE][INFO] - Global variable set for password file is :  C:\Users\radhakrishnang2\Desktop\Commons_Automation\InputFiles\TC02_Canine_Filter_Breed-AmerStaffd.xlsx

2020-05-12 12:27:07 - [MESSAGE][PASSED] - Data loaded from input file for the test case. 

2020-05-12 12:27:15 - [TEST_STEP][PASSED] - click(findTestObject("Object Repository/Canine/Canine_Cases_Btn")): Object: 'Object Repository/Canine/Canine_Cases_Btn' is clicked on

2020-05-12 12:27:15 - [MESSAGE][PASSED] - Object: 'Object Repository/Canine/Canine_Cases_Btn' is clicked on

2020-05-12 12:27:15 - [TEST_STEP][PASSED] - click(findTestObject("Object Repository/Canine/Filter/Breed/BREED_Ddn")): Object: 'Object Repository/Canine/Filter/Breed/BREED_Ddn' is clicked on

2020-05-12 12:27:17 - [MESSAGE][PASSED] - Object: 'Object Repository/Canine/Filter/Breed/BREED_Ddn' is clicked on

2020-05-12 12:27:17 - [TEST_STEP][PASSED] - click(findTestObject("Object Repository/Canine/Filter/Breed/AmerStaffd_Chkbx")): Object: 'Object Repository/Canine/Filter/Breed/AmerStaffd_Chkbx' is clicked on

2020-05-12 12:27:18 - [MESSAGE][PASSED] - Object: 'Object Repository/Canine/Filter/Breed/AmerStaffd_Chkbx' is clicked on

2020-05-12 12:27:18 - [TEST_STEP][PASSED] - ctdc.utilities.runtestcaseforKatalon.ReadCasesTableKatalon("Object Repository/Canine/Canine_CasesTable", "Object Repository/Canine/Canine_TableHeader", "Object Repository/Canine/Canine_NextBtn"): ctdc.utilities.runtestcaseforKatalon.ReadCasesTableKatalon is PASSED

2020-05-12 12:27:19 - [MESSAGE][PASSED] - ctdc.utilities.runtestcaseforKatalon.ReadCasesTableKatalon is PASSED

2020-05-12 12:27:19 - [TEST_STEP][PASSED] - ctdc.utilities.ReadExcel.Neo4j(): ctdc.utilities.ReadExcel.Neo4j is PASSED

2020-05-12 12:27:22 - [MESSAGE][PASSED] - ctdc.utilities.ReadExcel.Neo4j is PASSED

2020-05-12 12:27:22 - [TEST_STEP][PASSED] - ctdc.utilities.runtestcaseforKatalon.compareLists(): ctdc.utilities.runtestcaseforKatalon.compareLists is PASSED

2020-05-12 12:27:22 - [MESSAGE][PASSED] - ctdc.utilities.runtestcaseforKatalon.compareLists is PASSED

2020-05-12 12:27:24 - [TEST_STEP][PASSED] - Video: Video recording for test case 'Test Cases/Canine_TestCases/Breed/TC02_Canine_Filter_Breed-AmerStaffd' .

2020-05-12 12:27:24 - [MESSAGE][INFO] - Video recording for test case 'Test Cases/Canine_TestCases/Breed/TC02_Canine_Filter_Breed-AmerStaffd' .
[[ATTACHMENT|C:\\Users\\radhakrishnang2\\Desktop\\Commons_Automation\\Reports\\20200512_122313\\Canine_TestSuite\\20200512_122313/videos\\test_8.avi]]]]></system-out>
         <system-err><![CDATA[]]></system-err>
      </testcase>
      <testcase name="Test Cases/Canine_TestCases/Breed/TC03_Canine_Filter_Breed-AusShephd" time="19.879" classname="Test Cases/Canine_TestCases/Breed/TC03_Canine_Filter_Breed-AusShephd" status="PASSED">
         <system-out><![CDATA[2020-05-12 12:27:24 - [TEST_CASE][PASSED] - Test Cases/Canine_TestCases/Breed/TC03_Canine_Filter_Breed-AusShephd: Test Cases/Canine_TestCases/Breed/TC03_Canine_Filter_Breed-AusShephd

2020-05-12 12:27:25 - [TEST_STEP][PASSED] - openBrowser(""): Browser is opened with url: ''

2020-05-12 12:27:25 - [MESSAGE][WARNING] - A browser is already opened. Closing browser and opening a new one

2020-05-12 12:27:26 - [MESSAGE][INFO] - Starting 'Firefox (headless)' driver

2020-05-12 12:27:29 - [MESSAGE][PASSED] - Browser is opened with url: ''

2020-05-12 12:27:29 - [TEST_STEP][PASSED] - ctdc.utilities.runtestcaseforKatalon.browserDriver(""): ctdc.utilities.runtestcaseforKatalon.browserDriver is PASSED

2020-05-12 12:27:29 - [MESSAGE][PASSED] - ctdc.utilities.runtestcaseforKatalon.browserDriver is PASSED

2020-05-12 12:27:29 - [TEST_STEP][PASSED] - ctdc.utilities.runtestcaseforKatalon.RunKatalon("TC03_Canine_Filter_Breed-AusShephd.xlsx"): Data loaded from input file for the test case. 

2020-05-12 12:27:29 - [MESSAGE][PASSED] - Test case file loaded This is the full filepath after converting to string :C:\Users\radhakrishnang2\Desktop\Commons_Automation\InputFiles\TC03_Canine_Filter_Breed-AusShephd.xlsx

2020-05-12 12:27:29 - [MESSAGE][INFO] - Global variable set for password file is :  C:\Users\radhakrishnang2\Desktop\Commons_Automation\InputFiles\TC03_Canine_Filter_Breed-AusShephd.xlsx

2020-05-12 12:27:29 - [MESSAGE][PASSED] - Data loaded from input file for the test case. 

2020-05-12 12:27:35 - [TEST_STEP][PASSED] - click(findTestObject("Object Repository/Canine/Canine_Cases_Btn")): Object: 'Object Repository/Canine/Canine_Cases_Btn' is clicked on

2020-05-12 12:27:35 - [MESSAGE][PASSED] - Object: 'Object Repository/Canine/Canine_Cases_Btn' is clicked on

2020-05-12 12:27:35 - [TEST_STEP][PASSED] - click(findTestObject("Object Repository/Canine/Filter/Breed/BREED_Ddn")): Object: 'Object Repository/Canine/Filter/Breed/BREED_Ddn' is clicked on

2020-05-12 12:27:37 - [MESSAGE][PASSED] - Object: 'Object Repository/Canine/Filter/Breed/BREED_Ddn' is clicked on

2020-05-12 12:27:37 - [TEST_STEP][PASSED] - click(findTestObject("Object Repository/Canine/Filter/Breed/AusShephd_Chkbx")): Object: 'Object Repository/Canine/Filter/Breed/AusShephd_Chkbx' is clicked on

2020-05-12 12:27:38 - [MESSAGE][PASSED] - Object: 'Object Repository/Canine/Filter/Breed/AusShephd_Chkbx' is clicked on

2020-05-12 12:27:38 - [TEST_STEP][PASSED] - ctdc.utilities.runtestcaseforKatalon.ReadCasesTableKatalon("Object Repository/Canine/Canine_CasesTable", "Object Repository/Canine/Canine_TableHeader", "Object Repository/Canine/Canine_NextBtn"): ctdc.utilities.runtestcaseforKatalon.ReadCasesTableKatalon is PASSED

2020-05-12 12:27:39 - [MESSAGE][PASSED] - ctdc.utilities.runtestcaseforKatalon.ReadCasesTableKatalon is PASSED

2020-05-12 12:27:39 - [TEST_STEP][PASSED] - ctdc.utilities.ReadExcel.Neo4j(): ctdc.utilities.ReadExcel.Neo4j is PASSED

2020-05-12 12:27:42 - [MESSAGE][PASSED] - ctdc.utilities.ReadExcel.Neo4j is PASSED

2020-05-12 12:27:42 - [TEST_STEP][PASSED] - ctdc.utilities.runtestcaseforKatalon.compareLists(): ctdc.utilities.runtestcaseforKatalon.compareLists is PASSED

2020-05-12 12:27:42 - [MESSAGE][PASSED] - ctdc.utilities.runtestcaseforKatalon.compareLists is PASSED

2020-05-12 12:27:44 - [TEST_STEP][PASSED] - Video: Video recording for test case 'Test Cases/Canine_TestCases/Breed/TC03_Canine_Filter_Breed-AusShephd' .

2020-05-12 12:27:44 - [MESSAGE][INFO] - Video recording for test case 'Test Cases/Canine_TestCases/Breed/TC03_Canine_Filter_Breed-AusShephd' .
[[ATTACHMENT|C:\\Users\\radhakrishnang2\\Desktop\\Commons_Automation\\Reports\\20200512_122313\\Canine_TestSuite\\20200512_122313/videos\\test_9.avi]]]]></system-out>
         <system-err><![CDATA[]]></system-err>
      </testcase>
      <testcase name="Test Cases/Canine_TestCases/Breed/TC04_Canine_Filter_Breed-BassHnd" time="17.425" classname="Test Cases/Canine_TestCases/Breed/TC04_Canine_Filter_Breed-BassHnd" status="PASSED">
         <system-out><![CDATA[2020-05-12 12:27:44 - [TEST_CASE][PASSED] - Test Cases/Canine_TestCases/Breed/TC04_Canine_Filter_Breed-BassHnd: Test Cases/Canine_TestCases/Breed/TC04_Canine_Filter_Breed-BassHnd

2020-05-12 12:27:45 - [TEST_STEP][PASSED] - openBrowser(""): Browser is opened with url: ''

2020-05-12 12:27:45 - [MESSAGE][WARNING] - A browser is already opened. Closing browser and opening a new one

2020-05-12 12:27:46 - [MESSAGE][INFO] - Starting 'Firefox (headless)' driver

2020-05-12 12:27:49 - [MESSAGE][PASSED] - Browser is opened with url: ''

2020-05-12 12:27:49 - [TEST_STEP][PASSED] - ctdc.utilities.runtestcaseforKatalon.browserDriver(""): ctdc.utilities.runtestcaseforKatalon.browserDriver is PASSED

2020-05-12 12:27:49 - [MESSAGE][PASSED] - ctdc.utilities.runtestcaseforKatalon.browserDriver is PASSED

2020-05-12 12:27:49 - [TEST_STEP][PASSED] - ctdc.utilities.runtestcaseforKatalon.RunKatalon("TC04_Canine_Filter_Breed-BassHnd.xlsx"): Data loaded from input file for the test case. 

2020-05-12 12:27:49 - [MESSAGE][PASSED] - Test case file loaded This is the full filepath after converting to string :C:\Users\radhakrishnang2\Desktop\Commons_Automation\InputFiles\TC04_Canine_Filter_Breed-BassHnd.xlsx

2020-05-12 12:27:49 - [MESSAGE][INFO] - Global variable set for password file is :  C:\Users\radhakrishnang2\Desktop\Commons_Automation\InputFiles\TC04_Canine_Filter_Breed-BassHnd.xlsx

2020-05-12 12:27:49 - [MESSAGE][PASSED] - Data loaded from input file for the test case. 

2020-05-12 12:27:53 - [TEST_STEP][PASSED] - click(findTestObject("Object Repository/Canine/Canine_Cases_Btn")): Object: 'Object Repository/Canine/Canine_Cases_Btn' is clicked on

2020-05-12 12:27:53 - [MESSAGE][PASSED] - Object: 'Object Repository/Canine/Canine_Cases_Btn' is clicked on

2020-05-12 12:27:53 - [TEST_STEP][PASSED] - click(findTestObject("Object Repository/Canine/Filter/Breed/BREED_Ddn")): Object: 'Object Repository/Canine/Filter/Breed/BREED_Ddn' is clicked on

2020-05-12 12:27:55 - [MESSAGE][PASSED] - Object: 'Object Repository/Canine/Filter/Breed/BREED_Ddn' is clicked on

2020-05-12 12:27:55 - [TEST_STEP][PASSED] - click(findTestObject("Object Repository/Canine/Filter/Breed/BassHnd_Chkbx")): Object: 'Object Repository/Canine/Filter/Breed/BassHnd_Chkbx' is clicked on

2020-05-12 12:27:55 - [MESSAGE][PASSED] - Object: 'Object Repository/Canine/Filter/Breed/BassHnd_Chkbx' is clicked on

2020-05-12 12:27:55 - [TEST_STEP][PASSED] - ctdc.utilities.runtestcaseforKatalon.ReadCasesTableKatalon("Object Repository/Canine/Canine_CasesTable", "Object Repository/Canine/Canine_TableHeader", "Object Repository/Canine/Canine_NextBtn"): ctdc.utilities.runtestcaseforKatalon.ReadCasesTableKatalon is PASSED

2020-05-12 12:27:56 - [MESSAGE][PASSED] - ctdc.utilities.runtestcaseforKatalon.ReadCasesTableKatalon is PASSED

2020-05-12 12:27:56 - [TEST_STEP][PASSED] - ctdc.utilities.ReadExcel.Neo4j(): ctdc.utilities.ReadExcel.Neo4j is PASSED

2020-05-12 12:28:00 - [MESSAGE][PASSED] - ctdc.utilities.ReadExcel.Neo4j is PASSED

2020-05-12 12:28:00 - [TEST_STEP][PASSED] - ctdc.utilities.runtestcaseforKatalon.compareLists(): ctdc.utilities.runtestcaseforKatalon.compareLists is PASSED

2020-05-12 12:28:00 - [MESSAGE][PASSED] - ctdc.utilities.runtestcaseforKatalon.compareLists is PASSED

2020-05-12 12:28:02 - [TEST_STEP][PASSED] - Video: Video recording for test case 'Test Cases/Canine_TestCases/Breed/TC04_Canine_Filter_Breed-BassHnd' .

2020-05-12 12:28:02 - [MESSAGE][INFO] - Video recording for test case 'Test Cases/Canine_TestCases/Breed/TC04_Canine_Filter_Breed-BassHnd' .
[[ATTACHMENT|C:\\Users\\radhakrishnang2\\Desktop\\Commons_Automation\\Reports\\20200512_122313\\Canine_TestSuite\\20200512_122313/videos\\test_10.avi]]]]></system-out>
         <system-err><![CDATA[]]></system-err>
      </testcase>
      <testcase name="Test Cases/Canine_TestCases/Breed/TC05_Canine_Filter_Breed-Beagle" time="17.366" classname="Test Cases/Canine_TestCases/Breed/TC05_Canine_Filter_Breed-Beagle" status="PASSED">
         <system-out><![CDATA[2020-05-12 12:28:02 - [TEST_CASE][PASSED] - Test Cases/Canine_TestCases/Breed/TC05_Canine_Filter_Breed-Beagle: Test Cases/Canine_TestCases/Breed/TC05_Canine_Filter_Breed-Beagle

2020-05-12 12:28:02 - [TEST_STEP][PASSED] - openBrowser(""): Browser is opened with url: ''

2020-05-12 12:28:02 - [MESSAGE][WARNING] - A browser is already opened. Closing browser and opening a new one

2020-05-12 12:28:03 - [MESSAGE][INFO] - Starting 'Firefox (headless)' driver

2020-05-12 12:28:06 - [MESSAGE][PASSED] - Browser is opened with url: ''

2020-05-12 12:28:06 - [TEST_STEP][PASSED] - ctdc.utilities.runtestcaseforKatalon.browserDriver(""): ctdc.utilities.runtestcaseforKatalon.browserDriver is PASSED

2020-05-12 12:28:06 - [MESSAGE][PASSED] - ctdc.utilities.runtestcaseforKatalon.browserDriver is PASSED

2020-05-12 12:28:06 - [TEST_STEP][PASSED] - ctdc.utilities.runtestcaseforKatalon.RunKatalon("TC05_Canine_Filter_Breed-Beagle.xlsx"): Data loaded from input file for the test case. 

2020-05-12 12:28:06 - [MESSAGE][PASSED] - Test case file loaded This is the full filepath after converting to string :C:\Users\radhakrishnang2\Desktop\Commons_Automation\InputFiles\TC05_Canine_Filter_Breed-Beagle.xlsx

2020-05-12 12:28:06 - [MESSAGE][INFO] - Global variable set for password file is :  C:\Users\radhakrishnang2\Desktop\Commons_Automation\InputFiles\TC05_Canine_Filter_Breed-Beagle.xlsx

2020-05-12 12:28:06 - [MESSAGE][PASSED] - Data loaded from input file for the test case. 

2020-05-12 12:28:10 - [TEST_STEP][PASSED] - click(findTestObject("Object Repository/Canine/Canine_Cases_Btn")): Object: 'Object Repository/Canine/Canine_Cases_Btn' is clicked on

2020-05-12 12:28:10 - [MESSAGE][PASSED] - Object: 'Object Repository/Canine/Canine_Cases_Btn' is clicked on

2020-05-12 12:28:10 - [TEST_STEP][PASSED] - click(findTestObject("Object Repository/Canine/Filter/Breed/BREED_Ddn")): Object: 'Object Repository/Canine/Filter/Breed/BREED_Ddn' is clicked on

2020-05-12 12:28:11 - [MESSAGE][PASSED] - Object: 'Object Repository/Canine/Filter/Breed/BREED_Ddn' is clicked on

2020-05-12 12:28:11 - [TEST_STEP][PASSED] - click(findTestObject("Object Repository/Canine/Filter/Breed/Beagle_Chkbx")): Object: 'Object Repository/Canine/Filter/Breed/Beagle_Chkbx' is clicked on

2020-05-12 12:28:12 - [MESSAGE][PASSED] - Object: 'Object Repository/Canine/Filter/Breed/Beagle_Chkbx' is clicked on

2020-05-12 12:28:12 - [TEST_STEP][PASSED] - ctdc.utilities.runtestcaseforKatalon.ReadCasesTableKatalon("Object Repository/Canine/Canine_CasesTable", "Object Repository/Canine/Canine_TableHeader", "Object Repository/Canine/Canine_NextBtn"): ctdc.utilities.runtestcaseforKatalon.ReadCasesTableKatalon is PASSED

2020-05-12 12:28:14 - [MESSAGE][PASSED] - ctdc.utilities.runtestcaseforKatalon.ReadCasesTableKatalon is PASSED

2020-05-12 12:28:14 - [TEST_STEP][PASSED] - ctdc.utilities.ReadExcel.Neo4j(): ctdc.utilities.ReadExcel.Neo4j is PASSED

2020-05-12 12:28:17 - [MESSAGE][PASSED] - ctdc.utilities.ReadExcel.Neo4j is PASSED

2020-05-12 12:28:17 - [TEST_STEP][PASSED] - ctdc.utilities.runtestcaseforKatalon.compareLists(): ctdc.utilities.runtestcaseforKatalon.compareLists is PASSED

2020-05-12 12:28:17 - [MESSAGE][PASSED] - ctdc.utilities.runtestcaseforKatalon.compareLists is PASSED

2020-05-12 12:28:19 - [TEST_STEP][PASSED] - Video: Video recording for test case 'Test Cases/Canine_TestCases/Breed/TC05_Canine_Filter_Breed-Beagle' .

2020-05-12 12:28:19 - [MESSAGE][INFO] - Video recording for test case 'Test Cases/Canine_TestCases/Breed/TC05_Canine_Filter_Breed-Beagle' .
[[ATTACHMENT|C:\\Users\\radhakrishnang2\\Desktop\\Commons_Automation\\Reports\\20200512_122313\\Canine_TestSuite\\20200512_122313/videos\\test_11.avi]]]]></system-out>
         <system-err><![CDATA[]]></system-err>
      </testcase>
      <testcase name="Test Cases/Canine_TestCases/Breed/TC06_Canine_Filter_Breed-BelgMalin" time="16.851" classname="Test Cases/Canine_TestCases/Breed/TC06_Canine_Filter_Breed-BelgMalin" status="PASSED">
         <system-out><![CDATA[2020-05-12 12:28:19 - [TEST_CASE][PASSED] - Test Cases/Canine_TestCases/Breed/TC06_Canine_Filter_Breed-BelgMalin: Test Cases/Canine_TestCases/Breed/TC06_Canine_Filter_Breed-BelgMalin

2020-05-12 12:28:19 - [TEST_STEP][PASSED] - openBrowser(""): Browser is opened with url: ''

2020-05-12 12:28:19 - [MESSAGE][WARNING] - A browser is already opened. Closing browser and opening a new one

2020-05-12 12:28:20 - [MESSAGE][INFO] - Starting 'Firefox (headless)' driver

2020-05-12 12:28:24 - [MESSAGE][PASSED] - Browser is opened with url: ''

2020-05-12 12:28:24 - [TEST_STEP][PASSED] - ctdc.utilities.runtestcaseforKatalon.browserDriver(""): ctdc.utilities.runtestcaseforKatalon.browserDriver is PASSED

2020-05-12 12:28:24 - [MESSAGE][PASSED] - ctdc.utilities.runtestcaseforKatalon.browserDriver is PASSED

2020-05-12 12:28:24 - [TEST_STEP][PASSED] - ctdc.utilities.runtestcaseforKatalon.RunKatalon("TC06_Canine_Filter_Breed-BelgMalin.xlsx"): Data loaded from input file for the test case. 

2020-05-12 12:28:24 - [MESSAGE][PASSED] - Test case file loaded This is the full filepath after converting to string :C:\Users\radhakrishnang2\Desktop\Commons_Automation\InputFiles\TC06_Canine_Filter_Breed-BelgMalin.xlsx

2020-05-12 12:28:24 - [MESSAGE][INFO] - Global variable set for password file is :  C:\Users\radhakrishnang2\Desktop\Commons_Automation\InputFiles\TC06_Canine_Filter_Breed-BelgMalin.xlsx

2020-05-12 12:28:24 - [MESSAGE][PASSED] - Data loaded from input file for the test case. 

2020-05-12 12:28:28 - [TEST_STEP][PASSED] - click(findTestObject("Object Repository/Canine/Canine_Cases_Btn")): Object: 'Object Repository/Canine/Canine_Cases_Btn' is clicked on

2020-05-12 12:28:28 - [MESSAGE][PASSED] - Object: 'Object Repository/Canine/Canine_Cases_Btn' is clicked on

2020-05-12 12:28:28 - [TEST_STEP][PASSED] - click(findTestObject("Object Repository/Canine/Filter/Breed/BREED_Ddn")): Object: 'Object Repository/Canine/Filter/Breed/BREED_Ddn' is clicked on

2020-05-12 12:28:29 - [MESSAGE][PASSED] - Object: 'Object Repository/Canine/Filter/Breed/BREED_Ddn' is clicked on

2020-05-12 12:28:29 - [TEST_STEP][PASSED] - click(findTestObject("Object Repository/Canine/Filter/Breed/BelgMalin_Chkbx")): Object: 'Object Repository/Canine/Filter/Breed/BelgMalin_Chkbx' is clicked on

2020-05-12 12:28:30 - [MESSAGE][PASSED] - Object: 'Object Repository/Canine/Filter/Breed/BelgMalin_Chkbx' is clicked on

2020-05-12 12:28:30 - [TEST_STEP][PASSED] - ctdc.utilities.runtestcaseforKatalon.ReadCasesTableKatalon("Object Repository/Canine/Canine_CasesTable", "Object Repository/Canine/Canine_TableHeader", "Object Repository/Canine/Canine_NextBtn"): ctdc.utilities.runtestcaseforKatalon.ReadCasesTableKatalon is PASSED

2020-05-12 12:28:31 - [MESSAGE][PASSED] - ctdc.utilities.runtestcaseforKatalon.ReadCasesTableKatalon is PASSED

2020-05-12 12:28:31 - [TEST_STEP][PASSED] - ctdc.utilities.ReadExcel.Neo4j(): ctdc.utilities.ReadExcel.Neo4j is PASSED

2020-05-12 12:28:34 - [MESSAGE][PASSED] - ctdc.utilities.ReadExcel.Neo4j is PASSED

2020-05-12 12:28:34 - [TEST_STEP][PASSED] - ctdc.utilities.runtestcaseforKatalon.compareLists(): ctdc.utilities.runtestcaseforKatalon.compareLists is PASSED

2020-05-12 12:28:34 - [MESSAGE][PASSED] - ctdc.utilities.runtestcaseforKatalon.compareLists is PASSED

2020-05-12 12:28:36 - [TEST_STEP][PASSED] - Video: Video recording for test case 'Test Cases/Canine_TestCases/Breed/TC06_Canine_Filter_Breed-BelgMalin' .

2020-05-12 12:28:36 - [MESSAGE][INFO] - Video recording for test case 'Test Cases/Canine_TestCases/Breed/TC06_Canine_Filter_Breed-BelgMalin' .
[[ATTACHMENT|C:\\Users\\radhakrishnang2\\Desktop\\Commons_Automation\\Reports\\20200512_122313\\Canine_TestSuite\\20200512_122313/videos\\test_12.avi]]]]></system-out>
         <system-err><![CDATA[]]></system-err>
      </testcase>
      <testcase name="Test Cases/Canine_TestCases/Breed/TC07_Canine_Filter_Breed-BrnMtnDog" time="17.7" classname="Test Cases/Canine_TestCases/Breed/TC07_Canine_Filter_Breed-BrnMtnDog" status="PASSED">
         <system-out><![CDATA[2020-05-12 12:28:36 - [TEST_CASE][PASSED] - Test Cases/Canine_TestCases/Breed/TC07_Canine_Filter_Breed-BrnMtnDog: Test Cases/Canine_TestCases/Breed/TC07_Canine_Filter_Breed-BrnMtnDog

2020-05-12 12:28:36 - [TEST_STEP][PASSED] - openBrowser(""): Browser is opened with url: ''

2020-05-12 12:28:36 - [MESSAGE][WARNING] - A browser is already opened. Closing browser and opening a new one

2020-05-12 12:28:37 - [MESSAGE][INFO] - Starting 'Firefox (headless)' driver

2020-05-12 12:28:41 - [MESSAGE][PASSED] - Browser is opened with url: ''

2020-05-12 12:28:41 - [TEST_STEP][PASSED] - ctdc.utilities.runtestcaseforKatalon.browserDriver(""): ctdc.utilities.runtestcaseforKatalon.browserDriver is PASSED

2020-05-12 12:28:41 - [MESSAGE][PASSED] - ctdc.utilities.runtestcaseforKatalon.browserDriver is PASSED

2020-05-12 12:28:41 - [TEST_STEP][PASSED] - ctdc.utilities.runtestcaseforKatalon.RunKatalon("TC07_Canine_Filter_Breed-BrnMtnDog.xlsx"): Data loaded from input file for the test case. 

2020-05-12 12:28:41 - [MESSAGE][PASSED] - Test case file loaded This is the full filepath after converting to string :C:\Users\radhakrishnang2\Desktop\Commons_Automation\InputFiles\TC07_Canine_Filter_Breed-BrnMtnDog.xlsx

2020-05-12 12:28:41 - [MESSAGE][INFO] - Global variable set for password file is :  C:\Users\radhakrishnang2\Desktop\Commons_Automation\InputFiles\TC07_Canine_Filter_Breed-BrnMtnDog.xlsx

2020-05-12 12:28:41 - [MESSAGE][PASSED] - Data loaded from input file for the test case. 

2020-05-12 12:28:44 - [TEST_STEP][PASSED] - click(findTestObject("Object Repository/Canine/Canine_Cases_Btn")): Object: 'Object Repository/Canine/Canine_Cases_Btn' is clicked on

2020-05-12 12:28:44 - [MESSAGE][PASSED] - Object: 'Object Repository/Canine/Canine_Cases_Btn' is clicked on

2020-05-12 12:28:44 - [TEST_STEP][PASSED] - click(findTestObject("Object Repository/Canine/Filter/Breed/BREED_Ddn")): Object: 'Object Repository/Canine/Filter/Breed/BREED_Ddn' is clicked on

2020-05-12 12:28:46 - [MESSAGE][PASSED] - Object: 'Object Repository/Canine/Filter/Breed/BREED_Ddn' is clicked on

2020-05-12 12:28:46 - [TEST_STEP][PASSED] - click(findTestObject("Object Repository/Canine/Filter/Breed/BernMtnDog_Chkbx")): Object: 'Object Repository/Canine/Filter/Breed/BernMtnDog_Chkbx' is clicked on

2020-05-12 12:28:46 - [MESSAGE][PASSED] - Object: 'Object Repository/Canine/Filter/Breed/BernMtnDog_Chkbx' is clicked on

2020-05-12 12:28:46 - [TEST_STEP][PASSED] - ctdc.utilities.runtestcaseforKatalon.ReadCasesTableKatalon("Object Repository/Canine/Canine_CasesTable", "Object Repository/Canine/Canine_TableHeader", "Object Repository/Canine/Canine_NextBtn"): ctdc.utilities.runtestcaseforKatalon.ReadCasesTableKatalon is PASSED

2020-05-12 12:28:48 - [MESSAGE][PASSED] - ctdc.utilities.runtestcaseforKatalon.ReadCasesTableKatalon is PASSED

2020-05-12 12:28:48 - [TEST_STEP][PASSED] - ctdc.utilities.ReadExcel.Neo4j(): ctdc.utilities.ReadExcel.Neo4j is PASSED

2020-05-12 12:28:51 - [MESSAGE][PASSED] - ctdc.utilities.ReadExcel.Neo4j is PASSED

2020-05-12 12:28:51 - [TEST_STEP][PASSED] - ctdc.utilities.runtestcaseforKatalon.compareLists(): ctdc.utilities.runtestcaseforKatalon.compareLists is PASSED

2020-05-12 12:28:52 - [MESSAGE][PASSED] - ctdc.utilities.runtestcaseforKatalon.compareLists is PASSED

2020-05-12 12:28:54 - [TEST_STEP][PASSED] - Video: Video recording for test case 'Test Cases/Canine_TestCases/Breed/TC07_Canine_Filter_Breed-BrnMtnDog' .

2020-05-12 12:28:54 - [MESSAGE][INFO] - Video recording for test case 'Test Cases/Canine_TestCases/Breed/TC07_Canine_Filter_Breed-BrnMtnDog' .
[[ATTACHMENT|C:\\Users\\radhakrishnang2\\Desktop\\Commons_Automation\\Reports\\20200512_122313\\Canine_TestSuite\\20200512_122313/videos\\test_13.avi]]]]></system-out>
         <system-err><![CDATA[]]></system-err>
      </testcase>
      <testcase name="Test Cases/Canine_TestCases/Breed/TC08_Canine_Filter_Breed-BlkTanCoon" time="17.032" classname="Test Cases/Canine_TestCases/Breed/TC08_Canine_Filter_Breed-BlkTanCoon" status="PASSED">
         <system-out><![CDATA[2020-05-12 12:28:54 - [TEST_CASE][PASSED] - Test Cases/Canine_TestCases/Breed/TC08_Canine_Filter_Breed-BlkTanCoon: Test Cases/Canine_TestCases/Breed/TC08_Canine_Filter_Breed-BlkTanCoon

2020-05-12 12:28:54 - [TEST_STEP][PASSED] - openBrowser(""): Browser is opened with url: ''

2020-05-12 12:28:54 - [MESSAGE][WARNING] - A browser is already opened. Closing browser and opening a new one

2020-05-12 12:28:55 - [MESSAGE][INFO] - Starting 'Firefox (headless)' driver

2020-05-12 12:28:58 - [MESSAGE][PASSED] - Browser is opened with url: ''

2020-05-12 12:28:58 - [TEST_STEP][PASSED] - ctdc.utilities.runtestcaseforKatalon.browserDriver(""): ctdc.utilities.runtestcaseforKatalon.browserDriver is PASSED

2020-05-12 12:28:58 - [MESSAGE][PASSED] - ctdc.utilities.runtestcaseforKatalon.browserDriver is PASSED

2020-05-12 12:28:58 - [TEST_STEP][PASSED] - ctdc.utilities.runtestcaseforKatalon.RunKatalon("TC08_Canine_Filter_Breed-BlkTanCoon.xlsx"): Data loaded from input file for the test case. 

2020-05-12 12:28:58 - [MESSAGE][PASSED] - Test case file loaded This is the full filepath after converting to string :C:\Users\radhakrishnang2\Desktop\Commons_Automation\InputFiles\TC08_Canine_Filter_Breed-BlkTanCoon.xlsx

2020-05-12 12:28:58 - [MESSAGE][INFO] - Global variable set for password file is :  C:\Users\radhakrishnang2\Desktop\Commons_Automation\InputFiles\TC08_Canine_Filter_Breed-BlkTanCoon.xlsx

2020-05-12 12:28:58 - [MESSAGE][PASSED] - Data loaded from input file for the test case. 

2020-05-12 12:29:02 - [TEST_STEP][PASSED] - click(findTestObject("Object Repository/Canine/Canine_Cases_Btn")): Object: 'Object Repository/Canine/Canine_Cases_Btn' is clicked on

2020-05-12 12:29:02 - [MESSAGE][PASSED] - Object: 'Object Repository/Canine/Canine_Cases_Btn' is clicked on

2020-05-12 12:29:02 - [TEST_STEP][PASSED] - click(findTestObject("Object Repository/Canine/Filter/Breed/BREED_Ddn")): Object: 'Object Repository/Canine/Filter/Breed/BREED_Ddn' is clicked on

2020-05-12 12:29:04 - [MESSAGE][PASSED] - Object: 'Object Repository/Canine/Filter/Breed/BREED_Ddn' is clicked on

2020-05-12 12:29:04 - [TEST_STEP][PASSED] - click(findTestObject("Object Repository/Canine/Filter/Breed/BlkTanCoon_Chkbx")): Object: 'Object Repository/Canine/Filter/Breed/BlkTanCoon_Chkbx' is clicked on

2020-05-12 12:29:04 - [MESSAGE][PASSED] - Object: 'Object Repository/Canine/Filter/Breed/BlkTanCoon_Chkbx' is clicked on

2020-05-12 12:29:04 - [TEST_STEP][PASSED] - ctdc.utilities.runtestcaseforKatalon.ReadCasesTableKatalon("Object Repository/Canine/Canine_CasesTable", "Object Repository/Canine/Canine_TableHeader", "Object Repository/Canine/Canine_NextBtn"): ctdc.utilities.runtestcaseforKatalon.ReadCasesTableKatalon is PASSED

2020-05-12 12:29:05 - [MESSAGE][PASSED] - ctdc.utilities.runtestcaseforKatalon.ReadCasesTableKatalon is PASSED

2020-05-12 12:29:05 - [TEST_STEP][PASSED] - ctdc.utilities.ReadExcel.Neo4j(): ctdc.utilities.ReadExcel.Neo4j is PASSED

2020-05-12 12:29:09 - [MESSAGE][PASSED] - ctdc.utilities.ReadExcel.Neo4j is PASSED

2020-05-12 12:29:09 - [TEST_STEP][PASSED] - ctdc.utilities.runtestcaseforKatalon.compareLists(): ctdc.utilities.runtestcaseforKatalon.compareLists is PASSED

2020-05-12 12:29:09 - [MESSAGE][PASSED] - ctdc.utilities.runtestcaseforKatalon.compareLists is PASSED

2020-05-12 12:29:11 - [TEST_STEP][PASSED] - Video: Video recording for test case 'Test Cases/Canine_TestCases/Breed/TC08_Canine_Filter_Breed-BlkTanCoon' .

2020-05-12 12:29:11 - [MESSAGE][INFO] - Video recording for test case 'Test Cases/Canine_TestCases/Breed/TC08_Canine_Filter_Breed-BlkTanCoon' .
[[ATTACHMENT|C:\\Users\\radhakrishnang2\\Desktop\\Commons_Automation\\Reports\\20200512_122313\\Canine_TestSuite\\20200512_122313/videos\\test_14.avi]]]]></system-out>
         <system-err><![CDATA[]]></system-err>
      </testcase>
      <testcase name="Test Cases/Canine_TestCases/Breed/TC09_Canine_Filter_Breed-BorderCol" time="17.569" classname="Test Cases/Canine_TestCases/Breed/TC09_Canine_Filter_Breed-BorderCol" status="PASSED">
         <system-out><![CDATA[2020-05-12 12:29:11 - [TEST_CASE][PASSED] - Test Cases/Canine_TestCases/Breed/TC09_Canine_Filter_Breed-BorderCol: Test Cases/Canine_TestCases/Breed/TC09_Canine_Filter_Breed-BorderCol

2020-05-12 12:29:11 - [TEST_STEP][PASSED] - openBrowser(""): Browser is opened with url: ''

2020-05-12 12:29:11 - [MESSAGE][WARNING] - A browser is already opened. Closing browser and opening a new one

2020-05-12 12:29:12 - [MESSAGE][INFO] - Starting 'Firefox (headless)' driver

2020-05-12 12:29:15 - [MESSAGE][PASSED] - Browser is opened with url: ''

2020-05-12 12:29:15 - [TEST_STEP][PASSED] - ctdc.utilities.runtestcaseforKatalon.browserDriver(""): ctdc.utilities.runtestcaseforKatalon.browserDriver is PASSED

2020-05-12 12:29:15 - [MESSAGE][PASSED] - ctdc.utilities.runtestcaseforKatalon.browserDriver is PASSED

2020-05-12 12:29:15 - [TEST_STEP][PASSED] - ctdc.utilities.runtestcaseforKatalon.RunKatalon("TC09_Canine_Filter_Breed-BorderCol.xlsx"): Data loaded from input file for the test case. 

2020-05-12 12:29:15 - [MESSAGE][PASSED] - Test case file loaded This is the full filepath after converting to string :C:\Users\radhakrishnang2\Desktop\Commons_Automation\InputFiles\TC09_Canine_Filter_Breed-BorderCol.xlsx

2020-05-12 12:29:15 - [MESSAGE][INFO] - Global variable set for password file is :  C:\Users\radhakrishnang2\Desktop\Commons_Automation\InputFiles\TC09_Canine_Filter_Breed-BorderCol.xlsx

2020-05-12 12:29:15 - [MESSAGE][PASSED] - Data loaded from input file for the test case. 

2020-05-12 12:29:19 - [TEST_STEP][PASSED] - click(findTestObject("Object Repository/Canine/Canine_Cases_Btn")): Object: 'Object Repository/Canine/Canine_Cases_Btn' is clicked on

2020-05-12 12:29:19 - [MESSAGE][PASSED] - Object: 'Object Repository/Canine/Canine_Cases_Btn' is clicked on

2020-05-12 12:29:19 - [TEST_STEP][PASSED] - click(findTestObject("Object Repository/Canine/Filter/Breed/BREED_Ddn")): Object: 'Object Repository/Canine/Filter/Breed/BREED_Ddn' is clicked on

2020-05-12 12:29:21 - [MESSAGE][PASSED] - Object: 'Object Repository/Canine/Filter/Breed/BREED_Ddn' is clicked on

2020-05-12 12:29:21 - [TEST_STEP][PASSED] - click(findTestObject("Object Repository/Canine/Filter/Breed/BorderCol_Chkbx")): Object: 'Object Repository/Canine/Filter/Breed/BorderCol_Chkbx' is clicked on

2020-05-12 12:29:22 - [MESSAGE][PASSED] - Object: 'Object Repository/Canine/Filter/Breed/BorderCol_Chkbx' is clicked on

2020-05-12 12:29:22 - [TEST_STEP][PASSED] - ctdc.utilities.runtestcaseforKatalon.ReadCasesTableKatalon("Object Repository/Canine/Canine_CasesTable", "Object Repository/Canine/Canine_TableHeader", "Object Repository/Canine/Canine_NextBtn"): ctdc.utilities.runtestcaseforKatalon.ReadCasesTableKatalon is PASSED

2020-05-12 12:29:23 - [MESSAGE][PASSED] - ctdc.utilities.runtestcaseforKatalon.ReadCasesTableKatalon is PASSED

2020-05-12 12:29:23 - [TEST_STEP][PASSED] - ctdc.utilities.ReadExcel.Neo4j(): ctdc.utilities.ReadExcel.Neo4j is PASSED

2020-05-12 12:29:26 - [MESSAGE][PASSED] - ctdc.utilities.ReadExcel.Neo4j is PASSED

2020-05-12 12:29:26 - [TEST_STEP][PASSED] - ctdc.utilities.runtestcaseforKatalon.compareLists(): ctdc.utilities.runtestcaseforKatalon.compareLists is PASSED

2020-05-12 12:29:26 - [MESSAGE][PASSED] - ctdc.utilities.runtestcaseforKatalon.compareLists is PASSED

2020-05-12 12:29:28 - [TEST_STEP][PASSED] - Video: Video recording for test case 'Test Cases/Canine_TestCases/Breed/TC09_Canine_Filter_Breed-BorderCol' .

2020-05-12 12:29:28 - [MESSAGE][INFO] - Video recording for test case 'Test Cases/Canine_TestCases/Breed/TC09_Canine_Filter_Breed-BorderCol' .
[[ATTACHMENT|C:\\Users\\radhakrishnang2\\Desktop\\Commons_Automation\\Reports\\20200512_122313\\Canine_TestSuite\\20200512_122313/videos\\test_15.avi]]]]></system-out>
         <system-err><![CDATA[]]></system-err>
      </testcase>
      <testcase name="Test Cases/Canine_TestCases/Breed/TC10_Canine_Filter_Breed-Bouvier" time="45.458" classname="Test Cases/Canine_TestCases/Breed/TC10_Canine_Filter_Breed-Bouvier" status="FAILED">
         <failure type="FAILED" message="Test Cases/Canine_TestCases/Breed/TC10_Canine_Filter_Breed-Bouvier FAILED.
Reason:
com.kms.katalon.core.exception.StepFailedException: Unable to click on object 'Object Repository/Canine/Filter/Breed/Bouvier_Chkbx'
	at com.kms.katalon.core.webui.keyword.internal.WebUIKeywordMain.stepFailed(WebUIKeywordMain.groovy:64)
	at com.kms.katalon.core.webui.keyword.internal.WebUIKeywordMain.runKeyword(WebUIKeywordMain.groovy:26)
	at com.kms.katalon.core.webui.keyword.builtin.ClickKeyword.click(ClickKeyword.groovy:76)
	at com.kms.katalon.core.webui.keyword.builtin.ClickKeyword.execute(ClickKeyword.groovy:43)
	at com.kms.katalon.core.keyword.internal.KeywordExecutor.executeKeywordForPlatform(KeywordExecutor.groovy:72)
	at com.kms.katalon.core.webui.keyword.WebUiBuiltInKeywords.click(WebUiBuiltInKeywords.groovy:616)
	at com.kms.katalon.core.webui.keyword.WebUiBuiltInKeywords$click$0.call(Unknown Source)
	at TC10_Canine_Filter_Breed-Bouvier.run(TC10_Canine_Filter_Breed-Bouvier:51)
	at com.kms.katalon.core.main.ScriptEngine.run(ScriptEngine.java:194)
	at com.kms.katalon.core.main.ScriptEngine.runScriptAsRawText(ScriptEngine.java:119)
	at com.kms.katalon.core.main.TestCaseExecutor.runScript(TestCaseExecutor.java:337)
	at com.kms.katalon.core.main.TestCaseExecutor.doExecute(TestCaseExecutor.java:328)
	at com.kms.katalon.core.main.TestCaseExecutor.processExecutionPhase(TestCaseExecutor.java:307)
	at com.kms.katalon.core.main.TestCaseExecutor.accessMainPhase(TestCaseExecutor.java:299)
	at com.kms.katalon.core.main.TestCaseExecutor.execute(TestCaseExecutor.java:233)
	at com.kms.katalon.core.main.TestSuiteExecutor.accessTestCaseMainPhase(TestSuiteExecutor.java:169)
	at com.kms.katalon.core.main.TestSuiteExecutor.accessTestSuiteMainPhase(TestSuiteExecutor.java:142)
	at com.kms.katalon.core.main.TestSuiteExecutor.execute(TestSuiteExecutor.java:91)
	at com.kms.katalon.core.main.TestCaseMain.startTestSuite(TestCaseMain.java:157)
	at com.kms.katalon.core.main.TestCaseMain$startTestSuite$0.call(Unknown Source)
	at TempTestSuite1589311393960.run(TempTestSuite1589311393960.groovy:36)
Caused by: com.kms.katalon.core.webui.exception.WebElementNotFoundException: Web element with id: 'Object Repository/Canine/Filter/Breed/Bouvier_Chkbx' located by 'By.xpath: //span[contains(text(),'Bouvier des Flandres')]//parent::div//parent::divadded12345' not found
	at com.kms.katalon.core.webui.common.WebUiCommonHelper.findWebElement(WebUiCommonHelper.java:1154)
	at com.kms.katalon.core.webui.keyword.internal.WebUIAbstractKeyword.findWebElement(WebUIAbstractKeyword.groovy:27)
	at com.kms.katalon.core.webui.keyword.internal.WebUIAbstractKeyword.findWebElement(WebUIAbstractKeyword.groovy:26)
	at com.kms.katalon.core.webui.keyword.builtin.ClickKeyword$_click_closure1.doCall(ClickKeyword.groovy:67)
	at com.kms.katalon.core.webui.keyword.builtin.ClickKeyword$_click_closure1.call(ClickKeyword.groovy)
	at com.kms.katalon.core.webui.keyword.internal.WebUIKeywordMain.runKeyword(WebUIKeywordMain.groovy:20)
	... 19 more
"/>
         <system-out><![CDATA[2020-05-12 12:29:28 - [TEST_CASE][FAILED] - Test Cases/Canine_TestCases/Breed/TC10_Canine_Filter_Breed-Bouvier: Test Cases/Canine_TestCases/Breed/TC10_Canine_Filter_Breed-Bouvier FAILED.
Reason:
com.kms.katalon.core.exception.StepFailedException: Unable to click on object 'Object Repository/Canine/Filter/Breed/Bouvier_Chkbx'
	at com.kms.katalon.core.webui.keyword.internal.WebUIKeywordMain.stepFailed(WebUIKeywordMain.groovy:64)
	at com.kms.katalon.core.webui.keyword.internal.WebUIKeywordMain.runKeyword(WebUIKeywordMain.groovy:26)
	at com.kms.katalon.core.webui.keyword.builtin.ClickKeyword.click(ClickKeyword.groovy:76)
	at com.kms.katalon.core.webui.keyword.builtin.ClickKeyword.execute(ClickKeyword.groovy:43)
	at com.kms.katalon.core.keyword.internal.KeywordExecutor.executeKeywordForPlatform(KeywordExecutor.groovy:72)
	at com.kms.katalon.core.webui.keyword.WebUiBuiltInKeywords.click(WebUiBuiltInKeywords.groovy:616)
	at com.kms.katalon.core.webui.keyword.WebUiBuiltInKeywords$click$0.call(Unknown Source)
	at TC10_Canine_Filter_Breed-Bouvier.run(TC10_Canine_Filter_Breed-Bouvier:51)
	at com.kms.katalon.core.main.ScriptEngine.run(ScriptEngine.java:194)
	at com.kms.katalon.core.main.ScriptEngine.runScriptAsRawText(ScriptEngine.java:119)
	at com.kms.katalon.core.main.TestCaseExecutor.runScript(TestCaseExecutor.java:337)
	at com.kms.katalon.core.main.TestCaseExecutor.doExecute(TestCaseExecutor.java:328)
	at com.kms.katalon.core.main.TestCaseExecutor.processExecutionPhase(TestCaseExecutor.java:307)
	at com.kms.katalon.core.main.TestCaseExecutor.accessMainPhase(TestCaseExecutor.java:299)
	at com.kms.katalon.core.main.TestCaseExecutor.execute(TestCaseExecutor.java:233)
	at com.kms.katalon.core.main.TestSuiteExecutor.accessTestCaseMainPhase(TestSuiteExecutor.java:169)
	at com.kms.katalon.core.main.TestSuiteExecutor.accessTestSuiteMainPhase(TestSuiteExecutor.java:142)
	at com.kms.katalon.core.main.TestSuiteExecutor.execute(TestSuiteExecutor.java:91)
	at com.kms.katalon.core.main.TestCaseMain.startTestSuite(TestCaseMain.java:157)
	at com.kms.katalon.core.main.TestCaseMain$startTestSuite$0.call(Unknown Source)
	at TempTestSuite1589311393960.run(TempTestSuite1589311393960.groovy:36)
Caused by: com.kms.katalon.core.webui.exception.WebElementNotFoundException: Web element with id: 'Object Repository/Canine/Filter/Breed/Bouvier_Chkbx' located by 'By.xpath: //span[contains(text(),'Bouvier des Flandres')]//parent::div//parent::divadded12345' not found
	at com.kms.katalon.core.webui.common.WebUiCommonHelper.findWebElement(WebUiCommonHelper.java:1154)
	at com.kms.katalon.core.webui.keyword.internal.WebUIAbstractKeyword.findWebElement(WebUIAbstractKeyword.groovy:27)
	at com.kms.katalon.core.webui.keyword.internal.WebUIAbstractKeyword.findWebElement(WebUIAbstractKeyword.groovy:26)
	at com.kms.katalon.core.webui.keyword.builtin.ClickKeyword$_click_closure1.doCall(ClickKeyword.groovy:67)
	at com.kms.katalon.core.webui.keyword.builtin.ClickKeyword$_click_closure1.call(ClickKeyword.groovy)
	at com.kms.katalon.core.webui.keyword.internal.WebUIKeywordMain.runKeyword(WebUIKeywordMain.groovy:20)
	... 19 more


2020-05-12 12:29:29 - [TEST_STEP][PASSED] - openBrowser(""): Browser is opened with url: ''

2020-05-12 12:29:29 - [MESSAGE][WARNING] - A browser is already opened. Closing browser and opening a new one

2020-05-12 12:29:30 - [MESSAGE][INFO] - Starting 'Firefox (headless)' driver

2020-05-12 12:29:33 - [MESSAGE][PASSED] - Browser is opened with url: ''

2020-05-12 12:29:33 - [TEST_STEP][PASSED] - ctdc.utilities.runtestcaseforKatalon.browserDriver(""): ctdc.utilities.runtestcaseforKatalon.browserDriver is PASSED

2020-05-12 12:29:33 - [MESSAGE][PASSED] - ctdc.utilities.runtestcaseforKatalon.browserDriver is PASSED

2020-05-12 12:29:33 - [TEST_STEP][PASSED] - ctdc.utilities.runtestcaseforKatalon.RunKatalon("TC10_Canine_Filter_Breed-Bouvier.xlsx"): Data loaded from input file for the test case. 

2020-05-12 12:29:33 - [MESSAGE][PASSED] - Test case file loaded This is the full filepath after converting to string :C:\Users\radhakrishnang2\Desktop\Commons_Automation\InputFiles\TC10_Canine_Filter_Breed-Bouvier.xlsx

2020-05-12 12:29:33 - [MESSAGE][INFO] - Global variable set for password file is :  C:\Users\radhakrishnang2\Desktop\Commons_Automation\InputFiles\TC10_Canine_Filter_Breed-Bouvier.xlsx

2020-05-12 12:29:33 - [MESSAGE][PASSED] - Data loaded from input file for the test case. 

2020-05-12 12:29:38 - [TEST_STEP][PASSED] - click(findTestObject("Object Repository/Canine/Canine_Cases_Btn")): Object: 'Object Repository/Canine/Canine_Cases_Btn' is clicked on

2020-05-12 12:29:39 - [MESSAGE][PASSED] - Object: 'Object Repository/Canine/Canine_Cases_Btn' is clicked on

2020-05-12 12:29:39 - [TEST_STEP][PASSED] - click(findTestObject("Object Repository/Canine/Filter/Breed/BREED_Ddn")): Object: 'Object Repository/Canine/Filter/Breed/BREED_Ddn' is clicked on

2020-05-12 12:29:41 - [MESSAGE][PASSED] - Object: 'Object Repository/Canine/Filter/Breed/BREED_Ddn' is clicked on

2020-05-12 12:29:41 - [TEST_STEP][FAILED] - click(findTestObject("Object Repository/Canine/Filter/Breed/Bouvier_Chkbx")): Unable to click on object 'Object Repository/Canine/Filter/Breed/Bouvier_Chkbx' (Root cause: com.kms.katalon.core.exception.StepFailedException: Unable to click on object 'Object Repository/Canine/Filter/Breed/Bouvier_Chkbx'
	at com.kms.katalon.core.webui.keyword.internal.WebUIKeywordMain.stepFailed(WebUIKeywordMain.groovy:64)
	at com.kms.katalon.core.webui.keyword.internal.WebUIKeywordMain.runKeyword(WebUIKeywordMain.groovy:26)
	at com.kms.katalon.core.webui.keyword.builtin.ClickKeyword.click(ClickKeyword.groovy:76)
	at com.kms.katalon.core.webui.keyword.builtin.ClickKeyword.execute(ClickKeyword.groovy:43)
	at com.kms.katalon.core.keyword.internal.KeywordExecutor.executeKeywordForPlatform(KeywordExecutor.groovy:72)
	at com.kms.katalon.core.webui.keyword.WebUiBuiltInKeywords.click(WebUiBuiltInKeywords.groovy:616)
	at com.kms.katalon.core.webui.keyword.WebUiBuiltInKeywords$click$0.call(Unknown Source)
	at TC10_Canine_Filter_Breed-Bouvier.run(TC10_Canine_Filter_Breed-Bouvier:51)
	at com.kms.katalon.core.main.ScriptEngine.run(ScriptEngine.java:194)
	at com.kms.katalon.core.main.ScriptEngine.runScriptAsRawText(ScriptEngine.java:119)
	at com.kms.katalon.core.main.TestCaseExecutor.runScript(TestCaseExecutor.java:337)
	at com.kms.katalon.core.main.TestCaseExecutor.doExecute(TestCaseExecutor.java:328)
	at com.kms.katalon.core.main.TestCaseExecutor.processExecutionPhase(TestCaseExecutor.java:307)
	at com.kms.katalon.core.main.TestCaseExecutor.accessMainPhase(TestCaseExecutor.java:299)
	at com.kms.katalon.core.main.TestCaseExecutor.execute(TestCaseExecutor.java:233)
	at com.kms.katalon.core.main.TestSuiteExecutor.accessTestCaseMainPhase(TestSuiteExecutor.java:169)
	at com.kms.katalon.core.main.TestSuiteExecutor.accessTestSuiteMainPhase(TestSuiteExecutor.java:142)
	at com.kms.katalon.core.main.TestSuiteExecutor.execute(TestSuiteExecutor.java:91)
	at com.kms.katalon.core.main.TestCaseMain.startTestSuite(TestCaseMain.java:157)
	at com.kms.katalon.core.main.TestCaseMain$startTestSuite$0.call(Unknown Source)
	at TempTestSuite1589311393960.run(TempTestSuite1589311393960.groovy:36)
Caused by: com.kms.katalon.core.webui.exception.WebElementNotFoundException: Web element with id: 'Object Repository/Canine/Filter/Breed/Bouvier_Chkbx' located by 'By.xpath: //span[contains(text(),'Bouvier des Flandres')]//parent::div//parent::divadded12345' not found
	at com.kms.katalon.core.webui.common.WebUiCommonHelper.findWebElement(WebUiCommonHelper.java:1154)
	at com.kms.katalon.core.webui.keyword.internal.WebUIAbstractKeyword.findWebElement(WebUIAbstractKeyword.groovy:27)
	at com.kms.katalon.core.webui.keyword.internal.WebUIAbstractKeyword.findWebElement(WebUIAbstractKeyword.groovy:26)
	at com.kms.katalon.core.webui.keyword.builtin.ClickKeyword$_click_closure1.doCall(ClickKeyword.groovy:67)
	at com.kms.katalon.core.webui.keyword.builtin.ClickKeyword$_click_closure1.call(ClickKeyword.groovy)
	at com.kms.katalon.core.webui.keyword.internal.WebUIKeywordMain.runKeyword(WebUIKeywordMain.groovy:20)
	at com.kms.katalon.core.webui.keyword.builtin.ClickKeyword.click(ClickKeyword.groovy:76)
	at com.kms.katalon.core.webui.keyword.builtin.ClickKeyword.execute(ClickKeyword.groovy:43)
	at com.kms.katalon.core.keyword.internal.KeywordExecutor.executeKeywordForPlatform(KeywordExecutor.groovy:72)
	at com.kms.katalon.core.webui.keyword.WebUiBuiltInKeywords.click(WebUiBuiltInKeywords.groovy:616)
	at com.kms.katalon.core.webui.keyword.WebUiBuiltInKeywords$click$0.call(Unknown Source)
	at Script1589136608130.run(Script1589136608130.groovy:51)
	... 13 more
)

2020-05-12 12:30:11 - [MESSAGE][INFO] - Unable to find the element located by 'By.xpath: //span[contains(text(),'Bouvier des Flandres')]//parent::div//parent::divadded12345'. Please recheck the objects properties to make sure the desired element is located. 

2020-05-12 12:30:12 - [MESSAGE][FAILED] - Unable to click on object 'Object Repository/Canine/Filter/Breed/Bouvier_Chkbx' (Root cause: com.kms.katalon.core.exception.StepFailedException: Unable to click on object 'Object Repository/Canine/Filter/Breed/Bouvier_Chkbx'
	at com.kms.katalon.core.webui.keyword.internal.WebUIKeywordMain.stepFailed(WebUIKeywordMain.groovy:64)
	at com.kms.katalon.core.webui.keyword.internal.WebUIKeywordMain.runKeyword(WebUIKeywordMain.groovy:26)
	at com.kms.katalon.core.webui.keyword.builtin.ClickKeyword.click(ClickKeyword.groovy:76)
	at com.kms.katalon.core.webui.keyword.builtin.ClickKeyword.execute(ClickKeyword.groovy:43)
	at com.kms.katalon.core.keyword.internal.KeywordExecutor.executeKeywordForPlatform(KeywordExecutor.groovy:72)
	at com.kms.katalon.core.webui.keyword.WebUiBuiltInKeywords.click(WebUiBuiltInKeywords.groovy:616)
	at com.kms.katalon.core.webui.keyword.WebUiBuiltInKeywords$click$0.call(Unknown Source)
	at TC10_Canine_Filter_Breed-Bouvier.run(TC10_Canine_Filter_Breed-Bouvier:51)
	at com.kms.katalon.core.main.ScriptEngine.run(ScriptEngine.java:194)
	at com.kms.katalon.core.main.ScriptEngine.runScriptAsRawText(ScriptEngine.java:119)
	at com.kms.katalon.core.main.TestCaseExecutor.runScript(TestCaseExecutor.java:337)
	at com.kms.katalon.core.main.TestCaseExecutor.doExecute(TestCaseExecutor.java:328)
	at com.kms.katalon.core.main.TestCaseExecutor.processExecutionPhase(TestCaseExecutor.java:307)
	at com.kms.katalon.core.main.TestCaseExecutor.accessMainPhase(TestCaseExecutor.java:299)
	at com.kms.katalon.core.main.TestCaseExecutor.execute(TestCaseExecutor.java:233)
	at com.kms.katalon.core.main.TestSuiteExecutor.accessTestCaseMainPhase(TestSuiteExecutor.java:169)
	at com.kms.katalon.core.main.TestSuiteExecutor.accessTestSuiteMainPhase(TestSuiteExecutor.java:142)
	at com.kms.katalon.core.main.TestSuiteExecutor.execute(TestSuiteExecutor.java:91)
	at com.kms.katalon.core.main.TestCaseMain.startTestSuite(TestCaseMain.java:157)
	at com.kms.katalon.core.main.TestCaseMain$startTestSuite$0.call(Unknown Source)
	at TempTestSuite1589311393960.run(TempTestSuite1589311393960.groovy:36)
Caused by: com.kms.katalon.core.webui.exception.WebElementNotFoundException: Web element with id: 'Object Repository/Canine/Filter/Breed/Bouvier_Chkbx' located by 'By.xpath: //span[contains(text(),'Bouvier des Flandres')]//parent::div//parent::divadded12345' not found
	at com.kms.katalon.core.webui.common.WebUiCommonHelper.findWebElement(WebUiCommonHelper.java:1154)
	at com.kms.katalon.core.webui.keyword.internal.WebUIAbstractKeyword.findWebElement(WebUIAbstractKeyword.groovy:27)
	at com.kms.katalon.core.webui.keyword.internal.WebUIAbstractKeyword.findWebElement(WebUIAbstractKeyword.groovy:26)
	at com.kms.katalon.core.webui.keyword.builtin.ClickKeyword$_click_closure1.doCall(ClickKeyword.groovy:67)
	at com.kms.katalon.core.webui.keyword.builtin.ClickKeyword$_click_closure1.call(ClickKeyword.groovy)
	at com.kms.katalon.core.webui.keyword.internal.WebUIKeywordMain.runKeyword(WebUIKeywordMain.groovy:20)
	at com.kms.katalon.core.webui.keyword.builtin.ClickKeyword.click(ClickKeyword.groovy:76)
	at com.kms.katalon.core.webui.keyword.builtin.ClickKeyword.execute(ClickKeyword.groovy:43)
	at com.kms.katalon.core.keyword.internal.KeywordExecutor.executeKeywordForPlatform(KeywordExecutor.groovy:72)
	at com.kms.katalon.core.webui.keyword.WebUiBuiltInKeywords.click(WebUiBuiltInKeywords.groovy:616)
	at com.kms.katalon.core.webui.keyword.WebUiBuiltInKeywords$click$0.call(Unknown Source)
	at Script1589136608130.run(Script1589136608130.groovy:51)
	... 13 more
)
[[ATTACHMENT|C:\\Users\\radhakrishnang2\\Desktop\\Commons_Automation\\Reports\\20200512_122313\\Canine_TestSuite\\20200512_122313\\1589311811936.png]]

2020-05-12 12:30:14 - [TEST_STEP][PASSED] - Video: Video recording for test case 'Test Cases/Canine_TestCases/Breed/TC10_Canine_Filter_Breed-Bouvier' .

2020-05-12 12:30:14 - [MESSAGE][INFO] - Video recording for test case 'Test Cases/Canine_TestCases/Breed/TC10_Canine_Filter_Breed-Bouvier' .
[[ATTACHMENT|C:\\Users\\radhakrishnang2\\Desktop\\Commons_Automation\\Reports\\20200512_122313\\Canine_TestSuite\\20200512_122313/videos\\test_16.avi]]]]></system-out>
         <system-err><![CDATA[2020-05-12 12:29:28 - [TEST_CASE][FAILED] - Test Cases/Canine_TestCases/Breed/TC10_Canine_Filter_Breed-Bouvier: Test Cases/Canine_TestCases/Breed/TC10_Canine_Filter_Breed-Bouvier FAILED.
Reason:
com.kms.katalon.core.exception.StepFailedException: Unable to click on object 'Object Repository/Canine/Filter/Breed/Bouvier_Chkbx'
	at com.kms.katalon.core.webui.keyword.internal.WebUIKeywordMain.stepFailed(WebUIKeywordMain.groovy:64)
	at com.kms.katalon.core.webui.keyword.internal.WebUIKeywordMain.runKeyword(WebUIKeywordMain.groovy:26)
	at com.kms.katalon.core.webui.keyword.builtin.ClickKeyword.click(ClickKeyword.groovy:76)
	at com.kms.katalon.core.webui.keyword.builtin.ClickKeyword.execute(ClickKeyword.groovy:43)
	at com.kms.katalon.core.keyword.internal.KeywordExecutor.executeKeywordForPlatform(KeywordExecutor.groovy:72)
	at com.kms.katalon.core.webui.keyword.WebUiBuiltInKeywords.click(WebUiBuiltInKeywords.groovy:616)
	at com.kms.katalon.core.webui.keyword.WebUiBuiltInKeywords$click$0.call(Unknown Source)
	at TC10_Canine_Filter_Breed-Bouvier.run(TC10_Canine_Filter_Breed-Bouvier:51)
	at com.kms.katalon.core.main.ScriptEngine.run(ScriptEngine.java:194)
	at com.kms.katalon.core.main.ScriptEngine.runScriptAsRawText(ScriptEngine.java:119)
	at com.kms.katalon.core.main.TestCaseExecutor.runScript(TestCaseExecutor.java:337)
	at com.kms.katalon.core.main.TestCaseExecutor.doExecute(TestCaseExecutor.java:328)
	at com.kms.katalon.core.main.TestCaseExecutor.processExecutionPhase(TestCaseExecutor.java:307)
	at com.kms.katalon.core.main.TestCaseExecutor.accessMainPhase(TestCaseExecutor.java:299)
	at com.kms.katalon.core.main.TestCaseExecutor.execute(TestCaseExecutor.java:233)
	at com.kms.katalon.core.main.TestSuiteExecutor.accessTestCaseMainPhase(TestSuiteExecutor.java:169)
	at com.kms.katalon.core.main.TestSuiteExecutor.accessTestSuiteMainPhase(TestSuiteExecutor.java:142)
	at com.kms.katalon.core.main.TestSuiteExecutor.execute(TestSuiteExecutor.java:91)
	at com.kms.katalon.core.main.TestCaseMain.startTestSuite(TestCaseMain.java:157)
	at com.kms.katalon.core.main.TestCaseMain$startTestSuite$0.call(Unknown Source)
	at TempTestSuite1589311393960.run(TempTestSuite1589311393960.groovy:36)
Caused by: com.kms.katalon.core.webui.exception.WebElementNotFoundException: Web element with id: 'Object Repository/Canine/Filter/Breed/Bouvier_Chkbx' located by 'By.xpath: //span[contains(text(),'Bouvier des Flandres')]//parent::div//parent::divadded12345' not found
	at com.kms.katalon.core.webui.common.WebUiCommonHelper.findWebElement(WebUiCommonHelper.java:1154)
	at com.kms.katalon.core.webui.keyword.internal.WebUIAbstractKeyword.findWebElement(WebUIAbstractKeyword.groovy:27)
	at com.kms.katalon.core.webui.keyword.internal.WebUIAbstractKeyword.findWebElement(WebUIAbstractKeyword.groovy:26)
	at com.kms.katalon.core.webui.keyword.builtin.ClickKeyword$_click_closure1.doCall(ClickKeyword.groovy:67)
	at com.kms.katalon.core.webui.keyword.builtin.ClickKeyword$_click_closure1.call(ClickKeyword.groovy)
	at com.kms.katalon.core.webui.keyword.internal.WebUIKeywordMain.runKeyword(WebUIKeywordMain.groovy:20)
	... 19 more]]></system-err>
      </testcase>
      <testcase name="Test Cases/Canine_TestCases/Breed/TC11_Canine_Filter_Breed-Boxer" time="21.079" classname="Test Cases/Canine_TestCases/Breed/TC11_Canine_Filter_Breed-Boxer" status="PASSED">
         <system-out><![CDATA[2020-05-12 12:30:14 - [TEST_CASE][PASSED] - Test Cases/Canine_TestCases/Breed/TC11_Canine_Filter_Breed-Boxer: Test Cases/Canine_TestCases/Breed/TC11_Canine_Filter_Breed-Boxer

2020-05-12 12:30:14 - [TEST_STEP][PASSED] - openBrowser(""): Browser is opened with url: ''

2020-05-12 12:30:14 - [MESSAGE][WARNING] - A browser is already opened. Closing browser and opening a new one

2020-05-12 12:30:15 - [MESSAGE][INFO] - Starting 'Firefox (headless)' driver

2020-05-12 12:30:19 - [MESSAGE][PASSED] - Browser is opened with url: ''

2020-05-12 12:30:19 - [TEST_STEP][PASSED] - ctdc.utilities.runtestcaseforKatalon.browserDriver(""): ctdc.utilities.runtestcaseforKatalon.browserDriver is PASSED

2020-05-12 12:30:19 - [MESSAGE][PASSED] - ctdc.utilities.runtestcaseforKatalon.browserDriver is PASSED

2020-05-12 12:30:19 - [TEST_STEP][PASSED] - ctdc.utilities.runtestcaseforKatalon.RunKatalon("TC11_Canine_Filter_Breed-Boxer.xlsx"): Data loaded from input file for the test case. 

2020-05-12 12:30:19 - [MESSAGE][PASSED] - Test case file loaded This is the full filepath after converting to string :C:\Users\radhakrishnang2\Desktop\Commons_Automation\InputFiles\TC11_Canine_Filter_Breed-Boxer.xlsx

2020-05-12 12:30:19 - [MESSAGE][INFO] - Global variable set for password file is :  C:\Users\radhakrishnang2\Desktop\Commons_Automation\InputFiles\TC11_Canine_Filter_Breed-Boxer.xlsx

2020-05-12 12:30:19 - [MESSAGE][PASSED] - Data loaded from input file for the test case. 

2020-05-12 12:30:23 - [TEST_STEP][PASSED] - click(findTestObject("Object Repository/Canine/Canine_Cases_Btn")): Object: 'Object Repository/Canine/Canine_Cases_Btn' is clicked on

2020-05-12 12:30:23 - [MESSAGE][PASSED] - Object: 'Object Repository/Canine/Canine_Cases_Btn' is clicked on

2020-05-12 12:30:23 - [TEST_STEP][PASSED] - click(findTestObject("Object Repository/Canine/Filter/Breed/BREED_Ddn")): Object: 'Object Repository/Canine/Filter/Breed/BREED_Ddn' is clicked on

2020-05-12 12:30:26 - [MESSAGE][PASSED] - Object: 'Object Repository/Canine/Filter/Breed/BREED_Ddn' is clicked on

2020-05-12 12:30:26 - [TEST_STEP][PASSED] - click(findTestObject("Object Repository/Canine/Filter/Breed/Boxer_Chkbx")): Object: 'Object Repository/Canine/Filter/Breed/Boxer_Chkbx' is clicked on

2020-05-12 12:30:27 - [MESSAGE][PASSED] - Object: 'Object Repository/Canine/Filter/Breed/Boxer_Chkbx' is clicked on

2020-05-12 12:30:27 - [TEST_STEP][PASSED] - ctdc.utilities.runtestcaseforKatalon.ReadCasesTableKatalon("Object Repository/Canine/Canine_CasesTable", "Object Repository/Canine/Canine_TableHeader", "Object Repository/Canine/Canine_NextBtn"): ctdc.utilities.runtestcaseforKatalon.ReadCasesTableKatalon is PASSED

2020-05-12 12:30:29 - [MESSAGE][PASSED] - ctdc.utilities.runtestcaseforKatalon.ReadCasesTableKatalon is PASSED

2020-05-12 12:30:29 - [TEST_STEP][PASSED] - ctdc.utilities.ReadExcel.Neo4j(): ctdc.utilities.ReadExcel.Neo4j is PASSED

2020-05-12 12:30:33 - [MESSAGE][PASSED] - ctdc.utilities.ReadExcel.Neo4j is PASSED

2020-05-12 12:30:33 - [TEST_STEP][PASSED] - ctdc.utilities.runtestcaseforKatalon.compareLists(): ctdc.utilities.runtestcaseforKatalon.compareLists is PASSED

2020-05-12 12:30:33 - [MESSAGE][PASSED] - ctdc.utilities.runtestcaseforKatalon.compareLists is PASSED

2020-05-12 12:30:35 - [TEST_STEP][PASSED] - Video: Video recording for test case 'Test Cases/Canine_TestCases/Breed/TC11_Canine_Filter_Breed-Boxer' .

2020-05-12 12:30:35 - [MESSAGE][INFO] - Video recording for test case 'Test Cases/Canine_TestCases/Breed/TC11_Canine_Filter_Breed-Boxer' .
[[ATTACHMENT|C:\\Users\\radhakrishnang2\\Desktop\\Commons_Automation\\Reports\\20200512_122313\\Canine_TestSuite\\20200512_122313/videos\\test_17.avi]]]]></system-out>
         <system-err><![CDATA[]]></system-err>
      </testcase>
      <testcase name="Test Cases/Canine_TestCases/Breed/TC12_Canine_Filter_Breed-BullMastif" time="19.029" classname="Test Cases/Canine_TestCases/Breed/TC12_Canine_Filter_Breed-BullMastif" status="PASSED">
         <system-out><![CDATA[2020-05-12 12:30:35 - [TEST_CASE][PASSED] - Test Cases/Canine_TestCases/Breed/TC12_Canine_Filter_Breed-BullMastif: Test Cases/Canine_TestCases/Breed/TC12_Canine_Filter_Breed-BullMastif

2020-05-12 12:30:35 - [TEST_STEP][PASSED] - openBrowser(""): Browser is opened with url: ''

2020-05-12 12:30:35 - [MESSAGE][WARNING] - A browser is already opened. Closing browser and opening a new one

2020-05-12 12:30:36 - [MESSAGE][INFO] - Starting 'Firefox (headless)' driver

2020-05-12 12:30:40 - [MESSAGE][PASSED] - Browser is opened with url: ''

2020-05-12 12:30:40 - [TEST_STEP][PASSED] - ctdc.utilities.runtestcaseforKatalon.browserDriver(""): ctdc.utilities.runtestcaseforKatalon.browserDriver is PASSED

2020-05-12 12:30:40 - [MESSAGE][PASSED] - ctdc.utilities.runtestcaseforKatalon.browserDriver is PASSED

2020-05-12 12:30:40 - [TEST_STEP][PASSED] - ctdc.utilities.runtestcaseforKatalon.RunKatalon("TC12_Canine_Filter_Breed-BullMastif.xlsx"): Data loaded from input file for the test case. 

2020-05-12 12:30:40 - [MESSAGE][PASSED] - Test case file loaded This is the full filepath after converting to string :C:\Users\radhakrishnang2\Desktop\Commons_Automation\InputFiles\TC12_Canine_Filter_Breed-BullMastif.xlsx

2020-05-12 12:30:40 - [MESSAGE][INFO] - Global variable set for password file is :  C:\Users\radhakrishnang2\Desktop\Commons_Automation\InputFiles\TC12_Canine_Filter_Breed-BullMastif.xlsx

2020-05-12 12:30:40 - [MESSAGE][PASSED] - Data loaded from input file for the test case. 

2020-05-12 12:30:44 - [TEST_STEP][PASSED] - click(findTestObject("Object Repository/Canine/Canine_Cases_Btn")): Object: 'Object Repository/Canine/Canine_Cases_Btn' is clicked on

2020-05-12 12:30:44 - [MESSAGE][PASSED] - Object: 'Object Repository/Canine/Canine_Cases_Btn' is clicked on

2020-05-12 12:30:44 - [TEST_STEP][PASSED] - click(findTestObject("Object Repository/Canine/Filter/Breed/BREED_Ddn")): Object: 'Object Repository/Canine/Filter/Breed/BREED_Ddn' is clicked on

2020-05-12 12:30:46 - [MESSAGE][PASSED] - Object: 'Object Repository/Canine/Filter/Breed/BREED_Ddn' is clicked on

2020-05-12 12:30:46 - [TEST_STEP][PASSED] - click(findTestObject("Object Repository/Canine/Filter/Breed/Bullmastif_Chkbx")): Object: 'Object Repository/Canine/Filter/Breed/Bullmastif_Chkbx' is clicked on

2020-05-12 12:30:47 - [MESSAGE][PASSED] - Object: 'Object Repository/Canine/Filter/Breed/Bullmastif_Chkbx' is clicked on

2020-05-12 12:30:47 - [TEST_STEP][PASSED] - ctdc.utilities.runtestcaseforKatalon.ReadCasesTableKatalon("Object Repository/Canine/Canine_CasesTable", "Object Repository/Canine/Canine_TableHeader", "Object Repository/Canine/Canine_NextBtn"): ctdc.utilities.runtestcaseforKatalon.ReadCasesTableKatalon is PASSED

2020-05-12 12:30:48 - [MESSAGE][PASSED] - ctdc.utilities.runtestcaseforKatalon.ReadCasesTableKatalon is PASSED

2020-05-12 12:30:48 - [TEST_STEP][PASSED] - ctdc.utilities.ReadExcel.Neo4j(): ctdc.utilities.ReadExcel.Neo4j is PASSED

2020-05-12 12:30:52 - [MESSAGE][PASSED] - ctdc.utilities.ReadExcel.Neo4j is PASSED

2020-05-12 12:30:52 - [TEST_STEP][PASSED] - ctdc.utilities.runtestcaseforKatalon.compareLists(): ctdc.utilities.runtestcaseforKatalon.compareLists is PASSED

2020-05-12 12:30:52 - [MESSAGE][PASSED] - ctdc.utilities.runtestcaseforKatalon.compareLists is PASSED

2020-05-12 12:30:54 - [TEST_STEP][PASSED] - Video: Video recording for test case 'Test Cases/Canine_TestCases/Breed/TC12_Canine_Filter_Breed-BullMastif' .

2020-05-12 12:30:54 - [MESSAGE][INFO] - Video recording for test case 'Test Cases/Canine_TestCases/Breed/TC12_Canine_Filter_Breed-BullMastif' .
[[ATTACHMENT|C:\\Users\\radhakrishnang2\\Desktop\\Commons_Automation\\Reports\\20200512_122313\\Canine_TestSuite\\20200512_122313/videos\\test_18.avi]]]]></system-out>
         <system-err><![CDATA[]]></system-err>
      </testcase>
      <testcase name="Test Cases/Canine_TestCases/Breed/TC13_Canine_Filter_Breed-CavalierKing" time="16.552" classname="Test Cases/Canine_TestCases/Breed/TC13_Canine_Filter_Breed-CavalierKing" status="PASSED">
         <system-out><![CDATA[2020-05-12 12:30:54 - [TEST_CASE][PASSED] - Test Cases/Canine_TestCases/Breed/TC13_Canine_Filter_Breed-CavalierKing: Test Cases/Canine_TestCases/Breed/TC13_Canine_Filter_Breed-CavalierKing

2020-05-12 12:30:54 - [TEST_STEP][PASSED] - openBrowser(""): Browser is opened with url: ''

2020-05-12 12:30:54 - [MESSAGE][WARNING] - A browser is already opened. Closing browser and opening a new one

2020-05-12 12:30:55 - [MESSAGE][INFO] - Starting 'Firefox (headless)' driver

2020-05-12 12:30:59 - [MESSAGE][PASSED] - Browser is opened with url: ''

2020-05-12 12:30:59 - [TEST_STEP][PASSED] - ctdc.utilities.runtestcaseforKatalon.browserDriver(""): ctdc.utilities.runtestcaseforKatalon.browserDriver is PASSED

2020-05-12 12:30:59 - [MESSAGE][PASSED] - ctdc.utilities.runtestcaseforKatalon.browserDriver is PASSED

2020-05-12 12:30:59 - [TEST_STEP][PASSED] - ctdc.utilities.runtestcaseforKatalon.RunKatalon("TC13_Canine_Filter_Breed-CavalierKing.xlsx"): Data loaded from input file for the test case. 

2020-05-12 12:30:59 - [MESSAGE][PASSED] - Test case file loaded This is the full filepath after converting to string :C:\Users\radhakrishnang2\Desktop\Commons_Automation\InputFiles\TC13_Canine_Filter_Breed-CavalierKing.xlsx

2020-05-12 12:30:59 - [MESSAGE][INFO] - Global variable set for password file is :  C:\Users\radhakrishnang2\Desktop\Commons_Automation\InputFiles\TC13_Canine_Filter_Breed-CavalierKing.xlsx

2020-05-12 12:30:59 - [MESSAGE][PASSED] - Data loaded from input file for the test case. 

2020-05-12 12:31:02 - [TEST_STEP][PASSED] - click(findTestObject("Object Repository/Canine/Canine_Cases_Btn")): Object: 'Object Repository/Canine/Canine_Cases_Btn' is clicked on

2020-05-12 12:31:02 - [MESSAGE][PASSED] - Object: 'Object Repository/Canine/Canine_Cases_Btn' is clicked on

2020-05-12 12:31:02 - [TEST_STEP][PASSED] - click(findTestObject("Object Repository/Canine/Filter/Breed/BREED_Ddn")): Object: 'Object Repository/Canine/Filter/Breed/BREED_Ddn' is clicked on

2020-05-12 12:31:04 - [MESSAGE][PASSED] - Object: 'Object Repository/Canine/Filter/Breed/BREED_Ddn' is clicked on

2020-05-12 12:31:04 - [TEST_STEP][PASSED] - click(findTestObject("Object Repository/Canine/Filter/Breed/CavalierKing_Chkbx")): Object: 'Object Repository/Canine/Filter/Breed/CavalierKing_Chkbx' is clicked on

2020-05-12 12:31:04 - [MESSAGE][PASSED] - Object: 'Object Repository/Canine/Filter/Breed/CavalierKing_Chkbx' is clicked on

2020-05-12 12:31:04 - [TEST_STEP][PASSED] - ctdc.utilities.runtestcaseforKatalon.ReadCasesTableKatalon("Object Repository/Canine/Canine_CasesTable", "Object Repository/Canine/Canine_TableHeader", "Object Repository/Canine/Canine_NextBtn"): ctdc.utilities.runtestcaseforKatalon.ReadCasesTableKatalon is PASSED

2020-05-12 12:31:05 - [MESSAGE][PASSED] - ctdc.utilities.runtestcaseforKatalon.ReadCasesTableKatalon is PASSED

2020-05-12 12:31:05 - [TEST_STEP][PASSED] - ctdc.utilities.ReadExcel.Neo4j(): ctdc.utilities.ReadExcel.Neo4j is PASSED

2020-05-12 12:31:08 - [MESSAGE][PASSED] - ctdc.utilities.ReadExcel.Neo4j is PASSED

2020-05-12 12:31:08 - [TEST_STEP][PASSED] - ctdc.utilities.runtestcaseforKatalon.compareLists(): ctdc.utilities.runtestcaseforKatalon.compareLists is PASSED

2020-05-12 12:31:08 - [MESSAGE][PASSED] - ctdc.utilities.runtestcaseforKatalon.compareLists is PASSED

2020-05-12 12:31:10 - [TEST_STEP][PASSED] - Video: Video recording for test case 'Test Cases/Canine_TestCases/Breed/TC13_Canine_Filter_Breed-CavalierKing' .

2020-05-12 12:31:10 - [MESSAGE][INFO] - Video recording for test case 'Test Cases/Canine_TestCases/Breed/TC13_Canine_Filter_Breed-CavalierKing' .
[[ATTACHMENT|C:\\Users\\radhakrishnang2\\Desktop\\Commons_Automation\\Reports\\20200512_122313\\Canine_TestSuite\\20200512_122313/videos\\test_19.avi]]]]></system-out>
         <system-err><![CDATA[]]></system-err>
      </testcase>
      <testcase name="Test Cases/Canine_TestCases/Breed/TC14_Canine_Filter_Breed-Chesapeake" time="21.562" classname="Test Cases/Canine_TestCases/Breed/TC14_Canine_Filter_Breed-Chesapeake" status="PASSED">
         <system-out><![CDATA[2020-05-12 12:31:10 - [TEST_CASE][PASSED] - Test Cases/Canine_TestCases/Breed/TC14_Canine_Filter_Breed-Chesapeake: Test Cases/Canine_TestCases/Breed/TC14_Canine_Filter_Breed-Chesapeake

2020-05-12 12:31:11 - [TEST_STEP][PASSED] - openBrowser(""): Browser is opened with url: ''

2020-05-12 12:31:11 - [MESSAGE][WARNING] - A browser is already opened. Closing browser and opening a new one

2020-05-12 12:31:12 - [MESSAGE][INFO] - Starting 'Firefox (headless)' driver

2020-05-12 12:31:17 - [MESSAGE][PASSED] - Browser is opened with url: ''

2020-05-12 12:31:17 - [TEST_STEP][PASSED] - ctdc.utilities.runtestcaseforKatalon.browserDriver(""): ctdc.utilities.runtestcaseforKatalon.browserDriver is PASSED

2020-05-12 12:31:17 - [MESSAGE][PASSED] - ctdc.utilities.runtestcaseforKatalon.browserDriver is PASSED

2020-05-12 12:31:17 - [TEST_STEP][PASSED] - ctdc.utilities.runtestcaseforKatalon.RunKatalon("TC14_Canine_Filter_Breed-Chesapeake.xlsx"): Data loaded from input file for the test case. 

2020-05-12 12:31:17 - [MESSAGE][PASSED] - Test case file loaded This is the full filepath after converting to string :C:\Users\radhakrishnang2\Desktop\Commons_Automation\InputFiles\TC14_Canine_Filter_Breed-Chesapeake.xlsx

2020-05-12 12:31:17 - [MESSAGE][INFO] - Global variable set for password file is :  C:\Users\radhakrishnang2\Desktop\Commons_Automation\InputFiles\TC14_Canine_Filter_Breed-Chesapeake.xlsx

2020-05-12 12:31:17 - [MESSAGE][PASSED] - Data loaded from input file for the test case. 

2020-05-12 12:31:22 - [TEST_STEP][PASSED] - click(findTestObject("Object Repository/Canine/Canine_Cases_Btn")): Object: 'Object Repository/Canine/Canine_Cases_Btn' is clicked on

2020-05-12 12:31:23 - [MESSAGE][PASSED] - Object: 'Object Repository/Canine/Canine_Cases_Btn' is clicked on

2020-05-12 12:31:23 - [TEST_STEP][PASSED] - click(findTestObject("Object Repository/Canine/Filter/Breed/BREED_Ddn")): Object: 'Object Repository/Canine/Filter/Breed/BREED_Ddn' is clicked on

2020-05-12 12:31:25 - [MESSAGE][PASSED] - Object: 'Object Repository/Canine/Filter/Breed/BREED_Ddn' is clicked on

2020-05-12 12:31:25 - [TEST_STEP][PASSED] - click(findTestObject("Object Repository/Canine/Filter/Breed/Chesapeake_Chkbx")): Object: 'Object Repository/Canine/Filter/Breed/Chesapeake_Chkbx' is clicked on

2020-05-12 12:31:25 - [MESSAGE][PASSED] - Object: 'Object Repository/Canine/Filter/Breed/Chesapeake_Chkbx' is clicked on

2020-05-12 12:31:25 - [TEST_STEP][PASSED] - ctdc.utilities.runtestcaseforKatalon.ReadCasesTableKatalon("Object Repository/Canine/Canine_CasesTable", "Object Repository/Canine/Canine_TableHeader", "Object Repository/Canine/Canine_NextBtn"): ctdc.utilities.runtestcaseforKatalon.ReadCasesTableKatalon is PASSED

2020-05-12 12:31:26 - [MESSAGE][PASSED] - ctdc.utilities.runtestcaseforKatalon.ReadCasesTableKatalon is PASSED

2020-05-12 12:31:26 - [TEST_STEP][PASSED] - ctdc.utilities.ReadExcel.Neo4j(): ctdc.utilities.ReadExcel.Neo4j is PASSED

2020-05-12 12:31:30 - [MESSAGE][PASSED] - ctdc.utilities.ReadExcel.Neo4j is PASSED

2020-05-12 12:31:30 - [TEST_STEP][PASSED] - ctdc.utilities.runtestcaseforKatalon.compareLists(): ctdc.utilities.runtestcaseforKatalon.compareLists is PASSED

2020-05-12 12:31:30 - [MESSAGE][PASSED] - ctdc.utilities.runtestcaseforKatalon.compareLists is PASSED

2020-05-12 12:31:32 - [TEST_STEP][PASSED] - Video: Video recording for test case 'Test Cases/Canine_TestCases/Breed/TC14_Canine_Filter_Breed-Chesapeake' .

2020-05-12 12:31:32 - [MESSAGE][INFO] - Video recording for test case 'Test Cases/Canine_TestCases/Breed/TC14_Canine_Filter_Breed-Chesapeake' .
[[ATTACHMENT|C:\\Users\\radhakrishnang2\\Desktop\\Commons_Automation\\Reports\\20200512_122313\\Canine_TestSuite\\20200512_122313/videos\\test_20.avi]]]]></system-out>
         <system-err><![CDATA[]]></system-err>
      </testcase>
      <testcase name="Test Cases/Canine_TestCases/Breed/TC15_Canine_Filter_Breed-Chinese" time="21.018" classname="Test Cases/Canine_TestCases/Breed/TC15_Canine_Filter_Breed-Chinese" status="PASSED">
         <system-out><![CDATA[2020-05-12 12:31:32 - [TEST_CASE][PASSED] - Test Cases/Canine_TestCases/Breed/TC15_Canine_Filter_Breed-Chinese: Test Cases/Canine_TestCases/Breed/TC15_Canine_Filter_Breed-Chinese

2020-05-12 12:31:32 - [TEST_STEP][PASSED] - openBrowser(""): Browser is opened with url: ''

2020-05-12 12:31:32 - [MESSAGE][WARNING] - A browser is already opened. Closing browser and opening a new one

2020-05-12 12:31:33 - [MESSAGE][INFO] - Starting 'Firefox (headless)' driver

2020-05-12 12:31:37 - [MESSAGE][PASSED] - Browser is opened with url: ''

2020-05-12 12:31:37 - [TEST_STEP][PASSED] - ctdc.utilities.runtestcaseforKatalon.browserDriver(""): ctdc.utilities.runtestcaseforKatalon.browserDriver is PASSED

2020-05-12 12:31:37 - [MESSAGE][PASSED] - ctdc.utilities.runtestcaseforKatalon.browserDriver is PASSED

2020-05-12 12:31:37 - [TEST_STEP][PASSED] - ctdc.utilities.runtestcaseforKatalon.RunKatalon("TC15_Canine_Filter_Breed-Chinese.xlsx"): Data loaded from input file for the test case. 

2020-05-12 12:31:37 - [MESSAGE][PASSED] - Test case file loaded This is the full filepath after converting to string :C:\Users\radhakrishnang2\Desktop\Commons_Automation\InputFiles\TC15_Canine_Filter_Breed-Chinese.xlsx

2020-05-12 12:31:37 - [MESSAGE][INFO] - Global variable set for password file is :  C:\Users\radhakrishnang2\Desktop\Commons_Automation\InputFiles\TC15_Canine_Filter_Breed-Chinese.xlsx

2020-05-12 12:31:38 - [MESSAGE][PASSED] - Data loaded from input file for the test case. 

2020-05-12 12:31:44 - [TEST_STEP][PASSED] - click(findTestObject("Object Repository/Canine/Canine_Cases_Btn")): Object: 'Object Repository/Canine/Canine_Cases_Btn' is clicked on

2020-05-12 12:31:44 - [MESSAGE][PASSED] - Object: 'Object Repository/Canine/Canine_Cases_Btn' is clicked on

2020-05-12 12:31:44 - [TEST_STEP][PASSED] - click(findTestObject("Object Repository/Canine/Filter/Breed/BREED_Ddn")): Object: 'Object Repository/Canine/Filter/Breed/BREED_Ddn' is clicked on

2020-05-12 12:31:46 - [MESSAGE][PASSED] - Object: 'Object Repository/Canine/Filter/Breed/BREED_Ddn' is clicked on

2020-05-12 12:31:46 - [TEST_STEP][PASSED] - click(findTestObject("Object Repository/Canine/Filter/Breed/Chinese_Chkbx")): Object: 'Object Repository/Canine/Filter/Breed/Chinese_Chkbx' is clicked on

2020-05-12 12:31:46 - [MESSAGE][PASSED] - Object: 'Object Repository/Canine/Filter/Breed/Chinese_Chkbx' is clicked on

2020-05-12 12:31:46 - [TEST_STEP][PASSED] - ctdc.utilities.runtestcaseforKatalon.ReadCasesTableKatalon("Object Repository/Canine/Canine_CasesTable", "Object Repository/Canine/Canine_TableHeader", "Object Repository/Canine/Canine_NextBtn"): ctdc.utilities.runtestcaseforKatalon.ReadCasesTableKatalon is PASSED

2020-05-12 12:31:47 - [MESSAGE][PASSED] - ctdc.utilities.runtestcaseforKatalon.ReadCasesTableKatalon is PASSED

2020-05-12 12:31:47 - [TEST_STEP][PASSED] - ctdc.utilities.ReadExcel.Neo4j(): ctdc.utilities.ReadExcel.Neo4j is PASSED

2020-05-12 12:31:51 - [MESSAGE][PASSED] - ctdc.utilities.ReadExcel.Neo4j is PASSED

2020-05-12 12:31:51 - [TEST_STEP][PASSED] - ctdc.utilities.runtestcaseforKatalon.compareLists(): ctdc.utilities.runtestcaseforKatalon.compareLists is PASSED

2020-05-12 12:31:51 - [MESSAGE][PASSED] - ctdc.utilities.runtestcaseforKatalon.compareLists is PASSED

2020-05-12 12:31:53 - [TEST_STEP][PASSED] - Video: Video recording for test case 'Test Cases/Canine_TestCases/Breed/TC15_Canine_Filter_Breed-Chinese' .

2020-05-12 12:31:53 - [MESSAGE][INFO] - Video recording for test case 'Test Cases/Canine_TestCases/Breed/TC15_Canine_Filter_Breed-Chinese' .
[[ATTACHMENT|C:\\Users\\radhakrishnang2\\Desktop\\Commons_Automation\\Reports\\20200512_122313\\Canine_TestSuite\\20200512_122313/videos\\test_21.avi]]]]></system-out>
         <system-err><![CDATA[]]></system-err>
      </testcase>
      <testcase name="Test Cases/Canine_TestCases/Breed/TC16_Canine_Filter_Breed-CockerSpan" time="18.438" classname="Test Cases/Canine_TestCases/Breed/TC16_Canine_Filter_Breed-CockerSpan" status="PASSED">
         <system-out><![CDATA[2020-05-12 12:31:53 - [TEST_CASE][PASSED] - Test Cases/Canine_TestCases/Breed/TC16_Canine_Filter_Breed-CockerSpan: Test Cases/Canine_TestCases/Breed/TC16_Canine_Filter_Breed-CockerSpan

2020-05-12 12:31:53 - [TEST_STEP][PASSED] - openBrowser(""): Browser is opened with url: ''

2020-05-12 12:31:53 - [MESSAGE][WARNING] - A browser is already opened. Closing browser and opening a new one

2020-05-12 12:31:54 - [MESSAGE][INFO] - Starting 'Firefox (headless)' driver

2020-05-12 12:31:58 - [MESSAGE][PASSED] - Browser is opened with url: ''

2020-05-12 12:31:58 - [TEST_STEP][PASSED] - ctdc.utilities.runtestcaseforKatalon.browserDriver(""): ctdc.utilities.runtestcaseforKatalon.browserDriver is PASSED

2020-05-12 12:31:58 - [MESSAGE][PASSED] - ctdc.utilities.runtestcaseforKatalon.browserDriver is PASSED

2020-05-12 12:31:58 - [TEST_STEP][PASSED] - ctdc.utilities.runtestcaseforKatalon.RunKatalon("TC16_Canine_Filter_Breed-CockerSpan.xlsx"): Data loaded from input file for the test case. 

2020-05-12 12:31:58 - [MESSAGE][PASSED] - Test case file loaded This is the full filepath after converting to string :C:\Users\radhakrishnang2\Desktop\Commons_Automation\InputFiles\TC16_Canine_Filter_Breed-CockerSpan.xlsx

2020-05-12 12:31:58 - [MESSAGE][INFO] - Global variable set for password file is :  C:\Users\radhakrishnang2\Desktop\Commons_Automation\InputFiles\TC16_Canine_Filter_Breed-CockerSpan.xlsx

2020-05-12 12:31:58 - [MESSAGE][PASSED] - Data loaded from input file for the test case. 

2020-05-12 12:32:03 - [TEST_STEP][PASSED] - click(findTestObject("Object Repository/Canine/Canine_Cases_Btn")): Object: 'Object Repository/Canine/Canine_Cases_Btn' is clicked on

2020-05-12 12:32:03 - [MESSAGE][PASSED] - Object: 'Object Repository/Canine/Canine_Cases_Btn' is clicked on

2020-05-12 12:32:03 - [TEST_STEP][PASSED] - click(findTestObject("Object Repository/Canine/Filter/Breed/BREED_Ddn")): Object: 'Object Repository/Canine/Filter/Breed/BREED_Ddn' is clicked on

2020-05-12 12:32:05 - [MESSAGE][PASSED] - Object: 'Object Repository/Canine/Filter/Breed/BREED_Ddn' is clicked on

2020-05-12 12:32:05 - [TEST_STEP][PASSED] - click(findTestObject("Object Repository/Canine/Filter/Breed/CockerSpan_Chkbx")): Object: 'Object Repository/Canine/Filter/Breed/CockerSpan_Chkbx' is clicked on

2020-05-12 12:32:05 - [MESSAGE][PASSED] - Object: 'Object Repository/Canine/Filter/Breed/CockerSpan_Chkbx' is clicked on

2020-05-12 12:32:05 - [TEST_STEP][PASSED] - ctdc.utilities.runtestcaseforKatalon.ReadCasesTableKatalon("Object Repository/Canine/Canine_CasesTable", "Object Repository/Canine/Canine_TableHeader", "Object Repository/Canine/Canine_NextBtn"): ctdc.utilities.runtestcaseforKatalon.ReadCasesTableKatalon is PASSED

2020-05-12 12:32:06 - [MESSAGE][PASSED] - ctdc.utilities.runtestcaseforKatalon.ReadCasesTableKatalon is PASSED

2020-05-12 12:32:06 - [TEST_STEP][PASSED] - ctdc.utilities.ReadExcel.Neo4j(): ctdc.utilities.ReadExcel.Neo4j is PASSED

2020-05-12 12:32:09 - [MESSAGE][PASSED] - ctdc.utilities.ReadExcel.Neo4j is PASSED

2020-05-12 12:32:09 - [TEST_STEP][PASSED] - ctdc.utilities.runtestcaseforKatalon.compareLists(): ctdc.utilities.runtestcaseforKatalon.compareLists is PASSED

2020-05-12 12:32:09 - [MESSAGE][PASSED] - ctdc.utilities.runtestcaseforKatalon.compareLists is PASSED

2020-05-12 12:32:11 - [TEST_STEP][PASSED] - Video: Video recording for test case 'Test Cases/Canine_TestCases/Breed/TC16_Canine_Filter_Breed-CockerSpan' .

2020-05-12 12:32:11 - [MESSAGE][INFO] - Video recording for test case 'Test Cases/Canine_TestCases/Breed/TC16_Canine_Filter_Breed-CockerSpan' .
[[ATTACHMENT|C:\\Users\\radhakrishnang2\\Desktop\\Commons_Automation\\Reports\\20200512_122313\\Canine_TestSuite\\20200512_122313/videos\\test_22.avi]]]]></system-out>
         <system-err><![CDATA[]]></system-err>
      </testcase>
      <testcase name="Test Cases/Canine_TestCases/Breed/TC17_Canine_Filter_Breed-Doberman" time="17.97" classname="Test Cases/Canine_TestCases/Breed/TC17_Canine_Filter_Breed-Doberman" status="PASSED">
         <system-out><![CDATA[2020-05-12 12:32:11 - [TEST_CASE][PASSED] - Test Cases/Canine_TestCases/Breed/TC17_Canine_Filter_Breed-Doberman: Test Cases/Canine_TestCases/Breed/TC17_Canine_Filter_Breed-Doberman

2020-05-12 12:32:12 - [TEST_STEP][PASSED] - openBrowser(""): Browser is opened with url: ''

2020-05-12 12:32:12 - [MESSAGE][WARNING] - A browser is already opened. Closing browser and opening a new one

2020-05-12 12:32:13 - [MESSAGE][INFO] - Starting 'Firefox (headless)' driver

2020-05-12 12:32:16 - [MESSAGE][PASSED] - Browser is opened with url: ''

2020-05-12 12:32:16 - [TEST_STEP][PASSED] - ctdc.utilities.runtestcaseforKatalon.browserDriver(""): ctdc.utilities.runtestcaseforKatalon.browserDriver is PASSED

2020-05-12 12:32:16 - [MESSAGE][PASSED] - ctdc.utilities.runtestcaseforKatalon.browserDriver is PASSED

2020-05-12 12:32:16 - [TEST_STEP][PASSED] - ctdc.utilities.runtestcaseforKatalon.RunKatalon("TC17_Canine_Filter_Breed-Doberman.xlsx"): Data loaded from input file for the test case. 

2020-05-12 12:32:16 - [MESSAGE][PASSED] - Test case file loaded This is the full filepath after converting to string :C:\Users\radhakrishnang2\Desktop\Commons_Automation\InputFiles\TC17_Canine_Filter_Breed-Doberman.xlsx

2020-05-12 12:32:16 - [MESSAGE][INFO] - Global variable set for password file is :  C:\Users\radhakrishnang2\Desktop\Commons_Automation\InputFiles\TC17_Canine_Filter_Breed-Doberman.xlsx

2020-05-12 12:32:16 - [MESSAGE][PASSED] - Data loaded from input file for the test case. 

2020-05-12 12:32:19 - [TEST_STEP][PASSED] - click(findTestObject("Object Repository/Canine/Canine_Cases_Btn")): Object: 'Object Repository/Canine/Canine_Cases_Btn' is clicked on

2020-05-12 12:32:19 - [MESSAGE][PASSED] - Object: 'Object Repository/Canine/Canine_Cases_Btn' is clicked on

2020-05-12 12:32:19 - [TEST_STEP][PASSED] - click(findTestObject("Object Repository/Canine/Filter/Breed/BREED_Ddn")): Object: 'Object Repository/Canine/Filter/Breed/BREED_Ddn' is clicked on

2020-05-12 12:32:22 - [MESSAGE][PASSED] - Object: 'Object Repository/Canine/Filter/Breed/BREED_Ddn' is clicked on

2020-05-12 12:32:22 - [TEST_STEP][PASSED] - click(findTestObject("Object Repository/Canine/Filter/Breed/Doberman_Chkbx")): Object: 'Object Repository/Canine/Filter/Breed/Doberman_Chkbx' is clicked on

2020-05-12 12:32:22 - [MESSAGE][PASSED] - Object: 'Object Repository/Canine/Filter/Breed/Doberman_Chkbx' is clicked on

2020-05-12 12:32:22 - [TEST_STEP][PASSED] - ctdc.utilities.runtestcaseforKatalon.ReadCasesTableKatalon("Object Repository/Canine/Canine_CasesTable", "Object Repository/Canine/Canine_TableHeader", "Object Repository/Canine/Canine_NextBtn"): ctdc.utilities.runtestcaseforKatalon.ReadCasesTableKatalon is PASSED

2020-05-12 12:32:24 - [MESSAGE][PASSED] - ctdc.utilities.runtestcaseforKatalon.ReadCasesTableKatalon is PASSED

2020-05-12 12:32:24 - [TEST_STEP][PASSED] - ctdc.utilities.ReadExcel.Neo4j(): ctdc.utilities.ReadExcel.Neo4j is PASSED

2020-05-12 12:32:27 - [MESSAGE][PASSED] - ctdc.utilities.ReadExcel.Neo4j is PASSED

2020-05-12 12:32:27 - [TEST_STEP][PASSED] - ctdc.utilities.runtestcaseforKatalon.compareLists(): ctdc.utilities.runtestcaseforKatalon.compareLists is PASSED

2020-05-12 12:32:27 - [MESSAGE][PASSED] - ctdc.utilities.runtestcaseforKatalon.compareLists is PASSED

2020-05-12 12:32:29 - [TEST_STEP][PASSED] - Video: Video recording for test case 'Test Cases/Canine_TestCases/Breed/TC17_Canine_Filter_Breed-Doberman' .

2020-05-12 12:32:29 - [MESSAGE][INFO] - Video recording for test case 'Test Cases/Canine_TestCases/Breed/TC17_Canine_Filter_Breed-Doberman' .
[[ATTACHMENT|C:\\Users\\radhakrishnang2\\Desktop\\Commons_Automation\\Reports\\20200512_122313\\Canine_TestSuite\\20200512_122313/videos\\test_23.avi]]]]></system-out>
         <system-err><![CDATA[]]></system-err>
      </testcase>
      <testcase name="Test Cases/Canine_TestCases/Breed/TC18_Canine_Filter_Breed-English" time="19.155" classname="Test Cases/Canine_TestCases/Breed/TC18_Canine_Filter_Breed-English" status="PASSED">
         <system-out><![CDATA[2020-05-12 12:32:29 - [TEST_CASE][PASSED] - Test Cases/Canine_TestCases/Breed/TC18_Canine_Filter_Breed-English: Test Cases/Canine_TestCases/Breed/TC18_Canine_Filter_Breed-English

2020-05-12 12:32:30 - [TEST_STEP][PASSED] - openBrowser(""): Browser is opened with url: ''

2020-05-12 12:32:30 - [MESSAGE][WARNING] - A browser is already opened. Closing browser and opening a new one

2020-05-12 12:32:31 - [MESSAGE][INFO] - Starting 'Firefox (headless)' driver

2020-05-12 12:32:35 - [MESSAGE][PASSED] - Browser is opened with url: ''

2020-05-12 12:32:35 - [TEST_STEP][PASSED] - ctdc.utilities.runtestcaseforKatalon.browserDriver(""): ctdc.utilities.runtestcaseforKatalon.browserDriver is PASSED

2020-05-12 12:32:35 - [MESSAGE][PASSED] - ctdc.utilities.runtestcaseforKatalon.browserDriver is PASSED

2020-05-12 12:32:35 - [TEST_STEP][PASSED] - ctdc.utilities.runtestcaseforKatalon.RunKatalon("TC18_Canine_Filter_Breed-English.xlsx"): Data loaded from input file for the test case. 

2020-05-12 12:32:35 - [MESSAGE][PASSED] - Test case file loaded This is the full filepath after converting to string :C:\Users\radhakrishnang2\Desktop\Commons_Automation\InputFiles\TC18_Canine_Filter_Breed-English.xlsx

2020-05-12 12:32:35 - [MESSAGE][INFO] - Global variable set for password file is :  C:\Users\radhakrishnang2\Desktop\Commons_Automation\InputFiles\TC18_Canine_Filter_Breed-English.xlsx

2020-05-12 12:32:35 - [MESSAGE][PASSED] - Data loaded from input file for the test case. 

2020-05-12 12:32:40 - [TEST_STEP][PASSED] - click(findTestObject("Object Repository/Canine/Canine_Cases_Btn")): Object: 'Object Repository/Canine/Canine_Cases_Btn' is clicked on

2020-05-12 12:32:40 - [MESSAGE][PASSED] - Object: 'Object Repository/Canine/Canine_Cases_Btn' is clicked on

2020-05-12 12:32:40 - [TEST_STEP][PASSED] - click(findTestObject("Object Repository/Canine/Filter/Breed/BREED_Ddn")): Object: 'Object Repository/Canine/Filter/Breed/BREED_Ddn' is clicked on

2020-05-12 12:32:42 - [MESSAGE][PASSED] - Object: 'Object Repository/Canine/Filter/Breed/BREED_Ddn' is clicked on

2020-05-12 12:32:42 - [TEST_STEP][PASSED] - click(findTestObject("Object Repository/Canine/Filter/Breed/English_Chkbx")): Object: 'Object Repository/Canine/Filter/Breed/English_Chkbx' is clicked on

2020-05-12 12:32:42 - [MESSAGE][PASSED] - Object: 'Object Repository/Canine/Filter/Breed/English_Chkbx' is clicked on

2020-05-12 12:32:42 - [TEST_STEP][PASSED] - ctdc.utilities.runtestcaseforKatalon.ReadCasesTableKatalon("Object Repository/Canine/Canine_CasesTable", "Object Repository/Canine/Canine_TableHeader", "Object Repository/Canine/Canine_NextBtn"): ctdc.utilities.runtestcaseforKatalon.ReadCasesTableKatalon is PASSED

2020-05-12 12:32:43 - [MESSAGE][PASSED] - ctdc.utilities.runtestcaseforKatalon.ReadCasesTableKatalon is PASSED

2020-05-12 12:32:43 - [TEST_STEP][PASSED] - ctdc.utilities.ReadExcel.Neo4j(): ctdc.utilities.ReadExcel.Neo4j is PASSED

2020-05-12 12:32:46 - [MESSAGE][PASSED] - ctdc.utilities.ReadExcel.Neo4j is PASSED

2020-05-12 12:32:46 - [TEST_STEP][PASSED] - ctdc.utilities.runtestcaseforKatalon.compareLists(): ctdc.utilities.runtestcaseforKatalon.compareLists is PASSED

2020-05-12 12:32:46 - [MESSAGE][PASSED] - ctdc.utilities.runtestcaseforKatalon.compareLists is PASSED

2020-05-12 12:32:48 - [TEST_STEP][PASSED] - Video: Video recording for test case 'Test Cases/Canine_TestCases/Breed/TC18_Canine_Filter_Breed-English' .

2020-05-12 12:32:48 - [MESSAGE][INFO] - Video recording for test case 'Test Cases/Canine_TestCases/Breed/TC18_Canine_Filter_Breed-English' .
[[ATTACHMENT|C:\\Users\\radhakrishnang2\\Desktop\\Commons_Automation\\Reports\\20200512_122313\\Canine_TestSuite\\20200512_122313/videos\\test_24.avi]]]]></system-out>
         <system-err><![CDATA[]]></system-err>
      </testcase>
      <testcase name="Test Cases/Canine_TestCases/Breed/TC19_Canine_Filter_Breed-Flat" time="17.757" classname="Test Cases/Canine_TestCases/Breed/TC19_Canine_Filter_Breed-Flat" status="PASSED">
         <system-out><![CDATA[2020-05-12 12:32:48 - [TEST_CASE][PASSED] - Test Cases/Canine_TestCases/Breed/TC19_Canine_Filter_Breed-Flat: Test Cases/Canine_TestCases/Breed/TC19_Canine_Filter_Breed-Flat

2020-05-12 12:32:49 - [TEST_STEP][PASSED] - openBrowser(""): Browser is opened with url: ''

2020-05-12 12:32:49 - [MESSAGE][WARNING] - A browser is already opened. Closing browser and opening a new one

2020-05-12 12:32:50 - [MESSAGE][INFO] - Starting 'Firefox (headless)' driver

2020-05-12 12:32:53 - [MESSAGE][PASSED] - Browser is opened with url: ''

2020-05-12 12:32:53 - [TEST_STEP][PASSED] - ctdc.utilities.runtestcaseforKatalon.browserDriver(""): ctdc.utilities.runtestcaseforKatalon.browserDriver is PASSED

2020-05-12 12:32:53 - [MESSAGE][PASSED] - ctdc.utilities.runtestcaseforKatalon.browserDriver is PASSED

2020-05-12 12:32:53 - [TEST_STEP][PASSED] - ctdc.utilities.runtestcaseforKatalon.RunKatalon("TC19_Canine_Filter_Breed-Flat.xlsx"): Data loaded from input file for the test case. 

2020-05-12 12:32:53 - [MESSAGE][PASSED] - Test case file loaded This is the full filepath after converting to string :C:\Users\radhakrishnang2\Desktop\Commons_Automation\InputFiles\TC19_Canine_Filter_Breed-Flat.xlsx

2020-05-12 12:32:53 - [MESSAGE][INFO] - Global variable set for password file is :  C:\Users\radhakrishnang2\Desktop\Commons_Automation\InputFiles\TC19_Canine_Filter_Breed-Flat.xlsx

2020-05-12 12:32:53 - [MESSAGE][PASSED] - Data loaded from input file for the test case. 

2020-05-12 12:32:57 - [TEST_STEP][PASSED] - click(findTestObject("Object Repository/Canine/Canine_Cases_Btn")): Object: 'Object Repository/Canine/Canine_Cases_Btn' is clicked on

2020-05-12 12:32:58 - [MESSAGE][PASSED] - Object: 'Object Repository/Canine/Canine_Cases_Btn' is clicked on

2020-05-12 12:32:58 - [TEST_STEP][PASSED] - click(findTestObject("Object Repository/Canine/Filter/Breed/BREED_Ddn")): Object: 'Object Repository/Canine/Filter/Breed/BREED_Ddn' is clicked on

2020-05-12 12:32:59 - [MESSAGE][PASSED] - Object: 'Object Repository/Canine/Filter/Breed/BREED_Ddn' is clicked on

2020-05-12 12:32:59 - [TEST_STEP][PASSED] - click(findTestObject("Object Repository/Canine/Filter/Breed/Flat_Chkbx")): Object: 'Object Repository/Canine/Filter/Breed/Flat_Chkbx' is clicked on

2020-05-12 12:33:00 - [MESSAGE][PASSED] - Object: 'Object Repository/Canine/Filter/Breed/Flat_Chkbx' is clicked on

2020-05-12 12:33:00 - [TEST_STEP][PASSED] - ctdc.utilities.runtestcaseforKatalon.ReadCasesTableKatalon("Object Repository/Canine/Canine_CasesTable", "Object Repository/Canine/Canine_TableHeader", "Object Repository/Canine/Canine_NextBtn"): ctdc.utilities.runtestcaseforKatalon.ReadCasesTableKatalon is PASSED

2020-05-12 12:33:01 - [MESSAGE][PASSED] - ctdc.utilities.runtestcaseforKatalon.ReadCasesTableKatalon is PASSED

2020-05-12 12:33:01 - [TEST_STEP][PASSED] - ctdc.utilities.ReadExcel.Neo4j(): ctdc.utilities.ReadExcel.Neo4j is PASSED

2020-05-12 12:33:04 - [MESSAGE][PASSED] - ctdc.utilities.ReadExcel.Neo4j is PASSED

2020-05-12 12:33:04 - [TEST_STEP][PASSED] - ctdc.utilities.runtestcaseforKatalon.compareLists(): ctdc.utilities.runtestcaseforKatalon.compareLists is PASSED

2020-05-12 12:33:04 - [MESSAGE][PASSED] - ctdc.utilities.runtestcaseforKatalon.compareLists is PASSED

2020-05-12 12:33:06 - [TEST_STEP][PASSED] - Video: Video recording for test case 'Test Cases/Canine_TestCases/Breed/TC19_Canine_Filter_Breed-Flat' .

2020-05-12 12:33:06 - [MESSAGE][INFO] - Video recording for test case 'Test Cases/Canine_TestCases/Breed/TC19_Canine_Filter_Breed-Flat' .
[[ATTACHMENT|C:\\Users\\radhakrishnang2\\Desktop\\Commons_Automation\\Reports\\20200512_122313\\Canine_TestSuite\\20200512_122313/videos\\test_25.avi]]]]></system-out>
         <system-err><![CDATA[]]></system-err>
      </testcase>
      <testcase name="Test Cases/Canine_TestCases/Breed/TC20_Canine_Filter_Breed-GermanShphd" time="16.724" classname="Test Cases/Canine_TestCases/Breed/TC20_Canine_Filter_Breed-GermanShphd" status="PASSED">
         <system-out><![CDATA[2020-05-12 12:33:06 - [TEST_CASE][PASSED] - Test Cases/Canine_TestCases/Breed/TC20_Canine_Filter_Breed-GermanShphd: Test Cases/Canine_TestCases/Breed/TC20_Canine_Filter_Breed-GermanShphd

2020-05-12 12:33:07 - [TEST_STEP][PASSED] - openBrowser(""): Browser is opened with url: ''

2020-05-12 12:33:07 - [MESSAGE][WARNING] - A browser is already opened. Closing browser and opening a new one

2020-05-12 12:33:08 - [MESSAGE][INFO] - Starting 'Firefox (headless)' driver

2020-05-12 12:33:11 - [MESSAGE][PASSED] - Browser is opened with url: ''

2020-05-12 12:33:11 - [TEST_STEP][PASSED] - ctdc.utilities.runtestcaseforKatalon.browserDriver(""): ctdc.utilities.runtestcaseforKatalon.browserDriver is PASSED

2020-05-12 12:33:11 - [MESSAGE][PASSED] - ctdc.utilities.runtestcaseforKatalon.browserDriver is PASSED

2020-05-12 12:33:11 - [TEST_STEP][PASSED] - ctdc.utilities.runtestcaseforKatalon.RunKatalon("TC20_Canine_Filter_Breed-GermanShphd.xlsx"): Data loaded from input file for the test case. 

2020-05-12 12:33:11 - [MESSAGE][PASSED] - Test case file loaded This is the full filepath after converting to string :C:\Users\radhakrishnang2\Desktop\Commons_Automation\InputFiles\TC20_Canine_Filter_Breed-GermanShphd.xlsx

2020-05-12 12:33:11 - [MESSAGE][INFO] - Global variable set for password file is :  C:\Users\radhakrishnang2\Desktop\Commons_Automation\InputFiles\TC20_Canine_Filter_Breed-GermanShphd.xlsx

2020-05-12 12:33:11 - [MESSAGE][PASSED] - Data loaded from input file for the test case. 

2020-05-12 12:33:14 - [TEST_STEP][PASSED] - click(findTestObject("Object Repository/Canine/Canine_Cases_Btn")): Object: 'Object Repository/Canine/Canine_Cases_Btn' is clicked on

2020-05-12 12:33:14 - [MESSAGE][PASSED] - Object: 'Object Repository/Canine/Canine_Cases_Btn' is clicked on

2020-05-12 12:33:14 - [TEST_STEP][PASSED] - click(findTestObject("Object Repository/Canine/Filter/Breed/BREED_Ddn")): Object: 'Object Repository/Canine/Filter/Breed/BREED_Ddn' is clicked on

2020-05-12 12:33:16 - [MESSAGE][PASSED] - Object: 'Object Repository/Canine/Filter/Breed/BREED_Ddn' is clicked on

2020-05-12 12:33:16 - [TEST_STEP][PASSED] - click(findTestObject("Object Repository/Canine/Filter/Breed/GermanShphd_Chkbx")): Object: 'Object Repository/Canine/Filter/Breed/GermanShphd_Chkbx' is clicked on

2020-05-12 12:33:16 - [MESSAGE][PASSED] - Object: 'Object Repository/Canine/Filter/Breed/GermanShphd_Chkbx' is clicked on

2020-05-12 12:33:16 - [TEST_STEP][PASSED] - ctdc.utilities.runtestcaseforKatalon.ReadCasesTableKatalon("Object Repository/Canine/Canine_CasesTable", "Object Repository/Canine/Canine_TableHeader", "Object Repository/Canine/Canine_NextBtn"): ctdc.utilities.runtestcaseforKatalon.ReadCasesTableKatalon is PASSED

2020-05-12 12:33:18 - [MESSAGE][PASSED] - ctdc.utilities.runtestcaseforKatalon.ReadCasesTableKatalon is PASSED

2020-05-12 12:33:18 - [TEST_STEP][PASSED] - ctdc.utilities.ReadExcel.Neo4j(): ctdc.utilities.ReadExcel.Neo4j is PASSED

2020-05-12 12:33:21 - [MESSAGE][PASSED] - ctdc.utilities.ReadExcel.Neo4j is PASSED

2020-05-12 12:33:21 - [TEST_STEP][PASSED] - ctdc.utilities.runtestcaseforKatalon.compareLists(): ctdc.utilities.runtestcaseforKatalon.compareLists is PASSED

2020-05-12 12:33:21 - [MESSAGE][PASSED] - ctdc.utilities.runtestcaseforKatalon.compareLists is PASSED

2020-05-12 12:33:23 - [TEST_STEP][PASSED] - Video: Video recording for test case 'Test Cases/Canine_TestCases/Breed/TC20_Canine_Filter_Breed-GermanShphd' .

2020-05-12 12:33:23 - [MESSAGE][INFO] - Video recording for test case 'Test Cases/Canine_TestCases/Breed/TC20_Canine_Filter_Breed-GermanShphd' .
[[ATTACHMENT|C:\\Users\\radhakrishnang2\\Desktop\\Commons_Automation\\Reports\\20200512_122313\\Canine_TestSuite\\20200512_122313/videos\\test_26.avi]]]]></system-out>
         <system-err><![CDATA[]]></system-err>
      </testcase>
      <testcase name="Test Cases/Canine_TestCases/Breed/TC21_Canine_Filter_Breed-GermanShthrPtr" time="16.379" classname="Test Cases/Canine_TestCases/Breed/TC21_Canine_Filter_Breed-GermanShthrPtr" status="PASSED">
         <system-out><![CDATA[2020-05-12 12:33:23 - [TEST_CASE][PASSED] - Test Cases/Canine_TestCases/Breed/TC21_Canine_Filter_Breed-GermanShthrPtr: Test Cases/Canine_TestCases/Breed/TC21_Canine_Filter_Breed-GermanShthrPtr

2020-05-12 12:33:23 - [TEST_STEP][PASSED] - openBrowser(""): Browser is opened with url: ''

2020-05-12 12:33:23 - [MESSAGE][WARNING] - A browser is already opened. Closing browser and opening a new one

2020-05-12 12:33:24 - [MESSAGE][INFO] - Starting 'Firefox (headless)' driver

2020-05-12 12:33:28 - [MESSAGE][PASSED] - Browser is opened with url: ''

2020-05-12 12:33:28 - [TEST_STEP][PASSED] - ctdc.utilities.runtestcaseforKatalon.browserDriver(""): ctdc.utilities.runtestcaseforKatalon.browserDriver is PASSED

2020-05-12 12:33:28 - [MESSAGE][PASSED] - ctdc.utilities.runtestcaseforKatalon.browserDriver is PASSED

2020-05-12 12:33:28 - [TEST_STEP][PASSED] - ctdc.utilities.runtestcaseforKatalon.RunKatalon("TC21_Canine_Filter_Breed-GermanShthrPtr.xlsx"): Data loaded from input file for the test case. 

2020-05-12 12:33:28 - [MESSAGE][PASSED] - Test case file loaded This is the full filepath after converting to string :C:\Users\radhakrishnang2\Desktop\Commons_Automation\InputFiles\TC21_Canine_Filter_Breed-GermanShthrPtr.xlsx

2020-05-12 12:33:28 - [MESSAGE][INFO] - Global variable set for password file is :  C:\Users\radhakrishnang2\Desktop\Commons_Automation\InputFiles\TC21_Canine_Filter_Breed-GermanShthrPtr.xlsx

2020-05-12 12:33:28 - [MESSAGE][PASSED] - Data loaded from input file for the test case. 

2020-05-12 12:33:31 - [TEST_STEP][PASSED] - click(findTestObject("Object Repository/Canine/Canine_Cases_Btn")): Object: 'Object Repository/Canine/Canine_Cases_Btn' is clicked on

2020-05-12 12:33:31 - [MESSAGE][PASSED] - Object: 'Object Repository/Canine/Canine_Cases_Btn' is clicked on

2020-05-12 12:33:31 - [TEST_STEP][PASSED] - click(findTestObject("Object Repository/Canine/Filter/Breed/BREED_Ddn")): Object: 'Object Repository/Canine/Filter/Breed/BREED_Ddn' is clicked on

2020-05-12 12:33:33 - [MESSAGE][PASSED] - Object: 'Object Repository/Canine/Filter/Breed/BREED_Ddn' is clicked on

2020-05-12 12:33:33 - [TEST_STEP][PASSED] - click(findTestObject("Object Repository/Canine/Filter/Breed/GermanShthrPntr_Chkbx")): Object: 'Object Repository/Canine/Filter/Breed/GermanShthrPntr_Chkbx' is clicked on

2020-05-12 12:33:33 - [MESSAGE][PASSED] - Object: 'Object Repository/Canine/Filter/Breed/GermanShthrPntr_Chkbx' is clicked on

2020-05-12 12:33:33 - [TEST_STEP][PASSED] - ctdc.utilities.runtestcaseforKatalon.ReadCasesTableKatalon("Object Repository/Canine/Canine_CasesTable", "Object Repository/Canine/Canine_TableHeader", "Object Repository/Canine/Canine_NextBtn"): ctdc.utilities.runtestcaseforKatalon.ReadCasesTableKatalon is PASSED

2020-05-12 12:33:34 - [MESSAGE][PASSED] - ctdc.utilities.runtestcaseforKatalon.ReadCasesTableKatalon is PASSED

2020-05-12 12:33:34 - [TEST_STEP][PASSED] - ctdc.utilities.ReadExcel.Neo4j(): ctdc.utilities.ReadExcel.Neo4j is PASSED

2020-05-12 12:33:37 - [MESSAGE][PASSED] - ctdc.utilities.ReadExcel.Neo4j is PASSED

2020-05-12 12:33:37 - [TEST_STEP][PASSED] - ctdc.utilities.runtestcaseforKatalon.compareLists(): ctdc.utilities.runtestcaseforKatalon.compareLists is PASSED

2020-05-12 12:33:37 - [MESSAGE][PASSED] - ctdc.utilities.runtestcaseforKatalon.compareLists is PASSED

2020-05-12 12:33:39 - [TEST_STEP][PASSED] - Video: Video recording for test case 'Test Cases/Canine_TestCases/Breed/TC21_Canine_Filter_Breed-GermanShthrPtr' .

2020-05-12 12:33:39 - [MESSAGE][INFO] - Video recording for test case 'Test Cases/Canine_TestCases/Breed/TC21_Canine_Filter_Breed-GermanShthrPtr' .
[[ATTACHMENT|C:\\Users\\radhakrishnang2\\Desktop\\Commons_Automation\\Reports\\20200512_122313\\Canine_TestSuite\\20200512_122313/videos\\test_27.avi]]]]></system-out>
         <system-err><![CDATA[]]></system-err>
      </testcase>
      <testcase name="Test Cases/Canine_TestCases/Breed/TC22_Canine_Filter_Breed-Giant" time="16.306" classname="Test Cases/Canine_TestCases/Breed/TC22_Canine_Filter_Breed-Giant" status="PASSED">
         <system-out><![CDATA[2020-05-12 12:33:39 - [TEST_CASE][PASSED] - Test Cases/Canine_TestCases/Breed/TC22_Canine_Filter_Breed-Giant: Test Cases/Canine_TestCases/Breed/TC22_Canine_Filter_Breed-Giant

2020-05-12 12:33:40 - [TEST_STEP][PASSED] - openBrowser(""): Browser is opened with url: ''

2020-05-12 12:33:40 - [MESSAGE][WARNING] - A browser is already opened. Closing browser and opening a new one

2020-05-12 12:33:41 - [MESSAGE][INFO] - Starting 'Firefox (headless)' driver

2020-05-12 12:33:44 - [MESSAGE][PASSED] - Browser is opened with url: ''

2020-05-12 12:33:44 - [TEST_STEP][PASSED] - ctdc.utilities.runtestcaseforKatalon.browserDriver(""): ctdc.utilities.runtestcaseforKatalon.browserDriver is PASSED

2020-05-12 12:33:44 - [MESSAGE][PASSED] - ctdc.utilities.runtestcaseforKatalon.browserDriver is PASSED

2020-05-12 12:33:44 - [TEST_STEP][PASSED] - ctdc.utilities.runtestcaseforKatalon.RunKatalon("TC22_Canine_Filter_Breed-Giant.xlsx"): Data loaded from input file for the test case. 

2020-05-12 12:33:44 - [MESSAGE][PASSED] - Test case file loaded This is the full filepath after converting to string :C:\Users\radhakrishnang2\Desktop\Commons_Automation\InputFiles\TC22_Canine_Filter_Breed-Giant.xlsx

2020-05-12 12:33:44 - [MESSAGE][INFO] - Global variable set for password file is :  C:\Users\radhakrishnang2\Desktop\Commons_Automation\InputFiles\TC22_Canine_Filter_Breed-Giant.xlsx

2020-05-12 12:33:44 - [MESSAGE][PASSED] - Data loaded from input file for the test case. 

2020-05-12 12:33:47 - [TEST_STEP][PASSED] - click(findTestObject("Object Repository/Canine/Canine_Cases_Btn")): Object: 'Object Repository/Canine/Canine_Cases_Btn' is clicked on

2020-05-12 12:33:47 - [MESSAGE][PASSED] - Object: 'Object Repository/Canine/Canine_Cases_Btn' is clicked on

2020-05-12 12:33:47 - [TEST_STEP][PASSED] - click(findTestObject("Object Repository/Canine/Filter/Breed/BREED_Ddn")): Object: 'Object Repository/Canine/Filter/Breed/BREED_Ddn' is clicked on

2020-05-12 12:33:49 - [MESSAGE][PASSED] - Object: 'Object Repository/Canine/Filter/Breed/BREED_Ddn' is clicked on

2020-05-12 12:33:49 - [TEST_STEP][PASSED] - click(findTestObject("Object Repository/Canine/Filter/Breed/Giant_Chkbx")): Object: 'Object Repository/Canine/Filter/Breed/Giant_Chkbx' is clicked on

2020-05-12 12:33:49 - [MESSAGE][PASSED] - Object: 'Object Repository/Canine/Filter/Breed/Giant_Chkbx' is clicked on

2020-05-12 12:33:49 - [TEST_STEP][PASSED] - ctdc.utilities.runtestcaseforKatalon.ReadCasesTableKatalon("Object Repository/Canine/Canine_CasesTable", "Object Repository/Canine/Canine_TableHeader", "Object Repository/Canine/Canine_NextBtn"): ctdc.utilities.runtestcaseforKatalon.ReadCasesTableKatalon is PASSED

2020-05-12 12:33:50 - [MESSAGE][PASSED] - ctdc.utilities.runtestcaseforKatalon.ReadCasesTableKatalon is PASSED

2020-05-12 12:33:50 - [TEST_STEP][PASSED] - ctdc.utilities.ReadExcel.Neo4j(): ctdc.utilities.ReadExcel.Neo4j is PASSED

2020-05-12 12:33:54 - [MESSAGE][PASSED] - ctdc.utilities.ReadExcel.Neo4j is PASSED

2020-05-12 12:33:54 - [TEST_STEP][PASSED] - ctdc.utilities.runtestcaseforKatalon.compareLists(): ctdc.utilities.runtestcaseforKatalon.compareLists is PASSED

2020-05-12 12:33:54 - [MESSAGE][PASSED] - ctdc.utilities.runtestcaseforKatalon.compareLists is PASSED

2020-05-12 12:33:56 - [TEST_STEP][PASSED] - Video: Video recording for test case 'Test Cases/Canine_TestCases/Breed/TC22_Canine_Filter_Breed-Giant' .

2020-05-12 12:33:56 - [MESSAGE][INFO] - Video recording for test case 'Test Cases/Canine_TestCases/Breed/TC22_Canine_Filter_Breed-Giant' .
[[ATTACHMENT|C:\\Users\\radhakrishnang2\\Desktop\\Commons_Automation\\Reports\\20200512_122313\\Canine_TestSuite\\20200512_122313/videos\\test_28.avi]]]]></system-out>
         <system-err><![CDATA[]]></system-err>
      </testcase>
      <testcase name="Test Cases/Canine_TestCases/Breed/TC23_Canine_Filter_Breed-GoldenRtrv" time="22.05" classname="Test Cases/Canine_TestCases/Breed/TC23_Canine_Filter_Breed-GoldenRtrv" status="PASSED">
         <system-out><![CDATA[2020-05-12 12:33:56 - [TEST_CASE][PASSED] - Test Cases/Canine_TestCases/Breed/TC23_Canine_Filter_Breed-GoldenRtrv: Test Cases/Canine_TestCases/Breed/TC23_Canine_Filter_Breed-GoldenRtrv

2020-05-12 12:33:56 - [TEST_STEP][PASSED] - openBrowser(""): Browser is opened with url: ''

2020-05-12 12:33:56 - [MESSAGE][WARNING] - A browser is already opened. Closing browser and opening a new one

2020-05-12 12:33:57 - [MESSAGE][INFO] - Starting 'Firefox (headless)' driver

2020-05-12 12:34:00 - [MESSAGE][PASSED] - Browser is opened with url: ''

2020-05-12 12:34:00 - [TEST_STEP][PASSED] - ctdc.utilities.runtestcaseforKatalon.browserDriver(""): ctdc.utilities.runtestcaseforKatalon.browserDriver is PASSED

2020-05-12 12:34:00 - [MESSAGE][PASSED] - ctdc.utilities.runtestcaseforKatalon.browserDriver is PASSED

2020-05-12 12:34:00 - [TEST_STEP][PASSED] - ctdc.utilities.runtestcaseforKatalon.RunKatalon("TC23_Canine_Filter_Breed-GoldenRtrv.xlsx"): Data loaded from input file for the test case. 

2020-05-12 12:34:00 - [MESSAGE][PASSED] - Test case file loaded This is the full filepath after converting to string :C:\Users\radhakrishnang2\Desktop\Commons_Automation\InputFiles\TC23_Canine_Filter_Breed-GoldenRtrv.xlsx

2020-05-12 12:34:00 - [MESSAGE][INFO] - Global variable set for password file is :  C:\Users\radhakrishnang2\Desktop\Commons_Automation\InputFiles\TC23_Canine_Filter_Breed-GoldenRtrv.xlsx

2020-05-12 12:34:00 - [MESSAGE][PASSED] - Data loaded from input file for the test case. 

2020-05-12 12:34:05 - [TEST_STEP][PASSED] - click(findTestObject("Object Repository/Canine/Canine_Cases_Btn")): Object: 'Object Repository/Canine/Canine_Cases_Btn' is clicked on

2020-05-12 12:34:05 - [MESSAGE][PASSED] - Object: 'Object Repository/Canine/Canine_Cases_Btn' is clicked on

2020-05-12 12:34:05 - [TEST_STEP][PASSED] - click(findTestObject("Object Repository/Canine/Filter/Breed/BREED_Ddn")): Object: 'Object Repository/Canine/Filter/Breed/BREED_Ddn' is clicked on

2020-05-12 12:34:07 - [MESSAGE][PASSED] - Object: 'Object Repository/Canine/Filter/Breed/BREED_Ddn' is clicked on

2020-05-12 12:34:07 - [TEST_STEP][PASSED] - click(findTestObject("Object Repository/Canine/Filter/Breed/GoldenRetr_Chkbx")): Object: 'Object Repository/Canine/Filter/Breed/GoldenRetr_Chkbx' is clicked on

2020-05-12 12:34:07 - [MESSAGE][PASSED] - Object: 'Object Repository/Canine/Filter/Breed/GoldenRetr_Chkbx' is clicked on

2020-05-12 12:34:07 - [TEST_STEP][PASSED] - ctdc.utilities.runtestcaseforKatalon.ReadCasesTableKatalon("Object Repository/Canine/Canine_CasesTable", "Object Repository/Canine/Canine_TableHeader", "Object Repository/Canine/Canine_NextBtn"): ctdc.utilities.runtestcaseforKatalon.ReadCasesTableKatalon is PASSED

2020-05-12 12:34:12 - [MESSAGE][PASSED] - ctdc.utilities.runtestcaseforKatalon.ReadCasesTableKatalon is PASSED

2020-05-12 12:34:12 - [TEST_STEP][PASSED] - ctdc.utilities.ReadExcel.Neo4j(): ctdc.utilities.ReadExcel.Neo4j is PASSED

2020-05-12 12:34:16 - [MESSAGE][PASSED] - ctdc.utilities.ReadExcel.Neo4j is PASSED

2020-05-12 12:34:16 - [TEST_STEP][PASSED] - ctdc.utilities.runtestcaseforKatalon.compareLists(): ctdc.utilities.runtestcaseforKatalon.compareLists is PASSED

2020-05-12 12:34:16 - [MESSAGE][PASSED] - ctdc.utilities.runtestcaseforKatalon.compareLists is PASSED

2020-05-12 12:34:18 - [TEST_STEP][PASSED] - Video: Video recording for test case 'Test Cases/Canine_TestCases/Breed/TC23_Canine_Filter_Breed-GoldenRtrv' .

2020-05-12 12:34:18 - [MESSAGE][INFO] - Video recording for test case 'Test Cases/Canine_TestCases/Breed/TC23_Canine_Filter_Breed-GoldenRtrv' .
[[ATTACHMENT|C:\\Users\\radhakrishnang2\\Desktop\\Commons_Automation\\Reports\\20200512_122313\\Canine_TestSuite\\20200512_122313/videos\\test_29.avi]]]]></system-out>
         <system-err><![CDATA[]]></system-err>
      </testcase>
      <testcase name="Test Cases/Canine_TestCases/Breed/TC24_Canine_Filter_Breed-Gordon" time="16.654" classname="Test Cases/Canine_TestCases/Breed/TC24_Canine_Filter_Breed-Gordon" status="PASSED">
         <system-out><![CDATA[2020-05-12 12:34:18 - [TEST_CASE][PASSED] - Test Cases/Canine_TestCases/Breed/TC24_Canine_Filter_Breed-Gordon: Test Cases/Canine_TestCases/Breed/TC24_Canine_Filter_Breed-Gordon

2020-05-12 12:34:18 - [TEST_STEP][PASSED] - openBrowser(""): Browser is opened with url: ''

2020-05-12 12:34:18 - [MESSAGE][WARNING] - A browser is already opened. Closing browser and opening a new one

2020-05-12 12:34:19 - [MESSAGE][INFO] - Starting 'Firefox (headless)' driver

2020-05-12 12:34:22 - [MESSAGE][PASSED] - Browser is opened with url: ''

2020-05-12 12:34:22 - [TEST_STEP][PASSED] - ctdc.utilities.runtestcaseforKatalon.browserDriver(""): ctdc.utilities.runtestcaseforKatalon.browserDriver is PASSED

2020-05-12 12:34:22 - [MESSAGE][PASSED] - ctdc.utilities.runtestcaseforKatalon.browserDriver is PASSED

2020-05-12 12:34:22 - [TEST_STEP][PASSED] - ctdc.utilities.runtestcaseforKatalon.RunKatalon("TC24_Canine_Filter_Breed-Gordon.xlsx"): Data loaded from input file for the test case. 

2020-05-12 12:34:22 - [MESSAGE][PASSED] - Test case file loaded This is the full filepath after converting to string :C:\Users\radhakrishnang2\Desktop\Commons_Automation\InputFiles\TC24_Canine_Filter_Breed-Gordon.xlsx

2020-05-12 12:34:22 - [MESSAGE][INFO] - Global variable set for password file is :  C:\Users\radhakrishnang2\Desktop\Commons_Automation\InputFiles\TC24_Canine_Filter_Breed-Gordon.xlsx

2020-05-12 12:34:22 - [MESSAGE][PASSED] - Data loaded from input file for the test case. 

2020-05-12 12:34:26 - [TEST_STEP][PASSED] - click(findTestObject("Object Repository/Canine/Canine_Cases_Btn")): Object: 'Object Repository/Canine/Canine_Cases_Btn' is clicked on

2020-05-12 12:34:26 - [MESSAGE][PASSED] - Object: 'Object Repository/Canine/Canine_Cases_Btn' is clicked on

2020-05-12 12:34:26 - [TEST_STEP][PASSED] - click(findTestObject("Object Repository/Canine/Filter/Breed/BREED_Ddn")): Object: 'Object Repository/Canine/Filter/Breed/BREED_Ddn' is clicked on

2020-05-12 12:34:27 - [MESSAGE][PASSED] - Object: 'Object Repository/Canine/Filter/Breed/BREED_Ddn' is clicked on

2020-05-12 12:34:27 - [TEST_STEP][PASSED] - click(findTestObject("Object Repository/Canine/Filter/Breed/Gordon_Chkbx")): Object: 'Object Repository/Canine/Filter/Breed/Gordon_Chkbx' is clicked on

2020-05-12 12:34:28 - [MESSAGE][PASSED] - Object: 'Object Repository/Canine/Filter/Breed/Gordon_Chkbx' is clicked on

2020-05-12 12:34:28 - [TEST_STEP][PASSED] - ctdc.utilities.runtestcaseforKatalon.ReadCasesTableKatalon("Object Repository/Canine/Canine_CasesTable", "Object Repository/Canine/Canine_TableHeader", "Object Repository/Canine/Canine_NextBtn"): ctdc.utilities.runtestcaseforKatalon.ReadCasesTableKatalon is PASSED

2020-05-12 12:34:29 - [MESSAGE][PASSED] - ctdc.utilities.runtestcaseforKatalon.ReadCasesTableKatalon is PASSED

2020-05-12 12:34:29 - [TEST_STEP][PASSED] - ctdc.utilities.ReadExcel.Neo4j(): ctdc.utilities.ReadExcel.Neo4j is PASSED

2020-05-12 12:34:32 - [MESSAGE][PASSED] - ctdc.utilities.ReadExcel.Neo4j is PASSED

2020-05-12 12:34:32 - [TEST_STEP][PASSED] - ctdc.utilities.runtestcaseforKatalon.compareLists(): ctdc.utilities.runtestcaseforKatalon.compareLists is PASSED

2020-05-12 12:34:32 - [MESSAGE][PASSED] - ctdc.utilities.runtestcaseforKatalon.compareLists is PASSED

2020-05-12 12:34:34 - [TEST_STEP][PASSED] - Video: Video recording for test case 'Test Cases/Canine_TestCases/Breed/TC24_Canine_Filter_Breed-Gordon' .

2020-05-12 12:34:34 - [MESSAGE][INFO] - Video recording for test case 'Test Cases/Canine_TestCases/Breed/TC24_Canine_Filter_Breed-Gordon' .
[[ATTACHMENT|C:\\Users\\radhakrishnang2\\Desktop\\Commons_Automation\\Reports\\20200512_122313\\Canine_TestSuite\\20200512_122313/videos\\test_30.avi]]]]></system-out>
         <system-err><![CDATA[]]></system-err>
      </testcase>
      <testcase name="Test Cases/Canine_TestCases/Breed/TC25_Canine_Filter_Breed-Greyhnd" time="16.122" classname="Test Cases/Canine_TestCases/Breed/TC25_Canine_Filter_Breed-Greyhnd" status="PASSED">
         <system-out><![CDATA[2020-05-12 12:34:34 - [TEST_CASE][PASSED] - Test Cases/Canine_TestCases/Breed/TC25_Canine_Filter_Breed-Greyhnd: Test Cases/Canine_TestCases/Breed/TC25_Canine_Filter_Breed-Greyhnd

2020-05-12 12:34:35 - [TEST_STEP][PASSED] - openBrowser(""): Browser is opened with url: ''

2020-05-12 12:34:35 - [MESSAGE][WARNING] - A browser is already opened. Closing browser and opening a new one

2020-05-12 12:34:36 - [MESSAGE][INFO] - Starting 'Firefox (headless)' driver

2020-05-12 12:34:39 - [MESSAGE][PASSED] - Browser is opened with url: ''

2020-05-12 12:34:39 - [TEST_STEP][PASSED] - ctdc.utilities.runtestcaseforKatalon.browserDriver(""): ctdc.utilities.runtestcaseforKatalon.browserDriver is PASSED

2020-05-12 12:34:39 - [MESSAGE][PASSED] - ctdc.utilities.runtestcaseforKatalon.browserDriver is PASSED

2020-05-12 12:34:39 - [TEST_STEP][PASSED] - ctdc.utilities.runtestcaseforKatalon.RunKatalon("TC25_Canine_Filter_Breed-Greyhnd.xlsx"): Data loaded from input file for the test case. 

2020-05-12 12:34:39 - [MESSAGE][PASSED] - Test case file loaded This is the full filepath after converting to string :C:\Users\radhakrishnang2\Desktop\Commons_Automation\InputFiles\TC25_Canine_Filter_Breed-Greyhnd.xlsx

2020-05-12 12:34:39 - [MESSAGE][INFO] - Global variable set for password file is :  C:\Users\radhakrishnang2\Desktop\Commons_Automation\InputFiles\TC25_Canine_Filter_Breed-Greyhnd.xlsx

2020-05-12 12:34:39 - [MESSAGE][PASSED] - Data loaded from input file for the test case. 

2020-05-12 12:34:42 - [TEST_STEP][PASSED] - click(findTestObject("Object Repository/Canine/Canine_Cases_Btn")): Object: 'Object Repository/Canine/Canine_Cases_Btn' is clicked on

2020-05-12 12:34:42 - [MESSAGE][PASSED] - Object: 'Object Repository/Canine/Canine_Cases_Btn' is clicked on

2020-05-12 12:34:42 - [TEST_STEP][PASSED] - click(findTestObject("Object Repository/Canine/Filter/Breed/BREED_Ddn")): Object: 'Object Repository/Canine/Filter/Breed/BREED_Ddn' is clicked on

2020-05-12 12:34:44 - [MESSAGE][PASSED] - Object: 'Object Repository/Canine/Filter/Breed/BREED_Ddn' is clicked on

2020-05-12 12:34:44 - [TEST_STEP][PASSED] - click(findTestObject("Object Repository/Canine/Filter/Breed/Greyhnd_Chkbx")): Object: 'Object Repository/Canine/Filter/Breed/Greyhnd_Chkbx' is clicked on

2020-05-12 12:34:44 - [MESSAGE][PASSED] - Object: 'Object Repository/Canine/Filter/Breed/Greyhnd_Chkbx' is clicked on

2020-05-12 12:34:44 - [TEST_STEP][PASSED] - ctdc.utilities.runtestcaseforKatalon.ReadCasesTableKatalon("Object Repository/Canine/Canine_CasesTable", "Object Repository/Canine/Canine_TableHeader", "Object Repository/Canine/Canine_NextBtn"): ctdc.utilities.runtestcaseforKatalon.ReadCasesTableKatalon is PASSED

2020-05-12 12:34:45 - [MESSAGE][PASSED] - ctdc.utilities.runtestcaseforKatalon.ReadCasesTableKatalon is PASSED

2020-05-12 12:34:45 - [TEST_STEP][PASSED] - ctdc.utilities.ReadExcel.Neo4j(): ctdc.utilities.ReadExcel.Neo4j is PASSED

2020-05-12 12:34:48 - [MESSAGE][PASSED] - ctdc.utilities.ReadExcel.Neo4j is PASSED

2020-05-12 12:34:48 - [TEST_STEP][PASSED] - ctdc.utilities.runtestcaseforKatalon.compareLists(): ctdc.utilities.runtestcaseforKatalon.compareLists is PASSED

2020-05-12 12:34:48 - [MESSAGE][PASSED] - ctdc.utilities.runtestcaseforKatalon.compareLists is PASSED

2020-05-12 12:34:50 - [TEST_STEP][PASSED] - Video: Video recording for test case 'Test Cases/Canine_TestCases/Breed/TC25_Canine_Filter_Breed-Greyhnd' .

2020-05-12 12:34:50 - [MESSAGE][INFO] - Video recording for test case 'Test Cases/Canine_TestCases/Breed/TC25_Canine_Filter_Breed-Greyhnd' .
[[ATTACHMENT|C:\\Users\\radhakrishnang2\\Desktop\\Commons_Automation\\Reports\\20200512_122313\\Canine_TestSuite\\20200512_122313/videos\\test_31.avi]]]]></system-out>
         <system-err><![CDATA[]]></system-err>
      </testcase>
      <testcase name="Test Cases/Canine_TestCases/Breed/TC26_Canine_Filter_Breed-IrishSettr" time="20.138" classname="Test Cases/Canine_TestCases/Breed/TC26_Canine_Filter_Breed-IrishSettr" status="PASSED">
         <system-out><![CDATA[2020-05-12 12:34:50 - [TEST_CASE][PASSED] - Test Cases/Canine_TestCases/Breed/TC26_Canine_Filter_Breed-IrishSettr: Test Cases/Canine_TestCases/Breed/TC26_Canine_Filter_Breed-IrishSettr

2020-05-12 12:34:51 - [TEST_STEP][PASSED] - openBrowser(""): Browser is opened with url: ''

2020-05-12 12:34:51 - [MESSAGE][WARNING] - A browser is already opened. Closing browser and opening a new one

2020-05-12 12:34:52 - [MESSAGE][INFO] - Starting 'Firefox (headless)' driver

2020-05-12 12:34:55 - [MESSAGE][PASSED] - Browser is opened with url: ''

2020-05-12 12:34:55 - [TEST_STEP][PASSED] - ctdc.utilities.runtestcaseforKatalon.browserDriver(""): ctdc.utilities.runtestcaseforKatalon.browserDriver is PASSED

2020-05-12 12:34:55 - [MESSAGE][PASSED] - ctdc.utilities.runtestcaseforKatalon.browserDriver is PASSED

2020-05-12 12:34:55 - [TEST_STEP][PASSED] - ctdc.utilities.runtestcaseforKatalon.RunKatalon("TC26_Canine_Filter_Breed-IrishSettr.xlsx"): Data loaded from input file for the test case. 

2020-05-12 12:34:55 - [MESSAGE][PASSED] - Test case file loaded This is the full filepath after converting to string :C:\Users\radhakrishnang2\Desktop\Commons_Automation\InputFiles\TC26_Canine_Filter_Breed-IrishSettr.xlsx

2020-05-12 12:34:55 - [MESSAGE][INFO] - Global variable set for password file is :  C:\Users\radhakrishnang2\Desktop\Commons_Automation\InputFiles\TC26_Canine_Filter_Breed-IrishSettr.xlsx

2020-05-12 12:34:55 - [MESSAGE][PASSED] - Data loaded from input file for the test case. 

2020-05-12 12:35:02 - [TEST_STEP][PASSED] - click(findTestObject("Object Repository/Canine/Canine_Cases_Btn")): Object: 'Object Repository/Canine/Canine_Cases_Btn' is clicked on

2020-05-12 12:35:03 - [MESSAGE][PASSED] - Object: 'Object Repository/Canine/Canine_Cases_Btn' is clicked on

2020-05-12 12:35:03 - [TEST_STEP][PASSED] - click(findTestObject("Object Repository/Canine/Filter/Breed/BREED_Ddn")): Object: 'Object Repository/Canine/Filter/Breed/BREED_Ddn' is clicked on

2020-05-12 12:35:04 - [MESSAGE][PASSED] - Object: 'Object Repository/Canine/Filter/Breed/BREED_Ddn' is clicked on

2020-05-12 12:35:04 - [TEST_STEP][PASSED] - click(findTestObject("Object Repository/Canine/Filter/Breed/IrishSetter_Chkbx")): Object: 'Object Repository/Canine/Filter/Breed/IrishSetter_Chkbx' is clicked on

2020-05-12 12:35:05 - [MESSAGE][PASSED] - Object: 'Object Repository/Canine/Filter/Breed/IrishSetter_Chkbx' is clicked on

2020-05-12 12:35:05 - [TEST_STEP][PASSED] - ctdc.utilities.runtestcaseforKatalon.ReadCasesTableKatalon("Object Repository/Canine/Canine_CasesTable", "Object Repository/Canine/Canine_TableHeader", "Object Repository/Canine/Canine_NextBtn"): ctdc.utilities.runtestcaseforKatalon.ReadCasesTableKatalon is PASSED

2020-05-12 12:35:05 - [MESSAGE][PASSED] - ctdc.utilities.runtestcaseforKatalon.ReadCasesTableKatalon is PASSED

2020-05-12 12:35:05 - [TEST_STEP][PASSED] - ctdc.utilities.ReadExcel.Neo4j(): ctdc.utilities.ReadExcel.Neo4j is PASSED

2020-05-12 12:35:09 - [MESSAGE][PASSED] - ctdc.utilities.ReadExcel.Neo4j is PASSED

2020-05-12 12:35:09 - [TEST_STEP][PASSED] - ctdc.utilities.runtestcaseforKatalon.compareLists(): ctdc.utilities.runtestcaseforKatalon.compareLists is PASSED

2020-05-12 12:35:09 - [MESSAGE][PASSED] - ctdc.utilities.runtestcaseforKatalon.compareLists is PASSED

2020-05-12 12:35:11 - [TEST_STEP][PASSED] - Video: Video recording for test case 'Test Cases/Canine_TestCases/Breed/TC26_Canine_Filter_Breed-IrishSettr' .

2020-05-12 12:35:11 - [MESSAGE][INFO] - Video recording for test case 'Test Cases/Canine_TestCases/Breed/TC26_Canine_Filter_Breed-IrishSettr' .
[[ATTACHMENT|C:\\Users\\radhakrishnang2\\Desktop\\Commons_Automation\\Reports\\20200512_122313\\Canine_TestSuite\\20200512_122313/videos\\test_32.avi]]]]></system-out>
         <system-err><![CDATA[]]></system-err>
      </testcase>
      <testcase name="Test Cases/Canine_TestCases/Breed/TC27_Canine_Filter_Breed-IrishWlfhnd" time="19.348" classname="Test Cases/Canine_TestCases/Breed/TC27_Canine_Filter_Breed-IrishWlfhnd" status="PASSED">
         <system-out><![CDATA[2020-05-12 12:35:11 - [TEST_CASE][PASSED] - Test Cases/Canine_TestCases/Breed/TC27_Canine_Filter_Breed-IrishWlfhnd: Test Cases/Canine_TestCases/Breed/TC27_Canine_Filter_Breed-IrishWlfhnd

2020-05-12 12:35:11 - [TEST_STEP][PASSED] - openBrowser(""): Browser is opened with url: ''

2020-05-12 12:35:11 - [MESSAGE][WARNING] - A browser is already opened. Closing browser and opening a new one

2020-05-12 12:35:12 - [MESSAGE][INFO] - Starting 'Firefox (headless)' driver

2020-05-12 12:35:15 - [MESSAGE][PASSED] - Browser is opened with url: ''

2020-05-12 12:35:15 - [TEST_STEP][PASSED] - ctdc.utilities.runtestcaseforKatalon.browserDriver(""): ctdc.utilities.runtestcaseforKatalon.browserDriver is PASSED

2020-05-12 12:35:15 - [MESSAGE][PASSED] - ctdc.utilities.runtestcaseforKatalon.browserDriver is PASSED

2020-05-12 12:35:15 - [TEST_STEP][PASSED] - ctdc.utilities.runtestcaseforKatalon.RunKatalon("TC27_Canine_Filter_Breed-IrishWlfhnd.xlsx"): Data loaded from input file for the test case. 

2020-05-12 12:35:15 - [MESSAGE][PASSED] - Test case file loaded This is the full filepath after converting to string :C:\Users\radhakrishnang2\Desktop\Commons_Automation\InputFiles\TC27_Canine_Filter_Breed-IrishWlfhnd.xlsx

2020-05-12 12:35:15 - [MESSAGE][INFO] - Global variable set for password file is :  C:\Users\radhakrishnang2\Desktop\Commons_Automation\InputFiles\TC27_Canine_Filter_Breed-IrishWlfhnd.xlsx

2020-05-12 12:35:15 - [MESSAGE][PASSED] - Data loaded from input file for the test case. 

2020-05-12 12:35:22 - [TEST_STEP][PASSED] - click(findTestObject("Object Repository/Canine/Canine_Cases_Btn")): Object: 'Object Repository/Canine/Canine_Cases_Btn' is clicked on

2020-05-12 12:35:22 - [MESSAGE][PASSED] - Object: 'Object Repository/Canine/Canine_Cases_Btn' is clicked on

2020-05-12 12:35:22 - [TEST_STEP][PASSED] - click(findTestObject("Object Repository/Canine/Filter/Breed/BREED_Ddn")): Object: 'Object Repository/Canine/Filter/Breed/BREED_Ddn' is clicked on

2020-05-12 12:35:24 - [MESSAGE][PASSED] - Object: 'Object Repository/Canine/Filter/Breed/BREED_Ddn' is clicked on

2020-05-12 12:35:24 - [TEST_STEP][PASSED] - click(findTestObject("Object Repository/Canine/Filter/Breed/IrishWolfhnd_Chkbx")): Object: 'Object Repository/Canine/Filter/Breed/IrishWolfhnd_Chkbx' is clicked on

2020-05-12 12:35:24 - [MESSAGE][PASSED] - Object: 'Object Repository/Canine/Filter/Breed/IrishWolfhnd_Chkbx' is clicked on

2020-05-12 12:35:24 - [TEST_STEP][PASSED] - ctdc.utilities.runtestcaseforKatalon.ReadCasesTableKatalon("Object Repository/Canine/Canine_CasesTable", "Object Repository/Canine/Canine_TableHeader", "Object Repository/Canine/Canine_NextBtn"): ctdc.utilities.runtestcaseforKatalon.ReadCasesTableKatalon is PASSED

2020-05-12 12:35:25 - [MESSAGE][PASSED] - ctdc.utilities.runtestcaseforKatalon.ReadCasesTableKatalon is PASSED

2020-05-12 12:35:25 - [TEST_STEP][PASSED] - ctdc.utilities.ReadExcel.Neo4j(): ctdc.utilities.ReadExcel.Neo4j is PASSED

2020-05-12 12:35:28 - [MESSAGE][PASSED] - ctdc.utilities.ReadExcel.Neo4j is PASSED

2020-05-12 12:35:28 - [TEST_STEP][PASSED] - ctdc.utilities.runtestcaseforKatalon.compareLists(): ctdc.utilities.runtestcaseforKatalon.compareLists is PASSED

2020-05-12 12:35:28 - [MESSAGE][PASSED] - ctdc.utilities.runtestcaseforKatalon.compareLists is PASSED

2020-05-12 12:35:30 - [TEST_STEP][PASSED] - Video: Video recording for test case 'Test Cases/Canine_TestCases/Breed/TC27_Canine_Filter_Breed-IrishWlfhnd' .

2020-05-12 12:35:30 - [MESSAGE][INFO] - Video recording for test case 'Test Cases/Canine_TestCases/Breed/TC27_Canine_Filter_Breed-IrishWlfhnd' .
[[ATTACHMENT|C:\\Users\\radhakrishnang2\\Desktop\\Commons_Automation\\Reports\\20200512_122313\\Canine_TestSuite\\20200512_122313/videos\\test_33.avi]]]]></system-out>
         <system-err><![CDATA[]]></system-err>
      </testcase>
      <testcase name="Test Cases/Canine_TestCases/Breed/TC28_Canine_Filter_Breed-Labrador" time="18.89" classname="Test Cases/Canine_TestCases/Breed/TC28_Canine_Filter_Breed-Labrador" status="PASSED">
         <system-out><![CDATA[2020-05-12 12:35:30 - [TEST_CASE][PASSED] - Test Cases/Canine_TestCases/Breed/TC28_Canine_Filter_Breed-Labrador: Test Cases/Canine_TestCases/Breed/TC28_Canine_Filter_Breed-Labrador

2020-05-12 12:35:30 - [TEST_STEP][PASSED] - openBrowser(""): Browser is opened with url: ''

2020-05-12 12:35:30 - [MESSAGE][WARNING] - A browser is already opened. Closing browser and opening a new one

2020-05-12 12:35:31 - [MESSAGE][INFO] - Starting 'Firefox (headless)' driver

2020-05-12 12:35:35 - [MESSAGE][PASSED] - Browser is opened with url: ''

2020-05-12 12:35:35 - [TEST_STEP][PASSED] - ctdc.utilities.runtestcaseforKatalon.browserDriver(""): ctdc.utilities.runtestcaseforKatalon.browserDriver is PASSED

2020-05-12 12:35:35 - [MESSAGE][PASSED] - ctdc.utilities.runtestcaseforKatalon.browserDriver is PASSED

2020-05-12 12:35:35 - [TEST_STEP][PASSED] - ctdc.utilities.runtestcaseforKatalon.RunKatalon("TC28_Canine_Filter_Breed-Labrador.xlsx"): Data loaded from input file for the test case. 

2020-05-12 12:35:35 - [MESSAGE][PASSED] - Test case file loaded This is the full filepath after converting to string :C:\Users\radhakrishnang2\Desktop\Commons_Automation\InputFiles\TC28_Canine_Filter_Breed-Labrador.xlsx

2020-05-12 12:35:35 - [MESSAGE][INFO] - Global variable set for password file is :  C:\Users\radhakrishnang2\Desktop\Commons_Automation\InputFiles\TC28_Canine_Filter_Breed-Labrador.xlsx

2020-05-12 12:35:35 - [MESSAGE][PASSED] - Data loaded from input file for the test case. 

2020-05-12 12:35:39 - [TEST_STEP][PASSED] - click(findTestObject("Object Repository/Canine/Canine_Cases_Btn")): Object: 'Object Repository/Canine/Canine_Cases_Btn' is clicked on

2020-05-12 12:35:39 - [MESSAGE][PASSED] - Object: 'Object Repository/Canine/Canine_Cases_Btn' is clicked on

2020-05-12 12:35:39 - [TEST_STEP][PASSED] - click(findTestObject("Object Repository/Canine/Filter/Breed/BREED_Ddn")): Object: 'Object Repository/Canine/Filter/Breed/BREED_Ddn' is clicked on

2020-05-12 12:35:41 - [MESSAGE][PASSED] - Object: 'Object Repository/Canine/Filter/Breed/BREED_Ddn' is clicked on

2020-05-12 12:35:41 - [TEST_STEP][PASSED] - click(findTestObject("Object Repository/Canine/Filter/Breed/Labrador_Chkbx")): Object: 'Object Repository/Canine/Filter/Breed/Labrador_Chkbx' is clicked on

2020-05-12 12:35:41 - [MESSAGE][PASSED] - Object: 'Object Repository/Canine/Filter/Breed/Labrador_Chkbx' is clicked on

2020-05-12 12:35:41 - [TEST_STEP][PASSED] - ctdc.utilities.runtestcaseforKatalon.ReadCasesTableKatalon("Object Repository/Canine/Canine_CasesTable", "Object Repository/Canine/Canine_TableHeader", "Object Repository/Canine/Canine_NextBtn"): ctdc.utilities.runtestcaseforKatalon.ReadCasesTableKatalon is PASSED

2020-05-12 12:35:44 - [MESSAGE][PASSED] - ctdc.utilities.runtestcaseforKatalon.ReadCasesTableKatalon is PASSED

2020-05-12 12:35:44 - [TEST_STEP][PASSED] - ctdc.utilities.ReadExcel.Neo4j(): ctdc.utilities.ReadExcel.Neo4j is PASSED

2020-05-12 12:35:47 - [MESSAGE][PASSED] - ctdc.utilities.ReadExcel.Neo4j is PASSED

2020-05-12 12:35:47 - [TEST_STEP][PASSED] - ctdc.utilities.runtestcaseforKatalon.compareLists(): ctdc.utilities.runtestcaseforKatalon.compareLists is PASSED

2020-05-12 12:35:47 - [MESSAGE][PASSED] - ctdc.utilities.runtestcaseforKatalon.compareLists is PASSED

2020-05-12 12:35:49 - [TEST_STEP][PASSED] - Video: Video recording for test case 'Test Cases/Canine_TestCases/Breed/TC28_Canine_Filter_Breed-Labrador' .

2020-05-12 12:35:49 - [MESSAGE][INFO] - Video recording for test case 'Test Cases/Canine_TestCases/Breed/TC28_Canine_Filter_Breed-Labrador' .
[[ATTACHMENT|C:\\Users\\radhakrishnang2\\Desktop\\Commons_Automation\\Reports\\20200512_122313\\Canine_TestSuite\\20200512_122313/videos\\test_34.avi]]]]></system-out>
         <system-err><![CDATA[]]></system-err>
      </testcase>
      <testcase name="Test Cases/Canine_TestCases/Breed/TC29_Canine_Filter_Breed-Mastiff" time="16.977" classname="Test Cases/Canine_TestCases/Breed/TC29_Canine_Filter_Breed-Mastiff" status="PASSED">
         <system-out><![CDATA[2020-05-12 12:35:49 - [TEST_CASE][PASSED] - Test Cases/Canine_TestCases/Breed/TC29_Canine_Filter_Breed-Mastiff: Test Cases/Canine_TestCases/Breed/TC29_Canine_Filter_Breed-Mastiff

2020-05-12 12:35:49 - [TEST_STEP][PASSED] - openBrowser(""): Browser is opened with url: ''

2020-05-12 12:35:49 - [MESSAGE][WARNING] - A browser is already opened. Closing browser and opening a new one

2020-05-12 12:35:50 - [MESSAGE][INFO] - Starting 'Firefox (headless)' driver

2020-05-12 12:35:54 - [MESSAGE][PASSED] - Browser is opened with url: ''

2020-05-12 12:35:54 - [TEST_STEP][PASSED] - ctdc.utilities.runtestcaseforKatalon.browserDriver(""): ctdc.utilities.runtestcaseforKatalon.browserDriver is PASSED

2020-05-12 12:35:54 - [MESSAGE][PASSED] - ctdc.utilities.runtestcaseforKatalon.browserDriver is PASSED

2020-05-12 12:35:54 - [TEST_STEP][PASSED] - ctdc.utilities.runtestcaseforKatalon.RunKatalon("TC29_Canine_Filter_Breed-Mastiff.xlsx"): Data loaded from input file for the test case. 

2020-05-12 12:35:54 - [MESSAGE][PASSED] - Test case file loaded This is the full filepath after converting to string :C:\Users\radhakrishnang2\Desktop\Commons_Automation\InputFiles\TC29_Canine_Filter_Breed-Mastiff.xlsx

2020-05-12 12:35:54 - [MESSAGE][INFO] - Global variable set for password file is :  C:\Users\radhakrishnang2\Desktop\Commons_Automation\InputFiles\TC29_Canine_Filter_Breed-Mastiff.xlsx

2020-05-12 12:35:54 - [MESSAGE][PASSED] - Data loaded from input file for the test case. 

2020-05-12 12:35:57 - [TEST_STEP][PASSED] - click(findTestObject("Object Repository/Canine/Canine_Cases_Btn")): Object: 'Object Repository/Canine/Canine_Cases_Btn' is clicked on

2020-05-12 12:35:57 - [MESSAGE][PASSED] - Object: 'Object Repository/Canine/Canine_Cases_Btn' is clicked on

2020-05-12 12:35:57 - [TEST_STEP][PASSED] - click(findTestObject("Object Repository/Canine/Filter/Breed/BREED_Ddn")): Object: 'Object Repository/Canine/Filter/Breed/BREED_Ddn' is clicked on

2020-05-12 12:35:59 - [MESSAGE][PASSED] - Object: 'Object Repository/Canine/Filter/Breed/BREED_Ddn' is clicked on

2020-05-12 12:35:59 - [TEST_STEP][PASSED] - click(findTestObject("Object Repository/Canine/Filter/Breed/Mastiff_Chkbx")): Object: 'Object Repository/Canine/Filter/Breed/Mastiff_Chkbx' is clicked on

2020-05-12 12:36:00 - [MESSAGE][PASSED] - Object: 'Object Repository/Canine/Filter/Breed/Mastiff_Chkbx' is clicked on

2020-05-12 12:36:00 - [TEST_STEP][PASSED] - ctdc.utilities.runtestcaseforKatalon.ReadCasesTableKatalon("Object Repository/Canine/Canine_CasesTable", "Object Repository/Canine/Canine_TableHeader", "Object Repository/Canine/Canine_NextBtn"): ctdc.utilities.runtestcaseforKatalon.ReadCasesTableKatalon is PASSED

2020-05-12 12:36:00 - [MESSAGE][PASSED] - ctdc.utilities.runtestcaseforKatalon.ReadCasesTableKatalon is PASSED

2020-05-12 12:36:00 - [TEST_STEP][PASSED] - ctdc.utilities.ReadExcel.Neo4j(): ctdc.utilities.ReadExcel.Neo4j is PASSED

2020-05-12 12:36:04 - [MESSAGE][PASSED] - ctdc.utilities.ReadExcel.Neo4j is PASSED

2020-05-12 12:36:04 - [TEST_STEP][PASSED] - ctdc.utilities.runtestcaseforKatalon.compareLists(): ctdc.utilities.runtestcaseforKatalon.compareLists is PASSED

2020-05-12 12:36:04 - [MESSAGE][PASSED] - ctdc.utilities.runtestcaseforKatalon.compareLists is PASSED

2020-05-12 12:36:06 - [TEST_STEP][PASSED] - Video: Video recording for test case 'Test Cases/Canine_TestCases/Breed/TC29_Canine_Filter_Breed-Mastiff' .

2020-05-12 12:36:06 - [MESSAGE][INFO] - Video recording for test case 'Test Cases/Canine_TestCases/Breed/TC29_Canine_Filter_Breed-Mastiff' .
[[ATTACHMENT|C:\\Users\\radhakrishnang2\\Desktop\\Commons_Automation\\Reports\\20200512_122313\\Canine_TestSuite\\20200512_122313/videos\\test_35.avi]]]]></system-out>
         <system-err><![CDATA[]]></system-err>
      </testcase>
      <testcase name="Test Cases/Canine_TestCases/Breed/TC30_Canine_Filter_Breed-Miniature" time="16.105" classname="Test Cases/Canine_TestCases/Breed/TC30_Canine_Filter_Breed-Miniature" status="PASSED">
         <system-out><![CDATA[2020-05-12 12:36:06 - [TEST_CASE][PASSED] - Test Cases/Canine_TestCases/Breed/TC30_Canine_Filter_Breed-Miniature: Test Cases/Canine_TestCases/Breed/TC30_Canine_Filter_Breed-Miniature

2020-05-12 12:36:06 - [TEST_STEP][PASSED] - openBrowser(""): Browser is opened with url: ''

2020-05-12 12:36:06 - [MESSAGE][WARNING] - A browser is already opened. Closing browser and opening a new one

2020-05-12 12:36:07 - [MESSAGE][INFO] - Starting 'Firefox (headless)' driver

2020-05-12 12:36:11 - [MESSAGE][PASSED] - Browser is opened with url: ''

2020-05-12 12:36:11 - [TEST_STEP][PASSED] - ctdc.utilities.runtestcaseforKatalon.browserDriver(""): ctdc.utilities.runtestcaseforKatalon.browserDriver is PASSED

2020-05-12 12:36:11 - [MESSAGE][PASSED] - ctdc.utilities.runtestcaseforKatalon.browserDriver is PASSED

2020-05-12 12:36:11 - [TEST_STEP][PASSED] - ctdc.utilities.runtestcaseforKatalon.RunKatalon("TC30_Canine_Filter_Breed-Miniature.xlsx"): Data loaded from input file for the test case. 

2020-05-12 12:36:11 - [MESSAGE][PASSED] - Test case file loaded This is the full filepath after converting to string :C:\Users\radhakrishnang2\Desktop\Commons_Automation\InputFiles\TC30_Canine_Filter_Breed-Miniature.xlsx

2020-05-12 12:36:11 - [MESSAGE][INFO] - Global variable set for password file is :  C:\Users\radhakrishnang2\Desktop\Commons_Automation\InputFiles\TC30_Canine_Filter_Breed-Miniature.xlsx

2020-05-12 12:36:11 - [MESSAGE][PASSED] - Data loaded from input file for the test case. 

2020-05-12 12:36:14 - [TEST_STEP][PASSED] - click(findTestObject("Object Repository/Canine/Canine_Cases_Btn")): Object: 'Object Repository/Canine/Canine_Cases_Btn' is clicked on

2020-05-12 12:36:14 - [MESSAGE][PASSED] - Object: 'Object Repository/Canine/Canine_Cases_Btn' is clicked on

2020-05-12 12:36:14 - [TEST_STEP][PASSED] - click(findTestObject("Object Repository/Canine/Filter/Breed/BREED_Ddn")): Object: 'Object Repository/Canine/Filter/Breed/BREED_Ddn' is clicked on

2020-05-12 12:36:16 - [MESSAGE][PASSED] - Object: 'Object Repository/Canine/Filter/Breed/BREED_Ddn' is clicked on

2020-05-12 12:36:16 - [TEST_STEP][PASSED] - click(findTestObject("Object Repository/Canine/Filter/Breed/Miniature_Chkbx")): Object: 'Object Repository/Canine/Filter/Breed/Miniature_Chkbx' is clicked on

2020-05-12 12:36:16 - [MESSAGE][PASSED] - Object: 'Object Repository/Canine/Filter/Breed/Miniature_Chkbx' is clicked on

2020-05-12 12:36:16 - [TEST_STEP][PASSED] - ctdc.utilities.runtestcaseforKatalon.ReadCasesTableKatalon("Object Repository/Canine/Canine_CasesTable", "Object Repository/Canine/Canine_TableHeader", "Object Repository/Canine/Canine_NextBtn"): ctdc.utilities.runtestcaseforKatalon.ReadCasesTableKatalon is PASSED

2020-05-12 12:36:17 - [MESSAGE][PASSED] - ctdc.utilities.runtestcaseforKatalon.ReadCasesTableKatalon is PASSED

2020-05-12 12:36:17 - [TEST_STEP][PASSED] - ctdc.utilities.ReadExcel.Neo4j(): ctdc.utilities.ReadExcel.Neo4j is PASSED

2020-05-12 12:36:20 - [MESSAGE][PASSED] - ctdc.utilities.ReadExcel.Neo4j is PASSED

2020-05-12 12:36:20 - [TEST_STEP][PASSED] - ctdc.utilities.runtestcaseforKatalon.compareLists(): ctdc.utilities.runtestcaseforKatalon.compareLists is PASSED

2020-05-12 12:36:20 - [MESSAGE][PASSED] - ctdc.utilities.runtestcaseforKatalon.compareLists is PASSED

2020-05-12 12:36:22 - [TEST_STEP][PASSED] - Video: Video recording for test case 'Test Cases/Canine_TestCases/Breed/TC30_Canine_Filter_Breed-Miniature' .

2020-05-12 12:36:22 - [MESSAGE][INFO] - Video recording for test case 'Test Cases/Canine_TestCases/Breed/TC30_Canine_Filter_Breed-Miniature' .
[[ATTACHMENT|C:\\Users\\radhakrishnang2\\Desktop\\Commons_Automation\\Reports\\20200512_122313\\Canine_TestSuite\\20200512_122313/videos\\test_36.avi]]]]></system-out>
         <system-err><![CDATA[]]></system-err>
      </testcase>
      <testcase name="Test Cases/Canine_TestCases/Breed/TC31_Canine_Filter_Breed-Mixed" time="21.068" classname="Test Cases/Canine_TestCases/Breed/TC31_Canine_Filter_Breed-Mixed" status="PASSED">
         <system-out><![CDATA[2020-05-12 12:36:22 - [TEST_CASE][PASSED] - Test Cases/Canine_TestCases/Breed/TC31_Canine_Filter_Breed-Mixed: Test Cases/Canine_TestCases/Breed/TC31_Canine_Filter_Breed-Mixed

2020-05-12 12:36:22 - [TEST_STEP][PASSED] - openBrowser(""): Browser is opened with url: ''

2020-05-12 12:36:22 - [MESSAGE][WARNING] - A browser is already opened. Closing browser and opening a new one

2020-05-12 12:36:23 - [MESSAGE][INFO] - Starting 'Firefox (headless)' driver

2020-05-12 12:36:27 - [MESSAGE][PASSED] - Browser is opened with url: ''

2020-05-12 12:36:27 - [TEST_STEP][PASSED] - ctdc.utilities.runtestcaseforKatalon.browserDriver(""): ctdc.utilities.runtestcaseforKatalon.browserDriver is PASSED

2020-05-12 12:36:27 - [MESSAGE][PASSED] - ctdc.utilities.runtestcaseforKatalon.browserDriver is PASSED

2020-05-12 12:36:27 - [TEST_STEP][PASSED] - ctdc.utilities.runtestcaseforKatalon.RunKatalon("TC31_Canine_Filter_Breed-Mixed.xlsx"): Data loaded from input file for the test case. 

2020-05-12 12:36:27 - [MESSAGE][PASSED] - Test case file loaded This is the full filepath after converting to string :C:\Users\radhakrishnang2\Desktop\Commons_Automation\InputFiles\TC31_Canine_Filter_Breed-Mixed.xlsx

2020-05-12 12:36:27 - [MESSAGE][INFO] - Global variable set for password file is :  C:\Users\radhakrishnang2\Desktop\Commons_Automation\InputFiles\TC31_Canine_Filter_Breed-Mixed.xlsx

2020-05-12 12:36:27 - [MESSAGE][PASSED] - Data loaded from input file for the test case. 

2020-05-12 12:36:30 - [TEST_STEP][PASSED] - click(findTestObject("Object Repository/Canine/Canine_Cases_Btn")): Object: 'Object Repository/Canine/Canine_Cases_Btn' is clicked on

2020-05-12 12:36:30 - [MESSAGE][PASSED] - Object: 'Object Repository/Canine/Canine_Cases_Btn' is clicked on

2020-05-12 12:36:30 - [TEST_STEP][PASSED] - click(findTestObject("Object Repository/Canine/Filter/Breed/BREED_Ddn")): Object: 'Object Repository/Canine/Filter/Breed/BREED_Ddn' is clicked on

2020-05-12 12:36:32 - [MESSAGE][PASSED] - Object: 'Object Repository/Canine/Filter/Breed/BREED_Ddn' is clicked on

2020-05-12 12:36:32 - [TEST_STEP][PASSED] - click(findTestObject("Object Repository/Canine/Filter/Breed/Mixed_Chkbx")): Object: 'Object Repository/Canine/Filter/Breed/Mixed_Chkbx' is clicked on

2020-05-12 12:36:32 - [MESSAGE][PASSED] - Object: 'Object Repository/Canine/Filter/Breed/Mixed_Chkbx' is clicked on

2020-05-12 12:36:32 - [TEST_STEP][PASSED] - ctdc.utilities.runtestcaseforKatalon.ReadCasesTableKatalon("Object Repository/Canine/Canine_CasesTable", "Object Repository/Canine/Canine_TableHeader", "Object Repository/Canine/Canine_NextBtn"): ctdc.utilities.runtestcaseforKatalon.ReadCasesTableKatalon is PASSED

2020-05-12 12:36:38 - [MESSAGE][PASSED] - ctdc.utilities.runtestcaseforKatalon.ReadCasesTableKatalon is PASSED

2020-05-12 12:36:38 - [TEST_STEP][PASSED] - ctdc.utilities.ReadExcel.Neo4j(): ctdc.utilities.ReadExcel.Neo4j is PASSED

2020-05-12 12:36:41 - [MESSAGE][PASSED] - ctdc.utilities.ReadExcel.Neo4j is PASSED

2020-05-12 12:36:41 - [TEST_STEP][PASSED] - ctdc.utilities.runtestcaseforKatalon.compareLists(): ctdc.utilities.runtestcaseforKatalon.compareLists is PASSED

2020-05-12 12:36:41 - [MESSAGE][PASSED] - ctdc.utilities.runtestcaseforKatalon.compareLists is PASSED

2020-05-12 12:36:43 - [TEST_STEP][PASSED] - Video: Video recording for test case 'Test Cases/Canine_TestCases/Breed/TC31_Canine_Filter_Breed-Mixed' .

2020-05-12 12:36:43 - [MESSAGE][INFO] - Video recording for test case 'Test Cases/Canine_TestCases/Breed/TC31_Canine_Filter_Breed-Mixed' .
[[ATTACHMENT|C:\\Users\\radhakrishnang2\\Desktop\\Commons_Automation\\Reports\\20200512_122313\\Canine_TestSuite\\20200512_122313/videos\\test_37.avi]]]]></system-out>
         <system-err><![CDATA[]]></system-err>
      </testcase>
      <testcase name="Test Cases/Canine_TestCases/Breed/TC32_Canine_Filter_Breed-Other" time="16.767" classname="Test Cases/Canine_TestCases/Breed/TC32_Canine_Filter_Breed-Other" status="PASSED">
         <system-out><![CDATA[2020-05-12 12:36:43 - [TEST_CASE][PASSED] - Test Cases/Canine_TestCases/Breed/TC32_Canine_Filter_Breed-Other: Test Cases/Canine_TestCases/Breed/TC32_Canine_Filter_Breed-Other

2020-05-12 12:36:43 - [TEST_STEP][PASSED] - openBrowser(""): Browser is opened with url: ''

2020-05-12 12:36:43 - [MESSAGE][WARNING] - A browser is already opened. Closing browser and opening a new one

2020-05-12 12:36:44 - [MESSAGE][INFO] - Starting 'Firefox (headless)' driver

2020-05-12 12:36:48 - [MESSAGE][PASSED] - Browser is opened with url: ''

2020-05-12 12:36:48 - [TEST_STEP][PASSED] - ctdc.utilities.runtestcaseforKatalon.browserDriver(""): ctdc.utilities.runtestcaseforKatalon.browserDriver is PASSED

2020-05-12 12:36:48 - [MESSAGE][PASSED] - ctdc.utilities.runtestcaseforKatalon.browserDriver is PASSED

2020-05-12 12:36:48 - [TEST_STEP][PASSED] - ctdc.utilities.runtestcaseforKatalon.RunKatalon("TC32_Canine_Filter_Breed-Other.xlsx"): Data loaded from input file for the test case. 

2020-05-12 12:36:48 - [MESSAGE][PASSED] - Test case file loaded This is the full filepath after converting to string :C:\Users\radhakrishnang2\Desktop\Commons_Automation\InputFiles\TC32_Canine_Filter_Breed-Other.xlsx

2020-05-12 12:36:48 - [MESSAGE][INFO] - Global variable set for password file is :  C:\Users\radhakrishnang2\Desktop\Commons_Automation\InputFiles\TC32_Canine_Filter_Breed-Other.xlsx

2020-05-12 12:36:48 - [MESSAGE][PASSED] - Data loaded from input file for the test case. 

2020-05-12 12:36:51 - [TEST_STEP][PASSED] - click(findTestObject("Object Repository/Canine/Canine_Cases_Btn")): Object: 'Object Repository/Canine/Canine_Cases_Btn' is clicked on

2020-05-12 12:36:51 - [MESSAGE][PASSED] - Object: 'Object Repository/Canine/Canine_Cases_Btn' is clicked on

2020-05-12 12:36:51 - [TEST_STEP][PASSED] - click(findTestObject("Object Repository/Canine/Filter/Breed/BREED_Ddn")): Object: 'Object Repository/Canine/Filter/Breed/BREED_Ddn' is clicked on

2020-05-12 12:36:53 - [MESSAGE][PASSED] - Object: 'Object Repository/Canine/Filter/Breed/BREED_Ddn' is clicked on

2020-05-12 12:36:53 - [TEST_STEP][PASSED] - click(findTestObject("Object Repository/Canine/Filter/Breed/Other_Chkbx")): Object: 'Object Repository/Canine/Filter/Breed/Other_Chkbx' is clicked on

2020-05-12 12:36:53 - [MESSAGE][PASSED] - Object: 'Object Repository/Canine/Filter/Breed/Other_Chkbx' is clicked on

2020-05-12 12:36:53 - [TEST_STEP][PASSED] - ctdc.utilities.runtestcaseforKatalon.ReadCasesTableKatalon("Object Repository/Canine/Canine_CasesTable", "Object Repository/Canine/Canine_TableHeader", "Object Repository/Canine/Canine_NextBtn"): ctdc.utilities.runtestcaseforKatalon.ReadCasesTableKatalon is PASSED

2020-05-12 12:36:54 - [MESSAGE][PASSED] - ctdc.utilities.runtestcaseforKatalon.ReadCasesTableKatalon is PASSED

2020-05-12 12:36:54 - [TEST_STEP][PASSED] - ctdc.utilities.ReadExcel.Neo4j(): ctdc.utilities.ReadExcel.Neo4j is PASSED

2020-05-12 12:36:58 - [MESSAGE][PASSED] - ctdc.utilities.ReadExcel.Neo4j is PASSED

2020-05-12 12:36:58 - [TEST_STEP][PASSED] - ctdc.utilities.runtestcaseforKatalon.compareLists(): ctdc.utilities.runtestcaseforKatalon.compareLists is PASSED

2020-05-12 12:36:58 - [MESSAGE][PASSED] - ctdc.utilities.runtestcaseforKatalon.compareLists is PASSED

2020-05-12 12:37:00 - [TEST_STEP][PASSED] - Video: Video recording for test case 'Test Cases/Canine_TestCases/Breed/TC32_Canine_Filter_Breed-Other' .

2020-05-12 12:37:00 - [MESSAGE][INFO] - Video recording for test case 'Test Cases/Canine_TestCases/Breed/TC32_Canine_Filter_Breed-Other' .
[[ATTACHMENT|C:\\Users\\radhakrishnang2\\Desktop\\Commons_Automation\\Reports\\20200512_122313\\Canine_TestSuite\\20200512_122313/videos\\test_38.avi]]]]></system-out>
         <system-err><![CDATA[]]></system-err>
      </testcase>
      <testcase name="Test Cases/Canine_TestCases/Breed/TC33_Canine_Filter_Breed-Rottweiler" time="16.318" classname="Test Cases/Canine_TestCases/Breed/TC33_Canine_Filter_Breed-Rottweiler" status="PASSED">
         <system-out><![CDATA[2020-05-12 12:37:00 - [TEST_CASE][PASSED] - Test Cases/Canine_TestCases/Breed/TC33_Canine_Filter_Breed-Rottweiler: Test Cases/Canine_TestCases/Breed/TC33_Canine_Filter_Breed-Rottweiler

2020-05-12 12:37:00 - [TEST_STEP][PASSED] - openBrowser(""): Browser is opened with url: ''

2020-05-12 12:37:00 - [MESSAGE][WARNING] - A browser is already opened. Closing browser and opening a new one

2020-05-12 12:37:01 - [MESSAGE][INFO] - Starting 'Firefox (headless)' driver

2020-05-12 12:37:04 - [MESSAGE][PASSED] - Browser is opened with url: ''

2020-05-12 12:37:04 - [TEST_STEP][PASSED] - ctdc.utilities.runtestcaseforKatalon.browserDriver(""): ctdc.utilities.runtestcaseforKatalon.browserDriver is PASSED

2020-05-12 12:37:04 - [MESSAGE][PASSED] - ctdc.utilities.runtestcaseforKatalon.browserDriver is PASSED

2020-05-12 12:37:04 - [TEST_STEP][PASSED] - ctdc.utilities.runtestcaseforKatalon.RunKatalon("TC33_Canine_Filter_Breed-Rottweiler.xlsx"): Data loaded from input file for the test case. 

2020-05-12 12:37:04 - [MESSAGE][PASSED] - Test case file loaded This is the full filepath after converting to string :C:\Users\radhakrishnang2\Desktop\Commons_Automation\InputFiles\TC33_Canine_Filter_Breed-Rottweiler.xlsx

2020-05-12 12:37:04 - [MESSAGE][INFO] - Global variable set for password file is :  C:\Users\radhakrishnang2\Desktop\Commons_Automation\InputFiles\TC33_Canine_Filter_Breed-Rottweiler.xlsx

2020-05-12 12:37:04 - [MESSAGE][PASSED] - Data loaded from input file for the test case. 

2020-05-12 12:37:07 - [TEST_STEP][PASSED] - click(findTestObject("Object Repository/Canine/Canine_Cases_Btn")): Object: 'Object Repository/Canine/Canine_Cases_Btn' is clicked on

2020-05-12 12:37:07 - [MESSAGE][PASSED] - Object: 'Object Repository/Canine/Canine_Cases_Btn' is clicked on

2020-05-12 12:37:07 - [TEST_STEP][PASSED] - click(findTestObject("Object Repository/Canine/Filter/Breed/BREED_Ddn")): Object: 'Object Repository/Canine/Filter/Breed/BREED_Ddn' is clicked on

2020-05-12 12:37:09 - [MESSAGE][PASSED] - Object: 'Object Repository/Canine/Filter/Breed/BREED_Ddn' is clicked on

2020-05-12 12:37:09 - [TEST_STEP][PASSED] - click(findTestObject("Object Repository/Canine/Filter/Breed/Rottweiler_Chkbx")): Object: 'Object Repository/Canine/Filter/Breed/Rottweiler_Chkbx' is clicked on

2020-05-12 12:37:09 - [MESSAGE][PASSED] - Object: 'Object Repository/Canine/Filter/Breed/Rottweiler_Chkbx' is clicked on

2020-05-12 12:37:09 - [TEST_STEP][PASSED] - ctdc.utilities.runtestcaseforKatalon.ReadCasesTableKatalon("Object Repository/Canine/Canine_CasesTable", "Object Repository/Canine/Canine_TableHeader", "Object Repository/Canine/Canine_NextBtn"): ctdc.utilities.runtestcaseforKatalon.ReadCasesTableKatalon is PASSED

2020-05-12 12:37:11 - [MESSAGE][PASSED] - ctdc.utilities.runtestcaseforKatalon.ReadCasesTableKatalon is PASSED

2020-05-12 12:37:11 - [TEST_STEP][PASSED] - ctdc.utilities.ReadExcel.Neo4j(): ctdc.utilities.ReadExcel.Neo4j is PASSED

2020-05-12 12:37:14 - [MESSAGE][PASSED] - ctdc.utilities.ReadExcel.Neo4j is PASSED

2020-05-12 12:37:14 - [TEST_STEP][PASSED] - ctdc.utilities.runtestcaseforKatalon.compareLists(): ctdc.utilities.runtestcaseforKatalon.compareLists is PASSED

2020-05-12 12:37:14 - [MESSAGE][PASSED] - ctdc.utilities.runtestcaseforKatalon.compareLists is PASSED

2020-05-12 12:37:16 - [TEST_STEP][PASSED] - Video: Video recording for test case 'Test Cases/Canine_TestCases/Breed/TC33_Canine_Filter_Breed-Rottweiler' .

2020-05-12 12:37:16 - [MESSAGE][INFO] - Video recording for test case 'Test Cases/Canine_TestCases/Breed/TC33_Canine_Filter_Breed-Rottweiler' .
[[ATTACHMENT|C:\\Users\\radhakrishnang2\\Desktop\\Commons_Automation\\Reports\\20200512_122313\\Canine_TestSuite\\20200512_122313/videos\\test_39.avi]]]]></system-out>
         <system-err><![CDATA[]]></system-err>
      </testcase>
      <testcase name="Test Cases/Canine_TestCases/Breed/TC34_Canine_Filter_Breed-SaintBnd" time="19.17" classname="Test Cases/Canine_TestCases/Breed/TC34_Canine_Filter_Breed-SaintBnd" status="PASSED">
         <system-out><![CDATA[2020-05-12 12:37:16 - [TEST_CASE][PASSED] - Test Cases/Canine_TestCases/Breed/TC34_Canine_Filter_Breed-SaintBnd: Test Cases/Canine_TestCases/Breed/TC34_Canine_Filter_Breed-SaintBnd

2020-05-12 12:37:16 - [TEST_STEP][PASSED] - openBrowser(""): Browser is opened with url: ''

2020-05-12 12:37:16 - [MESSAGE][WARNING] - A browser is already opened. Closing browser and opening a new one

2020-05-12 12:37:17 - [MESSAGE][INFO] - Starting 'Firefox (headless)' driver

2020-05-12 12:37:20 - [MESSAGE][PASSED] - Browser is opened with url: ''

2020-05-12 12:37:20 - [TEST_STEP][PASSED] - ctdc.utilities.runtestcaseforKatalon.browserDriver(""): ctdc.utilities.runtestcaseforKatalon.browserDriver is PASSED

2020-05-12 12:37:20 - [MESSAGE][PASSED] - ctdc.utilities.runtestcaseforKatalon.browserDriver is PASSED

2020-05-12 12:37:20 - [TEST_STEP][PASSED] - ctdc.utilities.runtestcaseforKatalon.RunKatalon("TC34_Canine_Filter_Breed-SaintBnd.xlsx"): Data loaded from input file for the test case. 

2020-05-12 12:37:20 - [MESSAGE][PASSED] - Test case file loaded This is the full filepath after converting to string :C:\Users\radhakrishnang2\Desktop\Commons_Automation\InputFiles\TC34_Canine_Filter_Breed-SaintBnd.xlsx

2020-05-12 12:37:20 - [MESSAGE][INFO] - Global variable set for password file is :  C:\Users\radhakrishnang2\Desktop\Commons_Automation\InputFiles\TC34_Canine_Filter_Breed-SaintBnd.xlsx

2020-05-12 12:37:20 - [MESSAGE][PASSED] - Data loaded from input file for the test case. 

2020-05-12 12:37:27 - [TEST_STEP][PASSED] - click(findTestObject("Object Repository/Canine/Canine_Cases_Btn")): Object: 'Object Repository/Canine/Canine_Cases_Btn' is clicked on

2020-05-12 12:37:27 - [MESSAGE][PASSED] - Object: 'Object Repository/Canine/Canine_Cases_Btn' is clicked on

2020-05-12 12:37:27 - [TEST_STEP][PASSED] - click(findTestObject("Object Repository/Canine/Filter/Breed/BREED_Ddn")): Object: 'Object Repository/Canine/Filter/Breed/BREED_Ddn' is clicked on

2020-05-12 12:37:29 - [MESSAGE][PASSED] - Object: 'Object Repository/Canine/Filter/Breed/BREED_Ddn' is clicked on

2020-05-12 12:37:29 - [TEST_STEP][PASSED] - click(findTestObject("Object Repository/Canine/Filter/Breed/SaintBnd_Chkbx")): Object: 'Object Repository/Canine/Filter/Breed/SaintBnd_Chkbx' is clicked on

2020-05-12 12:37:29 - [MESSAGE][PASSED] - Object: 'Object Repository/Canine/Filter/Breed/SaintBnd_Chkbx' is clicked on

2020-05-12 12:37:29 - [TEST_STEP][PASSED] - ctdc.utilities.runtestcaseforKatalon.ReadCasesTableKatalon("Object Repository/Canine/Canine_CasesTable", "Object Repository/Canine/Canine_TableHeader", "Object Repository/Canine/Canine_NextBtn"): ctdc.utilities.runtestcaseforKatalon.ReadCasesTableKatalon is PASSED

2020-05-12 12:37:30 - [MESSAGE][PASSED] - ctdc.utilities.runtestcaseforKatalon.ReadCasesTableKatalon is PASSED

2020-05-12 12:37:30 - [TEST_STEP][PASSED] - ctdc.utilities.ReadExcel.Neo4j(): ctdc.utilities.ReadExcel.Neo4j is PASSED

2020-05-12 12:37:33 - [MESSAGE][PASSED] - ctdc.utilities.ReadExcel.Neo4j is PASSED

2020-05-12 12:37:33 - [TEST_STEP][PASSED] - ctdc.utilities.runtestcaseforKatalon.compareLists(): ctdc.utilities.runtestcaseforKatalon.compareLists is PASSED

2020-05-12 12:37:33 - [MESSAGE][PASSED] - ctdc.utilities.runtestcaseforKatalon.compareLists is PASSED

2020-05-12 12:37:35 - [TEST_STEP][PASSED] - Video: Video recording for test case 'Test Cases/Canine_TestCases/Breed/TC34_Canine_Filter_Breed-SaintBnd' .

2020-05-12 12:37:35 - [MESSAGE][INFO] - Video recording for test case 'Test Cases/Canine_TestCases/Breed/TC34_Canine_Filter_Breed-SaintBnd' .
[[ATTACHMENT|C:\\Users\\radhakrishnang2\\Desktop\\Commons_Automation\\Reports\\20200512_122313\\Canine_TestSuite\\20200512_122313/videos\\test_40.avi]]]]></system-out>
         <system-err><![CDATA[]]></system-err>
      </testcase>
      <testcase name="Test Cases/Canine_TestCases/Breed/TC35_Canine_Filter_Breed-Samoyed" time="17.236" classname="Test Cases/Canine_TestCases/Breed/TC35_Canine_Filter_Breed-Samoyed" status="PASSED">
         <system-out><![CDATA[2020-05-12 12:37:35 - [TEST_CASE][PASSED] - Test Cases/Canine_TestCases/Breed/TC35_Canine_Filter_Breed-Samoyed: Test Cases/Canine_TestCases/Breed/TC35_Canine_Filter_Breed-Samoyed

2020-05-12 12:37:36 - [TEST_STEP][PASSED] - openBrowser(""): Browser is opened with url: ''

2020-05-12 12:37:36 - [MESSAGE][WARNING] - A browser is already opened. Closing browser and opening a new one

2020-05-12 12:37:37 - [MESSAGE][INFO] - Starting 'Firefox (headless)' driver

2020-05-12 12:37:40 - [MESSAGE][PASSED] - Browser is opened with url: ''

2020-05-12 12:37:40 - [TEST_STEP][PASSED] - ctdc.utilities.runtestcaseforKatalon.browserDriver(""): ctdc.utilities.runtestcaseforKatalon.browserDriver is PASSED

2020-05-12 12:37:40 - [MESSAGE][PASSED] - ctdc.utilities.runtestcaseforKatalon.browserDriver is PASSED

2020-05-12 12:37:40 - [TEST_STEP][PASSED] - ctdc.utilities.runtestcaseforKatalon.RunKatalon("TC35_Canine_Filter_Breed-Samoyed.xlsx"): Data loaded from input file for the test case. 

2020-05-12 12:37:40 - [MESSAGE][PASSED] - Test case file loaded This is the full filepath after converting to string :C:\Users\radhakrishnang2\Desktop\Commons_Automation\InputFiles\TC35_Canine_Filter_Breed-Samoyed.xlsx

2020-05-12 12:37:40 - [MESSAGE][INFO] - Global variable set for password file is :  C:\Users\radhakrishnang2\Desktop\Commons_Automation\InputFiles\TC35_Canine_Filter_Breed-Samoyed.xlsx

2020-05-12 12:37:40 - [MESSAGE][PASSED] - Data loaded from input file for the test case. 

2020-05-12 12:37:44 - [TEST_STEP][PASSED] - click(findTestObject("Object Repository/Canine/Canine_Cases_Btn")): Object: 'Object Repository/Canine/Canine_Cases_Btn' is clicked on

2020-05-12 12:37:44 - [MESSAGE][PASSED] - Object: 'Object Repository/Canine/Canine_Cases_Btn' is clicked on

2020-05-12 12:37:44 - [TEST_STEP][PASSED] - click(findTestObject("Object Repository/Canine/Filter/Breed/BREED_Ddn")): Object: 'Object Repository/Canine/Filter/Breed/BREED_Ddn' is clicked on

2020-05-12 12:37:46 - [MESSAGE][PASSED] - Object: 'Object Repository/Canine/Filter/Breed/BREED_Ddn' is clicked on

2020-05-12 12:37:46 - [TEST_STEP][PASSED] - click(findTestObject("Object Repository/Canine/Filter/Breed/Samoyed_Chkbx")): Object: 'Object Repository/Canine/Filter/Breed/Samoyed_Chkbx' is clicked on

2020-05-12 12:37:47 - [MESSAGE][PASSED] - Object: 'Object Repository/Canine/Filter/Breed/Samoyed_Chkbx' is clicked on

2020-05-12 12:37:47 - [TEST_STEP][PASSED] - ctdc.utilities.runtestcaseforKatalon.ReadCasesTableKatalon("Object Repository/Canine/Canine_CasesTable", "Object Repository/Canine/Canine_TableHeader", "Object Repository/Canine/Canine_NextBtn"): ctdc.utilities.runtestcaseforKatalon.ReadCasesTableKatalon is PASSED

2020-05-12 12:37:47 - [MESSAGE][PASSED] - ctdc.utilities.runtestcaseforKatalon.ReadCasesTableKatalon is PASSED

2020-05-12 12:37:47 - [TEST_STEP][PASSED] - ctdc.utilities.ReadExcel.Neo4j(): ctdc.utilities.ReadExcel.Neo4j is PASSED

2020-05-12 12:37:50 - [MESSAGE][PASSED] - ctdc.utilities.ReadExcel.Neo4j is PASSED

2020-05-12 12:37:50 - [TEST_STEP][PASSED] - ctdc.utilities.runtestcaseforKatalon.compareLists(): ctdc.utilities.runtestcaseforKatalon.compareLists is PASSED

2020-05-12 12:37:50 - [MESSAGE][PASSED] - ctdc.utilities.runtestcaseforKatalon.compareLists is PASSED

2020-05-12 12:37:53 - [TEST_STEP][PASSED] - Video: Video recording for test case 'Test Cases/Canine_TestCases/Breed/TC35_Canine_Filter_Breed-Samoyed' .

2020-05-12 12:37:53 - [MESSAGE][INFO] - Video recording for test case 'Test Cases/Canine_TestCases/Breed/TC35_Canine_Filter_Breed-Samoyed' .
[[ATTACHMENT|C:\\Users\\radhakrishnang2\\Desktop\\Commons_Automation\\Reports\\20200512_122313\\Canine_TestSuite\\20200512_122313/videos\\test_41.avi]]]]></system-out>
         <system-err><![CDATA[]]></system-err>
      </testcase>
      <testcase name="Test Cases/Canine_TestCases/Breed/TC36_Canine_Filter_Breed-StaffdshrBull" time="16.037" classname="Test Cases/Canine_TestCases/Breed/TC36_Canine_Filter_Breed-StaffdshrBull" status="PASSED">
         <system-out><![CDATA[2020-05-12 12:37:53 - [TEST_CASE][PASSED] - Test Cases/Canine_TestCases/Breed/TC36_Canine_Filter_Breed-StaffdshrBull: Test Cases/Canine_TestCases/Breed/TC36_Canine_Filter_Breed-StaffdshrBull

2020-05-12 12:37:53 - [TEST_STEP][PASSED] - openBrowser(""): Browser is opened with url: ''

2020-05-12 12:37:53 - [MESSAGE][WARNING] - A browser is already opened. Closing browser and opening a new one

2020-05-12 12:37:54 - [MESSAGE][INFO] - Starting 'Firefox (headless)' driver

2020-05-12 12:37:57 - [MESSAGE][PASSED] - Browser is opened with url: ''

2020-05-12 12:37:57 - [TEST_STEP][PASSED] - ctdc.utilities.runtestcaseforKatalon.browserDriver(""): ctdc.utilities.runtestcaseforKatalon.browserDriver is PASSED

2020-05-12 12:37:57 - [MESSAGE][PASSED] - ctdc.utilities.runtestcaseforKatalon.browserDriver is PASSED

2020-05-12 12:37:57 - [TEST_STEP][PASSED] - ctdc.utilities.runtestcaseforKatalon.RunKatalon("TC36_Canine_Filter_Breed-StaffdshrBull.xlsx"): Data loaded from input file for the test case. 

2020-05-12 12:37:57 - [MESSAGE][PASSED] - Test case file loaded This is the full filepath after converting to string :C:\Users\radhakrishnang2\Desktop\Commons_Automation\InputFiles\TC36_Canine_Filter_Breed-StaffdshrBull.xlsx

2020-05-12 12:37:57 - [MESSAGE][INFO] - Global variable set for password file is :  C:\Users\radhakrishnang2\Desktop\Commons_Automation\InputFiles\TC36_Canine_Filter_Breed-StaffdshrBull.xlsx

2020-05-12 12:37:57 - [MESSAGE][PASSED] - Data loaded from input file for the test case. 

2020-05-12 12:38:00 - [TEST_STEP][PASSED] - click(findTestObject("Object Repository/Canine/Canine_Cases_Btn")): Object: 'Object Repository/Canine/Canine_Cases_Btn' is clicked on

2020-05-12 12:38:00 - [MESSAGE][PASSED] - Object: 'Object Repository/Canine/Canine_Cases_Btn' is clicked on

2020-05-12 12:38:00 - [TEST_STEP][PASSED] - click(findTestObject("Object Repository/Canine/Filter/Breed/BREED_Ddn")): Object: 'Object Repository/Canine/Filter/Breed/BREED_Ddn' is clicked on

2020-05-12 12:38:02 - [MESSAGE][PASSED] - Object: 'Object Repository/Canine/Filter/Breed/BREED_Ddn' is clicked on

2020-05-12 12:38:02 - [TEST_STEP][PASSED] - click(findTestObject("Object Repository/Canine/Filter/Breed/StaffdshrBull_Chkbx")): Object: 'Object Repository/Canine/Filter/Breed/StaffdshrBull_Chkbx' is clicked on

2020-05-12 12:38:03 - [MESSAGE][PASSED] - Object: 'Object Repository/Canine/Filter/Breed/StaffdshrBull_Chkbx' is clicked on

2020-05-12 12:38:03 - [TEST_STEP][PASSED] - ctdc.utilities.runtestcaseforKatalon.ReadCasesTableKatalon("Object Repository/Canine/Canine_CasesTable", "Object Repository/Canine/Canine_TableHeader", "Object Repository/Canine/Canine_NextBtn"): ctdc.utilities.runtestcaseforKatalon.ReadCasesTableKatalon is PASSED

2020-05-12 12:38:03 - [MESSAGE][PASSED] - ctdc.utilities.runtestcaseforKatalon.ReadCasesTableKatalon is PASSED

2020-05-12 12:38:03 - [TEST_STEP][PASSED] - ctdc.utilities.ReadExcel.Neo4j(): ctdc.utilities.ReadExcel.Neo4j is PASSED

2020-05-12 12:38:06 - [MESSAGE][PASSED] - ctdc.utilities.ReadExcel.Neo4j is PASSED

2020-05-12 12:38:06 - [TEST_STEP][PASSED] - ctdc.utilities.runtestcaseforKatalon.compareLists(): ctdc.utilities.runtestcaseforKatalon.compareLists is PASSED

2020-05-12 12:38:07 - [MESSAGE][PASSED] - ctdc.utilities.runtestcaseforKatalon.compareLists is PASSED

2020-05-12 12:38:09 - [TEST_STEP][PASSED] - Video: Video recording for test case 'Test Cases/Canine_TestCases/Breed/TC36_Canine_Filter_Breed-StaffdshrBull' .

2020-05-12 12:38:09 - [MESSAGE][INFO] - Video recording for test case 'Test Cases/Canine_TestCases/Breed/TC36_Canine_Filter_Breed-StaffdshrBull' .
[[ATTACHMENT|C:\\Users\\radhakrishnang2\\Desktop\\Commons_Automation\\Reports\\20200512_122313\\Canine_TestSuite\\20200512_122313/videos\\test_42.avi]]]]></system-out>
         <system-err><![CDATA[]]></system-err>
      </testcase>
      <testcase name="Test Cases/Canine_TestCases/Breed/TC37_Canine_Filter_Breed-Vizsla" time="17.904" classname="Test Cases/Canine_TestCases/Breed/TC37_Canine_Filter_Breed-Vizsla" status="PASSED">
         <system-out><![CDATA[2020-05-12 12:38:09 - [TEST_CASE][PASSED] - Test Cases/Canine_TestCases/Breed/TC37_Canine_Filter_Breed-Vizsla: Test Cases/Canine_TestCases/Breed/TC37_Canine_Filter_Breed-Vizsla

2020-05-12 12:38:09 - [TEST_STEP][PASSED] - openBrowser(""): Browser is opened with url: ''

2020-05-12 12:38:09 - [MESSAGE][WARNING] - A browser is already opened. Closing browser and opening a new one

2020-05-12 12:38:10 - [MESSAGE][INFO] - Starting 'Firefox (headless)' driver

2020-05-12 12:38:13 - [MESSAGE][PASSED] - Browser is opened with url: ''

2020-05-12 12:38:13 - [TEST_STEP][PASSED] - ctdc.utilities.runtestcaseforKatalon.browserDriver(""): ctdc.utilities.runtestcaseforKatalon.browserDriver is PASSED

2020-05-12 12:38:13 - [MESSAGE][PASSED] - ctdc.utilities.runtestcaseforKatalon.browserDriver is PASSED

2020-05-12 12:38:13 - [TEST_STEP][PASSED] - ctdc.utilities.runtestcaseforKatalon.RunKatalon("TC37_Canine_Filter_Breed-Vizsla.xlsx"): Data loaded from input file for the test case. 

2020-05-12 12:38:13 - [MESSAGE][PASSED] - Test case file loaded This is the full filepath after converting to string :C:\Users\radhakrishnang2\Desktop\Commons_Automation\InputFiles\TC37_Canine_Filter_Breed-Vizsla.xlsx

2020-05-12 12:38:13 - [MESSAGE][INFO] - Global variable set for password file is :  C:\Users\radhakrishnang2\Desktop\Commons_Automation\InputFiles\TC37_Canine_Filter_Breed-Vizsla.xlsx

2020-05-12 12:38:13 - [MESSAGE][PASSED] - Data loaded from input file for the test case. 

2020-05-12 12:38:18 - [TEST_STEP][PASSED] - click(findTestObject("Object Repository/Canine/Canine_Cases_Btn")): Object: 'Object Repository/Canine/Canine_Cases_Btn' is clicked on

2020-05-12 12:38:18 - [MESSAGE][PASSED] - Object: 'Object Repository/Canine/Canine_Cases_Btn' is clicked on

2020-05-12 12:38:18 - [TEST_STEP][PASSED] - click(findTestObject("Object Repository/Canine/Filter/Breed/BREED_Ddn")): Object: 'Object Repository/Canine/Filter/Breed/BREED_Ddn' is clicked on

2020-05-12 12:38:20 - [MESSAGE][PASSED] - Object: 'Object Repository/Canine/Filter/Breed/BREED_Ddn' is clicked on

2020-05-12 12:38:20 - [TEST_STEP][PASSED] - click(findTestObject("Object Repository/Canine/Filter/Breed/Vizsla_Chkbx")): Object: 'Object Repository/Canine/Filter/Breed/Vizsla_Chkbx' is clicked on

2020-05-12 12:38:20 - [MESSAGE][PASSED] - Object: 'Object Repository/Canine/Filter/Breed/Vizsla_Chkbx' is clicked on

2020-05-12 12:38:20 - [TEST_STEP][PASSED] - ctdc.utilities.runtestcaseforKatalon.ReadCasesTableKatalon("Object Repository/Canine/Canine_CasesTable", "Object Repository/Canine/Canine_TableHeader", "Object Repository/Canine/Canine_NextBtn"): ctdc.utilities.runtestcaseforKatalon.ReadCasesTableKatalon is PASSED

2020-05-12 12:38:21 - [MESSAGE][PASSED] - ctdc.utilities.runtestcaseforKatalon.ReadCasesTableKatalon is PASSED

2020-05-12 12:38:21 - [TEST_STEP][PASSED] - ctdc.utilities.ReadExcel.Neo4j(): ctdc.utilities.ReadExcel.Neo4j is PASSED

2020-05-12 12:38:24 - [MESSAGE][PASSED] - ctdc.utilities.ReadExcel.Neo4j is PASSED

2020-05-12 12:38:24 - [TEST_STEP][PASSED] - ctdc.utilities.runtestcaseforKatalon.compareLists(): ctdc.utilities.runtestcaseforKatalon.compareLists is PASSED

2020-05-12 12:38:24 - [MESSAGE][PASSED] - ctdc.utilities.runtestcaseforKatalon.compareLists is PASSED

2020-05-12 12:38:26 - [TEST_STEP][PASSED] - Video: Video recording for test case 'Test Cases/Canine_TestCases/Breed/TC37_Canine_Filter_Breed-Vizsla' .

2020-05-12 12:38:26 - [MESSAGE][INFO] - Video recording for test case 'Test Cases/Canine_TestCases/Breed/TC37_Canine_Filter_Breed-Vizsla' .
[[ATTACHMENT|C:\\Users\\radhakrishnang2\\Desktop\\Commons_Automation\\Reports\\20200512_122313\\Canine_TestSuite\\20200512_122313/videos\\test_43.avi]]]]></system-out>
         <system-err><![CDATA[]]></system-err>
      </testcase>
      <testcase name="Test Cases/Canine_TestCases/Breed/TC38_Canine_Filter_Breed-Weimrnr" time="15.926" classname="Test Cases/Canine_TestCases/Breed/TC38_Canine_Filter_Breed-Weimrnr" status="PASSED">
         <system-out><![CDATA[2020-05-12 12:38:26 - [TEST_CASE][PASSED] - Test Cases/Canine_TestCases/Breed/TC38_Canine_Filter_Breed-Weimrnr: Test Cases/Canine_TestCases/Breed/TC38_Canine_Filter_Breed-Weimrnr

2020-05-12 12:38:27 - [TEST_STEP][PASSED] - openBrowser(""): Browser is opened with url: ''

2020-05-12 12:38:27 - [MESSAGE][WARNING] - A browser is already opened. Closing browser and opening a new one

2020-05-12 12:38:28 - [MESSAGE][INFO] - Starting 'Firefox (headless)' driver

2020-05-12 12:38:31 - [MESSAGE][PASSED] - Browser is opened with url: ''

2020-05-12 12:38:31 - [TEST_STEP][PASSED] - ctdc.utilities.runtestcaseforKatalon.browserDriver(""): ctdc.utilities.runtestcaseforKatalon.browserDriver is PASSED

2020-05-12 12:38:31 - [MESSAGE][PASSED] - ctdc.utilities.runtestcaseforKatalon.browserDriver is PASSED

2020-05-12 12:38:31 - [TEST_STEP][PASSED] - ctdc.utilities.runtestcaseforKatalon.RunKatalon("TC38_Canine_Filter_Breed-Weimrnr.xlsx"): Data loaded from input file for the test case. 

2020-05-12 12:38:31 - [MESSAGE][PASSED] - Test case file loaded This is the full filepath after converting to string :C:\Users\radhakrishnang2\Desktop\Commons_Automation\InputFiles\TC38_Canine_Filter_Breed-Weimrnr.xlsx

2020-05-12 12:38:31 - [MESSAGE][INFO] - Global variable set for password file is :  C:\Users\radhakrishnang2\Desktop\Commons_Automation\InputFiles\TC38_Canine_Filter_Breed-Weimrnr.xlsx

2020-05-12 12:38:31 - [MESSAGE][PASSED] - Data loaded from input file for the test case. 

2020-05-12 12:38:34 - [TEST_STEP][PASSED] - click(findTestObject("Object Repository/Canine/Canine_Cases_Btn")): Object: 'Object Repository/Canine/Canine_Cases_Btn' is clicked on

2020-05-12 12:38:34 - [MESSAGE][PASSED] - Object: 'Object Repository/Canine/Canine_Cases_Btn' is clicked on

2020-05-12 12:38:34 - [TEST_STEP][PASSED] - click(findTestObject("Object Repository/Canine/Filter/Breed/BREED_Ddn")): Object: 'Object Repository/Canine/Filter/Breed/BREED_Ddn' is clicked on

2020-05-12 12:38:36 - [MESSAGE][PASSED] - Object: 'Object Repository/Canine/Filter/Breed/BREED_Ddn' is clicked on

2020-05-12 12:38:36 - [TEST_STEP][PASSED] - click(findTestObject("Object Repository/Canine/Filter/Breed/Weimrnr_Chkbx")): Object: 'Object Repository/Canine/Filter/Breed/Weimrnr_Chkbx' is clicked on

2020-05-12 12:38:36 - [MESSAGE][PASSED] - Object: 'Object Repository/Canine/Filter/Breed/Weimrnr_Chkbx' is clicked on

2020-05-12 12:38:36 - [TEST_STEP][PASSED] - ctdc.utilities.runtestcaseforKatalon.ReadCasesTableKatalon("Object Repository/Canine/Canine_CasesTable", "Object Repository/Canine/Canine_TableHeader", "Object Repository/Canine/Canine_NextBtn"): ctdc.utilities.runtestcaseforKatalon.ReadCasesTableKatalon is PASSED

2020-05-12 12:38:37 - [MESSAGE][PASSED] - ctdc.utilities.runtestcaseforKatalon.ReadCasesTableKatalon is PASSED

2020-05-12 12:38:37 - [TEST_STEP][PASSED] - ctdc.utilities.ReadExcel.Neo4j(): ctdc.utilities.ReadExcel.Neo4j is PASSED

2020-05-12 12:38:40 - [MESSAGE][PASSED] - ctdc.utilities.ReadExcel.Neo4j is PASSED

2020-05-12 12:38:40 - [TEST_STEP][PASSED] - ctdc.utilities.runtestcaseforKatalon.compareLists(): ctdc.utilities.runtestcaseforKatalon.compareLists is PASSED

2020-05-12 12:38:40 - [MESSAGE][PASSED] - ctdc.utilities.runtestcaseforKatalon.compareLists is PASSED

2020-05-12 12:38:42 - [TEST_STEP][PASSED] - Video: Video recording for test case 'Test Cases/Canine_TestCases/Breed/TC38_Canine_Filter_Breed-Weimrnr' .

2020-05-12 12:38:42 - [MESSAGE][INFO] - Video recording for test case 'Test Cases/Canine_TestCases/Breed/TC38_Canine_Filter_Breed-Weimrnr' .
[[ATTACHMENT|C:\\Users\\radhakrishnang2\\Desktop\\Commons_Automation\\Reports\\20200512_122313\\Canine_TestSuite\\20200512_122313/videos\\test_44.avi]]]]></system-out>
         <system-err><![CDATA[]]></system-err>
      </testcase>
      <testcase name="Test Cases/Canine_TestCases/Breed/TC39_Canine_Filter_Breed-WestHlnd" time="16.315" classname="Test Cases/Canine_TestCases/Breed/TC39_Canine_Filter_Breed-WestHlnd" status="PASSED">
         <system-out><![CDATA[2020-05-12 12:38:42 - [TEST_CASE][PASSED] - Test Cases/Canine_TestCases/Breed/TC39_Canine_Filter_Breed-WestHlnd: Test Cases/Canine_TestCases/Breed/TC39_Canine_Filter_Breed-WestHlnd

2020-05-12 12:38:43 - [TEST_STEP][PASSED] - openBrowser(""): Browser is opened with url: ''

2020-05-12 12:38:43 - [MESSAGE][WARNING] - A browser is already opened. Closing browser and opening a new one

2020-05-12 12:38:44 - [MESSAGE][INFO] - Starting 'Firefox (headless)' driver

2020-05-12 12:38:47 - [MESSAGE][PASSED] - Browser is opened with url: ''

2020-05-12 12:38:47 - [TEST_STEP][PASSED] - ctdc.utilities.runtestcaseforKatalon.browserDriver(""): ctdc.utilities.runtestcaseforKatalon.browserDriver is PASSED

2020-05-12 12:38:47 - [MESSAGE][PASSED] - ctdc.utilities.runtestcaseforKatalon.browserDriver is PASSED

2020-05-12 12:38:47 - [TEST_STEP][PASSED] - ctdc.utilities.runtestcaseforKatalon.RunKatalon("TC39_Canine_Filter_Breed-WestHlnd.xlsx"): Data loaded from input file for the test case. 

2020-05-12 12:38:47 - [MESSAGE][PASSED] - Test case file loaded This is the full filepath after converting to string :C:\Users\radhakrishnang2\Desktop\Commons_Automation\InputFiles\TC39_Canine_Filter_Breed-WestHlnd.xlsx

2020-05-12 12:38:47 - [MESSAGE][INFO] - Global variable set for password file is :  C:\Users\radhakrishnang2\Desktop\Commons_Automation\InputFiles\TC39_Canine_Filter_Breed-WestHlnd.xlsx

2020-05-12 12:38:47 - [MESSAGE][PASSED] - Data loaded from input file for the test case. 

2020-05-12 12:38:50 - [TEST_STEP][PASSED] - click(findTestObject("Object Repository/Canine/Canine_Cases_Btn")): Object: 'Object Repository/Canine/Canine_Cases_Btn' is clicked on

2020-05-12 12:38:50 - [MESSAGE][PASSED] - Object: 'Object Repository/Canine/Canine_Cases_Btn' is clicked on

2020-05-12 12:38:50 - [TEST_STEP][PASSED] - click(findTestObject("Object Repository/Canine/Filter/Breed/BREED_Ddn")): Object: 'Object Repository/Canine/Filter/Breed/BREED_Ddn' is clicked on

2020-05-12 12:38:52 - [MESSAGE][PASSED] - Object: 'Object Repository/Canine/Filter/Breed/BREED_Ddn' is clicked on

2020-05-12 12:38:52 - [TEST_STEP][PASSED] - click(findTestObject("Object Repository/Canine/Filter/Breed/WestHland_Chkbx")): Object: 'Object Repository/Canine/Filter/Breed/WestHland_Chkbx' is clicked on

2020-05-12 12:38:53 - [MESSAGE][PASSED] - Object: 'Object Repository/Canine/Filter/Breed/WestHland_Chkbx' is clicked on

2020-05-12 12:38:53 - [TEST_STEP][PASSED] - ctdc.utilities.runtestcaseforKatalon.ReadCasesTableKatalon("Object Repository/Canine/Canine_CasesTable", "Object Repository/Canine/Canine_TableHeader", "Object Repository/Canine/Canine_NextBtn"): ctdc.utilities.runtestcaseforKatalon.ReadCasesTableKatalon is PASSED

2020-05-12 12:38:53 - [MESSAGE][PASSED] - ctdc.utilities.runtestcaseforKatalon.ReadCasesTableKatalon is PASSED

2020-05-12 12:38:53 - [TEST_STEP][PASSED] - ctdc.utilities.ReadExcel.Neo4j(): ctdc.utilities.ReadExcel.Neo4j is PASSED

2020-05-12 12:38:57 - [MESSAGE][PASSED] - ctdc.utilities.ReadExcel.Neo4j is PASSED

2020-05-12 12:38:57 - [TEST_STEP][PASSED] - ctdc.utilities.runtestcaseforKatalon.compareLists(): ctdc.utilities.runtestcaseforKatalon.compareLists is PASSED

2020-05-12 12:38:57 - [MESSAGE][PASSED] - ctdc.utilities.runtestcaseforKatalon.compareLists is PASSED

2020-05-12 12:38:59 - [TEST_STEP][PASSED] - Video: Video recording for test case 'Test Cases/Canine_TestCases/Breed/TC39_Canine_Filter_Breed-WestHlnd' .

2020-05-12 12:38:59 - [MESSAGE][INFO] - Video recording for test case 'Test Cases/Canine_TestCases/Breed/TC39_Canine_Filter_Breed-WestHlnd' .
[[ATTACHMENT|C:\\Users\\radhakrishnang2\\Desktop\\Commons_Automation\\Reports\\20200512_122313\\Canine_TestSuite\\20200512_122313/videos\\test_45.avi]]]]></system-out>
         <system-err><![CDATA[]]></system-err>
      </testcase>
      <testcase name="Test Cases/Canine_TestCases/Breed/TC40_Canine_Filter_Breed-NotSpecified" time="40.566" classname="Test Cases/Canine_TestCases/Breed/TC40_Canine_Filter_Breed-NotSpecified" status="PASSED">
         <system-out><![CDATA[2020-05-12 12:38:59 - [TEST_CASE][PASSED] - Test Cases/Canine_TestCases/Breed/TC40_Canine_Filter_Breed-NotSpecified: Test Cases/Canine_TestCases/Breed/TC40_Canine_Filter_Breed-NotSpecified

2020-05-12 12:38:59 - [TEST_STEP][PASSED] - openBrowser(""): Browser is opened with url: ''

2020-05-12 12:38:59 - [MESSAGE][WARNING] - A browser is already opened. Closing browser and opening a new one

2020-05-12 12:39:00 - [MESSAGE][INFO] - Starting 'Firefox (headless)' driver

2020-05-12 12:39:03 - [MESSAGE][PASSED] - Browser is opened with url: ''

2020-05-12 12:39:03 - [TEST_STEP][PASSED] - ctdc.utilities.runtestcaseforKatalon.browserDriver(""): ctdc.utilities.runtestcaseforKatalon.browserDriver is PASSED

2020-05-12 12:39:03 - [MESSAGE][PASSED] - ctdc.utilities.runtestcaseforKatalon.browserDriver is PASSED

2020-05-12 12:39:03 - [TEST_STEP][PASSED] - ctdc.utilities.runtestcaseforKatalon.RunKatalon("TC40_Canine_Filter_Breed-NotSpecified.xlsx"): Data loaded from input file for the test case. 

2020-05-12 12:39:03 - [MESSAGE][PASSED] - Test case file loaded This is the full filepath after converting to string :C:\Users\radhakrishnang2\Desktop\Commons_Automation\InputFiles\TC40_Canine_Filter_Breed-NotSpecified.xlsx

2020-05-12 12:39:03 - [MESSAGE][INFO] - Global variable set for password file is :  C:\Users\radhakrishnang2\Desktop\Commons_Automation\InputFiles\TC40_Canine_Filter_Breed-NotSpecified.xlsx

2020-05-12 12:39:03 - [MESSAGE][PASSED] - Data loaded from input file for the test case. 

2020-05-12 12:39:07 - [TEST_STEP][PASSED] - click(findTestObject("Object Repository/Canine/Canine_Cases_Btn")): Object: 'Object Repository/Canine/Canine_Cases_Btn' is clicked on

2020-05-12 12:39:07 - [MESSAGE][PASSED] - Object: 'Object Repository/Canine/Canine_Cases_Btn' is clicked on

2020-05-12 12:39:07 - [TEST_STEP][PASSED] - click(findTestObject("Object Repository/Canine/Filter/Breed/BREED_Ddn")): Object: 'Object Repository/Canine/Filter/Breed/BREED_Ddn' is clicked on

2020-05-12 12:39:09 - [MESSAGE][PASSED] - Object: 'Object Repository/Canine/Filter/Breed/BREED_Ddn' is clicked on

2020-05-12 12:39:09 - [TEST_STEP][PASSED] - click(findTestObject("Object Repository/Canine/Filter/Breed/NotSpecified_Chkbx")): Object: 'Object Repository/Canine/Filter/Breed/NotSpecified_Chkbx' is clicked on

2020-05-12 12:39:09 - [MESSAGE][PASSED] - Object: 'Object Repository/Canine/Filter/Breed/NotSpecified_Chkbx' is clicked on

2020-05-12 12:39:09 - [TEST_STEP][PASSED] - ctdc.utilities.runtestcaseforKatalon.ReadCasesTableKatalon("Object Repository/Canine/Canine_CasesTable", "Object Repository/Canine/Canine_TableHeader", "Object Repository/Canine/Canine_NextBtn"): ctdc.utilities.runtestcaseforKatalon.ReadCasesTableKatalon is PASSED

2020-05-12 12:39:34 - [MESSAGE][PASSED] - ctdc.utilities.runtestcaseforKatalon.ReadCasesTableKatalon is PASSED

2020-05-12 12:39:34 - [TEST_STEP][PASSED] - ctdc.utilities.ReadExcel.Neo4j(): ctdc.utilities.ReadExcel.Neo4j is PASSED

2020-05-12 12:39:37 - [MESSAGE][PASSED] - ctdc.utilities.ReadExcel.Neo4j is PASSED

2020-05-12 12:39:37 - [TEST_STEP][PASSED] - ctdc.utilities.runtestcaseforKatalon.compareLists(): ctdc.utilities.runtestcaseforKatalon.compareLists is PASSED

2020-05-12 12:39:37 - [MESSAGE][PASSED] - ctdc.utilities.runtestcaseforKatalon.compareLists is PASSED

2020-05-12 12:39:39 - [TEST_STEP][PASSED] - Video: Video recording for test case 'Test Cases/Canine_TestCases/Breed/TC40_Canine_Filter_Breed-NotSpecified' .

2020-05-12 12:39:39 - [MESSAGE][INFO] - Video recording for test case 'Test Cases/Canine_TestCases/Breed/TC40_Canine_Filter_Breed-NotSpecified' .
[[ATTACHMENT|C:\\Users\\radhakrishnang2\\Desktop\\Commons_Automation\\Reports\\20200512_122313\\Canine_TestSuite\\20200512_122313/videos\\test_46.avi]]]]></system-out>
         <system-err><![CDATA[]]></system-err>
      </testcase>
      <testcase name="Test Cases/Canine_TestCases/Diagnosis/TC01_Canine_Filter_Diagnosis-BoneSarcoma" time="18.027" classname="Test Cases/Canine_TestCases/Diagnosis/TC01_Canine_Filter_Diagnosis-BoneSarcoma" status="PASSED">
         <system-out><![CDATA[2020-05-12 12:39:39 - [TEST_CASE][PASSED] - Test Cases/Canine_TestCases/Diagnosis/TC01_Canine_Filter_Diagnosis-BoneSarcoma: Test Cases/Canine_TestCases/Diagnosis/TC01_Canine_Filter_Diagnosis-BoneSarcoma

2020-05-12 12:39:40 - [TEST_STEP][PASSED] - openBrowser(""): Browser is opened with url: ''

2020-05-12 12:39:40 - [MESSAGE][WARNING] - A browser is already opened. Closing browser and opening a new one

2020-05-12 12:39:41 - [MESSAGE][INFO] - Starting 'Firefox (headless)' driver

2020-05-12 12:39:43 - [MESSAGE][PASSED] - Browser is opened with url: ''

2020-05-12 12:39:43 - [TEST_STEP][PASSED] - ctdc.utilities.runtestcaseforKatalon.browserDriver(""): ctdc.utilities.runtestcaseforKatalon.browserDriver is PASSED

2020-05-12 12:39:43 - [MESSAGE][PASSED] - ctdc.utilities.runtestcaseforKatalon.browserDriver is PASSED

2020-05-12 12:39:43 - [TEST_STEP][PASSED] - ctdc.utilities.runtestcaseforKatalon.RunKatalon("TC01_Canine_Filter_Diagnosis-BoneSarcoma.xlsx"): Data loaded from input file for the test case. 

2020-05-12 12:39:43 - [MESSAGE][PASSED] - Test case file loaded This is the full filepath after converting to string :C:\Users\radhakrishnang2\Desktop\Commons_Automation\InputFiles\TC01_Canine_Filter_Diagnosis-BoneSarcoma.xlsx

2020-05-12 12:39:43 - [MESSAGE][INFO] - Global variable set for password file is :  C:\Users\radhakrishnang2\Desktop\Commons_Automation\InputFiles\TC01_Canine_Filter_Diagnosis-BoneSarcoma.xlsx

2020-05-12 12:39:43 - [MESSAGE][PASSED] - Data loaded from input file for the test case. 

2020-05-12 12:39:46 - [TEST_STEP][PASSED] - click(findTestObject("Object Repository/Canine/Canine_Cases_Btn")): Object: 'Object Repository/Canine/Canine_Cases_Btn' is clicked on

2020-05-12 12:39:46 - [MESSAGE][PASSED] - Object: 'Object Repository/Canine/Canine_Cases_Btn' is clicked on

2020-05-12 12:39:46 - [TEST_STEP][PASSED] - click(findTestObject("Object Repository/Canine/Filter/Diagnosis/DIAGNOSIS_Ddn")): Object: 'Object Repository/Canine/Filter/Diagnosis/DIAGNOSIS_Ddn' is clicked on

2020-05-12 12:39:48 - [MESSAGE][PASSED] - Object: 'Object Repository/Canine/Filter/Diagnosis/DIAGNOSIS_Ddn' is clicked on

2020-05-12 12:39:48 - [TEST_STEP][PASSED] - click(findTestObject("Object Repository/Canine/Filter/Diagnosis/BoneSarcoma_Chkbx")): Object: 'Object Repository/Canine/Filter/Diagnosis/BoneSarcoma_Chkbx' is clicked on

2020-05-12 12:39:49 - [MESSAGE][PASSED] - Object: 'Object Repository/Canine/Filter/Diagnosis/BoneSarcoma_Chkbx' is clicked on

2020-05-12 12:39:49 - [TEST_STEP][PASSED] - ctdc.utilities.runtestcaseforKatalon.ReadCasesTableKatalon("Object Repository/Canine/Canine_CasesTable", "Object Repository/Canine/Canine_TableHeader", "Object Repository/Canine/Canine_NextBtn"): ctdc.utilities.runtestcaseforKatalon.ReadCasesTableKatalon is PASSED

2020-05-12 12:39:52 - [MESSAGE][PASSED] - ctdc.utilities.runtestcaseforKatalon.ReadCasesTableKatalon is PASSED

2020-05-12 12:39:52 - [TEST_STEP][PASSED] - ctdc.utilities.ReadExcel.Neo4j(): ctdc.utilities.ReadExcel.Neo4j is PASSED

2020-05-12 12:39:55 - [MESSAGE][PASSED] - ctdc.utilities.ReadExcel.Neo4j is PASSED

2020-05-12 12:39:55 - [TEST_STEP][PASSED] - ctdc.utilities.runtestcaseforKatalon.compareLists(): ctdc.utilities.runtestcaseforKatalon.compareLists is PASSED

2020-05-12 12:39:55 - [MESSAGE][PASSED] - ctdc.utilities.runtestcaseforKatalon.compareLists is PASSED

2020-05-12 12:39:57 - [TEST_STEP][PASSED] - Video: Video recording for test case 'Test Cases/Canine_TestCases/Diagnosis/TC01_Canine_Filter_Diagnosis-BoneSarcoma' .

2020-05-12 12:39:57 - [MESSAGE][INFO] - Video recording for test case 'Test Cases/Canine_TestCases/Diagnosis/TC01_Canine_Filter_Diagnosis-BoneSarcoma' .
[[ATTACHMENT|C:\\Users\\radhakrishnang2\\Desktop\\Commons_Automation\\Reports\\20200512_122313\\Canine_TestSuite\\20200512_122313/videos\\test_47.avi]]]]></system-out>
         <system-err><![CDATA[]]></system-err>
      </testcase>
      <testcase name="Test Cases/Canine_TestCases/Diagnosis/TC02_Canine_Filter_Diagnosis-LipLingual" time="16.434" classname="Test Cases/Canine_TestCases/Diagnosis/TC02_Canine_Filter_Diagnosis-LipLingual" status="PASSED">
         <system-out><![CDATA[2020-05-12 12:39:57 - [TEST_CASE][PASSED] - Test Cases/Canine_TestCases/Diagnosis/TC02_Canine_Filter_Diagnosis-LipLingual: Test Cases/Canine_TestCases/Diagnosis/TC02_Canine_Filter_Diagnosis-LipLingual

2020-05-12 12:39:58 - [TEST_STEP][PASSED] - openBrowser(""): Browser is opened with url: ''

2020-05-12 12:39:58 - [MESSAGE][WARNING] - A browser is already opened. Closing browser and opening a new one

2020-05-12 12:39:59 - [MESSAGE][INFO] - Starting 'Firefox (headless)' driver

2020-05-12 12:40:02 - [MESSAGE][PASSED] - Browser is opened with url: ''

2020-05-12 12:40:02 - [TEST_STEP][PASSED] - ctdc.utilities.runtestcaseforKatalon.browserDriver(""): ctdc.utilities.runtestcaseforKatalon.browserDriver is PASSED

2020-05-12 12:40:02 - [MESSAGE][PASSED] - ctdc.utilities.runtestcaseforKatalon.browserDriver is PASSED

2020-05-12 12:40:02 - [TEST_STEP][PASSED] - ctdc.utilities.runtestcaseforKatalon.RunKatalon("TC02_Canine_Filter_Diagnosis-LipLingual.xlsx"): Data loaded from input file for the test case. 

2020-05-12 12:40:02 - [MESSAGE][PASSED] - Test case file loaded This is the full filepath after converting to string :C:\Users\radhakrishnang2\Desktop\Commons_Automation\InputFiles\TC02_Canine_Filter_Diagnosis-LipLingual.xlsx

2020-05-12 12:40:02 - [MESSAGE][INFO] - Global variable set for password file is :  C:\Users\radhakrishnang2\Desktop\Commons_Automation\InputFiles\TC02_Canine_Filter_Diagnosis-LipLingual.xlsx

2020-05-12 12:40:02 - [MESSAGE][PASSED] - Data loaded from input file for the test case. 

2020-05-12 12:40:05 - [TEST_STEP][PASSED] - click(findTestObject("Object Repository/Canine/Canine_Cases_Btn")): Object: 'Object Repository/Canine/Canine_Cases_Btn' is clicked on

2020-05-12 12:40:06 - [MESSAGE][PASSED] - Object: 'Object Repository/Canine/Canine_Cases_Btn' is clicked on

2020-05-12 12:40:06 - [TEST_STEP][PASSED] - click(findTestObject("Object Repository/Canine/Filter/Diagnosis/DIAGNOSIS_Ddn")): Object: 'Object Repository/Canine/Filter/Diagnosis/DIAGNOSIS_Ddn' is clicked on

2020-05-12 12:40:07 - [MESSAGE][PASSED] - Object: 'Object Repository/Canine/Filter/Diagnosis/DIAGNOSIS_Ddn' is clicked on

2020-05-12 12:40:07 - [TEST_STEP][PASSED] - click(findTestObject("Object Repository/Canine/Filter/Diagnosis/LipLingual_Chkbx")): Object: 'Object Repository/Canine/Filter/Diagnosis/LipLingual_Chkbx' is clicked on

2020-05-12 12:40:08 - [MESSAGE][PASSED] - Object: 'Object Repository/Canine/Filter/Diagnosis/LipLingual_Chkbx' is clicked on

2020-05-12 12:40:08 - [TEST_STEP][PASSED] - ctdc.utilities.runtestcaseforKatalon.ReadCasesTableKatalon("Object Repository/Canine/Canine_CasesTable", "Object Repository/Canine/Canine_TableHeader", "Object Repository/Canine/Canine_NextBtn"): ctdc.utilities.runtestcaseforKatalon.ReadCasesTableKatalon is PASSED

2020-05-12 12:40:08 - [MESSAGE][PASSED] - ctdc.utilities.runtestcaseforKatalon.ReadCasesTableKatalon is PASSED

2020-05-12 12:40:08 - [TEST_STEP][PASSED] - ctdc.utilities.ReadExcel.Neo4j(): ctdc.utilities.ReadExcel.Neo4j is PASSED

2020-05-12 12:40:12 - [MESSAGE][PASSED] - ctdc.utilities.ReadExcel.Neo4j is PASSED

2020-05-12 12:40:12 - [TEST_STEP][PASSED] - ctdc.utilities.runtestcaseforKatalon.compareLists(): ctdc.utilities.runtestcaseforKatalon.compareLists is PASSED

2020-05-12 12:40:12 - [MESSAGE][PASSED] - ctdc.utilities.runtestcaseforKatalon.compareLists is PASSED

2020-05-12 12:40:14 - [TEST_STEP][PASSED] - Video: Video recording for test case 'Test Cases/Canine_TestCases/Diagnosis/TC02_Canine_Filter_Diagnosis-LipLingual' .

2020-05-12 12:40:14 - [MESSAGE][INFO] - Video recording for test case 'Test Cases/Canine_TestCases/Diagnosis/TC02_Canine_Filter_Diagnosis-LipLingual' .
[[ATTACHMENT|C:\\Users\\radhakrishnang2\\Desktop\\Commons_Automation\\Reports\\20200512_122313\\Canine_TestSuite\\20200512_122313/videos\\test_48.avi]]]]></system-out>
         <system-err><![CDATA[]]></system-err>
      </testcase>
      <testcase name="Test Cases/Canine_TestCases/Diagnosis/TC03_Canine_Filter_Diagnosis-LipMandible" time="17.242" classname="Test Cases/Canine_TestCases/Diagnosis/TC03_Canine_Filter_Diagnosis-LipMandible" status="PASSED">
         <system-out><![CDATA[2020-05-12 12:40:14 - [TEST_CASE][PASSED] - Test Cases/Canine_TestCases/Diagnosis/TC03_Canine_Filter_Diagnosis-LipMandible: Test Cases/Canine_TestCases/Diagnosis/TC03_Canine_Filter_Diagnosis-LipMandible

2020-05-12 12:40:14 - [TEST_STEP][PASSED] - openBrowser(""): Browser is opened with url: ''

2020-05-12 12:40:14 - [MESSAGE][WARNING] - A browser is already opened. Closing browser and opening a new one

2020-05-12 12:40:15 - [MESSAGE][INFO] - Starting 'Firefox (headless)' driver

2020-05-12 12:40:18 - [MESSAGE][PASSED] - Browser is opened with url: ''

2020-05-12 12:40:18 - [TEST_STEP][PASSED] - ctdc.utilities.runtestcaseforKatalon.browserDriver(""): ctdc.utilities.runtestcaseforKatalon.browserDriver is PASSED

2020-05-12 12:40:18 - [MESSAGE][PASSED] - ctdc.utilities.runtestcaseforKatalon.browserDriver is PASSED

2020-05-12 12:40:18 - [TEST_STEP][PASSED] - ctdc.utilities.runtestcaseforKatalon.RunKatalon("TC03_Canine_Filter_Diagnosis-LipMandible.xlsx"): Data loaded from input file for the test case. 

2020-05-12 12:40:18 - [MESSAGE][PASSED] - Test case file loaded This is the full filepath after converting to string :C:\Users\radhakrishnang2\Desktop\Commons_Automation\InputFiles\TC03_Canine_Filter_Diagnosis-LipMandible.xlsx

2020-05-12 12:40:18 - [MESSAGE][INFO] - Global variable set for password file is :  C:\Users\radhakrishnang2\Desktop\Commons_Automation\InputFiles\TC03_Canine_Filter_Diagnosis-LipMandible.xlsx

2020-05-12 12:40:19 - [MESSAGE][PASSED] - Data loaded from input file for the test case. 

2020-05-12 12:40:22 - [TEST_STEP][PASSED] - click(findTestObject("Object Repository/Canine/Canine_Cases_Btn")): Object: 'Object Repository/Canine/Canine_Cases_Btn' is clicked on

2020-05-12 12:40:22 - [MESSAGE][PASSED] - Object: 'Object Repository/Canine/Canine_Cases_Btn' is clicked on

2020-05-12 12:40:22 - [TEST_STEP][PASSED] - click(findTestObject("Object Repository/Canine/Filter/Diagnosis/DIAGNOSIS_Ddn")): Object: 'Object Repository/Canine/Filter/Diagnosis/DIAGNOSIS_Ddn' is clicked on

2020-05-12 12:40:23 - [MESSAGE][PASSED] - Object: 'Object Repository/Canine/Filter/Diagnosis/DIAGNOSIS_Ddn' is clicked on

2020-05-12 12:40:23 - [TEST_STEP][PASSED] - click(findTestObject("Object Repository/Canine/Filter/Diagnosis/LipMandible_Chkbx")): Object: 'Object Repository/Canine/Filter/Diagnosis/LipMandible_Chkbx' is clicked on

2020-05-12 12:40:24 - [MESSAGE][PASSED] - Object: 'Object Repository/Canine/Filter/Diagnosis/LipMandible_Chkbx' is clicked on

2020-05-12 12:40:24 - [TEST_STEP][PASSED] - ctdc.utilities.runtestcaseforKatalon.ReadCasesTableKatalon("Object Repository/Canine/Canine_CasesTable", "Object Repository/Canine/Canine_TableHeader", "Object Repository/Canine/Canine_NextBtn"): ctdc.utilities.runtestcaseforKatalon.ReadCasesTableKatalon is PASSED

2020-05-12 12:40:26 - [MESSAGE][PASSED] - ctdc.utilities.runtestcaseforKatalon.ReadCasesTableKatalon is PASSED

2020-05-12 12:40:26 - [TEST_STEP][PASSED] - ctdc.utilities.ReadExcel.Neo4j(): ctdc.utilities.ReadExcel.Neo4j is PASSED

2020-05-12 12:40:29 - [MESSAGE][PASSED] - ctdc.utilities.ReadExcel.Neo4j is PASSED

2020-05-12 12:40:29 - [TEST_STEP][PASSED] - ctdc.utilities.runtestcaseforKatalon.compareLists(): ctdc.utilities.runtestcaseforKatalon.compareLists is PASSED

2020-05-12 12:40:29 - [MESSAGE][PASSED] - ctdc.utilities.runtestcaseforKatalon.compareLists is PASSED

2020-05-12 12:40:31 - [TEST_STEP][PASSED] - Video: Video recording for test case 'Test Cases/Canine_TestCases/Diagnosis/TC03_Canine_Filter_Diagnosis-LipMandible' .

2020-05-12 12:40:31 - [MESSAGE][INFO] - Video recording for test case 'Test Cases/Canine_TestCases/Diagnosis/TC03_Canine_Filter_Diagnosis-LipMandible' .
[[ATTACHMENT|C:\\Users\\radhakrishnang2\\Desktop\\Commons_Automation\\Reports\\20200512_122313\\Canine_TestSuite\\20200512_122313/videos\\test_49.avi]]]]></system-out>
         <system-err><![CDATA[]]></system-err>
      </testcase>
      <testcase name="Test Cases/Canine_TestCases/Diagnosis/TC04_Canine_Filter_Diagnosis-LipMaxilla" time="16.702" classname="Test Cases/Canine_TestCases/Diagnosis/TC04_Canine_Filter_Diagnosis-LipMaxilla" status="PASSED">
         <system-out><![CDATA[2020-05-12 12:40:31 - [TEST_CASE][PASSED] - Test Cases/Canine_TestCases/Diagnosis/TC04_Canine_Filter_Diagnosis-LipMaxilla: Test Cases/Canine_TestCases/Diagnosis/TC04_Canine_Filter_Diagnosis-LipMaxilla

2020-05-12 12:40:31 - [TEST_STEP][PASSED] - openBrowser(""): Browser is opened with url: ''

2020-05-12 12:40:31 - [MESSAGE][WARNING] - A browser is already opened. Closing browser and opening a new one

2020-05-12 12:40:32 - [MESSAGE][INFO] - Starting 'Firefox (headless)' driver

2020-05-12 12:40:36 - [MESSAGE][PASSED] - Browser is opened with url: ''

2020-05-12 12:40:36 - [TEST_STEP][PASSED] - ctdc.utilities.runtestcaseforKatalon.browserDriver(""): ctdc.utilities.runtestcaseforKatalon.browserDriver is PASSED

2020-05-12 12:40:36 - [MESSAGE][PASSED] - ctdc.utilities.runtestcaseforKatalon.browserDriver is PASSED

2020-05-12 12:40:36 - [TEST_STEP][PASSED] - ctdc.utilities.runtestcaseforKatalon.RunKatalon("TC04_Canine_Filter_Diagnosis-LipMaxilla.xlsx"): Data loaded from input file for the test case. 

2020-05-12 12:40:36 - [MESSAGE][PASSED] - Test case file loaded This is the full filepath after converting to string :C:\Users\radhakrishnang2\Desktop\Commons_Automation\InputFiles\TC04_Canine_Filter_Diagnosis-LipMaxilla.xlsx

2020-05-12 12:40:36 - [MESSAGE][INFO] - Global variable set for password file is :  C:\Users\radhakrishnang2\Desktop\Commons_Automation\InputFiles\TC04_Canine_Filter_Diagnosis-LipMaxilla.xlsx

2020-05-12 12:40:36 - [MESSAGE][PASSED] - Data loaded from input file for the test case. 

2020-05-12 12:40:39 - [TEST_STEP][PASSED] - click(findTestObject("Object Repository/Canine/Canine_Cases_Btn")): Object: 'Object Repository/Canine/Canine_Cases_Btn' is clicked on

2020-05-12 12:40:39 - [MESSAGE][PASSED] - Object: 'Object Repository/Canine/Canine_Cases_Btn' is clicked on

2020-05-12 12:40:39 - [TEST_STEP][PASSED] - click(findTestObject("Object Repository/Canine/Filter/Diagnosis/DIAGNOSIS_Ddn")): Object: 'Object Repository/Canine/Filter/Diagnosis/DIAGNOSIS_Ddn' is clicked on

2020-05-12 12:40:41 - [MESSAGE][PASSED] - Object: 'Object Repository/Canine/Filter/Diagnosis/DIAGNOSIS_Ddn' is clicked on

2020-05-12 12:40:41 - [TEST_STEP][PASSED] - click(findTestObject("Object Repository/Canine/Filter/Diagnosis/LipMaxilla_Chkbx")): Object: 'Object Repository/Canine/Filter/Diagnosis/LipMaxilla_Chkbx' is clicked on

2020-05-12 12:40:41 - [MESSAGE][PASSED] - Object: 'Object Repository/Canine/Filter/Diagnosis/LipMaxilla_Chkbx' is clicked on

2020-05-12 12:40:41 - [TEST_STEP][PASSED] - ctdc.utilities.runtestcaseforKatalon.ReadCasesTableKatalon("Object Repository/Canine/Canine_CasesTable", "Object Repository/Canine/Canine_TableHeader", "Object Repository/Canine/Canine_NextBtn"): ctdc.utilities.runtestcaseforKatalon.ReadCasesTableKatalon is PASSED

2020-05-12 12:40:42 - [MESSAGE][PASSED] - ctdc.utilities.runtestcaseforKatalon.ReadCasesTableKatalon is PASSED

2020-05-12 12:40:42 - [TEST_STEP][PASSED] - ctdc.utilities.ReadExcel.Neo4j(): ctdc.utilities.ReadExcel.Neo4j is PASSED

2020-05-12 12:40:46 - [MESSAGE][PASSED] - ctdc.utilities.ReadExcel.Neo4j is PASSED

2020-05-12 12:40:46 - [TEST_STEP][PASSED] - ctdc.utilities.runtestcaseforKatalon.compareLists(): ctdc.utilities.runtestcaseforKatalon.compareLists is PASSED

2020-05-12 12:40:46 - [MESSAGE][PASSED] - ctdc.utilities.runtestcaseforKatalon.compareLists is PASSED

2020-05-12 12:40:48 - [TEST_STEP][PASSED] - Video: Video recording for test case 'Test Cases/Canine_TestCases/Diagnosis/TC04_Canine_Filter_Diagnosis-LipMaxilla' .

2020-05-12 12:40:48 - [MESSAGE][INFO] - Video recording for test case 'Test Cases/Canine_TestCases/Diagnosis/TC04_Canine_Filter_Diagnosis-LipMaxilla' .
[[ATTACHMENT|C:\\Users\\radhakrishnang2\\Desktop\\Commons_Automation\\Reports\\20200512_122313\\Canine_TestSuite\\20200512_122313/videos\\test_50.avi]]]]></system-out>
         <system-err><![CDATA[]]></system-err>
      </testcase>
      <testcase name="Test Cases/Canine_TestCases/Diagnosis/TC05_Canine_Filter_Diagnosis-Lymphoma" time="19.494" classname="Test Cases/Canine_TestCases/Diagnosis/TC05_Canine_Filter_Diagnosis-Lymphoma" status="PASSED">
         <system-out><![CDATA[2020-05-12 12:40:48 - [TEST_CASE][PASSED] - Test Cases/Canine_TestCases/Diagnosis/TC05_Canine_Filter_Diagnosis-Lymphoma: Test Cases/Canine_TestCases/Diagnosis/TC05_Canine_Filter_Diagnosis-Lymphoma

2020-05-12 12:40:48 - [TEST_STEP][PASSED] - openBrowser(""): Browser is opened with url: ''

2020-05-12 12:40:48 - [MESSAGE][WARNING] - A browser is already opened. Closing browser and opening a new one

2020-05-12 12:40:49 - [MESSAGE][INFO] - Starting 'Firefox (headless)' driver

2020-05-12 12:40:52 - [MESSAGE][PASSED] - Browser is opened with url: ''

2020-05-12 12:40:52 - [TEST_STEP][PASSED] - ctdc.utilities.runtestcaseforKatalon.browserDriver(""): ctdc.utilities.runtestcaseforKatalon.browserDriver is PASSED

2020-05-12 12:40:52 - [MESSAGE][PASSED] - ctdc.utilities.runtestcaseforKatalon.browserDriver is PASSED

2020-05-12 12:40:52 - [TEST_STEP][PASSED] - ctdc.utilities.runtestcaseforKatalon.RunKatalon("TC05_Canine_Filter_Diagnosis-Lymphoma.xlsx"): Data loaded from input file for the test case. 

2020-05-12 12:40:52 - [MESSAGE][PASSED] - Test case file loaded This is the full filepath after converting to string :C:\Users\radhakrishnang2\Desktop\Commons_Automation\InputFiles\TC05_Canine_Filter_Diagnosis-Lymphoma.xlsx

2020-05-12 12:40:52 - [MESSAGE][INFO] - Global variable set for password file is :  C:\Users\radhakrishnang2\Desktop\Commons_Automation\InputFiles\TC05_Canine_Filter_Diagnosis-Lymphoma.xlsx

2020-05-12 12:40:52 - [MESSAGE][PASSED] - Data loaded from input file for the test case. 

2020-05-12 12:40:56 - [TEST_STEP][PASSED] - click(findTestObject("Object Repository/Canine/Canine_Cases_Btn")): Object: 'Object Repository/Canine/Canine_Cases_Btn' is clicked on

2020-05-12 12:40:56 - [MESSAGE][PASSED] - Object: 'Object Repository/Canine/Canine_Cases_Btn' is clicked on

2020-05-12 12:40:56 - [TEST_STEP][PASSED] - click(findTestObject("Object Repository/Canine/Filter/Diagnosis/DIAGNOSIS_Ddn")): Object: 'Object Repository/Canine/Filter/Diagnosis/DIAGNOSIS_Ddn' is clicked on

2020-05-12 12:40:58 - [MESSAGE][PASSED] - Object: 'Object Repository/Canine/Filter/Diagnosis/DIAGNOSIS_Ddn' is clicked on

2020-05-12 12:40:58 - [TEST_STEP][PASSED] - click(findTestObject("Object Repository/Canine/Filter/Diagnosis/Lymphoma_Chkbx")): Object: 'Object Repository/Canine/Filter/Diagnosis/Lymphoma_Chkbx' is clicked on

2020-05-12 12:40:58 - [MESSAGE][PASSED] - Object: 'Object Repository/Canine/Filter/Diagnosis/Lymphoma_Chkbx' is clicked on

2020-05-12 12:40:58 - [TEST_STEP][PASSED] - ctdc.utilities.runtestcaseforKatalon.ReadCasesTableKatalon("Object Repository/Canine/Canine_CasesTable", "Object Repository/Canine/Canine_TableHeader", "Object Repository/Canine/Canine_NextBtn"): ctdc.utilities.runtestcaseforKatalon.ReadCasesTableKatalon is PASSED

2020-05-12 12:41:02 - [MESSAGE][PASSED] - ctdc.utilities.runtestcaseforKatalon.ReadCasesTableKatalon is PASSED

2020-05-12 12:41:02 - [TEST_STEP][PASSED] - ctdc.utilities.ReadExcel.Neo4j(): ctdc.utilities.ReadExcel.Neo4j is PASSED

2020-05-12 12:41:05 - [MESSAGE][PASSED] - ctdc.utilities.ReadExcel.Neo4j is PASSED

2020-05-12 12:41:05 - [TEST_STEP][PASSED] - ctdc.utilities.runtestcaseforKatalon.compareLists(): ctdc.utilities.runtestcaseforKatalon.compareLists is PASSED

2020-05-12 12:41:05 - [MESSAGE][PASSED] - ctdc.utilities.runtestcaseforKatalon.compareLists is PASSED

2020-05-12 12:41:07 - [TEST_STEP][PASSED] - Video: Video recording for test case 'Test Cases/Canine_TestCases/Diagnosis/TC05_Canine_Filter_Diagnosis-Lymphoma' .

2020-05-12 12:41:07 - [MESSAGE][INFO] - Video recording for test case 'Test Cases/Canine_TestCases/Diagnosis/TC05_Canine_Filter_Diagnosis-Lymphoma' .
[[ATTACHMENT|C:\\Users\\radhakrishnang2\\Desktop\\Commons_Automation\\Reports\\20200512_122313\\Canine_TestSuite\\20200512_122313/videos\\test_51.avi]]]]></system-out>
         <system-err><![CDATA[]]></system-err>
      </testcase>
      <testcase name="Test Cases/Canine_TestCases/Diagnosis/TC06_Canine_Filter_Diagnosis-LymphStg2" time="15.973" classname="Test Cases/Canine_TestCases/Diagnosis/TC06_Canine_Filter_Diagnosis-LymphStg2" status="PASSED">
         <system-out><![CDATA[2020-05-12 12:41:07 - [TEST_CASE][PASSED] - Test Cases/Canine_TestCases/Diagnosis/TC06_Canine_Filter_Diagnosis-LymphStg2: Test Cases/Canine_TestCases/Diagnosis/TC06_Canine_Filter_Diagnosis-LymphStg2

2020-05-12 12:41:08 - [TEST_STEP][PASSED] - openBrowser(""): Browser is opened with url: ''

2020-05-12 12:41:08 - [MESSAGE][WARNING] - A browser is already opened. Closing browser and opening a new one

2020-05-12 12:41:09 - [MESSAGE][INFO] - Starting 'Firefox (headless)' driver

2020-05-12 12:41:11 - [MESSAGE][PASSED] - Browser is opened with url: ''

2020-05-12 12:41:11 - [TEST_STEP][PASSED] - ctdc.utilities.runtestcaseforKatalon.browserDriver(""): ctdc.utilities.runtestcaseforKatalon.browserDriver is PASSED

2020-05-12 12:41:11 - [MESSAGE][PASSED] - ctdc.utilities.runtestcaseforKatalon.browserDriver is PASSED

2020-05-12 12:41:11 - [TEST_STEP][PASSED] - ctdc.utilities.runtestcaseforKatalon.RunKatalon("TC06_Canine_Filter_Diagnosis-LymphStg2.xlsx"): Data loaded from input file for the test case. 

2020-05-12 12:41:11 - [MESSAGE][PASSED] - Test case file loaded This is the full filepath after converting to string :C:\Users\radhakrishnang2\Desktop\Commons_Automation\InputFiles\TC06_Canine_Filter_Diagnosis-LymphStg2.xlsx

2020-05-12 12:41:11 - [MESSAGE][INFO] - Global variable set for password file is :  C:\Users\radhakrishnang2\Desktop\Commons_Automation\InputFiles\TC06_Canine_Filter_Diagnosis-LymphStg2.xlsx

2020-05-12 12:41:11 - [MESSAGE][PASSED] - Data loaded from input file for the test case. 

2020-05-12 12:41:15 - [TEST_STEP][PASSED] - click(findTestObject("Object Repository/Canine/Canine_Cases_Btn")): Object: 'Object Repository/Canine/Canine_Cases_Btn' is clicked on

2020-05-12 12:41:15 - [MESSAGE][PASSED] - Object: 'Object Repository/Canine/Canine_Cases_Btn' is clicked on

2020-05-12 12:41:15 - [TEST_STEP][PASSED] - click(findTestObject("Object Repository/Canine/Filter/Diagnosis/DIAGNOSIS_Ddn")): Object: 'Object Repository/Canine/Filter/Diagnosis/DIAGNOSIS_Ddn' is clicked on

2020-05-12 12:41:17 - [MESSAGE][PASSED] - Object: 'Object Repository/Canine/Filter/Diagnosis/DIAGNOSIS_Ddn' is clicked on

2020-05-12 12:41:17 - [TEST_STEP][PASSED] - click(findTestObject("Object Repository/Canine/Filter/Diagnosis/LymphStage2_Chkbx")): Object: 'Object Repository/Canine/Filter/Diagnosis/LymphStage2_Chkbx' is clicked on

2020-05-12 12:41:17 - [MESSAGE][PASSED] - Object: 'Object Repository/Canine/Filter/Diagnosis/LymphStage2_Chkbx' is clicked on

2020-05-12 12:41:17 - [TEST_STEP][PASSED] - ctdc.utilities.runtestcaseforKatalon.ReadCasesTableKatalon("Object Repository/Canine/Canine_CasesTable", "Object Repository/Canine/Canine_TableHeader", "Object Repository/Canine/Canine_NextBtn"): ctdc.utilities.runtestcaseforKatalon.ReadCasesTableKatalon is PASSED

2020-05-12 12:41:18 - [MESSAGE][PASSED] - ctdc.utilities.runtestcaseforKatalon.ReadCasesTableKatalon is PASSED

2020-05-12 12:41:18 - [TEST_STEP][PASSED] - ctdc.utilities.ReadExcel.Neo4j(): ctdc.utilities.ReadExcel.Neo4j is PASSED

2020-05-12 12:41:21 - [MESSAGE][PASSED] - ctdc.utilities.ReadExcel.Neo4j is PASSED

2020-05-12 12:41:21 - [TEST_STEP][PASSED] - ctdc.utilities.runtestcaseforKatalon.compareLists(): ctdc.utilities.runtestcaseforKatalon.compareLists is PASSED

2020-05-12 12:41:21 - [MESSAGE][PASSED] - ctdc.utilities.runtestcaseforKatalon.compareLists is PASSED

2020-05-12 12:41:23 - [TEST_STEP][PASSED] - Video: Video recording for test case 'Test Cases/Canine_TestCases/Diagnosis/TC06_Canine_Filter_Diagnosis-LymphStg2' .

2020-05-12 12:41:23 - [MESSAGE][INFO] - Video recording for test case 'Test Cases/Canine_TestCases/Diagnosis/TC06_Canine_Filter_Diagnosis-LymphStg2' .
[[ATTACHMENT|C:\\Users\\radhakrishnang2\\Desktop\\Commons_Automation\\Reports\\20200512_122313\\Canine_TestSuite\\20200512_122313/videos\\test_52.avi]]]]></system-out>
         <system-err><![CDATA[]]></system-err>
      </testcase>
      <testcase name="Test Cases/Canine_TestCases/Diagnosis/TC07_Canine_Filter_Diagnosis-LymphStg3" time="19.024" classname="Test Cases/Canine_TestCases/Diagnosis/TC07_Canine_Filter_Diagnosis-LymphStg3" status="PASSED">
         <system-out><![CDATA[2020-05-12 12:41:23 - [TEST_CASE][PASSED] - Test Cases/Canine_TestCases/Diagnosis/TC07_Canine_Filter_Diagnosis-LymphStg3: Test Cases/Canine_TestCases/Diagnosis/TC07_Canine_Filter_Diagnosis-LymphStg3

2020-05-12 12:41:24 - [TEST_STEP][PASSED] - openBrowser(""): Browser is opened with url: ''

2020-05-12 12:41:24 - [MESSAGE][WARNING] - A browser is already opened. Closing browser and opening a new one

2020-05-12 12:41:25 - [MESSAGE][INFO] - Starting 'Firefox (headless)' driver

2020-05-12 12:41:28 - [MESSAGE][PASSED] - Browser is opened with url: ''

2020-05-12 12:41:28 - [TEST_STEP][PASSED] - ctdc.utilities.runtestcaseforKatalon.browserDriver(""): ctdc.utilities.runtestcaseforKatalon.browserDriver is PASSED

2020-05-12 12:41:28 - [MESSAGE][PASSED] - ctdc.utilities.runtestcaseforKatalon.browserDriver is PASSED

2020-05-12 12:41:28 - [TEST_STEP][PASSED] - ctdc.utilities.runtestcaseforKatalon.RunKatalon("TC07_Canine_Filter_Diagnosis-LymphStg3.xlsx"): Data loaded from input file for the test case. 

2020-05-12 12:41:28 - [MESSAGE][PASSED] - Test case file loaded This is the full filepath after converting to string :C:\Users\radhakrishnang2\Desktop\Commons_Automation\InputFiles\TC07_Canine_Filter_Diagnosis-LymphStg3.xlsx

2020-05-12 12:41:28 - [MESSAGE][INFO] - Global variable set for password file is :  C:\Users\radhakrishnang2\Desktop\Commons_Automation\InputFiles\TC07_Canine_Filter_Diagnosis-LymphStg3.xlsx

2020-05-12 12:41:28 - [MESSAGE][PASSED] - Data loaded from input file for the test case. 

2020-05-12 12:41:31 - [TEST_STEP][PASSED] - click(findTestObject("Object Repository/Canine/Canine_Cases_Btn")): Object: 'Object Repository/Canine/Canine_Cases_Btn' is clicked on

2020-05-12 12:41:31 - [MESSAGE][PASSED] - Object: 'Object Repository/Canine/Canine_Cases_Btn' is clicked on

2020-05-12 12:41:31 - [TEST_STEP][PASSED] - click(findTestObject("Object Repository/Canine/Filter/Diagnosis/DIAGNOSIS_Ddn")): Object: 'Object Repository/Canine/Filter/Diagnosis/DIAGNOSIS_Ddn' is clicked on

2020-05-12 12:41:33 - [MESSAGE][PASSED] - Object: 'Object Repository/Canine/Filter/Diagnosis/DIAGNOSIS_Ddn' is clicked on

2020-05-12 12:41:33 - [TEST_STEP][PASSED] - click(findTestObject("Object Repository/Canine/Filter/Diagnosis/LymphStage3_Chkbx")): Object: 'Object Repository/Canine/Filter/Diagnosis/LymphStage3_Chkbx' is clicked on

2020-05-12 12:41:34 - [MESSAGE][PASSED] - Object: 'Object Repository/Canine/Filter/Diagnosis/LymphStage3_Chkbx' is clicked on

2020-05-12 12:41:34 - [TEST_STEP][PASSED] - ctdc.utilities.runtestcaseforKatalon.ReadCasesTableKatalon("Object Repository/Canine/Canine_CasesTable", "Object Repository/Canine/Canine_TableHeader", "Object Repository/Canine/Canine_NextBtn"): ctdc.utilities.runtestcaseforKatalon.ReadCasesTableKatalon is PASSED

2020-05-12 12:41:37 - [MESSAGE][PASSED] - ctdc.utilities.runtestcaseforKatalon.ReadCasesTableKatalon is PASSED

2020-05-12 12:41:37 - [TEST_STEP][PASSED] - ctdc.utilities.ReadExcel.Neo4j(): ctdc.utilities.ReadExcel.Neo4j is PASSED

2020-05-12 12:41:40 - [MESSAGE][PASSED] - ctdc.utilities.ReadExcel.Neo4j is PASSED

2020-05-12 12:41:40 - [TEST_STEP][PASSED] - ctdc.utilities.runtestcaseforKatalon.compareLists(): ctdc.utilities.runtestcaseforKatalon.compareLists is PASSED

2020-05-12 12:41:40 - [MESSAGE][PASSED] - ctdc.utilities.runtestcaseforKatalon.compareLists is PASSED

2020-05-12 12:41:42 - [TEST_STEP][PASSED] - Video: Video recording for test case 'Test Cases/Canine_TestCases/Diagnosis/TC07_Canine_Filter_Diagnosis-LymphStg3' .

2020-05-12 12:41:42 - [MESSAGE][INFO] - Video recording for test case 'Test Cases/Canine_TestCases/Diagnosis/TC07_Canine_Filter_Diagnosis-LymphStg3' .
[[ATTACHMENT|C:\\Users\\radhakrishnang2\\Desktop\\Commons_Automation\\Reports\\20200512_122313\\Canine_TestSuite\\20200512_122313/videos\\test_53.avi]]]]></system-out>
         <system-err><![CDATA[]]></system-err>
      </testcase>
      <testcase name="Test Cases/Canine_TestCases/Diagnosis/TC08_Canine_Filter_Diagnosis-LymphStg4" time="16.97" classname="Test Cases/Canine_TestCases/Diagnosis/TC08_Canine_Filter_Diagnosis-LymphStg4" status="PASSED">
         <system-out><![CDATA[2020-05-12 12:41:42 - [TEST_CASE][PASSED] - Test Cases/Canine_TestCases/Diagnosis/TC08_Canine_Filter_Diagnosis-LymphStg4: Test Cases/Canine_TestCases/Diagnosis/TC08_Canine_Filter_Diagnosis-LymphStg4

2020-05-12 12:41:43 - [TEST_STEP][PASSED] - openBrowser(""): Browser is opened with url: ''

2020-05-12 12:41:43 - [MESSAGE][WARNING] - A browser is already opened. Closing browser and opening a new one

2020-05-12 12:41:44 - [MESSAGE][INFO] - Starting 'Firefox (headless)' driver

2020-05-12 12:41:47 - [MESSAGE][PASSED] - Browser is opened with url: ''

2020-05-12 12:41:47 - [TEST_STEP][PASSED] - ctdc.utilities.runtestcaseforKatalon.browserDriver(""): ctdc.utilities.runtestcaseforKatalon.browserDriver is PASSED

2020-05-12 12:41:47 - [MESSAGE][PASSED] - ctdc.utilities.runtestcaseforKatalon.browserDriver is PASSED

2020-05-12 12:41:47 - [TEST_STEP][PASSED] - ctdc.utilities.runtestcaseforKatalon.RunKatalon("TC08_Canine_Filter_Diagnosis-LymphStg4.xlsx"): Data loaded from input file for the test case. 

2020-05-12 12:41:47 - [MESSAGE][PASSED] - Test case file loaded This is the full filepath after converting to string :C:\Users\radhakrishnang2\Desktop\Commons_Automation\InputFiles\TC08_Canine_Filter_Diagnosis-LymphStg4.xlsx

2020-05-12 12:41:47 - [MESSAGE][INFO] - Global variable set for password file is :  C:\Users\radhakrishnang2\Desktop\Commons_Automation\InputFiles\TC08_Canine_Filter_Diagnosis-LymphStg4.xlsx

2020-05-12 12:41:47 - [MESSAGE][PASSED] - Data loaded from input file for the test case. 

2020-05-12 12:41:50 - [TEST_STEP][PASSED] - click(findTestObject("Object Repository/Canine/Canine_Cases_Btn")): Object: 'Object Repository/Canine/Canine_Cases_Btn' is clicked on

2020-05-12 12:41:50 - [MESSAGE][PASSED] - Object: 'Object Repository/Canine/Canine_Cases_Btn' is clicked on

2020-05-12 12:41:50 - [TEST_STEP][PASSED] - click(findTestObject("Object Repository/Canine/Filter/Diagnosis/DIAGNOSIS_Ddn")): Object: 'Object Repository/Canine/Filter/Diagnosis/DIAGNOSIS_Ddn' is clicked on

2020-05-12 12:41:52 - [MESSAGE][PASSED] - Object: 'Object Repository/Canine/Filter/Diagnosis/DIAGNOSIS_Ddn' is clicked on

2020-05-12 12:41:52 - [TEST_STEP][PASSED] - click(findTestObject("Object Repository/Canine/Filter/Diagnosis/LymphStage4_Chkbx")): Object: 'Object Repository/Canine/Filter/Diagnosis/LymphStage4_Chkbx' is clicked on

2020-05-12 12:41:52 - [MESSAGE][PASSED] - Object: 'Object Repository/Canine/Filter/Diagnosis/LymphStage4_Chkbx' is clicked on

2020-05-12 12:41:52 - [TEST_STEP][PASSED] - ctdc.utilities.runtestcaseforKatalon.ReadCasesTableKatalon("Object Repository/Canine/Canine_CasesTable", "Object Repository/Canine/Canine_TableHeader", "Object Repository/Canine/Canine_NextBtn"): ctdc.utilities.runtestcaseforKatalon.ReadCasesTableKatalon is PASSED

2020-05-12 12:41:54 - [MESSAGE][PASSED] - ctdc.utilities.runtestcaseforKatalon.ReadCasesTableKatalon is PASSED

2020-05-12 12:41:54 - [TEST_STEP][PASSED] - ctdc.utilities.ReadExcel.Neo4j(): ctdc.utilities.ReadExcel.Neo4j is PASSED

2020-05-12 12:41:57 - [MESSAGE][PASSED] - ctdc.utilities.ReadExcel.Neo4j is PASSED

2020-05-12 12:41:57 - [TEST_STEP][PASSED] - ctdc.utilities.runtestcaseforKatalon.compareLists(): ctdc.utilities.runtestcaseforKatalon.compareLists is PASSED

2020-05-12 12:41:57 - [MESSAGE][PASSED] - ctdc.utilities.runtestcaseforKatalon.compareLists is PASSED

2020-05-12 12:41:59 - [TEST_STEP][PASSED] - Video: Video recording for test case 'Test Cases/Canine_TestCases/Diagnosis/TC08_Canine_Filter_Diagnosis-LymphStg4' .

2020-05-12 12:41:59 - [MESSAGE][INFO] - Video recording for test case 'Test Cases/Canine_TestCases/Diagnosis/TC08_Canine_Filter_Diagnosis-LymphStg4' .
[[ATTACHMENT|C:\\Users\\radhakrishnang2\\Desktop\\Commons_Automation\\Reports\\20200512_122313\\Canine_TestSuite\\20200512_122313/videos\\test_54.avi]]]]></system-out>
         <system-err><![CDATA[]]></system-err>
      </testcase>
      <testcase name="Test Cases/Canine_TestCases/Diagnosis/TC09_Canine_Filter_Diagnosis-LymphStg5" time="15.463" classname="Test Cases/Canine_TestCases/Diagnosis/TC09_Canine_Filter_Diagnosis-LymphStg5" status="PASSED">
         <system-out><![CDATA[2020-05-12 12:41:59 - [TEST_CASE][PASSED] - Test Cases/Canine_TestCases/Diagnosis/TC09_Canine_Filter_Diagnosis-LymphStg5: Test Cases/Canine_TestCases/Diagnosis/TC09_Canine_Filter_Diagnosis-LymphStg5

2020-05-12 12:42:00 - [TEST_STEP][PASSED] - openBrowser(""): Browser is opened with url: ''

2020-05-12 12:42:00 - [MESSAGE][WARNING] - A browser is already opened. Closing browser and opening a new one

2020-05-12 12:42:01 - [MESSAGE][INFO] - Starting 'Firefox (headless)' driver

2020-05-12 12:42:03 - [MESSAGE][PASSED] - Browser is opened with url: ''

2020-05-12 12:42:03 - [TEST_STEP][PASSED] - ctdc.utilities.runtestcaseforKatalon.browserDriver(""): ctdc.utilities.runtestcaseforKatalon.browserDriver is PASSED

2020-05-12 12:42:03 - [MESSAGE][PASSED] - ctdc.utilities.runtestcaseforKatalon.browserDriver is PASSED

2020-05-12 12:42:03 - [TEST_STEP][PASSED] - ctdc.utilities.runtestcaseforKatalon.RunKatalon("TC09_Canine_Filter_Diagnosis-LymphStg5.xlsx"): Data loaded from input file for the test case. 

2020-05-12 12:42:03 - [MESSAGE][PASSED] - Test case file loaded This is the full filepath after converting to string :C:\Users\radhakrishnang2\Desktop\Commons_Automation\InputFiles\TC09_Canine_Filter_Diagnosis-LymphStg5.xlsx

2020-05-12 12:42:03 - [MESSAGE][INFO] - Global variable set for password file is :  C:\Users\radhakrishnang2\Desktop\Commons_Automation\InputFiles\TC09_Canine_Filter_Diagnosis-LymphStg5.xlsx

2020-05-12 12:42:03 - [MESSAGE][PASSED] - Data loaded from input file for the test case. 

2020-05-12 12:42:06 - [TEST_STEP][PASSED] - click(findTestObject("Object Repository/Canine/Canine_Cases_Btn")): Object: 'Object Repository/Canine/Canine_Cases_Btn' is clicked on

2020-05-12 12:42:06 - [MESSAGE][PASSED] - Object: 'Object Repository/Canine/Canine_Cases_Btn' is clicked on

2020-05-12 12:42:06 - [TEST_STEP][PASSED] - click(findTestObject("Object Repository/Canine/Filter/Diagnosis/DIAGNOSIS_Ddn")): Object: 'Object Repository/Canine/Filter/Diagnosis/DIAGNOSIS_Ddn' is clicked on

2020-05-12 12:42:08 - [MESSAGE][PASSED] - Object: 'Object Repository/Canine/Filter/Diagnosis/DIAGNOSIS_Ddn' is clicked on

2020-05-12 12:42:08 - [TEST_STEP][PASSED] - click(findTestObject("Object Repository/Canine/Filter/Diagnosis/LymphStage5_Chkbx")): Object: 'Object Repository/Canine/Filter/Diagnosis/LymphStage5_Chkbx' is clicked on

2020-05-12 12:42:08 - [MESSAGE][PASSED] - Object: 'Object Repository/Canine/Filter/Diagnosis/LymphStage5_Chkbx' is clicked on

2020-05-12 12:42:08 - [TEST_STEP][PASSED] - ctdc.utilities.runtestcaseforKatalon.ReadCasesTableKatalon("Object Repository/Canine/Canine_CasesTable", "Object Repository/Canine/Canine_TableHeader", "Object Repository/Canine/Canine_NextBtn"): ctdc.utilities.runtestcaseforKatalon.ReadCasesTableKatalon is PASSED

2020-05-12 12:42:09 - [MESSAGE][PASSED] - ctdc.utilities.runtestcaseforKatalon.ReadCasesTableKatalon is PASSED

2020-05-12 12:42:09 - [TEST_STEP][PASSED] - ctdc.utilities.ReadExcel.Neo4j(): ctdc.utilities.ReadExcel.Neo4j is PASSED

2020-05-12 12:42:13 - [MESSAGE][PASSED] - ctdc.utilities.ReadExcel.Neo4j is PASSED

2020-05-12 12:42:13 - [TEST_STEP][PASSED] - ctdc.utilities.runtestcaseforKatalon.compareLists(): ctdc.utilities.runtestcaseforKatalon.compareLists is PASSED

2020-05-12 12:42:13 - [MESSAGE][PASSED] - ctdc.utilities.runtestcaseforKatalon.compareLists is PASSED

2020-05-12 12:42:15 - [TEST_STEP][PASSED] - Video: Video recording for test case 'Test Cases/Canine_TestCases/Diagnosis/TC09_Canine_Filter_Diagnosis-LymphStg5' .

2020-05-12 12:42:15 - [MESSAGE][INFO] - Video recording for test case 'Test Cases/Canine_TestCases/Diagnosis/TC09_Canine_Filter_Diagnosis-LymphStg5' .
[[ATTACHMENT|C:\\Users\\radhakrishnang2\\Desktop\\Commons_Automation\\Reports\\20200512_122313\\Canine_TestSuite\\20200512_122313/videos\\test_55.avi]]]]></system-out>
         <system-err><![CDATA[]]></system-err>
      </testcase>
      <testcase name="Test Cases/Canine_TestCases/Diagnosis/TC10_Canine_Filter_Diagnosis-LymphGranulo" time="16.841" classname="Test Cases/Canine_TestCases/Diagnosis/TC10_Canine_Filter_Diagnosis-LymphGranulo" status="PASSED">
         <system-out><![CDATA[2020-05-12 12:42:15 - [TEST_CASE][PASSED] - Test Cases/Canine_TestCases/Diagnosis/TC10_Canine_Filter_Diagnosis-LymphGranulo: Test Cases/Canine_TestCases/Diagnosis/TC10_Canine_Filter_Diagnosis-LymphGranulo

2020-05-12 12:42:15 - [TEST_STEP][PASSED] - openBrowser(""): Browser is opened with url: ''

2020-05-12 12:42:15 - [MESSAGE][WARNING] - A browser is already opened. Closing browser and opening a new one

2020-05-12 12:42:16 - [MESSAGE][INFO] - Starting 'Firefox (headless)' driver

2020-05-12 12:42:19 - [MESSAGE][PASSED] - Browser is opened with url: ''

2020-05-12 12:42:19 - [TEST_STEP][PASSED] - ctdc.utilities.runtestcaseforKatalon.browserDriver(""): ctdc.utilities.runtestcaseforKatalon.browserDriver is PASSED

2020-05-12 12:42:19 - [MESSAGE][PASSED] - ctdc.utilities.runtestcaseforKatalon.browserDriver is PASSED

2020-05-12 12:42:19 - [TEST_STEP][PASSED] - ctdc.utilities.runtestcaseforKatalon.RunKatalon("TC10_Canine_Filter_Diagnosis-LymphGranulo.xlsx"): Data loaded from input file for the test case. 

2020-05-12 12:42:19 - [MESSAGE][PASSED] - Test case file loaded This is the full filepath after converting to string :C:\Users\radhakrishnang2\Desktop\Commons_Automation\InputFiles\TC10_Canine_Filter_Diagnosis-LymphGranulo.xlsx

2020-05-12 12:42:19 - [MESSAGE][INFO] - Global variable set for password file is :  C:\Users\radhakrishnang2\Desktop\Commons_Automation\InputFiles\TC10_Canine_Filter_Diagnosis-LymphGranulo.xlsx

2020-05-12 12:42:19 - [MESSAGE][PASSED] - Data loaded from input file for the test case. 

2020-05-12 12:42:22 - [TEST_STEP][PASSED] - click(findTestObject("Object Repository/Canine/Canine_Cases_Btn")): Object: 'Object Repository/Canine/Canine_Cases_Btn' is clicked on

2020-05-12 12:42:22 - [MESSAGE][PASSED] - Object: 'Object Repository/Canine/Canine_Cases_Btn' is clicked on

2020-05-12 12:42:22 - [TEST_STEP][PASSED] - click(findTestObject("Object Repository/Canine/Filter/Diagnosis/DIAGNOSIS_Ddn")): Object: 'Object Repository/Canine/Filter/Diagnosis/DIAGNOSIS_Ddn' is clicked on

2020-05-12 12:42:24 - [MESSAGE][PASSED] - Object: 'Object Repository/Canine/Filter/Diagnosis/DIAGNOSIS_Ddn' is clicked on

2020-05-12 12:42:24 - [TEST_STEP][PASSED] - click(findTestObject("Object Repository/Canine/Filter/Diagnosis/LymphoGranulo_Chkbx")): Object: 'Object Repository/Canine/Filter/Diagnosis/LymphoGranulo_Chkbx' is clicked on

2020-05-12 12:42:24 - [MESSAGE][PASSED] - Object: 'Object Repository/Canine/Filter/Diagnosis/LymphoGranulo_Chkbx' is clicked on

2020-05-12 12:42:24 - [TEST_STEP][PASSED] - ctdc.utilities.runtestcaseforKatalon.ReadCasesTableKatalon("Object Repository/Canine/Canine_CasesTable", "Object Repository/Canine/Canine_TableHeader", "Object Repository/Canine/Canine_NextBtn"): ctdc.utilities.runtestcaseforKatalon.ReadCasesTableKatalon is PASSED

2020-05-12 12:42:26 - [MESSAGE][PASSED] - ctdc.utilities.runtestcaseforKatalon.ReadCasesTableKatalon is PASSED

2020-05-12 12:42:26 - [TEST_STEP][PASSED] - ctdc.utilities.ReadExcel.Neo4j(): ctdc.utilities.ReadExcel.Neo4j is PASSED

2020-05-12 12:42:29 - [MESSAGE][PASSED] - ctdc.utilities.ReadExcel.Neo4j is PASSED

2020-05-12 12:42:29 - [TEST_STEP][PASSED] - ctdc.utilities.runtestcaseforKatalon.compareLists(): ctdc.utilities.runtestcaseforKatalon.compareLists is PASSED

2020-05-12 12:42:29 - [MESSAGE][PASSED] - ctdc.utilities.runtestcaseforKatalon.compareLists is PASSED

2020-05-12 12:42:31 - [TEST_STEP][PASSED] - Video: Video recording for test case 'Test Cases/Canine_TestCases/Diagnosis/TC10_Canine_Filter_Diagnosis-LymphGranulo' .

2020-05-12 12:42:31 - [MESSAGE][INFO] - Video recording for test case 'Test Cases/Canine_TestCases/Diagnosis/TC10_Canine_Filter_Diagnosis-LymphGranulo' .
[[ATTACHMENT|C:\\Users\\radhakrishnang2\\Desktop\\Commons_Automation\\Reports\\20200512_122313\\Canine_TestSuite\\20200512_122313/videos\\test_56.avi]]]]></system-out>
         <system-err><![CDATA[]]></system-err>
      </testcase>
      <testcase name="Test Cases/Canine_TestCases/Diagnosis/TC11_Canine_Filter_Diagnosis-MaligLymph" time="16.172" classname="Test Cases/Canine_TestCases/Diagnosis/TC11_Canine_Filter_Diagnosis-MaligLymph" status="PASSED">
         <system-out><![CDATA[2020-05-12 12:42:31 - [TEST_CASE][PASSED] - Test Cases/Canine_TestCases/Diagnosis/TC11_Canine_Filter_Diagnosis-MaligLymph: Test Cases/Canine_TestCases/Diagnosis/TC11_Canine_Filter_Diagnosis-MaligLymph

2020-05-12 12:42:32 - [TEST_STEP][PASSED] - openBrowser(""): Browser is opened with url: ''

2020-05-12 12:42:32 - [MESSAGE][WARNING] - A browser is already opened. Closing browser and opening a new one

2020-05-12 12:42:33 - [MESSAGE][INFO] - Starting 'Firefox (headless)' driver

2020-05-12 12:42:36 - [MESSAGE][PASSED] - Browser is opened with url: ''

2020-05-12 12:42:36 - [TEST_STEP][PASSED] - ctdc.utilities.runtestcaseforKatalon.browserDriver(""): ctdc.utilities.runtestcaseforKatalon.browserDriver is PASSED

2020-05-12 12:42:36 - [MESSAGE][PASSED] - ctdc.utilities.runtestcaseforKatalon.browserDriver is PASSED

2020-05-12 12:42:36 - [TEST_STEP][PASSED] - ctdc.utilities.runtestcaseforKatalon.RunKatalon("TC11_Canine_Filter_Diagnosis-MaligLymph.xlsx"): Data loaded from input file for the test case. 

2020-05-12 12:42:36 - [MESSAGE][PASSED] - Test case file loaded This is the full filepath after converting to string :C:\Users\radhakrishnang2\Desktop\Commons_Automation\InputFiles\TC11_Canine_Filter_Diagnosis-MaligLymph.xlsx

2020-05-12 12:42:36 - [MESSAGE][INFO] - Global variable set for password file is :  C:\Users\radhakrishnang2\Desktop\Commons_Automation\InputFiles\TC11_Canine_Filter_Diagnosis-MaligLymph.xlsx

2020-05-12 12:42:36 - [MESSAGE][PASSED] - Data loaded from input file for the test case. 

2020-05-12 12:42:38 - [TEST_STEP][PASSED] - click(findTestObject("Object Repository/Canine/Canine_Cases_Btn")): Object: 'Object Repository/Canine/Canine_Cases_Btn' is clicked on

2020-05-12 12:42:39 - [MESSAGE][PASSED] - Object: 'Object Repository/Canine/Canine_Cases_Btn' is clicked on

2020-05-12 12:42:39 - [TEST_STEP][PASSED] - click(findTestObject("Object Repository/Canine/Filter/Diagnosis/DIAGNOSIS_Ddn")): Object: 'Object Repository/Canine/Filter/Diagnosis/DIAGNOSIS_Ddn' is clicked on

2020-05-12 12:42:40 - [MESSAGE][PASSED] - Object: 'Object Repository/Canine/Filter/Diagnosis/DIAGNOSIS_Ddn' is clicked on

2020-05-12 12:42:40 - [TEST_STEP][PASSED] - click(findTestObject("Object Repository/Canine/Filter/Diagnosis/MaligLympho_Chkbx")): Object: 'Object Repository/Canine/Filter/Diagnosis/MaligLympho_Chkbx' is clicked on

2020-05-12 12:42:41 - [MESSAGE][PASSED] - Object: 'Object Repository/Canine/Filter/Diagnosis/MaligLympho_Chkbx' is clicked on

2020-05-12 12:42:41 - [TEST_STEP][PASSED] - ctdc.utilities.runtestcaseforKatalon.ReadCasesTableKatalon("Object Repository/Canine/Canine_CasesTable", "Object Repository/Canine/Canine_TableHeader", "Object Repository/Canine/Canine_NextBtn"): ctdc.utilities.runtestcaseforKatalon.ReadCasesTableKatalon is PASSED

2020-05-12 12:42:42 - [MESSAGE][PASSED] - ctdc.utilities.runtestcaseforKatalon.ReadCasesTableKatalon is PASSED

2020-05-12 12:42:42 - [TEST_STEP][PASSED] - ctdc.utilities.ReadExcel.Neo4j(): ctdc.utilities.ReadExcel.Neo4j is PASSED

2020-05-12 12:42:46 - [MESSAGE][PASSED] - ctdc.utilities.ReadExcel.Neo4j is PASSED

2020-05-12 12:42:46 - [TEST_STEP][PASSED] - ctdc.utilities.runtestcaseforKatalon.compareLists(): ctdc.utilities.runtestcaseforKatalon.compareLists is PASSED

2020-05-12 12:42:46 - [MESSAGE][PASSED] - ctdc.utilities.runtestcaseforKatalon.compareLists is PASSED

2020-05-12 12:42:48 - [TEST_STEP][PASSED] - Video: Video recording for test case 'Test Cases/Canine_TestCases/Diagnosis/TC11_Canine_Filter_Diagnosis-MaligLymph' .

2020-05-12 12:42:48 - [MESSAGE][INFO] - Video recording for test case 'Test Cases/Canine_TestCases/Diagnosis/TC11_Canine_Filter_Diagnosis-MaligLymph' .
[[ATTACHMENT|C:\\Users\\radhakrishnang2\\Desktop\\Commons_Automation\\Reports\\20200512_122313\\Canine_TestSuite\\20200512_122313/videos\\test_57.avi]]]]></system-out>
         <system-err><![CDATA[]]></system-err>
      </testcase>
      <testcase name="Test Cases/Canine_TestCases/Diagnosis/TC12_Canine_Filter_Diagnosis-MaligMetastatic" time="16.854" classname="Test Cases/Canine_TestCases/Diagnosis/TC12_Canine_Filter_Diagnosis-MaligMetastatic" status="PASSED">
         <system-out><![CDATA[2020-05-12 12:42:48 - [TEST_CASE][PASSED] - Test Cases/Canine_TestCases/Diagnosis/TC12_Canine_Filter_Diagnosis-MaligMetastatic: Test Cases/Canine_TestCases/Diagnosis/TC12_Canine_Filter_Diagnosis-MaligMetastatic

2020-05-12 12:42:48 - [TEST_STEP][PASSED] - openBrowser(""): Browser is opened with url: ''

2020-05-12 12:42:48 - [MESSAGE][WARNING] - A browser is already opened. Closing browser and opening a new one

2020-05-12 12:42:49 - [MESSAGE][INFO] - Starting 'Firefox (headless)' driver

2020-05-12 12:42:52 - [MESSAGE][PASSED] - Browser is opened with url: ''

2020-05-12 12:42:52 - [TEST_STEP][PASSED] - ctdc.utilities.runtestcaseforKatalon.browserDriver(""): ctdc.utilities.runtestcaseforKatalon.browserDriver is PASSED

2020-05-12 12:42:52 - [MESSAGE][PASSED] - ctdc.utilities.runtestcaseforKatalon.browserDriver is PASSED

2020-05-12 12:42:52 - [TEST_STEP][PASSED] - ctdc.utilities.runtestcaseforKatalon.RunKatalon("TC12_Canine_Filter_Diagnosis-MaligMetastatic.xlsx"): Data loaded from input file for the test case. 

2020-05-12 12:42:52 - [MESSAGE][PASSED] - Test case file loaded This is the full filepath after converting to string :C:\Users\radhakrishnang2\Desktop\Commons_Automation\InputFiles\TC12_Canine_Filter_Diagnosis-MaligMetastatic.xlsx

2020-05-12 12:42:52 - [MESSAGE][INFO] - Global variable set for password file is :  C:\Users\radhakrishnang2\Desktop\Commons_Automation\InputFiles\TC12_Canine_Filter_Diagnosis-MaligMetastatic.xlsx

2020-05-12 12:42:52 - [MESSAGE][PASSED] - Data loaded from input file for the test case. 

2020-05-12 12:42:55 - [TEST_STEP][PASSED] - click(findTestObject("Object Repository/Canine/Canine_Cases_Btn")): Object: 'Object Repository/Canine/Canine_Cases_Btn' is clicked on

2020-05-12 12:42:55 - [MESSAGE][PASSED] - Object: 'Object Repository/Canine/Canine_Cases_Btn' is clicked on

2020-05-12 12:42:55 - [TEST_STEP][PASSED] - click(findTestObject("Object Repository/Canine/Filter/Diagnosis/DIAGNOSIS_Ddn")): Object: 'Object Repository/Canine/Filter/Diagnosis/DIAGNOSIS_Ddn' is clicked on

2020-05-12 12:42:57 - [MESSAGE][PASSED] - Object: 'Object Repository/Canine/Filter/Diagnosis/DIAGNOSIS_Ddn' is clicked on

2020-05-12 12:42:57 - [TEST_STEP][PASSED] - click(findTestObject("Object Repository/Canine/Filter/Diagnosis/MaligNeoMetastatic_Chkbx")): Object: 'Object Repository/Canine/Filter/Diagnosis/MaligNeoMetastatic_Chkbx' is clicked on

2020-05-12 12:42:58 - [MESSAGE][PASSED] - Object: 'Object Repository/Canine/Filter/Diagnosis/MaligNeoMetastatic_Chkbx' is clicked on

2020-05-12 12:42:58 - [TEST_STEP][PASSED] - ctdc.utilities.runtestcaseforKatalon.ReadCasesTableKatalon("Object Repository/Canine/Canine_CasesTable", "Object Repository/Canine/Canine_TableHeader", "Object Repository/Canine/Canine_NextBtn"): ctdc.utilities.runtestcaseforKatalon.ReadCasesTableKatalon is PASSED

2020-05-12 12:42:59 - [MESSAGE][PASSED] - ctdc.utilities.runtestcaseforKatalon.ReadCasesTableKatalon is PASSED

2020-05-12 12:42:59 - [TEST_STEP][PASSED] - ctdc.utilities.ReadExcel.Neo4j(): ctdc.utilities.ReadExcel.Neo4j is PASSED

2020-05-12 12:43:02 - [MESSAGE][PASSED] - ctdc.utilities.ReadExcel.Neo4j is PASSED

2020-05-12 12:43:02 - [TEST_STEP][PASSED] - ctdc.utilities.runtestcaseforKatalon.compareLists(): ctdc.utilities.runtestcaseforKatalon.compareLists is PASSED

2020-05-12 12:43:02 - [MESSAGE][PASSED] - ctdc.utilities.runtestcaseforKatalon.compareLists is PASSED

2020-05-12 12:43:05 - [TEST_STEP][PASSED] - Video: Video recording for test case 'Test Cases/Canine_TestCases/Diagnosis/TC12_Canine_Filter_Diagnosis-MaligMetastatic' .

2020-05-12 12:43:05 - [MESSAGE][INFO] - Video recording for test case 'Test Cases/Canine_TestCases/Diagnosis/TC12_Canine_Filter_Diagnosis-MaligMetastatic' .
[[ATTACHMENT|C:\\Users\\radhakrishnang2\\Desktop\\Commons_Automation\\Reports\\20200512_122313\\Canine_TestSuite\\20200512_122313/videos\\test_58.avi]]]]></system-out>
         <system-err><![CDATA[]]></system-err>
      </testcase>
      <testcase name="Test Cases/Canine_TestCases/Diagnosis/TC13_Canine_Filter_Diagnosis-MaligSingle" time="17.433" classname="Test Cases/Canine_TestCases/Diagnosis/TC13_Canine_Filter_Diagnosis-MaligSingle" status="PASSED">
         <system-out><![CDATA[2020-05-12 12:43:05 - [TEST_CASE][PASSED] - Test Cases/Canine_TestCases/Diagnosis/TC13_Canine_Filter_Diagnosis-MaligSingle: Test Cases/Canine_TestCases/Diagnosis/TC13_Canine_Filter_Diagnosis-MaligSingle

2020-05-12 12:43:05 - [TEST_STEP][PASSED] - openBrowser(""): Browser is opened with url: ''

2020-05-12 12:43:05 - [MESSAGE][WARNING] - A browser is already opened. Closing browser and opening a new one

2020-05-12 12:43:06 - [MESSAGE][INFO] - Starting 'Firefox (headless)' driver

2020-05-12 12:43:09 - [MESSAGE][PASSED] - Browser is opened with url: ''

2020-05-12 12:43:09 - [TEST_STEP][PASSED] - ctdc.utilities.runtestcaseforKatalon.browserDriver(""): ctdc.utilities.runtestcaseforKatalon.browserDriver is PASSED

2020-05-12 12:43:09 - [MESSAGE][PASSED] - ctdc.utilities.runtestcaseforKatalon.browserDriver is PASSED

2020-05-12 12:43:09 - [TEST_STEP][PASSED] - ctdc.utilities.runtestcaseforKatalon.RunKatalon("TC13_Canine_Filter_Diagnosis-MaligSingle.xlsx"): Data loaded from input file for the test case. 

2020-05-12 12:43:09 - [MESSAGE][PASSED] - Test case file loaded This is the full filepath after converting to string :C:\Users\radhakrishnang2\Desktop\Commons_Automation\InputFiles\TC13_Canine_Filter_Diagnosis-MaligSingle.xlsx

2020-05-12 12:43:09 - [MESSAGE][INFO] - Global variable set for password file is :  C:\Users\radhakrishnang2\Desktop\Commons_Automation\InputFiles\TC13_Canine_Filter_Diagnosis-MaligSingle.xlsx

2020-05-12 12:43:09 - [MESSAGE][PASSED] - Data loaded from input file for the test case. 

2020-05-12 12:43:12 - [TEST_STEP][PASSED] - click(findTestObject("Object Repository/Canine/Canine_Cases_Btn")): Object: 'Object Repository/Canine/Canine_Cases_Btn' is clicked on

2020-05-12 12:43:12 - [MESSAGE][PASSED] - Object: 'Object Repository/Canine/Canine_Cases_Btn' is clicked on

2020-05-12 12:43:12 - [TEST_STEP][PASSED] - click(findTestObject("Object Repository/Canine/Filter/Diagnosis/DIAGNOSIS_Ddn")): Object: 'Object Repository/Canine/Filter/Diagnosis/DIAGNOSIS_Ddn' is clicked on

2020-05-12 12:43:14 - [MESSAGE][PASSED] - Object: 'Object Repository/Canine/Filter/Diagnosis/DIAGNOSIS_Ddn' is clicked on

2020-05-12 12:43:14 - [TEST_STEP][PASSED] - click(findTestObject("Object Repository/Canine/Filter/Diagnosis/MaligNeoSingle_Chkbx")): Object: 'Object Repository/Canine/Filter/Diagnosis/MaligNeoSingle_Chkbx' is clicked on

2020-05-12 12:43:14 - [MESSAGE][PASSED] - Object: 'Object Repository/Canine/Filter/Diagnosis/MaligNeoSingle_Chkbx' is clicked on

2020-05-12 12:43:14 - [TEST_STEP][PASSED] - ctdc.utilities.runtestcaseforKatalon.ReadCasesTableKatalon("Object Repository/Canine/Canine_CasesTable", "Object Repository/Canine/Canine_TableHeader", "Object Repository/Canine/Canine_NextBtn"): ctdc.utilities.runtestcaseforKatalon.ReadCasesTableKatalon is PASSED

2020-05-12 12:43:17 - [MESSAGE][PASSED] - ctdc.utilities.runtestcaseforKatalon.ReadCasesTableKatalon is PASSED

2020-05-12 12:43:17 - [TEST_STEP][PASSED] - ctdc.utilities.ReadExcel.Neo4j(): ctdc.utilities.ReadExcel.Neo4j is PASSED

2020-05-12 12:43:20 - [MESSAGE][PASSED] - ctdc.utilities.ReadExcel.Neo4j is PASSED

2020-05-12 12:43:20 - [TEST_STEP][PASSED] - ctdc.utilities.runtestcaseforKatalon.compareLists(): ctdc.utilities.runtestcaseforKatalon.compareLists is PASSED

2020-05-12 12:43:20 - [MESSAGE][PASSED] - ctdc.utilities.runtestcaseforKatalon.compareLists is PASSED

2020-05-12 12:43:22 - [TEST_STEP][PASSED] - Video: Video recording for test case 'Test Cases/Canine_TestCases/Diagnosis/TC13_Canine_Filter_Diagnosis-MaligSingle' .

2020-05-12 12:43:22 - [MESSAGE][INFO] - Video recording for test case 'Test Cases/Canine_TestCases/Diagnosis/TC13_Canine_Filter_Diagnosis-MaligSingle' .
[[ATTACHMENT|C:\\Users\\radhakrishnang2\\Desktop\\Commons_Automation\\Reports\\20200512_122313\\Canine_TestSuite\\20200512_122313/videos\\test_59.avi]]]]></system-out>
         <system-err><![CDATA[]]></system-err>
      </testcase>
      <testcase name="Test Cases/Canine_TestCases/Diagnosis/TC14_Canine_Filter_Diagnosis-MultiLymph" time="16.709" classname="Test Cases/Canine_TestCases/Diagnosis/TC14_Canine_Filter_Diagnosis-MultiLymph" status="PASSED">
         <system-out><![CDATA[2020-05-12 12:43:22 - [TEST_CASE][PASSED] - Test Cases/Canine_TestCases/Diagnosis/TC14_Canine_Filter_Diagnosis-MultiLymph: Test Cases/Canine_TestCases/Diagnosis/TC14_Canine_Filter_Diagnosis-MultiLymph

2020-05-12 12:43:22 - [TEST_STEP][PASSED] - openBrowser(""): Browser is opened with url: ''

2020-05-12 12:43:22 - [MESSAGE][WARNING] - A browser is already opened. Closing browser and opening a new one

2020-05-12 12:43:23 - [MESSAGE][INFO] - Starting 'Firefox (headless)' driver

2020-05-12 12:43:27 - [MESSAGE][PASSED] - Browser is opened with url: ''

2020-05-12 12:43:27 - [TEST_STEP][PASSED] - ctdc.utilities.runtestcaseforKatalon.browserDriver(""): ctdc.utilities.runtestcaseforKatalon.browserDriver is PASSED

2020-05-12 12:43:27 - [MESSAGE][PASSED] - ctdc.utilities.runtestcaseforKatalon.browserDriver is PASSED

2020-05-12 12:43:27 - [TEST_STEP][PASSED] - ctdc.utilities.runtestcaseforKatalon.RunKatalon("TC14_Canine_Filter_Diagnosis-MultiLymph.xlsx"): Data loaded from input file for the test case. 

2020-05-12 12:43:27 - [MESSAGE][PASSED] - Test case file loaded This is the full filepath after converting to string :C:\Users\radhakrishnang2\Desktop\Commons_Automation\InputFiles\TC14_Canine_Filter_Diagnosis-MultiLymph.xlsx

2020-05-12 12:43:27 - [MESSAGE][INFO] - Global variable set for password file is :  C:\Users\radhakrishnang2\Desktop\Commons_Automation\InputFiles\TC14_Canine_Filter_Diagnosis-MultiLymph.xlsx

2020-05-12 12:43:27 - [MESSAGE][PASSED] - Data loaded from input file for the test case. 

2020-05-12 12:43:29 - [TEST_STEP][PASSED] - click(findTestObject("Object Repository/Canine/Canine_Cases_Btn")): Object: 'Object Repository/Canine/Canine_Cases_Btn' is clicked on

2020-05-12 12:43:30 - [MESSAGE][PASSED] - Object: 'Object Repository/Canine/Canine_Cases_Btn' is clicked on

2020-05-12 12:43:30 - [TEST_STEP][PASSED] - click(findTestObject("Object Repository/Canine/Filter/Diagnosis/DIAGNOSIS_Ddn")): Object: 'Object Repository/Canine/Filter/Diagnosis/DIAGNOSIS_Ddn' is clicked on

2020-05-12 12:43:31 - [MESSAGE][PASSED] - Object: 'Object Repository/Canine/Filter/Diagnosis/DIAGNOSIS_Ddn' is clicked on

2020-05-12 12:43:31 - [TEST_STEP][PASSED] - click(findTestObject("Object Repository/Canine/Filter/Diagnosis/MulticenLympho_Chkbx")): Object: 'Object Repository/Canine/Filter/Diagnosis/MulticenLympho_Chkbx' is clicked on

2020-05-12 12:43:32 - [MESSAGE][PASSED] - Object: 'Object Repository/Canine/Filter/Diagnosis/MulticenLympho_Chkbx' is clicked on

2020-05-12 12:43:32 - [TEST_STEP][PASSED] - ctdc.utilities.runtestcaseforKatalon.ReadCasesTableKatalon("Object Repository/Canine/Canine_CasesTable", "Object Repository/Canine/Canine_TableHeader", "Object Repository/Canine/Canine_NextBtn"): ctdc.utilities.runtestcaseforKatalon.ReadCasesTableKatalon is PASSED

2020-05-12 12:43:33 - [MESSAGE][PASSED] - ctdc.utilities.runtestcaseforKatalon.ReadCasesTableKatalon is PASSED

2020-05-12 12:43:33 - [TEST_STEP][PASSED] - ctdc.utilities.ReadExcel.Neo4j(): ctdc.utilities.ReadExcel.Neo4j is PASSED

2020-05-12 12:43:37 - [MESSAGE][PASSED] - ctdc.utilities.ReadExcel.Neo4j is PASSED

2020-05-12 12:43:37 - [TEST_STEP][PASSED] - ctdc.utilities.runtestcaseforKatalon.compareLists(): ctdc.utilities.runtestcaseforKatalon.compareLists is PASSED

2020-05-12 12:43:37 - [MESSAGE][PASSED] - ctdc.utilities.runtestcaseforKatalon.compareLists is PASSED

2020-05-12 12:43:39 - [TEST_STEP][PASSED] - Video: Video recording for test case 'Test Cases/Canine_TestCases/Diagnosis/TC14_Canine_Filter_Diagnosis-MultiLymph' .

2020-05-12 12:43:39 - [MESSAGE][INFO] - Video recording for test case 'Test Cases/Canine_TestCases/Diagnosis/TC14_Canine_Filter_Diagnosis-MultiLymph' .
[[ATTACHMENT|C:\\Users\\radhakrishnang2\\Desktop\\Commons_Automation\\Reports\\20200512_122313\\Canine_TestSuite\\20200512_122313/videos\\test_60.avi]]]]></system-out>
         <system-err><![CDATA[]]></system-err>
      </testcase>
      <testcase name="Test Cases/Canine_TestCases/Diagnosis/TC15_Canine_Filter_Diagnosis-NotSpecified" time="13.48" classname="Test Cases/Canine_TestCases/Diagnosis/TC15_Canine_Filter_Diagnosis-NotSpecified" status="FAILED">
         <failure type="FAILED" message="Test Cases/Canine_TestCases/Diagnosis/TC15_Canine_Filter_Diagnosis-NotSpecified FAILED.
Reason:
com.kms.katalon.core.exception.StepFailedException: Unable to click on object 'Object Repository/Canine/Filter/Diagnosis/NotSpecified_Chkbx'
	at com.kms.katalon.core.webui.keyword.internal.WebUIKeywordMain.stepFailed(WebUIKeywordMain.groovy:64)
	at com.kms.katalon.core.webui.keyword.internal.WebUIKeywordMain.runKeyword(WebUIKeywordMain.groovy:26)
	at com.kms.katalon.core.webui.keyword.builtin.ClickKeyword.click(ClickKeyword.groovy:76)
	at com.kms.katalon.core.webui.keyword.builtin.ClickKeyword.execute(ClickKeyword.groovy:43)
	at com.kms.katalon.core.keyword.internal.KeywordExecutor.executeKeywordForPlatform(KeywordExecutor.groovy:72)
	at com.kms.katalon.core.webui.keyword.WebUiBuiltInKeywords.click(WebUiBuiltInKeywords.groovy:616)
	at com.kms.katalon.core.webui.keyword.WebUiBuiltInKeywords$click$0.call(Unknown Source)
	at TC15_Canine_Filter_Diagnosis-NotSpecified.run(TC15_Canine_Filter_Diagnosis-NotSpecified:51)
	at com.kms.katalon.core.main.ScriptEngine.run(ScriptEngine.java:194)
	at com.kms.katalon.core.main.ScriptEngine.runScriptAsRawText(ScriptEngine.java:119)
	at com.kms.katalon.core.main.TestCaseExecutor.runScript(TestCaseExecutor.java:337)
	at com.kms.katalon.core.main.TestCaseExecutor.doExecute(TestCaseExecutor.java:328)
	at com.kms.katalon.core.main.TestCaseExecutor.processExecutionPhase(TestCaseExecutor.java:307)
	at com.kms.katalon.core.main.TestCaseExecutor.accessMainPhase(TestCaseExecutor.java:299)
	at com.kms.katalon.core.main.TestCaseExecutor.execute(TestCaseExecutor.java:233)
	at com.kms.katalon.core.main.TestSuiteExecutor.accessTestCaseMainPhase(TestSuiteExecutor.java:169)
	at com.kms.katalon.core.main.TestSuiteExecutor.accessTestSuiteMainPhase(TestSuiteExecutor.java:142)
	at com.kms.katalon.core.main.TestSuiteExecutor.execute(TestSuiteExecutor.java:91)
	at com.kms.katalon.core.main.TestCaseMain.startTestSuite(TestCaseMain.java:157)
	at com.kms.katalon.core.main.TestCaseMain$startTestSuite$0.call(Unknown Source)
	at TempTestSuite1589311393960.run(TempTestSuite1589311393960.groovy:36)
Caused by: org.openqa.selenium.ElementNotInteractableException: Element &lt;span class=&quot;jss91&quot;> could not be scrolled into view
Build info: version: '3.141.59', revision: 'e82be7d358', time: '2018-11-14T08:25:53'
System info: host: 'NCI-02150368-L', ip: '10.243.143.95', os.name: 'Windows 10', os.arch: 'amd64', os.version: '10.0', java.version: '1.8.0_181'
Driver info: com.kms.katalon.core.webui.driver.firefox.CGeckoDriver
Capabilities {acceptInsecureCerts: true, browserName: firefox, browserVersion: 68.8.0, javascriptEnabled: true, moz:accessibilityChecks: false, moz:buildID: 20200429190206, moz:geckodriverVersion: 0.23.0, moz:headless: true, moz:processID: 8800, moz:profile: C:\Users\radhakrishnang2\Ap..., moz:shutdownTimeout: 60000, moz:useNonSpecCompliantPointerOrigin: false, moz:webdriverClick: true, pageLoadStrategy: normal, platform: WINDOWS, platformName: WINDOWS, platformVersion: 10.0, proxy: Proxy(direct), rotatable: false, setWindowRect: true, strictFileInteractability: false, timeouts: {implicit: 0, pageLoad: 300000, script: 30000}, unhandledPromptBehavior: dismiss and notify}
Session ID: dddcbb5a-58bd-42f2-a249-1ae72c6121d3
	at org.openqa.selenium.remote.http.W3CHttpResponseCodec.createException(W3CHttpResponseCodec.java:187)
	at org.openqa.selenium.remote.http.W3CHttpResponseCodec.decode(W3CHttpResponseCodec.java:122)
	at org.openqa.selenium.remote.http.W3CHttpResponseCodec.decode(W3CHttpResponseCodec.java:49)
	at org.openqa.selenium.remote.HttpCommandExecutor.execute(HttpCommandExecutor.java:158)
	at org.openqa.selenium.remote.service.DriverCommandExecutor.execute(DriverCommandExecutor.java:83)
	at org.openqa.selenium.remote.RemoteWebDriver.execute(RemoteWebDriver.java:552)
	at com.kms.katalon.selenium.driver.CFirefoxDriver.execute(CFirefoxDriver.java:27)
	at org.openqa.selenium.remote.RemoteWebElement.execute(RemoteWebElement.java:285)
	at org.openqa.selenium.remote.RemoteWebElement.click(RemoteWebElement.java:84)
	at org.openqa.selenium.support.events.EventFiringWebDriver$EventFiringWebElement.lambda$new$0(EventFiringWebDriver.java:404)
	at com.sun.proxy.$Proxy12.click(Unknown Source)
	at org.openqa.selenium.support.events.EventFiringWebDriver$EventFiringWebElement.click(EventFiringWebDriver.java:417)
	at com.kms.katalon.core.webui.keyword.builtin.ClickKeyword$_click_closure1.doCall(ClickKeyword.groovy:69)
	at com.kms.katalon.core.webui.keyword.builtin.ClickKeyword$_click_closure1.call(ClickKeyword.groovy)
	at com.kms.katalon.core.webui.keyword.internal.WebUIKeywordMain.runKeyword(WebUIKeywordMain.groovy:20)
	... 19 more
"/>
         <system-out><![CDATA[2020-05-12 12:43:39 - [TEST_CASE][FAILED] - Test Cases/Canine_TestCases/Diagnosis/TC15_Canine_Filter_Diagnosis-NotSpecified: Test Cases/Canine_TestCases/Diagnosis/TC15_Canine_Filter_Diagnosis-NotSpecified FAILED.
Reason:
com.kms.katalon.core.exception.StepFailedException: Unable to click on object 'Object Repository/Canine/Filter/Diagnosis/NotSpecified_Chkbx'
	at com.kms.katalon.core.webui.keyword.internal.WebUIKeywordMain.stepFailed(WebUIKeywordMain.groovy:64)
	at com.kms.katalon.core.webui.keyword.internal.WebUIKeywordMain.runKeyword(WebUIKeywordMain.groovy:26)
	at com.kms.katalon.core.webui.keyword.builtin.ClickKeyword.click(ClickKeyword.groovy:76)
	at com.kms.katalon.core.webui.keyword.builtin.ClickKeyword.execute(ClickKeyword.groovy:43)
	at com.kms.katalon.core.keyword.internal.KeywordExecutor.executeKeywordForPlatform(KeywordExecutor.groovy:72)
	at com.kms.katalon.core.webui.keyword.WebUiBuiltInKeywords.click(WebUiBuiltInKeywords.groovy:616)
	at com.kms.katalon.core.webui.keyword.WebUiBuiltInKeywords$click$0.call(Unknown Source)
	at TC15_Canine_Filter_Diagnosis-NotSpecified.run(TC15_Canine_Filter_Diagnosis-NotSpecified:51)
	at com.kms.katalon.core.main.ScriptEngine.run(ScriptEngine.java:194)
	at com.kms.katalon.core.main.ScriptEngine.runScriptAsRawText(ScriptEngine.java:119)
	at com.kms.katalon.core.main.TestCaseExecutor.runScript(TestCaseExecutor.java:337)
	at com.kms.katalon.core.main.TestCaseExecutor.doExecute(TestCaseExecutor.java:328)
	at com.kms.katalon.core.main.TestCaseExecutor.processExecutionPhase(TestCaseExecutor.java:307)
	at com.kms.katalon.core.main.TestCaseExecutor.accessMainPhase(TestCaseExecutor.java:299)
	at com.kms.katalon.core.main.TestCaseExecutor.execute(TestCaseExecutor.java:233)
	at com.kms.katalon.core.main.TestSuiteExecutor.accessTestCaseMainPhase(TestSuiteExecutor.java:169)
	at com.kms.katalon.core.main.TestSuiteExecutor.accessTestSuiteMainPhase(TestSuiteExecutor.java:142)
	at com.kms.katalon.core.main.TestSuiteExecutor.execute(TestSuiteExecutor.java:91)
	at com.kms.katalon.core.main.TestCaseMain.startTestSuite(TestCaseMain.java:157)
	at com.kms.katalon.core.main.TestCaseMain$startTestSuite$0.call(Unknown Source)
	at TempTestSuite1589311393960.run(TempTestSuite1589311393960.groovy:36)
Caused by: org.openqa.selenium.ElementNotInteractableException: Element <span class="jss91"> could not be scrolled into view
Build info: version: '3.141.59', revision: 'e82be7d358', time: '2018-11-14T08:25:53'
System info: host: 'NCI-02150368-L', ip: '10.243.143.95', os.name: 'Windows 10', os.arch: 'amd64', os.version: '10.0', java.version: '1.8.0_181'
Driver info: com.kms.katalon.core.webui.driver.firefox.CGeckoDriver
Capabilities {acceptInsecureCerts: true, browserName: firefox, browserVersion: 68.8.0, javascriptEnabled: true, moz:accessibilityChecks: false, moz:buildID: 20200429190206, moz:geckodriverVersion: 0.23.0, moz:headless: true, moz:processID: 8800, moz:profile: C:\Users\radhakrishnang2\Ap..., moz:shutdownTimeout: 60000, moz:useNonSpecCompliantPointerOrigin: false, moz:webdriverClick: true, pageLoadStrategy: normal, platform: WINDOWS, platformName: WINDOWS, platformVersion: 10.0, proxy: Proxy(direct), rotatable: false, setWindowRect: true, strictFileInteractability: false, timeouts: {implicit: 0, pageLoad: 300000, script: 30000}, unhandledPromptBehavior: dismiss and notify}
Session ID: dddcbb5a-58bd-42f2-a249-1ae72c6121d3
	at org.openqa.selenium.remote.http.W3CHttpResponseCodec.createException(W3CHttpResponseCodec.java:187)
	at org.openqa.selenium.remote.http.W3CHttpResponseCodec.decode(W3CHttpResponseCodec.java:122)
	at org.openqa.selenium.remote.http.W3CHttpResponseCodec.decode(W3CHttpResponseCodec.java:49)
	at org.openqa.selenium.remote.HttpCommandExecutor.execute(HttpCommandExecutor.java:158)
	at org.openqa.selenium.remote.service.DriverCommandExecutor.execute(DriverCommandExecutor.java:83)
	at org.openqa.selenium.remote.RemoteWebDriver.execute(RemoteWebDriver.java:552)
	at com.kms.katalon.selenium.driver.CFirefoxDriver.execute(CFirefoxDriver.java:27)
	at org.openqa.selenium.remote.RemoteWebElement.execute(RemoteWebElement.java:285)
	at org.openqa.selenium.remote.RemoteWebElement.click(RemoteWebElement.java:84)
	at org.openqa.selenium.support.events.EventFiringWebDriver$EventFiringWebElement.lambda$new$0(EventFiringWebDriver.java:404)
	at com.sun.proxy.$Proxy12.click(Unknown Source)
	at org.openqa.selenium.support.events.EventFiringWebDriver$EventFiringWebElement.click(EventFiringWebDriver.java:417)
	at com.kms.katalon.core.webui.keyword.builtin.ClickKeyword$_click_closure1.doCall(ClickKeyword.groovy:69)
	at com.kms.katalon.core.webui.keyword.builtin.ClickKeyword$_click_closure1.call(ClickKeyword.groovy)
	at com.kms.katalon.core.webui.keyword.internal.WebUIKeywordMain.runKeyword(WebUIKeywordMain.groovy:20)
	... 19 more


2020-05-12 12:43:39 - [TEST_STEP][PASSED] - openBrowser(""): Browser is opened with url: ''

2020-05-12 12:43:39 - [MESSAGE][WARNING] - A browser is already opened. Closing browser and opening a new one

2020-05-12 12:43:40 - [MESSAGE][INFO] - Starting 'Firefox (headless)' driver

2020-05-12 12:43:43 - [MESSAGE][PASSED] - Browser is opened with url: ''

2020-05-12 12:43:43 - [TEST_STEP][PASSED] - ctdc.utilities.runtestcaseforKatalon.browserDriver(""): ctdc.utilities.runtestcaseforKatalon.browserDriver is PASSED

2020-05-12 12:43:43 - [MESSAGE][PASSED] - ctdc.utilities.runtestcaseforKatalon.browserDriver is PASSED

2020-05-12 12:43:43 - [TEST_STEP][PASSED] - ctdc.utilities.runtestcaseforKatalon.RunKatalon("TC15_Canine_Filter_Diagnosis-NotSpecified.xlsx"): Data loaded from input file for the test case. 

2020-05-12 12:43:43 - [MESSAGE][PASSED] - Test case file loaded This is the full filepath after converting to string :C:\Users\radhakrishnang2\Desktop\Commons_Automation\InputFiles\TC15_Canine_Filter_Diagnosis-NotSpecified.xlsx

2020-05-12 12:43:43 - [MESSAGE][INFO] - Global variable set for password file is :  C:\Users\radhakrishnang2\Desktop\Commons_Automation\InputFiles\TC15_Canine_Filter_Diagnosis-NotSpecified.xlsx

2020-05-12 12:43:43 - [MESSAGE][PASSED] - Data loaded from input file for the test case. 

2020-05-12 12:43:48 - [TEST_STEP][PASSED] - click(findTestObject("Object Repository/Canine/Canine_Cases_Btn")): Object: 'Object Repository/Canine/Canine_Cases_Btn' is clicked on

2020-05-12 12:43:48 - [MESSAGE][PASSED] - Object: 'Object Repository/Canine/Canine_Cases_Btn' is clicked on

2020-05-12 12:43:48 - [TEST_STEP][PASSED] - click(findTestObject("Object Repository/Canine/Filter/Diagnosis/DIAGNOSIS_Ddn")): Object: 'Object Repository/Canine/Filter/Diagnosis/DIAGNOSIS_Ddn' is clicked on

2020-05-12 12:43:50 - [MESSAGE][PASSED] - Object: 'Object Repository/Canine/Filter/Diagnosis/DIAGNOSIS_Ddn' is clicked on

2020-05-12 12:43:50 - [TEST_STEP][FAILED] - click(findTestObject("Object Repository/Canine/Filter/Diagnosis/NotSpecified_Chkbx")): Unable to click on object 'Object Repository/Canine/Filter/Diagnosis/NotSpecified_Chkbx' (Root cause: com.kms.katalon.core.exception.StepFailedException: Unable to click on object 'Object Repository/Canine/Filter/Diagnosis/NotSpecified_Chkbx'
	at com.kms.katalon.core.webui.keyword.internal.WebUIKeywordMain.stepFailed(WebUIKeywordMain.groovy:64)
	at com.kms.katalon.core.webui.keyword.internal.WebUIKeywordMain.runKeyword(WebUIKeywordMain.groovy:26)
	at com.kms.katalon.core.webui.keyword.builtin.ClickKeyword.click(ClickKeyword.groovy:76)
	at com.kms.katalon.core.webui.keyword.builtin.ClickKeyword.execute(ClickKeyword.groovy:43)
	at com.kms.katalon.core.keyword.internal.KeywordExecutor.executeKeywordForPlatform(KeywordExecutor.groovy:72)
	at com.kms.katalon.core.webui.keyword.WebUiBuiltInKeywords.click(WebUiBuiltInKeywords.groovy:616)
	at com.kms.katalon.core.webui.keyword.WebUiBuiltInKeywords$click$0.call(Unknown Source)
	at TC15_Canine_Filter_Diagnosis-NotSpecified.run(TC15_Canine_Filter_Diagnosis-NotSpecified:51)
	at com.kms.katalon.core.main.ScriptEngine.run(ScriptEngine.java:194)
	at com.kms.katalon.core.main.ScriptEngine.runScriptAsRawText(ScriptEngine.java:119)
	at com.kms.katalon.core.main.TestCaseExecutor.runScript(TestCaseExecutor.java:337)
	at com.kms.katalon.core.main.TestCaseExecutor.doExecute(TestCaseExecutor.java:328)
	at com.kms.katalon.core.main.TestCaseExecutor.processExecutionPhase(TestCaseExecutor.java:307)
	at com.kms.katalon.core.main.TestCaseExecutor.accessMainPhase(TestCaseExecutor.java:299)
	at com.kms.katalon.core.main.TestCaseExecutor.execute(TestCaseExecutor.java:233)
	at com.kms.katalon.core.main.TestSuiteExecutor.accessTestCaseMainPhase(TestSuiteExecutor.java:169)
	at com.kms.katalon.core.main.TestSuiteExecutor.accessTestSuiteMainPhase(TestSuiteExecutor.java:142)
	at com.kms.katalon.core.main.TestSuiteExecutor.execute(TestSuiteExecutor.java:91)
	at com.kms.katalon.core.main.TestCaseMain.startTestSuite(TestCaseMain.java:157)
	at com.kms.katalon.core.main.TestCaseMain$startTestSuite$0.call(Unknown Source)
	at TempTestSuite1589311393960.run(TempTestSuite1589311393960.groovy:36)
Caused by: org.openqa.selenium.ElementNotInteractableException: Element <span class="jss91"> could not be scrolled into view
Build info: version: '3.141.59', revision: 'e82be7d358', time: '2018-11-14T08:25:53'
System info: host: 'NCI-02150368-L', ip: '10.243.143.95', os.name: 'Windows 10', os.arch: 'amd64', os.version: '10.0', java.version: '1.8.0_181'
Driver info: com.kms.katalon.core.webui.driver.firefox.CGeckoDriver
Capabilities {acceptInsecureCerts: true, browserName: firefox, browserVersion: 68.8.0, javascriptEnabled: true, moz:accessibilityChecks: false, moz:buildID: 20200429190206, moz:geckodriverVersion: 0.23.0, moz:headless: true, moz:processID: 8800, moz:profile: C:\Users\radhakrishnang2\Ap..., moz:shutdownTimeout: 60000, moz:useNonSpecCompliantPointerOrigin: false, moz:webdriverClick: true, pageLoadStrategy: normal, platform: WINDOWS, platformName: WINDOWS, platformVersion: 10.0, proxy: Proxy(direct), rotatable: false, setWindowRect: true, strictFileInteractability: false, timeouts: {implicit: 0, pageLoad: 300000, script: 30000}, unhandledPromptBehavior: dismiss and notify}
Session ID: dddcbb5a-58bd-42f2-a249-1ae72c6121d3
	at org.openqa.selenium.remote.http.W3CHttpResponseCodec.createException(W3CHttpResponseCodec.java:187)
	at org.openqa.selenium.remote.http.W3CHttpResponseCodec.decode(W3CHttpResponseCodec.java:122)
	at org.openqa.selenium.remote.http.W3CHttpResponseCodec.decode(W3CHttpResponseCodec.java:49)
	at org.openqa.selenium.remote.HttpCommandExecutor.execute(HttpCommandExecutor.java:158)
	at org.openqa.selenium.remote.service.DriverCommandExecutor.execute(DriverCommandExecutor.java:83)
	at org.openqa.selenium.remote.RemoteWebDriver.execute(RemoteWebDriver.java:552)
	at com.kms.katalon.selenium.driver.CFirefoxDriver.execute(CFirefoxDriver.java:27)
	at org.openqa.selenium.remote.RemoteWebElement.execute(RemoteWebElement.java:285)
	at org.openqa.selenium.remote.RemoteWebElement.click(RemoteWebElement.java:84)
	at org.openqa.selenium.support.events.EventFiringWebDriver$EventFiringWebElement.lambda$new$0(EventFiringWebDriver.java:404)
	at com.sun.proxy.$Proxy12.click(Unknown Source)
	at org.openqa.selenium.support.events.EventFiringWebDriver$EventFiringWebElement.click(EventFiringWebDriver.java:417)
	at com.kms.katalon.core.webui.keyword.builtin.ClickKeyword$_click_closure1.doCall(ClickKeyword.groovy:69)
	at com.kms.katalon.core.webui.keyword.builtin.ClickKeyword$_click_closure1.call(ClickKeyword.groovy)
	at com.kms.katalon.core.webui.keyword.internal.WebUIKeywordMain.runKeyword(WebUIKeywordMain.groovy:20)
	at com.kms.katalon.core.webui.keyword.builtin.ClickKeyword.click(ClickKeyword.groovy:76)
	at com.kms.katalon.core.webui.keyword.builtin.ClickKeyword.execute(ClickKeyword.groovy:43)
	at com.kms.katalon.core.keyword.internal.KeywordExecutor.executeKeywordForPlatform(KeywordExecutor.groovy:72)
	at com.kms.katalon.core.webui.keyword.WebUiBuiltInKeywords.click(WebUiBuiltInKeywords.groovy:616)
	at com.kms.katalon.core.webui.keyword.WebUiBuiltInKeywords$click$0.call(Unknown Source)
	at Script1589153472656.run(Script1589153472656.groovy:51)
	... 13 more
)

2020-05-12 12:43:50 - [MESSAGE][FAILED] - Unable to click on object 'Object Repository/Canine/Filter/Diagnosis/NotSpecified_Chkbx' (Root cause: com.kms.katalon.core.exception.StepFailedException: Unable to click on object 'Object Repository/Canine/Filter/Diagnosis/NotSpecified_Chkbx'
	at com.kms.katalon.core.webui.keyword.internal.WebUIKeywordMain.stepFailed(WebUIKeywordMain.groovy:64)
	at com.kms.katalon.core.webui.keyword.internal.WebUIKeywordMain.runKeyword(WebUIKeywordMain.groovy:26)
	at com.kms.katalon.core.webui.keyword.builtin.ClickKeyword.click(ClickKeyword.groovy:76)
	at com.kms.katalon.core.webui.keyword.builtin.ClickKeyword.execute(ClickKeyword.groovy:43)
	at com.kms.katalon.core.keyword.internal.KeywordExecutor.executeKeywordForPlatform(KeywordExecutor.groovy:72)
	at com.kms.katalon.core.webui.keyword.WebUiBuiltInKeywords.click(WebUiBuiltInKeywords.groovy:616)
	at com.kms.katalon.core.webui.keyword.WebUiBuiltInKeywords$click$0.call(Unknown Source)
	at TC15_Canine_Filter_Diagnosis-NotSpecified.run(TC15_Canine_Filter_Diagnosis-NotSpecified:51)
	at com.kms.katalon.core.main.ScriptEngine.run(ScriptEngine.java:194)
	at com.kms.katalon.core.main.ScriptEngine.runScriptAsRawText(ScriptEngine.java:119)
	at com.kms.katalon.core.main.TestCaseExecutor.runScript(TestCaseExecutor.java:337)
	at com.kms.katalon.core.main.TestCaseExecutor.doExecute(TestCaseExecutor.java:328)
	at com.kms.katalon.core.main.TestCaseExecutor.processExecutionPhase(TestCaseExecutor.java:307)
	at com.kms.katalon.core.main.TestCaseExecutor.accessMainPhase(TestCaseExecutor.java:299)
	at com.kms.katalon.core.main.TestCaseExecutor.execute(TestCaseExecutor.java:233)
	at com.kms.katalon.core.main.TestSuiteExecutor.accessTestCaseMainPhase(TestSuiteExecutor.java:169)
	at com.kms.katalon.core.main.TestSuiteExecutor.accessTestSuiteMainPhase(TestSuiteExecutor.java:142)
	at com.kms.katalon.core.main.TestSuiteExecutor.execute(TestSuiteExecutor.java:91)
	at com.kms.katalon.core.main.TestCaseMain.startTestSuite(TestCaseMain.java:157)
	at com.kms.katalon.core.main.TestCaseMain$startTestSuite$0.call(Unknown Source)
	at TempTestSuite1589311393960.run(TempTestSuite1589311393960.groovy:36)
Caused by: org.openqa.selenium.ElementNotInteractableException: Element <span class="jss91"> could not be scrolled into view
Build info: version: '3.141.59', revision: 'e82be7d358', time: '2018-11-14T08:25:53'
System info: host: 'NCI-02150368-L', ip: '10.243.143.95', os.name: 'Windows 10', os.arch: 'amd64', os.version: '10.0', java.version: '1.8.0_181'
Driver info: com.kms.katalon.core.webui.driver.firefox.CGeckoDriver
Capabilities {acceptInsecureCerts: true, browserName: firefox, browserVersion: 68.8.0, javascriptEnabled: true, moz:accessibilityChecks: false, moz:buildID: 20200429190206, moz:geckodriverVersion: 0.23.0, moz:headless: true, moz:processID: 8800, moz:profile: C:\Users\radhakrishnang2\Ap..., moz:shutdownTimeout: 60000, moz:useNonSpecCompliantPointerOrigin: false, moz:webdriverClick: true, pageLoadStrategy: normal, platform: WINDOWS, platformName: WINDOWS, platformVersion: 10.0, proxy: Proxy(direct), rotatable: false, setWindowRect: true, strictFileInteractability: false, timeouts: {implicit: 0, pageLoad: 300000, script: 30000}, unhandledPromptBehavior: dismiss and notify}
Session ID: dddcbb5a-58bd-42f2-a249-1ae72c6121d3
	at org.openqa.selenium.remote.http.W3CHttpResponseCodec.createException(W3CHttpResponseCodec.java:187)
	at org.openqa.selenium.remote.http.W3CHttpResponseCodec.decode(W3CHttpResponseCodec.java:122)
	at org.openqa.selenium.remote.http.W3CHttpResponseCodec.decode(W3CHttpResponseCodec.java:49)
	at org.openqa.selenium.remote.HttpCommandExecutor.execute(HttpCommandExecutor.java:158)
	at org.openqa.selenium.remote.service.DriverCommandExecutor.execute(DriverCommandExecutor.java:83)
	at org.openqa.selenium.remote.RemoteWebDriver.execute(RemoteWebDriver.java:552)
	at com.kms.katalon.selenium.driver.CFirefoxDriver.execute(CFirefoxDriver.java:27)
	at org.openqa.selenium.remote.RemoteWebElement.execute(RemoteWebElement.java:285)
	at org.openqa.selenium.remote.RemoteWebElement.click(RemoteWebElement.java:84)
	at org.openqa.selenium.support.events.EventFiringWebDriver$EventFiringWebElement.lambda$new$0(EventFiringWebDriver.java:404)
	at com.sun.proxy.$Proxy12.click(Unknown Source)
	at org.openqa.selenium.support.events.EventFiringWebDriver$EventFiringWebElement.click(EventFiringWebDriver.java:417)
	at com.kms.katalon.core.webui.keyword.builtin.ClickKeyword$_click_closure1.doCall(ClickKeyword.groovy:69)
	at com.kms.katalon.core.webui.keyword.builtin.ClickKeyword$_click_closure1.call(ClickKeyword.groovy)
	at com.kms.katalon.core.webui.keyword.internal.WebUIKeywordMain.runKeyword(WebUIKeywordMain.groovy:20)
	at com.kms.katalon.core.webui.keyword.builtin.ClickKeyword.click(ClickKeyword.groovy:76)
	at com.kms.katalon.core.webui.keyword.builtin.ClickKeyword.execute(ClickKeyword.groovy:43)
	at com.kms.katalon.core.keyword.internal.KeywordExecutor.executeKeywordForPlatform(KeywordExecutor.groovy:72)
	at com.kms.katalon.core.webui.keyword.WebUiBuiltInKeywords.click(WebUiBuiltInKeywords.groovy:616)
	at com.kms.katalon.core.webui.keyword.WebUiBuiltInKeywords$click$0.call(Unknown Source)
	at Script1589153472656.run(Script1589153472656.groovy:51)
	... 13 more
)
[[ATTACHMENT|C:\\Users\\radhakrishnang2\\Desktop\\Commons_Automation\\Reports\\20200512_122313\\Canine_TestSuite\\20200512_122313\\1589312630488.png]]

2020-05-12 12:43:52 - [TEST_STEP][PASSED] - Video: Video recording for test case 'Test Cases/Canine_TestCases/Diagnosis/TC15_Canine_Filter_Diagnosis-NotSpecified' .

2020-05-12 12:43:52 - [MESSAGE][INFO] - Video recording for test case 'Test Cases/Canine_TestCases/Diagnosis/TC15_Canine_Filter_Diagnosis-NotSpecified' .
[[ATTACHMENT|C:\\Users\\radhakrishnang2\\Desktop\\Commons_Automation\\Reports\\20200512_122313\\Canine_TestSuite\\20200512_122313/videos\\test_61.avi]]]]></system-out>
         <system-err><![CDATA[2020-05-12 12:43:39 - [TEST_CASE][FAILED] - Test Cases/Canine_TestCases/Diagnosis/TC15_Canine_Filter_Diagnosis-NotSpecified: Test Cases/Canine_TestCases/Diagnosis/TC15_Canine_Filter_Diagnosis-NotSpecified FAILED.
Reason:
com.kms.katalon.core.exception.StepFailedException: Unable to click on object 'Object Repository/Canine/Filter/Diagnosis/NotSpecified_Chkbx'
	at com.kms.katalon.core.webui.keyword.internal.WebUIKeywordMain.stepFailed(WebUIKeywordMain.groovy:64)
	at com.kms.katalon.core.webui.keyword.internal.WebUIKeywordMain.runKeyword(WebUIKeywordMain.groovy:26)
	at com.kms.katalon.core.webui.keyword.builtin.ClickKeyword.click(ClickKeyword.groovy:76)
	at com.kms.katalon.core.webui.keyword.builtin.ClickKeyword.execute(ClickKeyword.groovy:43)
	at com.kms.katalon.core.keyword.internal.KeywordExecutor.executeKeywordForPlatform(KeywordExecutor.groovy:72)
	at com.kms.katalon.core.webui.keyword.WebUiBuiltInKeywords.click(WebUiBuiltInKeywords.groovy:616)
	at com.kms.katalon.core.webui.keyword.WebUiBuiltInKeywords$click$0.call(Unknown Source)
	at TC15_Canine_Filter_Diagnosis-NotSpecified.run(TC15_Canine_Filter_Diagnosis-NotSpecified:51)
	at com.kms.katalon.core.main.ScriptEngine.run(ScriptEngine.java:194)
	at com.kms.katalon.core.main.ScriptEngine.runScriptAsRawText(ScriptEngine.java:119)
	at com.kms.katalon.core.main.TestCaseExecutor.runScript(TestCaseExecutor.java:337)
	at com.kms.katalon.core.main.TestCaseExecutor.doExecute(TestCaseExecutor.java:328)
	at com.kms.katalon.core.main.TestCaseExecutor.processExecutionPhase(TestCaseExecutor.java:307)
	at com.kms.katalon.core.main.TestCaseExecutor.accessMainPhase(TestCaseExecutor.java:299)
	at com.kms.katalon.core.main.TestCaseExecutor.execute(TestCaseExecutor.java:233)
	at com.kms.katalon.core.main.TestSuiteExecutor.accessTestCaseMainPhase(TestSuiteExecutor.java:169)
	at com.kms.katalon.core.main.TestSuiteExecutor.accessTestSuiteMainPhase(TestSuiteExecutor.java:142)
	at com.kms.katalon.core.main.TestSuiteExecutor.execute(TestSuiteExecutor.java:91)
	at com.kms.katalon.core.main.TestCaseMain.startTestSuite(TestCaseMain.java:157)
	at com.kms.katalon.core.main.TestCaseMain$startTestSuite$0.call(Unknown Source)
	at TempTestSuite1589311393960.run(TempTestSuite1589311393960.groovy:36)
Caused by: org.openqa.selenium.ElementNotInteractableException: Element <span class="jss91"> could not be scrolled into view
Build info: version: '3.141.59', revision: 'e82be7d358', time: '2018-11-14T08:25:53'
System info: host: 'NCI-02150368-L', ip: '10.243.143.95', os.name: 'Windows 10', os.arch: 'amd64', os.version: '10.0', java.version: '1.8.0_181'
Driver info: com.kms.katalon.core.webui.driver.firefox.CGeckoDriver
Capabilities {acceptInsecureCerts: true, browserName: firefox, browserVersion: 68.8.0, javascriptEnabled: true, moz:accessibilityChecks: false, moz:buildID: 20200429190206, moz:geckodriverVersion: 0.23.0, moz:headless: true, moz:processID: 8800, moz:profile: C:\Users\radhakrishnang2\Ap..., moz:shutdownTimeout: 60000, moz:useNonSpecCompliantPointerOrigin: false, moz:webdriverClick: true, pageLoadStrategy: normal, platform: WINDOWS, platformName: WINDOWS, platformVersion: 10.0, proxy: Proxy(direct), rotatable: false, setWindowRect: true, strictFileInteractability: false, timeouts: {implicit: 0, pageLoad: 300000, script: 30000}, unhandledPromptBehavior: dismiss and notify}
Session ID: dddcbb5a-58bd-42f2-a249-1ae72c6121d3
	at org.openqa.selenium.remote.http.W3CHttpResponseCodec.createException(W3CHttpResponseCodec.java:187)
	at org.openqa.selenium.remote.http.W3CHttpResponseCodec.decode(W3CHttpResponseCodec.java:122)
	at org.openqa.selenium.remote.http.W3CHttpResponseCodec.decode(W3CHttpResponseCodec.java:49)
	at org.openqa.selenium.remote.HttpCommandExecutor.execute(HttpCommandExecutor.java:158)
	at org.openqa.selenium.remote.service.DriverCommandExecutor.execute(DriverCommandExecutor.java:83)
	at org.openqa.selenium.remote.RemoteWebDriver.execute(RemoteWebDriver.java:552)
	at com.kms.katalon.selenium.driver.CFirefoxDriver.execute(CFirefoxDriver.java:27)
	at org.openqa.selenium.remote.RemoteWebElement.execute(RemoteWebElement.java:285)
	at org.openqa.selenium.remote.RemoteWebElement.click(RemoteWebElement.java:84)
	at org.openqa.selenium.support.events.EventFiringWebDriver$EventFiringWebElement.lambda$new$0(EventFiringWebDriver.java:404)
	at com.sun.proxy.$Proxy12.click(Unknown Source)
	at org.openqa.selenium.support.events.EventFiringWebDriver$EventFiringWebElement.click(EventFiringWebDriver.java:417)
	at com.kms.katalon.core.webui.keyword.builtin.ClickKeyword$_click_closure1.doCall(ClickKeyword.groovy:69)
	at com.kms.katalon.core.webui.keyword.builtin.ClickKeyword$_click_closure1.call(ClickKeyword.groovy)
	at com.kms.katalon.core.webui.keyword.internal.WebUIKeywordMain.runKeyword(WebUIKeywordMain.groovy:20)
	... 19 more]]></system-err>
      </testcase>
      <testcase name="Test Cases/Canine_TestCases/Diagnosis/TC16_Canine_Filter_Diagnosis-RespCarci" time="18.358" classname="Test Cases/Canine_TestCases/Diagnosis/TC16_Canine_Filter_Diagnosis-RespCarci" status="PASSED">
         <system-out><![CDATA[2020-05-12 12:43:52 - [TEST_CASE][PASSED] - Test Cases/Canine_TestCases/Diagnosis/TC16_Canine_Filter_Diagnosis-RespCarci: Test Cases/Canine_TestCases/Diagnosis/TC16_Canine_Filter_Diagnosis-RespCarci

2020-05-12 12:43:53 - [TEST_STEP][PASSED] - openBrowser(""): Browser is opened with url: ''

2020-05-12 12:43:53 - [MESSAGE][WARNING] - A browser is already opened. Closing browser and opening a new one

2020-05-12 12:43:54 - [MESSAGE][INFO] - Starting 'Firefox (headless)' driver

2020-05-12 12:43:57 - [MESSAGE][PASSED] - Browser is opened with url: ''

2020-05-12 12:43:57 - [TEST_STEP][PASSED] - ctdc.utilities.runtestcaseforKatalon.browserDriver(""): ctdc.utilities.runtestcaseforKatalon.browserDriver is PASSED

2020-05-12 12:43:57 - [MESSAGE][PASSED] - ctdc.utilities.runtestcaseforKatalon.browserDriver is PASSED

2020-05-12 12:43:57 - [TEST_STEP][PASSED] - ctdc.utilities.runtestcaseforKatalon.RunKatalon("TC16_Canine_Filter_Diagnosis-RespCarci.xlsx"): Data loaded from input file for the test case. 

2020-05-12 12:43:57 - [MESSAGE][PASSED] - Test case file loaded This is the full filepath after converting to string :C:\Users\radhakrishnang2\Desktop\Commons_Automation\InputFiles\TC16_Canine_Filter_Diagnosis-RespCarci.xlsx

2020-05-12 12:43:57 - [MESSAGE][INFO] - Global variable set for password file is :  C:\Users\radhakrishnang2\Desktop\Commons_Automation\InputFiles\TC16_Canine_Filter_Diagnosis-RespCarci.xlsx

2020-05-12 12:43:57 - [MESSAGE][PASSED] - Data loaded from input file for the test case. 

2020-05-12 12:44:02 - [TEST_STEP][PASSED] - click(findTestObject("Object Repository/Canine/Canine_Cases_Btn")): Object: 'Object Repository/Canine/Canine_Cases_Btn' is clicked on

2020-05-12 12:44:02 - [MESSAGE][PASSED] - Object: 'Object Repository/Canine/Canine_Cases_Btn' is clicked on

2020-05-12 12:44:02 - [TEST_STEP][PASSED] - click(findTestObject("Object Repository/Canine/Filter/Diagnosis/DIAGNOSIS_Ddn")): Object: 'Object Repository/Canine/Filter/Diagnosis/DIAGNOSIS_Ddn' is clicked on

2020-05-12 12:44:04 - [MESSAGE][PASSED] - Object: 'Object Repository/Canine/Filter/Diagnosis/DIAGNOSIS_Ddn' is clicked on

2020-05-12 12:44:04 - [TEST_STEP][PASSED] - click(findTestObject("Object Repository/Canine/Filter/Diagnosis/RespiratoryCarci_Chkbx")): Object: 'Object Repository/Canine/Filter/Diagnosis/RespiratoryCarci_Chkbx' is clicked on

2020-05-12 12:44:05 - [MESSAGE][PASSED] - Object: 'Object Repository/Canine/Filter/Diagnosis/RespiratoryCarci_Chkbx' is clicked on

2020-05-12 12:44:05 - [TEST_STEP][PASSED] - ctdc.utilities.runtestcaseforKatalon.ReadCasesTableKatalon("Object Repository/Canine/Canine_CasesTable", "Object Repository/Canine/Canine_TableHeader", "Object Repository/Canine/Canine_NextBtn"): ctdc.utilities.runtestcaseforKatalon.ReadCasesTableKatalon is PASSED

2020-05-12 12:44:05 - [MESSAGE][PASSED] - ctdc.utilities.runtestcaseforKatalon.ReadCasesTableKatalon is PASSED

2020-05-12 12:44:05 - [TEST_STEP][PASSED] - ctdc.utilities.ReadExcel.Neo4j(): ctdc.utilities.ReadExcel.Neo4j is PASSED

2020-05-12 12:44:08 - [MESSAGE][PASSED] - ctdc.utilities.ReadExcel.Neo4j is PASSED

2020-05-12 12:44:08 - [TEST_STEP][PASSED] - ctdc.utilities.runtestcaseforKatalon.compareLists(): ctdc.utilities.runtestcaseforKatalon.compareLists is PASSED

2020-05-12 12:44:08 - [MESSAGE][PASSED] - ctdc.utilities.runtestcaseforKatalon.compareLists is PASSED

2020-05-12 12:44:11 - [TEST_STEP][PASSED] - Video: Video recording for test case 'Test Cases/Canine_TestCases/Diagnosis/TC16_Canine_Filter_Diagnosis-RespCarci' .

2020-05-12 12:44:11 - [MESSAGE][INFO] - Video recording for test case 'Test Cases/Canine_TestCases/Diagnosis/TC16_Canine_Filter_Diagnosis-RespCarci' .
[[ATTACHMENT|C:\\Users\\radhakrishnang2\\Desktop\\Commons_Automation\\Reports\\20200512_122313\\Canine_TestSuite\\20200512_122313/videos\\test_62.avi]]]]></system-out>
         <system-err><![CDATA[]]></system-err>
      </testcase>
      <testcase name="Test Cases/Canine_TestCases/Diagnosis/TC17_Canine_Filter_Diagnosis-RespCarciStg2" time="16.965" classname="Test Cases/Canine_TestCases/Diagnosis/TC17_Canine_Filter_Diagnosis-RespCarciStg2" status="PASSED">
         <system-out><![CDATA[2020-05-12 12:44:11 - [TEST_CASE][PASSED] - Test Cases/Canine_TestCases/Diagnosis/TC17_Canine_Filter_Diagnosis-RespCarciStg2: Test Cases/Canine_TestCases/Diagnosis/TC17_Canine_Filter_Diagnosis-RespCarciStg2

2020-05-12 12:44:11 - [TEST_STEP][PASSED] - openBrowser(""): Browser is opened with url: ''

2020-05-12 12:44:11 - [MESSAGE][WARNING] - A browser is already opened. Closing browser and opening a new one

2020-05-12 12:44:12 - [MESSAGE][INFO] - Starting 'Firefox (headless)' driver

2020-05-12 12:44:15 - [MESSAGE][PASSED] - Browser is opened with url: ''

2020-05-12 12:44:15 - [TEST_STEP][PASSED] - ctdc.utilities.runtestcaseforKatalon.browserDriver(""): ctdc.utilities.runtestcaseforKatalon.browserDriver is PASSED

2020-05-12 12:44:15 - [MESSAGE][PASSED] - ctdc.utilities.runtestcaseforKatalon.browserDriver is PASSED

2020-05-12 12:44:15 - [TEST_STEP][PASSED] - ctdc.utilities.runtestcaseforKatalon.RunKatalon("TC17_Canine_Filter_Diagnosis-RespCarciStg2.xlsx"): Data loaded from input file for the test case. 

2020-05-12 12:44:15 - [MESSAGE][PASSED] - Test case file loaded This is the full filepath after converting to string :C:\Users\radhakrishnang2\Desktop\Commons_Automation\InputFiles\TC17_Canine_Filter_Diagnosis-RespCarciStg2.xlsx

2020-05-12 12:44:15 - [MESSAGE][INFO] - Global variable set for password file is :  C:\Users\radhakrishnang2\Desktop\Commons_Automation\InputFiles\TC17_Canine_Filter_Diagnosis-RespCarciStg2.xlsx

2020-05-12 12:44:15 - [MESSAGE][PASSED] - Data loaded from input file for the test case. 

2020-05-12 12:44:19 - [TEST_STEP][PASSED] - click(findTestObject("Object Repository/Canine/Canine_Cases_Btn")): Object: 'Object Repository/Canine/Canine_Cases_Btn' is clicked on

2020-05-12 12:44:19 - [MESSAGE][PASSED] - Object: 'Object Repository/Canine/Canine_Cases_Btn' is clicked on

2020-05-12 12:44:19 - [TEST_STEP][PASSED] - click(findTestObject("Object Repository/Canine/Filter/Diagnosis/DIAGNOSIS_Ddn")): Object: 'Object Repository/Canine/Filter/Diagnosis/DIAGNOSIS_Ddn' is clicked on

2020-05-12 12:44:21 - [MESSAGE][PASSED] - Object: 'Object Repository/Canine/Filter/Diagnosis/DIAGNOSIS_Ddn' is clicked on

2020-05-12 12:44:21 - [TEST_STEP][PASSED] - click(findTestObject("Object Repository/Canine/Filter/Diagnosis/RespiratoryCarciStg2_Chkbx")): Object: 'Object Repository/Canine/Filter/Diagnosis/RespiratoryCarciStg2_Chkbx' is clicked on

2020-05-12 12:44:21 - [MESSAGE][PASSED] - Object: 'Object Repository/Canine/Filter/Diagnosis/RespiratoryCarciStg2_Chkbx' is clicked on

2020-05-12 12:44:21 - [TEST_STEP][PASSED] - ctdc.utilities.runtestcaseforKatalon.ReadCasesTableKatalon("Object Repository/Canine/Canine_CasesTable", "Object Repository/Canine/Canine_TableHeader", "Object Repository/Canine/Canine_NextBtn"): ctdc.utilities.runtestcaseforKatalon.ReadCasesTableKatalon is PASSED

2020-05-12 12:44:22 - [MESSAGE][PASSED] - ctdc.utilities.runtestcaseforKatalon.ReadCasesTableKatalon is PASSED

2020-05-12 12:44:22 - [TEST_STEP][PASSED] - ctdc.utilities.ReadExcel.Neo4j(): ctdc.utilities.ReadExcel.Neo4j is PASSED

2020-05-12 12:44:25 - [MESSAGE][PASSED] - ctdc.utilities.ReadExcel.Neo4j is PASSED

2020-05-12 12:44:25 - [TEST_STEP][PASSED] - ctdc.utilities.runtestcaseforKatalon.compareLists(): ctdc.utilities.runtestcaseforKatalon.compareLists is PASSED

2020-05-12 12:44:25 - [MESSAGE][PASSED] - ctdc.utilities.runtestcaseforKatalon.compareLists is PASSED

2020-05-12 12:44:27 - [TEST_STEP][PASSED] - Video: Video recording for test case 'Test Cases/Canine_TestCases/Diagnosis/TC17_Canine_Filter_Diagnosis-RespCarciStg2' .

2020-05-12 12:44:27 - [MESSAGE][INFO] - Video recording for test case 'Test Cases/Canine_TestCases/Diagnosis/TC17_Canine_Filter_Diagnosis-RespCarciStg2' .
[[ATTACHMENT|C:\\Users\\radhakrishnang2\\Desktop\\Commons_Automation\\Reports\\20200512_122313\\Canine_TestSuite\\20200512_122313/videos\\test_63.avi]]]]></system-out>
         <system-err><![CDATA[]]></system-err>
      </testcase>
      <testcase name="Test Cases/Canine_TestCases/Diagnosis/TC18_Canine_Filter_Diagnosis-RespCarciStg3" time="18.688" classname="Test Cases/Canine_TestCases/Diagnosis/TC18_Canine_Filter_Diagnosis-RespCarciStg3" status="PASSED">
         <system-out><![CDATA[2020-05-12 12:44:27 - [TEST_CASE][PASSED] - Test Cases/Canine_TestCases/Diagnosis/TC18_Canine_Filter_Diagnosis-RespCarciStg3: Test Cases/Canine_TestCases/Diagnosis/TC18_Canine_Filter_Diagnosis-RespCarciStg3

2020-05-12 12:44:28 - [TEST_STEP][PASSED] - openBrowser(""): Browser is opened with url: ''

2020-05-12 12:44:28 - [MESSAGE][WARNING] - A browser is already opened. Closing browser and opening a new one

2020-05-12 12:44:29 - [MESSAGE][INFO] - Starting 'Firefox (headless)' driver

2020-05-12 12:44:32 - [MESSAGE][PASSED] - Browser is opened with url: ''

2020-05-12 12:44:32 - [TEST_STEP][PASSED] - ctdc.utilities.runtestcaseforKatalon.browserDriver(""): ctdc.utilities.runtestcaseforKatalon.browserDriver is PASSED

2020-05-12 12:44:32 - [MESSAGE][PASSED] - ctdc.utilities.runtestcaseforKatalon.browserDriver is PASSED

2020-05-12 12:44:32 - [TEST_STEP][PASSED] - ctdc.utilities.runtestcaseforKatalon.RunKatalon("TC18_Canine_Filter_Diagnosis-RespCarciStg3.xlsx"): Data loaded from input file for the test case. 

2020-05-12 12:44:32 - [MESSAGE][PASSED] - Test case file loaded This is the full filepath after converting to string :C:\Users\radhakrishnang2\Desktop\Commons_Automation\InputFiles\TC18_Canine_Filter_Diagnosis-RespCarciStg3.xlsx

2020-05-12 12:44:32 - [MESSAGE][INFO] - Global variable set for password file is :  C:\Users\radhakrishnang2\Desktop\Commons_Automation\InputFiles\TC18_Canine_Filter_Diagnosis-RespCarciStg3.xlsx

2020-05-12 12:44:32 - [MESSAGE][PASSED] - Data loaded from input file for the test case. 

2020-05-12 12:44:35 - [TEST_STEP][PASSED] - click(findTestObject("Object Repository/Canine/Canine_Cases_Btn")): Object: 'Object Repository/Canine/Canine_Cases_Btn' is clicked on

2020-05-12 12:44:35 - [MESSAGE][PASSED] - Object: 'Object Repository/Canine/Canine_Cases_Btn' is clicked on

2020-05-12 12:44:35 - [TEST_STEP][PASSED] - click(findTestObject("Object Repository/Canine/Filter/Diagnosis/DIAGNOSIS_Ddn")): Object: 'Object Repository/Canine/Filter/Diagnosis/DIAGNOSIS_Ddn' is clicked on

2020-05-12 12:44:37 - [MESSAGE][PASSED] - Object: 'Object Repository/Canine/Filter/Diagnosis/DIAGNOSIS_Ddn' is clicked on

2020-05-12 12:44:37 - [TEST_STEP][PASSED] - click(findTestObject("Object Repository/Canine/Filter/Diagnosis/RespiratoryCarciStg3_Chkbx")): Object: 'Object Repository/Canine/Filter/Diagnosis/RespiratoryCarciStg3_Chkbx' is clicked on

2020-05-12 12:44:38 - [MESSAGE][PASSED] - Object: 'Object Repository/Canine/Filter/Diagnosis/RespiratoryCarciStg3_Chkbx' is clicked on

2020-05-12 12:44:38 - [TEST_STEP][PASSED] - ctdc.utilities.runtestcaseforKatalon.ReadCasesTableKatalon("Object Repository/Canine/Canine_CasesTable", "Object Repository/Canine/Canine_TableHeader", "Object Repository/Canine/Canine_NextBtn"): ctdc.utilities.runtestcaseforKatalon.ReadCasesTableKatalon is PASSED

2020-05-12 12:44:41 - [MESSAGE][PASSED] - ctdc.utilities.runtestcaseforKatalon.ReadCasesTableKatalon is PASSED

2020-05-12 12:44:41 - [TEST_STEP][PASSED] - ctdc.utilities.ReadExcel.Neo4j(): ctdc.utilities.ReadExcel.Neo4j is PASSED

2020-05-12 12:44:44 - [MESSAGE][PASSED] - ctdc.utilities.ReadExcel.Neo4j is PASSED

2020-05-12 12:44:44 - [TEST_STEP][PASSED] - ctdc.utilities.runtestcaseforKatalon.compareLists(): ctdc.utilities.runtestcaseforKatalon.compareLists is PASSED

2020-05-12 12:44:44 - [MESSAGE][PASSED] - ctdc.utilities.runtestcaseforKatalon.compareLists is PASSED

2020-05-12 12:44:46 - [TEST_STEP][PASSED] - Video: Video recording for test case 'Test Cases/Canine_TestCases/Diagnosis/TC18_Canine_Filter_Diagnosis-RespCarciStg3' .

2020-05-12 12:44:46 - [MESSAGE][INFO] - Video recording for test case 'Test Cases/Canine_TestCases/Diagnosis/TC18_Canine_Filter_Diagnosis-RespCarciStg3' .
[[ATTACHMENT|C:\\Users\\radhakrishnang2\\Desktop\\Commons_Automation\\Reports\\20200512_122313\\Canine_TestSuite\\20200512_122313/videos\\test_64.avi]]]]></system-out>
         <system-err><![CDATA[]]></system-err>
      </testcase>
      <testcase name="Test Cases/Canine_TestCases/Diagnosis/TC19_Canine_Filter_Diagnosis-RespCarciStg4" time="17.317" classname="Test Cases/Canine_TestCases/Diagnosis/TC19_Canine_Filter_Diagnosis-RespCarciStg4" status="PASSED">
         <system-out><![CDATA[2020-05-12 12:44:46 - [TEST_CASE][PASSED] - Test Cases/Canine_TestCases/Diagnosis/TC19_Canine_Filter_Diagnosis-RespCarciStg4: Test Cases/Canine_TestCases/Diagnosis/TC19_Canine_Filter_Diagnosis-RespCarciStg4

2020-05-12 12:44:47 - [TEST_STEP][PASSED] - openBrowser(""): Browser is opened with url: ''

2020-05-12 12:44:47 - [MESSAGE][WARNING] - A browser is already opened. Closing browser and opening a new one

2020-05-12 12:44:48 - [MESSAGE][INFO] - Starting 'Firefox (headless)' driver

2020-05-12 12:44:52 - [MESSAGE][PASSED] - Browser is opened with url: ''

2020-05-12 12:44:52 - [TEST_STEP][PASSED] - ctdc.utilities.runtestcaseforKatalon.browserDriver(""): ctdc.utilities.runtestcaseforKatalon.browserDriver is PASSED

2020-05-12 12:44:52 - [MESSAGE][PASSED] - ctdc.utilities.runtestcaseforKatalon.browserDriver is PASSED

2020-05-12 12:44:52 - [TEST_STEP][PASSED] - ctdc.utilities.runtestcaseforKatalon.RunKatalon("TC19_Canine_Filter_Diagnosis-RespCarciStg4.xlsx"): Data loaded from input file for the test case. 

2020-05-12 12:44:52 - [MESSAGE][PASSED] - Test case file loaded This is the full filepath after converting to string :C:\Users\radhakrishnang2\Desktop\Commons_Automation\InputFiles\TC19_Canine_Filter_Diagnosis-RespCarciStg4.xlsx

2020-05-12 12:44:52 - [MESSAGE][INFO] - Global variable set for password file is :  C:\Users\radhakrishnang2\Desktop\Commons_Automation\InputFiles\TC19_Canine_Filter_Diagnosis-RespCarciStg4.xlsx

2020-05-12 12:44:52 - [MESSAGE][PASSED] - Data loaded from input file for the test case. 

2020-05-12 12:44:54 - [TEST_STEP][PASSED] - click(findTestObject("Object Repository/Canine/Canine_Cases_Btn")): Object: 'Object Repository/Canine/Canine_Cases_Btn' is clicked on

2020-05-12 12:44:55 - [MESSAGE][PASSED] - Object: 'Object Repository/Canine/Canine_Cases_Btn' is clicked on

2020-05-12 12:44:55 - [TEST_STEP][PASSED] - click(findTestObject("Object Repository/Canine/Filter/Diagnosis/DIAGNOSIS_Ddn")): Object: 'Object Repository/Canine/Filter/Diagnosis/DIAGNOSIS_Ddn' is clicked on

2020-05-12 12:44:56 - [MESSAGE][PASSED] - Object: 'Object Repository/Canine/Filter/Diagnosis/DIAGNOSIS_Ddn' is clicked on

2020-05-12 12:44:56 - [TEST_STEP][PASSED] - click(findTestObject("Object Repository/Canine/Filter/Diagnosis/RespiratoryCarciStg4_Chkbx")): Object: 'Object Repository/Canine/Filter/Diagnosis/RespiratoryCarciStg4_Chkbx' is clicked on

2020-05-12 12:44:57 - [MESSAGE][PASSED] - Object: 'Object Repository/Canine/Filter/Diagnosis/RespiratoryCarciStg4_Chkbx' is clicked on

2020-05-12 12:44:57 - [TEST_STEP][PASSED] - ctdc.utilities.runtestcaseforKatalon.ReadCasesTableKatalon("Object Repository/Canine/Canine_CasesTable", "Object Repository/Canine/Canine_TableHeader", "Object Repository/Canine/Canine_NextBtn"): ctdc.utilities.runtestcaseforKatalon.ReadCasesTableKatalon is PASSED

2020-05-12 12:44:58 - [MESSAGE][PASSED] - ctdc.utilities.runtestcaseforKatalon.ReadCasesTableKatalon is PASSED

2020-05-12 12:44:58 - [TEST_STEP][PASSED] - ctdc.utilities.ReadExcel.Neo4j(): ctdc.utilities.ReadExcel.Neo4j is PASSED

2020-05-12 12:45:01 - [MESSAGE][PASSED] - ctdc.utilities.ReadExcel.Neo4j is PASSED

2020-05-12 12:45:01 - [TEST_STEP][PASSED] - ctdc.utilities.runtestcaseforKatalon.compareLists(): ctdc.utilities.runtestcaseforKatalon.compareLists is PASSED

2020-05-12 12:45:01 - [MESSAGE][PASSED] - ctdc.utilities.runtestcaseforKatalon.compareLists is PASSED

2020-05-12 12:45:03 - [TEST_STEP][PASSED] - Video: Video recording for test case 'Test Cases/Canine_TestCases/Diagnosis/TC19_Canine_Filter_Diagnosis-RespCarciStg4' .

2020-05-12 12:45:03 - [MESSAGE][INFO] - Video recording for test case 'Test Cases/Canine_TestCases/Diagnosis/TC19_Canine_Filter_Diagnosis-RespCarciStg4' .
[[ATTACHMENT|C:\\Users\\radhakrishnang2\\Desktop\\Commons_Automation\\Reports\\20200512_122313\\Canine_TestSuite\\20200512_122313/videos\\test_65.avi]]]]></system-out>
         <system-err><![CDATA[]]></system-err>
      </testcase>
      <testcase name="Test Cases/Canine_TestCases/Diagnosis/TC20_Canine_Filter_Diagnosis-RespCarciStg5" time="23.515" classname="Test Cases/Canine_TestCases/Diagnosis/TC20_Canine_Filter_Diagnosis-RespCarciStg5" status="PASSED">
         <system-out><![CDATA[2020-05-12 12:45:04 - [TEST_CASE][PASSED] - Test Cases/Canine_TestCases/Diagnosis/TC20_Canine_Filter_Diagnosis-RespCarciStg5: Test Cases/Canine_TestCases/Diagnosis/TC20_Canine_Filter_Diagnosis-RespCarciStg5

2020-05-12 12:45:04 - [TEST_STEP][PASSED] - openBrowser(""): Browser is opened with url: ''

2020-05-12 12:45:04 - [MESSAGE][WARNING] - A browser is already opened. Closing browser and opening a new one

2020-05-12 12:45:05 - [MESSAGE][INFO] - Starting 'Firefox (headless)' driver

2020-05-12 12:45:08 - [MESSAGE][PASSED] - Browser is opened with url: ''

2020-05-12 12:45:08 - [TEST_STEP][PASSED] - ctdc.utilities.runtestcaseforKatalon.browserDriver(""): ctdc.utilities.runtestcaseforKatalon.browserDriver is PASSED

2020-05-12 12:45:08 - [MESSAGE][PASSED] - ctdc.utilities.runtestcaseforKatalon.browserDriver is PASSED

2020-05-12 12:45:08 - [TEST_STEP][PASSED] - ctdc.utilities.runtestcaseforKatalon.RunKatalon("TC01_Canine_Filter_Gender-CastratedMale.xlsx"): Data loaded from input file for the test case. 

2020-05-12 12:45:08 - [MESSAGE][PASSED] - Test case file loaded This is the full filepath after converting to string :C:\Users\radhakrishnang2\Desktop\Commons_Automation\InputFiles\TC01_Canine_Filter_Gender-CastratedMale.xlsx

2020-05-12 12:45:08 - [MESSAGE][INFO] - Global variable set for password file is :  C:\Users\radhakrishnang2\Desktop\Commons_Automation\InputFiles\TC01_Canine_Filter_Gender-CastratedMale.xlsx

2020-05-12 12:45:08 - [MESSAGE][PASSED] - Data loaded from input file for the test case. 

2020-05-12 12:45:11 - [TEST_STEP][PASSED] - click(findTestObject("Object Repository/Canine/Canine_Cases_Btn")): Object: 'Object Repository/Canine/Canine_Cases_Btn' is clicked on

2020-05-12 12:45:11 - [MESSAGE][PASSED] - Object: 'Object Repository/Canine/Canine_Cases_Btn' is clicked on

2020-05-12 12:45:11 - [TEST_STEP][PASSED] - click(findTestObject("Object Repository/Canine/Filter/Gender/GENDER_Ddn")): Object: 'Object Repository/Canine/Filter/Gender/GENDER_Ddn' is clicked on

2020-05-12 12:45:13 - [MESSAGE][PASSED] - Object: 'Object Repository/Canine/Filter/Gender/GENDER_Ddn' is clicked on

2020-05-12 12:45:13 - [TEST_STEP][PASSED] - click(findTestObject("Object Repository/Canine/Filter/Gender/CastratedMale_Chkbx")): Object: 'Object Repository/Canine/Filter/Gender/CastratedMale_Chkbx' is clicked on

2020-05-12 12:45:14 - [MESSAGE][PASSED] - Object: 'Object Repository/Canine/Filter/Gender/CastratedMale_Chkbx' is clicked on

2020-05-12 12:45:14 - [TEST_STEP][PASSED] - ctdc.utilities.runtestcaseforKatalon.ReadCasesTableKatalon("Object Repository/Canine/Canine_CasesTable", "Object Repository/Canine/Canine_TableHeader", "Object Repository/Canine/Canine_NextBtn"): ctdc.utilities.runtestcaseforKatalon.ReadCasesTableKatalon is PASSED

2020-05-12 12:45:22 - [MESSAGE][PASSED] - ctdc.utilities.runtestcaseforKatalon.ReadCasesTableKatalon is PASSED

2020-05-12 12:45:22 - [TEST_STEP][PASSED] - ctdc.utilities.ReadExcel.Neo4j(): ctdc.utilities.ReadExcel.Neo4j is PASSED

2020-05-12 12:45:25 - [MESSAGE][PASSED] - ctdc.utilities.ReadExcel.Neo4j is PASSED

2020-05-12 12:45:25 - [TEST_STEP][PASSED] - ctdc.utilities.runtestcaseforKatalon.compareLists(): ctdc.utilities.runtestcaseforKatalon.compareLists is PASSED

2020-05-12 12:45:25 - [MESSAGE][PASSED] - ctdc.utilities.runtestcaseforKatalon.compareLists is PASSED

2020-05-12 12:45:27 - [TEST_STEP][PASSED] - Video: Video recording for test case 'Test Cases/Canine_TestCases/Diagnosis/TC20_Canine_Filter_Diagnosis-RespCarciStg5' .

2020-05-12 12:45:27 - [MESSAGE][INFO] - Video recording for test case 'Test Cases/Canine_TestCases/Diagnosis/TC20_Canine_Filter_Diagnosis-RespCarciStg5' .
[[ATTACHMENT|C:\\Users\\radhakrishnang2\\Desktop\\Commons_Automation\\Reports\\20200512_122313\\Canine_TestSuite\\20200512_122313/videos\\test_66.avi]]]]></system-out>
         <system-err><![CDATA[]]></system-err>
      </testcase>
      <testcase name="Test Cases/Canine_TestCases/Gender/TC01_Canine_Filter_Gender-CastratedMale" time="31.849" classname="Test Cases/Canine_TestCases/Gender/TC01_Canine_Filter_Gender-CastratedMale" status="PASSED">
         <system-out><![CDATA[2020-05-12 12:45:27 - [TEST_CASE][PASSED] - Test Cases/Canine_TestCases/Gender/TC01_Canine_Filter_Gender-CastratedMale: Test Cases/Canine_TestCases/Gender/TC01_Canine_Filter_Gender-CastratedMale

2020-05-12 12:45:27 - [TEST_STEP][PASSED] - openBrowser(""): Browser is opened with url: ''

2020-05-12 12:45:27 - [MESSAGE][WARNING] - A browser is already opened. Closing browser and opening a new one

2020-05-12 12:45:28 - [MESSAGE][INFO] - Starting 'Firefox (headless)' driver

2020-05-12 12:45:31 - [MESSAGE][PASSED] - Browser is opened with url: ''

2020-05-12 12:45:31 - [TEST_STEP][PASSED] - ctdc.utilities.runtestcaseforKatalon.browserDriver(""): ctdc.utilities.runtestcaseforKatalon.browserDriver is PASSED

2020-05-12 12:45:31 - [MESSAGE][PASSED] - ctdc.utilities.runtestcaseforKatalon.browserDriver is PASSED

2020-05-12 12:45:31 - [TEST_STEP][PASSED] - ctdc.utilities.runtestcaseforKatalon.RunKatalon("TC01_Canine_Filter_Gender-CastratedMale.xlsx"): Data loaded from input file for the test case. 

2020-05-12 12:45:31 - [MESSAGE][PASSED] - Test case file loaded This is the full filepath after converting to string :C:\Users\radhakrishnang2\Desktop\Commons_Automation\InputFiles\TC01_Canine_Filter_Gender-CastratedMale.xlsx

2020-05-12 12:45:31 - [MESSAGE][INFO] - Global variable set for password file is :  C:\Users\radhakrishnang2\Desktop\Commons_Automation\InputFiles\TC01_Canine_Filter_Gender-CastratedMale.xlsx

2020-05-12 12:45:31 - [MESSAGE][PASSED] - Data loaded from input file for the test case. 

2020-05-12 12:45:43 - [TEST_STEP][PASSED] - click(findTestObject("Object Repository/Canine/Canine_Cases_Btn")): Object: 'Object Repository/Canine/Canine_Cases_Btn' is clicked on

2020-05-12 12:45:43 - [MESSAGE][PASSED] - Object: 'Object Repository/Canine/Canine_Cases_Btn' is clicked on

2020-05-12 12:45:43 - [TEST_STEP][PASSED] - click(findTestObject("Object Repository/Canine/Filter/Gender/GENDER_Ddn")): Object: 'Object Repository/Canine/Filter/Gender/GENDER_Ddn' is clicked on

2020-05-12 12:45:45 - [MESSAGE][PASSED] - Object: 'Object Repository/Canine/Filter/Gender/GENDER_Ddn' is clicked on

2020-05-12 12:45:45 - [TEST_STEP][PASSED] - click(findTestObject("Object Repository/Canine/Filter/Gender/CastratedMale_Chkbx")): Object: 'Object Repository/Canine/Filter/Gender/CastratedMale_Chkbx' is clicked on

2020-05-12 12:45:46 - [MESSAGE][PASSED] - Object: 'Object Repository/Canine/Filter/Gender/CastratedMale_Chkbx' is clicked on

2020-05-12 12:45:46 - [TEST_STEP][PASSED] - ctdc.utilities.runtestcaseforKatalon.ReadCasesTableKatalon("Object Repository/Canine/Canine_CasesTable", "Object Repository/Canine/Canine_TableHeader", "Object Repository/Canine/Canine_NextBtn"): ctdc.utilities.runtestcaseforKatalon.ReadCasesTableKatalon is PASSED

2020-05-12 12:45:54 - [MESSAGE][PASSED] - ctdc.utilities.runtestcaseforKatalon.ReadCasesTableKatalon is PASSED

2020-05-12 12:45:54 - [TEST_STEP][PASSED] - ctdc.utilities.ReadExcel.Neo4j(): ctdc.utilities.ReadExcel.Neo4j is PASSED

2020-05-12 12:45:57 - [MESSAGE][PASSED] - ctdc.utilities.ReadExcel.Neo4j is PASSED

2020-05-12 12:45:57 - [TEST_STEP][PASSED] - ctdc.utilities.runtestcaseforKatalon.compareLists(): ctdc.utilities.runtestcaseforKatalon.compareLists is PASSED

2020-05-12 12:45:57 - [MESSAGE][PASSED] - ctdc.utilities.runtestcaseforKatalon.compareLists is PASSED

2020-05-12 12:45:59 - [TEST_STEP][PASSED] - Video: Video recording for test case 'Test Cases/Canine_TestCases/Gender/TC01_Canine_Filter_Gender-CastratedMale' .

2020-05-12 12:45:59 - [MESSAGE][INFO] - Video recording for test case 'Test Cases/Canine_TestCases/Gender/TC01_Canine_Filter_Gender-CastratedMale' .
[[ATTACHMENT|C:\\Users\\radhakrishnang2\\Desktop\\Commons_Automation\\Reports\\20200512_122313\\Canine_TestSuite\\20200512_122313/videos\\test_67.avi]]]]></system-out>
         <system-err><![CDATA[]]></system-err>
      </testcase>
      <testcase name="Test Cases/Canine_TestCases/Gender/TC02_Canine_Filter_Gender-Female" time="25.221" classname="Test Cases/Canine_TestCases/Gender/TC02_Canine_Filter_Gender-Female" status="PASSED">
         <system-out><![CDATA[2020-05-12 12:45:59 - [TEST_CASE][PASSED] - Test Cases/Canine_TestCases/Gender/TC02_Canine_Filter_Gender-Female: Test Cases/Canine_TestCases/Gender/TC02_Canine_Filter_Gender-Female

2020-05-12 12:45:59 - [TEST_STEP][PASSED] - openBrowser(""): Browser is opened with url: ''

2020-05-12 12:45:59 - [MESSAGE][WARNING] - A browser is already opened. Closing browser and opening a new one

2020-05-12 12:46:00 - [MESSAGE][INFO] - Starting 'Firefox (headless)' driver

2020-05-12 12:46:04 - [MESSAGE][PASSED] - Browser is opened with url: ''

2020-05-12 12:46:04 - [TEST_STEP][PASSED] - ctdc.utilities.runtestcaseforKatalon.browserDriver(""): ctdc.utilities.runtestcaseforKatalon.browserDriver is PASSED

2020-05-12 12:46:04 - [MESSAGE][PASSED] - ctdc.utilities.runtestcaseforKatalon.browserDriver is PASSED

2020-05-12 12:46:04 - [TEST_STEP][PASSED] - ctdc.utilities.runtestcaseforKatalon.RunKatalon("TC02_Canine_Filter_Gender-Female.xlsx"): Data loaded from input file for the test case. 

2020-05-12 12:46:04 - [MESSAGE][PASSED] - Test case file loaded This is the full filepath after converting to string :C:\Users\radhakrishnang2\Desktop\Commons_Automation\InputFiles\TC02_Canine_Filter_Gender-Female.xlsx

2020-05-12 12:46:04 - [MESSAGE][INFO] - Global variable set for password file is :  C:\Users\radhakrishnang2\Desktop\Commons_Automation\InputFiles\TC02_Canine_Filter_Gender-Female.xlsx

2020-05-12 12:46:04 - [MESSAGE][PASSED] - Data loaded from input file for the test case. 

2020-05-12 12:46:10 - [TEST_STEP][PASSED] - click(findTestObject("Object Repository/Canine/Canine_Cases_Btn")): Object: 'Object Repository/Canine/Canine_Cases_Btn' is clicked on

2020-05-12 12:46:10 - [MESSAGE][PASSED] - Object: 'Object Repository/Canine/Canine_Cases_Btn' is clicked on

2020-05-12 12:46:10 - [TEST_STEP][PASSED] - click(findTestObject("Object Repository/Canine/Filter/Gender/GENDER_Ddn")): Object: 'Object Repository/Canine/Filter/Gender/GENDER_Ddn' is clicked on

2020-05-12 12:46:12 - [MESSAGE][PASSED] - Object: 'Object Repository/Canine/Filter/Gender/GENDER_Ddn' is clicked on

2020-05-12 12:46:12 - [TEST_STEP][PASSED] - click(findTestObject("Object Repository/Canine/Filter/Gender/Female_Chkbx")): Object: 'Object Repository/Canine/Filter/Gender/Female_Chkbx' is clicked on

2020-05-12 12:46:12 - [MESSAGE][PASSED] - Object: 'Object Repository/Canine/Filter/Gender/Female_Chkbx' is clicked on

2020-05-12 12:46:12 - [TEST_STEP][PASSED] - ctdc.utilities.runtestcaseforKatalon.ReadCasesTableKatalon("Object Repository/Canine/Canine_CasesTable", "Object Repository/Canine/Canine_TableHeader", "Object Repository/Canine/Canine_NextBtn"): ctdc.utilities.runtestcaseforKatalon.ReadCasesTableKatalon is PASSED

2020-05-12 12:46:19 - [MESSAGE][PASSED] - ctdc.utilities.runtestcaseforKatalon.ReadCasesTableKatalon is PASSED

2020-05-12 12:46:19 - [TEST_STEP][PASSED] - ctdc.utilities.ReadExcel.Neo4j(): ctdc.utilities.ReadExcel.Neo4j is PASSED

2020-05-12 12:46:22 - [MESSAGE][PASSED] - ctdc.utilities.ReadExcel.Neo4j is PASSED

2020-05-12 12:46:22 - [TEST_STEP][PASSED] - ctdc.utilities.runtestcaseforKatalon.compareLists(): ctdc.utilities.runtestcaseforKatalon.compareLists is PASSED

2020-05-12 12:46:22 - [MESSAGE][PASSED] - ctdc.utilities.runtestcaseforKatalon.compareLists is PASSED

2020-05-12 12:46:24 - [TEST_STEP][PASSED] - Video: Video recording for test case 'Test Cases/Canine_TestCases/Gender/TC02_Canine_Filter_Gender-Female' .

2020-05-12 12:46:24 - [MESSAGE][INFO] - Video recording for test case 'Test Cases/Canine_TestCases/Gender/TC02_Canine_Filter_Gender-Female' .
[[ATTACHMENT|C:\\Users\\radhakrishnang2\\Desktop\\Commons_Automation\\Reports\\20200512_122313\\Canine_TestSuite\\20200512_122313/videos\\test_68.avi]]]]></system-out>
         <system-err><![CDATA[]]></system-err>
      </testcase>
      <testcase name="Test Cases/Canine_TestCases/Gender/TC03_Canine_Filter_Gender-FemalePheno" time="20.213" classname="Test Cases/Canine_TestCases/Gender/TC03_Canine_Filter_Gender-FemalePheno" status="PASSED">
         <system-out><![CDATA[2020-05-12 12:46:24 - [TEST_CASE][PASSED] - Test Cases/Canine_TestCases/Gender/TC03_Canine_Filter_Gender-FemalePheno: Test Cases/Canine_TestCases/Gender/TC03_Canine_Filter_Gender-FemalePheno

2020-05-12 12:46:24 - [TEST_STEP][PASSED] - openBrowser(""): Browser is opened with url: ''

2020-05-12 12:46:24 - [MESSAGE][WARNING] - A browser is already opened. Closing browser and opening a new one

2020-05-12 12:46:26 - [MESSAGE][INFO] - Starting 'Firefox (headless)' driver

2020-05-12 12:46:29 - [MESSAGE][PASSED] - Browser is opened with url: ''

2020-05-12 12:46:29 - [TEST_STEP][PASSED] - ctdc.utilities.runtestcaseforKatalon.browserDriver(""): ctdc.utilities.runtestcaseforKatalon.browserDriver is PASSED

2020-05-12 12:46:29 - [MESSAGE][PASSED] - ctdc.utilities.runtestcaseforKatalon.browserDriver is PASSED

2020-05-12 12:46:29 - [TEST_STEP][PASSED] - ctdc.utilities.runtestcaseforKatalon.RunKatalon("TC03_Canine_Filter_Gender-FemalePheno.xlsx"): Data loaded from input file for the test case. 

2020-05-12 12:46:29 - [MESSAGE][PASSED] - Test case file loaded This is the full filepath after converting to string :C:\Users\radhakrishnang2\Desktop\Commons_Automation\InputFiles\TC03_Canine_Filter_Gender-FemalePheno.xlsx

2020-05-12 12:46:29 - [MESSAGE][INFO] - Global variable set for password file is :  C:\Users\radhakrishnang2\Desktop\Commons_Automation\InputFiles\TC03_Canine_Filter_Gender-FemalePheno.xlsx

2020-05-12 12:46:29 - [MESSAGE][PASSED] - Data loaded from input file for the test case. 

2020-05-12 12:46:35 - [TEST_STEP][PASSED] - click(findTestObject("Object Repository/Canine/Canine_Cases_Btn")): Object: 'Object Repository/Canine/Canine_Cases_Btn' is clicked on

2020-05-12 12:46:35 - [MESSAGE][PASSED] - Object: 'Object Repository/Canine/Canine_Cases_Btn' is clicked on

2020-05-12 12:46:35 - [TEST_STEP][PASSED] - click(findTestObject("Object Repository/Canine/Filter/Gender/GENDER_Ddn")): Object: 'Object Repository/Canine/Filter/Gender/GENDER_Ddn' is clicked on

2020-05-12 12:46:37 - [MESSAGE][PASSED] - Object: 'Object Repository/Canine/Filter/Gender/GENDER_Ddn' is clicked on

2020-05-12 12:46:37 - [TEST_STEP][PASSED] - click(findTestObject("Object Repository/Canine/Filter/Gender/FemalePhenotype_Chkbx")): Object: 'Object Repository/Canine/Filter/Gender/FemalePhenotype_Chkbx' is clicked on

2020-05-12 12:46:38 - [MESSAGE][PASSED] - Object: 'Object Repository/Canine/Filter/Gender/FemalePhenotype_Chkbx' is clicked on

2020-05-12 12:46:38 - [TEST_STEP][PASSED] - ctdc.utilities.runtestcaseforKatalon.ReadCasesTableKatalon("Object Repository/Canine/Canine_CasesTable", "Object Repository/Canine/Canine_TableHeader", "Object Repository/Canine/Canine_NextBtn"): ctdc.utilities.runtestcaseforKatalon.ReadCasesTableKatalon is PASSED

2020-05-12 12:46:39 - [MESSAGE][PASSED] - ctdc.utilities.runtestcaseforKatalon.ReadCasesTableKatalon is PASSED

2020-05-12 12:46:39 - [TEST_STEP][PASSED] - ctdc.utilities.ReadExcel.Neo4j(): ctdc.utilities.ReadExcel.Neo4j is PASSED

2020-05-12 12:46:42 - [MESSAGE][PASSED] - ctdc.utilities.ReadExcel.Neo4j is PASSED

2020-05-12 12:46:42 - [TEST_STEP][PASSED] - ctdc.utilities.runtestcaseforKatalon.compareLists(): ctdc.utilities.runtestcaseforKatalon.compareLists is PASSED

2020-05-12 12:46:42 - [MESSAGE][PASSED] - ctdc.utilities.runtestcaseforKatalon.compareLists is PASSED

2020-05-12 12:46:44 - [TEST_STEP][PASSED] - Video: Video recording for test case 'Test Cases/Canine_TestCases/Gender/TC03_Canine_Filter_Gender-FemalePheno' .

2020-05-12 12:46:44 - [MESSAGE][INFO] - Video recording for test case 'Test Cases/Canine_TestCases/Gender/TC03_Canine_Filter_Gender-FemalePheno' .
[[ATTACHMENT|C:\\Users\\radhakrishnang2\\Desktop\\Commons_Automation\\Reports\\20200512_122313\\Canine_TestSuite\\20200512_122313/videos\\test_69.avi]]]]></system-out>
         <system-err><![CDATA[]]></system-err>
      </testcase>
      <testcase name="Test Cases/Canine_TestCases/Gender/TC04_Canine_Filter_Gender-Male" time="22.188" classname="Test Cases/Canine_TestCases/Gender/TC04_Canine_Filter_Gender-Male" status="PASSED">
         <system-out><![CDATA[2020-05-12 12:46:44 - [TEST_CASE][PASSED] - Test Cases/Canine_TestCases/Gender/TC04_Canine_Filter_Gender-Male: Test Cases/Canine_TestCases/Gender/TC04_Canine_Filter_Gender-Male

2020-05-12 12:46:45 - [TEST_STEP][PASSED] - openBrowser(""): Browser is opened with url: ''

2020-05-12 12:46:45 - [MESSAGE][WARNING] - A browser is already opened. Closing browser and opening a new one

2020-05-12 12:46:46 - [MESSAGE][INFO] - Starting 'Firefox (headless)' driver

2020-05-12 12:46:49 - [MESSAGE][PASSED] - Browser is opened with url: ''

2020-05-12 12:46:49 - [TEST_STEP][PASSED] - ctdc.utilities.runtestcaseforKatalon.browserDriver(""): ctdc.utilities.runtestcaseforKatalon.browserDriver is PASSED

2020-05-12 12:46:49 - [MESSAGE][PASSED] - ctdc.utilities.runtestcaseforKatalon.browserDriver is PASSED

2020-05-12 12:46:49 - [TEST_STEP][PASSED] - ctdc.utilities.runtestcaseforKatalon.RunKatalon("TC04_Canine_Filter_Gender-Male.xlsx"): Data loaded from input file for the test case. 

2020-05-12 12:46:49 - [MESSAGE][PASSED] - Test case file loaded This is the full filepath after converting to string :C:\Users\radhakrishnang2\Desktop\Commons_Automation\InputFiles\TC04_Canine_Filter_Gender-Male.xlsx

2020-05-12 12:46:49 - [MESSAGE][INFO] - Global variable set for password file is :  C:\Users\radhakrishnang2\Desktop\Commons_Automation\InputFiles\TC04_Canine_Filter_Gender-Male.xlsx

2020-05-12 12:46:49 - [MESSAGE][PASSED] - Data loaded from input file for the test case. 

2020-05-12 12:46:53 - [TEST_STEP][PASSED] - click(findTestObject("Object Repository/Canine/Canine_Cases_Btn")): Object: 'Object Repository/Canine/Canine_Cases_Btn' is clicked on

2020-05-12 12:46:54 - [MESSAGE][PASSED] - Object: 'Object Repository/Canine/Canine_Cases_Btn' is clicked on

2020-05-12 12:46:54 - [TEST_STEP][PASSED] - click(findTestObject("Object Repository/Canine/Filter/Gender/GENDER_Ddn")): Object: 'Object Repository/Canine/Filter/Gender/GENDER_Ddn' is clicked on

2020-05-12 12:46:55 - [MESSAGE][PASSED] - Object: 'Object Repository/Canine/Filter/Gender/GENDER_Ddn' is clicked on

2020-05-12 12:46:55 - [TEST_STEP][PASSED] - click(findTestObject("Object Repository/Canine/Filter/Gender/Male_Chkbx")): Object: 'Object Repository/Canine/Filter/Gender/Male_Chkbx' is clicked on

2020-05-12 12:46:56 - [MESSAGE][PASSED] - Object: 'Object Repository/Canine/Filter/Gender/Male_Chkbx' is clicked on

2020-05-12 12:46:56 - [TEST_STEP][PASSED] - ctdc.utilities.runtestcaseforKatalon.ReadCasesTableKatalon("Object Repository/Canine/Canine_CasesTable", "Object Repository/Canine/Canine_TableHeader", "Object Repository/Canine/Canine_NextBtn"): ctdc.utilities.runtestcaseforKatalon.ReadCasesTableKatalon is PASSED

2020-05-12 12:47:01 - [MESSAGE][PASSED] - ctdc.utilities.runtestcaseforKatalon.ReadCasesTableKatalon is PASSED

2020-05-12 12:47:01 - [TEST_STEP][PASSED] - ctdc.utilities.ReadExcel.Neo4j(): ctdc.utilities.ReadExcel.Neo4j is PASSED

2020-05-12 12:47:04 - [MESSAGE][PASSED] - ctdc.utilities.ReadExcel.Neo4j is PASSED

2020-05-12 12:47:04 - [TEST_STEP][PASSED] - ctdc.utilities.runtestcaseforKatalon.compareLists(): ctdc.utilities.runtestcaseforKatalon.compareLists is PASSED

2020-05-12 12:47:04 - [MESSAGE][PASSED] - ctdc.utilities.runtestcaseforKatalon.compareLists is PASSED

2020-05-12 12:47:07 - [TEST_STEP][PASSED] - Video: Video recording for test case 'Test Cases/Canine_TestCases/Gender/TC04_Canine_Filter_Gender-Male' .

2020-05-12 12:47:07 - [MESSAGE][INFO] - Video recording for test case 'Test Cases/Canine_TestCases/Gender/TC04_Canine_Filter_Gender-Male' .
[[ATTACHMENT|C:\\Users\\radhakrishnang2\\Desktop\\Commons_Automation\\Reports\\20200512_122313\\Canine_TestSuite\\20200512_122313/videos\\test_70.avi]]]]></system-out>
         <system-err><![CDATA[]]></system-err>
      </testcase>
      <testcase name="Test Cases/Canine_TestCases/Gender/TC05_Canine_Filter_Gender-MalePheno" time="42.875" classname="Test Cases/Canine_TestCases/Gender/TC05_Canine_Filter_Gender-MalePheno" status="FAILED">
         <failure type="FAILED" message="Test Cases/Canine_TestCases/Gender/TC05_Canine_Filter_Gender-MalePheno FAILED.
Reason:
com.kms.katalon.core.exception.StepFailedException: Unable to click on object 'Object Repository/Canine/Filter/Gender/MalePhenotype_Chkbx'
	at com.kms.katalon.core.webui.keyword.internal.WebUIKeywordMain.stepFailed(WebUIKeywordMain.groovy:64)
	at com.kms.katalon.core.webui.keyword.internal.WebUIKeywordMain.runKeyword(WebUIKeywordMain.groovy:26)
	at com.kms.katalon.core.webui.keyword.builtin.ClickKeyword.click(ClickKeyword.groovy:76)
	at com.kms.katalon.core.webui.keyword.builtin.ClickKeyword.execute(ClickKeyword.groovy:43)
	at com.kms.katalon.core.keyword.internal.KeywordExecutor.executeKeywordForPlatform(KeywordExecutor.groovy:72)
	at com.kms.katalon.core.webui.keyword.WebUiBuiltInKeywords.click(WebUiBuiltInKeywords.groovy:616)
	at com.kms.katalon.core.webui.keyword.WebUiBuiltInKeywords$click$0.call(Unknown Source)
	at TC05_Canine_Filter_Gender-MalePheno.run(TC05_Canine_Filter_Gender-MalePheno:52)
	at com.kms.katalon.core.main.ScriptEngine.run(ScriptEngine.java:194)
	at com.kms.katalon.core.main.ScriptEngine.runScriptAsRawText(ScriptEngine.java:119)
	at com.kms.katalon.core.main.TestCaseExecutor.runScript(TestCaseExecutor.java:337)
	at com.kms.katalon.core.main.TestCaseExecutor.doExecute(TestCaseExecutor.java:328)
	at com.kms.katalon.core.main.TestCaseExecutor.processExecutionPhase(TestCaseExecutor.java:307)
	at com.kms.katalon.core.main.TestCaseExecutor.accessMainPhase(TestCaseExecutor.java:299)
	at com.kms.katalon.core.main.TestCaseExecutor.execute(TestCaseExecutor.java:233)
	at com.kms.katalon.core.main.TestSuiteExecutor.accessTestCaseMainPhase(TestSuiteExecutor.java:169)
	at com.kms.katalon.core.main.TestSuiteExecutor.accessTestSuiteMainPhase(TestSuiteExecutor.java:142)
	at com.kms.katalon.core.main.TestSuiteExecutor.execute(TestSuiteExecutor.java:91)
	at com.kms.katalon.core.main.TestCaseMain.startTestSuite(TestCaseMain.java:157)
	at com.kms.katalon.core.main.TestCaseMain$startTestSuite$0.call(Unknown Source)
	at TempTestSuite1589311393960.run(TempTestSuite1589311393960.groovy:36)
Caused by: com.kms.katalon.core.webui.exception.WebElementNotFoundException: Web element with id: 'Object Repository/Canine/Filter/Gender/MalePhenotype_Chkbx' located by 'By.xpath: ' not found
	at com.kms.katalon.core.webui.common.WebUiCommonHelper.findWebElement(WebUiCommonHelper.java:1154)
	at com.kms.katalon.core.webui.keyword.internal.WebUIAbstractKeyword.findWebElement(WebUIAbstractKeyword.groovy:27)
	at com.kms.katalon.core.webui.keyword.internal.WebUIAbstractKeyword.findWebElement(WebUIAbstractKeyword.groovy:26)
	at com.kms.katalon.core.webui.keyword.builtin.ClickKeyword$_click_closure1.doCall(ClickKeyword.groovy:67)
	at com.kms.katalon.core.webui.keyword.builtin.ClickKeyword$_click_closure1.call(ClickKeyword.groovy)
	at com.kms.katalon.core.webui.keyword.internal.WebUIKeywordMain.runKeyword(WebUIKeywordMain.groovy:20)
	... 19 more
"/>
         <system-out><![CDATA[2020-05-12 12:47:07 - [TEST_CASE][FAILED] - Test Cases/Canine_TestCases/Gender/TC05_Canine_Filter_Gender-MalePheno: Test Cases/Canine_TestCases/Gender/TC05_Canine_Filter_Gender-MalePheno FAILED.
Reason:
com.kms.katalon.core.exception.StepFailedException: Unable to click on object 'Object Repository/Canine/Filter/Gender/MalePhenotype_Chkbx'
	at com.kms.katalon.core.webui.keyword.internal.WebUIKeywordMain.stepFailed(WebUIKeywordMain.groovy:64)
	at com.kms.katalon.core.webui.keyword.internal.WebUIKeywordMain.runKeyword(WebUIKeywordMain.groovy:26)
	at com.kms.katalon.core.webui.keyword.builtin.ClickKeyword.click(ClickKeyword.groovy:76)
	at com.kms.katalon.core.webui.keyword.builtin.ClickKeyword.execute(ClickKeyword.groovy:43)
	at com.kms.katalon.core.keyword.internal.KeywordExecutor.executeKeywordForPlatform(KeywordExecutor.groovy:72)
	at com.kms.katalon.core.webui.keyword.WebUiBuiltInKeywords.click(WebUiBuiltInKeywords.groovy:616)
	at com.kms.katalon.core.webui.keyword.WebUiBuiltInKeywords$click$0.call(Unknown Source)
	at TC05_Canine_Filter_Gender-MalePheno.run(TC05_Canine_Filter_Gender-MalePheno:52)
	at com.kms.katalon.core.main.ScriptEngine.run(ScriptEngine.java:194)
	at com.kms.katalon.core.main.ScriptEngine.runScriptAsRawText(ScriptEngine.java:119)
	at com.kms.katalon.core.main.TestCaseExecutor.runScript(TestCaseExecutor.java:337)
	at com.kms.katalon.core.main.TestCaseExecutor.doExecute(TestCaseExecutor.java:328)
	at com.kms.katalon.core.main.TestCaseExecutor.processExecutionPhase(TestCaseExecutor.java:307)
	at com.kms.katalon.core.main.TestCaseExecutor.accessMainPhase(TestCaseExecutor.java:299)
	at com.kms.katalon.core.main.TestCaseExecutor.execute(TestCaseExecutor.java:233)
	at com.kms.katalon.core.main.TestSuiteExecutor.accessTestCaseMainPhase(TestSuiteExecutor.java:169)
	at com.kms.katalon.core.main.TestSuiteExecutor.accessTestSuiteMainPhase(TestSuiteExecutor.java:142)
	at com.kms.katalon.core.main.TestSuiteExecutor.execute(TestSuiteExecutor.java:91)
	at com.kms.katalon.core.main.TestCaseMain.startTestSuite(TestCaseMain.java:157)
	at com.kms.katalon.core.main.TestCaseMain$startTestSuite$0.call(Unknown Source)
	at TempTestSuite1589311393960.run(TempTestSuite1589311393960.groovy:36)
Caused by: com.kms.katalon.core.webui.exception.WebElementNotFoundException: Web element with id: 'Object Repository/Canine/Filter/Gender/MalePhenotype_Chkbx' located by 'By.xpath: ' not found
	at com.kms.katalon.core.webui.common.WebUiCommonHelper.findWebElement(WebUiCommonHelper.java:1154)
	at com.kms.katalon.core.webui.keyword.internal.WebUIAbstractKeyword.findWebElement(WebUIAbstractKeyword.groovy:27)
	at com.kms.katalon.core.webui.keyword.internal.WebUIAbstractKeyword.findWebElement(WebUIAbstractKeyword.groovy:26)
	at com.kms.katalon.core.webui.keyword.builtin.ClickKeyword$_click_closure1.doCall(ClickKeyword.groovy:67)
	at com.kms.katalon.core.webui.keyword.builtin.ClickKeyword$_click_closure1.call(ClickKeyword.groovy)
	at com.kms.katalon.core.webui.keyword.internal.WebUIKeywordMain.runKeyword(WebUIKeywordMain.groovy:20)
	... 19 more


2020-05-12 12:47:07 - [TEST_STEP][PASSED] - openBrowser(""): Browser is opened with url: ''

2020-05-12 12:47:07 - [MESSAGE][WARNING] - A browser is already opened. Closing browser and opening a new one

2020-05-12 12:47:08 - [MESSAGE][INFO] - Starting 'Firefox (headless)' driver

2020-05-12 12:47:11 - [MESSAGE][PASSED] - Browser is opened with url: ''

2020-05-12 12:47:11 - [TEST_STEP][PASSED] - ctdc.utilities.runtestcaseforKatalon.browserDriver(""): ctdc.utilities.runtestcaseforKatalon.browserDriver is PASSED

2020-05-12 12:47:11 - [MESSAGE][PASSED] - ctdc.utilities.runtestcaseforKatalon.browserDriver is PASSED

2020-05-12 12:47:11 - [TEST_STEP][PASSED] - ctdc.utilities.runtestcaseforKatalon.RunKatalon("TC05_Canine_Filter_Gender-MalePheno.xlsx"): Data loaded from input file for the test case. 

2020-05-12 12:47:11 - [MESSAGE][PASSED] - Test case file loaded This is the full filepath after converting to string :C:\Users\radhakrishnang2\Desktop\Commons_Automation\InputFiles\TC05_Canine_Filter_Gender-MalePheno.xlsx

2020-05-12 12:47:11 - [MESSAGE][INFO] - Global variable set for password file is :  C:\Users\radhakrishnang2\Desktop\Commons_Automation\InputFiles\TC05_Canine_Filter_Gender-MalePheno.xlsx

2020-05-12 12:47:11 - [MESSAGE][PASSED] - Data loaded from input file for the test case. 

2020-05-12 12:47:14 - [TEST_STEP][PASSED] - click(findTestObject("Object Repository/Canine/Canine_Cases_Btn")): Object: 'Object Repository/Canine/Canine_Cases_Btn' is clicked on

2020-05-12 12:47:14 - [MESSAGE][PASSED] - Object: 'Object Repository/Canine/Canine_Cases_Btn' is clicked on

2020-05-12 12:47:14 - [TEST_STEP][PASSED] - click(findTestObject("Object Repository/Canine/Filter/Gender/GENDER_Ddn")): Object: 'Object Repository/Canine/Filter/Gender/GENDER_Ddn' is clicked on

2020-05-12 12:47:17 - [MESSAGE][PASSED] - Object: 'Object Repository/Canine/Filter/Gender/GENDER_Ddn' is clicked on

2020-05-12 12:47:17 - [TEST_STEP][FAILED] - click(findTestObject("Object Repository/Canine/Filter/Gender/MalePhenotype_Chkbx")): Unable to click on object 'Object Repository/Canine/Filter/Gender/MalePhenotype_Chkbx' (Root cause: com.kms.katalon.core.exception.StepFailedException: Unable to click on object 'Object Repository/Canine/Filter/Gender/MalePhenotype_Chkbx'
	at com.kms.katalon.core.webui.keyword.internal.WebUIKeywordMain.stepFailed(WebUIKeywordMain.groovy:64)
	at com.kms.katalon.core.webui.keyword.internal.WebUIKeywordMain.runKeyword(WebUIKeywordMain.groovy:26)
	at com.kms.katalon.core.webui.keyword.builtin.ClickKeyword.click(ClickKeyword.groovy:76)
	at com.kms.katalon.core.webui.keyword.builtin.ClickKeyword.execute(ClickKeyword.groovy:43)
	at com.kms.katalon.core.keyword.internal.KeywordExecutor.executeKeywordForPlatform(KeywordExecutor.groovy:72)
	at com.kms.katalon.core.webui.keyword.WebUiBuiltInKeywords.click(WebUiBuiltInKeywords.groovy:616)
	at com.kms.katalon.core.webui.keyword.WebUiBuiltInKeywords$click$0.call(Unknown Source)
	at TC05_Canine_Filter_Gender-MalePheno.run(TC05_Canine_Filter_Gender-MalePheno:52)
	at com.kms.katalon.core.main.ScriptEngine.run(ScriptEngine.java:194)
	at com.kms.katalon.core.main.ScriptEngine.runScriptAsRawText(ScriptEngine.java:119)
	at com.kms.katalon.core.main.TestCaseExecutor.runScript(TestCaseExecutor.java:337)
	at com.kms.katalon.core.main.TestCaseExecutor.doExecute(TestCaseExecutor.java:328)
	at com.kms.katalon.core.main.TestCaseExecutor.processExecutionPhase(TestCaseExecutor.java:307)
	at com.kms.katalon.core.main.TestCaseExecutor.accessMainPhase(TestCaseExecutor.java:299)
	at com.kms.katalon.core.main.TestCaseExecutor.execute(TestCaseExecutor.java:233)
	at com.kms.katalon.core.main.TestSuiteExecutor.accessTestCaseMainPhase(TestSuiteExecutor.java:169)
	at com.kms.katalon.core.main.TestSuiteExecutor.accessTestSuiteMainPhase(TestSuiteExecutor.java:142)
	at com.kms.katalon.core.main.TestSuiteExecutor.execute(TestSuiteExecutor.java:91)
	at com.kms.katalon.core.main.TestCaseMain.startTestSuite(TestCaseMain.java:157)
	at com.kms.katalon.core.main.TestCaseMain$startTestSuite$0.call(Unknown Source)
	at TempTestSuite1589311393960.run(TempTestSuite1589311393960.groovy:36)
Caused by: com.kms.katalon.core.webui.exception.WebElementNotFoundException: Web element with id: 'Object Repository/Canine/Filter/Gender/MalePhenotype_Chkbx' located by 'By.xpath: ' not found
	at com.kms.katalon.core.webui.common.WebUiCommonHelper.findWebElement(WebUiCommonHelper.java:1154)
	at com.kms.katalon.core.webui.keyword.internal.WebUIAbstractKeyword.findWebElement(WebUIAbstractKeyword.groovy:27)
	at com.kms.katalon.core.webui.keyword.internal.WebUIAbstractKeyword.findWebElement(WebUIAbstractKeyword.groovy:26)
	at com.kms.katalon.core.webui.keyword.builtin.ClickKeyword$_click_closure1.doCall(ClickKeyword.groovy:67)
	at com.kms.katalon.core.webui.keyword.builtin.ClickKeyword$_click_closure1.call(ClickKeyword.groovy)
	at com.kms.katalon.core.webui.keyword.internal.WebUIKeywordMain.runKeyword(WebUIKeywordMain.groovy:20)
	at com.kms.katalon.core.webui.keyword.builtin.ClickKeyword.click(ClickKeyword.groovy:76)
	at com.kms.katalon.core.webui.keyword.builtin.ClickKeyword.execute(ClickKeyword.groovy:43)
	at com.kms.katalon.core.keyword.internal.KeywordExecutor.executeKeywordForPlatform(KeywordExecutor.groovy:72)
	at com.kms.katalon.core.webui.keyword.WebUiBuiltInKeywords.click(WebUiBuiltInKeywords.groovy:616)
	at com.kms.katalon.core.webui.keyword.WebUiBuiltInKeywords$click$0.call(Unknown Source)
	at Script1589154185331.run(Script1589154185331.groovy:52)
	... 13 more
)

2020-05-12 12:47:47 - [MESSAGE][INFO] - Unable to find the element located by 'By.xpath: '. Please recheck the objects properties to make sure the desired element is located. 

2020-05-12 12:47:47 - [MESSAGE][FAILED] - Unable to click on object 'Object Repository/Canine/Filter/Gender/MalePhenotype_Chkbx' (Root cause: com.kms.katalon.core.exception.StepFailedException: Unable to click on object 'Object Repository/Canine/Filter/Gender/MalePhenotype_Chkbx'
	at com.kms.katalon.core.webui.keyword.internal.WebUIKeywordMain.stepFailed(WebUIKeywordMain.groovy:64)
	at com.kms.katalon.core.webui.keyword.internal.WebUIKeywordMain.runKeyword(WebUIKeywordMain.groovy:26)
	at com.kms.katalon.core.webui.keyword.builtin.ClickKeyword.click(ClickKeyword.groovy:76)
	at com.kms.katalon.core.webui.keyword.builtin.ClickKeyword.execute(ClickKeyword.groovy:43)
	at com.kms.katalon.core.keyword.internal.KeywordExecutor.executeKeywordForPlatform(KeywordExecutor.groovy:72)
	at com.kms.katalon.core.webui.keyword.WebUiBuiltInKeywords.click(WebUiBuiltInKeywords.groovy:616)
	at com.kms.katalon.core.webui.keyword.WebUiBuiltInKeywords$click$0.call(Unknown Source)
	at TC05_Canine_Filter_Gender-MalePheno.run(TC05_Canine_Filter_Gender-MalePheno:52)
	at com.kms.katalon.core.main.ScriptEngine.run(ScriptEngine.java:194)
	at com.kms.katalon.core.main.ScriptEngine.runScriptAsRawText(ScriptEngine.java:119)
	at com.kms.katalon.core.main.TestCaseExecutor.runScript(TestCaseExecutor.java:337)
	at com.kms.katalon.core.main.TestCaseExecutor.doExecute(TestCaseExecutor.java:328)
	at com.kms.katalon.core.main.TestCaseExecutor.processExecutionPhase(TestCaseExecutor.java:307)
	at com.kms.katalon.core.main.TestCaseExecutor.accessMainPhase(TestCaseExecutor.java:299)
	at com.kms.katalon.core.main.TestCaseExecutor.execute(TestCaseExecutor.java:233)
	at com.kms.katalon.core.main.TestSuiteExecutor.accessTestCaseMainPhase(TestSuiteExecutor.java:169)
	at com.kms.katalon.core.main.TestSuiteExecutor.accessTestSuiteMainPhase(TestSuiteExecutor.java:142)
	at com.kms.katalon.core.main.TestSuiteExecutor.execute(TestSuiteExecutor.java:91)
	at com.kms.katalon.core.main.TestCaseMain.startTestSuite(TestCaseMain.java:157)
	at com.kms.katalon.core.main.TestCaseMain$startTestSuite$0.call(Unknown Source)
	at TempTestSuite1589311393960.run(TempTestSuite1589311393960.groovy:36)
Caused by: com.kms.katalon.core.webui.exception.WebElementNotFoundException: Web element with id: 'Object Repository/Canine/Filter/Gender/MalePhenotype_Chkbx' located by 'By.xpath: ' not found
	at com.kms.katalon.core.webui.common.WebUiCommonHelper.findWebElement(WebUiCommonHelper.java:1154)
	at com.kms.katalon.core.webui.keyword.internal.WebUIAbstractKeyword.findWebElement(WebUIAbstractKeyword.groovy:27)
	at com.kms.katalon.core.webui.keyword.internal.WebUIAbstractKeyword.findWebElement(WebUIAbstractKeyword.groovy:26)
	at com.kms.katalon.core.webui.keyword.builtin.ClickKeyword$_click_closure1.doCall(ClickKeyword.groovy:67)
	at com.kms.katalon.core.webui.keyword.builtin.ClickKeyword$_click_closure1.call(ClickKeyword.groovy)
	at com.kms.katalon.core.webui.keyword.internal.WebUIKeywordMain.runKeyword(WebUIKeywordMain.groovy:20)
	at com.kms.katalon.core.webui.keyword.builtin.ClickKeyword.click(ClickKeyword.groovy:76)
	at com.kms.katalon.core.webui.keyword.builtin.ClickKeyword.execute(ClickKeyword.groovy:43)
	at com.kms.katalon.core.keyword.internal.KeywordExecutor.executeKeywordForPlatform(KeywordExecutor.groovy:72)
	at com.kms.katalon.core.webui.keyword.WebUiBuiltInKeywords.click(WebUiBuiltInKeywords.groovy:616)
	at com.kms.katalon.core.webui.keyword.WebUiBuiltInKeywords$click$0.call(Unknown Source)
	at Script1589154185331.run(Script1589154185331.groovy:52)
	... 13 more
)
[[ATTACHMENT|C:\\Users\\radhakrishnang2\\Desktop\\Commons_Automation\\Reports\\20200512_122313\\Canine_TestSuite\\20200512_122313\\1589312867756.png]]

2020-05-12 12:47:49 - [TEST_STEP][PASSED] - Video: Video recording for test case 'Test Cases/Canine_TestCases/Gender/TC05_Canine_Filter_Gender-MalePheno' .

2020-05-12 12:47:49 - [MESSAGE][INFO] - Video recording for test case 'Test Cases/Canine_TestCases/Gender/TC05_Canine_Filter_Gender-MalePheno' .
[[ATTACHMENT|C:\\Users\\radhakrishnang2\\Desktop\\Commons_Automation\\Reports\\20200512_122313\\Canine_TestSuite\\20200512_122313/videos\\test_71.avi]]]]></system-out>
         <system-err><![CDATA[2020-05-12 12:47:07 - [TEST_CASE][FAILED] - Test Cases/Canine_TestCases/Gender/TC05_Canine_Filter_Gender-MalePheno: Test Cases/Canine_TestCases/Gender/TC05_Canine_Filter_Gender-MalePheno FAILED.
Reason:
com.kms.katalon.core.exception.StepFailedException: Unable to click on object 'Object Repository/Canine/Filter/Gender/MalePhenotype_Chkbx'
	at com.kms.katalon.core.webui.keyword.internal.WebUIKeywordMain.stepFailed(WebUIKeywordMain.groovy:64)
	at com.kms.katalon.core.webui.keyword.internal.WebUIKeywordMain.runKeyword(WebUIKeywordMain.groovy:26)
	at com.kms.katalon.core.webui.keyword.builtin.ClickKeyword.click(ClickKeyword.groovy:76)
	at com.kms.katalon.core.webui.keyword.builtin.ClickKeyword.execute(ClickKeyword.groovy:43)
	at com.kms.katalon.core.keyword.internal.KeywordExecutor.executeKeywordForPlatform(KeywordExecutor.groovy:72)
	at com.kms.katalon.core.webui.keyword.WebUiBuiltInKeywords.click(WebUiBuiltInKeywords.groovy:616)
	at com.kms.katalon.core.webui.keyword.WebUiBuiltInKeywords$click$0.call(Unknown Source)
	at TC05_Canine_Filter_Gender-MalePheno.run(TC05_Canine_Filter_Gender-MalePheno:52)
	at com.kms.katalon.core.main.ScriptEngine.run(ScriptEngine.java:194)
	at com.kms.katalon.core.main.ScriptEngine.runScriptAsRawText(ScriptEngine.java:119)
	at com.kms.katalon.core.main.TestCaseExecutor.runScript(TestCaseExecutor.java:337)
	at com.kms.katalon.core.main.TestCaseExecutor.doExecute(TestCaseExecutor.java:328)
	at com.kms.katalon.core.main.TestCaseExecutor.processExecutionPhase(TestCaseExecutor.java:307)
	at com.kms.katalon.core.main.TestCaseExecutor.accessMainPhase(TestCaseExecutor.java:299)
	at com.kms.katalon.core.main.TestCaseExecutor.execute(TestCaseExecutor.java:233)
	at com.kms.katalon.core.main.TestSuiteExecutor.accessTestCaseMainPhase(TestSuiteExecutor.java:169)
	at com.kms.katalon.core.main.TestSuiteExecutor.accessTestSuiteMainPhase(TestSuiteExecutor.java:142)
	at com.kms.katalon.core.main.TestSuiteExecutor.execute(TestSuiteExecutor.java:91)
	at com.kms.katalon.core.main.TestCaseMain.startTestSuite(TestCaseMain.java:157)
	at com.kms.katalon.core.main.TestCaseMain$startTestSuite$0.call(Unknown Source)
	at TempTestSuite1589311393960.run(TempTestSuite1589311393960.groovy:36)
Caused by: com.kms.katalon.core.webui.exception.WebElementNotFoundException: Web element with id: 'Object Repository/Canine/Filter/Gender/MalePhenotype_Chkbx' located by 'By.xpath: ' not found
	at com.kms.katalon.core.webui.common.WebUiCommonHelper.findWebElement(WebUiCommonHelper.java:1154)
	at com.kms.katalon.core.webui.keyword.internal.WebUIAbstractKeyword.findWebElement(WebUIAbstractKeyword.groovy:27)
	at com.kms.katalon.core.webui.keyword.internal.WebUIAbstractKeyword.findWebElement(WebUIAbstractKeyword.groovy:26)
	at com.kms.katalon.core.webui.keyword.builtin.ClickKeyword$_click_closure1.doCall(ClickKeyword.groovy:67)
	at com.kms.katalon.core.webui.keyword.builtin.ClickKeyword$_click_closure1.call(ClickKeyword.groovy)
	at com.kms.katalon.core.webui.keyword.internal.WebUIKeywordMain.runKeyword(WebUIKeywordMain.groovy:20)
	... 19 more]]></system-err>
      </testcase>
      <testcase name="Test Cases/Canine_TestCases/Gender/TC06_Canine_Filter_Gender-SpayedFemale" time="19.872" classname="Test Cases/Canine_TestCases/Gender/TC06_Canine_Filter_Gender-SpayedFemale" status="PASSED">
         <system-out><![CDATA[2020-05-12 12:47:49 - [TEST_CASE][PASSED] - Test Cases/Canine_TestCases/Gender/TC06_Canine_Filter_Gender-SpayedFemale: Test Cases/Canine_TestCases/Gender/TC06_Canine_Filter_Gender-SpayedFemale

2020-05-12 12:47:50 - [TEST_STEP][PASSED] - openBrowser(""): Browser is opened with url: ''

2020-05-12 12:47:50 - [MESSAGE][WARNING] - A browser is already opened. Closing browser and opening a new one

2020-05-12 12:47:51 - [MESSAGE][INFO] - Starting 'Firefox (headless)' driver

2020-05-12 12:47:53 - [MESSAGE][PASSED] - Browser is opened with url: ''

2020-05-12 12:47:53 - [TEST_STEP][PASSED] - ctdc.utilities.runtestcaseforKatalon.browserDriver(""): ctdc.utilities.runtestcaseforKatalon.browserDriver is PASSED

2020-05-12 12:47:53 - [MESSAGE][PASSED] - ctdc.utilities.runtestcaseforKatalon.browserDriver is PASSED

2020-05-12 12:47:53 - [TEST_STEP][PASSED] - ctdc.utilities.runtestcaseforKatalon.RunKatalon("TC06_Canine_Filter_Gender-SpayedFemale.xlsx"): Data loaded from input file for the test case. 

2020-05-12 12:47:53 - [MESSAGE][PASSED] - Test case file loaded This is the full filepath after converting to string :C:\Users\radhakrishnang2\Desktop\Commons_Automation\InputFiles\TC06_Canine_Filter_Gender-SpayedFemale.xlsx

2020-05-12 12:47:53 - [MESSAGE][INFO] - Global variable set for password file is :  C:\Users\radhakrishnang2\Desktop\Commons_Automation\InputFiles\TC06_Canine_Filter_Gender-SpayedFemale.xlsx

2020-05-12 12:47:53 - [MESSAGE][PASSED] - Data loaded from input file for the test case. 

2020-05-12 12:47:57 - [TEST_STEP][PASSED] - click(findTestObject("Object Repository/Canine/Canine_Cases_Btn")): Object: 'Object Repository/Canine/Canine_Cases_Btn' is clicked on

2020-05-12 12:47:57 - [MESSAGE][PASSED] - Object: 'Object Repository/Canine/Canine_Cases_Btn' is clicked on

2020-05-12 12:47:57 - [TEST_STEP][PASSED] - click(findTestObject("Object Repository/Canine/Filter/Gender/GENDER_Ddn")): Object: 'Object Repository/Canine/Filter/Gender/GENDER_Ddn' is clicked on

2020-05-12 12:47:58 - [MESSAGE][PASSED] - Object: 'Object Repository/Canine/Filter/Gender/GENDER_Ddn' is clicked on

2020-05-12 12:47:58 - [TEST_STEP][PASSED] - click(findTestObject("Object Repository/Canine/Filter/Gender/SpayedFemale_Chkbx")): Object: 'Object Repository/Canine/Filter/Gender/SpayedFemale_Chkbx' is clicked on

2020-05-12 12:47:59 - [MESSAGE][PASSED] - Object: 'Object Repository/Canine/Filter/Gender/SpayedFemale_Chkbx' is clicked on

2020-05-12 12:47:59 - [TEST_STEP][PASSED] - ctdc.utilities.runtestcaseforKatalon.ReadCasesTableKatalon("Object Repository/Canine/Canine_CasesTable", "Object Repository/Canine/Canine_TableHeader", "Object Repository/Canine/Canine_NextBtn"): ctdc.utilities.runtestcaseforKatalon.ReadCasesTableKatalon is PASSED

2020-05-12 12:48:04 - [MESSAGE][PASSED] - ctdc.utilities.runtestcaseforKatalon.ReadCasesTableKatalon is PASSED

2020-05-12 12:48:04 - [TEST_STEP][PASSED] - ctdc.utilities.ReadExcel.Neo4j(): ctdc.utilities.ReadExcel.Neo4j is PASSED

2020-05-12 12:48:07 - [MESSAGE][PASSED] - ctdc.utilities.ReadExcel.Neo4j is PASSED

2020-05-12 12:48:07 - [TEST_STEP][PASSED] - ctdc.utilities.runtestcaseforKatalon.compareLists(): ctdc.utilities.runtestcaseforKatalon.compareLists is PASSED

2020-05-12 12:48:07 - [MESSAGE][PASSED] - ctdc.utilities.runtestcaseforKatalon.compareLists is PASSED

2020-05-12 12:48:09 - [TEST_STEP][PASSED] - Video: Video recording for test case 'Test Cases/Canine_TestCases/Gender/TC06_Canine_Filter_Gender-SpayedFemale' .

2020-05-12 12:48:09 - [MESSAGE][INFO] - Video recording for test case 'Test Cases/Canine_TestCases/Gender/TC06_Canine_Filter_Gender-SpayedFemale' .
[[ATTACHMENT|C:\\Users\\radhakrishnang2\\Desktop\\Commons_Automation\\Reports\\20200512_122313\\Canine_TestSuite\\20200512_122313/videos\\test_72.avi]]]]></system-out>
         <system-err><![CDATA[]]></system-err>
      </testcase>
      <testcase name="Test Cases/Canine_TestCases/TC_Filter_canine_END_TO_END_Sanbox" time="13.151" classname="Test Cases/Canine_TestCases/TC_Filter_canine_END_TO_END_Sanbox" status="PASSED">
         <system-out><![CDATA[2020-05-12 12:48:09 - [TEST_CASE][PASSED] - Test Cases/Canine_TestCases/TC_Filter_canine_END_TO_END_Sanbox: Test Cases/Canine_TestCases/TC_Filter_canine_END_TO_END_Sanbox

2020-05-12 12:48:09 - [TEST_STEP][PASSED] - openBrowser(""): Browser is opened with url: ''

2020-05-12 12:48:09 - [MESSAGE][WARNING] - A browser is already opened. Closing browser and opening a new one

2020-05-12 12:48:10 - [MESSAGE][INFO] - Starting 'Firefox (headless)' driver

2020-05-12 12:48:13 - [MESSAGE][PASSED] - Browser is opened with url: ''

2020-05-12 12:48:13 - [TEST_STEP][PASSED] - ctdc.utilities.runtestcaseforKatalon.browserDriver(""): ctdc.utilities.runtestcaseforKatalon.browserDriver is PASSED

2020-05-12 12:48:13 - [MESSAGE][PASSED] - ctdc.utilities.runtestcaseforKatalon.browserDriver is PASSED

2020-05-12 12:48:13 - [TEST_STEP][PASSED] - ctdc.utilities.runtestcaseforKatalon.RunKatalon("Password_canine.xlsx"): Data loaded from input file for the test case. 

2020-05-12 12:48:13 - [MESSAGE][PASSED] - Test case file loaded This is the full filepath after converting to string :C:\Users\radhakrishnang2\Desktop\Commons_Automation\InputFiles\Password_canine.xlsx

2020-05-12 12:48:13 - [MESSAGE][INFO] - Global variable set for password file is :  C:\Users\radhakrishnang2\Desktop\Commons_Automation\InputFiles\Password_canine.xlsx

2020-05-12 12:48:13 - [MESSAGE][PASSED] - Data loaded from input file for the test case. 

2020-05-12 12:48:17 - [TEST_STEP][PASSED] - click(findTestObject("Canine/Canine_Cases_Btn")): Object: 'Object Repository/Canine/Canine_Cases_Btn' is clicked on

2020-05-12 12:48:17 - [MESSAGE][PASSED] - Object: 'Object Repository/Canine/Canine_Cases_Btn' is clicked on

2020-05-12 12:48:17 - [TEST_STEP][PASSED] - waitForElementPresent(findTestObject("Canine/Canine_CasesTable"), 5): Object 'Object Repository/Canine/Canine_CasesTable' is present

2020-05-12 12:48:18 - [MESSAGE][PASSED] - Object 'Object Repository/Canine/Canine_CasesTable' is present

2020-05-12 12:48:18 - [TEST_STEP][PASSED] - click(findTestObject("Canine/Canine_SelectAll")): Object: 'Object Repository/Canine/Canine_SelectAll' is clicked on

2020-05-12 12:48:19 - [MESSAGE][PASSED] - Object: 'Object Repository/Canine/Canine_SelectAll' is clicked on

2020-05-12 12:48:19 - [TEST_STEP][PASSED] - click(findTestObject("Canine/Canine_SaveToMycases")): Object: 'Object Repository/Canine/Canine_SaveToMycases' is clicked on

2020-05-12 12:48:19 - [MESSAGE][PASSED] - Object: 'Object Repository/Canine/Canine_SaveToMycases' is clicked on

2020-05-12 12:48:19 - [TEST_STEP][PASSED] - click(findTestObject("Canine/Canine_MyCases")): Object: 'Object Repository/Canine/Canine_MyCases' is clicked on

2020-05-12 12:48:19 - [MESSAGE][PASSED] - Object: 'Object Repository/Canine/Canine_MyCases' is clicked on

2020-05-12 12:48:19 - [TEST_STEP][PASSED] - click(findTestObject("Canine/Canine_GoToFiles")): Object: 'Object Repository/Canine/Canine_GoToFiles' is clicked on

2020-05-12 12:48:19 - [MESSAGE][PASSED] - Object: 'Object Repository/Canine/Canine_GoToFiles' is clicked on

2020-05-12 12:48:19 - [TEST_STEP][PASSED] - click(findTestObject("Canine/Canine_SelectAll")): Object: 'Object Repository/Canine/Canine_SelectAll' is clicked on

2020-05-12 12:48:19 - [MESSAGE][PASSED] - Object: 'Object Repository/Canine/Canine_SelectAll' is clicked on

2020-05-12 12:48:19 - [TEST_STEP][PASSED] - click(findTestObject("Canine/Canine_DownloadManifest")): Object: 'Object Repository/Canine/Canine_DownloadManifest' is clicked on

2020-05-12 12:48:20 - [MESSAGE][PASSED] - Object: 'Object Repository/Canine/Canine_DownloadManifest' is clicked on

2020-05-12 12:48:22 - [TEST_STEP][PASSED] - Video: Video recording for test case 'Test Cases/Canine_TestCases/TC_Filter_canine_END_TO_END_Sanbox' .

2020-05-12 12:48:22 - [MESSAGE][INFO] - Video recording for test case 'Test Cases/Canine_TestCases/TC_Filter_canine_END_TO_END_Sanbox' .
[[ATTACHMENT|C:\\Users\\radhakrishnang2\\Desktop\\Commons_Automation\\Reports\\20200512_122313\\Canine_TestSuite\\20200512_122313/videos\\test_73.avi]]]]></system-out>
         <system-err><![CDATA[]]></system-err>
      </testcase>
      <testcase name="Test Cases/Canine_TestCases/TC_Filter_canine_END_TO_END_TWOCASES_Sanbox" time="14.451" classname="Test Cases/Canine_TestCases/TC_Filter_canine_END_TO_END_TWOCASES_Sanbox" status="PASSED">
         <system-out><![CDATA[2020-05-12 12:48:22 - [TEST_CASE][PASSED] - Test Cases/Canine_TestCases/TC_Filter_canine_END_TO_END_TWOCASES_Sanbox: Test Cases/Canine_TestCases/TC_Filter_canine_END_TO_END_TWOCASES_Sanbox

2020-05-12 12:48:23 - [TEST_STEP][PASSED] - openBrowser(""): Browser is opened with url: ''

2020-05-12 12:48:23 - [MESSAGE][WARNING] - A browser is already opened. Closing browser and opening a new one

2020-05-12 12:48:24 - [MESSAGE][INFO] - Starting 'Firefox (headless)' driver

2020-05-12 12:48:27 - [MESSAGE][PASSED] - Browser is opened with url: ''

2020-05-12 12:48:27 - [TEST_STEP][PASSED] - ctdc.utilities.runtestcaseforKatalon.browserDriver(""): ctdc.utilities.runtestcaseforKatalon.browserDriver is PASSED

2020-05-12 12:48:27 - [MESSAGE][PASSED] - ctdc.utilities.runtestcaseforKatalon.browserDriver is PASSED

2020-05-12 12:48:27 - [TEST_STEP][PASSED] - ctdc.utilities.runtestcaseforKatalon.RunKatalon("Password_canine.xlsx"): Data loaded from input file for the test case. 

2020-05-12 12:48:27 - [MESSAGE][PASSED] - Test case file loaded This is the full filepath after converting to string :C:\Users\radhakrishnang2\Desktop\Commons_Automation\InputFiles\Password_canine.xlsx

2020-05-12 12:48:27 - [MESSAGE][INFO] - Global variable set for password file is :  C:\Users\radhakrishnang2\Desktop\Commons_Automation\InputFiles\Password_canine.xlsx

2020-05-12 12:48:27 - [MESSAGE][PASSED] - Data loaded from input file for the test case. 

2020-05-12 12:48:31 - [TEST_STEP][PASSED] - click(findTestObject("Canine/Canine_Cases_Btn")): Object: 'Object Repository/Canine/Canine_Cases_Btn' is clicked on

2020-05-12 12:48:31 - [MESSAGE][PASSED] - Object: 'Object Repository/Canine/Canine_Cases_Btn' is clicked on

2020-05-12 12:48:31 - [TEST_STEP][PASSED] - waitForElementPresent(findTestObject("Canine/Canine_CasesTable"), 5): Object 'Object Repository/Canine/Canine_CasesTable' is present

2020-05-12 12:48:33 - [MESSAGE][PASSED] - Object 'Object Repository/Canine/Canine_CasesTable' is present

2020-05-12 12:48:33 - [TEST_STEP][PASSED] - click(findTestObject("Canine/Filter/StudyType/Canine_Filter_StudyType")): Object: 'Object Repository/Canine/Filter/StudyType/Canine_Filter_StudyType' is clicked on

2020-05-12 12:48:33 - [MESSAGE][PASSED] - Object: 'Object Repository/Canine/Filter/StudyType/Canine_Filter_StudyType' is clicked on

2020-05-12 12:48:33 - [TEST_STEP][PASSED] - click(findTestObject("Canine/Filter/StudyType/Canine_Filter_StudyType-Transcrip_Chkbx")): Object: 'Object Repository/Canine/Filter/StudyType/Canine_Filter_StudyType-Transcrip_Chkbx' is clicked on

2020-05-12 12:48:34 - [MESSAGE][PASSED] - Object: 'Object Repository/Canine/Filter/StudyType/Canine_Filter_StudyType-Transcrip_Chkbx' is clicked on

2020-05-12 12:48:34 - [TEST_STEP][PASSED] - ctdc.utilities.runtestcaseforKatalon.Select_case_checkbox("NCATS-COP01CCB010072", "one"): ctdc.utilities.runtestcaseforKatalon.Select_case_checkbox is PASSED

2020-05-12 12:48:34 - [MESSAGE][PASSED] - ctdc.utilities.runtestcaseforKatalon.Select_case_checkbox is PASSED

2020-05-12 12:48:34 - [TEST_STEP][PASSED] - waitForElementPresent(findTestObject("Canine/Canine_SaveToMycases"), 0): Object 'Object Repository/Canine/Canine_SaveToMycases' is present

2020-05-12 12:48:34 - [MESSAGE][WARNING] - Timeout '0' is invalid. Using default page load timeout: '30'

2020-05-12 12:48:34 - [MESSAGE][PASSED] - Object 'Object Repository/Canine/Canine_SaveToMycases' is present

2020-05-12 12:48:34 - [TEST_STEP][PASSED] - click(findTestObject("Canine/Canine_SaveToMycases")): Object: 'Object Repository/Canine/Canine_SaveToMycases' is clicked on

2020-05-12 12:48:34 - [MESSAGE][PASSED] - Object: 'Object Repository/Canine/Canine_SaveToMycases' is clicked on

2020-05-12 12:48:34 - [TEST_STEP][PASSED] - click(findTestObject("Canine/Canine_MyCases")): Object: 'Object Repository/Canine/Canine_MyCases' is clicked on

2020-05-12 12:48:34 - [MESSAGE][PASSED] - Object: 'Object Repository/Canine/Canine_MyCases' is clicked on

2020-05-12 12:48:34 - [TEST_STEP][PASSED] - click(findTestObject("Canine/Canine_GoToFiles")): Object: 'Object Repository/Canine/Canine_GoToFiles' is clicked on

2020-05-12 12:48:34 - [MESSAGE][PASSED] - Object: 'Object Repository/Canine/Canine_GoToFiles' is clicked on

2020-05-12 12:48:34 - [TEST_STEP][PASSED] - click(findTestObject("Canine/Canine_SelectAll")): Object: 'Object Repository/Canine/Canine_SelectAll' is clicked on

2020-05-12 12:48:35 - [MESSAGE][PASSED] - Object: 'Object Repository/Canine/Canine_SelectAll' is clicked on

2020-05-12 12:48:37 - [TEST_STEP][PASSED] - Video: Video recording for test case 'Test Cases/Canine_TestCases/TC_Filter_canine_END_TO_END_TWOCASES_Sanbox' .

2020-05-12 12:48:37 - [MESSAGE][INFO] - Video recording for test case 'Test Cases/Canine_TestCases/TC_Filter_canine_END_TO_END_TWOCASES_Sanbox' .
[[ATTACHMENT|C:\\Users\\radhakrishnang2\\Desktop\\Commons_Automation\\Reports\\20200512_122313\\Canine_TestSuite\\20200512_122313/videos\\test_74.avi]]]]></system-out>
         <system-err><![CDATA[]]></system-err>
      </testcase>
      <system-out><![CDATA[2020-05-12 12:23:16 - [TEST_SUITE][FAILED] - Canine_TestSuite: Test Cases/Canine_TestCases/Breed/TC10_Canine_Filter_Breed-Bouvier FAILED.
Reason:
com.kms.katalon.core.exception.StepFailedException: Unable to click on object 'Object Repository/Canine/Filter/Breed/Bouvier_Chkbx'
	at com.kms.katalon.core.webui.keyword.internal.WebUIKeywordMain.stepFailed(WebUIKeywordMain.groovy:64)
	at com.kms.katalon.core.webui.keyword.internal.WebUIKeywordMain.runKeyword(WebUIKeywordMain.groovy:26)
	at com.kms.katalon.core.webui.keyword.builtin.ClickKeyword.click(ClickKeyword.groovy:76)
	at com.kms.katalon.core.webui.keyword.builtin.ClickKeyword.execute(ClickKeyword.groovy:43)
	at com.kms.katalon.core.keyword.internal.KeywordExecutor.executeKeywordForPlatform(KeywordExecutor.groovy:72)
	at com.kms.katalon.core.webui.keyword.WebUiBuiltInKeywords.click(WebUiBuiltInKeywords.groovy:616)
	at com.kms.katalon.core.webui.keyword.WebUiBuiltInKeywords$click$0.call(Unknown Source)
	at TC10_Canine_Filter_Breed-Bouvier.run(TC10_Canine_Filter_Breed-Bouvier:51)
	at com.kms.katalon.core.main.ScriptEngine.run(ScriptEngine.java:194)
	at com.kms.katalon.core.main.ScriptEngine.runScriptAsRawText(ScriptEngine.java:119)
	at com.kms.katalon.core.main.TestCaseExecutor.runScript(TestCaseExecutor.java:337)
	at com.kms.katalon.core.main.TestCaseExecutor.doExecute(TestCaseExecutor.java:328)
	at com.kms.katalon.core.main.TestCaseExecutor.processExecutionPhase(TestCaseExecutor.java:307)
	at com.kms.katalon.core.main.TestCaseExecutor.accessMainPhase(TestCaseExecutor.java:299)
	at com.kms.katalon.core.main.TestCaseExecutor.execute(TestCaseExecutor.java:233)
	at com.kms.katalon.core.main.TestSuiteExecutor.accessTestCaseMainPhase(TestSuiteExecutor.java:169)
	at com.kms.katalon.core.main.TestSuiteExecutor.accessTestSuiteMainPhase(TestSuiteExecutor.java:142)
	at com.kms.katalon.core.main.TestSuiteExecutor.execute(TestSuiteExecutor.java:91)
	at com.kms.katalon.core.main.TestCaseMain.startTestSuite(TestCaseMain.java:157)
	at com.kms.katalon.core.main.TestCaseMain$startTestSuite$0.call(Unknown Source)
	at TempTestSuite1589311393960.run(TempTestSuite1589311393960.groovy:36)
Caused by: com.kms.katalon.core.webui.exception.WebElementNotFoundException: Web element with id: 'Object Repository/Canine/Filter/Breed/Bouvier_Chkbx' located by 'By.xpath: //span[contains(text(),'Bouvier des Flandres')]//parent::div//parent::divadded12345' not found
	at com.kms.katalon.core.webui.common.WebUiCommonHelper.findWebElement(WebUiCommonHelper.java:1154)
	at com.kms.katalon.core.webui.keyword.internal.WebUIAbstractKeyword.findWebElement(WebUIAbstractKeyword.groovy:27)
	at com.kms.katalon.core.webui.keyword.internal.WebUIAbstractKeyword.findWebElement(WebUIAbstractKeyword.groovy:26)
	at com.kms.katalon.core.webui.keyword.builtin.ClickKeyword$_click_closure1.doCall(ClickKeyword.groovy:67)
	at com.kms.katalon.core.webui.keyword.builtin.ClickKeyword$_click_closure1.call(ClickKeyword.groovy)
	at com.kms.katalon.core.webui.keyword.internal.WebUIKeywordMain.runKeyword(WebUIKeywordMain.groovy:20)
	... 19 more]]></system-out>
      <system-err><![CDATA[2020-05-12 12:23:16 - [TEST_SUITE][FAILED] - Canine_TestSuite: Test Cases/Canine_TestCases/Breed/TC10_Canine_Filter_Breed-Bouvier FAILED.
Reason:
com.kms.katalon.core.exception.StepFailedException: Unable to click on object 'Object Repository/Canine/Filter/Breed/Bouvier_Chkbx'
	at com.kms.katalon.core.webui.keyword.internal.WebUIKeywordMain.stepFailed(WebUIKeywordMain.groovy:64)
	at com.kms.katalon.core.webui.keyword.internal.WebUIKeywordMain.runKeyword(WebUIKeywordMain.groovy:26)
	at com.kms.katalon.core.webui.keyword.builtin.ClickKeyword.click(ClickKeyword.groovy:76)
	at com.kms.katalon.core.webui.keyword.builtin.ClickKeyword.execute(ClickKeyword.groovy:43)
	at com.kms.katalon.core.keyword.internal.KeywordExecutor.executeKeywordForPlatform(KeywordExecutor.groovy:72)
	at com.kms.katalon.core.webui.keyword.WebUiBuiltInKeywords.click(WebUiBuiltInKeywords.groovy:616)
	at com.kms.katalon.core.webui.keyword.WebUiBuiltInKeywords$click$0.call(Unknown Source)
	at TC10_Canine_Filter_Breed-Bouvier.run(TC10_Canine_Filter_Breed-Bouvier:51)
	at com.kms.katalon.core.main.ScriptEngine.run(ScriptEngine.java:194)
	at com.kms.katalon.core.main.ScriptEngine.runScriptAsRawText(ScriptEngine.java:119)
	at com.kms.katalon.core.main.TestCaseExecutor.runScript(TestCaseExecutor.java:337)
	at com.kms.katalon.core.main.TestCaseExecutor.doExecute(TestCaseExecutor.java:328)
	at com.kms.katalon.core.main.TestCaseExecutor.processExecutionPhase(TestCaseExecutor.java:307)
	at com.kms.katalon.core.main.TestCaseExecutor.accessMainPhase(TestCaseExecutor.java:299)
	at com.kms.katalon.core.main.TestCaseExecutor.execute(TestCaseExecutor.java:233)
	at com.kms.katalon.core.main.TestSuiteExecutor.accessTestCaseMainPhase(TestSuiteExecutor.java:169)
	at com.kms.katalon.core.main.TestSuiteExecutor.accessTestSuiteMainPhase(TestSuiteExecutor.java:142)
	at com.kms.katalon.core.main.TestSuiteExecutor.execute(TestSuiteExecutor.java:91)
	at com.kms.katalon.core.main.TestCaseMain.startTestSuite(TestCaseMain.java:157)
	at com.kms.katalon.core.main.TestCaseMain$startTestSuite$0.call(Unknown Source)
	at TempTestSuite1589311393960.run(TempTestSuite1589311393960.groovy:36)
Caused by: com.kms.katalon.core.webui.exception.WebElementNotFoundException: Web element with id: 'Object Repository/Canine/Filter/Breed/Bouvier_Chkbx' located by 'By.xpath: //span[contains(text(),'Bouvier des Flandres')]//parent::div//parent::divadded12345' not found
	at com.kms.katalon.core.webui.common.WebUiCommonHelper.findWebElement(WebUiCommonHelper.java:1154)
	at com.kms.katalon.core.webui.keyword.internal.WebUIAbstractKeyword.findWebElement(WebUIAbstractKeyword.groovy:27)
	at com.kms.katalon.core.webui.keyword.internal.WebUIAbstractKeyword.findWebElement(WebUIAbstractKeyword.groovy:26)
	at com.kms.katalon.core.webui.keyword.builtin.ClickKeyword$_click_closure1.doCall(ClickKeyword.groovy:67)
	at com.kms.katalon.core.webui.keyword.builtin.ClickKeyword$_click_closure1.call(ClickKeyword.groovy)
	at com.kms.katalon.core.webui.keyword.internal.WebUIKeywordMain.runKeyword(WebUIKeywordMain.groovy:20)
	... 19 more]]></system-err>
   </testsuite>
</testsuites>
