<?xml version="1.0" encoding="UTF-8"?>
<testsuites name="Bento_Partial_Regression" time="4977.211" tests="30" failures="0" errors="0">
   <testsuite name="Bento_Partial_Regression" tests="30" failures="0" errors="0" time="4977.211" skipped="0" timestamp="2021-12-01 17:09:29" hostname="sohilz2 - host.docker.internal" id="Test Suites/Bento_Partial_Regression">
      <properties>
         <property name="deviceName" value=""/>
         <property name="devicePlatform" value=""/>
         <property name="logFolder" value="C:\\Users\\sohilz2\\Commons_Automation\\Reports\\20211201_170918\\Bento_Partial_Regression\\20211201_170918"/>
         <property name="logFiles" value="C:\\Users\\sohilz2\\Commons_Automation\\Reports\\20211201_170918\\Bento_Partial_Regression\\20211201_170918\\execution0.log"/>
         <property name="attachments" value=""/>
         <property name="hostName" value="sohilz2 - host.docker.internal"/>
         <property name="os" value="Windows 10 64bit"/>
         <property name="katalonVersion" value="8.2.0.208"/>
         <property name="browser" value="Chrome 96.0.4664.45"/>
         <property name="hostAddress" value="192.168.0.86"/>
         <property name="sessionId" value="04d24f0b15b199f2efb2b047944dd414"/>
         <property name="seleniumVersion" value="3.141.59"/>
         <property name="proxyInformation" value="ProxyInformation { proxyOption=NO_PROXY, proxyServerType=HTTP, username=, password=********, proxyServerAddress=, proxyServerPort=0, executionList=&quot;&quot;, isApplyToDesiredCapabilities=true }"/>
         <property name="platform" value="Windows 10"/>
      </properties>
      <testcase name="Test Cases/Bento_TestCases/Chemotherapy/TC03_Bento_Filter_Chemo-FEC3WkCycles" time="77.63" classname="Test Cases/Bento_TestCases/Chemotherapy/TC03_Bento_Filter_Chemo-FEC3WkCycles" status="PASSED">
         <system-out><![CDATA[2021-12-01 17:09:33 - [TEST_CASE][PASSED] - Test Cases/Bento_TestCases/Chemotherapy/TC03_Bento_Filter_Chemo-FEC3WkCycles: Test Cases/Bento_TestCases/Chemotherapy/TC03_Bento_Filter_Chemo-FEC3WkCycles

2021-12-01 17:09:33 - [TEST_STEP][PASSED] - Start listener action : getTestScriptName: null

2021-12-01 17:09:33 - [TEST_STEP][PASSED] - TestCaseId = testCaseContext.getTestCaseId(): null

2021-12-01 17:09:33 - [TEST_STEP][PASSED] - out.println("**********this is the value of test case id string******** " + testCaseContext.getTestCaseId()): null

2021-12-01 17:09:33 - [TEST_STEP][PASSED] - G_currentTCName = TestCaseId.substring(TestCaseId.lastIndexOf("TC")): null

2021-12-01 17:09:33 - [TEST_STEP][PASSED] - out.println("This is the test case name : " + G_currentTCName): null

2021-12-01 17:09:35 - [TEST_STEP][PASSED] - closeBrowser(): Browser is closed

2021-12-01 17:09:36 - [MESSAGE][PASSED] - Browser is closed

2021-12-01 17:09:36 - [TEST_STEP][PASSED] - ctdc.utilities.runtestcaseforKatalon.RunKatalon("TC03_Bento_Filter_Chemo-FEC3WkCycles.xlsx"): Data loaded from input file for the test case. 

2021-12-01 17:09:36 - [MESSAGE][PASSED] - Test case file loaded This is the full filepath after converting to string :C:\Users\sohilz2\Commons_Automation\InputFiles\TC03_Bento_Filter_Chemo-FEC3WkCycles.xlsx

2021-12-01 17:09:36 - [MESSAGE][INFO] - Global variable set for password file is :  C:\Users\sohilz2\Commons_Automation\InputFiles\TC03_Bento_Filter_Chemo-FEC3WkCycles.xlsx

2021-12-01 17:09:41 - [MESSAGE][PASSED] - Data loaded from input file for the test case. 

2021-12-01 17:10:02 - [TEST_STEP][PASSED] - waitForElementClickable(findTestObject("Object Repository/Bento/NavBar/Bento_Cases-Btn"), 5): Object 'Object Repository/Bento/NavBar/Bento_Cases-Btn' is clickable

2021-12-01 17:10:02 - [MESSAGE][PASSED] - Object 'Object Repository/Bento/NavBar/Bento_Cases-Btn' is clickable

2021-12-01 17:10:02 - [TEST_STEP][PASSED] - ctdc.utilities.runtestcaseforKatalon.clickTab("Object Repository/Bento/NavBar/Bento_Cases-Btn"): ctdc.utilities.runtestcaseforKatalon.clickTab is PASSED

2021-12-01 17:10:03 - [MESSAGE][PASSED] - ctdc.utilities.runtestcaseforKatalon.clickTab is PASSED

2021-12-01 17:10:03 - [TEST_STEP][PASSED] - waitForElementClickable(findTestObject("Bento/Cases_page/Filter/FilterByCases_Facet"), 5): Object 'Object Repository/Bento/Cases_page/Filter/FilterByCases_Facet' is clickable

2021-12-01 17:10:04 - [MESSAGE][PASSED] - Object 'Object Repository/Bento/Cases_page/Filter/FilterByCases_Facet' is clickable

2021-12-01 17:10:04 - [TEST_STEP][PASSED] - ctdc.utilities.runtestcaseforKatalon.clickTab("Bento/Cases_page/Filter/FilterByCases_Facet"): ctdc.utilities.runtestcaseforKatalon.clickTab is PASSED

2021-12-01 17:10:05 - [MESSAGE][PASSED] - ctdc.utilities.runtestcaseforKatalon.clickTab is PASSED

2021-12-01 17:10:05 - [TEST_STEP][PASSED] - waitForElementClickable(findTestObject("Bento/Cases_page/Filter/Chemotherapy/Chemotherapy_Ddn"), 5): Object 'Object Repository/Bento/Cases_page/Filter/Chemotherapy/Chemotherapy_Ddn' is clickable

2021-12-01 17:10:05 - [MESSAGE][PASSED] - Object 'Object Repository/Bento/Cases_page/Filter/Chemotherapy/Chemotherapy_Ddn' is clickable

2021-12-01 17:10:05 - [TEST_STEP][PASSED] - ctdc.utilities.runtestcaseforKatalon.clickTab("Bento/Cases_page/Filter/Chemotherapy/Chemotherapy_Ddn"): ctdc.utilities.runtestcaseforKatalon.clickTab is PASSED

2021-12-01 17:10:06 - [MESSAGE][PASSED] - ctdc.utilities.runtestcaseforKatalon.clickTab is PASSED

2021-12-01 17:10:06 - [TEST_STEP][PASSED] - ctdc.utilities.runtestcaseforKatalon.clickTab("Object Repository/Bento/Cases_page/Filter/Chemotherapy/FEC3WkCycle_Chkbx"): ctdc.utilities.runtestcaseforKatalon.clickTab is PASSED

2021-12-01 17:10:06 - [MESSAGE][PASSED] - ctdc.utilities.runtestcaseforKatalon.clickTab is PASSED

2021-12-01 17:10:06 - [TEST_STEP][PASSED] - ctdc.utilities.runtestcaseforKatalon.clickTab("Object Repository/Bento/Cases_page/Filter/Chemotherapy/Chemotherapy_Ddn"): ctdc.utilities.runtestcaseforKatalon.clickTab is PASSED

2021-12-01 17:10:08 - [MESSAGE][PASSED] - ctdc.utilities.runtestcaseforKatalon.clickTab is PASSED

2021-12-01 17:10:08 - [TEST_STEP][PASSED] - ctdc.utilities.runtestcaseforKatalon.readStatBarBento("Object Repository/Bento/StatBar/Bento_StatBar-Programs", "Object Repository/Bento/StatBar/Bento_StatBar-Arms", "Object Repository/Bento/StatBar/Bento_StatBar-Cases", "Object Repository/Bento/StatBar/Bento_StatBar-Samples", "Object Repository/Bento/StatBar/Bento_StatBar-Assays", "Object Repository/Bento/StatBar/Bento_StatBar-Files"): ctdc.utilities.runtestcaseforKatalon.readStatBarBento is PASSED

2021-12-01 17:10:17 - [MESSAGE][PASSED] - ctdc.utilities.runtestcaseforKatalon.readStatBarBento is PASSED

2021-12-01 17:10:17 - [TEST_STEP][PASSED] - waitForElementPresent(findTestObject("Object Repository/Bento/Cases_page/BentoResults_Cases_Tab"), 5): Object 'Object Repository/Bento/Cases_page/BentoResults_Cases_Tab' is present

2021-12-01 17:10:17 - [MESSAGE][PASSED] - Object 'Object Repository/Bento/Cases_page/BentoResults_Cases_Tab' is present

2021-12-01 17:10:17 - [TEST_STEP][PASSED] - ctdc.utilities.runtestcaseforKatalon.clickTab("Object Repository/Bento/Cases_page/BentoResults_Cases_Tab"): ctdc.utilities.runtestcaseforKatalon.clickTab is PASSED

2021-12-01 17:10:18 - [MESSAGE][PASSED] - ctdc.utilities.runtestcaseforKatalon.clickTab is PASSED

2021-12-01 17:10:18 - [TEST_STEP][PASSED] - ctdc.utilities.runtestcaseforKatalon.multiFunction("Bento", G_StatBar_Cases, "Object Repository/Bento/Cases_page/Bento_CasesTable", "Object Repository/Bento/Cases_page/Bento_CasesTableHeader", "Object Repository/Bento/Cases_page/Bento_CasesTabNextBtn", G_WebTabnameCases, G_CypherTabnameCases, G_QueryCasesTab): Statbar Files count matches

2021-12-01 17:10:50 - [MESSAGE][PASSED] - Statbar Programs count matches

2021-12-01 17:10:50 - [MESSAGE][PASSED] - Statbar Arms count matches

2021-12-01 17:10:50 - [MESSAGE][PASSED] - Statbar Cases count matches

2021-12-01 17:10:50 - [MESSAGE][PASSED] - Statbar Samples count matches

2021-12-01 17:10:50 - [MESSAGE][PASSED] - Statbar Assays count matches

2021-12-01 17:10:50 - [MESSAGE][PASSED] - Statbar Files count matches

2021-12-01 17:10:50 - [TEST_STEP][PASSED] - closeBrowser(): Browser is closed

2021-12-01 17:10:50 - [MESSAGE][PASSED] - Browser is closed]]></system-out>
         <system-err><![CDATA[]]></system-err>
      </testcase>
      <testcase name="Test Cases/Bento_TestCases/Chemotherapy/TC04_Bento_Filter_Chemo-IV_CMF" time="40.464" classname="Test Cases/Bento_TestCases/Chemotherapy/TC04_Bento_Filter_Chemo-IV_CMF" status="PASSED">
         <system-out><![CDATA[2021-12-01 17:10:50 - [TEST_CASE][PASSED] - Test Cases/Bento_TestCases/Chemotherapy/TC04_Bento_Filter_Chemo-IV_CMF: Test Cases/Bento_TestCases/Chemotherapy/TC04_Bento_Filter_Chemo-IV_CMF

2021-12-01 17:10:50 - [TEST_STEP][PASSED] - Start listener action : getTestScriptName: null

2021-12-01 17:10:50 - [TEST_STEP][PASSED] - TestCaseId = testCaseContext.getTestCaseId(): null

2021-12-01 17:10:50 - [TEST_STEP][PASSED] - out.println("**********this is the value of test case id string******** " + testCaseContext.getTestCaseId()): null

2021-12-01 17:10:50 - [TEST_STEP][PASSED] - G_currentTCName = TestCaseId.substring(TestCaseId.lastIndexOf("TC")): null

2021-12-01 17:10:50 - [TEST_STEP][PASSED] - out.println("This is the test case name : " + G_currentTCName): null

2021-12-01 17:10:51 - [TEST_STEP][PASSED] - closeBrowser(): Browser is closed

2021-12-01 17:10:51 - [MESSAGE][PASSED] - Browser is closed

2021-12-01 17:10:51 - [TEST_STEP][PASSED] - openBrowser(""): Browser is opened with url: ''

2021-12-01 17:10:51 - [MESSAGE][INFO] - Starting 'Chrome (headless)' driver

2021-12-01 17:10:51 - [MESSAGE][INFO] - User set preference: ['args', '[--no-sandbox]']

2021-12-01 17:10:51 - [MESSAGE][INFO] - Action delay is set to 0 milliseconds

2021-12-01 17:10:53 - [MESSAGE][PASSED] - Browser is opened with url: ''

2021-12-01 17:10:53 - [TEST_STEP][PASSED] - maximizeWindow(): Current window maximized

2021-12-01 17:10:53 - [MESSAGE][PASSED] - Current window maximized

2021-12-01 17:10:53 - [TEST_STEP][PASSED] - ctdc.utilities.runtestcaseforKatalon.RunKatalon("TC04_Bento_Filter_Chemo-IV_CMF.xlsx"): Data loaded from input file for the test case. 

2021-12-01 17:10:53 - [MESSAGE][PASSED] - Test case file loaded This is the full filepath after converting to string :C:\Users\sohilz2\Commons_Automation\InputFiles\TC04_Bento_Filter_Chemo-IV_CMF.xlsx

2021-12-01 17:10:53 - [MESSAGE][INFO] - Global variable set for password file is :  C:\Users\sohilz2\Commons_Automation\InputFiles\TC04_Bento_Filter_Chemo-IV_CMF.xlsx

2021-12-01 17:10:57 - [MESSAGE][PASSED] - Data loaded from input file for the test case. 

2021-12-01 17:11:11 - [TEST_STEP][PASSED] - waitForElementClickable(findTestObject("Object Repository/Bento/NavBar/Bento_Cases-Btn"), 5): Object 'Object Repository/Bento/NavBar/Bento_Cases-Btn' is clickable

2021-12-01 17:11:11 - [MESSAGE][PASSED] - Object 'Object Repository/Bento/NavBar/Bento_Cases-Btn' is clickable

2021-12-01 17:11:11 - [TEST_STEP][PASSED] - ctdc.utilities.runtestcaseforKatalon.clickTab("Object Repository/Bento/NavBar/Bento_Cases-Btn"): ctdc.utilities.runtestcaseforKatalon.clickTab is PASSED

2021-12-01 17:11:11 - [MESSAGE][PASSED] - ctdc.utilities.runtestcaseforKatalon.clickTab is PASSED

2021-12-01 17:11:11 - [TEST_STEP][PASSED] - waitForElementClickable(findTestObject("Bento/Cases_page/Filter/FilterByCases_Facet"), 5): Object 'Object Repository/Bento/Cases_page/Filter/FilterByCases_Facet' is clickable

2021-12-01 17:11:13 - [MESSAGE][PASSED] - Object 'Object Repository/Bento/Cases_page/Filter/FilterByCases_Facet' is clickable

2021-12-01 17:11:13 - [TEST_STEP][PASSED] - ctdc.utilities.runtestcaseforKatalon.clickTab("Bento/Cases_page/Filter/FilterByCases_Facet"): ctdc.utilities.runtestcaseforKatalon.clickTab is PASSED

2021-12-01 17:11:13 - [MESSAGE][PASSED] - ctdc.utilities.runtestcaseforKatalon.clickTab is PASSED

2021-12-01 17:11:13 - [TEST_STEP][PASSED] - waitForElementClickable(findTestObject("Bento/Cases_page/Filter/Chemotherapy/Chemotherapy_Ddn"), 5): Object 'Object Repository/Bento/Cases_page/Filter/Chemotherapy/Chemotherapy_Ddn' is clickable

2021-12-01 17:11:14 - [MESSAGE][PASSED] - Object 'Object Repository/Bento/Cases_page/Filter/Chemotherapy/Chemotherapy_Ddn' is clickable

2021-12-01 17:11:14 - [TEST_STEP][PASSED] - ctdc.utilities.runtestcaseforKatalon.clickTab("Bento/Cases_page/Filter/Chemotherapy/Chemotherapy_Ddn"): ctdc.utilities.runtestcaseforKatalon.clickTab is PASSED

2021-12-01 17:11:14 - [MESSAGE][PASSED] - ctdc.utilities.runtestcaseforKatalon.clickTab is PASSED

2021-12-01 17:11:14 - [TEST_STEP][PASSED] - ctdc.utilities.runtestcaseforKatalon.clickTab("Object Repository/Bento/Cases_page/Filter/Chemotherapy/IVCMF-3WkCycle_Chkbx"): ctdc.utilities.runtestcaseforKatalon.clickTab is PASSED

2021-12-01 17:11:14 - [MESSAGE][PASSED] - ctdc.utilities.runtestcaseforKatalon.clickTab is PASSED

2021-12-01 17:11:14 - [TEST_STEP][PASSED] - ctdc.utilities.runtestcaseforKatalon.clickTab("Object Repository/Bento/Cases_page/Filter/Chemotherapy/Chemotherapy_Ddn"): ctdc.utilities.runtestcaseforKatalon.clickTab is PASSED

2021-12-01 17:11:15 - [MESSAGE][PASSED] - ctdc.utilities.runtestcaseforKatalon.clickTab is PASSED

2021-12-01 17:11:15 - [TEST_STEP][PASSED] - ctdc.utilities.runtestcaseforKatalon.readStatBarBento("Object Repository/Bento/StatBar/Bento_StatBar-Programs", "Object Repository/Bento/StatBar/Bento_StatBar-Arms", "Object Repository/Bento/StatBar/Bento_StatBar-Cases", "Object Repository/Bento/StatBar/Bento_StatBar-Samples", "Object Repository/Bento/StatBar/Bento_StatBar-Assays", "Object Repository/Bento/StatBar/Bento_StatBar-Files"): ctdc.utilities.runtestcaseforKatalon.readStatBarBento is PASSED

2021-12-01 17:11:24 - [MESSAGE][PASSED] - ctdc.utilities.runtestcaseforKatalon.readStatBarBento is PASSED

2021-12-01 17:11:24 - [TEST_STEP][PASSED] - ctdc.utilities.ReadExcel.Neo4j(G_CypherTabnameCases, G_QueryCasesTab): ctdc.utilities.ReadExcel.Neo4j is PASSED

2021-12-01 17:11:30 - [MESSAGE][PASSED] - ctdc.utilities.ReadExcel.Neo4j is PASSED

2021-12-01 17:11:30 - [TEST_STEP][PASSED] - ctdc.utilities.runtestcaseforKatalon.validateStatBar("Bento"): Statbar Files count matches

2021-12-01 17:11:30 - [MESSAGE][PASSED] - Statbar Programs count matches

2021-12-01 17:11:30 - [MESSAGE][PASSED] - Statbar Arms count matches

2021-12-01 17:11:30 - [MESSAGE][PASSED] - Statbar Cases count matches

2021-12-01 17:11:30 - [MESSAGE][PASSED] - Statbar Samples count matches

2021-12-01 17:11:30 - [MESSAGE][PASSED] - Statbar Assays count matches

2021-12-01 17:11:30 - [MESSAGE][PASSED] - Statbar Files count matches

2021-12-01 17:11:30 - [TEST_STEP][PASSED] - closeBrowser(): Browser is closed

2021-12-01 17:11:31 - [MESSAGE][PASSED] - Browser is closed]]></system-out>
         <system-err><![CDATA[]]></system-err>
      </testcase>
      <testcase name="Test Cases/Bento_TestCases/Chemotherapy/TC05_Bento_Filter_Chemo-None" time="794.573" classname="Test Cases/Bento_TestCases/Chemotherapy/TC05_Bento_Filter_Chemo-None" status="PASSED">
         <system-out><![CDATA[2021-12-01 17:11:31 - [TEST_CASE][PASSED] - Test Cases/Bento_TestCases/Chemotherapy/TC05_Bento_Filter_Chemo-None: Test Cases/Bento_TestCases/Chemotherapy/TC05_Bento_Filter_Chemo-None

2021-12-01 17:11:31 - [TEST_STEP][PASSED] - Start listener action : getTestScriptName: null

2021-12-01 17:11:31 - [TEST_STEP][PASSED] - TestCaseId = testCaseContext.getTestCaseId(): null

2021-12-01 17:11:31 - [TEST_STEP][PASSED] - out.println("**********this is the value of test case id string******** " + testCaseContext.getTestCaseId()): null

2021-12-01 17:11:31 - [TEST_STEP][PASSED] - G_currentTCName = TestCaseId.substring(TestCaseId.lastIndexOf("TC")): null

2021-12-01 17:11:31 - [TEST_STEP][PASSED] - out.println("This is the test case name : " + G_currentTCName): null

2021-12-01 17:11:32 - [TEST_STEP][PASSED] - closeBrowser(): Browser is closed

2021-12-01 17:11:32 - [MESSAGE][PASSED] - Browser is closed

2021-12-01 17:11:32 - [TEST_STEP][PASSED] - ctdc.utilities.runtestcaseforKatalon.RunKatalon("TC05_Bento_Filter_Chemo-None.xlsx"): Data loaded from input file for the test case. 

2021-12-01 17:11:32 - [MESSAGE][PASSED] - Test case file loaded This is the full filepath after converting to string :C:\Users\sohilz2\Commons_Automation\InputFiles\TC05_Bento_Filter_Chemo-None.xlsx

2021-12-01 17:11:32 - [MESSAGE][INFO] - Global variable set for password file is :  C:\Users\sohilz2\Commons_Automation\InputFiles\TC05_Bento_Filter_Chemo-None.xlsx

2021-12-01 17:11:36 - [MESSAGE][PASSED] - Data loaded from input file for the test case. 

2021-12-01 17:11:52 - [TEST_STEP][PASSED] - waitForElementClickable(findTestObject("Object Repository/Bento/NavBar/Bento_Cases-Btn"), 5): Object 'Object Repository/Bento/NavBar/Bento_Cases-Btn' is clickable

2021-12-01 17:11:52 - [MESSAGE][PASSED] - Object 'Object Repository/Bento/NavBar/Bento_Cases-Btn' is clickable

2021-12-01 17:11:52 - [TEST_STEP][PASSED] - ctdc.utilities.runtestcaseforKatalon.clickTab("Object Repository/Bento/NavBar/Bento_Cases-Btn"): ctdc.utilities.runtestcaseforKatalon.clickTab is PASSED

2021-12-01 17:11:52 - [MESSAGE][PASSED] - ctdc.utilities.runtestcaseforKatalon.clickTab is PASSED

2021-12-01 17:11:52 - [TEST_STEP][PASSED] - waitForElementClickable(findTestObject("Bento/Cases_page/Filter/FilterByCases_Facet"), 5): Object 'Object Repository/Bento/Cases_page/Filter/FilterByCases_Facet' is clickable

2021-12-01 17:11:56 - [MESSAGE][PASSED] - Object 'Object Repository/Bento/Cases_page/Filter/FilterByCases_Facet' is clickable

2021-12-01 17:11:56 - [TEST_STEP][PASSED] - ctdc.utilities.runtestcaseforKatalon.clickTab("Bento/Cases_page/Filter/FilterByCases_Facet"): ctdc.utilities.runtestcaseforKatalon.clickTab is PASSED

2021-12-01 17:11:57 - [MESSAGE][PASSED] - ctdc.utilities.runtestcaseforKatalon.clickTab is PASSED

2021-12-01 17:11:57 - [TEST_STEP][PASSED] - waitForElementClickable(findTestObject("Bento/Cases_page/Filter/Chemotherapy/Chemotherapy_Ddn"), 5): Object 'Object Repository/Bento/Cases_page/Filter/Chemotherapy/Chemotherapy_Ddn' is clickable

2021-12-01 17:11:58 - [MESSAGE][PASSED] - Object 'Object Repository/Bento/Cases_page/Filter/Chemotherapy/Chemotherapy_Ddn' is clickable

2021-12-01 17:11:58 - [TEST_STEP][PASSED] - ctdc.utilities.runtestcaseforKatalon.clickTab("Bento/Cases_page/Filter/Chemotherapy/Chemotherapy_Ddn"): ctdc.utilities.runtestcaseforKatalon.clickTab is PASSED

2021-12-01 17:11:59 - [MESSAGE][PASSED] - ctdc.utilities.runtestcaseforKatalon.clickTab is PASSED

2021-12-01 17:11:59 - [TEST_STEP][PASSED] - ctdc.utilities.runtestcaseforKatalon.clickTab("Object Repository/Bento/Cases_page/Filter/Chemotherapy/None_Chkbx"): ctdc.utilities.runtestcaseforKatalon.clickTab is PASSED

2021-12-01 17:12:01 - [MESSAGE][PASSED] - ctdc.utilities.runtestcaseforKatalon.clickTab is PASSED

2021-12-01 17:12:01 - [TEST_STEP][PASSED] - ctdc.utilities.runtestcaseforKatalon.clickTab("Object Repository/Bento/Cases_page/Filter/Chemotherapy/Chemotherapy_Ddn"): ctdc.utilities.runtestcaseforKatalon.clickTab is PASSED

2021-12-01 17:12:02 - [MESSAGE][PASSED] - ctdc.utilities.runtestcaseforKatalon.clickTab is PASSED

2021-12-01 17:12:02 - [TEST_STEP][PASSED] - ctdc.utilities.runtestcaseforKatalon.readStatBarBento("Object Repository/Bento/StatBar/Bento_StatBar-Programs", "Object Repository/Bento/StatBar/Bento_StatBar-Arms", "Object Repository/Bento/StatBar/Bento_StatBar-Cases", "Object Repository/Bento/StatBar/Bento_StatBar-Samples", "Object Repository/Bento/StatBar/Bento_StatBar-Assays", "Object Repository/Bento/StatBar/Bento_StatBar-Files"): ctdc.utilities.runtestcaseforKatalon.readStatBarBento is PASSED

2021-12-01 17:12:15 - [MESSAGE][PASSED] - ctdc.utilities.runtestcaseforKatalon.readStatBarBento is PASSED

2021-12-01 17:12:15 - [TEST_STEP][PASSED] - waitForElementPresent(findTestObject("Object Repository/Bento/Cases_page/BentoResults_Cases_Tab"), 5): Object 'Object Repository/Bento/Cases_page/BentoResults_Cases_Tab' is present

2021-12-01 17:12:16 - [MESSAGE][PASSED] - Object 'Object Repository/Bento/Cases_page/BentoResults_Cases_Tab' is present

2021-12-01 17:12:16 - [TEST_STEP][PASSED] - ctdc.utilities.runtestcaseforKatalon.clickTab("Object Repository/Bento/Cases_page/BentoResults_Cases_Tab"): ctdc.utilities.runtestcaseforKatalon.clickTab is PASSED

2021-12-01 17:12:18 - [MESSAGE][PASSED] - ctdc.utilities.runtestcaseforKatalon.clickTab is PASSED

2021-12-01 17:12:18 - [TEST_STEP][PASSED] - ctdc.utilities.runtestcaseforKatalon.multiFunction("Bento", G_StatBar_Cases, "Object Repository/Bento/Cases_page/Bento_CasesTable", "Object Repository/Bento/Cases_page/Bento_CasesTableHeader", "Object Repository/Bento/Cases_page/Bento_CasesTabNextBtn", G_WebTabnameCases, G_CypherTabnameCases, G_QueryCasesTab): Statbar Files count matches

2021-12-01 17:24:45 - [MESSAGE][PASSED] - Statbar Programs count matches

2021-12-01 17:24:45 - [MESSAGE][PASSED] - Statbar Arms count matches

2021-12-01 17:24:45 - [MESSAGE][PASSED] - Statbar Cases count matches

2021-12-01 17:24:45 - [MESSAGE][PASSED] - Statbar Samples count matches

2021-12-01 17:24:45 - [MESSAGE][PASSED] - Statbar Assays count matches

2021-12-01 17:24:45 - [MESSAGE][PASSED] - Statbar Files count matches

2021-12-01 17:24:45 - [TEST_STEP][PASSED] - closeBrowser(): Browser is closed

2021-12-01 17:24:45 - [MESSAGE][PASSED] - Browser is closed]]></system-out>
         <system-err><![CDATA[]]></system-err>
      </testcase>
      <testcase name="Test Cases/Bento_TestCases/Chemotherapy/TC09_Bento_Filter_Chemo-OtherWithoutTaxane" time="50.582" classname="Test Cases/Bento_TestCases/Chemotherapy/TC09_Bento_Filter_Chemo-OtherWithoutTaxane" status="PASSED">
         <system-out><![CDATA[2021-12-01 17:24:45 - [TEST_CASE][PASSED] - Test Cases/Bento_TestCases/Chemotherapy/TC09_Bento_Filter_Chemo-OtherWithoutTaxane: Test Cases/Bento_TestCases/Chemotherapy/TC09_Bento_Filter_Chemo-OtherWithoutTaxane

2021-12-01 17:24:45 - [TEST_STEP][PASSED] - Start listener action : getTestScriptName: null

2021-12-01 17:24:45 - [TEST_STEP][PASSED] - TestCaseId = testCaseContext.getTestCaseId(): null

2021-12-01 17:24:45 - [TEST_STEP][PASSED] - out.println("**********this is the value of test case id string******** " + testCaseContext.getTestCaseId()): null

2021-12-01 17:24:45 - [TEST_STEP][PASSED] - G_currentTCName = TestCaseId.substring(TestCaseId.lastIndexOf("TC")): null

2021-12-01 17:24:45 - [TEST_STEP][PASSED] - out.println("This is the test case name : " + G_currentTCName): null

2021-12-01 17:24:47 - [TEST_STEP][PASSED] - closeBrowser(): Browser is closed

2021-12-01 17:24:47 - [MESSAGE][PASSED] - Browser is closed

2021-12-01 17:24:47 - [TEST_STEP][PASSED] - ctdc.utilities.runtestcaseforKatalon.RunKatalon("TC09_Bento_Filter_Chemo-OtherWithoutTaxane.xlsx"): Data loaded from input file for the test case. 

2021-12-01 17:24:47 - [MESSAGE][PASSED] - Test case file loaded This is the full filepath after converting to string :C:\Users\sohilz2\Commons_Automation\InputFiles\TC09_Bento_Filter_Chemo-OtherWithoutTaxane.xlsx

2021-12-01 17:24:47 - [MESSAGE][INFO] - Global variable set for password file is :  C:\Users\sohilz2\Commons_Automation\InputFiles\TC09_Bento_Filter_Chemo-OtherWithoutTaxane.xlsx

2021-12-01 17:24:51 - [MESSAGE][PASSED] - Data loaded from input file for the test case. 

2021-12-01 17:25:05 - [TEST_STEP][PASSED] - waitForElementClickable(findTestObject("Object Repository/Bento/NavBar/Bento_Cases-Btn"), 5): Object 'Object Repository/Bento/NavBar/Bento_Cases-Btn' is clickable

2021-12-01 17:25:05 - [MESSAGE][PASSED] - Object 'Object Repository/Bento/NavBar/Bento_Cases-Btn' is clickable

2021-12-01 17:25:05 - [TEST_STEP][PASSED] - ctdc.utilities.runtestcaseforKatalon.clickTab("Object Repository/Bento/NavBar/Bento_Cases-Btn"): ctdc.utilities.runtestcaseforKatalon.clickTab is PASSED

2021-12-01 17:25:05 - [MESSAGE][PASSED] - ctdc.utilities.runtestcaseforKatalon.clickTab is PASSED

2021-12-01 17:25:05 - [TEST_STEP][PASSED] - waitForElementClickable(findTestObject("Bento/Cases_page/Filter/FilterByCases_Facet"), 5): Object 'Object Repository/Bento/Cases_page/Filter/FilterByCases_Facet' is clickable

2021-12-01 17:25:06 - [MESSAGE][PASSED] - Object 'Object Repository/Bento/Cases_page/Filter/FilterByCases_Facet' is clickable

2021-12-01 17:25:06 - [TEST_STEP][PASSED] - ctdc.utilities.runtestcaseforKatalon.clickTab("Bento/Cases_page/Filter/FilterByCases_Facet"): ctdc.utilities.runtestcaseforKatalon.clickTab is PASSED

2021-12-01 17:25:07 - [MESSAGE][PASSED] - ctdc.utilities.runtestcaseforKatalon.clickTab is PASSED

2021-12-01 17:25:07 - [TEST_STEP][PASSED] - waitForElementClickable(findTestObject("Bento/Cases_page/Filter/Chemotherapy/Chemotherapy_Ddn"), 5): Object 'Object Repository/Bento/Cases_page/Filter/Chemotherapy/Chemotherapy_Ddn' is clickable

2021-12-01 17:25:08 - [MESSAGE][PASSED] - Object 'Object Repository/Bento/Cases_page/Filter/Chemotherapy/Chemotherapy_Ddn' is clickable

2021-12-01 17:25:08 - [TEST_STEP][PASSED] - ctdc.utilities.runtestcaseforKatalon.clickTab("Bento/Cases_page/Filter/Chemotherapy/Chemotherapy_Ddn"): ctdc.utilities.runtestcaseforKatalon.clickTab is PASSED

2021-12-01 17:25:08 - [MESSAGE][PASSED] - ctdc.utilities.runtestcaseforKatalon.clickTab is PASSED

2021-12-01 17:25:08 - [TEST_STEP][PASSED] - ctdc.utilities.runtestcaseforKatalon.clickTab("Object Repository/Bento/Cases_page/Filter/Chemotherapy/OtherAnthraWithNoTaxane_Chkbx"): ctdc.utilities.runtestcaseforKatalon.clickTab is PASSED

2021-12-01 17:25:08 - [MESSAGE][PASSED] - ctdc.utilities.runtestcaseforKatalon.clickTab is PASSED

2021-12-01 17:25:08 - [TEST_STEP][PASSED] - ctdc.utilities.runtestcaseforKatalon.clickTab("Object Repository/Bento/Cases_page/Filter/Chemotherapy/Chemotherapy_Ddn"): ctdc.utilities.runtestcaseforKatalon.clickTab is PASSED

2021-12-01 17:25:09 - [MESSAGE][PASSED] - ctdc.utilities.runtestcaseforKatalon.clickTab is PASSED

2021-12-01 17:25:09 - [TEST_STEP][PASSED] - ctdc.utilities.runtestcaseforKatalon.readStatBarBento("Object Repository/Bento/StatBar/Bento_StatBar-Programs", "Object Repository/Bento/StatBar/Bento_StatBar-Arms", "Object Repository/Bento/StatBar/Bento_StatBar-Cases", "Object Repository/Bento/StatBar/Bento_StatBar-Samples", "Object Repository/Bento/StatBar/Bento_StatBar-Assays", "Object Repository/Bento/StatBar/Bento_StatBar-Files"): ctdc.utilities.runtestcaseforKatalon.readStatBarBento is PASSED

2021-12-01 17:25:18 - [MESSAGE][PASSED] - ctdc.utilities.runtestcaseforKatalon.readStatBarBento is PASSED

2021-12-01 17:25:18 - [TEST_STEP][PASSED] - waitForElementPresent(findTestObject("Object Repository/Bento/Cases_page/BentoResults_Cases_Tab"), 5): Object 'Object Repository/Bento/Cases_page/BentoResults_Cases_Tab' is present

2021-12-01 17:25:18 - [MESSAGE][PASSED] - Object 'Object Repository/Bento/Cases_page/BentoResults_Cases_Tab' is present

2021-12-01 17:25:18 - [TEST_STEP][PASSED] - ctdc.utilities.runtestcaseforKatalon.clickTab("Object Repository/Bento/Cases_page/BentoResults_Cases_Tab"): ctdc.utilities.runtestcaseforKatalon.clickTab is PASSED

2021-12-01 17:25:19 - [MESSAGE][PASSED] - ctdc.utilities.runtestcaseforKatalon.clickTab is PASSED

2021-12-01 17:25:19 - [TEST_STEP][PASSED] - ctdc.utilities.runtestcaseforKatalon.multiFunction("Bento", G_StatBar_Cases, "Object Repository/Bento/Cases_page/Bento_CasesTable", "Object Repository/Bento/Cases_page/Bento_CasesTableHeader", "Object Repository/Bento/Cases_page/Bento_CasesTabNextBtn", G_WebTabnameCases, G_CypherTabnameCases, G_QueryCasesTab): Statbar Files count matches

2021-12-01 17:25:35 - [MESSAGE][PASSED] - Statbar Programs count matches

2021-12-01 17:25:35 - [MESSAGE][PASSED] - Statbar Arms count matches

2021-12-01 17:25:35 - [MESSAGE][PASSED] - Statbar Cases count matches

2021-12-01 17:25:35 - [MESSAGE][PASSED] - Statbar Samples count matches

2021-12-01 17:25:35 - [MESSAGE][PASSED] - Statbar Assays count matches

2021-12-01 17:25:35 - [MESSAGE][PASSED] - Statbar Files count matches

2021-12-01 17:25:35 - [TEST_STEP][PASSED] - closeBrowser(): Browser is closed

2021-12-01 17:25:36 - [MESSAGE][PASSED] - Browser is closed]]></system-out>
         <system-err><![CDATA[]]></system-err>
      </testcase>
      <testcase name="Test Cases/Bento_TestCases/Chemotherapy/TC12_Bento_Filter_Chemo-StandardAcWithTaxane" time="61.279" classname="Test Cases/Bento_TestCases/Chemotherapy/TC12_Bento_Filter_Chemo-StandardAcWithTaxane" status="PASSED">
         <system-out><![CDATA[2021-12-01 17:25:36 - [TEST_CASE][PASSED] - Test Cases/Bento_TestCases/Chemotherapy/TC12_Bento_Filter_Chemo-StandardAcWithTaxane: Test Cases/Bento_TestCases/Chemotherapy/TC12_Bento_Filter_Chemo-StandardAcWithTaxane

2021-12-01 17:25:36 - [TEST_STEP][PASSED] - Start listener action : getTestScriptName: null

2021-12-01 17:25:36 - [TEST_STEP][PASSED] - TestCaseId = testCaseContext.getTestCaseId(): null

2021-12-01 17:25:36 - [TEST_STEP][PASSED] - out.println("**********this is the value of test case id string******** " + testCaseContext.getTestCaseId()): null

2021-12-01 17:25:36 - [TEST_STEP][PASSED] - G_currentTCName = TestCaseId.substring(TestCaseId.lastIndexOf("TC")): null

2021-12-01 17:25:36 - [TEST_STEP][PASSED] - out.println("This is the test case name : " + G_currentTCName): null

2021-12-01 17:25:37 - [TEST_STEP][PASSED] - closeBrowser(): Browser is closed

2021-12-01 17:25:37 - [MESSAGE][PASSED] - Browser is closed

2021-12-01 17:25:37 - [TEST_STEP][PASSED] - ctdc.utilities.runtestcaseforKatalon.RunKatalon("TC12_Bento_Filter_Chemo-StandardAcWithTaxane.xlsx"): Data loaded from input file for the test case. 

2021-12-01 17:25:37 - [MESSAGE][PASSED] - Test case file loaded This is the full filepath after converting to string :C:\Users\sohilz2\Commons_Automation\InputFiles\TC12_Bento_Filter_Chemo-StandardAcWithTaxane.xlsx

2021-12-01 17:25:37 - [MESSAGE][INFO] - Global variable set for password file is :  C:\Users\sohilz2\Commons_Automation\InputFiles\TC12_Bento_Filter_Chemo-StandardAcWithTaxane.xlsx

2021-12-01 17:25:41 - [MESSAGE][PASSED] - Data loaded from input file for the test case. 

2021-12-01 17:25:55 - [TEST_STEP][PASSED] - waitForElementClickable(findTestObject("Object Repository/Bento/NavBar/Bento_Cases-Btn"), 5): Object 'Object Repository/Bento/NavBar/Bento_Cases-Btn' is clickable

2021-12-01 17:25:56 - [MESSAGE][PASSED] - Object 'Object Repository/Bento/NavBar/Bento_Cases-Btn' is clickable

2021-12-01 17:25:56 - [TEST_STEP][PASSED] - ctdc.utilities.runtestcaseforKatalon.clickTab("Object Repository/Bento/NavBar/Bento_Cases-Btn"): ctdc.utilities.runtestcaseforKatalon.clickTab is PASSED

2021-12-01 17:25:56 - [MESSAGE][PASSED] - ctdc.utilities.runtestcaseforKatalon.clickTab is PASSED

2021-12-01 17:25:56 - [TEST_STEP][PASSED] - waitForElementClickable(findTestObject("Bento/Cases_page/Filter/FilterByCases_Facet"), 5): Object 'Object Repository/Bento/Cases_page/Filter/FilterByCases_Facet' is clickable

2021-12-01 17:25:57 - [MESSAGE][PASSED] - Object 'Object Repository/Bento/Cases_page/Filter/FilterByCases_Facet' is clickable

2021-12-01 17:25:57 - [TEST_STEP][PASSED] - ctdc.utilities.runtestcaseforKatalon.clickTab("Bento/Cases_page/Filter/FilterByCases_Facet"): ctdc.utilities.runtestcaseforKatalon.clickTab is PASSED

2021-12-01 17:25:58 - [MESSAGE][PASSED] - ctdc.utilities.runtestcaseforKatalon.clickTab is PASSED

2021-12-01 17:25:58 - [TEST_STEP][PASSED] - waitForElementClickable(findTestObject("Bento/Cases_page/Filter/Chemotherapy/Chemotherapy_Ddn"), 5): Object 'Object Repository/Bento/Cases_page/Filter/Chemotherapy/Chemotherapy_Ddn' is clickable

2021-12-01 17:25:58 - [MESSAGE][PASSED] - Object 'Object Repository/Bento/Cases_page/Filter/Chemotherapy/Chemotherapy_Ddn' is clickable

2021-12-01 17:25:58 - [TEST_STEP][PASSED] - ctdc.utilities.runtestcaseforKatalon.clickTab("Bento/Cases_page/Filter/Chemotherapy/Chemotherapy_Ddn"): ctdc.utilities.runtestcaseforKatalon.clickTab is PASSED

2021-12-01 17:25:58 - [MESSAGE][PASSED] - ctdc.utilities.runtestcaseforKatalon.clickTab is PASSED

2021-12-01 17:25:58 - [TEST_STEP][PASSED] - ctdc.utilities.runtestcaseforKatalon.clickTab("Object Repository/Bento/Cases_page/Filter/Chemotherapy/StdACFollowedByTaxane_Chkbx"): ctdc.utilities.runtestcaseforKatalon.clickTab is PASSED

2021-12-01 17:25:59 - [MESSAGE][PASSED] - ctdc.utilities.runtestcaseforKatalon.clickTab is PASSED

2021-12-01 17:25:59 - [TEST_STEP][PASSED] - ctdc.utilities.runtestcaseforKatalon.clickTab("Object Repository/Bento/Cases_page/Filter/Chemotherapy/Chemotherapy_Ddn"): ctdc.utilities.runtestcaseforKatalon.clickTab is PASSED

2021-12-01 17:25:59 - [MESSAGE][PASSED] - ctdc.utilities.runtestcaseforKatalon.clickTab is PASSED

2021-12-01 17:25:59 - [TEST_STEP][PASSED] - ctdc.utilities.runtestcaseforKatalon.readStatBarBento("Object Repository/Bento/StatBar/Bento_StatBar-Programs", "Object Repository/Bento/StatBar/Bento_StatBar-Arms", "Object Repository/Bento/StatBar/Bento_StatBar-Cases", "Object Repository/Bento/StatBar/Bento_StatBar-Samples", "Object Repository/Bento/StatBar/Bento_StatBar-Assays", "Object Repository/Bento/StatBar/Bento_StatBar-Files"): ctdc.utilities.runtestcaseforKatalon.readStatBarBento is PASSED

2021-12-01 17:26:08 - [MESSAGE][PASSED] - ctdc.utilities.runtestcaseforKatalon.readStatBarBento is PASSED

2021-12-01 17:26:08 - [TEST_STEP][PASSED] - waitForElementPresent(findTestObject("Object Repository/Bento/Cases_page/BentoResults_Cases_Tab"), 5): Object 'Object Repository/Bento/Cases_page/BentoResults_Cases_Tab' is present

2021-12-01 17:26:09 - [MESSAGE][PASSED] - Object 'Object Repository/Bento/Cases_page/BentoResults_Cases_Tab' is present

2021-12-01 17:26:09 - [TEST_STEP][PASSED] - ctdc.utilities.runtestcaseforKatalon.clickTab("Object Repository/Bento/Cases_page/BentoResults_Cases_Tab"): ctdc.utilities.runtestcaseforKatalon.clickTab is PASSED

2021-12-01 17:26:09 - [MESSAGE][PASSED] - ctdc.utilities.runtestcaseforKatalon.clickTab is PASSED

2021-12-01 17:26:09 - [TEST_STEP][PASSED] - ctdc.utilities.runtestcaseforKatalon.multiFunction("Bento", G_StatBar_Cases, "Object Repository/Bento/Cases_page/Bento_CasesTable", "Object Repository/Bento/Cases_page/Bento_CasesTableHeader", "Object Repository/Bento/Cases_page/Bento_CasesTabNextBtn", G_WebTabnameCases, G_CypherTabnameCases, G_QueryCasesTab): Statbar Files count matches

2021-12-01 17:26:37 - [MESSAGE][PASSED] - Statbar Programs count matches

2021-12-01 17:26:37 - [MESSAGE][PASSED] - Statbar Arms count matches

2021-12-01 17:26:37 - [MESSAGE][PASSED] - Statbar Cases count matches

2021-12-01 17:26:37 - [MESSAGE][PASSED] - Statbar Samples count matches

2021-12-01 17:26:37 - [MESSAGE][PASSED] - Statbar Assays count matches

2021-12-01 17:26:37 - [MESSAGE][PASSED] - Statbar Files count matches

2021-12-01 17:26:37 - [TEST_STEP][PASSED] - closeBrowser(): Browser is closed

2021-12-01 17:26:37 - [MESSAGE][PASSED] - Browser is closed]]></system-out>
         <system-err><![CDATA[]]></system-err>
      </testcase>
      <testcase name="Test Cases/Bento_TestCases/Chemotherapy/TC13_Bento_Filter_Chemo-TAC" time="48.995" classname="Test Cases/Bento_TestCases/Chemotherapy/TC13_Bento_Filter_Chemo-TAC" status="PASSED">
         <system-out><![CDATA[2021-12-01 17:26:37 - [TEST_CASE][PASSED] - Test Cases/Bento_TestCases/Chemotherapy/TC13_Bento_Filter_Chemo-TAC: Test Cases/Bento_TestCases/Chemotherapy/TC13_Bento_Filter_Chemo-TAC

2021-12-01 17:26:37 - [TEST_STEP][PASSED] - Start listener action : getTestScriptName: null

2021-12-01 17:26:37 - [TEST_STEP][PASSED] - TestCaseId = testCaseContext.getTestCaseId(): null

2021-12-01 17:26:37 - [TEST_STEP][PASSED] - out.println("**********this is the value of test case id string******** " + testCaseContext.getTestCaseId()): null

2021-12-01 17:26:37 - [TEST_STEP][PASSED] - G_currentTCName = TestCaseId.substring(TestCaseId.lastIndexOf("TC")): null

2021-12-01 17:26:37 - [TEST_STEP][PASSED] - out.println("This is the test case name : " + G_currentTCName): null

2021-12-01 17:26:38 - [TEST_STEP][PASSED] - closeBrowser(): Browser is closed

2021-12-01 17:26:38 - [MESSAGE][PASSED] - Browser is closed

2021-12-01 17:26:38 - [TEST_STEP][PASSED] - ctdc.utilities.runtestcaseforKatalon.RunKatalon("TC13_Bento_Filter_Chemo-TAC.xlsx"): Data loaded from input file for the test case. 

2021-12-01 17:26:38 - [MESSAGE][PASSED] - Test case file loaded This is the full filepath after converting to string :C:\Users\sohilz2\Commons_Automation\InputFiles\TC13_Bento_Filter_Chemo-TAC.xlsx

2021-12-01 17:26:38 - [MESSAGE][INFO] - Global variable set for password file is :  C:\Users\sohilz2\Commons_Automation\InputFiles\TC13_Bento_Filter_Chemo-TAC.xlsx

2021-12-01 17:26:42 - [MESSAGE][PASSED] - Data loaded from input file for the test case. 

2021-12-01 17:26:57 - [TEST_STEP][PASSED] - waitForElementClickable(findTestObject("Object Repository/Bento/NavBar/Bento_Cases-Btn"), 5): Object 'Object Repository/Bento/NavBar/Bento_Cases-Btn' is clickable

2021-12-01 17:26:57 - [MESSAGE][PASSED] - Object 'Object Repository/Bento/NavBar/Bento_Cases-Btn' is clickable

2021-12-01 17:26:57 - [TEST_STEP][PASSED] - ctdc.utilities.runtestcaseforKatalon.clickTab("Object Repository/Bento/NavBar/Bento_Cases-Btn"): ctdc.utilities.runtestcaseforKatalon.clickTab is PASSED

2021-12-01 17:26:57 - [MESSAGE][PASSED] - ctdc.utilities.runtestcaseforKatalon.clickTab is PASSED

2021-12-01 17:26:57 - [TEST_STEP][PASSED] - waitForElementClickable(findTestObject("Bento/Cases_page/Filter/FilterByCases_Facet"), 5): Object 'Object Repository/Bento/Cases_page/Filter/FilterByCases_Facet' is clickable

2021-12-01 17:26:58 - [MESSAGE][PASSED] - Object 'Object Repository/Bento/Cases_page/Filter/FilterByCases_Facet' is clickable

2021-12-01 17:26:58 - [TEST_STEP][PASSED] - ctdc.utilities.runtestcaseforKatalon.clickTab("Bento/Cases_page/Filter/FilterByCases_Facet"): ctdc.utilities.runtestcaseforKatalon.clickTab is PASSED

2021-12-01 17:26:58 - [MESSAGE][PASSED] - ctdc.utilities.runtestcaseforKatalon.clickTab is PASSED

2021-12-01 17:26:58 - [TEST_STEP][PASSED] - waitForElementClickable(findTestObject("Bento/Cases_page/Filter/Chemotherapy/Chemotherapy_Ddn"), 5): Object 'Object Repository/Bento/Cases_page/Filter/Chemotherapy/Chemotherapy_Ddn' is clickable

2021-12-01 17:26:59 - [MESSAGE][PASSED] - Object 'Object Repository/Bento/Cases_page/Filter/Chemotherapy/Chemotherapy_Ddn' is clickable

2021-12-01 17:26:59 - [TEST_STEP][PASSED] - ctdc.utilities.runtestcaseforKatalon.clickTab("Bento/Cases_page/Filter/Chemotherapy/Chemotherapy_Ddn"): ctdc.utilities.runtestcaseforKatalon.clickTab is PASSED

2021-12-01 17:26:59 - [MESSAGE][PASSED] - ctdc.utilities.runtestcaseforKatalon.clickTab is PASSED

2021-12-01 17:26:59 - [TEST_STEP][PASSED] - ctdc.utilities.runtestcaseforKatalon.clickTab("Object Repository/Bento/Cases_page/Filter/Chemotherapy/TAC-3WkCycle_Chkbx"): ctdc.utilities.runtestcaseforKatalon.clickTab is PASSED

2021-12-01 17:27:00 - [MESSAGE][PASSED] - ctdc.utilities.runtestcaseforKatalon.clickTab is PASSED

2021-12-01 17:27:00 - [TEST_STEP][PASSED] - ctdc.utilities.runtestcaseforKatalon.clickTab("Object Repository/Bento/Cases_page/Filter/Chemotherapy/Chemotherapy_Ddn"): ctdc.utilities.runtestcaseforKatalon.clickTab is PASSED

2021-12-01 17:27:00 - [MESSAGE][PASSED] - ctdc.utilities.runtestcaseforKatalon.clickTab is PASSED

2021-12-01 17:27:00 - [TEST_STEP][PASSED] - ctdc.utilities.runtestcaseforKatalon.readStatBarBento("Object Repository/Bento/StatBar/Bento_StatBar-Programs", "Object Repository/Bento/StatBar/Bento_StatBar-Arms", "Object Repository/Bento/StatBar/Bento_StatBar-Cases", "Object Repository/Bento/StatBar/Bento_StatBar-Samples", "Object Repository/Bento/StatBar/Bento_StatBar-Assays", "Object Repository/Bento/StatBar/Bento_StatBar-Files"): ctdc.utilities.runtestcaseforKatalon.readStatBarBento is PASSED

2021-12-01 17:27:09 - [MESSAGE][PASSED] - ctdc.utilities.runtestcaseforKatalon.readStatBarBento is PASSED

2021-12-01 17:27:09 - [TEST_STEP][PASSED] - waitForElementPresent(findTestObject("Object Repository/Bento/Cases_page/BentoResults_Cases_Tab"), 5): Object 'Object Repository/Bento/Cases_page/BentoResults_Cases_Tab' is present

2021-12-01 17:27:09 - [MESSAGE][PASSED] - Object 'Object Repository/Bento/Cases_page/BentoResults_Cases_Tab' is present

2021-12-01 17:27:09 - [TEST_STEP][PASSED] - ctdc.utilities.runtestcaseforKatalon.clickTab("Object Repository/Bento/Cases_page/BentoResults_Cases_Tab"): ctdc.utilities.runtestcaseforKatalon.clickTab is PASSED

2021-12-01 17:27:09 - [MESSAGE][PASSED] - ctdc.utilities.runtestcaseforKatalon.clickTab is PASSED

2021-12-01 17:27:09 - [TEST_STEP][PASSED] - ctdc.utilities.runtestcaseforKatalon.multiFunction("Bento", G_StatBar_Cases, "Object Repository/Bento/Cases_page/Bento_CasesTable", "Object Repository/Bento/Cases_page/Bento_CasesTableHeader", "Object Repository/Bento/Cases_page/Bento_CasesTabNextBtn", G_WebTabnameCases, G_CypherTabnameCases, G_QueryCasesTab): Statbar Files count matches

2021-12-01 17:27:26 - [MESSAGE][PASSED] - Statbar Programs count matches

2021-12-01 17:27:26 - [MESSAGE][PASSED] - Statbar Arms count matches

2021-12-01 17:27:26 - [MESSAGE][PASSED] - Statbar Cases count matches

2021-12-01 17:27:26 - [MESSAGE][PASSED] - Statbar Samples count matches

2021-12-01 17:27:26 - [MESSAGE][PASSED] - Statbar Assays count matches

2021-12-01 17:27:26 - [MESSAGE][PASSED] - Statbar Files count matches

2021-12-01 17:27:26 - [TEST_STEP][PASSED] - closeBrowser(): Browser is closed

2021-12-01 17:27:26 - [MESSAGE][PASSED] - Browser is closed]]></system-out>
         <system-err><![CDATA[]]></system-err>
      </testcase>
      <testcase name="Test Cases/Bento_TestCases/Diagnosis/TC01_Bento_Filter_Diagnosis-Adenocarcinoma" time="146.266" classname="Test Cases/Bento_TestCases/Diagnosis/TC01_Bento_Filter_Diagnosis-Adenocarcinoma" status="PASSED">
         <system-out><![CDATA[2021-12-01 17:27:26 - [TEST_CASE][PASSED] - Test Cases/Bento_TestCases/Diagnosis/TC01_Bento_Filter_Diagnosis-Adenocarcinoma: Test Cases/Bento_TestCases/Diagnosis/TC01_Bento_Filter_Diagnosis-Adenocarcinoma

2021-12-01 17:27:26 - [TEST_STEP][PASSED] - Start listener action : getTestScriptName: null

2021-12-01 17:27:26 - [TEST_STEP][PASSED] - TestCaseId = testCaseContext.getTestCaseId(): null

2021-12-01 17:27:26 - [TEST_STEP][PASSED] - out.println("**********this is the value of test case id string******** " + testCaseContext.getTestCaseId()): null

2021-12-01 17:27:26 - [TEST_STEP][PASSED] - G_currentTCName = TestCaseId.substring(TestCaseId.lastIndexOf("TC")): null

2021-12-01 17:27:26 - [TEST_STEP][PASSED] - out.println("This is the test case name : " + G_currentTCName): null

2021-12-01 17:27:27 - [TEST_STEP][PASSED] - closeBrowser(): Browser is closed

2021-12-01 17:27:27 - [MESSAGE][PASSED] - Browser is closed

2021-12-01 17:27:27 - [TEST_STEP][PASSED] - ctdc.utilities.runtestcaseforKatalon.RunKatalon("TC01_Bento_Filter_Diagnosis-Adenocarcinoma.xlsx"): Data loaded from input file for the test case. 

2021-12-01 17:27:27 - [MESSAGE][PASSED] - Test case file loaded This is the full filepath after converting to string :C:\Users\sohilz2\Commons_Automation\InputFiles\TC01_Bento_Filter_Diagnosis-Adenocarcinoma.xlsx

2021-12-01 17:27:27 - [MESSAGE][INFO] - Global variable set for password file is :  C:\Users\sohilz2\Commons_Automation\InputFiles\TC01_Bento_Filter_Diagnosis-Adenocarcinoma.xlsx

2021-12-01 17:27:31 - [MESSAGE][PASSED] - Data loaded from input file for the test case. 

2021-12-01 17:27:46 - [TEST_STEP][PASSED] - waitForElementClickable(findTestObject("Object Repository/Bento/NavBar/Bento_Cases-Btn"), 5): Object 'Object Repository/Bento/NavBar/Bento_Cases-Btn' is clickable

2021-12-01 17:27:47 - [MESSAGE][PASSED] - Object 'Object Repository/Bento/NavBar/Bento_Cases-Btn' is clickable

2021-12-01 17:27:47 - [TEST_STEP][PASSED] - ctdc.utilities.runtestcaseforKatalon.clickTab("Object Repository/Bento/NavBar/Bento_Cases-Btn"): ctdc.utilities.runtestcaseforKatalon.clickTab is PASSED

2021-12-01 17:27:47 - [MESSAGE][PASSED] - ctdc.utilities.runtestcaseforKatalon.clickTab is PASSED

2021-12-01 17:27:47 - [TEST_STEP][PASSED] - waitForElementClickable(findTestObject("Bento/Cases_page/Filter/FilterByCases_Facet"), 5): Object 'Object Repository/Bento/Cases_page/Filter/FilterByCases_Facet' is clickable

2021-12-01 17:27:48 - [MESSAGE][PASSED] - Object 'Object Repository/Bento/Cases_page/Filter/FilterByCases_Facet' is clickable

2021-12-01 17:27:48 - [TEST_STEP][PASSED] - ctdc.utilities.runtestcaseforKatalon.clickTab("Bento/Cases_page/Filter/FilterByCases_Facet"): ctdc.utilities.runtestcaseforKatalon.clickTab is PASSED

2021-12-01 17:27:48 - [MESSAGE][PASSED] - ctdc.utilities.runtestcaseforKatalon.clickTab is PASSED

2021-12-01 17:27:48 - [TEST_STEP][PASSED] - waitForElementClickable(findTestObject("Bento/Cases_page/Filter/Diagnosis/DIAGNOSIS_Ddn"), 5): Object 'Object Repository/Bento/Cases_page/Filter/Diagnosis/DIAGNOSIS_Ddn' is clickable

2021-12-01 17:27:49 - [MESSAGE][PASSED] - Object 'Object Repository/Bento/Cases_page/Filter/Diagnosis/DIAGNOSIS_Ddn' is clickable

2021-12-01 17:27:49 - [TEST_STEP][PASSED] - ctdc.utilities.runtestcaseforKatalon.clickTab("Bento/Cases_page/Filter/Diagnosis/DIAGNOSIS_Ddn"): ctdc.utilities.runtestcaseforKatalon.clickTab is PASSED

2021-12-01 17:27:49 - [MESSAGE][PASSED] - ctdc.utilities.runtestcaseforKatalon.clickTab is PASSED

2021-12-01 17:27:49 - [TEST_STEP][PASSED] - waitForElementClickable(findTestObject("Bento/Cases_page/Filter/Diagnosis/Adenocarcinoma_Chkbx"), 5): Object 'Object Repository/Bento/Cases_page/Filter/Diagnosis/Adenocarcinoma_Chkbx' is clickable

2021-12-01 17:27:49 - [MESSAGE][PASSED] - Object 'Object Repository/Bento/Cases_page/Filter/Diagnosis/Adenocarcinoma_Chkbx' is clickable

2021-12-01 17:27:49 - [TEST_STEP][PASSED] - ctdc.utilities.runtestcaseforKatalon.clickTab("Bento/Cases_page/Filter/Diagnosis/Adenocarcinoma_Chkbx"): ctdc.utilities.runtestcaseforKatalon.clickTab is PASSED

2021-12-01 17:27:50 - [MESSAGE][PASSED] - ctdc.utilities.runtestcaseforKatalon.clickTab is PASSED

2021-12-01 17:27:50 - [TEST_STEP][PASSED] - out.println("after clicking adeno"): null

2021-12-01 17:27:50 - [TEST_STEP][PASSED] - ctdc.utilities.runtestcaseforKatalon.clickTab("Bento/Cases_page/Filter/Diagnosis/DIAGNOSIS_Ddn"): ctdc.utilities.runtestcaseforKatalon.clickTab is PASSED

2021-12-01 17:27:50 - [MESSAGE][PASSED] - ctdc.utilities.runtestcaseforKatalon.clickTab is PASSED

2021-12-01 17:27:50 - [TEST_STEP][PASSED] - ctdc.utilities.runtestcaseforKatalon.readStatBarBento("Object Repository/Bento/StatBar/Bento_StatBar-Programs", "Object Repository/Bento/StatBar/Bento_StatBar-Arms", "Object Repository/Bento/StatBar/Bento_StatBar-Cases", "Object Repository/Bento/StatBar/Bento_StatBar-Samples", "Object Repository/Bento/StatBar/Bento_StatBar-Assays", "Object Repository/Bento/StatBar/Bento_StatBar-Files"): ctdc.utilities.runtestcaseforKatalon.readStatBarBento is PASSED

2021-12-01 17:27:59 - [MESSAGE][PASSED] - ctdc.utilities.runtestcaseforKatalon.readStatBarBento is PASSED

2021-12-01 17:27:59 - [TEST_STEP][PASSED] - waitForElementPresent(findTestObject("Object Repository/Bento/Cases_page/BentoResults_Cases_Tab"), 5): Object 'Object Repository/Bento/Cases_page/BentoResults_Cases_Tab' is present

2021-12-01 17:27:59 - [MESSAGE][PASSED] - Object 'Object Repository/Bento/Cases_page/BentoResults_Cases_Tab' is present

2021-12-01 17:27:59 - [TEST_STEP][PASSED] - ctdc.utilities.runtestcaseforKatalon.clickTab("Object Repository/Bento/Cases_page/BentoResults_Cases_Tab"): ctdc.utilities.runtestcaseforKatalon.clickTab is PASSED

2021-12-01 17:27:59 - [MESSAGE][PASSED] - ctdc.utilities.runtestcaseforKatalon.clickTab is PASSED

2021-12-01 17:27:59 - [TEST_STEP][PASSED] - ctdc.utilities.runtestcaseforKatalon.multiFunction("Bento", G_StatBar_Cases, "Object Repository/Bento/Cases_page/Bento_CasesTable", "Object Repository/Bento/Cases_page/Bento_CasesTableHeader", "Object Repository/Bento/Cases_page/Bento_CasesTabNextBtn", G_WebTabnameCases, G_CypherTabnameCases, G_QueryCasesTab): Statbar Files count matches

2021-12-01 17:29:52 - [MESSAGE][PASSED] - Statbar Programs count matches

2021-12-01 17:29:52 - [MESSAGE][PASSED] - Statbar Arms count matches

2021-12-01 17:29:52 - [MESSAGE][PASSED] - Statbar Cases count matches

2021-12-01 17:29:52 - [MESSAGE][PASSED] - Statbar Samples count matches

2021-12-01 17:29:52 - [MESSAGE][PASSED] - Statbar Assays count matches

2021-12-01 17:29:52 - [MESSAGE][PASSED] - Statbar Files count matches

2021-12-01 17:29:52 - [TEST_STEP][PASSED] - closeBrowser(): Browser is closed

2021-12-01 17:29:53 - [MESSAGE][PASSED] - Browser is closed]]></system-out>
         <system-err><![CDATA[]]></system-err>
      </testcase>
      <testcase name="Test Cases/Bento_TestCases/Diagnosis/TC02_Bento_Filter_Diagnosis-Carcinoma" time="120.326" classname="Test Cases/Bento_TestCases/Diagnosis/TC02_Bento_Filter_Diagnosis-Carcinoma" status="PASSED">
         <system-out><![CDATA[2021-12-01 17:29:53 - [TEST_CASE][PASSED] - Test Cases/Bento_TestCases/Diagnosis/TC02_Bento_Filter_Diagnosis-Carcinoma: Test Cases/Bento_TestCases/Diagnosis/TC02_Bento_Filter_Diagnosis-Carcinoma

2021-12-01 17:29:53 - [TEST_STEP][PASSED] - Start listener action : getTestScriptName: null

2021-12-01 17:29:53 - [TEST_STEP][PASSED] - TestCaseId = testCaseContext.getTestCaseId(): null

2021-12-01 17:29:53 - [TEST_STEP][PASSED] - out.println("**********this is the value of test case id string******** " + testCaseContext.getTestCaseId()): null

2021-12-01 17:29:53 - [TEST_STEP][PASSED] - G_currentTCName = TestCaseId.substring(TestCaseId.lastIndexOf("TC")): null

2021-12-01 17:29:53 - [TEST_STEP][PASSED] - out.println("This is the test case name : " + G_currentTCName): null

2021-12-01 17:29:54 - [TEST_STEP][PASSED] - closeBrowser(): Browser is closed

2021-12-01 17:29:54 - [MESSAGE][PASSED] - Browser is closed

2021-12-01 17:29:54 - [TEST_STEP][PASSED] - ctdc.utilities.runtestcaseforKatalon.RunKatalon("TC02_Bento_Filter_Diagnosis-Carcinoma.xlsx"): Data loaded from input file for the test case. 

2021-12-01 17:29:54 - [MESSAGE][PASSED] - Test case file loaded This is the full filepath after converting to string :C:\Users\sohilz2\Commons_Automation\InputFiles\TC02_Bento_Filter_Diagnosis-Carcinoma.xlsx

2021-12-01 17:29:54 - [MESSAGE][INFO] - Global variable set for password file is :  C:\Users\sohilz2\Commons_Automation\InputFiles\TC02_Bento_Filter_Diagnosis-Carcinoma.xlsx

2021-12-01 17:29:58 - [MESSAGE][PASSED] - Data loaded from input file for the test case. 

2021-12-01 17:30:11 - [TEST_STEP][PASSED] - waitForElementClickable(findTestObject("Object Repository/Bento/NavBar/Bento_Cases-Btn"), 5): Object 'Object Repository/Bento/NavBar/Bento_Cases-Btn' is clickable

2021-12-01 17:30:11 - [MESSAGE][PASSED] - Object 'Object Repository/Bento/NavBar/Bento_Cases-Btn' is clickable

2021-12-01 17:30:11 - [TEST_STEP][PASSED] - ctdc.utilities.runtestcaseforKatalon.clickTab("Object Repository/Bento/NavBar/Bento_Cases-Btn"): ctdc.utilities.runtestcaseforKatalon.clickTab is PASSED

2021-12-01 17:30:11 - [MESSAGE][PASSED] - ctdc.utilities.runtestcaseforKatalon.clickTab is PASSED

2021-12-01 17:30:11 - [TEST_STEP][PASSED] - waitForElementClickable(findTestObject("Bento/Cases_page/Filter/FilterByCases_Facet"), 5): Object 'Object Repository/Bento/Cases_page/Filter/FilterByCases_Facet' is clickable

2021-12-01 17:30:12 - [MESSAGE][PASSED] - Object 'Object Repository/Bento/Cases_page/Filter/FilterByCases_Facet' is clickable

2021-12-01 17:30:12 - [TEST_STEP][PASSED] - ctdc.utilities.runtestcaseforKatalon.clickTab("Bento/Cases_page/Filter/FilterByCases_Facet"): ctdc.utilities.runtestcaseforKatalon.clickTab is PASSED

2021-12-01 17:30:13 - [MESSAGE][PASSED] - ctdc.utilities.runtestcaseforKatalon.clickTab is PASSED

2021-12-01 17:30:13 - [TEST_STEP][PASSED] - waitForElementClickable(findTestObject("Bento/Cases_page/Filter/Diagnosis/DIAGNOSIS_Ddn"), 5): Object 'Object Repository/Bento/Cases_page/Filter/Diagnosis/DIAGNOSIS_Ddn' is clickable

2021-12-01 17:30:13 - [MESSAGE][PASSED] - Object 'Object Repository/Bento/Cases_page/Filter/Diagnosis/DIAGNOSIS_Ddn' is clickable

2021-12-01 17:30:13 - [TEST_STEP][PASSED] - ctdc.utilities.runtestcaseforKatalon.clickTab("Bento/Cases_page/Filter/Diagnosis/DIAGNOSIS_Ddn"): ctdc.utilities.runtestcaseforKatalon.clickTab is PASSED

2021-12-01 17:30:13 - [MESSAGE][PASSED] - ctdc.utilities.runtestcaseforKatalon.clickTab is PASSED

2021-12-01 17:30:13 - [TEST_STEP][PASSED] - waitForElementClickable(findTestObject("Bento/Cases_page/Filter/Diagnosis/CarcinomaNOS_Chkbx"), 5): Object 'Object Repository/Bento/Cases_page/Filter/Diagnosis/CarcinomaNOS_Chkbx' is clickable

2021-12-01 17:30:14 - [MESSAGE][PASSED] - Object 'Object Repository/Bento/Cases_page/Filter/Diagnosis/CarcinomaNOS_Chkbx' is clickable

2021-12-01 17:30:14 - [TEST_STEP][PASSED] - ctdc.utilities.runtestcaseforKatalon.clickTab("Bento/Cases_page/Filter/Diagnosis/CarcinomaNOS_Chkbx"): ctdc.utilities.runtestcaseforKatalon.clickTab is PASSED

2021-12-01 17:30:14 - [MESSAGE][PASSED] - ctdc.utilities.runtestcaseforKatalon.clickTab is PASSED

2021-12-01 17:30:14 - [TEST_STEP][PASSED] - ctdc.utilities.runtestcaseforKatalon.clickTab("Bento/Cases_page/Filter/Diagnosis/DIAGNOSIS_Ddn"): ctdc.utilities.runtestcaseforKatalon.clickTab is PASSED

2021-12-01 17:30:15 - [MESSAGE][PASSED] - ctdc.utilities.runtestcaseforKatalon.clickTab is PASSED

2021-12-01 17:30:15 - [TEST_STEP][PASSED] - ctdc.utilities.runtestcaseforKatalon.readStatBarBento("Object Repository/Bento/StatBar/Bento_StatBar-Programs", "Object Repository/Bento/StatBar/Bento_StatBar-Arms", "Object Repository/Bento/StatBar/Bento_StatBar-Cases", "Object Repository/Bento/StatBar/Bento_StatBar-Samples", "Object Repository/Bento/StatBar/Bento_StatBar-Assays", "Object Repository/Bento/StatBar/Bento_StatBar-Files"): ctdc.utilities.runtestcaseforKatalon.readStatBarBento is PASSED

2021-12-01 17:30:24 - [MESSAGE][PASSED] - ctdc.utilities.runtestcaseforKatalon.readStatBarBento is PASSED

2021-12-01 17:30:24 - [TEST_STEP][PASSED] - waitForElementPresent(findTestObject("Object Repository/Bento/Cases_page/BentoResults_Cases_Tab"), 5): Object 'Object Repository/Bento/Cases_page/BentoResults_Cases_Tab' is present

2021-12-01 17:30:24 - [MESSAGE][PASSED] - Object 'Object Repository/Bento/Cases_page/BentoResults_Cases_Tab' is present

2021-12-01 17:30:24 - [TEST_STEP][PASSED] - ctdc.utilities.runtestcaseforKatalon.clickTab("Object Repository/Bento/Cases_page/BentoResults_Cases_Tab"): ctdc.utilities.runtestcaseforKatalon.clickTab is PASSED

2021-12-01 17:30:24 - [MESSAGE][PASSED] - ctdc.utilities.runtestcaseforKatalon.clickTab is PASSED

2021-12-01 17:30:24 - [TEST_STEP][PASSED] - ctdc.utilities.runtestcaseforKatalon.multiFunction("Bento", G_StatBar_Cases, "Object Repository/Bento/Cases_page/Bento_CasesTable", "Object Repository/Bento/Cases_page/Bento_CasesTableHeader", "Object Repository/Bento/Cases_page/Bento_CasesTabNextBtn", G_WebTabnameCases, G_CypherTabnameCases, G_QueryCasesTab): Statbar Files count matches

2021-12-01 17:31:52 - [MESSAGE][PASSED] - Statbar Programs count matches

2021-12-01 17:31:52 - [MESSAGE][PASSED] - Statbar Arms count matches

2021-12-01 17:31:52 - [MESSAGE][PASSED] - Statbar Cases count matches

2021-12-01 17:31:52 - [MESSAGE][PASSED] - Statbar Samples count matches

2021-12-01 17:31:52 - [MESSAGE][PASSED] - Statbar Assays count matches

2021-12-01 17:31:52 - [MESSAGE][PASSED] - Statbar Files count matches

2021-12-01 17:31:52 - [TEST_STEP][PASSED] - closeBrowser(): Browser is closed

2021-12-01 17:31:53 - [MESSAGE][PASSED] - Browser is closed]]></system-out>
         <system-err><![CDATA[]]></system-err>
      </testcase>
      <testcase name="Test Cases/Bento_TestCases/Diagnosis/TC03_Bento_Filter_Diagnosis-Comedocarcinoma" time="165.959" classname="Test Cases/Bento_TestCases/Diagnosis/TC03_Bento_Filter_Diagnosis-Comedocarcinoma" status="PASSED">
         <system-out><![CDATA[2021-12-01 17:31:53 - [TEST_CASE][PASSED] - Test Cases/Bento_TestCases/Diagnosis/TC03_Bento_Filter_Diagnosis-Comedocarcinoma: Test Cases/Bento_TestCases/Diagnosis/TC03_Bento_Filter_Diagnosis-Comedocarcinoma

2021-12-01 17:31:53 - [TEST_STEP][PASSED] - Start listener action : getTestScriptName: null

2021-12-01 17:31:53 - [TEST_STEP][PASSED] - TestCaseId = testCaseContext.getTestCaseId(): null

2021-12-01 17:31:53 - [TEST_STEP][PASSED] - out.println("**********this is the value of test case id string******** " + testCaseContext.getTestCaseId()): null

2021-12-01 17:31:53 - [TEST_STEP][PASSED] - G_currentTCName = TestCaseId.substring(TestCaseId.lastIndexOf("TC")): null

2021-12-01 17:31:53 - [TEST_STEP][PASSED] - out.println("This is the test case name : " + G_currentTCName): null

2021-12-01 17:31:54 - [TEST_STEP][PASSED] - closeBrowser(): Browser is closed

2021-12-01 17:31:54 - [MESSAGE][PASSED] - Browser is closed

2021-12-01 17:31:54 - [TEST_STEP][PASSED] - ctdc.utilities.runtestcaseforKatalon.RunKatalon("TC03_Bento_Filter_Diagnosis-Comedocarcinoma.xlsx"): Data loaded from input file for the test case. 

2021-12-01 17:31:54 - [MESSAGE][PASSED] - Test case file loaded This is the full filepath after converting to string :C:\Users\sohilz2\Commons_Automation\InputFiles\TC03_Bento_Filter_Diagnosis-Comedocarcinoma.xlsx

2021-12-01 17:31:54 - [MESSAGE][INFO] - Global variable set for password file is :  C:\Users\sohilz2\Commons_Automation\InputFiles\TC03_Bento_Filter_Diagnosis-Comedocarcinoma.xlsx

2021-12-01 17:31:58 - [MESSAGE][PASSED] - Data loaded from input file for the test case. 

2021-12-01 17:32:13 - [TEST_STEP][PASSED] - waitForElementClickable(findTestObject("Object Repository/Bento/NavBar/Bento_Cases-Btn"), 5): Object 'Object Repository/Bento/NavBar/Bento_Cases-Btn' is clickable

2021-12-01 17:32:13 - [MESSAGE][PASSED] - Object 'Object Repository/Bento/NavBar/Bento_Cases-Btn' is clickable

2021-12-01 17:32:13 - [TEST_STEP][PASSED] - ctdc.utilities.runtestcaseforKatalon.clickTab("Object Repository/Bento/NavBar/Bento_Cases-Btn"): ctdc.utilities.runtestcaseforKatalon.clickTab is PASSED

2021-12-01 17:32:13 - [MESSAGE][PASSED] - ctdc.utilities.runtestcaseforKatalon.clickTab is PASSED

2021-12-01 17:32:13 - [TEST_STEP][PASSED] - waitForElementClickable(findTestObject("Bento/Cases_page/Filter/FilterByCases_Facet"), 5): Object 'Object Repository/Bento/Cases_page/Filter/FilterByCases_Facet' is clickable

2021-12-01 17:32:15 - [MESSAGE][PASSED] - Object 'Object Repository/Bento/Cases_page/Filter/FilterByCases_Facet' is clickable

2021-12-01 17:32:15 - [TEST_STEP][PASSED] - ctdc.utilities.runtestcaseforKatalon.clickTab("Bento/Cases_page/Filter/FilterByCases_Facet"): ctdc.utilities.runtestcaseforKatalon.clickTab is PASSED

2021-12-01 17:32:15 - [MESSAGE][PASSED] - ctdc.utilities.runtestcaseforKatalon.clickTab is PASSED

2021-12-01 17:32:15 - [TEST_STEP][PASSED] - waitForElementClickable(findTestObject("Bento/Cases_page/Filter/Diagnosis/DIAGNOSIS_Ddn"), 5): Object 'Object Repository/Bento/Cases_page/Filter/Diagnosis/DIAGNOSIS_Ddn' is clickable

2021-12-01 17:32:16 - [MESSAGE][PASSED] - Object 'Object Repository/Bento/Cases_page/Filter/Diagnosis/DIAGNOSIS_Ddn' is clickable

2021-12-01 17:32:16 - [TEST_STEP][PASSED] - ctdc.utilities.runtestcaseforKatalon.clickTab("Bento/Cases_page/Filter/Diagnosis/DIAGNOSIS_Ddn"): ctdc.utilities.runtestcaseforKatalon.clickTab is PASSED

2021-12-01 17:32:16 - [MESSAGE][PASSED] - ctdc.utilities.runtestcaseforKatalon.clickTab is PASSED

2021-12-01 17:32:16 - [TEST_STEP][PASSED] - waitForElementClickable(findTestObject("Bento/Cases_page/Filter/Diagnosis/Comedocarcinoma_Chkbx"), 5): Object 'Object Repository/Bento/Cases_page/Filter/Diagnosis/Comedocarcinoma_Chkbx' is clickable

2021-12-01 17:32:17 - [MESSAGE][PASSED] - Object 'Object Repository/Bento/Cases_page/Filter/Diagnosis/Comedocarcinoma_Chkbx' is clickable

2021-12-01 17:32:17 - [TEST_STEP][PASSED] - ctdc.utilities.runtestcaseforKatalon.clickTab("Bento/Cases_page/Filter/Diagnosis/Comedocarcinoma_Chkbx"): ctdc.utilities.runtestcaseforKatalon.clickTab is PASSED

2021-12-01 17:32:17 - [MESSAGE][PASSED] - ctdc.utilities.runtestcaseforKatalon.clickTab is PASSED

2021-12-01 17:32:17 - [TEST_STEP][PASSED] - ctdc.utilities.runtestcaseforKatalon.clickTab("Bento/Cases_page/Filter/Diagnosis/DIAGNOSIS_Ddn"): ctdc.utilities.runtestcaseforKatalon.clickTab is PASSED

2021-12-01 17:32:18 - [MESSAGE][PASSED] - ctdc.utilities.runtestcaseforKatalon.clickTab is PASSED

2021-12-01 17:32:18 - [TEST_STEP][PASSED] - ctdc.utilities.runtestcaseforKatalon.readStatBarBento("Object Repository/Bento/StatBar/Bento_StatBar-Programs", "Object Repository/Bento/StatBar/Bento_StatBar-Arms", "Object Repository/Bento/StatBar/Bento_StatBar-Cases", "Object Repository/Bento/StatBar/Bento_StatBar-Samples", "Object Repository/Bento/StatBar/Bento_StatBar-Assays", "Object Repository/Bento/StatBar/Bento_StatBar-Files"): ctdc.utilities.runtestcaseforKatalon.readStatBarBento is PASSED

2021-12-01 17:32:27 - [MESSAGE][PASSED] - ctdc.utilities.runtestcaseforKatalon.readStatBarBento is PASSED

2021-12-01 17:32:27 - [TEST_STEP][PASSED] - waitForElementPresent(findTestObject("Object Repository/Bento/Cases_page/BentoResults_Cases_Tab"), 5): Object 'Object Repository/Bento/Cases_page/BentoResults_Cases_Tab' is present

2021-12-01 17:32:27 - [MESSAGE][PASSED] - Object 'Object Repository/Bento/Cases_page/BentoResults_Cases_Tab' is present

2021-12-01 17:32:27 - [TEST_STEP][PASSED] - ctdc.utilities.runtestcaseforKatalon.clickTab("Object Repository/Bento/Cases_page/BentoResults_Cases_Tab"): ctdc.utilities.runtestcaseforKatalon.clickTab is PASSED

2021-12-01 17:32:28 - [MESSAGE][PASSED] - ctdc.utilities.runtestcaseforKatalon.clickTab is PASSED

2021-12-01 17:32:28 - [TEST_STEP][PASSED] - ctdc.utilities.runtestcaseforKatalon.multiFunction("Bento", G_StatBar_Cases, "Object Repository/Bento/Cases_page/Bento_CasesTable", "Object Repository/Bento/Cases_page/Bento_CasesTableHeader", "Object Repository/Bento/Cases_page/Bento_CasesTabNextBtn", G_WebTabnameCases, G_CypherTabnameCases, G_QueryCasesTab): Statbar Files count matches

2021-12-01 17:34:38 - [MESSAGE][PASSED] - Statbar Programs count matches

2021-12-01 17:34:38 - [MESSAGE][PASSED] - Statbar Arms count matches

2021-12-01 17:34:38 - [MESSAGE][PASSED] - Statbar Cases count matches

2021-12-01 17:34:38 - [MESSAGE][PASSED] - Statbar Samples count matches

2021-12-01 17:34:38 - [MESSAGE][PASSED] - Statbar Assays count matches

2021-12-01 17:34:38 - [MESSAGE][PASSED] - Statbar Files count matches

2021-12-01 17:34:38 - [TEST_STEP][PASSED] - closeBrowser(): Browser is closed

2021-12-01 17:34:39 - [MESSAGE][PASSED] - Browser is closed]]></system-out>
         <system-err><![CDATA[]]></system-err>
      </testcase>
      <testcase name="Test Cases/Bento_TestCases/Diagnosis/TC04_Bento_Filter_Diagnosis-InfilDuctLobularCarcinoma" time="163.735" classname="Test Cases/Bento_TestCases/Diagnosis/TC04_Bento_Filter_Diagnosis-InfilDuctLobularCarcinoma" status="PASSED">
         <system-out><![CDATA[2021-12-01 17:34:39 - [TEST_CASE][PASSED] - Test Cases/Bento_TestCases/Diagnosis/TC04_Bento_Filter_Diagnosis-InfilDuctLobularCarcinoma: Test Cases/Bento_TestCases/Diagnosis/TC04_Bento_Filter_Diagnosis-InfilDuctLobularCarcinoma

2021-12-01 17:34:39 - [TEST_STEP][PASSED] - Start listener action : getTestScriptName: null

2021-12-01 17:34:39 - [TEST_STEP][PASSED] - TestCaseId = testCaseContext.getTestCaseId(): null

2021-12-01 17:34:39 - [TEST_STEP][PASSED] - out.println("**********this is the value of test case id string******** " + testCaseContext.getTestCaseId()): null

2021-12-01 17:34:39 - [TEST_STEP][PASSED] - G_currentTCName = TestCaseId.substring(TestCaseId.lastIndexOf("TC")): null

2021-12-01 17:34:39 - [TEST_STEP][PASSED] - out.println("This is the test case name : " + G_currentTCName): null

2021-12-01 17:34:40 - [TEST_STEP][PASSED] - closeBrowser(): Browser is closed

2021-12-01 17:34:40 - [MESSAGE][PASSED] - Browser is closed

2021-12-01 17:34:40 - [TEST_STEP][PASSED] - ctdc.utilities.runtestcaseforKatalon.RunKatalon("TC04_Bento_Filter_Diagnosis-InfilDuctLobularCarcinoma.xlsx"): Data loaded from input file for the test case. 

2021-12-01 17:34:40 - [MESSAGE][PASSED] - Test case file loaded This is the full filepath after converting to string :C:\Users\sohilz2\Commons_Automation\InputFiles\TC04_Bento_Filter_Diagnosis-InfilDuctLobularCarcinoma.xlsx

2021-12-01 17:34:40 - [MESSAGE][INFO] - Global variable set for password file is :  C:\Users\sohilz2\Commons_Automation\InputFiles\TC04_Bento_Filter_Diagnosis-InfilDuctLobularCarcinoma.xlsx

2021-12-01 17:34:44 - [MESSAGE][PASSED] - Data loaded from input file for the test case. 

2021-12-01 17:34:59 - [TEST_STEP][PASSED] - waitForElementClickable(findTestObject("Object Repository/Bento/NavBar/Bento_Cases-Btn"), 5): Object 'Object Repository/Bento/NavBar/Bento_Cases-Btn' is clickable

2021-12-01 17:34:59 - [MESSAGE][PASSED] - Object 'Object Repository/Bento/NavBar/Bento_Cases-Btn' is clickable

2021-12-01 17:34:59 - [TEST_STEP][PASSED] - ctdc.utilities.runtestcaseforKatalon.clickTab("Object Repository/Bento/NavBar/Bento_Cases-Btn"): ctdc.utilities.runtestcaseforKatalon.clickTab is PASSED

2021-12-01 17:35:00 - [MESSAGE][PASSED] - ctdc.utilities.runtestcaseforKatalon.clickTab is PASSED

2021-12-01 17:35:00 - [TEST_STEP][PASSED] - waitForElementClickable(findTestObject("Bento/Cases_page/Filter/FilterByCases_Facet"), 5): Object 'Object Repository/Bento/Cases_page/Filter/FilterByCases_Facet' is clickable

2021-12-01 17:35:01 - [MESSAGE][PASSED] - Object 'Object Repository/Bento/Cases_page/Filter/FilterByCases_Facet' is clickable

2021-12-01 17:35:01 - [TEST_STEP][PASSED] - ctdc.utilities.runtestcaseforKatalon.clickTab("Bento/Cases_page/Filter/FilterByCases_Facet"): ctdc.utilities.runtestcaseforKatalon.clickTab is PASSED

2021-12-01 17:35:01 - [MESSAGE][PASSED] - ctdc.utilities.runtestcaseforKatalon.clickTab is PASSED

2021-12-01 17:35:01 - [TEST_STEP][PASSED] - waitForElementClickable(findTestObject("Bento/Cases_page/Filter/Diagnosis/DIAGNOSIS_Ddn"), 5): Object 'Object Repository/Bento/Cases_page/Filter/Diagnosis/DIAGNOSIS_Ddn' is clickable

2021-12-01 17:35:02 - [MESSAGE][PASSED] - Object 'Object Repository/Bento/Cases_page/Filter/Diagnosis/DIAGNOSIS_Ddn' is clickable

2021-12-01 17:35:02 - [TEST_STEP][PASSED] - ctdc.utilities.runtestcaseforKatalon.clickTab("Bento/Cases_page/Filter/Diagnosis/DIAGNOSIS_Ddn"): ctdc.utilities.runtestcaseforKatalon.clickTab is PASSED

2021-12-01 17:35:02 - [MESSAGE][PASSED] - ctdc.utilities.runtestcaseforKatalon.clickTab is PASSED

2021-12-01 17:35:02 - [TEST_STEP][PASSED] - waitForElementClickable(findTestObject("Bento/Cases_page/Filter/Diagnosis/InfiltrDuctalLobularCarcinoma_Chkbx"), 5): Object 'Object Repository/Bento/Cases_page/Filter/Diagnosis/InfiltrDuctalLobularCarcinoma_Chkbx' is clickable

2021-12-01 17:35:02 - [MESSAGE][PASSED] - Object 'Object Repository/Bento/Cases_page/Filter/Diagnosis/InfiltrDuctalLobularCarcinoma_Chkbx' is clickable

2021-12-01 17:35:02 - [TEST_STEP][PASSED] - ctdc.utilities.runtestcaseforKatalon.clickTab("Bento/Cases_page/Filter/Diagnosis/InfiltrDuctalLobularCarcinoma_Chkbx"): ctdc.utilities.runtestcaseforKatalon.clickTab is PASSED

2021-12-01 17:35:03 - [MESSAGE][PASSED] - ctdc.utilities.runtestcaseforKatalon.clickTab is PASSED

2021-12-01 17:35:03 - [TEST_STEP][PASSED] - ctdc.utilities.runtestcaseforKatalon.clickTab("Bento/Cases_page/Filter/Diagnosis/DIAGNOSIS_Ddn"): ctdc.utilities.runtestcaseforKatalon.clickTab is PASSED

2021-12-01 17:35:03 - [MESSAGE][PASSED] - ctdc.utilities.runtestcaseforKatalon.clickTab is PASSED

2021-12-01 17:35:03 - [TEST_STEP][PASSED] - ctdc.utilities.runtestcaseforKatalon.readStatBarBento("Object Repository/Bento/StatBar/Bento_StatBar-Programs", "Object Repository/Bento/StatBar/Bento_StatBar-Arms", "Object Repository/Bento/StatBar/Bento_StatBar-Cases", "Object Repository/Bento/StatBar/Bento_StatBar-Samples", "Object Repository/Bento/StatBar/Bento_StatBar-Assays", "Object Repository/Bento/StatBar/Bento_StatBar-Files"): ctdc.utilities.runtestcaseforKatalon.readStatBarBento is PASSED

2021-12-01 17:35:12 - [MESSAGE][PASSED] - ctdc.utilities.runtestcaseforKatalon.readStatBarBento is PASSED

2021-12-01 17:35:12 - [TEST_STEP][PASSED] - waitForElementPresent(findTestObject("Object Repository/Bento/Cases_page/BentoResults_Cases_Tab"), 5): Object 'Object Repository/Bento/Cases_page/BentoResults_Cases_Tab' is present

2021-12-01 17:35:12 - [MESSAGE][PASSED] - Object 'Object Repository/Bento/Cases_page/BentoResults_Cases_Tab' is present

2021-12-01 17:35:12 - [TEST_STEP][PASSED] - ctdc.utilities.runtestcaseforKatalon.clickTab("Object Repository/Bento/Cases_page/BentoResults_Cases_Tab"): ctdc.utilities.runtestcaseforKatalon.clickTab is PASSED

2021-12-01 17:35:13 - [MESSAGE][PASSED] - ctdc.utilities.runtestcaseforKatalon.clickTab is PASSED

2021-12-01 17:35:13 - [TEST_STEP][PASSED] - ctdc.utilities.runtestcaseforKatalon.multiFunction("Bento", G_StatBar_Cases, "Object Repository/Bento/Cases_page/Bento_CasesTable", "Object Repository/Bento/Cases_page/Bento_CasesTableHeader", "Object Repository/Bento/Cases_page/Bento_CasesTabNextBtn", G_WebTabnameCases, G_CypherTabnameCases, G_QueryCasesTab): Statbar Files count matches

2021-12-01 17:37:22 - [MESSAGE][PASSED] - Statbar Programs count matches

2021-12-01 17:37:22 - [MESSAGE][PASSED] - Statbar Arms count matches

2021-12-01 17:37:22 - [MESSAGE][PASSED] - Statbar Cases count matches

2021-12-01 17:37:22 - [MESSAGE][PASSED] - Statbar Samples count matches

2021-12-01 17:37:22 - [MESSAGE][PASSED] - Statbar Assays count matches

2021-12-01 17:37:22 - [MESSAGE][PASSED] - Statbar Files count matches

2021-12-01 17:37:22 - [TEST_STEP][PASSED] - closeBrowser(): Browser is closed

2021-12-01 17:37:23 - [MESSAGE][PASSED] - Browser is closed]]></system-out>
         <system-err><![CDATA[]]></system-err>
      </testcase>
      <testcase name="Test Cases/Bento_TestCases/Diagnosis/TC10_Bento_Filter_Diagnosis-PagetsDisease" time="146.736" classname="Test Cases/Bento_TestCases/Diagnosis/TC10_Bento_Filter_Diagnosis-PagetsDisease" status="PASSED">
         <system-out><![CDATA[2021-12-01 17:37:23 - [TEST_CASE][PASSED] - Test Cases/Bento_TestCases/Diagnosis/TC10_Bento_Filter_Diagnosis-PagetsDisease: Test Cases/Bento_TestCases/Diagnosis/TC10_Bento_Filter_Diagnosis-PagetsDisease

2021-12-01 17:37:23 - [TEST_STEP][PASSED] - Start listener action : getTestScriptName: null

2021-12-01 17:37:23 - [TEST_STEP][PASSED] - TestCaseId = testCaseContext.getTestCaseId(): null

2021-12-01 17:37:23 - [TEST_STEP][PASSED] - out.println("**********this is the value of test case id string******** " + testCaseContext.getTestCaseId()): null

2021-12-01 17:37:23 - [TEST_STEP][PASSED] - G_currentTCName = TestCaseId.substring(TestCaseId.lastIndexOf("TC")): null

2021-12-01 17:37:23 - [TEST_STEP][PASSED] - out.println("This is the test case name : " + G_currentTCName): null

2021-12-01 17:37:24 - [TEST_STEP][PASSED] - closeBrowser(): Browser is closed

2021-12-01 17:37:24 - [MESSAGE][PASSED] - Browser is closed

2021-12-01 17:37:24 - [TEST_STEP][PASSED] - ctdc.utilities.runtestcaseforKatalon.RunKatalon("TC10_Bento_Filter_Diagnosis-PagetsDisease.xlsx"): Data loaded from input file for the test case. 

2021-12-01 17:37:24 - [MESSAGE][PASSED] - Test case file loaded This is the full filepath after converting to string :C:\Users\sohilz2\Commons_Automation\InputFiles\TC10_Bento_Filter_Diagnosis-PagetsDisease.xlsx

2021-12-01 17:37:24 - [MESSAGE][INFO] - Global variable set for password file is :  C:\Users\sohilz2\Commons_Automation\InputFiles\TC10_Bento_Filter_Diagnosis-PagetsDisease.xlsx

2021-12-01 17:37:28 - [MESSAGE][PASSED] - Data loaded from input file for the test case. 

2021-12-01 17:37:42 - [TEST_STEP][PASSED] - waitForElementClickable(findTestObject("Object Repository/Bento/NavBar/Bento_Cases-Btn"), 5): Object 'Object Repository/Bento/NavBar/Bento_Cases-Btn' is clickable

2021-12-01 17:37:42 - [MESSAGE][PASSED] - Object 'Object Repository/Bento/NavBar/Bento_Cases-Btn' is clickable

2021-12-01 17:37:42 - [TEST_STEP][PASSED] - ctdc.utilities.runtestcaseforKatalon.clickTab("Object Repository/Bento/NavBar/Bento_Cases-Btn"): ctdc.utilities.runtestcaseforKatalon.clickTab is PASSED

2021-12-01 17:37:42 - [MESSAGE][PASSED] - ctdc.utilities.runtestcaseforKatalon.clickTab is PASSED

2021-12-01 17:37:42 - [TEST_STEP][PASSED] - waitForElementClickable(findTestObject("Bento/Cases_page/Filter/FilterByCases_Facet"), 5): Object 'Object Repository/Bento/Cases_page/Filter/FilterByCases_Facet' is clickable

2021-12-01 17:37:43 - [MESSAGE][PASSED] - Object 'Object Repository/Bento/Cases_page/Filter/FilterByCases_Facet' is clickable

2021-12-01 17:37:43 - [TEST_STEP][PASSED] - ctdc.utilities.runtestcaseforKatalon.clickTab("Bento/Cases_page/Filter/FilterByCases_Facet"): ctdc.utilities.runtestcaseforKatalon.clickTab is PASSED

2021-12-01 17:37:44 - [MESSAGE][PASSED] - ctdc.utilities.runtestcaseforKatalon.clickTab is PASSED

2021-12-01 17:37:44 - [TEST_STEP][PASSED] - waitForElementClickable(findTestObject("Bento/Cases_page/Filter/Diagnosis/DIAGNOSIS_Ddn"), 5): Object 'Object Repository/Bento/Cases_page/Filter/Diagnosis/DIAGNOSIS_Ddn' is clickable

2021-12-01 17:37:44 - [MESSAGE][PASSED] - Object 'Object Repository/Bento/Cases_page/Filter/Diagnosis/DIAGNOSIS_Ddn' is clickable

2021-12-01 17:37:44 - [TEST_STEP][PASSED] - ctdc.utilities.runtestcaseforKatalon.clickTab("Bento/Cases_page/Filter/Diagnosis/DIAGNOSIS_Ddn"): ctdc.utilities.runtestcaseforKatalon.clickTab is PASSED

2021-12-01 17:37:44 - [MESSAGE][PASSED] - ctdc.utilities.runtestcaseforKatalon.clickTab is PASSED

2021-12-01 17:37:44 - [TEST_STEP][PASSED] - waitForElementClickable(findTestObject("Bento/Cases_page/Filter/Diagnosis/PagetsDisease_Chkbx"), 5): Object 'Object Repository/Bento/Cases_page/Filter/Diagnosis/PagetsDisease_Chkbx' is clickable

2021-12-01 17:37:45 - [MESSAGE][PASSED] - Object 'Object Repository/Bento/Cases_page/Filter/Diagnosis/PagetsDisease_Chkbx' is clickable

2021-12-01 17:37:45 - [TEST_STEP][PASSED] - ctdc.utilities.runtestcaseforKatalon.clickTab("Bento/Cases_page/Filter/Diagnosis/PagetsDisease_Chkbx"): ctdc.utilities.runtestcaseforKatalon.clickTab is PASSED

2021-12-01 17:37:45 - [MESSAGE][PASSED] - ctdc.utilities.runtestcaseforKatalon.clickTab is PASSED

2021-12-01 17:37:45 - [TEST_STEP][PASSED] - ctdc.utilities.runtestcaseforKatalon.clickTab("Bento/Cases_page/Filter/Diagnosis/DIAGNOSIS_Ddn"): ctdc.utilities.runtestcaseforKatalon.clickTab is PASSED

2021-12-01 17:37:46 - [MESSAGE][PASSED] - ctdc.utilities.runtestcaseforKatalon.clickTab is PASSED

2021-12-01 17:37:46 - [TEST_STEP][PASSED] - ctdc.utilities.runtestcaseforKatalon.readStatBarBento("Object Repository/Bento/StatBar/Bento_StatBar-Programs", "Object Repository/Bento/StatBar/Bento_StatBar-Arms", "Object Repository/Bento/StatBar/Bento_StatBar-Cases", "Object Repository/Bento/StatBar/Bento_StatBar-Samples", "Object Repository/Bento/StatBar/Bento_StatBar-Assays", "Object Repository/Bento/StatBar/Bento_StatBar-Files"): ctdc.utilities.runtestcaseforKatalon.readStatBarBento is PASSED

2021-12-01 17:37:55 - [MESSAGE][PASSED] - ctdc.utilities.runtestcaseforKatalon.readStatBarBento is PASSED

2021-12-01 17:37:55 - [TEST_STEP][PASSED] - waitForElementPresent(findTestObject("Object Repository/Bento/Cases_page/BentoResults_Cases_Tab"), 5): Object 'Object Repository/Bento/Cases_page/BentoResults_Cases_Tab' is present

2021-12-01 17:37:56 - [MESSAGE][PASSED] - Object 'Object Repository/Bento/Cases_page/BentoResults_Cases_Tab' is present

2021-12-01 17:37:56 - [TEST_STEP][PASSED] - ctdc.utilities.runtestcaseforKatalon.clickTab("Object Repository/Bento/Cases_page/BentoResults_Cases_Tab"): ctdc.utilities.runtestcaseforKatalon.clickTab is PASSED

2021-12-01 17:37:56 - [MESSAGE][PASSED] - ctdc.utilities.runtestcaseforKatalon.clickTab is PASSED

2021-12-01 17:37:56 - [TEST_STEP][PASSED] - ctdc.utilities.runtestcaseforKatalon.multiFunction("Bento", G_StatBar_Cases, "Object Repository/Bento/Cases_page/Bento_CasesTable", "Object Repository/Bento/Cases_page/Bento_CasesTableHeader", "Object Repository/Bento/Cases_page/Bento_CasesTabNextBtn", G_WebTabnameCases, G_CypherTabnameCases, G_QueryCasesTab): Statbar Files count matches

2021-12-01 17:39:49 - [MESSAGE][PASSED] - Statbar Programs count matches

2021-12-01 17:39:49 - [MESSAGE][PASSED] - Statbar Arms count matches

2021-12-01 17:39:49 - [MESSAGE][PASSED] - Statbar Cases count matches

2021-12-01 17:39:49 - [MESSAGE][PASSED] - Statbar Samples count matches

2021-12-01 17:39:49 - [MESSAGE][PASSED] - Statbar Assays count matches

2021-12-01 17:39:49 - [MESSAGE][PASSED] - Statbar Files count matches

2021-12-01 17:39:49 - [TEST_STEP][PASSED] - closeBrowser(): Browser is closed

2021-12-01 17:39:49 - [MESSAGE][PASSED] - Browser is closed]]></system-out>
         <system-err><![CDATA[]]></system-err>
      </testcase>
      <testcase name="Test Cases/Bento_TestCases/Diagnosis/TC11_Bento_Filter_Diagnosis-PapillaryCarcinoma" time="41.602" classname="Test Cases/Bento_TestCases/Diagnosis/TC11_Bento_Filter_Diagnosis-PapillaryCarcinoma" status="PASSED">
         <system-out><![CDATA[2021-12-01 17:39:49 - [TEST_CASE][PASSED] - Test Cases/Bento_TestCases/Diagnosis/TC11_Bento_Filter_Diagnosis-PapillaryCarcinoma: Test Cases/Bento_TestCases/Diagnosis/TC11_Bento_Filter_Diagnosis-PapillaryCarcinoma

2021-12-01 17:39:49 - [TEST_STEP][PASSED] - Start listener action : getTestScriptName: null

2021-12-01 17:39:49 - [TEST_STEP][PASSED] - TestCaseId = testCaseContext.getTestCaseId(): null

2021-12-01 17:39:49 - [TEST_STEP][PASSED] - out.println("**********this is the value of test case id string******** " + testCaseContext.getTestCaseId()): null

2021-12-01 17:39:49 - [TEST_STEP][PASSED] - G_currentTCName = TestCaseId.substring(TestCaseId.lastIndexOf("TC")): null

2021-12-01 17:39:49 - [TEST_STEP][PASSED] - out.println("This is the test case name : " + G_currentTCName): null

2021-12-01 17:39:51 - [TEST_STEP][PASSED] - closeBrowser(): Browser is closed

2021-12-01 17:39:51 - [MESSAGE][PASSED] - Browser is closed

2021-12-01 17:39:51 - [TEST_STEP][PASSED] - openBrowser(""): Browser is opened with url: ''

2021-12-01 17:39:51 - [MESSAGE][INFO] - Starting 'Chrome (headless)' driver

2021-12-01 17:39:51 - [MESSAGE][INFO] - User set preference: ['args', '[--no-sandbox]']

2021-12-01 17:39:51 - [MESSAGE][INFO] - Action delay is set to 0 milliseconds

2021-12-01 17:39:52 - [MESSAGE][PASSED] - Browser is opened with url: ''

2021-12-01 17:39:52 - [TEST_STEP][PASSED] - maximizeWindow(): Current window maximized

2021-12-01 17:39:52 - [MESSAGE][PASSED] - Current window maximized

2021-12-01 17:39:52 - [TEST_STEP][PASSED] - ctdc.utilities.runtestcaseforKatalon.RunKatalon("TC11_Bento_Filter_Diagnosis-PapillaryCarcinoma.xlsx"): Data loaded from input file for the test case. 

2021-12-01 17:39:52 - [MESSAGE][PASSED] - Test case file loaded This is the full filepath after converting to string :C:\Users\sohilz2\Commons_Automation\InputFiles\TC11_Bento_Filter_Diagnosis-PapillaryCarcinoma.xlsx

2021-12-01 17:39:52 - [MESSAGE][INFO] - Global variable set for password file is :  C:\Users\sohilz2\Commons_Automation\InputFiles\TC11_Bento_Filter_Diagnosis-PapillaryCarcinoma.xlsx

2021-12-01 17:39:56 - [MESSAGE][PASSED] - Data loaded from input file for the test case. 

2021-12-01 17:40:11 - [TEST_STEP][PASSED] - waitForElementClickable(findTestObject("Object Repository/Bento/NavBar/Bento_Cases-Btn"), 5): Object 'Object Repository/Bento/NavBar/Bento_Cases-Btn' is clickable

2021-12-01 17:40:11 - [MESSAGE][PASSED] - Object 'Object Repository/Bento/NavBar/Bento_Cases-Btn' is clickable

2021-12-01 17:40:11 - [TEST_STEP][PASSED] - ctdc.utilities.runtestcaseforKatalon.clickTab("Object Repository/Bento/NavBar/Bento_Cases-Btn"): ctdc.utilities.runtestcaseforKatalon.clickTab is PASSED

2021-12-01 17:40:11 - [MESSAGE][PASSED] - ctdc.utilities.runtestcaseforKatalon.clickTab is PASSED

2021-12-01 17:40:11 - [TEST_STEP][PASSED] - waitForElementClickable(findTestObject("Bento/Cases_page/Filter/FilterByCases_Facet"), 5): Object 'Object Repository/Bento/Cases_page/Filter/FilterByCases_Facet' is clickable

2021-12-01 17:40:13 - [MESSAGE][PASSED] - Object 'Object Repository/Bento/Cases_page/Filter/FilterByCases_Facet' is clickable

2021-12-01 17:40:13 - [TEST_STEP][PASSED] - ctdc.utilities.runtestcaseforKatalon.clickTab("Bento/Cases_page/Filter/FilterByCases_Facet"): ctdc.utilities.runtestcaseforKatalon.clickTab is PASSED

2021-12-01 17:40:13 - [MESSAGE][PASSED] - ctdc.utilities.runtestcaseforKatalon.clickTab is PASSED

2021-12-01 17:40:13 - [TEST_STEP][PASSED] - waitForElementClickable(findTestObject("Bento/Cases_page/Filter/Diagnosis/DIAGNOSIS_Ddn"), 5): Object 'Object Repository/Bento/Cases_page/Filter/Diagnosis/DIAGNOSIS_Ddn' is clickable

2021-12-01 17:40:13 - [MESSAGE][PASSED] - Object 'Object Repository/Bento/Cases_page/Filter/Diagnosis/DIAGNOSIS_Ddn' is clickable

2021-12-01 17:40:13 - [TEST_STEP][PASSED] - ctdc.utilities.runtestcaseforKatalon.clickTab("Bento/Cases_page/Filter/Diagnosis/DIAGNOSIS_Ddn"): ctdc.utilities.runtestcaseforKatalon.clickTab is PASSED

2021-12-01 17:40:14 - [MESSAGE][PASSED] - ctdc.utilities.runtestcaseforKatalon.clickTab is PASSED

2021-12-01 17:40:14 - [TEST_STEP][PASSED] - waitForElementClickable(findTestObject("Bento/Cases_page/Filter/Diagnosis/PapillaryCarcinoma_Chkbx"), 5): Object 'Object Repository/Bento/Cases_page/Filter/Diagnosis/PapillaryCarcinoma_Chkbx' is clickable

2021-12-01 17:40:14 - [MESSAGE][PASSED] - Object 'Object Repository/Bento/Cases_page/Filter/Diagnosis/PapillaryCarcinoma_Chkbx' is clickable

2021-12-01 17:40:14 - [TEST_STEP][PASSED] - ctdc.utilities.runtestcaseforKatalon.clickTab("Bento/Cases_page/Filter/Diagnosis/PapillaryCarcinoma_Chkbx"): ctdc.utilities.runtestcaseforKatalon.clickTab is PASSED

2021-12-01 17:40:14 - [MESSAGE][PASSED] - ctdc.utilities.runtestcaseforKatalon.clickTab is PASSED

2021-12-01 17:40:14 - [TEST_STEP][PASSED] - ctdc.utilities.runtestcaseforKatalon.clickTab("Bento/Cases_page/Filter/Diagnosis/DIAGNOSIS_Ddn"): ctdc.utilities.runtestcaseforKatalon.clickTab is PASSED

2021-12-01 17:40:15 - [MESSAGE][PASSED] - ctdc.utilities.runtestcaseforKatalon.clickTab is PASSED

2021-12-01 17:40:15 - [TEST_STEP][PASSED] - ctdc.utilities.runtestcaseforKatalon.readStatBarBento("Object Repository/Bento/StatBar/Bento_StatBar-Programs", "Object Repository/Bento/StatBar/Bento_StatBar-Arms", "Object Repository/Bento/StatBar/Bento_StatBar-Cases", "Object Repository/Bento/StatBar/Bento_StatBar-Samples", "Object Repository/Bento/StatBar/Bento_StatBar-Assays", "Object Repository/Bento/StatBar/Bento_StatBar-Files"): ctdc.utilities.runtestcaseforKatalon.readStatBarBento is PASSED

2021-12-01 17:40:25 - [MESSAGE][PASSED] - ctdc.utilities.runtestcaseforKatalon.readStatBarBento is PASSED

2021-12-01 17:40:25 - [TEST_STEP][PASSED] - ctdc.utilities.ReadExcel.Neo4j(G_CypherTabnameCases, G_QueryCasesTab): ctdc.utilities.ReadExcel.Neo4j is PASSED

2021-12-01 17:40:30 - [MESSAGE][PASSED] - ctdc.utilities.ReadExcel.Neo4j is PASSED

2021-12-01 17:40:30 - [TEST_STEP][PASSED] - ctdc.utilities.runtestcaseforKatalon.validateStatBar("Bento"): Statbar Files count matches

2021-12-01 17:40:30 - [MESSAGE][PASSED] - Statbar Programs count matches

2021-12-01 17:40:30 - [MESSAGE][PASSED] - Statbar Arms count matches

2021-12-01 17:40:30 - [MESSAGE][PASSED] - Statbar Cases count matches

2021-12-01 17:40:30 - [MESSAGE][PASSED] - Statbar Samples count matches

2021-12-01 17:40:30 - [MESSAGE][PASSED] - Statbar Assays count matches

2021-12-01 17:40:30 - [MESSAGE][PASSED] - Statbar Files count matches

2021-12-01 17:40:30 - [TEST_STEP][PASSED] - closeBrowser(): Browser is closed

2021-12-01 17:40:31 - [MESSAGE][PASSED] - Browser is closed]]></system-out>
         <system-err><![CDATA[]]></system-err>
      </testcase>
      <testcase name="Test Cases/Bento_TestCases/Diagnosis/TC12_Bento_Filter_Diagnosis-TubularCarcinoma" time="156.889" classname="Test Cases/Bento_TestCases/Diagnosis/TC12_Bento_Filter_Diagnosis-TubularCarcinoma" status="PASSED">
         <system-out><![CDATA[2021-12-01 17:40:31 - [TEST_CASE][PASSED] - Test Cases/Bento_TestCases/Diagnosis/TC12_Bento_Filter_Diagnosis-TubularCarcinoma: Test Cases/Bento_TestCases/Diagnosis/TC12_Bento_Filter_Diagnosis-TubularCarcinoma

2021-12-01 17:40:31 - [TEST_STEP][PASSED] - Start listener action : getTestScriptName: null

2021-12-01 17:40:31 - [TEST_STEP][PASSED] - TestCaseId = testCaseContext.getTestCaseId(): null

2021-12-01 17:40:31 - [TEST_STEP][PASSED] - out.println("**********this is the value of test case id string******** " + testCaseContext.getTestCaseId()): null

2021-12-01 17:40:31 - [TEST_STEP][PASSED] - G_currentTCName = TestCaseId.substring(TestCaseId.lastIndexOf("TC")): null

2021-12-01 17:40:31 - [TEST_STEP][PASSED] - out.println("This is the test case name : " + G_currentTCName): null

2021-12-01 17:40:32 - [TEST_STEP][PASSED] - closeBrowser(): Browser is closed

2021-12-01 17:40:32 - [MESSAGE][PASSED] - Browser is closed

2021-12-01 17:40:32 - [TEST_STEP][PASSED] - ctdc.utilities.runtestcaseforKatalon.RunKatalon("TC12_Bento_Filter_Diagnosis-TubularCarcinoma.xlsx"): Data loaded from input file for the test case. 

2021-12-01 17:40:32 - [MESSAGE][PASSED] - Test case file loaded This is the full filepath after converting to string :C:\Users\sohilz2\Commons_Automation\InputFiles\TC12_Bento_Filter_Diagnosis-TubularCarcinoma.xlsx

2021-12-01 17:40:32 - [MESSAGE][INFO] - Global variable set for password file is :  C:\Users\sohilz2\Commons_Automation\InputFiles\TC12_Bento_Filter_Diagnosis-TubularCarcinoma.xlsx

2021-12-01 17:40:36 - [MESSAGE][PASSED] - Data loaded from input file for the test case. 

2021-12-01 17:40:52 - [TEST_STEP][PASSED] - waitForElementClickable(findTestObject("Object Repository/Bento/NavBar/Bento_Cases-Btn"), 5): Object 'Object Repository/Bento/NavBar/Bento_Cases-Btn' is clickable

2021-12-01 17:40:52 - [MESSAGE][PASSED] - Object 'Object Repository/Bento/NavBar/Bento_Cases-Btn' is clickable

2021-12-01 17:40:52 - [TEST_STEP][PASSED] - ctdc.utilities.runtestcaseforKatalon.clickTab("Object Repository/Bento/NavBar/Bento_Cases-Btn"): ctdc.utilities.runtestcaseforKatalon.clickTab is PASSED

2021-12-01 17:40:52 - [MESSAGE][PASSED] - ctdc.utilities.runtestcaseforKatalon.clickTab is PASSED

2021-12-01 17:40:52 - [TEST_STEP][PASSED] - waitForElementClickable(findTestObject("Bento/Cases_page/Filter/FilterByCases_Facet"), 5): Object 'Object Repository/Bento/Cases_page/Filter/FilterByCases_Facet' is clickable

2021-12-01 17:40:54 - [MESSAGE][PASSED] - Object 'Object Repository/Bento/Cases_page/Filter/FilterByCases_Facet' is clickable

2021-12-01 17:40:54 - [TEST_STEP][PASSED] - ctdc.utilities.runtestcaseforKatalon.clickTab("Bento/Cases_page/Filter/FilterByCases_Facet"): ctdc.utilities.runtestcaseforKatalon.clickTab is PASSED

2021-12-01 17:40:54 - [MESSAGE][PASSED] - ctdc.utilities.runtestcaseforKatalon.clickTab is PASSED

2021-12-01 17:40:54 - [TEST_STEP][PASSED] - waitForElementClickable(findTestObject("Bento/Cases_page/Filter/Diagnosis/DIAGNOSIS_Ddn"), 5): Object 'Object Repository/Bento/Cases_page/Filter/Diagnosis/DIAGNOSIS_Ddn' is clickable

2021-12-01 17:40:55 - [MESSAGE][PASSED] - Object 'Object Repository/Bento/Cases_page/Filter/Diagnosis/DIAGNOSIS_Ddn' is clickable

2021-12-01 17:40:55 - [TEST_STEP][PASSED] - ctdc.utilities.runtestcaseforKatalon.clickTab("Bento/Cases_page/Filter/Diagnosis/DIAGNOSIS_Ddn"): ctdc.utilities.runtestcaseforKatalon.clickTab is PASSED

2021-12-01 17:40:55 - [MESSAGE][PASSED] - ctdc.utilities.runtestcaseforKatalon.clickTab is PASSED

2021-12-01 17:40:55 - [TEST_STEP][PASSED] - waitForElementClickable(findTestObject("Bento/Cases_page/Filter/Diagnosis/TubularCarcinoma_Chkbx"), 5): Object 'Object Repository/Bento/Cases_page/Filter/Diagnosis/TubularCarcinoma_Chkbx' is clickable

2021-12-01 17:40:55 - [MESSAGE][PASSED] - Object 'Object Repository/Bento/Cases_page/Filter/Diagnosis/TubularCarcinoma_Chkbx' is clickable

2021-12-01 17:40:55 - [TEST_STEP][PASSED] - ctdc.utilities.runtestcaseforKatalon.clickTab("Bento/Cases_page/Filter/Diagnosis/TubularCarcinoma_Chkbx"): ctdc.utilities.runtestcaseforKatalon.clickTab is PASSED

2021-12-01 17:40:56 - [MESSAGE][PASSED] - ctdc.utilities.runtestcaseforKatalon.clickTab is PASSED

2021-12-01 17:40:56 - [TEST_STEP][PASSED] - ctdc.utilities.runtestcaseforKatalon.clickTab("Bento/Cases_page/Filter/Diagnosis/DIAGNOSIS_Ddn"): ctdc.utilities.runtestcaseforKatalon.clickTab is PASSED

2021-12-01 17:40:57 - [MESSAGE][PASSED] - ctdc.utilities.runtestcaseforKatalon.clickTab is PASSED

2021-12-01 17:40:57 - [TEST_STEP][PASSED] - ctdc.utilities.runtestcaseforKatalon.readStatBarBento("Object Repository/Bento/StatBar/Bento_StatBar-Programs", "Object Repository/Bento/StatBar/Bento_StatBar-Arms", "Object Repository/Bento/StatBar/Bento_StatBar-Cases", "Object Repository/Bento/StatBar/Bento_StatBar-Samples", "Object Repository/Bento/StatBar/Bento_StatBar-Assays", "Object Repository/Bento/StatBar/Bento_StatBar-Files"): ctdc.utilities.runtestcaseforKatalon.readStatBarBento is PASSED

2021-12-01 17:41:06 - [MESSAGE][PASSED] - ctdc.utilities.runtestcaseforKatalon.readStatBarBento is PASSED

2021-12-01 17:41:06 - [TEST_STEP][PASSED] - waitForElementPresent(findTestObject("Object Repository/Bento/Cases_page/BentoResults_Cases_Tab"), 5): Object 'Object Repository/Bento/Cases_page/BentoResults_Cases_Tab' is present

2021-12-01 17:41:06 - [MESSAGE][PASSED] - Object 'Object Repository/Bento/Cases_page/BentoResults_Cases_Tab' is present

2021-12-01 17:41:06 - [TEST_STEP][PASSED] - ctdc.utilities.runtestcaseforKatalon.clickTab("Object Repository/Bento/Cases_page/BentoResults_Cases_Tab"): ctdc.utilities.runtestcaseforKatalon.clickTab is PASSED

2021-12-01 17:41:06 - [MESSAGE][PASSED] - ctdc.utilities.runtestcaseforKatalon.clickTab is PASSED

2021-12-01 17:41:06 - [TEST_STEP][PASSED] - ctdc.utilities.runtestcaseforKatalon.multiFunction("Bento", G_StatBar_Cases, "Object Repository/Bento/Cases_page/Bento_CasesTable", "Object Repository/Bento/Cases_page/Bento_CasesTableHeader", "Object Repository/Bento/Cases_page/Bento_CasesTabNextBtn", G_WebTabnameCases, G_CypherTabnameCases, G_QueryCasesTab): Statbar Files count matches

2021-12-01 17:43:07 - [MESSAGE][PASSED] - Statbar Programs count matches

2021-12-01 17:43:07 - [MESSAGE][PASSED] - Statbar Arms count matches

2021-12-01 17:43:07 - [MESSAGE][PASSED] - Statbar Cases count matches

2021-12-01 17:43:07 - [MESSAGE][PASSED] - Statbar Samples count matches

2021-12-01 17:43:07 - [MESSAGE][PASSED] - Statbar Assays count matches

2021-12-01 17:43:07 - [MESSAGE][PASSED] - Statbar Files count matches

2021-12-01 17:43:07 - [TEST_STEP][PASSED] - closeBrowser(): Browser is closed

2021-12-01 17:43:08 - [MESSAGE][PASSED] - Browser is closed]]></system-out>
         <system-err><![CDATA[]]></system-err>
      </testcase>
      <testcase name="Test Cases/Bento_TestCases/EndocrineTherapy/TC01_Bento_Filter_EndocrineTherapy-AI" time="630.617" classname="Test Cases/Bento_TestCases/EndocrineTherapy/TC01_Bento_Filter_EndocrineTherapy-AI" status="PASSED">
         <system-out><![CDATA[2021-12-01 17:43:08 - [TEST_CASE][PASSED] - Test Cases/Bento_TestCases/EndocrineTherapy/TC01_Bento_Filter_EndocrineTherapy-AI: Test Cases/Bento_TestCases/EndocrineTherapy/TC01_Bento_Filter_EndocrineTherapy-AI

2021-12-01 17:43:08 - [TEST_STEP][PASSED] - Start listener action : getTestScriptName: null

2021-12-01 17:43:08 - [TEST_STEP][PASSED] - TestCaseId = testCaseContext.getTestCaseId(): null

2021-12-01 17:43:08 - [TEST_STEP][PASSED] - out.println("**********this is the value of test case id string******** " + testCaseContext.getTestCaseId()): null

2021-12-01 17:43:08 - [TEST_STEP][PASSED] - G_currentTCName = TestCaseId.substring(TestCaseId.lastIndexOf("TC")): null

2021-12-01 17:43:08 - [TEST_STEP][PASSED] - out.println("This is the test case name : " + G_currentTCName): null

2021-12-01 17:43:09 - [TEST_STEP][PASSED] - closeBrowser(): Browser is closed

2021-12-01 17:43:09 - [MESSAGE][PASSED] - Browser is closed

2021-12-01 17:43:09 - [TEST_STEP][PASSED] - ctdc.utilities.runtestcaseforKatalon.RunKatalon("TC01_Bento_Filter_EndocrineTherapy-AI.xlsx"): Data loaded from input file for the test case. 

2021-12-01 17:43:09 - [MESSAGE][PASSED] - Test case file loaded This is the full filepath after converting to string :C:\Users\sohilz2\Commons_Automation\InputFiles\TC01_Bento_Filter_EndocrineTherapy-AI.xlsx

2021-12-01 17:43:09 - [MESSAGE][INFO] - Global variable set for password file is :  C:\Users\sohilz2\Commons_Automation\InputFiles\TC01_Bento_Filter_EndocrineTherapy-AI.xlsx

2021-12-01 17:43:13 - [MESSAGE][PASSED] - Data loaded from input file for the test case. 

2021-12-01 17:43:28 - [TEST_STEP][PASSED] - waitForElementClickable(findTestObject("Object Repository/Bento/NavBar/Bento_Cases-Btn"), 5): Object 'Object Repository/Bento/NavBar/Bento_Cases-Btn' is clickable

2021-12-01 17:43:28 - [MESSAGE][PASSED] - Object 'Object Repository/Bento/NavBar/Bento_Cases-Btn' is clickable

2021-12-01 17:43:28 - [TEST_STEP][PASSED] - ctdc.utilities.runtestcaseforKatalon.clickTab("Object Repository/Bento/NavBar/Bento_Cases-Btn"): ctdc.utilities.runtestcaseforKatalon.clickTab is PASSED

2021-12-01 17:43:28 - [MESSAGE][PASSED] - ctdc.utilities.runtestcaseforKatalon.clickTab is PASSED

2021-12-01 17:43:28 - [TEST_STEP][PASSED] - waitForElementClickable(findTestObject("Bento/Cases_page/Filter/FilterByCases_Facet"), 5): Object 'Object Repository/Bento/Cases_page/Filter/FilterByCases_Facet' is clickable

2021-12-01 17:43:30 - [MESSAGE][PASSED] - Object 'Object Repository/Bento/Cases_page/Filter/FilterByCases_Facet' is clickable

2021-12-01 17:43:30 - [TEST_STEP][PASSED] - ctdc.utilities.runtestcaseforKatalon.clickTab("Bento/Cases_page/Filter/FilterByCases_Facet"): ctdc.utilities.runtestcaseforKatalon.clickTab is PASSED

2021-12-01 17:43:30 - [MESSAGE][PASSED] - ctdc.utilities.runtestcaseforKatalon.clickTab is PASSED

2021-12-01 17:43:30 - [TEST_STEP][PASSED] - waitForElementClickable(findTestObject("Bento/Cases_page/Filter/EndocrineTherapy/ENDOCRINETHERAPY_Ddn"), 5): Object 'Object Repository/Bento/Cases_page/Filter/EndocrineTherapy/ENDOCRINETHERAPY_Ddn' is clickable

2021-12-01 17:43:31 - [MESSAGE][PASSED] - Object 'Object Repository/Bento/Cases_page/Filter/EndocrineTherapy/ENDOCRINETHERAPY_Ddn' is clickable

2021-12-01 17:43:31 - [TEST_STEP][PASSED] - ctdc.utilities.runtestcaseforKatalon.clickTab("Bento/Cases_page/Filter/EndocrineTherapy/ENDOCRINETHERAPY_Ddn"): ctdc.utilities.runtestcaseforKatalon.clickTab is PASSED

2021-12-01 17:43:31 - [MESSAGE][PASSED] - ctdc.utilities.runtestcaseforKatalon.clickTab is PASSED

2021-12-01 17:43:31 - [TEST_STEP][PASSED] - ctdc.utilities.runtestcaseforKatalon.clickTab("Object Repository/Bento/Cases_page/Filter/EndocrineTherapy/AI_Chkbx"): ctdc.utilities.runtestcaseforKatalon.clickTab is PASSED

2021-12-01 17:43:32 - [MESSAGE][PASSED] - ctdc.utilities.runtestcaseforKatalon.clickTab is PASSED

2021-12-01 17:43:32 - [TEST_STEP][PASSED] - ctdc.utilities.runtestcaseforKatalon.clickTab("Object Repository/Bento/Cases_page/Filter/EndocrineTherapy/ENDOCRINETHERAPY_Ddn"): ctdc.utilities.runtestcaseforKatalon.clickTab is PASSED

2021-12-01 17:43:33 - [MESSAGE][PASSED] - ctdc.utilities.runtestcaseforKatalon.clickTab is PASSED

2021-12-01 17:43:33 - [TEST_STEP][PASSED] - ctdc.utilities.runtestcaseforKatalon.readStatBarBento("Object Repository/Bento/StatBar/Bento_StatBar-Programs", "Object Repository/Bento/StatBar/Bento_StatBar-Arms", "Object Repository/Bento/StatBar/Bento_StatBar-Cases", "Object Repository/Bento/StatBar/Bento_StatBar-Samples", "Object Repository/Bento/StatBar/Bento_StatBar-Assays", "Object Repository/Bento/StatBar/Bento_StatBar-Files"): ctdc.utilities.runtestcaseforKatalon.readStatBarBento is PASSED

2021-12-01 17:43:42 - [MESSAGE][PASSED] - ctdc.utilities.runtestcaseforKatalon.readStatBarBento is PASSED

2021-12-01 17:43:42 - [TEST_STEP][PASSED] - waitForElementPresent(findTestObject("Object Repository/Bento/Cases_page/BentoResults_Cases_Tab"), 5): Object 'Object Repository/Bento/Cases_page/BentoResults_Cases_Tab' is present

2021-12-01 17:43:42 - [MESSAGE][PASSED] - Object 'Object Repository/Bento/Cases_page/BentoResults_Cases_Tab' is present

2021-12-01 17:43:42 - [TEST_STEP][PASSED] - ctdc.utilities.runtestcaseforKatalon.clickTab("Object Repository/Bento/Cases_page/BentoResults_Cases_Tab"): ctdc.utilities.runtestcaseforKatalon.clickTab is PASSED

2021-12-01 17:43:43 - [MESSAGE][PASSED] - ctdc.utilities.runtestcaseforKatalon.clickTab is PASSED

2021-12-01 17:43:43 - [TEST_STEP][PASSED] - ctdc.utilities.runtestcaseforKatalon.multiFunction("Bento", G_StatBar_Cases, "Object Repository/Bento/Cases_page/Bento_CasesTable", "Object Repository/Bento/Cases_page/Bento_CasesTableHeader", "Object Repository/Bento/Cases_page/Bento_CasesTabNextBtn", G_WebTabnameCases, G_CypherTabnameCases, G_QueryCasesTab): Statbar Files count matches

2021-12-01 17:53:38 - [MESSAGE][PASSED] - Statbar Programs count matches

2021-12-01 17:53:38 - [MESSAGE][PASSED] - Statbar Arms count matches

2021-12-01 17:53:38 - [MESSAGE][PASSED] - Statbar Cases count matches

2021-12-01 17:53:38 - [MESSAGE][PASSED] - Statbar Samples count matches

2021-12-01 17:53:38 - [MESSAGE][PASSED] - Statbar Assays count matches

2021-12-01 17:53:38 - [MESSAGE][PASSED] - Statbar Files count matches

2021-12-01 17:53:38 - [TEST_STEP][PASSED] - closeBrowser(): Browser is closed

2021-12-01 17:53:38 - [MESSAGE][PASSED] - Browser is closed]]></system-out>
         <system-err><![CDATA[]]></system-err>
      </testcase>
      <testcase name="Test Cases/Bento_TestCases/EndocrineTherapy/TC02_Bento_Filter_EndocrineTherapy-None" time="114.337" classname="Test Cases/Bento_TestCases/EndocrineTherapy/TC02_Bento_Filter_EndocrineTherapy-None" status="PASSED">
         <system-out><![CDATA[2021-12-01 17:53:38 - [TEST_CASE][PASSED] - Test Cases/Bento_TestCases/EndocrineTherapy/TC02_Bento_Filter_EndocrineTherapy-None: Test Cases/Bento_TestCases/EndocrineTherapy/TC02_Bento_Filter_EndocrineTherapy-None

2021-12-01 17:53:38 - [TEST_STEP][PASSED] - Start listener action : getTestScriptName: null

2021-12-01 17:53:38 - [TEST_STEP][PASSED] - TestCaseId = testCaseContext.getTestCaseId(): null

2021-12-01 17:53:38 - [TEST_STEP][PASSED] - out.println("**********this is the value of test case id string******** " + testCaseContext.getTestCaseId()): null

2021-12-01 17:53:39 - [TEST_STEP][PASSED] - G_currentTCName = TestCaseId.substring(TestCaseId.lastIndexOf("TC")): null

2021-12-01 17:53:39 - [TEST_STEP][PASSED] - out.println("This is the test case name : " + G_currentTCName): null

2021-12-01 17:53:40 - [TEST_STEP][PASSED] - closeBrowser(): Browser is closed

2021-12-01 17:53:40 - [MESSAGE][PASSED] - Browser is closed

2021-12-01 17:53:40 - [TEST_STEP][PASSED] - ctdc.utilities.runtestcaseforKatalon.RunKatalon("TC02_Bento_Filter_EndocrineTherapy-None.xlsx"): Data loaded from input file for the test case. 

2021-12-01 17:53:40 - [MESSAGE][PASSED] - Test case file loaded This is the full filepath after converting to string :C:\Users\sohilz2\Commons_Automation\InputFiles\TC02_Bento_Filter_EndocrineTherapy-None.xlsx

2021-12-01 17:53:40 - [MESSAGE][INFO] - Global variable set for password file is :  C:\Users\sohilz2\Commons_Automation\InputFiles\TC02_Bento_Filter_EndocrineTherapy-None.xlsx

2021-12-01 17:53:44 - [MESSAGE][PASSED] - Data loaded from input file for the test case. 

2021-12-01 17:53:57 - [TEST_STEP][PASSED] - waitForElementClickable(findTestObject("Object Repository/Bento/NavBar/Bento_Cases-Btn"), 5): Object 'Object Repository/Bento/NavBar/Bento_Cases-Btn' is clickable

2021-12-01 17:53:57 - [MESSAGE][PASSED] - Object 'Object Repository/Bento/NavBar/Bento_Cases-Btn' is clickable

2021-12-01 17:53:57 - [TEST_STEP][PASSED] - ctdc.utilities.runtestcaseforKatalon.clickTab("Object Repository/Bento/NavBar/Bento_Cases-Btn"): ctdc.utilities.runtestcaseforKatalon.clickTab is PASSED

2021-12-01 17:53:57 - [MESSAGE][PASSED] - ctdc.utilities.runtestcaseforKatalon.clickTab is PASSED

2021-12-01 17:53:57 - [TEST_STEP][PASSED] - waitForElementClickable(findTestObject("Bento/Cases_page/Filter/FilterByCases_Facet"), 5): Object 'Object Repository/Bento/Cases_page/Filter/FilterByCases_Facet' is clickable

2021-12-01 17:53:59 - [MESSAGE][PASSED] - Object 'Object Repository/Bento/Cases_page/Filter/FilterByCases_Facet' is clickable

2021-12-01 17:53:59 - [TEST_STEP][PASSED] - ctdc.utilities.runtestcaseforKatalon.clickTab("Bento/Cases_page/Filter/FilterByCases_Facet"): ctdc.utilities.runtestcaseforKatalon.clickTab is PASSED

2021-12-01 17:53:59 - [MESSAGE][PASSED] - ctdc.utilities.runtestcaseforKatalon.clickTab is PASSED

2021-12-01 17:53:59 - [TEST_STEP][PASSED] - waitForElementClickable(findTestObject("Bento/Cases_page/Filter/EndocrineTherapy/ENDOCRINETHERAPY_Ddn"), 5): Object 'Object Repository/Bento/Cases_page/Filter/EndocrineTherapy/ENDOCRINETHERAPY_Ddn' is clickable

2021-12-01 17:54:00 - [MESSAGE][PASSED] - Object 'Object Repository/Bento/Cases_page/Filter/EndocrineTherapy/ENDOCRINETHERAPY_Ddn' is clickable

2021-12-01 17:54:00 - [TEST_STEP][PASSED] - ctdc.utilities.runtestcaseforKatalon.clickTab("Bento/Cases_page/Filter/EndocrineTherapy/ENDOCRINETHERAPY_Ddn"): ctdc.utilities.runtestcaseforKatalon.clickTab is PASSED

2021-12-01 17:54:00 - [MESSAGE][PASSED] - ctdc.utilities.runtestcaseforKatalon.clickTab is PASSED

2021-12-01 17:54:00 - [TEST_STEP][PASSED] - ctdc.utilities.runtestcaseforKatalon.clickTab("Object Repository/Bento/Cases_page/Filter/EndocrineTherapy/None_Chkbx"): ctdc.utilities.runtestcaseforKatalon.clickTab is PASSED

2021-12-01 17:54:00 - [MESSAGE][PASSED] - ctdc.utilities.runtestcaseforKatalon.clickTab is PASSED

2021-12-01 17:54:00 - [TEST_STEP][PASSED] - ctdc.utilities.runtestcaseforKatalon.clickTab("Object Repository/Bento/Cases_page/Filter/EndocrineTherapy/ENDOCRINETHERAPY_Ddn"): ctdc.utilities.runtestcaseforKatalon.clickTab is PASSED

2021-12-01 17:54:01 - [MESSAGE][PASSED] - ctdc.utilities.runtestcaseforKatalon.clickTab is PASSED

2021-12-01 17:54:01 - [TEST_STEP][PASSED] - ctdc.utilities.runtestcaseforKatalon.readStatBarBento("Object Repository/Bento/StatBar/Bento_StatBar-Programs", "Object Repository/Bento/StatBar/Bento_StatBar-Arms", "Object Repository/Bento/StatBar/Bento_StatBar-Cases", "Object Repository/Bento/StatBar/Bento_StatBar-Samples", "Object Repository/Bento/StatBar/Bento_StatBar-Assays", "Object Repository/Bento/StatBar/Bento_StatBar-Files"): ctdc.utilities.runtestcaseforKatalon.readStatBarBento is PASSED

2021-12-01 17:54:10 - [MESSAGE][PASSED] - ctdc.utilities.runtestcaseforKatalon.readStatBarBento is PASSED

2021-12-01 17:54:10 - [TEST_STEP][PASSED] - waitForElementPresent(findTestObject("Object Repository/Bento/Cases_page/BentoResults_Cases_Tab"), 5): Object 'Object Repository/Bento/Cases_page/BentoResults_Cases_Tab' is present

2021-12-01 17:54:10 - [MESSAGE][PASSED] - Object 'Object Repository/Bento/Cases_page/BentoResults_Cases_Tab' is present

2021-12-01 17:54:10 - [TEST_STEP][PASSED] - ctdc.utilities.runtestcaseforKatalon.clickTab("Object Repository/Bento/Cases_page/BentoResults_Cases_Tab"): ctdc.utilities.runtestcaseforKatalon.clickTab is PASSED

2021-12-01 17:54:10 - [MESSAGE][PASSED] - ctdc.utilities.runtestcaseforKatalon.clickTab is PASSED

2021-12-01 17:54:10 - [TEST_STEP][PASSED] - ctdc.utilities.runtestcaseforKatalon.multiFunction("Bento", G_StatBar_Cases, "Object Repository/Bento/Cases_page/Bento_CasesTable", "Object Repository/Bento/Cases_page/Bento_CasesTableHeader", "Object Repository/Bento/Cases_page/Bento_CasesTabNextBtn", G_WebTabnameCases, G_CypherTabnameCases, G_QueryCasesTab): Statbar Files count matches

2021-12-01 17:55:27 - [MESSAGE][PASSED] - Statbar Programs count matches

2021-12-01 17:55:27 - [MESSAGE][PASSED] - Statbar Arms count matches

2021-12-01 17:55:27 - [MESSAGE][PASSED] - Statbar Cases count matches

2021-12-01 17:55:27 - [MESSAGE][PASSED] - Statbar Samples count matches

2021-12-01 17:55:27 - [MESSAGE][PASSED] - Statbar Assays count matches

2021-12-01 17:55:27 - [MESSAGE][PASSED] - Statbar Files count matches

2021-12-01 17:55:27 - [TEST_STEP][PASSED] - ctdc.utilities.ReadExcel.Neo4j(G_CypherTabnameCases, G_QueryCasesTab): ctdc.utilities.ReadExcel.Neo4j is PASSED

2021-12-01 17:55:32 - [MESSAGE][PASSED] - ctdc.utilities.ReadExcel.Neo4j is PASSED

2021-12-01 17:55:32 - [TEST_STEP][PASSED] - ctdc.utilities.runtestcaseforKatalon.validateStatBar("Bento"): Statbar Files count matches

2021-12-01 17:55:32 - [MESSAGE][PASSED] - Statbar Programs count matches

2021-12-01 17:55:32 - [MESSAGE][PASSED] - Statbar Arms count matches

2021-12-01 17:55:32 - [MESSAGE][PASSED] - Statbar Cases count matches

2021-12-01 17:55:32 - [MESSAGE][PASSED] - Statbar Samples count matches

2021-12-01 17:55:32 - [MESSAGE][PASSED] - Statbar Assays count matches

2021-12-01 17:55:32 - [MESSAGE][PASSED] - Statbar Files count matches

2021-12-01 17:55:32 - [TEST_STEP][PASSED] - closeBrowser(): Browser is closed

2021-12-01 17:55:33 - [MESSAGE][PASSED] - Browser is closed]]></system-out>
         <system-err><![CDATA[]]></system-err>
      </testcase>
      <testcase name="Test Cases/Bento_TestCases/EndocrineTherapy/TC06_Bento_Filter_EndocrineTherapy-Tam" time="259.874" classname="Test Cases/Bento_TestCases/EndocrineTherapy/TC06_Bento_Filter_EndocrineTherapy-Tam" status="PASSED">
         <system-out><![CDATA[2021-12-01 17:55:33 - [TEST_CASE][PASSED] - Test Cases/Bento_TestCases/EndocrineTherapy/TC06_Bento_Filter_EndocrineTherapy-Tam: Test Cases/Bento_TestCases/EndocrineTherapy/TC06_Bento_Filter_EndocrineTherapy-Tam

2021-12-01 17:55:33 - [TEST_STEP][PASSED] - Start listener action : getTestScriptName: null

2021-12-01 17:55:33 - [TEST_STEP][PASSED] - TestCaseId = testCaseContext.getTestCaseId(): null

2021-12-01 17:55:33 - [TEST_STEP][PASSED] - out.println("**********this is the value of test case id string******** " + testCaseContext.getTestCaseId()): null

2021-12-01 17:55:33 - [TEST_STEP][PASSED] - G_currentTCName = TestCaseId.substring(TestCaseId.lastIndexOf("TC")): null

2021-12-01 17:55:33 - [TEST_STEP][PASSED] - out.println("This is the test case name : " + G_currentTCName): null

2021-12-01 17:55:34 - [TEST_STEP][PASSED] - closeBrowser(): Browser is closed

2021-12-01 17:55:34 - [MESSAGE][PASSED] - Browser is closed

2021-12-01 17:55:34 - [TEST_STEP][PASSED] - ctdc.utilities.runtestcaseforKatalon.RunKatalon("TC06_Bento_Filter_EndocrineTherapy-Tam.xlsx"): Data loaded from input file for the test case. 

2021-12-01 17:55:34 - [MESSAGE][PASSED] - Test case file loaded This is the full filepath after converting to string :C:\Users\sohilz2\Commons_Automation\InputFiles\TC06_Bento_Filter_EndocrineTherapy-Tam.xlsx

2021-12-01 17:55:34 - [MESSAGE][INFO] - Global variable set for password file is :  C:\Users\sohilz2\Commons_Automation\InputFiles\TC06_Bento_Filter_EndocrineTherapy-Tam.xlsx

2021-12-01 17:55:38 - [MESSAGE][PASSED] - Data loaded from input file for the test case. 

2021-12-01 17:55:52 - [TEST_STEP][PASSED] - waitForElementClickable(findTestObject("Object Repository/Bento/NavBar/Bento_Cases-Btn"), 5): Object 'Object Repository/Bento/NavBar/Bento_Cases-Btn' is clickable

2021-12-01 17:55:52 - [MESSAGE][PASSED] - Object 'Object Repository/Bento/NavBar/Bento_Cases-Btn' is clickable

2021-12-01 17:55:52 - [TEST_STEP][PASSED] - ctdc.utilities.runtestcaseforKatalon.clickTab("Object Repository/Bento/NavBar/Bento_Cases-Btn"): ctdc.utilities.runtestcaseforKatalon.clickTab is PASSED

2021-12-01 17:55:52 - [MESSAGE][PASSED] - ctdc.utilities.runtestcaseforKatalon.clickTab is PASSED

2021-12-01 17:55:52 - [TEST_STEP][PASSED] - waitForElementClickable(findTestObject("Bento/Cases_page/Filter/FilterByCases_Facet"), 5): Object 'Object Repository/Bento/Cases_page/Filter/FilterByCases_Facet' is clickable

2021-12-01 17:55:54 - [MESSAGE][PASSED] - Object 'Object Repository/Bento/Cases_page/Filter/FilterByCases_Facet' is clickable

2021-12-01 17:55:54 - [TEST_STEP][PASSED] - ctdc.utilities.runtestcaseforKatalon.clickTab("Bento/Cases_page/Filter/FilterByCases_Facet"): ctdc.utilities.runtestcaseforKatalon.clickTab is PASSED

2021-12-01 17:55:54 - [MESSAGE][PASSED] - ctdc.utilities.runtestcaseforKatalon.clickTab is PASSED

2021-12-01 17:55:54 - [TEST_STEP][PASSED] - waitForElementClickable(findTestObject("Bento/Cases_page/Filter/EndocrineTherapy/ENDOCRINETHERAPY_Ddn"), 5): Object 'Object Repository/Bento/Cases_page/Filter/EndocrineTherapy/ENDOCRINETHERAPY_Ddn' is clickable

2021-12-01 17:55:55 - [MESSAGE][PASSED] - Object 'Object Repository/Bento/Cases_page/Filter/EndocrineTherapy/ENDOCRINETHERAPY_Ddn' is clickable

2021-12-01 17:55:55 - [TEST_STEP][PASSED] - ctdc.utilities.runtestcaseforKatalon.clickTab("Bento/Cases_page/Filter/EndocrineTherapy/ENDOCRINETHERAPY_Ddn"): ctdc.utilities.runtestcaseforKatalon.clickTab is PASSED

2021-12-01 17:55:55 - [MESSAGE][PASSED] - ctdc.utilities.runtestcaseforKatalon.clickTab is PASSED

2021-12-01 17:55:55 - [TEST_STEP][PASSED] - ctdc.utilities.runtestcaseforKatalon.clickTab("Object Repository/Bento/Cases_page/Filter/EndocrineTherapy/Tam_Chkbx"): ctdc.utilities.runtestcaseforKatalon.clickTab is PASSED

2021-12-01 17:55:56 - [MESSAGE][PASSED] - ctdc.utilities.runtestcaseforKatalon.clickTab is PASSED

2021-12-01 17:55:56 - [TEST_STEP][PASSED] - ctdc.utilities.runtestcaseforKatalon.clickTab("Object Repository/Bento/Cases_page/Filter/EndocrineTherapy/ENDOCRINETHERAPY_Ddn"): ctdc.utilities.runtestcaseforKatalon.clickTab is PASSED

2021-12-01 17:55:57 - [MESSAGE][PASSED] - ctdc.utilities.runtestcaseforKatalon.clickTab is PASSED

2021-12-01 17:55:57 - [TEST_STEP][PASSED] - ctdc.utilities.runtestcaseforKatalon.readStatBarBento("Object Repository/Bento/StatBar/Bento_StatBar-Programs", "Object Repository/Bento/StatBar/Bento_StatBar-Arms", "Object Repository/Bento/StatBar/Bento_StatBar-Cases", "Object Repository/Bento/StatBar/Bento_StatBar-Samples", "Object Repository/Bento/StatBar/Bento_StatBar-Assays", "Object Repository/Bento/StatBar/Bento_StatBar-Files"): ctdc.utilities.runtestcaseforKatalon.readStatBarBento is PASSED

2021-12-01 17:56:06 - [MESSAGE][PASSED] - ctdc.utilities.runtestcaseforKatalon.readStatBarBento is PASSED

2021-12-01 17:56:06 - [TEST_STEP][PASSED] - waitForElementPresent(findTestObject("Object Repository/Bento/Cases_page/BentoResults_Cases_Tab"), 5): Object 'Object Repository/Bento/Cases_page/BentoResults_Cases_Tab' is present

2021-12-01 17:56:06 - [MESSAGE][PASSED] - Object 'Object Repository/Bento/Cases_page/BentoResults_Cases_Tab' is present

2021-12-01 17:56:06 - [TEST_STEP][PASSED] - ctdc.utilities.runtestcaseforKatalon.clickTab("Object Repository/Bento/Cases_page/BentoResults_Cases_Tab"): ctdc.utilities.runtestcaseforKatalon.clickTab is PASSED

2021-12-01 17:56:06 - [MESSAGE][PASSED] - ctdc.utilities.runtestcaseforKatalon.clickTab is PASSED

2021-12-01 17:56:06 - [TEST_STEP][PASSED] - ctdc.utilities.runtestcaseforKatalon.multiFunction("Bento", G_StatBar_Cases, "Object Repository/Bento/Cases_page/Bento_CasesTable", "Object Repository/Bento/Cases_page/Bento_CasesTableHeader", "Object Repository/Bento/Cases_page/Bento_CasesTabNextBtn", G_WebTabnameCases, G_CypherTabnameCases, G_QueryCasesTab): Statbar Files count matches

2021-12-01 17:59:52 - [MESSAGE][PASSED] - Statbar Programs count matches

2021-12-01 17:59:52 - [MESSAGE][PASSED] - Statbar Arms count matches

2021-12-01 17:59:52 - [MESSAGE][PASSED] - Statbar Cases count matches

2021-12-01 17:59:52 - [MESSAGE][PASSED] - Statbar Samples count matches

2021-12-01 17:59:52 - [MESSAGE][PASSED] - Statbar Assays count matches

2021-12-01 17:59:52 - [MESSAGE][PASSED] - Statbar Files count matches

2021-12-01 17:59:52 - [TEST_STEP][PASSED] - closeBrowser(): Browser is closed

2021-12-01 17:59:53 - [MESSAGE][PASSED] - Browser is closed]]></system-out>
         <system-err><![CDATA[]]></system-err>
      </testcase>
      <testcase name="Test Cases/Bento_TestCases/EndocrineTherapy/TC07_Bento_Filter_EndocrineTherapy-Tam_AI" time="335.385" classname="Test Cases/Bento_TestCases/EndocrineTherapy/TC07_Bento_Filter_EndocrineTherapy-Tam_AI" status="PASSED">
         <system-out><![CDATA[2021-12-01 17:59:53 - [TEST_CASE][PASSED] - Test Cases/Bento_TestCases/EndocrineTherapy/TC07_Bento_Filter_EndocrineTherapy-Tam_AI: Test Cases/Bento_TestCases/EndocrineTherapy/TC07_Bento_Filter_EndocrineTherapy-Tam_AI

2021-12-01 17:59:53 - [TEST_STEP][PASSED] - Start listener action : getTestScriptName: null

2021-12-01 17:59:53 - [TEST_STEP][PASSED] - TestCaseId = testCaseContext.getTestCaseId(): null

2021-12-01 17:59:53 - [TEST_STEP][PASSED] - out.println("**********this is the value of test case id string******** " + testCaseContext.getTestCaseId()): null

2021-12-01 17:59:53 - [TEST_STEP][PASSED] - G_currentTCName = TestCaseId.substring(TestCaseId.lastIndexOf("TC")): null

2021-12-01 17:59:53 - [TEST_STEP][PASSED] - out.println("This is the test case name : " + G_currentTCName): null

2021-12-01 17:59:54 - [TEST_STEP][PASSED] - closeBrowser(): Browser is closed

2021-12-01 17:59:54 - [MESSAGE][PASSED] - Browser is closed

2021-12-01 17:59:54 - [TEST_STEP][PASSED] - ctdc.utilities.runtestcaseforKatalon.RunKatalon("TC07_Bento_Filter_EndocrineTherapy-Tam_AI.xlsx"): Data loaded from input file for the test case. 

2021-12-01 17:59:54 - [MESSAGE][PASSED] - Test case file loaded This is the full filepath after converting to string :C:\Users\sohilz2\Commons_Automation\InputFiles\TC07_Bento_Filter_EndocrineTherapy-Tam_AI.xlsx

2021-12-01 17:59:54 - [MESSAGE][INFO] - Global variable set for password file is :  C:\Users\sohilz2\Commons_Automation\InputFiles\TC07_Bento_Filter_EndocrineTherapy-Tam_AI.xlsx

2021-12-01 17:59:58 - [MESSAGE][PASSED] - Data loaded from input file for the test case. 

2021-12-01 18:00:12 - [TEST_STEP][PASSED] - waitForElementClickable(findTestObject("Object Repository/Bento/NavBar/Bento_Cases-Btn"), 5): Object 'Object Repository/Bento/NavBar/Bento_Cases-Btn' is clickable

2021-12-01 18:00:12 - [MESSAGE][PASSED] - Object 'Object Repository/Bento/NavBar/Bento_Cases-Btn' is clickable

2021-12-01 18:00:12 - [TEST_STEP][PASSED] - ctdc.utilities.runtestcaseforKatalon.clickTab("Object Repository/Bento/NavBar/Bento_Cases-Btn"): ctdc.utilities.runtestcaseforKatalon.clickTab is PASSED

2021-12-01 18:00:12 - [MESSAGE][PASSED] - ctdc.utilities.runtestcaseforKatalon.clickTab is PASSED

2021-12-01 18:00:12 - [TEST_STEP][PASSED] - waitForElementClickable(findTestObject("Bento/Cases_page/Filter/FilterByCases_Facet"), 5): Object 'Object Repository/Bento/Cases_page/Filter/FilterByCases_Facet' is clickable

2021-12-01 18:00:13 - [MESSAGE][PASSED] - Object 'Object Repository/Bento/Cases_page/Filter/FilterByCases_Facet' is clickable

2021-12-01 18:00:13 - [TEST_STEP][PASSED] - ctdc.utilities.runtestcaseforKatalon.clickTab("Bento/Cases_page/Filter/FilterByCases_Facet"): ctdc.utilities.runtestcaseforKatalon.clickTab is PASSED

2021-12-01 18:00:14 - [MESSAGE][PASSED] - ctdc.utilities.runtestcaseforKatalon.clickTab is PASSED

2021-12-01 18:00:14 - [TEST_STEP][PASSED] - waitForElementClickable(findTestObject("Bento/Cases_page/Filter/EndocrineTherapy/ENDOCRINETHERAPY_Ddn"), 5): Object 'Object Repository/Bento/Cases_page/Filter/EndocrineTherapy/ENDOCRINETHERAPY_Ddn' is clickable

2021-12-01 18:00:14 - [MESSAGE][PASSED] - Object 'Object Repository/Bento/Cases_page/Filter/EndocrineTherapy/ENDOCRINETHERAPY_Ddn' is clickable

2021-12-01 18:00:14 - [TEST_STEP][PASSED] - ctdc.utilities.runtestcaseforKatalon.clickTab("Bento/Cases_page/Filter/EndocrineTherapy/ENDOCRINETHERAPY_Ddn"): ctdc.utilities.runtestcaseforKatalon.clickTab is PASSED

2021-12-01 18:00:15 - [MESSAGE][PASSED] - ctdc.utilities.runtestcaseforKatalon.clickTab is PASSED

2021-12-01 18:00:15 - [TEST_STEP][PASSED] - ctdc.utilities.runtestcaseforKatalon.clickTab("Object Repository/Bento/Cases_page/Filter/EndocrineTherapy/Tam-AI_chkbx"): ctdc.utilities.runtestcaseforKatalon.clickTab is PASSED

2021-12-01 18:00:15 - [MESSAGE][PASSED] - ctdc.utilities.runtestcaseforKatalon.clickTab is PASSED

2021-12-01 18:00:15 - [TEST_STEP][PASSED] - ctdc.utilities.runtestcaseforKatalon.clickTab("Object Repository/Bento/Cases_page/Filter/EndocrineTherapy/ENDOCRINETHERAPY_Ddn"): ctdc.utilities.runtestcaseforKatalon.clickTab is PASSED

2021-12-01 18:00:15 - [MESSAGE][PASSED] - ctdc.utilities.runtestcaseforKatalon.clickTab is PASSED

2021-12-01 18:00:15 - [TEST_STEP][PASSED] - ctdc.utilities.runtestcaseforKatalon.readStatBarBento("Object Repository/Bento/StatBar/Bento_StatBar-Programs", "Object Repository/Bento/StatBar/Bento_StatBar-Arms", "Object Repository/Bento/StatBar/Bento_StatBar-Cases", "Object Repository/Bento/StatBar/Bento_StatBar-Samples", "Object Repository/Bento/StatBar/Bento_StatBar-Assays", "Object Repository/Bento/StatBar/Bento_StatBar-Files"): ctdc.utilities.runtestcaseforKatalon.readStatBarBento is PASSED

2021-12-01 18:00:24 - [MESSAGE][PASSED] - ctdc.utilities.runtestcaseforKatalon.readStatBarBento is PASSED

2021-12-01 18:00:24 - [TEST_STEP][PASSED] - waitForElementPresent(findTestObject("Object Repository/Bento/Cases_page/BentoResults_Cases_Tab"), 5): Object 'Object Repository/Bento/Cases_page/BentoResults_Cases_Tab' is present

2021-12-01 18:00:24 - [MESSAGE][PASSED] - Object 'Object Repository/Bento/Cases_page/BentoResults_Cases_Tab' is present

2021-12-01 18:00:24 - [TEST_STEP][PASSED] - ctdc.utilities.runtestcaseforKatalon.clickTab("Object Repository/Bento/Cases_page/BentoResults_Cases_Tab"): ctdc.utilities.runtestcaseforKatalon.clickTab is PASSED

2021-12-01 18:00:25 - [MESSAGE][PASSED] - ctdc.utilities.runtestcaseforKatalon.clickTab is PASSED

2021-12-01 18:00:25 - [TEST_STEP][PASSED] - ctdc.utilities.runtestcaseforKatalon.multiFunction("Bento", G_StatBar_Cases, "Object Repository/Bento/Cases_page/Bento_CasesTable", "Object Repository/Bento/Cases_page/Bento_CasesTableHeader", "Object Repository/Bento/Cases_page/Bento_CasesTabNextBtn", G_WebTabnameCases, G_CypherTabnameCases, G_QueryCasesTab): Statbar Files count matches

2021-12-01 18:05:27 - [MESSAGE][PASSED] - Statbar Programs count matches

2021-12-01 18:05:27 - [MESSAGE][PASSED] - Statbar Arms count matches

2021-12-01 18:05:27 - [MESSAGE][PASSED] - Statbar Cases count matches

2021-12-01 18:05:27 - [MESSAGE][PASSED] - Statbar Samples count matches

2021-12-01 18:05:27 - [MESSAGE][PASSED] - Statbar Assays count matches

2021-12-01 18:05:27 - [MESSAGE][PASSED] - Statbar Files count matches

2021-12-01 18:05:27 - [TEST_STEP][PASSED] - closeBrowser(): Browser is closed

2021-12-01 18:05:28 - [MESSAGE][PASSED] - Browser is closed]]></system-out>
         <system-err><![CDATA[]]></system-err>
      </testcase>
      <testcase name="Test Cases/Bento_TestCases/ERStatus/TC01_Bento_Filter_ERStatus-Negative" time="62.474" classname="Test Cases/Bento_TestCases/ERStatus/TC01_Bento_Filter_ERStatus-Negative" status="PASSED">
         <system-out><![CDATA[2021-12-01 18:05:28 - [TEST_CASE][PASSED] - Test Cases/Bento_TestCases/ERStatus/TC01_Bento_Filter_ERStatus-Negative: Test Cases/Bento_TestCases/ERStatus/TC01_Bento_Filter_ERStatus-Negative

2021-12-01 18:05:28 - [TEST_STEP][PASSED] - Start listener action : getTestScriptName: null

2021-12-01 18:05:28 - [TEST_STEP][PASSED] - TestCaseId = testCaseContext.getTestCaseId(): null

2021-12-01 18:05:28 - [TEST_STEP][PASSED] - out.println("**********this is the value of test case id string******** " + testCaseContext.getTestCaseId()): null

2021-12-01 18:05:28 - [TEST_STEP][PASSED] - G_currentTCName = TestCaseId.substring(TestCaseId.lastIndexOf("TC")): null

2021-12-01 18:05:28 - [TEST_STEP][PASSED] - out.println("This is the test case name : " + G_currentTCName): null

2021-12-01 18:05:29 - [TEST_STEP][PASSED] - closeBrowser(): Browser is closed

2021-12-01 18:05:29 - [MESSAGE][PASSED] - Browser is closed

2021-12-01 18:05:29 - [TEST_STEP][PASSED] - ctdc.utilities.runtestcaseforKatalon.RunKatalon("TC01_Bento_Filter_ERStatus-Negative.xlsx"): Data loaded from input file for the test case. 

2021-12-01 18:05:29 - [MESSAGE][PASSED] - Test case file loaded This is the full filepath after converting to string :C:\Users\sohilz2\Commons_Automation\InputFiles\TC01_Bento_Filter_ERStatus-Negative.xlsx

2021-12-01 18:05:29 - [MESSAGE][INFO] - Global variable set for password file is :  C:\Users\sohilz2\Commons_Automation\InputFiles\TC01_Bento_Filter_ERStatus-Negative.xlsx

2021-12-01 18:05:34 - [MESSAGE][PASSED] - Data loaded from input file for the test case. 

2021-12-01 18:05:49 - [TEST_STEP][PASSED] - waitForElementClickable(findTestObject("Object Repository/Bento/NavBar/Bento_Cases-Btn"), 5): Object 'Object Repository/Bento/NavBar/Bento_Cases-Btn' is clickable

2021-12-01 18:05:49 - [MESSAGE][PASSED] - Object 'Object Repository/Bento/NavBar/Bento_Cases-Btn' is clickable

2021-12-01 18:05:49 - [TEST_STEP][PASSED] - ctdc.utilities.runtestcaseforKatalon.clickTab("Object Repository/Bento/NavBar/Bento_Cases-Btn"): ctdc.utilities.runtestcaseforKatalon.clickTab is PASSED

2021-12-01 18:05:49 - [MESSAGE][PASSED] - ctdc.utilities.runtestcaseforKatalon.clickTab is PASSED

2021-12-01 18:05:49 - [TEST_STEP][PASSED] - waitForElementClickable(findTestObject("Bento/Cases_page/Filter/FilterByCases_Facet"), 5): Object 'Object Repository/Bento/Cases_page/Filter/FilterByCases_Facet' is clickable

2021-12-01 18:05:51 - [MESSAGE][PASSED] - Object 'Object Repository/Bento/Cases_page/Filter/FilterByCases_Facet' is clickable

2021-12-01 18:05:51 - [TEST_STEP][PASSED] - ctdc.utilities.runtestcaseforKatalon.clickTab("Bento/Cases_page/Filter/FilterByCases_Facet"): ctdc.utilities.runtestcaseforKatalon.clickTab is PASSED

2021-12-01 18:05:51 - [MESSAGE][PASSED] - ctdc.utilities.runtestcaseforKatalon.clickTab is PASSED

2021-12-01 18:05:51 - [TEST_STEP][PASSED] - waitForElementClickable(findTestObject("Bento/Cases_page/Filter/ERStatus/ERStatus_Ddn"), 5): Object 'Object Repository/Bento/Cases_page/Filter/ERStatus/ERStatus_Ddn' is clickable

2021-12-01 18:05:51 - [MESSAGE][PASSED] - Object 'Object Repository/Bento/Cases_page/Filter/ERStatus/ERStatus_Ddn' is clickable

2021-12-01 18:05:51 - [TEST_STEP][PASSED] - ctdc.utilities.runtestcaseforKatalon.clickTab("Bento/Cases_page/Filter/ERStatus/ERStatus_Ddn"): ctdc.utilities.runtestcaseforKatalon.clickTab is PASSED

2021-12-01 18:05:52 - [MESSAGE][PASSED] - ctdc.utilities.runtestcaseforKatalon.clickTab is PASSED

2021-12-01 18:05:52 - [TEST_STEP][PASSED] - ctdc.utilities.runtestcaseforKatalon.clickTab("Object Repository/Bento/Cases_page/Filter/ERStatus/Negative_Chkbx"): ctdc.utilities.runtestcaseforKatalon.clickTab is PASSED

2021-12-01 18:05:52 - [MESSAGE][PASSED] - ctdc.utilities.runtestcaseforKatalon.clickTab is PASSED

2021-12-01 18:05:52 - [TEST_STEP][PASSED] - ctdc.utilities.runtestcaseforKatalon.clickTab("Object Repository/Bento/Cases_page/Filter/ERStatus/ERStatus_Ddn"): ctdc.utilities.runtestcaseforKatalon.clickTab is PASSED

2021-12-01 18:05:53 - [MESSAGE][PASSED] - ctdc.utilities.runtestcaseforKatalon.clickTab is PASSED

2021-12-01 18:05:53 - [TEST_STEP][PASSED] - ctdc.utilities.runtestcaseforKatalon.readStatBarBento("Object Repository/Bento/StatBar/Bento_StatBar-Programs", "Object Repository/Bento/StatBar/Bento_StatBar-Arms", "Object Repository/Bento/StatBar/Bento_StatBar-Cases", "Object Repository/Bento/StatBar/Bento_StatBar-Samples", "Object Repository/Bento/StatBar/Bento_StatBar-Assays", "Object Repository/Bento/StatBar/Bento_StatBar-Files"): ctdc.utilities.runtestcaseforKatalon.readStatBarBento is PASSED

2021-12-01 18:06:02 - [MESSAGE][PASSED] - ctdc.utilities.runtestcaseforKatalon.readStatBarBento is PASSED

2021-12-01 18:06:02 - [TEST_STEP][PASSED] - waitForElementPresent(findTestObject("Object Repository/Bento/Cases_page/BentoResults_Cases_Tab"), 5): Object 'Object Repository/Bento/Cases_page/BentoResults_Cases_Tab' is present

2021-12-01 18:06:02 - [MESSAGE][PASSED] - Object 'Object Repository/Bento/Cases_page/BentoResults_Cases_Tab' is present

2021-12-01 18:06:02 - [TEST_STEP][PASSED] - ctdc.utilities.runtestcaseforKatalon.clickTab("Object Repository/Bento/Cases_page/BentoResults_Cases_Tab"): ctdc.utilities.runtestcaseforKatalon.clickTab is PASSED

2021-12-01 18:06:03 - [MESSAGE][PASSED] - ctdc.utilities.runtestcaseforKatalon.clickTab is PASSED

2021-12-01 18:06:03 - [TEST_STEP][PASSED] - ctdc.utilities.runtestcaseforKatalon.multiFunction("Bento", G_StatBar_Cases, "Object Repository/Bento/Cases_page/Bento_CasesTable", "Object Repository/Bento/Cases_page/Bento_CasesTableHeader", "Object Repository/Bento/Cases_page/Bento_CasesTabNextBtn", G_WebTabnameCases, G_CypherTabnameCases, G_QueryCasesTab): Statbar Files count matches

2021-12-01 18:06:30 - [MESSAGE][PASSED] - Statbar Programs count matches

2021-12-01 18:06:30 - [MESSAGE][PASSED] - Statbar Arms count matches

2021-12-01 18:06:30 - [MESSAGE][PASSED] - Statbar Cases count matches

2021-12-01 18:06:30 - [MESSAGE][PASSED] - Statbar Samples count matches

2021-12-01 18:06:30 - [MESSAGE][PASSED] - Statbar Assays count matches

2021-12-01 18:06:30 - [MESSAGE][PASSED] - Statbar Files count matches

2021-12-01 18:06:30 - [TEST_STEP][PASSED] - closeBrowser(): Browser is closed

2021-12-01 18:06:31 - [MESSAGE][PASSED] - Browser is closed]]></system-out>
         <system-err><![CDATA[]]></system-err>
      </testcase>
      <testcase name="Test Cases/Bento_TestCases/ERStatus/TC02_Bento_Filter_ERStatus-NotReported" time="60.233" classname="Test Cases/Bento_TestCases/ERStatus/TC02_Bento_Filter_ERStatus-NotReported" status="PASSED">
         <system-out><![CDATA[2021-12-01 18:06:31 - [TEST_CASE][PASSED] - Test Cases/Bento_TestCases/ERStatus/TC02_Bento_Filter_ERStatus-NotReported: Test Cases/Bento_TestCases/ERStatus/TC02_Bento_Filter_ERStatus-NotReported

2021-12-01 18:06:31 - [TEST_STEP][PASSED] - Start listener action : getTestScriptName: null

2021-12-01 18:06:31 - [TEST_STEP][PASSED] - TestCaseId = testCaseContext.getTestCaseId(): null

2021-12-01 18:06:31 - [TEST_STEP][PASSED] - out.println("**********this is the value of test case id string******** " + testCaseContext.getTestCaseId()): null

2021-12-01 18:06:31 - [TEST_STEP][PASSED] - G_currentTCName = TestCaseId.substring(TestCaseId.lastIndexOf("TC")): null

2021-12-01 18:06:31 - [TEST_STEP][PASSED] - out.println("This is the test case name : " + G_currentTCName): null

2021-12-01 18:06:32 - [TEST_STEP][PASSED] - closeBrowser(): Browser is closed

2021-12-01 18:06:32 - [MESSAGE][PASSED] - Browser is closed

2021-12-01 18:06:32 - [TEST_STEP][PASSED] - ctdc.utilities.runtestcaseforKatalon.RunKatalon("TC02_Bento_Filter_ERStatus-NotReported.xlsx"): Data loaded from input file for the test case. 

2021-12-01 18:06:32 - [MESSAGE][PASSED] - Test case file loaded This is the full filepath after converting to string :C:\Users\sohilz2\Commons_Automation\InputFiles\TC02_Bento_Filter_ERStatus-NotReported.xlsx

2021-12-01 18:06:32 - [MESSAGE][INFO] - Global variable set for password file is :  C:\Users\sohilz2\Commons_Automation\InputFiles\TC02_Bento_Filter_ERStatus-NotReported.xlsx

2021-12-01 18:06:36 - [MESSAGE][PASSED] - Data loaded from input file for the test case. 

2021-12-01 18:06:49 - [TEST_STEP][PASSED] - waitForElementClickable(findTestObject("Object Repository/Bento/NavBar/Bento_Cases-Btn"), 5): Object 'Object Repository/Bento/NavBar/Bento_Cases-Btn' is clickable

2021-12-01 18:06:49 - [MESSAGE][PASSED] - Object 'Object Repository/Bento/NavBar/Bento_Cases-Btn' is clickable

2021-12-01 18:06:49 - [TEST_STEP][PASSED] - ctdc.utilities.runtestcaseforKatalon.clickTab("Object Repository/Bento/NavBar/Bento_Cases-Btn"): ctdc.utilities.runtestcaseforKatalon.clickTab is PASSED

2021-12-01 18:06:49 - [MESSAGE][PASSED] - ctdc.utilities.runtestcaseforKatalon.clickTab is PASSED

2021-12-01 18:06:49 - [TEST_STEP][PASSED] - waitForElementClickable(findTestObject("Bento/Cases_page/Filter/FilterByCases_Facet"), 5): Object 'Object Repository/Bento/Cases_page/Filter/FilterByCases_Facet' is clickable

2021-12-01 18:06:50 - [MESSAGE][PASSED] - Object 'Object Repository/Bento/Cases_page/Filter/FilterByCases_Facet' is clickable

2021-12-01 18:06:50 - [TEST_STEP][PASSED] - ctdc.utilities.runtestcaseforKatalon.clickTab("Bento/Cases_page/Filter/FilterByCases_Facet"): ctdc.utilities.runtestcaseforKatalon.clickTab is PASSED

2021-12-01 18:06:51 - [MESSAGE][PASSED] - ctdc.utilities.runtestcaseforKatalon.clickTab is PASSED

2021-12-01 18:06:51 - [TEST_STEP][PASSED] - waitForElementClickable(findTestObject("Bento/Cases_page/Filter/ERStatus/ERStatus_Ddn"), 5): Object 'Object Repository/Bento/Cases_page/Filter/ERStatus/ERStatus_Ddn' is clickable

2021-12-01 18:06:51 - [MESSAGE][PASSED] - Object 'Object Repository/Bento/Cases_page/Filter/ERStatus/ERStatus_Ddn' is clickable

2021-12-01 18:06:51 - [TEST_STEP][PASSED] - ctdc.utilities.runtestcaseforKatalon.clickTab("Bento/Cases_page/Filter/ERStatus/ERStatus_Ddn"): ctdc.utilities.runtestcaseforKatalon.clickTab is PASSED

2021-12-01 18:06:51 - [MESSAGE][PASSED] - ctdc.utilities.runtestcaseforKatalon.clickTab is PASSED

2021-12-01 18:06:51 - [TEST_STEP][PASSED] - ctdc.utilities.runtestcaseforKatalon.clickTab("Object Repository/Bento/Cases_page/Filter/ERStatus/NotReported_Chkbx"): ctdc.utilities.runtestcaseforKatalon.clickTab is PASSED

2021-12-01 18:06:52 - [MESSAGE][PASSED] - ctdc.utilities.runtestcaseforKatalon.clickTab is PASSED

2021-12-01 18:06:52 - [TEST_STEP][PASSED] - ctdc.utilities.runtestcaseforKatalon.clickTab("Object Repository/Bento/Cases_page/Filter/ERStatus/ERStatus_Ddn"): ctdc.utilities.runtestcaseforKatalon.clickTab is PASSED

2021-12-01 18:06:53 - [MESSAGE][PASSED] - ctdc.utilities.runtestcaseforKatalon.clickTab is PASSED

2021-12-01 18:06:53 - [TEST_STEP][PASSED] - ctdc.utilities.runtestcaseforKatalon.readStatBarBento("Object Repository/Bento/StatBar/Bento_StatBar-Programs", "Object Repository/Bento/StatBar/Bento_StatBar-Arms", "Object Repository/Bento/StatBar/Bento_StatBar-Cases", "Object Repository/Bento/StatBar/Bento_StatBar-Samples", "Object Repository/Bento/StatBar/Bento_StatBar-Assays", "Object Repository/Bento/StatBar/Bento_StatBar-Files"): ctdc.utilities.runtestcaseforKatalon.readStatBarBento is PASSED

2021-12-01 18:07:01 - [MESSAGE][PASSED] - ctdc.utilities.runtestcaseforKatalon.readStatBarBento is PASSED

2021-12-01 18:07:01 - [TEST_STEP][PASSED] - waitForElementPresent(findTestObject("Object Repository/Bento/Cases_page/BentoResults_Cases_Tab"), 5): Object 'Object Repository/Bento/Cases_page/BentoResults_Cases_Tab' is present

2021-12-01 18:07:02 - [MESSAGE][PASSED] - Object 'Object Repository/Bento/Cases_page/BentoResults_Cases_Tab' is present

2021-12-01 18:07:02 - [TEST_STEP][PASSED] - ctdc.utilities.runtestcaseforKatalon.clickTab("Object Repository/Bento/Cases_page/BentoResults_Cases_Tab"): ctdc.utilities.runtestcaseforKatalon.clickTab is PASSED

2021-12-01 18:07:02 - [MESSAGE][PASSED] - ctdc.utilities.runtestcaseforKatalon.clickTab is PASSED

2021-12-01 18:07:02 - [TEST_STEP][PASSED] - ctdc.utilities.runtestcaseforKatalon.multiFunction("Bento", G_StatBar_Cases, "Object Repository/Bento/Cases_page/Bento_CasesTable", "Object Repository/Bento/Cases_page/Bento_CasesTableHeader", "Object Repository/Bento/Cases_page/Bento_CasesTabNextBtn", G_WebTabnameCases, G_CypherTabnameCases, G_QueryCasesTab): Statbar Files count matches

2021-12-01 18:07:30 - [MESSAGE][PASSED] - Statbar Programs count matches

2021-12-01 18:07:30 - [MESSAGE][PASSED] - Statbar Arms count matches

2021-12-01 18:07:30 - [MESSAGE][PASSED] - Statbar Cases count matches

2021-12-01 18:07:30 - [MESSAGE][PASSED] - Statbar Samples count matches

2021-12-01 18:07:30 - [MESSAGE][PASSED] - Statbar Assays count matches

2021-12-01 18:07:30 - [MESSAGE][PASSED] - Statbar Files count matches

2021-12-01 18:07:30 - [TEST_STEP][PASSED] - closeBrowser(): Browser is closed

2021-12-01 18:07:31 - [MESSAGE][PASSED] - Browser is closed]]></system-out>
         <system-err><![CDATA[]]></system-err>
      </testcase>
      <testcase name="Test Cases/Bento_TestCases/MenopauseStatus/TC01_Bento_Filter_MenoStatus-Post" time="840.502" classname="Test Cases/Bento_TestCases/MenopauseStatus/TC01_Bento_Filter_MenoStatus-Post" status="PASSED">
         <system-out><![CDATA[2021-12-01 18:07:31 - [TEST_CASE][PASSED] - Test Cases/Bento_TestCases/MenopauseStatus/TC01_Bento_Filter_MenoStatus-Post: Test Cases/Bento_TestCases/MenopauseStatus/TC01_Bento_Filter_MenoStatus-Post

2021-12-01 18:07:31 - [TEST_STEP][PASSED] - Start listener action : getTestScriptName: null

2021-12-01 18:07:31 - [TEST_STEP][PASSED] - TestCaseId = testCaseContext.getTestCaseId(): null

2021-12-01 18:07:31 - [TEST_STEP][PASSED] - out.println("**********this is the value of test case id string******** " + testCaseContext.getTestCaseId()): null

2021-12-01 18:07:31 - [TEST_STEP][PASSED] - G_currentTCName = TestCaseId.substring(TestCaseId.lastIndexOf("TC")): null

2021-12-01 18:07:31 - [TEST_STEP][PASSED] - out.println("This is the test case name : " + G_currentTCName): null

2021-12-01 18:07:32 - [TEST_STEP][PASSED] - closeBrowser(): Browser is closed

2021-12-01 18:07:32 - [MESSAGE][PASSED] - Browser is closed

2021-12-01 18:07:32 - [TEST_STEP][PASSED] - ctdc.utilities.runtestcaseforKatalon.RunKatalon("TC01_Bento_Filter_MenoStatus-Post.xlsx"): Data loaded from input file for the test case. 

2021-12-01 18:07:32 - [MESSAGE][PASSED] - Test case file loaded This is the full filepath after converting to string :C:\Users\sohilz2\Commons_Automation\InputFiles\TC01_Bento_Filter_MenoStatus-Post.xlsx

2021-12-01 18:07:32 - [MESSAGE][INFO] - Global variable set for password file is :  C:\Users\sohilz2\Commons_Automation\InputFiles\TC01_Bento_Filter_MenoStatus-Post.xlsx

2021-12-01 18:07:36 - [MESSAGE][PASSED] - Data loaded from input file for the test case. 

2021-12-01 18:07:50 - [TEST_STEP][PASSED] - waitForElementClickable(findTestObject("Object Repository/Bento/NavBar/Bento_Cases-Btn"), 5): Object 'Object Repository/Bento/NavBar/Bento_Cases-Btn' is clickable

2021-12-01 18:07:50 - [MESSAGE][PASSED] - Object 'Object Repository/Bento/NavBar/Bento_Cases-Btn' is clickable

2021-12-01 18:07:50 - [TEST_STEP][PASSED] - ctdc.utilities.runtestcaseforKatalon.clickTab("Object Repository/Bento/NavBar/Bento_Cases-Btn"): ctdc.utilities.runtestcaseforKatalon.clickTab is PASSED

2021-12-01 18:07:50 - [MESSAGE][PASSED] - ctdc.utilities.runtestcaseforKatalon.clickTab is PASSED

2021-12-01 18:07:50 - [TEST_STEP][PASSED] - waitForElementClickable(findTestObject("Bento/Cases_page/Filter/FilterByCases_Facet"), 5): Object 'Object Repository/Bento/Cases_page/Filter/FilterByCases_Facet' is clickable

2021-12-01 18:07:51 - [MESSAGE][PASSED] - Object 'Object Repository/Bento/Cases_page/Filter/FilterByCases_Facet' is clickable

2021-12-01 18:07:51 - [TEST_STEP][PASSED] - ctdc.utilities.runtestcaseforKatalon.clickTab("Bento/Cases_page/Filter/FilterByCases_Facet"): ctdc.utilities.runtestcaseforKatalon.clickTab is PASSED

2021-12-01 18:07:51 - [MESSAGE][PASSED] - ctdc.utilities.runtestcaseforKatalon.clickTab is PASSED

2021-12-01 18:07:51 - [TEST_STEP][PASSED] - waitForElementClickable(findTestObject("Bento/Cases_page/Filter/MenopauseStatus/MenopauseStatus_Ddn"), 5): Object 'Object Repository/Bento/Cases_page/Filter/MenopauseStatus/MenopauseStatus_Ddn' is clickable

2021-12-01 18:07:52 - [MESSAGE][PASSED] - Object 'Object Repository/Bento/Cases_page/Filter/MenopauseStatus/MenopauseStatus_Ddn' is clickable

2021-12-01 18:07:52 - [TEST_STEP][PASSED] - ctdc.utilities.runtestcaseforKatalon.clickTab("Bento/Cases_page/Filter/MenopauseStatus/MenopauseStatus_Ddn"): ctdc.utilities.runtestcaseforKatalon.clickTab is PASSED

2021-12-01 18:07:52 - [MESSAGE][PASSED] - ctdc.utilities.runtestcaseforKatalon.clickTab is PASSED

2021-12-01 18:07:52 - [TEST_STEP][PASSED] - ctdc.utilities.runtestcaseforKatalon.clickTab("Object Repository/Bento/Cases_page/Filter/MenopauseStatus/Post_Chkbx"): ctdc.utilities.runtestcaseforKatalon.clickTab is PASSED

2021-12-01 18:07:52 - [MESSAGE][PASSED] - ctdc.utilities.runtestcaseforKatalon.clickTab is PASSED

2021-12-01 18:07:52 - [TEST_STEP][PASSED] - ctdc.utilities.runtestcaseforKatalon.clickTab("Object Repository/Bento/Cases_page/Filter/MenopauseStatus/MenopauseStatus_Ddn"): ctdc.utilities.runtestcaseforKatalon.clickTab is PASSED

2021-12-01 18:07:53 - [MESSAGE][PASSED] - ctdc.utilities.runtestcaseforKatalon.clickTab is PASSED

2021-12-01 18:07:53 - [TEST_STEP][PASSED] - ctdc.utilities.runtestcaseforKatalon.readStatBarBento("Object Repository/Bento/StatBar/Bento_StatBar-Programs", "Object Repository/Bento/StatBar/Bento_StatBar-Arms", "Object Repository/Bento/StatBar/Bento_StatBar-Cases", "Object Repository/Bento/StatBar/Bento_StatBar-Samples", "Object Repository/Bento/StatBar/Bento_StatBar-Assays", "Object Repository/Bento/StatBar/Bento_StatBar-Files"): ctdc.utilities.runtestcaseforKatalon.readStatBarBento is PASSED

2021-12-01 18:08:02 - [MESSAGE][PASSED] - ctdc.utilities.runtestcaseforKatalon.readStatBarBento is PASSED

2021-12-01 18:08:02 - [TEST_STEP][PASSED] - waitForElementPresent(findTestObject("Object Repository/Bento/Cases_page/BentoResults_Cases_Tab"), 5): Object 'Object Repository/Bento/Cases_page/BentoResults_Cases_Tab' is present

2021-12-01 18:08:03 - [MESSAGE][PASSED] - Object 'Object Repository/Bento/Cases_page/BentoResults_Cases_Tab' is present

2021-12-01 18:08:03 - [TEST_STEP][PASSED] - ctdc.utilities.runtestcaseforKatalon.clickTab("Object Repository/Bento/Cases_page/BentoResults_Cases_Tab"): ctdc.utilities.runtestcaseforKatalon.clickTab is PASSED

2021-12-01 18:08:03 - [MESSAGE][PASSED] - ctdc.utilities.runtestcaseforKatalon.clickTab is PASSED

2021-12-01 18:08:03 - [TEST_STEP][PASSED] - ctdc.utilities.runtestcaseforKatalon.multiFunction("Bento", G_StatBar_Cases, "Object Repository/Bento/Cases_page/Bento_CasesTable", "Object Repository/Bento/Cases_page/Bento_CasesTableHeader", "Object Repository/Bento/Cases_page/Bento_CasesTabNextBtn", G_WebTabnameCases, G_CypherTabnameCases, G_QueryCasesTab): Statbar Files count matches

2021-12-01 18:21:31 - [MESSAGE][PASSED] - Statbar Programs count matches

2021-12-01 18:21:31 - [MESSAGE][PASSED] - Statbar Arms count matches

2021-12-01 18:21:31 - [MESSAGE][PASSED] - Statbar Cases count matches

2021-12-01 18:21:31 - [MESSAGE][PASSED] - Statbar Samples count matches

2021-12-01 18:21:31 - [MESSAGE][PASSED] - Statbar Assays count matches

2021-12-01 18:21:31 - [MESSAGE][PASSED] - Statbar Files count matches

2021-12-01 18:21:31 - [TEST_STEP][PASSED] - closeBrowser(): Browser is closed

2021-12-01 18:21:31 - [MESSAGE][PASSED] - Browser is closed]]></system-out>
         <system-err><![CDATA[]]></system-err>
      </testcase>
      <testcase name="Test Cases/Bento_TestCases/PRStatus/TC01_Bento_Filter_PRStatus-Negative" time="149.45" classname="Test Cases/Bento_TestCases/PRStatus/TC01_Bento_Filter_PRStatus-Negative" status="PASSED">
         <system-out><![CDATA[2021-12-01 18:21:31 - [TEST_CASE][PASSED] - Test Cases/Bento_TestCases/PRStatus/TC01_Bento_Filter_PRStatus-Negative: Test Cases/Bento_TestCases/PRStatus/TC01_Bento_Filter_PRStatus-Negative

2021-12-01 18:21:31 - [TEST_STEP][PASSED] - Start listener action : getTestScriptName: null

2021-12-01 18:21:31 - [TEST_STEP][PASSED] - TestCaseId = testCaseContext.getTestCaseId(): null

2021-12-01 18:21:31 - [TEST_STEP][PASSED] - out.println("**********this is the value of test case id string******** " + testCaseContext.getTestCaseId()): null

2021-12-01 18:21:31 - [TEST_STEP][PASSED] - G_currentTCName = TestCaseId.substring(TestCaseId.lastIndexOf("TC")): null

2021-12-01 18:21:31 - [TEST_STEP][PASSED] - out.println("This is the test case name : " + G_currentTCName): null

2021-12-01 18:21:33 - [TEST_STEP][PASSED] - closeBrowser(): Browser is closed

2021-12-01 18:21:33 - [MESSAGE][PASSED] - Browser is closed

2021-12-01 18:21:33 - [TEST_STEP][PASSED] - ctdc.utilities.runtestcaseforKatalon.RunKatalon("TC01_Bento_Filter_PRStatus-Negative.xlsx"): Data loaded from input file for the test case. 

2021-12-01 18:21:33 - [MESSAGE][PASSED] - Test case file loaded This is the full filepath after converting to string :C:\Users\sohilz2\Commons_Automation\InputFiles\TC01_Bento_Filter_PRStatus-Negative.xlsx

2021-12-01 18:21:33 - [MESSAGE][INFO] - Global variable set for password file is :  C:\Users\sohilz2\Commons_Automation\InputFiles\TC01_Bento_Filter_PRStatus-Negative.xlsx

2021-12-01 18:21:37 - [MESSAGE][PASSED] - Data loaded from input file for the test case. 

2021-12-01 18:21:49 - [TEST_STEP][PASSED] - waitForElementClickable(findTestObject("Object Repository/Bento/NavBar/Bento_Cases-Btn"), 5): Object 'Object Repository/Bento/NavBar/Bento_Cases-Btn' is clickable

2021-12-01 18:21:50 - [MESSAGE][PASSED] - Object 'Object Repository/Bento/NavBar/Bento_Cases-Btn' is clickable

2021-12-01 18:21:50 - [TEST_STEP][PASSED] - ctdc.utilities.runtestcaseforKatalon.clickTab("Object Repository/Bento/NavBar/Bento_Cases-Btn"): ctdc.utilities.runtestcaseforKatalon.clickTab is PASSED

2021-12-01 18:21:50 - [MESSAGE][PASSED] - ctdc.utilities.runtestcaseforKatalon.clickTab is PASSED

2021-12-01 18:21:50 - [TEST_STEP][PASSED] - waitForElementClickable(findTestObject("Bento/Cases_page/Filter/FilterByCases_Facet"), 5): Object 'Object Repository/Bento/Cases_page/Filter/FilterByCases_Facet' is clickable

2021-12-01 18:21:51 - [MESSAGE][PASSED] - Object 'Object Repository/Bento/Cases_page/Filter/FilterByCases_Facet' is clickable

2021-12-01 18:21:51 - [TEST_STEP][PASSED] - ctdc.utilities.runtestcaseforKatalon.clickTab("Bento/Cases_page/Filter/FilterByCases_Facet"): ctdc.utilities.runtestcaseforKatalon.clickTab is PASSED

2021-12-01 18:21:52 - [MESSAGE][PASSED] - ctdc.utilities.runtestcaseforKatalon.clickTab is PASSED

2021-12-01 18:21:52 - [TEST_STEP][PASSED] - waitForElementClickable(findTestObject("Bento/Cases_page/Filter/PRStatus/PRStatus_Ddn"), 5): Object 'Object Repository/Bento/Cases_page/Filter/PRStatus/PRStatus_Ddn' is clickable

2021-12-01 18:21:52 - [MESSAGE][PASSED] - Object 'Object Repository/Bento/Cases_page/Filter/PRStatus/PRStatus_Ddn' is clickable

2021-12-01 18:21:52 - [TEST_STEP][PASSED] - ctdc.utilities.runtestcaseforKatalon.clickTab("Bento/Cases_page/Filter/PRStatus/PRStatus_Ddn"): ctdc.utilities.runtestcaseforKatalon.clickTab is PASSED

2021-12-01 18:21:53 - [MESSAGE][PASSED] - ctdc.utilities.runtestcaseforKatalon.clickTab is PASSED

2021-12-01 18:21:53 - [TEST_STEP][PASSED] - ctdc.utilities.runtestcaseforKatalon.clickTab("Object Repository/Bento/Cases_page/Filter/PRStatus/Negative_Chkbx"): ctdc.utilities.runtestcaseforKatalon.clickTab is PASSED

2021-12-01 18:21:53 - [MESSAGE][PASSED] - ctdc.utilities.runtestcaseforKatalon.clickTab is PASSED

2021-12-01 18:21:53 - [TEST_STEP][PASSED] - ctdc.utilities.runtestcaseforKatalon.clickTab("Object Repository/Bento/Cases_page/Filter/PRStatus/PRStatus_Ddn"): ctdc.utilities.runtestcaseforKatalon.clickTab is PASSED

2021-12-01 18:21:53 - [MESSAGE][PASSED] - ctdc.utilities.runtestcaseforKatalon.clickTab is PASSED

2021-12-01 18:21:53 - [TEST_STEP][PASSED] - ctdc.utilities.runtestcaseforKatalon.readStatBarBento("Object Repository/Bento/StatBar/Bento_StatBar-Programs", "Object Repository/Bento/StatBar/Bento_StatBar-Arms", "Object Repository/Bento/StatBar/Bento_StatBar-Cases", "Object Repository/Bento/StatBar/Bento_StatBar-Samples", "Object Repository/Bento/StatBar/Bento_StatBar-Assays", "Object Repository/Bento/StatBar/Bento_StatBar-Files"): ctdc.utilities.runtestcaseforKatalon.readStatBarBento is PASSED

2021-12-01 18:22:02 - [MESSAGE][PASSED] - ctdc.utilities.runtestcaseforKatalon.readStatBarBento is PASSED

2021-12-01 18:22:02 - [TEST_STEP][PASSED] - waitForElementPresent(findTestObject("Object Repository/Bento/Cases_page/BentoResults_Cases_Tab"), 5): Object 'Object Repository/Bento/Cases_page/BentoResults_Cases_Tab' is present

2021-12-01 18:22:02 - [MESSAGE][PASSED] - Object 'Object Repository/Bento/Cases_page/BentoResults_Cases_Tab' is present

2021-12-01 18:22:02 - [TEST_STEP][PASSED] - ctdc.utilities.runtestcaseforKatalon.clickTab("Object Repository/Bento/Cases_page/BentoResults_Cases_Tab"): ctdc.utilities.runtestcaseforKatalon.clickTab is PASSED

2021-12-01 18:22:03 - [MESSAGE][PASSED] - ctdc.utilities.runtestcaseforKatalon.clickTab is PASSED

2021-12-01 18:22:03 - [TEST_STEP][PASSED] - ctdc.utilities.runtestcaseforKatalon.multiFunction("Bento", G_StatBar_Cases, "Object Repository/Bento/Cases_page/Bento_CasesTable", "Object Repository/Bento/Cases_page/Bento_CasesTableHeader", "Object Repository/Bento/Cases_page/Bento_CasesTabNextBtn", G_WebTabnameCases, G_CypherTabnameCases, G_QueryCasesTab): Statbar Files count matches

2021-12-01 18:24:00 - [MESSAGE][PASSED] - Statbar Programs count matches

2021-12-01 18:24:00 - [MESSAGE][PASSED] - Statbar Arms count matches

2021-12-01 18:24:00 - [MESSAGE][PASSED] - Statbar Cases count matches

2021-12-01 18:24:00 - [MESSAGE][PASSED] - Statbar Samples count matches

2021-12-01 18:24:00 - [MESSAGE][PASSED] - Statbar Assays count matches

2021-12-01 18:24:00 - [MESSAGE][PASSED] - Statbar Files count matches

2021-12-01 18:24:00 - [TEST_STEP][PASSED] - closeBrowser(): Browser is closed

2021-12-01 18:24:01 - [MESSAGE][PASSED] - Browser is closed]]></system-out>
         <system-err><![CDATA[]]></system-err>
      </testcase>
      <testcase name="Test Cases/Bento_TestCases/PRStatus/TC02_Bento_Filter_PRStatus-NotReported" time="90.121" classname="Test Cases/Bento_TestCases/PRStatus/TC02_Bento_Filter_PRStatus-NotReported" status="PASSED">
         <system-out><![CDATA[2021-12-01 18:24:01 - [TEST_CASE][PASSED] - Test Cases/Bento_TestCases/PRStatus/TC02_Bento_Filter_PRStatus-NotReported: Test Cases/Bento_TestCases/PRStatus/TC02_Bento_Filter_PRStatus-NotReported

2021-12-01 18:24:01 - [TEST_STEP][PASSED] - Start listener action : getTestScriptName: null

2021-12-01 18:24:01 - [TEST_STEP][PASSED] - TestCaseId = testCaseContext.getTestCaseId(): null

2021-12-01 18:24:01 - [TEST_STEP][PASSED] - out.println("**********this is the value of test case id string******** " + testCaseContext.getTestCaseId()): null

2021-12-01 18:24:01 - [TEST_STEP][PASSED] - G_currentTCName = TestCaseId.substring(TestCaseId.lastIndexOf("TC")): null

2021-12-01 18:24:01 - [TEST_STEP][PASSED] - out.println("This is the test case name : " + G_currentTCName): null

2021-12-01 18:24:02 - [TEST_STEP][PASSED] - closeBrowser(): Browser is closed

2021-12-01 18:24:02 - [MESSAGE][PASSED] - Browser is closed

2021-12-01 18:24:02 - [TEST_STEP][PASSED] - ctdc.utilities.runtestcaseforKatalon.RunKatalon("TC02_Bento_Filter_PRStatus-NotReported.xlsx"): Data loaded from input file for the test case. 

2021-12-01 18:24:02 - [MESSAGE][PASSED] - Test case file loaded This is the full filepath after converting to string :C:\Users\sohilz2\Commons_Automation\InputFiles\TC02_Bento_Filter_PRStatus-NotReported.xlsx

2021-12-01 18:24:02 - [MESSAGE][INFO] - Global variable set for password file is :  C:\Users\sohilz2\Commons_Automation\InputFiles\TC02_Bento_Filter_PRStatus-NotReported.xlsx

2021-12-01 18:24:06 - [MESSAGE][PASSED] - Data loaded from input file for the test case. 

2021-12-01 18:24:21 - [TEST_STEP][PASSED] - waitForElementClickable(findTestObject("Object Repository/Bento/NavBar/Bento_Cases-Btn"), 5): Object 'Object Repository/Bento/NavBar/Bento_Cases-Btn' is clickable

2021-12-01 18:24:21 - [MESSAGE][PASSED] - Object 'Object Repository/Bento/NavBar/Bento_Cases-Btn' is clickable

2021-12-01 18:24:21 - [TEST_STEP][PASSED] - ctdc.utilities.runtestcaseforKatalon.clickTab("Object Repository/Bento/NavBar/Bento_Cases-Btn"): ctdc.utilities.runtestcaseforKatalon.clickTab is PASSED

2021-12-01 18:24:21 - [MESSAGE][PASSED] - ctdc.utilities.runtestcaseforKatalon.clickTab is PASSED

2021-12-01 18:24:21 - [TEST_STEP][PASSED] - waitForElementClickable(findTestObject("Bento/Cases_page/Filter/FilterByCases_Facet"), 5): Object 'Object Repository/Bento/Cases_page/Filter/FilterByCases_Facet' is clickable

2021-12-01 18:24:22 - [MESSAGE][PASSED] - Object 'Object Repository/Bento/Cases_page/Filter/FilterByCases_Facet' is clickable

2021-12-01 18:24:22 - [TEST_STEP][PASSED] - ctdc.utilities.runtestcaseforKatalon.clickTab("Bento/Cases_page/Filter/FilterByCases_Facet"): ctdc.utilities.runtestcaseforKatalon.clickTab is PASSED

2021-12-01 18:24:23 - [MESSAGE][PASSED] - ctdc.utilities.runtestcaseforKatalon.clickTab is PASSED

2021-12-01 18:24:23 - [TEST_STEP][PASSED] - waitForElementClickable(findTestObject("Bento/Cases_page/Filter/PRStatus/PRStatus_Ddn"), 5): Object 'Object Repository/Bento/Cases_page/Filter/PRStatus/PRStatus_Ddn' is clickable

2021-12-01 18:24:23 - [MESSAGE][PASSED] - Object 'Object Repository/Bento/Cases_page/Filter/PRStatus/PRStatus_Ddn' is clickable

2021-12-01 18:24:23 - [TEST_STEP][PASSED] - ctdc.utilities.runtestcaseforKatalon.clickTab("Bento/Cases_page/Filter/PRStatus/PRStatus_Ddn"): ctdc.utilities.runtestcaseforKatalon.clickTab is PASSED

2021-12-01 18:24:24 - [MESSAGE][PASSED] - ctdc.utilities.runtestcaseforKatalon.clickTab is PASSED

2021-12-01 18:24:24 - [TEST_STEP][PASSED] - ctdc.utilities.runtestcaseforKatalon.clickTab("Object Repository/Bento/Cases_page/Filter/PRStatus/NotReported_Chkbx"): ctdc.utilities.runtestcaseforKatalon.clickTab is PASSED

2021-12-01 18:24:24 - [MESSAGE][PASSED] - ctdc.utilities.runtestcaseforKatalon.clickTab is PASSED

2021-12-01 18:24:24 - [TEST_STEP][PASSED] - ctdc.utilities.runtestcaseforKatalon.clickTab("Object Repository/Bento/Cases_page/Filter/PRStatus/PRStatus_Ddn"): ctdc.utilities.runtestcaseforKatalon.clickTab is PASSED

2021-12-01 18:24:24 - [MESSAGE][PASSED] - ctdc.utilities.runtestcaseforKatalon.clickTab is PASSED

2021-12-01 18:24:24 - [TEST_STEP][PASSED] - ctdc.utilities.runtestcaseforKatalon.readStatBarBento("Object Repository/Bento/StatBar/Bento_StatBar-Programs", "Object Repository/Bento/StatBar/Bento_StatBar-Arms", "Object Repository/Bento/StatBar/Bento_StatBar-Cases", "Object Repository/Bento/StatBar/Bento_StatBar-Samples", "Object Repository/Bento/StatBar/Bento_StatBar-Assays", "Object Repository/Bento/StatBar/Bento_StatBar-Files"): ctdc.utilities.runtestcaseforKatalon.readStatBarBento is PASSED

2021-12-01 18:24:33 - [MESSAGE][PASSED] - ctdc.utilities.runtestcaseforKatalon.readStatBarBento is PASSED

2021-12-01 18:24:33 - [TEST_STEP][PASSED] - waitForElementPresent(findTestObject("Object Repository/Bento/Cases_page/BentoResults_Cases_Tab"), 5): Object 'Object Repository/Bento/Cases_page/BentoResults_Cases_Tab' is present

2021-12-01 18:24:33 - [MESSAGE][PASSED] - Object 'Object Repository/Bento/Cases_page/BentoResults_Cases_Tab' is present

2021-12-01 18:24:33 - [TEST_STEP][PASSED] - ctdc.utilities.runtestcaseforKatalon.clickTab("Object Repository/Bento/Cases_page/BentoResults_Cases_Tab"): ctdc.utilities.runtestcaseforKatalon.clickTab is PASSED

2021-12-01 18:24:34 - [MESSAGE][PASSED] - ctdc.utilities.runtestcaseforKatalon.clickTab is PASSED

2021-12-01 18:24:34 - [TEST_STEP][PASSED] - ctdc.utilities.runtestcaseforKatalon.multiFunction("Bento", G_StatBar_Cases, "Object Repository/Bento/Cases_page/Bento_CasesTable", "Object Repository/Bento/Cases_page/Bento_CasesTableHeader", "Object Repository/Bento/Cases_page/Bento_CasesTabNextBtn", G_WebTabnameCases, G_CypherTabnameCases, G_QueryCasesTab): Statbar Files count matches

2021-12-01 18:25:30 - [MESSAGE][PASSED] - Statbar Programs count matches

2021-12-01 18:25:30 - [MESSAGE][PASSED] - Statbar Arms count matches

2021-12-01 18:25:30 - [MESSAGE][PASSED] - Statbar Cases count matches

2021-12-01 18:25:30 - [MESSAGE][PASSED] - Statbar Samples count matches

2021-12-01 18:25:30 - [MESSAGE][PASSED] - Statbar Assays count matches

2021-12-01 18:25:30 - [MESSAGE][PASSED] - Statbar Files count matches

2021-12-01 18:25:30 - [TEST_STEP][PASSED] - closeBrowser(): Browser is closed

2021-12-01 18:25:31 - [MESSAGE][PASSED] - Browser is closed]]></system-out>
         <system-err><![CDATA[]]></system-err>
      </testcase>
      <testcase name="Test Cases/Bento_TestCases/RecurrenceScore/TC01_Bento_Filter_RecurrScore-00-05" time="113.79" classname="Test Cases/Bento_TestCases/RecurrenceScore/TC01_Bento_Filter_RecurrScore-00-05" status="PASSED">
         <system-out><![CDATA[2021-12-01 18:25:31 - [TEST_CASE][PASSED] - Test Cases/Bento_TestCases/RecurrenceScore/TC01_Bento_Filter_RecurrScore-00-05: Test Cases/Bento_TestCases/RecurrenceScore/TC01_Bento_Filter_RecurrScore-00-05

2021-12-01 18:25:31 - [TEST_STEP][PASSED] - Start listener action : getTestScriptName: null

2021-12-01 18:25:31 - [TEST_STEP][PASSED] - TestCaseId = testCaseContext.getTestCaseId(): null

2021-12-01 18:25:31 - [TEST_STEP][PASSED] - out.println("**********this is the value of test case id string******** " + testCaseContext.getTestCaseId()): null

2021-12-01 18:25:31 - [TEST_STEP][PASSED] - G_currentTCName = TestCaseId.substring(TestCaseId.lastIndexOf("TC")): null

2021-12-01 18:25:31 - [TEST_STEP][PASSED] - out.println("This is the test case name : " + G_currentTCName): null

2021-12-01 18:25:32 - [TEST_STEP][PASSED] - closeBrowser(): Browser is closed

2021-12-01 18:25:32 - [MESSAGE][PASSED] - Browser is closed

2021-12-01 18:25:32 - [TEST_STEP][PASSED] - ctdc.utilities.runtestcaseforKatalon.RunKatalon("TC01_Bento_Filter_RecurrScore-00-05.xlsx"): Data loaded from input file for the test case. 

2021-12-01 18:25:32 - [MESSAGE][PASSED] - Test case file loaded This is the full filepath after converting to string :C:\Users\sohilz2\Commons_Automation\InputFiles\TC01_Bento_Filter_RecurrScore-00-05.xlsx

2021-12-01 18:25:32 - [MESSAGE][INFO] - Global variable set for password file is :  C:\Users\sohilz2\Commons_Automation\InputFiles\TC01_Bento_Filter_RecurrScore-00-05.xlsx

2021-12-01 18:25:36 - [MESSAGE][PASSED] - Data loaded from input file for the test case. 

2021-12-01 18:25:50 - [TEST_STEP][PASSED] - waitForElementClickable(findTestObject("Object Repository/Bento/NavBar/Bento_Cases-Btn"), 5): Object 'Object Repository/Bento/NavBar/Bento_Cases-Btn' is clickable

2021-12-01 18:25:50 - [MESSAGE][PASSED] - Object 'Object Repository/Bento/NavBar/Bento_Cases-Btn' is clickable

2021-12-01 18:25:50 - [TEST_STEP][PASSED] - ctdc.utilities.runtestcaseforKatalon.clickTab("Object Repository/Bento/NavBar/Bento_Cases-Btn"): ctdc.utilities.runtestcaseforKatalon.clickTab is PASSED

2021-12-01 18:25:50 - [MESSAGE][PASSED] - ctdc.utilities.runtestcaseforKatalon.clickTab is PASSED

2021-12-01 18:25:50 - [TEST_STEP][PASSED] - waitForElementClickable(findTestObject("Bento/Cases_page/Filter/FilterByCases_Facet"), 5): Object 'Object Repository/Bento/Cases_page/Filter/FilterByCases_Facet' is clickable

2021-12-01 18:25:52 - [MESSAGE][PASSED] - Object 'Object Repository/Bento/Cases_page/Filter/FilterByCases_Facet' is clickable

2021-12-01 18:25:52 - [TEST_STEP][PASSED] - ctdc.utilities.runtestcaseforKatalon.clickTab("Bento/Cases_page/Filter/FilterByCases_Facet"): ctdc.utilities.runtestcaseforKatalon.clickTab is PASSED

2021-12-01 18:25:52 - [MESSAGE][PASSED] - ctdc.utilities.runtestcaseforKatalon.clickTab is PASSED

2021-12-01 18:25:52 - [TEST_STEP][PASSED] - waitForElementClickable(findTestObject("Bento/Cases_page/Filter/Recurrence Score/RecurrScore_Ddn"), 5): Object 'Object Repository/Bento/Cases_page/Filter/Recurrence Score/RecurrScore_Ddn' is clickable

2021-12-01 18:25:53 - [MESSAGE][PASSED] - Object 'Object Repository/Bento/Cases_page/Filter/Recurrence Score/RecurrScore_Ddn' is clickable

2021-12-01 18:25:53 - [TEST_STEP][PASSED] - ctdc.utilities.runtestcaseforKatalon.clickTab("Bento/Cases_page/Filter/Recurrence Score/RecurrScore_Ddn"): ctdc.utilities.runtestcaseforKatalon.clickTab is PASSED

2021-12-01 18:25:53 - [MESSAGE][PASSED] - ctdc.utilities.runtestcaseforKatalon.clickTab is PASSED

2021-12-01 18:25:53 - [TEST_STEP][PASSED] - waitForElementClickable(findTestObject("Bento/Cases_page/Filter/Recurrence Score/00_to_05_Chkbx"), 5): Object 'Object Repository/Bento/Cases_page/Filter/Recurrence Score/00_to_05_Chkbx' is clickable

2021-12-01 18:25:53 - [MESSAGE][PASSED] - Object 'Object Repository/Bento/Cases_page/Filter/Recurrence Score/00_to_05_Chkbx' is clickable

2021-12-01 18:25:53 - [TEST_STEP][PASSED] - ctdc.utilities.runtestcaseforKatalon.clickTab("Bento/Cases_page/Filter/Recurrence Score/00_to_05_Chkbx"): ctdc.utilities.runtestcaseforKatalon.clickTab is PASSED

2021-12-01 18:25:54 - [MESSAGE][PASSED] - ctdc.utilities.runtestcaseforKatalon.clickTab is PASSED

2021-12-01 18:25:54 - [TEST_STEP][PASSED] - ctdc.utilities.runtestcaseforKatalon.clickTab("Bento/Cases_page/Filter/Recurrence Score/RecurrScore_Ddn"): ctdc.utilities.runtestcaseforKatalon.clickTab is PASSED

2021-12-01 18:25:55 - [MESSAGE][PASSED] - ctdc.utilities.runtestcaseforKatalon.clickTab is PASSED

2021-12-01 18:25:55 - [TEST_STEP][PASSED] - ctdc.utilities.runtestcaseforKatalon.readStatBarBento("Object Repository/Bento/StatBar/Bento_StatBar-Programs", "Object Repository/Bento/StatBar/Bento_StatBar-Arms", "Object Repository/Bento/StatBar/Bento_StatBar-Cases", "Object Repository/Bento/StatBar/Bento_StatBar-Samples", "Object Repository/Bento/StatBar/Bento_StatBar-Assays", "Object Repository/Bento/StatBar/Bento_StatBar-Files"): ctdc.utilities.runtestcaseforKatalon.readStatBarBento is PASSED

2021-12-01 18:26:04 - [MESSAGE][PASSED] - ctdc.utilities.runtestcaseforKatalon.readStatBarBento is PASSED

2021-12-01 18:26:04 - [TEST_STEP][PASSED] - waitForElementPresent(findTestObject("Object Repository/Bento/Cases_page/BentoResults_Cases_Tab"), 5): Object 'Object Repository/Bento/Cases_page/BentoResults_Cases_Tab' is present

2021-12-01 18:26:04 - [MESSAGE][PASSED] - Object 'Object Repository/Bento/Cases_page/BentoResults_Cases_Tab' is present

2021-12-01 18:26:04 - [TEST_STEP][PASSED] - ctdc.utilities.runtestcaseforKatalon.clickTab("Object Repository/Bento/Cases_page/BentoResults_Cases_Tab"): ctdc.utilities.runtestcaseforKatalon.clickTab is PASSED

2021-12-01 18:26:04 - [MESSAGE][PASSED] - ctdc.utilities.runtestcaseforKatalon.clickTab is PASSED

2021-12-01 18:26:04 - [TEST_STEP][PASSED] - ctdc.utilities.runtestcaseforKatalon.multiFunction("Bento", G_StatBar_Cases, "Object Repository/Bento/Cases_page/Bento_CasesTable", "Object Repository/Bento/Cases_page/Bento_CasesTableHeader", "Object Repository/Bento/Cases_page/Bento_CasesTabNextBtn", G_WebTabnameCases, G_CypherTabnameCases, G_QueryCasesTab): Statbar Files count matches

2021-12-01 18:27:24 - [MESSAGE][PASSED] - Statbar Programs count matches

2021-12-01 18:27:24 - [MESSAGE][PASSED] - Statbar Arms count matches

2021-12-01 18:27:24 - [MESSAGE][PASSED] - Statbar Cases count matches

2021-12-01 18:27:24 - [MESSAGE][PASSED] - Statbar Samples count matches

2021-12-01 18:27:24 - [MESSAGE][PASSED] - Statbar Assays count matches

2021-12-01 18:27:24 - [MESSAGE][PASSED] - Statbar Files count matches

2021-12-01 18:27:24 - [TEST_STEP][PASSED] - closeBrowser(): Browser is closed

2021-12-01 18:27:25 - [MESSAGE][PASSED] - Browser is closed]]></system-out>
         <system-err><![CDATA[]]></system-err>
      </testcase>
      <testcase name="Test Cases/Bento_TestCases/RecurrenceScore/TC04_Bento_Filter_RecurrScore-51-100" time="62.282" classname="Test Cases/Bento_TestCases/RecurrenceScore/TC04_Bento_Filter_RecurrScore-51-100" status="PASSED">
         <system-out><![CDATA[2021-12-01 18:27:25 - [TEST_CASE][PASSED] - Test Cases/Bento_TestCases/RecurrenceScore/TC04_Bento_Filter_RecurrScore-51-100: Test Cases/Bento_TestCases/RecurrenceScore/TC04_Bento_Filter_RecurrScore-51-100

2021-12-01 18:27:25 - [TEST_STEP][PASSED] - Start listener action : getTestScriptName: null

2021-12-01 18:27:25 - [TEST_STEP][PASSED] - TestCaseId = testCaseContext.getTestCaseId(): null

2021-12-01 18:27:25 - [TEST_STEP][PASSED] - out.println("**********this is the value of test case id string******** " + testCaseContext.getTestCaseId()): null

2021-12-01 18:27:25 - [TEST_STEP][PASSED] - G_currentTCName = TestCaseId.substring(TestCaseId.lastIndexOf("TC")): null

2021-12-01 18:27:25 - [TEST_STEP][PASSED] - out.println("This is the test case name : " + G_currentTCName): null

2021-12-01 18:27:26 - [TEST_STEP][PASSED] - closeBrowser(): Browser is closed

2021-12-01 18:27:26 - [MESSAGE][PASSED] - Browser is closed

2021-12-01 18:27:26 - [TEST_STEP][PASSED] - ctdc.utilities.runtestcaseforKatalon.RunKatalon("TC04_Bento_Filter_RecurrScore-51-100.xlsx"): Data loaded from input file for the test case. 

2021-12-01 18:27:26 - [MESSAGE][PASSED] - Test case file loaded This is the full filepath after converting to string :C:\Users\sohilz2\Commons_Automation\InputFiles\TC04_Bento_Filter_RecurrScore-51-100.xlsx

2021-12-01 18:27:26 - [MESSAGE][INFO] - Global variable set for password file is :  C:\Users\sohilz2\Commons_Automation\InputFiles\TC04_Bento_Filter_RecurrScore-51-100.xlsx

2021-12-01 18:27:30 - [MESSAGE][PASSED] - Data loaded from input file for the test case. 

2021-12-01 18:27:43 - [TEST_STEP][PASSED] - waitForElementClickable(findTestObject("Object Repository/Bento/NavBar/Bento_Cases-Btn"), 5): Object 'Object Repository/Bento/NavBar/Bento_Cases-Btn' is clickable

2021-12-01 18:27:43 - [MESSAGE][PASSED] - Object 'Object Repository/Bento/NavBar/Bento_Cases-Btn' is clickable

2021-12-01 18:27:43 - [TEST_STEP][PASSED] - ctdc.utilities.runtestcaseforKatalon.clickTab("Object Repository/Bento/NavBar/Bento_Cases-Btn"): ctdc.utilities.runtestcaseforKatalon.clickTab is PASSED

2021-12-01 18:27:43 - [MESSAGE][PASSED] - ctdc.utilities.runtestcaseforKatalon.clickTab is PASSED

2021-12-01 18:27:43 - [TEST_STEP][PASSED] - waitForElementClickable(findTestObject("Bento/Cases_page/Filter/FilterByCases_Facet"), 5): Object 'Object Repository/Bento/Cases_page/Filter/FilterByCases_Facet' is clickable

2021-12-01 18:27:45 - [MESSAGE][PASSED] - Object 'Object Repository/Bento/Cases_page/Filter/FilterByCases_Facet' is clickable

2021-12-01 18:27:45 - [TEST_STEP][PASSED] - ctdc.utilities.runtestcaseforKatalon.clickTab("Bento/Cases_page/Filter/FilterByCases_Facet"): ctdc.utilities.runtestcaseforKatalon.clickTab is PASSED

2021-12-01 18:27:45 - [MESSAGE][PASSED] - ctdc.utilities.runtestcaseforKatalon.clickTab is PASSED

2021-12-01 18:27:45 - [TEST_STEP][PASSED] - waitForElementClickable(findTestObject("Bento/Cases_page/Filter/Recurrence Score/RecurrScore_Ddn"), 5): Object 'Object Repository/Bento/Cases_page/Filter/Recurrence Score/RecurrScore_Ddn' is clickable

2021-12-01 18:27:45 - [MESSAGE][PASSED] - Object 'Object Repository/Bento/Cases_page/Filter/Recurrence Score/RecurrScore_Ddn' is clickable

2021-12-01 18:27:45 - [TEST_STEP][PASSED] - ctdc.utilities.runtestcaseforKatalon.clickTab("Bento/Cases_page/Filter/Recurrence Score/RecurrScore_Ddn"): ctdc.utilities.runtestcaseforKatalon.clickTab is PASSED

2021-12-01 18:27:46 - [MESSAGE][PASSED] - ctdc.utilities.runtestcaseforKatalon.clickTab is PASSED

2021-12-01 18:27:46 - [TEST_STEP][PASSED] - waitForElementClickable(findTestObject("Bento/Cases_page/Filter/Recurrence Score/51_to_100_Chkbx"), 5): Object 'Object Repository/Bento/Cases_page/Filter/Recurrence Score/51_to_100_Chkbx' is clickable

2021-12-01 18:27:46 - [MESSAGE][PASSED] - Object 'Object Repository/Bento/Cases_page/Filter/Recurrence Score/51_to_100_Chkbx' is clickable

2021-12-01 18:27:46 - [TEST_STEP][PASSED] - ctdc.utilities.runtestcaseforKatalon.clickTab("Bento/Cases_page/Filter/Recurrence Score/51_to_100_Chkbx"): ctdc.utilities.runtestcaseforKatalon.clickTab is PASSED

2021-12-01 18:27:46 - [MESSAGE][PASSED] - ctdc.utilities.runtestcaseforKatalon.clickTab is PASSED

2021-12-01 18:27:46 - [TEST_STEP][PASSED] - ctdc.utilities.runtestcaseforKatalon.clickTab("Bento/Cases_page/Filter/Recurrence Score/RecurrScore_Ddn"): ctdc.utilities.runtestcaseforKatalon.clickTab is PASSED

2021-12-01 18:27:47 - [MESSAGE][PASSED] - ctdc.utilities.runtestcaseforKatalon.clickTab is PASSED

2021-12-01 18:27:47 - [TEST_STEP][PASSED] - ctdc.utilities.runtestcaseforKatalon.readStatBarBento("Object Repository/Bento/StatBar/Bento_StatBar-Programs", "Object Repository/Bento/StatBar/Bento_StatBar-Arms", "Object Repository/Bento/StatBar/Bento_StatBar-Cases", "Object Repository/Bento/StatBar/Bento_StatBar-Samples", "Object Repository/Bento/StatBar/Bento_StatBar-Assays", "Object Repository/Bento/StatBar/Bento_StatBar-Files"): ctdc.utilities.runtestcaseforKatalon.readStatBarBento is PASSED

2021-12-01 18:27:56 - [MESSAGE][PASSED] - ctdc.utilities.runtestcaseforKatalon.readStatBarBento is PASSED

2021-12-01 18:27:56 - [TEST_STEP][PASSED] - waitForElementPresent(findTestObject("Object Repository/Bento/Cases_page/BentoResults_Cases_Tab"), 5): Object 'Object Repository/Bento/Cases_page/BentoResults_Cases_Tab' is present

2021-12-01 18:27:56 - [MESSAGE][PASSED] - Object 'Object Repository/Bento/Cases_page/BentoResults_Cases_Tab' is present

2021-12-01 18:27:56 - [TEST_STEP][PASSED] - ctdc.utilities.runtestcaseforKatalon.clickTab("Object Repository/Bento/Cases_page/BentoResults_Cases_Tab"): ctdc.utilities.runtestcaseforKatalon.clickTab is PASSED

2021-12-01 18:27:56 - [MESSAGE][PASSED] - ctdc.utilities.runtestcaseforKatalon.clickTab is PASSED

2021-12-01 18:27:56 - [TEST_STEP][PASSED] - ctdc.utilities.runtestcaseforKatalon.multiFunction("Bento", G_StatBar_Cases, "Object Repository/Bento/Cases_page/Bento_CasesTable", "Object Repository/Bento/Cases_page/Bento_CasesTableHeader", "Object Repository/Bento/Cases_page/Bento_CasesTabNextBtn", G_WebTabnameCases, G_CypherTabnameCases, G_QueryCasesTab): Statbar Files count matches

2021-12-01 18:28:26 - [MESSAGE][PASSED] - Statbar Programs count matches

2021-12-01 18:28:26 - [MESSAGE][PASSED] - Statbar Arms count matches

2021-12-01 18:28:26 - [MESSAGE][PASSED] - Statbar Cases count matches

2021-12-01 18:28:26 - [MESSAGE][PASSED] - Statbar Samples count matches

2021-12-01 18:28:26 - [MESSAGE][PASSED] - Statbar Assays count matches

2021-12-01 18:28:26 - [MESSAGE][PASSED] - Statbar Files count matches

2021-12-01 18:28:26 - [TEST_STEP][PASSED] - closeBrowser(): Browser is closed

2021-12-01 18:28:27 - [MESSAGE][PASSED] - Browser is closed]]></system-out>
         <system-err><![CDATA[]]></system-err>
      </testcase>
      <testcase name="Test Cases/Bento_TestCases/TumorGrade/TC01_Bento_Filter_TumorGrade-HighGrade" time="42.267" classname="Test Cases/Bento_TestCases/TumorGrade/TC01_Bento_Filter_TumorGrade-HighGrade" status="PASSED">
         <system-out><![CDATA[2021-12-01 18:28:27 - [TEST_CASE][PASSED] - Test Cases/Bento_TestCases/TumorGrade/TC01_Bento_Filter_TumorGrade-HighGrade: Test Cases/Bento_TestCases/TumorGrade/TC01_Bento_Filter_TumorGrade-HighGrade

2021-12-01 18:28:27 - [TEST_STEP][PASSED] - Start listener action : getTestScriptName: null

2021-12-01 18:28:27 - [TEST_STEP][PASSED] - TestCaseId = testCaseContext.getTestCaseId(): null

2021-12-01 18:28:27 - [TEST_STEP][PASSED] - out.println("**********this is the value of test case id string******** " + testCaseContext.getTestCaseId()): null

2021-12-01 18:28:27 - [TEST_STEP][PASSED] - G_currentTCName = TestCaseId.substring(TestCaseId.lastIndexOf("TC")): null

2021-12-01 18:28:27 - [TEST_STEP][PASSED] - out.println("This is the test case name : " + G_currentTCName): null

2021-12-01 18:28:28 - [TEST_STEP][PASSED] - closeBrowser(): Browser is closed

2021-12-01 18:28:28 - [MESSAGE][PASSED] - Browser is closed

2021-12-01 18:28:28 - [TEST_STEP][PASSED] - openBrowser(""): Browser is opened with url: ''

2021-12-01 18:28:28 - [MESSAGE][INFO] - Starting 'Chrome (headless)' driver

2021-12-01 18:28:28 - [MESSAGE][INFO] - User set preference: ['args', '[--no-sandbox]']

2021-12-01 18:28:28 - [MESSAGE][INFO] - Action delay is set to 0 milliseconds

2021-12-01 18:28:30 - [MESSAGE][PASSED] - Browser is opened with url: ''

2021-12-01 18:28:30 - [TEST_STEP][PASSED] - maximizeWindow(): Current window maximized

2021-12-01 18:28:30 - [MESSAGE][PASSED] - Current window maximized

2021-12-01 18:28:30 - [TEST_STEP][PASSED] - ctdc.utilities.runtestcaseforKatalon.RunKatalon("TC01_Bento_Filter_TumorGrade-HighGrade.xlsx"): Data loaded from input file for the test case. 

2021-12-01 18:28:30 - [MESSAGE][PASSED] - Test case file loaded This is the full filepath after converting to string :C:\Users\sohilz2\Commons_Automation\InputFiles\TC01_Bento_Filter_TumorGrade-HighGrade.xlsx

2021-12-01 18:28:30 - [MESSAGE][INFO] - Global variable set for password file is :  C:\Users\sohilz2\Commons_Automation\InputFiles\TC01_Bento_Filter_TumorGrade-HighGrade.xlsx

2021-12-01 18:28:34 - [MESSAGE][PASSED] - Data loaded from input file for the test case. 

2021-12-01 18:28:49 - [TEST_STEP][PASSED] - waitForElementClickable(findTestObject("Object Repository/Bento/NavBar/Bento_Cases-Btn"), 5): Object 'Object Repository/Bento/NavBar/Bento_Cases-Btn' is clickable

2021-12-01 18:28:49 - [MESSAGE][PASSED] - Object 'Object Repository/Bento/NavBar/Bento_Cases-Btn' is clickable

2021-12-01 18:28:49 - [TEST_STEP][PASSED] - ctdc.utilities.runtestcaseforKatalon.clickTab("Object Repository/Bento/NavBar/Bento_Cases-Btn"): ctdc.utilities.runtestcaseforKatalon.clickTab is PASSED

2021-12-01 18:28:50 - [MESSAGE][PASSED] - ctdc.utilities.runtestcaseforKatalon.clickTab is PASSED

2021-12-01 18:28:50 - [TEST_STEP][PASSED] - waitForElementClickable(findTestObject("Bento/Cases_page/Filter/FilterByCases_Facet"), 5): Object 'Object Repository/Bento/Cases_page/Filter/FilterByCases_Facet' is clickable

2021-12-01 18:28:51 - [MESSAGE][PASSED] - Object 'Object Repository/Bento/Cases_page/Filter/FilterByCases_Facet' is clickable

2021-12-01 18:28:51 - [TEST_STEP][PASSED] - ctdc.utilities.runtestcaseforKatalon.clickTab("Bento/Cases_page/Filter/FilterByCases_Facet"): ctdc.utilities.runtestcaseforKatalon.clickTab is PASSED

2021-12-01 18:28:51 - [MESSAGE][PASSED] - ctdc.utilities.runtestcaseforKatalon.clickTab is PASSED

2021-12-01 18:28:51 - [TEST_STEP][PASSED] - waitForElementClickable(findTestObject("Bento/Cases_page/Filter/TumorGrade/TumorGrade_Ddn"), 5): Object 'Object Repository/Bento/Cases_page/Filter/TumorGrade/TumorGrade_Ddn' is clickable

2021-12-01 18:28:52 - [MESSAGE][PASSED] - Object 'Object Repository/Bento/Cases_page/Filter/TumorGrade/TumorGrade_Ddn' is clickable

2021-12-01 18:28:52 - [TEST_STEP][PASSED] - ctdc.utilities.runtestcaseforKatalon.clickTab("Bento/Cases_page/Filter/TumorGrade/TumorGrade_Ddn"): ctdc.utilities.runtestcaseforKatalon.clickTab is PASSED

2021-12-01 18:28:52 - [MESSAGE][PASSED] - ctdc.utilities.runtestcaseforKatalon.clickTab is PASSED

2021-12-01 18:28:52 - [TEST_STEP][PASSED] - ctdc.utilities.runtestcaseforKatalon.clickTab("Object Repository/Bento/Cases_page/Filter/TumorGrade/High_Chkbx"): ctdc.utilities.runtestcaseforKatalon.clickTab is PASSED

2021-12-01 18:28:53 - [MESSAGE][PASSED] - ctdc.utilities.runtestcaseforKatalon.clickTab is PASSED

2021-12-01 18:28:53 - [TEST_STEP][PASSED] - ctdc.utilities.runtestcaseforKatalon.clickTab("Object Repository/Bento/Cases_page/Filter/TumorGrade/TumorGrade_Ddn"): ctdc.utilities.runtestcaseforKatalon.clickTab is PASSED

2021-12-01 18:28:54 - [MESSAGE][PASSED] - ctdc.utilities.runtestcaseforKatalon.clickTab is PASSED

2021-12-01 18:28:54 - [TEST_STEP][PASSED] - ctdc.utilities.runtestcaseforKatalon.readStatBarBento("Object Repository/Bento/StatBar/Bento_StatBar-Programs", "Object Repository/Bento/StatBar/Bento_StatBar-Arms", "Object Repository/Bento/StatBar/Bento_StatBar-Cases", "Object Repository/Bento/StatBar/Bento_StatBar-Samples", "Object Repository/Bento/StatBar/Bento_StatBar-Assays", "Object Repository/Bento/StatBar/Bento_StatBar-Files"): ctdc.utilities.runtestcaseforKatalon.readStatBarBento is PASSED

2021-12-01 18:29:03 - [MESSAGE][PASSED] - ctdc.utilities.runtestcaseforKatalon.readStatBarBento is PASSED

2021-12-01 18:29:03 - [TEST_STEP][PASSED] - ctdc.utilities.ReadExcel.Neo4j(G_CypherTabnameCases, G_QueryCasesTab): ctdc.utilities.ReadExcel.Neo4j is PASSED

2021-12-01 18:29:09 - [MESSAGE][PASSED] - ctdc.utilities.ReadExcel.Neo4j is PASSED

2021-12-01 18:29:09 - [TEST_STEP][PASSED] - ctdc.utilities.runtestcaseforKatalon.validateStatBar("Bento"): Statbar Files count matches

2021-12-01 18:29:09 - [MESSAGE][PASSED] - Statbar Programs count matches

2021-12-01 18:29:09 - [MESSAGE][PASSED] - Statbar Arms count matches

2021-12-01 18:29:09 - [MESSAGE][PASSED] - Statbar Cases count matches

2021-12-01 18:29:09 - [MESSAGE][PASSED] - Statbar Samples count matches

2021-12-01 18:29:09 - [MESSAGE][PASSED] - Statbar Assays count matches

2021-12-01 18:29:09 - [MESSAGE][PASSED] - Statbar Files count matches

2021-12-01 18:29:09 - [TEST_STEP][PASSED] - closeBrowser(): Browser is closed

2021-12-01 18:29:09 - [MESSAGE][PASSED] - Browser is closed]]></system-out>
         <system-err><![CDATA[]]></system-err>
      </testcase>
      <testcase name="Test Cases/Bento_TestCases/TumorGrade/TC04_Bento_Filter_TumorGrade-NotReported" time="39.427" classname="Test Cases/Bento_TestCases/TumorGrade/TC04_Bento_Filter_TumorGrade-NotReported" status="PASSED">
         <system-out><![CDATA[2021-12-01 18:29:09 - [TEST_CASE][PASSED] - Test Cases/Bento_TestCases/TumorGrade/TC04_Bento_Filter_TumorGrade-NotReported: Test Cases/Bento_TestCases/TumorGrade/TC04_Bento_Filter_TumorGrade-NotReported

2021-12-01 18:29:09 - [TEST_STEP][PASSED] - Start listener action : getTestScriptName: null

2021-12-01 18:29:09 - [TEST_STEP][PASSED] - TestCaseId = testCaseContext.getTestCaseId(): null

2021-12-01 18:29:09 - [TEST_STEP][PASSED] - out.println("**********this is the value of test case id string******** " + testCaseContext.getTestCaseId()): null

2021-12-01 18:29:09 - [TEST_STEP][PASSED] - G_currentTCName = TestCaseId.substring(TestCaseId.lastIndexOf("TC")): null

2021-12-01 18:29:09 - [TEST_STEP][PASSED] - out.println("This is the test case name : " + G_currentTCName): null

2021-12-01 18:29:11 - [TEST_STEP][PASSED] - closeBrowser(): Browser is closed

2021-12-01 18:29:11 - [MESSAGE][PASSED] - Browser is closed

2021-12-01 18:29:11 - [TEST_STEP][PASSED] - openBrowser(""): Browser is opened with url: ''

2021-12-01 18:29:11 - [MESSAGE][INFO] - Starting 'Chrome (headless)' driver

2021-12-01 18:29:11 - [MESSAGE][INFO] - User set preference: ['args', '[--no-sandbox]']

2021-12-01 18:29:11 - [MESSAGE][INFO] - Action delay is set to 0 milliseconds

2021-12-01 18:29:12 - [MESSAGE][PASSED] - Browser is opened with url: ''

2021-12-01 18:29:12 - [TEST_STEP][PASSED] - maximizeWindow(): Current window maximized

2021-12-01 18:29:12 - [MESSAGE][PASSED] - Current window maximized

2021-12-01 18:29:12 - [TEST_STEP][PASSED] - ctdc.utilities.runtestcaseforKatalon.RunKatalon("TC04_Bento_Filter_TumorGrade-NotReported.xlsx"): Data loaded from input file for the test case. 

2021-12-01 18:29:12 - [MESSAGE][PASSED] - Test case file loaded This is the full filepath after converting to string :C:\Users\sohilz2\Commons_Automation\InputFiles\TC04_Bento_Filter_TumorGrade-NotReported.xlsx

2021-12-01 18:29:12 - [MESSAGE][INFO] - Global variable set for password file is :  C:\Users\sohilz2\Commons_Automation\InputFiles\TC04_Bento_Filter_TumorGrade-NotReported.xlsx

2021-12-01 18:29:16 - [MESSAGE][PASSED] - Data loaded from input file for the test case. 

2021-12-01 18:29:29 - [TEST_STEP][PASSED] - waitForElementClickable(findTestObject("Object Repository/Bento/NavBar/Bento_Cases-Btn"), 5): Object 'Object Repository/Bento/NavBar/Bento_Cases-Btn' is clickable

2021-12-01 18:29:29 - [MESSAGE][PASSED] - Object 'Object Repository/Bento/NavBar/Bento_Cases-Btn' is clickable

2021-12-01 18:29:29 - [TEST_STEP][PASSED] - ctdc.utilities.runtestcaseforKatalon.clickTab("Object Repository/Bento/NavBar/Bento_Cases-Btn"): ctdc.utilities.runtestcaseforKatalon.clickTab is PASSED

2021-12-01 18:29:30 - [MESSAGE][PASSED] - ctdc.utilities.runtestcaseforKatalon.clickTab is PASSED

2021-12-01 18:29:30 - [TEST_STEP][PASSED] - waitForElementClickable(findTestObject("Bento/Cases_page/Filter/FilterByCases_Facet"), 5): Object 'Object Repository/Bento/Cases_page/Filter/FilterByCases_Facet' is clickable

2021-12-01 18:29:31 - [MESSAGE][PASSED] - Object 'Object Repository/Bento/Cases_page/Filter/FilterByCases_Facet' is clickable

2021-12-01 18:29:31 - [TEST_STEP][PASSED] - ctdc.utilities.runtestcaseforKatalon.clickTab("Bento/Cases_page/Filter/FilterByCases_Facet"): ctdc.utilities.runtestcaseforKatalon.clickTab is PASSED

2021-12-01 18:29:31 - [MESSAGE][PASSED] - ctdc.utilities.runtestcaseforKatalon.clickTab is PASSED

2021-12-01 18:29:31 - [TEST_STEP][PASSED] - waitForElementClickable(findTestObject("Bento/Cases_page/Filter/TumorGrade/TumorGrade_Ddn"), 5): Object 'Object Repository/Bento/Cases_page/Filter/TumorGrade/TumorGrade_Ddn' is clickable

2021-12-01 18:29:32 - [MESSAGE][PASSED] - Object 'Object Repository/Bento/Cases_page/Filter/TumorGrade/TumorGrade_Ddn' is clickable

2021-12-01 18:29:32 - [TEST_STEP][PASSED] - ctdc.utilities.runtestcaseforKatalon.clickTab("Bento/Cases_page/Filter/TumorGrade/TumorGrade_Ddn"): ctdc.utilities.runtestcaseforKatalon.clickTab is PASSED

2021-12-01 18:29:32 - [MESSAGE][PASSED] - ctdc.utilities.runtestcaseforKatalon.clickTab is PASSED

2021-12-01 18:29:32 - [TEST_STEP][PASSED] - ctdc.utilities.runtestcaseforKatalon.clickTab("Object Repository/Bento/Cases_page/Filter/TumorGrade/NotReported_Chkbx"): ctdc.utilities.runtestcaseforKatalon.clickTab is PASSED

2021-12-01 18:29:32 - [MESSAGE][PASSED] - ctdc.utilities.runtestcaseforKatalon.clickTab is PASSED

2021-12-01 18:29:32 - [TEST_STEP][PASSED] - ctdc.utilities.runtestcaseforKatalon.clickTab("Object Repository/Bento/Cases_page/Filter/TumorGrade/TumorGrade_Ddn"): ctdc.utilities.runtestcaseforKatalon.clickTab is PASSED

2021-12-01 18:29:33 - [MESSAGE][PASSED] - ctdc.utilities.runtestcaseforKatalon.clickTab is PASSED

2021-12-01 18:29:33 - [TEST_STEP][PASSED] - ctdc.utilities.runtestcaseforKatalon.readStatBarBento("Object Repository/Bento/StatBar/Bento_StatBar-Programs", "Object Repository/Bento/StatBar/Bento_StatBar-Arms", "Object Repository/Bento/StatBar/Bento_StatBar-Cases", "Object Repository/Bento/StatBar/Bento_StatBar-Samples", "Object Repository/Bento/StatBar/Bento_StatBar-Assays", "Object Repository/Bento/StatBar/Bento_StatBar-Files"): ctdc.utilities.runtestcaseforKatalon.readStatBarBento is PASSED

2021-12-01 18:29:42 - [MESSAGE][PASSED] - ctdc.utilities.runtestcaseforKatalon.readStatBarBento is PASSED

2021-12-01 18:29:42 - [TEST_STEP][PASSED] - ctdc.utilities.ReadExcel.Neo4j(G_CypherTabnameCases, G_QueryCasesTab): ctdc.utilities.ReadExcel.Neo4j is PASSED

2021-12-01 18:29:48 - [MESSAGE][PASSED] - ctdc.utilities.ReadExcel.Neo4j is PASSED

2021-12-01 18:29:48 - [TEST_STEP][PASSED] - ctdc.utilities.runtestcaseforKatalon.validateStatBar("Bento"): Statbar Files count matches

2021-12-01 18:29:48 - [MESSAGE][PASSED] - Statbar Programs count matches

2021-12-01 18:29:48 - [MESSAGE][PASSED] - Statbar Arms count matches

2021-12-01 18:29:48 - [MESSAGE][PASSED] - Statbar Cases count matches

2021-12-01 18:29:48 - [MESSAGE][PASSED] - Statbar Samples count matches

2021-12-01 18:29:48 - [MESSAGE][PASSED] - Statbar Assays count matches

2021-12-01 18:29:48 - [MESSAGE][PASSED] - Statbar Files count matches

2021-12-01 18:29:48 - [TEST_STEP][PASSED] - closeBrowser(): Browser is closed

2021-12-01 18:29:49 - [MESSAGE][PASSED] - Browser is closed]]></system-out>
         <system-err><![CDATA[]]></system-err>
      </testcase>
      <testcase name="Test Cases/Bento_TestCases/TumorSize/TC02_Bento_Filter_TumorSize-2-3" time="38.017" classname="Test Cases/Bento_TestCases/TumorSize/TC02_Bento_Filter_TumorSize-2-3" status="PASSED">
         <system-out><![CDATA[2021-12-01 18:29:49 - [TEST_CASE][PASSED] - Test Cases/Bento_TestCases/TumorSize/TC02_Bento_Filter_TumorSize-2-3: Test Cases/Bento_TestCases/TumorSize/TC02_Bento_Filter_TumorSize-2-3

2021-12-01 18:29:49 - [TEST_STEP][PASSED] - Start listener action : getTestScriptName: null

2021-12-01 18:29:49 - [TEST_STEP][PASSED] - TestCaseId = testCaseContext.getTestCaseId(): null

2021-12-01 18:29:49 - [TEST_STEP][PASSED] - out.println("**********this is the value of test case id string******** " + testCaseContext.getTestCaseId()): null

2021-12-01 18:29:49 - [TEST_STEP][PASSED] - G_currentTCName = TestCaseId.substring(TestCaseId.lastIndexOf("TC")): null

2021-12-01 18:29:49 - [TEST_STEP][PASSED] - out.println("This is the test case name : " + G_currentTCName): null

2021-12-01 18:29:50 - [TEST_STEP][PASSED] - closeBrowser(): Browser is closed

2021-12-01 18:29:50 - [MESSAGE][PASSED] - Browser is closed

2021-12-01 18:29:50 - [TEST_STEP][PASSED] - openBrowser(""): Browser is opened with url: ''

2021-12-01 18:29:50 - [MESSAGE][INFO] - Starting 'Chrome (headless)' driver

2021-12-01 18:29:50 - [MESSAGE][INFO] - User set preference: ['args', '[--no-sandbox]']

2021-12-01 18:29:50 - [MESSAGE][INFO] - Action delay is set to 0 milliseconds

2021-12-01 18:29:51 - [MESSAGE][PASSED] - Browser is opened with url: ''

2021-12-01 18:29:51 - [TEST_STEP][PASSED] - maximizeWindow(): Current window maximized

2021-12-01 18:29:52 - [MESSAGE][PASSED] - Current window maximized

2021-12-01 18:29:52 - [TEST_STEP][PASSED] - ctdc.utilities.runtestcaseforKatalon.RunKatalon("TC02_Bento_Filter_TumorSize-2-3.xlsx"): Data loaded from input file for the test case. 

2021-12-01 18:29:52 - [MESSAGE][PASSED] - Test case file loaded This is the full filepath after converting to string :C:\Users\sohilz2\Commons_Automation\InputFiles\TC02_Bento_Filter_TumorSize-2-3.xlsx

2021-12-01 18:29:52 - [MESSAGE][INFO] - Global variable set for password file is :  C:\Users\sohilz2\Commons_Automation\InputFiles\TC02_Bento_Filter_TumorSize-2-3.xlsx

2021-12-01 18:29:56 - [MESSAGE][PASSED] - Data loaded from input file for the test case. 

2021-12-01 18:30:08 - [TEST_STEP][PASSED] - waitForElementClickable(findTestObject("Object Repository/Bento/NavBar/Bento_Cases-Btn"), 5): Object 'Object Repository/Bento/NavBar/Bento_Cases-Btn' is clickable

2021-12-01 18:30:08 - [MESSAGE][PASSED] - Object 'Object Repository/Bento/NavBar/Bento_Cases-Btn' is clickable

2021-12-01 18:30:08 - [TEST_STEP][PASSED] - ctdc.utilities.runtestcaseforKatalon.clickTab("Object Repository/Bento/NavBar/Bento_Cases-Btn"): ctdc.utilities.runtestcaseforKatalon.clickTab is PASSED

2021-12-01 18:30:08 - [MESSAGE][PASSED] - ctdc.utilities.runtestcaseforKatalon.clickTab is PASSED

2021-12-01 18:30:08 - [TEST_STEP][PASSED] - waitForElementClickable(findTestObject("Bento/Cases_page/Filter/FilterByCases_Facet"), 5): Object 'Object Repository/Bento/Cases_page/Filter/FilterByCases_Facet' is clickable

2021-12-01 18:30:10 - [MESSAGE][PASSED] - Object 'Object Repository/Bento/Cases_page/Filter/FilterByCases_Facet' is clickable

2021-12-01 18:30:10 - [TEST_STEP][PASSED] - ctdc.utilities.runtestcaseforKatalon.clickTab("Bento/Cases_page/Filter/FilterByCases_Facet"): ctdc.utilities.runtestcaseforKatalon.clickTab is PASSED

2021-12-01 18:30:10 - [MESSAGE][PASSED] - ctdc.utilities.runtestcaseforKatalon.clickTab is PASSED

2021-12-01 18:30:10 - [TEST_STEP][PASSED] - waitForElementClickable(findTestObject("Bento/Cases_page/Filter/TumorSize/TumorSize_Ddn"), 5): Object 'Object Repository/Bento/Cases_page/Filter/TumorSize/TumorSize_Ddn' is clickable

2021-12-01 18:30:10 - [MESSAGE][PASSED] - Object 'Object Repository/Bento/Cases_page/Filter/TumorSize/TumorSize_Ddn' is clickable

2021-12-01 18:30:10 - [TEST_STEP][PASSED] - ctdc.utilities.runtestcaseforKatalon.clickTab("Bento/Cases_page/Filter/TumorSize/TumorSize_Ddn"): ctdc.utilities.runtestcaseforKatalon.clickTab is PASSED

2021-12-01 18:30:11 - [MESSAGE][PASSED] - ctdc.utilities.runtestcaseforKatalon.clickTab is PASSED

2021-12-01 18:30:11 - [TEST_STEP][PASSED] - ctdc.utilities.runtestcaseforKatalon.clickTab("Object Repository/Bento/Cases_page/Filter/TumorSize/2_to_3_Chkbx"): ctdc.utilities.runtestcaseforKatalon.clickTab is PASSED

2021-12-01 18:30:11 - [MESSAGE][PASSED] - ctdc.utilities.runtestcaseforKatalon.clickTab is PASSED

2021-12-01 18:30:11 - [TEST_STEP][PASSED] - ctdc.utilities.runtestcaseforKatalon.clickTab("Object Repository/Bento/Cases_page/Filter/TumorSize/TumorSize_Ddn"): ctdc.utilities.runtestcaseforKatalon.clickTab is PASSED

2021-12-01 18:30:12 - [MESSAGE][PASSED] - ctdc.utilities.runtestcaseforKatalon.clickTab is PASSED

2021-12-01 18:30:12 - [TEST_STEP][PASSED] - ctdc.utilities.runtestcaseforKatalon.readStatBarBento("Object Repository/Bento/StatBar/Bento_StatBar-Programs", "Object Repository/Bento/StatBar/Bento_StatBar-Arms", "Object Repository/Bento/StatBar/Bento_StatBar-Cases", "Object Repository/Bento/StatBar/Bento_StatBar-Samples", "Object Repository/Bento/StatBar/Bento_StatBar-Assays", "Object Repository/Bento/StatBar/Bento_StatBar-Files"): ctdc.utilities.runtestcaseforKatalon.readStatBarBento is PASSED

2021-12-01 18:30:20 - [MESSAGE][PASSED] - ctdc.utilities.runtestcaseforKatalon.readStatBarBento is PASSED

2021-12-01 18:30:20 - [TEST_STEP][PASSED] - ctdc.utilities.ReadExcel.Neo4j(G_CypherTabnameCases, G_QueryCasesTab): ctdc.utilities.ReadExcel.Neo4j is PASSED

2021-12-01 18:30:26 - [MESSAGE][PASSED] - ctdc.utilities.ReadExcel.Neo4j is PASSED

2021-12-01 18:30:26 - [TEST_STEP][PASSED] - ctdc.utilities.runtestcaseforKatalon.validateStatBar("Bento"): Statbar Files count matches

2021-12-01 18:30:26 - [MESSAGE][PASSED] - Statbar Programs count matches

2021-12-01 18:30:26 - [MESSAGE][PASSED] - Statbar Arms count matches

2021-12-01 18:30:26 - [MESSAGE][PASSED] - Statbar Cases count matches

2021-12-01 18:30:26 - [MESSAGE][PASSED] - Statbar Samples count matches

2021-12-01 18:30:26 - [MESSAGE][PASSED] - Statbar Assays count matches

2021-12-01 18:30:26 - [MESSAGE][PASSED] - Statbar Files count matches

2021-12-01 18:30:26 - [TEST_STEP][PASSED] - closeBrowser(): Browser is closed

2021-12-01 18:30:27 - [MESSAGE][PASSED] - Browser is closed]]></system-out>
         <system-err><![CDATA[]]></system-err>
      </testcase>
      <testcase name="Test Cases/Bento_TestCases/TumorSize/TC01_Bento_Filter_TumorSize-1-2" time="38.66" classname="Test Cases/Bento_TestCases/TumorSize/TC01_Bento_Filter_TumorSize-1-2" status="PASSED">
         <system-out><![CDATA[2021-12-01 18:30:27 - [TEST_CASE][PASSED] - Test Cases/Bento_TestCases/TumorSize/TC01_Bento_Filter_TumorSize-1-2: Test Cases/Bento_TestCases/TumorSize/TC01_Bento_Filter_TumorSize-1-2

2021-12-01 18:30:27 - [TEST_STEP][PASSED] - Start listener action : getTestScriptName: null

2021-12-01 18:30:27 - [TEST_STEP][PASSED] - TestCaseId = testCaseContext.getTestCaseId(): null

2021-12-01 18:30:27 - [TEST_STEP][PASSED] - out.println("**********this is the value of test case id string******** " + testCaseContext.getTestCaseId()): null

2021-12-01 18:30:27 - [TEST_STEP][PASSED] - G_currentTCName = TestCaseId.substring(TestCaseId.lastIndexOf("TC")): null

2021-12-01 18:30:27 - [TEST_STEP][PASSED] - out.println("This is the test case name : " + G_currentTCName): null

2021-12-01 18:30:28 - [TEST_STEP][PASSED] - closeBrowser(): Browser is closed

2021-12-01 18:30:28 - [MESSAGE][PASSED] - Browser is closed

2021-12-01 18:30:28 - [TEST_STEP][PASSED] - openBrowser(""): Browser is opened with url: ''

2021-12-01 18:30:28 - [MESSAGE][INFO] - Starting 'Chrome (headless)' driver

2021-12-01 18:30:28 - [MESSAGE][INFO] - User set preference: ['args', '[--no-sandbox]']

2021-12-01 18:30:28 - [MESSAGE][INFO] - Action delay is set to 0 milliseconds

2021-12-01 18:30:29 - [MESSAGE][PASSED] - Browser is opened with url: ''

2021-12-01 18:30:29 - [TEST_STEP][PASSED] - maximizeWindow(): Current window maximized

2021-12-01 18:30:29 - [MESSAGE][PASSED] - Current window maximized

2021-12-01 18:30:29 - [TEST_STEP][PASSED] - ctdc.utilities.runtestcaseforKatalon.RunKatalon("TC01_Bento_Filter_TumorSize-1-2.xlsx"): Data loaded from input file for the test case. 

2021-12-01 18:30:29 - [MESSAGE][PASSED] - Test case file loaded This is the full filepath after converting to string :C:\Users\sohilz2\Commons_Automation\InputFiles\TC01_Bento_Filter_TumorSize-1-2.xlsx

2021-12-01 18:30:29 - [MESSAGE][INFO] - Global variable set for password file is :  C:\Users\sohilz2\Commons_Automation\InputFiles\TC01_Bento_Filter_TumorSize-1-2.xlsx

2021-12-01 18:30:33 - [MESSAGE][PASSED] - Data loaded from input file for the test case. 

2021-12-01 18:30:46 - [TEST_STEP][PASSED] - waitForElementClickable(findTestObject("Object Repository/Bento/NavBar/Bento_Cases-Btn"), 5): Object 'Object Repository/Bento/NavBar/Bento_Cases-Btn' is clickable

2021-12-01 18:30:46 - [MESSAGE][PASSED] - Object 'Object Repository/Bento/NavBar/Bento_Cases-Btn' is clickable

2021-12-01 18:30:46 - [TEST_STEP][PASSED] - ctdc.utilities.runtestcaseforKatalon.clickTab("Object Repository/Bento/NavBar/Bento_Cases-Btn"): ctdc.utilities.runtestcaseforKatalon.clickTab is PASSED

2021-12-01 18:30:47 - [MESSAGE][PASSED] - ctdc.utilities.runtestcaseforKatalon.clickTab is PASSED

2021-12-01 18:30:47 - [TEST_STEP][PASSED] - waitForElementClickable(findTestObject("Bento/Cases_page/Filter/FilterByCases_Facet"), 5): Object 'Object Repository/Bento/Cases_page/Filter/FilterByCases_Facet' is clickable

2021-12-01 18:30:48 - [MESSAGE][PASSED] - Object 'Object Repository/Bento/Cases_page/Filter/FilterByCases_Facet' is clickable

2021-12-01 18:30:48 - [TEST_STEP][PASSED] - ctdc.utilities.runtestcaseforKatalon.clickTab("Bento/Cases_page/Filter/FilterByCases_Facet"): ctdc.utilities.runtestcaseforKatalon.clickTab is PASSED

2021-12-01 18:30:48 - [MESSAGE][PASSED] - ctdc.utilities.runtestcaseforKatalon.clickTab is PASSED

2021-12-01 18:30:48 - [TEST_STEP][PASSED] - waitForElementClickable(findTestObject("Bento/Cases_page/Filter/TumorSize/TumorSize_Ddn"), 5): Object 'Object Repository/Bento/Cases_page/Filter/TumorSize/TumorSize_Ddn' is clickable

2021-12-01 18:30:49 - [MESSAGE][PASSED] - Object 'Object Repository/Bento/Cases_page/Filter/TumorSize/TumorSize_Ddn' is clickable

2021-12-01 18:30:49 - [TEST_STEP][PASSED] - ctdc.utilities.runtestcaseforKatalon.clickTab("Bento/Cases_page/Filter/TumorSize/TumorSize_Ddn"): ctdc.utilities.runtestcaseforKatalon.clickTab is PASSED

2021-12-01 18:30:49 - [MESSAGE][PASSED] - ctdc.utilities.runtestcaseforKatalon.clickTab is PASSED

2021-12-01 18:30:49 - [TEST_STEP][PASSED] - ctdc.utilities.runtestcaseforKatalon.clickTab("Object Repository/Bento/Cases_page/Filter/TumorSize/1_to_2_Chkbx"): ctdc.utilities.runtestcaseforKatalon.clickTab is PASSED

2021-12-01 18:30:49 - [MESSAGE][PASSED] - ctdc.utilities.runtestcaseforKatalon.clickTab is PASSED

2021-12-01 18:30:49 - [TEST_STEP][PASSED] - ctdc.utilities.runtestcaseforKatalon.clickTab("Object Repository/Bento/Cases_page/Filter/TumorSize/TumorSize_Ddn"): ctdc.utilities.runtestcaseforKatalon.clickTab is PASSED

2021-12-01 18:30:50 - [MESSAGE][PASSED] - ctdc.utilities.runtestcaseforKatalon.clickTab is PASSED

2021-12-01 18:30:50 - [TEST_STEP][PASSED] - ctdc.utilities.runtestcaseforKatalon.readStatBarBento("Object Repository/Bento/StatBar/Bento_StatBar-Programs", "Object Repository/Bento/StatBar/Bento_StatBar-Arms", "Object Repository/Bento/StatBar/Bento_StatBar-Cases", "Object Repository/Bento/StatBar/Bento_StatBar-Samples", "Object Repository/Bento/StatBar/Bento_StatBar-Assays", "Object Repository/Bento/StatBar/Bento_StatBar-Files"): ctdc.utilities.runtestcaseforKatalon.readStatBarBento is PASSED

2021-12-01 18:30:59 - [MESSAGE][PASSED] - ctdc.utilities.runtestcaseforKatalon.readStatBarBento is PASSED

2021-12-01 18:30:59 - [TEST_STEP][PASSED] - ctdc.utilities.ReadExcel.Neo4j(G_CypherTabnameCases, G_QueryCasesTab): ctdc.utilities.ReadExcel.Neo4j is PASSED

2021-12-01 18:31:05 - [MESSAGE][PASSED] - ctdc.utilities.ReadExcel.Neo4j is PASSED

2021-12-01 18:31:05 - [TEST_STEP][PASSED] - ctdc.utilities.runtestcaseforKatalon.validateStatBar("Bento"): Statbar Files count matches

2021-12-01 18:31:05 - [MESSAGE][PASSED] - Statbar Programs count matches

2021-12-01 18:31:05 - [MESSAGE][PASSED] - Statbar Arms count matches

2021-12-01 18:31:05 - [MESSAGE][PASSED] - Statbar Cases count matches

2021-12-01 18:31:05 - [MESSAGE][PASSED] - Statbar Samples count matches

2021-12-01 18:31:05 - [MESSAGE][PASSED] - Statbar Assays count matches

2021-12-01 18:31:05 - [MESSAGE][PASSED] - Statbar Files count matches

2021-12-01 18:31:05 - [TEST_STEP][PASSED] - closeBrowser(): Browser is closed

2021-12-01 18:31:05 - [MESSAGE][PASSED] - Browser is closed]]></system-out>
         <system-err><![CDATA[]]></system-err>
      </testcase>
      <testcase name="Test Cases/Bento_TestCases/TumorSize/TC05_Bento_Filter_TumorSize-Above_4" time="40.935" classname="Test Cases/Bento_TestCases/TumorSize/TC05_Bento_Filter_TumorSize-Above_4" status="PASSED">
         <system-out><![CDATA[2021-12-01 18:31:05 - [TEST_CASE][PASSED] - Test Cases/Bento_TestCases/TumorSize/TC05_Bento_Filter_TumorSize-Above_4: Test Cases/Bento_TestCases/TumorSize/TC05_Bento_Filter_TumorSize-Above_4

2021-12-01 18:31:05 - [TEST_STEP][PASSED] - Start listener action : getTestScriptName: null

2021-12-01 18:31:05 - [TEST_STEP][PASSED] - TestCaseId = testCaseContext.getTestCaseId(): null

2021-12-01 18:31:05 - [TEST_STEP][PASSED] - out.println("**********this is the value of test case id string******** " + testCaseContext.getTestCaseId()): null

2021-12-01 18:31:05 - [TEST_STEP][PASSED] - G_currentTCName = TestCaseId.substring(TestCaseId.lastIndexOf("TC")): null

2021-12-01 18:31:05 - [TEST_STEP][PASSED] - out.println("This is the test case name : " + G_currentTCName): null

2021-12-01 18:31:06 - [TEST_STEP][PASSED] - closeBrowser(): Browser is closed

2021-12-01 18:31:06 - [MESSAGE][PASSED] - Browser is closed

2021-12-01 18:31:06 - [TEST_STEP][PASSED] - openBrowser(""): Browser is opened with url: ''

2021-12-01 18:31:06 - [MESSAGE][INFO] - Starting 'Chrome (headless)' driver

2021-12-01 18:31:06 - [MESSAGE][INFO] - User set preference: ['args', '[--no-sandbox]']

2021-12-01 18:31:07 - [MESSAGE][INFO] - Action delay is set to 0 milliseconds

2021-12-01 18:31:08 - [MESSAGE][PASSED] - Browser is opened with url: ''

2021-12-01 18:31:08 - [TEST_STEP][PASSED] - maximizeWindow(): Current window maximized

2021-12-01 18:31:08 - [MESSAGE][PASSED] - Current window maximized

2021-12-01 18:31:08 - [TEST_STEP][PASSED] - ctdc.utilities.runtestcaseforKatalon.RunKatalon("TC05_Bento_Filter_TumorSize-Above_4.xlsx"): Data loaded from input file for the test case. 

2021-12-01 18:31:08 - [MESSAGE][PASSED] - Test case file loaded This is the full filepath after converting to string :C:\Users\sohilz2\Commons_Automation\InputFiles\TC05_Bento_Filter_TumorSize-Above_4.xlsx

2021-12-01 18:31:08 - [MESSAGE][INFO] - Global variable set for password file is :  C:\Users\sohilz2\Commons_Automation\InputFiles\TC05_Bento_Filter_TumorSize-Above_4.xlsx

2021-12-01 18:31:12 - [MESSAGE][PASSED] - Data loaded from input file for the test case. 

2021-12-01 18:31:26 - [TEST_STEP][PASSED] - waitForElementClickable(findTestObject("Object Repository/Bento/NavBar/Bento_Cases-Btn"), 5): Object 'Object Repository/Bento/NavBar/Bento_Cases-Btn' is clickable

2021-12-01 18:31:26 - [MESSAGE][PASSED] - Object 'Object Repository/Bento/NavBar/Bento_Cases-Btn' is clickable

2021-12-01 18:31:26 - [TEST_STEP][PASSED] - ctdc.utilities.runtestcaseforKatalon.clickTab("Object Repository/Bento/NavBar/Bento_Cases-Btn"): ctdc.utilities.runtestcaseforKatalon.clickTab is PASSED

2021-12-01 18:31:27 - [MESSAGE][PASSED] - ctdc.utilities.runtestcaseforKatalon.clickTab is PASSED

2021-12-01 18:31:27 - [TEST_STEP][PASSED] - waitForElementClickable(findTestObject("Bento/Cases_page/Filter/FilterByCases_Facet"), 5): Object 'Object Repository/Bento/Cases_page/Filter/FilterByCases_Facet' is clickable

2021-12-01 18:31:28 - [MESSAGE][PASSED] - Object 'Object Repository/Bento/Cases_page/Filter/FilterByCases_Facet' is clickable

2021-12-01 18:31:28 - [TEST_STEP][PASSED] - ctdc.utilities.runtestcaseforKatalon.clickTab("Bento/Cases_page/Filter/FilterByCases_Facet"): ctdc.utilities.runtestcaseforKatalon.clickTab is PASSED

2021-12-01 18:31:29 - [MESSAGE][PASSED] - ctdc.utilities.runtestcaseforKatalon.clickTab is PASSED

2021-12-01 18:31:29 - [TEST_STEP][PASSED] - waitForElementClickable(findTestObject("Bento/Cases_page/Filter/TumorSize/TumorSize_Ddn"), 5): Object 'Object Repository/Bento/Cases_page/Filter/TumorSize/TumorSize_Ddn' is clickable

2021-12-01 18:31:29 - [MESSAGE][PASSED] - Object 'Object Repository/Bento/Cases_page/Filter/TumorSize/TumorSize_Ddn' is clickable

2021-12-01 18:31:29 - [TEST_STEP][PASSED] - ctdc.utilities.runtestcaseforKatalon.clickTab("Bento/Cases_page/Filter/TumorSize/TumorSize_Ddn"): ctdc.utilities.runtestcaseforKatalon.clickTab is PASSED

2021-12-01 18:31:29 - [MESSAGE][PASSED] - ctdc.utilities.runtestcaseforKatalon.clickTab is PASSED

2021-12-01 18:31:29 - [TEST_STEP][PASSED] - ctdc.utilities.runtestcaseforKatalon.clickTab("Object Repository/Bento/Cases_page/Filter/TumorSize/Above_4_Chkbx"): ctdc.utilities.runtestcaseforKatalon.clickTab is PASSED

2021-12-01 18:31:30 - [MESSAGE][PASSED] - ctdc.utilities.runtestcaseforKatalon.clickTab is PASSED

2021-12-01 18:31:30 - [TEST_STEP][PASSED] - ctdc.utilities.runtestcaseforKatalon.clickTab("Object Repository/Bento/Cases_page/Filter/TumorSize/TumorSize_Ddn"): ctdc.utilities.runtestcaseforKatalon.clickTab is PASSED

2021-12-01 18:31:31 - [MESSAGE][PASSED] - ctdc.utilities.runtestcaseforKatalon.clickTab is PASSED

2021-12-01 18:31:31 - [TEST_STEP][PASSED] - ctdc.utilities.runtestcaseforKatalon.readStatBarBento("Object Repository/Bento/StatBar/Bento_StatBar-Programs", "Object Repository/Bento/StatBar/Bento_StatBar-Arms", "Object Repository/Bento/StatBar/Bento_StatBar-Cases", "Object Repository/Bento/StatBar/Bento_StatBar-Samples", "Object Repository/Bento/StatBar/Bento_StatBar-Assays", "Object Repository/Bento/StatBar/Bento_StatBar-Files"): ctdc.utilities.runtestcaseforKatalon.readStatBarBento is PASSED

2021-12-01 18:31:40 - [MESSAGE][PASSED] - ctdc.utilities.runtestcaseforKatalon.readStatBarBento is PASSED

2021-12-01 18:31:40 - [TEST_STEP][PASSED] - ctdc.utilities.ReadExcel.Neo4j(G_CypherTabnameCases, G_QueryCasesTab): ctdc.utilities.ReadExcel.Neo4j is PASSED

2021-12-01 18:31:46 - [MESSAGE][PASSED] - ctdc.utilities.ReadExcel.Neo4j is PASSED

2021-12-01 18:31:46 - [TEST_STEP][PASSED] - ctdc.utilities.runtestcaseforKatalon.validateStatBar("Bento"): Statbar Files count matches

2021-12-01 18:31:46 - [MESSAGE][PASSED] - Statbar Programs count matches

2021-12-01 18:31:46 - [MESSAGE][PASSED] - Statbar Arms count matches

2021-12-01 18:31:46 - [MESSAGE][PASSED] - Statbar Cases count matches

2021-12-01 18:31:46 - [MESSAGE][PASSED] - Statbar Samples count matches

2021-12-01 18:31:46 - [MESSAGE][PASSED] - Statbar Assays count matches

2021-12-01 18:31:46 - [MESSAGE][PASSED] - Statbar Files count matches

2021-12-01 18:31:46 - [TEST_STEP][PASSED] - closeBrowser(): Browser is closed

2021-12-01 18:31:46 - [MESSAGE][PASSED] - Browser is closed]]></system-out>
         <system-err><![CDATA[]]></system-err>
      </testcase>
      <testcase name="Test Cases/Bento_TestCases/TumorSize/TC06_Bento_Filter_TumorSize-NotReported" time="39.802" classname="Test Cases/Bento_TestCases/TumorSize/TC06_Bento_Filter_TumorSize-NotReported" status="PASSED">
         <system-out><![CDATA[2021-12-01 18:31:46 - [TEST_CASE][PASSED] - Test Cases/Bento_TestCases/TumorSize/TC06_Bento_Filter_TumorSize-NotReported: Test Cases/Bento_TestCases/TumorSize/TC06_Bento_Filter_TumorSize-NotReported

2021-12-01 18:31:46 - [TEST_STEP][PASSED] - Start listener action : getTestScriptName: null

2021-12-01 18:31:46 - [TEST_STEP][PASSED] - TestCaseId = testCaseContext.getTestCaseId(): null

2021-12-01 18:31:46 - [TEST_STEP][PASSED] - out.println("**********this is the value of test case id string******** " + testCaseContext.getTestCaseId()): null

2021-12-01 18:31:46 - [TEST_STEP][PASSED] - G_currentTCName = TestCaseId.substring(TestCaseId.lastIndexOf("TC")): null

2021-12-01 18:31:46 - [TEST_STEP][PASSED] - out.println("This is the test case name : " + G_currentTCName): null

2021-12-01 18:31:48 - [TEST_STEP][PASSED] - closeBrowser(): Browser is closed

2021-12-01 18:31:48 - [MESSAGE][PASSED] - Browser is closed

2021-12-01 18:31:48 - [TEST_STEP][PASSED] - openBrowser(""): Browser is opened with url: ''

2021-12-01 18:31:48 - [MESSAGE][INFO] - Starting 'Chrome (headless)' driver

2021-12-01 18:31:48 - [MESSAGE][INFO] - User set preference: ['args', '[--no-sandbox]']

2021-12-01 18:31:48 - [MESSAGE][INFO] - Action delay is set to 0 milliseconds

2021-12-01 18:31:49 - [MESSAGE][PASSED] - Browser is opened with url: ''

2021-12-01 18:31:49 - [TEST_STEP][PASSED] - maximizeWindow(): Current window maximized

2021-12-01 18:31:49 - [MESSAGE][PASSED] - Current window maximized

2021-12-01 18:31:49 - [TEST_STEP][PASSED] - ctdc.utilities.runtestcaseforKatalon.RunKatalon("TC06_Bento_Filter_TumorSize-NotReported.xlsx"): Data loaded from input file for the test case. 

2021-12-01 18:31:49 - [MESSAGE][PASSED] - Test case file loaded This is the full filepath after converting to string :C:\Users\sohilz2\Commons_Automation\InputFiles\TC06_Bento_Filter_TumorSize-NotReported.xlsx

2021-12-01 18:31:49 - [MESSAGE][INFO] - Global variable set for password file is :  C:\Users\sohilz2\Commons_Automation\InputFiles\TC06_Bento_Filter_TumorSize-NotReported.xlsx

2021-12-01 18:31:53 - [MESSAGE][PASSED] - Data loaded from input file for the test case. 

2021-12-01 18:32:07 - [TEST_STEP][PASSED] - waitForElementClickable(findTestObject("Object Repository/Bento/NavBar/Bento_Cases-Btn"), 5): Object 'Object Repository/Bento/NavBar/Bento_Cases-Btn' is clickable

2021-12-01 18:32:07 - [MESSAGE][PASSED] - Object 'Object Repository/Bento/NavBar/Bento_Cases-Btn' is clickable

2021-12-01 18:32:07 - [TEST_STEP][PASSED] - ctdc.utilities.runtestcaseforKatalon.clickTab("Object Repository/Bento/NavBar/Bento_Cases-Btn"): ctdc.utilities.runtestcaseforKatalon.clickTab is PASSED

2021-12-01 18:32:07 - [MESSAGE][PASSED] - ctdc.utilities.runtestcaseforKatalon.clickTab is PASSED

2021-12-01 18:32:07 - [TEST_STEP][PASSED] - waitForElementClickable(findTestObject("Bento/Cases_page/Filter/FilterByCases_Facet"), 5): Object 'Object Repository/Bento/Cases_page/Filter/FilterByCases_Facet' is clickable

2021-12-01 18:32:08 - [MESSAGE][PASSED] - Object 'Object Repository/Bento/Cases_page/Filter/FilterByCases_Facet' is clickable

2021-12-01 18:32:08 - [TEST_STEP][PASSED] - ctdc.utilities.runtestcaseforKatalon.clickTab("Bento/Cases_page/Filter/FilterByCases_Facet"): ctdc.utilities.runtestcaseforKatalon.clickTab is PASSED

2021-12-01 18:32:09 - [MESSAGE][PASSED] - ctdc.utilities.runtestcaseforKatalon.clickTab is PASSED

2021-12-01 18:32:09 - [TEST_STEP][PASSED] - waitForElementClickable(findTestObject("Bento/Cases_page/Filter/TumorSize/TumorSize_Ddn"), 5): Object 'Object Repository/Bento/Cases_page/Filter/TumorSize/TumorSize_Ddn' is clickable

2021-12-01 18:32:09 - [MESSAGE][PASSED] - Object 'Object Repository/Bento/Cases_page/Filter/TumorSize/TumorSize_Ddn' is clickable

2021-12-01 18:32:09 - [TEST_STEP][PASSED] - ctdc.utilities.runtestcaseforKatalon.clickTab("Bento/Cases_page/Filter/TumorSize/TumorSize_Ddn"): ctdc.utilities.runtestcaseforKatalon.clickTab is PASSED

2021-12-01 18:32:09 - [MESSAGE][PASSED] - ctdc.utilities.runtestcaseforKatalon.clickTab is PASSED

2021-12-01 18:32:09 - [TEST_STEP][PASSED] - ctdc.utilities.runtestcaseforKatalon.clickTab("Object Repository/Bento/Cases_page/Filter/TumorSize/NotReported_Chkbx"): ctdc.utilities.runtestcaseforKatalon.clickTab is PASSED

2021-12-01 18:32:10 - [MESSAGE][PASSED] - ctdc.utilities.runtestcaseforKatalon.clickTab is PASSED

2021-12-01 18:32:10 - [TEST_STEP][PASSED] - ctdc.utilities.runtestcaseforKatalon.clickTab("Object Repository/Bento/Cases_page/Filter/TumorSize/TumorSize_Ddn"): ctdc.utilities.runtestcaseforKatalon.clickTab is PASSED

2021-12-01 18:32:11 - [MESSAGE][PASSED] - ctdc.utilities.runtestcaseforKatalon.clickTab is PASSED

2021-12-01 18:32:11 - [TEST_STEP][PASSED] - ctdc.utilities.runtestcaseforKatalon.readStatBarBento("Object Repository/Bento/StatBar/Bento_StatBar-Programs", "Object Repository/Bento/StatBar/Bento_StatBar-Arms", "Object Repository/Bento/StatBar/Bento_StatBar-Cases", "Object Repository/Bento/StatBar/Bento_StatBar-Samples", "Object Repository/Bento/StatBar/Bento_StatBar-Assays", "Object Repository/Bento/StatBar/Bento_StatBar-Files"): ctdc.utilities.runtestcaseforKatalon.readStatBarBento is PASSED

2021-12-01 18:32:20 - [MESSAGE][PASSED] - ctdc.utilities.runtestcaseforKatalon.readStatBarBento is PASSED

2021-12-01 18:32:20 - [TEST_STEP][PASSED] - ctdc.utilities.ReadExcel.Neo4j(G_CypherTabnameCases, G_QueryCasesTab): ctdc.utilities.ReadExcel.Neo4j is PASSED

2021-12-01 18:32:25 - [MESSAGE][PASSED] - ctdc.utilities.ReadExcel.Neo4j is PASSED

2021-12-01 18:32:25 - [TEST_STEP][PASSED] - ctdc.utilities.runtestcaseforKatalon.validateStatBar("Bento"): Statbar Files count matches

2021-12-01 18:32:26 - [MESSAGE][PASSED] - Statbar Programs count matches

2021-12-01 18:32:26 - [MESSAGE][PASSED] - Statbar Arms count matches

2021-12-01 18:32:26 - [MESSAGE][PASSED] - Statbar Cases count matches

2021-12-01 18:32:26 - [MESSAGE][PASSED] - Statbar Samples count matches

2021-12-01 18:32:26 - [MESSAGE][PASSED] - Statbar Assays count matches

2021-12-01 18:32:26 - [MESSAGE][PASSED] - Statbar Files count matches

2021-12-01 18:32:26 - [TEST_STEP][PASSED] - closeBrowser(): Browser is closed

2021-12-01 18:32:26 - [MESSAGE][PASSED] - Browser is closed]]></system-out>
         <system-err><![CDATA[]]></system-err>
      </testcase>
      <system-out><![CDATA[2021-12-01 17:09:29 - [TEST_SUITE][PASSED] - Bento_Partial_Regression: Test Cases/Bento_TestCases/TumorSize/TC06_Bento_Filter_TumorSize-NotReported]]></system-out>
      <system-err><![CDATA[]]></system-err>
   </testsuite>
</testsuites>
