<?xml version="1.0" encoding="UTF-8"?>
<testsuites name="ICDC_Regression1" time="81.07" tests="1" failures="0" errors="0">
   <testsuite name="ICDC_Regression1" tests="1" failures="0" errors="0" time="81.07" skipped="0" timestamp="2021-07-14 15:00:38" hostname="lollal - NCI-02158064-L.nci.nih.gov" id="Test Suites/ICDC_Regression1">
      <properties>
         <property name="deviceName" value=""/>
         <property name="devicePlatform" value=""/>
         <property name="logFolder" value="C:\\Automation_master\\Reports\\20210714_150033\\ICDC_Regression1\\20210714_150033"/>
         <property name="logFiles" value="C:\\Automation_master\\Reports\\20210714_150033\\ICDC_Regression1\\20210714_150033\\execution0.log"/>
         <property name="attachments" value=""/>
         <property name="hostName" value="lollal - NCI-02158064-L.nci.nih.gov"/>
         <property name="os" value="Windows 10 64bit"/>
         <property name="katalonVersion" value="8.0.5.208"/>
         <property name="browser" value="Chrome 91.0.4472.124"/>
         <property name="hostAddress" value="10.242.15.121"/>
         <property name="sessionId" value="5afc3afe581f8b9d998c229594cda930"/>
         <property name="seleniumVersion" value="3.141.59"/>
         <property name="proxyInformation" value="ProxyInformation { proxyOption=NO_PROXY, proxyServerType=HTTP, username=, password=********, proxyServerAddress=, proxyServerPort=0, executionList=&quot;&quot;, isApplyToDesiredCapabilities=true }"/>
         <property name="platform" value="Windows 10"/>
      </properties>
      <testcase name="Test Cases/Canine_TestCases/StudyCombinations/Study-Combinations-UBC01/TC03_Canine_StudyUBC-Breed_Diagnosis_PrimDiseaseSite" time="78.789" classname="Test Cases/Canine_TestCases/StudyCombinations/Study-Combinations-UBC01/TC03_Canine_StudyUBC-Breed_Diagnosis_PrimDiseaseSite" status="PASSED">
         <system-out><![CDATA[2021-07-14 15:00:40 - [TEST_CASE][PASSED] - Test Cases/Canine_TestCases/StudyCombinations/Study-Combinations-UBC01/TC03_Canine_StudyUBC-Breed_Diagnosis_PrimDiseaseSite: Test Cases/Canine_TestCases/StudyCombinations/Study-Combinations-UBC01/TC03_Canine_StudyUBC-Breed_Diagnosis_PrimDiseaseSite

2021-07-14 15:00:40 - [TEST_STEP][PASSED] - Start listener action : getTestScriptName: null

2021-07-14 15:00:40 - [TEST_STEP][PASSED] - TestCaseId = testCaseContext.getTestCaseId(): null

2021-07-14 15:00:40 - [TEST_STEP][PASSED] - out.println("**********this is the value of test case id string******** " + testCaseContext.getTestCaseId()): null

2021-07-14 15:00:40 - [TEST_STEP][PASSED] - G_currentTCName = TestCaseId.substring(TestCaseId.lastIndexOf("TC")): null

2021-07-14 15:00:40 - [TEST_STEP][PASSED] - out.println("This is the test case name : " + G_currentTCName): null

2021-07-14 15:00:41 - [TEST_STEP][PASSED] - closeBrowser(): Browser is closed

2021-07-14 15:00:41 - [MESSAGE][PASSED] - Browser is closed

2021-07-14 15:00:41 - [TEST_STEP][PASSED] - "Driver opened by Katalon is used in Selenium from this step.": null

2021-07-14 15:00:41 - [TEST_STEP][PASSED] - ctdc.utilities.runtestcaseforKatalon.RunKatalon("TC03_Canine_StudyUBC-Breed_Diagnosis_PrimDiseaseSite.xlsx"): Data loaded from input file for the test case. 

2021-07-14 15:00:41 - [MESSAGE][PASSED] - Test case file loaded This is the full filepath after converting to string :C:\Automation_master\InputFiles\TC03_Canine_StudyUBC-Breed_Diagnosis_PrimDiseaseSite.xlsx

2021-07-14 15:00:41 - [MESSAGE][INFO] - Global variable set for password file is :  C:\Automation_master\InputFiles\TC03_Canine_StudyUBC-Breed_Diagnosis_PrimDiseaseSite.xlsx

2021-07-14 15:00:46 - [MESSAGE][PASSED] - Data loaded from input file for the test case. 

2021-07-14 15:01:07 - [TEST_STEP][PASSED] - waitForElementPresent(findTestObject("Canine/NavBar/Canine_Cases_Btn"), 10): Object 'Object Repository/Canine/NavBar/Canine_Cases_Btn' is present

2021-07-14 15:01:07 - [MESSAGE][PASSED] - Object 'Object Repository/Canine/NavBar/Canine_Cases_Btn' is present

2021-07-14 15:01:07 - [TEST_STEP][PASSED] - ctdc.utilities.runtestcaseforKatalon.clickTab("Canine/NavBar/Canine_Cases_Btn"): ctdc.utilities.runtestcaseforKatalon.clickTab is PASSED

2021-07-14 15:01:07 - [MESSAGE][PASSED] - ctdc.utilities.runtestcaseforKatalon.clickTab is PASSED

2021-07-14 15:01:07 - [TEST_STEP][PASSED] - waitForElementPresent(findTestObject("Object Repository/Canine/Filter/FilterByCases_Facet"), 10): Object 'Object Repository/Canine/Filter/FilterByCases_Facet' is present

2021-07-14 15:01:08 - [MESSAGE][PASSED] - Object 'Object Repository/Canine/Filter/FilterByCases_Facet' is present

2021-07-14 15:01:08 - [TEST_STEP][PASSED] - ctdc.utilities.runtestcaseforKatalon.clickTab("Object Repository/Canine/Filter/FilterByCases_Facet"): ctdc.utilities.runtestcaseforKatalon.clickTab is PASSED

2021-07-14 15:01:09 - [MESSAGE][PASSED] - ctdc.utilities.runtestcaseforKatalon.clickTab is PASSED

2021-07-14 15:01:09 - [TEST_STEP][PASSED] - waitForElementPresent(findTestObject("Object Repository/Canine/Filter/Study/Canine_Filter_Study"), 10): Object 'Object Repository/Canine/Filter/Study/Canine_Filter_Study' is present

2021-07-14 15:01:09 - [MESSAGE][PASSED] - Object 'Object Repository/Canine/Filter/Study/Canine_Filter_Study' is present

2021-07-14 15:01:09 - [TEST_STEP][PASSED] - ctdc.utilities.runtestcaseforKatalon.clickTab("Object Repository/Canine/Filter/Study/Canine_Filter_Study"): ctdc.utilities.runtestcaseforKatalon.clickTab is PASSED

2021-07-14 15:01:10 - [MESSAGE][PASSED] - ctdc.utilities.runtestcaseforKatalon.clickTab is PASSED

2021-07-14 15:01:10 - [TEST_STEP][PASSED] - waitForElementPresent(findTestObject("Object Repository/Canine/Filter/Study/Canine_Filter_Study-UBC_Chkbx"), 10): Object 'Object Repository/Canine/Filter/Study/Canine_Filter_Study-UBC_Chkbx' is present

2021-07-14 15:01:10 - [MESSAGE][PASSED] - Object 'Object Repository/Canine/Filter/Study/Canine_Filter_Study-UBC_Chkbx' is present

2021-07-14 15:01:10 - [TEST_STEP][PASSED] - ctdc.utilities.runtestcaseforKatalon.clickTab("Object Repository/Canine/Filter/Study/Canine_Filter_Study-UBC_Chkbx"): ctdc.utilities.runtestcaseforKatalon.clickTab is PASSED

2021-07-14 15:01:10 - [MESSAGE][PASSED] - ctdc.utilities.runtestcaseforKatalon.clickTab is PASSED

2021-07-14 15:01:10 - [TEST_STEP][PASSED] - Thread.sleep(2000): null

2021-07-14 15:01:12 - [TEST_STEP][PASSED] - waitForElementPresent(findTestObject("Object Repository/Canine/Filter/Breed/BREED_Ddn"), 10): Object 'Object Repository/Canine/Filter/Breed/BREED_Ddn' is present

2021-07-14 15:01:13 - [MESSAGE][PASSED] - Object 'Object Repository/Canine/Filter/Breed/BREED_Ddn' is present

2021-07-14 15:01:13 - [TEST_STEP][PASSED] - ctdc.utilities.runtestcaseforKatalon.clickTab("Object Repository/Canine/Filter/Breed/BREED_Ddn"): ctdc.utilities.runtestcaseforKatalon.clickTab is PASSED

2021-07-14 15:01:13 - [MESSAGE][PASSED] - ctdc.utilities.runtestcaseforKatalon.clickTab is PASSED

2021-07-14 15:01:13 - [TEST_STEP][PASSED] - waitForElementPresent(findTestObject("Object Repository/Canine/Filter/Breed/IrishTerr_Chkbx"), 10): Object 'Object Repository/Canine/Filter/Breed/IrishTerr_Chkbx' is present

2021-07-14 15:01:13 - [MESSAGE][PASSED] - Object 'Object Repository/Canine/Filter/Breed/IrishTerr_Chkbx' is present

2021-07-14 15:01:13 - [TEST_STEP][PASSED] - ctdc.utilities.runtestcaseforKatalon.clickTab("Object Repository/Canine/Filter/Breed/IrishTerr_Chkbx"): ctdc.utilities.runtestcaseforKatalon.clickTab is PASSED

2021-07-14 15:01:13 - [MESSAGE][PASSED] - ctdc.utilities.runtestcaseforKatalon.clickTab is PASSED

2021-07-14 15:01:13 - [TEST_STEP][PASSED] - waitForElementPresent(findTestObject("Object Repository/Canine/Filter/Breed/MiniaturePinscher_Chkbx"), 10): Object 'Object Repository/Canine/Filter/Breed/MiniaturePinscher_Chkbx' is present

2021-07-14 15:01:13 - [MESSAGE][PASSED] - Object 'Object Repository/Canine/Filter/Breed/MiniaturePinscher_Chkbx' is present

2021-07-14 15:01:13 - [TEST_STEP][PASSED] - ctdc.utilities.runtestcaseforKatalon.clickTab("Object Repository/Canine/Filter/Breed/MiniaturePinscher_Chkbx"): ctdc.utilities.runtestcaseforKatalon.clickTab is PASSED

2021-07-14 15:01:13 - [MESSAGE][PASSED] - ctdc.utilities.runtestcaseforKatalon.clickTab is PASSED

2021-07-14 15:01:13 - [TEST_STEP][PASSED] - waitForElementPresent(findTestObject("Object Repository/Canine/Filter/Breed/Poodle_Chkbx"), 10): Object 'Object Repository/Canine/Filter/Breed/Poodle_Chkbx' is present

2021-07-14 15:01:14 - [MESSAGE][PASSED] - Object 'Object Repository/Canine/Filter/Breed/Poodle_Chkbx' is present

2021-07-14 15:01:14 - [TEST_STEP][PASSED] - ctdc.utilities.runtestcaseforKatalon.clickTab("Object Repository/Canine/Filter/Breed/Poodle_Chkbx"): ctdc.utilities.runtestcaseforKatalon.clickTab is PASSED

2021-07-14 15:01:14 - [MESSAGE][PASSED] - ctdc.utilities.runtestcaseforKatalon.clickTab is PASSED

2021-07-14 15:01:14 - [TEST_STEP][PASSED] - ctdc.utilities.runtestcaseforKatalon.clickTab("Object Repository/Canine/Filter/Breed/BREED_Ddn"): ctdc.utilities.runtestcaseforKatalon.clickTab is PASSED

2021-07-14 15:01:14 - [MESSAGE][PASSED] - ctdc.utilities.runtestcaseforKatalon.clickTab is PASSED

2021-07-14 15:01:14 - [TEST_STEP][PASSED] - Thread.sleep(2000): null

2021-07-14 15:01:16 - [TEST_STEP][PASSED] - waitForElementPresent(findTestObject("Object Repository/Canine/Filter/Diagnosis/DIAGNOSIS_Ddn"), 10): Object 'Object Repository/Canine/Filter/Diagnosis/DIAGNOSIS_Ddn' is present

2021-07-14 15:01:16 - [MESSAGE][PASSED] - Object 'Object Repository/Canine/Filter/Diagnosis/DIAGNOSIS_Ddn' is present

2021-07-14 15:01:16 - [TEST_STEP][PASSED] - ctdc.utilities.runtestcaseforKatalon.clickTab("Object Repository/Canine/Filter/Diagnosis/DIAGNOSIS_Ddn"): ctdc.utilities.runtestcaseforKatalon.clickTab is PASSED

2021-07-14 15:01:17 - [MESSAGE][PASSED] - ctdc.utilities.runtestcaseforKatalon.clickTab is PASSED

2021-07-14 15:01:17 - [TEST_STEP][PASSED] - waitForElementPresent(findTestObject("Object Repository/Canine/Filter/Diagnosis/BladderCancer_Chkbx"), 10): Object 'Object Repository/Canine/Filter/Diagnosis/BladderCancer_Chkbx' is present

2021-07-14 15:01:17 - [MESSAGE][PASSED] - Object 'Object Repository/Canine/Filter/Diagnosis/BladderCancer_Chkbx' is present

2021-07-14 15:01:17 - [TEST_STEP][PASSED] - ctdc.utilities.runtestcaseforKatalon.clickTab("Object Repository/Canine/Filter/Diagnosis/BladderCancer_Chkbx"): ctdc.utilities.runtestcaseforKatalon.clickTab is PASSED

2021-07-14 15:01:17 - [MESSAGE][PASSED] - ctdc.utilities.runtestcaseforKatalon.clickTab is PASSED

2021-07-14 15:01:17 - [TEST_STEP][PASSED] - ctdc.utilities.runtestcaseforKatalon.clickTab("Object Repository/Canine/Filter/Diagnosis/DIAGNOSIS_Ddn"): ctdc.utilities.runtestcaseforKatalon.clickTab is PASSED

2021-07-14 15:01:17 - [MESSAGE][PASSED] - ctdc.utilities.runtestcaseforKatalon.clickTab is PASSED

2021-07-14 15:01:17 - [TEST_STEP][PASSED] - Thread.sleep(2000): null

2021-07-14 15:01:19 - [TEST_STEP][PASSED] - waitForElementPresent(findTestObject("Object Repository/Canine/Filter/PrimDiseaseSite/PRIMARYDISEASESITE_Ddn"), 10): Object 'Object Repository/Canine/Filter/PrimDiseaseSite/PRIMARYDISEASESITE_Ddn' is present

2021-07-14 15:01:20 - [MESSAGE][PASSED] - Object 'Object Repository/Canine/Filter/PrimDiseaseSite/PRIMARYDISEASESITE_Ddn' is present

2021-07-14 15:01:20 - [TEST_STEP][PASSED] - ctdc.utilities.runtestcaseforKatalon.clickTab("Object Repository/Canine/Filter/PrimDiseaseSite/PRIMARYDISEASESITE_Ddn"): ctdc.utilities.runtestcaseforKatalon.clickTab is PASSED

2021-07-14 15:01:20 - [MESSAGE][PASSED] - ctdc.utilities.runtestcaseforKatalon.clickTab is PASSED

2021-07-14 15:01:20 - [TEST_STEP][PASSED] - waitForElementPresent(findTestObject("Object Repository/Canine/Filter/PrimDiseaseSite/BladderUrethra_Chkbx"), 10): Object 'Object Repository/Canine/Filter/PrimDiseaseSite/BladderUrethra_Chkbx' is present

2021-07-14 15:01:20 - [MESSAGE][PASSED] - Object 'Object Repository/Canine/Filter/PrimDiseaseSite/BladderUrethra_Chkbx' is present

2021-07-14 15:01:20 - [TEST_STEP][PASSED] - Thread.sleep(2000): null

2021-07-14 15:01:22 - [TEST_STEP][PASSED] - ctdc.utilities.runtestcaseforKatalon.clickTab("Object Repository/Canine/Filter/PrimDiseaseSite/BladderUrethra_Chkbx"): ctdc.utilities.runtestcaseforKatalon.clickTab is PASSED

2021-07-14 15:01:22 - [MESSAGE][PASSED] - ctdc.utilities.runtestcaseforKatalon.clickTab is PASSED

2021-07-14 15:01:22 - [TEST_STEP][PASSED] - ctdc.utilities.runtestcaseforKatalon.clickTab("Object Repository/Canine/Filter/PrimDiseaseSite/PRIMARYDISEASESITE_Ddn"): ctdc.utilities.runtestcaseforKatalon.clickTab is PASSED

2021-07-14 15:01:23 - [MESSAGE][PASSED] - ctdc.utilities.runtestcaseforKatalon.clickTab is PASSED

2021-07-14 15:01:23 - [TEST_STEP][PASSED] - Thread.sleep(2000): null

2021-07-14 15:01:25 - [TEST_STEP][PASSED] - ctdc.utilities.runtestcaseforKatalon.readStatBarCanine("Object Repository/Canine/StatBar/Canine_StatBar-Studies", "Object Repository/Canine/StatBar/Canine_StatBar-Cases", "Object Repository/Canine/StatBar/Canine_StatBar-Samples", "Object Repository/Canine/StatBar/Canine_StatBar-Files", "Object Repository/Canine/StatBar/Canine_StatBar-Aliquots"): ctdc.utilities.runtestcaseforKatalon.readStatBarCanine is PASSED

2021-07-14 15:01:40 - [MESSAGE][PASSED] - ctdc.utilities.runtestcaseforKatalon.readStatBarCanine is PASSED

2021-07-14 15:01:40 - [TEST_STEP][PASSED] - waitForElementPresent(findTestObject("Object Repository/Canine/CanineResults_Cases_Tab"), 5): Object 'Object Repository/Canine/CanineResults_Cases_Tab' is present

2021-07-14 15:01:40 - [MESSAGE][PASSED] - Object 'Object Repository/Canine/CanineResults_Cases_Tab' is present

2021-07-14 15:01:40 - [TEST_STEP][PASSED] - ctdc.utilities.runtestcaseforKatalon.clickTab("Object Repository/Canine/CanineResults_Cases_Tab"): ctdc.utilities.runtestcaseforKatalon.clickTab is PASSED

2021-07-14 15:01:41 - [MESSAGE][PASSED] - ctdc.utilities.runtestcaseforKatalon.clickTab is PASSED

2021-07-14 15:01:41 - [TEST_STEP][PASSED] - ctdc.utilities.runtestcaseforKatalon.multiFunction("ICDC", G_StatBar_Cases, "Object Repository/Canine/Canine_CasesTable", "Object Repository/Canine/Canine_TableHeader", "Object Repository/Canine/Canine_CasesTabNextBtn", G_WebTabnameCases, G_CypherTabnameCases, G_QueryCasesTab): Statbar Arms count matches

2021-07-14 15:01:58 - [MESSAGE][PASSED] - Statbar Files count matches

2021-07-14 15:01:58 - [MESSAGE][PASSED] - Statbar Samples count matches

2021-07-14 15:01:58 - [MESSAGE][PASSED] - Statbar Cases count matches

2021-07-14 15:01:58 - [MESSAGE][PASSED] - Statbar Arms count matches

2021-07-14 15:01:58 - [TEST_STEP][PASSED] - closeBrowser(): Browser is closed

2021-07-14 15:01:59 - [MESSAGE][PASSED] - Browser is closed]]></system-out>
         <system-err><![CDATA[]]></system-err>
      </testcase>
      <system-out><![CDATA[2021-07-14 15:00:38 - [TEST_SUITE][PASSED] - ICDC_Regression1: Test Cases/Canine_TestCases/StudyCombinations/Study-Combinations-UBC01/TC03_Canine_StudyUBC-Breed_Diagnosis_PrimDiseaseSite]]></system-out>
      <system-err><![CDATA[]]></system-err>
   </testsuite>
</testsuites>
