<?xml version="1.0" encoding="UTF-8"?>
<testsuites name="Bento_QuickRun" time="57.114" tests="1" failures="0" errors="0">
   <testsuite name="Bento_QuickRun" tests="1" failures="0" errors="0" time="57.114" skipped="0" timestamp="2022-05-23 16:08:40" hostname="sohilz2 - host.docker.internal" id="Test Suites/Bento_QuickRun">
      <properties>
         <property name="deviceName" value=""/>
         <property name="devicePlatform" value=""/>
         <property name="logFolder" value="C:\\Users\\sohilz2\\Documents\\GitHub\\Commons_Automation\\Reports\\20220523_160834\\Bento_QuickRun\\20220523_160834"/>
         <property name="logFiles" value="C:\\Users\\sohilz2\\Documents\\GitHub\\Commons_Automation\\Reports\\20220523_160834\\Bento_QuickRun\\20220523_160834\\execution0.log"/>
         <property name="attachments" value=""/>
         <property name="hostName" value="sohilz2 - host.docker.internal"/>
         <property name="os" value="Windows 10 64bit"/>
         <property name="katalonVersion" value="8.2.0.208"/>
         <property name="browser" value="Chrome 101.0.4951.67"/>
         <property name="hostAddress" value="192.168.0.86"/>
         <property name="sessionId" value="297f248883f66d7f9af275963072d0e7"/>
         <property name="seleniumVersion" value="3.141.59"/>
         <property name="proxyInformation" value="ProxyInformation { proxyOption=NO_PROXY, proxyServerType=HTTP, username=, password=********, proxyServerAddress=, proxyServerPort=0, executionList=&quot;&quot;, isApplyToDesiredCapabilities=true }"/>
         <property name="platform" value="Windows 10"/>
      </properties>
      <testcase name="Test Cases/Bento_TestCases/FileType/TC03_Bento_Filter_FileType-vcf" time="55.027" classname="Test Cases/Bento_TestCases/FileType/TC03_Bento_Filter_FileType-vcf" status="PASSED">
         <system-out><![CDATA[2022-05-23 16:08:42 - [TEST_CASE][PASSED] - Test Cases/Bento_TestCases/FileType/TC03_Bento_Filter_FileType-vcf: Test Cases/Bento_TestCases/FileType/TC03_Bento_Filter_FileType-vcf

2022-05-23 16:08:42 - [TEST_STEP][PASSED] - Start listener action : getTestScriptName: null

2022-05-23 16:08:42 - [TEST_STEP][PASSED] - TestCaseId = testCaseContext.getTestCaseId(): null

2022-05-23 16:08:42 - [TEST_STEP][PASSED] - G_currentTCName = TestCaseId.substring(TestCaseId.lastIndexOf("TC")): null

2022-05-23 16:08:42 - [TEST_STEP][PASSED] - out.println("This is the test case name: " + G_currentTCName): null

2022-05-23 16:08:43 - [TEST_STEP][PASSED] - closeBrowser(): Browser is closed

2022-05-23 16:08:43 - [MESSAGE][PASSED] - Browser is closed

2022-05-23 16:08:43 - [TEST_STEP][PASSED] - ctdc.utilities.runtestcaseforKatalon.RunKatalon("TC03_Bento_Filter_FileType-vcf.xlsx"): Data loaded from input file for the test case. 

2022-05-23 16:08:43 - [MESSAGE][PASSED] - Test case file loaded This is the full filepath after converting to string :C:\Users\sohilz2\Documents\GitHub\Commons_Automation\InputFiles\TC03_Bento_Filter_FileType-vcf.xlsx

2022-05-23 16:08:43 - [MESSAGE][INFO] - Global variable set for password file is :  C:\Users\sohilz2\Documents\GitHub\Commons_Automation\InputFiles\TC03_Bento_Filter_FileType-vcf.xlsx

2022-05-23 16:08:48 - [MESSAGE][PASSED] - Data loaded from input file for the test case. 

2022-05-23 16:09:04 - [TEST_STEP][PASSED] - waitForElementClickable(findTestObject("Object Repository/Bento/NavBar/Bento_Cases-Btn"), 5): Object 'Object Repository/Bento/NavBar/Bento_Cases-Btn' is clickable

2022-05-23 16:09:04 - [MESSAGE][PASSED] - Object 'Object Repository/Bento/NavBar/Bento_Cases-Btn' is clickable

2022-05-23 16:09:04 - [TEST_STEP][PASSED] - ctdc.utilities.runtestcaseforKatalon.clickTab("Object Repository/Bento/NavBar/Bento_Cases-Btn"): ctdc.utilities.runtestcaseforKatalon.clickTab is PASSED

2022-05-23 16:09:04 - [MESSAGE][PASSED] - ctdc.utilities.runtestcaseforKatalon.clickTab is PASSED

2022-05-23 16:09:04 - [TEST_STEP][PASSED] - waitForElementClickable(findTestObject("Bento/Cases_page/Filter/FileType/FILETYPE_Ddn"), 5): Object 'Object Repository/Bento/Cases_page/Filter/FileType/FILETYPE_Ddn' is clickable

2022-05-23 16:09:06 - [MESSAGE][PASSED] - Object 'Object Repository/Bento/Cases_page/Filter/FileType/FILETYPE_Ddn' is clickable

2022-05-23 16:09:06 - [TEST_STEP][PASSED] - ctdc.utilities.runtestcaseforKatalon.clickTab("Bento/Cases_page/Filter/FileType/FILETYPE_Ddn"): ctdc.utilities.runtestcaseforKatalon.clickTab is PASSED

2022-05-23 16:09:06 - [MESSAGE][PASSED] - ctdc.utilities.runtestcaseforKatalon.clickTab is PASSED

2022-05-23 16:09:06 - [TEST_STEP][PASSED] - waitForElementClickable(findTestObject("Bento/Cases_page/Filter/FileType/Vcf_Chkbx"), 5): Object 'Object Repository/Bento/Cases_page/Filter/FileType/Vcf_Chkbx' is clickable

2022-05-23 16:09:06 - [MESSAGE][PASSED] - Object 'Object Repository/Bento/Cases_page/Filter/FileType/Vcf_Chkbx' is clickable

2022-05-23 16:09:06 - [TEST_STEP][PASSED] - ctdc.utilities.runtestcaseforKatalon.clickTab("Bento/Cases_page/Filter/FileType/Vcf_Chkbx"): ctdc.utilities.runtestcaseforKatalon.clickTab is PASSED

2022-05-23 16:09:06 - [MESSAGE][PASSED] - ctdc.utilities.runtestcaseforKatalon.clickTab is PASSED

2022-05-23 16:09:06 - [TEST_STEP][PASSED] - ctdc.utilities.runtestcaseforKatalon.readStatBarBento("Object Repository/Bento/StatBar/Bento_StatBar-Programs", "Object Repository/Bento/StatBar/Bento_StatBar-Arms", "Object Repository/Bento/StatBar/Bento_StatBar-Cases", "Object Repository/Bento/StatBar/Bento_StatBar-Samples", "Object Repository/Bento/StatBar/Bento_StatBar-Assays", "Object Repository/Bento/StatBar/Bento_StatBar-Files"): ctdc.utilities.runtestcaseforKatalon.readStatBarBento is PASSED

2022-05-23 16:09:15 - [MESSAGE][PASSED] - ctdc.utilities.runtestcaseforKatalon.readStatBarBento is PASSED

2022-05-23 16:09:15 - [TEST_STEP][PASSED] - waitForElementPresent(findTestObject("Object Repository/Bento/Cases_page/BentoResults_Cases_Tab"), 5): Object 'Object Repository/Bento/Cases_page/BentoResults_Cases_Tab' is present

2022-05-23 16:09:15 - [MESSAGE][PASSED] - Object 'Object Repository/Bento/Cases_page/BentoResults_Cases_Tab' is present

2022-05-23 16:09:15 - [TEST_STEP][PASSED] - ctdc.utilities.runtestcaseforKatalon.clickTab("Object Repository/Bento/Cases_page/BentoResults_Cases_Tab"): ctdc.utilities.runtestcaseforKatalon.clickTab is PASSED

2022-05-23 16:09:16 - [MESSAGE][PASSED] - ctdc.utilities.runtestcaseforKatalon.clickTab is PASSED

2022-05-23 16:09:16 - [TEST_STEP][PASSED] - ctdc.utilities.runtestcaseforKatalon.multiFunction("Bento", G_StatBar_Studies, "Object Repository/Bento/Cases_page/Bento_CasesTable", "Object Repository/Bento/Cases_page/Bento_CasesTableHeader", "Object Repository/Bento/Cases_page/Bento_CasesTabNextBtn", G_WebTabnameCases, G_CypherTabnameCases, G_QueryCasesTab): ctdc.utilities.runtestcaseforKatalon.multiFunction is PASSED

2022-05-23 16:09:16 - [MESSAGE][PASSED] - ctdc.utilities.runtestcaseforKatalon.multiFunction is PASSED

2022-05-23 16:09:16 - [TEST_STEP][PASSED] - waitForElementPresent(findTestObject("Object Repository/Bento/Cases_page/BentoResults_Samples_Tab"), 5): Object 'Object Repository/Bento/Cases_page/BentoResults_Samples_Tab' is present

2022-05-23 16:09:16 - [MESSAGE][PASSED] - Object 'Object Repository/Bento/Cases_page/BentoResults_Samples_Tab' is present

2022-05-23 16:09:16 - [TEST_STEP][PASSED] - ctdc.utilities.runtestcaseforKatalon.clickTab("Object Repository/Bento/Cases_page/BentoResults_Samples_Tab"): ctdc.utilities.runtestcaseforKatalon.clickTab is PASSED

2022-05-23 16:09:16 - [MESSAGE][PASSED] - ctdc.utilities.runtestcaseforKatalon.clickTab is PASSED

2022-05-23 16:09:16 - [TEST_STEP][PASSED] - ctdc.utilities.runtestcaseforKatalon.multiFunction("Bento", G_StatBar_Studies, "Object Repository/Bento/Cases_page/Bento_SamplesTable", "Object Repository/Bento/Cases_page/Bento_SamplesTableHeader", "Object Repository/Bento/Cases_page/Bento_SamplesTabNextBtn", G_WebTabnameSamples, G_CypherTabnameSamples, G_QuerySamplesTab): ctdc.utilities.runtestcaseforKatalon.multiFunction is PASSED

2022-05-23 16:09:16 - [MESSAGE][PASSED] - ctdc.utilities.runtestcaseforKatalon.multiFunction is PASSED

2022-05-23 16:09:16 - [TEST_STEP][PASSED] - waitForElementPresent(findTestObject("Object Repository/Bento/Cases_page/BentoResults_Files_Tab"), 5): Object 'Object Repository/Bento/Cases_page/BentoResults_Files_Tab' is present

2022-05-23 16:09:16 - [MESSAGE][PASSED] - Object 'Object Repository/Bento/Cases_page/BentoResults_Files_Tab' is present

2022-05-23 16:09:16 - [TEST_STEP][PASSED] - ctdc.utilities.runtestcaseforKatalon.clickTab("Object Repository/Bento/Cases_page/BentoResults_Files_Tab"): ctdc.utilities.runtestcaseforKatalon.clickTab is PASSED

2022-05-23 16:09:17 - [MESSAGE][PASSED] - ctdc.utilities.runtestcaseforKatalon.clickTab is PASSED

2022-05-23 16:09:17 - [TEST_STEP][PASSED] - ctdc.utilities.runtestcaseforKatalon.multiFunction("Bento", G_StatBar_Files, "Object Repository/Bento/Cases_page/Bento_FilesTable", "Object Repository/Bento/Cases_page/Bento_FilesTableHeader", "Object Repository/Bento/Cases_page/Bento_FilesTabNextBtn", G_WebTabnameFiles, G_CypherTabnameFiles, G_QueryFilesTab): Statbar Files count matches

2022-05-23 16:09:36 - [MESSAGE][PASSED] - Statbar Programs count matches

2022-05-23 16:09:36 - [MESSAGE][PASSED] - Statbar Arms count matches

2022-05-23 16:09:36 - [MESSAGE][PASSED] - Statbar Cases count matches

2022-05-23 16:09:36 - [MESSAGE][PASSED] - Statbar Samples count matches

2022-05-23 16:09:36 - [MESSAGE][PASSED] - Statbar Assays count matches

2022-05-23 16:09:36 - [MESSAGE][PASSED] - Statbar Files count matches

2022-05-23 16:09:36 - [TEST_STEP][PASSED] - closeBrowser(): Browser is closed

2022-05-23 16:09:37 - [MESSAGE][PASSED] - Browser is closed]]></system-out>
         <system-err><![CDATA[]]></system-err>
      </testcase>
      <system-out><![CDATA[2022-05-23 16:08:40 - [TEST_SUITE][PASSED] - Bento_QuickRun: Test Cases/Bento_TestCases/FileType/TC03_Bento_Filter_FileType-vcf]]></system-out>
      <system-err><![CDATA[]]></system-err>
   </testsuite>
</testsuites>
