<?xml version="1.0" encoding="UTF-8"?>
<testsuites name="Bento_Quick_Run" time="88.084" tests="1" failures="0" errors="0">
   <testsuite name="Bento_Quick_Run" tests="1" failures="0" errors="0" time="88.084" skipped="0" timestamp="2022-05-02 14:03:30" hostname="sohilz2 - host.docker.internal" id="Test Suites/Bento_Quick_Run">
      <properties>
         <property name="deviceName" value=""/>
         <property name="devicePlatform" value=""/>
         <property name="logFolder" value="C:\\Users\\sohilz2\\Documents\\Commons_Automation\\Reports\\20220502_140326\\Bento_Quick_Run\\20220502_140326"/>
         <property name="logFiles" value="C:\\Users\\sohilz2\\Documents\\Commons_Automation\\Reports\\20220502_140326\\Bento_Quick_Run\\20220502_140326\\execution0.log"/>
         <property name="attachments" value=""/>
         <property name="hostName" value="sohilz2 - host.docker.internal"/>
         <property name="os" value="Windows 10 64bit"/>
         <property name="katalonVersion" value="8.2.0.208"/>
         <property name="browser" value="Chrome 100.0.4896.127"/>
         <property name="hostAddress" value="192.168.0.86"/>
         <property name="sessionId" value="2db92c16d33e310e41df49cde28847c5"/>
         <property name="seleniumVersion" value="3.141.59"/>
         <property name="proxyInformation" value="ProxyInformation { proxyOption=NO_PROXY, proxyServerType=HTTP, username=, password=********, proxyServerAddress=, proxyServerPort=0, executionList=&quot;&quot;, isApplyToDesiredCapabilities=true }"/>
         <property name="platform" value="Windows 10"/>
      </properties>
      <testcase name="Test Cases/Bento_TestCases/FileType/TC03_Bento_Filter_FileType-vcf" time="85.962" classname="Test Cases/Bento_TestCases/FileType/TC03_Bento_Filter_FileType-vcf" status="PASSED">
         <system-out><![CDATA[2022-05-02 14:03:32 - [TEST_CASE][PASSED] - Test Cases/Bento_TestCases/FileType/TC03_Bento_Filter_FileType-vcf: Test Cases/Bento_TestCases/FileType/TC03_Bento_Filter_FileType-vcf

2022-05-02 14:03:32 - [TEST_STEP][PASSED] - Start listener action : getTestScriptName: null

2022-05-02 14:03:32 - [TEST_STEP][PASSED] - TestCaseId = testCaseContext.getTestCaseId(): null

2022-05-02 14:03:32 - [TEST_STEP][PASSED] - out.println("**********this is the value of test case id string******** " + testCaseContext.getTestCaseId()): null

2022-05-02 14:03:32 - [TEST_STEP][PASSED] - G_currentTCName = TestCaseId.substring(TestCaseId.lastIndexOf("TC")): null

2022-05-02 14:03:32 - [TEST_STEP][PASSED] - out.println("This is the test case name : " + G_currentTCName): null

2022-05-02 14:03:33 - [TEST_STEP][PASSED] - closeBrowser(): Browser is closed

2022-05-02 14:03:33 - [MESSAGE][PASSED] - Browser is closed

2022-05-02 14:03:33 - [TEST_STEP][PASSED] - ctdc.utilities.runtestcaseforKatalon.RunKatalon("TC03_Bento_Filter_FileType-vcf.xlsx"): Data loaded from input file for the test case. 

2022-05-02 14:03:33 - [MESSAGE][PASSED] - Test case file loaded This is the full filepath after converting to string :C:\Users\sohilz2\Documents\Commons_Automation\InputFiles\TC03_Bento_Filter_FileType-vcf.xlsx

2022-05-02 14:03:33 - [MESSAGE][INFO] - Global variable set for password file is :  C:\Users\sohilz2\Documents\Commons_Automation\InputFiles\TC03_Bento_Filter_FileType-vcf.xlsx

2022-05-02 14:03:38 - [MESSAGE][PASSED] - Data loaded from input file for the test case. 

2022-05-02 14:03:53 - [TEST_STEP][PASSED] - waitForElementClickable(findTestObject("Object Repository/Bento/NavBar/Bento_Cases-Btn"), 5): Object 'Object Repository/Bento/NavBar/Bento_Cases-Btn' is clickable

2022-05-02 14:03:54 - [MESSAGE][PASSED] - Object 'Object Repository/Bento/NavBar/Bento_Cases-Btn' is clickable

2022-05-02 14:03:54 - [TEST_STEP][PASSED] - ctdc.utilities.runtestcaseforKatalon.clickTab("Object Repository/Bento/NavBar/Bento_Cases-Btn"): ctdc.utilities.runtestcaseforKatalon.clickTab is PASSED

2022-05-02 14:03:54 - [MESSAGE][PASSED] - ctdc.utilities.runtestcaseforKatalon.clickTab is PASSED

2022-05-02 14:03:54 - [TEST_STEP][PASSED] - waitForElementClickable(findTestObject("Bento/Cases_page/Filter/FileType/FILETYPE_Ddn"), 5): Object 'Object Repository/Bento/Cases_page/Filter/FileType/FILETYPE_Ddn' is clickable

2022-05-02 14:03:55 - [MESSAGE][PASSED] - Object 'Object Repository/Bento/Cases_page/Filter/FileType/FILETYPE_Ddn' is clickable

2022-05-02 14:03:55 - [TEST_STEP][PASSED] - ctdc.utilities.runtestcaseforKatalon.clickTab("Bento/Cases_page/Filter/FileType/FILETYPE_Ddn"): ctdc.utilities.runtestcaseforKatalon.clickTab is PASSED

2022-05-02 14:03:55 - [MESSAGE][PASSED] - ctdc.utilities.runtestcaseforKatalon.clickTab is PASSED

2022-05-02 14:03:55 - [TEST_STEP][PASSED] - waitForElementClickable(findTestObject("Bento/Cases_page/Filter/FileType/Vcf_Chkbx"), 5): Object 'Object Repository/Bento/Cases_page/Filter/FileType/Vcf_Chkbx' is clickable

2022-05-02 14:03:55 - [MESSAGE][PASSED] - Object 'Object Repository/Bento/Cases_page/Filter/FileType/Vcf_Chkbx' is clickable

2022-05-02 14:03:55 - [TEST_STEP][PASSED] - ctdc.utilities.runtestcaseforKatalon.clickTab("Bento/Cases_page/Filter/FileType/Vcf_Chkbx"): ctdc.utilities.runtestcaseforKatalon.clickTab is PASSED

2022-05-02 14:03:55 - [MESSAGE][PASSED] - ctdc.utilities.runtestcaseforKatalon.clickTab is PASSED

2022-05-02 14:03:55 - [TEST_STEP][PASSED] - ctdc.utilities.runtestcaseforKatalon.readStatBarBento("Object Repository/Bento/StatBar/Bento_StatBar-Programs", "Object Repository/Bento/StatBar/Bento_StatBar-Arms", "Object Repository/Bento/StatBar/Bento_StatBar-Cases", "Object Repository/Bento/StatBar/Bento_StatBar-Samples", "Object Repository/Bento/StatBar/Bento_StatBar-Assays", "Object Repository/Bento/StatBar/Bento_StatBar-Files"): ctdc.utilities.runtestcaseforKatalon.readStatBarBento is PASSED

2022-05-02 14:04:04 - [MESSAGE][PASSED] - ctdc.utilities.runtestcaseforKatalon.readStatBarBento is PASSED

2022-05-02 14:04:04 - [TEST_STEP][PASSED] - waitForElementPresent(findTestObject("Object Repository/Bento/Cases_page/BentoResults_Cases_Tab"), 5): Object 'Object Repository/Bento/Cases_page/BentoResults_Cases_Tab' is present

2022-05-02 14:04:04 - [MESSAGE][PASSED] - Object 'Object Repository/Bento/Cases_page/BentoResults_Cases_Tab' is present

2022-05-02 14:04:04 - [TEST_STEP][PASSED] - ctdc.utilities.runtestcaseforKatalon.clickTab("Object Repository/Bento/Cases_page/BentoResults_Cases_Tab"): ctdc.utilities.runtestcaseforKatalon.clickTab is PASSED

2022-05-02 14:04:04 - [MESSAGE][PASSED] - ctdc.utilities.runtestcaseforKatalon.clickTab is PASSED

2022-05-02 14:04:04 - [TEST_STEP][PASSED] - ctdc.utilities.runtestcaseforKatalon.multiFunction("Bento", G_StatBar_Cases, "Object Repository/Bento/Cases_page/Bento_CasesTable", "Object Repository/Bento/Cases_page/Bento_CasesTableHeader", "Object Repository/Bento/Cases_page/Bento_CasesTabNextBtn", G_WebTabnameCases, G_CypherTabnameCases, G_QueryCasesTab): Statbar Files count matches

2022-05-02 14:04:24 - [MESSAGE][PASSED] - Statbar Programs count matches

2022-05-02 14:04:24 - [MESSAGE][PASSED] - Statbar Arms count matches

2022-05-02 14:04:24 - [MESSAGE][PASSED] - Statbar Cases count matches

2022-05-02 14:04:24 - [MESSAGE][PASSED] - Statbar Samples count matches

2022-05-02 14:04:24 - [MESSAGE][PASSED] - Statbar Assays count matches

2022-05-02 14:04:24 - [MESSAGE][PASSED] - Statbar Files count matches

2022-05-02 14:04:24 - [TEST_STEP][PASSED] - waitForElementPresent(findTestObject("Object Repository/Bento/Cases_page/BentoResults_Samples_Tab"), 5): Object 'Object Repository/Bento/Cases_page/BentoResults_Samples_Tab' is present

2022-05-02 14:04:24 - [MESSAGE][PASSED] - Object 'Object Repository/Bento/Cases_page/BentoResults_Samples_Tab' is present

2022-05-02 14:04:24 - [TEST_STEP][PASSED] - ctdc.utilities.runtestcaseforKatalon.clickTab("Object Repository/Bento/Cases_page/BentoResults_Samples_Tab"): ctdc.utilities.runtestcaseforKatalon.clickTab is PASSED

2022-05-02 14:04:24 - [MESSAGE][PASSED] - ctdc.utilities.runtestcaseforKatalon.clickTab is PASSED

2022-05-02 14:04:24 - [TEST_STEP][PASSED] - ctdc.utilities.runtestcaseforKatalon.multiFunction("Bento", G_StatBar_Cases, "Object Repository/Bento/Cases_page/Bento_SamplesTable", "Object Repository/Bento/Cases_page/Bento_SamplesTableHeader", "Object Repository/Bento/Cases_page/Bento_SamplesTabNextBtn", G_WebTabnameSamples, G_CypherTabnameSamples, G_QuerySamplesTab): Statbar Files count matches

2022-05-02 14:04:40 - [MESSAGE][PASSED] - Statbar Programs count matches

2022-05-02 14:04:40 - [MESSAGE][PASSED] - Statbar Arms count matches

2022-05-02 14:04:40 - [MESSAGE][PASSED] - Statbar Cases count matches

2022-05-02 14:04:40 - [MESSAGE][PASSED] - Statbar Samples count matches

2022-05-02 14:04:40 - [MESSAGE][PASSED] - Statbar Assays count matches

2022-05-02 14:04:40 - [MESSAGE][PASSED] - Statbar Files count matches

2022-05-02 14:04:40 - [TEST_STEP][PASSED] - waitForElementPresent(findTestObject("Object Repository/Bento/Cases_page/BentoResults_Files_Tab"), 5): Object 'Object Repository/Bento/Cases_page/BentoResults_Files_Tab' is present

2022-05-02 14:04:40 - [MESSAGE][PASSED] - Object 'Object Repository/Bento/Cases_page/BentoResults_Files_Tab' is present

2022-05-02 14:04:40 - [TEST_STEP][PASSED] - ctdc.utilities.runtestcaseforKatalon.clickTab("Object Repository/Bento/Cases_page/BentoResults_Files_Tab"): ctdc.utilities.runtestcaseforKatalon.clickTab is PASSED

2022-05-02 14:04:41 - [MESSAGE][PASSED] - ctdc.utilities.runtestcaseforKatalon.clickTab is PASSED

2022-05-02 14:04:41 - [TEST_STEP][PASSED] - ctdc.utilities.runtestcaseforKatalon.multiFunction("Bento", G_StatBar_Files, "Object Repository/Bento/Cases_page/Bento_FilesTable", "Object Repository/Bento/Cases_page/Bento_FilesTableHeader", "Object Repository/Bento/Cases_page/Bento_FilesTabNextBtn", G_WebTabnameFiles, G_CypherTabnameFiles, G_QueryFilesTab): Statbar Files count matches

2022-05-02 14:04:57 - [MESSAGE][PASSED] - Statbar Programs count matches

2022-05-02 14:04:57 - [MESSAGE][PASSED] - Statbar Arms count matches

2022-05-02 14:04:57 - [MESSAGE][PASSED] - Statbar Cases count matches

2022-05-02 14:04:57 - [MESSAGE][PASSED] - Statbar Samples count matches

2022-05-02 14:04:57 - [MESSAGE][PASSED] - Statbar Assays count matches

2022-05-02 14:04:57 - [MESSAGE][PASSED] - Statbar Files count matches

2022-05-02 14:04:57 - [TEST_STEP][PASSED] - closeBrowser(): Browser is closed

2022-05-02 14:04:58 - [MESSAGE][PASSED] - Browser is closed]]></system-out>
         <system-err><![CDATA[]]></system-err>
      </testcase>
      <system-out><![CDATA[2022-05-02 14:03:30 - [TEST_SUITE][PASSED] - Bento_Quick_Run: Test Cases/Bento_TestCases/FileType/TC03_Bento_Filter_FileType-vcf]]></system-out>
      <system-err><![CDATA[]]></system-err>
   </testsuite>
</testsuites>
