<?xml version="1.0" encoding="UTF-8"?>
<testsuites name="Canine_TestSuite" time="199.424" tests="5" failures="0" errors="0">
   <testsuite name="Canine_TestSuite" tests="5" failures="0" errors="0" time="199.424" timestamp="2020-05-28 11:47:08" hostname="radhakrishnang2 - NCI-02150368-L.nci.nih.gov" id="Test Suites/Canine_TestSuite">
      <properties>
         <property name="deviceName" value=""/>
         <property name="devicePlatform" value=""/>
         <property name="logFolder" value="C:\\Users\\radhakrishnang2\\Desktop\\Commons_Automation\\Reports\\20200528_114706\\Canine_TestSuite\\20200528_114706"/>
         <property name="logFiles" value="C:\\Users\\radhakrishnang2\\Desktop\\Commons_Automation\\Reports\\20200528_114706\\Canine_TestSuite\\20200528_114706\\execution0.log"/>
         <property name="attachments" value=""/>
         <property name="hostName" value="radhakrishnang2 - NCI-02150368-L.nci.nih.gov"/>
         <property name="os" value="Windows 10 64bit"/>
         <property name="katalonVersion" value="7.4.0.1"/>
         <property name="browser" value="Firefox 68.0"/>
         <property name="hostAddress" value="10.243.91.113"/>
         <property name="sessionId" value="52e7469a-d290-4abf-884d-501641d67b8d"/>
         <property name="seleniumVersion" value="3.141.59"/>
         <property name="proxyInformation" value="ProxyInformation{proxyOption=NO_PROXY, proxyServerType=HTTP, password=, proxyServerAddress=, proxyServerPort=0, executionList=}"/>
         <property name="platform" value="Windows 10"/>
      </properties>
      <testcase name="Test Cases/Canine_TestCases/Breed/TC01_Canine_Filter_Breed-Akita" time="40.683" classname="Test Cases/Canine_TestCases/Breed/TC01_Canine_Filter_Breed-Akita" status="PASSED">
         <system-out><![CDATA[2020-05-28 11:47:08 - [TEST_CASE][PASSED] - Test Cases/Canine_TestCases/Breed/TC01_Canine_Filter_Breed-Akita: Test Cases/Canine_TestCases/Breed/TC01_Canine_Filter_Breed-Akita

2020-05-28 11:47:09 - [TEST_STEP][PASSED] - closeBrowser(): Browser is closed

2020-05-28 11:47:09 - [MESSAGE][PASSED] - Browser is closed

2020-05-28 11:47:09 - [TEST_STEP][PASSED] - openBrowser(""): Browser is opened with url: ''

2020-05-28 11:47:09 - [MESSAGE][INFO] - Starting 'Firefox (headless)' driver

2020-05-28 11:47:10 - [MESSAGE][INFO] - User set preference: ['args', '[--no-sandbox]']

2020-05-28 11:47:10 - [MESSAGE][INFO] - Action delay is set to 5,000 milliseconds

2020-05-28 11:47:14 - [MESSAGE][PASSED] - Browser is opened with url: ''

2020-05-28 11:47:14 - [TEST_STEP][PASSED] - maximizeWindow(): Current window maximized

2020-05-28 11:47:14 - [MESSAGE][PASSED] - Current window maximized

2020-05-28 11:47:14 - [TEST_STEP][PASSED] - ctdc.utilities.runtestcaseforKatalon.browserDriver(""): ctdc.utilities.runtestcaseforKatalon.browserDriver is PASSED

2020-05-28 11:47:14 - [MESSAGE][PASSED] - ctdc.utilities.runtestcaseforKatalon.browserDriver is PASSED

2020-05-28 11:47:14 - [TEST_STEP][PASSED] - ctdc.utilities.runtestcaseforKatalon.RunKatalon("TC01_Canine_Filter_Breed-Akita.xlsx"): Data loaded from input file for the test case. 

2020-05-28 11:47:14 - [MESSAGE][PASSED] - Test case file loaded This is the full filepath after converting to string :C:\Users\radhakrishnang2\Desktop\Commons_Automation\InputFiles\TC01_Canine_Filter_Breed-Akita.xlsx

2020-05-28 11:47:14 - [MESSAGE][INFO] - Global variable set for password file is :  C:\Users\radhakrishnang2\Desktop\Commons_Automation\InputFiles\TC01_Canine_Filter_Breed-Akita.xlsx

2020-05-28 11:47:15 - [MESSAGE][PASSED] - Data loaded from input file for the test case. 

2020-05-28 11:47:23 - [TEST_STEP][PASSED] - waitForElementPresent(findTestObject("Object Repository/Canine/Canine_Cases_Btn"), 5): Object 'Object Repository/Canine/Canine_Cases_Btn' is present

2020-05-28 11:47:23 - [MESSAGE][PASSED] - Object 'Object Repository/Canine/Canine_Cases_Btn' is present

2020-05-28 11:47:23 - [TEST_STEP][PASSED] - click(findTestObject("Object Repository/Canine/Canine_Cases_Btn")): Object: 'Object Repository/Canine/Canine_Cases_Btn' is clicked on

2020-05-28 11:47:28 - [MESSAGE][PASSED] - Object: 'Object Repository/Canine/Canine_Cases_Btn' is clicked on

2020-05-28 11:47:28 - [TEST_STEP][PASSED] - waitForElementPresent(findTestObject("Object Repository/Canine/Filter/Breed/BREED_Ddn"), 5): Object 'Object Repository/Canine/Filter/Breed/BREED_Ddn' is present

2020-05-28 11:47:30 - [MESSAGE][PASSED] - Object 'Object Repository/Canine/Filter/Breed/BREED_Ddn' is present

2020-05-28 11:47:30 - [TEST_STEP][PASSED] - click(findTestObject("Object Repository/Canine/Filter/Breed/BREED_Ddn")): Object: 'Object Repository/Canine/Filter/Breed/BREED_Ddn' is clicked on

2020-05-28 11:47:35 - [MESSAGE][PASSED] - Object: 'Object Repository/Canine/Filter/Breed/BREED_Ddn' is clicked on

2020-05-28 11:47:35 - [TEST_STEP][PASSED] - click(findTestObject("Object Repository/Canine/Filter/Breed/Akita_Chkbx")): Object: 'Object Repository/Canine/Filter/Breed/Akita_Chkbx' is clicked on

2020-05-28 11:47:40 - [MESSAGE][PASSED] - Object: 'Object Repository/Canine/Filter/Breed/Akita_Chkbx' is clicked on

2020-05-28 11:47:40 - [TEST_STEP][PASSED] - ctdc.utilities.runtestcaseforKatalon.ReadCasesTableKatalon("Object Repository/Canine/Canine_CasesTable", "Object Repository/Canine/Canine_TableHeader", "Object Repository/Canine/Canine_NextBtn"): ctdc.utilities.runtestcaseforKatalon.ReadCasesTableKatalon is PASSED

2020-05-28 11:47:41 - [MESSAGE][PASSED] - ctdc.utilities.runtestcaseforKatalon.ReadCasesTableKatalon is PASSED

2020-05-28 11:47:41 - [TEST_STEP][PASSED] - ctdc.utilities.runtestcaseforKatalon.readStatBar("Object Repository/Canine/Canine_StatBar-Files", "Object Repository/Canine/Canine_StatBar-Samples", "Object Repository/Canine/Canine_StatBar-Cases", "Object Repository/Canine/Canine_StatBar-Studies"): ctdc.utilities.runtestcaseforKatalon.readStatBar is PASSED

2020-05-28 11:47:41 - [MESSAGE][PASSED] - ctdc.utilities.runtestcaseforKatalon.readStatBar is PASSED

2020-05-28 11:47:41 - [TEST_STEP][PASSED] - ctdc.utilities.ReadExcel.Neo4j(): ctdc.utilities.ReadExcel.Neo4j is PASSED

2020-05-28 11:47:49 - [MESSAGE][PASSED] - ctdc.utilities.ReadExcel.Neo4j is PASSED

2020-05-28 11:47:49 - [TEST_STEP][PASSED] - ctdc.utilities.runtestcaseforKatalon.compareLists(): ctdc.utilities.runtestcaseforKatalon.compareLists is PASSED

2020-05-28 11:47:49 - [MESSAGE][PASSED] - ctdc.utilities.runtestcaseforKatalon.compareLists is PASSED

2020-05-28 11:47:49 - [TEST_STEP][PASSED] - ctdc.utilities.runtestcaseforKatalon.validateStatBar(): Statbar Studies count matches

2020-05-28 11:47:49 - [MESSAGE][PASSED] - Statbar Files count matches

2020-05-28 11:47:49 - [MESSAGE][PASSED] - Statbar Samples count matches

2020-05-28 11:47:49 - [MESSAGE][PASSED] - Statbar Cases count matches

2020-05-28 11:47:49 - [MESSAGE][PASSED] - Statbar Studies count matches]]></system-out>
         <system-err><![CDATA[]]></system-err>
      </testcase>
      <testcase name="Test Cases/Canine_TestCases/Breed/TC02_Canine_Filter_Breed-AmerStaffd" time="37.923" classname="Test Cases/Canine_TestCases/Breed/TC02_Canine_Filter_Breed-AmerStaffd" status="PASSED">
         <system-out><![CDATA[2020-05-28 11:47:49 - [TEST_CASE][PASSED] - Test Cases/Canine_TestCases/Breed/TC02_Canine_Filter_Breed-AmerStaffd: Test Cases/Canine_TestCases/Breed/TC02_Canine_Filter_Breed-AmerStaffd

2020-05-28 11:47:50 - [TEST_STEP][PASSED] - closeBrowser(): Browser is closed

2020-05-28 11:47:51 - [MESSAGE][PASSED] - Browser is closed

2020-05-28 11:47:51 - [TEST_STEP][PASSED] - openBrowser(""): Browser is opened with url: ''

2020-05-28 11:47:51 - [MESSAGE][INFO] - Starting 'Firefox (headless)' driver

2020-05-28 11:47:51 - [MESSAGE][INFO] - User set preference: ['args', '[--no-sandbox]']

2020-05-28 11:47:51 - [MESSAGE][INFO] - Action delay is set to 5,000 milliseconds

2020-05-28 11:47:53 - [MESSAGE][PASSED] - Browser is opened with url: ''

2020-05-28 11:47:53 - [TEST_STEP][PASSED] - maximizeWindow(): Current window maximized

2020-05-28 11:47:53 - [MESSAGE][PASSED] - Current window maximized

2020-05-28 11:47:53 - [TEST_STEP][PASSED] - ctdc.utilities.runtestcaseforKatalon.browserDriver(""): ctdc.utilities.runtestcaseforKatalon.browserDriver is PASSED

2020-05-28 11:47:53 - [MESSAGE][PASSED] - ctdc.utilities.runtestcaseforKatalon.browserDriver is PASSED

2020-05-28 11:47:53 - [TEST_STEP][PASSED] - ctdc.utilities.runtestcaseforKatalon.RunKatalon("TC02_Canine_Filter_Breed-AmerStaffd.xlsx"): Data loaded from input file for the test case. 

2020-05-28 11:47:53 - [MESSAGE][PASSED] - Test case file loaded This is the full filepath after converting to string :C:\Users\radhakrishnang2\Desktop\Commons_Automation\InputFiles\TC02_Canine_Filter_Breed-AmerStaffd.xlsx

2020-05-28 11:47:53 - [MESSAGE][INFO] - Global variable set for password file is :  C:\Users\radhakrishnang2\Desktop\Commons_Automation\InputFiles\TC02_Canine_Filter_Breed-AmerStaffd.xlsx

2020-05-28 11:47:53 - [MESSAGE][PASSED] - Data loaded from input file for the test case. 

2020-05-28 11:48:01 - [TEST_STEP][PASSED] - click(findTestObject("Object Repository/Canine/Canine_Cases_Btn")): Object: 'Object Repository/Canine/Canine_Cases_Btn' is clicked on

2020-05-28 11:48:06 - [MESSAGE][PASSED] - Object: 'Object Repository/Canine/Canine_Cases_Btn' is clicked on

2020-05-28 11:48:06 - [TEST_STEP][PASSED] - click(findTestObject("Object Repository/Canine/Filter/Breed/BREED_Ddn")): Object: 'Object Repository/Canine/Filter/Breed/BREED_Ddn' is clicked on

2020-05-28 11:48:13 - [MESSAGE][PASSED] - Object: 'Object Repository/Canine/Filter/Breed/BREED_Ddn' is clicked on

2020-05-28 11:48:13 - [TEST_STEP][PASSED] - click(findTestObject("Object Repository/Canine/Filter/Breed/AmerStaffd_Chkbx")): Object: 'Object Repository/Canine/Filter/Breed/AmerStaffd_Chkbx' is clicked on

2020-05-28 11:48:19 - [MESSAGE][PASSED] - Object: 'Object Repository/Canine/Filter/Breed/AmerStaffd_Chkbx' is clicked on

2020-05-28 11:48:19 - [TEST_STEP][PASSED] - ctdc.utilities.runtestcaseforKatalon.ReadCasesTableKatalon("Object Repository/Canine/Canine_CasesTable", "Object Repository/Canine/Canine_TableHeader", "Object Repository/Canine/Canine_NextBtn"): ctdc.utilities.runtestcaseforKatalon.ReadCasesTableKatalon is PASSED

2020-05-28 11:48:20 - [MESSAGE][PASSED] - ctdc.utilities.runtestcaseforKatalon.ReadCasesTableKatalon is PASSED

2020-05-28 11:48:20 - [TEST_STEP][PASSED] - ctdc.utilities.runtestcaseforKatalon.readStatBar("Object Repository/Canine/Canine_StatBar-Files", "Object Repository/Canine/Canine_StatBar-Samples", "Object Repository/Canine/Canine_StatBar-Cases", "Object Repository/Canine/Canine_StatBar-Studies"): ctdc.utilities.runtestcaseforKatalon.readStatBar is PASSED

2020-05-28 11:48:20 - [MESSAGE][PASSED] - ctdc.utilities.runtestcaseforKatalon.readStatBar is PASSED

2020-05-28 11:48:20 - [TEST_STEP][PASSED] - ctdc.utilities.ReadExcel.Neo4j(): ctdc.utilities.ReadExcel.Neo4j is PASSED

2020-05-28 11:48:27 - [MESSAGE][PASSED] - ctdc.utilities.ReadExcel.Neo4j is PASSED

2020-05-28 11:48:27 - [TEST_STEP][PASSED] - ctdc.utilities.runtestcaseforKatalon.compareLists(): ctdc.utilities.runtestcaseforKatalon.compareLists is PASSED

2020-05-28 11:48:27 - [MESSAGE][PASSED] - ctdc.utilities.runtestcaseforKatalon.compareLists is PASSED

2020-05-28 11:48:27 - [TEST_STEP][PASSED] - ctdc.utilities.runtestcaseforKatalon.validateStatBar(): Statbar Studies count matches

2020-05-28 11:48:27 - [MESSAGE][PASSED] - Statbar Files count matches

2020-05-28 11:48:27 - [MESSAGE][PASSED] - Statbar Samples count matches

2020-05-28 11:48:27 - [MESSAGE][PASSED] - Statbar Cases count matches

2020-05-28 11:48:27 - [MESSAGE][PASSED] - Statbar Studies count matches]]></system-out>
         <system-err><![CDATA[]]></system-err>
      </testcase>
      <testcase name="Test Cases/Canine_TestCases/Breed/TC03_Canine_Filter_Breed-AusShephd" time="37.762" classname="Test Cases/Canine_TestCases/Breed/TC03_Canine_Filter_Breed-AusShephd" status="PASSED">
         <system-out><![CDATA[2020-05-28 11:48:27 - [TEST_CASE][PASSED] - Test Cases/Canine_TestCases/Breed/TC03_Canine_Filter_Breed-AusShephd: Test Cases/Canine_TestCases/Breed/TC03_Canine_Filter_Breed-AusShephd

2020-05-28 11:48:27 - [TEST_STEP][PASSED] - closeBrowser(): Browser is closed

2020-05-28 11:48:28 - [MESSAGE][PASSED] - Browser is closed

2020-05-28 11:48:28 - [TEST_STEP][PASSED] - openBrowser(""): Browser is opened with url: ''

2020-05-28 11:48:28 - [MESSAGE][INFO] - Starting 'Firefox (headless)' driver

2020-05-28 11:48:28 - [MESSAGE][INFO] - User set preference: ['args', '[--no-sandbox]']

2020-05-28 11:48:28 - [MESSAGE][INFO] - Action delay is set to 5,000 milliseconds

2020-05-28 11:48:31 - [MESSAGE][PASSED] - Browser is opened with url: ''

2020-05-28 11:48:31 - [TEST_STEP][PASSED] - maximizeWindow(): Current window maximized

2020-05-28 11:48:31 - [MESSAGE][PASSED] - Current window maximized

2020-05-28 11:48:31 - [TEST_STEP][PASSED] - ctdc.utilities.runtestcaseforKatalon.browserDriver(""): ctdc.utilities.runtestcaseforKatalon.browserDriver is PASSED

2020-05-28 11:48:31 - [MESSAGE][PASSED] - ctdc.utilities.runtestcaseforKatalon.browserDriver is PASSED

2020-05-28 11:48:31 - [TEST_STEP][PASSED] - ctdc.utilities.runtestcaseforKatalon.RunKatalon("TC03_Canine_Filter_Breed-AusShephd.xlsx"): Data loaded from input file for the test case. 

2020-05-28 11:48:31 - [MESSAGE][PASSED] - Test case file loaded This is the full filepath after converting to string :C:\Users\radhakrishnang2\Desktop\Commons_Automation\InputFiles\TC03_Canine_Filter_Breed-AusShephd.xlsx

2020-05-28 11:48:31 - [MESSAGE][INFO] - Global variable set for password file is :  C:\Users\radhakrishnang2\Desktop\Commons_Automation\InputFiles\TC03_Canine_Filter_Breed-AusShephd.xlsx

2020-05-28 11:48:31 - [MESSAGE][PASSED] - Data loaded from input file for the test case. 

2020-05-28 11:48:39 - [TEST_STEP][PASSED] - click(findTestObject("Object Repository/Canine/Canine_Cases_Btn")): Object: 'Object Repository/Canine/Canine_Cases_Btn' is clicked on

2020-05-28 11:48:44 - [MESSAGE][PASSED] - Object: 'Object Repository/Canine/Canine_Cases_Btn' is clicked on

2020-05-28 11:48:44 - [TEST_STEP][PASSED] - click(findTestObject("Object Repository/Canine/Filter/Breed/BREED_Ddn")): Object: 'Object Repository/Canine/Filter/Breed/BREED_Ddn' is clicked on

2020-05-28 11:48:51 - [MESSAGE][PASSED] - Object: 'Object Repository/Canine/Filter/Breed/BREED_Ddn' is clicked on

2020-05-28 11:48:51 - [TEST_STEP][PASSED] - click(findTestObject("Object Repository/Canine/Filter/Breed/AusShephd_Chkbx")): Object: 'Object Repository/Canine/Filter/Breed/AusShephd_Chkbx' is clicked on

2020-05-28 11:48:56 - [MESSAGE][PASSED] - Object: 'Object Repository/Canine/Filter/Breed/AusShephd_Chkbx' is clicked on

2020-05-28 11:48:56 - [TEST_STEP][PASSED] - ctdc.utilities.runtestcaseforKatalon.ReadCasesTableKatalon("Object Repository/Canine/Canine_CasesTable", "Object Repository/Canine/Canine_TableHeader", "Object Repository/Canine/Canine_NextBtn"): ctdc.utilities.runtestcaseforKatalon.ReadCasesTableKatalon is PASSED

2020-05-28 11:48:57 - [MESSAGE][PASSED] - ctdc.utilities.runtestcaseforKatalon.ReadCasesTableKatalon is PASSED

2020-05-28 11:48:57 - [TEST_STEP][PASSED] - ctdc.utilities.runtestcaseforKatalon.readStatBar("Object Repository/Canine/Canine_StatBar-Files", "Object Repository/Canine/Canine_StatBar-Samples", "Object Repository/Canine/Canine_StatBar-Cases", "Object Repository/Canine/Canine_StatBar-Studies"): ctdc.utilities.runtestcaseforKatalon.readStatBar is PASSED

2020-05-28 11:48:57 - [MESSAGE][PASSED] - ctdc.utilities.runtestcaseforKatalon.readStatBar is PASSED

2020-05-28 11:48:57 - [TEST_STEP][PASSED] - ctdc.utilities.ReadExcel.Neo4j(): ctdc.utilities.ReadExcel.Neo4j is PASSED

2020-05-28 11:49:05 - [MESSAGE][PASSED] - ctdc.utilities.ReadExcel.Neo4j is PASSED

2020-05-28 11:49:05 - [TEST_STEP][PASSED] - ctdc.utilities.runtestcaseforKatalon.compareLists(): ctdc.utilities.runtestcaseforKatalon.compareLists is PASSED

2020-05-28 11:49:05 - [MESSAGE][PASSED] - ctdc.utilities.runtestcaseforKatalon.compareLists is PASSED

2020-05-28 11:49:05 - [TEST_STEP][PASSED] - ctdc.utilities.runtestcaseforKatalon.validateStatBar(): Statbar Studies count matches

2020-05-28 11:49:05 - [MESSAGE][PASSED] - Statbar Files count matches

2020-05-28 11:49:05 - [MESSAGE][PASSED] - Statbar Samples count matches

2020-05-28 11:49:05 - [MESSAGE][PASSED] - Statbar Cases count matches

2020-05-28 11:49:05 - [MESSAGE][PASSED] - Statbar Studies count matches]]></system-out>
         <system-err><![CDATA[]]></system-err>
      </testcase>
      <testcase name="Test Cases/Canine_TestCases/Breed/TC04_Canine_Filter_Breed-BassHnd" time="37.14" classname="Test Cases/Canine_TestCases/Breed/TC04_Canine_Filter_Breed-BassHnd" status="PASSED">
         <system-out><![CDATA[2020-05-28 11:49:05 - [TEST_CASE][PASSED] - Test Cases/Canine_TestCases/Breed/TC04_Canine_Filter_Breed-BassHnd: Test Cases/Canine_TestCases/Breed/TC04_Canine_Filter_Breed-BassHnd

2020-05-28 11:49:05 - [TEST_STEP][PASSED] - closeBrowser(): Browser is closed

2020-05-28 11:49:06 - [MESSAGE][PASSED] - Browser is closed

2020-05-28 11:49:06 - [TEST_STEP][PASSED] - openBrowser(""): Browser is opened with url: ''

2020-05-28 11:49:06 - [MESSAGE][INFO] - Starting 'Firefox (headless)' driver

2020-05-28 11:49:06 - [MESSAGE][INFO] - User set preference: ['args', '[--no-sandbox]']

2020-05-28 11:49:06 - [MESSAGE][INFO] - Action delay is set to 5,000 milliseconds

2020-05-28 11:49:09 - [MESSAGE][PASSED] - Browser is opened with url: ''

2020-05-28 11:49:09 - [TEST_STEP][PASSED] - maximizeWindow(): Current window maximized

2020-05-28 11:49:09 - [MESSAGE][PASSED] - Current window maximized

2020-05-28 11:49:09 - [TEST_STEP][PASSED] - ctdc.utilities.runtestcaseforKatalon.browserDriver(""): ctdc.utilities.runtestcaseforKatalon.browserDriver is PASSED

2020-05-28 11:49:09 - [MESSAGE][PASSED] - ctdc.utilities.runtestcaseforKatalon.browserDriver is PASSED

2020-05-28 11:49:09 - [TEST_STEP][PASSED] - ctdc.utilities.runtestcaseforKatalon.RunKatalon("TC04_Canine_Filter_Breed-BassHnd.xlsx"): Data loaded from input file for the test case. 

2020-05-28 11:49:09 - [MESSAGE][PASSED] - Test case file loaded This is the full filepath after converting to string :C:\Users\radhakrishnang2\Desktop\Commons_Automation\InputFiles\TC04_Canine_Filter_Breed-BassHnd.xlsx

2020-05-28 11:49:09 - [MESSAGE][INFO] - Global variable set for password file is :  C:\Users\radhakrishnang2\Desktop\Commons_Automation\InputFiles\TC04_Canine_Filter_Breed-BassHnd.xlsx

2020-05-28 11:49:09 - [MESSAGE][PASSED] - Data loaded from input file for the test case. 

2020-05-28 11:49:17 - [TEST_STEP][PASSED] - click(findTestObject("Object Repository/Canine/Canine_Cases_Btn")): Object: 'Object Repository/Canine/Canine_Cases_Btn' is clicked on

2020-05-28 11:49:22 - [MESSAGE][PASSED] - Object: 'Object Repository/Canine/Canine_Cases_Btn' is clicked on

2020-05-28 11:49:22 - [TEST_STEP][PASSED] - click(findTestObject("Object Repository/Canine/Filter/Breed/BREED_Ddn")): Object: 'Object Repository/Canine/Filter/Breed/BREED_Ddn' is clicked on

2020-05-28 11:49:29 - [MESSAGE][PASSED] - Object: 'Object Repository/Canine/Filter/Breed/BREED_Ddn' is clicked on

2020-05-28 11:49:29 - [TEST_STEP][PASSED] - click(findTestObject("Object Repository/Canine/Filter/Breed/BassHnd_Chkbx")): Object: 'Object Repository/Canine/Filter/Breed/BassHnd_Chkbx' is clicked on

2020-05-28 11:49:34 - [MESSAGE][PASSED] - Object: 'Object Repository/Canine/Filter/Breed/BassHnd_Chkbx' is clicked on

2020-05-28 11:49:34 - [TEST_STEP][PASSED] - ctdc.utilities.runtestcaseforKatalon.ReadCasesTableKatalon("Object Repository/Canine/Canine_CasesTable", "Object Repository/Canine/Canine_TableHeader", "Object Repository/Canine/Canine_NextBtn"): ctdc.utilities.runtestcaseforKatalon.ReadCasesTableKatalon is PASSED

2020-05-28 11:49:35 - [MESSAGE][PASSED] - ctdc.utilities.runtestcaseforKatalon.ReadCasesTableKatalon is PASSED

2020-05-28 11:49:35 - [TEST_STEP][PASSED] - ctdc.utilities.runtestcaseforKatalon.readStatBar("Object Repository/Canine/Canine_StatBar-Files", "Object Repository/Canine/Canine_StatBar-Samples", "Object Repository/Canine/Canine_StatBar-Cases", "Object Repository/Canine/Canine_StatBar-Studies"): ctdc.utilities.runtestcaseforKatalon.readStatBar is PASSED

2020-05-28 11:49:35 - [MESSAGE][PASSED] - ctdc.utilities.runtestcaseforKatalon.readStatBar is PASSED

2020-05-28 11:49:35 - [TEST_STEP][PASSED] - ctdc.utilities.ReadExcel.Neo4j(): ctdc.utilities.ReadExcel.Neo4j is PASSED

2020-05-28 11:49:42 - [MESSAGE][PASSED] - ctdc.utilities.ReadExcel.Neo4j is PASSED

2020-05-28 11:49:42 - [TEST_STEP][PASSED] - ctdc.utilities.runtestcaseforKatalon.compareLists(): ctdc.utilities.runtestcaseforKatalon.compareLists is PASSED

2020-05-28 11:49:42 - [MESSAGE][PASSED] - ctdc.utilities.runtestcaseforKatalon.compareLists is PASSED

2020-05-28 11:49:42 - [TEST_STEP][PASSED] - ctdc.utilities.runtestcaseforKatalon.validateStatBar(): Statbar Studies count matches

2020-05-28 11:49:42 - [MESSAGE][PASSED] - Statbar Files count matches

2020-05-28 11:49:42 - [MESSAGE][PASSED] - Statbar Samples count matches

2020-05-28 11:49:42 - [MESSAGE][PASSED] - Statbar Cases count matches

2020-05-28 11:49:42 - [MESSAGE][PASSED] - Statbar Studies count matches]]></system-out>
         <system-err><![CDATA[]]></system-err>
      </testcase>
      <testcase name="Test Cases/Canine_TestCases/Breed/TC05_Canine_Filter_Breed-Beagle" time="44.761" classname="Test Cases/Canine_TestCases/Breed/TC05_Canine_Filter_Breed-Beagle" status="PASSED">
         <system-out><![CDATA[2020-05-28 11:49:42 - [TEST_CASE][PASSED] - Test Cases/Canine_TestCases/Breed/TC05_Canine_Filter_Breed-Beagle: Test Cases/Canine_TestCases/Breed/TC05_Canine_Filter_Breed-Beagle

2020-05-28 11:49:42 - [TEST_STEP][PASSED] - closeBrowser(): Browser is closed

2020-05-28 11:49:43 - [MESSAGE][PASSED] - Browser is closed

2020-05-28 11:49:43 - [TEST_STEP][PASSED] - openBrowser(""): Browser is opened with url: ''

2020-05-28 11:49:43 - [MESSAGE][INFO] - Starting 'Firefox (headless)' driver

2020-05-28 11:49:43 - [MESSAGE][INFO] - User set preference: ['args', '[--no-sandbox]']

2020-05-28 11:49:43 - [MESSAGE][INFO] - Action delay is set to 5,000 milliseconds

2020-05-28 11:49:46 - [MESSAGE][PASSED] - Browser is opened with url: ''

2020-05-28 11:49:46 - [TEST_STEP][PASSED] - maximizeWindow(): Current window maximized

2020-05-28 11:49:46 - [MESSAGE][PASSED] - Current window maximized

2020-05-28 11:49:46 - [TEST_STEP][PASSED] - ctdc.utilities.runtestcaseforKatalon.browserDriver(""): ctdc.utilities.runtestcaseforKatalon.browserDriver is PASSED

2020-05-28 11:49:46 - [MESSAGE][PASSED] - ctdc.utilities.runtestcaseforKatalon.browserDriver is PASSED

2020-05-28 11:49:46 - [TEST_STEP][PASSED] - ctdc.utilities.runtestcaseforKatalon.RunKatalon("TC05_Canine_Filter_Breed-Beagle.xlsx"): Data loaded from input file for the test case. 

2020-05-28 11:49:46 - [MESSAGE][PASSED] - Test case file loaded This is the full filepath after converting to string :C:\Users\radhakrishnang2\Desktop\Commons_Automation\InputFiles\TC05_Canine_Filter_Breed-Beagle.xlsx

2020-05-28 11:49:46 - [MESSAGE][INFO] - Global variable set for password file is :  C:\Users\radhakrishnang2\Desktop\Commons_Automation\InputFiles\TC05_Canine_Filter_Breed-Beagle.xlsx

2020-05-28 11:49:46 - [MESSAGE][PASSED] - Data loaded from input file for the test case. 

2020-05-28 11:49:54 - [TEST_STEP][PASSED] - click(findTestObject("Object Repository/Canine/Canine_Cases_Btn")): Object: 'Object Repository/Canine/Canine_Cases_Btn' is clicked on

2020-05-28 11:49:59 - [MESSAGE][PASSED] - Object: 'Object Repository/Canine/Canine_Cases_Btn' is clicked on

2020-05-28 11:49:59 - [TEST_STEP][PASSED] - click(findTestObject("Object Repository/Canine/Filter/Breed/BREED_Ddn")): Object: 'Object Repository/Canine/Filter/Breed/BREED_Ddn' is clicked on

2020-05-28 11:50:06 - [MESSAGE][PASSED] - Object: 'Object Repository/Canine/Filter/Breed/BREED_Ddn' is clicked on

2020-05-28 11:50:06 - [TEST_STEP][PASSED] - click(findTestObject("Object Repository/Canine/Filter/Breed/Beagle_Chkbx")): Object: 'Object Repository/Canine/Filter/Breed/Beagle_Chkbx' is clicked on

2020-05-28 11:50:12 - [MESSAGE][PASSED] - Object: 'Object Repository/Canine/Filter/Breed/Beagle_Chkbx' is clicked on

2020-05-28 11:50:12 - [TEST_STEP][PASSED] - ctdc.utilities.runtestcaseforKatalon.ReadCasesTableKatalon("Object Repository/Canine/Canine_CasesTable", "Object Repository/Canine/Canine_TableHeader", "Object Repository/Canine/Canine_NextBtn"): ctdc.utilities.runtestcaseforKatalon.ReadCasesTableKatalon is PASSED

2020-05-28 11:50:13 - [MESSAGE][PASSED] - ctdc.utilities.runtestcaseforKatalon.ReadCasesTableKatalon is PASSED

2020-05-28 11:50:13 - [TEST_STEP][PASSED] - ctdc.utilities.runtestcaseforKatalon.readStatBar("Object Repository/Canine/Canine_StatBar-Files", "Object Repository/Canine/Canine_StatBar-Samples", "Object Repository/Canine/Canine_StatBar-Cases", "Object Repository/Canine/Canine_StatBar-Studies"): ctdc.utilities.runtestcaseforKatalon.readStatBar is PASSED

2020-05-28 11:50:13 - [MESSAGE][PASSED] - ctdc.utilities.runtestcaseforKatalon.readStatBar is PASSED

2020-05-28 11:50:13 - [TEST_STEP][PASSED] - ctdc.utilities.ReadExcel.Neo4j(): ctdc.utilities.ReadExcel.Neo4j is PASSED

2020-05-28 11:50:20 - [MESSAGE][PASSED] - ctdc.utilities.ReadExcel.Neo4j is PASSED

2020-05-28 11:50:20 - [TEST_STEP][PASSED] - ctdc.utilities.runtestcaseforKatalon.compareLists(): ctdc.utilities.runtestcaseforKatalon.compareLists is PASSED

2020-05-28 11:50:20 - [MESSAGE][PASSED] - ctdc.utilities.runtestcaseforKatalon.compareLists is PASSED

2020-05-28 11:50:20 - [TEST_STEP][PASSED] - ctdc.utilities.runtestcaseforKatalon.validateStatBar(): Statbar Studies count matches

2020-05-28 11:50:20 - [MESSAGE][PASSED] - Statbar Files count matches

2020-05-28 11:50:20 - [MESSAGE][PASSED] - Statbar Samples count matches

2020-05-28 11:50:20 - [MESSAGE][PASSED] - Statbar Cases count matches

2020-05-28 11:50:20 - [MESSAGE][PASSED] - Statbar Studies count matches

2020-05-28 11:50:20 - [TEST_STEP][PASSED] - ctdc.utilities.ReadExcel.Neo4j(): ctdc.utilities.ReadExcel.Neo4j is PASSED

2020-05-28 11:50:27 - [MESSAGE][PASSED] - ctdc.utilities.ReadExcel.Neo4j is PASSED

2020-05-28 11:50:27 - [TEST_STEP][PASSED] - ctdc.utilities.runtestcaseforKatalon.compareLists(): ctdc.utilities.runtestcaseforKatalon.compareLists is PASSED

2020-05-28 11:50:27 - [MESSAGE][PASSED] - ctdc.utilities.runtestcaseforKatalon.compareLists is PASSED]]></system-out>
         <system-err><![CDATA[]]></system-err>
      </testcase>
      <system-out><![CDATA[2020-05-28 11:47:08 - [TEST_SUITE][PASSED] - Canine_TestSuite: Test Cases/Canine_TestCases/Breed/TC05_Canine_Filter_Breed-Beagle]]></system-out>
      <system-err><![CDATA[]]></system-err>
   </testsuite>
</testsuites>
