<?xml version="1.0" encoding="UTF-8"?>
<testsuites name="Bento_TestSuite" time="203.341" tests="2" failures="0" errors="0">
   <testsuite name="Bento_TestSuite" tests="2" failures="0" errors="0" time="203.341" timestamp="2020-12-30 17:35:29" hostname="radhakrishnang2 - NCI-02150368-L.nci.nih.gov" id="Test Suites/Bento_TestSuite">
      <properties>
         <property name="deviceName" value=""/>
         <property name="devicePlatform" value=""/>
         <property name="logFolder" value="C:\\Users\\radhakrishnang2\\Desktop\\Commons_Automation\\Reports\\20201230_173525\\Bento_TestSuite\\20201230_173525"/>
         <property name="logFiles" value="C:\\Users\\radhakrishnang2\\Desktop\\Commons_Automation\\Reports\\20201230_173525\\Bento_TestSuite\\20201230_173525\\execution0.log"/>
         <property name="attachments" value=""/>
         <property name="hostName" value="radhakrishnang2 - NCI-02150368-L.nci.nih.gov"/>
         <property name="os" value="Windows 10 64bit"/>
         <property name="katalonVersion" value="7.7.0.205"/>
         <property name="browser" value="Firefox 78.0"/>
         <property name="hostAddress" value="10.243.91.154"/>
         <property name="sessionId" value="5581b1a7-b790-47eb-8800-5948655de584"/>
         <property name="seleniumVersion" value="3.141.59"/>
         <property name="proxyInformation" value="ProxyInformation { proxyOption=NO_PROXY, proxyServerType=HTTP, username=, password=********, proxyServerAddress=, proxyServerPort=0, executionList=&quot;&quot;, isApplyToDesiredCapabilities=true }"/>
         <property name="platform" value="Windows 10"/>
      </properties>
      <testcase name="Test Cases/Bento_TestCases/MultipleFilters/TC03_Bento_MultiFilter_Diagnosis-Recurrence-TumorSize-TumorGrade" time="93.108" classname="Test Cases/Bento_TestCases/MultipleFilters/TC03_Bento_MultiFilter_Diagnosis-Recurrence-TumorSize-TumorGrade" status="PASSED">
         <system-out><![CDATA[2020-12-30 17:35:29 - [TEST_CASE][PASSED] - Test Cases/Bento_TestCases/MultipleFilters/TC03_Bento_MultiFilter_Diagnosis-Recurrence-TumorSize-TumorGrade: Test Cases/Bento_TestCases/MultipleFilters/TC03_Bento_MultiFilter_Diagnosis-Recurrence-TumorSize-TumorGrade

2020-12-30 17:35:31 - [TEST_STEP][PASSED] - closeBrowser(): Browser is closed

2020-12-30 17:35:32 - [MESSAGE][PASSED] - Browser is closed

2020-12-30 17:35:32 - [TEST_STEP][PASSED] - openBrowser(""): Browser is opened with url: ''

2020-12-30 17:35:32 - [MESSAGE][INFO] - Starting 'Firefox (headless)' driver

2020-12-30 17:35:32 - [MESSAGE][INFO] - User set preference: ['args', '[--no-sandbox]']

2020-12-30 17:35:32 - [MESSAGE][INFO] - Action delay is set to 5,000 milliseconds

2020-12-30 17:35:40 - [MESSAGE][PASSED] - Browser is opened with url: ''

2020-12-30 17:35:40 - [TEST_STEP][PASSED] - maximizeWindow(): Current window maximized

2020-12-30 17:35:40 - [MESSAGE][PASSED] - Current window maximized

2020-12-30 17:35:40 - [TEST_STEP][PASSED] - ctdc.utilities.runtestcaseforKatalon.testSetup(""): ctdc.utilities.runtestcaseforKatalon.testSetup is PASSED

2020-12-30 17:35:40 - [MESSAGE][PASSED] - ctdc.utilities.runtestcaseforKatalon.testSetup is PASSED

2020-12-30 17:35:40 - [TEST_STEP][PASSED] - ctdc.utilities.runtestcaseforKatalon.RunKatalon("TC03_Bento_MultiFilter_Diagnosis-Recurrence-TumorSize-TumorGrade.xlsx"): Data loaded from input file for the test case. 

2020-12-30 17:35:40 - [MESSAGE][PASSED] - Test case file loaded This is the full filepath after converting to string :C:\Users\radhakrishnang2\Desktop\Commons_Automation\InputFiles\TC03_Bento_MultiFilter_Diagnosis-Recurrence-TumorSize-TumorGrade.xlsx

2020-12-30 17:35:42 - [MESSAGE][WARNING] - Test object id is null

2020-12-30 17:35:42 - [MESSAGE][INFO] - Global variable set for password file is :  C:\Users\radhakrishnang2\Desktop\Commons_Automation\InputFiles\TC03_Bento_MultiFilter_Diagnosis-Recurrence-TumorSize-TumorGrade.xlsx

2020-12-30 17:35:44 - [MESSAGE][PASSED] - Data loaded from input file for the test case. 

2020-12-30 17:35:53 - [TEST_STEP][PASSED] - click(findTestObject("Bento/NavBar/Bento_Cases-Btn")): Object: 'Object Repository/Bento/NavBar/Bento_Cases-Btn' is clicked on

2020-12-30 17:35:59 - [MESSAGE][PASSED] - Object: 'Object Repository/Bento/NavBar/Bento_Cases-Btn' is clicked on

2020-12-30 17:35:59 - [TEST_STEP][PASSED] - click(findTestObject("Object Repository/Bento/Filter/FilterByCases_Facet")): Object: 'Object Repository/Bento/Filter/FilterByCases_Facet' is clicked on

2020-12-30 17:36:05 - [MESSAGE][PASSED] - Object: 'Object Repository/Bento/Filter/FilterByCases_Facet' is clicked on

2020-12-30 17:36:05 - [TEST_STEP][PASSED] - click(findTestObject("Bento/Filter/Diagnosis/DIAGNOSIS_Ddn")): Object: 'Object Repository/Bento/Filter/Diagnosis/DIAGNOSIS_Ddn' is clicked on

2020-12-30 17:36:11 - [MESSAGE][PASSED] - Object: 'Object Repository/Bento/Filter/Diagnosis/DIAGNOSIS_Ddn' is clicked on

2020-12-30 17:36:11 - [TEST_STEP][PASSED] - click(findTestObject("Bento/Filter/Diagnosis/MedullaryCarcinoma_Chkbx")): Object: 'Object Repository/Bento/Filter/Diagnosis/MedullaryCarcinoma_Chkbx' is clicked on

2020-12-30 17:36:16 - [MESSAGE][PASSED] - Object: 'Object Repository/Bento/Filter/Diagnosis/MedullaryCarcinoma_Chkbx' is clicked on

2020-12-30 17:36:16 - [TEST_STEP][PASSED] - click(findTestObject("Object Repository/Bento/Filter/Recurrence Score/RecurrScore_Ddn")): Object: 'Object Repository/Bento/Filter/Recurrence Score/RecurrScore_Ddn' is clicked on

2020-12-30 17:36:22 - [MESSAGE][PASSED] - Object: 'Object Repository/Bento/Filter/Recurrence Score/RecurrScore_Ddn' is clicked on

2020-12-30 17:36:22 - [TEST_STEP][PASSED] - ctdc.utilities.runtestcaseforKatalon.clickTab("Object Repository/Bento/Filter/Recurrence Score/16_to_20_Chkbx"): ctdc.utilities.runtestcaseforKatalon.clickTab is PASSED

2020-12-30 17:36:22 - [MESSAGE][PASSED] - ctdc.utilities.runtestcaseforKatalon.clickTab is PASSED

2020-12-30 17:36:22 - [TEST_STEP][PASSED] - ctdc.utilities.runtestcaseforKatalon.clickTab("Object Repository/Bento/Filter/TumorSize/TumorSize_Ddn"): ctdc.utilities.runtestcaseforKatalon.clickTab is PASSED

2020-12-30 17:36:22 - [MESSAGE][PASSED] - ctdc.utilities.runtestcaseforKatalon.clickTab is PASSED

2020-12-30 17:36:22 - [TEST_STEP][PASSED] - ctdc.utilities.runtestcaseforKatalon.clickTab("Object Repository/Bento/Filter/TumorSize/2_to_3_Chkbx"): ctdc.utilities.runtestcaseforKatalon.clickTab is PASSED

2020-12-30 17:36:24 - [MESSAGE][PASSED] - ctdc.utilities.runtestcaseforKatalon.clickTab is PASSED

2020-12-30 17:36:24 - [TEST_STEP][PASSED] - ctdc.utilities.runtestcaseforKatalon.clickTab("Object Repository/Bento/Filter/TumorGrade/TumorGrade_Ddn"): ctdc.utilities.runtestcaseforKatalon.clickTab is PASSED

2020-12-30 17:36:24 - [MESSAGE][PASSED] - ctdc.utilities.runtestcaseforKatalon.clickTab is PASSED

2020-12-30 17:36:24 - [TEST_STEP][PASSED] - ctdc.utilities.runtestcaseforKatalon.clickTab("Object Repository/Bento/Filter/TumorGrade/NotReported_Chkbx"): ctdc.utilities.runtestcaseforKatalon.clickTab is PASSED

2020-12-30 17:36:25 - [MESSAGE][PASSED] - ctdc.utilities.runtestcaseforKatalon.clickTab is PASSED

2020-12-30 17:36:25 - [TEST_STEP][PASSED] - ctdc.utilities.runtestcaseforKatalon.readStatBarBento("Object Repository/Bento/StatBar/Bento_StatBar-Programs", "Object Repository/Bento/StatBar/Bento_StatBar-Arms", "Object Repository/Bento/StatBar/Bento_StatBar-Cases", "Object Repository/Bento/StatBar/Bento_StatBar-Samples", "Object Repository/Bento/StatBar/Bento_StatBar-Assays", "Object Repository/Bento/StatBar/Bento_StatBar-Files"): ctdc.utilities.runtestcaseforKatalon.readStatBarBento is PASSED

2020-12-30 17:36:28 - [MESSAGE][PASSED] - ctdc.utilities.runtestcaseforKatalon.readStatBarBento is PASSED

2020-12-30 17:36:28 - [TEST_STEP][PASSED] - waitForElementPresent(findTestObject("Bento/BentoResults_Cases_Tab"), 5): Object 'Object Repository/Bento/BentoResults_Cases_Tab' is present

2020-12-30 17:36:28 - [MESSAGE][PASSED] - Object 'Object Repository/Bento/BentoResults_Cases_Tab' is present

2020-12-30 17:36:28 - [TEST_STEP][PASSED] - ctdc.utilities.runtestcaseforKatalon.clickTab("Bento/BentoResults_Cases_Tab"): ctdc.utilities.runtestcaseforKatalon.clickTab is PASSED

2020-12-30 17:36:28 - [MESSAGE][PASSED] - ctdc.utilities.runtestcaseforKatalon.clickTab is PASSED

2020-12-30 17:36:28 - [TEST_STEP][PASSED] - ctdc.utilities.runtestcaseforKatalon.multiFunction(G_StatBar_Cases, "Object Repository/Bento/Bento_CasesTable", "Object Repository/Bento/Bento_CasesTableHeader", "Object Repository/Bento/Bento_CasesTabNextBtn", G_WebTabnameCases, G_CypherTabnameCases, G_QueryCasesTab): Statbar Files count matches

2020-12-30 17:37:02 - [MESSAGE][PASSED] - Statbar Programs count matches

2020-12-30 17:37:02 - [MESSAGE][PASSED] - Statbar Arms count matches

2020-12-30 17:37:02 - [MESSAGE][PASSED] - Statbar Cases count matches

2020-12-30 17:37:02 - [MESSAGE][PASSED] - Statbar Samples count matches

2020-12-30 17:37:02 - [MESSAGE][PASSED] - Statbar Assays count matches

2020-12-30 17:37:02 - [MESSAGE][PASSED] - Statbar Files count matches]]></system-out>
         <system-err><![CDATA[]]></system-err>
      </testcase>
      <testcase name="Test Cases/Bento_TestCases/MultipleFilters/TC04_Bento_MultiFilter_Diagnosis-Recurrence-TumorSize-Chemo-TumorGrade" time="107.114" classname="Test Cases/Bento_TestCases/MultipleFilters/TC04_Bento_MultiFilter_Diagnosis-Recurrence-TumorSize-Chemo-TumorGrade" status="PASSED">
         <system-out><![CDATA[2020-12-30 17:37:02 - [TEST_CASE][PASSED] - Test Cases/Bento_TestCases/MultipleFilters/TC04_Bento_MultiFilter_Diagnosis-Recurrence-TumorSize-Chemo-TumorGrade: Test Cases/Bento_TestCases/MultipleFilters/TC04_Bento_MultiFilter_Diagnosis-Recurrence-TumorSize-Chemo-TumorGrade

2020-12-30 17:37:03 - [TEST_STEP][PASSED] - closeBrowser(): Browser is closed

2020-12-30 17:37:05 - [MESSAGE][PASSED] - Browser is closed

2020-12-30 17:37:05 - [TEST_STEP][PASSED] - openBrowser(""): Browser is opened with url: ''

2020-12-30 17:37:05 - [MESSAGE][INFO] - Starting 'Firefox (headless)' driver

2020-12-30 17:37:05 - [MESSAGE][INFO] - User set preference: ['args', '[--no-sandbox]']

2020-12-30 17:37:05 - [MESSAGE][INFO] - Action delay is set to 5,000 milliseconds

2020-12-30 17:37:11 - [MESSAGE][PASSED] - Browser is opened with url: ''

2020-12-30 17:37:11 - [TEST_STEP][PASSED] - maximizeWindow(): Current window maximized

2020-12-30 17:37:11 - [MESSAGE][PASSED] - Current window maximized

2020-12-30 17:37:11 - [TEST_STEP][PASSED] - ctdc.utilities.runtestcaseforKatalon.testSetup(""): ctdc.utilities.runtestcaseforKatalon.testSetup is PASSED

2020-12-30 17:37:11 - [MESSAGE][PASSED] - ctdc.utilities.runtestcaseforKatalon.testSetup is PASSED

2020-12-30 17:37:11 - [TEST_STEP][PASSED] - ctdc.utilities.runtestcaseforKatalon.RunKatalon("TC04_Bento_MultiFilter_Diagnosis-Recurrence-TumorSize-Chemo-TumorGrade.xlsx"): Data loaded from input file for the test case. 

2020-12-30 17:37:11 - [MESSAGE][PASSED] - Test case file loaded This is the full filepath after converting to string :C:\Users\radhakrishnang2\Desktop\Commons_Automation\InputFiles\TC04_Bento_MultiFilter_Diagnosis-Recurrence-TumorSize-Chemo-TumorGrade.xlsx

2020-12-30 17:37:11 - [MESSAGE][INFO] - Global variable set for password file is :  C:\Users\radhakrishnang2\Desktop\Commons_Automation\InputFiles\TC04_Bento_MultiFilter_Diagnosis-Recurrence-TumorSize-Chemo-TumorGrade.xlsx

2020-12-30 17:37:12 - [MESSAGE][PASSED] - Data loaded from input file for the test case. 

2020-12-30 17:37:21 - [TEST_STEP][PASSED] - click(findTestObject("Bento/NavBar/Bento_Cases-Btn")): Object: 'Object Repository/Bento/NavBar/Bento_Cases-Btn' is clicked on

2020-12-30 17:37:26 - [MESSAGE][PASSED] - Object: 'Object Repository/Bento/NavBar/Bento_Cases-Btn' is clicked on

2020-12-30 17:37:26 - [TEST_STEP][PASSED] - click(findTestObject("Object Repository/Bento/Filter/FilterByCases_Facet")): Object: 'Object Repository/Bento/Filter/FilterByCases_Facet' is clicked on

2020-12-30 17:37:32 - [MESSAGE][PASSED] - Object: 'Object Repository/Bento/Filter/FilterByCases_Facet' is clicked on

2020-12-30 17:37:32 - [TEST_STEP][PASSED] - click(findTestObject("Bento/Filter/Diagnosis/DIAGNOSIS_Ddn")): Object: 'Object Repository/Bento/Filter/Diagnosis/DIAGNOSIS_Ddn' is clicked on

2020-12-30 17:37:38 - [MESSAGE][PASSED] - Object: 'Object Repository/Bento/Filter/Diagnosis/DIAGNOSIS_Ddn' is clicked on

2020-12-30 17:37:38 - [TEST_STEP][PASSED] - click(findTestObject("Object Repository/Bento/Filter/Diagnosis/MucinousCollCarcinoma_Chkbx")): Object: 'Object Repository/Bento/Filter/Diagnosis/MucinousCollCarcinoma_Chkbx' is clicked on

2020-12-30 17:37:43 - [MESSAGE][PASSED] - Object: 'Object Repository/Bento/Filter/Diagnosis/MucinousCollCarcinoma_Chkbx' is clicked on

2020-12-30 17:37:43 - [TEST_STEP][PASSED] - click(findTestObject("Object Repository/Bento/Filter/Recurrence Score/RecurrScore_Ddn")): Object: 'Object Repository/Bento/Filter/Recurrence Score/RecurrScore_Ddn' is clicked on

2020-12-30 17:37:49 - [MESSAGE][PASSED] - Object: 'Object Repository/Bento/Filter/Recurrence Score/RecurrScore_Ddn' is clicked on

2020-12-30 17:37:49 - [TEST_STEP][PASSED] - ctdc.utilities.runtestcaseforKatalon.clickTab("Object Repository/Bento/Filter/Recurrence Score/51_to_100_Chkbx"): ctdc.utilities.runtestcaseforKatalon.clickTab is PASSED

2020-12-30 17:37:49 - [MESSAGE][PASSED] - ctdc.utilities.runtestcaseforKatalon.clickTab is PASSED

2020-12-30 17:37:49 - [TEST_STEP][PASSED] - ctdc.utilities.runtestcaseforKatalon.clickTab("Object Repository/Bento/Filter/TumorSize/TumorSize_Ddn"): ctdc.utilities.runtestcaseforKatalon.clickTab is PASSED

2020-12-30 17:37:50 - [MESSAGE][PASSED] - ctdc.utilities.runtestcaseforKatalon.clickTab is PASSED

2020-12-30 17:37:50 - [TEST_STEP][PASSED] - ctdc.utilities.runtestcaseforKatalon.clickTab("Object Repository/Bento/Filter/TumorSize/Above_4_Chkbx"): ctdc.utilities.runtestcaseforKatalon.clickTab is PASSED

2020-12-30 17:37:52 - [MESSAGE][PASSED] - ctdc.utilities.runtestcaseforKatalon.clickTab is PASSED

2020-12-30 17:37:52 - [TEST_STEP][PASSED] - ctdc.utilities.runtestcaseforKatalon.clickTab("Object Repository/Bento/Filter/Chemotherapy/Chemotherapy_Ddn"): ctdc.utilities.runtestcaseforKatalon.clickTab is PASSED

2020-12-30 17:37:53 - [MESSAGE][PASSED] - ctdc.utilities.runtestcaseforKatalon.clickTab is PASSED

2020-12-30 17:37:53 - [TEST_STEP][PASSED] - ctdc.utilities.runtestcaseforKatalon.clickTab("Object Repository/Bento/Filter/Chemotherapy/OtherTreatment_Chkbx"): ctdc.utilities.runtestcaseforKatalon.clickTab is PASSED

2020-12-30 17:37:54 - [MESSAGE][PASSED] - ctdc.utilities.runtestcaseforKatalon.clickTab is PASSED

2020-12-30 17:37:54 - [TEST_STEP][PASSED] - ctdc.utilities.runtestcaseforKatalon.clickTab("Object Repository/Bento/Filter/TumorGrade/TumorGrade_Ddn"): ctdc.utilities.runtestcaseforKatalon.clickTab is PASSED

2020-12-30 17:37:55 - [MESSAGE][PASSED] - ctdc.utilities.runtestcaseforKatalon.clickTab is PASSED

2020-12-30 17:37:55 - [TEST_STEP][PASSED] - ctdc.utilities.runtestcaseforKatalon.clickTab("Object Repository/Bento/Filter/TumorGrade/Intermediate_Chkbx"): ctdc.utilities.runtestcaseforKatalon.clickTab is PASSED

2020-12-30 17:37:56 - [MESSAGE][PASSED] - ctdc.utilities.runtestcaseforKatalon.clickTab is PASSED

2020-12-30 17:37:56 - [TEST_STEP][PASSED] - ctdc.utilities.runtestcaseforKatalon.readStatBarBento("Object Repository/Bento/StatBar/Bento_StatBar-Programs", "Object Repository/Bento/StatBar/Bento_StatBar-Arms", "Object Repository/Bento/StatBar/Bento_StatBar-Cases", "Object Repository/Bento/StatBar/Bento_StatBar-Samples", "Object Repository/Bento/StatBar/Bento_StatBar-Assays", "Object Repository/Bento/StatBar/Bento_StatBar-Files"): ctdc.utilities.runtestcaseforKatalon.readStatBarBento is PASSED

2020-12-30 17:37:58 - [MESSAGE][PASSED] - ctdc.utilities.runtestcaseforKatalon.readStatBarBento is PASSED

2020-12-30 17:37:58 - [TEST_STEP][PASSED] - waitForElementPresent(findTestObject("Bento/BentoResults_Cases_Tab"), 5): Object 'Object Repository/Bento/BentoResults_Cases_Tab' is present

2020-12-30 17:37:58 - [MESSAGE][PASSED] - Object 'Object Repository/Bento/BentoResults_Cases_Tab' is present

2020-12-30 17:37:58 - [TEST_STEP][PASSED] - ctdc.utilities.runtestcaseforKatalon.clickTab("Bento/BentoResults_Cases_Tab"): ctdc.utilities.runtestcaseforKatalon.clickTab is PASSED

2020-12-30 17:37:59 - [MESSAGE][PASSED] - ctdc.utilities.runtestcaseforKatalon.clickTab is PASSED

2020-12-30 17:37:59 - [TEST_STEP][PASSED] - ctdc.utilities.runtestcaseforKatalon.multiFunction(G_StatBar_Cases, "Object Repository/Bento/Bento_CasesTable", "Object Repository/Bento/Bento_CasesTableHeader", "Object Repository/Bento/Bento_CasesTabNextBtn", G_WebTabnameCases, G_CypherTabnameCases, G_QueryCasesTab): Statbar Files count matches

2020-12-30 17:38:11 - [MESSAGE][PASSED] - Statbar Programs count matches

2020-12-30 17:38:11 - [MESSAGE][PASSED] - Statbar Arms count matches

2020-12-30 17:38:11 - [MESSAGE][PASSED] - Statbar Cases count matches

2020-12-30 17:38:11 - [MESSAGE][PASSED] - Statbar Samples count matches

2020-12-30 17:38:11 - [MESSAGE][PASSED] - Statbar Assays count matches

2020-12-30 17:38:11 - [MESSAGE][PASSED] - Statbar Files count matches

2020-12-30 17:38:11 - [TEST_STEP][PASSED] - waitForElementPresent(findTestObject("Bento/BentoResults_Samples_Tab"), 5): Object 'Object Repository/Bento/BentoResults_Samples_Tab' is present

2020-12-30 17:38:12 - [MESSAGE][PASSED] - Object 'Object Repository/Bento/BentoResults_Samples_Tab' is present

2020-12-30 17:38:12 - [TEST_STEP][PASSED] - ctdc.utilities.runtestcaseforKatalon.clickTab("Object Repository/Bento/BentoResults_Samples_Tab"): ctdc.utilities.runtestcaseforKatalon.clickTab is PASSED

2020-12-30 17:38:13 - [MESSAGE][PASSED] - ctdc.utilities.runtestcaseforKatalon.clickTab is PASSED

2020-12-30 17:38:13 - [TEST_STEP][PASSED] - ctdc.utilities.runtestcaseforKatalon.multiFunction(G_StatBar_Samples, "Object Repository/Bento/Bento_SamplesTable", "Object Repository/Bento/Bento_SamplesTableHeader", "Object Repository/Bento/Bento_SamplesTabNextBtn", G_WebTabnameSamples, G_CypherTabnameSamples, G_QuerySamplesTab): Statbar Files count matches

2020-12-30 17:38:28 - [MESSAGE][PASSED] - Statbar Programs count matches

2020-12-30 17:38:28 - [MESSAGE][PASSED] - Statbar Arms count matches

2020-12-30 17:38:28 - [MESSAGE][PASSED] - Statbar Cases count matches

2020-12-30 17:38:28 - [MESSAGE][PASSED] - Statbar Samples count matches

2020-12-30 17:38:28 - [MESSAGE][PASSED] - Statbar Assays count matches

2020-12-30 17:38:28 - [MESSAGE][PASSED] - Statbar Files count matches

2020-12-30 17:38:28 - [TEST_STEP][PASSED] - waitForElementPresent(findTestObject("Bento/BentoResults_Files_Tab"), 5): Object 'Object Repository/Bento/BentoResults_Files_Tab' is present

2020-12-30 17:38:28 - [MESSAGE][PASSED] - Object 'Object Repository/Bento/BentoResults_Files_Tab' is present

2020-12-30 17:38:28 - [TEST_STEP][PASSED] - ctdc.utilities.runtestcaseforKatalon.clickTab("Object Repository/Bento/BentoResults_Files_Tab"): ctdc.utilities.runtestcaseforKatalon.clickTab is PASSED

2020-12-30 17:38:29 - [MESSAGE][PASSED] - ctdc.utilities.runtestcaseforKatalon.clickTab is PASSED

2020-12-30 17:38:29 - [TEST_STEP][PASSED] - ctdc.utilities.runtestcaseforKatalon.multiFunction(G_StatBar_Files, "Object Repository/Bento/Bento_FilesTable", "Object Repository/Bento/Bento_FilesTableHeader", "Object Repository/Bento/Bento_FilesTabNextBtn", G_WebTabnameFiles, G_CypherTabnameFiles, G_QueryFilesTab): Statbar Files count matches

2020-12-30 17:38:50 - [MESSAGE][PASSED] - Statbar Programs count matches

2020-12-30 17:38:50 - [MESSAGE][PASSED] - Statbar Arms count matches

2020-12-30 17:38:50 - [MESSAGE][PASSED] - Statbar Cases count matches

2020-12-30 17:38:50 - [MESSAGE][PASSED] - Statbar Samples count matches

2020-12-30 17:38:50 - [MESSAGE][PASSED] - Statbar Assays count matches

2020-12-30 17:38:50 - [MESSAGE][PASSED] - Statbar Files count matches]]></system-out>
         <system-err><![CDATA[]]></system-err>
      </testcase>
      <system-out><![CDATA[2020-12-30 17:35:29 - [TEST_SUITE][PASSED] - Bento_TestSuite: Test Cases/Bento_TestCases/MultipleFilters/TC04_Bento_MultiFilter_Diagnosis-Recurrence-TumorSize-Chemo-TumorGrade]]></system-out>
      <system-err><![CDATA[]]></system-err>
   </testsuite>
</testsuites>
