<?xml version="1.0" encoding="UTF-8"?>
<testsuites name="Newly added and fixed TCS Sofi" time="762.462" tests="8" failures="0" errors="0">
   <testsuite name="Newly added and fixed TCS Sofi" tests="8" failures="0" errors="0" time="762.462" skipped="0" timestamp="2022-04-07 18:20:40" hostname="davids3 - NCI-02226468-L.nci.nih.gov" id="Test Suites/Newly added and fixed TCS Sofi">
      <properties>
         <property name="deviceName" value=""/>
         <property name="devicePlatform" value=""/>
         <property name="logFolder" value="C:\\Users\\davids3\\newclone\\Commons_Automation\\Reports\\20220407_182033\\Newly added and fixed TCS Sofi\\20220407_182033"/>
         <property name="logFiles" value="C:\\Users\\davids3\\newclone\\Commons_Automation\\Reports\\20220407_182033\\Newly added and fixed TCS Sofi\\20220407_182033\\execution0.log"/>
         <property name="attachments" value=""/>
         <property name="hostName" value="davids3 - NCI-02226468-L.nci.nih.gov"/>
         <property name="os" value="Windows 10 64bit"/>
         <property name="katalonVersion" value="8.2.5.208"/>
         <property name="browser" value="Chrome 100.0.4896.60"/>
         <property name="hostAddress" value="192.168.86.32"/>
         <property name="sessionId" value="14a999edbd76ae24a93c5fc5228a44b5"/>
         <property name="seleniumVersion" value="3.141.59"/>
         <property name="proxyInformation" value="ProxyInformation { proxyOption=NO_PROXY, proxyServerType=HTTP, username=, password=********, proxyServerAddress=, proxyServerPort=0, executionList=&quot;&quot;, isApplyToDesiredCapabilities=true }"/>
         <property name="platform" value="Windows 10"/>
      </properties>
      <testcase name="Test Cases/Canine_TestCases/StudyCombinations/Study-Combinations-OSA01/TC05_Canine_StudyOSA01-StudyType_Sex_SampSite_SampPathology" time="138.388" classname="Test Cases/Canine_TestCases/StudyCombinations/Study-Combinations-OSA01/TC05_Canine_StudyOSA01-StudyType_Sex_SampSite_SampPathology" status="PASSED">
         <system-out><![CDATA[2022-04-07 18:20:41 - [TEST_CASE][PASSED] - Test Cases/Canine_TestCases/StudyCombinations/Study-Combinations-OSA01/TC05_Canine_StudyOSA01-StudyType_Sex_SampSite_SampPathology: Test Cases/Canine_TestCases/StudyCombinations/Study-Combinations-OSA01/TC05_Canine_StudyOSA01-StudyType_Sex_SampSite_SampPathology

2022-04-07 18:20:41 - [TEST_STEP][PASSED] - Start listener action : getTestScriptName: null

2022-04-07 18:20:41 - [TEST_STEP][PASSED] - TestCaseId = testCaseContext.getTestCaseId(): null

2022-04-07 18:20:41 - [TEST_STEP][PASSED] - out.println("**********this is the value of test case id string******** " + testCaseContext.getTestCaseId()): null

2022-04-07 18:20:41 - [TEST_STEP][PASSED] - G_currentTCName = TestCaseId.substring(TestCaseId.lastIndexOf("TC")): null

2022-04-07 18:20:41 - [TEST_STEP][PASSED] - out.println("This is the test case name : " + G_currentTCName): null

2022-04-07 18:20:41 - [TEST_STEP][PASSED] - "Opens the browser of choice: Chrome, Firefox or Edge": null

2022-04-07 18:20:41 - [TEST_STEP][PASSED] - "Driver opened by Katalon is used in Selenium from this step.": null

2022-04-07 18:20:41 - [TEST_STEP][PASSED] - ctdc.utilities.runtestcaseforKatalon.RunKatalon("TC05_Canine_StudyOSA01-StudyType_Sex_SampSite_SampPathology.xlsx"): Data loaded from input file for the test case. 

2022-04-07 18:20:41 - [MESSAGE][PASSED] - Test case file loaded This is the full filepath after converting to string :C:\Users\davids3\newclone\Commons_Automation\InputFiles\TC05_Canine_StudyOSA01-StudyType_Sex_SampSite_SampPathology.xlsx

2022-04-07 18:20:41 - [MESSAGE][INFO] - Global variable set for password file is :  C:\Users\davids3\newclone\Commons_Automation\InputFiles\TC05_Canine_StudyOSA01-StudyType_Sex_SampSite_SampPathology.xlsx

2022-04-07 18:20:46 - [MESSAGE][PASSED] - Data loaded from input file for the test case. 

2022-04-07 18:20:54 - [TEST_STEP][PASSED] - waitForElementPresent(findTestObject("Canine/NavBar/Canine_Cases_Btn"), 20): Object 'Object Repository/Canine/NavBar/Canine_Cases_Btn' is present

2022-04-07 18:20:54 - [MESSAGE][PASSED] - Object 'Object Repository/Canine/NavBar/Canine_Cases_Btn' is present

2022-04-07 18:20:54 - [TEST_STEP][PASSED] - ctdc.utilities.runtestcaseforKatalon.clickTab("Object Repository/Canine/Canine_PopUp_Continue_Btn"): ctdc.utilities.runtestcaseforKatalon.clickTab is PASSED

2022-04-07 18:20:54 - [MESSAGE][PASSED] - ctdc.utilities.runtestcaseforKatalon.clickTab is PASSED

2022-04-07 18:20:54 - [TEST_STEP][PASSED] - out.println("Closed the popup window"): null

2022-04-07 18:20:54 - [TEST_STEP][PASSED] - waitForElementPresent(findTestObject("Canine/NavBar/Canine_Cases_Btn"), 20): Object 'Object Repository/Canine/NavBar/Canine_Cases_Btn' is present

2022-04-07 18:20:54 - [MESSAGE][PASSED] - Object 'Object Repository/Canine/NavBar/Canine_Cases_Btn' is present

2022-04-07 18:20:54 - [TEST_STEP][PASSED] - ctdc.utilities.runtestcaseforKatalon.clickTab("Canine/NavBar/Canine_Cases_Btn"): ctdc.utilities.runtestcaseforKatalon.clickTab is PASSED

2022-04-07 18:20:54 - [MESSAGE][PASSED] - ctdc.utilities.runtestcaseforKatalon.clickTab is PASSED

2022-04-07 18:20:54 - [TEST_STEP][PASSED] - waitForElementPresent(findTestObject("Object Repository/Canine/Filter/Study/Canine_Filter_Study"), 30): Object 'Object Repository/Canine/Filter/Study/Canine_Filter_Study' is present

2022-04-07 18:20:55 - [MESSAGE][PASSED] - Object 'Object Repository/Canine/Filter/Study/Canine_Filter_Study' is present

2022-04-07 18:20:55 - [TEST_STEP][PASSED] - verifyElementPresent(findTestObject("Object Repository/Canine/Filter/Study/Canine_Filter_Study"), 5): Object 'Object Repository/Canine/Filter/Study/Canine_Filter_Study' is present

2022-04-07 18:20:55 - [MESSAGE][PASSED] - Object 'Object Repository/Canine/Filter/Study/Canine_Filter_Study' is present

2022-04-07 18:20:55 - [TEST_STEP][PASSED] - ctdc.utilities.runtestcaseforKatalon.clickTab("Object Repository/Canine/Filter/Study/Canine_Filter_Study"): ctdc.utilities.runtestcaseforKatalon.clickTab is PASSED

2022-04-07 18:20:55 - [MESSAGE][PASSED] - ctdc.utilities.runtestcaseforKatalon.clickTab is PASSED

2022-04-07 18:20:55 - [TEST_STEP][PASSED] - waitForElementPresent(findTestObject("Object Repository/Canine/Filter/Study/Canine_Filter_Study-OSA01_Chkbx"), 30): Object 'Object Repository/Canine/Filter/Study/Canine_Filter_Study-OSA01_Chkbx' is present

2022-04-07 18:20:56 - [MESSAGE][PASSED] - Object 'Object Repository/Canine/Filter/Study/Canine_Filter_Study-OSA01_Chkbx' is present

2022-04-07 18:20:56 - [TEST_STEP][PASSED] - verifyElementPresent(findTestObject("Object Repository/Canine/Filter/Study/Canine_Filter_Study-OSA01_Chkbx"), 5): Object 'Object Repository/Canine/Filter/Study/Canine_Filter_Study-OSA01_Chkbx' is present

2022-04-07 18:20:56 - [MESSAGE][PASSED] - Object 'Object Repository/Canine/Filter/Study/Canine_Filter_Study-OSA01_Chkbx' is present

2022-04-07 18:20:56 - [TEST_STEP][PASSED] - ctdc.utilities.runtestcaseforKatalon.clickTab("Object Repository/Canine/Filter/Study/Canine_Filter_Study-OSA01_Chkbx"): ctdc.utilities.runtestcaseforKatalon.clickTab is PASSED

2022-04-07 18:20:56 - [MESSAGE][PASSED] - ctdc.utilities.runtestcaseforKatalon.clickTab is PASSED

2022-04-07 18:20:56 - [TEST_STEP][PASSED] - Thread.sleep(2000): null

2022-04-07 18:20:58 - [TEST_STEP][PASSED] - waitForElementPresent(findTestObject("Object Repository/Canine/Filter/StudyType/StudyType_Ddn"), 30): Object 'Object Repository/Canine/Filter/StudyType/StudyType_Ddn' is present

2022-04-07 18:20:58 - [MESSAGE][PASSED] - Object 'Object Repository/Canine/Filter/StudyType/StudyType_Ddn' is present

2022-04-07 18:20:58 - [TEST_STEP][PASSED] - verifyElementPresent(findTestObject("Object Repository/Canine/Filter/StudyType/StudyType_Ddn"), 5): Object 'Object Repository/Canine/Filter/StudyType/StudyType_Ddn' is present

2022-04-07 18:20:58 - [MESSAGE][PASSED] - Object 'Object Repository/Canine/Filter/StudyType/StudyType_Ddn' is present

2022-04-07 18:20:58 - [TEST_STEP][PASSED] - ctdc.utilities.runtestcaseforKatalon.clickTabCanineStat("Object Repository/Canine/Filter/StudyType/StudyType_Ddn"): ctdc.utilities.runtestcaseforKatalon.clickTabCanineStat is PASSED

2022-04-07 18:20:59 - [MESSAGE][PASSED] - ctdc.utilities.runtestcaseforKatalon.clickTabCanineStat is PASSED

2022-04-07 18:20:59 - [TEST_STEP][PASSED] - Thread.sleep(2000): null

2022-04-07 18:21:01 - [TEST_STEP][PASSED] - waitForElementPresent(findTestObject("Object Repository/Canine/Filter/StudyType/Canine_Filter_StudyType-Genomics_Chkbx"), 30): Object 'Object Repository/Canine/Filter/StudyType/Canine_Filter_StudyType-Genomics_Chkbx' is present

2022-04-07 18:21:02 - [MESSAGE][PASSED] - Object 'Object Repository/Canine/Filter/StudyType/Canine_Filter_StudyType-Genomics_Chkbx' is present

2022-04-07 18:21:02 - [TEST_STEP][PASSED] - verifyElementPresent(findTestObject("Object Repository/Canine/Filter/StudyType/Canine_Filter_StudyType-Genomics_Chkbx"), 5): Object 'Object Repository/Canine/Filter/StudyType/Canine_Filter_StudyType-Genomics_Chkbx' is present

2022-04-07 18:21:02 - [MESSAGE][PASSED] - Object 'Object Repository/Canine/Filter/StudyType/Canine_Filter_StudyType-Genomics_Chkbx' is present

2022-04-07 18:21:02 - [TEST_STEP][PASSED] - waitForElementClickable(findTestObject("Object Repository/Canine/Filter/StudyType/Canine_Filter_StudyType-Genomics_Chkbx"), 30): Object 'Object Repository/Canine/Filter/StudyType/Canine_Filter_StudyType-Genomics_Chkbx' is clickable

2022-04-07 18:21:02 - [MESSAGE][PASSED] - Object 'Object Repository/Canine/Filter/StudyType/Canine_Filter_StudyType-Genomics_Chkbx' is clickable

2022-04-07 18:21:02 - [TEST_STEP][PASSED] - waitForElementPresent(findTestObject("Object Repository/Canine/Filter/SEX/SEX_Ddn"), 30): Object 'Object Repository/Canine/Filter/SEX/SEX_Ddn' is present

2022-04-07 18:21:02 - [MESSAGE][PASSED] - Object 'Object Repository/Canine/Filter/SEX/SEX_Ddn' is present

2022-04-07 18:21:02 - [TEST_STEP][PASSED] - verifyElementPresent(findTestObject("Object Repository/Canine/Filter/SEX/SEX_Ddn"), 5): Object 'Object Repository/Canine/Filter/SEX/SEX_Ddn' is present

2022-04-07 18:21:02 - [MESSAGE][PASSED] - Object 'Object Repository/Canine/Filter/SEX/SEX_Ddn' is present

2022-04-07 18:21:02 - [TEST_STEP][PASSED] - ctdc.utilities.runtestcaseforKatalon.clickTabCanineStat("Object Repository/Canine/Filter/SEX/SEX_Ddn"): ctdc.utilities.runtestcaseforKatalon.clickTabCanineStat is PASSED

2022-04-07 18:21:03 - [MESSAGE][PASSED] - ctdc.utilities.runtestcaseforKatalon.clickTabCanineStat is PASSED

2022-04-07 18:21:03 - [TEST_STEP][PASSED] - Thread.sleep(2000): null

2022-04-07 18:21:05 - [TEST_STEP][PASSED] - waitForElementPresent(findTestObject("Object Repository/Canine/Filter/SEX/Female_Chkbx"), 30): Object 'Object Repository/Canine/Filter/SEX/Female_Chkbx' is present

2022-04-07 18:21:05 - [MESSAGE][PASSED] - Object 'Object Repository/Canine/Filter/SEX/Female_Chkbx' is present

2022-04-07 18:21:05 - [TEST_STEP][PASSED] - verifyElementPresent(findTestObject("Object Repository/Canine/Filter/SEX/Female_Chkbx"), 5): Object 'Object Repository/Canine/Filter/SEX/Female_Chkbx' is present

2022-04-07 18:21:05 - [MESSAGE][PASSED] - Object 'Object Repository/Canine/Filter/SEX/Female_Chkbx' is present

2022-04-07 18:21:05 - [TEST_STEP][PASSED] - waitForElementClickable(findTestObject("Object Repository/Canine/Filter/SEX/Female_Chkbx"), 30): Object 'Object Repository/Canine/Filter/SEX/Female_Chkbx' is clickable

2022-04-07 18:21:06 - [MESSAGE][PASSED] - Object 'Object Repository/Canine/Filter/SEX/Female_Chkbx' is clickable

2022-04-07 18:21:06 - [TEST_STEP][PASSED] - ctdc.utilities.runtestcaseforKatalon.clickTabCanineStat("Object Repository/Canine/Filter/SEX/Female_Chkbx"): ctdc.utilities.runtestcaseforKatalon.clickTabCanineStat is PASSED

2022-04-07 18:21:07 - [MESSAGE][PASSED] - ctdc.utilities.runtestcaseforKatalon.clickTabCanineStat is PASSED

2022-04-07 18:21:07 - [TEST_STEP][PASSED] - ctdc.utilities.runtestcaseforKatalon.clickTab("Object Repository/Canine/Filter/SEX/SEX_Ddn"): ctdc.utilities.runtestcaseforKatalon.clickTab is PASSED

2022-04-07 18:21:07 - [MESSAGE][PASSED] - ctdc.utilities.runtestcaseforKatalon.clickTab is PASSED

2022-04-07 18:21:07 - [TEST_STEP][PASSED] - waitForElementPresent(findTestObject("Object Repository/Canine/Filter/SampleSite/SAMPLE_SITE_Ddn"), 30): Object 'Object Repository/Canine/Filter/SampleSite/SAMPLE_SITE_Ddn' is present

2022-04-07 18:21:07 - [MESSAGE][PASSED] - Object 'Object Repository/Canine/Filter/SampleSite/SAMPLE_SITE_Ddn' is present

2022-04-07 18:21:07 - [TEST_STEP][PASSED] - verifyElementPresent(findTestObject("Object Repository/Canine/Filter/SampleSite/SAMPLE_SITE_Ddn"), 5): Object 'Object Repository/Canine/Filter/SampleSite/SAMPLE_SITE_Ddn' is present

2022-04-07 18:21:07 - [MESSAGE][PASSED] - Object 'Object Repository/Canine/Filter/SampleSite/SAMPLE_SITE_Ddn' is present

2022-04-07 18:21:07 - [TEST_STEP][PASSED] - ctdc.utilities.runtestcaseforKatalon.clickTabCanineStat("Object Repository/Canine/Filter/SampleSite/SAMPLE_SITE_Ddn"): ctdc.utilities.runtestcaseforKatalon.clickTabCanineStat is PASSED

2022-04-07 18:21:08 - [MESSAGE][PASSED] - ctdc.utilities.runtestcaseforKatalon.clickTabCanineStat is PASSED

2022-04-07 18:21:08 - [TEST_STEP][PASSED] - Thread.sleep(1000): null

2022-04-07 18:21:09 - [TEST_STEP][PASSED] - waitForElementPresent(findTestObject("Object Repository/Canine/Filter/SampleSite/Bone_Chkbx"), 30): Object 'Object Repository/Canine/Filter/SampleSite/Bone_Chkbx' is present

2022-04-07 18:21:09 - [MESSAGE][PASSED] - Object 'Object Repository/Canine/Filter/SampleSite/Bone_Chkbx' is present

2022-04-07 18:21:09 - [TEST_STEP][PASSED] - verifyElementPresent(findTestObject("Object Repository/Canine/Filter/SampleSite/Bone_Chkbx"), 5): Object 'Object Repository/Canine/Filter/SampleSite/Bone_Chkbx' is present

2022-04-07 18:21:09 - [MESSAGE][PASSED] - Object 'Object Repository/Canine/Filter/SampleSite/Bone_Chkbx' is present

2022-04-07 18:21:09 - [TEST_STEP][PASSED] - waitForElementClickable(findTestObject("Object Repository/Canine/Filter/SampleSite/Bone_Chkbx"), 30): Object 'Object Repository/Canine/Filter/SampleSite/Bone_Chkbx' is clickable

2022-04-07 18:21:10 - [MESSAGE][PASSED] - Object 'Object Repository/Canine/Filter/SampleSite/Bone_Chkbx' is clickable

2022-04-07 18:21:10 - [TEST_STEP][PASSED] - ctdc.utilities.runtestcaseforKatalon.clickTabCanineStat("Object Repository/Canine/Filter/SampleSite/Bone_Chkbx"): ctdc.utilities.runtestcaseforKatalon.clickTabCanineStat is PASSED

2022-04-07 18:21:11 - [MESSAGE][PASSED] - ctdc.utilities.runtestcaseforKatalon.clickTabCanineStat is PASSED

2022-04-07 18:21:11 - [TEST_STEP][PASSED] - ctdc.utilities.runtestcaseforKatalon.clickTab("Object Repository/Canine/Filter/SampleSite/SAMPLE_SITE_Ddn"): ctdc.utilities.runtestcaseforKatalon.clickTab is PASSED

2022-04-07 18:21:11 - [MESSAGE][PASSED] - ctdc.utilities.runtestcaseforKatalon.clickTab is PASSED

2022-04-07 18:21:11 - [TEST_STEP][PASSED] - waitForElementPresent(findTestObject("Object Repository/Canine/Filter/SamplePathology/SAMPLEPATHOLOGY_Ddn"), 30): Object 'Object Repository/Canine/Filter/SamplePathology/SAMPLEPATHOLOGY_Ddn' is present

2022-04-07 18:21:11 - [MESSAGE][PASSED] - Object 'Object Repository/Canine/Filter/SamplePathology/SAMPLEPATHOLOGY_Ddn' is present

2022-04-07 18:21:11 - [TEST_STEP][PASSED] - verifyElementPresent(findTestObject("Object Repository/Canine/Filter/SamplePathology/SAMPLEPATHOLOGY_Ddn"), 5): Object 'Object Repository/Canine/Filter/SamplePathology/SAMPLEPATHOLOGY_Ddn' is present

2022-04-07 18:21:11 - [MESSAGE][PASSED] - Object 'Object Repository/Canine/Filter/SamplePathology/SAMPLEPATHOLOGY_Ddn' is present

2022-04-07 18:21:11 - [TEST_STEP][PASSED] - ctdc.utilities.runtestcaseforKatalon.clickTabCanineStat("Object Repository/Canine/Filter/SamplePathology/SAMPLEPATHOLOGY_Ddn"): ctdc.utilities.runtestcaseforKatalon.clickTabCanineStat is PASSED

2022-04-07 18:21:12 - [MESSAGE][PASSED] - ctdc.utilities.runtestcaseforKatalon.clickTabCanineStat is PASSED

2022-04-07 18:21:12 - [TEST_STEP][PASSED] - Thread.sleep(1000): null

2022-04-07 18:21:13 - [TEST_STEP][PASSED] - waitForElementPresent(findTestObject("Object Repository/Canine/Filter/SamplePathology/Osteoblastic_Osteosarcoma_Chkbx"), 30): Object 'Object Repository/Canine/Filter/SamplePathology/Osteoblastic_Osteosarcoma_Chkbx' is present

2022-04-07 18:21:13 - [MESSAGE][PASSED] - Object 'Object Repository/Canine/Filter/SamplePathology/Osteoblastic_Osteosarcoma_Chkbx' is present

2022-04-07 18:21:13 - [TEST_STEP][PASSED] - verifyElementPresent(findTestObject("Object Repository/Canine/Filter/SamplePathology/Osteoblastic_Osteosarcoma_Chkbx"), 5): Object 'Object Repository/Canine/Filter/SamplePathology/Osteoblastic_Osteosarcoma_Chkbx' is present

2022-04-07 18:21:13 - [MESSAGE][PASSED] - Object 'Object Repository/Canine/Filter/SamplePathology/Osteoblastic_Osteosarcoma_Chkbx' is present

2022-04-07 18:21:13 - [TEST_STEP][PASSED] - waitForElementClickable(findTestObject("Object Repository/Canine/Filter/SamplePathology/Osteoblastic_Osteosarcoma_Chkbx"), 30): Object 'Object Repository/Canine/Filter/SamplePathology/Osteoblastic_Osteosarcoma_Chkbx' is clickable

2022-04-07 18:21:13 - [MESSAGE][PASSED] - Object 'Object Repository/Canine/Filter/SamplePathology/Osteoblastic_Osteosarcoma_Chkbx' is clickable

2022-04-07 18:21:13 - [TEST_STEP][PASSED] - ctdc.utilities.runtestcaseforKatalon.clickTabCanineStat("Object Repository/Canine/Filter/SamplePathology/Osteoblastic_Osteosarcoma_Chkbx"): ctdc.utilities.runtestcaseforKatalon.clickTabCanineStat is PASSED

2022-04-07 18:21:15 - [MESSAGE][PASSED] - ctdc.utilities.runtestcaseforKatalon.clickTabCanineStat is PASSED

2022-04-07 18:21:15 - [TEST_STEP][PASSED] - ctdc.utilities.runtestcaseforKatalon.clickTab("Object Repository/Canine/Filter/SamplePathology/SAMPLEPATHOLOGY_Ddn"): ctdc.utilities.runtestcaseforKatalon.clickTab is PASSED

2022-04-07 18:21:15 - [MESSAGE][PASSED] - ctdc.utilities.runtestcaseforKatalon.clickTab is PASSED

2022-04-07 18:21:15 - [TEST_STEP][PASSED] - ctdc.utilities.runtestcaseforKatalon.readStatBarCanine("Object Repository/Canine/StatBar/Canine_StatBar-Programs", "Object Repository/Canine/StatBar/Canine_StatBar-Studies", "Object Repository/Canine/StatBar/Canine_StatBar-Cases", "Object Repository/Canine/StatBar/Canine_StatBar-Samples", "Object Repository/Canine/StatBar/Canine_StatBar-CaseFiles", "Object Repository/Canine/StatBar/Canine_StatBar-StudyFiles"): ctdc.utilities.runtestcaseforKatalon.readStatBarCanine is PASSED

2022-04-07 18:21:32 - [MESSAGE][PASSED] - ctdc.utilities.runtestcaseforKatalon.readStatBarCanine is PASSED

2022-04-07 18:21:32 - [TEST_STEP][PASSED] - waitForElementPresent(findTestObject("Object Repository/Canine/CanineResults_Cases_Tab"), 30): Object 'Object Repository/Canine/CanineResults_Cases_Tab' is present

2022-04-07 18:21:32 - [MESSAGE][PASSED] - Object 'Object Repository/Canine/CanineResults_Cases_Tab' is present

2022-04-07 18:21:32 - [TEST_STEP][PASSED] - verifyElementPresent(findTestObject("Object Repository/Canine/CanineResults_Cases_Tab"), 5): Object 'Object Repository/Canine/CanineResults_Cases_Tab' is present

2022-04-07 18:21:33 - [MESSAGE][PASSED] - Object 'Object Repository/Canine/CanineResults_Cases_Tab' is present

2022-04-07 18:21:33 - [TEST_STEP][PASSED] - ctdc.utilities.runtestcaseforKatalon.clickTab("Object Repository/Canine/CanineResults_Cases_Tab"): ctdc.utilities.runtestcaseforKatalon.clickTab is PASSED

2022-04-07 18:21:33 - [MESSAGE][PASSED] - ctdc.utilities.runtestcaseforKatalon.clickTab is PASSED

2022-04-07 18:21:33 - [TEST_STEP][PASSED] - ctdc.utilities.runtestcaseforKatalon.multiFunction("ICDC", G_StatBar_Cases, "Object Repository/Canine/Canine_CasesTable", "Object Repository/Canine/Canine_TableHeader", "Object Repository/Canine/Canine_CasesTabNextBtn", G_WebTabnameCases, G_CypherTabnameCases, G_QueryCasesTab): Statbar Study Files count matches

2022-04-07 18:22:09 - [MESSAGE][PASSED] - Statbar Programs count matches

2022-04-07 18:22:09 - [MESSAGE][PASSED] - Statbar Studies count matches

2022-04-07 18:22:09 - [MESSAGE][PASSED] - Statbar Cases count matches

2022-04-07 18:22:09 - [MESSAGE][PASSED] - Statbar Samples count matches

2022-04-07 18:22:09 - [MESSAGE][PASSED] - Statbar Case Files count matches

2022-04-07 18:22:09 - [MESSAGE][PASSED] - Statbar Study Files count matches

2022-04-07 18:22:09 - [TEST_STEP][PASSED] - waitForElementPresent(findTestObject("Object Repository/Canine/CanineResults_Samples_Tab"), 30): Object 'Object Repository/Canine/CanineResults_Samples_Tab' is present

2022-04-07 18:22:09 - [MESSAGE][PASSED] - Object 'Object Repository/Canine/CanineResults_Samples_Tab' is present

2022-04-07 18:22:09 - [TEST_STEP][PASSED] - verifyElementPresent(findTestObject("Object Repository/Canine/CanineResults_Samples_Tab"), 5): Object 'Object Repository/Canine/CanineResults_Samples_Tab' is present

2022-04-07 18:22:09 - [MESSAGE][PASSED] - Object 'Object Repository/Canine/CanineResults_Samples_Tab' is present

2022-04-07 18:22:09 - [TEST_STEP][PASSED] - ctdc.utilities.runtestcaseforKatalon.clickTab("Object Repository/Canine/CanineResults_Samples_Tab"): ctdc.utilities.runtestcaseforKatalon.clickTab is PASSED

2022-04-07 18:22:09 - [MESSAGE][PASSED] - ctdc.utilities.runtestcaseforKatalon.clickTab is PASSED

2022-04-07 18:22:09 - [TEST_STEP][PASSED] - ctdc.utilities.runtestcaseforKatalon.multiFunction("ICDC", G_StatBar_Samples, "Object Repository/Canine/Canine_Samples_Table", "Object Repository/Canine/Canine_Samples_TableHdr", "Object Repository/Canine/Canine_SamplesTabNextBtn", G_WebTabnameSamples, G_CypherTabnameSamples, G_QuerySamplesTab): Statbar Study Files count matches

2022-04-07 18:22:59 - [MESSAGE][PASSED] - Statbar Programs count matches

2022-04-07 18:22:59 - [MESSAGE][PASSED] - Statbar Studies count matches

2022-04-07 18:22:59 - [MESSAGE][PASSED] - Statbar Cases count matches

2022-04-07 18:22:59 - [MESSAGE][PASSED] - Statbar Samples count matches

2022-04-07 18:22:59 - [MESSAGE][PASSED] - Statbar Case Files count matches

2022-04-07 18:22:59 - [MESSAGE][PASSED] - Statbar Study Files count matches]]></system-out>
         <system-err><![CDATA[]]></system-err>
      </testcase>
      <testcase name="Test Cases/Canine_TestCases/StudyCombinations/Study-Combinations-OSA01/TC18_Canine_StudyOSA01-SampSite-FileType" time="88.138" classname="Test Cases/Canine_TestCases/StudyCombinations/Study-Combinations-OSA01/TC18_Canine_StudyOSA01-SampSite-FileType" status="PASSED">
         <system-out><![CDATA[2022-04-07 18:22:59 - [TEST_CASE][PASSED] - Test Cases/Canine_TestCases/StudyCombinations/Study-Combinations-OSA01/TC18_Canine_StudyOSA01-SampSite-FileType: Test Cases/Canine_TestCases/StudyCombinations/Study-Combinations-OSA01/TC18_Canine_StudyOSA01-SampSite-FileType

2022-04-07 18:22:59 - [TEST_STEP][PASSED] - Start listener action : getTestScriptName: null

2022-04-07 18:22:59 - [TEST_STEP][PASSED] - TestCaseId = testCaseContext.getTestCaseId(): null

2022-04-07 18:22:59 - [TEST_STEP][PASSED] - out.println("**********this is the value of test case id string******** " + testCaseContext.getTestCaseId()): null

2022-04-07 18:22:59 - [TEST_STEP][PASSED] - G_currentTCName = TestCaseId.substring(TestCaseId.lastIndexOf("TC")): null

2022-04-07 18:22:59 - [TEST_STEP][PASSED] - out.println("This is the test case name : " + G_currentTCName): null

2022-04-07 18:22:59 - [TEST_STEP][PASSED] - closeBrowser(): Browser is closed

2022-04-07 18:23:00 - [MESSAGE][PASSED] - Browser is closed

2022-04-07 18:23:00 - [TEST_STEP][PASSED] - "Driver opened by Katalon is used in Selenium from this step.": null

2022-04-07 18:23:00 - [TEST_STEP][PASSED] - ctdc.utilities.runtestcaseforKatalon.RunKatalon("TC18_Canine_StudyOSA01-SampSite-FileType.xlsx"): Data loaded from input file for the test case. 

2022-04-07 18:23:00 - [MESSAGE][PASSED] - Test case file loaded This is the full filepath after converting to string :C:\Users\davids3\newclone\Commons_Automation\InputFiles\TC18_Canine_StudyOSA01-SampSite-FileType.xlsx

2022-04-07 18:23:00 - [MESSAGE][INFO] - Global variable set for password file is :  C:\Users\davids3\newclone\Commons_Automation\InputFiles\TC18_Canine_StudyOSA01-SampSite-FileType.xlsx

2022-04-07 18:23:04 - [MESSAGE][PASSED] - Data loaded from input file for the test case. 

2022-04-07 18:23:12 - [TEST_STEP][PASSED] - waitForElementPresent(findTestObject("Canine/NavBar/Canine_Cases_Btn"), 20): Object 'Object Repository/Canine/NavBar/Canine_Cases_Btn' is present

2022-04-07 18:23:12 - [MESSAGE][PASSED] - Object 'Object Repository/Canine/NavBar/Canine_Cases_Btn' is present

2022-04-07 18:23:12 - [TEST_STEP][PASSED] - ctdc.utilities.runtestcaseforKatalon.clickTab("Object Repository/Canine/Canine_PopUp_Continue_Btn"): ctdc.utilities.runtestcaseforKatalon.clickTab is PASSED

2022-04-07 18:23:12 - [MESSAGE][PASSED] - ctdc.utilities.runtestcaseforKatalon.clickTab is PASSED

2022-04-07 18:23:12 - [TEST_STEP][PASSED] - out.println("Closed the popup window"): null

2022-04-07 18:23:12 - [TEST_STEP][PASSED] - waitForElementPresent(findTestObject("Canine/NavBar/Canine_Cases_Btn"), 20): Object 'Object Repository/Canine/NavBar/Canine_Cases_Btn' is present

2022-04-07 18:23:12 - [MESSAGE][PASSED] - Object 'Object Repository/Canine/NavBar/Canine_Cases_Btn' is present

2022-04-07 18:23:12 - [TEST_STEP][PASSED] - ctdc.utilities.runtestcaseforKatalon.clickTab("Canine/NavBar/Canine_Cases_Btn"): ctdc.utilities.runtestcaseforKatalon.clickTab is PASSED

2022-04-07 18:23:13 - [MESSAGE][PASSED] - ctdc.utilities.runtestcaseforKatalon.clickTab is PASSED

2022-04-07 18:23:13 - [TEST_STEP][PASSED] - waitForElementPresent(findTestObject("Object Repository/Canine/Filter/Study/Canine_Filter_Study"), 30): Object 'Object Repository/Canine/Filter/Study/Canine_Filter_Study' is present

2022-04-07 18:23:13 - [MESSAGE][PASSED] - Object 'Object Repository/Canine/Filter/Study/Canine_Filter_Study' is present

2022-04-07 18:23:13 - [TEST_STEP][PASSED] - verifyElementPresent(findTestObject("Object Repository/Canine/Filter/Study/Canine_Filter_Study"), 5): Object 'Object Repository/Canine/Filter/Study/Canine_Filter_Study' is present

2022-04-07 18:23:14 - [MESSAGE][PASSED] - Object 'Object Repository/Canine/Filter/Study/Canine_Filter_Study' is present

2022-04-07 18:23:14 - [TEST_STEP][PASSED] - ctdc.utilities.runtestcaseforKatalon.clickTab("Object Repository/Canine/Filter/Study/Canine_Filter_Study"): ctdc.utilities.runtestcaseforKatalon.clickTab is PASSED

2022-04-07 18:23:14 - [MESSAGE][PASSED] - ctdc.utilities.runtestcaseforKatalon.clickTab is PASSED

2022-04-07 18:23:14 - [TEST_STEP][PASSED] - waitForElementPresent(findTestObject("Object Repository/Canine/Filter/Study/Canine_Filter_Study-OSA01_Chkbx"), 30): Object 'Object Repository/Canine/Filter/Study/Canine_Filter_Study-OSA01_Chkbx' is present

2022-04-07 18:23:14 - [MESSAGE][PASSED] - Object 'Object Repository/Canine/Filter/Study/Canine_Filter_Study-OSA01_Chkbx' is present

2022-04-07 18:23:14 - [TEST_STEP][PASSED] - verifyElementPresent(findTestObject("Object Repository/Canine/Filter/Study/Canine_Filter_Study-OSA01_Chkbx"), 5): Object 'Object Repository/Canine/Filter/Study/Canine_Filter_Study-OSA01_Chkbx' is present

2022-04-07 18:23:14 - [MESSAGE][PASSED] - Object 'Object Repository/Canine/Filter/Study/Canine_Filter_Study-OSA01_Chkbx' is present

2022-04-07 18:23:14 - [TEST_STEP][PASSED] - ctdc.utilities.runtestcaseforKatalon.clickTab("Object Repository/Canine/Filter/Study/Canine_Filter_Study-OSA01_Chkbx"): ctdc.utilities.runtestcaseforKatalon.clickTab is PASSED

2022-04-07 18:23:14 - [MESSAGE][PASSED] - ctdc.utilities.runtestcaseforKatalon.clickTab is PASSED

2022-04-07 18:23:14 - [TEST_STEP][PASSED] - Thread.sleep(2000): null

2022-04-07 18:23:16 - [TEST_STEP][PASSED] - waitForElementPresent(findTestObject("Object Repository/Canine/Filter/SampleSite/SAMPLE_SITE_Ddn"), 30): Object 'Object Repository/Canine/Filter/SampleSite/SAMPLE_SITE_Ddn' is present

2022-04-07 18:23:17 - [MESSAGE][PASSED] - Object 'Object Repository/Canine/Filter/SampleSite/SAMPLE_SITE_Ddn' is present

2022-04-07 18:23:17 - [TEST_STEP][PASSED] - verifyElementPresent(findTestObject("Object Repository/Canine/Filter/SampleSite/SAMPLE_SITE_Ddn"), 5): Object 'Object Repository/Canine/Filter/SampleSite/SAMPLE_SITE_Ddn' is present

2022-04-07 18:23:17 - [MESSAGE][PASSED] - Object 'Object Repository/Canine/Filter/SampleSite/SAMPLE_SITE_Ddn' is present

2022-04-07 18:23:17 - [TEST_STEP][PASSED] - ctdc.utilities.runtestcaseforKatalon.clickTabCanineStat("Object Repository/Canine/Filter/SampleSite/SAMPLE_SITE_Ddn"): ctdc.utilities.runtestcaseforKatalon.clickTabCanineStat is PASSED

2022-04-07 18:23:18 - [MESSAGE][PASSED] - ctdc.utilities.runtestcaseforKatalon.clickTabCanineStat is PASSED

2022-04-07 18:23:18 - [TEST_STEP][PASSED] - waitForElementPresent(findTestObject("Object Repository/Canine/Filter/SampleSite/Lung_Chkbx"), 30): Object 'Object Repository/Canine/Filter/SampleSite/Lung_Chkbx' is present

2022-04-07 18:23:18 - [MESSAGE][PASSED] - Object 'Object Repository/Canine/Filter/SampleSite/Lung_Chkbx' is present

2022-04-07 18:23:18 - [TEST_STEP][PASSED] - verifyElementPresent(findTestObject("Object Repository/Canine/Filter/SampleSite/Lung_Chkbx"), 5): Object 'Object Repository/Canine/Filter/SampleSite/Lung_Chkbx' is present

2022-04-07 18:23:18 - [MESSAGE][PASSED] - Object 'Object Repository/Canine/Filter/SampleSite/Lung_Chkbx' is present

2022-04-07 18:23:18 - [TEST_STEP][PASSED] - waitForElementClickable(findTestObject("Object Repository/Canine/Filter/SampleSite/Lung_Chkbx"), 30): Object 'Object Repository/Canine/Filter/SampleSite/Lung_Chkbx' is clickable

2022-04-07 18:23:18 - [MESSAGE][PASSED] - Object 'Object Repository/Canine/Filter/SampleSite/Lung_Chkbx' is clickable

2022-04-07 18:23:18 - [TEST_STEP][PASSED] - ctdc.utilities.runtestcaseforKatalon.clickTabCanineStat("Object Repository/Canine/Filter/SampleSite/Lung_Chkbx"): ctdc.utilities.runtestcaseforKatalon.clickTabCanineStat is PASSED

2022-04-07 18:23:19 - [MESSAGE][PASSED] - ctdc.utilities.runtestcaseforKatalon.clickTabCanineStat is PASSED

2022-04-07 18:23:19 - [TEST_STEP][PASSED] - ctdc.utilities.runtestcaseforKatalon.clickTab("Object Repository/Canine/Filter/SampleSite/SAMPLE_SITE_Ddn"): ctdc.utilities.runtestcaseforKatalon.clickTab is PASSED

2022-04-07 18:23:19 - [MESSAGE][PASSED] - ctdc.utilities.runtestcaseforKatalon.clickTab is PASSED

2022-04-07 18:23:19 - [TEST_STEP][PASSED] - Thread.sleep(2000): null

2022-04-07 18:23:21 - [TEST_STEP][PASSED] - waitForElementPresent(findTestObject("Object Repository/Canine/Filter/FileType/FILETYPE_Ddn"), 30): Object 'Object Repository/Canine/Filter/FileType/FILETYPE_Ddn' is present

2022-04-07 18:23:21 - [MESSAGE][PASSED] - Object 'Object Repository/Canine/Filter/FileType/FILETYPE_Ddn' is present

2022-04-07 18:23:21 - [TEST_STEP][PASSED] - verifyElementPresent(findTestObject("Object Repository/Canine/Filter/FileType/FILETYPE_Ddn"), 5): Object 'Object Repository/Canine/Filter/FileType/FILETYPE_Ddn' is present

2022-04-07 18:23:21 - [MESSAGE][PASSED] - Object 'Object Repository/Canine/Filter/FileType/FILETYPE_Ddn' is present

2022-04-07 18:23:21 - [TEST_STEP][PASSED] - ctdc.utilities.runtestcaseforKatalon.clickTabCanineStat("Object Repository/Canine/Filter/FileType/FILETYPE_Ddn"): ctdc.utilities.runtestcaseforKatalon.clickTabCanineStat is PASSED

2022-04-07 18:23:23 - [MESSAGE][PASSED] - ctdc.utilities.runtestcaseforKatalon.clickTabCanineStat is PASSED

2022-04-07 18:23:23 - [TEST_STEP][PASSED] - waitForElementPresent(findTestObject("Object Repository/Canine/Filter/FileType/IndexFile_Chkbx"), 30): Object 'Object Repository/Canine/Filter/FileType/IndexFile_Chkbx' is present

2022-04-07 18:23:23 - [MESSAGE][PASSED] - Object 'Object Repository/Canine/Filter/FileType/IndexFile_Chkbx' is present

2022-04-07 18:23:23 - [TEST_STEP][PASSED] - verifyElementPresent(findTestObject("Object Repository/Canine/Filter/FileType/IndexFile_Chkbx"), 5): Object 'Object Repository/Canine/Filter/FileType/IndexFile_Chkbx' is present

2022-04-07 18:23:23 - [MESSAGE][PASSED] - Object 'Object Repository/Canine/Filter/FileType/IndexFile_Chkbx' is present

2022-04-07 18:23:23 - [TEST_STEP][PASSED] - waitForElementClickable(findTestObject("Object Repository/Canine/Filter/FileType/IndexFile_Chkbx"), 30): Object 'Object Repository/Canine/Filter/FileType/IndexFile_Chkbx' is clickable

2022-04-07 18:23:23 - [MESSAGE][PASSED] - Object 'Object Repository/Canine/Filter/FileType/IndexFile_Chkbx' is clickable

2022-04-07 18:23:23 - [TEST_STEP][PASSED] - ctdc.utilities.runtestcaseforKatalon.clickTabCanineStat("Object Repository/Canine/Filter/FileType/IndexFile_Chkbx"): ctdc.utilities.runtestcaseforKatalon.clickTabCanineStat is PASSED

2022-04-07 18:23:24 - [MESSAGE][PASSED] - ctdc.utilities.runtestcaseforKatalon.clickTabCanineStat is PASSED

2022-04-07 18:23:24 - [TEST_STEP][PASSED] - ctdc.utilities.runtestcaseforKatalon.clickTab("Object Repository/Canine/Filter/FileType/FILETYPE_Ddn"): ctdc.utilities.runtestcaseforKatalon.clickTab is PASSED

2022-04-07 18:23:24 - [MESSAGE][PASSED] - ctdc.utilities.runtestcaseforKatalon.clickTab is PASSED

2022-04-07 18:23:24 - [TEST_STEP][PASSED] - ctdc.utilities.runtestcaseforKatalon.readStatBarCanine("Object Repository/Canine/StatBar/Canine_StatBar-Programs", "Object Repository/Canine/StatBar/Canine_StatBar-Studies", "Object Repository/Canine/StatBar/Canine_StatBar-Cases", "Object Repository/Canine/StatBar/Canine_StatBar-Samples", "Object Repository/Canine/StatBar/Canine_StatBar-CaseFiles", "Object Repository/Canine/StatBar/Canine_StatBar-StudyFiles"): ctdc.utilities.runtestcaseforKatalon.readStatBarCanine is PASSED

2022-04-07 18:23:42 - [MESSAGE][PASSED] - ctdc.utilities.runtestcaseforKatalon.readStatBarCanine is PASSED

2022-04-07 18:23:42 - [TEST_STEP][PASSED] - waitForElementPresent(findTestObject("Object Repository/Canine/CanineResults_Cases_Tab"), 30): Object 'Object Repository/Canine/CanineResults_Cases_Tab' is present

2022-04-07 18:23:42 - [MESSAGE][PASSED] - Object 'Object Repository/Canine/CanineResults_Cases_Tab' is present

2022-04-07 18:23:42 - [TEST_STEP][PASSED] - verifyElementPresent(findTestObject("Object Repository/Canine/CanineResults_Cases_Tab"), 5): Object 'Object Repository/Canine/CanineResults_Cases_Tab' is present

2022-04-07 18:23:42 - [MESSAGE][PASSED] - Object 'Object Repository/Canine/CanineResults_Cases_Tab' is present

2022-04-07 18:23:42 - [TEST_STEP][PASSED] - ctdc.utilities.runtestcaseforKatalon.clickTab("Object Repository/Canine/CanineResults_Cases_Tab"): ctdc.utilities.runtestcaseforKatalon.clickTab is PASSED

2022-04-07 18:23:42 - [MESSAGE][PASSED] - ctdc.utilities.runtestcaseforKatalon.clickTab is PASSED

2022-04-07 18:23:42 - [TEST_STEP][PASSED] - ctdc.utilities.runtestcaseforKatalon.multiFunction("ICDC", G_StatBar_Cases, "Object Repository/Canine/Canine_CasesTable", "Object Repository/Canine/Canine_TableHeader", "Object Repository/Canine/Canine_CasesTabNextBtn", G_WebTabnameCases, G_CypherTabnameCases, G_QueryCasesTab): Statbar Study Files count matches

2022-04-07 18:24:04 - [MESSAGE][PASSED] - Statbar Programs count matches

2022-04-07 18:24:04 - [MESSAGE][PASSED] - Statbar Studies count matches

2022-04-07 18:24:04 - [MESSAGE][PASSED] - Statbar Cases count matches

2022-04-07 18:24:04 - [MESSAGE][PASSED] - Statbar Samples count matches

2022-04-07 18:24:04 - [MESSAGE][PASSED] - Statbar Case Files count matches

2022-04-07 18:24:04 - [MESSAGE][PASSED] - Statbar Study Files count matches

2022-04-07 18:24:04 - [TEST_STEP][PASSED] - waitForElementPresent(findTestObject("Object Repository/Canine/CanineResults_Samples_Tab"), 30): Object 'Object Repository/Canine/CanineResults_Samples_Tab' is present

2022-04-07 18:24:04 - [MESSAGE][PASSED] - Object 'Object Repository/Canine/CanineResults_Samples_Tab' is present

2022-04-07 18:24:04 - [TEST_STEP][PASSED] - verifyElementPresent(findTestObject("Object Repository/Canine/CanineResults_Samples_Tab"), 5): Object 'Object Repository/Canine/CanineResults_Samples_Tab' is present

2022-04-07 18:24:04 - [MESSAGE][PASSED] - Object 'Object Repository/Canine/CanineResults_Samples_Tab' is present

2022-04-07 18:24:04 - [TEST_STEP][PASSED] - ctdc.utilities.runtestcaseforKatalon.clickTab("Object Repository/Canine/CanineResults_Samples_Tab"): ctdc.utilities.runtestcaseforKatalon.clickTab is PASSED

2022-04-07 18:24:04 - [MESSAGE][PASSED] - ctdc.utilities.runtestcaseforKatalon.clickTab is PASSED

2022-04-07 18:24:04 - [TEST_STEP][PASSED] - ctdc.utilities.runtestcaseforKatalon.multiFunction("ICDC", G_StatBar_Samples, "Object Repository/Canine/Canine_Samples_Table", "Object Repository/Canine/Canine_Samples_TableHdr", "Object Repository/Canine/Canine_SamplesTabNextBtn", G_WebTabnameSamples, G_CypherTabnameSamples, G_QuerySamplesTab): Statbar Study Files count matches

2022-04-07 18:24:27 - [MESSAGE][PASSED] - Statbar Programs count matches

2022-04-07 18:24:27 - [MESSAGE][PASSED] - Statbar Studies count matches

2022-04-07 18:24:27 - [MESSAGE][PASSED] - Statbar Cases count matches

2022-04-07 18:24:27 - [MESSAGE][PASSED] - Statbar Samples count matches

2022-04-07 18:24:27 - [MESSAGE][PASSED] - Statbar Case Files count matches

2022-04-07 18:24:27 - [MESSAGE][PASSED] - Statbar Study Files count matches]]></system-out>
         <system-err><![CDATA[]]></system-err>
      </testcase>
      <testcase name="Test Cases/Canine_TestCases/StudyCombinations/Study-Combinations-OSA01/TC20_Canine_StudyOSA01-Biobank-Breed-FileFormat" time="87.691" classname="Test Cases/Canine_TestCases/StudyCombinations/Study-Combinations-OSA01/TC20_Canine_StudyOSA01-Biobank-Breed-FileFormat" status="PASSED">
         <system-out><![CDATA[2022-04-07 18:24:27 - [TEST_CASE][PASSED] - Test Cases/Canine_TestCases/StudyCombinations/Study-Combinations-OSA01/TC20_Canine_StudyOSA01-Biobank-Breed-FileFormat: Test Cases/Canine_TestCases/StudyCombinations/Study-Combinations-OSA01/TC20_Canine_StudyOSA01-Biobank-Breed-FileFormat

2022-04-07 18:24:27 - [TEST_STEP][PASSED] - Start listener action : getTestScriptName: null

2022-04-07 18:24:27 - [TEST_STEP][PASSED] - TestCaseId = testCaseContext.getTestCaseId(): null

2022-04-07 18:24:27 - [TEST_STEP][PASSED] - out.println("**********this is the value of test case id string******** " + testCaseContext.getTestCaseId()): null

2022-04-07 18:24:27 - [TEST_STEP][PASSED] - G_currentTCName = TestCaseId.substring(TestCaseId.lastIndexOf("TC")): null

2022-04-07 18:24:27 - [TEST_STEP][PASSED] - out.println("This is the test case name : " + G_currentTCName): null

2022-04-07 18:24:28 - [TEST_STEP][PASSED] - closeBrowser(): Browser is closed

2022-04-07 18:24:28 - [MESSAGE][PASSED] - Browser is closed

2022-04-07 18:24:28 - [TEST_STEP][PASSED] - "Driver opened by Katalon is used in Selenium from this step.": null

2022-04-07 18:24:28 - [TEST_STEP][PASSED] - ctdc.utilities.runtestcaseforKatalon.RunKatalon("TC20_Canine_StudyOSA01-Biobank-Breed-FileFormat.xlsx"): Data loaded from input file for the test case. 

2022-04-07 18:24:28 - [MESSAGE][PASSED] - Test case file loaded This is the full filepath after converting to string :C:\Users\davids3\newclone\Commons_Automation\InputFiles\TC20_Canine_StudyOSA01-Biobank-Breed-FileFormat.xlsx

2022-04-07 18:24:28 - [MESSAGE][INFO] - Global variable set for password file is :  C:\Users\davids3\newclone\Commons_Automation\InputFiles\TC20_Canine_StudyOSA01-Biobank-Breed-FileFormat.xlsx

2022-04-07 18:24:32 - [MESSAGE][PASSED] - Data loaded from input file for the test case. 

2022-04-07 18:24:39 - [TEST_STEP][PASSED] - waitForElementPresent(findTestObject("Canine/NavBar/Canine_Cases_Btn"), 20): Object 'Object Repository/Canine/NavBar/Canine_Cases_Btn' is present

2022-04-07 18:24:39 - [MESSAGE][PASSED] - Object 'Object Repository/Canine/NavBar/Canine_Cases_Btn' is present

2022-04-07 18:24:39 - [TEST_STEP][PASSED] - ctdc.utilities.runtestcaseforKatalon.clickTab("Object Repository/Canine/Canine_PopUp_Continue_Btn"): ctdc.utilities.runtestcaseforKatalon.clickTab is PASSED

2022-04-07 18:24:40 - [MESSAGE][PASSED] - ctdc.utilities.runtestcaseforKatalon.clickTab is PASSED

2022-04-07 18:24:40 - [TEST_STEP][PASSED] - out.println("Closed the popup window"): null

2022-04-07 18:24:40 - [TEST_STEP][PASSED] - waitForElementPresent(findTestObject("Canine/NavBar/Canine_Cases_Btn"), 20): Object 'Object Repository/Canine/NavBar/Canine_Cases_Btn' is present

2022-04-07 18:24:40 - [MESSAGE][PASSED] - Object 'Object Repository/Canine/NavBar/Canine_Cases_Btn' is present

2022-04-07 18:24:40 - [TEST_STEP][PASSED] - ctdc.utilities.runtestcaseforKatalon.clickTab("Canine/NavBar/Canine_Cases_Btn"): ctdc.utilities.runtestcaseforKatalon.clickTab is PASSED

2022-04-07 18:24:40 - [MESSAGE][PASSED] - ctdc.utilities.runtestcaseforKatalon.clickTab is PASSED

2022-04-07 18:24:40 - [TEST_STEP][PASSED] - waitForElementPresent(findTestObject("Object Repository/Canine/Filter/Study/Canine_Filter_Study"), 30): Object 'Object Repository/Canine/Filter/Study/Canine_Filter_Study' is present

2022-04-07 18:24:40 - [MESSAGE][PASSED] - Object 'Object Repository/Canine/Filter/Study/Canine_Filter_Study' is present

2022-04-07 18:24:40 - [TEST_STEP][PASSED] - verifyElementPresent(findTestObject("Object Repository/Canine/Filter/Study/Canine_Filter_Study"), 5): Object 'Object Repository/Canine/Filter/Study/Canine_Filter_Study' is present

2022-04-07 18:24:41 - [MESSAGE][PASSED] - Object 'Object Repository/Canine/Filter/Study/Canine_Filter_Study' is present

2022-04-07 18:24:41 - [TEST_STEP][PASSED] - ctdc.utilities.runtestcaseforKatalon.clickTab("Object Repository/Canine/Filter/Study/Canine_Filter_Study"): ctdc.utilities.runtestcaseforKatalon.clickTab is PASSED

2022-04-07 18:24:41 - [MESSAGE][PASSED] - ctdc.utilities.runtestcaseforKatalon.clickTab is PASSED

2022-04-07 18:24:41 - [TEST_STEP][PASSED] - waitForElementPresent(findTestObject("Object Repository/Canine/Filter/Study/Canine_Filter_Study-OSA01_Chkbx"), 30): Object 'Object Repository/Canine/Filter/Study/Canine_Filter_Study-OSA01_Chkbx' is present

2022-04-07 18:24:41 - [MESSAGE][PASSED] - Object 'Object Repository/Canine/Filter/Study/Canine_Filter_Study-OSA01_Chkbx' is present

2022-04-07 18:24:41 - [TEST_STEP][PASSED] - verifyElementPresent(findTestObject("Object Repository/Canine/Filter/Study/Canine_Filter_Study-OSA01_Chkbx"), 5): Object 'Object Repository/Canine/Filter/Study/Canine_Filter_Study-OSA01_Chkbx' is present

2022-04-07 18:24:41 - [MESSAGE][PASSED] - Object 'Object Repository/Canine/Filter/Study/Canine_Filter_Study-OSA01_Chkbx' is present

2022-04-07 18:24:41 - [TEST_STEP][PASSED] - ctdc.utilities.runtestcaseforKatalon.clickTab("Object Repository/Canine/Filter/Study/Canine_Filter_Study-OSA01_Chkbx"): ctdc.utilities.runtestcaseforKatalon.clickTab is PASSED

2022-04-07 18:24:41 - [MESSAGE][PASSED] - ctdc.utilities.runtestcaseforKatalon.clickTab is PASSED

2022-04-07 18:24:41 - [TEST_STEP][PASSED] - Thread.sleep(2000): null

2022-04-07 18:24:43 - [TEST_STEP][PASSED] - waitForElementPresent(findTestObject("Object Repository/Canine/Filter/Biobank/Biobank_Ddn"), 30): Object 'Object Repository/Canine/Filter/Biobank/Biobank_Ddn' is present

2022-04-07 18:24:44 - [MESSAGE][PASSED] - Object 'Object Repository/Canine/Filter/Biobank/Biobank_Ddn' is present

2022-04-07 18:24:44 - [TEST_STEP][PASSED] - verifyElementPresent(findTestObject("Object Repository/Canine/Filter/Biobank/Biobank_Ddn"), 5): Object 'Object Repository/Canine/Filter/Biobank/Biobank_Ddn' is present

2022-04-07 18:24:44 - [MESSAGE][PASSED] - Object 'Object Repository/Canine/Filter/Biobank/Biobank_Ddn' is present

2022-04-07 18:24:44 - [TEST_STEP][PASSED] - ctdc.utilities.runtestcaseforKatalon.clickTabCanineStat("Object Repository/Canine/Filter/Biobank/Biobank_Ddn"): ctdc.utilities.runtestcaseforKatalon.clickTabCanineStat is PASSED

2022-04-07 18:24:45 - [MESSAGE][PASSED] - ctdc.utilities.runtestcaseforKatalon.clickTabCanineStat is PASSED

2022-04-07 18:24:45 - [TEST_STEP][PASSED] - Thread.sleep(2000): null

2022-04-07 18:24:47 - [TEST_STEP][PASSED] - waitForElementPresent(findTestObject("Object Repository/Canine/Filter/Biobank/CCOGC_Chkbx"), 30): Object 'Object Repository/Canine/Filter/Biobank/CCOGC_Chkbx' is present

2022-04-07 18:24:47 - [MESSAGE][PASSED] - Object 'Object Repository/Canine/Filter/Biobank/CCOGC_Chkbx' is present

2022-04-07 18:24:47 - [TEST_STEP][PASSED] - verifyElementPresent(findTestObject("Object Repository/Canine/Filter/Biobank/CCOGC_Chkbx"), 5): Object 'Object Repository/Canine/Filter/Biobank/CCOGC_Chkbx' is present

2022-04-07 18:24:47 - [MESSAGE][PASSED] - Object 'Object Repository/Canine/Filter/Biobank/CCOGC_Chkbx' is present

2022-04-07 18:24:47 - [TEST_STEP][PASSED] - ctdc.utilities.runtestcaseforKatalon.clickTabCanineStat("Object Repository/Canine/Filter/Biobank/CCOGC_Chkbx"): ctdc.utilities.runtestcaseforKatalon.clickTabCanineStat is PASSED

2022-04-07 18:24:48 - [MESSAGE][PASSED] - ctdc.utilities.runtestcaseforKatalon.clickTabCanineStat is PASSED

2022-04-07 18:24:48 - [TEST_STEP][PASSED] - ctdc.utilities.runtestcaseforKatalon.clickTab("Object Repository/Canine/Filter/Biobank/Biobank_Ddn"): ctdc.utilities.runtestcaseforKatalon.clickTab is PASSED

2022-04-07 18:24:48 - [MESSAGE][PASSED] - ctdc.utilities.runtestcaseforKatalon.clickTab is PASSED

2022-04-07 18:24:48 - [TEST_STEP][PASSED] - Thread.sleep(2000): null

2022-04-07 18:24:50 - [TEST_STEP][PASSED] - waitForElementPresent(findTestObject("Object Repository/Canine/Filter/Breed/BREED_Ddn"), 30): Object 'Object Repository/Canine/Filter/Breed/BREED_Ddn' is present

2022-04-07 18:24:50 - [MESSAGE][PASSED] - Object 'Object Repository/Canine/Filter/Breed/BREED_Ddn' is present

2022-04-07 18:24:50 - [TEST_STEP][PASSED] - verifyElementPresent(findTestObject("Object Repository/Canine/Filter/Breed/BREED_Ddn"), 5): Object 'Object Repository/Canine/Filter/Breed/BREED_Ddn' is present

2022-04-07 18:24:51 - [MESSAGE][PASSED] - Object 'Object Repository/Canine/Filter/Breed/BREED_Ddn' is present

2022-04-07 18:24:51 - [TEST_STEP][PASSED] - ctdc.utilities.runtestcaseforKatalon.clickTabCanineStat("Object Repository/Canine/Filter/Breed/BREED_Ddn"): ctdc.utilities.runtestcaseforKatalon.clickTabCanineStat is PASSED

2022-04-07 18:24:52 - [MESSAGE][PASSED] - ctdc.utilities.runtestcaseforKatalon.clickTabCanineStat is PASSED

2022-04-07 18:24:52 - [TEST_STEP][PASSED] - Thread.sleep(2000): null

2022-04-07 18:24:54 - [TEST_STEP][PASSED] - waitForElementPresent(findTestObject("Object Repository/Canine/Filter/Breed/OldEnglishSheepdog_Chkbx"), 30): Object 'Object Repository/Canine/Filter/Breed/OldEnglishSheepdog_Chkbx' is present

2022-04-07 18:24:54 - [MESSAGE][PASSED] - Object 'Object Repository/Canine/Filter/Breed/OldEnglishSheepdog_Chkbx' is present

2022-04-07 18:24:54 - [TEST_STEP][PASSED] - verifyElementPresent(findTestObject("Object Repository/Canine/Filter/Breed/OldEnglishSheepdog_Chkbx"), 5): Object 'Object Repository/Canine/Filter/Breed/OldEnglishSheepdog_Chkbx' is present

2022-04-07 18:24:54 - [MESSAGE][PASSED] - Object 'Object Repository/Canine/Filter/Breed/OldEnglishSheepdog_Chkbx' is present

2022-04-07 18:24:54 - [TEST_STEP][PASSED] - ctdc.utilities.runtestcaseforKatalon.clickTabCanineStat("Object Repository/Canine/Filter/Breed/OldEnglishSheepdog_Chkbx"): ctdc.utilities.runtestcaseforKatalon.clickTabCanineStat is PASSED

2022-04-07 18:24:55 - [MESSAGE][PASSED] - ctdc.utilities.runtestcaseforKatalon.clickTabCanineStat is PASSED

2022-04-07 18:24:55 - [TEST_STEP][PASSED] - ctdc.utilities.runtestcaseforKatalon.clickTab("Object Repository/Canine/Filter/Breed/BREED_Ddn"): ctdc.utilities.runtestcaseforKatalon.clickTab is PASSED

2022-04-07 18:24:55 - [MESSAGE][PASSED] - ctdc.utilities.runtestcaseforKatalon.clickTab is PASSED

2022-04-07 18:24:55 - [TEST_STEP][PASSED] - Thread.sleep(2000): null

2022-04-07 18:24:57 - [TEST_STEP][PASSED] - waitForElementPresent(findTestObject("Object Repository/Canine/Filter/FileFormat/FILEFORMAT_Ddn"), 30): Object 'Object Repository/Canine/Filter/FileFormat/FILEFORMAT_Ddn' is present

2022-04-07 18:24:57 - [MESSAGE][PASSED] - Object 'Object Repository/Canine/Filter/FileFormat/FILEFORMAT_Ddn' is present

2022-04-07 18:24:57 - [TEST_STEP][PASSED] - verifyElementPresent(findTestObject("Object Repository/Canine/Filter/FileFormat/FILEFORMAT_Ddn"), 5): Object 'Object Repository/Canine/Filter/FileFormat/FILEFORMAT_Ddn' is present

2022-04-07 18:24:57 - [MESSAGE][PASSED] - Object 'Object Repository/Canine/Filter/FileFormat/FILEFORMAT_Ddn' is present

2022-04-07 18:24:57 - [TEST_STEP][PASSED] - ctdc.utilities.runtestcaseforKatalon.clickTabCanineStat("Object Repository/Canine/Filter/FileFormat/FILEFORMAT_Ddn"): ctdc.utilities.runtestcaseforKatalon.clickTabCanineStat is PASSED

2022-04-07 18:24:59 - [MESSAGE][PASSED] - ctdc.utilities.runtestcaseforKatalon.clickTabCanineStat is PASSED

2022-04-07 18:24:59 - [TEST_STEP][PASSED] - waitForElementPresent(findTestObject("Object Repository/Canine/Filter/FileFormat/bai_Chkbx"), 30): Object 'Object Repository/Canine/Filter/FileFormat/bai_Chkbx' is present

2022-04-07 18:24:59 - [MESSAGE][PASSED] - Object 'Object Repository/Canine/Filter/FileFormat/bai_Chkbx' is present

2022-04-07 18:24:59 - [TEST_STEP][PASSED] - verifyElementPresent(findTestObject("Object Repository/Canine/Filter/FileFormat/bai_Chkbx"), 5): Object 'Object Repository/Canine/Filter/FileFormat/bai_Chkbx' is present

2022-04-07 18:24:59 - [MESSAGE][PASSED] - Object 'Object Repository/Canine/Filter/FileFormat/bai_Chkbx' is present

2022-04-07 18:24:59 - [TEST_STEP][PASSED] - waitForElementClickable(findTestObject("Object Repository/Canine/Filter/FileFormat/bai_Chkbx"), 30): Object 'Object Repository/Canine/Filter/FileFormat/bai_Chkbx' is clickable

2022-04-07 18:24:59 - [MESSAGE][PASSED] - Object 'Object Repository/Canine/Filter/FileFormat/bai_Chkbx' is clickable

2022-04-07 18:24:59 - [TEST_STEP][PASSED] - ctdc.utilities.runtestcaseforKatalon.clickTabCanineStat("Object Repository/Canine/Filter/FileFormat/bai_Chkbx"): ctdc.utilities.runtestcaseforKatalon.clickTabCanineStat is PASSED

2022-04-07 18:25:00 - [MESSAGE][PASSED] - ctdc.utilities.runtestcaseforKatalon.clickTabCanineStat is PASSED

2022-04-07 18:25:00 - [TEST_STEP][PASSED] - ctdc.utilities.runtestcaseforKatalon.clickTab("Object Repository/Canine/Filter/FileFormat/FILEFORMAT_Ddn"): ctdc.utilities.runtestcaseforKatalon.clickTab is PASSED

2022-04-07 18:25:00 - [MESSAGE][PASSED] - ctdc.utilities.runtestcaseforKatalon.clickTab is PASSED

2022-04-07 18:25:00 - [TEST_STEP][PASSED] - ctdc.utilities.runtestcaseforKatalon.readStatBarCanine("Object Repository/Canine/StatBar/Canine_StatBar-Programs", "Object Repository/Canine/StatBar/Canine_StatBar-Studies", "Object Repository/Canine/StatBar/Canine_StatBar-Cases", "Object Repository/Canine/StatBar/Canine_StatBar-Samples", "Object Repository/Canine/StatBar/Canine_StatBar-CaseFiles", "Object Repository/Canine/StatBar/Canine_StatBar-StudyFiles"): ctdc.utilities.runtestcaseforKatalon.readStatBarCanine is PASSED

2022-04-07 18:25:18 - [MESSAGE][PASSED] - ctdc.utilities.runtestcaseforKatalon.readStatBarCanine is PASSED

2022-04-07 18:25:18 - [TEST_STEP][PASSED] - waitForElementPresent(findTestObject("Object Repository/Canine/CanineResults_Cases_Tab"), 30): Object 'Object Repository/Canine/CanineResults_Cases_Tab' is present

2022-04-07 18:25:18 - [MESSAGE][PASSED] - Object 'Object Repository/Canine/CanineResults_Cases_Tab' is present

2022-04-07 18:25:18 - [TEST_STEP][PASSED] - verifyElementPresent(findTestObject("Object Repository/Canine/CanineResults_Cases_Tab"), 5): Object 'Object Repository/Canine/CanineResults_Cases_Tab' is present

2022-04-07 18:25:18 - [MESSAGE][PASSED] - Object 'Object Repository/Canine/CanineResults_Cases_Tab' is present

2022-04-07 18:25:18 - [TEST_STEP][PASSED] - ctdc.utilities.runtestcaseforKatalon.clickTab("Object Repository/Canine/CanineResults_Cases_Tab"): ctdc.utilities.runtestcaseforKatalon.clickTab is PASSED

2022-04-07 18:25:18 - [MESSAGE][PASSED] - ctdc.utilities.runtestcaseforKatalon.clickTab is PASSED

2022-04-07 18:25:18 - [TEST_STEP][PASSED] - ctdc.utilities.runtestcaseforKatalon.multiFunction("ICDC", G_StatBar_Cases, "Object Repository/Canine/Canine_CasesTable", "Object Repository/Canine/Canine_TableHeader", "Object Repository/Canine/Canine_CasesTabNextBtn", G_WebTabnameCases, G_CypherTabnameCases, G_QueryCasesTab): Statbar Study Files count matches

2022-04-07 18:25:34 - [MESSAGE][PASSED] - Statbar Programs count matches

2022-04-07 18:25:34 - [MESSAGE][PASSED] - Statbar Studies count matches

2022-04-07 18:25:34 - [MESSAGE][PASSED] - Statbar Cases count matches

2022-04-07 18:25:34 - [MESSAGE][PASSED] - Statbar Samples count matches

2022-04-07 18:25:34 - [MESSAGE][PASSED] - Statbar Case Files count matches

2022-04-07 18:25:34 - [MESSAGE][PASSED] - Statbar Study Files count matches

2022-04-07 18:25:34 - [TEST_STEP][PASSED] - waitForElementPresent(findTestObject("Object Repository/Canine/CanineResults_Samples_Tab"), 30): Object 'Object Repository/Canine/CanineResults_Samples_Tab' is present

2022-04-07 18:25:34 - [MESSAGE][PASSED] - Object 'Object Repository/Canine/CanineResults_Samples_Tab' is present

2022-04-07 18:25:34 - [TEST_STEP][PASSED] - verifyElementPresent(findTestObject("Object Repository/Canine/CanineResults_Samples_Tab"), 5): Object 'Object Repository/Canine/CanineResults_Samples_Tab' is present

2022-04-07 18:25:34 - [MESSAGE][PASSED] - Object 'Object Repository/Canine/CanineResults_Samples_Tab' is present

2022-04-07 18:25:34 - [TEST_STEP][PASSED] - ctdc.utilities.runtestcaseforKatalon.clickTab("Object Repository/Canine/CanineResults_Samples_Tab"): ctdc.utilities.runtestcaseforKatalon.clickTab is PASSED

2022-04-07 18:25:35 - [MESSAGE][PASSED] - ctdc.utilities.runtestcaseforKatalon.clickTab is PASSED

2022-04-07 18:25:35 - [TEST_STEP][PASSED] - ctdc.utilities.runtestcaseforKatalon.multiFunction("ICDC", G_StatBar_Samples, "Object Repository/Canine/Canine_Samples_Table", "Object Repository/Canine/Canine_Samples_TableHdr", "Object Repository/Canine/Canine_SamplesTabNextBtn", G_WebTabnameSamples, G_CypherTabnameSamples, G_QuerySamplesTab): Statbar Study Files count matches

2022-04-07 18:25:55 - [MESSAGE][PASSED] - Statbar Programs count matches

2022-04-07 18:25:55 - [MESSAGE][PASSED] - Statbar Studies count matches

2022-04-07 18:25:55 - [MESSAGE][PASSED] - Statbar Cases count matches

2022-04-07 18:25:55 - [MESSAGE][PASSED] - Statbar Samples count matches

2022-04-07 18:25:55 - [MESSAGE][PASSED] - Statbar Case Files count matches

2022-04-07 18:25:55 - [MESSAGE][PASSED] - Statbar Study Files count matches]]></system-out>
         <system-err><![CDATA[]]></system-err>
      </testcase>
      <testcase name="Test Cases/Canine_TestCases/StudyCombinations/Study-Combinations-OSA01/TC21_Canine_StudyOSA01-StageofDisease-FileType" time="78.92" classname="Test Cases/Canine_TestCases/StudyCombinations/Study-Combinations-OSA01/TC21_Canine_StudyOSA01-StageofDisease-FileType" status="PASSED">
         <system-out><![CDATA[2022-04-07 18:25:55 - [TEST_CASE][PASSED] - Test Cases/Canine_TestCases/StudyCombinations/Study-Combinations-OSA01/TC21_Canine_StudyOSA01-StageofDisease-FileType: Test Cases/Canine_TestCases/StudyCombinations/Study-Combinations-OSA01/TC21_Canine_StudyOSA01-StageofDisease-FileType

2022-04-07 18:25:55 - [TEST_STEP][PASSED] - Start listener action : getTestScriptName: null

2022-04-07 18:25:55 - [TEST_STEP][PASSED] - TestCaseId = testCaseContext.getTestCaseId(): null

2022-04-07 18:25:55 - [TEST_STEP][PASSED] - out.println("**********this is the value of test case id string******** " + testCaseContext.getTestCaseId()): null

2022-04-07 18:25:55 - [TEST_STEP][PASSED] - G_currentTCName = TestCaseId.substring(TestCaseId.lastIndexOf("TC")): null

2022-04-07 18:25:55 - [TEST_STEP][PASSED] - out.println("This is the test case name : " + G_currentTCName): null

2022-04-07 18:25:55 - [TEST_STEP][PASSED] - closeBrowser(): Browser is closed

2022-04-07 18:25:56 - [MESSAGE][PASSED] - Browser is closed

2022-04-07 18:25:56 - [TEST_STEP][PASSED] - "Driver opened by Katalon is used in Selenium from this step.": null

2022-04-07 18:25:56 - [TEST_STEP][PASSED] - ctdc.utilities.runtestcaseforKatalon.RunKatalon("TC21_Canine_StudyOSA01-StageofDisease-FileType.xlsx"): Data loaded from input file for the test case. 

2022-04-07 18:25:56 - [MESSAGE][PASSED] - Test case file loaded This is the full filepath after converting to string :C:\Users\davids3\newclone\Commons_Automation\InputFiles\TC21_Canine_StudyOSA01-StageofDisease-FileType.xlsx

2022-04-07 18:25:56 - [MESSAGE][INFO] - Global variable set for password file is :  C:\Users\davids3\newclone\Commons_Automation\InputFiles\TC21_Canine_StudyOSA01-StageofDisease-FileType.xlsx

2022-04-07 18:26:00 - [MESSAGE][PASSED] - Data loaded from input file for the test case. 

2022-04-07 18:26:07 - [TEST_STEP][PASSED] - waitForElementPresent(findTestObject("Canine/NavBar/Canine_Cases_Btn"), 20): Object 'Object Repository/Canine/NavBar/Canine_Cases_Btn' is present

2022-04-07 18:26:07 - [MESSAGE][PASSED] - Object 'Object Repository/Canine/NavBar/Canine_Cases_Btn' is present

2022-04-07 18:26:07 - [TEST_STEP][PASSED] - ctdc.utilities.runtestcaseforKatalon.clickTab("Object Repository/Canine/Canine_PopUp_Continue_Btn"): ctdc.utilities.runtestcaseforKatalon.clickTab is PASSED

2022-04-07 18:26:07 - [MESSAGE][PASSED] - ctdc.utilities.runtestcaseforKatalon.clickTab is PASSED

2022-04-07 18:26:07 - [TEST_STEP][PASSED] - out.println("Closed the popup window"): null

2022-04-07 18:26:07 - [TEST_STEP][PASSED] - waitForElementPresent(findTestObject("Canine/NavBar/Canine_Cases_Btn"), 20): Object 'Object Repository/Canine/NavBar/Canine_Cases_Btn' is present

2022-04-07 18:26:07 - [MESSAGE][PASSED] - Object 'Object Repository/Canine/NavBar/Canine_Cases_Btn' is present

2022-04-07 18:26:07 - [TEST_STEP][PASSED] - ctdc.utilities.runtestcaseforKatalon.clickTab("Canine/NavBar/Canine_Cases_Btn"): ctdc.utilities.runtestcaseforKatalon.clickTab is PASSED

2022-04-07 18:26:07 - [MESSAGE][PASSED] - ctdc.utilities.runtestcaseforKatalon.clickTab is PASSED

2022-04-07 18:26:07 - [TEST_STEP][PASSED] - waitForElementPresent(findTestObject("Object Repository/Canine/Filter/Study/Canine_Filter_Study"), 30): Object 'Object Repository/Canine/Filter/Study/Canine_Filter_Study' is present

2022-04-07 18:26:08 - [MESSAGE][PASSED] - Object 'Object Repository/Canine/Filter/Study/Canine_Filter_Study' is present

2022-04-07 18:26:08 - [TEST_STEP][PASSED] - verifyElementPresent(findTestObject("Object Repository/Canine/Filter/Study/Canine_Filter_Study"), 5): Object 'Object Repository/Canine/Filter/Study/Canine_Filter_Study' is present

2022-04-07 18:26:08 - [MESSAGE][PASSED] - Object 'Object Repository/Canine/Filter/Study/Canine_Filter_Study' is present

2022-04-07 18:26:08 - [TEST_STEP][PASSED] - ctdc.utilities.runtestcaseforKatalon.clickTab("Object Repository/Canine/Filter/Study/Canine_Filter_Study"): ctdc.utilities.runtestcaseforKatalon.clickTab is PASSED

2022-04-07 18:26:08 - [MESSAGE][PASSED] - ctdc.utilities.runtestcaseforKatalon.clickTab is PASSED

2022-04-07 18:26:08 - [TEST_STEP][PASSED] - Thread.sleep(2000): null

2022-04-07 18:26:10 - [TEST_STEP][PASSED] - waitForElementPresent(findTestObject("Object Repository/Canine/Filter/Study/Canine_Filter_Study-OSA01_Chkbx"), 30): Object 'Object Repository/Canine/Filter/Study/Canine_Filter_Study-OSA01_Chkbx' is present

2022-04-07 18:26:10 - [MESSAGE][PASSED] - Object 'Object Repository/Canine/Filter/Study/Canine_Filter_Study-OSA01_Chkbx' is present

2022-04-07 18:26:10 - [TEST_STEP][PASSED] - verifyElementPresent(findTestObject("Object Repository/Canine/Filter/Study/Canine_Filter_Study-OSA01_Chkbx"), 5): Object 'Object Repository/Canine/Filter/Study/Canine_Filter_Study-OSA01_Chkbx' is present

2022-04-07 18:26:10 - [MESSAGE][PASSED] - Object 'Object Repository/Canine/Filter/Study/Canine_Filter_Study-OSA01_Chkbx' is present

2022-04-07 18:26:10 - [TEST_STEP][PASSED] - ctdc.utilities.runtestcaseforKatalon.clickTab("Object Repository/Canine/Filter/Study/Canine_Filter_Study-OSA01_Chkbx"): ctdc.utilities.runtestcaseforKatalon.clickTab is PASSED

2022-04-07 18:26:10 - [MESSAGE][PASSED] - ctdc.utilities.runtestcaseforKatalon.clickTab is PASSED

2022-04-07 18:26:10 - [TEST_STEP][PASSED] - Thread.sleep(2000): null

2022-04-07 18:26:12 - [TEST_STEP][PASSED] - waitForElementPresent(findTestObject("Object Repository/Canine/Filter/StageOfDisease/STAGEOFDISEASE_Ddn"), 30): Object 'Object Repository/Canine/Filter/StageOfDisease/STAGEOFDISEASE_Ddn' is present

2022-04-07 18:26:13 - [MESSAGE][PASSED] - Object 'Object Repository/Canine/Filter/StageOfDisease/STAGEOFDISEASE_Ddn' is present

2022-04-07 18:26:13 - [TEST_STEP][PASSED] - verifyElementPresent(findTestObject("Object Repository/Canine/Filter/StageOfDisease/STAGEOFDISEASE_Ddn"), 5): Object 'Object Repository/Canine/Filter/StageOfDisease/STAGEOFDISEASE_Ddn' is present

2022-04-07 18:26:13 - [MESSAGE][PASSED] - Object 'Object Repository/Canine/Filter/StageOfDisease/STAGEOFDISEASE_Ddn' is present

2022-04-07 18:26:13 - [TEST_STEP][PASSED] - ctdc.utilities.runtestcaseforKatalon.clickTabCanineStat("Object Repository/Canine/Filter/StageOfDisease/STAGEOFDISEASE_Ddn"): ctdc.utilities.runtestcaseforKatalon.clickTabCanineStat is PASSED

2022-04-07 18:26:14 - [MESSAGE][PASSED] - ctdc.utilities.runtestcaseforKatalon.clickTabCanineStat is PASSED

2022-04-07 18:26:14 - [TEST_STEP][PASSED] - waitForElementPresent(findTestObject("Object Repository/Canine/Filter/StageOfDisease/3_Chkbx"), 30): Object 'Object Repository/Canine/Filter/StageOfDisease/3_Chkbx' is present

2022-04-07 18:26:14 - [MESSAGE][PASSED] - Object 'Object Repository/Canine/Filter/StageOfDisease/3_Chkbx' is present

2022-04-07 18:26:14 - [TEST_STEP][PASSED] - verifyElementPresent(findTestObject("Object Repository/Canine/Filter/StageOfDisease/3_Chkbx"), 5): Object 'Object Repository/Canine/Filter/StageOfDisease/3_Chkbx' is present

2022-04-07 18:26:14 - [MESSAGE][PASSED] - Object 'Object Repository/Canine/Filter/StageOfDisease/3_Chkbx' is present

2022-04-07 18:26:14 - [TEST_STEP][PASSED] - waitForElementClickable(findTestObject("Object Repository/Canine/Filter/StageOfDisease/3_Chkbx"), 30): Object 'Object Repository/Canine/Filter/StageOfDisease/3_Chkbx' is clickable

2022-04-07 18:26:14 - [MESSAGE][PASSED] - Object 'Object Repository/Canine/Filter/StageOfDisease/3_Chkbx' is clickable

2022-04-07 18:26:14 - [TEST_STEP][PASSED] - ctdc.utilities.runtestcaseforKatalon.clickTabCanineStat("Object Repository/Canine/Filter/StageOfDisease/3_Chkbx"): ctdc.utilities.runtestcaseforKatalon.clickTabCanineStat is PASSED

2022-04-07 18:26:15 - [MESSAGE][PASSED] - ctdc.utilities.runtestcaseforKatalon.clickTabCanineStat is PASSED

2022-04-07 18:26:15 - [TEST_STEP][PASSED] - Thread.sleep(2000): null

2022-04-07 18:26:17 - [TEST_STEP][PASSED] - waitForElementPresent(findTestObject("Object Repository/Canine/Filter/FileType/FILETYPE_Ddn"), 30): Object 'Object Repository/Canine/Filter/FileType/FILETYPE_Ddn' is present

2022-04-07 18:26:17 - [MESSAGE][PASSED] - Object 'Object Repository/Canine/Filter/FileType/FILETYPE_Ddn' is present

2022-04-07 18:26:17 - [TEST_STEP][PASSED] - verifyElementPresent(findTestObject("Object Repository/Canine/Filter/FileType/FILETYPE_Ddn"), 5): Object 'Object Repository/Canine/Filter/FileType/FILETYPE_Ddn' is present

2022-04-07 18:26:17 - [MESSAGE][PASSED] - Object 'Object Repository/Canine/Filter/FileType/FILETYPE_Ddn' is present

2022-04-07 18:26:17 - [TEST_STEP][PASSED] - ctdc.utilities.runtestcaseforKatalon.clickTabCanineStat("Object Repository/Canine/Filter/FileType/FILETYPE_Ddn"): ctdc.utilities.runtestcaseforKatalon.clickTabCanineStat is PASSED

2022-04-07 18:26:19 - [MESSAGE][PASSED] - ctdc.utilities.runtestcaseforKatalon.clickTabCanineStat is PASSED

2022-04-07 18:26:19 - [TEST_STEP][PASSED] - waitForElementPresent(findTestObject("Object Repository/Canine/Filter/FileType/WholeExoSeqFile_Chkbx"), 30): Object 'Object Repository/Canine/Filter/FileType/WholeExoSeqFile_Chkbx' is present

2022-04-07 18:26:19 - [MESSAGE][PASSED] - Object 'Object Repository/Canine/Filter/FileType/WholeExoSeqFile_Chkbx' is present

2022-04-07 18:26:19 - [TEST_STEP][PASSED] - verifyElementPresent(findTestObject("Object Repository/Canine/Filter/FileType/WholeExoSeqFile_Chkbx"), 5): Object 'Object Repository/Canine/Filter/FileType/WholeExoSeqFile_Chkbx' is present

2022-04-07 18:26:19 - [MESSAGE][PASSED] - Object 'Object Repository/Canine/Filter/FileType/WholeExoSeqFile_Chkbx' is present

2022-04-07 18:26:19 - [TEST_STEP][PASSED] - waitForElementClickable(findTestObject("Object Repository/Canine/Filter/FileType/WholeExoSeqFile_Chkbx"), 30): Object 'Object Repository/Canine/Filter/FileType/WholeExoSeqFile_Chkbx' is clickable

2022-04-07 18:26:19 - [MESSAGE][PASSED] - Object 'Object Repository/Canine/Filter/FileType/WholeExoSeqFile_Chkbx' is clickable

2022-04-07 18:26:19 - [TEST_STEP][PASSED] - ctdc.utilities.runtestcaseforKatalon.clickTabCanineStat("Object Repository/Canine/Filter/FileType/WholeExoSeqFile_Chkbx"): ctdc.utilities.runtestcaseforKatalon.clickTabCanineStat is PASSED

2022-04-07 18:26:20 - [MESSAGE][PASSED] - ctdc.utilities.runtestcaseforKatalon.clickTabCanineStat is PASSED

2022-04-07 18:26:20 - [TEST_STEP][PASSED] - ctdc.utilities.runtestcaseforKatalon.clickTab("Object Repository/Canine/Filter/FileType/FILETYPE_Ddn"): ctdc.utilities.runtestcaseforKatalon.clickTab is PASSED

2022-04-07 18:26:20 - [MESSAGE][PASSED] - ctdc.utilities.runtestcaseforKatalon.clickTab is PASSED

2022-04-07 18:26:20 - [TEST_STEP][PASSED] - ctdc.utilities.runtestcaseforKatalon.readStatBarCanine("Object Repository/Canine/StatBar/Canine_StatBar-Programs", "Object Repository/Canine/StatBar/Canine_StatBar-Studies", "Object Repository/Canine/StatBar/Canine_StatBar-Cases", "Object Repository/Canine/StatBar/Canine_StatBar-Samples", "Object Repository/Canine/StatBar/Canine_StatBar-CaseFiles", "Object Repository/Canine/StatBar/Canine_StatBar-StudyFiles"): ctdc.utilities.runtestcaseforKatalon.readStatBarCanine is PASSED

2022-04-07 18:26:38 - [MESSAGE][PASSED] - ctdc.utilities.runtestcaseforKatalon.readStatBarCanine is PASSED

2022-04-07 18:26:38 - [TEST_STEP][PASSED] - waitForElementPresent(findTestObject("Object Repository/Canine/CanineResults_Cases_Tab"), 30): Object 'Object Repository/Canine/CanineResults_Cases_Tab' is present

2022-04-07 18:26:38 - [MESSAGE][PASSED] - Object 'Object Repository/Canine/CanineResults_Cases_Tab' is present

2022-04-07 18:26:38 - [TEST_STEP][PASSED] - verifyElementPresent(findTestObject("Object Repository/Canine/CanineResults_Cases_Tab"), 5): Object 'Object Repository/Canine/CanineResults_Cases_Tab' is present

2022-04-07 18:26:38 - [MESSAGE][PASSED] - Object 'Object Repository/Canine/CanineResults_Cases_Tab' is present

2022-04-07 18:26:38 - [TEST_STEP][PASSED] - ctdc.utilities.runtestcaseforKatalon.clickTab("Object Repository/Canine/CanineResults_Cases_Tab"): ctdc.utilities.runtestcaseforKatalon.clickTab is PASSED

2022-04-07 18:26:38 - [MESSAGE][PASSED] - ctdc.utilities.runtestcaseforKatalon.clickTab is PASSED

2022-04-07 18:26:38 - [TEST_STEP][PASSED] - ctdc.utilities.runtestcaseforKatalon.multiFunction("ICDC", G_StatBar_Cases, "Object Repository/Canine/Canine_CasesTable", "Object Repository/Canine/Canine_TableHeader", "Object Repository/Canine/Canine_CasesTabNextBtn", G_WebTabnameCases, G_CypherTabnameCases, G_QueryCasesTab): Statbar Study Files count matches

2022-04-07 18:26:55 - [MESSAGE][PASSED] - Statbar Programs count matches

2022-04-07 18:26:55 - [MESSAGE][PASSED] - Statbar Studies count matches

2022-04-07 18:26:55 - [MESSAGE][PASSED] - Statbar Cases count matches

2022-04-07 18:26:55 - [MESSAGE][PASSED] - Statbar Samples count matches

2022-04-07 18:26:55 - [MESSAGE][PASSED] - Statbar Case Files count matches

2022-04-07 18:26:55 - [MESSAGE][PASSED] - Statbar Study Files count matches

2022-04-07 18:26:55 - [TEST_STEP][PASSED] - waitForElementPresent(findTestObject("Object Repository/Canine/CanineResults_Samples_Tab"), 30): Object 'Object Repository/Canine/CanineResults_Samples_Tab' is present

2022-04-07 18:26:55 - [MESSAGE][PASSED] - Object 'Object Repository/Canine/CanineResults_Samples_Tab' is present

2022-04-07 18:26:55 - [TEST_STEP][PASSED] - verifyElementPresent(findTestObject("Object Repository/Canine/CanineResults_Samples_Tab"), 5): Object 'Object Repository/Canine/CanineResults_Samples_Tab' is present

2022-04-07 18:26:55 - [MESSAGE][PASSED] - Object 'Object Repository/Canine/CanineResults_Samples_Tab' is present

2022-04-07 18:26:55 - [TEST_STEP][PASSED] - ctdc.utilities.runtestcaseforKatalon.clickTab("Object Repository/Canine/CanineResults_Samples_Tab"): ctdc.utilities.runtestcaseforKatalon.clickTab is PASSED

2022-04-07 18:26:55 - [MESSAGE][PASSED] - ctdc.utilities.runtestcaseforKatalon.clickTab is PASSED

2022-04-07 18:26:55 - [TEST_STEP][PASSED] - ctdc.utilities.runtestcaseforKatalon.multiFunction("ICDC", G_StatBar_Samples, "Object Repository/Canine/Canine_Samples_Table", "Object Repository/Canine/Canine_Samples_TableHdr", "Object Repository/Canine/Canine_SamplesTabNextBtn", G_WebTabnameSamples, G_CypherTabnameSamples, G_QuerySamplesTab): Statbar Study Files count matches

2022-04-07 18:27:14 - [MESSAGE][PASSED] - Statbar Programs count matches

2022-04-07 18:27:14 - [MESSAGE][PASSED] - Statbar Studies count matches

2022-04-07 18:27:14 - [MESSAGE][PASSED] - Statbar Cases count matches

2022-04-07 18:27:14 - [MESSAGE][PASSED] - Statbar Samples count matches

2022-04-07 18:27:14 - [MESSAGE][PASSED] - Statbar Case Files count matches

2022-04-07 18:27:14 - [MESSAGE][PASSED] - Statbar Study Files count matches]]></system-out>
         <system-err><![CDATA[]]></system-err>
      </testcase>
      <testcase name="Test Cases/Canine_TestCases/StudyCombinations/Study-Combinations-OSA01/TC22_Canine_StudyOSA01-Breed-SamPath-FileFormat" time="82.735" classname="Test Cases/Canine_TestCases/StudyCombinations/Study-Combinations-OSA01/TC22_Canine_StudyOSA01-Breed-SamPath-FileFormat" status="PASSED">
         <system-out><![CDATA[2022-04-07 18:27:14 - [TEST_CASE][PASSED] - Test Cases/Canine_TestCases/StudyCombinations/Study-Combinations-OSA01/TC22_Canine_StudyOSA01-Breed-SamPath-FileFormat: Test Cases/Canine_TestCases/StudyCombinations/Study-Combinations-OSA01/TC22_Canine_StudyOSA01-Breed-SamPath-FileFormat

2022-04-07 18:27:14 - [TEST_STEP][PASSED] - Start listener action : getTestScriptName: null

2022-04-07 18:27:14 - [TEST_STEP][PASSED] - TestCaseId = testCaseContext.getTestCaseId(): null

2022-04-07 18:27:14 - [TEST_STEP][PASSED] - out.println("**********this is the value of test case id string******** " + testCaseContext.getTestCaseId()): null

2022-04-07 18:27:14 - [TEST_STEP][PASSED] - G_currentTCName = TestCaseId.substring(TestCaseId.lastIndexOf("TC")): null

2022-04-07 18:27:14 - [TEST_STEP][PASSED] - out.println("This is the test case name : " + G_currentTCName): null

2022-04-07 18:27:14 - [TEST_STEP][PASSED] - closeBrowser(): Browser is closed

2022-04-07 18:27:15 - [MESSAGE][PASSED] - Browser is closed

2022-04-07 18:27:15 - [TEST_STEP][PASSED] - "Driver opened by Katalon is used in Selenium from this step.": null

2022-04-07 18:27:15 - [TEST_STEP][PASSED] - ctdc.utilities.runtestcaseforKatalon.RunKatalon("TC22_Canine_StudyOSA01-Breed-SamPath-FileFormat.xlsx"): Data loaded from input file for the test case. 

2022-04-07 18:27:15 - [MESSAGE][PASSED] - Test case file loaded This is the full filepath after converting to string :C:\Users\davids3\newclone\Commons_Automation\InputFiles\TC22_Canine_StudyOSA01-Breed-SamPath-FileFormat.xlsx

2022-04-07 18:27:15 - [MESSAGE][INFO] - Global variable set for password file is :  C:\Users\davids3\newclone\Commons_Automation\InputFiles\TC22_Canine_StudyOSA01-Breed-SamPath-FileFormat.xlsx

2022-04-07 18:27:19 - [MESSAGE][PASSED] - Data loaded from input file for the test case. 

2022-04-07 18:27:26 - [TEST_STEP][PASSED] - waitForElementPresent(findTestObject("Canine/NavBar/Canine_Cases_Btn"), 20): Object 'Object Repository/Canine/NavBar/Canine_Cases_Btn' is present

2022-04-07 18:27:26 - [MESSAGE][PASSED] - Object 'Object Repository/Canine/NavBar/Canine_Cases_Btn' is present

2022-04-07 18:27:26 - [TEST_STEP][PASSED] - ctdc.utilities.runtestcaseforKatalon.clickTab("Object Repository/Canine/Canine_PopUp_Continue_Btn"): ctdc.utilities.runtestcaseforKatalon.clickTab is PASSED

2022-04-07 18:27:26 - [MESSAGE][PASSED] - ctdc.utilities.runtestcaseforKatalon.clickTab is PASSED

2022-04-07 18:27:26 - [TEST_STEP][PASSED] - out.println("Closed the popup window"): null

2022-04-07 18:27:26 - [TEST_STEP][PASSED] - waitForElementPresent(findTestObject("Canine/NavBar/Canine_Cases_Btn"), 20): Object 'Object Repository/Canine/NavBar/Canine_Cases_Btn' is present

2022-04-07 18:27:26 - [MESSAGE][PASSED] - Object 'Object Repository/Canine/NavBar/Canine_Cases_Btn' is present

2022-04-07 18:27:26 - [TEST_STEP][PASSED] - ctdc.utilities.runtestcaseforKatalon.clickTab("Canine/NavBar/Canine_Cases_Btn"): ctdc.utilities.runtestcaseforKatalon.clickTab is PASSED

2022-04-07 18:27:27 - [MESSAGE][PASSED] - ctdc.utilities.runtestcaseforKatalon.clickTab is PASSED

2022-04-07 18:27:27 - [TEST_STEP][PASSED] - waitForElementPresent(findTestObject("Object Repository/Canine/Filter/Study/Canine_Filter_Study"), 30): Object 'Object Repository/Canine/Filter/Study/Canine_Filter_Study' is present

2022-04-07 18:27:27 - [MESSAGE][PASSED] - Object 'Object Repository/Canine/Filter/Study/Canine_Filter_Study' is present

2022-04-07 18:27:27 - [TEST_STEP][PASSED] - verifyElementPresent(findTestObject("Object Repository/Canine/Filter/Study/Canine_Filter_Study"), 5): Object 'Object Repository/Canine/Filter/Study/Canine_Filter_Study' is present

2022-04-07 18:27:27 - [MESSAGE][PASSED] - Object 'Object Repository/Canine/Filter/Study/Canine_Filter_Study' is present

2022-04-07 18:27:27 - [TEST_STEP][PASSED] - ctdc.utilities.runtestcaseforKatalon.clickTab("Object Repository/Canine/Filter/Study/Canine_Filter_Study"): ctdc.utilities.runtestcaseforKatalon.clickTab is PASSED

2022-04-07 18:27:28 - [MESSAGE][PASSED] - ctdc.utilities.runtestcaseforKatalon.clickTab is PASSED

2022-04-07 18:27:28 - [TEST_STEP][PASSED] - Thread.sleep(2000): null

2022-04-07 18:27:30 - [TEST_STEP][PASSED] - waitForElementPresent(findTestObject("Object Repository/Canine/Filter/Study/Canine_Filter_Study-OSA01_Chkbx"), 30): Object 'Object Repository/Canine/Filter/Study/Canine_Filter_Study-OSA01_Chkbx' is present

2022-04-07 18:27:30 - [MESSAGE][PASSED] - Object 'Object Repository/Canine/Filter/Study/Canine_Filter_Study-OSA01_Chkbx' is present

2022-04-07 18:27:30 - [TEST_STEP][PASSED] - verifyElementPresent(findTestObject("Object Repository/Canine/Filter/Study/Canine_Filter_Study-OSA01_Chkbx"), 5): Object 'Object Repository/Canine/Filter/Study/Canine_Filter_Study-OSA01_Chkbx' is present

2022-04-07 18:27:30 - [MESSAGE][PASSED] - Object 'Object Repository/Canine/Filter/Study/Canine_Filter_Study-OSA01_Chkbx' is present

2022-04-07 18:27:30 - [TEST_STEP][PASSED] - ctdc.utilities.runtestcaseforKatalon.clickTab("Object Repository/Canine/Filter/Study/Canine_Filter_Study-OSA01_Chkbx"): ctdc.utilities.runtestcaseforKatalon.clickTab is PASSED

2022-04-07 18:27:30 - [MESSAGE][PASSED] - ctdc.utilities.runtestcaseforKatalon.clickTab is PASSED

2022-04-07 18:27:30 - [TEST_STEP][PASSED] - Thread.sleep(2000): null

2022-04-07 18:27:32 - [TEST_STEP][PASSED] - waitForElementPresent(findTestObject("Object Repository/Canine/Filter/Breed/BREED_Ddn"), 30): Object 'Object Repository/Canine/Filter/Breed/BREED_Ddn' is present

2022-04-07 18:27:32 - [MESSAGE][PASSED] - Object 'Object Repository/Canine/Filter/Breed/BREED_Ddn' is present

2022-04-07 18:27:32 - [TEST_STEP][PASSED] - verifyElementPresent(findTestObject("Object Repository/Canine/Filter/Breed/BREED_Ddn"), 5): Object 'Object Repository/Canine/Filter/Breed/BREED_Ddn' is present

2022-04-07 18:27:32 - [MESSAGE][PASSED] - Object 'Object Repository/Canine/Filter/Breed/BREED_Ddn' is present

2022-04-07 18:27:32 - [TEST_STEP][PASSED] - ctdc.utilities.runtestcaseforKatalon.clickTabCanineStat("Object Repository/Canine/Filter/Breed/BREED_Ddn"): ctdc.utilities.runtestcaseforKatalon.clickTabCanineStat is PASSED

2022-04-07 18:27:33 - [MESSAGE][PASSED] - ctdc.utilities.runtestcaseforKatalon.clickTabCanineStat is PASSED

2022-04-07 18:27:33 - [TEST_STEP][PASSED] - Thread.sleep(2000): null

2022-04-07 18:27:35 - [TEST_STEP][PASSED] - waitForElementPresent(findTestObject("Object Repository/Canine/Filter/Breed/Rottweiler_Chkbx"), 30): Object 'Object Repository/Canine/Filter/Breed/Rottweiler_Chkbx' is present

2022-04-07 18:27:35 - [MESSAGE][PASSED] - Object 'Object Repository/Canine/Filter/Breed/Rottweiler_Chkbx' is present

2022-04-07 18:27:35 - [TEST_STEP][PASSED] - verifyElementPresent(findTestObject("Object Repository/Canine/Filter/Breed/Rottweiler_Chkbx"), 5): Object 'Object Repository/Canine/Filter/Breed/Rottweiler_Chkbx' is present

2022-04-07 18:27:35 - [MESSAGE][PASSED] - Object 'Object Repository/Canine/Filter/Breed/Rottweiler_Chkbx' is present

2022-04-07 18:27:35 - [TEST_STEP][PASSED] - ctdc.utilities.runtestcaseforKatalon.clickTabCanineStat("Object Repository/Canine/Filter/Breed/Rottweiler_Chkbx"): ctdc.utilities.runtestcaseforKatalon.clickTabCanineStat is PASSED

2022-04-07 18:27:37 - [MESSAGE][PASSED] - ctdc.utilities.runtestcaseforKatalon.clickTabCanineStat is PASSED

2022-04-07 18:27:37 - [TEST_STEP][PASSED] - Thread.sleep(2000): null

2022-04-07 18:27:39 - [TEST_STEP][PASSED] - waitForElementPresent(findTestObject("Object Repository/Canine/Filter/SamplePathology/SAMPLEPATHOLOGY_Ddn"), 30): Object 'Object Repository/Canine/Filter/SamplePathology/SAMPLEPATHOLOGY_Ddn' is present

2022-04-07 18:27:39 - [MESSAGE][PASSED] - Object 'Object Repository/Canine/Filter/SamplePathology/SAMPLEPATHOLOGY_Ddn' is present

2022-04-07 18:27:39 - [TEST_STEP][PASSED] - verifyElementPresent(findTestObject("Object Repository/Canine/Filter/SamplePathology/SAMPLEPATHOLOGY_Ddn"), 5): Object 'Object Repository/Canine/Filter/SamplePathology/SAMPLEPATHOLOGY_Ddn' is present

2022-04-07 18:27:39 - [MESSAGE][PASSED] - Object 'Object Repository/Canine/Filter/SamplePathology/SAMPLEPATHOLOGY_Ddn' is present

2022-04-07 18:27:39 - [TEST_STEP][PASSED] - ctdc.utilities.runtestcaseforKatalon.clickTabCanineStat("Object Repository/Canine/Filter/SamplePathology/SAMPLEPATHOLOGY_Ddn"): ctdc.utilities.runtestcaseforKatalon.clickTabCanineStat is PASSED

2022-04-07 18:27:40 - [MESSAGE][PASSED] - ctdc.utilities.runtestcaseforKatalon.clickTabCanineStat is PASSED

2022-04-07 18:27:40 - [TEST_STEP][PASSED] - waitForElementPresent(findTestObject("Object Repository/Canine/Filter/SamplePathology/Chondroblastic Osteosarcoma_Chkbx"), 30): Object 'Object Repository/Canine/Filter/SamplePathology/Chondroblastic Osteosarcoma_Chkbx' is present

2022-04-07 18:27:40 - [MESSAGE][PASSED] - Object 'Object Repository/Canine/Filter/SamplePathology/Chondroblastic Osteosarcoma_Chkbx' is present

2022-04-07 18:27:40 - [TEST_STEP][PASSED] - verifyElementPresent(findTestObject("Object Repository/Canine/Filter/SamplePathology/Chondroblastic Osteosarcoma_Chkbx"), 5): Object 'Object Repository/Canine/Filter/SamplePathology/Chondroblastic Osteosarcoma_Chkbx' is present

2022-04-07 18:27:40 - [MESSAGE][PASSED] - Object 'Object Repository/Canine/Filter/SamplePathology/Chondroblastic Osteosarcoma_Chkbx' is present

2022-04-07 18:27:40 - [TEST_STEP][PASSED] - waitForElementClickable(findTestObject("Object Repository/Canine/Filter/SamplePathology/Chondroblastic Osteosarcoma_Chkbx"), 30): Object 'Object Repository/Canine/Filter/SamplePathology/Chondroblastic Osteosarcoma_Chkbx' is clickable

2022-04-07 18:27:40 - [MESSAGE][PASSED] - Object 'Object Repository/Canine/Filter/SamplePathology/Chondroblastic Osteosarcoma_Chkbx' is clickable

2022-04-07 18:27:40 - [TEST_STEP][PASSED] - ctdc.utilities.runtestcaseforKatalon.clickTabCanineStat("Object Repository/Canine/Filter/SamplePathology/Chondroblastic Osteosarcoma_Chkbx"): ctdc.utilities.runtestcaseforKatalon.clickTabCanineStat is PASSED

2022-04-07 18:27:42 - [MESSAGE][PASSED] - ctdc.utilities.runtestcaseforKatalon.clickTabCanineStat is PASSED

2022-04-07 18:27:42 - [TEST_STEP][PASSED] - ctdc.utilities.runtestcaseforKatalon.clickTab("Object Repository/Canine/Filter/SamplePathology/SAMPLEPATHOLOGY_Ddn"): ctdc.utilities.runtestcaseforKatalon.clickTab is PASSED

2022-04-07 18:27:42 - [MESSAGE][PASSED] - ctdc.utilities.runtestcaseforKatalon.clickTab is PASSED

2022-04-07 18:27:42 - [TEST_STEP][PASSED] - Thread.sleep(2000): null

2022-04-07 18:27:44 - [TEST_STEP][PASSED] - waitForElementPresent(findTestObject("Object Repository/Canine/Filter/FileFormat/FILEFORMAT_Ddn"), 30): Object 'Object Repository/Canine/Filter/FileFormat/FILEFORMAT_Ddn' is present

2022-04-07 18:27:44 - [MESSAGE][PASSED] - Object 'Object Repository/Canine/Filter/FileFormat/FILEFORMAT_Ddn' is present

2022-04-07 18:27:44 - [TEST_STEP][PASSED] - verifyElementPresent(findTestObject("Object Repository/Canine/Filter/FileFormat/FILEFORMAT_Ddn"), 5): Object 'Object Repository/Canine/Filter/FileFormat/FILEFORMAT_Ddn' is present

2022-04-07 18:27:44 - [MESSAGE][PASSED] - Object 'Object Repository/Canine/Filter/FileFormat/FILEFORMAT_Ddn' is present

2022-04-07 18:27:44 - [TEST_STEP][PASSED] - ctdc.utilities.runtestcaseforKatalon.clickTabCanineStat("Object Repository/Canine/Filter/FileFormat/FILEFORMAT_Ddn"): ctdc.utilities.runtestcaseforKatalon.clickTabCanineStat is PASSED

2022-04-07 18:27:45 - [MESSAGE][PASSED] - ctdc.utilities.runtestcaseforKatalon.clickTabCanineStat is PASSED

2022-04-07 18:27:45 - [TEST_STEP][PASSED] - waitForElementPresent(findTestObject("Object Repository/Canine/Filter/FileFormat/bam_Chkbx"), 30): Object 'Object Repository/Canine/Filter/FileFormat/bam_Chkbx' is present

2022-04-07 18:27:45 - [MESSAGE][PASSED] - Object 'Object Repository/Canine/Filter/FileFormat/bam_Chkbx' is present

2022-04-07 18:27:45 - [TEST_STEP][PASSED] - verifyElementPresent(findTestObject("Object Repository/Canine/Filter/FileFormat/bam_Chkbx"), 5): Object 'Object Repository/Canine/Filter/FileFormat/bam_Chkbx' is present

2022-04-07 18:27:45 - [MESSAGE][PASSED] - Object 'Object Repository/Canine/Filter/FileFormat/bam_Chkbx' is present

2022-04-07 18:27:45 - [TEST_STEP][PASSED] - waitForElementClickable(findTestObject("Object Repository/Canine/Filter/FileFormat/bam_Chkbx"), 30): Object 'Object Repository/Canine/Filter/FileFormat/bam_Chkbx' is clickable

2022-04-07 18:27:45 - [MESSAGE][PASSED] - Object 'Object Repository/Canine/Filter/FileFormat/bam_Chkbx' is clickable

2022-04-07 18:27:45 - [TEST_STEP][PASSED] - ctdc.utilities.runtestcaseforKatalon.clickTabCanineStat("Object Repository/Canine/Filter/FileFormat/bam_Chkbx"): ctdc.utilities.runtestcaseforKatalon.clickTabCanineStat is PASSED

2022-04-07 18:27:46 - [MESSAGE][PASSED] - ctdc.utilities.runtestcaseforKatalon.clickTabCanineStat is PASSED

2022-04-07 18:27:46 - [TEST_STEP][PASSED] - ctdc.utilities.runtestcaseforKatalon.clickTab("Object Repository/Canine/Filter/FileFormat/FILEFORMAT_Ddn"): ctdc.utilities.runtestcaseforKatalon.clickTab is PASSED

2022-04-07 18:27:47 - [MESSAGE][PASSED] - ctdc.utilities.runtestcaseforKatalon.clickTab is PASSED

2022-04-07 18:27:47 - [TEST_STEP][PASSED] - ctdc.utilities.runtestcaseforKatalon.readStatBarCanine("Object Repository/Canine/StatBar/Canine_StatBar-Programs", "Object Repository/Canine/StatBar/Canine_StatBar-Studies", "Object Repository/Canine/StatBar/Canine_StatBar-Cases", "Object Repository/Canine/StatBar/Canine_StatBar-Samples", "Object Repository/Canine/StatBar/Canine_StatBar-CaseFiles", "Object Repository/Canine/StatBar/Canine_StatBar-StudyFiles"): ctdc.utilities.runtestcaseforKatalon.readStatBarCanine is PASSED

2022-04-07 18:28:04 - [MESSAGE][PASSED] - ctdc.utilities.runtestcaseforKatalon.readStatBarCanine is PASSED

2022-04-07 18:28:04 - [TEST_STEP][PASSED] - waitForElementPresent(findTestObject("Object Repository/Canine/CanineResults_Cases_Tab"), 30): Object 'Object Repository/Canine/CanineResults_Cases_Tab' is present

2022-04-07 18:28:04 - [MESSAGE][PASSED] - Object 'Object Repository/Canine/CanineResults_Cases_Tab' is present

2022-04-07 18:28:04 - [TEST_STEP][PASSED] - verifyElementPresent(findTestObject("Object Repository/Canine/CanineResults_Cases_Tab"), 5): Object 'Object Repository/Canine/CanineResults_Cases_Tab' is present

2022-04-07 18:28:04 - [MESSAGE][PASSED] - Object 'Object Repository/Canine/CanineResults_Cases_Tab' is present

2022-04-07 18:28:04 - [TEST_STEP][PASSED] - ctdc.utilities.runtestcaseforKatalon.clickTab("Object Repository/Canine/CanineResults_Cases_Tab"): ctdc.utilities.runtestcaseforKatalon.clickTab is PASSED

2022-04-07 18:28:05 - [MESSAGE][PASSED] - ctdc.utilities.runtestcaseforKatalon.clickTab is PASSED

2022-04-07 18:28:05 - [TEST_STEP][PASSED] - ctdc.utilities.runtestcaseforKatalon.multiFunction("ICDC", G_StatBar_Cases, "Object Repository/Canine/Canine_CasesTable", "Object Repository/Canine/Canine_TableHeader", "Object Repository/Canine/Canine_CasesTabNextBtn", G_WebTabnameCases, G_CypherTabnameCases, G_QueryCasesTab): Statbar Study Files count matches

2022-04-07 18:28:20 - [MESSAGE][PASSED] - Statbar Programs count matches

2022-04-07 18:28:20 - [MESSAGE][PASSED] - Statbar Studies count matches

2022-04-07 18:28:20 - [MESSAGE][PASSED] - Statbar Cases count matches

2022-04-07 18:28:20 - [MESSAGE][PASSED] - Statbar Samples count matches

2022-04-07 18:28:20 - [MESSAGE][PASSED] - Statbar Case Files count matches

2022-04-07 18:28:20 - [MESSAGE][PASSED] - Statbar Study Files count matches

2022-04-07 18:28:20 - [TEST_STEP][PASSED] - waitForElementPresent(findTestObject("Object Repository/Canine/CanineResults_Samples_Tab"), 30): Object 'Object Repository/Canine/CanineResults_Samples_Tab' is present

2022-04-07 18:28:20 - [MESSAGE][PASSED] - Object 'Object Repository/Canine/CanineResults_Samples_Tab' is present

2022-04-07 18:28:20 - [TEST_STEP][PASSED] - verifyElementPresent(findTestObject("Object Repository/Canine/CanineResults_Samples_Tab"), 5): Object 'Object Repository/Canine/CanineResults_Samples_Tab' is present

2022-04-07 18:28:20 - [MESSAGE][PASSED] - Object 'Object Repository/Canine/CanineResults_Samples_Tab' is present

2022-04-07 18:28:20 - [TEST_STEP][PASSED] - ctdc.utilities.runtestcaseforKatalon.clickTab("Object Repository/Canine/CanineResults_Samples_Tab"): ctdc.utilities.runtestcaseforKatalon.clickTab is PASSED

2022-04-07 18:28:20 - [MESSAGE][PASSED] - ctdc.utilities.runtestcaseforKatalon.clickTab is PASSED

2022-04-07 18:28:20 - [TEST_STEP][PASSED] - ctdc.utilities.runtestcaseforKatalon.multiFunction("ICDC", G_StatBar_Samples, "Object Repository/Canine/Canine_Samples_Table", "Object Repository/Canine/Canine_Samples_TableHdr", "Object Repository/Canine/Canine_SamplesTabNextBtn", G_WebTabnameSamples, G_CypherTabnameSamples, G_QuerySamplesTab): Statbar Study Files count matches

2022-04-07 18:28:37 - [MESSAGE][PASSED] - Statbar Programs count matches

2022-04-07 18:28:37 - [MESSAGE][PASSED] - Statbar Studies count matches

2022-04-07 18:28:37 - [MESSAGE][PASSED] - Statbar Cases count matches

2022-04-07 18:28:37 - [MESSAGE][PASSED] - Statbar Samples count matches

2022-04-07 18:28:37 - [MESSAGE][PASSED] - Statbar Case Files count matches

2022-04-07 18:28:37 - [MESSAGE][PASSED] - Statbar Study Files count matches]]></system-out>
         <system-err><![CDATA[]]></system-err>
      </testcase>
      <testcase name="Test Cases/Canine_TestCases/StudyCombinations/Study-Combinations-OSA01/TC23_Canine_StudyOSA01-Diagnosis-Resptotreatment-FileType" time="72.966" classname="Test Cases/Canine_TestCases/StudyCombinations/Study-Combinations-OSA01/TC23_Canine_StudyOSA01-Diagnosis-Resptotreatment-FileType" status="PASSED">
         <system-out><![CDATA[2022-04-07 18:28:37 - [TEST_CASE][PASSED] - Test Cases/Canine_TestCases/StudyCombinations/Study-Combinations-OSA01/TC23_Canine_StudyOSA01-Diagnosis-Resptotreatment-FileType: Test Cases/Canine_TestCases/StudyCombinations/Study-Combinations-OSA01/TC23_Canine_StudyOSA01-Diagnosis-Resptotreatment-FileType

2022-04-07 18:28:37 - [TEST_STEP][PASSED] - Start listener action : getTestScriptName: null

2022-04-07 18:28:37 - [TEST_STEP][PASSED] - TestCaseId = testCaseContext.getTestCaseId(): null

2022-04-07 18:28:37 - [TEST_STEP][PASSED] - out.println("**********this is the value of test case id string******** " + testCaseContext.getTestCaseId()): null

2022-04-07 18:28:37 - [TEST_STEP][PASSED] - G_currentTCName = TestCaseId.substring(TestCaseId.lastIndexOf("TC")): null

2022-04-07 18:28:37 - [TEST_STEP][PASSED] - out.println("This is the test case name : " + G_currentTCName): null

2022-04-07 18:28:37 - [TEST_STEP][PASSED] - closeBrowser(): Browser is closed

2022-04-07 18:28:38 - [MESSAGE][PASSED] - Browser is closed

2022-04-07 18:28:38 - [TEST_STEP][PASSED] - "Driver opened by Katalon is used in Selenium from this step.": null

2022-04-07 18:28:38 - [TEST_STEP][PASSED] - ctdc.utilities.runtestcaseforKatalon.RunKatalon("TC23_Canine_StudyOSA01-Diagnosis-Resptotreatment-FileType.xlsx"): Data loaded from input file for the test case. 

2022-04-07 18:28:38 - [MESSAGE][PASSED] - Test case file loaded This is the full filepath after converting to string :C:\Users\davids3\newclone\Commons_Automation\InputFiles\TC23_Canine_StudyOSA01-Diagnosis-Resptotreatment-FileType.xlsx

2022-04-07 18:28:38 - [MESSAGE][INFO] - Global variable set for password file is :  C:\Users\davids3\newclone\Commons_Automation\InputFiles\TC23_Canine_StudyOSA01-Diagnosis-Resptotreatment-FileType.xlsx

2022-04-07 18:28:42 - [MESSAGE][PASSED] - Data loaded from input file for the test case. 

2022-04-07 18:28:48 - [TEST_STEP][PASSED] - waitForElementPresent(findTestObject("Canine/NavBar/Canine_Cases_Btn"), 20): Object 'Object Repository/Canine/NavBar/Canine_Cases_Btn' is present

2022-04-07 18:28:48 - [MESSAGE][PASSED] - Object 'Object Repository/Canine/NavBar/Canine_Cases_Btn' is present

2022-04-07 18:28:48 - [TEST_STEP][PASSED] - ctdc.utilities.runtestcaseforKatalon.clickTab("Object Repository/Canine/Canine_PopUp_Continue_Btn"): ctdc.utilities.runtestcaseforKatalon.clickTab is PASSED

2022-04-07 18:28:49 - [MESSAGE][PASSED] - ctdc.utilities.runtestcaseforKatalon.clickTab is PASSED

2022-04-07 18:28:49 - [TEST_STEP][PASSED] - out.println("Closed the popup window"): null

2022-04-07 18:28:49 - [TEST_STEP][PASSED] - waitForElementPresent(findTestObject("Canine/NavBar/Canine_Cases_Btn"), 20): Object 'Object Repository/Canine/NavBar/Canine_Cases_Btn' is present

2022-04-07 18:28:49 - [MESSAGE][PASSED] - Object 'Object Repository/Canine/NavBar/Canine_Cases_Btn' is present

2022-04-07 18:28:49 - [TEST_STEP][PASSED] - ctdc.utilities.runtestcaseforKatalon.clickTab("Canine/NavBar/Canine_Cases_Btn"): ctdc.utilities.runtestcaseforKatalon.clickTab is PASSED

2022-04-07 18:28:49 - [MESSAGE][PASSED] - ctdc.utilities.runtestcaseforKatalon.clickTab is PASSED

2022-04-07 18:28:49 - [TEST_STEP][PASSED] - waitForElementPresent(findTestObject("Object Repository/Canine/Filter/Study/Canine_Filter_Study"), 30): Object 'Object Repository/Canine/Filter/Study/Canine_Filter_Study' is present

2022-04-07 18:28:49 - [MESSAGE][PASSED] - Object 'Object Repository/Canine/Filter/Study/Canine_Filter_Study' is present

2022-04-07 18:28:49 - [TEST_STEP][PASSED] - verifyElementPresent(findTestObject("Object Repository/Canine/Filter/Study/Canine_Filter_Study"), 5): Object 'Object Repository/Canine/Filter/Study/Canine_Filter_Study' is present

2022-04-07 18:28:50 - [MESSAGE][PASSED] - Object 'Object Repository/Canine/Filter/Study/Canine_Filter_Study' is present

2022-04-07 18:28:50 - [TEST_STEP][PASSED] - ctdc.utilities.runtestcaseforKatalon.clickTab("Object Repository/Canine/Filter/Study/Canine_Filter_Study"): ctdc.utilities.runtestcaseforKatalon.clickTab is PASSED

2022-04-07 18:28:50 - [MESSAGE][PASSED] - ctdc.utilities.runtestcaseforKatalon.clickTab is PASSED

2022-04-07 18:28:50 - [TEST_STEP][PASSED] - waitForElementPresent(findTestObject("Object Repository/Canine/Filter/Study/Canine_Filter_Study-OSA01_Chkbx"), 30): Object 'Object Repository/Canine/Filter/Study/Canine_Filter_Study-OSA01_Chkbx' is present

2022-04-07 18:28:50 - [MESSAGE][PASSED] - Object 'Object Repository/Canine/Filter/Study/Canine_Filter_Study-OSA01_Chkbx' is present

2022-04-07 18:28:50 - [TEST_STEP][PASSED] - verifyElementPresent(findTestObject("Object Repository/Canine/Filter/Study/Canine_Filter_Study-OSA01_Chkbx"), 5): Object 'Object Repository/Canine/Filter/Study/Canine_Filter_Study-OSA01_Chkbx' is present

2022-04-07 18:28:50 - [MESSAGE][PASSED] - Object 'Object Repository/Canine/Filter/Study/Canine_Filter_Study-OSA01_Chkbx' is present

2022-04-07 18:28:50 - [TEST_STEP][PASSED] - ctdc.utilities.runtestcaseforKatalon.clickTab("Object Repository/Canine/Filter/Study/Canine_Filter_Study-OSA01_Chkbx"): ctdc.utilities.runtestcaseforKatalon.clickTab is PASSED

2022-04-07 18:28:50 - [MESSAGE][PASSED] - ctdc.utilities.runtestcaseforKatalon.clickTab is PASSED

2022-04-07 18:28:50 - [TEST_STEP][PASSED] - waitForElementPresent(findTestObject("Object Repository/Canine/Filter/ResponseToTreatment/RESPONSETOTREATMENT_Ddn"), 30): Object 'Object Repository/Canine/Filter/ResponseToTreatment/RESPONSETOTREATMENT_Ddn' is present

2022-04-07 18:28:51 - [MESSAGE][PASSED] - Object 'Object Repository/Canine/Filter/ResponseToTreatment/RESPONSETOTREATMENT_Ddn' is present

2022-04-07 18:28:51 - [TEST_STEP][PASSED] - verifyElementPresent(findTestObject("Object Repository/Canine/Filter/ResponseToTreatment/RESPONSETOTREATMENT_Ddn"), 5): Object 'Object Repository/Canine/Filter/ResponseToTreatment/RESPONSETOTREATMENT_Ddn' is present

2022-04-07 18:28:51 - [MESSAGE][PASSED] - Object 'Object Repository/Canine/Filter/ResponseToTreatment/RESPONSETOTREATMENT_Ddn' is present

2022-04-07 18:28:51 - [TEST_STEP][PASSED] - ctdc.utilities.runtestcaseforKatalon.clickTab("Object Repository/Canine/Filter/ResponseToTreatment/RESPONSETOTREATMENT_Ddn"): ctdc.utilities.runtestcaseforKatalon.clickTab is PASSED

2022-04-07 18:28:51 - [MESSAGE][PASSED] - ctdc.utilities.runtestcaseforKatalon.clickTab is PASSED

2022-04-07 18:28:51 - [TEST_STEP][PASSED] - waitForElementPresent(findTestObject("Object Repository/Canine/Filter/ResponseToTreatment/NotDetermined_Chkbx"), 30): Object 'Object Repository/Canine/Filter/ResponseToTreatment/NotDetermined_Chkbx' is present

2022-04-07 18:28:51 - [MESSAGE][PASSED] - Object 'Object Repository/Canine/Filter/ResponseToTreatment/NotDetermined_Chkbx' is present

2022-04-07 18:28:51 - [TEST_STEP][PASSED] - verifyElementPresent(findTestObject("Object Repository/Canine/Filter/ResponseToTreatment/NotDetermined_Chkbx"), 5): Object 'Object Repository/Canine/Filter/ResponseToTreatment/NotDetermined_Chkbx' is present

2022-04-07 18:28:51 - [MESSAGE][PASSED] - Object 'Object Repository/Canine/Filter/ResponseToTreatment/NotDetermined_Chkbx' is present

2022-04-07 18:28:51 - [TEST_STEP][PASSED] - ctdc.utilities.runtestcaseforKatalon.clickTab("Object Repository/Canine/Filter/ResponseToTreatment/NotDetermined_Chkbx"): ctdc.utilities.runtestcaseforKatalon.clickTab is PASSED

2022-04-07 18:28:52 - [MESSAGE][PASSED] - ctdc.utilities.runtestcaseforKatalon.clickTab is PASSED

2022-04-07 18:28:52 - [TEST_STEP][PASSED] - ctdc.utilities.runtestcaseforKatalon.clickTab("Object Repository/Canine/Filter/ResponseToTreatment/RESPONSETOTREATMENT_Ddn"): ctdc.utilities.runtestcaseforKatalon.clickTab is PASSED

2022-04-07 18:28:52 - [MESSAGE][PASSED] - ctdc.utilities.runtestcaseforKatalon.clickTab is PASSED

2022-04-07 18:28:52 - [TEST_STEP][PASSED] - waitForElementPresent(findTestObject("Object Repository/Canine/Filter/FileType/FILETYPE_Ddn"), 30): Object 'Object Repository/Canine/Filter/FileType/FILETYPE_Ddn' is present

2022-04-07 18:28:52 - [MESSAGE][PASSED] - Object 'Object Repository/Canine/Filter/FileType/FILETYPE_Ddn' is present

2022-04-07 18:28:52 - [TEST_STEP][PASSED] - verifyElementPresent(findTestObject("Object Repository/Canine/Filter/FileType/FILETYPE_Ddn"), 5): Object 'Object Repository/Canine/Filter/FileType/FILETYPE_Ddn' is present

2022-04-07 18:28:52 - [MESSAGE][PASSED] - Object 'Object Repository/Canine/Filter/FileType/FILETYPE_Ddn' is present

2022-04-07 18:28:52 - [TEST_STEP][PASSED] - ctdc.utilities.runtestcaseforKatalon.clickTab("Object Repository/Canine/Filter/FileType/FILETYPE_Ddn"): ctdc.utilities.runtestcaseforKatalon.clickTab is PASSED

2022-04-07 18:28:52 - [MESSAGE][PASSED] - ctdc.utilities.runtestcaseforKatalon.clickTab is PASSED

2022-04-07 18:28:52 - [TEST_STEP][PASSED] - waitForElementPresent(findTestObject("Object Repository/Canine/Filter/FileType/RNASeqFile_Chkbx"), 30): Object 'Object Repository/Canine/Filter/FileType/RNASeqFile_Chkbx' is present

2022-04-07 18:28:52 - [MESSAGE][PASSED] - Object 'Object Repository/Canine/Filter/FileType/RNASeqFile_Chkbx' is present

2022-04-07 18:28:52 - [TEST_STEP][PASSED] - verifyElementPresent(findTestObject("Object Repository/Canine/Filter/FileType/RNASeqFile_Chkbx"), 5): Object 'Object Repository/Canine/Filter/FileType/RNASeqFile_Chkbx' is present

2022-04-07 18:28:52 - [MESSAGE][PASSED] - Object 'Object Repository/Canine/Filter/FileType/RNASeqFile_Chkbx' is present

2022-04-07 18:28:52 - [TEST_STEP][PASSED] - ctdc.utilities.runtestcaseforKatalon.clickTab("Object Repository/Canine/Filter/FileType/RNASeqFile_Chkbx"): ctdc.utilities.runtestcaseforKatalon.clickTab is PASSED

2022-04-07 18:28:52 - [MESSAGE][PASSED] - ctdc.utilities.runtestcaseforKatalon.clickTab is PASSED

2022-04-07 18:28:53 - [TEST_STEP][PASSED] - Thread.sleep(5000): null

2022-04-07 18:28:58 - [TEST_STEP][PASSED] - waitForElementPresent(findTestObject("Object Repository/Canine/Filter/Diagnosis/DIAGNOSIS_Ddn"), 30): Object 'Object Repository/Canine/Filter/Diagnosis/DIAGNOSIS_Ddn' is present

2022-04-07 18:28:58 - [MESSAGE][PASSED] - Object 'Object Repository/Canine/Filter/Diagnosis/DIAGNOSIS_Ddn' is present

2022-04-07 18:28:58 - [TEST_STEP][PASSED] - verifyElementPresent(findTestObject("Object Repository/Canine/Filter/Diagnosis/DIAGNOSIS_Ddn"), 5): Object 'Object Repository/Canine/Filter/Diagnosis/DIAGNOSIS_Ddn' is present

2022-04-07 18:28:58 - [MESSAGE][PASSED] - Object 'Object Repository/Canine/Filter/Diagnosis/DIAGNOSIS_Ddn' is present

2022-04-07 18:28:58 - [TEST_STEP][PASSED] - ctdc.utilities.runtestcaseforKatalon.clickTab("Object Repository/Canine/Filter/Diagnosis/DIAGNOSIS_Ddn"): ctdc.utilities.runtestcaseforKatalon.clickTab is PASSED

2022-04-07 18:28:58 - [MESSAGE][PASSED] - ctdc.utilities.runtestcaseforKatalon.clickTab is PASSED

2022-04-07 18:28:58 - [TEST_STEP][PASSED] - waitForElementPresent(findTestObject("Object Repository/Canine/Filter/Diagnosis/Unknown_Chkbx"), 30): Object 'Object Repository/Canine/Filter/Diagnosis/Unknown_Chkbx' is present

2022-04-07 18:28:58 - [MESSAGE][PASSED] - Object 'Object Repository/Canine/Filter/Diagnosis/Unknown_Chkbx' is present

2022-04-07 18:28:58 - [TEST_STEP][PASSED] - verifyElementPresent(findTestObject("Object Repository/Canine/Filter/Diagnosis/Unknown_Chkbx"), 5): Object 'Object Repository/Canine/Filter/Diagnosis/Unknown_Chkbx' is present

2022-04-07 18:28:58 - [MESSAGE][PASSED] - Object 'Object Repository/Canine/Filter/Diagnosis/Unknown_Chkbx' is present

2022-04-07 18:28:58 - [TEST_STEP][PASSED] - ctdc.utilities.runtestcaseforKatalon.clickTab("Object Repository/Canine/Filter/Diagnosis/Unknown_Chkbx"): ctdc.utilities.runtestcaseforKatalon.clickTab is PASSED

2022-04-07 18:28:58 - [MESSAGE][PASSED] - ctdc.utilities.runtestcaseforKatalon.clickTab is PASSED

2022-04-07 18:28:58 - [TEST_STEP][PASSED] - ctdc.utilities.runtestcaseforKatalon.clickTab("Object Repository/Canine/Filter/Diagnosis/DIAGNOSIS_Ddn"): ctdc.utilities.runtestcaseforKatalon.clickTab is PASSED

2022-04-07 18:28:58 - [MESSAGE][PASSED] - ctdc.utilities.runtestcaseforKatalon.clickTab is PASSED

2022-04-07 18:28:58 - [TEST_STEP][PASSED] - ctdc.utilities.runtestcaseforKatalon.readStatBarCanine("Object Repository/Canine/StatBar/Canine_StatBar-Programs", "Object Repository/Canine/StatBar/Canine_StatBar-Studies", "Object Repository/Canine/StatBar/Canine_StatBar-Cases", "Object Repository/Canine/StatBar/Canine_StatBar-Samples", "Object Repository/Canine/StatBar/Canine_StatBar-CaseFiles", "Object Repository/Canine/StatBar/Canine_StatBar-StudyFiles"): ctdc.utilities.runtestcaseforKatalon.readStatBarCanine is PASSED

2022-04-07 18:29:16 - [MESSAGE][PASSED] - ctdc.utilities.runtestcaseforKatalon.readStatBarCanine is PASSED

2022-04-07 18:29:16 - [TEST_STEP][PASSED] - waitForElementPresent(findTestObject("Object Repository/Canine/CanineResults_Cases_Tab"), 30): Object 'Object Repository/Canine/CanineResults_Cases_Tab' is present

2022-04-07 18:29:16 - [MESSAGE][PASSED] - Object 'Object Repository/Canine/CanineResults_Cases_Tab' is present

2022-04-07 18:29:16 - [TEST_STEP][PASSED] - verifyElementPresent(findTestObject("Object Repository/Canine/CanineResults_Cases_Tab"), 5): Object 'Object Repository/Canine/CanineResults_Cases_Tab' is present

2022-04-07 18:29:16 - [MESSAGE][PASSED] - Object 'Object Repository/Canine/CanineResults_Cases_Tab' is present

2022-04-07 18:29:16 - [TEST_STEP][PASSED] - ctdc.utilities.runtestcaseforKatalon.clickTab("Object Repository/Canine/CanineResults_Cases_Tab"): ctdc.utilities.runtestcaseforKatalon.clickTab is PASSED

2022-04-07 18:29:16 - [MESSAGE][PASSED] - ctdc.utilities.runtestcaseforKatalon.clickTab is PASSED

2022-04-07 18:29:16 - [TEST_STEP][PASSED] - ctdc.utilities.runtestcaseforKatalon.multiFunction("ICDC", G_StatBar_Cases, "Object Repository/Canine/Canine_CasesTable", "Object Repository/Canine/Canine_TableHeader", "Object Repository/Canine/Canine_CasesTabNextBtn", G_WebTabnameCases, G_CypherTabnameCases, G_QueryCasesTab): Statbar Study Files count matches

2022-04-07 18:29:32 - [MESSAGE][PASSED] - Statbar Programs count matches

2022-04-07 18:29:32 - [MESSAGE][PASSED] - Statbar Studies count matches

2022-04-07 18:29:32 - [MESSAGE][PASSED] - Statbar Cases count matches

2022-04-07 18:29:32 - [MESSAGE][PASSED] - Statbar Samples count matches

2022-04-07 18:29:32 - [MESSAGE][PASSED] - Statbar Case Files count matches

2022-04-07 18:29:32 - [MESSAGE][PASSED] - Statbar Study Files count matches

2022-04-07 18:29:32 - [TEST_STEP][PASSED] - waitForElementPresent(findTestObject("Object Repository/Canine/CanineResults_Samples_Tab"), 30): Object 'Object Repository/Canine/CanineResults_Samples_Tab' is present

2022-04-07 18:29:32 - [MESSAGE][PASSED] - Object 'Object Repository/Canine/CanineResults_Samples_Tab' is present

2022-04-07 18:29:32 - [TEST_STEP][PASSED] - verifyElementPresent(findTestObject("Object Repository/Canine/CanineResults_Samples_Tab"), 5): Object 'Object Repository/Canine/CanineResults_Samples_Tab' is present

2022-04-07 18:29:32 - [MESSAGE][PASSED] - Object 'Object Repository/Canine/CanineResults_Samples_Tab' is present

2022-04-07 18:29:32 - [TEST_STEP][PASSED] - ctdc.utilities.runtestcaseforKatalon.clickTab("Object Repository/Canine/CanineResults_Samples_Tab"): ctdc.utilities.runtestcaseforKatalon.clickTab is PASSED

2022-04-07 18:29:33 - [MESSAGE][PASSED] - ctdc.utilities.runtestcaseforKatalon.clickTab is PASSED

2022-04-07 18:29:33 - [TEST_STEP][PASSED] - ctdc.utilities.runtestcaseforKatalon.multiFunction("ICDC", G_StatBar_Samples, "Object Repository/Canine/Canine_Samples_Table", "Object Repository/Canine/Canine_Samples_TableHdr", "Object Repository/Canine/Canine_SamplesTabNextBtn", G_WebTabnameSamples, G_CypherTabnameSamples, G_QuerySamplesTab): Statbar Study Files count matches

2022-04-07 18:29:49 - [MESSAGE][PASSED] - Statbar Programs count matches

2022-04-07 18:29:49 - [MESSAGE][PASSED] - Statbar Studies count matches

2022-04-07 18:29:49 - [MESSAGE][PASSED] - Statbar Cases count matches

2022-04-07 18:29:49 - [MESSAGE][PASSED] - Statbar Samples count matches

2022-04-07 18:29:49 - [MESSAGE][PASSED] - Statbar Case Files count matches

2022-04-07 18:29:49 - [MESSAGE][PASSED] - Statbar Study Files count matches]]></system-out>
         <system-err><![CDATA[]]></system-err>
      </testcase>
      <testcase name="Test Cases/Canine_TestCases/StudyCombinations/Study-Combinations-OSA01/TC24_Canine_StudyOSA01-Biobank-Sex-SampleSite" time="132.029" classname="Test Cases/Canine_TestCases/StudyCombinations/Study-Combinations-OSA01/TC24_Canine_StudyOSA01-Biobank-Sex-SampleSite" status="PASSED">
         <system-out><![CDATA[2022-04-07 18:29:49 - [TEST_CASE][PASSED] - Test Cases/Canine_TestCases/StudyCombinations/Study-Combinations-OSA01/TC24_Canine_StudyOSA01-Biobank-Sex-SampleSite: Test Cases/Canine_TestCases/StudyCombinations/Study-Combinations-OSA01/TC24_Canine_StudyOSA01-Biobank-Sex-SampleSite

2022-04-07 18:29:49 - [TEST_STEP][PASSED] - Start listener action : getTestScriptName: null

2022-04-07 18:29:49 - [TEST_STEP][PASSED] - TestCaseId = testCaseContext.getTestCaseId(): null

2022-04-07 18:29:49 - [TEST_STEP][PASSED] - out.println("**********this is the value of test case id string******** " + testCaseContext.getTestCaseId()): null

2022-04-07 18:29:49 - [TEST_STEP][PASSED] - G_currentTCName = TestCaseId.substring(TestCaseId.lastIndexOf("TC")): null

2022-04-07 18:29:49 - [TEST_STEP][PASSED] - out.println("This is the test case name : " + G_currentTCName): null

2022-04-07 18:29:50 - [TEST_STEP][PASSED] - closeBrowser(): Browser is closed

2022-04-07 18:29:51 - [MESSAGE][PASSED] - Browser is closed

2022-04-07 18:29:51 - [TEST_STEP][PASSED] - "Driver opened by Katalon is used in Selenium from this step.": null

2022-04-07 18:29:51 - [TEST_STEP][PASSED] - ctdc.utilities.runtestcaseforKatalon.RunKatalon("TC24_Canine_StudyOSA01-Biobank-Sex-SampleSite.xlsx"): Data loaded from input file for the test case. 

2022-04-07 18:29:51 - [MESSAGE][PASSED] - Test case file loaded This is the full filepath after converting to string :C:\Users\davids3\newclone\Commons_Automation\InputFiles\TC24_Canine_StudyOSA01-Biobank-Sex-SampleSite.xlsx

2022-04-07 18:29:51 - [MESSAGE][INFO] - Global variable set for password file is :  C:\Users\davids3\newclone\Commons_Automation\InputFiles\TC24_Canine_StudyOSA01-Biobank-Sex-SampleSite.xlsx

2022-04-07 18:29:55 - [MESSAGE][PASSED] - Data loaded from input file for the test case. 

2022-04-07 18:30:02 - [TEST_STEP][PASSED] - waitForElementPresent(findTestObject("Canine/NavBar/Canine_Cases_Btn"), 20): Object 'Object Repository/Canine/NavBar/Canine_Cases_Btn' is present

2022-04-07 18:30:02 - [MESSAGE][PASSED] - Object 'Object Repository/Canine/NavBar/Canine_Cases_Btn' is present

2022-04-07 18:30:02 - [TEST_STEP][PASSED] - ctdc.utilities.runtestcaseforKatalon.clickTab("Object Repository/Canine/Canine_PopUp_Continue_Btn"): ctdc.utilities.runtestcaseforKatalon.clickTab is PASSED

2022-04-07 18:30:02 - [MESSAGE][PASSED] - ctdc.utilities.runtestcaseforKatalon.clickTab is PASSED

2022-04-07 18:30:02 - [TEST_STEP][PASSED] - out.println("Closed the popup window"): null

2022-04-07 18:30:02 - [TEST_STEP][PASSED] - waitForElementPresent(findTestObject("Canine/NavBar/Canine_Cases_Btn"), 20): Object 'Object Repository/Canine/NavBar/Canine_Cases_Btn' is present

2022-04-07 18:30:02 - [MESSAGE][PASSED] - Object 'Object Repository/Canine/NavBar/Canine_Cases_Btn' is present

2022-04-07 18:30:02 - [TEST_STEP][PASSED] - ctdc.utilities.runtestcaseforKatalon.clickTab("Canine/NavBar/Canine_Cases_Btn"): ctdc.utilities.runtestcaseforKatalon.clickTab is PASSED

2022-04-07 18:30:02 - [MESSAGE][PASSED] - ctdc.utilities.runtestcaseforKatalon.clickTab is PASSED

2022-04-07 18:30:02 - [TEST_STEP][PASSED] - waitForElementPresent(findTestObject("Object Repository/Canine/Filter/Study/Canine_Filter_Study"), 30): Object 'Object Repository/Canine/Filter/Study/Canine_Filter_Study' is present

2022-04-07 18:30:03 - [MESSAGE][PASSED] - Object 'Object Repository/Canine/Filter/Study/Canine_Filter_Study' is present

2022-04-07 18:30:03 - [TEST_STEP][PASSED] - verifyElementPresent(findTestObject("Object Repository/Canine/Filter/Study/Canine_Filter_Study"), 5): Object 'Object Repository/Canine/Filter/Study/Canine_Filter_Study' is present

2022-04-07 18:30:03 - [MESSAGE][PASSED] - Object 'Object Repository/Canine/Filter/Study/Canine_Filter_Study' is present

2022-04-07 18:30:03 - [TEST_STEP][PASSED] - ctdc.utilities.runtestcaseforKatalon.clickTab("Object Repository/Canine/Filter/Study/Canine_Filter_Study"): ctdc.utilities.runtestcaseforKatalon.clickTab is PASSED

2022-04-07 18:30:04 - [MESSAGE][PASSED] - ctdc.utilities.runtestcaseforKatalon.clickTab is PASSED

2022-04-07 18:30:04 - [TEST_STEP][PASSED] - waitForElementPresent(findTestObject("Object Repository/Canine/Filter/Study/Canine_Filter_Study-OSA01_Chkbx"), 30): Object 'Object Repository/Canine/Filter/Study/Canine_Filter_Study-OSA01_Chkbx' is present

2022-04-07 18:30:04 - [MESSAGE][PASSED] - Object 'Object Repository/Canine/Filter/Study/Canine_Filter_Study-OSA01_Chkbx' is present

2022-04-07 18:30:04 - [TEST_STEP][PASSED] - verifyElementPresent(findTestObject("Object Repository/Canine/Filter/Study/Canine_Filter_Study-OSA01_Chkbx"), 5): Object 'Object Repository/Canine/Filter/Study/Canine_Filter_Study-OSA01_Chkbx' is present

2022-04-07 18:30:04 - [MESSAGE][PASSED] - Object 'Object Repository/Canine/Filter/Study/Canine_Filter_Study-OSA01_Chkbx' is present

2022-04-07 18:30:04 - [TEST_STEP][PASSED] - ctdc.utilities.runtestcaseforKatalon.clickTab("Object Repository/Canine/Filter/Study/Canine_Filter_Study-OSA01_Chkbx"): ctdc.utilities.runtestcaseforKatalon.clickTab is PASSED

2022-04-07 18:30:04 - [MESSAGE][PASSED] - ctdc.utilities.runtestcaseforKatalon.clickTab is PASSED

2022-04-07 18:30:04 - [TEST_STEP][PASSED] - Thread.sleep(2000): null

2022-04-07 18:30:06 - [TEST_STEP][PASSED] - waitForElementPresent(findTestObject("Object Repository/Canine/Filter/Biobank/Biobank_Ddn"), 30): Object 'Object Repository/Canine/Filter/Biobank/Biobank_Ddn' is present

2022-04-07 18:30:06 - [MESSAGE][PASSED] - Object 'Object Repository/Canine/Filter/Biobank/Biobank_Ddn' is present

2022-04-07 18:30:06 - [TEST_STEP][PASSED] - verifyElementPresent(findTestObject("Object Repository/Canine/Filter/Biobank/Biobank_Ddn"), 5): Object 'Object Repository/Canine/Filter/Biobank/Biobank_Ddn' is present

2022-04-07 18:30:06 - [MESSAGE][PASSED] - Object 'Object Repository/Canine/Filter/Biobank/Biobank_Ddn' is present

2022-04-07 18:30:06 - [TEST_STEP][PASSED] - ctdc.utilities.runtestcaseforKatalon.clickTabCanineStat("Object Repository/Canine/Filter/Biobank/Biobank_Ddn"): ctdc.utilities.runtestcaseforKatalon.clickTabCanineStat is PASSED

2022-04-07 18:30:08 - [MESSAGE][PASSED] - ctdc.utilities.runtestcaseforKatalon.clickTabCanineStat is PASSED

2022-04-07 18:30:08 - [TEST_STEP][PASSED] - Thread.sleep(2000): null

2022-04-07 18:30:10 - [TEST_STEP][PASSED] - waitForElementPresent(findTestObject("Object Repository/Canine/Filter/Biobank/CCOGC_Chkbx"), 30): Object 'Object Repository/Canine/Filter/Biobank/CCOGC_Chkbx' is present

2022-04-07 18:30:10 - [MESSAGE][PASSED] - Object 'Object Repository/Canine/Filter/Biobank/CCOGC_Chkbx' is present

2022-04-07 18:30:10 - [TEST_STEP][PASSED] - verifyElementPresent(findTestObject("Object Repository/Canine/Filter/Biobank/CCOGC_Chkbx"), 5): Object 'Object Repository/Canine/Filter/Biobank/CCOGC_Chkbx' is present

2022-04-07 18:30:10 - [MESSAGE][PASSED] - Object 'Object Repository/Canine/Filter/Biobank/CCOGC_Chkbx' is present

2022-04-07 18:30:10 - [TEST_STEP][PASSED] - ctdc.utilities.runtestcaseforKatalon.clickTabCanineStat("Object Repository/Canine/Filter/Biobank/CCOGC_Chkbx"): ctdc.utilities.runtestcaseforKatalon.clickTabCanineStat is PASSED

2022-04-07 18:30:11 - [MESSAGE][PASSED] - ctdc.utilities.runtestcaseforKatalon.clickTabCanineStat is PASSED

2022-04-07 18:30:11 - [TEST_STEP][PASSED] - ctdc.utilities.runtestcaseforKatalon.clickTab("Object Repository/Canine/Filter/Biobank/Biobank_Ddn"): ctdc.utilities.runtestcaseforKatalon.clickTab is PASSED

2022-04-07 18:30:11 - [MESSAGE][PASSED] - ctdc.utilities.runtestcaseforKatalon.clickTab is PASSED

2022-04-07 18:30:11 - [TEST_STEP][PASSED] - Thread.sleep(2000): null

2022-04-07 18:30:13 - [TEST_STEP][PASSED] - waitForElementPresent(findTestObject("Object Repository/Canine/Filter/SEX/SEX_Ddn"), 30): Object 'Object Repository/Canine/Filter/SEX/SEX_Ddn' is present

2022-04-07 18:30:13 - [MESSAGE][PASSED] - Object 'Object Repository/Canine/Filter/SEX/SEX_Ddn' is present

2022-04-07 18:30:13 - [TEST_STEP][PASSED] - verifyElementPresent(findTestObject("Object Repository/Canine/Filter/SEX/SEX_Ddn"), 5): Object 'Object Repository/Canine/Filter/SEX/SEX_Ddn' is present

2022-04-07 18:30:13 - [MESSAGE][PASSED] - Object 'Object Repository/Canine/Filter/SEX/SEX_Ddn' is present

2022-04-07 18:30:13 - [TEST_STEP][PASSED] - ctdc.utilities.runtestcaseforKatalon.clickTabCanineStat("Object Repository/Canine/Filter/SEX/SEX_Ddn"): ctdc.utilities.runtestcaseforKatalon.clickTabCanineStat is PASSED

2022-04-07 18:30:14 - [MESSAGE][PASSED] - ctdc.utilities.runtestcaseforKatalon.clickTabCanineStat is PASSED

2022-04-07 18:30:14 - [TEST_STEP][PASSED] - Thread.sleep(2000): null

2022-04-07 18:30:16 - [TEST_STEP][PASSED] - waitForElementPresent(findTestObject("Object Repository/Canine/Filter/SEX/Male_Chkbx"), 30): Object 'Object Repository/Canine/Filter/SEX/Male_Chkbx' is present

2022-04-07 18:30:17 - [MESSAGE][PASSED] - Object 'Object Repository/Canine/Filter/SEX/Male_Chkbx' is present

2022-04-07 18:30:17 - [TEST_STEP][PASSED] - verifyElementPresent(findTestObject("Object Repository/Canine/Filter/SEX/Male_Chkbx"), 5): Object 'Object Repository/Canine/Filter/SEX/Male_Chkbx' is present

2022-04-07 18:30:17 - [MESSAGE][PASSED] - Object 'Object Repository/Canine/Filter/SEX/Male_Chkbx' is present

2022-04-07 18:30:17 - [TEST_STEP][PASSED] - waitForElementClickable(findTestObject("Object Repository/Canine/Filter/SEX/Male_Chkbx"), 30): Object 'Object Repository/Canine/Filter/SEX/Male_Chkbx' is clickable

2022-04-07 18:30:17 - [MESSAGE][PASSED] - Object 'Object Repository/Canine/Filter/SEX/Male_Chkbx' is clickable

2022-04-07 18:30:17 - [TEST_STEP][PASSED] - ctdc.utilities.runtestcaseforKatalon.clickTabCanineStat("Object Repository/Canine/Filter/SEX/Male_Chkbx"): ctdc.utilities.runtestcaseforKatalon.clickTabCanineStat is PASSED

2022-04-07 18:30:18 - [MESSAGE][PASSED] - ctdc.utilities.runtestcaseforKatalon.clickTabCanineStat is PASSED

2022-04-07 18:30:18 - [TEST_STEP][PASSED] - ctdc.utilities.runtestcaseforKatalon.clickTab("Object Repository/Canine/Filter/SEX/SEX_Ddn"): ctdc.utilities.runtestcaseforKatalon.clickTab is PASSED

2022-04-07 18:30:18 - [MESSAGE][PASSED] - ctdc.utilities.runtestcaseforKatalon.clickTab is PASSED

2022-04-07 18:30:18 - [TEST_STEP][PASSED] - waitForElementPresent(findTestObject("Object Repository/Canine/Filter/SampleSite/SAMPLE_SITE_Ddn"), 30): Object 'Object Repository/Canine/Filter/SampleSite/SAMPLE_SITE_Ddn' is present

2022-04-07 18:30:18 - [MESSAGE][PASSED] - Object 'Object Repository/Canine/Filter/SampleSite/SAMPLE_SITE_Ddn' is present

2022-04-07 18:30:18 - [TEST_STEP][PASSED] - verifyElementPresent(findTestObject("Object Repository/Canine/Filter/SampleSite/SAMPLE_SITE_Ddn"), 5): Object 'Object Repository/Canine/Filter/SampleSite/SAMPLE_SITE_Ddn' is present

2022-04-07 18:30:18 - [MESSAGE][PASSED] - Object 'Object Repository/Canine/Filter/SampleSite/SAMPLE_SITE_Ddn' is present

2022-04-07 18:30:18 - [TEST_STEP][PASSED] - ctdc.utilities.runtestcaseforKatalon.clickTabCanineStat("Object Repository/Canine/Filter/SampleSite/SAMPLE_SITE_Ddn"): ctdc.utilities.runtestcaseforKatalon.clickTabCanineStat is PASSED

2022-04-07 18:30:19 - [MESSAGE][PASSED] - ctdc.utilities.runtestcaseforKatalon.clickTabCanineStat is PASSED

2022-04-07 18:30:19 - [TEST_STEP][PASSED] - Thread.sleep(1000): null

2022-04-07 18:30:20 - [TEST_STEP][PASSED] - waitForElementPresent(findTestObject("Object Repository/Canine/Filter/SampleSite/Bone_Chkbx"), 30): Object 'Object Repository/Canine/Filter/SampleSite/Bone_Chkbx' is present

2022-04-07 18:30:20 - [MESSAGE][PASSED] - Object 'Object Repository/Canine/Filter/SampleSite/Bone_Chkbx' is present

2022-04-07 18:30:20 - [TEST_STEP][PASSED] - verifyElementPresent(findTestObject("Object Repository/Canine/Filter/SampleSite/Bone_Chkbx"), 5): Object 'Object Repository/Canine/Filter/SampleSite/Bone_Chkbx' is present

2022-04-07 18:30:21 - [MESSAGE][PASSED] - Object 'Object Repository/Canine/Filter/SampleSite/Bone_Chkbx' is present

2022-04-07 18:30:21 - [TEST_STEP][PASSED] - waitForElementClickable(findTestObject("Object Repository/Canine/Filter/SampleSite/Bone_Chkbx"), 30): Object 'Object Repository/Canine/Filter/SampleSite/Bone_Chkbx' is clickable

2022-04-07 18:30:21 - [MESSAGE][PASSED] - Object 'Object Repository/Canine/Filter/SampleSite/Bone_Chkbx' is clickable

2022-04-07 18:30:21 - [TEST_STEP][PASSED] - ctdc.utilities.runtestcaseforKatalon.clickTabCanineStat("Object Repository/Canine/Filter/SampleSite/Bone_Chkbx"): ctdc.utilities.runtestcaseforKatalon.clickTabCanineStat is PASSED

2022-04-07 18:30:22 - [MESSAGE][PASSED] - ctdc.utilities.runtestcaseforKatalon.clickTabCanineStat is PASSED

2022-04-07 18:30:22 - [TEST_STEP][PASSED] - ctdc.utilities.runtestcaseforKatalon.clickTab("Object Repository/Canine/Filter/SampleSite/SAMPLE_SITE_Ddn"): ctdc.utilities.runtestcaseforKatalon.clickTab is PASSED

2022-04-07 18:30:22 - [MESSAGE][PASSED] - ctdc.utilities.runtestcaseforKatalon.clickTab is PASSED

2022-04-07 18:30:22 - [TEST_STEP][PASSED] - ctdc.utilities.runtestcaseforKatalon.readStatBarCanine("Object Repository/Canine/StatBar/Canine_StatBar-Programs", "Object Repository/Canine/StatBar/Canine_StatBar-Studies", "Object Repository/Canine/StatBar/Canine_StatBar-Cases", "Object Repository/Canine/StatBar/Canine_StatBar-Samples", "Object Repository/Canine/StatBar/Canine_StatBar-CaseFiles", "Object Repository/Canine/StatBar/Canine_StatBar-StudyFiles"): ctdc.utilities.runtestcaseforKatalon.readStatBarCanine is PASSED

2022-04-07 18:30:40 - [MESSAGE][PASSED] - ctdc.utilities.runtestcaseforKatalon.readStatBarCanine is PASSED

2022-04-07 18:30:40 - [TEST_STEP][PASSED] - waitForElementPresent(findTestObject("Object Repository/Canine/CanineResults_Cases_Tab"), 30): Object 'Object Repository/Canine/CanineResults_Cases_Tab' is present

2022-04-07 18:30:40 - [MESSAGE][PASSED] - Object 'Object Repository/Canine/CanineResults_Cases_Tab' is present

2022-04-07 18:30:40 - [TEST_STEP][PASSED] - verifyElementPresent(findTestObject("Object Repository/Canine/CanineResults_Cases_Tab"), 5): Object 'Object Repository/Canine/CanineResults_Cases_Tab' is present

2022-04-07 18:30:40 - [MESSAGE][PASSED] - Object 'Object Repository/Canine/CanineResults_Cases_Tab' is present

2022-04-07 18:30:40 - [TEST_STEP][PASSED] - ctdc.utilities.runtestcaseforKatalon.clickTab("Object Repository/Canine/CanineResults_Cases_Tab"): ctdc.utilities.runtestcaseforKatalon.clickTab is PASSED

2022-04-07 18:30:40 - [MESSAGE][PASSED] - ctdc.utilities.runtestcaseforKatalon.clickTab is PASSED

2022-04-07 18:30:40 - [TEST_STEP][PASSED] - ctdc.utilities.runtestcaseforKatalon.multiFunction("ICDC", G_StatBar_Cases, "Object Repository/Canine/Canine_CasesTable", "Object Repository/Canine/Canine_TableHeader", "Object Repository/Canine/Canine_CasesTabNextBtn", G_WebTabnameCases, G_CypherTabnameCases, G_QueryCasesTab): Statbar Study Files count matches

2022-04-07 18:31:13 - [MESSAGE][PASSED] - Statbar Programs count matches

2022-04-07 18:31:13 - [MESSAGE][PASSED] - Statbar Studies count matches

2022-04-07 18:31:13 - [MESSAGE][PASSED] - Statbar Cases count matches

2022-04-07 18:31:13 - [MESSAGE][PASSED] - Statbar Samples count matches

2022-04-07 18:31:13 - [MESSAGE][PASSED] - Statbar Case Files count matches

2022-04-07 18:31:13 - [MESSAGE][PASSED] - Statbar Study Files count matches

2022-04-07 18:31:13 - [TEST_STEP][PASSED] - waitForElementPresent(findTestObject("Object Repository/Canine/CanineResults_Samples_Tab"), 30): Object 'Object Repository/Canine/CanineResults_Samples_Tab' is present

2022-04-07 18:31:13 - [MESSAGE][PASSED] - Object 'Object Repository/Canine/CanineResults_Samples_Tab' is present

2022-04-07 18:31:13 - [TEST_STEP][PASSED] - verifyElementPresent(findTestObject("Object Repository/Canine/CanineResults_Samples_Tab"), 5): Object 'Object Repository/Canine/CanineResults_Samples_Tab' is present

2022-04-07 18:31:13 - [MESSAGE][PASSED] - Object 'Object Repository/Canine/CanineResults_Samples_Tab' is present

2022-04-07 18:31:13 - [TEST_STEP][PASSED] - ctdc.utilities.runtestcaseforKatalon.clickTab("Object Repository/Canine/CanineResults_Samples_Tab"): ctdc.utilities.runtestcaseforKatalon.clickTab is PASSED

2022-04-07 18:31:13 - [MESSAGE][PASSED] - ctdc.utilities.runtestcaseforKatalon.clickTab is PASSED

2022-04-07 18:31:13 - [TEST_STEP][PASSED] - ctdc.utilities.runtestcaseforKatalon.multiFunction("ICDC", G_StatBar_Samples, "Object Repository/Canine/Canine_Samples_Table", "Object Repository/Canine/Canine_Samples_TableHdr", "Object Repository/Canine/Canine_SamplesTabNextBtn", G_WebTabnameSamples, G_CypherTabnameSamples, G_QuerySamplesTab): Statbar Study Files count matches

2022-04-07 18:32:02 - [MESSAGE][PASSED] - Statbar Programs count matches

2022-04-07 18:32:02 - [MESSAGE][PASSED] - Statbar Studies count matches

2022-04-07 18:32:02 - [MESSAGE][PASSED] - Statbar Cases count matches

2022-04-07 18:32:02 - [MESSAGE][PASSED] - Statbar Samples count matches

2022-04-07 18:32:02 - [MESSAGE][PASSED] - Statbar Case Files count matches

2022-04-07 18:32:02 - [MESSAGE][PASSED] - Statbar Study Files count matches]]></system-out>
         <system-err><![CDATA[]]></system-err>
      </testcase>
      <testcase name="Test Cases/Canine_TestCases/StudyCombinations/Study-Combinations-OSA01/TC25_Canine_StudyOSA01-Biobank-StageofDisease-SamplePathology" time="80.661" classname="Test Cases/Canine_TestCases/StudyCombinations/Study-Combinations-OSA01/TC25_Canine_StudyOSA01-Biobank-StageofDisease-SamplePathology" status="PASSED">
         <system-out><![CDATA[2022-04-07 18:32:02 - [TEST_CASE][PASSED] - Test Cases/Canine_TestCases/StudyCombinations/Study-Combinations-OSA01/TC25_Canine_StudyOSA01-Biobank-StageofDisease-SamplePathology: Test Cases/Canine_TestCases/StudyCombinations/Study-Combinations-OSA01/TC25_Canine_StudyOSA01-Biobank-StageofDisease-SamplePathology

2022-04-07 18:32:02 - [TEST_STEP][PASSED] - Start listener action : getTestScriptName: null

2022-04-07 18:32:02 - [TEST_STEP][PASSED] - TestCaseId = testCaseContext.getTestCaseId(): null

2022-04-07 18:32:02 - [TEST_STEP][PASSED] - out.println("**********this is the value of test case id string******** " + testCaseContext.getTestCaseId()): null

2022-04-07 18:32:02 - [TEST_STEP][PASSED] - G_currentTCName = TestCaseId.substring(TestCaseId.lastIndexOf("TC")): null

2022-04-07 18:32:02 - [TEST_STEP][PASSED] - out.println("This is the test case name : " + G_currentTCName): null

2022-04-07 18:32:02 - [TEST_STEP][PASSED] - closeBrowser(): Browser is closed

2022-04-07 18:32:03 - [MESSAGE][PASSED] - Browser is closed

2022-04-07 18:32:03 - [TEST_STEP][PASSED] - "Driver opened by Katalon is used in Selenium from this step.": null

2022-04-07 18:32:03 - [TEST_STEP][PASSED] - ctdc.utilities.runtestcaseforKatalon.RunKatalon("TC25_Canine_StudyOSA01-Biobank-StageofDisease-SamplePathology.xlsx"): Data loaded from input file for the test case. 

2022-04-07 18:32:03 - [MESSAGE][PASSED] - Test case file loaded This is the full filepath after converting to string :C:\Users\davids3\newclone\Commons_Automation\InputFiles\TC25_Canine_StudyOSA01-Biobank-StageofDisease-SamplePathology.xlsx

2022-04-07 18:32:03 - [MESSAGE][INFO] - Global variable set for password file is :  C:\Users\davids3\newclone\Commons_Automation\InputFiles\TC25_Canine_StudyOSA01-Biobank-StageofDisease-SamplePathology.xlsx

2022-04-07 18:32:07 - [MESSAGE][PASSED] - Data loaded from input file for the test case. 

2022-04-07 18:32:14 - [TEST_STEP][PASSED] - waitForElementPresent(findTestObject("Canine/NavBar/Canine_Cases_Btn"), 20): Object 'Object Repository/Canine/NavBar/Canine_Cases_Btn' is present

2022-04-07 18:32:14 - [MESSAGE][PASSED] - Object 'Object Repository/Canine/NavBar/Canine_Cases_Btn' is present

2022-04-07 18:32:14 - [TEST_STEP][PASSED] - ctdc.utilities.runtestcaseforKatalon.clickTab("Object Repository/Canine/Canine_PopUp_Continue_Btn"): ctdc.utilities.runtestcaseforKatalon.clickTab is PASSED

2022-04-07 18:32:14 - [MESSAGE][PASSED] - ctdc.utilities.runtestcaseforKatalon.clickTab is PASSED

2022-04-07 18:32:14 - [TEST_STEP][PASSED] - out.println("Closed the popup window"): null

2022-04-07 18:32:14 - [TEST_STEP][PASSED] - waitForElementPresent(findTestObject("Canine/NavBar/Canine_Cases_Btn"), 20): Object 'Object Repository/Canine/NavBar/Canine_Cases_Btn' is present

2022-04-07 18:32:14 - [MESSAGE][PASSED] - Object 'Object Repository/Canine/NavBar/Canine_Cases_Btn' is present

2022-04-07 18:32:14 - [TEST_STEP][PASSED] - ctdc.utilities.runtestcaseforKatalon.clickTab("Canine/NavBar/Canine_Cases_Btn"): ctdc.utilities.runtestcaseforKatalon.clickTab is PASSED

2022-04-07 18:32:14 - [MESSAGE][PASSED] - ctdc.utilities.runtestcaseforKatalon.clickTab is PASSED

2022-04-07 18:32:14 - [TEST_STEP][PASSED] - waitForElementPresent(findTestObject("Object Repository/Canine/Filter/Study/Canine_Filter_Study"), 30): Object 'Object Repository/Canine/Filter/Study/Canine_Filter_Study' is present

2022-04-07 18:32:15 - [MESSAGE][PASSED] - Object 'Object Repository/Canine/Filter/Study/Canine_Filter_Study' is present

2022-04-07 18:32:15 - [TEST_STEP][PASSED] - verifyElementPresent(findTestObject("Object Repository/Canine/Filter/Study/Canine_Filter_Study"), 5): Object 'Object Repository/Canine/Filter/Study/Canine_Filter_Study' is present

2022-04-07 18:32:15 - [MESSAGE][PASSED] - Object 'Object Repository/Canine/Filter/Study/Canine_Filter_Study' is present

2022-04-07 18:32:15 - [TEST_STEP][PASSED] - ctdc.utilities.runtestcaseforKatalon.clickTab("Object Repository/Canine/Filter/Study/Canine_Filter_Study"): ctdc.utilities.runtestcaseforKatalon.clickTab is PASSED

2022-04-07 18:32:15 - [MESSAGE][PASSED] - ctdc.utilities.runtestcaseforKatalon.clickTab is PASSED

2022-04-07 18:32:15 - [TEST_STEP][PASSED] - waitForElementPresent(findTestObject("Object Repository/Canine/Filter/Study/Canine_Filter_Study-OSA01_Chkbx"), 30): Object 'Object Repository/Canine/Filter/Study/Canine_Filter_Study-OSA01_Chkbx' is present

2022-04-07 18:32:15 - [MESSAGE][PASSED] - Object 'Object Repository/Canine/Filter/Study/Canine_Filter_Study-OSA01_Chkbx' is present

2022-04-07 18:32:15 - [TEST_STEP][PASSED] - verifyElementPresent(findTestObject("Object Repository/Canine/Filter/Study/Canine_Filter_Study-OSA01_Chkbx"), 5): Object 'Object Repository/Canine/Filter/Study/Canine_Filter_Study-OSA01_Chkbx' is present

2022-04-07 18:32:16 - [MESSAGE][PASSED] - Object 'Object Repository/Canine/Filter/Study/Canine_Filter_Study-OSA01_Chkbx' is present

2022-04-07 18:32:16 - [TEST_STEP][PASSED] - ctdc.utilities.runtestcaseforKatalon.clickTab("Object Repository/Canine/Filter/Study/Canine_Filter_Study-OSA01_Chkbx"): ctdc.utilities.runtestcaseforKatalon.clickTab is PASSED

2022-04-07 18:32:16 - [MESSAGE][PASSED] - ctdc.utilities.runtestcaseforKatalon.clickTab is PASSED

2022-04-07 18:32:16 - [TEST_STEP][PASSED] - Thread.sleep(2000): null

2022-04-07 18:32:18 - [TEST_STEP][PASSED] - waitForElementPresent(findTestObject("Object Repository/Canine/Filter/Biobank/Biobank_Ddn"), 30): Object 'Object Repository/Canine/Filter/Biobank/Biobank_Ddn' is present

2022-04-07 18:32:18 - [MESSAGE][PASSED] - Object 'Object Repository/Canine/Filter/Biobank/Biobank_Ddn' is present

2022-04-07 18:32:18 - [TEST_STEP][PASSED] - verifyElementPresent(findTestObject("Object Repository/Canine/Filter/Biobank/Biobank_Ddn"), 5): Object 'Object Repository/Canine/Filter/Biobank/Biobank_Ddn' is present

2022-04-07 18:32:18 - [MESSAGE][PASSED] - Object 'Object Repository/Canine/Filter/Biobank/Biobank_Ddn' is present

2022-04-07 18:32:18 - [TEST_STEP][PASSED] - ctdc.utilities.runtestcaseforKatalon.clickTabCanineStat("Object Repository/Canine/Filter/Biobank/Biobank_Ddn"): ctdc.utilities.runtestcaseforKatalon.clickTabCanineStat is PASSED

2022-04-07 18:32:19 - [MESSAGE][PASSED] - ctdc.utilities.runtestcaseforKatalon.clickTabCanineStat is PASSED

2022-04-07 18:32:19 - [TEST_STEP][PASSED] - Thread.sleep(2000): null

2022-04-07 18:32:21 - [TEST_STEP][PASSED] - waitForElementPresent(findTestObject("Object Repository/Canine/Filter/Biobank/CCOGC_Chkbx"), 30): Object 'Object Repository/Canine/Filter/Biobank/CCOGC_Chkbx' is present

2022-04-07 18:32:21 - [MESSAGE][PASSED] - Object 'Object Repository/Canine/Filter/Biobank/CCOGC_Chkbx' is present

2022-04-07 18:32:21 - [TEST_STEP][PASSED] - verifyElementPresent(findTestObject("Object Repository/Canine/Filter/Biobank/CCOGC_Chkbx"), 5): Object 'Object Repository/Canine/Filter/Biobank/CCOGC_Chkbx' is present

2022-04-07 18:32:21 - [MESSAGE][PASSED] - Object 'Object Repository/Canine/Filter/Biobank/CCOGC_Chkbx' is present

2022-04-07 18:32:21 - [TEST_STEP][PASSED] - ctdc.utilities.runtestcaseforKatalon.clickTabCanineStat("Object Repository/Canine/Filter/Biobank/CCOGC_Chkbx"): ctdc.utilities.runtestcaseforKatalon.clickTabCanineStat is PASSED

2022-04-07 18:32:23 - [MESSAGE][PASSED] - ctdc.utilities.runtestcaseforKatalon.clickTabCanineStat is PASSED

2022-04-07 18:32:23 - [TEST_STEP][PASSED] - ctdc.utilities.runtestcaseforKatalon.clickTab("Object Repository/Canine/Filter/Biobank/Biobank_Ddn"): ctdc.utilities.runtestcaseforKatalon.clickTab is PASSED

2022-04-07 18:32:23 - [MESSAGE][PASSED] - ctdc.utilities.runtestcaseforKatalon.clickTab is PASSED

2022-04-07 18:32:23 - [TEST_STEP][PASSED] - waitForElementPresent(findTestObject("Object Repository/Canine/Filter/StageOfDisease/STAGEOFDISEASE_Ddn"), 30): Object 'Object Repository/Canine/Filter/StageOfDisease/STAGEOFDISEASE_Ddn' is present

2022-04-07 18:32:23 - [MESSAGE][PASSED] - Object 'Object Repository/Canine/Filter/StageOfDisease/STAGEOFDISEASE_Ddn' is present

2022-04-07 18:32:23 - [TEST_STEP][PASSED] - verifyElementPresent(findTestObject("Object Repository/Canine/Filter/StageOfDisease/STAGEOFDISEASE_Ddn"), 5): Object 'Object Repository/Canine/Filter/StageOfDisease/STAGEOFDISEASE_Ddn' is present

2022-04-07 18:32:23 - [MESSAGE][PASSED] - Object 'Object Repository/Canine/Filter/StageOfDisease/STAGEOFDISEASE_Ddn' is present

2022-04-07 18:32:23 - [TEST_STEP][PASSED] - ctdc.utilities.runtestcaseforKatalon.clickTabCanineStat("Object Repository/Canine/Filter/StageOfDisease/STAGEOFDISEASE_Ddn"): ctdc.utilities.runtestcaseforKatalon.clickTabCanineStat is PASSED

2022-04-07 18:32:24 - [MESSAGE][PASSED] - ctdc.utilities.runtestcaseforKatalon.clickTabCanineStat is PASSED

2022-04-07 18:32:24 - [TEST_STEP][PASSED] - waitForElementPresent(findTestObject("Object Repository/Canine/Filter/StageOfDisease/Unknown_Chkbx"), 30): Object 'Object Repository/Canine/Filter/StageOfDisease/Unknown_Chkbx' is present

2022-04-07 18:32:24 - [MESSAGE][PASSED] - Object 'Object Repository/Canine/Filter/StageOfDisease/Unknown_Chkbx' is present

2022-04-07 18:32:24 - [TEST_STEP][PASSED] - verifyElementPresent(findTestObject("Object Repository/Canine/Filter/StageOfDisease/Unknown_Chkbx"), 5): Object 'Object Repository/Canine/Filter/StageOfDisease/Unknown_Chkbx' is present

2022-04-07 18:32:24 - [MESSAGE][PASSED] - Object 'Object Repository/Canine/Filter/StageOfDisease/Unknown_Chkbx' is present

2022-04-07 18:32:24 - [TEST_STEP][PASSED] - waitForElementClickable(findTestObject("Object Repository/Canine/Filter/StageOfDisease/Unknown_Chkbx"), 30): Object 'Object Repository/Canine/Filter/StageOfDisease/Unknown_Chkbx' is clickable

2022-04-07 18:32:24 - [MESSAGE][PASSED] - Object 'Object Repository/Canine/Filter/StageOfDisease/Unknown_Chkbx' is clickable

2022-04-07 18:32:24 - [TEST_STEP][PASSED] - ctdc.utilities.runtestcaseforKatalon.clickTabCanineStat("Object Repository/Canine/Filter/StageOfDisease/Unknown_Chkbx"): ctdc.utilities.runtestcaseforKatalon.clickTabCanineStat is PASSED

2022-04-07 18:32:26 - [MESSAGE][PASSED] - ctdc.utilities.runtestcaseforKatalon.clickTabCanineStat is PASSED

2022-04-07 18:32:26 - [TEST_STEP][PASSED] - waitForElementPresent(findTestObject("Object Repository/Canine/Filter/SamplePathology/SAMPLEPATHOLOGY_Ddn"), 30): Object 'Object Repository/Canine/Filter/SamplePathology/SAMPLEPATHOLOGY_Ddn' is present

2022-04-07 18:32:26 - [MESSAGE][PASSED] - Object 'Object Repository/Canine/Filter/SamplePathology/SAMPLEPATHOLOGY_Ddn' is present

2022-04-07 18:32:26 - [TEST_STEP][PASSED] - verifyElementPresent(findTestObject("Object Repository/Canine/Filter/SamplePathology/SAMPLEPATHOLOGY_Ddn"), 5): Object 'Object Repository/Canine/Filter/SamplePathology/SAMPLEPATHOLOGY_Ddn' is present

2022-04-07 18:32:26 - [MESSAGE][PASSED] - Object 'Object Repository/Canine/Filter/SamplePathology/SAMPLEPATHOLOGY_Ddn' is present

2022-04-07 18:32:26 - [TEST_STEP][PASSED] - ctdc.utilities.runtestcaseforKatalon.clickTabCanineStat("Object Repository/Canine/Filter/SamplePathology/SAMPLEPATHOLOGY_Ddn"): ctdc.utilities.runtestcaseforKatalon.clickTabCanineStat is PASSED

2022-04-07 18:32:27 - [MESSAGE][PASSED] - ctdc.utilities.runtestcaseforKatalon.clickTabCanineStat is PASSED

2022-04-07 18:32:27 - [TEST_STEP][PASSED] - waitForElementPresent(findTestObject("Object Repository/Canine/Filter/SamplePathology/Osteosarcoma_Chkbx"), 30): Object 'Object Repository/Canine/Filter/SamplePathology/Osteosarcoma_Chkbx' is present

2022-04-07 18:32:27 - [MESSAGE][PASSED] - Object 'Object Repository/Canine/Filter/SamplePathology/Osteosarcoma_Chkbx' is present

2022-04-07 18:32:27 - [TEST_STEP][PASSED] - verifyElementPresent(findTestObject("Object Repository/Canine/Filter/SamplePathology/Osteosarcoma_Chkbx"), 5): Object 'Object Repository/Canine/Filter/SamplePathology/Osteosarcoma_Chkbx' is present

2022-04-07 18:32:27 - [MESSAGE][PASSED] - Object 'Object Repository/Canine/Filter/SamplePathology/Osteosarcoma_Chkbx' is present

2022-04-07 18:32:27 - [TEST_STEP][PASSED] - waitForElementClickable(findTestObject("Object Repository/Canine/Filter/SamplePathology/Osteosarcoma_Chkbx"), 30): Object 'Object Repository/Canine/Filter/SamplePathology/Osteosarcoma_Chkbx' is clickable

2022-04-07 18:32:27 - [MESSAGE][PASSED] - Object 'Object Repository/Canine/Filter/SamplePathology/Osteosarcoma_Chkbx' is clickable

2022-04-07 18:32:27 - [TEST_STEP][PASSED] - ctdc.utilities.runtestcaseforKatalon.clickTabCanineStat("Object Repository/Canine/Filter/SamplePathology/Osteosarcoma_Chkbx"): ctdc.utilities.runtestcaseforKatalon.clickTabCanineStat is PASSED

2022-04-07 18:32:28 - [MESSAGE][PASSED] - ctdc.utilities.runtestcaseforKatalon.clickTabCanineStat is PASSED

2022-04-07 18:32:28 - [TEST_STEP][PASSED] - ctdc.utilities.runtestcaseforKatalon.clickTab("Object Repository/Canine/Filter/SamplePathology/SAMPLEPATHOLOGY_Ddn"): ctdc.utilities.runtestcaseforKatalon.clickTab is PASSED

2022-04-07 18:32:29 - [MESSAGE][PASSED] - ctdc.utilities.runtestcaseforKatalon.clickTab is PASSED

2022-04-07 18:32:29 - [TEST_STEP][PASSED] - ctdc.utilities.runtestcaseforKatalon.readStatBarCanine("Object Repository/Canine/StatBar/Canine_StatBar-Programs", "Object Repository/Canine/StatBar/Canine_StatBar-Studies", "Object Repository/Canine/StatBar/Canine_StatBar-Cases", "Object Repository/Canine/StatBar/Canine_StatBar-Samples", "Object Repository/Canine/StatBar/Canine_StatBar-CaseFiles", "Object Repository/Canine/StatBar/Canine_StatBar-StudyFiles"): ctdc.utilities.runtestcaseforKatalon.readStatBarCanine is PASSED

2022-04-07 18:32:46 - [MESSAGE][PASSED] - ctdc.utilities.runtestcaseforKatalon.readStatBarCanine is PASSED

2022-04-07 18:32:46 - [TEST_STEP][PASSED] - waitForElementPresent(findTestObject("Object Repository/Canine/CanineResults_Cases_Tab"), 30): Object 'Object Repository/Canine/CanineResults_Cases_Tab' is present

2022-04-07 18:32:46 - [MESSAGE][PASSED] - Object 'Object Repository/Canine/CanineResults_Cases_Tab' is present

2022-04-07 18:32:46 - [TEST_STEP][PASSED] - verifyElementPresent(findTestObject("Object Repository/Canine/CanineResults_Cases_Tab"), 5): Object 'Object Repository/Canine/CanineResults_Cases_Tab' is present

2022-04-07 18:32:46 - [MESSAGE][PASSED] - Object 'Object Repository/Canine/CanineResults_Cases_Tab' is present

2022-04-07 18:32:46 - [TEST_STEP][PASSED] - ctdc.utilities.runtestcaseforKatalon.clickTab("Object Repository/Canine/CanineResults_Cases_Tab"): ctdc.utilities.runtestcaseforKatalon.clickTab is PASSED

2022-04-07 18:32:46 - [MESSAGE][PASSED] - ctdc.utilities.runtestcaseforKatalon.clickTab is PASSED

2022-04-07 18:32:46 - [TEST_STEP][PASSED] - ctdc.utilities.runtestcaseforKatalon.multiFunction("ICDC", G_StatBar_Cases, "Object Repository/Canine/Canine_CasesTable", "Object Repository/Canine/Canine_TableHeader", "Object Repository/Canine/Canine_CasesTabNextBtn", G_WebTabnameCases, G_CypherTabnameCases, G_QueryCasesTab): Statbar Study Files count matches

2022-04-07 18:33:04 - [MESSAGE][PASSED] - Statbar Programs count matches

2022-04-07 18:33:04 - [MESSAGE][PASSED] - Statbar Studies count matches

2022-04-07 18:33:04 - [MESSAGE][PASSED] - Statbar Cases count matches

2022-04-07 18:33:04 - [MESSAGE][PASSED] - Statbar Samples count matches

2022-04-07 18:33:04 - [MESSAGE][PASSED] - Statbar Case Files count matches

2022-04-07 18:33:04 - [MESSAGE][PASSED] - Statbar Study Files count matches

2022-04-07 18:33:04 - [TEST_STEP][PASSED] - waitForElementPresent(findTestObject("Object Repository/Canine/CanineResults_Samples_Tab"), 30): Object 'Object Repository/Canine/CanineResults_Samples_Tab' is present

2022-04-07 18:33:04 - [MESSAGE][PASSED] - Object 'Object Repository/Canine/CanineResults_Samples_Tab' is present

2022-04-07 18:33:04 - [TEST_STEP][PASSED] - verifyElementPresent(findTestObject("Object Repository/Canine/CanineResults_Samples_Tab"), 5): Object 'Object Repository/Canine/CanineResults_Samples_Tab' is present

2022-04-07 18:33:04 - [MESSAGE][PASSED] - Object 'Object Repository/Canine/CanineResults_Samples_Tab' is present

2022-04-07 18:33:04 - [TEST_STEP][PASSED] - ctdc.utilities.runtestcaseforKatalon.clickTab("Object Repository/Canine/CanineResults_Samples_Tab"): ctdc.utilities.runtestcaseforKatalon.clickTab is PASSED

2022-04-07 18:33:04 - [MESSAGE][PASSED] - ctdc.utilities.runtestcaseforKatalon.clickTab is PASSED

2022-04-07 18:33:04 - [TEST_STEP][PASSED] - ctdc.utilities.runtestcaseforKatalon.multiFunction("ICDC", G_StatBar_Samples, "Object Repository/Canine/Canine_Samples_Table", "Object Repository/Canine/Canine_Samples_TableHdr", "Object Repository/Canine/Canine_SamplesTabNextBtn", G_WebTabnameSamples, G_CypherTabnameSamples, G_QuerySamplesTab): Statbar Study Files count matches

2022-04-07 18:33:22 - [MESSAGE][PASSED] - Statbar Programs count matches

2022-04-07 18:33:22 - [MESSAGE][PASSED] - Statbar Studies count matches

2022-04-07 18:33:22 - [MESSAGE][PASSED] - Statbar Cases count matches

2022-04-07 18:33:22 - [MESSAGE][PASSED] - Statbar Samples count matches

2022-04-07 18:33:22 - [MESSAGE][PASSED] - Statbar Case Files count matches

2022-04-07 18:33:22 - [MESSAGE][PASSED] - Statbar Study Files count matches]]></system-out>
         <system-err><![CDATA[]]></system-err>
      </testcase>
      <system-out><![CDATA[2022-04-07 18:20:40 - [TEST_SUITE][PASSED] - Newly added and fixed TCS Sofi: Test Cases/Canine_TestCases/StudyCombinations/Study-Combinations-OSA01/TC25_Canine_StudyOSA01-Biobank-StageofDisease-SamplePathology]]></system-out>
      <system-err><![CDATA[]]></system-err>
   </testsuite>
</testsuites>
