<?xml version="1.0" encoding="UTF-8"?>
<testsuites name="Bento_Full_Regression" time="10640.921" tests="54" failures="0" errors="0">
   <testsuite name="Bento_Full_Regression" tests="54" failures="0" errors="0" time="10640.921" skipped="0" timestamp="2022-04-19 18:11:22" hostname="sohilz2 - host.docker.internal" id="Test Suites/Bento_Full_Regression">
      <properties>
         <property name="deviceName" value=""/>
         <property name="devicePlatform" value=""/>
         <property name="logFolder" value="C:\\Users\\sohilz2\\Commons_Automation\\Reports\\20220419_181118\\Bento_Full_Regression\\20220419_181118"/>
         <property name="logFiles" value="C:\\Users\\sohilz2\\Commons_Automation\\Reports\\20220419_181118\\Bento_Full_Regression\\20220419_181118\\execution0.log"/>
         <property name="attachments" value=""/>
         <property name="hostName" value="sohilz2 - host.docker.internal"/>
         <property name="os" value="Windows 10 64bit"/>
         <property name="katalonVersion" value="8.2.0.208"/>
         <property name="browser" value="Chrome 100.0.4896.127"/>
         <property name="hostAddress" value="192.168.0.86"/>
         <property name="sessionId" value="8c42db7f7330787c9ece13629fbfa613"/>
         <property name="seleniumVersion" value="3.141.59"/>
         <property name="proxyInformation" value="ProxyInformation { proxyOption=NO_PROXY, proxyServerType=HTTP, username=, password=********, proxyServerAddress=, proxyServerPort=0, executionList=&quot;&quot;, isApplyToDesiredCapabilities=true }"/>
         <property name="platform" value="Windows 10"/>
      </properties>
      <testcase name="Test Cases/Bento_TestCases/Chemotherapy/TC02_Bento_Filter_Chemo-DoseDenseAC2Taxane" time="70.001" classname="Test Cases/Bento_TestCases/Chemotherapy/TC02_Bento_Filter_Chemo-DoseDenseAC2Taxane" status="PASSED">
         <system-out><![CDATA[2022-04-19 18:11:24 - [TEST_CASE][PASSED] - Test Cases/Bento_TestCases/Chemotherapy/TC02_Bento_Filter_Chemo-DoseDenseAC2Taxane: Test Cases/Bento_TestCases/Chemotherapy/TC02_Bento_Filter_Chemo-DoseDenseAC2Taxane

2022-04-19 18:11:24 - [TEST_STEP][PASSED] - Start listener action : getTestScriptName: null

2022-04-19 18:11:24 - [TEST_STEP][PASSED] - TestCaseId = testCaseContext.getTestCaseId(): null

2022-04-19 18:11:24 - [TEST_STEP][PASSED] - out.println("**********this is the value of test case id string******** " + testCaseContext.getTestCaseId()): null

2022-04-19 18:11:24 - [TEST_STEP][PASSED] - G_currentTCName = TestCaseId.substring(TestCaseId.lastIndexOf("TC")): null

2022-04-19 18:11:24 - [TEST_STEP][PASSED] - out.println("This is the test case name : " + G_currentTCName): null

2022-04-19 18:11:24 - [TEST_STEP][PASSED] - closeBrowser(): Browser is closed

2022-04-19 18:11:25 - [MESSAGE][PASSED] - Browser is closed

2022-04-19 18:11:25 - [TEST_STEP][PASSED] - ctdc.utilities.runtestcaseforKatalon.RunKatalon("TC02_Bento_Filter_Chemo-DoseDenseAC2Taxane.xlsx"): Data loaded from input file for the test case. 

2022-04-19 18:11:25 - [MESSAGE][PASSED] - Test case file loaded This is the full filepath after converting to string :C:\Users\sohilz2\Commons_Automation\InputFiles\TC02_Bento_Filter_Chemo-DoseDenseAC2Taxane.xlsx

2022-04-19 18:11:25 - [MESSAGE][INFO] - Global variable set for password file is :  C:\Users\sohilz2\Commons_Automation\InputFiles\TC02_Bento_Filter_Chemo-DoseDenseAC2Taxane.xlsx

2022-04-19 18:11:29 - [MESSAGE][PASSED] - Data loaded from input file for the test case. 

2022-04-19 18:11:47 - [TEST_STEP][PASSED] - waitForElementClickable(findTestObject("Object Repository/Bento/NavBar/Bento_Cases-Btn"), 5): Object 'Object Repository/Bento/NavBar/Bento_Cases-Btn' is clickable

2022-04-19 18:11:47 - [MESSAGE][PASSED] - Object 'Object Repository/Bento/NavBar/Bento_Cases-Btn' is clickable

2022-04-19 18:11:47 - [TEST_STEP][PASSED] - ctdc.utilities.runtestcaseforKatalon.clickTab("Object Repository/Bento/NavBar/Bento_Cases-Btn"): ctdc.utilities.runtestcaseforKatalon.clickTab is PASSED

2022-04-19 18:11:47 - [MESSAGE][PASSED] - ctdc.utilities.runtestcaseforKatalon.clickTab is PASSED

2022-04-19 18:11:47 - [TEST_STEP][PASSED] - waitForElementClickable(findTestObject("Bento/Cases_page/Filter/Chemotherapy/Chemotherapy_Ddn"), 5): Object 'Object Repository/Bento/Cases_page/Filter/Chemotherapy/Chemotherapy_Ddn' is clickable

2022-04-19 18:11:48 - [MESSAGE][PASSED] - Object 'Object Repository/Bento/Cases_page/Filter/Chemotherapy/Chemotherapy_Ddn' is clickable

2022-04-19 18:11:48 - [TEST_STEP][PASSED] - ctdc.utilities.runtestcaseforKatalon.clickTab("Bento/Cases_page/Filter/Chemotherapy/Chemotherapy_Ddn"): ctdc.utilities.runtestcaseforKatalon.clickTab is PASSED

2022-04-19 18:11:48 - [MESSAGE][PASSED] - ctdc.utilities.runtestcaseforKatalon.clickTab is PASSED

2022-04-19 18:11:48 - [TEST_STEP][PASSED] - ctdc.utilities.runtestcaseforKatalon.clickTab("Object Repository/Bento/Cases_page/Filter/Chemotherapy/DoseDenseACTaxane_Chkbx"): ctdc.utilities.runtestcaseforKatalon.clickTab is PASSED

2022-04-19 18:11:49 - [MESSAGE][PASSED] - ctdc.utilities.runtestcaseforKatalon.clickTab is PASSED

2022-04-19 18:11:49 - [TEST_STEP][PASSED] - ctdc.utilities.runtestcaseforKatalon.readStatBarBento("Object Repository/Bento/StatBar/Bento_StatBar-Programs", "Object Repository/Bento/StatBar/Bento_StatBar-Arms", "Object Repository/Bento/StatBar/Bento_StatBar-Cases", "Object Repository/Bento/StatBar/Bento_StatBar-Samples", "Object Repository/Bento/StatBar/Bento_StatBar-Assays", "Object Repository/Bento/StatBar/Bento_StatBar-Files"): ctdc.utilities.runtestcaseforKatalon.readStatBarBento is PASSED

2022-04-19 18:11:58 - [MESSAGE][PASSED] - ctdc.utilities.runtestcaseforKatalon.readStatBarBento is PASSED

2022-04-19 18:11:58 - [TEST_STEP][PASSED] - waitForElementPresent(findTestObject("Object Repository/Bento/Cases_page/BentoResults_Cases_Tab"), 5): Object 'Object Repository/Bento/Cases_page/BentoResults_Cases_Tab' is present

2022-04-19 18:11:58 - [MESSAGE][PASSED] - Object 'Object Repository/Bento/Cases_page/BentoResults_Cases_Tab' is present

2022-04-19 18:11:58 - [TEST_STEP][PASSED] - ctdc.utilities.runtestcaseforKatalon.clickTab("Object Repository/Bento/Cases_page/BentoResults_Cases_Tab"): ctdc.utilities.runtestcaseforKatalon.clickTab is PASSED

2022-04-19 18:11:58 - [MESSAGE][PASSED] - ctdc.utilities.runtestcaseforKatalon.clickTab is PASSED

2022-04-19 18:11:58 - [TEST_STEP][PASSED] - ctdc.utilities.runtestcaseforKatalon.multiFunction("Bento", G_StatBar_Cases, "Object Repository/Bento/Cases_page/Bento_CasesTable", "Object Repository/Bento/Cases_page/Bento_CasesTableHeader", "Object Repository/Bento/Cases_page/Bento_CasesTabNextBtn", G_WebTabnameCases, G_CypherTabnameCases, G_QueryCasesTab): Statbar Files count matches

2022-04-19 18:12:33 - [MESSAGE][PASSED] - Statbar Programs count matches

2022-04-19 18:12:33 - [MESSAGE][PASSED] - Statbar Arms count matches

2022-04-19 18:12:33 - [MESSAGE][PASSED] - Statbar Cases count matches

2022-04-19 18:12:33 - [MESSAGE][PASSED] - Statbar Samples count matches

2022-04-19 18:12:33 - [MESSAGE][PASSED] - Statbar Assays count matches

2022-04-19 18:12:33 - [MESSAGE][PASSED] - Statbar Files count matches

2022-04-19 18:12:33 - [TEST_STEP][PASSED] - closeBrowser(): Browser is closed

2022-04-19 18:12:34 - [MESSAGE][PASSED] - Browser is closed]]></system-out>
         <system-err><![CDATA[]]></system-err>
      </testcase>
      <testcase name="Test Cases/Bento_TestCases/Chemotherapy/TC03_Bento_Filter_Chemo-FEC3WkCycles" time="74.851" classname="Test Cases/Bento_TestCases/Chemotherapy/TC03_Bento_Filter_Chemo-FEC3WkCycles" status="PASSED">
         <system-out><![CDATA[2022-04-19 18:12:34 - [TEST_CASE][PASSED] - Test Cases/Bento_TestCases/Chemotherapy/TC03_Bento_Filter_Chemo-FEC3WkCycles: Test Cases/Bento_TestCases/Chemotherapy/TC03_Bento_Filter_Chemo-FEC3WkCycles

2022-04-19 18:12:34 - [TEST_STEP][PASSED] - Start listener action : getTestScriptName: null

2022-04-19 18:12:34 - [TEST_STEP][PASSED] - TestCaseId = testCaseContext.getTestCaseId(): null

2022-04-19 18:12:34 - [TEST_STEP][PASSED] - out.println("**********this is the value of test case id string******** " + testCaseContext.getTestCaseId()): null

2022-04-19 18:12:34 - [TEST_STEP][PASSED] - G_currentTCName = TestCaseId.substring(TestCaseId.lastIndexOf("TC")): null

2022-04-19 18:12:34 - [TEST_STEP][PASSED] - out.println("This is the test case name : " + G_currentTCName): null

2022-04-19 18:12:34 - [TEST_STEP][PASSED] - closeBrowser(): Browser is closed

2022-04-19 18:12:34 - [MESSAGE][PASSED] - Browser is closed

2022-04-19 18:12:34 - [TEST_STEP][PASSED] - ctdc.utilities.runtestcaseforKatalon.RunKatalon("TC03_Bento_Filter_Chemo-FEC3WkCycles.xlsx"): Data loaded from input file for the test case. 

2022-04-19 18:12:34 - [MESSAGE][PASSED] - Test case file loaded This is the full filepath after converting to string :C:\Users\sohilz2\Commons_Automation\InputFiles\TC03_Bento_Filter_Chemo-FEC3WkCycles.xlsx

2022-04-19 18:12:34 - [MESSAGE][INFO] - Global variable set for password file is :  C:\Users\sohilz2\Commons_Automation\InputFiles\TC03_Bento_Filter_Chemo-FEC3WkCycles.xlsx

2022-04-19 18:12:38 - [MESSAGE][PASSED] - Data loaded from input file for the test case. 

2022-04-19 18:13:07 - [TEST_STEP][PASSED] - waitForElementClickable(findTestObject("Object Repository/Bento/NavBar/Bento_Cases-Btn"), 5): Object 'Object Repository/Bento/NavBar/Bento_Cases-Btn' is clickable

2022-04-19 18:13:07 - [MESSAGE][PASSED] - Object 'Object Repository/Bento/NavBar/Bento_Cases-Btn' is clickable

2022-04-19 18:13:07 - [TEST_STEP][PASSED] - ctdc.utilities.runtestcaseforKatalon.clickTab("Object Repository/Bento/NavBar/Bento_Cases-Btn"): ctdc.utilities.runtestcaseforKatalon.clickTab is PASSED

2022-04-19 18:13:07 - [MESSAGE][PASSED] - ctdc.utilities.runtestcaseforKatalon.clickTab is PASSED

2022-04-19 18:13:07 - [TEST_STEP][PASSED] - Thread.sleep(2000): null

2022-04-19 18:13:09 - [TEST_STEP][PASSED] - waitForElementClickable(findTestObject("Bento/Cases_page/Filter/Chemotherapy/Chemotherapy_Ddn"), 5): Object 'Object Repository/Bento/Cases_page/Filter/Chemotherapy/Chemotherapy_Ddn' is clickable

2022-04-19 18:13:09 - [MESSAGE][PASSED] - Object 'Object Repository/Bento/Cases_page/Filter/Chemotherapy/Chemotherapy_Ddn' is clickable

2022-04-19 18:13:09 - [TEST_STEP][PASSED] - ctdc.utilities.runtestcaseforKatalon.clickTab("Bento/Cases_page/Filter/Chemotherapy/Chemotherapy_Ddn"): ctdc.utilities.runtestcaseforKatalon.clickTab is PASSED

2022-04-19 18:13:10 - [MESSAGE][PASSED] - ctdc.utilities.runtestcaseforKatalon.clickTab is PASSED

2022-04-19 18:13:10 - [TEST_STEP][PASSED] - waitForElementClickable(findTestObject("Bento/Cases_page/Filter/Chemotherapy/FEC3WkCycle_Chkbx"), 5): Object 'Object Repository/Bento/Cases_page/Filter/Chemotherapy/FEC3WkCycle_Chkbx' is clickable

2022-04-19 18:13:10 - [MESSAGE][PASSED] - Object 'Object Repository/Bento/Cases_page/Filter/Chemotherapy/FEC3WkCycle_Chkbx' is clickable

2022-04-19 18:13:10 - [TEST_STEP][PASSED] - ctdc.utilities.runtestcaseforKatalon.clickTab("Bento/Cases_page/Filter/Chemotherapy/FEC3WkCycle_Chkbx"): ctdc.utilities.runtestcaseforKatalon.clickTab is PASSED

2022-04-19 18:13:10 - [MESSAGE][PASSED] - ctdc.utilities.runtestcaseforKatalon.clickTab is PASSED

2022-04-19 18:13:10 - [TEST_STEP][PASSED] - waitForElementClickable(findTestObject("Bento/Cases_page/Filter/Chemotherapy/Chemotherapy_Ddn"), 5): Object 'Object Repository/Bento/Cases_page/Filter/Chemotherapy/Chemotherapy_Ddn' is clickable

2022-04-19 18:13:10 - [MESSAGE][PASSED] - Object 'Object Repository/Bento/Cases_page/Filter/Chemotherapy/Chemotherapy_Ddn' is clickable

2022-04-19 18:13:10 - [TEST_STEP][PASSED] - ctdc.utilities.runtestcaseforKatalon.clickTab("Bento/Cases_page/Filter/Chemotherapy/Chemotherapy_Ddn"): ctdc.utilities.runtestcaseforKatalon.clickTab is PASSED

2022-04-19 18:13:11 - [MESSAGE][PASSED] - ctdc.utilities.runtestcaseforKatalon.clickTab is PASSED

2022-04-19 18:13:11 - [TEST_STEP][PASSED] - ctdc.utilities.runtestcaseforKatalon.readStatBarBento("Object Repository/Bento/StatBar/Bento_StatBar-Programs", "Object Repository/Bento/StatBar/Bento_StatBar-Arms", "Object Repository/Bento/StatBar/Bento_StatBar-Cases", "Object Repository/Bento/StatBar/Bento_StatBar-Samples", "Object Repository/Bento/StatBar/Bento_StatBar-Assays", "Object Repository/Bento/StatBar/Bento_StatBar-Files"): ctdc.utilities.runtestcaseforKatalon.readStatBarBento is PASSED

2022-04-19 18:13:19 - [MESSAGE][PASSED] - ctdc.utilities.runtestcaseforKatalon.readStatBarBento is PASSED

2022-04-19 18:13:19 - [TEST_STEP][PASSED] - waitForElementPresent(findTestObject("Object Repository/Bento/Cases_page/BentoResults_Cases_Tab"), 5): Object 'Object Repository/Bento/Cases_page/BentoResults_Cases_Tab' is present

2022-04-19 18:13:20 - [MESSAGE][PASSED] - Object 'Object Repository/Bento/Cases_page/BentoResults_Cases_Tab' is present

2022-04-19 18:13:20 - [TEST_STEP][PASSED] - ctdc.utilities.runtestcaseforKatalon.clickTab("Object Repository/Bento/Cases_page/BentoResults_Cases_Tab"): ctdc.utilities.runtestcaseforKatalon.clickTab is PASSED

2022-04-19 18:13:20 - [MESSAGE][PASSED] - ctdc.utilities.runtestcaseforKatalon.clickTab is PASSED

2022-04-19 18:13:20 - [TEST_STEP][PASSED] - ctdc.utilities.runtestcaseforKatalon.multiFunction("Bento", G_StatBar_Cases, "Object Repository/Bento/Cases_page/Bento_CasesTable", "Object Repository/Bento/Cases_page/Bento_CasesTableHeader", "Object Repository/Bento/Cases_page/Bento_CasesTabNextBtn", G_WebTabnameCases, G_CypherTabnameCases, G_QueryCasesTab): Statbar Files count matches

2022-04-19 18:13:48 - [MESSAGE][PASSED] - Statbar Programs count matches

2022-04-19 18:13:48 - [MESSAGE][PASSED] - Statbar Arms count matches

2022-04-19 18:13:48 - [MESSAGE][PASSED] - Statbar Cases count matches

2022-04-19 18:13:48 - [MESSAGE][PASSED] - Statbar Samples count matches

2022-04-19 18:13:48 - [MESSAGE][PASSED] - Statbar Assays count matches

2022-04-19 18:13:48 - [MESSAGE][PASSED] - Statbar Files count matches

2022-04-19 18:13:48 - [TEST_STEP][PASSED] - closeBrowser(): Browser is closed

2022-04-19 18:13:49 - [MESSAGE][PASSED] - Browser is closed]]></system-out>
         <system-err><![CDATA[]]></system-err>
      </testcase>
      <testcase name="Test Cases/Bento_TestCases/Chemotherapy/TC04_Bento_Filter_Chemo-IV_CMF" time="65.301" classname="Test Cases/Bento_TestCases/Chemotherapy/TC04_Bento_Filter_Chemo-IV_CMF" status="PASSED">
         <system-out><![CDATA[2022-04-19 18:13:49 - [TEST_CASE][PASSED] - Test Cases/Bento_TestCases/Chemotherapy/TC04_Bento_Filter_Chemo-IV_CMF: Test Cases/Bento_TestCases/Chemotherapy/TC04_Bento_Filter_Chemo-IV_CMF

2022-04-19 18:13:49 - [TEST_STEP][PASSED] - Start listener action : getTestScriptName: null

2022-04-19 18:13:49 - [TEST_STEP][PASSED] - TestCaseId = testCaseContext.getTestCaseId(): null

2022-04-19 18:13:49 - [TEST_STEP][PASSED] - out.println("**********this is the value of test case id string******** " + testCaseContext.getTestCaseId()): null

2022-04-19 18:13:49 - [TEST_STEP][PASSED] - G_currentTCName = TestCaseId.substring(TestCaseId.lastIndexOf("TC")): null

2022-04-19 18:13:49 - [TEST_STEP][PASSED] - out.println("This is the test case name : " + G_currentTCName): null

2022-04-19 18:13:49 - [TEST_STEP][PASSED] - closeBrowser(): Browser is closed

2022-04-19 18:13:49 - [MESSAGE][PASSED] - Browser is closed

2022-04-19 18:13:49 - [TEST_STEP][PASSED] - ctdc.utilities.runtestcaseforKatalon.RunKatalon("TC04_Bento_Filter_Chemo-IV_CMF.xlsx"): Data loaded from input file for the test case. 

2022-04-19 18:13:49 - [MESSAGE][PASSED] - Test case file loaded This is the full filepath after converting to string :C:\Users\sohilz2\Commons_Automation\InputFiles\TC04_Bento_Filter_Chemo-IV_CMF.xlsx

2022-04-19 18:13:49 - [MESSAGE][INFO] - Global variable set for password file is :  C:\Users\sohilz2\Commons_Automation\InputFiles\TC04_Bento_Filter_Chemo-IV_CMF.xlsx

2022-04-19 18:13:53 - [MESSAGE][PASSED] - Data loaded from input file for the test case. 

2022-04-19 18:14:10 - [TEST_STEP][PASSED] - waitForElementClickable(findTestObject("Object Repository/Bento/NavBar/Bento_Cases-Btn"), 5): Object 'Object Repository/Bento/NavBar/Bento_Cases-Btn' is clickable

2022-04-19 18:14:10 - [MESSAGE][PASSED] - Object 'Object Repository/Bento/NavBar/Bento_Cases-Btn' is clickable

2022-04-19 18:14:10 - [TEST_STEP][PASSED] - ctdc.utilities.runtestcaseforKatalon.clickTab("Object Repository/Bento/NavBar/Bento_Cases-Btn"): ctdc.utilities.runtestcaseforKatalon.clickTab is PASSED

2022-04-19 18:14:10 - [MESSAGE][PASSED] - ctdc.utilities.runtestcaseforKatalon.clickTab is PASSED

2022-04-19 18:14:10 - [TEST_STEP][PASSED] - Thread.sleep(2000): null

2022-04-19 18:14:12 - [TEST_STEP][PASSED] - waitForElementClickable(findTestObject("Bento/Cases_page/Filter/Chemotherapy/Chemotherapy_Ddn"), 5): Object 'Object Repository/Bento/Cases_page/Filter/Chemotherapy/Chemotherapy_Ddn' is clickable

2022-04-19 18:14:12 - [MESSAGE][PASSED] - Object 'Object Repository/Bento/Cases_page/Filter/Chemotherapy/Chemotherapy_Ddn' is clickable

2022-04-19 18:14:12 - [TEST_STEP][PASSED] - ctdc.utilities.runtestcaseforKatalon.clickTab("Bento/Cases_page/Filter/Chemotherapy/Chemotherapy_Ddn"): ctdc.utilities.runtestcaseforKatalon.clickTab is PASSED

2022-04-19 18:14:12 - [MESSAGE][PASSED] - ctdc.utilities.runtestcaseforKatalon.clickTab is PASSED

2022-04-19 18:14:12 - [TEST_STEP][PASSED] - waitForElementClickable(findTestObject("Object Repository/Bento/Cases_page/Filter/Chemotherapy/IVCMF-3WkCycle_Chkbx"), 5): Object 'Object Repository/Bento/Cases_page/Filter/Chemotherapy/IVCMF-3WkCycle_Chkbx' is clickable

2022-04-19 18:14:12 - [MESSAGE][PASSED] - Object 'Object Repository/Bento/Cases_page/Filter/Chemotherapy/IVCMF-3WkCycle_Chkbx' is clickable

2022-04-19 18:14:12 - [TEST_STEP][PASSED] - ctdc.utilities.runtestcaseforKatalon.clickTab("Object Repository/Bento/Cases_page/Filter/Chemotherapy/IVCMF-3WkCycle_Chkbx"): ctdc.utilities.runtestcaseforKatalon.clickTab is PASSED

2022-04-19 18:14:13 - [MESSAGE][PASSED] - ctdc.utilities.runtestcaseforKatalon.clickTab is PASSED

2022-04-19 18:14:13 - [TEST_STEP][PASSED] - waitForElementClickable(findTestObject("Bento/Cases_page/Filter/Chemotherapy/Chemotherapy_Ddn"), 5): Object 'Object Repository/Bento/Cases_page/Filter/Chemotherapy/Chemotherapy_Ddn' is clickable

2022-04-19 18:14:13 - [MESSAGE][PASSED] - Object 'Object Repository/Bento/Cases_page/Filter/Chemotherapy/Chemotherapy_Ddn' is clickable

2022-04-19 18:14:13 - [TEST_STEP][PASSED] - ctdc.utilities.runtestcaseforKatalon.clickTab("Bento/Cases_page/Filter/Chemotherapy/Chemotherapy_Ddn"): ctdc.utilities.runtestcaseforKatalon.clickTab is PASSED

2022-04-19 18:14:13 - [MESSAGE][PASSED] - ctdc.utilities.runtestcaseforKatalon.clickTab is PASSED

2022-04-19 18:14:13 - [TEST_STEP][PASSED] - ctdc.utilities.runtestcaseforKatalon.readStatBarBento("Object Repository/Bento/StatBar/Bento_StatBar-Programs", "Object Repository/Bento/StatBar/Bento_StatBar-Arms", "Object Repository/Bento/StatBar/Bento_StatBar-Cases", "Object Repository/Bento/StatBar/Bento_StatBar-Samples", "Object Repository/Bento/StatBar/Bento_StatBar-Assays", "Object Repository/Bento/StatBar/Bento_StatBar-Files"): ctdc.utilities.runtestcaseforKatalon.readStatBarBento is PASSED

2022-04-19 18:14:22 - [MESSAGE][PASSED] - ctdc.utilities.runtestcaseforKatalon.readStatBarBento is PASSED

2022-04-19 18:14:22 - [TEST_STEP][PASSED] - waitForElementPresent(findTestObject("Object Repository/Bento/Cases_page/BentoResults_Cases_Tab"), 5): Object 'Object Repository/Bento/Cases_page/BentoResults_Cases_Tab' is present

2022-04-19 18:14:22 - [MESSAGE][PASSED] - Object 'Object Repository/Bento/Cases_page/BentoResults_Cases_Tab' is present

2022-04-19 18:14:22 - [TEST_STEP][PASSED] - ctdc.utilities.runtestcaseforKatalon.clickTab("Object Repository/Bento/Cases_page/BentoResults_Cases_Tab"): ctdc.utilities.runtestcaseforKatalon.clickTab is PASSED

2022-04-19 18:14:22 - [MESSAGE][PASSED] - ctdc.utilities.runtestcaseforKatalon.clickTab is PASSED

2022-04-19 18:14:22 - [TEST_STEP][PASSED] - ctdc.utilities.runtestcaseforKatalon.multiFunction("Bento", G_StatBar_Cases, "Object Repository/Bento/Cases_page/Bento_CasesTable", "Object Repository/Bento/Cases_page/Bento_CasesTableHeader", "Object Repository/Bento/Cases_page/Bento_CasesTabNextBtn", G_WebTabnameCases, G_CypherTabnameCases, G_QueryCasesTab): Statbar Files count matches

2022-04-19 18:14:53 - [MESSAGE][PASSED] - Statbar Programs count matches

2022-04-19 18:14:53 - [MESSAGE][PASSED] - Statbar Arms count matches

2022-04-19 18:14:53 - [MESSAGE][PASSED] - Statbar Cases count matches

2022-04-19 18:14:53 - [MESSAGE][PASSED] - Statbar Samples count matches

2022-04-19 18:14:53 - [MESSAGE][PASSED] - Statbar Assays count matches

2022-04-19 18:14:53 - [MESSAGE][PASSED] - Statbar Files count matches

2022-04-19 18:14:53 - [TEST_STEP][PASSED] - closeBrowser(): Browser is closed

2022-04-19 18:14:54 - [MESSAGE][PASSED] - Browser is closed]]></system-out>
         <system-err><![CDATA[]]></system-err>
      </testcase>
      <testcase name="Test Cases/Bento_TestCases/Chemotherapy/TC05_Bento_Filter_Chemo-None" time="765.908" classname="Test Cases/Bento_TestCases/Chemotherapy/TC05_Bento_Filter_Chemo-None" status="PASSED">
         <system-out><![CDATA[2022-04-19 18:14:54 - [TEST_CASE][PASSED] - Test Cases/Bento_TestCases/Chemotherapy/TC05_Bento_Filter_Chemo-None: Test Cases/Bento_TestCases/Chemotherapy/TC05_Bento_Filter_Chemo-None

2022-04-19 18:14:54 - [TEST_STEP][PASSED] - Start listener action : getTestScriptName: null

2022-04-19 18:14:54 - [TEST_STEP][PASSED] - TestCaseId = testCaseContext.getTestCaseId(): null

2022-04-19 18:14:54 - [TEST_STEP][PASSED] - out.println("**********this is the value of test case id string******** " + testCaseContext.getTestCaseId()): null

2022-04-19 18:14:54 - [TEST_STEP][PASSED] - G_currentTCName = TestCaseId.substring(TestCaseId.lastIndexOf("TC")): null

2022-04-19 18:14:54 - [TEST_STEP][PASSED] - out.println("This is the test case name : " + G_currentTCName): null

2022-04-19 18:14:54 - [TEST_STEP][PASSED] - closeBrowser(): Browser is closed

2022-04-19 18:14:54 - [MESSAGE][PASSED] - Browser is closed

2022-04-19 18:14:54 - [TEST_STEP][PASSED] - ctdc.utilities.runtestcaseforKatalon.RunKatalon("TC05_Bento_Filter_Chemo-None.xlsx"): Data loaded from input file for the test case. 

2022-04-19 18:14:54 - [MESSAGE][PASSED] - Test case file loaded This is the full filepath after converting to string :C:\Users\sohilz2\Commons_Automation\InputFiles\TC05_Bento_Filter_Chemo-None.xlsx

2022-04-19 18:14:54 - [MESSAGE][INFO] - Global variable set for password file is :  C:\Users\sohilz2\Commons_Automation\InputFiles\TC05_Bento_Filter_Chemo-None.xlsx

2022-04-19 18:14:58 - [MESSAGE][PASSED] - Data loaded from input file for the test case. 

2022-04-19 18:15:18 - [TEST_STEP][PASSED] - waitForElementClickable(findTestObject("Object Repository/Bento/NavBar/Bento_Cases-Btn"), 5): Object 'Object Repository/Bento/NavBar/Bento_Cases-Btn' is clickable

2022-04-19 18:15:19 - [MESSAGE][PASSED] - Object 'Object Repository/Bento/NavBar/Bento_Cases-Btn' is clickable

2022-04-19 18:15:19 - [TEST_STEP][PASSED] - ctdc.utilities.runtestcaseforKatalon.clickTab("Object Repository/Bento/NavBar/Bento_Cases-Btn"): ctdc.utilities.runtestcaseforKatalon.clickTab is PASSED

2022-04-19 18:15:19 - [MESSAGE][PASSED] - ctdc.utilities.runtestcaseforKatalon.clickTab is PASSED

2022-04-19 18:15:19 - [TEST_STEP][PASSED] - Thread.sleep(2000): null

2022-04-19 18:15:21 - [TEST_STEP][PASSED] - waitForElementClickable(findTestObject("Bento/Cases_page/Filter/Chemotherapy/Chemotherapy_Ddn"), 5): Object 'Object Repository/Bento/Cases_page/Filter/Chemotherapy/Chemotherapy_Ddn' is clickable

2022-04-19 18:15:21 - [MESSAGE][PASSED] - Object 'Object Repository/Bento/Cases_page/Filter/Chemotherapy/Chemotherapy_Ddn' is clickable

2022-04-19 18:15:21 - [TEST_STEP][PASSED] - ctdc.utilities.runtestcaseforKatalon.clickTab("Bento/Cases_page/Filter/Chemotherapy/Chemotherapy_Ddn"): ctdc.utilities.runtestcaseforKatalon.clickTab is PASSED

2022-04-19 18:15:21 - [MESSAGE][PASSED] - ctdc.utilities.runtestcaseforKatalon.clickTab is PASSED

2022-04-19 18:15:21 - [TEST_STEP][PASSED] - waitForElementClickable(findTestObject("Bento/Cases_page/Filter/Chemotherapy/None_Chkbx"), 5): Object 'Object Repository/Bento/Cases_page/Filter/Chemotherapy/None_Chkbx' is clickable

2022-04-19 18:15:21 - [MESSAGE][PASSED] - Object 'Object Repository/Bento/Cases_page/Filter/Chemotherapy/None_Chkbx' is clickable

2022-04-19 18:15:21 - [TEST_STEP][PASSED] - ctdc.utilities.runtestcaseforKatalon.clickTab("Bento/Cases_page/Filter/Chemotherapy/None_Chkbx"): ctdc.utilities.runtestcaseforKatalon.clickTab is PASSED

2022-04-19 18:15:22 - [MESSAGE][PASSED] - ctdc.utilities.runtestcaseforKatalon.clickTab is PASSED

2022-04-19 18:15:22 - [TEST_STEP][PASSED] - waitForElementClickable(findTestObject("Bento/Cases_page/Filter/Chemotherapy/Chemotherapy_Ddn"), 5): Object 'Object Repository/Bento/Cases_page/Filter/Chemotherapy/Chemotherapy_Ddn' is clickable

2022-04-19 18:15:22 - [MESSAGE][PASSED] - Object 'Object Repository/Bento/Cases_page/Filter/Chemotherapy/Chemotherapy_Ddn' is clickable

2022-04-19 18:15:22 - [TEST_STEP][PASSED] - ctdc.utilities.runtestcaseforKatalon.clickTab("Bento/Cases_page/Filter/Chemotherapy/Chemotherapy_Ddn"): ctdc.utilities.runtestcaseforKatalon.clickTab is PASSED

2022-04-19 18:15:22 - [MESSAGE][PASSED] - ctdc.utilities.runtestcaseforKatalon.clickTab is PASSED

2022-04-19 18:15:22 - [TEST_STEP][PASSED] - ctdc.utilities.runtestcaseforKatalon.readStatBarBento("Object Repository/Bento/StatBar/Bento_StatBar-Programs", "Object Repository/Bento/StatBar/Bento_StatBar-Arms", "Object Repository/Bento/StatBar/Bento_StatBar-Cases", "Object Repository/Bento/StatBar/Bento_StatBar-Samples", "Object Repository/Bento/StatBar/Bento_StatBar-Assays", "Object Repository/Bento/StatBar/Bento_StatBar-Files"): ctdc.utilities.runtestcaseforKatalon.readStatBarBento is PASSED

2022-04-19 18:15:31 - [MESSAGE][PASSED] - ctdc.utilities.runtestcaseforKatalon.readStatBarBento is PASSED

2022-04-19 18:15:31 - [TEST_STEP][PASSED] - waitForElementPresent(findTestObject("Object Repository/Bento/Cases_page/BentoResults_Cases_Tab"), 5): Object 'Object Repository/Bento/Cases_page/BentoResults_Cases_Tab' is present

2022-04-19 18:15:31 - [MESSAGE][PASSED] - Object 'Object Repository/Bento/Cases_page/BentoResults_Cases_Tab' is present

2022-04-19 18:15:31 - [TEST_STEP][PASSED] - ctdc.utilities.runtestcaseforKatalon.clickTab("Object Repository/Bento/Cases_page/BentoResults_Cases_Tab"): ctdc.utilities.runtestcaseforKatalon.clickTab is PASSED

2022-04-19 18:15:31 - [MESSAGE][PASSED] - ctdc.utilities.runtestcaseforKatalon.clickTab is PASSED

2022-04-19 18:15:31 - [TEST_STEP][PASSED] - ctdc.utilities.runtestcaseforKatalon.multiFunction("Bento", G_StatBar_Cases, "Object Repository/Bento/Cases_page/Bento_CasesTable", "Object Repository/Bento/Cases_page/Bento_CasesTableHeader", "Object Repository/Bento/Cases_page/Bento_CasesTabNextBtn", G_WebTabnameCases, G_CypherTabnameCases, G_QueryCasesTab): Statbar Files count matches

2022-04-19 18:27:39 - [MESSAGE][PASSED] - Statbar Programs count matches

2022-04-19 18:27:39 - [MESSAGE][PASSED] - Statbar Arms count matches

2022-04-19 18:27:39 - [MESSAGE][PASSED] - Statbar Cases count matches

2022-04-19 18:27:39 - [MESSAGE][PASSED] - Statbar Samples count matches

2022-04-19 18:27:39 - [MESSAGE][PASSED] - Statbar Assays count matches

2022-04-19 18:27:39 - [MESSAGE][PASSED] - Statbar Files count matches

2022-04-19 18:27:39 - [TEST_STEP][PASSED] - closeBrowser(): Browser is closed

2022-04-19 18:27:40 - [MESSAGE][PASSED] - Browser is closed]]></system-out>
         <system-err><![CDATA[]]></system-err>
      </testcase>
      <testcase name="Test Cases/Bento_TestCases/Chemotherapy/TC06_Bento_Filter_Chemo-OralCMF" time="47.516" classname="Test Cases/Bento_TestCases/Chemotherapy/TC06_Bento_Filter_Chemo-OralCMF" status="PASSED">
         <system-out><![CDATA[2022-04-19 18:27:40 - [TEST_CASE][PASSED] - Test Cases/Bento_TestCases/Chemotherapy/TC06_Bento_Filter_Chemo-OralCMF: Test Cases/Bento_TestCases/Chemotherapy/TC06_Bento_Filter_Chemo-OralCMF

2022-04-19 18:27:40 - [TEST_STEP][PASSED] - Start listener action : getTestScriptName: null

2022-04-19 18:27:40 - [TEST_STEP][PASSED] - TestCaseId = testCaseContext.getTestCaseId(): null

2022-04-19 18:27:40 - [TEST_STEP][PASSED] - out.println("**********this is the value of test case id string******** " + testCaseContext.getTestCaseId()): null

2022-04-19 18:27:40 - [TEST_STEP][PASSED] - G_currentTCName = TestCaseId.substring(TestCaseId.lastIndexOf("TC")): null

2022-04-19 18:27:40 - [TEST_STEP][PASSED] - out.println("This is the test case name : " + G_currentTCName): null

2022-04-19 18:27:40 - [TEST_STEP][PASSED] - closeBrowser(): Browser is closed

2022-04-19 18:27:40 - [MESSAGE][PASSED] - Browser is closed

2022-04-19 18:27:40 - [TEST_STEP][PASSED] - ctdc.utilities.runtestcaseforKatalon.RunKatalon("TC06_Bento_Filter_Chemo-OralCMF.xlsx"): Data loaded from input file for the test case. 

2022-04-19 18:27:40 - [MESSAGE][PASSED] - Test case file loaded This is the full filepath after converting to string :C:\Users\sohilz2\Commons_Automation\InputFiles\TC06_Bento_Filter_Chemo-OralCMF.xlsx

2022-04-19 18:27:40 - [MESSAGE][INFO] - Global variable set for password file is :  C:\Users\sohilz2\Commons_Automation\InputFiles\TC06_Bento_Filter_Chemo-OralCMF.xlsx

2022-04-19 18:27:44 - [MESSAGE][PASSED] - Data loaded from input file for the test case. 

2022-04-19 18:27:59 - [TEST_STEP][PASSED] - waitForElementClickable(findTestObject("Object Repository/Bento/NavBar/Bento_Cases-Btn"), 5): Object 'Object Repository/Bento/NavBar/Bento_Cases-Btn' is clickable

2022-04-19 18:27:59 - [MESSAGE][PASSED] - Object 'Object Repository/Bento/NavBar/Bento_Cases-Btn' is clickable

2022-04-19 18:27:59 - [TEST_STEP][PASSED] - ctdc.utilities.runtestcaseforKatalon.clickTab("Object Repository/Bento/NavBar/Bento_Cases-Btn"): ctdc.utilities.runtestcaseforKatalon.clickTab is PASSED

2022-04-19 18:28:00 - [MESSAGE][PASSED] - ctdc.utilities.runtestcaseforKatalon.clickTab is PASSED

2022-04-19 18:28:00 - [TEST_STEP][PASSED] - waitForElementClickable(findTestObject("Bento/Cases_page/Filter/Chemotherapy/Chemotherapy_Ddn"), 5): Object 'Object Repository/Bento/Cases_page/Filter/Chemotherapy/Chemotherapy_Ddn' is clickable

2022-04-19 18:28:00 - [MESSAGE][PASSED] - Object 'Object Repository/Bento/Cases_page/Filter/Chemotherapy/Chemotherapy_Ddn' is clickable

2022-04-19 18:28:00 - [TEST_STEP][PASSED] - ctdc.utilities.runtestcaseforKatalon.clickTab("Bento/Cases_page/Filter/Chemotherapy/Chemotherapy_Ddn"): ctdc.utilities.runtestcaseforKatalon.clickTab is PASSED

2022-04-19 18:28:01 - [MESSAGE][PASSED] - ctdc.utilities.runtestcaseforKatalon.clickTab is PASSED

2022-04-19 18:28:01 - [TEST_STEP][PASSED] - ctdc.utilities.runtestcaseforKatalon.clickTab("Object Repository/Bento/Cases_page/Filter/Chemotherapy/OralCMF-4WkCycle_Chkbx"): ctdc.utilities.runtestcaseforKatalon.clickTab is PASSED

2022-04-19 18:28:01 - [MESSAGE][PASSED] - ctdc.utilities.runtestcaseforKatalon.clickTab is PASSED

2022-04-19 18:28:01 - [TEST_STEP][PASSED] - ctdc.utilities.runtestcaseforKatalon.clickTab("Object Repository/Bento/Cases_page/Filter/Chemotherapy/Chemotherapy_Ddn"): ctdc.utilities.runtestcaseforKatalon.clickTab is PASSED

2022-04-19 18:28:01 - [MESSAGE][PASSED] - ctdc.utilities.runtestcaseforKatalon.clickTab is PASSED

2022-04-19 18:28:01 - [TEST_STEP][PASSED] - ctdc.utilities.runtestcaseforKatalon.readStatBarBento("Object Repository/Bento/StatBar/Bento_StatBar-Programs", "Object Repository/Bento/StatBar/Bento_StatBar-Arms", "Object Repository/Bento/StatBar/Bento_StatBar-Cases", "Object Repository/Bento/StatBar/Bento_StatBar-Samples", "Object Repository/Bento/StatBar/Bento_StatBar-Assays", "Object Repository/Bento/StatBar/Bento_StatBar-Files"): ctdc.utilities.runtestcaseforKatalon.readStatBarBento is PASSED

2022-04-19 18:28:10 - [MESSAGE][PASSED] - ctdc.utilities.runtestcaseforKatalon.readStatBarBento is PASSED

2022-04-19 18:28:10 - [TEST_STEP][PASSED] - waitForElementPresent(findTestObject("Object Repository/Bento/Cases_page/BentoResults_Cases_Tab"), 5): Object 'Object Repository/Bento/Cases_page/BentoResults_Cases_Tab' is present

2022-04-19 18:28:10 - [MESSAGE][PASSED] - Object 'Object Repository/Bento/Cases_page/BentoResults_Cases_Tab' is present

2022-04-19 18:28:10 - [TEST_STEP][PASSED] - ctdc.utilities.runtestcaseforKatalon.clickTab("Object Repository/Bento/Cases_page/BentoResults_Cases_Tab"): ctdc.utilities.runtestcaseforKatalon.clickTab is PASSED

2022-04-19 18:28:10 - [MESSAGE][PASSED] - ctdc.utilities.runtestcaseforKatalon.clickTab is PASSED

2022-04-19 18:28:10 - [TEST_STEP][PASSED] - ctdc.utilities.runtestcaseforKatalon.multiFunction("Bento", G_StatBar_Cases, "Object Repository/Bento/Cases_page/Bento_CasesTable", "Object Repository/Bento/Cases_page/Bento_CasesTableHeader", "Object Repository/Bento/Cases_page/Bento_CasesTabNextBtn", G_WebTabnameCases, G_CypherTabnameCases, G_QueryCasesTab): Statbar Files count matches

2022-04-19 18:28:27 - [MESSAGE][PASSED] - Statbar Programs count matches

2022-04-19 18:28:27 - [MESSAGE][PASSED] - Statbar Arms count matches

2022-04-19 18:28:27 - [MESSAGE][PASSED] - Statbar Cases count matches

2022-04-19 18:28:27 - [MESSAGE][PASSED] - Statbar Samples count matches

2022-04-19 18:28:27 - [MESSAGE][PASSED] - Statbar Assays count matches

2022-04-19 18:28:27 - [MESSAGE][PASSED] - Statbar Files count matches

2022-04-19 18:28:27 - [TEST_STEP][PASSED] - closeBrowser(): Browser is closed

2022-04-19 18:28:27 - [MESSAGE][PASSED] - Browser is closed]]></system-out>
         <system-err><![CDATA[]]></system-err>
      </testcase>
      <testcase name="Test Cases/Bento_TestCases/Chemotherapy/TC07_Bento_Filter_Chemo-Other" time="51.153" classname="Test Cases/Bento_TestCases/Chemotherapy/TC07_Bento_Filter_Chemo-Other" status="PASSED">
         <system-out><![CDATA[2022-04-19 18:28:27 - [TEST_CASE][PASSED] - Test Cases/Bento_TestCases/Chemotherapy/TC07_Bento_Filter_Chemo-Other: Test Cases/Bento_TestCases/Chemotherapy/TC07_Bento_Filter_Chemo-Other

2022-04-19 18:28:27 - [TEST_STEP][PASSED] - Start listener action : getTestScriptName: null

2022-04-19 18:28:27 - [TEST_STEP][PASSED] - TestCaseId = testCaseContext.getTestCaseId(): null

2022-04-19 18:28:27 - [TEST_STEP][PASSED] - out.println("**********this is the value of test case id string******** " + testCaseContext.getTestCaseId()): null

2022-04-19 18:28:27 - [TEST_STEP][PASSED] - G_currentTCName = TestCaseId.substring(TestCaseId.lastIndexOf("TC")): null

2022-04-19 18:28:27 - [TEST_STEP][PASSED] - out.println("This is the test case name : " + G_currentTCName): null

2022-04-19 18:28:28 - [TEST_STEP][PASSED] - closeBrowser(): Browser is closed

2022-04-19 18:28:28 - [MESSAGE][PASSED] - Browser is closed

2022-04-19 18:28:28 - [TEST_STEP][PASSED] - ctdc.utilities.runtestcaseforKatalon.RunKatalon("TC07_Bento_Filter_Chemo-Other.xlsx"): Data loaded from input file for the test case. 

2022-04-19 18:28:28 - [MESSAGE][PASSED] - Test case file loaded This is the full filepath after converting to string :C:\Users\sohilz2\Commons_Automation\InputFiles\TC07_Bento_Filter_Chemo-Other.xlsx

2022-04-19 18:28:28 - [MESSAGE][INFO] - Global variable set for password file is :  C:\Users\sohilz2\Commons_Automation\InputFiles\TC07_Bento_Filter_Chemo-Other.xlsx

2022-04-19 18:28:32 - [MESSAGE][PASSED] - Data loaded from input file for the test case. 

2022-04-19 18:28:50 - [TEST_STEP][PASSED] - waitForElementClickable(findTestObject("Object Repository/Bento/NavBar/Bento_Cases-Btn"), 5): Object 'Object Repository/Bento/NavBar/Bento_Cases-Btn' is clickable

2022-04-19 18:28:50 - [MESSAGE][PASSED] - Object 'Object Repository/Bento/NavBar/Bento_Cases-Btn' is clickable

2022-04-19 18:28:50 - [TEST_STEP][PASSED] - ctdc.utilities.runtestcaseforKatalon.clickTab("Object Repository/Bento/NavBar/Bento_Cases-Btn"): ctdc.utilities.runtestcaseforKatalon.clickTab is PASSED

2022-04-19 18:28:50 - [MESSAGE][PASSED] - ctdc.utilities.runtestcaseforKatalon.clickTab is PASSED

2022-04-19 18:28:50 - [TEST_STEP][PASSED] - waitForElementClickable(findTestObject("Bento/Cases_page/Filter/Chemotherapy/Chemotherapy_Ddn"), 5): Object 'Object Repository/Bento/Cases_page/Filter/Chemotherapy/Chemotherapy_Ddn' is clickable

2022-04-19 18:28:51 - [MESSAGE][PASSED] - Object 'Object Repository/Bento/Cases_page/Filter/Chemotherapy/Chemotherapy_Ddn' is clickable

2022-04-19 18:28:51 - [TEST_STEP][PASSED] - ctdc.utilities.runtestcaseforKatalon.clickTab("Bento/Cases_page/Filter/Chemotherapy/Chemotherapy_Ddn"): ctdc.utilities.runtestcaseforKatalon.clickTab is PASSED

2022-04-19 18:28:51 - [MESSAGE][PASSED] - ctdc.utilities.runtestcaseforKatalon.clickTab is PASSED

2022-04-19 18:28:51 - [TEST_STEP][PASSED] - ctdc.utilities.runtestcaseforKatalon.clickTab("Object Repository/Bento/Cases_page/Filter/Chemotherapy/Other_Chkbx"): ctdc.utilities.runtestcaseforKatalon.clickTab is PASSED

2022-04-19 18:28:51 - [MESSAGE][PASSED] - ctdc.utilities.runtestcaseforKatalon.clickTab is PASSED

2022-04-19 18:28:51 - [TEST_STEP][PASSED] - ctdc.utilities.runtestcaseforKatalon.clickTab("Object Repository/Bento/Cases_page/Filter/Chemotherapy/Chemotherapy_Ddn"): ctdc.utilities.runtestcaseforKatalon.clickTab is PASSED

2022-04-19 18:28:52 - [MESSAGE][PASSED] - ctdc.utilities.runtestcaseforKatalon.clickTab is PASSED

2022-04-19 18:28:52 - [TEST_STEP][PASSED] - ctdc.utilities.runtestcaseforKatalon.readStatBarBento("Object Repository/Bento/StatBar/Bento_StatBar-Programs", "Object Repository/Bento/StatBar/Bento_StatBar-Arms", "Object Repository/Bento/StatBar/Bento_StatBar-Cases", "Object Repository/Bento/StatBar/Bento_StatBar-Samples", "Object Repository/Bento/StatBar/Bento_StatBar-Assays", "Object Repository/Bento/StatBar/Bento_StatBar-Files"): ctdc.utilities.runtestcaseforKatalon.readStatBarBento is PASSED

2022-04-19 18:29:00 - [MESSAGE][PASSED] - ctdc.utilities.runtestcaseforKatalon.readStatBarBento is PASSED

2022-04-19 18:29:00 - [TEST_STEP][PASSED] - waitForElementPresent(findTestObject("Object Repository/Bento/Cases_page/BentoResults_Cases_Tab"), 5): Object 'Object Repository/Bento/Cases_page/BentoResults_Cases_Tab' is present

2022-04-19 18:29:00 - [MESSAGE][PASSED] - Object 'Object Repository/Bento/Cases_page/BentoResults_Cases_Tab' is present

2022-04-19 18:29:00 - [TEST_STEP][PASSED] - ctdc.utilities.runtestcaseforKatalon.clickTab("Object Repository/Bento/Cases_page/BentoResults_Cases_Tab"): ctdc.utilities.runtestcaseforKatalon.clickTab is PASSED

2022-04-19 18:29:01 - [MESSAGE][PASSED] - ctdc.utilities.runtestcaseforKatalon.clickTab is PASSED

2022-04-19 18:29:01 - [TEST_STEP][PASSED] - ctdc.utilities.runtestcaseforKatalon.multiFunction("Bento", G_StatBar_Cases, "Object Repository/Bento/Cases_page/Bento_CasesTable", "Object Repository/Bento/Cases_page/Bento_CasesTableHeader", "Object Repository/Bento/Cases_page/Bento_CasesTabNextBtn", G_WebTabnameCases, G_CypherTabnameCases, G_QueryCasesTab): Statbar Files count matches

2022-04-19 18:29:18 - [MESSAGE][PASSED] - Statbar Programs count matches

2022-04-19 18:29:18 - [MESSAGE][PASSED] - Statbar Arms count matches

2022-04-19 18:29:18 - [MESSAGE][PASSED] - Statbar Cases count matches

2022-04-19 18:29:18 - [MESSAGE][PASSED] - Statbar Samples count matches

2022-04-19 18:29:18 - [MESSAGE][PASSED] - Statbar Assays count matches

2022-04-19 18:29:18 - [MESSAGE][PASSED] - Statbar Files count matches

2022-04-19 18:29:18 - [TEST_STEP][PASSED] - closeBrowser(): Browser is closed

2022-04-19 18:29:18 - [MESSAGE][PASSED] - Browser is closed]]></system-out>
         <system-err><![CDATA[]]></system-err>
      </testcase>
      <testcase name="Test Cases/Bento_TestCases/Chemotherapy/TC08_Bento_Filter_Chemo-OtherWithTaxane" time="51.005" classname="Test Cases/Bento_TestCases/Chemotherapy/TC08_Bento_Filter_Chemo-OtherWithTaxane" status="PASSED">
         <system-out><![CDATA[2022-04-19 18:29:18 - [TEST_CASE][PASSED] - Test Cases/Bento_TestCases/Chemotherapy/TC08_Bento_Filter_Chemo-OtherWithTaxane: Test Cases/Bento_TestCases/Chemotherapy/TC08_Bento_Filter_Chemo-OtherWithTaxane

2022-04-19 18:29:18 - [TEST_STEP][PASSED] - Start listener action : getTestScriptName: null

2022-04-19 18:29:18 - [TEST_STEP][PASSED] - TestCaseId = testCaseContext.getTestCaseId(): null

2022-04-19 18:29:18 - [TEST_STEP][PASSED] - out.println("**********this is the value of test case id string******** " + testCaseContext.getTestCaseId()): null

2022-04-19 18:29:18 - [TEST_STEP][PASSED] - G_currentTCName = TestCaseId.substring(TestCaseId.lastIndexOf("TC")): null

2022-04-19 18:29:18 - [TEST_STEP][PASSED] - out.println("This is the test case name : " + G_currentTCName): null

2022-04-19 18:29:19 - [TEST_STEP][PASSED] - closeBrowser(): Browser is closed

2022-04-19 18:29:19 - [MESSAGE][PASSED] - Browser is closed

2022-04-19 18:29:19 - [TEST_STEP][PASSED] - ctdc.utilities.runtestcaseforKatalon.RunKatalon("TC08_Bento_Filter_Chemo-OtherWithTaxane.xlsx"): Data loaded from input file for the test case. 

2022-04-19 18:29:19 - [MESSAGE][PASSED] - Test case file loaded This is the full filepath after converting to string :C:\Users\sohilz2\Commons_Automation\InputFiles\TC08_Bento_Filter_Chemo-OtherWithTaxane.xlsx

2022-04-19 18:29:19 - [MESSAGE][INFO] - Global variable set for password file is :  C:\Users\sohilz2\Commons_Automation\InputFiles\TC08_Bento_Filter_Chemo-OtherWithTaxane.xlsx

2022-04-19 18:29:23 - [MESSAGE][PASSED] - Data loaded from input file for the test case. 

2022-04-19 18:29:39 - [TEST_STEP][PASSED] - waitForElementClickable(findTestObject("Object Repository/Bento/NavBar/Bento_Cases-Btn"), 5): Object 'Object Repository/Bento/NavBar/Bento_Cases-Btn' is clickable

2022-04-19 18:29:39 - [MESSAGE][PASSED] - Object 'Object Repository/Bento/NavBar/Bento_Cases-Btn' is clickable

2022-04-19 18:29:39 - [TEST_STEP][PASSED] - ctdc.utilities.runtestcaseforKatalon.clickTab("Object Repository/Bento/NavBar/Bento_Cases-Btn"): ctdc.utilities.runtestcaseforKatalon.clickTab is PASSED

2022-04-19 18:29:39 - [MESSAGE][PASSED] - ctdc.utilities.runtestcaseforKatalon.clickTab is PASSED

2022-04-19 18:29:39 - [TEST_STEP][PASSED] - waitForElementClickable(findTestObject("Bento/Cases_page/Filter/Chemotherapy/Chemotherapy_Ddn"), 5): Object 'Object Repository/Bento/Cases_page/Filter/Chemotherapy/Chemotherapy_Ddn' is clickable

2022-04-19 18:29:40 - [MESSAGE][PASSED] - Object 'Object Repository/Bento/Cases_page/Filter/Chemotherapy/Chemotherapy_Ddn' is clickable

2022-04-19 18:29:40 - [TEST_STEP][PASSED] - ctdc.utilities.runtestcaseforKatalon.clickTab("Bento/Cases_page/Filter/Chemotherapy/Chemotherapy_Ddn"): ctdc.utilities.runtestcaseforKatalon.clickTab is PASSED

2022-04-19 18:29:40 - [MESSAGE][PASSED] - ctdc.utilities.runtestcaseforKatalon.clickTab is PASSED

2022-04-19 18:29:40 - [TEST_STEP][PASSED] - ctdc.utilities.runtestcaseforKatalon.clickTab("Object Repository/Bento/Cases_page/Filter/Chemotherapy/OtherAnthraWithTaxane_Chkbx"): ctdc.utilities.runtestcaseforKatalon.clickTab is PASSED

2022-04-19 18:29:40 - [MESSAGE][PASSED] - ctdc.utilities.runtestcaseforKatalon.clickTab is PASSED

2022-04-19 18:29:40 - [TEST_STEP][PASSED] - ctdc.utilities.runtestcaseforKatalon.clickTab("Object Repository/Bento/Cases_page/Filter/Chemotherapy/Chemotherapy_Ddn"): ctdc.utilities.runtestcaseforKatalon.clickTab is PASSED

2022-04-19 18:29:41 - [MESSAGE][PASSED] - ctdc.utilities.runtestcaseforKatalon.clickTab is PASSED

2022-04-19 18:29:41 - [TEST_STEP][PASSED] - ctdc.utilities.runtestcaseforKatalon.readStatBarBento("Object Repository/Bento/StatBar/Bento_StatBar-Programs", "Object Repository/Bento/StatBar/Bento_StatBar-Arms", "Object Repository/Bento/StatBar/Bento_StatBar-Cases", "Object Repository/Bento/StatBar/Bento_StatBar-Samples", "Object Repository/Bento/StatBar/Bento_StatBar-Assays", "Object Repository/Bento/StatBar/Bento_StatBar-Files"): ctdc.utilities.runtestcaseforKatalon.readStatBarBento is PASSED

2022-04-19 18:29:49 - [MESSAGE][PASSED] - ctdc.utilities.runtestcaseforKatalon.readStatBarBento is PASSED

2022-04-19 18:29:49 - [TEST_STEP][PASSED] - waitForElementPresent(findTestObject("Object Repository/Bento/Cases_page/BentoResults_Cases_Tab"), 5): Object 'Object Repository/Bento/Cases_page/BentoResults_Cases_Tab' is present

2022-04-19 18:29:49 - [MESSAGE][PASSED] - Object 'Object Repository/Bento/Cases_page/BentoResults_Cases_Tab' is present

2022-04-19 18:29:49 - [TEST_STEP][PASSED] - ctdc.utilities.runtestcaseforKatalon.clickTab("Object Repository/Bento/Cases_page/BentoResults_Cases_Tab"): ctdc.utilities.runtestcaseforKatalon.clickTab is PASSED

2022-04-19 18:29:49 - [MESSAGE][PASSED] - ctdc.utilities.runtestcaseforKatalon.clickTab is PASSED

2022-04-19 18:29:49 - [TEST_STEP][PASSED] - ctdc.utilities.runtestcaseforKatalon.multiFunction("Bento", G_StatBar_Cases, "Object Repository/Bento/Cases_page/Bento_CasesTable", "Object Repository/Bento/Cases_page/Bento_CasesTableHeader", "Object Repository/Bento/Cases_page/Bento_CasesTabNextBtn", G_WebTabnameCases, G_CypherTabnameCases, G_QueryCasesTab): Statbar Files count matches

2022-04-19 18:30:09 - [MESSAGE][PASSED] - Statbar Programs count matches

2022-04-19 18:30:09 - [MESSAGE][PASSED] - Statbar Arms count matches

2022-04-19 18:30:09 - [MESSAGE][PASSED] - Statbar Cases count matches

2022-04-19 18:30:09 - [MESSAGE][PASSED] - Statbar Samples count matches

2022-04-19 18:30:09 - [MESSAGE][PASSED] - Statbar Assays count matches

2022-04-19 18:30:09 - [MESSAGE][PASSED] - Statbar Files count matches

2022-04-19 18:30:09 - [TEST_STEP][PASSED] - closeBrowser(): Browser is closed

2022-04-19 18:30:09 - [MESSAGE][PASSED] - Browser is closed]]></system-out>
         <system-err><![CDATA[]]></system-err>
      </testcase>
      <testcase name="Test Cases/Bento_TestCases/Chemotherapy/TC09_Bento_Filter_Chemo-OtherWithoutTaxane" time="49.717" classname="Test Cases/Bento_TestCases/Chemotherapy/TC09_Bento_Filter_Chemo-OtherWithoutTaxane" status="PASSED">
         <system-out><![CDATA[2022-04-19 18:30:09 - [TEST_CASE][PASSED] - Test Cases/Bento_TestCases/Chemotherapy/TC09_Bento_Filter_Chemo-OtherWithoutTaxane: Test Cases/Bento_TestCases/Chemotherapy/TC09_Bento_Filter_Chemo-OtherWithoutTaxane

2022-04-19 18:30:09 - [TEST_STEP][PASSED] - Start listener action : getTestScriptName: null

2022-04-19 18:30:09 - [TEST_STEP][PASSED] - TestCaseId = testCaseContext.getTestCaseId(): null

2022-04-19 18:30:09 - [TEST_STEP][PASSED] - out.println("**********this is the value of test case id string******** " + testCaseContext.getTestCaseId()): null

2022-04-19 18:30:09 - [TEST_STEP][PASSED] - G_currentTCName = TestCaseId.substring(TestCaseId.lastIndexOf("TC")): null

2022-04-19 18:30:09 - [TEST_STEP][PASSED] - out.println("This is the test case name : " + G_currentTCName): null

2022-04-19 18:30:10 - [TEST_STEP][PASSED] - closeBrowser(): Browser is closed

2022-04-19 18:30:10 - [MESSAGE][PASSED] - Browser is closed

2022-04-19 18:30:10 - [TEST_STEP][PASSED] - ctdc.utilities.runtestcaseforKatalon.RunKatalon("TC09_Bento_Filter_Chemo-OtherWithoutTaxane.xlsx"): Data loaded from input file for the test case. 

2022-04-19 18:30:10 - [MESSAGE][PASSED] - Test case file loaded This is the full filepath after converting to string :C:\Users\sohilz2\Commons_Automation\InputFiles\TC09_Bento_Filter_Chemo-OtherWithoutTaxane.xlsx

2022-04-19 18:30:10 - [MESSAGE][INFO] - Global variable set for password file is :  C:\Users\sohilz2\Commons_Automation\InputFiles\TC09_Bento_Filter_Chemo-OtherWithoutTaxane.xlsx

2022-04-19 18:30:14 - [MESSAGE][PASSED] - Data loaded from input file for the test case. 

2022-04-19 18:30:31 - [TEST_STEP][PASSED] - waitForElementClickable(findTestObject("Object Repository/Bento/NavBar/Bento_Cases-Btn"), 5): Object 'Object Repository/Bento/NavBar/Bento_Cases-Btn' is clickable

2022-04-19 18:30:31 - [MESSAGE][PASSED] - Object 'Object Repository/Bento/NavBar/Bento_Cases-Btn' is clickable

2022-04-19 18:30:31 - [TEST_STEP][PASSED] - ctdc.utilities.runtestcaseforKatalon.clickTab("Object Repository/Bento/NavBar/Bento_Cases-Btn"): ctdc.utilities.runtestcaseforKatalon.clickTab is PASSED

2022-04-19 18:30:31 - [MESSAGE][PASSED] - ctdc.utilities.runtestcaseforKatalon.clickTab is PASSED

2022-04-19 18:30:31 - [TEST_STEP][PASSED] - waitForElementClickable(findTestObject("Bento/Cases_page/Filter/Chemotherapy/Chemotherapy_Ddn"), 5): Object 'Object Repository/Bento/Cases_page/Filter/Chemotherapy/Chemotherapy_Ddn' is clickable

2022-04-19 18:30:32 - [MESSAGE][PASSED] - Object 'Object Repository/Bento/Cases_page/Filter/Chemotherapy/Chemotherapy_Ddn' is clickable

2022-04-19 18:30:32 - [TEST_STEP][PASSED] - ctdc.utilities.runtestcaseforKatalon.clickTab("Bento/Cases_page/Filter/Chemotherapy/Chemotherapy_Ddn"): ctdc.utilities.runtestcaseforKatalon.clickTab is PASSED

2022-04-19 18:30:32 - [MESSAGE][PASSED] - ctdc.utilities.runtestcaseforKatalon.clickTab is PASSED

2022-04-19 18:30:32 - [TEST_STEP][PASSED] - ctdc.utilities.runtestcaseforKatalon.clickTab("Object Repository/Bento/Cases_page/Filter/Chemotherapy/OtherAnthraWithNoTaxane_Chkbx"): ctdc.utilities.runtestcaseforKatalon.clickTab is PASSED

2022-04-19 18:30:33 - [MESSAGE][PASSED] - ctdc.utilities.runtestcaseforKatalon.clickTab is PASSED

2022-04-19 18:30:33 - [TEST_STEP][PASSED] - ctdc.utilities.runtestcaseforKatalon.clickTab("Object Repository/Bento/Cases_page/Filter/Chemotherapy/Chemotherapy_Ddn"): ctdc.utilities.runtestcaseforKatalon.clickTab is PASSED

2022-04-19 18:30:33 - [MESSAGE][PASSED] - ctdc.utilities.runtestcaseforKatalon.clickTab is PASSED

2022-04-19 18:30:33 - [TEST_STEP][PASSED] - ctdc.utilities.runtestcaseforKatalon.readStatBarBento("Object Repository/Bento/StatBar/Bento_StatBar-Programs", "Object Repository/Bento/StatBar/Bento_StatBar-Arms", "Object Repository/Bento/StatBar/Bento_StatBar-Cases", "Object Repository/Bento/StatBar/Bento_StatBar-Samples", "Object Repository/Bento/StatBar/Bento_StatBar-Assays", "Object Repository/Bento/StatBar/Bento_StatBar-Files"): ctdc.utilities.runtestcaseforKatalon.readStatBarBento is PASSED

2022-04-19 18:30:42 - [MESSAGE][PASSED] - ctdc.utilities.runtestcaseforKatalon.readStatBarBento is PASSED

2022-04-19 18:30:42 - [TEST_STEP][PASSED] - waitForElementPresent(findTestObject("Object Repository/Bento/Cases_page/BentoResults_Cases_Tab"), 5): Object 'Object Repository/Bento/Cases_page/BentoResults_Cases_Tab' is present

2022-04-19 18:30:42 - [MESSAGE][PASSED] - Object 'Object Repository/Bento/Cases_page/BentoResults_Cases_Tab' is present

2022-04-19 18:30:42 - [TEST_STEP][PASSED] - ctdc.utilities.runtestcaseforKatalon.clickTab("Object Repository/Bento/Cases_page/BentoResults_Cases_Tab"): ctdc.utilities.runtestcaseforKatalon.clickTab is PASSED

2022-04-19 18:30:42 - [MESSAGE][PASSED] - ctdc.utilities.runtestcaseforKatalon.clickTab is PASSED

2022-04-19 18:30:42 - [TEST_STEP][PASSED] - ctdc.utilities.runtestcaseforKatalon.multiFunction("Bento", G_StatBar_Cases, "Object Repository/Bento/Cases_page/Bento_CasesTable", "Object Repository/Bento/Cases_page/Bento_CasesTableHeader", "Object Repository/Bento/Cases_page/Bento_CasesTabNextBtn", G_WebTabnameCases, G_CypherTabnameCases, G_QueryCasesTab): Statbar Files count matches

2022-04-19 18:30:59 - [MESSAGE][PASSED] - Statbar Programs count matches

2022-04-19 18:30:59 - [MESSAGE][PASSED] - Statbar Arms count matches

2022-04-19 18:30:59 - [MESSAGE][PASSED] - Statbar Cases count matches

2022-04-19 18:30:59 - [MESSAGE][PASSED] - Statbar Samples count matches

2022-04-19 18:30:59 - [MESSAGE][PASSED] - Statbar Assays count matches

2022-04-19 18:30:59 - [MESSAGE][PASSED] - Statbar Files count matches

2022-04-19 18:30:59 - [TEST_STEP][PASSED] - closeBrowser(): Browser is closed

2022-04-19 18:30:59 - [MESSAGE][PASSED] - Browser is closed]]></system-out>
         <system-err><![CDATA[]]></system-err>
      </testcase>
      <testcase name="Test Cases/Bento_TestCases/Chemotherapy/TC12_Bento_Filter_Chemo-StandardAcWithTaxane" time="59.715" classname="Test Cases/Bento_TestCases/Chemotherapy/TC12_Bento_Filter_Chemo-StandardAcWithTaxane" status="PASSED">
         <system-out><![CDATA[2022-04-19 18:30:59 - [TEST_CASE][PASSED] - Test Cases/Bento_TestCases/Chemotherapy/TC12_Bento_Filter_Chemo-StandardAcWithTaxane: Test Cases/Bento_TestCases/Chemotherapy/TC12_Bento_Filter_Chemo-StandardAcWithTaxane

2022-04-19 18:30:59 - [TEST_STEP][PASSED] - Start listener action : getTestScriptName: null

2022-04-19 18:30:59 - [TEST_STEP][PASSED] - TestCaseId = testCaseContext.getTestCaseId(): null

2022-04-19 18:30:59 - [TEST_STEP][PASSED] - out.println("**********this is the value of test case id string******** " + testCaseContext.getTestCaseId()): null

2022-04-19 18:30:59 - [TEST_STEP][PASSED] - G_currentTCName = TestCaseId.substring(TestCaseId.lastIndexOf("TC")): null

2022-04-19 18:30:59 - [TEST_STEP][PASSED] - out.println("This is the test case name : " + G_currentTCName): null

2022-04-19 18:31:00 - [TEST_STEP][PASSED] - closeBrowser(): Browser is closed

2022-04-19 18:31:00 - [MESSAGE][PASSED] - Browser is closed

2022-04-19 18:31:00 - [TEST_STEP][PASSED] - ctdc.utilities.runtestcaseforKatalon.RunKatalon("TC12_Bento_Filter_Chemo-StandardAcWithTaxane.xlsx"): Data loaded from input file for the test case. 

2022-04-19 18:31:00 - [MESSAGE][PASSED] - Test case file loaded This is the full filepath after converting to string :C:\Users\sohilz2\Commons_Automation\InputFiles\TC12_Bento_Filter_Chemo-StandardAcWithTaxane.xlsx

2022-04-19 18:31:00 - [MESSAGE][INFO] - Global variable set for password file is :  C:\Users\sohilz2\Commons_Automation\InputFiles\TC12_Bento_Filter_Chemo-StandardAcWithTaxane.xlsx

2022-04-19 18:31:04 - [MESSAGE][PASSED] - Data loaded from input file for the test case. 

2022-04-19 18:31:18 - [TEST_STEP][PASSED] - waitForElementClickable(findTestObject("Object Repository/Bento/NavBar/Bento_Cases-Btn"), 5): Object 'Object Repository/Bento/NavBar/Bento_Cases-Btn' is clickable

2022-04-19 18:31:18 - [MESSAGE][PASSED] - Object 'Object Repository/Bento/NavBar/Bento_Cases-Btn' is clickable

2022-04-19 18:31:18 - [TEST_STEP][PASSED] - ctdc.utilities.runtestcaseforKatalon.clickTab("Object Repository/Bento/NavBar/Bento_Cases-Btn"): ctdc.utilities.runtestcaseforKatalon.clickTab is PASSED

2022-04-19 18:31:19 - [MESSAGE][PASSED] - ctdc.utilities.runtestcaseforKatalon.clickTab is PASSED

2022-04-19 18:31:19 - [TEST_STEP][PASSED] - waitForElementClickable(findTestObject("Bento/Cases_page/Filter/Chemotherapy/Chemotherapy_Ddn"), 5): Object 'Object Repository/Bento/Cases_page/Filter/Chemotherapy/Chemotherapy_Ddn' is clickable

2022-04-19 18:31:19 - [MESSAGE][PASSED] - Object 'Object Repository/Bento/Cases_page/Filter/Chemotherapy/Chemotherapy_Ddn' is clickable

2022-04-19 18:31:19 - [TEST_STEP][PASSED] - ctdc.utilities.runtestcaseforKatalon.clickTab("Bento/Cases_page/Filter/Chemotherapy/Chemotherapy_Ddn"): ctdc.utilities.runtestcaseforKatalon.clickTab is PASSED

2022-04-19 18:31:20 - [MESSAGE][PASSED] - ctdc.utilities.runtestcaseforKatalon.clickTab is PASSED

2022-04-19 18:31:20 - [TEST_STEP][PASSED] - ctdc.utilities.runtestcaseforKatalon.clickTab("Object Repository/Bento/Cases_page/Filter/Chemotherapy/StdACFollowedByTaxane_Chkbx"): ctdc.utilities.runtestcaseforKatalon.clickTab is PASSED

2022-04-19 18:31:20 - [MESSAGE][PASSED] - ctdc.utilities.runtestcaseforKatalon.clickTab is PASSED

2022-04-19 18:31:20 - [TEST_STEP][PASSED] - ctdc.utilities.runtestcaseforKatalon.clickTab("Object Repository/Bento/Cases_page/Filter/Chemotherapy/Chemotherapy_Ddn"): ctdc.utilities.runtestcaseforKatalon.clickTab is PASSED

2022-04-19 18:31:20 - [MESSAGE][PASSED] - ctdc.utilities.runtestcaseforKatalon.clickTab is PASSED

2022-04-19 18:31:20 - [TEST_STEP][PASSED] - ctdc.utilities.runtestcaseforKatalon.readStatBarBento("Object Repository/Bento/StatBar/Bento_StatBar-Programs", "Object Repository/Bento/StatBar/Bento_StatBar-Arms", "Object Repository/Bento/StatBar/Bento_StatBar-Cases", "Object Repository/Bento/StatBar/Bento_StatBar-Samples", "Object Repository/Bento/StatBar/Bento_StatBar-Assays", "Object Repository/Bento/StatBar/Bento_StatBar-Files"): ctdc.utilities.runtestcaseforKatalon.readStatBarBento is PASSED

2022-04-19 18:31:29 - [MESSAGE][PASSED] - ctdc.utilities.runtestcaseforKatalon.readStatBarBento is PASSED

2022-04-19 18:31:29 - [TEST_STEP][PASSED] - waitForElementPresent(findTestObject("Object Repository/Bento/Cases_page/BentoResults_Cases_Tab"), 5): Object 'Object Repository/Bento/Cases_page/BentoResults_Cases_Tab' is present

2022-04-19 18:31:29 - [MESSAGE][PASSED] - Object 'Object Repository/Bento/Cases_page/BentoResults_Cases_Tab' is present

2022-04-19 18:31:29 - [TEST_STEP][PASSED] - ctdc.utilities.runtestcaseforKatalon.clickTab("Object Repository/Bento/Cases_page/BentoResults_Cases_Tab"): ctdc.utilities.runtestcaseforKatalon.clickTab is PASSED

2022-04-19 18:31:29 - [MESSAGE][PASSED] - ctdc.utilities.runtestcaseforKatalon.clickTab is PASSED

2022-04-19 18:31:29 - [TEST_STEP][PASSED] - ctdc.utilities.runtestcaseforKatalon.multiFunction("Bento", G_StatBar_Cases, "Object Repository/Bento/Cases_page/Bento_CasesTable", "Object Repository/Bento/Cases_page/Bento_CasesTableHeader", "Object Repository/Bento/Cases_page/Bento_CasesTabNextBtn", G_WebTabnameCases, G_CypherTabnameCases, G_QueryCasesTab): Statbar Files count matches

2022-04-19 18:31:58 - [MESSAGE][PASSED] - Statbar Programs count matches

2022-04-19 18:31:58 - [MESSAGE][PASSED] - Statbar Arms count matches

2022-04-19 18:31:58 - [MESSAGE][PASSED] - Statbar Cases count matches

2022-04-19 18:31:58 - [MESSAGE][PASSED] - Statbar Samples count matches

2022-04-19 18:31:58 - [MESSAGE][PASSED] - Statbar Assays count matches

2022-04-19 18:31:58 - [MESSAGE][PASSED] - Statbar Files count matches

2022-04-19 18:31:58 - [TEST_STEP][PASSED] - closeBrowser(): Browser is closed

2022-04-19 18:31:59 - [MESSAGE][PASSED] - Browser is closed]]></system-out>
         <system-err><![CDATA[]]></system-err>
      </testcase>
      <testcase name="Test Cases/Bento_TestCases/Chemotherapy/TC13_Bento_Filter_Chemo-TAC" time="50.293" classname="Test Cases/Bento_TestCases/Chemotherapy/TC13_Bento_Filter_Chemo-TAC" status="PASSED">
         <system-out><![CDATA[2022-04-19 18:31:59 - [TEST_CASE][PASSED] - Test Cases/Bento_TestCases/Chemotherapy/TC13_Bento_Filter_Chemo-TAC: Test Cases/Bento_TestCases/Chemotherapy/TC13_Bento_Filter_Chemo-TAC

2022-04-19 18:31:59 - [TEST_STEP][PASSED] - Start listener action : getTestScriptName: null

2022-04-19 18:31:59 - [TEST_STEP][PASSED] - TestCaseId = testCaseContext.getTestCaseId(): null

2022-04-19 18:31:59 - [TEST_STEP][PASSED] - out.println("**********this is the value of test case id string******** " + testCaseContext.getTestCaseId()): null

2022-04-19 18:31:59 - [TEST_STEP][PASSED] - G_currentTCName = TestCaseId.substring(TestCaseId.lastIndexOf("TC")): null

2022-04-19 18:31:59 - [TEST_STEP][PASSED] - out.println("This is the test case name : " + G_currentTCName): null

2022-04-19 18:31:59 - [TEST_STEP][PASSED] - closeBrowser(): Browser is closed

2022-04-19 18:31:59 - [MESSAGE][PASSED] - Browser is closed

2022-04-19 18:31:59 - [TEST_STEP][PASSED] - ctdc.utilities.runtestcaseforKatalon.RunKatalon("TC13_Bento_Filter_Chemo-TAC.xlsx"): Data loaded from input file for the test case. 

2022-04-19 18:31:59 - [MESSAGE][PASSED] - Test case file loaded This is the full filepath after converting to string :C:\Users\sohilz2\Commons_Automation\InputFiles\TC13_Bento_Filter_Chemo-TAC.xlsx

2022-04-19 18:31:59 - [MESSAGE][INFO] - Global variable set for password file is :  C:\Users\sohilz2\Commons_Automation\InputFiles\TC13_Bento_Filter_Chemo-TAC.xlsx

2022-04-19 18:32:03 - [MESSAGE][PASSED] - Data loaded from input file for the test case. 

2022-04-19 18:32:20 - [TEST_STEP][PASSED] - waitForElementClickable(findTestObject("Object Repository/Bento/NavBar/Bento_Cases-Btn"), 5): Object 'Object Repository/Bento/NavBar/Bento_Cases-Btn' is clickable

2022-04-19 18:32:21 - [MESSAGE][PASSED] - Object 'Object Repository/Bento/NavBar/Bento_Cases-Btn' is clickable

2022-04-19 18:32:21 - [TEST_STEP][PASSED] - ctdc.utilities.runtestcaseforKatalon.clickTab("Object Repository/Bento/NavBar/Bento_Cases-Btn"): ctdc.utilities.runtestcaseforKatalon.clickTab is PASSED

2022-04-19 18:32:21 - [MESSAGE][PASSED] - ctdc.utilities.runtestcaseforKatalon.clickTab is PASSED

2022-04-19 18:32:21 - [TEST_STEP][PASSED] - waitForElementClickable(findTestObject("Bento/Cases_page/Filter/Chemotherapy/Chemotherapy_Ddn"), 5): Object 'Object Repository/Bento/Cases_page/Filter/Chemotherapy/Chemotherapy_Ddn' is clickable

2022-04-19 18:32:22 - [MESSAGE][PASSED] - Object 'Object Repository/Bento/Cases_page/Filter/Chemotherapy/Chemotherapy_Ddn' is clickable

2022-04-19 18:32:22 - [TEST_STEP][PASSED] - ctdc.utilities.runtestcaseforKatalon.clickTab("Bento/Cases_page/Filter/Chemotherapy/Chemotherapy_Ddn"): ctdc.utilities.runtestcaseforKatalon.clickTab is PASSED

2022-04-19 18:32:22 - [MESSAGE][PASSED] - ctdc.utilities.runtestcaseforKatalon.clickTab is PASSED

2022-04-19 18:32:22 - [TEST_STEP][PASSED] - ctdc.utilities.runtestcaseforKatalon.clickTab("Object Repository/Bento/Cases_page/Filter/Chemotherapy/TAC-3WkCycle_Chkbx"): ctdc.utilities.runtestcaseforKatalon.clickTab is PASSED

2022-04-19 18:32:22 - [MESSAGE][PASSED] - ctdc.utilities.runtestcaseforKatalon.clickTab is PASSED

2022-04-19 18:32:22 - [TEST_STEP][PASSED] - ctdc.utilities.runtestcaseforKatalon.clickTab("Object Repository/Bento/Cases_page/Filter/Chemotherapy/Chemotherapy_Ddn"): ctdc.utilities.runtestcaseforKatalon.clickTab is PASSED

2022-04-19 18:32:23 - [MESSAGE][PASSED] - ctdc.utilities.runtestcaseforKatalon.clickTab is PASSED

2022-04-19 18:32:23 - [TEST_STEP][PASSED] - ctdc.utilities.runtestcaseforKatalon.readStatBarBento("Object Repository/Bento/StatBar/Bento_StatBar-Programs", "Object Repository/Bento/StatBar/Bento_StatBar-Arms", "Object Repository/Bento/StatBar/Bento_StatBar-Cases", "Object Repository/Bento/StatBar/Bento_StatBar-Samples", "Object Repository/Bento/StatBar/Bento_StatBar-Assays", "Object Repository/Bento/StatBar/Bento_StatBar-Files"): ctdc.utilities.runtestcaseforKatalon.readStatBarBento is PASSED

2022-04-19 18:32:31 - [MESSAGE][PASSED] - ctdc.utilities.runtestcaseforKatalon.readStatBarBento is PASSED

2022-04-19 18:32:31 - [TEST_STEP][PASSED] - waitForElementPresent(findTestObject("Object Repository/Bento/Cases_page/BentoResults_Cases_Tab"), 5): Object 'Object Repository/Bento/Cases_page/BentoResults_Cases_Tab' is present

2022-04-19 18:32:31 - [MESSAGE][PASSED] - Object 'Object Repository/Bento/Cases_page/BentoResults_Cases_Tab' is present

2022-04-19 18:32:31 - [TEST_STEP][PASSED] - ctdc.utilities.runtestcaseforKatalon.clickTab("Object Repository/Bento/Cases_page/BentoResults_Cases_Tab"): ctdc.utilities.runtestcaseforKatalon.clickTab is PASSED

2022-04-19 18:32:31 - [MESSAGE][PASSED] - ctdc.utilities.runtestcaseforKatalon.clickTab is PASSED

2022-04-19 18:32:31 - [TEST_STEP][PASSED] - ctdc.utilities.runtestcaseforKatalon.multiFunction("Bento", G_StatBar_Cases, "Object Repository/Bento/Cases_page/Bento_CasesTable", "Object Repository/Bento/Cases_page/Bento_CasesTableHeader", "Object Repository/Bento/Cases_page/Bento_CasesTabNextBtn", G_WebTabnameCases, G_CypherTabnameCases, G_QueryCasesTab): Statbar Files count matches

2022-04-19 18:32:49 - [MESSAGE][PASSED] - Statbar Programs count matches

2022-04-19 18:32:49 - [MESSAGE][PASSED] - Statbar Arms count matches

2022-04-19 18:32:49 - [MESSAGE][PASSED] - Statbar Cases count matches

2022-04-19 18:32:49 - [MESSAGE][PASSED] - Statbar Samples count matches

2022-04-19 18:32:49 - [MESSAGE][PASSED] - Statbar Assays count matches

2022-04-19 18:32:49 - [MESSAGE][PASSED] - Statbar Files count matches

2022-04-19 18:32:49 - [TEST_STEP][PASSED] - closeBrowser(): Browser is closed

2022-04-19 18:32:49 - [MESSAGE][PASSED] - Browser is closed]]></system-out>
         <system-err><![CDATA[]]></system-err>
      </testcase>
      <testcase name="Test Cases/Bento_TestCases/Chemotherapy/TC15_Bento_Filter_Chemo-TC" time="349.839" classname="Test Cases/Bento_TestCases/Chemotherapy/TC15_Bento_Filter_Chemo-TC" status="PASSED">
         <system-out><![CDATA[2022-04-19 18:32:49 - [TEST_CASE][PASSED] - Test Cases/Bento_TestCases/Chemotherapy/TC15_Bento_Filter_Chemo-TC: Test Cases/Bento_TestCases/Chemotherapy/TC15_Bento_Filter_Chemo-TC

2022-04-19 18:32:49 - [TEST_STEP][PASSED] - Start listener action : getTestScriptName: null

2022-04-19 18:32:49 - [TEST_STEP][PASSED] - TestCaseId = testCaseContext.getTestCaseId(): null

2022-04-19 18:32:49 - [TEST_STEP][PASSED] - out.println("**********this is the value of test case id string******** " + testCaseContext.getTestCaseId()): null

2022-04-19 18:32:49 - [TEST_STEP][PASSED] - G_currentTCName = TestCaseId.substring(TestCaseId.lastIndexOf("TC")): null

2022-04-19 18:32:49 - [TEST_STEP][PASSED] - out.println("This is the test case name : " + G_currentTCName): null

2022-04-19 18:32:50 - [TEST_STEP][PASSED] - closeBrowser(): Browser is closed

2022-04-19 18:32:50 - [MESSAGE][PASSED] - Browser is closed

2022-04-19 18:32:50 - [TEST_STEP][PASSED] - ctdc.utilities.runtestcaseforKatalon.RunKatalon("TC15_Bento_Filter_Chemo-TC.xlsx"): Data loaded from input file for the test case. 

2022-04-19 18:32:50 - [MESSAGE][PASSED] - Test case file loaded This is the full filepath after converting to string :C:\Users\sohilz2\Commons_Automation\InputFiles\TC15_Bento_Filter_Chemo-TC.xlsx

2022-04-19 18:32:50 - [MESSAGE][INFO] - Global variable set for password file is :  C:\Users\sohilz2\Commons_Automation\InputFiles\TC15_Bento_Filter_Chemo-TC.xlsx

2022-04-19 18:32:54 - [MESSAGE][PASSED] - Data loaded from input file for the test case. 

2022-04-19 18:33:10 - [TEST_STEP][PASSED] - waitForElementClickable(findTestObject("Object Repository/Bento/NavBar/Bento_Cases-Btn"), 5): Object 'Object Repository/Bento/NavBar/Bento_Cases-Btn' is clickable

2022-04-19 18:33:10 - [MESSAGE][PASSED] - Object 'Object Repository/Bento/NavBar/Bento_Cases-Btn' is clickable

2022-04-19 18:33:10 - [TEST_STEP][PASSED] - ctdc.utilities.runtestcaseforKatalon.clickTab("Object Repository/Bento/NavBar/Bento_Cases-Btn"): ctdc.utilities.runtestcaseforKatalon.clickTab is PASSED

2022-04-19 18:33:10 - [MESSAGE][PASSED] - ctdc.utilities.runtestcaseforKatalon.clickTab is PASSED

2022-04-19 18:33:10 - [TEST_STEP][PASSED] - waitForElementClickable(findTestObject("Bento/Cases_page/Filter/Chemotherapy/Chemotherapy_Ddn"), 5): Object 'Object Repository/Bento/Cases_page/Filter/Chemotherapy/Chemotherapy_Ddn' is clickable

2022-04-19 18:33:11 - [MESSAGE][PASSED] - Object 'Object Repository/Bento/Cases_page/Filter/Chemotherapy/Chemotherapy_Ddn' is clickable

2022-04-19 18:33:11 - [TEST_STEP][PASSED] - ctdc.utilities.runtestcaseforKatalon.clickTab("Bento/Cases_page/Filter/Chemotherapy/Chemotherapy_Ddn"): ctdc.utilities.runtestcaseforKatalon.clickTab is PASSED

2022-04-19 18:33:11 - [MESSAGE][PASSED] - ctdc.utilities.runtestcaseforKatalon.clickTab is PASSED

2022-04-19 18:33:11 - [TEST_STEP][PASSED] - ctdc.utilities.runtestcaseforKatalon.clickTab("Object Repository/Bento/Cases_page/Filter/Chemotherapy/TC-3WkCycle_Chkbx"): ctdc.utilities.runtestcaseforKatalon.clickTab is PASSED

2022-04-19 18:33:11 - [MESSAGE][PASSED] - ctdc.utilities.runtestcaseforKatalon.clickTab is PASSED

2022-04-19 18:33:11 - [TEST_STEP][PASSED] - ctdc.utilities.runtestcaseforKatalon.clickTab("Object Repository/Bento/Cases_page/Filter/Chemotherapy/Chemotherapy_Ddn"): ctdc.utilities.runtestcaseforKatalon.clickTab is PASSED

2022-04-19 18:33:11 - [MESSAGE][PASSED] - ctdc.utilities.runtestcaseforKatalon.clickTab is PASSED

2022-04-19 18:33:11 - [TEST_STEP][PASSED] - ctdc.utilities.runtestcaseforKatalon.readStatBarBento("Object Repository/Bento/StatBar/Bento_StatBar-Programs", "Object Repository/Bento/StatBar/Bento_StatBar-Arms", "Object Repository/Bento/StatBar/Bento_StatBar-Cases", "Object Repository/Bento/StatBar/Bento_StatBar-Samples", "Object Repository/Bento/StatBar/Bento_StatBar-Assays", "Object Repository/Bento/StatBar/Bento_StatBar-Files"): ctdc.utilities.runtestcaseforKatalon.readStatBarBento is PASSED

2022-04-19 18:33:20 - [MESSAGE][PASSED] - ctdc.utilities.runtestcaseforKatalon.readStatBarBento is PASSED

2022-04-19 18:33:20 - [TEST_STEP][PASSED] - waitForElementPresent(findTestObject("Object Repository/Bento/Cases_page/BentoResults_Cases_Tab"), 5): Object 'Object Repository/Bento/Cases_page/BentoResults_Cases_Tab' is present

2022-04-19 18:33:20 - [MESSAGE][PASSED] - Object 'Object Repository/Bento/Cases_page/BentoResults_Cases_Tab' is present

2022-04-19 18:33:20 - [TEST_STEP][PASSED] - ctdc.utilities.runtestcaseforKatalon.clickTab("Object Repository/Bento/Cases_page/BentoResults_Cases_Tab"): ctdc.utilities.runtestcaseforKatalon.clickTab is PASSED

2022-04-19 18:33:21 - [MESSAGE][PASSED] - ctdc.utilities.runtestcaseforKatalon.clickTab is PASSED

2022-04-19 18:33:21 - [TEST_STEP][PASSED] - ctdc.utilities.runtestcaseforKatalon.multiFunction("Bento", G_StatBar_Cases, "Object Repository/Bento/Cases_page/Bento_CasesTable", "Object Repository/Bento/Cases_page/Bento_CasesTableHeader", "Object Repository/Bento/Cases_page/Bento_CasesTabNextBtn", G_WebTabnameCases, G_CypherTabnameCases, G_QueryCasesTab): Statbar Files count matches

2022-04-19 18:38:38 - [MESSAGE][PASSED] - Statbar Programs count matches

2022-04-19 18:38:38 - [MESSAGE][PASSED] - Statbar Arms count matches

2022-04-19 18:38:38 - [MESSAGE][PASSED] - Statbar Cases count matches

2022-04-19 18:38:38 - [MESSAGE][PASSED] - Statbar Samples count matches

2022-04-19 18:38:38 - [MESSAGE][PASSED] - Statbar Assays count matches

2022-04-19 18:38:38 - [MESSAGE][PASSED] - Statbar Files count matches

2022-04-19 18:38:38 - [TEST_STEP][PASSED] - closeBrowser(): Browser is closed

2022-04-19 18:38:39 - [MESSAGE][PASSED] - Browser is closed]]></system-out>
         <system-err><![CDATA[]]></system-err>
      </testcase>
      <testcase name="Test Cases/Bento_TestCases/Diagnosis/TC01_Bento_Filter_Diagnosis-Adenocarcinoma" time="153.381" classname="Test Cases/Bento_TestCases/Diagnosis/TC01_Bento_Filter_Diagnosis-Adenocarcinoma" status="PASSED">
         <system-out><![CDATA[2022-04-19 18:38:39 - [TEST_CASE][PASSED] - Test Cases/Bento_TestCases/Diagnosis/TC01_Bento_Filter_Diagnosis-Adenocarcinoma: Test Cases/Bento_TestCases/Diagnosis/TC01_Bento_Filter_Diagnosis-Adenocarcinoma

2022-04-19 18:38:39 - [TEST_STEP][PASSED] - Start listener action : getTestScriptName: null

2022-04-19 18:38:39 - [TEST_STEP][PASSED] - TestCaseId = testCaseContext.getTestCaseId(): null

2022-04-19 18:38:39 - [TEST_STEP][PASSED] - out.println("**********this is the value of test case id string******** " + testCaseContext.getTestCaseId()): null

2022-04-19 18:38:39 - [TEST_STEP][PASSED] - G_currentTCName = TestCaseId.substring(TestCaseId.lastIndexOf("TC")): null

2022-04-19 18:38:39 - [TEST_STEP][PASSED] - out.println("This is the test case name : " + G_currentTCName): null

2022-04-19 18:38:40 - [TEST_STEP][PASSED] - closeBrowser(): Browser is closed

2022-04-19 18:38:40 - [MESSAGE][PASSED] - Browser is closed

2022-04-19 18:38:40 - [TEST_STEP][PASSED] - ctdc.utilities.runtestcaseforKatalon.RunKatalon("TC01_Bento_Filter_Diagnosis-Adenocarcinoma.xlsx"): Data loaded from input file for the test case. 

2022-04-19 18:38:40 - [MESSAGE][PASSED] - Test case file loaded This is the full filepath after converting to string :C:\Users\sohilz2\Commons_Automation\InputFiles\TC01_Bento_Filter_Diagnosis-Adenocarcinoma.xlsx

2022-04-19 18:38:40 - [MESSAGE][INFO] - Global variable set for password file is :  C:\Users\sohilz2\Commons_Automation\InputFiles\TC01_Bento_Filter_Diagnosis-Adenocarcinoma.xlsx

2022-04-19 18:38:44 - [MESSAGE][PASSED] - Data loaded from input file for the test case. 

2022-04-19 18:39:00 - [TEST_STEP][PASSED] - waitForElementClickable(findTestObject("Object Repository/Bento/NavBar/Bento_Cases-Btn"), 5): Object 'Object Repository/Bento/NavBar/Bento_Cases-Btn' is clickable

2022-04-19 18:39:01 - [MESSAGE][PASSED] - Object 'Object Repository/Bento/NavBar/Bento_Cases-Btn' is clickable

2022-04-19 18:39:01 - [TEST_STEP][PASSED] - ctdc.utilities.runtestcaseforKatalon.clickTab("Object Repository/Bento/NavBar/Bento_Cases-Btn"): ctdc.utilities.runtestcaseforKatalon.clickTab is PASSED

2022-04-19 18:39:01 - [MESSAGE][PASSED] - ctdc.utilities.runtestcaseforKatalon.clickTab is PASSED

2022-04-19 18:39:01 - [TEST_STEP][PASSED] - waitForElementClickable(findTestObject("Bento/Cases_page/Filter/Diagnosis/DIAGNOSIS_Ddn"), 5): Object 'Object Repository/Bento/Cases_page/Filter/Diagnosis/DIAGNOSIS_Ddn' is clickable

2022-04-19 18:39:02 - [MESSAGE][PASSED] - Object 'Object Repository/Bento/Cases_page/Filter/Diagnosis/DIAGNOSIS_Ddn' is clickable

2022-04-19 18:39:02 - [TEST_STEP][PASSED] - ctdc.utilities.runtestcaseforKatalon.clickTab("Bento/Cases_page/Filter/Diagnosis/DIAGNOSIS_Ddn"): ctdc.utilities.runtestcaseforKatalon.clickTab is PASSED

2022-04-19 18:39:02 - [MESSAGE][PASSED] - ctdc.utilities.runtestcaseforKatalon.clickTab is PASSED

2022-04-19 18:39:02 - [TEST_STEP][PASSED] - waitForElementClickable(findTestObject("Bento/Cases_page/Filter/Diagnosis/Adenocarcinoma_Chkbx"), 5): Object 'Object Repository/Bento/Cases_page/Filter/Diagnosis/Adenocarcinoma_Chkbx' is clickable

2022-04-19 18:39:02 - [MESSAGE][PASSED] - Object 'Object Repository/Bento/Cases_page/Filter/Diagnosis/Adenocarcinoma_Chkbx' is clickable

2022-04-19 18:39:02 - [TEST_STEP][PASSED] - ctdc.utilities.runtestcaseforKatalon.clickTab("Bento/Cases_page/Filter/Diagnosis/Adenocarcinoma_Chkbx"): ctdc.utilities.runtestcaseforKatalon.clickTab is PASSED

2022-04-19 18:39:02 - [MESSAGE][PASSED] - ctdc.utilities.runtestcaseforKatalon.clickTab is PASSED

2022-04-19 18:39:02 - [TEST_STEP][PASSED] - out.println("after clicking adeno"): null

2022-04-19 18:39:02 - [TEST_STEP][PASSED] - ctdc.utilities.runtestcaseforKatalon.clickTab("Bento/Cases_page/Filter/Diagnosis/DIAGNOSIS_Ddn"): ctdc.utilities.runtestcaseforKatalon.clickTab is PASSED

2022-04-19 18:39:02 - [MESSAGE][PASSED] - ctdc.utilities.runtestcaseforKatalon.clickTab is PASSED

2022-04-19 18:39:02 - [TEST_STEP][PASSED] - ctdc.utilities.runtestcaseforKatalon.readStatBarBento("Object Repository/Bento/StatBar/Bento_StatBar-Programs", "Object Repository/Bento/StatBar/Bento_StatBar-Arms", "Object Repository/Bento/StatBar/Bento_StatBar-Cases", "Object Repository/Bento/StatBar/Bento_StatBar-Samples", "Object Repository/Bento/StatBar/Bento_StatBar-Assays", "Object Repository/Bento/StatBar/Bento_StatBar-Files"): ctdc.utilities.runtestcaseforKatalon.readStatBarBento is PASSED

2022-04-19 18:39:11 - [MESSAGE][PASSED] - ctdc.utilities.runtestcaseforKatalon.readStatBarBento is PASSED

2022-04-19 18:39:11 - [TEST_STEP][PASSED] - waitForElementPresent(findTestObject("Object Repository/Bento/Cases_page/BentoResults_Cases_Tab"), 5): Object 'Object Repository/Bento/Cases_page/BentoResults_Cases_Tab' is present

2022-04-19 18:39:11 - [MESSAGE][PASSED] - Object 'Object Repository/Bento/Cases_page/BentoResults_Cases_Tab' is present

2022-04-19 18:39:11 - [TEST_STEP][PASSED] - ctdc.utilities.runtestcaseforKatalon.clickTab("Object Repository/Bento/Cases_page/BentoResults_Cases_Tab"): ctdc.utilities.runtestcaseforKatalon.clickTab is PASSED

2022-04-19 18:39:11 - [MESSAGE][PASSED] - ctdc.utilities.runtestcaseforKatalon.clickTab is PASSED

2022-04-19 18:39:11 - [TEST_STEP][PASSED] - ctdc.utilities.runtestcaseforKatalon.multiFunction("Bento", G_StatBar_Cases, "Object Repository/Bento/Cases_page/Bento_CasesTable", "Object Repository/Bento/Cases_page/Bento_CasesTableHeader", "Object Repository/Bento/Cases_page/Bento_CasesTabNextBtn", G_WebTabnameCases, G_CypherTabnameCases, G_QueryCasesTab): Statbar Files count matches

2022-04-19 18:41:12 - [MESSAGE][PASSED] - Statbar Programs count matches

2022-04-19 18:41:12 - [MESSAGE][PASSED] - Statbar Arms count matches

2022-04-19 18:41:12 - [MESSAGE][PASSED] - Statbar Cases count matches

2022-04-19 18:41:12 - [MESSAGE][PASSED] - Statbar Samples count matches

2022-04-19 18:41:12 - [MESSAGE][PASSED] - Statbar Assays count matches

2022-04-19 18:41:12 - [MESSAGE][PASSED] - Statbar Files count matches

2022-04-19 18:41:12 - [TEST_STEP][PASSED] - closeBrowser(): Browser is closed

2022-04-19 18:41:12 - [MESSAGE][PASSED] - Browser is closed]]></system-out>
         <system-err><![CDATA[]]></system-err>
      </testcase>
      <testcase name="Test Cases/Bento_TestCases/Diagnosis/TC02_Bento_Filter_Diagnosis-Carcinoma" time="126.691" classname="Test Cases/Bento_TestCases/Diagnosis/TC02_Bento_Filter_Diagnosis-Carcinoma" status="PASSED">
         <system-out><![CDATA[2022-04-19 18:41:12 - [TEST_CASE][PASSED] - Test Cases/Bento_TestCases/Diagnosis/TC02_Bento_Filter_Diagnosis-Carcinoma: Test Cases/Bento_TestCases/Diagnosis/TC02_Bento_Filter_Diagnosis-Carcinoma

2022-04-19 18:41:12 - [TEST_STEP][PASSED] - Start listener action : getTestScriptName: null

2022-04-19 18:41:12 - [TEST_STEP][PASSED] - TestCaseId = testCaseContext.getTestCaseId(): null

2022-04-19 18:41:12 - [TEST_STEP][PASSED] - out.println("**********this is the value of test case id string******** " + testCaseContext.getTestCaseId()): null

2022-04-19 18:41:12 - [TEST_STEP][PASSED] - G_currentTCName = TestCaseId.substring(TestCaseId.lastIndexOf("TC")): null

2022-04-19 18:41:12 - [TEST_STEP][PASSED] - out.println("This is the test case name : " + G_currentTCName): null

2022-04-19 18:41:13 - [TEST_STEP][PASSED] - closeBrowser(): Browser is closed

2022-04-19 18:41:13 - [MESSAGE][PASSED] - Browser is closed

2022-04-19 18:41:13 - [TEST_STEP][PASSED] - ctdc.utilities.runtestcaseforKatalon.RunKatalon("TC02_Bento_Filter_Diagnosis-Carcinoma.xlsx"): Data loaded from input file for the test case. 

2022-04-19 18:41:13 - [MESSAGE][PASSED] - Test case file loaded This is the full filepath after converting to string :C:\Users\sohilz2\Commons_Automation\InputFiles\TC02_Bento_Filter_Diagnosis-Carcinoma.xlsx

2022-04-19 18:41:13 - [MESSAGE][INFO] - Global variable set for password file is :  C:\Users\sohilz2\Commons_Automation\InputFiles\TC02_Bento_Filter_Diagnosis-Carcinoma.xlsx

2022-04-19 18:41:17 - [MESSAGE][PASSED] - Data loaded from input file for the test case. 

2022-04-19 18:41:34 - [TEST_STEP][PASSED] - waitForElementClickable(findTestObject("Object Repository/Bento/NavBar/Bento_Cases-Btn"), 5): Object 'Object Repository/Bento/NavBar/Bento_Cases-Btn' is clickable

2022-04-19 18:41:34 - [MESSAGE][PASSED] - Object 'Object Repository/Bento/NavBar/Bento_Cases-Btn' is clickable

2022-04-19 18:41:34 - [TEST_STEP][PASSED] - ctdc.utilities.runtestcaseforKatalon.clickTab("Object Repository/Bento/NavBar/Bento_Cases-Btn"): ctdc.utilities.runtestcaseforKatalon.clickTab is PASSED

2022-04-19 18:41:34 - [MESSAGE][PASSED] - ctdc.utilities.runtestcaseforKatalon.clickTab is PASSED

2022-04-19 18:41:34 - [TEST_STEP][PASSED] - waitForElementClickable(findTestObject("Bento/Cases_page/Filter/Diagnosis/DIAGNOSIS_Ddn"), 5): Object 'Object Repository/Bento/Cases_page/Filter/Diagnosis/DIAGNOSIS_Ddn' is clickable

2022-04-19 18:41:35 - [MESSAGE][PASSED] - Object 'Object Repository/Bento/Cases_page/Filter/Diagnosis/DIAGNOSIS_Ddn' is clickable

2022-04-19 18:41:35 - [TEST_STEP][PASSED] - ctdc.utilities.runtestcaseforKatalon.clickTab("Bento/Cases_page/Filter/Diagnosis/DIAGNOSIS_Ddn"): ctdc.utilities.runtestcaseforKatalon.clickTab is PASSED

2022-04-19 18:41:35 - [MESSAGE][PASSED] - ctdc.utilities.runtestcaseforKatalon.clickTab is PASSED

2022-04-19 18:41:35 - [TEST_STEP][PASSED] - waitForElementClickable(findTestObject("Bento/Cases_page/Filter/Diagnosis/CarcinomaNOS_Chkbx"), 5): Object 'Object Repository/Bento/Cases_page/Filter/Diagnosis/CarcinomaNOS_Chkbx' is clickable

2022-04-19 18:41:35 - [MESSAGE][PASSED] - Object 'Object Repository/Bento/Cases_page/Filter/Diagnosis/CarcinomaNOS_Chkbx' is clickable

2022-04-19 18:41:35 - [TEST_STEP][PASSED] - ctdc.utilities.runtestcaseforKatalon.clickTab("Bento/Cases_page/Filter/Diagnosis/CarcinomaNOS_Chkbx"): ctdc.utilities.runtestcaseforKatalon.clickTab is PASSED

2022-04-19 18:41:36 - [MESSAGE][PASSED] - ctdc.utilities.runtestcaseforKatalon.clickTab is PASSED

2022-04-19 18:41:36 - [TEST_STEP][PASSED] - ctdc.utilities.runtestcaseforKatalon.clickTab("Bento/Cases_page/Filter/Diagnosis/DIAGNOSIS_Ddn"): ctdc.utilities.runtestcaseforKatalon.clickTab is PASSED

2022-04-19 18:41:36 - [MESSAGE][PASSED] - ctdc.utilities.runtestcaseforKatalon.clickTab is PASSED

2022-04-19 18:41:36 - [TEST_STEP][PASSED] - ctdc.utilities.runtestcaseforKatalon.readStatBarBento("Object Repository/Bento/StatBar/Bento_StatBar-Programs", "Object Repository/Bento/StatBar/Bento_StatBar-Arms", "Object Repository/Bento/StatBar/Bento_StatBar-Cases", "Object Repository/Bento/StatBar/Bento_StatBar-Samples", "Object Repository/Bento/StatBar/Bento_StatBar-Assays", "Object Repository/Bento/StatBar/Bento_StatBar-Files"): ctdc.utilities.runtestcaseforKatalon.readStatBarBento is PASSED

2022-04-19 18:41:45 - [MESSAGE][PASSED] - ctdc.utilities.runtestcaseforKatalon.readStatBarBento is PASSED

2022-04-19 18:41:45 - [TEST_STEP][PASSED] - waitForElementPresent(findTestObject("Object Repository/Bento/Cases_page/BentoResults_Cases_Tab"), 5): Object 'Object Repository/Bento/Cases_page/BentoResults_Cases_Tab' is present

2022-04-19 18:41:45 - [MESSAGE][PASSED] - Object 'Object Repository/Bento/Cases_page/BentoResults_Cases_Tab' is present

2022-04-19 18:41:45 - [TEST_STEP][PASSED] - ctdc.utilities.runtestcaseforKatalon.clickTab("Object Repository/Bento/Cases_page/BentoResults_Cases_Tab"): ctdc.utilities.runtestcaseforKatalon.clickTab is PASSED

2022-04-19 18:41:45 - [MESSAGE][PASSED] - ctdc.utilities.runtestcaseforKatalon.clickTab is PASSED

2022-04-19 18:41:45 - [TEST_STEP][PASSED] - ctdc.utilities.runtestcaseforKatalon.multiFunction("Bento", G_StatBar_Cases, "Object Repository/Bento/Cases_page/Bento_CasesTable", "Object Repository/Bento/Cases_page/Bento_CasesTableHeader", "Object Repository/Bento/Cases_page/Bento_CasesTabNextBtn", G_WebTabnameCases, G_CypherTabnameCases, G_QueryCasesTab): Statbar Files count matches

2022-04-19 18:43:19 - [MESSAGE][PASSED] - Statbar Programs count matches

2022-04-19 18:43:19 - [MESSAGE][PASSED] - Statbar Arms count matches

2022-04-19 18:43:19 - [MESSAGE][PASSED] - Statbar Cases count matches

2022-04-19 18:43:19 - [MESSAGE][PASSED] - Statbar Samples count matches

2022-04-19 18:43:19 - [MESSAGE][PASSED] - Statbar Assays count matches

2022-04-19 18:43:19 - [MESSAGE][PASSED] - Statbar Files count matches

2022-04-19 18:43:19 - [TEST_STEP][PASSED] - closeBrowser(): Browser is closed

2022-04-19 18:43:19 - [MESSAGE][PASSED] - Browser is closed]]></system-out>
         <system-err><![CDATA[]]></system-err>
      </testcase>
      <testcase name="Test Cases/Bento_TestCases/Diagnosis/TC03_Bento_Filter_Diagnosis-Comedocarcinoma" time="161.726" classname="Test Cases/Bento_TestCases/Diagnosis/TC03_Bento_Filter_Diagnosis-Comedocarcinoma" status="PASSED">
         <system-out><![CDATA[2022-04-19 18:43:19 - [TEST_CASE][PASSED] - Test Cases/Bento_TestCases/Diagnosis/TC03_Bento_Filter_Diagnosis-Comedocarcinoma: Test Cases/Bento_TestCases/Diagnosis/TC03_Bento_Filter_Diagnosis-Comedocarcinoma

2022-04-19 18:43:19 - [TEST_STEP][PASSED] - Start listener action : getTestScriptName: null

2022-04-19 18:43:19 - [TEST_STEP][PASSED] - TestCaseId = testCaseContext.getTestCaseId(): null

2022-04-19 18:43:19 - [TEST_STEP][PASSED] - out.println("**********this is the value of test case id string******** " + testCaseContext.getTestCaseId()): null

2022-04-19 18:43:19 - [TEST_STEP][PASSED] - G_currentTCName = TestCaseId.substring(TestCaseId.lastIndexOf("TC")): null

2022-04-19 18:43:19 - [TEST_STEP][PASSED] - out.println("This is the test case name : " + G_currentTCName): null

2022-04-19 18:43:20 - [TEST_STEP][PASSED] - closeBrowser(): Browser is closed

2022-04-19 18:43:20 - [MESSAGE][PASSED] - Browser is closed

2022-04-19 18:43:20 - [TEST_STEP][PASSED] - ctdc.utilities.runtestcaseforKatalon.RunKatalon("TC03_Bento_Filter_Diagnosis-Comedocarcinoma.xlsx"): Data loaded from input file for the test case. 

2022-04-19 18:43:20 - [MESSAGE][PASSED] - Test case file loaded This is the full filepath after converting to string :C:\Users\sohilz2\Commons_Automation\InputFiles\TC03_Bento_Filter_Diagnosis-Comedocarcinoma.xlsx

2022-04-19 18:43:20 - [MESSAGE][INFO] - Global variable set for password file is :  C:\Users\sohilz2\Commons_Automation\InputFiles\TC03_Bento_Filter_Diagnosis-Comedocarcinoma.xlsx

2022-04-19 18:43:24 - [MESSAGE][PASSED] - Data loaded from input file for the test case. 

2022-04-19 18:43:39 - [TEST_STEP][PASSED] - waitForElementClickable(findTestObject("Object Repository/Bento/NavBar/Bento_Cases-Btn"), 5): Object 'Object Repository/Bento/NavBar/Bento_Cases-Btn' is clickable

2022-04-19 18:43:39 - [MESSAGE][PASSED] - Object 'Object Repository/Bento/NavBar/Bento_Cases-Btn' is clickable

2022-04-19 18:43:39 - [TEST_STEP][PASSED] - ctdc.utilities.runtestcaseforKatalon.clickTab("Object Repository/Bento/NavBar/Bento_Cases-Btn"): ctdc.utilities.runtestcaseforKatalon.clickTab is PASSED

2022-04-19 18:43:39 - [MESSAGE][PASSED] - ctdc.utilities.runtestcaseforKatalon.clickTab is PASSED

2022-04-19 18:43:39 - [TEST_STEP][PASSED] - waitForElementClickable(findTestObject("Bento/Cases_page/Filter/Diagnosis/DIAGNOSIS_Ddn"), 5): Object 'Object Repository/Bento/Cases_page/Filter/Diagnosis/DIAGNOSIS_Ddn' is clickable

2022-04-19 18:43:40 - [MESSAGE][PASSED] - Object 'Object Repository/Bento/Cases_page/Filter/Diagnosis/DIAGNOSIS_Ddn' is clickable

2022-04-19 18:43:40 - [TEST_STEP][PASSED] - ctdc.utilities.runtestcaseforKatalon.clickTab("Bento/Cases_page/Filter/Diagnosis/DIAGNOSIS_Ddn"): ctdc.utilities.runtestcaseforKatalon.clickTab is PASSED

2022-04-19 18:43:40 - [MESSAGE][PASSED] - ctdc.utilities.runtestcaseforKatalon.clickTab is PASSED

2022-04-19 18:43:40 - [TEST_STEP][PASSED] - waitForElementClickable(findTestObject("Bento/Cases_page/Filter/Diagnosis/Comedocarcinoma_Chkbx"), 5): Object 'Object Repository/Bento/Cases_page/Filter/Diagnosis/Comedocarcinoma_Chkbx' is clickable

2022-04-19 18:43:40 - [MESSAGE][PASSED] - Object 'Object Repository/Bento/Cases_page/Filter/Diagnosis/Comedocarcinoma_Chkbx' is clickable

2022-04-19 18:43:40 - [TEST_STEP][PASSED] - ctdc.utilities.runtestcaseforKatalon.clickTab("Bento/Cases_page/Filter/Diagnosis/Comedocarcinoma_Chkbx"): ctdc.utilities.runtestcaseforKatalon.clickTab is PASSED

2022-04-19 18:43:40 - [MESSAGE][PASSED] - ctdc.utilities.runtestcaseforKatalon.clickTab is PASSED

2022-04-19 18:43:40 - [TEST_STEP][PASSED] - ctdc.utilities.runtestcaseforKatalon.clickTab("Bento/Cases_page/Filter/Diagnosis/DIAGNOSIS_Ddn"): ctdc.utilities.runtestcaseforKatalon.clickTab is PASSED

2022-04-19 18:43:41 - [MESSAGE][PASSED] - ctdc.utilities.runtestcaseforKatalon.clickTab is PASSED

2022-04-19 18:43:41 - [TEST_STEP][PASSED] - ctdc.utilities.runtestcaseforKatalon.readStatBarBento("Object Repository/Bento/StatBar/Bento_StatBar-Programs", "Object Repository/Bento/StatBar/Bento_StatBar-Arms", "Object Repository/Bento/StatBar/Bento_StatBar-Cases", "Object Repository/Bento/StatBar/Bento_StatBar-Samples", "Object Repository/Bento/StatBar/Bento_StatBar-Assays", "Object Repository/Bento/StatBar/Bento_StatBar-Files"): ctdc.utilities.runtestcaseforKatalon.readStatBarBento is PASSED

2022-04-19 18:43:49 - [MESSAGE][PASSED] - ctdc.utilities.runtestcaseforKatalon.readStatBarBento is PASSED

2022-04-19 18:43:49 - [TEST_STEP][PASSED] - waitForElementPresent(findTestObject("Object Repository/Bento/Cases_page/BentoResults_Cases_Tab"), 5): Object 'Object Repository/Bento/Cases_page/BentoResults_Cases_Tab' is present

2022-04-19 18:43:49 - [MESSAGE][PASSED] - Object 'Object Repository/Bento/Cases_page/BentoResults_Cases_Tab' is present

2022-04-19 18:43:49 - [TEST_STEP][PASSED] - ctdc.utilities.runtestcaseforKatalon.clickTab("Object Repository/Bento/Cases_page/BentoResults_Cases_Tab"): ctdc.utilities.runtestcaseforKatalon.clickTab is PASSED

2022-04-19 18:43:50 - [MESSAGE][PASSED] - ctdc.utilities.runtestcaseforKatalon.clickTab is PASSED

2022-04-19 18:43:50 - [TEST_STEP][PASSED] - ctdc.utilities.runtestcaseforKatalon.multiFunction("Bento", G_StatBar_Cases, "Object Repository/Bento/Cases_page/Bento_CasesTable", "Object Repository/Bento/Cases_page/Bento_CasesTableHeader", "Object Repository/Bento/Cases_page/Bento_CasesTabNextBtn", G_WebTabnameCases, G_CypherTabnameCases, G_QueryCasesTab): Statbar Files count matches

2022-04-19 18:46:00 - [MESSAGE][PASSED] - Statbar Programs count matches

2022-04-19 18:46:00 - [MESSAGE][PASSED] - Statbar Arms count matches

2022-04-19 18:46:00 - [MESSAGE][PASSED] - Statbar Cases count matches

2022-04-19 18:46:00 - [MESSAGE][PASSED] - Statbar Samples count matches

2022-04-19 18:46:00 - [MESSAGE][PASSED] - Statbar Assays count matches

2022-04-19 18:46:00 - [MESSAGE][PASSED] - Statbar Files count matches

2022-04-19 18:46:00 - [TEST_STEP][PASSED] - closeBrowser(): Browser is closed

2022-04-19 18:46:01 - [MESSAGE][PASSED] - Browser is closed]]></system-out>
         <system-err><![CDATA[]]></system-err>
      </testcase>
      <testcase name="Test Cases/Bento_TestCases/Diagnosis/TC04_Bento_Filter_Diagnosis-InfilDuctLobularCarcinoma" time="164.372" classname="Test Cases/Bento_TestCases/Diagnosis/TC04_Bento_Filter_Diagnosis-InfilDuctLobularCarcinoma" status="PASSED">
         <system-out><![CDATA[2022-04-19 18:46:01 - [TEST_CASE][PASSED] - Test Cases/Bento_TestCases/Diagnosis/TC04_Bento_Filter_Diagnosis-InfilDuctLobularCarcinoma: Test Cases/Bento_TestCases/Diagnosis/TC04_Bento_Filter_Diagnosis-InfilDuctLobularCarcinoma

2022-04-19 18:46:01 - [TEST_STEP][PASSED] - Start listener action : getTestScriptName: null

2022-04-19 18:46:01 - [TEST_STEP][PASSED] - TestCaseId = testCaseContext.getTestCaseId(): null

2022-04-19 18:46:01 - [TEST_STEP][PASSED] - out.println("**********this is the value of test case id string******** " + testCaseContext.getTestCaseId()): null

2022-04-19 18:46:01 - [TEST_STEP][PASSED] - G_currentTCName = TestCaseId.substring(TestCaseId.lastIndexOf("TC")): null

2022-04-19 18:46:01 - [TEST_STEP][PASSED] - out.println("This is the test case name : " + G_currentTCName): null

2022-04-19 18:46:01 - [TEST_STEP][PASSED] - closeBrowser(): Browser is closed

2022-04-19 18:46:01 - [MESSAGE][PASSED] - Browser is closed

2022-04-19 18:46:01 - [TEST_STEP][PASSED] - ctdc.utilities.runtestcaseforKatalon.RunKatalon("TC04_Bento_Filter_Diagnosis-InfilDuctLobularCarcinoma.xlsx"): Data loaded from input file for the test case. 

2022-04-19 18:46:01 - [MESSAGE][PASSED] - Test case file loaded This is the full filepath after converting to string :C:\Users\sohilz2\Commons_Automation\InputFiles\TC04_Bento_Filter_Diagnosis-InfilDuctLobularCarcinoma.xlsx

2022-04-19 18:46:01 - [MESSAGE][INFO] - Global variable set for password file is :  C:\Users\sohilz2\Commons_Automation\InputFiles\TC04_Bento_Filter_Diagnosis-InfilDuctLobularCarcinoma.xlsx

2022-04-19 18:46:06 - [MESSAGE][PASSED] - Data loaded from input file for the test case. 

2022-04-19 18:46:22 - [TEST_STEP][PASSED] - waitForElementClickable(findTestObject("Object Repository/Bento/NavBar/Bento_Cases-Btn"), 5): Object 'Object Repository/Bento/NavBar/Bento_Cases-Btn' is clickable

2022-04-19 18:46:22 - [MESSAGE][PASSED] - Object 'Object Repository/Bento/NavBar/Bento_Cases-Btn' is clickable

2022-04-19 18:46:22 - [TEST_STEP][PASSED] - ctdc.utilities.runtestcaseforKatalon.clickTab("Object Repository/Bento/NavBar/Bento_Cases-Btn"): ctdc.utilities.runtestcaseforKatalon.clickTab is PASSED

2022-04-19 18:46:22 - [MESSAGE][PASSED] - ctdc.utilities.runtestcaseforKatalon.clickTab is PASSED

2022-04-19 18:46:22 - [TEST_STEP][PASSED] - waitForElementClickable(findTestObject("Bento/Cases_page/Filter/Diagnosis/DIAGNOSIS_Ddn"), 5): Object 'Object Repository/Bento/Cases_page/Filter/Diagnosis/DIAGNOSIS_Ddn' is clickable

2022-04-19 18:46:23 - [MESSAGE][PASSED] - Object 'Object Repository/Bento/Cases_page/Filter/Diagnosis/DIAGNOSIS_Ddn' is clickable

2022-04-19 18:46:23 - [TEST_STEP][PASSED] - ctdc.utilities.runtestcaseforKatalon.clickTab("Bento/Cases_page/Filter/Diagnosis/DIAGNOSIS_Ddn"): ctdc.utilities.runtestcaseforKatalon.clickTab is PASSED

2022-04-19 18:46:23 - [MESSAGE][PASSED] - ctdc.utilities.runtestcaseforKatalon.clickTab is PASSED

2022-04-19 18:46:23 - [TEST_STEP][PASSED] - waitForElementClickable(findTestObject("Bento/Cases_page/Filter/Diagnosis/InfiltrDuctalLobularCarcinoma_Chkbx"), 5): Object 'Object Repository/Bento/Cases_page/Filter/Diagnosis/InfiltrDuctalLobularCarcinoma_Chkbx' is clickable

2022-04-19 18:46:23 - [MESSAGE][PASSED] - Object 'Object Repository/Bento/Cases_page/Filter/Diagnosis/InfiltrDuctalLobularCarcinoma_Chkbx' is clickable

2022-04-19 18:46:23 - [TEST_STEP][PASSED] - ctdc.utilities.runtestcaseforKatalon.clickTab("Bento/Cases_page/Filter/Diagnosis/InfiltrDuctalLobularCarcinoma_Chkbx"): ctdc.utilities.runtestcaseforKatalon.clickTab is PASSED

2022-04-19 18:46:24 - [MESSAGE][PASSED] - ctdc.utilities.runtestcaseforKatalon.clickTab is PASSED

2022-04-19 18:46:24 - [TEST_STEP][PASSED] - ctdc.utilities.runtestcaseforKatalon.clickTab("Bento/Cases_page/Filter/Diagnosis/DIAGNOSIS_Ddn"): ctdc.utilities.runtestcaseforKatalon.clickTab is PASSED

2022-04-19 18:46:24 - [MESSAGE][PASSED] - ctdc.utilities.runtestcaseforKatalon.clickTab is PASSED

2022-04-19 18:46:24 - [TEST_STEP][PASSED] - ctdc.utilities.runtestcaseforKatalon.readStatBarBento("Object Repository/Bento/StatBar/Bento_StatBar-Programs", "Object Repository/Bento/StatBar/Bento_StatBar-Arms", "Object Repository/Bento/StatBar/Bento_StatBar-Cases", "Object Repository/Bento/StatBar/Bento_StatBar-Samples", "Object Repository/Bento/StatBar/Bento_StatBar-Assays", "Object Repository/Bento/StatBar/Bento_StatBar-Files"): ctdc.utilities.runtestcaseforKatalon.readStatBarBento is PASSED

2022-04-19 18:46:33 - [MESSAGE][PASSED] - ctdc.utilities.runtestcaseforKatalon.readStatBarBento is PASSED

2022-04-19 18:46:33 - [TEST_STEP][PASSED] - waitForElementPresent(findTestObject("Object Repository/Bento/Cases_page/BentoResults_Cases_Tab"), 5): Object 'Object Repository/Bento/Cases_page/BentoResults_Cases_Tab' is present

2022-04-19 18:46:33 - [MESSAGE][PASSED] - Object 'Object Repository/Bento/Cases_page/BentoResults_Cases_Tab' is present

2022-04-19 18:46:33 - [TEST_STEP][PASSED] - ctdc.utilities.runtestcaseforKatalon.clickTab("Object Repository/Bento/Cases_page/BentoResults_Cases_Tab"): ctdc.utilities.runtestcaseforKatalon.clickTab is PASSED

2022-04-19 18:46:33 - [MESSAGE][PASSED] - ctdc.utilities.runtestcaseforKatalon.clickTab is PASSED

2022-04-19 18:46:33 - [TEST_STEP][PASSED] - ctdc.utilities.runtestcaseforKatalon.multiFunction("Bento", G_StatBar_Cases, "Object Repository/Bento/Cases_page/Bento_CasesTable", "Object Repository/Bento/Cases_page/Bento_CasesTableHeader", "Object Repository/Bento/Cases_page/Bento_CasesTabNextBtn", G_WebTabnameCases, G_CypherTabnameCases, G_QueryCasesTab): Statbar Files count matches

2022-04-19 18:48:45 - [MESSAGE][PASSED] - Statbar Programs count matches

2022-04-19 18:48:45 - [MESSAGE][PASSED] - Statbar Arms count matches

2022-04-19 18:48:45 - [MESSAGE][PASSED] - Statbar Cases count matches

2022-04-19 18:48:45 - [MESSAGE][PASSED] - Statbar Samples count matches

2022-04-19 18:48:45 - [MESSAGE][PASSED] - Statbar Assays count matches

2022-04-19 18:48:45 - [MESSAGE][PASSED] - Statbar Files count matches

2022-04-19 18:48:45 - [TEST_STEP][PASSED] - closeBrowser(): Browser is closed

2022-04-19 18:48:45 - [MESSAGE][PASSED] - Browser is closed]]></system-out>
         <system-err><![CDATA[]]></system-err>
      </testcase>
      <testcase name="Test Cases/Bento_TestCases/Diagnosis/TC06_Bento_Filter_Diagnosis-InfilLobularCarcinoma" time="179.071" classname="Test Cases/Bento_TestCases/Diagnosis/TC06_Bento_Filter_Diagnosis-InfilLobularCarcinoma" status="PASSED">
         <system-out><![CDATA[2022-04-19 18:48:45 - [TEST_CASE][PASSED] - Test Cases/Bento_TestCases/Diagnosis/TC06_Bento_Filter_Diagnosis-InfilLobularCarcinoma: Test Cases/Bento_TestCases/Diagnosis/TC06_Bento_Filter_Diagnosis-InfilLobularCarcinoma

2022-04-19 18:48:45 - [TEST_STEP][PASSED] - Start listener action : getTestScriptName: null

2022-04-19 18:48:45 - [TEST_STEP][PASSED] - TestCaseId = testCaseContext.getTestCaseId(): null

2022-04-19 18:48:45 - [TEST_STEP][PASSED] - out.println("**********this is the value of test case id string******** " + testCaseContext.getTestCaseId()): null

2022-04-19 18:48:45 - [TEST_STEP][PASSED] - G_currentTCName = TestCaseId.substring(TestCaseId.lastIndexOf("TC")): null

2022-04-19 18:48:45 - [TEST_STEP][PASSED] - out.println("This is the test case name : " + G_currentTCName): null

2022-04-19 18:48:46 - [TEST_STEP][PASSED] - closeBrowser(): Browser is closed

2022-04-19 18:48:46 - [MESSAGE][PASSED] - Browser is closed

2022-04-19 18:48:46 - [TEST_STEP][PASSED] - ctdc.utilities.runtestcaseforKatalon.RunKatalon("TC06_Bento_Filter_Diagnosis-InfilLobularCarcinoma.xlsx"): Data loaded from input file for the test case. 

2022-04-19 18:48:46 - [MESSAGE][PASSED] - Test case file loaded This is the full filepath after converting to string :C:\Users\sohilz2\Commons_Automation\InputFiles\TC06_Bento_Filter_Diagnosis-InfilLobularCarcinoma.xlsx

2022-04-19 18:48:46 - [MESSAGE][INFO] - Global variable set for password file is :  C:\Users\sohilz2\Commons_Automation\InputFiles\TC06_Bento_Filter_Diagnosis-InfilLobularCarcinoma.xlsx

2022-04-19 18:48:50 - [MESSAGE][PASSED] - Data loaded from input file for the test case. 

2022-04-19 18:49:06 - [TEST_STEP][PASSED] - waitForElementClickable(findTestObject("Object Repository/Bento/NavBar/Bento_Cases-Btn"), 5): Object 'Object Repository/Bento/NavBar/Bento_Cases-Btn' is clickable

2022-04-19 18:49:07 - [MESSAGE][PASSED] - Object 'Object Repository/Bento/NavBar/Bento_Cases-Btn' is clickable

2022-04-19 18:49:07 - [TEST_STEP][PASSED] - ctdc.utilities.runtestcaseforKatalon.clickTab("Object Repository/Bento/NavBar/Bento_Cases-Btn"): ctdc.utilities.runtestcaseforKatalon.clickTab is PASSED

2022-04-19 18:49:07 - [MESSAGE][PASSED] - ctdc.utilities.runtestcaseforKatalon.clickTab is PASSED

2022-04-19 18:49:07 - [TEST_STEP][PASSED] - waitForElementClickable(findTestObject("Bento/Cases_page/Filter/Diagnosis/DIAGNOSIS_Ddn"), 5): Object 'Object Repository/Bento/Cases_page/Filter/Diagnosis/DIAGNOSIS_Ddn' is clickable

2022-04-19 18:49:07 - [MESSAGE][PASSED] - Object 'Object Repository/Bento/Cases_page/Filter/Diagnosis/DIAGNOSIS_Ddn' is clickable

2022-04-19 18:49:07 - [TEST_STEP][PASSED] - ctdc.utilities.runtestcaseforKatalon.clickTab("Bento/Cases_page/Filter/Diagnosis/DIAGNOSIS_Ddn"): ctdc.utilities.runtestcaseforKatalon.clickTab is PASSED

2022-04-19 18:49:08 - [MESSAGE][PASSED] - ctdc.utilities.runtestcaseforKatalon.clickTab is PASSED

2022-04-19 18:49:08 - [TEST_STEP][PASSED] - waitForElementClickable(findTestObject("Bento/Cases_page/Filter/Diagnosis/InfiltrLobuCarcinoma_Chkbx"), 5): Object 'Object Repository/Bento/Cases_page/Filter/Diagnosis/InfiltrLobuCarcinoma_Chkbx' is clickable

2022-04-19 18:49:08 - [MESSAGE][PASSED] - Object 'Object Repository/Bento/Cases_page/Filter/Diagnosis/InfiltrLobuCarcinoma_Chkbx' is clickable

2022-04-19 18:49:08 - [TEST_STEP][PASSED] - ctdc.utilities.runtestcaseforKatalon.clickTab("Bento/Cases_page/Filter/Diagnosis/InfiltrLobuCarcinoma_Chkbx"): ctdc.utilities.runtestcaseforKatalon.clickTab is PASSED

2022-04-19 18:49:08 - [MESSAGE][PASSED] - ctdc.utilities.runtestcaseforKatalon.clickTab is PASSED

2022-04-19 18:49:08 - [TEST_STEP][PASSED] - ctdc.utilities.runtestcaseforKatalon.clickTab("Bento/Cases_page/Filter/Diagnosis/DIAGNOSIS_Ddn"): ctdc.utilities.runtestcaseforKatalon.clickTab is PASSED

2022-04-19 18:49:08 - [MESSAGE][PASSED] - ctdc.utilities.runtestcaseforKatalon.clickTab is PASSED

2022-04-19 18:49:08 - [TEST_STEP][PASSED] - ctdc.utilities.runtestcaseforKatalon.readStatBarBento("Object Repository/Bento/StatBar/Bento_StatBar-Programs", "Object Repository/Bento/StatBar/Bento_StatBar-Arms", "Object Repository/Bento/StatBar/Bento_StatBar-Cases", "Object Repository/Bento/StatBar/Bento_StatBar-Samples", "Object Repository/Bento/StatBar/Bento_StatBar-Assays", "Object Repository/Bento/StatBar/Bento_StatBar-Files"): ctdc.utilities.runtestcaseforKatalon.readStatBarBento is PASSED

2022-04-19 18:49:17 - [MESSAGE][PASSED] - ctdc.utilities.runtestcaseforKatalon.readStatBarBento is PASSED

2022-04-19 18:49:17 - [TEST_STEP][PASSED] - waitForElementPresent(findTestObject("Object Repository/Bento/Cases_page/BentoResults_Cases_Tab"), 5): Object 'Object Repository/Bento/Cases_page/BentoResults_Cases_Tab' is present

2022-04-19 18:49:17 - [MESSAGE][PASSED] - Object 'Object Repository/Bento/Cases_page/BentoResults_Cases_Tab' is present

2022-04-19 18:49:17 - [TEST_STEP][PASSED] - ctdc.utilities.runtestcaseforKatalon.clickTab("Object Repository/Bento/Cases_page/BentoResults_Cases_Tab"): ctdc.utilities.runtestcaseforKatalon.clickTab is PASSED

2022-04-19 18:49:17 - [MESSAGE][PASSED] - ctdc.utilities.runtestcaseforKatalon.clickTab is PASSED

2022-04-19 18:49:17 - [TEST_STEP][PASSED] - ctdc.utilities.runtestcaseforKatalon.multiFunction("Bento", G_StatBar_Cases, "Object Repository/Bento/Cases_page/Bento_CasesTable", "Object Repository/Bento/Cases_page/Bento_CasesTableHeader", "Object Repository/Bento/Cases_page/Bento_CasesTabNextBtn", G_WebTabnameCases, G_CypherTabnameCases, G_QueryCasesTab): Statbar Files count matches

2022-04-19 18:51:30 - [MESSAGE][PASSED] - Statbar Programs count matches

2022-04-19 18:51:30 - [MESSAGE][PASSED] - Statbar Arms count matches

2022-04-19 18:51:30 - [MESSAGE][PASSED] - Statbar Cases count matches

2022-04-19 18:51:30 - [MESSAGE][PASSED] - Statbar Samples count matches

2022-04-19 18:51:30 - [MESSAGE][PASSED] - Statbar Assays count matches

2022-04-19 18:51:30 - [MESSAGE][PASSED] - Statbar Files count matches

2022-04-19 18:51:30 - [TEST_STEP][PASSED] - ctdc.utilities.runtestcaseforKatalon.readStatBarBento("Object Repository/Bento/StatBar/Bento_StatBar-Programs", "Object Repository/Bento/StatBar/Bento_StatBar-Arms", "Object Repository/Bento/StatBar/Bento_StatBar-Cases", "Object Repository/Bento/StatBar/Bento_StatBar-Samples", "Object Repository/Bento/StatBar/Bento_StatBar-Assays", "Object Repository/Bento/StatBar/Bento_StatBar-Files"): ctdc.utilities.runtestcaseforKatalon.readStatBarBento is PASSED

2022-04-19 18:51:38 - [MESSAGE][PASSED] - ctdc.utilities.runtestcaseforKatalon.readStatBarBento is PASSED

2022-04-19 18:51:38 - [TEST_STEP][PASSED] - ctdc.utilities.ReadExcel.Neo4j(G_CypherTabnameCases, G_QueryCasesTab): ctdc.utilities.ReadExcel.Neo4j is PASSED

2022-04-19 18:51:44 - [MESSAGE][PASSED] - ctdc.utilities.ReadExcel.Neo4j is PASSED

2022-04-19 18:51:44 - [TEST_STEP][PASSED] - ctdc.utilities.runtestcaseforKatalon.validateStatBar("Bento"): Statbar Files count matches

2022-04-19 18:51:44 - [MESSAGE][PASSED] - Statbar Programs count matches

2022-04-19 18:51:44 - [MESSAGE][PASSED] - Statbar Arms count matches

2022-04-19 18:51:44 - [MESSAGE][PASSED] - Statbar Cases count matches

2022-04-19 18:51:44 - [MESSAGE][PASSED] - Statbar Samples count matches

2022-04-19 18:51:44 - [MESSAGE][PASSED] - Statbar Assays count matches

2022-04-19 18:51:44 - [MESSAGE][PASSED] - Statbar Files count matches

2022-04-19 18:51:44 - [TEST_STEP][PASSED] - closeBrowser(): Browser is closed

2022-04-19 18:51:44 - [MESSAGE][PASSED] - Browser is closed]]></system-out>
         <system-err><![CDATA[]]></system-err>
      </testcase>
      <testcase name="Test Cases/Bento_TestCases/Diagnosis/TC07_Bento_Filter_Diagnosis-MedullaryCarcinoma" time="177.903" classname="Test Cases/Bento_TestCases/Diagnosis/TC07_Bento_Filter_Diagnosis-MedullaryCarcinoma" status="PASSED">
         <system-out><![CDATA[2022-04-19 18:51:44 - [TEST_CASE][PASSED] - Test Cases/Bento_TestCases/Diagnosis/TC07_Bento_Filter_Diagnosis-MedullaryCarcinoma: Test Cases/Bento_TestCases/Diagnosis/TC07_Bento_Filter_Diagnosis-MedullaryCarcinoma

2022-04-19 18:51:44 - [TEST_STEP][PASSED] - Start listener action : getTestScriptName: null

2022-04-19 18:51:44 - [TEST_STEP][PASSED] - TestCaseId = testCaseContext.getTestCaseId(): null

2022-04-19 18:51:44 - [TEST_STEP][PASSED] - out.println("**********this is the value of test case id string******** " + testCaseContext.getTestCaseId()): null

2022-04-19 18:51:44 - [TEST_STEP][PASSED] - G_currentTCName = TestCaseId.substring(TestCaseId.lastIndexOf("TC")): null

2022-04-19 18:51:44 - [TEST_STEP][PASSED] - out.println("This is the test case name : " + G_currentTCName): null

2022-04-19 18:51:45 - [TEST_STEP][PASSED] - closeBrowser(): Browser is closed

2022-04-19 18:51:45 - [MESSAGE][PASSED] - Browser is closed

2022-04-19 18:51:45 - [TEST_STEP][PASSED] - ctdc.utilities.runtestcaseforKatalon.RunKatalon("TC07_Bento_Filter_Diagnosis-MedullaryCarcinoma.xlsx"): Data loaded from input file for the test case. 

2022-04-19 18:51:45 - [MESSAGE][PASSED] - Test case file loaded This is the full filepath after converting to string :C:\Users\sohilz2\Commons_Automation\InputFiles\TC07_Bento_Filter_Diagnosis-MedullaryCarcinoma.xlsx

2022-04-19 18:51:45 - [MESSAGE][INFO] - Global variable set for password file is :  C:\Users\sohilz2\Commons_Automation\InputFiles\TC07_Bento_Filter_Diagnosis-MedullaryCarcinoma.xlsx

2022-04-19 18:51:49 - [MESSAGE][PASSED] - Data loaded from input file for the test case. 

2022-04-19 18:52:06 - [TEST_STEP][PASSED] - waitForElementClickable(findTestObject("Object Repository/Bento/NavBar/Bento_Cases-Btn"), 5): Object 'Object Repository/Bento/NavBar/Bento_Cases-Btn' is clickable

2022-04-19 18:52:06 - [MESSAGE][PASSED] - Object 'Object Repository/Bento/NavBar/Bento_Cases-Btn' is clickable

2022-04-19 18:52:06 - [TEST_STEP][PASSED] - ctdc.utilities.runtestcaseforKatalon.clickTab("Object Repository/Bento/NavBar/Bento_Cases-Btn"): ctdc.utilities.runtestcaseforKatalon.clickTab is PASSED

2022-04-19 18:52:06 - [MESSAGE][PASSED] - ctdc.utilities.runtestcaseforKatalon.clickTab is PASSED

2022-04-19 18:52:06 - [TEST_STEP][PASSED] - waitForElementClickable(findTestObject("Bento/Cases_page/Filter/Diagnosis/DIAGNOSIS_Ddn"), 5): Object 'Object Repository/Bento/Cases_page/Filter/Diagnosis/DIAGNOSIS_Ddn' is clickable

2022-04-19 18:52:07 - [MESSAGE][PASSED] - Object 'Object Repository/Bento/Cases_page/Filter/Diagnosis/DIAGNOSIS_Ddn' is clickable

2022-04-19 18:52:07 - [TEST_STEP][PASSED] - ctdc.utilities.runtestcaseforKatalon.clickTab("Bento/Cases_page/Filter/Diagnosis/DIAGNOSIS_Ddn"): ctdc.utilities.runtestcaseforKatalon.clickTab is PASSED

2022-04-19 18:52:07 - [MESSAGE][PASSED] - ctdc.utilities.runtestcaseforKatalon.clickTab is PASSED

2022-04-19 18:52:07 - [TEST_STEP][PASSED] - waitForElementClickable(findTestObject("Bento/Cases_page/Filter/Diagnosis/MedullaryCarcinoma_Chkbx"), 5): Object 'Object Repository/Bento/Cases_page/Filter/Diagnosis/MedullaryCarcinoma_Chkbx' is clickable

2022-04-19 18:52:07 - [MESSAGE][PASSED] - Object 'Object Repository/Bento/Cases_page/Filter/Diagnosis/MedullaryCarcinoma_Chkbx' is clickable

2022-04-19 18:52:07 - [TEST_STEP][PASSED] - ctdc.utilities.runtestcaseforKatalon.clickTab("Bento/Cases_page/Filter/Diagnosis/MedullaryCarcinoma_Chkbx"): ctdc.utilities.runtestcaseforKatalon.clickTab is PASSED

2022-04-19 18:52:08 - [MESSAGE][PASSED] - ctdc.utilities.runtestcaseforKatalon.clickTab is PASSED

2022-04-19 18:52:08 - [TEST_STEP][PASSED] - ctdc.utilities.runtestcaseforKatalon.clickTab("Bento/Cases_page/Filter/Diagnosis/DIAGNOSIS_Ddn"): ctdc.utilities.runtestcaseforKatalon.clickTab is PASSED

2022-04-19 18:52:08 - [MESSAGE][PASSED] - ctdc.utilities.runtestcaseforKatalon.clickTab is PASSED

2022-04-19 18:52:08 - [TEST_STEP][PASSED] - ctdc.utilities.runtestcaseforKatalon.readStatBarBento("Object Repository/Bento/StatBar/Bento_StatBar-Programs", "Object Repository/Bento/StatBar/Bento_StatBar-Arms", "Object Repository/Bento/StatBar/Bento_StatBar-Cases", "Object Repository/Bento/StatBar/Bento_StatBar-Samples", "Object Repository/Bento/StatBar/Bento_StatBar-Assays", "Object Repository/Bento/StatBar/Bento_StatBar-Files"): ctdc.utilities.runtestcaseforKatalon.readStatBarBento is PASSED

2022-04-19 18:52:17 - [MESSAGE][PASSED] - ctdc.utilities.runtestcaseforKatalon.readStatBarBento is PASSED

2022-04-19 18:52:17 - [TEST_STEP][PASSED] - waitForElementPresent(findTestObject("Object Repository/Bento/Cases_page/BentoResults_Cases_Tab"), 5): Object 'Object Repository/Bento/Cases_page/BentoResults_Cases_Tab' is present

2022-04-19 18:52:17 - [MESSAGE][PASSED] - Object 'Object Repository/Bento/Cases_page/BentoResults_Cases_Tab' is present

2022-04-19 18:52:17 - [TEST_STEP][PASSED] - ctdc.utilities.runtestcaseforKatalon.clickTab("Object Repository/Bento/Cases_page/BentoResults_Cases_Tab"): ctdc.utilities.runtestcaseforKatalon.clickTab is PASSED

2022-04-19 18:52:17 - [MESSAGE][PASSED] - ctdc.utilities.runtestcaseforKatalon.clickTab is PASSED

2022-04-19 18:52:17 - [TEST_STEP][PASSED] - ctdc.utilities.runtestcaseforKatalon.multiFunction("Bento", G_StatBar_Cases, "Object Repository/Bento/Cases_page/Bento_CasesTable", "Object Repository/Bento/Cases_page/Bento_CasesTableHeader", "Object Repository/Bento/Cases_page/Bento_CasesTabNextBtn", G_WebTabnameCases, G_CypherTabnameCases, G_QueryCasesTab): Statbar Files count matches

2022-04-19 18:54:42 - [MESSAGE][PASSED] - Statbar Programs count matches

2022-04-19 18:54:42 - [MESSAGE][PASSED] - Statbar Arms count matches

2022-04-19 18:54:42 - [MESSAGE][PASSED] - Statbar Cases count matches

2022-04-19 18:54:42 - [MESSAGE][PASSED] - Statbar Samples count matches

2022-04-19 18:54:42 - [MESSAGE][PASSED] - Statbar Assays count matches

2022-04-19 18:54:42 - [MESSAGE][PASSED] - Statbar Files count matches

2022-04-19 18:54:42 - [TEST_STEP][PASSED] - closeBrowser(): Browser is closed

2022-04-19 18:54:42 - [MESSAGE][PASSED] - Browser is closed]]></system-out>
         <system-err><![CDATA[]]></system-err>
      </testcase>
      <testcase name="Test Cases/Bento_TestCases/Diagnosis/TC08_Bento_Filter_Diagnosis-MucinousColloidCarcinoma" time="132.087" classname="Test Cases/Bento_TestCases/Diagnosis/TC08_Bento_Filter_Diagnosis-MucinousColloidCarcinoma" status="PASSED">
         <system-out><![CDATA[2022-04-19 18:54:42 - [TEST_CASE][PASSED] - Test Cases/Bento_TestCases/Diagnosis/TC08_Bento_Filter_Diagnosis-MucinousColloidCarcinoma: Test Cases/Bento_TestCases/Diagnosis/TC08_Bento_Filter_Diagnosis-MucinousColloidCarcinoma

2022-04-19 18:54:42 - [TEST_STEP][PASSED] - Start listener action : getTestScriptName: null

2022-04-19 18:54:42 - [TEST_STEP][PASSED] - TestCaseId = testCaseContext.getTestCaseId(): null

2022-04-19 18:54:42 - [TEST_STEP][PASSED] - out.println("**********this is the value of test case id string******** " + testCaseContext.getTestCaseId()): null

2022-04-19 18:54:42 - [TEST_STEP][PASSED] - G_currentTCName = TestCaseId.substring(TestCaseId.lastIndexOf("TC")): null

2022-04-19 18:54:42 - [TEST_STEP][PASSED] - out.println("This is the test case name : " + G_currentTCName): null

2022-04-19 18:54:43 - [TEST_STEP][PASSED] - closeBrowser(): Browser is closed

2022-04-19 18:54:43 - [MESSAGE][PASSED] - Browser is closed

2022-04-19 18:54:43 - [TEST_STEP][PASSED] - ctdc.utilities.runtestcaseforKatalon.RunKatalon("TC08_Bento_Filter_Diagnosis-MucinousColloidCarcinoma.xlsx"): Data loaded from input file for the test case. 

2022-04-19 18:54:43 - [MESSAGE][PASSED] - Test case file loaded This is the full filepath after converting to string :C:\Users\sohilz2\Commons_Automation\InputFiles\TC08_Bento_Filter_Diagnosis-MucinousColloidCarcinoma.xlsx

2022-04-19 18:54:43 - [MESSAGE][INFO] - Global variable set for password file is :  C:\Users\sohilz2\Commons_Automation\InputFiles\TC08_Bento_Filter_Diagnosis-MucinousColloidCarcinoma.xlsx

2022-04-19 18:54:47 - [MESSAGE][PASSED] - Data loaded from input file for the test case. 

2022-04-19 18:55:05 - [TEST_STEP][PASSED] - waitForElementClickable(findTestObject("Object Repository/Bento/NavBar/Bento_Cases-Btn"), 5): Object 'Object Repository/Bento/NavBar/Bento_Cases-Btn' is clickable

2022-04-19 18:55:05 - [MESSAGE][PASSED] - Object 'Object Repository/Bento/NavBar/Bento_Cases-Btn' is clickable

2022-04-19 18:55:05 - [TEST_STEP][PASSED] - ctdc.utilities.runtestcaseforKatalon.clickTab("Object Repository/Bento/NavBar/Bento_Cases-Btn"): ctdc.utilities.runtestcaseforKatalon.clickTab is PASSED

2022-04-19 18:55:05 - [MESSAGE][PASSED] - ctdc.utilities.runtestcaseforKatalon.clickTab is PASSED

2022-04-19 18:55:05 - [TEST_STEP][PASSED] - waitForElementClickable(findTestObject("Bento/Cases_page/Filter/Diagnosis/DIAGNOSIS_Ddn"), 5): Object 'Object Repository/Bento/Cases_page/Filter/Diagnosis/DIAGNOSIS_Ddn' is clickable

2022-04-19 18:55:06 - [MESSAGE][PASSED] - Object 'Object Repository/Bento/Cases_page/Filter/Diagnosis/DIAGNOSIS_Ddn' is clickable

2022-04-19 18:55:06 - [TEST_STEP][PASSED] - ctdc.utilities.runtestcaseforKatalon.clickTab("Bento/Cases_page/Filter/Diagnosis/DIAGNOSIS_Ddn"): ctdc.utilities.runtestcaseforKatalon.clickTab is PASSED

2022-04-19 18:55:06 - [MESSAGE][PASSED] - ctdc.utilities.runtestcaseforKatalon.clickTab is PASSED

2022-04-19 18:55:06 - [TEST_STEP][PASSED] - waitForElementClickable(findTestObject("Bento/Cases_page/Filter/Diagnosis/MucinousCollCarcinoma_Chkbx"), 5): Object 'Object Repository/Bento/Cases_page/Filter/Diagnosis/MucinousCollCarcinoma_Chkbx' is clickable

2022-04-19 18:55:06 - [MESSAGE][PASSED] - Object 'Object Repository/Bento/Cases_page/Filter/Diagnosis/MucinousCollCarcinoma_Chkbx' is clickable

2022-04-19 18:55:06 - [TEST_STEP][PASSED] - ctdc.utilities.runtestcaseforKatalon.clickTab("Bento/Cases_page/Filter/Diagnosis/MucinousCollCarcinoma_Chkbx"): ctdc.utilities.runtestcaseforKatalon.clickTab is PASSED

2022-04-19 18:55:07 - [MESSAGE][PASSED] - ctdc.utilities.runtestcaseforKatalon.clickTab is PASSED

2022-04-19 18:55:07 - [TEST_STEP][PASSED] - ctdc.utilities.runtestcaseforKatalon.clickTab("Bento/Cases_page/Filter/Diagnosis/DIAGNOSIS_Ddn"): ctdc.utilities.runtestcaseforKatalon.clickTab is PASSED

2022-04-19 18:55:07 - [MESSAGE][PASSED] - ctdc.utilities.runtestcaseforKatalon.clickTab is PASSED

2022-04-19 18:55:07 - [TEST_STEP][PASSED] - ctdc.utilities.runtestcaseforKatalon.readStatBarBento("Object Repository/Bento/StatBar/Bento_StatBar-Programs", "Object Repository/Bento/StatBar/Bento_StatBar-Arms", "Object Repository/Bento/StatBar/Bento_StatBar-Cases", "Object Repository/Bento/StatBar/Bento_StatBar-Samples", "Object Repository/Bento/StatBar/Bento_StatBar-Assays", "Object Repository/Bento/StatBar/Bento_StatBar-Files"): ctdc.utilities.runtestcaseforKatalon.readStatBarBento is PASSED

2022-04-19 18:55:16 - [MESSAGE][PASSED] - ctdc.utilities.runtestcaseforKatalon.readStatBarBento is PASSED

2022-04-19 18:55:16 - [TEST_STEP][PASSED] - waitForElementPresent(findTestObject("Object Repository/Bento/Cases_page/BentoResults_Cases_Tab"), 5): Object 'Object Repository/Bento/Cases_page/BentoResults_Cases_Tab' is present

2022-04-19 18:55:16 - [MESSAGE][PASSED] - Object 'Object Repository/Bento/Cases_page/BentoResults_Cases_Tab' is present

2022-04-19 18:55:16 - [TEST_STEP][PASSED] - ctdc.utilities.runtestcaseforKatalon.clickTab("Object Repository/Bento/Cases_page/BentoResults_Cases_Tab"): ctdc.utilities.runtestcaseforKatalon.clickTab is PASSED

2022-04-19 18:55:16 - [MESSAGE][PASSED] - ctdc.utilities.runtestcaseforKatalon.clickTab is PASSED

2022-04-19 18:55:16 - [TEST_STEP][PASSED] - ctdc.utilities.runtestcaseforKatalon.multiFunction("Bento", G_StatBar_Cases, "Object Repository/Bento/Cases_page/Bento_CasesTable", "Object Repository/Bento/Cases_page/Bento_CasesTableHeader", "Object Repository/Bento/Cases_page/Bento_CasesTabNextBtn", G_WebTabnameCases, G_CypherTabnameCases, G_QueryCasesTab): Statbar Files count matches

2022-04-19 18:56:54 - [MESSAGE][PASSED] - Statbar Programs count matches

2022-04-19 18:56:54 - [MESSAGE][PASSED] - Statbar Arms count matches

2022-04-19 18:56:54 - [MESSAGE][PASSED] - Statbar Cases count matches

2022-04-19 18:56:54 - [MESSAGE][PASSED] - Statbar Samples count matches

2022-04-19 18:56:54 - [MESSAGE][PASSED] - Statbar Assays count matches

2022-04-19 18:56:54 - [MESSAGE][PASSED] - Statbar Files count matches

2022-04-19 18:56:54 - [TEST_STEP][PASSED] - closeBrowser(): Browser is closed

2022-04-19 18:56:54 - [MESSAGE][PASSED] - Browser is closed]]></system-out>
         <system-err><![CDATA[]]></system-err>
      </testcase>
      <testcase name="Test Cases/Bento_TestCases/Diagnosis/TC09_Bento_Filter_Diagnosis-NotReported" time="152.226" classname="Test Cases/Bento_TestCases/Diagnosis/TC09_Bento_Filter_Diagnosis-NotReported" status="PASSED">
         <system-out><![CDATA[2022-04-19 18:56:54 - [TEST_CASE][PASSED] - Test Cases/Bento_TestCases/Diagnosis/TC09_Bento_Filter_Diagnosis-NotReported: Test Cases/Bento_TestCases/Diagnosis/TC09_Bento_Filter_Diagnosis-NotReported

2022-04-19 18:56:54 - [TEST_STEP][PASSED] - Start listener action : getTestScriptName: null

2022-04-19 18:56:54 - [TEST_STEP][PASSED] - TestCaseId = testCaseContext.getTestCaseId(): null

2022-04-19 18:56:54 - [TEST_STEP][PASSED] - out.println("**********this is the value of test case id string******** " + testCaseContext.getTestCaseId()): null

2022-04-19 18:56:54 - [TEST_STEP][PASSED] - G_currentTCName = TestCaseId.substring(TestCaseId.lastIndexOf("TC")): null

2022-04-19 18:56:54 - [TEST_STEP][PASSED] - out.println("This is the test case name : " + G_currentTCName): null

2022-04-19 18:56:55 - [TEST_STEP][PASSED] - closeBrowser(): Browser is closed

2022-04-19 18:56:55 - [MESSAGE][PASSED] - Browser is closed

2022-04-19 18:56:55 - [TEST_STEP][PASSED] - ctdc.utilities.runtestcaseforKatalon.RunKatalon("TC09_Bento_Filter_Diagnosis-NotReported.xlsx"): Data loaded from input file for the test case. 

2022-04-19 18:56:55 - [MESSAGE][PASSED] - Test case file loaded This is the full filepath after converting to string :C:\Users\sohilz2\Commons_Automation\InputFiles\TC09_Bento_Filter_Diagnosis-NotReported.xlsx

2022-04-19 18:56:55 - [MESSAGE][INFO] - Global variable set for password file is :  C:\Users\sohilz2\Commons_Automation\InputFiles\TC09_Bento_Filter_Diagnosis-NotReported.xlsx

2022-04-19 18:56:59 - [MESSAGE][PASSED] - Data loaded from input file for the test case. 

2022-04-19 18:57:15 - [TEST_STEP][PASSED] - waitForElementClickable(findTestObject("Object Repository/Bento/NavBar/Bento_Cases-Btn"), 5): Object 'Object Repository/Bento/NavBar/Bento_Cases-Btn' is clickable

2022-04-19 18:57:15 - [MESSAGE][PASSED] - Object 'Object Repository/Bento/NavBar/Bento_Cases-Btn' is clickable

2022-04-19 18:57:15 - [TEST_STEP][PASSED] - ctdc.utilities.runtestcaseforKatalon.clickTab("Object Repository/Bento/NavBar/Bento_Cases-Btn"): ctdc.utilities.runtestcaseforKatalon.clickTab is PASSED

2022-04-19 18:57:16 - [MESSAGE][PASSED] - ctdc.utilities.runtestcaseforKatalon.clickTab is PASSED

2022-04-19 18:57:16 - [TEST_STEP][PASSED] - waitForElementClickable(findTestObject("Bento/Cases_page/Filter/Diagnosis/DIAGNOSIS_Ddn"), 5): Object 'Object Repository/Bento/Cases_page/Filter/Diagnosis/DIAGNOSIS_Ddn' is clickable

2022-04-19 18:57:16 - [MESSAGE][PASSED] - Object 'Object Repository/Bento/Cases_page/Filter/Diagnosis/DIAGNOSIS_Ddn' is clickable

2022-04-19 18:57:16 - [TEST_STEP][PASSED] - ctdc.utilities.runtestcaseforKatalon.clickTab("Bento/Cases_page/Filter/Diagnosis/DIAGNOSIS_Ddn"): ctdc.utilities.runtestcaseforKatalon.clickTab is PASSED

2022-04-19 18:57:17 - [MESSAGE][PASSED] - ctdc.utilities.runtestcaseforKatalon.clickTab is PASSED

2022-04-19 18:57:17 - [TEST_STEP][PASSED] - waitForElementClickable(findTestObject("Bento/Cases_page/Filter/Diagnosis/NotReported_Chkbx"), 5): Object 'Object Repository/Bento/Cases_page/Filter/Diagnosis/NotReported_Chkbx' is clickable

2022-04-19 18:57:17 - [MESSAGE][PASSED] - Object 'Object Repository/Bento/Cases_page/Filter/Diagnosis/NotReported_Chkbx' is clickable

2022-04-19 18:57:17 - [TEST_STEP][PASSED] - ctdc.utilities.runtestcaseforKatalon.clickTab("Bento/Cases_page/Filter/Diagnosis/NotReported_Chkbx"): ctdc.utilities.runtestcaseforKatalon.clickTab is PASSED

2022-04-19 18:57:17 - [MESSAGE][PASSED] - ctdc.utilities.runtestcaseforKatalon.clickTab is PASSED

2022-04-19 18:57:17 - [TEST_STEP][PASSED] - ctdc.utilities.runtestcaseforKatalon.clickTab("Bento/Cases_page/Filter/Diagnosis/DIAGNOSIS_Ddn"): ctdc.utilities.runtestcaseforKatalon.clickTab is PASSED

2022-04-19 18:57:17 - [MESSAGE][PASSED] - ctdc.utilities.runtestcaseforKatalon.clickTab is PASSED

2022-04-19 18:57:17 - [TEST_STEP][PASSED] - ctdc.utilities.runtestcaseforKatalon.readStatBarBento("Object Repository/Bento/StatBar/Bento_StatBar-Programs", "Object Repository/Bento/StatBar/Bento_StatBar-Arms", "Object Repository/Bento/StatBar/Bento_StatBar-Cases", "Object Repository/Bento/StatBar/Bento_StatBar-Samples", "Object Repository/Bento/StatBar/Bento_StatBar-Assays", "Object Repository/Bento/StatBar/Bento_StatBar-Files"): ctdc.utilities.runtestcaseforKatalon.readStatBarBento is PASSED

2022-04-19 18:57:26 - [MESSAGE][PASSED] - ctdc.utilities.runtestcaseforKatalon.readStatBarBento is PASSED

2022-04-19 18:57:26 - [TEST_STEP][PASSED] - waitForElementPresent(findTestObject("Object Repository/Bento/Cases_page/BentoResults_Cases_Tab"), 5): Object 'Object Repository/Bento/Cases_page/BentoResults_Cases_Tab' is present

2022-04-19 18:57:26 - [MESSAGE][PASSED] - Object 'Object Repository/Bento/Cases_page/BentoResults_Cases_Tab' is present

2022-04-19 18:57:26 - [TEST_STEP][PASSED] - ctdc.utilities.runtestcaseforKatalon.clickTab("Object Repository/Bento/Cases_page/BentoResults_Cases_Tab"): ctdc.utilities.runtestcaseforKatalon.clickTab is PASSED

2022-04-19 18:57:26 - [MESSAGE][PASSED] - ctdc.utilities.runtestcaseforKatalon.clickTab is PASSED

2022-04-19 18:57:26 - [TEST_STEP][PASSED] - ctdc.utilities.runtestcaseforKatalon.multiFunction("Bento", G_StatBar_Cases, "Object Repository/Bento/Cases_page/Bento_CasesTable", "Object Repository/Bento/Cases_page/Bento_CasesTableHeader", "Object Repository/Bento/Cases_page/Bento_CasesTabNextBtn", G_WebTabnameCases, G_CypherTabnameCases, G_QueryCasesTab): Statbar Files count matches

2022-04-19 18:59:26 - [MESSAGE][PASSED] - Statbar Programs count matches

2022-04-19 18:59:26 - [MESSAGE][PASSED] - Statbar Arms count matches

2022-04-19 18:59:26 - [MESSAGE][PASSED] - Statbar Cases count matches

2022-04-19 18:59:26 - [MESSAGE][PASSED] - Statbar Samples count matches

2022-04-19 18:59:26 - [MESSAGE][PASSED] - Statbar Assays count matches

2022-04-19 18:59:26 - [MESSAGE][PASSED] - Statbar Files count matches

2022-04-19 18:59:26 - [TEST_STEP][PASSED] - closeBrowser(): Browser is closed

2022-04-19 18:59:27 - [MESSAGE][PASSED] - Browser is closed]]></system-out>
         <system-err><![CDATA[]]></system-err>
      </testcase>
      <testcase name="Test Cases/Bento_TestCases/Diagnosis/TC10_Bento_Filter_Diagnosis-PagetsDisease" time="152.163" classname="Test Cases/Bento_TestCases/Diagnosis/TC10_Bento_Filter_Diagnosis-PagetsDisease" status="PASSED">
         <system-out><![CDATA[2022-04-19 18:59:27 - [TEST_CASE][PASSED] - Test Cases/Bento_TestCases/Diagnosis/TC10_Bento_Filter_Diagnosis-PagetsDisease: Test Cases/Bento_TestCases/Diagnosis/TC10_Bento_Filter_Diagnosis-PagetsDisease

2022-04-19 18:59:27 - [TEST_STEP][PASSED] - Start listener action : getTestScriptName: null

2022-04-19 18:59:27 - [TEST_STEP][PASSED] - TestCaseId = testCaseContext.getTestCaseId(): null

2022-04-19 18:59:27 - [TEST_STEP][PASSED] - out.println("**********this is the value of test case id string******** " + testCaseContext.getTestCaseId()): null

2022-04-19 18:59:27 - [TEST_STEP][PASSED] - G_currentTCName = TestCaseId.substring(TestCaseId.lastIndexOf("TC")): null

2022-04-19 18:59:27 - [TEST_STEP][PASSED] - out.println("This is the test case name : " + G_currentTCName): null

2022-04-19 18:59:27 - [TEST_STEP][PASSED] - closeBrowser(): Browser is closed

2022-04-19 18:59:27 - [MESSAGE][PASSED] - Browser is closed

2022-04-19 18:59:27 - [TEST_STEP][PASSED] - ctdc.utilities.runtestcaseforKatalon.RunKatalon("TC10_Bento_Filter_Diagnosis-PagetsDisease.xlsx"): Data loaded from input file for the test case. 

2022-04-19 18:59:27 - [MESSAGE][PASSED] - Test case file loaded This is the full filepath after converting to string :C:\Users\sohilz2\Commons_Automation\InputFiles\TC10_Bento_Filter_Diagnosis-PagetsDisease.xlsx

2022-04-19 18:59:27 - [MESSAGE][INFO] - Global variable set for password file is :  C:\Users\sohilz2\Commons_Automation\InputFiles\TC10_Bento_Filter_Diagnosis-PagetsDisease.xlsx

2022-04-19 18:59:31 - [MESSAGE][PASSED] - Data loaded from input file for the test case. 

2022-04-19 18:59:47 - [TEST_STEP][PASSED] - waitForElementClickable(findTestObject("Object Repository/Bento/NavBar/Bento_Cases-Btn"), 5): Object 'Object Repository/Bento/NavBar/Bento_Cases-Btn' is clickable

2022-04-19 18:59:48 - [MESSAGE][PASSED] - Object 'Object Repository/Bento/NavBar/Bento_Cases-Btn' is clickable

2022-04-19 18:59:48 - [TEST_STEP][PASSED] - ctdc.utilities.runtestcaseforKatalon.clickTab("Object Repository/Bento/NavBar/Bento_Cases-Btn"): ctdc.utilities.runtestcaseforKatalon.clickTab is PASSED

2022-04-19 18:59:48 - [MESSAGE][PASSED] - ctdc.utilities.runtestcaseforKatalon.clickTab is PASSED

2022-04-19 18:59:48 - [TEST_STEP][PASSED] - waitForElementClickable(findTestObject("Bento/Cases_page/Filter/Diagnosis/DIAGNOSIS_Ddn"), 5): Object 'Object Repository/Bento/Cases_page/Filter/Diagnosis/DIAGNOSIS_Ddn' is clickable

2022-04-19 18:59:49 - [MESSAGE][PASSED] - Object 'Object Repository/Bento/Cases_page/Filter/Diagnosis/DIAGNOSIS_Ddn' is clickable

2022-04-19 18:59:49 - [TEST_STEP][PASSED] - ctdc.utilities.runtestcaseforKatalon.clickTab("Bento/Cases_page/Filter/Diagnosis/DIAGNOSIS_Ddn"): ctdc.utilities.runtestcaseforKatalon.clickTab is PASSED

2022-04-19 18:59:49 - [MESSAGE][PASSED] - ctdc.utilities.runtestcaseforKatalon.clickTab is PASSED

2022-04-19 18:59:49 - [TEST_STEP][PASSED] - waitForElementClickable(findTestObject("Bento/Cases_page/Filter/Diagnosis/PagetsDisease_Chkbx"), 5): Object 'Object Repository/Bento/Cases_page/Filter/Diagnosis/PagetsDisease_Chkbx' is clickable

2022-04-19 18:59:49 - [MESSAGE][PASSED] - Object 'Object Repository/Bento/Cases_page/Filter/Diagnosis/PagetsDisease_Chkbx' is clickable

2022-04-19 18:59:49 - [TEST_STEP][PASSED] - ctdc.utilities.runtestcaseforKatalon.clickTab("Bento/Cases_page/Filter/Diagnosis/PagetsDisease_Chkbx"): ctdc.utilities.runtestcaseforKatalon.clickTab is PASSED

2022-04-19 18:59:49 - [MESSAGE][PASSED] - ctdc.utilities.runtestcaseforKatalon.clickTab is PASSED

2022-04-19 18:59:49 - [TEST_STEP][PASSED] - ctdc.utilities.runtestcaseforKatalon.clickTab("Bento/Cases_page/Filter/Diagnosis/DIAGNOSIS_Ddn"): ctdc.utilities.runtestcaseforKatalon.clickTab is PASSED

2022-04-19 18:59:50 - [MESSAGE][PASSED] - ctdc.utilities.runtestcaseforKatalon.clickTab is PASSED

2022-04-19 18:59:50 - [TEST_STEP][PASSED] - ctdc.utilities.runtestcaseforKatalon.readStatBarBento("Object Repository/Bento/StatBar/Bento_StatBar-Programs", "Object Repository/Bento/StatBar/Bento_StatBar-Arms", "Object Repository/Bento/StatBar/Bento_StatBar-Cases", "Object Repository/Bento/StatBar/Bento_StatBar-Samples", "Object Repository/Bento/StatBar/Bento_StatBar-Assays", "Object Repository/Bento/StatBar/Bento_StatBar-Files"): ctdc.utilities.runtestcaseforKatalon.readStatBarBento is PASSED

2022-04-19 18:59:58 - [MESSAGE][PASSED] - ctdc.utilities.runtestcaseforKatalon.readStatBarBento is PASSED

2022-04-19 18:59:58 - [TEST_STEP][PASSED] - waitForElementPresent(findTestObject("Object Repository/Bento/Cases_page/BentoResults_Cases_Tab"), 5): Object 'Object Repository/Bento/Cases_page/BentoResults_Cases_Tab' is present

2022-04-19 18:59:58 - [MESSAGE][PASSED] - Object 'Object Repository/Bento/Cases_page/BentoResults_Cases_Tab' is present

2022-04-19 18:59:58 - [TEST_STEP][PASSED] - ctdc.utilities.runtestcaseforKatalon.clickTab("Object Repository/Bento/Cases_page/BentoResults_Cases_Tab"): ctdc.utilities.runtestcaseforKatalon.clickTab is PASSED

2022-04-19 18:59:59 - [MESSAGE][PASSED] - ctdc.utilities.runtestcaseforKatalon.clickTab is PASSED

2022-04-19 18:59:59 - [TEST_STEP][PASSED] - ctdc.utilities.runtestcaseforKatalon.multiFunction("Bento", G_StatBar_Cases, "Object Repository/Bento/Cases_page/Bento_CasesTable", "Object Repository/Bento/Cases_page/Bento_CasesTableHeader", "Object Repository/Bento/Cases_page/Bento_CasesTabNextBtn", G_WebTabnameCases, G_CypherTabnameCases, G_QueryCasesTab): Statbar Files count matches

2022-04-19 19:01:58 - [MESSAGE][PASSED] - Statbar Programs count matches

2022-04-19 19:01:58 - [MESSAGE][PASSED] - Statbar Arms count matches

2022-04-19 19:01:58 - [MESSAGE][PASSED] - Statbar Cases count matches

2022-04-19 19:01:58 - [MESSAGE][PASSED] - Statbar Samples count matches

2022-04-19 19:01:58 - [MESSAGE][PASSED] - Statbar Assays count matches

2022-04-19 19:01:58 - [MESSAGE][PASSED] - Statbar Files count matches

2022-04-19 19:01:58 - [TEST_STEP][PASSED] - closeBrowser(): Browser is closed

2022-04-19 19:01:59 - [MESSAGE][PASSED] - Browser is closed]]></system-out>
         <system-err><![CDATA[]]></system-err>
      </testcase>
      <testcase name="Test Cases/Bento_TestCases/Diagnosis/TC11_Bento_Filter_Diagnosis-PapillaryCarcinoma" time="37.876" classname="Test Cases/Bento_TestCases/Diagnosis/TC11_Bento_Filter_Diagnosis-PapillaryCarcinoma" status="PASSED">
         <system-out><![CDATA[2022-04-19 19:01:59 - [TEST_CASE][PASSED] - Test Cases/Bento_TestCases/Diagnosis/TC11_Bento_Filter_Diagnosis-PapillaryCarcinoma: Test Cases/Bento_TestCases/Diagnosis/TC11_Bento_Filter_Diagnosis-PapillaryCarcinoma

2022-04-19 19:01:59 - [TEST_STEP][PASSED] - Start listener action : getTestScriptName: null

2022-04-19 19:01:59 - [TEST_STEP][PASSED] - TestCaseId = testCaseContext.getTestCaseId(): null

2022-04-19 19:01:59 - [TEST_STEP][PASSED] - out.println("**********this is the value of test case id string******** " + testCaseContext.getTestCaseId()): null

2022-04-19 19:01:59 - [TEST_STEP][PASSED] - G_currentTCName = TestCaseId.substring(TestCaseId.lastIndexOf("TC")): null

2022-04-19 19:01:59 - [TEST_STEP][PASSED] - out.println("This is the test case name : " + G_currentTCName): null

2022-04-19 19:01:59 - [TEST_STEP][PASSED] - closeBrowser(): Browser is closed

2022-04-19 19:01:59 - [MESSAGE][PASSED] - Browser is closed

2022-04-19 19:01:59 - [TEST_STEP][PASSED] - ctdc.utilities.runtestcaseforKatalon.RunKatalon("TC11_Bento_Filter_Diagnosis-PapillaryCarcinoma.xlsx"): Data loaded from input file for the test case. 

2022-04-19 19:01:59 - [MESSAGE][PASSED] - Test case file loaded This is the full filepath after converting to string :C:\Users\sohilz2\Commons_Automation\InputFiles\TC11_Bento_Filter_Diagnosis-PapillaryCarcinoma.xlsx

2022-04-19 19:01:59 - [MESSAGE][INFO] - Global variable set for password file is :  C:\Users\sohilz2\Commons_Automation\InputFiles\TC11_Bento_Filter_Diagnosis-PapillaryCarcinoma.xlsx

2022-04-19 19:02:03 - [MESSAGE][PASSED] - Data loaded from input file for the test case. 

2022-04-19 19:02:19 - [TEST_STEP][PASSED] - waitForElementClickable(findTestObject("Object Repository/Bento/NavBar/Bento_Cases-Btn"), 5): Object 'Object Repository/Bento/NavBar/Bento_Cases-Btn' is clickable

2022-04-19 19:02:19 - [MESSAGE][PASSED] - Object 'Object Repository/Bento/NavBar/Bento_Cases-Btn' is clickable

2022-04-19 19:02:19 - [TEST_STEP][PASSED] - ctdc.utilities.runtestcaseforKatalon.clickTab("Object Repository/Bento/NavBar/Bento_Cases-Btn"): ctdc.utilities.runtestcaseforKatalon.clickTab is PASSED

2022-04-19 19:02:19 - [MESSAGE][PASSED] - ctdc.utilities.runtestcaseforKatalon.clickTab is PASSED

2022-04-19 19:02:19 - [TEST_STEP][PASSED] - waitForElementClickable(findTestObject("Bento/Cases_page/Filter/Diagnosis/DIAGNOSIS_Ddn"), 5): Object 'Object Repository/Bento/Cases_page/Filter/Diagnosis/DIAGNOSIS_Ddn' is clickable

2022-04-19 19:02:20 - [MESSAGE][PASSED] - Object 'Object Repository/Bento/Cases_page/Filter/Diagnosis/DIAGNOSIS_Ddn' is clickable

2022-04-19 19:02:20 - [TEST_STEP][PASSED] - ctdc.utilities.runtestcaseforKatalon.clickTab("Bento/Cases_page/Filter/Diagnosis/DIAGNOSIS_Ddn"): ctdc.utilities.runtestcaseforKatalon.clickTab is PASSED

2022-04-19 19:02:20 - [MESSAGE][PASSED] - ctdc.utilities.runtestcaseforKatalon.clickTab is PASSED

2022-04-19 19:02:20 - [TEST_STEP][PASSED] - waitForElementClickable(findTestObject("Bento/Cases_page/Filter/Diagnosis/PapillaryCarcinoma_Chkbx"), 5): Object 'Object Repository/Bento/Cases_page/Filter/Diagnosis/PapillaryCarcinoma_Chkbx' is clickable

2022-04-19 19:02:20 - [MESSAGE][PASSED] - Object 'Object Repository/Bento/Cases_page/Filter/Diagnosis/PapillaryCarcinoma_Chkbx' is clickable

2022-04-19 19:02:20 - [TEST_STEP][PASSED] - ctdc.utilities.runtestcaseforKatalon.clickTab("Bento/Cases_page/Filter/Diagnosis/PapillaryCarcinoma_Chkbx"): ctdc.utilities.runtestcaseforKatalon.clickTab is PASSED

2022-04-19 19:02:21 - [MESSAGE][PASSED] - ctdc.utilities.runtestcaseforKatalon.clickTab is PASSED

2022-04-19 19:02:21 - [TEST_STEP][PASSED] - ctdc.utilities.runtestcaseforKatalon.clickTab("Bento/Cases_page/Filter/Diagnosis/DIAGNOSIS_Ddn"): ctdc.utilities.runtestcaseforKatalon.clickTab is PASSED

2022-04-19 19:02:22 - [MESSAGE][PASSED] - ctdc.utilities.runtestcaseforKatalon.clickTab is PASSED

2022-04-19 19:02:22 - [TEST_STEP][PASSED] - ctdc.utilities.runtestcaseforKatalon.readStatBarBento("Object Repository/Bento/StatBar/Bento_StatBar-Programs", "Object Repository/Bento/StatBar/Bento_StatBar-Arms", "Object Repository/Bento/StatBar/Bento_StatBar-Cases", "Object Repository/Bento/StatBar/Bento_StatBar-Samples", "Object Repository/Bento/StatBar/Bento_StatBar-Assays", "Object Repository/Bento/StatBar/Bento_StatBar-Files"): ctdc.utilities.runtestcaseforKatalon.readStatBarBento is PASSED

2022-04-19 19:02:30 - [MESSAGE][PASSED] - ctdc.utilities.runtestcaseforKatalon.readStatBarBento is PASSED

2022-04-19 19:02:30 - [TEST_STEP][PASSED] - ctdc.utilities.ReadExcel.Neo4j(G_CypherTabnameCases, G_QueryCasesTab): ctdc.utilities.ReadExcel.Neo4j is PASSED

2022-04-19 19:02:36 - [MESSAGE][PASSED] - ctdc.utilities.ReadExcel.Neo4j is PASSED

2022-04-19 19:02:36 - [TEST_STEP][PASSED] - ctdc.utilities.runtestcaseforKatalon.validateStatBar("Bento"): Statbar Files count matches

2022-04-19 19:02:36 - [MESSAGE][PASSED] - Statbar Programs count matches

2022-04-19 19:02:36 - [MESSAGE][PASSED] - Statbar Arms count matches

2022-04-19 19:02:36 - [MESSAGE][PASSED] - Statbar Cases count matches

2022-04-19 19:02:36 - [MESSAGE][PASSED] - Statbar Samples count matches

2022-04-19 19:02:36 - [MESSAGE][PASSED] - Statbar Assays count matches

2022-04-19 19:02:36 - [MESSAGE][PASSED] - Statbar Files count matches

2022-04-19 19:02:36 - [TEST_STEP][PASSED] - closeBrowser(): Browser is closed

2022-04-19 19:02:37 - [MESSAGE][PASSED] - Browser is closed]]></system-out>
         <system-err><![CDATA[]]></system-err>
      </testcase>
      <testcase name="Test Cases/Bento_TestCases/Diagnosis/TC12_Bento_Filter_Diagnosis-TubularCarcinoma" time="153.318" classname="Test Cases/Bento_TestCases/Diagnosis/TC12_Bento_Filter_Diagnosis-TubularCarcinoma" status="PASSED">
         <system-out><![CDATA[2022-04-19 19:02:37 - [TEST_CASE][PASSED] - Test Cases/Bento_TestCases/Diagnosis/TC12_Bento_Filter_Diagnosis-TubularCarcinoma: Test Cases/Bento_TestCases/Diagnosis/TC12_Bento_Filter_Diagnosis-TubularCarcinoma

2022-04-19 19:02:37 - [TEST_STEP][PASSED] - Start listener action : getTestScriptName: null

2022-04-19 19:02:37 - [TEST_STEP][PASSED] - TestCaseId = testCaseContext.getTestCaseId(): null

2022-04-19 19:02:37 - [TEST_STEP][PASSED] - out.println("**********this is the value of test case id string******** " + testCaseContext.getTestCaseId()): null

2022-04-19 19:02:37 - [TEST_STEP][PASSED] - G_currentTCName = TestCaseId.substring(TestCaseId.lastIndexOf("TC")): null

2022-04-19 19:02:37 - [TEST_STEP][PASSED] - out.println("This is the test case name : " + G_currentTCName): null

2022-04-19 19:02:37 - [TEST_STEP][PASSED] - closeBrowser(): Browser is closed

2022-04-19 19:02:37 - [MESSAGE][PASSED] - Browser is closed

2022-04-19 19:02:37 - [TEST_STEP][PASSED] - ctdc.utilities.runtestcaseforKatalon.RunKatalon("TC12_Bento_Filter_Diagnosis-TubularCarcinoma.xlsx"): Data loaded from input file for the test case. 

2022-04-19 19:02:37 - [MESSAGE][PASSED] - Test case file loaded This is the full filepath after converting to string :C:\Users\sohilz2\Commons_Automation\InputFiles\TC12_Bento_Filter_Diagnosis-TubularCarcinoma.xlsx

2022-04-19 19:02:37 - [MESSAGE][INFO] - Global variable set for password file is :  C:\Users\sohilz2\Commons_Automation\InputFiles\TC12_Bento_Filter_Diagnosis-TubularCarcinoma.xlsx

2022-04-19 19:02:41 - [MESSAGE][PASSED] - Data loaded from input file for the test case. 

2022-04-19 19:02:59 - [TEST_STEP][PASSED] - waitForElementClickable(findTestObject("Object Repository/Bento/NavBar/Bento_Cases-Btn"), 5): Object 'Object Repository/Bento/NavBar/Bento_Cases-Btn' is clickable

2022-04-19 19:02:59 - [MESSAGE][PASSED] - Object 'Object Repository/Bento/NavBar/Bento_Cases-Btn' is clickable

2022-04-19 19:02:59 - [TEST_STEP][PASSED] - ctdc.utilities.runtestcaseforKatalon.clickTab("Object Repository/Bento/NavBar/Bento_Cases-Btn"): ctdc.utilities.runtestcaseforKatalon.clickTab is PASSED

2022-04-19 19:02:59 - [MESSAGE][PASSED] - ctdc.utilities.runtestcaseforKatalon.clickTab is PASSED

2022-04-19 19:02:59 - [TEST_STEP][PASSED] - waitForElementClickable(findTestObject("Bento/Cases_page/Filter/Diagnosis/DIAGNOSIS_Ddn"), 5): Object 'Object Repository/Bento/Cases_page/Filter/Diagnosis/DIAGNOSIS_Ddn' is clickable

2022-04-19 19:03:00 - [MESSAGE][PASSED] - Object 'Object Repository/Bento/Cases_page/Filter/Diagnosis/DIAGNOSIS_Ddn' is clickable

2022-04-19 19:03:00 - [TEST_STEP][PASSED] - ctdc.utilities.runtestcaseforKatalon.clickTab("Bento/Cases_page/Filter/Diagnosis/DIAGNOSIS_Ddn"): ctdc.utilities.runtestcaseforKatalon.clickTab is PASSED

2022-04-19 19:03:00 - [MESSAGE][PASSED] - ctdc.utilities.runtestcaseforKatalon.clickTab is PASSED

2022-04-19 19:03:00 - [TEST_STEP][PASSED] - waitForElementClickable(findTestObject("Bento/Cases_page/Filter/Diagnosis/TubularCarcinoma_Chkbx"), 5): Object 'Object Repository/Bento/Cases_page/Filter/Diagnosis/TubularCarcinoma_Chkbx' is clickable

2022-04-19 19:03:00 - [MESSAGE][PASSED] - Object 'Object Repository/Bento/Cases_page/Filter/Diagnosis/TubularCarcinoma_Chkbx' is clickable

2022-04-19 19:03:00 - [TEST_STEP][PASSED] - ctdc.utilities.runtestcaseforKatalon.clickTab("Bento/Cases_page/Filter/Diagnosis/TubularCarcinoma_Chkbx"): ctdc.utilities.runtestcaseforKatalon.clickTab is PASSED

2022-04-19 19:03:01 - [MESSAGE][PASSED] - ctdc.utilities.runtestcaseforKatalon.clickTab is PASSED

2022-04-19 19:03:01 - [TEST_STEP][PASSED] - ctdc.utilities.runtestcaseforKatalon.clickTab("Bento/Cases_page/Filter/Diagnosis/DIAGNOSIS_Ddn"): ctdc.utilities.runtestcaseforKatalon.clickTab is PASSED

2022-04-19 19:03:01 - [MESSAGE][PASSED] - ctdc.utilities.runtestcaseforKatalon.clickTab is PASSED

2022-04-19 19:03:01 - [TEST_STEP][PASSED] - ctdc.utilities.runtestcaseforKatalon.readStatBarBento("Object Repository/Bento/StatBar/Bento_StatBar-Programs", "Object Repository/Bento/StatBar/Bento_StatBar-Arms", "Object Repository/Bento/StatBar/Bento_StatBar-Cases", "Object Repository/Bento/StatBar/Bento_StatBar-Samples", "Object Repository/Bento/StatBar/Bento_StatBar-Assays", "Object Repository/Bento/StatBar/Bento_StatBar-Files"): ctdc.utilities.runtestcaseforKatalon.readStatBarBento is PASSED

2022-04-19 19:03:09 - [MESSAGE][PASSED] - ctdc.utilities.runtestcaseforKatalon.readStatBarBento is PASSED

2022-04-19 19:03:09 - [TEST_STEP][PASSED] - waitForElementPresent(findTestObject("Object Repository/Bento/Cases_page/BentoResults_Cases_Tab"), 5): Object 'Object Repository/Bento/Cases_page/BentoResults_Cases_Tab' is present

2022-04-19 19:03:10 - [MESSAGE][PASSED] - Object 'Object Repository/Bento/Cases_page/BentoResults_Cases_Tab' is present

2022-04-19 19:03:10 - [TEST_STEP][PASSED] - ctdc.utilities.runtestcaseforKatalon.clickTab("Object Repository/Bento/Cases_page/BentoResults_Cases_Tab"): ctdc.utilities.runtestcaseforKatalon.clickTab is PASSED

2022-04-19 19:03:10 - [MESSAGE][PASSED] - ctdc.utilities.runtestcaseforKatalon.clickTab is PASSED

2022-04-19 19:03:10 - [TEST_STEP][PASSED] - ctdc.utilities.runtestcaseforKatalon.multiFunction("Bento", G_StatBar_Cases, "Object Repository/Bento/Cases_page/Bento_CasesTable", "Object Repository/Bento/Cases_page/Bento_CasesTableHeader", "Object Repository/Bento/Cases_page/Bento_CasesTabNextBtn", G_WebTabnameCases, G_CypherTabnameCases, G_QueryCasesTab): Statbar Files count matches

2022-04-19 19:05:09 - [MESSAGE][PASSED] - Statbar Programs count matches

2022-04-19 19:05:09 - [MESSAGE][PASSED] - Statbar Arms count matches

2022-04-19 19:05:09 - [MESSAGE][PASSED] - Statbar Cases count matches

2022-04-19 19:05:09 - [MESSAGE][PASSED] - Statbar Samples count matches

2022-04-19 19:05:09 - [MESSAGE][PASSED] - Statbar Assays count matches

2022-04-19 19:05:09 - [MESSAGE][PASSED] - Statbar Files count matches

2022-04-19 19:05:09 - [TEST_STEP][PASSED] - closeBrowser(): Browser is closed

2022-04-19 19:05:10 - [MESSAGE][PASSED] - Browser is closed]]></system-out>
         <system-err><![CDATA[]]></system-err>
      </testcase>
      <testcase name="Test Cases/Bento_TestCases/EndocrineTherapy/TC01_Bento_Filter_EndocrineTherapy-AI" time="659.824" classname="Test Cases/Bento_TestCases/EndocrineTherapy/TC01_Bento_Filter_EndocrineTherapy-AI" status="PASSED">
         <system-out><![CDATA[2022-04-19 19:05:10 - [TEST_CASE][PASSED] - Test Cases/Bento_TestCases/EndocrineTherapy/TC01_Bento_Filter_EndocrineTherapy-AI: Test Cases/Bento_TestCases/EndocrineTherapy/TC01_Bento_Filter_EndocrineTherapy-AI

2022-04-19 19:05:10 - [TEST_STEP][PASSED] - Start listener action : getTestScriptName: null

2022-04-19 19:05:10 - [TEST_STEP][PASSED] - TestCaseId = testCaseContext.getTestCaseId(): null

2022-04-19 19:05:10 - [TEST_STEP][PASSED] - out.println("**********this is the value of test case id string******** " + testCaseContext.getTestCaseId()): null

2022-04-19 19:05:10 - [TEST_STEP][PASSED] - G_currentTCName = TestCaseId.substring(TestCaseId.lastIndexOf("TC")): null

2022-04-19 19:05:10 - [TEST_STEP][PASSED] - out.println("This is the test case name : " + G_currentTCName): null

2022-04-19 19:05:10 - [TEST_STEP][PASSED] - closeBrowser(): Browser is closed

2022-04-19 19:05:10 - [MESSAGE][PASSED] - Browser is closed

2022-04-19 19:05:10 - [TEST_STEP][PASSED] - ctdc.utilities.runtestcaseforKatalon.RunKatalon("TC01_Bento_Filter_EndocrineTherapy-AI.xlsx"): Data loaded from input file for the test case. 

2022-04-19 19:05:10 - [MESSAGE][PASSED] - Test case file loaded This is the full filepath after converting to string :C:\Users\sohilz2\Commons_Automation\InputFiles\TC01_Bento_Filter_EndocrineTherapy-AI.xlsx

2022-04-19 19:05:10 - [MESSAGE][INFO] - Global variable set for password file is :  C:\Users\sohilz2\Commons_Automation\InputFiles\TC01_Bento_Filter_EndocrineTherapy-AI.xlsx

2022-04-19 19:05:15 - [MESSAGE][PASSED] - Data loaded from input file for the test case. 

2022-04-19 19:05:30 - [TEST_STEP][PASSED] - waitForElementClickable(findTestObject("Object Repository/Bento/NavBar/Bento_Cases-Btn"), 5): Object 'Object Repository/Bento/NavBar/Bento_Cases-Btn' is clickable

2022-04-19 19:05:30 - [MESSAGE][PASSED] - Object 'Object Repository/Bento/NavBar/Bento_Cases-Btn' is clickable

2022-04-19 19:05:30 - [TEST_STEP][PASSED] - ctdc.utilities.runtestcaseforKatalon.clickTab("Object Repository/Bento/NavBar/Bento_Cases-Btn"): ctdc.utilities.runtestcaseforKatalon.clickTab is PASSED

2022-04-19 19:05:31 - [MESSAGE][PASSED] - ctdc.utilities.runtestcaseforKatalon.clickTab is PASSED

2022-04-19 19:05:31 - [TEST_STEP][PASSED] - waitForElementClickable(findTestObject("Bento/Cases_page/Filter/EndocrineTherapy/ENDOCRINETHERAPY_Ddn"), 5): Object 'Object Repository/Bento/Cases_page/Filter/EndocrineTherapy/ENDOCRINETHERAPY_Ddn' is clickable

2022-04-19 19:05:31 - [MESSAGE][PASSED] - Object 'Object Repository/Bento/Cases_page/Filter/EndocrineTherapy/ENDOCRINETHERAPY_Ddn' is clickable

2022-04-19 19:05:31 - [TEST_STEP][PASSED] - ctdc.utilities.runtestcaseforKatalon.clickTab("Bento/Cases_page/Filter/EndocrineTherapy/ENDOCRINETHERAPY_Ddn"): ctdc.utilities.runtestcaseforKatalon.clickTab is PASSED

2022-04-19 19:05:32 - [MESSAGE][PASSED] - ctdc.utilities.runtestcaseforKatalon.clickTab is PASSED

2022-04-19 19:05:32 - [TEST_STEP][PASSED] - ctdc.utilities.runtestcaseforKatalon.clickTab("Object Repository/Bento/Cases_page/Filter/EndocrineTherapy/AI_Chkbx"): ctdc.utilities.runtestcaseforKatalon.clickTab is PASSED

2022-04-19 19:05:32 - [MESSAGE][PASSED] - ctdc.utilities.runtestcaseforKatalon.clickTab is PASSED

2022-04-19 19:05:32 - [TEST_STEP][PASSED] - ctdc.utilities.runtestcaseforKatalon.clickTab("Object Repository/Bento/Cases_page/Filter/EndocrineTherapy/ENDOCRINETHERAPY_Ddn"): ctdc.utilities.runtestcaseforKatalon.clickTab is PASSED

2022-04-19 19:05:32 - [MESSAGE][PASSED] - ctdc.utilities.runtestcaseforKatalon.clickTab is PASSED

2022-04-19 19:05:33 - [TEST_STEP][PASSED] - ctdc.utilities.runtestcaseforKatalon.readStatBarBento("Object Repository/Bento/StatBar/Bento_StatBar-Programs", "Object Repository/Bento/StatBar/Bento_StatBar-Arms", "Object Repository/Bento/StatBar/Bento_StatBar-Cases", "Object Repository/Bento/StatBar/Bento_StatBar-Samples", "Object Repository/Bento/StatBar/Bento_StatBar-Assays", "Object Repository/Bento/StatBar/Bento_StatBar-Files"): ctdc.utilities.runtestcaseforKatalon.readStatBarBento is PASSED

2022-04-19 19:05:41 - [MESSAGE][PASSED] - ctdc.utilities.runtestcaseforKatalon.readStatBarBento is PASSED

2022-04-19 19:05:41 - [TEST_STEP][PASSED] - waitForElementPresent(findTestObject("Object Repository/Bento/Cases_page/BentoResults_Cases_Tab"), 5): Object 'Object Repository/Bento/Cases_page/BentoResults_Cases_Tab' is present

2022-04-19 19:05:41 - [MESSAGE][PASSED] - Object 'Object Repository/Bento/Cases_page/BentoResults_Cases_Tab' is present

2022-04-19 19:05:41 - [TEST_STEP][PASSED] - ctdc.utilities.runtestcaseforKatalon.clickTab("Object Repository/Bento/Cases_page/BentoResults_Cases_Tab"): ctdc.utilities.runtestcaseforKatalon.clickTab is PASSED

2022-04-19 19:05:41 - [MESSAGE][PASSED] - ctdc.utilities.runtestcaseforKatalon.clickTab is PASSED

2022-04-19 19:05:41 - [TEST_STEP][PASSED] - ctdc.utilities.runtestcaseforKatalon.multiFunction("Bento", G_StatBar_Cases, "Object Repository/Bento/Cases_page/Bento_CasesTable", "Object Repository/Bento/Cases_page/Bento_CasesTableHeader", "Object Repository/Bento/Cases_page/Bento_CasesTabNextBtn", G_WebTabnameCases, G_CypherTabnameCases, G_QueryCasesTab): Statbar Files count matches

2022-04-19 19:16:09 - [MESSAGE][PASSED] - Statbar Programs count matches

2022-04-19 19:16:09 - [MESSAGE][PASSED] - Statbar Arms count matches

2022-04-19 19:16:09 - [MESSAGE][PASSED] - Statbar Cases count matches

2022-04-19 19:16:09 - [MESSAGE][PASSED] - Statbar Samples count matches

2022-04-19 19:16:09 - [MESSAGE][PASSED] - Statbar Assays count matches

2022-04-19 19:16:09 - [MESSAGE][PASSED] - Statbar Files count matches

2022-04-19 19:16:09 - [TEST_STEP][PASSED] - closeBrowser(): Browser is closed

2022-04-19 19:16:10 - [MESSAGE][PASSED] - Browser is closed]]></system-out>
         <system-err><![CDATA[]]></system-err>
      </testcase>
      <testcase name="Test Cases/Bento_TestCases/EndocrineTherapy/TC02_Bento_Filter_EndocrineTherapy-None" time="121.728" classname="Test Cases/Bento_TestCases/EndocrineTherapy/TC02_Bento_Filter_EndocrineTherapy-None" status="PASSED">
         <system-out><![CDATA[2022-04-19 19:16:10 - [TEST_CASE][PASSED] - Test Cases/Bento_TestCases/EndocrineTherapy/TC02_Bento_Filter_EndocrineTherapy-None: Test Cases/Bento_TestCases/EndocrineTherapy/TC02_Bento_Filter_EndocrineTherapy-None

2022-04-19 19:16:10 - [TEST_STEP][PASSED] - Start listener action : getTestScriptName: null

2022-04-19 19:16:10 - [TEST_STEP][PASSED] - TestCaseId = testCaseContext.getTestCaseId(): null

2022-04-19 19:16:10 - [TEST_STEP][PASSED] - out.println("**********this is the value of test case id string******** " + testCaseContext.getTestCaseId()): null

2022-04-19 19:16:10 - [TEST_STEP][PASSED] - G_currentTCName = TestCaseId.substring(TestCaseId.lastIndexOf("TC")): null

2022-04-19 19:16:10 - [TEST_STEP][PASSED] - out.println("This is the test case name : " + G_currentTCName): null

2022-04-19 19:16:10 - [TEST_STEP][PASSED] - closeBrowser(): Browser is closed

2022-04-19 19:16:10 - [MESSAGE][PASSED] - Browser is closed

2022-04-19 19:16:10 - [TEST_STEP][PASSED] - ctdc.utilities.runtestcaseforKatalon.RunKatalon("TC02_Bento_Filter_EndocrineTherapy-None.xlsx"): Data loaded from input file for the test case. 

2022-04-19 19:16:10 - [MESSAGE][PASSED] - Test case file loaded This is the full filepath after converting to string :C:\Users\sohilz2\Commons_Automation\InputFiles\TC02_Bento_Filter_EndocrineTherapy-None.xlsx

2022-04-19 19:16:10 - [MESSAGE][INFO] - Global variable set for password file is :  C:\Users\sohilz2\Commons_Automation\InputFiles\TC02_Bento_Filter_EndocrineTherapy-None.xlsx

2022-04-19 19:16:14 - [MESSAGE][PASSED] - Data loaded from input file for the test case. 

2022-04-19 19:16:31 - [TEST_STEP][PASSED] - waitForElementClickable(findTestObject("Object Repository/Bento/NavBar/Bento_Cases-Btn"), 5): Object 'Object Repository/Bento/NavBar/Bento_Cases-Btn' is clickable

2022-04-19 19:16:31 - [MESSAGE][PASSED] - Object 'Object Repository/Bento/NavBar/Bento_Cases-Btn' is clickable

2022-04-19 19:16:31 - [TEST_STEP][PASSED] - ctdc.utilities.runtestcaseforKatalon.clickTab("Object Repository/Bento/NavBar/Bento_Cases-Btn"): ctdc.utilities.runtestcaseforKatalon.clickTab is PASSED

2022-04-19 19:16:31 - [MESSAGE][PASSED] - ctdc.utilities.runtestcaseforKatalon.clickTab is PASSED

2022-04-19 19:16:31 - [TEST_STEP][PASSED] - waitForElementClickable(findTestObject("Bento/Cases_page/Filter/EndocrineTherapy/ENDOCRINETHERAPY_Ddn"), 5): Object 'Object Repository/Bento/Cases_page/Filter/EndocrineTherapy/ENDOCRINETHERAPY_Ddn' is clickable

2022-04-19 19:16:32 - [MESSAGE][PASSED] - Object 'Object Repository/Bento/Cases_page/Filter/EndocrineTherapy/ENDOCRINETHERAPY_Ddn' is clickable

2022-04-19 19:16:32 - [TEST_STEP][PASSED] - ctdc.utilities.runtestcaseforKatalon.clickTab("Bento/Cases_page/Filter/EndocrineTherapy/ENDOCRINETHERAPY_Ddn"): ctdc.utilities.runtestcaseforKatalon.clickTab is PASSED

2022-04-19 19:16:32 - [MESSAGE][PASSED] - ctdc.utilities.runtestcaseforKatalon.clickTab is PASSED

2022-04-19 19:16:32 - [TEST_STEP][PASSED] - ctdc.utilities.runtestcaseforKatalon.clickTab("Object Repository/Bento/Cases_page/Filter/EndocrineTherapy/None_Chkbx"): ctdc.utilities.runtestcaseforKatalon.clickTab is PASSED

2022-04-19 19:16:32 - [MESSAGE][PASSED] - ctdc.utilities.runtestcaseforKatalon.clickTab is PASSED

2022-04-19 19:16:32 - [TEST_STEP][PASSED] - ctdc.utilities.runtestcaseforKatalon.clickTab("Object Repository/Bento/Cases_page/Filter/EndocrineTherapy/ENDOCRINETHERAPY_Ddn"): ctdc.utilities.runtestcaseforKatalon.clickTab is PASSED

2022-04-19 19:16:33 - [MESSAGE][PASSED] - ctdc.utilities.runtestcaseforKatalon.clickTab is PASSED

2022-04-19 19:16:33 - [TEST_STEP][PASSED] - ctdc.utilities.runtestcaseforKatalon.readStatBarBento("Object Repository/Bento/StatBar/Bento_StatBar-Programs", "Object Repository/Bento/StatBar/Bento_StatBar-Arms", "Object Repository/Bento/StatBar/Bento_StatBar-Cases", "Object Repository/Bento/StatBar/Bento_StatBar-Samples", "Object Repository/Bento/StatBar/Bento_StatBar-Assays", "Object Repository/Bento/StatBar/Bento_StatBar-Files"): ctdc.utilities.runtestcaseforKatalon.readStatBarBento is PASSED

2022-04-19 19:16:42 - [MESSAGE][PASSED] - ctdc.utilities.runtestcaseforKatalon.readStatBarBento is PASSED

2022-04-19 19:16:42 - [TEST_STEP][PASSED] - waitForElementPresent(findTestObject("Object Repository/Bento/Cases_page/BentoResults_Cases_Tab"), 5): Object 'Object Repository/Bento/Cases_page/BentoResults_Cases_Tab' is present

2022-04-19 19:16:42 - [MESSAGE][PASSED] - Object 'Object Repository/Bento/Cases_page/BentoResults_Cases_Tab' is present

2022-04-19 19:16:42 - [TEST_STEP][PASSED] - ctdc.utilities.runtestcaseforKatalon.clickTab("Object Repository/Bento/Cases_page/BentoResults_Cases_Tab"): ctdc.utilities.runtestcaseforKatalon.clickTab is PASSED

2022-04-19 19:16:42 - [MESSAGE][PASSED] - ctdc.utilities.runtestcaseforKatalon.clickTab is PASSED

2022-04-19 19:16:42 - [TEST_STEP][PASSED] - ctdc.utilities.runtestcaseforKatalon.multiFunction("Bento", G_StatBar_Cases, "Object Repository/Bento/Cases_page/Bento_CasesTable", "Object Repository/Bento/Cases_page/Bento_CasesTableHeader", "Object Repository/Bento/Cases_page/Bento_CasesTabNextBtn", G_WebTabnameCases, G_CypherTabnameCases, G_QueryCasesTab): Statbar Files count matches

2022-04-19 19:18:05 - [MESSAGE][PASSED] - Statbar Programs count matches

2022-04-19 19:18:05 - [MESSAGE][PASSED] - Statbar Arms count matches

2022-04-19 19:18:05 - [MESSAGE][PASSED] - Statbar Cases count matches

2022-04-19 19:18:05 - [MESSAGE][PASSED] - Statbar Samples count matches

2022-04-19 19:18:05 - [MESSAGE][PASSED] - Statbar Assays count matches

2022-04-19 19:18:05 - [MESSAGE][PASSED] - Statbar Files count matches

2022-04-19 19:18:05 - [TEST_STEP][PASSED] - ctdc.utilities.ReadExcel.Neo4j(G_CypherTabnameCases, G_QueryCasesTab): ctdc.utilities.ReadExcel.Neo4j is PASSED

2022-04-19 19:18:11 - [MESSAGE][PASSED] - ctdc.utilities.ReadExcel.Neo4j is PASSED

2022-04-19 19:18:11 - [TEST_STEP][PASSED] - ctdc.utilities.runtestcaseforKatalon.validateStatBar("Bento"): Statbar Files count matches

2022-04-19 19:18:11 - [MESSAGE][PASSED] - Statbar Programs count matches

2022-04-19 19:18:11 - [MESSAGE][PASSED] - Statbar Arms count matches

2022-04-19 19:18:11 - [MESSAGE][PASSED] - Statbar Cases count matches

2022-04-19 19:18:11 - [MESSAGE][PASSED] - Statbar Samples count matches

2022-04-19 19:18:11 - [MESSAGE][PASSED] - Statbar Assays count matches

2022-04-19 19:18:11 - [MESSAGE][PASSED] - Statbar Files count matches

2022-04-19 19:18:11 - [TEST_STEP][PASSED] - closeBrowser(): Browser is closed

2022-04-19 19:18:12 - [MESSAGE][PASSED] - Browser is closed]]></system-out>
         <system-err><![CDATA[]]></system-err>
      </testcase>
      <testcase name="Test Cases/Bento_TestCases/EndocrineTherapy/TC03_Bento_Filter_EndocrineTherapy-OFS" time="64.175" classname="Test Cases/Bento_TestCases/EndocrineTherapy/TC03_Bento_Filter_EndocrineTherapy-OFS" status="PASSED">
         <system-out><![CDATA[2022-04-19 19:18:12 - [TEST_CASE][PASSED] - Test Cases/Bento_TestCases/EndocrineTherapy/TC03_Bento_Filter_EndocrineTherapy-OFS: Test Cases/Bento_TestCases/EndocrineTherapy/TC03_Bento_Filter_EndocrineTherapy-OFS

2022-04-19 19:18:12 - [TEST_STEP][PASSED] - Start listener action : getTestScriptName: null

2022-04-19 19:18:12 - [TEST_STEP][PASSED] - TestCaseId = testCaseContext.getTestCaseId(): null

2022-04-19 19:18:12 - [TEST_STEP][PASSED] - out.println("**********this is the value of test case id string******** " + testCaseContext.getTestCaseId()): null

2022-04-19 19:18:12 - [TEST_STEP][PASSED] - G_currentTCName = TestCaseId.substring(TestCaseId.lastIndexOf("TC")): null

2022-04-19 19:18:12 - [TEST_STEP][PASSED] - out.println("This is the test case name : " + G_currentTCName): null

2022-04-19 19:18:12 - [TEST_STEP][PASSED] - closeBrowser(): Browser is closed

2022-04-19 19:18:12 - [MESSAGE][PASSED] - Browser is closed

2022-04-19 19:18:12 - [TEST_STEP][PASSED] - ctdc.utilities.runtestcaseforKatalon.RunKatalon("TC03_Bento_Filter_EndocrineTherapy-OFS.xlsx"): Data loaded from input file for the test case. 

2022-04-19 19:18:12 - [MESSAGE][PASSED] - Test case file loaded This is the full filepath after converting to string :C:\Users\sohilz2\Commons_Automation\InputFiles\TC03_Bento_Filter_EndocrineTherapy-OFS.xlsx

2022-04-19 19:18:12 - [MESSAGE][INFO] - Global variable set for password file is :  C:\Users\sohilz2\Commons_Automation\InputFiles\TC03_Bento_Filter_EndocrineTherapy-OFS.xlsx

2022-04-19 19:18:16 - [MESSAGE][PASSED] - Data loaded from input file for the test case. 

2022-04-19 19:18:33 - [TEST_STEP][PASSED] - waitForElementClickable(findTestObject("Object Repository/Bento/NavBar/Bento_Cases-Btn"), 5): Object 'Object Repository/Bento/NavBar/Bento_Cases-Btn' is clickable

2022-04-19 19:18:34 - [MESSAGE][PASSED] - Object 'Object Repository/Bento/NavBar/Bento_Cases-Btn' is clickable

2022-04-19 19:18:34 - [TEST_STEP][PASSED] - ctdc.utilities.runtestcaseforKatalon.clickTab("Object Repository/Bento/NavBar/Bento_Cases-Btn"): ctdc.utilities.runtestcaseforKatalon.clickTab is PASSED

2022-04-19 19:18:34 - [MESSAGE][PASSED] - ctdc.utilities.runtestcaseforKatalon.clickTab is PASSED

2022-04-19 19:18:34 - [TEST_STEP][PASSED] - waitForElementClickable(findTestObject("Bento/Cases_page/Filter/EndocrineTherapy/ENDOCRINETHERAPY_Ddn"), 5): Object 'Object Repository/Bento/Cases_page/Filter/EndocrineTherapy/ENDOCRINETHERAPY_Ddn' is clickable

2022-04-19 19:18:35 - [MESSAGE][PASSED] - Object 'Object Repository/Bento/Cases_page/Filter/EndocrineTherapy/ENDOCRINETHERAPY_Ddn' is clickable

2022-04-19 19:18:35 - [TEST_STEP][PASSED] - ctdc.utilities.runtestcaseforKatalon.clickTab("Bento/Cases_page/Filter/EndocrineTherapy/ENDOCRINETHERAPY_Ddn"): ctdc.utilities.runtestcaseforKatalon.clickTab is PASSED

2022-04-19 19:18:35 - [MESSAGE][PASSED] - ctdc.utilities.runtestcaseforKatalon.clickTab is PASSED

2022-04-19 19:18:35 - [TEST_STEP][PASSED] - ctdc.utilities.runtestcaseforKatalon.clickTab("Object Repository/Bento/Cases_page/Filter/EndocrineTherapy/OFS_Chkbx"): ctdc.utilities.runtestcaseforKatalon.clickTab is PASSED

2022-04-19 19:18:35 - [MESSAGE][PASSED] - ctdc.utilities.runtestcaseforKatalon.clickTab is PASSED

2022-04-19 19:18:35 - [TEST_STEP][PASSED] - ctdc.utilities.runtestcaseforKatalon.clickTab("Object Repository/Bento/Cases_page/Filter/EndocrineTherapy/ENDOCRINETHERAPY_Ddn"): ctdc.utilities.runtestcaseforKatalon.clickTab is PASSED

2022-04-19 19:18:36 - [MESSAGE][PASSED] - ctdc.utilities.runtestcaseforKatalon.clickTab is PASSED

2022-04-19 19:18:36 - [TEST_STEP][PASSED] - ctdc.utilities.runtestcaseforKatalon.readStatBarBento("Object Repository/Bento/StatBar/Bento_StatBar-Programs", "Object Repository/Bento/StatBar/Bento_StatBar-Arms", "Object Repository/Bento/StatBar/Bento_StatBar-Cases", "Object Repository/Bento/StatBar/Bento_StatBar-Samples", "Object Repository/Bento/StatBar/Bento_StatBar-Assays", "Object Repository/Bento/StatBar/Bento_StatBar-Files"): ctdc.utilities.runtestcaseforKatalon.readStatBarBento is PASSED

2022-04-19 19:18:44 - [MESSAGE][PASSED] - ctdc.utilities.runtestcaseforKatalon.readStatBarBento is PASSED

2022-04-19 19:18:44 - [TEST_STEP][PASSED] - waitForElementPresent(findTestObject("Object Repository/Bento/Cases_page/BentoResults_Cases_Tab"), 5): Object 'Object Repository/Bento/Cases_page/BentoResults_Cases_Tab' is present

2022-04-19 19:18:44 - [MESSAGE][PASSED] - Object 'Object Repository/Bento/Cases_page/BentoResults_Cases_Tab' is present

2022-04-19 19:18:44 - [TEST_STEP][PASSED] - ctdc.utilities.runtestcaseforKatalon.clickTab("Object Repository/Bento/Cases_page/BentoResults_Cases_Tab"): ctdc.utilities.runtestcaseforKatalon.clickTab is PASSED

2022-04-19 19:18:44 - [MESSAGE][PASSED] - ctdc.utilities.runtestcaseforKatalon.clickTab is PASSED

2022-04-19 19:18:44 - [TEST_STEP][PASSED] - ctdc.utilities.runtestcaseforKatalon.multiFunction("Bento", G_StatBar_Cases, "Object Repository/Bento/Cases_page/Bento_CasesTable", "Object Repository/Bento/Cases_page/Bento_CasesTableHeader", "Object Repository/Bento/Cases_page/Bento_CasesTabNextBtn", G_WebTabnameCases, G_CypherTabnameCases, G_QueryCasesTab): Statbar Files count matches

2022-04-19 19:19:15 - [MESSAGE][PASSED] - Statbar Programs count matches

2022-04-19 19:19:15 - [MESSAGE][PASSED] - Statbar Arms count matches

2022-04-19 19:19:15 - [MESSAGE][PASSED] - Statbar Cases count matches

2022-04-19 19:19:15 - [MESSAGE][PASSED] - Statbar Samples count matches

2022-04-19 19:19:15 - [MESSAGE][PASSED] - Statbar Assays count matches

2022-04-19 19:19:15 - [MESSAGE][PASSED] - Statbar Files count matches

2022-04-19 19:19:15 - [TEST_STEP][PASSED] - closeBrowser(): Browser is closed

2022-04-19 19:19:16 - [MESSAGE][PASSED] - Browser is closed]]></system-out>
         <system-err><![CDATA[]]></system-err>
      </testcase>
      <testcase name="Test Cases/Bento_TestCases/EndocrineTherapy/TC04_Bento_Filter_EndocrineTherapy-OFS_AI" time="78.516" classname="Test Cases/Bento_TestCases/EndocrineTherapy/TC04_Bento_Filter_EndocrineTherapy-OFS_AI" status="PASSED">
         <system-out><![CDATA[2022-04-19 19:19:16 - [TEST_CASE][PASSED] - Test Cases/Bento_TestCases/EndocrineTherapy/TC04_Bento_Filter_EndocrineTherapy-OFS_AI: Test Cases/Bento_TestCases/EndocrineTherapy/TC04_Bento_Filter_EndocrineTherapy-OFS_AI

2022-04-19 19:19:16 - [TEST_STEP][PASSED] - Start listener action : getTestScriptName: null

2022-04-19 19:19:16 - [TEST_STEP][PASSED] - TestCaseId = testCaseContext.getTestCaseId(): null

2022-04-19 19:19:16 - [TEST_STEP][PASSED] - out.println("**********this is the value of test case id string******** " + testCaseContext.getTestCaseId()): null

2022-04-19 19:19:16 - [TEST_STEP][PASSED] - G_currentTCName = TestCaseId.substring(TestCaseId.lastIndexOf("TC")): null

2022-04-19 19:19:16 - [TEST_STEP][PASSED] - out.println("This is the test case name : " + G_currentTCName): null

2022-04-19 19:19:16 - [TEST_STEP][PASSED] - closeBrowser(): Browser is closed

2022-04-19 19:19:16 - [MESSAGE][PASSED] - Browser is closed

2022-04-19 19:19:16 - [TEST_STEP][PASSED] - ctdc.utilities.runtestcaseforKatalon.RunKatalon("TC04_Bento_Filter_EndocrineTherapy-OFS_AI.xlsx"): Data loaded from input file for the test case. 

2022-04-19 19:19:16 - [MESSAGE][PASSED] - Test case file loaded This is the full filepath after converting to string :C:\Users\sohilz2\Commons_Automation\InputFiles\TC04_Bento_Filter_EndocrineTherapy-OFS_AI.xlsx

2022-04-19 19:19:16 - [MESSAGE][INFO] - Global variable set for password file is :  C:\Users\sohilz2\Commons_Automation\InputFiles\TC04_Bento_Filter_EndocrineTherapy-OFS_AI.xlsx

2022-04-19 19:19:20 - [MESSAGE][PASSED] - Data loaded from input file for the test case. 

2022-04-19 19:19:38 - [TEST_STEP][PASSED] - waitForElementClickable(findTestObject("Object Repository/Bento/NavBar/Bento_Cases-Btn"), 5): Object 'Object Repository/Bento/NavBar/Bento_Cases-Btn' is clickable

2022-04-19 19:19:38 - [MESSAGE][PASSED] - Object 'Object Repository/Bento/NavBar/Bento_Cases-Btn' is clickable

2022-04-19 19:19:38 - [TEST_STEP][PASSED] - ctdc.utilities.runtestcaseforKatalon.clickTab("Object Repository/Bento/NavBar/Bento_Cases-Btn"): ctdc.utilities.runtestcaseforKatalon.clickTab is PASSED

2022-04-19 19:19:38 - [MESSAGE][PASSED] - ctdc.utilities.runtestcaseforKatalon.clickTab is PASSED

2022-04-19 19:19:38 - [TEST_STEP][PASSED] - waitForElementClickable(findTestObject("Bento/Cases_page/Filter/EndocrineTherapy/ENDOCRINETHERAPY_Ddn"), 5): Object 'Object Repository/Bento/Cases_page/Filter/EndocrineTherapy/ENDOCRINETHERAPY_Ddn' is clickable

2022-04-19 19:19:39 - [MESSAGE][PASSED] - Object 'Object Repository/Bento/Cases_page/Filter/EndocrineTherapy/ENDOCRINETHERAPY_Ddn' is clickable

2022-04-19 19:19:39 - [TEST_STEP][PASSED] - ctdc.utilities.runtestcaseforKatalon.clickTab("Bento/Cases_page/Filter/EndocrineTherapy/ENDOCRINETHERAPY_Ddn"): ctdc.utilities.runtestcaseforKatalon.clickTab is PASSED

2022-04-19 19:19:39 - [MESSAGE][PASSED] - ctdc.utilities.runtestcaseforKatalon.clickTab is PASSED

2022-04-19 19:19:39 - [TEST_STEP][PASSED] - ctdc.utilities.runtestcaseforKatalon.clickTab("Object Repository/Bento/Cases_page/Filter/EndocrineTherapy/OFS-AI_Chkbx"): ctdc.utilities.runtestcaseforKatalon.clickTab is PASSED

2022-04-19 19:19:39 - [MESSAGE][PASSED] - ctdc.utilities.runtestcaseforKatalon.clickTab is PASSED

2022-04-19 19:19:39 - [TEST_STEP][PASSED] - ctdc.utilities.runtestcaseforKatalon.clickTab("Object Repository/Bento/Cases_page/Filter/EndocrineTherapy/ENDOCRINETHERAPY_Ddn"): ctdc.utilities.runtestcaseforKatalon.clickTab is PASSED

2022-04-19 19:19:40 - [MESSAGE][PASSED] - ctdc.utilities.runtestcaseforKatalon.clickTab is PASSED

2022-04-19 19:19:40 - [TEST_STEP][PASSED] - ctdc.utilities.runtestcaseforKatalon.readStatBarBento("Object Repository/Bento/StatBar/Bento_StatBar-Programs", "Object Repository/Bento/StatBar/Bento_StatBar-Arms", "Object Repository/Bento/StatBar/Bento_StatBar-Cases", "Object Repository/Bento/StatBar/Bento_StatBar-Samples", "Object Repository/Bento/StatBar/Bento_StatBar-Assays", "Object Repository/Bento/StatBar/Bento_StatBar-Files"): ctdc.utilities.runtestcaseforKatalon.readStatBarBento is PASSED

2022-04-19 19:19:48 - [MESSAGE][PASSED] - ctdc.utilities.runtestcaseforKatalon.readStatBarBento is PASSED

2022-04-19 19:19:48 - [TEST_STEP][PASSED] - waitForElementPresent(findTestObject("Object Repository/Bento/Cases_page/BentoResults_Cases_Tab"), 5): Object 'Object Repository/Bento/Cases_page/BentoResults_Cases_Tab' is present

2022-04-19 19:19:48 - [MESSAGE][PASSED] - Object 'Object Repository/Bento/Cases_page/BentoResults_Cases_Tab' is present

2022-04-19 19:19:48 - [TEST_STEP][PASSED] - ctdc.utilities.runtestcaseforKatalon.clickTab("Object Repository/Bento/Cases_page/BentoResults_Cases_Tab"): ctdc.utilities.runtestcaseforKatalon.clickTab is PASSED

2022-04-19 19:19:49 - [MESSAGE][PASSED] - ctdc.utilities.runtestcaseforKatalon.clickTab is PASSED

2022-04-19 19:19:49 - [TEST_STEP][PASSED] - ctdc.utilities.runtestcaseforKatalon.multiFunction("Bento", G_StatBar_Cases, "Object Repository/Bento/Cases_page/Bento_CasesTable", "Object Repository/Bento/Cases_page/Bento_CasesTableHeader", "Object Repository/Bento/Cases_page/Bento_CasesTabNextBtn", G_WebTabnameCases, G_CypherTabnameCases, G_QueryCasesTab): Statbar Files count matches

2022-04-19 19:20:34 - [MESSAGE][PASSED] - Statbar Programs count matches

2022-04-19 19:20:34 - [MESSAGE][PASSED] - Statbar Arms count matches

2022-04-19 19:20:34 - [MESSAGE][PASSED] - Statbar Cases count matches

2022-04-19 19:20:34 - [MESSAGE][PASSED] - Statbar Samples count matches

2022-04-19 19:20:34 - [MESSAGE][PASSED] - Statbar Assays count matches

2022-04-19 19:20:34 - [MESSAGE][PASSED] - Statbar Files count matches

2022-04-19 19:20:34 - [TEST_STEP][PASSED] - closeBrowser(): Browser is closed

2022-04-19 19:20:34 - [MESSAGE][PASSED] - Browser is closed]]></system-out>
         <system-err><![CDATA[]]></system-err>
      </testcase>
      <testcase name="Test Cases/Bento_TestCases/EndocrineTherapy/TC06_Bento_Filter_EndocrineTherapy-Tam" time="269.353" classname="Test Cases/Bento_TestCases/EndocrineTherapy/TC06_Bento_Filter_EndocrineTherapy-Tam" status="PASSED">
         <system-out><![CDATA[2022-04-19 19:20:34 - [TEST_CASE][PASSED] - Test Cases/Bento_TestCases/EndocrineTherapy/TC06_Bento_Filter_EndocrineTherapy-Tam: Test Cases/Bento_TestCases/EndocrineTherapy/TC06_Bento_Filter_EndocrineTherapy-Tam

2022-04-19 19:20:34 - [TEST_STEP][PASSED] - Start listener action : getTestScriptName: null

2022-04-19 19:20:34 - [TEST_STEP][PASSED] - TestCaseId = testCaseContext.getTestCaseId(): null

2022-04-19 19:20:34 - [TEST_STEP][PASSED] - out.println("**********this is the value of test case id string******** " + testCaseContext.getTestCaseId()): null

2022-04-19 19:20:34 - [TEST_STEP][PASSED] - G_currentTCName = TestCaseId.substring(TestCaseId.lastIndexOf("TC")): null

2022-04-19 19:20:34 - [TEST_STEP][PASSED] - out.println("This is the test case name : " + G_currentTCName): null

2022-04-19 19:20:35 - [TEST_STEP][PASSED] - closeBrowser(): Browser is closed

2022-04-19 19:20:35 - [MESSAGE][PASSED] - Browser is closed

2022-04-19 19:20:35 - [TEST_STEP][PASSED] - ctdc.utilities.runtestcaseforKatalon.RunKatalon("TC06_Bento_Filter_EndocrineTherapy-Tam.xlsx"): Data loaded from input file for the test case. 

2022-04-19 19:20:35 - [MESSAGE][PASSED] - Test case file loaded This is the full filepath after converting to string :C:\Users\sohilz2\Commons_Automation\InputFiles\TC06_Bento_Filter_EndocrineTherapy-Tam.xlsx

2022-04-19 19:20:35 - [MESSAGE][INFO] - Global variable set for password file is :  C:\Users\sohilz2\Commons_Automation\InputFiles\TC06_Bento_Filter_EndocrineTherapy-Tam.xlsx

2022-04-19 19:20:39 - [MESSAGE][PASSED] - Data loaded from input file for the test case. 

2022-04-19 19:20:56 - [TEST_STEP][PASSED] - waitForElementClickable(findTestObject("Object Repository/Bento/NavBar/Bento_Cases-Btn"), 5): Object 'Object Repository/Bento/NavBar/Bento_Cases-Btn' is clickable

2022-04-19 19:20:56 - [MESSAGE][PASSED] - Object 'Object Repository/Bento/NavBar/Bento_Cases-Btn' is clickable

2022-04-19 19:20:56 - [TEST_STEP][PASSED] - ctdc.utilities.runtestcaseforKatalon.clickTab("Object Repository/Bento/NavBar/Bento_Cases-Btn"): ctdc.utilities.runtestcaseforKatalon.clickTab is PASSED

2022-04-19 19:20:56 - [MESSAGE][PASSED] - ctdc.utilities.runtestcaseforKatalon.clickTab is PASSED

2022-04-19 19:20:56 - [TEST_STEP][PASSED] - waitForElementClickable(findTestObject("Bento/Cases_page/Filter/EndocrineTherapy/ENDOCRINETHERAPY_Ddn"), 5): Object 'Object Repository/Bento/Cases_page/Filter/EndocrineTherapy/ENDOCRINETHERAPY_Ddn' is clickable

2022-04-19 19:20:57 - [MESSAGE][PASSED] - Object 'Object Repository/Bento/Cases_page/Filter/EndocrineTherapy/ENDOCRINETHERAPY_Ddn' is clickable

2022-04-19 19:20:57 - [TEST_STEP][PASSED] - ctdc.utilities.runtestcaseforKatalon.clickTab("Bento/Cases_page/Filter/EndocrineTherapy/ENDOCRINETHERAPY_Ddn"): ctdc.utilities.runtestcaseforKatalon.clickTab is PASSED

2022-04-19 19:20:57 - [MESSAGE][PASSED] - ctdc.utilities.runtestcaseforKatalon.clickTab is PASSED

2022-04-19 19:20:57 - [TEST_STEP][PASSED] - ctdc.utilities.runtestcaseforKatalon.clickTab("Object Repository/Bento/Cases_page/Filter/EndocrineTherapy/Tam_Chkbx"): ctdc.utilities.runtestcaseforKatalon.clickTab is PASSED

2022-04-19 19:20:57 - [MESSAGE][PASSED] - ctdc.utilities.runtestcaseforKatalon.clickTab is PASSED

2022-04-19 19:20:57 - [TEST_STEP][PASSED] - ctdc.utilities.runtestcaseforKatalon.clickTab("Object Repository/Bento/Cases_page/Filter/EndocrineTherapy/ENDOCRINETHERAPY_Ddn"): ctdc.utilities.runtestcaseforKatalon.clickTab is PASSED

2022-04-19 19:20:58 - [MESSAGE][PASSED] - ctdc.utilities.runtestcaseforKatalon.clickTab is PASSED

2022-04-19 19:20:58 - [TEST_STEP][PASSED] - ctdc.utilities.runtestcaseforKatalon.readStatBarBento("Object Repository/Bento/StatBar/Bento_StatBar-Programs", "Object Repository/Bento/StatBar/Bento_StatBar-Arms", "Object Repository/Bento/StatBar/Bento_StatBar-Cases", "Object Repository/Bento/StatBar/Bento_StatBar-Samples", "Object Repository/Bento/StatBar/Bento_StatBar-Assays", "Object Repository/Bento/StatBar/Bento_StatBar-Files"): ctdc.utilities.runtestcaseforKatalon.readStatBarBento is PASSED

2022-04-19 19:21:06 - [MESSAGE][PASSED] - ctdc.utilities.runtestcaseforKatalon.readStatBarBento is PASSED

2022-04-19 19:21:06 - [TEST_STEP][PASSED] - waitForElementPresent(findTestObject("Object Repository/Bento/Cases_page/BentoResults_Cases_Tab"), 5): Object 'Object Repository/Bento/Cases_page/BentoResults_Cases_Tab' is present

2022-04-19 19:21:06 - [MESSAGE][PASSED] - Object 'Object Repository/Bento/Cases_page/BentoResults_Cases_Tab' is present

2022-04-19 19:21:06 - [TEST_STEP][PASSED] - ctdc.utilities.runtestcaseforKatalon.clickTab("Object Repository/Bento/Cases_page/BentoResults_Cases_Tab"): ctdc.utilities.runtestcaseforKatalon.clickTab is PASSED

2022-04-19 19:21:07 - [MESSAGE][PASSED] - ctdc.utilities.runtestcaseforKatalon.clickTab is PASSED

2022-04-19 19:21:07 - [TEST_STEP][PASSED] - ctdc.utilities.runtestcaseforKatalon.multiFunction("Bento", G_StatBar_Cases, "Object Repository/Bento/Cases_page/Bento_CasesTable", "Object Repository/Bento/Cases_page/Bento_CasesTableHeader", "Object Repository/Bento/Cases_page/Bento_CasesTabNextBtn", G_WebTabnameCases, G_CypherTabnameCases, G_QueryCasesTab): Statbar Files count matches

2022-04-19 19:25:03 - [MESSAGE][PASSED] - Statbar Programs count matches

2022-04-19 19:25:03 - [MESSAGE][PASSED] - Statbar Arms count matches

2022-04-19 19:25:03 - [MESSAGE][PASSED] - Statbar Cases count matches

2022-04-19 19:25:03 - [MESSAGE][PASSED] - Statbar Samples count matches

2022-04-19 19:25:03 - [MESSAGE][PASSED] - Statbar Assays count matches

2022-04-19 19:25:03 - [MESSAGE][PASSED] - Statbar Files count matches

2022-04-19 19:25:03 - [TEST_STEP][PASSED] - closeBrowser(): Browser is closed

2022-04-19 19:25:04 - [MESSAGE][PASSED] - Browser is closed]]></system-out>
         <system-err><![CDATA[]]></system-err>
      </testcase>
      <testcase name="Test Cases/Bento_TestCases/EndocrineTherapy/TC07_Bento_Filter_EndocrineTherapy-Tam_AI" time="357.488" classname="Test Cases/Bento_TestCases/EndocrineTherapy/TC07_Bento_Filter_EndocrineTherapy-Tam_AI" status="PASSED">
         <system-out><![CDATA[2022-04-19 19:25:04 - [TEST_CASE][PASSED] - Test Cases/Bento_TestCases/EndocrineTherapy/TC07_Bento_Filter_EndocrineTherapy-Tam_AI: Test Cases/Bento_TestCases/EndocrineTherapy/TC07_Bento_Filter_EndocrineTherapy-Tam_AI

2022-04-19 19:25:04 - [TEST_STEP][PASSED] - Start listener action : getTestScriptName: null

2022-04-19 19:25:04 - [TEST_STEP][PASSED] - TestCaseId = testCaseContext.getTestCaseId(): null

2022-04-19 19:25:04 - [TEST_STEP][PASSED] - out.println("**********this is the value of test case id string******** " + testCaseContext.getTestCaseId()): null

2022-04-19 19:25:04 - [TEST_STEP][PASSED] - G_currentTCName = TestCaseId.substring(TestCaseId.lastIndexOf("TC")): null

2022-04-19 19:25:04 - [TEST_STEP][PASSED] - out.println("This is the test case name : " + G_currentTCName): null

2022-04-19 19:25:04 - [TEST_STEP][PASSED] - closeBrowser(): Browser is closed

2022-04-19 19:25:04 - [MESSAGE][PASSED] - Browser is closed

2022-04-19 19:25:04 - [TEST_STEP][PASSED] - ctdc.utilities.runtestcaseforKatalon.RunKatalon("TC07_Bento_Filter_EndocrineTherapy-Tam_AI.xlsx"): Data loaded from input file for the test case. 

2022-04-19 19:25:04 - [MESSAGE][PASSED] - Test case file loaded This is the full filepath after converting to string :C:\Users\sohilz2\Commons_Automation\InputFiles\TC07_Bento_Filter_EndocrineTherapy-Tam_AI.xlsx

2022-04-19 19:25:04 - [MESSAGE][INFO] - Global variable set for password file is :  C:\Users\sohilz2\Commons_Automation\InputFiles\TC07_Bento_Filter_EndocrineTherapy-Tam_AI.xlsx

2022-04-19 19:25:08 - [MESSAGE][PASSED] - Data loaded from input file for the test case. 

2022-04-19 19:25:25 - [TEST_STEP][PASSED] - waitForElementClickable(findTestObject("Object Repository/Bento/NavBar/Bento_Cases-Btn"), 5): Object 'Object Repository/Bento/NavBar/Bento_Cases-Btn' is clickable

2022-04-19 19:25:25 - [MESSAGE][PASSED] - Object 'Object Repository/Bento/NavBar/Bento_Cases-Btn' is clickable

2022-04-19 19:25:25 - [TEST_STEP][PASSED] - ctdc.utilities.runtestcaseforKatalon.clickTab("Object Repository/Bento/NavBar/Bento_Cases-Btn"): ctdc.utilities.runtestcaseforKatalon.clickTab is PASSED

2022-04-19 19:25:25 - [MESSAGE][PASSED] - ctdc.utilities.runtestcaseforKatalon.clickTab is PASSED

2022-04-19 19:25:25 - [TEST_STEP][PASSED] - waitForElementClickable(findTestObject("Bento/Cases_page/Filter/EndocrineTherapy/ENDOCRINETHERAPY_Ddn"), 5): Object 'Object Repository/Bento/Cases_page/Filter/EndocrineTherapy/ENDOCRINETHERAPY_Ddn' is clickable

2022-04-19 19:25:26 - [MESSAGE][PASSED] - Object 'Object Repository/Bento/Cases_page/Filter/EndocrineTherapy/ENDOCRINETHERAPY_Ddn' is clickable

2022-04-19 19:25:26 - [TEST_STEP][PASSED] - ctdc.utilities.runtestcaseforKatalon.clickTab("Bento/Cases_page/Filter/EndocrineTherapy/ENDOCRINETHERAPY_Ddn"): ctdc.utilities.runtestcaseforKatalon.clickTab is PASSED

2022-04-19 19:25:26 - [MESSAGE][PASSED] - ctdc.utilities.runtestcaseforKatalon.clickTab is PASSED

2022-04-19 19:25:26 - [TEST_STEP][PASSED] - ctdc.utilities.runtestcaseforKatalon.clickTab("Object Repository/Bento/Cases_page/Filter/EndocrineTherapy/Tam-AI_chkbx"): ctdc.utilities.runtestcaseforKatalon.clickTab is PASSED

2022-04-19 19:25:26 - [MESSAGE][PASSED] - ctdc.utilities.runtestcaseforKatalon.clickTab is PASSED

2022-04-19 19:25:26 - [TEST_STEP][PASSED] - ctdc.utilities.runtestcaseforKatalon.clickTab("Object Repository/Bento/Cases_page/Filter/EndocrineTherapy/ENDOCRINETHERAPY_Ddn"): ctdc.utilities.runtestcaseforKatalon.clickTab is PASSED

2022-04-19 19:25:26 - [MESSAGE][PASSED] - ctdc.utilities.runtestcaseforKatalon.clickTab is PASSED

2022-04-19 19:25:26 - [TEST_STEP][PASSED] - ctdc.utilities.runtestcaseforKatalon.readStatBarBento("Object Repository/Bento/StatBar/Bento_StatBar-Programs", "Object Repository/Bento/StatBar/Bento_StatBar-Arms", "Object Repository/Bento/StatBar/Bento_StatBar-Cases", "Object Repository/Bento/StatBar/Bento_StatBar-Samples", "Object Repository/Bento/StatBar/Bento_StatBar-Assays", "Object Repository/Bento/StatBar/Bento_StatBar-Files"): ctdc.utilities.runtestcaseforKatalon.readStatBarBento is PASSED

2022-04-19 19:25:35 - [MESSAGE][PASSED] - ctdc.utilities.runtestcaseforKatalon.readStatBarBento is PASSED

2022-04-19 19:25:35 - [TEST_STEP][PASSED] - waitForElementPresent(findTestObject("Object Repository/Bento/Cases_page/BentoResults_Cases_Tab"), 5): Object 'Object Repository/Bento/Cases_page/BentoResults_Cases_Tab' is present

2022-04-19 19:25:35 - [MESSAGE][PASSED] - Object 'Object Repository/Bento/Cases_page/BentoResults_Cases_Tab' is present

2022-04-19 19:25:35 - [TEST_STEP][PASSED] - ctdc.utilities.runtestcaseforKatalon.clickTab("Object Repository/Bento/Cases_page/BentoResults_Cases_Tab"): ctdc.utilities.runtestcaseforKatalon.clickTab is PASSED

2022-04-19 19:25:35 - [MESSAGE][PASSED] - ctdc.utilities.runtestcaseforKatalon.clickTab is PASSED

2022-04-19 19:25:35 - [TEST_STEP][PASSED] - ctdc.utilities.runtestcaseforKatalon.multiFunction("Bento", G_StatBar_Cases, "Object Repository/Bento/Cases_page/Bento_CasesTable", "Object Repository/Bento/Cases_page/Bento_CasesTableHeader", "Object Repository/Bento/Cases_page/Bento_CasesTabNextBtn", G_WebTabnameCases, G_CypherTabnameCases, G_QueryCasesTab): Statbar Files count matches

2022-04-19 19:31:01 - [MESSAGE][PASSED] - Statbar Programs count matches

2022-04-19 19:31:01 - [MESSAGE][PASSED] - Statbar Arms count matches

2022-04-19 19:31:01 - [MESSAGE][PASSED] - Statbar Cases count matches

2022-04-19 19:31:01 - [MESSAGE][PASSED] - Statbar Samples count matches

2022-04-19 19:31:01 - [MESSAGE][PASSED] - Statbar Assays count matches

2022-04-19 19:31:01 - [MESSAGE][PASSED] - Statbar Files count matches

2022-04-19 19:31:01 - [TEST_STEP][PASSED] - closeBrowser(): Browser is closed

2022-04-19 19:31:01 - [MESSAGE][PASSED] - Browser is closed]]></system-out>
         <system-err><![CDATA[]]></system-err>
      </testcase>
      <testcase name="Test Cases/Bento_TestCases/ERStatus/TC01_Bento_Filter_ERStatus-Negative" time="61.807" classname="Test Cases/Bento_TestCases/ERStatus/TC01_Bento_Filter_ERStatus-Negative" status="PASSED">
         <system-out><![CDATA[2022-04-19 19:31:01 - [TEST_CASE][PASSED] - Test Cases/Bento_TestCases/ERStatus/TC01_Bento_Filter_ERStatus-Negative: Test Cases/Bento_TestCases/ERStatus/TC01_Bento_Filter_ERStatus-Negative

2022-04-19 19:31:01 - [TEST_STEP][PASSED] - Start listener action : getTestScriptName: null

2022-04-19 19:31:01 - [TEST_STEP][PASSED] - TestCaseId = testCaseContext.getTestCaseId(): null

2022-04-19 19:31:01 - [TEST_STEP][PASSED] - out.println("**********this is the value of test case id string******** " + testCaseContext.getTestCaseId()): null

2022-04-19 19:31:01 - [TEST_STEP][PASSED] - G_currentTCName = TestCaseId.substring(TestCaseId.lastIndexOf("TC")): null

2022-04-19 19:31:01 - [TEST_STEP][PASSED] - out.println("This is the test case name : " + G_currentTCName): null

2022-04-19 19:31:02 - [TEST_STEP][PASSED] - closeBrowser(): Browser is closed

2022-04-19 19:31:02 - [MESSAGE][PASSED] - Browser is closed

2022-04-19 19:31:02 - [TEST_STEP][PASSED] - ctdc.utilities.runtestcaseforKatalon.RunKatalon("TC01_Bento_Filter_ERStatus-Negative.xlsx"): Data loaded from input file for the test case. 

2022-04-19 19:31:02 - [MESSAGE][PASSED] - Test case file loaded This is the full filepath after converting to string :C:\Users\sohilz2\Commons_Automation\InputFiles\TC01_Bento_Filter_ERStatus-Negative.xlsx

2022-04-19 19:31:02 - [MESSAGE][INFO] - Global variable set for password file is :  C:\Users\sohilz2\Commons_Automation\InputFiles\TC01_Bento_Filter_ERStatus-Negative.xlsx

2022-04-19 19:31:06 - [MESSAGE][PASSED] - Data loaded from input file for the test case. 

2022-04-19 19:31:23 - [TEST_STEP][PASSED] - waitForElementClickable(findTestObject("Object Repository/Bento/NavBar/Bento_Cases-Btn"), 5): Object 'Object Repository/Bento/NavBar/Bento_Cases-Btn' is clickable

2022-04-19 19:31:23 - [MESSAGE][PASSED] - Object 'Object Repository/Bento/NavBar/Bento_Cases-Btn' is clickable

2022-04-19 19:31:23 - [TEST_STEP][PASSED] - ctdc.utilities.runtestcaseforKatalon.clickTab("Object Repository/Bento/NavBar/Bento_Cases-Btn"): ctdc.utilities.runtestcaseforKatalon.clickTab is PASSED

2022-04-19 19:31:23 - [MESSAGE][PASSED] - ctdc.utilities.runtestcaseforKatalon.clickTab is PASSED

2022-04-19 19:31:23 - [TEST_STEP][PASSED] - waitForElementClickable(findTestObject("Bento/Cases_page/Filter/ERStatus/ERStatus_Ddn"), 5): Object 'Object Repository/Bento/Cases_page/Filter/ERStatus/ERStatus_Ddn' is clickable

2022-04-19 19:31:24 - [MESSAGE][PASSED] - Object 'Object Repository/Bento/Cases_page/Filter/ERStatus/ERStatus_Ddn' is clickable

2022-04-19 19:31:24 - [TEST_STEP][PASSED] - ctdc.utilities.runtestcaseforKatalon.clickTab("Bento/Cases_page/Filter/ERStatus/ERStatus_Ddn"): ctdc.utilities.runtestcaseforKatalon.clickTab is PASSED

2022-04-19 19:31:24 - [MESSAGE][PASSED] - ctdc.utilities.runtestcaseforKatalon.clickTab is PASSED

2022-04-19 19:31:24 - [TEST_STEP][PASSED] - ctdc.utilities.runtestcaseforKatalon.clickTab("Object Repository/Bento/Cases_page/Filter/ERStatus/Negative_Chkbx"): ctdc.utilities.runtestcaseforKatalon.clickTab is PASSED

2022-04-19 19:31:24 - [MESSAGE][PASSED] - ctdc.utilities.runtestcaseforKatalon.clickTab is PASSED

2022-04-19 19:31:24 - [TEST_STEP][PASSED] - ctdc.utilities.runtestcaseforKatalon.clickTab("Object Repository/Bento/Cases_page/Filter/ERStatus/ERStatus_Ddn"): ctdc.utilities.runtestcaseforKatalon.clickTab is PASSED

2022-04-19 19:31:25 - [MESSAGE][PASSED] - ctdc.utilities.runtestcaseforKatalon.clickTab is PASSED

2022-04-19 19:31:25 - [TEST_STEP][PASSED] - ctdc.utilities.runtestcaseforKatalon.readStatBarBento("Object Repository/Bento/StatBar/Bento_StatBar-Programs", "Object Repository/Bento/StatBar/Bento_StatBar-Arms", "Object Repository/Bento/StatBar/Bento_StatBar-Cases", "Object Repository/Bento/StatBar/Bento_StatBar-Samples", "Object Repository/Bento/StatBar/Bento_StatBar-Assays", "Object Repository/Bento/StatBar/Bento_StatBar-Files"): ctdc.utilities.runtestcaseforKatalon.readStatBarBento is PASSED

2022-04-19 19:31:33 - [MESSAGE][PASSED] - ctdc.utilities.runtestcaseforKatalon.readStatBarBento is PASSED

2022-04-19 19:31:33 - [TEST_STEP][PASSED] - waitForElementPresent(findTestObject("Object Repository/Bento/Cases_page/BentoResults_Cases_Tab"), 5): Object 'Object Repository/Bento/Cases_page/BentoResults_Cases_Tab' is present

2022-04-19 19:31:33 - [MESSAGE][PASSED] - Object 'Object Repository/Bento/Cases_page/BentoResults_Cases_Tab' is present

2022-04-19 19:31:33 - [TEST_STEP][PASSED] - ctdc.utilities.runtestcaseforKatalon.clickTab("Object Repository/Bento/Cases_page/BentoResults_Cases_Tab"): ctdc.utilities.runtestcaseforKatalon.clickTab is PASSED

2022-04-19 19:31:33 - [MESSAGE][PASSED] - ctdc.utilities.runtestcaseforKatalon.clickTab is PASSED

2022-04-19 19:31:33 - [TEST_STEP][PASSED] - ctdc.utilities.runtestcaseforKatalon.multiFunction("Bento", G_StatBar_Cases, "Object Repository/Bento/Cases_page/Bento_CasesTable", "Object Repository/Bento/Cases_page/Bento_CasesTableHeader", "Object Repository/Bento/Cases_page/Bento_CasesTabNextBtn", G_WebTabnameCases, G_CypherTabnameCases, G_QueryCasesTab): Statbar Files count matches

2022-04-19 19:32:02 - [MESSAGE][PASSED] - Statbar Programs count matches

2022-04-19 19:32:02 - [MESSAGE][PASSED] - Statbar Arms count matches

2022-04-19 19:32:02 - [MESSAGE][PASSED] - Statbar Cases count matches

2022-04-19 19:32:02 - [MESSAGE][PASSED] - Statbar Samples count matches

2022-04-19 19:32:02 - [MESSAGE][PASSED] - Statbar Assays count matches

2022-04-19 19:32:02 - [MESSAGE][PASSED] - Statbar Files count matches

2022-04-19 19:32:02 - [TEST_STEP][PASSED] - closeBrowser(): Browser is closed

2022-04-19 19:32:03 - [MESSAGE][PASSED] - Browser is closed]]></system-out>
         <system-err><![CDATA[]]></system-err>
      </testcase>
      <testcase name="Test Cases/Bento_TestCases/ERStatus/TC02_Bento_Filter_ERStatus-NotReported" time="61.762" classname="Test Cases/Bento_TestCases/ERStatus/TC02_Bento_Filter_ERStatus-NotReported" status="PASSED">
         <system-out><![CDATA[2022-04-19 19:32:03 - [TEST_CASE][PASSED] - Test Cases/Bento_TestCases/ERStatus/TC02_Bento_Filter_ERStatus-NotReported: Test Cases/Bento_TestCases/ERStatus/TC02_Bento_Filter_ERStatus-NotReported

2022-04-19 19:32:03 - [TEST_STEP][PASSED] - Start listener action : getTestScriptName: null

2022-04-19 19:32:03 - [TEST_STEP][PASSED] - TestCaseId = testCaseContext.getTestCaseId(): null

2022-04-19 19:32:03 - [TEST_STEP][PASSED] - out.println("**********this is the value of test case id string******** " + testCaseContext.getTestCaseId()): null

2022-04-19 19:32:03 - [TEST_STEP][PASSED] - G_currentTCName = TestCaseId.substring(TestCaseId.lastIndexOf("TC")): null

2022-04-19 19:32:03 - [TEST_STEP][PASSED] - out.println("This is the test case name : " + G_currentTCName): null

2022-04-19 19:32:03 - [TEST_STEP][PASSED] - closeBrowser(): Browser is closed

2022-04-19 19:32:03 - [MESSAGE][PASSED] - Browser is closed

2022-04-19 19:32:03 - [TEST_STEP][PASSED] - ctdc.utilities.runtestcaseforKatalon.RunKatalon("TC02_Bento_Filter_ERStatus-NotReported.xlsx"): Data loaded from input file for the test case. 

2022-04-19 19:32:03 - [MESSAGE][PASSED] - Test case file loaded This is the full filepath after converting to string :C:\Users\sohilz2\Commons_Automation\InputFiles\TC02_Bento_Filter_ERStatus-NotReported.xlsx

2022-04-19 19:32:03 - [MESSAGE][INFO] - Global variable set for password file is :  C:\Users\sohilz2\Commons_Automation\InputFiles\TC02_Bento_Filter_ERStatus-NotReported.xlsx

2022-04-19 19:32:08 - [MESSAGE][PASSED] - Data loaded from input file for the test case. 

2022-04-19 19:32:24 - [TEST_STEP][PASSED] - waitForElementClickable(findTestObject("Object Repository/Bento/NavBar/Bento_Cases-Btn"), 5): Object 'Object Repository/Bento/NavBar/Bento_Cases-Btn' is clickable

2022-04-19 19:32:24 - [MESSAGE][PASSED] - Object 'Object Repository/Bento/NavBar/Bento_Cases-Btn' is clickable

2022-04-19 19:32:24 - [TEST_STEP][PASSED] - ctdc.utilities.runtestcaseforKatalon.clickTab("Object Repository/Bento/NavBar/Bento_Cases-Btn"): ctdc.utilities.runtestcaseforKatalon.clickTab is PASSED

2022-04-19 19:32:24 - [MESSAGE][PASSED] - ctdc.utilities.runtestcaseforKatalon.clickTab is PASSED

2022-04-19 19:32:24 - [TEST_STEP][PASSED] - waitForElementClickable(findTestObject("Bento/Cases_page/Filter/ERStatus/ERStatus_Ddn"), 5): Object 'Object Repository/Bento/Cases_page/Filter/ERStatus/ERStatus_Ddn' is clickable

2022-04-19 19:32:25 - [MESSAGE][PASSED] - Object 'Object Repository/Bento/Cases_page/Filter/ERStatus/ERStatus_Ddn' is clickable

2022-04-19 19:32:25 - [TEST_STEP][PASSED] - ctdc.utilities.runtestcaseforKatalon.clickTab("Bento/Cases_page/Filter/ERStatus/ERStatus_Ddn"): ctdc.utilities.runtestcaseforKatalon.clickTab is PASSED

2022-04-19 19:32:25 - [MESSAGE][PASSED] - ctdc.utilities.runtestcaseforKatalon.clickTab is PASSED

2022-04-19 19:32:25 - [TEST_STEP][PASSED] - ctdc.utilities.runtestcaseforKatalon.clickTab("Object Repository/Bento/Cases_page/Filter/ERStatus/NotReported_Chkbx"): ctdc.utilities.runtestcaseforKatalon.clickTab is PASSED

2022-04-19 19:32:25 - [MESSAGE][PASSED] - ctdc.utilities.runtestcaseforKatalon.clickTab is PASSED

2022-04-19 19:32:25 - [TEST_STEP][PASSED] - ctdc.utilities.runtestcaseforKatalon.clickTab("Object Repository/Bento/Cases_page/Filter/ERStatus/ERStatus_Ddn"): ctdc.utilities.runtestcaseforKatalon.clickTab is PASSED

2022-04-19 19:32:25 - [MESSAGE][PASSED] - ctdc.utilities.runtestcaseforKatalon.clickTab is PASSED

2022-04-19 19:32:25 - [TEST_STEP][PASSED] - ctdc.utilities.runtestcaseforKatalon.readStatBarBento("Object Repository/Bento/StatBar/Bento_StatBar-Programs", "Object Repository/Bento/StatBar/Bento_StatBar-Arms", "Object Repository/Bento/StatBar/Bento_StatBar-Cases", "Object Repository/Bento/StatBar/Bento_StatBar-Samples", "Object Repository/Bento/StatBar/Bento_StatBar-Assays", "Object Repository/Bento/StatBar/Bento_StatBar-Files"): ctdc.utilities.runtestcaseforKatalon.readStatBarBento is PASSED

2022-04-19 19:32:34 - [MESSAGE][PASSED] - ctdc.utilities.runtestcaseforKatalon.readStatBarBento is PASSED

2022-04-19 19:32:34 - [TEST_STEP][PASSED] - waitForElementPresent(findTestObject("Object Repository/Bento/Cases_page/BentoResults_Cases_Tab"), 5): Object 'Object Repository/Bento/Cases_page/BentoResults_Cases_Tab' is present

2022-04-19 19:32:34 - [MESSAGE][PASSED] - Object 'Object Repository/Bento/Cases_page/BentoResults_Cases_Tab' is present

2022-04-19 19:32:34 - [TEST_STEP][PASSED] - ctdc.utilities.runtestcaseforKatalon.clickTab("Object Repository/Bento/Cases_page/BentoResults_Cases_Tab"): ctdc.utilities.runtestcaseforKatalon.clickTab is PASSED

2022-04-19 19:32:34 - [MESSAGE][PASSED] - ctdc.utilities.runtestcaseforKatalon.clickTab is PASSED

2022-04-19 19:32:34 - [TEST_STEP][PASSED] - ctdc.utilities.runtestcaseforKatalon.multiFunction("Bento", G_StatBar_Cases, "Object Repository/Bento/Cases_page/Bento_CasesTable", "Object Repository/Bento/Cases_page/Bento_CasesTableHeader", "Object Repository/Bento/Cases_page/Bento_CasesTabNextBtn", G_WebTabnameCases, G_CypherTabnameCases, G_QueryCasesTab): Statbar Files count matches

2022-04-19 19:33:04 - [MESSAGE][PASSED] - Statbar Programs count matches

2022-04-19 19:33:04 - [MESSAGE][PASSED] - Statbar Arms count matches

2022-04-19 19:33:04 - [MESSAGE][PASSED] - Statbar Cases count matches

2022-04-19 19:33:04 - [MESSAGE][PASSED] - Statbar Samples count matches

2022-04-19 19:33:04 - [MESSAGE][PASSED] - Statbar Assays count matches

2022-04-19 19:33:04 - [MESSAGE][PASSED] - Statbar Files count matches

2022-04-19 19:33:04 - [TEST_STEP][PASSED] - closeBrowser(): Browser is closed

2022-04-19 19:33:05 - [MESSAGE][PASSED] - Browser is closed]]></system-out>
         <system-err><![CDATA[]]></system-err>
      </testcase>
      <testcase name="Test Cases/Bento_TestCases/ERStatus/TC03_Bento_Filter_ERStatus-Positive" time="1305.085" classname="Test Cases/Bento_TestCases/ERStatus/TC03_Bento_Filter_ERStatus-Positive" status="PASSED">
         <system-out><![CDATA[2022-04-19 19:33:05 - [TEST_CASE][PASSED] - Test Cases/Bento_TestCases/ERStatus/TC03_Bento_Filter_ERStatus-Positive: Test Cases/Bento_TestCases/ERStatus/TC03_Bento_Filter_ERStatus-Positive

2022-04-19 19:33:05 - [TEST_STEP][PASSED] - Start listener action : getTestScriptName: null

2022-04-19 19:33:05 - [TEST_STEP][PASSED] - TestCaseId = testCaseContext.getTestCaseId(): null

2022-04-19 19:33:05 - [TEST_STEP][PASSED] - out.println("**********this is the value of test case id string******** " + testCaseContext.getTestCaseId()): null

2022-04-19 19:33:05 - [TEST_STEP][PASSED] - G_currentTCName = TestCaseId.substring(TestCaseId.lastIndexOf("TC")): null

2022-04-19 19:33:05 - [TEST_STEP][PASSED] - out.println("This is the test case name : " + G_currentTCName): null

2022-04-19 19:33:05 - [TEST_STEP][PASSED] - closeBrowser(): Browser is closed

2022-04-19 19:33:05 - [MESSAGE][PASSED] - Browser is closed

2022-04-19 19:33:05 - [TEST_STEP][PASSED] - ctdc.utilities.runtestcaseforKatalon.RunKatalon("TC03_Bento_Filter_ERStatus-Positive.xlsx"): Data loaded from input file for the test case. 

2022-04-19 19:33:05 - [MESSAGE][PASSED] - Test case file loaded This is the full filepath after converting to string :C:\Users\sohilz2\Commons_Automation\InputFiles\TC03_Bento_Filter_ERStatus-Positive.xlsx

2022-04-19 19:33:05 - [MESSAGE][INFO] - Global variable set for password file is :  C:\Users\sohilz2\Commons_Automation\InputFiles\TC03_Bento_Filter_ERStatus-Positive.xlsx

2022-04-19 19:33:09 - [MESSAGE][PASSED] - Data loaded from input file for the test case. 

2022-04-19 19:33:27 - [TEST_STEP][PASSED] - waitForElementClickable(findTestObject("Object Repository/Bento/NavBar/Bento_Cases-Btn"), 5): Object 'Object Repository/Bento/NavBar/Bento_Cases-Btn' is clickable

2022-04-19 19:33:27 - [MESSAGE][PASSED] - Object 'Object Repository/Bento/NavBar/Bento_Cases-Btn' is clickable

2022-04-19 19:33:27 - [TEST_STEP][PASSED] - ctdc.utilities.runtestcaseforKatalon.clickTab("Object Repository/Bento/NavBar/Bento_Cases-Btn"): ctdc.utilities.runtestcaseforKatalon.clickTab is PASSED

2022-04-19 19:33:27 - [MESSAGE][PASSED] - ctdc.utilities.runtestcaseforKatalon.clickTab is PASSED

2022-04-19 19:33:27 - [TEST_STEP][PASSED] - waitForElementClickable(findTestObject("Bento/Cases_page/Filter/ERStatus/ERStatus_Ddn"), 5): Object 'Object Repository/Bento/Cases_page/Filter/ERStatus/ERStatus_Ddn' is clickable

2022-04-19 19:33:28 - [MESSAGE][PASSED] - Object 'Object Repository/Bento/Cases_page/Filter/ERStatus/ERStatus_Ddn' is clickable

2022-04-19 19:33:28 - [TEST_STEP][PASSED] - ctdc.utilities.runtestcaseforKatalon.clickTab("Bento/Cases_page/Filter/ERStatus/ERStatus_Ddn"): ctdc.utilities.runtestcaseforKatalon.clickTab is PASSED

2022-04-19 19:33:28 - [MESSAGE][PASSED] - ctdc.utilities.runtestcaseforKatalon.clickTab is PASSED

2022-04-19 19:33:28 - [TEST_STEP][PASSED] - ctdc.utilities.runtestcaseforKatalon.clickTab("Object Repository/Bento/Cases_page/Filter/ERStatus/Positive_Chkbx"): ctdc.utilities.runtestcaseforKatalon.clickTab is PASSED

2022-04-19 19:33:28 - [MESSAGE][PASSED] - ctdc.utilities.runtestcaseforKatalon.clickTab is PASSED

2022-04-19 19:33:28 - [TEST_STEP][PASSED] - ctdc.utilities.runtestcaseforKatalon.clickTab("Object Repository/Bento/Cases_page/Filter/ERStatus/ERStatus_Ddn"): ctdc.utilities.runtestcaseforKatalon.clickTab is PASSED

2022-04-19 19:33:28 - [MESSAGE][PASSED] - ctdc.utilities.runtestcaseforKatalon.clickTab is PASSED

2022-04-19 19:33:28 - [TEST_STEP][PASSED] - ctdc.utilities.runtestcaseforKatalon.readStatBarBento("Object Repository/Bento/StatBar/Bento_StatBar-Programs", "Object Repository/Bento/StatBar/Bento_StatBar-Arms", "Object Repository/Bento/StatBar/Bento_StatBar-Cases", "Object Repository/Bento/StatBar/Bento_StatBar-Samples", "Object Repository/Bento/StatBar/Bento_StatBar-Assays", "Object Repository/Bento/StatBar/Bento_StatBar-Files"): ctdc.utilities.runtestcaseforKatalon.readStatBarBento is PASSED

2022-04-19 19:33:37 - [MESSAGE][PASSED] - ctdc.utilities.runtestcaseforKatalon.readStatBarBento is PASSED

2022-04-19 19:33:37 - [TEST_STEP][PASSED] - waitForElementPresent(findTestObject("Object Repository/Bento/Cases_page/BentoResults_Cases_Tab"), 5): Object 'Object Repository/Bento/Cases_page/BentoResults_Cases_Tab' is present

2022-04-19 19:33:37 - [MESSAGE][PASSED] - Object 'Object Repository/Bento/Cases_page/BentoResults_Cases_Tab' is present

2022-04-19 19:33:37 - [TEST_STEP][PASSED] - ctdc.utilities.runtestcaseforKatalon.clickTab("Object Repository/Bento/Cases_page/BentoResults_Cases_Tab"): ctdc.utilities.runtestcaseforKatalon.clickTab is PASSED

2022-04-19 19:33:37 - [MESSAGE][PASSED] - ctdc.utilities.runtestcaseforKatalon.clickTab is PASSED

2022-04-19 19:33:37 - [TEST_STEP][PASSED] - ctdc.utilities.runtestcaseforKatalon.multiFunction("Bento", G_StatBar_Cases, "Object Repository/Bento/Cases_page/Bento_CasesTable", "Object Repository/Bento/Cases_page/Bento_CasesTableHeader", "Object Repository/Bento/Cases_page/Bento_CasesTabNextBtn", G_WebTabnameCases, G_CypherTabnameCases, G_QueryCasesTab): Statbar Files count matches

2022-04-19 19:54:49 - [MESSAGE][PASSED] - Statbar Programs count matches

2022-04-19 19:54:49 - [MESSAGE][PASSED] - Statbar Arms count matches

2022-04-19 19:54:49 - [MESSAGE][PASSED] - Statbar Cases count matches

2022-04-19 19:54:49 - [MESSAGE][PASSED] - Statbar Samples count matches

2022-04-19 19:54:49 - [MESSAGE][PASSED] - Statbar Assays count matches

2022-04-19 19:54:49 - [MESSAGE][PASSED] - Statbar Files count matches

2022-04-19 19:54:49 - [TEST_STEP][PASSED] - closeBrowser(): Browser is closed

2022-04-19 19:54:50 - [MESSAGE][PASSED] - Browser is closed]]></system-out>
         <system-err><![CDATA[]]></system-err>
      </testcase>
      <testcase name="Test Cases/Bento_TestCases/MenopauseStatus/TC01_Bento_Filter_MenoStatus-Post" time="884.516" classname="Test Cases/Bento_TestCases/MenopauseStatus/TC01_Bento_Filter_MenoStatus-Post" status="PASSED">
         <system-out><![CDATA[2022-04-19 19:54:50 - [TEST_CASE][PASSED] - Test Cases/Bento_TestCases/MenopauseStatus/TC01_Bento_Filter_MenoStatus-Post: Test Cases/Bento_TestCases/MenopauseStatus/TC01_Bento_Filter_MenoStatus-Post

2022-04-19 19:54:50 - [TEST_STEP][PASSED] - Start listener action : getTestScriptName: null

2022-04-19 19:54:50 - [TEST_STEP][PASSED] - TestCaseId = testCaseContext.getTestCaseId(): null

2022-04-19 19:54:50 - [TEST_STEP][PASSED] - out.println("**********this is the value of test case id string******** " + testCaseContext.getTestCaseId()): null

2022-04-19 19:54:50 - [TEST_STEP][PASSED] - G_currentTCName = TestCaseId.substring(TestCaseId.lastIndexOf("TC")): null

2022-04-19 19:54:50 - [TEST_STEP][PASSED] - out.println("This is the test case name : " + G_currentTCName): null

2022-04-19 19:54:50 - [TEST_STEP][PASSED] - closeBrowser(): Browser is closed

2022-04-19 19:54:50 - [MESSAGE][PASSED] - Browser is closed

2022-04-19 19:54:50 - [TEST_STEP][PASSED] - ctdc.utilities.runtestcaseforKatalon.RunKatalon("TC01_Bento_Filter_MenoStatus-Post.xlsx"): Data loaded from input file for the test case. 

2022-04-19 19:54:50 - [MESSAGE][PASSED] - Test case file loaded This is the full filepath after converting to string :C:\Users\sohilz2\Commons_Automation\InputFiles\TC01_Bento_Filter_MenoStatus-Post.xlsx

2022-04-19 19:54:50 - [MESSAGE][INFO] - Global variable set for password file is :  C:\Users\sohilz2\Commons_Automation\InputFiles\TC01_Bento_Filter_MenoStatus-Post.xlsx

2022-04-19 19:54:54 - [MESSAGE][PASSED] - Data loaded from input file for the test case. 

2022-04-19 19:55:13 - [TEST_STEP][PASSED] - waitForElementClickable(findTestObject("Object Repository/Bento/NavBar/Bento_Cases-Btn"), 5): Object 'Object Repository/Bento/NavBar/Bento_Cases-Btn' is clickable

2022-04-19 19:55:13 - [MESSAGE][PASSED] - Object 'Object Repository/Bento/NavBar/Bento_Cases-Btn' is clickable

2022-04-19 19:55:13 - [TEST_STEP][PASSED] - ctdc.utilities.runtestcaseforKatalon.clickTab("Object Repository/Bento/NavBar/Bento_Cases-Btn"): ctdc.utilities.runtestcaseforKatalon.clickTab is PASSED

2022-04-19 19:55:14 - [MESSAGE][PASSED] - ctdc.utilities.runtestcaseforKatalon.clickTab is PASSED

2022-04-19 19:55:14 - [TEST_STEP][PASSED] - waitForElementClickable(findTestObject("Bento/Cases_page/Filter/MenopauseStatus/MenopauseStatus_Ddn"), 5): Object 'Object Repository/Bento/Cases_page/Filter/MenopauseStatus/MenopauseStatus_Ddn' is clickable

2022-04-19 19:55:14 - [MESSAGE][PASSED] - Object 'Object Repository/Bento/Cases_page/Filter/MenopauseStatus/MenopauseStatus_Ddn' is clickable

2022-04-19 19:55:14 - [TEST_STEP][PASSED] - ctdc.utilities.runtestcaseforKatalon.clickTab("Bento/Cases_page/Filter/MenopauseStatus/MenopauseStatus_Ddn"): ctdc.utilities.runtestcaseforKatalon.clickTab is PASSED

2022-04-19 19:55:14 - [MESSAGE][PASSED] - ctdc.utilities.runtestcaseforKatalon.clickTab is PASSED

2022-04-19 19:55:14 - [TEST_STEP][PASSED] - ctdc.utilities.runtestcaseforKatalon.clickTab("Object Repository/Bento/Cases_page/Filter/MenopauseStatus/Post_Chkbx"): ctdc.utilities.runtestcaseforKatalon.clickTab is PASSED

2022-04-19 19:55:15 - [MESSAGE][PASSED] - ctdc.utilities.runtestcaseforKatalon.clickTab is PASSED

2022-04-19 19:55:15 - [TEST_STEP][PASSED] - ctdc.utilities.runtestcaseforKatalon.clickTab("Object Repository/Bento/Cases_page/Filter/MenopauseStatus/MenopauseStatus_Ddn"): ctdc.utilities.runtestcaseforKatalon.clickTab is PASSED

2022-04-19 19:55:15 - [MESSAGE][PASSED] - ctdc.utilities.runtestcaseforKatalon.clickTab is PASSED

2022-04-19 19:55:15 - [TEST_STEP][PASSED] - ctdc.utilities.runtestcaseforKatalon.readStatBarBento("Object Repository/Bento/StatBar/Bento_StatBar-Programs", "Object Repository/Bento/StatBar/Bento_StatBar-Arms", "Object Repository/Bento/StatBar/Bento_StatBar-Cases", "Object Repository/Bento/StatBar/Bento_StatBar-Samples", "Object Repository/Bento/StatBar/Bento_StatBar-Assays", "Object Repository/Bento/StatBar/Bento_StatBar-Files"): ctdc.utilities.runtestcaseforKatalon.readStatBarBento is PASSED

2022-04-19 19:55:24 - [MESSAGE][PASSED] - ctdc.utilities.runtestcaseforKatalon.readStatBarBento is PASSED

2022-04-19 19:55:24 - [TEST_STEP][PASSED] - waitForElementPresent(findTestObject("Object Repository/Bento/Cases_page/BentoResults_Cases_Tab"), 5): Object 'Object Repository/Bento/Cases_page/BentoResults_Cases_Tab' is present

2022-04-19 19:55:24 - [MESSAGE][PASSED] - Object 'Object Repository/Bento/Cases_page/BentoResults_Cases_Tab' is present

2022-04-19 19:55:24 - [TEST_STEP][PASSED] - ctdc.utilities.runtestcaseforKatalon.clickTab("Object Repository/Bento/Cases_page/BentoResults_Cases_Tab"): ctdc.utilities.runtestcaseforKatalon.clickTab is PASSED

2022-04-19 19:55:24 - [MESSAGE][PASSED] - ctdc.utilities.runtestcaseforKatalon.clickTab is PASSED

2022-04-19 19:55:24 - [TEST_STEP][PASSED] - ctdc.utilities.runtestcaseforKatalon.multiFunction("Bento", G_StatBar_Cases, "Object Repository/Bento/Cases_page/Bento_CasesTable", "Object Repository/Bento/Cases_page/Bento_CasesTableHeader", "Object Repository/Bento/Cases_page/Bento_CasesTabNextBtn", G_WebTabnameCases, G_CypherTabnameCases, G_QueryCasesTab): Statbar Files count matches

2022-04-19 20:09:34 - [MESSAGE][PASSED] - Statbar Programs count matches

2022-04-19 20:09:34 - [MESSAGE][PASSED] - Statbar Arms count matches

2022-04-19 20:09:34 - [MESSAGE][PASSED] - Statbar Cases count matches

2022-04-19 20:09:34 - [MESSAGE][PASSED] - Statbar Samples count matches

2022-04-19 20:09:34 - [MESSAGE][PASSED] - Statbar Assays count matches

2022-04-19 20:09:34 - [MESSAGE][PASSED] - Statbar Files count matches

2022-04-19 20:09:34 - [TEST_STEP][PASSED] - closeBrowser(): Browser is closed

2022-04-19 20:09:34 - [MESSAGE][PASSED] - Browser is closed]]></system-out>
         <system-err><![CDATA[]]></system-err>
      </testcase>
      <testcase name="Test Cases/Bento_TestCases/MenopauseStatus/TC02_Bento_Filter_MenoStatus-Pre" time="509.174" classname="Test Cases/Bento_TestCases/MenopauseStatus/TC02_Bento_Filter_MenoStatus-Pre" status="PASSED">
         <system-out><![CDATA[2022-04-19 20:09:34 - [TEST_CASE][PASSED] - Test Cases/Bento_TestCases/MenopauseStatus/TC02_Bento_Filter_MenoStatus-Pre: Test Cases/Bento_TestCases/MenopauseStatus/TC02_Bento_Filter_MenoStatus-Pre

2022-04-19 20:09:34 - [TEST_STEP][PASSED] - Start listener action : getTestScriptName: null

2022-04-19 20:09:34 - [TEST_STEP][PASSED] - TestCaseId = testCaseContext.getTestCaseId(): null

2022-04-19 20:09:34 - [TEST_STEP][PASSED] - out.println("**********this is the value of test case id string******** " + testCaseContext.getTestCaseId()): null

2022-04-19 20:09:34 - [TEST_STEP][PASSED] - G_currentTCName = TestCaseId.substring(TestCaseId.lastIndexOf("TC")): null

2022-04-19 20:09:34 - [TEST_STEP][PASSED] - out.println("This is the test case name : " + G_currentTCName): null

2022-04-19 20:09:35 - [TEST_STEP][PASSED] - closeBrowser(): Browser is closed

2022-04-19 20:09:35 - [MESSAGE][PASSED] - Browser is closed

2022-04-19 20:09:35 - [TEST_STEP][PASSED] - ctdc.utilities.runtestcaseforKatalon.RunKatalon("TC02_Bento_Filter_MenoStatus-Pre.xlsx"): Data loaded from input file for the test case. 

2022-04-19 20:09:35 - [MESSAGE][PASSED] - Test case file loaded This is the full filepath after converting to string :C:\Users\sohilz2\Commons_Automation\InputFiles\TC02_Bento_Filter_MenoStatus-Pre.xlsx

2022-04-19 20:09:35 - [MESSAGE][INFO] - Global variable set for password file is :  C:\Users\sohilz2\Commons_Automation\InputFiles\TC02_Bento_Filter_MenoStatus-Pre.xlsx

2022-04-19 20:09:39 - [MESSAGE][PASSED] - Data loaded from input file for the test case. 

2022-04-19 20:10:07 - [TEST_STEP][PASSED] - waitForElementClickable(findTestObject("Object Repository/Bento/NavBar/Bento_Cases-Btn"), 5): Object 'Object Repository/Bento/NavBar/Bento_Cases-Btn' is clickable

2022-04-19 20:10:07 - [MESSAGE][PASSED] - Object 'Object Repository/Bento/NavBar/Bento_Cases-Btn' is clickable

2022-04-19 20:10:07 - [TEST_STEP][PASSED] - ctdc.utilities.runtestcaseforKatalon.clickTab("Object Repository/Bento/NavBar/Bento_Cases-Btn"): ctdc.utilities.runtestcaseforKatalon.clickTab is PASSED

2022-04-19 20:10:07 - [MESSAGE][PASSED] - ctdc.utilities.runtestcaseforKatalon.clickTab is PASSED

2022-04-19 20:10:07 - [TEST_STEP][PASSED] - waitForElementClickable(findTestObject("Bento/Cases_page/Filter/MenopauseStatus/MenopauseStatus_Ddn"), 5): Object 'Object Repository/Bento/Cases_page/Filter/MenopauseStatus/MenopauseStatus_Ddn' is clickable

2022-04-19 20:10:08 - [MESSAGE][PASSED] - Object 'Object Repository/Bento/Cases_page/Filter/MenopauseStatus/MenopauseStatus_Ddn' is clickable

2022-04-19 20:10:08 - [TEST_STEP][PASSED] - ctdc.utilities.runtestcaseforKatalon.clickTab("Bento/Cases_page/Filter/MenopauseStatus/MenopauseStatus_Ddn"): ctdc.utilities.runtestcaseforKatalon.clickTab is PASSED

2022-04-19 20:10:08 - [MESSAGE][PASSED] - ctdc.utilities.runtestcaseforKatalon.clickTab is PASSED

2022-04-19 20:10:08 - [TEST_STEP][PASSED] - ctdc.utilities.runtestcaseforKatalon.clickTab("Object Repository/Bento/Cases_page/Filter/MenopauseStatus/Pre_Chkbx"): ctdc.utilities.runtestcaseforKatalon.clickTab is PASSED

2022-04-19 20:10:08 - [MESSAGE][PASSED] - ctdc.utilities.runtestcaseforKatalon.clickTab is PASSED

2022-04-19 20:10:08 - [TEST_STEP][PASSED] - ctdc.utilities.runtestcaseforKatalon.clickTab("Object Repository/Bento/Cases_page/Filter/MenopauseStatus/MenopauseStatus_Ddn"): ctdc.utilities.runtestcaseforKatalon.clickTab is PASSED

2022-04-19 20:10:09 - [MESSAGE][PASSED] - ctdc.utilities.runtestcaseforKatalon.clickTab is PASSED

2022-04-19 20:10:09 - [TEST_STEP][PASSED] - ctdc.utilities.runtestcaseforKatalon.readStatBarBento("Object Repository/Bento/StatBar/Bento_StatBar-Programs", "Object Repository/Bento/StatBar/Bento_StatBar-Arms", "Object Repository/Bento/StatBar/Bento_StatBar-Cases", "Object Repository/Bento/StatBar/Bento_StatBar-Samples", "Object Repository/Bento/StatBar/Bento_StatBar-Assays", "Object Repository/Bento/StatBar/Bento_StatBar-Files"): ctdc.utilities.runtestcaseforKatalon.readStatBarBento is PASSED

2022-04-19 20:10:17 - [MESSAGE][PASSED] - ctdc.utilities.runtestcaseforKatalon.readStatBarBento is PASSED

2022-04-19 20:10:17 - [TEST_STEP][PASSED] - waitForElementPresent(findTestObject("Object Repository/Bento/Cases_page/BentoResults_Cases_Tab"), 5): Object 'Object Repository/Bento/Cases_page/BentoResults_Cases_Tab' is present

2022-04-19 20:10:18 - [MESSAGE][PASSED] - Object 'Object Repository/Bento/Cases_page/BentoResults_Cases_Tab' is present

2022-04-19 20:10:18 - [TEST_STEP][PASSED] - ctdc.utilities.runtestcaseforKatalon.clickTab("Object Repository/Bento/Cases_page/BentoResults_Cases_Tab"): ctdc.utilities.runtestcaseforKatalon.clickTab is PASSED

2022-04-19 20:10:18 - [MESSAGE][PASSED] - ctdc.utilities.runtestcaseforKatalon.clickTab is PASSED

2022-04-19 20:10:18 - [TEST_STEP][PASSED] - ctdc.utilities.runtestcaseforKatalon.multiFunction("Bento", G_StatBar_Cases, "Object Repository/Bento/Cases_page/Bento_CasesTable", "Object Repository/Bento/Cases_page/Bento_CasesTableHeader", "Object Repository/Bento/Cases_page/Bento_CasesTabNextBtn", G_WebTabnameCases, G_CypherTabnameCases, G_QueryCasesTab): Statbar Files count matches

2022-04-19 20:18:03 - [MESSAGE][PASSED] - Statbar Programs count matches

2022-04-19 20:18:03 - [MESSAGE][PASSED] - Statbar Arms count matches

2022-04-19 20:18:03 - [MESSAGE][PASSED] - Statbar Cases count matches

2022-04-19 20:18:03 - [MESSAGE][PASSED] - Statbar Samples count matches

2022-04-19 20:18:03 - [MESSAGE][PASSED] - Statbar Assays count matches

2022-04-19 20:18:03 - [MESSAGE][PASSED] - Statbar Files count matches

2022-04-19 20:18:03 - [TEST_STEP][PASSED] - closeBrowser(): Browser is closed

2022-04-19 20:18:04 - [MESSAGE][PASSED] - Browser is closed]]></system-out>
         <system-err><![CDATA[]]></system-err>
      </testcase>
      <testcase name="Test Cases/Bento_TestCases/PRStatus/TC01_Bento_Filter_PRStatus-Negative" time="157.602" classname="Test Cases/Bento_TestCases/PRStatus/TC01_Bento_Filter_PRStatus-Negative" status="PASSED">
         <system-out><![CDATA[2022-04-19 20:18:04 - [TEST_CASE][PASSED] - Test Cases/Bento_TestCases/PRStatus/TC01_Bento_Filter_PRStatus-Negative: Test Cases/Bento_TestCases/PRStatus/TC01_Bento_Filter_PRStatus-Negative

2022-04-19 20:18:04 - [TEST_STEP][PASSED] - Start listener action : getTestScriptName: null

2022-04-19 20:18:04 - [TEST_STEP][PASSED] - TestCaseId = testCaseContext.getTestCaseId(): null

2022-04-19 20:18:04 - [TEST_STEP][PASSED] - out.println("**********this is the value of test case id string******** " + testCaseContext.getTestCaseId()): null

2022-04-19 20:18:04 - [TEST_STEP][PASSED] - G_currentTCName = TestCaseId.substring(TestCaseId.lastIndexOf("TC")): null

2022-04-19 20:18:04 - [TEST_STEP][PASSED] - out.println("This is the test case name : " + G_currentTCName): null

2022-04-19 20:18:04 - [TEST_STEP][PASSED] - closeBrowser(): Browser is closed

2022-04-19 20:18:04 - [MESSAGE][PASSED] - Browser is closed

2022-04-19 20:18:04 - [TEST_STEP][PASSED] - ctdc.utilities.runtestcaseforKatalon.RunKatalon("TC01_Bento_Filter_PRStatus-Negative.xlsx"): Data loaded from input file for the test case. 

2022-04-19 20:18:04 - [MESSAGE][PASSED] - Test case file loaded This is the full filepath after converting to string :C:\Users\sohilz2\Commons_Automation\InputFiles\TC01_Bento_Filter_PRStatus-Negative.xlsx

2022-04-19 20:18:04 - [MESSAGE][INFO] - Global variable set for password file is :  C:\Users\sohilz2\Commons_Automation\InputFiles\TC01_Bento_Filter_PRStatus-Negative.xlsx

2022-04-19 20:18:08 - [MESSAGE][PASSED] - Data loaded from input file for the test case. 

2022-04-19 20:18:28 - [TEST_STEP][PASSED] - waitForElementClickable(findTestObject("Object Repository/Bento/NavBar/Bento_Cases-Btn"), 5): Object 'Object Repository/Bento/NavBar/Bento_Cases-Btn' is clickable

2022-04-19 20:18:28 - [MESSAGE][PASSED] - Object 'Object Repository/Bento/NavBar/Bento_Cases-Btn' is clickable

2022-04-19 20:18:28 - [TEST_STEP][PASSED] - ctdc.utilities.runtestcaseforKatalon.clickTab("Object Repository/Bento/NavBar/Bento_Cases-Btn"): ctdc.utilities.runtestcaseforKatalon.clickTab is PASSED

2022-04-19 20:18:28 - [MESSAGE][PASSED] - ctdc.utilities.runtestcaseforKatalon.clickTab is PASSED

2022-04-19 20:18:28 - [TEST_STEP][PASSED] - waitForElementClickable(findTestObject("Bento/Cases_page/Filter/PRStatus/PRStatus_Ddn"), 5): Object 'Object Repository/Bento/Cases_page/Filter/PRStatus/PRStatus_Ddn' is clickable

2022-04-19 20:18:29 - [MESSAGE][PASSED] - Object 'Object Repository/Bento/Cases_page/Filter/PRStatus/PRStatus_Ddn' is clickable

2022-04-19 20:18:29 - [TEST_STEP][PASSED] - ctdc.utilities.runtestcaseforKatalon.clickTab("Bento/Cases_page/Filter/PRStatus/PRStatus_Ddn"): ctdc.utilities.runtestcaseforKatalon.clickTab is PASSED

2022-04-19 20:18:30 - [MESSAGE][PASSED] - ctdc.utilities.runtestcaseforKatalon.clickTab is PASSED

2022-04-19 20:18:30 - [TEST_STEP][PASSED] - ctdc.utilities.runtestcaseforKatalon.clickTab("Object Repository/Bento/Cases_page/Filter/PRStatus/Negative_Chkbx"): ctdc.utilities.runtestcaseforKatalon.clickTab is PASSED

2022-04-19 20:18:30 - [MESSAGE][PASSED] - ctdc.utilities.runtestcaseforKatalon.clickTab is PASSED

2022-04-19 20:18:30 - [TEST_STEP][PASSED] - ctdc.utilities.runtestcaseforKatalon.clickTab("Object Repository/Bento/Cases_page/Filter/PRStatus/PRStatus_Ddn"): ctdc.utilities.runtestcaseforKatalon.clickTab is PASSED

2022-04-19 20:18:30 - [MESSAGE][PASSED] - ctdc.utilities.runtestcaseforKatalon.clickTab is PASSED

2022-04-19 20:18:30 - [TEST_STEP][PASSED] - ctdc.utilities.runtestcaseforKatalon.readStatBarBento("Object Repository/Bento/StatBar/Bento_StatBar-Programs", "Object Repository/Bento/StatBar/Bento_StatBar-Arms", "Object Repository/Bento/StatBar/Bento_StatBar-Cases", "Object Repository/Bento/StatBar/Bento_StatBar-Samples", "Object Repository/Bento/StatBar/Bento_StatBar-Assays", "Object Repository/Bento/StatBar/Bento_StatBar-Files"): ctdc.utilities.runtestcaseforKatalon.readStatBarBento is PASSED

2022-04-19 20:18:39 - [MESSAGE][PASSED] - ctdc.utilities.runtestcaseforKatalon.readStatBarBento is PASSED

2022-04-19 20:18:39 - [TEST_STEP][PASSED] - waitForElementPresent(findTestObject("Object Repository/Bento/Cases_page/BentoResults_Cases_Tab"), 5): Object 'Object Repository/Bento/Cases_page/BentoResults_Cases_Tab' is present

2022-04-19 20:18:39 - [MESSAGE][PASSED] - Object 'Object Repository/Bento/Cases_page/BentoResults_Cases_Tab' is present

2022-04-19 20:18:39 - [TEST_STEP][PASSED] - ctdc.utilities.runtestcaseforKatalon.clickTab("Object Repository/Bento/Cases_page/BentoResults_Cases_Tab"): ctdc.utilities.runtestcaseforKatalon.clickTab is PASSED

2022-04-19 20:18:39 - [MESSAGE][PASSED] - ctdc.utilities.runtestcaseforKatalon.clickTab is PASSED

2022-04-19 20:18:39 - [TEST_STEP][PASSED] - ctdc.utilities.runtestcaseforKatalon.multiFunction("Bento", G_StatBar_Cases, "Object Repository/Bento/Cases_page/Bento_CasesTable", "Object Repository/Bento/Cases_page/Bento_CasesTableHeader", "Object Repository/Bento/Cases_page/Bento_CasesTabNextBtn", G_WebTabnameCases, G_CypherTabnameCases, G_QueryCasesTab): Statbar Files count matches

2022-04-19 20:20:41 - [MESSAGE][PASSED] - Statbar Programs count matches

2022-04-19 20:20:41 - [MESSAGE][PASSED] - Statbar Arms count matches

2022-04-19 20:20:41 - [MESSAGE][PASSED] - Statbar Cases count matches

2022-04-19 20:20:41 - [MESSAGE][PASSED] - Statbar Samples count matches

2022-04-19 20:20:41 - [MESSAGE][PASSED] - Statbar Assays count matches

2022-04-19 20:20:41 - [MESSAGE][PASSED] - Statbar Files count matches

2022-04-19 20:20:41 - [TEST_STEP][PASSED] - closeBrowser(): Browser is closed

2022-04-19 20:20:41 - [MESSAGE][PASSED] - Browser is closed]]></system-out>
         <system-err><![CDATA[]]></system-err>
      </testcase>
      <testcase name="Test Cases/Bento_TestCases/PRStatus/TC02_Bento_Filter_PRStatus-NotReported" time="92.993" classname="Test Cases/Bento_TestCases/PRStatus/TC02_Bento_Filter_PRStatus-NotReported" status="PASSED">
         <system-out><![CDATA[2022-04-19 20:20:41 - [TEST_CASE][PASSED] - Test Cases/Bento_TestCases/PRStatus/TC02_Bento_Filter_PRStatus-NotReported: Test Cases/Bento_TestCases/PRStatus/TC02_Bento_Filter_PRStatus-NotReported

2022-04-19 20:20:41 - [TEST_STEP][PASSED] - Start listener action : getTestScriptName: null

2022-04-19 20:20:41 - [TEST_STEP][PASSED] - TestCaseId = testCaseContext.getTestCaseId(): null

2022-04-19 20:20:41 - [TEST_STEP][PASSED] - out.println("**********this is the value of test case id string******** " + testCaseContext.getTestCaseId()): null

2022-04-19 20:20:41 - [TEST_STEP][PASSED] - G_currentTCName = TestCaseId.substring(TestCaseId.lastIndexOf("TC")): null

2022-04-19 20:20:41 - [TEST_STEP][PASSED] - out.println("This is the test case name : " + G_currentTCName): null

2022-04-19 20:20:42 - [TEST_STEP][PASSED] - closeBrowser(): Browser is closed

2022-04-19 20:20:42 - [MESSAGE][PASSED] - Browser is closed

2022-04-19 20:20:42 - [TEST_STEP][PASSED] - ctdc.utilities.runtestcaseforKatalon.RunKatalon("TC02_Bento_Filter_PRStatus-NotReported.xlsx"): Data loaded from input file for the test case. 

2022-04-19 20:20:42 - [MESSAGE][PASSED] - Test case file loaded This is the full filepath after converting to string :C:\Users\sohilz2\Commons_Automation\InputFiles\TC02_Bento_Filter_PRStatus-NotReported.xlsx

2022-04-19 20:20:42 - [MESSAGE][INFO] - Global variable set for password file is :  C:\Users\sohilz2\Commons_Automation\InputFiles\TC02_Bento_Filter_PRStatus-NotReported.xlsx

2022-04-19 20:20:46 - [MESSAGE][PASSED] - Data loaded from input file for the test case. 

2022-04-19 20:21:05 - [TEST_STEP][PASSED] - waitForElementClickable(findTestObject("Object Repository/Bento/NavBar/Bento_Cases-Btn"), 5): Object 'Object Repository/Bento/NavBar/Bento_Cases-Btn' is clickable

2022-04-19 20:21:05 - [MESSAGE][PASSED] - Object 'Object Repository/Bento/NavBar/Bento_Cases-Btn' is clickable

2022-04-19 20:21:05 - [TEST_STEP][PASSED] - ctdc.utilities.runtestcaseforKatalon.clickTab("Object Repository/Bento/NavBar/Bento_Cases-Btn"): ctdc.utilities.runtestcaseforKatalon.clickTab is PASSED

2022-04-19 20:21:05 - [MESSAGE][PASSED] - ctdc.utilities.runtestcaseforKatalon.clickTab is PASSED

2022-04-19 20:21:05 - [TEST_STEP][PASSED] - waitForElementClickable(findTestObject("Bento/Cases_page/Filter/PRStatus/PRStatus_Ddn"), 5): Object 'Object Repository/Bento/Cases_page/Filter/PRStatus/PRStatus_Ddn' is clickable

2022-04-19 20:21:06 - [MESSAGE][PASSED] - Object 'Object Repository/Bento/Cases_page/Filter/PRStatus/PRStatus_Ddn' is clickable

2022-04-19 20:21:06 - [TEST_STEP][PASSED] - ctdc.utilities.runtestcaseforKatalon.clickTab("Bento/Cases_page/Filter/PRStatus/PRStatus_Ddn"): ctdc.utilities.runtestcaseforKatalon.clickTab is PASSED

2022-04-19 20:21:06 - [MESSAGE][PASSED] - ctdc.utilities.runtestcaseforKatalon.clickTab is PASSED

2022-04-19 20:21:06 - [TEST_STEP][PASSED] - ctdc.utilities.runtestcaseforKatalon.clickTab("Object Repository/Bento/Cases_page/Filter/PRStatus/NotReported_Chkbx"): ctdc.utilities.runtestcaseforKatalon.clickTab is PASSED

2022-04-19 20:21:06 - [MESSAGE][PASSED] - ctdc.utilities.runtestcaseforKatalon.clickTab is PASSED

2022-04-19 20:21:06 - [TEST_STEP][PASSED] - ctdc.utilities.runtestcaseforKatalon.clickTab("Object Repository/Bento/Cases_page/Filter/PRStatus/PRStatus_Ddn"): ctdc.utilities.runtestcaseforKatalon.clickTab is PASSED

2022-04-19 20:21:07 - [MESSAGE][PASSED] - ctdc.utilities.runtestcaseforKatalon.clickTab is PASSED

2022-04-19 20:21:07 - [TEST_STEP][PASSED] - ctdc.utilities.runtestcaseforKatalon.readStatBarBento("Object Repository/Bento/StatBar/Bento_StatBar-Programs", "Object Repository/Bento/StatBar/Bento_StatBar-Arms", "Object Repository/Bento/StatBar/Bento_StatBar-Cases", "Object Repository/Bento/StatBar/Bento_StatBar-Samples", "Object Repository/Bento/StatBar/Bento_StatBar-Assays", "Object Repository/Bento/StatBar/Bento_StatBar-Files"): ctdc.utilities.runtestcaseforKatalon.readStatBarBento is PASSED

2022-04-19 20:21:15 - [MESSAGE][PASSED] - ctdc.utilities.runtestcaseforKatalon.readStatBarBento is PASSED

2022-04-19 20:21:15 - [TEST_STEP][PASSED] - waitForElementPresent(findTestObject("Object Repository/Bento/Cases_page/BentoResults_Cases_Tab"), 5): Object 'Object Repository/Bento/Cases_page/BentoResults_Cases_Tab' is present

2022-04-19 20:21:15 - [MESSAGE][PASSED] - Object 'Object Repository/Bento/Cases_page/BentoResults_Cases_Tab' is present

2022-04-19 20:21:15 - [TEST_STEP][PASSED] - ctdc.utilities.runtestcaseforKatalon.clickTab("Object Repository/Bento/Cases_page/BentoResults_Cases_Tab"): ctdc.utilities.runtestcaseforKatalon.clickTab is PASSED

2022-04-19 20:21:16 - [MESSAGE][PASSED] - ctdc.utilities.runtestcaseforKatalon.clickTab is PASSED

2022-04-19 20:21:16 - [TEST_STEP][PASSED] - ctdc.utilities.runtestcaseforKatalon.multiFunction("Bento", G_StatBar_Cases, "Object Repository/Bento/Cases_page/Bento_CasesTable", "Object Repository/Bento/Cases_page/Bento_CasesTableHeader", "Object Repository/Bento/Cases_page/Bento_CasesTabNextBtn", G_WebTabnameCases, G_CypherTabnameCases, G_QueryCasesTab): Statbar Files count matches

2022-04-19 20:22:14 - [MESSAGE][PASSED] - Statbar Programs count matches

2022-04-19 20:22:14 - [MESSAGE][PASSED] - Statbar Arms count matches

2022-04-19 20:22:14 - [MESSAGE][PASSED] - Statbar Cases count matches

2022-04-19 20:22:14 - [MESSAGE][PASSED] - Statbar Samples count matches

2022-04-19 20:22:14 - [MESSAGE][PASSED] - Statbar Assays count matches

2022-04-19 20:22:14 - [MESSAGE][PASSED] - Statbar Files count matches

2022-04-19 20:22:14 - [TEST_STEP][PASSED] - closeBrowser(): Browser is closed

2022-04-19 20:22:14 - [MESSAGE][PASSED] - Browser is closed]]></system-out>
         <system-err><![CDATA[]]></system-err>
      </testcase>
      <testcase name="Test Cases/Bento_TestCases/PRStatus/TC03_Bento_Filter_PRStatus-Positive" time="1196.807" classname="Test Cases/Bento_TestCases/PRStatus/TC03_Bento_Filter_PRStatus-Positive" status="PASSED">
         <system-out><![CDATA[2022-04-19 20:22:14 - [TEST_CASE][PASSED] - Test Cases/Bento_TestCases/PRStatus/TC03_Bento_Filter_PRStatus-Positive: Test Cases/Bento_TestCases/PRStatus/TC03_Bento_Filter_PRStatus-Positive

2022-04-19 20:22:14 - [TEST_STEP][PASSED] - Start listener action : getTestScriptName: null

2022-04-19 20:22:14 - [TEST_STEP][PASSED] - TestCaseId = testCaseContext.getTestCaseId(): null

2022-04-19 20:22:14 - [TEST_STEP][PASSED] - out.println("**********this is the value of test case id string******** " + testCaseContext.getTestCaseId()): null

2022-04-19 20:22:14 - [TEST_STEP][PASSED] - G_currentTCName = TestCaseId.substring(TestCaseId.lastIndexOf("TC")): null

2022-04-19 20:22:14 - [TEST_STEP][PASSED] - out.println("This is the test case name : " + G_currentTCName): null

2022-04-19 20:22:15 - [TEST_STEP][PASSED] - closeBrowser(): Browser is closed

2022-04-19 20:22:15 - [MESSAGE][PASSED] - Browser is closed

2022-04-19 20:22:15 - [TEST_STEP][PASSED] - ctdc.utilities.runtestcaseforKatalon.RunKatalon("TC03_Bento_Filter_PRStatus-Positive.xlsx"): Data loaded from input file for the test case. 

2022-04-19 20:22:15 - [MESSAGE][PASSED] - Test case file loaded This is the full filepath after converting to string :C:\Users\sohilz2\Commons_Automation\InputFiles\TC03_Bento_Filter_PRStatus-Positive.xlsx

2022-04-19 20:22:15 - [MESSAGE][INFO] - Global variable set for password file is :  C:\Users\sohilz2\Commons_Automation\InputFiles\TC03_Bento_Filter_PRStatus-Positive.xlsx

2022-04-19 20:22:19 - [MESSAGE][PASSED] - Data loaded from input file for the test case. 

2022-04-19 20:22:40 - [TEST_STEP][PASSED] - waitForElementClickable(findTestObject("Object Repository/Bento/NavBar/Bento_Cases-Btn"), 5): Object 'Object Repository/Bento/NavBar/Bento_Cases-Btn' is clickable

2022-04-19 20:22:40 - [MESSAGE][PASSED] - Object 'Object Repository/Bento/NavBar/Bento_Cases-Btn' is clickable

2022-04-19 20:22:40 - [TEST_STEP][PASSED] - ctdc.utilities.runtestcaseforKatalon.clickTab("Object Repository/Bento/NavBar/Bento_Cases-Btn"): ctdc.utilities.runtestcaseforKatalon.clickTab is PASSED

2022-04-19 20:22:40 - [MESSAGE][PASSED] - ctdc.utilities.runtestcaseforKatalon.clickTab is PASSED

2022-04-19 20:22:40 - [TEST_STEP][PASSED] - waitForElementClickable(findTestObject("Bento/Cases_page/Filter/PRStatus/PRStatus_Ddn"), 5): Object 'Object Repository/Bento/Cases_page/Filter/PRStatus/PRStatus_Ddn' is clickable

2022-04-19 20:22:41 - [MESSAGE][PASSED] - Object 'Object Repository/Bento/Cases_page/Filter/PRStatus/PRStatus_Ddn' is clickable

2022-04-19 20:22:41 - [TEST_STEP][PASSED] - ctdc.utilities.runtestcaseforKatalon.clickTab("Bento/Cases_page/Filter/PRStatus/PRStatus_Ddn"): ctdc.utilities.runtestcaseforKatalon.clickTab is PASSED

2022-04-19 20:22:41 - [MESSAGE][PASSED] - ctdc.utilities.runtestcaseforKatalon.clickTab is PASSED

2022-04-19 20:22:41 - [TEST_STEP][PASSED] - ctdc.utilities.runtestcaseforKatalon.clickTab("Object Repository/Bento/Cases_page/Filter/PRStatus/Positive_Chkbx"): ctdc.utilities.runtestcaseforKatalon.clickTab is PASSED

2022-04-19 20:22:41 - [MESSAGE][PASSED] - ctdc.utilities.runtestcaseforKatalon.clickTab is PASSED

2022-04-19 20:22:41 - [TEST_STEP][PASSED] - ctdc.utilities.runtestcaseforKatalon.clickTab("Object Repository/Bento/Cases_page/Filter/PRStatus/PRStatus_Ddn"): ctdc.utilities.runtestcaseforKatalon.clickTab is PASSED

2022-04-19 20:22:42 - [MESSAGE][PASSED] - ctdc.utilities.runtestcaseforKatalon.clickTab is PASSED

2022-04-19 20:22:42 - [TEST_STEP][PASSED] - ctdc.utilities.runtestcaseforKatalon.readStatBarBento("Object Repository/Bento/StatBar/Bento_StatBar-Programs", "Object Repository/Bento/StatBar/Bento_StatBar-Arms", "Object Repository/Bento/StatBar/Bento_StatBar-Cases", "Object Repository/Bento/StatBar/Bento_StatBar-Samples", "Object Repository/Bento/StatBar/Bento_StatBar-Assays", "Object Repository/Bento/StatBar/Bento_StatBar-Files"): ctdc.utilities.runtestcaseforKatalon.readStatBarBento is PASSED

2022-04-19 20:22:50 - [MESSAGE][PASSED] - ctdc.utilities.runtestcaseforKatalon.readStatBarBento is PASSED

2022-04-19 20:22:50 - [TEST_STEP][PASSED] - waitForElementPresent(findTestObject("Object Repository/Bento/Cases_page/BentoResults_Cases_Tab"), 5): Object 'Object Repository/Bento/Cases_page/BentoResults_Cases_Tab' is present

2022-04-19 20:22:50 - [MESSAGE][PASSED] - Object 'Object Repository/Bento/Cases_page/BentoResults_Cases_Tab' is present

2022-04-19 20:22:50 - [TEST_STEP][PASSED] - ctdc.utilities.runtestcaseforKatalon.clickTab("Object Repository/Bento/Cases_page/BentoResults_Cases_Tab"): ctdc.utilities.runtestcaseforKatalon.clickTab is PASSED

2022-04-19 20:22:50 - [MESSAGE][PASSED] - ctdc.utilities.runtestcaseforKatalon.clickTab is PASSED

2022-04-19 20:22:50 - [TEST_STEP][PASSED] - ctdc.utilities.runtestcaseforKatalon.multiFunction("Bento", G_StatBar_Cases, "Object Repository/Bento/Cases_page/Bento_CasesTable", "Object Repository/Bento/Cases_page/Bento_CasesTableHeader", "Object Repository/Bento/Cases_page/Bento_CasesTabNextBtn", G_WebTabnameCases, G_CypherTabnameCases, G_QueryCasesTab): Statbar Files count matches

2022-04-19 20:42:10 - [MESSAGE][PASSED] - Statbar Programs count matches

2022-04-19 20:42:10 - [MESSAGE][PASSED] - Statbar Arms count matches

2022-04-19 20:42:10 - [MESSAGE][PASSED] - Statbar Cases count matches

2022-04-19 20:42:10 - [MESSAGE][PASSED] - Statbar Samples count matches

2022-04-19 20:42:10 - [MESSAGE][PASSED] - Statbar Assays count matches

2022-04-19 20:42:10 - [MESSAGE][PASSED] - Statbar Files count matches

2022-04-19 20:42:10 - [TEST_STEP][PASSED] - closeBrowser(): Browser is closed

2022-04-19 20:42:11 - [MESSAGE][PASSED] - Browser is closed]]></system-out>
         <system-err><![CDATA[]]></system-err>
      </testcase>
      <testcase name="Test Cases/Bento_TestCases/TumorGrade/TC01_Bento_Filter_TumorGrade-HighGrade" time="40.338" classname="Test Cases/Bento_TestCases/TumorGrade/TC01_Bento_Filter_TumorGrade-HighGrade" status="PASSED">
         <system-out><![CDATA[2022-04-19 20:42:11 - [TEST_CASE][PASSED] - Test Cases/Bento_TestCases/TumorGrade/TC01_Bento_Filter_TumorGrade-HighGrade: Test Cases/Bento_TestCases/TumorGrade/TC01_Bento_Filter_TumorGrade-HighGrade

2022-04-19 20:42:11 - [TEST_STEP][PASSED] - Start listener action : getTestScriptName: null

2022-04-19 20:42:11 - [TEST_STEP][PASSED] - TestCaseId = testCaseContext.getTestCaseId(): null

2022-04-19 20:42:11 - [TEST_STEP][PASSED] - out.println("**********this is the value of test case id string******** " + testCaseContext.getTestCaseId()): null

2022-04-19 20:42:11 - [TEST_STEP][PASSED] - G_currentTCName = TestCaseId.substring(TestCaseId.lastIndexOf("TC")): null

2022-04-19 20:42:11 - [TEST_STEP][PASSED] - out.println("This is the test case name : " + G_currentTCName): null

2022-04-19 20:42:12 - [TEST_STEP][PASSED] - closeBrowser(): Browser is closed

2022-04-19 20:42:12 - [MESSAGE][PASSED] - Browser is closed

2022-04-19 20:42:12 - [TEST_STEP][PASSED] - ctdc.utilities.runtestcaseforKatalon.RunKatalon("TC01_Bento_Filter_TumorGrade-HighGrade.xlsx"): Data loaded from input file for the test case. 

2022-04-19 20:42:12 - [MESSAGE][PASSED] - Test case file loaded This is the full filepath after converting to string :C:\Users\sohilz2\Commons_Automation\InputFiles\TC01_Bento_Filter_TumorGrade-HighGrade.xlsx

2022-04-19 20:42:12 - [MESSAGE][INFO] - Global variable set for password file is :  C:\Users\sohilz2\Commons_Automation\InputFiles\TC01_Bento_Filter_TumorGrade-HighGrade.xlsx

2022-04-19 20:42:16 - [MESSAGE][PASSED] - Data loaded from input file for the test case. 

2022-04-19 20:42:33 - [TEST_STEP][PASSED] - waitForElementClickable(findTestObject("Object Repository/Bento/NavBar/Bento_Cases-Btn"), 5): Object 'Object Repository/Bento/NavBar/Bento_Cases-Btn' is clickable

2022-04-19 20:42:34 - [MESSAGE][PASSED] - Object 'Object Repository/Bento/NavBar/Bento_Cases-Btn' is clickable

2022-04-19 20:42:34 - [TEST_STEP][PASSED] - ctdc.utilities.runtestcaseforKatalon.clickTab("Object Repository/Bento/NavBar/Bento_Cases-Btn"): ctdc.utilities.runtestcaseforKatalon.clickTab is PASSED

2022-04-19 20:42:34 - [MESSAGE][PASSED] - ctdc.utilities.runtestcaseforKatalon.clickTab is PASSED

2022-04-19 20:42:34 - [TEST_STEP][PASSED] - waitForElementClickable(findTestObject("Bento/Cases_page/Filter/TumorGrade/TumorGrade_Ddn"), 5): Object 'Object Repository/Bento/Cases_page/Filter/TumorGrade/TumorGrade_Ddn' is clickable

2022-04-19 20:42:35 - [MESSAGE][PASSED] - Object 'Object Repository/Bento/Cases_page/Filter/TumorGrade/TumorGrade_Ddn' is clickable

2022-04-19 20:42:35 - [TEST_STEP][PASSED] - ctdc.utilities.runtestcaseforKatalon.clickTab("Bento/Cases_page/Filter/TumorGrade/TumorGrade_Ddn"): ctdc.utilities.runtestcaseforKatalon.clickTab is PASSED

2022-04-19 20:42:35 - [MESSAGE][PASSED] - ctdc.utilities.runtestcaseforKatalon.clickTab is PASSED

2022-04-19 20:42:35 - [TEST_STEP][PASSED] - ctdc.utilities.runtestcaseforKatalon.clickTab("Object Repository/Bento/Cases_page/Filter/TumorGrade/High_Chkbx"): ctdc.utilities.runtestcaseforKatalon.clickTab is PASSED

2022-04-19 20:42:35 - [MESSAGE][PASSED] - ctdc.utilities.runtestcaseforKatalon.clickTab is PASSED

2022-04-19 20:42:35 - [TEST_STEP][PASSED] - ctdc.utilities.runtestcaseforKatalon.clickTab("Object Repository/Bento/Cases_page/Filter/TumorGrade/TumorGrade_Ddn"): ctdc.utilities.runtestcaseforKatalon.clickTab is PASSED

2022-04-19 20:42:36 - [MESSAGE][PASSED] - ctdc.utilities.runtestcaseforKatalon.clickTab is PASSED

2022-04-19 20:42:36 - [TEST_STEP][PASSED] - ctdc.utilities.runtestcaseforKatalon.readStatBarBento("Object Repository/Bento/StatBar/Bento_StatBar-Programs", "Object Repository/Bento/StatBar/Bento_StatBar-Arms", "Object Repository/Bento/StatBar/Bento_StatBar-Cases", "Object Repository/Bento/StatBar/Bento_StatBar-Samples", "Object Repository/Bento/StatBar/Bento_StatBar-Assays", "Object Repository/Bento/StatBar/Bento_StatBar-Files"): ctdc.utilities.runtestcaseforKatalon.readStatBarBento is PASSED

2022-04-19 20:42:44 - [MESSAGE][PASSED] - ctdc.utilities.runtestcaseforKatalon.readStatBarBento is PASSED

2022-04-19 20:42:44 - [TEST_STEP][PASSED] - ctdc.utilities.ReadExcel.Neo4j(G_CypherTabnameCases, G_QueryCasesTab): ctdc.utilities.ReadExcel.Neo4j is PASSED

2022-04-19 20:42:51 - [MESSAGE][PASSED] - ctdc.utilities.ReadExcel.Neo4j is PASSED

2022-04-19 20:42:51 - [TEST_STEP][PASSED] - ctdc.utilities.runtestcaseforKatalon.validateStatBar("Bento"): Statbar Files count matches

2022-04-19 20:42:51 - [MESSAGE][PASSED] - Statbar Programs count matches

2022-04-19 20:42:51 - [MESSAGE][PASSED] - Statbar Arms count matches

2022-04-19 20:42:51 - [MESSAGE][PASSED] - Statbar Cases count matches

2022-04-19 20:42:51 - [MESSAGE][PASSED] - Statbar Samples count matches

2022-04-19 20:42:51 - [MESSAGE][PASSED] - Statbar Assays count matches

2022-04-19 20:42:51 - [MESSAGE][PASSED] - Statbar Files count matches

2022-04-19 20:42:51 - [TEST_STEP][PASSED] - closeBrowser(): Browser is closed

2022-04-19 20:42:51 - [MESSAGE][PASSED] - Browser is closed]]></system-out>
         <system-err><![CDATA[]]></system-err>
      </testcase>
      <testcase name="Test Cases/Bento_TestCases/TumorGrade/TC02_Bento_Filter_TumorGrade-IntermediateGrade" time="40.222" classname="Test Cases/Bento_TestCases/TumorGrade/TC02_Bento_Filter_TumorGrade-IntermediateGrade" status="PASSED">
         <system-out><![CDATA[2022-04-19 20:42:51 - [TEST_CASE][PASSED] - Test Cases/Bento_TestCases/TumorGrade/TC02_Bento_Filter_TumorGrade-IntermediateGrade: Test Cases/Bento_TestCases/TumorGrade/TC02_Bento_Filter_TumorGrade-IntermediateGrade

2022-04-19 20:42:51 - [TEST_STEP][PASSED] - Start listener action : getTestScriptName: null

2022-04-19 20:42:51 - [TEST_STEP][PASSED] - TestCaseId = testCaseContext.getTestCaseId(): null

2022-04-19 20:42:51 - [TEST_STEP][PASSED] - out.println("**********this is the value of test case id string******** " + testCaseContext.getTestCaseId()): null

2022-04-19 20:42:51 - [TEST_STEP][PASSED] - G_currentTCName = TestCaseId.substring(TestCaseId.lastIndexOf("TC")): null

2022-04-19 20:42:51 - [TEST_STEP][PASSED] - out.println("This is the test case name : " + G_currentTCName): null

2022-04-19 20:42:52 - [TEST_STEP][PASSED] - closeBrowser(): Browser is closed

2022-04-19 20:42:52 - [MESSAGE][PASSED] - Browser is closed

2022-04-19 20:42:52 - [TEST_STEP][PASSED] - ctdc.utilities.runtestcaseforKatalon.RunKatalon("TC02_Bento_Filter_TumorGrade-IntermediateGrade.xlsx"): Data loaded from input file for the test case. 

2022-04-19 20:42:52 - [MESSAGE][PASSED] - Test case file loaded This is the full filepath after converting to string :C:\Users\sohilz2\Commons_Automation\InputFiles\TC02_Bento_Filter_TumorGrade-IntermediateGrade.xlsx

2022-04-19 20:42:52 - [MESSAGE][INFO] - Global variable set for password file is :  C:\Users\sohilz2\Commons_Automation\InputFiles\TC02_Bento_Filter_TumorGrade-IntermediateGrade.xlsx

2022-04-19 20:42:56 - [MESSAGE][PASSED] - Data loaded from input file for the test case. 

2022-04-19 20:43:13 - [TEST_STEP][PASSED] - waitForElementClickable(findTestObject("Object Repository/Bento/NavBar/Bento_Cases-Btn"), 5): Object 'Object Repository/Bento/NavBar/Bento_Cases-Btn' is clickable

2022-04-19 20:43:13 - [MESSAGE][PASSED] - Object 'Object Repository/Bento/NavBar/Bento_Cases-Btn' is clickable

2022-04-19 20:43:13 - [TEST_STEP][PASSED] - ctdc.utilities.runtestcaseforKatalon.clickTab("Object Repository/Bento/NavBar/Bento_Cases-Btn"): ctdc.utilities.runtestcaseforKatalon.clickTab is PASSED

2022-04-19 20:43:13 - [MESSAGE][PASSED] - ctdc.utilities.runtestcaseforKatalon.clickTab is PASSED

2022-04-19 20:43:13 - [TEST_STEP][PASSED] - waitForElementClickable(findTestObject("Bento/Cases_page/Filter/TumorGrade/TumorGrade_Ddn"), 5): Object 'Object Repository/Bento/Cases_page/Filter/TumorGrade/TumorGrade_Ddn' is clickable

2022-04-19 20:43:14 - [MESSAGE][PASSED] - Object 'Object Repository/Bento/Cases_page/Filter/TumorGrade/TumorGrade_Ddn' is clickable

2022-04-19 20:43:14 - [TEST_STEP][PASSED] - ctdc.utilities.runtestcaseforKatalon.clickTab("Bento/Cases_page/Filter/TumorGrade/TumorGrade_Ddn"): ctdc.utilities.runtestcaseforKatalon.clickTab is PASSED

2022-04-19 20:43:14 - [MESSAGE][PASSED] - ctdc.utilities.runtestcaseforKatalon.clickTab is PASSED

2022-04-19 20:43:14 - [TEST_STEP][PASSED] - ctdc.utilities.runtestcaseforKatalon.clickTab("Object Repository/Bento/Cases_page/Filter/TumorGrade/Intermediate_Chkbx"): ctdc.utilities.runtestcaseforKatalon.clickTab is PASSED

2022-04-19 20:43:14 - [MESSAGE][PASSED] - ctdc.utilities.runtestcaseforKatalon.clickTab is PASSED

2022-04-19 20:43:14 - [TEST_STEP][PASSED] - ctdc.utilities.runtestcaseforKatalon.clickTab("Object Repository/Bento/Cases_page/Filter/TumorGrade/TumorGrade_Ddn"): ctdc.utilities.runtestcaseforKatalon.clickTab is PASSED

2022-04-19 20:43:15 - [MESSAGE][PASSED] - ctdc.utilities.runtestcaseforKatalon.clickTab is PASSED

2022-04-19 20:43:15 - [TEST_STEP][PASSED] - ctdc.utilities.runtestcaseforKatalon.readStatBarBento("Object Repository/Bento/StatBar/Bento_StatBar-Programs", "Object Repository/Bento/StatBar/Bento_StatBar-Arms", "Object Repository/Bento/StatBar/Bento_StatBar-Cases", "Object Repository/Bento/StatBar/Bento_StatBar-Samples", "Object Repository/Bento/StatBar/Bento_StatBar-Assays", "Object Repository/Bento/StatBar/Bento_StatBar-Files"): ctdc.utilities.runtestcaseforKatalon.readStatBarBento is PASSED

2022-04-19 20:43:23 - [MESSAGE][PASSED] - ctdc.utilities.runtestcaseforKatalon.readStatBarBento is PASSED

2022-04-19 20:43:23 - [TEST_STEP][PASSED] - ctdc.utilities.ReadExcel.Neo4j(G_CypherTabnameCases, G_QueryCasesTab): ctdc.utilities.ReadExcel.Neo4j is PASSED

2022-04-19 20:43:31 - [MESSAGE][PASSED] - ctdc.utilities.ReadExcel.Neo4j is PASSED

2022-04-19 20:43:31 - [TEST_STEP][PASSED] - ctdc.utilities.runtestcaseforKatalon.validateStatBar("Bento"): Statbar Files count matches

2022-04-19 20:43:31 - [MESSAGE][PASSED] - Statbar Programs count matches

2022-04-19 20:43:31 - [MESSAGE][PASSED] - Statbar Arms count matches

2022-04-19 20:43:31 - [MESSAGE][PASSED] - Statbar Cases count matches

2022-04-19 20:43:31 - [MESSAGE][PASSED] - Statbar Samples count matches

2022-04-19 20:43:31 - [MESSAGE][PASSED] - Statbar Assays count matches

2022-04-19 20:43:31 - [MESSAGE][PASSED] - Statbar Files count matches

2022-04-19 20:43:31 - [TEST_STEP][PASSED] - closeBrowser(): Browser is closed

2022-04-19 20:43:32 - [MESSAGE][PASSED] - Browser is closed]]></system-out>
         <system-err><![CDATA[]]></system-err>
      </testcase>
      <testcase name="Test Cases/Bento_TestCases/TumorGrade/TC03_Bento_Filter_TumorGrade-LowGrade" time="38.275" classname="Test Cases/Bento_TestCases/TumorGrade/TC03_Bento_Filter_TumorGrade-LowGrade" status="PASSED">
         <system-out><![CDATA[2022-04-19 20:43:32 - [TEST_CASE][PASSED] - Test Cases/Bento_TestCases/TumorGrade/TC03_Bento_Filter_TumorGrade-LowGrade: Test Cases/Bento_TestCases/TumorGrade/TC03_Bento_Filter_TumorGrade-LowGrade

2022-04-19 20:43:32 - [TEST_STEP][PASSED] - Start listener action : getTestScriptName: null

2022-04-19 20:43:32 - [TEST_STEP][PASSED] - TestCaseId = testCaseContext.getTestCaseId(): null

2022-04-19 20:43:32 - [TEST_STEP][PASSED] - out.println("**********this is the value of test case id string******** " + testCaseContext.getTestCaseId()): null

2022-04-19 20:43:32 - [TEST_STEP][PASSED] - G_currentTCName = TestCaseId.substring(TestCaseId.lastIndexOf("TC")): null

2022-04-19 20:43:32 - [TEST_STEP][PASSED] - out.println("This is the test case name : " + G_currentTCName): null

2022-04-19 20:43:32 - [TEST_STEP][PASSED] - closeBrowser(): Browser is closed

2022-04-19 20:43:32 - [MESSAGE][PASSED] - Browser is closed

2022-04-19 20:43:32 - [TEST_STEP][PASSED] - ctdc.utilities.runtestcaseforKatalon.RunKatalon("TC03_Bento_Filter_TumorGrade-LowGrade.xlsx"): Data loaded from input file for the test case. 

2022-04-19 20:43:32 - [MESSAGE][PASSED] - Test case file loaded This is the full filepath after converting to string :C:\Users\sohilz2\Commons_Automation\InputFiles\TC03_Bento_Filter_TumorGrade-LowGrade.xlsx

2022-04-19 20:43:32 - [MESSAGE][INFO] - Global variable set for password file is :  C:\Users\sohilz2\Commons_Automation\InputFiles\TC03_Bento_Filter_TumorGrade-LowGrade.xlsx

2022-04-19 20:43:36 - [MESSAGE][PASSED] - Data loaded from input file for the test case. 

2022-04-19 20:43:53 - [TEST_STEP][PASSED] - waitForElementClickable(findTestObject("Object Repository/Bento/NavBar/Bento_Cases-Btn"), 5): Object 'Object Repository/Bento/NavBar/Bento_Cases-Btn' is clickable

2022-04-19 20:43:53 - [MESSAGE][PASSED] - Object 'Object Repository/Bento/NavBar/Bento_Cases-Btn' is clickable

2022-04-19 20:43:53 - [TEST_STEP][PASSED] - ctdc.utilities.runtestcaseforKatalon.clickTab("Object Repository/Bento/NavBar/Bento_Cases-Btn"): ctdc.utilities.runtestcaseforKatalon.clickTab is PASSED

2022-04-19 20:43:53 - [MESSAGE][PASSED] - ctdc.utilities.runtestcaseforKatalon.clickTab is PASSED

2022-04-19 20:43:53 - [TEST_STEP][PASSED] - waitForElementClickable(findTestObject("Bento/Cases_page/Filter/TumorGrade/TumorGrade_Ddn"), 5): Object 'Object Repository/Bento/Cases_page/Filter/TumorGrade/TumorGrade_Ddn' is clickable

2022-04-19 20:43:54 - [MESSAGE][PASSED] - Object 'Object Repository/Bento/Cases_page/Filter/TumorGrade/TumorGrade_Ddn' is clickable

2022-04-19 20:43:54 - [TEST_STEP][PASSED] - ctdc.utilities.runtestcaseforKatalon.clickTab("Bento/Cases_page/Filter/TumorGrade/TumorGrade_Ddn"): ctdc.utilities.runtestcaseforKatalon.clickTab is PASSED

2022-04-19 20:43:54 - [MESSAGE][PASSED] - ctdc.utilities.runtestcaseforKatalon.clickTab is PASSED

2022-04-19 20:43:54 - [TEST_STEP][PASSED] - ctdc.utilities.runtestcaseforKatalon.clickTab("Object Repository/Bento/Cases_page/Filter/TumorGrade/Low_Chkbx"): ctdc.utilities.runtestcaseforKatalon.clickTab is PASSED

2022-04-19 20:43:54 - [MESSAGE][PASSED] - ctdc.utilities.runtestcaseforKatalon.clickTab is PASSED

2022-04-19 20:43:54 - [TEST_STEP][PASSED] - ctdc.utilities.runtestcaseforKatalon.clickTab("Object Repository/Bento/Cases_page/Filter/TumorGrade/TumorGrade_Ddn"): ctdc.utilities.runtestcaseforKatalon.clickTab is PASSED

2022-04-19 20:43:55 - [MESSAGE][PASSED] - ctdc.utilities.runtestcaseforKatalon.clickTab is PASSED

2022-04-19 20:43:55 - [TEST_STEP][PASSED] - ctdc.utilities.runtestcaseforKatalon.readStatBarBento("Object Repository/Bento/StatBar/Bento_StatBar-Programs", "Object Repository/Bento/StatBar/Bento_StatBar-Arms", "Object Repository/Bento/StatBar/Bento_StatBar-Cases", "Object Repository/Bento/StatBar/Bento_StatBar-Samples", "Object Repository/Bento/StatBar/Bento_StatBar-Assays", "Object Repository/Bento/StatBar/Bento_StatBar-Files"): ctdc.utilities.runtestcaseforKatalon.readStatBarBento is PASSED

2022-04-19 20:44:03 - [MESSAGE][PASSED] - ctdc.utilities.runtestcaseforKatalon.readStatBarBento is PASSED

2022-04-19 20:44:03 - [TEST_STEP][PASSED] - ctdc.utilities.ReadExcel.Neo4j(G_CypherTabnameCases, G_QueryCasesTab): ctdc.utilities.ReadExcel.Neo4j is PASSED

2022-04-19 20:44:09 - [MESSAGE][PASSED] - ctdc.utilities.ReadExcel.Neo4j is PASSED

2022-04-19 20:44:09 - [TEST_STEP][PASSED] - ctdc.utilities.runtestcaseforKatalon.validateStatBar("Bento"): Statbar Files count matches

2022-04-19 20:44:09 - [MESSAGE][PASSED] - Statbar Programs count matches

2022-04-19 20:44:09 - [MESSAGE][PASSED] - Statbar Arms count matches

2022-04-19 20:44:09 - [MESSAGE][PASSED] - Statbar Cases count matches

2022-04-19 20:44:09 - [MESSAGE][PASSED] - Statbar Samples count matches

2022-04-19 20:44:09 - [MESSAGE][PASSED] - Statbar Assays count matches

2022-04-19 20:44:09 - [MESSAGE][PASSED] - Statbar Files count matches

2022-04-19 20:44:09 - [TEST_STEP][PASSED] - closeBrowser(): Browser is closed

2022-04-19 20:44:10 - [MESSAGE][PASSED] - Browser is closed]]></system-out>
         <system-err><![CDATA[]]></system-err>
      </testcase>
      <testcase name="Test Cases/Bento_TestCases/TumorGrade/TC04_Bento_Filter_TumorGrade-NotReported" time="42.591" classname="Test Cases/Bento_TestCases/TumorGrade/TC04_Bento_Filter_TumorGrade-NotReported" status="PASSED">
         <system-out><![CDATA[2022-04-19 20:44:10 - [TEST_CASE][PASSED] - Test Cases/Bento_TestCases/TumorGrade/TC04_Bento_Filter_TumorGrade-NotReported: Test Cases/Bento_TestCases/TumorGrade/TC04_Bento_Filter_TumorGrade-NotReported

2022-04-19 20:44:10 - [TEST_STEP][PASSED] - Start listener action : getTestScriptName: null

2022-04-19 20:44:10 - [TEST_STEP][PASSED] - TestCaseId = testCaseContext.getTestCaseId(): null

2022-04-19 20:44:10 - [TEST_STEP][PASSED] - out.println("**********this is the value of test case id string******** " + testCaseContext.getTestCaseId()): null

2022-04-19 20:44:10 - [TEST_STEP][PASSED] - G_currentTCName = TestCaseId.substring(TestCaseId.lastIndexOf("TC")): null

2022-04-19 20:44:10 - [TEST_STEP][PASSED] - out.println("This is the test case name : " + G_currentTCName): null

2022-04-19 20:44:10 - [TEST_STEP][PASSED] - closeBrowser(): Browser is closed

2022-04-19 20:44:10 - [MESSAGE][PASSED] - Browser is closed

2022-04-19 20:44:10 - [TEST_STEP][PASSED] - ctdc.utilities.runtestcaseforKatalon.RunKatalon("TC04_Bento_Filter_TumorGrade-NotReported.xlsx"): Data loaded from input file for the test case. 

2022-04-19 20:44:10 - [MESSAGE][PASSED] - Test case file loaded This is the full filepath after converting to string :C:\Users\sohilz2\Commons_Automation\InputFiles\TC04_Bento_Filter_TumorGrade-NotReported.xlsx

2022-04-19 20:44:10 - [MESSAGE][INFO] - Global variable set for password file is :  C:\Users\sohilz2\Commons_Automation\InputFiles\TC04_Bento_Filter_TumorGrade-NotReported.xlsx

2022-04-19 20:44:14 - [MESSAGE][PASSED] - Data loaded from input file for the test case. 

2022-04-19 20:44:32 - [TEST_STEP][PASSED] - waitForElementClickable(findTestObject("Object Repository/Bento/NavBar/Bento_Cases-Btn"), 5): Object 'Object Repository/Bento/NavBar/Bento_Cases-Btn' is clickable

2022-04-19 20:44:32 - [MESSAGE][PASSED] - Object 'Object Repository/Bento/NavBar/Bento_Cases-Btn' is clickable

2022-04-19 20:44:32 - [TEST_STEP][PASSED] - ctdc.utilities.runtestcaseforKatalon.clickTab("Object Repository/Bento/NavBar/Bento_Cases-Btn"): ctdc.utilities.runtestcaseforKatalon.clickTab is PASSED

2022-04-19 20:44:32 - [MESSAGE][PASSED] - ctdc.utilities.runtestcaseforKatalon.clickTab is PASSED

2022-04-19 20:44:32 - [TEST_STEP][PASSED] - waitForElementClickable(findTestObject("Bento/Cases_page/Filter/TumorGrade/TumorGrade_Ddn"), 5): Object 'Object Repository/Bento/Cases_page/Filter/TumorGrade/TumorGrade_Ddn' is clickable

2022-04-19 20:44:33 - [MESSAGE][PASSED] - Object 'Object Repository/Bento/Cases_page/Filter/TumorGrade/TumorGrade_Ddn' is clickable

2022-04-19 20:44:33 - [TEST_STEP][PASSED] - ctdc.utilities.runtestcaseforKatalon.clickTab("Bento/Cases_page/Filter/TumorGrade/TumorGrade_Ddn"): ctdc.utilities.runtestcaseforKatalon.clickTab is PASSED

2022-04-19 20:44:33 - [MESSAGE][PASSED] - ctdc.utilities.runtestcaseforKatalon.clickTab is PASSED

2022-04-19 20:44:33 - [TEST_STEP][PASSED] - ctdc.utilities.runtestcaseforKatalon.clickTab("Object Repository/Bento/Cases_page/Filter/TumorGrade/NotReported_Chkbx"): ctdc.utilities.runtestcaseforKatalon.clickTab is PASSED

2022-04-19 20:44:34 - [MESSAGE][PASSED] - ctdc.utilities.runtestcaseforKatalon.clickTab is PASSED

2022-04-19 20:44:34 - [TEST_STEP][PASSED] - ctdc.utilities.runtestcaseforKatalon.clickTab("Object Repository/Bento/Cases_page/Filter/TumorGrade/TumorGrade_Ddn"): ctdc.utilities.runtestcaseforKatalon.clickTab is PASSED

2022-04-19 20:44:34 - [MESSAGE][PASSED] - ctdc.utilities.runtestcaseforKatalon.clickTab is PASSED

2022-04-19 20:44:34 - [TEST_STEP][PASSED] - ctdc.utilities.runtestcaseforKatalon.readStatBarBento("Object Repository/Bento/StatBar/Bento_StatBar-Programs", "Object Repository/Bento/StatBar/Bento_StatBar-Arms", "Object Repository/Bento/StatBar/Bento_StatBar-Cases", "Object Repository/Bento/StatBar/Bento_StatBar-Samples", "Object Repository/Bento/StatBar/Bento_StatBar-Assays", "Object Repository/Bento/StatBar/Bento_StatBar-Files"): ctdc.utilities.runtestcaseforKatalon.readStatBarBento is PASSED

2022-04-19 20:44:42 - [MESSAGE][PASSED] - ctdc.utilities.runtestcaseforKatalon.readStatBarBento is PASSED

2022-04-19 20:44:42 - [TEST_STEP][PASSED] - ctdc.utilities.ReadExcel.Neo4j(G_CypherTabnameCases, G_QueryCasesTab): ctdc.utilities.ReadExcel.Neo4j is PASSED

2022-04-19 20:44:52 - [MESSAGE][PASSED] - ctdc.utilities.ReadExcel.Neo4j is PASSED

2022-04-19 20:44:52 - [TEST_STEP][PASSED] - ctdc.utilities.runtestcaseforKatalon.validateStatBar("Bento"): Statbar Files count matches

2022-04-19 20:44:52 - [MESSAGE][PASSED] - Statbar Programs count matches

2022-04-19 20:44:52 - [MESSAGE][PASSED] - Statbar Arms count matches

2022-04-19 20:44:52 - [MESSAGE][PASSED] - Statbar Cases count matches

2022-04-19 20:44:52 - [MESSAGE][PASSED] - Statbar Samples count matches

2022-04-19 20:44:52 - [MESSAGE][PASSED] - Statbar Assays count matches

2022-04-19 20:44:52 - [MESSAGE][PASSED] - Statbar Files count matches

2022-04-19 20:44:52 - [TEST_STEP][PASSED] - closeBrowser(): Browser is closed

2022-04-19 20:44:52 - [MESSAGE][PASSED] - Browser is closed]]></system-out>
         <system-err><![CDATA[]]></system-err>
      </testcase>
      <testcase name="Test Cases/Bento_TestCases/TumorSize/TC01_Bento_Filter_TumorSize-1-2" time="39.424" classname="Test Cases/Bento_TestCases/TumorSize/TC01_Bento_Filter_TumorSize-1-2" status="PASSED">
         <system-out><![CDATA[2022-04-19 20:44:52 - [TEST_CASE][PASSED] - Test Cases/Bento_TestCases/TumorSize/TC01_Bento_Filter_TumorSize-1-2: Test Cases/Bento_TestCases/TumorSize/TC01_Bento_Filter_TumorSize-1-2

2022-04-19 20:44:52 - [TEST_STEP][PASSED] - Start listener action : getTestScriptName: null

2022-04-19 20:44:52 - [TEST_STEP][PASSED] - TestCaseId = testCaseContext.getTestCaseId(): null

2022-04-19 20:44:52 - [TEST_STEP][PASSED] - out.println("**********this is the value of test case id string******** " + testCaseContext.getTestCaseId()): null

2022-04-19 20:44:52 - [TEST_STEP][PASSED] - G_currentTCName = TestCaseId.substring(TestCaseId.lastIndexOf("TC")): null

2022-04-19 20:44:52 - [TEST_STEP][PASSED] - out.println("This is the test case name : " + G_currentTCName): null

2022-04-19 20:44:53 - [TEST_STEP][PASSED] - closeBrowser(): Browser is closed

2022-04-19 20:44:53 - [MESSAGE][PASSED] - Browser is closed

2022-04-19 20:44:53 - [TEST_STEP][PASSED] - ctdc.utilities.runtestcaseforKatalon.RunKatalon("TC01_Bento_Filter_TumorSize-1-2.xlsx"): Data loaded from input file for the test case. 

2022-04-19 20:44:53 - [MESSAGE][PASSED] - Test case file loaded This is the full filepath after converting to string :C:\Users\sohilz2\Commons_Automation\InputFiles\TC01_Bento_Filter_TumorSize-1-2.xlsx

2022-04-19 20:44:53 - [MESSAGE][INFO] - Global variable set for password file is :  C:\Users\sohilz2\Commons_Automation\InputFiles\TC01_Bento_Filter_TumorSize-1-2.xlsx

2022-04-19 20:44:57 - [MESSAGE][PASSED] - Data loaded from input file for the test case. 

2022-04-19 20:45:14 - [TEST_STEP][PASSED] - waitForElementClickable(findTestObject("Object Repository/Bento/NavBar/Bento_Cases-Btn"), 5): Object 'Object Repository/Bento/NavBar/Bento_Cases-Btn' is clickable

2022-04-19 20:45:14 - [MESSAGE][PASSED] - Object 'Object Repository/Bento/NavBar/Bento_Cases-Btn' is clickable

2022-04-19 20:45:14 - [TEST_STEP][PASSED] - ctdc.utilities.runtestcaseforKatalon.clickTab("Object Repository/Bento/NavBar/Bento_Cases-Btn"): ctdc.utilities.runtestcaseforKatalon.clickTab is PASSED

2022-04-19 20:45:15 - [MESSAGE][PASSED] - ctdc.utilities.runtestcaseforKatalon.clickTab is PASSED

2022-04-19 20:45:15 - [TEST_STEP][PASSED] - waitForElementClickable(findTestObject("Bento/Cases_page/Filter/TumorSize/TumorSize_Ddn"), 5): Object 'Object Repository/Bento/Cases_page/Filter/TumorSize/TumorSize_Ddn' is clickable

2022-04-19 20:45:15 - [MESSAGE][PASSED] - Object 'Object Repository/Bento/Cases_page/Filter/TumorSize/TumorSize_Ddn' is clickable

2022-04-19 20:45:15 - [TEST_STEP][PASSED] - ctdc.utilities.runtestcaseforKatalon.clickTab("Bento/Cases_page/Filter/TumorSize/TumorSize_Ddn"): ctdc.utilities.runtestcaseforKatalon.clickTab is PASSED

2022-04-19 20:45:16 - [MESSAGE][PASSED] - ctdc.utilities.runtestcaseforKatalon.clickTab is PASSED

2022-04-19 20:45:16 - [TEST_STEP][PASSED] - ctdc.utilities.runtestcaseforKatalon.clickTab("Object Repository/Bento/Cases_page/Filter/TumorSize/1_to_2_Chkbx"): ctdc.utilities.runtestcaseforKatalon.clickTab is PASSED

2022-04-19 20:45:16 - [MESSAGE][PASSED] - ctdc.utilities.runtestcaseforKatalon.clickTab is PASSED

2022-04-19 20:45:16 - [TEST_STEP][PASSED] - ctdc.utilities.runtestcaseforKatalon.clickTab("Object Repository/Bento/Cases_page/Filter/TumorSize/TumorSize_Ddn"): ctdc.utilities.runtestcaseforKatalon.clickTab is PASSED

2022-04-19 20:45:16 - [MESSAGE][PASSED] - ctdc.utilities.runtestcaseforKatalon.clickTab is PASSED

2022-04-19 20:45:16 - [TEST_STEP][PASSED] - ctdc.utilities.runtestcaseforKatalon.readStatBarBento("Object Repository/Bento/StatBar/Bento_StatBar-Programs", "Object Repository/Bento/StatBar/Bento_StatBar-Arms", "Object Repository/Bento/StatBar/Bento_StatBar-Cases", "Object Repository/Bento/StatBar/Bento_StatBar-Samples", "Object Repository/Bento/StatBar/Bento_StatBar-Assays", "Object Repository/Bento/StatBar/Bento_StatBar-Files"): ctdc.utilities.runtestcaseforKatalon.readStatBarBento is PASSED

2022-04-19 20:45:25 - [MESSAGE][PASSED] - ctdc.utilities.runtestcaseforKatalon.readStatBarBento is PASSED

2022-04-19 20:45:25 - [TEST_STEP][PASSED] - ctdc.utilities.ReadExcel.Neo4j(G_CypherTabnameCases, G_QueryCasesTab): ctdc.utilities.ReadExcel.Neo4j is PASSED

2022-04-19 20:45:31 - [MESSAGE][PASSED] - ctdc.utilities.ReadExcel.Neo4j is PASSED

2022-04-19 20:45:31 - [TEST_STEP][PASSED] - ctdc.utilities.runtestcaseforKatalon.validateStatBar("Bento"): Statbar Files count matches

2022-04-19 20:45:31 - [MESSAGE][PASSED] - Statbar Programs count matches

2022-04-19 20:45:31 - [MESSAGE][PASSED] - Statbar Arms count matches

2022-04-19 20:45:31 - [MESSAGE][PASSED] - Statbar Cases count matches

2022-04-19 20:45:31 - [MESSAGE][PASSED] - Statbar Samples count matches

2022-04-19 20:45:31 - [MESSAGE][PASSED] - Statbar Assays count matches

2022-04-19 20:45:31 - [MESSAGE][PASSED] - Statbar Files count matches

2022-04-19 20:45:31 - [TEST_STEP][PASSED] - closeBrowser(): Browser is closed

2022-04-19 20:45:32 - [MESSAGE][PASSED] - Browser is closed]]></system-out>
         <system-err><![CDATA[]]></system-err>
      </testcase>
      <testcase name="Test Cases/Bento_TestCases/TumorSize/TC02_Bento_Filter_TumorSize-2-3" time="37.502" classname="Test Cases/Bento_TestCases/TumorSize/TC02_Bento_Filter_TumorSize-2-3" status="PASSED">
         <system-out><![CDATA[2022-04-19 20:45:32 - [TEST_CASE][PASSED] - Test Cases/Bento_TestCases/TumorSize/TC02_Bento_Filter_TumorSize-2-3: Test Cases/Bento_TestCases/TumorSize/TC02_Bento_Filter_TumorSize-2-3

2022-04-19 20:45:32 - [TEST_STEP][PASSED] - Start listener action : getTestScriptName: null

2022-04-19 20:45:32 - [TEST_STEP][PASSED] - TestCaseId = testCaseContext.getTestCaseId(): null

2022-04-19 20:45:32 - [TEST_STEP][PASSED] - out.println("**********this is the value of test case id string******** " + testCaseContext.getTestCaseId()): null

2022-04-19 20:45:32 - [TEST_STEP][PASSED] - G_currentTCName = TestCaseId.substring(TestCaseId.lastIndexOf("TC")): null

2022-04-19 20:45:32 - [TEST_STEP][PASSED] - out.println("This is the test case name : " + G_currentTCName): null

2022-04-19 20:45:32 - [TEST_STEP][PASSED] - closeBrowser(): Browser is closed

2022-04-19 20:45:32 - [MESSAGE][PASSED] - Browser is closed

2022-04-19 20:45:32 - [TEST_STEP][PASSED] - ctdc.utilities.runtestcaseforKatalon.RunKatalon("TC02_Bento_Filter_TumorSize-2-3.xlsx"): Data loaded from input file for the test case. 

2022-04-19 20:45:32 - [MESSAGE][PASSED] - Test case file loaded This is the full filepath after converting to string :C:\Users\sohilz2\Commons_Automation\InputFiles\TC02_Bento_Filter_TumorSize-2-3.xlsx

2022-04-19 20:45:32 - [MESSAGE][INFO] - Global variable set for password file is :  C:\Users\sohilz2\Commons_Automation\InputFiles\TC02_Bento_Filter_TumorSize-2-3.xlsx

2022-04-19 20:45:36 - [MESSAGE][PASSED] - Data loaded from input file for the test case. 

2022-04-19 20:45:52 - [TEST_STEP][PASSED] - waitForElementClickable(findTestObject("Object Repository/Bento/NavBar/Bento_Cases-Btn"), 5): Object 'Object Repository/Bento/NavBar/Bento_Cases-Btn' is clickable

2022-04-19 20:45:53 - [MESSAGE][PASSED] - Object 'Object Repository/Bento/NavBar/Bento_Cases-Btn' is clickable

2022-04-19 20:45:53 - [TEST_STEP][PASSED] - ctdc.utilities.runtestcaseforKatalon.clickTab("Object Repository/Bento/NavBar/Bento_Cases-Btn"): ctdc.utilities.runtestcaseforKatalon.clickTab is PASSED

2022-04-19 20:45:53 - [MESSAGE][PASSED] - ctdc.utilities.runtestcaseforKatalon.clickTab is PASSED

2022-04-19 20:45:53 - [TEST_STEP][PASSED] - waitForElementClickable(findTestObject("Bento/Cases_page/Filter/TumorSize/TumorSize_Ddn"), 5): Object 'Object Repository/Bento/Cases_page/Filter/TumorSize/TumorSize_Ddn' is clickable

2022-04-19 20:45:54 - [MESSAGE][PASSED] - Object 'Object Repository/Bento/Cases_page/Filter/TumorSize/TumorSize_Ddn' is clickable

2022-04-19 20:45:54 - [TEST_STEP][PASSED] - ctdc.utilities.runtestcaseforKatalon.clickTab("Bento/Cases_page/Filter/TumorSize/TumorSize_Ddn"): ctdc.utilities.runtestcaseforKatalon.clickTab is PASSED

2022-04-19 20:45:54 - [MESSAGE][PASSED] - ctdc.utilities.runtestcaseforKatalon.clickTab is PASSED

2022-04-19 20:45:54 - [TEST_STEP][PASSED] - ctdc.utilities.runtestcaseforKatalon.clickTab("Object Repository/Bento/Cases_page/Filter/TumorSize/2_to_3_Chkbx"): ctdc.utilities.runtestcaseforKatalon.clickTab is PASSED

2022-04-19 20:45:54 - [MESSAGE][PASSED] - ctdc.utilities.runtestcaseforKatalon.clickTab is PASSED

2022-04-19 20:45:54 - [TEST_STEP][PASSED] - ctdc.utilities.runtestcaseforKatalon.clickTab("Object Repository/Bento/Cases_page/Filter/TumorSize/TumorSize_Ddn"): ctdc.utilities.runtestcaseforKatalon.clickTab is PASSED

2022-04-19 20:45:54 - [MESSAGE][PASSED] - ctdc.utilities.runtestcaseforKatalon.clickTab is PASSED

2022-04-19 20:45:54 - [TEST_STEP][PASSED] - ctdc.utilities.runtestcaseforKatalon.readStatBarBento("Object Repository/Bento/StatBar/Bento_StatBar-Programs", "Object Repository/Bento/StatBar/Bento_StatBar-Arms", "Object Repository/Bento/StatBar/Bento_StatBar-Cases", "Object Repository/Bento/StatBar/Bento_StatBar-Samples", "Object Repository/Bento/StatBar/Bento_StatBar-Assays", "Object Repository/Bento/StatBar/Bento_StatBar-Files"): ctdc.utilities.runtestcaseforKatalon.readStatBarBento is PASSED

2022-04-19 20:46:03 - [MESSAGE][PASSED] - ctdc.utilities.runtestcaseforKatalon.readStatBarBento is PASSED

2022-04-19 20:46:03 - [TEST_STEP][PASSED] - ctdc.utilities.ReadExcel.Neo4j(G_CypherTabnameCases, G_QueryCasesTab): ctdc.utilities.ReadExcel.Neo4j is PASSED

2022-04-19 20:46:09 - [MESSAGE][PASSED] - ctdc.utilities.ReadExcel.Neo4j is PASSED

2022-04-19 20:46:09 - [TEST_STEP][PASSED] - ctdc.utilities.runtestcaseforKatalon.validateStatBar("Bento"): Statbar Files count matches

2022-04-19 20:46:09 - [MESSAGE][PASSED] - Statbar Programs count matches

2022-04-19 20:46:09 - [MESSAGE][PASSED] - Statbar Arms count matches

2022-04-19 20:46:09 - [MESSAGE][PASSED] - Statbar Cases count matches

2022-04-19 20:46:09 - [MESSAGE][PASSED] - Statbar Samples count matches

2022-04-19 20:46:09 - [MESSAGE][PASSED] - Statbar Assays count matches

2022-04-19 20:46:09 - [MESSAGE][PASSED] - Statbar Files count matches

2022-04-19 20:46:09 - [TEST_STEP][PASSED] - closeBrowser(): Browser is closed

2022-04-19 20:46:09 - [MESSAGE][PASSED] - Browser is closed]]></system-out>
         <system-err><![CDATA[]]></system-err>
      </testcase>
      <testcase name="Test Cases/Bento_TestCases/TumorSize/TC03_Bento_Filter_TumorSize-3-4" time="40.23" classname="Test Cases/Bento_TestCases/TumorSize/TC03_Bento_Filter_TumorSize-3-4" status="PASSED">
         <system-out><![CDATA[2022-04-19 20:46:09 - [TEST_CASE][PASSED] - Test Cases/Bento_TestCases/TumorSize/TC03_Bento_Filter_TumorSize-3-4: Test Cases/Bento_TestCases/TumorSize/TC03_Bento_Filter_TumorSize-3-4

2022-04-19 20:46:09 - [TEST_STEP][PASSED] - Start listener action : getTestScriptName: null

2022-04-19 20:46:09 - [TEST_STEP][PASSED] - TestCaseId = testCaseContext.getTestCaseId(): null

2022-04-19 20:46:09 - [TEST_STEP][PASSED] - out.println("**********this is the value of test case id string******** " + testCaseContext.getTestCaseId()): null

2022-04-19 20:46:09 - [TEST_STEP][PASSED] - G_currentTCName = TestCaseId.substring(TestCaseId.lastIndexOf("TC")): null

2022-04-19 20:46:09 - [TEST_STEP][PASSED] - out.println("This is the test case name : " + G_currentTCName): null

2022-04-19 20:46:10 - [TEST_STEP][PASSED] - closeBrowser(): Browser is closed

2022-04-19 20:46:10 - [MESSAGE][PASSED] - Browser is closed

2022-04-19 20:46:10 - [TEST_STEP][PASSED] - ctdc.utilities.runtestcaseforKatalon.RunKatalon("TC03_Bento_Filter_TumorSize-3-4.xlsx"): Data loaded from input file for the test case. 

2022-04-19 20:46:10 - [MESSAGE][PASSED] - Test case file loaded This is the full filepath after converting to string :C:\Users\sohilz2\Commons_Automation\InputFiles\TC03_Bento_Filter_TumorSize-3-4.xlsx

2022-04-19 20:46:10 - [MESSAGE][INFO] - Global variable set for password file is :  C:\Users\sohilz2\Commons_Automation\InputFiles\TC03_Bento_Filter_TumorSize-3-4.xlsx

2022-04-19 20:46:14 - [MESSAGE][PASSED] - Data loaded from input file for the test case. 

2022-04-19 20:46:31 - [TEST_STEP][PASSED] - waitForElementClickable(findTestObject("Object Repository/Bento/NavBar/Bento_Cases-Btn"), 5): Object 'Object Repository/Bento/NavBar/Bento_Cases-Btn' is clickable

2022-04-19 20:46:32 - [MESSAGE][PASSED] - Object 'Object Repository/Bento/NavBar/Bento_Cases-Btn' is clickable

2022-04-19 20:46:32 - [TEST_STEP][PASSED] - ctdc.utilities.runtestcaseforKatalon.clickTab("Object Repository/Bento/NavBar/Bento_Cases-Btn"): ctdc.utilities.runtestcaseforKatalon.clickTab is PASSED

2022-04-19 20:46:32 - [MESSAGE][PASSED] - ctdc.utilities.runtestcaseforKatalon.clickTab is PASSED

2022-04-19 20:46:32 - [TEST_STEP][PASSED] - waitForElementClickable(findTestObject("Bento/Cases_page/Filter/TumorSize/TumorSize_Ddn"), 5): Object 'Object Repository/Bento/Cases_page/Filter/TumorSize/TumorSize_Ddn' is clickable

2022-04-19 20:46:33 - [MESSAGE][PASSED] - Object 'Object Repository/Bento/Cases_page/Filter/TumorSize/TumorSize_Ddn' is clickable

2022-04-19 20:46:33 - [TEST_STEP][PASSED] - ctdc.utilities.runtestcaseforKatalon.clickTab("Bento/Cases_page/Filter/TumorSize/TumorSize_Ddn"): ctdc.utilities.runtestcaseforKatalon.clickTab is PASSED

2022-04-19 20:46:33 - [MESSAGE][PASSED] - ctdc.utilities.runtestcaseforKatalon.clickTab is PASSED

2022-04-19 20:46:33 - [TEST_STEP][PASSED] - ctdc.utilities.runtestcaseforKatalon.clickTab("Object Repository/Bento/Cases_page/Filter/TumorSize/3_to_4_Chkbx"): ctdc.utilities.runtestcaseforKatalon.clickTab is PASSED

2022-04-19 20:46:33 - [MESSAGE][PASSED] - ctdc.utilities.runtestcaseforKatalon.clickTab is PASSED

2022-04-19 20:46:33 - [TEST_STEP][PASSED] - ctdc.utilities.runtestcaseforKatalon.clickTab("Object Repository/Bento/Cases_page/Filter/TumorSize/TumorSize_Ddn"): ctdc.utilities.runtestcaseforKatalon.clickTab is PASSED

2022-04-19 20:46:33 - [MESSAGE][PASSED] - ctdc.utilities.runtestcaseforKatalon.clickTab is PASSED

2022-04-19 20:46:33 - [TEST_STEP][PASSED] - ctdc.utilities.runtestcaseforKatalon.readStatBarBento("Object Repository/Bento/StatBar/Bento_StatBar-Programs", "Object Repository/Bento/StatBar/Bento_StatBar-Arms", "Object Repository/Bento/StatBar/Bento_StatBar-Cases", "Object Repository/Bento/StatBar/Bento_StatBar-Samples", "Object Repository/Bento/StatBar/Bento_StatBar-Assays", "Object Repository/Bento/StatBar/Bento_StatBar-Files"): ctdc.utilities.runtestcaseforKatalon.readStatBarBento is PASSED

2022-04-19 20:46:42 - [MESSAGE][PASSED] - ctdc.utilities.runtestcaseforKatalon.readStatBarBento is PASSED

2022-04-19 20:46:42 - [TEST_STEP][PASSED] - ctdc.utilities.ReadExcel.Neo4j(G_CypherTabnameCases, G_QueryCasesTab): ctdc.utilities.ReadExcel.Neo4j is PASSED

2022-04-19 20:46:49 - [MESSAGE][PASSED] - ctdc.utilities.ReadExcel.Neo4j is PASSED

2022-04-19 20:46:49 - [TEST_STEP][PASSED] - ctdc.utilities.runtestcaseforKatalon.validateStatBar("Bento"): Statbar Files count matches

2022-04-19 20:46:49 - [MESSAGE][PASSED] - Statbar Programs count matches

2022-04-19 20:46:49 - [MESSAGE][PASSED] - Statbar Arms count matches

2022-04-19 20:46:49 - [MESSAGE][PASSED] - Statbar Cases count matches

2022-04-19 20:46:49 - [MESSAGE][PASSED] - Statbar Samples count matches

2022-04-19 20:46:49 - [MESSAGE][PASSED] - Statbar Assays count matches

2022-04-19 20:46:49 - [MESSAGE][PASSED] - Statbar Files count matches

2022-04-19 20:46:49 - [TEST_STEP][PASSED] - closeBrowser(): Browser is closed

2022-04-19 20:46:50 - [MESSAGE][PASSED] - Browser is closed]]></system-out>
         <system-err><![CDATA[]]></system-err>
      </testcase>
      <testcase name="Test Cases/Bento_TestCases/TumorSize/TC04_Bento_Filter_TumorSize-Below_1" time="57.116" classname="Test Cases/Bento_TestCases/TumorSize/TC04_Bento_Filter_TumorSize-Below_1" status="PASSED">
         <system-out><![CDATA[2022-04-19 20:46:50 - [TEST_CASE][PASSED] - Test Cases/Bento_TestCases/TumorSize/TC04_Bento_Filter_TumorSize-Below_1: Test Cases/Bento_TestCases/TumorSize/TC04_Bento_Filter_TumorSize-Below_1

2022-04-19 20:46:50 - [TEST_STEP][PASSED] - Start listener action : getTestScriptName: null

2022-04-19 20:46:50 - [TEST_STEP][PASSED] - TestCaseId = testCaseContext.getTestCaseId(): null

2022-04-19 20:46:50 - [TEST_STEP][PASSED] - out.println("**********this is the value of test case id string******** " + testCaseContext.getTestCaseId()): null

2022-04-19 20:46:50 - [TEST_STEP][PASSED] - G_currentTCName = TestCaseId.substring(TestCaseId.lastIndexOf("TC")): null

2022-04-19 20:46:50 - [TEST_STEP][PASSED] - out.println("This is the test case name : " + G_currentTCName): null

2022-04-19 20:46:50 - [TEST_STEP][PASSED] - closeBrowser(): Browser is closed

2022-04-19 20:46:50 - [MESSAGE][PASSED] - Browser is closed

2022-04-19 20:46:50 - [TEST_STEP][PASSED] - ctdc.utilities.runtestcaseforKatalon.RunKatalon("TC04_Bento_Filter_TumorSize-Below_1.xlsx"): Data loaded from input file for the test case. 

2022-04-19 20:46:50 - [MESSAGE][PASSED] - Test case file loaded This is the full filepath after converting to string :C:\Users\sohilz2\Commons_Automation\InputFiles\TC04_Bento_Filter_TumorSize-Below_1.xlsx

2022-04-19 20:46:50 - [MESSAGE][INFO] - Global variable set for password file is :  C:\Users\sohilz2\Commons_Automation\InputFiles\TC04_Bento_Filter_TumorSize-Below_1.xlsx

2022-04-19 20:46:54 - [MESSAGE][PASSED] - Data loaded from input file for the test case. 

2022-04-19 20:47:29 - [TEST_STEP][PASSED] - waitForElementClickable(findTestObject("Object Repository/Bento/NavBar/Bento_Cases-Btn"), 5): Object 'Object Repository/Bento/NavBar/Bento_Cases-Btn' is clickable

2022-04-19 20:47:29 - [MESSAGE][PASSED] - Object 'Object Repository/Bento/NavBar/Bento_Cases-Btn' is clickable

2022-04-19 20:47:29 - [TEST_STEP][PASSED] - ctdc.utilities.runtestcaseforKatalon.clickTab("Object Repository/Bento/NavBar/Bento_Cases-Btn"): ctdc.utilities.runtestcaseforKatalon.clickTab is PASSED

2022-04-19 20:47:29 - [MESSAGE][PASSED] - ctdc.utilities.runtestcaseforKatalon.clickTab is PASSED

2022-04-19 20:47:29 - [TEST_STEP][PASSED] - waitForElementClickable(findTestObject("Bento/Cases_page/Filter/TumorSize/TumorSize_Ddn"), 5): Object 'Object Repository/Bento/Cases_page/Filter/TumorSize/TumorSize_Ddn' is clickable

2022-04-19 20:47:30 - [MESSAGE][PASSED] - Object 'Object Repository/Bento/Cases_page/Filter/TumorSize/TumorSize_Ddn' is clickable

2022-04-19 20:47:30 - [TEST_STEP][PASSED] - ctdc.utilities.runtestcaseforKatalon.clickTab("Bento/Cases_page/Filter/TumorSize/TumorSize_Ddn"): ctdc.utilities.runtestcaseforKatalon.clickTab is PASSED

2022-04-19 20:47:30 - [MESSAGE][PASSED] - ctdc.utilities.runtestcaseforKatalon.clickTab is PASSED

2022-04-19 20:47:30 - [TEST_STEP][PASSED] - ctdc.utilities.runtestcaseforKatalon.clickTab("Object Repository/Bento/Cases_page/Filter/TumorSize/Below_1_Chkbx"): ctdc.utilities.runtestcaseforKatalon.clickTab is PASSED

2022-04-19 20:47:30 - [MESSAGE][PASSED] - ctdc.utilities.runtestcaseforKatalon.clickTab is PASSED

2022-04-19 20:47:30 - [TEST_STEP][PASSED] - ctdc.utilities.runtestcaseforKatalon.clickTab("Object Repository/Bento/Cases_page/Filter/TumorSize/TumorSize_Ddn"): ctdc.utilities.runtestcaseforKatalon.clickTab is PASSED

2022-04-19 20:47:31 - [MESSAGE][PASSED] - ctdc.utilities.runtestcaseforKatalon.clickTab is PASSED

2022-04-19 20:47:31 - [TEST_STEP][PASSED] - ctdc.utilities.runtestcaseforKatalon.readStatBarBento("Object Repository/Bento/StatBar/Bento_StatBar-Programs", "Object Repository/Bento/StatBar/Bento_StatBar-Arms", "Object Repository/Bento/StatBar/Bento_StatBar-Cases", "Object Repository/Bento/StatBar/Bento_StatBar-Samples", "Object Repository/Bento/StatBar/Bento_StatBar-Assays", "Object Repository/Bento/StatBar/Bento_StatBar-Files"): ctdc.utilities.runtestcaseforKatalon.readStatBarBento is PASSED

2022-04-19 20:47:39 - [MESSAGE][PASSED] - ctdc.utilities.runtestcaseforKatalon.readStatBarBento is PASSED

2022-04-19 20:47:39 - [TEST_STEP][PASSED] - ctdc.utilities.ReadExcel.Neo4j(G_CypherTabnameCases, G_QueryCasesTab): ctdc.utilities.ReadExcel.Neo4j is PASSED

2022-04-19 20:47:46 - [MESSAGE][PASSED] - ctdc.utilities.ReadExcel.Neo4j is PASSED

2022-04-19 20:47:46 - [TEST_STEP][PASSED] - ctdc.utilities.runtestcaseforKatalon.validateStatBar("Bento"): Statbar Files count matches

2022-04-19 20:47:46 - [MESSAGE][PASSED] - Statbar Programs count matches

2022-04-19 20:47:46 - [MESSAGE][PASSED] - Statbar Arms count matches

2022-04-19 20:47:46 - [MESSAGE][PASSED] - Statbar Cases count matches

2022-04-19 20:47:46 - [MESSAGE][PASSED] - Statbar Samples count matches

2022-04-19 20:47:46 - [MESSAGE][PASSED] - Statbar Assays count matches

2022-04-19 20:47:46 - [MESSAGE][PASSED] - Statbar Files count matches

2022-04-19 20:47:46 - [TEST_STEP][PASSED] - closeBrowser(): Browser is closed

2022-04-19 20:47:47 - [MESSAGE][PASSED] - Browser is closed]]></system-out>
         <system-err><![CDATA[]]></system-err>
      </testcase>
      <testcase name="Test Cases/Bento_TestCases/TumorSize/TC05_Bento_Filter_TumorSize-Above_4" time="37.744" classname="Test Cases/Bento_TestCases/TumorSize/TC05_Bento_Filter_TumorSize-Above_4" status="PASSED">
         <system-out><![CDATA[2022-04-19 20:47:47 - [TEST_CASE][PASSED] - Test Cases/Bento_TestCases/TumorSize/TC05_Bento_Filter_TumorSize-Above_4: Test Cases/Bento_TestCases/TumorSize/TC05_Bento_Filter_TumorSize-Above_4

2022-04-19 20:47:47 - [TEST_STEP][PASSED] - Start listener action : getTestScriptName: null

2022-04-19 20:47:47 - [TEST_STEP][PASSED] - TestCaseId = testCaseContext.getTestCaseId(): null

2022-04-19 20:47:47 - [TEST_STEP][PASSED] - out.println("**********this is the value of test case id string******** " + testCaseContext.getTestCaseId()): null

2022-04-19 20:47:47 - [TEST_STEP][PASSED] - G_currentTCName = TestCaseId.substring(TestCaseId.lastIndexOf("TC")): null

2022-04-19 20:47:47 - [TEST_STEP][PASSED] - out.println("This is the test case name : " + G_currentTCName): null

2022-04-19 20:47:47 - [TEST_STEP][PASSED] - closeBrowser(): Browser is closed

2022-04-19 20:47:47 - [MESSAGE][PASSED] - Browser is closed

2022-04-19 20:47:47 - [TEST_STEP][PASSED] - ctdc.utilities.runtestcaseforKatalon.RunKatalon("TC05_Bento_Filter_TumorSize-Above_4.xlsx"): Data loaded from input file for the test case. 

2022-04-19 20:47:47 - [MESSAGE][PASSED] - Test case file loaded This is the full filepath after converting to string :C:\Users\sohilz2\Commons_Automation\InputFiles\TC05_Bento_Filter_TumorSize-Above_4.xlsx

2022-04-19 20:47:47 - [MESSAGE][INFO] - Global variable set for password file is :  C:\Users\sohilz2\Commons_Automation\InputFiles\TC05_Bento_Filter_TumorSize-Above_4.xlsx

2022-04-19 20:47:51 - [MESSAGE][PASSED] - Data loaded from input file for the test case. 

2022-04-19 20:48:08 - [TEST_STEP][PASSED] - waitForElementClickable(findTestObject("Object Repository/Bento/NavBar/Bento_Cases-Btn"), 5): Object 'Object Repository/Bento/NavBar/Bento_Cases-Btn' is clickable

2022-04-19 20:48:08 - [MESSAGE][PASSED] - Object 'Object Repository/Bento/NavBar/Bento_Cases-Btn' is clickable

2022-04-19 20:48:08 - [TEST_STEP][PASSED] - ctdc.utilities.runtestcaseforKatalon.clickTab("Object Repository/Bento/NavBar/Bento_Cases-Btn"): ctdc.utilities.runtestcaseforKatalon.clickTab is PASSED

2022-04-19 20:48:08 - [MESSAGE][PASSED] - ctdc.utilities.runtestcaseforKatalon.clickTab is PASSED

2022-04-19 20:48:08 - [TEST_STEP][PASSED] - waitForElementClickable(findTestObject("Bento/Cases_page/Filter/TumorSize/TumorSize_Ddn"), 5): Object 'Object Repository/Bento/Cases_page/Filter/TumorSize/TumorSize_Ddn' is clickable

2022-04-19 20:48:09 - [MESSAGE][PASSED] - Object 'Object Repository/Bento/Cases_page/Filter/TumorSize/TumorSize_Ddn' is clickable

2022-04-19 20:48:09 - [TEST_STEP][PASSED] - ctdc.utilities.runtestcaseforKatalon.clickTab("Bento/Cases_page/Filter/TumorSize/TumorSize_Ddn"): ctdc.utilities.runtestcaseforKatalon.clickTab is PASSED

2022-04-19 20:48:09 - [MESSAGE][PASSED] - ctdc.utilities.runtestcaseforKatalon.clickTab is PASSED

2022-04-19 20:48:09 - [TEST_STEP][PASSED] - ctdc.utilities.runtestcaseforKatalon.clickTab("Object Repository/Bento/Cases_page/Filter/TumorSize/Above_4_Chkbx"): ctdc.utilities.runtestcaseforKatalon.clickTab is PASSED

2022-04-19 20:48:09 - [MESSAGE][PASSED] - ctdc.utilities.runtestcaseforKatalon.clickTab is PASSED

2022-04-19 20:48:09 - [TEST_STEP][PASSED] - ctdc.utilities.runtestcaseforKatalon.clickTab("Object Repository/Bento/Cases_page/Filter/TumorSize/TumorSize_Ddn"): ctdc.utilities.runtestcaseforKatalon.clickTab is PASSED

2022-04-19 20:48:09 - [MESSAGE][PASSED] - ctdc.utilities.runtestcaseforKatalon.clickTab is PASSED

2022-04-19 20:48:09 - [TEST_STEP][PASSED] - ctdc.utilities.runtestcaseforKatalon.readStatBarBento("Object Repository/Bento/StatBar/Bento_StatBar-Programs", "Object Repository/Bento/StatBar/Bento_StatBar-Arms", "Object Repository/Bento/StatBar/Bento_StatBar-Cases", "Object Repository/Bento/StatBar/Bento_StatBar-Samples", "Object Repository/Bento/StatBar/Bento_StatBar-Assays", "Object Repository/Bento/StatBar/Bento_StatBar-Files"): ctdc.utilities.runtestcaseforKatalon.readStatBarBento is PASSED

2022-04-19 20:48:18 - [MESSAGE][PASSED] - ctdc.utilities.runtestcaseforKatalon.readStatBarBento is PASSED

2022-04-19 20:48:18 - [TEST_STEP][PASSED] - ctdc.utilities.ReadExcel.Neo4j(G_CypherTabnameCases, G_QueryCasesTab): ctdc.utilities.ReadExcel.Neo4j is PASSED

2022-04-19 20:48:24 - [MESSAGE][PASSED] - ctdc.utilities.ReadExcel.Neo4j is PASSED

2022-04-19 20:48:24 - [TEST_STEP][PASSED] - ctdc.utilities.runtestcaseforKatalon.validateStatBar("Bento"): Statbar Files count matches

2022-04-19 20:48:24 - [MESSAGE][PASSED] - Statbar Programs count matches

2022-04-19 20:48:24 - [MESSAGE][PASSED] - Statbar Arms count matches

2022-04-19 20:48:24 - [MESSAGE][PASSED] - Statbar Cases count matches

2022-04-19 20:48:24 - [MESSAGE][PASSED] - Statbar Samples count matches

2022-04-19 20:48:24 - [MESSAGE][PASSED] - Statbar Assays count matches

2022-04-19 20:48:24 - [MESSAGE][PASSED] - Statbar Files count matches

2022-04-19 20:48:24 - [TEST_STEP][PASSED] - closeBrowser(): Browser is closed

2022-04-19 20:48:24 - [MESSAGE][PASSED] - Browser is closed]]></system-out>
         <system-err><![CDATA[]]></system-err>
      </testcase>
      <testcase name="Test Cases/Bento_TestCases/TumorSize/TC06_Bento_Filter_TumorSize-NotReported" time="37.437" classname="Test Cases/Bento_TestCases/TumorSize/TC06_Bento_Filter_TumorSize-NotReported" status="PASSED">
         <system-out><![CDATA[2022-04-19 20:48:24 - [TEST_CASE][PASSED] - Test Cases/Bento_TestCases/TumorSize/TC06_Bento_Filter_TumorSize-NotReported: Test Cases/Bento_TestCases/TumorSize/TC06_Bento_Filter_TumorSize-NotReported

2022-04-19 20:48:25 - [TEST_STEP][PASSED] - Start listener action : getTestScriptName: null

2022-04-19 20:48:25 - [TEST_STEP][PASSED] - TestCaseId = testCaseContext.getTestCaseId(): null

2022-04-19 20:48:25 - [TEST_STEP][PASSED] - out.println("**********this is the value of test case id string******** " + testCaseContext.getTestCaseId()): null

2022-04-19 20:48:25 - [TEST_STEP][PASSED] - G_currentTCName = TestCaseId.substring(TestCaseId.lastIndexOf("TC")): null

2022-04-19 20:48:25 - [TEST_STEP][PASSED] - out.println("This is the test case name : " + G_currentTCName): null

2022-04-19 20:48:25 - [TEST_STEP][PASSED] - closeBrowser(): Browser is closed

2022-04-19 20:48:25 - [MESSAGE][PASSED] - Browser is closed

2022-04-19 20:48:25 - [TEST_STEP][PASSED] - ctdc.utilities.runtestcaseforKatalon.RunKatalon("TC06_Bento_Filter_TumorSize-NotReported.xlsx"): Data loaded from input file for the test case. 

2022-04-19 20:48:25 - [MESSAGE][PASSED] - Test case file loaded This is the full filepath after converting to string :C:\Users\sohilz2\Commons_Automation\InputFiles\TC06_Bento_Filter_TumorSize-NotReported.xlsx

2022-04-19 20:48:25 - [MESSAGE][INFO] - Global variable set for password file is :  C:\Users\sohilz2\Commons_Automation\InputFiles\TC06_Bento_Filter_TumorSize-NotReported.xlsx

2022-04-19 20:48:29 - [MESSAGE][PASSED] - Data loaded from input file for the test case. 

2022-04-19 20:48:45 - [TEST_STEP][PASSED] - waitForElementClickable(findTestObject("Object Repository/Bento/NavBar/Bento_Cases-Btn"), 5): Object 'Object Repository/Bento/NavBar/Bento_Cases-Btn' is clickable

2022-04-19 20:48:45 - [MESSAGE][PASSED] - Object 'Object Repository/Bento/NavBar/Bento_Cases-Btn' is clickable

2022-04-19 20:48:45 - [TEST_STEP][PASSED] - ctdc.utilities.runtestcaseforKatalon.clickTab("Object Repository/Bento/NavBar/Bento_Cases-Btn"): ctdc.utilities.runtestcaseforKatalon.clickTab is PASSED

2022-04-19 20:48:45 - [MESSAGE][PASSED] - ctdc.utilities.runtestcaseforKatalon.clickTab is PASSED

2022-04-19 20:48:45 - [TEST_STEP][PASSED] - waitForElementClickable(findTestObject("Bento/Cases_page/Filter/TumorSize/TumorSize_Ddn"), 5): Object 'Object Repository/Bento/Cases_page/Filter/TumorSize/TumorSize_Ddn' is clickable

2022-04-19 20:48:46 - [MESSAGE][PASSED] - Object 'Object Repository/Bento/Cases_page/Filter/TumorSize/TumorSize_Ddn' is clickable

2022-04-19 20:48:46 - [TEST_STEP][PASSED] - ctdc.utilities.runtestcaseforKatalon.clickTab("Bento/Cases_page/Filter/TumorSize/TumorSize_Ddn"): ctdc.utilities.runtestcaseforKatalon.clickTab is PASSED

2022-04-19 20:48:46 - [MESSAGE][PASSED] - ctdc.utilities.runtestcaseforKatalon.clickTab is PASSED

2022-04-19 20:48:46 - [TEST_STEP][PASSED] - ctdc.utilities.runtestcaseforKatalon.clickTab("Object Repository/Bento/Cases_page/Filter/TumorSize/NotReported_Chkbx"): ctdc.utilities.runtestcaseforKatalon.clickTab is PASSED

2022-04-19 20:48:46 - [MESSAGE][PASSED] - ctdc.utilities.runtestcaseforKatalon.clickTab is PASSED

2022-04-19 20:48:46 - [TEST_STEP][PASSED] - ctdc.utilities.runtestcaseforKatalon.clickTab("Object Repository/Bento/Cases_page/Filter/TumorSize/TumorSize_Ddn"): ctdc.utilities.runtestcaseforKatalon.clickTab is PASSED

2022-04-19 20:48:47 - [MESSAGE][PASSED] - ctdc.utilities.runtestcaseforKatalon.clickTab is PASSED

2022-04-19 20:48:47 - [TEST_STEP][PASSED] - ctdc.utilities.runtestcaseforKatalon.readStatBarBento("Object Repository/Bento/StatBar/Bento_StatBar-Programs", "Object Repository/Bento/StatBar/Bento_StatBar-Arms", "Object Repository/Bento/StatBar/Bento_StatBar-Cases", "Object Repository/Bento/StatBar/Bento_StatBar-Samples", "Object Repository/Bento/StatBar/Bento_StatBar-Assays", "Object Repository/Bento/StatBar/Bento_StatBar-Files"): ctdc.utilities.runtestcaseforKatalon.readStatBarBento is PASSED

2022-04-19 20:48:55 - [MESSAGE][PASSED] - ctdc.utilities.runtestcaseforKatalon.readStatBarBento is PASSED

2022-04-19 20:48:55 - [TEST_STEP][PASSED] - ctdc.utilities.ReadExcel.Neo4j(G_CypherTabnameCases, G_QueryCasesTab): ctdc.utilities.ReadExcel.Neo4j is PASSED

2022-04-19 20:49:01 - [MESSAGE][PASSED] - ctdc.utilities.ReadExcel.Neo4j is PASSED

2022-04-19 20:49:01 - [TEST_STEP][PASSED] - ctdc.utilities.runtestcaseforKatalon.validateStatBar("Bento"): Statbar Files count matches

2022-04-19 20:49:01 - [MESSAGE][PASSED] - Statbar Programs count matches

2022-04-19 20:49:01 - [MESSAGE][PASSED] - Statbar Arms count matches

2022-04-19 20:49:01 - [MESSAGE][PASSED] - Statbar Cases count matches

2022-04-19 20:49:01 - [MESSAGE][PASSED] - Statbar Samples count matches

2022-04-19 20:49:01 - [MESSAGE][PASSED] - Statbar Assays count matches

2022-04-19 20:49:01 - [MESSAGE][PASSED] - Statbar Files count matches

2022-04-19 20:49:01 - [TEST_STEP][PASSED] - closeBrowser(): Browser is closed

2022-04-19 20:49:02 - [MESSAGE][PASSED] - Browser is closed]]></system-out>
         <system-err><![CDATA[]]></system-err>
      </testcase>
      <testcase name="Test Cases/Bento_TestCases/RecurrenceScore/TC01_Bento_Filter_RecurrScore-00-05" time="115.277" classname="Test Cases/Bento_TestCases/RecurrenceScore/TC01_Bento_Filter_RecurrScore-00-05" status="PASSED">
         <system-out><![CDATA[2022-04-19 20:49:02 - [TEST_CASE][PASSED] - Test Cases/Bento_TestCases/RecurrenceScore/TC01_Bento_Filter_RecurrScore-00-05: Test Cases/Bento_TestCases/RecurrenceScore/TC01_Bento_Filter_RecurrScore-00-05

2022-04-19 20:49:02 - [TEST_STEP][PASSED] - Start listener action : getTestScriptName: null

2022-04-19 20:49:02 - [TEST_STEP][PASSED] - TestCaseId = testCaseContext.getTestCaseId(): null

2022-04-19 20:49:02 - [TEST_STEP][PASSED] - out.println("**********this is the value of test case id string******** " + testCaseContext.getTestCaseId()): null

2022-04-19 20:49:02 - [TEST_STEP][PASSED] - G_currentTCName = TestCaseId.substring(TestCaseId.lastIndexOf("TC")): null

2022-04-19 20:49:02 - [TEST_STEP][PASSED] - out.println("This is the test case name : " + G_currentTCName): null

2022-04-19 20:49:02 - [TEST_STEP][PASSED] - closeBrowser(): Browser is closed

2022-04-19 20:49:03 - [MESSAGE][PASSED] - Browser is closed

2022-04-19 20:49:03 - [TEST_STEP][PASSED] - ctdc.utilities.runtestcaseforKatalon.RunKatalon("TC01_Bento_Filter_RecurrScore-00-05.xlsx"): Data loaded from input file for the test case. 

2022-04-19 20:49:03 - [MESSAGE][PASSED] - Test case file loaded This is the full filepath after converting to string :C:\Users\sohilz2\Commons_Automation\InputFiles\TC01_Bento_Filter_RecurrScore-00-05.xlsx

2022-04-19 20:49:03 - [MESSAGE][INFO] - Global variable set for password file is :  C:\Users\sohilz2\Commons_Automation\InputFiles\TC01_Bento_Filter_RecurrScore-00-05.xlsx

2022-04-19 20:49:07 - [MESSAGE][PASSED] - Data loaded from input file for the test case. 

2022-04-19 20:49:24 - [TEST_STEP][PASSED] - waitForElementClickable(findTestObject("Object Repository/Bento/NavBar/Bento_Cases-Btn"), 5): Object 'Object Repository/Bento/NavBar/Bento_Cases-Btn' is clickable

2022-04-19 20:49:24 - [MESSAGE][PASSED] - Object 'Object Repository/Bento/NavBar/Bento_Cases-Btn' is clickable

2022-04-19 20:49:24 - [TEST_STEP][PASSED] - ctdc.utilities.runtestcaseforKatalon.clickTab("Object Repository/Bento/NavBar/Bento_Cases-Btn"): ctdc.utilities.runtestcaseforKatalon.clickTab is PASSED

2022-04-19 20:49:24 - [MESSAGE][PASSED] - ctdc.utilities.runtestcaseforKatalon.clickTab is PASSED

2022-04-19 20:49:24 - [TEST_STEP][PASSED] - waitForElementClickable(findTestObject("Bento/Cases_page/Filter/Recurrence Score/RecurrScore_Ddn"), 5): Object 'Object Repository/Bento/Cases_page/Filter/Recurrence Score/RecurrScore_Ddn' is clickable

2022-04-19 20:49:25 - [MESSAGE][PASSED] - Object 'Object Repository/Bento/Cases_page/Filter/Recurrence Score/RecurrScore_Ddn' is clickable

2022-04-19 20:49:25 - [TEST_STEP][PASSED] - ctdc.utilities.runtestcaseforKatalon.clickTab("Bento/Cases_page/Filter/Recurrence Score/RecurrScore_Ddn"): ctdc.utilities.runtestcaseforKatalon.clickTab is PASSED

2022-04-19 20:49:25 - [MESSAGE][PASSED] - ctdc.utilities.runtestcaseforKatalon.clickTab is PASSED

2022-04-19 20:49:25 - [TEST_STEP][PASSED] - waitForElementClickable(findTestObject("Bento/Cases_page/Filter/Recurrence Score/00_to_05_Chkbx"), 5): Object 'Object Repository/Bento/Cases_page/Filter/Recurrence Score/00_to_05_Chkbx' is clickable

2022-04-19 20:49:25 - [MESSAGE][PASSED] - Object 'Object Repository/Bento/Cases_page/Filter/Recurrence Score/00_to_05_Chkbx' is clickable

2022-04-19 20:49:25 - [TEST_STEP][PASSED] - ctdc.utilities.runtestcaseforKatalon.clickTab("Bento/Cases_page/Filter/Recurrence Score/00_to_05_Chkbx"): ctdc.utilities.runtestcaseforKatalon.clickTab is PASSED

2022-04-19 20:49:25 - [MESSAGE][PASSED] - ctdc.utilities.runtestcaseforKatalon.clickTab is PASSED

2022-04-19 20:49:25 - [TEST_STEP][PASSED] - ctdc.utilities.runtestcaseforKatalon.clickTab("Bento/Cases_page/Filter/Recurrence Score/RecurrScore_Ddn"): ctdc.utilities.runtestcaseforKatalon.clickTab is PASSED

2022-04-19 20:49:26 - [MESSAGE][PASSED] - ctdc.utilities.runtestcaseforKatalon.clickTab is PASSED

2022-04-19 20:49:26 - [TEST_STEP][PASSED] - ctdc.utilities.runtestcaseforKatalon.readStatBarBento("Object Repository/Bento/StatBar/Bento_StatBar-Programs", "Object Repository/Bento/StatBar/Bento_StatBar-Arms", "Object Repository/Bento/StatBar/Bento_StatBar-Cases", "Object Repository/Bento/StatBar/Bento_StatBar-Samples", "Object Repository/Bento/StatBar/Bento_StatBar-Assays", "Object Repository/Bento/StatBar/Bento_StatBar-Files"): ctdc.utilities.runtestcaseforKatalon.readStatBarBento is PASSED

2022-04-19 20:49:34 - [MESSAGE][PASSED] - ctdc.utilities.runtestcaseforKatalon.readStatBarBento is PASSED

2022-04-19 20:49:34 - [TEST_STEP][PASSED] - waitForElementPresent(findTestObject("Object Repository/Bento/Cases_page/BentoResults_Cases_Tab"), 5): Object 'Object Repository/Bento/Cases_page/BentoResults_Cases_Tab' is present

2022-04-19 20:49:34 - [MESSAGE][PASSED] - Object 'Object Repository/Bento/Cases_page/BentoResults_Cases_Tab' is present

2022-04-19 20:49:34 - [TEST_STEP][PASSED] - ctdc.utilities.runtestcaseforKatalon.clickTab("Object Repository/Bento/Cases_page/BentoResults_Cases_Tab"): ctdc.utilities.runtestcaseforKatalon.clickTab is PASSED

2022-04-19 20:49:35 - [MESSAGE][PASSED] - ctdc.utilities.runtestcaseforKatalon.clickTab is PASSED

2022-04-19 20:49:35 - [TEST_STEP][PASSED] - ctdc.utilities.runtestcaseforKatalon.multiFunction("Bento", G_StatBar_Cases, "Object Repository/Bento/Cases_page/Bento_CasesTable", "Object Repository/Bento/Cases_page/Bento_CasesTableHeader", "Object Repository/Bento/Cases_page/Bento_CasesTabNextBtn", G_WebTabnameCases, G_CypherTabnameCases, G_QueryCasesTab): Statbar Files count matches

2022-04-19 20:50:57 - [MESSAGE][PASSED] - Statbar Programs count matches

2022-04-19 20:50:57 - [MESSAGE][PASSED] - Statbar Arms count matches

2022-04-19 20:50:57 - [MESSAGE][PASSED] - Statbar Cases count matches

2022-04-19 20:50:57 - [MESSAGE][PASSED] - Statbar Samples count matches

2022-04-19 20:50:57 - [MESSAGE][PASSED] - Statbar Assays count matches

2022-04-19 20:50:57 - [MESSAGE][PASSED] - Statbar Files count matches

2022-04-19 20:50:57 - [TEST_STEP][PASSED] - closeBrowser(): Browser is closed

2022-04-19 20:50:57 - [MESSAGE][PASSED] - Browser is closed]]></system-out>
         <system-err><![CDATA[]]></system-err>
      </testcase>
      <testcase name="Test Cases/Bento_TestCases/RecurrenceScore/TC02_Bento_Filter_RecurrScore-11-15" time="362.165" classname="Test Cases/Bento_TestCases/RecurrenceScore/TC02_Bento_Filter_RecurrScore-11-15" status="PASSED">
         <system-out><![CDATA[2022-04-19 20:50:57 - [TEST_CASE][PASSED] - Test Cases/Bento_TestCases/RecurrenceScore/TC02_Bento_Filter_RecurrScore-11-15: Test Cases/Bento_TestCases/RecurrenceScore/TC02_Bento_Filter_RecurrScore-11-15

2022-04-19 20:50:57 - [TEST_STEP][PASSED] - Start listener action : getTestScriptName: null

2022-04-19 20:50:57 - [TEST_STEP][PASSED] - TestCaseId = testCaseContext.getTestCaseId(): null

2022-04-19 20:50:57 - [TEST_STEP][PASSED] - out.println("**********this is the value of test case id string******** " + testCaseContext.getTestCaseId()): null

2022-04-19 20:50:57 - [TEST_STEP][PASSED] - G_currentTCName = TestCaseId.substring(TestCaseId.lastIndexOf("TC")): null

2022-04-19 20:50:57 - [TEST_STEP][PASSED] - out.println("This is the test case name : " + G_currentTCName): null

2022-04-19 20:50:58 - [TEST_STEP][PASSED] - closeBrowser(): Browser is closed

2022-04-19 20:50:58 - [MESSAGE][PASSED] - Browser is closed

2022-04-19 20:50:58 - [TEST_STEP][PASSED] - ctdc.utilities.runtestcaseforKatalon.RunKatalon("TC02_Bento_Filter_RecurrScore-11-15.xlsx"): Data loaded from input file for the test case. 

2022-04-19 20:50:58 - [MESSAGE][PASSED] - Test case file loaded This is the full filepath after converting to string :C:\Users\sohilz2\Commons_Automation\InputFiles\TC02_Bento_Filter_RecurrScore-11-15.xlsx

2022-04-19 20:50:58 - [MESSAGE][INFO] - Global variable set for password file is :  C:\Users\sohilz2\Commons_Automation\InputFiles\TC02_Bento_Filter_RecurrScore-11-15.xlsx

2022-04-19 20:51:02 - [MESSAGE][PASSED] - Data loaded from input file for the test case. 

2022-04-19 20:51:18 - [TEST_STEP][PASSED] - waitForElementClickable(findTestObject("Object Repository/Bento/NavBar/Bento_Cases-Btn"), 5): Object 'Object Repository/Bento/NavBar/Bento_Cases-Btn' is clickable

2022-04-19 20:51:18 - [MESSAGE][PASSED] - Object 'Object Repository/Bento/NavBar/Bento_Cases-Btn' is clickable

2022-04-19 20:51:18 - [TEST_STEP][PASSED] - ctdc.utilities.runtestcaseforKatalon.clickTab("Object Repository/Bento/NavBar/Bento_Cases-Btn"): ctdc.utilities.runtestcaseforKatalon.clickTab is PASSED

2022-04-19 20:51:18 - [MESSAGE][PASSED] - ctdc.utilities.runtestcaseforKatalon.clickTab is PASSED

2022-04-19 20:51:18 - [TEST_STEP][PASSED] - waitForElementClickable(findTestObject("Bento/Cases_page/Filter/Recurrence Score/RecurrScore_Ddn"), 5): Object 'Object Repository/Bento/Cases_page/Filter/Recurrence Score/RecurrScore_Ddn' is clickable

2022-04-19 20:51:19 - [MESSAGE][PASSED] - Object 'Object Repository/Bento/Cases_page/Filter/Recurrence Score/RecurrScore_Ddn' is clickable

2022-04-19 20:51:19 - [TEST_STEP][PASSED] - ctdc.utilities.runtestcaseforKatalon.clickTab("Bento/Cases_page/Filter/Recurrence Score/RecurrScore_Ddn"): ctdc.utilities.runtestcaseforKatalon.clickTab is PASSED

2022-04-19 20:51:19 - [MESSAGE][PASSED] - ctdc.utilities.runtestcaseforKatalon.clickTab is PASSED

2022-04-19 20:51:19 - [TEST_STEP][PASSED] - waitForElementClickable(findTestObject("Bento/Cases_page/Filter/Recurrence Score/11_to_15_Chkbx"), 5): Object 'Object Repository/Bento/Cases_page/Filter/Recurrence Score/11_to_15_Chkbx' is clickable

2022-04-19 20:51:19 - [MESSAGE][PASSED] - Object 'Object Repository/Bento/Cases_page/Filter/Recurrence Score/11_to_15_Chkbx' is clickable

2022-04-19 20:51:19 - [TEST_STEP][PASSED] - ctdc.utilities.runtestcaseforKatalon.clickTab("Bento/Cases_page/Filter/Recurrence Score/11_to_15_Chkbx"): ctdc.utilities.runtestcaseforKatalon.clickTab is PASSED

2022-04-19 20:51:20 - [MESSAGE][PASSED] - ctdc.utilities.runtestcaseforKatalon.clickTab is PASSED

2022-04-19 20:51:20 - [TEST_STEP][PASSED] - ctdc.utilities.runtestcaseforKatalon.clickTab("Bento/Cases_page/Filter/Recurrence Score/RecurrScore_Ddn"): ctdc.utilities.runtestcaseforKatalon.clickTab is PASSED

2022-04-19 20:51:20 - [MESSAGE][PASSED] - ctdc.utilities.runtestcaseforKatalon.clickTab is PASSED

2022-04-19 20:51:20 - [TEST_STEP][PASSED] - ctdc.utilities.runtestcaseforKatalon.readStatBarBento("Object Repository/Bento/StatBar/Bento_StatBar-Programs", "Object Repository/Bento/StatBar/Bento_StatBar-Arms", "Object Repository/Bento/StatBar/Bento_StatBar-Cases", "Object Repository/Bento/StatBar/Bento_StatBar-Samples", "Object Repository/Bento/StatBar/Bento_StatBar-Assays", "Object Repository/Bento/StatBar/Bento_StatBar-Files"): ctdc.utilities.runtestcaseforKatalon.readStatBarBento is PASSED

2022-04-19 20:51:28 - [MESSAGE][PASSED] - ctdc.utilities.runtestcaseforKatalon.readStatBarBento is PASSED

2022-04-19 20:51:28 - [TEST_STEP][PASSED] - waitForElementPresent(findTestObject("Object Repository/Bento/Cases_page/BentoResults_Cases_Tab"), 5): Object 'Object Repository/Bento/Cases_page/BentoResults_Cases_Tab' is present

2022-04-19 20:51:29 - [MESSAGE][PASSED] - Object 'Object Repository/Bento/Cases_page/BentoResults_Cases_Tab' is present

2022-04-19 20:51:29 - [TEST_STEP][PASSED] - ctdc.utilities.runtestcaseforKatalon.clickTab("Object Repository/Bento/Cases_page/BentoResults_Cases_Tab"): ctdc.utilities.runtestcaseforKatalon.clickTab is PASSED

2022-04-19 20:51:29 - [MESSAGE][PASSED] - ctdc.utilities.runtestcaseforKatalon.clickTab is PASSED

2022-04-19 20:51:29 - [TEST_STEP][PASSED] - ctdc.utilities.runtestcaseforKatalon.multiFunction("Bento", G_StatBar_Cases, "Object Repository/Bento/Cases_page/Bento_CasesTable", "Object Repository/Bento/Cases_page/Bento_CasesTableHeader", "Object Repository/Bento/Cases_page/Bento_CasesTabNextBtn", G_WebTabnameCases, G_CypherTabnameCases, G_QueryCasesTab): Statbar Files count matches

2022-04-19 20:56:59 - [MESSAGE][PASSED] - Statbar Programs count matches

2022-04-19 20:56:59 - [MESSAGE][PASSED] - Statbar Arms count matches

2022-04-19 20:56:59 - [MESSAGE][PASSED] - Statbar Cases count matches

2022-04-19 20:56:59 - [MESSAGE][PASSED] - Statbar Samples count matches

2022-04-19 20:56:59 - [MESSAGE][PASSED] - Statbar Assays count matches

2022-04-19 20:56:59 - [MESSAGE][PASSED] - Statbar Files count matches

2022-04-19 20:56:59 - [TEST_STEP][PASSED] - closeBrowser(): Browser is closed

2022-04-19 20:56:59 - [MESSAGE][PASSED] - Browser is closed]]></system-out>
         <system-err><![CDATA[]]></system-err>
      </testcase>
      <testcase name="Test Cases/Bento_TestCases/RecurrenceScore/TC03_Bento_Filter_RecurrScore-16-20" time="402.461" classname="Test Cases/Bento_TestCases/RecurrenceScore/TC03_Bento_Filter_RecurrScore-16-20" status="PASSED">
         <system-out><![CDATA[2022-04-19 20:56:59 - [TEST_CASE][PASSED] - Test Cases/Bento_TestCases/RecurrenceScore/TC03_Bento_Filter_RecurrScore-16-20: Test Cases/Bento_TestCases/RecurrenceScore/TC03_Bento_Filter_RecurrScore-16-20

2022-04-19 20:56:59 - [TEST_STEP][PASSED] - Start listener action : getTestScriptName: null

2022-04-19 20:56:59 - [TEST_STEP][PASSED] - TestCaseId = testCaseContext.getTestCaseId(): null

2022-04-19 20:56:59 - [TEST_STEP][PASSED] - out.println("**********this is the value of test case id string******** " + testCaseContext.getTestCaseId()): null

2022-04-19 20:56:59 - [TEST_STEP][PASSED] - G_currentTCName = TestCaseId.substring(TestCaseId.lastIndexOf("TC")): null

2022-04-19 20:56:59 - [TEST_STEP][PASSED] - out.println("This is the test case name : " + G_currentTCName): null

2022-04-19 20:57:00 - [TEST_STEP][PASSED] - closeBrowser(): Browser is closed

2022-04-19 20:57:00 - [MESSAGE][PASSED] - Browser is closed

2022-04-19 20:57:00 - [TEST_STEP][PASSED] - ctdc.utilities.runtestcaseforKatalon.RunKatalon("TC03_Bento_Filter_RecurrScore-16-20.xlsx"): Data loaded from input file for the test case. 

2022-04-19 20:57:00 - [MESSAGE][PASSED] - Test case file loaded This is the full filepath after converting to string :C:\Users\sohilz2\Commons_Automation\InputFiles\TC03_Bento_Filter_RecurrScore-16-20.xlsx

2022-04-19 20:57:00 - [MESSAGE][INFO] - Global variable set for password file is :  C:\Users\sohilz2\Commons_Automation\InputFiles\TC03_Bento_Filter_RecurrScore-16-20.xlsx

2022-04-19 20:57:04 - [MESSAGE][PASSED] - Data loaded from input file for the test case. 

2022-04-19 20:57:29 - [TEST_STEP][PASSED] - waitForElementClickable(findTestObject("Object Repository/Bento/NavBar/Bento_Cases-Btn"), 5): Object 'Object Repository/Bento/NavBar/Bento_Cases-Btn' is clickable

2022-04-19 20:57:29 - [MESSAGE][PASSED] - Object 'Object Repository/Bento/NavBar/Bento_Cases-Btn' is clickable

2022-04-19 20:57:29 - [TEST_STEP][PASSED] - ctdc.utilities.runtestcaseforKatalon.clickTab("Object Repository/Bento/NavBar/Bento_Cases-Btn"): ctdc.utilities.runtestcaseforKatalon.clickTab is PASSED

2022-04-19 20:57:29 - [MESSAGE][PASSED] - ctdc.utilities.runtestcaseforKatalon.clickTab is PASSED

2022-04-19 20:57:29 - [TEST_STEP][PASSED] - waitForElementClickable(findTestObject("Bento/Cases_page/Filter/Recurrence Score/RecurrScore_Ddn"), 5): Object 'Object Repository/Bento/Cases_page/Filter/Recurrence Score/RecurrScore_Ddn' is clickable

2022-04-19 20:57:30 - [MESSAGE][PASSED] - Object 'Object Repository/Bento/Cases_page/Filter/Recurrence Score/RecurrScore_Ddn' is clickable

2022-04-19 20:57:30 - [TEST_STEP][PASSED] - ctdc.utilities.runtestcaseforKatalon.clickTab("Bento/Cases_page/Filter/Recurrence Score/RecurrScore_Ddn"): ctdc.utilities.runtestcaseforKatalon.clickTab is PASSED

2022-04-19 20:57:30 - [MESSAGE][PASSED] - ctdc.utilities.runtestcaseforKatalon.clickTab is PASSED

2022-04-19 20:57:30 - [TEST_STEP][PASSED] - waitForElementClickable(findTestObject("Bento/Cases_page/Filter/Recurrence Score/16_to_20_Chkbx"), 5): Object 'Object Repository/Bento/Cases_page/Filter/Recurrence Score/16_to_20_Chkbx' is clickable

2022-04-19 20:57:30 - [MESSAGE][PASSED] - Object 'Object Repository/Bento/Cases_page/Filter/Recurrence Score/16_to_20_Chkbx' is clickable

2022-04-19 20:57:30 - [TEST_STEP][PASSED] - ctdc.utilities.runtestcaseforKatalon.clickTab("Bento/Cases_page/Filter/Recurrence Score/16_to_20_Chkbx"): ctdc.utilities.runtestcaseforKatalon.clickTab is PASSED

2022-04-19 20:57:30 - [MESSAGE][PASSED] - ctdc.utilities.runtestcaseforKatalon.clickTab is PASSED

2022-04-19 20:57:30 - [TEST_STEP][PASSED] - ctdc.utilities.runtestcaseforKatalon.clickTab("Bento/Cases_page/Filter/Recurrence Score/RecurrScore_Ddn"): ctdc.utilities.runtestcaseforKatalon.clickTab is PASSED

2022-04-19 20:57:31 - [MESSAGE][PASSED] - ctdc.utilities.runtestcaseforKatalon.clickTab is PASSED

2022-04-19 20:57:31 - [TEST_STEP][PASSED] - ctdc.utilities.runtestcaseforKatalon.readStatBarBento("Object Repository/Bento/StatBar/Bento_StatBar-Programs", "Object Repository/Bento/StatBar/Bento_StatBar-Arms", "Object Repository/Bento/StatBar/Bento_StatBar-Cases", "Object Repository/Bento/StatBar/Bento_StatBar-Samples", "Object Repository/Bento/StatBar/Bento_StatBar-Assays", "Object Repository/Bento/StatBar/Bento_StatBar-Files"): ctdc.utilities.runtestcaseforKatalon.readStatBarBento is PASSED

2022-04-19 20:57:39 - [MESSAGE][PASSED] - ctdc.utilities.runtestcaseforKatalon.readStatBarBento is PASSED

2022-04-19 20:57:39 - [TEST_STEP][PASSED] - waitForElementPresent(findTestObject("Object Repository/Bento/Cases_page/BentoResults_Cases_Tab"), 5): Object 'Object Repository/Bento/Cases_page/BentoResults_Cases_Tab' is present

2022-04-19 20:57:39 - [MESSAGE][PASSED] - Object 'Object Repository/Bento/Cases_page/BentoResults_Cases_Tab' is present

2022-04-19 20:57:39 - [TEST_STEP][PASSED] - ctdc.utilities.runtestcaseforKatalon.clickTab("Object Repository/Bento/Cases_page/BentoResults_Cases_Tab"): ctdc.utilities.runtestcaseforKatalon.clickTab is PASSED

2022-04-19 20:57:39 - [MESSAGE][PASSED] - ctdc.utilities.runtestcaseforKatalon.clickTab is PASSED

2022-04-19 20:57:39 - [TEST_STEP][PASSED] - ctdc.utilities.runtestcaseforKatalon.multiFunction("Bento", G_StatBar_Cases, "Object Repository/Bento/Cases_page/Bento_CasesTable", "Object Repository/Bento/Cases_page/Bento_CasesTableHeader", "Object Repository/Bento/Cases_page/Bento_CasesTabNextBtn", G_WebTabnameCases, G_CypherTabnameCases, G_QueryCasesTab): Statbar Files count matches

2022-04-19 21:03:41 - [MESSAGE][PASSED] - Statbar Programs count matches

2022-04-19 21:03:41 - [MESSAGE][PASSED] - Statbar Arms count matches

2022-04-19 21:03:41 - [MESSAGE][PASSED] - Statbar Cases count matches

2022-04-19 21:03:41 - [MESSAGE][PASSED] - Statbar Samples count matches

2022-04-19 21:03:41 - [MESSAGE][PASSED] - Statbar Assays count matches

2022-04-19 21:03:41 - [MESSAGE][PASSED] - Statbar Files count matches

2022-04-19 21:03:41 - [TEST_STEP][PASSED] - closeBrowser(): Browser is closed

2022-04-19 21:03:42 - [MESSAGE][PASSED] - Browser is closed]]></system-out>
         <system-err><![CDATA[]]></system-err>
      </testcase>
      <testcase name="Test Cases/Bento_TestCases/RecurrenceScore/TC04_Bento_Filter_RecurrScore-51-100" time="68.419" classname="Test Cases/Bento_TestCases/RecurrenceScore/TC04_Bento_Filter_RecurrScore-51-100" status="PASSED">
         <system-out><![CDATA[2022-04-19 21:03:42 - [TEST_CASE][PASSED] - Test Cases/Bento_TestCases/RecurrenceScore/TC04_Bento_Filter_RecurrScore-51-100: Test Cases/Bento_TestCases/RecurrenceScore/TC04_Bento_Filter_RecurrScore-51-100

2022-04-19 21:03:42 - [TEST_STEP][PASSED] - Start listener action : getTestScriptName: null

2022-04-19 21:03:42 - [TEST_STEP][PASSED] - TestCaseId = testCaseContext.getTestCaseId(): null

2022-04-19 21:03:42 - [TEST_STEP][PASSED] - out.println("**********this is the value of test case id string******** " + testCaseContext.getTestCaseId()): null

2022-04-19 21:03:42 - [TEST_STEP][PASSED] - G_currentTCName = TestCaseId.substring(TestCaseId.lastIndexOf("TC")): null

2022-04-19 21:03:42 - [TEST_STEP][PASSED] - out.println("This is the test case name : " + G_currentTCName): null

2022-04-19 21:03:42 - [TEST_STEP][PASSED] - closeBrowser(): Browser is closed

2022-04-19 21:03:42 - [MESSAGE][PASSED] - Browser is closed

2022-04-19 21:03:42 - [TEST_STEP][PASSED] - ctdc.utilities.runtestcaseforKatalon.RunKatalon("TC04_Bento_Filter_RecurrScore-51-100.xlsx"): Data loaded from input file for the test case. 

2022-04-19 21:03:42 - [MESSAGE][PASSED] - Test case file loaded This is the full filepath after converting to string :C:\Users\sohilz2\Commons_Automation\InputFiles\TC04_Bento_Filter_RecurrScore-51-100.xlsx

2022-04-19 21:03:42 - [MESSAGE][INFO] - Global variable set for password file is :  C:\Users\sohilz2\Commons_Automation\InputFiles\TC04_Bento_Filter_RecurrScore-51-100.xlsx

2022-04-19 21:03:47 - [MESSAGE][PASSED] - Data loaded from input file for the test case. 

2022-04-19 21:04:08 - [TEST_STEP][PASSED] - waitForElementClickable(findTestObject("Object Repository/Bento/NavBar/Bento_Cases-Btn"), 5): Object 'Object Repository/Bento/NavBar/Bento_Cases-Btn' is clickable

2022-04-19 21:04:08 - [MESSAGE][PASSED] - Object 'Object Repository/Bento/NavBar/Bento_Cases-Btn' is clickable

2022-04-19 21:04:08 - [TEST_STEP][PASSED] - ctdc.utilities.runtestcaseforKatalon.clickTab("Object Repository/Bento/NavBar/Bento_Cases-Btn"): ctdc.utilities.runtestcaseforKatalon.clickTab is PASSED

2022-04-19 21:04:08 - [MESSAGE][PASSED] - ctdc.utilities.runtestcaseforKatalon.clickTab is PASSED

2022-04-19 21:04:08 - [TEST_STEP][PASSED] - waitForElementClickable(findTestObject("Bento/Cases_page/Filter/Recurrence Score/RecurrScore_Ddn"), 5): Object 'Object Repository/Bento/Cases_page/Filter/Recurrence Score/RecurrScore_Ddn' is clickable

2022-04-19 21:04:09 - [MESSAGE][PASSED] - Object 'Object Repository/Bento/Cases_page/Filter/Recurrence Score/RecurrScore_Ddn' is clickable

2022-04-19 21:04:09 - [TEST_STEP][PASSED] - ctdc.utilities.runtestcaseforKatalon.clickTab("Bento/Cases_page/Filter/Recurrence Score/RecurrScore_Ddn"): ctdc.utilities.runtestcaseforKatalon.clickTab is PASSED

2022-04-19 21:04:09 - [MESSAGE][PASSED] - ctdc.utilities.runtestcaseforKatalon.clickTab is PASSED

2022-04-19 21:04:09 - [TEST_STEP][PASSED] - waitForElementClickable(findTestObject("Bento/Cases_page/Filter/Recurrence Score/51_to_100_Chkbx"), 5): Object 'Object Repository/Bento/Cases_page/Filter/Recurrence Score/51_to_100_Chkbx' is clickable

2022-04-19 21:04:09 - [MESSAGE][PASSED] - Object 'Object Repository/Bento/Cases_page/Filter/Recurrence Score/51_to_100_Chkbx' is clickable

2022-04-19 21:04:09 - [TEST_STEP][PASSED] - ctdc.utilities.runtestcaseforKatalon.clickTab("Bento/Cases_page/Filter/Recurrence Score/51_to_100_Chkbx"): ctdc.utilities.runtestcaseforKatalon.clickTab is PASSED

2022-04-19 21:04:10 - [MESSAGE][PASSED] - ctdc.utilities.runtestcaseforKatalon.clickTab is PASSED

2022-04-19 21:04:10 - [TEST_STEP][PASSED] - ctdc.utilities.runtestcaseforKatalon.clickTab("Bento/Cases_page/Filter/Recurrence Score/RecurrScore_Ddn"): ctdc.utilities.runtestcaseforKatalon.clickTab is PASSED

2022-04-19 21:04:10 - [MESSAGE][PASSED] - ctdc.utilities.runtestcaseforKatalon.clickTab is PASSED

2022-04-19 21:04:10 - [TEST_STEP][PASSED] - ctdc.utilities.runtestcaseforKatalon.readStatBarBento("Object Repository/Bento/StatBar/Bento_StatBar-Programs", "Object Repository/Bento/StatBar/Bento_StatBar-Arms", "Object Repository/Bento/StatBar/Bento_StatBar-Cases", "Object Repository/Bento/StatBar/Bento_StatBar-Samples", "Object Repository/Bento/StatBar/Bento_StatBar-Assays", "Object Repository/Bento/StatBar/Bento_StatBar-Files"): ctdc.utilities.runtestcaseforKatalon.readStatBarBento is PASSED

2022-04-19 21:04:18 - [MESSAGE][PASSED] - ctdc.utilities.runtestcaseforKatalon.readStatBarBento is PASSED

2022-04-19 21:04:18 - [TEST_STEP][PASSED] - waitForElementPresent(findTestObject("Object Repository/Bento/Cases_page/BentoResults_Cases_Tab"), 5): Object 'Object Repository/Bento/Cases_page/BentoResults_Cases_Tab' is present

2022-04-19 21:04:19 - [MESSAGE][PASSED] - Object 'Object Repository/Bento/Cases_page/BentoResults_Cases_Tab' is present

2022-04-19 21:04:19 - [TEST_STEP][PASSED] - ctdc.utilities.runtestcaseforKatalon.clickTab("Object Repository/Bento/Cases_page/BentoResults_Cases_Tab"): ctdc.utilities.runtestcaseforKatalon.clickTab is PASSED

2022-04-19 21:04:19 - [MESSAGE][PASSED] - ctdc.utilities.runtestcaseforKatalon.clickTab is PASSED

2022-04-19 21:04:19 - [TEST_STEP][PASSED] - ctdc.utilities.runtestcaseforKatalon.multiFunction("Bento", G_StatBar_Cases, "Object Repository/Bento/Cases_page/Bento_CasesTable", "Object Repository/Bento/Cases_page/Bento_CasesTableHeader", "Object Repository/Bento/Cases_page/Bento_CasesTabNextBtn", G_WebTabnameCases, G_CypherTabnameCases, G_QueryCasesTab): Statbar Files count matches

2022-04-19 21:04:50 - [MESSAGE][PASSED] - Statbar Programs count matches

2022-04-19 21:04:50 - [MESSAGE][PASSED] - Statbar Arms count matches

2022-04-19 21:04:50 - [MESSAGE][PASSED] - Statbar Cases count matches

2022-04-19 21:04:50 - [MESSAGE][PASSED] - Statbar Samples count matches

2022-04-19 21:04:50 - [MESSAGE][PASSED] - Statbar Assays count matches

2022-04-19 21:04:50 - [MESSAGE][PASSED] - Statbar Files count matches

2022-04-19 21:04:50 - [TEST_STEP][PASSED] - closeBrowser(): Browser is closed

2022-04-19 21:04:50 - [MESSAGE][PASSED] - Browser is closed]]></system-out>
         <system-err><![CDATA[]]></system-err>
      </testcase>
      <testcase name="Test Cases/Bento_TestCases/Bento_Regression/TC07_HomePage_AllLinks_Buttons_Verifications" time="81.68" classname="Test Cases/Bento_TestCases/Bento_Regression/TC07_HomePage_AllLinks_Buttons_Verifications" status="PASSED">
         <system-out><![CDATA[2022-04-19 21:04:50 - [TEST_CASE][PASSED] - Test Cases/Bento_TestCases/Bento_Regression/TC07_HomePage_AllLinks_Buttons_Verifications: Test Cases/Bento_TestCases/Bento_Regression/TC07_HomePage_AllLinks_Buttons_Verifications

2022-04-19 21:04:50 - [TEST_STEP][PASSED] - Start listener action : getTestScriptName: null

2022-04-19 21:04:50 - [TEST_STEP][PASSED] - TestCaseId = testCaseContext.getTestCaseId(): null

2022-04-19 21:04:50 - [TEST_STEP][PASSED] - out.println("**********this is the value of test case id string******** " + testCaseContext.getTestCaseId()): null

2022-04-19 21:04:50 - [TEST_STEP][PASSED] - G_currentTCName = TestCaseId.substring(TestCaseId.lastIndexOf("TC")): null

2022-04-19 21:04:50 - [TEST_STEP][PASSED] - out.println("This is the test case name : " + G_currentTCName): null

2022-04-19 21:04:51 - [TEST_STEP][PASSED] - closeBrowser(): Browser is closed

2022-04-19 21:04:51 - [MESSAGE][PASSED] - Browser is closed

2022-04-19 21:04:51 - [TEST_STEP][PASSED] - ctdc.utilities.runtestcaseforKatalon.RunKatalon("TC07_HomePage_AllLinks_Buttons_Verifications.xlsx"): Data loaded from input file for the test case. 

2022-04-19 21:04:51 - [MESSAGE][PASSED] - Test case file loaded This is the full filepath after converting to string :C:\Users\sohilz2\Commons_Automation\InputFiles\TC07_HomePage_AllLinks_Buttons_Verifications.xlsx

2022-04-19 21:04:51 - [MESSAGE][INFO] - Global variable set for password file is :  C:\Users\sohilz2\Commons_Automation\InputFiles\TC07_HomePage_AllLinks_Buttons_Verifications.xlsx

2022-04-19 21:04:55 - [MESSAGE][PASSED] - Data loaded from input file for the test case. 

2022-04-19 21:05:16 - [TEST_STEP][PASSED] - waitForElementPresent(findTestObject("Bento/Home_page/Bento_logo"), 5): Object 'Object Repository/Bento/Home_page/Bento_logo' is present

2022-04-19 21:05:16 - [MESSAGE][PASSED] - Object 'Object Repository/Bento/Home_page/Bento_logo' is present

2022-04-19 21:05:16 - [TEST_STEP][PASSED] - verifyElementPresent(findTestObject("Bento/Home_page/Bento_logo"), 5): Object 'Object Repository/Bento/Home_page/Bento_logo' is present

2022-04-19 21:05:16 - [MESSAGE][PASSED] - Object 'Object Repository/Bento/Home_page/Bento_logo' is present

2022-04-19 21:05:16 - [TEST_STEP][PASSED] - waitForElementClickable(findTestObject("Bento/Home_page/HomePage_ExploreTheSite_Btn"), 5): Object 'Object Repository/Bento/Home_page/HomePage_ExploreTheSite_Btn' is clickable

2022-04-19 21:05:16 - [MESSAGE][PASSED] - Object 'Object Repository/Bento/Home_page/HomePage_ExploreTheSite_Btn' is clickable

2022-04-19 21:05:16 - [TEST_STEP][PASSED] - ctdc.utilities.runtestcaseforKatalon.clickTab("Bento/Home_page/HomePage_ExploreTheSite_Btn"): ctdc.utilities.runtestcaseforKatalon.clickTab is PASSED

2022-04-19 21:05:16 - [MESSAGE][PASSED] - ctdc.utilities.runtestcaseforKatalon.clickTab is PASSED

2022-04-19 21:05:16 - [TEST_STEP][PASSED] - verifyElementPresent(findTestObject("Object Repository/Bento/StatBar/Bento_StatBar-Programs"), 2): Object 'Object Repository/Bento/StatBar/Bento_StatBar-Programs' is present

2022-04-19 21:05:17 - [MESSAGE][PASSED] - Object 'Object Repository/Bento/StatBar/Bento_StatBar-Programs' is present

2022-04-19 21:05:17 - [TEST_STEP][PASSED] - verifyElementPresent(findTestObject("Object Repository/Bento/StatBar/Bento_StatBar-Arms"), 2): Object 'Object Repository/Bento/StatBar/Bento_StatBar-Arms' is present

2022-04-19 21:05:17 - [MESSAGE][PASSED] - Object 'Object Repository/Bento/StatBar/Bento_StatBar-Arms' is present

2022-04-19 21:05:17 - [TEST_STEP][PASSED] - verifyElementPresent(findTestObject("Object Repository/Bento/StatBar/Bento_StatBar-Cases"), 2): Object 'Object Repository/Bento/StatBar/Bento_StatBar-Cases' is present

2022-04-19 21:05:17 - [MESSAGE][PASSED] - Object 'Object Repository/Bento/StatBar/Bento_StatBar-Cases' is present

2022-04-19 21:05:17 - [TEST_STEP][PASSED] - verifyElementPresent(findTestObject("Object Repository/Bento/StatBar/Bento_StatBar-Samples"), 2): Object 'Object Repository/Bento/StatBar/Bento_StatBar-Samples' is present

2022-04-19 21:05:17 - [MESSAGE][PASSED] - Object 'Object Repository/Bento/StatBar/Bento_StatBar-Samples' is present

2022-04-19 21:05:17 - [TEST_STEP][PASSED] - verifyElementPresent(findTestObject("Object Repository/Bento/StatBar/Bento_StatBar-Assays"), 2): Object 'Object Repository/Bento/StatBar/Bento_StatBar-Assays' is present

2022-04-19 21:05:17 - [MESSAGE][PASSED] - Object 'Object Repository/Bento/StatBar/Bento_StatBar-Assays' is present

2022-04-19 21:05:17 - [TEST_STEP][PASSED] - verifyElementPresent(findTestObject("Object Repository/Bento/StatBar/Bento_StatBar-Files"), 2): Object 'Object Repository/Bento/StatBar/Bento_StatBar-Files' is present

2022-04-19 21:05:18 - [MESSAGE][PASSED] - Object 'Object Repository/Bento/StatBar/Bento_StatBar-Files' is present

2022-04-19 21:05:18 - [TEST_STEP][PASSED] - ctdc.utilities.runtestcaseforKatalon.readStatBarBento("Object Repository/Bento/StatBar/Bento_StatBar-Programs", "Object Repository/Bento/StatBar/Bento_StatBar-Arms", "Object Repository/Bento/StatBar/Bento_StatBar-Cases", "Object Repository/Bento/StatBar/Bento_StatBar-Samples", "Object Repository/Bento/StatBar/Bento_StatBar-Assays", "Object Repository/Bento/StatBar/Bento_StatBar-Files"): ctdc.utilities.runtestcaseforKatalon.readStatBarBento is PASSED

2022-04-19 21:05:26 - [MESSAGE][PASSED] - ctdc.utilities.runtestcaseforKatalon.readStatBarBento is PASSED

2022-04-19 21:05:26 - [TEST_STEP][PASSED] - waitForElementClickable(findTestObject("Object Repository/Bento/NavBar/Bento_Home-Btn"), 5): Object 'Object Repository/Bento/NavBar/Bento_Home-Btn' is clickable

2022-04-19 21:05:26 - [MESSAGE][PASSED] - Object 'Object Repository/Bento/NavBar/Bento_Home-Btn' is clickable

2022-04-19 21:05:26 - [TEST_STEP][PASSED] - ctdc.utilities.runtestcaseforKatalon.clickTab("Object Repository/Bento/NavBar/Bento_Home-Btn"): ctdc.utilities.runtestcaseforKatalon.clickTab is PASSED

2022-04-19 21:05:27 - [MESSAGE][PASSED] - ctdc.utilities.runtestcaseforKatalon.clickTab is PASSED

2022-04-19 21:05:27 - [TEST_STEP][PASSED] - waitForElementPresent(findTestObject("Bento/Home_page/Programs_View_Btn"), 5): Object 'Object Repository/Bento/Home_page/Programs_View_Btn' is present

2022-04-19 21:05:27 - [MESSAGE][PASSED] - Object 'Object Repository/Bento/Home_page/Programs_View_Btn' is present

2022-04-19 21:05:27 - [TEST_STEP][PASSED] - ctdc.utilities.runtestcaseforKatalon.clickTab("Bento/Home_page/Programs_View_Btn"): ctdc.utilities.runtestcaseforKatalon.clickTab is PASSED

2022-04-19 21:05:27 - [MESSAGE][PASSED] - ctdc.utilities.runtestcaseforKatalon.clickTab is PASSED

2022-04-19 21:05:27 - [TEST_STEP][PASSED] - verifyElementPresent(findTestObject("Object Repository/Bento/StatBar/Bento_StatBar-Programs"), 2): Object 'Object Repository/Bento/StatBar/Bento_StatBar-Programs' is present

2022-04-19 21:05:27 - [MESSAGE][PASSED] - Object 'Object Repository/Bento/StatBar/Bento_StatBar-Programs' is present

2022-04-19 21:05:27 - [TEST_STEP][PASSED] - verifyElementPresent(findTestObject("Object Repository/Bento/StatBar/Bento_StatBar-Arms"), 2): Object 'Object Repository/Bento/StatBar/Bento_StatBar-Arms' is present

2022-04-19 21:05:27 - [MESSAGE][PASSED] - Object 'Object Repository/Bento/StatBar/Bento_StatBar-Arms' is present

2022-04-19 21:05:27 - [TEST_STEP][PASSED] - verifyElementPresent(findTestObject("Object Repository/Bento/StatBar/Bento_StatBar-Cases"), 2): Object 'Object Repository/Bento/StatBar/Bento_StatBar-Cases' is present

2022-04-19 21:05:27 - [MESSAGE][PASSED] - Object 'Object Repository/Bento/StatBar/Bento_StatBar-Cases' is present

2022-04-19 21:05:27 - [TEST_STEP][PASSED] - verifyElementPresent(findTestObject("Object Repository/Bento/StatBar/Bento_StatBar-Samples"), 2): Object 'Object Repository/Bento/StatBar/Bento_StatBar-Samples' is present

2022-04-19 21:05:27 - [MESSAGE][PASSED] - Object 'Object Repository/Bento/StatBar/Bento_StatBar-Samples' is present

2022-04-19 21:05:27 - [TEST_STEP][PASSED] - verifyElementPresent(findTestObject("Object Repository/Bento/StatBar/Bento_StatBar-Assays"), 2): Object 'Object Repository/Bento/StatBar/Bento_StatBar-Assays' is present

2022-04-19 21:05:27 - [MESSAGE][PASSED] - Object 'Object Repository/Bento/StatBar/Bento_StatBar-Assays' is present

2022-04-19 21:05:27 - [TEST_STEP][PASSED] - verifyElementPresent(findTestObject("Object Repository/Bento/StatBar/Bento_StatBar-Files"), 2): Object 'Object Repository/Bento/StatBar/Bento_StatBar-Files' is present

2022-04-19 21:05:27 - [MESSAGE][PASSED] - Object 'Object Repository/Bento/StatBar/Bento_StatBar-Files' is present

2022-04-19 21:05:27 - [TEST_STEP][PASSED] - ctdc.utilities.runtestcaseforKatalon.readStatBarBento("Object Repository/Bento/StatBar/Bento_StatBar-Programs", "Object Repository/Bento/StatBar/Bento_StatBar-Arms", "Object Repository/Bento/StatBar/Bento_StatBar-Cases", "Object Repository/Bento/StatBar/Bento_StatBar-Samples", "Object Repository/Bento/StatBar/Bento_StatBar-Assays", "Object Repository/Bento/StatBar/Bento_StatBar-Files"): ctdc.utilities.runtestcaseforKatalon.readStatBarBento is PASSED

2022-04-19 21:05:36 - [MESSAGE][PASSED] - ctdc.utilities.runtestcaseforKatalon.readStatBarBento is PASSED

2022-04-19 21:05:36 - [TEST_STEP][PASSED] - waitForElementClickable(findTestObject("Object Repository/Bento/NavBar/Bento_Home-Btn"), 5): Object 'Object Repository/Bento/NavBar/Bento_Home-Btn' is clickable

2022-04-19 21:05:36 - [MESSAGE][PASSED] - Object 'Object Repository/Bento/NavBar/Bento_Home-Btn' is clickable

2022-04-19 21:05:36 - [TEST_STEP][PASSED] - ctdc.utilities.runtestcaseforKatalon.clickTab("Object Repository/Bento/NavBar/Bento_Home-Btn"): ctdc.utilities.runtestcaseforKatalon.clickTab is PASSED

2022-04-19 21:05:36 - [MESSAGE][PASSED] - ctdc.utilities.runtestcaseforKatalon.clickTab is PASSED

2022-04-19 21:05:36 - [TEST_STEP][PASSED] - waitForElementClickable(findTestObject("Bento/Home_page/Resources_ReadMore_Btn"), 5): Object 'Object Repository/Bento/Home_page/Resources_ReadMore_Btn' is clickable

2022-04-19 21:05:36 - [MESSAGE][PASSED] - Object 'Object Repository/Bento/Home_page/Resources_ReadMore_Btn' is clickable

2022-04-19 21:05:36 - [TEST_STEP][PASSED] - ctdc.utilities.runtestcaseforKatalon.clickTab("Bento/Home_page/Resources_ReadMore_Btn"): ctdc.utilities.runtestcaseforKatalon.clickTab is PASSED

2022-04-19 21:05:36 - [MESSAGE][PASSED] - ctdc.utilities.runtestcaseforKatalon.clickTab is PASSED

2022-04-19 21:05:36 - [TEST_STEP][PASSED] - waitForElementPresent(findTestObject("Bento/Home_page/AboutPage_Resources_title"), 5): Object 'Object Repository/Bento/Home_page/AboutPage_Resources_title' is present

2022-04-19 21:05:37 - [MESSAGE][PASSED] - Object 'Object Repository/Bento/Home_page/AboutPage_Resources_title' is present

2022-04-19 21:05:37 - [TEST_STEP][PASSED] - verifyElementText(findTestObject("Bento/Home_page/AboutPage_Resources_title"), "Resources"): Actual text and expected text of test object 'Object Repository/Bento/Home_page/AboutPage_Resources_title' are matched.

2022-04-19 21:05:37 - [MESSAGE][PASSED] - Actual text and expected text of test object 'Object Repository/Bento/Home_page/AboutPage_Resources_title' are matched.

2022-04-19 21:05:37 - [TEST_STEP][PASSED] - waitForElementClickable(findTestObject("Object Repository/Bento/NavBar/Bento_Home-Btn"), 5): Object 'Object Repository/Bento/NavBar/Bento_Home-Btn' is clickable

2022-04-19 21:05:37 - [MESSAGE][PASSED] - Object 'Object Repository/Bento/NavBar/Bento_Home-Btn' is clickable

2022-04-19 21:05:37 - [TEST_STEP][PASSED] - ctdc.utilities.runtestcaseforKatalon.clickTab("Object Repository/Bento/NavBar/Bento_Home-Btn"): ctdc.utilities.runtestcaseforKatalon.clickTab is PASSED

2022-04-19 21:05:37 - [MESSAGE][PASSED] - ctdc.utilities.runtestcaseforKatalon.clickTab is PASSED

2022-04-19 21:05:37 - [TEST_STEP][PASSED] - waitForElementPresent(findTestObject("Bento/Home_page/AboutBento_ReadMore_Btn"), 5): Object 'Object Repository/Bento/Home_page/AboutBento_ReadMore_Btn' is present

2022-04-19 21:05:37 - [MESSAGE][PASSED] - Object 'Object Repository/Bento/Home_page/AboutBento_ReadMore_Btn' is present

2022-04-19 21:05:37 - [TEST_STEP][PASSED] - ctdc.utilities.runtestcaseforKatalon.clickTab("Bento/Home_page/AboutBento_ReadMore_Btn"): ctdc.utilities.runtestcaseforKatalon.clickTab is PASSED

2022-04-19 21:05:37 - [MESSAGE][PASSED] - ctdc.utilities.runtestcaseforKatalon.clickTab is PASSED

2022-04-19 21:05:37 - [TEST_STEP][PASSED] - waitForElementPresent(findTestObject("Bento/Home_page/AboutBento_Title"), 5): Object 'Object Repository/Bento/Home_page/AboutBento_Title' is present

2022-04-19 21:05:37 - [MESSAGE][PASSED] - Object 'Object Repository/Bento/Home_page/AboutBento_Title' is present

2022-04-19 21:05:37 - [TEST_STEP][PASSED] - verifyElementText(findTestObject("Bento/Home_page/AboutBento_Title"), "Bento"): Actual text and expected text of test object 'Object Repository/Bento/Home_page/AboutBento_Title' are matched.

2022-04-19 21:05:37 - [MESSAGE][PASSED] - Actual text and expected text of test object 'Object Repository/Bento/Home_page/AboutBento_Title' are matched.

2022-04-19 21:05:37 - [TEST_STEP][PASSED] - waitForElementClickable(findTestObject("Object Repository/Bento/NavBar/Bento_Home-Btn"), 5): Object 'Object Repository/Bento/NavBar/Bento_Home-Btn' is clickable

2022-04-19 21:05:38 - [MESSAGE][PASSED] - Object 'Object Repository/Bento/NavBar/Bento_Home-Btn' is clickable

2022-04-19 21:05:38 - [TEST_STEP][PASSED] - ctdc.utilities.runtestcaseforKatalon.clickTab("Object Repository/Bento/NavBar/Bento_Home-Btn"): ctdc.utilities.runtestcaseforKatalon.clickTab is PASSED

2022-04-19 21:05:38 - [MESSAGE][PASSED] - ctdc.utilities.runtestcaseforKatalon.clickTab is PASSED

2022-04-19 21:05:38 - [TEST_STEP][PASSED] - waitForElementPresent(findTestObject("Bento/Home_page/Explore_Btn"), 5): Object 'Object Repository/Bento/Home_page/Explore_Btn' is present

2022-04-19 21:05:38 - [MESSAGE][PASSED] - Object 'Object Repository/Bento/Home_page/Explore_Btn' is present

2022-04-19 21:05:38 - [TEST_STEP][PASSED] - ctdc.utilities.runtestcaseforKatalon.clickTab("Bento/Home_page/Explore_Btn"): ctdc.utilities.runtestcaseforKatalon.clickTab is PASSED

2022-04-19 21:05:38 - [MESSAGE][PASSED] - ctdc.utilities.runtestcaseforKatalon.clickTab is PASSED

2022-04-19 21:05:38 - [TEST_STEP][PASSED] - verifyElementPresent(findTestObject("Object Repository/Bento/StatBar/Bento_StatBar-Programs"), 5): Object 'Object Repository/Bento/StatBar/Bento_StatBar-Programs' is present

2022-04-19 21:05:38 - [MESSAGE][PASSED] - Object 'Object Repository/Bento/StatBar/Bento_StatBar-Programs' is present

2022-04-19 21:05:38 - [TEST_STEP][PASSED] - verifyElementPresent(findTestObject("Object Repository/Bento/StatBar/Bento_StatBar-Arms"), 5): Object 'Object Repository/Bento/StatBar/Bento_StatBar-Arms' is present

2022-04-19 21:05:38 - [MESSAGE][PASSED] - Object 'Object Repository/Bento/StatBar/Bento_StatBar-Arms' is present

2022-04-19 21:05:38 - [TEST_STEP][PASSED] - verifyElementPresent(findTestObject("Object Repository/Bento/StatBar/Bento_StatBar-Cases"), 5): Object 'Object Repository/Bento/StatBar/Bento_StatBar-Cases' is present

2022-04-19 21:05:38 - [MESSAGE][PASSED] - Object 'Object Repository/Bento/StatBar/Bento_StatBar-Cases' is present

2022-04-19 21:05:38 - [TEST_STEP][PASSED] - waitForElementClickable(findTestObject("Object Repository/Bento/NavBar/Bento_Home-Btn"), 5): Object 'Object Repository/Bento/NavBar/Bento_Home-Btn' is clickable

2022-04-19 21:05:38 - [MESSAGE][PASSED] - Object 'Object Repository/Bento/NavBar/Bento_Home-Btn' is clickable

2022-04-19 21:05:38 - [TEST_STEP][PASSED] - ctdc.utilities.runtestcaseforKatalon.clickTab("Object Repository/Bento/NavBar/Bento_Home-Btn"): ctdc.utilities.runtestcaseforKatalon.clickTab is PASSED

2022-04-19 21:05:38 - [MESSAGE][PASSED] - ctdc.utilities.runtestcaseforKatalon.clickTab is PASSED

2022-04-19 21:05:38 - [TEST_STEP][PASSED] - waitForElementPresent(findTestObject("Bento/Footer/FNLCR_Logo"), 5): Object 'Object Repository/Bento/Footer/FNLCR_Logo' is present

2022-04-19 21:05:39 - [MESSAGE][PASSED] - Object 'Object Repository/Bento/Footer/FNLCR_Logo' is present

2022-04-19 21:05:39 - [TEST_STEP][PASSED] - ctdc.utilities.runtestcaseforKatalon.clickTab("Bento/Footer/FNLCR_Logo"): ctdc.utilities.runtestcaseforKatalon.clickTab is PASSED

2022-04-19 21:05:39 - [MESSAGE][PASSED] - ctdc.utilities.runtestcaseforKatalon.clickTab is PASSED

2022-04-19 21:05:39 - [TEST_STEP][PASSED] - switchToWindowIndex(1): Switched to window with index: '1'

2022-04-19 21:05:39 - [MESSAGE][PASSED] - Switched to window with index: '1'

2022-04-19 21:05:39 - [TEST_STEP][PASSED] - verifyElementPresent(findTestObject("Bento/Footer/Externel_Apps/FNLCR_HomePage_Logo"), 2): Object 'Object Repository/Bento/Footer/Externel_Apps/FNLCR_HomePage_Logo' is present

2022-04-19 21:05:51 - [MESSAGE][PASSED] - Object 'Object Repository/Bento/Footer/Externel_Apps/FNLCR_HomePage_Logo' is present

2022-04-19 21:05:51 - [TEST_STEP][PASSED] - closeWindowIndex(1): Window with index 1 is closed

2022-04-19 21:05:51 - [MESSAGE][PASSED] - Window with index 1 is closed

2022-04-19 21:05:51 - [TEST_STEP][PASSED] - switchToWindowIndex(0): Switched to window with index: '0'

2022-04-19 21:05:51 - [MESSAGE][PASSED] - Switched to window with index: '0'

2022-04-19 21:05:51 - [TEST_STEP][PASSED] - waitForElementPresent(findTestObject("Bento/Footer/Purpose_Hplink"), 5): Object 'Object Repository/Bento/Footer/Purpose_Hplink' is present

2022-04-19 21:05:51 - [MESSAGE][PASSED] - Object 'Object Repository/Bento/Footer/Purpose_Hplink' is present

2022-04-19 21:05:51 - [TEST_STEP][PASSED] - ctdc.utilities.runtestcaseforKatalon.clickTab("Bento/Footer/Purpose_Hplink"): ctdc.utilities.runtestcaseforKatalon.clickTab is PASSED

2022-04-19 21:05:51 - [MESSAGE][PASSED] - ctdc.utilities.runtestcaseforKatalon.clickTab is PASSED

2022-04-19 21:05:51 - [TEST_STEP][PASSED] - waitForElementClickable(findTestObject("Object Repository/Bento/NavBar/Bento_Home-Btn"), 5): Object 'Object Repository/Bento/NavBar/Bento_Home-Btn' is clickable

2022-04-19 21:05:51 - [MESSAGE][PASSED] - Object 'Object Repository/Bento/NavBar/Bento_Home-Btn' is clickable

2022-04-19 21:05:51 - [TEST_STEP][PASSED] - ctdc.utilities.runtestcaseforKatalon.clickTab("Object Repository/Bento/NavBar/Bento_Home-Btn"): ctdc.utilities.runtestcaseforKatalon.clickTab is PASSED

2022-04-19 21:05:51 - [MESSAGE][PASSED] - ctdc.utilities.runtestcaseforKatalon.clickTab is PASSED

2022-04-19 21:05:51 - [TEST_STEP][PASSED] - waitForElementPresent(findTestObject("Bento/Footer/Resources_Hplink"), 5): Object 'Object Repository/Bento/Footer/Resources_Hplink' is present

2022-04-19 21:05:52 - [MESSAGE][PASSED] - Object 'Object Repository/Bento/Footer/Resources_Hplink' is present

2022-04-19 21:05:52 - [TEST_STEP][PASSED] - ctdc.utilities.runtestcaseforKatalon.clickTab("Bento/Footer/Resources_Hplink"): ctdc.utilities.runtestcaseforKatalon.clickTab is PASSED

2022-04-19 21:05:52 - [MESSAGE][PASSED] - ctdc.utilities.runtestcaseforKatalon.clickTab is PASSED

2022-04-19 21:05:52 - [TEST_STEP][PASSED] - verifyElementText(findTestObject("Bento/Home_page/AboutPage_Resources_title"), "Resources"): Actual text and expected text of test object 'Object Repository/Bento/Home_page/AboutPage_Resources_title' are matched.

2022-04-19 21:05:52 - [MESSAGE][PASSED] - Actual text and expected text of test object 'Object Repository/Bento/Home_page/AboutPage_Resources_title' are matched.

2022-04-19 21:05:52 - [TEST_STEP][PASSED] - delay(2): Delayed 2 second(s)

2022-04-19 21:05:54 - [MESSAGE][PASSED] - Delayed 2 second(s)

2022-04-19 21:05:54 - [TEST_STEP][PASSED] - waitForElementClickable(findTestObject("Object Repository/Bento/NavBar/Bento_Home-Btn"), 5): Object 'Object Repository/Bento/NavBar/Bento_Home-Btn' is clickable

2022-04-19 21:05:54 - [MESSAGE][PASSED] - Object 'Object Repository/Bento/NavBar/Bento_Home-Btn' is clickable

2022-04-19 21:05:54 - [TEST_STEP][PASSED] - ctdc.utilities.runtestcaseforKatalon.clickTab("Object Repository/Bento/NavBar/Bento_Home-Btn"): ctdc.utilities.runtestcaseforKatalon.clickTab is PASSED

2022-04-19 21:05:54 - [MESSAGE][PASSED] - ctdc.utilities.runtestcaseforKatalon.clickTab is PASSED

2022-04-19 21:05:54 - [TEST_STEP][PASSED] - waitForElementPresent(findTestObject("Bento/Footer/Documentation_Hplink"), 5): Object 'Object Repository/Bento/Footer/Documentation_Hplink' is present

2022-04-19 21:05:54 - [MESSAGE][PASSED] - Object 'Object Repository/Bento/Footer/Documentation_Hplink' is present

2022-04-19 21:05:54 - [TEST_STEP][PASSED] - ctdc.utilities.runtestcaseforKatalon.clickTab("Bento/Footer/Documentation_Hplink"): ctdc.utilities.runtestcaseforKatalon.clickTab is PASSED

2022-04-19 21:05:54 - [MESSAGE][PASSED] - ctdc.utilities.runtestcaseforKatalon.clickTab is PASSED

2022-04-19 21:05:54 - [TEST_STEP][PASSED] - switchToWindowIndex(1): Switched to window with index: '1'

2022-04-19 21:05:54 - [MESSAGE][PASSED] - Switched to window with index: '1'

2022-04-19 21:05:54 - [TEST_STEP][PASSED] - waitForElementPresent(findTestObject("Bento/Home_page/Bento_logo"), 5): Object 'Object Repository/Bento/Home_page/Bento_logo' is present

2022-04-19 21:05:55 - [MESSAGE][PASSED] - Object 'Object Repository/Bento/Home_page/Bento_logo' is present

2022-04-19 21:05:55 - [TEST_STEP][PASSED] - verifyElementPresent(findTestObject("Bento/Home_page/Bento_logo"), 5): Object 'Object Repository/Bento/Home_page/Bento_logo' is present

2022-04-19 21:05:55 - [MESSAGE][PASSED] - Object 'Object Repository/Bento/Home_page/Bento_logo' is present

2022-04-19 21:05:55 - [TEST_STEP][PASSED] - closeWindowIndex(1): Window with index 1 is closed

2022-04-19 21:05:55 - [MESSAGE][PASSED] - Window with index 1 is closed

2022-04-19 21:05:55 - [TEST_STEP][PASSED] - switchToWindowIndex(0): Switched to window with index: '0'

2022-04-19 21:05:55 - [MESSAGE][PASSED] - Switched to window with index: '0'

2022-04-19 21:05:55 - [TEST_STEP][PASSED] - waitForElementPresent(findTestObject("Bento/Footer/HHS_Hplink"), 5): Object 'Object Repository/Bento/Footer/HHS_Hplink' is present

2022-04-19 21:05:55 - [MESSAGE][PASSED] - Object 'Object Repository/Bento/Footer/HHS_Hplink' is present

2022-04-19 21:05:55 - [TEST_STEP][PASSED] - ctdc.utilities.runtestcaseforKatalon.clickTab("Bento/Footer/HHS_Hplink"): ctdc.utilities.runtestcaseforKatalon.clickTab is PASSED

2022-04-19 21:05:55 - [MESSAGE][PASSED] - ctdc.utilities.runtestcaseforKatalon.clickTab is PASSED

2022-04-19 21:05:55 - [TEST_STEP][PASSED] - switchToWindowIndex(1): Switched to window with index: '1'

2022-04-19 21:05:55 - [MESSAGE][PASSED] - Switched to window with index: '1'

2022-04-19 21:05:55 - [TEST_STEP][PASSED] - waitForElementPresent(findTestObject("Bento/Footer/Externel_Apps/HHS_logo"), 5): Object 'Object Repository/Bento/Footer/Externel_Apps/HHS_logo' is present

2022-04-19 21:06:01 - [MESSAGE][PASSED] - Object 'Object Repository/Bento/Footer/Externel_Apps/HHS_logo' is present

2022-04-19 21:06:01 - [TEST_STEP][PASSED] - verifyElementPresent(findTestObject("Bento/Footer/Externel_Apps/HHS_logo"), 5): Object 'Object Repository/Bento/Footer/Externel_Apps/HHS_logo' is present

2022-04-19 21:06:01 - [MESSAGE][PASSED] - Object 'Object Repository/Bento/Footer/Externel_Apps/HHS_logo' is present

2022-04-19 21:06:01 - [TEST_STEP][PASSED] - closeWindowIndex(1): Window with index 1 is closed

2022-04-19 21:06:01 - [MESSAGE][PASSED] - Window with index 1 is closed

2022-04-19 21:06:01 - [TEST_STEP][PASSED] - switchToWindowIndex(0): Switched to window with index: '0'

2022-04-19 21:06:01 - [MESSAGE][PASSED] - Switched to window with index: '0'

2022-04-19 21:06:01 - [TEST_STEP][PASSED] - waitForElementPresent(findTestObject("Bento/Footer/NIH_Hplink"), 5): Object 'Object Repository/Bento/Footer/NIH_Hplink' is present

2022-04-19 21:06:01 - [MESSAGE][PASSED] - Object 'Object Repository/Bento/Footer/NIH_Hplink' is present

2022-04-19 21:06:01 - [TEST_STEP][PASSED] - ctdc.utilities.runtestcaseforKatalon.clickTab("Bento/Footer/NIH_Hplink"): ctdc.utilities.runtestcaseforKatalon.clickTab is PASSED

2022-04-19 21:06:01 - [MESSAGE][PASSED] - ctdc.utilities.runtestcaseforKatalon.clickTab is PASSED

2022-04-19 21:06:01 - [TEST_STEP][PASSED] - switchToWindowIndex(1): Switched to window with index: '1'

2022-04-19 21:06:01 - [MESSAGE][PASSED] - Switched to window with index: '1'

2022-04-19 21:06:01 - [TEST_STEP][PASSED] - waitForElementPresent(findTestObject("Bento/Footer/Externel_Apps/NIH_logo"), 5): Object 'Object Repository/Bento/Footer/Externel_Apps/NIH_logo' is present

2022-04-19 21:06:03 - [MESSAGE][PASSED] - Object 'Object Repository/Bento/Footer/Externel_Apps/NIH_logo' is present

2022-04-19 21:06:03 - [TEST_STEP][PASSED] - verifyElementPresent(findTestObject("Bento/Footer/Externel_Apps/NIH_logo"), 5): Object 'Object Repository/Bento/Footer/Externel_Apps/NIH_logo' is present

2022-04-19 21:06:03 - [MESSAGE][PASSED] - Object 'Object Repository/Bento/Footer/Externel_Apps/NIH_logo' is present

2022-04-19 21:06:03 - [TEST_STEP][PASSED] - closeWindowIndex(1): Window with index 1 is closed

2022-04-19 21:06:03 - [MESSAGE][PASSED] - Window with index 1 is closed

2022-04-19 21:06:03 - [TEST_STEP][PASSED] - switchToWindowIndex(0): Switched to window with index: '0'

2022-04-19 21:06:03 - [MESSAGE][PASSED] - Switched to window with index: '0'

2022-04-19 21:06:03 - [TEST_STEP][PASSED] - waitForElementPresent(findTestObject("Bento/Footer/NCI_Hplink"), 5): Object 'Object Repository/Bento/Footer/NCI_Hplink' is present

2022-04-19 21:06:03 - [MESSAGE][PASSED] - Object 'Object Repository/Bento/Footer/NCI_Hplink' is present

2022-04-19 21:06:03 - [TEST_STEP][PASSED] - ctdc.utilities.runtestcaseforKatalon.clickTab("Bento/Footer/NCI_Hplink"): ctdc.utilities.runtestcaseforKatalon.clickTab is PASSED

2022-04-19 21:06:04 - [MESSAGE][PASSED] - ctdc.utilities.runtestcaseforKatalon.clickTab is PASSED

2022-04-19 21:06:04 - [TEST_STEP][PASSED] - switchToWindowIndex(1): Switched to window with index: '1'

2022-04-19 21:06:04 - [MESSAGE][PASSED] - Switched to window with index: '1'

2022-04-19 21:06:04 - [TEST_STEP][PASSED] - waitForElementPresent(findTestObject("Bento/Footer/Externel_Apps/NCI_logo"), 5): Object 'Object Repository/Bento/Footer/Externel_Apps/NCI_logo' is present

2022-04-19 21:06:05 - [MESSAGE][PASSED] - Object 'Object Repository/Bento/Footer/Externel_Apps/NCI_logo' is present

2022-04-19 21:06:05 - [TEST_STEP][PASSED] - verifyElementPresent(findTestObject("Bento/Footer/Externel_Apps/NCI_logo"), 5): Object 'Object Repository/Bento/Footer/Externel_Apps/NCI_logo' is present

2022-04-19 21:06:06 - [MESSAGE][PASSED] - Object 'Object Repository/Bento/Footer/Externel_Apps/NCI_logo' is present

2022-04-19 21:06:06 - [TEST_STEP][PASSED] - closeWindowIndex(1): Window with index 1 is closed

2022-04-19 21:06:06 - [MESSAGE][PASSED] - Window with index 1 is closed

2022-04-19 21:06:06 - [TEST_STEP][PASSED] - switchToWindowIndex(0): Switched to window with index: '0'

2022-04-19 21:06:06 - [MESSAGE][PASSED] - Switched to window with index: '0'

2022-04-19 21:06:06 - [TEST_STEP][PASSED] - waitForElementPresent(findTestObject("Bento/Footer/USA_Hplink"), 5): Object 'Object Repository/Bento/Footer/USA_Hplink' is present

2022-04-19 21:06:06 - [MESSAGE][PASSED] - Object 'Object Repository/Bento/Footer/USA_Hplink' is present

2022-04-19 21:06:06 - [TEST_STEP][PASSED] - ctdc.utilities.runtestcaseforKatalon.clickTab("Bento/Footer/USA_Hplink"): ctdc.utilities.runtestcaseforKatalon.clickTab is PASSED

2022-04-19 21:06:06 - [MESSAGE][PASSED] - ctdc.utilities.runtestcaseforKatalon.clickTab is PASSED

2022-04-19 21:06:06 - [TEST_STEP][PASSED] - switchToWindowIndex(1): Switched to window with index: '1'

2022-04-19 21:06:06 - [MESSAGE][PASSED] - Switched to window with index: '1'

2022-04-19 21:06:06 - [TEST_STEP][PASSED] - waitForElementPresent(findTestObject("Bento/Footer/Externel_Apps/USA_logo"), 5): Object 'Object Repository/Bento/Footer/Externel_Apps/USA_logo' is present

2022-04-19 21:06:09 - [MESSAGE][PASSED] - Object 'Object Repository/Bento/Footer/Externel_Apps/USA_logo' is present

2022-04-19 21:06:09 - [TEST_STEP][PASSED] - verifyElementPresent(findTestObject("Bento/Footer/Externel_Apps/USA_logo"), 5): Object 'Object Repository/Bento/Footer/Externel_Apps/USA_logo' is present

2022-04-19 21:06:09 - [MESSAGE][PASSED] - Object 'Object Repository/Bento/Footer/Externel_Apps/USA_logo' is present

2022-04-19 21:06:09 - [TEST_STEP][PASSED] - closeWindowIndex(1): Window with index 1 is closed

2022-04-19 21:06:09 - [MESSAGE][PASSED] - Window with index 1 is closed

2022-04-19 21:06:09 - [TEST_STEP][PASSED] - switchToWindowIndex(0): Switched to window with index: '0'

2022-04-19 21:06:09 - [MESSAGE][PASSED] - Switched to window with index: '0'

2022-04-19 21:06:09 - [TEST_STEP][PASSED] - delay(3): Delayed 3 second(s)

2022-04-19 21:06:12 - [MESSAGE][PASSED] - Delayed 3 second(s)]]></system-out>
         <system-err><![CDATA[]]></system-err>
      </testcase>
      <testcase name="Test Cases/Bento_TestCases/FileType/TC02_Bento_Filter_FileType-bai" time="50.388" classname="Test Cases/Bento_TestCases/FileType/TC02_Bento_Filter_FileType-bai" status="PASSED">
         <system-out><![CDATA[2022-04-19 21:06:12 - [TEST_CASE][PASSED] - Test Cases/Bento_TestCases/FileType/TC02_Bento_Filter_FileType-bai: Test Cases/Bento_TestCases/FileType/TC02_Bento_Filter_FileType-bai

2022-04-19 21:06:12 - [TEST_STEP][PASSED] - Start listener action : getTestScriptName: null

2022-04-19 21:06:12 - [TEST_STEP][PASSED] - TestCaseId = testCaseContext.getTestCaseId(): null

2022-04-19 21:06:12 - [TEST_STEP][PASSED] - out.println("**********this is the value of test case id string******** " + testCaseContext.getTestCaseId()): null

2022-04-19 21:06:12 - [TEST_STEP][PASSED] - G_currentTCName = TestCaseId.substring(TestCaseId.lastIndexOf("TC")): null

2022-04-19 21:06:12 - [TEST_STEP][PASSED] - out.println("This is the test case name : " + G_currentTCName): null

2022-04-19 21:06:13 - [TEST_STEP][PASSED] - closeBrowser(): Browser is closed

2022-04-19 21:06:13 - [MESSAGE][PASSED] - Browser is closed

2022-04-19 21:06:13 - [TEST_STEP][PASSED] - ctdc.utilities.runtestcaseforKatalon.RunKatalon("TC02_Bento_Filter_FileType-bai.xlsx"): Data loaded from input file for the test case. 

2022-04-19 21:06:13 - [MESSAGE][PASSED] - Test case file loaded This is the full filepath after converting to string :C:\Users\sohilz2\Commons_Automation\InputFiles\TC02_Bento_Filter_FileType-bai.xlsx

2022-04-19 21:06:13 - [MESSAGE][INFO] - Global variable set for password file is :  C:\Users\sohilz2\Commons_Automation\InputFiles\TC02_Bento_Filter_FileType-bai.xlsx

2022-04-19 21:06:17 - [MESSAGE][PASSED] - Data loaded from input file for the test case. 

2022-04-19 21:06:34 - [TEST_STEP][PASSED] - waitForElementClickable(findTestObject("Object Repository/Bento/NavBar/Bento_Cases-Btn"), 5): Object 'Object Repository/Bento/NavBar/Bento_Cases-Btn' is clickable

2022-04-19 21:06:34 - [MESSAGE][PASSED] - Object 'Object Repository/Bento/NavBar/Bento_Cases-Btn' is clickable

2022-04-19 21:06:34 - [TEST_STEP][PASSED] - ctdc.utilities.runtestcaseforKatalon.clickTab("Object Repository/Bento/NavBar/Bento_Cases-Btn"): ctdc.utilities.runtestcaseforKatalon.clickTab is PASSED

2022-04-19 21:06:34 - [MESSAGE][PASSED] - ctdc.utilities.runtestcaseforKatalon.clickTab is PASSED

2022-04-19 21:06:34 - [TEST_STEP][PASSED] - waitForElementClickable(findTestObject("Bento/Cases_page/Filter/FileType/FILETYPE_Ddn"), 5): Object 'Object Repository/Bento/Cases_page/Filter/FileType/FILETYPE_Ddn' is clickable

2022-04-19 21:06:35 - [MESSAGE][PASSED] - Object 'Object Repository/Bento/Cases_page/Filter/FileType/FILETYPE_Ddn' is clickable

2022-04-19 21:06:35 - [TEST_STEP][PASSED] - ctdc.utilities.runtestcaseforKatalon.clickTab("Bento/Cases_page/Filter/FileType/FILETYPE_Ddn"): ctdc.utilities.runtestcaseforKatalon.clickTab is PASSED

2022-04-19 21:06:35 - [MESSAGE][PASSED] - ctdc.utilities.runtestcaseforKatalon.clickTab is PASSED

2022-04-19 21:06:35 - [TEST_STEP][PASSED] - waitForElementClickable(findTestObject("Bento/Cases_page/Filter/FileType/Bai_Chkbx"), 5): Object 'Object Repository/Bento/Cases_page/Filter/FileType/Bai_Chkbx' is clickable

2022-04-19 21:06:35 - [MESSAGE][PASSED] - Object 'Object Repository/Bento/Cases_page/Filter/FileType/Bai_Chkbx' is clickable

2022-04-19 21:06:35 - [TEST_STEP][PASSED] - ctdc.utilities.runtestcaseforKatalon.clickTab("Bento/Cases_page/Filter/FileType/Bai_Chkbx"): ctdc.utilities.runtestcaseforKatalon.clickTab is PASSED

2022-04-19 21:06:36 - [MESSAGE][PASSED] - ctdc.utilities.runtestcaseforKatalon.clickTab is PASSED

2022-04-19 21:06:36 - [TEST_STEP][PASSED] - ctdc.utilities.runtestcaseforKatalon.readStatBarBento("Object Repository/Bento/StatBar/Bento_StatBar-Programs", "Object Repository/Bento/StatBar/Bento_StatBar-Arms", "Object Repository/Bento/StatBar/Bento_StatBar-Cases", "Object Repository/Bento/StatBar/Bento_StatBar-Samples", "Object Repository/Bento/StatBar/Bento_StatBar-Assays", "Object Repository/Bento/StatBar/Bento_StatBar-Files"): ctdc.utilities.runtestcaseforKatalon.readStatBarBento is PASSED

2022-04-19 21:06:44 - [MESSAGE][PASSED] - ctdc.utilities.runtestcaseforKatalon.readStatBarBento is PASSED

2022-04-19 21:06:44 - [TEST_STEP][PASSED] - waitForElementPresent(findTestObject("Object Repository/Bento/Cases_page/BentoResults_Cases_Tab"), 5): Object 'Object Repository/Bento/Cases_page/BentoResults_Cases_Tab' is present

2022-04-19 21:06:44 - [MESSAGE][PASSED] - Object 'Object Repository/Bento/Cases_page/BentoResults_Cases_Tab' is present

2022-04-19 21:06:44 - [TEST_STEP][PASSED] - ctdc.utilities.runtestcaseforKatalon.clickTab("Object Repository/Bento/Cases_page/BentoResults_Cases_Tab"): ctdc.utilities.runtestcaseforKatalon.clickTab is PASSED

2022-04-19 21:06:44 - [MESSAGE][PASSED] - ctdc.utilities.runtestcaseforKatalon.clickTab is PASSED

2022-04-19 21:06:44 - [TEST_STEP][PASSED] - ctdc.utilities.runtestcaseforKatalon.multiFunction("Bento", G_StatBar_Cases, "Object Repository/Bento/Cases_page/Bento_CasesTable", "Object Repository/Bento/Cases_page/Bento_CasesTableHeader", "Object Repository/Bento/Cases_page/Bento_CasesTabNextBtn", G_WebTabnameCases, G_CypherTabnameCases, G_QueryCasesTab): Statbar Files count matches

2022-04-19 21:07:02 - [MESSAGE][PASSED] - Statbar Programs count matches

2022-04-19 21:07:02 - [MESSAGE][PASSED] - Statbar Arms count matches

2022-04-19 21:07:02 - [MESSAGE][PASSED] - Statbar Cases count matches

2022-04-19 21:07:02 - [MESSAGE][PASSED] - Statbar Samples count matches

2022-04-19 21:07:02 - [MESSAGE][PASSED] - Statbar Assays count matches

2022-04-19 21:07:02 - [MESSAGE][PASSED] - Statbar Files count matches

2022-04-19 21:07:02 - [TEST_STEP][PASSED] - closeBrowser(): Browser is closed

2022-04-19 21:07:02 - [MESSAGE][PASSED] - Browser is closed]]></system-out>
         <system-err><![CDATA[]]></system-err>
      </testcase>
      <testcase name="Test Cases/Bento_TestCases/FileType/TC03_Bento_Filter_FileType-vcf" time="49.802" classname="Test Cases/Bento_TestCases/FileType/TC03_Bento_Filter_FileType-vcf" status="PASSED">
         <system-out><![CDATA[2022-04-19 21:07:02 - [TEST_CASE][PASSED] - Test Cases/Bento_TestCases/FileType/TC03_Bento_Filter_FileType-vcf: Test Cases/Bento_TestCases/FileType/TC03_Bento_Filter_FileType-vcf

2022-04-19 21:07:02 - [TEST_STEP][PASSED] - Start listener action : getTestScriptName: null

2022-04-19 21:07:02 - [TEST_STEP][PASSED] - TestCaseId = testCaseContext.getTestCaseId(): null

2022-04-19 21:07:02 - [TEST_STEP][PASSED] - out.println("**********this is the value of test case id string******** " + testCaseContext.getTestCaseId()): null

2022-04-19 21:07:02 - [TEST_STEP][PASSED] - G_currentTCName = TestCaseId.substring(TestCaseId.lastIndexOf("TC")): null

2022-04-19 21:07:02 - [TEST_STEP][PASSED] - out.println("This is the test case name : " + G_currentTCName): null

2022-04-19 21:07:03 - [TEST_STEP][PASSED] - closeBrowser(): Browser is closed

2022-04-19 21:07:03 - [MESSAGE][PASSED] - Browser is closed

2022-04-19 21:07:03 - [TEST_STEP][PASSED] - ctdc.utilities.runtestcaseforKatalon.RunKatalon("TC03_Bento_Filter_FileType-vcf.xlsx"): Data loaded from input file for the test case. 

2022-04-19 21:07:03 - [MESSAGE][PASSED] - Test case file loaded This is the full filepath after converting to string :C:\Users\sohilz2\Commons_Automation\InputFiles\TC03_Bento_Filter_FileType-vcf.xlsx

2022-04-19 21:07:03 - [MESSAGE][INFO] - Global variable set for password file is :  C:\Users\sohilz2\Commons_Automation\InputFiles\TC03_Bento_Filter_FileType-vcf.xlsx

2022-04-19 21:07:07 - [MESSAGE][PASSED] - Data loaded from input file for the test case. 

2022-04-19 21:07:26 - [TEST_STEP][PASSED] - waitForElementClickable(findTestObject("Object Repository/Bento/NavBar/Bento_Cases-Btn"), 5): Object 'Object Repository/Bento/NavBar/Bento_Cases-Btn' is clickable

2022-04-19 21:07:26 - [MESSAGE][PASSED] - Object 'Object Repository/Bento/NavBar/Bento_Cases-Btn' is clickable

2022-04-19 21:07:26 - [TEST_STEP][PASSED] - ctdc.utilities.runtestcaseforKatalon.clickTab("Object Repository/Bento/NavBar/Bento_Cases-Btn"): ctdc.utilities.runtestcaseforKatalon.clickTab is PASSED

2022-04-19 21:07:26 - [MESSAGE][PASSED] - ctdc.utilities.runtestcaseforKatalon.clickTab is PASSED

2022-04-19 21:07:26 - [TEST_STEP][PASSED] - waitForElementClickable(findTestObject("Bento/Cases_page/Filter/FileType/FILETYPE_Ddn"), 5): Object 'Object Repository/Bento/Cases_page/Filter/FileType/FILETYPE_Ddn' is clickable

2022-04-19 21:07:27 - [MESSAGE][PASSED] - Object 'Object Repository/Bento/Cases_page/Filter/FileType/FILETYPE_Ddn' is clickable

2022-04-19 21:07:27 - [TEST_STEP][PASSED] - ctdc.utilities.runtestcaseforKatalon.clickTab("Bento/Cases_page/Filter/FileType/FILETYPE_Ddn"): ctdc.utilities.runtestcaseforKatalon.clickTab is PASSED

2022-04-19 21:07:27 - [MESSAGE][PASSED] - ctdc.utilities.runtestcaseforKatalon.clickTab is PASSED

2022-04-19 21:07:27 - [TEST_STEP][PASSED] - waitForElementClickable(findTestObject("Bento/Cases_page/Filter/FileType/Vcf_Chkbx"), 5): Object 'Object Repository/Bento/Cases_page/Filter/FileType/Vcf_Chkbx' is clickable

2022-04-19 21:07:27 - [MESSAGE][PASSED] - Object 'Object Repository/Bento/Cases_page/Filter/FileType/Vcf_Chkbx' is clickable

2022-04-19 21:07:27 - [TEST_STEP][PASSED] - ctdc.utilities.runtestcaseforKatalon.clickTab("Bento/Cases_page/Filter/FileType/Vcf_Chkbx"): ctdc.utilities.runtestcaseforKatalon.clickTab is PASSED

2022-04-19 21:07:27 - [MESSAGE][PASSED] - ctdc.utilities.runtestcaseforKatalon.clickTab is PASSED

2022-04-19 21:07:27 - [TEST_STEP][PASSED] - ctdc.utilities.runtestcaseforKatalon.readStatBarBento("Object Repository/Bento/StatBar/Bento_StatBar-Programs", "Object Repository/Bento/StatBar/Bento_StatBar-Arms", "Object Repository/Bento/StatBar/Bento_StatBar-Cases", "Object Repository/Bento/StatBar/Bento_StatBar-Samples", "Object Repository/Bento/StatBar/Bento_StatBar-Assays", "Object Repository/Bento/StatBar/Bento_StatBar-Files"): ctdc.utilities.runtestcaseforKatalon.readStatBarBento is PASSED

2022-04-19 21:07:36 - [MESSAGE][PASSED] - ctdc.utilities.runtestcaseforKatalon.readStatBarBento is PASSED

2022-04-19 21:07:36 - [TEST_STEP][PASSED] - waitForElementPresent(findTestObject("Object Repository/Bento/Cases_page/BentoResults_Cases_Tab"), 5): Object 'Object Repository/Bento/Cases_page/BentoResults_Cases_Tab' is present

2022-04-19 21:07:36 - [MESSAGE][PASSED] - Object 'Object Repository/Bento/Cases_page/BentoResults_Cases_Tab' is present

2022-04-19 21:07:36 - [TEST_STEP][PASSED] - ctdc.utilities.runtestcaseforKatalon.clickTab("Object Repository/Bento/Cases_page/BentoResults_Cases_Tab"): ctdc.utilities.runtestcaseforKatalon.clickTab is PASSED

2022-04-19 21:07:36 - [MESSAGE][PASSED] - ctdc.utilities.runtestcaseforKatalon.clickTab is PASSED

2022-04-19 21:07:36 - [TEST_STEP][PASSED] - ctdc.utilities.runtestcaseforKatalon.multiFunction("Bento", G_StatBar_Cases, "Object Repository/Bento/Cases_page/Bento_CasesTable", "Object Repository/Bento/Cases_page/Bento_CasesTableHeader", "Object Repository/Bento/Cases_page/Bento_CasesTabNextBtn", G_WebTabnameCases, G_CypherTabnameCases, G_QueryCasesTab): Statbar Files count matches

2022-04-19 21:07:52 - [MESSAGE][PASSED] - Statbar Programs count matches

2022-04-19 21:07:52 - [MESSAGE][PASSED] - Statbar Arms count matches

2022-04-19 21:07:52 - [MESSAGE][PASSED] - Statbar Cases count matches

2022-04-19 21:07:52 - [MESSAGE][PASSED] - Statbar Samples count matches

2022-04-19 21:07:52 - [MESSAGE][PASSED] - Statbar Assays count matches

2022-04-19 21:07:52 - [MESSAGE][PASSED] - Statbar Files count matches

2022-04-19 21:07:52 - [TEST_STEP][PASSED] - closeBrowser(): Browser is closed

2022-04-19 21:07:52 - [MESSAGE][PASSED] - Browser is closed]]></system-out>
         <system-err><![CDATA[]]></system-err>
      </testcase>
      <testcase name="Test Cases/Bento_TestCases/FileType/TC04_Bento_Filter_FileType-bam" time="50.885" classname="Test Cases/Bento_TestCases/FileType/TC04_Bento_Filter_FileType-bam" status="PASSED">
         <system-out><![CDATA[2022-04-19 21:07:52 - [TEST_CASE][PASSED] - Test Cases/Bento_TestCases/FileType/TC04_Bento_Filter_FileType-bam: Test Cases/Bento_TestCases/FileType/TC04_Bento_Filter_FileType-bam

2022-04-19 21:07:52 - [TEST_STEP][PASSED] - Start listener action : getTestScriptName: null

2022-04-19 21:07:52 - [TEST_STEP][PASSED] - TestCaseId = testCaseContext.getTestCaseId(): null

2022-04-19 21:07:52 - [TEST_STEP][PASSED] - out.println("**********this is the value of test case id string******** " + testCaseContext.getTestCaseId()): null

2022-04-19 21:07:52 - [TEST_STEP][PASSED] - G_currentTCName = TestCaseId.substring(TestCaseId.lastIndexOf("TC")): null

2022-04-19 21:07:52 - [TEST_STEP][PASSED] - out.println("This is the test case name : " + G_currentTCName): null

2022-04-19 21:07:53 - [TEST_STEP][PASSED] - closeBrowser(): Browser is closed

2022-04-19 21:07:53 - [MESSAGE][PASSED] - Browser is closed

2022-04-19 21:07:53 - [TEST_STEP][PASSED] - ctdc.utilities.runtestcaseforKatalon.RunKatalon("TC04_Bento_Filter_FileType-bam.xlsx"): Data loaded from input file for the test case. 

2022-04-19 21:07:53 - [MESSAGE][PASSED] - Test case file loaded This is the full filepath after converting to string :C:\Users\sohilz2\Commons_Automation\InputFiles\TC04_Bento_Filter_FileType-bam.xlsx

2022-04-19 21:07:53 - [MESSAGE][INFO] - Global variable set for password file is :  C:\Users\sohilz2\Commons_Automation\InputFiles\TC04_Bento_Filter_FileType-bam.xlsx

2022-04-19 21:07:57 - [MESSAGE][PASSED] - Data loaded from input file for the test case. 

2022-04-19 21:08:16 - [TEST_STEP][PASSED] - waitForElementClickable(findTestObject("Object Repository/Bento/NavBar/Bento_Cases-Btn"), 5): Object 'Object Repository/Bento/NavBar/Bento_Cases-Btn' is clickable

2022-04-19 21:08:16 - [MESSAGE][PASSED] - Object 'Object Repository/Bento/NavBar/Bento_Cases-Btn' is clickable

2022-04-19 21:08:16 - [TEST_STEP][PASSED] - ctdc.utilities.runtestcaseforKatalon.clickTab("Object Repository/Bento/NavBar/Bento_Cases-Btn"): ctdc.utilities.runtestcaseforKatalon.clickTab is PASSED

2022-04-19 21:08:16 - [MESSAGE][PASSED] - ctdc.utilities.runtestcaseforKatalon.clickTab is PASSED

2022-04-19 21:08:16 - [TEST_STEP][PASSED] - waitForElementClickable(findTestObject("Bento/Cases_page/Filter/FileType/FILETYPE_Ddn"), 5): Object 'Object Repository/Bento/Cases_page/Filter/FileType/FILETYPE_Ddn' is clickable

2022-04-19 21:08:17 - [MESSAGE][PASSED] - Object 'Object Repository/Bento/Cases_page/Filter/FileType/FILETYPE_Ddn' is clickable

2022-04-19 21:08:17 - [TEST_STEP][PASSED] - ctdc.utilities.runtestcaseforKatalon.clickTab("Bento/Cases_page/Filter/FileType/FILETYPE_Ddn"): ctdc.utilities.runtestcaseforKatalon.clickTab is PASSED

2022-04-19 21:08:17 - [MESSAGE][PASSED] - ctdc.utilities.runtestcaseforKatalon.clickTab is PASSED

2022-04-19 21:08:17 - [TEST_STEP][PASSED] - waitForElementClickable(findTestObject("Bento/Cases_page/Filter/FileType/Bam_Chkbx"), 5): Object 'Object Repository/Bento/Cases_page/Filter/FileType/Bam_Chkbx' is clickable

2022-04-19 21:08:18 - [MESSAGE][PASSED] - Object 'Object Repository/Bento/Cases_page/Filter/FileType/Bam_Chkbx' is clickable

2022-04-19 21:08:18 - [TEST_STEP][PASSED] - ctdc.utilities.runtestcaseforKatalon.clickTab("Bento/Cases_page/Filter/FileType/Bam_Chkbx"): ctdc.utilities.runtestcaseforKatalon.clickTab is PASSED

2022-04-19 21:08:18 - [MESSAGE][PASSED] - ctdc.utilities.runtestcaseforKatalon.clickTab is PASSED

2022-04-19 21:08:18 - [TEST_STEP][PASSED] - ctdc.utilities.runtestcaseforKatalon.readStatBarBento("Object Repository/Bento/StatBar/Bento_StatBar-Programs", "Object Repository/Bento/StatBar/Bento_StatBar-Arms", "Object Repository/Bento/StatBar/Bento_StatBar-Cases", "Object Repository/Bento/StatBar/Bento_StatBar-Samples", "Object Repository/Bento/StatBar/Bento_StatBar-Assays", "Object Repository/Bento/StatBar/Bento_StatBar-Files"): ctdc.utilities.runtestcaseforKatalon.readStatBarBento is PASSED

2022-04-19 21:08:26 - [MESSAGE][PASSED] - ctdc.utilities.runtestcaseforKatalon.readStatBarBento is PASSED

2022-04-19 21:08:26 - [TEST_STEP][PASSED] - waitForElementPresent(findTestObject("Object Repository/Bento/Cases_page/BentoResults_Cases_Tab"), 5): Object 'Object Repository/Bento/Cases_page/BentoResults_Cases_Tab' is present

2022-04-19 21:08:26 - [MESSAGE][PASSED] - Object 'Object Repository/Bento/Cases_page/BentoResults_Cases_Tab' is present

2022-04-19 21:08:26 - [TEST_STEP][PASSED] - ctdc.utilities.runtestcaseforKatalon.clickTab("Object Repository/Bento/Cases_page/BentoResults_Cases_Tab"): ctdc.utilities.runtestcaseforKatalon.clickTab is PASSED

2022-04-19 21:08:27 - [MESSAGE][PASSED] - ctdc.utilities.runtestcaseforKatalon.clickTab is PASSED

2022-04-19 21:08:27 - [TEST_STEP][PASSED] - ctdc.utilities.runtestcaseforKatalon.multiFunction("Bento", G_StatBar_Cases, "Object Repository/Bento/Cases_page/Bento_CasesTable", "Object Repository/Bento/Cases_page/Bento_CasesTableHeader", "Object Repository/Bento/Cases_page/Bento_CasesTabNextBtn", G_WebTabnameCases, G_CypherTabnameCases, G_QueryCasesTab): Statbar Files count matches

2022-04-19 21:08:42 - [MESSAGE][PASSED] - Statbar Programs count matches

2022-04-19 21:08:42 - [MESSAGE][PASSED] - Statbar Arms count matches

2022-04-19 21:08:42 - [MESSAGE][PASSED] - Statbar Cases count matches

2022-04-19 21:08:42 - [MESSAGE][PASSED] - Statbar Samples count matches

2022-04-19 21:08:42 - [MESSAGE][PASSED] - Statbar Assays count matches

2022-04-19 21:08:42 - [MESSAGE][PASSED] - Statbar Files count matches

2022-04-19 21:08:42 - [TEST_STEP][PASSED] - closeBrowser(): Browser is closed

2022-04-19 21:08:43 - [MESSAGE][PASSED] - Browser is closed]]></system-out>
         <system-err><![CDATA[]]></system-err>
      </testcase>
      <system-out><![CDATA[2022-04-19 18:11:22 - [TEST_SUITE][PASSED] - Bento_Full_Regression: Test Cases/Bento_TestCases/FileType/TC04_Bento_Filter_FileType-bam]]></system-out>
      <system-err><![CDATA[]]></system-err>
   </testsuite>
</testsuites>
