<?xml version="1.0" encoding="UTF-8"?>
<testsuites name="Bento_Partial_Regression" time="3177.243" tests="30" failures="0" errors="1">
   <testsuite name="Bento_Partial_Regression" tests="30" failures="0" errors="1" time="3177.243" skipped="0" timestamp="2022-03-02 15:27:02" hostname="sohilz2 - host.docker.internal" id="Test Suites/Bento_Partial_Regression">
      <properties>
         <property name="deviceName" value=""/>
         <property name="devicePlatform" value=""/>
         <property name="logFolder" value="C:\\Users\\sohilz2\\Commons_Automation\\Reports\\20220302_152658\\Bento_Partial_Regression\\20220302_152658"/>
         <property name="logFiles" value="C:\\Users\\sohilz2\\Commons_Automation\\Reports\\20220302_152658\\Bento_Partial_Regression\\20220302_152658\\execution0.log"/>
         <property name="attachments" value=""/>
         <property name="hostName" value="sohilz2 - host.docker.internal"/>
         <property name="os" value="Windows 10 64bit"/>
         <property name="katalonVersion" value="8.2.0.208"/>
         <property name="browser" value="Chrome 98.0.4758.102"/>
         <property name="hostAddress" value="192.168.0.86"/>
         <property name="sessionId" value="958b890c6ed09e8a4e5937d8dfc1334f"/>
         <property name="seleniumVersion" value="3.141.59"/>
         <property name="proxyInformation" value="ProxyInformation { proxyOption=NO_PROXY, proxyServerType=HTTP, username=, password=********, proxyServerAddress=, proxyServerPort=0, executionList=&quot;&quot;, isApplyToDesiredCapabilities=true }"/>
         <property name="platform" value="Windows 10"/>
      </properties>
      <testcase name="Test Cases/Bento_TestCases/Chemotherapy/TC03_Bento_Filter_Chemo-FEC3WkCycles" time="53.106" classname="Test Cases/Bento_TestCases/Chemotherapy/TC03_Bento_Filter_Chemo-FEC3WkCycles" status="PASSED">
         <system-out><![CDATA[2022-03-02 15:27:03 - [TEST_CASE][PASSED] - Test Cases/Bento_TestCases/Chemotherapy/TC03_Bento_Filter_Chemo-FEC3WkCycles: Test Cases/Bento_TestCases/Chemotherapy/TC03_Bento_Filter_Chemo-FEC3WkCycles

2022-03-02 15:27:03 - [TEST_STEP][PASSED] - Start listener action : getTestScriptName: null

2022-03-02 15:27:03 - [TEST_STEP][PASSED] - TestCaseId = testCaseContext.getTestCaseId(): null

2022-03-02 15:27:03 - [TEST_STEP][PASSED] - out.println("**********this is the value of test case id string******** " + testCaseContext.getTestCaseId()): null

2022-03-02 15:27:03 - [TEST_STEP][PASSED] - G_currentTCName = TestCaseId.substring(TestCaseId.lastIndexOf("TC")): null

2022-03-02 15:27:03 - [TEST_STEP][PASSED] - out.println("This is the test case name : " + G_currentTCName): null

2022-03-02 15:27:04 - [TEST_STEP][PASSED] - closeBrowser(): Browser is closed

2022-03-02 15:27:04 - [MESSAGE][PASSED] - Browser is closed

2022-03-02 15:27:04 - [TEST_STEP][PASSED] - ctdc.utilities.runtestcaseforKatalon.RunKatalon("TC03_Bento_Filter_Chemo-FEC3WkCycles.xlsx"): Data loaded from input file for the test case. 

2022-03-02 15:27:04 - [MESSAGE][PASSED] - Test case file loaded This is the full filepath after converting to string :C:\Users\sohilz2\Commons_Automation\InputFiles\TC03_Bento_Filter_Chemo-FEC3WkCycles.xlsx

2022-03-02 15:27:04 - [MESSAGE][INFO] - Global variable set for password file is :  C:\Users\sohilz2\Commons_Automation\InputFiles\TC03_Bento_Filter_Chemo-FEC3WkCycles.xlsx

2022-03-02 15:27:09 - [MESSAGE][PASSED] - Data loaded from input file for the test case. 

2022-03-02 15:27:21 - [TEST_STEP][PASSED] - waitForElementClickable(findTestObject("Object Repository/Bento/NavBar/Bento_Cases-Btn"), 5): Object 'Object Repository/Bento/NavBar/Bento_Cases-Btn' is clickable

2022-03-02 15:27:21 - [MESSAGE][PASSED] - Object 'Object Repository/Bento/NavBar/Bento_Cases-Btn' is clickable

2022-03-02 15:27:21 - [TEST_STEP][PASSED] - ctdc.utilities.runtestcaseforKatalon.clickTab("Object Repository/Bento/NavBar/Bento_Cases-Btn"): ctdc.utilities.runtestcaseforKatalon.clickTab is PASSED

2022-03-02 15:27:21 - [MESSAGE][PASSED] - ctdc.utilities.runtestcaseforKatalon.clickTab is PASSED

2022-03-02 15:27:21 - [TEST_STEP][PASSED] - waitForElementClickable(findTestObject("Bento/Cases_page/Filter/Chemotherapy/Chemotherapy_Ddn"), 5): Object 'Object Repository/Bento/Cases_page/Filter/Chemotherapy/Chemotherapy_Ddn' is clickable

2022-03-02 15:27:22 - [MESSAGE][PASSED] - Object 'Object Repository/Bento/Cases_page/Filter/Chemotherapy/Chemotherapy_Ddn' is clickable

2022-03-02 15:27:22 - [TEST_STEP][PASSED] - ctdc.utilities.runtestcaseforKatalon.clickTab("Bento/Cases_page/Filter/Chemotherapy/Chemotherapy_Ddn"): ctdc.utilities.runtestcaseforKatalon.clickTab is PASSED

2022-03-02 15:27:22 - [MESSAGE][PASSED] - ctdc.utilities.runtestcaseforKatalon.clickTab is PASSED

2022-03-02 15:27:22 - [TEST_STEP][PASSED] - ctdc.utilities.runtestcaseforKatalon.clickTab("Object Repository/Bento/Cases_page/Filter/Chemotherapy/FEC3WkCycle_Chkbx"): ctdc.utilities.runtestcaseforKatalon.clickTab is PASSED

2022-03-02 15:27:22 - [MESSAGE][PASSED] - ctdc.utilities.runtestcaseforKatalon.clickTab is PASSED

2022-03-02 15:27:22 - [TEST_STEP][PASSED] - ctdc.utilities.runtestcaseforKatalon.clickTab("Object Repository/Bento/Cases_page/Filter/Chemotherapy/Chemotherapy_Ddn"): ctdc.utilities.runtestcaseforKatalon.clickTab is PASSED

2022-03-02 15:27:23 - [MESSAGE][PASSED] - ctdc.utilities.runtestcaseforKatalon.clickTab is PASSED

2022-03-02 15:27:23 - [TEST_STEP][PASSED] - ctdc.utilities.runtestcaseforKatalon.readStatBarBento("Object Repository/Bento/StatBar/Bento_StatBar-Programs", "Object Repository/Bento/StatBar/Bento_StatBar-Arms", "Object Repository/Bento/StatBar/Bento_StatBar-Cases", "Object Repository/Bento/StatBar/Bento_StatBar-Samples", "Object Repository/Bento/StatBar/Bento_StatBar-Assays", "Object Repository/Bento/StatBar/Bento_StatBar-Files"): ctdc.utilities.runtestcaseforKatalon.readStatBarBento is PASSED

2022-03-02 15:27:32 - [MESSAGE][PASSED] - ctdc.utilities.runtestcaseforKatalon.readStatBarBento is PASSED

2022-03-02 15:27:32 - [TEST_STEP][PASSED] - waitForElementPresent(findTestObject("Object Repository/Bento/Cases_page/BentoResults_Cases_Tab"), 5): Object 'Object Repository/Bento/Cases_page/BentoResults_Cases_Tab' is present

2022-03-02 15:27:32 - [MESSAGE][PASSED] - Object 'Object Repository/Bento/Cases_page/BentoResults_Cases_Tab' is present

2022-03-02 15:27:32 - [TEST_STEP][PASSED] - ctdc.utilities.runtestcaseforKatalon.clickTab("Object Repository/Bento/Cases_page/BentoResults_Cases_Tab"): ctdc.utilities.runtestcaseforKatalon.clickTab is PASSED

2022-03-02 15:27:32 - [MESSAGE][PASSED] - ctdc.utilities.runtestcaseforKatalon.clickTab is PASSED

2022-03-02 15:27:32 - [TEST_STEP][PASSED] - ctdc.utilities.runtestcaseforKatalon.multiFunction("Bento", G_StatBar_Cases, "Object Repository/Bento/Cases_page/Bento_CasesTable", "Object Repository/Bento/Cases_page/Bento_CasesTableHeader", "Object Repository/Bento/Cases_page/Bento_CasesTabNextBtn", G_WebTabnameCases, G_CypherTabnameCases, G_QueryCasesTab): Statbar Files count matches

2022-03-02 15:27:56 - [MESSAGE][PASSED] - Statbar Programs count matches

2022-03-02 15:27:56 - [MESSAGE][PASSED] - Statbar Arms count matches

2022-03-02 15:27:56 - [MESSAGE][PASSED] - Statbar Cases count matches

2022-03-02 15:27:56 - [MESSAGE][PASSED] - Statbar Samples count matches

2022-03-02 15:27:56 - [MESSAGE][PASSED] - Statbar Assays count matches

2022-03-02 15:27:56 - [MESSAGE][PASSED] - Statbar Files count matches

2022-03-02 15:27:56 - [TEST_STEP][PASSED] - closeBrowser(): Browser is closed

2022-03-02 15:27:56 - [MESSAGE][PASSED] - Browser is closed]]></system-out>
         <system-err><![CDATA[]]></system-err>
      </testcase>
      <testcase name="Test Cases/Bento_TestCases/Chemotherapy/TC04_Bento_Filter_Chemo-IV_CMF" time="28.309" classname="Test Cases/Bento_TestCases/Chemotherapy/TC04_Bento_Filter_Chemo-IV_CMF" status="PASSED">
         <system-out><![CDATA[2022-03-02 15:27:56 - [TEST_CASE][PASSED] - Test Cases/Bento_TestCases/Chemotherapy/TC04_Bento_Filter_Chemo-IV_CMF: Test Cases/Bento_TestCases/Chemotherapy/TC04_Bento_Filter_Chemo-IV_CMF

2022-03-02 15:27:56 - [TEST_STEP][PASSED] - Start listener action : getTestScriptName: null

2022-03-02 15:27:56 - [TEST_STEP][PASSED] - TestCaseId = testCaseContext.getTestCaseId(): null

2022-03-02 15:27:56 - [TEST_STEP][PASSED] - out.println("**********this is the value of test case id string******** " + testCaseContext.getTestCaseId()): null

2022-03-02 15:27:56 - [TEST_STEP][PASSED] - G_currentTCName = TestCaseId.substring(TestCaseId.lastIndexOf("TC")): null

2022-03-02 15:27:56 - [TEST_STEP][PASSED] - out.println("This is the test case name : " + G_currentTCName): null

2022-03-02 15:27:57 - [TEST_STEP][PASSED] - closeBrowser(): Browser is closed

2022-03-02 15:27:57 - [MESSAGE][PASSED] - Browser is closed

2022-03-02 15:27:57 - [TEST_STEP][PASSED] - ctdc.utilities.runtestcaseforKatalon.RunKatalon("TC04_Bento_Filter_Chemo-IV_CMF.xlsx"): Data loaded from input file for the test case. 

2022-03-02 15:27:57 - [MESSAGE][PASSED] - Test case file loaded This is the full filepath after converting to string :C:\Users\sohilz2\Commons_Automation\InputFiles\TC04_Bento_Filter_Chemo-IV_CMF.xlsx

2022-03-02 15:27:57 - [MESSAGE][INFO] - Global variable set for password file is :  C:\Users\sohilz2\Commons_Automation\InputFiles\TC04_Bento_Filter_Chemo-IV_CMF.xlsx

2022-03-02 15:28:01 - [MESSAGE][PASSED] - Data loaded from input file for the test case. 

2022-03-02 15:28:08 - [TEST_STEP][PASSED] - waitForElementClickable(findTestObject("Object Repository/Bento/NavBar/Bento_Cases-Btn"), 5): Object 'Object Repository/Bento/NavBar/Bento_Cases-Btn' is clickable

2022-03-02 15:28:08 - [MESSAGE][PASSED] - Object 'Object Repository/Bento/NavBar/Bento_Cases-Btn' is clickable

2022-03-02 15:28:08 - [TEST_STEP][PASSED] - ctdc.utilities.runtestcaseforKatalon.clickTab("Object Repository/Bento/NavBar/Bento_Cases-Btn"): ctdc.utilities.runtestcaseforKatalon.clickTab is PASSED

2022-03-02 15:28:08 - [MESSAGE][PASSED] - ctdc.utilities.runtestcaseforKatalon.clickTab is PASSED

2022-03-02 15:28:08 - [TEST_STEP][PASSED] - waitForElementClickable(findTestObject("Bento/Cases_page/Filter/Chemotherapy/Chemotherapy_Ddn"), 5): Object 'Object Repository/Bento/Cases_page/Filter/Chemotherapy/Chemotherapy_Ddn' is clickable

2022-03-02 15:28:09 - [MESSAGE][PASSED] - Object 'Object Repository/Bento/Cases_page/Filter/Chemotherapy/Chemotherapy_Ddn' is clickable

2022-03-02 15:28:09 - [TEST_STEP][PASSED] - ctdc.utilities.runtestcaseforKatalon.clickTab("Bento/Cases_page/Filter/Chemotherapy/Chemotherapy_Ddn"): ctdc.utilities.runtestcaseforKatalon.clickTab is PASSED

2022-03-02 15:28:09 - [MESSAGE][PASSED] - ctdc.utilities.runtestcaseforKatalon.clickTab is PASSED

2022-03-02 15:28:09 - [TEST_STEP][PASSED] - ctdc.utilities.runtestcaseforKatalon.clickTab("Object Repository/Bento/Cases_page/Filter/Chemotherapy/IVCMF-3WkCycle_Chkbx"): ctdc.utilities.runtestcaseforKatalon.clickTab is PASSED

2022-03-02 15:28:09 - [MESSAGE][PASSED] - ctdc.utilities.runtestcaseforKatalon.clickTab is PASSED

2022-03-02 15:28:09 - [TEST_STEP][PASSED] - ctdc.utilities.runtestcaseforKatalon.clickTab("Object Repository/Bento/Cases_page/Filter/Chemotherapy/Chemotherapy_Ddn"): ctdc.utilities.runtestcaseforKatalon.clickTab is PASSED

2022-03-02 15:28:10 - [MESSAGE][PASSED] - ctdc.utilities.runtestcaseforKatalon.clickTab is PASSED

2022-03-02 15:28:10 - [TEST_STEP][PASSED] - ctdc.utilities.runtestcaseforKatalon.readStatBarBento("Object Repository/Bento/StatBar/Bento_StatBar-Programs", "Object Repository/Bento/StatBar/Bento_StatBar-Arms", "Object Repository/Bento/StatBar/Bento_StatBar-Cases", "Object Repository/Bento/StatBar/Bento_StatBar-Samples", "Object Repository/Bento/StatBar/Bento_StatBar-Assays", "Object Repository/Bento/StatBar/Bento_StatBar-Files"): ctdc.utilities.runtestcaseforKatalon.readStatBarBento is PASSED

2022-03-02 15:28:18 - [MESSAGE][PASSED] - ctdc.utilities.runtestcaseforKatalon.readStatBarBento is PASSED

2022-03-02 15:28:18 - [TEST_STEP][PASSED] - ctdc.utilities.ReadExcel.Neo4j(G_CypherTabnameCases, G_QueryCasesTab): ctdc.utilities.ReadExcel.Neo4j is PASSED

2022-03-02 15:28:24 - [MESSAGE][PASSED] - ctdc.utilities.ReadExcel.Neo4j is PASSED

2022-03-02 15:28:24 - [TEST_STEP][PASSED] - ctdc.utilities.runtestcaseforKatalon.validateStatBar("Bento"): Statbar Files count matches

2022-03-02 15:28:24 - [MESSAGE][PASSED] - Statbar Programs count matches

2022-03-02 15:28:24 - [MESSAGE][PASSED] - Statbar Arms count matches

2022-03-02 15:28:24 - [MESSAGE][PASSED] - Statbar Cases count matches

2022-03-02 15:28:24 - [MESSAGE][PASSED] - Statbar Samples count matches

2022-03-02 15:28:24 - [MESSAGE][PASSED] - Statbar Assays count matches

2022-03-02 15:28:24 - [MESSAGE][PASSED] - Statbar Files count matches

2022-03-02 15:28:24 - [TEST_STEP][PASSED] - closeBrowser(): Browser is closed

2022-03-02 15:28:25 - [MESSAGE][PASSED] - Browser is closed]]></system-out>
         <system-err><![CDATA[]]></system-err>
      </testcase>
      <testcase name="Test Cases/Bento_TestCases/Chemotherapy/TC05_Bento_Filter_Chemo-None" time="493.308" classname="Test Cases/Bento_TestCases/Chemotherapy/TC05_Bento_Filter_Chemo-None" status="PASSED">
         <system-out><![CDATA[2022-03-02 15:28:25 - [TEST_CASE][PASSED] - Test Cases/Bento_TestCases/Chemotherapy/TC05_Bento_Filter_Chemo-None: Test Cases/Bento_TestCases/Chemotherapy/TC05_Bento_Filter_Chemo-None

2022-03-02 15:28:25 - [TEST_STEP][PASSED] - Start listener action : getTestScriptName: null

2022-03-02 15:28:25 - [TEST_STEP][PASSED] - TestCaseId = testCaseContext.getTestCaseId(): null

2022-03-02 15:28:25 - [TEST_STEP][PASSED] - out.println("**********this is the value of test case id string******** " + testCaseContext.getTestCaseId()): null

2022-03-02 15:28:25 - [TEST_STEP][PASSED] - G_currentTCName = TestCaseId.substring(TestCaseId.lastIndexOf("TC")): null

2022-03-02 15:28:25 - [TEST_STEP][PASSED] - out.println("This is the test case name : " + G_currentTCName): null

2022-03-02 15:28:25 - [TEST_STEP][PASSED] - closeBrowser(): Browser is closed

2022-03-02 15:28:25 - [MESSAGE][PASSED] - Browser is closed

2022-03-02 15:28:25 - [TEST_STEP][PASSED] - ctdc.utilities.runtestcaseforKatalon.RunKatalon("TC05_Bento_Filter_Chemo-None.xlsx"): Data loaded from input file for the test case. 

2022-03-02 15:28:25 - [MESSAGE][PASSED] - Test case file loaded This is the full filepath after converting to string :C:\Users\sohilz2\Commons_Automation\InputFiles\TC05_Bento_Filter_Chemo-None.xlsx

2022-03-02 15:28:25 - [MESSAGE][INFO] - Global variable set for password file is :  C:\Users\sohilz2\Commons_Automation\InputFiles\TC05_Bento_Filter_Chemo-None.xlsx

2022-03-02 15:28:29 - [MESSAGE][PASSED] - Data loaded from input file for the test case. 

2022-03-02 15:28:37 - [TEST_STEP][PASSED] - waitForElementClickable(findTestObject("Object Repository/Bento/NavBar/Bento_Cases-Btn"), 5): Object 'Object Repository/Bento/NavBar/Bento_Cases-Btn' is clickable

2022-03-02 15:28:37 - [MESSAGE][PASSED] - Object 'Object Repository/Bento/NavBar/Bento_Cases-Btn' is clickable

2022-03-02 15:28:37 - [TEST_STEP][PASSED] - ctdc.utilities.runtestcaseforKatalon.clickTab("Object Repository/Bento/NavBar/Bento_Cases-Btn"): ctdc.utilities.runtestcaseforKatalon.clickTab is PASSED

2022-03-02 15:28:37 - [MESSAGE][PASSED] - ctdc.utilities.runtestcaseforKatalon.clickTab is PASSED

2022-03-02 15:28:37 - [TEST_STEP][PASSED] - waitForElementClickable(findTestObject("Bento/Cases_page/Filter/Chemotherapy/Chemotherapy_Ddn"), 5): Object 'Object Repository/Bento/Cases_page/Filter/Chemotherapy/Chemotherapy_Ddn' is clickable

2022-03-02 15:28:38 - [MESSAGE][PASSED] - Object 'Object Repository/Bento/Cases_page/Filter/Chemotherapy/Chemotherapy_Ddn' is clickable

2022-03-02 15:28:38 - [TEST_STEP][PASSED] - ctdc.utilities.runtestcaseforKatalon.clickTab("Bento/Cases_page/Filter/Chemotherapy/Chemotherapy_Ddn"): ctdc.utilities.runtestcaseforKatalon.clickTab is PASSED

2022-03-02 15:28:38 - [MESSAGE][PASSED] - ctdc.utilities.runtestcaseforKatalon.clickTab is PASSED

2022-03-02 15:28:38 - [TEST_STEP][PASSED] - ctdc.utilities.runtestcaseforKatalon.clickTab("Object Repository/Bento/Cases_page/Filter/Chemotherapy/None_Chkbx"): ctdc.utilities.runtestcaseforKatalon.clickTab is PASSED

2022-03-02 15:28:38 - [MESSAGE][PASSED] - ctdc.utilities.runtestcaseforKatalon.clickTab is PASSED

2022-03-02 15:28:38 - [TEST_STEP][PASSED] - ctdc.utilities.runtestcaseforKatalon.clickTab("Object Repository/Bento/Cases_page/Filter/Chemotherapy/Chemotherapy_Ddn"): ctdc.utilities.runtestcaseforKatalon.clickTab is PASSED

2022-03-02 15:28:38 - [MESSAGE][PASSED] - ctdc.utilities.runtestcaseforKatalon.clickTab is PASSED

2022-03-02 15:28:38 - [TEST_STEP][PASSED] - ctdc.utilities.runtestcaseforKatalon.readStatBarBento("Object Repository/Bento/StatBar/Bento_StatBar-Programs", "Object Repository/Bento/StatBar/Bento_StatBar-Arms", "Object Repository/Bento/StatBar/Bento_StatBar-Cases", "Object Repository/Bento/StatBar/Bento_StatBar-Samples", "Object Repository/Bento/StatBar/Bento_StatBar-Assays", "Object Repository/Bento/StatBar/Bento_StatBar-Files"): ctdc.utilities.runtestcaseforKatalon.readStatBarBento is PASSED

2022-03-02 15:28:47 - [MESSAGE][PASSED] - ctdc.utilities.runtestcaseforKatalon.readStatBarBento is PASSED

2022-03-02 15:28:47 - [TEST_STEP][PASSED] - waitForElementPresent(findTestObject("Object Repository/Bento/Cases_page/BentoResults_Cases_Tab"), 5): Object 'Object Repository/Bento/Cases_page/BentoResults_Cases_Tab' is present

2022-03-02 15:28:47 - [MESSAGE][PASSED] - Object 'Object Repository/Bento/Cases_page/BentoResults_Cases_Tab' is present

2022-03-02 15:28:47 - [TEST_STEP][PASSED] - ctdc.utilities.runtestcaseforKatalon.clickTab("Object Repository/Bento/Cases_page/BentoResults_Cases_Tab"): ctdc.utilities.runtestcaseforKatalon.clickTab is PASSED

2022-03-02 15:28:47 - [MESSAGE][PASSED] - ctdc.utilities.runtestcaseforKatalon.clickTab is PASSED

2022-03-02 15:28:47 - [TEST_STEP][PASSED] - ctdc.utilities.runtestcaseforKatalon.multiFunction("Bento", G_StatBar_Cases, "Object Repository/Bento/Cases_page/Bento_CasesTable", "Object Repository/Bento/Cases_page/Bento_CasesTableHeader", "Object Repository/Bento/Cases_page/Bento_CasesTabNextBtn", G_WebTabnameCases, G_CypherTabnameCases, G_QueryCasesTab): Statbar Files count matches

2022-03-02 15:36:37 - [MESSAGE][PASSED] - Statbar Programs count matches

2022-03-02 15:36:37 - [MESSAGE][PASSED] - Statbar Arms count matches

2022-03-02 15:36:37 - [MESSAGE][PASSED] - Statbar Cases count matches

2022-03-02 15:36:37 - [MESSAGE][PASSED] - Statbar Samples count matches

2022-03-02 15:36:37 - [MESSAGE][PASSED] - Statbar Assays count matches

2022-03-02 15:36:37 - [MESSAGE][PASSED] - Statbar Files count matches

2022-03-02 15:36:37 - [TEST_STEP][PASSED] - closeBrowser(): Browser is closed

2022-03-02 15:36:38 - [MESSAGE][PASSED] - Browser is closed]]></system-out>
         <system-err><![CDATA[]]></system-err>
      </testcase>
      <testcase name="Test Cases/Bento_TestCases/Chemotherapy/TC09_Bento_Filter_Chemo-OtherWithoutTaxane" time="38.499" classname="Test Cases/Bento_TestCases/Chemotherapy/TC09_Bento_Filter_Chemo-OtherWithoutTaxane" status="PASSED">
         <system-out><![CDATA[2022-03-02 15:36:38 - [TEST_CASE][PASSED] - Test Cases/Bento_TestCases/Chemotherapy/TC09_Bento_Filter_Chemo-OtherWithoutTaxane: Test Cases/Bento_TestCases/Chemotherapy/TC09_Bento_Filter_Chemo-OtherWithoutTaxane

2022-03-02 15:36:38 - [TEST_STEP][PASSED] - Start listener action : getTestScriptName: null

2022-03-02 15:36:38 - [TEST_STEP][PASSED] - TestCaseId = testCaseContext.getTestCaseId(): null

2022-03-02 15:36:38 - [TEST_STEP][PASSED] - out.println("**********this is the value of test case id string******** " + testCaseContext.getTestCaseId()): null

2022-03-02 15:36:38 - [TEST_STEP][PASSED] - G_currentTCName = TestCaseId.substring(TestCaseId.lastIndexOf("TC")): null

2022-03-02 15:36:38 - [TEST_STEP][PASSED] - out.println("This is the test case name : " + G_currentTCName): null

2022-03-02 15:36:38 - [TEST_STEP][PASSED] - closeBrowser(): Browser is closed

2022-03-02 15:36:38 - [MESSAGE][PASSED] - Browser is closed

2022-03-02 15:36:38 - [TEST_STEP][PASSED] - ctdc.utilities.runtestcaseforKatalon.RunKatalon("TC09_Bento_Filter_Chemo-OtherWithoutTaxane.xlsx"): Data loaded from input file for the test case. 

2022-03-02 15:36:38 - [MESSAGE][PASSED] - Test case file loaded This is the full filepath after converting to string :C:\Users\sohilz2\Commons_Automation\InputFiles\TC09_Bento_Filter_Chemo-OtherWithoutTaxane.xlsx

2022-03-02 15:36:38 - [MESSAGE][INFO] - Global variable set for password file is :  C:\Users\sohilz2\Commons_Automation\InputFiles\TC09_Bento_Filter_Chemo-OtherWithoutTaxane.xlsx

2022-03-02 15:36:43 - [MESSAGE][PASSED] - Data loaded from input file for the test case. 

2022-03-02 15:36:50 - [TEST_STEP][PASSED] - waitForElementClickable(findTestObject("Object Repository/Bento/NavBar/Bento_Cases-Btn"), 5): Object 'Object Repository/Bento/NavBar/Bento_Cases-Btn' is clickable

2022-03-02 15:36:50 - [MESSAGE][PASSED] - Object 'Object Repository/Bento/NavBar/Bento_Cases-Btn' is clickable

2022-03-02 15:36:50 - [TEST_STEP][PASSED] - ctdc.utilities.runtestcaseforKatalon.clickTab("Object Repository/Bento/NavBar/Bento_Cases-Btn"): ctdc.utilities.runtestcaseforKatalon.clickTab is PASSED

2022-03-02 15:36:50 - [MESSAGE][PASSED] - ctdc.utilities.runtestcaseforKatalon.clickTab is PASSED

2022-03-02 15:36:50 - [TEST_STEP][PASSED] - waitForElementClickable(findTestObject("Bento/Cases_page/Filter/FilterByCases_Facet"), 5): Object 'Object Repository/Bento/Cases_page/Filter/FilterByCases_Facet' is clickable

2022-03-02 15:36:51 - [MESSAGE][PASSED] - Object 'Object Repository/Bento/Cases_page/Filter/FilterByCases_Facet' is clickable

2022-03-02 15:36:51 - [TEST_STEP][PASSED] - ctdc.utilities.runtestcaseforKatalon.clickTab("Bento/Cases_page/Filter/FilterByCases_Facet"): ctdc.utilities.runtestcaseforKatalon.clickTab is PASSED

2022-03-02 15:36:51 - [MESSAGE][PASSED] - ctdc.utilities.runtestcaseforKatalon.clickTab is PASSED

2022-03-02 15:36:51 - [TEST_STEP][PASSED] - waitForElementClickable(findTestObject("Bento/Cases_page/Filter/Chemotherapy/Chemotherapy_Ddn"), 5): Object 'Object Repository/Bento/Cases_page/Filter/Chemotherapy/Chemotherapy_Ddn' is clickable

2022-03-02 15:36:51 - [MESSAGE][PASSED] - Object 'Object Repository/Bento/Cases_page/Filter/Chemotherapy/Chemotherapy_Ddn' is clickable

2022-03-02 15:36:51 - [TEST_STEP][PASSED] - ctdc.utilities.runtestcaseforKatalon.clickTab("Bento/Cases_page/Filter/Chemotherapy/Chemotherapy_Ddn"): ctdc.utilities.runtestcaseforKatalon.clickTab is PASSED

2022-03-02 15:36:51 - [MESSAGE][PASSED] - ctdc.utilities.runtestcaseforKatalon.clickTab is PASSED

2022-03-02 15:36:51 - [TEST_STEP][PASSED] - ctdc.utilities.runtestcaseforKatalon.clickTab("Object Repository/Bento/Cases_page/Filter/Chemotherapy/OtherAnthraWithNoTaxane_Chkbx"): ctdc.utilities.runtestcaseforKatalon.clickTab is PASSED

2022-03-02 15:36:51 - [MESSAGE][PASSED] - ctdc.utilities.runtestcaseforKatalon.clickTab is PASSED

2022-03-02 15:36:51 - [TEST_STEP][PASSED] - ctdc.utilities.runtestcaseforKatalon.clickTab("Object Repository/Bento/Cases_page/Filter/Chemotherapy/Chemotherapy_Ddn"): ctdc.utilities.runtestcaseforKatalon.clickTab is PASSED

2022-03-02 15:36:52 - [MESSAGE][PASSED] - ctdc.utilities.runtestcaseforKatalon.clickTab is PASSED

2022-03-02 15:36:52 - [TEST_STEP][PASSED] - ctdc.utilities.runtestcaseforKatalon.readStatBarBento("Object Repository/Bento/StatBar/Bento_StatBar-Programs", "Object Repository/Bento/StatBar/Bento_StatBar-Arms", "Object Repository/Bento/StatBar/Bento_StatBar-Cases", "Object Repository/Bento/StatBar/Bento_StatBar-Samples", "Object Repository/Bento/StatBar/Bento_StatBar-Assays", "Object Repository/Bento/StatBar/Bento_StatBar-Files"): ctdc.utilities.runtestcaseforKatalon.readStatBarBento is PASSED

2022-03-02 15:37:00 - [MESSAGE][PASSED] - ctdc.utilities.runtestcaseforKatalon.readStatBarBento is PASSED

2022-03-02 15:37:00 - [TEST_STEP][PASSED] - waitForElementPresent(findTestObject("Object Repository/Bento/Cases_page/BentoResults_Cases_Tab"), 5): Object 'Object Repository/Bento/Cases_page/BentoResults_Cases_Tab' is present

2022-03-02 15:37:00 - [MESSAGE][PASSED] - Object 'Object Repository/Bento/Cases_page/BentoResults_Cases_Tab' is present

2022-03-02 15:37:00 - [TEST_STEP][PASSED] - ctdc.utilities.runtestcaseforKatalon.clickTab("Object Repository/Bento/Cases_page/BentoResults_Cases_Tab"): ctdc.utilities.runtestcaseforKatalon.clickTab is PASSED

2022-03-02 15:37:00 - [MESSAGE][PASSED] - ctdc.utilities.runtestcaseforKatalon.clickTab is PASSED

2022-03-02 15:37:00 - [TEST_STEP][PASSED] - ctdc.utilities.runtestcaseforKatalon.multiFunction("Bento", G_StatBar_Cases, "Object Repository/Bento/Cases_page/Bento_CasesTable", "Object Repository/Bento/Cases_page/Bento_CasesTableHeader", "Object Repository/Bento/Cases_page/Bento_CasesTabNextBtn", G_WebTabnameCases, G_CypherTabnameCases, G_QueryCasesTab): Statbar Files count matches

2022-03-02 15:37:16 - [MESSAGE][PASSED] - Statbar Programs count matches

2022-03-02 15:37:16 - [MESSAGE][PASSED] - Statbar Arms count matches

2022-03-02 15:37:16 - [MESSAGE][PASSED] - Statbar Cases count matches

2022-03-02 15:37:16 - [MESSAGE][PASSED] - Statbar Samples count matches

2022-03-02 15:37:16 - [MESSAGE][PASSED] - Statbar Assays count matches

2022-03-02 15:37:16 - [MESSAGE][PASSED] - Statbar Files count matches

2022-03-02 15:37:16 - [TEST_STEP][PASSED] - closeBrowser(): Browser is closed

2022-03-02 15:37:16 - [MESSAGE][PASSED] - Browser is closed]]></system-out>
         <system-err><![CDATA[]]></system-err>
      </testcase>
      <testcase name="Test Cases/Bento_TestCases/Chemotherapy/TC12_Bento_Filter_Chemo-StandardAcWithTaxane" time="46.591" classname="Test Cases/Bento_TestCases/Chemotherapy/TC12_Bento_Filter_Chemo-StandardAcWithTaxane" status="PASSED">
         <system-out><![CDATA[2022-03-02 15:37:16 - [TEST_CASE][PASSED] - Test Cases/Bento_TestCases/Chemotherapy/TC12_Bento_Filter_Chemo-StandardAcWithTaxane: Test Cases/Bento_TestCases/Chemotherapy/TC12_Bento_Filter_Chemo-StandardAcWithTaxane

2022-03-02 15:37:16 - [TEST_STEP][PASSED] - Start listener action : getTestScriptName: null

2022-03-02 15:37:16 - [TEST_STEP][PASSED] - TestCaseId = testCaseContext.getTestCaseId(): null

2022-03-02 15:37:16 - [TEST_STEP][PASSED] - out.println("**********this is the value of test case id string******** " + testCaseContext.getTestCaseId()): null

2022-03-02 15:37:16 - [TEST_STEP][PASSED] - G_currentTCName = TestCaseId.substring(TestCaseId.lastIndexOf("TC")): null

2022-03-02 15:37:16 - [TEST_STEP][PASSED] - out.println("This is the test case name : " + G_currentTCName): null

2022-03-02 15:37:17 - [TEST_STEP][PASSED] - closeBrowser(): Browser is closed

2022-03-02 15:37:17 - [MESSAGE][PASSED] - Browser is closed

2022-03-02 15:37:17 - [TEST_STEP][PASSED] - ctdc.utilities.runtestcaseforKatalon.RunKatalon("TC12_Bento_Filter_Chemo-StandardAcWithTaxane.xlsx"): Data loaded from input file for the test case. 

2022-03-02 15:37:17 - [MESSAGE][PASSED] - Test case file loaded This is the full filepath after converting to string :C:\Users\sohilz2\Commons_Automation\InputFiles\TC12_Bento_Filter_Chemo-StandardAcWithTaxane.xlsx

2022-03-02 15:37:17 - [MESSAGE][INFO] - Global variable set for password file is :  C:\Users\sohilz2\Commons_Automation\InputFiles\TC12_Bento_Filter_Chemo-StandardAcWithTaxane.xlsx

2022-03-02 15:37:21 - [MESSAGE][PASSED] - Data loaded from input file for the test case. 

2022-03-02 15:37:28 - [TEST_STEP][PASSED] - waitForElementClickable(findTestObject("Object Repository/Bento/NavBar/Bento_Cases-Btn"), 5): Object 'Object Repository/Bento/NavBar/Bento_Cases-Btn' is clickable

2022-03-02 15:37:28 - [MESSAGE][PASSED] - Object 'Object Repository/Bento/NavBar/Bento_Cases-Btn' is clickable

2022-03-02 15:37:28 - [TEST_STEP][PASSED] - ctdc.utilities.runtestcaseforKatalon.clickTab("Object Repository/Bento/NavBar/Bento_Cases-Btn"): ctdc.utilities.runtestcaseforKatalon.clickTab is PASSED

2022-03-02 15:37:28 - [MESSAGE][PASSED] - ctdc.utilities.runtestcaseforKatalon.clickTab is PASSED

2022-03-02 15:37:28 - [TEST_STEP][PASSED] - waitForElementClickable(findTestObject("Bento/Cases_page/Filter/FilterByCases_Facet"), 5): Object 'Object Repository/Bento/Cases_page/Filter/FilterByCases_Facet' is clickable

2022-03-02 15:37:29 - [MESSAGE][PASSED] - Object 'Object Repository/Bento/Cases_page/Filter/FilterByCases_Facet' is clickable

2022-03-02 15:37:29 - [TEST_STEP][PASSED] - ctdc.utilities.runtestcaseforKatalon.clickTab("Bento/Cases_page/Filter/FilterByCases_Facet"): ctdc.utilities.runtestcaseforKatalon.clickTab is PASSED

2022-03-02 15:37:29 - [MESSAGE][PASSED] - ctdc.utilities.runtestcaseforKatalon.clickTab is PASSED

2022-03-02 15:37:29 - [TEST_STEP][PASSED] - waitForElementClickable(findTestObject("Bento/Cases_page/Filter/Chemotherapy/Chemotherapy_Ddn"), 5): Object 'Object Repository/Bento/Cases_page/Filter/Chemotherapy/Chemotherapy_Ddn' is clickable

2022-03-02 15:37:29 - [MESSAGE][PASSED] - Object 'Object Repository/Bento/Cases_page/Filter/Chemotherapy/Chemotherapy_Ddn' is clickable

2022-03-02 15:37:29 - [TEST_STEP][PASSED] - ctdc.utilities.runtestcaseforKatalon.clickTab("Bento/Cases_page/Filter/Chemotherapy/Chemotherapy_Ddn"): ctdc.utilities.runtestcaseforKatalon.clickTab is PASSED

2022-03-02 15:37:29 - [MESSAGE][PASSED] - ctdc.utilities.runtestcaseforKatalon.clickTab is PASSED

2022-03-02 15:37:29 - [TEST_STEP][PASSED] - ctdc.utilities.runtestcaseforKatalon.clickTab("Object Repository/Bento/Cases_page/Filter/Chemotherapy/StdACFollowedByTaxane_Chkbx"): ctdc.utilities.runtestcaseforKatalon.clickTab is PASSED

2022-03-02 15:37:30 - [MESSAGE][PASSED] - ctdc.utilities.runtestcaseforKatalon.clickTab is PASSED

2022-03-02 15:37:30 - [TEST_STEP][PASSED] - ctdc.utilities.runtestcaseforKatalon.clickTab("Object Repository/Bento/Cases_page/Filter/Chemotherapy/Chemotherapy_Ddn"): ctdc.utilities.runtestcaseforKatalon.clickTab is PASSED

2022-03-02 15:37:30 - [MESSAGE][PASSED] - ctdc.utilities.runtestcaseforKatalon.clickTab is PASSED

2022-03-02 15:37:30 - [TEST_STEP][PASSED] - ctdc.utilities.runtestcaseforKatalon.readStatBarBento("Object Repository/Bento/StatBar/Bento_StatBar-Programs", "Object Repository/Bento/StatBar/Bento_StatBar-Arms", "Object Repository/Bento/StatBar/Bento_StatBar-Cases", "Object Repository/Bento/StatBar/Bento_StatBar-Samples", "Object Repository/Bento/StatBar/Bento_StatBar-Assays", "Object Repository/Bento/StatBar/Bento_StatBar-Files"): ctdc.utilities.runtestcaseforKatalon.readStatBarBento is PASSED

2022-03-02 15:37:38 - [MESSAGE][PASSED] - ctdc.utilities.runtestcaseforKatalon.readStatBarBento is PASSED

2022-03-02 15:37:38 - [TEST_STEP][PASSED] - waitForElementPresent(findTestObject("Object Repository/Bento/Cases_page/BentoResults_Cases_Tab"), 5): Object 'Object Repository/Bento/Cases_page/BentoResults_Cases_Tab' is present

2022-03-02 15:37:38 - [MESSAGE][PASSED] - Object 'Object Repository/Bento/Cases_page/BentoResults_Cases_Tab' is present

2022-03-02 15:37:38 - [TEST_STEP][PASSED] - ctdc.utilities.runtestcaseforKatalon.clickTab("Object Repository/Bento/Cases_page/BentoResults_Cases_Tab"): ctdc.utilities.runtestcaseforKatalon.clickTab is PASSED

2022-03-02 15:37:39 - [MESSAGE][PASSED] - ctdc.utilities.runtestcaseforKatalon.clickTab is PASSED

2022-03-02 15:37:39 - [TEST_STEP][PASSED] - ctdc.utilities.runtestcaseforKatalon.multiFunction("Bento", G_StatBar_Cases, "Object Repository/Bento/Cases_page/Bento_CasesTable", "Object Repository/Bento/Cases_page/Bento_CasesTableHeader", "Object Repository/Bento/Cases_page/Bento_CasesTabNextBtn", G_WebTabnameCases, G_CypherTabnameCases, G_QueryCasesTab): Statbar Files count matches

2022-03-02 15:38:02 - [MESSAGE][PASSED] - Statbar Programs count matches

2022-03-02 15:38:02 - [MESSAGE][PASSED] - Statbar Arms count matches

2022-03-02 15:38:02 - [MESSAGE][PASSED] - Statbar Cases count matches

2022-03-02 15:38:02 - [MESSAGE][PASSED] - Statbar Samples count matches

2022-03-02 15:38:02 - [MESSAGE][PASSED] - Statbar Assays count matches

2022-03-02 15:38:02 - [MESSAGE][PASSED] - Statbar Files count matches

2022-03-02 15:38:02 - [TEST_STEP][PASSED] - closeBrowser(): Browser is closed

2022-03-02 15:38:03 - [MESSAGE][PASSED] - Browser is closed]]></system-out>
         <system-err><![CDATA[]]></system-err>
      </testcase>
      <testcase name="Test Cases/Bento_TestCases/Chemotherapy/TC13_Bento_Filter_Chemo-TAC" time="39.291" classname="Test Cases/Bento_TestCases/Chemotherapy/TC13_Bento_Filter_Chemo-TAC" status="PASSED">
         <system-out><![CDATA[2022-03-02 15:38:03 - [TEST_CASE][PASSED] - Test Cases/Bento_TestCases/Chemotherapy/TC13_Bento_Filter_Chemo-TAC: Test Cases/Bento_TestCases/Chemotherapy/TC13_Bento_Filter_Chemo-TAC

2022-03-02 15:38:03 - [TEST_STEP][PASSED] - Start listener action : getTestScriptName: null

2022-03-02 15:38:03 - [TEST_STEP][PASSED] - TestCaseId = testCaseContext.getTestCaseId(): null

2022-03-02 15:38:03 - [TEST_STEP][PASSED] - out.println("**********this is the value of test case id string******** " + testCaseContext.getTestCaseId()): null

2022-03-02 15:38:03 - [TEST_STEP][PASSED] - G_currentTCName = TestCaseId.substring(TestCaseId.lastIndexOf("TC")): null

2022-03-02 15:38:03 - [TEST_STEP][PASSED] - out.println("This is the test case name : " + G_currentTCName): null

2022-03-02 15:38:04 - [TEST_STEP][PASSED] - closeBrowser(): Browser is closed

2022-03-02 15:38:04 - [MESSAGE][PASSED] - Browser is closed

2022-03-02 15:38:04 - [TEST_STEP][PASSED] - ctdc.utilities.runtestcaseforKatalon.RunKatalon("TC13_Bento_Filter_Chemo-TAC.xlsx"): Data loaded from input file for the test case. 

2022-03-02 15:38:04 - [MESSAGE][PASSED] - Test case file loaded This is the full filepath after converting to string :C:\Users\sohilz2\Commons_Automation\InputFiles\TC13_Bento_Filter_Chemo-TAC.xlsx

2022-03-02 15:38:04 - [MESSAGE][INFO] - Global variable set for password file is :  C:\Users\sohilz2\Commons_Automation\InputFiles\TC13_Bento_Filter_Chemo-TAC.xlsx

2022-03-02 15:38:08 - [MESSAGE][PASSED] - Data loaded from input file for the test case. 

2022-03-02 15:38:16 - [TEST_STEP][PASSED] - waitForElementClickable(findTestObject("Object Repository/Bento/NavBar/Bento_Cases-Btn"), 5): Object 'Object Repository/Bento/NavBar/Bento_Cases-Btn' is clickable

2022-03-02 15:38:16 - [MESSAGE][PASSED] - Object 'Object Repository/Bento/NavBar/Bento_Cases-Btn' is clickable

2022-03-02 15:38:16 - [TEST_STEP][PASSED] - ctdc.utilities.runtestcaseforKatalon.clickTab("Object Repository/Bento/NavBar/Bento_Cases-Btn"): ctdc.utilities.runtestcaseforKatalon.clickTab is PASSED

2022-03-02 15:38:17 - [MESSAGE][PASSED] - ctdc.utilities.runtestcaseforKatalon.clickTab is PASSED

2022-03-02 15:38:17 - [TEST_STEP][PASSED] - waitForElementClickable(findTestObject("Bento/Cases_page/Filter/FilterByCases_Facet"), 5): Object 'Object Repository/Bento/Cases_page/Filter/FilterByCases_Facet' is clickable

2022-03-02 15:38:17 - [MESSAGE][PASSED] - Object 'Object Repository/Bento/Cases_page/Filter/FilterByCases_Facet' is clickable

2022-03-02 15:38:17 - [TEST_STEP][PASSED] - ctdc.utilities.runtestcaseforKatalon.clickTab("Bento/Cases_page/Filter/FilterByCases_Facet"): ctdc.utilities.runtestcaseforKatalon.clickTab is PASSED

2022-03-02 15:38:17 - [MESSAGE][PASSED] - ctdc.utilities.runtestcaseforKatalon.clickTab is PASSED

2022-03-02 15:38:17 - [TEST_STEP][PASSED] - waitForElementClickable(findTestObject("Bento/Cases_page/Filter/Chemotherapy/Chemotherapy_Ddn"), 5): Object 'Object Repository/Bento/Cases_page/Filter/Chemotherapy/Chemotherapy_Ddn' is clickable

2022-03-02 15:38:18 - [MESSAGE][PASSED] - Object 'Object Repository/Bento/Cases_page/Filter/Chemotherapy/Chemotherapy_Ddn' is clickable

2022-03-02 15:38:18 - [TEST_STEP][PASSED] - ctdc.utilities.runtestcaseforKatalon.clickTab("Bento/Cases_page/Filter/Chemotherapy/Chemotherapy_Ddn"): ctdc.utilities.runtestcaseforKatalon.clickTab is PASSED

2022-03-02 15:38:18 - [MESSAGE][PASSED] - ctdc.utilities.runtestcaseforKatalon.clickTab is PASSED

2022-03-02 15:38:18 - [TEST_STEP][PASSED] - ctdc.utilities.runtestcaseforKatalon.clickTab("Object Repository/Bento/Cases_page/Filter/Chemotherapy/TAC-3WkCycle_Chkbx"): ctdc.utilities.runtestcaseforKatalon.clickTab is PASSED

2022-03-02 15:38:18 - [MESSAGE][PASSED] - ctdc.utilities.runtestcaseforKatalon.clickTab is PASSED

2022-03-02 15:38:18 - [TEST_STEP][PASSED] - ctdc.utilities.runtestcaseforKatalon.clickTab("Object Repository/Bento/Cases_page/Filter/Chemotherapy/Chemotherapy_Ddn"): ctdc.utilities.runtestcaseforKatalon.clickTab is PASSED

2022-03-02 15:38:18 - [MESSAGE][PASSED] - ctdc.utilities.runtestcaseforKatalon.clickTab is PASSED

2022-03-02 15:38:18 - [TEST_STEP][PASSED] - ctdc.utilities.runtestcaseforKatalon.readStatBarBento("Object Repository/Bento/StatBar/Bento_StatBar-Programs", "Object Repository/Bento/StatBar/Bento_StatBar-Arms", "Object Repository/Bento/StatBar/Bento_StatBar-Cases", "Object Repository/Bento/StatBar/Bento_StatBar-Samples", "Object Repository/Bento/StatBar/Bento_StatBar-Assays", "Object Repository/Bento/StatBar/Bento_StatBar-Files"): ctdc.utilities.runtestcaseforKatalon.readStatBarBento is PASSED

2022-03-02 15:38:27 - [MESSAGE][PASSED] - ctdc.utilities.runtestcaseforKatalon.readStatBarBento is PASSED

2022-03-02 15:38:27 - [TEST_STEP][PASSED] - waitForElementPresent(findTestObject("Object Repository/Bento/Cases_page/BentoResults_Cases_Tab"), 5): Object 'Object Repository/Bento/Cases_page/BentoResults_Cases_Tab' is present

2022-03-02 15:38:27 - [MESSAGE][PASSED] - Object 'Object Repository/Bento/Cases_page/BentoResults_Cases_Tab' is present

2022-03-02 15:38:27 - [TEST_STEP][PASSED] - ctdc.utilities.runtestcaseforKatalon.clickTab("Object Repository/Bento/Cases_page/BentoResults_Cases_Tab"): ctdc.utilities.runtestcaseforKatalon.clickTab is PASSED

2022-03-02 15:38:27 - [MESSAGE][PASSED] - ctdc.utilities.runtestcaseforKatalon.clickTab is PASSED

2022-03-02 15:38:27 - [TEST_STEP][PASSED] - ctdc.utilities.runtestcaseforKatalon.multiFunction("Bento", G_StatBar_Cases, "Object Repository/Bento/Cases_page/Bento_CasesTable", "Object Repository/Bento/Cases_page/Bento_CasesTableHeader", "Object Repository/Bento/Cases_page/Bento_CasesTabNextBtn", G_WebTabnameCases, G_CypherTabnameCases, G_QueryCasesTab): Statbar Files count matches

2022-03-02 15:38:42 - [MESSAGE][PASSED] - Statbar Programs count matches

2022-03-02 15:38:42 - [MESSAGE][PASSED] - Statbar Arms count matches

2022-03-02 15:38:42 - [MESSAGE][PASSED] - Statbar Cases count matches

2022-03-02 15:38:42 - [MESSAGE][PASSED] - Statbar Samples count matches

2022-03-02 15:38:42 - [MESSAGE][PASSED] - Statbar Assays count matches

2022-03-02 15:38:42 - [MESSAGE][PASSED] - Statbar Files count matches

2022-03-02 15:38:42 - [TEST_STEP][PASSED] - closeBrowser(): Browser is closed

2022-03-02 15:38:42 - [MESSAGE][PASSED] - Browser is closed]]></system-out>
         <system-err><![CDATA[]]></system-err>
      </testcase>
      <testcase name="Test Cases/Bento_TestCases/Diagnosis/TC01_Bento_Filter_Diagnosis-Adenocarcinoma" time="104.831" classname="Test Cases/Bento_TestCases/Diagnosis/TC01_Bento_Filter_Diagnosis-Adenocarcinoma" status="PASSED">
         <system-out><![CDATA[2022-03-02 15:38:42 - [TEST_CASE][PASSED] - Test Cases/Bento_TestCases/Diagnosis/TC01_Bento_Filter_Diagnosis-Adenocarcinoma: Test Cases/Bento_TestCases/Diagnosis/TC01_Bento_Filter_Diagnosis-Adenocarcinoma

2022-03-02 15:38:42 - [TEST_STEP][PASSED] - Start listener action : getTestScriptName: null

2022-03-02 15:38:42 - [TEST_STEP][PASSED] - TestCaseId = testCaseContext.getTestCaseId(): null

2022-03-02 15:38:42 - [TEST_STEP][PASSED] - out.println("**********this is the value of test case id string******** " + testCaseContext.getTestCaseId()): null

2022-03-02 15:38:42 - [TEST_STEP][PASSED] - G_currentTCName = TestCaseId.substring(TestCaseId.lastIndexOf("TC")): null

2022-03-02 15:38:42 - [TEST_STEP][PASSED] - out.println("This is the test case name : " + G_currentTCName): null

2022-03-02 15:38:43 - [TEST_STEP][PASSED] - closeBrowser(): Browser is closed

2022-03-02 15:38:43 - [MESSAGE][PASSED] - Browser is closed

2022-03-02 15:38:43 - [TEST_STEP][PASSED] - ctdc.utilities.runtestcaseforKatalon.RunKatalon("TC01_Bento_Filter_Diagnosis-Adenocarcinoma.xlsx"): Data loaded from input file for the test case. 

2022-03-02 15:38:43 - [MESSAGE][PASSED] - Test case file loaded This is the full filepath after converting to string :C:\Users\sohilz2\Commons_Automation\InputFiles\TC01_Bento_Filter_Diagnosis-Adenocarcinoma.xlsx

2022-03-02 15:38:43 - [MESSAGE][INFO] - Global variable set for password file is :  C:\Users\sohilz2\Commons_Automation\InputFiles\TC01_Bento_Filter_Diagnosis-Adenocarcinoma.xlsx

2022-03-02 15:38:47 - [MESSAGE][PASSED] - Data loaded from input file for the test case. 

2022-03-02 15:38:54 - [TEST_STEP][PASSED] - waitForElementClickable(findTestObject("Object Repository/Bento/NavBar/Bento_Cases-Btn"), 5): Object 'Object Repository/Bento/NavBar/Bento_Cases-Btn' is clickable

2022-03-02 15:38:54 - [MESSAGE][PASSED] - Object 'Object Repository/Bento/NavBar/Bento_Cases-Btn' is clickable

2022-03-02 15:38:54 - [TEST_STEP][PASSED] - ctdc.utilities.runtestcaseforKatalon.clickTab("Object Repository/Bento/NavBar/Bento_Cases-Btn"): ctdc.utilities.runtestcaseforKatalon.clickTab is PASSED

2022-03-02 15:38:54 - [MESSAGE][PASSED] - ctdc.utilities.runtestcaseforKatalon.clickTab is PASSED

2022-03-02 15:38:54 - [TEST_STEP][PASSED] - waitForElementClickable(findTestObject("Bento/Cases_page/Filter/FilterByCases_Facet"), 5): Object 'Object Repository/Bento/Cases_page/Filter/FilterByCases_Facet' is clickable

2022-03-02 15:38:55 - [MESSAGE][PASSED] - Object 'Object Repository/Bento/Cases_page/Filter/FilterByCases_Facet' is clickable

2022-03-02 15:38:55 - [TEST_STEP][PASSED] - ctdc.utilities.runtestcaseforKatalon.clickTab("Bento/Cases_page/Filter/FilterByCases_Facet"): ctdc.utilities.runtestcaseforKatalon.clickTab is PASSED

2022-03-02 15:38:55 - [MESSAGE][PASSED] - ctdc.utilities.runtestcaseforKatalon.clickTab is PASSED

2022-03-02 15:38:55 - [TEST_STEP][PASSED] - waitForElementClickable(findTestObject("Bento/Cases_page/Filter/Diagnosis/DIAGNOSIS_Ddn"), 5): Object 'Object Repository/Bento/Cases_page/Filter/Diagnosis/DIAGNOSIS_Ddn' is clickable

2022-03-02 15:38:55 - [MESSAGE][PASSED] - Object 'Object Repository/Bento/Cases_page/Filter/Diagnosis/DIAGNOSIS_Ddn' is clickable

2022-03-02 15:38:55 - [TEST_STEP][PASSED] - ctdc.utilities.runtestcaseforKatalon.clickTab("Bento/Cases_page/Filter/Diagnosis/DIAGNOSIS_Ddn"): ctdc.utilities.runtestcaseforKatalon.clickTab is PASSED

2022-03-02 15:38:55 - [MESSAGE][PASSED] - ctdc.utilities.runtestcaseforKatalon.clickTab is PASSED

2022-03-02 15:38:55 - [TEST_STEP][PASSED] - waitForElementClickable(findTestObject("Bento/Cases_page/Filter/Diagnosis/Adenocarcinoma_Chkbx"), 5): Object 'Object Repository/Bento/Cases_page/Filter/Diagnosis/Adenocarcinoma_Chkbx' is clickable

2022-03-02 15:38:56 - [MESSAGE][PASSED] - Object 'Object Repository/Bento/Cases_page/Filter/Diagnosis/Adenocarcinoma_Chkbx' is clickable

2022-03-02 15:38:56 - [TEST_STEP][PASSED] - ctdc.utilities.runtestcaseforKatalon.clickTab("Bento/Cases_page/Filter/Diagnosis/Adenocarcinoma_Chkbx"): ctdc.utilities.runtestcaseforKatalon.clickTab is PASSED

2022-03-02 15:38:56 - [MESSAGE][PASSED] - ctdc.utilities.runtestcaseforKatalon.clickTab is PASSED

2022-03-02 15:38:56 - [TEST_STEP][PASSED] - out.println("after clicking adeno"): null

2022-03-02 15:38:56 - [TEST_STEP][PASSED] - ctdc.utilities.runtestcaseforKatalon.clickTab("Bento/Cases_page/Filter/Diagnosis/DIAGNOSIS_Ddn"): ctdc.utilities.runtestcaseforKatalon.clickTab is PASSED

2022-03-02 15:38:56 - [MESSAGE][PASSED] - ctdc.utilities.runtestcaseforKatalon.clickTab is PASSED

2022-03-02 15:38:56 - [TEST_STEP][PASSED] - ctdc.utilities.runtestcaseforKatalon.readStatBarBento("Object Repository/Bento/StatBar/Bento_StatBar-Programs", "Object Repository/Bento/StatBar/Bento_StatBar-Arms", "Object Repository/Bento/StatBar/Bento_StatBar-Cases", "Object Repository/Bento/StatBar/Bento_StatBar-Samples", "Object Repository/Bento/StatBar/Bento_StatBar-Assays", "Object Repository/Bento/StatBar/Bento_StatBar-Files"): ctdc.utilities.runtestcaseforKatalon.readStatBarBento is PASSED

2022-03-02 15:39:05 - [MESSAGE][PASSED] - ctdc.utilities.runtestcaseforKatalon.readStatBarBento is PASSED

2022-03-02 15:39:05 - [TEST_STEP][PASSED] - waitForElementPresent(findTestObject("Object Repository/Bento/Cases_page/BentoResults_Cases_Tab"), 5): Object 'Object Repository/Bento/Cases_page/BentoResults_Cases_Tab' is present

2022-03-02 15:39:05 - [MESSAGE][PASSED] - Object 'Object Repository/Bento/Cases_page/BentoResults_Cases_Tab' is present

2022-03-02 15:39:05 - [TEST_STEP][PASSED] - ctdc.utilities.runtestcaseforKatalon.clickTab("Object Repository/Bento/Cases_page/BentoResults_Cases_Tab"): ctdc.utilities.runtestcaseforKatalon.clickTab is PASSED

2022-03-02 15:39:05 - [MESSAGE][PASSED] - ctdc.utilities.runtestcaseforKatalon.clickTab is PASSED

2022-03-02 15:39:05 - [TEST_STEP][PASSED] - ctdc.utilities.runtestcaseforKatalon.multiFunction("Bento", G_StatBar_Cases, "Object Repository/Bento/Cases_page/Bento_CasesTable", "Object Repository/Bento/Cases_page/Bento_CasesTableHeader", "Object Repository/Bento/Cases_page/Bento_CasesTabNextBtn", G_WebTabnameCases, G_CypherTabnameCases, G_QueryCasesTab): Statbar Files count matches

2022-03-02 15:40:27 - [MESSAGE][PASSED] - Statbar Programs count matches

2022-03-02 15:40:27 - [MESSAGE][PASSED] - Statbar Arms count matches

2022-03-02 15:40:27 - [MESSAGE][PASSED] - Statbar Cases count matches

2022-03-02 15:40:27 - [MESSAGE][PASSED] - Statbar Samples count matches

2022-03-02 15:40:27 - [MESSAGE][PASSED] - Statbar Assays count matches

2022-03-02 15:40:27 - [MESSAGE][PASSED] - Statbar Files count matches

2022-03-02 15:40:27 - [TEST_STEP][PASSED] - closeBrowser(): Browser is closed

2022-03-02 15:40:27 - [MESSAGE][PASSED] - Browser is closed]]></system-out>
         <system-err><![CDATA[]]></system-err>
      </testcase>
      <testcase name="Test Cases/Bento_TestCases/Diagnosis/TC02_Bento_Filter_Diagnosis-Carcinoma" time="87.629" classname="Test Cases/Bento_TestCases/Diagnosis/TC02_Bento_Filter_Diagnosis-Carcinoma" status="PASSED">
         <system-out><![CDATA[2022-03-02 15:40:27 - [TEST_CASE][PASSED] - Test Cases/Bento_TestCases/Diagnosis/TC02_Bento_Filter_Diagnosis-Carcinoma: Test Cases/Bento_TestCases/Diagnosis/TC02_Bento_Filter_Diagnosis-Carcinoma

2022-03-02 15:40:27 - [TEST_STEP][PASSED] - Start listener action : getTestScriptName: null

2022-03-02 15:40:27 - [TEST_STEP][PASSED] - TestCaseId = testCaseContext.getTestCaseId(): null

2022-03-02 15:40:27 - [TEST_STEP][PASSED] - out.println("**********this is the value of test case id string******** " + testCaseContext.getTestCaseId()): null

2022-03-02 15:40:27 - [TEST_STEP][PASSED] - G_currentTCName = TestCaseId.substring(TestCaseId.lastIndexOf("TC")): null

2022-03-02 15:40:27 - [TEST_STEP][PASSED] - out.println("This is the test case name : " + G_currentTCName): null

2022-03-02 15:40:28 - [TEST_STEP][PASSED] - closeBrowser(): Browser is closed

2022-03-02 15:40:28 - [MESSAGE][PASSED] - Browser is closed

2022-03-02 15:40:28 - [TEST_STEP][PASSED] - ctdc.utilities.runtestcaseforKatalon.RunKatalon("TC02_Bento_Filter_Diagnosis-Carcinoma.xlsx"): Data loaded from input file for the test case. 

2022-03-02 15:40:28 - [MESSAGE][PASSED] - Test case file loaded This is the full filepath after converting to string :C:\Users\sohilz2\Commons_Automation\InputFiles\TC02_Bento_Filter_Diagnosis-Carcinoma.xlsx

2022-03-02 15:40:28 - [MESSAGE][INFO] - Global variable set for password file is :  C:\Users\sohilz2\Commons_Automation\InputFiles\TC02_Bento_Filter_Diagnosis-Carcinoma.xlsx

2022-03-02 15:40:32 - [MESSAGE][PASSED] - Data loaded from input file for the test case. 

2022-03-02 15:40:39 - [TEST_STEP][PASSED] - waitForElementClickable(findTestObject("Object Repository/Bento/NavBar/Bento_Cases-Btn"), 5): Object 'Object Repository/Bento/NavBar/Bento_Cases-Btn' is clickable

2022-03-02 15:40:39 - [MESSAGE][PASSED] - Object 'Object Repository/Bento/NavBar/Bento_Cases-Btn' is clickable

2022-03-02 15:40:39 - [TEST_STEP][PASSED] - ctdc.utilities.runtestcaseforKatalon.clickTab("Object Repository/Bento/NavBar/Bento_Cases-Btn"): ctdc.utilities.runtestcaseforKatalon.clickTab is PASSED

2022-03-02 15:40:39 - [MESSAGE][PASSED] - ctdc.utilities.runtestcaseforKatalon.clickTab is PASSED

2022-03-02 15:40:39 - [TEST_STEP][PASSED] - waitForElementClickable(findTestObject("Bento/Cases_page/Filter/FilterByCases_Facet"), 5): Object 'Object Repository/Bento/Cases_page/Filter/FilterByCases_Facet' is clickable

2022-03-02 15:40:40 - [MESSAGE][PASSED] - Object 'Object Repository/Bento/Cases_page/Filter/FilterByCases_Facet' is clickable

2022-03-02 15:40:40 - [TEST_STEP][PASSED] - ctdc.utilities.runtestcaseforKatalon.clickTab("Bento/Cases_page/Filter/FilterByCases_Facet"): ctdc.utilities.runtestcaseforKatalon.clickTab is PASSED

2022-03-02 15:40:40 - [MESSAGE][PASSED] - ctdc.utilities.runtestcaseforKatalon.clickTab is PASSED

2022-03-02 15:40:40 - [TEST_STEP][PASSED] - waitForElementClickable(findTestObject("Bento/Cases_page/Filter/Diagnosis/DIAGNOSIS_Ddn"), 5): Object 'Object Repository/Bento/Cases_page/Filter/Diagnosis/DIAGNOSIS_Ddn' is clickable

2022-03-02 15:40:40 - [MESSAGE][PASSED] - Object 'Object Repository/Bento/Cases_page/Filter/Diagnosis/DIAGNOSIS_Ddn' is clickable

2022-03-02 15:40:40 - [TEST_STEP][PASSED] - ctdc.utilities.runtestcaseforKatalon.clickTab("Bento/Cases_page/Filter/Diagnosis/DIAGNOSIS_Ddn"): ctdc.utilities.runtestcaseforKatalon.clickTab is PASSED

2022-03-02 15:40:40 - [MESSAGE][PASSED] - ctdc.utilities.runtestcaseforKatalon.clickTab is PASSED

2022-03-02 15:40:40 - [TEST_STEP][PASSED] - waitForElementClickable(findTestObject("Bento/Cases_page/Filter/Diagnosis/CarcinomaNOS_Chkbx"), 5): Object 'Object Repository/Bento/Cases_page/Filter/Diagnosis/CarcinomaNOS_Chkbx' is clickable

2022-03-02 15:40:40 - [MESSAGE][PASSED] - Object 'Object Repository/Bento/Cases_page/Filter/Diagnosis/CarcinomaNOS_Chkbx' is clickable

2022-03-02 15:40:40 - [TEST_STEP][PASSED] - ctdc.utilities.runtestcaseforKatalon.clickTab("Bento/Cases_page/Filter/Diagnosis/CarcinomaNOS_Chkbx"): ctdc.utilities.runtestcaseforKatalon.clickTab is PASSED

2022-03-02 15:40:41 - [MESSAGE][PASSED] - ctdc.utilities.runtestcaseforKatalon.clickTab is PASSED

2022-03-02 15:40:41 - [TEST_STEP][PASSED] - ctdc.utilities.runtestcaseforKatalon.clickTab("Bento/Cases_page/Filter/Diagnosis/DIAGNOSIS_Ddn"): ctdc.utilities.runtestcaseforKatalon.clickTab is PASSED

2022-03-02 15:40:41 - [MESSAGE][PASSED] - ctdc.utilities.runtestcaseforKatalon.clickTab is PASSED

2022-03-02 15:40:41 - [TEST_STEP][PASSED] - ctdc.utilities.runtestcaseforKatalon.readStatBarBento("Object Repository/Bento/StatBar/Bento_StatBar-Programs", "Object Repository/Bento/StatBar/Bento_StatBar-Arms", "Object Repository/Bento/StatBar/Bento_StatBar-Cases", "Object Repository/Bento/StatBar/Bento_StatBar-Samples", "Object Repository/Bento/StatBar/Bento_StatBar-Assays", "Object Repository/Bento/StatBar/Bento_StatBar-Files"): ctdc.utilities.runtestcaseforKatalon.readStatBarBento is PASSED

2022-03-02 15:40:50 - [MESSAGE][PASSED] - ctdc.utilities.runtestcaseforKatalon.readStatBarBento is PASSED

2022-03-02 15:40:50 - [TEST_STEP][PASSED] - waitForElementPresent(findTestObject("Object Repository/Bento/Cases_page/BentoResults_Cases_Tab"), 5): Object 'Object Repository/Bento/Cases_page/BentoResults_Cases_Tab' is present

2022-03-02 15:40:50 - [MESSAGE][PASSED] - Object 'Object Repository/Bento/Cases_page/BentoResults_Cases_Tab' is present

2022-03-02 15:40:50 - [TEST_STEP][PASSED] - ctdc.utilities.runtestcaseforKatalon.clickTab("Object Repository/Bento/Cases_page/BentoResults_Cases_Tab"): ctdc.utilities.runtestcaseforKatalon.clickTab is PASSED

2022-03-02 15:40:50 - [MESSAGE][PASSED] - ctdc.utilities.runtestcaseforKatalon.clickTab is PASSED

2022-03-02 15:40:50 - [TEST_STEP][PASSED] - ctdc.utilities.runtestcaseforKatalon.multiFunction("Bento", G_StatBar_Cases, "Object Repository/Bento/Cases_page/Bento_CasesTable", "Object Repository/Bento/Cases_page/Bento_CasesTableHeader", "Object Repository/Bento/Cases_page/Bento_CasesTabNextBtn", G_WebTabnameCases, G_CypherTabnameCases, G_QueryCasesTab): Statbar Files count matches

2022-03-02 15:41:54 - [MESSAGE][PASSED] - Statbar Programs count matches

2022-03-02 15:41:54 - [MESSAGE][PASSED] - Statbar Arms count matches

2022-03-02 15:41:54 - [MESSAGE][PASSED] - Statbar Cases count matches

2022-03-02 15:41:54 - [MESSAGE][PASSED] - Statbar Samples count matches

2022-03-02 15:41:54 - [MESSAGE][PASSED] - Statbar Assays count matches

2022-03-02 15:41:54 - [MESSAGE][PASSED] - Statbar Files count matches

2022-03-02 15:41:54 - [TEST_STEP][PASSED] - closeBrowser(): Browser is closed

2022-03-02 15:41:55 - [MESSAGE][PASSED] - Browser is closed]]></system-out>
         <system-err><![CDATA[]]></system-err>
      </testcase>
      <testcase name="Test Cases/Bento_TestCases/Diagnosis/TC03_Bento_Filter_Diagnosis-Comedocarcinoma" time="112.901" classname="Test Cases/Bento_TestCases/Diagnosis/TC03_Bento_Filter_Diagnosis-Comedocarcinoma" status="PASSED">
         <system-out><![CDATA[2022-03-02 15:41:55 - [TEST_CASE][PASSED] - Test Cases/Bento_TestCases/Diagnosis/TC03_Bento_Filter_Diagnosis-Comedocarcinoma: Test Cases/Bento_TestCases/Diagnosis/TC03_Bento_Filter_Diagnosis-Comedocarcinoma

2022-03-02 15:41:55 - [TEST_STEP][PASSED] - Start listener action : getTestScriptName: null

2022-03-02 15:41:55 - [TEST_STEP][PASSED] - TestCaseId = testCaseContext.getTestCaseId(): null

2022-03-02 15:41:55 - [TEST_STEP][PASSED] - out.println("**********this is the value of test case id string******** " + testCaseContext.getTestCaseId()): null

2022-03-02 15:41:55 - [TEST_STEP][PASSED] - G_currentTCName = TestCaseId.substring(TestCaseId.lastIndexOf("TC")): null

2022-03-02 15:41:55 - [TEST_STEP][PASSED] - out.println("This is the test case name : " + G_currentTCName): null

2022-03-02 15:41:55 - [TEST_STEP][PASSED] - closeBrowser(): Browser is closed

2022-03-02 15:41:55 - [MESSAGE][PASSED] - Browser is closed

2022-03-02 15:41:55 - [TEST_STEP][PASSED] - ctdc.utilities.runtestcaseforKatalon.RunKatalon("TC03_Bento_Filter_Diagnosis-Comedocarcinoma.xlsx"): Data loaded from input file for the test case. 

2022-03-02 15:41:55 - [MESSAGE][PASSED] - Test case file loaded This is the full filepath after converting to string :C:\Users\sohilz2\Commons_Automation\InputFiles\TC03_Bento_Filter_Diagnosis-Comedocarcinoma.xlsx

2022-03-02 15:41:55 - [MESSAGE][INFO] - Global variable set for password file is :  C:\Users\sohilz2\Commons_Automation\InputFiles\TC03_Bento_Filter_Diagnosis-Comedocarcinoma.xlsx

2022-03-02 15:41:59 - [MESSAGE][PASSED] - Data loaded from input file for the test case. 

2022-03-02 15:42:07 - [TEST_STEP][PASSED] - waitForElementClickable(findTestObject("Object Repository/Bento/NavBar/Bento_Cases-Btn"), 5): Object 'Object Repository/Bento/NavBar/Bento_Cases-Btn' is clickable

2022-03-02 15:42:07 - [MESSAGE][PASSED] - Object 'Object Repository/Bento/NavBar/Bento_Cases-Btn' is clickable

2022-03-02 15:42:07 - [TEST_STEP][PASSED] - ctdc.utilities.runtestcaseforKatalon.clickTab("Object Repository/Bento/NavBar/Bento_Cases-Btn"): ctdc.utilities.runtestcaseforKatalon.clickTab is PASSED

2022-03-02 15:42:07 - [MESSAGE][PASSED] - ctdc.utilities.runtestcaseforKatalon.clickTab is PASSED

2022-03-02 15:42:07 - [TEST_STEP][PASSED] - waitForElementClickable(findTestObject("Bento/Cases_page/Filter/FilterByCases_Facet"), 5): Object 'Object Repository/Bento/Cases_page/Filter/FilterByCases_Facet' is clickable

2022-03-02 15:42:07 - [MESSAGE][PASSED] - Object 'Object Repository/Bento/Cases_page/Filter/FilterByCases_Facet' is clickable

2022-03-02 15:42:07 - [TEST_STEP][PASSED] - ctdc.utilities.runtestcaseforKatalon.clickTab("Bento/Cases_page/Filter/FilterByCases_Facet"): ctdc.utilities.runtestcaseforKatalon.clickTab is PASSED

2022-03-02 15:42:08 - [MESSAGE][PASSED] - ctdc.utilities.runtestcaseforKatalon.clickTab is PASSED

2022-03-02 15:42:08 - [TEST_STEP][PASSED] - waitForElementClickable(findTestObject("Bento/Cases_page/Filter/Diagnosis/DIAGNOSIS_Ddn"), 5): Object 'Object Repository/Bento/Cases_page/Filter/Diagnosis/DIAGNOSIS_Ddn' is clickable

2022-03-02 15:42:08 - [MESSAGE][PASSED] - Object 'Object Repository/Bento/Cases_page/Filter/Diagnosis/DIAGNOSIS_Ddn' is clickable

2022-03-02 15:42:08 - [TEST_STEP][PASSED] - ctdc.utilities.runtestcaseforKatalon.clickTab("Bento/Cases_page/Filter/Diagnosis/DIAGNOSIS_Ddn"): ctdc.utilities.runtestcaseforKatalon.clickTab is PASSED

2022-03-02 15:42:08 - [MESSAGE][PASSED] - ctdc.utilities.runtestcaseforKatalon.clickTab is PASSED

2022-03-02 15:42:08 - [TEST_STEP][PASSED] - waitForElementClickable(findTestObject("Bento/Cases_page/Filter/Diagnosis/Comedocarcinoma_Chkbx"), 5): Object 'Object Repository/Bento/Cases_page/Filter/Diagnosis/Comedocarcinoma_Chkbx' is clickable

2022-03-02 15:42:08 - [MESSAGE][PASSED] - Object 'Object Repository/Bento/Cases_page/Filter/Diagnosis/Comedocarcinoma_Chkbx' is clickable

2022-03-02 15:42:08 - [TEST_STEP][PASSED] - ctdc.utilities.runtestcaseforKatalon.clickTab("Bento/Cases_page/Filter/Diagnosis/Comedocarcinoma_Chkbx"): ctdc.utilities.runtestcaseforKatalon.clickTab is PASSED

2022-03-02 15:42:08 - [MESSAGE][PASSED] - ctdc.utilities.runtestcaseforKatalon.clickTab is PASSED

2022-03-02 15:42:08 - [TEST_STEP][PASSED] - ctdc.utilities.runtestcaseforKatalon.clickTab("Bento/Cases_page/Filter/Diagnosis/DIAGNOSIS_Ddn"): ctdc.utilities.runtestcaseforKatalon.clickTab is PASSED

2022-03-02 15:42:09 - [MESSAGE][PASSED] - ctdc.utilities.runtestcaseforKatalon.clickTab is PASSED

2022-03-02 15:42:09 - [TEST_STEP][PASSED] - ctdc.utilities.runtestcaseforKatalon.readStatBarBento("Object Repository/Bento/StatBar/Bento_StatBar-Programs", "Object Repository/Bento/StatBar/Bento_StatBar-Arms", "Object Repository/Bento/StatBar/Bento_StatBar-Cases", "Object Repository/Bento/StatBar/Bento_StatBar-Samples", "Object Repository/Bento/StatBar/Bento_StatBar-Assays", "Object Repository/Bento/StatBar/Bento_StatBar-Files"): ctdc.utilities.runtestcaseforKatalon.readStatBarBento is PASSED

2022-03-02 15:42:17 - [MESSAGE][PASSED] - ctdc.utilities.runtestcaseforKatalon.readStatBarBento is PASSED

2022-03-02 15:42:17 - [TEST_STEP][PASSED] - waitForElementPresent(findTestObject("Object Repository/Bento/Cases_page/BentoResults_Cases_Tab"), 5): Object 'Object Repository/Bento/Cases_page/BentoResults_Cases_Tab' is present

2022-03-02 15:42:17 - [MESSAGE][PASSED] - Object 'Object Repository/Bento/Cases_page/BentoResults_Cases_Tab' is present

2022-03-02 15:42:17 - [TEST_STEP][PASSED] - ctdc.utilities.runtestcaseforKatalon.clickTab("Object Repository/Bento/Cases_page/BentoResults_Cases_Tab"): ctdc.utilities.runtestcaseforKatalon.clickTab is PASSED

2022-03-02 15:42:18 - [MESSAGE][PASSED] - ctdc.utilities.runtestcaseforKatalon.clickTab is PASSED

2022-03-02 15:42:18 - [TEST_STEP][PASSED] - ctdc.utilities.runtestcaseforKatalon.multiFunction("Bento", G_StatBar_Cases, "Object Repository/Bento/Cases_page/Bento_CasesTable", "Object Repository/Bento/Cases_page/Bento_CasesTableHeader", "Object Repository/Bento/Cases_page/Bento_CasesTabNextBtn", G_WebTabnameCases, G_CypherTabnameCases, G_QueryCasesTab): Statbar Files count matches

2022-03-02 15:43:47 - [MESSAGE][PASSED] - Statbar Programs count matches

2022-03-02 15:43:47 - [MESSAGE][PASSED] - Statbar Arms count matches

2022-03-02 15:43:47 - [MESSAGE][PASSED] - Statbar Cases count matches

2022-03-02 15:43:47 - [MESSAGE][PASSED] - Statbar Samples count matches

2022-03-02 15:43:47 - [MESSAGE][PASSED] - Statbar Assays count matches

2022-03-02 15:43:47 - [MESSAGE][PASSED] - Statbar Files count matches

2022-03-02 15:43:47 - [TEST_STEP][PASSED] - closeBrowser(): Browser is closed

2022-03-02 15:43:48 - [MESSAGE][PASSED] - Browser is closed]]></system-out>
         <system-err><![CDATA[]]></system-err>
      </testcase>
      <testcase name="Test Cases/Bento_TestCases/Diagnosis/TC04_Bento_Filter_Diagnosis-InfilDuctLobularCarcinoma" time="113.002" classname="Test Cases/Bento_TestCases/Diagnosis/TC04_Bento_Filter_Diagnosis-InfilDuctLobularCarcinoma" status="PASSED">
         <system-out><![CDATA[2022-03-02 15:43:48 - [TEST_CASE][PASSED] - Test Cases/Bento_TestCases/Diagnosis/TC04_Bento_Filter_Diagnosis-InfilDuctLobularCarcinoma: Test Cases/Bento_TestCases/Diagnosis/TC04_Bento_Filter_Diagnosis-InfilDuctLobularCarcinoma

2022-03-02 15:43:48 - [TEST_STEP][PASSED] - Start listener action : getTestScriptName: null

2022-03-02 15:43:48 - [TEST_STEP][PASSED] - TestCaseId = testCaseContext.getTestCaseId(): null

2022-03-02 15:43:48 - [TEST_STEP][PASSED] - out.println("**********this is the value of test case id string******** " + testCaseContext.getTestCaseId()): null

2022-03-02 15:43:48 - [TEST_STEP][PASSED] - G_currentTCName = TestCaseId.substring(TestCaseId.lastIndexOf("TC")): null

2022-03-02 15:43:48 - [TEST_STEP][PASSED] - out.println("This is the test case name : " + G_currentTCName): null

2022-03-02 15:43:48 - [TEST_STEP][PASSED] - closeBrowser(): Browser is closed

2022-03-02 15:43:48 - [MESSAGE][PASSED] - Browser is closed

2022-03-02 15:43:48 - [TEST_STEP][PASSED] - ctdc.utilities.runtestcaseforKatalon.RunKatalon("TC04_Bento_Filter_Diagnosis-InfilDuctLobularCarcinoma.xlsx"): Data loaded from input file for the test case. 

2022-03-02 15:43:48 - [MESSAGE][PASSED] - Test case file loaded This is the full filepath after converting to string :C:\Users\sohilz2\Commons_Automation\InputFiles\TC04_Bento_Filter_Diagnosis-InfilDuctLobularCarcinoma.xlsx

2022-03-02 15:43:48 - [MESSAGE][INFO] - Global variable set for password file is :  C:\Users\sohilz2\Commons_Automation\InputFiles\TC04_Bento_Filter_Diagnosis-InfilDuctLobularCarcinoma.xlsx

2022-03-02 15:43:52 - [MESSAGE][PASSED] - Data loaded from input file for the test case. 

2022-03-02 15:44:00 - [TEST_STEP][PASSED] - waitForElementClickable(findTestObject("Object Repository/Bento/NavBar/Bento_Cases-Btn"), 5): Object 'Object Repository/Bento/NavBar/Bento_Cases-Btn' is clickable

2022-03-02 15:44:00 - [MESSAGE][PASSED] - Object 'Object Repository/Bento/NavBar/Bento_Cases-Btn' is clickable

2022-03-02 15:44:00 - [TEST_STEP][PASSED] - ctdc.utilities.runtestcaseforKatalon.clickTab("Object Repository/Bento/NavBar/Bento_Cases-Btn"): ctdc.utilities.runtestcaseforKatalon.clickTab is PASSED

2022-03-02 15:44:00 - [MESSAGE][PASSED] - ctdc.utilities.runtestcaseforKatalon.clickTab is PASSED

2022-03-02 15:44:00 - [TEST_STEP][PASSED] - waitForElementClickable(findTestObject("Bento/Cases_page/Filter/FilterByCases_Facet"), 5): Object 'Object Repository/Bento/Cases_page/Filter/FilterByCases_Facet' is clickable

2022-03-02 15:44:01 - [MESSAGE][PASSED] - Object 'Object Repository/Bento/Cases_page/Filter/FilterByCases_Facet' is clickable

2022-03-02 15:44:01 - [TEST_STEP][PASSED] - ctdc.utilities.runtestcaseforKatalon.clickTab("Bento/Cases_page/Filter/FilterByCases_Facet"): ctdc.utilities.runtestcaseforKatalon.clickTab is PASSED

2022-03-02 15:44:01 - [MESSAGE][PASSED] - ctdc.utilities.runtestcaseforKatalon.clickTab is PASSED

2022-03-02 15:44:01 - [TEST_STEP][PASSED] - waitForElementClickable(findTestObject("Bento/Cases_page/Filter/Diagnosis/DIAGNOSIS_Ddn"), 5): Object 'Object Repository/Bento/Cases_page/Filter/Diagnosis/DIAGNOSIS_Ddn' is clickable

2022-03-02 15:44:01 - [MESSAGE][PASSED] - Object 'Object Repository/Bento/Cases_page/Filter/Diagnosis/DIAGNOSIS_Ddn' is clickable

2022-03-02 15:44:01 - [TEST_STEP][PASSED] - ctdc.utilities.runtestcaseforKatalon.clickTab("Bento/Cases_page/Filter/Diagnosis/DIAGNOSIS_Ddn"): ctdc.utilities.runtestcaseforKatalon.clickTab is PASSED

2022-03-02 15:44:01 - [MESSAGE][PASSED] - ctdc.utilities.runtestcaseforKatalon.clickTab is PASSED

2022-03-02 15:44:01 - [TEST_STEP][PASSED] - waitForElementClickable(findTestObject("Bento/Cases_page/Filter/Diagnosis/InfiltrDuctalLobularCarcinoma_Chkbx"), 5): Object 'Object Repository/Bento/Cases_page/Filter/Diagnosis/InfiltrDuctalLobularCarcinoma_Chkbx' is clickable

2022-03-02 15:44:01 - [MESSAGE][PASSED] - Object 'Object Repository/Bento/Cases_page/Filter/Diagnosis/InfiltrDuctalLobularCarcinoma_Chkbx' is clickable

2022-03-02 15:44:01 - [TEST_STEP][PASSED] - ctdc.utilities.runtestcaseforKatalon.clickTab("Bento/Cases_page/Filter/Diagnosis/InfiltrDuctalLobularCarcinoma_Chkbx"): ctdc.utilities.runtestcaseforKatalon.clickTab is PASSED

2022-03-02 15:44:02 - [MESSAGE][PASSED] - ctdc.utilities.runtestcaseforKatalon.clickTab is PASSED

2022-03-02 15:44:02 - [TEST_STEP][PASSED] - ctdc.utilities.runtestcaseforKatalon.clickTab("Bento/Cases_page/Filter/Diagnosis/DIAGNOSIS_Ddn"): ctdc.utilities.runtestcaseforKatalon.clickTab is PASSED

2022-03-02 15:44:02 - [MESSAGE][PASSED] - ctdc.utilities.runtestcaseforKatalon.clickTab is PASSED

2022-03-02 15:44:02 - [TEST_STEP][PASSED] - ctdc.utilities.runtestcaseforKatalon.readStatBarBento("Object Repository/Bento/StatBar/Bento_StatBar-Programs", "Object Repository/Bento/StatBar/Bento_StatBar-Arms", "Object Repository/Bento/StatBar/Bento_StatBar-Cases", "Object Repository/Bento/StatBar/Bento_StatBar-Samples", "Object Repository/Bento/StatBar/Bento_StatBar-Assays", "Object Repository/Bento/StatBar/Bento_StatBar-Files"): ctdc.utilities.runtestcaseforKatalon.readStatBarBento is PASSED

2022-03-02 15:44:10 - [MESSAGE][PASSED] - ctdc.utilities.runtestcaseforKatalon.readStatBarBento is PASSED

2022-03-02 15:44:10 - [TEST_STEP][PASSED] - waitForElementPresent(findTestObject("Object Repository/Bento/Cases_page/BentoResults_Cases_Tab"), 5): Object 'Object Repository/Bento/Cases_page/BentoResults_Cases_Tab' is present

2022-03-02 15:44:10 - [MESSAGE][PASSED] - Object 'Object Repository/Bento/Cases_page/BentoResults_Cases_Tab' is present

2022-03-02 15:44:10 - [TEST_STEP][PASSED] - ctdc.utilities.runtestcaseforKatalon.clickTab("Object Repository/Bento/Cases_page/BentoResults_Cases_Tab"): ctdc.utilities.runtestcaseforKatalon.clickTab is PASSED

2022-03-02 15:44:11 - [MESSAGE][PASSED] - ctdc.utilities.runtestcaseforKatalon.clickTab is PASSED

2022-03-02 15:44:11 - [TEST_STEP][PASSED] - ctdc.utilities.runtestcaseforKatalon.multiFunction("Bento", G_StatBar_Cases, "Object Repository/Bento/Cases_page/Bento_CasesTable", "Object Repository/Bento/Cases_page/Bento_CasesTableHeader", "Object Repository/Bento/Cases_page/Bento_CasesTabNextBtn", G_WebTabnameCases, G_CypherTabnameCases, G_QueryCasesTab): Statbar Files count matches

2022-03-02 15:45:40 - [MESSAGE][PASSED] - Statbar Programs count matches

2022-03-02 15:45:40 - [MESSAGE][PASSED] - Statbar Arms count matches

2022-03-02 15:45:40 - [MESSAGE][PASSED] - Statbar Cases count matches

2022-03-02 15:45:40 - [MESSAGE][PASSED] - Statbar Samples count matches

2022-03-02 15:45:40 - [MESSAGE][PASSED] - Statbar Assays count matches

2022-03-02 15:45:40 - [MESSAGE][PASSED] - Statbar Files count matches

2022-03-02 15:45:40 - [TEST_STEP][PASSED] - closeBrowser(): Browser is closed

2022-03-02 15:45:41 - [MESSAGE][PASSED] - Browser is closed]]></system-out>
         <system-err><![CDATA[]]></system-err>
      </testcase>
      <testcase name="Test Cases/Bento_TestCases/Diagnosis/TC10_Bento_Filter_Diagnosis-PagetsDisease" time="104.429" classname="Test Cases/Bento_TestCases/Diagnosis/TC10_Bento_Filter_Diagnosis-PagetsDisease" status="PASSED">
         <system-out><![CDATA[2022-03-02 15:45:41 - [TEST_CASE][PASSED] - Test Cases/Bento_TestCases/Diagnosis/TC10_Bento_Filter_Diagnosis-PagetsDisease: Test Cases/Bento_TestCases/Diagnosis/TC10_Bento_Filter_Diagnosis-PagetsDisease

2022-03-02 15:45:41 - [TEST_STEP][PASSED] - Start listener action : getTestScriptName: null

2022-03-02 15:45:41 - [TEST_STEP][PASSED] - TestCaseId = testCaseContext.getTestCaseId(): null

2022-03-02 15:45:41 - [TEST_STEP][PASSED] - out.println("**********this is the value of test case id string******** " + testCaseContext.getTestCaseId()): null

2022-03-02 15:45:41 - [TEST_STEP][PASSED] - G_currentTCName = TestCaseId.substring(TestCaseId.lastIndexOf("TC")): null

2022-03-02 15:45:41 - [TEST_STEP][PASSED] - out.println("This is the test case name : " + G_currentTCName): null

2022-03-02 15:45:41 - [TEST_STEP][PASSED] - closeBrowser(): Browser is closed

2022-03-02 15:45:41 - [MESSAGE][PASSED] - Browser is closed

2022-03-02 15:45:41 - [TEST_STEP][PASSED] - ctdc.utilities.runtestcaseforKatalon.RunKatalon("TC10_Bento_Filter_Diagnosis-PagetsDisease.xlsx"): Data loaded from input file for the test case. 

2022-03-02 15:45:41 - [MESSAGE][PASSED] - Test case file loaded This is the full filepath after converting to string :C:\Users\sohilz2\Commons_Automation\InputFiles\TC10_Bento_Filter_Diagnosis-PagetsDisease.xlsx

2022-03-02 15:45:41 - [MESSAGE][INFO] - Global variable set for password file is :  C:\Users\sohilz2\Commons_Automation\InputFiles\TC10_Bento_Filter_Diagnosis-PagetsDisease.xlsx

2022-03-02 15:45:45 - [MESSAGE][PASSED] - Data loaded from input file for the test case. 

2022-03-02 15:45:52 - [TEST_STEP][PASSED] - waitForElementClickable(findTestObject("Object Repository/Bento/NavBar/Bento_Cases-Btn"), 5): Object 'Object Repository/Bento/NavBar/Bento_Cases-Btn' is clickable

2022-03-02 15:45:53 - [MESSAGE][PASSED] - Object 'Object Repository/Bento/NavBar/Bento_Cases-Btn' is clickable

2022-03-02 15:45:53 - [TEST_STEP][PASSED] - ctdc.utilities.runtestcaseforKatalon.clickTab("Object Repository/Bento/NavBar/Bento_Cases-Btn"): ctdc.utilities.runtestcaseforKatalon.clickTab is PASSED

2022-03-02 15:45:53 - [MESSAGE][PASSED] - ctdc.utilities.runtestcaseforKatalon.clickTab is PASSED

2022-03-02 15:45:53 - [TEST_STEP][PASSED] - waitForElementClickable(findTestObject("Bento/Cases_page/Filter/FilterByCases_Facet"), 5): Object 'Object Repository/Bento/Cases_page/Filter/FilterByCases_Facet' is clickable

2022-03-02 15:45:53 - [MESSAGE][PASSED] - Object 'Object Repository/Bento/Cases_page/Filter/FilterByCases_Facet' is clickable

2022-03-02 15:45:53 - [TEST_STEP][PASSED] - ctdc.utilities.runtestcaseforKatalon.clickTab("Bento/Cases_page/Filter/FilterByCases_Facet"): ctdc.utilities.runtestcaseforKatalon.clickTab is PASSED

2022-03-02 15:45:54 - [MESSAGE][PASSED] - ctdc.utilities.runtestcaseforKatalon.clickTab is PASSED

2022-03-02 15:45:54 - [TEST_STEP][PASSED] - waitForElementClickable(findTestObject("Bento/Cases_page/Filter/Diagnosis/DIAGNOSIS_Ddn"), 5): Object 'Object Repository/Bento/Cases_page/Filter/Diagnosis/DIAGNOSIS_Ddn' is clickable

2022-03-02 15:45:54 - [MESSAGE][PASSED] - Object 'Object Repository/Bento/Cases_page/Filter/Diagnosis/DIAGNOSIS_Ddn' is clickable

2022-03-02 15:45:54 - [TEST_STEP][PASSED] - ctdc.utilities.runtestcaseforKatalon.clickTab("Bento/Cases_page/Filter/Diagnosis/DIAGNOSIS_Ddn"): ctdc.utilities.runtestcaseforKatalon.clickTab is PASSED

2022-03-02 15:45:54 - [MESSAGE][PASSED] - ctdc.utilities.runtestcaseforKatalon.clickTab is PASSED

2022-03-02 15:45:54 - [TEST_STEP][PASSED] - waitForElementClickable(findTestObject("Bento/Cases_page/Filter/Diagnosis/PagetsDisease_Chkbx"), 5): Object 'Object Repository/Bento/Cases_page/Filter/Diagnosis/PagetsDisease_Chkbx' is clickable

2022-03-02 15:45:54 - [MESSAGE][PASSED] - Object 'Object Repository/Bento/Cases_page/Filter/Diagnosis/PagetsDisease_Chkbx' is clickable

2022-03-02 15:45:54 - [TEST_STEP][PASSED] - ctdc.utilities.runtestcaseforKatalon.clickTab("Bento/Cases_page/Filter/Diagnosis/PagetsDisease_Chkbx"): ctdc.utilities.runtestcaseforKatalon.clickTab is PASSED

2022-03-02 15:45:54 - [MESSAGE][PASSED] - ctdc.utilities.runtestcaseforKatalon.clickTab is PASSED

2022-03-02 15:45:54 - [TEST_STEP][PASSED] - ctdc.utilities.runtestcaseforKatalon.clickTab("Bento/Cases_page/Filter/Diagnosis/DIAGNOSIS_Ddn"): ctdc.utilities.runtestcaseforKatalon.clickTab is PASSED

2022-03-02 15:45:55 - [MESSAGE][PASSED] - ctdc.utilities.runtestcaseforKatalon.clickTab is PASSED

2022-03-02 15:45:55 - [TEST_STEP][PASSED] - ctdc.utilities.runtestcaseforKatalon.readStatBarBento("Object Repository/Bento/StatBar/Bento_StatBar-Programs", "Object Repository/Bento/StatBar/Bento_StatBar-Arms", "Object Repository/Bento/StatBar/Bento_StatBar-Cases", "Object Repository/Bento/StatBar/Bento_StatBar-Samples", "Object Repository/Bento/StatBar/Bento_StatBar-Assays", "Object Repository/Bento/StatBar/Bento_StatBar-Files"): ctdc.utilities.runtestcaseforKatalon.readStatBarBento is PASSED

2022-03-02 15:46:03 - [MESSAGE][PASSED] - ctdc.utilities.runtestcaseforKatalon.readStatBarBento is PASSED

2022-03-02 15:46:03 - [TEST_STEP][PASSED] - waitForElementPresent(findTestObject("Object Repository/Bento/Cases_page/BentoResults_Cases_Tab"), 5): Object 'Object Repository/Bento/Cases_page/BentoResults_Cases_Tab' is present

2022-03-02 15:46:04 - [MESSAGE][PASSED] - Object 'Object Repository/Bento/Cases_page/BentoResults_Cases_Tab' is present

2022-03-02 15:46:04 - [TEST_STEP][PASSED] - ctdc.utilities.runtestcaseforKatalon.clickTab("Object Repository/Bento/Cases_page/BentoResults_Cases_Tab"): ctdc.utilities.runtestcaseforKatalon.clickTab is PASSED

2022-03-02 15:46:04 - [MESSAGE][PASSED] - ctdc.utilities.runtestcaseforKatalon.clickTab is PASSED

2022-03-02 15:46:04 - [TEST_STEP][PASSED] - ctdc.utilities.runtestcaseforKatalon.multiFunction("Bento", G_StatBar_Cases, "Object Repository/Bento/Cases_page/Bento_CasesTable", "Object Repository/Bento/Cases_page/Bento_CasesTableHeader", "Object Repository/Bento/Cases_page/Bento_CasesTabNextBtn", G_WebTabnameCases, G_CypherTabnameCases, G_QueryCasesTab): Statbar Files count matches

2022-03-02 15:47:25 - [MESSAGE][PASSED] - Statbar Programs count matches

2022-03-02 15:47:25 - [MESSAGE][PASSED] - Statbar Arms count matches

2022-03-02 15:47:25 - [MESSAGE][PASSED] - Statbar Cases count matches

2022-03-02 15:47:25 - [MESSAGE][PASSED] - Statbar Samples count matches

2022-03-02 15:47:25 - [MESSAGE][PASSED] - Statbar Assays count matches

2022-03-02 15:47:25 - [MESSAGE][PASSED] - Statbar Files count matches

2022-03-02 15:47:25 - [TEST_STEP][PASSED] - closeBrowser(): Browser is closed

2022-03-02 15:47:25 - [MESSAGE][PASSED] - Browser is closed]]></system-out>
         <system-err><![CDATA[]]></system-err>
      </testcase>
      <testcase name="Test Cases/Bento_TestCases/Diagnosis/TC11_Bento_Filter_Diagnosis-PapillaryCarcinoma" time="31.448" classname="Test Cases/Bento_TestCases/Diagnosis/TC11_Bento_Filter_Diagnosis-PapillaryCarcinoma" status="PASSED">
         <system-out><![CDATA[2022-03-02 15:47:25 - [TEST_CASE][PASSED] - Test Cases/Bento_TestCases/Diagnosis/TC11_Bento_Filter_Diagnosis-PapillaryCarcinoma: Test Cases/Bento_TestCases/Diagnosis/TC11_Bento_Filter_Diagnosis-PapillaryCarcinoma

2022-03-02 15:47:25 - [TEST_STEP][PASSED] - Start listener action : getTestScriptName: null

2022-03-02 15:47:25 - [TEST_STEP][PASSED] - TestCaseId = testCaseContext.getTestCaseId(): null

2022-03-02 15:47:25 - [TEST_STEP][PASSED] - out.println("**********this is the value of test case id string******** " + testCaseContext.getTestCaseId()): null

2022-03-02 15:47:25 - [TEST_STEP][PASSED] - G_currentTCName = TestCaseId.substring(TestCaseId.lastIndexOf("TC")): null

2022-03-02 15:47:25 - [TEST_STEP][PASSED] - out.println("This is the test case name : " + G_currentTCName): null

2022-03-02 15:47:26 - [TEST_STEP][PASSED] - closeBrowser(): Browser is closed

2022-03-02 15:47:26 - [MESSAGE][PASSED] - Browser is closed

2022-03-02 15:47:26 - [TEST_STEP][PASSED] - openBrowser(""): Browser is opened with url: ''

2022-03-02 15:47:26 - [MESSAGE][INFO] - Starting 'Chrome (headless)' driver

2022-03-02 15:47:26 - [MESSAGE][INFO] - User set preference: ['args', '[--no-sandbox]']

2022-03-02 15:47:26 - [MESSAGE][INFO] - Action delay is set to 0 milliseconds

2022-03-02 15:47:27 - [MESSAGE][PASSED] - Browser is opened with url: ''

2022-03-02 15:47:27 - [TEST_STEP][PASSED] - maximizeWindow(): Current window maximized

2022-03-02 15:47:27 - [MESSAGE][PASSED] - Current window maximized

2022-03-02 15:47:27 - [TEST_STEP][PASSED] - ctdc.utilities.runtestcaseforKatalon.RunKatalon("TC11_Bento_Filter_Diagnosis-PapillaryCarcinoma.xlsx"): Data loaded from input file for the test case. 

2022-03-02 15:47:27 - [MESSAGE][PASSED] - Test case file loaded This is the full filepath after converting to string :C:\Users\sohilz2\Commons_Automation\InputFiles\TC11_Bento_Filter_Diagnosis-PapillaryCarcinoma.xlsx

2022-03-02 15:47:27 - [MESSAGE][INFO] - Global variable set for password file is :  C:\Users\sohilz2\Commons_Automation\InputFiles\TC11_Bento_Filter_Diagnosis-PapillaryCarcinoma.xlsx

2022-03-02 15:47:31 - [MESSAGE][PASSED] - Data loaded from input file for the test case. 

2022-03-02 15:47:39 - [TEST_STEP][PASSED] - waitForElementClickable(findTestObject("Object Repository/Bento/NavBar/Bento_Cases-Btn"), 5): Object 'Object Repository/Bento/NavBar/Bento_Cases-Btn' is clickable

2022-03-02 15:47:39 - [MESSAGE][PASSED] - Object 'Object Repository/Bento/NavBar/Bento_Cases-Btn' is clickable

2022-03-02 15:47:39 - [TEST_STEP][PASSED] - ctdc.utilities.runtestcaseforKatalon.clickTab("Object Repository/Bento/NavBar/Bento_Cases-Btn"): ctdc.utilities.runtestcaseforKatalon.clickTab is PASSED

2022-03-02 15:47:39 - [MESSAGE][PASSED] - ctdc.utilities.runtestcaseforKatalon.clickTab is PASSED

2022-03-02 15:47:39 - [TEST_STEP][PASSED] - waitForElementClickable(findTestObject("Bento/Cases_page/Filter/FilterByCases_Facet"), 5): Object 'Object Repository/Bento/Cases_page/Filter/FilterByCases_Facet' is clickable

2022-03-02 15:47:40 - [MESSAGE][PASSED] - Object 'Object Repository/Bento/Cases_page/Filter/FilterByCases_Facet' is clickable

2022-03-02 15:47:40 - [TEST_STEP][PASSED] - ctdc.utilities.runtestcaseforKatalon.clickTab("Bento/Cases_page/Filter/FilterByCases_Facet"): ctdc.utilities.runtestcaseforKatalon.clickTab is PASSED

2022-03-02 15:47:40 - [MESSAGE][PASSED] - ctdc.utilities.runtestcaseforKatalon.clickTab is PASSED

2022-03-02 15:47:40 - [TEST_STEP][PASSED] - waitForElementClickable(findTestObject("Bento/Cases_page/Filter/Diagnosis/DIAGNOSIS_Ddn"), 5): Object 'Object Repository/Bento/Cases_page/Filter/Diagnosis/DIAGNOSIS_Ddn' is clickable

2022-03-02 15:47:40 - [MESSAGE][PASSED] - Object 'Object Repository/Bento/Cases_page/Filter/Diagnosis/DIAGNOSIS_Ddn' is clickable

2022-03-02 15:47:40 - [TEST_STEP][PASSED] - ctdc.utilities.runtestcaseforKatalon.clickTab("Bento/Cases_page/Filter/Diagnosis/DIAGNOSIS_Ddn"): ctdc.utilities.runtestcaseforKatalon.clickTab is PASSED

2022-03-02 15:47:40 - [MESSAGE][PASSED] - ctdc.utilities.runtestcaseforKatalon.clickTab is PASSED

2022-03-02 15:47:40 - [TEST_STEP][PASSED] - waitForElementClickable(findTestObject("Bento/Cases_page/Filter/Diagnosis/PapillaryCarcinoma_Chkbx"), 5): Object 'Object Repository/Bento/Cases_page/Filter/Diagnosis/PapillaryCarcinoma_Chkbx' is clickable

2022-03-02 15:47:40 - [MESSAGE][PASSED] - Object 'Object Repository/Bento/Cases_page/Filter/Diagnosis/PapillaryCarcinoma_Chkbx' is clickable

2022-03-02 15:47:40 - [TEST_STEP][PASSED] - ctdc.utilities.runtestcaseforKatalon.clickTab("Bento/Cases_page/Filter/Diagnosis/PapillaryCarcinoma_Chkbx"): ctdc.utilities.runtestcaseforKatalon.clickTab is PASSED

2022-03-02 15:47:40 - [MESSAGE][PASSED] - ctdc.utilities.runtestcaseforKatalon.clickTab is PASSED

2022-03-02 15:47:40 - [TEST_STEP][PASSED] - ctdc.utilities.runtestcaseforKatalon.clickTab("Bento/Cases_page/Filter/Diagnosis/DIAGNOSIS_Ddn"): ctdc.utilities.runtestcaseforKatalon.clickTab is PASSED

2022-03-02 15:47:41 - [MESSAGE][PASSED] - ctdc.utilities.runtestcaseforKatalon.clickTab is PASSED

2022-03-02 15:47:41 - [TEST_STEP][PASSED] - ctdc.utilities.runtestcaseforKatalon.readStatBarBento("Object Repository/Bento/StatBar/Bento_StatBar-Programs", "Object Repository/Bento/StatBar/Bento_StatBar-Arms", "Object Repository/Bento/StatBar/Bento_StatBar-Cases", "Object Repository/Bento/StatBar/Bento_StatBar-Samples", "Object Repository/Bento/StatBar/Bento_StatBar-Assays", "Object Repository/Bento/StatBar/Bento_StatBar-Files"): ctdc.utilities.runtestcaseforKatalon.readStatBarBento is PASSED

2022-03-02 15:47:50 - [MESSAGE][PASSED] - ctdc.utilities.runtestcaseforKatalon.readStatBarBento is PASSED

2022-03-02 15:47:50 - [TEST_STEP][PASSED] - ctdc.utilities.ReadExcel.Neo4j(G_CypherTabnameCases, G_QueryCasesTab): ctdc.utilities.ReadExcel.Neo4j is PASSED

2022-03-02 15:47:56 - [MESSAGE][PASSED] - ctdc.utilities.ReadExcel.Neo4j is PASSED

2022-03-02 15:47:56 - [TEST_STEP][PASSED] - ctdc.utilities.runtestcaseforKatalon.validateStatBar("Bento"): Statbar Files count matches

2022-03-02 15:47:56 - [MESSAGE][PASSED] - Statbar Programs count matches

2022-03-02 15:47:56 - [MESSAGE][PASSED] - Statbar Arms count matches

2022-03-02 15:47:56 - [MESSAGE][PASSED] - Statbar Cases count matches

2022-03-02 15:47:56 - [MESSAGE][PASSED] - Statbar Samples count matches

2022-03-02 15:47:56 - [MESSAGE][PASSED] - Statbar Assays count matches

2022-03-02 15:47:56 - [MESSAGE][PASSED] - Statbar Files count matches

2022-03-02 15:47:56 - [TEST_STEP][PASSED] - closeBrowser(): Browser is closed

2022-03-02 15:47:57 - [MESSAGE][PASSED] - Browser is closed]]></system-out>
         <system-err><![CDATA[]]></system-err>
      </testcase>
      <testcase name="Test Cases/Bento_TestCases/EndocrineTherapy/TC01_Bento_Filter_EndocrineTherapy-AI" time="426.91" classname="Test Cases/Bento_TestCases/EndocrineTherapy/TC01_Bento_Filter_EndocrineTherapy-AI" status="PASSED">
         <system-out><![CDATA[2022-03-02 15:47:57 - [TEST_CASE][PASSED] - Test Cases/Bento_TestCases/EndocrineTherapy/TC01_Bento_Filter_EndocrineTherapy-AI: Test Cases/Bento_TestCases/EndocrineTherapy/TC01_Bento_Filter_EndocrineTherapy-AI

2022-03-02 15:47:57 - [TEST_STEP][PASSED] - Start listener action : getTestScriptName: null

2022-03-02 15:47:57 - [TEST_STEP][PASSED] - TestCaseId = testCaseContext.getTestCaseId(): null

2022-03-02 15:47:57 - [TEST_STEP][PASSED] - out.println("**********this is the value of test case id string******** " + testCaseContext.getTestCaseId()): null

2022-03-02 15:47:57 - [TEST_STEP][PASSED] - G_currentTCName = TestCaseId.substring(TestCaseId.lastIndexOf("TC")): null

2022-03-02 15:47:57 - [TEST_STEP][PASSED] - out.println("This is the test case name : " + G_currentTCName): null

2022-03-02 15:47:57 - [TEST_STEP][PASSED] - closeBrowser(): Browser is closed

2022-03-02 15:47:57 - [MESSAGE][PASSED] - Browser is closed

2022-03-02 15:47:57 - [TEST_STEP][PASSED] - ctdc.utilities.runtestcaseforKatalon.RunKatalon("TC01_Bento_Filter_EndocrineTherapy-AI.xlsx"): Data loaded from input file for the test case. 

2022-03-02 15:47:57 - [MESSAGE][PASSED] - Test case file loaded This is the full filepath after converting to string :C:\Users\sohilz2\Commons_Automation\InputFiles\TC01_Bento_Filter_EndocrineTherapy-AI.xlsx

2022-03-02 15:47:57 - [MESSAGE][INFO] - Global variable set for password file is :  C:\Users\sohilz2\Commons_Automation\InputFiles\TC01_Bento_Filter_EndocrineTherapy-AI.xlsx

2022-03-02 15:48:01 - [MESSAGE][PASSED] - Data loaded from input file for the test case. 

2022-03-02 15:48:08 - [TEST_STEP][PASSED] - waitForElementClickable(findTestObject("Object Repository/Bento/NavBar/Bento_Cases-Btn"), 5): Object 'Object Repository/Bento/NavBar/Bento_Cases-Btn' is clickable

2022-03-02 15:48:08 - [MESSAGE][PASSED] - Object 'Object Repository/Bento/NavBar/Bento_Cases-Btn' is clickable

2022-03-02 15:48:08 - [TEST_STEP][PASSED] - ctdc.utilities.runtestcaseforKatalon.clickTab("Object Repository/Bento/NavBar/Bento_Cases-Btn"): ctdc.utilities.runtestcaseforKatalon.clickTab is PASSED

2022-03-02 15:48:09 - [MESSAGE][PASSED] - ctdc.utilities.runtestcaseforKatalon.clickTab is PASSED

2022-03-02 15:48:09 - [TEST_STEP][PASSED] - waitForElementClickable(findTestObject("Bento/Cases_page/Filter/FilterByCases_Facet"), 5): Object 'Object Repository/Bento/Cases_page/Filter/FilterByCases_Facet' is clickable

2022-03-02 15:48:09 - [MESSAGE][PASSED] - Object 'Object Repository/Bento/Cases_page/Filter/FilterByCases_Facet' is clickable

2022-03-02 15:48:09 - [TEST_STEP][PASSED] - ctdc.utilities.runtestcaseforKatalon.clickTab("Bento/Cases_page/Filter/FilterByCases_Facet"): ctdc.utilities.runtestcaseforKatalon.clickTab is PASSED

2022-03-02 15:48:09 - [MESSAGE][PASSED] - ctdc.utilities.runtestcaseforKatalon.clickTab is PASSED

2022-03-02 15:48:09 - [TEST_STEP][PASSED] - waitForElementClickable(findTestObject("Bento/Cases_page/Filter/EndocrineTherapy/ENDOCRINETHERAPY_Ddn"), 5): Object 'Object Repository/Bento/Cases_page/Filter/EndocrineTherapy/ENDOCRINETHERAPY_Ddn' is clickable

2022-03-02 15:48:10 - [MESSAGE][PASSED] - Object 'Object Repository/Bento/Cases_page/Filter/EndocrineTherapy/ENDOCRINETHERAPY_Ddn' is clickable

2022-03-02 15:48:10 - [TEST_STEP][PASSED] - ctdc.utilities.runtestcaseforKatalon.clickTab("Bento/Cases_page/Filter/EndocrineTherapy/ENDOCRINETHERAPY_Ddn"): ctdc.utilities.runtestcaseforKatalon.clickTab is PASSED

2022-03-02 15:48:10 - [MESSAGE][PASSED] - ctdc.utilities.runtestcaseforKatalon.clickTab is PASSED

2022-03-02 15:48:10 - [TEST_STEP][PASSED] - ctdc.utilities.runtestcaseforKatalon.clickTab("Object Repository/Bento/Cases_page/Filter/EndocrineTherapy/AI_Chkbx"): ctdc.utilities.runtestcaseforKatalon.clickTab is PASSED

2022-03-02 15:48:10 - [MESSAGE][PASSED] - ctdc.utilities.runtestcaseforKatalon.clickTab is PASSED

2022-03-02 15:48:10 - [TEST_STEP][PASSED] - ctdc.utilities.runtestcaseforKatalon.clickTab("Object Repository/Bento/Cases_page/Filter/EndocrineTherapy/ENDOCRINETHERAPY_Ddn"): ctdc.utilities.runtestcaseforKatalon.clickTab is PASSED

2022-03-02 15:48:10 - [MESSAGE][PASSED] - ctdc.utilities.runtestcaseforKatalon.clickTab is PASSED

2022-03-02 15:48:10 - [TEST_STEP][PASSED] - ctdc.utilities.runtestcaseforKatalon.readStatBarBento("Object Repository/Bento/StatBar/Bento_StatBar-Programs", "Object Repository/Bento/StatBar/Bento_StatBar-Arms", "Object Repository/Bento/StatBar/Bento_StatBar-Cases", "Object Repository/Bento/StatBar/Bento_StatBar-Samples", "Object Repository/Bento/StatBar/Bento_StatBar-Assays", "Object Repository/Bento/StatBar/Bento_StatBar-Files"): ctdc.utilities.runtestcaseforKatalon.readStatBarBento is PASSED

2022-03-02 15:48:19 - [MESSAGE][PASSED] - ctdc.utilities.runtestcaseforKatalon.readStatBarBento is PASSED

2022-03-02 15:48:19 - [TEST_STEP][PASSED] - waitForElementPresent(findTestObject("Object Repository/Bento/Cases_page/BentoResults_Cases_Tab"), 5): Object 'Object Repository/Bento/Cases_page/BentoResults_Cases_Tab' is present

2022-03-02 15:48:19 - [MESSAGE][PASSED] - Object 'Object Repository/Bento/Cases_page/BentoResults_Cases_Tab' is present

2022-03-02 15:48:19 - [TEST_STEP][PASSED] - ctdc.utilities.runtestcaseforKatalon.clickTab("Object Repository/Bento/Cases_page/BentoResults_Cases_Tab"): ctdc.utilities.runtestcaseforKatalon.clickTab is PASSED

2022-03-02 15:48:19 - [MESSAGE][PASSED] - ctdc.utilities.runtestcaseforKatalon.clickTab is PASSED

2022-03-02 15:48:19 - [TEST_STEP][PASSED] - ctdc.utilities.runtestcaseforKatalon.multiFunction("Bento", G_StatBar_Cases, "Object Repository/Bento/Cases_page/Bento_CasesTable", "Object Repository/Bento/Cases_page/Bento_CasesTableHeader", "Object Repository/Bento/Cases_page/Bento_CasesTabNextBtn", G_WebTabnameCases, G_CypherTabnameCases, G_QueryCasesTab): Statbar Files count matches

2022-03-02 15:55:03 - [MESSAGE][PASSED] - Statbar Programs count matches

2022-03-02 15:55:03 - [MESSAGE][PASSED] - Statbar Arms count matches

2022-03-02 15:55:03 - [MESSAGE][PASSED] - Statbar Cases count matches

2022-03-02 15:55:03 - [MESSAGE][PASSED] - Statbar Samples count matches

2022-03-02 15:55:03 - [MESSAGE][PASSED] - Statbar Assays count matches

2022-03-02 15:55:03 - [MESSAGE][PASSED] - Statbar Files count matches

2022-03-02 15:55:03 - [TEST_STEP][PASSED] - closeBrowser(): Browser is closed

2022-03-02 15:55:04 - [MESSAGE][PASSED] - Browser is closed]]></system-out>
         <system-err><![CDATA[]]></system-err>
      </testcase>
      <testcase name="Test Cases/Bento_TestCases/EndocrineTherapy/TC02_Bento_Filter_EndocrineTherapy-None" time="84.38" classname="Test Cases/Bento_TestCases/EndocrineTherapy/TC02_Bento_Filter_EndocrineTherapy-None" status="PASSED">
         <system-out><![CDATA[2022-03-02 15:55:04 - [TEST_CASE][PASSED] - Test Cases/Bento_TestCases/EndocrineTherapy/TC02_Bento_Filter_EndocrineTherapy-None: Test Cases/Bento_TestCases/EndocrineTherapy/TC02_Bento_Filter_EndocrineTherapy-None

2022-03-02 15:55:04 - [TEST_STEP][PASSED] - Start listener action : getTestScriptName: null

2022-03-02 15:55:04 - [TEST_STEP][PASSED] - TestCaseId = testCaseContext.getTestCaseId(): null

2022-03-02 15:55:04 - [TEST_STEP][PASSED] - out.println("**********this is the value of test case id string******** " + testCaseContext.getTestCaseId()): null

2022-03-02 15:55:04 - [TEST_STEP][PASSED] - G_currentTCName = TestCaseId.substring(TestCaseId.lastIndexOf("TC")): null

2022-03-02 15:55:04 - [TEST_STEP][PASSED] - out.println("This is the test case name : " + G_currentTCName): null

2022-03-02 15:55:04 - [TEST_STEP][PASSED] - closeBrowser(): Browser is closed

2022-03-02 15:55:04 - [MESSAGE][PASSED] - Browser is closed

2022-03-02 15:55:04 - [TEST_STEP][PASSED] - ctdc.utilities.runtestcaseforKatalon.RunKatalon("TC02_Bento_Filter_EndocrineTherapy-None.xlsx"): Data loaded from input file for the test case. 

2022-03-02 15:55:04 - [MESSAGE][PASSED] - Test case file loaded This is the full filepath after converting to string :C:\Users\sohilz2\Commons_Automation\InputFiles\TC02_Bento_Filter_EndocrineTherapy-None.xlsx

2022-03-02 15:55:04 - [MESSAGE][INFO] - Global variable set for password file is :  C:\Users\sohilz2\Commons_Automation\InputFiles\TC02_Bento_Filter_EndocrineTherapy-None.xlsx

2022-03-02 15:55:08 - [MESSAGE][PASSED] - Data loaded from input file for the test case. 

2022-03-02 15:55:15 - [TEST_STEP][PASSED] - waitForElementClickable(findTestObject("Object Repository/Bento/NavBar/Bento_Cases-Btn"), 5): Object 'Object Repository/Bento/NavBar/Bento_Cases-Btn' is clickable

2022-03-02 15:55:15 - [MESSAGE][PASSED] - Object 'Object Repository/Bento/NavBar/Bento_Cases-Btn' is clickable

2022-03-02 15:55:15 - [TEST_STEP][PASSED] - ctdc.utilities.runtestcaseforKatalon.clickTab("Object Repository/Bento/NavBar/Bento_Cases-Btn"): ctdc.utilities.runtestcaseforKatalon.clickTab is PASSED

2022-03-02 15:55:16 - [MESSAGE][PASSED] - ctdc.utilities.runtestcaseforKatalon.clickTab is PASSED

2022-03-02 15:55:16 - [TEST_STEP][PASSED] - waitForElementClickable(findTestObject("Bento/Cases_page/Filter/FilterByCases_Facet"), 5): Object 'Object Repository/Bento/Cases_page/Filter/FilterByCases_Facet' is clickable

2022-03-02 15:55:16 - [MESSAGE][PASSED] - Object 'Object Repository/Bento/Cases_page/Filter/FilterByCases_Facet' is clickable

2022-03-02 15:55:16 - [TEST_STEP][PASSED] - ctdc.utilities.runtestcaseforKatalon.clickTab("Bento/Cases_page/Filter/FilterByCases_Facet"): ctdc.utilities.runtestcaseforKatalon.clickTab is PASSED

2022-03-02 15:55:16 - [MESSAGE][PASSED] - ctdc.utilities.runtestcaseforKatalon.clickTab is PASSED

2022-03-02 15:55:16 - [TEST_STEP][PASSED] - waitForElementClickable(findTestObject("Bento/Cases_page/Filter/EndocrineTherapy/ENDOCRINETHERAPY_Ddn"), 5): Object 'Object Repository/Bento/Cases_page/Filter/EndocrineTherapy/ENDOCRINETHERAPY_Ddn' is clickable

2022-03-02 15:55:16 - [MESSAGE][PASSED] - Object 'Object Repository/Bento/Cases_page/Filter/EndocrineTherapy/ENDOCRINETHERAPY_Ddn' is clickable

2022-03-02 15:55:16 - [TEST_STEP][PASSED] - ctdc.utilities.runtestcaseforKatalon.clickTab("Bento/Cases_page/Filter/EndocrineTherapy/ENDOCRINETHERAPY_Ddn"): ctdc.utilities.runtestcaseforKatalon.clickTab is PASSED

2022-03-02 15:55:17 - [MESSAGE][PASSED] - ctdc.utilities.runtestcaseforKatalon.clickTab is PASSED

2022-03-02 15:55:17 - [TEST_STEP][PASSED] - ctdc.utilities.runtestcaseforKatalon.clickTab("Object Repository/Bento/Cases_page/Filter/EndocrineTherapy/None_Chkbx"): ctdc.utilities.runtestcaseforKatalon.clickTab is PASSED

2022-03-02 15:55:17 - [MESSAGE][PASSED] - ctdc.utilities.runtestcaseforKatalon.clickTab is PASSED

2022-03-02 15:55:17 - [TEST_STEP][PASSED] - ctdc.utilities.runtestcaseforKatalon.clickTab("Object Repository/Bento/Cases_page/Filter/EndocrineTherapy/ENDOCRINETHERAPY_Ddn"): ctdc.utilities.runtestcaseforKatalon.clickTab is PASSED

2022-03-02 15:55:17 - [MESSAGE][PASSED] - ctdc.utilities.runtestcaseforKatalon.clickTab is PASSED

2022-03-02 15:55:17 - [TEST_STEP][PASSED] - ctdc.utilities.runtestcaseforKatalon.readStatBarBento("Object Repository/Bento/StatBar/Bento_StatBar-Programs", "Object Repository/Bento/StatBar/Bento_StatBar-Arms", "Object Repository/Bento/StatBar/Bento_StatBar-Cases", "Object Repository/Bento/StatBar/Bento_StatBar-Samples", "Object Repository/Bento/StatBar/Bento_StatBar-Assays", "Object Repository/Bento/StatBar/Bento_StatBar-Files"): ctdc.utilities.runtestcaseforKatalon.readStatBarBento is PASSED

2022-03-02 15:55:26 - [MESSAGE][PASSED] - ctdc.utilities.runtestcaseforKatalon.readStatBarBento is PASSED

2022-03-02 15:55:26 - [TEST_STEP][PASSED] - waitForElementPresent(findTestObject("Object Repository/Bento/Cases_page/BentoResults_Cases_Tab"), 5): Object 'Object Repository/Bento/Cases_page/BentoResults_Cases_Tab' is present

2022-03-02 15:55:26 - [MESSAGE][PASSED] - Object 'Object Repository/Bento/Cases_page/BentoResults_Cases_Tab' is present

2022-03-02 15:55:26 - [TEST_STEP][PASSED] - ctdc.utilities.runtestcaseforKatalon.clickTab("Object Repository/Bento/Cases_page/BentoResults_Cases_Tab"): ctdc.utilities.runtestcaseforKatalon.clickTab is PASSED

2022-03-02 15:55:26 - [MESSAGE][PASSED] - ctdc.utilities.runtestcaseforKatalon.clickTab is PASSED

2022-03-02 15:55:26 - [TEST_STEP][PASSED] - ctdc.utilities.runtestcaseforKatalon.multiFunction("Bento", G_StatBar_Cases, "Object Repository/Bento/Cases_page/Bento_CasesTable", "Object Repository/Bento/Cases_page/Bento_CasesTableHeader", "Object Repository/Bento/Cases_page/Bento_CasesTabNextBtn", G_WebTabnameCases, G_CypherTabnameCases, G_QueryCasesTab): Statbar Files count matches

2022-03-02 15:56:22 - [MESSAGE][PASSED] - Statbar Programs count matches

2022-03-02 15:56:22 - [MESSAGE][PASSED] - Statbar Arms count matches

2022-03-02 15:56:22 - [MESSAGE][PASSED] - Statbar Cases count matches

2022-03-02 15:56:22 - [MESSAGE][PASSED] - Statbar Samples count matches

2022-03-02 15:56:22 - [MESSAGE][PASSED] - Statbar Assays count matches

2022-03-02 15:56:22 - [MESSAGE][PASSED] - Statbar Files count matches

2022-03-02 15:56:22 - [TEST_STEP][PASSED] - ctdc.utilities.ReadExcel.Neo4j(G_CypherTabnameCases, G_QueryCasesTab): ctdc.utilities.ReadExcel.Neo4j is PASSED

2022-03-02 15:56:27 - [MESSAGE][PASSED] - ctdc.utilities.ReadExcel.Neo4j is PASSED

2022-03-02 15:56:27 - [TEST_STEP][PASSED] - ctdc.utilities.runtestcaseforKatalon.validateStatBar("Bento"): Statbar Files count matches

2022-03-02 15:56:27 - [MESSAGE][PASSED] - Statbar Programs count matches

2022-03-02 15:56:27 - [MESSAGE][PASSED] - Statbar Arms count matches

2022-03-02 15:56:27 - [MESSAGE][PASSED] - Statbar Cases count matches

2022-03-02 15:56:27 - [MESSAGE][PASSED] - Statbar Samples count matches

2022-03-02 15:56:27 - [MESSAGE][PASSED] - Statbar Assays count matches

2022-03-02 15:56:27 - [MESSAGE][PASSED] - Statbar Files count matches

2022-03-02 15:56:27 - [TEST_STEP][PASSED] - closeBrowser(): Browser is closed

2022-03-02 15:56:28 - [MESSAGE][PASSED] - Browser is closed]]></system-out>
         <system-err><![CDATA[]]></system-err>
      </testcase>
      <testcase name="Test Cases/Bento_TestCases/EndocrineTherapy/TC06_Bento_Filter_EndocrineTherapy-Tam" time="179.059" classname="Test Cases/Bento_TestCases/EndocrineTherapy/TC06_Bento_Filter_EndocrineTherapy-Tam" status="PASSED">
         <system-out><![CDATA[2022-03-02 15:56:28 - [TEST_CASE][PASSED] - Test Cases/Bento_TestCases/EndocrineTherapy/TC06_Bento_Filter_EndocrineTherapy-Tam: Test Cases/Bento_TestCases/EndocrineTherapy/TC06_Bento_Filter_EndocrineTherapy-Tam

2022-03-02 15:56:28 - [TEST_STEP][PASSED] - Start listener action : getTestScriptName: null

2022-03-02 15:56:28 - [TEST_STEP][PASSED] - TestCaseId = testCaseContext.getTestCaseId(): null

2022-03-02 15:56:28 - [TEST_STEP][PASSED] - out.println("**********this is the value of test case id string******** " + testCaseContext.getTestCaseId()): null

2022-03-02 15:56:28 - [TEST_STEP][PASSED] - G_currentTCName = TestCaseId.substring(TestCaseId.lastIndexOf("TC")): null

2022-03-02 15:56:28 - [TEST_STEP][PASSED] - out.println("This is the test case name : " + G_currentTCName): null

2022-03-02 15:56:28 - [TEST_STEP][PASSED] - closeBrowser(): Browser is closed

2022-03-02 15:56:28 - [MESSAGE][PASSED] - Browser is closed

2022-03-02 15:56:28 - [TEST_STEP][PASSED] - ctdc.utilities.runtestcaseforKatalon.RunKatalon("TC06_Bento_Filter_EndocrineTherapy-Tam.xlsx"): Data loaded from input file for the test case. 

2022-03-02 15:56:28 - [MESSAGE][PASSED] - Test case file loaded This is the full filepath after converting to string :C:\Users\sohilz2\Commons_Automation\InputFiles\TC06_Bento_Filter_EndocrineTherapy-Tam.xlsx

2022-03-02 15:56:28 - [MESSAGE][INFO] - Global variable set for password file is :  C:\Users\sohilz2\Commons_Automation\InputFiles\TC06_Bento_Filter_EndocrineTherapy-Tam.xlsx

2022-03-02 15:56:33 - [MESSAGE][PASSED] - Data loaded from input file for the test case. 

2022-03-02 15:56:40 - [TEST_STEP][PASSED] - waitForElementClickable(findTestObject("Object Repository/Bento/NavBar/Bento_Cases-Btn"), 5): Object 'Object Repository/Bento/NavBar/Bento_Cases-Btn' is clickable

2022-03-02 15:56:40 - [MESSAGE][PASSED] - Object 'Object Repository/Bento/NavBar/Bento_Cases-Btn' is clickable

2022-03-02 15:56:40 - [TEST_STEP][PASSED] - ctdc.utilities.runtestcaseforKatalon.clickTab("Object Repository/Bento/NavBar/Bento_Cases-Btn"): ctdc.utilities.runtestcaseforKatalon.clickTab is PASSED

2022-03-02 15:56:40 - [MESSAGE][PASSED] - ctdc.utilities.runtestcaseforKatalon.clickTab is PASSED

2022-03-02 15:56:40 - [TEST_STEP][PASSED] - waitForElementClickable(findTestObject("Bento/Cases_page/Filter/FilterByCases_Facet"), 5): Object 'Object Repository/Bento/Cases_page/Filter/FilterByCases_Facet' is clickable

2022-03-02 15:56:41 - [MESSAGE][PASSED] - Object 'Object Repository/Bento/Cases_page/Filter/FilterByCases_Facet' is clickable

2022-03-02 15:56:41 - [TEST_STEP][PASSED] - ctdc.utilities.runtestcaseforKatalon.clickTab("Bento/Cases_page/Filter/FilterByCases_Facet"): ctdc.utilities.runtestcaseforKatalon.clickTab is PASSED

2022-03-02 15:56:41 - [MESSAGE][PASSED] - ctdc.utilities.runtestcaseforKatalon.clickTab is PASSED

2022-03-02 15:56:41 - [TEST_STEP][PASSED] - waitForElementClickable(findTestObject("Bento/Cases_page/Filter/EndocrineTherapy/ENDOCRINETHERAPY_Ddn"), 5): Object 'Object Repository/Bento/Cases_page/Filter/EndocrineTherapy/ENDOCRINETHERAPY_Ddn' is clickable

2022-03-02 15:56:41 - [MESSAGE][PASSED] - Object 'Object Repository/Bento/Cases_page/Filter/EndocrineTherapy/ENDOCRINETHERAPY_Ddn' is clickable

2022-03-02 15:56:41 - [TEST_STEP][PASSED] - ctdc.utilities.runtestcaseforKatalon.clickTab("Bento/Cases_page/Filter/EndocrineTherapy/ENDOCRINETHERAPY_Ddn"): ctdc.utilities.runtestcaseforKatalon.clickTab is PASSED

2022-03-02 15:56:41 - [MESSAGE][PASSED] - ctdc.utilities.runtestcaseforKatalon.clickTab is PASSED

2022-03-02 15:56:41 - [TEST_STEP][PASSED] - ctdc.utilities.runtestcaseforKatalon.clickTab("Object Repository/Bento/Cases_page/Filter/EndocrineTherapy/Tam_Chkbx"): ctdc.utilities.runtestcaseforKatalon.clickTab is PASSED

2022-03-02 15:56:42 - [MESSAGE][PASSED] - ctdc.utilities.runtestcaseforKatalon.clickTab is PASSED

2022-03-02 15:56:42 - [TEST_STEP][PASSED] - ctdc.utilities.runtestcaseforKatalon.clickTab("Object Repository/Bento/Cases_page/Filter/EndocrineTherapy/ENDOCRINETHERAPY_Ddn"): ctdc.utilities.runtestcaseforKatalon.clickTab is PASSED

2022-03-02 15:56:42 - [MESSAGE][PASSED] - ctdc.utilities.runtestcaseforKatalon.clickTab is PASSED

2022-03-02 15:56:42 - [TEST_STEP][PASSED] - ctdc.utilities.runtestcaseforKatalon.readStatBarBento("Object Repository/Bento/StatBar/Bento_StatBar-Programs", "Object Repository/Bento/StatBar/Bento_StatBar-Arms", "Object Repository/Bento/StatBar/Bento_StatBar-Cases", "Object Repository/Bento/StatBar/Bento_StatBar-Samples", "Object Repository/Bento/StatBar/Bento_StatBar-Assays", "Object Repository/Bento/StatBar/Bento_StatBar-Files"): ctdc.utilities.runtestcaseforKatalon.readStatBarBento is PASSED

2022-03-02 15:56:51 - [MESSAGE][PASSED] - ctdc.utilities.runtestcaseforKatalon.readStatBarBento is PASSED

2022-03-02 15:56:51 - [TEST_STEP][PASSED] - waitForElementPresent(findTestObject("Object Repository/Bento/Cases_page/BentoResults_Cases_Tab"), 5): Object 'Object Repository/Bento/Cases_page/BentoResults_Cases_Tab' is present

2022-03-02 15:56:51 - [MESSAGE][PASSED] - Object 'Object Repository/Bento/Cases_page/BentoResults_Cases_Tab' is present

2022-03-02 15:56:51 - [TEST_STEP][PASSED] - ctdc.utilities.runtestcaseforKatalon.clickTab("Object Repository/Bento/Cases_page/BentoResults_Cases_Tab"): ctdc.utilities.runtestcaseforKatalon.clickTab is PASSED

2022-03-02 15:56:51 - [MESSAGE][PASSED] - ctdc.utilities.runtestcaseforKatalon.clickTab is PASSED

2022-03-02 15:56:51 - [TEST_STEP][PASSED] - ctdc.utilities.runtestcaseforKatalon.multiFunction("Bento", G_StatBar_Cases, "Object Repository/Bento/Cases_page/Bento_CasesTable", "Object Repository/Bento/Cases_page/Bento_CasesTableHeader", "Object Repository/Bento/Cases_page/Bento_CasesTabNextBtn", G_WebTabnameCases, G_CypherTabnameCases, G_QueryCasesTab): Statbar Files count matches

2022-03-02 15:59:26 - [MESSAGE][PASSED] - Statbar Programs count matches

2022-03-02 15:59:26 - [MESSAGE][PASSED] - Statbar Arms count matches

2022-03-02 15:59:26 - [MESSAGE][PASSED] - Statbar Cases count matches

2022-03-02 15:59:26 - [MESSAGE][PASSED] - Statbar Samples count matches

2022-03-02 15:59:26 - [MESSAGE][PASSED] - Statbar Assays count matches

2022-03-02 15:59:26 - [MESSAGE][PASSED] - Statbar Files count matches

2022-03-02 15:59:26 - [TEST_STEP][PASSED] - closeBrowser(): Browser is closed

2022-03-02 15:59:27 - [MESSAGE][PASSED] - Browser is closed]]></system-out>
         <system-err><![CDATA[]]></system-err>
      </testcase>
      <testcase name="Test Cases/Bento_TestCases/ERStatus/TC01_Bento_Filter_ERStatus-Negative" time="46.343" classname="Test Cases/Bento_TestCases/ERStatus/TC01_Bento_Filter_ERStatus-Negative" status="PASSED">
         <system-out><![CDATA[2022-03-02 15:59:27 - [TEST_CASE][PASSED] - Test Cases/Bento_TestCases/ERStatus/TC01_Bento_Filter_ERStatus-Negative: Test Cases/Bento_TestCases/ERStatus/TC01_Bento_Filter_ERStatus-Negative

2022-03-02 15:59:27 - [TEST_STEP][PASSED] - Start listener action : getTestScriptName: null

2022-03-02 15:59:27 - [TEST_STEP][PASSED] - TestCaseId = testCaseContext.getTestCaseId(): null

2022-03-02 15:59:27 - [TEST_STEP][PASSED] - out.println("**********this is the value of test case id string******** " + testCaseContext.getTestCaseId()): null

2022-03-02 15:59:27 - [TEST_STEP][PASSED] - G_currentTCName = TestCaseId.substring(TestCaseId.lastIndexOf("TC")): null

2022-03-02 15:59:27 - [TEST_STEP][PASSED] - out.println("This is the test case name : " + G_currentTCName): null

2022-03-02 15:59:28 - [TEST_STEP][PASSED] - closeBrowser(): Browser is closed

2022-03-02 15:59:28 - [MESSAGE][PASSED] - Browser is closed

2022-03-02 15:59:28 - [TEST_STEP][PASSED] - ctdc.utilities.runtestcaseforKatalon.RunKatalon("TC01_Bento_Filter_ERStatus-Negative.xlsx"): Data loaded from input file for the test case. 

2022-03-02 15:59:28 - [MESSAGE][PASSED] - Test case file loaded This is the full filepath after converting to string :C:\Users\sohilz2\Commons_Automation\InputFiles\TC01_Bento_Filter_ERStatus-Negative.xlsx

2022-03-02 15:59:28 - [MESSAGE][INFO] - Global variable set for password file is :  C:\Users\sohilz2\Commons_Automation\InputFiles\TC01_Bento_Filter_ERStatus-Negative.xlsx

2022-03-02 15:59:32 - [MESSAGE][PASSED] - Data loaded from input file for the test case. 

2022-03-02 15:59:39 - [TEST_STEP][PASSED] - waitForElementClickable(findTestObject("Object Repository/Bento/NavBar/Bento_Cases-Btn"), 5): Object 'Object Repository/Bento/NavBar/Bento_Cases-Btn' is clickable

2022-03-02 15:59:39 - [MESSAGE][PASSED] - Object 'Object Repository/Bento/NavBar/Bento_Cases-Btn' is clickable

2022-03-02 15:59:39 - [TEST_STEP][PASSED] - ctdc.utilities.runtestcaseforKatalon.clickTab("Object Repository/Bento/NavBar/Bento_Cases-Btn"): ctdc.utilities.runtestcaseforKatalon.clickTab is PASSED

2022-03-02 15:59:39 - [MESSAGE][PASSED] - ctdc.utilities.runtestcaseforKatalon.clickTab is PASSED

2022-03-02 15:59:39 - [TEST_STEP][PASSED] - waitForElementClickable(findTestObject("Bento/Cases_page/Filter/FilterByCases_Facet"), 5): Object 'Object Repository/Bento/Cases_page/Filter/FilterByCases_Facet' is clickable

2022-03-02 15:59:40 - [MESSAGE][PASSED] - Object 'Object Repository/Bento/Cases_page/Filter/FilterByCases_Facet' is clickable

2022-03-02 15:59:40 - [TEST_STEP][PASSED] - ctdc.utilities.runtestcaseforKatalon.clickTab("Bento/Cases_page/Filter/FilterByCases_Facet"): ctdc.utilities.runtestcaseforKatalon.clickTab is PASSED

2022-03-02 15:59:40 - [MESSAGE][PASSED] - ctdc.utilities.runtestcaseforKatalon.clickTab is PASSED

2022-03-02 15:59:40 - [TEST_STEP][PASSED] - waitForElementClickable(findTestObject("Bento/Cases_page/Filter/ERStatus/ERStatus_Ddn"), 5): Object 'Object Repository/Bento/Cases_page/Filter/ERStatus/ERStatus_Ddn' is clickable

2022-03-02 15:59:40 - [MESSAGE][PASSED] - Object 'Object Repository/Bento/Cases_page/Filter/ERStatus/ERStatus_Ddn' is clickable

2022-03-02 15:59:40 - [TEST_STEP][PASSED] - ctdc.utilities.runtestcaseforKatalon.clickTab("Bento/Cases_page/Filter/ERStatus/ERStatus_Ddn"): ctdc.utilities.runtestcaseforKatalon.clickTab is PASSED

2022-03-02 15:59:40 - [MESSAGE][PASSED] - ctdc.utilities.runtestcaseforKatalon.clickTab is PASSED

2022-03-02 15:59:40 - [TEST_STEP][PASSED] - ctdc.utilities.runtestcaseforKatalon.clickTab("Object Repository/Bento/Cases_page/Filter/ERStatus/Negative_Chkbx"): ctdc.utilities.runtestcaseforKatalon.clickTab is PASSED

2022-03-02 15:59:41 - [MESSAGE][PASSED] - ctdc.utilities.runtestcaseforKatalon.clickTab is PASSED

2022-03-02 15:59:41 - [TEST_STEP][PASSED] - ctdc.utilities.runtestcaseforKatalon.clickTab("Object Repository/Bento/Cases_page/Filter/ERStatus/ERStatus_Ddn"): ctdc.utilities.runtestcaseforKatalon.clickTab is PASSED

2022-03-02 15:59:41 - [MESSAGE][PASSED] - ctdc.utilities.runtestcaseforKatalon.clickTab is PASSED

2022-03-02 15:59:41 - [TEST_STEP][PASSED] - ctdc.utilities.runtestcaseforKatalon.readStatBarBento("Object Repository/Bento/StatBar/Bento_StatBar-Programs", "Object Repository/Bento/StatBar/Bento_StatBar-Arms", "Object Repository/Bento/StatBar/Bento_StatBar-Cases", "Object Repository/Bento/StatBar/Bento_StatBar-Samples", "Object Repository/Bento/StatBar/Bento_StatBar-Assays", "Object Repository/Bento/StatBar/Bento_StatBar-Files"): ctdc.utilities.runtestcaseforKatalon.readStatBarBento is PASSED

2022-03-02 15:59:49 - [MESSAGE][PASSED] - ctdc.utilities.runtestcaseforKatalon.readStatBarBento is PASSED

2022-03-02 15:59:49 - [TEST_STEP][PASSED] - waitForElementPresent(findTestObject("Object Repository/Bento/Cases_page/BentoResults_Cases_Tab"), 5): Object 'Object Repository/Bento/Cases_page/BentoResults_Cases_Tab' is present

2022-03-02 15:59:49 - [MESSAGE][PASSED] - Object 'Object Repository/Bento/Cases_page/BentoResults_Cases_Tab' is present

2022-03-02 15:59:49 - [TEST_STEP][PASSED] - ctdc.utilities.runtestcaseforKatalon.clickTab("Object Repository/Bento/Cases_page/BentoResults_Cases_Tab"): ctdc.utilities.runtestcaseforKatalon.clickTab is PASSED

2022-03-02 15:59:50 - [MESSAGE][PASSED] - ctdc.utilities.runtestcaseforKatalon.clickTab is PASSED

2022-03-02 15:59:50 - [TEST_STEP][PASSED] - ctdc.utilities.runtestcaseforKatalon.multiFunction("Bento", G_StatBar_Cases, "Object Repository/Bento/Cases_page/Bento_CasesTable", "Object Repository/Bento/Cases_page/Bento_CasesTableHeader", "Object Repository/Bento/Cases_page/Bento_CasesTabNextBtn", G_WebTabnameCases, G_CypherTabnameCases, G_QueryCasesTab): Statbar Files count matches

2022-03-02 16:00:13 - [MESSAGE][PASSED] - Statbar Programs count matches

2022-03-02 16:00:13 - [MESSAGE][PASSED] - Statbar Arms count matches

2022-03-02 16:00:13 - [MESSAGE][PASSED] - Statbar Cases count matches

2022-03-02 16:00:13 - [MESSAGE][PASSED] - Statbar Samples count matches

2022-03-02 16:00:13 - [MESSAGE][PASSED] - Statbar Assays count matches

2022-03-02 16:00:13 - [MESSAGE][PASSED] - Statbar Files count matches

2022-03-02 16:00:13 - [TEST_STEP][PASSED] - closeBrowser(): Browser is closed

2022-03-02 16:00:13 - [MESSAGE][PASSED] - Browser is closed]]></system-out>
         <system-err><![CDATA[]]></system-err>
      </testcase>
      <testcase name="Test Cases/Bento_TestCases/ERStatus/TC02_Bento_Filter_ERStatus-NotReported" time="45.807" classname="Test Cases/Bento_TestCases/ERStatus/TC02_Bento_Filter_ERStatus-NotReported" status="PASSED">
         <system-out><![CDATA[2022-03-02 16:00:13 - [TEST_CASE][PASSED] - Test Cases/Bento_TestCases/ERStatus/TC02_Bento_Filter_ERStatus-NotReported: Test Cases/Bento_TestCases/ERStatus/TC02_Bento_Filter_ERStatus-NotReported

2022-03-02 16:00:13 - [TEST_STEP][PASSED] - Start listener action : getTestScriptName: null

2022-03-02 16:00:13 - [TEST_STEP][PASSED] - TestCaseId = testCaseContext.getTestCaseId(): null

2022-03-02 16:00:13 - [TEST_STEP][PASSED] - out.println("**********this is the value of test case id string******** " + testCaseContext.getTestCaseId()): null

2022-03-02 16:00:13 - [TEST_STEP][PASSED] - G_currentTCName = TestCaseId.substring(TestCaseId.lastIndexOf("TC")): null

2022-03-02 16:00:13 - [TEST_STEP][PASSED] - out.println("This is the test case name : " + G_currentTCName): null

2022-03-02 16:00:14 - [TEST_STEP][PASSED] - closeBrowser(): Browser is closed

2022-03-02 16:00:14 - [MESSAGE][PASSED] - Browser is closed

2022-03-02 16:00:14 - [TEST_STEP][PASSED] - ctdc.utilities.runtestcaseforKatalon.RunKatalon("TC02_Bento_Filter_ERStatus-NotReported.xlsx"): Data loaded from input file for the test case. 

2022-03-02 16:00:14 - [MESSAGE][PASSED] - Test case file loaded This is the full filepath after converting to string :C:\Users\sohilz2\Commons_Automation\InputFiles\TC02_Bento_Filter_ERStatus-NotReported.xlsx

2022-03-02 16:00:14 - [MESSAGE][INFO] - Global variable set for password file is :  C:\Users\sohilz2\Commons_Automation\InputFiles\TC02_Bento_Filter_ERStatus-NotReported.xlsx

2022-03-02 16:00:18 - [MESSAGE][PASSED] - Data loaded from input file for the test case. 

2022-03-02 16:00:25 - [TEST_STEP][PASSED] - waitForElementClickable(findTestObject("Object Repository/Bento/NavBar/Bento_Cases-Btn"), 5): Object 'Object Repository/Bento/NavBar/Bento_Cases-Btn' is clickable

2022-03-02 16:00:25 - [MESSAGE][PASSED] - Object 'Object Repository/Bento/NavBar/Bento_Cases-Btn' is clickable

2022-03-02 16:00:25 - [TEST_STEP][PASSED] - ctdc.utilities.runtestcaseforKatalon.clickTab("Object Repository/Bento/NavBar/Bento_Cases-Btn"): ctdc.utilities.runtestcaseforKatalon.clickTab is PASSED

2022-03-02 16:00:25 - [MESSAGE][PASSED] - ctdc.utilities.runtestcaseforKatalon.clickTab is PASSED

2022-03-02 16:00:25 - [TEST_STEP][PASSED] - waitForElementClickable(findTestObject("Bento/Cases_page/Filter/FilterByCases_Facet"), 5): Object 'Object Repository/Bento/Cases_page/Filter/FilterByCases_Facet' is clickable

2022-03-02 16:00:26 - [MESSAGE][PASSED] - Object 'Object Repository/Bento/Cases_page/Filter/FilterByCases_Facet' is clickable

2022-03-02 16:00:26 - [TEST_STEP][PASSED] - ctdc.utilities.runtestcaseforKatalon.clickTab("Bento/Cases_page/Filter/FilterByCases_Facet"): ctdc.utilities.runtestcaseforKatalon.clickTab is PASSED

2022-03-02 16:00:26 - [MESSAGE][PASSED] - ctdc.utilities.runtestcaseforKatalon.clickTab is PASSED

2022-03-02 16:00:26 - [TEST_STEP][PASSED] - waitForElementClickable(findTestObject("Bento/Cases_page/Filter/ERStatus/ERStatus_Ddn"), 5): Object 'Object Repository/Bento/Cases_page/Filter/ERStatus/ERStatus_Ddn' is clickable

2022-03-02 16:00:26 - [MESSAGE][PASSED] - Object 'Object Repository/Bento/Cases_page/Filter/ERStatus/ERStatus_Ddn' is clickable

2022-03-02 16:00:26 - [TEST_STEP][PASSED] - ctdc.utilities.runtestcaseforKatalon.clickTab("Bento/Cases_page/Filter/ERStatus/ERStatus_Ddn"): ctdc.utilities.runtestcaseforKatalon.clickTab is PASSED

2022-03-02 16:00:26 - [MESSAGE][PASSED] - ctdc.utilities.runtestcaseforKatalon.clickTab is PASSED

2022-03-02 16:00:26 - [TEST_STEP][PASSED] - ctdc.utilities.runtestcaseforKatalon.clickTab("Object Repository/Bento/Cases_page/Filter/ERStatus/NotReported_Chkbx"): ctdc.utilities.runtestcaseforKatalon.clickTab is PASSED

2022-03-02 16:00:27 - [MESSAGE][PASSED] - ctdc.utilities.runtestcaseforKatalon.clickTab is PASSED

2022-03-02 16:00:27 - [TEST_STEP][PASSED] - ctdc.utilities.runtestcaseforKatalon.clickTab("Object Repository/Bento/Cases_page/Filter/ERStatus/ERStatus_Ddn"): ctdc.utilities.runtestcaseforKatalon.clickTab is PASSED

2022-03-02 16:00:27 - [MESSAGE][PASSED] - ctdc.utilities.runtestcaseforKatalon.clickTab is PASSED

2022-03-02 16:00:27 - [TEST_STEP][PASSED] - ctdc.utilities.runtestcaseforKatalon.readStatBarBento("Object Repository/Bento/StatBar/Bento_StatBar-Programs", "Object Repository/Bento/StatBar/Bento_StatBar-Arms", "Object Repository/Bento/StatBar/Bento_StatBar-Cases", "Object Repository/Bento/StatBar/Bento_StatBar-Samples", "Object Repository/Bento/StatBar/Bento_StatBar-Assays", "Object Repository/Bento/StatBar/Bento_StatBar-Files"): ctdc.utilities.runtestcaseforKatalon.readStatBarBento is PASSED

2022-03-02 16:00:35 - [MESSAGE][PASSED] - ctdc.utilities.runtestcaseforKatalon.readStatBarBento is PASSED

2022-03-02 16:00:35 - [TEST_STEP][PASSED] - waitForElementPresent(findTestObject("Object Repository/Bento/Cases_page/BentoResults_Cases_Tab"), 5): Object 'Object Repository/Bento/Cases_page/BentoResults_Cases_Tab' is present

2022-03-02 16:00:36 - [MESSAGE][PASSED] - Object 'Object Repository/Bento/Cases_page/BentoResults_Cases_Tab' is present

2022-03-02 16:00:36 - [TEST_STEP][PASSED] - ctdc.utilities.runtestcaseforKatalon.clickTab("Object Repository/Bento/Cases_page/BentoResults_Cases_Tab"): ctdc.utilities.runtestcaseforKatalon.clickTab is PASSED

2022-03-02 16:00:36 - [MESSAGE][PASSED] - ctdc.utilities.runtestcaseforKatalon.clickTab is PASSED

2022-03-02 16:00:36 - [TEST_STEP][PASSED] - ctdc.utilities.runtestcaseforKatalon.multiFunction("Bento", G_StatBar_Cases, "Object Repository/Bento/Cases_page/Bento_CasesTable", "Object Repository/Bento/Cases_page/Bento_CasesTableHeader", "Object Repository/Bento/Cases_page/Bento_CasesTabNextBtn", G_WebTabnameCases, G_CypherTabnameCases, G_QueryCasesTab): Statbar Files count matches

2022-03-02 16:00:59 - [MESSAGE][PASSED] - Statbar Programs count matches

2022-03-02 16:00:59 - [MESSAGE][PASSED] - Statbar Arms count matches

2022-03-02 16:00:59 - [MESSAGE][PASSED] - Statbar Cases count matches

2022-03-02 16:00:59 - [MESSAGE][PASSED] - Statbar Samples count matches

2022-03-02 16:00:59 - [MESSAGE][PASSED] - Statbar Assays count matches

2022-03-02 16:00:59 - [MESSAGE][PASSED] - Statbar Files count matches

2022-03-02 16:00:59 - [TEST_STEP][PASSED] - closeBrowser(): Browser is closed

2022-03-02 16:00:59 - [MESSAGE][PASSED] - Browser is closed]]></system-out>
         <system-err><![CDATA[]]></system-err>
      </testcase>
      <testcase name="Test Cases/Bento_TestCases/MenopauseStatus/TC01_Bento_Filter_MenoStatus-Post" time="567.518" classname="Test Cases/Bento_TestCases/MenopauseStatus/TC01_Bento_Filter_MenoStatus-Post" status="PASSED">
         <system-out><![CDATA[2022-03-02 16:00:59 - [TEST_CASE][PASSED] - Test Cases/Bento_TestCases/MenopauseStatus/TC01_Bento_Filter_MenoStatus-Post: Test Cases/Bento_TestCases/MenopauseStatus/TC01_Bento_Filter_MenoStatus-Post

2022-03-02 16:00:59 - [TEST_STEP][PASSED] - Start listener action : getTestScriptName: null

2022-03-02 16:00:59 - [TEST_STEP][PASSED] - TestCaseId = testCaseContext.getTestCaseId(): null

2022-03-02 16:00:59 - [TEST_STEP][PASSED] - out.println("**********this is the value of test case id string******** " + testCaseContext.getTestCaseId()): null

2022-03-02 16:00:59 - [TEST_STEP][PASSED] - G_currentTCName = TestCaseId.substring(TestCaseId.lastIndexOf("TC")): null

2022-03-02 16:00:59 - [TEST_STEP][PASSED] - out.println("This is the test case name : " + G_currentTCName): null

2022-03-02 16:01:00 - [TEST_STEP][PASSED] - closeBrowser(): Browser is closed

2022-03-02 16:01:00 - [MESSAGE][PASSED] - Browser is closed

2022-03-02 16:01:00 - [TEST_STEP][PASSED] - ctdc.utilities.runtestcaseforKatalon.RunKatalon("TC01_Bento_Filter_MenoStatus-Post.xlsx"): Data loaded from input file for the test case. 

2022-03-02 16:01:00 - [MESSAGE][PASSED] - Test case file loaded This is the full filepath after converting to string :C:\Users\sohilz2\Commons_Automation\InputFiles\TC01_Bento_Filter_MenoStatus-Post.xlsx

2022-03-02 16:01:00 - [MESSAGE][INFO] - Global variable set for password file is :  C:\Users\sohilz2\Commons_Automation\InputFiles\TC01_Bento_Filter_MenoStatus-Post.xlsx

2022-03-02 16:01:04 - [MESSAGE][PASSED] - Data loaded from input file for the test case. 

2022-03-02 16:01:11 - [TEST_STEP][PASSED] - waitForElementClickable(findTestObject("Object Repository/Bento/NavBar/Bento_Cases-Btn"), 5): Object 'Object Repository/Bento/NavBar/Bento_Cases-Btn' is clickable

2022-03-02 16:01:11 - [MESSAGE][PASSED] - Object 'Object Repository/Bento/NavBar/Bento_Cases-Btn' is clickable

2022-03-02 16:01:11 - [TEST_STEP][PASSED] - ctdc.utilities.runtestcaseforKatalon.clickTab("Object Repository/Bento/NavBar/Bento_Cases-Btn"): ctdc.utilities.runtestcaseforKatalon.clickTab is PASSED

2022-03-02 16:01:11 - [MESSAGE][PASSED] - ctdc.utilities.runtestcaseforKatalon.clickTab is PASSED

2022-03-02 16:01:11 - [TEST_STEP][PASSED] - waitForElementClickable(findTestObject("Bento/Cases_page/Filter/FilterByCases_Facet"), 5): Object 'Object Repository/Bento/Cases_page/Filter/FilterByCases_Facet' is clickable

2022-03-02 16:01:12 - [MESSAGE][PASSED] - Object 'Object Repository/Bento/Cases_page/Filter/FilterByCases_Facet' is clickable

2022-03-02 16:01:12 - [TEST_STEP][PASSED] - ctdc.utilities.runtestcaseforKatalon.clickTab("Bento/Cases_page/Filter/FilterByCases_Facet"): ctdc.utilities.runtestcaseforKatalon.clickTab is PASSED

2022-03-02 16:01:12 - [MESSAGE][PASSED] - ctdc.utilities.runtestcaseforKatalon.clickTab is PASSED

2022-03-02 16:01:12 - [TEST_STEP][PASSED] - waitForElementClickable(findTestObject("Bento/Cases_page/Filter/MenopauseStatus/MenopauseStatus_Ddn"), 5): Object 'Object Repository/Bento/Cases_page/Filter/MenopauseStatus/MenopauseStatus_Ddn' is clickable

2022-03-02 16:01:12 - [MESSAGE][PASSED] - Object 'Object Repository/Bento/Cases_page/Filter/MenopauseStatus/MenopauseStatus_Ddn' is clickable

2022-03-02 16:01:12 - [TEST_STEP][PASSED] - ctdc.utilities.runtestcaseforKatalon.clickTab("Bento/Cases_page/Filter/MenopauseStatus/MenopauseStatus_Ddn"): ctdc.utilities.runtestcaseforKatalon.clickTab is PASSED

2022-03-02 16:01:12 - [MESSAGE][PASSED] - ctdc.utilities.runtestcaseforKatalon.clickTab is PASSED

2022-03-02 16:01:12 - [TEST_STEP][PASSED] - ctdc.utilities.runtestcaseforKatalon.clickTab("Object Repository/Bento/Cases_page/Filter/MenopauseStatus/Post_Chkbx"): ctdc.utilities.runtestcaseforKatalon.clickTab is PASSED

2022-03-02 16:01:12 - [MESSAGE][PASSED] - ctdc.utilities.runtestcaseforKatalon.clickTab is PASSED

2022-03-02 16:01:12 - [TEST_STEP][PASSED] - ctdc.utilities.runtestcaseforKatalon.clickTab("Object Repository/Bento/Cases_page/Filter/MenopauseStatus/MenopauseStatus_Ddn"): ctdc.utilities.runtestcaseforKatalon.clickTab is PASSED

2022-03-02 16:01:13 - [MESSAGE][PASSED] - ctdc.utilities.runtestcaseforKatalon.clickTab is PASSED

2022-03-02 16:01:13 - [TEST_STEP][PASSED] - ctdc.utilities.runtestcaseforKatalon.readStatBarBento("Object Repository/Bento/StatBar/Bento_StatBar-Programs", "Object Repository/Bento/StatBar/Bento_StatBar-Arms", "Object Repository/Bento/StatBar/Bento_StatBar-Cases", "Object Repository/Bento/StatBar/Bento_StatBar-Samples", "Object Repository/Bento/StatBar/Bento_StatBar-Assays", "Object Repository/Bento/StatBar/Bento_StatBar-Files"): ctdc.utilities.runtestcaseforKatalon.readStatBarBento is PASSED

2022-03-02 16:01:21 - [MESSAGE][PASSED] - ctdc.utilities.runtestcaseforKatalon.readStatBarBento is PASSED

2022-03-02 16:01:21 - [TEST_STEP][PASSED] - waitForElementPresent(findTestObject("Object Repository/Bento/Cases_page/BentoResults_Cases_Tab"), 5): Object 'Object Repository/Bento/Cases_page/BentoResults_Cases_Tab' is present

2022-03-02 16:01:21 - [MESSAGE][PASSED] - Object 'Object Repository/Bento/Cases_page/BentoResults_Cases_Tab' is present

2022-03-02 16:01:21 - [TEST_STEP][PASSED] - ctdc.utilities.runtestcaseforKatalon.clickTab("Object Repository/Bento/Cases_page/BentoResults_Cases_Tab"): ctdc.utilities.runtestcaseforKatalon.clickTab is PASSED

2022-03-02 16:01:22 - [MESSAGE][PASSED] - ctdc.utilities.runtestcaseforKatalon.clickTab is PASSED

2022-03-02 16:01:22 - [TEST_STEP][PASSED] - ctdc.utilities.runtestcaseforKatalon.multiFunction("Bento", G_StatBar_Cases, "Object Repository/Bento/Cases_page/Bento_CasesTable", "Object Repository/Bento/Cases_page/Bento_CasesTableHeader", "Object Repository/Bento/Cases_page/Bento_CasesTabNextBtn", G_WebTabnameCases, G_CypherTabnameCases, G_QueryCasesTab): Statbar Files count matches

2022-03-02 16:10:26 - [MESSAGE][PASSED] - Statbar Programs count matches

2022-03-02 16:10:26 - [MESSAGE][PASSED] - Statbar Arms count matches

2022-03-02 16:10:26 - [MESSAGE][PASSED] - Statbar Cases count matches

2022-03-02 16:10:26 - [MESSAGE][PASSED] - Statbar Samples count matches

2022-03-02 16:10:26 - [MESSAGE][PASSED] - Statbar Assays count matches

2022-03-02 16:10:26 - [MESSAGE][PASSED] - Statbar Files count matches

2022-03-02 16:10:26 - [TEST_STEP][PASSED] - closeBrowser(): Browser is closed

2022-03-02 16:10:27 - [MESSAGE][PASSED] - Browser is closed]]></system-out>
         <system-err><![CDATA[]]></system-err>
      </testcase>
      <testcase name="Test Cases/Bento_TestCases/PRStatus/TC01_Bento_Filter_PRStatus-Negative" time="103.775" classname="Test Cases/Bento_TestCases/PRStatus/TC01_Bento_Filter_PRStatus-Negative" status="PASSED">
         <system-out><![CDATA[2022-03-02 16:10:27 - [TEST_CASE][PASSED] - Test Cases/Bento_TestCases/PRStatus/TC01_Bento_Filter_PRStatus-Negative: Test Cases/Bento_TestCases/PRStatus/TC01_Bento_Filter_PRStatus-Negative

2022-03-02 16:10:27 - [TEST_STEP][PASSED] - Start listener action : getTestScriptName: null

2022-03-02 16:10:27 - [TEST_STEP][PASSED] - TestCaseId = testCaseContext.getTestCaseId(): null

2022-03-02 16:10:27 - [TEST_STEP][PASSED] - out.println("**********this is the value of test case id string******** " + testCaseContext.getTestCaseId()): null

2022-03-02 16:10:27 - [TEST_STEP][PASSED] - G_currentTCName = TestCaseId.substring(TestCaseId.lastIndexOf("TC")): null

2022-03-02 16:10:27 - [TEST_STEP][PASSED] - out.println("This is the test case name : " + G_currentTCName): null

2022-03-02 16:10:27 - [TEST_STEP][PASSED] - closeBrowser(): Browser is closed

2022-03-02 16:10:27 - [MESSAGE][PASSED] - Browser is closed

2022-03-02 16:10:27 - [TEST_STEP][PASSED] - ctdc.utilities.runtestcaseforKatalon.RunKatalon("TC01_Bento_Filter_PRStatus-Negative.xlsx"): Data loaded from input file for the test case. 

2022-03-02 16:10:27 - [MESSAGE][PASSED] - Test case file loaded This is the full filepath after converting to string :C:\Users\sohilz2\Commons_Automation\InputFiles\TC01_Bento_Filter_PRStatus-Negative.xlsx

2022-03-02 16:10:27 - [MESSAGE][INFO] - Global variable set for password file is :  C:\Users\sohilz2\Commons_Automation\InputFiles\TC01_Bento_Filter_PRStatus-Negative.xlsx

2022-03-02 16:10:31 - [MESSAGE][PASSED] - Data loaded from input file for the test case. 

2022-03-02 16:10:38 - [TEST_STEP][PASSED] - waitForElementClickable(findTestObject("Object Repository/Bento/NavBar/Bento_Cases-Btn"), 5): Object 'Object Repository/Bento/NavBar/Bento_Cases-Btn' is clickable

2022-03-02 16:10:38 - [MESSAGE][PASSED] - Object 'Object Repository/Bento/NavBar/Bento_Cases-Btn' is clickable

2022-03-02 16:10:38 - [TEST_STEP][PASSED] - ctdc.utilities.runtestcaseforKatalon.clickTab("Object Repository/Bento/NavBar/Bento_Cases-Btn"): ctdc.utilities.runtestcaseforKatalon.clickTab is PASSED

2022-03-02 16:10:39 - [MESSAGE][PASSED] - ctdc.utilities.runtestcaseforKatalon.clickTab is PASSED

2022-03-02 16:10:39 - [TEST_STEP][PASSED] - waitForElementClickable(findTestObject("Bento/Cases_page/Filter/FilterByCases_Facet"), 5): Object 'Object Repository/Bento/Cases_page/Filter/FilterByCases_Facet' is clickable

2022-03-02 16:10:39 - [MESSAGE][PASSED] - Object 'Object Repository/Bento/Cases_page/Filter/FilterByCases_Facet' is clickable

2022-03-02 16:10:39 - [TEST_STEP][PASSED] - ctdc.utilities.runtestcaseforKatalon.clickTab("Bento/Cases_page/Filter/FilterByCases_Facet"): ctdc.utilities.runtestcaseforKatalon.clickTab is PASSED

2022-03-02 16:10:39 - [MESSAGE][PASSED] - ctdc.utilities.runtestcaseforKatalon.clickTab is PASSED

2022-03-02 16:10:39 - [TEST_STEP][PASSED] - waitForElementClickable(findTestObject("Bento/Cases_page/Filter/PRStatus/PRStatus_Ddn"), 5): Object 'Object Repository/Bento/Cases_page/Filter/PRStatus/PRStatus_Ddn' is clickable

2022-03-02 16:10:39 - [MESSAGE][PASSED] - Object 'Object Repository/Bento/Cases_page/Filter/PRStatus/PRStatus_Ddn' is clickable

2022-03-02 16:10:39 - [TEST_STEP][PASSED] - ctdc.utilities.runtestcaseforKatalon.clickTab("Bento/Cases_page/Filter/PRStatus/PRStatus_Ddn"): ctdc.utilities.runtestcaseforKatalon.clickTab is PASSED

2022-03-02 16:10:40 - [MESSAGE][PASSED] - ctdc.utilities.runtestcaseforKatalon.clickTab is PASSED

2022-03-02 16:10:40 - [TEST_STEP][PASSED] - ctdc.utilities.runtestcaseforKatalon.clickTab("Object Repository/Bento/Cases_page/Filter/PRStatus/Negative_Chkbx"): ctdc.utilities.runtestcaseforKatalon.clickTab is PASSED

2022-03-02 16:10:40 - [MESSAGE][PASSED] - ctdc.utilities.runtestcaseforKatalon.clickTab is PASSED

2022-03-02 16:10:40 - [TEST_STEP][PASSED] - ctdc.utilities.runtestcaseforKatalon.clickTab("Object Repository/Bento/Cases_page/Filter/PRStatus/PRStatus_Ddn"): ctdc.utilities.runtestcaseforKatalon.clickTab is PASSED

2022-03-02 16:10:40 - [MESSAGE][PASSED] - ctdc.utilities.runtestcaseforKatalon.clickTab is PASSED

2022-03-02 16:10:40 - [TEST_STEP][PASSED] - ctdc.utilities.runtestcaseforKatalon.readStatBarBento("Object Repository/Bento/StatBar/Bento_StatBar-Programs", "Object Repository/Bento/StatBar/Bento_StatBar-Arms", "Object Repository/Bento/StatBar/Bento_StatBar-Cases", "Object Repository/Bento/StatBar/Bento_StatBar-Samples", "Object Repository/Bento/StatBar/Bento_StatBar-Assays", "Object Repository/Bento/StatBar/Bento_StatBar-Files"): ctdc.utilities.runtestcaseforKatalon.readStatBarBento is PASSED

2022-03-02 16:10:49 - [MESSAGE][PASSED] - ctdc.utilities.runtestcaseforKatalon.readStatBarBento is PASSED

2022-03-02 16:10:49 - [TEST_STEP][PASSED] - waitForElementPresent(findTestObject("Object Repository/Bento/Cases_page/BentoResults_Cases_Tab"), 5): Object 'Object Repository/Bento/Cases_page/BentoResults_Cases_Tab' is present

2022-03-02 16:10:49 - [MESSAGE][PASSED] - Object 'Object Repository/Bento/Cases_page/BentoResults_Cases_Tab' is present

2022-03-02 16:10:49 - [TEST_STEP][PASSED] - ctdc.utilities.runtestcaseforKatalon.clickTab("Object Repository/Bento/Cases_page/BentoResults_Cases_Tab"): ctdc.utilities.runtestcaseforKatalon.clickTab is PASSED

2022-03-02 16:10:49 - [MESSAGE][PASSED] - ctdc.utilities.runtestcaseforKatalon.clickTab is PASSED

2022-03-02 16:10:49 - [TEST_STEP][PASSED] - ctdc.utilities.runtestcaseforKatalon.multiFunction("Bento", G_StatBar_Cases, "Object Repository/Bento/Cases_page/Bento_CasesTable", "Object Repository/Bento/Cases_page/Bento_CasesTableHeader", "Object Repository/Bento/Cases_page/Bento_CasesTabNextBtn", G_WebTabnameCases, G_CypherTabnameCases, G_QueryCasesTab): Statbar Files count matches

2022-03-02 16:12:10 - [MESSAGE][PASSED] - Statbar Programs count matches

2022-03-02 16:12:10 - [MESSAGE][PASSED] - Statbar Arms count matches

2022-03-02 16:12:10 - [MESSAGE][PASSED] - Statbar Cases count matches

2022-03-02 16:12:10 - [MESSAGE][PASSED] - Statbar Samples count matches

2022-03-02 16:12:10 - [MESSAGE][PASSED] - Statbar Assays count matches

2022-03-02 16:12:10 - [MESSAGE][PASSED] - Statbar Files count matches

2022-03-02 16:12:10 - [TEST_STEP][PASSED] - closeBrowser(): Browser is closed

2022-03-02 16:12:11 - [MESSAGE][PASSED] - Browser is closed]]></system-out>
         <system-err><![CDATA[]]></system-err>
      </testcase>
      <testcase name="Test Cases/Bento_TestCases/PRStatus/TC02_Bento_Filter_PRStatus-NotReported" time="63.497" classname="Test Cases/Bento_TestCases/PRStatus/TC02_Bento_Filter_PRStatus-NotReported" status="PASSED">
         <system-out><![CDATA[2022-03-02 16:12:11 - [TEST_CASE][PASSED] - Test Cases/Bento_TestCases/PRStatus/TC02_Bento_Filter_PRStatus-NotReported: Test Cases/Bento_TestCases/PRStatus/TC02_Bento_Filter_PRStatus-NotReported

2022-03-02 16:12:11 - [TEST_STEP][PASSED] - Start listener action : getTestScriptName: null

2022-03-02 16:12:11 - [TEST_STEP][PASSED] - TestCaseId = testCaseContext.getTestCaseId(): null

2022-03-02 16:12:11 - [TEST_STEP][PASSED] - out.println("**********this is the value of test case id string******** " + testCaseContext.getTestCaseId()): null

2022-03-02 16:12:11 - [TEST_STEP][PASSED] - G_currentTCName = TestCaseId.substring(TestCaseId.lastIndexOf("TC")): null

2022-03-02 16:12:11 - [TEST_STEP][PASSED] - out.println("This is the test case name : " + G_currentTCName): null

2022-03-02 16:12:11 - [TEST_STEP][PASSED] - closeBrowser(): Browser is closed

2022-03-02 16:12:11 - [MESSAGE][PASSED] - Browser is closed

2022-03-02 16:12:11 - [TEST_STEP][PASSED] - ctdc.utilities.runtestcaseforKatalon.RunKatalon("TC02_Bento_Filter_PRStatus-NotReported.xlsx"): Data loaded from input file for the test case. 

2022-03-02 16:12:11 - [MESSAGE][PASSED] - Test case file loaded This is the full filepath after converting to string :C:\Users\sohilz2\Commons_Automation\InputFiles\TC02_Bento_Filter_PRStatus-NotReported.xlsx

2022-03-02 16:12:11 - [MESSAGE][INFO] - Global variable set for password file is :  C:\Users\sohilz2\Commons_Automation\InputFiles\TC02_Bento_Filter_PRStatus-NotReported.xlsx

2022-03-02 16:12:15 - [MESSAGE][PASSED] - Data loaded from input file for the test case. 

2022-03-02 16:12:22 - [TEST_STEP][PASSED] - waitForElementClickable(findTestObject("Object Repository/Bento/NavBar/Bento_Cases-Btn"), 5): Object 'Object Repository/Bento/NavBar/Bento_Cases-Btn' is clickable

2022-03-02 16:12:23 - [MESSAGE][PASSED] - Object 'Object Repository/Bento/NavBar/Bento_Cases-Btn' is clickable

2022-03-02 16:12:23 - [TEST_STEP][PASSED] - ctdc.utilities.runtestcaseforKatalon.clickTab("Object Repository/Bento/NavBar/Bento_Cases-Btn"): ctdc.utilities.runtestcaseforKatalon.clickTab is PASSED

2022-03-02 16:12:23 - [MESSAGE][PASSED] - ctdc.utilities.runtestcaseforKatalon.clickTab is PASSED

2022-03-02 16:12:23 - [TEST_STEP][PASSED] - waitForElementClickable(findTestObject("Bento/Cases_page/Filter/FilterByCases_Facet"), 5): Object 'Object Repository/Bento/Cases_page/Filter/FilterByCases_Facet' is clickable

2022-03-02 16:12:24 - [MESSAGE][PASSED] - Object 'Object Repository/Bento/Cases_page/Filter/FilterByCases_Facet' is clickable

2022-03-02 16:12:24 - [TEST_STEP][PASSED] - ctdc.utilities.runtestcaseforKatalon.clickTab("Bento/Cases_page/Filter/FilterByCases_Facet"): ctdc.utilities.runtestcaseforKatalon.clickTab is PASSED

2022-03-02 16:12:24 - [MESSAGE][PASSED] - ctdc.utilities.runtestcaseforKatalon.clickTab is PASSED

2022-03-02 16:12:24 - [TEST_STEP][PASSED] - waitForElementClickable(findTestObject("Bento/Cases_page/Filter/PRStatus/PRStatus_Ddn"), 5): Object 'Object Repository/Bento/Cases_page/Filter/PRStatus/PRStatus_Ddn' is clickable

2022-03-02 16:12:24 - [MESSAGE][PASSED] - Object 'Object Repository/Bento/Cases_page/Filter/PRStatus/PRStatus_Ddn' is clickable

2022-03-02 16:12:24 - [TEST_STEP][PASSED] - ctdc.utilities.runtestcaseforKatalon.clickTab("Bento/Cases_page/Filter/PRStatus/PRStatus_Ddn"): ctdc.utilities.runtestcaseforKatalon.clickTab is PASSED

2022-03-02 16:12:24 - [MESSAGE][PASSED] - ctdc.utilities.runtestcaseforKatalon.clickTab is PASSED

2022-03-02 16:12:24 - [TEST_STEP][PASSED] - ctdc.utilities.runtestcaseforKatalon.clickTab("Object Repository/Bento/Cases_page/Filter/PRStatus/NotReported_Chkbx"): ctdc.utilities.runtestcaseforKatalon.clickTab is PASSED

2022-03-02 16:12:24 - [MESSAGE][PASSED] - ctdc.utilities.runtestcaseforKatalon.clickTab is PASSED

2022-03-02 16:12:24 - [TEST_STEP][PASSED] - ctdc.utilities.runtestcaseforKatalon.clickTab("Object Repository/Bento/Cases_page/Filter/PRStatus/PRStatus_Ddn"): ctdc.utilities.runtestcaseforKatalon.clickTab is PASSED

2022-03-02 16:12:25 - [MESSAGE][PASSED] - ctdc.utilities.runtestcaseforKatalon.clickTab is PASSED

2022-03-02 16:12:25 - [TEST_STEP][PASSED] - ctdc.utilities.runtestcaseforKatalon.readStatBarBento("Object Repository/Bento/StatBar/Bento_StatBar-Programs", "Object Repository/Bento/StatBar/Bento_StatBar-Arms", "Object Repository/Bento/StatBar/Bento_StatBar-Cases", "Object Repository/Bento/StatBar/Bento_StatBar-Samples", "Object Repository/Bento/StatBar/Bento_StatBar-Assays", "Object Repository/Bento/StatBar/Bento_StatBar-Files"): ctdc.utilities.runtestcaseforKatalon.readStatBarBento is PASSED

2022-03-02 16:12:34 - [MESSAGE][PASSED] - ctdc.utilities.runtestcaseforKatalon.readStatBarBento is PASSED

2022-03-02 16:12:34 - [TEST_STEP][PASSED] - waitForElementPresent(findTestObject("Object Repository/Bento/Cases_page/BentoResults_Cases_Tab"), 5): Object 'Object Repository/Bento/Cases_page/BentoResults_Cases_Tab' is present

2022-03-02 16:12:34 - [MESSAGE][PASSED] - Object 'Object Repository/Bento/Cases_page/BentoResults_Cases_Tab' is present

2022-03-02 16:12:34 - [TEST_STEP][PASSED] - ctdc.utilities.runtestcaseforKatalon.clickTab("Object Repository/Bento/Cases_page/BentoResults_Cases_Tab"): ctdc.utilities.runtestcaseforKatalon.clickTab is PASSED

2022-03-02 16:12:34 - [MESSAGE][PASSED] - ctdc.utilities.runtestcaseforKatalon.clickTab is PASSED

2022-03-02 16:12:34 - [TEST_STEP][PASSED] - ctdc.utilities.runtestcaseforKatalon.multiFunction("Bento", G_StatBar_Cases, "Object Repository/Bento/Cases_page/Bento_CasesTable", "Object Repository/Bento/Cases_page/Bento_CasesTableHeader", "Object Repository/Bento/Cases_page/Bento_CasesTabNextBtn", G_WebTabnameCases, G_CypherTabnameCases, G_QueryCasesTab): Statbar Files count matches

2022-03-02 16:13:13 - [MESSAGE][PASSED] - Statbar Programs count matches

2022-03-02 16:13:13 - [MESSAGE][PASSED] - Statbar Arms count matches

2022-03-02 16:13:13 - [MESSAGE][PASSED] - Statbar Cases count matches

2022-03-02 16:13:13 - [MESSAGE][PASSED] - Statbar Samples count matches

2022-03-02 16:13:13 - [MESSAGE][PASSED] - Statbar Assays count matches

2022-03-02 16:13:13 - [MESSAGE][PASSED] - Statbar Files count matches

2022-03-02 16:13:13 - [TEST_STEP][PASSED] - closeBrowser(): Browser is closed

2022-03-02 16:13:14 - [MESSAGE][PASSED] - Browser is closed]]></system-out>
         <system-err><![CDATA[]]></system-err>
      </testcase>
      <testcase name="Test Cases/Bento_TestCases/RecurrenceScore/TC01_Bento_Filter_RecurrScore-00-05" time="80.713" classname="Test Cases/Bento_TestCases/RecurrenceScore/TC01_Bento_Filter_RecurrScore-00-05" status="PASSED">
         <system-out><![CDATA[2022-03-02 16:13:14 - [TEST_CASE][PASSED] - Test Cases/Bento_TestCases/RecurrenceScore/TC01_Bento_Filter_RecurrScore-00-05: Test Cases/Bento_TestCases/RecurrenceScore/TC01_Bento_Filter_RecurrScore-00-05

2022-03-02 16:13:14 - [TEST_STEP][PASSED] - Start listener action : getTestScriptName: null

2022-03-02 16:13:14 - [TEST_STEP][PASSED] - TestCaseId = testCaseContext.getTestCaseId(): null

2022-03-02 16:13:14 - [TEST_STEP][PASSED] - out.println("**********this is the value of test case id string******** " + testCaseContext.getTestCaseId()): null

2022-03-02 16:13:14 - [TEST_STEP][PASSED] - G_currentTCName = TestCaseId.substring(TestCaseId.lastIndexOf("TC")): null

2022-03-02 16:13:14 - [TEST_STEP][PASSED] - out.println("This is the test case name : " + G_currentTCName): null

2022-03-02 16:13:15 - [TEST_STEP][PASSED] - closeBrowser(): Browser is closed

2022-03-02 16:13:15 - [MESSAGE][PASSED] - Browser is closed

2022-03-02 16:13:15 - [TEST_STEP][PASSED] - ctdc.utilities.runtestcaseforKatalon.RunKatalon("TC01_Bento_Filter_RecurrScore-00-05.xlsx"): Data loaded from input file for the test case. 

2022-03-02 16:13:15 - [MESSAGE][PASSED] - Test case file loaded This is the full filepath after converting to string :C:\Users\sohilz2\Commons_Automation\InputFiles\TC01_Bento_Filter_RecurrScore-00-05.xlsx

2022-03-02 16:13:15 - [MESSAGE][INFO] - Global variable set for password file is :  C:\Users\sohilz2\Commons_Automation\InputFiles\TC01_Bento_Filter_RecurrScore-00-05.xlsx

2022-03-02 16:13:19 - [MESSAGE][PASSED] - Data loaded from input file for the test case. 

2022-03-02 16:13:26 - [TEST_STEP][PASSED] - waitForElementClickable(findTestObject("Object Repository/Bento/NavBar/Bento_Cases-Btn"), 5): Object 'Object Repository/Bento/NavBar/Bento_Cases-Btn' is clickable

2022-03-02 16:13:26 - [MESSAGE][PASSED] - Object 'Object Repository/Bento/NavBar/Bento_Cases-Btn' is clickable

2022-03-02 16:13:26 - [TEST_STEP][PASSED] - ctdc.utilities.runtestcaseforKatalon.clickTab("Object Repository/Bento/NavBar/Bento_Cases-Btn"): ctdc.utilities.runtestcaseforKatalon.clickTab is PASSED

2022-03-02 16:13:26 - [MESSAGE][PASSED] - ctdc.utilities.runtestcaseforKatalon.clickTab is PASSED

2022-03-02 16:13:26 - [TEST_STEP][PASSED] - waitForElementClickable(findTestObject("Bento/Cases_page/Filter/FilterByCases_Facet"), 5): Object 'Object Repository/Bento/Cases_page/Filter/FilterByCases_Facet' is clickable

2022-03-02 16:13:27 - [MESSAGE][PASSED] - Object 'Object Repository/Bento/Cases_page/Filter/FilterByCases_Facet' is clickable

2022-03-02 16:13:27 - [TEST_STEP][PASSED] - ctdc.utilities.runtestcaseforKatalon.clickTab("Bento/Cases_page/Filter/FilterByCases_Facet"): ctdc.utilities.runtestcaseforKatalon.clickTab is PASSED

2022-03-02 16:13:27 - [MESSAGE][PASSED] - ctdc.utilities.runtestcaseforKatalon.clickTab is PASSED

2022-03-02 16:13:27 - [TEST_STEP][PASSED] - waitForElementClickable(findTestObject("Bento/Cases_page/Filter/Recurrence Score/RecurrScore_Ddn"), 5): Object 'Object Repository/Bento/Cases_page/Filter/Recurrence Score/RecurrScore_Ddn' is clickable

2022-03-02 16:13:27 - [MESSAGE][PASSED] - Object 'Object Repository/Bento/Cases_page/Filter/Recurrence Score/RecurrScore_Ddn' is clickable

2022-03-02 16:13:27 - [TEST_STEP][PASSED] - ctdc.utilities.runtestcaseforKatalon.clickTab("Bento/Cases_page/Filter/Recurrence Score/RecurrScore_Ddn"): ctdc.utilities.runtestcaseforKatalon.clickTab is PASSED

2022-03-02 16:13:28 - [MESSAGE][PASSED] - ctdc.utilities.runtestcaseforKatalon.clickTab is PASSED

2022-03-02 16:13:28 - [TEST_STEP][PASSED] - waitForElementClickable(findTestObject("Bento/Cases_page/Filter/Recurrence Score/00_to_05_Chkbx"), 5): Object 'Object Repository/Bento/Cases_page/Filter/Recurrence Score/00_to_05_Chkbx' is clickable

2022-03-02 16:13:28 - [MESSAGE][PASSED] - Object 'Object Repository/Bento/Cases_page/Filter/Recurrence Score/00_to_05_Chkbx' is clickable

2022-03-02 16:13:28 - [TEST_STEP][PASSED] - ctdc.utilities.runtestcaseforKatalon.clickTab("Bento/Cases_page/Filter/Recurrence Score/00_to_05_Chkbx"): ctdc.utilities.runtestcaseforKatalon.clickTab is PASSED

2022-03-02 16:13:28 - [MESSAGE][PASSED] - ctdc.utilities.runtestcaseforKatalon.clickTab is PASSED

2022-03-02 16:13:28 - [TEST_STEP][PASSED] - ctdc.utilities.runtestcaseforKatalon.clickTab("Bento/Cases_page/Filter/Recurrence Score/RecurrScore_Ddn"): ctdc.utilities.runtestcaseforKatalon.clickTab is PASSED

2022-03-02 16:13:29 - [MESSAGE][PASSED] - ctdc.utilities.runtestcaseforKatalon.clickTab is PASSED

2022-03-02 16:13:29 - [TEST_STEP][PASSED] - ctdc.utilities.runtestcaseforKatalon.readStatBarBento("Object Repository/Bento/StatBar/Bento_StatBar-Programs", "Object Repository/Bento/StatBar/Bento_StatBar-Arms", "Object Repository/Bento/StatBar/Bento_StatBar-Cases", "Object Repository/Bento/StatBar/Bento_StatBar-Samples", "Object Repository/Bento/StatBar/Bento_StatBar-Assays", "Object Repository/Bento/StatBar/Bento_StatBar-Files"): ctdc.utilities.runtestcaseforKatalon.readStatBarBento is PASSED

2022-03-02 16:13:37 - [MESSAGE][PASSED] - ctdc.utilities.runtestcaseforKatalon.readStatBarBento is PASSED

2022-03-02 16:13:37 - [TEST_STEP][PASSED] - waitForElementPresent(findTestObject("Object Repository/Bento/Cases_page/BentoResults_Cases_Tab"), 5): Object 'Object Repository/Bento/Cases_page/BentoResults_Cases_Tab' is present

2022-03-02 16:13:37 - [MESSAGE][PASSED] - Object 'Object Repository/Bento/Cases_page/BentoResults_Cases_Tab' is present

2022-03-02 16:13:37 - [TEST_STEP][PASSED] - ctdc.utilities.runtestcaseforKatalon.clickTab("Object Repository/Bento/Cases_page/BentoResults_Cases_Tab"): ctdc.utilities.runtestcaseforKatalon.clickTab is PASSED

2022-03-02 16:13:38 - [MESSAGE][PASSED] - ctdc.utilities.runtestcaseforKatalon.clickTab is PASSED

2022-03-02 16:13:38 - [TEST_STEP][PASSED] - ctdc.utilities.runtestcaseforKatalon.multiFunction("Bento", G_StatBar_Cases, "Object Repository/Bento/Cases_page/Bento_CasesTable", "Object Repository/Bento/Cases_page/Bento_CasesTableHeader", "Object Repository/Bento/Cases_page/Bento_CasesTabNextBtn", G_WebTabnameCases, G_CypherTabnameCases, G_QueryCasesTab): Statbar Files count matches

2022-03-02 16:14:34 - [MESSAGE][PASSED] - Statbar Programs count matches

2022-03-02 16:14:34 - [MESSAGE][PASSED] - Statbar Arms count matches

2022-03-02 16:14:34 - [MESSAGE][PASSED] - Statbar Cases count matches

2022-03-02 16:14:34 - [MESSAGE][PASSED] - Statbar Samples count matches

2022-03-02 16:14:34 - [MESSAGE][PASSED] - Statbar Assays count matches

2022-03-02 16:14:34 - [MESSAGE][PASSED] - Statbar Files count matches

2022-03-02 16:14:34 - [TEST_STEP][PASSED] - closeBrowser(): Browser is closed

2022-03-02 16:14:35 - [MESSAGE][PASSED] - Browser is closed]]></system-out>
         <system-err><![CDATA[]]></system-err>
      </testcase>
      <testcase name="Test Cases/Bento_TestCases/RecurrenceScore/TC04_Bento_Filter_RecurrScore-51-100" time="46.754" classname="Test Cases/Bento_TestCases/RecurrenceScore/TC04_Bento_Filter_RecurrScore-51-100" status="PASSED">
         <system-out><![CDATA[2022-03-02 16:14:35 - [TEST_CASE][PASSED] - Test Cases/Bento_TestCases/RecurrenceScore/TC04_Bento_Filter_RecurrScore-51-100: Test Cases/Bento_TestCases/RecurrenceScore/TC04_Bento_Filter_RecurrScore-51-100

2022-03-02 16:14:35 - [TEST_STEP][PASSED] - Start listener action : getTestScriptName: null

2022-03-02 16:14:35 - [TEST_STEP][PASSED] - TestCaseId = testCaseContext.getTestCaseId(): null

2022-03-02 16:14:35 - [TEST_STEP][PASSED] - out.println("**********this is the value of test case id string******** " + testCaseContext.getTestCaseId()): null

2022-03-02 16:14:35 - [TEST_STEP][PASSED] - G_currentTCName = TestCaseId.substring(TestCaseId.lastIndexOf("TC")): null

2022-03-02 16:14:35 - [TEST_STEP][PASSED] - out.println("This is the test case name : " + G_currentTCName): null

2022-03-02 16:14:35 - [TEST_STEP][PASSED] - closeBrowser(): Browser is closed

2022-03-02 16:14:35 - [MESSAGE][PASSED] - Browser is closed

2022-03-02 16:14:35 - [TEST_STEP][PASSED] - ctdc.utilities.runtestcaseforKatalon.RunKatalon("TC04_Bento_Filter_RecurrScore-51-100.xlsx"): Data loaded from input file for the test case. 

2022-03-02 16:14:35 - [MESSAGE][PASSED] - Test case file loaded This is the full filepath after converting to string :C:\Users\sohilz2\Commons_Automation\InputFiles\TC04_Bento_Filter_RecurrScore-51-100.xlsx

2022-03-02 16:14:35 - [MESSAGE][INFO] - Global variable set for password file is :  C:\Users\sohilz2\Commons_Automation\InputFiles\TC04_Bento_Filter_RecurrScore-51-100.xlsx

2022-03-02 16:14:39 - [MESSAGE][PASSED] - Data loaded from input file for the test case. 

2022-03-02 16:14:47 - [TEST_STEP][PASSED] - waitForElementClickable(findTestObject("Object Repository/Bento/NavBar/Bento_Cases-Btn"), 5): Object 'Object Repository/Bento/NavBar/Bento_Cases-Btn' is clickable

2022-03-02 16:14:47 - [MESSAGE][PASSED] - Object 'Object Repository/Bento/NavBar/Bento_Cases-Btn' is clickable

2022-03-02 16:14:47 - [TEST_STEP][PASSED] - ctdc.utilities.runtestcaseforKatalon.clickTab("Object Repository/Bento/NavBar/Bento_Cases-Btn"): ctdc.utilities.runtestcaseforKatalon.clickTab is PASSED

2022-03-02 16:14:47 - [MESSAGE][PASSED] - ctdc.utilities.runtestcaseforKatalon.clickTab is PASSED

2022-03-02 16:14:47 - [TEST_STEP][PASSED] - waitForElementClickable(findTestObject("Bento/Cases_page/Filter/FilterByCases_Facet"), 5): Object 'Object Repository/Bento/Cases_page/Filter/FilterByCases_Facet' is clickable

2022-03-02 16:14:48 - [MESSAGE][PASSED] - Object 'Object Repository/Bento/Cases_page/Filter/FilterByCases_Facet' is clickable

2022-03-02 16:14:48 - [TEST_STEP][PASSED] - ctdc.utilities.runtestcaseforKatalon.clickTab("Bento/Cases_page/Filter/FilterByCases_Facet"): ctdc.utilities.runtestcaseforKatalon.clickTab is PASSED

2022-03-02 16:14:48 - [MESSAGE][PASSED] - ctdc.utilities.runtestcaseforKatalon.clickTab is PASSED

2022-03-02 16:14:48 - [TEST_STEP][PASSED] - waitForElementClickable(findTestObject("Bento/Cases_page/Filter/Recurrence Score/RecurrScore_Ddn"), 5): Object 'Object Repository/Bento/Cases_page/Filter/Recurrence Score/RecurrScore_Ddn' is clickable

2022-03-02 16:14:48 - [MESSAGE][PASSED] - Object 'Object Repository/Bento/Cases_page/Filter/Recurrence Score/RecurrScore_Ddn' is clickable

2022-03-02 16:14:48 - [TEST_STEP][PASSED] - ctdc.utilities.runtestcaseforKatalon.clickTab("Bento/Cases_page/Filter/Recurrence Score/RecurrScore_Ddn"): ctdc.utilities.runtestcaseforKatalon.clickTab is PASSED

2022-03-02 16:14:48 - [MESSAGE][PASSED] - ctdc.utilities.runtestcaseforKatalon.clickTab is PASSED

2022-03-02 16:14:48 - [TEST_STEP][PASSED] - waitForElementClickable(findTestObject("Bento/Cases_page/Filter/Recurrence Score/51_to_100_Chkbx"), 5): Object 'Object Repository/Bento/Cases_page/Filter/Recurrence Score/51_to_100_Chkbx' is clickable

2022-03-02 16:14:49 - [MESSAGE][PASSED] - Object 'Object Repository/Bento/Cases_page/Filter/Recurrence Score/51_to_100_Chkbx' is clickable

2022-03-02 16:14:49 - [TEST_STEP][PASSED] - ctdc.utilities.runtestcaseforKatalon.clickTab("Bento/Cases_page/Filter/Recurrence Score/51_to_100_Chkbx"): ctdc.utilities.runtestcaseforKatalon.clickTab is PASSED

2022-03-02 16:14:49 - [MESSAGE][PASSED] - ctdc.utilities.runtestcaseforKatalon.clickTab is PASSED

2022-03-02 16:14:49 - [TEST_STEP][PASSED] - ctdc.utilities.runtestcaseforKatalon.clickTab("Bento/Cases_page/Filter/Recurrence Score/RecurrScore_Ddn"): ctdc.utilities.runtestcaseforKatalon.clickTab is PASSED

2022-03-02 16:14:49 - [MESSAGE][PASSED] - ctdc.utilities.runtestcaseforKatalon.clickTab is PASSED

2022-03-02 16:14:49 - [TEST_STEP][PASSED] - ctdc.utilities.runtestcaseforKatalon.readStatBarBento("Object Repository/Bento/StatBar/Bento_StatBar-Programs", "Object Repository/Bento/StatBar/Bento_StatBar-Arms", "Object Repository/Bento/StatBar/Bento_StatBar-Cases", "Object Repository/Bento/StatBar/Bento_StatBar-Samples", "Object Repository/Bento/StatBar/Bento_StatBar-Assays", "Object Repository/Bento/StatBar/Bento_StatBar-Files"): ctdc.utilities.runtestcaseforKatalon.readStatBarBento is PASSED

2022-03-02 16:14:58 - [MESSAGE][PASSED] - ctdc.utilities.runtestcaseforKatalon.readStatBarBento is PASSED

2022-03-02 16:14:58 - [TEST_STEP][PASSED] - waitForElementPresent(findTestObject("Object Repository/Bento/Cases_page/BentoResults_Cases_Tab"), 5): Object 'Object Repository/Bento/Cases_page/BentoResults_Cases_Tab' is present

2022-03-02 16:14:58 - [MESSAGE][PASSED] - Object 'Object Repository/Bento/Cases_page/BentoResults_Cases_Tab' is present

2022-03-02 16:14:58 - [TEST_STEP][PASSED] - ctdc.utilities.runtestcaseforKatalon.clickTab("Object Repository/Bento/Cases_page/BentoResults_Cases_Tab"): ctdc.utilities.runtestcaseforKatalon.clickTab is PASSED

2022-03-02 16:14:58 - [MESSAGE][PASSED] - ctdc.utilities.runtestcaseforKatalon.clickTab is PASSED

2022-03-02 16:14:58 - [TEST_STEP][PASSED] - ctdc.utilities.runtestcaseforKatalon.multiFunction("Bento", G_StatBar_Cases, "Object Repository/Bento/Cases_page/Bento_CasesTable", "Object Repository/Bento/Cases_page/Bento_CasesTableHeader", "Object Repository/Bento/Cases_page/Bento_CasesTabNextBtn", G_WebTabnameCases, G_CypherTabnameCases, G_QueryCasesTab): Statbar Files count matches

2022-03-02 16:15:21 - [MESSAGE][PASSED] - Statbar Programs count matches

2022-03-02 16:15:21 - [MESSAGE][PASSED] - Statbar Arms count matches

2022-03-02 16:15:21 - [MESSAGE][PASSED] - Statbar Cases count matches

2022-03-02 16:15:21 - [MESSAGE][PASSED] - Statbar Samples count matches

2022-03-02 16:15:21 - [MESSAGE][PASSED] - Statbar Assays count matches

2022-03-02 16:15:21 - [MESSAGE][PASSED] - Statbar Files count matches

2022-03-02 16:15:21 - [TEST_STEP][PASSED] - closeBrowser(): Browser is closed

2022-03-02 16:15:22 - [MESSAGE][PASSED] - Browser is closed]]></system-out>
         <system-err><![CDATA[]]></system-err>
      </testcase>
      <testcase name="Test Cases/Bento_TestCases/TumorGrade/TC01_Bento_Filter_TumorGrade-HighGrade" time="30.826" classname="Test Cases/Bento_TestCases/TumorGrade/TC01_Bento_Filter_TumorGrade-HighGrade" status="PASSED">
         <system-out><![CDATA[2022-03-02 16:15:22 - [TEST_CASE][PASSED] - Test Cases/Bento_TestCases/TumorGrade/TC01_Bento_Filter_TumorGrade-HighGrade: Test Cases/Bento_TestCases/TumorGrade/TC01_Bento_Filter_TumorGrade-HighGrade

2022-03-02 16:15:22 - [TEST_STEP][PASSED] - Start listener action : getTestScriptName: null

2022-03-02 16:15:22 - [TEST_STEP][PASSED] - TestCaseId = testCaseContext.getTestCaseId(): null

2022-03-02 16:15:22 - [TEST_STEP][PASSED] - out.println("**********this is the value of test case id string******** " + testCaseContext.getTestCaseId()): null

2022-03-02 16:15:22 - [TEST_STEP][PASSED] - G_currentTCName = TestCaseId.substring(TestCaseId.lastIndexOf("TC")): null

2022-03-02 16:15:22 - [TEST_STEP][PASSED] - out.println("This is the test case name : " + G_currentTCName): null

2022-03-02 16:15:22 - [TEST_STEP][PASSED] - closeBrowser(): Browser is closed

2022-03-02 16:15:22 - [MESSAGE][PASSED] - Browser is closed

2022-03-02 16:15:22 - [TEST_STEP][PASSED] - openBrowser(""): Browser is opened with url: ''

2022-03-02 16:15:22 - [MESSAGE][INFO] - Starting 'Chrome (headless)' driver

2022-03-02 16:15:22 - [MESSAGE][INFO] - User set preference: ['args', '[--no-sandbox]']

2022-03-02 16:15:22 - [MESSAGE][INFO] - Action delay is set to 0 milliseconds

2022-03-02 16:15:24 - [MESSAGE][PASSED] - Browser is opened with url: ''

2022-03-02 16:15:24 - [TEST_STEP][PASSED] - maximizeWindow(): Current window maximized

2022-03-02 16:15:24 - [MESSAGE][PASSED] - Current window maximized

2022-03-02 16:15:24 - [TEST_STEP][PASSED] - ctdc.utilities.runtestcaseforKatalon.RunKatalon("TC01_Bento_Filter_TumorGrade-HighGrade.xlsx"): Data loaded from input file for the test case. 

2022-03-02 16:15:24 - [MESSAGE][PASSED] - Test case file loaded This is the full filepath after converting to string :C:\Users\sohilz2\Commons_Automation\InputFiles\TC01_Bento_Filter_TumorGrade-HighGrade.xlsx

2022-03-02 16:15:24 - [MESSAGE][INFO] - Global variable set for password file is :  C:\Users\sohilz2\Commons_Automation\InputFiles\TC01_Bento_Filter_TumorGrade-HighGrade.xlsx

2022-03-02 16:15:28 - [MESSAGE][PASSED] - Data loaded from input file for the test case. 

2022-03-02 16:15:35 - [TEST_STEP][PASSED] - waitForElementClickable(findTestObject("Object Repository/Bento/NavBar/Bento_Cases-Btn"), 5): Object 'Object Repository/Bento/NavBar/Bento_Cases-Btn' is clickable

2022-03-02 16:15:35 - [MESSAGE][PASSED] - Object 'Object Repository/Bento/NavBar/Bento_Cases-Btn' is clickable

2022-03-02 16:15:35 - [TEST_STEP][PASSED] - ctdc.utilities.runtestcaseforKatalon.clickTab("Object Repository/Bento/NavBar/Bento_Cases-Btn"): ctdc.utilities.runtestcaseforKatalon.clickTab is PASSED

2022-03-02 16:15:35 - [MESSAGE][PASSED] - ctdc.utilities.runtestcaseforKatalon.clickTab is PASSED

2022-03-02 16:15:35 - [TEST_STEP][PASSED] - waitForElementClickable(findTestObject("Bento/Cases_page/Filter/FilterByCases_Facet"), 5): Object 'Object Repository/Bento/Cases_page/Filter/FilterByCases_Facet' is clickable

2022-03-02 16:15:36 - [MESSAGE][PASSED] - Object 'Object Repository/Bento/Cases_page/Filter/FilterByCases_Facet' is clickable

2022-03-02 16:15:36 - [TEST_STEP][PASSED] - ctdc.utilities.runtestcaseforKatalon.clickTab("Bento/Cases_page/Filter/FilterByCases_Facet"): ctdc.utilities.runtestcaseforKatalon.clickTab is PASSED

2022-03-02 16:15:36 - [MESSAGE][PASSED] - ctdc.utilities.runtestcaseforKatalon.clickTab is PASSED

2022-03-02 16:15:36 - [TEST_STEP][PASSED] - waitForElementClickable(findTestObject("Bento/Cases_page/Filter/TumorGrade/TumorGrade_Ddn"), 5): Object 'Object Repository/Bento/Cases_page/Filter/TumorGrade/TumorGrade_Ddn' is clickable

2022-03-02 16:15:36 - [MESSAGE][PASSED] - Object 'Object Repository/Bento/Cases_page/Filter/TumorGrade/TumorGrade_Ddn' is clickable

2022-03-02 16:15:36 - [TEST_STEP][PASSED] - ctdc.utilities.runtestcaseforKatalon.clickTab("Bento/Cases_page/Filter/TumorGrade/TumorGrade_Ddn"): ctdc.utilities.runtestcaseforKatalon.clickTab is PASSED

2022-03-02 16:15:36 - [MESSAGE][PASSED] - ctdc.utilities.runtestcaseforKatalon.clickTab is PASSED

2022-03-02 16:15:36 - [TEST_STEP][PASSED] - ctdc.utilities.runtestcaseforKatalon.clickTab("Object Repository/Bento/Cases_page/Filter/TumorGrade/High_Chkbx"): ctdc.utilities.runtestcaseforKatalon.clickTab is PASSED

2022-03-02 16:15:37 - [MESSAGE][PASSED] - ctdc.utilities.runtestcaseforKatalon.clickTab is PASSED

2022-03-02 16:15:37 - [TEST_STEP][PASSED] - ctdc.utilities.runtestcaseforKatalon.clickTab("Object Repository/Bento/Cases_page/Filter/TumorGrade/TumorGrade_Ddn"): ctdc.utilities.runtestcaseforKatalon.clickTab is PASSED

2022-03-02 16:15:37 - [MESSAGE][PASSED] - ctdc.utilities.runtestcaseforKatalon.clickTab is PASSED

2022-03-02 16:15:37 - [TEST_STEP][PASSED] - ctdc.utilities.runtestcaseforKatalon.readStatBarBento("Object Repository/Bento/StatBar/Bento_StatBar-Programs", "Object Repository/Bento/StatBar/Bento_StatBar-Arms", "Object Repository/Bento/StatBar/Bento_StatBar-Cases", "Object Repository/Bento/StatBar/Bento_StatBar-Samples", "Object Repository/Bento/StatBar/Bento_StatBar-Assays", "Object Repository/Bento/StatBar/Bento_StatBar-Files"): ctdc.utilities.runtestcaseforKatalon.readStatBarBento is PASSED

2022-03-02 16:15:45 - [MESSAGE][PASSED] - ctdc.utilities.runtestcaseforKatalon.readStatBarBento is PASSED

2022-03-02 16:15:45 - [TEST_STEP][PASSED] - ctdc.utilities.ReadExcel.Neo4j(G_CypherTabnameCases, G_QueryCasesTab): ctdc.utilities.ReadExcel.Neo4j is PASSED

2022-03-02 16:15:52 - [MESSAGE][PASSED] - ctdc.utilities.ReadExcel.Neo4j is PASSED

2022-03-02 16:15:52 - [TEST_STEP][PASSED] - ctdc.utilities.runtestcaseforKatalon.validateStatBar("Bento"): Statbar Files count matches

2022-03-02 16:15:52 - [MESSAGE][PASSED] - Statbar Programs count matches

2022-03-02 16:15:52 - [MESSAGE][PASSED] - Statbar Arms count matches

2022-03-02 16:15:52 - [MESSAGE][PASSED] - Statbar Cases count matches

2022-03-02 16:15:52 - [MESSAGE][PASSED] - Statbar Samples count matches

2022-03-02 16:15:52 - [MESSAGE][PASSED] - Statbar Assays count matches

2022-03-02 16:15:52 - [MESSAGE][PASSED] - Statbar Files count matches

2022-03-02 16:15:52 - [TEST_STEP][PASSED] - closeBrowser(): Browser is closed

2022-03-02 16:15:52 - [MESSAGE][PASSED] - Browser is closed]]></system-out>
         <system-err><![CDATA[]]></system-err>
      </testcase>
      <testcase name="Test Cases/Bento_TestCases/TumorGrade/TC04_Bento_Filter_TumorGrade-NotReported" time="30.596" classname="Test Cases/Bento_TestCases/TumorGrade/TC04_Bento_Filter_TumorGrade-NotReported" status="PASSED">
         <system-out><![CDATA[2022-03-02 16:15:52 - [TEST_CASE][PASSED] - Test Cases/Bento_TestCases/TumorGrade/TC04_Bento_Filter_TumorGrade-NotReported: Test Cases/Bento_TestCases/TumorGrade/TC04_Bento_Filter_TumorGrade-NotReported

2022-03-02 16:15:52 - [TEST_STEP][PASSED] - Start listener action : getTestScriptName: null

2022-03-02 16:15:52 - [TEST_STEP][PASSED] - TestCaseId = testCaseContext.getTestCaseId(): null

2022-03-02 16:15:52 - [TEST_STEP][PASSED] - out.println("**********this is the value of test case id string******** " + testCaseContext.getTestCaseId()): null

2022-03-02 16:15:52 - [TEST_STEP][PASSED] - G_currentTCName = TestCaseId.substring(TestCaseId.lastIndexOf("TC")): null

2022-03-02 16:15:52 - [TEST_STEP][PASSED] - out.println("This is the test case name : " + G_currentTCName): null

2022-03-02 16:15:53 - [TEST_STEP][PASSED] - closeBrowser(): Browser is closed

2022-03-02 16:15:53 - [MESSAGE][PASSED] - Browser is closed

2022-03-02 16:15:53 - [TEST_STEP][PASSED] - openBrowser(""): Browser is opened with url: ''

2022-03-02 16:15:53 - [MESSAGE][INFO] - Starting 'Chrome (headless)' driver

2022-03-02 16:15:53 - [MESSAGE][INFO] - User set preference: ['args', '[--no-sandbox]']

2022-03-02 16:15:53 - [MESSAGE][INFO] - Action delay is set to 0 milliseconds

2022-03-02 16:15:54 - [MESSAGE][PASSED] - Browser is opened with url: ''

2022-03-02 16:15:54 - [TEST_STEP][PASSED] - maximizeWindow(): Current window maximized

2022-03-02 16:15:55 - [MESSAGE][PASSED] - Current window maximized

2022-03-02 16:15:55 - [TEST_STEP][PASSED] - ctdc.utilities.runtestcaseforKatalon.RunKatalon("TC04_Bento_Filter_TumorGrade-NotReported.xlsx"): Data loaded from input file for the test case. 

2022-03-02 16:15:55 - [MESSAGE][PASSED] - Test case file loaded This is the full filepath after converting to string :C:\Users\sohilz2\Commons_Automation\InputFiles\TC04_Bento_Filter_TumorGrade-NotReported.xlsx

2022-03-02 16:15:55 - [MESSAGE][INFO] - Global variable set for password file is :  C:\Users\sohilz2\Commons_Automation\InputFiles\TC04_Bento_Filter_TumorGrade-NotReported.xlsx

2022-03-02 16:15:59 - [MESSAGE][PASSED] - Data loaded from input file for the test case. 

2022-03-02 16:16:06 - [TEST_STEP][PASSED] - waitForElementClickable(findTestObject("Object Repository/Bento/NavBar/Bento_Cases-Btn"), 5): Object 'Object Repository/Bento/NavBar/Bento_Cases-Btn' is clickable

2022-03-02 16:16:06 - [MESSAGE][PASSED] - Object 'Object Repository/Bento/NavBar/Bento_Cases-Btn' is clickable

2022-03-02 16:16:06 - [TEST_STEP][PASSED] - ctdc.utilities.runtestcaseforKatalon.clickTab("Object Repository/Bento/NavBar/Bento_Cases-Btn"): ctdc.utilities.runtestcaseforKatalon.clickTab is PASSED

2022-03-02 16:16:06 - [MESSAGE][PASSED] - ctdc.utilities.runtestcaseforKatalon.clickTab is PASSED

2022-03-02 16:16:06 - [TEST_STEP][PASSED] - waitForElementClickable(findTestObject("Bento/Cases_page/Filter/FilterByCases_Facet"), 5): Object 'Object Repository/Bento/Cases_page/Filter/FilterByCases_Facet' is clickable

2022-03-02 16:16:07 - [MESSAGE][PASSED] - Object 'Object Repository/Bento/Cases_page/Filter/FilterByCases_Facet' is clickable

2022-03-02 16:16:07 - [TEST_STEP][PASSED] - ctdc.utilities.runtestcaseforKatalon.clickTab("Bento/Cases_page/Filter/FilterByCases_Facet"): ctdc.utilities.runtestcaseforKatalon.clickTab is PASSED

2022-03-02 16:16:07 - [MESSAGE][PASSED] - ctdc.utilities.runtestcaseforKatalon.clickTab is PASSED

2022-03-02 16:16:07 - [TEST_STEP][PASSED] - waitForElementClickable(findTestObject("Bento/Cases_page/Filter/TumorGrade/TumorGrade_Ddn"), 5): Object 'Object Repository/Bento/Cases_page/Filter/TumorGrade/TumorGrade_Ddn' is clickable

2022-03-02 16:16:07 - [MESSAGE][PASSED] - Object 'Object Repository/Bento/Cases_page/Filter/TumorGrade/TumorGrade_Ddn' is clickable

2022-03-02 16:16:07 - [TEST_STEP][PASSED] - ctdc.utilities.runtestcaseforKatalon.clickTab("Bento/Cases_page/Filter/TumorGrade/TumorGrade_Ddn"): ctdc.utilities.runtestcaseforKatalon.clickTab is PASSED

2022-03-02 16:16:07 - [MESSAGE][PASSED] - ctdc.utilities.runtestcaseforKatalon.clickTab is PASSED

2022-03-02 16:16:07 - [TEST_STEP][PASSED] - ctdc.utilities.runtestcaseforKatalon.clickTab("Object Repository/Bento/Cases_page/Filter/TumorGrade/NotReported_Chkbx"): ctdc.utilities.runtestcaseforKatalon.clickTab is PASSED

2022-03-02 16:16:08 - [MESSAGE][PASSED] - ctdc.utilities.runtestcaseforKatalon.clickTab is PASSED

2022-03-02 16:16:08 - [TEST_STEP][PASSED] - ctdc.utilities.runtestcaseforKatalon.clickTab("Object Repository/Bento/Cases_page/Filter/TumorGrade/TumorGrade_Ddn"): ctdc.utilities.runtestcaseforKatalon.clickTab is PASSED

2022-03-02 16:16:08 - [MESSAGE][PASSED] - ctdc.utilities.runtestcaseforKatalon.clickTab is PASSED

2022-03-02 16:16:08 - [TEST_STEP][PASSED] - ctdc.utilities.runtestcaseforKatalon.readStatBarBento("Object Repository/Bento/StatBar/Bento_StatBar-Programs", "Object Repository/Bento/StatBar/Bento_StatBar-Arms", "Object Repository/Bento/StatBar/Bento_StatBar-Cases", "Object Repository/Bento/StatBar/Bento_StatBar-Samples", "Object Repository/Bento/StatBar/Bento_StatBar-Assays", "Object Repository/Bento/StatBar/Bento_StatBar-Files"): ctdc.utilities.runtestcaseforKatalon.readStatBarBento is PASSED

2022-03-02 16:16:16 - [MESSAGE][PASSED] - ctdc.utilities.runtestcaseforKatalon.readStatBarBento is PASSED

2022-03-02 16:16:16 - [TEST_STEP][PASSED] - ctdc.utilities.ReadExcel.Neo4j(G_CypherTabnameCases, G_QueryCasesTab): ctdc.utilities.ReadExcel.Neo4j is PASSED

2022-03-02 16:16:22 - [MESSAGE][PASSED] - ctdc.utilities.ReadExcel.Neo4j is PASSED

2022-03-02 16:16:22 - [TEST_STEP][PASSED] - ctdc.utilities.runtestcaseforKatalon.validateStatBar("Bento"): Statbar Files count matches

2022-03-02 16:16:22 - [MESSAGE][PASSED] - Statbar Programs count matches

2022-03-02 16:16:22 - [MESSAGE][PASSED] - Statbar Arms count matches

2022-03-02 16:16:22 - [MESSAGE][PASSED] - Statbar Cases count matches

2022-03-02 16:16:22 - [MESSAGE][PASSED] - Statbar Samples count matches

2022-03-02 16:16:22 - [MESSAGE][PASSED] - Statbar Assays count matches

2022-03-02 16:16:22 - [MESSAGE][PASSED] - Statbar Files count matches

2022-03-02 16:16:22 - [TEST_STEP][PASSED] - closeBrowser(): Browser is closed

2022-03-02 16:16:23 - [MESSAGE][PASSED] - Browser is closed]]></system-out>
         <system-err><![CDATA[]]></system-err>
      </testcase>
      <testcase name="Test Cases/Bento_TestCases/TumorSize/TC02_Bento_Filter_TumorSize-2-3" time="30.959" classname="Test Cases/Bento_TestCases/TumorSize/TC02_Bento_Filter_TumorSize-2-3" status="PASSED">
         <system-out><![CDATA[2022-03-02 16:16:23 - [TEST_CASE][PASSED] - Test Cases/Bento_TestCases/TumorSize/TC02_Bento_Filter_TumorSize-2-3: Test Cases/Bento_TestCases/TumorSize/TC02_Bento_Filter_TumorSize-2-3

2022-03-02 16:16:23 - [TEST_STEP][PASSED] - Start listener action : getTestScriptName: null

2022-03-02 16:16:23 - [TEST_STEP][PASSED] - TestCaseId = testCaseContext.getTestCaseId(): null

2022-03-02 16:16:23 - [TEST_STEP][PASSED] - out.println("**********this is the value of test case id string******** " + testCaseContext.getTestCaseId()): null

2022-03-02 16:16:23 - [TEST_STEP][PASSED] - G_currentTCName = TestCaseId.substring(TestCaseId.lastIndexOf("TC")): null

2022-03-02 16:16:23 - [TEST_STEP][PASSED] - out.println("This is the test case name : " + G_currentTCName): null

2022-03-02 16:16:24 - [TEST_STEP][PASSED] - closeBrowser(): Browser is closed

2022-03-02 16:16:24 - [MESSAGE][PASSED] - Browser is closed

2022-03-02 16:16:24 - [TEST_STEP][PASSED] - openBrowser(""): Browser is opened with url: ''

2022-03-02 16:16:24 - [MESSAGE][INFO] - Starting 'Chrome (headless)' driver

2022-03-02 16:16:24 - [MESSAGE][INFO] - User set preference: ['args', '[--no-sandbox]']

2022-03-02 16:16:24 - [MESSAGE][INFO] - Action delay is set to 0 milliseconds

2022-03-02 16:16:25 - [MESSAGE][PASSED] - Browser is opened with url: ''

2022-03-02 16:16:25 - [TEST_STEP][PASSED] - maximizeWindow(): Current window maximized

2022-03-02 16:16:25 - [MESSAGE][PASSED] - Current window maximized

2022-03-02 16:16:25 - [TEST_STEP][PASSED] - ctdc.utilities.runtestcaseforKatalon.RunKatalon("TC02_Bento_Filter_TumorSize-2-3.xlsx"): Data loaded from input file for the test case. 

2022-03-02 16:16:25 - [MESSAGE][PASSED] - Test case file loaded This is the full filepath after converting to string :C:\Users\sohilz2\Commons_Automation\InputFiles\TC02_Bento_Filter_TumorSize-2-3.xlsx

2022-03-02 16:16:25 - [MESSAGE][INFO] - Global variable set for password file is :  C:\Users\sohilz2\Commons_Automation\InputFiles\TC02_Bento_Filter_TumorSize-2-3.xlsx

2022-03-02 16:16:29 - [MESSAGE][PASSED] - Data loaded from input file for the test case. 

2022-03-02 16:16:36 - [TEST_STEP][PASSED] - waitForElementClickable(findTestObject("Object Repository/Bento/NavBar/Bento_Cases-Btn"), 5): Object 'Object Repository/Bento/NavBar/Bento_Cases-Btn' is clickable

2022-03-02 16:16:36 - [MESSAGE][PASSED] - Object 'Object Repository/Bento/NavBar/Bento_Cases-Btn' is clickable

2022-03-02 16:16:36 - [TEST_STEP][PASSED] - ctdc.utilities.runtestcaseforKatalon.clickTab("Object Repository/Bento/NavBar/Bento_Cases-Btn"): ctdc.utilities.runtestcaseforKatalon.clickTab is PASSED

2022-03-02 16:16:37 - [MESSAGE][PASSED] - ctdc.utilities.runtestcaseforKatalon.clickTab is PASSED

2022-03-02 16:16:37 - [TEST_STEP][PASSED] - waitForElementClickable(findTestObject("Bento/Cases_page/Filter/FilterByCases_Facet"), 5): Object 'Object Repository/Bento/Cases_page/Filter/FilterByCases_Facet' is clickable

2022-03-02 16:16:37 - [MESSAGE][PASSED] - Object 'Object Repository/Bento/Cases_page/Filter/FilterByCases_Facet' is clickable

2022-03-02 16:16:37 - [TEST_STEP][PASSED] - ctdc.utilities.runtestcaseforKatalon.clickTab("Bento/Cases_page/Filter/FilterByCases_Facet"): ctdc.utilities.runtestcaseforKatalon.clickTab is PASSED

2022-03-02 16:16:38 - [MESSAGE][PASSED] - ctdc.utilities.runtestcaseforKatalon.clickTab is PASSED

2022-03-02 16:16:38 - [TEST_STEP][PASSED] - waitForElementClickable(findTestObject("Bento/Cases_page/Filter/TumorSize/TumorSize_Ddn"), 5): Object 'Object Repository/Bento/Cases_page/Filter/TumorSize/TumorSize_Ddn' is clickable

2022-03-02 16:16:38 - [MESSAGE][PASSED] - Object 'Object Repository/Bento/Cases_page/Filter/TumorSize/TumorSize_Ddn' is clickable

2022-03-02 16:16:38 - [TEST_STEP][PASSED] - ctdc.utilities.runtestcaseforKatalon.clickTab("Bento/Cases_page/Filter/TumorSize/TumorSize_Ddn"): ctdc.utilities.runtestcaseforKatalon.clickTab is PASSED

2022-03-02 16:16:38 - [MESSAGE][PASSED] - ctdc.utilities.runtestcaseforKatalon.clickTab is PASSED

2022-03-02 16:16:38 - [TEST_STEP][PASSED] - ctdc.utilities.runtestcaseforKatalon.clickTab("Object Repository/Bento/Cases_page/Filter/TumorSize/2_to_3_Chkbx"): ctdc.utilities.runtestcaseforKatalon.clickTab is PASSED

2022-03-02 16:16:38 - [MESSAGE][PASSED] - ctdc.utilities.runtestcaseforKatalon.clickTab is PASSED

2022-03-02 16:16:38 - [TEST_STEP][PASSED] - ctdc.utilities.runtestcaseforKatalon.clickTab("Object Repository/Bento/Cases_page/Filter/TumorSize/TumorSize_Ddn"): ctdc.utilities.runtestcaseforKatalon.clickTab is PASSED

2022-03-02 16:16:39 - [MESSAGE][PASSED] - ctdc.utilities.runtestcaseforKatalon.clickTab is PASSED

2022-03-02 16:16:39 - [TEST_STEP][PASSED] - ctdc.utilities.runtestcaseforKatalon.readStatBarBento("Object Repository/Bento/StatBar/Bento_StatBar-Programs", "Object Repository/Bento/StatBar/Bento_StatBar-Arms", "Object Repository/Bento/StatBar/Bento_StatBar-Cases", "Object Repository/Bento/StatBar/Bento_StatBar-Samples", "Object Repository/Bento/StatBar/Bento_StatBar-Assays", "Object Repository/Bento/StatBar/Bento_StatBar-Files"): ctdc.utilities.runtestcaseforKatalon.readStatBarBento is PASSED

2022-03-02 16:16:47 - [MESSAGE][PASSED] - ctdc.utilities.runtestcaseforKatalon.readStatBarBento is PASSED

2022-03-02 16:16:47 - [TEST_STEP][PASSED] - ctdc.utilities.ReadExcel.Neo4j(G_CypherTabnameCases, G_QueryCasesTab): ctdc.utilities.ReadExcel.Neo4j is PASSED

2022-03-02 16:16:53 - [MESSAGE][PASSED] - ctdc.utilities.ReadExcel.Neo4j is PASSED

2022-03-02 16:16:53 - [TEST_STEP][PASSED] - ctdc.utilities.runtestcaseforKatalon.validateStatBar("Bento"): Statbar Files count matches

2022-03-02 16:16:53 - [MESSAGE][PASSED] - Statbar Programs count matches

2022-03-02 16:16:53 - [MESSAGE][PASSED] - Statbar Arms count matches

2022-03-02 16:16:53 - [MESSAGE][PASSED] - Statbar Cases count matches

2022-03-02 16:16:53 - [MESSAGE][PASSED] - Statbar Samples count matches

2022-03-02 16:16:53 - [MESSAGE][PASSED] - Statbar Assays count matches

2022-03-02 16:16:53 - [MESSAGE][PASSED] - Statbar Files count matches

2022-03-02 16:16:53 - [TEST_STEP][PASSED] - closeBrowser(): Browser is closed

2022-03-02 16:16:54 - [MESSAGE][PASSED] - Browser is closed]]></system-out>
         <system-err><![CDATA[]]></system-err>
      </testcase>
      <testcase name="Test Cases/Bento_TestCases/TumorSize/TC01_Bento_Filter_TumorSize-1-2" time="30.733" classname="Test Cases/Bento_TestCases/TumorSize/TC01_Bento_Filter_TumorSize-1-2" status="PASSED">
         <system-out><![CDATA[2022-03-02 16:16:54 - [TEST_CASE][PASSED] - Test Cases/Bento_TestCases/TumorSize/TC01_Bento_Filter_TumorSize-1-2: Test Cases/Bento_TestCases/TumorSize/TC01_Bento_Filter_TumorSize-1-2

2022-03-02 16:16:54 - [TEST_STEP][PASSED] - Start listener action : getTestScriptName: null

2022-03-02 16:16:54 - [TEST_STEP][PASSED] - TestCaseId = testCaseContext.getTestCaseId(): null

2022-03-02 16:16:54 - [TEST_STEP][PASSED] - out.println("**********this is the value of test case id string******** " + testCaseContext.getTestCaseId()): null

2022-03-02 16:16:54 - [TEST_STEP][PASSED] - G_currentTCName = TestCaseId.substring(TestCaseId.lastIndexOf("TC")): null

2022-03-02 16:16:54 - [TEST_STEP][PASSED] - out.println("This is the test case name : " + G_currentTCName): null

2022-03-02 16:16:54 - [TEST_STEP][PASSED] - closeBrowser(): Browser is closed

2022-03-02 16:16:54 - [MESSAGE][PASSED] - Browser is closed

2022-03-02 16:16:54 - [TEST_STEP][PASSED] - openBrowser(""): Browser is opened with url: ''

2022-03-02 16:16:55 - [MESSAGE][INFO] - Starting 'Chrome (headless)' driver

2022-03-02 16:16:55 - [MESSAGE][INFO] - User set preference: ['args', '[--no-sandbox]']

2022-03-02 16:16:55 - [MESSAGE][INFO] - Action delay is set to 0 milliseconds

2022-03-02 16:16:56 - [MESSAGE][PASSED] - Browser is opened with url: ''

2022-03-02 16:16:56 - [TEST_STEP][PASSED] - maximizeWindow(): Current window maximized

2022-03-02 16:16:56 - [MESSAGE][PASSED] - Current window maximized

2022-03-02 16:16:56 - [TEST_STEP][PASSED] - ctdc.utilities.runtestcaseforKatalon.RunKatalon("TC01_Bento_Filter_TumorSize-1-2.xlsx"): Data loaded from input file for the test case. 

2022-03-02 16:16:56 - [MESSAGE][PASSED] - Test case file loaded This is the full filepath after converting to string :C:\Users\sohilz2\Commons_Automation\InputFiles\TC01_Bento_Filter_TumorSize-1-2.xlsx

2022-03-02 16:16:56 - [MESSAGE][INFO] - Global variable set for password file is :  C:\Users\sohilz2\Commons_Automation\InputFiles\TC01_Bento_Filter_TumorSize-1-2.xlsx

2022-03-02 16:17:00 - [MESSAGE][PASSED] - Data loaded from input file for the test case. 

2022-03-02 16:17:07 - [TEST_STEP][PASSED] - waitForElementClickable(findTestObject("Object Repository/Bento/NavBar/Bento_Cases-Btn"), 5): Object 'Object Repository/Bento/NavBar/Bento_Cases-Btn' is clickable

2022-03-02 16:17:07 - [MESSAGE][PASSED] - Object 'Object Repository/Bento/NavBar/Bento_Cases-Btn' is clickable

2022-03-02 16:17:07 - [TEST_STEP][PASSED] - ctdc.utilities.runtestcaseforKatalon.clickTab("Object Repository/Bento/NavBar/Bento_Cases-Btn"): ctdc.utilities.runtestcaseforKatalon.clickTab is PASSED

2022-03-02 16:17:08 - [MESSAGE][PASSED] - ctdc.utilities.runtestcaseforKatalon.clickTab is PASSED

2022-03-02 16:17:08 - [TEST_STEP][PASSED] - waitForElementClickable(findTestObject("Bento/Cases_page/Filter/FilterByCases_Facet"), 5): Object 'Object Repository/Bento/Cases_page/Filter/FilterByCases_Facet' is clickable

2022-03-02 16:17:08 - [MESSAGE][PASSED] - Object 'Object Repository/Bento/Cases_page/Filter/FilterByCases_Facet' is clickable

2022-03-02 16:17:08 - [TEST_STEP][PASSED] - ctdc.utilities.runtestcaseforKatalon.clickTab("Bento/Cases_page/Filter/FilterByCases_Facet"): ctdc.utilities.runtestcaseforKatalon.clickTab is PASSED

2022-03-02 16:17:09 - [MESSAGE][PASSED] - ctdc.utilities.runtestcaseforKatalon.clickTab is PASSED

2022-03-02 16:17:09 - [TEST_STEP][PASSED] - waitForElementClickable(findTestObject("Bento/Cases_page/Filter/TumorSize/TumorSize_Ddn"), 5): Object 'Object Repository/Bento/Cases_page/Filter/TumorSize/TumorSize_Ddn' is clickable

2022-03-02 16:17:09 - [MESSAGE][PASSED] - Object 'Object Repository/Bento/Cases_page/Filter/TumorSize/TumorSize_Ddn' is clickable

2022-03-02 16:17:09 - [TEST_STEP][PASSED] - ctdc.utilities.runtestcaseforKatalon.clickTab("Bento/Cases_page/Filter/TumorSize/TumorSize_Ddn"): ctdc.utilities.runtestcaseforKatalon.clickTab is PASSED

2022-03-02 16:17:09 - [MESSAGE][PASSED] - ctdc.utilities.runtestcaseforKatalon.clickTab is PASSED

2022-03-02 16:17:09 - [TEST_STEP][PASSED] - ctdc.utilities.runtestcaseforKatalon.clickTab("Object Repository/Bento/Cases_page/Filter/TumorSize/1_to_2_Chkbx"): ctdc.utilities.runtestcaseforKatalon.clickTab is PASSED

2022-03-02 16:17:09 - [MESSAGE][PASSED] - ctdc.utilities.runtestcaseforKatalon.clickTab is PASSED

2022-03-02 16:17:09 - [TEST_STEP][PASSED] - ctdc.utilities.runtestcaseforKatalon.clickTab("Object Repository/Bento/Cases_page/Filter/TumorSize/TumorSize_Ddn"): ctdc.utilities.runtestcaseforKatalon.clickTab is PASSED

2022-03-02 16:17:09 - [MESSAGE][PASSED] - ctdc.utilities.runtestcaseforKatalon.clickTab is PASSED

2022-03-02 16:17:09 - [TEST_STEP][PASSED] - ctdc.utilities.runtestcaseforKatalon.readStatBarBento("Object Repository/Bento/StatBar/Bento_StatBar-Programs", "Object Repository/Bento/StatBar/Bento_StatBar-Arms", "Object Repository/Bento/StatBar/Bento_StatBar-Cases", "Object Repository/Bento/StatBar/Bento_StatBar-Samples", "Object Repository/Bento/StatBar/Bento_StatBar-Assays", "Object Repository/Bento/StatBar/Bento_StatBar-Files"): ctdc.utilities.runtestcaseforKatalon.readStatBarBento is PASSED

2022-03-02 16:17:18 - [MESSAGE][PASSED] - ctdc.utilities.runtestcaseforKatalon.readStatBarBento is PASSED

2022-03-02 16:17:18 - [TEST_STEP][PASSED] - ctdc.utilities.ReadExcel.Neo4j(G_CypherTabnameCases, G_QueryCasesTab): ctdc.utilities.ReadExcel.Neo4j is PASSED

2022-03-02 16:17:24 - [MESSAGE][PASSED] - ctdc.utilities.ReadExcel.Neo4j is PASSED

2022-03-02 16:17:24 - [TEST_STEP][PASSED] - ctdc.utilities.runtestcaseforKatalon.validateStatBar("Bento"): Statbar Files count matches

2022-03-02 16:17:24 - [MESSAGE][PASSED] - Statbar Programs count matches

2022-03-02 16:17:24 - [MESSAGE][PASSED] - Statbar Arms count matches

2022-03-02 16:17:24 - [MESSAGE][PASSED] - Statbar Cases count matches

2022-03-02 16:17:24 - [MESSAGE][PASSED] - Statbar Samples count matches

2022-03-02 16:17:24 - [MESSAGE][PASSED] - Statbar Assays count matches

2022-03-02 16:17:24 - [MESSAGE][PASSED] - Statbar Files count matches

2022-03-02 16:17:24 - [TEST_STEP][PASSED] - closeBrowser(): Browser is closed

2022-03-02 16:17:25 - [MESSAGE][PASSED] - Browser is closed]]></system-out>
         <system-err><![CDATA[]]></system-err>
      </testcase>
      <testcase name="Test Cases/Bento_TestCases/TumorSize/TC05_Bento_Filter_TumorSize-Above_4" time="30.849" classname="Test Cases/Bento_TestCases/TumorSize/TC05_Bento_Filter_TumorSize-Above_4" status="PASSED">
         <system-out><![CDATA[2022-03-02 16:17:25 - [TEST_CASE][PASSED] - Test Cases/Bento_TestCases/TumorSize/TC05_Bento_Filter_TumorSize-Above_4: Test Cases/Bento_TestCases/TumorSize/TC05_Bento_Filter_TumorSize-Above_4

2022-03-02 16:17:25 - [TEST_STEP][PASSED] - Start listener action : getTestScriptName: null

2022-03-02 16:17:25 - [TEST_STEP][PASSED] - TestCaseId = testCaseContext.getTestCaseId(): null

2022-03-02 16:17:25 - [TEST_STEP][PASSED] - out.println("**********this is the value of test case id string******** " + testCaseContext.getTestCaseId()): null

2022-03-02 16:17:25 - [TEST_STEP][PASSED] - G_currentTCName = TestCaseId.substring(TestCaseId.lastIndexOf("TC")): null

2022-03-02 16:17:25 - [TEST_STEP][PASSED] - out.println("This is the test case name : " + G_currentTCName): null

2022-03-02 16:17:25 - [TEST_STEP][PASSED] - closeBrowser(): Browser is closed

2022-03-02 16:17:25 - [MESSAGE][PASSED] - Browser is closed

2022-03-02 16:17:25 - [TEST_STEP][PASSED] - openBrowser(""): Browser is opened with url: ''

2022-03-02 16:17:25 - [MESSAGE][INFO] - Starting 'Chrome (headless)' driver

2022-03-02 16:17:25 - [MESSAGE][INFO] - User set preference: ['args', '[--no-sandbox]']

2022-03-02 16:17:25 - [MESSAGE][INFO] - Action delay is set to 0 milliseconds

2022-03-02 16:17:27 - [MESSAGE][PASSED] - Browser is opened with url: ''

2022-03-02 16:17:27 - [TEST_STEP][PASSED] - maximizeWindow(): Current window maximized

2022-03-02 16:17:27 - [MESSAGE][PASSED] - Current window maximized

2022-03-02 16:17:27 - [TEST_STEP][PASSED] - ctdc.utilities.runtestcaseforKatalon.RunKatalon("TC05_Bento_Filter_TumorSize-Above_4.xlsx"): Data loaded from input file for the test case. 

2022-03-02 16:17:27 - [MESSAGE][PASSED] - Test case file loaded This is the full filepath after converting to string :C:\Users\sohilz2\Commons_Automation\InputFiles\TC05_Bento_Filter_TumorSize-Above_4.xlsx

2022-03-02 16:17:27 - [MESSAGE][INFO] - Global variable set for password file is :  C:\Users\sohilz2\Commons_Automation\InputFiles\TC05_Bento_Filter_TumorSize-Above_4.xlsx

2022-03-02 16:17:31 - [MESSAGE][PASSED] - Data loaded from input file for the test case. 

2022-03-02 16:17:38 - [TEST_STEP][PASSED] - waitForElementClickable(findTestObject("Object Repository/Bento/NavBar/Bento_Cases-Btn"), 5): Object 'Object Repository/Bento/NavBar/Bento_Cases-Btn' is clickable

2022-03-02 16:17:38 - [MESSAGE][PASSED] - Object 'Object Repository/Bento/NavBar/Bento_Cases-Btn' is clickable

2022-03-02 16:17:38 - [TEST_STEP][PASSED] - ctdc.utilities.runtestcaseforKatalon.clickTab("Object Repository/Bento/NavBar/Bento_Cases-Btn"): ctdc.utilities.runtestcaseforKatalon.clickTab is PASSED

2022-03-02 16:17:38 - [MESSAGE][PASSED] - ctdc.utilities.runtestcaseforKatalon.clickTab is PASSED

2022-03-02 16:17:38 - [TEST_STEP][PASSED] - waitForElementClickable(findTestObject("Bento/Cases_page/Filter/FilterByCases_Facet"), 5): Object 'Object Repository/Bento/Cases_page/Filter/FilterByCases_Facet' is clickable

2022-03-02 16:17:39 - [MESSAGE][PASSED] - Object 'Object Repository/Bento/Cases_page/Filter/FilterByCases_Facet' is clickable

2022-03-02 16:17:39 - [TEST_STEP][PASSED] - ctdc.utilities.runtestcaseforKatalon.clickTab("Bento/Cases_page/Filter/FilterByCases_Facet"): ctdc.utilities.runtestcaseforKatalon.clickTab is PASSED

2022-03-02 16:17:39 - [MESSAGE][PASSED] - ctdc.utilities.runtestcaseforKatalon.clickTab is PASSED

2022-03-02 16:17:39 - [TEST_STEP][PASSED] - waitForElementClickable(findTestObject("Bento/Cases_page/Filter/TumorSize/TumorSize_Ddn"), 5): Object 'Object Repository/Bento/Cases_page/Filter/TumorSize/TumorSize_Ddn' is clickable

2022-03-02 16:17:39 - [MESSAGE][PASSED] - Object 'Object Repository/Bento/Cases_page/Filter/TumorSize/TumorSize_Ddn' is clickable

2022-03-02 16:17:39 - [TEST_STEP][PASSED] - ctdc.utilities.runtestcaseforKatalon.clickTab("Bento/Cases_page/Filter/TumorSize/TumorSize_Ddn"): ctdc.utilities.runtestcaseforKatalon.clickTab is PASSED

2022-03-02 16:17:40 - [MESSAGE][PASSED] - ctdc.utilities.runtestcaseforKatalon.clickTab is PASSED

2022-03-02 16:17:40 - [TEST_STEP][PASSED] - ctdc.utilities.runtestcaseforKatalon.clickTab("Object Repository/Bento/Cases_page/Filter/TumorSize/Above_4_Chkbx"): ctdc.utilities.runtestcaseforKatalon.clickTab is PASSED

2022-03-02 16:17:40 - [MESSAGE][PASSED] - ctdc.utilities.runtestcaseforKatalon.clickTab is PASSED

2022-03-02 16:17:40 - [TEST_STEP][PASSED] - ctdc.utilities.runtestcaseforKatalon.clickTab("Object Repository/Bento/Cases_page/Filter/TumorSize/TumorSize_Ddn"): ctdc.utilities.runtestcaseforKatalon.clickTab is PASSED

2022-03-02 16:17:40 - [MESSAGE][PASSED] - ctdc.utilities.runtestcaseforKatalon.clickTab is PASSED

2022-03-02 16:17:40 - [TEST_STEP][PASSED] - ctdc.utilities.runtestcaseforKatalon.readStatBarBento("Object Repository/Bento/StatBar/Bento_StatBar-Programs", "Object Repository/Bento/StatBar/Bento_StatBar-Arms", "Object Repository/Bento/StatBar/Bento_StatBar-Cases", "Object Repository/Bento/StatBar/Bento_StatBar-Samples", "Object Repository/Bento/StatBar/Bento_StatBar-Assays", "Object Repository/Bento/StatBar/Bento_StatBar-Files"): ctdc.utilities.runtestcaseforKatalon.readStatBarBento is PASSED

2022-03-02 16:17:49 - [MESSAGE][PASSED] - ctdc.utilities.runtestcaseforKatalon.readStatBarBento is PASSED

2022-03-02 16:17:49 - [TEST_STEP][PASSED] - ctdc.utilities.ReadExcel.Neo4j(G_CypherTabnameCases, G_QueryCasesTab): ctdc.utilities.ReadExcel.Neo4j is PASSED

2022-03-02 16:17:55 - [MESSAGE][PASSED] - ctdc.utilities.ReadExcel.Neo4j is PASSED

2022-03-02 16:17:55 - [TEST_STEP][PASSED] - ctdc.utilities.runtestcaseforKatalon.validateStatBar("Bento"): Statbar Files count matches

2022-03-02 16:17:55 - [MESSAGE][PASSED] - Statbar Programs count matches

2022-03-02 16:17:55 - [MESSAGE][PASSED] - Statbar Arms count matches

2022-03-02 16:17:55 - [MESSAGE][PASSED] - Statbar Cases count matches

2022-03-02 16:17:55 - [MESSAGE][PASSED] - Statbar Samples count matches

2022-03-02 16:17:55 - [MESSAGE][PASSED] - Statbar Assays count matches

2022-03-02 16:17:55 - [MESSAGE][PASSED] - Statbar Files count matches

2022-03-02 16:17:55 - [TEST_STEP][PASSED] - closeBrowser(): Browser is closed

2022-03-02 16:17:56 - [MESSAGE][PASSED] - Browser is closed]]></system-out>
         <system-err><![CDATA[]]></system-err>
      </testcase>
      <testcase name="Test Cases/Bento_TestCases/TumorSize/TC06_Bento_Filter_TumorSize-NotReported" time="31.253" classname="Test Cases/Bento_TestCases/TumorSize/TC06_Bento_Filter_TumorSize-NotReported" status="PASSED">
         <system-out><![CDATA[2022-03-02 16:17:56 - [TEST_CASE][PASSED] - Test Cases/Bento_TestCases/TumorSize/TC06_Bento_Filter_TumorSize-NotReported: Test Cases/Bento_TestCases/TumorSize/TC06_Bento_Filter_TumorSize-NotReported

2022-03-02 16:17:56 - [TEST_STEP][PASSED] - Start listener action : getTestScriptName: null

2022-03-02 16:17:56 - [TEST_STEP][PASSED] - TestCaseId = testCaseContext.getTestCaseId(): null

2022-03-02 16:17:56 - [TEST_STEP][PASSED] - out.println("**********this is the value of test case id string******** " + testCaseContext.getTestCaseId()): null

2022-03-02 16:17:56 - [TEST_STEP][PASSED] - G_currentTCName = TestCaseId.substring(TestCaseId.lastIndexOf("TC")): null

2022-03-02 16:17:56 - [TEST_STEP][PASSED] - out.println("This is the test case name : " + G_currentTCName): null

2022-03-02 16:17:56 - [TEST_STEP][PASSED] - closeBrowser(): Browser is closed

2022-03-02 16:17:56 - [MESSAGE][PASSED] - Browser is closed

2022-03-02 16:17:56 - [TEST_STEP][PASSED] - openBrowser(""): Browser is opened with url: ''

2022-03-02 16:17:56 - [MESSAGE][INFO] - Starting 'Chrome (headless)' driver

2022-03-02 16:17:56 - [MESSAGE][INFO] - User set preference: ['args', '[--no-sandbox]']

2022-03-02 16:17:56 - [MESSAGE][INFO] - Action delay is set to 0 milliseconds

2022-03-02 16:17:58 - [MESSAGE][PASSED] - Browser is opened with url: ''

2022-03-02 16:17:58 - [TEST_STEP][PASSED] - maximizeWindow(): Current window maximized

2022-03-02 16:17:58 - [MESSAGE][PASSED] - Current window maximized

2022-03-02 16:17:58 - [TEST_STEP][PASSED] - ctdc.utilities.runtestcaseforKatalon.RunKatalon("TC06_Bento_Filter_TumorSize-NotReported.xlsx"): Data loaded from input file for the test case. 

2022-03-02 16:17:58 - [MESSAGE][PASSED] - Test case file loaded This is the full filepath after converting to string :C:\Users\sohilz2\Commons_Automation\InputFiles\TC06_Bento_Filter_TumorSize-NotReported.xlsx

2022-03-02 16:17:58 - [MESSAGE][INFO] - Global variable set for password file is :  C:\Users\sohilz2\Commons_Automation\InputFiles\TC06_Bento_Filter_TumorSize-NotReported.xlsx

2022-03-02 16:18:02 - [MESSAGE][PASSED] - Data loaded from input file for the test case. 

2022-03-02 16:18:09 - [TEST_STEP][PASSED] - waitForElementClickable(findTestObject("Object Repository/Bento/NavBar/Bento_Cases-Btn"), 5): Object 'Object Repository/Bento/NavBar/Bento_Cases-Btn' is clickable

2022-03-02 16:18:09 - [MESSAGE][PASSED] - Object 'Object Repository/Bento/NavBar/Bento_Cases-Btn' is clickable

2022-03-02 16:18:09 - [TEST_STEP][PASSED] - ctdc.utilities.runtestcaseforKatalon.clickTab("Object Repository/Bento/NavBar/Bento_Cases-Btn"): ctdc.utilities.runtestcaseforKatalon.clickTab is PASSED

2022-03-02 16:18:09 - [MESSAGE][PASSED] - ctdc.utilities.runtestcaseforKatalon.clickTab is PASSED

2022-03-02 16:18:09 - [TEST_STEP][PASSED] - waitForElementClickable(findTestObject("Bento/Cases_page/Filter/FilterByCases_Facet"), 5): Object 'Object Repository/Bento/Cases_page/Filter/FilterByCases_Facet' is clickable

2022-03-02 16:18:10 - [MESSAGE][PASSED] - Object 'Object Repository/Bento/Cases_page/Filter/FilterByCases_Facet' is clickable

2022-03-02 16:18:10 - [TEST_STEP][PASSED] - ctdc.utilities.runtestcaseforKatalon.clickTab("Bento/Cases_page/Filter/FilterByCases_Facet"): ctdc.utilities.runtestcaseforKatalon.clickTab is PASSED

2022-03-02 16:18:10 - [MESSAGE][PASSED] - ctdc.utilities.runtestcaseforKatalon.clickTab is PASSED

2022-03-02 16:18:10 - [TEST_STEP][PASSED] - waitForElementClickable(findTestObject("Bento/Cases_page/Filter/TumorSize/TumorSize_Ddn"), 5): Object 'Object Repository/Bento/Cases_page/Filter/TumorSize/TumorSize_Ddn' is clickable

2022-03-02 16:18:10 - [MESSAGE][PASSED] - Object 'Object Repository/Bento/Cases_page/Filter/TumorSize/TumorSize_Ddn' is clickable

2022-03-02 16:18:10 - [TEST_STEP][PASSED] - ctdc.utilities.runtestcaseforKatalon.clickTab("Bento/Cases_page/Filter/TumorSize/TumorSize_Ddn"): ctdc.utilities.runtestcaseforKatalon.clickTab is PASSED

2022-03-02 16:18:11 - [MESSAGE][PASSED] - ctdc.utilities.runtestcaseforKatalon.clickTab is PASSED

2022-03-02 16:18:11 - [TEST_STEP][PASSED] - ctdc.utilities.runtestcaseforKatalon.clickTab("Object Repository/Bento/Cases_page/Filter/TumorSize/NotReported_Chkbx"): ctdc.utilities.runtestcaseforKatalon.clickTab is PASSED

2022-03-02 16:18:11 - [MESSAGE][PASSED] - ctdc.utilities.runtestcaseforKatalon.clickTab is PASSED

2022-03-02 16:18:11 - [TEST_STEP][PASSED] - ctdc.utilities.runtestcaseforKatalon.clickTab("Object Repository/Bento/Cases_page/Filter/TumorSize/TumorSize_Ddn"): ctdc.utilities.runtestcaseforKatalon.clickTab is PASSED

2022-03-02 16:18:11 - [MESSAGE][PASSED] - ctdc.utilities.runtestcaseforKatalon.clickTab is PASSED

2022-03-02 16:18:11 - [TEST_STEP][PASSED] - ctdc.utilities.runtestcaseforKatalon.readStatBarBento("Object Repository/Bento/StatBar/Bento_StatBar-Programs", "Object Repository/Bento/StatBar/Bento_StatBar-Arms", "Object Repository/Bento/StatBar/Bento_StatBar-Cases", "Object Repository/Bento/StatBar/Bento_StatBar-Samples", "Object Repository/Bento/StatBar/Bento_StatBar-Assays", "Object Repository/Bento/StatBar/Bento_StatBar-Files"): ctdc.utilities.runtestcaseforKatalon.readStatBarBento is PASSED

2022-03-02 16:18:20 - [MESSAGE][PASSED] - ctdc.utilities.runtestcaseforKatalon.readStatBarBento is PASSED

2022-03-02 16:18:20 - [TEST_STEP][PASSED] - ctdc.utilities.ReadExcel.Neo4j(G_CypherTabnameCases, G_QueryCasesTab): ctdc.utilities.ReadExcel.Neo4j is PASSED

2022-03-02 16:18:26 - [MESSAGE][PASSED] - ctdc.utilities.ReadExcel.Neo4j is PASSED

2022-03-02 16:18:26 - [TEST_STEP][PASSED] - ctdc.utilities.runtestcaseforKatalon.validateStatBar("Bento"): Statbar Files count matches

2022-03-02 16:18:26 - [MESSAGE][PASSED] - Statbar Programs count matches

2022-03-02 16:18:26 - [MESSAGE][PASSED] - Statbar Arms count matches

2022-03-02 16:18:26 - [MESSAGE][PASSED] - Statbar Cases count matches

2022-03-02 16:18:26 - [MESSAGE][PASSED] - Statbar Samples count matches

2022-03-02 16:18:26 - [MESSAGE][PASSED] - Statbar Assays count matches

2022-03-02 16:18:26 - [MESSAGE][PASSED] - Statbar Files count matches

2022-03-02 16:18:26 - [TEST_STEP][PASSED] - closeBrowser(): Browser is closed

2022-03-02 16:18:27 - [MESSAGE][PASSED] - Browser is closed]]></system-out>
         <system-err><![CDATA[]]></system-err>
      </testcase>
      <testcase name="Test Cases/Bento_TestCases/Bento_Regression/TC07_HomePage_AllLinks_Buttons_Verifications" time="52.169" classname="Test Cases/Bento_TestCases/Bento_Regression/TC07_HomePage_AllLinks_Buttons_Verifications" status="PASSED">
         <system-out><![CDATA[2022-03-02 16:18:27 - [TEST_CASE][PASSED] - Test Cases/Bento_TestCases/Bento_Regression/TC07_HomePage_AllLinks_Buttons_Verifications: Test Cases/Bento_TestCases/Bento_Regression/TC07_HomePage_AllLinks_Buttons_Verifications

2022-03-02 16:18:27 - [TEST_STEP][PASSED] - Start listener action : getTestScriptName: null

2022-03-02 16:18:27 - [TEST_STEP][PASSED] - TestCaseId = testCaseContext.getTestCaseId(): null

2022-03-02 16:18:27 - [TEST_STEP][PASSED] - out.println("**********this is the value of test case id string******** " + testCaseContext.getTestCaseId()): null

2022-03-02 16:18:27 - [TEST_STEP][PASSED] - G_currentTCName = TestCaseId.substring(TestCaseId.lastIndexOf("TC")): null

2022-03-02 16:18:27 - [TEST_STEP][PASSED] - out.println("This is the test case name : " + G_currentTCName): null

2022-03-02 16:18:28 - [TEST_STEP][PASSED] - closeBrowser(): Browser is closed

2022-03-02 16:18:28 - [MESSAGE][PASSED] - Browser is closed

2022-03-02 16:18:28 - [TEST_STEP][PASSED] - ctdc.utilities.runtestcaseforKatalon.RunKatalon("TC07_HomePage_AllLinks_Buttons_Verifications.xlsx"): Data loaded from input file for the test case. 

2022-03-02 16:18:28 - [MESSAGE][PASSED] - Test case file loaded This is the full filepath after converting to string :C:\Users\sohilz2\Commons_Automation\InputFiles\TC07_HomePage_AllLinks_Buttons_Verifications.xlsx

2022-03-02 16:18:28 - [MESSAGE][INFO] - Global variable set for password file is :  C:\Users\sohilz2\Commons_Automation\InputFiles\TC07_HomePage_AllLinks_Buttons_Verifications.xlsx

2022-03-02 16:18:32 - [MESSAGE][PASSED] - Data loaded from input file for the test case. 

2022-03-02 16:18:39 - [TEST_STEP][PASSED] - waitForElementPresent(findTestObject("Bento/Home_page/Bento_logo"), 5): Object 'Object Repository/Bento/Home_page/Bento_logo' is present

2022-03-02 16:18:39 - [MESSAGE][PASSED] - Object 'Object Repository/Bento/Home_page/Bento_logo' is present

2022-03-02 16:18:39 - [TEST_STEP][PASSED] - verifyElementPresent(findTestObject("Bento/Home_page/Bento_logo"), 5): Object 'Object Repository/Bento/Home_page/Bento_logo' is present

2022-03-02 16:18:39 - [MESSAGE][PASSED] - Object 'Object Repository/Bento/Home_page/Bento_logo' is present

2022-03-02 16:18:39 - [TEST_STEP][PASSED] - waitForElementClickable(findTestObject("Bento/Home_page/HomePage_ExploreTheSite_Btn"), 5): Object 'Object Repository/Bento/Home_page/HomePage_ExploreTheSite_Btn' is clickable

2022-03-02 16:18:39 - [MESSAGE][PASSED] - Object 'Object Repository/Bento/Home_page/HomePage_ExploreTheSite_Btn' is clickable

2022-03-02 16:18:39 - [TEST_STEP][PASSED] - ctdc.utilities.runtestcaseforKatalon.clickTab("Bento/Home_page/HomePage_ExploreTheSite_Btn"): ctdc.utilities.runtestcaseforKatalon.clickTab is PASSED

2022-03-02 16:18:39 - [MESSAGE][PASSED] - ctdc.utilities.runtestcaseforKatalon.clickTab is PASSED

2022-03-02 16:18:39 - [TEST_STEP][PASSED] - verifyElementPresent(findTestObject("Object Repository/Bento/StatBar/Bento_StatBar-Programs"), 2): Object 'Object Repository/Bento/StatBar/Bento_StatBar-Programs' is present

2022-03-02 16:18:40 - [MESSAGE][PASSED] - Object 'Object Repository/Bento/StatBar/Bento_StatBar-Programs' is present

2022-03-02 16:18:40 - [TEST_STEP][PASSED] - verifyElementPresent(findTestObject("Object Repository/Bento/StatBar/Bento_StatBar-Arms"), 2): Object 'Object Repository/Bento/StatBar/Bento_StatBar-Arms' is present

2022-03-02 16:18:40 - [MESSAGE][PASSED] - Object 'Object Repository/Bento/StatBar/Bento_StatBar-Arms' is present

2022-03-02 16:18:40 - [TEST_STEP][PASSED] - verifyElementPresent(findTestObject("Object Repository/Bento/StatBar/Bento_StatBar-Cases"), 2): Object 'Object Repository/Bento/StatBar/Bento_StatBar-Cases' is present

2022-03-02 16:18:40 - [MESSAGE][PASSED] - Object 'Object Repository/Bento/StatBar/Bento_StatBar-Cases' is present

2022-03-02 16:18:40 - [TEST_STEP][PASSED] - verifyElementPresent(findTestObject("Object Repository/Bento/StatBar/Bento_StatBar-Samples"), 2): Object 'Object Repository/Bento/StatBar/Bento_StatBar-Samples' is present

2022-03-02 16:18:40 - [MESSAGE][PASSED] - Object 'Object Repository/Bento/StatBar/Bento_StatBar-Samples' is present

2022-03-02 16:18:40 - [TEST_STEP][PASSED] - verifyElementPresent(findTestObject("Object Repository/Bento/StatBar/Bento_StatBar-Assays"), 2): Object 'Object Repository/Bento/StatBar/Bento_StatBar-Assays' is present

2022-03-02 16:18:40 - [MESSAGE][PASSED] - Object 'Object Repository/Bento/StatBar/Bento_StatBar-Assays' is present

2022-03-02 16:18:40 - [TEST_STEP][PASSED] - verifyElementPresent(findTestObject("Object Repository/Bento/StatBar/Bento_StatBar-Files"), 2): Object 'Object Repository/Bento/StatBar/Bento_StatBar-Files' is present

2022-03-02 16:18:41 - [MESSAGE][PASSED] - Object 'Object Repository/Bento/StatBar/Bento_StatBar-Files' is present

2022-03-02 16:18:41 - [TEST_STEP][PASSED] - ctdc.utilities.runtestcaseforKatalon.readStatBarBento("Object Repository/Bento/StatBar/Bento_StatBar-Programs", "Object Repository/Bento/StatBar/Bento_StatBar-Arms", "Object Repository/Bento/StatBar/Bento_StatBar-Cases", "Object Repository/Bento/StatBar/Bento_StatBar-Samples", "Object Repository/Bento/StatBar/Bento_StatBar-Assays", "Object Repository/Bento/StatBar/Bento_StatBar-Files"): ctdc.utilities.runtestcaseforKatalon.readStatBarBento is PASSED

2022-03-02 16:18:49 - [MESSAGE][PASSED] - ctdc.utilities.runtestcaseforKatalon.readStatBarBento is PASSED

2022-03-02 16:18:49 - [TEST_STEP][PASSED] - waitForElementClickable(findTestObject("Object Repository/Bento/NavBar/Bento_Home-Btn"), 5): Object 'Object Repository/Bento/NavBar/Bento_Home-Btn' is clickable

2022-03-02 16:18:49 - [MESSAGE][PASSED] - Object 'Object Repository/Bento/NavBar/Bento_Home-Btn' is clickable

2022-03-02 16:18:49 - [TEST_STEP][PASSED] - ctdc.utilities.runtestcaseforKatalon.clickTab("Object Repository/Bento/NavBar/Bento_Home-Btn"): ctdc.utilities.runtestcaseforKatalon.clickTab is PASSED

2022-03-02 16:18:50 - [MESSAGE][PASSED] - ctdc.utilities.runtestcaseforKatalon.clickTab is PASSED

2022-03-02 16:18:50 - [TEST_STEP][PASSED] - waitForElementPresent(findTestObject("Bento/Home_page/Programs_View_Btn"), 5): Object 'Object Repository/Bento/Home_page/Programs_View_Btn' is present

2022-03-02 16:18:50 - [MESSAGE][PASSED] - Object 'Object Repository/Bento/Home_page/Programs_View_Btn' is present

2022-03-02 16:18:50 - [TEST_STEP][PASSED] - ctdc.utilities.runtestcaseforKatalon.clickTab("Bento/Home_page/Programs_View_Btn"): ctdc.utilities.runtestcaseforKatalon.clickTab is PASSED

2022-03-02 16:18:50 - [MESSAGE][PASSED] - ctdc.utilities.runtestcaseforKatalon.clickTab is PASSED

2022-03-02 16:18:50 - [TEST_STEP][PASSED] - verifyElementPresent(findTestObject("Object Repository/Bento/StatBar/Bento_StatBar-Programs"), 2): Object 'Object Repository/Bento/StatBar/Bento_StatBar-Programs' is present

2022-03-02 16:18:50 - [MESSAGE][PASSED] - Object 'Object Repository/Bento/StatBar/Bento_StatBar-Programs' is present

2022-03-02 16:18:50 - [TEST_STEP][PASSED] - verifyElementPresent(findTestObject("Object Repository/Bento/StatBar/Bento_StatBar-Arms"), 2): Object 'Object Repository/Bento/StatBar/Bento_StatBar-Arms' is present

2022-03-02 16:18:50 - [MESSAGE][PASSED] - Object 'Object Repository/Bento/StatBar/Bento_StatBar-Arms' is present

2022-03-02 16:18:50 - [TEST_STEP][PASSED] - verifyElementPresent(findTestObject("Object Repository/Bento/StatBar/Bento_StatBar-Cases"), 2): Object 'Object Repository/Bento/StatBar/Bento_StatBar-Cases' is present

2022-03-02 16:18:50 - [MESSAGE][PASSED] - Object 'Object Repository/Bento/StatBar/Bento_StatBar-Cases' is present

2022-03-02 16:18:50 - [TEST_STEP][PASSED] - verifyElementPresent(findTestObject("Object Repository/Bento/StatBar/Bento_StatBar-Samples"), 2): Object 'Object Repository/Bento/StatBar/Bento_StatBar-Samples' is present

2022-03-02 16:18:50 - [MESSAGE][PASSED] - Object 'Object Repository/Bento/StatBar/Bento_StatBar-Samples' is present

2022-03-02 16:18:50 - [TEST_STEP][PASSED] - verifyElementPresent(findTestObject("Object Repository/Bento/StatBar/Bento_StatBar-Assays"), 2): Object 'Object Repository/Bento/StatBar/Bento_StatBar-Assays' is present

2022-03-02 16:18:50 - [MESSAGE][PASSED] - Object 'Object Repository/Bento/StatBar/Bento_StatBar-Assays' is present

2022-03-02 16:18:50 - [TEST_STEP][PASSED] - verifyElementPresent(findTestObject("Object Repository/Bento/StatBar/Bento_StatBar-Files"), 2): Object 'Object Repository/Bento/StatBar/Bento_StatBar-Files' is present

2022-03-02 16:18:50 - [MESSAGE][PASSED] - Object 'Object Repository/Bento/StatBar/Bento_StatBar-Files' is present

2022-03-02 16:18:50 - [TEST_STEP][PASSED] - ctdc.utilities.runtestcaseforKatalon.readStatBarBento("Object Repository/Bento/StatBar/Bento_StatBar-Programs", "Object Repository/Bento/StatBar/Bento_StatBar-Arms", "Object Repository/Bento/StatBar/Bento_StatBar-Cases", "Object Repository/Bento/StatBar/Bento_StatBar-Samples", "Object Repository/Bento/StatBar/Bento_StatBar-Assays", "Object Repository/Bento/StatBar/Bento_StatBar-Files"): ctdc.utilities.runtestcaseforKatalon.readStatBarBento is PASSED

2022-03-02 16:18:59 - [MESSAGE][PASSED] - ctdc.utilities.runtestcaseforKatalon.readStatBarBento is PASSED

2022-03-02 16:18:59 - [TEST_STEP][PASSED] - waitForElementClickable(findTestObject("Object Repository/Bento/NavBar/Bento_Home-Btn"), 5): Object 'Object Repository/Bento/NavBar/Bento_Home-Btn' is clickable

2022-03-02 16:18:59 - [MESSAGE][PASSED] - Object 'Object Repository/Bento/NavBar/Bento_Home-Btn' is clickable

2022-03-02 16:18:59 - [TEST_STEP][PASSED] - ctdc.utilities.runtestcaseforKatalon.clickTab("Object Repository/Bento/NavBar/Bento_Home-Btn"): ctdc.utilities.runtestcaseforKatalon.clickTab is PASSED

2022-03-02 16:18:59 - [MESSAGE][PASSED] - ctdc.utilities.runtestcaseforKatalon.clickTab is PASSED

2022-03-02 16:18:59 - [TEST_STEP][PASSED] - waitForElementClickable(findTestObject("Bento/Home_page/Resources_ReadMore_Btn"), 5): Object 'Object Repository/Bento/Home_page/Resources_ReadMore_Btn' is clickable

2022-03-02 16:18:59 - [MESSAGE][PASSED] - Object 'Object Repository/Bento/Home_page/Resources_ReadMore_Btn' is clickable

2022-03-02 16:18:59 - [TEST_STEP][PASSED] - ctdc.utilities.runtestcaseforKatalon.clickTab("Bento/Home_page/Resources_ReadMore_Btn"): ctdc.utilities.runtestcaseforKatalon.clickTab is PASSED

2022-03-02 16:19:00 - [MESSAGE][PASSED] - ctdc.utilities.runtestcaseforKatalon.clickTab is PASSED

2022-03-02 16:19:00 - [TEST_STEP][PASSED] - waitForElementPresent(findTestObject("Bento/Home_page/AboutPage_Resources_title"), 5): Object 'Object Repository/Bento/Home_page/AboutPage_Resources_title' is present

2022-03-02 16:19:00 - [MESSAGE][PASSED] - Object 'Object Repository/Bento/Home_page/AboutPage_Resources_title' is present

2022-03-02 16:19:00 - [TEST_STEP][PASSED] - verifyElementText(findTestObject("Bento/Home_page/AboutPage_Resources_title"), "Resources"): Actual text and expected text of test object 'Object Repository/Bento/Home_page/AboutPage_Resources_title' are matched.

2022-03-02 16:19:00 - [MESSAGE][PASSED] - Actual text and expected text of test object 'Object Repository/Bento/Home_page/AboutPage_Resources_title' are matched.

2022-03-02 16:19:00 - [TEST_STEP][PASSED] - waitForElementClickable(findTestObject("Object Repository/Bento/NavBar/Bento_Home-Btn"), 5): Object 'Object Repository/Bento/NavBar/Bento_Home-Btn' is clickable

2022-03-02 16:19:00 - [MESSAGE][PASSED] - Object 'Object Repository/Bento/NavBar/Bento_Home-Btn' is clickable

2022-03-02 16:19:00 - [TEST_STEP][PASSED] - ctdc.utilities.runtestcaseforKatalon.clickTab("Object Repository/Bento/NavBar/Bento_Home-Btn"): ctdc.utilities.runtestcaseforKatalon.clickTab is PASSED

2022-03-02 16:19:00 - [MESSAGE][PASSED] - ctdc.utilities.runtestcaseforKatalon.clickTab is PASSED

2022-03-02 16:19:00 - [TEST_STEP][PASSED] - waitForElementPresent(findTestObject("Bento/Home_page/AboutBento_ReadMore_Btn"), 5): Object 'Object Repository/Bento/Home_page/AboutBento_ReadMore_Btn' is present

2022-03-02 16:19:00 - [MESSAGE][PASSED] - Object 'Object Repository/Bento/Home_page/AboutBento_ReadMore_Btn' is present

2022-03-02 16:19:00 - [TEST_STEP][PASSED] - ctdc.utilities.runtestcaseforKatalon.clickTab("Bento/Home_page/AboutBento_ReadMore_Btn"): ctdc.utilities.runtestcaseforKatalon.clickTab is PASSED

2022-03-02 16:19:00 - [MESSAGE][PASSED] - ctdc.utilities.runtestcaseforKatalon.clickTab is PASSED

2022-03-02 16:19:00 - [TEST_STEP][PASSED] - waitForElementPresent(findTestObject("Bento/Home_page/AboutBento_Title"), 5): Object 'Object Repository/Bento/Home_page/AboutBento_Title' is present

2022-03-02 16:19:01 - [MESSAGE][PASSED] - Object 'Object Repository/Bento/Home_page/AboutBento_Title' is present

2022-03-02 16:19:01 - [TEST_STEP][PASSED] - verifyElementText(findTestObject("Bento/Home_page/AboutBento_Title"), "Bento"): Actual text and expected text of test object 'Object Repository/Bento/Home_page/AboutBento_Title' are matched.

2022-03-02 16:19:01 - [MESSAGE][PASSED] - Actual text and expected text of test object 'Object Repository/Bento/Home_page/AboutBento_Title' are matched.

2022-03-02 16:19:01 - [TEST_STEP][PASSED] - waitForElementClickable(findTestObject("Object Repository/Bento/NavBar/Bento_Home-Btn"), 5): Object 'Object Repository/Bento/NavBar/Bento_Home-Btn' is clickable

2022-03-02 16:19:01 - [MESSAGE][PASSED] - Object 'Object Repository/Bento/NavBar/Bento_Home-Btn' is clickable

2022-03-02 16:19:01 - [TEST_STEP][PASSED] - ctdc.utilities.runtestcaseforKatalon.clickTab("Object Repository/Bento/NavBar/Bento_Home-Btn"): ctdc.utilities.runtestcaseforKatalon.clickTab is PASSED

2022-03-02 16:19:01 - [MESSAGE][PASSED] - ctdc.utilities.runtestcaseforKatalon.clickTab is PASSED

2022-03-02 16:19:01 - [TEST_STEP][PASSED] - waitForElementPresent(findTestObject("Bento/Home_page/Explore_Btn"), 5): Object 'Object Repository/Bento/Home_page/Explore_Btn' is present

2022-03-02 16:19:01 - [MESSAGE][PASSED] - Object 'Object Repository/Bento/Home_page/Explore_Btn' is present

2022-03-02 16:19:01 - [TEST_STEP][PASSED] - ctdc.utilities.runtestcaseforKatalon.clickTab("Bento/Home_page/Explore_Btn"): ctdc.utilities.runtestcaseforKatalon.clickTab is PASSED

2022-03-02 16:19:01 - [MESSAGE][PASSED] - ctdc.utilities.runtestcaseforKatalon.clickTab is PASSED

2022-03-02 16:19:01 - [TEST_STEP][PASSED] - verifyElementPresent(findTestObject("Object Repository/Bento/StatBar/Bento_StatBar-Programs"), 5): Object 'Object Repository/Bento/StatBar/Bento_StatBar-Programs' is present

2022-03-02 16:19:01 - [MESSAGE][PASSED] - Object 'Object Repository/Bento/StatBar/Bento_StatBar-Programs' is present

2022-03-02 16:19:01 - [TEST_STEP][PASSED] - verifyElementPresent(findTestObject("Object Repository/Bento/StatBar/Bento_StatBar-Arms"), 5): Object 'Object Repository/Bento/StatBar/Bento_StatBar-Arms' is present

2022-03-02 16:19:01 - [MESSAGE][PASSED] - Object 'Object Repository/Bento/StatBar/Bento_StatBar-Arms' is present

2022-03-02 16:19:01 - [TEST_STEP][PASSED] - verifyElementPresent(findTestObject("Object Repository/Bento/StatBar/Bento_StatBar-Cases"), 5): Object 'Object Repository/Bento/StatBar/Bento_StatBar-Cases' is present

2022-03-02 16:19:01 - [MESSAGE][PASSED] - Object 'Object Repository/Bento/StatBar/Bento_StatBar-Cases' is present

2022-03-02 16:19:01 - [TEST_STEP][PASSED] - waitForElementClickable(findTestObject("Object Repository/Bento/NavBar/Bento_Home-Btn"), 5): Object 'Object Repository/Bento/NavBar/Bento_Home-Btn' is clickable

2022-03-02 16:19:01 - [MESSAGE][PASSED] - Object 'Object Repository/Bento/NavBar/Bento_Home-Btn' is clickable

2022-03-02 16:19:01 - [TEST_STEP][PASSED] - ctdc.utilities.runtestcaseforKatalon.clickTab("Object Repository/Bento/NavBar/Bento_Home-Btn"): ctdc.utilities.runtestcaseforKatalon.clickTab is PASSED

2022-03-02 16:19:02 - [MESSAGE][PASSED] - ctdc.utilities.runtestcaseforKatalon.clickTab is PASSED

2022-03-02 16:19:02 - [TEST_STEP][PASSED] - waitForElementPresent(findTestObject("Bento/Footer/FNLCR_Logo"), 5): Object 'Object Repository/Bento/Footer/FNLCR_Logo' is present

2022-03-02 16:19:02 - [MESSAGE][PASSED] - Object 'Object Repository/Bento/Footer/FNLCR_Logo' is present

2022-03-02 16:19:02 - [TEST_STEP][PASSED] - ctdc.utilities.runtestcaseforKatalon.clickTab("Bento/Footer/FNLCR_Logo"): ctdc.utilities.runtestcaseforKatalon.clickTab is PASSED

2022-03-02 16:19:02 - [MESSAGE][PASSED] - ctdc.utilities.runtestcaseforKatalon.clickTab is PASSED

2022-03-02 16:19:02 - [TEST_STEP][PASSED] - switchToWindowIndex(1): Switched to window with index: '1'

2022-03-02 16:19:02 - [MESSAGE][PASSED] - Switched to window with index: '1'

2022-03-02 16:19:02 - [TEST_STEP][PASSED] - verifyElementPresent(findTestObject("Bento/Footer/Externel_Apps/FNLCR_HomePage_Logo"), 2): Object 'Object Repository/Bento/Footer/Externel_Apps/FNLCR_HomePage_Logo' is present

2022-03-02 16:19:05 - [MESSAGE][PASSED] - Object 'Object Repository/Bento/Footer/Externel_Apps/FNLCR_HomePage_Logo' is present

2022-03-02 16:19:05 - [TEST_STEP][PASSED] - closeWindowIndex(1): Window with index 1 is closed

2022-03-02 16:19:05 - [MESSAGE][PASSED] - Window with index 1 is closed

2022-03-02 16:19:05 - [TEST_STEP][PASSED] - switchToWindowIndex(0): Switched to window with index: '0'

2022-03-02 16:19:05 - [MESSAGE][PASSED] - Switched to window with index: '0'

2022-03-02 16:19:05 - [TEST_STEP][PASSED] - waitForElementPresent(findTestObject("Bento/Footer/Purpose_Hplink"), 5): Object 'Object Repository/Bento/Footer/Purpose_Hplink' is present

2022-03-02 16:19:05 - [MESSAGE][PASSED] - Object 'Object Repository/Bento/Footer/Purpose_Hplink' is present

2022-03-02 16:19:05 - [TEST_STEP][PASSED] - ctdc.utilities.runtestcaseforKatalon.clickTab("Bento/Footer/Purpose_Hplink"): ctdc.utilities.runtestcaseforKatalon.clickTab is PASSED

2022-03-02 16:19:05 - [MESSAGE][PASSED] - ctdc.utilities.runtestcaseforKatalon.clickTab is PASSED

2022-03-02 16:19:05 - [TEST_STEP][PASSED] - waitForElementClickable(findTestObject("Object Repository/Bento/NavBar/Bento_Home-Btn"), 5): Object 'Object Repository/Bento/NavBar/Bento_Home-Btn' is clickable

2022-03-02 16:19:05 - [MESSAGE][PASSED] - Object 'Object Repository/Bento/NavBar/Bento_Home-Btn' is clickable

2022-03-02 16:19:05 - [TEST_STEP][PASSED] - ctdc.utilities.runtestcaseforKatalon.clickTab("Object Repository/Bento/NavBar/Bento_Home-Btn"): ctdc.utilities.runtestcaseforKatalon.clickTab is PASSED

2022-03-02 16:19:05 - [MESSAGE][PASSED] - ctdc.utilities.runtestcaseforKatalon.clickTab is PASSED

2022-03-02 16:19:05 - [TEST_STEP][PASSED] - waitForElementPresent(findTestObject("Bento/Footer/Resources_Hplink"), 5): Object 'Object Repository/Bento/Footer/Resources_Hplink' is present

2022-03-02 16:19:06 - [MESSAGE][PASSED] - Object 'Object Repository/Bento/Footer/Resources_Hplink' is present

2022-03-02 16:19:06 - [TEST_STEP][PASSED] - ctdc.utilities.runtestcaseforKatalon.clickTab("Bento/Footer/Resources_Hplink"): ctdc.utilities.runtestcaseforKatalon.clickTab is PASSED

2022-03-02 16:19:06 - [MESSAGE][PASSED] - ctdc.utilities.runtestcaseforKatalon.clickTab is PASSED

2022-03-02 16:19:06 - [TEST_STEP][PASSED] - verifyElementText(findTestObject("Bento/Home_page/AboutPage_Resources_title"), "Resources"): Actual text and expected text of test object 'Object Repository/Bento/Home_page/AboutPage_Resources_title' are matched.

2022-03-02 16:19:06 - [MESSAGE][PASSED] - Actual text and expected text of test object 'Object Repository/Bento/Home_page/AboutPage_Resources_title' are matched.

2022-03-02 16:19:06 - [TEST_STEP][PASSED] - delay(2): Delayed 2 second(s)

2022-03-02 16:19:08 - [MESSAGE][PASSED] - Delayed 2 second(s)

2022-03-02 16:19:08 - [TEST_STEP][PASSED] - waitForElementClickable(findTestObject("Object Repository/Bento/NavBar/Bento_Home-Btn"), 5): Object 'Object Repository/Bento/NavBar/Bento_Home-Btn' is clickable

2022-03-02 16:19:08 - [MESSAGE][PASSED] - Object 'Object Repository/Bento/NavBar/Bento_Home-Btn' is clickable

2022-03-02 16:19:08 - [TEST_STEP][PASSED] - ctdc.utilities.runtestcaseforKatalon.clickTab("Object Repository/Bento/NavBar/Bento_Home-Btn"): ctdc.utilities.runtestcaseforKatalon.clickTab is PASSED

2022-03-02 16:19:08 - [MESSAGE][PASSED] - ctdc.utilities.runtestcaseforKatalon.clickTab is PASSED

2022-03-02 16:19:08 - [TEST_STEP][PASSED] - waitForElementPresent(findTestObject("Bento/Footer/Documentation_Hplink"), 5): Object 'Object Repository/Bento/Footer/Documentation_Hplink' is present

2022-03-02 16:19:08 - [MESSAGE][PASSED] - Object 'Object Repository/Bento/Footer/Documentation_Hplink' is present

2022-03-02 16:19:08 - [TEST_STEP][PASSED] - ctdc.utilities.runtestcaseforKatalon.clickTab("Bento/Footer/Documentation_Hplink"): ctdc.utilities.runtestcaseforKatalon.clickTab is PASSED

2022-03-02 16:19:08 - [MESSAGE][PASSED] - ctdc.utilities.runtestcaseforKatalon.clickTab is PASSED

2022-03-02 16:19:08 - [TEST_STEP][PASSED] - switchToWindowIndex(1): Switched to window with index: '1'

2022-03-02 16:19:08 - [MESSAGE][PASSED] - Switched to window with index: '1'

2022-03-02 16:19:08 - [TEST_STEP][PASSED] - waitForElementPresent(findTestObject("Bento/Home_page/Bento_logo"), 5): Object 'Object Repository/Bento/Home_page/Bento_logo' is present

2022-03-02 16:19:09 - [MESSAGE][PASSED] - Object 'Object Repository/Bento/Home_page/Bento_logo' is present

2022-03-02 16:19:09 - [TEST_STEP][PASSED] - verifyElementPresent(findTestObject("Bento/Home_page/Bento_logo"), 5): Object 'Object Repository/Bento/Home_page/Bento_logo' is present

2022-03-02 16:19:09 - [MESSAGE][PASSED] - Object 'Object Repository/Bento/Home_page/Bento_logo' is present

2022-03-02 16:19:09 - [TEST_STEP][PASSED] - closeWindowIndex(1): Window with index 1 is closed

2022-03-02 16:19:09 - [MESSAGE][PASSED] - Window with index 1 is closed

2022-03-02 16:19:09 - [TEST_STEP][PASSED] - switchToWindowIndex(0): Switched to window with index: '0'

2022-03-02 16:19:09 - [MESSAGE][PASSED] - Switched to window with index: '0'

2022-03-02 16:19:09 - [TEST_STEP][PASSED] - waitForElementPresent(findTestObject("Bento/Footer/HHS_Hplink"), 5): Object 'Object Repository/Bento/Footer/HHS_Hplink' is present

2022-03-02 16:19:09 - [MESSAGE][PASSED] - Object 'Object Repository/Bento/Footer/HHS_Hplink' is present

2022-03-02 16:19:09 - [TEST_STEP][PASSED] - ctdc.utilities.runtestcaseforKatalon.clickTab("Bento/Footer/HHS_Hplink"): ctdc.utilities.runtestcaseforKatalon.clickTab is PASSED

2022-03-02 16:19:09 - [MESSAGE][PASSED] - ctdc.utilities.runtestcaseforKatalon.clickTab is PASSED

2022-03-02 16:19:09 - [TEST_STEP][PASSED] - switchToWindowIndex(1): Switched to window with index: '1'

2022-03-02 16:19:09 - [MESSAGE][PASSED] - Switched to window with index: '1'

2022-03-02 16:19:09 - [TEST_STEP][PASSED] - waitForElementPresent(findTestObject("Bento/Footer/Externel_Apps/HHS_logo"), 5): Object 'Object Repository/Bento/Footer/Externel_Apps/HHS_logo' is present

2022-03-02 16:19:11 - [MESSAGE][PASSED] - Object 'Object Repository/Bento/Footer/Externel_Apps/HHS_logo' is present

2022-03-02 16:19:11 - [TEST_STEP][PASSED] - verifyElementPresent(findTestObject("Bento/Footer/Externel_Apps/HHS_logo"), 5): Object 'Object Repository/Bento/Footer/Externel_Apps/HHS_logo' is present

2022-03-02 16:19:11 - [MESSAGE][PASSED] - Object 'Object Repository/Bento/Footer/Externel_Apps/HHS_logo' is present

2022-03-02 16:19:11 - [TEST_STEP][PASSED] - closeWindowIndex(1): Window with index 1 is closed

2022-03-02 16:19:11 - [MESSAGE][PASSED] - Window with index 1 is closed

2022-03-02 16:19:11 - [TEST_STEP][PASSED] - switchToWindowIndex(0): Switched to window with index: '0'

2022-03-02 16:19:11 - [MESSAGE][PASSED] - Switched to window with index: '0'

2022-03-02 16:19:11 - [TEST_STEP][PASSED] - waitForElementPresent(findTestObject("Bento/Footer/NIH_Hplink"), 5): Object 'Object Repository/Bento/Footer/NIH_Hplink' is present

2022-03-02 16:19:12 - [MESSAGE][PASSED] - Object 'Object Repository/Bento/Footer/NIH_Hplink' is present

2022-03-02 16:19:12 - [TEST_STEP][PASSED] - ctdc.utilities.runtestcaseforKatalon.clickTab("Bento/Footer/NIH_Hplink"): ctdc.utilities.runtestcaseforKatalon.clickTab is PASSED

2022-03-02 16:19:12 - [MESSAGE][PASSED] - ctdc.utilities.runtestcaseforKatalon.clickTab is PASSED

2022-03-02 16:19:12 - [TEST_STEP][PASSED] - switchToWindowIndex(1): Switched to window with index: '1'

2022-03-02 16:19:12 - [MESSAGE][PASSED] - Switched to window with index: '1'

2022-03-02 16:19:12 - [TEST_STEP][PASSED] - waitForElementPresent(findTestObject("Bento/Footer/Externel_Apps/NIH_logo"), 5): Object 'Object Repository/Bento/Footer/Externel_Apps/NIH_logo' is present

2022-03-02 16:19:13 - [MESSAGE][PASSED] - Object 'Object Repository/Bento/Footer/Externel_Apps/NIH_logo' is present

2022-03-02 16:19:13 - [TEST_STEP][PASSED] - verifyElementPresent(findTestObject("Bento/Footer/Externel_Apps/NIH_logo"), 5): Object 'Object Repository/Bento/Footer/Externel_Apps/NIH_logo' is present

2022-03-02 16:19:13 - [MESSAGE][PASSED] - Object 'Object Repository/Bento/Footer/Externel_Apps/NIH_logo' is present

2022-03-02 16:19:13 - [TEST_STEP][PASSED] - closeWindowIndex(1): Window with index 1 is closed

2022-03-02 16:19:13 - [MESSAGE][PASSED] - Window with index 1 is closed

2022-03-02 16:19:13 - [TEST_STEP][PASSED] - switchToWindowIndex(0): Switched to window with index: '0'

2022-03-02 16:19:13 - [MESSAGE][PASSED] - Switched to window with index: '0'

2022-03-02 16:19:13 - [TEST_STEP][PASSED] - waitForElementPresent(findTestObject("Bento/Footer/NCI_Hplink"), 5): Object 'Object Repository/Bento/Footer/NCI_Hplink' is present

2022-03-02 16:19:13 - [MESSAGE][PASSED] - Object 'Object Repository/Bento/Footer/NCI_Hplink' is present

2022-03-02 16:19:13 - [TEST_STEP][PASSED] - ctdc.utilities.runtestcaseforKatalon.clickTab("Bento/Footer/NCI_Hplink"): ctdc.utilities.runtestcaseforKatalon.clickTab is PASSED

2022-03-02 16:19:13 - [MESSAGE][PASSED] - ctdc.utilities.runtestcaseforKatalon.clickTab is PASSED

2022-03-02 16:19:13 - [TEST_STEP][PASSED] - switchToWindowIndex(1): Switched to window with index: '1'

2022-03-02 16:19:13 - [MESSAGE][PASSED] - Switched to window with index: '1'

2022-03-02 16:19:13 - [TEST_STEP][PASSED] - waitForElementPresent(findTestObject("Bento/Footer/Externel_Apps/NCI_logo"), 5): Object 'Object Repository/Bento/Footer/Externel_Apps/NCI_logo' is present

2022-03-02 16:19:15 - [MESSAGE][PASSED] - Object 'Object Repository/Bento/Footer/Externel_Apps/NCI_logo' is present

2022-03-02 16:19:15 - [TEST_STEP][PASSED] - verifyElementPresent(findTestObject("Bento/Footer/Externel_Apps/NCI_logo"), 5): Object 'Object Repository/Bento/Footer/Externel_Apps/NCI_logo' is present

2022-03-02 16:19:15 - [MESSAGE][PASSED] - Object 'Object Repository/Bento/Footer/Externel_Apps/NCI_logo' is present

2022-03-02 16:19:15 - [TEST_STEP][PASSED] - closeWindowIndex(1): Window with index 1 is closed

2022-03-02 16:19:15 - [MESSAGE][PASSED] - Window with index 1 is closed

2022-03-02 16:19:15 - [TEST_STEP][PASSED] - switchToWindowIndex(0): Switched to window with index: '0'

2022-03-02 16:19:15 - [MESSAGE][PASSED] - Switched to window with index: '0'

2022-03-02 16:19:15 - [TEST_STEP][PASSED] - waitForElementPresent(findTestObject("Bento/Footer/USA_Hplink"), 5): Object 'Object Repository/Bento/Footer/USA_Hplink' is present

2022-03-02 16:19:15 - [MESSAGE][PASSED] - Object 'Object Repository/Bento/Footer/USA_Hplink' is present

2022-03-02 16:19:15 - [TEST_STEP][PASSED] - ctdc.utilities.runtestcaseforKatalon.clickTab("Bento/Footer/USA_Hplink"): ctdc.utilities.runtestcaseforKatalon.clickTab is PASSED

2022-03-02 16:19:15 - [MESSAGE][PASSED] - ctdc.utilities.runtestcaseforKatalon.clickTab is PASSED

2022-03-02 16:19:15 - [TEST_STEP][PASSED] - switchToWindowIndex(1): Switched to window with index: '1'

2022-03-02 16:19:15 - [MESSAGE][PASSED] - Switched to window with index: '1'

2022-03-02 16:19:15 - [TEST_STEP][PASSED] - waitForElementPresent(findTestObject("Bento/Footer/Externel_Apps/USA_logo"), 5): Object 'Object Repository/Bento/Footer/Externel_Apps/USA_logo' is present

2022-03-02 16:19:16 - [MESSAGE][PASSED] - Object 'Object Repository/Bento/Footer/Externel_Apps/USA_logo' is present

2022-03-02 16:19:16 - [TEST_STEP][PASSED] - verifyElementPresent(findTestObject("Bento/Footer/Externel_Apps/USA_logo"), 5): Object 'Object Repository/Bento/Footer/Externel_Apps/USA_logo' is present

2022-03-02 16:19:16 - [MESSAGE][PASSED] - Object 'Object Repository/Bento/Footer/Externel_Apps/USA_logo' is present

2022-03-02 16:19:16 - [TEST_STEP][PASSED] - closeWindowIndex(1): Window with index 1 is closed

2022-03-02 16:19:16 - [MESSAGE][PASSED] - Window with index 1 is closed

2022-03-02 16:19:16 - [TEST_STEP][PASSED] - switchToWindowIndex(0): Switched to window with index: '0'

2022-03-02 16:19:16 - [MESSAGE][PASSED] - Switched to window with index: '0'

2022-03-02 16:19:16 - [TEST_STEP][PASSED] - delay(3): Delayed 3 second(s)

2022-03-02 16:19:19 - [MESSAGE][PASSED] - Delayed 3 second(s)]]></system-out>
         <system-err><![CDATA[]]></system-err>
      </testcase>
      <testcase name="Test Cases/Bento_TestCases/Chemotherapy/TC12_Bento_Filter_Chemo-StandardAcWithTaxane" time="40.169" classname="Test Cases/Bento_TestCases/Chemotherapy/TC12_Bento_Filter_Chemo-StandardAcWithTaxane" status="ERROR">
         <error type="ERROR" message="Test Cases/Bento_TestCases/Chemotherapy/TC12_Bento_Filter_Chemo-StandardAcWithTaxane FAILED.
Reason:
java.lang.IllegalArgumentException: The workbook already contains a sheet named 'WebDataCases'
	at org.apache.poi.xssf.usermodel.XSSFWorkbook.validateSheetName(XSSFWorkbook.java:890)
	at org.apache.poi.xssf.usermodel.XSSFWorkbook.createSheet(XSSFWorkbook.java:843)
	at org.apache.poi.xssf.usermodel.XSSFWorkbook.createSheet(XSSFWorkbook.java:122)
	at org.apache.poi.ss.usermodel.Workbook$createSheet$1.call(Unknown Source)
	at ctdc.utilities.runtestcaseforKatalon.writeToExcel(runtestcaseforKatalon.groovy:893)
	at ctdc.utilities.runtestcaseforKatalon.ReadCasesTableKatalon(runtestcaseforKatalon.groovy:777)
	at ctdc.utilities.runtestcaseforKatalon.multiFunction(runtestcaseforKatalon.groovy:261)
	at ctdc.utilities.runtestcaseforKatalon.invokeMethod(runtestcaseforKatalon.groovy)
	at com.kms.katalon.core.main.CustomKeywordDelegatingMetaClass.invokeStaticMethod(CustomKeywordDelegatingMetaClass.java:50)
	at TC12_Bento_Filter_Chemo-StandardAcWithTaxane.run(TC12_Bento_Filter_Chemo-StandardAcWithTaxane:63)
	at com.kms.katalon.core.main.ScriptEngine.run(ScriptEngine.java:194)
	at com.kms.katalon.core.main.ScriptEngine.runScriptAsRawText(ScriptEngine.java:119)
	at com.kms.katalon.core.main.TestCaseExecutor.runScript(TestCaseExecutor.java:442)
	at com.kms.katalon.core.main.TestCaseExecutor.doExecute(TestCaseExecutor.java:433)
	at com.kms.katalon.core.main.TestCaseExecutor.processExecutionPhase(TestCaseExecutor.java:412)
	at com.kms.katalon.core.main.TestCaseExecutor.accessMainPhase(TestCaseExecutor.java:404)
	at com.kms.katalon.core.main.TestCaseExecutor.execute(TestCaseExecutor.java:281)
	at com.kms.katalon.core.main.TestSuiteExecutor.accessTestCaseMainPhase(TestSuiteExecutor.java:202)
	at com.kms.katalon.core.main.TestSuiteExecutor.accessTestSuiteMainPhase(TestSuiteExecutor.java:164)
	at com.kms.katalon.core.main.TestSuiteExecutor.execute(TestSuiteExecutor.java:105)
	at com.kms.katalon.core.main.TestCaseMain.startTestSuite(TestCaseMain.java:181)
	at com.kms.katalon.core.main.TestCaseMain$startTestSuite$0.call(Unknown Source)
	at TempTestSuite1646252818922.run(TempTestSuite1646252818922.groovy:36)
"/>
         <system-out><![CDATA[2022-03-02 16:19:19 - [TEST_CASE][ERROR] - Test Cases/Bento_TestCases/Chemotherapy/TC12_Bento_Filter_Chemo-StandardAcWithTaxane: Test Cases/Bento_TestCases/Chemotherapy/TC12_Bento_Filter_Chemo-StandardAcWithTaxane FAILED.
Reason:
java.lang.IllegalArgumentException: The workbook already contains a sheet named 'WebDataCases'
	at org.apache.poi.xssf.usermodel.XSSFWorkbook.validateSheetName(XSSFWorkbook.java:890)
	at org.apache.poi.xssf.usermodel.XSSFWorkbook.createSheet(XSSFWorkbook.java:843)
	at org.apache.poi.xssf.usermodel.XSSFWorkbook.createSheet(XSSFWorkbook.java:122)
	at org.apache.poi.ss.usermodel.Workbook$createSheet$1.call(Unknown Source)
	at ctdc.utilities.runtestcaseforKatalon.writeToExcel(runtestcaseforKatalon.groovy:893)
	at ctdc.utilities.runtestcaseforKatalon.ReadCasesTableKatalon(runtestcaseforKatalon.groovy:777)
	at ctdc.utilities.runtestcaseforKatalon.multiFunction(runtestcaseforKatalon.groovy:261)
	at ctdc.utilities.runtestcaseforKatalon.invokeMethod(runtestcaseforKatalon.groovy)
	at com.kms.katalon.core.main.CustomKeywordDelegatingMetaClass.invokeStaticMethod(CustomKeywordDelegatingMetaClass.java:50)
	at TC12_Bento_Filter_Chemo-StandardAcWithTaxane.run(TC12_Bento_Filter_Chemo-StandardAcWithTaxane:63)
	at com.kms.katalon.core.main.ScriptEngine.run(ScriptEngine.java:194)
	at com.kms.katalon.core.main.ScriptEngine.runScriptAsRawText(ScriptEngine.java:119)
	at com.kms.katalon.core.main.TestCaseExecutor.runScript(TestCaseExecutor.java:442)
	at com.kms.katalon.core.main.TestCaseExecutor.doExecute(TestCaseExecutor.java:433)
	at com.kms.katalon.core.main.TestCaseExecutor.processExecutionPhase(TestCaseExecutor.java:412)
	at com.kms.katalon.core.main.TestCaseExecutor.accessMainPhase(TestCaseExecutor.java:404)
	at com.kms.katalon.core.main.TestCaseExecutor.execute(TestCaseExecutor.java:281)
	at com.kms.katalon.core.main.TestSuiteExecutor.accessTestCaseMainPhase(TestSuiteExecutor.java:202)
	at com.kms.katalon.core.main.TestSuiteExecutor.accessTestSuiteMainPhase(TestSuiteExecutor.java:164)
	at com.kms.katalon.core.main.TestSuiteExecutor.execute(TestSuiteExecutor.java:105)
	at com.kms.katalon.core.main.TestCaseMain.startTestSuite(TestCaseMain.java:181)
	at com.kms.katalon.core.main.TestCaseMain$startTestSuite$0.call(Unknown Source)
	at TempTestSuite1646252818922.run(TempTestSuite1646252818922.groovy:36)


2022-03-02 16:19:19 - [TEST_STEP][PASSED] - Start listener action : getTestScriptName: null

2022-03-02 16:19:19 - [TEST_STEP][PASSED] - TestCaseId = testCaseContext.getTestCaseId(): null

2022-03-02 16:19:19 - [TEST_STEP][PASSED] - out.println("**********this is the value of test case id string******** " + testCaseContext.getTestCaseId()): null

2022-03-02 16:19:19 - [TEST_STEP][PASSED] - G_currentTCName = TestCaseId.substring(TestCaseId.lastIndexOf("TC")): null

2022-03-02 16:19:19 - [TEST_STEP][PASSED] - out.println("This is the test case name : " + G_currentTCName): null

2022-03-02 16:19:19 - [TEST_STEP][PASSED] - closeBrowser(): Browser is closed

2022-03-02 16:19:20 - [MESSAGE][PASSED] - Browser is closed

2022-03-02 16:19:20 - [TEST_STEP][PASSED] - ctdc.utilities.runtestcaseforKatalon.RunKatalon("TC12_Bento_Filter_Chemo-StandardAcWithTaxane.xlsx"): Data loaded from input file for the test case. 

2022-03-02 16:19:20 - [MESSAGE][PASSED] - Test case file loaded This is the full filepath after converting to string :C:\Users\sohilz2\Commons_Automation\InputFiles\TC12_Bento_Filter_Chemo-StandardAcWithTaxane.xlsx

2022-03-02 16:19:20 - [MESSAGE][INFO] - Global variable set for password file is :  C:\Users\sohilz2\Commons_Automation\InputFiles\TC12_Bento_Filter_Chemo-StandardAcWithTaxane.xlsx

2022-03-02 16:19:24 - [MESSAGE][PASSED] - Data loaded from input file for the test case. 

2022-03-02 16:19:31 - [TEST_STEP][PASSED] - waitForElementClickable(findTestObject("Object Repository/Bento/NavBar/Bento_Cases-Btn"), 5): Object 'Object Repository/Bento/NavBar/Bento_Cases-Btn' is clickable

2022-03-02 16:19:31 - [MESSAGE][PASSED] - Object 'Object Repository/Bento/NavBar/Bento_Cases-Btn' is clickable

2022-03-02 16:19:31 - [TEST_STEP][PASSED] - ctdc.utilities.runtestcaseforKatalon.clickTab("Object Repository/Bento/NavBar/Bento_Cases-Btn"): ctdc.utilities.runtestcaseforKatalon.clickTab is PASSED

2022-03-02 16:19:31 - [MESSAGE][PASSED] - ctdc.utilities.runtestcaseforKatalon.clickTab is PASSED

2022-03-02 16:19:31 - [TEST_STEP][PASSED] - waitForElementClickable(findTestObject("Bento/Cases_page/Filter/FilterByCases_Facet"), 5): Object 'Object Repository/Bento/Cases_page/Filter/FilterByCases_Facet' is clickable

2022-03-02 16:19:32 - [MESSAGE][PASSED] - Object 'Object Repository/Bento/Cases_page/Filter/FilterByCases_Facet' is clickable

2022-03-02 16:19:32 - [TEST_STEP][PASSED] - ctdc.utilities.runtestcaseforKatalon.clickTab("Bento/Cases_page/Filter/FilterByCases_Facet"): ctdc.utilities.runtestcaseforKatalon.clickTab is PASSED

2022-03-02 16:19:32 - [MESSAGE][PASSED] - ctdc.utilities.runtestcaseforKatalon.clickTab is PASSED

2022-03-02 16:19:32 - [TEST_STEP][PASSED] - waitForElementClickable(findTestObject("Bento/Cases_page/Filter/Chemotherapy/Chemotherapy_Ddn"), 5): Object 'Object Repository/Bento/Cases_page/Filter/Chemotherapy/Chemotherapy_Ddn' is clickable

2022-03-02 16:19:32 - [MESSAGE][PASSED] - Object 'Object Repository/Bento/Cases_page/Filter/Chemotherapy/Chemotherapy_Ddn' is clickable

2022-03-02 16:19:32 - [TEST_STEP][PASSED] - ctdc.utilities.runtestcaseforKatalon.clickTab("Bento/Cases_page/Filter/Chemotherapy/Chemotherapy_Ddn"): ctdc.utilities.runtestcaseforKatalon.clickTab is PASSED

2022-03-02 16:19:32 - [MESSAGE][PASSED] - ctdc.utilities.runtestcaseforKatalon.clickTab is PASSED

2022-03-02 16:19:32 - [TEST_STEP][PASSED] - ctdc.utilities.runtestcaseforKatalon.clickTab("Object Repository/Bento/Cases_page/Filter/Chemotherapy/StdACFollowedByTaxane_Chkbx"): ctdc.utilities.runtestcaseforKatalon.clickTab is PASSED

2022-03-02 16:19:33 - [MESSAGE][PASSED] - ctdc.utilities.runtestcaseforKatalon.clickTab is PASSED

2022-03-02 16:19:33 - [TEST_STEP][PASSED] - ctdc.utilities.runtestcaseforKatalon.clickTab("Object Repository/Bento/Cases_page/Filter/Chemotherapy/Chemotherapy_Ddn"): ctdc.utilities.runtestcaseforKatalon.clickTab is PASSED

2022-03-02 16:19:33 - [MESSAGE][PASSED] - ctdc.utilities.runtestcaseforKatalon.clickTab is PASSED

2022-03-02 16:19:33 - [TEST_STEP][PASSED] - ctdc.utilities.runtestcaseforKatalon.readStatBarBento("Object Repository/Bento/StatBar/Bento_StatBar-Programs", "Object Repository/Bento/StatBar/Bento_StatBar-Arms", "Object Repository/Bento/StatBar/Bento_StatBar-Cases", "Object Repository/Bento/StatBar/Bento_StatBar-Samples", "Object Repository/Bento/StatBar/Bento_StatBar-Assays", "Object Repository/Bento/StatBar/Bento_StatBar-Files"): ctdc.utilities.runtestcaseforKatalon.readStatBarBento is PASSED

2022-03-02 16:19:42 - [MESSAGE][PASSED] - ctdc.utilities.runtestcaseforKatalon.readStatBarBento is PASSED

2022-03-02 16:19:42 - [TEST_STEP][PASSED] - waitForElementPresent(findTestObject("Object Repository/Bento/Cases_page/BentoResults_Cases_Tab"), 5): Object 'Object Repository/Bento/Cases_page/BentoResults_Cases_Tab' is present

2022-03-02 16:19:42 - [MESSAGE][PASSED] - Object 'Object Repository/Bento/Cases_page/BentoResults_Cases_Tab' is present

2022-03-02 16:19:42 - [TEST_STEP][PASSED] - ctdc.utilities.runtestcaseforKatalon.clickTab("Object Repository/Bento/Cases_page/BentoResults_Cases_Tab"): ctdc.utilities.runtestcaseforKatalon.clickTab is PASSED

2022-03-02 16:19:42 - [MESSAGE][PASSED] - ctdc.utilities.runtestcaseforKatalon.clickTab is PASSED

2022-03-02 16:19:42 - [TEST_STEP][ERROR] - ctdc.utilities.runtestcaseforKatalon.multiFunction("Bento", G_StatBar_Cases, "Object Repository/Bento/Cases_page/Bento_CasesTable", "Object Repository/Bento/Cases_page/Bento_CasesTableHeader", "Object Repository/Bento/Cases_page/Bento_CasesTabNextBtn", G_WebTabnameCases, G_CypherTabnameCases, G_QueryCasesTab): Test Cases/Bento_TestCases/Chemotherapy/TC12_Bento_Filter_Chemo-StandardAcWithTaxane FAILED.
Reason:
com.kms.katalon.core.exception.StepErrorException: java.lang.IllegalArgumentException: The workbook already contains a sheet named 'WebDataCases'
	at com.kms.katalon.core.main.CustomKeywordDelegatingMetaClass.throwError(CustomKeywordDelegatingMetaClass.java:96)
	at com.kms.katalon.core.main.CustomKeywordDelegatingMetaClass.invokeStaticMethod(CustomKeywordDelegatingMetaClass.java:68)
	at TC12_Bento_Filter_Chemo-StandardAcWithTaxane.run(TC12_Bento_Filter_Chemo-StandardAcWithTaxane:63)
	at com.kms.katalon.core.main.ScriptEngine.run(ScriptEngine.java:194)
	at com.kms.katalon.core.main.ScriptEngine.runScriptAsRawText(ScriptEngine.java:119)
	at com.kms.katalon.core.main.TestCaseExecutor.runScript(TestCaseExecutor.java:442)
	at com.kms.katalon.core.main.TestCaseExecutor.doExecute(TestCaseExecutor.java:433)
	at com.kms.katalon.core.main.TestCaseExecutor.processExecutionPhase(TestCaseExecutor.java:412)
	at com.kms.katalon.core.main.TestCaseExecutor.accessMainPhase(TestCaseExecutor.java:404)
	at com.kms.katalon.core.main.TestCaseExecutor.execute(TestCaseExecutor.java:281)
	at com.kms.katalon.core.main.TestSuiteExecutor.accessTestCaseMainPhase(TestSuiteExecutor.java:202)
	at com.kms.katalon.core.main.TestSuiteExecutor.accessTestSuiteMainPhase(TestSuiteExecutor.java:164)
	at com.kms.katalon.core.main.TestSuiteExecutor.execute(TestSuiteExecutor.java:105)
	at com.kms.katalon.core.main.TestCaseMain.startTestSuite(TestCaseMain.java:181)
	at com.kms.katalon.core.main.TestCaseMain$startTestSuite$0.call(Unknown Source)
	at TempTestSuite1646252818922.run(TempTestSuite1646252818922.groovy:36)
Caused by: java.lang.IllegalArgumentException: The workbook already contains a sheet named 'WebDataCases'
	at org.apache.poi.xssf.usermodel.XSSFWorkbook.validateSheetName(XSSFWorkbook.java:890)
	at org.apache.poi.xssf.usermodel.XSSFWorkbook.createSheet(XSSFWorkbook.java:843)
	at org.apache.poi.xssf.usermodel.XSSFWorkbook.createSheet(XSSFWorkbook.java:122)
	at org.apache.poi.ss.usermodel.Workbook$createSheet$1.call(Unknown Source)
	at ctdc.utilities.runtestcaseforKatalon.writeToExcel(runtestcaseforKatalon.groovy:893)
	at ctdc.utilities.runtestcaseforKatalon.ReadCasesTableKatalon(runtestcaseforKatalon.groovy:777)
	at ctdc.utilities.runtestcaseforKatalon.multiFunction(runtestcaseforKatalon.groovy:261)
	at ctdc.utilities.runtestcaseforKatalon.invokeMethod(runtestcaseforKatalon.groovy)
	at com.kms.katalon.core.main.CustomKeywordDelegatingMetaClass.invokeStaticMethod(CustomKeywordDelegatingMetaClass.java:50)
	... 14 more


2022-03-02 16:19:59 - [MESSAGE][ERROR] - The workbook already contains a sheet named 'WebDataCases'

2022-03-02 16:19:59 - [MESSAGE][ERROR] - Test Cases/Bento_TestCases/Chemotherapy/TC12_Bento_Filter_Chemo-StandardAcWithTaxane FAILED.
Reason:
com.kms.katalon.core.exception.StepErrorException: java.lang.IllegalArgumentException: The workbook already contains a sheet named 'WebDataCases'
	at com.kms.katalon.core.main.CustomKeywordDelegatingMetaClass.throwError(CustomKeywordDelegatingMetaClass.java:96)
	at com.kms.katalon.core.main.CustomKeywordDelegatingMetaClass.invokeStaticMethod(CustomKeywordDelegatingMetaClass.java:68)
	at TC12_Bento_Filter_Chemo-StandardAcWithTaxane.run(TC12_Bento_Filter_Chemo-StandardAcWithTaxane:63)
	at com.kms.katalon.core.main.ScriptEngine.run(ScriptEngine.java:194)
	at com.kms.katalon.core.main.ScriptEngine.runScriptAsRawText(ScriptEngine.java:119)
	at com.kms.katalon.core.main.TestCaseExecutor.runScript(TestCaseExecutor.java:442)
	at com.kms.katalon.core.main.TestCaseExecutor.doExecute(TestCaseExecutor.java:433)
	at com.kms.katalon.core.main.TestCaseExecutor.processExecutionPhase(TestCaseExecutor.java:412)
	at com.kms.katalon.core.main.TestCaseExecutor.accessMainPhase(TestCaseExecutor.java:404)
	at com.kms.katalon.core.main.TestCaseExecutor.execute(TestCaseExecutor.java:281)
	at com.kms.katalon.core.main.TestSuiteExecutor.accessTestCaseMainPhase(TestSuiteExecutor.java:202)
	at com.kms.katalon.core.main.TestSuiteExecutor.accessTestSuiteMainPhase(TestSuiteExecutor.java:164)
	at com.kms.katalon.core.main.TestSuiteExecutor.execute(TestSuiteExecutor.java:105)
	at com.kms.katalon.core.main.TestCaseMain.startTestSuite(TestCaseMain.java:181)
	at com.kms.katalon.core.main.TestCaseMain$startTestSuite$0.call(Unknown Source)
	at TempTestSuite1646252818922.run(TempTestSuite1646252818922.groovy:36)
Caused by: java.lang.IllegalArgumentException: The workbook already contains a sheet named 'WebDataCases'
	at org.apache.poi.xssf.usermodel.XSSFWorkbook.validateSheetName(XSSFWorkbook.java:890)
	at org.apache.poi.xssf.usermodel.XSSFWorkbook.createSheet(XSSFWorkbook.java:843)
	at org.apache.poi.xssf.usermodel.XSSFWorkbook.createSheet(XSSFWorkbook.java:122)
	at org.apache.poi.ss.usermodel.Workbook$createSheet$1.call(Unknown Source)
	at ctdc.utilities.runtestcaseforKatalon.writeToExcel(runtestcaseforKatalon.groovy:893)
	at ctdc.utilities.runtestcaseforKatalon.ReadCasesTableKatalon(runtestcaseforKatalon.groovy:777)
	at ctdc.utilities.runtestcaseforKatalon.multiFunction(runtestcaseforKatalon.groovy:261)
	at ctdc.utilities.runtestcaseforKatalon.invokeMethod(runtestcaseforKatalon.groovy)
	at com.kms.katalon.core.main.CustomKeywordDelegatingMetaClass.invokeStaticMethod(CustomKeywordDelegatingMetaClass.java:50)
	... 14 more]]></system-out>
         <system-err><![CDATA[2022-03-02 16:19:19 - [TEST_CASE][ERROR] - Test Cases/Bento_TestCases/Chemotherapy/TC12_Bento_Filter_Chemo-StandardAcWithTaxane: Test Cases/Bento_TestCases/Chemotherapy/TC12_Bento_Filter_Chemo-StandardAcWithTaxane FAILED.
Reason:
java.lang.IllegalArgumentException: The workbook already contains a sheet named 'WebDataCases'
	at org.apache.poi.xssf.usermodel.XSSFWorkbook.validateSheetName(XSSFWorkbook.java:890)
	at org.apache.poi.xssf.usermodel.XSSFWorkbook.createSheet(XSSFWorkbook.java:843)
	at org.apache.poi.xssf.usermodel.XSSFWorkbook.createSheet(XSSFWorkbook.java:122)
	at org.apache.poi.ss.usermodel.Workbook$createSheet$1.call(Unknown Source)
	at ctdc.utilities.runtestcaseforKatalon.writeToExcel(runtestcaseforKatalon.groovy:893)
	at ctdc.utilities.runtestcaseforKatalon.ReadCasesTableKatalon(runtestcaseforKatalon.groovy:777)
	at ctdc.utilities.runtestcaseforKatalon.multiFunction(runtestcaseforKatalon.groovy:261)
	at ctdc.utilities.runtestcaseforKatalon.invokeMethod(runtestcaseforKatalon.groovy)
	at com.kms.katalon.core.main.CustomKeywordDelegatingMetaClass.invokeStaticMethod(CustomKeywordDelegatingMetaClass.java:50)
	at TC12_Bento_Filter_Chemo-StandardAcWithTaxane.run(TC12_Bento_Filter_Chemo-StandardAcWithTaxane:63)
	at com.kms.katalon.core.main.ScriptEngine.run(ScriptEngine.java:194)
	at com.kms.katalon.core.main.ScriptEngine.runScriptAsRawText(ScriptEngine.java:119)
	at com.kms.katalon.core.main.TestCaseExecutor.runScript(TestCaseExecutor.java:442)
	at com.kms.katalon.core.main.TestCaseExecutor.doExecute(TestCaseExecutor.java:433)
	at com.kms.katalon.core.main.TestCaseExecutor.processExecutionPhase(TestCaseExecutor.java:412)
	at com.kms.katalon.core.main.TestCaseExecutor.accessMainPhase(TestCaseExecutor.java:404)
	at com.kms.katalon.core.main.TestCaseExecutor.execute(TestCaseExecutor.java:281)
	at com.kms.katalon.core.main.TestSuiteExecutor.accessTestCaseMainPhase(TestSuiteExecutor.java:202)
	at com.kms.katalon.core.main.TestSuiteExecutor.accessTestSuiteMainPhase(TestSuiteExecutor.java:164)
	at com.kms.katalon.core.main.TestSuiteExecutor.execute(TestSuiteExecutor.java:105)
	at com.kms.katalon.core.main.TestCaseMain.startTestSuite(TestCaseMain.java:181)
	at com.kms.katalon.core.main.TestCaseMain$startTestSuite$0.call(Unknown Source)
	at TempTestSuite1646252818922.run(TempTestSuite1646252818922.groovy:36)]]></system-err>
      </testcase>
      <system-out><![CDATA[2022-03-02 15:27:02 - [TEST_SUITE][ERROR] - Bento_Partial_Regression: Test Cases/Bento_TestCases/Chemotherapy/TC12_Bento_Filter_Chemo-StandardAcWithTaxane FAILED.
Reason:
java.lang.IllegalArgumentException: The workbook already contains a sheet named 'WebDataCases'
	at org.apache.poi.xssf.usermodel.XSSFWorkbook.validateSheetName(XSSFWorkbook.java:890)
	at org.apache.poi.xssf.usermodel.XSSFWorkbook.createSheet(XSSFWorkbook.java:843)
	at org.apache.poi.xssf.usermodel.XSSFWorkbook.createSheet(XSSFWorkbook.java:122)
	at org.apache.poi.ss.usermodel.Workbook$createSheet$1.call(Unknown Source)
	at ctdc.utilities.runtestcaseforKatalon.writeToExcel(runtestcaseforKatalon.groovy:893)
	at ctdc.utilities.runtestcaseforKatalon.ReadCasesTableKatalon(runtestcaseforKatalon.groovy:777)
	at ctdc.utilities.runtestcaseforKatalon.multiFunction(runtestcaseforKatalon.groovy:261)
	at ctdc.utilities.runtestcaseforKatalon.invokeMethod(runtestcaseforKatalon.groovy)
	at com.kms.katalon.core.main.CustomKeywordDelegatingMetaClass.invokeStaticMethod(CustomKeywordDelegatingMetaClass.java:50)
	at TC12_Bento_Filter_Chemo-StandardAcWithTaxane.run(TC12_Bento_Filter_Chemo-StandardAcWithTaxane:63)
	at com.kms.katalon.core.main.ScriptEngine.run(ScriptEngine.java:194)
	at com.kms.katalon.core.main.ScriptEngine.runScriptAsRawText(ScriptEngine.java:119)
	at com.kms.katalon.core.main.TestCaseExecutor.runScript(TestCaseExecutor.java:442)
	at com.kms.katalon.core.main.TestCaseExecutor.doExecute(TestCaseExecutor.java:433)
	at com.kms.katalon.core.main.TestCaseExecutor.processExecutionPhase(TestCaseExecutor.java:412)
	at com.kms.katalon.core.main.TestCaseExecutor.accessMainPhase(TestCaseExecutor.java:404)
	at com.kms.katalon.core.main.TestCaseExecutor.execute(TestCaseExecutor.java:281)
	at com.kms.katalon.core.main.TestSuiteExecutor.accessTestCaseMainPhase(TestSuiteExecutor.java:202)
	at com.kms.katalon.core.main.TestSuiteExecutor.accessTestSuiteMainPhase(TestSuiteExecutor.java:164)
	at com.kms.katalon.core.main.TestSuiteExecutor.execute(TestSuiteExecutor.java:105)
	at com.kms.katalon.core.main.TestCaseMain.startTestSuite(TestCaseMain.java:181)
	at com.kms.katalon.core.main.TestCaseMain$startTestSuite$0.call(Unknown Source)
	at TempTestSuite1646252818922.run(TempTestSuite1646252818922.groovy:36)]]></system-out>
      <system-err><![CDATA[2022-03-02 15:27:02 - [TEST_SUITE][ERROR] - Bento_Partial_Regression: Test Cases/Bento_TestCases/Chemotherapy/TC12_Bento_Filter_Chemo-StandardAcWithTaxane FAILED.
Reason:
java.lang.IllegalArgumentException: The workbook already contains a sheet named 'WebDataCases'
	at org.apache.poi.xssf.usermodel.XSSFWorkbook.validateSheetName(XSSFWorkbook.java:890)
	at org.apache.poi.xssf.usermodel.XSSFWorkbook.createSheet(XSSFWorkbook.java:843)
	at org.apache.poi.xssf.usermodel.XSSFWorkbook.createSheet(XSSFWorkbook.java:122)
	at org.apache.poi.ss.usermodel.Workbook$createSheet$1.call(Unknown Source)
	at ctdc.utilities.runtestcaseforKatalon.writeToExcel(runtestcaseforKatalon.groovy:893)
	at ctdc.utilities.runtestcaseforKatalon.ReadCasesTableKatalon(runtestcaseforKatalon.groovy:777)
	at ctdc.utilities.runtestcaseforKatalon.multiFunction(runtestcaseforKatalon.groovy:261)
	at ctdc.utilities.runtestcaseforKatalon.invokeMethod(runtestcaseforKatalon.groovy)
	at com.kms.katalon.core.main.CustomKeywordDelegatingMetaClass.invokeStaticMethod(CustomKeywordDelegatingMetaClass.java:50)
	at TC12_Bento_Filter_Chemo-StandardAcWithTaxane.run(TC12_Bento_Filter_Chemo-StandardAcWithTaxane:63)
	at com.kms.katalon.core.main.ScriptEngine.run(ScriptEngine.java:194)
	at com.kms.katalon.core.main.ScriptEngine.runScriptAsRawText(ScriptEngine.java:119)
	at com.kms.katalon.core.main.TestCaseExecutor.runScript(TestCaseExecutor.java:442)
	at com.kms.katalon.core.main.TestCaseExecutor.doExecute(TestCaseExecutor.java:433)
	at com.kms.katalon.core.main.TestCaseExecutor.processExecutionPhase(TestCaseExecutor.java:412)
	at com.kms.katalon.core.main.TestCaseExecutor.accessMainPhase(TestCaseExecutor.java:404)
	at com.kms.katalon.core.main.TestCaseExecutor.execute(TestCaseExecutor.java:281)
	at com.kms.katalon.core.main.TestSuiteExecutor.accessTestCaseMainPhase(TestSuiteExecutor.java:202)
	at com.kms.katalon.core.main.TestSuiteExecutor.accessTestSuiteMainPhase(TestSuiteExecutor.java:164)
	at com.kms.katalon.core.main.TestSuiteExecutor.execute(TestSuiteExecutor.java:105)
	at com.kms.katalon.core.main.TestCaseMain.startTestSuite(TestCaseMain.java:181)
	at com.kms.katalon.core.main.TestCaseMain$startTestSuite$0.call(Unknown Source)
	at TempTestSuite1646252818922.run(TempTestSuite1646252818922.groovy:36)]]></system-err>
   </testsuite>
</testsuites>
